<?xml version="1.0" encoding="UTF-8"?>
<testsuite xmlns:xsi="http://www.w3.org/2001/XMLSchema-instance" xsi:noNamespaceSchemaLocation="https://maven.apache.org/surefire/maven-surefire-plugin/xsd/surefire-test-report-3.0.xsd" version="3.0" name="org.apache.hadoop.hdds.scm.pipeline.TestRatisPipelineCreateAndDestroy" time="155.254" tests="3" errors="1" skipped="0" failures="0">
  <properties>
    <property name="awt.toolkit" value="sun.awt.X11.XToolkit"/>
    <property name="file.encoding.pkg" value="sun.io"/>
    <property name="java.specification.version" value="1.8"/>
    <property name="sun.cpu.isalist" value=""/>
    <property name="sun.jnu.encoding" value="UTF-8"/>
    <property name="java.class.path" value="/home/runner/work/ozone/ozone/hadoop-ozone/integration-test/target/test-classes:/home/runner/work/ozone/ozone/hadoop-ozone/integration-test/target/classes:/home/runner/.m2/repository/org/apache/ozone/ozone-common/1.3.0-SNAPSHOT/ozone-common-1.3.0-SNAPSHOT.jar:/home/runner/.m2/repository/io/grpc/grpc-netty/1.48.1/grpc-netty-1.48.1.jar:/home/runner/.m2/repository/io/grpc/grpc-core/1.48.1/grpc-core-1.48.1.jar:/home/runner/.m2/repository/com/google/android/annotations/4.1.1.4/annotations-4.1.1.4.jar:/home/runner/.m2/repository/org/codehaus/mojo/animal-sniffer-annotations/1.21/animal-sniffer-annotations-1.21.jar:/home/runner/.m2/repository/com/google/errorprone/error_prone_annotations/2.2.0/error_prone_annotations-2.2.0.jar:/home/runner/.m2/repository/io/perfmark/perfmark-api/0.25.0/perfmark-api-0.25.0.jar:/home/runner/.m2/repository/io/netty/netty-codec-http2/4.1.79.Final/netty-codec-http2-4.1.79.Final.jar:/home/runner/.m2/repository/io/netty/netty-common/4.1.79.Final/netty-common-4.1.79.Final.jar:/home/runner/.m2/repository/io/netty/netty-buffer/4.1.79.Final/netty-buffer-4.1.79.Final.jar:/home/runner/.m2/repository/io/netty/netty-codec-http/4.1.79.Final/netty-codec-http-4.1.79.Final.jar:/home/runner/.m2/repository/io/netty/netty-handler-proxy/4.1.79.Final/netty-handler-proxy-4.1.79.Final.jar:/home/runner/.m2/repository/io/netty/netty-codec-socks/4.1.79.Final/netty-codec-socks-4.1.79.Final.jar:/home/runner/.m2/repository/io/netty/netty-tcnative-boringssl-static/2.0.53.Final/netty-tcnative-boringssl-static-2.0.53.Final.jar:/home/runner/.m2/repository/io/netty/netty-tcnative-classes/2.0.53.Final/netty-tcnative-classes-2.0.53.Final.jar:/home/runner/.m2/repository/io/netty/netty-tcnative-boringssl-static/2.0.53.Final/netty-tcnative-boringssl-static-2.0.53.Final-linux-x86_64.jar:/home/runner/.m2/repository/io/netty/netty-tcnative-boringssl-static/2.0.53.Final/netty-tcnative-boringssl-static-2.0.53.Final-linux-aarch_64.jar:/home/runner/.m2/repository/io/netty/netty-tcnative-boringssl-static/2.0.53.Final/netty-tcnative-boringssl-static-2.0.53.Final-osx-x86_64.jar:/home/runner/.m2/repository/io/netty/netty-tcnative-boringssl-static/2.0.53.Final/netty-tcnative-boringssl-static-2.0.53.Final-osx-aarch_64.jar:/home/runner/.m2/repository/io/netty/netty-tcnative-boringssl-static/2.0.53.Final/netty-tcnative-boringssl-static-2.0.53.Final-windows-x86_64.jar:/home/runner/.m2/repository/org/apache/commons/commons-compress/1.21/commons-compress-1.21.jar:/home/runner/.m2/repository/org/apache/ozone/hdds-common/1.3.0-SNAPSHOT/hdds-common-1.3.0-SNAPSHOT.jar:/home/runner/.m2/repository/org/apache/ozone/hdds-client/1.3.0-SNAPSHOT/hdds-client-1.3.0-SNAPSHOT.jar:/home/runner/.m2/repository/org/apache/ozone/ozone-interface-client/1.3.0-SNAPSHOT/ozone-interface-client-1.3.0-SNAPSHOT.jar:/home/runner/.m2/repository/org/apache/ozone/hdds-test-utils/1.3.0-SNAPSHOT/hdds-test-utils-1.3.0-SNAPSHOT.jar:/home/runner/.m2/repository/com/google/guava/guava/31.1-jre/guava-31.1-jre.jar:/home/runner/.m2/repository/com/google/guava/failureaccess/1.0.1/failureaccess-1.0.1.jar:/home/runner/.m2/repository/com/google/guava/listenablefuture/9999.0-empty-to-avoid-conflict-with-guava/listenablefuture-9999.0-empty-to-avoid-conflict-with-guava.jar:/home/runner/.m2/repository/com/google/code/findbugs/jsr305/3.0.0/jsr305-3.0.0.jar:/home/runner/.m2/repository/org/checkerframework/checker-qual/3.12.0/checker-qual-3.12.0.jar:/home/runner/.m2/repository/com/google/j2objc/j2objc-annotations/1.3/j2objc-annotations-1.3.jar:/home/runner/.m2/repository/commons-io/commons-io/2.11.0/commons-io-2.11.0.jar:/home/runner/.m2/repository/commons-logging/commons-logging/1.2/commons-logging-1.2.jar:/home/runner/.m2/repository/ch/qos/reload4j/reload4j/1.2.22/reload4j-1.2.22.jar:/home/runner/.m2/repository/org/slf4j/slf4j-api/1.7.36/slf4j-api-1.7.36.jar:/home/runner/.m2/repository/org/apache/ozone/hdds-server-scm/1.3.0-SNAPSHOT/hdds-server-scm-1.3.0-SNAPSHOT.jar:/home/runner/.m2/repository/org/apache/ozone/hdds-container-service/1.3.0-SNAPSHOT/hdds-container-service-1.3.0-SNAPSHOT.jar:/home/runner/.m2/repository/org/apache/ozone/hdds-hadoop-dependency-server/1.3.0-SNAPSHOT/hdds-hadoop-dependency-server-1.3.0-SNAPSHOT.jar:/home/runner/.m2/repository/org/apache/hadoop/hadoop-hdfs/3.3.4/hadoop-hdfs-3.3.4.jar:/home/runner/.m2/repository/org/eclipse/jetty/jetty-util-ajax/9.4.49.v20220914/jetty-util-ajax-9.4.49.v20220914.jar:/home/runner/.m2/repository/commons-daemon/commons-daemon/1.0.13/commons-daemon-1.0.13.jar:/home/runner/.m2/repository/org/apache/ozone/hdds-server-framework/1.3.0-SNAPSHOT/hdds-server-framework-1.3.0-SNAPSHOT.jar:/home/runner/.m2/repository/org/apache/ozone/hdds-interface-server/1.3.0-SNAPSHOT/hdds-interface-server-1.3.0-SNAPSHOT.jar:/home/runner/.m2/repository/org/apache/commons/commons-configuration2/2.1.1/commons-configuration2-2.1.1.jar:/home/runner/.m2/repository/org/apache/logging/log4j/log4j-core/2.17.1/log4j-core-2.17.1.jar:/home/runner/.m2/repository/com/lmax/disruptor/3.4.2/disruptor-3.4.2.jar:/home/runner/.m2/repository/org/eclipse/jetty/jetty-servlet/9.4.49.v20220914/jetty-servlet-9.4.49.v20220914.jar:/home/runner/.m2/repository/org/eclipse/jetty/jetty-security/9.4.49.v20220914/jetty-security-9.4.49.v20220914.jar:/home/runner/.m2/repository/org/rocksdb/rocksdbjni/7.7.3/rocksdbjni-7.7.3.jar:/home/runner/.m2/repository/io/prometheus/simpleclient_dropwizard/0.7.0/simpleclient_dropwizard-0.7.0.jar:/home/runner/.m2/repository/io/prometheus/simpleclient/0.7.0/simpleclient-0.7.0.jar:/home/runner/.m2/repository/io/prometheus/simpleclient_common/0.7.0/simpleclient_common-0.7.0.jar:/home/runner/.m2/repository/com/github/spotbugs/spotbugs-annotations/3.1.12/spotbugs-annotations-3.1.12.jar:/home/runner/.m2/repository/io/dropwizard/metrics/metrics-core/3.2.4/metrics-core-3.2.4.jar:/home/runner/.m2/repository/org/apache/commons/commons-text/1.4/commons-text-1.4.jar:/home/runner/.m2/repository/org/apache/hadoop/hadoop-hdfs-client/3.3.4/hadoop-hdfs-client-3.3.4.jar:/home/runner/.m2/repository/com/squareup/okhttp3/okhttp/4.9.3/okhttp-4.9.3.jar:/home/runner/.m2/repository/com/squareup/okio/okio/2.8.0/okio-2.8.0.jar:/home/runner/.m2/repository/org/jetbrains/kotlin/kotlin-stdlib-common/1.4.10/kotlin-stdlib-common-1.4.10.jar:/home/runner/.m2/repository/org/bouncycastle/bcprov-jdk15on/1.67/bcprov-jdk15on-1.67.jar:/home/runner/.m2/repository/com/google/protobuf/protobuf-java/2.5.0/protobuf-java-2.5.0.jar:/home/runner/.m2/repository/org/apache/ozone/ozone-manager/1.3.0-SNAPSHOT/ozone-manager-1.3.0-SNAPSHOT.jar:/home/runner/.m2/repository/org/aspectj/aspectjrt/1.9.7/aspectjrt-1.9.7.jar:/home/runner/.m2/repository/org/aspectj/aspectjweaver/1.9.7/aspectjweaver-1.9.7.jar:/home/runner/.m2/repository/org/apache/ozone/hdds-interface-client/1.3.0-SNAPSHOT/hdds-interface-client-1.3.0-SNAPSHOT.jar:/home/runner/.m2/repository/org/apache/hadoop/thirdparty/hadoop-shaded-protobuf_3_7/1.1.1/hadoop-shaded-protobuf_3_7-1.1.1.jar:/home/runner/.m2/repository/org/apache/ozone/ozone-interface-storage/1.3.0-SNAPSHOT/ozone-interface-storage-1.3.0-SNAPSHOT.jar:/home/runner/.m2/repository/org/reflections/reflections/0.9.11/reflections-0.9.11.jar:/home/runner/.m2/repository/com/sun/jersey/jersey-client/1.19/jersey-client-1.19.jar:/home/runner/.m2/repository/org/apache/ranger/ranger-intg/2.3.0/ranger-intg-2.3.0.jar:/home/runner/.m2/repository/org/apache/ranger/ranger-plugins-common/2.3.0/ranger-plugins-common-2.3.0.jar:/home/runner/.m2/repository/commons-lang/commons-lang/2.6/commons-lang-2.6.jar:/home/runner/.m2/repository/org/codehaus/jackson/jackson-jaxrs/1.9.13/jackson-jaxrs-1.9.13.jar:/home/runner/.m2/repository/org/apache/ranger/ranger-plugins-cred/2.3.0/ranger-plugins-cred-2.3.0.jar:/home/runner/.m2/repository/org/apache/ranger/ranger-plugins-audit/2.3.0/ranger-plugins-audit-2.3.0.jar:/home/runner/.m2/repository/org/eclipse/jetty/jetty-client/9.4.31.v20200723/jetty-client-9.4.31.v20200723.jar:/home/runner/.m2/repository/org/apache/httpcomponents/httpmime/4.5.6/httpmime-4.5.6.jar:/home/runner/.m2/repository/org/apache/httpcomponents/httpcore-nio/4.4.6/httpcore-nio-4.4.6.jar:/home/runner/.m2/repository/org/apache/httpcomponents/httpasyncclient/4.1.3/httpasyncclient-4.1.3.jar:/home/runner/.m2/repository/com/carrotsearch/hppc/0.8.0/hppc-0.8.0.jar:/home/runner/.m2/repository/org/apache/orc/orc-core/1.5.8/orc-core-1.5.8.jar:/home/runner/.m2/repository/net/java/dev/jna/jna/5.2.0/jna-5.2.0.jar:/home/runner/.m2/repository/net/java/dev/jna/jna-platform/5.2.0/jna-platform-5.2.0.jar:/home/runner/.m2/repository/com/kstruct/gethostname4j/0.0.2/gethostname4j-0.0.2.jar:/home/runner/.m2/repository/org/apache/ranger/ranger-plugin-classloader/2.3.0/ranger-plugin-classloader-2.3.0.jar:/home/runner/.m2/repository/org/apache/hadoop/hadoop-minikdc/3.3.4/hadoop-minikdc-3.3.4.jar:/home/runner/.m2/repository/org/apache/kerby/kerb-simplekdc/1.0.1/kerb-simplekdc-1.0.1.jar:/home/runner/.m2/repository/org/apache/kerby/kerb-client/1.0.1/kerb-client-1.0.1.jar:/home/runner/.m2/repository/org/apache/kerby/kerby-config/1.0.1/kerby-config-1.0.1.jar:/home/runner/.m2/repository/org/apache/kerby/kerb-common/1.0.1/kerb-common-1.0.1.jar:/home/runner/.m2/repository/org/apache/kerby/kerb-crypto/1.0.1/kerb-crypto-1.0.1.jar:/home/runner/.m2/repository/org/apache/kerby/kerb-util/1.0.1/kerb-util-1.0.1.jar:/home/runner/.m2/repository/org/apache/kerby/token-provider/1.0.1/token-provider-1.0.1.jar:/home/runner/.m2/repository/org/apache/kerby/kerb-admin/1.0.1/kerb-admin-1.0.1.jar:/home/runner/.m2/repository/org/apache/kerby/kerb-server/1.0.1/kerb-server-1.0.1.jar:/home/runner/.m2/repository/org/apache/kerby/kerb-identity/1.0.1/kerb-identity-1.0.1.jar:/home/runner/.m2/repository/org/apache/kerby/kerby-xdr/1.0.1/kerby-xdr-1.0.1.jar:/home/runner/.m2/repository/org/apache/ozone/ozone-s3gateway/1.3.0-SNAPSHOT/ozone-s3gateway-1.3.0-SNAPSHOT.jar:/home/runner/.m2/repository/org/javassist/javassist/3.21.0-GA/javassist-3.21.0-GA.jar:/home/runner/.m2/repository/org/jboss/weld/servlet/weld-servlet/2.4.7.Final/weld-servlet-2.4.7.Final.jar:/home/runner/.m2/repository/org/glassfish/jersey/containers/jersey-container-servlet-core/2.34/jersey-container-servlet-core-2.34.jar:/home/runner/.m2/repository/org/glassfish/hk2/external/jakarta.inject/2.6.1/jakarta.inject-2.6.1.jar:/home/runner/.m2/repository/org/glassfish/jersey/core/jersey-common/2.34/jersey-common-2.34.jar:/home/runner/.m2/repository/jakarta/ws/rs/jakarta.ws.rs-api/2.1.6/jakarta.ws.rs-api-2.1.6.jar:/home/runner/.m2/repository/org/glassfish/jersey/ext/cdi/jersey-cdi1x/2.34/jersey-cdi1x-2.34.jar:/home/runner/.m2/repository/org/glassfish/jersey/inject/jersey-hk2/2.34/jersey-hk2-2.34.jar:/home/runner/.m2/repository/org/glassfish/hk2/hk2-locator/2.6.1/hk2-locator-2.6.1.jar:/home/runner/.m2/repository/org/glassfish/jersey/media/jersey-media-jaxb/2.34/jersey-media-jaxb-2.34.jar:/home/runner/.m2/repository/org/glassfish/hk2/osgi-resource-locator/1.0.3/osgi-resource-locator-1.0.3.jar:/home/runner/.m2/repository/org/glassfish/hk2/hk2-api/2.5.0/hk2-api-2.5.0.jar:/home/runner/.m2/repository/org/glassfish/hk2/hk2-utils/2.5.0/hk2-utils-2.5.0.jar:/home/runner/.m2/repository/org/glassfish/hk2/external/aopalliance-repackaged/2.5.0/aopalliance-repackaged-2.5.0.jar:/home/runner/.m2/repository/com/fasterxml/jackson/dataformat/jackson-dataformat-xml/2.13.4/jackson-dataformat-xml-2.13.4.jar:/home/runner/.m2/repository/com/fasterxml/jackson/core/jackson-core/2.13.4/jackson-core-2.13.4.jar:/home/runner/.m2/repository/org/codehaus/woodstox/stax2-api/3.1.4/stax2-api-3.1.4.jar:/home/runner/.m2/repository/com/fasterxml/woodstox/woodstox-core/5.4.0/woodstox-core-5.4.0.jar:/home/runner/.m2/repository/com/fasterxml/jackson/module/jackson-module-jaxb-annotations/2.13.4/jackson-module-jaxb-annotations-2.13.4.jar:/home/runner/.m2/repository/jakarta/xml/bind/jakarta.xml.bind-api/2.3.3/jakarta.xml.bind-api-2.3.3.jar:/home/runner/.m2/repository/jakarta/activation/jakarta.activation-api/1.2.1/jakarta.activation-api-1.2.1.jar:/home/runner/.m2/repository/javax/enterprise/cdi-api/1.2/cdi-api-1.2.jar:/home/runner/.m2/repository/javax/el/javax.el-api/3.0.0/javax.el-api-3.0.0.jar:/home/runner/.m2/repository/javax/interceptor/javax.interceptor-api/1.2/javax.interceptor-api-1.2.jar:/home/runner/.m2/repository/javax/inject/javax.inject/1/javax.inject-1.jar:/home/runner/.m2/repository/javax/xml/bind/jaxb-api/2.3.0/jaxb-api-2.3.0.jar:/home/runner/.m2/repository/org/glassfish/jaxb/jaxb-runtime/2.3.0.1/jaxb-runtime-2.3.0.1.jar:/home/runner/.m2/repository/org/glassfish/jaxb/jaxb-core/2.3.0.1/jaxb-core-2.3.0.1.jar:/home/runner/.m2/repository/org/glassfish/jaxb/txw2/2.3.0.1/txw2-2.3.0.1.jar:/home/runner/.m2/repository/com/sun/istack/istack-commons-runtime/3.0.5/istack-commons-runtime-3.0.5.jar:/home/runner/.m2/repository/org/jvnet/staxex/stax-ex/1.7.8/stax-ex-1.7.8.jar:/home/runner/.m2/repository/com/sun/xml/fastinfoset/FastInfoset/1.2.13/FastInfoset-1.2.13.jar:/home/runner/.m2/repository/javax/activation/activation/1.1.1/activation-1.1.1.jar:/home/runner/.m2/repository/io/grpc/grpc-protobuf/1.48.1/grpc-protobuf-1.48.1.jar:/home/runner/.m2/repository/io/grpc/grpc-api/1.48.1/grpc-api-1.48.1.jar:/home/runner/.m2/repository/io/grpc/grpc-context/1.48.1/grpc-context-1.48.1.jar:/home/runner/.m2/repository/com/google/api/grpc/proto-google-common-protos/2.9.0/proto-google-common-protos-2.9.0.jar:/home/runner/.m2/repository/io/grpc/grpc-protobuf-lite/1.48.1/grpc-protobuf-lite-1.48.1.jar:/home/runner/.m2/repository/io/grpc/grpc-stub/1.48.1/grpc-stub-1.48.1.jar:/home/runner/.m2/repository/io/netty/netty-transport/4.1.79.Final/netty-transport-4.1.79.Final.jar:/home/runner/.m2/repository/io/netty/netty-resolver/4.1.79.Final/netty-resolver-4.1.79.Final.jar:/home/runner/.m2/repository/org/apache/ozone/ozone-csi/1.3.0-SNAPSHOT/ozone-csi-1.3.0-SNAPSHOT.jar:/home/runner/.m2/repository/com/google/protobuf/protobuf-java-util/3.19.2/protobuf-java-util-3.19.2.jar:/home/runner/.m2/repository/com/google/code/gson/gson/2.9.0/gson-2.9.0.jar:/home/runner/.m2/repository/org/apache/ozone/hdds-config/1.3.0-SNAPSHOT/hdds-config-1.3.0-SNAPSHOT.jar:/home/runner/.m2/repository/io/netty/netty-transport-native-epoll/4.1.79.Final/netty-transport-native-epoll-4.1.79.Final-linux-x86_64.jar:/home/runner/.m2/repository/io/netty/netty-transport-classes-epoll/4.1.79.Final/netty-transport-classes-epoll-4.1.79.Final.jar:/home/runner/.m2/repository/io/netty/netty-transport-native-unix-common/4.1.79.Final/netty-transport-native-unix-common-4.1.79.Final.jar:/home/runner/.m2/repository/org/slf4j/slf4j-reload4j/1.7.36/slf4j-reload4j-1.7.36.jar:/home/runner/.m2/repository/org/apache/ozone/ozone-recon/1.3.0-SNAPSHOT/ozone-recon-1.3.0-SNAPSHOT.jar:/home/runner/.m2/repository/org/apache/ozone/ozone-reconcodegen/1.3.0-SNAPSHOT/ozone-reconcodegen-1.3.0-SNAPSHOT.jar:/home/runner/.m2/repository/com/google/inject/extensions/guice-multibindings/4.0/guice-multibindings-4.0.jar:/home/runner/.m2/repository/com/google/inject/guice/4.0/guice-4.0.jar:/home/runner/.m2/repository/aopalliance/aopalliance/1.0/aopalliance-1.0.jar:/home/runner/.m2/repository/com/google/inject/extensions/guice-assistedinject/4.0/guice-assistedinject-4.0.jar:/home/runner/.m2/repository/com/google/inject/extensions/guice-servlet/4.0/guice-servlet-4.0.jar:/home/runner/.m2/repository/org/glassfish/jersey/containers/jersey-container-servlet/2.34/jersey-container-servlet-2.34.jar:/home/runner/.m2/repository/org/glassfish/hk2/guice-bridge/2.5.0/guice-bridge-2.5.0.jar:/home/runner/.m2/repository/org/glassfish/jersey/core/jersey-server/2.34/jersey-server-2.34.jar:/home/runner/.m2/repository/org/glassfish/jersey/core/jersey-client/2.34/jersey-client-2.34.jar:/home/runner/.m2/repository/jakarta/annotation/jakarta.annotation-api/1.3.5/jakarta.annotation-api-1.3.5.jar:/home/runner/.m2/repository/jakarta/validation/jakarta.validation-api/2.0.2/jakarta.validation-api-2.0.2.jar:/home/runner/.m2/repository/org/glassfish/jersey/media/jersey-media-json-jackson/2.34/jersey-media-json-jackson-2.34.jar:/home/runner/.m2/repository/org/glassfish/jersey/ext/jersey-entity-filtering/2.34/jersey-entity-filtering-2.34.jar:/home/runner/.m2/repository/org/jooq/jooq/3.11.10/jooq-3.11.10.jar:/home/runner/.m2/repository/org/jooq/jooq-meta/3.11.10/jooq-meta-3.11.10.jar:/home/runner/.m2/repository/org/jooq/jooq-codegen/3.11.10/jooq-codegen-3.11.10.jar:/home/runner/.m2/repository/com/jolbox/bonecp/0.8.0.RELEASE/bonecp-0.8.0.RELEASE.jar:/home/runner/.m2/repository/org/apache/derby/derby/10.14.2.0/derby-10.14.2.0.jar:/home/runner/.m2/repository/org/xerial/sqlite-jdbc/3.25.2/sqlite-jdbc-3.25.2.jar:/home/runner/.m2/repository/org/springframework/spring-jdbc/5.3.23/spring-jdbc-5.3.23.jar:/home/runner/.m2/repository/org/springframework/spring-beans/5.3.23/spring-beans-5.3.23.jar:/home/runner/.m2/repository/org/springframework/spring-core/5.3.23/spring-core-5.3.23.jar:/home/runner/.m2/repository/org/springframework/spring-jcl/5.3.23/spring-jcl-5.3.23.jar:/home/runner/.m2/repository/org/springframework/spring-tx/5.3.23/spring-tx-5.3.23.jar:/home/runner/.m2/repository/org/apache/ozone/ozone-client/1.3.0-SNAPSHOT/ozone-client-1.3.0-SNAPSHOT.jar:/home/runner/.m2/repository/org/apache/ozone/hdds-erasurecode/1.3.0-SNAPSHOT/hdds-erasurecode-1.3.0-SNAPSHOT.jar:/home/runner/.m2/repository/org/apache/ozone/ozone-filesystem/1.3.0-SNAPSHOT/ozone-filesystem-1.3.0-SNAPSHOT.jar:/home/runner/.m2/repository/org/apache/ozone/ozone-filesystem-common/1.3.0-SNAPSHOT/ozone-filesystem-common-1.3.0-SNAPSHOT.jar:/home/runner/.m2/repository/org/apache/ozone/ozone-tools/1.3.0-SNAPSHOT/ozone-tools-1.3.0-SNAPSHOT.jar:/home/runner/.m2/repository/org/apache/ratis/ratis-tools/2.4.0/ratis-tools-2.4.0.jar:/home/runner/.m2/repository/com/amazonaws/aws-java-sdk-core/1.12.261/aws-java-sdk-core-1.12.261.jar:/home/runner/.m2/repository/org/apache/httpcomponents/httpclient/4.5.13/httpclient-4.5.13.jar:/home/runner/.m2/repository/org/apache/httpcomponents/httpcore/4.4.13/httpcore-4.4.13.jar:/home/runner/.m2/repository/software/amazon/ion/ion-java/1.0.2/ion-java-1.0.2.jar:/home/runner/.m2/repository/com/fasterxml/jackson/dataformat/jackson-dataformat-cbor/2.13.4/jackson-dataformat-cbor-2.13.4.jar:/home/runner/.m2/repository/joda-time/joda-time/2.8.1/joda-time-2.8.1.jar:/home/runner/.m2/repository/com/amazonaws/aws-java-sdk-s3/1.12.261/aws-java-sdk-s3-1.12.261.jar:/home/runner/.m2/repository/com/amazonaws/aws-java-sdk-kms/1.12.261/aws-java-sdk-kms-1.12.261.jar:/home/runner/.m2/repository/com/amazonaws/jmespath-java/1.12.261/jmespath-java-1.12.261.jar:/home/runner/.m2/repository/org/kohsuke/metainf-services/metainf-services/1.8/metainf-services-1.8.jar:/home/runner/.m2/repository/org/apache/ozone/hdds-tools/1.3.0-SNAPSHOT/hdds-tools-1.3.0-SNAPSHOT.jar:/home/runner/.m2/repository/commons-cli/commons-cli/1.2/commons-cli-1.2.jar:/home/runner/.m2/repository/org/apache/commons/commons-lang3/3.7/commons-lang3-3.7.jar:/home/runner/.m2/repository/org/apache/ozone/ozone-manager/1.3.0-SNAPSHOT/ozone-manager-1.3.0-SNAPSHOT-tests.jar:/home/runner/.m2/repository/org/apache/ozone/hdds-common/1.3.0-SNAPSHOT/hdds-common-1.3.0-SNAPSHOT-tests.jar:/home/runner/.m2/repository/org/apache/ozone/hdds-hadoop-dependency-client/1.3.0-SNAPSHOT/hdds-hadoop-dependency-client-1.3.0-SNAPSHOT.jar:/home/runner/.m2/repository/info/picocli/picocli/4.6.1/picocli-4.6.1.jar:/home/runner/.m2/repository/com/fasterxml/jackson/core/jackson-annotations/2.13.4/jackson-annotations-2.13.4.jar:/home/runner/.m2/repository/com/fasterxml/jackson/datatype/jackson-datatype-jsr310/2.13.4/jackson-datatype-jsr310-2.13.4.jar:/home/runner/.m2/repository/org/apache/ozone/hdds-annotation-processing/1.3.0-SNAPSHOT/hdds-annotation-processing-1.3.0-SNAPSHOT.jar:/home/runner/.m2/repository/javax/annotation/javax.annotation-api/1.2/javax.annotation-api-1.2.jar:/home/runner/.m2/repository/org/apache/ratis/ratis-server/2.4.0/ratis-server-2.4.0.jar:/home/runner/.m2/repository/org/apache/ratis/ratis-client/2.4.0/ratis-client-2.4.0.jar:/home/runner/.m2/repository/org/apache/ratis/ratis-server-api/2.4.0/ratis-server-api-2.4.0.jar:/home/runner/.m2/repository/org/apache/ratis/ratis-metrics/2.4.0/ratis-metrics-2.4.0.jar:/home/runner/.m2/repository/org/apache/ratis/ratis-netty/2.4.0/ratis-netty-2.4.0.jar:/home/runner/.m2/repository/org/apache/ratis/ratis-grpc/2.4.0/ratis-grpc-2.4.0.jar:/home/runner/.m2/repository/org/apache/logging/log4j/log4j-api/2.17.1/log4j-api-2.17.1.jar:/home/runner/.m2/repository/org/apache/commons/commons-pool2/2.6.0/commons-pool2-2.6.0.jar:/home/runner/.m2/repository/org/bouncycastle/bcpkix-jdk15on/1.67/bcpkix-jdk15on-1.67.jar:/home/runner/.m2/repository/commons-validator/commons-validator/1.6/commons-validator-1.6.jar:/home/runner/.m2/repository/commons-beanutils/commons-beanutils/1.9.4/commons-beanutils-1.9.4.jar:/home/runner/.m2/repository/commons-digester/commons-digester/1.8.1/commons-digester-1.8.1.jar:/home/runner/.m2/repository/commons-collections/commons-collections/3.2.2/commons-collections-3.2.2.jar:/home/runner/.m2/repository/io/jaegertracing/jaeger-client/1.6.0/jaeger-client-1.6.0.jar:/home/runner/.m2/repository/io/jaegertracing/jaeger-thrift/1.6.0/jaeger-thrift-1.6.0.jar:/home/runner/.m2/repository/org/apache/thrift/libthrift/0.14.1/libthrift-0.14.1.jar:/home/runner/.m2/repository/io/jaegertracing/jaeger-core/1.6.0/jaeger-core-1.6.0.jar:/home/runner/.m2/repository/io/jaegertracing/jaeger-tracerresolver/1.6.0/jaeger-tracerresolver-1.6.0.jar:/home/runner/.m2/repository/io/opentracing/contrib/opentracing-tracerresolver/0.1.8/opentracing-tracerresolver-0.1.8.jar:/home/runner/.m2/repository/org/jetbrains/kotlin/kotlin-stdlib/1.6.21/kotlin-stdlib-1.6.21.jar:/home/runner/.m2/repository/org/jetbrains/annotations/13.0/annotations-13.0.jar:/home/runner/.m2/repository/io/opentracing/opentracing-util/0.33.0/opentracing-util-0.33.0.jar:/home/runner/.m2/repository/io/opentracing/opentracing-api/0.33.0/opentracing-api-0.33.0.jar:/home/runner/.m2/repository/io/opentracing/opentracing-noop/0.33.0/opentracing-noop-0.33.0.jar:/home/runner/.m2/repository/org/yaml/snakeyaml/1.33/snakeyaml-1.33.jar:/home/runner/.m2/repository/org/apache/ozone/hdds-interface-admin/1.3.0-SNAPSHOT/hdds-interface-admin-1.3.0-SNAPSHOT.jar:/home/runner/.m2/repository/junit/junit/4.13.1/junit-4.13.1.jar:/home/runner/.m2/repository/org/hamcrest/hamcrest-core/1.3/hamcrest-core-1.3.jar:/home/runner/.m2/repository/org/junit/jupiter/junit-jupiter-api/5.8.2/junit-jupiter-api-5.8.2.jar:/home/runner/.m2/repository/org/opentest4j/opentest4j/1.2.0/opentest4j-1.2.0.jar:/home/runner/.m2/repository/org/junit/platform/junit-platform-commons/1.8.2/junit-platform-commons-1.8.2.jar:/home/runner/.m2/repository/org/apiguardian/apiguardian-api/1.1.2/apiguardian-api-1.1.2.jar:/home/runner/.m2/repository/org/junit/jupiter/junit-jupiter-params/5.8.2/junit-jupiter-params-5.8.2.jar:/home/runner/.m2/repository/org/junit/jupiter/junit-jupiter-migrationsupport/5.8.2/junit-jupiter-migrationsupport-5.8.2.jar:/home/runner/.m2/repository/org/junit/jupiter/junit-jupiter-engine/5.8.2/junit-jupiter-engine-5.8.2.jar:/home/runner/.m2/repository/org/junit/platform/junit-platform-engine/1.8.2/junit-platform-engine-1.8.2.jar:/home/runner/.m2/repository/org/junit/vintage/junit-vintage-engine/5.8.2/junit-vintage-engine-5.8.2.jar:/home/runner/.m2/repository/org/junit/platform/junit-platform-launcher/1.8.2/junit-platform-launcher-1.8.2.jar:/home/runner/.m2/repository/org/mockito/mockito-core/2.28.2/mockito-core-2.28.2.jar:/home/runner/.m2/repository/net/bytebuddy/byte-buddy/1.9.10/byte-buddy-1.9.10.jar:/home/runner/.m2/repository/net/bytebuddy/byte-buddy-agent/1.9.10/byte-buddy-agent-1.9.10.jar:/home/runner/.m2/repository/org/objenesis/objenesis/1.0/objenesis-1.0.jar:/home/runner/.m2/repository/org/apache/hadoop/hadoop-kms/3.3.4/hadoop-kms-3.3.4.jar:/home/runner/.m2/repository/org/apache/hadoop/hadoop-auth/3.3.4/hadoop-auth-3.3.4.jar:/home/runner/.m2/repository/com/nimbusds/nimbus-jose-jwt/7.9/nimbus-jose-jwt-7.9.jar:/home/runner/.m2/repository/com/github/stephenc/jcip/jcip-annotations/1.0-1/jcip-annotations-1.0-1.jar:/home/runner/.m2/repository/net/minidev/json-smart/2.4.7/json-smart-2.4.7.jar:/home/runner/.m2/repository/net/minidev/accessors-smart/2.4.7/accessors-smart-2.4.7.jar:/home/runner/.m2/repository/org/ow2/asm/asm/5.0.4/asm-5.0.4.jar:/home/runner/.m2/repository/org/apache/zookeeper/zookeeper/3.5.6/zookeeper-3.5.6.jar:/home/runner/.m2/repository/org/apache/zookeeper/zookeeper-jute/3.5.6/zookeeper-jute-3.5.6.jar:/home/runner/.m2/repository/org/apache/yetus/audience-annotations/0.5.0/audience-annotations-0.5.0.jar:/home/runner/.m2/repository/org/apache/curator/curator-framework/4.2.0/curator-framework-4.2.0.jar:/home/runner/.m2/repository/org/apache/hadoop/thirdparty/hadoop-shaded-guava/1.1.1/hadoop-shaded-guava-1.1.1.jar:/home/runner/.m2/repository/com/sun/jersey/jersey-core/1.19/jersey-core-1.19.jar:/home/runner/.m2/repository/javax/ws/rs/jsr311-api/1.1.1/jsr311-api-1.1.1.jar:/home/runner/.m2/repository/com/sun/jersey/jersey-server/1.19/jersey-server-1.19.jar:/home/runner/.m2/repository/javax/servlet/javax.servlet-api/3.1.0/javax.servlet-api-3.1.0.jar:/home/runner/.m2/repository/org/eclipse/jetty/jetty-server/9.4.49.v20220914/jetty-server-9.4.49.v20220914.jar:/home/runner/.m2/repository/org/eclipse/jetty/jetty-http/9.4.49.v20220914/jetty-http-9.4.49.v20220914.jar:/home/runner/.m2/repository/org/eclipse/jetty/jetty-io/9.4.49.v20220914/jetty-io-9.4.49.v20220914.jar:/home/runner/.m2/repository/org/eclipse/jetty/jetty-webapp/9.4.49.v20220914/jetty-webapp-9.4.49.v20220914.jar:/home/runner/.m2/repository/org/eclipse/jetty/jetty-xml/9.4.49.v20220914/jetty-xml-9.4.49.v20220914.jar:/home/runner/.m2/repository/org/apache/hadoop/hadoop-common/3.3.4/hadoop-common-3.3.4.jar:/home/runner/.m2/repository/org/apache/commons/commons-math3/3.1.1/commons-math3-3.1.1.jar:/home/runner/.m2/repository/commons-net/commons-net/3.6/commons-net-3.6.jar:/home/runner/.m2/repository/com/sun/jersey/jersey-servlet/1.19/jersey-servlet-1.19.jar:/home/runner/.m2/repository/com/sun/jersey/jersey-json/1.19/jersey-json-1.19.jar:/home/runner/.m2/repository/org/codehaus/jettison/jettison/1.1/jettison-1.1.jar:/home/runner/.m2/repository/com/sun/xml/bind/jaxb-impl/2.2.3-1/jaxb-impl-2.2.3-1.jar:/home/runner/.m2/repository/org/codehaus/jackson/jackson-xc/1.9.2/jackson-xc-1.9.2.jar:/home/runner/.m2/repository/com/google/re2j/re2j/1.1/re2j-1.1.jar:/home/runner/.m2/repository/com/jcraft/jsch/0.1.54/jsch-0.1.54.jar:/home/runner/.m2/repository/org/apache/curator/curator-client/4.2.0/curator-client-4.2.0.jar:/home/runner/.m2/repository/org/apache/curator/curator-recipes/4.2.0/curator-recipes-4.2.0.jar:/home/runner/.m2/repository/org/apache/kerby/kerb-core/1.0.1/kerb-core-1.0.1.jar:/home/runner/.m2/repository/org/apache/kerby/kerby-pkix/1.0.1/kerby-pkix-1.0.1.jar:/home/runner/.m2/repository/org/apache/kerby/kerby-asn1/1.0.1/kerby-asn1-1.0.1.jar:/home/runner/.m2/repository/org/apache/kerby/kerby-util/1.0.1/kerby-util-1.0.1.jar:/home/runner/.m2/repository/dnsjava/dnsjava/2.1.7/dnsjava-2.1.7.jar:/home/runner/.m2/repository/org/xerial/snappy/snappy-java/1.1.8.2/snappy-java-1.1.8.2.jar:/home/runner/.m2/repository/org/eclipse/jetty/jetty-util/9.4.49.v20220914/jetty-util-9.4.49.v20220914.jar:/home/runner/.m2/repository/com/fasterxml/jackson/core/jackson-databind/2.13.4.2/jackson-databind-2.13.4.2.jar:/home/runner/.m2/repository/org/apache/hadoop/hadoop-kms/3.3.4/hadoop-kms-3.3.4-tests.jar:/home/runner/.m2/repository/org/apache/ozone/hdds-server-scm/1.3.0-SNAPSHOT/hdds-server-scm-1.3.0-SNAPSHOT-tests.jar:/home/runner/.m2/repository/org/apache/ozone/hdds-container-service/1.3.0-SNAPSHOT/hdds-container-service-1.3.0-SNAPSHOT-tests.jar:/home/runner/.m2/repository/commons-codec/commons-codec/1.11/commons-codec-1.11.jar:/home/runner/.m2/repository/io/netty/netty-codec/4.1.79.Final/netty-codec-4.1.79.Final.jar:/home/runner/.m2/repository/io/netty/netty-handler/4.1.79.Final/netty-handler-4.1.79.Final.jar:/home/runner/.m2/repository/org/apache/ozone/hdds-hadoop-dependency-test/1.3.0-SNAPSHOT/hdds-hadoop-dependency-test-1.3.0-SNAPSHOT.jar:/home/runner/.m2/repository/org/apache/hadoop/hadoop-common/3.3.4/hadoop-common-3.3.4-tests.jar:/home/runner/.m2/repository/org/apache/hadoop/hadoop-hdfs/3.3.4/hadoop-hdfs-3.3.4-tests.jar:/home/runner/.m2/repository/org/assertj/assertj-core/3.12.2/assertj-core-3.12.2.jar:/home/runner/.m2/repository/org/apache/hadoop/hadoop-distcp/3.3.4/hadoop-distcp-3.3.4.jar:/home/runner/.m2/repository/org/apache/hadoop/hadoop-mapreduce-client-jobclient/3.3.4/hadoop-mapreduce-client-jobclient-3.3.4.jar:/home/runner/.m2/repository/org/apache/hadoop/hadoop-mapreduce-client-common/3.3.4/hadoop-mapreduce-client-common-3.3.4.jar:/home/runner/.m2/repository/org/apache/hadoop/hadoop-yarn-common/3.3.4/hadoop-yarn-common-3.3.4.jar:/home/runner/.m2/repository/org/apache/hadoop/hadoop-yarn-api/3.3.4/hadoop-yarn-api-3.3.4.jar:/home/runner/.m2/repository/com/sun/jersey/contribs/jersey-guice/1.19/jersey-guice-1.19.jar:/home/runner/.m2/repository/com/fasterxml/jackson/jaxrs/jackson-jaxrs-json-provider/2.13.4/jackson-jaxrs-json-provider-2.13.4.jar:/home/runner/.m2/repository/com/fasterxml/jackson/jaxrs/jackson-jaxrs-base/2.13.4/jackson-jaxrs-base-2.13.4.jar:/home/runner/.m2/repository/org/apache/hadoop/hadoop-yarn-client/3.3.4/hadoop-yarn-client-3.3.4.jar:/home/runner/.m2/repository/org/eclipse/jetty/websocket/websocket-client/9.4.43.v20210629/websocket-client-9.4.43.v20210629.jar:/home/runner/.m2/repository/org/eclipse/jetty/websocket/websocket-common/9.4.43.v20210629/websocket-common-9.4.43.v20210629.jar:/home/runner/.m2/repository/org/eclipse/jetty/websocket/websocket-api/9.4.43.v20210629/websocket-api-9.4.43.v20210629.jar:/home/runner/.m2/repository/org/jline/jline/3.9.0/jline-3.9.0.jar:/home/runner/.m2/repository/org/apache/hadoop/hadoop-mapreduce-client-core/3.3.4/hadoop-mapreduce-client-core-3.3.4.jar:/home/runner/.m2/repository/org/apache/avro/avro/1.7.7/avro-1.7.7.jar:/home/runner/.m2/repository/org/codehaus/jackson/jackson-core-asl/1.9.13/jackson-core-asl-1.9.13.jar:/home/runner/.m2/repository/org/codehaus/jackson/jackson-mapper-asl/1.9.13/jackson-mapper-asl-1.9.13.jar:/home/runner/.m2/repository/com/thoughtworks/paranamer/paranamer/2.3/paranamer-2.3.jar:/home/runner/.m2/repository/org/apache/hadoop/hadoop-annotations/3.3.4/hadoop-annotations-3.3.4.jar:/usr/lib/jvm/temurin-8-jdk-amd64/jre/../lib/tools.jar:/home/runner/.m2/repository/io/netty/netty/3.10.6.Final/netty-3.10.6.Final.jar:/home/runner/.m2/repository/org/apache/hadoop/hadoop-distcp/3.3.4/hadoop-distcp-3.3.4-tests.jar:/home/runner/.m2/repository/org/slf4j/jul-to-slf4j/1.7.36/jul-to-slf4j-1.7.36.jar:/home/runner/.m2/repository/org/apache/ratis/ratis-common/2.4.0/ratis-common-2.4.0.jar:/home/runner/.m2/repository/org/apache/ratis/ratis-thirdparty-misc/1.0.2/ratis-thirdparty-misc-1.0.2.jar:/home/runner/.m2/repository/org/apache/ratis/ratis-proto/2.4.0/ratis-proto-2.4.0.jar:"/>
    <property name="java.vm.vendor" value="Temurin"/>
    <property name="sun.arch.data.model" value="64"/>
    <property name="test.build.dir" value="/home/runner/work/ozone/ozone/hadoop-ozone/integration-test/target/test-dir"/>
    <property name="test.cache.data" value=""/>
    <property name="java.vendor.url" value="https://adoptium.net/"/>
    <property name="user.timezone" value="Etc/UTC"/>
    <property name="java.vm.specification.version" value="1.8"/>
    <property name="os.name" value="Linux"/>
    <property name="test.build.data" value="/home/runner/work/ozone/ozone/hadoop-ozone/integration-test/target/test-dir"/>
    <property name="sun.java.launcher" value="SUN_STANDARD"/>
    <property name="sun.boot.library.path" value="/usr/lib/jvm/temurin-8-jdk-amd64/jre/lib/amd64"/>
    <property name="sun.java.command" value="/home/runner/work/ozone/ozone/hadoop-ozone/integration-test/target/surefire/surefirebooter7173496139594498640.jar /home/runner/work/ozone/ozone/hadoop-ozone/integration-test/target/surefire 2022-11-08T11-31-58_966-jvmRun1 surefire2294289833998047957tmp surefire_75640345801879814812tmp"/>
    <property name="surefire.test.class.path" value="/home/runner/work/ozone/ozone/hadoop-ozone/integration-test/target/test-classes:/home/runner/work/ozone/ozone/hadoop-ozone/integration-test/target/classes:/home/runner/.m2/repository/org/apache/ozone/ozone-common/1.3.0-SNAPSHOT/ozone-common-1.3.0-SNAPSHOT.jar:/home/runner/.m2/repository/io/grpc/grpc-netty/1.48.1/grpc-netty-1.48.1.jar:/home/runner/.m2/repository/io/grpc/grpc-core/1.48.1/grpc-core-1.48.1.jar:/home/runner/.m2/repository/com/google/android/annotations/4.1.1.4/annotations-4.1.1.4.jar:/home/runner/.m2/repository/org/codehaus/mojo/animal-sniffer-annotations/1.21/animal-sniffer-annotations-1.21.jar:/home/runner/.m2/repository/com/google/errorprone/error_prone_annotations/2.2.0/error_prone_annotations-2.2.0.jar:/home/runner/.m2/repository/io/perfmark/perfmark-api/0.25.0/perfmark-api-0.25.0.jar:/home/runner/.m2/repository/io/netty/netty-codec-http2/4.1.79.Final/netty-codec-http2-4.1.79.Final.jar:/home/runner/.m2/repository/io/netty/netty-common/4.1.79.Final/netty-common-4.1.79.Final.jar:/home/runner/.m2/repository/io/netty/netty-buffer/4.1.79.Final/netty-buffer-4.1.79.Final.jar:/home/runner/.m2/repository/io/netty/netty-codec-http/4.1.79.Final/netty-codec-http-4.1.79.Final.jar:/home/runner/.m2/repository/io/netty/netty-handler-proxy/4.1.79.Final/netty-handler-proxy-4.1.79.Final.jar:/home/runner/.m2/repository/io/netty/netty-codec-socks/4.1.79.Final/netty-codec-socks-4.1.79.Final.jar:/home/runner/.m2/repository/io/netty/netty-tcnative-boringssl-static/2.0.53.Final/netty-tcnative-boringssl-static-2.0.53.Final.jar:/home/runner/.m2/repository/io/netty/netty-tcnative-classes/2.0.53.Final/netty-tcnative-classes-2.0.53.Final.jar:/home/runner/.m2/repository/io/netty/netty-tcnative-boringssl-static/2.0.53.Final/netty-tcnative-boringssl-static-2.0.53.Final-linux-x86_64.jar:/home/runner/.m2/repository/io/netty/netty-tcnative-boringssl-static/2.0.53.Final/netty-tcnative-boringssl-static-2.0.53.Final-linux-aarch_64.jar:/home/runner/.m2/repository/io/netty/netty-tcnative-boringssl-static/2.0.53.Final/netty-tcnative-boringssl-static-2.0.53.Final-osx-x86_64.jar:/home/runner/.m2/repository/io/netty/netty-tcnative-boringssl-static/2.0.53.Final/netty-tcnative-boringssl-static-2.0.53.Final-osx-aarch_64.jar:/home/runner/.m2/repository/io/netty/netty-tcnative-boringssl-static/2.0.53.Final/netty-tcnative-boringssl-static-2.0.53.Final-windows-x86_64.jar:/home/runner/.m2/repository/org/apache/commons/commons-compress/1.21/commons-compress-1.21.jar:/home/runner/.m2/repository/org/apache/ozone/hdds-common/1.3.0-SNAPSHOT/hdds-common-1.3.0-SNAPSHOT.jar:/home/runner/.m2/repository/org/apache/ozone/hdds-client/1.3.0-SNAPSHOT/hdds-client-1.3.0-SNAPSHOT.jar:/home/runner/.m2/repository/org/apache/ozone/ozone-interface-client/1.3.0-SNAPSHOT/ozone-interface-client-1.3.0-SNAPSHOT.jar:/home/runner/.m2/repository/org/apache/ozone/hdds-test-utils/1.3.0-SNAPSHOT/hdds-test-utils-1.3.0-SNAPSHOT.jar:/home/runner/.m2/repository/com/google/guava/guava/31.1-jre/guava-31.1-jre.jar:/home/runner/.m2/repository/com/google/guava/failureaccess/1.0.1/failureaccess-1.0.1.jar:/home/runner/.m2/repository/com/google/guava/listenablefuture/9999.0-empty-to-avoid-conflict-with-guava/listenablefuture-9999.0-empty-to-avoid-conflict-with-guava.jar:/home/runner/.m2/repository/com/google/code/findbugs/jsr305/3.0.0/jsr305-3.0.0.jar:/home/runner/.m2/repository/org/checkerframework/checker-qual/3.12.0/checker-qual-3.12.0.jar:/home/runner/.m2/repository/com/google/j2objc/j2objc-annotations/1.3/j2objc-annotations-1.3.jar:/home/runner/.m2/repository/commons-io/commons-io/2.11.0/commons-io-2.11.0.jar:/home/runner/.m2/repository/commons-logging/commons-logging/1.2/commons-logging-1.2.jar:/home/runner/.m2/repository/ch/qos/reload4j/reload4j/1.2.22/reload4j-1.2.22.jar:/home/runner/.m2/repository/org/slf4j/slf4j-api/1.7.36/slf4j-api-1.7.36.jar:/home/runner/.m2/repository/org/apache/ozone/hdds-server-scm/1.3.0-SNAPSHOT/hdds-server-scm-1.3.0-SNAPSHOT.jar:/home/runner/.m2/repository/org/apache/ozone/hdds-container-service/1.3.0-SNAPSHOT/hdds-container-service-1.3.0-SNAPSHOT.jar:/home/runner/.m2/repository/org/apache/ozone/hdds-hadoop-dependency-server/1.3.0-SNAPSHOT/hdds-hadoop-dependency-server-1.3.0-SNAPSHOT.jar:/home/runner/.m2/repository/org/apache/hadoop/hadoop-hdfs/3.3.4/hadoop-hdfs-3.3.4.jar:/home/runner/.m2/repository/org/eclipse/jetty/jetty-util-ajax/9.4.49.v20220914/jetty-util-ajax-9.4.49.v20220914.jar:/home/runner/.m2/repository/commons-daemon/commons-daemon/1.0.13/commons-daemon-1.0.13.jar:/home/runner/.m2/repository/org/apache/ozone/hdds-server-framework/1.3.0-SNAPSHOT/hdds-server-framework-1.3.0-SNAPSHOT.jar:/home/runner/.m2/repository/org/apache/ozone/hdds-interface-server/1.3.0-SNAPSHOT/hdds-interface-server-1.3.0-SNAPSHOT.jar:/home/runner/.m2/repository/org/apache/commons/commons-configuration2/2.1.1/commons-configuration2-2.1.1.jar:/home/runner/.m2/repository/org/apache/logging/log4j/log4j-core/2.17.1/log4j-core-2.17.1.jar:/home/runner/.m2/repository/com/lmax/disruptor/3.4.2/disruptor-3.4.2.jar:/home/runner/.m2/repository/org/eclipse/jetty/jetty-servlet/9.4.49.v20220914/jetty-servlet-9.4.49.v20220914.jar:/home/runner/.m2/repository/org/eclipse/jetty/jetty-security/9.4.49.v20220914/jetty-security-9.4.49.v20220914.jar:/home/runner/.m2/repository/org/rocksdb/rocksdbjni/7.7.3/rocksdbjni-7.7.3.jar:/home/runner/.m2/repository/io/prometheus/simpleclient_dropwizard/0.7.0/simpleclient_dropwizard-0.7.0.jar:/home/runner/.m2/repository/io/prometheus/simpleclient/0.7.0/simpleclient-0.7.0.jar:/home/runner/.m2/repository/io/prometheus/simpleclient_common/0.7.0/simpleclient_common-0.7.0.jar:/home/runner/.m2/repository/com/github/spotbugs/spotbugs-annotations/3.1.12/spotbugs-annotations-3.1.12.jar:/home/runner/.m2/repository/io/dropwizard/metrics/metrics-core/3.2.4/metrics-core-3.2.4.jar:/home/runner/.m2/repository/org/apache/commons/commons-text/1.4/commons-text-1.4.jar:/home/runner/.m2/repository/org/apache/hadoop/hadoop-hdfs-client/3.3.4/hadoop-hdfs-client-3.3.4.jar:/home/runner/.m2/repository/com/squareup/okhttp3/okhttp/4.9.3/okhttp-4.9.3.jar:/home/runner/.m2/repository/com/squareup/okio/okio/2.8.0/okio-2.8.0.jar:/home/runner/.m2/repository/org/jetbrains/kotlin/kotlin-stdlib-common/1.4.10/kotlin-stdlib-common-1.4.10.jar:/home/runner/.m2/repository/org/bouncycastle/bcprov-jdk15on/1.67/bcprov-jdk15on-1.67.jar:/home/runner/.m2/repository/com/google/protobuf/protobuf-java/2.5.0/protobuf-java-2.5.0.jar:/home/runner/.m2/repository/org/apache/ozone/ozone-manager/1.3.0-SNAPSHOT/ozone-manager-1.3.0-SNAPSHOT.jar:/home/runner/.m2/repository/org/aspectj/aspectjrt/1.9.7/aspectjrt-1.9.7.jar:/home/runner/.m2/repository/org/aspectj/aspectjweaver/1.9.7/aspectjweaver-1.9.7.jar:/home/runner/.m2/repository/org/apache/ozone/hdds-interface-client/1.3.0-SNAPSHOT/hdds-interface-client-1.3.0-SNAPSHOT.jar:/home/runner/.m2/repository/org/apache/hadoop/thirdparty/hadoop-shaded-protobuf_3_7/1.1.1/hadoop-shaded-protobuf_3_7-1.1.1.jar:/home/runner/.m2/repository/org/apache/ozone/ozone-interface-storage/1.3.0-SNAPSHOT/ozone-interface-storage-1.3.0-SNAPSHOT.jar:/home/runner/.m2/repository/org/reflections/reflections/0.9.11/reflections-0.9.11.jar:/home/runner/.m2/repository/com/sun/jersey/jersey-client/1.19/jersey-client-1.19.jar:/home/runner/.m2/repository/org/apache/ranger/ranger-intg/2.3.0/ranger-intg-2.3.0.jar:/home/runner/.m2/repository/org/apache/ranger/ranger-plugins-common/2.3.0/ranger-plugins-common-2.3.0.jar:/home/runner/.m2/repository/commons-lang/commons-lang/2.6/commons-lang-2.6.jar:/home/runner/.m2/repository/org/codehaus/jackson/jackson-jaxrs/1.9.13/jackson-jaxrs-1.9.13.jar:/home/runner/.m2/repository/org/apache/ranger/ranger-plugins-cred/2.3.0/ranger-plugins-cred-2.3.0.jar:/home/runner/.m2/repository/org/apache/ranger/ranger-plugins-audit/2.3.0/ranger-plugins-audit-2.3.0.jar:/home/runner/.m2/repository/org/eclipse/jetty/jetty-client/9.4.31.v20200723/jetty-client-9.4.31.v20200723.jar:/home/runner/.m2/repository/org/apache/httpcomponents/httpmime/4.5.6/httpmime-4.5.6.jar:/home/runner/.m2/repository/org/apache/httpcomponents/httpcore-nio/4.4.6/httpcore-nio-4.4.6.jar:/home/runner/.m2/repository/org/apache/httpcomponents/httpasyncclient/4.1.3/httpasyncclient-4.1.3.jar:/home/runner/.m2/repository/com/carrotsearch/hppc/0.8.0/hppc-0.8.0.jar:/home/runner/.m2/repository/org/apache/orc/orc-core/1.5.8/orc-core-1.5.8.jar:/home/runner/.m2/repository/net/java/dev/jna/jna/5.2.0/jna-5.2.0.jar:/home/runner/.m2/repository/net/java/dev/jna/jna-platform/5.2.0/jna-platform-5.2.0.jar:/home/runner/.m2/repository/com/kstruct/gethostname4j/0.0.2/gethostname4j-0.0.2.jar:/home/runner/.m2/repository/org/apache/ranger/ranger-plugin-classloader/2.3.0/ranger-plugin-classloader-2.3.0.jar:/home/runner/.m2/repository/org/apache/hadoop/hadoop-minikdc/3.3.4/hadoop-minikdc-3.3.4.jar:/home/runner/.m2/repository/org/apache/kerby/kerb-simplekdc/1.0.1/kerb-simplekdc-1.0.1.jar:/home/runner/.m2/repository/org/apache/kerby/kerb-client/1.0.1/kerb-client-1.0.1.jar:/home/runner/.m2/repository/org/apache/kerby/kerby-config/1.0.1/kerby-config-1.0.1.jar:/home/runner/.m2/repository/org/apache/kerby/kerb-common/1.0.1/kerb-common-1.0.1.jar:/home/runner/.m2/repository/org/apache/kerby/kerb-crypto/1.0.1/kerb-crypto-1.0.1.jar:/home/runner/.m2/repository/org/apache/kerby/kerb-util/1.0.1/kerb-util-1.0.1.jar:/home/runner/.m2/repository/org/apache/kerby/token-provider/1.0.1/token-provider-1.0.1.jar:/home/runner/.m2/repository/org/apache/kerby/kerb-admin/1.0.1/kerb-admin-1.0.1.jar:/home/runner/.m2/repository/org/apache/kerby/kerb-server/1.0.1/kerb-server-1.0.1.jar:/home/runner/.m2/repository/org/apache/kerby/kerb-identity/1.0.1/kerb-identity-1.0.1.jar:/home/runner/.m2/repository/org/apache/kerby/kerby-xdr/1.0.1/kerby-xdr-1.0.1.jar:/home/runner/.m2/repository/org/apache/ozone/ozone-s3gateway/1.3.0-SNAPSHOT/ozone-s3gateway-1.3.0-SNAPSHOT.jar:/home/runner/.m2/repository/org/javassist/javassist/3.21.0-GA/javassist-3.21.0-GA.jar:/home/runner/.m2/repository/org/jboss/weld/servlet/weld-servlet/2.4.7.Final/weld-servlet-2.4.7.Final.jar:/home/runner/.m2/repository/org/glassfish/jersey/containers/jersey-container-servlet-core/2.34/jersey-container-servlet-core-2.34.jar:/home/runner/.m2/repository/org/glassfish/hk2/external/jakarta.inject/2.6.1/jakarta.inject-2.6.1.jar:/home/runner/.m2/repository/org/glassfish/jersey/core/jersey-common/2.34/jersey-common-2.34.jar:/home/runner/.m2/repository/jakarta/ws/rs/jakarta.ws.rs-api/2.1.6/jakarta.ws.rs-api-2.1.6.jar:/home/runner/.m2/repository/org/glassfish/jersey/ext/cdi/jersey-cdi1x/2.34/jersey-cdi1x-2.34.jar:/home/runner/.m2/repository/org/glassfish/jersey/inject/jersey-hk2/2.34/jersey-hk2-2.34.jar:/home/runner/.m2/repository/org/glassfish/hk2/hk2-locator/2.6.1/hk2-locator-2.6.1.jar:/home/runner/.m2/repository/org/glassfish/jersey/media/jersey-media-jaxb/2.34/jersey-media-jaxb-2.34.jar:/home/runner/.m2/repository/org/glassfish/hk2/osgi-resource-locator/1.0.3/osgi-resource-locator-1.0.3.jar:/home/runner/.m2/repository/org/glassfish/hk2/hk2-api/2.5.0/hk2-api-2.5.0.jar:/home/runner/.m2/repository/org/glassfish/hk2/hk2-utils/2.5.0/hk2-utils-2.5.0.jar:/home/runner/.m2/repository/org/glassfish/hk2/external/aopalliance-repackaged/2.5.0/aopalliance-repackaged-2.5.0.jar:/home/runner/.m2/repository/com/fasterxml/jackson/dataformat/jackson-dataformat-xml/2.13.4/jackson-dataformat-xml-2.13.4.jar:/home/runner/.m2/repository/com/fasterxml/jackson/core/jackson-core/2.13.4/jackson-core-2.13.4.jar:/home/runner/.m2/repository/org/codehaus/woodstox/stax2-api/3.1.4/stax2-api-3.1.4.jar:/home/runner/.m2/repository/com/fasterxml/woodstox/woodstox-core/5.4.0/woodstox-core-5.4.0.jar:/home/runner/.m2/repository/com/fasterxml/jackson/module/jackson-module-jaxb-annotations/2.13.4/jackson-module-jaxb-annotations-2.13.4.jar:/home/runner/.m2/repository/jakarta/xml/bind/jakarta.xml.bind-api/2.3.3/jakarta.xml.bind-api-2.3.3.jar:/home/runner/.m2/repository/jakarta/activation/jakarta.activation-api/1.2.1/jakarta.activation-api-1.2.1.jar:/home/runner/.m2/repository/javax/enterprise/cdi-api/1.2/cdi-api-1.2.jar:/home/runner/.m2/repository/javax/el/javax.el-api/3.0.0/javax.el-api-3.0.0.jar:/home/runner/.m2/repository/javax/interceptor/javax.interceptor-api/1.2/javax.interceptor-api-1.2.jar:/home/runner/.m2/repository/javax/inject/javax.inject/1/javax.inject-1.jar:/home/runner/.m2/repository/javax/xml/bind/jaxb-api/2.3.0/jaxb-api-2.3.0.jar:/home/runner/.m2/repository/org/glassfish/jaxb/jaxb-runtime/2.3.0.1/jaxb-runtime-2.3.0.1.jar:/home/runner/.m2/repository/org/glassfish/jaxb/jaxb-core/2.3.0.1/jaxb-core-2.3.0.1.jar:/home/runner/.m2/repository/org/glassfish/jaxb/txw2/2.3.0.1/txw2-2.3.0.1.jar:/home/runner/.m2/repository/com/sun/istack/istack-commons-runtime/3.0.5/istack-commons-runtime-3.0.5.jar:/home/runner/.m2/repository/org/jvnet/staxex/stax-ex/1.7.8/stax-ex-1.7.8.jar:/home/runner/.m2/repository/com/sun/xml/fastinfoset/FastInfoset/1.2.13/FastInfoset-1.2.13.jar:/home/runner/.m2/repository/javax/activation/activation/1.1.1/activation-1.1.1.jar:/home/runner/.m2/repository/io/grpc/grpc-protobuf/1.48.1/grpc-protobuf-1.48.1.jar:/home/runner/.m2/repository/io/grpc/grpc-api/1.48.1/grpc-api-1.48.1.jar:/home/runner/.m2/repository/io/grpc/grpc-context/1.48.1/grpc-context-1.48.1.jar:/home/runner/.m2/repository/com/google/api/grpc/proto-google-common-protos/2.9.0/proto-google-common-protos-2.9.0.jar:/home/runner/.m2/repository/io/grpc/grpc-protobuf-lite/1.48.1/grpc-protobuf-lite-1.48.1.jar:/home/runner/.m2/repository/io/grpc/grpc-stub/1.48.1/grpc-stub-1.48.1.jar:/home/runner/.m2/repository/io/netty/netty-transport/4.1.79.Final/netty-transport-4.1.79.Final.jar:/home/runner/.m2/repository/io/netty/netty-resolver/4.1.79.Final/netty-resolver-4.1.79.Final.jar:/home/runner/.m2/repository/org/apache/ozone/ozone-csi/1.3.0-SNAPSHOT/ozone-csi-1.3.0-SNAPSHOT.jar:/home/runner/.m2/repository/com/google/protobuf/protobuf-java-util/3.19.2/protobuf-java-util-3.19.2.jar:/home/runner/.m2/repository/com/google/code/gson/gson/2.9.0/gson-2.9.0.jar:/home/runner/.m2/repository/org/apache/ozone/hdds-config/1.3.0-SNAPSHOT/hdds-config-1.3.0-SNAPSHOT.jar:/home/runner/.m2/repository/io/netty/netty-transport-native-epoll/4.1.79.Final/netty-transport-native-epoll-4.1.79.Final-linux-x86_64.jar:/home/runner/.m2/repository/io/netty/netty-transport-classes-epoll/4.1.79.Final/netty-transport-classes-epoll-4.1.79.Final.jar:/home/runner/.m2/repository/io/netty/netty-transport-native-unix-common/4.1.79.Final/netty-transport-native-unix-common-4.1.79.Final.jar:/home/runner/.m2/repository/org/slf4j/slf4j-reload4j/1.7.36/slf4j-reload4j-1.7.36.jar:/home/runner/.m2/repository/org/apache/ozone/ozone-recon/1.3.0-SNAPSHOT/ozone-recon-1.3.0-SNAPSHOT.jar:/home/runner/.m2/repository/org/apache/ozone/ozone-reconcodegen/1.3.0-SNAPSHOT/ozone-reconcodegen-1.3.0-SNAPSHOT.jar:/home/runner/.m2/repository/com/google/inject/extensions/guice-multibindings/4.0/guice-multibindings-4.0.jar:/home/runner/.m2/repository/com/google/inject/guice/4.0/guice-4.0.jar:/home/runner/.m2/repository/aopalliance/aopalliance/1.0/aopalliance-1.0.jar:/home/runner/.m2/repository/com/google/inject/extensions/guice-assistedinject/4.0/guice-assistedinject-4.0.jar:/home/runner/.m2/repository/com/google/inject/extensions/guice-servlet/4.0/guice-servlet-4.0.jar:/home/runner/.m2/repository/org/glassfish/jersey/containers/jersey-container-servlet/2.34/jersey-container-servlet-2.34.jar:/home/runner/.m2/repository/org/glassfish/hk2/guice-bridge/2.5.0/guice-bridge-2.5.0.jar:/home/runner/.m2/repository/org/glassfish/jersey/core/jersey-server/2.34/jersey-server-2.34.jar:/home/runner/.m2/repository/org/glassfish/jersey/core/jersey-client/2.34/jersey-client-2.34.jar:/home/runner/.m2/repository/jakarta/annotation/jakarta.annotation-api/1.3.5/jakarta.annotation-api-1.3.5.jar:/home/runner/.m2/repository/jakarta/validation/jakarta.validation-api/2.0.2/jakarta.validation-api-2.0.2.jar:/home/runner/.m2/repository/org/glassfish/jersey/media/jersey-media-json-jackson/2.34/jersey-media-json-jackson-2.34.jar:/home/runner/.m2/repository/org/glassfish/jersey/ext/jersey-entity-filtering/2.34/jersey-entity-filtering-2.34.jar:/home/runner/.m2/repository/org/jooq/jooq/3.11.10/jooq-3.11.10.jar:/home/runner/.m2/repository/org/jooq/jooq-meta/3.11.10/jooq-meta-3.11.10.jar:/home/runner/.m2/repository/org/jooq/jooq-codegen/3.11.10/jooq-codegen-3.11.10.jar:/home/runner/.m2/repository/com/jolbox/bonecp/0.8.0.RELEASE/bonecp-0.8.0.RELEASE.jar:/home/runner/.m2/repository/org/apache/derby/derby/10.14.2.0/derby-10.14.2.0.jar:/home/runner/.m2/repository/org/xerial/sqlite-jdbc/3.25.2/sqlite-jdbc-3.25.2.jar:/home/runner/.m2/repository/org/springframework/spring-jdbc/5.3.23/spring-jdbc-5.3.23.jar:/home/runner/.m2/repository/org/springframework/spring-beans/5.3.23/spring-beans-5.3.23.jar:/home/runner/.m2/repository/org/springframework/spring-core/5.3.23/spring-core-5.3.23.jar:/home/runner/.m2/repository/org/springframework/spring-jcl/5.3.23/spring-jcl-5.3.23.jar:/home/runner/.m2/repository/org/springframework/spring-tx/5.3.23/spring-tx-5.3.23.jar:/home/runner/.m2/repository/org/apache/ozone/ozone-client/1.3.0-SNAPSHOT/ozone-client-1.3.0-SNAPSHOT.jar:/home/runner/.m2/repository/org/apache/ozone/hdds-erasurecode/1.3.0-SNAPSHOT/hdds-erasurecode-1.3.0-SNAPSHOT.jar:/home/runner/.m2/repository/org/apache/ozone/ozone-filesystem/1.3.0-SNAPSHOT/ozone-filesystem-1.3.0-SNAPSHOT.jar:/home/runner/.m2/repository/org/apache/ozone/ozone-filesystem-common/1.3.0-SNAPSHOT/ozone-filesystem-common-1.3.0-SNAPSHOT.jar:/home/runner/.m2/repository/org/apache/ozone/ozone-tools/1.3.0-SNAPSHOT/ozone-tools-1.3.0-SNAPSHOT.jar:/home/runner/.m2/repository/org/apache/ratis/ratis-tools/2.4.0/ratis-tools-2.4.0.jar:/home/runner/.m2/repository/com/amazonaws/aws-java-sdk-core/1.12.261/aws-java-sdk-core-1.12.261.jar:/home/runner/.m2/repository/org/apache/httpcomponents/httpclient/4.5.13/httpclient-4.5.13.jar:/home/runner/.m2/repository/org/apache/httpcomponents/httpcore/4.4.13/httpcore-4.4.13.jar:/home/runner/.m2/repository/software/amazon/ion/ion-java/1.0.2/ion-java-1.0.2.jar:/home/runner/.m2/repository/com/fasterxml/jackson/dataformat/jackson-dataformat-cbor/2.13.4/jackson-dataformat-cbor-2.13.4.jar:/home/runner/.m2/repository/joda-time/joda-time/2.8.1/joda-time-2.8.1.jar:/home/runner/.m2/repository/com/amazonaws/aws-java-sdk-s3/1.12.261/aws-java-sdk-s3-1.12.261.jar:/home/runner/.m2/repository/com/amazonaws/aws-java-sdk-kms/1.12.261/aws-java-sdk-kms-1.12.261.jar:/home/runner/.m2/repository/com/amazonaws/jmespath-java/1.12.261/jmespath-java-1.12.261.jar:/home/runner/.m2/repository/org/kohsuke/metainf-services/metainf-services/1.8/metainf-services-1.8.jar:/home/runner/.m2/repository/org/apache/ozone/hdds-tools/1.3.0-SNAPSHOT/hdds-tools-1.3.0-SNAPSHOT.jar:/home/runner/.m2/repository/commons-cli/commons-cli/1.2/commons-cli-1.2.jar:/home/runner/.m2/repository/org/apache/commons/commons-lang3/3.7/commons-lang3-3.7.jar:/home/runner/.m2/repository/org/apache/ozone/ozone-manager/1.3.0-SNAPSHOT/ozone-manager-1.3.0-SNAPSHOT-tests.jar:/home/runner/.m2/repository/org/apache/ozone/hdds-common/1.3.0-SNAPSHOT/hdds-common-1.3.0-SNAPSHOT-tests.jar:/home/runner/.m2/repository/org/apache/ozone/hdds-hadoop-dependency-client/1.3.0-SNAPSHOT/hdds-hadoop-dependency-client-1.3.0-SNAPSHOT.jar:/home/runner/.m2/repository/info/picocli/picocli/4.6.1/picocli-4.6.1.jar:/home/runner/.m2/repository/com/fasterxml/jackson/core/jackson-annotations/2.13.4/jackson-annotations-2.13.4.jar:/home/runner/.m2/repository/com/fasterxml/jackson/datatype/jackson-datatype-jsr310/2.13.4/jackson-datatype-jsr310-2.13.4.jar:/home/runner/.m2/repository/org/apache/ozone/hdds-annotation-processing/1.3.0-SNAPSHOT/hdds-annotation-processing-1.3.0-SNAPSHOT.jar:/home/runner/.m2/repository/javax/annotation/javax.annotation-api/1.2/javax.annotation-api-1.2.jar:/home/runner/.m2/repository/org/apache/ratis/ratis-server/2.4.0/ratis-server-2.4.0.jar:/home/runner/.m2/repository/org/apache/ratis/ratis-client/2.4.0/ratis-client-2.4.0.jar:/home/runner/.m2/repository/org/apache/ratis/ratis-server-api/2.4.0/ratis-server-api-2.4.0.jar:/home/runner/.m2/repository/org/apache/ratis/ratis-metrics/2.4.0/ratis-metrics-2.4.0.jar:/home/runner/.m2/repository/org/apache/ratis/ratis-netty/2.4.0/ratis-netty-2.4.0.jar:/home/runner/.m2/repository/org/apache/ratis/ratis-grpc/2.4.0/ratis-grpc-2.4.0.jar:/home/runner/.m2/repository/org/apache/logging/log4j/log4j-api/2.17.1/log4j-api-2.17.1.jar:/home/runner/.m2/repository/org/apache/commons/commons-pool2/2.6.0/commons-pool2-2.6.0.jar:/home/runner/.m2/repository/org/bouncycastle/bcpkix-jdk15on/1.67/bcpkix-jdk15on-1.67.jar:/home/runner/.m2/repository/commons-validator/commons-validator/1.6/commons-validator-1.6.jar:/home/runner/.m2/repository/commons-beanutils/commons-beanutils/1.9.4/commons-beanutils-1.9.4.jar:/home/runner/.m2/repository/commons-digester/commons-digester/1.8.1/commons-digester-1.8.1.jar:/home/runner/.m2/repository/commons-collections/commons-collections/3.2.2/commons-collections-3.2.2.jar:/home/runner/.m2/repository/io/jaegertracing/jaeger-client/1.6.0/jaeger-client-1.6.0.jar:/home/runner/.m2/repository/io/jaegertracing/jaeger-thrift/1.6.0/jaeger-thrift-1.6.0.jar:/home/runner/.m2/repository/org/apache/thrift/libthrift/0.14.1/libthrift-0.14.1.jar:/home/runner/.m2/repository/io/jaegertracing/jaeger-core/1.6.0/jaeger-core-1.6.0.jar:/home/runner/.m2/repository/io/jaegertracing/jaeger-tracerresolver/1.6.0/jaeger-tracerresolver-1.6.0.jar:/home/runner/.m2/repository/io/opentracing/contrib/opentracing-tracerresolver/0.1.8/opentracing-tracerresolver-0.1.8.jar:/home/runner/.m2/repository/org/jetbrains/kotlin/kotlin-stdlib/1.6.21/kotlin-stdlib-1.6.21.jar:/home/runner/.m2/repository/org/jetbrains/annotations/13.0/annotations-13.0.jar:/home/runner/.m2/repository/io/opentracing/opentracing-util/0.33.0/opentracing-util-0.33.0.jar:/home/runner/.m2/repository/io/opentracing/opentracing-api/0.33.0/opentracing-api-0.33.0.jar:/home/runner/.m2/repository/io/opentracing/opentracing-noop/0.33.0/opentracing-noop-0.33.0.jar:/home/runner/.m2/repository/org/yaml/snakeyaml/1.33/snakeyaml-1.33.jar:/home/runner/.m2/repository/org/apache/ozone/hdds-interface-admin/1.3.0-SNAPSHOT/hdds-interface-admin-1.3.0-SNAPSHOT.jar:/home/runner/.m2/repository/junit/junit/4.13.1/junit-4.13.1.jar:/home/runner/.m2/repository/org/hamcrest/hamcrest-core/1.3/hamcrest-core-1.3.jar:/home/runner/.m2/repository/org/junit/jupiter/junit-jupiter-api/5.8.2/junit-jupiter-api-5.8.2.jar:/home/runner/.m2/repository/org/opentest4j/opentest4j/1.2.0/opentest4j-1.2.0.jar:/home/runner/.m2/repository/org/junit/platform/junit-platform-commons/1.8.2/junit-platform-commons-1.8.2.jar:/home/runner/.m2/repository/org/apiguardian/apiguardian-api/1.1.2/apiguardian-api-1.1.2.jar:/home/runner/.m2/repository/org/junit/jupiter/junit-jupiter-params/5.8.2/junit-jupiter-params-5.8.2.jar:/home/runner/.m2/repository/org/junit/jupiter/junit-jupiter-migrationsupport/5.8.2/junit-jupiter-migrationsupport-5.8.2.jar:/home/runner/.m2/repository/org/junit/jupiter/junit-jupiter-engine/5.8.2/junit-jupiter-engine-5.8.2.jar:/home/runner/.m2/repository/org/junit/platform/junit-platform-engine/1.8.2/junit-platform-engine-1.8.2.jar:/home/runner/.m2/repository/org/junit/vintage/junit-vintage-engine/5.8.2/junit-vintage-engine-5.8.2.jar:/home/runner/.m2/repository/org/junit/platform/junit-platform-launcher/1.8.2/junit-platform-launcher-1.8.2.jar:/home/runner/.m2/repository/org/mockito/mockito-core/2.28.2/mockito-core-2.28.2.jar:/home/runner/.m2/repository/net/bytebuddy/byte-buddy/1.9.10/byte-buddy-1.9.10.jar:/home/runner/.m2/repository/net/bytebuddy/byte-buddy-agent/1.9.10/byte-buddy-agent-1.9.10.jar:/home/runner/.m2/repository/org/objenesis/objenesis/1.0/objenesis-1.0.jar:/home/runner/.m2/repository/org/apache/hadoop/hadoop-kms/3.3.4/hadoop-kms-3.3.4.jar:/home/runner/.m2/repository/org/apache/hadoop/hadoop-auth/3.3.4/hadoop-auth-3.3.4.jar:/home/runner/.m2/repository/com/nimbusds/nimbus-jose-jwt/7.9/nimbus-jose-jwt-7.9.jar:/home/runner/.m2/repository/com/github/stephenc/jcip/jcip-annotations/1.0-1/jcip-annotations-1.0-1.jar:/home/runner/.m2/repository/net/minidev/json-smart/2.4.7/json-smart-2.4.7.jar:/home/runner/.m2/repository/net/minidev/accessors-smart/2.4.7/accessors-smart-2.4.7.jar:/home/runner/.m2/repository/org/ow2/asm/asm/5.0.4/asm-5.0.4.jar:/home/runner/.m2/repository/org/apache/zookeeper/zookeeper/3.5.6/zookeeper-3.5.6.jar:/home/runner/.m2/repository/org/apache/zookeeper/zookeeper-jute/3.5.6/zookeeper-jute-3.5.6.jar:/home/runner/.m2/repository/org/apache/yetus/audience-annotations/0.5.0/audience-annotations-0.5.0.jar:/home/runner/.m2/repository/org/apache/curator/curator-framework/4.2.0/curator-framework-4.2.0.jar:/home/runner/.m2/repository/org/apache/hadoop/thirdparty/hadoop-shaded-guava/1.1.1/hadoop-shaded-guava-1.1.1.jar:/home/runner/.m2/repository/com/sun/jersey/jersey-core/1.19/jersey-core-1.19.jar:/home/runner/.m2/repository/javax/ws/rs/jsr311-api/1.1.1/jsr311-api-1.1.1.jar:/home/runner/.m2/repository/com/sun/jersey/jersey-server/1.19/jersey-server-1.19.jar:/home/runner/.m2/repository/javax/servlet/javax.servlet-api/3.1.0/javax.servlet-api-3.1.0.jar:/home/runner/.m2/repository/org/eclipse/jetty/jetty-server/9.4.49.v20220914/jetty-server-9.4.49.v20220914.jar:/home/runner/.m2/repository/org/eclipse/jetty/jetty-http/9.4.49.v20220914/jetty-http-9.4.49.v20220914.jar:/home/runner/.m2/repository/org/eclipse/jetty/jetty-io/9.4.49.v20220914/jetty-io-9.4.49.v20220914.jar:/home/runner/.m2/repository/org/eclipse/jetty/jetty-webapp/9.4.49.v20220914/jetty-webapp-9.4.49.v20220914.jar:/home/runner/.m2/repository/org/eclipse/jetty/jetty-xml/9.4.49.v20220914/jetty-xml-9.4.49.v20220914.jar:/home/runner/.m2/repository/org/apache/hadoop/hadoop-common/3.3.4/hadoop-common-3.3.4.jar:/home/runner/.m2/repository/org/apache/commons/commons-math3/3.1.1/commons-math3-3.1.1.jar:/home/runner/.m2/repository/commons-net/commons-net/3.6/commons-net-3.6.jar:/home/runner/.m2/repository/com/sun/jersey/jersey-servlet/1.19/jersey-servlet-1.19.jar:/home/runner/.m2/repository/com/sun/jersey/jersey-json/1.19/jersey-json-1.19.jar:/home/runner/.m2/repository/org/codehaus/jettison/jettison/1.1/jettison-1.1.jar:/home/runner/.m2/repository/com/sun/xml/bind/jaxb-impl/2.2.3-1/jaxb-impl-2.2.3-1.jar:/home/runner/.m2/repository/org/codehaus/jackson/jackson-xc/1.9.2/jackson-xc-1.9.2.jar:/home/runner/.m2/repository/com/google/re2j/re2j/1.1/re2j-1.1.jar:/home/runner/.m2/repository/com/jcraft/jsch/0.1.54/jsch-0.1.54.jar:/home/runner/.m2/repository/org/apache/curator/curator-client/4.2.0/curator-client-4.2.0.jar:/home/runner/.m2/repository/org/apache/curator/curator-recipes/4.2.0/curator-recipes-4.2.0.jar:/home/runner/.m2/repository/org/apache/kerby/kerb-core/1.0.1/kerb-core-1.0.1.jar:/home/runner/.m2/repository/org/apache/kerby/kerby-pkix/1.0.1/kerby-pkix-1.0.1.jar:/home/runner/.m2/repository/org/apache/kerby/kerby-asn1/1.0.1/kerby-asn1-1.0.1.jar:/home/runner/.m2/repository/org/apache/kerby/kerby-util/1.0.1/kerby-util-1.0.1.jar:/home/runner/.m2/repository/dnsjava/dnsjava/2.1.7/dnsjava-2.1.7.jar:/home/runner/.m2/repository/org/xerial/snappy/snappy-java/1.1.8.2/snappy-java-1.1.8.2.jar:/home/runner/.m2/repository/org/eclipse/jetty/jetty-util/9.4.49.v20220914/jetty-util-9.4.49.v20220914.jar:/home/runner/.m2/repository/com/fasterxml/jackson/core/jackson-databind/2.13.4.2/jackson-databind-2.13.4.2.jar:/home/runner/.m2/repository/org/apache/hadoop/hadoop-kms/3.3.4/hadoop-kms-3.3.4-tests.jar:/home/runner/.m2/repository/org/apache/ozone/hdds-server-scm/1.3.0-SNAPSHOT/hdds-server-scm-1.3.0-SNAPSHOT-tests.jar:/home/runner/.m2/repository/org/apache/ozone/hdds-container-service/1.3.0-SNAPSHOT/hdds-container-service-1.3.0-SNAPSHOT-tests.jar:/home/runner/.m2/repository/commons-codec/commons-codec/1.11/commons-codec-1.11.jar:/home/runner/.m2/repository/io/netty/netty-codec/4.1.79.Final/netty-codec-4.1.79.Final.jar:/home/runner/.m2/repository/io/netty/netty-handler/4.1.79.Final/netty-handler-4.1.79.Final.jar:/home/runner/.m2/repository/org/apache/ozone/hdds-hadoop-dependency-test/1.3.0-SNAPSHOT/hdds-hadoop-dependency-test-1.3.0-SNAPSHOT.jar:/home/runner/.m2/repository/org/apache/hadoop/hadoop-common/3.3.4/hadoop-common-3.3.4-tests.jar:/home/runner/.m2/repository/org/apache/hadoop/hadoop-hdfs/3.3.4/hadoop-hdfs-3.3.4-tests.jar:/home/runner/.m2/repository/org/assertj/assertj-core/3.12.2/assertj-core-3.12.2.jar:/home/runner/.m2/repository/org/apache/hadoop/hadoop-distcp/3.3.4/hadoop-distcp-3.3.4.jar:/home/runner/.m2/repository/org/apache/hadoop/hadoop-mapreduce-client-jobclient/3.3.4/hadoop-mapreduce-client-jobclient-3.3.4.jar:/home/runner/.m2/repository/org/apache/hadoop/hadoop-mapreduce-client-common/3.3.4/hadoop-mapreduce-client-common-3.3.4.jar:/home/runner/.m2/repository/org/apache/hadoop/hadoop-yarn-common/3.3.4/hadoop-yarn-common-3.3.4.jar:/home/runner/.m2/repository/org/apache/hadoop/hadoop-yarn-api/3.3.4/hadoop-yarn-api-3.3.4.jar:/home/runner/.m2/repository/com/sun/jersey/contribs/jersey-guice/1.19/jersey-guice-1.19.jar:/home/runner/.m2/repository/com/fasterxml/jackson/jaxrs/jackson-jaxrs-json-provider/2.13.4/jackson-jaxrs-json-provider-2.13.4.jar:/home/runner/.m2/repository/com/fasterxml/jackson/jaxrs/jackson-jaxrs-base/2.13.4/jackson-jaxrs-base-2.13.4.jar:/home/runner/.m2/repository/org/apache/hadoop/hadoop-yarn-client/3.3.4/hadoop-yarn-client-3.3.4.jar:/home/runner/.m2/repository/org/eclipse/jetty/websocket/websocket-client/9.4.43.v20210629/websocket-client-9.4.43.v20210629.jar:/home/runner/.m2/repository/org/eclipse/jetty/websocket/websocket-common/9.4.43.v20210629/websocket-common-9.4.43.v20210629.jar:/home/runner/.m2/repository/org/eclipse/jetty/websocket/websocket-api/9.4.43.v20210629/websocket-api-9.4.43.v20210629.jar:/home/runner/.m2/repository/org/jline/jline/3.9.0/jline-3.9.0.jar:/home/runner/.m2/repository/org/apache/hadoop/hadoop-mapreduce-client-core/3.3.4/hadoop-mapreduce-client-core-3.3.4.jar:/home/runner/.m2/repository/org/apache/avro/avro/1.7.7/avro-1.7.7.jar:/home/runner/.m2/repository/org/codehaus/jackson/jackson-core-asl/1.9.13/jackson-core-asl-1.9.13.jar:/home/runner/.m2/repository/org/codehaus/jackson/jackson-mapper-asl/1.9.13/jackson-mapper-asl-1.9.13.jar:/home/runner/.m2/repository/com/thoughtworks/paranamer/paranamer/2.3/paranamer-2.3.jar:/home/runner/.m2/repository/org/apache/hadoop/hadoop-annotations/3.3.4/hadoop-annotations-3.3.4.jar:/usr/lib/jvm/temurin-8-jdk-amd64/jre/../lib/tools.jar:/home/runner/.m2/repository/io/netty/netty/3.10.6.Final/netty-3.10.6.Final.jar:/home/runner/.m2/repository/org/apache/hadoop/hadoop-distcp/3.3.4/hadoop-distcp-3.3.4-tests.jar:/home/runner/.m2/repository/org/slf4j/jul-to-slf4j/1.7.36/jul-to-slf4j-1.7.36.jar:/home/runner/.m2/repository/org/apache/ratis/ratis-common/2.4.0/ratis-common-2.4.0.jar:/home/runner/.m2/repository/org/apache/ratis/ratis-thirdparty-misc/1.0.2/ratis-thirdparty-misc-1.0.2.jar:/home/runner/.m2/repository/org/apache/ratis/ratis-proto/2.4.0/ratis-proto-2.4.0.jar:"/>
    <property name="sun.cpu.endian" value="little"/>
    <property name="user.home" value="/home/runner"/>
    <property name="user.language" value="en"/>
    <property name="java.specification.vendor" value="Oracle Corporation"/>
    <property name="java.home" value="/usr/lib/jvm/temurin-8-jdk-amd64/jre"/>
    <property name="java.security.krb5.conf" value="/home/runner/work/ozone/ozone/hadoop-ozone/integration-test/target/test-classes/krb5.conf"/>
    <property name="basedir" value="/home/runner/work/ozone/ozone/hadoop-ozone/integration-test"/>
    <property name="file.separator" value="/"/>
    <property name="line.separator" value="&#10;"/>
    <property name="java.vm.specification.vendor" value="Oracle Corporation"/>
    <property name="java.specification.name" value="Java Platform API Specification"/>
    <property name="java.awt.graphicsenv" value="sun.awt.X11GraphicsEnvironment"/>
    <property name="skip.installnpx" value="true"/>
    <property name="surefire.real.class.path" value="/home/runner/work/ozone/ozone/hadoop-ozone/integration-test/target/surefire/surefirebooter7173496139594498640.jar:/home/runner/.m2/repository/org/jacoco/org.jacoco.agent/0.8.5/org.jacoco.agent-0.8.5-runtime.jar"/>
    <property name="hadoop.log.dir" value="/home/runner/work/ozone/ozone/hadoop-ozone/integration-test/target/log"/>
    <property name="sun.boot.class.path" value="/usr/lib/jvm/temurin-8-jdk-amd64/jre/lib/resources.jar:/usr/lib/jvm/temurin-8-jdk-amd64/jre/lib/rt.jar:/usr/lib/jvm/temurin-8-jdk-amd64/jre/lib/sunrsasign.jar:/usr/lib/jvm/temurin-8-jdk-amd64/jre/lib/jsse.jar:/usr/lib/jvm/temurin-8-jdk-amd64/jre/lib/jce.jar:/usr/lib/jvm/temurin-8-jdk-amd64/jre/lib/charsets.jar:/usr/lib/jvm/temurin-8-jdk-amd64/jre/lib/jfr.jar:/usr/lib/jvm/temurin-8-jdk-amd64/jre/classes"/>
    <property name="sun.management.compiler" value="HotSpot 64-Bit Tiered Compilers"/>
    <property name="skip.npx" value="true"/>
    <property name="java.runtime.version" value="1.8.0_345-b01"/>
    <property name="java.net.preferIPv4Stack" value="true"/>
    <property name="user.name" value="runner"/>
    <property name="path.separator" value=":"/>
    <property name="java.security.egd" value="file:///dev/urandom"/>
    <property name="os.version" value="5.15.0-1022-azure"/>
    <property name="java.endorsed.dirs" value="/usr/lib/jvm/temurin-8-jdk-amd64/jre/lib/endorsed"/>
    <property name="java.runtime.name" value="OpenJDK Runtime Environment"/>
    <property name="file.encoding" value="UTF-8"/>
    <property name="java.vm.name" value="OpenJDK 64-Bit Server VM"/>
    <property name="test.build.webapps" value=""/>
    <property name="localRepository" value="/home/runner/.m2/repository"/>
    <property name="jetty.git.hash" value="4231a3b2e4cb8548a412a789936d640a97b1aa0a"/>
    <property name="java.vendor.url.bug" value="https://github.com/adoptium/adoptium-support/issues"/>
    <property name="java.io.tmpdir" value="/tmp"/>
    <property name="require.test.libhadoop" value=""/>
    <property name="java.version" value="1.8.0_345"/>
    <property name="user.dir" value="/home/runner/work/ozone/ozone/hadoop-ozone/integration-test"/>
    <property name="os.arch" value="amd64"/>
    <property name="java.vm.specification.name" value="Java Virtual Machine Specification"/>
    <property name="test.build.classes" value="/home/runner/work/ozone/ozone/hadoop-ozone/integration-test/target/test-classes"/>
    <property name="java.awt.printerjob" value="sun.print.PSPrinterJob"/>
    <property name="sun.os.patch.level" value="unknown"/>
    <property name="org.apache.ratis.thirdparty.io.netty.allocator.useCacheForAllThreads" value="false"/>
    <property name="hadoop.tmp.dir" value="/home/runner/work/ozone/ozone/hadoop-ozone/integration-test/target/tmp"/>
    <property name="java.library.path" value="/usr/java/packages/lib/amd64:/usr/lib64:/lib64:/lib:/usr/lib"/>
    <property name="java.vm.info" value="mixed mode"/>
    <property name="java.vendor" value="Temurin"/>
    <property name="java.vm.version" value="25.345-b01"/>
    <property name="java.ext.dirs" value="/usr/lib/jvm/temurin-8-jdk-amd64/jre/lib/ext:/usr/java/packages/lib/ext"/>
    <property name="sun.io.unicode.encoding" value="UnicodeLittle"/>
    <property name="java.class.version" value="52.0"/>
  </properties>
  <testcase name="testAutomaticPipelineCreationOnPipelineDestroy" classname="org.apache.hadoop.hdds.scm.pipeline.TestRatisPipelineCreateAndDestroy" time="40.397">
    <system-out><![CDATA[2022-11-08 11:40:20,899 [main] WARN  server.ServerUtils (ServerUtils.java:getScmDbDir(148)) - ozone.scm.db.dirs is not configured. We recommend adding this setting. Falling back to ozone.metadata.dirs instead.
2022-11-08 11:40:21,015 [main] WARN  server.ServerUtils (ServerUtils.java:getScmDbDir(148)) - ozone.scm.db.dirs is not configured. We recommend adding this setting. Falling back to ozone.metadata.dirs instead.
2022-11-08 11:40:21,019 [main] INFO  ha.SCMHANodeDetails (SCMHANodeDetails.java:loadSCMHAConfig(209)) - ServiceID for StorageContainerManager is null
2022-11-08 11:40:21,032 [main] WARN  ha.SCMHANodeDetails (SCMHANodeDetails.java:validateSCMHAConfig(182)) - Invalid config ozone.scm.ratis.enable. The config was not specified, but the default value true conflicts with the expected config value false. Falling back to the expected value. Current State of SCM: SCM is running in Non-HA without Ratis Ratis SCM -> Non Ratis SCM or Non HA SCM -> HA SCM is not supported
2022-11-08 11:40:21,033 [main] INFO  ha.SCMHANodeDetails (SCMHANodeDetails.java:loadSCMHAConfig(214)) - ozone.scm.default.service.id is not defined, falling back to ozone.scm.service.ids to find serviceID for StorageContainerManager if it is HA enabled cluster
2022-11-08 11:40:21,620 [main] WARN  utils.HAUtils (HAUtils.java:getMetaDir(342)) - ozone.scm.db.dirs is not configured. We recommend adding this setting. Falling back to ozone.metadata.dirs instead.
2022-11-08 11:40:21,824 [main] WARN  db.DBStoreBuilder (DBStoreBuilder.java:applyDBDefinition(144)) - ozone.scm.db.dirs is not configured. We recommend adding this setting. Falling back to ozone.metadata.dirs instead.
2022-11-08 11:40:22,184 [main] INFO  net.NodeSchemaLoader (NodeSchemaLoader.java:loadSchemaFromFile(129)) - Loading schema from [jar:file:/home/runner/.m2/repository/org/apache/ozone/hdds-common/1.3.0-SNAPSHOT/hdds-common-1.3.0-SNAPSHOT.jar!/network-topology-default.xml]
2022-11-08 11:40:22,186 [main] INFO  net.NodeSchemaLoader (NodeSchemaLoader.java:loadSchema(176)) - Loading network topology layer schema file
2022-11-08 11:40:22,236 [main] INFO  metrics.MetricRegistries (MetricRegistriesLoader.java:load(64)) - Loaded MetricRegistries class org.apache.ratis.metrics.impl.MetricRegistriesImpl
2022-11-08 11:40:22,243 [main] INFO  upgrade.AbstractLayoutVersionManager (AbstractLayoutVersionManager.java:init(83)) - Initializing Layout version manager with metadata layout = DATANODE_SCHEMA_V3 (version = 4), software layout = DATANODE_SCHEMA_V3 (version = 4)
2022-11-08 11:40:22,626 [main] INFO  reflections.Reflections (Reflections.java:scan(232)) - Reflections took 268 ms to scan 7 urls, producing 139 keys and 336 values 
2022-11-08 11:40:22,775 [main] INFO  ha.SequenceIdGenerator (SequenceIdGenerator.java:upgradeToSequenceId(349)) - upgrade localId to 109611004723200000
2022-11-08 11:40:22,775 [main] INFO  ha.SequenceIdGenerator (SequenceIdGenerator.java:upgradeToSequenceId(359)) - upgrade delTxnId to 0
2022-11-08 11:40:22,780 [main] INFO  ha.SequenceIdGenerator (SequenceIdGenerator.java:upgradeToSequenceId(376)) - upgrade containerId to 0
2022-11-08 11:40:22,782 [main] INFO  ha.SequenceIdGenerator (SequenceIdGenerator.java:<init>(220)) - Init the HA SequenceIdGenerator.
2022-11-08 11:40:22,844 [main] INFO  node.SCMNodeManager (SCMNodeManager.java:<init>(149)) - Entering startup safe mode.
2022-11-08 11:40:22,933 [main] INFO  algorithms.ContainerPlacementPolicyFactory (ContainerPlacementPolicyFactory.java:getPolicyInternal(86)) - Create container placement policy of type org.apache.hadoop.hdds.scm.container.placement.algorithms.SCMContainerPlacementRandom
2022-11-08 11:40:22,937 [main] INFO  algorithms.ContainerPlacementPolicyFactory (ContainerPlacementPolicyFactory.java:getPolicyInternal(86)) - Create container placement policy of type org.apache.hadoop.hdds.scm.container.placement.algorithms.SCMContainerPlacementRackScatter
2022-11-08 11:40:22,958 [main] INFO  pipeline.PipelineStateManagerImpl (PipelineStateManagerImpl.java:initialize(78)) - No pipeline exists in current db
2022-11-08 11:40:23,002 [main] INFO  algorithms.LeaderChoosePolicyFactory (LeaderChoosePolicyFactory.java:getPolicy(57)) - Create leader choose policy of type org.apache.hadoop.hdds.scm.pipeline.leader.choose.algorithms.MinLeaderCountChoosePolicy
2022-11-08 11:40:23,003 [main] INFO  algorithms.ContainerPlacementPolicyFactory (ContainerPlacementPolicyFactory.java:getPolicyInternal(86)) - Create container placement policy of type org.apache.hadoop.hdds.scm.container.placement.algorithms.SCMContainerPlacementRackScatter
2022-11-08 11:40:23,013 [main] INFO  ha.SCMServiceManager (SCMServiceManager.java:register(42)) - Registering service BackgroundPipelineCreator.
2022-11-08 11:40:23,014 [main] INFO  pipeline.BackgroundPipelineCreator (BackgroundPipelineCreator.java:start(124)) - Starting RatisPipelineUtilsThread.
2022-11-08 11:40:23,022 [main] INFO  BackgroundPipelineScrubber (BackgroundSCMService.java:start(68)) - Starting BackgroundPipelineScrubber Service.
2022-11-08 11:40:23,023 [main] INFO  ha.SCMServiceManager (SCMServiceManager.java:register(42)) - Registering service BackgroundPipelineScrubber.
2022-11-08 11:40:23,032 [main] INFO  ExpiredContainerReplicaOpScrubber (BackgroundSCMService.java:start(68)) - Starting ExpiredContainerReplicaOpScrubber Service.
2022-11-08 11:40:23,032 [main] INFO  ha.SCMServiceManager (SCMServiceManager.java:register(42)) - Registering service ExpiredContainerReplicaOpScrubber.
2022-11-08 11:40:23,098 [main] INFO  algorithms.PipelineChoosePolicyFactory (PipelineChoosePolicyFactory.java:createPipelineChoosePolicyFromClass(73)) - Create pipeline choose policy of type org.apache.hadoop.hdds.scm.pipeline.choose.algorithms.RandomPipelineChoosePolicy
2022-11-08 11:40:23,127 [main] INFO  ha.SCMServiceManager (SCMServiceManager.java:register(42)) - Registering service SCMBlockDeletingService.
2022-11-08 11:40:23,189 [main] INFO  replication.ReplicationManager (ReplicationManager.java:start(239)) - Starting Replication Monitor Thread.
2022-11-08 11:40:23,198 [main] INFO  ha.SCMServiceManager (SCMServiceManager.java:register(42)) - Registering service ReplicationManager.
2022-11-08 11:40:23,204 [ReplicationMonitor] INFO  replication.ReplicationManager (ReplicationManager.java:processAll(308)) - Replication Manager is not ready to run until 3000ms after safemode exit
2022-11-08 11:40:23,212 [main] INFO  safemode.ContainerSafeModeRule (ContainerSafeModeRule.java:<init>(89)) - containers with one replica threshold count 0
2022-11-08 11:40:23,217 [main] INFO  safemode.HealthyPipelineSafeModeRule (HealthyPipelineSafeModeRule.java:initializeRule(169)) - Total pipeline count is 0, healthy pipeline threshold count is 1
2022-11-08 11:40:23,220 [main] INFO  safemode.OneReplicaPipelineSafeModeRule (OneReplicaPipelineSafeModeRule.java:initializeRule(180)) - Total pipeline count is 0, pipeline's with at least one datanode reported threshold count is 0
2022-11-08 11:40:23,627 [main] INFO  audit.AuditLogger (AuditLogger.java:refreshDebugCmdSet(126)) - Refresh DebugCmdSet for SCMAudit to [].
2022-11-08 11:40:23,665 [main] INFO  ipc.CallQueueManager (CallQueueManager.java:<init>(90)) - Using callQueue: class java.util.concurrent.LinkedBlockingQueue, queueCapacity: 2000, scheduler: class org.apache.hadoop.ipc.DefaultRpcScheduler, ipcBackoff: false.
2022-11-08 11:40:23,712 [Socket Reader #1 for port 0] INFO  ipc.Server (Server.java:run(1273)) - Starting Socket Reader #1 for port 0
2022-11-08 11:40:23,782 [Listener at 0.0.0.0/35191] INFO  audit.AuditLogger (AuditLogger.java:refreshDebugCmdSet(126)) - Refresh DebugCmdSet for SCMAudit to [].
2022-11-08 11:40:23,790 [Listener at 0.0.0.0/35191] INFO  ipc.CallQueueManager (CallQueueManager.java:<init>(90)) - Using callQueue: class java.util.concurrent.LinkedBlockingQueue, queueCapacity: 2000, scheduler: class org.apache.hadoop.ipc.DefaultRpcScheduler, ipcBackoff: false.
2022-11-08 11:40:23,792 [Socket Reader #1 for port 0] INFO  ipc.Server (Server.java:run(1273)) - Starting Socket Reader #1 for port 0
2022-11-08 11:40:23,828 [Listener at 0.0.0.0/46837] INFO  audit.AuditLogger (AuditLogger.java:refreshDebugCmdSet(126)) - Refresh DebugCmdSet for SCMAudit to [].
2022-11-08 11:40:23,842 [Listener at 0.0.0.0/46837] INFO  ipc.CallQueueManager (CallQueueManager.java:<init>(90)) - Using callQueue: class java.util.concurrent.LinkedBlockingQueue, queueCapacity: 2000, scheduler: class org.apache.hadoop.ipc.DefaultRpcScheduler, ipcBackoff: false.
2022-11-08 11:40:23,849 [Socket Reader #1 for port 0] INFO  ipc.Server (Server.java:run(1273)) - Starting Socket Reader #1 for port 0
2022-11-08 11:40:23,899 [Listener at 0.0.0.0/34057] INFO  ha.SCMServiceManager (SCMServiceManager.java:register(42)) - Registering service ContainerBalancer.
2022-11-08 11:40:23,901 [Listener at 0.0.0.0/34057] INFO  server.StorageContainerManager (StorageContainerManager.java:<init>(415)) - 
Container Balancer status:
Key                            Value
Running                        true
Container Balancer Configuration values:
Key                                                Value
Threshold                                          10
Max Datanodes to Involve per Iteration(percent)    20
Max Size to Move per Iteration                     500GB
Max Size Entering Target per Iteration             26GB
Max Size Leaving Source per Iteration              26GB

2022-11-08 11:40:23,905 [Listener at 0.0.0.0/34057] WARN  events.EventQueue (EventQueue.java:fireEvent(216)) - No event handler registered for event TypedEvent{payloadType=SafeModeStatus, name='Safe mode status'}
2022-11-08 11:40:23,905 [Listener at 0.0.0.0/34057] INFO  ha.SCMContext (SCMContext.java:updateSafeModeStatus(228)) - Update SafeModeStatus from SafeModeStatus{safeModeStatus=true, preCheckPassed=false} to SafeModeStatus{safeModeStatus=true, preCheckPassed=false}.
2022-11-08 11:40:23,909 [Listener at 0.0.0.0/34057] INFO  server.StorageContainerManager (StorageContainerManager.java:start(1449)) - StorageContainerLocationProtocol RPC server is listening at /0.0.0.0:34057
2022-11-08 11:40:24,024 [Listener at 0.0.0.0/34057] WARN  impl.MetricsConfig (MetricsConfig.java:loadFirst(136)) - Cannot locate configuration: tried hadoop-metrics2-storagecontainermanager.properties,hadoop-metrics2.properties
2022-11-08 11:40:24,042 [Listener at 0.0.0.0/34057] INFO  impl.MetricsSystemImpl (MetricsSystemImpl.java:startTimer(378)) - Scheduled Metric snapshot period at 10 second(s).
2022-11-08 11:40:24,043 [Listener at 0.0.0.0/34057] INFO  impl.MetricsSystemImpl (MetricsSystemImpl.java:start(191)) - StorageContainerManager metrics system started
2022-11-08 11:40:24,431 [Listener at 0.0.0.0/34057] INFO  server.SCMClientProtocolServer (SCMClientProtocolServer.java:start(170)) - RPC server for Client  is listening at /0.0.0.0:34057
2022-11-08 11:40:24,433 [IPC Server Responder] INFO  ipc.Server (Server.java:run(1512)) - IPC Server Responder: starting
2022-11-08 11:40:24,439 [Listener at 0.0.0.0/34057] INFO  server.StorageContainerManager (StorageContainerManager.java:start(1464)) - ScmBlockLocationProtocol RPC server is listening at /0.0.0.0:46837
2022-11-08 11:40:24,445 [Listener at 0.0.0.0/34057] INFO  server.SCMBlockProtocolServer (SCMBlockProtocolServer.java:start(152)) - RPC server for Block Protocol is listening at /0.0.0.0:46837
2022-11-08 11:40:24,435 [IPC Server listener on 0] INFO  ipc.Server (Server.java:run(1352)) - IPC Server listener on 0: starting
2022-11-08 11:40:24,447 [IPC Server Responder] INFO  ipc.Server (Server.java:run(1512)) - IPC Server Responder: starting
2022-11-08 11:40:24,448 [IPC Server listener on 0] INFO  ipc.Server (Server.java:run(1352)) - IPC Server listener on 0: starting
2022-11-08 11:40:24,452 [Listener at 0.0.0.0/34057] INFO  server.SCMDatanodeProtocolServer (SCMDatanodeProtocolServer.java:start(186)) - ScmDatanodeProtocol RPC server for DataNodes is listening at /0.0.0.0:35191
2022-11-08 11:40:24,454 [IPC Server Responder] INFO  ipc.Server (Server.java:run(1512)) - IPC Server Responder: starting
2022-11-08 11:40:24,456 [IPC Server listener on 0] INFO  ipc.Server (Server.java:run(1352)) - IPC Server listener on 0: starting
2022-11-08 11:40:24,485 [org.apache.hadoop.util.JvmPauseMonitor$Monitor@4c599679] INFO  util.JvmPauseMonitor (JvmPauseMonitor.java:run(188)) - Starting JVM pause monitor
2022-11-08 11:40:24,512 [Listener at 0.0.0.0/34057] INFO  http.BaseHttpServer (BaseHttpServer.java:newHttpServer2BuilderForOzone(213)) - Starting Web-server for scm at: http://0.0.0.0:0
2022-11-08 11:40:24,513 [Listener at 0.0.0.0/34057] INFO  http.BaseHttpServer (BaseHttpServer.java:<init>(108)) - Hadoop Security Enabled: false Ozone Security Enabled: false Ozone HTTP Security Enabled: false 
2022-11-08 11:40:24,554 [Listener at 0.0.0.0/34057] INFO  util.log (Log.java:initialized(170)) - Logging initialized @5398ms to org.eclipse.jetty.util.log.Slf4jLog
2022-11-08 11:40:24,688 [Listener at 0.0.0.0/34057] WARN  server.AuthenticationFilter (AuthenticationFilter.java:constructSecretProvider(240)) - Unable to initialize FileSignerSecretProvider, falling back to use random secrets. Reason: Could not read signature secret file: /home/runner/hadoop-http-auth-signature-secret
2022-11-08 11:40:24,707 [Listener at 0.0.0.0/34057] WARN  http.HttpRequestLog (HttpRequestLog.java:getRequestLog(103)) - Jetty request log can only be enabled using Log4j
2022-11-08 11:40:24,716 [Listener at 0.0.0.0/34057] INFO  http.HttpServer2 (HttpServer2.java:addGlobalFilter(1031)) - Added global filter 'safety' (class=org.apache.hadoop.hdds.server.http.HttpServer2$QuotingInputFilter)
2022-11-08 11:40:24,719 [Listener at 0.0.0.0/34057] INFO  http.HttpServer2 (HttpServer2.java:addFilter(1007)) - Added filter static_user_filter (class=org.apache.hadoop.http.lib.StaticUserWebFilter$StaticUserFilter) to context scm
2022-11-08 11:40:24,719 [Listener at 0.0.0.0/34057] INFO  http.HttpServer2 (HttpServer2.java:addFilter(1015)) - Added filter static_user_filter (class=org.apache.hadoop.http.lib.StaticUserWebFilter$StaticUserFilter) to context logs
2022-11-08 11:40:24,720 [Listener at 0.0.0.0/34057] INFO  http.HttpServer2 (HttpServer2.java:addFilter(1015)) - Added filter static_user_filter (class=org.apache.hadoop.http.lib.StaticUserWebFilter$StaticUserFilter) to context static
2022-11-08 11:40:24,773 [Listener at 0.0.0.0/34057] INFO  http.HttpServer2 (HttpServer2.java:bindListener(1250)) - Jetty bound to port 43039
2022-11-08 11:40:24,775 [Listener at 0.0.0.0/34057] INFO  server.Server (Server.java:doStart(375)) - jetty-9.4.49.v20220914; built: 2022-09-14T01:07:36.601Z; git: 4231a3b2e4cb8548a412a789936d640a97b1aa0a; jvm 1.8.0_345-b01
2022-11-08 11:40:24,824 [Listener at 0.0.0.0/34057] INFO  server.session (DefaultSessionIdManager.java:doStart(334)) - DefaultSessionIdManager workerName=node0
2022-11-08 11:40:24,824 [Listener at 0.0.0.0/34057] INFO  server.session (DefaultSessionIdManager.java:doStart(339)) - No SessionScavenger set, using defaults
2022-11-08 11:40:24,827 [Listener at 0.0.0.0/34057] INFO  server.session (HouseKeeper.java:startScavenging(132)) - node0 Scavenging every 660000ms
2022-11-08 11:40:24,849 [Listener at 0.0.0.0/34057] INFO  handler.ContextHandler (ContextHandler.java:doStart(921)) - Started o.e.j.s.ServletContextHandler@67730dab{logs,/logs,file:///home/runner/work/ozone/ozone/hadoop-ozone/integration-test/target/log,AVAILABLE}
2022-11-08 11:40:24,850 [Listener at 0.0.0.0/34057] INFO  handler.ContextHandler (ContextHandler.java:doStart(921)) - Started o.e.j.s.ServletContextHandler@3d195d15{static,/static,file:///home/runner/work/ozone/ozone/hadoop-ozone/integration-test/target/test-classes/webapps/static,AVAILABLE}
2022-11-08 11:40:24,925 [Listener at 0.0.0.0/34057] INFO  handler.ContextHandler (ContextHandler.java:doStart(921)) - Started o.e.j.w.WebAppContext@e638553{scm,/,file:///home/runner/work/ozone/ozone/hadoop-ozone/integration-test/target/test-classes/webapps/scm/,AVAILABLE}{file:/home/runner/work/ozone/ozone/hadoop-ozone/integration-test/target/test-classes/webapps/scm}
2022-11-08 11:40:24,941 [Listener at 0.0.0.0/34057] INFO  server.AbstractConnector (AbstractConnector.java:doStart(333)) - Started ServerConnector@66f223fa{HTTP/1.1, (http/1.1)}{0.0.0.0:43039}
2022-11-08 11:40:24,945 [Listener at 0.0.0.0/34057] INFO  server.Server (Server.java:doStart(415)) - Started @5790ms
2022-11-08 11:40:24,952 [Listener at 0.0.0.0/34057] INFO  impl.MetricsSinkAdapter (MetricsSinkAdapter.java:start(204)) - Sink prometheus started
2022-11-08 11:40:24,952 [Listener at 0.0.0.0/34057] INFO  impl.MetricsSystemImpl (MetricsSystemImpl.java:registerSink(305)) - Registered sink prometheus
2022-11-08 11:40:24,954 [Listener at 0.0.0.0/34057] INFO  http.BaseHttpServer (BaseHttpServer.java:updateConnectorAddress(333)) - HTTP server of scm listening at http://0.0.0.0:43039
2022-11-08 11:40:24,958 [Listener at 0.0.0.0/34057] WARN  server.ServerUtils (ServerUtils.java:getDBPath(225)) - ozone.om.db.dirs is not configured. We recommend adding this setting. Falling back to ozone.metadata.dirs instead.
2022-11-08 11:40:25,054 [Listener at 0.0.0.0/34057] INFO  audit.AuditLogger (AuditLogger.java:refreshDebugCmdSet(126)) - Refresh DebugCmdSet for OMAudit to [].
2022-11-08 11:40:25,208 [Listener at 0.0.0.0/34057] INFO  ha.OMHANodeDetails (OMHANodeDetails.java:loadOMHAConfig(115)) - ozone.om.internal.service.id is not defined, falling back to ozone.om.service.ids to find serviceID for OzoneManager if it is HA enabled cluster
2022-11-08 11:40:25,213 [Listener at 0.0.0.0/34057] INFO  ha.OMHANodeDetails (OMHANodeDetails.java:loadOMHAConfig(226)) - Configuration does not have ozone.om.address set. Falling back to the default OM address /127.0.0.1:0
2022-11-08 11:40:25,214 [Listener at 0.0.0.0/34057] INFO  ha.OMHANodeDetails (OMHANodeDetails.java:getOMNodeDetailsForNonHA(254)) - OM Service ID is not set. Setting it to the default ID: omServiceIdDefault
2022-11-08 11:40:25,214 [Listener at 0.0.0.0/34057] INFO  ha.OMHANodeDetails (OMHANodeDetails.java:getOMNodeDetailsForNonHA(261)) - OM Node ID is not set. Setting it to the default ID: om1
2022-11-08 11:40:25,219 [Listener at 0.0.0.0/34057] WARN  server.ServerUtils (ServerUtils.java:getDBPath(225)) - ozone.om.db.dirs is not configured. We recommend adding this setting. Falling back to ozone.metadata.dirs instead.
2022-11-08 11:40:25,222 [Listener at 0.0.0.0/34057] INFO  upgrade.AbstractLayoutVersionManager (AbstractLayoutVersionManager.java:init(83)) - Initializing Layout version manager with metadata layout = MULTITENANCY_SCHEMA (version = 3), software layout = MULTITENANCY_SCHEMA (version = 3)
2022-11-08 11:40:25,349 [Listener at 0.0.0.0/34057] INFO  reflections.Reflections (Reflections.java:scan(232)) - Reflections took 117 ms to scan 2 urls, producing 154 keys and 428 values [using 2 cores]
2022-11-08 11:40:25,357 [Listener at 0.0.0.0/34057] INFO  upgrade.OMLayoutVersionManager (OMLayoutVersionManager.java:lambda$0(115)) - Skipping Upgrade Action MockOmUpgradeAction since it has been finalized.
2022-11-08 11:40:25,364 [Listener at 0.0.0.0/34057] WARN  server.ServerUtils (ServerUtils.java:getDBPath(225)) - ozone.om.db.dirs is not configured. We recommend adding this setting. Falling back to ozone.metadata.dirs instead.
2022-11-08 11:40:25,600 [Listener at 0.0.0.0/34057] INFO  proxy.SCMBlockLocationFailoverProxyProvider (SCMBlockLocationFailoverProxyProvider.java:<init>(114)) - Created block location fail-over proxy with 1 nodes: [nodeId=scmNodeId,nodeAddress=/0.0.0.0:46837]
2022-11-08 11:40:25,649 [Listener at 0.0.0.0/34057] INFO  proxy.SCMBlockLocationFailoverProxyProvider (SCMBlockLocationFailoverProxyProvider.java:<init>(114)) - Created block location fail-over proxy with 1 nodes: [nodeId=scmNodeId,nodeAddress=/0.0.0.0:46837]
2022-11-08 11:40:25,937 [Listener at 0.0.0.0/34057] WARN  server.ServerUtils (ServerUtils.java:getDBPath(225)) - ozone.om.db.dirs is not configured. We recommend adding this setting. Falling back to ozone.metadata.dirs instead.
2022-11-08 11:40:25,945 [Listener at 0.0.0.0/34057] INFO  codec.OmKeyInfoCodec (OmKeyInfoCodec.java:<init>(49)) - OmKeyInfoCodec ignorePipeline = true
2022-11-08 11:40:25,947 [Listener at 0.0.0.0/34057] INFO  codec.RepeatedOmKeyInfoCodec (RepeatedOmKeyInfoCodec.java:<init>(41)) - RepeatedOmKeyInfoCodec ignorePipeline = true
2022-11-08 11:40:26,193 [Listener at 0.0.0.0/34057] INFO  om.OzoneManager (OzoneManager.java:instantiateServices(715)) - S3 Multi-Tenancy is disabled
2022-11-08 11:40:26,331 [Listener at 0.0.0.0/34057] INFO  om.OzoneManager (OzoneManager.java:addS3GVolumeToDB(4395)) - Created Volume s3v With Owner runner required for S3Gateway operations.
2022-11-08 11:40:26,404 [Listener at 0.0.0.0/34057] WARN  server.ServerUtils (ServerUtils.java:getDefaultRatisDirectory(237)) - Storage directory for Ratis is not configured. It is a good idea to map this to an SSD disk. Falling back to ozone.metadata.dirs
2022-11-08 11:40:26,405 [Listener at 0.0.0.0/34057] WARN  utils.OzoneManagerRatisUtils (OzoneManagerRatisUtils.java:getOMRatisSnapshotDirectory(434)) - ozone.om.ratis.snapshot.dir is not configured. Falling back to ozone.metadata.dirs config
2022-11-08 11:40:26,437 [Listener at 0.0.0.0/34057] WARN  server.ServerUtils (ServerUtils.java:getDefaultRatisDirectory(237)) - Storage directory for Ratis is not configured. It is a good idea to map this to an SSD disk. Falling back to ozone.metadata.dirs
2022-11-08 11:40:26,486 [Listener at 0.0.0.0/34057] INFO  ratis.OzoneManagerRatisServer (OzoneManagerRatisServer.java:<init>(160)) - Instantiating OM Ratis server with groupID: omServiceIdDefault and peers: localhost:9872
2022-11-08 11:40:26,498 [Listener at 0.0.0.0/34057] INFO  ratis.OzoneManagerStateMachine (OzoneManagerStateMachine.java:loadSnapshotInfoFromDB(636)) - LastAppliedIndex is set from TransactionInfo from OM DB as (t:0, i:~)
2022-11-08 11:40:26,567 [Listener at 0.0.0.0/34057] INFO  server.RaftServer (ConfUtils.java:logGet(46)) - raft.rpc.type = GRPC (default)
2022-11-08 11:40:26,679 [Listener at 0.0.0.0/34057] INFO  grpc.GrpcConfigKeys (ConfUtils.java:logFallback(53)) - raft.grpc.admin.host = null (fallback to raft.grpc.server.host)
2022-11-08 11:40:26,681 [Listener at 0.0.0.0/34057] INFO  grpc.GrpcConfigKeys (ConfUtils.java:logFallback(53)) - raft.grpc.admin.port = 9872 (fallback to raft.grpc.server.port)
2022-11-08 11:40:26,682 [Listener at 0.0.0.0/34057] INFO  grpc.GrpcConfigKeys (ConfUtils.java:logFallback(53)) - raft.grpc.client.host = null (fallback to raft.grpc.server.host)
2022-11-08 11:40:26,682 [Listener at 0.0.0.0/34057] INFO  grpc.GrpcConfigKeys (ConfUtils.java:logFallback(53)) - raft.grpc.client.port = 9872 (fallback to raft.grpc.server.port)
2022-11-08 11:40:26,683 [Listener at 0.0.0.0/34057] INFO  grpc.GrpcConfigKeys (ConfUtils.java:logGet(46)) - raft.grpc.server.host = null (default)
2022-11-08 11:40:26,683 [Listener at 0.0.0.0/34057] INFO  grpc.GrpcConfigKeys (ConfUtils.java:logGet(46)) - raft.grpc.server.port = 9872 (custom)
2022-11-08 11:40:26,684 [Listener at 0.0.0.0/34057] INFO  server.GrpcService (ConfUtils.java:logGet(46)) - raft.grpc.message.size.max = 33554432 (custom)
2022-11-08 11:40:26,685 [Listener at 0.0.0.0/34057] INFO  server.RaftServerConfigKeys (ConfUtils.java:logGet(46)) - raft.server.log.appender.buffer.byte-limit = 33554432 (custom)
2022-11-08 11:40:26,686 [Listener at 0.0.0.0/34057] INFO  server.GrpcService (ConfUtils.java:logGet(46)) - raft.grpc.flow.control.window = 1MB (=1048576) (default)
2022-11-08 11:40:26,687 [Listener at 0.0.0.0/34057] INFO  server.RaftServerConfigKeys (ConfUtils.java:logGet(46)) - raft.server.rpc.request.timeout = 3000ms (default)
2022-11-08 11:40:26,707 [Listener at 0.0.0.0/34057] INFO  grpc.GrpcConfigKeys (ConfUtils.java:logGet(46)) - raft.grpc.server.heartbeat.channel = true (default)
2022-11-08 11:40:26,712 [Listener at 0.0.0.0/34057] INFO  grpc.GrpcConfigKeys (ConfUtils.java:logGet(46)) - raft.grpc.server.async.request.thread.pool.cached = true (default)
2022-11-08 11:40:26,713 [Listener at 0.0.0.0/34057] INFO  grpc.GrpcConfigKeys (ConfUtils.java:logGet(46)) - raft.grpc.server.async.request.thread.pool.size = 32 (default)
2022-11-08 11:40:27,110 [Listener at 0.0.0.0/34057] INFO  impl.DataStreamServerImpl (ConfUtils.java:logGet(46)) - raft.datastream.type = DISABLED (default)
2022-11-08 11:40:27,115 [Listener at 0.0.0.0/34057] INFO  server.RaftServerConfigKeys (ConfUtils.java:logGet(46)) - raft.server.threadpool.proxy.cached = true (default)
2022-11-08 11:40:27,116 [Listener at 0.0.0.0/34057] INFO  server.RaftServerConfigKeys (ConfUtils.java:logGet(46)) - raft.server.threadpool.proxy.size = 0 (default)
2022-11-08 11:40:27,116 [Listener at 0.0.0.0/34057] INFO  server.RaftServerConfigKeys (ConfUtils.java:logGet(46)) - raft.server.rpc.slowness.timeout = 120s (custom)
2022-11-08 11:40:27,116 [Listener at 0.0.0.0/34057] INFO  server.RaftServerConfigKeys (ConfUtils.java:logGet(46)) - raft.server.leaderelection.leader.step-down.wait-time = 10s (default)
2022-11-08 11:40:27,121 [Listener at 0.0.0.0/34057] INFO  server.RaftServerConfigKeys (ConfUtils.java:logGet(46)) - raft.server.storage.dir = [/home/runner/work/ozone/ozone/hadoop-ozone/integration-test/target/test-dir/MiniOzoneClusterImpl-c61d2d68-5505-4298-888d-dd71e22caacf/ozone-meta/ratis] (custom)
2022-11-08 11:40:27,132 [Listener at 0.0.0.0/34057] INFO  server.RaftServer (RaftServerProxy.java:addNew(96)) - om1: addNew group-C5BA1605619E:[om1|rpc:localhost:9872|priority:0|startupRole:FOLLOWER] returns group-C5BA1605619E:java.util.concurrent.CompletableFuture@ac64dd0[Not completed]
2022-11-08 11:40:27,132 [Listener at 0.0.0.0/34057] INFO  om.OzoneManager (OzoneManager.java:initializeRatisServer(1978)) - OzoneManager Ratis server initialized at port 9872
2022-11-08 11:40:27,165 [Listener at 0.0.0.0/34057] INFO  om.OzoneManager (OzoneManager.java:getRpcServer(1104)) - Creating RPC Server
2022-11-08 11:40:27,175 [pool-55-thread-1] INFO  server.RaftServer$Division (RaftServerImpl.java:<init>(195)) - om1: new RaftServerImpl for group-C5BA1605619E:[om1|rpc:localhost:9872|priority:0|startupRole:FOLLOWER] with OzoneManagerStateMachine:uninitialized
2022-11-08 11:40:27,186 [pool-55-thread-1] INFO  server.RaftServerConfigKeys (ConfUtils.java:logGet(46)) - raft.server.rpc.timeout.min = 1s (custom)
2022-11-08 11:40:27,188 [pool-55-thread-1] INFO  server.RaftServerConfigKeys (ConfUtils.java:logGet(46)) - raft.server.rpc.timeout.max = 1200ms (custom)
2022-11-08 11:40:27,188 [pool-55-thread-1] INFO  server.RaftServerConfigKeys (ConfUtils.java:logGet(46)) - raft.server.rpc.sleep.time = 25ms (default)
2022-11-08 11:40:27,188 [pool-55-thread-1] INFO  server.RaftServerConfigKeys (ConfUtils.java:logGet(46)) - raft.server.rpc.slowness.timeout = 120s (custom)
2022-11-08 11:40:27,188 [pool-55-thread-1] INFO  server.RaftServerConfigKeys (ConfUtils.java:logGet(46)) - raft.server.leaderelection.leader.step-down.wait-time = 10s (default)
2022-11-08 11:40:27,188 [pool-55-thread-1] INFO  server.RaftServerConfigKeys (ConfUtils.java:logGet(46)) - raft.server.sleep.deviation.threshold = 300ms (default)
2022-11-08 11:40:27,223 [pool-55-thread-1] INFO  server.RaftServer$Division (ServerState.java:<init>(118)) - om1@group-C5BA1605619E: ConfigurationManager, init=-1: peers:[om1|rpc:localhost:9872|priority:0|startupRole:FOLLOWER]|listeners:[], old=null, confs=<EMPTY_MAP>
2022-11-08 11:40:27,223 [pool-55-thread-1] INFO  server.RaftServerConfigKeys (ConfUtils.java:logGet(46)) - raft.server.storage.dir = [/home/runner/work/ozone/ozone/hadoop-ozone/integration-test/target/test-dir/MiniOzoneClusterImpl-c61d2d68-5505-4298-888d-dd71e22caacf/ozone-meta/ratis] (custom)
2022-11-08 11:40:27,244 [pool-55-thread-1] INFO  server.RaftServerConfigKeys (ConfUtils.java:logGet(46)) - raft.server.log.corruption.policy = EXCEPTION (default)
2022-11-08 11:40:27,246 [pool-55-thread-1] INFO  server.RaftServerConfigKeys (ConfUtils.java:logGet(46)) - raft.server.storage.free-space.min = 0MB (=0) (default)
2022-11-08 11:40:27,275 [pool-55-thread-1] INFO  server.RaftServerConfigKeys (ConfUtils.java:logGet(46)) - raft.server.notification.no-leader.timeout = 120s (custom)
2022-11-08 11:40:27,308 [pool-55-thread-1] INFO  server.RaftServerConfigKeys (ConfUtils.java:logGet(46)) - raft.server.retrycache.expirytime = 300s (custom)
2022-11-08 11:40:27,308 [pool-55-thread-1] INFO  server.RaftServerConfigKeys (ConfUtils.java:logGet(46)) - raft.server.retrycache.statistics.expirytime = 100μs (default)
2022-11-08 11:40:27,512 [pool-55-thread-1] INFO  server.RaftServerConfigKeys (ConfUtils.java:logGet(46)) - raft.server.log.appender.install.snapshot.enabled = false (custom)
2022-11-08 11:40:27,513 [pool-55-thread-1] INFO  server.RaftServerConfigKeys (ConfUtils.java:logGet(46)) - raft.server.threadpool.server.cached = true (default)
2022-11-08 11:40:27,514 [pool-55-thread-1] INFO  server.RaftServerConfigKeys (ConfUtils.java:logGet(46)) - raft.server.threadpool.server.size = 0 (default)
2022-11-08 11:40:27,517 [pool-55-thread-1] INFO  server.RaftServerConfigKeys (ConfUtils.java:logGet(46)) - raft.server.threadpool.client.cached = true (default)
2022-11-08 11:40:27,517 [pool-55-thread-1] INFO  server.RaftServerConfigKeys (ConfUtils.java:logGet(46)) - raft.server.threadpool.client.size = 0 (default)
2022-11-08 11:40:28,383 [Listener at 0.0.0.0/34057] INFO  reflections.Reflections (Reflections.java:scan(232)) - Reflections took 1118 ms to scan 19 urls, producing 67 keys and 4313 values [using 2 cores]
2022-11-08 11:40:28,593 [Listener at 0.0.0.0/34057] INFO  ipc.CallQueueManager (CallQueueManager.java:<init>(90)) - Using callQueue: class java.util.concurrent.LinkedBlockingQueue, queueCapacity: 2000, scheduler: class org.apache.hadoop.ipc.DefaultRpcScheduler, ipcBackoff: false.
2022-11-08 11:40:28,608 [Socket Reader #1 for port 0] INFO  ipc.Server (Server.java:run(1273)) - Starting Socket Reader #1 for port 0
2022-11-08 11:40:28,652 [Listener at 127.0.0.1/34491] INFO  impl.MetricsSystemImpl (MetricsSystemImpl.java:init(158)) - OzoneManager metrics system started (again)
2022-11-08 11:40:28,672 [Listener at 127.0.0.1/34491] INFO  om.OzoneManager (OzoneManager.java:start(1485)) - OzoneManager RPC server is listening at localhost/127.0.0.1:34491
2022-11-08 11:40:28,673 [Listener at 127.0.0.1/34491] INFO  ratis.OzoneManagerRatisServer (OzoneManagerRatisServer.java:start(555)) - Starting OzoneManagerRatisServer om1 at port 9872
2022-11-08 11:40:28,677 [om1-impl-thread1] INFO  storage.RaftStorageDirectory (RaftStorageDirectoryImpl.java:analyzeStorage(137)) - The storage directory /home/runner/work/ozone/ozone/hadoop-ozone/integration-test/target/test-dir/MiniOzoneClusterImpl-c61d2d68-5505-4298-888d-dd71e22caacf/ozone-meta/ratis/bf265839-605b-3f16-9796-c5ba1605619e does not exist. Creating ...
2022-11-08 11:40:28,682 [om1-impl-thread1] INFO  storage.RaftStorageDirectory (RaftStorageDirectoryImpl.java:tryLock(231)) - Lock on /home/runner/work/ozone/ozone/hadoop-ozone/integration-test/target/test-dir/MiniOzoneClusterImpl-c61d2d68-5505-4298-888d-dd71e22caacf/ozone-meta/ratis/bf265839-605b-3f16-9796-c5ba1605619e/in_use.lock acquired by nodename 12130@fv-az573-890
2022-11-08 11:40:28,691 [om1-impl-thread1] INFO  storage.RaftStorage (RaftStorageImpl.java:format(96)) - Storage directory /home/runner/work/ozone/ozone/hadoop-ozone/integration-test/target/test-dir/MiniOzoneClusterImpl-c61d2d68-5505-4298-888d-dd71e22caacf/ozone-meta/ratis/bf265839-605b-3f16-9796-c5ba1605619e has been successfully formatted.
2022-11-08 11:40:28,694 [om1-impl-thread1] INFO  server.RaftServerConfigKeys (ConfUtils.java:logGet(46)) - raft.server.log.use.memory = false (default)
2022-11-08 11:40:28,704 [om1-impl-thread1] INFO  server.RaftServerConfigKeys (ConfUtils.java:logGet(46)) - raft.server.log.purge.gap = 1000000 (custom)
2022-11-08 11:40:28,705 [om1-impl-thread1] INFO  server.RaftServerConfigKeys (ConfUtils.java:logGet(46)) - raft.server.log.appender.buffer.byte-limit = 33554432 (custom)
2022-11-08 11:40:28,707 [om1-impl-thread1] INFO  server.RaftServerConfigKeys (ConfUtils.java:logGet(46)) - raft.server.log.statemachine.data.read.timeout = 1000ms (default)
2022-11-08 11:40:28,709 [om1-impl-thread1] INFO  server.RaftServerConfigKeys (ConfUtils.java:logGet(46)) - raft.server.log.purge.preservation.log.num = 0 (default)
2022-11-08 11:40:28,713 [om1-impl-thread1] INFO  server.RaftServerConfigKeys (ConfUtils.java:logGet(46)) - raft.server.log.segment.size.max = 4194304 (custom)
2022-11-08 11:40:28,721 [om1-impl-thread1] INFO  server.RaftServerConfigKeys (ConfUtils.java:logGet(46)) - raft.server.log.segment.cache.num.max = 2 (custom)
2022-11-08 11:40:28,722 [om1-impl-thread1] INFO  server.RaftServerConfigKeys (ConfUtils.java:logGet(46)) - raft.server.log.segment.cache.size.max = 200MB (=209715200) (default)
2022-11-08 11:40:28,730 [om1-impl-thread1] INFO  segmented.SegmentedRaftLogWorker (SegmentedRaftLogWorker.java:<init>(191)) - new om1@group-C5BA1605619E-SegmentedRaftLogWorker for RaftStorageImpl:Storage Directory /home/runner/work/ozone/ozone/hadoop-ozone/integration-test/target/test-dir/MiniOzoneClusterImpl-c61d2d68-5505-4298-888d-dd71e22caacf/ozone-meta/ratis/bf265839-605b-3f16-9796-c5ba1605619e
2022-11-08 11:40:28,731 [om1-impl-thread1] INFO  server.RaftServerConfigKeys (ConfUtils.java:logGet(46)) - raft.server.log.queue.byte-limit = 64MB (=67108864) (default)
2022-11-08 11:40:28,733 [om1-impl-thread1] INFO  server.RaftServerConfigKeys (ConfUtils.java:logGet(46)) - raft.server.log.queue.element-limit = 4096 (default)
2022-11-08 11:40:28,736 [om1-impl-thread1] INFO  server.RaftServerConfigKeys (ConfUtils.java:logGet(46)) - raft.server.log.segment.size.max = 4194304 (custom)
2022-11-08 11:40:28,736 [om1-impl-thread1] INFO  server.RaftServerConfigKeys (ConfUtils.java:logGet(46)) - raft.server.log.preallocated.size = 4194304 (custom)
2022-11-08 11:40:28,737 [om1-impl-thread1] INFO  server.RaftServerConfigKeys (ConfUtils.java:logGet(46)) - raft.server.log.force.sync.num = 128 (default)
2022-11-08 11:40:28,739 [om1-impl-thread1] INFO  server.RaftServerConfigKeys (ConfUtils.java:logGet(46)) - raft.server.log.statemachine.data.sync = true (default)
2022-11-08 11:40:28,739 [om1-impl-thread1] INFO  server.RaftServerConfigKeys (ConfUtils.java:logGet(46)) - raft.server.log.statemachine.data.sync.timeout = 10s (default)
2022-11-08 11:40:28,740 [om1-impl-thread1] INFO  server.RaftServerConfigKeys (ConfUtils.java:logGet(46)) - raft.server.log.statemachine.data.sync.timeout.retry = -1 (default)
2022-11-08 11:40:28,752 [om1-impl-thread1] INFO  server.RaftServerConfigKeys (ConfUtils.java:logGet(46)) - raft.server.log.write.buffer.size = 64KB (=65536) (default)
2022-11-08 11:40:28,752 [om1-impl-thread1] INFO  server.RaftServerConfigKeys (ConfUtils.java:logGet(46)) - raft.server.log.unsafe-flush.enabled = false (default)
2022-11-08 11:40:28,753 [om1-impl-thread1] INFO  server.RaftServerConfigKeys (ConfUtils.java:logGet(46)) - raft.server.log.async-flush.enabled = false (default)
2022-11-08 11:40:28,753 [om1-impl-thread1] INFO  server.RaftServerConfigKeys (ConfUtils.java:logGet(46)) - raft.server.log.statemachine.data.caching.enabled = false (default)
2022-11-08 11:40:28,766 [om1-impl-thread1] INFO  segmented.SegmentedRaftLogWorker (SegmentedRaftLogWorker.java:lambda$new$0(136)) - om1@group-C5BA1605619E-SegmentedRaftLogWorker: flushIndex: setUnconditionally 0 -> -1
2022-11-08 11:40:28,766 [om1-impl-thread1] INFO  segmented.SegmentedRaftLogWorker (SegmentedRaftLogWorker.java:lambda$new$0(136)) - om1@group-C5BA1605619E-SegmentedRaftLogWorker: safeCacheEvictIndex: setUnconditionally 0 -> -1
2022-11-08 11:40:28,779 [om1-impl-thread1] INFO  server.RaftServer$Division (RaftServerImpl.java:start(334)) - om1@group-C5BA1605619E: start as a follower, conf=-1: peers:[om1|rpc:localhost:9872|priority:0|startupRole:FOLLOWER]|listeners:[], old=null
2022-11-08 11:40:28,780 [om1-impl-thread1] INFO  server.RaftServer$Division (RaftServerImpl.java:setRole(321)) - om1@group-C5BA1605619E: changes role from      null to FOLLOWER at term 0 for startAsFollower
2022-11-08 11:40:28,783 [om1-impl-thread1] INFO  impl.RoleInfo (RoleInfo.java:updateAndGet(139)) - om1: start om1@group-C5BA1605619E-FollowerState
2022-11-08 11:40:28,784 [om1-impl-thread1] INFO  util.JmxRegister (JmxRegister.java:tryRegister(44)) - Successfully registered JMX Bean with object name Ratis:service=RaftServer,group=group-C5BA1605619E,id=om1
2022-11-08 11:40:28,787 [om1-impl-thread1] INFO  server.RaftServerConfigKeys (ConfUtils.java:logGet(46)) - raft.server.snapshot.auto.trigger.enabled = true (custom)
2022-11-08 11:40:28,787 [om1-impl-thread1] INFO  server.RaftServerConfigKeys (ConfUtils.java:logGet(46)) - raft.server.snapshot.auto.trigger.threshold = 400000 (default)
2022-11-08 11:40:28,789 [om1-impl-thread1] INFO  server.RaftServerConfigKeys (ConfUtils.java:logGet(46)) - raft.server.snapshot.retention.file.num = -1 (default)
2022-11-08 11:40:28,790 [om1@group-C5BA1605619E-FollowerState] INFO  server.RaftServerConfigKeys (ConfUtils.java:logFallback(53)) - raft.server.rpc.first-election.timeout.min = 1s (fallback to raft.server.rpc.timeout.min)
2022-11-08 11:40:28,790 [om1@group-C5BA1605619E-FollowerState] INFO  server.RaftServerConfigKeys (ConfUtils.java:logFallback(53)) - raft.server.rpc.first-election.timeout.max = 1200ms (fallback to raft.server.rpc.timeout.max)
2022-11-08 11:40:28,792 [om1-impl-thread1] INFO  server.RaftServerConfigKeys (ConfUtils.java:logGet(46)) - raft.server.log.purge.upto.snapshot.index = true (custom)
2022-11-08 11:40:28,796 [Listener at 127.0.0.1/34491] INFO  server.RaftServer (RaftServerProxy.java:startImpl(393)) - om1: start RPC server
2022-11-08 11:40:28,880 [Listener at 127.0.0.1/34491] INFO  server.GrpcService (GrpcService.java:startImpl(270)) - om1: GrpcService started, listening on 9872
2022-11-08 11:40:28,882 [Listener at 127.0.0.1/34491] INFO  om.OzoneManager (OzoneManager.java:start(1501)) - Version File has different layout version (3) than OM DB (null). That is expected if this OM has never been finalized to a newer layout version.
2022-11-08 11:40:28,884 [JvmPauseMonitor0] INFO  util.JvmPauseMonitor (JvmPauseMonitor.java:run(105)) - JvmPauseMonitor-om1: Started
2022-11-08 11:40:28,904 [Listener at 127.0.0.1/34491] INFO  http.BaseHttpServer (BaseHttpServer.java:newHttpServer2BuilderForOzone(213)) - Starting Web-server for ozoneManager at: http://0.0.0.0:0
2022-11-08 11:40:28,904 [Listener at 127.0.0.1/34491] INFO  http.BaseHttpServer (BaseHttpServer.java:<init>(108)) - Hadoop Security Enabled: false Ozone Security Enabled: false Ozone HTTP Security Enabled: false 
2022-11-08 11:40:28,906 [Listener at 127.0.0.1/34491] WARN  server.AuthenticationFilter (AuthenticationFilter.java:constructSecretProvider(240)) - Unable to initialize FileSignerSecretProvider, falling back to use random secrets. Reason: Could not read signature secret file: /home/runner/hadoop-http-auth-signature-secret
2022-11-08 11:40:28,911 [Listener at 127.0.0.1/34491] WARN  http.HttpRequestLog (HttpRequestLog.java:getRequestLog(103)) - Jetty request log can only be enabled using Log4j
2022-11-08 11:40:28,919 [Listener at 127.0.0.1/34491] INFO  http.HttpServer2 (HttpServer2.java:addGlobalFilter(1031)) - Added global filter 'safety' (class=org.apache.hadoop.hdds.server.http.HttpServer2$QuotingInputFilter)
2022-11-08 11:40:28,921 [Listener at 127.0.0.1/34491] INFO  http.HttpServer2 (HttpServer2.java:addFilter(1007)) - Added filter static_user_filter (class=org.apache.hadoop.http.lib.StaticUserWebFilter$StaticUserFilter) to context ozoneManager
2022-11-08 11:40:28,922 [Listener at 127.0.0.1/34491] INFO  http.HttpServer2 (HttpServer2.java:addFilter(1015)) - Added filter static_user_filter (class=org.apache.hadoop.http.lib.StaticUserWebFilter$StaticUserFilter) to context logs
2022-11-08 11:40:28,922 [Listener at 127.0.0.1/34491] INFO  http.HttpServer2 (HttpServer2.java:addFilter(1015)) - Added filter static_user_filter (class=org.apache.hadoop.http.lib.StaticUserWebFilter$StaticUserFilter) to context static
2022-11-08 11:40:28,927 [Listener at 127.0.0.1/34491] INFO  http.HttpServer2 (HttpServer2.java:bindListener(1250)) - Jetty bound to port 44901
2022-11-08 11:40:28,930 [Listener at 127.0.0.1/34491] INFO  server.Server (Server.java:doStart(375)) - jetty-9.4.49.v20220914; built: 2022-09-14T01:07:36.601Z; git: 4231a3b2e4cb8548a412a789936d640a97b1aa0a; jvm 1.8.0_345-b01
2022-11-08 11:40:28,975 [Listener at 127.0.0.1/34491] INFO  server.session (DefaultSessionIdManager.java:doStart(334)) - DefaultSessionIdManager workerName=node0
2022-11-08 11:40:28,976 [Listener at 127.0.0.1/34491] INFO  server.session (DefaultSessionIdManager.java:doStart(339)) - No SessionScavenger set, using defaults
2022-11-08 11:40:28,976 [Listener at 127.0.0.1/34491] INFO  server.session (HouseKeeper.java:startScavenging(132)) - node0 Scavenging every 660000ms
2022-11-08 11:40:28,984 [Listener at 127.0.0.1/34491] INFO  handler.ContextHandler (ContextHandler.java:doStart(921)) - Started o.e.j.s.ServletContextHandler@2ba1bed1{logs,/logs,file:///home/runner/work/ozone/ozone/hadoop-ozone/integration-test/target/log,AVAILABLE}
2022-11-08 11:40:28,985 [Listener at 127.0.0.1/34491] INFO  handler.ContextHandler (ContextHandler.java:doStart(921)) - Started o.e.j.s.ServletContextHandler@13c90cb9{static,/static,file:///home/runner/work/ozone/ozone/hadoop-ozone/integration-test/target/test-classes/webapps/static,AVAILABLE}
2022-11-08 11:40:28,991 [Listener at 127.0.0.1/34491] INFO  handler.ContextHandler (ContextHandler.java:doStart(921)) - Started o.e.j.w.WebAppContext@53d161a5{ozoneManager,/,file:///home/runner/work/ozone/ozone/hadoop-ozone/integration-test/target/test-classes/webapps/ozoneManager/,AVAILABLE}{file:/home/runner/work/ozone/ozone/hadoop-ozone/integration-test/target/test-classes/webapps/ozoneManager}
2022-11-08 11:40:28,993 [Listener at 127.0.0.1/34491] INFO  server.AbstractConnector (AbstractConnector.java:doStart(333)) - Started ServerConnector@518a9c8a{HTTP/1.1, (http/1.1)}{0.0.0.0:44901}
2022-11-08 11:40:28,993 [Listener at 127.0.0.1/34491] INFO  server.Server (Server.java:doStart(415)) - Started @9838ms
2022-11-08 11:40:28,994 [Listener at 127.0.0.1/34491] WARN  impl.MetricsSystemImpl (MetricsSystemImpl.java:register(279)) - Sink prometheus already exists!
2022-11-08 11:40:28,995 [Listener at 127.0.0.1/34491] INFO  http.BaseHttpServer (BaseHttpServer.java:updateConnectorAddress(333)) - HTTP server of ozoneManager listening at http://0.0.0.0:44901
2022-11-08 11:40:28,995 [IPC Server Responder] INFO  ipc.Server (Server.java:run(1512)) - IPC Server Responder: starting
2022-11-08 11:40:28,996 [IPC Server listener on 0] INFO  ipc.Server (Server.java:run(1352)) - IPC Server listener on 0: starting
2022-11-08 11:40:29,006 [Listener at 127.0.0.1/34491] INFO  om.OzoneManager (OzoneManager.java:startTrashEmptier(1922)) - Trash Interval set to 0. Files deleted won't move to trash
2022-11-08 11:40:29,025 [org.apache.hadoop.util.JvmPauseMonitor$Monitor@1b731e52] INFO  util.JvmPauseMonitor (JvmPauseMonitor.java:run(188)) - Starting JVM pause monitor
2022-11-08 11:40:29,220 [Listener at 127.0.0.1/34491] WARN  impl.MetricRegistriesImpl (MetricRegistriesImpl.java:addReporterRegistration(111)) - New reporters are added after registries were created. Some metrics will be missing from the reporter. Please add reporter before adding any new registry.
2022-11-08 11:40:29,220 [Listener at 127.0.0.1/34491] WARN  impl.MetricRegistriesImpl (MetricRegistriesImpl.java:addReporterRegistration(111)) - New reporters are added after registries were created. Some metrics will be missing from the reporter. Please add reporter before adding any new registry.
2022-11-08 11:40:29,221 [Listener at 127.0.0.1/34491] INFO  impl.MetricsSystemImpl (MetricsSystemImpl.java:init(158)) - HddsDatanode metrics system started (again)
2022-11-08 11:40:29,239 [Listener at 127.0.0.1/34491] INFO  ozone.HddsDatanodeService (HddsDatanodeService.java:start(236)) - HddsDatanodeService host:fv-az573-890.uspngagyt4suddso0aj1djjezg.dx.internal.cloudapp.net ip:10.1.0.111
2022-11-08 11:40:29,286 [Listener at 127.0.0.1/34491] INFO  upgrade.AbstractLayoutVersionManager (AbstractLayoutVersionManager.java:init(83)) - Initializing Layout version manager with metadata layout = DATANODE_SCHEMA_V3 (version = 4), software layout = DATANODE_SCHEMA_V3 (version = 4)
2022-11-08 11:40:29,351 [Listener at 127.0.0.1/34491] INFO  reflections.Reflections (Reflections.java:scan(232)) - Reflections took 64 ms to scan 7 urls, producing 139 keys and 336 values 
2022-11-08 11:40:29,356 [Listener at 127.0.0.1/34491] INFO  statemachine.DatanodeStateMachine (DatanodeStateMachine.java:getEndPointTaskThreadPoolSize(245)) - Datanode State Machine Task Thread Pool size 2
2022-11-08 11:40:29,432 [Listener at 127.0.0.1/34491] INFO  volume.HddsVolume (HddsVolume.java:<init>(117)) - Creating HddsVolume: /home/runner/work/ozone/ozone/hadoop-ozone/integration-test/target/test-dir/MiniOzoneClusterImpl-c61d2d68-5505-4298-888d-dd71e22caacf/datanode-0/data-0/containers/hdds of storage type : DISK capacity : 9223372036854775807
2022-11-08 11:40:29,436 [Listener at 127.0.0.1/34491] INFO  volume.MutableVolumeSet (MutableVolumeSet.java:initializeVolumeSet(174)) - Added Volume : /home/runner/work/ozone/ozone/hadoop-ozone/integration-test/target/test-dir/MiniOzoneClusterImpl-c61d2d68-5505-4298-888d-dd71e22caacf/datanode-0/data-0/containers/hdds to VolumeSet
2022-11-08 11:40:29,437 [Listener at 127.0.0.1/34491] INFO  volume.ThrottledAsyncChecker (ThrottledAsyncChecker.java:schedule(141)) - Scheduling a check for /home/runner/work/ozone/ozone/hadoop-ozone/integration-test/target/test-dir/MiniOzoneClusterImpl-c61d2d68-5505-4298-888d-dd71e22caacf/datanode-0/data-0/containers/hdds
2022-11-08 11:40:29,469 [Listener at 127.0.0.1/34491] INFO  volume.StorageVolumeChecker (StorageVolumeChecker.java:checkAllVolumes(202)) - Scheduled health check for volume /home/runner/work/ozone/ozone/hadoop-ozone/integration-test/target/test-dir/MiniOzoneClusterImpl-c61d2d68-5505-4298-888d-dd71e22caacf/datanode-0/data-0/containers/hdds
2022-11-08 11:40:29,491 [Listener at 127.0.0.1/34491] INFO  volume.MutableVolumeSet (MutableVolumeSet.java:initializeVolumeSet(174)) - Added Volume : /home/runner/work/ozone/ozone/hadoop-ozone/integration-test/target/test-dir/MiniOzoneClusterImpl-c61d2d68-5505-4298-888d-dd71e22caacf/datanode-0/data/ratis to VolumeSet
2022-11-08 11:40:29,492 [Listener at 127.0.0.1/34491] INFO  volume.ThrottledAsyncChecker (ThrottledAsyncChecker.java:schedule(141)) - Scheduling a check for /home/runner/work/ozone/ozone/hadoop-ozone/integration-test/target/test-dir/MiniOzoneClusterImpl-c61d2d68-5505-4298-888d-dd71e22caacf/datanode-0/data/ratis
2022-11-08 11:40:29,492 [Listener at 127.0.0.1/34491] INFO  volume.StorageVolumeChecker (StorageVolumeChecker.java:checkAllVolumes(202)) - Scheduled health check for volume /home/runner/work/ozone/ozone/hadoop-ozone/integration-test/target/test-dir/MiniOzoneClusterImpl-c61d2d68-5505-4298-888d-dd71e22caacf/datanode-0/data/ratis
2022-11-08 11:40:29,524 [Thread-136] INFO  ozoneimpl.ContainerReader (ContainerReader.java:readVolume(175)) - Finish verifying containers on volume /home/runner/work/ozone/ozone/hadoop-ozone/integration-test/target/test-dir/MiniOzoneClusterImpl-c61d2d68-5505-4298-888d-dd71e22caacf/datanode-0/data-0/containers/hdds
2022-11-08 11:40:29,525 [Listener at 127.0.0.1/34491] INFO  ozoneimpl.OzoneContainer (OzoneContainer.java:buildContainerSet(300)) - Build ContainerSet costs 0s
2022-11-08 11:40:29,588 [Listener at 127.0.0.1/34491] INFO  audit.AuditLogger (AuditLogger.java:refreshDebugCmdSet(126)) - Refresh DebugCmdSet for DNAudit to [].
2022-11-08 11:40:29,630 [Listener at 127.0.0.1/34491] INFO  server.RaftServer (ConfUtils.java:logGet(46)) - raft.rpc.type = GRPC (default)
2022-11-08 11:40:29,630 [Listener at 127.0.0.1/34491] INFO  grpc.GrpcConfigKeys (ConfUtils.java:logFallback(53)) - raft.grpc.admin.host = null (fallback to raft.grpc.server.host)
2022-11-08 11:40:29,630 [Listener at 127.0.0.1/34491] INFO  grpc.GrpcConfigKeys (ConfUtils.java:logGet(46)) - raft.grpc.admin.port = 0 (custom)
2022-11-08 11:40:29,631 [Listener at 127.0.0.1/34491] INFO  grpc.GrpcConfigKeys (ConfUtils.java:logFallback(53)) - raft.grpc.client.host = null (fallback to raft.grpc.server.host)
2022-11-08 11:40:29,632 [Listener at 127.0.0.1/34491] INFO  grpc.GrpcConfigKeys (ConfUtils.java:logGet(46)) - raft.grpc.client.port = 0 (custom)
2022-11-08 11:40:29,632 [Listener at 127.0.0.1/34491] INFO  grpc.GrpcConfigKeys (ConfUtils.java:logGet(46)) - raft.grpc.server.host = null (default)
2022-11-08 11:40:29,632 [Listener at 127.0.0.1/34491] INFO  grpc.GrpcConfigKeys (ConfUtils.java:logGet(46)) - raft.grpc.server.port = 0 (default)
2022-11-08 11:40:29,632 [Listener at 127.0.0.1/34491] INFO  server.GrpcService (ConfUtils.java:logGet(46)) - raft.grpc.message.size.max = 32MB (=33554432) (custom)
2022-11-08 11:40:29,633 [Listener at 127.0.0.1/34491] INFO  server.RaftServerConfigKeys (ConfUtils.java:logGet(46)) - raft.server.log.appender.buffer.byte-limit = 33554432 (custom)
2022-11-08 11:40:29,633 [Listener at 127.0.0.1/34491] INFO  server.GrpcService (ConfUtils.java:logGet(46)) - raft.grpc.flow.control.window = 5MB (=5242880) (custom)
2022-11-08 11:40:29,634 [Listener at 127.0.0.1/34491] INFO  server.RaftServerConfigKeys (ConfUtils.java:logGet(46)) - raft.server.rpc.request.timeout = 60s (custom)
2022-11-08 11:40:29,634 [Listener at 127.0.0.1/34491] INFO  grpc.GrpcConfigKeys (ConfUtils.java:logGet(46)) - raft.grpc.server.heartbeat.channel = true (default)
2022-11-08 11:40:29,635 [Listener at 127.0.0.1/34491] INFO  grpc.GrpcConfigKeys (ConfUtils.java:logGet(46)) - raft.grpc.server.async.request.thread.pool.cached = true (default)
2022-11-08 11:40:29,636 [Listener at 127.0.0.1/34491] INFO  grpc.GrpcConfigKeys (ConfUtils.java:logGet(46)) - raft.grpc.server.async.request.thread.pool.size = 32 (default)
2022-11-08 11:40:29,639 [Listener at 127.0.0.1/34491] INFO  impl.DataStreamServerImpl (ConfUtils.java:logGet(46)) - raft.datastream.type = DISABLED (default)
2022-11-08 11:40:29,640 [Listener at 127.0.0.1/34491] INFO  server.RaftServerConfigKeys (ConfUtils.java:logGet(46)) - raft.server.threadpool.proxy.cached = true (default)
2022-11-08 11:40:29,643 [Listener at 127.0.0.1/34491] INFO  server.RaftServerConfigKeys (ConfUtils.java:logGet(46)) - raft.server.threadpool.proxy.size = 0 (default)
2022-11-08 11:40:29,644 [Listener at 127.0.0.1/34491] INFO  server.RaftServerConfigKeys (ConfUtils.java:logGet(46)) - raft.server.rpc.slowness.timeout = 300s (custom)
2022-11-08 11:40:29,649 [Listener at 127.0.0.1/34491] INFO  server.RaftServerConfigKeys (ConfUtils.java:logGet(46)) - raft.server.leaderelection.leader.step-down.wait-time = 10s (default)
2022-11-08 11:40:29,650 [Listener at 127.0.0.1/34491] INFO  server.RaftServerConfigKeys (ConfUtils.java:logGet(46)) - raft.server.storage.dir = [/home/runner/work/ozone/ozone/hadoop-ozone/integration-test/target/test-dir/MiniOzoneClusterImpl-c61d2d68-5505-4298-888d-dd71e22caacf/datanode-0/data/ratis] (custom)
2022-11-08 11:40:29,680 [Listener at 127.0.0.1/34491] INFO  server.XceiverServerGrpc (XceiverServerGrpc.java:<init>(132)) - GrpcServer channel type EpollServerSocketChannel
2022-11-08 11:40:29,779 [Listener at 127.0.0.1/34491] INFO  http.BaseHttpServer (BaseHttpServer.java:newHttpServer2BuilderForOzone(213)) - Starting Web-server for hddsDatanode at: http://0.0.0.0:0
2022-11-08 11:40:29,780 [Listener at 127.0.0.1/34491] INFO  http.BaseHttpServer (BaseHttpServer.java:<init>(108)) - Hadoop Security Enabled: false Ozone Security Enabled: false Ozone HTTP Security Enabled: false 
2022-11-08 11:40:29,782 [Listener at 127.0.0.1/34491] WARN  server.AuthenticationFilter (AuthenticationFilter.java:constructSecretProvider(240)) - Unable to initialize FileSignerSecretProvider, falling back to use random secrets. Reason: Could not read signature secret file: /home/runner/hadoop-http-auth-signature-secret
2022-11-08 11:40:29,784 [Listener at 127.0.0.1/34491] WARN  http.HttpRequestLog (HttpRequestLog.java:getRequestLog(103)) - Jetty request log can only be enabled using Log4j
2022-11-08 11:40:29,785 [Listener at 127.0.0.1/34491] INFO  http.HttpServer2 (HttpServer2.java:addGlobalFilter(1031)) - Added global filter 'safety' (class=org.apache.hadoop.hdds.server.http.HttpServer2$QuotingInputFilter)
2022-11-08 11:40:29,786 [Listener at 127.0.0.1/34491] INFO  http.HttpServer2 (HttpServer2.java:addFilter(1007)) - Added filter static_user_filter (class=org.apache.hadoop.http.lib.StaticUserWebFilter$StaticUserFilter) to context hddsDatanode
2022-11-08 11:40:29,787 [Listener at 127.0.0.1/34491] INFO  http.HttpServer2 (HttpServer2.java:addFilter(1015)) - Added filter static_user_filter (class=org.apache.hadoop.http.lib.StaticUserWebFilter$StaticUserFilter) to context logs
2022-11-08 11:40:29,787 [Listener at 127.0.0.1/34491] INFO  http.HttpServer2 (HttpServer2.java:addFilter(1015)) - Added filter static_user_filter (class=org.apache.hadoop.http.lib.StaticUserWebFilter$StaticUserFilter) to context static
2022-11-08 11:40:29,788 [Listener at 127.0.0.1/34491] INFO  http.HttpServer2 (HttpServer2.java:bindListener(1250)) - Jetty bound to port 44891
2022-11-08 11:40:29,788 [Listener at 127.0.0.1/34491] INFO  server.Server (Server.java:doStart(375)) - jetty-9.4.49.v20220914; built: 2022-09-14T01:07:36.601Z; git: 4231a3b2e4cb8548a412a789936d640a97b1aa0a; jvm 1.8.0_345-b01
2022-11-08 11:40:29,791 [Listener at 127.0.0.1/34491] INFO  server.session (DefaultSessionIdManager.java:doStart(334)) - DefaultSessionIdManager workerName=node0
2022-11-08 11:40:29,791 [Listener at 127.0.0.1/34491] INFO  server.session (DefaultSessionIdManager.java:doStart(339)) - No SessionScavenger set, using defaults
2022-11-08 11:40:29,792 [Listener at 127.0.0.1/34491] INFO  server.session (HouseKeeper.java:startScavenging(132)) - node0 Scavenging every 660000ms
2022-11-08 11:40:29,793 [Listener at 127.0.0.1/34491] INFO  handler.ContextHandler (ContextHandler.java:doStart(921)) - Started o.e.j.s.ServletContextHandler@7f0632ac{logs,/logs,file:///home/runner/work/ozone/ozone/hadoop-ozone/integration-test/target/log,AVAILABLE}
2022-11-08 11:40:29,793 [Listener at 127.0.0.1/34491] INFO  handler.ContextHandler (ContextHandler.java:doStart(921)) - Started o.e.j.s.ServletContextHandler@6acc72c7{static,/static,jar:file:/home/runner/.m2/repository/org/apache/ozone/hdds-container-service/1.3.0-SNAPSHOT/hdds-container-service-1.3.0-SNAPSHOT.jar!/webapps/static,AVAILABLE}
2022-11-08 11:40:29,932 [om1@group-C5BA1605619E-FollowerState] INFO  impl.FollowerState (FollowerState.java:run(143)) - om1@group-C5BA1605619E-FollowerState: change to CANDIDATE, lastRpcElapsedTime:1149314281ns, electionTimeout:1140ms
2022-11-08 11:40:29,933 [om1@group-C5BA1605619E-FollowerState] INFO  impl.RoleInfo (RoleInfo.java:shutdownFollowerState(110)) - om1: shutdown om1@group-C5BA1605619E-FollowerState
2022-11-08 11:40:29,940 [om1@group-C5BA1605619E-FollowerState] INFO  server.RaftServer$Division (RaftServerImpl.java:setRole(321)) - om1@group-C5BA1605619E: changes role from  FOLLOWER to CANDIDATE at term 0 for changeToCandidate
2022-11-08 11:40:29,945 [om1@group-C5BA1605619E-FollowerState] INFO  server.RaftServerConfigKeys (ConfUtils.java:logGet(46)) - raft.server.leaderelection.pre-vote = false (custom)
2022-11-08 11:40:29,945 [om1@group-C5BA1605619E-FollowerState] INFO  impl.RoleInfo (RoleInfo.java:updateAndGet(139)) - om1: start om1@group-C5BA1605619E-LeaderElection1
2022-11-08 11:40:29,969 [om1@group-C5BA1605619E-LeaderElection1] INFO  impl.LeaderElection (LeaderElection.java:askForVotes(312)) - om1@group-C5BA1605619E-LeaderElection1 ELECTION round 0: submit vote requests at term 1 for -1: peers:[om1|rpc:localhost:9872|priority:0|startupRole:FOLLOWER]|listeners:[], old=null
2022-11-08 11:40:29,971 [om1@group-C5BA1605619E-LeaderElection1] INFO  impl.LeaderElection (LeaderElection.java:askForVotes(314)) - om1@group-C5BA1605619E-LeaderElection1 ELECTION round 0: result PASSED (term=1)
2022-11-08 11:40:29,972 [om1@group-C5BA1605619E-LeaderElection1] INFO  impl.RoleInfo (RoleInfo.java:shutdownLeaderElection(130)) - om1: shutdown om1@group-C5BA1605619E-LeaderElection1
2022-11-08 11:40:29,973 [om1@group-C5BA1605619E-LeaderElection1] INFO  server.RaftServer$Division (RaftServerImpl.java:setRole(321)) - om1@group-C5BA1605619E: changes role from CANDIDATE to LEADER at term 1 for changeToLeader
2022-11-08 11:40:29,973 [om1@group-C5BA1605619E-LeaderElection1] INFO  server.RaftServer$Division (ServerState.java:setLeader(313)) - om1@group-C5BA1605619E: change Leader from null to om1 at term 1 for becomeLeader, leader elected after 2698ms
2022-11-08 11:40:29,988 [om1@group-C5BA1605619E-LeaderElection1] INFO  server.RaftServerConfigKeys (ConfUtils.java:logGet(46)) - raft.server.staging.catchup.gap = 1000 (default)
2022-11-08 11:40:30,003 [om1@group-C5BA1605619E-LeaderElection1] INFO  server.RaftServerConfigKeys (ConfUtils.java:logGet(46)) - raft.server.write.element-limit = 4096 (default)
2022-11-08 11:40:30,008 [om1@group-C5BA1605619E-LeaderElection1] INFO  server.RaftServerConfigKeys (ConfUtils.java:logGet(46)) - raft.server.write.byte-limit = 64MB (=67108864) (default)
2022-11-08 11:40:30,014 [om1@group-C5BA1605619E-LeaderElection1] INFO  server.RaftServerConfigKeys (ConfUtils.java:logGet(46)) - raft.server.watch.timeout = 10s (default)
2022-11-08 11:40:30,015 [om1@group-C5BA1605619E-LeaderElection1] INFO  server.RaftServerConfigKeys (ConfUtils.java:logGet(46)) - raft.server.watch.timeout.denomination = 1s (default)
2022-11-08 11:40:30,015 [om1@group-C5BA1605619E-LeaderElection1] INFO  server.RaftServerConfigKeys (ConfUtils.java:logGet(46)) - raft.server.watch.element-limit = 65536 (default)
2022-11-08 11:40:30,035 [om1@group-C5BA1605619E-LeaderElection1] INFO  server.RaftServerConfigKeys (ConfUtils.java:logGet(46)) - raft.server.write.element-limit = 4096 (default)
2022-11-08 11:40:30,037 [om1@group-C5BA1605619E-LeaderElection1] INFO  server.RaftServerConfigKeys (ConfUtils.java:logGet(46)) - raft.server.write.follower.gap.ratio.max = -1.0 (default)
2022-11-08 11:40:30,049 [om1@group-C5BA1605619E-LeaderElection1] INFO  impl.RoleInfo (RoleInfo.java:updateAndGet(139)) - om1: start om1@group-C5BA1605619E-LeaderStateImpl
2022-11-08 11:40:30,100 [Listener at 127.0.0.1/34491] INFO  handler.ContextHandler (ContextHandler.java:doStart(921)) - Started o.e.j.w.WebAppContext@1aebd781{hddsDatanode,/,file:///tmp/jetty-0_0_0_0-44891-hdds-container-service-1_3_0-SNAPSHOT_jar-_-any-4644736064744379884/webapp/,AVAILABLE}{jar:file:/home/runner/.m2/repository/org/apache/ozone/hdds-container-service/1.3.0-SNAPSHOT/hdds-container-service-1.3.0-SNAPSHOT.jar!/webapps/hddsDatanode}
2022-11-08 11:40:30,104 [Listener at 127.0.0.1/34491] INFO  server.AbstractConnector (AbstractConnector.java:doStart(333)) - Started ServerConnector@7e15d4ff{HTTP/1.1, (http/1.1)}{0.0.0.0:44891}
2022-11-08 11:40:30,105 [Listener at 127.0.0.1/34491] INFO  server.Server (Server.java:doStart(415)) - Started @10949ms
2022-11-08 11:40:30,107 [Listener at 127.0.0.1/34491] WARN  impl.MetricsSystemImpl (MetricsSystemImpl.java:register(279)) - Sink prometheus already exists!
2022-11-08 11:40:30,110 [Listener at 127.0.0.1/34491] INFO  http.BaseHttpServer (BaseHttpServer.java:updateConnectorAddress(333)) - HTTP server of hddsDatanode listening at http://0.0.0.0:44891
2022-11-08 11:40:30,116 [Listener at 127.0.0.1/34491] WARN  impl.MetricRegistriesImpl (MetricRegistriesImpl.java:addReporterRegistration(111)) - New reporters are added after registries were created. Some metrics will be missing from the reporter. Please add reporter before adding any new registry.
2022-11-08 11:40:30,117 [Listener at 127.0.0.1/34491] WARN  impl.MetricRegistriesImpl (MetricRegistriesImpl.java:addReporterRegistration(111)) - New reporters are added after registries were created. Some metrics will be missing from the reporter. Please add reporter before adding any new registry.
2022-11-08 11:40:30,117 [Listener at 127.0.0.1/34491] INFO  impl.MetricsSystemImpl (MetricsSystemImpl.java:init(158)) - HddsDatanode metrics system started (again)
2022-11-08 11:40:30,115 [om1@group-C5BA1605619E-LeaderElection1] INFO  segmented.SegmentedRaftLogWorker (SegmentedRaftLogWorker.java:startLogSegment(452)) - om1@group-C5BA1605619E-SegmentedRaftLogWorker: Starting segment from index:0
2022-11-08 11:40:30,123 [Datanode State Machine Daemon Thread] INFO  statemachine.DatanodeStateMachine (DatanodeStateMachine.java:lambda$startDaemon$0(505)) - Ozone container server started.
2022-11-08 11:40:30,149 [Listener at 127.0.0.1/34491] INFO  ozone.HddsDatanodeService (HddsDatanodeService.java:start(236)) - HddsDatanodeService host:fv-az573-890.uspngagyt4suddso0aj1djjezg.dx.internal.cloudapp.net ip:10.1.0.111
2022-11-08 11:40:30,204 [org.apache.hadoop.util.JvmPauseMonitor$Monitor@2821619d] INFO  util.JvmPauseMonitor (JvmPauseMonitor.java:run(188)) - Starting JVM pause monitor
2022-11-08 11:40:30,206 [Listener at 127.0.0.1/34491] INFO  upgrade.AbstractLayoutVersionManager (AbstractLayoutVersionManager.java:init(83)) - Initializing Layout version manager with metadata layout = DATANODE_SCHEMA_V3 (version = 4), software layout = DATANODE_SCHEMA_V3 (version = 4)
2022-11-08 11:40:30,285 [om1@group-C5BA1605619E-LeaderElection1] INFO  server.RaftServer$Division (ServerState.java:setRaftConf(430)) - om1@group-C5BA1605619E: set configuration 0: peers:[om1|rpc:localhost:9872|admin:|client:|dataStream:|priority:0|startupRole:FOLLOWER]|listeners:[], old=null
2022-11-08 11:40:30,353 [Listener at 127.0.0.1/34491] INFO  reflections.Reflections (Reflections.java:scan(232)) - Reflections took 145 ms to scan 7 urls, producing 139 keys and 336 values 
2022-11-08 11:40:30,358 [Listener at 127.0.0.1/34491] INFO  statemachine.DatanodeStateMachine (DatanodeStateMachine.java:getEndPointTaskThreadPoolSize(245)) - Datanode State Machine Task Thread Pool size 2
2022-11-08 11:40:30,364 [Listener at 127.0.0.1/34491] INFO  volume.HddsVolume (HddsVolume.java:<init>(117)) - Creating HddsVolume: /home/runner/work/ozone/ozone/hadoop-ozone/integration-test/target/test-dir/MiniOzoneClusterImpl-c61d2d68-5505-4298-888d-dd71e22caacf/datanode-1/data-0/containers/hdds of storage type : DISK capacity : 9223372036854775807
2022-11-08 11:40:30,365 [Listener at 127.0.0.1/34491] INFO  volume.MutableVolumeSet (MutableVolumeSet.java:initializeVolumeSet(174)) - Added Volume : /home/runner/work/ozone/ozone/hadoop-ozone/integration-test/target/test-dir/MiniOzoneClusterImpl-c61d2d68-5505-4298-888d-dd71e22caacf/datanode-1/data-0/containers/hdds to VolumeSet
2022-11-08 11:40:30,365 [Listener at 127.0.0.1/34491] INFO  volume.ThrottledAsyncChecker (ThrottledAsyncChecker.java:schedule(141)) - Scheduling a check for /home/runner/work/ozone/ozone/hadoop-ozone/integration-test/target/test-dir/MiniOzoneClusterImpl-c61d2d68-5505-4298-888d-dd71e22caacf/datanode-1/data-0/containers/hdds
2022-11-08 11:40:30,372 [Listener at 127.0.0.1/34491] INFO  volume.StorageVolumeChecker (StorageVolumeChecker.java:checkAllVolumes(202)) - Scheduled health check for volume /home/runner/work/ozone/ozone/hadoop-ozone/integration-test/target/test-dir/MiniOzoneClusterImpl-c61d2d68-5505-4298-888d-dd71e22caacf/datanode-1/data-0/containers/hdds
2022-11-08 11:40:30,391 [Listener at 127.0.0.1/34491] INFO  volume.MutableVolumeSet (MutableVolumeSet.java:initializeVolumeSet(174)) - Added Volume : /home/runner/work/ozone/ozone/hadoop-ozone/integration-test/target/test-dir/MiniOzoneClusterImpl-c61d2d68-5505-4298-888d-dd71e22caacf/datanode-1/data/ratis to VolumeSet
2022-11-08 11:40:30,392 [Listener at 127.0.0.1/34491] INFO  volume.ThrottledAsyncChecker (ThrottledAsyncChecker.java:schedule(141)) - Scheduling a check for /home/runner/work/ozone/ozone/hadoop-ozone/integration-test/target/test-dir/MiniOzoneClusterImpl-c61d2d68-5505-4298-888d-dd71e22caacf/datanode-1/data/ratis
2022-11-08 11:40:30,392 [Listener at 127.0.0.1/34491] INFO  volume.StorageVolumeChecker (StorageVolumeChecker.java:checkAllVolumes(202)) - Scheduled health check for volume /home/runner/work/ozone/ozone/hadoop-ozone/integration-test/target/test-dir/MiniOzoneClusterImpl-c61d2d68-5505-4298-888d-dd71e22caacf/datanode-1/data/ratis
2022-11-08 11:40:30,433 [om1@group-C5BA1605619E-SegmentedRaftLogWorker] INFO  segmented.SegmentedRaftLogWorker (SegmentedRaftLogWorker.java:execute(656)) - om1@group-C5BA1605619E-SegmentedRaftLogWorker: created new log segment /home/runner/work/ozone/ozone/hadoop-ozone/integration-test/target/test-dir/MiniOzoneClusterImpl-c61d2d68-5505-4298-888d-dd71e22caacf/ozone-meta/ratis/bf265839-605b-3f16-9796-c5ba1605619e/current/log_inprogress_0
2022-11-08 11:40:30,438 [Datanode State Machine Task Thread - 0] INFO  datanode.InitDatanodeState (InitDatanodeState.java:persistContainerDatanodeDetails(138)) - DatanodeDetails is persisted to /home/runner/work/ozone/ozone/hadoop-ozone/integration-test/target/test-dir/MiniOzoneClusterImpl-c61d2d68-5505-4298-888d-dd71e22caacf/datanode-0/meta/datanode.id
2022-11-08 11:40:30,454 [Thread-151] INFO  ozoneimpl.ContainerReader (ContainerReader.java:readVolume(175)) - Finish verifying containers on volume /home/runner/work/ozone/ozone/hadoop-ozone/integration-test/target/test-dir/MiniOzoneClusterImpl-c61d2d68-5505-4298-888d-dd71e22caacf/datanode-1/data-0/containers/hdds
2022-11-08 11:40:30,468 [Listener at 127.0.0.1/34491] INFO  ozoneimpl.OzoneContainer (OzoneContainer.java:buildContainerSet(300)) - Build ContainerSet costs 0s
2022-11-08 11:40:30,474 [Listener at 127.0.0.1/34491] INFO  server.RaftServer (ConfUtils.java:logGet(46)) - raft.rpc.type = GRPC (default)
2022-11-08 11:40:30,475 [Listener at 127.0.0.1/34491] INFO  grpc.GrpcConfigKeys (ConfUtils.java:logFallback(53)) - raft.grpc.admin.host = null (fallback to raft.grpc.server.host)
2022-11-08 11:40:30,475 [Listener at 127.0.0.1/34491] INFO  grpc.GrpcConfigKeys (ConfUtils.java:logGet(46)) - raft.grpc.admin.port = 0 (custom)
2022-11-08 11:40:30,475 [Listener at 127.0.0.1/34491] INFO  grpc.GrpcConfigKeys (ConfUtils.java:logFallback(53)) - raft.grpc.client.host = null (fallback to raft.grpc.server.host)
2022-11-08 11:40:30,475 [Listener at 127.0.0.1/34491] INFO  grpc.GrpcConfigKeys (ConfUtils.java:logGet(46)) - raft.grpc.client.port = 0 (custom)
2022-11-08 11:40:30,475 [Listener at 127.0.0.1/34491] INFO  grpc.GrpcConfigKeys (ConfUtils.java:logGet(46)) - raft.grpc.server.host = null (default)
2022-11-08 11:40:30,476 [Listener at 127.0.0.1/34491] INFO  grpc.GrpcConfigKeys (ConfUtils.java:logGet(46)) - raft.grpc.server.port = 0 (default)
2022-11-08 11:40:30,477 [Listener at 127.0.0.1/34491] INFO  server.GrpcService (ConfUtils.java:logGet(46)) - raft.grpc.message.size.max = 32MB (=33554432) (custom)
2022-11-08 11:40:30,477 [Listener at 127.0.0.1/34491] INFO  server.RaftServerConfigKeys (ConfUtils.java:logGet(46)) - raft.server.log.appender.buffer.byte-limit = 33554432 (custom)
2022-11-08 11:40:30,477 [Listener at 127.0.0.1/34491] INFO  server.GrpcService (ConfUtils.java:logGet(46)) - raft.grpc.flow.control.window = 5MB (=5242880) (custom)
2022-11-08 11:40:30,478 [Listener at 127.0.0.1/34491] INFO  server.RaftServerConfigKeys (ConfUtils.java:logGet(46)) - raft.server.rpc.request.timeout = 60s (custom)
2022-11-08 11:40:30,478 [Listener at 127.0.0.1/34491] INFO  grpc.GrpcConfigKeys (ConfUtils.java:logGet(46)) - raft.grpc.server.heartbeat.channel = true (default)
2022-11-08 11:40:30,479 [Listener at 127.0.0.1/34491] INFO  grpc.GrpcConfigKeys (ConfUtils.java:logGet(46)) - raft.grpc.server.async.request.thread.pool.cached = true (default)
2022-11-08 11:40:30,480 [Listener at 127.0.0.1/34491] INFO  grpc.GrpcConfigKeys (ConfUtils.java:logGet(46)) - raft.grpc.server.async.request.thread.pool.size = 32 (default)
2022-11-08 11:40:30,482 [Listener at 127.0.0.1/34491] INFO  impl.DataStreamServerImpl (ConfUtils.java:logGet(46)) - raft.datastream.type = DISABLED (default)
2022-11-08 11:40:30,484 [Listener at 127.0.0.1/34491] INFO  server.RaftServerConfigKeys (ConfUtils.java:logGet(46)) - raft.server.threadpool.proxy.cached = true (default)
2022-11-08 11:40:30,484 [Listener at 127.0.0.1/34491] INFO  server.RaftServerConfigKeys (ConfUtils.java:logGet(46)) - raft.server.threadpool.proxy.size = 0 (default)
2022-11-08 11:40:30,484 [Listener at 127.0.0.1/34491] INFO  server.RaftServerConfigKeys (ConfUtils.java:logGet(46)) - raft.server.rpc.slowness.timeout = 300s (custom)
2022-11-08 11:40:30,484 [Listener at 127.0.0.1/34491] INFO  server.RaftServerConfigKeys (ConfUtils.java:logGet(46)) - raft.server.leaderelection.leader.step-down.wait-time = 10s (default)
2022-11-08 11:40:30,485 [Listener at 127.0.0.1/34491] INFO  server.RaftServerConfigKeys (ConfUtils.java:logGet(46)) - raft.server.storage.dir = [/home/runner/work/ozone/ozone/hadoop-ozone/integration-test/target/test-dir/MiniOzoneClusterImpl-c61d2d68-5505-4298-888d-dd71e22caacf/datanode-1/data/ratis] (custom)
2022-11-08 11:40:30,494 [Listener at 127.0.0.1/34491] INFO  server.XceiverServerGrpc (XceiverServerGrpc.java:<init>(132)) - GrpcServer channel type EpollServerSocketChannel
2022-11-08 11:40:30,510 [Listener at 127.0.0.1/34491] INFO  http.BaseHttpServer (BaseHttpServer.java:newHttpServer2BuilderForOzone(213)) - Starting Web-server for hddsDatanode at: http://0.0.0.0:0
2022-11-08 11:40:30,511 [Listener at 127.0.0.1/34491] INFO  http.BaseHttpServer (BaseHttpServer.java:<init>(108)) - Hadoop Security Enabled: false Ozone Security Enabled: false Ozone HTTP Security Enabled: false 
2022-11-08 11:40:30,513 [Listener at 127.0.0.1/34491] WARN  server.AuthenticationFilter (AuthenticationFilter.java:constructSecretProvider(240)) - Unable to initialize FileSignerSecretProvider, falling back to use random secrets. Reason: Could not read signature secret file: /home/runner/hadoop-http-auth-signature-secret
2022-11-08 11:40:30,518 [Listener at 127.0.0.1/34491] WARN  http.HttpRequestLog (HttpRequestLog.java:getRequestLog(103)) - Jetty request log can only be enabled using Log4j
2022-11-08 11:40:30,523 [Listener at 127.0.0.1/34491] INFO  http.HttpServer2 (HttpServer2.java:addGlobalFilter(1031)) - Added global filter 'safety' (class=org.apache.hadoop.hdds.server.http.HttpServer2$QuotingInputFilter)
2022-11-08 11:40:30,525 [Listener at 127.0.0.1/34491] INFO  http.HttpServer2 (HttpServer2.java:addFilter(1007)) - Added filter static_user_filter (class=org.apache.hadoop.http.lib.StaticUserWebFilter$StaticUserFilter) to context hddsDatanode
2022-11-08 11:40:30,525 [Listener at 127.0.0.1/34491] INFO  http.HttpServer2 (HttpServer2.java:addFilter(1015)) - Added filter static_user_filter (class=org.apache.hadoop.http.lib.StaticUserWebFilter$StaticUserFilter) to context logs
2022-11-08 11:40:30,525 [Listener at 127.0.0.1/34491] INFO  http.HttpServer2 (HttpServer2.java:addFilter(1015)) - Added filter static_user_filter (class=org.apache.hadoop.http.lib.StaticUserWebFilter$StaticUserFilter) to context static
2022-11-08 11:40:30,530 [Listener at 127.0.0.1/34491] INFO  http.HttpServer2 (HttpServer2.java:bindListener(1250)) - Jetty bound to port 34701
2022-11-08 11:40:30,530 [Listener at 127.0.0.1/34491] INFO  server.Server (Server.java:doStart(375)) - jetty-9.4.49.v20220914; built: 2022-09-14T01:07:36.601Z; git: 4231a3b2e4cb8548a412a789936d640a97b1aa0a; jvm 1.8.0_345-b01
2022-11-08 11:40:30,553 [Listener at 127.0.0.1/34491] INFO  server.session (DefaultSessionIdManager.java:doStart(334)) - DefaultSessionIdManager workerName=node0
2022-11-08 11:40:30,554 [Listener at 127.0.0.1/34491] INFO  server.session (DefaultSessionIdManager.java:doStart(339)) - No SessionScavenger set, using defaults
2022-11-08 11:40:30,554 [Listener at 127.0.0.1/34491] INFO  server.session (HouseKeeper.java:startScavenging(132)) - node0 Scavenging every 660000ms
2022-11-08 11:40:30,560 [Listener at 127.0.0.1/34491] INFO  handler.ContextHandler (ContextHandler.java:doStart(921)) - Started o.e.j.s.ServletContextHandler@4b26a938{logs,/logs,file:///home/runner/work/ozone/ozone/hadoop-ozone/integration-test/target/log,AVAILABLE}
2022-11-08 11:40:30,564 [Listener at 127.0.0.1/34491] INFO  handler.ContextHandler (ContextHandler.java:doStart(921)) - Started o.e.j.s.ServletContextHandler@34a69e59{static,/static,jar:file:/home/runner/.m2/repository/org/apache/ozone/hdds-container-service/1.3.0-SNAPSHOT/hdds-container-service-1.3.0-SNAPSHOT.jar!/webapps/static,AVAILABLE}
2022-11-08 11:40:30,653 [om1@group-C5BA1605619E-StateMachineUpdater] INFO  ratis.OzoneManagerStateMachine (OzoneManagerStateMachine.java:notifyConfigurationChanged(192)) - Received Configuration change notification from Ratis. New Peer list:
[id: "om1"
address: "localhost:9872"
startupRole: FOLLOWER
]
2022-11-08 11:40:30,829 [Listener at 127.0.0.1/34491] INFO  handler.ContextHandler (ContextHandler.java:doStart(921)) - Started o.e.j.w.WebAppContext@3e028c16{hddsDatanode,/,file:///tmp/jetty-0_0_0_0-34701-hdds-container-service-1_3_0-SNAPSHOT_jar-_-any-6149555632682057432/webapp/,AVAILABLE}{jar:file:/home/runner/.m2/repository/org/apache/ozone/hdds-container-service/1.3.0-SNAPSHOT/hdds-container-service-1.3.0-SNAPSHOT.jar!/webapps/hddsDatanode}
2022-11-08 11:40:30,830 [Listener at 127.0.0.1/34491] INFO  server.AbstractConnector (AbstractConnector.java:doStart(333)) - Started ServerConnector@97e310{HTTP/1.1, (http/1.1)}{0.0.0.0:34701}
2022-11-08 11:40:30,831 [Listener at 127.0.0.1/34491] INFO  server.Server (Server.java:doStart(415)) - Started @11676ms
2022-11-08 11:40:30,831 [Listener at 127.0.0.1/34491] WARN  impl.MetricsSystemImpl (MetricsSystemImpl.java:register(279)) - Sink prometheus already exists!
2022-11-08 11:40:30,832 [Listener at 127.0.0.1/34491] INFO  http.BaseHttpServer (BaseHttpServer.java:updateConnectorAddress(333)) - HTTP server of hddsDatanode listening at http://0.0.0.0:34701
2022-11-08 11:40:30,836 [Listener at 127.0.0.1/34491] WARN  impl.MetricRegistriesImpl (MetricRegistriesImpl.java:addReporterRegistration(111)) - New reporters are added after registries were created. Some metrics will be missing from the reporter. Please add reporter before adding any new registry.
2022-11-08 11:40:30,836 [Listener at 127.0.0.1/34491] WARN  impl.MetricRegistriesImpl (MetricRegistriesImpl.java:addReporterRegistration(111)) - New reporters are added after registries were created. Some metrics will be missing from the reporter. Please add reporter before adding any new registry.
2022-11-08 11:40:30,836 [Listener at 127.0.0.1/34491] INFO  impl.MetricsSystemImpl (MetricsSystemImpl.java:init(158)) - HddsDatanode metrics system started (again)
2022-11-08 11:40:30,839 [Datanode State Machine Daemon Thread] INFO  statemachine.DatanodeStateMachine (DatanodeStateMachine.java:lambda$startDaemon$0(505)) - Ozone container server started.
2022-11-08 11:40:30,853 [Listener at 127.0.0.1/34491] INFO  ozone.HddsDatanodeService (HddsDatanodeService.java:start(236)) - HddsDatanodeService host:fv-az573-890.uspngagyt4suddso0aj1djjezg.dx.internal.cloudapp.net ip:10.1.0.111
2022-11-08 11:40:30,875 [org.apache.hadoop.util.JvmPauseMonitor$Monitor@7b6bd88c] INFO  util.JvmPauseMonitor (JvmPauseMonitor.java:run(188)) - Starting JVM pause monitor
2022-11-08 11:40:30,881 [Listener at 127.0.0.1/34491] INFO  upgrade.AbstractLayoutVersionManager (AbstractLayoutVersionManager.java:init(83)) - Initializing Layout version manager with metadata layout = DATANODE_SCHEMA_V3 (version = 4), software layout = DATANODE_SCHEMA_V3 (version = 4)
2022-11-08 11:40:30,901 [Datanode State Machine Task Thread - 0] INFO  datanode.InitDatanodeState (InitDatanodeState.java:persistContainerDatanodeDetails(138)) - DatanodeDetails is persisted to /home/runner/work/ozone/ozone/hadoop-ozone/integration-test/target/test-dir/MiniOzoneClusterImpl-c61d2d68-5505-4298-888d-dd71e22caacf/datanode-1/meta/datanode.id
2022-11-08 11:40:30,960 [Listener at 127.0.0.1/34491] INFO  reflections.Reflections (Reflections.java:scan(232)) - Reflections took 77 ms to scan 7 urls, producing 139 keys and 336 values 
2022-11-08 11:40:30,963 [Listener at 127.0.0.1/34491] INFO  statemachine.DatanodeStateMachine (DatanodeStateMachine.java:getEndPointTaskThreadPoolSize(245)) - Datanode State Machine Task Thread Pool size 2
2022-11-08 11:40:30,966 [Listener at 127.0.0.1/34491] INFO  volume.HddsVolume (HddsVolume.java:<init>(117)) - Creating HddsVolume: /home/runner/work/ozone/ozone/hadoop-ozone/integration-test/target/test-dir/MiniOzoneClusterImpl-c61d2d68-5505-4298-888d-dd71e22caacf/datanode-2/data-0/containers/hdds of storage type : DISK capacity : 9223372036854775807
2022-11-08 11:40:30,966 [Listener at 127.0.0.1/34491] INFO  volume.MutableVolumeSet (MutableVolumeSet.java:initializeVolumeSet(174)) - Added Volume : /home/runner/work/ozone/ozone/hadoop-ozone/integration-test/target/test-dir/MiniOzoneClusterImpl-c61d2d68-5505-4298-888d-dd71e22caacf/datanode-2/data-0/containers/hdds to VolumeSet
2022-11-08 11:40:30,967 [Listener at 127.0.0.1/34491] INFO  volume.ThrottledAsyncChecker (ThrottledAsyncChecker.java:schedule(141)) - Scheduling a check for /home/runner/work/ozone/ozone/hadoop-ozone/integration-test/target/test-dir/MiniOzoneClusterImpl-c61d2d68-5505-4298-888d-dd71e22caacf/datanode-2/data-0/containers/hdds
2022-11-08 11:40:30,968 [Listener at 127.0.0.1/34491] INFO  volume.StorageVolumeChecker (StorageVolumeChecker.java:checkAllVolumes(202)) - Scheduled health check for volume /home/runner/work/ozone/ozone/hadoop-ozone/integration-test/target/test-dir/MiniOzoneClusterImpl-c61d2d68-5505-4298-888d-dd71e22caacf/datanode-2/data-0/containers/hdds
2022-11-08 11:40:30,981 [Listener at 127.0.0.1/34491] INFO  volume.MutableVolumeSet (MutableVolumeSet.java:initializeVolumeSet(174)) - Added Volume : /home/runner/work/ozone/ozone/hadoop-ozone/integration-test/target/test-dir/MiniOzoneClusterImpl-c61d2d68-5505-4298-888d-dd71e22caacf/datanode-2/data/ratis to VolumeSet
2022-11-08 11:40:30,982 [Listener at 127.0.0.1/34491] INFO  volume.ThrottledAsyncChecker (ThrottledAsyncChecker.java:schedule(141)) - Scheduling a check for /home/runner/work/ozone/ozone/hadoop-ozone/integration-test/target/test-dir/MiniOzoneClusterImpl-c61d2d68-5505-4298-888d-dd71e22caacf/datanode-2/data/ratis
2022-11-08 11:40:30,982 [Listener at 127.0.0.1/34491] INFO  volume.StorageVolumeChecker (StorageVolumeChecker.java:checkAllVolumes(202)) - Scheduled health check for volume /home/runner/work/ozone/ozone/hadoop-ozone/integration-test/target/test-dir/MiniOzoneClusterImpl-c61d2d68-5505-4298-888d-dd71e22caacf/datanode-2/data/ratis
2022-11-08 11:40:30,996 [Thread-164] INFO  ozoneimpl.ContainerReader (ContainerReader.java:readVolume(175)) - Finish verifying containers on volume /home/runner/work/ozone/ozone/hadoop-ozone/integration-test/target/test-dir/MiniOzoneClusterImpl-c61d2d68-5505-4298-888d-dd71e22caacf/datanode-2/data-0/containers/hdds
2022-11-08 11:40:30,996 [Listener at 127.0.0.1/34491] INFO  ozoneimpl.OzoneContainer (OzoneContainer.java:buildContainerSet(300)) - Build ContainerSet costs 0s
2022-11-08 11:40:31,000 [Listener at 127.0.0.1/34491] INFO  server.RaftServer (ConfUtils.java:logGet(46)) - raft.rpc.type = GRPC (default)
2022-11-08 11:40:31,000 [Listener at 127.0.0.1/34491] INFO  grpc.GrpcConfigKeys (ConfUtils.java:logFallback(53)) - raft.grpc.admin.host = null (fallback to raft.grpc.server.host)
2022-11-08 11:40:31,000 [Listener at 127.0.0.1/34491] INFO  grpc.GrpcConfigKeys (ConfUtils.java:logGet(46)) - raft.grpc.admin.port = 0 (custom)
2022-11-08 11:40:31,000 [Listener at 127.0.0.1/34491] INFO  grpc.GrpcConfigKeys (ConfUtils.java:logFallback(53)) - raft.grpc.client.host = null (fallback to raft.grpc.server.host)
2022-11-08 11:40:31,001 [Listener at 127.0.0.1/34491] INFO  grpc.GrpcConfigKeys (ConfUtils.java:logGet(46)) - raft.grpc.client.port = 0 (custom)
2022-11-08 11:40:31,001 [Listener at 127.0.0.1/34491] INFO  grpc.GrpcConfigKeys (ConfUtils.java:logGet(46)) - raft.grpc.server.host = null (default)
2022-11-08 11:40:31,001 [Listener at 127.0.0.1/34491] INFO  grpc.GrpcConfigKeys (ConfUtils.java:logGet(46)) - raft.grpc.server.port = 0 (default)
2022-11-08 11:40:31,001 [Listener at 127.0.0.1/34491] INFO  server.GrpcService (ConfUtils.java:logGet(46)) - raft.grpc.message.size.max = 32MB (=33554432) (custom)
2022-11-08 11:40:31,002 [Listener at 127.0.0.1/34491] INFO  server.RaftServerConfigKeys (ConfUtils.java:logGet(46)) - raft.server.log.appender.buffer.byte-limit = 33554432 (custom)
2022-11-08 11:40:31,002 [Listener at 127.0.0.1/34491] INFO  server.GrpcService (ConfUtils.java:logGet(46)) - raft.grpc.flow.control.window = 5MB (=5242880) (custom)
2022-11-08 11:40:31,002 [Listener at 127.0.0.1/34491] INFO  server.RaftServerConfigKeys (ConfUtils.java:logGet(46)) - raft.server.rpc.request.timeout = 60s (custom)
2022-11-08 11:40:31,002 [Listener at 127.0.0.1/34491] INFO  grpc.GrpcConfigKeys (ConfUtils.java:logGet(46)) - raft.grpc.server.heartbeat.channel = true (default)
2022-11-08 11:40:31,003 [Listener at 127.0.0.1/34491] INFO  grpc.GrpcConfigKeys (ConfUtils.java:logGet(46)) - raft.grpc.server.async.request.thread.pool.cached = true (default)
2022-11-08 11:40:31,003 [Listener at 127.0.0.1/34491] INFO  grpc.GrpcConfigKeys (ConfUtils.java:logGet(46)) - raft.grpc.server.async.request.thread.pool.size = 32 (default)
2022-11-08 11:40:31,005 [Listener at 127.0.0.1/34491] INFO  impl.DataStreamServerImpl (ConfUtils.java:logGet(46)) - raft.datastream.type = DISABLED (default)
2022-11-08 11:40:31,005 [Listener at 127.0.0.1/34491] INFO  server.RaftServerConfigKeys (ConfUtils.java:logGet(46)) - raft.server.threadpool.proxy.cached = true (default)
2022-11-08 11:40:31,005 [Listener at 127.0.0.1/34491] INFO  server.RaftServerConfigKeys (ConfUtils.java:logGet(46)) - raft.server.threadpool.proxy.size = 0 (default)
2022-11-08 11:40:31,006 [Listener at 127.0.0.1/34491] INFO  server.RaftServerConfigKeys (ConfUtils.java:logGet(46)) - raft.server.rpc.slowness.timeout = 300s (custom)
2022-11-08 11:40:31,006 [Listener at 127.0.0.1/34491] INFO  server.RaftServerConfigKeys (ConfUtils.java:logGet(46)) - raft.server.leaderelection.leader.step-down.wait-time = 10s (default)
2022-11-08 11:40:31,006 [Listener at 127.0.0.1/34491] INFO  server.RaftServerConfigKeys (ConfUtils.java:logGet(46)) - raft.server.storage.dir = [/home/runner/work/ozone/ozone/hadoop-ozone/integration-test/target/test-dir/MiniOzoneClusterImpl-c61d2d68-5505-4298-888d-dd71e22caacf/datanode-2/data/ratis] (custom)
2022-11-08 11:40:31,008 [Listener at 127.0.0.1/34491] INFO  server.XceiverServerGrpc (XceiverServerGrpc.java:<init>(132)) - GrpcServer channel type EpollServerSocketChannel
2022-11-08 11:40:31,021 [Listener at 127.0.0.1/34491] INFO  http.BaseHttpServer (BaseHttpServer.java:newHttpServer2BuilderForOzone(213)) - Starting Web-server for hddsDatanode at: http://0.0.0.0:0
2022-11-08 11:40:31,021 [Listener at 127.0.0.1/34491] INFO  http.BaseHttpServer (BaseHttpServer.java:<init>(108)) - Hadoop Security Enabled: false Ozone Security Enabled: false Ozone HTTP Security Enabled: false 
2022-11-08 11:40:31,024 [Listener at 127.0.0.1/34491] WARN  server.AuthenticationFilter (AuthenticationFilter.java:constructSecretProvider(240)) - Unable to initialize FileSignerSecretProvider, falling back to use random secrets. Reason: Could not read signature secret file: /home/runner/hadoop-http-auth-signature-secret
2022-11-08 11:40:31,036 [Listener at 127.0.0.1/34491] WARN  http.HttpRequestLog (HttpRequestLog.java:getRequestLog(103)) - Jetty request log can only be enabled using Log4j
2022-11-08 11:40:31,040 [Listener at 127.0.0.1/34491] INFO  http.HttpServer2 (HttpServer2.java:addGlobalFilter(1031)) - Added global filter 'safety' (class=org.apache.hadoop.hdds.server.http.HttpServer2$QuotingInputFilter)
2022-11-08 11:40:31,041 [Listener at 127.0.0.1/34491] INFO  http.HttpServer2 (HttpServer2.java:addFilter(1007)) - Added filter static_user_filter (class=org.apache.hadoop.http.lib.StaticUserWebFilter$StaticUserFilter) to context hddsDatanode
2022-11-08 11:40:31,042 [Listener at 127.0.0.1/34491] INFO  http.HttpServer2 (HttpServer2.java:addFilter(1015)) - Added filter static_user_filter (class=org.apache.hadoop.http.lib.StaticUserWebFilter$StaticUserFilter) to context logs
2022-11-08 11:40:31,042 [Listener at 127.0.0.1/34491] INFO  http.HttpServer2 (HttpServer2.java:addFilter(1015)) - Added filter static_user_filter (class=org.apache.hadoop.http.lib.StaticUserWebFilter$StaticUserFilter) to context static
2022-11-08 11:40:31,043 [Listener at 127.0.0.1/34491] INFO  http.HttpServer2 (HttpServer2.java:bindListener(1250)) - Jetty bound to port 40685
2022-11-08 11:40:31,043 [Listener at 127.0.0.1/34491] INFO  server.Server (Server.java:doStart(375)) - jetty-9.4.49.v20220914; built: 2022-09-14T01:07:36.601Z; git: 4231a3b2e4cb8548a412a789936d640a97b1aa0a; jvm 1.8.0_345-b01
2022-11-08 11:40:31,051 [Listener at 127.0.0.1/34491] INFO  server.session (DefaultSessionIdManager.java:doStart(334)) - DefaultSessionIdManager workerName=node0
2022-11-08 11:40:31,052 [Listener at 127.0.0.1/34491] INFO  server.session (DefaultSessionIdManager.java:doStart(339)) - No SessionScavenger set, using defaults
2022-11-08 11:40:31,052 [Listener at 127.0.0.1/34491] INFO  server.session (HouseKeeper.java:startScavenging(132)) - node0 Scavenging every 660000ms
2022-11-08 11:40:31,053 [Listener at 127.0.0.1/34491] INFO  handler.ContextHandler (ContextHandler.java:doStart(921)) - Started o.e.j.s.ServletContextHandler@e3ded9{logs,/logs,file:///home/runner/work/ozone/ozone/hadoop-ozone/integration-test/target/log,AVAILABLE}
2022-11-08 11:40:31,054 [Listener at 127.0.0.1/34491] INFO  handler.ContextHandler (ContextHandler.java:doStart(921)) - Started o.e.j.s.ServletContextHandler@3ca57afe{static,/static,jar:file:/home/runner/.m2/repository/org/apache/ozone/hdds-container-service/1.3.0-SNAPSHOT/hdds-container-service-1.3.0-SNAPSHOT.jar!/webapps/static,AVAILABLE}
2022-11-08 11:40:31,268 [Listener at 127.0.0.1/34491] INFO  handler.ContextHandler (ContextHandler.java:doStart(921)) - Started o.e.j.w.WebAppContext@794e544b{hddsDatanode,/,file:///tmp/jetty-0_0_0_0-40685-hdds-container-service-1_3_0-SNAPSHOT_jar-_-any-8103644984269609925/webapp/,AVAILABLE}{jar:file:/home/runner/.m2/repository/org/apache/ozone/hdds-container-service/1.3.0-SNAPSHOT/hdds-container-service-1.3.0-SNAPSHOT.jar!/webapps/hddsDatanode}
2022-11-08 11:40:31,270 [Listener at 127.0.0.1/34491] INFO  server.AbstractConnector (AbstractConnector.java:doStart(333)) - Started ServerConnector@7f6cf329{HTTP/1.1, (http/1.1)}{0.0.0.0:40685}
2022-11-08 11:40:31,270 [Listener at 127.0.0.1/34491] INFO  server.Server (Server.java:doStart(415)) - Started @12115ms
2022-11-08 11:40:31,270 [Listener at 127.0.0.1/34491] WARN  impl.MetricsSystemImpl (MetricsSystemImpl.java:register(279)) - Sink prometheus already exists!
2022-11-08 11:40:31,271 [Listener at 127.0.0.1/34491] INFO  http.BaseHttpServer (BaseHttpServer.java:updateConnectorAddress(333)) - HTTP server of hddsDatanode listening at http://0.0.0.0:40685
2022-11-08 11:40:31,272 [Datanode State Machine Daemon Thread] INFO  statemachine.DatanodeStateMachine (DatanodeStateMachine.java:lambda$startDaemon$0(505)) - Ozone container server started.
2022-11-08 11:40:31,272 [Listener at 127.0.0.1/34491] WARN  impl.MetricRegistriesImpl (MetricRegistriesImpl.java:addReporterRegistration(111)) - New reporters are added after registries were created. Some metrics will be missing from the reporter. Please add reporter before adding any new registry.
2022-11-08 11:40:31,276 [Listener at 127.0.0.1/34491] WARN  impl.MetricRegistriesImpl (MetricRegistriesImpl.java:addReporterRegistration(111)) - New reporters are added after registries were created. Some metrics will be missing from the reporter. Please add reporter before adding any new registry.
2022-11-08 11:40:31,276 [Listener at 127.0.0.1/34491] INFO  impl.MetricsSystemImpl (MetricsSystemImpl.java:init(158)) - HddsDatanode metrics system started (again)
2022-11-08 11:40:31,287 [org.apache.hadoop.util.JvmPauseMonitor$Monitor@4312b92a] INFO  util.JvmPauseMonitor (JvmPauseMonitor.java:run(188)) - Starting JVM pause monitor
2022-11-08 11:40:31,292 [Listener at 127.0.0.1/34491] INFO  ozone.HddsDatanodeService (HddsDatanodeService.java:start(236)) - HddsDatanodeService host:fv-az573-890.uspngagyt4suddso0aj1djjezg.dx.internal.cloudapp.net ip:10.1.0.111
2022-11-08 11:40:31,295 [Datanode State Machine Task Thread - 0] INFO  datanode.InitDatanodeState (InitDatanodeState.java:persistContainerDatanodeDetails(138)) - DatanodeDetails is persisted to /home/runner/work/ozone/ozone/hadoop-ozone/integration-test/target/test-dir/MiniOzoneClusterImpl-c61d2d68-5505-4298-888d-dd71e22caacf/datanode-2/meta/datanode.id
2022-11-08 11:40:31,351 [Listener at 127.0.0.1/34491] INFO  upgrade.AbstractLayoutVersionManager (AbstractLayoutVersionManager.java:init(83)) - Initializing Layout version manager with metadata layout = DATANODE_SCHEMA_V3 (version = 4), software layout = DATANODE_SCHEMA_V3 (version = 4)
2022-11-08 11:40:31,410 [Listener at 127.0.0.1/34491] INFO  reflections.Reflections (Reflections.java:scan(232)) - Reflections took 57 ms to scan 7 urls, producing 139 keys and 336 values 
2022-11-08 11:40:31,412 [Listener at 127.0.0.1/34491] INFO  statemachine.DatanodeStateMachine (DatanodeStateMachine.java:getEndPointTaskThreadPoolSize(245)) - Datanode State Machine Task Thread Pool size 2
2022-11-08 11:40:31,415 [Listener at 127.0.0.1/34491] INFO  volume.HddsVolume (HddsVolume.java:<init>(117)) - Creating HddsVolume: /home/runner/work/ozone/ozone/hadoop-ozone/integration-test/target/test-dir/MiniOzoneClusterImpl-c61d2d68-5505-4298-888d-dd71e22caacf/datanode-3/data-0/containers/hdds of storage type : DISK capacity : 9223372036854775807
2022-11-08 11:40:31,416 [Listener at 127.0.0.1/34491] INFO  volume.MutableVolumeSet (MutableVolumeSet.java:initializeVolumeSet(174)) - Added Volume : /home/runner/work/ozone/ozone/hadoop-ozone/integration-test/target/test-dir/MiniOzoneClusterImpl-c61d2d68-5505-4298-888d-dd71e22caacf/datanode-3/data-0/containers/hdds to VolumeSet
2022-11-08 11:40:31,416 [Listener at 127.0.0.1/34491] INFO  volume.ThrottledAsyncChecker (ThrottledAsyncChecker.java:schedule(141)) - Scheduling a check for /home/runner/work/ozone/ozone/hadoop-ozone/integration-test/target/test-dir/MiniOzoneClusterImpl-c61d2d68-5505-4298-888d-dd71e22caacf/datanode-3/data-0/containers/hdds
2022-11-08 11:40:31,418 [Listener at 127.0.0.1/34491] INFO  volume.StorageVolumeChecker (StorageVolumeChecker.java:checkAllVolumes(202)) - Scheduled health check for volume /home/runner/work/ozone/ozone/hadoop-ozone/integration-test/target/test-dir/MiniOzoneClusterImpl-c61d2d68-5505-4298-888d-dd71e22caacf/datanode-3/data-0/containers/hdds
2022-11-08 11:40:31,432 [Listener at 127.0.0.1/34491] INFO  volume.MutableVolumeSet (MutableVolumeSet.java:initializeVolumeSet(174)) - Added Volume : /home/runner/work/ozone/ozone/hadoop-ozone/integration-test/target/test-dir/MiniOzoneClusterImpl-c61d2d68-5505-4298-888d-dd71e22caacf/datanode-3/data/ratis to VolumeSet
2022-11-08 11:40:31,432 [Listener at 127.0.0.1/34491] INFO  volume.ThrottledAsyncChecker (ThrottledAsyncChecker.java:schedule(141)) - Scheduling a check for /home/runner/work/ozone/ozone/hadoop-ozone/integration-test/target/test-dir/MiniOzoneClusterImpl-c61d2d68-5505-4298-888d-dd71e22caacf/datanode-3/data/ratis
2022-11-08 11:40:31,432 [Listener at 127.0.0.1/34491] INFO  volume.StorageVolumeChecker (StorageVolumeChecker.java:checkAllVolumes(202)) - Scheduled health check for volume /home/runner/work/ozone/ozone/hadoop-ozone/integration-test/target/test-dir/MiniOzoneClusterImpl-c61d2d68-5505-4298-888d-dd71e22caacf/datanode-3/data/ratis
2022-11-08 11:40:31,448 [Thread-177] INFO  ozoneimpl.ContainerReader (ContainerReader.java:readVolume(175)) - Finish verifying containers on volume /home/runner/work/ozone/ozone/hadoop-ozone/integration-test/target/test-dir/MiniOzoneClusterImpl-c61d2d68-5505-4298-888d-dd71e22caacf/datanode-3/data-0/containers/hdds
2022-11-08 11:40:31,448 [Listener at 127.0.0.1/34491] INFO  ozoneimpl.OzoneContainer (OzoneContainer.java:buildContainerSet(300)) - Build ContainerSet costs 0s
2022-11-08 11:40:31,452 [Listener at 127.0.0.1/34491] INFO  server.RaftServer (ConfUtils.java:logGet(46)) - raft.rpc.type = GRPC (default)
2022-11-08 11:40:31,452 [Listener at 127.0.0.1/34491] INFO  grpc.GrpcConfigKeys (ConfUtils.java:logFallback(53)) - raft.grpc.admin.host = null (fallback to raft.grpc.server.host)
2022-11-08 11:40:31,453 [Listener at 127.0.0.1/34491] INFO  grpc.GrpcConfigKeys (ConfUtils.java:logGet(46)) - raft.grpc.admin.port = 0 (custom)
2022-11-08 11:40:31,453 [Listener at 127.0.0.1/34491] INFO  grpc.GrpcConfigKeys (ConfUtils.java:logFallback(53)) - raft.grpc.client.host = null (fallback to raft.grpc.server.host)
2022-11-08 11:40:31,453 [Listener at 127.0.0.1/34491] INFO  grpc.GrpcConfigKeys (ConfUtils.java:logGet(46)) - raft.grpc.client.port = 0 (custom)
2022-11-08 11:40:31,453 [Listener at 127.0.0.1/34491] INFO  grpc.GrpcConfigKeys (ConfUtils.java:logGet(46)) - raft.grpc.server.host = null (default)
2022-11-08 11:40:31,453 [Listener at 127.0.0.1/34491] INFO  grpc.GrpcConfigKeys (ConfUtils.java:logGet(46)) - raft.grpc.server.port = 0 (default)
2022-11-08 11:40:31,454 [Listener at 127.0.0.1/34491] INFO  server.GrpcService (ConfUtils.java:logGet(46)) - raft.grpc.message.size.max = 32MB (=33554432) (custom)
2022-11-08 11:40:31,454 [Listener at 127.0.0.1/34491] INFO  server.RaftServerConfigKeys (ConfUtils.java:logGet(46)) - raft.server.log.appender.buffer.byte-limit = 33554432 (custom)
2022-11-08 11:40:31,454 [Listener at 127.0.0.1/34491] INFO  server.GrpcService (ConfUtils.java:logGet(46)) - raft.grpc.flow.control.window = 5MB (=5242880) (custom)
2022-11-08 11:40:31,454 [Listener at 127.0.0.1/34491] INFO  server.RaftServerConfigKeys (ConfUtils.java:logGet(46)) - raft.server.rpc.request.timeout = 60s (custom)
2022-11-08 11:40:31,455 [Listener at 127.0.0.1/34491] INFO  grpc.GrpcConfigKeys (ConfUtils.java:logGet(46)) - raft.grpc.server.heartbeat.channel = true (default)
2022-11-08 11:40:31,455 [Listener at 127.0.0.1/34491] INFO  grpc.GrpcConfigKeys (ConfUtils.java:logGet(46)) - raft.grpc.server.async.request.thread.pool.cached = true (default)
2022-11-08 11:40:31,455 [Listener at 127.0.0.1/34491] INFO  grpc.GrpcConfigKeys (ConfUtils.java:logGet(46)) - raft.grpc.server.async.request.thread.pool.size = 32 (default)
2022-11-08 11:40:31,457 [Listener at 127.0.0.1/34491] INFO  impl.DataStreamServerImpl (ConfUtils.java:logGet(46)) - raft.datastream.type = DISABLED (default)
2022-11-08 11:40:31,457 [Listener at 127.0.0.1/34491] INFO  server.RaftServerConfigKeys (ConfUtils.java:logGet(46)) - raft.server.threadpool.proxy.cached = true (default)
2022-11-08 11:40:31,457 [Listener at 127.0.0.1/34491] INFO  server.RaftServerConfigKeys (ConfUtils.java:logGet(46)) - raft.server.threadpool.proxy.size = 0 (default)
2022-11-08 11:40:31,458 [Listener at 127.0.0.1/34491] INFO  server.RaftServerConfigKeys (ConfUtils.java:logGet(46)) - raft.server.rpc.slowness.timeout = 300s (custom)
2022-11-08 11:40:31,458 [Listener at 127.0.0.1/34491] INFO  server.RaftServerConfigKeys (ConfUtils.java:logGet(46)) - raft.server.leaderelection.leader.step-down.wait-time = 10s (default)
2022-11-08 11:40:31,458 [Listener at 127.0.0.1/34491] INFO  server.RaftServerConfigKeys (ConfUtils.java:logGet(46)) - raft.server.storage.dir = [/home/runner/work/ozone/ozone/hadoop-ozone/integration-test/target/test-dir/MiniOzoneClusterImpl-c61d2d68-5505-4298-888d-dd71e22caacf/datanode-3/data/ratis] (custom)
2022-11-08 11:40:31,461 [Listener at 127.0.0.1/34491] INFO  server.XceiverServerGrpc (XceiverServerGrpc.java:<init>(132)) - GrpcServer channel type EpollServerSocketChannel
2022-11-08 11:40:31,469 [Listener at 127.0.0.1/34491] INFO  http.BaseHttpServer (BaseHttpServer.java:newHttpServer2BuilderForOzone(213)) - Starting Web-server for hddsDatanode at: http://0.0.0.0:0
2022-11-08 11:40:31,469 [Listener at 127.0.0.1/34491] INFO  http.BaseHttpServer (BaseHttpServer.java:<init>(108)) - Hadoop Security Enabled: false Ozone Security Enabled: false Ozone HTTP Security Enabled: false 
2022-11-08 11:40:31,471 [Listener at 127.0.0.1/34491] WARN  server.AuthenticationFilter (AuthenticationFilter.java:constructSecretProvider(240)) - Unable to initialize FileSignerSecretProvider, falling back to use random secrets. Reason: Could not read signature secret file: /home/runner/hadoop-http-auth-signature-secret
2022-11-08 11:40:31,472 [Listener at 127.0.0.1/34491] WARN  http.HttpRequestLog (HttpRequestLog.java:getRequestLog(103)) - Jetty request log can only be enabled using Log4j
2022-11-08 11:40:31,473 [Listener at 127.0.0.1/34491] INFO  http.HttpServer2 (HttpServer2.java:addGlobalFilter(1031)) - Added global filter 'safety' (class=org.apache.hadoop.hdds.server.http.HttpServer2$QuotingInputFilter)
2022-11-08 11:40:31,474 [Listener at 127.0.0.1/34491] INFO  http.HttpServer2 (HttpServer2.java:addFilter(1007)) - Added filter static_user_filter (class=org.apache.hadoop.http.lib.StaticUserWebFilter$StaticUserFilter) to context hddsDatanode
2022-11-08 11:40:31,474 [Listener at 127.0.0.1/34491] INFO  http.HttpServer2 (HttpServer2.java:addFilter(1015)) - Added filter static_user_filter (class=org.apache.hadoop.http.lib.StaticUserWebFilter$StaticUserFilter) to context logs
2022-11-08 11:40:31,475 [Listener at 127.0.0.1/34491] INFO  http.HttpServer2 (HttpServer2.java:addFilter(1015)) - Added filter static_user_filter (class=org.apache.hadoop.http.lib.StaticUserWebFilter$StaticUserFilter) to context static
2022-11-08 11:40:31,475 [Listener at 127.0.0.1/34491] INFO  http.HttpServer2 (HttpServer2.java:bindListener(1250)) - Jetty bound to port 36813
2022-11-08 11:40:31,476 [Listener at 127.0.0.1/34491] INFO  server.Server (Server.java:doStart(375)) - jetty-9.4.49.v20220914; built: 2022-09-14T01:07:36.601Z; git: 4231a3b2e4cb8548a412a789936d640a97b1aa0a; jvm 1.8.0_345-b01
2022-11-08 11:40:31,486 [Listener at 127.0.0.1/34491] INFO  server.session (DefaultSessionIdManager.java:doStart(334)) - DefaultSessionIdManager workerName=node0
2022-11-08 11:40:31,486 [Listener at 127.0.0.1/34491] INFO  server.session (DefaultSessionIdManager.java:doStart(339)) - No SessionScavenger set, using defaults
2022-11-08 11:40:31,486 [Listener at 127.0.0.1/34491] INFO  server.session (HouseKeeper.java:startScavenging(132)) - node0 Scavenging every 660000ms
2022-11-08 11:40:31,487 [Listener at 127.0.0.1/34491] INFO  handler.ContextHandler (ContextHandler.java:doStart(921)) - Started o.e.j.s.ServletContextHandler@623fcb4f{logs,/logs,file:///home/runner/work/ozone/ozone/hadoop-ozone/integration-test/target/log,AVAILABLE}
2022-11-08 11:40:31,488 [Listener at 127.0.0.1/34491] INFO  handler.ContextHandler (ContextHandler.java:doStart(921)) - Started o.e.j.s.ServletContextHandler@32ceaba7{static,/static,jar:file:/home/runner/.m2/repository/org/apache/ozone/hdds-container-service/1.3.0-SNAPSHOT/hdds-container-service-1.3.0-SNAPSHOT.jar!/webapps/static,AVAILABLE}
2022-11-08 11:40:31,700 [Listener at 127.0.0.1/34491] INFO  handler.ContextHandler (ContextHandler.java:doStart(921)) - Started o.e.j.w.WebAppContext@5e55c959{hddsDatanode,/,file:///tmp/jetty-0_0_0_0-36813-hdds-container-service-1_3_0-SNAPSHOT_jar-_-any-361070478296663407/webapp/,AVAILABLE}{jar:file:/home/runner/.m2/repository/org/apache/ozone/hdds-container-service/1.3.0-SNAPSHOT/hdds-container-service-1.3.0-SNAPSHOT.jar!/webapps/hddsDatanode}
2022-11-08 11:40:31,703 [Listener at 127.0.0.1/34491] INFO  server.AbstractConnector (AbstractConnector.java:doStart(333)) - Started ServerConnector@7b10e088{HTTP/1.1, (http/1.1)}{0.0.0.0:36813}
2022-11-08 11:40:31,703 [Listener at 127.0.0.1/34491] INFO  server.Server (Server.java:doStart(415)) - Started @12547ms
2022-11-08 11:40:31,703 [Listener at 127.0.0.1/34491] WARN  impl.MetricsSystemImpl (MetricsSystemImpl.java:register(279)) - Sink prometheus already exists!
2022-11-08 11:40:31,704 [Listener at 127.0.0.1/34491] INFO  http.BaseHttpServer (BaseHttpServer.java:updateConnectorAddress(333)) - HTTP server of hddsDatanode listening at http://0.0.0.0:36813
2022-11-08 11:40:31,704 [Datanode State Machine Daemon Thread] INFO  statemachine.DatanodeStateMachine (DatanodeStateMachine.java:lambda$startDaemon$0(505)) - Ozone container server started.
2022-11-08 11:40:31,705 [Listener at 127.0.0.1/34491] WARN  impl.MetricRegistriesImpl (MetricRegistriesImpl.java:addReporterRegistration(111)) - New reporters are added after registries were created. Some metrics will be missing from the reporter. Please add reporter before adding any new registry.
2022-11-08 11:40:31,705 [Listener at 127.0.0.1/34491] WARN  impl.MetricRegistriesImpl (MetricRegistriesImpl.java:addReporterRegistration(111)) - New reporters are added after registries were created. Some metrics will be missing from the reporter. Please add reporter before adding any new registry.
2022-11-08 11:40:31,706 [Listener at 127.0.0.1/34491] INFO  impl.MetricsSystemImpl (MetricsSystemImpl.java:init(158)) - HddsDatanode metrics system started (again)
2022-11-08 11:40:31,728 [Listener at 127.0.0.1/34491] INFO  ozone.HddsDatanodeService (HddsDatanodeService.java:start(236)) - HddsDatanodeService host:fv-az573-890.uspngagyt4suddso0aj1djjezg.dx.internal.cloudapp.net ip:10.1.0.111
2022-11-08 11:40:31,731 [org.apache.hadoop.util.JvmPauseMonitor$Monitor@29ba61dd] INFO  util.JvmPauseMonitor (JvmPauseMonitor.java:run(188)) - Starting JVM pause monitor
2022-11-08 11:40:31,737 [Datanode State Machine Task Thread - 0] INFO  datanode.InitDatanodeState (InitDatanodeState.java:persistContainerDatanodeDetails(138)) - DatanodeDetails is persisted to /home/runner/work/ozone/ozone/hadoop-ozone/integration-test/target/test-dir/MiniOzoneClusterImpl-c61d2d68-5505-4298-888d-dd71e22caacf/datanode-3/meta/datanode.id
2022-11-08 11:40:31,760 [Listener at 127.0.0.1/34491] INFO  upgrade.AbstractLayoutVersionManager (AbstractLayoutVersionManager.java:init(83)) - Initializing Layout version manager with metadata layout = DATANODE_SCHEMA_V3 (version = 4), software layout = DATANODE_SCHEMA_V3 (version = 4)
2022-11-08 11:40:31,813 [Listener at 127.0.0.1/34491] INFO  reflections.Reflections (Reflections.java:scan(232)) - Reflections took 51 ms to scan 7 urls, producing 139 keys and 336 values 
2022-11-08 11:40:31,815 [Listener at 127.0.0.1/34491] INFO  statemachine.DatanodeStateMachine (DatanodeStateMachine.java:getEndPointTaskThreadPoolSize(245)) - Datanode State Machine Task Thread Pool size 2
2022-11-08 11:40:31,825 [Listener at 127.0.0.1/34491] INFO  volume.HddsVolume (HddsVolume.java:<init>(117)) - Creating HddsVolume: /home/runner/work/ozone/ozone/hadoop-ozone/integration-test/target/test-dir/MiniOzoneClusterImpl-c61d2d68-5505-4298-888d-dd71e22caacf/datanode-4/data-0/containers/hdds of storage type : DISK capacity : 9223372036854775807
2022-11-08 11:40:31,826 [Listener at 127.0.0.1/34491] INFO  volume.MutableVolumeSet (MutableVolumeSet.java:initializeVolumeSet(174)) - Added Volume : /home/runner/work/ozone/ozone/hadoop-ozone/integration-test/target/test-dir/MiniOzoneClusterImpl-c61d2d68-5505-4298-888d-dd71e22caacf/datanode-4/data-0/containers/hdds to VolumeSet
2022-11-08 11:40:31,827 [Listener at 127.0.0.1/34491] INFO  volume.ThrottledAsyncChecker (ThrottledAsyncChecker.java:schedule(141)) - Scheduling a check for /home/runner/work/ozone/ozone/hadoop-ozone/integration-test/target/test-dir/MiniOzoneClusterImpl-c61d2d68-5505-4298-888d-dd71e22caacf/datanode-4/data-0/containers/hdds
2022-11-08 11:40:31,830 [Listener at 127.0.0.1/34491] INFO  volume.StorageVolumeChecker (StorageVolumeChecker.java:checkAllVolumes(202)) - Scheduled health check for volume /home/runner/work/ozone/ozone/hadoop-ozone/integration-test/target/test-dir/MiniOzoneClusterImpl-c61d2d68-5505-4298-888d-dd71e22caacf/datanode-4/data-0/containers/hdds
2022-11-08 11:40:31,844 [Listener at 127.0.0.1/34491] INFO  volume.MutableVolumeSet (MutableVolumeSet.java:initializeVolumeSet(174)) - Added Volume : /home/runner/work/ozone/ozone/hadoop-ozone/integration-test/target/test-dir/MiniOzoneClusterImpl-c61d2d68-5505-4298-888d-dd71e22caacf/datanode-4/data/ratis to VolumeSet
2022-11-08 11:40:31,844 [Listener at 127.0.0.1/34491] INFO  volume.ThrottledAsyncChecker (ThrottledAsyncChecker.java:schedule(141)) - Scheduling a check for /home/runner/work/ozone/ozone/hadoop-ozone/integration-test/target/test-dir/MiniOzoneClusterImpl-c61d2d68-5505-4298-888d-dd71e22caacf/datanode-4/data/ratis
2022-11-08 11:40:31,845 [Listener at 127.0.0.1/34491] INFO  volume.StorageVolumeChecker (StorageVolumeChecker.java:checkAllVolumes(202)) - Scheduled health check for volume /home/runner/work/ozone/ozone/hadoop-ozone/integration-test/target/test-dir/MiniOzoneClusterImpl-c61d2d68-5505-4298-888d-dd71e22caacf/datanode-4/data/ratis
2022-11-08 11:40:31,860 [Thread-190] INFO  ozoneimpl.ContainerReader (ContainerReader.java:readVolume(175)) - Finish verifying containers on volume /home/runner/work/ozone/ozone/hadoop-ozone/integration-test/target/test-dir/MiniOzoneClusterImpl-c61d2d68-5505-4298-888d-dd71e22caacf/datanode-4/data-0/containers/hdds
2022-11-08 11:40:31,861 [Listener at 127.0.0.1/34491] INFO  ozoneimpl.OzoneContainer (OzoneContainer.java:buildContainerSet(300)) - Build ContainerSet costs 0s
2022-11-08 11:40:31,864 [Listener at 127.0.0.1/34491] INFO  server.RaftServer (ConfUtils.java:logGet(46)) - raft.rpc.type = GRPC (default)
2022-11-08 11:40:31,865 [Listener at 127.0.0.1/34491] INFO  grpc.GrpcConfigKeys (ConfUtils.java:logFallback(53)) - raft.grpc.admin.host = null (fallback to raft.grpc.server.host)
2022-11-08 11:40:31,865 [Listener at 127.0.0.1/34491] INFO  grpc.GrpcConfigKeys (ConfUtils.java:logGet(46)) - raft.grpc.admin.port = 0 (custom)
2022-11-08 11:40:31,865 [Listener at 127.0.0.1/34491] INFO  grpc.GrpcConfigKeys (ConfUtils.java:logFallback(53)) - raft.grpc.client.host = null (fallback to raft.grpc.server.host)
2022-11-08 11:40:31,865 [Listener at 127.0.0.1/34491] INFO  grpc.GrpcConfigKeys (ConfUtils.java:logGet(46)) - raft.grpc.client.port = 0 (custom)
2022-11-08 11:40:31,866 [Listener at 127.0.0.1/34491] INFO  grpc.GrpcConfigKeys (ConfUtils.java:logGet(46)) - raft.grpc.server.host = null (default)
2022-11-08 11:40:31,867 [Listener at 127.0.0.1/34491] INFO  grpc.GrpcConfigKeys (ConfUtils.java:logGet(46)) - raft.grpc.server.port = 0 (default)
2022-11-08 11:40:31,867 [Listener at 127.0.0.1/34491] INFO  server.GrpcService (ConfUtils.java:logGet(46)) - raft.grpc.message.size.max = 32MB (=33554432) (custom)
2022-11-08 11:40:31,867 [Listener at 127.0.0.1/34491] INFO  server.RaftServerConfigKeys (ConfUtils.java:logGet(46)) - raft.server.log.appender.buffer.byte-limit = 33554432 (custom)
2022-11-08 11:40:31,868 [Listener at 127.0.0.1/34491] INFO  server.GrpcService (ConfUtils.java:logGet(46)) - raft.grpc.flow.control.window = 5MB (=5242880) (custom)
2022-11-08 11:40:31,868 [Listener at 127.0.0.1/34491] INFO  server.RaftServerConfigKeys (ConfUtils.java:logGet(46)) - raft.server.rpc.request.timeout = 60s (custom)
2022-11-08 11:40:31,868 [Listener at 127.0.0.1/34491] INFO  grpc.GrpcConfigKeys (ConfUtils.java:logGet(46)) - raft.grpc.server.heartbeat.channel = true (default)
2022-11-08 11:40:31,868 [Listener at 127.0.0.1/34491] INFO  grpc.GrpcConfigKeys (ConfUtils.java:logGet(46)) - raft.grpc.server.async.request.thread.pool.cached = true (default)
2022-11-08 11:40:31,868 [Listener at 127.0.0.1/34491] INFO  grpc.GrpcConfigKeys (ConfUtils.java:logGet(46)) - raft.grpc.server.async.request.thread.pool.size = 32 (default)
2022-11-08 11:40:31,870 [Listener at 127.0.0.1/34491] INFO  impl.DataStreamServerImpl (ConfUtils.java:logGet(46)) - raft.datastream.type = DISABLED (default)
2022-11-08 11:40:31,870 [Listener at 127.0.0.1/34491] INFO  server.RaftServerConfigKeys (ConfUtils.java:logGet(46)) - raft.server.threadpool.proxy.cached = true (default)
2022-11-08 11:40:31,871 [Listener at 127.0.0.1/34491] INFO  server.RaftServerConfigKeys (ConfUtils.java:logGet(46)) - raft.server.threadpool.proxy.size = 0 (default)
2022-11-08 11:40:31,871 [Listener at 127.0.0.1/34491] INFO  server.RaftServerConfigKeys (ConfUtils.java:logGet(46)) - raft.server.rpc.slowness.timeout = 300s (custom)
2022-11-08 11:40:31,871 [Listener at 127.0.0.1/34491] INFO  server.RaftServerConfigKeys (ConfUtils.java:logGet(46)) - raft.server.leaderelection.leader.step-down.wait-time = 10s (default)
2022-11-08 11:40:31,871 [Listener at 127.0.0.1/34491] INFO  server.RaftServerConfigKeys (ConfUtils.java:logGet(46)) - raft.server.storage.dir = [/home/runner/work/ozone/ozone/hadoop-ozone/integration-test/target/test-dir/MiniOzoneClusterImpl-c61d2d68-5505-4298-888d-dd71e22caacf/datanode-4/data/ratis] (custom)
2022-11-08 11:40:31,874 [Listener at 127.0.0.1/34491] INFO  server.XceiverServerGrpc (XceiverServerGrpc.java:<init>(132)) - GrpcServer channel type EpollServerSocketChannel
2022-11-08 11:40:31,880 [Listener at 127.0.0.1/34491] INFO  http.BaseHttpServer (BaseHttpServer.java:newHttpServer2BuilderForOzone(213)) - Starting Web-server for hddsDatanode at: http://0.0.0.0:0
2022-11-08 11:40:31,880 [Listener at 127.0.0.1/34491] INFO  http.BaseHttpServer (BaseHttpServer.java:<init>(108)) - Hadoop Security Enabled: false Ozone Security Enabled: false Ozone HTTP Security Enabled: false 
2022-11-08 11:40:31,882 [Listener at 127.0.0.1/34491] WARN  server.AuthenticationFilter (AuthenticationFilter.java:constructSecretProvider(240)) - Unable to initialize FileSignerSecretProvider, falling back to use random secrets. Reason: Could not read signature secret file: /home/runner/hadoop-http-auth-signature-secret
2022-11-08 11:40:31,884 [Listener at 127.0.0.1/34491] WARN  http.HttpRequestLog (HttpRequestLog.java:getRequestLog(103)) - Jetty request log can only be enabled using Log4j
2022-11-08 11:40:31,886 [Listener at 127.0.0.1/34491] INFO  http.HttpServer2 (HttpServer2.java:addGlobalFilter(1031)) - Added global filter 'safety' (class=org.apache.hadoop.hdds.server.http.HttpServer2$QuotingInputFilter)
2022-11-08 11:40:31,888 [Listener at 127.0.0.1/34491] INFO  http.HttpServer2 (HttpServer2.java:addFilter(1007)) - Added filter static_user_filter (class=org.apache.hadoop.http.lib.StaticUserWebFilter$StaticUserFilter) to context hddsDatanode
2022-11-08 11:40:31,888 [Listener at 127.0.0.1/34491] INFO  http.HttpServer2 (HttpServer2.java:addFilter(1015)) - Added filter static_user_filter (class=org.apache.hadoop.http.lib.StaticUserWebFilter$StaticUserFilter) to context static
2022-11-08 11:40:31,888 [Listener at 127.0.0.1/34491] INFO  http.HttpServer2 (HttpServer2.java:addFilter(1015)) - Added filter static_user_filter (class=org.apache.hadoop.http.lib.StaticUserWebFilter$StaticUserFilter) to context logs
2022-11-08 11:40:31,889 [Listener at 127.0.0.1/34491] INFO  http.HttpServer2 (HttpServer2.java:bindListener(1250)) - Jetty bound to port 45395
2022-11-08 11:40:31,889 [Listener at 127.0.0.1/34491] INFO  server.Server (Server.java:doStart(375)) - jetty-9.4.49.v20220914; built: 2022-09-14T01:07:36.601Z; git: 4231a3b2e4cb8548a412a789936d640a97b1aa0a; jvm 1.8.0_345-b01
2022-11-08 11:40:31,893 [Listener at 127.0.0.1/34491] INFO  server.session (DefaultSessionIdManager.java:doStart(334)) - DefaultSessionIdManager workerName=node0
2022-11-08 11:40:31,893 [Listener at 127.0.0.1/34491] INFO  server.session (DefaultSessionIdManager.java:doStart(339)) - No SessionScavenger set, using defaults
2022-11-08 11:40:31,893 [Listener at 127.0.0.1/34491] INFO  server.session (HouseKeeper.java:startScavenging(132)) - node0 Scavenging every 600000ms
2022-11-08 11:40:31,895 [Listener at 127.0.0.1/34491] INFO  handler.ContextHandler (ContextHandler.java:doStart(921)) - Started o.e.j.s.ServletContextHandler@7e12d310{logs,/logs,file:///home/runner/work/ozone/ozone/hadoop-ozone/integration-test/target/log,AVAILABLE}
2022-11-08 11:40:31,895 [Listener at 127.0.0.1/34491] INFO  handler.ContextHandler (ContextHandler.java:doStart(921)) - Started o.e.j.s.ServletContextHandler@44c3a4c2{static,/static,jar:file:/home/runner/.m2/repository/org/apache/ozone/hdds-container-service/1.3.0-SNAPSHOT/hdds-container-service-1.3.0-SNAPSHOT.jar!/webapps/static,AVAILABLE}
2022-11-08 11:40:32,104 [Listener at 127.0.0.1/34491] INFO  handler.ContextHandler (ContextHandler.java:doStart(921)) - Started o.e.j.w.WebAppContext@6373a753{hddsDatanode,/,file:///tmp/jetty-0_0_0_0-45395-hdds-container-service-1_3_0-SNAPSHOT_jar-_-any-7138868512582424859/webapp/,AVAILABLE}{jar:file:/home/runner/.m2/repository/org/apache/ozone/hdds-container-service/1.3.0-SNAPSHOT/hdds-container-service-1.3.0-SNAPSHOT.jar!/webapps/hddsDatanode}
2022-11-08 11:40:32,106 [Listener at 127.0.0.1/34491] INFO  server.AbstractConnector (AbstractConnector.java:doStart(333)) - Started ServerConnector@25499cf8{HTTP/1.1, (http/1.1)}{0.0.0.0:45395}
2022-11-08 11:40:32,106 [Listener at 127.0.0.1/34491] INFO  server.Server (Server.java:doStart(415)) - Started @12951ms
2022-11-08 11:40:32,106 [Listener at 127.0.0.1/34491] WARN  impl.MetricsSystemImpl (MetricsSystemImpl.java:register(279)) - Sink prometheus already exists!
2022-11-08 11:40:32,107 [Listener at 127.0.0.1/34491] INFO  http.BaseHttpServer (BaseHttpServer.java:updateConnectorAddress(333)) - HTTP server of hddsDatanode listening at http://0.0.0.0:45395
2022-11-08 11:40:32,108 [Datanode State Machine Daemon Thread] INFO  statemachine.DatanodeStateMachine (DatanodeStateMachine.java:lambda$startDaemon$0(505)) - Ozone container server started.
2022-11-08 11:40:32,108 [Listener at 127.0.0.1/34491] WARN  impl.MetricRegistriesImpl (MetricRegistriesImpl.java:addReporterRegistration(111)) - New reporters are added after registries were created. Some metrics will be missing from the reporter. Please add reporter before adding any new registry.
2022-11-08 11:40:32,109 [Listener at 127.0.0.1/34491] WARN  impl.MetricRegistriesImpl (MetricRegistriesImpl.java:addReporterRegistration(111)) - New reporters are added after registries were created. Some metrics will be missing from the reporter. Please add reporter before adding any new registry.
2022-11-08 11:40:32,110 [Listener at 127.0.0.1/34491] INFO  impl.MetricsSystemImpl (MetricsSystemImpl.java:init(158)) - HddsDatanode metrics system started (again)
2022-11-08 11:40:32,127 [Listener at 127.0.0.1/34491] INFO  ozone.HddsDatanodeService (HddsDatanodeService.java:start(236)) - HddsDatanodeService host:fv-az573-890.uspngagyt4suddso0aj1djjezg.dx.internal.cloudapp.net ip:10.1.0.111
2022-11-08 11:40:32,128 [org.apache.hadoop.util.JvmPauseMonitor$Monitor@760d64c5] INFO  util.JvmPauseMonitor (JvmPauseMonitor.java:run(188)) - Starting JVM pause monitor
2022-11-08 11:40:32,134 [Datanode State Machine Task Thread - 0] INFO  datanode.InitDatanodeState (InitDatanodeState.java:persistContainerDatanodeDetails(138)) - DatanodeDetails is persisted to /home/runner/work/ozone/ozone/hadoop-ozone/integration-test/target/test-dir/MiniOzoneClusterImpl-c61d2d68-5505-4298-888d-dd71e22caacf/datanode-4/meta/datanode.id
2022-11-08 11:40:32,157 [Listener at 127.0.0.1/34491] INFO  upgrade.AbstractLayoutVersionManager (AbstractLayoutVersionManager.java:init(83)) - Initializing Layout version manager with metadata layout = DATANODE_SCHEMA_V3 (version = 4), software layout = DATANODE_SCHEMA_V3 (version = 4)
2022-11-08 11:40:32,260 [Listener at 127.0.0.1/34491] INFO  reflections.Reflections (Reflections.java:scan(232)) - Reflections took 102 ms to scan 7 urls, producing 139 keys and 336 values 
2022-11-08 11:40:32,262 [Listener at 127.0.0.1/34491] INFO  statemachine.DatanodeStateMachine (DatanodeStateMachine.java:getEndPointTaskThreadPoolSize(245)) - Datanode State Machine Task Thread Pool size 2
2022-11-08 11:40:32,273 [Listener at 127.0.0.1/34491] INFO  volume.HddsVolume (HddsVolume.java:<init>(117)) - Creating HddsVolume: /home/runner/work/ozone/ozone/hadoop-ozone/integration-test/target/test-dir/MiniOzoneClusterImpl-c61d2d68-5505-4298-888d-dd71e22caacf/datanode-5/data-0/containers/hdds of storage type : DISK capacity : 9223372036854775807
2022-11-08 11:40:32,273 [Listener at 127.0.0.1/34491] INFO  volume.MutableVolumeSet (MutableVolumeSet.java:initializeVolumeSet(174)) - Added Volume : /home/runner/work/ozone/ozone/hadoop-ozone/integration-test/target/test-dir/MiniOzoneClusterImpl-c61d2d68-5505-4298-888d-dd71e22caacf/datanode-5/data-0/containers/hdds to VolumeSet
2022-11-08 11:40:32,273 [Listener at 127.0.0.1/34491] INFO  volume.ThrottledAsyncChecker (ThrottledAsyncChecker.java:schedule(141)) - Scheduling a check for /home/runner/work/ozone/ozone/hadoop-ozone/integration-test/target/test-dir/MiniOzoneClusterImpl-c61d2d68-5505-4298-888d-dd71e22caacf/datanode-5/data-0/containers/hdds
2022-11-08 11:40:32,284 [Listener at 127.0.0.1/34491] INFO  volume.StorageVolumeChecker (StorageVolumeChecker.java:checkAllVolumes(202)) - Scheduled health check for volume /home/runner/work/ozone/ozone/hadoop-ozone/integration-test/target/test-dir/MiniOzoneClusterImpl-c61d2d68-5505-4298-888d-dd71e22caacf/datanode-5/data-0/containers/hdds
2022-11-08 11:40:32,307 [Listener at 127.0.0.1/34491] INFO  volume.MutableVolumeSet (MutableVolumeSet.java:initializeVolumeSet(174)) - Added Volume : /home/runner/work/ozone/ozone/hadoop-ozone/integration-test/target/test-dir/MiniOzoneClusterImpl-c61d2d68-5505-4298-888d-dd71e22caacf/datanode-5/data/ratis to VolumeSet
2022-11-08 11:40:32,309 [Listener at 127.0.0.1/34491] INFO  volume.ThrottledAsyncChecker (ThrottledAsyncChecker.java:schedule(141)) - Scheduling a check for /home/runner/work/ozone/ozone/hadoop-ozone/integration-test/target/test-dir/MiniOzoneClusterImpl-c61d2d68-5505-4298-888d-dd71e22caacf/datanode-5/data/ratis
2022-11-08 11:40:32,309 [Listener at 127.0.0.1/34491] INFO  volume.StorageVolumeChecker (StorageVolumeChecker.java:checkAllVolumes(202)) - Scheduled health check for volume /home/runner/work/ozone/ozone/hadoop-ozone/integration-test/target/test-dir/MiniOzoneClusterImpl-c61d2d68-5505-4298-888d-dd71e22caacf/datanode-5/data/ratis
2022-11-08 11:40:32,341 [Thread-204] INFO  ozoneimpl.ContainerReader (ContainerReader.java:readVolume(175)) - Finish verifying containers on volume /home/runner/work/ozone/ozone/hadoop-ozone/integration-test/target/test-dir/MiniOzoneClusterImpl-c61d2d68-5505-4298-888d-dd71e22caacf/datanode-5/data-0/containers/hdds
2022-11-08 11:40:32,341 [Listener at 127.0.0.1/34491] INFO  ozoneimpl.OzoneContainer (OzoneContainer.java:buildContainerSet(300)) - Build ContainerSet costs 0s
2022-11-08 11:40:32,345 [Listener at 127.0.0.1/34491] INFO  server.RaftServer (ConfUtils.java:logGet(46)) - raft.rpc.type = GRPC (default)
2022-11-08 11:40:32,346 [Listener at 127.0.0.1/34491] INFO  grpc.GrpcConfigKeys (ConfUtils.java:logFallback(53)) - raft.grpc.admin.host = null (fallback to raft.grpc.server.host)
2022-11-08 11:40:32,346 [Listener at 127.0.0.1/34491] INFO  grpc.GrpcConfigKeys (ConfUtils.java:logGet(46)) - raft.grpc.admin.port = 0 (custom)
2022-11-08 11:40:32,346 [Listener at 127.0.0.1/34491] INFO  grpc.GrpcConfigKeys (ConfUtils.java:logFallback(53)) - raft.grpc.client.host = null (fallback to raft.grpc.server.host)
2022-11-08 11:40:32,346 [Listener at 127.0.0.1/34491] INFO  grpc.GrpcConfigKeys (ConfUtils.java:logGet(46)) - raft.grpc.client.port = 0 (custom)
2022-11-08 11:40:32,351 [Listener at 127.0.0.1/34491] INFO  grpc.GrpcConfigKeys (ConfUtils.java:logGet(46)) - raft.grpc.server.host = null (default)
2022-11-08 11:40:32,352 [Listener at 127.0.0.1/34491] INFO  grpc.GrpcConfigKeys (ConfUtils.java:logGet(46)) - raft.grpc.server.port = 0 (default)
2022-11-08 11:40:32,353 [Listener at 127.0.0.1/34491] INFO  server.GrpcService (ConfUtils.java:logGet(46)) - raft.grpc.message.size.max = 32MB (=33554432) (custom)
2022-11-08 11:40:32,353 [Listener at 127.0.0.1/34491] INFO  server.RaftServerConfigKeys (ConfUtils.java:logGet(46)) - raft.server.log.appender.buffer.byte-limit = 33554432 (custom)
2022-11-08 11:40:32,353 [Listener at 127.0.0.1/34491] INFO  server.GrpcService (ConfUtils.java:logGet(46)) - raft.grpc.flow.control.window = 5MB (=5242880) (custom)
2022-11-08 11:40:32,353 [Listener at 127.0.0.1/34491] INFO  server.RaftServerConfigKeys (ConfUtils.java:logGet(46)) - raft.server.rpc.request.timeout = 60s (custom)
2022-11-08 11:40:32,354 [Listener at 127.0.0.1/34491] INFO  grpc.GrpcConfigKeys (ConfUtils.java:logGet(46)) - raft.grpc.server.heartbeat.channel = true (default)
2022-11-08 11:40:32,354 [Listener at 127.0.0.1/34491] INFO  grpc.GrpcConfigKeys (ConfUtils.java:logGet(46)) - raft.grpc.server.async.request.thread.pool.cached = true (default)
2022-11-08 11:40:32,354 [Listener at 127.0.0.1/34491] INFO  grpc.GrpcConfigKeys (ConfUtils.java:logGet(46)) - raft.grpc.server.async.request.thread.pool.size = 32 (default)
2022-11-08 11:40:32,356 [Listener at 127.0.0.1/34491] INFO  impl.DataStreamServerImpl (ConfUtils.java:logGet(46)) - raft.datastream.type = DISABLED (default)
2022-11-08 11:40:32,356 [Listener at 127.0.0.1/34491] INFO  server.RaftServerConfigKeys (ConfUtils.java:logGet(46)) - raft.server.threadpool.proxy.cached = true (default)
2022-11-08 11:40:32,356 [Listener at 127.0.0.1/34491] INFO  server.RaftServerConfigKeys (ConfUtils.java:logGet(46)) - raft.server.threadpool.proxy.size = 0 (default)
2022-11-08 11:40:32,356 [Listener at 127.0.0.1/34491] INFO  server.RaftServerConfigKeys (ConfUtils.java:logGet(46)) - raft.server.rpc.slowness.timeout = 300s (custom)
2022-11-08 11:40:32,356 [Listener at 127.0.0.1/34491] INFO  server.RaftServerConfigKeys (ConfUtils.java:logGet(46)) - raft.server.leaderelection.leader.step-down.wait-time = 10s (default)
2022-11-08 11:40:32,357 [Listener at 127.0.0.1/34491] INFO  server.RaftServerConfigKeys (ConfUtils.java:logGet(46)) - raft.server.storage.dir = [/home/runner/work/ozone/ozone/hadoop-ozone/integration-test/target/test-dir/MiniOzoneClusterImpl-c61d2d68-5505-4298-888d-dd71e22caacf/datanode-5/data/ratis] (custom)
2022-11-08 11:40:32,359 [Listener at 127.0.0.1/34491] INFO  server.XceiverServerGrpc (XceiverServerGrpc.java:<init>(132)) - GrpcServer channel type EpollServerSocketChannel
2022-11-08 11:40:32,376 [Listener at 127.0.0.1/34491] INFO  http.BaseHttpServer (BaseHttpServer.java:newHttpServer2BuilderForOzone(213)) - Starting Web-server for hddsDatanode at: http://0.0.0.0:0
2022-11-08 11:40:32,377 [Listener at 127.0.0.1/34491] INFO  http.BaseHttpServer (BaseHttpServer.java:<init>(108)) - Hadoop Security Enabled: false Ozone Security Enabled: false Ozone HTTP Security Enabled: false 
2022-11-08 11:40:32,379 [Listener at 127.0.0.1/34491] WARN  server.AuthenticationFilter (AuthenticationFilter.java:constructSecretProvider(240)) - Unable to initialize FileSignerSecretProvider, falling back to use random secrets. Reason: Could not read signature secret file: /home/runner/hadoop-http-auth-signature-secret
2022-11-08 11:40:32,380 [Listener at 127.0.0.1/34491] WARN  http.HttpRequestLog (HttpRequestLog.java:getRequestLog(103)) - Jetty request log can only be enabled using Log4j
2022-11-08 11:40:32,382 [Listener at 127.0.0.1/34491] INFO  http.HttpServer2 (HttpServer2.java:addGlobalFilter(1031)) - Added global filter 'safety' (class=org.apache.hadoop.hdds.server.http.HttpServer2$QuotingInputFilter)
2022-11-08 11:40:32,383 [Listener at 127.0.0.1/34491] INFO  http.HttpServer2 (HttpServer2.java:addFilter(1007)) - Added filter static_user_filter (class=org.apache.hadoop.http.lib.StaticUserWebFilter$StaticUserFilter) to context hddsDatanode
2022-11-08 11:40:32,383 [Listener at 127.0.0.1/34491] INFO  http.HttpServer2 (HttpServer2.java:addFilter(1015)) - Added filter static_user_filter (class=org.apache.hadoop.http.lib.StaticUserWebFilter$StaticUserFilter) to context static
2022-11-08 11:40:32,383 [Listener at 127.0.0.1/34491] INFO  http.HttpServer2 (HttpServer2.java:addFilter(1015)) - Added filter static_user_filter (class=org.apache.hadoop.http.lib.StaticUserWebFilter$StaticUserFilter) to context logs
2022-11-08 11:40:32,387 [Listener at 127.0.0.1/34491] INFO  http.HttpServer2 (HttpServer2.java:bindListener(1250)) - Jetty bound to port 42783
2022-11-08 11:40:32,387 [Listener at 127.0.0.1/34491] INFO  server.Server (Server.java:doStart(375)) - jetty-9.4.49.v20220914; built: 2022-09-14T01:07:36.601Z; git: 4231a3b2e4cb8548a412a789936d640a97b1aa0a; jvm 1.8.0_345-b01
2022-11-08 11:40:32,392 [Listener at 127.0.0.1/34491] INFO  server.session (DefaultSessionIdManager.java:doStart(334)) - DefaultSessionIdManager workerName=node0
2022-11-08 11:40:32,392 [Listener at 127.0.0.1/34491] INFO  server.session (DefaultSessionIdManager.java:doStart(339)) - No SessionScavenger set, using defaults
2022-11-08 11:40:32,392 [Listener at 127.0.0.1/34491] INFO  server.session (HouseKeeper.java:startScavenging(132)) - node0 Scavenging every 660000ms
2022-11-08 11:40:32,393 [Listener at 127.0.0.1/34491] INFO  handler.ContextHandler (ContextHandler.java:doStart(921)) - Started o.e.j.s.ServletContextHandler@6a5b9eb3{logs,/logs,file:///home/runner/work/ozone/ozone/hadoop-ozone/integration-test/target/log,AVAILABLE}
2022-11-08 11:40:32,394 [Listener at 127.0.0.1/34491] INFO  handler.ContextHandler (ContextHandler.java:doStart(921)) - Started o.e.j.s.ServletContextHandler@15c1ddb4{static,/static,jar:file:/home/runner/.m2/repository/org/apache/ozone/hdds-container-service/1.3.0-SNAPSHOT/hdds-container-service-1.3.0-SNAPSHOT.jar!/webapps/static,AVAILABLE}
2022-11-08 11:40:32,411 [EndpointStateMachine task thread for /0.0.0.0:35191 - 0 ] INFO  utils.DatanodeStoreCache (DatanodeStoreCache.java:addDB(58)) - Added db /home/runner/work/ozone/ozone/hadoop-ozone/integration-test/target/test-dir/MiniOzoneClusterImpl-c61d2d68-5505-4298-888d-dd71e22caacf/datanode-0/data-0/containers/hdds/c61d2d68-5505-4298-888d-dd71e22caacf/DS-aed56bd4-eb5c-42d5-9670-b178692904cc/container.db to cache
2022-11-08 11:40:32,411 [EndpointStateMachine task thread for /0.0.0.0:35191 - 0 ] INFO  volume.HddsVolume (HddsVolume.java:createDbStore(307)) - SchemaV3 db is created and loaded at /home/runner/work/ozone/ozone/hadoop-ozone/integration-test/target/test-dir/MiniOzoneClusterImpl-c61d2d68-5505-4298-888d-dd71e22caacf/datanode-0/data-0/containers/hdds/c61d2d68-5505-4298-888d-dd71e22caacf/DS-aed56bd4-eb5c-42d5-9670-b178692904cc/container.db for volume DS-aed56bd4-eb5c-42d5-9670-b178692904cc
2022-11-08 11:40:32,415 [EndpointStateMachine task thread for /0.0.0.0:35191 - 0 ] INFO  ozoneimpl.OzoneContainer (OzoneContainer.java:start(378)) - Attempting to start container services.
2022-11-08 11:40:32,418 [EndpointStateMachine task thread for /0.0.0.0:35191 - 0 ] INFO  ozoneimpl.OzoneContainer (OzoneContainer.java:startContainerScrub(313)) - Background container scanner has been disabled.
2022-11-08 11:40:32,421 [EndpointStateMachine task thread for /0.0.0.0:35191 - 0 ] INFO  replication.ReplicationServer (ReplicationServer.java:start(111)) - ReplicationServer is started using port 43119
2022-11-08 11:40:32,434 [EndpointStateMachine task thread for /0.0.0.0:35191 - 0 ] INFO  ratis.XceiverServerRatis (XceiverServerRatis.java:start(481)) - Starting XceiverServerRatis dc5a192d-e9e0-46c7-8aee-58457d0752d8
2022-11-08 11:40:32,451 [EndpointStateMachine task thread for /0.0.0.0:35191 - 0 ] INFO  server.RaftServer (RaftServerProxy.java:startImpl(393)) - dc5a192d-e9e0-46c7-8aee-58457d0752d8: start RPC server
2022-11-08 11:40:32,454 [EndpointStateMachine task thread for /0.0.0.0:35191 - 0 ] INFO  server.GrpcService (GrpcService.java:startImpl(270)) - dc5a192d-e9e0-46c7-8aee-58457d0752d8: GrpcService started, listening on 39795
2022-11-08 11:40:32,465 [EndpointStateMachine task thread for /0.0.0.0:35191 - 0 ] INFO  ratis.XceiverServerRatis (XceiverServerRatis.java:getRealPort(502)) - XceiverServerRatis dc5a192d-e9e0-46c7-8aee-58457d0752d8 is started using port 39795 for RATIS
2022-11-08 11:40:32,465 [EndpointStateMachine task thread for /0.0.0.0:35191 - 0 ] INFO  ratis.XceiverServerRatis (XceiverServerRatis.java:getRealPort(502)) - XceiverServerRatis dc5a192d-e9e0-46c7-8aee-58457d0752d8 is started using port 39795 for RATIS_ADMIN
2022-11-08 11:40:32,465 [EndpointStateMachine task thread for /0.0.0.0:35191 - 0 ] INFO  ratis.XceiverServerRatis (XceiverServerRatis.java:getRealPort(502)) - XceiverServerRatis dc5a192d-e9e0-46c7-8aee-58457d0752d8 is started using port 39795 for RATIS_SERVER
2022-11-08 11:40:32,465 [JvmPauseMonitor1] INFO  util.JvmPauseMonitor (JvmPauseMonitor.java:run(105)) - JvmPauseMonitor-dc5a192d-e9e0-46c7-8aee-58457d0752d8: Started
2022-11-08 11:40:32,474 [EndpointStateMachine task thread for /0.0.0.0:35191 - 0 ] INFO  server.XceiverServerGrpc (XceiverServerGrpc.java:start(180)) - XceiverServerGrpc dc5a192d-e9e0-46c7-8aee-58457d0752d8 is started using port 37577
2022-11-08 11:40:32,627 [Listener at 127.0.0.1/34491] INFO  handler.ContextHandler (ContextHandler.java:doStart(921)) - Started o.e.j.w.WebAppContext@10c8abe4{hddsDatanode,/,file:///tmp/jetty-0_0_0_0-42783-hdds-container-service-1_3_0-SNAPSHOT_jar-_-any-7480732995158972528/webapp/,AVAILABLE}{jar:file:/home/runner/.m2/repository/org/apache/ozone/hdds-container-service/1.3.0-SNAPSHOT/hdds-container-service-1.3.0-SNAPSHOT.jar!/webapps/hddsDatanode}
2022-11-08 11:40:32,629 [Listener at 127.0.0.1/34491] INFO  server.AbstractConnector (AbstractConnector.java:doStart(333)) - Started ServerConnector@1b7a93b5{HTTP/1.1, (http/1.1)}{0.0.0.0:42783}
2022-11-08 11:40:32,629 [Listener at 127.0.0.1/34491] INFO  server.Server (Server.java:doStart(415)) - Started @13474ms
2022-11-08 11:40:32,630 [Listener at 127.0.0.1/34491] WARN  impl.MetricsSystemImpl (MetricsSystemImpl.java:register(279)) - Sink prometheus already exists!
2022-11-08 11:40:32,630 [Listener at 127.0.0.1/34491] INFO  http.BaseHttpServer (BaseHttpServer.java:updateConnectorAddress(333)) - HTTP server of hddsDatanode listening at http://0.0.0.0:42783
2022-11-08 11:40:32,634 [Listener at 127.0.0.1/34491] INFO  ozone.MiniOzoneClusterImpl (MiniOzoneClusterImpl.java:lambda$waitForClusterToBeReady$0(216)) - Waiting for nodes to be ready. Got 0 of 6 DN Heartbeats.
2022-11-08 11:40:32,634 [Listener at 127.0.0.1/34491] INFO  ozone.MiniOzoneClusterImpl (MiniOzoneClusterImpl.java:lambda$waitForClusterToBeReady$0(219)) - Waiting for cluster to exit safe mode
2022-11-08 11:40:32,634 [Listener at 127.0.0.1/34491] INFO  ozone.MiniOzoneClusterImpl (MiniOzoneClusterImpl.java:lambda$waitForClusterToBeReady$0(221)) - SCM became leader
2022-11-08 11:40:32,634 [Datanode State Machine Daemon Thread] INFO  statemachine.DatanodeStateMachine (DatanodeStateMachine.java:lambda$startDaemon$0(505)) - Ozone container server started.
2022-11-08 11:40:32,639 [org.apache.hadoop.util.JvmPauseMonitor$Monitor@54335b26] INFO  util.JvmPauseMonitor (JvmPauseMonitor.java:run(188)) - Starting JVM pause monitor
2022-11-08 11:40:32,643 [Datanode State Machine Task Thread - 0] INFO  datanode.InitDatanodeState (InitDatanodeState.java:persistContainerDatanodeDetails(138)) - DatanodeDetails is persisted to /home/runner/work/ozone/ozone/hadoop-ozone/integration-test/target/test-dir/MiniOzoneClusterImpl-c61d2d68-5505-4298-888d-dd71e22caacf/datanode-5/meta/datanode.id
2022-11-08 11:40:32,926 [EndpointStateMachine task thread for /0.0.0.0:35191 - 0 ] INFO  utils.DatanodeStoreCache (DatanodeStoreCache.java:addDB(58)) - Added db /home/runner/work/ozone/ozone/hadoop-ozone/integration-test/target/test-dir/MiniOzoneClusterImpl-c61d2d68-5505-4298-888d-dd71e22caacf/datanode-1/data-0/containers/hdds/c61d2d68-5505-4298-888d-dd71e22caacf/DS-d27c043e-0e76-42bc-a76b-762f5a9e4fe9/container.db to cache
2022-11-08 11:40:32,926 [EndpointStateMachine task thread for /0.0.0.0:35191 - 0 ] INFO  volume.HddsVolume (HddsVolume.java:createDbStore(307)) - SchemaV3 db is created and loaded at /home/runner/work/ozone/ozone/hadoop-ozone/integration-test/target/test-dir/MiniOzoneClusterImpl-c61d2d68-5505-4298-888d-dd71e22caacf/datanode-1/data-0/containers/hdds/c61d2d68-5505-4298-888d-dd71e22caacf/DS-d27c043e-0e76-42bc-a76b-762f5a9e4fe9/container.db for volume DS-d27c043e-0e76-42bc-a76b-762f5a9e4fe9
2022-11-08 11:40:32,927 [EndpointStateMachine task thread for /0.0.0.0:35191 - 0 ] INFO  ozoneimpl.OzoneContainer (OzoneContainer.java:start(378)) - Attempting to start container services.
2022-11-08 11:40:32,927 [EndpointStateMachine task thread for /0.0.0.0:35191 - 0 ] INFO  ozoneimpl.OzoneContainer (OzoneContainer.java:startContainerScrub(313)) - Background container scanner has been disabled.
2022-11-08 11:40:32,929 [EndpointStateMachine task thread for /0.0.0.0:35191 - 0 ] INFO  replication.ReplicationServer (ReplicationServer.java:start(111)) - ReplicationServer is started using port 34141
2022-11-08 11:40:32,930 [EndpointStateMachine task thread for /0.0.0.0:35191 - 0 ] INFO  ratis.XceiverServerRatis (XceiverServerRatis.java:start(481)) - Starting XceiverServerRatis 426e857f-dbb4-4c86-998f-375273f8a445
2022-11-08 11:40:32,932 [EndpointStateMachine task thread for /0.0.0.0:35191 - 0 ] INFO  server.RaftServer (RaftServerProxy.java:startImpl(393)) - 426e857f-dbb4-4c86-998f-375273f8a445: start RPC server
2022-11-08 11:40:32,934 [EndpointStateMachine task thread for /0.0.0.0:35191 - 0 ] INFO  server.GrpcService (GrpcService.java:startImpl(270)) - 426e857f-dbb4-4c86-998f-375273f8a445: GrpcService started, listening on 32949
2022-11-08 11:40:32,934 [EndpointStateMachine task thread for /0.0.0.0:35191 - 0 ] INFO  ratis.XceiverServerRatis (XceiverServerRatis.java:getRealPort(502)) - XceiverServerRatis 426e857f-dbb4-4c86-998f-375273f8a445 is started using port 32949 for RATIS
2022-11-08 11:40:32,934 [JvmPauseMonitor2] INFO  util.JvmPauseMonitor (JvmPauseMonitor.java:run(105)) - JvmPauseMonitor-426e857f-dbb4-4c86-998f-375273f8a445: Started
2022-11-08 11:40:32,934 [EndpointStateMachine task thread for /0.0.0.0:35191 - 0 ] INFO  ratis.XceiverServerRatis (XceiverServerRatis.java:getRealPort(502)) - XceiverServerRatis 426e857f-dbb4-4c86-998f-375273f8a445 is started using port 32949 for RATIS_ADMIN
2022-11-08 11:40:32,935 [EndpointStateMachine task thread for /0.0.0.0:35191 - 0 ] INFO  ratis.XceiverServerRatis (XceiverServerRatis.java:getRealPort(502)) - XceiverServerRatis 426e857f-dbb4-4c86-998f-375273f8a445 is started using port 32949 for RATIS_SERVER
2022-11-08 11:40:32,937 [EndpointStateMachine task thread for /0.0.0.0:35191 - 0 ] INFO  server.XceiverServerGrpc (XceiverServerGrpc.java:start(180)) - XceiverServerGrpc 426e857f-dbb4-4c86-998f-375273f8a445 is started using port 46207
2022-11-08 11:40:33,332 [EndpointStateMachine task thread for /0.0.0.0:35191 - 0 ] INFO  utils.DatanodeStoreCache (DatanodeStoreCache.java:addDB(58)) - Added db /home/runner/work/ozone/ozone/hadoop-ozone/integration-test/target/test-dir/MiniOzoneClusterImpl-c61d2d68-5505-4298-888d-dd71e22caacf/datanode-2/data-0/containers/hdds/c61d2d68-5505-4298-888d-dd71e22caacf/DS-23b6a19b-2c30-4a7a-acb9-499417cd227f/container.db to cache
2022-11-08 11:40:33,333 [EndpointStateMachine task thread for /0.0.0.0:35191 - 0 ] INFO  volume.HddsVolume (HddsVolume.java:createDbStore(307)) - SchemaV3 db is created and loaded at /home/runner/work/ozone/ozone/hadoop-ozone/integration-test/target/test-dir/MiniOzoneClusterImpl-c61d2d68-5505-4298-888d-dd71e22caacf/datanode-2/data-0/containers/hdds/c61d2d68-5505-4298-888d-dd71e22caacf/DS-23b6a19b-2c30-4a7a-acb9-499417cd227f/container.db for volume DS-23b6a19b-2c30-4a7a-acb9-499417cd227f
2022-11-08 11:40:33,333 [EndpointStateMachine task thread for /0.0.0.0:35191 - 0 ] INFO  ozoneimpl.OzoneContainer (OzoneContainer.java:start(378)) - Attempting to start container services.
2022-11-08 11:40:33,333 [EndpointStateMachine task thread for /0.0.0.0:35191 - 0 ] INFO  ozoneimpl.OzoneContainer (OzoneContainer.java:startContainerScrub(313)) - Background container scanner has been disabled.
2022-11-08 11:40:33,337 [EndpointStateMachine task thread for /0.0.0.0:35191 - 0 ] INFO  replication.ReplicationServer (ReplicationServer.java:start(111)) - ReplicationServer is started using port 43727
2022-11-08 11:40:33,337 [EndpointStateMachine task thread for /0.0.0.0:35191 - 0 ] INFO  ratis.XceiverServerRatis (XceiverServerRatis.java:start(481)) - Starting XceiverServerRatis 9f3b593f-78c6-4294-9602-7cd55c8a4272
2022-11-08 11:40:33,339 [EndpointStateMachine task thread for /0.0.0.0:35191 - 0 ] INFO  server.RaftServer (RaftServerProxy.java:startImpl(393)) - 9f3b593f-78c6-4294-9602-7cd55c8a4272: start RPC server
2022-11-08 11:40:33,342 [EndpointStateMachine task thread for /0.0.0.0:35191 - 0 ] INFO  server.GrpcService (GrpcService.java:startImpl(270)) - 9f3b593f-78c6-4294-9602-7cd55c8a4272: GrpcService started, listening on 40339
2022-11-08 11:40:33,342 [EndpointStateMachine task thread for /0.0.0.0:35191 - 0 ] INFO  ratis.XceiverServerRatis (XceiverServerRatis.java:getRealPort(502)) - XceiverServerRatis 9f3b593f-78c6-4294-9602-7cd55c8a4272 is started using port 40339 for RATIS
2022-11-08 11:40:33,342 [EndpointStateMachine task thread for /0.0.0.0:35191 - 0 ] INFO  ratis.XceiverServerRatis (XceiverServerRatis.java:getRealPort(502)) - XceiverServerRatis 9f3b593f-78c6-4294-9602-7cd55c8a4272 is started using port 40339 for RATIS_ADMIN
2022-11-08 11:40:33,342 [EndpointStateMachine task thread for /0.0.0.0:35191 - 0 ] INFO  ratis.XceiverServerRatis (XceiverServerRatis.java:getRealPort(502)) - XceiverServerRatis 9f3b593f-78c6-4294-9602-7cd55c8a4272 is started using port 40339 for RATIS_SERVER
2022-11-08 11:40:33,343 [JvmPauseMonitor3] INFO  util.JvmPauseMonitor (JvmPauseMonitor.java:run(105)) - JvmPauseMonitor-9f3b593f-78c6-4294-9602-7cd55c8a4272: Started
2022-11-08 11:40:33,347 [EndpointStateMachine task thread for /0.0.0.0:35191 - 0 ] INFO  server.XceiverServerGrpc (XceiverServerGrpc.java:start(180)) - XceiverServerGrpc 9f3b593f-78c6-4294-9602-7cd55c8a4272 is started using port 34747
2022-11-08 11:40:33,634 [Listener at 127.0.0.1/34491] INFO  ozone.MiniOzoneClusterImpl (MiniOzoneClusterImpl.java:lambda$waitForClusterToBeReady$0(216)) - Waiting for nodes to be ready. Got 0 of 6 DN Heartbeats.
2022-11-08 11:40:33,635 [Listener at 127.0.0.1/34491] INFO  ozone.MiniOzoneClusterImpl (MiniOzoneClusterImpl.java:lambda$waitForClusterToBeReady$0(219)) - Waiting for cluster to exit safe mode
2022-11-08 11:40:33,635 [Listener at 127.0.0.1/34491] INFO  ozone.MiniOzoneClusterImpl (MiniOzoneClusterImpl.java:lambda$waitForClusterToBeReady$0(221)) - SCM became leader
2022-11-08 11:40:33,777 [EndpointStateMachine task thread for /0.0.0.0:35191 - 0 ] INFO  utils.DatanodeStoreCache (DatanodeStoreCache.java:addDB(58)) - Added db /home/runner/work/ozone/ozone/hadoop-ozone/integration-test/target/test-dir/MiniOzoneClusterImpl-c61d2d68-5505-4298-888d-dd71e22caacf/datanode-3/data-0/containers/hdds/c61d2d68-5505-4298-888d-dd71e22caacf/DS-65b07399-6798-4992-adf6-0bff1b165744/container.db to cache
2022-11-08 11:40:33,777 [EndpointStateMachine task thread for /0.0.0.0:35191 - 0 ] INFO  volume.HddsVolume (HddsVolume.java:createDbStore(307)) - SchemaV3 db is created and loaded at /home/runner/work/ozone/ozone/hadoop-ozone/integration-test/target/test-dir/MiniOzoneClusterImpl-c61d2d68-5505-4298-888d-dd71e22caacf/datanode-3/data-0/containers/hdds/c61d2d68-5505-4298-888d-dd71e22caacf/DS-65b07399-6798-4992-adf6-0bff1b165744/container.db for volume DS-65b07399-6798-4992-adf6-0bff1b165744
2022-11-08 11:40:33,779 [EndpointStateMachine task thread for /0.0.0.0:35191 - 0 ] INFO  ozoneimpl.OzoneContainer (OzoneContainer.java:start(378)) - Attempting to start container services.
2022-11-08 11:40:33,779 [EndpointStateMachine task thread for /0.0.0.0:35191 - 0 ] INFO  ozoneimpl.OzoneContainer (OzoneContainer.java:startContainerScrub(313)) - Background container scanner has been disabled.
2022-11-08 11:40:33,782 [EndpointStateMachine task thread for /0.0.0.0:35191 - 0 ] INFO  replication.ReplicationServer (ReplicationServer.java:start(111)) - ReplicationServer is started using port 43589
2022-11-08 11:40:33,782 [EndpointStateMachine task thread for /0.0.0.0:35191 - 0 ] INFO  ratis.XceiverServerRatis (XceiverServerRatis.java:start(481)) - Starting XceiverServerRatis b82692f7-3e6b-41da-8c72-517365e0a845
2022-11-08 11:40:33,784 [EndpointStateMachine task thread for /0.0.0.0:35191 - 0 ] INFO  server.RaftServer (RaftServerProxy.java:startImpl(393)) - b82692f7-3e6b-41da-8c72-517365e0a845: start RPC server
2022-11-08 11:40:33,787 [EndpointStateMachine task thread for /0.0.0.0:35191 - 0 ] INFO  server.GrpcService (GrpcService.java:startImpl(270)) - b82692f7-3e6b-41da-8c72-517365e0a845: GrpcService started, listening on 44405
2022-11-08 11:40:33,787 [EndpointStateMachine task thread for /0.0.0.0:35191 - 0 ] INFO  ratis.XceiverServerRatis (XceiverServerRatis.java:getRealPort(502)) - XceiverServerRatis b82692f7-3e6b-41da-8c72-517365e0a845 is started using port 44405 for RATIS
2022-11-08 11:40:33,787 [EndpointStateMachine task thread for /0.0.0.0:35191 - 0 ] INFO  ratis.XceiverServerRatis (XceiverServerRatis.java:getRealPort(502)) - XceiverServerRatis b82692f7-3e6b-41da-8c72-517365e0a845 is started using port 44405 for RATIS_ADMIN
2022-11-08 11:40:33,787 [EndpointStateMachine task thread for /0.0.0.0:35191 - 0 ] INFO  ratis.XceiverServerRatis (XceiverServerRatis.java:getRealPort(502)) - XceiverServerRatis b82692f7-3e6b-41da-8c72-517365e0a845 is started using port 44405 for RATIS_SERVER
2022-11-08 11:40:33,788 [JvmPauseMonitor4] INFO  util.JvmPauseMonitor (JvmPauseMonitor.java:run(105)) - JvmPauseMonitor-b82692f7-3e6b-41da-8c72-517365e0a845: Started
2022-11-08 11:40:33,791 [EndpointStateMachine task thread for /0.0.0.0:35191 - 0 ] INFO  server.XceiverServerGrpc (XceiverServerGrpc.java:start(180)) - XceiverServerGrpc b82692f7-3e6b-41da-8c72-517365e0a845 is started using port 46559
2022-11-08 11:40:34,204 [EndpointStateMachine task thread for /0.0.0.0:35191 - 0 ] INFO  utils.DatanodeStoreCache (DatanodeStoreCache.java:addDB(58)) - Added db /home/runner/work/ozone/ozone/hadoop-ozone/integration-test/target/test-dir/MiniOzoneClusterImpl-c61d2d68-5505-4298-888d-dd71e22caacf/datanode-4/data-0/containers/hdds/c61d2d68-5505-4298-888d-dd71e22caacf/DS-5cafd8d7-dbb2-4f16-8da2-a52c6a8b862e/container.db to cache
2022-11-08 11:40:34,204 [EndpointStateMachine task thread for /0.0.0.0:35191 - 0 ] INFO  volume.HddsVolume (HddsVolume.java:createDbStore(307)) - SchemaV3 db is created and loaded at /home/runner/work/ozone/ozone/hadoop-ozone/integration-test/target/test-dir/MiniOzoneClusterImpl-c61d2d68-5505-4298-888d-dd71e22caacf/datanode-4/data-0/containers/hdds/c61d2d68-5505-4298-888d-dd71e22caacf/DS-5cafd8d7-dbb2-4f16-8da2-a52c6a8b862e/container.db for volume DS-5cafd8d7-dbb2-4f16-8da2-a52c6a8b862e
2022-11-08 11:40:34,204 [EndpointStateMachine task thread for /0.0.0.0:35191 - 0 ] INFO  ozoneimpl.OzoneContainer (OzoneContainer.java:start(378)) - Attempting to start container services.
2022-11-08 11:40:34,204 [EndpointStateMachine task thread for /0.0.0.0:35191 - 0 ] INFO  ozoneimpl.OzoneContainer (OzoneContainer.java:startContainerScrub(313)) - Background container scanner has been disabled.
2022-11-08 11:40:34,208 [EndpointStateMachine task thread for /0.0.0.0:35191 - 0 ] INFO  replication.ReplicationServer (ReplicationServer.java:start(111)) - ReplicationServer is started using port 42317
2022-11-08 11:40:34,209 [EndpointStateMachine task thread for /0.0.0.0:35191 - 0 ] INFO  ratis.XceiverServerRatis (XceiverServerRatis.java:start(481)) - Starting XceiverServerRatis d94fe112-7331-4555-8545-ea5a46cf3e05
2022-11-08 11:40:34,224 [EndpointStateMachine task thread for /0.0.0.0:35191 - 0 ] INFO  server.RaftServer (RaftServerProxy.java:startImpl(393)) - d94fe112-7331-4555-8545-ea5a46cf3e05: start RPC server
2022-11-08 11:40:34,226 [EndpointStateMachine task thread for /0.0.0.0:35191 - 0 ] INFO  server.GrpcService (GrpcService.java:startImpl(270)) - d94fe112-7331-4555-8545-ea5a46cf3e05: GrpcService started, listening on 45971
2022-11-08 11:40:34,226 [EndpointStateMachine task thread for /0.0.0.0:35191 - 0 ] INFO  ratis.XceiverServerRatis (XceiverServerRatis.java:getRealPort(502)) - XceiverServerRatis d94fe112-7331-4555-8545-ea5a46cf3e05 is started using port 45971 for RATIS
2022-11-08 11:40:34,227 [EndpointStateMachine task thread for /0.0.0.0:35191 - 0 ] INFO  ratis.XceiverServerRatis (XceiverServerRatis.java:getRealPort(502)) - XceiverServerRatis d94fe112-7331-4555-8545-ea5a46cf3e05 is started using port 45971 for RATIS_ADMIN
2022-11-08 11:40:34,227 [EndpointStateMachine task thread for /0.0.0.0:35191 - 0 ] INFO  ratis.XceiverServerRatis (XceiverServerRatis.java:getRealPort(502)) - XceiverServerRatis d94fe112-7331-4555-8545-ea5a46cf3e05 is started using port 45971 for RATIS_SERVER
2022-11-08 11:40:34,227 [JvmPauseMonitor5] INFO  util.JvmPauseMonitor (JvmPauseMonitor.java:run(105)) - JvmPauseMonitor-d94fe112-7331-4555-8545-ea5a46cf3e05: Started
2022-11-08 11:40:34,243 [EndpointStateMachine task thread for /0.0.0.0:35191 - 0 ] INFO  server.XceiverServerGrpc (XceiverServerGrpc.java:start(180)) - XceiverServerGrpc d94fe112-7331-4555-8545-ea5a46cf3e05 is started using port 42107
2022-11-08 11:40:34,273 [IPC Server handler 17 on default port 35191] INFO  net.NetworkTopologyImpl (NetworkTopologyImpl.java:add(112)) - Added a new node: /default-rack/dc5a192d-e9e0-46c7-8aee-58457d0752d8
2022-11-08 11:40:34,275 [IPC Server handler 17 on default port 35191] INFO  node.SCMNodeManager (SCMNodeManager.java:register(397)) - Registered Data node : dc5a192d-e9e0-46c7-8aee-58457d0752d8{ip: 10.1.0.111, host: fv-az573-890.uspngagyt4suddso0aj1djjezg.dx.internal.cloudapp.net, ports: [REPLICATION=43119, RATIS=39795, RATIS_ADMIN=39795, RATIS_SERVER=39795, STANDALONE=37577], networkLocation: /default-rack, certSerialId: null, persistedOpState: null, persistedOpStateExpiryEpochSec: 0}
2022-11-08 11:40:34,291 [EventQueue-NewNodeForNewNodeHandler] INFO  pipeline.BackgroundPipelineCreator (BackgroundPipelineCreator.java:notifyEventTriggered(276)) - trigger a one-shot run on RatisPipelineUtilsThread.
2022-11-08 11:40:34,296 [EventQueue-NodeRegistrationContainerReportForContainerSafeModeRule] INFO  safemode.SCMSafeModeManager (SCMSafeModeManager.java:validateSafeModeExitRules(204)) - ContainerSafeModeRule rule is successfully validated
2022-11-08 11:40:34,303 [RatisPipelineUtilsThread - 0] INFO  pipeline.RatisPipelineProvider (RatisPipelineProvider.java:lambda$create$0(195)) - Sending CreatePipelineCommand for pipeline:PipelineID=c30f1a76-b48a-43ba-a3c6-e2c494768f12 to datanode:dc5a192d-e9e0-46c7-8aee-58457d0752d8
2022-11-08 11:40:34,304 [EventQueue-NodeRegistrationContainerReportForDataNodeSafeModeRule] INFO  safemode.SCMSafeModeManager (DataNodeSafeModeRule.java:process(71)) - SCM in safe mode. 1 DataNodes registered, 3 required.
2022-11-08 11:40:34,312 [EventQueue-PipelineReportForOneReplicaPipelineSafeModeRule] INFO  safemode.SCMSafeModeManager (SCMSafeModeManager.java:validateSafeModeExitRules(204)) - AtleastOneDatanodeReportedRule rule is successfully validated
2022-11-08 11:40:34,328 [RatisPipelineUtilsThread - 0] INFO  pipeline.PipelineStateManagerImpl (PipelineStateManagerImpl.java:addPipeline(103)) - Created pipeline Pipeline[ Id: c30f1a76-b48a-43ba-a3c6-e2c494768f12, Nodes: dc5a192d-e9e0-46c7-8aee-58457d0752d8{ip: 10.1.0.111, host: fv-az573-890.uspngagyt4suddso0aj1djjezg.dx.internal.cloudapp.net, ports: [REPLICATION=43119, RATIS=39795, RATIS_ADMIN=39795, RATIS_SERVER=39795, STANDALONE=37577], networkLocation: /default-rack, certSerialId: null, persistedOpState: IN_SERVICE, persistedOpStateExpiryEpochSec: 0}, ReplicationConfig: RATIS/ONE, State:ALLOCATED, leaderId:, CreationTimestamp2022-11-08T11:40:34.302Z[Etc/UTC]].
2022-11-08 11:40:34,636 [Listener at 127.0.0.1/34491] INFO  ozone.MiniOzoneClusterImpl (MiniOzoneClusterImpl.java:lambda$waitForClusterToBeReady$0(216)) - Waiting for nodes to be ready. Got 1 of 6 DN Heartbeats.
2022-11-08 11:40:34,636 [Listener at 127.0.0.1/34491] INFO  ozone.MiniOzoneClusterImpl (MiniOzoneClusterImpl.java:lambda$waitForClusterToBeReady$0(219)) - Waiting for cluster to exit safe mode
2022-11-08 11:40:34,636 [Listener at 127.0.0.1/34491] INFO  ozone.MiniOzoneClusterImpl (MiniOzoneClusterImpl.java:lambda$waitForClusterToBeReady$0(221)) - SCM became leader
2022-11-08 11:40:34,687 [EndpointStateMachine task thread for /0.0.0.0:35191 - 0 ] INFO  utils.DatanodeStoreCache (DatanodeStoreCache.java:addDB(58)) - Added db /home/runner/work/ozone/ozone/hadoop-ozone/integration-test/target/test-dir/MiniOzoneClusterImpl-c61d2d68-5505-4298-888d-dd71e22caacf/datanode-5/data-0/containers/hdds/c61d2d68-5505-4298-888d-dd71e22caacf/DS-499765b5-eb58-4afc-8863-14bcbdbaf79f/container.db to cache
2022-11-08 11:40:34,689 [EndpointStateMachine task thread for /0.0.0.0:35191 - 0 ] INFO  volume.HddsVolume (HddsVolume.java:createDbStore(307)) - SchemaV3 db is created and loaded at /home/runner/work/ozone/ozone/hadoop-ozone/integration-test/target/test-dir/MiniOzoneClusterImpl-c61d2d68-5505-4298-888d-dd71e22caacf/datanode-5/data-0/containers/hdds/c61d2d68-5505-4298-888d-dd71e22caacf/DS-499765b5-eb58-4afc-8863-14bcbdbaf79f/container.db for volume DS-499765b5-eb58-4afc-8863-14bcbdbaf79f
2022-11-08 11:40:34,690 [EndpointStateMachine task thread for /0.0.0.0:35191 - 0 ] INFO  ozoneimpl.OzoneContainer (OzoneContainer.java:start(378)) - Attempting to start container services.
2022-11-08 11:40:34,690 [EndpointStateMachine task thread for /0.0.0.0:35191 - 0 ] INFO  ozoneimpl.OzoneContainer (OzoneContainer.java:startContainerScrub(313)) - Background container scanner has been disabled.
2022-11-08 11:40:34,692 [EndpointStateMachine task thread for /0.0.0.0:35191 - 0 ] INFO  replication.ReplicationServer (ReplicationServer.java:start(111)) - ReplicationServer is started using port 33851
2022-11-08 11:40:34,692 [EndpointStateMachine task thread for /0.0.0.0:35191 - 0 ] INFO  ratis.XceiverServerRatis (XceiverServerRatis.java:start(481)) - Starting XceiverServerRatis 8949e68c-e95d-4b98-a083-33911916c13e
2022-11-08 11:40:34,693 [EndpointStateMachine task thread for /0.0.0.0:35191 - 0 ] INFO  server.RaftServer (RaftServerProxy.java:startImpl(393)) - 8949e68c-e95d-4b98-a083-33911916c13e: start RPC server
2022-11-08 11:40:34,697 [EndpointStateMachine task thread for /0.0.0.0:35191 - 0 ] INFO  server.GrpcService (GrpcService.java:startImpl(270)) - 8949e68c-e95d-4b98-a083-33911916c13e: GrpcService started, listening on 39377
2022-11-08 11:40:34,697 [EndpointStateMachine task thread for /0.0.0.0:35191 - 0 ] INFO  ratis.XceiverServerRatis (XceiverServerRatis.java:getRealPort(502)) - XceiverServerRatis 8949e68c-e95d-4b98-a083-33911916c13e is started using port 39377 for RATIS
2022-11-08 11:40:34,697 [EndpointStateMachine task thread for /0.0.0.0:35191 - 0 ] INFO  ratis.XceiverServerRatis (XceiverServerRatis.java:getRealPort(502)) - XceiverServerRatis 8949e68c-e95d-4b98-a083-33911916c13e is started using port 39377 for RATIS_ADMIN
2022-11-08 11:40:34,697 [EndpointStateMachine task thread for /0.0.0.0:35191 - 0 ] INFO  ratis.XceiverServerRatis (XceiverServerRatis.java:getRealPort(502)) - XceiverServerRatis 8949e68c-e95d-4b98-a083-33911916c13e is started using port 39377 for RATIS_SERVER
2022-11-08 11:40:34,698 [JvmPauseMonitor6] INFO  util.JvmPauseMonitor (JvmPauseMonitor.java:run(105)) - JvmPauseMonitor-8949e68c-e95d-4b98-a083-33911916c13e: Started
2022-11-08 11:40:34,700 [EndpointStateMachine task thread for /0.0.0.0:35191 - 0 ] INFO  server.XceiverServerGrpc (XceiverServerGrpc.java:start(180)) - XceiverServerGrpc 8949e68c-e95d-4b98-a083-33911916c13e is started using port 42369
2022-11-08 11:40:34,877 [IPC Server handler 18 on default port 35191] INFO  net.NetworkTopologyImpl (NetworkTopologyImpl.java:add(112)) - Added a new node: /default-rack/426e857f-dbb4-4c86-998f-375273f8a445
2022-11-08 11:40:34,877 [IPC Server handler 18 on default port 35191] INFO  node.SCMNodeManager (SCMNodeManager.java:register(397)) - Registered Data node : 426e857f-dbb4-4c86-998f-375273f8a445{ip: 10.1.0.111, host: fv-az573-890.uspngagyt4suddso0aj1djjezg.dx.internal.cloudapp.net, ports: [REPLICATION=34141, RATIS=32949, RATIS_ADMIN=32949, RATIS_SERVER=32949, STANDALONE=46207], networkLocation: /default-rack, certSerialId: null, persistedOpState: null, persistedOpStateExpiryEpochSec: 0}
2022-11-08 11:40:34,878 [EventQueue-NewNodeForNewNodeHandler] INFO  pipeline.BackgroundPipelineCreator (BackgroundPipelineCreator.java:notifyEventTriggered(276)) - trigger a one-shot run on RatisPipelineUtilsThread.
2022-11-08 11:40:34,879 [RatisPipelineUtilsThread - 0] INFO  pipeline.RatisPipelineProvider (RatisPipelineProvider.java:lambda$create$0(195)) - Sending CreatePipelineCommand for pipeline:PipelineID=0f1cc55d-69ca-4bde-9700-4bfa3488b6b4 to datanode:426e857f-dbb4-4c86-998f-375273f8a445
2022-11-08 11:40:34,880 [RatisPipelineUtilsThread - 0] INFO  pipeline.PipelineStateManagerImpl (PipelineStateManagerImpl.java:addPipeline(103)) - Created pipeline Pipeline[ Id: 0f1cc55d-69ca-4bde-9700-4bfa3488b6b4, Nodes: 426e857f-dbb4-4c86-998f-375273f8a445{ip: 10.1.0.111, host: fv-az573-890.uspngagyt4suddso0aj1djjezg.dx.internal.cloudapp.net, ports: [REPLICATION=34141, RATIS=32949, RATIS_ADMIN=32949, RATIS_SERVER=32949, STANDALONE=46207], networkLocation: /default-rack, certSerialId: null, persistedOpState: IN_SERVICE, persistedOpStateExpiryEpochSec: 0}, ReplicationConfig: RATIS/ONE, State:ALLOCATED, leaderId:, CreationTimestamp2022-11-08T11:40:34.879Z[Etc/UTC]].
2022-11-08 11:40:34,881 [EventQueue-NodeRegistrationContainerReportForDataNodeSafeModeRule] INFO  safemode.SCMSafeModeManager (DataNodeSafeModeRule.java:process(71)) - SCM in safe mode. 2 DataNodes registered, 3 required.
2022-11-08 11:40:35,289 [IPC Server handler 17 on default port 35191] INFO  net.NetworkTopologyImpl (NetworkTopologyImpl.java:add(112)) - Added a new node: /default-rack/9f3b593f-78c6-4294-9602-7cd55c8a4272
2022-11-08 11:40:35,290 [IPC Server handler 17 on default port 35191] INFO  node.SCMNodeManager (SCMNodeManager.java:register(397)) - Registered Data node : 9f3b593f-78c6-4294-9602-7cd55c8a4272{ip: 10.1.0.111, host: fv-az573-890.uspngagyt4suddso0aj1djjezg.dx.internal.cloudapp.net, ports: [REPLICATION=43727, RATIS=40339, RATIS_ADMIN=40339, RATIS_SERVER=40339, STANDALONE=34747], networkLocation: /default-rack, certSerialId: null, persistedOpState: null, persistedOpStateExpiryEpochSec: 0}
2022-11-08 11:40:35,291 [EventQueue-NewNodeForNewNodeHandler] INFO  pipeline.BackgroundPipelineCreator (BackgroundPipelineCreator.java:notifyEventTriggered(276)) - trigger a one-shot run on RatisPipelineUtilsThread.
2022-11-08 11:40:35,291 [EventQueue-NodeRegistrationContainerReportForDataNodeSafeModeRule] INFO  safemode.SCMSafeModeManager (DataNodeSafeModeRule.java:process(71)) - SCM in safe mode. 3 DataNodes registered, 3 required.
2022-11-08 11:40:35,291 [EventQueue-NodeRegistrationContainerReportForDataNodeSafeModeRule] INFO  safemode.SCMSafeModeManager (SCMSafeModeManager.java:validateSafeModeExitRules(204)) - DataNodeSafeModeRule rule is successfully validated
2022-11-08 11:40:35,291 [EventQueue-NodeRegistrationContainerReportForDataNodeSafeModeRule] INFO  safemode.SCMSafeModeManager (SCMSafeModeManager.java:completePreCheck(233)) - All SCM safe mode pre check rules have passed
2022-11-08 11:40:35,291 [EventQueue-NodeRegistrationContainerReportForDataNodeSafeModeRule] WARN  events.EventQueue (EventQueue.java:fireEvent(216)) - No event handler registered for event TypedEvent{payloadType=SafeModeStatus, name='Safe mode status'}
2022-11-08 11:40:35,291 [EventQueue-NodeRegistrationContainerReportForDataNodeSafeModeRule] INFO  ha.SCMContext (SCMContext.java:updateSafeModeStatus(228)) - Update SafeModeStatus from SafeModeStatus{safeModeStatus=true, preCheckPassed=false} to SafeModeStatus{safeModeStatus=true, preCheckPassed=true}.
2022-11-08 11:40:35,291 [EventQueue-NodeRegistrationContainerReportForDataNodeSafeModeRule] INFO  pipeline.BackgroundPipelineCreator (BackgroundPipelineCreator.java:notifyEventTriggered(276)) - trigger a one-shot run on RatisPipelineUtilsThread.
2022-11-08 11:40:35,292 [RatisPipelineUtilsThread - 0] INFO  pipeline.RatisPipelineProvider (RatisPipelineProvider.java:lambda$create$0(195)) - Sending CreatePipelineCommand for pipeline:PipelineID=32b51a84-a759-4ba0-9161-2da01f554c99 to datanode:9f3b593f-78c6-4294-9602-7cd55c8a4272
2022-11-08 11:40:35,293 [RatisPipelineUtilsThread - 0] INFO  pipeline.PipelineStateManagerImpl (PipelineStateManagerImpl.java:addPipeline(103)) - Created pipeline Pipeline[ Id: 32b51a84-a759-4ba0-9161-2da01f554c99, Nodes: 9f3b593f-78c6-4294-9602-7cd55c8a4272{ip: 10.1.0.111, host: fv-az573-890.uspngagyt4suddso0aj1djjezg.dx.internal.cloudapp.net, ports: [REPLICATION=43727, RATIS=40339, RATIS_ADMIN=40339, RATIS_SERVER=40339, STANDALONE=34747], networkLocation: /default-rack, certSerialId: null, persistedOpState: IN_SERVICE, persistedOpStateExpiryEpochSec: 0}, ReplicationConfig: RATIS/ONE, State:ALLOCATED, leaderId:, CreationTimestamp2022-11-08T11:40:35.292Z[Etc/UTC]].
2022-11-08 11:40:35,298 [RatisPipelineUtilsThread - 0] INFO  pipeline.RatisPipelineProvider (RatisPipelineProvider.java:lambda$create$0(195)) - Sending CreatePipelineCommand for pipeline:PipelineID=caa2970a-548d-4ab4-baf2-4f49288e7373 to datanode:426e857f-dbb4-4c86-998f-375273f8a445
2022-11-08 11:40:35,298 [RatisPipelineUtilsThread - 0] INFO  pipeline.RatisPipelineProvider (RatisPipelineProvider.java:lambda$create$0(195)) - Sending CreatePipelineCommand for pipeline:PipelineID=caa2970a-548d-4ab4-baf2-4f49288e7373 to datanode:9f3b593f-78c6-4294-9602-7cd55c8a4272
2022-11-08 11:40:35,299 [RatisPipelineUtilsThread - 0] INFO  pipeline.RatisPipelineProvider (RatisPipelineProvider.java:lambda$create$0(195)) - Sending CreatePipelineCommand for pipeline:PipelineID=caa2970a-548d-4ab4-baf2-4f49288e7373 to datanode:dc5a192d-e9e0-46c7-8aee-58457d0752d8
2022-11-08 11:40:35,300 [RatisPipelineUtilsThread - 0] INFO  pipeline.PipelineStateManagerImpl (PipelineStateManagerImpl.java:addPipeline(103)) - Created pipeline Pipeline[ Id: caa2970a-548d-4ab4-baf2-4f49288e7373, Nodes: 426e857f-dbb4-4c86-998f-375273f8a445{ip: 10.1.0.111, host: fv-az573-890.uspngagyt4suddso0aj1djjezg.dx.internal.cloudapp.net, ports: [REPLICATION=34141, RATIS=32949, RATIS_ADMIN=32949, RATIS_SERVER=32949, STANDALONE=46207], networkLocation: /default-rack, certSerialId: null, persistedOpState: IN_SERVICE, persistedOpStateExpiryEpochSec: 0}9f3b593f-78c6-4294-9602-7cd55c8a4272{ip: 10.1.0.111, host: fv-az573-890.uspngagyt4suddso0aj1djjezg.dx.internal.cloudapp.net, ports: [REPLICATION=43727, RATIS=40339, RATIS_ADMIN=40339, RATIS_SERVER=40339, STANDALONE=34747], networkLocation: /default-rack, certSerialId: null, persistedOpState: IN_SERVICE, persistedOpStateExpiryEpochSec: 0}dc5a192d-e9e0-46c7-8aee-58457d0752d8{ip: 10.1.0.111, host: fv-az573-890.uspngagyt4suddso0aj1djjezg.dx.internal.cloudapp.net, ports: [REPLICATION=43119, RATIS=39795, RATIS_ADMIN=39795, RATIS_SERVER=39795, STANDALONE=37577], networkLocation: /default-rack, certSerialId: null, persistedOpState: IN_SERVICE, persistedOpStateExpiryEpochSec: 0}, ReplicationConfig: RATIS/THREE, State:ALLOCATED, leaderId:, CreationTimestamp2022-11-08T11:40:35.298Z[Etc/UTC]].
2022-11-08 11:40:35,302 [RatisPipelineUtilsThread - 0] INFO  pipeline.RatisPipelineProvider (RatisPipelineProvider.java:lambda$create$0(195)) - Sending CreatePipelineCommand for pipeline:PipelineID=cc5c7c1f-499c-4037-8091-f47049cf8ce3 to datanode:dc5a192d-e9e0-46c7-8aee-58457d0752d8
2022-11-08 11:40:35,302 [RatisPipelineUtilsThread - 0] INFO  pipeline.RatisPipelineProvider (RatisPipelineProvider.java:lambda$create$0(195)) - Sending CreatePipelineCommand for pipeline:PipelineID=cc5c7c1f-499c-4037-8091-f47049cf8ce3 to datanode:9f3b593f-78c6-4294-9602-7cd55c8a4272
2022-11-08 11:40:35,302 [RatisPipelineUtilsThread - 0] INFO  pipeline.RatisPipelineProvider (RatisPipelineProvider.java:lambda$create$0(195)) - Sending CreatePipelineCommand for pipeline:PipelineID=cc5c7c1f-499c-4037-8091-f47049cf8ce3 to datanode:426e857f-dbb4-4c86-998f-375273f8a445
2022-11-08 11:40:35,303 [RatisPipelineUtilsThread - 0] INFO  pipeline.PipelineStateManagerImpl (PipelineStateManagerImpl.java:addPipeline(103)) - Created pipeline Pipeline[ Id: cc5c7c1f-499c-4037-8091-f47049cf8ce3, Nodes: dc5a192d-e9e0-46c7-8aee-58457d0752d8{ip: 10.1.0.111, host: fv-az573-890.uspngagyt4suddso0aj1djjezg.dx.internal.cloudapp.net, ports: [REPLICATION=43119, RATIS=39795, RATIS_ADMIN=39795, RATIS_SERVER=39795, STANDALONE=37577], networkLocation: /default-rack, certSerialId: null, persistedOpState: IN_SERVICE, persistedOpStateExpiryEpochSec: 0}9f3b593f-78c6-4294-9602-7cd55c8a4272{ip: 10.1.0.111, host: fv-az573-890.uspngagyt4suddso0aj1djjezg.dx.internal.cloudapp.net, ports: [REPLICATION=43727, RATIS=40339, RATIS_ADMIN=40339, RATIS_SERVER=40339, STANDALONE=34747], networkLocation: /default-rack, certSerialId: null, persistedOpState: IN_SERVICE, persistedOpStateExpiryEpochSec: 0}426e857f-dbb4-4c86-998f-375273f8a445{ip: 10.1.0.111, host: fv-az573-890.uspngagyt4suddso0aj1djjezg.dx.internal.cloudapp.net, ports: [REPLICATION=34141, RATIS=32949, RATIS_ADMIN=32949, RATIS_SERVER=32949, STANDALONE=46207], networkLocation: /default-rack, certSerialId: null, persistedOpState: IN_SERVICE, persistedOpStateExpiryEpochSec: 0}, ReplicationConfig: RATIS/THREE, State:ALLOCATED, leaderId:, CreationTimestamp2022-11-08T11:40:35.302Z[Etc/UTC]].
2022-11-08 11:40:35,304 [RatisPipelineUtilsThread - 0] INFO  pipeline.PipelineManagerImpl (PipelineManagerImpl.java:recordMetricsForPipeline(826)) - Pipeline: PipelineID=cc5c7c1f-499c-4037-8091-f47049cf8ce3 contains same datanodes as previous pipelines: PipelineID=caa2970a-548d-4ab4-baf2-4f49288e7373 nodeIds: dc5a192d-e9e0-46c7-8aee-58457d0752d8, 9f3b593f-78c6-4294-9602-7cd55c8a4272, 426e857f-dbb4-4c86-998f-375273f8a445
2022-11-08 11:40:35,636 [Listener at 127.0.0.1/34491] INFO  ozone.MiniOzoneClusterImpl (MiniOzoneClusterImpl.java:lambda$waitForClusterToBeReady$0(216)) - Waiting for nodes to be ready. Got 3 of 6 DN Heartbeats.
2022-11-08 11:40:35,638 [Listener at 127.0.0.1/34491] INFO  ozone.MiniOzoneClusterImpl (MiniOzoneClusterImpl.java:lambda$waitForClusterToBeReady$0(219)) - Waiting for cluster to exit safe mode
2022-11-08 11:40:35,638 [Listener at 127.0.0.1/34491] INFO  ozone.MiniOzoneClusterImpl (MiniOzoneClusterImpl.java:lambda$waitForClusterToBeReady$0(221)) - SCM became leader
2022-11-08 11:40:35,734 [IPC Server handler 18 on default port 35191] INFO  net.NetworkTopologyImpl (NetworkTopologyImpl.java:add(112)) - Added a new node: /default-rack/b82692f7-3e6b-41da-8c72-517365e0a845
2022-11-08 11:40:35,734 [IPC Server handler 18 on default port 35191] INFO  node.SCMNodeManager (SCMNodeManager.java:register(397)) - Registered Data node : b82692f7-3e6b-41da-8c72-517365e0a845{ip: 10.1.0.111, host: fv-az573-890.uspngagyt4suddso0aj1djjezg.dx.internal.cloudapp.net, ports: [REPLICATION=43589, RATIS=44405, RATIS_ADMIN=44405, RATIS_SERVER=44405, STANDALONE=46559], networkLocation: /default-rack, certSerialId: null, persistedOpState: null, persistedOpStateExpiryEpochSec: 0}
2022-11-08 11:40:35,735 [EventQueue-NewNodeForNewNodeHandler] INFO  pipeline.BackgroundPipelineCreator (BackgroundPipelineCreator.java:notifyEventTriggered(276)) - trigger a one-shot run on RatisPipelineUtilsThread.
2022-11-08 11:40:35,736 [RatisPipelineUtilsThread - 0] INFO  pipeline.RatisPipelineProvider (RatisPipelineProvider.java:lambda$create$0(195)) - Sending CreatePipelineCommand for pipeline:PipelineID=4ff9d990-acae-4b5a-9f5e-04770e223ce0 to datanode:b82692f7-3e6b-41da-8c72-517365e0a845
2022-11-08 11:40:35,737 [RatisPipelineUtilsThread - 0] INFO  pipeline.PipelineStateManagerImpl (PipelineStateManagerImpl.java:addPipeline(103)) - Created pipeline Pipeline[ Id: 4ff9d990-acae-4b5a-9f5e-04770e223ce0, Nodes: b82692f7-3e6b-41da-8c72-517365e0a845{ip: 10.1.0.111, host: fv-az573-890.uspngagyt4suddso0aj1djjezg.dx.internal.cloudapp.net, ports: [REPLICATION=43589, RATIS=44405, RATIS_ADMIN=44405, RATIS_SERVER=44405, STANDALONE=46559], networkLocation: /default-rack, certSerialId: null, persistedOpState: IN_SERVICE, persistedOpStateExpiryEpochSec: 0}, ReplicationConfig: RATIS/ONE, State:ALLOCATED, leaderId:, CreationTimestamp2022-11-08T11:40:35.736Z[Etc/UTC]].
2022-11-08 11:40:36,131 [IPC Server handler 17 on default port 35191] INFO  net.NetworkTopologyImpl (NetworkTopologyImpl.java:add(112)) - Added a new node: /default-rack/d94fe112-7331-4555-8545-ea5a46cf3e05
2022-11-08 11:40:36,132 [IPC Server handler 17 on default port 35191] INFO  node.SCMNodeManager (SCMNodeManager.java:register(397)) - Registered Data node : d94fe112-7331-4555-8545-ea5a46cf3e05{ip: 10.1.0.111, host: fv-az573-890.uspngagyt4suddso0aj1djjezg.dx.internal.cloudapp.net, ports: [REPLICATION=42317, RATIS=45971, RATIS_ADMIN=45971, RATIS_SERVER=45971, STANDALONE=42107], networkLocation: /default-rack, certSerialId: null, persistedOpState: null, persistedOpStateExpiryEpochSec: 0}
2022-11-08 11:40:36,133 [EventQueue-NewNodeForNewNodeHandler] INFO  pipeline.BackgroundPipelineCreator (BackgroundPipelineCreator.java:notifyEventTriggered(276)) - trigger a one-shot run on RatisPipelineUtilsThread.
2022-11-08 11:40:36,135 [RatisPipelineUtilsThread - 0] INFO  pipeline.RatisPipelineProvider (RatisPipelineProvider.java:lambda$create$0(195)) - Sending CreatePipelineCommand for pipeline:PipelineID=ad6a543c-2ea5-478a-a0c4-2ee5346e980c to datanode:d94fe112-7331-4555-8545-ea5a46cf3e05
2022-11-08 11:40:36,136 [RatisPipelineUtilsThread - 0] INFO  pipeline.PipelineStateManagerImpl (PipelineStateManagerImpl.java:addPipeline(103)) - Created pipeline Pipeline[ Id: ad6a543c-2ea5-478a-a0c4-2ee5346e980c, Nodes: d94fe112-7331-4555-8545-ea5a46cf3e05{ip: 10.1.0.111, host: fv-az573-890.uspngagyt4suddso0aj1djjezg.dx.internal.cloudapp.net, ports: [REPLICATION=42317, RATIS=45971, RATIS_ADMIN=45971, RATIS_SERVER=45971, STANDALONE=42107], networkLocation: /default-rack, certSerialId: null, persistedOpState: IN_SERVICE, persistedOpStateExpiryEpochSec: 0}, ReplicationConfig: RATIS/ONE, State:ALLOCATED, leaderId:, CreationTimestamp2022-11-08T11:40:36.135Z[Etc/UTC]].
2022-11-08 11:40:36,638 [Listener at 127.0.0.1/34491] INFO  ozone.MiniOzoneClusterImpl (MiniOzoneClusterImpl.java:lambda$waitForClusterToBeReady$0(216)) - Waiting for nodes to be ready. Got 5 of 6 DN Heartbeats.
2022-11-08 11:40:36,639 [Listener at 127.0.0.1/34491] INFO  ozone.MiniOzoneClusterImpl (MiniOzoneClusterImpl.java:lambda$waitForClusterToBeReady$0(219)) - Waiting for cluster to exit safe mode
2022-11-08 11:40:36,639 [Listener at 127.0.0.1/34491] INFO  ozone.MiniOzoneClusterImpl (MiniOzoneClusterImpl.java:lambda$waitForClusterToBeReady$0(221)) - SCM became leader
2022-11-08 11:40:36,642 [IPC Server handler 19 on default port 35191] INFO  net.NetworkTopologyImpl (NetworkTopologyImpl.java:add(112)) - Added a new node: /default-rack/8949e68c-e95d-4b98-a083-33911916c13e
2022-11-08 11:40:36,642 [IPC Server handler 19 on default port 35191] INFO  node.SCMNodeManager (SCMNodeManager.java:register(397)) - Registered Data node : 8949e68c-e95d-4b98-a083-33911916c13e{ip: 10.1.0.111, host: fv-az573-890.uspngagyt4suddso0aj1djjezg.dx.internal.cloudapp.net, ports: [REPLICATION=33851, RATIS=39377, RATIS_ADMIN=39377, RATIS_SERVER=39377, STANDALONE=42369], networkLocation: /default-rack, certSerialId: null, persistedOpState: null, persistedOpStateExpiryEpochSec: 0}
2022-11-08 11:40:36,643 [EventQueue-NewNodeForNewNodeHandler] INFO  pipeline.BackgroundPipelineCreator (BackgroundPipelineCreator.java:notifyEventTriggered(276)) - trigger a one-shot run on RatisPipelineUtilsThread.
2022-11-08 11:40:36,643 [RatisPipelineUtilsThread - 0] INFO  pipeline.RatisPipelineProvider (RatisPipelineProvider.java:lambda$create$0(195)) - Sending CreatePipelineCommand for pipeline:PipelineID=8d8b0750-b654-4b25-9989-6a5f2fd38f34 to datanode:8949e68c-e95d-4b98-a083-33911916c13e
2022-11-08 11:40:36,644 [RatisPipelineUtilsThread - 0] INFO  pipeline.PipelineStateManagerImpl (PipelineStateManagerImpl.java:addPipeline(103)) - Created pipeline Pipeline[ Id: 8d8b0750-b654-4b25-9989-6a5f2fd38f34, Nodes: 8949e68c-e95d-4b98-a083-33911916c13e{ip: 10.1.0.111, host: fv-az573-890.uspngagyt4suddso0aj1djjezg.dx.internal.cloudapp.net, ports: [REPLICATION=33851, RATIS=39377, RATIS_ADMIN=39377, RATIS_SERVER=39377, STANDALONE=42369], networkLocation: /default-rack, certSerialId: null, persistedOpState: IN_SERVICE, persistedOpStateExpiryEpochSec: 0}, ReplicationConfig: RATIS/ONE, State:ALLOCATED, leaderId:, CreationTimestamp2022-11-08T11:40:36.643Z[Etc/UTC]].
2022-11-08 11:40:36,645 [RatisPipelineUtilsThread - 0] INFO  pipeline.RatisPipelineProvider (RatisPipelineProvider.java:lambda$create$0(195)) - Sending CreatePipelineCommand for pipeline:PipelineID=bbe78ed5-a254-4e10-a016-c9cee55cc8a6 to datanode:d94fe112-7331-4555-8545-ea5a46cf3e05
2022-11-08 11:40:36,645 [RatisPipelineUtilsThread - 0] INFO  pipeline.RatisPipelineProvider (RatisPipelineProvider.java:lambda$create$0(195)) - Sending CreatePipelineCommand for pipeline:PipelineID=bbe78ed5-a254-4e10-a016-c9cee55cc8a6 to datanode:b82692f7-3e6b-41da-8c72-517365e0a845
2022-11-08 11:40:36,645 [RatisPipelineUtilsThread - 0] INFO  pipeline.RatisPipelineProvider (RatisPipelineProvider.java:lambda$create$0(195)) - Sending CreatePipelineCommand for pipeline:PipelineID=bbe78ed5-a254-4e10-a016-c9cee55cc8a6 to datanode:8949e68c-e95d-4b98-a083-33911916c13e
2022-11-08 11:40:36,646 [RatisPipelineUtilsThread - 0] INFO  pipeline.PipelineStateManagerImpl (PipelineStateManagerImpl.java:addPipeline(103)) - Created pipeline Pipeline[ Id: bbe78ed5-a254-4e10-a016-c9cee55cc8a6, Nodes: d94fe112-7331-4555-8545-ea5a46cf3e05{ip: 10.1.0.111, host: fv-az573-890.uspngagyt4suddso0aj1djjezg.dx.internal.cloudapp.net, ports: [REPLICATION=42317, RATIS=45971, RATIS_ADMIN=45971, RATIS_SERVER=45971, STANDALONE=42107], networkLocation: /default-rack, certSerialId: null, persistedOpState: IN_SERVICE, persistedOpStateExpiryEpochSec: 0}b82692f7-3e6b-41da-8c72-517365e0a845{ip: 10.1.0.111, host: fv-az573-890.uspngagyt4suddso0aj1djjezg.dx.internal.cloudapp.net, ports: [REPLICATION=43589, RATIS=44405, RATIS_ADMIN=44405, RATIS_SERVER=44405, STANDALONE=46559], networkLocation: /default-rack, certSerialId: null, persistedOpState: IN_SERVICE, persistedOpStateExpiryEpochSec: 0}8949e68c-e95d-4b98-a083-33911916c13e{ip: 10.1.0.111, host: fv-az573-890.uspngagyt4suddso0aj1djjezg.dx.internal.cloudapp.net, ports: [REPLICATION=33851, RATIS=39377, RATIS_ADMIN=39377, RATIS_SERVER=39377, STANDALONE=42369], networkLocation: /default-rack, certSerialId: null, persistedOpState: IN_SERVICE, persistedOpStateExpiryEpochSec: 0}, ReplicationConfig: RATIS/THREE, State:ALLOCATED, leaderId:, CreationTimestamp2022-11-08T11:40:36.645Z[Etc/UTC]].
2022-11-08 11:40:36,647 [RatisPipelineUtilsThread - 0] INFO  pipeline.RatisPipelineProvider (RatisPipelineProvider.java:lambda$create$0(195)) - Sending CreatePipelineCommand for pipeline:PipelineID=a9076ed7-9212-44f7-9706-0db537a3e006 to datanode:8949e68c-e95d-4b98-a083-33911916c13e
2022-11-08 11:40:36,647 [RatisPipelineUtilsThread - 0] INFO  pipeline.RatisPipelineProvider (RatisPipelineProvider.java:lambda$create$0(195)) - Sending CreatePipelineCommand for pipeline:PipelineID=a9076ed7-9212-44f7-9706-0db537a3e006 to datanode:d94fe112-7331-4555-8545-ea5a46cf3e05
2022-11-08 11:40:36,647 [RatisPipelineUtilsThread - 0] INFO  pipeline.RatisPipelineProvider (RatisPipelineProvider.java:lambda$create$0(195)) - Sending CreatePipelineCommand for pipeline:PipelineID=a9076ed7-9212-44f7-9706-0db537a3e006 to datanode:b82692f7-3e6b-41da-8c72-517365e0a845
2022-11-08 11:40:36,648 [RatisPipelineUtilsThread - 0] INFO  pipeline.PipelineStateManagerImpl (PipelineStateManagerImpl.java:addPipeline(103)) - Created pipeline Pipeline[ Id: a9076ed7-9212-44f7-9706-0db537a3e006, Nodes: 8949e68c-e95d-4b98-a083-33911916c13e{ip: 10.1.0.111, host: fv-az573-890.uspngagyt4suddso0aj1djjezg.dx.internal.cloudapp.net, ports: [REPLICATION=33851, RATIS=39377, RATIS_ADMIN=39377, RATIS_SERVER=39377, STANDALONE=42369], networkLocation: /default-rack, certSerialId: null, persistedOpState: IN_SERVICE, persistedOpStateExpiryEpochSec: 0}d94fe112-7331-4555-8545-ea5a46cf3e05{ip: 10.1.0.111, host: fv-az573-890.uspngagyt4suddso0aj1djjezg.dx.internal.cloudapp.net, ports: [REPLICATION=42317, RATIS=45971, RATIS_ADMIN=45971, RATIS_SERVER=45971, STANDALONE=42107], networkLocation: /default-rack, certSerialId: null, persistedOpState: IN_SERVICE, persistedOpStateExpiryEpochSec: 0}b82692f7-3e6b-41da-8c72-517365e0a845{ip: 10.1.0.111, host: fv-az573-890.uspngagyt4suddso0aj1djjezg.dx.internal.cloudapp.net, ports: [REPLICATION=43589, RATIS=44405, RATIS_ADMIN=44405, RATIS_SERVER=44405, STANDALONE=46559], networkLocation: /default-rack, certSerialId: null, persistedOpState: IN_SERVICE, persistedOpStateExpiryEpochSec: 0}, ReplicationConfig: RATIS/THREE, State:ALLOCATED, leaderId:, CreationTimestamp2022-11-08T11:40:36.647Z[Etc/UTC]].
2022-11-08 11:40:36,648 [RatisPipelineUtilsThread - 0] INFO  pipeline.PipelineManagerImpl (PipelineManagerImpl.java:recordMetricsForPipeline(826)) - Pipeline: PipelineID=a9076ed7-9212-44f7-9706-0db537a3e006 contains same datanodes as previous pipelines: PipelineID=bbe78ed5-a254-4e10-a016-c9cee55cc8a6 nodeIds: 8949e68c-e95d-4b98-a083-33911916c13e, d94fe112-7331-4555-8545-ea5a46cf3e05, b82692f7-3e6b-41da-8c72-517365e0a845
2022-11-08 11:40:37,249 [Command processor thread] INFO  server.RaftServer (RaftServerProxy.java:addNew(96)) - dc5a192d-e9e0-46c7-8aee-58457d0752d8: addNew group-E2C494768F12:[dc5a192d-e9e0-46c7-8aee-58457d0752d8|rpc:10.1.0.111:39795|priority:1|startupRole:FOLLOWER] returns group-E2C494768F12:java.util.concurrent.CompletableFuture@18a0692d[Not completed]
2022-11-08 11:40:37,265 [pool-72-thread-1] INFO  server.RaftServer$Division (RaftServerImpl.java:<init>(195)) - dc5a192d-e9e0-46c7-8aee-58457d0752d8: new RaftServerImpl for group-E2C494768F12:[dc5a192d-e9e0-46c7-8aee-58457d0752d8|rpc:10.1.0.111:39795|priority:1|startupRole:FOLLOWER] with ContainerStateMachine:uninitialized
2022-11-08 11:40:37,265 [pool-72-thread-1] INFO  server.RaftServerConfigKeys (ConfUtils.java:logGet(46)) - raft.server.rpc.timeout.min = 5s (custom)
2022-11-08 11:40:37,265 [pool-72-thread-1] INFO  server.RaftServerConfigKeys (ConfUtils.java:logGet(46)) - raft.server.rpc.timeout.max = 5200ms (custom)
2022-11-08 11:40:37,265 [pool-72-thread-1] INFO  server.RaftServerConfigKeys (ConfUtils.java:logGet(46)) - raft.server.rpc.sleep.time = 25ms (default)
2022-11-08 11:40:37,266 [pool-72-thread-1] INFO  server.RaftServerConfigKeys (ConfUtils.java:logGet(46)) - raft.server.rpc.slowness.timeout = 300s (custom)
2022-11-08 11:40:37,266 [pool-72-thread-1] INFO  server.RaftServerConfigKeys (ConfUtils.java:logGet(46)) - raft.server.leaderelection.leader.step-down.wait-time = 10s (default)
2022-11-08 11:40:37,266 [pool-72-thread-1] INFO  server.RaftServerConfigKeys (ConfUtils.java:logGet(46)) - raft.server.sleep.deviation.threshold = 300ms (default)
2022-11-08 11:40:37,266 [pool-72-thread-1] INFO  server.RaftServer$Division (ServerState.java:<init>(118)) - dc5a192d-e9e0-46c7-8aee-58457d0752d8@group-E2C494768F12: ConfigurationManager, init=-1: peers:[dc5a192d-e9e0-46c7-8aee-58457d0752d8|rpc:10.1.0.111:39795|priority:1|startupRole:FOLLOWER]|listeners:[], old=null, confs=<EMPTY_MAP>
2022-11-08 11:40:37,266 [pool-72-thread-1] INFO  server.RaftServerConfigKeys (ConfUtils.java:logGet(46)) - raft.server.storage.dir = [/home/runner/work/ozone/ozone/hadoop-ozone/integration-test/target/test-dir/MiniOzoneClusterImpl-c61d2d68-5505-4298-888d-dd71e22caacf/datanode-0/data/ratis] (custom)
2022-11-08 11:40:37,266 [pool-72-thread-1] INFO  server.RaftServerConfigKeys (ConfUtils.java:logGet(46)) - raft.server.log.corruption.policy = EXCEPTION (default)
2022-11-08 11:40:37,266 [pool-72-thread-1] INFO  server.RaftServerConfigKeys (ConfUtils.java:logGet(46)) - raft.server.storage.free-space.min = 0MB (=0) (default)
2022-11-08 11:40:37,267 [pool-72-thread-1] INFO  server.RaftServerConfigKeys (ConfUtils.java:logGet(46)) - raft.server.notification.no-leader.timeout = 300s (custom)
2022-11-08 11:40:37,267 [pool-72-thread-1] INFO  server.RaftServerConfigKeys (ConfUtils.java:logGet(46)) - raft.server.retrycache.expirytime = 600000ms (custom)
2022-11-08 11:40:37,267 [pool-72-thread-1] INFO  server.RaftServerConfigKeys (ConfUtils.java:logGet(46)) - raft.server.retrycache.statistics.expirytime = 100μs (default)
2022-11-08 11:40:37,270 [pool-72-thread-1] INFO  server.RaftServerConfigKeys (ConfUtils.java:logGet(46)) - raft.server.log.appender.install.snapshot.enabled = false (custom)
2022-11-08 11:40:37,271 [pool-72-thread-1] INFO  server.RaftServerConfigKeys (ConfUtils.java:logGet(46)) - raft.server.threadpool.server.cached = true (default)
2022-11-08 11:40:37,271 [pool-72-thread-1] INFO  server.RaftServerConfigKeys (ConfUtils.java:logGet(46)) - raft.server.threadpool.server.size = 0 (default)
2022-11-08 11:40:37,271 [pool-72-thread-1] INFO  server.RaftServerConfigKeys (ConfUtils.java:logGet(46)) - raft.server.threadpool.client.cached = true (default)
2022-11-08 11:40:37,271 [pool-72-thread-1] INFO  server.RaftServerConfigKeys (ConfUtils.java:logGet(46)) - raft.server.threadpool.client.size = 0 (default)
2022-11-08 11:40:37,271 [pool-72-thread-1] INFO  storage.RaftStorageDirectory (RaftStorageDirectoryImpl.java:analyzeStorage(137)) - The storage directory /home/runner/work/ozone/ozone/hadoop-ozone/integration-test/target/test-dir/MiniOzoneClusterImpl-c61d2d68-5505-4298-888d-dd71e22caacf/datanode-0/data/ratis/c30f1a76-b48a-43ba-a3c6-e2c494768f12 does not exist. Creating ...
2022-11-08 11:40:37,274 [pool-72-thread-1] INFO  storage.RaftStorageDirectory (RaftStorageDirectoryImpl.java:tryLock(231)) - Lock on /home/runner/work/ozone/ozone/hadoop-ozone/integration-test/target/test-dir/MiniOzoneClusterImpl-c61d2d68-5505-4298-888d-dd71e22caacf/datanode-0/data/ratis/c30f1a76-b48a-43ba-a3c6-e2c494768f12/in_use.lock acquired by nodename 12130@fv-az573-890
2022-11-08 11:40:37,276 [pool-72-thread-1] INFO  storage.RaftStorage (RaftStorageImpl.java:format(96)) - Storage directory /home/runner/work/ozone/ozone/hadoop-ozone/integration-test/target/test-dir/MiniOzoneClusterImpl-c61d2d68-5505-4298-888d-dd71e22caacf/datanode-0/data/ratis/c30f1a76-b48a-43ba-a3c6-e2c494768f12 has been successfully formatted.
2022-11-08 11:40:37,284 [pool-72-thread-1] INFO  ratis.ContainerStateMachine (ContainerStateMachine.java:loadSnapshot(236)) - group-E2C494768F12: The snapshot info is null. Setting the last applied indexto:(t:0, i:~)
2022-11-08 11:40:37,284 [pool-72-thread-1] INFO  server.RaftServerConfigKeys (ConfUtils.java:logGet(46)) - raft.server.log.use.memory = false (default)
2022-11-08 11:40:37,284 [pool-72-thread-1] INFO  server.RaftServerConfigKeys (ConfUtils.java:logGet(46)) - raft.server.log.purge.gap = 1000000 (custom)
2022-11-08 11:40:37,284 [pool-72-thread-1] INFO  server.RaftServerConfigKeys (ConfUtils.java:logGet(46)) - raft.server.log.appender.buffer.byte-limit = 33554432 (custom)
2022-11-08 11:40:37,284 [pool-72-thread-1] INFO  server.RaftServerConfigKeys (ConfUtils.java:logGet(46)) - raft.server.log.statemachine.data.read.timeout = 1000ms (default)
2022-11-08 11:40:37,284 [pool-72-thread-1] INFO  server.RaftServerConfigKeys (ConfUtils.java:logGet(46)) - raft.server.log.purge.preservation.log.num = 0 (default)
2022-11-08 11:40:37,285 [pool-72-thread-1] INFO  server.RaftServerConfigKeys (ConfUtils.java:logGet(46)) - raft.server.log.segment.size.max = 1048576 (custom)
2022-11-08 11:40:37,286 [pool-72-thread-1] INFO  server.RaftServerConfigKeys (ConfUtils.java:logGet(46)) - raft.server.log.segment.cache.num.max = 2 (custom)
2022-11-08 11:40:37,286 [pool-72-thread-1] INFO  server.RaftServerConfigKeys (ConfUtils.java:logGet(46)) - raft.server.log.segment.cache.size.max = 200MB (=209715200) (default)
2022-11-08 11:40:37,286 [pool-72-thread-1] INFO  segmented.SegmentedRaftLogWorker (SegmentedRaftLogWorker.java:<init>(191)) - new dc5a192d-e9e0-46c7-8aee-58457d0752d8@group-E2C494768F12-SegmentedRaftLogWorker for RaftStorageImpl:Storage Directory /home/runner/work/ozone/ozone/hadoop-ozone/integration-test/target/test-dir/MiniOzoneClusterImpl-c61d2d68-5505-4298-888d-dd71e22caacf/datanode-0/data/ratis/c30f1a76-b48a-43ba-a3c6-e2c494768f12
2022-11-08 11:40:37,287 [pool-72-thread-1] INFO  server.RaftServerConfigKeys (ConfUtils.java:logGet(46)) - raft.server.log.queue.byte-limit = 4294967296 (custom)
2022-11-08 11:40:37,287 [pool-72-thread-1] INFO  server.RaftServerConfigKeys (ConfUtils.java:logGet(46)) - raft.server.log.queue.element-limit = 1024 (custom)
2022-11-08 11:40:37,287 [pool-72-thread-1] INFO  server.RaftServerConfigKeys (ConfUtils.java:logGet(46)) - raft.server.log.segment.size.max = 1048576 (custom)
2022-11-08 11:40:37,287 [pool-72-thread-1] INFO  server.RaftServerConfigKeys (ConfUtils.java:logGet(46)) - raft.server.log.preallocated.size = 16384 (custom)
2022-11-08 11:40:37,287 [pool-72-thread-1] INFO  server.RaftServerConfigKeys (ConfUtils.java:logGet(46)) - raft.server.log.force.sync.num = 128 (default)
2022-11-08 11:40:37,287 [pool-72-thread-1] INFO  server.RaftServerConfigKeys (ConfUtils.java:logGet(46)) - raft.server.log.statemachine.data.sync = true (default)
2022-11-08 11:40:37,287 [pool-72-thread-1] INFO  server.RaftServerConfigKeys (ConfUtils.java:logGet(46)) - raft.server.log.statemachine.data.sync.timeout = 10s (default)
2022-11-08 11:40:37,289 [pool-72-thread-1] INFO  server.RaftServerConfigKeys (ConfUtils.java:logGet(46)) - raft.server.log.statemachine.data.sync.timeout.retry = -1 (default)
2022-11-08 11:40:37,295 [pool-72-thread-1] INFO  server.RaftServerConfigKeys (ConfUtils.java:logGet(46)) - raft.server.log.write.buffer.size = 1048576 (custom)
2022-11-08 11:40:37,297 [pool-72-thread-1] INFO  server.RaftServerConfigKeys (ConfUtils.java:logGet(46)) - raft.server.log.unsafe-flush.enabled = false (default)
2022-11-08 11:40:37,297 [pool-72-thread-1] INFO  server.RaftServerConfigKeys (ConfUtils.java:logGet(46)) - raft.server.log.async-flush.enabled = false (default)
2022-11-08 11:40:37,297 [pool-72-thread-1] INFO  server.RaftServerConfigKeys (ConfUtils.java:logGet(46)) - raft.server.log.statemachine.data.caching.enabled = true (custom)
2022-11-08 11:40:37,297 [pool-72-thread-1] INFO  segmented.SegmentedRaftLogWorker (SegmentedRaftLogWorker.java:lambda$new$0(136)) - dc5a192d-e9e0-46c7-8aee-58457d0752d8@group-E2C494768F12-SegmentedRaftLogWorker: flushIndex: setUnconditionally 0 -> -1
2022-11-08 11:40:37,297 [pool-72-thread-1] INFO  segmented.SegmentedRaftLogWorker (SegmentedRaftLogWorker.java:lambda$new$0(136)) - dc5a192d-e9e0-46c7-8aee-58457d0752d8@group-E2C494768F12-SegmentedRaftLogWorker: safeCacheEvictIndex: setUnconditionally 0 -> -1
2022-11-08 11:40:37,314 [pool-72-thread-1] INFO  server.RaftServer$Division (RaftServerImpl.java:start(334)) - dc5a192d-e9e0-46c7-8aee-58457d0752d8@group-E2C494768F12: start as a follower, conf=-1: peers:[dc5a192d-e9e0-46c7-8aee-58457d0752d8|rpc:10.1.0.111:39795|priority:1|startupRole:FOLLOWER]|listeners:[], old=null
2022-11-08 11:40:37,314 [pool-72-thread-1] INFO  server.RaftServer$Division (RaftServerImpl.java:setRole(321)) - dc5a192d-e9e0-46c7-8aee-58457d0752d8@group-E2C494768F12: changes role from      null to FOLLOWER at term 0 for startAsFollower
2022-11-08 11:40:37,314 [pool-72-thread-1] INFO  impl.RoleInfo (RoleInfo.java:updateAndGet(139)) - dc5a192d-e9e0-46c7-8aee-58457d0752d8: start dc5a192d-e9e0-46c7-8aee-58457d0752d8@group-E2C494768F12-FollowerState
2022-11-08 11:40:37,317 [pool-72-thread-1] INFO  util.JmxRegister (JmxRegister.java:tryRegister(44)) - Successfully registered JMX Bean with object name Ratis:service=RaftServer,group=group-E2C494768F12,id=dc5a192d-e9e0-46c7-8aee-58457d0752d8
2022-11-08 11:40:37,317 [pool-72-thread-1] INFO  server.RaftServerConfigKeys (ConfUtils.java:logGet(46)) - raft.server.snapshot.auto.trigger.enabled = true (custom)
2022-11-08 11:40:37,317 [pool-72-thread-1] INFO  server.RaftServerConfigKeys (ConfUtils.java:logGet(46)) - raft.server.snapshot.auto.trigger.threshold = 10000 (custom)
2022-11-08 11:40:37,317 [pool-72-thread-1] INFO  server.RaftServerConfigKeys (ConfUtils.java:logGet(46)) - raft.server.snapshot.retention.file.num = 5 (custom)
2022-11-08 11:40:37,317 [pool-72-thread-1] INFO  server.RaftServerConfigKeys (ConfUtils.java:logGet(46)) - raft.server.log.purge.upto.snapshot.index = false (default)
2022-11-08 11:40:37,318 [dc5a192d-e9e0-46c7-8aee-58457d0752d8@group-E2C494768F12-FollowerState] INFO  server.RaftServerConfigKeys (ConfUtils.java:logFallback(53)) - raft.server.rpc.first-election.timeout.min = 5s (fallback to raft.server.rpc.timeout.min)
2022-11-08 11:40:37,319 [dc5a192d-e9e0-46c7-8aee-58457d0752d8@group-E2C494768F12-FollowerState] INFO  server.RaftServerConfigKeys (ConfUtils.java:logFallback(53)) - raft.server.rpc.first-election.timeout.max = 5200ms (fallback to raft.server.rpc.timeout.max)
2022-11-08 11:40:37,329 [EventQueue-PipelineReportForPipelineReportHandler] INFO  pipeline.PipelineManagerImpl (PipelineManagerImpl.java:openPipeline(367)) - Pipeline Pipeline[ Id: c30f1a76-b48a-43ba-a3c6-e2c494768f12, Nodes: dc5a192d-e9e0-46c7-8aee-58457d0752d8{ip: 10.1.0.111, host: fv-az573-890.uspngagyt4suddso0aj1djjezg.dx.internal.cloudapp.net, ports: [REPLICATION=43119, RATIS=39795, RATIS_ADMIN=39795, RATIS_SERVER=39795, STANDALONE=37577], networkLocation: /default-rack, certSerialId: null, persistedOpState: IN_SERVICE, persistedOpStateExpiryEpochSec: 0}, ReplicationConfig: RATIS/ONE, State:ALLOCATED, leaderId:dc5a192d-e9e0-46c7-8aee-58457d0752d8, CreationTimestamp2022-11-08T11:40:34.302Z[Etc/UTC]] moved to OPEN state
2022-11-08 11:40:37,335 [Command processor thread] INFO  ratis.XceiverServerRatis (XceiverServerRatis.java:addGroup(765)) - Created group PipelineID=c30f1a76-b48a-43ba-a3c6-e2c494768f12
2022-11-08 11:40:37,335 [Command processor thread] INFO  commandhandler.CreatePipelineCommandHandler (CreatePipelineCommandHandler.java:handle(113)) - Created Pipeline RATIS ONE PipelineID=c30f1a76-b48a-43ba-a3c6-e2c494768f12.
2022-11-08 11:40:37,336 [Command processor thread] INFO  server.RaftServer (RaftServerProxy.java:addNew(96)) - dc5a192d-e9e0-46c7-8aee-58457d0752d8: addNew group-4F49288E7373:[dc5a192d-e9e0-46c7-8aee-58457d0752d8|rpc:10.1.0.111:39795|priority:0|startupRole:FOLLOWER, 426e857f-dbb4-4c86-998f-375273f8a445|rpc:10.1.0.111:32949|priority:1|startupRole:FOLLOWER, 9f3b593f-78c6-4294-9602-7cd55c8a4272|rpc:10.1.0.111:40339|priority:0|startupRole:FOLLOWER] returns group-4F49288E7373:java.util.concurrent.CompletableFuture@1142ac0e[Not completed]
2022-11-08 11:40:37,337 [EventQueue-OpenPipelineForHealthyPipelineSafeModeRule] INFO  safemode.SCMSafeModeManager (HealthyPipelineSafeModeRule.java:process(137)) - SCM in safe mode. Healthy pipelines reported count is 0, required healthy pipeline reported count is 1
2022-11-08 11:40:37,346 [pool-72-thread-1] INFO  server.RaftServer$Division (RaftServerImpl.java:<init>(195)) - dc5a192d-e9e0-46c7-8aee-58457d0752d8: new RaftServerImpl for group-4F49288E7373:[dc5a192d-e9e0-46c7-8aee-58457d0752d8|rpc:10.1.0.111:39795|priority:0|startupRole:FOLLOWER, 426e857f-dbb4-4c86-998f-375273f8a445|rpc:10.1.0.111:32949|priority:1|startupRole:FOLLOWER, 9f3b593f-78c6-4294-9602-7cd55c8a4272|rpc:10.1.0.111:40339|priority:0|startupRole:FOLLOWER] with ContainerStateMachine:uninitialized
2022-11-08 11:40:37,349 [pool-72-thread-1] INFO  server.RaftServerConfigKeys (ConfUtils.java:logGet(46)) - raft.server.rpc.timeout.min = 5s (custom)
2022-11-08 11:40:37,349 [pool-72-thread-1] INFO  server.RaftServerConfigKeys (ConfUtils.java:logGet(46)) - raft.server.rpc.timeout.max = 5200ms (custom)
2022-11-08 11:40:37,349 [pool-72-thread-1] INFO  server.RaftServerConfigKeys (ConfUtils.java:logGet(46)) - raft.server.rpc.sleep.time = 25ms (default)
2022-11-08 11:40:37,349 [pool-72-thread-1] INFO  server.RaftServerConfigKeys (ConfUtils.java:logGet(46)) - raft.server.rpc.slowness.timeout = 300s (custom)
2022-11-08 11:40:37,349 [pool-72-thread-1] INFO  server.RaftServerConfigKeys (ConfUtils.java:logGet(46)) - raft.server.leaderelection.leader.step-down.wait-time = 10s (default)
2022-11-08 11:40:37,349 [pool-72-thread-1] INFO  server.RaftServerConfigKeys (ConfUtils.java:logGet(46)) - raft.server.sleep.deviation.threshold = 300ms (default)
2022-11-08 11:40:37,350 [pool-72-thread-1] INFO  server.RaftServer$Division (ServerState.java:<init>(118)) - dc5a192d-e9e0-46c7-8aee-58457d0752d8@group-4F49288E7373: ConfigurationManager, init=-1: peers:[dc5a192d-e9e0-46c7-8aee-58457d0752d8|rpc:10.1.0.111:39795|priority:0|startupRole:FOLLOWER, 426e857f-dbb4-4c86-998f-375273f8a445|rpc:10.1.0.111:32949|priority:1|startupRole:FOLLOWER, 9f3b593f-78c6-4294-9602-7cd55c8a4272|rpc:10.1.0.111:40339|priority:0|startupRole:FOLLOWER]|listeners:[], old=null, confs=<EMPTY_MAP>
2022-11-08 11:40:37,350 [pool-72-thread-1] INFO  server.RaftServerConfigKeys (ConfUtils.java:logGet(46)) - raft.server.storage.dir = [/home/runner/work/ozone/ozone/hadoop-ozone/integration-test/target/test-dir/MiniOzoneClusterImpl-c61d2d68-5505-4298-888d-dd71e22caacf/datanode-0/data/ratis] (custom)
2022-11-08 11:40:37,350 [pool-72-thread-1] INFO  server.RaftServerConfigKeys (ConfUtils.java:logGet(46)) - raft.server.log.corruption.policy = EXCEPTION (default)
2022-11-08 11:40:37,350 [pool-72-thread-1] INFO  server.RaftServerConfigKeys (ConfUtils.java:logGet(46)) - raft.server.storage.free-space.min = 0MB (=0) (default)
2022-11-08 11:40:37,350 [pool-72-thread-1] INFO  server.RaftServerConfigKeys (ConfUtils.java:logGet(46)) - raft.server.notification.no-leader.timeout = 300s (custom)
2022-11-08 11:40:37,350 [pool-72-thread-1] INFO  server.RaftServerConfigKeys (ConfUtils.java:logGet(46)) - raft.server.retrycache.expirytime = 600000ms (custom)
2022-11-08 11:40:37,351 [pool-72-thread-1] INFO  server.RaftServerConfigKeys (ConfUtils.java:logGet(46)) - raft.server.retrycache.statistics.expirytime = 100μs (default)
2022-11-08 11:40:37,354 [pool-72-thread-1] INFO  server.RaftServerConfigKeys (ConfUtils.java:logGet(46)) - raft.server.log.appender.install.snapshot.enabled = false (custom)
2022-11-08 11:40:37,354 [pool-72-thread-1] INFO  server.RaftServerConfigKeys (ConfUtils.java:logGet(46)) - raft.server.threadpool.server.cached = true (default)
2022-11-08 11:40:37,354 [pool-72-thread-1] INFO  server.RaftServerConfigKeys (ConfUtils.java:logGet(46)) - raft.server.threadpool.server.size = 0 (default)
2022-11-08 11:40:37,354 [pool-72-thread-1] INFO  server.RaftServerConfigKeys (ConfUtils.java:logGet(46)) - raft.server.threadpool.client.cached = true (default)
2022-11-08 11:40:37,354 [pool-72-thread-1] INFO  server.RaftServerConfigKeys (ConfUtils.java:logGet(46)) - raft.server.threadpool.client.size = 0 (default)
2022-11-08 11:40:37,354 [pool-72-thread-1] INFO  storage.RaftStorageDirectory (RaftStorageDirectoryImpl.java:analyzeStorage(137)) - The storage directory /home/runner/work/ozone/ozone/hadoop-ozone/integration-test/target/test-dir/MiniOzoneClusterImpl-c61d2d68-5505-4298-888d-dd71e22caacf/datanode-0/data/ratis/caa2970a-548d-4ab4-baf2-4f49288e7373 does not exist. Creating ...
2022-11-08 11:40:37,356 [pool-72-thread-1] INFO  storage.RaftStorageDirectory (RaftStorageDirectoryImpl.java:tryLock(231)) - Lock on /home/runner/work/ozone/ozone/hadoop-ozone/integration-test/target/test-dir/MiniOzoneClusterImpl-c61d2d68-5505-4298-888d-dd71e22caacf/datanode-0/data/ratis/caa2970a-548d-4ab4-baf2-4f49288e7373/in_use.lock acquired by nodename 12130@fv-az573-890
2022-11-08 11:40:37,359 [pool-72-thread-1] INFO  storage.RaftStorage (RaftStorageImpl.java:format(96)) - Storage directory /home/runner/work/ozone/ozone/hadoop-ozone/integration-test/target/test-dir/MiniOzoneClusterImpl-c61d2d68-5505-4298-888d-dd71e22caacf/datanode-0/data/ratis/caa2970a-548d-4ab4-baf2-4f49288e7373 has been successfully formatted.
2022-11-08 11:40:37,360 [pool-72-thread-1] INFO  ratis.ContainerStateMachine (ContainerStateMachine.java:loadSnapshot(236)) - group-4F49288E7373: The snapshot info is null. Setting the last applied indexto:(t:0, i:~)
2022-11-08 11:40:37,360 [pool-72-thread-1] INFO  server.RaftServerConfigKeys (ConfUtils.java:logGet(46)) - raft.server.log.use.memory = false (default)
2022-11-08 11:40:37,360 [pool-72-thread-1] INFO  server.RaftServerConfigKeys (ConfUtils.java:logGet(46)) - raft.server.log.purge.gap = 1000000 (custom)
2022-11-08 11:40:37,360 [pool-72-thread-1] INFO  server.RaftServerConfigKeys (ConfUtils.java:logGet(46)) - raft.server.log.appender.buffer.byte-limit = 33554432 (custom)
2022-11-08 11:40:37,360 [pool-72-thread-1] INFO  server.RaftServerConfigKeys (ConfUtils.java:logGet(46)) - raft.server.log.statemachine.data.read.timeout = 1000ms (default)
2022-11-08 11:40:37,360 [pool-72-thread-1] INFO  server.RaftServerConfigKeys (ConfUtils.java:logGet(46)) - raft.server.log.purge.preservation.log.num = 0 (default)
2022-11-08 11:40:37,361 [pool-72-thread-1] INFO  server.RaftServerConfigKeys (ConfUtils.java:logGet(46)) - raft.server.log.segment.size.max = 1048576 (custom)
2022-11-08 11:40:37,362 [pool-72-thread-1] INFO  server.RaftServerConfigKeys (ConfUtils.java:logGet(46)) - raft.server.log.segment.cache.num.max = 2 (custom)
2022-11-08 11:40:37,362 [pool-72-thread-1] INFO  server.RaftServerConfigKeys (ConfUtils.java:logGet(46)) - raft.server.log.segment.cache.size.max = 200MB (=209715200) (default)
2022-11-08 11:40:37,362 [pool-72-thread-1] INFO  segmented.SegmentedRaftLogWorker (SegmentedRaftLogWorker.java:<init>(191)) - new dc5a192d-e9e0-46c7-8aee-58457d0752d8@group-4F49288E7373-SegmentedRaftLogWorker for RaftStorageImpl:Storage Directory /home/runner/work/ozone/ozone/hadoop-ozone/integration-test/target/test-dir/MiniOzoneClusterImpl-c61d2d68-5505-4298-888d-dd71e22caacf/datanode-0/data/ratis/caa2970a-548d-4ab4-baf2-4f49288e7373
2022-11-08 11:40:37,362 [pool-72-thread-1] INFO  server.RaftServerConfigKeys (ConfUtils.java:logGet(46)) - raft.server.log.queue.byte-limit = 4294967296 (custom)
2022-11-08 11:40:37,362 [pool-72-thread-1] INFO  server.RaftServerConfigKeys (ConfUtils.java:logGet(46)) - raft.server.log.queue.element-limit = 1024 (custom)
2022-11-08 11:40:37,362 [pool-72-thread-1] INFO  server.RaftServerConfigKeys (ConfUtils.java:logGet(46)) - raft.server.log.segment.size.max = 1048576 (custom)
2022-11-08 11:40:37,362 [pool-72-thread-1] INFO  server.RaftServerConfigKeys (ConfUtils.java:logGet(46)) - raft.server.log.preallocated.size = 16384 (custom)
2022-11-08 11:40:37,362 [pool-72-thread-1] INFO  server.RaftServerConfigKeys (ConfUtils.java:logGet(46)) - raft.server.log.force.sync.num = 128 (default)
2022-11-08 11:40:37,363 [pool-72-thread-1] INFO  server.RaftServerConfigKeys (ConfUtils.java:logGet(46)) - raft.server.log.statemachine.data.sync = true (default)
2022-11-08 11:40:37,363 [pool-72-thread-1] INFO  server.RaftServerConfigKeys (ConfUtils.java:logGet(46)) - raft.server.log.statemachine.data.sync.timeout = 10s (default)
2022-11-08 11:40:37,363 [pool-72-thread-1] INFO  server.RaftServerConfigKeys (ConfUtils.java:logGet(46)) - raft.server.log.statemachine.data.sync.timeout.retry = -1 (default)
2022-11-08 11:40:37,372 [EventQueue-OpenPipelineForHealthyPipelineSafeModeRule] INFO  safemode.SCMSafeModeManager (HealthyPipelineSafeModeRule.java:process(137)) - SCM in safe mode. Healthy pipelines reported count is 0, required healthy pipeline reported count is 1
2022-11-08 11:40:37,382 [pool-72-thread-1] INFO  server.RaftServerConfigKeys (ConfUtils.java:logGet(46)) - raft.server.log.write.buffer.size = 1048576 (custom)
2022-11-08 11:40:37,383 [pool-72-thread-1] INFO  server.RaftServerConfigKeys (ConfUtils.java:logGet(46)) - raft.server.log.unsafe-flush.enabled = false (default)
2022-11-08 11:40:37,383 [pool-72-thread-1] INFO  server.RaftServerConfigKeys (ConfUtils.java:logGet(46)) - raft.server.log.async-flush.enabled = false (default)
2022-11-08 11:40:37,383 [pool-72-thread-1] INFO  server.RaftServerConfigKeys (ConfUtils.java:logGet(46)) - raft.server.log.statemachine.data.caching.enabled = true (custom)
2022-11-08 11:40:37,383 [pool-72-thread-1] INFO  segmented.SegmentedRaftLogWorker (SegmentedRaftLogWorker.java:lambda$new$0(136)) - dc5a192d-e9e0-46c7-8aee-58457d0752d8@group-4F49288E7373-SegmentedRaftLogWorker: flushIndex: setUnconditionally 0 -> -1
2022-11-08 11:40:37,383 [pool-72-thread-1] INFO  segmented.SegmentedRaftLogWorker (SegmentedRaftLogWorker.java:lambda$new$0(136)) - dc5a192d-e9e0-46c7-8aee-58457d0752d8@group-4F49288E7373-SegmentedRaftLogWorker: safeCacheEvictIndex: setUnconditionally 0 -> -1
2022-11-08 11:40:37,388 [pool-72-thread-1] INFO  server.RaftServer$Division (RaftServerImpl.java:start(334)) - dc5a192d-e9e0-46c7-8aee-58457d0752d8@group-4F49288E7373: start as a follower, conf=-1: peers:[dc5a192d-e9e0-46c7-8aee-58457d0752d8|rpc:10.1.0.111:39795|priority:0|startupRole:FOLLOWER, 426e857f-dbb4-4c86-998f-375273f8a445|rpc:10.1.0.111:32949|priority:1|startupRole:FOLLOWER, 9f3b593f-78c6-4294-9602-7cd55c8a4272|rpc:10.1.0.111:40339|priority:0|startupRole:FOLLOWER]|listeners:[], old=null
2022-11-08 11:40:37,388 [pool-72-thread-1] INFO  server.RaftServer$Division (RaftServerImpl.java:setRole(321)) - dc5a192d-e9e0-46c7-8aee-58457d0752d8@group-4F49288E7373: changes role from      null to FOLLOWER at term 0 for startAsFollower
2022-11-08 11:40:37,388 [pool-72-thread-1] INFO  impl.RoleInfo (RoleInfo.java:updateAndGet(139)) - dc5a192d-e9e0-46c7-8aee-58457d0752d8: start dc5a192d-e9e0-46c7-8aee-58457d0752d8@group-4F49288E7373-FollowerState
2022-11-08 11:40:37,392 [pool-72-thread-1] INFO  util.JmxRegister (JmxRegister.java:tryRegister(44)) - Successfully registered JMX Bean with object name Ratis:service=RaftServer,group=group-4F49288E7373,id=dc5a192d-e9e0-46c7-8aee-58457d0752d8
2022-11-08 11:40:37,392 [pool-72-thread-1] INFO  server.RaftServerConfigKeys (ConfUtils.java:logGet(46)) - raft.server.snapshot.auto.trigger.enabled = true (custom)
2022-11-08 11:40:37,393 [pool-72-thread-1] INFO  server.RaftServerConfigKeys (ConfUtils.java:logGet(46)) - raft.server.snapshot.auto.trigger.threshold = 10000 (custom)
2022-11-08 11:40:37,393 [pool-72-thread-1] INFO  server.RaftServerConfigKeys (ConfUtils.java:logGet(46)) - raft.server.snapshot.retention.file.num = 5 (custom)
2022-11-08 11:40:37,393 [pool-72-thread-1] INFO  server.RaftServerConfigKeys (ConfUtils.java:logGet(46)) - raft.server.log.purge.upto.snapshot.index = false (default)
2022-11-08 11:40:37,394 [dc5a192d-e9e0-46c7-8aee-58457d0752d8@group-4F49288E7373-FollowerState] INFO  server.RaftServerConfigKeys (ConfUtils.java:logFallback(53)) - raft.server.rpc.first-election.timeout.min = 5s (fallback to raft.server.rpc.timeout.min)
2022-11-08 11:40:37,394 [dc5a192d-e9e0-46c7-8aee-58457d0752d8@group-4F49288E7373-FollowerState] INFO  server.RaftServerConfigKeys (ConfUtils.java:logFallback(53)) - raft.server.rpc.first-election.timeout.max = 5200ms (fallback to raft.server.rpc.timeout.max)
2022-11-08 11:40:37,396 [Command processor thread] INFO  ratis.XceiverServerRatis (XceiverServerRatis.java:addGroup(765)) - Created group PipelineID=caa2970a-548d-4ab4-baf2-4f49288e7373
2022-11-08 11:40:37,639 [Listener at 127.0.0.1/34491] INFO  ozone.MiniOzoneClusterImpl (MiniOzoneClusterImpl.java:lambda$waitForClusterToBeReady$0(216)) - Nodes are ready. Got 6 of 6 DN Heartbeats.
2022-11-08 11:40:37,640 [Listener at 127.0.0.1/34491] INFO  ozone.MiniOzoneClusterImpl (MiniOzoneClusterImpl.java:lambda$waitForClusterToBeReady$0(219)) - Waiting for cluster to exit safe mode
2022-11-08 11:40:37,640 [Listener at 127.0.0.1/34491] INFO  ozone.MiniOzoneClusterImpl (MiniOzoneClusterImpl.java:lambda$waitForClusterToBeReady$0(221)) - SCM became leader
2022-11-08 11:40:37,878 [Command processor thread] INFO  server.RaftServer (RaftServerProxy.java:addNew(96)) - 426e857f-dbb4-4c86-998f-375273f8a445: addNew group-4BFA3488B6B4:[426e857f-dbb4-4c86-998f-375273f8a445|rpc:10.1.0.111:32949|priority:1|startupRole:FOLLOWER] returns group-4BFA3488B6B4:java.util.concurrent.CompletableFuture@55250d8e[Not completed]
2022-11-08 11:40:37,884 [pool-95-thread-1] INFO  server.RaftServer$Division (RaftServerImpl.java:<init>(195)) - 426e857f-dbb4-4c86-998f-375273f8a445: new RaftServerImpl for group-4BFA3488B6B4:[426e857f-dbb4-4c86-998f-375273f8a445|rpc:10.1.0.111:32949|priority:1|startupRole:FOLLOWER] with ContainerStateMachine:uninitialized
2022-11-08 11:40:37,885 [pool-95-thread-1] INFO  server.RaftServerConfigKeys (ConfUtils.java:logGet(46)) - raft.server.rpc.timeout.min = 5s (custom)
2022-11-08 11:40:37,885 [pool-95-thread-1] INFO  server.RaftServerConfigKeys (ConfUtils.java:logGet(46)) - raft.server.rpc.timeout.max = 5200ms (custom)
2022-11-08 11:40:37,885 [pool-95-thread-1] INFO  server.RaftServerConfigKeys (ConfUtils.java:logGet(46)) - raft.server.rpc.sleep.time = 25ms (default)
2022-11-08 11:40:37,885 [pool-95-thread-1] INFO  server.RaftServerConfigKeys (ConfUtils.java:logGet(46)) - raft.server.rpc.slowness.timeout = 300s (custom)
2022-11-08 11:40:37,885 [pool-95-thread-1] INFO  server.RaftServerConfigKeys (ConfUtils.java:logGet(46)) - raft.server.leaderelection.leader.step-down.wait-time = 10s (default)
2022-11-08 11:40:37,885 [pool-95-thread-1] INFO  server.RaftServerConfigKeys (ConfUtils.java:logGet(46)) - raft.server.sleep.deviation.threshold = 300ms (default)
2022-11-08 11:40:37,885 [pool-95-thread-1] INFO  server.RaftServer$Division (ServerState.java:<init>(118)) - 426e857f-dbb4-4c86-998f-375273f8a445@group-4BFA3488B6B4: ConfigurationManager, init=-1: peers:[426e857f-dbb4-4c86-998f-375273f8a445|rpc:10.1.0.111:32949|priority:1|startupRole:FOLLOWER]|listeners:[], old=null, confs=<EMPTY_MAP>
2022-11-08 11:40:37,886 [pool-95-thread-1] INFO  server.RaftServerConfigKeys (ConfUtils.java:logGet(46)) - raft.server.storage.dir = [/home/runner/work/ozone/ozone/hadoop-ozone/integration-test/target/test-dir/MiniOzoneClusterImpl-c61d2d68-5505-4298-888d-dd71e22caacf/datanode-1/data/ratis] (custom)
2022-11-08 11:40:37,887 [pool-95-thread-1] INFO  server.RaftServerConfigKeys (ConfUtils.java:logGet(46)) - raft.server.log.corruption.policy = EXCEPTION (default)
2022-11-08 11:40:37,887 [pool-95-thread-1] INFO  server.RaftServerConfigKeys (ConfUtils.java:logGet(46)) - raft.server.storage.free-space.min = 0MB (=0) (default)
2022-11-08 11:40:37,887 [pool-95-thread-1] INFO  server.RaftServerConfigKeys (ConfUtils.java:logGet(46)) - raft.server.notification.no-leader.timeout = 300s (custom)
2022-11-08 11:40:37,887 [pool-95-thread-1] INFO  server.RaftServerConfigKeys (ConfUtils.java:logGet(46)) - raft.server.retrycache.expirytime = 600000ms (custom)
2022-11-08 11:40:37,895 [pool-95-thread-1] INFO  server.RaftServerConfigKeys (ConfUtils.java:logGet(46)) - raft.server.retrycache.statistics.expirytime = 100μs (default)
2022-11-08 11:40:37,902 [pool-95-thread-1] INFO  server.RaftServerConfigKeys (ConfUtils.java:logGet(46)) - raft.server.log.appender.install.snapshot.enabled = false (custom)
2022-11-08 11:40:37,902 [pool-95-thread-1] INFO  server.RaftServerConfigKeys (ConfUtils.java:logGet(46)) - raft.server.threadpool.server.cached = true (default)
2022-11-08 11:40:37,902 [pool-95-thread-1] INFO  server.RaftServerConfigKeys (ConfUtils.java:logGet(46)) - raft.server.threadpool.server.size = 0 (default)
2022-11-08 11:40:37,902 [pool-95-thread-1] INFO  server.RaftServerConfigKeys (ConfUtils.java:logGet(46)) - raft.server.threadpool.client.cached = true (default)
2022-11-08 11:40:37,902 [pool-95-thread-1] INFO  server.RaftServerConfigKeys (ConfUtils.java:logGet(46)) - raft.server.threadpool.client.size = 0 (default)
2022-11-08 11:40:37,902 [pool-95-thread-1] INFO  storage.RaftStorageDirectory (RaftStorageDirectoryImpl.java:analyzeStorage(137)) - The storage directory /home/runner/work/ozone/ozone/hadoop-ozone/integration-test/target/test-dir/MiniOzoneClusterImpl-c61d2d68-5505-4298-888d-dd71e22caacf/datanode-1/data/ratis/0f1cc55d-69ca-4bde-9700-4bfa3488b6b4 does not exist. Creating ...
2022-11-08 11:40:37,905 [pool-95-thread-1] INFO  storage.RaftStorageDirectory (RaftStorageDirectoryImpl.java:tryLock(231)) - Lock on /home/runner/work/ozone/ozone/hadoop-ozone/integration-test/target/test-dir/MiniOzoneClusterImpl-c61d2d68-5505-4298-888d-dd71e22caacf/datanode-1/data/ratis/0f1cc55d-69ca-4bde-9700-4bfa3488b6b4/in_use.lock acquired by nodename 12130@fv-az573-890
2022-11-08 11:40:37,907 [pool-95-thread-1] INFO  storage.RaftStorage (RaftStorageImpl.java:format(96)) - Storage directory /home/runner/work/ozone/ozone/hadoop-ozone/integration-test/target/test-dir/MiniOzoneClusterImpl-c61d2d68-5505-4298-888d-dd71e22caacf/datanode-1/data/ratis/0f1cc55d-69ca-4bde-9700-4bfa3488b6b4 has been successfully formatted.
2022-11-08 11:40:37,922 [pool-95-thread-1] INFO  ratis.ContainerStateMachine (ContainerStateMachine.java:loadSnapshot(236)) - group-4BFA3488B6B4: The snapshot info is null. Setting the last applied indexto:(t:0, i:~)
2022-11-08 11:40:37,923 [pool-95-thread-1] INFO  server.RaftServerConfigKeys (ConfUtils.java:logGet(46)) - raft.server.log.use.memory = false (default)
2022-11-08 11:40:37,923 [pool-95-thread-1] INFO  server.RaftServerConfigKeys (ConfUtils.java:logGet(46)) - raft.server.log.purge.gap = 1000000 (custom)
2022-11-08 11:40:37,923 [pool-95-thread-1] INFO  server.RaftServerConfigKeys (ConfUtils.java:logGet(46)) - raft.server.log.appender.buffer.byte-limit = 33554432 (custom)
2022-11-08 11:40:37,924 [pool-95-thread-1] INFO  server.RaftServerConfigKeys (ConfUtils.java:logGet(46)) - raft.server.log.statemachine.data.read.timeout = 1000ms (default)
2022-11-08 11:40:37,924 [pool-95-thread-1] INFO  server.RaftServerConfigKeys (ConfUtils.java:logGet(46)) - raft.server.log.purge.preservation.log.num = 0 (default)
2022-11-08 11:40:37,924 [pool-95-thread-1] INFO  server.RaftServerConfigKeys (ConfUtils.java:logGet(46)) - raft.server.log.segment.size.max = 1048576 (custom)
2022-11-08 11:40:37,925 [pool-95-thread-1] INFO  server.RaftServerConfigKeys (ConfUtils.java:logGet(46)) - raft.server.log.segment.cache.num.max = 2 (custom)
2022-11-08 11:40:37,925 [pool-95-thread-1] INFO  server.RaftServerConfigKeys (ConfUtils.java:logGet(46)) - raft.server.log.segment.cache.size.max = 200MB (=209715200) (default)
2022-11-08 11:40:37,925 [pool-95-thread-1] INFO  segmented.SegmentedRaftLogWorker (SegmentedRaftLogWorker.java:<init>(191)) - new 426e857f-dbb4-4c86-998f-375273f8a445@group-4BFA3488B6B4-SegmentedRaftLogWorker for RaftStorageImpl:Storage Directory /home/runner/work/ozone/ozone/hadoop-ozone/integration-test/target/test-dir/MiniOzoneClusterImpl-c61d2d68-5505-4298-888d-dd71e22caacf/datanode-1/data/ratis/0f1cc55d-69ca-4bde-9700-4bfa3488b6b4
2022-11-08 11:40:37,925 [pool-95-thread-1] INFO  server.RaftServerConfigKeys (ConfUtils.java:logGet(46)) - raft.server.log.queue.byte-limit = 4294967296 (custom)
2022-11-08 11:40:37,925 [pool-95-thread-1] INFO  server.RaftServerConfigKeys (ConfUtils.java:logGet(46)) - raft.server.log.queue.element-limit = 1024 (custom)
2022-11-08 11:40:37,925 [pool-95-thread-1] INFO  server.RaftServerConfigKeys (ConfUtils.java:logGet(46)) - raft.server.log.segment.size.max = 1048576 (custom)
2022-11-08 11:40:37,925 [pool-95-thread-1] INFO  server.RaftServerConfigKeys (ConfUtils.java:logGet(46)) - raft.server.log.preallocated.size = 16384 (custom)
2022-11-08 11:40:37,926 [pool-95-thread-1] INFO  server.RaftServerConfigKeys (ConfUtils.java:logGet(46)) - raft.server.log.force.sync.num = 128 (default)
2022-11-08 11:40:37,926 [pool-95-thread-1] INFO  server.RaftServerConfigKeys (ConfUtils.java:logGet(46)) - raft.server.log.statemachine.data.sync = true (default)
2022-11-08 11:40:37,926 [pool-95-thread-1] INFO  server.RaftServerConfigKeys (ConfUtils.java:logGet(46)) - raft.server.log.statemachine.data.sync.timeout = 10s (default)
2022-11-08 11:40:37,926 [pool-95-thread-1] INFO  server.RaftServerConfigKeys (ConfUtils.java:logGet(46)) - raft.server.log.statemachine.data.sync.timeout.retry = -1 (default)
2022-11-08 11:40:37,928 [pool-95-thread-1] INFO  server.RaftServerConfigKeys (ConfUtils.java:logGet(46)) - raft.server.log.write.buffer.size = 1048576 (custom)
2022-11-08 11:40:37,928 [pool-95-thread-1] INFO  server.RaftServerConfigKeys (ConfUtils.java:logGet(46)) - raft.server.log.unsafe-flush.enabled = false (default)
2022-11-08 11:40:37,928 [pool-95-thread-1] INFO  server.RaftServerConfigKeys (ConfUtils.java:logGet(46)) - raft.server.log.async-flush.enabled = false (default)
2022-11-08 11:40:37,929 [pool-95-thread-1] INFO  server.RaftServerConfigKeys (ConfUtils.java:logGet(46)) - raft.server.log.statemachine.data.caching.enabled = true (custom)
2022-11-08 11:40:37,929 [pool-95-thread-1] INFO  segmented.SegmentedRaftLogWorker (SegmentedRaftLogWorker.java:lambda$new$0(136)) - 426e857f-dbb4-4c86-998f-375273f8a445@group-4BFA3488B6B4-SegmentedRaftLogWorker: flushIndex: setUnconditionally 0 -> -1
2022-11-08 11:40:37,929 [pool-95-thread-1] INFO  segmented.SegmentedRaftLogWorker (SegmentedRaftLogWorker.java:lambda$new$0(136)) - 426e857f-dbb4-4c86-998f-375273f8a445@group-4BFA3488B6B4-SegmentedRaftLogWorker: safeCacheEvictIndex: setUnconditionally 0 -> -1
2022-11-08 11:40:37,934 [pool-95-thread-1] INFO  server.RaftServer$Division (RaftServerImpl.java:start(334)) - 426e857f-dbb4-4c86-998f-375273f8a445@group-4BFA3488B6B4: start as a follower, conf=-1: peers:[426e857f-dbb4-4c86-998f-375273f8a445|rpc:10.1.0.111:32949|priority:1|startupRole:FOLLOWER]|listeners:[], old=null
2022-11-08 11:40:37,934 [pool-95-thread-1] INFO  server.RaftServer$Division (RaftServerImpl.java:setRole(321)) - 426e857f-dbb4-4c86-998f-375273f8a445@group-4BFA3488B6B4: changes role from      null to FOLLOWER at term 0 for startAsFollower
2022-11-08 11:40:37,934 [pool-95-thread-1] INFO  impl.RoleInfo (RoleInfo.java:updateAndGet(139)) - 426e857f-dbb4-4c86-998f-375273f8a445: start 426e857f-dbb4-4c86-998f-375273f8a445@group-4BFA3488B6B4-FollowerState
2022-11-08 11:40:37,936 [EventQueue-PipelineReportForPipelineReportHandler] INFO  pipeline.PipelineManagerImpl (PipelineManagerImpl.java:openPipeline(367)) - Pipeline Pipeline[ Id: 0f1cc55d-69ca-4bde-9700-4bfa3488b6b4, Nodes: 426e857f-dbb4-4c86-998f-375273f8a445{ip: 10.1.0.111, host: fv-az573-890.uspngagyt4suddso0aj1djjezg.dx.internal.cloudapp.net, ports: [REPLICATION=34141, RATIS=32949, RATIS_ADMIN=32949, RATIS_SERVER=32949, STANDALONE=46207], networkLocation: /default-rack, certSerialId: null, persistedOpState: IN_SERVICE, persistedOpStateExpiryEpochSec: 0}, ReplicationConfig: RATIS/ONE, State:ALLOCATED, leaderId:426e857f-dbb4-4c86-998f-375273f8a445, CreationTimestamp2022-11-08T11:40:34.879Z[Etc/UTC]] moved to OPEN state
2022-11-08 11:40:37,937 [EventQueue-OpenPipelineForHealthyPipelineSafeModeRule] INFO  safemode.SCMSafeModeManager (HealthyPipelineSafeModeRule.java:process(137)) - SCM in safe mode. Healthy pipelines reported count is 0, required healthy pipeline reported count is 1
2022-11-08 11:40:37,938 [pool-95-thread-1] INFO  util.JmxRegister (JmxRegister.java:tryRegister(44)) - Successfully registered JMX Bean with object name Ratis:service=RaftServer,group=group-4BFA3488B6B4,id=426e857f-dbb4-4c86-998f-375273f8a445
2022-11-08 11:40:37,945 [pool-95-thread-1] INFO  server.RaftServerConfigKeys (ConfUtils.java:logGet(46)) - raft.server.snapshot.auto.trigger.enabled = true (custom)
2022-11-08 11:40:37,945 [pool-95-thread-1] INFO  server.RaftServerConfigKeys (ConfUtils.java:logGet(46)) - raft.server.snapshot.auto.trigger.threshold = 10000 (custom)
2022-11-08 11:40:37,945 [pool-95-thread-1] INFO  server.RaftServerConfigKeys (ConfUtils.java:logGet(46)) - raft.server.snapshot.retention.file.num = 5 (custom)
2022-11-08 11:40:37,945 [pool-95-thread-1] INFO  server.RaftServerConfigKeys (ConfUtils.java:logGet(46)) - raft.server.log.purge.upto.snapshot.index = false (default)
2022-11-08 11:40:37,946 [Command processor thread] INFO  ratis.XceiverServerRatis (XceiverServerRatis.java:addGroup(765)) - Created group PipelineID=0f1cc55d-69ca-4bde-9700-4bfa3488b6b4
2022-11-08 11:40:37,946 [Command processor thread] INFO  commandhandler.CreatePipelineCommandHandler (CreatePipelineCommandHandler.java:handle(113)) - Created Pipeline RATIS ONE PipelineID=0f1cc55d-69ca-4bde-9700-4bfa3488b6b4.
2022-11-08 11:40:37,956 [426e857f-dbb4-4c86-998f-375273f8a445@group-4BFA3488B6B4-FollowerState] INFO  server.RaftServerConfigKeys (ConfUtils.java:logFallback(53)) - raft.server.rpc.first-election.timeout.min = 5s (fallback to raft.server.rpc.timeout.min)
2022-11-08 11:40:37,956 [426e857f-dbb4-4c86-998f-375273f8a445@group-4BFA3488B6B4-FollowerState] INFO  server.RaftServerConfigKeys (ConfUtils.java:logFallback(53)) - raft.server.rpc.first-election.timeout.max = 5200ms (fallback to raft.server.rpc.timeout.max)
2022-11-08 11:40:37,957 [Command processor thread] INFO  server.RaftServer (RaftServerProxy.java:addNew(96)) - 426e857f-dbb4-4c86-998f-375273f8a445: addNew group-4F49288E7373:[dc5a192d-e9e0-46c7-8aee-58457d0752d8|rpc:10.1.0.111:39795|priority:0|startupRole:FOLLOWER, 426e857f-dbb4-4c86-998f-375273f8a445|rpc:10.1.0.111:32949|priority:1|startupRole:FOLLOWER, 9f3b593f-78c6-4294-9602-7cd55c8a4272|rpc:10.1.0.111:40339|priority:0|startupRole:FOLLOWER] returns group-4F49288E7373:java.util.concurrent.CompletableFuture@511a93f2[Not completed]
2022-11-08 11:40:37,964 [pool-95-thread-1] INFO  server.RaftServer$Division (RaftServerImpl.java:<init>(195)) - 426e857f-dbb4-4c86-998f-375273f8a445: new RaftServerImpl for group-4F49288E7373:[dc5a192d-e9e0-46c7-8aee-58457d0752d8|rpc:10.1.0.111:39795|priority:0|startupRole:FOLLOWER, 426e857f-dbb4-4c86-998f-375273f8a445|rpc:10.1.0.111:32949|priority:1|startupRole:FOLLOWER, 9f3b593f-78c6-4294-9602-7cd55c8a4272|rpc:10.1.0.111:40339|priority:0|startupRole:FOLLOWER] with ContainerStateMachine:uninitialized
2022-11-08 11:40:37,964 [pool-95-thread-1] INFO  server.RaftServerConfigKeys (ConfUtils.java:logGet(46)) - raft.server.rpc.timeout.min = 5s (custom)
2022-11-08 11:40:37,964 [pool-95-thread-1] INFO  server.RaftServerConfigKeys (ConfUtils.java:logGet(46)) - raft.server.rpc.timeout.max = 5200ms (custom)
2022-11-08 11:40:37,965 [pool-95-thread-1] INFO  server.RaftServerConfigKeys (ConfUtils.java:logGet(46)) - raft.server.rpc.sleep.time = 25ms (default)
2022-11-08 11:40:37,965 [pool-95-thread-1] INFO  server.RaftServerConfigKeys (ConfUtils.java:logGet(46)) - raft.server.rpc.slowness.timeout = 300s (custom)
2022-11-08 11:40:37,965 [pool-95-thread-1] INFO  server.RaftServerConfigKeys (ConfUtils.java:logGet(46)) - raft.server.leaderelection.leader.step-down.wait-time = 10s (default)
2022-11-08 11:40:37,965 [pool-95-thread-1] INFO  server.RaftServerConfigKeys (ConfUtils.java:logGet(46)) - raft.server.sleep.deviation.threshold = 300ms (default)
2022-11-08 11:40:37,965 [pool-95-thread-1] INFO  server.RaftServer$Division (ServerState.java:<init>(118)) - 426e857f-dbb4-4c86-998f-375273f8a445@group-4F49288E7373: ConfigurationManager, init=-1: peers:[dc5a192d-e9e0-46c7-8aee-58457d0752d8|rpc:10.1.0.111:39795|priority:0|startupRole:FOLLOWER, 426e857f-dbb4-4c86-998f-375273f8a445|rpc:10.1.0.111:32949|priority:1|startupRole:FOLLOWER, 9f3b593f-78c6-4294-9602-7cd55c8a4272|rpc:10.1.0.111:40339|priority:0|startupRole:FOLLOWER]|listeners:[], old=null, confs=<EMPTY_MAP>
2022-11-08 11:40:37,965 [pool-95-thread-1] INFO  server.RaftServerConfigKeys (ConfUtils.java:logGet(46)) - raft.server.storage.dir = [/home/runner/work/ozone/ozone/hadoop-ozone/integration-test/target/test-dir/MiniOzoneClusterImpl-c61d2d68-5505-4298-888d-dd71e22caacf/datanode-1/data/ratis] (custom)
2022-11-08 11:40:37,966 [pool-95-thread-1] INFO  server.RaftServerConfigKeys (ConfUtils.java:logGet(46)) - raft.server.log.corruption.policy = EXCEPTION (default)
2022-11-08 11:40:37,966 [pool-95-thread-1] INFO  server.RaftServerConfigKeys (ConfUtils.java:logGet(46)) - raft.server.storage.free-space.min = 0MB (=0) (default)
2022-11-08 11:40:37,966 [pool-95-thread-1] INFO  server.RaftServerConfigKeys (ConfUtils.java:logGet(46)) - raft.server.notification.no-leader.timeout = 300s (custom)
2022-11-08 11:40:37,966 [pool-95-thread-1] INFO  server.RaftServerConfigKeys (ConfUtils.java:logGet(46)) - raft.server.retrycache.expirytime = 600000ms (custom)
2022-11-08 11:40:37,967 [pool-95-thread-1] INFO  server.RaftServerConfigKeys (ConfUtils.java:logGet(46)) - raft.server.retrycache.statistics.expirytime = 100μs (default)
2022-11-08 11:40:37,973 [pool-95-thread-1] INFO  server.RaftServerConfigKeys (ConfUtils.java:logGet(46)) - raft.server.log.appender.install.snapshot.enabled = false (custom)
2022-11-08 11:40:37,973 [pool-95-thread-1] INFO  server.RaftServerConfigKeys (ConfUtils.java:logGet(46)) - raft.server.threadpool.server.cached = true (default)
2022-11-08 11:40:37,973 [pool-95-thread-1] INFO  server.RaftServerConfigKeys (ConfUtils.java:logGet(46)) - raft.server.threadpool.server.size = 0 (default)
2022-11-08 11:40:37,973 [pool-95-thread-1] INFO  server.RaftServerConfigKeys (ConfUtils.java:logGet(46)) - raft.server.threadpool.client.cached = true (default)
2022-11-08 11:40:37,973 [pool-95-thread-1] INFO  server.RaftServerConfigKeys (ConfUtils.java:logGet(46)) - raft.server.threadpool.client.size = 0 (default)
2022-11-08 11:40:37,973 [pool-95-thread-1] INFO  storage.RaftStorageDirectory (RaftStorageDirectoryImpl.java:analyzeStorage(137)) - The storage directory /home/runner/work/ozone/ozone/hadoop-ozone/integration-test/target/test-dir/MiniOzoneClusterImpl-c61d2d68-5505-4298-888d-dd71e22caacf/datanode-1/data/ratis/caa2970a-548d-4ab4-baf2-4f49288e7373 does not exist. Creating ...
2022-11-08 11:40:37,976 [pool-95-thread-1] INFO  storage.RaftStorageDirectory (RaftStorageDirectoryImpl.java:tryLock(231)) - Lock on /home/runner/work/ozone/ozone/hadoop-ozone/integration-test/target/test-dir/MiniOzoneClusterImpl-c61d2d68-5505-4298-888d-dd71e22caacf/datanode-1/data/ratis/caa2970a-548d-4ab4-baf2-4f49288e7373/in_use.lock acquired by nodename 12130@fv-az573-890
2022-11-08 11:40:37,978 [pool-95-thread-1] INFO  storage.RaftStorage (RaftStorageImpl.java:format(96)) - Storage directory /home/runner/work/ozone/ozone/hadoop-ozone/integration-test/target/test-dir/MiniOzoneClusterImpl-c61d2d68-5505-4298-888d-dd71e22caacf/datanode-1/data/ratis/caa2970a-548d-4ab4-baf2-4f49288e7373 has been successfully formatted.
2022-11-08 11:40:37,980 [pool-95-thread-1] INFO  ratis.ContainerStateMachine (ContainerStateMachine.java:loadSnapshot(236)) - group-4F49288E7373: The snapshot info is null. Setting the last applied indexto:(t:0, i:~)
2022-11-08 11:40:37,981 [EventQueue-OpenPipelineForHealthyPipelineSafeModeRule] INFO  safemode.SCMSafeModeManager (HealthyPipelineSafeModeRule.java:process(137)) - SCM in safe mode. Healthy pipelines reported count is 0, required healthy pipeline reported count is 1
2022-11-08 11:40:37,995 [pool-95-thread-1] INFO  server.RaftServerConfigKeys (ConfUtils.java:logGet(46)) - raft.server.log.use.memory = false (default)
2022-11-08 11:40:37,996 [pool-95-thread-1] INFO  server.RaftServerConfigKeys (ConfUtils.java:logGet(46)) - raft.server.log.purge.gap = 1000000 (custom)
2022-11-08 11:40:37,996 [pool-95-thread-1] INFO  server.RaftServerConfigKeys (ConfUtils.java:logGet(46)) - raft.server.log.appender.buffer.byte-limit = 33554432 (custom)
2022-11-08 11:40:37,996 [pool-95-thread-1] INFO  server.RaftServerConfigKeys (ConfUtils.java:logGet(46)) - raft.server.log.statemachine.data.read.timeout = 1000ms (default)
2022-11-08 11:40:37,996 [pool-95-thread-1] INFO  server.RaftServerConfigKeys (ConfUtils.java:logGet(46)) - raft.server.log.purge.preservation.log.num = 0 (default)
2022-11-08 11:40:37,996 [pool-95-thread-1] INFO  server.RaftServerConfigKeys (ConfUtils.java:logGet(46)) - raft.server.log.segment.size.max = 1048576 (custom)
2022-11-08 11:40:37,997 [pool-95-thread-1] INFO  server.RaftServerConfigKeys (ConfUtils.java:logGet(46)) - raft.server.log.segment.cache.num.max = 2 (custom)
2022-11-08 11:40:37,997 [pool-95-thread-1] INFO  server.RaftServerConfigKeys (ConfUtils.java:logGet(46)) - raft.server.log.segment.cache.size.max = 200MB (=209715200) (default)
2022-11-08 11:40:37,997 [pool-95-thread-1] INFO  segmented.SegmentedRaftLogWorker (SegmentedRaftLogWorker.java:<init>(191)) - new 426e857f-dbb4-4c86-998f-375273f8a445@group-4F49288E7373-SegmentedRaftLogWorker for RaftStorageImpl:Storage Directory /home/runner/work/ozone/ozone/hadoop-ozone/integration-test/target/test-dir/MiniOzoneClusterImpl-c61d2d68-5505-4298-888d-dd71e22caacf/datanode-1/data/ratis/caa2970a-548d-4ab4-baf2-4f49288e7373
2022-11-08 11:40:37,997 [pool-95-thread-1] INFO  server.RaftServerConfigKeys (ConfUtils.java:logGet(46)) - raft.server.log.queue.byte-limit = 4294967296 (custom)
2022-11-08 11:40:37,997 [pool-95-thread-1] INFO  server.RaftServerConfigKeys (ConfUtils.java:logGet(46)) - raft.server.log.queue.element-limit = 1024 (custom)
2022-11-08 11:40:37,998 [pool-95-thread-1] INFO  server.RaftServerConfigKeys (ConfUtils.java:logGet(46)) - raft.server.log.segment.size.max = 1048576 (custom)
2022-11-08 11:40:37,998 [pool-95-thread-1] INFO  server.RaftServerConfigKeys (ConfUtils.java:logGet(46)) - raft.server.log.preallocated.size = 16384 (custom)
2022-11-08 11:40:37,998 [pool-95-thread-1] INFO  server.RaftServerConfigKeys (ConfUtils.java:logGet(46)) - raft.server.log.force.sync.num = 128 (default)
2022-11-08 11:40:37,998 [pool-95-thread-1] INFO  server.RaftServerConfigKeys (ConfUtils.java:logGet(46)) - raft.server.log.statemachine.data.sync = true (default)
2022-11-08 11:40:37,998 [pool-95-thread-1] INFO  server.RaftServerConfigKeys (ConfUtils.java:logGet(46)) - raft.server.log.statemachine.data.sync.timeout = 10s (default)
2022-11-08 11:40:37,998 [pool-95-thread-1] INFO  server.RaftServerConfigKeys (ConfUtils.java:logGet(46)) - raft.server.log.statemachine.data.sync.timeout.retry = -1 (default)
2022-11-08 11:40:38,000 [pool-95-thread-1] INFO  server.RaftServerConfigKeys (ConfUtils.java:logGet(46)) - raft.server.log.write.buffer.size = 1048576 (custom)
2022-11-08 11:40:38,001 [pool-95-thread-1] INFO  server.RaftServerConfigKeys (ConfUtils.java:logGet(46)) - raft.server.log.unsafe-flush.enabled = false (default)
2022-11-08 11:40:38,001 [pool-95-thread-1] INFO  server.RaftServerConfigKeys (ConfUtils.java:logGet(46)) - raft.server.log.async-flush.enabled = false (default)
2022-11-08 11:40:38,001 [pool-95-thread-1] INFO  server.RaftServerConfigKeys (ConfUtils.java:logGet(46)) - raft.server.log.statemachine.data.caching.enabled = true (custom)
2022-11-08 11:40:38,002 [pool-95-thread-1] INFO  segmented.SegmentedRaftLogWorker (SegmentedRaftLogWorker.java:lambda$new$0(136)) - 426e857f-dbb4-4c86-998f-375273f8a445@group-4F49288E7373-SegmentedRaftLogWorker: flushIndex: setUnconditionally 0 -> -1
2022-11-08 11:40:38,002 [pool-95-thread-1] INFO  segmented.SegmentedRaftLogWorker (SegmentedRaftLogWorker.java:lambda$new$0(136)) - 426e857f-dbb4-4c86-998f-375273f8a445@group-4F49288E7373-SegmentedRaftLogWorker: safeCacheEvictIndex: setUnconditionally 0 -> -1
2022-11-08 11:40:38,007 [pool-95-thread-1] INFO  server.RaftServer$Division (RaftServerImpl.java:start(334)) - 426e857f-dbb4-4c86-998f-375273f8a445@group-4F49288E7373: start as a follower, conf=-1: peers:[dc5a192d-e9e0-46c7-8aee-58457d0752d8|rpc:10.1.0.111:39795|priority:0|startupRole:FOLLOWER, 426e857f-dbb4-4c86-998f-375273f8a445|rpc:10.1.0.111:32949|priority:1|startupRole:FOLLOWER, 9f3b593f-78c6-4294-9602-7cd55c8a4272|rpc:10.1.0.111:40339|priority:0|startupRole:FOLLOWER]|listeners:[], old=null
2022-11-08 11:40:38,007 [pool-95-thread-1] INFO  server.RaftServer$Division (RaftServerImpl.java:setRole(321)) - 426e857f-dbb4-4c86-998f-375273f8a445@group-4F49288E7373: changes role from      null to FOLLOWER at term 0 for startAsFollower
2022-11-08 11:40:38,008 [pool-95-thread-1] INFO  impl.RoleInfo (RoleInfo.java:updateAndGet(139)) - 426e857f-dbb4-4c86-998f-375273f8a445: start 426e857f-dbb4-4c86-998f-375273f8a445@group-4F49288E7373-FollowerState
2022-11-08 11:40:38,014 [pool-95-thread-1] INFO  util.JmxRegister (JmxRegister.java:tryRegister(44)) - Successfully registered JMX Bean with object name Ratis:service=RaftServer,group=group-4F49288E7373,id=426e857f-dbb4-4c86-998f-375273f8a445
2022-11-08 11:40:38,014 [pool-95-thread-1] INFO  server.RaftServerConfigKeys (ConfUtils.java:logGet(46)) - raft.server.snapshot.auto.trigger.enabled = true (custom)
2022-11-08 11:40:38,014 [pool-95-thread-1] INFO  server.RaftServerConfigKeys (ConfUtils.java:logGet(46)) - raft.server.snapshot.auto.trigger.threshold = 10000 (custom)
2022-11-08 11:40:38,014 [pool-95-thread-1] INFO  server.RaftServerConfigKeys (ConfUtils.java:logGet(46)) - raft.server.snapshot.retention.file.num = 5 (custom)
2022-11-08 11:40:38,015 [pool-95-thread-1] INFO  server.RaftServerConfigKeys (ConfUtils.java:logGet(46)) - raft.server.log.purge.upto.snapshot.index = false (default)
2022-11-08 11:40:38,015 [426e857f-dbb4-4c86-998f-375273f8a445@group-4F49288E7373-FollowerState] INFO  server.RaftServerConfigKeys (ConfUtils.java:logFallback(53)) - raft.server.rpc.first-election.timeout.min = 5s (fallback to raft.server.rpc.timeout.min)
2022-11-08 11:40:38,015 [426e857f-dbb4-4c86-998f-375273f8a445@group-4F49288E7373-FollowerState] INFO  server.RaftServerConfigKeys (ConfUtils.java:logFallback(53)) - raft.server.rpc.first-election.timeout.max = 5200ms (fallback to raft.server.rpc.timeout.max)
2022-11-08 11:40:38,017 [Command processor thread] INFO  ratis.XceiverServerRatis (XceiverServerRatis.java:addGroup(765)) - Created group PipelineID=caa2970a-548d-4ab4-baf2-4f49288e7373
2022-11-08 11:40:38,127 [grpc-default-executor-0] INFO  server.RaftServer (RaftServerProxy.java:addNew(96)) - 9f3b593f-78c6-4294-9602-7cd55c8a4272: addNew group-4F49288E7373:[dc5a192d-e9e0-46c7-8aee-58457d0752d8|rpc:10.1.0.111:39795|dataStream:|priority:0|startupRole:FOLLOWER, 426e857f-dbb4-4c86-998f-375273f8a445|rpc:10.1.0.111:32949|dataStream:|priority:1|startupRole:FOLLOWER, 9f3b593f-78c6-4294-9602-7cd55c8a4272|rpc:10.1.0.111:40339|dataStream:|priority:0|startupRole:FOLLOWER] returns group-4F49288E7373:java.util.concurrent.CompletableFuture@2a335261[Not completed]
2022-11-08 11:40:38,136 [pool-118-thread-1] INFO  server.RaftServer$Division (RaftServerImpl.java:<init>(195)) - 9f3b593f-78c6-4294-9602-7cd55c8a4272: new RaftServerImpl for group-4F49288E7373:[dc5a192d-e9e0-46c7-8aee-58457d0752d8|rpc:10.1.0.111:39795|dataStream:|priority:0|startupRole:FOLLOWER, 426e857f-dbb4-4c86-998f-375273f8a445|rpc:10.1.0.111:32949|dataStream:|priority:1|startupRole:FOLLOWER, 9f3b593f-78c6-4294-9602-7cd55c8a4272|rpc:10.1.0.111:40339|dataStream:|priority:0|startupRole:FOLLOWER] with ContainerStateMachine:uninitialized
2022-11-08 11:40:38,137 [pool-118-thread-1] INFO  server.RaftServerConfigKeys (ConfUtils.java:logGet(46)) - raft.server.rpc.timeout.min = 5s (custom)
2022-11-08 11:40:38,137 [pool-118-thread-1] INFO  server.RaftServerConfigKeys (ConfUtils.java:logGet(46)) - raft.server.rpc.timeout.max = 5200ms (custom)
2022-11-08 11:40:38,137 [pool-118-thread-1] INFO  server.RaftServerConfigKeys (ConfUtils.java:logGet(46)) - raft.server.rpc.sleep.time = 25ms (default)
2022-11-08 11:40:38,137 [pool-118-thread-1] INFO  server.RaftServerConfigKeys (ConfUtils.java:logGet(46)) - raft.server.rpc.slowness.timeout = 300s (custom)
2022-11-08 11:40:38,137 [pool-118-thread-1] INFO  server.RaftServerConfigKeys (ConfUtils.java:logGet(46)) - raft.server.leaderelection.leader.step-down.wait-time = 10s (default)
2022-11-08 11:40:38,137 [pool-118-thread-1] INFO  server.RaftServerConfigKeys (ConfUtils.java:logGet(46)) - raft.server.sleep.deviation.threshold = 300ms (default)
2022-11-08 11:40:38,137 [pool-118-thread-1] INFO  server.RaftServer$Division (ServerState.java:<init>(118)) - 9f3b593f-78c6-4294-9602-7cd55c8a4272@group-4F49288E7373: ConfigurationManager, init=-1: peers:[dc5a192d-e9e0-46c7-8aee-58457d0752d8|rpc:10.1.0.111:39795|dataStream:|priority:0|startupRole:FOLLOWER, 426e857f-dbb4-4c86-998f-375273f8a445|rpc:10.1.0.111:32949|dataStream:|priority:1|startupRole:FOLLOWER, 9f3b593f-78c6-4294-9602-7cd55c8a4272|rpc:10.1.0.111:40339|dataStream:|priority:0|startupRole:FOLLOWER]|listeners:[], old=null, confs=<EMPTY_MAP>
2022-11-08 11:40:38,137 [pool-118-thread-1] INFO  server.RaftServerConfigKeys (ConfUtils.java:logGet(46)) - raft.server.storage.dir = [/home/runner/work/ozone/ozone/hadoop-ozone/integration-test/target/test-dir/MiniOzoneClusterImpl-c61d2d68-5505-4298-888d-dd71e22caacf/datanode-2/data/ratis] (custom)
2022-11-08 11:40:38,138 [pool-118-thread-1] INFO  server.RaftServerConfigKeys (ConfUtils.java:logGet(46)) - raft.server.log.corruption.policy = EXCEPTION (default)
2022-11-08 11:40:38,138 [pool-118-thread-1] INFO  server.RaftServerConfigKeys (ConfUtils.java:logGet(46)) - raft.server.storage.free-space.min = 0MB (=0) (default)
2022-11-08 11:40:38,138 [pool-118-thread-1] INFO  server.RaftServerConfigKeys (ConfUtils.java:logGet(46)) - raft.server.notification.no-leader.timeout = 300s (custom)
2022-11-08 11:40:38,138 [pool-118-thread-1] INFO  server.RaftServerConfigKeys (ConfUtils.java:logGet(46)) - raft.server.retrycache.expirytime = 600000ms (custom)
2022-11-08 11:40:38,138 [pool-118-thread-1] INFO  server.RaftServerConfigKeys (ConfUtils.java:logGet(46)) - raft.server.retrycache.statistics.expirytime = 100μs (default)
2022-11-08 11:40:38,153 [pool-118-thread-1] INFO  server.RaftServerConfigKeys (ConfUtils.java:logGet(46)) - raft.server.log.appender.install.snapshot.enabled = false (custom)
2022-11-08 11:40:38,153 [pool-118-thread-1] INFO  server.RaftServerConfigKeys (ConfUtils.java:logGet(46)) - raft.server.threadpool.server.cached = true (default)
2022-11-08 11:40:38,153 [pool-118-thread-1] INFO  server.RaftServerConfigKeys (ConfUtils.java:logGet(46)) - raft.server.threadpool.server.size = 0 (default)
2022-11-08 11:40:38,153 [pool-118-thread-1] INFO  server.RaftServerConfigKeys (ConfUtils.java:logGet(46)) - raft.server.threadpool.client.cached = true (default)
2022-11-08 11:40:38,153 [pool-118-thread-1] INFO  server.RaftServerConfigKeys (ConfUtils.java:logGet(46)) - raft.server.threadpool.client.size = 0 (default)
2022-11-08 11:40:38,153 [pool-118-thread-1] INFO  storage.RaftStorageDirectory (RaftStorageDirectoryImpl.java:analyzeStorage(137)) - The storage directory /home/runner/work/ozone/ozone/hadoop-ozone/integration-test/target/test-dir/MiniOzoneClusterImpl-c61d2d68-5505-4298-888d-dd71e22caacf/datanode-2/data/ratis/caa2970a-548d-4ab4-baf2-4f49288e7373 does not exist. Creating ...
2022-11-08 11:40:38,155 [pool-118-thread-1] INFO  storage.RaftStorageDirectory (RaftStorageDirectoryImpl.java:tryLock(231)) - Lock on /home/runner/work/ozone/ozone/hadoop-ozone/integration-test/target/test-dir/MiniOzoneClusterImpl-c61d2d68-5505-4298-888d-dd71e22caacf/datanode-2/data/ratis/caa2970a-548d-4ab4-baf2-4f49288e7373/in_use.lock acquired by nodename 12130@fv-az573-890
2022-11-08 11:40:38,157 [pool-118-thread-1] INFO  storage.RaftStorage (RaftStorageImpl.java:format(96)) - Storage directory /home/runner/work/ozone/ozone/hadoop-ozone/integration-test/target/test-dir/MiniOzoneClusterImpl-c61d2d68-5505-4298-888d-dd71e22caacf/datanode-2/data/ratis/caa2970a-548d-4ab4-baf2-4f49288e7373 has been successfully formatted.
2022-11-08 11:40:38,164 [pool-118-thread-1] INFO  ratis.ContainerStateMachine (ContainerStateMachine.java:loadSnapshot(236)) - group-4F49288E7373: The snapshot info is null. Setting the last applied indexto:(t:0, i:~)
2022-11-08 11:40:38,165 [pool-118-thread-1] INFO  server.RaftServerConfigKeys (ConfUtils.java:logGet(46)) - raft.server.log.use.memory = false (default)
2022-11-08 11:40:38,165 [pool-118-thread-1] INFO  server.RaftServerConfigKeys (ConfUtils.java:logGet(46)) - raft.server.log.purge.gap = 1000000 (custom)
2022-11-08 11:40:38,165 [pool-118-thread-1] INFO  server.RaftServerConfigKeys (ConfUtils.java:logGet(46)) - raft.server.log.appender.buffer.byte-limit = 33554432 (custom)
2022-11-08 11:40:38,165 [pool-118-thread-1] INFO  server.RaftServerConfigKeys (ConfUtils.java:logGet(46)) - raft.server.log.statemachine.data.read.timeout = 1000ms (default)
2022-11-08 11:40:38,165 [pool-118-thread-1] INFO  server.RaftServerConfigKeys (ConfUtils.java:logGet(46)) - raft.server.log.purge.preservation.log.num = 0 (default)
2022-11-08 11:40:38,165 [pool-118-thread-1] INFO  server.RaftServerConfigKeys (ConfUtils.java:logGet(46)) - raft.server.log.segment.size.max = 1048576 (custom)
2022-11-08 11:40:38,174 [pool-118-thread-1] INFO  server.RaftServerConfigKeys (ConfUtils.java:logGet(46)) - raft.server.log.segment.cache.num.max = 2 (custom)
2022-11-08 11:40:38,179 [pool-118-thread-1] INFO  server.RaftServerConfigKeys (ConfUtils.java:logGet(46)) - raft.server.log.segment.cache.size.max = 200MB (=209715200) (default)
2022-11-08 11:40:38,179 [pool-118-thread-1] INFO  segmented.SegmentedRaftLogWorker (SegmentedRaftLogWorker.java:<init>(191)) - new 9f3b593f-78c6-4294-9602-7cd55c8a4272@group-4F49288E7373-SegmentedRaftLogWorker for RaftStorageImpl:Storage Directory /home/runner/work/ozone/ozone/hadoop-ozone/integration-test/target/test-dir/MiniOzoneClusterImpl-c61d2d68-5505-4298-888d-dd71e22caacf/datanode-2/data/ratis/caa2970a-548d-4ab4-baf2-4f49288e7373
2022-11-08 11:40:38,179 [pool-118-thread-1] INFO  server.RaftServerConfigKeys (ConfUtils.java:logGet(46)) - raft.server.log.queue.byte-limit = 4294967296 (custom)
2022-11-08 11:40:38,179 [pool-118-thread-1] INFO  server.RaftServerConfigKeys (ConfUtils.java:logGet(46)) - raft.server.log.queue.element-limit = 1024 (custom)
2022-11-08 11:40:38,179 [pool-118-thread-1] INFO  server.RaftServerConfigKeys (ConfUtils.java:logGet(46)) - raft.server.log.segment.size.max = 1048576 (custom)
2022-11-08 11:40:38,179 [pool-118-thread-1] INFO  server.RaftServerConfigKeys (ConfUtils.java:logGet(46)) - raft.server.log.preallocated.size = 16384 (custom)
2022-11-08 11:40:38,181 [pool-118-thread-1] INFO  server.RaftServerConfigKeys (ConfUtils.java:logGet(46)) - raft.server.log.force.sync.num = 128 (default)
2022-11-08 11:40:38,181 [pool-118-thread-1] INFO  server.RaftServerConfigKeys (ConfUtils.java:logGet(46)) - raft.server.log.statemachine.data.sync = true (default)
2022-11-08 11:40:38,181 [pool-118-thread-1] INFO  server.RaftServerConfigKeys (ConfUtils.java:logGet(46)) - raft.server.log.statemachine.data.sync.timeout = 10s (default)
2022-11-08 11:40:38,181 [pool-118-thread-1] INFO  server.RaftServerConfigKeys (ConfUtils.java:logGet(46)) - raft.server.log.statemachine.data.sync.timeout.retry = -1 (default)
2022-11-08 11:40:38,186 [pool-118-thread-1] INFO  server.RaftServerConfigKeys (ConfUtils.java:logGet(46)) - raft.server.log.write.buffer.size = 1048576 (custom)
2022-11-08 11:40:38,190 [pool-118-thread-1] INFO  server.RaftServerConfigKeys (ConfUtils.java:logGet(46)) - raft.server.log.unsafe-flush.enabled = false (default)
2022-11-08 11:40:38,190 [pool-118-thread-1] INFO  server.RaftServerConfigKeys (ConfUtils.java:logGet(46)) - raft.server.log.async-flush.enabled = false (default)
2022-11-08 11:40:38,190 [pool-118-thread-1] INFO  server.RaftServerConfigKeys (ConfUtils.java:logGet(46)) - raft.server.log.statemachine.data.caching.enabled = true (custom)
2022-11-08 11:40:38,190 [pool-118-thread-1] INFO  segmented.SegmentedRaftLogWorker (SegmentedRaftLogWorker.java:lambda$new$0(136)) - 9f3b593f-78c6-4294-9602-7cd55c8a4272@group-4F49288E7373-SegmentedRaftLogWorker: flushIndex: setUnconditionally 0 -> -1
2022-11-08 11:40:38,190 [pool-118-thread-1] INFO  segmented.SegmentedRaftLogWorker (SegmentedRaftLogWorker.java:lambda$new$0(136)) - 9f3b593f-78c6-4294-9602-7cd55c8a4272@group-4F49288E7373-SegmentedRaftLogWorker: safeCacheEvictIndex: setUnconditionally 0 -> -1
2022-11-08 11:40:38,213 [pool-118-thread-1] INFO  server.RaftServer$Division (RaftServerImpl.java:start(334)) - 9f3b593f-78c6-4294-9602-7cd55c8a4272@group-4F49288E7373: start as a follower, conf=-1: peers:[dc5a192d-e9e0-46c7-8aee-58457d0752d8|rpc:10.1.0.111:39795|dataStream:|priority:0|startupRole:FOLLOWER, 426e857f-dbb4-4c86-998f-375273f8a445|rpc:10.1.0.111:32949|dataStream:|priority:1|startupRole:FOLLOWER, 9f3b593f-78c6-4294-9602-7cd55c8a4272|rpc:10.1.0.111:40339|dataStream:|priority:0|startupRole:FOLLOWER]|listeners:[], old=null
2022-11-08 11:40:38,213 [pool-118-thread-1] INFO  server.RaftServer$Division (RaftServerImpl.java:setRole(321)) - 9f3b593f-78c6-4294-9602-7cd55c8a4272@group-4F49288E7373: changes role from      null to FOLLOWER at term 0 for startAsFollower
2022-11-08 11:40:38,213 [pool-118-thread-1] INFO  impl.RoleInfo (RoleInfo.java:updateAndGet(139)) - 9f3b593f-78c6-4294-9602-7cd55c8a4272: start 9f3b593f-78c6-4294-9602-7cd55c8a4272@group-4F49288E7373-FollowerState
2022-11-08 11:40:38,224 [pool-118-thread-1] INFO  util.JmxRegister (JmxRegister.java:tryRegister(44)) - Successfully registered JMX Bean with object name Ratis:service=RaftServer,group=group-4F49288E7373,id=9f3b593f-78c6-4294-9602-7cd55c8a4272
2022-11-08 11:40:38,224 [pool-118-thread-1] INFO  server.RaftServerConfigKeys (ConfUtils.java:logGet(46)) - raft.server.snapshot.auto.trigger.enabled = true (custom)
2022-11-08 11:40:38,224 [pool-118-thread-1] INFO  server.RaftServerConfigKeys (ConfUtils.java:logGet(46)) - raft.server.snapshot.auto.trigger.threshold = 10000 (custom)
2022-11-08 11:40:38,224 [pool-118-thread-1] INFO  server.RaftServerConfigKeys (ConfUtils.java:logGet(46)) - raft.server.snapshot.retention.file.num = 5 (custom)
2022-11-08 11:40:38,224 [pool-118-thread-1] INFO  server.RaftServerConfigKeys (ConfUtils.java:logGet(46)) - raft.server.log.purge.upto.snapshot.index = false (default)
2022-11-08 11:40:38,226 [9f3b593f-78c6-4294-9602-7cd55c8a4272@group-4F49288E7373-FollowerState] INFO  server.RaftServerConfigKeys (ConfUtils.java:logFallback(53)) - raft.server.rpc.first-election.timeout.min = 5s (fallback to raft.server.rpc.timeout.min)
2022-11-08 11:40:38,233 [9f3b593f-78c6-4294-9602-7cd55c8a4272@group-4F49288E7373-FollowerState] INFO  server.RaftServerConfigKeys (ConfUtils.java:logFallback(53)) - raft.server.rpc.first-election.timeout.max = 5200ms (fallback to raft.server.rpc.timeout.max)
2022-11-08 11:40:38,286 [Command processor thread] INFO  server.RaftServer (RaftServerProxy.java:addNew(96)) - 9f3b593f-78c6-4294-9602-7cd55c8a4272: addNew group-2DA01F554C99:[9f3b593f-78c6-4294-9602-7cd55c8a4272|rpc:10.1.0.111:40339|priority:1|startupRole:FOLLOWER] returns group-2DA01F554C99:java.util.concurrent.CompletableFuture@6dad9b53[Not completed]
2022-11-08 11:40:38,288 [pool-118-thread-1] INFO  server.RaftServer$Division (RaftServerImpl.java:<init>(195)) - 9f3b593f-78c6-4294-9602-7cd55c8a4272: new RaftServerImpl for group-2DA01F554C99:[9f3b593f-78c6-4294-9602-7cd55c8a4272|rpc:10.1.0.111:40339|priority:1|startupRole:FOLLOWER] with ContainerStateMachine:uninitialized
2022-11-08 11:40:38,288 [pool-118-thread-1] INFO  server.RaftServerConfigKeys (ConfUtils.java:logGet(46)) - raft.server.rpc.timeout.min = 5s (custom)
2022-11-08 11:40:38,288 [pool-118-thread-1] INFO  server.RaftServerConfigKeys (ConfUtils.java:logGet(46)) - raft.server.rpc.timeout.max = 5200ms (custom)
2022-11-08 11:40:38,288 [pool-118-thread-1] INFO  server.RaftServerConfigKeys (ConfUtils.java:logGet(46)) - raft.server.rpc.sleep.time = 25ms (default)
2022-11-08 11:40:38,288 [pool-118-thread-1] INFO  server.RaftServerConfigKeys (ConfUtils.java:logGet(46)) - raft.server.rpc.slowness.timeout = 300s (custom)
2022-11-08 11:40:38,288 [pool-118-thread-1] INFO  server.RaftServerConfigKeys (ConfUtils.java:logGet(46)) - raft.server.leaderelection.leader.step-down.wait-time = 10s (default)
2022-11-08 11:40:38,288 [pool-118-thread-1] INFO  server.RaftServerConfigKeys (ConfUtils.java:logGet(46)) - raft.server.sleep.deviation.threshold = 300ms (default)
2022-11-08 11:40:38,288 [pool-118-thread-1] INFO  server.RaftServer$Division (ServerState.java:<init>(118)) - 9f3b593f-78c6-4294-9602-7cd55c8a4272@group-2DA01F554C99: ConfigurationManager, init=-1: peers:[9f3b593f-78c6-4294-9602-7cd55c8a4272|rpc:10.1.0.111:40339|priority:1|startupRole:FOLLOWER]|listeners:[], old=null, confs=<EMPTY_MAP>
2022-11-08 11:40:38,289 [pool-118-thread-1] INFO  server.RaftServerConfigKeys (ConfUtils.java:logGet(46)) - raft.server.storage.dir = [/home/runner/work/ozone/ozone/hadoop-ozone/integration-test/target/test-dir/MiniOzoneClusterImpl-c61d2d68-5505-4298-888d-dd71e22caacf/datanode-2/data/ratis] (custom)
2022-11-08 11:40:38,289 [pool-118-thread-1] INFO  server.RaftServerConfigKeys (ConfUtils.java:logGet(46)) - raft.server.log.corruption.policy = EXCEPTION (default)
2022-11-08 11:40:38,289 [pool-118-thread-1] INFO  server.RaftServerConfigKeys (ConfUtils.java:logGet(46)) - raft.server.storage.free-space.min = 0MB (=0) (default)
2022-11-08 11:40:38,289 [pool-118-thread-1] INFO  server.RaftServerConfigKeys (ConfUtils.java:logGet(46)) - raft.server.notification.no-leader.timeout = 300s (custom)
2022-11-08 11:40:38,289 [pool-118-thread-1] INFO  server.RaftServerConfigKeys (ConfUtils.java:logGet(46)) - raft.server.retrycache.expirytime = 600000ms (custom)
2022-11-08 11:40:38,289 [pool-118-thread-1] INFO  server.RaftServerConfigKeys (ConfUtils.java:logGet(46)) - raft.server.retrycache.statistics.expirytime = 100μs (default)
2022-11-08 11:40:38,301 [Command processor thread] INFO  commandhandler.CreatePipelineCommandHandler (CreatePipelineCommandHandler.java:handle(113)) - Created Pipeline RATIS THREE PipelineID=caa2970a-548d-4ab4-baf2-4f49288e7373.
2022-11-08 11:40:38,301 [pool-118-thread-1] INFO  server.RaftServerConfigKeys (ConfUtils.java:logGet(46)) - raft.server.log.appender.install.snapshot.enabled = false (custom)
2022-11-08 11:40:38,301 [pool-118-thread-1] INFO  server.RaftServerConfigKeys (ConfUtils.java:logGet(46)) - raft.server.threadpool.server.cached = true (default)
2022-11-08 11:40:38,301 [pool-118-thread-1] INFO  server.RaftServerConfigKeys (ConfUtils.java:logGet(46)) - raft.server.threadpool.server.size = 0 (default)
2022-11-08 11:40:38,301 [pool-118-thread-1] INFO  server.RaftServerConfigKeys (ConfUtils.java:logGet(46)) - raft.server.threadpool.client.cached = true (default)
2022-11-08 11:40:38,301 [pool-118-thread-1] INFO  server.RaftServerConfigKeys (ConfUtils.java:logGet(46)) - raft.server.threadpool.client.size = 0 (default)
2022-11-08 11:40:38,302 [pool-118-thread-1] INFO  storage.RaftStorageDirectory (RaftStorageDirectoryImpl.java:analyzeStorage(137)) - The storage directory /home/runner/work/ozone/ozone/hadoop-ozone/integration-test/target/test-dir/MiniOzoneClusterImpl-c61d2d68-5505-4298-888d-dd71e22caacf/datanode-2/data/ratis/32b51a84-a759-4ba0-9161-2da01f554c99 does not exist. Creating ...
2022-11-08 11:40:38,302 [pool-72-thread-1] INFO  server.RaftServer$Division (RaftServerImpl.java:<init>(195)) - dc5a192d-e9e0-46c7-8aee-58457d0752d8: new RaftServerImpl for group-F47049CF8CE3:[dc5a192d-e9e0-46c7-8aee-58457d0752d8|rpc:10.1.0.111:39795|priority:1|startupRole:FOLLOWER, 426e857f-dbb4-4c86-998f-375273f8a445|rpc:10.1.0.111:32949|priority:0|startupRole:FOLLOWER, 9f3b593f-78c6-4294-9602-7cd55c8a4272|rpc:10.1.0.111:40339|priority:0|startupRole:FOLLOWER] with ContainerStateMachine:uninitialized
2022-11-08 11:40:38,302 [pool-72-thread-1] INFO  server.RaftServerConfigKeys (ConfUtils.java:logGet(46)) - raft.server.rpc.timeout.min = 5s (custom)
2022-11-08 11:40:38,302 [pool-72-thread-1] INFO  server.RaftServerConfigKeys (ConfUtils.java:logGet(46)) - raft.server.rpc.timeout.max = 5200ms (custom)
2022-11-08 11:40:38,302 [pool-72-thread-1] INFO  server.RaftServerConfigKeys (ConfUtils.java:logGet(46)) - raft.server.rpc.sleep.time = 25ms (default)
2022-11-08 11:40:38,302 [pool-72-thread-1] INFO  server.RaftServerConfigKeys (ConfUtils.java:logGet(46)) - raft.server.rpc.slowness.timeout = 300s (custom)
2022-11-08 11:40:38,303 [pool-72-thread-1] INFO  server.RaftServerConfigKeys (ConfUtils.java:logGet(46)) - raft.server.leaderelection.leader.step-down.wait-time = 10s (default)
2022-11-08 11:40:38,303 [pool-72-thread-1] INFO  server.RaftServerConfigKeys (ConfUtils.java:logGet(46)) - raft.server.sleep.deviation.threshold = 300ms (default)
2022-11-08 11:40:38,303 [pool-72-thread-1] INFO  server.RaftServer$Division (ServerState.java:<init>(118)) - dc5a192d-e9e0-46c7-8aee-58457d0752d8@group-F47049CF8CE3: ConfigurationManager, init=-1: peers:[dc5a192d-e9e0-46c7-8aee-58457d0752d8|rpc:10.1.0.111:39795|priority:1|startupRole:FOLLOWER, 426e857f-dbb4-4c86-998f-375273f8a445|rpc:10.1.0.111:32949|priority:0|startupRole:FOLLOWER, 9f3b593f-78c6-4294-9602-7cd55c8a4272|rpc:10.1.0.111:40339|priority:0|startupRole:FOLLOWER]|listeners:[], old=null, confs=<EMPTY_MAP>
2022-11-08 11:40:38,303 [pool-72-thread-1] INFO  server.RaftServerConfigKeys (ConfUtils.java:logGet(46)) - raft.server.storage.dir = [/home/runner/work/ozone/ozone/hadoop-ozone/integration-test/target/test-dir/MiniOzoneClusterImpl-c61d2d68-5505-4298-888d-dd71e22caacf/datanode-0/data/ratis] (custom)
2022-11-08 11:40:38,303 [pool-72-thread-1] INFO  server.RaftServerConfigKeys (ConfUtils.java:logGet(46)) - raft.server.log.corruption.policy = EXCEPTION (default)
2022-11-08 11:40:38,303 [pool-72-thread-1] INFO  server.RaftServerConfigKeys (ConfUtils.java:logGet(46)) - raft.server.storage.free-space.min = 0MB (=0) (default)
2022-11-08 11:40:38,303 [pool-72-thread-1] INFO  server.RaftServerConfigKeys (ConfUtils.java:logGet(46)) - raft.server.notification.no-leader.timeout = 300s (custom)
2022-11-08 11:40:38,304 [pool-72-thread-1] INFO  server.RaftServerConfigKeys (ConfUtils.java:logGet(46)) - raft.server.retrycache.expirytime = 600000ms (custom)
2022-11-08 11:40:38,304 [pool-72-thread-1] INFO  server.RaftServerConfigKeys (ConfUtils.java:logGet(46)) - raft.server.retrycache.statistics.expirytime = 100μs (default)
2022-11-08 11:40:38,305 [pool-72-thread-1] INFO  server.RaftServerConfigKeys (ConfUtils.java:logGet(46)) - raft.server.log.appender.install.snapshot.enabled = false (custom)
2022-11-08 11:40:38,305 [pool-72-thread-1] INFO  server.RaftServerConfigKeys (ConfUtils.java:logGet(46)) - raft.server.threadpool.server.cached = true (default)
2022-11-08 11:40:38,305 [pool-72-thread-1] INFO  server.RaftServerConfigKeys (ConfUtils.java:logGet(46)) - raft.server.threadpool.server.size = 0 (default)
2022-11-08 11:40:38,305 [pool-72-thread-1] INFO  server.RaftServerConfigKeys (ConfUtils.java:logGet(46)) - raft.server.threadpool.client.cached = true (default)
2022-11-08 11:40:38,306 [pool-72-thread-1] INFO  server.RaftServerConfigKeys (ConfUtils.java:logGet(46)) - raft.server.threadpool.client.size = 0 (default)
2022-11-08 11:40:38,306 [Command processor thread] INFO  server.RaftServer (RaftServerProxy.java:addNew(96)) - dc5a192d-e9e0-46c7-8aee-58457d0752d8: addNew group-F47049CF8CE3:[dc5a192d-e9e0-46c7-8aee-58457d0752d8|rpc:10.1.0.111:39795|priority:1|startupRole:FOLLOWER, 426e857f-dbb4-4c86-998f-375273f8a445|rpc:10.1.0.111:32949|priority:0|startupRole:FOLLOWER, 9f3b593f-78c6-4294-9602-7cd55c8a4272|rpc:10.1.0.111:40339|priority:0|startupRole:FOLLOWER] returns      null dc5a192d-e9e0-46c7-8aee-58457d0752d8@group-F47049CF8CE3:t0, leader=null, voted=null, raftlog=UNINITIALIZED, conf=-1: peers:[dc5a192d-e9e0-46c7-8aee-58457d0752d8|rpc:10.1.0.111:39795|priority:1|startupRole:FOLLOWER, 426e857f-dbb4-4c86-998f-375273f8a445|rpc:10.1.0.111:32949|priority:0|startupRole:FOLLOWER, 9f3b593f-78c6-4294-9602-7cd55c8a4272|rpc:10.1.0.111:40339|priority:0|startupRole:FOLLOWER]|listeners:[], old=null NEW
2022-11-08 11:40:38,303 [pool-118-thread-1] INFO  storage.RaftStorageDirectory (RaftStorageDirectoryImpl.java:tryLock(231)) - Lock on /home/runner/work/ozone/ozone/hadoop-ozone/integration-test/target/test-dir/MiniOzoneClusterImpl-c61d2d68-5505-4298-888d-dd71e22caacf/datanode-2/data/ratis/32b51a84-a759-4ba0-9161-2da01f554c99/in_use.lock acquired by nodename 12130@fv-az573-890
2022-11-08 11:40:38,312 [pool-72-thread-1] INFO  storage.RaftStorageDirectory (RaftStorageDirectoryImpl.java:analyzeStorage(137)) - The storage directory /home/runner/work/ozone/ozone/hadoop-ozone/integration-test/target/test-dir/MiniOzoneClusterImpl-c61d2d68-5505-4298-888d-dd71e22caacf/datanode-0/data/ratis/cc5c7c1f-499c-4037-8091-f47049cf8ce3 does not exist. Creating ...
2022-11-08 11:40:38,318 [pool-118-thread-1] INFO  storage.RaftStorage (RaftStorageImpl.java:format(96)) - Storage directory /home/runner/work/ozone/ozone/hadoop-ozone/integration-test/target/test-dir/MiniOzoneClusterImpl-c61d2d68-5505-4298-888d-dd71e22caacf/datanode-2/data/ratis/32b51a84-a759-4ba0-9161-2da01f554c99 has been successfully formatted.
2022-11-08 11:40:38,319 [pool-118-thread-1] INFO  ratis.ContainerStateMachine (ContainerStateMachine.java:loadSnapshot(236)) - group-2DA01F554C99: The snapshot info is null. Setting the last applied indexto:(t:0, i:~)
2022-11-08 11:40:38,319 [pool-118-thread-1] INFO  server.RaftServerConfigKeys (ConfUtils.java:logGet(46)) - raft.server.log.use.memory = false (default)
2022-11-08 11:40:38,320 [pool-118-thread-1] INFO  server.RaftServerConfigKeys (ConfUtils.java:logGet(46)) - raft.server.log.purge.gap = 1000000 (custom)
2022-11-08 11:40:38,320 [pool-118-thread-1] INFO  server.RaftServerConfigKeys (ConfUtils.java:logGet(46)) - raft.server.log.appender.buffer.byte-limit = 33554432 (custom)
2022-11-08 11:40:38,320 [pool-118-thread-1] INFO  server.RaftServerConfigKeys (ConfUtils.java:logGet(46)) - raft.server.log.statemachine.data.read.timeout = 1000ms (default)
2022-11-08 11:40:38,320 [pool-118-thread-1] INFO  server.RaftServerConfigKeys (ConfUtils.java:logGet(46)) - raft.server.log.purge.preservation.log.num = 0 (default)
2022-11-08 11:40:38,320 [pool-118-thread-1] INFO  server.RaftServerConfigKeys (ConfUtils.java:logGet(46)) - raft.server.log.segment.size.max = 1048576 (custom)
2022-11-08 11:40:38,319 [pool-72-thread-1] INFO  storage.RaftStorageDirectory (RaftStorageDirectoryImpl.java:tryLock(231)) - Lock on /home/runner/work/ozone/ozone/hadoop-ozone/integration-test/target/test-dir/MiniOzoneClusterImpl-c61d2d68-5505-4298-888d-dd71e22caacf/datanode-0/data/ratis/cc5c7c1f-499c-4037-8091-f47049cf8ce3/in_use.lock acquired by nodename 12130@fv-az573-890
2022-11-08 11:40:38,323 [EventQueue-PipelineReportForPipelineReportHandler] INFO  pipeline.PipelineManagerImpl (PipelineManagerImpl.java:openPipeline(367)) - Pipeline Pipeline[ Id: 32b51a84-a759-4ba0-9161-2da01f554c99, Nodes: 9f3b593f-78c6-4294-9602-7cd55c8a4272{ip: 10.1.0.111, host: fv-az573-890.uspngagyt4suddso0aj1djjezg.dx.internal.cloudapp.net, ports: [REPLICATION=43727, RATIS=40339, RATIS_ADMIN=40339, RATIS_SERVER=40339, STANDALONE=34747], networkLocation: /default-rack, certSerialId: null, persistedOpState: IN_SERVICE, persistedOpStateExpiryEpochSec: 0}, ReplicationConfig: RATIS/ONE, State:ALLOCATED, leaderId:9f3b593f-78c6-4294-9602-7cd55c8a4272, CreationTimestamp2022-11-08T11:40:35.292Z[Etc/UTC]] moved to OPEN state
2022-11-08 11:40:38,322 [pool-118-thread-1] INFO  server.RaftServerConfigKeys (ConfUtils.java:logGet(46)) - raft.server.log.segment.cache.num.max = 2 (custom)
2022-11-08 11:40:38,325 [pool-118-thread-1] INFO  server.RaftServerConfigKeys (ConfUtils.java:logGet(46)) - raft.server.log.segment.cache.size.max = 200MB (=209715200) (default)
2022-11-08 11:40:38,326 [EventQueue-OpenPipelineForHealthyPipelineSafeModeRule] INFO  safemode.SCMSafeModeManager (HealthyPipelineSafeModeRule.java:process(137)) - SCM in safe mode. Healthy pipelines reported count is 0, required healthy pipeline reported count is 1
2022-11-08 11:40:38,335 [pool-118-thread-1] INFO  segmented.SegmentedRaftLogWorker (SegmentedRaftLogWorker.java:<init>(191)) - new 9f3b593f-78c6-4294-9602-7cd55c8a4272@group-2DA01F554C99-SegmentedRaftLogWorker for RaftStorageImpl:Storage Directory /home/runner/work/ozone/ozone/hadoop-ozone/integration-test/target/test-dir/MiniOzoneClusterImpl-c61d2d68-5505-4298-888d-dd71e22caacf/datanode-2/data/ratis/32b51a84-a759-4ba0-9161-2da01f554c99
2022-11-08 11:40:38,335 [pool-118-thread-1] INFO  server.RaftServerConfigKeys (ConfUtils.java:logGet(46)) - raft.server.log.queue.byte-limit = 4294967296 (custom)
2022-11-08 11:40:38,335 [pool-118-thread-1] INFO  server.RaftServerConfigKeys (ConfUtils.java:logGet(46)) - raft.server.log.queue.element-limit = 1024 (custom)
2022-11-08 11:40:38,335 [pool-118-thread-1] INFO  server.RaftServerConfigKeys (ConfUtils.java:logGet(46)) - raft.server.log.segment.size.max = 1048576 (custom)
2022-11-08 11:40:38,335 [pool-118-thread-1] INFO  server.RaftServerConfigKeys (ConfUtils.java:logGet(46)) - raft.server.log.preallocated.size = 16384 (custom)
2022-11-08 11:40:38,335 [pool-118-thread-1] INFO  server.RaftServerConfigKeys (ConfUtils.java:logGet(46)) - raft.server.log.force.sync.num = 128 (default)
2022-11-08 11:40:38,335 [pool-118-thread-1] INFO  server.RaftServerConfigKeys (ConfUtils.java:logGet(46)) - raft.server.log.statemachine.data.sync = true (default)
2022-11-08 11:40:38,336 [pool-118-thread-1] INFO  server.RaftServerConfigKeys (ConfUtils.java:logGet(46)) - raft.server.log.statemachine.data.sync.timeout = 10s (default)
2022-11-08 11:40:38,336 [pool-118-thread-1] INFO  server.RaftServerConfigKeys (ConfUtils.java:logGet(46)) - raft.server.log.statemachine.data.sync.timeout.retry = -1 (default)
2022-11-08 11:40:38,337 [pool-118-thread-1] INFO  server.RaftServerConfigKeys (ConfUtils.java:logGet(46)) - raft.server.log.write.buffer.size = 1048576 (custom)
2022-11-08 11:40:38,338 [pool-118-thread-1] INFO  server.RaftServerConfigKeys (ConfUtils.java:logGet(46)) - raft.server.log.unsafe-flush.enabled = false (default)
2022-11-08 11:40:38,338 [pool-118-thread-1] INFO  server.RaftServerConfigKeys (ConfUtils.java:logGet(46)) - raft.server.log.async-flush.enabled = false (default)
2022-11-08 11:40:38,338 [pool-118-thread-1] INFO  server.RaftServerConfigKeys (ConfUtils.java:logGet(46)) - raft.server.log.statemachine.data.caching.enabled = true (custom)
2022-11-08 11:40:38,338 [pool-118-thread-1] INFO  segmented.SegmentedRaftLogWorker (SegmentedRaftLogWorker.java:lambda$new$0(136)) - 9f3b593f-78c6-4294-9602-7cd55c8a4272@group-2DA01F554C99-SegmentedRaftLogWorker: flushIndex: setUnconditionally 0 -> -1
2022-11-08 11:40:38,338 [pool-118-thread-1] INFO  segmented.SegmentedRaftLogWorker (SegmentedRaftLogWorker.java:lambda$new$0(136)) - 9f3b593f-78c6-4294-9602-7cd55c8a4272@group-2DA01F554C99-SegmentedRaftLogWorker: safeCacheEvictIndex: setUnconditionally 0 -> -1
2022-11-08 11:40:38,342 [pool-118-thread-1] INFO  server.RaftServer$Division (RaftServerImpl.java:start(334)) - 9f3b593f-78c6-4294-9602-7cd55c8a4272@group-2DA01F554C99: start as a follower, conf=-1: peers:[9f3b593f-78c6-4294-9602-7cd55c8a4272|rpc:10.1.0.111:40339|priority:1|startupRole:FOLLOWER]|listeners:[], old=null
2022-11-08 11:40:38,342 [pool-118-thread-1] INFO  server.RaftServer$Division (RaftServerImpl.java:setRole(321)) - 9f3b593f-78c6-4294-9602-7cd55c8a4272@group-2DA01F554C99: changes role from      null to FOLLOWER at term 0 for startAsFollower
2022-11-08 11:40:38,342 [pool-118-thread-1] INFO  impl.RoleInfo (RoleInfo.java:updateAndGet(139)) - 9f3b593f-78c6-4294-9602-7cd55c8a4272: start 9f3b593f-78c6-4294-9602-7cd55c8a4272@group-2DA01F554C99-FollowerState
2022-11-08 11:40:38,342 [pool-118-thread-1] INFO  util.JmxRegister (JmxRegister.java:tryRegister(44)) - Successfully registered JMX Bean with object name Ratis:service=RaftServer,group=group-2DA01F554C99,id=9f3b593f-78c6-4294-9602-7cd55c8a4272
2022-11-08 11:40:38,343 [pool-118-thread-1] INFO  server.RaftServerConfigKeys (ConfUtils.java:logGet(46)) - raft.server.snapshot.auto.trigger.enabled = true (custom)
2022-11-08 11:40:38,343 [pool-118-thread-1] INFO  server.RaftServerConfigKeys (ConfUtils.java:logGet(46)) - raft.server.snapshot.auto.trigger.threshold = 10000 (custom)
2022-11-08 11:40:38,343 [pool-118-thread-1] INFO  server.RaftServerConfigKeys (ConfUtils.java:logGet(46)) - raft.server.snapshot.retention.file.num = 5 (custom)
2022-11-08 11:40:38,343 [pool-118-thread-1] INFO  server.RaftServerConfigKeys (ConfUtils.java:logGet(46)) - raft.server.log.purge.upto.snapshot.index = false (default)
2022-11-08 11:40:38,343 [pool-72-thread-1] INFO  storage.RaftStorage (RaftStorageImpl.java:format(96)) - Storage directory /home/runner/work/ozone/ozone/hadoop-ozone/integration-test/target/test-dir/MiniOzoneClusterImpl-c61d2d68-5505-4298-888d-dd71e22caacf/datanode-0/data/ratis/cc5c7c1f-499c-4037-8091-f47049cf8ce3 has been successfully formatted.
2022-11-08 11:40:38,343 [pool-72-thread-1] INFO  ratis.ContainerStateMachine (ContainerStateMachine.java:loadSnapshot(236)) - group-F47049CF8CE3: The snapshot info is null. Setting the last applied indexto:(t:0, i:~)
2022-11-08 11:40:38,344 [pool-72-thread-1] INFO  server.RaftServerConfigKeys (ConfUtils.java:logGet(46)) - raft.server.log.use.memory = false (default)
2022-11-08 11:40:38,344 [pool-72-thread-1] INFO  server.RaftServerConfigKeys (ConfUtils.java:logGet(46)) - raft.server.log.purge.gap = 1000000 (custom)
2022-11-08 11:40:38,350 [pool-72-thread-1] INFO  server.RaftServerConfigKeys (ConfUtils.java:logGet(46)) - raft.server.log.appender.buffer.byte-limit = 33554432 (custom)
2022-11-08 11:40:38,350 [pool-72-thread-1] INFO  server.RaftServerConfigKeys (ConfUtils.java:logGet(46)) - raft.server.log.statemachine.data.read.timeout = 1000ms (default)
2022-11-08 11:40:38,350 [pool-72-thread-1] INFO  server.RaftServerConfigKeys (ConfUtils.java:logGet(46)) - raft.server.log.purge.preservation.log.num = 0 (default)
2022-11-08 11:40:38,351 [pool-72-thread-1] INFO  server.RaftServerConfigKeys (ConfUtils.java:logGet(46)) - raft.server.log.segment.size.max = 1048576 (custom)
2022-11-08 11:40:38,351 [pool-72-thread-1] INFO  server.RaftServerConfigKeys (ConfUtils.java:logGet(46)) - raft.server.log.segment.cache.num.max = 2 (custom)
2022-11-08 11:40:38,351 [pool-72-thread-1] INFO  server.RaftServerConfigKeys (ConfUtils.java:logGet(46)) - raft.server.log.segment.cache.size.max = 200MB (=209715200) (default)
2022-11-08 11:40:38,351 [pool-72-thread-1] INFO  segmented.SegmentedRaftLogWorker (SegmentedRaftLogWorker.java:<init>(191)) - new dc5a192d-e9e0-46c7-8aee-58457d0752d8@group-F47049CF8CE3-SegmentedRaftLogWorker for RaftStorageImpl:Storage Directory /home/runner/work/ozone/ozone/hadoop-ozone/integration-test/target/test-dir/MiniOzoneClusterImpl-c61d2d68-5505-4298-888d-dd71e22caacf/datanode-0/data/ratis/cc5c7c1f-499c-4037-8091-f47049cf8ce3
2022-11-08 11:40:38,351 [pool-72-thread-1] INFO  server.RaftServerConfigKeys (ConfUtils.java:logGet(46)) - raft.server.log.queue.byte-limit = 4294967296 (custom)
2022-11-08 11:40:38,354 [Command processor thread] INFO  ratis.XceiverServerRatis (XceiverServerRatis.java:addGroup(765)) - Created group PipelineID=32b51a84-a759-4ba0-9161-2da01f554c99
2022-11-08 11:40:38,355 [Command processor thread] INFO  commandhandler.CreatePipelineCommandHandler (CreatePipelineCommandHandler.java:handle(113)) - Created Pipeline RATIS ONE PipelineID=32b51a84-a759-4ba0-9161-2da01f554c99.
2022-11-08 11:40:38,355 [Command processor thread] INFO  server.RaftServer (RaftServerProxy.java:addNew(96)) - 9f3b593f-78c6-4294-9602-7cd55c8a4272: addNew group-F47049CF8CE3:[dc5a192d-e9e0-46c7-8aee-58457d0752d8|rpc:10.1.0.111:39795|priority:1|startupRole:FOLLOWER, 426e857f-dbb4-4c86-998f-375273f8a445|rpc:10.1.0.111:32949|priority:0|startupRole:FOLLOWER, 9f3b593f-78c6-4294-9602-7cd55c8a4272|rpc:10.1.0.111:40339|priority:0|startupRole:FOLLOWER] returns group-F47049CF8CE3:java.util.concurrent.CompletableFuture@636a6896[Not completed]
2022-11-08 11:40:38,357 [pool-118-thread-1] INFO  server.RaftServer$Division (RaftServerImpl.java:<init>(195)) - 9f3b593f-78c6-4294-9602-7cd55c8a4272: new RaftServerImpl for group-F47049CF8CE3:[dc5a192d-e9e0-46c7-8aee-58457d0752d8|rpc:10.1.0.111:39795|priority:1|startupRole:FOLLOWER, 426e857f-dbb4-4c86-998f-375273f8a445|rpc:10.1.0.111:32949|priority:0|startupRole:FOLLOWER, 9f3b593f-78c6-4294-9602-7cd55c8a4272|rpc:10.1.0.111:40339|priority:0|startupRole:FOLLOWER] with ContainerStateMachine:uninitialized
2022-11-08 11:40:38,358 [pool-118-thread-1] INFO  server.RaftServerConfigKeys (ConfUtils.java:logGet(46)) - raft.server.rpc.timeout.min = 5s (custom)
2022-11-08 11:40:38,358 [pool-118-thread-1] INFO  server.RaftServerConfigKeys (ConfUtils.java:logGet(46)) - raft.server.rpc.timeout.max = 5200ms (custom)
2022-11-08 11:40:38,358 [pool-118-thread-1] INFO  server.RaftServerConfigKeys (ConfUtils.java:logGet(46)) - raft.server.rpc.sleep.time = 25ms (default)
2022-11-08 11:40:38,358 [pool-118-thread-1] INFO  server.RaftServerConfigKeys (ConfUtils.java:logGet(46)) - raft.server.rpc.slowness.timeout = 300s (custom)
2022-11-08 11:40:38,358 [pool-118-thread-1] INFO  server.RaftServerConfigKeys (ConfUtils.java:logGet(46)) - raft.server.leaderelection.leader.step-down.wait-time = 10s (default)
2022-11-08 11:40:38,358 [pool-118-thread-1] INFO  server.RaftServerConfigKeys (ConfUtils.java:logGet(46)) - raft.server.sleep.deviation.threshold = 300ms (default)
2022-11-08 11:40:38,358 [pool-118-thread-1] INFO  server.RaftServer$Division (ServerState.java:<init>(118)) - 9f3b593f-78c6-4294-9602-7cd55c8a4272@group-F47049CF8CE3: ConfigurationManager, init=-1: peers:[dc5a192d-e9e0-46c7-8aee-58457d0752d8|rpc:10.1.0.111:39795|priority:1|startupRole:FOLLOWER, 426e857f-dbb4-4c86-998f-375273f8a445|rpc:10.1.0.111:32949|priority:0|startupRole:FOLLOWER, 9f3b593f-78c6-4294-9602-7cd55c8a4272|rpc:10.1.0.111:40339|priority:0|startupRole:FOLLOWER]|listeners:[], old=null, confs=<EMPTY_MAP>
2022-11-08 11:40:38,358 [pool-118-thread-1] INFO  server.RaftServerConfigKeys (ConfUtils.java:logGet(46)) - raft.server.storage.dir = [/home/runner/work/ozone/ozone/hadoop-ozone/integration-test/target/test-dir/MiniOzoneClusterImpl-c61d2d68-5505-4298-888d-dd71e22caacf/datanode-2/data/ratis] (custom)
2022-11-08 11:40:38,359 [pool-118-thread-1] INFO  server.RaftServerConfigKeys (ConfUtils.java:logGet(46)) - raft.server.log.corruption.policy = EXCEPTION (default)
2022-11-08 11:40:38,359 [pool-118-thread-1] INFO  server.RaftServerConfigKeys (ConfUtils.java:logGet(46)) - raft.server.storage.free-space.min = 0MB (=0) (default)
2022-11-08 11:40:38,359 [pool-118-thread-1] INFO  server.RaftServerConfigKeys (ConfUtils.java:logGet(46)) - raft.server.notification.no-leader.timeout = 300s (custom)
2022-11-08 11:40:38,359 [pool-118-thread-1] INFO  server.RaftServerConfigKeys (ConfUtils.java:logGet(46)) - raft.server.retrycache.expirytime = 600000ms (custom)
2022-11-08 11:40:38,359 [pool-118-thread-1] INFO  server.RaftServerConfigKeys (ConfUtils.java:logGet(46)) - raft.server.retrycache.statistics.expirytime = 100μs (default)
2022-11-08 11:40:38,360 [pool-72-thread-1] INFO  server.RaftServerConfigKeys (ConfUtils.java:logGet(46)) - raft.server.log.queue.element-limit = 1024 (custom)
2022-11-08 11:40:38,362 [pool-72-thread-1] INFO  server.RaftServerConfigKeys (ConfUtils.java:logGet(46)) - raft.server.log.segment.size.max = 1048576 (custom)
2022-11-08 11:40:38,362 [pool-72-thread-1] INFO  server.RaftServerConfigKeys (ConfUtils.java:logGet(46)) - raft.server.log.preallocated.size = 16384 (custom)
2022-11-08 11:40:38,362 [pool-72-thread-1] INFO  server.RaftServerConfigKeys (ConfUtils.java:logGet(46)) - raft.server.log.force.sync.num = 128 (default)
2022-11-08 11:40:38,362 [pool-72-thread-1] INFO  server.RaftServerConfigKeys (ConfUtils.java:logGet(46)) - raft.server.log.statemachine.data.sync = true (default)
2022-11-08 11:40:38,362 [pool-72-thread-1] INFO  server.RaftServerConfigKeys (ConfUtils.java:logGet(46)) - raft.server.log.statemachine.data.sync.timeout = 10s (default)
2022-11-08 11:40:38,362 [pool-72-thread-1] INFO  server.RaftServerConfigKeys (ConfUtils.java:logGet(46)) - raft.server.log.statemachine.data.sync.timeout.retry = -1 (default)
2022-11-08 11:40:38,363 [pool-72-thread-1] INFO  server.RaftServerConfigKeys (ConfUtils.java:logGet(46)) - raft.server.log.write.buffer.size = 1048576 (custom)
2022-11-08 11:40:38,365 [pool-72-thread-1] INFO  server.RaftServerConfigKeys (ConfUtils.java:logGet(46)) - raft.server.log.unsafe-flush.enabled = false (default)
2022-11-08 11:40:38,366 [pool-72-thread-1] INFO  server.RaftServerConfigKeys (ConfUtils.java:logGet(46)) - raft.server.log.async-flush.enabled = false (default)
2022-11-08 11:40:38,366 [pool-72-thread-1] INFO  server.RaftServerConfigKeys (ConfUtils.java:logGet(46)) - raft.server.log.statemachine.data.caching.enabled = true (custom)
2022-11-08 11:40:38,366 [pool-72-thread-1] INFO  segmented.SegmentedRaftLogWorker (SegmentedRaftLogWorker.java:lambda$new$0(136)) - dc5a192d-e9e0-46c7-8aee-58457d0752d8@group-F47049CF8CE3-SegmentedRaftLogWorker: flushIndex: setUnconditionally 0 -> -1
2022-11-08 11:40:38,366 [pool-72-thread-1] INFO  segmented.SegmentedRaftLogWorker (SegmentedRaftLogWorker.java:lambda$new$0(136)) - dc5a192d-e9e0-46c7-8aee-58457d0752d8@group-F47049CF8CE3-SegmentedRaftLogWorker: safeCacheEvictIndex: setUnconditionally 0 -> -1
2022-11-08 11:40:38,360 [9f3b593f-78c6-4294-9602-7cd55c8a4272@group-2DA01F554C99-FollowerState] INFO  server.RaftServerConfigKeys (ConfUtils.java:logFallback(53)) - raft.server.rpc.first-election.timeout.min = 5s (fallback to raft.server.rpc.timeout.min)
2022-11-08 11:40:38,366 [9f3b593f-78c6-4294-9602-7cd55c8a4272@group-2DA01F554C99-FollowerState] INFO  server.RaftServerConfigKeys (ConfUtils.java:logFallback(53)) - raft.server.rpc.first-election.timeout.max = 5200ms (fallback to raft.server.rpc.timeout.max)
2022-11-08 11:40:38,367 [EventQueue-OpenPipelineForHealthyPipelineSafeModeRule] INFO  safemode.SCMSafeModeManager (HealthyPipelineSafeModeRule.java:process(137)) - SCM in safe mode. Healthy pipelines reported count is 0, required healthy pipeline reported count is 1
2022-11-08 11:40:38,367 [pool-72-thread-1] INFO  server.RaftServer$Division (RaftServerImpl.java:start(334)) - dc5a192d-e9e0-46c7-8aee-58457d0752d8@group-F47049CF8CE3: start as a follower, conf=-1: peers:[dc5a192d-e9e0-46c7-8aee-58457d0752d8|rpc:10.1.0.111:39795|priority:1|startupRole:FOLLOWER, 426e857f-dbb4-4c86-998f-375273f8a445|rpc:10.1.0.111:32949|priority:0|startupRole:FOLLOWER, 9f3b593f-78c6-4294-9602-7cd55c8a4272|rpc:10.1.0.111:40339|priority:0|startupRole:FOLLOWER]|listeners:[], old=null
2022-11-08 11:40:38,367 [pool-72-thread-1] INFO  server.RaftServer$Division (RaftServerImpl.java:setRole(321)) - dc5a192d-e9e0-46c7-8aee-58457d0752d8@group-F47049CF8CE3: changes role from      null to FOLLOWER at term 0 for startAsFollower
2022-11-08 11:40:38,367 [pool-72-thread-1] INFO  impl.RoleInfo (RoleInfo.java:updateAndGet(139)) - dc5a192d-e9e0-46c7-8aee-58457d0752d8: start dc5a192d-e9e0-46c7-8aee-58457d0752d8@group-F47049CF8CE3-FollowerState
2022-11-08 11:40:38,368 [pool-72-thread-1] INFO  util.JmxRegister (JmxRegister.java:tryRegister(44)) - Successfully registered JMX Bean with object name Ratis:service=RaftServer,group=group-F47049CF8CE3,id=dc5a192d-e9e0-46c7-8aee-58457d0752d8
2022-11-08 11:40:38,368 [pool-72-thread-1] INFO  server.RaftServerConfigKeys (ConfUtils.java:logGet(46)) - raft.server.snapshot.auto.trigger.enabled = true (custom)
2022-11-08 11:40:38,368 [pool-72-thread-1] INFO  server.RaftServerConfigKeys (ConfUtils.java:logGet(46)) - raft.server.snapshot.auto.trigger.threshold = 10000 (custom)
2022-11-08 11:40:38,368 [pool-72-thread-1] INFO  server.RaftServerConfigKeys (ConfUtils.java:logGet(46)) - raft.server.snapshot.retention.file.num = 5 (custom)
2022-11-08 11:40:38,368 [pool-72-thread-1] INFO  server.RaftServerConfigKeys (ConfUtils.java:logGet(46)) - raft.server.log.purge.upto.snapshot.index = false (default)
2022-11-08 11:40:38,370 [pool-118-thread-1] INFO  server.RaftServerConfigKeys (ConfUtils.java:logGet(46)) - raft.server.log.appender.install.snapshot.enabled = false (custom)
2022-11-08 11:40:38,370 [pool-118-thread-1] INFO  server.RaftServerConfigKeys (ConfUtils.java:logGet(46)) - raft.server.threadpool.server.cached = true (default)
2022-11-08 11:40:38,370 [pool-118-thread-1] INFO  server.RaftServerConfigKeys (ConfUtils.java:logGet(46)) - raft.server.threadpool.server.size = 0 (default)
2022-11-08 11:40:38,370 [pool-118-thread-1] INFO  server.RaftServerConfigKeys (ConfUtils.java:logGet(46)) - raft.server.threadpool.client.cached = true (default)
2022-11-08 11:40:38,370 [pool-118-thread-1] INFO  server.RaftServerConfigKeys (ConfUtils.java:logGet(46)) - raft.server.threadpool.client.size = 0 (default)
2022-11-08 11:40:38,370 [pool-118-thread-1] INFO  storage.RaftStorageDirectory (RaftStorageDirectoryImpl.java:analyzeStorage(137)) - The storage directory /home/runner/work/ozone/ozone/hadoop-ozone/integration-test/target/test-dir/MiniOzoneClusterImpl-c61d2d68-5505-4298-888d-dd71e22caacf/datanode-2/data/ratis/cc5c7c1f-499c-4037-8091-f47049cf8ce3 does not exist. Creating ...
2022-11-08 11:40:38,371 [dc5a192d-e9e0-46c7-8aee-58457d0752d8@group-F47049CF8CE3-FollowerState] INFO  server.RaftServerConfigKeys (ConfUtils.java:logFallback(53)) - raft.server.rpc.first-election.timeout.min = 5s (fallback to raft.server.rpc.timeout.min)
2022-11-08 11:40:38,371 [dc5a192d-e9e0-46c7-8aee-58457d0752d8@group-F47049CF8CE3-FollowerState] INFO  server.RaftServerConfigKeys (ConfUtils.java:logFallback(53)) - raft.server.rpc.first-election.timeout.max = 5200ms (fallback to raft.server.rpc.timeout.max)
2022-11-08 11:40:38,371 [Command processor thread] INFO  ratis.XceiverServerRatis (XceiverServerRatis.java:addGroup(765)) - Created group PipelineID=cc5c7c1f-499c-4037-8091-f47049cf8ce3
2022-11-08 11:40:38,372 [pool-118-thread-1] INFO  storage.RaftStorageDirectory (RaftStorageDirectoryImpl.java:tryLock(231)) - Lock on /home/runner/work/ozone/ozone/hadoop-ozone/integration-test/target/test-dir/MiniOzoneClusterImpl-c61d2d68-5505-4298-888d-dd71e22caacf/datanode-2/data/ratis/cc5c7c1f-499c-4037-8091-f47049cf8ce3/in_use.lock acquired by nodename 12130@fv-az573-890
2022-11-08 11:40:38,373 [pool-118-thread-1] INFO  storage.RaftStorage (RaftStorageImpl.java:format(96)) - Storage directory /home/runner/work/ozone/ozone/hadoop-ozone/integration-test/target/test-dir/MiniOzoneClusterImpl-c61d2d68-5505-4298-888d-dd71e22caacf/datanode-2/data/ratis/cc5c7c1f-499c-4037-8091-f47049cf8ce3 has been successfully formatted.
2022-11-08 11:40:38,374 [pool-118-thread-1] INFO  ratis.ContainerStateMachine (ContainerStateMachine.java:loadSnapshot(236)) - group-F47049CF8CE3: The snapshot info is null. Setting the last applied indexto:(t:0, i:~)
2022-11-08 11:40:38,374 [pool-118-thread-1] INFO  server.RaftServerConfigKeys (ConfUtils.java:logGet(46)) - raft.server.log.use.memory = false (default)
2022-11-08 11:40:38,374 [pool-118-thread-1] INFO  server.RaftServerConfigKeys (ConfUtils.java:logGet(46)) - raft.server.log.purge.gap = 1000000 (custom)
2022-11-08 11:40:38,375 [pool-118-thread-1] INFO  server.RaftServerConfigKeys (ConfUtils.java:logGet(46)) - raft.server.log.appender.buffer.byte-limit = 33554432 (custom)
2022-11-08 11:40:38,375 [pool-118-thread-1] INFO  server.RaftServerConfigKeys (ConfUtils.java:logGet(46)) - raft.server.log.statemachine.data.read.timeout = 1000ms (default)
2022-11-08 11:40:38,375 [pool-118-thread-1] INFO  server.RaftServerConfigKeys (ConfUtils.java:logGet(46)) - raft.server.log.purge.preservation.log.num = 0 (default)
2022-11-08 11:40:38,375 [pool-118-thread-1] INFO  server.RaftServerConfigKeys (ConfUtils.java:logGet(46)) - raft.server.log.segment.size.max = 1048576 (custom)
2022-11-08 11:40:38,385 [pool-118-thread-1] INFO  server.RaftServerConfigKeys (ConfUtils.java:logGet(46)) - raft.server.log.segment.cache.num.max = 2 (custom)
2022-11-08 11:40:38,385 [pool-118-thread-1] INFO  server.RaftServerConfigKeys (ConfUtils.java:logGet(46)) - raft.server.log.segment.cache.size.max = 200MB (=209715200) (default)
2022-11-08 11:40:38,385 [pool-118-thread-1] INFO  segmented.SegmentedRaftLogWorker (SegmentedRaftLogWorker.java:<init>(191)) - new 9f3b593f-78c6-4294-9602-7cd55c8a4272@group-F47049CF8CE3-SegmentedRaftLogWorker for RaftStorageImpl:Storage Directory /home/runner/work/ozone/ozone/hadoop-ozone/integration-test/target/test-dir/MiniOzoneClusterImpl-c61d2d68-5505-4298-888d-dd71e22caacf/datanode-2/data/ratis/cc5c7c1f-499c-4037-8091-f47049cf8ce3
2022-11-08 11:40:38,385 [pool-118-thread-1] INFO  server.RaftServerConfigKeys (ConfUtils.java:logGet(46)) - raft.server.log.queue.byte-limit = 4294967296 (custom)
2022-11-08 11:40:38,385 [pool-118-thread-1] INFO  server.RaftServerConfigKeys (ConfUtils.java:logGet(46)) - raft.server.log.queue.element-limit = 1024 (custom)
2022-11-08 11:40:38,385 [pool-118-thread-1] INFO  server.RaftServerConfigKeys (ConfUtils.java:logGet(46)) - raft.server.log.segment.size.max = 1048576 (custom)
2022-11-08 11:40:38,385 [pool-118-thread-1] INFO  server.RaftServerConfigKeys (ConfUtils.java:logGet(46)) - raft.server.log.preallocated.size = 16384 (custom)
2022-11-08 11:40:38,385 [pool-118-thread-1] INFO  server.RaftServerConfigKeys (ConfUtils.java:logGet(46)) - raft.server.log.force.sync.num = 128 (default)
2022-11-08 11:40:38,386 [pool-118-thread-1] INFO  server.RaftServerConfigKeys (ConfUtils.java:logGet(46)) - raft.server.log.statemachine.data.sync = true (default)
2022-11-08 11:40:38,386 [pool-118-thread-1] INFO  server.RaftServerConfigKeys (ConfUtils.java:logGet(46)) - raft.server.log.statemachine.data.sync.timeout = 10s (default)
2022-11-08 11:40:38,386 [pool-118-thread-1] INFO  server.RaftServerConfigKeys (ConfUtils.java:logGet(46)) - raft.server.log.statemachine.data.sync.timeout.retry = -1 (default)
2022-11-08 11:40:38,387 [pool-118-thread-1] INFO  server.RaftServerConfigKeys (ConfUtils.java:logGet(46)) - raft.server.log.write.buffer.size = 1048576 (custom)
2022-11-08 11:40:38,388 [EventQueue-OpenPipelineForHealthyPipelineSafeModeRule] INFO  safemode.SCMSafeModeManager (HealthyPipelineSafeModeRule.java:process(137)) - SCM in safe mode. Healthy pipelines reported count is 0, required healthy pipeline reported count is 1
2022-11-08 11:40:38,388 [pool-118-thread-1] INFO  server.RaftServerConfigKeys (ConfUtils.java:logGet(46)) - raft.server.log.unsafe-flush.enabled = false (default)
2022-11-08 11:40:38,396 [pool-118-thread-1] INFO  server.RaftServerConfigKeys (ConfUtils.java:logGet(46)) - raft.server.log.async-flush.enabled = false (default)
2022-11-08 11:40:38,396 [pool-118-thread-1] INFO  server.RaftServerConfigKeys (ConfUtils.java:logGet(46)) - raft.server.log.statemachine.data.caching.enabled = true (custom)
2022-11-08 11:40:38,396 [pool-118-thread-1] INFO  segmented.SegmentedRaftLogWorker (SegmentedRaftLogWorker.java:lambda$new$0(136)) - 9f3b593f-78c6-4294-9602-7cd55c8a4272@group-F47049CF8CE3-SegmentedRaftLogWorker: flushIndex: setUnconditionally 0 -> -1
2022-11-08 11:40:38,396 [pool-118-thread-1] INFO  segmented.SegmentedRaftLogWorker (SegmentedRaftLogWorker.java:lambda$new$0(136)) - 9f3b593f-78c6-4294-9602-7cd55c8a4272@group-F47049CF8CE3-SegmentedRaftLogWorker: safeCacheEvictIndex: setUnconditionally 0 -> -1
2022-11-08 11:40:38,397 [pool-118-thread-1] INFO  server.RaftServer$Division (RaftServerImpl.java:start(334)) - 9f3b593f-78c6-4294-9602-7cd55c8a4272@group-F47049CF8CE3: start as a follower, conf=-1: peers:[dc5a192d-e9e0-46c7-8aee-58457d0752d8|rpc:10.1.0.111:39795|priority:1|startupRole:FOLLOWER, 426e857f-dbb4-4c86-998f-375273f8a445|rpc:10.1.0.111:32949|priority:0|startupRole:FOLLOWER, 9f3b593f-78c6-4294-9602-7cd55c8a4272|rpc:10.1.0.111:40339|priority:0|startupRole:FOLLOWER]|listeners:[], old=null
2022-11-08 11:40:38,397 [pool-118-thread-1] INFO  server.RaftServer$Division (RaftServerImpl.java:setRole(321)) - 9f3b593f-78c6-4294-9602-7cd55c8a4272@group-F47049CF8CE3: changes role from      null to FOLLOWER at term 0 for startAsFollower
2022-11-08 11:40:38,397 [pool-118-thread-1] INFO  impl.RoleInfo (RoleInfo.java:updateAndGet(139)) - 9f3b593f-78c6-4294-9602-7cd55c8a4272: start 9f3b593f-78c6-4294-9602-7cd55c8a4272@group-F47049CF8CE3-FollowerState
2022-11-08 11:40:38,397 [pool-118-thread-1] INFO  util.JmxRegister (JmxRegister.java:tryRegister(44)) - Successfully registered JMX Bean with object name Ratis:service=RaftServer,group=group-F47049CF8CE3,id=9f3b593f-78c6-4294-9602-7cd55c8a4272
2022-11-08 11:40:38,397 [pool-118-thread-1] INFO  server.RaftServerConfigKeys (ConfUtils.java:logGet(46)) - raft.server.snapshot.auto.trigger.enabled = true (custom)
2022-11-08 11:40:38,398 [pool-118-thread-1] INFO  server.RaftServerConfigKeys (ConfUtils.java:logGet(46)) - raft.server.snapshot.auto.trigger.threshold = 10000 (custom)
2022-11-08 11:40:38,398 [pool-118-thread-1] INFO  server.RaftServerConfigKeys (ConfUtils.java:logGet(46)) - raft.server.snapshot.retention.file.num = 5 (custom)
2022-11-08 11:40:38,398 [pool-118-thread-1] INFO  server.RaftServerConfigKeys (ConfUtils.java:logGet(46)) - raft.server.log.purge.upto.snapshot.index = false (default)
2022-11-08 11:40:38,398 [9f3b593f-78c6-4294-9602-7cd55c8a4272@group-F47049CF8CE3-FollowerState] INFO  server.RaftServerConfigKeys (ConfUtils.java:logFallback(53)) - raft.server.rpc.first-election.timeout.min = 5s (fallback to raft.server.rpc.timeout.min)
2022-11-08 11:40:38,399 [9f3b593f-78c6-4294-9602-7cd55c8a4272@group-F47049CF8CE3-FollowerState] INFO  server.RaftServerConfigKeys (ConfUtils.java:logFallback(53)) - raft.server.rpc.first-election.timeout.max = 5200ms (fallback to raft.server.rpc.timeout.max)
2022-11-08 11:40:38,399 [Command processor thread] INFO  ratis.XceiverServerRatis (XceiverServerRatis.java:addGroup(765)) - Created group PipelineID=cc5c7c1f-499c-4037-8091-f47049cf8ce3
2022-11-08 11:40:38,445 [Command processor thread] INFO  commandhandler.CreatePipelineCommandHandler (CreatePipelineCommandHandler.java:handle(113)) - Created Pipeline RATIS THREE PipelineID=caa2970a-548d-4ab4-baf2-4f49288e7373.
2022-11-08 11:40:38,445 [Command processor thread] INFO  server.RaftServer (RaftServerProxy.java:addNew(96)) - 426e857f-dbb4-4c86-998f-375273f8a445: addNew group-F47049CF8CE3:[dc5a192d-e9e0-46c7-8aee-58457d0752d8|rpc:10.1.0.111:39795|priority:1|startupRole:FOLLOWER, 426e857f-dbb4-4c86-998f-375273f8a445|rpc:10.1.0.111:32949|priority:0|startupRole:FOLLOWER, 9f3b593f-78c6-4294-9602-7cd55c8a4272|rpc:10.1.0.111:40339|priority:0|startupRole:FOLLOWER] returns group-F47049CF8CE3:java.util.concurrent.CompletableFuture@6560ac48[Not completed]
2022-11-08 11:40:38,446 [pool-95-thread-1] INFO  server.RaftServer$Division (RaftServerImpl.java:<init>(195)) - 426e857f-dbb4-4c86-998f-375273f8a445: new RaftServerImpl for group-F47049CF8CE3:[dc5a192d-e9e0-46c7-8aee-58457d0752d8|rpc:10.1.0.111:39795|priority:1|startupRole:FOLLOWER, 426e857f-dbb4-4c86-998f-375273f8a445|rpc:10.1.0.111:32949|priority:0|startupRole:FOLLOWER, 9f3b593f-78c6-4294-9602-7cd55c8a4272|rpc:10.1.0.111:40339|priority:0|startupRole:FOLLOWER] with ContainerStateMachine:uninitialized
2022-11-08 11:40:38,446 [pool-95-thread-1] INFO  server.RaftServerConfigKeys (ConfUtils.java:logGet(46)) - raft.server.rpc.timeout.min = 5s (custom)
2022-11-08 11:40:38,446 [pool-95-thread-1] INFO  server.RaftServerConfigKeys (ConfUtils.java:logGet(46)) - raft.server.rpc.timeout.max = 5200ms (custom)
2022-11-08 11:40:38,447 [pool-95-thread-1] INFO  server.RaftServerConfigKeys (ConfUtils.java:logGet(46)) - raft.server.rpc.sleep.time = 25ms (default)
2022-11-08 11:40:38,447 [pool-95-thread-1] INFO  server.RaftServerConfigKeys (ConfUtils.java:logGet(46)) - raft.server.rpc.slowness.timeout = 300s (custom)
2022-11-08 11:40:38,447 [pool-95-thread-1] INFO  server.RaftServerConfigKeys (ConfUtils.java:logGet(46)) - raft.server.leaderelection.leader.step-down.wait-time = 10s (default)
2022-11-08 11:40:38,447 [pool-95-thread-1] INFO  server.RaftServerConfigKeys (ConfUtils.java:logGet(46)) - raft.server.sleep.deviation.threshold = 300ms (default)
2022-11-08 11:40:38,447 [pool-95-thread-1] INFO  server.RaftServer$Division (ServerState.java:<init>(118)) - 426e857f-dbb4-4c86-998f-375273f8a445@group-F47049CF8CE3: ConfigurationManager, init=-1: peers:[dc5a192d-e9e0-46c7-8aee-58457d0752d8|rpc:10.1.0.111:39795|priority:1|startupRole:FOLLOWER, 426e857f-dbb4-4c86-998f-375273f8a445|rpc:10.1.0.111:32949|priority:0|startupRole:FOLLOWER, 9f3b593f-78c6-4294-9602-7cd55c8a4272|rpc:10.1.0.111:40339|priority:0|startupRole:FOLLOWER]|listeners:[], old=null, confs=<EMPTY_MAP>
2022-11-08 11:40:38,447 [pool-95-thread-1] INFO  server.RaftServerConfigKeys (ConfUtils.java:logGet(46)) - raft.server.storage.dir = [/home/runner/work/ozone/ozone/hadoop-ozone/integration-test/target/test-dir/MiniOzoneClusterImpl-c61d2d68-5505-4298-888d-dd71e22caacf/datanode-1/data/ratis] (custom)
2022-11-08 11:40:38,447 [pool-95-thread-1] INFO  server.RaftServerConfigKeys (ConfUtils.java:logGet(46)) - raft.server.log.corruption.policy = EXCEPTION (default)
2022-11-08 11:40:38,447 [pool-95-thread-1] INFO  server.RaftServerConfigKeys (ConfUtils.java:logGet(46)) - raft.server.storage.free-space.min = 0MB (=0) (default)
2022-11-08 11:40:38,447 [pool-95-thread-1] INFO  server.RaftServerConfigKeys (ConfUtils.java:logGet(46)) - raft.server.notification.no-leader.timeout = 300s (custom)
2022-11-08 11:40:38,448 [pool-95-thread-1] INFO  server.RaftServerConfigKeys (ConfUtils.java:logGet(46)) - raft.server.retrycache.expirytime = 600000ms (custom)
2022-11-08 11:40:38,448 [pool-95-thread-1] INFO  server.RaftServerConfigKeys (ConfUtils.java:logGet(46)) - raft.server.retrycache.statistics.expirytime = 100μs (default)
2022-11-08 11:40:38,449 [pool-95-thread-1] INFO  server.RaftServerConfigKeys (ConfUtils.java:logGet(46)) - raft.server.log.appender.install.snapshot.enabled = false (custom)
2022-11-08 11:40:38,449 [pool-95-thread-1] INFO  server.RaftServerConfigKeys (ConfUtils.java:logGet(46)) - raft.server.threadpool.server.cached = true (default)
2022-11-08 11:40:38,449 [pool-95-thread-1] INFO  server.RaftServerConfigKeys (ConfUtils.java:logGet(46)) - raft.server.threadpool.server.size = 0 (default)
2022-11-08 11:40:38,449 [pool-95-thread-1] INFO  server.RaftServerConfigKeys (ConfUtils.java:logGet(46)) - raft.server.threadpool.client.cached = true (default)
2022-11-08 11:40:38,449 [pool-95-thread-1] INFO  server.RaftServerConfigKeys (ConfUtils.java:logGet(46)) - raft.server.threadpool.client.size = 0 (default)
2022-11-08 11:40:38,449 [pool-95-thread-1] INFO  storage.RaftStorageDirectory (RaftStorageDirectoryImpl.java:analyzeStorage(137)) - The storage directory /home/runner/work/ozone/ozone/hadoop-ozone/integration-test/target/test-dir/MiniOzoneClusterImpl-c61d2d68-5505-4298-888d-dd71e22caacf/datanode-1/data/ratis/cc5c7c1f-499c-4037-8091-f47049cf8ce3 does not exist. Creating ...
2022-11-08 11:40:38,451 [pool-95-thread-1] INFO  storage.RaftStorageDirectory (RaftStorageDirectoryImpl.java:tryLock(231)) - Lock on /home/runner/work/ozone/ozone/hadoop-ozone/integration-test/target/test-dir/MiniOzoneClusterImpl-c61d2d68-5505-4298-888d-dd71e22caacf/datanode-1/data/ratis/cc5c7c1f-499c-4037-8091-f47049cf8ce3/in_use.lock acquired by nodename 12130@fv-az573-890
2022-11-08 11:40:38,456 [pool-95-thread-1] INFO  storage.RaftStorage (RaftStorageImpl.java:format(96)) - Storage directory /home/runner/work/ozone/ozone/hadoop-ozone/integration-test/target/test-dir/MiniOzoneClusterImpl-c61d2d68-5505-4298-888d-dd71e22caacf/datanode-1/data/ratis/cc5c7c1f-499c-4037-8091-f47049cf8ce3 has been successfully formatted.
2022-11-08 11:40:38,456 [pool-95-thread-1] INFO  ratis.ContainerStateMachine (ContainerStateMachine.java:loadSnapshot(236)) - group-F47049CF8CE3: The snapshot info is null. Setting the last applied indexto:(t:0, i:~)
2022-11-08 11:40:38,457 [pool-95-thread-1] INFO  server.RaftServerConfigKeys (ConfUtils.java:logGet(46)) - raft.server.log.use.memory = false (default)
2022-11-08 11:40:38,457 [pool-95-thread-1] INFO  server.RaftServerConfigKeys (ConfUtils.java:logGet(46)) - raft.server.log.purge.gap = 1000000 (custom)
2022-11-08 11:40:38,457 [pool-95-thread-1] INFO  server.RaftServerConfigKeys (ConfUtils.java:logGet(46)) - raft.server.log.appender.buffer.byte-limit = 33554432 (custom)
2022-11-08 11:40:38,457 [pool-95-thread-1] INFO  server.RaftServerConfigKeys (ConfUtils.java:logGet(46)) - raft.server.log.statemachine.data.read.timeout = 1000ms (default)
2022-11-08 11:40:38,457 [pool-95-thread-1] INFO  server.RaftServerConfigKeys (ConfUtils.java:logGet(46)) - raft.server.log.purge.preservation.log.num = 0 (default)
2022-11-08 11:40:38,458 [pool-95-thread-1] INFO  server.RaftServerConfigKeys (ConfUtils.java:logGet(46)) - raft.server.log.segment.size.max = 1048576 (custom)
2022-11-08 11:40:38,460 [EventQueue-OpenPipelineForHealthyPipelineSafeModeRule] INFO  safemode.SCMSafeModeManager (HealthyPipelineSafeModeRule.java:process(137)) - SCM in safe mode. Healthy pipelines reported count is 0, required healthy pipeline reported count is 1
2022-11-08 11:40:38,463 [pool-95-thread-1] INFO  server.RaftServerConfigKeys (ConfUtils.java:logGet(46)) - raft.server.log.segment.cache.num.max = 2 (custom)
2022-11-08 11:40:38,463 [pool-95-thread-1] INFO  server.RaftServerConfigKeys (ConfUtils.java:logGet(46)) - raft.server.log.segment.cache.size.max = 200MB (=209715200) (default)
2022-11-08 11:40:38,468 [pool-95-thread-1] INFO  segmented.SegmentedRaftLogWorker (SegmentedRaftLogWorker.java:<init>(191)) - new 426e857f-dbb4-4c86-998f-375273f8a445@group-F47049CF8CE3-SegmentedRaftLogWorker for RaftStorageImpl:Storage Directory /home/runner/work/ozone/ozone/hadoop-ozone/integration-test/target/test-dir/MiniOzoneClusterImpl-c61d2d68-5505-4298-888d-dd71e22caacf/datanode-1/data/ratis/cc5c7c1f-499c-4037-8091-f47049cf8ce3
2022-11-08 11:40:38,468 [pool-95-thread-1] INFO  server.RaftServerConfigKeys (ConfUtils.java:logGet(46)) - raft.server.log.queue.byte-limit = 4294967296 (custom)
2022-11-08 11:40:38,468 [pool-95-thread-1] INFO  server.RaftServerConfigKeys (ConfUtils.java:logGet(46)) - raft.server.log.queue.element-limit = 1024 (custom)
2022-11-08 11:40:38,468 [pool-95-thread-1] INFO  server.RaftServerConfigKeys (ConfUtils.java:logGet(46)) - raft.server.log.segment.size.max = 1048576 (custom)
2022-11-08 11:40:38,468 [pool-95-thread-1] INFO  server.RaftServerConfigKeys (ConfUtils.java:logGet(46)) - raft.server.log.preallocated.size = 16384 (custom)
2022-11-08 11:40:38,468 [pool-95-thread-1] INFO  server.RaftServerConfigKeys (ConfUtils.java:logGet(46)) - raft.server.log.force.sync.num = 128 (default)
2022-11-08 11:40:38,468 [pool-95-thread-1] INFO  server.RaftServerConfigKeys (ConfUtils.java:logGet(46)) - raft.server.log.statemachine.data.sync = true (default)
2022-11-08 11:40:38,468 [pool-95-thread-1] INFO  server.RaftServerConfigKeys (ConfUtils.java:logGet(46)) - raft.server.log.statemachine.data.sync.timeout = 10s (default)
2022-11-08 11:40:38,468 [pool-95-thread-1] INFO  server.RaftServerConfigKeys (ConfUtils.java:logGet(46)) - raft.server.log.statemachine.data.sync.timeout.retry = -1 (default)
2022-11-08 11:40:38,475 [pool-95-thread-1] INFO  server.RaftServerConfigKeys (ConfUtils.java:logGet(46)) - raft.server.log.write.buffer.size = 1048576 (custom)
2022-11-08 11:40:38,476 [pool-95-thread-1] INFO  server.RaftServerConfigKeys (ConfUtils.java:logGet(46)) - raft.server.log.unsafe-flush.enabled = false (default)
2022-11-08 11:40:38,476 [pool-95-thread-1] INFO  server.RaftServerConfigKeys (ConfUtils.java:logGet(46)) - raft.server.log.async-flush.enabled = false (default)
2022-11-08 11:40:38,476 [pool-95-thread-1] INFO  server.RaftServerConfigKeys (ConfUtils.java:logGet(46)) - raft.server.log.statemachine.data.caching.enabled = true (custom)
2022-11-08 11:40:38,477 [pool-95-thread-1] INFO  segmented.SegmentedRaftLogWorker (SegmentedRaftLogWorker.java:lambda$new$0(136)) - 426e857f-dbb4-4c86-998f-375273f8a445@group-F47049CF8CE3-SegmentedRaftLogWorker: flushIndex: setUnconditionally 0 -> -1
2022-11-08 11:40:38,477 [pool-95-thread-1] INFO  segmented.SegmentedRaftLogWorker (SegmentedRaftLogWorker.java:lambda$new$0(136)) - 426e857f-dbb4-4c86-998f-375273f8a445@group-F47049CF8CE3-SegmentedRaftLogWorker: safeCacheEvictIndex: setUnconditionally 0 -> -1
2022-11-08 11:40:38,488 [pool-95-thread-1] INFO  server.RaftServer$Division (RaftServerImpl.java:start(334)) - 426e857f-dbb4-4c86-998f-375273f8a445@group-F47049CF8CE3: start as a follower, conf=-1: peers:[dc5a192d-e9e0-46c7-8aee-58457d0752d8|rpc:10.1.0.111:39795|priority:1|startupRole:FOLLOWER, 426e857f-dbb4-4c86-998f-375273f8a445|rpc:10.1.0.111:32949|priority:0|startupRole:FOLLOWER, 9f3b593f-78c6-4294-9602-7cd55c8a4272|rpc:10.1.0.111:40339|priority:0|startupRole:FOLLOWER]|listeners:[], old=null
2022-11-08 11:40:38,488 [pool-95-thread-1] INFO  server.RaftServer$Division (RaftServerImpl.java:setRole(321)) - 426e857f-dbb4-4c86-998f-375273f8a445@group-F47049CF8CE3: changes role from      null to FOLLOWER at term 0 for startAsFollower
2022-11-08 11:40:38,488 [pool-95-thread-1] INFO  impl.RoleInfo (RoleInfo.java:updateAndGet(139)) - 426e857f-dbb4-4c86-998f-375273f8a445: start 426e857f-dbb4-4c86-998f-375273f8a445@group-F47049CF8CE3-FollowerState
2022-11-08 11:40:38,489 [pool-95-thread-1] INFO  util.JmxRegister (JmxRegister.java:tryRegister(44)) - Successfully registered JMX Bean with object name Ratis:service=RaftServer,group=group-F47049CF8CE3,id=426e857f-dbb4-4c86-998f-375273f8a445
2022-11-08 11:40:38,489 [pool-95-thread-1] INFO  server.RaftServerConfigKeys (ConfUtils.java:logGet(46)) - raft.server.snapshot.auto.trigger.enabled = true (custom)
2022-11-08 11:40:38,492 [pool-95-thread-1] INFO  server.RaftServerConfigKeys (ConfUtils.java:logGet(46)) - raft.server.snapshot.auto.trigger.threshold = 10000 (custom)
2022-11-08 11:40:38,492 [pool-95-thread-1] INFO  server.RaftServerConfigKeys (ConfUtils.java:logGet(46)) - raft.server.snapshot.retention.file.num = 5 (custom)
2022-11-08 11:40:38,492 [pool-95-thread-1] INFO  server.RaftServerConfigKeys (ConfUtils.java:logGet(46)) - raft.server.log.purge.upto.snapshot.index = false (default)
2022-11-08 11:40:38,498 [426e857f-dbb4-4c86-998f-375273f8a445@group-F47049CF8CE3-FollowerState] INFO  server.RaftServerConfigKeys (ConfUtils.java:logFallback(53)) - raft.server.rpc.first-election.timeout.min = 5s (fallback to raft.server.rpc.timeout.min)
2022-11-08 11:40:38,498 [426e857f-dbb4-4c86-998f-375273f8a445@group-F47049CF8CE3-FollowerState] INFO  server.RaftServerConfigKeys (ConfUtils.java:logFallback(53)) - raft.server.rpc.first-election.timeout.max = 5200ms (fallback to raft.server.rpc.timeout.max)
2022-11-08 11:40:38,501 [Command processor thread] INFO  ratis.XceiverServerRatis (XceiverServerRatis.java:addGroup(765)) - Created group PipelineID=cc5c7c1f-499c-4037-8091-f47049cf8ce3
2022-11-08 11:40:38,560 [Command processor thread] INFO  commandhandler.CreatePipelineCommandHandler (CreatePipelineCommandHandler.java:handle(113)) - Created Pipeline RATIS THREE PipelineID=cc5c7c1f-499c-4037-8091-f47049cf8ce3.
2022-11-08 11:40:38,594 [Command processor thread] INFO  commandhandler.CreatePipelineCommandHandler (CreatePipelineCommandHandler.java:handle(113)) - Created Pipeline RATIS THREE PipelineID=cc5c7c1f-499c-4037-8091-f47049cf8ce3.
2022-11-08 11:40:38,610 [Command processor thread] INFO  commandhandler.CreatePipelineCommandHandler (CreatePipelineCommandHandler.java:handle(113)) - Created Pipeline RATIS THREE PipelineID=cc5c7c1f-499c-4037-8091-f47049cf8ce3.
2022-11-08 11:40:38,640 [Listener at 127.0.0.1/34491] INFO  ozone.MiniOzoneClusterImpl (MiniOzoneClusterImpl.java:lambda$waitForClusterToBeReady$0(216)) - Nodes are ready. Got 6 of 6 DN Heartbeats.
2022-11-08 11:40:38,640 [Listener at 127.0.0.1/34491] INFO  ozone.MiniOzoneClusterImpl (MiniOzoneClusterImpl.java:lambda$waitForClusterToBeReady$0(219)) - Waiting for cluster to exit safe mode
2022-11-08 11:40:38,641 [Listener at 127.0.0.1/34491] INFO  ozone.MiniOzoneClusterImpl (MiniOzoneClusterImpl.java:lambda$waitForClusterToBeReady$0(221)) - SCM became leader
2022-11-08 11:40:38,733 [Command processor thread] INFO  server.RaftServer (RaftServerProxy.java:addNew(96)) - b82692f7-3e6b-41da-8c72-517365e0a845: addNew group-04770E223CE0:[b82692f7-3e6b-41da-8c72-517365e0a845|rpc:10.1.0.111:44405|priority:1|startupRole:FOLLOWER] returns group-04770E223CE0:java.util.concurrent.CompletableFuture@2451e104[Not completed]
2022-11-08 11:40:38,735 [pool-141-thread-1] INFO  server.RaftServer$Division (RaftServerImpl.java:<init>(195)) - b82692f7-3e6b-41da-8c72-517365e0a845: new RaftServerImpl for group-04770E223CE0:[b82692f7-3e6b-41da-8c72-517365e0a845|rpc:10.1.0.111:44405|priority:1|startupRole:FOLLOWER] with ContainerStateMachine:uninitialized
2022-11-08 11:40:38,735 [pool-141-thread-1] INFO  server.RaftServerConfigKeys (ConfUtils.java:logGet(46)) - raft.server.rpc.timeout.min = 5s (custom)
2022-11-08 11:40:38,735 [pool-141-thread-1] INFO  server.RaftServerConfigKeys (ConfUtils.java:logGet(46)) - raft.server.rpc.timeout.max = 5200ms (custom)
2022-11-08 11:40:38,736 [pool-141-thread-1] INFO  server.RaftServerConfigKeys (ConfUtils.java:logGet(46)) - raft.server.rpc.sleep.time = 25ms (default)
2022-11-08 11:40:38,736 [pool-141-thread-1] INFO  server.RaftServerConfigKeys (ConfUtils.java:logGet(46)) - raft.server.rpc.slowness.timeout = 300s (custom)
2022-11-08 11:40:38,736 [pool-141-thread-1] INFO  server.RaftServerConfigKeys (ConfUtils.java:logGet(46)) - raft.server.leaderelection.leader.step-down.wait-time = 10s (default)
2022-11-08 11:40:38,736 [pool-141-thread-1] INFO  server.RaftServerConfigKeys (ConfUtils.java:logGet(46)) - raft.server.sleep.deviation.threshold = 300ms (default)
2022-11-08 11:40:38,736 [pool-141-thread-1] INFO  server.RaftServer$Division (ServerState.java:<init>(118)) - b82692f7-3e6b-41da-8c72-517365e0a845@group-04770E223CE0: ConfigurationManager, init=-1: peers:[b82692f7-3e6b-41da-8c72-517365e0a845|rpc:10.1.0.111:44405|priority:1|startupRole:FOLLOWER]|listeners:[], old=null, confs=<EMPTY_MAP>
2022-11-08 11:40:38,737 [pool-141-thread-1] INFO  server.RaftServerConfigKeys (ConfUtils.java:logGet(46)) - raft.server.storage.dir = [/home/runner/work/ozone/ozone/hadoop-ozone/integration-test/target/test-dir/MiniOzoneClusterImpl-c61d2d68-5505-4298-888d-dd71e22caacf/datanode-3/data/ratis] (custom)
2022-11-08 11:40:38,737 [pool-141-thread-1] INFO  server.RaftServerConfigKeys (ConfUtils.java:logGet(46)) - raft.server.log.corruption.policy = EXCEPTION (default)
2022-11-08 11:40:38,737 [pool-141-thread-1] INFO  server.RaftServerConfigKeys (ConfUtils.java:logGet(46)) - raft.server.storage.free-space.min = 0MB (=0) (default)
2022-11-08 11:40:38,737 [pool-141-thread-1] INFO  server.RaftServerConfigKeys (ConfUtils.java:logGet(46)) - raft.server.notification.no-leader.timeout = 300s (custom)
2022-11-08 11:40:38,737 [pool-141-thread-1] INFO  server.RaftServerConfigKeys (ConfUtils.java:logGet(46)) - raft.server.retrycache.expirytime = 600000ms (custom)
2022-11-08 11:40:38,737 [pool-141-thread-1] INFO  server.RaftServerConfigKeys (ConfUtils.java:logGet(46)) - raft.server.retrycache.statistics.expirytime = 100μs (default)
2022-11-08 11:40:38,739 [pool-141-thread-1] INFO  server.RaftServerConfigKeys (ConfUtils.java:logGet(46)) - raft.server.log.appender.install.snapshot.enabled = false (custom)
2022-11-08 11:40:38,739 [pool-141-thread-1] INFO  server.RaftServerConfigKeys (ConfUtils.java:logGet(46)) - raft.server.threadpool.server.cached = true (default)
2022-11-08 11:40:38,739 [pool-141-thread-1] INFO  server.RaftServerConfigKeys (ConfUtils.java:logGet(46)) - raft.server.threadpool.server.size = 0 (default)
2022-11-08 11:40:38,739 [pool-141-thread-1] INFO  server.RaftServerConfigKeys (ConfUtils.java:logGet(46)) - raft.server.threadpool.client.cached = true (default)
2022-11-08 11:40:38,739 [pool-141-thread-1] INFO  server.RaftServerConfigKeys (ConfUtils.java:logGet(46)) - raft.server.threadpool.client.size = 0 (default)
2022-11-08 11:40:38,739 [pool-141-thread-1] INFO  storage.RaftStorageDirectory (RaftStorageDirectoryImpl.java:analyzeStorage(137)) - The storage directory /home/runner/work/ozone/ozone/hadoop-ozone/integration-test/target/test-dir/MiniOzoneClusterImpl-c61d2d68-5505-4298-888d-dd71e22caacf/datanode-3/data/ratis/4ff9d990-acae-4b5a-9f5e-04770e223ce0 does not exist. Creating ...
2022-11-08 11:40:38,741 [pool-141-thread-1] INFO  storage.RaftStorageDirectory (RaftStorageDirectoryImpl.java:tryLock(231)) - Lock on /home/runner/work/ozone/ozone/hadoop-ozone/integration-test/target/test-dir/MiniOzoneClusterImpl-c61d2d68-5505-4298-888d-dd71e22caacf/datanode-3/data/ratis/4ff9d990-acae-4b5a-9f5e-04770e223ce0/in_use.lock acquired by nodename 12130@fv-az573-890
2022-11-08 11:40:38,743 [pool-141-thread-1] INFO  storage.RaftStorage (RaftStorageImpl.java:format(96)) - Storage directory /home/runner/work/ozone/ozone/hadoop-ozone/integration-test/target/test-dir/MiniOzoneClusterImpl-c61d2d68-5505-4298-888d-dd71e22caacf/datanode-3/data/ratis/4ff9d990-acae-4b5a-9f5e-04770e223ce0 has been successfully formatted.
2022-11-08 11:40:38,744 [pool-141-thread-1] INFO  ratis.ContainerStateMachine (ContainerStateMachine.java:loadSnapshot(236)) - group-04770E223CE0: The snapshot info is null. Setting the last applied indexto:(t:0, i:~)
2022-11-08 11:40:38,744 [pool-141-thread-1] INFO  server.RaftServerConfigKeys (ConfUtils.java:logGet(46)) - raft.server.log.use.memory = false (default)
2022-11-08 11:40:38,744 [pool-141-thread-1] INFO  server.RaftServerConfigKeys (ConfUtils.java:logGet(46)) - raft.server.log.purge.gap = 1000000 (custom)
2022-11-08 11:40:38,747 [pool-141-thread-1] INFO  server.RaftServerConfigKeys (ConfUtils.java:logGet(46)) - raft.server.log.appender.buffer.byte-limit = 33554432 (custom)
2022-11-08 11:40:38,746 [EventQueue-PipelineReportForPipelineReportHandler] INFO  pipeline.PipelineManagerImpl (PipelineManagerImpl.java:openPipeline(367)) - Pipeline Pipeline[ Id: 4ff9d990-acae-4b5a-9f5e-04770e223ce0, Nodes: b82692f7-3e6b-41da-8c72-517365e0a845{ip: 10.1.0.111, host: fv-az573-890.uspngagyt4suddso0aj1djjezg.dx.internal.cloudapp.net, ports: [REPLICATION=43589, RATIS=44405, RATIS_ADMIN=44405, RATIS_SERVER=44405, STANDALONE=46559], networkLocation: /default-rack, certSerialId: null, persistedOpState: IN_SERVICE, persistedOpStateExpiryEpochSec: 0}, ReplicationConfig: RATIS/ONE, State:ALLOCATED, leaderId:b82692f7-3e6b-41da-8c72-517365e0a845, CreationTimestamp2022-11-08T11:40:35.736Z[Etc/UTC]] moved to OPEN state
2022-11-08 11:40:38,747 [pool-141-thread-1] INFO  server.RaftServerConfigKeys (ConfUtils.java:logGet(46)) - raft.server.log.statemachine.data.read.timeout = 1000ms (default)
2022-11-08 11:40:38,747 [pool-141-thread-1] INFO  server.RaftServerConfigKeys (ConfUtils.java:logGet(46)) - raft.server.log.purge.preservation.log.num = 0 (default)
2022-11-08 11:40:38,747 [pool-141-thread-1] INFO  server.RaftServerConfigKeys (ConfUtils.java:logGet(46)) - raft.server.log.segment.size.max = 1048576 (custom)
2022-11-08 11:40:38,748 [EventQueue-OpenPipelineForHealthyPipelineSafeModeRule] INFO  safemode.SCMSafeModeManager (HealthyPipelineSafeModeRule.java:process(137)) - SCM in safe mode. Healthy pipelines reported count is 0, required healthy pipeline reported count is 1
2022-11-08 11:40:38,749 [pool-141-thread-1] INFO  server.RaftServerConfigKeys (ConfUtils.java:logGet(46)) - raft.server.log.segment.cache.num.max = 2 (custom)
2022-11-08 11:40:38,749 [pool-141-thread-1] INFO  server.RaftServerConfigKeys (ConfUtils.java:logGet(46)) - raft.server.log.segment.cache.size.max = 200MB (=209715200) (default)
2022-11-08 11:40:38,749 [pool-141-thread-1] INFO  segmented.SegmentedRaftLogWorker (SegmentedRaftLogWorker.java:<init>(191)) - new b82692f7-3e6b-41da-8c72-517365e0a845@group-04770E223CE0-SegmentedRaftLogWorker for RaftStorageImpl:Storage Directory /home/runner/work/ozone/ozone/hadoop-ozone/integration-test/target/test-dir/MiniOzoneClusterImpl-c61d2d68-5505-4298-888d-dd71e22caacf/datanode-3/data/ratis/4ff9d990-acae-4b5a-9f5e-04770e223ce0
2022-11-08 11:40:38,750 [pool-141-thread-1] INFO  server.RaftServerConfigKeys (ConfUtils.java:logGet(46)) - raft.server.log.queue.byte-limit = 4294967296 (custom)
2022-11-08 11:40:38,750 [pool-141-thread-1] INFO  server.RaftServerConfigKeys (ConfUtils.java:logGet(46)) - raft.server.log.queue.element-limit = 1024 (custom)
2022-11-08 11:40:38,750 [pool-141-thread-1] INFO  server.RaftServerConfigKeys (ConfUtils.java:logGet(46)) - raft.server.log.segment.size.max = 1048576 (custom)
2022-11-08 11:40:38,750 [pool-141-thread-1] INFO  server.RaftServerConfigKeys (ConfUtils.java:logGet(46)) - raft.server.log.preallocated.size = 16384 (custom)
2022-11-08 11:40:38,750 [pool-141-thread-1] INFO  server.RaftServerConfigKeys (ConfUtils.java:logGet(46)) - raft.server.log.force.sync.num = 128 (default)
2022-11-08 11:40:38,750 [pool-141-thread-1] INFO  server.RaftServerConfigKeys (ConfUtils.java:logGet(46)) - raft.server.log.statemachine.data.sync = true (default)
2022-11-08 11:40:38,750 [pool-141-thread-1] INFO  server.RaftServerConfigKeys (ConfUtils.java:logGet(46)) - raft.server.log.statemachine.data.sync.timeout = 10s (default)
2022-11-08 11:40:38,750 [pool-141-thread-1] INFO  server.RaftServerConfigKeys (ConfUtils.java:logGet(46)) - raft.server.log.statemachine.data.sync.timeout.retry = -1 (default)
2022-11-08 11:40:38,752 [pool-141-thread-1] INFO  server.RaftServerConfigKeys (ConfUtils.java:logGet(46)) - raft.server.log.write.buffer.size = 1048576 (custom)
2022-11-08 11:40:38,752 [pool-141-thread-1] INFO  server.RaftServerConfigKeys (ConfUtils.java:logGet(46)) - raft.server.log.unsafe-flush.enabled = false (default)
2022-11-08 11:40:38,752 [pool-141-thread-1] INFO  server.RaftServerConfigKeys (ConfUtils.java:logGet(46)) - raft.server.log.async-flush.enabled = false (default)
2022-11-08 11:40:38,752 [pool-141-thread-1] INFO  server.RaftServerConfigKeys (ConfUtils.java:logGet(46)) - raft.server.log.statemachine.data.caching.enabled = true (custom)
2022-11-08 11:40:38,752 [pool-141-thread-1] INFO  segmented.SegmentedRaftLogWorker (SegmentedRaftLogWorker.java:lambda$new$0(136)) - b82692f7-3e6b-41da-8c72-517365e0a845@group-04770E223CE0-SegmentedRaftLogWorker: flushIndex: setUnconditionally 0 -> -1
2022-11-08 11:40:38,752 [pool-141-thread-1] INFO  segmented.SegmentedRaftLogWorker (SegmentedRaftLogWorker.java:lambda$new$0(136)) - b82692f7-3e6b-41da-8c72-517365e0a845@group-04770E223CE0-SegmentedRaftLogWorker: safeCacheEvictIndex: setUnconditionally 0 -> -1
2022-11-08 11:40:38,753 [pool-141-thread-1] INFO  server.RaftServer$Division (RaftServerImpl.java:start(334)) - b82692f7-3e6b-41da-8c72-517365e0a845@group-04770E223CE0: start as a follower, conf=-1: peers:[b82692f7-3e6b-41da-8c72-517365e0a845|rpc:10.1.0.111:44405|priority:1|startupRole:FOLLOWER]|listeners:[], old=null
2022-11-08 11:40:38,753 [pool-141-thread-1] INFO  server.RaftServer$Division (RaftServerImpl.java:setRole(321)) - b82692f7-3e6b-41da-8c72-517365e0a845@group-04770E223CE0: changes role from      null to FOLLOWER at term 0 for startAsFollower
2022-11-08 11:40:38,753 [pool-141-thread-1] INFO  impl.RoleInfo (RoleInfo.java:updateAndGet(139)) - b82692f7-3e6b-41da-8c72-517365e0a845: start b82692f7-3e6b-41da-8c72-517365e0a845@group-04770E223CE0-FollowerState
2022-11-08 11:40:38,755 [pool-141-thread-1] INFO  util.JmxRegister (JmxRegister.java:tryRegister(44)) - Successfully registered JMX Bean with object name Ratis:service=RaftServer,group=group-04770E223CE0,id=b82692f7-3e6b-41da-8c72-517365e0a845
2022-11-08 11:40:38,755 [b82692f7-3e6b-41da-8c72-517365e0a845@group-04770E223CE0-FollowerState] INFO  server.RaftServerConfigKeys (ConfUtils.java:logFallback(53)) - raft.server.rpc.first-election.timeout.min = 5s (fallback to raft.server.rpc.timeout.min)
2022-11-08 11:40:38,755 [pool-141-thread-1] INFO  server.RaftServerConfigKeys (ConfUtils.java:logGet(46)) - raft.server.snapshot.auto.trigger.enabled = true (custom)
2022-11-08 11:40:38,755 [b82692f7-3e6b-41da-8c72-517365e0a845@group-04770E223CE0-FollowerState] INFO  server.RaftServerConfigKeys (ConfUtils.java:logFallback(53)) - raft.server.rpc.first-election.timeout.max = 5200ms (fallback to raft.server.rpc.timeout.max)
2022-11-08 11:40:38,755 [pool-141-thread-1] INFO  server.RaftServerConfigKeys (ConfUtils.java:logGet(46)) - raft.server.snapshot.auto.trigger.threshold = 10000 (custom)
2022-11-08 11:40:38,755 [pool-141-thread-1] INFO  server.RaftServerConfigKeys (ConfUtils.java:logGet(46)) - raft.server.snapshot.retention.file.num = 5 (custom)
2022-11-08 11:40:38,756 [pool-141-thread-1] INFO  server.RaftServerConfigKeys (ConfUtils.java:logGet(46)) - raft.server.log.purge.upto.snapshot.index = false (default)
2022-11-08 11:40:38,757 [Command processor thread] INFO  ratis.XceiverServerRatis (XceiverServerRatis.java:addGroup(765)) - Created group PipelineID=4ff9d990-acae-4b5a-9f5e-04770e223ce0
2022-11-08 11:40:38,757 [Command processor thread] INFO  commandhandler.CreatePipelineCommandHandler (CreatePipelineCommandHandler.java:handle(113)) - Created Pipeline RATIS ONE PipelineID=4ff9d990-acae-4b5a-9f5e-04770e223ce0.
2022-11-08 11:40:38,757 [Command processor thread] INFO  server.RaftServer (RaftServerProxy.java:addNew(96)) - b82692f7-3e6b-41da-8c72-517365e0a845: addNew group-C9CEE55CC8A6:[8949e68c-e95d-4b98-a083-33911916c13e|rpc:10.1.0.111:39377|priority:0|startupRole:FOLLOWER, d94fe112-7331-4555-8545-ea5a46cf3e05|rpc:10.1.0.111:45971|priority:0|startupRole:FOLLOWER, b82692f7-3e6b-41da-8c72-517365e0a845|rpc:10.1.0.111:44405|priority:1|startupRole:FOLLOWER] returns group-C9CEE55CC8A6:java.util.concurrent.CompletableFuture@206e6156[Not completed]
2022-11-08 11:40:38,759 [pool-141-thread-1] INFO  server.RaftServer$Division (RaftServerImpl.java:<init>(195)) - b82692f7-3e6b-41da-8c72-517365e0a845: new RaftServerImpl for group-C9CEE55CC8A6:[8949e68c-e95d-4b98-a083-33911916c13e|rpc:10.1.0.111:39377|priority:0|startupRole:FOLLOWER, d94fe112-7331-4555-8545-ea5a46cf3e05|rpc:10.1.0.111:45971|priority:0|startupRole:FOLLOWER, b82692f7-3e6b-41da-8c72-517365e0a845|rpc:10.1.0.111:44405|priority:1|startupRole:FOLLOWER] with ContainerStateMachine:uninitialized
2022-11-08 11:40:38,759 [pool-141-thread-1] INFO  server.RaftServerConfigKeys (ConfUtils.java:logGet(46)) - raft.server.rpc.timeout.min = 5s (custom)
2022-11-08 11:40:38,759 [pool-141-thread-1] INFO  server.RaftServerConfigKeys (ConfUtils.java:logGet(46)) - raft.server.rpc.timeout.max = 5200ms (custom)
2022-11-08 11:40:38,759 [pool-141-thread-1] INFO  server.RaftServerConfigKeys (ConfUtils.java:logGet(46)) - raft.server.rpc.sleep.time = 25ms (default)
2022-11-08 11:40:38,759 [pool-141-thread-1] INFO  server.RaftServerConfigKeys (ConfUtils.java:logGet(46)) - raft.server.rpc.slowness.timeout = 300s (custom)
2022-11-08 11:40:38,759 [pool-141-thread-1] INFO  server.RaftServerConfigKeys (ConfUtils.java:logGet(46)) - raft.server.leaderelection.leader.step-down.wait-time = 10s (default)
2022-11-08 11:40:38,759 [pool-141-thread-1] INFO  server.RaftServerConfigKeys (ConfUtils.java:logGet(46)) - raft.server.sleep.deviation.threshold = 300ms (default)
2022-11-08 11:40:38,759 [pool-141-thread-1] INFO  server.RaftServer$Division (ServerState.java:<init>(118)) - b82692f7-3e6b-41da-8c72-517365e0a845@group-C9CEE55CC8A6: ConfigurationManager, init=-1: peers:[8949e68c-e95d-4b98-a083-33911916c13e|rpc:10.1.0.111:39377|priority:0|startupRole:FOLLOWER, d94fe112-7331-4555-8545-ea5a46cf3e05|rpc:10.1.0.111:45971|priority:0|startupRole:FOLLOWER, b82692f7-3e6b-41da-8c72-517365e0a845|rpc:10.1.0.111:44405|priority:1|startupRole:FOLLOWER]|listeners:[], old=null, confs=<EMPTY_MAP>
2022-11-08 11:40:38,760 [pool-141-thread-1] INFO  server.RaftServerConfigKeys (ConfUtils.java:logGet(46)) - raft.server.storage.dir = [/home/runner/work/ozone/ozone/hadoop-ozone/integration-test/target/test-dir/MiniOzoneClusterImpl-c61d2d68-5505-4298-888d-dd71e22caacf/datanode-3/data/ratis] (custom)
2022-11-08 11:40:38,760 [pool-141-thread-1] INFO  server.RaftServerConfigKeys (ConfUtils.java:logGet(46)) - raft.server.log.corruption.policy = EXCEPTION (default)
2022-11-08 11:40:38,760 [pool-141-thread-1] INFO  server.RaftServerConfigKeys (ConfUtils.java:logGet(46)) - raft.server.storage.free-space.min = 0MB (=0) (default)
2022-11-08 11:40:38,760 [pool-141-thread-1] INFO  server.RaftServerConfigKeys (ConfUtils.java:logGet(46)) - raft.server.notification.no-leader.timeout = 300s (custom)
2022-11-08 11:40:38,760 [pool-141-thread-1] INFO  server.RaftServerConfigKeys (ConfUtils.java:logGet(46)) - raft.server.retrycache.expirytime = 600000ms (custom)
2022-11-08 11:40:38,760 [pool-141-thread-1] INFO  server.RaftServerConfigKeys (ConfUtils.java:logGet(46)) - raft.server.retrycache.statistics.expirytime = 100μs (default)
2022-11-08 11:40:38,766 [pool-141-thread-1] INFO  server.RaftServerConfigKeys (ConfUtils.java:logGet(46)) - raft.server.log.appender.install.snapshot.enabled = false (custom)
2022-11-08 11:40:38,766 [pool-141-thread-1] INFO  server.RaftServerConfigKeys (ConfUtils.java:logGet(46)) - raft.server.threadpool.server.cached = true (default)
2022-11-08 11:40:38,766 [pool-141-thread-1] INFO  server.RaftServerConfigKeys (ConfUtils.java:logGet(46)) - raft.server.threadpool.server.size = 0 (default)
2022-11-08 11:40:38,766 [pool-141-thread-1] INFO  server.RaftServerConfigKeys (ConfUtils.java:logGet(46)) - raft.server.threadpool.client.cached = true (default)
2022-11-08 11:40:38,766 [pool-141-thread-1] INFO  server.RaftServerConfigKeys (ConfUtils.java:logGet(46)) - raft.server.threadpool.client.size = 0 (default)
2022-11-08 11:40:38,766 [pool-141-thread-1] INFO  storage.RaftStorageDirectory (RaftStorageDirectoryImpl.java:analyzeStorage(137)) - The storage directory /home/runner/work/ozone/ozone/hadoop-ozone/integration-test/target/test-dir/MiniOzoneClusterImpl-c61d2d68-5505-4298-888d-dd71e22caacf/datanode-3/data/ratis/bbe78ed5-a254-4e10-a016-c9cee55cc8a6 does not exist. Creating ...
2022-11-08 11:40:38,768 [pool-141-thread-1] INFO  storage.RaftStorageDirectory (RaftStorageDirectoryImpl.java:tryLock(231)) - Lock on /home/runner/work/ozone/ozone/hadoop-ozone/integration-test/target/test-dir/MiniOzoneClusterImpl-c61d2d68-5505-4298-888d-dd71e22caacf/datanode-3/data/ratis/bbe78ed5-a254-4e10-a016-c9cee55cc8a6/in_use.lock acquired by nodename 12130@fv-az573-890
2022-11-08 11:40:38,770 [pool-141-thread-1] INFO  storage.RaftStorage (RaftStorageImpl.java:format(96)) - Storage directory /home/runner/work/ozone/ozone/hadoop-ozone/integration-test/target/test-dir/MiniOzoneClusterImpl-c61d2d68-5505-4298-888d-dd71e22caacf/datanode-3/data/ratis/bbe78ed5-a254-4e10-a016-c9cee55cc8a6 has been successfully formatted.
2022-11-08 11:40:38,770 [pool-141-thread-1] INFO  ratis.ContainerStateMachine (ContainerStateMachine.java:loadSnapshot(236)) - group-C9CEE55CC8A6: The snapshot info is null. Setting the last applied indexto:(t:0, i:~)
2022-11-08 11:40:38,771 [pool-141-thread-1] INFO  server.RaftServerConfigKeys (ConfUtils.java:logGet(46)) - raft.server.log.use.memory = false (default)
2022-11-08 11:40:38,771 [pool-141-thread-1] INFO  server.RaftServerConfigKeys (ConfUtils.java:logGet(46)) - raft.server.log.purge.gap = 1000000 (custom)
2022-11-08 11:40:38,771 [pool-141-thread-1] INFO  server.RaftServerConfigKeys (ConfUtils.java:logGet(46)) - raft.server.log.appender.buffer.byte-limit = 33554432 (custom)
2022-11-08 11:40:38,771 [pool-141-thread-1] INFO  server.RaftServerConfigKeys (ConfUtils.java:logGet(46)) - raft.server.log.statemachine.data.read.timeout = 1000ms (default)
2022-11-08 11:40:38,771 [pool-141-thread-1] INFO  server.RaftServerConfigKeys (ConfUtils.java:logGet(46)) - raft.server.log.purge.preservation.log.num = 0 (default)
2022-11-08 11:40:38,772 [pool-141-thread-1] INFO  server.RaftServerConfigKeys (ConfUtils.java:logGet(46)) - raft.server.log.segment.size.max = 1048576 (custom)
2022-11-08 11:40:38,773 [EventQueue-OpenPipelineForHealthyPipelineSafeModeRule] INFO  safemode.SCMSafeModeManager (HealthyPipelineSafeModeRule.java:process(137)) - SCM in safe mode. Healthy pipelines reported count is 0, required healthy pipeline reported count is 1
2022-11-08 11:40:38,776 [pool-141-thread-1] INFO  server.RaftServerConfigKeys (ConfUtils.java:logGet(46)) - raft.server.log.segment.cache.num.max = 2 (custom)
2022-11-08 11:40:38,777 [pool-141-thread-1] INFO  server.RaftServerConfigKeys (ConfUtils.java:logGet(46)) - raft.server.log.segment.cache.size.max = 200MB (=209715200) (default)
2022-11-08 11:40:38,777 [pool-141-thread-1] INFO  segmented.SegmentedRaftLogWorker (SegmentedRaftLogWorker.java:<init>(191)) - new b82692f7-3e6b-41da-8c72-517365e0a845@group-C9CEE55CC8A6-SegmentedRaftLogWorker for RaftStorageImpl:Storage Directory /home/runner/work/ozone/ozone/hadoop-ozone/integration-test/target/test-dir/MiniOzoneClusterImpl-c61d2d68-5505-4298-888d-dd71e22caacf/datanode-3/data/ratis/bbe78ed5-a254-4e10-a016-c9cee55cc8a6
2022-11-08 11:40:38,777 [pool-141-thread-1] INFO  server.RaftServerConfigKeys (ConfUtils.java:logGet(46)) - raft.server.log.queue.byte-limit = 4294967296 (custom)
2022-11-08 11:40:38,777 [pool-141-thread-1] INFO  server.RaftServerConfigKeys (ConfUtils.java:logGet(46)) - raft.server.log.queue.element-limit = 1024 (custom)
2022-11-08 11:40:38,777 [pool-141-thread-1] INFO  server.RaftServerConfigKeys (ConfUtils.java:logGet(46)) - raft.server.log.segment.size.max = 1048576 (custom)
2022-11-08 11:40:38,777 [pool-141-thread-1] INFO  server.RaftServerConfigKeys (ConfUtils.java:logGet(46)) - raft.server.log.preallocated.size = 16384 (custom)
2022-11-08 11:40:38,777 [pool-141-thread-1] INFO  server.RaftServerConfigKeys (ConfUtils.java:logGet(46)) - raft.server.log.force.sync.num = 128 (default)
2022-11-08 11:40:38,778 [pool-141-thread-1] INFO  server.RaftServerConfigKeys (ConfUtils.java:logGet(46)) - raft.server.log.statemachine.data.sync = true (default)
2022-11-08 11:40:38,778 [pool-141-thread-1] INFO  server.RaftServerConfigKeys (ConfUtils.java:logGet(46)) - raft.server.log.statemachine.data.sync.timeout = 10s (default)
2022-11-08 11:40:38,778 [pool-141-thread-1] INFO  server.RaftServerConfigKeys (ConfUtils.java:logGet(46)) - raft.server.log.statemachine.data.sync.timeout.retry = -1 (default)
2022-11-08 11:40:38,780 [pool-141-thread-1] INFO  server.RaftServerConfigKeys (ConfUtils.java:logGet(46)) - raft.server.log.write.buffer.size = 1048576 (custom)
2022-11-08 11:40:38,780 [pool-141-thread-1] INFO  server.RaftServerConfigKeys (ConfUtils.java:logGet(46)) - raft.server.log.unsafe-flush.enabled = false (default)
2022-11-08 11:40:38,780 [pool-141-thread-1] INFO  server.RaftServerConfigKeys (ConfUtils.java:logGet(46)) - raft.server.log.async-flush.enabled = false (default)
2022-11-08 11:40:38,780 [pool-141-thread-1] INFO  server.RaftServerConfigKeys (ConfUtils.java:logGet(46)) - raft.server.log.statemachine.data.caching.enabled = true (custom)
2022-11-08 11:40:38,780 [pool-141-thread-1] INFO  segmented.SegmentedRaftLogWorker (SegmentedRaftLogWorker.java:lambda$new$0(136)) - b82692f7-3e6b-41da-8c72-517365e0a845@group-C9CEE55CC8A6-SegmentedRaftLogWorker: flushIndex: setUnconditionally 0 -> -1
2022-11-08 11:40:38,781 [pool-141-thread-1] INFO  segmented.SegmentedRaftLogWorker (SegmentedRaftLogWorker.java:lambda$new$0(136)) - b82692f7-3e6b-41da-8c72-517365e0a845@group-C9CEE55CC8A6-SegmentedRaftLogWorker: safeCacheEvictIndex: setUnconditionally 0 -> -1
2022-11-08 11:40:38,781 [pool-141-thread-1] INFO  server.RaftServer$Division (RaftServerImpl.java:start(334)) - b82692f7-3e6b-41da-8c72-517365e0a845@group-C9CEE55CC8A6: start as a follower, conf=-1: peers:[8949e68c-e95d-4b98-a083-33911916c13e|rpc:10.1.0.111:39377|priority:0|startupRole:FOLLOWER, d94fe112-7331-4555-8545-ea5a46cf3e05|rpc:10.1.0.111:45971|priority:0|startupRole:FOLLOWER, b82692f7-3e6b-41da-8c72-517365e0a845|rpc:10.1.0.111:44405|priority:1|startupRole:FOLLOWER]|listeners:[], old=null
2022-11-08 11:40:38,781 [pool-141-thread-1] INFO  server.RaftServer$Division (RaftServerImpl.java:setRole(321)) - b82692f7-3e6b-41da-8c72-517365e0a845@group-C9CEE55CC8A6: changes role from      null to FOLLOWER at term 0 for startAsFollower
2022-11-08 11:40:38,781 [pool-141-thread-1] INFO  impl.RoleInfo (RoleInfo.java:updateAndGet(139)) - b82692f7-3e6b-41da-8c72-517365e0a845: start b82692f7-3e6b-41da-8c72-517365e0a845@group-C9CEE55CC8A6-FollowerState
2022-11-08 11:40:38,781 [pool-141-thread-1] INFO  util.JmxRegister (JmxRegister.java:tryRegister(44)) - Successfully registered JMX Bean with object name Ratis:service=RaftServer,group=group-C9CEE55CC8A6,id=b82692f7-3e6b-41da-8c72-517365e0a845
2022-11-08 11:40:38,781 [pool-141-thread-1] INFO  server.RaftServerConfigKeys (ConfUtils.java:logGet(46)) - raft.server.snapshot.auto.trigger.enabled = true (custom)
2022-11-08 11:40:38,781 [pool-141-thread-1] INFO  server.RaftServerConfigKeys (ConfUtils.java:logGet(46)) - raft.server.snapshot.auto.trigger.threshold = 10000 (custom)
2022-11-08 11:40:38,782 [pool-141-thread-1] INFO  server.RaftServerConfigKeys (ConfUtils.java:logGet(46)) - raft.server.snapshot.retention.file.num = 5 (custom)
2022-11-08 11:40:38,782 [pool-141-thread-1] INFO  server.RaftServerConfigKeys (ConfUtils.java:logGet(46)) - raft.server.log.purge.upto.snapshot.index = false (default)
2022-11-08 11:40:38,782 [b82692f7-3e6b-41da-8c72-517365e0a845@group-C9CEE55CC8A6-FollowerState] INFO  server.RaftServerConfigKeys (ConfUtils.java:logFallback(53)) - raft.server.rpc.first-election.timeout.min = 5s (fallback to raft.server.rpc.timeout.min)
2022-11-08 11:40:38,783 [b82692f7-3e6b-41da-8c72-517365e0a845@group-C9CEE55CC8A6-FollowerState] INFO  server.RaftServerConfigKeys (ConfUtils.java:logFallback(53)) - raft.server.rpc.first-election.timeout.max = 5200ms (fallback to raft.server.rpc.timeout.max)
2022-11-08 11:40:38,788 [Command processor thread] INFO  ratis.XceiverServerRatis (XceiverServerRatis.java:addGroup(765)) - Created group PipelineID=bbe78ed5-a254-4e10-a016-c9cee55cc8a6
2022-11-08 11:40:38,804 [grpc-default-executor-2] INFO  server.RaftServer (RaftServerProxy.java:addNew(96)) - d94fe112-7331-4555-8545-ea5a46cf3e05: addNew group-C9CEE55CC8A6:[8949e68c-e95d-4b98-a083-33911916c13e|rpc:10.1.0.111:39377|dataStream:|priority:0|startupRole:FOLLOWER, d94fe112-7331-4555-8545-ea5a46cf3e05|rpc:10.1.0.111:45971|dataStream:|priority:0|startupRole:FOLLOWER, b82692f7-3e6b-41da-8c72-517365e0a845|rpc:10.1.0.111:44405|dataStream:|priority:1|startupRole:FOLLOWER] returns group-C9CEE55CC8A6:java.util.concurrent.CompletableFuture@73839371[Not completed]
2022-11-08 11:40:38,808 [pool-164-thread-1] INFO  server.RaftServer$Division (RaftServerImpl.java:<init>(195)) - d94fe112-7331-4555-8545-ea5a46cf3e05: new RaftServerImpl for group-C9CEE55CC8A6:[8949e68c-e95d-4b98-a083-33911916c13e|rpc:10.1.0.111:39377|dataStream:|priority:0|startupRole:FOLLOWER, d94fe112-7331-4555-8545-ea5a46cf3e05|rpc:10.1.0.111:45971|dataStream:|priority:0|startupRole:FOLLOWER, b82692f7-3e6b-41da-8c72-517365e0a845|rpc:10.1.0.111:44405|dataStream:|priority:1|startupRole:FOLLOWER] with ContainerStateMachine:uninitialized
2022-11-08 11:40:38,809 [pool-164-thread-1] INFO  server.RaftServerConfigKeys (ConfUtils.java:logGet(46)) - raft.server.rpc.timeout.min = 5s (custom)
2022-11-08 11:40:38,809 [pool-164-thread-1] INFO  server.RaftServerConfigKeys (ConfUtils.java:logGet(46)) - raft.server.rpc.timeout.max = 5200ms (custom)
2022-11-08 11:40:38,809 [pool-164-thread-1] INFO  server.RaftServerConfigKeys (ConfUtils.java:logGet(46)) - raft.server.rpc.sleep.time = 25ms (default)
2022-11-08 11:40:38,809 [pool-164-thread-1] INFO  server.RaftServerConfigKeys (ConfUtils.java:logGet(46)) - raft.server.rpc.slowness.timeout = 300s (custom)
2022-11-08 11:40:38,809 [pool-164-thread-1] INFO  server.RaftServerConfigKeys (ConfUtils.java:logGet(46)) - raft.server.leaderelection.leader.step-down.wait-time = 10s (default)
2022-11-08 11:40:38,809 [pool-164-thread-1] INFO  server.RaftServerConfigKeys (ConfUtils.java:logGet(46)) - raft.server.sleep.deviation.threshold = 300ms (default)
2022-11-08 11:40:38,810 [pool-164-thread-1] INFO  server.RaftServer$Division (ServerState.java:<init>(118)) - d94fe112-7331-4555-8545-ea5a46cf3e05@group-C9CEE55CC8A6: ConfigurationManager, init=-1: peers:[8949e68c-e95d-4b98-a083-33911916c13e|rpc:10.1.0.111:39377|dataStream:|priority:0|startupRole:FOLLOWER, d94fe112-7331-4555-8545-ea5a46cf3e05|rpc:10.1.0.111:45971|dataStream:|priority:0|startupRole:FOLLOWER, b82692f7-3e6b-41da-8c72-517365e0a845|rpc:10.1.0.111:44405|dataStream:|priority:1|startupRole:FOLLOWER]|listeners:[], old=null, confs=<EMPTY_MAP>
2022-11-08 11:40:38,810 [pool-164-thread-1] INFO  server.RaftServerConfigKeys (ConfUtils.java:logGet(46)) - raft.server.storage.dir = [/home/runner/work/ozone/ozone/hadoop-ozone/integration-test/target/test-dir/MiniOzoneClusterImpl-c61d2d68-5505-4298-888d-dd71e22caacf/datanode-4/data/ratis] (custom)
2022-11-08 11:40:38,810 [pool-164-thread-1] INFO  server.RaftServerConfigKeys (ConfUtils.java:logGet(46)) - raft.server.log.corruption.policy = EXCEPTION (default)
2022-11-08 11:40:38,810 [pool-164-thread-1] INFO  server.RaftServerConfigKeys (ConfUtils.java:logGet(46)) - raft.server.storage.free-space.min = 0MB (=0) (default)
2022-11-08 11:40:38,810 [pool-164-thread-1] INFO  server.RaftServerConfigKeys (ConfUtils.java:logGet(46)) - raft.server.notification.no-leader.timeout = 300s (custom)
2022-11-08 11:40:38,810 [pool-164-thread-1] INFO  server.RaftServerConfigKeys (ConfUtils.java:logGet(46)) - raft.server.retrycache.expirytime = 600000ms (custom)
2022-11-08 11:40:38,810 [pool-164-thread-1] INFO  server.RaftServerConfigKeys (ConfUtils.java:logGet(46)) - raft.server.retrycache.statistics.expirytime = 100μs (default)
2022-11-08 11:40:38,813 [pool-164-thread-1] INFO  server.RaftServerConfigKeys (ConfUtils.java:logGet(46)) - raft.server.log.appender.install.snapshot.enabled = false (custom)
2022-11-08 11:40:38,813 [pool-164-thread-1] INFO  server.RaftServerConfigKeys (ConfUtils.java:logGet(46)) - raft.server.threadpool.server.cached = true (default)
2022-11-08 11:40:38,813 [pool-164-thread-1] INFO  server.RaftServerConfigKeys (ConfUtils.java:logGet(46)) - raft.server.threadpool.server.size = 0 (default)
2022-11-08 11:40:38,813 [pool-164-thread-1] INFO  server.RaftServerConfigKeys (ConfUtils.java:logGet(46)) - raft.server.threadpool.client.cached = true (default)
2022-11-08 11:40:38,813 [pool-164-thread-1] INFO  server.RaftServerConfigKeys (ConfUtils.java:logGet(46)) - raft.server.threadpool.client.size = 0 (default)
2022-11-08 11:40:38,813 [pool-164-thread-1] INFO  storage.RaftStorageDirectory (RaftStorageDirectoryImpl.java:analyzeStorage(137)) - The storage directory /home/runner/work/ozone/ozone/hadoop-ozone/integration-test/target/test-dir/MiniOzoneClusterImpl-c61d2d68-5505-4298-888d-dd71e22caacf/datanode-4/data/ratis/bbe78ed5-a254-4e10-a016-c9cee55cc8a6 does not exist. Creating ...
2022-11-08 11:40:38,815 [pool-164-thread-1] INFO  storage.RaftStorageDirectory (RaftStorageDirectoryImpl.java:tryLock(231)) - Lock on /home/runner/work/ozone/ozone/hadoop-ozone/integration-test/target/test-dir/MiniOzoneClusterImpl-c61d2d68-5505-4298-888d-dd71e22caacf/datanode-4/data/ratis/bbe78ed5-a254-4e10-a016-c9cee55cc8a6/in_use.lock acquired by nodename 12130@fv-az573-890
2022-11-08 11:40:38,816 [pool-164-thread-1] INFO  storage.RaftStorage (RaftStorageImpl.java:format(96)) - Storage directory /home/runner/work/ozone/ozone/hadoop-ozone/integration-test/target/test-dir/MiniOzoneClusterImpl-c61d2d68-5505-4298-888d-dd71e22caacf/datanode-4/data/ratis/bbe78ed5-a254-4e10-a016-c9cee55cc8a6 has been successfully formatted.
2022-11-08 11:40:38,818 [pool-164-thread-1] INFO  ratis.ContainerStateMachine (ContainerStateMachine.java:loadSnapshot(236)) - group-C9CEE55CC8A6: The snapshot info is null. Setting the last applied indexto:(t:0, i:~)
2022-11-08 11:40:38,818 [pool-164-thread-1] INFO  server.RaftServerConfigKeys (ConfUtils.java:logGet(46)) - raft.server.log.use.memory = false (default)
2022-11-08 11:40:38,818 [pool-164-thread-1] INFO  server.RaftServerConfigKeys (ConfUtils.java:logGet(46)) - raft.server.log.purge.gap = 1000000 (custom)
2022-11-08 11:40:38,818 [pool-164-thread-1] INFO  server.RaftServerConfigKeys (ConfUtils.java:logGet(46)) - raft.server.log.appender.buffer.byte-limit = 33554432 (custom)
2022-11-08 11:40:38,824 [pool-164-thread-1] INFO  server.RaftServerConfigKeys (ConfUtils.java:logGet(46)) - raft.server.log.statemachine.data.read.timeout = 1000ms (default)
2022-11-08 11:40:38,825 [pool-164-thread-1] INFO  server.RaftServerConfigKeys (ConfUtils.java:logGet(46)) - raft.server.log.purge.preservation.log.num = 0 (default)
2022-11-08 11:40:38,829 [pool-164-thread-1] INFO  server.RaftServerConfigKeys (ConfUtils.java:logGet(46)) - raft.server.log.segment.size.max = 1048576 (custom)
2022-11-08 11:40:38,829 [pool-164-thread-1] INFO  server.RaftServerConfigKeys (ConfUtils.java:logGet(46)) - raft.server.log.segment.cache.num.max = 2 (custom)
2022-11-08 11:40:38,829 [pool-164-thread-1] INFO  server.RaftServerConfigKeys (ConfUtils.java:logGet(46)) - raft.server.log.segment.cache.size.max = 200MB (=209715200) (default)
2022-11-08 11:40:38,829 [pool-164-thread-1] INFO  segmented.SegmentedRaftLogWorker (SegmentedRaftLogWorker.java:<init>(191)) - new d94fe112-7331-4555-8545-ea5a46cf3e05@group-C9CEE55CC8A6-SegmentedRaftLogWorker for RaftStorageImpl:Storage Directory /home/runner/work/ozone/ozone/hadoop-ozone/integration-test/target/test-dir/MiniOzoneClusterImpl-c61d2d68-5505-4298-888d-dd71e22caacf/datanode-4/data/ratis/bbe78ed5-a254-4e10-a016-c9cee55cc8a6
2022-11-08 11:40:38,830 [pool-164-thread-1] INFO  server.RaftServerConfigKeys (ConfUtils.java:logGet(46)) - raft.server.log.queue.byte-limit = 4294967296 (custom)
2022-11-08 11:40:38,830 [pool-164-thread-1] INFO  server.RaftServerConfigKeys (ConfUtils.java:logGet(46)) - raft.server.log.queue.element-limit = 1024 (custom)
2022-11-08 11:40:38,830 [pool-164-thread-1] INFO  server.RaftServerConfigKeys (ConfUtils.java:logGet(46)) - raft.server.log.segment.size.max = 1048576 (custom)
2022-11-08 11:40:38,830 [pool-164-thread-1] INFO  server.RaftServerConfigKeys (ConfUtils.java:logGet(46)) - raft.server.log.preallocated.size = 16384 (custom)
2022-11-08 11:40:38,830 [pool-164-thread-1] INFO  server.RaftServerConfigKeys (ConfUtils.java:logGet(46)) - raft.server.log.force.sync.num = 128 (default)
2022-11-08 11:40:38,830 [pool-164-thread-1] INFO  server.RaftServerConfigKeys (ConfUtils.java:logGet(46)) - raft.server.log.statemachine.data.sync = true (default)
2022-11-08 11:40:38,830 [pool-164-thread-1] INFO  server.RaftServerConfigKeys (ConfUtils.java:logGet(46)) - raft.server.log.statemachine.data.sync.timeout = 10s (default)
2022-11-08 11:40:38,830 [pool-164-thread-1] INFO  server.RaftServerConfigKeys (ConfUtils.java:logGet(46)) - raft.server.log.statemachine.data.sync.timeout.retry = -1 (default)
2022-11-08 11:40:38,835 [pool-164-thread-1] INFO  server.RaftServerConfigKeys (ConfUtils.java:logGet(46)) - raft.server.log.write.buffer.size = 1048576 (custom)
2022-11-08 11:40:38,836 [pool-164-thread-1] INFO  server.RaftServerConfigKeys (ConfUtils.java:logGet(46)) - raft.server.log.unsafe-flush.enabled = false (default)
2022-11-08 11:40:38,836 [pool-164-thread-1] INFO  server.RaftServerConfigKeys (ConfUtils.java:logGet(46)) - raft.server.log.async-flush.enabled = false (default)
2022-11-08 11:40:38,836 [pool-164-thread-1] INFO  server.RaftServerConfigKeys (ConfUtils.java:logGet(46)) - raft.server.log.statemachine.data.caching.enabled = true (custom)
2022-11-08 11:40:38,836 [pool-164-thread-1] INFO  segmented.SegmentedRaftLogWorker (SegmentedRaftLogWorker.java:lambda$new$0(136)) - d94fe112-7331-4555-8545-ea5a46cf3e05@group-C9CEE55CC8A6-SegmentedRaftLogWorker: flushIndex: setUnconditionally 0 -> -1
2022-11-08 11:40:38,836 [pool-164-thread-1] INFO  segmented.SegmentedRaftLogWorker (SegmentedRaftLogWorker.java:lambda$new$0(136)) - d94fe112-7331-4555-8545-ea5a46cf3e05@group-C9CEE55CC8A6-SegmentedRaftLogWorker: safeCacheEvictIndex: setUnconditionally 0 -> -1
2022-11-08 11:40:38,837 [pool-164-thread-1] INFO  server.RaftServer$Division (RaftServerImpl.java:start(334)) - d94fe112-7331-4555-8545-ea5a46cf3e05@group-C9CEE55CC8A6: start as a follower, conf=-1: peers:[8949e68c-e95d-4b98-a083-33911916c13e|rpc:10.1.0.111:39377|dataStream:|priority:0|startupRole:FOLLOWER, d94fe112-7331-4555-8545-ea5a46cf3e05|rpc:10.1.0.111:45971|dataStream:|priority:0|startupRole:FOLLOWER, b82692f7-3e6b-41da-8c72-517365e0a845|rpc:10.1.0.111:44405|dataStream:|priority:1|startupRole:FOLLOWER]|listeners:[], old=null
2022-11-08 11:40:38,837 [pool-164-thread-1] INFO  server.RaftServer$Division (RaftServerImpl.java:setRole(321)) - d94fe112-7331-4555-8545-ea5a46cf3e05@group-C9CEE55CC8A6: changes role from      null to FOLLOWER at term 0 for startAsFollower
2022-11-08 11:40:38,837 [pool-164-thread-1] INFO  impl.RoleInfo (RoleInfo.java:updateAndGet(139)) - d94fe112-7331-4555-8545-ea5a46cf3e05: start d94fe112-7331-4555-8545-ea5a46cf3e05@group-C9CEE55CC8A6-FollowerState
2022-11-08 11:40:38,841 [pool-164-thread-1] INFO  util.JmxRegister (JmxRegister.java:tryRegister(44)) - Successfully registered JMX Bean with object name Ratis:service=RaftServer,group=group-C9CEE55CC8A6,id=d94fe112-7331-4555-8545-ea5a46cf3e05
2022-11-08 11:40:38,841 [d94fe112-7331-4555-8545-ea5a46cf3e05@group-C9CEE55CC8A6-FollowerState] INFO  server.RaftServerConfigKeys (ConfUtils.java:logFallback(53)) - raft.server.rpc.first-election.timeout.min = 5s (fallback to raft.server.rpc.timeout.min)
2022-11-08 11:40:38,841 [pool-164-thread-1] INFO  server.RaftServerConfigKeys (ConfUtils.java:logGet(46)) - raft.server.snapshot.auto.trigger.enabled = true (custom)
2022-11-08 11:40:38,842 [d94fe112-7331-4555-8545-ea5a46cf3e05@group-C9CEE55CC8A6-FollowerState] INFO  server.RaftServerConfigKeys (ConfUtils.java:logFallback(53)) - raft.server.rpc.first-election.timeout.max = 5200ms (fallback to raft.server.rpc.timeout.max)
2022-11-08 11:40:38,842 [pool-164-thread-1] INFO  server.RaftServerConfigKeys (ConfUtils.java:logGet(46)) - raft.server.snapshot.auto.trigger.threshold = 10000 (custom)
2022-11-08 11:40:38,842 [pool-164-thread-1] INFO  server.RaftServerConfigKeys (ConfUtils.java:logGet(46)) - raft.server.snapshot.retention.file.num = 5 (custom)
2022-11-08 11:40:38,842 [pool-164-thread-1] INFO  server.RaftServerConfigKeys (ConfUtils.java:logGet(46)) - raft.server.log.purge.upto.snapshot.index = false (default)
2022-11-08 11:40:38,867 [grpc-default-executor-2] INFO  server.RaftServer (RaftServerProxy.java:addNew(96)) - 8949e68c-e95d-4b98-a083-33911916c13e: addNew group-C9CEE55CC8A6:[8949e68c-e95d-4b98-a083-33911916c13e|rpc:10.1.0.111:39377|dataStream:|priority:0|startupRole:FOLLOWER, d94fe112-7331-4555-8545-ea5a46cf3e05|rpc:10.1.0.111:45971|dataStream:|priority:0|startupRole:FOLLOWER, b82692f7-3e6b-41da-8c72-517365e0a845|rpc:10.1.0.111:44405|dataStream:|priority:1|startupRole:FOLLOWER] returns group-C9CEE55CC8A6:java.util.concurrent.CompletableFuture@4aa61da4[Not completed]
2022-11-08 11:40:38,868 [pool-187-thread-1] INFO  server.RaftServer$Division (RaftServerImpl.java:<init>(195)) - 8949e68c-e95d-4b98-a083-33911916c13e: new RaftServerImpl for group-C9CEE55CC8A6:[8949e68c-e95d-4b98-a083-33911916c13e|rpc:10.1.0.111:39377|dataStream:|priority:0|startupRole:FOLLOWER, d94fe112-7331-4555-8545-ea5a46cf3e05|rpc:10.1.0.111:45971|dataStream:|priority:0|startupRole:FOLLOWER, b82692f7-3e6b-41da-8c72-517365e0a845|rpc:10.1.0.111:44405|dataStream:|priority:1|startupRole:FOLLOWER] with ContainerStateMachine:uninitialized
2022-11-08 11:40:38,868 [pool-187-thread-1] INFO  server.RaftServerConfigKeys (ConfUtils.java:logGet(46)) - raft.server.rpc.timeout.min = 5s (custom)
2022-11-08 11:40:38,869 [pool-187-thread-1] INFO  server.RaftServerConfigKeys (ConfUtils.java:logGet(46)) - raft.server.rpc.timeout.max = 5200ms (custom)
2022-11-08 11:40:38,869 [pool-187-thread-1] INFO  server.RaftServerConfigKeys (ConfUtils.java:logGet(46)) - raft.server.rpc.sleep.time = 25ms (default)
2022-11-08 11:40:38,869 [pool-187-thread-1] INFO  server.RaftServerConfigKeys (ConfUtils.java:logGet(46)) - raft.server.rpc.slowness.timeout = 300s (custom)
2022-11-08 11:40:38,869 [pool-187-thread-1] INFO  server.RaftServerConfigKeys (ConfUtils.java:logGet(46)) - raft.server.leaderelection.leader.step-down.wait-time = 10s (default)
2022-11-08 11:40:38,869 [pool-187-thread-1] INFO  server.RaftServerConfigKeys (ConfUtils.java:logGet(46)) - raft.server.sleep.deviation.threshold = 300ms (default)
2022-11-08 11:40:38,869 [pool-187-thread-1] INFO  server.RaftServer$Division (ServerState.java:<init>(118)) - 8949e68c-e95d-4b98-a083-33911916c13e@group-C9CEE55CC8A6: ConfigurationManager, init=-1: peers:[8949e68c-e95d-4b98-a083-33911916c13e|rpc:10.1.0.111:39377|dataStream:|priority:0|startupRole:FOLLOWER, d94fe112-7331-4555-8545-ea5a46cf3e05|rpc:10.1.0.111:45971|dataStream:|priority:0|startupRole:FOLLOWER, b82692f7-3e6b-41da-8c72-517365e0a845|rpc:10.1.0.111:44405|dataStream:|priority:1|startupRole:FOLLOWER]|listeners:[], old=null, confs=<EMPTY_MAP>
2022-11-08 11:40:38,869 [pool-187-thread-1] INFO  server.RaftServerConfigKeys (ConfUtils.java:logGet(46)) - raft.server.storage.dir = [/home/runner/work/ozone/ozone/hadoop-ozone/integration-test/target/test-dir/MiniOzoneClusterImpl-c61d2d68-5505-4298-888d-dd71e22caacf/datanode-5/data/ratis] (custom)
2022-11-08 11:40:38,869 [pool-187-thread-1] INFO  server.RaftServerConfigKeys (ConfUtils.java:logGet(46)) - raft.server.log.corruption.policy = EXCEPTION (default)
2022-11-08 11:40:38,869 [pool-187-thread-1] INFO  server.RaftServerConfigKeys (ConfUtils.java:logGet(46)) - raft.server.storage.free-space.min = 0MB (=0) (default)
2022-11-08 11:40:38,869 [pool-187-thread-1] INFO  server.RaftServerConfigKeys (ConfUtils.java:logGet(46)) - raft.server.notification.no-leader.timeout = 300s (custom)
2022-11-08 11:40:38,870 [pool-187-thread-1] INFO  server.RaftServerConfigKeys (ConfUtils.java:logGet(46)) - raft.server.retrycache.expirytime = 600000ms (custom)
2022-11-08 11:40:38,870 [pool-187-thread-1] INFO  server.RaftServerConfigKeys (ConfUtils.java:logGet(46)) - raft.server.retrycache.statistics.expirytime = 100μs (default)
2022-11-08 11:40:38,874 [pool-187-thread-1] INFO  server.RaftServerConfigKeys (ConfUtils.java:logGet(46)) - raft.server.log.appender.install.snapshot.enabled = false (custom)
2022-11-08 11:40:38,874 [pool-187-thread-1] INFO  server.RaftServerConfigKeys (ConfUtils.java:logGet(46)) - raft.server.threadpool.server.cached = true (default)
2022-11-08 11:40:38,874 [pool-187-thread-1] INFO  server.RaftServerConfigKeys (ConfUtils.java:logGet(46)) - raft.server.threadpool.server.size = 0 (default)
2022-11-08 11:40:38,874 [pool-187-thread-1] INFO  server.RaftServerConfigKeys (ConfUtils.java:logGet(46)) - raft.server.threadpool.client.cached = true (default)
2022-11-08 11:40:38,874 [pool-187-thread-1] INFO  server.RaftServerConfigKeys (ConfUtils.java:logGet(46)) - raft.server.threadpool.client.size = 0 (default)
2022-11-08 11:40:38,875 [pool-187-thread-1] INFO  storage.RaftStorageDirectory (RaftStorageDirectoryImpl.java:analyzeStorage(137)) - The storage directory /home/runner/work/ozone/ozone/hadoop-ozone/integration-test/target/test-dir/MiniOzoneClusterImpl-c61d2d68-5505-4298-888d-dd71e22caacf/datanode-5/data/ratis/bbe78ed5-a254-4e10-a016-c9cee55cc8a6 does not exist. Creating ...
2022-11-08 11:40:38,876 [pool-187-thread-1] INFO  storage.RaftStorageDirectory (RaftStorageDirectoryImpl.java:tryLock(231)) - Lock on /home/runner/work/ozone/ozone/hadoop-ozone/integration-test/target/test-dir/MiniOzoneClusterImpl-c61d2d68-5505-4298-888d-dd71e22caacf/datanode-5/data/ratis/bbe78ed5-a254-4e10-a016-c9cee55cc8a6/in_use.lock acquired by nodename 12130@fv-az573-890
2022-11-08 11:40:38,878 [pool-187-thread-1] INFO  storage.RaftStorage (RaftStorageImpl.java:format(96)) - Storage directory /home/runner/work/ozone/ozone/hadoop-ozone/integration-test/target/test-dir/MiniOzoneClusterImpl-c61d2d68-5505-4298-888d-dd71e22caacf/datanode-5/data/ratis/bbe78ed5-a254-4e10-a016-c9cee55cc8a6 has been successfully formatted.
2022-11-08 11:40:38,879 [pool-187-thread-1] INFO  ratis.ContainerStateMachine (ContainerStateMachine.java:loadSnapshot(236)) - group-C9CEE55CC8A6: The snapshot info is null. Setting the last applied indexto:(t:0, i:~)
2022-11-08 11:40:38,879 [pool-187-thread-1] INFO  server.RaftServerConfigKeys (ConfUtils.java:logGet(46)) - raft.server.log.use.memory = false (default)
2022-11-08 11:40:38,890 [pool-187-thread-1] INFO  server.RaftServerConfigKeys (ConfUtils.java:logGet(46)) - raft.server.log.purge.gap = 1000000 (custom)
2022-11-08 11:40:38,890 [pool-187-thread-1] INFO  server.RaftServerConfigKeys (ConfUtils.java:logGet(46)) - raft.server.log.appender.buffer.byte-limit = 33554432 (custom)
2022-11-08 11:40:38,890 [pool-187-thread-1] INFO  server.RaftServerConfigKeys (ConfUtils.java:logGet(46)) - raft.server.log.statemachine.data.read.timeout = 1000ms (default)
2022-11-08 11:40:38,890 [pool-187-thread-1] INFO  server.RaftServerConfigKeys (ConfUtils.java:logGet(46)) - raft.server.log.purge.preservation.log.num = 0 (default)
2022-11-08 11:40:38,891 [pool-187-thread-1] INFO  server.RaftServerConfigKeys (ConfUtils.java:logGet(46)) - raft.server.log.segment.size.max = 1048576 (custom)
2022-11-08 11:40:38,891 [pool-187-thread-1] INFO  server.RaftServerConfigKeys (ConfUtils.java:logGet(46)) - raft.server.log.segment.cache.num.max = 2 (custom)
2022-11-08 11:40:38,891 [pool-187-thread-1] INFO  server.RaftServerConfigKeys (ConfUtils.java:logGet(46)) - raft.server.log.segment.cache.size.max = 200MB (=209715200) (default)
2022-11-08 11:40:38,891 [pool-187-thread-1] INFO  segmented.SegmentedRaftLogWorker (SegmentedRaftLogWorker.java:<init>(191)) - new 8949e68c-e95d-4b98-a083-33911916c13e@group-C9CEE55CC8A6-SegmentedRaftLogWorker for RaftStorageImpl:Storage Directory /home/runner/work/ozone/ozone/hadoop-ozone/integration-test/target/test-dir/MiniOzoneClusterImpl-c61d2d68-5505-4298-888d-dd71e22caacf/datanode-5/data/ratis/bbe78ed5-a254-4e10-a016-c9cee55cc8a6
2022-11-08 11:40:38,892 [pool-187-thread-1] INFO  server.RaftServerConfigKeys (ConfUtils.java:logGet(46)) - raft.server.log.queue.byte-limit = 4294967296 (custom)
2022-11-08 11:40:38,892 [pool-187-thread-1] INFO  server.RaftServerConfigKeys (ConfUtils.java:logGet(46)) - raft.server.log.queue.element-limit = 1024 (custom)
2022-11-08 11:40:38,892 [pool-187-thread-1] INFO  server.RaftServerConfigKeys (ConfUtils.java:logGet(46)) - raft.server.log.segment.size.max = 1048576 (custom)
2022-11-08 11:40:38,892 [pool-187-thread-1] INFO  server.RaftServerConfigKeys (ConfUtils.java:logGet(46)) - raft.server.log.preallocated.size = 16384 (custom)
2022-11-08 11:40:38,892 [pool-187-thread-1] INFO  server.RaftServerConfigKeys (ConfUtils.java:logGet(46)) - raft.server.log.force.sync.num = 128 (default)
2022-11-08 11:40:38,892 [pool-187-thread-1] INFO  server.RaftServerConfigKeys (ConfUtils.java:logGet(46)) - raft.server.log.statemachine.data.sync = true (default)
2022-11-08 11:40:38,892 [pool-187-thread-1] INFO  server.RaftServerConfigKeys (ConfUtils.java:logGet(46)) - raft.server.log.statemachine.data.sync.timeout = 10s (default)
2022-11-08 11:40:38,892 [pool-187-thread-1] INFO  server.RaftServerConfigKeys (ConfUtils.java:logGet(46)) - raft.server.log.statemachine.data.sync.timeout.retry = -1 (default)
2022-11-08 11:40:38,893 [pool-187-thread-1] INFO  server.RaftServerConfigKeys (ConfUtils.java:logGet(46)) - raft.server.log.write.buffer.size = 1048576 (custom)
2022-11-08 11:40:38,893 [pool-187-thread-1] INFO  server.RaftServerConfigKeys (ConfUtils.java:logGet(46)) - raft.server.log.unsafe-flush.enabled = false (default)
2022-11-08 11:40:38,894 [pool-187-thread-1] INFO  server.RaftServerConfigKeys (ConfUtils.java:logGet(46)) - raft.server.log.async-flush.enabled = false (default)
2022-11-08 11:40:38,894 [pool-187-thread-1] INFO  server.RaftServerConfigKeys (ConfUtils.java:logGet(46)) - raft.server.log.statemachine.data.caching.enabled = true (custom)
2022-11-08 11:40:38,894 [pool-187-thread-1] INFO  segmented.SegmentedRaftLogWorker (SegmentedRaftLogWorker.java:lambda$new$0(136)) - 8949e68c-e95d-4b98-a083-33911916c13e@group-C9CEE55CC8A6-SegmentedRaftLogWorker: flushIndex: setUnconditionally 0 -> -1
2022-11-08 11:40:38,894 [pool-187-thread-1] INFO  segmented.SegmentedRaftLogWorker (SegmentedRaftLogWorker.java:lambda$new$0(136)) - 8949e68c-e95d-4b98-a083-33911916c13e@group-C9CEE55CC8A6-SegmentedRaftLogWorker: safeCacheEvictIndex: setUnconditionally 0 -> -1
2022-11-08 11:40:38,894 [pool-187-thread-1] INFO  server.RaftServer$Division (RaftServerImpl.java:start(334)) - 8949e68c-e95d-4b98-a083-33911916c13e@group-C9CEE55CC8A6: start as a follower, conf=-1: peers:[8949e68c-e95d-4b98-a083-33911916c13e|rpc:10.1.0.111:39377|dataStream:|priority:0|startupRole:FOLLOWER, d94fe112-7331-4555-8545-ea5a46cf3e05|rpc:10.1.0.111:45971|dataStream:|priority:0|startupRole:FOLLOWER, b82692f7-3e6b-41da-8c72-517365e0a845|rpc:10.1.0.111:44405|dataStream:|priority:1|startupRole:FOLLOWER]|listeners:[], old=null
2022-11-08 11:40:38,894 [pool-187-thread-1] INFO  server.RaftServer$Division (RaftServerImpl.java:setRole(321)) - 8949e68c-e95d-4b98-a083-33911916c13e@group-C9CEE55CC8A6: changes role from      null to FOLLOWER at term 0 for startAsFollower
2022-11-08 11:40:38,894 [pool-187-thread-1] INFO  impl.RoleInfo (RoleInfo.java:updateAndGet(139)) - 8949e68c-e95d-4b98-a083-33911916c13e: start 8949e68c-e95d-4b98-a083-33911916c13e@group-C9CEE55CC8A6-FollowerState
2022-11-08 11:40:38,895 [8949e68c-e95d-4b98-a083-33911916c13e@group-C9CEE55CC8A6-FollowerState] INFO  server.RaftServerConfigKeys (ConfUtils.java:logFallback(53)) - raft.server.rpc.first-election.timeout.min = 5s (fallback to raft.server.rpc.timeout.min)
2022-11-08 11:40:38,895 [pool-187-thread-1] INFO  util.JmxRegister (JmxRegister.java:tryRegister(44)) - Successfully registered JMX Bean with object name Ratis:service=RaftServer,group=group-C9CEE55CC8A6,id=8949e68c-e95d-4b98-a083-33911916c13e
2022-11-08 11:40:38,896 [8949e68c-e95d-4b98-a083-33911916c13e@group-C9CEE55CC8A6-FollowerState] INFO  server.RaftServerConfigKeys (ConfUtils.java:logFallback(53)) - raft.server.rpc.first-election.timeout.max = 5200ms (fallback to raft.server.rpc.timeout.max)
2022-11-08 11:40:38,896 [pool-187-thread-1] INFO  server.RaftServerConfigKeys (ConfUtils.java:logGet(46)) - raft.server.snapshot.auto.trigger.enabled = true (custom)
2022-11-08 11:40:38,897 [pool-187-thread-1] INFO  server.RaftServerConfigKeys (ConfUtils.java:logGet(46)) - raft.server.snapshot.auto.trigger.threshold = 10000 (custom)
2022-11-08 11:40:38,897 [pool-187-thread-1] INFO  server.RaftServerConfigKeys (ConfUtils.java:logGet(46)) - raft.server.snapshot.retention.file.num = 5 (custom)
2022-11-08 11:40:38,897 [pool-187-thread-1] INFO  server.RaftServerConfigKeys (ConfUtils.java:logGet(46)) - raft.server.log.purge.upto.snapshot.index = false (default)
2022-11-08 11:40:38,905 [Command processor thread] INFO  commandhandler.CreatePipelineCommandHandler (CreatePipelineCommandHandler.java:handle(113)) - Created Pipeline RATIS THREE PipelineID=bbe78ed5-a254-4e10-a016-c9cee55cc8a6.
2022-11-08 11:40:38,905 [Command processor thread] INFO  server.RaftServer (RaftServerProxy.java:addNew(96)) - b82692f7-3e6b-41da-8c72-517365e0a845: addNew group-0DB537A3E006:[8949e68c-e95d-4b98-a083-33911916c13e|rpc:10.1.0.111:39377|priority:1|startupRole:FOLLOWER, d94fe112-7331-4555-8545-ea5a46cf3e05|rpc:10.1.0.111:45971|priority:0|startupRole:FOLLOWER, b82692f7-3e6b-41da-8c72-517365e0a845|rpc:10.1.0.111:44405|priority:0|startupRole:FOLLOWER] returns group-0DB537A3E006:java.util.concurrent.CompletableFuture@1a830ca3[Not completed]
2022-11-08 11:40:38,907 [pool-141-thread-1] INFO  server.RaftServer$Division (RaftServerImpl.java:<init>(195)) - b82692f7-3e6b-41da-8c72-517365e0a845: new RaftServerImpl for group-0DB537A3E006:[8949e68c-e95d-4b98-a083-33911916c13e|rpc:10.1.0.111:39377|priority:1|startupRole:FOLLOWER, d94fe112-7331-4555-8545-ea5a46cf3e05|rpc:10.1.0.111:45971|priority:0|startupRole:FOLLOWER, b82692f7-3e6b-41da-8c72-517365e0a845|rpc:10.1.0.111:44405|priority:0|startupRole:FOLLOWER] with ContainerStateMachine:uninitialized
2022-11-08 11:40:38,907 [pool-141-thread-1] INFO  server.RaftServerConfigKeys (ConfUtils.java:logGet(46)) - raft.server.rpc.timeout.min = 5s (custom)
2022-11-08 11:40:38,907 [pool-141-thread-1] INFO  server.RaftServerConfigKeys (ConfUtils.java:logGet(46)) - raft.server.rpc.timeout.max = 5200ms (custom)
2022-11-08 11:40:38,907 [pool-141-thread-1] INFO  server.RaftServerConfigKeys (ConfUtils.java:logGet(46)) - raft.server.rpc.sleep.time = 25ms (default)
2022-11-08 11:40:38,907 [pool-141-thread-1] INFO  server.RaftServerConfigKeys (ConfUtils.java:logGet(46)) - raft.server.rpc.slowness.timeout = 300s (custom)
2022-11-08 11:40:38,907 [pool-141-thread-1] INFO  server.RaftServerConfigKeys (ConfUtils.java:logGet(46)) - raft.server.leaderelection.leader.step-down.wait-time = 10s (default)
2022-11-08 11:40:38,907 [pool-141-thread-1] INFO  server.RaftServerConfigKeys (ConfUtils.java:logGet(46)) - raft.server.sleep.deviation.threshold = 300ms (default)
2022-11-08 11:40:38,908 [pool-141-thread-1] INFO  server.RaftServer$Division (ServerState.java:<init>(118)) - b82692f7-3e6b-41da-8c72-517365e0a845@group-0DB537A3E006: ConfigurationManager, init=-1: peers:[8949e68c-e95d-4b98-a083-33911916c13e|rpc:10.1.0.111:39377|priority:1|startupRole:FOLLOWER, d94fe112-7331-4555-8545-ea5a46cf3e05|rpc:10.1.0.111:45971|priority:0|startupRole:FOLLOWER, b82692f7-3e6b-41da-8c72-517365e0a845|rpc:10.1.0.111:44405|priority:0|startupRole:FOLLOWER]|listeners:[], old=null, confs=<EMPTY_MAP>
2022-11-08 11:40:38,908 [pool-141-thread-1] INFO  server.RaftServerConfigKeys (ConfUtils.java:logGet(46)) - raft.server.storage.dir = [/home/runner/work/ozone/ozone/hadoop-ozone/integration-test/target/test-dir/MiniOzoneClusterImpl-c61d2d68-5505-4298-888d-dd71e22caacf/datanode-3/data/ratis] (custom)
2022-11-08 11:40:38,908 [pool-141-thread-1] INFO  server.RaftServerConfigKeys (ConfUtils.java:logGet(46)) - raft.server.log.corruption.policy = EXCEPTION (default)
2022-11-08 11:40:38,908 [pool-141-thread-1] INFO  server.RaftServerConfigKeys (ConfUtils.java:logGet(46)) - raft.server.storage.free-space.min = 0MB (=0) (default)
2022-11-08 11:40:38,908 [pool-141-thread-1] INFO  server.RaftServerConfigKeys (ConfUtils.java:logGet(46)) - raft.server.notification.no-leader.timeout = 300s (custom)
2022-11-08 11:40:38,908 [pool-141-thread-1] INFO  server.RaftServerConfigKeys (ConfUtils.java:logGet(46)) - raft.server.retrycache.expirytime = 600000ms (custom)
2022-11-08 11:40:38,908 [pool-141-thread-1] INFO  server.RaftServerConfigKeys (ConfUtils.java:logGet(46)) - raft.server.retrycache.statistics.expirytime = 100μs (default)
2022-11-08 11:40:38,909 [pool-141-thread-1] INFO  server.RaftServerConfigKeys (ConfUtils.java:logGet(46)) - raft.server.log.appender.install.snapshot.enabled = false (custom)
2022-11-08 11:40:38,909 [pool-141-thread-1] INFO  server.RaftServerConfigKeys (ConfUtils.java:logGet(46)) - raft.server.threadpool.server.cached = true (default)
2022-11-08 11:40:38,909 [pool-141-thread-1] INFO  server.RaftServerConfigKeys (ConfUtils.java:logGet(46)) - raft.server.threadpool.server.size = 0 (default)
2022-11-08 11:40:38,909 [pool-141-thread-1] INFO  server.RaftServerConfigKeys (ConfUtils.java:logGet(46)) - raft.server.threadpool.client.cached = true (default)
2022-11-08 11:40:38,910 [pool-141-thread-1] INFO  server.RaftServerConfigKeys (ConfUtils.java:logGet(46)) - raft.server.threadpool.client.size = 0 (default)
2022-11-08 11:40:38,911 [pool-141-thread-1] INFO  storage.RaftStorageDirectory (RaftStorageDirectoryImpl.java:analyzeStorage(137)) - The storage directory /home/runner/work/ozone/ozone/hadoop-ozone/integration-test/target/test-dir/MiniOzoneClusterImpl-c61d2d68-5505-4298-888d-dd71e22caacf/datanode-3/data/ratis/a9076ed7-9212-44f7-9706-0db537a3e006 does not exist. Creating ...
2022-11-08 11:40:38,912 [pool-141-thread-1] INFO  storage.RaftStorageDirectory (RaftStorageDirectoryImpl.java:tryLock(231)) - Lock on /home/runner/work/ozone/ozone/hadoop-ozone/integration-test/target/test-dir/MiniOzoneClusterImpl-c61d2d68-5505-4298-888d-dd71e22caacf/datanode-3/data/ratis/a9076ed7-9212-44f7-9706-0db537a3e006/in_use.lock acquired by nodename 12130@fv-az573-890
2022-11-08 11:40:38,913 [pool-141-thread-1] INFO  storage.RaftStorage (RaftStorageImpl.java:format(96)) - Storage directory /home/runner/work/ozone/ozone/hadoop-ozone/integration-test/target/test-dir/MiniOzoneClusterImpl-c61d2d68-5505-4298-888d-dd71e22caacf/datanode-3/data/ratis/a9076ed7-9212-44f7-9706-0db537a3e006 has been successfully formatted.
2022-11-08 11:40:38,914 [pool-141-thread-1] INFO  ratis.ContainerStateMachine (ContainerStateMachine.java:loadSnapshot(236)) - group-0DB537A3E006: The snapshot info is null. Setting the last applied indexto:(t:0, i:~)
2022-11-08 11:40:38,914 [pool-141-thread-1] INFO  server.RaftServerConfigKeys (ConfUtils.java:logGet(46)) - raft.server.log.use.memory = false (default)
2022-11-08 11:40:38,914 [pool-141-thread-1] INFO  server.RaftServerConfigKeys (ConfUtils.java:logGet(46)) - raft.server.log.purge.gap = 1000000 (custom)
2022-11-08 11:40:38,914 [pool-141-thread-1] INFO  server.RaftServerConfigKeys (ConfUtils.java:logGet(46)) - raft.server.log.appender.buffer.byte-limit = 33554432 (custom)
2022-11-08 11:40:38,915 [pool-141-thread-1] INFO  server.RaftServerConfigKeys (ConfUtils.java:logGet(46)) - raft.server.log.statemachine.data.read.timeout = 1000ms (default)
2022-11-08 11:40:38,915 [pool-141-thread-1] INFO  server.RaftServerConfigKeys (ConfUtils.java:logGet(46)) - raft.server.log.purge.preservation.log.num = 0 (default)
2022-11-08 11:40:38,917 [pool-141-thread-1] INFO  server.RaftServerConfigKeys (ConfUtils.java:logGet(46)) - raft.server.log.segment.size.max = 1048576 (custom)
2022-11-08 11:40:38,917 [EventQueue-OpenPipelineForHealthyPipelineSafeModeRule] INFO  safemode.SCMSafeModeManager (HealthyPipelineSafeModeRule.java:process(137)) - SCM in safe mode. Healthy pipelines reported count is 0, required healthy pipeline reported count is 1
2022-11-08 11:40:38,919 [pool-141-thread-1] INFO  server.RaftServerConfigKeys (ConfUtils.java:logGet(46)) - raft.server.log.segment.cache.num.max = 2 (custom)
2022-11-08 11:40:38,919 [pool-141-thread-1] INFO  server.RaftServerConfigKeys (ConfUtils.java:logGet(46)) - raft.server.log.segment.cache.size.max = 200MB (=209715200) (default)
2022-11-08 11:40:38,919 [pool-141-thread-1] INFO  segmented.SegmentedRaftLogWorker (SegmentedRaftLogWorker.java:<init>(191)) - new b82692f7-3e6b-41da-8c72-517365e0a845@group-0DB537A3E006-SegmentedRaftLogWorker for RaftStorageImpl:Storage Directory /home/runner/work/ozone/ozone/hadoop-ozone/integration-test/target/test-dir/MiniOzoneClusterImpl-c61d2d68-5505-4298-888d-dd71e22caacf/datanode-3/data/ratis/a9076ed7-9212-44f7-9706-0db537a3e006
2022-11-08 11:40:38,919 [pool-141-thread-1] INFO  server.RaftServerConfigKeys (ConfUtils.java:logGet(46)) - raft.server.log.queue.byte-limit = 4294967296 (custom)
2022-11-08 11:40:38,919 [pool-141-thread-1] INFO  server.RaftServerConfigKeys (ConfUtils.java:logGet(46)) - raft.server.log.queue.element-limit = 1024 (custom)
2022-11-08 11:40:38,919 [pool-141-thread-1] INFO  server.RaftServerConfigKeys (ConfUtils.java:logGet(46)) - raft.server.log.segment.size.max = 1048576 (custom)
2022-11-08 11:40:38,919 [pool-141-thread-1] INFO  server.RaftServerConfigKeys (ConfUtils.java:logGet(46)) - raft.server.log.preallocated.size = 16384 (custom)
2022-11-08 11:40:38,919 [pool-141-thread-1] INFO  server.RaftServerConfigKeys (ConfUtils.java:logGet(46)) - raft.server.log.force.sync.num = 128 (default)
2022-11-08 11:40:38,919 [pool-141-thread-1] INFO  server.RaftServerConfigKeys (ConfUtils.java:logGet(46)) - raft.server.log.statemachine.data.sync = true (default)
2022-11-08 11:40:38,920 [pool-141-thread-1] INFO  server.RaftServerConfigKeys (ConfUtils.java:logGet(46)) - raft.server.log.statemachine.data.sync.timeout = 10s (default)
2022-11-08 11:40:38,920 [pool-141-thread-1] INFO  server.RaftServerConfigKeys (ConfUtils.java:logGet(46)) - raft.server.log.statemachine.data.sync.timeout.retry = -1 (default)
2022-11-08 11:40:38,921 [pool-141-thread-1] INFO  server.RaftServerConfigKeys (ConfUtils.java:logGet(46)) - raft.server.log.write.buffer.size = 1048576 (custom)
2022-11-08 11:40:38,921 [pool-141-thread-1] INFO  server.RaftServerConfigKeys (ConfUtils.java:logGet(46)) - raft.server.log.unsafe-flush.enabled = false (default)
2022-11-08 11:40:38,921 [pool-141-thread-1] INFO  server.RaftServerConfigKeys (ConfUtils.java:logGet(46)) - raft.server.log.async-flush.enabled = false (default)
2022-11-08 11:40:38,921 [pool-141-thread-1] INFO  server.RaftServerConfigKeys (ConfUtils.java:logGet(46)) - raft.server.log.statemachine.data.caching.enabled = true (custom)
2022-11-08 11:40:38,921 [pool-141-thread-1] INFO  segmented.SegmentedRaftLogWorker (SegmentedRaftLogWorker.java:lambda$new$0(136)) - b82692f7-3e6b-41da-8c72-517365e0a845@group-0DB537A3E006-SegmentedRaftLogWorker: flushIndex: setUnconditionally 0 -> -1
2022-11-08 11:40:38,922 [pool-141-thread-1] INFO  segmented.SegmentedRaftLogWorker (SegmentedRaftLogWorker.java:lambda$new$0(136)) - b82692f7-3e6b-41da-8c72-517365e0a845@group-0DB537A3E006-SegmentedRaftLogWorker: safeCacheEvictIndex: setUnconditionally 0 -> -1
2022-11-08 11:40:38,928 [pool-141-thread-1] INFO  server.RaftServer$Division (RaftServerImpl.java:start(334)) - b82692f7-3e6b-41da-8c72-517365e0a845@group-0DB537A3E006: start as a follower, conf=-1: peers:[8949e68c-e95d-4b98-a083-33911916c13e|rpc:10.1.0.111:39377|priority:1|startupRole:FOLLOWER, d94fe112-7331-4555-8545-ea5a46cf3e05|rpc:10.1.0.111:45971|priority:0|startupRole:FOLLOWER, b82692f7-3e6b-41da-8c72-517365e0a845|rpc:10.1.0.111:44405|priority:0|startupRole:FOLLOWER]|listeners:[], old=null
2022-11-08 11:40:38,928 [pool-141-thread-1] INFO  server.RaftServer$Division (RaftServerImpl.java:setRole(321)) - b82692f7-3e6b-41da-8c72-517365e0a845@group-0DB537A3E006: changes role from      null to FOLLOWER at term 0 for startAsFollower
2022-11-08 11:40:38,928 [pool-141-thread-1] INFO  impl.RoleInfo (RoleInfo.java:updateAndGet(139)) - b82692f7-3e6b-41da-8c72-517365e0a845: start b82692f7-3e6b-41da-8c72-517365e0a845@group-0DB537A3E006-FollowerState
2022-11-08 11:40:38,928 [pool-141-thread-1] INFO  util.JmxRegister (JmxRegister.java:tryRegister(44)) - Successfully registered JMX Bean with object name Ratis:service=RaftServer,group=group-0DB537A3E006,id=b82692f7-3e6b-41da-8c72-517365e0a845
2022-11-08 11:40:38,928 [pool-141-thread-1] INFO  server.RaftServerConfigKeys (ConfUtils.java:logGet(46)) - raft.server.snapshot.auto.trigger.enabled = true (custom)
2022-11-08 11:40:38,929 [pool-141-thread-1] INFO  server.RaftServerConfigKeys (ConfUtils.java:logGet(46)) - raft.server.snapshot.auto.trigger.threshold = 10000 (custom)
2022-11-08 11:40:38,929 [pool-141-thread-1] INFO  server.RaftServerConfigKeys (ConfUtils.java:logGet(46)) - raft.server.snapshot.retention.file.num = 5 (custom)
2022-11-08 11:40:38,929 [pool-141-thread-1] INFO  server.RaftServerConfigKeys (ConfUtils.java:logGet(46)) - raft.server.log.purge.upto.snapshot.index = false (default)
2022-11-08 11:40:38,931 [b82692f7-3e6b-41da-8c72-517365e0a845@group-0DB537A3E006-FollowerState] INFO  server.RaftServerConfigKeys (ConfUtils.java:logFallback(53)) - raft.server.rpc.first-election.timeout.min = 5s (fallback to raft.server.rpc.timeout.min)
2022-11-08 11:40:38,931 [b82692f7-3e6b-41da-8c72-517365e0a845@group-0DB537A3E006-FollowerState] INFO  server.RaftServerConfigKeys (ConfUtils.java:logFallback(53)) - raft.server.rpc.first-election.timeout.max = 5200ms (fallback to raft.server.rpc.timeout.max)
2022-11-08 11:40:38,934 [Command processor thread] INFO  ratis.XceiverServerRatis (XceiverServerRatis.java:addGroup(765)) - Created group PipelineID=a9076ed7-9212-44f7-9706-0db537a3e006
2022-11-08 11:40:38,956 [grpc-default-executor-2] INFO  server.RaftServer (RaftServerProxy.java:addNew(96)) - 8949e68c-e95d-4b98-a083-33911916c13e: addNew group-0DB537A3E006:[8949e68c-e95d-4b98-a083-33911916c13e|rpc:10.1.0.111:39377|dataStream:|priority:1|startupRole:FOLLOWER, d94fe112-7331-4555-8545-ea5a46cf3e05|rpc:10.1.0.111:45971|dataStream:|priority:0|startupRole:FOLLOWER, b82692f7-3e6b-41da-8c72-517365e0a845|rpc:10.1.0.111:44405|dataStream:|priority:0|startupRole:FOLLOWER] returns group-0DB537A3E006:java.util.concurrent.CompletableFuture@219e008a[Not completed]
2022-11-08 11:40:38,958 [pool-187-thread-1] INFO  server.RaftServer$Division (RaftServerImpl.java:<init>(195)) - 8949e68c-e95d-4b98-a083-33911916c13e: new RaftServerImpl for group-0DB537A3E006:[8949e68c-e95d-4b98-a083-33911916c13e|rpc:10.1.0.111:39377|dataStream:|priority:1|startupRole:FOLLOWER, d94fe112-7331-4555-8545-ea5a46cf3e05|rpc:10.1.0.111:45971|dataStream:|priority:0|startupRole:FOLLOWER, b82692f7-3e6b-41da-8c72-517365e0a845|rpc:10.1.0.111:44405|dataStream:|priority:0|startupRole:FOLLOWER] with ContainerStateMachine:uninitialized
2022-11-08 11:40:38,958 [pool-187-thread-1] INFO  server.RaftServerConfigKeys (ConfUtils.java:logGet(46)) - raft.server.rpc.timeout.min = 5s (custom)
2022-11-08 11:40:38,958 [pool-187-thread-1] INFO  server.RaftServerConfigKeys (ConfUtils.java:logGet(46)) - raft.server.rpc.timeout.max = 5200ms (custom)
2022-11-08 11:40:38,958 [pool-187-thread-1] INFO  server.RaftServerConfigKeys (ConfUtils.java:logGet(46)) - raft.server.rpc.sleep.time = 25ms (default)
2022-11-08 11:40:38,958 [pool-187-thread-1] INFO  server.RaftServerConfigKeys (ConfUtils.java:logGet(46)) - raft.server.rpc.slowness.timeout = 300s (custom)
2022-11-08 11:40:38,958 [pool-187-thread-1] INFO  server.RaftServerConfigKeys (ConfUtils.java:logGet(46)) - raft.server.leaderelection.leader.step-down.wait-time = 10s (default)
2022-11-08 11:40:38,958 [pool-187-thread-1] INFO  server.RaftServerConfigKeys (ConfUtils.java:logGet(46)) - raft.server.sleep.deviation.threshold = 300ms (default)
2022-11-08 11:40:38,958 [pool-187-thread-1] INFO  server.RaftServer$Division (ServerState.java:<init>(118)) - 8949e68c-e95d-4b98-a083-33911916c13e@group-0DB537A3E006: ConfigurationManager, init=-1: peers:[8949e68c-e95d-4b98-a083-33911916c13e|rpc:10.1.0.111:39377|dataStream:|priority:1|startupRole:FOLLOWER, d94fe112-7331-4555-8545-ea5a46cf3e05|rpc:10.1.0.111:45971|dataStream:|priority:0|startupRole:FOLLOWER, b82692f7-3e6b-41da-8c72-517365e0a845|rpc:10.1.0.111:44405|dataStream:|priority:0|startupRole:FOLLOWER]|listeners:[], old=null, confs=<EMPTY_MAP>
2022-11-08 11:40:38,958 [pool-187-thread-1] INFO  server.RaftServerConfigKeys (ConfUtils.java:logGet(46)) - raft.server.storage.dir = [/home/runner/work/ozone/ozone/hadoop-ozone/integration-test/target/test-dir/MiniOzoneClusterImpl-c61d2d68-5505-4298-888d-dd71e22caacf/datanode-5/data/ratis] (custom)
2022-11-08 11:40:38,959 [pool-187-thread-1] INFO  server.RaftServerConfigKeys (ConfUtils.java:logGet(46)) - raft.server.log.corruption.policy = EXCEPTION (default)
2022-11-08 11:40:38,959 [pool-187-thread-1] INFO  server.RaftServerConfigKeys (ConfUtils.java:logGet(46)) - raft.server.storage.free-space.min = 0MB (=0) (default)
2022-11-08 11:40:38,959 [pool-187-thread-1] INFO  server.RaftServerConfigKeys (ConfUtils.java:logGet(46)) - raft.server.notification.no-leader.timeout = 300s (custom)
2022-11-08 11:40:38,959 [pool-187-thread-1] INFO  server.RaftServerConfigKeys (ConfUtils.java:logGet(46)) - raft.server.retrycache.expirytime = 600000ms (custom)
2022-11-08 11:40:38,959 [pool-187-thread-1] INFO  server.RaftServerConfigKeys (ConfUtils.java:logGet(46)) - raft.server.retrycache.statistics.expirytime = 100μs (default)
2022-11-08 11:40:38,962 [pool-187-thread-1] INFO  server.RaftServerConfigKeys (ConfUtils.java:logGet(46)) - raft.server.log.appender.install.snapshot.enabled = false (custom)
2022-11-08 11:40:38,962 [pool-187-thread-1] INFO  server.RaftServerConfigKeys (ConfUtils.java:logGet(46)) - raft.server.threadpool.server.cached = true (default)
2022-11-08 11:40:38,962 [pool-187-thread-1] INFO  server.RaftServerConfigKeys (ConfUtils.java:logGet(46)) - raft.server.threadpool.server.size = 0 (default)
2022-11-08 11:40:38,962 [pool-187-thread-1] INFO  server.RaftServerConfigKeys (ConfUtils.java:logGet(46)) - raft.server.threadpool.client.cached = true (default)
2022-11-08 11:40:38,962 [pool-187-thread-1] INFO  server.RaftServerConfigKeys (ConfUtils.java:logGet(46)) - raft.server.threadpool.client.size = 0 (default)
2022-11-08 11:40:38,962 [pool-187-thread-1] INFO  storage.RaftStorageDirectory (RaftStorageDirectoryImpl.java:analyzeStorage(137)) - The storage directory /home/runner/work/ozone/ozone/hadoop-ozone/integration-test/target/test-dir/MiniOzoneClusterImpl-c61d2d68-5505-4298-888d-dd71e22caacf/datanode-5/data/ratis/a9076ed7-9212-44f7-9706-0db537a3e006 does not exist. Creating ...
2022-11-08 11:40:38,964 [pool-187-thread-1] INFO  storage.RaftStorageDirectory (RaftStorageDirectoryImpl.java:tryLock(231)) - Lock on /home/runner/work/ozone/ozone/hadoop-ozone/integration-test/target/test-dir/MiniOzoneClusterImpl-c61d2d68-5505-4298-888d-dd71e22caacf/datanode-5/data/ratis/a9076ed7-9212-44f7-9706-0db537a3e006/in_use.lock acquired by nodename 12130@fv-az573-890
2022-11-08 11:40:38,967 [pool-187-thread-1] INFO  storage.RaftStorage (RaftStorageImpl.java:format(96)) - Storage directory /home/runner/work/ozone/ozone/hadoop-ozone/integration-test/target/test-dir/MiniOzoneClusterImpl-c61d2d68-5505-4298-888d-dd71e22caacf/datanode-5/data/ratis/a9076ed7-9212-44f7-9706-0db537a3e006 has been successfully formatted.
2022-11-08 11:40:38,969 [pool-187-thread-1] INFO  ratis.ContainerStateMachine (ContainerStateMachine.java:loadSnapshot(236)) - group-0DB537A3E006: The snapshot info is null. Setting the last applied indexto:(t:0, i:~)
2022-11-08 11:40:38,969 [pool-187-thread-1] INFO  server.RaftServerConfigKeys (ConfUtils.java:logGet(46)) - raft.server.log.use.memory = false (default)
2022-11-08 11:40:38,969 [pool-187-thread-1] INFO  server.RaftServerConfigKeys (ConfUtils.java:logGet(46)) - raft.server.log.purge.gap = 1000000 (custom)
2022-11-08 11:40:38,969 [pool-187-thread-1] INFO  server.RaftServerConfigKeys (ConfUtils.java:logGet(46)) - raft.server.log.appender.buffer.byte-limit = 33554432 (custom)
2022-11-08 11:40:38,969 [pool-187-thread-1] INFO  server.RaftServerConfigKeys (ConfUtils.java:logGet(46)) - raft.server.log.statemachine.data.read.timeout = 1000ms (default)
2022-11-08 11:40:38,970 [pool-187-thread-1] INFO  server.RaftServerConfigKeys (ConfUtils.java:logGet(46)) - raft.server.log.purge.preservation.log.num = 0 (default)
2022-11-08 11:40:38,971 [pool-187-thread-1] INFO  server.RaftServerConfigKeys (ConfUtils.java:logGet(46)) - raft.server.log.segment.size.max = 1048576 (custom)
2022-11-08 11:40:38,971 [pool-187-thread-1] INFO  server.RaftServerConfigKeys (ConfUtils.java:logGet(46)) - raft.server.log.segment.cache.num.max = 2 (custom)
2022-11-08 11:40:38,971 [pool-187-thread-1] INFO  server.RaftServerConfigKeys (ConfUtils.java:logGet(46)) - raft.server.log.segment.cache.size.max = 200MB (=209715200) (default)
2022-11-08 11:40:38,971 [pool-187-thread-1] INFO  segmented.SegmentedRaftLogWorker (SegmentedRaftLogWorker.java:<init>(191)) - new 8949e68c-e95d-4b98-a083-33911916c13e@group-0DB537A3E006-SegmentedRaftLogWorker for RaftStorageImpl:Storage Directory /home/runner/work/ozone/ozone/hadoop-ozone/integration-test/target/test-dir/MiniOzoneClusterImpl-c61d2d68-5505-4298-888d-dd71e22caacf/datanode-5/data/ratis/a9076ed7-9212-44f7-9706-0db537a3e006
2022-11-08 11:40:38,972 [pool-187-thread-1] INFO  server.RaftServerConfigKeys (ConfUtils.java:logGet(46)) - raft.server.log.queue.byte-limit = 4294967296 (custom)
2022-11-08 11:40:38,972 [pool-187-thread-1] INFO  server.RaftServerConfigKeys (ConfUtils.java:logGet(46)) - raft.server.log.queue.element-limit = 1024 (custom)
2022-11-08 11:40:38,972 [pool-187-thread-1] INFO  server.RaftServerConfigKeys (ConfUtils.java:logGet(46)) - raft.server.log.segment.size.max = 1048576 (custom)
2022-11-08 11:40:38,972 [pool-187-thread-1] INFO  server.RaftServerConfigKeys (ConfUtils.java:logGet(46)) - raft.server.log.preallocated.size = 16384 (custom)
2022-11-08 11:40:38,972 [pool-187-thread-1] INFO  server.RaftServerConfigKeys (ConfUtils.java:logGet(46)) - raft.server.log.force.sync.num = 128 (default)
2022-11-08 11:40:38,972 [pool-187-thread-1] INFO  server.RaftServerConfigKeys (ConfUtils.java:logGet(46)) - raft.server.log.statemachine.data.sync = true (default)
2022-11-08 11:40:38,972 [pool-187-thread-1] INFO  server.RaftServerConfigKeys (ConfUtils.java:logGet(46)) - raft.server.log.statemachine.data.sync.timeout = 10s (default)
2022-11-08 11:40:38,972 [pool-187-thread-1] INFO  server.RaftServerConfigKeys (ConfUtils.java:logGet(46)) - raft.server.log.statemachine.data.sync.timeout.retry = -1 (default)
2022-11-08 11:40:38,973 [pool-187-thread-1] INFO  server.RaftServerConfigKeys (ConfUtils.java:logGet(46)) - raft.server.log.write.buffer.size = 1048576 (custom)
2022-11-08 11:40:38,973 [pool-187-thread-1] INFO  server.RaftServerConfigKeys (ConfUtils.java:logGet(46)) - raft.server.log.unsafe-flush.enabled = false (default)
2022-11-08 11:40:38,974 [pool-187-thread-1] INFO  server.RaftServerConfigKeys (ConfUtils.java:logGet(46)) - raft.server.log.async-flush.enabled = false (default)
2022-11-08 11:40:38,974 [pool-187-thread-1] INFO  server.RaftServerConfigKeys (ConfUtils.java:logGet(46)) - raft.server.log.statemachine.data.caching.enabled = true (custom)
2022-11-08 11:40:38,974 [pool-187-thread-1] INFO  segmented.SegmentedRaftLogWorker (SegmentedRaftLogWorker.java:lambda$new$0(136)) - 8949e68c-e95d-4b98-a083-33911916c13e@group-0DB537A3E006-SegmentedRaftLogWorker: flushIndex: setUnconditionally 0 -> -1
2022-11-08 11:40:38,974 [pool-187-thread-1] INFO  segmented.SegmentedRaftLogWorker (SegmentedRaftLogWorker.java:lambda$new$0(136)) - 8949e68c-e95d-4b98-a083-33911916c13e@group-0DB537A3E006-SegmentedRaftLogWorker: safeCacheEvictIndex: setUnconditionally 0 -> -1
2022-11-08 11:40:38,976 [pool-187-thread-1] INFO  server.RaftServer$Division (RaftServerImpl.java:start(334)) - 8949e68c-e95d-4b98-a083-33911916c13e@group-0DB537A3E006: start as a follower, conf=-1: peers:[8949e68c-e95d-4b98-a083-33911916c13e|rpc:10.1.0.111:39377|dataStream:|priority:1|startupRole:FOLLOWER, d94fe112-7331-4555-8545-ea5a46cf3e05|rpc:10.1.0.111:45971|dataStream:|priority:0|startupRole:FOLLOWER, b82692f7-3e6b-41da-8c72-517365e0a845|rpc:10.1.0.111:44405|dataStream:|priority:0|startupRole:FOLLOWER]|listeners:[], old=null
2022-11-08 11:40:38,976 [pool-187-thread-1] INFO  server.RaftServer$Division (RaftServerImpl.java:setRole(321)) - 8949e68c-e95d-4b98-a083-33911916c13e@group-0DB537A3E006: changes role from      null to FOLLOWER at term 0 for startAsFollower
2022-11-08 11:40:38,976 [pool-187-thread-1] INFO  impl.RoleInfo (RoleInfo.java:updateAndGet(139)) - 8949e68c-e95d-4b98-a083-33911916c13e: start 8949e68c-e95d-4b98-a083-33911916c13e@group-0DB537A3E006-FollowerState
2022-11-08 11:40:38,977 [pool-187-thread-1] INFO  util.JmxRegister (JmxRegister.java:tryRegister(44)) - Successfully registered JMX Bean with object name Ratis:service=RaftServer,group=group-0DB537A3E006,id=8949e68c-e95d-4b98-a083-33911916c13e
2022-11-08 11:40:38,977 [pool-187-thread-1] INFO  server.RaftServerConfigKeys (ConfUtils.java:logGet(46)) - raft.server.snapshot.auto.trigger.enabled = true (custom)
2022-11-08 11:40:38,977 [pool-187-thread-1] INFO  server.RaftServerConfigKeys (ConfUtils.java:logGet(46)) - raft.server.snapshot.auto.trigger.threshold = 10000 (custom)
2022-11-08 11:40:38,977 [pool-187-thread-1] INFO  server.RaftServerConfigKeys (ConfUtils.java:logGet(46)) - raft.server.snapshot.retention.file.num = 5 (custom)
2022-11-08 11:40:38,977 [pool-187-thread-1] INFO  server.RaftServerConfigKeys (ConfUtils.java:logGet(46)) - raft.server.log.purge.upto.snapshot.index = false (default)
2022-11-08 11:40:38,977 [8949e68c-e95d-4b98-a083-33911916c13e@group-0DB537A3E006-FollowerState] INFO  server.RaftServerConfigKeys (ConfUtils.java:logFallback(53)) - raft.server.rpc.first-election.timeout.min = 5s (fallback to raft.server.rpc.timeout.min)
2022-11-08 11:40:38,984 [8949e68c-e95d-4b98-a083-33911916c13e@group-0DB537A3E006-FollowerState] INFO  server.RaftServerConfigKeys (ConfUtils.java:logFallback(53)) - raft.server.rpc.first-election.timeout.max = 5200ms (fallback to raft.server.rpc.timeout.max)
2022-11-08 11:40:39,009 [grpc-default-executor-2] INFO  server.RaftServer (RaftServerProxy.java:addNew(96)) - d94fe112-7331-4555-8545-ea5a46cf3e05: addNew group-0DB537A3E006:[8949e68c-e95d-4b98-a083-33911916c13e|rpc:10.1.0.111:39377|dataStream:|priority:1|startupRole:FOLLOWER, d94fe112-7331-4555-8545-ea5a46cf3e05|rpc:10.1.0.111:45971|dataStream:|priority:0|startupRole:FOLLOWER, b82692f7-3e6b-41da-8c72-517365e0a845|rpc:10.1.0.111:44405|dataStream:|priority:0|startupRole:FOLLOWER] returns group-0DB537A3E006:java.util.concurrent.CompletableFuture@71d0af3c[Not completed]
2022-11-08 11:40:39,011 [pool-164-thread-1] INFO  server.RaftServer$Division (RaftServerImpl.java:<init>(195)) - d94fe112-7331-4555-8545-ea5a46cf3e05: new RaftServerImpl for group-0DB537A3E006:[8949e68c-e95d-4b98-a083-33911916c13e|rpc:10.1.0.111:39377|dataStream:|priority:1|startupRole:FOLLOWER, d94fe112-7331-4555-8545-ea5a46cf3e05|rpc:10.1.0.111:45971|dataStream:|priority:0|startupRole:FOLLOWER, b82692f7-3e6b-41da-8c72-517365e0a845|rpc:10.1.0.111:44405|dataStream:|priority:0|startupRole:FOLLOWER] with ContainerStateMachine:uninitialized
2022-11-08 11:40:39,011 [pool-164-thread-1] INFO  server.RaftServerConfigKeys (ConfUtils.java:logGet(46)) - raft.server.rpc.timeout.min = 5s (custom)
2022-11-08 11:40:39,011 [pool-164-thread-1] INFO  server.RaftServerConfigKeys (ConfUtils.java:logGet(46)) - raft.server.rpc.timeout.max = 5200ms (custom)
2022-11-08 11:40:39,011 [pool-164-thread-1] INFO  server.RaftServerConfigKeys (ConfUtils.java:logGet(46)) - raft.server.rpc.sleep.time = 25ms (default)
2022-11-08 11:40:39,011 [pool-164-thread-1] INFO  server.RaftServerConfigKeys (ConfUtils.java:logGet(46)) - raft.server.rpc.slowness.timeout = 300s (custom)
2022-11-08 11:40:39,011 [pool-164-thread-1] INFO  server.RaftServerConfigKeys (ConfUtils.java:logGet(46)) - raft.server.leaderelection.leader.step-down.wait-time = 10s (default)
2022-11-08 11:40:39,011 [pool-164-thread-1] INFO  server.RaftServerConfigKeys (ConfUtils.java:logGet(46)) - raft.server.sleep.deviation.threshold = 300ms (default)
2022-11-08 11:40:39,011 [pool-164-thread-1] INFO  server.RaftServer$Division (ServerState.java:<init>(118)) - d94fe112-7331-4555-8545-ea5a46cf3e05@group-0DB537A3E006: ConfigurationManager, init=-1: peers:[8949e68c-e95d-4b98-a083-33911916c13e|rpc:10.1.0.111:39377|dataStream:|priority:1|startupRole:FOLLOWER, d94fe112-7331-4555-8545-ea5a46cf3e05|rpc:10.1.0.111:45971|dataStream:|priority:0|startupRole:FOLLOWER, b82692f7-3e6b-41da-8c72-517365e0a845|rpc:10.1.0.111:44405|dataStream:|priority:0|startupRole:FOLLOWER]|listeners:[], old=null, confs=<EMPTY_MAP>
2022-11-08 11:40:39,012 [pool-164-thread-1] INFO  server.RaftServerConfigKeys (ConfUtils.java:logGet(46)) - raft.server.storage.dir = [/home/runner/work/ozone/ozone/hadoop-ozone/integration-test/target/test-dir/MiniOzoneClusterImpl-c61d2d68-5505-4298-888d-dd71e22caacf/datanode-4/data/ratis] (custom)
2022-11-08 11:40:39,012 [pool-164-thread-1] INFO  server.RaftServerConfigKeys (ConfUtils.java:logGet(46)) - raft.server.log.corruption.policy = EXCEPTION (default)
2022-11-08 11:40:39,012 [pool-164-thread-1] INFO  server.RaftServerConfigKeys (ConfUtils.java:logGet(46)) - raft.server.storage.free-space.min = 0MB (=0) (default)
2022-11-08 11:40:39,012 [pool-164-thread-1] INFO  server.RaftServerConfigKeys (ConfUtils.java:logGet(46)) - raft.server.notification.no-leader.timeout = 300s (custom)
2022-11-08 11:40:39,012 [pool-164-thread-1] INFO  server.RaftServerConfigKeys (ConfUtils.java:logGet(46)) - raft.server.retrycache.expirytime = 600000ms (custom)
2022-11-08 11:40:39,012 [pool-164-thread-1] INFO  server.RaftServerConfigKeys (ConfUtils.java:logGet(46)) - raft.server.retrycache.statistics.expirytime = 100μs (default)
2022-11-08 11:40:39,014 [pool-164-thread-1] INFO  server.RaftServerConfigKeys (ConfUtils.java:logGet(46)) - raft.server.log.appender.install.snapshot.enabled = false (custom)
2022-11-08 11:40:39,014 [pool-164-thread-1] INFO  server.RaftServerConfigKeys (ConfUtils.java:logGet(46)) - raft.server.threadpool.server.cached = true (default)
2022-11-08 11:40:39,014 [pool-164-thread-1] INFO  server.RaftServerConfigKeys (ConfUtils.java:logGet(46)) - raft.server.threadpool.server.size = 0 (default)
2022-11-08 11:40:39,015 [pool-164-thread-1] INFO  server.RaftServerConfigKeys (ConfUtils.java:logGet(46)) - raft.server.threadpool.client.cached = true (default)
2022-11-08 11:40:39,015 [pool-164-thread-1] INFO  server.RaftServerConfigKeys (ConfUtils.java:logGet(46)) - raft.server.threadpool.client.size = 0 (default)
2022-11-08 11:40:39,015 [pool-164-thread-1] INFO  storage.RaftStorageDirectory (RaftStorageDirectoryImpl.java:analyzeStorage(137)) - The storage directory /home/runner/work/ozone/ozone/hadoop-ozone/integration-test/target/test-dir/MiniOzoneClusterImpl-c61d2d68-5505-4298-888d-dd71e22caacf/datanode-4/data/ratis/a9076ed7-9212-44f7-9706-0db537a3e006 does not exist. Creating ...
2022-11-08 11:40:39,017 [pool-164-thread-1] INFO  storage.RaftStorageDirectory (RaftStorageDirectoryImpl.java:tryLock(231)) - Lock on /home/runner/work/ozone/ozone/hadoop-ozone/integration-test/target/test-dir/MiniOzoneClusterImpl-c61d2d68-5505-4298-888d-dd71e22caacf/datanode-4/data/ratis/a9076ed7-9212-44f7-9706-0db537a3e006/in_use.lock acquired by nodename 12130@fv-az573-890
2022-11-08 11:40:39,019 [pool-164-thread-1] INFO  storage.RaftStorage (RaftStorageImpl.java:format(96)) - Storage directory /home/runner/work/ozone/ozone/hadoop-ozone/integration-test/target/test-dir/MiniOzoneClusterImpl-c61d2d68-5505-4298-888d-dd71e22caacf/datanode-4/data/ratis/a9076ed7-9212-44f7-9706-0db537a3e006 has been successfully formatted.
2022-11-08 11:40:39,019 [pool-164-thread-1] INFO  ratis.ContainerStateMachine (ContainerStateMachine.java:loadSnapshot(236)) - group-0DB537A3E006: The snapshot info is null. Setting the last applied indexto:(t:0, i:~)
2022-11-08 11:40:39,019 [pool-164-thread-1] INFO  server.RaftServerConfigKeys (ConfUtils.java:logGet(46)) - raft.server.log.use.memory = false (default)
2022-11-08 11:40:39,019 [pool-164-thread-1] INFO  server.RaftServerConfigKeys (ConfUtils.java:logGet(46)) - raft.server.log.purge.gap = 1000000 (custom)
2022-11-08 11:40:39,019 [pool-164-thread-1] INFO  server.RaftServerConfigKeys (ConfUtils.java:logGet(46)) - raft.server.log.appender.buffer.byte-limit = 33554432 (custom)
2022-11-08 11:40:39,020 [pool-164-thread-1] INFO  server.RaftServerConfigKeys (ConfUtils.java:logGet(46)) - raft.server.log.statemachine.data.read.timeout = 1000ms (default)
2022-11-08 11:40:39,020 [pool-164-thread-1] INFO  server.RaftServerConfigKeys (ConfUtils.java:logGet(46)) - raft.server.log.purge.preservation.log.num = 0 (default)
2022-11-08 11:40:39,020 [pool-164-thread-1] INFO  server.RaftServerConfigKeys (ConfUtils.java:logGet(46)) - raft.server.log.segment.size.max = 1048576 (custom)
2022-11-08 11:40:39,022 [pool-164-thread-1] INFO  server.RaftServerConfigKeys (ConfUtils.java:logGet(46)) - raft.server.log.segment.cache.num.max = 2 (custom)
2022-11-08 11:40:39,022 [pool-164-thread-1] INFO  server.RaftServerConfigKeys (ConfUtils.java:logGet(46)) - raft.server.log.segment.cache.size.max = 200MB (=209715200) (default)
2022-11-08 11:40:39,023 [pool-164-thread-1] INFO  segmented.SegmentedRaftLogWorker (SegmentedRaftLogWorker.java:<init>(191)) - new d94fe112-7331-4555-8545-ea5a46cf3e05@group-0DB537A3E006-SegmentedRaftLogWorker for RaftStorageImpl:Storage Directory /home/runner/work/ozone/ozone/hadoop-ozone/integration-test/target/test-dir/MiniOzoneClusterImpl-c61d2d68-5505-4298-888d-dd71e22caacf/datanode-4/data/ratis/a9076ed7-9212-44f7-9706-0db537a3e006
2022-11-08 11:40:39,023 [pool-164-thread-1] INFO  server.RaftServerConfigKeys (ConfUtils.java:logGet(46)) - raft.server.log.queue.byte-limit = 4294967296 (custom)
2022-11-08 11:40:39,023 [pool-164-thread-1] INFO  server.RaftServerConfigKeys (ConfUtils.java:logGet(46)) - raft.server.log.queue.element-limit = 1024 (custom)
2022-11-08 11:40:39,023 [pool-164-thread-1] INFO  server.RaftServerConfigKeys (ConfUtils.java:logGet(46)) - raft.server.log.segment.size.max = 1048576 (custom)
2022-11-08 11:40:39,023 [pool-164-thread-1] INFO  server.RaftServerConfigKeys (ConfUtils.java:logGet(46)) - raft.server.log.preallocated.size = 16384 (custom)
2022-11-08 11:40:39,023 [pool-164-thread-1] INFO  server.RaftServerConfigKeys (ConfUtils.java:logGet(46)) - raft.server.log.force.sync.num = 128 (default)
2022-11-08 11:40:39,023 [pool-164-thread-1] INFO  server.RaftServerConfigKeys (ConfUtils.java:logGet(46)) - raft.server.log.statemachine.data.sync = true (default)
2022-11-08 11:40:39,023 [pool-164-thread-1] INFO  server.RaftServerConfigKeys (ConfUtils.java:logGet(46)) - raft.server.log.statemachine.data.sync.timeout = 10s (default)
2022-11-08 11:40:39,023 [pool-164-thread-1] INFO  server.RaftServerConfigKeys (ConfUtils.java:logGet(46)) - raft.server.log.statemachine.data.sync.timeout.retry = -1 (default)
2022-11-08 11:40:39,027 [pool-164-thread-1] INFO  server.RaftServerConfigKeys (ConfUtils.java:logGet(46)) - raft.server.log.write.buffer.size = 1048576 (custom)
2022-11-08 11:40:39,028 [pool-164-thread-1] INFO  server.RaftServerConfigKeys (ConfUtils.java:logGet(46)) - raft.server.log.unsafe-flush.enabled = false (default)
2022-11-08 11:40:39,028 [pool-164-thread-1] INFO  server.RaftServerConfigKeys (ConfUtils.java:logGet(46)) - raft.server.log.async-flush.enabled = false (default)
2022-11-08 11:40:39,028 [pool-164-thread-1] INFO  server.RaftServerConfigKeys (ConfUtils.java:logGet(46)) - raft.server.log.statemachine.data.caching.enabled = true (custom)
2022-11-08 11:40:39,029 [pool-164-thread-1] INFO  segmented.SegmentedRaftLogWorker (SegmentedRaftLogWorker.java:lambda$new$0(136)) - d94fe112-7331-4555-8545-ea5a46cf3e05@group-0DB537A3E006-SegmentedRaftLogWorker: flushIndex: setUnconditionally 0 -> -1
2022-11-08 11:40:39,029 [pool-164-thread-1] INFO  segmented.SegmentedRaftLogWorker (SegmentedRaftLogWorker.java:lambda$new$0(136)) - d94fe112-7331-4555-8545-ea5a46cf3e05@group-0DB537A3E006-SegmentedRaftLogWorker: safeCacheEvictIndex: setUnconditionally 0 -> -1
2022-11-08 11:40:39,035 [pool-164-thread-1] INFO  server.RaftServer$Division (RaftServerImpl.java:start(334)) - d94fe112-7331-4555-8545-ea5a46cf3e05@group-0DB537A3E006: start as a follower, conf=-1: peers:[8949e68c-e95d-4b98-a083-33911916c13e|rpc:10.1.0.111:39377|dataStream:|priority:1|startupRole:FOLLOWER, d94fe112-7331-4555-8545-ea5a46cf3e05|rpc:10.1.0.111:45971|dataStream:|priority:0|startupRole:FOLLOWER, b82692f7-3e6b-41da-8c72-517365e0a845|rpc:10.1.0.111:44405|dataStream:|priority:0|startupRole:FOLLOWER]|listeners:[], old=null
2022-11-08 11:40:39,035 [pool-164-thread-1] INFO  server.RaftServer$Division (RaftServerImpl.java:setRole(321)) - d94fe112-7331-4555-8545-ea5a46cf3e05@group-0DB537A3E006: changes role from      null to FOLLOWER at term 0 for startAsFollower
2022-11-08 11:40:39,035 [pool-164-thread-1] INFO  impl.RoleInfo (RoleInfo.java:updateAndGet(139)) - d94fe112-7331-4555-8545-ea5a46cf3e05: start d94fe112-7331-4555-8545-ea5a46cf3e05@group-0DB537A3E006-FollowerState
2022-11-08 11:40:39,036 [pool-164-thread-1] INFO  util.JmxRegister (JmxRegister.java:tryRegister(44)) - Successfully registered JMX Bean with object name Ratis:service=RaftServer,group=group-0DB537A3E006,id=d94fe112-7331-4555-8545-ea5a46cf3e05
2022-11-08 11:40:39,036 [pool-164-thread-1] INFO  server.RaftServerConfigKeys (ConfUtils.java:logGet(46)) - raft.server.snapshot.auto.trigger.enabled = true (custom)
2022-11-08 11:40:39,036 [pool-164-thread-1] INFO  server.RaftServerConfigKeys (ConfUtils.java:logGet(46)) - raft.server.snapshot.auto.trigger.threshold = 10000 (custom)
2022-11-08 11:40:39,036 [pool-164-thread-1] INFO  server.RaftServerConfigKeys (ConfUtils.java:logGet(46)) - raft.server.snapshot.retention.file.num = 5 (custom)
2022-11-08 11:40:39,036 [pool-164-thread-1] INFO  server.RaftServerConfigKeys (ConfUtils.java:logGet(46)) - raft.server.log.purge.upto.snapshot.index = false (default)
2022-11-08 11:40:39,037 [d94fe112-7331-4555-8545-ea5a46cf3e05@group-0DB537A3E006-FollowerState] INFO  server.RaftServerConfigKeys (ConfUtils.java:logFallback(53)) - raft.server.rpc.first-election.timeout.min = 5s (fallback to raft.server.rpc.timeout.min)
2022-11-08 11:40:39,045 [d94fe112-7331-4555-8545-ea5a46cf3e05@group-0DB537A3E006-FollowerState] INFO  server.RaftServerConfigKeys (ConfUtils.java:logFallback(53)) - raft.server.rpc.first-election.timeout.max = 5200ms (fallback to raft.server.rpc.timeout.max)
2022-11-08 11:40:39,052 [Command processor thread] INFO  commandhandler.CreatePipelineCommandHandler (CreatePipelineCommandHandler.java:handle(113)) - Created Pipeline RATIS THREE PipelineID=a9076ed7-9212-44f7-9706-0db537a3e006.
2022-11-08 11:40:39,128 [Command processor thread] INFO  server.RaftServer (RaftServerProxy.java:addNew(96)) - d94fe112-7331-4555-8545-ea5a46cf3e05: addNew group-2EE5346E980C:[d94fe112-7331-4555-8545-ea5a46cf3e05|rpc:10.1.0.111:45971|priority:1|startupRole:FOLLOWER] returns group-2EE5346E980C:java.util.concurrent.CompletableFuture@409af433[Not completed]
2022-11-08 11:40:39,129 [pool-164-thread-1] INFO  server.RaftServer$Division (RaftServerImpl.java:<init>(195)) - d94fe112-7331-4555-8545-ea5a46cf3e05: new RaftServerImpl for group-2EE5346E980C:[d94fe112-7331-4555-8545-ea5a46cf3e05|rpc:10.1.0.111:45971|priority:1|startupRole:FOLLOWER] with ContainerStateMachine:uninitialized
2022-11-08 11:40:39,130 [pool-164-thread-1] INFO  server.RaftServerConfigKeys (ConfUtils.java:logGet(46)) - raft.server.rpc.timeout.min = 5s (custom)
2022-11-08 11:40:39,130 [pool-164-thread-1] INFO  server.RaftServerConfigKeys (ConfUtils.java:logGet(46)) - raft.server.rpc.timeout.max = 5200ms (custom)
2022-11-08 11:40:39,130 [pool-164-thread-1] INFO  server.RaftServerConfigKeys (ConfUtils.java:logGet(46)) - raft.server.rpc.sleep.time = 25ms (default)
2022-11-08 11:40:39,130 [pool-164-thread-1] INFO  server.RaftServerConfigKeys (ConfUtils.java:logGet(46)) - raft.server.rpc.slowness.timeout = 300s (custom)
2022-11-08 11:40:39,130 [pool-164-thread-1] INFO  server.RaftServerConfigKeys (ConfUtils.java:logGet(46)) - raft.server.leaderelection.leader.step-down.wait-time = 10s (default)
2022-11-08 11:40:39,130 [pool-164-thread-1] INFO  server.RaftServerConfigKeys (ConfUtils.java:logGet(46)) - raft.server.sleep.deviation.threshold = 300ms (default)
2022-11-08 11:40:39,130 [pool-164-thread-1] INFO  server.RaftServer$Division (ServerState.java:<init>(118)) - d94fe112-7331-4555-8545-ea5a46cf3e05@group-2EE5346E980C: ConfigurationManager, init=-1: peers:[d94fe112-7331-4555-8545-ea5a46cf3e05|rpc:10.1.0.111:45971|priority:1|startupRole:FOLLOWER]|listeners:[], old=null, confs=<EMPTY_MAP>
2022-11-08 11:40:39,131 [pool-164-thread-1] INFO  server.RaftServerConfigKeys (ConfUtils.java:logGet(46)) - raft.server.storage.dir = [/home/runner/work/ozone/ozone/hadoop-ozone/integration-test/target/test-dir/MiniOzoneClusterImpl-c61d2d68-5505-4298-888d-dd71e22caacf/datanode-4/data/ratis] (custom)
2022-11-08 11:40:39,131 [pool-164-thread-1] INFO  server.RaftServerConfigKeys (ConfUtils.java:logGet(46)) - raft.server.log.corruption.policy = EXCEPTION (default)
2022-11-08 11:40:39,131 [pool-164-thread-1] INFO  server.RaftServerConfigKeys (ConfUtils.java:logGet(46)) - raft.server.storage.free-space.min = 0MB (=0) (default)
2022-11-08 11:40:39,131 [pool-164-thread-1] INFO  server.RaftServerConfigKeys (ConfUtils.java:logGet(46)) - raft.server.notification.no-leader.timeout = 300s (custom)
2022-11-08 11:40:39,131 [pool-164-thread-1] INFO  server.RaftServerConfigKeys (ConfUtils.java:logGet(46)) - raft.server.retrycache.expirytime = 600000ms (custom)
2022-11-08 11:40:39,131 [pool-164-thread-1] INFO  server.RaftServerConfigKeys (ConfUtils.java:logGet(46)) - raft.server.retrycache.statistics.expirytime = 100μs (default)
2022-11-08 11:40:39,133 [pool-164-thread-1] INFO  server.RaftServerConfigKeys (ConfUtils.java:logGet(46)) - raft.server.log.appender.install.snapshot.enabled = false (custom)
2022-11-08 11:40:39,133 [pool-164-thread-1] INFO  server.RaftServerConfigKeys (ConfUtils.java:logGet(46)) - raft.server.threadpool.server.cached = true (default)
2022-11-08 11:40:39,133 [pool-164-thread-1] INFO  server.RaftServerConfigKeys (ConfUtils.java:logGet(46)) - raft.server.threadpool.server.size = 0 (default)
2022-11-08 11:40:39,133 [pool-164-thread-1] INFO  server.RaftServerConfigKeys (ConfUtils.java:logGet(46)) - raft.server.threadpool.client.cached = true (default)
2022-11-08 11:40:39,133 [pool-164-thread-1] INFO  server.RaftServerConfigKeys (ConfUtils.java:logGet(46)) - raft.server.threadpool.client.size = 0 (default)
2022-11-08 11:40:39,134 [pool-164-thread-1] INFO  storage.RaftStorageDirectory (RaftStorageDirectoryImpl.java:analyzeStorage(137)) - The storage directory /home/runner/work/ozone/ozone/hadoop-ozone/integration-test/target/test-dir/MiniOzoneClusterImpl-c61d2d68-5505-4298-888d-dd71e22caacf/datanode-4/data/ratis/ad6a543c-2ea5-478a-a0c4-2ee5346e980c does not exist. Creating ...
2022-11-08 11:40:39,135 [pool-164-thread-1] INFO  storage.RaftStorageDirectory (RaftStorageDirectoryImpl.java:tryLock(231)) - Lock on /home/runner/work/ozone/ozone/hadoop-ozone/integration-test/target/test-dir/MiniOzoneClusterImpl-c61d2d68-5505-4298-888d-dd71e22caacf/datanode-4/data/ratis/ad6a543c-2ea5-478a-a0c4-2ee5346e980c/in_use.lock acquired by nodename 12130@fv-az573-890
2022-11-08 11:40:39,139 [pool-164-thread-1] INFO  storage.RaftStorage (RaftStorageImpl.java:format(96)) - Storage directory /home/runner/work/ozone/ozone/hadoop-ozone/integration-test/target/test-dir/MiniOzoneClusterImpl-c61d2d68-5505-4298-888d-dd71e22caacf/datanode-4/data/ratis/ad6a543c-2ea5-478a-a0c4-2ee5346e980c has been successfully formatted.
2022-11-08 11:40:39,140 [pool-164-thread-1] INFO  ratis.ContainerStateMachine (ContainerStateMachine.java:loadSnapshot(236)) - group-2EE5346E980C: The snapshot info is null. Setting the last applied indexto:(t:0, i:~)
2022-11-08 11:40:39,141 [pool-164-thread-1] INFO  server.RaftServerConfigKeys (ConfUtils.java:logGet(46)) - raft.server.log.use.memory = false (default)
2022-11-08 11:40:39,143 [EventQueue-PipelineReportForPipelineReportHandler] INFO  pipeline.PipelineManagerImpl (PipelineManagerImpl.java:openPipeline(367)) - Pipeline Pipeline[ Id: ad6a543c-2ea5-478a-a0c4-2ee5346e980c, Nodes: d94fe112-7331-4555-8545-ea5a46cf3e05{ip: 10.1.0.111, host: fv-az573-890.uspngagyt4suddso0aj1djjezg.dx.internal.cloudapp.net, ports: [REPLICATION=42317, RATIS=45971, RATIS_ADMIN=45971, RATIS_SERVER=45971, STANDALONE=42107], networkLocation: /default-rack, certSerialId: null, persistedOpState: IN_SERVICE, persistedOpStateExpiryEpochSec: 0}, ReplicationConfig: RATIS/ONE, State:ALLOCATED, leaderId:d94fe112-7331-4555-8545-ea5a46cf3e05, CreationTimestamp2022-11-08T11:40:36.135Z[Etc/UTC]] moved to OPEN state
2022-11-08 11:40:39,145 [EventQueue-OpenPipelineForHealthyPipelineSafeModeRule] INFO  safemode.SCMSafeModeManager (HealthyPipelineSafeModeRule.java:process(137)) - SCM in safe mode. Healthy pipelines reported count is 0, required healthy pipeline reported count is 1
2022-11-08 11:40:39,145 [pool-164-thread-1] INFO  server.RaftServerConfigKeys (ConfUtils.java:logGet(46)) - raft.server.log.purge.gap = 1000000 (custom)
2022-11-08 11:40:39,146 [pool-164-thread-1] INFO  server.RaftServerConfigKeys (ConfUtils.java:logGet(46)) - raft.server.log.appender.buffer.byte-limit = 33554432 (custom)
2022-11-08 11:40:39,146 [pool-164-thread-1] INFO  server.RaftServerConfigKeys (ConfUtils.java:logGet(46)) - raft.server.log.statemachine.data.read.timeout = 1000ms (default)
2022-11-08 11:40:39,146 [pool-164-thread-1] INFO  server.RaftServerConfigKeys (ConfUtils.java:logGet(46)) - raft.server.log.purge.preservation.log.num = 0 (default)
2022-11-08 11:40:39,151 [pool-164-thread-1] INFO  server.RaftServerConfigKeys (ConfUtils.java:logGet(46)) - raft.server.log.segment.size.max = 1048576 (custom)
2022-11-08 11:40:39,152 [pool-164-thread-1] INFO  server.RaftServerConfigKeys (ConfUtils.java:logGet(46)) - raft.server.log.segment.cache.num.max = 2 (custom)
2022-11-08 11:40:39,152 [pool-164-thread-1] INFO  server.RaftServerConfigKeys (ConfUtils.java:logGet(46)) - raft.server.log.segment.cache.size.max = 200MB (=209715200) (default)
2022-11-08 11:40:39,152 [pool-164-thread-1] INFO  segmented.SegmentedRaftLogWorker (SegmentedRaftLogWorker.java:<init>(191)) - new d94fe112-7331-4555-8545-ea5a46cf3e05@group-2EE5346E980C-SegmentedRaftLogWorker for RaftStorageImpl:Storage Directory /home/runner/work/ozone/ozone/hadoop-ozone/integration-test/target/test-dir/MiniOzoneClusterImpl-c61d2d68-5505-4298-888d-dd71e22caacf/datanode-4/data/ratis/ad6a543c-2ea5-478a-a0c4-2ee5346e980c
2022-11-08 11:40:39,152 [pool-164-thread-1] INFO  server.RaftServerConfigKeys (ConfUtils.java:logGet(46)) - raft.server.log.queue.byte-limit = 4294967296 (custom)
2022-11-08 11:40:39,152 [pool-164-thread-1] INFO  server.RaftServerConfigKeys (ConfUtils.java:logGet(46)) - raft.server.log.queue.element-limit = 1024 (custom)
2022-11-08 11:40:39,153 [pool-164-thread-1] INFO  server.RaftServerConfigKeys (ConfUtils.java:logGet(46)) - raft.server.log.segment.size.max = 1048576 (custom)
2022-11-08 11:40:39,153 [pool-164-thread-1] INFO  server.RaftServerConfigKeys (ConfUtils.java:logGet(46)) - raft.server.log.preallocated.size = 16384 (custom)
2022-11-08 11:40:39,153 [pool-164-thread-1] INFO  server.RaftServerConfigKeys (ConfUtils.java:logGet(46)) - raft.server.log.force.sync.num = 128 (default)
2022-11-08 11:40:39,153 [pool-164-thread-1] INFO  server.RaftServerConfigKeys (ConfUtils.java:logGet(46)) - raft.server.log.statemachine.data.sync = true (default)
2022-11-08 11:40:39,153 [pool-164-thread-1] INFO  server.RaftServerConfigKeys (ConfUtils.java:logGet(46)) - raft.server.log.statemachine.data.sync.timeout = 10s (default)
2022-11-08 11:40:39,153 [pool-164-thread-1] INFO  server.RaftServerConfigKeys (ConfUtils.java:logGet(46)) - raft.server.log.statemachine.data.sync.timeout.retry = -1 (default)
2022-11-08 11:40:39,154 [pool-164-thread-1] INFO  server.RaftServerConfigKeys (ConfUtils.java:logGet(46)) - raft.server.log.write.buffer.size = 1048576 (custom)
2022-11-08 11:40:39,155 [pool-164-thread-1] INFO  server.RaftServerConfigKeys (ConfUtils.java:logGet(46)) - raft.server.log.unsafe-flush.enabled = false (default)
2022-11-08 11:40:39,156 [pool-164-thread-1] INFO  server.RaftServerConfigKeys (ConfUtils.java:logGet(46)) - raft.server.log.async-flush.enabled = false (default)
2022-11-08 11:40:39,156 [pool-164-thread-1] INFO  server.RaftServerConfigKeys (ConfUtils.java:logGet(46)) - raft.server.log.statemachine.data.caching.enabled = true (custom)
2022-11-08 11:40:39,156 [pool-164-thread-1] INFO  segmented.SegmentedRaftLogWorker (SegmentedRaftLogWorker.java:lambda$new$0(136)) - d94fe112-7331-4555-8545-ea5a46cf3e05@group-2EE5346E980C-SegmentedRaftLogWorker: flushIndex: setUnconditionally 0 -> -1
2022-11-08 11:40:39,156 [pool-164-thread-1] INFO  segmented.SegmentedRaftLogWorker (SegmentedRaftLogWorker.java:lambda$new$0(136)) - d94fe112-7331-4555-8545-ea5a46cf3e05@group-2EE5346E980C-SegmentedRaftLogWorker: safeCacheEvictIndex: setUnconditionally 0 -> -1
2022-11-08 11:40:39,157 [pool-164-thread-1] INFO  server.RaftServer$Division (RaftServerImpl.java:start(334)) - d94fe112-7331-4555-8545-ea5a46cf3e05@group-2EE5346E980C: start as a follower, conf=-1: peers:[d94fe112-7331-4555-8545-ea5a46cf3e05|rpc:10.1.0.111:45971|priority:1|startupRole:FOLLOWER]|listeners:[], old=null
2022-11-08 11:40:39,157 [pool-164-thread-1] INFO  server.RaftServer$Division (RaftServerImpl.java:setRole(321)) - d94fe112-7331-4555-8545-ea5a46cf3e05@group-2EE5346E980C: changes role from      null to FOLLOWER at term 0 for startAsFollower
2022-11-08 11:40:39,157 [pool-164-thread-1] INFO  impl.RoleInfo (RoleInfo.java:updateAndGet(139)) - d94fe112-7331-4555-8545-ea5a46cf3e05: start d94fe112-7331-4555-8545-ea5a46cf3e05@group-2EE5346E980C-FollowerState
2022-11-08 11:40:39,157 [pool-164-thread-1] INFO  util.JmxRegister (JmxRegister.java:tryRegister(44)) - Successfully registered JMX Bean with object name Ratis:service=RaftServer,group=group-2EE5346E980C,id=d94fe112-7331-4555-8545-ea5a46cf3e05
2022-11-08 11:40:39,157 [pool-164-thread-1] INFO  server.RaftServerConfigKeys (ConfUtils.java:logGet(46)) - raft.server.snapshot.auto.trigger.enabled = true (custom)
2022-11-08 11:40:39,157 [pool-164-thread-1] INFO  server.RaftServerConfigKeys (ConfUtils.java:logGet(46)) - raft.server.snapshot.auto.trigger.threshold = 10000 (custom)
2022-11-08 11:40:39,157 [pool-164-thread-1] INFO  server.RaftServerConfigKeys (ConfUtils.java:logGet(46)) - raft.server.snapshot.retention.file.num = 5 (custom)
2022-11-08 11:40:39,157 [pool-164-thread-1] INFO  server.RaftServerConfigKeys (ConfUtils.java:logGet(46)) - raft.server.log.purge.upto.snapshot.index = false (default)
2022-11-08 11:40:39,159 [d94fe112-7331-4555-8545-ea5a46cf3e05@group-2EE5346E980C-FollowerState] INFO  server.RaftServerConfigKeys (ConfUtils.java:logFallback(53)) - raft.server.rpc.first-election.timeout.min = 5s (fallback to raft.server.rpc.timeout.min)
2022-11-08 11:40:39,160 [d94fe112-7331-4555-8545-ea5a46cf3e05@group-2EE5346E980C-FollowerState] INFO  server.RaftServerConfigKeys (ConfUtils.java:logFallback(53)) - raft.server.rpc.first-election.timeout.max = 5200ms (fallback to raft.server.rpc.timeout.max)
2022-11-08 11:40:39,160 [Command processor thread] INFO  ratis.XceiverServerRatis (XceiverServerRatis.java:addGroup(765)) - Created group PipelineID=ad6a543c-2ea5-478a-a0c4-2ee5346e980c
2022-11-08 11:40:39,160 [Command processor thread] INFO  commandhandler.CreatePipelineCommandHandler (CreatePipelineCommandHandler.java:handle(113)) - Created Pipeline RATIS ONE PipelineID=ad6a543c-2ea5-478a-a0c4-2ee5346e980c.
2022-11-08 11:40:39,639 [Command processor thread] INFO  server.RaftServer (RaftServerProxy.java:addNew(96)) - 8949e68c-e95d-4b98-a083-33911916c13e: addNew group-6A5F2FD38F34:[8949e68c-e95d-4b98-a083-33911916c13e|rpc:10.1.0.111:39377|priority:1|startupRole:FOLLOWER] returns group-6A5F2FD38F34:java.util.concurrent.CompletableFuture@5ba91d2a[Not completed]
2022-11-08 11:40:39,641 [pool-187-thread-1] INFO  server.RaftServer$Division (RaftServerImpl.java:<init>(195)) - 8949e68c-e95d-4b98-a083-33911916c13e: new RaftServerImpl for group-6A5F2FD38F34:[8949e68c-e95d-4b98-a083-33911916c13e|rpc:10.1.0.111:39377|priority:1|startupRole:FOLLOWER] with ContainerStateMachine:uninitialized
2022-11-08 11:40:39,641 [pool-187-thread-1] INFO  server.RaftServerConfigKeys (ConfUtils.java:logGet(46)) - raft.server.rpc.timeout.min = 5s (custom)
2022-11-08 11:40:39,641 [pool-187-thread-1] INFO  server.RaftServerConfigKeys (ConfUtils.java:logGet(46)) - raft.server.rpc.timeout.max = 5200ms (custom)
2022-11-08 11:40:39,641 [Listener at 127.0.0.1/34491] INFO  ozone.MiniOzoneClusterImpl (MiniOzoneClusterImpl.java:lambda$waitForClusterToBeReady$0(216)) - Nodes are ready. Got 6 of 6 DN Heartbeats.
2022-11-08 11:40:39,641 [Listener at 127.0.0.1/34491] INFO  ozone.MiniOzoneClusterImpl (MiniOzoneClusterImpl.java:lambda$waitForClusterToBeReady$0(219)) - Waiting for cluster to exit safe mode
2022-11-08 11:40:39,641 [Listener at 127.0.0.1/34491] INFO  ozone.MiniOzoneClusterImpl (MiniOzoneClusterImpl.java:lambda$waitForClusterToBeReady$0(221)) - SCM became leader
2022-11-08 11:40:39,641 [pool-187-thread-1] INFO  server.RaftServerConfigKeys (ConfUtils.java:logGet(46)) - raft.server.rpc.sleep.time = 25ms (default)
2022-11-08 11:40:39,642 [pool-187-thread-1] INFO  server.RaftServerConfigKeys (ConfUtils.java:logGet(46)) - raft.server.rpc.slowness.timeout = 300s (custom)
2022-11-08 11:40:39,642 [pool-187-thread-1] INFO  server.RaftServerConfigKeys (ConfUtils.java:logGet(46)) - raft.server.leaderelection.leader.step-down.wait-time = 10s (default)
2022-11-08 11:40:39,642 [pool-187-thread-1] INFO  server.RaftServerConfigKeys (ConfUtils.java:logGet(46)) - raft.server.sleep.deviation.threshold = 300ms (default)
2022-11-08 11:40:39,642 [pool-187-thread-1] INFO  server.RaftServer$Division (ServerState.java:<init>(118)) - 8949e68c-e95d-4b98-a083-33911916c13e@group-6A5F2FD38F34: ConfigurationManager, init=-1: peers:[8949e68c-e95d-4b98-a083-33911916c13e|rpc:10.1.0.111:39377|priority:1|startupRole:FOLLOWER]|listeners:[], old=null, confs=<EMPTY_MAP>
2022-11-08 11:40:39,642 [pool-187-thread-1] INFO  server.RaftServerConfigKeys (ConfUtils.java:logGet(46)) - raft.server.storage.dir = [/home/runner/work/ozone/ozone/hadoop-ozone/integration-test/target/test-dir/MiniOzoneClusterImpl-c61d2d68-5505-4298-888d-dd71e22caacf/datanode-5/data/ratis] (custom)
2022-11-08 11:40:39,642 [pool-187-thread-1] INFO  server.RaftServerConfigKeys (ConfUtils.java:logGet(46)) - raft.server.log.corruption.policy = EXCEPTION (default)
2022-11-08 11:40:39,643 [pool-187-thread-1] INFO  server.RaftServerConfigKeys (ConfUtils.java:logGet(46)) - raft.server.storage.free-space.min = 0MB (=0) (default)
2022-11-08 11:40:39,643 [pool-187-thread-1] INFO  server.RaftServerConfigKeys (ConfUtils.java:logGet(46)) - raft.server.notification.no-leader.timeout = 300s (custom)
2022-11-08 11:40:39,643 [pool-187-thread-1] INFO  server.RaftServerConfigKeys (ConfUtils.java:logGet(46)) - raft.server.retrycache.expirytime = 600000ms (custom)
2022-11-08 11:40:39,643 [pool-187-thread-1] INFO  server.RaftServerConfigKeys (ConfUtils.java:logGet(46)) - raft.server.retrycache.statistics.expirytime = 100μs (default)
2022-11-08 11:40:39,644 [pool-187-thread-1] INFO  server.RaftServerConfigKeys (ConfUtils.java:logGet(46)) - raft.server.log.appender.install.snapshot.enabled = false (custom)
2022-11-08 11:40:39,644 [pool-187-thread-1] INFO  server.RaftServerConfigKeys (ConfUtils.java:logGet(46)) - raft.server.threadpool.server.cached = true (default)
2022-11-08 11:40:39,644 [pool-187-thread-1] INFO  server.RaftServerConfigKeys (ConfUtils.java:logGet(46)) - raft.server.threadpool.server.size = 0 (default)
2022-11-08 11:40:39,645 [pool-187-thread-1] INFO  server.RaftServerConfigKeys (ConfUtils.java:logGet(46)) - raft.server.threadpool.client.cached = true (default)
2022-11-08 11:40:39,645 [pool-187-thread-1] INFO  server.RaftServerConfigKeys (ConfUtils.java:logGet(46)) - raft.server.threadpool.client.size = 0 (default)
2022-11-08 11:40:39,645 [pool-187-thread-1] INFO  storage.RaftStorageDirectory (RaftStorageDirectoryImpl.java:analyzeStorage(137)) - The storage directory /home/runner/work/ozone/ozone/hadoop-ozone/integration-test/target/test-dir/MiniOzoneClusterImpl-c61d2d68-5505-4298-888d-dd71e22caacf/datanode-5/data/ratis/8d8b0750-b654-4b25-9989-6a5f2fd38f34 does not exist. Creating ...
2022-11-08 11:40:39,646 [pool-187-thread-1] INFO  storage.RaftStorageDirectory (RaftStorageDirectoryImpl.java:tryLock(231)) - Lock on /home/runner/work/ozone/ozone/hadoop-ozone/integration-test/target/test-dir/MiniOzoneClusterImpl-c61d2d68-5505-4298-888d-dd71e22caacf/datanode-5/data/ratis/8d8b0750-b654-4b25-9989-6a5f2fd38f34/in_use.lock acquired by nodename 12130@fv-az573-890
2022-11-08 11:40:39,648 [pool-187-thread-1] INFO  storage.RaftStorage (RaftStorageImpl.java:format(96)) - Storage directory /home/runner/work/ozone/ozone/hadoop-ozone/integration-test/target/test-dir/MiniOzoneClusterImpl-c61d2d68-5505-4298-888d-dd71e22caacf/datanode-5/data/ratis/8d8b0750-b654-4b25-9989-6a5f2fd38f34 has been successfully formatted.
2022-11-08 11:40:39,649 [pool-187-thread-1] INFO  ratis.ContainerStateMachine (ContainerStateMachine.java:loadSnapshot(236)) - group-6A5F2FD38F34: The snapshot info is null. Setting the last applied indexto:(t:0, i:~)
2022-11-08 11:40:39,649 [pool-187-thread-1] INFO  server.RaftServerConfigKeys (ConfUtils.java:logGet(46)) - raft.server.log.use.memory = false (default)
2022-11-08 11:40:39,649 [pool-187-thread-1] INFO  server.RaftServerConfigKeys (ConfUtils.java:logGet(46)) - raft.server.log.purge.gap = 1000000 (custom)
2022-11-08 11:40:39,649 [pool-187-thread-1] INFO  server.RaftServerConfigKeys (ConfUtils.java:logGet(46)) - raft.server.log.appender.buffer.byte-limit = 33554432 (custom)
2022-11-08 11:40:39,649 [pool-187-thread-1] INFO  server.RaftServerConfigKeys (ConfUtils.java:logGet(46)) - raft.server.log.statemachine.data.read.timeout = 1000ms (default)
2022-11-08 11:40:39,649 [pool-187-thread-1] INFO  server.RaftServerConfigKeys (ConfUtils.java:logGet(46)) - raft.server.log.purge.preservation.log.num = 0 (default)
2022-11-08 11:40:39,649 [pool-187-thread-1] INFO  server.RaftServerConfigKeys (ConfUtils.java:logGet(46)) - raft.server.log.segment.size.max = 1048576 (custom)
2022-11-08 11:40:39,650 [pool-187-thread-1] INFO  server.RaftServerConfigKeys (ConfUtils.java:logGet(46)) - raft.server.log.segment.cache.num.max = 2 (custom)
2022-11-08 11:40:39,650 [pool-187-thread-1] INFO  server.RaftServerConfigKeys (ConfUtils.java:logGet(46)) - raft.server.log.segment.cache.size.max = 200MB (=209715200) (default)
2022-11-08 11:40:39,650 [pool-187-thread-1] INFO  segmented.SegmentedRaftLogWorker (SegmentedRaftLogWorker.java:<init>(191)) - new 8949e68c-e95d-4b98-a083-33911916c13e@group-6A5F2FD38F34-SegmentedRaftLogWorker for RaftStorageImpl:Storage Directory /home/runner/work/ozone/ozone/hadoop-ozone/integration-test/target/test-dir/MiniOzoneClusterImpl-c61d2d68-5505-4298-888d-dd71e22caacf/datanode-5/data/ratis/8d8b0750-b654-4b25-9989-6a5f2fd38f34
2022-11-08 11:40:39,650 [pool-187-thread-1] INFO  server.RaftServerConfigKeys (ConfUtils.java:logGet(46)) - raft.server.log.queue.byte-limit = 4294967296 (custom)
2022-11-08 11:40:39,650 [pool-187-thread-1] INFO  server.RaftServerConfigKeys (ConfUtils.java:logGet(46)) - raft.server.log.queue.element-limit = 1024 (custom)
2022-11-08 11:40:39,650 [pool-187-thread-1] INFO  server.RaftServerConfigKeys (ConfUtils.java:logGet(46)) - raft.server.log.segment.size.max = 1048576 (custom)
2022-11-08 11:40:39,650 [pool-187-thread-1] INFO  server.RaftServerConfigKeys (ConfUtils.java:logGet(46)) - raft.server.log.preallocated.size = 16384 (custom)
2022-11-08 11:40:39,651 [pool-187-thread-1] INFO  server.RaftServerConfigKeys (ConfUtils.java:logGet(46)) - raft.server.log.force.sync.num = 128 (default)
2022-11-08 11:40:39,653 [pool-187-thread-1] INFO  server.RaftServerConfigKeys (ConfUtils.java:logGet(46)) - raft.server.log.statemachine.data.sync = true (default)
2022-11-08 11:40:39,653 [EventQueue-PipelineReportForPipelineReportHandler] INFO  pipeline.PipelineManagerImpl (PipelineManagerImpl.java:openPipeline(367)) - Pipeline Pipeline[ Id: 8d8b0750-b654-4b25-9989-6a5f2fd38f34, Nodes: 8949e68c-e95d-4b98-a083-33911916c13e{ip: 10.1.0.111, host: fv-az573-890.uspngagyt4suddso0aj1djjezg.dx.internal.cloudapp.net, ports: [REPLICATION=33851, RATIS=39377, RATIS_ADMIN=39377, RATIS_SERVER=39377, STANDALONE=42369], networkLocation: /default-rack, certSerialId: null, persistedOpState: IN_SERVICE, persistedOpStateExpiryEpochSec: 0}, ReplicationConfig: RATIS/ONE, State:ALLOCATED, leaderId:8949e68c-e95d-4b98-a083-33911916c13e, CreationTimestamp2022-11-08T11:40:36.643Z[Etc/UTC]] moved to OPEN state
2022-11-08 11:40:39,654 [pool-187-thread-1] INFO  server.RaftServerConfigKeys (ConfUtils.java:logGet(46)) - raft.server.log.statemachine.data.sync.timeout = 10s (default)
2022-11-08 11:40:39,654 [pool-187-thread-1] INFO  server.RaftServerConfigKeys (ConfUtils.java:logGet(46)) - raft.server.log.statemachine.data.sync.timeout.retry = -1 (default)
2022-11-08 11:40:39,655 [EventQueue-OpenPipelineForHealthyPipelineSafeModeRule] INFO  safemode.SCMSafeModeManager (HealthyPipelineSafeModeRule.java:process(137)) - SCM in safe mode. Healthy pipelines reported count is 0, required healthy pipeline reported count is 1
2022-11-08 11:40:39,657 [pool-187-thread-1] INFO  server.RaftServerConfigKeys (ConfUtils.java:logGet(46)) - raft.server.log.write.buffer.size = 1048576 (custom)
2022-11-08 11:40:39,658 [pool-187-thread-1] INFO  server.RaftServerConfigKeys (ConfUtils.java:logGet(46)) - raft.server.log.unsafe-flush.enabled = false (default)
2022-11-08 11:40:39,658 [pool-187-thread-1] INFO  server.RaftServerConfigKeys (ConfUtils.java:logGet(46)) - raft.server.log.async-flush.enabled = false (default)
2022-11-08 11:40:39,659 [pool-187-thread-1] INFO  server.RaftServerConfigKeys (ConfUtils.java:logGet(46)) - raft.server.log.statemachine.data.caching.enabled = true (custom)
2022-11-08 11:40:39,659 [pool-187-thread-1] INFO  segmented.SegmentedRaftLogWorker (SegmentedRaftLogWorker.java:lambda$new$0(136)) - 8949e68c-e95d-4b98-a083-33911916c13e@group-6A5F2FD38F34-SegmentedRaftLogWorker: flushIndex: setUnconditionally 0 -> -1
2022-11-08 11:40:39,659 [pool-187-thread-1] INFO  segmented.SegmentedRaftLogWorker (SegmentedRaftLogWorker.java:lambda$new$0(136)) - 8949e68c-e95d-4b98-a083-33911916c13e@group-6A5F2FD38F34-SegmentedRaftLogWorker: safeCacheEvictIndex: setUnconditionally 0 -> -1
2022-11-08 11:40:39,660 [pool-187-thread-1] INFO  server.RaftServer$Division (RaftServerImpl.java:start(334)) - 8949e68c-e95d-4b98-a083-33911916c13e@group-6A5F2FD38F34: start as a follower, conf=-1: peers:[8949e68c-e95d-4b98-a083-33911916c13e|rpc:10.1.0.111:39377|priority:1|startupRole:FOLLOWER]|listeners:[], old=null
2022-11-08 11:40:39,660 [pool-187-thread-1] INFO  server.RaftServer$Division (RaftServerImpl.java:setRole(321)) - 8949e68c-e95d-4b98-a083-33911916c13e@group-6A5F2FD38F34: changes role from      null to FOLLOWER at term 0 for startAsFollower
2022-11-08 11:40:39,660 [pool-187-thread-1] INFO  impl.RoleInfo (RoleInfo.java:updateAndGet(139)) - 8949e68c-e95d-4b98-a083-33911916c13e: start 8949e68c-e95d-4b98-a083-33911916c13e@group-6A5F2FD38F34-FollowerState
2022-11-08 11:40:39,660 [pool-187-thread-1] INFO  util.JmxRegister (JmxRegister.java:tryRegister(44)) - Successfully registered JMX Bean with object name Ratis:service=RaftServer,group=group-6A5F2FD38F34,id=8949e68c-e95d-4b98-a083-33911916c13e
2022-11-08 11:40:39,661 [pool-187-thread-1] INFO  server.RaftServerConfigKeys (ConfUtils.java:logGet(46)) - raft.server.snapshot.auto.trigger.enabled = true (custom)
2022-11-08 11:40:39,661 [pool-187-thread-1] INFO  server.RaftServerConfigKeys (ConfUtils.java:logGet(46)) - raft.server.snapshot.auto.trigger.threshold = 10000 (custom)
2022-11-08 11:40:39,661 [pool-187-thread-1] INFO  server.RaftServerConfigKeys (ConfUtils.java:logGet(46)) - raft.server.snapshot.retention.file.num = 5 (custom)
2022-11-08 11:40:39,661 [pool-187-thread-1] INFO  server.RaftServerConfigKeys (ConfUtils.java:logGet(46)) - raft.server.log.purge.upto.snapshot.index = false (default)
2022-11-08 11:40:39,661 [8949e68c-e95d-4b98-a083-33911916c13e@group-6A5F2FD38F34-FollowerState] INFO  server.RaftServerConfigKeys (ConfUtils.java:logFallback(53)) - raft.server.rpc.first-election.timeout.min = 5s (fallback to raft.server.rpc.timeout.min)
2022-11-08 11:40:39,662 [8949e68c-e95d-4b98-a083-33911916c13e@group-6A5F2FD38F34-FollowerState] INFO  server.RaftServerConfigKeys (ConfUtils.java:logFallback(53)) - raft.server.rpc.first-election.timeout.max = 5200ms (fallback to raft.server.rpc.timeout.max)
2022-11-08 11:40:39,662 [Command processor thread] INFO  ratis.XceiverServerRatis (XceiverServerRatis.java:addGroup(765)) - Created group PipelineID=8d8b0750-b654-4b25-9989-6a5f2fd38f34
2022-11-08 11:40:39,662 [Command processor thread] INFO  commandhandler.CreatePipelineCommandHandler (CreatePipelineCommandHandler.java:handle(113)) - Created Pipeline RATIS ONE PipelineID=8d8b0750-b654-4b25-9989-6a5f2fd38f34.
2022-11-08 11:40:40,642 [Listener at 127.0.0.1/34491] INFO  ozone.MiniOzoneClusterImpl (MiniOzoneClusterImpl.java:lambda$waitForClusterToBeReady$0(216)) - Nodes are ready. Got 6 of 6 DN Heartbeats.
2022-11-08 11:40:40,642 [Listener at 127.0.0.1/34491] INFO  ozone.MiniOzoneClusterImpl (MiniOzoneClusterImpl.java:lambda$waitForClusterToBeReady$0(219)) - Waiting for cluster to exit safe mode
2022-11-08 11:40:40,642 [Listener at 127.0.0.1/34491] INFO  ozone.MiniOzoneClusterImpl (MiniOzoneClusterImpl.java:lambda$waitForClusterToBeReady$0(221)) - SCM became leader
2022-11-08 11:40:41,643 [Listener at 127.0.0.1/34491] INFO  ozone.MiniOzoneClusterImpl (MiniOzoneClusterImpl.java:lambda$waitForClusterToBeReady$0(216)) - Nodes are ready. Got 6 of 6 DN Heartbeats.
2022-11-08 11:40:41,643 [Listener at 127.0.0.1/34491] INFO  ozone.MiniOzoneClusterImpl (MiniOzoneClusterImpl.java:lambda$waitForClusterToBeReady$0(219)) - Waiting for cluster to exit safe mode
2022-11-08 11:40:41,643 [Listener at 127.0.0.1/34491] INFO  ozone.MiniOzoneClusterImpl (MiniOzoneClusterImpl.java:lambda$waitForClusterToBeReady$0(221)) - SCM became leader
2022-11-08 11:40:42,415 [dc5a192d-e9e0-46c7-8aee-58457d0752d8@group-4F49288E7373-FollowerState] INFO  impl.FollowerState (FollowerState.java:run(143)) - dc5a192d-e9e0-46c7-8aee-58457d0752d8@group-4F49288E7373-FollowerState: change to CANDIDATE, lastRpcElapsedTime:5026795716ns, electionTimeout:5020ms
2022-11-08 11:40:42,415 [dc5a192d-e9e0-46c7-8aee-58457d0752d8@group-4F49288E7373-FollowerState] INFO  impl.RoleInfo (RoleInfo.java:shutdownFollowerState(110)) - dc5a192d-e9e0-46c7-8aee-58457d0752d8: shutdown dc5a192d-e9e0-46c7-8aee-58457d0752d8@group-4F49288E7373-FollowerState
2022-11-08 11:40:42,415 [dc5a192d-e9e0-46c7-8aee-58457d0752d8@group-4F49288E7373-FollowerState] INFO  server.RaftServer$Division (RaftServerImpl.java:setRole(321)) - dc5a192d-e9e0-46c7-8aee-58457d0752d8@group-4F49288E7373: changes role from  FOLLOWER to CANDIDATE at term 0 for changeToCandidate
2022-11-08 11:40:42,416 [dc5a192d-e9e0-46c7-8aee-58457d0752d8@group-4F49288E7373-FollowerState] INFO  server.RaftServerConfigKeys (ConfUtils.java:logGet(46)) - raft.server.leaderelection.pre-vote = false (custom)
2022-11-08 11:40:42,417 [dc5a192d-e9e0-46c7-8aee-58457d0752d8@group-4F49288E7373-FollowerState] INFO  impl.RoleInfo (RoleInfo.java:updateAndGet(139)) - dc5a192d-e9e0-46c7-8aee-58457d0752d8: start dc5a192d-e9e0-46c7-8aee-58457d0752d8@group-4F49288E7373-LeaderElection2
2022-11-08 11:40:42,421 [dc5a192d-e9e0-46c7-8aee-58457d0752d8@group-4F49288E7373-LeaderElection2] INFO  impl.LeaderElection (LeaderElection.java:askForVotes(312)) - dc5a192d-e9e0-46c7-8aee-58457d0752d8@group-4F49288E7373-LeaderElection2 ELECTION round 0: submit vote requests at term 1 for -1: peers:[dc5a192d-e9e0-46c7-8aee-58457d0752d8|rpc:10.1.0.111:39795|priority:0|startupRole:FOLLOWER, 426e857f-dbb4-4c86-998f-375273f8a445|rpc:10.1.0.111:32949|priority:1|startupRole:FOLLOWER, 9f3b593f-78c6-4294-9602-7cd55c8a4272|rpc:10.1.0.111:40339|priority:0|startupRole:FOLLOWER]|listeners:[], old=null
2022-11-08 11:40:42,427 [dc5a192d-e9e0-46c7-8aee-58457d0752d8@group-4F49288E7373-LeaderElection2] INFO  server.RaftServerConfigKeys (ConfUtils.java:logFallback(53)) - raft.server.rpc.first-election.timeout.min = 5s (fallback to raft.server.rpc.timeout.min)
2022-11-08 11:40:42,428 [dc5a192d-e9e0-46c7-8aee-58457d0752d8@group-4F49288E7373-LeaderElection2] INFO  server.RaftServerConfigKeys (ConfUtils.java:logFallback(53)) - raft.server.rpc.first-election.timeout.max = 5200ms (fallback to raft.server.rpc.timeout.max)
2022-11-08 11:40:42,428 [dc5a192d-e9e0-46c7-8aee-58457d0752d8@group-E2C494768F12-FollowerState] INFO  impl.FollowerState (FollowerState.java:run(143)) - dc5a192d-e9e0-46c7-8aee-58457d0752d8@group-E2C494768F12-FollowerState: change to CANDIDATE, lastRpcElapsedTime:5113467385ns, electionTimeout:5109ms
2022-11-08 11:40:42,430 [dc5a192d-e9e0-46c7-8aee-58457d0752d8@group-E2C494768F12-FollowerState] INFO  impl.RoleInfo (RoleInfo.java:shutdownFollowerState(110)) - dc5a192d-e9e0-46c7-8aee-58457d0752d8: shutdown dc5a192d-e9e0-46c7-8aee-58457d0752d8@group-E2C494768F12-FollowerState
2022-11-08 11:40:42,430 [dc5a192d-e9e0-46c7-8aee-58457d0752d8@group-E2C494768F12-FollowerState] INFO  server.RaftServer$Division (RaftServerImpl.java:setRole(321)) - dc5a192d-e9e0-46c7-8aee-58457d0752d8@group-E2C494768F12: changes role from  FOLLOWER to CANDIDATE at term 0 for changeToCandidate
2022-11-08 11:40:42,434 [dc5a192d-e9e0-46c7-8aee-58457d0752d8@group-E2C494768F12-FollowerState] INFO  server.RaftServerConfigKeys (ConfUtils.java:logGet(46)) - raft.server.leaderelection.pre-vote = false (custom)
2022-11-08 11:40:42,435 [dc5a192d-e9e0-46c7-8aee-58457d0752d8@group-E2C494768F12-FollowerState] INFO  impl.RoleInfo (RoleInfo.java:updateAndGet(139)) - dc5a192d-e9e0-46c7-8aee-58457d0752d8: start dc5a192d-e9e0-46c7-8aee-58457d0752d8@group-E2C494768F12-LeaderElection3
2022-11-08 11:40:42,442 [dc5a192d-e9e0-46c7-8aee-58457d0752d8@group-4F49288E7373-LeaderElection2-2] INFO  server.GrpcServerProtocolClient (GrpcServerProtocolClient.java:<init>(63)) - Build channel for 9f3b593f-78c6-4294-9602-7cd55c8a4272
2022-11-08 11:40:42,443 [dc5a192d-e9e0-46c7-8aee-58457d0752d8@group-4F49288E7373-LeaderElection2-1] INFO  server.GrpcServerProtocolClient (GrpcServerProtocolClient.java:<init>(63)) - Build channel for 426e857f-dbb4-4c86-998f-375273f8a445
2022-11-08 11:40:42,453 [dc5a192d-e9e0-46c7-8aee-58457d0752d8@group-E2C494768F12-LeaderElection3] INFO  impl.LeaderElection (LeaderElection.java:askForVotes(312)) - dc5a192d-e9e0-46c7-8aee-58457d0752d8@group-E2C494768F12-LeaderElection3 ELECTION round 0: submit vote requests at term 1 for -1: peers:[dc5a192d-e9e0-46c7-8aee-58457d0752d8|rpc:10.1.0.111:39795|priority:1|startupRole:FOLLOWER]|listeners:[], old=null
2022-11-08 11:40:42,454 [dc5a192d-e9e0-46c7-8aee-58457d0752d8@group-E2C494768F12-LeaderElection3] INFO  impl.LeaderElection (LeaderElection.java:askForVotes(314)) - dc5a192d-e9e0-46c7-8aee-58457d0752d8@group-E2C494768F12-LeaderElection3 ELECTION round 0: result PASSED (term=1)
2022-11-08 11:40:42,454 [dc5a192d-e9e0-46c7-8aee-58457d0752d8@group-E2C494768F12-LeaderElection3] INFO  impl.RoleInfo (RoleInfo.java:shutdownLeaderElection(130)) - dc5a192d-e9e0-46c7-8aee-58457d0752d8: shutdown dc5a192d-e9e0-46c7-8aee-58457d0752d8@group-E2C494768F12-LeaderElection3
2022-11-08 11:40:42,454 [dc5a192d-e9e0-46c7-8aee-58457d0752d8@group-E2C494768F12-LeaderElection3] INFO  server.RaftServer$Division (RaftServerImpl.java:setRole(321)) - dc5a192d-e9e0-46c7-8aee-58457d0752d8@group-E2C494768F12: changes role from CANDIDATE to LEADER at term 1 for changeToLeader
2022-11-08 11:40:42,455 [dc5a192d-e9e0-46c7-8aee-58457d0752d8@group-E2C494768F12-LeaderElection3] INFO  ratis.XceiverServerRatis (XceiverServerRatis.java:handleLeaderChangedNotification(863)) - Leader change notification received for group: group-E2C494768F12 with new leaderId: dc5a192d-e9e0-46c7-8aee-58457d0752d8
2022-11-08 11:40:42,460 [dc5a192d-e9e0-46c7-8aee-58457d0752d8@group-E2C494768F12-LeaderElection3] INFO  server.RaftServer$Division (ServerState.java:setLeader(313)) - dc5a192d-e9e0-46c7-8aee-58457d0752d8@group-E2C494768F12: change Leader from null to dc5a192d-e9e0-46c7-8aee-58457d0752d8 at term 1 for becomeLeader, leader elected after 5188ms
2022-11-08 11:40:42,460 [dc5a192d-e9e0-46c7-8aee-58457d0752d8@group-E2C494768F12-LeaderElection3] INFO  server.RaftServerConfigKeys (ConfUtils.java:logGet(46)) - raft.server.staging.catchup.gap = 1000 (default)
2022-11-08 11:40:42,464 [dc5a192d-e9e0-46c7-8aee-58457d0752d8@group-E2C494768F12-LeaderElection3] INFO  server.RaftServerConfigKeys (ConfUtils.java:logGet(46)) - raft.server.write.element-limit = 1024 (custom)
2022-11-08 11:40:42,464 [dc5a192d-e9e0-46c7-8aee-58457d0752d8@group-E2C494768F12-LeaderElection3] INFO  server.RaftServerConfigKeys (ConfUtils.java:logGet(46)) - raft.server.write.byte-limit = 1024 M (=1073741824) (custom)
2022-11-08 11:40:42,464 [EventQueue-OpenPipelineForHealthyPipelineSafeModeRule] INFO  safemode.SCMSafeModeManager (HealthyPipelineSafeModeRule.java:process(137)) - SCM in safe mode. Healthy pipelines reported count is 0, required healthy pipeline reported count is 1
2022-11-08 11:40:42,466 [dc5a192d-e9e0-46c7-8aee-58457d0752d8@group-E2C494768F12-LeaderElection3] INFO  server.RaftServerConfigKeys (ConfUtils.java:logGet(46)) - raft.server.watch.timeout = 180s (custom)
2022-11-08 11:40:42,466 [dc5a192d-e9e0-46c7-8aee-58457d0752d8@group-E2C494768F12-LeaderElection3] INFO  server.RaftServerConfigKeys (ConfUtils.java:logGet(46)) - raft.server.watch.timeout.denomination = 1s (default)
2022-11-08 11:40:42,466 [dc5a192d-e9e0-46c7-8aee-58457d0752d8@group-E2C494768F12-LeaderElection3] INFO  server.RaftServerConfigKeys (ConfUtils.java:logGet(46)) - raft.server.watch.element-limit = 65536 (default)
2022-11-08 11:40:42,466 [dc5a192d-e9e0-46c7-8aee-58457d0752d8@group-E2C494768F12-LeaderElection3] INFO  server.RaftServerConfigKeys (ConfUtils.java:logGet(46)) - raft.server.write.element-limit = 1024 (custom)
2022-11-08 11:40:42,466 [dc5a192d-e9e0-46c7-8aee-58457d0752d8@group-E2C494768F12-LeaderElection3] INFO  server.RaftServerConfigKeys (ConfUtils.java:logGet(46)) - raft.server.write.follower.gap.ratio.max = -1.0 (default)
2022-11-08 11:40:42,466 [dc5a192d-e9e0-46c7-8aee-58457d0752d8@group-E2C494768F12-LeaderElection3] INFO  impl.RoleInfo (RoleInfo.java:updateAndGet(139)) - dc5a192d-e9e0-46c7-8aee-58457d0752d8: start dc5a192d-e9e0-46c7-8aee-58457d0752d8@group-E2C494768F12-LeaderStateImpl
2022-11-08 11:40:42,466 [dc5a192d-e9e0-46c7-8aee-58457d0752d8@group-E2C494768F12-LeaderElection3] INFO  segmented.SegmentedRaftLogWorker (SegmentedRaftLogWorker.java:startLogSegment(452)) - dc5a192d-e9e0-46c7-8aee-58457d0752d8@group-E2C494768F12-SegmentedRaftLogWorker: Starting segment from index:0
2022-11-08 11:40:42,476 [grpc-default-executor-1] INFO  server.RaftServer$Division (RaftServerImpl.java:requestVote(1218)) - 9f3b593f-78c6-4294-9602-7cd55c8a4272@group-4F49288E7373: receive requestVote(ELECTION, dc5a192d-e9e0-46c7-8aee-58457d0752d8, group-4F49288E7373, 1, (t:0, i:0))
2022-11-08 11:40:42,477 [dc5a192d-e9e0-46c7-8aee-58457d0752d8@group-E2C494768F12-SegmentedRaftLogWorker] INFO  segmented.SegmentedRaftLogWorker (SegmentedRaftLogWorker.java:execute(656)) - dc5a192d-e9e0-46c7-8aee-58457d0752d8@group-E2C494768F12-SegmentedRaftLogWorker: created new log segment /home/runner/work/ozone/ozone/hadoop-ozone/integration-test/target/test-dir/MiniOzoneClusterImpl-c61d2d68-5505-4298-888d-dd71e22caacf/datanode-0/data/ratis/c30f1a76-b48a-43ba-a3c6-e2c494768f12/current/log_inprogress_0
2022-11-08 11:40:42,476 [grpc-default-executor-2] INFO  server.RaftServer$Division (RaftServerImpl.java:requestVote(1218)) - 426e857f-dbb4-4c86-998f-375273f8a445@group-4F49288E7373: receive requestVote(ELECTION, dc5a192d-e9e0-46c7-8aee-58457d0752d8, group-4F49288E7373, 1, (t:0, i:0))
2022-11-08 11:40:42,479 [grpc-default-executor-1] INFO  impl.VoteContext (VoteContext.java:log(48)) - 9f3b593f-78c6-4294-9602-7cd55c8a4272@group-4F49288E7373-FOLLOWER: accept ELECTION from dc5a192d-e9e0-46c7-8aee-58457d0752d8: our priority 0 <= candidate's priority 0
2022-11-08 11:40:42,480 [grpc-default-executor-1] INFO  server.RaftServer$Division (RaftServerImpl.java:setRole(321)) - 9f3b593f-78c6-4294-9602-7cd55c8a4272@group-4F49288E7373: changes role from  FOLLOWER to FOLLOWER at term 1 for candidate:dc5a192d-e9e0-46c7-8aee-58457d0752d8
2022-11-08 11:40:42,480 [grpc-default-executor-1] INFO  impl.RoleInfo (RoleInfo.java:shutdownFollowerState(110)) - 9f3b593f-78c6-4294-9602-7cd55c8a4272: shutdown 9f3b593f-78c6-4294-9602-7cd55c8a4272@group-4F49288E7373-FollowerState
2022-11-08 11:40:42,479 [grpc-default-executor-2] INFO  impl.VoteContext (VoteContext.java:log(48)) - 426e857f-dbb4-4c86-998f-375273f8a445@group-4F49288E7373-FOLLOWER: reject ELECTION from dc5a192d-e9e0-46c7-8aee-58457d0752d8: our priority 1 > candidate's priority 0
2022-11-08 11:40:42,481 [grpc-default-executor-2] INFO  server.RaftServer$Division (RaftServerImpl.java:setRole(321)) - 426e857f-dbb4-4c86-998f-375273f8a445@group-4F49288E7373: changes role from  FOLLOWER to FOLLOWER at term 1 for candidate:dc5a192d-e9e0-46c7-8aee-58457d0752d8
2022-11-08 11:40:42,481 [9f3b593f-78c6-4294-9602-7cd55c8a4272@group-4F49288E7373-FollowerState] INFO  impl.FollowerState (FollowerState.java:run(152)) - 9f3b593f-78c6-4294-9602-7cd55c8a4272@group-4F49288E7373-FollowerState was interrupted
2022-11-08 11:40:42,481 [grpc-default-executor-2] INFO  impl.RoleInfo (RoleInfo.java:shutdownFollowerState(110)) - 426e857f-dbb4-4c86-998f-375273f8a445: shutdown 426e857f-dbb4-4c86-998f-375273f8a445@group-4F49288E7373-FollowerState
2022-11-08 11:40:42,481 [grpc-default-executor-1] INFO  impl.RoleInfo (RoleInfo.java:updateAndGet(139)) - 9f3b593f-78c6-4294-9602-7cd55c8a4272: start 9f3b593f-78c6-4294-9602-7cd55c8a4272@group-4F49288E7373-FollowerState
2022-11-08 11:40:42,481 [426e857f-dbb4-4c86-998f-375273f8a445@group-4F49288E7373-FollowerState] INFO  impl.FollowerState (FollowerState.java:run(152)) - 426e857f-dbb4-4c86-998f-375273f8a445@group-4F49288E7373-FollowerState was interrupted
2022-11-08 11:40:42,481 [dc5a192d-e9e0-46c7-8aee-58457d0752d8@group-E2C494768F12-LeaderElection3] INFO  server.RaftServer$Division (ServerState.java:setRaftConf(430)) - dc5a192d-e9e0-46c7-8aee-58457d0752d8@group-E2C494768F12: set configuration 0: peers:[dc5a192d-e9e0-46c7-8aee-58457d0752d8|rpc:10.1.0.111:39795|dataStream:|priority:1|startupRole:FOLLOWER]|listeners:[], old=null
2022-11-08 11:40:42,485 [grpc-default-executor-2] INFO  impl.RoleInfo (RoleInfo.java:updateAndGet(139)) - 426e857f-dbb4-4c86-998f-375273f8a445: start 426e857f-dbb4-4c86-998f-375273f8a445@group-4F49288E7373-FollowerState
2022-11-08 11:40:42,492 [426e857f-dbb4-4c86-998f-375273f8a445@group-4F49288E7373-FollowerState] INFO  server.RaftServerConfigKeys (ConfUtils.java:logFallback(53)) - raft.server.rpc.first-election.timeout.min = 5s (fallback to raft.server.rpc.timeout.min)
2022-11-08 11:40:42,492 [426e857f-dbb4-4c86-998f-375273f8a445@group-4F49288E7373-FollowerState] INFO  server.RaftServerConfigKeys (ConfUtils.java:logFallback(53)) - raft.server.rpc.first-election.timeout.max = 5200ms (fallback to raft.server.rpc.timeout.max)
2022-11-08 11:40:42,492 [9f3b593f-78c6-4294-9602-7cd55c8a4272@group-4F49288E7373-FollowerState] INFO  server.RaftServerConfigKeys (ConfUtils.java:logFallback(53)) - raft.server.rpc.first-election.timeout.min = 5s (fallback to raft.server.rpc.timeout.min)
2022-11-08 11:40:42,492 [9f3b593f-78c6-4294-9602-7cd55c8a4272@group-4F49288E7373-FollowerState] INFO  server.RaftServerConfigKeys (ConfUtils.java:logFallback(53)) - raft.server.rpc.first-election.timeout.max = 5200ms (fallback to raft.server.rpc.timeout.max)
2022-11-08 11:40:42,495 [grpc-default-executor-2] INFO  server.RaftServer$Division (RaftServerImpl.java:requestVote(1251)) - 426e857f-dbb4-4c86-998f-375273f8a445@group-4F49288E7373 replies to ELECTION vote request: dc5a192d-e9e0-46c7-8aee-58457d0752d8<-426e857f-dbb4-4c86-998f-375273f8a445#0:FAIL-t1. Peer's state: 426e857f-dbb4-4c86-998f-375273f8a445@group-4F49288E7373:t1, leader=null, voted=null, raftlog=Memoized:426e857f-dbb4-4c86-998f-375273f8a445@group-4F49288E7373-SegmentedRaftLog:OPENED:c-1, conf=-1: peers:[dc5a192d-e9e0-46c7-8aee-58457d0752d8|rpc:10.1.0.111:39795|priority:0|startupRole:FOLLOWER, 426e857f-dbb4-4c86-998f-375273f8a445|rpc:10.1.0.111:32949|priority:1|startupRole:FOLLOWER, 9f3b593f-78c6-4294-9602-7cd55c8a4272|rpc:10.1.0.111:40339|priority:0|startupRole:FOLLOWER]|listeners:[], old=null
2022-11-08 11:40:42,498 [grpc-default-executor-1] INFO  server.RaftServer$Division (RaftServerImpl.java:requestVote(1251)) - 9f3b593f-78c6-4294-9602-7cd55c8a4272@group-4F49288E7373 replies to ELECTION vote request: dc5a192d-e9e0-46c7-8aee-58457d0752d8<-9f3b593f-78c6-4294-9602-7cd55c8a4272#0:OK-t1. Peer's state: 9f3b593f-78c6-4294-9602-7cd55c8a4272@group-4F49288E7373:t1, leader=null, voted=dc5a192d-e9e0-46c7-8aee-58457d0752d8, raftlog=Memoized:9f3b593f-78c6-4294-9602-7cd55c8a4272@group-4F49288E7373-SegmentedRaftLog:OPENED:c-1, conf=-1: peers:[dc5a192d-e9e0-46c7-8aee-58457d0752d8|rpc:10.1.0.111:39795|dataStream:|priority:0|startupRole:FOLLOWER, 426e857f-dbb4-4c86-998f-375273f8a445|rpc:10.1.0.111:32949|dataStream:|priority:1|startupRole:FOLLOWER, 9f3b593f-78c6-4294-9602-7cd55c8a4272|rpc:10.1.0.111:40339|dataStream:|priority:0|startupRole:FOLLOWER]|listeners:[], old=null
2022-11-08 11:40:42,498 [dc5a192d-e9e0-46c7-8aee-58457d0752d8@group-4F49288E7373-LeaderElection2] INFO  impl.LeaderElection (LeaderElection.java:logAndReturn(90)) - dc5a192d-e9e0-46c7-8aee-58457d0752d8@group-4F49288E7373-LeaderElection2: ELECTION REJECTED received 1 response(s) and 0 exception(s):
2022-11-08 11:40:42,528 [dc5a192d-e9e0-46c7-8aee-58457d0752d8@group-4F49288E7373-LeaderElection2] INFO  impl.LeaderElection (LeaderElection.java:logAndReturn(94)) -   Response 0: dc5a192d-e9e0-46c7-8aee-58457d0752d8<-426e857f-dbb4-4c86-998f-375273f8a445#0:FAIL-t1
2022-11-08 11:40:42,528 [dc5a192d-e9e0-46c7-8aee-58457d0752d8@group-4F49288E7373-LeaderElection2] INFO  impl.LeaderElection (LeaderElection.java:askForVotes(314)) - dc5a192d-e9e0-46c7-8aee-58457d0752d8@group-4F49288E7373-LeaderElection2 ELECTION round 0: result REJECTED
2022-11-08 11:40:42,528 [dc5a192d-e9e0-46c7-8aee-58457d0752d8@group-4F49288E7373-LeaderElection2] INFO  server.RaftServer$Division (RaftServerImpl.java:setRole(321)) - dc5a192d-e9e0-46c7-8aee-58457d0752d8@group-4F49288E7373: changes role from CANDIDATE to FOLLOWER at term 1 for REJECTED
2022-11-08 11:40:42,528 [dc5a192d-e9e0-46c7-8aee-58457d0752d8@group-4F49288E7373-LeaderElection2] INFO  impl.RoleInfo (RoleInfo.java:shutdownLeaderElection(130)) - dc5a192d-e9e0-46c7-8aee-58457d0752d8: shutdown dc5a192d-e9e0-46c7-8aee-58457d0752d8@group-4F49288E7373-LeaderElection2
2022-11-08 11:40:42,528 [dc5a192d-e9e0-46c7-8aee-58457d0752d8@group-4F49288E7373-LeaderElection2] INFO  impl.RoleInfo (RoleInfo.java:updateAndGet(139)) - dc5a192d-e9e0-46c7-8aee-58457d0752d8: start dc5a192d-e9e0-46c7-8aee-58457d0752d8@group-4F49288E7373-FollowerState
2022-11-08 11:40:42,529 [dc5a192d-e9e0-46c7-8aee-58457d0752d8@group-4F49288E7373-FollowerState] INFO  server.RaftServerConfigKeys (ConfUtils.java:logFallback(53)) - raft.server.rpc.first-election.timeout.min = 5s (fallback to raft.server.rpc.timeout.min)
2022-11-08 11:40:42,530 [dc5a192d-e9e0-46c7-8aee-58457d0752d8@group-4F49288E7373-FollowerState] INFO  server.RaftServerConfigKeys (ConfUtils.java:logFallback(53)) - raft.server.rpc.first-election.timeout.max = 5200ms (fallback to raft.server.rpc.timeout.max)
2022-11-08 11:40:42,643 [Listener at 127.0.0.1/34491] INFO  ozone.MiniOzoneClusterImpl (MiniOzoneClusterImpl.java:lambda$waitForClusterToBeReady$0(216)) - Nodes are ready. Got 6 of 6 DN Heartbeats.
2022-11-08 11:40:42,644 [Listener at 127.0.0.1/34491] INFO  ozone.MiniOzoneClusterImpl (MiniOzoneClusterImpl.java:lambda$waitForClusterToBeReady$0(219)) - Waiting for cluster to exit safe mode
2022-11-08 11:40:42,644 [Listener at 127.0.0.1/34491] INFO  ozone.MiniOzoneClusterImpl (MiniOzoneClusterImpl.java:lambda$waitForClusterToBeReady$0(221)) - SCM became leader
2022-11-08 11:40:43,080 [426e857f-dbb4-4c86-998f-375273f8a445@group-4BFA3488B6B4-FollowerState] INFO  impl.FollowerState (FollowerState.java:run(143)) - 426e857f-dbb4-4c86-998f-375273f8a445@group-4BFA3488B6B4-FollowerState: change to CANDIDATE, lastRpcElapsedTime:5145369332ns, electionTimeout:5123ms
2022-11-08 11:40:43,080 [426e857f-dbb4-4c86-998f-375273f8a445@group-4BFA3488B6B4-FollowerState] INFO  impl.RoleInfo (RoleInfo.java:shutdownFollowerState(110)) - 426e857f-dbb4-4c86-998f-375273f8a445: shutdown 426e857f-dbb4-4c86-998f-375273f8a445@group-4BFA3488B6B4-FollowerState
2022-11-08 11:40:43,080 [426e857f-dbb4-4c86-998f-375273f8a445@group-4BFA3488B6B4-FollowerState] INFO  server.RaftServer$Division (RaftServerImpl.java:setRole(321)) - 426e857f-dbb4-4c86-998f-375273f8a445@group-4BFA3488B6B4: changes role from  FOLLOWER to CANDIDATE at term 0 for changeToCandidate
2022-11-08 11:40:43,082 [426e857f-dbb4-4c86-998f-375273f8a445@group-4BFA3488B6B4-FollowerState] INFO  server.RaftServerConfigKeys (ConfUtils.java:logGet(46)) - raft.server.leaderelection.pre-vote = false (custom)
2022-11-08 11:40:43,082 [426e857f-dbb4-4c86-998f-375273f8a445@group-4BFA3488B6B4-FollowerState] INFO  impl.RoleInfo (RoleInfo.java:updateAndGet(139)) - 426e857f-dbb4-4c86-998f-375273f8a445: start 426e857f-dbb4-4c86-998f-375273f8a445@group-4BFA3488B6B4-LeaderElection4
2022-11-08 11:40:43,086 [426e857f-dbb4-4c86-998f-375273f8a445@group-4BFA3488B6B4-LeaderElection4] INFO  impl.LeaderElection (LeaderElection.java:askForVotes(312)) - 426e857f-dbb4-4c86-998f-375273f8a445@group-4BFA3488B6B4-LeaderElection4 ELECTION round 0: submit vote requests at term 1 for -1: peers:[426e857f-dbb4-4c86-998f-375273f8a445|rpc:10.1.0.111:32949|priority:1|startupRole:FOLLOWER]|listeners:[], old=null
2022-11-08 11:40:43,086 [426e857f-dbb4-4c86-998f-375273f8a445@group-4BFA3488B6B4-LeaderElection4] INFO  impl.LeaderElection (LeaderElection.java:askForVotes(314)) - 426e857f-dbb4-4c86-998f-375273f8a445@group-4BFA3488B6B4-LeaderElection4 ELECTION round 0: result PASSED (term=1)
2022-11-08 11:40:43,086 [426e857f-dbb4-4c86-998f-375273f8a445@group-4BFA3488B6B4-LeaderElection4] INFO  impl.RoleInfo (RoleInfo.java:shutdownLeaderElection(130)) - 426e857f-dbb4-4c86-998f-375273f8a445: shutdown 426e857f-dbb4-4c86-998f-375273f8a445@group-4BFA3488B6B4-LeaderElection4
2022-11-08 11:40:43,086 [426e857f-dbb4-4c86-998f-375273f8a445@group-4BFA3488B6B4-LeaderElection4] INFO  server.RaftServer$Division (RaftServerImpl.java:setRole(321)) - 426e857f-dbb4-4c86-998f-375273f8a445@group-4BFA3488B6B4: changes role from CANDIDATE to LEADER at term 1 for changeToLeader
2022-11-08 11:40:43,086 [426e857f-dbb4-4c86-998f-375273f8a445@group-4BFA3488B6B4-LeaderElection4] INFO  ratis.XceiverServerRatis (XceiverServerRatis.java:handleLeaderChangedNotification(863)) - Leader change notification received for group: group-4BFA3488B6B4 with new leaderId: 426e857f-dbb4-4c86-998f-375273f8a445
2022-11-08 11:40:43,086 [426e857f-dbb4-4c86-998f-375273f8a445@group-4BFA3488B6B4-LeaderElection4] INFO  server.RaftServer$Division (ServerState.java:setLeader(313)) - 426e857f-dbb4-4c86-998f-375273f8a445@group-4BFA3488B6B4: change Leader from null to 426e857f-dbb4-4c86-998f-375273f8a445 at term 1 for becomeLeader, leader elected after 5199ms
2022-11-08 11:40:43,087 [426e857f-dbb4-4c86-998f-375273f8a445@group-4BFA3488B6B4-LeaderElection4] INFO  server.RaftServerConfigKeys (ConfUtils.java:logGet(46)) - raft.server.staging.catchup.gap = 1000 (default)
2022-11-08 11:40:43,088 [426e857f-dbb4-4c86-998f-375273f8a445@group-4BFA3488B6B4-LeaderElection4] INFO  server.RaftServerConfigKeys (ConfUtils.java:logGet(46)) - raft.server.write.element-limit = 1024 (custom)
2022-11-08 11:40:43,088 [426e857f-dbb4-4c86-998f-375273f8a445@group-4BFA3488B6B4-LeaderElection4] INFO  server.RaftServerConfigKeys (ConfUtils.java:logGet(46)) - raft.server.write.byte-limit = 1024 M (=1073741824) (custom)
2022-11-08 11:40:43,089 [426e857f-dbb4-4c86-998f-375273f8a445@group-4BFA3488B6B4-LeaderElection4] INFO  server.RaftServerConfigKeys (ConfUtils.java:logGet(46)) - raft.server.watch.timeout = 180s (custom)
2022-11-08 11:40:43,089 [426e857f-dbb4-4c86-998f-375273f8a445@group-4BFA3488B6B4-LeaderElection4] INFO  server.RaftServerConfigKeys (ConfUtils.java:logGet(46)) - raft.server.watch.timeout.denomination = 1s (default)
2022-11-08 11:40:43,089 [426e857f-dbb4-4c86-998f-375273f8a445@group-4BFA3488B6B4-LeaderElection4] INFO  server.RaftServerConfigKeys (ConfUtils.java:logGet(46)) - raft.server.watch.element-limit = 65536 (default)
2022-11-08 11:40:43,089 [426e857f-dbb4-4c86-998f-375273f8a445@group-4BFA3488B6B4-LeaderElection4] INFO  server.RaftServerConfigKeys (ConfUtils.java:logGet(46)) - raft.server.write.element-limit = 1024 (custom)
2022-11-08 11:40:43,089 [EventQueue-OpenPipelineForHealthyPipelineSafeModeRule] INFO  safemode.SCMSafeModeManager (HealthyPipelineSafeModeRule.java:process(137)) - SCM in safe mode. Healthy pipelines reported count is 0, required healthy pipeline reported count is 1
2022-11-08 11:40:43,089 [426e857f-dbb4-4c86-998f-375273f8a445@group-4BFA3488B6B4-LeaderElection4] INFO  server.RaftServerConfigKeys (ConfUtils.java:logGet(46)) - raft.server.write.follower.gap.ratio.max = -1.0 (default)
2022-11-08 11:40:43,091 [426e857f-dbb4-4c86-998f-375273f8a445@group-4BFA3488B6B4-LeaderElection4] INFO  impl.RoleInfo (RoleInfo.java:updateAndGet(139)) - 426e857f-dbb4-4c86-998f-375273f8a445: start 426e857f-dbb4-4c86-998f-375273f8a445@group-4BFA3488B6B4-LeaderStateImpl
2022-11-08 11:40:43,091 [426e857f-dbb4-4c86-998f-375273f8a445@group-4BFA3488B6B4-LeaderElection4] INFO  segmented.SegmentedRaftLogWorker (SegmentedRaftLogWorker.java:startLogSegment(452)) - 426e857f-dbb4-4c86-998f-375273f8a445@group-4BFA3488B6B4-SegmentedRaftLogWorker: Starting segment from index:0
2022-11-08 11:40:43,093 [426e857f-dbb4-4c86-998f-375273f8a445@group-4BFA3488B6B4-SegmentedRaftLogWorker] INFO  segmented.SegmentedRaftLogWorker (SegmentedRaftLogWorker.java:execute(656)) - 426e857f-dbb4-4c86-998f-375273f8a445@group-4BFA3488B6B4-SegmentedRaftLogWorker: created new log segment /home/runner/work/ozone/ozone/hadoop-ozone/integration-test/target/test-dir/MiniOzoneClusterImpl-c61d2d68-5505-4298-888d-dd71e22caacf/datanode-1/data/ratis/0f1cc55d-69ca-4bde-9700-4bfa3488b6b4/current/log_inprogress_0
2022-11-08 11:40:43,100 [426e857f-dbb4-4c86-998f-375273f8a445@group-4BFA3488B6B4-LeaderElection4] INFO  server.RaftServer$Division (ServerState.java:setRaftConf(430)) - 426e857f-dbb4-4c86-998f-375273f8a445@group-4BFA3488B6B4: set configuration 0: peers:[426e857f-dbb4-4c86-998f-375273f8a445|rpc:10.1.0.111:32949|dataStream:|priority:1|startupRole:FOLLOWER]|listeners:[], old=null
2022-11-08 11:40:43,409 [9f3b593f-78c6-4294-9602-7cd55c8a4272@group-2DA01F554C99-FollowerState] INFO  impl.FollowerState (FollowerState.java:run(143)) - 9f3b593f-78c6-4294-9602-7cd55c8a4272@group-2DA01F554C99-FollowerState: change to CANDIDATE, lastRpcElapsedTime:5066609351ns, electionTimeout:5042ms
2022-11-08 11:40:43,409 [9f3b593f-78c6-4294-9602-7cd55c8a4272@group-2DA01F554C99-FollowerState] INFO  impl.RoleInfo (RoleInfo.java:shutdownFollowerState(110)) - 9f3b593f-78c6-4294-9602-7cd55c8a4272: shutdown 9f3b593f-78c6-4294-9602-7cd55c8a4272@group-2DA01F554C99-FollowerState
2022-11-08 11:40:43,409 [9f3b593f-78c6-4294-9602-7cd55c8a4272@group-2DA01F554C99-FollowerState] INFO  server.RaftServer$Division (RaftServerImpl.java:setRole(321)) - 9f3b593f-78c6-4294-9602-7cd55c8a4272@group-2DA01F554C99: changes role from  FOLLOWER to CANDIDATE at term 0 for changeToCandidate
2022-11-08 11:40:43,410 [9f3b593f-78c6-4294-9602-7cd55c8a4272@group-2DA01F554C99-FollowerState] INFO  server.RaftServerConfigKeys (ConfUtils.java:logGet(46)) - raft.server.leaderelection.pre-vote = false (custom)
2022-11-08 11:40:43,410 [9f3b593f-78c6-4294-9602-7cd55c8a4272@group-2DA01F554C99-FollowerState] INFO  impl.RoleInfo (RoleInfo.java:updateAndGet(139)) - 9f3b593f-78c6-4294-9602-7cd55c8a4272: start 9f3b593f-78c6-4294-9602-7cd55c8a4272@group-2DA01F554C99-LeaderElection5
2022-11-08 11:40:43,415 [9f3b593f-78c6-4294-9602-7cd55c8a4272@group-2DA01F554C99-LeaderElection5] INFO  impl.LeaderElection (LeaderElection.java:askForVotes(312)) - 9f3b593f-78c6-4294-9602-7cd55c8a4272@group-2DA01F554C99-LeaderElection5 ELECTION round 0: submit vote requests at term 1 for -1: peers:[9f3b593f-78c6-4294-9602-7cd55c8a4272|rpc:10.1.0.111:40339|priority:1|startupRole:FOLLOWER]|listeners:[], old=null
2022-11-08 11:40:43,415 [9f3b593f-78c6-4294-9602-7cd55c8a4272@group-2DA01F554C99-LeaderElection5] INFO  impl.LeaderElection (LeaderElection.java:askForVotes(314)) - 9f3b593f-78c6-4294-9602-7cd55c8a4272@group-2DA01F554C99-LeaderElection5 ELECTION round 0: result PASSED (term=1)
2022-11-08 11:40:43,415 [9f3b593f-78c6-4294-9602-7cd55c8a4272@group-2DA01F554C99-LeaderElection5] INFO  impl.RoleInfo (RoleInfo.java:shutdownLeaderElection(130)) - 9f3b593f-78c6-4294-9602-7cd55c8a4272: shutdown 9f3b593f-78c6-4294-9602-7cd55c8a4272@group-2DA01F554C99-LeaderElection5
2022-11-08 11:40:43,415 [9f3b593f-78c6-4294-9602-7cd55c8a4272@group-2DA01F554C99-LeaderElection5] INFO  server.RaftServer$Division (RaftServerImpl.java:setRole(321)) - 9f3b593f-78c6-4294-9602-7cd55c8a4272@group-2DA01F554C99: changes role from CANDIDATE to LEADER at term 1 for changeToLeader
2022-11-08 11:40:43,415 [9f3b593f-78c6-4294-9602-7cd55c8a4272@group-2DA01F554C99-LeaderElection5] INFO  ratis.XceiverServerRatis (XceiverServerRatis.java:handleLeaderChangedNotification(863)) - Leader change notification received for group: group-2DA01F554C99 with new leaderId: 9f3b593f-78c6-4294-9602-7cd55c8a4272
2022-11-08 11:40:43,416 [9f3b593f-78c6-4294-9602-7cd55c8a4272@group-2DA01F554C99-LeaderElection5] INFO  server.RaftServer$Division (ServerState.java:setLeader(313)) - 9f3b593f-78c6-4294-9602-7cd55c8a4272@group-2DA01F554C99: change Leader from null to 9f3b593f-78c6-4294-9602-7cd55c8a4272 at term 1 for becomeLeader, leader elected after 5126ms
2022-11-08 11:40:43,416 [9f3b593f-78c6-4294-9602-7cd55c8a4272@group-2DA01F554C99-LeaderElection5] INFO  server.RaftServerConfigKeys (ConfUtils.java:logGet(46)) - raft.server.staging.catchup.gap = 1000 (default)
2022-11-08 11:40:43,416 [9f3b593f-78c6-4294-9602-7cd55c8a4272@group-2DA01F554C99-LeaderElection5] INFO  server.RaftServerConfigKeys (ConfUtils.java:logGet(46)) - raft.server.write.element-limit = 1024 (custom)
2022-11-08 11:40:43,416 [9f3b593f-78c6-4294-9602-7cd55c8a4272@group-2DA01F554C99-LeaderElection5] INFO  server.RaftServerConfigKeys (ConfUtils.java:logGet(46)) - raft.server.write.byte-limit = 1024 M (=1073741824) (custom)
2022-11-08 11:40:43,417 [9f3b593f-78c6-4294-9602-7cd55c8a4272@group-2DA01F554C99-LeaderElection5] INFO  server.RaftServerConfigKeys (ConfUtils.java:logGet(46)) - raft.server.watch.timeout = 180s (custom)
2022-11-08 11:40:43,417 [9f3b593f-78c6-4294-9602-7cd55c8a4272@group-2DA01F554C99-LeaderElection5] INFO  server.RaftServerConfigKeys (ConfUtils.java:logGet(46)) - raft.server.watch.timeout.denomination = 1s (default)
2022-11-08 11:40:43,417 [9f3b593f-78c6-4294-9602-7cd55c8a4272@group-2DA01F554C99-LeaderElection5] INFO  server.RaftServerConfigKeys (ConfUtils.java:logGet(46)) - raft.server.watch.element-limit = 65536 (default)
2022-11-08 11:40:43,417 [9f3b593f-78c6-4294-9602-7cd55c8a4272@group-2DA01F554C99-LeaderElection5] INFO  server.RaftServerConfigKeys (ConfUtils.java:logGet(46)) - raft.server.write.element-limit = 1024 (custom)
2022-11-08 11:40:43,417 [9f3b593f-78c6-4294-9602-7cd55c8a4272@group-2DA01F554C99-LeaderElection5] INFO  server.RaftServerConfigKeys (ConfUtils.java:logGet(46)) - raft.server.write.follower.gap.ratio.max = -1.0 (default)
2022-11-08 11:40:43,417 [9f3b593f-78c6-4294-9602-7cd55c8a4272@group-2DA01F554C99-LeaderElection5] INFO  impl.RoleInfo (RoleInfo.java:updateAndGet(139)) - 9f3b593f-78c6-4294-9602-7cd55c8a4272: start 9f3b593f-78c6-4294-9602-7cd55c8a4272@group-2DA01F554C99-LeaderStateImpl
2022-11-08 11:40:43,417 [9f3b593f-78c6-4294-9602-7cd55c8a4272@group-2DA01F554C99-LeaderElection5] INFO  segmented.SegmentedRaftLogWorker (SegmentedRaftLogWorker.java:startLogSegment(452)) - 9f3b593f-78c6-4294-9602-7cd55c8a4272@group-2DA01F554C99-SegmentedRaftLogWorker: Starting segment from index:0
2022-11-08 11:40:43,419 [EventQueue-OpenPipelineForHealthyPipelineSafeModeRule] INFO  safemode.SCMSafeModeManager (HealthyPipelineSafeModeRule.java:process(137)) - SCM in safe mode. Healthy pipelines reported count is 0, required healthy pipeline reported count is 1
2022-11-08 11:40:43,420 [9f3b593f-78c6-4294-9602-7cd55c8a4272@group-2DA01F554C99-SegmentedRaftLogWorker] INFO  segmented.SegmentedRaftLogWorker (SegmentedRaftLogWorker.java:execute(656)) - 9f3b593f-78c6-4294-9602-7cd55c8a4272@group-2DA01F554C99-SegmentedRaftLogWorker: created new log segment /home/runner/work/ozone/ozone/hadoop-ozone/integration-test/target/test-dir/MiniOzoneClusterImpl-c61d2d68-5505-4298-888d-dd71e22caacf/datanode-2/data/ratis/32b51a84-a759-4ba0-9161-2da01f554c99/current/log_inprogress_0
2022-11-08 11:40:43,420 [9f3b593f-78c6-4294-9602-7cd55c8a4272@group-2DA01F554C99-LeaderElection5] INFO  server.RaftServer$Division (ServerState.java:setRaftConf(430)) - 9f3b593f-78c6-4294-9602-7cd55c8a4272@group-2DA01F554C99: set configuration 0: peers:[9f3b593f-78c6-4294-9602-7cd55c8a4272|rpc:10.1.0.111:40339|dataStream:|priority:1|startupRole:FOLLOWER]|listeners:[], old=null
2022-11-08 11:40:43,500 [9f3b593f-78c6-4294-9602-7cd55c8a4272@group-F47049CF8CE3-FollowerState] INFO  impl.FollowerState (FollowerState.java:run(143)) - 9f3b593f-78c6-4294-9602-7cd55c8a4272@group-F47049CF8CE3-FollowerState: change to CANDIDATE, lastRpcElapsedTime:5102954235ns, electionTimeout:5101ms
2022-11-08 11:40:43,500 [9f3b593f-78c6-4294-9602-7cd55c8a4272@group-F47049CF8CE3-FollowerState] INFO  impl.RoleInfo (RoleInfo.java:shutdownFollowerState(110)) - 9f3b593f-78c6-4294-9602-7cd55c8a4272: shutdown 9f3b593f-78c6-4294-9602-7cd55c8a4272@group-F47049CF8CE3-FollowerState
2022-11-08 11:40:43,500 [9f3b593f-78c6-4294-9602-7cd55c8a4272@group-F47049CF8CE3-FollowerState] INFO  server.RaftServer$Division (RaftServerImpl.java:setRole(321)) - 9f3b593f-78c6-4294-9602-7cd55c8a4272@group-F47049CF8CE3: changes role from  FOLLOWER to CANDIDATE at term 0 for changeToCandidate
2022-11-08 11:40:43,501 [9f3b593f-78c6-4294-9602-7cd55c8a4272@group-F47049CF8CE3-FollowerState] INFO  server.RaftServerConfigKeys (ConfUtils.java:logGet(46)) - raft.server.leaderelection.pre-vote = false (custom)
2022-11-08 11:40:43,501 [9f3b593f-78c6-4294-9602-7cd55c8a4272@group-F47049CF8CE3-FollowerState] INFO  impl.RoleInfo (RoleInfo.java:updateAndGet(139)) - 9f3b593f-78c6-4294-9602-7cd55c8a4272: start 9f3b593f-78c6-4294-9602-7cd55c8a4272@group-F47049CF8CE3-LeaderElection6
2022-11-08 11:40:43,505 [9f3b593f-78c6-4294-9602-7cd55c8a4272@group-F47049CF8CE3-LeaderElection6] INFO  impl.LeaderElection (LeaderElection.java:askForVotes(312)) - 9f3b593f-78c6-4294-9602-7cd55c8a4272@group-F47049CF8CE3-LeaderElection6 ELECTION round 0: submit vote requests at term 1 for -1: peers:[dc5a192d-e9e0-46c7-8aee-58457d0752d8|rpc:10.1.0.111:39795|priority:1|startupRole:FOLLOWER, 426e857f-dbb4-4c86-998f-375273f8a445|rpc:10.1.0.111:32949|priority:0|startupRole:FOLLOWER, 9f3b593f-78c6-4294-9602-7cd55c8a4272|rpc:10.1.0.111:40339|priority:0|startupRole:FOLLOWER]|listeners:[], old=null
2022-11-08 11:40:43,506 [dc5a192d-e9e0-46c7-8aee-58457d0752d8@group-F47049CF8CE3-FollowerState] INFO  impl.FollowerState (FollowerState.java:run(143)) - dc5a192d-e9e0-46c7-8aee-58457d0752d8@group-F47049CF8CE3-FollowerState: change to CANDIDATE, lastRpcElapsedTime:5138430831ns, electionTimeout:5135ms
2022-11-08 11:40:43,506 [dc5a192d-e9e0-46c7-8aee-58457d0752d8@group-F47049CF8CE3-FollowerState] INFO  impl.RoleInfo (RoleInfo.java:shutdownFollowerState(110)) - dc5a192d-e9e0-46c7-8aee-58457d0752d8: shutdown dc5a192d-e9e0-46c7-8aee-58457d0752d8@group-F47049CF8CE3-FollowerState
2022-11-08 11:40:43,506 [dc5a192d-e9e0-46c7-8aee-58457d0752d8@group-F47049CF8CE3-FollowerState] INFO  server.RaftServer$Division (RaftServerImpl.java:setRole(321)) - dc5a192d-e9e0-46c7-8aee-58457d0752d8@group-F47049CF8CE3: changes role from  FOLLOWER to CANDIDATE at term 0 for changeToCandidate
2022-11-08 11:40:43,508 [dc5a192d-e9e0-46c7-8aee-58457d0752d8@group-F47049CF8CE3-FollowerState] INFO  server.RaftServerConfigKeys (ConfUtils.java:logGet(46)) - raft.server.leaderelection.pre-vote = false (custom)
2022-11-08 11:40:43,508 [9f3b593f-78c6-4294-9602-7cd55c8a4272@group-F47049CF8CE3-LeaderElection6] INFO  server.RaftServerConfigKeys (ConfUtils.java:logFallback(53)) - raft.server.rpc.first-election.timeout.min = 5s (fallback to raft.server.rpc.timeout.min)
2022-11-08 11:40:43,508 [dc5a192d-e9e0-46c7-8aee-58457d0752d8@group-F47049CF8CE3-FollowerState] INFO  impl.RoleInfo (RoleInfo.java:updateAndGet(139)) - dc5a192d-e9e0-46c7-8aee-58457d0752d8: start dc5a192d-e9e0-46c7-8aee-58457d0752d8@group-F47049CF8CE3-LeaderElection7
2022-11-08 11:40:43,509 [9f3b593f-78c6-4294-9602-7cd55c8a4272@group-F47049CF8CE3-LeaderElection6] INFO  server.RaftServerConfigKeys (ConfUtils.java:logFallback(53)) - raft.server.rpc.first-election.timeout.max = 5200ms (fallback to raft.server.rpc.timeout.max)
2022-11-08 11:40:43,513 [9f3b593f-78c6-4294-9602-7cd55c8a4272@group-F47049CF8CE3-LeaderElection6-1] INFO  server.GrpcServerProtocolClient (GrpcServerProtocolClient.java:<init>(63)) - Build channel for dc5a192d-e9e0-46c7-8aee-58457d0752d8
2022-11-08 11:40:43,515 [9f3b593f-78c6-4294-9602-7cd55c8a4272@group-F47049CF8CE3-LeaderElection6-2] INFO  server.GrpcServerProtocolClient (GrpcServerProtocolClient.java:<init>(63)) - Build channel for 426e857f-dbb4-4c86-998f-375273f8a445
2022-11-08 11:40:43,518 [dc5a192d-e9e0-46c7-8aee-58457d0752d8@group-F47049CF8CE3-LeaderElection7] INFO  impl.LeaderElection (LeaderElection.java:askForVotes(312)) - dc5a192d-e9e0-46c7-8aee-58457d0752d8@group-F47049CF8CE3-LeaderElection7 ELECTION round 0: submit vote requests at term 1 for -1: peers:[dc5a192d-e9e0-46c7-8aee-58457d0752d8|rpc:10.1.0.111:39795|priority:1|startupRole:FOLLOWER, 426e857f-dbb4-4c86-998f-375273f8a445|rpc:10.1.0.111:32949|priority:0|startupRole:FOLLOWER, 9f3b593f-78c6-4294-9602-7cd55c8a4272|rpc:10.1.0.111:40339|priority:0|startupRole:FOLLOWER]|listeners:[], old=null
2022-11-08 11:40:43,544 [dc5a192d-e9e0-46c7-8aee-58457d0752d8@group-F47049CF8CE3-LeaderElection7] INFO  server.RaftServerConfigKeys (ConfUtils.java:logFallback(53)) - raft.server.rpc.first-election.timeout.min = 5s (fallback to raft.server.rpc.timeout.min)
2022-11-08 11:40:43,544 [dc5a192d-e9e0-46c7-8aee-58457d0752d8@group-F47049CF8CE3-LeaderElection7] INFO  server.RaftServerConfigKeys (ConfUtils.java:logFallback(53)) - raft.server.rpc.first-election.timeout.max = 5200ms (fallback to raft.server.rpc.timeout.max)
2022-11-08 11:40:43,545 [grpc-default-executor-2] INFO  server.RaftServer$Division (RaftServerImpl.java:requestVote(1218)) - 426e857f-dbb4-4c86-998f-375273f8a445@group-F47049CF8CE3: receive requestVote(ELECTION, 9f3b593f-78c6-4294-9602-7cd55c8a4272, group-F47049CF8CE3, 1, (t:0, i:0))
2022-11-08 11:40:43,551 [grpc-default-executor-2] INFO  impl.VoteContext (VoteContext.java:log(48)) - 426e857f-dbb4-4c86-998f-375273f8a445@group-F47049CF8CE3-FOLLOWER: accept ELECTION from 9f3b593f-78c6-4294-9602-7cd55c8a4272: our priority 0 <= candidate's priority 0
2022-11-08 11:40:43,551 [grpc-default-executor-2] INFO  server.RaftServer$Division (RaftServerImpl.java:setRole(321)) - 426e857f-dbb4-4c86-998f-375273f8a445@group-F47049CF8CE3: changes role from  FOLLOWER to FOLLOWER at term 1 for candidate:9f3b593f-78c6-4294-9602-7cd55c8a4272
2022-11-08 11:40:43,551 [grpc-default-executor-2] INFO  impl.RoleInfo (RoleInfo.java:shutdownFollowerState(110)) - 426e857f-dbb4-4c86-998f-375273f8a445: shutdown 426e857f-dbb4-4c86-998f-375273f8a445@group-F47049CF8CE3-FollowerState
2022-11-08 11:40:43,551 [grpc-default-executor-1] INFO  server.RaftServer$Division (RaftServerImpl.java:requestVote(1218)) - dc5a192d-e9e0-46c7-8aee-58457d0752d8@group-F47049CF8CE3: receive requestVote(ELECTION, 9f3b593f-78c6-4294-9602-7cd55c8a4272, group-F47049CF8CE3, 1, (t:0, i:0))
2022-11-08 11:40:43,551 [grpc-default-executor-1] INFO  impl.VoteContext (VoteContext.java:log(48)) - dc5a192d-e9e0-46c7-8aee-58457d0752d8@group-F47049CF8CE3-CANDIDATE: reject ELECTION from 9f3b593f-78c6-4294-9602-7cd55c8a4272: already has voted for dc5a192d-e9e0-46c7-8aee-58457d0752d8 at current term 1
2022-11-08 11:40:43,552 [grpc-default-executor-1] INFO  server.RaftServer$Division (RaftServerImpl.java:requestVote(1251)) - dc5a192d-e9e0-46c7-8aee-58457d0752d8@group-F47049CF8CE3 replies to ELECTION vote request: 9f3b593f-78c6-4294-9602-7cd55c8a4272<-dc5a192d-e9e0-46c7-8aee-58457d0752d8#0:FAIL-t1. Peer's state: dc5a192d-e9e0-46c7-8aee-58457d0752d8@group-F47049CF8CE3:t1, leader=null, voted=dc5a192d-e9e0-46c7-8aee-58457d0752d8, raftlog=Memoized:dc5a192d-e9e0-46c7-8aee-58457d0752d8@group-F47049CF8CE3-SegmentedRaftLog:OPENED:c-1, conf=-1: peers:[dc5a192d-e9e0-46c7-8aee-58457d0752d8|rpc:10.1.0.111:39795|priority:1|startupRole:FOLLOWER, 426e857f-dbb4-4c86-998f-375273f8a445|rpc:10.1.0.111:32949|priority:0|startupRole:FOLLOWER, 9f3b593f-78c6-4294-9602-7cd55c8a4272|rpc:10.1.0.111:40339|priority:0|startupRole:FOLLOWER]|listeners:[], old=null
2022-11-08 11:40:43,552 [426e857f-dbb4-4c86-998f-375273f8a445@group-F47049CF8CE3-FollowerState] INFO  impl.FollowerState (FollowerState.java:run(152)) - 426e857f-dbb4-4c86-998f-375273f8a445@group-F47049CF8CE3-FollowerState was interrupted
2022-11-08 11:40:43,552 [grpc-default-executor-0] INFO  server.RaftServer$Division (RaftServerImpl.java:requestVote(1218)) - 9f3b593f-78c6-4294-9602-7cd55c8a4272@group-F47049CF8CE3: receive requestVote(ELECTION, dc5a192d-e9e0-46c7-8aee-58457d0752d8, group-F47049CF8CE3, 1, (t:0, i:0))
2022-11-08 11:40:43,556 [grpc-default-executor-0] INFO  impl.VoteContext (VoteContext.java:log(48)) - 9f3b593f-78c6-4294-9602-7cd55c8a4272@group-F47049CF8CE3-CANDIDATE: reject ELECTION from dc5a192d-e9e0-46c7-8aee-58457d0752d8: already has voted for 9f3b593f-78c6-4294-9602-7cd55c8a4272 at current term 1
2022-11-08 11:40:43,556 [grpc-default-executor-0] INFO  server.RaftServer$Division (RaftServerImpl.java:requestVote(1251)) - 9f3b593f-78c6-4294-9602-7cd55c8a4272@group-F47049CF8CE3 replies to ELECTION vote request: dc5a192d-e9e0-46c7-8aee-58457d0752d8<-9f3b593f-78c6-4294-9602-7cd55c8a4272#0:FAIL-t1. Peer's state: 9f3b593f-78c6-4294-9602-7cd55c8a4272@group-F47049CF8CE3:t1, leader=null, voted=9f3b593f-78c6-4294-9602-7cd55c8a4272, raftlog=Memoized:9f3b593f-78c6-4294-9602-7cd55c8a4272@group-F47049CF8CE3-SegmentedRaftLog:OPENED:c-1, conf=-1: peers:[dc5a192d-e9e0-46c7-8aee-58457d0752d8|rpc:10.1.0.111:39795|priority:1|startupRole:FOLLOWER, 426e857f-dbb4-4c86-998f-375273f8a445|rpc:10.1.0.111:32949|priority:0|startupRole:FOLLOWER, 9f3b593f-78c6-4294-9602-7cd55c8a4272|rpc:10.1.0.111:40339|priority:0|startupRole:FOLLOWER]|listeners:[], old=null
2022-11-08 11:40:43,556 [grpc-default-executor-2] INFO  impl.RoleInfo (RoleInfo.java:updateAndGet(139)) - 426e857f-dbb4-4c86-998f-375273f8a445: start 426e857f-dbb4-4c86-998f-375273f8a445@group-F47049CF8CE3-FollowerState
2022-11-08 11:40:43,559 [9f3b593f-78c6-4294-9602-7cd55c8a4272@group-F47049CF8CE3-LeaderElection6] INFO  impl.LeaderElection (LeaderElection.java:logAndReturn(90)) - 9f3b593f-78c6-4294-9602-7cd55c8a4272@group-F47049CF8CE3-LeaderElection6: ELECTION REJECTED received 1 response(s) and 0 exception(s):
2022-11-08 11:40:43,561 [9f3b593f-78c6-4294-9602-7cd55c8a4272@group-F47049CF8CE3-LeaderElection6] INFO  impl.LeaderElection (LeaderElection.java:logAndReturn(94)) -   Response 0: 9f3b593f-78c6-4294-9602-7cd55c8a4272<-dc5a192d-e9e0-46c7-8aee-58457d0752d8#0:FAIL-t1
2022-11-08 11:40:43,561 [9f3b593f-78c6-4294-9602-7cd55c8a4272@group-F47049CF8CE3-LeaderElection6] INFO  impl.LeaderElection (LeaderElection.java:askForVotes(314)) - 9f3b593f-78c6-4294-9602-7cd55c8a4272@group-F47049CF8CE3-LeaderElection6 ELECTION round 0: result REJECTED
2022-11-08 11:40:43,561 [9f3b593f-78c6-4294-9602-7cd55c8a4272@group-F47049CF8CE3-LeaderElection6] INFO  server.RaftServer$Division (RaftServerImpl.java:setRole(321)) - 9f3b593f-78c6-4294-9602-7cd55c8a4272@group-F47049CF8CE3: changes role from CANDIDATE to FOLLOWER at term 1 for REJECTED
2022-11-08 11:40:43,561 [9f3b593f-78c6-4294-9602-7cd55c8a4272@group-F47049CF8CE3-LeaderElection6] INFO  impl.RoleInfo (RoleInfo.java:shutdownLeaderElection(130)) - 9f3b593f-78c6-4294-9602-7cd55c8a4272: shutdown 9f3b593f-78c6-4294-9602-7cd55c8a4272@group-F47049CF8CE3-LeaderElection6
2022-11-08 11:40:43,561 [9f3b593f-78c6-4294-9602-7cd55c8a4272@group-F47049CF8CE3-LeaderElection6] INFO  impl.RoleInfo (RoleInfo.java:updateAndGet(139)) - 9f3b593f-78c6-4294-9602-7cd55c8a4272: start 9f3b593f-78c6-4294-9602-7cd55c8a4272@group-F47049CF8CE3-FollowerState
2022-11-08 11:40:43,560 [grpc-default-executor-3] INFO  server.RaftServer$Division (RaftServerImpl.java:requestVote(1218)) - 426e857f-dbb4-4c86-998f-375273f8a445@group-F47049CF8CE3: receive requestVote(ELECTION, dc5a192d-e9e0-46c7-8aee-58457d0752d8, group-F47049CF8CE3, 1, (t:0, i:0))
2022-11-08 11:40:43,559 [426e857f-dbb4-4c86-998f-375273f8a445@group-F47049CF8CE3-FollowerState] INFO  server.RaftServerConfigKeys (ConfUtils.java:logFallback(53)) - raft.server.rpc.first-election.timeout.min = 5s (fallback to raft.server.rpc.timeout.min)
2022-11-08 11:40:43,562 [426e857f-dbb4-4c86-998f-375273f8a445@group-F47049CF8CE3-FollowerState] INFO  server.RaftServerConfigKeys (ConfUtils.java:logFallback(53)) - raft.server.rpc.first-election.timeout.max = 5200ms (fallback to raft.server.rpc.timeout.max)
2022-11-08 11:40:43,562 [grpc-default-executor-2] INFO  server.RaftServer$Division (RaftServerImpl.java:requestVote(1251)) - 426e857f-dbb4-4c86-998f-375273f8a445@group-F47049CF8CE3 replies to ELECTION vote request: 9f3b593f-78c6-4294-9602-7cd55c8a4272<-426e857f-dbb4-4c86-998f-375273f8a445#0:OK-t1. Peer's state: 426e857f-dbb4-4c86-998f-375273f8a445@group-F47049CF8CE3:t1, leader=null, voted=9f3b593f-78c6-4294-9602-7cd55c8a4272, raftlog=Memoized:426e857f-dbb4-4c86-998f-375273f8a445@group-F47049CF8CE3-SegmentedRaftLog:OPENED:c-1, conf=-1: peers:[dc5a192d-e9e0-46c7-8aee-58457d0752d8|rpc:10.1.0.111:39795|priority:1|startupRole:FOLLOWER, 426e857f-dbb4-4c86-998f-375273f8a445|rpc:10.1.0.111:32949|priority:0|startupRole:FOLLOWER, 9f3b593f-78c6-4294-9602-7cd55c8a4272|rpc:10.1.0.111:40339|priority:0|startupRole:FOLLOWER]|listeners:[], old=null
2022-11-08 11:40:43,566 [grpc-default-executor-3] INFO  impl.VoteContext (VoteContext.java:log(48)) - 426e857f-dbb4-4c86-998f-375273f8a445@group-F47049CF8CE3-FOLLOWER: reject ELECTION from dc5a192d-e9e0-46c7-8aee-58457d0752d8: already has voted for 9f3b593f-78c6-4294-9602-7cd55c8a4272 at current term 1
2022-11-08 11:40:43,566 [grpc-default-executor-3] INFO  server.RaftServer$Division (RaftServerImpl.java:requestVote(1251)) - 426e857f-dbb4-4c86-998f-375273f8a445@group-F47049CF8CE3 replies to ELECTION vote request: dc5a192d-e9e0-46c7-8aee-58457d0752d8<-426e857f-dbb4-4c86-998f-375273f8a445#0:FAIL-t1. Peer's state: 426e857f-dbb4-4c86-998f-375273f8a445@group-F47049CF8CE3:t1, leader=null, voted=9f3b593f-78c6-4294-9602-7cd55c8a4272, raftlog=Memoized:426e857f-dbb4-4c86-998f-375273f8a445@group-F47049CF8CE3-SegmentedRaftLog:OPENED:c-1, conf=-1: peers:[dc5a192d-e9e0-46c7-8aee-58457d0752d8|rpc:10.1.0.111:39795|priority:1|startupRole:FOLLOWER, 426e857f-dbb4-4c86-998f-375273f8a445|rpc:10.1.0.111:32949|priority:0|startupRole:FOLLOWER, 9f3b593f-78c6-4294-9602-7cd55c8a4272|rpc:10.1.0.111:40339|priority:0|startupRole:FOLLOWER]|listeners:[], old=null
2022-11-08 11:40:43,567 [dc5a192d-e9e0-46c7-8aee-58457d0752d8@group-F47049CF8CE3-LeaderElection7] INFO  impl.LeaderElection (LeaderElection.java:logAndReturn(90)) - dc5a192d-e9e0-46c7-8aee-58457d0752d8@group-F47049CF8CE3-LeaderElection7: ELECTION REJECTED received 2 response(s) and 0 exception(s):
2022-11-08 11:40:43,568 [dc5a192d-e9e0-46c7-8aee-58457d0752d8@group-F47049CF8CE3-LeaderElection7] INFO  impl.LeaderElection (LeaderElection.java:logAndReturn(94)) -   Response 0: dc5a192d-e9e0-46c7-8aee-58457d0752d8<-426e857f-dbb4-4c86-998f-375273f8a445#0:FAIL-t1
2022-11-08 11:40:43,568 [dc5a192d-e9e0-46c7-8aee-58457d0752d8@group-F47049CF8CE3-LeaderElection7] INFO  impl.LeaderElection (LeaderElection.java:logAndReturn(94)) -   Response 1: dc5a192d-e9e0-46c7-8aee-58457d0752d8<-9f3b593f-78c6-4294-9602-7cd55c8a4272#0:FAIL-t1
2022-11-08 11:40:43,568 [dc5a192d-e9e0-46c7-8aee-58457d0752d8@group-F47049CF8CE3-LeaderElection7] INFO  impl.LeaderElection (LeaderElection.java:askForVotes(314)) - dc5a192d-e9e0-46c7-8aee-58457d0752d8@group-F47049CF8CE3-LeaderElection7 ELECTION round 0: result REJECTED
2022-11-08 11:40:43,569 [dc5a192d-e9e0-46c7-8aee-58457d0752d8@group-F47049CF8CE3-LeaderElection7] INFO  server.RaftServer$Division (RaftServerImpl.java:setRole(321)) - dc5a192d-e9e0-46c7-8aee-58457d0752d8@group-F47049CF8CE3: changes role from CANDIDATE to FOLLOWER at term 1 for REJECTED
2022-11-08 11:40:43,569 [dc5a192d-e9e0-46c7-8aee-58457d0752d8@group-F47049CF8CE3-LeaderElection7] INFO  impl.RoleInfo (RoleInfo.java:shutdownLeaderElection(130)) - dc5a192d-e9e0-46c7-8aee-58457d0752d8: shutdown dc5a192d-e9e0-46c7-8aee-58457d0752d8@group-F47049CF8CE3-LeaderElection7
2022-11-08 11:40:43,569 [dc5a192d-e9e0-46c7-8aee-58457d0752d8@group-F47049CF8CE3-LeaderElection7] INFO  impl.RoleInfo (RoleInfo.java:updateAndGet(139)) - dc5a192d-e9e0-46c7-8aee-58457d0752d8: start dc5a192d-e9e0-46c7-8aee-58457d0752d8@group-F47049CF8CE3-FollowerState
2022-11-08 11:40:43,568 [9f3b593f-78c6-4294-9602-7cd55c8a4272@group-F47049CF8CE3-FollowerState] INFO  server.RaftServerConfigKeys (ConfUtils.java:logFallback(53)) - raft.server.rpc.first-election.timeout.min = 5s (fallback to raft.server.rpc.timeout.min)
2022-11-08 11:40:43,576 [dc5a192d-e9e0-46c7-8aee-58457d0752d8@group-F47049CF8CE3-FollowerState] INFO  server.RaftServerConfigKeys (ConfUtils.java:logFallback(53)) - raft.server.rpc.first-election.timeout.min = 5s (fallback to raft.server.rpc.timeout.min)
2022-11-08 11:40:43,578 [9f3b593f-78c6-4294-9602-7cd55c8a4272@group-F47049CF8CE3-FollowerState] INFO  server.RaftServerConfigKeys (ConfUtils.java:logFallback(53)) - raft.server.rpc.first-election.timeout.max = 5200ms (fallback to raft.server.rpc.timeout.max)
2022-11-08 11:40:43,578 [dc5a192d-e9e0-46c7-8aee-58457d0752d8@group-F47049CF8CE3-FollowerState] INFO  server.RaftServerConfigKeys (ConfUtils.java:logFallback(53)) - raft.server.rpc.first-election.timeout.max = 5200ms (fallback to raft.server.rpc.timeout.max)
2022-11-08 11:40:43,644 [Listener at 127.0.0.1/34491] INFO  ozone.MiniOzoneClusterImpl (MiniOzoneClusterImpl.java:lambda$waitForClusterToBeReady$0(216)) - Nodes are ready. Got 6 of 6 DN Heartbeats.
2022-11-08 11:40:43,645 [Listener at 127.0.0.1/34491] INFO  ozone.MiniOzoneClusterImpl (MiniOzoneClusterImpl.java:lambda$waitForClusterToBeReady$0(219)) - Waiting for cluster to exit safe mode
2022-11-08 11:40:43,645 [Listener at 127.0.0.1/34491] INFO  ozone.MiniOzoneClusterImpl (MiniOzoneClusterImpl.java:lambda$waitForClusterToBeReady$0(221)) - SCM became leader
2022-11-08 11:40:43,815 [b82692f7-3e6b-41da-8c72-517365e0a845@group-04770E223CE0-FollowerState] INFO  impl.FollowerState (FollowerState.java:run(143)) - b82692f7-3e6b-41da-8c72-517365e0a845@group-04770E223CE0-FollowerState: change to CANDIDATE, lastRpcElapsedTime:5062631407ns, electionTimeout:5060ms
2022-11-08 11:40:43,816 [b82692f7-3e6b-41da-8c72-517365e0a845@group-04770E223CE0-FollowerState] INFO  impl.RoleInfo (RoleInfo.java:shutdownFollowerState(110)) - b82692f7-3e6b-41da-8c72-517365e0a845: shutdown b82692f7-3e6b-41da-8c72-517365e0a845@group-04770E223CE0-FollowerState
2022-11-08 11:40:43,816 [b82692f7-3e6b-41da-8c72-517365e0a845@group-04770E223CE0-FollowerState] INFO  server.RaftServer$Division (RaftServerImpl.java:setRole(321)) - b82692f7-3e6b-41da-8c72-517365e0a845@group-04770E223CE0: changes role from  FOLLOWER to CANDIDATE at term 0 for changeToCandidate
2022-11-08 11:40:43,817 [b82692f7-3e6b-41da-8c72-517365e0a845@group-04770E223CE0-FollowerState] INFO  server.RaftServerConfigKeys (ConfUtils.java:logGet(46)) - raft.server.leaderelection.pre-vote = false (custom)
2022-11-08 11:40:43,817 [b82692f7-3e6b-41da-8c72-517365e0a845@group-04770E223CE0-FollowerState] INFO  impl.RoleInfo (RoleInfo.java:updateAndGet(139)) - b82692f7-3e6b-41da-8c72-517365e0a845: start b82692f7-3e6b-41da-8c72-517365e0a845@group-04770E223CE0-LeaderElection8
2022-11-08 11:40:43,821 [b82692f7-3e6b-41da-8c72-517365e0a845@group-04770E223CE0-LeaderElection8] INFO  impl.LeaderElection (LeaderElection.java:askForVotes(312)) - b82692f7-3e6b-41da-8c72-517365e0a845@group-04770E223CE0-LeaderElection8 ELECTION round 0: submit vote requests at term 1 for -1: peers:[b82692f7-3e6b-41da-8c72-517365e0a845|rpc:10.1.0.111:44405|priority:1|startupRole:FOLLOWER]|listeners:[], old=null
2022-11-08 11:40:43,821 [b82692f7-3e6b-41da-8c72-517365e0a845@group-04770E223CE0-LeaderElection8] INFO  impl.LeaderElection (LeaderElection.java:askForVotes(314)) - b82692f7-3e6b-41da-8c72-517365e0a845@group-04770E223CE0-LeaderElection8 ELECTION round 0: result PASSED (term=1)
2022-11-08 11:40:43,821 [b82692f7-3e6b-41da-8c72-517365e0a845@group-04770E223CE0-LeaderElection8] INFO  impl.RoleInfo (RoleInfo.java:shutdownLeaderElection(130)) - b82692f7-3e6b-41da-8c72-517365e0a845: shutdown b82692f7-3e6b-41da-8c72-517365e0a845@group-04770E223CE0-LeaderElection8
2022-11-08 11:40:43,821 [b82692f7-3e6b-41da-8c72-517365e0a845@group-04770E223CE0-LeaderElection8] INFO  server.RaftServer$Division (RaftServerImpl.java:setRole(321)) - b82692f7-3e6b-41da-8c72-517365e0a845@group-04770E223CE0: changes role from CANDIDATE to LEADER at term 1 for changeToLeader
2022-11-08 11:40:43,821 [b82692f7-3e6b-41da-8c72-517365e0a845@group-04770E223CE0-LeaderElection8] INFO  ratis.XceiverServerRatis (XceiverServerRatis.java:handleLeaderChangedNotification(863)) - Leader change notification received for group: group-04770E223CE0 with new leaderId: b82692f7-3e6b-41da-8c72-517365e0a845
2022-11-08 11:40:43,821 [b82692f7-3e6b-41da-8c72-517365e0a845@group-04770E223CE0-LeaderElection8] INFO  server.RaftServer$Division (ServerState.java:setLeader(313)) - b82692f7-3e6b-41da-8c72-517365e0a845@group-04770E223CE0: change Leader from null to b82692f7-3e6b-41da-8c72-517365e0a845 at term 1 for becomeLeader, leader elected after 5084ms
2022-11-08 11:40:43,822 [b82692f7-3e6b-41da-8c72-517365e0a845@group-04770E223CE0-LeaderElection8] INFO  server.RaftServerConfigKeys (ConfUtils.java:logGet(46)) - raft.server.staging.catchup.gap = 1000 (default)
2022-11-08 11:40:43,822 [b82692f7-3e6b-41da-8c72-517365e0a845@group-04770E223CE0-LeaderElection8] INFO  server.RaftServerConfigKeys (ConfUtils.java:logGet(46)) - raft.server.write.element-limit = 1024 (custom)
2022-11-08 11:40:43,822 [b82692f7-3e6b-41da-8c72-517365e0a845@group-04770E223CE0-LeaderElection8] INFO  server.RaftServerConfigKeys (ConfUtils.java:logGet(46)) - raft.server.write.byte-limit = 1024 M (=1073741824) (custom)
2022-11-08 11:40:43,822 [b82692f7-3e6b-41da-8c72-517365e0a845@group-04770E223CE0-LeaderElection8] INFO  server.RaftServerConfigKeys (ConfUtils.java:logGet(46)) - raft.server.watch.timeout = 180s (custom)
2022-11-08 11:40:43,822 [b82692f7-3e6b-41da-8c72-517365e0a845@group-04770E223CE0-LeaderElection8] INFO  server.RaftServerConfigKeys (ConfUtils.java:logGet(46)) - raft.server.watch.timeout.denomination = 1s (default)
2022-11-08 11:40:43,824 [b82692f7-3e6b-41da-8c72-517365e0a845@group-04770E223CE0-LeaderElection8] INFO  server.RaftServerConfigKeys (ConfUtils.java:logGet(46)) - raft.server.watch.element-limit = 65536 (default)
2022-11-08 11:40:43,824 [b82692f7-3e6b-41da-8c72-517365e0a845@group-04770E223CE0-LeaderElection8] INFO  server.RaftServerConfigKeys (ConfUtils.java:logGet(46)) - raft.server.write.element-limit = 1024 (custom)
2022-11-08 11:40:43,824 [b82692f7-3e6b-41da-8c72-517365e0a845@group-04770E223CE0-LeaderElection8] INFO  server.RaftServerConfigKeys (ConfUtils.java:logGet(46)) - raft.server.write.follower.gap.ratio.max = -1.0 (default)
2022-11-08 11:40:43,824 [b82692f7-3e6b-41da-8c72-517365e0a845@group-04770E223CE0-LeaderElection8] INFO  impl.RoleInfo (RoleInfo.java:updateAndGet(139)) - b82692f7-3e6b-41da-8c72-517365e0a845: start b82692f7-3e6b-41da-8c72-517365e0a845@group-04770E223CE0-LeaderStateImpl
2022-11-08 11:40:43,824 [EventQueue-OpenPipelineForHealthyPipelineSafeModeRule] INFO  safemode.SCMSafeModeManager (HealthyPipelineSafeModeRule.java:process(137)) - SCM in safe mode. Healthy pipelines reported count is 0, required healthy pipeline reported count is 1
2022-11-08 11:40:43,824 [b82692f7-3e6b-41da-8c72-517365e0a845@group-04770E223CE0-LeaderElection8] INFO  segmented.SegmentedRaftLogWorker (SegmentedRaftLogWorker.java:startLogSegment(452)) - b82692f7-3e6b-41da-8c72-517365e0a845@group-04770E223CE0-SegmentedRaftLogWorker: Starting segment from index:0
2022-11-08 11:40:43,832 [b82692f7-3e6b-41da-8c72-517365e0a845@group-04770E223CE0-LeaderElection8] INFO  server.RaftServer$Division (ServerState.java:setRaftConf(430)) - b82692f7-3e6b-41da-8c72-517365e0a845@group-04770E223CE0: set configuration 0: peers:[b82692f7-3e6b-41da-8c72-517365e0a845|rpc:10.1.0.111:44405|dataStream:|priority:1|startupRole:FOLLOWER]|listeners:[], old=null
2022-11-08 11:40:43,832 [b82692f7-3e6b-41da-8c72-517365e0a845@group-04770E223CE0-SegmentedRaftLogWorker] INFO  segmented.SegmentedRaftLogWorker (SegmentedRaftLogWorker.java:execute(656)) - b82692f7-3e6b-41da-8c72-517365e0a845@group-04770E223CE0-SegmentedRaftLogWorker: created new log segment /home/runner/work/ozone/ozone/hadoop-ozone/integration-test/target/test-dir/MiniOzoneClusterImpl-c61d2d68-5505-4298-888d-dd71e22caacf/datanode-3/data/ratis/4ff9d990-acae-4b5a-9f5e-04770e223ce0/current/log_inprogress_0
2022-11-08 11:40:43,849 [d94fe112-7331-4555-8545-ea5a46cf3e05@group-C9CEE55CC8A6-FollowerState] INFO  impl.FollowerState (FollowerState.java:run(143)) - d94fe112-7331-4555-8545-ea5a46cf3e05@group-C9CEE55CC8A6-FollowerState: change to CANDIDATE, lastRpcElapsedTime:5012541619ns, electionTimeout:5007ms
2022-11-08 11:40:43,850 [d94fe112-7331-4555-8545-ea5a46cf3e05@group-C9CEE55CC8A6-FollowerState] INFO  impl.RoleInfo (RoleInfo.java:shutdownFollowerState(110)) - d94fe112-7331-4555-8545-ea5a46cf3e05: shutdown d94fe112-7331-4555-8545-ea5a46cf3e05@group-C9CEE55CC8A6-FollowerState
2022-11-08 11:40:43,850 [d94fe112-7331-4555-8545-ea5a46cf3e05@group-C9CEE55CC8A6-FollowerState] INFO  server.RaftServer$Division (RaftServerImpl.java:setRole(321)) - d94fe112-7331-4555-8545-ea5a46cf3e05@group-C9CEE55CC8A6: changes role from  FOLLOWER to CANDIDATE at term 0 for changeToCandidate
2022-11-08 11:40:43,851 [d94fe112-7331-4555-8545-ea5a46cf3e05@group-C9CEE55CC8A6-FollowerState] INFO  server.RaftServerConfigKeys (ConfUtils.java:logGet(46)) - raft.server.leaderelection.pre-vote = false (custom)
2022-11-08 11:40:43,851 [b82692f7-3e6b-41da-8c72-517365e0a845@group-C9CEE55CC8A6-FollowerState] INFO  impl.FollowerState (FollowerState.java:run(143)) - b82692f7-3e6b-41da-8c72-517365e0a845@group-C9CEE55CC8A6-FollowerState: change to CANDIDATE, lastRpcElapsedTime:5069810705ns, electionTimeout:5068ms
2022-11-08 11:40:43,851 [d94fe112-7331-4555-8545-ea5a46cf3e05@group-C9CEE55CC8A6-FollowerState] INFO  impl.RoleInfo (RoleInfo.java:updateAndGet(139)) - d94fe112-7331-4555-8545-ea5a46cf3e05: start d94fe112-7331-4555-8545-ea5a46cf3e05@group-C9CEE55CC8A6-LeaderElection9
2022-11-08 11:40:43,851 [b82692f7-3e6b-41da-8c72-517365e0a845@group-C9CEE55CC8A6-FollowerState] INFO  impl.RoleInfo (RoleInfo.java:shutdownFollowerState(110)) - b82692f7-3e6b-41da-8c72-517365e0a845: shutdown b82692f7-3e6b-41da-8c72-517365e0a845@group-C9CEE55CC8A6-FollowerState
2022-11-08 11:40:43,851 [b82692f7-3e6b-41da-8c72-517365e0a845@group-C9CEE55CC8A6-FollowerState] INFO  server.RaftServer$Division (RaftServerImpl.java:setRole(321)) - b82692f7-3e6b-41da-8c72-517365e0a845@group-C9CEE55CC8A6: changes role from  FOLLOWER to CANDIDATE at term 0 for changeToCandidate
2022-11-08 11:40:43,852 [b82692f7-3e6b-41da-8c72-517365e0a845@group-C9CEE55CC8A6-FollowerState] INFO  server.RaftServerConfigKeys (ConfUtils.java:logGet(46)) - raft.server.leaderelection.pre-vote = false (custom)
2022-11-08 11:40:43,852 [b82692f7-3e6b-41da-8c72-517365e0a845@group-C9CEE55CC8A6-FollowerState] INFO  impl.RoleInfo (RoleInfo.java:updateAndGet(139)) - b82692f7-3e6b-41da-8c72-517365e0a845: start b82692f7-3e6b-41da-8c72-517365e0a845@group-C9CEE55CC8A6-LeaderElection10
2022-11-08 11:40:43,859 [d94fe112-7331-4555-8545-ea5a46cf3e05@group-C9CEE55CC8A6-LeaderElection9] INFO  impl.LeaderElection (LeaderElection.java:askForVotes(312)) - d94fe112-7331-4555-8545-ea5a46cf3e05@group-C9CEE55CC8A6-LeaderElection9 ELECTION round 0: submit vote requests at term 1 for -1: peers:[8949e68c-e95d-4b98-a083-33911916c13e|rpc:10.1.0.111:39377|dataStream:|priority:0|startupRole:FOLLOWER, d94fe112-7331-4555-8545-ea5a46cf3e05|rpc:10.1.0.111:45971|dataStream:|priority:0|startupRole:FOLLOWER, b82692f7-3e6b-41da-8c72-517365e0a845|rpc:10.1.0.111:44405|dataStream:|priority:1|startupRole:FOLLOWER]|listeners:[], old=null
2022-11-08 11:40:43,861 [d94fe112-7331-4555-8545-ea5a46cf3e05@group-C9CEE55CC8A6-LeaderElection9-1] INFO  server.GrpcServerProtocolClient (GrpcServerProtocolClient.java:<init>(63)) - Build channel for 8949e68c-e95d-4b98-a083-33911916c13e
2022-11-08 11:40:43,867 [b82692f7-3e6b-41da-8c72-517365e0a845@group-C9CEE55CC8A6-LeaderElection10] INFO  impl.LeaderElection (LeaderElection.java:askForVotes(312)) - b82692f7-3e6b-41da-8c72-517365e0a845@group-C9CEE55CC8A6-LeaderElection10 ELECTION round 0: submit vote requests at term 1 for -1: peers:[8949e68c-e95d-4b98-a083-33911916c13e|rpc:10.1.0.111:39377|priority:0|startupRole:FOLLOWER, d94fe112-7331-4555-8545-ea5a46cf3e05|rpc:10.1.0.111:45971|priority:0|startupRole:FOLLOWER, b82692f7-3e6b-41da-8c72-517365e0a845|rpc:10.1.0.111:44405|priority:1|startupRole:FOLLOWER]|listeners:[], old=null
2022-11-08 11:40:43,869 [d94fe112-7331-4555-8545-ea5a46cf3e05@group-C9CEE55CC8A6-LeaderElection9] INFO  server.RaftServerConfigKeys (ConfUtils.java:logFallback(53)) - raft.server.rpc.first-election.timeout.min = 5s (fallback to raft.server.rpc.timeout.min)
2022-11-08 11:40:43,870 [d94fe112-7331-4555-8545-ea5a46cf3e05@group-C9CEE55CC8A6-LeaderElection9] INFO  server.RaftServerConfigKeys (ConfUtils.java:logFallback(53)) - raft.server.rpc.first-election.timeout.max = 5200ms (fallback to raft.server.rpc.timeout.max)
2022-11-08 11:40:43,880 [d94fe112-7331-4555-8545-ea5a46cf3e05@group-C9CEE55CC8A6-LeaderElection9-2] INFO  server.GrpcServerProtocolClient (GrpcServerProtocolClient.java:<init>(63)) - Build channel for b82692f7-3e6b-41da-8c72-517365e0a845
2022-11-08 11:40:43,896 [grpc-default-executor-3] INFO  server.RaftServer$Division (RaftServerImpl.java:requestVote(1218)) - 8949e68c-e95d-4b98-a083-33911916c13e@group-C9CEE55CC8A6: receive requestVote(ELECTION, d94fe112-7331-4555-8545-ea5a46cf3e05, group-C9CEE55CC8A6, 1, (t:0, i:0))
2022-11-08 11:40:43,896 [grpc-default-executor-3] INFO  impl.VoteContext (VoteContext.java:log(48)) - 8949e68c-e95d-4b98-a083-33911916c13e@group-C9CEE55CC8A6-FOLLOWER: accept ELECTION from d94fe112-7331-4555-8545-ea5a46cf3e05: our priority 0 <= candidate's priority 0
2022-11-08 11:40:43,897 [grpc-default-executor-3] INFO  server.RaftServer$Division (RaftServerImpl.java:setRole(321)) - 8949e68c-e95d-4b98-a083-33911916c13e@group-C9CEE55CC8A6: changes role from  FOLLOWER to FOLLOWER at term 1 for candidate:d94fe112-7331-4555-8545-ea5a46cf3e05
2022-11-08 11:40:43,897 [grpc-default-executor-3] INFO  impl.RoleInfo (RoleInfo.java:shutdownFollowerState(110)) - 8949e68c-e95d-4b98-a083-33911916c13e: shutdown 8949e68c-e95d-4b98-a083-33911916c13e@group-C9CEE55CC8A6-FollowerState
2022-11-08 11:40:43,897 [8949e68c-e95d-4b98-a083-33911916c13e@group-C9CEE55CC8A6-FollowerState] INFO  impl.FollowerState (FollowerState.java:run(152)) - 8949e68c-e95d-4b98-a083-33911916c13e@group-C9CEE55CC8A6-FollowerState was interrupted
2022-11-08 11:40:43,892 [b82692f7-3e6b-41da-8c72-517365e0a845@group-C9CEE55CC8A6-LeaderElection10-2] INFO  server.GrpcServerProtocolClient (GrpcServerProtocolClient.java:<init>(63)) - Build channel for d94fe112-7331-4555-8545-ea5a46cf3e05
2022-11-08 11:40:43,892 [b82692f7-3e6b-41da-8c72-517365e0a845@group-C9CEE55CC8A6-LeaderElection10] INFO  server.RaftServerConfigKeys (ConfUtils.java:logFallback(53)) - raft.server.rpc.first-election.timeout.min = 5s (fallback to raft.server.rpc.timeout.min)
2022-11-08 11:40:43,900 [b82692f7-3e6b-41da-8c72-517365e0a845@group-C9CEE55CC8A6-LeaderElection10] INFO  server.RaftServerConfigKeys (ConfUtils.java:logFallback(53)) - raft.server.rpc.first-election.timeout.max = 5200ms (fallback to raft.server.rpc.timeout.max)
2022-11-08 11:40:43,880 [b82692f7-3e6b-41da-8c72-517365e0a845@group-C9CEE55CC8A6-LeaderElection10-1] INFO  server.GrpcServerProtocolClient (GrpcServerProtocolClient.java:<init>(63)) - Build channel for 8949e68c-e95d-4b98-a083-33911916c13e
2022-11-08 11:40:43,900 [grpc-default-executor-3] INFO  impl.RoleInfo (RoleInfo.java:updateAndGet(139)) - 8949e68c-e95d-4b98-a083-33911916c13e: start 8949e68c-e95d-4b98-a083-33911916c13e@group-C9CEE55CC8A6-FollowerState
2022-11-08 11:40:43,918 [8949e68c-e95d-4b98-a083-33911916c13e@group-C9CEE55CC8A6-FollowerState] INFO  server.RaftServerConfigKeys (ConfUtils.java:logFallback(53)) - raft.server.rpc.first-election.timeout.min = 5s (fallback to raft.server.rpc.timeout.min)
2022-11-08 11:40:43,918 [8949e68c-e95d-4b98-a083-33911916c13e@group-C9CEE55CC8A6-FollowerState] INFO  server.RaftServerConfigKeys (ConfUtils.java:logFallback(53)) - raft.server.rpc.first-election.timeout.max = 5200ms (fallback to raft.server.rpc.timeout.max)
2022-11-08 11:40:43,919 [grpc-default-executor-3] INFO  server.RaftServer$Division (RaftServerImpl.java:requestVote(1251)) - 8949e68c-e95d-4b98-a083-33911916c13e@group-C9CEE55CC8A6 replies to ELECTION vote request: d94fe112-7331-4555-8545-ea5a46cf3e05<-8949e68c-e95d-4b98-a083-33911916c13e#0:OK-t1. Peer's state: 8949e68c-e95d-4b98-a083-33911916c13e@group-C9CEE55CC8A6:t1, leader=null, voted=d94fe112-7331-4555-8545-ea5a46cf3e05, raftlog=Memoized:8949e68c-e95d-4b98-a083-33911916c13e@group-C9CEE55CC8A6-SegmentedRaftLog:OPENED:c-1, conf=-1: peers:[8949e68c-e95d-4b98-a083-33911916c13e|rpc:10.1.0.111:39377|dataStream:|priority:0|startupRole:FOLLOWER, d94fe112-7331-4555-8545-ea5a46cf3e05|rpc:10.1.0.111:45971|dataStream:|priority:0|startupRole:FOLLOWER, b82692f7-3e6b-41da-8c72-517365e0a845|rpc:10.1.0.111:44405|dataStream:|priority:1|startupRole:FOLLOWER]|listeners:[], old=null
2022-11-08 11:40:43,933 [grpc-default-executor-3] INFO  server.RaftServer$Division (RaftServerImpl.java:requestVote(1218)) - b82692f7-3e6b-41da-8c72-517365e0a845@group-C9CEE55CC8A6: receive requestVote(ELECTION, d94fe112-7331-4555-8545-ea5a46cf3e05, group-C9CEE55CC8A6, 1, (t:0, i:0))
2022-11-08 11:40:43,933 [grpc-default-executor-3] INFO  impl.VoteContext (VoteContext.java:log(48)) - b82692f7-3e6b-41da-8c72-517365e0a845@group-C9CEE55CC8A6-CANDIDATE: reject ELECTION from d94fe112-7331-4555-8545-ea5a46cf3e05: already has voted for b82692f7-3e6b-41da-8c72-517365e0a845 at current term 1
2022-11-08 11:40:43,933 [grpc-default-executor-3] INFO  server.RaftServer$Division (RaftServerImpl.java:requestVote(1251)) - b82692f7-3e6b-41da-8c72-517365e0a845@group-C9CEE55CC8A6 replies to ELECTION vote request: d94fe112-7331-4555-8545-ea5a46cf3e05<-b82692f7-3e6b-41da-8c72-517365e0a845#0:FAIL-t1. Peer's state: b82692f7-3e6b-41da-8c72-517365e0a845@group-C9CEE55CC8A6:t1, leader=null, voted=b82692f7-3e6b-41da-8c72-517365e0a845, raftlog=Memoized:b82692f7-3e6b-41da-8c72-517365e0a845@group-C9CEE55CC8A6-SegmentedRaftLog:OPENED:c-1, conf=-1: peers:[8949e68c-e95d-4b98-a083-33911916c13e|rpc:10.1.0.111:39377|priority:0|startupRole:FOLLOWER, d94fe112-7331-4555-8545-ea5a46cf3e05|rpc:10.1.0.111:45971|priority:0|startupRole:FOLLOWER, b82692f7-3e6b-41da-8c72-517365e0a845|rpc:10.1.0.111:44405|priority:1|startupRole:FOLLOWER]|listeners:[], old=null
2022-11-08 11:40:43,933 [grpc-default-executor-2] INFO  server.RaftServer$Division (RaftServerImpl.java:requestVote(1218)) - d94fe112-7331-4555-8545-ea5a46cf3e05@group-C9CEE55CC8A6: receive requestVote(ELECTION, b82692f7-3e6b-41da-8c72-517365e0a845, group-C9CEE55CC8A6, 1, (t:0, i:0))
2022-11-08 11:40:43,936 [grpc-default-executor-2] INFO  impl.VoteContext (VoteContext.java:log(48)) - d94fe112-7331-4555-8545-ea5a46cf3e05@group-C9CEE55CC8A6-CANDIDATE: reject ELECTION from b82692f7-3e6b-41da-8c72-517365e0a845: already has voted for d94fe112-7331-4555-8545-ea5a46cf3e05 at current term 1
2022-11-08 11:40:43,936 [grpc-default-executor-2] INFO  server.RaftServer$Division (RaftServerImpl.java:requestVote(1251)) - d94fe112-7331-4555-8545-ea5a46cf3e05@group-C9CEE55CC8A6 replies to ELECTION vote request: b82692f7-3e6b-41da-8c72-517365e0a845<-d94fe112-7331-4555-8545-ea5a46cf3e05#0:FAIL-t1. Peer's state: d94fe112-7331-4555-8545-ea5a46cf3e05@group-C9CEE55CC8A6:t1, leader=null, voted=d94fe112-7331-4555-8545-ea5a46cf3e05, raftlog=Memoized:d94fe112-7331-4555-8545-ea5a46cf3e05@group-C9CEE55CC8A6-SegmentedRaftLog:OPENED:c-1, conf=-1: peers:[8949e68c-e95d-4b98-a083-33911916c13e|rpc:10.1.0.111:39377|dataStream:|priority:0|startupRole:FOLLOWER, d94fe112-7331-4555-8545-ea5a46cf3e05|rpc:10.1.0.111:45971|dataStream:|priority:0|startupRole:FOLLOWER, b82692f7-3e6b-41da-8c72-517365e0a845|rpc:10.1.0.111:44405|dataStream:|priority:1|startupRole:FOLLOWER]|listeners:[], old=null
2022-11-08 11:40:43,937 [b82692f7-3e6b-41da-8c72-517365e0a845@group-0DB537A3E006-FollowerState] INFO  impl.FollowerState (FollowerState.java:run(143)) - b82692f7-3e6b-41da-8c72-517365e0a845@group-0DB537A3E006-FollowerState: change to CANDIDATE, lastRpcElapsedTime:5008788672ns, electionTimeout:5004ms
2022-11-08 11:40:43,937 [b82692f7-3e6b-41da-8c72-517365e0a845@group-0DB537A3E006-FollowerState] INFO  impl.RoleInfo (RoleInfo.java:shutdownFollowerState(110)) - b82692f7-3e6b-41da-8c72-517365e0a845: shutdown b82692f7-3e6b-41da-8c72-517365e0a845@group-0DB537A3E006-FollowerState
2022-11-08 11:40:43,937 [b82692f7-3e6b-41da-8c72-517365e0a845@group-0DB537A3E006-FollowerState] INFO  server.RaftServer$Division (RaftServerImpl.java:setRole(321)) - b82692f7-3e6b-41da-8c72-517365e0a845@group-0DB537A3E006: changes role from  FOLLOWER to CANDIDATE at term 0 for changeToCandidate
2022-11-08 11:40:43,937 [b82692f7-3e6b-41da-8c72-517365e0a845@group-0DB537A3E006-FollowerState] INFO  server.RaftServerConfigKeys (ConfUtils.java:logGet(46)) - raft.server.leaderelection.pre-vote = false (custom)
2022-11-08 11:40:43,937 [b82692f7-3e6b-41da-8c72-517365e0a845@group-0DB537A3E006-FollowerState] INFO  impl.RoleInfo (RoleInfo.java:updateAndGet(139)) - b82692f7-3e6b-41da-8c72-517365e0a845: start b82692f7-3e6b-41da-8c72-517365e0a845@group-0DB537A3E006-LeaderElection11
2022-11-08 11:40:43,938 [grpc-default-executor-3] INFO  server.RaftServer$Division (RaftServerImpl.java:requestVote(1218)) - 8949e68c-e95d-4b98-a083-33911916c13e@group-C9CEE55CC8A6: receive requestVote(ELECTION, b82692f7-3e6b-41da-8c72-517365e0a845, group-C9CEE55CC8A6, 1, (t:0, i:0))
2022-11-08 11:40:43,938 [grpc-default-executor-3] INFO  impl.VoteContext (VoteContext.java:log(48)) - 8949e68c-e95d-4b98-a083-33911916c13e@group-C9CEE55CC8A6-FOLLOWER: reject ELECTION from b82692f7-3e6b-41da-8c72-517365e0a845: already has voted for d94fe112-7331-4555-8545-ea5a46cf3e05 at current term 1
2022-11-08 11:40:43,938 [grpc-default-executor-3] INFO  server.RaftServer$Division (RaftServerImpl.java:requestVote(1251)) - 8949e68c-e95d-4b98-a083-33911916c13e@group-C9CEE55CC8A6 replies to ELECTION vote request: b82692f7-3e6b-41da-8c72-517365e0a845<-8949e68c-e95d-4b98-a083-33911916c13e#0:FAIL-t1. Peer's state: 8949e68c-e95d-4b98-a083-33911916c13e@group-C9CEE55CC8A6:t1, leader=null, voted=d94fe112-7331-4555-8545-ea5a46cf3e05, raftlog=Memoized:8949e68c-e95d-4b98-a083-33911916c13e@group-C9CEE55CC8A6-SegmentedRaftLog:OPENED:c-1, conf=-1: peers:[8949e68c-e95d-4b98-a083-33911916c13e|rpc:10.1.0.111:39377|dataStream:|priority:0|startupRole:FOLLOWER, d94fe112-7331-4555-8545-ea5a46cf3e05|rpc:10.1.0.111:45971|dataStream:|priority:0|startupRole:FOLLOWER, b82692f7-3e6b-41da-8c72-517365e0a845|rpc:10.1.0.111:44405|dataStream:|priority:1|startupRole:FOLLOWER]|listeners:[], old=null
2022-11-08 11:40:43,945 [d94fe112-7331-4555-8545-ea5a46cf3e05@group-C9CEE55CC8A6-LeaderElection9] INFO  impl.LeaderElection (LeaderElection.java:logAndReturn(90)) - d94fe112-7331-4555-8545-ea5a46cf3e05@group-C9CEE55CC8A6-LeaderElection9: ELECTION REJECTED received 2 response(s) and 0 exception(s):
2022-11-08 11:40:43,946 [d94fe112-7331-4555-8545-ea5a46cf3e05@group-C9CEE55CC8A6-LeaderElection9] INFO  impl.LeaderElection (LeaderElection.java:logAndReturn(94)) -   Response 0: d94fe112-7331-4555-8545-ea5a46cf3e05<-8949e68c-e95d-4b98-a083-33911916c13e#0:OK-t1
2022-11-08 11:40:43,946 [d94fe112-7331-4555-8545-ea5a46cf3e05@group-C9CEE55CC8A6-LeaderElection9] INFO  impl.LeaderElection (LeaderElection.java:logAndReturn(94)) -   Response 1: d94fe112-7331-4555-8545-ea5a46cf3e05<-b82692f7-3e6b-41da-8c72-517365e0a845#0:FAIL-t1
2022-11-08 11:40:43,946 [d94fe112-7331-4555-8545-ea5a46cf3e05@group-C9CEE55CC8A6-LeaderElection9] INFO  impl.LeaderElection (LeaderElection.java:askForVotes(314)) - d94fe112-7331-4555-8545-ea5a46cf3e05@group-C9CEE55CC8A6-LeaderElection9 ELECTION round 0: result REJECTED
2022-11-08 11:40:43,947 [d94fe112-7331-4555-8545-ea5a46cf3e05@group-C9CEE55CC8A6-LeaderElection9] INFO  server.RaftServer$Division (RaftServerImpl.java:setRole(321)) - d94fe112-7331-4555-8545-ea5a46cf3e05@group-C9CEE55CC8A6: changes role from CANDIDATE to FOLLOWER at term 1 for REJECTED
2022-11-08 11:40:43,948 [d94fe112-7331-4555-8545-ea5a46cf3e05@group-C9CEE55CC8A6-LeaderElection9] INFO  impl.RoleInfo (RoleInfo.java:shutdownLeaderElection(130)) - d94fe112-7331-4555-8545-ea5a46cf3e05: shutdown d94fe112-7331-4555-8545-ea5a46cf3e05@group-C9CEE55CC8A6-LeaderElection9
2022-11-08 11:40:43,948 [d94fe112-7331-4555-8545-ea5a46cf3e05@group-C9CEE55CC8A6-LeaderElection9] INFO  impl.RoleInfo (RoleInfo.java:updateAndGet(139)) - d94fe112-7331-4555-8545-ea5a46cf3e05: start d94fe112-7331-4555-8545-ea5a46cf3e05@group-C9CEE55CC8A6-FollowerState
2022-11-08 11:40:43,950 [b82692f7-3e6b-41da-8c72-517365e0a845@group-0DB537A3E006-LeaderElection11] INFO  impl.LeaderElection (LeaderElection.java:askForVotes(312)) - b82692f7-3e6b-41da-8c72-517365e0a845@group-0DB537A3E006-LeaderElection11 ELECTION round 0: submit vote requests at term 1 for -1: peers:[8949e68c-e95d-4b98-a083-33911916c13e|rpc:10.1.0.111:39377|priority:1|startupRole:FOLLOWER, d94fe112-7331-4555-8545-ea5a46cf3e05|rpc:10.1.0.111:45971|priority:0|startupRole:FOLLOWER, b82692f7-3e6b-41da-8c72-517365e0a845|rpc:10.1.0.111:44405|priority:0|startupRole:FOLLOWER]|listeners:[], old=null
2022-11-08 11:40:43,950 [b82692f7-3e6b-41da-8c72-517365e0a845@group-C9CEE55CC8A6-LeaderElection10] INFO  impl.LeaderElection (LeaderElection.java:logAndReturn(90)) - b82692f7-3e6b-41da-8c72-517365e0a845@group-C9CEE55CC8A6-LeaderElection10: ELECTION REJECTED received 2 response(s) and 0 exception(s):
2022-11-08 11:40:43,951 [b82692f7-3e6b-41da-8c72-517365e0a845@group-C9CEE55CC8A6-LeaderElection10] INFO  impl.LeaderElection (LeaderElection.java:logAndReturn(94)) -   Response 0: b82692f7-3e6b-41da-8c72-517365e0a845<-8949e68c-e95d-4b98-a083-33911916c13e#0:FAIL-t1
2022-11-08 11:40:43,951 [b82692f7-3e6b-41da-8c72-517365e0a845@group-C9CEE55CC8A6-LeaderElection10] INFO  impl.LeaderElection (LeaderElection.java:logAndReturn(94)) -   Response 1: b82692f7-3e6b-41da-8c72-517365e0a845<-d94fe112-7331-4555-8545-ea5a46cf3e05#0:FAIL-t1
2022-11-08 11:40:43,951 [b82692f7-3e6b-41da-8c72-517365e0a845@group-C9CEE55CC8A6-LeaderElection10] INFO  impl.LeaderElection (LeaderElection.java:askForVotes(314)) - b82692f7-3e6b-41da-8c72-517365e0a845@group-C9CEE55CC8A6-LeaderElection10 ELECTION round 0: result REJECTED
2022-11-08 11:40:43,951 [b82692f7-3e6b-41da-8c72-517365e0a845@group-C9CEE55CC8A6-LeaderElection10] INFO  server.RaftServer$Division (RaftServerImpl.java:setRole(321)) - b82692f7-3e6b-41da-8c72-517365e0a845@group-C9CEE55CC8A6: changes role from CANDIDATE to FOLLOWER at term 1 for REJECTED
2022-11-08 11:40:43,951 [b82692f7-3e6b-41da-8c72-517365e0a845@group-C9CEE55CC8A6-LeaderElection10] INFO  impl.RoleInfo (RoleInfo.java:shutdownLeaderElection(130)) - b82692f7-3e6b-41da-8c72-517365e0a845: shutdown b82692f7-3e6b-41da-8c72-517365e0a845@group-C9CEE55CC8A6-LeaderElection10
2022-11-08 11:40:43,951 [b82692f7-3e6b-41da-8c72-517365e0a845@group-C9CEE55CC8A6-LeaderElection10] INFO  impl.RoleInfo (RoleInfo.java:updateAndGet(139)) - b82692f7-3e6b-41da-8c72-517365e0a845: start b82692f7-3e6b-41da-8c72-517365e0a845@group-C9CEE55CC8A6-FollowerState
2022-11-08 11:40:43,952 [b82692f7-3e6b-41da-8c72-517365e0a845@group-0DB537A3E006-LeaderElection11] INFO  server.RaftServerConfigKeys (ConfUtils.java:logFallback(53)) - raft.server.rpc.first-election.timeout.min = 5s (fallback to raft.server.rpc.timeout.min)
2022-11-08 11:40:43,952 [b82692f7-3e6b-41da-8c72-517365e0a845@group-0DB537A3E006-LeaderElection11] INFO  server.RaftServerConfigKeys (ConfUtils.java:logFallback(53)) - raft.server.rpc.first-election.timeout.max = 5200ms (fallback to raft.server.rpc.timeout.max)
2022-11-08 11:40:43,952 [d94fe112-7331-4555-8545-ea5a46cf3e05@group-C9CEE55CC8A6-FollowerState] INFO  server.RaftServerConfigKeys (ConfUtils.java:logFallback(53)) - raft.server.rpc.first-election.timeout.min = 5s (fallback to raft.server.rpc.timeout.min)
2022-11-08 11:40:43,952 [d94fe112-7331-4555-8545-ea5a46cf3e05@group-C9CEE55CC8A6-FollowerState] INFO  server.RaftServerConfigKeys (ConfUtils.java:logFallback(53)) - raft.server.rpc.first-election.timeout.max = 5200ms (fallback to raft.server.rpc.timeout.max)
2022-11-08 11:40:43,976 [grpc-default-executor-2] INFO  server.RaftServer$Division (RaftServerImpl.java:requestVote(1218)) - d94fe112-7331-4555-8545-ea5a46cf3e05@group-0DB537A3E006: receive requestVote(ELECTION, b82692f7-3e6b-41da-8c72-517365e0a845, group-0DB537A3E006, 1, (t:0, i:0))
2022-11-08 11:40:43,976 [grpc-default-executor-3] INFO  server.RaftServer$Division (RaftServerImpl.java:requestVote(1218)) - 8949e68c-e95d-4b98-a083-33911916c13e@group-0DB537A3E006: receive requestVote(ELECTION, b82692f7-3e6b-41da-8c72-517365e0a845, group-0DB537A3E006, 1, (t:0, i:0))
2022-11-08 11:40:43,976 [grpc-default-executor-2] INFO  impl.VoteContext (VoteContext.java:log(48)) - d94fe112-7331-4555-8545-ea5a46cf3e05@group-0DB537A3E006-FOLLOWER: accept ELECTION from b82692f7-3e6b-41da-8c72-517365e0a845: our priority 0 <= candidate's priority 0
2022-11-08 11:40:43,976 [grpc-default-executor-2] INFO  server.RaftServer$Division (RaftServerImpl.java:setRole(321)) - d94fe112-7331-4555-8545-ea5a46cf3e05@group-0DB537A3E006: changes role from  FOLLOWER to FOLLOWER at term 1 for candidate:b82692f7-3e6b-41da-8c72-517365e0a845
2022-11-08 11:40:43,976 [grpc-default-executor-2] INFO  impl.RoleInfo (RoleInfo.java:shutdownFollowerState(110)) - d94fe112-7331-4555-8545-ea5a46cf3e05: shutdown d94fe112-7331-4555-8545-ea5a46cf3e05@group-0DB537A3E006-FollowerState
2022-11-08 11:40:43,976 [grpc-default-executor-2] INFO  impl.RoleInfo (RoleInfo.java:updateAndGet(139)) - d94fe112-7331-4555-8545-ea5a46cf3e05: start d94fe112-7331-4555-8545-ea5a46cf3e05@group-0DB537A3E006-FollowerState
2022-11-08 11:40:43,976 [grpc-default-executor-3] INFO  impl.VoteContext (VoteContext.java:log(48)) - 8949e68c-e95d-4b98-a083-33911916c13e@group-0DB537A3E006-FOLLOWER: reject ELECTION from b82692f7-3e6b-41da-8c72-517365e0a845: our priority 1 > candidate's priority 0
2022-11-08 11:40:43,976 [d94fe112-7331-4555-8545-ea5a46cf3e05@group-0DB537A3E006-FollowerState] INFO  impl.FollowerState (FollowerState.java:run(152)) - d94fe112-7331-4555-8545-ea5a46cf3e05@group-0DB537A3E006-FollowerState was interrupted
2022-11-08 11:40:43,977 [grpc-default-executor-3] INFO  server.RaftServer$Division (RaftServerImpl.java:setRole(321)) - 8949e68c-e95d-4b98-a083-33911916c13e@group-0DB537A3E006: changes role from  FOLLOWER to FOLLOWER at term 1 for candidate:b82692f7-3e6b-41da-8c72-517365e0a845
2022-11-08 11:40:43,977 [grpc-default-executor-3] INFO  impl.RoleInfo (RoleInfo.java:shutdownFollowerState(110)) - 8949e68c-e95d-4b98-a083-33911916c13e: shutdown 8949e68c-e95d-4b98-a083-33911916c13e@group-0DB537A3E006-FollowerState
2022-11-08 11:40:43,977 [grpc-default-executor-3] INFO  impl.RoleInfo (RoleInfo.java:updateAndGet(139)) - 8949e68c-e95d-4b98-a083-33911916c13e: start 8949e68c-e95d-4b98-a083-33911916c13e@group-0DB537A3E006-FollowerState
2022-11-08 11:40:43,977 [8949e68c-e95d-4b98-a083-33911916c13e@group-0DB537A3E006-FollowerState] INFO  impl.FollowerState (FollowerState.java:run(152)) - 8949e68c-e95d-4b98-a083-33911916c13e@group-0DB537A3E006-FollowerState was interrupted
2022-11-08 11:40:43,977 [d94fe112-7331-4555-8545-ea5a46cf3e05@group-0DB537A3E006-FollowerState] INFO  server.RaftServerConfigKeys (ConfUtils.java:logFallback(53)) - raft.server.rpc.first-election.timeout.min = 5s (fallback to raft.server.rpc.timeout.min)
2022-11-08 11:40:43,978 [d94fe112-7331-4555-8545-ea5a46cf3e05@group-0DB537A3E006-FollowerState] INFO  server.RaftServerConfigKeys (ConfUtils.java:logFallback(53)) - raft.server.rpc.first-election.timeout.max = 5200ms (fallback to raft.server.rpc.timeout.max)
2022-11-08 11:40:43,978 [b82692f7-3e6b-41da-8c72-517365e0a845@group-C9CEE55CC8A6-FollowerState] INFO  server.RaftServerConfigKeys (ConfUtils.java:logFallback(53)) - raft.server.rpc.first-election.timeout.min = 5s (fallback to raft.server.rpc.timeout.min)
2022-11-08 11:40:43,978 [b82692f7-3e6b-41da-8c72-517365e0a845@group-C9CEE55CC8A6-FollowerState] INFO  server.RaftServerConfigKeys (ConfUtils.java:logFallback(53)) - raft.server.rpc.first-election.timeout.max = 5200ms (fallback to raft.server.rpc.timeout.max)
2022-11-08 11:40:43,984 [8949e68c-e95d-4b98-a083-33911916c13e@group-0DB537A3E006-FollowerState] INFO  server.RaftServerConfigKeys (ConfUtils.java:logFallback(53)) - raft.server.rpc.first-election.timeout.min = 5s (fallback to raft.server.rpc.timeout.min)
2022-11-08 11:40:43,984 [grpc-default-executor-2] INFO  server.RaftServer$Division (RaftServerImpl.java:requestVote(1251)) - d94fe112-7331-4555-8545-ea5a46cf3e05@group-0DB537A3E006 replies to ELECTION vote request: b82692f7-3e6b-41da-8c72-517365e0a845<-d94fe112-7331-4555-8545-ea5a46cf3e05#0:OK-t1. Peer's state: d94fe112-7331-4555-8545-ea5a46cf3e05@group-0DB537A3E006:t1, leader=null, voted=b82692f7-3e6b-41da-8c72-517365e0a845, raftlog=Memoized:d94fe112-7331-4555-8545-ea5a46cf3e05@group-0DB537A3E006-SegmentedRaftLog:OPENED:c-1, conf=-1: peers:[8949e68c-e95d-4b98-a083-33911916c13e|rpc:10.1.0.111:39377|dataStream:|priority:1|startupRole:FOLLOWER, d94fe112-7331-4555-8545-ea5a46cf3e05|rpc:10.1.0.111:45971|dataStream:|priority:0|startupRole:FOLLOWER, b82692f7-3e6b-41da-8c72-517365e0a845|rpc:10.1.0.111:44405|dataStream:|priority:0|startupRole:FOLLOWER]|listeners:[], old=null
2022-11-08 11:40:43,985 [8949e68c-e95d-4b98-a083-33911916c13e@group-0DB537A3E006-FollowerState] INFO  server.RaftServerConfigKeys (ConfUtils.java:logFallback(53)) - raft.server.rpc.first-election.timeout.max = 5200ms (fallback to raft.server.rpc.timeout.max)
2022-11-08 11:40:43,986 [grpc-default-executor-3] INFO  server.RaftServer$Division (RaftServerImpl.java:requestVote(1251)) - 8949e68c-e95d-4b98-a083-33911916c13e@group-0DB537A3E006 replies to ELECTION vote request: b82692f7-3e6b-41da-8c72-517365e0a845<-8949e68c-e95d-4b98-a083-33911916c13e#0:FAIL-t1. Peer's state: 8949e68c-e95d-4b98-a083-33911916c13e@group-0DB537A3E006:t1, leader=null, voted=null, raftlog=Memoized:8949e68c-e95d-4b98-a083-33911916c13e@group-0DB537A3E006-SegmentedRaftLog:OPENED:c-1, conf=-1: peers:[8949e68c-e95d-4b98-a083-33911916c13e|rpc:10.1.0.111:39377|dataStream:|priority:1|startupRole:FOLLOWER, d94fe112-7331-4555-8545-ea5a46cf3e05|rpc:10.1.0.111:45971|dataStream:|priority:0|startupRole:FOLLOWER, b82692f7-3e6b-41da-8c72-517365e0a845|rpc:10.1.0.111:44405|dataStream:|priority:0|startupRole:FOLLOWER]|listeners:[], old=null
2022-11-08 11:40:43,988 [b82692f7-3e6b-41da-8c72-517365e0a845@group-0DB537A3E006-LeaderElection11] INFO  impl.LeaderElection (LeaderElection.java:logAndReturn(90)) - b82692f7-3e6b-41da-8c72-517365e0a845@group-0DB537A3E006-LeaderElection11: ELECTION REJECTED received 2 response(s) and 0 exception(s):
2022-11-08 11:40:43,988 [b82692f7-3e6b-41da-8c72-517365e0a845@group-0DB537A3E006-LeaderElection11] INFO  impl.LeaderElection (LeaderElection.java:logAndReturn(94)) -   Response 0: b82692f7-3e6b-41da-8c72-517365e0a845<-8949e68c-e95d-4b98-a083-33911916c13e#0:FAIL-t1
2022-11-08 11:40:43,988 [b82692f7-3e6b-41da-8c72-517365e0a845@group-0DB537A3E006-LeaderElection11] INFO  impl.LeaderElection (LeaderElection.java:logAndReturn(94)) -   Response 1: b82692f7-3e6b-41da-8c72-517365e0a845<-d94fe112-7331-4555-8545-ea5a46cf3e05#0:OK-t1
2022-11-08 11:40:43,988 [b82692f7-3e6b-41da-8c72-517365e0a845@group-0DB537A3E006-LeaderElection11] INFO  impl.LeaderElection (LeaderElection.java:askForVotes(314)) - b82692f7-3e6b-41da-8c72-517365e0a845@group-0DB537A3E006-LeaderElection11 ELECTION round 0: result REJECTED
2022-11-08 11:40:43,989 [b82692f7-3e6b-41da-8c72-517365e0a845@group-0DB537A3E006-LeaderElection11] INFO  server.RaftServer$Division (RaftServerImpl.java:setRole(321)) - b82692f7-3e6b-41da-8c72-517365e0a845@group-0DB537A3E006: changes role from CANDIDATE to FOLLOWER at term 1 for REJECTED
2022-11-08 11:40:43,989 [b82692f7-3e6b-41da-8c72-517365e0a845@group-0DB537A3E006-LeaderElection11] INFO  impl.RoleInfo (RoleInfo.java:shutdownLeaderElection(130)) - b82692f7-3e6b-41da-8c72-517365e0a845: shutdown b82692f7-3e6b-41da-8c72-517365e0a845@group-0DB537A3E006-LeaderElection11
2022-11-08 11:40:43,989 [b82692f7-3e6b-41da-8c72-517365e0a845@group-0DB537A3E006-LeaderElection11] INFO  impl.RoleInfo (RoleInfo.java:updateAndGet(139)) - b82692f7-3e6b-41da-8c72-517365e0a845: start b82692f7-3e6b-41da-8c72-517365e0a845@group-0DB537A3E006-FollowerState
2022-11-08 11:40:43,989 [b82692f7-3e6b-41da-8c72-517365e0a845@group-0DB537A3E006-FollowerState] INFO  server.RaftServerConfigKeys (ConfUtils.java:logFallback(53)) - raft.server.rpc.first-election.timeout.min = 5s (fallback to raft.server.rpc.timeout.min)
2022-11-08 11:40:43,989 [b82692f7-3e6b-41da-8c72-517365e0a845@group-0DB537A3E006-FollowerState] INFO  server.RaftServerConfigKeys (ConfUtils.java:logFallback(53)) - raft.server.rpc.first-election.timeout.max = 5200ms (fallback to raft.server.rpc.timeout.max)
2022-11-08 11:40:44,322 [d94fe112-7331-4555-8545-ea5a46cf3e05@group-2EE5346E980C-FollowerState] INFO  impl.FollowerState (FollowerState.java:run(143)) - d94fe112-7331-4555-8545-ea5a46cf3e05@group-2EE5346E980C-FollowerState: change to CANDIDATE, lastRpcElapsedTime:5165102052ns, electionTimeout:5162ms
2022-11-08 11:40:44,322 [d94fe112-7331-4555-8545-ea5a46cf3e05@group-2EE5346E980C-FollowerState] INFO  impl.RoleInfo (RoleInfo.java:shutdownFollowerState(110)) - d94fe112-7331-4555-8545-ea5a46cf3e05: shutdown d94fe112-7331-4555-8545-ea5a46cf3e05@group-2EE5346E980C-FollowerState
2022-11-08 11:40:44,323 [d94fe112-7331-4555-8545-ea5a46cf3e05@group-2EE5346E980C-FollowerState] INFO  server.RaftServer$Division (RaftServerImpl.java:setRole(321)) - d94fe112-7331-4555-8545-ea5a46cf3e05@group-2EE5346E980C: changes role from  FOLLOWER to CANDIDATE at term 0 for changeToCandidate
2022-11-08 11:40:44,323 [d94fe112-7331-4555-8545-ea5a46cf3e05@group-2EE5346E980C-FollowerState] INFO  server.RaftServerConfigKeys (ConfUtils.java:logGet(46)) - raft.server.leaderelection.pre-vote = false (custom)
2022-11-08 11:40:44,323 [d94fe112-7331-4555-8545-ea5a46cf3e05@group-2EE5346E980C-FollowerState] INFO  impl.RoleInfo (RoleInfo.java:updateAndGet(139)) - d94fe112-7331-4555-8545-ea5a46cf3e05: start d94fe112-7331-4555-8545-ea5a46cf3e05@group-2EE5346E980C-LeaderElection12
2022-11-08 11:40:44,327 [d94fe112-7331-4555-8545-ea5a46cf3e05@group-2EE5346E980C-LeaderElection12] INFO  impl.LeaderElection (LeaderElection.java:askForVotes(312)) - d94fe112-7331-4555-8545-ea5a46cf3e05@group-2EE5346E980C-LeaderElection12 ELECTION round 0: submit vote requests at term 1 for -1: peers:[d94fe112-7331-4555-8545-ea5a46cf3e05|rpc:10.1.0.111:45971|priority:1|startupRole:FOLLOWER]|listeners:[], old=null
2022-11-08 11:40:44,328 [d94fe112-7331-4555-8545-ea5a46cf3e05@group-2EE5346E980C-LeaderElection12] INFO  impl.LeaderElection (LeaderElection.java:askForVotes(314)) - d94fe112-7331-4555-8545-ea5a46cf3e05@group-2EE5346E980C-LeaderElection12 ELECTION round 0: result PASSED (term=1)
2022-11-08 11:40:44,328 [d94fe112-7331-4555-8545-ea5a46cf3e05@group-2EE5346E980C-LeaderElection12] INFO  impl.RoleInfo (RoleInfo.java:shutdownLeaderElection(130)) - d94fe112-7331-4555-8545-ea5a46cf3e05: shutdown d94fe112-7331-4555-8545-ea5a46cf3e05@group-2EE5346E980C-LeaderElection12
2022-11-08 11:40:44,328 [d94fe112-7331-4555-8545-ea5a46cf3e05@group-2EE5346E980C-LeaderElection12] INFO  server.RaftServer$Division (RaftServerImpl.java:setRole(321)) - d94fe112-7331-4555-8545-ea5a46cf3e05@group-2EE5346E980C: changes role from CANDIDATE to LEADER at term 1 for changeToLeader
2022-11-08 11:40:44,328 [d94fe112-7331-4555-8545-ea5a46cf3e05@group-2EE5346E980C-LeaderElection12] INFO  ratis.XceiverServerRatis (XceiverServerRatis.java:handleLeaderChangedNotification(863)) - Leader change notification received for group: group-2EE5346E980C with new leaderId: d94fe112-7331-4555-8545-ea5a46cf3e05
2022-11-08 11:40:44,328 [d94fe112-7331-4555-8545-ea5a46cf3e05@group-2EE5346E980C-LeaderElection12] INFO  server.RaftServer$Division (ServerState.java:setLeader(313)) - d94fe112-7331-4555-8545-ea5a46cf3e05@group-2EE5346E980C: change Leader from null to d94fe112-7331-4555-8545-ea5a46cf3e05 at term 1 for becomeLeader, leader elected after 5196ms
2022-11-08 11:40:44,329 [d94fe112-7331-4555-8545-ea5a46cf3e05@group-2EE5346E980C-LeaderElection12] INFO  server.RaftServerConfigKeys (ConfUtils.java:logGet(46)) - raft.server.staging.catchup.gap = 1000 (default)
2022-11-08 11:40:44,329 [d94fe112-7331-4555-8545-ea5a46cf3e05@group-2EE5346E980C-LeaderElection12] INFO  server.RaftServerConfigKeys (ConfUtils.java:logGet(46)) - raft.server.write.element-limit = 1024 (custom)
2022-11-08 11:40:44,329 [d94fe112-7331-4555-8545-ea5a46cf3e05@group-2EE5346E980C-LeaderElection12] INFO  server.RaftServerConfigKeys (ConfUtils.java:logGet(46)) - raft.server.write.byte-limit = 1024 M (=1073741824) (custom)
2022-11-08 11:40:44,329 [d94fe112-7331-4555-8545-ea5a46cf3e05@group-2EE5346E980C-LeaderElection12] INFO  server.RaftServerConfigKeys (ConfUtils.java:logGet(46)) - raft.server.watch.timeout = 180s (custom)
2022-11-08 11:40:44,330 [d94fe112-7331-4555-8545-ea5a46cf3e05@group-2EE5346E980C-LeaderElection12] INFO  server.RaftServerConfigKeys (ConfUtils.java:logGet(46)) - raft.server.watch.timeout.denomination = 1s (default)
2022-11-08 11:40:44,330 [d94fe112-7331-4555-8545-ea5a46cf3e05@group-2EE5346E980C-LeaderElection12] INFO  server.RaftServerConfigKeys (ConfUtils.java:logGet(46)) - raft.server.watch.element-limit = 65536 (default)
2022-11-08 11:40:44,330 [d94fe112-7331-4555-8545-ea5a46cf3e05@group-2EE5346E980C-LeaderElection12] INFO  server.RaftServerConfigKeys (ConfUtils.java:logGet(46)) - raft.server.write.element-limit = 1024 (custom)
2022-11-08 11:40:44,331 [d94fe112-7331-4555-8545-ea5a46cf3e05@group-2EE5346E980C-LeaderElection12] INFO  server.RaftServerConfigKeys (ConfUtils.java:logGet(46)) - raft.server.write.follower.gap.ratio.max = -1.0 (default)
2022-11-08 11:40:44,332 [EventQueue-OpenPipelineForHealthyPipelineSafeModeRule] INFO  safemode.SCMSafeModeManager (HealthyPipelineSafeModeRule.java:process(137)) - SCM in safe mode. Healthy pipelines reported count is 0, required healthy pipeline reported count is 1
2022-11-08 11:40:44,332 [d94fe112-7331-4555-8545-ea5a46cf3e05@group-2EE5346E980C-LeaderElection12] INFO  impl.RoleInfo (RoleInfo.java:updateAndGet(139)) - d94fe112-7331-4555-8545-ea5a46cf3e05: start d94fe112-7331-4555-8545-ea5a46cf3e05@group-2EE5346E980C-LeaderStateImpl
2022-11-08 11:40:44,333 [d94fe112-7331-4555-8545-ea5a46cf3e05@group-2EE5346E980C-LeaderElection12] INFO  segmented.SegmentedRaftLogWorker (SegmentedRaftLogWorker.java:startLogSegment(452)) - d94fe112-7331-4555-8545-ea5a46cf3e05@group-2EE5346E980C-SegmentedRaftLogWorker: Starting segment from index:0
2022-11-08 11:40:44,340 [d94fe112-7331-4555-8545-ea5a46cf3e05@group-2EE5346E980C-LeaderElection12] INFO  server.RaftServer$Division (ServerState.java:setRaftConf(430)) - d94fe112-7331-4555-8545-ea5a46cf3e05@group-2EE5346E980C: set configuration 0: peers:[d94fe112-7331-4555-8545-ea5a46cf3e05|rpc:10.1.0.111:45971|dataStream:|priority:1|startupRole:FOLLOWER]|listeners:[], old=null
2022-11-08 11:40:44,343 [d94fe112-7331-4555-8545-ea5a46cf3e05@group-2EE5346E980C-SegmentedRaftLogWorker] INFO  segmented.SegmentedRaftLogWorker (SegmentedRaftLogWorker.java:execute(656)) - d94fe112-7331-4555-8545-ea5a46cf3e05@group-2EE5346E980C-SegmentedRaftLogWorker: created new log segment /home/runner/work/ozone/ozone/hadoop-ozone/integration-test/target/test-dir/MiniOzoneClusterImpl-c61d2d68-5505-4298-888d-dd71e22caacf/datanode-4/data/ratis/ad6a543c-2ea5-478a-a0c4-2ee5346e980c/current/log_inprogress_0
2022-11-08 11:40:44,645 [Listener at 127.0.0.1/34491] INFO  ozone.MiniOzoneClusterImpl (MiniOzoneClusterImpl.java:lambda$waitForClusterToBeReady$0(216)) - Nodes are ready. Got 6 of 6 DN Heartbeats.
2022-11-08 11:40:44,645 [Listener at 127.0.0.1/34491] INFO  ozone.MiniOzoneClusterImpl (MiniOzoneClusterImpl.java:lambda$waitForClusterToBeReady$0(219)) - Waiting for cluster to exit safe mode
2022-11-08 11:40:44,645 [Listener at 127.0.0.1/34491] INFO  ozone.MiniOzoneClusterImpl (MiniOzoneClusterImpl.java:lambda$waitForClusterToBeReady$0(221)) - SCM became leader
2022-11-08 11:40:44,679 [8949e68c-e95d-4b98-a083-33911916c13e@group-6A5F2FD38F34-FollowerState] INFO  impl.FollowerState (FollowerState.java:run(143)) - 8949e68c-e95d-4b98-a083-33911916c13e@group-6A5F2FD38F34-FollowerState: change to CANDIDATE, lastRpcElapsedTime:5018729531ns, electionTimeout:5017ms
2022-11-08 11:40:44,679 [8949e68c-e95d-4b98-a083-33911916c13e@group-6A5F2FD38F34-FollowerState] INFO  impl.RoleInfo (RoleInfo.java:shutdownFollowerState(110)) - 8949e68c-e95d-4b98-a083-33911916c13e: shutdown 8949e68c-e95d-4b98-a083-33911916c13e@group-6A5F2FD38F34-FollowerState
2022-11-08 11:40:44,679 [8949e68c-e95d-4b98-a083-33911916c13e@group-6A5F2FD38F34-FollowerState] INFO  server.RaftServer$Division (RaftServerImpl.java:setRole(321)) - 8949e68c-e95d-4b98-a083-33911916c13e@group-6A5F2FD38F34: changes role from  FOLLOWER to CANDIDATE at term 0 for changeToCandidate
2022-11-08 11:40:44,679 [8949e68c-e95d-4b98-a083-33911916c13e@group-6A5F2FD38F34-FollowerState] INFO  server.RaftServerConfigKeys (ConfUtils.java:logGet(46)) - raft.server.leaderelection.pre-vote = false (custom)
2022-11-08 11:40:44,680 [8949e68c-e95d-4b98-a083-33911916c13e@group-6A5F2FD38F34-FollowerState] INFO  impl.RoleInfo (RoleInfo.java:updateAndGet(139)) - 8949e68c-e95d-4b98-a083-33911916c13e: start 8949e68c-e95d-4b98-a083-33911916c13e@group-6A5F2FD38F34-LeaderElection13
2022-11-08 11:40:44,684 [8949e68c-e95d-4b98-a083-33911916c13e@group-6A5F2FD38F34-LeaderElection13] INFO  impl.LeaderElection (LeaderElection.java:askForVotes(312)) - 8949e68c-e95d-4b98-a083-33911916c13e@group-6A5F2FD38F34-LeaderElection13 ELECTION round 0: submit vote requests at term 1 for -1: peers:[8949e68c-e95d-4b98-a083-33911916c13e|rpc:10.1.0.111:39377|priority:1|startupRole:FOLLOWER]|listeners:[], old=null
2022-11-08 11:40:44,684 [8949e68c-e95d-4b98-a083-33911916c13e@group-6A5F2FD38F34-LeaderElection13] INFO  impl.LeaderElection (LeaderElection.java:askForVotes(314)) - 8949e68c-e95d-4b98-a083-33911916c13e@group-6A5F2FD38F34-LeaderElection13 ELECTION round 0: result PASSED (term=1)
2022-11-08 11:40:44,684 [8949e68c-e95d-4b98-a083-33911916c13e@group-6A5F2FD38F34-LeaderElection13] INFO  impl.RoleInfo (RoleInfo.java:shutdownLeaderElection(130)) - 8949e68c-e95d-4b98-a083-33911916c13e: shutdown 8949e68c-e95d-4b98-a083-33911916c13e@group-6A5F2FD38F34-LeaderElection13
2022-11-08 11:40:44,684 [8949e68c-e95d-4b98-a083-33911916c13e@group-6A5F2FD38F34-LeaderElection13] INFO  server.RaftServer$Division (RaftServerImpl.java:setRole(321)) - 8949e68c-e95d-4b98-a083-33911916c13e@group-6A5F2FD38F34: changes role from CANDIDATE to LEADER at term 1 for changeToLeader
2022-11-08 11:40:44,684 [8949e68c-e95d-4b98-a083-33911916c13e@group-6A5F2FD38F34-LeaderElection13] INFO  ratis.XceiverServerRatis (XceiverServerRatis.java:handleLeaderChangedNotification(863)) - Leader change notification received for group: group-6A5F2FD38F34 with new leaderId: 8949e68c-e95d-4b98-a083-33911916c13e
2022-11-08 11:40:44,685 [8949e68c-e95d-4b98-a083-33911916c13e@group-6A5F2FD38F34-LeaderElection13] INFO  server.RaftServer$Division (ServerState.java:setLeader(313)) - 8949e68c-e95d-4b98-a083-33911916c13e@group-6A5F2FD38F34: change Leader from null to 8949e68c-e95d-4b98-a083-33911916c13e at term 1 for becomeLeader, leader elected after 5041ms
2022-11-08 11:40:44,685 [8949e68c-e95d-4b98-a083-33911916c13e@group-6A5F2FD38F34-LeaderElection13] INFO  server.RaftServerConfigKeys (ConfUtils.java:logGet(46)) - raft.server.staging.catchup.gap = 1000 (default)
2022-11-08 11:40:44,685 [8949e68c-e95d-4b98-a083-33911916c13e@group-6A5F2FD38F34-LeaderElection13] INFO  server.RaftServerConfigKeys (ConfUtils.java:logGet(46)) - raft.server.write.element-limit = 1024 (custom)
2022-11-08 11:40:44,685 [8949e68c-e95d-4b98-a083-33911916c13e@group-6A5F2FD38F34-LeaderElection13] INFO  server.RaftServerConfigKeys (ConfUtils.java:logGet(46)) - raft.server.write.byte-limit = 1024 M (=1073741824) (custom)
2022-11-08 11:40:44,685 [8949e68c-e95d-4b98-a083-33911916c13e@group-6A5F2FD38F34-LeaderElection13] INFO  server.RaftServerConfigKeys (ConfUtils.java:logGet(46)) - raft.server.watch.timeout = 180s (custom)
2022-11-08 11:40:44,686 [8949e68c-e95d-4b98-a083-33911916c13e@group-6A5F2FD38F34-LeaderElection13] INFO  server.RaftServerConfigKeys (ConfUtils.java:logGet(46)) - raft.server.watch.timeout.denomination = 1s (default)
2022-11-08 11:40:44,686 [8949e68c-e95d-4b98-a083-33911916c13e@group-6A5F2FD38F34-LeaderElection13] INFO  server.RaftServerConfigKeys (ConfUtils.java:logGet(46)) - raft.server.watch.element-limit = 65536 (default)
2022-11-08 11:40:44,686 [8949e68c-e95d-4b98-a083-33911916c13e@group-6A5F2FD38F34-LeaderElection13] INFO  server.RaftServerConfigKeys (ConfUtils.java:logGet(46)) - raft.server.write.element-limit = 1024 (custom)
2022-11-08 11:40:44,686 [8949e68c-e95d-4b98-a083-33911916c13e@group-6A5F2FD38F34-LeaderElection13] INFO  server.RaftServerConfigKeys (ConfUtils.java:logGet(46)) - raft.server.write.follower.gap.ratio.max = -1.0 (default)
2022-11-08 11:40:44,686 [8949e68c-e95d-4b98-a083-33911916c13e@group-6A5F2FD38F34-LeaderElection13] INFO  impl.RoleInfo (RoleInfo.java:updateAndGet(139)) - 8949e68c-e95d-4b98-a083-33911916c13e: start 8949e68c-e95d-4b98-a083-33911916c13e@group-6A5F2FD38F34-LeaderStateImpl
2022-11-08 11:40:44,687 [8949e68c-e95d-4b98-a083-33911916c13e@group-6A5F2FD38F34-LeaderElection13] INFO  segmented.SegmentedRaftLogWorker (SegmentedRaftLogWorker.java:startLogSegment(452)) - 8949e68c-e95d-4b98-a083-33911916c13e@group-6A5F2FD38F34-SegmentedRaftLogWorker: Starting segment from index:0
2022-11-08 11:40:44,688 [EventQueue-OpenPipelineForHealthyPipelineSafeModeRule] INFO  safemode.SCMSafeModeManager (HealthyPipelineSafeModeRule.java:process(137)) - SCM in safe mode. Healthy pipelines reported count is 0, required healthy pipeline reported count is 1
2022-11-08 11:40:44,691 [8949e68c-e95d-4b98-a083-33911916c13e@group-6A5F2FD38F34-SegmentedRaftLogWorker] INFO  segmented.SegmentedRaftLogWorker (SegmentedRaftLogWorker.java:execute(656)) - 8949e68c-e95d-4b98-a083-33911916c13e@group-6A5F2FD38F34-SegmentedRaftLogWorker: created new log segment /home/runner/work/ozone/ozone/hadoop-ozone/integration-test/target/test-dir/MiniOzoneClusterImpl-c61d2d68-5505-4298-888d-dd71e22caacf/datanode-5/data/ratis/8d8b0750-b654-4b25-9989-6a5f2fd38f34/current/log_inprogress_0
2022-11-08 11:40:44,696 [8949e68c-e95d-4b98-a083-33911916c13e@group-6A5F2FD38F34-LeaderElection13] INFO  server.RaftServer$Division (ServerState.java:setRaftConf(430)) - 8949e68c-e95d-4b98-a083-33911916c13e@group-6A5F2FD38F34: set configuration 0: peers:[8949e68c-e95d-4b98-a083-33911916c13e|rpc:10.1.0.111:39377|dataStream:|priority:1|startupRole:FOLLOWER]|listeners:[], old=null
2022-11-08 11:40:45,646 [Listener at 127.0.0.1/34491] INFO  ozone.MiniOzoneClusterImpl (MiniOzoneClusterImpl.java:lambda$waitForClusterToBeReady$0(216)) - Nodes are ready. Got 6 of 6 DN Heartbeats.
2022-11-08 11:40:45,646 [Listener at 127.0.0.1/34491] INFO  ozone.MiniOzoneClusterImpl (MiniOzoneClusterImpl.java:lambda$waitForClusterToBeReady$0(219)) - Waiting for cluster to exit safe mode
2022-11-08 11:40:45,647 [Listener at 127.0.0.1/34491] INFO  ozone.MiniOzoneClusterImpl (MiniOzoneClusterImpl.java:lambda$waitForClusterToBeReady$0(221)) - SCM became leader
2022-11-08 11:40:46,647 [Listener at 127.0.0.1/34491] INFO  ozone.MiniOzoneClusterImpl (MiniOzoneClusterImpl.java:lambda$waitForClusterToBeReady$0(216)) - Nodes are ready. Got 6 of 6 DN Heartbeats.
2022-11-08 11:40:46,647 [Listener at 127.0.0.1/34491] INFO  ozone.MiniOzoneClusterImpl (MiniOzoneClusterImpl.java:lambda$waitForClusterToBeReady$0(219)) - Waiting for cluster to exit safe mode
2022-11-08 11:40:46,648 [Listener at 127.0.0.1/34491] INFO  ozone.MiniOzoneClusterImpl (MiniOzoneClusterImpl.java:lambda$waitForClusterToBeReady$0(221)) - SCM became leader
2022-11-08 11:40:47,496 [9f3b593f-78c6-4294-9602-7cd55c8a4272@group-4F49288E7373-FollowerState] INFO  server.RaftServerConfigKeys (ConfUtils.java:logFallback(53)) - raft.server.rpc.first-election.timeout.min = 5s (fallback to raft.server.rpc.timeout.min)
2022-11-08 11:40:47,496 [9f3b593f-78c6-4294-9602-7cd55c8a4272@group-4F49288E7373-FollowerState] INFO  server.RaftServerConfigKeys (ConfUtils.java:logFallback(53)) - raft.server.rpc.first-election.timeout.max = 5200ms (fallback to raft.server.rpc.timeout.max)
2022-11-08 11:40:47,642 [426e857f-dbb4-4c86-998f-375273f8a445@group-4F49288E7373-FollowerState] INFO  impl.FollowerState (FollowerState.java:run(143)) - 426e857f-dbb4-4c86-998f-375273f8a445@group-4F49288E7373-FollowerState: change to CANDIDATE, lastRpcElapsedTime:5157128874ns, electionTimeout:5148ms
2022-11-08 11:40:47,642 [426e857f-dbb4-4c86-998f-375273f8a445@group-4F49288E7373-FollowerState] INFO  impl.RoleInfo (RoleInfo.java:shutdownFollowerState(110)) - 426e857f-dbb4-4c86-998f-375273f8a445: shutdown 426e857f-dbb4-4c86-998f-375273f8a445@group-4F49288E7373-FollowerState
2022-11-08 11:40:47,642 [426e857f-dbb4-4c86-998f-375273f8a445@group-4F49288E7373-FollowerState] INFO  server.RaftServer$Division (RaftServerImpl.java:setRole(321)) - 426e857f-dbb4-4c86-998f-375273f8a445@group-4F49288E7373: changes role from  FOLLOWER to CANDIDATE at term 1 for changeToCandidate
2022-11-08 11:40:47,642 [426e857f-dbb4-4c86-998f-375273f8a445@group-4F49288E7373-FollowerState] INFO  server.RaftServerConfigKeys (ConfUtils.java:logGet(46)) - raft.server.leaderelection.pre-vote = false (custom)
2022-11-08 11:40:47,642 [426e857f-dbb4-4c86-998f-375273f8a445@group-4F49288E7373-FollowerState] INFO  impl.RoleInfo (RoleInfo.java:updateAndGet(139)) - 426e857f-dbb4-4c86-998f-375273f8a445: start 426e857f-dbb4-4c86-998f-375273f8a445@group-4F49288E7373-LeaderElection14
2022-11-08 11:40:47,648 [Listener at 127.0.0.1/34491] INFO  ozone.MiniOzoneClusterImpl (MiniOzoneClusterImpl.java:lambda$waitForClusterToBeReady$0(216)) - Nodes are ready. Got 6 of 6 DN Heartbeats.
2022-11-08 11:40:47,648 [Listener at 127.0.0.1/34491] INFO  ozone.MiniOzoneClusterImpl (MiniOzoneClusterImpl.java:lambda$waitForClusterToBeReady$0(219)) - Waiting for cluster to exit safe mode
2022-11-08 11:40:47,648 [Listener at 127.0.0.1/34491] INFO  ozone.MiniOzoneClusterImpl (MiniOzoneClusterImpl.java:lambda$waitForClusterToBeReady$0(221)) - SCM became leader
2022-11-08 11:40:47,650 [426e857f-dbb4-4c86-998f-375273f8a445@group-4F49288E7373-LeaderElection14] INFO  impl.LeaderElection (LeaderElection.java:askForVotes(312)) - 426e857f-dbb4-4c86-998f-375273f8a445@group-4F49288E7373-LeaderElection14 ELECTION round 0: submit vote requests at term 2 for -1: peers:[dc5a192d-e9e0-46c7-8aee-58457d0752d8|rpc:10.1.0.111:39795|priority:0|startupRole:FOLLOWER, 426e857f-dbb4-4c86-998f-375273f8a445|rpc:10.1.0.111:32949|priority:1|startupRole:FOLLOWER, 9f3b593f-78c6-4294-9602-7cd55c8a4272|rpc:10.1.0.111:40339|priority:0|startupRole:FOLLOWER]|listeners:[], old=null
2022-11-08 11:40:47,650 [426e857f-dbb4-4c86-998f-375273f8a445@group-4F49288E7373-LeaderElection14-1] INFO  server.GrpcServerProtocolClient (GrpcServerProtocolClient.java:<init>(63)) - Build channel for dc5a192d-e9e0-46c7-8aee-58457d0752d8
2022-11-08 11:40:47,650 [426e857f-dbb4-4c86-998f-375273f8a445@group-4F49288E7373-LeaderElection14] INFO  server.RaftServerConfigKeys (ConfUtils.java:logFallback(53)) - raft.server.rpc.first-election.timeout.min = 5s (fallback to raft.server.rpc.timeout.min)
2022-11-08 11:40:47,651 [426e857f-dbb4-4c86-998f-375273f8a445@group-4F49288E7373-LeaderElection14] INFO  server.RaftServerConfigKeys (ConfUtils.java:logFallback(53)) - raft.server.rpc.first-election.timeout.max = 5200ms (fallback to raft.server.rpc.timeout.max)
2022-11-08 11:40:47,651 [426e857f-dbb4-4c86-998f-375273f8a445@group-4F49288E7373-LeaderElection14-2] INFO  server.GrpcServerProtocolClient (GrpcServerProtocolClient.java:<init>(63)) - Build channel for 9f3b593f-78c6-4294-9602-7cd55c8a4272
2022-11-08 11:40:47,661 [grpc-default-executor-3] INFO  server.RaftServer$Division (RaftServerImpl.java:requestVote(1218)) - dc5a192d-e9e0-46c7-8aee-58457d0752d8@group-4F49288E7373: receive requestVote(ELECTION, 426e857f-dbb4-4c86-998f-375273f8a445, group-4F49288E7373, 2, (t:0, i:0))
2022-11-08 11:40:47,661 [grpc-default-executor-3] INFO  impl.VoteContext (VoteContext.java:log(48)) - dc5a192d-e9e0-46c7-8aee-58457d0752d8@group-4F49288E7373-FOLLOWER: accept ELECTION from 426e857f-dbb4-4c86-998f-375273f8a445: our priority 0 <= candidate's priority 1
2022-11-08 11:40:47,661 [grpc-default-executor-3] INFO  server.RaftServer$Division (RaftServerImpl.java:setRole(321)) - dc5a192d-e9e0-46c7-8aee-58457d0752d8@group-4F49288E7373: changes role from  FOLLOWER to FOLLOWER at term 2 for candidate:426e857f-dbb4-4c86-998f-375273f8a445
2022-11-08 11:40:47,661 [grpc-default-executor-3] INFO  impl.RoleInfo (RoleInfo.java:shutdownFollowerState(110)) - dc5a192d-e9e0-46c7-8aee-58457d0752d8: shutdown dc5a192d-e9e0-46c7-8aee-58457d0752d8@group-4F49288E7373-FollowerState
2022-11-08 11:40:47,661 [grpc-default-executor-3] INFO  impl.RoleInfo (RoleInfo.java:updateAndGet(139)) - dc5a192d-e9e0-46c7-8aee-58457d0752d8: start dc5a192d-e9e0-46c7-8aee-58457d0752d8@group-4F49288E7373-FollowerState
2022-11-08 11:40:47,661 [dc5a192d-e9e0-46c7-8aee-58457d0752d8@group-4F49288E7373-FollowerState] INFO  impl.FollowerState (FollowerState.java:run(152)) - dc5a192d-e9e0-46c7-8aee-58457d0752d8@group-4F49288E7373-FollowerState was interrupted
2022-11-08 11:40:47,666 [dc5a192d-e9e0-46c7-8aee-58457d0752d8@group-4F49288E7373-FollowerState] INFO  server.RaftServerConfigKeys (ConfUtils.java:logFallback(53)) - raft.server.rpc.first-election.timeout.min = 5s (fallback to raft.server.rpc.timeout.min)
2022-11-08 11:40:47,666 [dc5a192d-e9e0-46c7-8aee-58457d0752d8@group-4F49288E7373-FollowerState] INFO  server.RaftServerConfigKeys (ConfUtils.java:logFallback(53)) - raft.server.rpc.first-election.timeout.max = 5200ms (fallback to raft.server.rpc.timeout.max)
2022-11-08 11:40:47,668 [grpc-default-executor-3] INFO  server.RaftServer$Division (RaftServerImpl.java:requestVote(1251)) - dc5a192d-e9e0-46c7-8aee-58457d0752d8@group-4F49288E7373 replies to ELECTION vote request: 426e857f-dbb4-4c86-998f-375273f8a445<-dc5a192d-e9e0-46c7-8aee-58457d0752d8#0:OK-t2. Peer's state: dc5a192d-e9e0-46c7-8aee-58457d0752d8@group-4F49288E7373:t2, leader=null, voted=426e857f-dbb4-4c86-998f-375273f8a445, raftlog=Memoized:dc5a192d-e9e0-46c7-8aee-58457d0752d8@group-4F49288E7373-SegmentedRaftLog:OPENED:c-1, conf=-1: peers:[dc5a192d-e9e0-46c7-8aee-58457d0752d8|rpc:10.1.0.111:39795|priority:0|startupRole:FOLLOWER, 426e857f-dbb4-4c86-998f-375273f8a445|rpc:10.1.0.111:32949|priority:1|startupRole:FOLLOWER, 9f3b593f-78c6-4294-9602-7cd55c8a4272|rpc:10.1.0.111:40339|priority:0|startupRole:FOLLOWER]|listeners:[], old=null
2022-11-08 11:40:47,671 [426e857f-dbb4-4c86-998f-375273f8a445@group-4F49288E7373-LeaderElection14] INFO  impl.LeaderElection (LeaderElection.java:logAndReturn(90)) - 426e857f-dbb4-4c86-998f-375273f8a445@group-4F49288E7373-LeaderElection14: ELECTION PASSED received 1 response(s) and 0 exception(s):
2022-11-08 11:40:47,671 [426e857f-dbb4-4c86-998f-375273f8a445@group-4F49288E7373-LeaderElection14] INFO  impl.LeaderElection (LeaderElection.java:logAndReturn(94)) -   Response 0: 426e857f-dbb4-4c86-998f-375273f8a445<-dc5a192d-e9e0-46c7-8aee-58457d0752d8#0:OK-t2
2022-11-08 11:40:47,672 [426e857f-dbb4-4c86-998f-375273f8a445@group-4F49288E7373-LeaderElection14] INFO  impl.LeaderElection (LeaderElection.java:askForVotes(314)) - 426e857f-dbb4-4c86-998f-375273f8a445@group-4F49288E7373-LeaderElection14 ELECTION round 0: result PASSED
2022-11-08 11:40:47,672 [426e857f-dbb4-4c86-998f-375273f8a445@group-4F49288E7373-LeaderElection14] INFO  impl.RoleInfo (RoleInfo.java:shutdownLeaderElection(130)) - 426e857f-dbb4-4c86-998f-375273f8a445: shutdown 426e857f-dbb4-4c86-998f-375273f8a445@group-4F49288E7373-LeaderElection14
2022-11-08 11:40:47,672 [426e857f-dbb4-4c86-998f-375273f8a445@group-4F49288E7373-LeaderElection14] INFO  server.RaftServer$Division (RaftServerImpl.java:setRole(321)) - 426e857f-dbb4-4c86-998f-375273f8a445@group-4F49288E7373: changes role from CANDIDATE to LEADER at term 2 for changeToLeader
2022-11-08 11:40:47,672 [426e857f-dbb4-4c86-998f-375273f8a445@group-4F49288E7373-LeaderElection14] INFO  ratis.XceiverServerRatis (XceiverServerRatis.java:handleLeaderChangedNotification(863)) - Leader change notification received for group: group-4F49288E7373 with new leaderId: 426e857f-dbb4-4c86-998f-375273f8a445
2022-11-08 11:40:47,673 [426e857f-dbb4-4c86-998f-375273f8a445@group-4F49288E7373-LeaderElection14] INFO  server.RaftServer$Division (ServerState.java:setLeader(313)) - 426e857f-dbb4-4c86-998f-375273f8a445@group-4F49288E7373: change Leader from null to 426e857f-dbb4-4c86-998f-375273f8a445 at term 2 for becomeLeader, leader elected after 9706ms
2022-11-08 11:40:47,673 [426e857f-dbb4-4c86-998f-375273f8a445@group-4F49288E7373-LeaderElection14] INFO  server.RaftServerConfigKeys (ConfUtils.java:logGet(46)) - raft.server.staging.catchup.gap = 1000 (default)
2022-11-08 11:40:47,673 [426e857f-dbb4-4c86-998f-375273f8a445@group-4F49288E7373-LeaderElection14] INFO  server.RaftServerConfigKeys (ConfUtils.java:logGet(46)) - raft.server.write.element-limit = 1024 (custom)
2022-11-08 11:40:47,673 [426e857f-dbb4-4c86-998f-375273f8a445@group-4F49288E7373-LeaderElection14] INFO  server.RaftServerConfigKeys (ConfUtils.java:logGet(46)) - raft.server.write.byte-limit = 1024 M (=1073741824) (custom)
2022-11-08 11:40:47,674 [426e857f-dbb4-4c86-998f-375273f8a445@group-4F49288E7373-LeaderElection14] INFO  server.RaftServerConfigKeys (ConfUtils.java:logGet(46)) - raft.server.watch.timeout = 180s (custom)
2022-11-08 11:40:47,674 [426e857f-dbb4-4c86-998f-375273f8a445@group-4F49288E7373-LeaderElection14] INFO  server.RaftServerConfigKeys (ConfUtils.java:logGet(46)) - raft.server.watch.timeout.denomination = 1s (default)
2022-11-08 11:40:47,674 [426e857f-dbb4-4c86-998f-375273f8a445@group-4F49288E7373-LeaderElection14] INFO  server.RaftServerConfigKeys (ConfUtils.java:logGet(46)) - raft.server.watch.element-limit = 65536 (default)
2022-11-08 11:40:47,674 [426e857f-dbb4-4c86-998f-375273f8a445@group-4F49288E7373-LeaderElection14] INFO  server.RaftServerConfigKeys (ConfUtils.java:logGet(46)) - raft.server.write.element-limit = 1024 (custom)
2022-11-08 11:40:47,674 [426e857f-dbb4-4c86-998f-375273f8a445@group-4F49288E7373-LeaderElection14] INFO  server.RaftServerConfigKeys (ConfUtils.java:logGet(46)) - raft.server.write.follower.gap.ratio.max = -1.0 (default)
2022-11-08 11:40:47,685 [grpc-default-executor-3] INFO  server.RaftServer$Division (RaftServerImpl.java:requestVote(1218)) - 9f3b593f-78c6-4294-9602-7cd55c8a4272@group-4F49288E7373: receive requestVote(ELECTION, 426e857f-dbb4-4c86-998f-375273f8a445, group-4F49288E7373, 2, (t:0, i:0))
2022-11-08 11:40:47,685 [grpc-default-executor-3] INFO  impl.VoteContext (VoteContext.java:log(48)) - 9f3b593f-78c6-4294-9602-7cd55c8a4272@group-4F49288E7373-FOLLOWER: accept ELECTION from 426e857f-dbb4-4c86-998f-375273f8a445: our priority 0 <= candidate's priority 1
2022-11-08 11:40:47,685 [grpc-default-executor-3] INFO  server.RaftServer$Division (RaftServerImpl.java:setRole(321)) - 9f3b593f-78c6-4294-9602-7cd55c8a4272@group-4F49288E7373: changes role from  FOLLOWER to FOLLOWER at term 2 for candidate:426e857f-dbb4-4c86-998f-375273f8a445
2022-11-08 11:40:47,685 [grpc-default-executor-3] INFO  impl.RoleInfo (RoleInfo.java:shutdownFollowerState(110)) - 9f3b593f-78c6-4294-9602-7cd55c8a4272: shutdown 9f3b593f-78c6-4294-9602-7cd55c8a4272@group-4F49288E7373-FollowerState
2022-11-08 11:40:47,685 [grpc-default-executor-3] INFO  impl.RoleInfo (RoleInfo.java:updateAndGet(139)) - 9f3b593f-78c6-4294-9602-7cd55c8a4272: start 9f3b593f-78c6-4294-9602-7cd55c8a4272@group-4F49288E7373-FollowerState
2022-11-08 11:40:47,685 [9f3b593f-78c6-4294-9602-7cd55c8a4272@group-4F49288E7373-FollowerState] INFO  impl.FollowerState (FollowerState.java:run(152)) - 9f3b593f-78c6-4294-9602-7cd55c8a4272@group-4F49288E7373-FollowerState was interrupted
2022-11-08 11:40:47,686 [9f3b593f-78c6-4294-9602-7cd55c8a4272@group-4F49288E7373-FollowerState] INFO  server.RaftServerConfigKeys (ConfUtils.java:logFallback(53)) - raft.server.rpc.first-election.timeout.min = 5s (fallback to raft.server.rpc.timeout.min)
2022-11-08 11:40:47,689 [9f3b593f-78c6-4294-9602-7cd55c8a4272@group-4F49288E7373-FollowerState] INFO  server.RaftServerConfigKeys (ConfUtils.java:logFallback(53)) - raft.server.rpc.first-election.timeout.max = 5200ms (fallback to raft.server.rpc.timeout.max)
2022-11-08 11:40:47,689 [grpc-default-executor-3] INFO  server.RaftServer$Division (RaftServerImpl.java:requestVote(1251)) - 9f3b593f-78c6-4294-9602-7cd55c8a4272@group-4F49288E7373 replies to ELECTION vote request: 426e857f-dbb4-4c86-998f-375273f8a445<-9f3b593f-78c6-4294-9602-7cd55c8a4272#0:OK-t2. Peer's state: 9f3b593f-78c6-4294-9602-7cd55c8a4272@group-4F49288E7373:t2, leader=null, voted=426e857f-dbb4-4c86-998f-375273f8a445, raftlog=Memoized:9f3b593f-78c6-4294-9602-7cd55c8a4272@group-4F49288E7373-SegmentedRaftLog:OPENED:c-1, conf=-1: peers:[dc5a192d-e9e0-46c7-8aee-58457d0752d8|rpc:10.1.0.111:39795|dataStream:|priority:0|startupRole:FOLLOWER, 426e857f-dbb4-4c86-998f-375273f8a445|rpc:10.1.0.111:32949|dataStream:|priority:1|startupRole:FOLLOWER, 9f3b593f-78c6-4294-9602-7cd55c8a4272|rpc:10.1.0.111:40339|dataStream:|priority:0|startupRole:FOLLOWER]|listeners:[], old=null
2022-11-08 11:40:47,692 [EventQueue-PipelineReportForPipelineReportHandler] INFO  pipeline.PipelineManagerImpl (PipelineManagerImpl.java:openPipeline(367)) - Pipeline Pipeline[ Id: caa2970a-548d-4ab4-baf2-4f49288e7373, Nodes: 426e857f-dbb4-4c86-998f-375273f8a445{ip: 10.1.0.111, host: fv-az573-890.uspngagyt4suddso0aj1djjezg.dx.internal.cloudapp.net, ports: [REPLICATION=34141, RATIS=32949, RATIS_ADMIN=32949, RATIS_SERVER=32949, STANDALONE=46207], networkLocation: /default-rack, certSerialId: null, persistedOpState: IN_SERVICE, persistedOpStateExpiryEpochSec: 0}9f3b593f-78c6-4294-9602-7cd55c8a4272{ip: 10.1.0.111, host: fv-az573-890.uspngagyt4suddso0aj1djjezg.dx.internal.cloudapp.net, ports: [REPLICATION=43727, RATIS=40339, RATIS_ADMIN=40339, RATIS_SERVER=40339, STANDALONE=34747], networkLocation: /default-rack, certSerialId: null, persistedOpState: IN_SERVICE, persistedOpStateExpiryEpochSec: 0}dc5a192d-e9e0-46c7-8aee-58457d0752d8{ip: 10.1.0.111, host: fv-az573-890.uspngagyt4suddso0aj1djjezg.dx.internal.cloudapp.net, ports: [REPLICATION=43119, RATIS=39795, RATIS_ADMIN=39795, RATIS_SERVER=39795, STANDALONE=37577], networkLocation: /default-rack, certSerialId: null, persistedOpState: IN_SERVICE, persistedOpStateExpiryEpochSec: 0}, ReplicationConfig: RATIS/THREE, State:ALLOCATED, leaderId:426e857f-dbb4-4c86-998f-375273f8a445, CreationTimestamp2022-11-08T11:40:35.298Z[Etc/UTC]] moved to OPEN state
2022-11-08 11:40:47,693 [EventQueue-OpenPipelineForHealthyPipelineSafeModeRule] INFO  safemode.SCMSafeModeManager (HealthyPipelineSafeModeRule.java:process(137)) - SCM in safe mode. Healthy pipelines reported count is 0, required healthy pipeline reported count is 1
2022-11-08 11:40:47,693 [EventQueue-OpenPipelineForHealthyPipelineSafeModeRule] INFO  safemode.SCMSafeModeManager (HealthyPipelineSafeModeRule.java:process(137)) - SCM in safe mode. Healthy pipelines reported count is 1, required healthy pipeline reported count is 1
2022-11-08 11:40:47,693 [EventQueue-OpenPipelineForHealthyPipelineSafeModeRule] INFO  safemode.SCMSafeModeManager (SCMSafeModeManager.java:validateSafeModeExitRules(204)) - HealthyPipelineSafeModeRule rule is successfully validated
2022-11-08 11:40:47,693 [EventQueue-OpenPipelineForHealthyPipelineSafeModeRule] INFO  safemode.SCMSafeModeManager (SCMSafeModeManager.java:validateSafeModeExitRules(219)) - ScmSafeModeManager, all rules are successfully validated
2022-11-08 11:40:47,693 [EventQueue-OpenPipelineForHealthyPipelineSafeModeRule] INFO  safemode.SCMSafeModeManager (SCMSafeModeManager.java:exitSafeMode(248)) - SCM exiting safe mode.
2022-11-08 11:40:47,693 [EventQueue-OpenPipelineForHealthyPipelineSafeModeRule] WARN  events.EventQueue (EventQueue.java:fireEvent(216)) - No event handler registered for event TypedEvent{payloadType=SafeModeStatus, name='Safe mode status'}
2022-11-08 11:40:47,693 [EventQueue-OpenPipelineForHealthyPipelineSafeModeRule] INFO  ha.SCMContext (SCMContext.java:updateSafeModeStatus(228)) - Update SafeModeStatus from SafeModeStatus{safeModeStatus=true, preCheckPassed=true} to SafeModeStatus{safeModeStatus=false, preCheckPassed=true}.
2022-11-08 11:40:47,693 [EventQueue-OpenPipelineForHealthyPipelineSafeModeRule] INFO  pipeline.BackgroundPipelineCreator (BackgroundPipelineCreator.java:notifyStatusChanged(254)) - Service BackgroundPipelineCreator transitions to RUNNING.
2022-11-08 11:40:47,693 [EventQueue-OpenPipelineForHealthyPipelineSafeModeRule] INFO  BackgroundPipelineScrubber (BackgroundSCMService.java:notifyStatusChanged(82)) - Service BackgroundPipelineScrubber transitions to RUNNING.
2022-11-08 11:40:47,693 [EventQueue-OpenPipelineForHealthyPipelineSafeModeRule] INFO  ExpiredContainerReplicaOpScrubber (BackgroundSCMService.java:notifyStatusChanged(82)) - Service ExpiredContainerReplicaOpScrubber transitions to RUNNING.
2022-11-08 11:40:47,694 [EventQueue-OpenPipelineForHealthyPipelineSafeModeRule] INFO  replication.ReplicationManager (ReplicationManager.java:notifyStatusChanged(799)) - Service ReplicationManager transitions to RUNNING.
2022-11-08 11:40:47,699 [EventQueue-OpenPipelineForHealthyPipelineSafeModeRule] WARN  balancer.ContainerBalancer (ContainerBalancer.java:shouldRun(131)) - Could not find persisted configuration for ContainerBalancer when checking if ContainerBalancer should run. ContainerBalancer should not run now.
2022-11-08 11:40:47,714 [426e857f-dbb4-4c86-998f-375273f8a445@group-4F49288E7373-LeaderElection14] INFO  server.RaftServerConfigKeys (ConfUtils.java:logGet(46)) - raft.server.log.appender.snapshot.chunk.size.max = 16MB (=16777216) (default)
2022-11-08 11:40:47,714 [426e857f-dbb4-4c86-998f-375273f8a445@group-4F49288E7373-LeaderElection14] INFO  server.RaftServerConfigKeys (ConfUtils.java:logGet(46)) - raft.server.log.appender.buffer.byte-limit = 33554432 (custom)
2022-11-08 11:40:47,714 [426e857f-dbb4-4c86-998f-375273f8a445@group-4F49288E7373-LeaderElection14] INFO  server.RaftServerConfigKeys (ConfUtils.java:logGet(46)) - raft.server.log.appender.buffer.element-limit = 1 (custom)
2022-11-08 11:40:47,718 [426e857f-dbb4-4c86-998f-375273f8a445@group-4F49288E7373-LeaderElection14] INFO  grpc.GrpcConfigKeys (ConfUtils.java:logGet(46)) - raft.grpc.server.leader.outstanding.appends.max = 128 (default)
2022-11-08 11:40:47,718 [426e857f-dbb4-4c86-998f-375273f8a445@group-4F49288E7373-LeaderElection14] INFO  server.RaftServerConfigKeys (ConfUtils.java:logGet(46)) - raft.server.rpc.request.timeout = 60s (custom)
2022-11-08 11:40:47,719 [426e857f-dbb4-4c86-998f-375273f8a445@group-4F49288E7373-LeaderElection14] INFO  server.RaftServerConfigKeys (ConfUtils.java:logGet(46)) - raft.server.log.appender.install.snapshot.enabled = false (custom)
2022-11-08 11:40:47,719 [426e857f-dbb4-4c86-998f-375273f8a445@group-4F49288E7373-LeaderElection14] INFO  grpc.GrpcConfigKeys (ConfUtils.java:logGet(46)) - raft.grpc.server.heartbeat.channel = true (default)
2022-11-08 11:40:47,719 [426e857f-dbb4-4c86-998f-375273f8a445@group-4F49288E7373-LeaderElection14] INFO  server.RaftServerConfigKeys (ConfUtils.java:logGet(46)) - raft.server.log.appender.wait-time.min = 10ms (default)
2022-11-08 11:40:47,721 [426e857f-dbb4-4c86-998f-375273f8a445@group-4F49288E7373-LeaderElection14] INFO  server.RaftServerConfigKeys (ConfUtils.java:logGet(46)) - raft.server.log.appender.snapshot.chunk.size.max = 16MB (=16777216) (default)
2022-11-08 11:40:47,721 [426e857f-dbb4-4c86-998f-375273f8a445@group-4F49288E7373-LeaderElection14] INFO  server.RaftServerConfigKeys (ConfUtils.java:logGet(46)) - raft.server.log.appender.buffer.byte-limit = 33554432 (custom)
2022-11-08 11:40:47,721 [426e857f-dbb4-4c86-998f-375273f8a445@group-4F49288E7373-LeaderElection14] INFO  server.RaftServerConfigKeys (ConfUtils.java:logGet(46)) - raft.server.log.appender.buffer.element-limit = 1 (custom)
2022-11-08 11:40:47,721 [426e857f-dbb4-4c86-998f-375273f8a445@group-4F49288E7373-LeaderElection14] INFO  grpc.GrpcConfigKeys (ConfUtils.java:logGet(46)) - raft.grpc.server.leader.outstanding.appends.max = 128 (default)
2022-11-08 11:40:47,722 [426e857f-dbb4-4c86-998f-375273f8a445@group-4F49288E7373-LeaderElection14] INFO  server.RaftServerConfigKeys (ConfUtils.java:logGet(46)) - raft.server.rpc.request.timeout = 60s (custom)
2022-11-08 11:40:47,722 [426e857f-dbb4-4c86-998f-375273f8a445@group-4F49288E7373-LeaderElection14] INFO  server.RaftServerConfigKeys (ConfUtils.java:logGet(46)) - raft.server.log.appender.install.snapshot.enabled = false (custom)
2022-11-08 11:40:47,722 [426e857f-dbb4-4c86-998f-375273f8a445@group-4F49288E7373-LeaderElection14] INFO  grpc.GrpcConfigKeys (ConfUtils.java:logGet(46)) - raft.grpc.server.heartbeat.channel = true (default)
2022-11-08 11:40:47,722 [426e857f-dbb4-4c86-998f-375273f8a445@group-4F49288E7373-LeaderElection14] INFO  server.RaftServerConfigKeys (ConfUtils.java:logGet(46)) - raft.server.log.appender.wait-time.min = 10ms (default)
2022-11-08 11:40:47,723 [426e857f-dbb4-4c86-998f-375273f8a445@group-4F49288E7373-LeaderElection14] INFO  impl.RoleInfo (RoleInfo.java:updateAndGet(139)) - 426e857f-dbb4-4c86-998f-375273f8a445: start 426e857f-dbb4-4c86-998f-375273f8a445@group-4F49288E7373-LeaderStateImpl
2022-11-08 11:40:47,723 [426e857f-dbb4-4c86-998f-375273f8a445@group-4F49288E7373-LeaderElection14] INFO  segmented.SegmentedRaftLogWorker (SegmentedRaftLogWorker.java:startLogSegment(452)) - 426e857f-dbb4-4c86-998f-375273f8a445@group-4F49288E7373-SegmentedRaftLogWorker: Starting segment from index:0
2022-11-08 11:40:47,727 [426e857f-dbb4-4c86-998f-375273f8a445@group-4F49288E7373-SegmentedRaftLogWorker] INFO  segmented.SegmentedRaftLogWorker (SegmentedRaftLogWorker.java:execute(656)) - 426e857f-dbb4-4c86-998f-375273f8a445@group-4F49288E7373-SegmentedRaftLogWorker: created new log segment /home/runner/work/ozone/ozone/hadoop-ozone/integration-test/target/test-dir/MiniOzoneClusterImpl-c61d2d68-5505-4298-888d-dd71e22caacf/datanode-1/data/ratis/caa2970a-548d-4ab4-baf2-4f49288e7373/current/log_inprogress_0
2022-11-08 11:40:47,737 [426e857f-dbb4-4c86-998f-375273f8a445@group-4F49288E7373-LeaderElection14] INFO  server.RaftServer$Division (ServerState.java:setRaftConf(430)) - 426e857f-dbb4-4c86-998f-375273f8a445@group-4F49288E7373: set configuration 0: peers:[dc5a192d-e9e0-46c7-8aee-58457d0752d8|rpc:10.1.0.111:39795|dataStream:|priority:0|startupRole:FOLLOWER, 426e857f-dbb4-4c86-998f-375273f8a445|rpc:10.1.0.111:32949|dataStream:|priority:1|startupRole:FOLLOWER, 9f3b593f-78c6-4294-9602-7cd55c8a4272|rpc:10.1.0.111:40339|dataStream:|priority:0|startupRole:FOLLOWER]|listeners:[], old=null
2022-11-08 11:40:47,791 [9f3b593f-78c6-4294-9602-7cd55c8a4272-server-thread2] INFO  ratis.XceiverServerRatis (XceiverServerRatis.java:handleLeaderChangedNotification(863)) - Leader change notification received for group: group-4F49288E7373 with new leaderId: 426e857f-dbb4-4c86-998f-375273f8a445
2022-11-08 11:40:47,791 [9f3b593f-78c6-4294-9602-7cd55c8a4272-server-thread2] INFO  server.RaftServer$Division (ServerState.java:setLeader(313)) - 9f3b593f-78c6-4294-9602-7cd55c8a4272@group-4F49288E7373: change Leader from null to 426e857f-dbb4-4c86-998f-375273f8a445 at term 2 for appendEntries, leader elected after 9652ms
2022-11-08 11:40:47,793 [dc5a192d-e9e0-46c7-8aee-58457d0752d8-server-thread2] INFO  ratis.XceiverServerRatis (XceiverServerRatis.java:handleLeaderChangedNotification(863)) - Leader change notification received for group: group-4F49288E7373 with new leaderId: 426e857f-dbb4-4c86-998f-375273f8a445
2022-11-08 11:40:47,793 [9f3b593f-78c6-4294-9602-7cd55c8a4272-server-thread2] INFO  server.RaftServer$Division (ServerState.java:setRaftConf(430)) - 9f3b593f-78c6-4294-9602-7cd55c8a4272@group-4F49288E7373: set configuration 0: peers:[dc5a192d-e9e0-46c7-8aee-58457d0752d8|rpc:10.1.0.111:39795|dataStream:|priority:0|startupRole:FOLLOWER, 426e857f-dbb4-4c86-998f-375273f8a445|rpc:10.1.0.111:32949|dataStream:|priority:1|startupRole:FOLLOWER, 9f3b593f-78c6-4294-9602-7cd55c8a4272|rpc:10.1.0.111:40339|dataStream:|priority:0|startupRole:FOLLOWER]|listeners:[], old=null
2022-11-08 11:40:47,794 [9f3b593f-78c6-4294-9602-7cd55c8a4272-server-thread2] INFO  segmented.SegmentedRaftLogWorker (SegmentedRaftLogWorker.java:startLogSegment(452)) - 9f3b593f-78c6-4294-9602-7cd55c8a4272@group-4F49288E7373-SegmentedRaftLogWorker: Starting segment from index:0
2022-11-08 11:40:47,793 [dc5a192d-e9e0-46c7-8aee-58457d0752d8-server-thread2] INFO  server.RaftServer$Division (ServerState.java:setLeader(313)) - dc5a192d-e9e0-46c7-8aee-58457d0752d8@group-4F49288E7373: change Leader from null to 426e857f-dbb4-4c86-998f-375273f8a445 at term 2 for appendEntries, leader elected after 10442ms
2022-11-08 11:40:47,800 [dc5a192d-e9e0-46c7-8aee-58457d0752d8-server-thread2] INFO  server.RaftServer$Division (ServerState.java:setRaftConf(430)) - dc5a192d-e9e0-46c7-8aee-58457d0752d8@group-4F49288E7373: set configuration 0: peers:[dc5a192d-e9e0-46c7-8aee-58457d0752d8|rpc:10.1.0.111:39795|dataStream:|priority:0|startupRole:FOLLOWER, 426e857f-dbb4-4c86-998f-375273f8a445|rpc:10.1.0.111:32949|dataStream:|priority:1|startupRole:FOLLOWER, 9f3b593f-78c6-4294-9602-7cd55c8a4272|rpc:10.1.0.111:40339|dataStream:|priority:0|startupRole:FOLLOWER]|listeners:[], old=null
2022-11-08 11:40:47,801 [dc5a192d-e9e0-46c7-8aee-58457d0752d8-server-thread2] INFO  segmented.SegmentedRaftLogWorker (SegmentedRaftLogWorker.java:startLogSegment(452)) - dc5a192d-e9e0-46c7-8aee-58457d0752d8@group-4F49288E7373-SegmentedRaftLogWorker: Starting segment from index:0
2022-11-08 11:40:47,805 [9f3b593f-78c6-4294-9602-7cd55c8a4272@group-4F49288E7373-SegmentedRaftLogWorker] INFO  segmented.SegmentedRaftLogWorker (SegmentedRaftLogWorker.java:execute(656)) - 9f3b593f-78c6-4294-9602-7cd55c8a4272@group-4F49288E7373-SegmentedRaftLogWorker: created new log segment /home/runner/work/ozone/ozone/hadoop-ozone/integration-test/target/test-dir/MiniOzoneClusterImpl-c61d2d68-5505-4298-888d-dd71e22caacf/datanode-2/data/ratis/caa2970a-548d-4ab4-baf2-4f49288e7373/current/log_inprogress_0
2022-11-08 11:40:47,810 [dc5a192d-e9e0-46c7-8aee-58457d0752d8@group-4F49288E7373-SegmentedRaftLogWorker] INFO  segmented.SegmentedRaftLogWorker (SegmentedRaftLogWorker.java:execute(656)) - dc5a192d-e9e0-46c7-8aee-58457d0752d8@group-4F49288E7373-SegmentedRaftLogWorker: created new log segment /home/runner/work/ozone/ozone/hadoop-ozone/integration-test/target/test-dir/MiniOzoneClusterImpl-c61d2d68-5505-4298-888d-dd71e22caacf/datanode-0/data/ratis/caa2970a-548d-4ab4-baf2-4f49288e7373/current/log_inprogress_0
2022-11-08 11:40:48,649 [Listener at 127.0.0.1/34491] INFO  ozone.MiniOzoneClusterImpl (MiniOzoneClusterImpl.java:lambda$waitForClusterToBeReady$0(216)) - Nodes are ready. Got 6 of 6 DN Heartbeats.
2022-11-08 11:40:48,649 [Listener at 127.0.0.1/34491] INFO  ozone.MiniOzoneClusterImpl (MiniOzoneClusterImpl.java:lambda$waitForClusterToBeReady$0(219)) - Cluster exits safe mode
2022-11-08 11:40:48,649 [Listener at 127.0.0.1/34491] INFO  ozone.MiniOzoneClusterImpl (MiniOzoneClusterImpl.java:lambda$waitForClusterToBeReady$0(221)) - SCM became leader
2022-11-08 11:40:48,682 [dc5a192d-e9e0-46c7-8aee-58457d0752d8@group-F47049CF8CE3-FollowerState] INFO  impl.FollowerState (FollowerState.java:run(143)) - dc5a192d-e9e0-46c7-8aee-58457d0752d8@group-F47049CF8CE3-FollowerState: change to CANDIDATE, lastRpcElapsedTime:5113407500ns, electionTimeout:5104ms
2022-11-08 11:40:48,682 [dc5a192d-e9e0-46c7-8aee-58457d0752d8@group-F47049CF8CE3-FollowerState] INFO  impl.RoleInfo (RoleInfo.java:shutdownFollowerState(110)) - dc5a192d-e9e0-46c7-8aee-58457d0752d8: shutdown dc5a192d-e9e0-46c7-8aee-58457d0752d8@group-F47049CF8CE3-FollowerState
2022-11-08 11:40:48,683 [dc5a192d-e9e0-46c7-8aee-58457d0752d8@group-F47049CF8CE3-FollowerState] INFO  server.RaftServer$Division (RaftServerImpl.java:setRole(321)) - dc5a192d-e9e0-46c7-8aee-58457d0752d8@group-F47049CF8CE3: changes role from  FOLLOWER to CANDIDATE at term 1 for changeToCandidate
2022-11-08 11:40:48,684 [dc5a192d-e9e0-46c7-8aee-58457d0752d8@group-F47049CF8CE3-FollowerState] INFO  server.RaftServerConfigKeys (ConfUtils.java:logGet(46)) - raft.server.leaderelection.pre-vote = false (custom)
2022-11-08 11:40:48,684 [dc5a192d-e9e0-46c7-8aee-58457d0752d8@group-F47049CF8CE3-FollowerState] INFO  impl.RoleInfo (RoleInfo.java:updateAndGet(139)) - dc5a192d-e9e0-46c7-8aee-58457d0752d8: start dc5a192d-e9e0-46c7-8aee-58457d0752d8@group-F47049CF8CE3-LeaderElection15
2022-11-08 11:40:48,686 [dc5a192d-e9e0-46c7-8aee-58457d0752d8@group-F47049CF8CE3-LeaderElection15] INFO  impl.LeaderElection (LeaderElection.java:askForVotes(312)) - dc5a192d-e9e0-46c7-8aee-58457d0752d8@group-F47049CF8CE3-LeaderElection15 ELECTION round 0: submit vote requests at term 2 for -1: peers:[dc5a192d-e9e0-46c7-8aee-58457d0752d8|rpc:10.1.0.111:39795|priority:1|startupRole:FOLLOWER, 426e857f-dbb4-4c86-998f-375273f8a445|rpc:10.1.0.111:32949|priority:0|startupRole:FOLLOWER, 9f3b593f-78c6-4294-9602-7cd55c8a4272|rpc:10.1.0.111:40339|priority:0|startupRole:FOLLOWER]|listeners:[], old=null
2022-11-08 11:40:48,689 [dc5a192d-e9e0-46c7-8aee-58457d0752d8@group-F47049CF8CE3-LeaderElection15] INFO  server.RaftServerConfigKeys (ConfUtils.java:logFallback(53)) - raft.server.rpc.first-election.timeout.min = 5s (fallback to raft.server.rpc.timeout.min)
2022-11-08 11:40:48,689 [dc5a192d-e9e0-46c7-8aee-58457d0752d8@group-F47049CF8CE3-LeaderElection15] INFO  server.RaftServerConfigKeys (ConfUtils.java:logFallback(53)) - raft.server.rpc.first-election.timeout.max = 5200ms (fallback to raft.server.rpc.timeout.max)
2022-11-08 11:40:48,694 [grpc-default-executor-0] INFO  server.RaftServer$Division (RaftServerImpl.java:requestVote(1218)) - 426e857f-dbb4-4c86-998f-375273f8a445@group-F47049CF8CE3: receive requestVote(ELECTION, dc5a192d-e9e0-46c7-8aee-58457d0752d8, group-F47049CF8CE3, 2, (t:0, i:0))
2022-11-08 11:40:48,694 [grpc-default-executor-0] INFO  impl.VoteContext (VoteContext.java:log(48)) - 426e857f-dbb4-4c86-998f-375273f8a445@group-F47049CF8CE3-FOLLOWER: accept ELECTION from dc5a192d-e9e0-46c7-8aee-58457d0752d8: our priority 0 <= candidate's priority 1
2022-11-08 11:40:48,694 [grpc-default-executor-0] INFO  server.RaftServer$Division (RaftServerImpl.java:setRole(321)) - 426e857f-dbb4-4c86-998f-375273f8a445@group-F47049CF8CE3: changes role from  FOLLOWER to FOLLOWER at term 2 for candidate:dc5a192d-e9e0-46c7-8aee-58457d0752d8
2022-11-08 11:40:48,694 [grpc-default-executor-0] INFO  impl.RoleInfo (RoleInfo.java:shutdownFollowerState(110)) - 426e857f-dbb4-4c86-998f-375273f8a445: shutdown 426e857f-dbb4-4c86-998f-375273f8a445@group-F47049CF8CE3-FollowerState
2022-11-08 11:40:48,694 [grpc-default-executor-0] INFO  impl.RoleInfo (RoleInfo.java:updateAndGet(139)) - 426e857f-dbb4-4c86-998f-375273f8a445: start 426e857f-dbb4-4c86-998f-375273f8a445@group-F47049CF8CE3-FollowerState
2022-11-08 11:40:48,694 [426e857f-dbb4-4c86-998f-375273f8a445@group-F47049CF8CE3-FollowerState] INFO  impl.FollowerState (FollowerState.java:run(152)) - 426e857f-dbb4-4c86-998f-375273f8a445@group-F47049CF8CE3-FollowerState was interrupted
2022-11-08 11:40:48,695 [grpc-default-executor-2] INFO  server.RaftServer$Division (RaftServerImpl.java:requestVote(1218)) - 9f3b593f-78c6-4294-9602-7cd55c8a4272@group-F47049CF8CE3: receive requestVote(ELECTION, dc5a192d-e9e0-46c7-8aee-58457d0752d8, group-F47049CF8CE3, 2, (t:0, i:0))
2022-11-08 11:40:48,695 [grpc-default-executor-2] INFO  impl.VoteContext (VoteContext.java:log(48)) - 9f3b593f-78c6-4294-9602-7cd55c8a4272@group-F47049CF8CE3-FOLLOWER: accept ELECTION from dc5a192d-e9e0-46c7-8aee-58457d0752d8: our priority 0 <= candidate's priority 1
2022-11-08 11:40:48,695 [grpc-default-executor-2] INFO  server.RaftServer$Division (RaftServerImpl.java:setRole(321)) - 9f3b593f-78c6-4294-9602-7cd55c8a4272@group-F47049CF8CE3: changes role from  FOLLOWER to FOLLOWER at term 2 for candidate:dc5a192d-e9e0-46c7-8aee-58457d0752d8
2022-11-08 11:40:48,695 [grpc-default-executor-2] INFO  impl.RoleInfo (RoleInfo.java:shutdownFollowerState(110)) - 9f3b593f-78c6-4294-9602-7cd55c8a4272: shutdown 9f3b593f-78c6-4294-9602-7cd55c8a4272@group-F47049CF8CE3-FollowerState
2022-11-08 11:40:48,695 [9f3b593f-78c6-4294-9602-7cd55c8a4272@group-F47049CF8CE3-FollowerState] INFO  impl.FollowerState (FollowerState.java:run(152)) - 9f3b593f-78c6-4294-9602-7cd55c8a4272@group-F47049CF8CE3-FollowerState was interrupted
2022-11-08 11:40:48,696 [grpc-default-executor-2] INFO  impl.RoleInfo (RoleInfo.java:updateAndGet(139)) - 9f3b593f-78c6-4294-9602-7cd55c8a4272: start 9f3b593f-78c6-4294-9602-7cd55c8a4272@group-F47049CF8CE3-FollowerState
2022-11-08 11:40:48,696 [426e857f-dbb4-4c86-998f-375273f8a445@group-F47049CF8CE3-FollowerState] INFO  server.RaftServerConfigKeys (ConfUtils.java:logFallback(53)) - raft.server.rpc.first-election.timeout.min = 5s (fallback to raft.server.rpc.timeout.min)
2022-11-08 11:40:48,696 [426e857f-dbb4-4c86-998f-375273f8a445@group-F47049CF8CE3-FollowerState] INFO  server.RaftServerConfigKeys (ConfUtils.java:logFallback(53)) - raft.server.rpc.first-election.timeout.max = 5200ms (fallback to raft.server.rpc.timeout.max)
2022-11-08 11:40:48,696 [9f3b593f-78c6-4294-9602-7cd55c8a4272@group-F47049CF8CE3-FollowerState] INFO  server.RaftServerConfigKeys (ConfUtils.java:logFallback(53)) - raft.server.rpc.first-election.timeout.min = 5s (fallback to raft.server.rpc.timeout.min)
2022-11-08 11:40:48,696 [9f3b593f-78c6-4294-9602-7cd55c8a4272@group-F47049CF8CE3-FollowerState] INFO  server.RaftServerConfigKeys (ConfUtils.java:logFallback(53)) - raft.server.rpc.first-election.timeout.max = 5200ms (fallback to raft.server.rpc.timeout.max)
2022-11-08 11:40:48,697 [grpc-default-executor-0] INFO  server.RaftServer$Division (RaftServerImpl.java:requestVote(1251)) - 426e857f-dbb4-4c86-998f-375273f8a445@group-F47049CF8CE3 replies to ELECTION vote request: dc5a192d-e9e0-46c7-8aee-58457d0752d8<-426e857f-dbb4-4c86-998f-375273f8a445#0:OK-t2. Peer's state: 426e857f-dbb4-4c86-998f-375273f8a445@group-F47049CF8CE3:t2, leader=null, voted=dc5a192d-e9e0-46c7-8aee-58457d0752d8, raftlog=Memoized:426e857f-dbb4-4c86-998f-375273f8a445@group-F47049CF8CE3-SegmentedRaftLog:OPENED:c-1, conf=-1: peers:[dc5a192d-e9e0-46c7-8aee-58457d0752d8|rpc:10.1.0.111:39795|priority:1|startupRole:FOLLOWER, 426e857f-dbb4-4c86-998f-375273f8a445|rpc:10.1.0.111:32949|priority:0|startupRole:FOLLOWER, 9f3b593f-78c6-4294-9602-7cd55c8a4272|rpc:10.1.0.111:40339|priority:0|startupRole:FOLLOWER]|listeners:[], old=null
2022-11-08 11:40:48,698 [dc5a192d-e9e0-46c7-8aee-58457d0752d8@group-F47049CF8CE3-LeaderElection15] INFO  impl.LeaderElection (LeaderElection.java:logAndReturn(90)) - dc5a192d-e9e0-46c7-8aee-58457d0752d8@group-F47049CF8CE3-LeaderElection15: ELECTION PASSED received 1 response(s) and 0 exception(s):
2022-11-08 11:40:48,699 [dc5a192d-e9e0-46c7-8aee-58457d0752d8@group-F47049CF8CE3-LeaderElection15] INFO  impl.LeaderElection (LeaderElection.java:logAndReturn(94)) -   Response 0: dc5a192d-e9e0-46c7-8aee-58457d0752d8<-426e857f-dbb4-4c86-998f-375273f8a445#0:OK-t2
2022-11-08 11:40:48,699 [dc5a192d-e9e0-46c7-8aee-58457d0752d8@group-F47049CF8CE3-LeaderElection15] INFO  impl.LeaderElection (LeaderElection.java:askForVotes(314)) - dc5a192d-e9e0-46c7-8aee-58457d0752d8@group-F47049CF8CE3-LeaderElection15 ELECTION round 0: result PASSED
2022-11-08 11:40:48,699 [dc5a192d-e9e0-46c7-8aee-58457d0752d8@group-F47049CF8CE3-LeaderElection15] INFO  impl.RoleInfo (RoleInfo.java:shutdownLeaderElection(130)) - dc5a192d-e9e0-46c7-8aee-58457d0752d8: shutdown dc5a192d-e9e0-46c7-8aee-58457d0752d8@group-F47049CF8CE3-LeaderElection15
2022-11-08 11:40:48,699 [dc5a192d-e9e0-46c7-8aee-58457d0752d8@group-F47049CF8CE3-LeaderElection15] INFO  server.RaftServer$Division (RaftServerImpl.java:setRole(321)) - dc5a192d-e9e0-46c7-8aee-58457d0752d8@group-F47049CF8CE3: changes role from CANDIDATE to LEADER at term 2 for changeToLeader
2022-11-08 11:40:48,700 [dc5a192d-e9e0-46c7-8aee-58457d0752d8@group-F47049CF8CE3-LeaderElection15] INFO  ratis.XceiverServerRatis (XceiverServerRatis.java:handleLeaderChangedNotification(863)) - Leader change notification received for group: group-F47049CF8CE3 with new leaderId: dc5a192d-e9e0-46c7-8aee-58457d0752d8
2022-11-08 11:40:48,700 [grpc-default-executor-2] INFO  server.RaftServer$Division (RaftServerImpl.java:requestVote(1251)) - 9f3b593f-78c6-4294-9602-7cd55c8a4272@group-F47049CF8CE3 replies to ELECTION vote request: dc5a192d-e9e0-46c7-8aee-58457d0752d8<-9f3b593f-78c6-4294-9602-7cd55c8a4272#0:OK-t2. Peer's state: 9f3b593f-78c6-4294-9602-7cd55c8a4272@group-F47049CF8CE3:t2, leader=null, voted=dc5a192d-e9e0-46c7-8aee-58457d0752d8, raftlog=Memoized:9f3b593f-78c6-4294-9602-7cd55c8a4272@group-F47049CF8CE3-SegmentedRaftLog:OPENED:c-1, conf=-1: peers:[dc5a192d-e9e0-46c7-8aee-58457d0752d8|rpc:10.1.0.111:39795|priority:1|startupRole:FOLLOWER, 426e857f-dbb4-4c86-998f-375273f8a445|rpc:10.1.0.111:32949|priority:0|startupRole:FOLLOWER, 9f3b593f-78c6-4294-9602-7cd55c8a4272|rpc:10.1.0.111:40339|priority:0|startupRole:FOLLOWER]|listeners:[], old=null
2022-11-08 11:40:48,700 [dc5a192d-e9e0-46c7-8aee-58457d0752d8@group-F47049CF8CE3-LeaderElection15] INFO  server.RaftServer$Division (ServerState.java:setLeader(313)) - dc5a192d-e9e0-46c7-8aee-58457d0752d8@group-F47049CF8CE3: change Leader from null to dc5a192d-e9e0-46c7-8aee-58457d0752d8 at term 2 for becomeLeader, leader elected after 10396ms
2022-11-08 11:40:48,700 [dc5a192d-e9e0-46c7-8aee-58457d0752d8@group-F47049CF8CE3-LeaderElection15] INFO  server.RaftServerConfigKeys (ConfUtils.java:logGet(46)) - raft.server.staging.catchup.gap = 1000 (default)
2022-11-08 11:40:48,701 [dc5a192d-e9e0-46c7-8aee-58457d0752d8@group-F47049CF8CE3-LeaderElection15] INFO  server.RaftServerConfigKeys (ConfUtils.java:logGet(46)) - raft.server.write.element-limit = 1024 (custom)
2022-11-08 11:40:48,701 [dc5a192d-e9e0-46c7-8aee-58457d0752d8@group-F47049CF8CE3-LeaderElection15] INFO  server.RaftServerConfigKeys (ConfUtils.java:logGet(46)) - raft.server.write.byte-limit = 1024 M (=1073741824) (custom)
2022-11-08 11:40:48,701 [dc5a192d-e9e0-46c7-8aee-58457d0752d8@group-F47049CF8CE3-LeaderElection15] INFO  server.RaftServerConfigKeys (ConfUtils.java:logGet(46)) - raft.server.watch.timeout = 180s (custom)
2022-11-08 11:40:48,701 [dc5a192d-e9e0-46c7-8aee-58457d0752d8@group-F47049CF8CE3-LeaderElection15] INFO  server.RaftServerConfigKeys (ConfUtils.java:logGet(46)) - raft.server.watch.timeout.denomination = 1s (default)
2022-11-08 11:40:48,702 [dc5a192d-e9e0-46c7-8aee-58457d0752d8@group-F47049CF8CE3-LeaderElection15] INFO  server.RaftServerConfigKeys (ConfUtils.java:logGet(46)) - raft.server.watch.element-limit = 65536 (default)
2022-11-08 11:40:48,702 [dc5a192d-e9e0-46c7-8aee-58457d0752d8@group-F47049CF8CE3-LeaderElection15] INFO  server.RaftServerConfigKeys (ConfUtils.java:logGet(46)) - raft.server.write.element-limit = 1024 (custom)
2022-11-08 11:40:48,702 [dc5a192d-e9e0-46c7-8aee-58457d0752d8@group-F47049CF8CE3-LeaderElection15] INFO  server.RaftServerConfigKeys (ConfUtils.java:logGet(46)) - raft.server.write.follower.gap.ratio.max = -1.0 (default)
2022-11-08 11:40:48,703 [dc5a192d-e9e0-46c7-8aee-58457d0752d8@group-F47049CF8CE3-LeaderElection15] INFO  server.RaftServerConfigKeys (ConfUtils.java:logGet(46)) - raft.server.log.appender.snapshot.chunk.size.max = 16MB (=16777216) (default)
2022-11-08 11:40:48,703 [dc5a192d-e9e0-46c7-8aee-58457d0752d8@group-F47049CF8CE3-LeaderElection15] INFO  server.RaftServerConfigKeys (ConfUtils.java:logGet(46)) - raft.server.log.appender.buffer.byte-limit = 33554432 (custom)
2022-11-08 11:40:48,703 [dc5a192d-e9e0-46c7-8aee-58457d0752d8@group-F47049CF8CE3-LeaderElection15] INFO  server.RaftServerConfigKeys (ConfUtils.java:logGet(46)) - raft.server.log.appender.buffer.element-limit = 1 (custom)
2022-11-08 11:40:48,703 [dc5a192d-e9e0-46c7-8aee-58457d0752d8@group-F47049CF8CE3-LeaderElection15] INFO  grpc.GrpcConfigKeys (ConfUtils.java:logGet(46)) - raft.grpc.server.leader.outstanding.appends.max = 128 (default)
2022-11-08 11:40:48,704 [dc5a192d-e9e0-46c7-8aee-58457d0752d8@group-F47049CF8CE3-LeaderElection15] INFO  server.RaftServerConfigKeys (ConfUtils.java:logGet(46)) - raft.server.rpc.request.timeout = 60s (custom)
2022-11-08 11:40:48,704 [dc5a192d-e9e0-46c7-8aee-58457d0752d8@group-F47049CF8CE3-LeaderElection15] INFO  server.RaftServerConfigKeys (ConfUtils.java:logGet(46)) - raft.server.log.appender.install.snapshot.enabled = false (custom)
2022-11-08 11:40:48,704 [dc5a192d-e9e0-46c7-8aee-58457d0752d8@group-F47049CF8CE3-LeaderElection15] INFO  grpc.GrpcConfigKeys (ConfUtils.java:logGet(46)) - raft.grpc.server.heartbeat.channel = true (default)
2022-11-08 11:40:48,704 [dc5a192d-e9e0-46c7-8aee-58457d0752d8@group-F47049CF8CE3-LeaderElection15] INFO  server.RaftServerConfigKeys (ConfUtils.java:logGet(46)) - raft.server.log.appender.wait-time.min = 10ms (default)
2022-11-08 11:40:48,705 [dc5a192d-e9e0-46c7-8aee-58457d0752d8@group-F47049CF8CE3-LeaderElection15] INFO  server.RaftServerConfigKeys (ConfUtils.java:logGet(46)) - raft.server.log.appender.snapshot.chunk.size.max = 16MB (=16777216) (default)
2022-11-08 11:40:48,705 [dc5a192d-e9e0-46c7-8aee-58457d0752d8@group-F47049CF8CE3-LeaderElection15] INFO  server.RaftServerConfigKeys (ConfUtils.java:logGet(46)) - raft.server.log.appender.buffer.byte-limit = 33554432 (custom)
2022-11-08 11:40:48,705 [dc5a192d-e9e0-46c7-8aee-58457d0752d8@group-F47049CF8CE3-LeaderElection15] INFO  server.RaftServerConfigKeys (ConfUtils.java:logGet(46)) - raft.server.log.appender.buffer.element-limit = 1 (custom)
2022-11-08 11:40:48,705 [dc5a192d-e9e0-46c7-8aee-58457d0752d8@group-F47049CF8CE3-LeaderElection15] INFO  grpc.GrpcConfigKeys (ConfUtils.java:logGet(46)) - raft.grpc.server.leader.outstanding.appends.max = 128 (default)
2022-11-08 11:40:48,705 [dc5a192d-e9e0-46c7-8aee-58457d0752d8@group-F47049CF8CE3-LeaderElection15] INFO  server.RaftServerConfigKeys (ConfUtils.java:logGet(46)) - raft.server.rpc.request.timeout = 60s (custom)
2022-11-08 11:40:48,706 [dc5a192d-e9e0-46c7-8aee-58457d0752d8@group-F47049CF8CE3-LeaderElection15] INFO  server.RaftServerConfigKeys (ConfUtils.java:logGet(46)) - raft.server.log.appender.install.snapshot.enabled = false (custom)
2022-11-08 11:40:48,706 [dc5a192d-e9e0-46c7-8aee-58457d0752d8@group-F47049CF8CE3-LeaderElection15] INFO  grpc.GrpcConfigKeys (ConfUtils.java:logGet(46)) - raft.grpc.server.heartbeat.channel = true (default)
2022-11-08 11:40:48,706 [dc5a192d-e9e0-46c7-8aee-58457d0752d8@group-F47049CF8CE3-LeaderElection15] INFO  server.RaftServerConfigKeys (ConfUtils.java:logGet(46)) - raft.server.log.appender.wait-time.min = 10ms (default)
2022-11-08 11:40:48,706 [dc5a192d-e9e0-46c7-8aee-58457d0752d8@group-F47049CF8CE3-LeaderElection15] INFO  impl.RoleInfo (RoleInfo.java:updateAndGet(139)) - dc5a192d-e9e0-46c7-8aee-58457d0752d8: start dc5a192d-e9e0-46c7-8aee-58457d0752d8@group-F47049CF8CE3-LeaderStateImpl
2022-11-08 11:40:48,706 [dc5a192d-e9e0-46c7-8aee-58457d0752d8@group-F47049CF8CE3-LeaderElection15] INFO  segmented.SegmentedRaftLogWorker (SegmentedRaftLogWorker.java:startLogSegment(452)) - dc5a192d-e9e0-46c7-8aee-58457d0752d8@group-F47049CF8CE3-SegmentedRaftLogWorker: Starting segment from index:0
2022-11-08 11:40:48,708 [dc5a192d-e9e0-46c7-8aee-58457d0752d8@group-F47049CF8CE3-SegmentedRaftLogWorker] INFO  segmented.SegmentedRaftLogWorker (SegmentedRaftLogWorker.java:execute(656)) - dc5a192d-e9e0-46c7-8aee-58457d0752d8@group-F47049CF8CE3-SegmentedRaftLogWorker: created new log segment /home/runner/work/ozone/ozone/hadoop-ozone/integration-test/target/test-dir/MiniOzoneClusterImpl-c61d2d68-5505-4298-888d-dd71e22caacf/datanode-0/data/ratis/cc5c7c1f-499c-4037-8091-f47049cf8ce3/current/log_inprogress_0
2022-11-08 11:40:48,717 [EventQueue-PipelineReportForPipelineReportHandler] INFO  pipeline.PipelineManagerImpl (PipelineManagerImpl.java:openPipeline(367)) - Pipeline Pipeline[ Id: cc5c7c1f-499c-4037-8091-f47049cf8ce3, Nodes: dc5a192d-e9e0-46c7-8aee-58457d0752d8{ip: 10.1.0.111, host: fv-az573-890.uspngagyt4suddso0aj1djjezg.dx.internal.cloudapp.net, ports: [REPLICATION=43119, RATIS=39795, RATIS_ADMIN=39795, RATIS_SERVER=39795, STANDALONE=37577], networkLocation: /default-rack, certSerialId: null, persistedOpState: IN_SERVICE, persistedOpStateExpiryEpochSec: 0}9f3b593f-78c6-4294-9602-7cd55c8a4272{ip: 10.1.0.111, host: fv-az573-890.uspngagyt4suddso0aj1djjezg.dx.internal.cloudapp.net, ports: [REPLICATION=43727, RATIS=40339, RATIS_ADMIN=40339, RATIS_SERVER=40339, STANDALONE=34747], networkLocation: /default-rack, certSerialId: null, persistedOpState: IN_SERVICE, persistedOpStateExpiryEpochSec: 0}426e857f-dbb4-4c86-998f-375273f8a445{ip: 10.1.0.111, host: fv-az573-890.uspngagyt4suddso0aj1djjezg.dx.internal.cloudapp.net, ports: [REPLICATION=34141, RATIS=32949, RATIS_ADMIN=32949, RATIS_SERVER=32949, STANDALONE=46207], networkLocation: /default-rack, certSerialId: null, persistedOpState: IN_SERVICE, persistedOpStateExpiryEpochSec: 0}, ReplicationConfig: RATIS/THREE, State:ALLOCATED, leaderId:dc5a192d-e9e0-46c7-8aee-58457d0752d8, CreationTimestamp2022-11-08T11:40:35.302Z[Etc/UTC]] moved to OPEN state
2022-11-08 11:40:48,717 [dc5a192d-e9e0-46c7-8aee-58457d0752d8@group-F47049CF8CE3-LeaderElection15] INFO  server.RaftServer$Division (ServerState.java:setRaftConf(430)) - dc5a192d-e9e0-46c7-8aee-58457d0752d8@group-F47049CF8CE3: set configuration 0: peers:[dc5a192d-e9e0-46c7-8aee-58457d0752d8|rpc:10.1.0.111:39795|dataStream:|priority:1|startupRole:FOLLOWER, 426e857f-dbb4-4c86-998f-375273f8a445|rpc:10.1.0.111:32949|dataStream:|priority:0|startupRole:FOLLOWER, 9f3b593f-78c6-4294-9602-7cd55c8a4272|rpc:10.1.0.111:40339|dataStream:|priority:0|startupRole:FOLLOWER]|listeners:[], old=null
2022-11-08 11:40:48,738 [426e857f-dbb4-4c86-998f-375273f8a445-server-thread1] INFO  ratis.XceiverServerRatis (XceiverServerRatis.java:handleLeaderChangedNotification(863)) - Leader change notification received for group: group-F47049CF8CE3 with new leaderId: dc5a192d-e9e0-46c7-8aee-58457d0752d8
2022-11-08 11:40:48,738 [426e857f-dbb4-4c86-998f-375273f8a445-server-thread1] INFO  server.RaftServer$Division (ServerState.java:setLeader(313)) - 426e857f-dbb4-4c86-998f-375273f8a445@group-F47049CF8CE3: change Leader from null to dc5a192d-e9e0-46c7-8aee-58457d0752d8 at term 2 for appendEntries, leader elected after 10290ms
2022-11-08 11:40:48,753 [9f3b593f-78c6-4294-9602-7cd55c8a4272-server-thread1] INFO  ratis.XceiverServerRatis (XceiverServerRatis.java:handleLeaderChangedNotification(863)) - Leader change notification received for group: group-F47049CF8CE3 with new leaderId: dc5a192d-e9e0-46c7-8aee-58457d0752d8
2022-11-08 11:40:48,758 [9f3b593f-78c6-4294-9602-7cd55c8a4272-server-thread1] INFO  server.RaftServer$Division (ServerState.java:setLeader(313)) - 9f3b593f-78c6-4294-9602-7cd55c8a4272@group-F47049CF8CE3: change Leader from null to dc5a192d-e9e0-46c7-8aee-58457d0752d8 at term 2 for appendEntries, leader elected after 10394ms
2022-11-08 11:40:48,757 [Listener at 127.0.0.1/34491] INFO  pipeline.PipelineManagerImpl (PipelineManagerImpl.java:closePipeline(442)) - Pipeline Pipeline[ Id: caa2970a-548d-4ab4-baf2-4f49288e7373, Nodes: 426e857f-dbb4-4c86-998f-375273f8a445{ip: 10.1.0.111, host: fv-az573-890.uspngagyt4suddso0aj1djjezg.dx.internal.cloudapp.net, ports: [REPLICATION=34141, RATIS=32949, RATIS_ADMIN=32949, RATIS_SERVER=32949, STANDALONE=46207], networkLocation: /default-rack, certSerialId: null, persistedOpState: IN_SERVICE, persistedOpStateExpiryEpochSec: 0}9f3b593f-78c6-4294-9602-7cd55c8a4272{ip: 10.1.0.111, host: fv-az573-890.uspngagyt4suddso0aj1djjezg.dx.internal.cloudapp.net, ports: [REPLICATION=43727, RATIS=40339, RATIS_ADMIN=40339, RATIS_SERVER=40339, STANDALONE=34747], networkLocation: /default-rack, certSerialId: null, persistedOpState: IN_SERVICE, persistedOpStateExpiryEpochSec: 0}dc5a192d-e9e0-46c7-8aee-58457d0752d8{ip: 10.1.0.111, host: fv-az573-890.uspngagyt4suddso0aj1djjezg.dx.internal.cloudapp.net, ports: [REPLICATION=43119, RATIS=39795, RATIS_ADMIN=39795, RATIS_SERVER=39795, STANDALONE=37577], networkLocation: /default-rack, certSerialId: null, persistedOpState: IN_SERVICE, persistedOpStateExpiryEpochSec: 0}, ReplicationConfig: RATIS/THREE, State:OPEN, leaderId:426e857f-dbb4-4c86-998f-375273f8a445, CreationTimestamp2022-11-08T11:40:35.298Z[Etc/UTC]] moved to CLOSED state
2022-11-08 11:40:48,758 [426e857f-dbb4-4c86-998f-375273f8a445-server-thread2] INFO  server.RaftServer$Division (ServerState.java:setRaftConf(430)) - 426e857f-dbb4-4c86-998f-375273f8a445@group-F47049CF8CE3: set configuration 0: peers:[dc5a192d-e9e0-46c7-8aee-58457d0752d8|rpc:10.1.0.111:39795|dataStream:|priority:1|startupRole:FOLLOWER, 426e857f-dbb4-4c86-998f-375273f8a445|rpc:10.1.0.111:32949|dataStream:|priority:0|startupRole:FOLLOWER, 9f3b593f-78c6-4294-9602-7cd55c8a4272|rpc:10.1.0.111:40339|dataStream:|priority:0|startupRole:FOLLOWER]|listeners:[], old=null
2022-11-08 11:40:48,760 [426e857f-dbb4-4c86-998f-375273f8a445-server-thread2] INFO  segmented.SegmentedRaftLogWorker (SegmentedRaftLogWorker.java:startLogSegment(452)) - 426e857f-dbb4-4c86-998f-375273f8a445@group-F47049CF8CE3-SegmentedRaftLogWorker: Starting segment from index:0
2022-11-08 11:40:48,768 [Listener at 127.0.0.1/34491] INFO  pipeline.RatisPipelineProvider (RatisPipelineProvider.java:lambda$close$1(244)) - Send pipeline:PipelineID=caa2970a-548d-4ab4-baf2-4f49288e7373 close command to datanode 426e857f-dbb4-4c86-998f-375273f8a445
2022-11-08 11:40:48,768 [426e857f-dbb4-4c86-998f-375273f8a445@group-F47049CF8CE3-SegmentedRaftLogWorker] INFO  segmented.SegmentedRaftLogWorker (SegmentedRaftLogWorker.java:execute(656)) - 426e857f-dbb4-4c86-998f-375273f8a445@group-F47049CF8CE3-SegmentedRaftLogWorker: created new log segment /home/runner/work/ozone/ozone/hadoop-ozone/integration-test/target/test-dir/MiniOzoneClusterImpl-c61d2d68-5505-4298-888d-dd71e22caacf/datanode-1/data/ratis/cc5c7c1f-499c-4037-8091-f47049cf8ce3/current/log_inprogress_0
2022-11-08 11:40:48,770 [Listener at 127.0.0.1/34491] INFO  pipeline.RatisPipelineProvider (RatisPipelineProvider.java:lambda$close$1(244)) - Send pipeline:PipelineID=caa2970a-548d-4ab4-baf2-4f49288e7373 close command to datanode 9f3b593f-78c6-4294-9602-7cd55c8a4272
2022-11-08 11:40:48,768 [9f3b593f-78c6-4294-9602-7cd55c8a4272-server-thread2] INFO  server.RaftServer$Division (ServerState.java:setRaftConf(430)) - 9f3b593f-78c6-4294-9602-7cd55c8a4272@group-F47049CF8CE3: set configuration 0: peers:[dc5a192d-e9e0-46c7-8aee-58457d0752d8|rpc:10.1.0.111:39795|dataStream:|priority:1|startupRole:FOLLOWER, 426e857f-dbb4-4c86-998f-375273f8a445|rpc:10.1.0.111:32949|dataStream:|priority:0|startupRole:FOLLOWER, 9f3b593f-78c6-4294-9602-7cd55c8a4272|rpc:10.1.0.111:40339|dataStream:|priority:0|startupRole:FOLLOWER]|listeners:[], old=null
2022-11-08 11:40:48,770 [9f3b593f-78c6-4294-9602-7cd55c8a4272-server-thread2] INFO  segmented.SegmentedRaftLogWorker (SegmentedRaftLogWorker.java:startLogSegment(452)) - 9f3b593f-78c6-4294-9602-7cd55c8a4272@group-F47049CF8CE3-SegmentedRaftLogWorker: Starting segment from index:0
2022-11-08 11:40:48,770 [Listener at 127.0.0.1/34491] INFO  pipeline.RatisPipelineProvider (RatisPipelineProvider.java:lambda$close$1(244)) - Send pipeline:PipelineID=caa2970a-548d-4ab4-baf2-4f49288e7373 close command to datanode dc5a192d-e9e0-46c7-8aee-58457d0752d8
2022-11-08 11:40:48,772 [9f3b593f-78c6-4294-9602-7cd55c8a4272@group-F47049CF8CE3-SegmentedRaftLogWorker] INFO  segmented.SegmentedRaftLogWorker (SegmentedRaftLogWorker.java:execute(656)) - 9f3b593f-78c6-4294-9602-7cd55c8a4272@group-F47049CF8CE3-SegmentedRaftLogWorker: created new log segment /home/runner/work/ozone/ozone/hadoop-ozone/integration-test/target/test-dir/MiniOzoneClusterImpl-c61d2d68-5505-4298-888d-dd71e22caacf/datanode-2/data/ratis/cc5c7c1f-499c-4037-8091-f47049cf8ce3/current/log_inprogress_0
2022-11-08 11:40:48,776 [Listener at 127.0.0.1/34491] INFO  pipeline.PipelineStateManagerImpl (PipelineStateManagerImpl.java:removePipeline(245)) - Pipeline Pipeline[ Id: caa2970a-548d-4ab4-baf2-4f49288e7373, Nodes: 426e857f-dbb4-4c86-998f-375273f8a445{ip: 10.1.0.111, host: fv-az573-890.uspngagyt4suddso0aj1djjezg.dx.internal.cloudapp.net, ports: [REPLICATION=34141, RATIS=32949, RATIS_ADMIN=32949, RATIS_SERVER=32949, STANDALONE=46207], networkLocation: /default-rack, certSerialId: null, persistedOpState: IN_SERVICE, persistedOpStateExpiryEpochSec: 0}9f3b593f-78c6-4294-9602-7cd55c8a4272{ip: 10.1.0.111, host: fv-az573-890.uspngagyt4suddso0aj1djjezg.dx.internal.cloudapp.net, ports: [REPLICATION=43727, RATIS=40339, RATIS_ADMIN=40339, RATIS_SERVER=40339, STANDALONE=34747], networkLocation: /default-rack, certSerialId: null, persistedOpState: IN_SERVICE, persistedOpStateExpiryEpochSec: 0}dc5a192d-e9e0-46c7-8aee-58457d0752d8{ip: 10.1.0.111, host: fv-az573-890.uspngagyt4suddso0aj1djjezg.dx.internal.cloudapp.net, ports: [REPLICATION=43119, RATIS=39795, RATIS_ADMIN=39795, RATIS_SERVER=39795, STANDALONE=37577], networkLocation: /default-rack, certSerialId: null, persistedOpState: IN_SERVICE, persistedOpStateExpiryEpochSec: 0}, ReplicationConfig: RATIS/THREE, State:CLOSED, leaderId:426e857f-dbb4-4c86-998f-375273f8a445, CreationTimestamp2022-11-08T11:40:35.298Z[Etc/UTC]] removed.
2022-11-08 11:40:48,777 [Listener at 127.0.0.1/34491] INFO  pipeline.PipelineManagerImpl (PipelineManagerImpl.java:closePipeline(442)) - Pipeline Pipeline[ Id: cc5c7c1f-499c-4037-8091-f47049cf8ce3, Nodes: dc5a192d-e9e0-46c7-8aee-58457d0752d8{ip: 10.1.0.111, host: fv-az573-890.uspngagyt4suddso0aj1djjezg.dx.internal.cloudapp.net, ports: [REPLICATION=43119, RATIS=39795, RATIS_ADMIN=39795, RATIS_SERVER=39795, STANDALONE=37577], networkLocation: /default-rack, certSerialId: null, persistedOpState: IN_SERVICE, persistedOpStateExpiryEpochSec: 0}9f3b593f-78c6-4294-9602-7cd55c8a4272{ip: 10.1.0.111, host: fv-az573-890.uspngagyt4suddso0aj1djjezg.dx.internal.cloudapp.net, ports: [REPLICATION=43727, RATIS=40339, RATIS_ADMIN=40339, RATIS_SERVER=40339, STANDALONE=34747], networkLocation: /default-rack, certSerialId: null, persistedOpState: IN_SERVICE, persistedOpStateExpiryEpochSec: 0}426e857f-dbb4-4c86-998f-375273f8a445{ip: 10.1.0.111, host: fv-az573-890.uspngagyt4suddso0aj1djjezg.dx.internal.cloudapp.net, ports: [REPLICATION=34141, RATIS=32949, RATIS_ADMIN=32949, RATIS_SERVER=32949, STANDALONE=46207], networkLocation: /default-rack, certSerialId: null, persistedOpState: IN_SERVICE, persistedOpStateExpiryEpochSec: 0}, ReplicationConfig: RATIS/THREE, State:OPEN, leaderId:dc5a192d-e9e0-46c7-8aee-58457d0752d8, CreationTimestamp2022-11-08T11:40:35.302Z[Etc/UTC]] moved to CLOSED state
2022-11-08 11:40:48,777 [Listener at 127.0.0.1/34491] INFO  pipeline.RatisPipelineProvider (RatisPipelineProvider.java:lambda$close$1(244)) - Send pipeline:PipelineID=cc5c7c1f-499c-4037-8091-f47049cf8ce3 close command to datanode dc5a192d-e9e0-46c7-8aee-58457d0752d8
2022-11-08 11:40:48,777 [Listener at 127.0.0.1/34491] INFO  pipeline.RatisPipelineProvider (RatisPipelineProvider.java:lambda$close$1(244)) - Send pipeline:PipelineID=cc5c7c1f-499c-4037-8091-f47049cf8ce3 close command to datanode 9f3b593f-78c6-4294-9602-7cd55c8a4272
2022-11-08 11:40:48,779 [Listener at 127.0.0.1/34491] INFO  pipeline.RatisPipelineProvider (RatisPipelineProvider.java:lambda$close$1(244)) - Send pipeline:PipelineID=cc5c7c1f-499c-4037-8091-f47049cf8ce3 close command to datanode 426e857f-dbb4-4c86-998f-375273f8a445
2022-11-08 11:40:48,779 [Listener at 127.0.0.1/34491] INFO  pipeline.PipelineStateManagerImpl (PipelineStateManagerImpl.java:removePipeline(245)) - Pipeline Pipeline[ Id: cc5c7c1f-499c-4037-8091-f47049cf8ce3, Nodes: dc5a192d-e9e0-46c7-8aee-58457d0752d8{ip: 10.1.0.111, host: fv-az573-890.uspngagyt4suddso0aj1djjezg.dx.internal.cloudapp.net, ports: [REPLICATION=43119, RATIS=39795, RATIS_ADMIN=39795, RATIS_SERVER=39795, STANDALONE=37577], networkLocation: /default-rack, certSerialId: null, persistedOpState: IN_SERVICE, persistedOpStateExpiryEpochSec: 0}9f3b593f-78c6-4294-9602-7cd55c8a4272{ip: 10.1.0.111, host: fv-az573-890.uspngagyt4suddso0aj1djjezg.dx.internal.cloudapp.net, ports: [REPLICATION=43727, RATIS=40339, RATIS_ADMIN=40339, RATIS_SERVER=40339, STANDALONE=34747], networkLocation: /default-rack, certSerialId: null, persistedOpState: IN_SERVICE, persistedOpStateExpiryEpochSec: 0}426e857f-dbb4-4c86-998f-375273f8a445{ip: 10.1.0.111, host: fv-az573-890.uspngagyt4suddso0aj1djjezg.dx.internal.cloudapp.net, ports: [REPLICATION=34141, RATIS=32949, RATIS_ADMIN=32949, RATIS_SERVER=32949, STANDALONE=46207], networkLocation: /default-rack, certSerialId: null, persistedOpState: IN_SERVICE, persistedOpStateExpiryEpochSec: 0}, ReplicationConfig: RATIS/THREE, State:CLOSED, leaderId:dc5a192d-e9e0-46c7-8aee-58457d0752d8, CreationTimestamp2022-11-08T11:40:35.302Z[Etc/UTC]] removed.
2022-11-08 11:40:48,986 [8949e68c-e95d-4b98-a083-33911916c13e@group-C9CEE55CC8A6-FollowerState] INFO  impl.FollowerState (FollowerState.java:run(143)) - 8949e68c-e95d-4b98-a083-33911916c13e@group-C9CEE55CC8A6-FollowerState: change to CANDIDATE, lastRpcElapsedTime:5066505467ns, electionTimeout:5066ms
2022-11-08 11:40:48,986 [8949e68c-e95d-4b98-a083-33911916c13e@group-C9CEE55CC8A6-FollowerState] INFO  impl.RoleInfo (RoleInfo.java:shutdownFollowerState(110)) - 8949e68c-e95d-4b98-a083-33911916c13e: shutdown 8949e68c-e95d-4b98-a083-33911916c13e@group-C9CEE55CC8A6-FollowerState
2022-11-08 11:40:48,986 [8949e68c-e95d-4b98-a083-33911916c13e@group-C9CEE55CC8A6-FollowerState] INFO  server.RaftServer$Division (RaftServerImpl.java:setRole(321)) - 8949e68c-e95d-4b98-a083-33911916c13e@group-C9CEE55CC8A6: changes role from  FOLLOWER to CANDIDATE at term 1 for changeToCandidate
2022-11-08 11:40:48,986 [8949e68c-e95d-4b98-a083-33911916c13e@group-C9CEE55CC8A6-FollowerState] INFO  server.RaftServerConfigKeys (ConfUtils.java:logGet(46)) - raft.server.leaderelection.pre-vote = false (custom)
2022-11-08 11:40:48,986 [8949e68c-e95d-4b98-a083-33911916c13e@group-C9CEE55CC8A6-FollowerState] INFO  impl.RoleInfo (RoleInfo.java:updateAndGet(139)) - 8949e68c-e95d-4b98-a083-33911916c13e: start 8949e68c-e95d-4b98-a083-33911916c13e@group-C9CEE55CC8A6-LeaderElection16
2022-11-08 11:40:48,989 [8949e68c-e95d-4b98-a083-33911916c13e@group-C9CEE55CC8A6-LeaderElection16] INFO  impl.LeaderElection (LeaderElection.java:askForVotes(312)) - 8949e68c-e95d-4b98-a083-33911916c13e@group-C9CEE55CC8A6-LeaderElection16 ELECTION round 0: submit vote requests at term 2 for -1: peers:[8949e68c-e95d-4b98-a083-33911916c13e|rpc:10.1.0.111:39377|dataStream:|priority:0|startupRole:FOLLOWER, d94fe112-7331-4555-8545-ea5a46cf3e05|rpc:10.1.0.111:45971|dataStream:|priority:0|startupRole:FOLLOWER, b82692f7-3e6b-41da-8c72-517365e0a845|rpc:10.1.0.111:44405|dataStream:|priority:1|startupRole:FOLLOWER]|listeners:[], old=null
2022-11-08 11:40:48,989 [8949e68c-e95d-4b98-a083-33911916c13e@group-C9CEE55CC8A6-LeaderElection16] INFO  server.RaftServerConfigKeys (ConfUtils.java:logFallback(53)) - raft.server.rpc.first-election.timeout.min = 5s (fallback to raft.server.rpc.timeout.min)
2022-11-08 11:40:48,989 [8949e68c-e95d-4b98-a083-33911916c13e@group-C9CEE55CC8A6-LeaderElection16] INFO  server.RaftServerConfigKeys (ConfUtils.java:logFallback(53)) - raft.server.rpc.first-election.timeout.max = 5200ms (fallback to raft.server.rpc.timeout.max)
2022-11-08 11:40:48,989 [8949e68c-e95d-4b98-a083-33911916c13e@group-C9CEE55CC8A6-LeaderElection16-1] INFO  server.GrpcServerProtocolClient (GrpcServerProtocolClient.java:<init>(63)) - Build channel for d94fe112-7331-4555-8545-ea5a46cf3e05
2022-11-08 11:40:48,989 [8949e68c-e95d-4b98-a083-33911916c13e@group-C9CEE55CC8A6-LeaderElection16-2] INFO  server.GrpcServerProtocolClient (GrpcServerProtocolClient.java:<init>(63)) - Build channel for b82692f7-3e6b-41da-8c72-517365e0a845
2022-11-08 11:40:49,008 [grpc-default-executor-3] INFO  server.RaftServer$Division (RaftServerImpl.java:requestVote(1218)) - d94fe112-7331-4555-8545-ea5a46cf3e05@group-C9CEE55CC8A6: receive requestVote(ELECTION, 8949e68c-e95d-4b98-a083-33911916c13e, group-C9CEE55CC8A6, 2, (t:0, i:0))
2022-11-08 11:40:49,008 [grpc-default-executor-3] INFO  impl.VoteContext (VoteContext.java:log(48)) - d94fe112-7331-4555-8545-ea5a46cf3e05@group-C9CEE55CC8A6-FOLLOWER: accept ELECTION from 8949e68c-e95d-4b98-a083-33911916c13e: our priority 0 <= candidate's priority 0
2022-11-08 11:40:49,009 [grpc-default-executor-3] INFO  server.RaftServer$Division (RaftServerImpl.java:setRole(321)) - d94fe112-7331-4555-8545-ea5a46cf3e05@group-C9CEE55CC8A6: changes role from  FOLLOWER to FOLLOWER at term 2 for candidate:8949e68c-e95d-4b98-a083-33911916c13e
2022-11-08 11:40:49,009 [grpc-default-executor-3] INFO  impl.RoleInfo (RoleInfo.java:shutdownFollowerState(110)) - d94fe112-7331-4555-8545-ea5a46cf3e05: shutdown d94fe112-7331-4555-8545-ea5a46cf3e05@group-C9CEE55CC8A6-FollowerState
2022-11-08 11:40:49,009 [grpc-default-executor-3] INFO  impl.RoleInfo (RoleInfo.java:updateAndGet(139)) - d94fe112-7331-4555-8545-ea5a46cf3e05: start d94fe112-7331-4555-8545-ea5a46cf3e05@group-C9CEE55CC8A6-FollowerState
2022-11-08 11:40:49,009 [d94fe112-7331-4555-8545-ea5a46cf3e05@group-C9CEE55CC8A6-FollowerState] INFO  impl.FollowerState (FollowerState.java:run(152)) - d94fe112-7331-4555-8545-ea5a46cf3e05@group-C9CEE55CC8A6-FollowerState was interrupted
2022-11-08 11:40:49,009 [grpc-default-executor-2] INFO  server.RaftServer$Division (RaftServerImpl.java:requestVote(1218)) - b82692f7-3e6b-41da-8c72-517365e0a845@group-C9CEE55CC8A6: receive requestVote(ELECTION, 8949e68c-e95d-4b98-a083-33911916c13e, group-C9CEE55CC8A6, 2, (t:0, i:0))
2022-11-08 11:40:49,010 [grpc-default-executor-2] INFO  impl.VoteContext (VoteContext.java:log(48)) - b82692f7-3e6b-41da-8c72-517365e0a845@group-C9CEE55CC8A6-FOLLOWER: reject ELECTION from 8949e68c-e95d-4b98-a083-33911916c13e: our priority 1 > candidate's priority 0
2022-11-08 11:40:49,010 [grpc-default-executor-2] INFO  server.RaftServer$Division (RaftServerImpl.java:setRole(321)) - b82692f7-3e6b-41da-8c72-517365e0a845@group-C9CEE55CC8A6: changes role from  FOLLOWER to FOLLOWER at term 2 for candidate:8949e68c-e95d-4b98-a083-33911916c13e
2022-11-08 11:40:49,010 [grpc-default-executor-2] INFO  impl.RoleInfo (RoleInfo.java:shutdownFollowerState(110)) - b82692f7-3e6b-41da-8c72-517365e0a845: shutdown b82692f7-3e6b-41da-8c72-517365e0a845@group-C9CEE55CC8A6-FollowerState
2022-11-08 11:40:49,010 [grpc-default-executor-2] INFO  impl.RoleInfo (RoleInfo.java:updateAndGet(139)) - b82692f7-3e6b-41da-8c72-517365e0a845: start b82692f7-3e6b-41da-8c72-517365e0a845@group-C9CEE55CC8A6-FollowerState
2022-11-08 11:40:49,010 [b82692f7-3e6b-41da-8c72-517365e0a845@group-C9CEE55CC8A6-FollowerState] INFO  impl.FollowerState (FollowerState.java:run(152)) - b82692f7-3e6b-41da-8c72-517365e0a845@group-C9CEE55CC8A6-FollowerState was interrupted
2022-11-08 11:40:49,010 [d94fe112-7331-4555-8545-ea5a46cf3e05@group-C9CEE55CC8A6-FollowerState] INFO  server.RaftServerConfigKeys (ConfUtils.java:logFallback(53)) - raft.server.rpc.first-election.timeout.min = 5s (fallback to raft.server.rpc.timeout.min)
2022-11-08 11:40:49,010 [d94fe112-7331-4555-8545-ea5a46cf3e05@group-C9CEE55CC8A6-FollowerState] INFO  server.RaftServerConfigKeys (ConfUtils.java:logFallback(53)) - raft.server.rpc.first-election.timeout.max = 5200ms (fallback to raft.server.rpc.timeout.max)
2022-11-08 11:40:49,010 [b82692f7-3e6b-41da-8c72-517365e0a845@group-C9CEE55CC8A6-FollowerState] INFO  server.RaftServerConfigKeys (ConfUtils.java:logFallback(53)) - raft.server.rpc.first-election.timeout.min = 5s (fallback to raft.server.rpc.timeout.min)
2022-11-08 11:40:49,011 [grpc-default-executor-3] INFO  server.RaftServer$Division (RaftServerImpl.java:requestVote(1251)) - d94fe112-7331-4555-8545-ea5a46cf3e05@group-C9CEE55CC8A6 replies to ELECTION vote request: 8949e68c-e95d-4b98-a083-33911916c13e<-d94fe112-7331-4555-8545-ea5a46cf3e05#0:OK-t2. Peer's state: d94fe112-7331-4555-8545-ea5a46cf3e05@group-C9CEE55CC8A6:t2, leader=null, voted=8949e68c-e95d-4b98-a083-33911916c13e, raftlog=Memoized:d94fe112-7331-4555-8545-ea5a46cf3e05@group-C9CEE55CC8A6-SegmentedRaftLog:OPENED:c-1, conf=-1: peers:[8949e68c-e95d-4b98-a083-33911916c13e|rpc:10.1.0.111:39377|dataStream:|priority:0|startupRole:FOLLOWER, d94fe112-7331-4555-8545-ea5a46cf3e05|rpc:10.1.0.111:45971|dataStream:|priority:0|startupRole:FOLLOWER, b82692f7-3e6b-41da-8c72-517365e0a845|rpc:10.1.0.111:44405|dataStream:|priority:1|startupRole:FOLLOWER]|listeners:[], old=null
2022-11-08 11:40:49,011 [b82692f7-3e6b-41da-8c72-517365e0a845@group-C9CEE55CC8A6-FollowerState] INFO  server.RaftServerConfigKeys (ConfUtils.java:logFallback(53)) - raft.server.rpc.first-election.timeout.max = 5200ms (fallback to raft.server.rpc.timeout.max)
2022-11-08 11:40:49,012 [grpc-default-executor-2] INFO  server.RaftServer$Division (RaftServerImpl.java:requestVote(1251)) - b82692f7-3e6b-41da-8c72-517365e0a845@group-C9CEE55CC8A6 replies to ELECTION vote request: 8949e68c-e95d-4b98-a083-33911916c13e<-b82692f7-3e6b-41da-8c72-517365e0a845#0:FAIL-t2. Peer's state: b82692f7-3e6b-41da-8c72-517365e0a845@group-C9CEE55CC8A6:t2, leader=null, voted=null, raftlog=Memoized:b82692f7-3e6b-41da-8c72-517365e0a845@group-C9CEE55CC8A6-SegmentedRaftLog:OPENED:c-1, conf=-1: peers:[8949e68c-e95d-4b98-a083-33911916c13e|rpc:10.1.0.111:39377|priority:0|startupRole:FOLLOWER, d94fe112-7331-4555-8545-ea5a46cf3e05|rpc:10.1.0.111:45971|priority:0|startupRole:FOLLOWER, b82692f7-3e6b-41da-8c72-517365e0a845|rpc:10.1.0.111:44405|priority:1|startupRole:FOLLOWER]|listeners:[], old=null
2022-11-08 11:40:49,015 [8949e68c-e95d-4b98-a083-33911916c13e@group-C9CEE55CC8A6-LeaderElection16] INFO  impl.LeaderElection (LeaderElection.java:logAndReturn(90)) - 8949e68c-e95d-4b98-a083-33911916c13e@group-C9CEE55CC8A6-LeaderElection16: ELECTION REJECTED received 1 response(s) and 0 exception(s):
2022-11-08 11:40:49,015 [8949e68c-e95d-4b98-a083-33911916c13e@group-C9CEE55CC8A6-LeaderElection16] INFO  impl.LeaderElection (LeaderElection.java:logAndReturn(94)) -   Response 0: 8949e68c-e95d-4b98-a083-33911916c13e<-b82692f7-3e6b-41da-8c72-517365e0a845#0:FAIL-t2
2022-11-08 11:40:49,015 [8949e68c-e95d-4b98-a083-33911916c13e@group-C9CEE55CC8A6-LeaderElection16] INFO  impl.LeaderElection (LeaderElection.java:askForVotes(314)) - 8949e68c-e95d-4b98-a083-33911916c13e@group-C9CEE55CC8A6-LeaderElection16 ELECTION round 0: result REJECTED
2022-11-08 11:40:49,015 [8949e68c-e95d-4b98-a083-33911916c13e@group-C9CEE55CC8A6-LeaderElection16] INFO  server.RaftServer$Division (RaftServerImpl.java:setRole(321)) - 8949e68c-e95d-4b98-a083-33911916c13e@group-C9CEE55CC8A6: changes role from CANDIDATE to FOLLOWER at term 2 for REJECTED
2022-11-08 11:40:49,015 [8949e68c-e95d-4b98-a083-33911916c13e@group-C9CEE55CC8A6-LeaderElection16] INFO  impl.RoleInfo (RoleInfo.java:shutdownLeaderElection(130)) - 8949e68c-e95d-4b98-a083-33911916c13e: shutdown 8949e68c-e95d-4b98-a083-33911916c13e@group-C9CEE55CC8A6-LeaderElection16
2022-11-08 11:40:49,015 [8949e68c-e95d-4b98-a083-33911916c13e@group-C9CEE55CC8A6-LeaderElection16] INFO  impl.RoleInfo (RoleInfo.java:updateAndGet(139)) - 8949e68c-e95d-4b98-a083-33911916c13e: start 8949e68c-e95d-4b98-a083-33911916c13e@group-C9CEE55CC8A6-FollowerState
2022-11-08 11:40:49,019 [8949e68c-e95d-4b98-a083-33911916c13e@group-C9CEE55CC8A6-FollowerState] INFO  server.RaftServerConfigKeys (ConfUtils.java:logFallback(53)) - raft.server.rpc.first-election.timeout.min = 5s (fallback to raft.server.rpc.timeout.min)
2022-11-08 11:40:49,019 [8949e68c-e95d-4b98-a083-33911916c13e@group-C9CEE55CC8A6-FollowerState] INFO  server.RaftServerConfigKeys (ConfUtils.java:logFallback(53)) - raft.server.rpc.first-election.timeout.max = 5200ms (fallback to raft.server.rpc.timeout.max)
2022-11-08 11:40:49,047 [8949e68c-e95d-4b98-a083-33911916c13e@group-0DB537A3E006-FollowerState] INFO  impl.FollowerState (FollowerState.java:run(143)) - 8949e68c-e95d-4b98-a083-33911916c13e@group-0DB537A3E006-FollowerState: change to CANDIDATE, lastRpcElapsedTime:5070295313ns, electionTimeout:5058ms
2022-11-08 11:40:49,048 [8949e68c-e95d-4b98-a083-33911916c13e@group-0DB537A3E006-FollowerState] INFO  impl.RoleInfo (RoleInfo.java:shutdownFollowerState(110)) - 8949e68c-e95d-4b98-a083-33911916c13e: shutdown 8949e68c-e95d-4b98-a083-33911916c13e@group-0DB537A3E006-FollowerState
2022-11-08 11:40:49,048 [8949e68c-e95d-4b98-a083-33911916c13e@group-0DB537A3E006-FollowerState] INFO  server.RaftServer$Division (RaftServerImpl.java:setRole(321)) - 8949e68c-e95d-4b98-a083-33911916c13e@group-0DB537A3E006: changes role from  FOLLOWER to CANDIDATE at term 1 for changeToCandidate
2022-11-08 11:40:49,048 [8949e68c-e95d-4b98-a083-33911916c13e@group-0DB537A3E006-FollowerState] INFO  server.RaftServerConfigKeys (ConfUtils.java:logGet(46)) - raft.server.leaderelection.pre-vote = false (custom)
2022-11-08 11:40:49,048 [8949e68c-e95d-4b98-a083-33911916c13e@group-0DB537A3E006-FollowerState] INFO  impl.RoleInfo (RoleInfo.java:updateAndGet(139)) - 8949e68c-e95d-4b98-a083-33911916c13e: start 8949e68c-e95d-4b98-a083-33911916c13e@group-0DB537A3E006-LeaderElection17
2022-11-08 11:40:49,051 [8949e68c-e95d-4b98-a083-33911916c13e@group-0DB537A3E006-LeaderElection17] INFO  impl.LeaderElection (LeaderElection.java:askForVotes(312)) - 8949e68c-e95d-4b98-a083-33911916c13e@group-0DB537A3E006-LeaderElection17 ELECTION round 0: submit vote requests at term 2 for -1: peers:[8949e68c-e95d-4b98-a083-33911916c13e|rpc:10.1.0.111:39377|dataStream:|priority:1|startupRole:FOLLOWER, d94fe112-7331-4555-8545-ea5a46cf3e05|rpc:10.1.0.111:45971|dataStream:|priority:0|startupRole:FOLLOWER, b82692f7-3e6b-41da-8c72-517365e0a845|rpc:10.1.0.111:44405|dataStream:|priority:0|startupRole:FOLLOWER]|listeners:[], old=null
2022-11-08 11:40:49,054 [8949e68c-e95d-4b98-a083-33911916c13e@group-0DB537A3E006-LeaderElection17] INFO  server.RaftServerConfigKeys (ConfUtils.java:logFallback(53)) - raft.server.rpc.first-election.timeout.min = 5s (fallback to raft.server.rpc.timeout.min)
2022-11-08 11:40:49,054 [8949e68c-e95d-4b98-a083-33911916c13e@group-0DB537A3E006-LeaderElection17] INFO  server.RaftServerConfigKeys (ConfUtils.java:logFallback(53)) - raft.server.rpc.first-election.timeout.max = 5200ms (fallback to raft.server.rpc.timeout.max)
2022-11-08 11:40:49,057 [grpc-default-executor-2] INFO  server.RaftServer$Division (RaftServerImpl.java:requestVote(1218)) - d94fe112-7331-4555-8545-ea5a46cf3e05@group-0DB537A3E006: receive requestVote(ELECTION, 8949e68c-e95d-4b98-a083-33911916c13e, group-0DB537A3E006, 2, (t:0, i:0))
2022-11-08 11:40:49,057 [grpc-default-executor-2] INFO  impl.VoteContext (VoteContext.java:log(48)) - d94fe112-7331-4555-8545-ea5a46cf3e05@group-0DB537A3E006-FOLLOWER: accept ELECTION from 8949e68c-e95d-4b98-a083-33911916c13e: our priority 0 <= candidate's priority 1
2022-11-08 11:40:49,057 [grpc-default-executor-2] INFO  server.RaftServer$Division (RaftServerImpl.java:setRole(321)) - d94fe112-7331-4555-8545-ea5a46cf3e05@group-0DB537A3E006: changes role from  FOLLOWER to FOLLOWER at term 2 for candidate:8949e68c-e95d-4b98-a083-33911916c13e
2022-11-08 11:40:49,057 [grpc-default-executor-2] INFO  impl.RoleInfo (RoleInfo.java:shutdownFollowerState(110)) - d94fe112-7331-4555-8545-ea5a46cf3e05: shutdown d94fe112-7331-4555-8545-ea5a46cf3e05@group-0DB537A3E006-FollowerState
2022-11-08 11:40:49,057 [grpc-default-executor-2] INFO  impl.RoleInfo (RoleInfo.java:updateAndGet(139)) - d94fe112-7331-4555-8545-ea5a46cf3e05: start d94fe112-7331-4555-8545-ea5a46cf3e05@group-0DB537A3E006-FollowerState
2022-11-08 11:40:49,057 [d94fe112-7331-4555-8545-ea5a46cf3e05@group-0DB537A3E006-FollowerState] INFO  impl.FollowerState (FollowerState.java:run(152)) - d94fe112-7331-4555-8545-ea5a46cf3e05@group-0DB537A3E006-FollowerState was interrupted
2022-11-08 11:40:49,058 [d94fe112-7331-4555-8545-ea5a46cf3e05@group-0DB537A3E006-FollowerState] INFO  server.RaftServerConfigKeys (ConfUtils.java:logFallback(53)) - raft.server.rpc.first-election.timeout.min = 5s (fallback to raft.server.rpc.timeout.min)
2022-11-08 11:40:49,059 [d94fe112-7331-4555-8545-ea5a46cf3e05@group-0DB537A3E006-FollowerState] INFO  server.RaftServerConfigKeys (ConfUtils.java:logFallback(53)) - raft.server.rpc.first-election.timeout.max = 5200ms (fallback to raft.server.rpc.timeout.max)
2022-11-08 11:40:49,059 [grpc-default-executor-2] INFO  server.RaftServer$Division (RaftServerImpl.java:requestVote(1251)) - d94fe112-7331-4555-8545-ea5a46cf3e05@group-0DB537A3E006 replies to ELECTION vote request: 8949e68c-e95d-4b98-a083-33911916c13e<-d94fe112-7331-4555-8545-ea5a46cf3e05#0:OK-t2. Peer's state: d94fe112-7331-4555-8545-ea5a46cf3e05@group-0DB537A3E006:t2, leader=null, voted=8949e68c-e95d-4b98-a083-33911916c13e, raftlog=Memoized:d94fe112-7331-4555-8545-ea5a46cf3e05@group-0DB537A3E006-SegmentedRaftLog:OPENED:c-1, conf=-1: peers:[8949e68c-e95d-4b98-a083-33911916c13e|rpc:10.1.0.111:39377|dataStream:|priority:1|startupRole:FOLLOWER, d94fe112-7331-4555-8545-ea5a46cf3e05|rpc:10.1.0.111:45971|dataStream:|priority:0|startupRole:FOLLOWER, b82692f7-3e6b-41da-8c72-517365e0a845|rpc:10.1.0.111:44405|dataStream:|priority:0|startupRole:FOLLOWER]|listeners:[], old=null
2022-11-08 11:40:49,062 [8949e68c-e95d-4b98-a083-33911916c13e@group-0DB537A3E006-LeaderElection17] INFO  impl.LeaderElection (LeaderElection.java:logAndReturn(90)) - 8949e68c-e95d-4b98-a083-33911916c13e@group-0DB537A3E006-LeaderElection17: ELECTION PASSED received 1 response(s) and 0 exception(s):
2022-11-08 11:40:49,062 [8949e68c-e95d-4b98-a083-33911916c13e@group-0DB537A3E006-LeaderElection17] INFO  impl.LeaderElection (LeaderElection.java:logAndReturn(94)) -   Response 0: 8949e68c-e95d-4b98-a083-33911916c13e<-d94fe112-7331-4555-8545-ea5a46cf3e05#0:OK-t2
2022-11-08 11:40:49,062 [8949e68c-e95d-4b98-a083-33911916c13e@group-0DB537A3E006-LeaderElection17] INFO  impl.LeaderElection (LeaderElection.java:askForVotes(314)) - 8949e68c-e95d-4b98-a083-33911916c13e@group-0DB537A3E006-LeaderElection17 ELECTION round 0: result PASSED
2022-11-08 11:40:49,063 [8949e68c-e95d-4b98-a083-33911916c13e@group-0DB537A3E006-LeaderElection17] INFO  impl.RoleInfo (RoleInfo.java:shutdownLeaderElection(130)) - 8949e68c-e95d-4b98-a083-33911916c13e: shutdown 8949e68c-e95d-4b98-a083-33911916c13e@group-0DB537A3E006-LeaderElection17
2022-11-08 11:40:49,063 [8949e68c-e95d-4b98-a083-33911916c13e@group-0DB537A3E006-LeaderElection17] INFO  server.RaftServer$Division (RaftServerImpl.java:setRole(321)) - 8949e68c-e95d-4b98-a083-33911916c13e@group-0DB537A3E006: changes role from CANDIDATE to LEADER at term 2 for changeToLeader
2022-11-08 11:40:49,063 [8949e68c-e95d-4b98-a083-33911916c13e@group-0DB537A3E006-LeaderElection17] INFO  ratis.XceiverServerRatis (XceiverServerRatis.java:handleLeaderChangedNotification(863)) - Leader change notification received for group: group-0DB537A3E006 with new leaderId: 8949e68c-e95d-4b98-a083-33911916c13e
2022-11-08 11:40:49,064 [8949e68c-e95d-4b98-a083-33911916c13e@group-0DB537A3E006-LeaderElection17] INFO  server.RaftServer$Division (ServerState.java:setLeader(313)) - 8949e68c-e95d-4b98-a083-33911916c13e@group-0DB537A3E006: change Leader from null to 8949e68c-e95d-4b98-a083-33911916c13e at term 2 for becomeLeader, leader elected after 10104ms
2022-11-08 11:40:49,064 [8949e68c-e95d-4b98-a083-33911916c13e@group-0DB537A3E006-LeaderElection17] INFO  server.RaftServerConfigKeys (ConfUtils.java:logGet(46)) - raft.server.staging.catchup.gap = 1000 (default)
2022-11-08 11:40:49,064 [8949e68c-e95d-4b98-a083-33911916c13e@group-0DB537A3E006-LeaderElection17] INFO  server.RaftServerConfigKeys (ConfUtils.java:logGet(46)) - raft.server.write.element-limit = 1024 (custom)
2022-11-08 11:40:49,064 [8949e68c-e95d-4b98-a083-33911916c13e@group-0DB537A3E006-LeaderElection17] INFO  server.RaftServerConfigKeys (ConfUtils.java:logGet(46)) - raft.server.write.byte-limit = 1024 M (=1073741824) (custom)
2022-11-08 11:40:49,065 [8949e68c-e95d-4b98-a083-33911916c13e@group-0DB537A3E006-LeaderElection17] INFO  server.RaftServerConfigKeys (ConfUtils.java:logGet(46)) - raft.server.watch.timeout = 180s (custom)
2022-11-08 11:40:49,065 [8949e68c-e95d-4b98-a083-33911916c13e@group-0DB537A3E006-LeaderElection17] INFO  server.RaftServerConfigKeys (ConfUtils.java:logGet(46)) - raft.server.watch.timeout.denomination = 1s (default)
2022-11-08 11:40:49,065 [8949e68c-e95d-4b98-a083-33911916c13e@group-0DB537A3E006-LeaderElection17] INFO  server.RaftServerConfigKeys (ConfUtils.java:logGet(46)) - raft.server.watch.element-limit = 65536 (default)
2022-11-08 11:40:49,065 [8949e68c-e95d-4b98-a083-33911916c13e@group-0DB537A3E006-LeaderElection17] INFO  server.RaftServerConfigKeys (ConfUtils.java:logGet(46)) - raft.server.write.element-limit = 1024 (custom)
2022-11-08 11:40:49,065 [8949e68c-e95d-4b98-a083-33911916c13e@group-0DB537A3E006-LeaderElection17] INFO  server.RaftServerConfigKeys (ConfUtils.java:logGet(46)) - raft.server.write.follower.gap.ratio.max = -1.0 (default)
2022-11-08 11:40:49,066 [8949e68c-e95d-4b98-a083-33911916c13e@group-0DB537A3E006-LeaderElection17] INFO  server.RaftServerConfigKeys (ConfUtils.java:logGet(46)) - raft.server.log.appender.snapshot.chunk.size.max = 16MB (=16777216) (default)
2022-11-08 11:40:49,066 [8949e68c-e95d-4b98-a083-33911916c13e@group-0DB537A3E006-LeaderElection17] INFO  server.RaftServerConfigKeys (ConfUtils.java:logGet(46)) - raft.server.log.appender.buffer.byte-limit = 33554432 (custom)
2022-11-08 11:40:49,071 [8949e68c-e95d-4b98-a083-33911916c13e@group-0DB537A3E006-LeaderElection17] INFO  server.RaftServerConfigKeys (ConfUtils.java:logGet(46)) - raft.server.log.appender.buffer.element-limit = 1 (custom)
2022-11-08 11:40:49,071 [8949e68c-e95d-4b98-a083-33911916c13e@group-0DB537A3E006-LeaderElection17] INFO  grpc.GrpcConfigKeys (ConfUtils.java:logGet(46)) - raft.grpc.server.leader.outstanding.appends.max = 128 (default)
2022-11-08 11:40:49,074 [EventQueue-PipelineReportForPipelineReportHandler] INFO  pipeline.PipelineManagerImpl (PipelineManagerImpl.java:openPipeline(367)) - Pipeline Pipeline[ Id: a9076ed7-9212-44f7-9706-0db537a3e006, Nodes: 8949e68c-e95d-4b98-a083-33911916c13e{ip: 10.1.0.111, host: fv-az573-890.uspngagyt4suddso0aj1djjezg.dx.internal.cloudapp.net, ports: [REPLICATION=33851, RATIS=39377, RATIS_ADMIN=39377, RATIS_SERVER=39377, STANDALONE=42369], networkLocation: /default-rack, certSerialId: null, persistedOpState: IN_SERVICE, persistedOpStateExpiryEpochSec: 0}d94fe112-7331-4555-8545-ea5a46cf3e05{ip: 10.1.0.111, host: fv-az573-890.uspngagyt4suddso0aj1djjezg.dx.internal.cloudapp.net, ports: [REPLICATION=42317, RATIS=45971, RATIS_ADMIN=45971, RATIS_SERVER=45971, STANDALONE=42107], networkLocation: /default-rack, certSerialId: null, persistedOpState: IN_SERVICE, persistedOpStateExpiryEpochSec: 0}b82692f7-3e6b-41da-8c72-517365e0a845{ip: 10.1.0.111, host: fv-az573-890.uspngagyt4suddso0aj1djjezg.dx.internal.cloudapp.net, ports: [REPLICATION=43589, RATIS=44405, RATIS_ADMIN=44405, RATIS_SERVER=44405, STANDALONE=46559], networkLocation: /default-rack, certSerialId: null, persistedOpState: IN_SERVICE, persistedOpStateExpiryEpochSec: 0}, ReplicationConfig: RATIS/THREE, State:ALLOCATED, leaderId:8949e68c-e95d-4b98-a083-33911916c13e, CreationTimestamp2022-11-08T11:40:36.647Z[Etc/UTC]] moved to OPEN state
2022-11-08 11:40:49,073 [grpc-default-executor-2] INFO  server.RaftServer$Division (RaftServerImpl.java:requestVote(1218)) - b82692f7-3e6b-41da-8c72-517365e0a845@group-0DB537A3E006: receive requestVote(ELECTION, 8949e68c-e95d-4b98-a083-33911916c13e, group-0DB537A3E006, 2, (t:0, i:0))
2022-11-08 11:40:49,075 [grpc-default-executor-2] INFO  impl.VoteContext (VoteContext.java:log(48)) - b82692f7-3e6b-41da-8c72-517365e0a845@group-0DB537A3E006-FOLLOWER: accept ELECTION from 8949e68c-e95d-4b98-a083-33911916c13e: our priority 0 <= candidate's priority 1
2022-11-08 11:40:49,075 [grpc-default-executor-2] INFO  server.RaftServer$Division (RaftServerImpl.java:setRole(321)) - b82692f7-3e6b-41da-8c72-517365e0a845@group-0DB537A3E006: changes role from  FOLLOWER to FOLLOWER at term 2 for candidate:8949e68c-e95d-4b98-a083-33911916c13e
2022-11-08 11:40:49,075 [grpc-default-executor-2] INFO  impl.RoleInfo (RoleInfo.java:shutdownFollowerState(110)) - b82692f7-3e6b-41da-8c72-517365e0a845: shutdown b82692f7-3e6b-41da-8c72-517365e0a845@group-0DB537A3E006-FollowerState
2022-11-08 11:40:49,075 [grpc-default-executor-2] INFO  impl.RoleInfo (RoleInfo.java:updateAndGet(139)) - b82692f7-3e6b-41da-8c72-517365e0a845: start b82692f7-3e6b-41da-8c72-517365e0a845@group-0DB537A3E006-FollowerState
2022-11-08 11:40:49,075 [8949e68c-e95d-4b98-a083-33911916c13e@group-0DB537A3E006-LeaderElection17] INFO  server.RaftServerConfigKeys (ConfUtils.java:logGet(46)) - raft.server.rpc.request.timeout = 60s (custom)
2022-11-08 11:40:49,076 [b82692f7-3e6b-41da-8c72-517365e0a845@group-0DB537A3E006-FollowerState] INFO  impl.FollowerState (FollowerState.java:run(152)) - b82692f7-3e6b-41da-8c72-517365e0a845@group-0DB537A3E006-FollowerState was interrupted
2022-11-08 11:40:49,076 [8949e68c-e95d-4b98-a083-33911916c13e@group-0DB537A3E006-LeaderElection17] INFO  server.RaftServerConfigKeys (ConfUtils.java:logGet(46)) - raft.server.log.appender.install.snapshot.enabled = false (custom)
2022-11-08 11:40:49,077 [8949e68c-e95d-4b98-a083-33911916c13e@group-0DB537A3E006-LeaderElection17] INFO  grpc.GrpcConfigKeys (ConfUtils.java:logGet(46)) - raft.grpc.server.heartbeat.channel = true (default)
2022-11-08 11:40:49,077 [8949e68c-e95d-4b98-a083-33911916c13e@group-0DB537A3E006-LeaderElection17] INFO  server.RaftServerConfigKeys (ConfUtils.java:logGet(46)) - raft.server.log.appender.wait-time.min = 10ms (default)
2022-11-08 11:40:49,078 [8949e68c-e95d-4b98-a083-33911916c13e@group-0DB537A3E006-LeaderElection17] INFO  server.RaftServerConfigKeys (ConfUtils.java:logGet(46)) - raft.server.log.appender.snapshot.chunk.size.max = 16MB (=16777216) (default)
2022-11-08 11:40:49,078 [8949e68c-e95d-4b98-a083-33911916c13e@group-0DB537A3E006-LeaderElection17] INFO  server.RaftServerConfigKeys (ConfUtils.java:logGet(46)) - raft.server.log.appender.buffer.byte-limit = 33554432 (custom)
2022-11-08 11:40:49,078 [8949e68c-e95d-4b98-a083-33911916c13e@group-0DB537A3E006-LeaderElection17] INFO  server.RaftServerConfigKeys (ConfUtils.java:logGet(46)) - raft.server.log.appender.buffer.element-limit = 1 (custom)
2022-11-08 11:40:49,080 [grpc-default-executor-2] INFO  server.RaftServer$Division (RaftServerImpl.java:requestVote(1251)) - b82692f7-3e6b-41da-8c72-517365e0a845@group-0DB537A3E006 replies to ELECTION vote request: 8949e68c-e95d-4b98-a083-33911916c13e<-b82692f7-3e6b-41da-8c72-517365e0a845#0:OK-t2. Peer's state: b82692f7-3e6b-41da-8c72-517365e0a845@group-0DB537A3E006:t2, leader=null, voted=8949e68c-e95d-4b98-a083-33911916c13e, raftlog=Memoized:b82692f7-3e6b-41da-8c72-517365e0a845@group-0DB537A3E006-SegmentedRaftLog:OPENED:c-1, conf=-1: peers:[8949e68c-e95d-4b98-a083-33911916c13e|rpc:10.1.0.111:39377|priority:1|startupRole:FOLLOWER, d94fe112-7331-4555-8545-ea5a46cf3e05|rpc:10.1.0.111:45971|priority:0|startupRole:FOLLOWER, b82692f7-3e6b-41da-8c72-517365e0a845|rpc:10.1.0.111:44405|priority:0|startupRole:FOLLOWER]|listeners:[], old=null
2022-11-08 11:40:49,082 [8949e68c-e95d-4b98-a083-33911916c13e@group-0DB537A3E006-LeaderElection17] INFO  grpc.GrpcConfigKeys (ConfUtils.java:logGet(46)) - raft.grpc.server.leader.outstanding.appends.max = 128 (default)
2022-11-08 11:40:49,082 [8949e68c-e95d-4b98-a083-33911916c13e@group-0DB537A3E006-LeaderElection17] INFO  server.RaftServerConfigKeys (ConfUtils.java:logGet(46)) - raft.server.rpc.request.timeout = 60s (custom)
2022-11-08 11:40:49,082 [8949e68c-e95d-4b98-a083-33911916c13e@group-0DB537A3E006-LeaderElection17] INFO  server.RaftServerConfigKeys (ConfUtils.java:logGet(46)) - raft.server.log.appender.install.snapshot.enabled = false (custom)
2022-11-08 11:40:49,082 [8949e68c-e95d-4b98-a083-33911916c13e@group-0DB537A3E006-LeaderElection17] INFO  grpc.GrpcConfigKeys (ConfUtils.java:logGet(46)) - raft.grpc.server.heartbeat.channel = true (default)
2022-11-08 11:40:49,083 [8949e68c-e95d-4b98-a083-33911916c13e@group-0DB537A3E006-LeaderElection17] INFO  server.RaftServerConfigKeys (ConfUtils.java:logGet(46)) - raft.server.log.appender.wait-time.min = 10ms (default)
2022-11-08 11:40:49,083 [8949e68c-e95d-4b98-a083-33911916c13e@group-0DB537A3E006-LeaderElection17] INFO  impl.RoleInfo (RoleInfo.java:updateAndGet(139)) - 8949e68c-e95d-4b98-a083-33911916c13e: start 8949e68c-e95d-4b98-a083-33911916c13e@group-0DB537A3E006-LeaderStateImpl
2022-11-08 11:40:49,083 [8949e68c-e95d-4b98-a083-33911916c13e@group-0DB537A3E006-LeaderElection17] INFO  segmented.SegmentedRaftLogWorker (SegmentedRaftLogWorker.java:startLogSegment(452)) - 8949e68c-e95d-4b98-a083-33911916c13e@group-0DB537A3E006-SegmentedRaftLogWorker: Starting segment from index:0
2022-11-08 11:40:49,085 [8949e68c-e95d-4b98-a083-33911916c13e@group-0DB537A3E006-SegmentedRaftLogWorker] INFO  segmented.SegmentedRaftLogWorker (SegmentedRaftLogWorker.java:execute(656)) - 8949e68c-e95d-4b98-a083-33911916c13e@group-0DB537A3E006-SegmentedRaftLogWorker: created new log segment /home/runner/work/ozone/ozone/hadoop-ozone/integration-test/target/test-dir/MiniOzoneClusterImpl-c61d2d68-5505-4298-888d-dd71e22caacf/datanode-5/data/ratis/a9076ed7-9212-44f7-9706-0db537a3e006/current/log_inprogress_0
2022-11-08 11:40:49,087 [b82692f7-3e6b-41da-8c72-517365e0a845@group-0DB537A3E006-FollowerState] INFO  server.RaftServerConfigKeys (ConfUtils.java:logFallback(53)) - raft.server.rpc.first-election.timeout.min = 5s (fallback to raft.server.rpc.timeout.min)
2022-11-08 11:40:49,087 [b82692f7-3e6b-41da-8c72-517365e0a845@group-0DB537A3E006-FollowerState] INFO  server.RaftServerConfigKeys (ConfUtils.java:logFallback(53)) - raft.server.rpc.first-election.timeout.max = 5200ms (fallback to raft.server.rpc.timeout.max)
2022-11-08 11:40:49,098 [8949e68c-e95d-4b98-a083-33911916c13e@group-0DB537A3E006-LeaderElection17] INFO  server.RaftServer$Division (ServerState.java:setRaftConf(430)) - 8949e68c-e95d-4b98-a083-33911916c13e@group-0DB537A3E006: set configuration 0: peers:[8949e68c-e95d-4b98-a083-33911916c13e|rpc:10.1.0.111:39377|dataStream:|priority:1|startupRole:FOLLOWER, d94fe112-7331-4555-8545-ea5a46cf3e05|rpc:10.1.0.111:45971|dataStream:|priority:0|startupRole:FOLLOWER, b82692f7-3e6b-41da-8c72-517365e0a845|rpc:10.1.0.111:44405|dataStream:|priority:0|startupRole:FOLLOWER]|listeners:[], old=null
2022-11-08 11:40:49,109 [b82692f7-3e6b-41da-8c72-517365e0a845-server-thread1] INFO  ratis.XceiverServerRatis (XceiverServerRatis.java:handleLeaderChangedNotification(863)) - Leader change notification received for group: group-0DB537A3E006 with new leaderId: 8949e68c-e95d-4b98-a083-33911916c13e
2022-11-08 11:40:49,109 [b82692f7-3e6b-41da-8c72-517365e0a845-server-thread1] INFO  server.RaftServer$Division (ServerState.java:setLeader(313)) - b82692f7-3e6b-41da-8c72-517365e0a845@group-0DB537A3E006: change Leader from null to 8949e68c-e95d-4b98-a083-33911916c13e at term 2 for appendEntries, leader elected after 10200ms
2022-11-08 11:40:49,114 [d94fe112-7331-4555-8545-ea5a46cf3e05-server-thread1] INFO  ratis.XceiverServerRatis (XceiverServerRatis.java:handleLeaderChangedNotification(863)) - Leader change notification received for group: group-0DB537A3E006 with new leaderId: 8949e68c-e95d-4b98-a083-33911916c13e
2022-11-08 11:40:49,115 [d94fe112-7331-4555-8545-ea5a46cf3e05-server-thread1] INFO  server.RaftServer$Division (ServerState.java:setLeader(313)) - d94fe112-7331-4555-8545-ea5a46cf3e05@group-0DB537A3E006: change Leader from null to 8949e68c-e95d-4b98-a083-33911916c13e at term 2 for appendEntries, leader elected after 10102ms
2022-11-08 11:40:49,123 [b82692f7-3e6b-41da-8c72-517365e0a845-server-thread3] INFO  server.RaftServer$Division (ServerState.java:setRaftConf(430)) - b82692f7-3e6b-41da-8c72-517365e0a845@group-0DB537A3E006: set configuration 0: peers:[8949e68c-e95d-4b98-a083-33911916c13e|rpc:10.1.0.111:39377|dataStream:|priority:1|startupRole:FOLLOWER, d94fe112-7331-4555-8545-ea5a46cf3e05|rpc:10.1.0.111:45971|dataStream:|priority:0|startupRole:FOLLOWER, b82692f7-3e6b-41da-8c72-517365e0a845|rpc:10.1.0.111:44405|dataStream:|priority:0|startupRole:FOLLOWER]|listeners:[], old=null
2022-11-08 11:40:49,123 [b82692f7-3e6b-41da-8c72-517365e0a845-server-thread3] INFO  segmented.SegmentedRaftLogWorker (SegmentedRaftLogWorker.java:startLogSegment(452)) - b82692f7-3e6b-41da-8c72-517365e0a845@group-0DB537A3E006-SegmentedRaftLogWorker: Starting segment from index:0
2022-11-08 11:40:49,133 [d94fe112-7331-4555-8545-ea5a46cf3e05-server-thread3] INFO  server.RaftServer$Division (ServerState.java:setRaftConf(430)) - d94fe112-7331-4555-8545-ea5a46cf3e05@group-0DB537A3E006: set configuration 0: peers:[8949e68c-e95d-4b98-a083-33911916c13e|rpc:10.1.0.111:39377|dataStream:|priority:1|startupRole:FOLLOWER, d94fe112-7331-4555-8545-ea5a46cf3e05|rpc:10.1.0.111:45971|dataStream:|priority:0|startupRole:FOLLOWER, b82692f7-3e6b-41da-8c72-517365e0a845|rpc:10.1.0.111:44405|dataStream:|priority:0|startupRole:FOLLOWER]|listeners:[], old=null
2022-11-08 11:40:49,133 [b82692f7-3e6b-41da-8c72-517365e0a845@group-0DB537A3E006-SegmentedRaftLogWorker] INFO  segmented.SegmentedRaftLogWorker (SegmentedRaftLogWorker.java:execute(656)) - b82692f7-3e6b-41da-8c72-517365e0a845@group-0DB537A3E006-SegmentedRaftLogWorker: created new log segment /home/runner/work/ozone/ozone/hadoop-ozone/integration-test/target/test-dir/MiniOzoneClusterImpl-c61d2d68-5505-4298-888d-dd71e22caacf/datanode-3/data/ratis/a9076ed7-9212-44f7-9706-0db537a3e006/current/log_inprogress_0
2022-11-08 11:40:49,133 [d94fe112-7331-4555-8545-ea5a46cf3e05-server-thread3] INFO  segmented.SegmentedRaftLogWorker (SegmentedRaftLogWorker.java:startLogSegment(452)) - d94fe112-7331-4555-8545-ea5a46cf3e05@group-0DB537A3E006-SegmentedRaftLogWorker: Starting segment from index:0
2022-11-08 11:40:49,135 [d94fe112-7331-4555-8545-ea5a46cf3e05@group-0DB537A3E006-SegmentedRaftLogWorker] INFO  segmented.SegmentedRaftLogWorker (SegmentedRaftLogWorker.java:execute(656)) - d94fe112-7331-4555-8545-ea5a46cf3e05@group-0DB537A3E006-SegmentedRaftLogWorker: created new log segment /home/runner/work/ozone/ozone/hadoop-ozone/integration-test/target/test-dir/MiniOzoneClusterImpl-c61d2d68-5505-4298-888d-dd71e22caacf/datanode-4/data/ratis/a9076ed7-9212-44f7-9706-0db537a3e006/current/log_inprogress_0
2022-11-08 11:40:50,418 [Command processor thread] INFO  server.RaftServer (RaftServerProxy.java:remove(107)) - 9f3b593f-78c6-4294-9602-7cd55c8a4272: remove  FOLLOWER 9f3b593f-78c6-4294-9602-7cd55c8a4272@group-4F49288E7373:t2, leader=426e857f-dbb4-4c86-998f-375273f8a445, voted=426e857f-dbb4-4c86-998f-375273f8a445, raftlog=Memoized:9f3b593f-78c6-4294-9602-7cd55c8a4272@group-4F49288E7373-SegmentedRaftLog:OPENED:c0, conf=0: peers:[dc5a192d-e9e0-46c7-8aee-58457d0752d8|rpc:10.1.0.111:39795|dataStream:|priority:0|startupRole:FOLLOWER, 426e857f-dbb4-4c86-998f-375273f8a445|rpc:10.1.0.111:32949|dataStream:|priority:1|startupRole:FOLLOWER, 9f3b593f-78c6-4294-9602-7cd55c8a4272|rpc:10.1.0.111:40339|dataStream:|priority:0|startupRole:FOLLOWER]|listeners:[], old=null RUNNING
2022-11-08 11:40:50,420 [Command processor thread] INFO  server.RaftServer$Division (RaftServerImpl.java:lambda$close$4(458)) - 9f3b593f-78c6-4294-9602-7cd55c8a4272@group-4F49288E7373: shutdown
2022-11-08 11:40:50,420 [Command processor thread] INFO  util.JmxRegister (JmxRegister.java:unregister(73)) - Successfully un-registered JMX Bean with object name Ratis:service=RaftServer,group=group-4F49288E7373,id=9f3b593f-78c6-4294-9602-7cd55c8a4272
2022-11-08 11:40:50,420 [Command processor thread] INFO  impl.RoleInfo (RoleInfo.java:shutdownFollowerState(110)) - 9f3b593f-78c6-4294-9602-7cd55c8a4272: shutdown 9f3b593f-78c6-4294-9602-7cd55c8a4272@group-4F49288E7373-FollowerState
2022-11-08 11:40:50,420 [Command processor thread] INFO  impl.StateMachineUpdater (StateMachineUpdater.java:stopAndJoin(153)) - 9f3b593f-78c6-4294-9602-7cd55c8a4272@group-4F49288E7373-StateMachineUpdater: set stopIndex = 0
2022-11-08 11:40:50,420 [9f3b593f-78c6-4294-9602-7cd55c8a4272@group-4F49288E7373-FollowerState] INFO  impl.FollowerState (FollowerState.java:run(152)) - 9f3b593f-78c6-4294-9602-7cd55c8a4272@group-4F49288E7373-FollowerState was interrupted
2022-11-08 11:40:50,423 [9f3b593f-78c6-4294-9602-7cd55c8a4272@group-4F49288E7373-StateMachineUpdater] INFO  ratis.ContainerStateMachine (ContainerStateMachine.java:takeSnapshot(304)) - group-4F49288E7373: Taking a snapshot at:(t:2, i:0) file /home/runner/work/ozone/ozone/hadoop-ozone/integration-test/target/test-dir/MiniOzoneClusterImpl-c61d2d68-5505-4298-888d-dd71e22caacf/datanode-2/data/ratis/caa2970a-548d-4ab4-baf2-4f49288e7373/sm/snapshot.2_0
2022-11-08 11:40:50,456 [9f3b593f-78c6-4294-9602-7cd55c8a4272@group-4F49288E7373-StateMachineUpdater] INFO  ratis.ContainerStateMachine (ContainerStateMachine.java:takeSnapshot(315)) - group-4F49288E7373: Finished taking a snapshot at:(t:2, i:0) file:/home/runner/work/ozone/ozone/hadoop-ozone/integration-test/target/test-dir/MiniOzoneClusterImpl-c61d2d68-5505-4298-888d-dd71e22caacf/datanode-2/data/ratis/caa2970a-548d-4ab4-baf2-4f49288e7373/sm/snapshot.2_0 took: 33 ms
2022-11-08 11:40:50,459 [9f3b593f-78c6-4294-9602-7cd55c8a4272@group-4F49288E7373-StateMachineUpdater] INFO  impl.StateMachineUpdater (StateMachineUpdater.java:takeSnapshot(287)) - 9f3b593f-78c6-4294-9602-7cd55c8a4272@group-4F49288E7373-StateMachineUpdater: Took a snapshot at index 0
2022-11-08 11:40:50,460 [9f3b593f-78c6-4294-9602-7cd55c8a4272@group-4F49288E7373-StateMachineUpdater] INFO  impl.StateMachineUpdater (StateMachineUpdater.java:lambda$new$0(92)) - 9f3b593f-78c6-4294-9602-7cd55c8a4272@group-4F49288E7373-StateMachineUpdater: snapshotIndex: updateIncreasingly -1 -> 0
2022-11-08 11:40:50,463 [Command processor thread] INFO  server.RaftServer$Division (ServerState.java:close(466)) - 9f3b593f-78c6-4294-9602-7cd55c8a4272@group-4F49288E7373: closes. applyIndex: 0
2022-11-08 11:40:50,464 [9f3b593f-78c6-4294-9602-7cd55c8a4272@group-4F49288E7373-SegmentedRaftLogWorker] INFO  segmented.SegmentedRaftLogWorker (SegmentedRaftLogWorker.java:run(345)) - 9f3b593f-78c6-4294-9602-7cd55c8a4272@group-4F49288E7373-SegmentedRaftLogWorker was interrupted, exiting. There are 0 tasks remaining in the queue.
2022-11-08 11:40:50,466 [Command processor thread] INFO  segmented.SegmentedRaftLogWorker (SegmentedRaftLogWorker.java:close(255)) - 9f3b593f-78c6-4294-9602-7cd55c8a4272@group-4F49288E7373-SegmentedRaftLogWorker close()
2022-11-08 11:40:50,472 [Command processor thread] INFO  server.RaftServer$Division (RaftServerImpl.java:groupRemove(428)) - 9f3b593f-78c6-4294-9602-7cd55c8a4272@group-4F49288E7373: Succeed to remove RaftStorageDirectory Storage Directory /home/runner/work/ozone/ozone/hadoop-ozone/integration-test/target/test-dir/MiniOzoneClusterImpl-c61d2d68-5505-4298-888d-dd71e22caacf/datanode-2/data/ratis/caa2970a-548d-4ab4-baf2-4f49288e7373
2022-11-08 11:40:50,472 [Command processor thread] INFO  commandhandler.ClosePipelineCommandHandler (ClosePipelineCommandHandler.java:handle(78)) - Close Pipeline PipelineID=caa2970a-548d-4ab4-baf2-4f49288e7373 command on datanode 9f3b593f-78c6-4294-9602-7cd55c8a4272.
2022-11-08 11:40:50,472 [Command processor thread] INFO  server.RaftServer (RaftServerProxy.java:remove(107)) - 9f3b593f-78c6-4294-9602-7cd55c8a4272: remove  FOLLOWER 9f3b593f-78c6-4294-9602-7cd55c8a4272@group-F47049CF8CE3:t2, leader=dc5a192d-e9e0-46c7-8aee-58457d0752d8, voted=dc5a192d-e9e0-46c7-8aee-58457d0752d8, raftlog=Memoized:9f3b593f-78c6-4294-9602-7cd55c8a4272@group-F47049CF8CE3-SegmentedRaftLog:OPENED:c0, conf=0: peers:[dc5a192d-e9e0-46c7-8aee-58457d0752d8|rpc:10.1.0.111:39795|dataStream:|priority:1|startupRole:FOLLOWER, 426e857f-dbb4-4c86-998f-375273f8a445|rpc:10.1.0.111:32949|dataStream:|priority:0|startupRole:FOLLOWER, 9f3b593f-78c6-4294-9602-7cd55c8a4272|rpc:10.1.0.111:40339|dataStream:|priority:0|startupRole:FOLLOWER]|listeners:[], old=null RUNNING
2022-11-08 11:40:50,472 [Command processor thread] INFO  server.RaftServer$Division (RaftServerImpl.java:lambda$close$4(458)) - 9f3b593f-78c6-4294-9602-7cd55c8a4272@group-F47049CF8CE3: shutdown
2022-11-08 11:40:50,472 [Command processor thread] INFO  util.JmxRegister (JmxRegister.java:unregister(73)) - Successfully un-registered JMX Bean with object name Ratis:service=RaftServer,group=group-F47049CF8CE3,id=9f3b593f-78c6-4294-9602-7cd55c8a4272
2022-11-08 11:40:50,473 [Command processor thread] INFO  impl.RoleInfo (RoleInfo.java:shutdownFollowerState(110)) - 9f3b593f-78c6-4294-9602-7cd55c8a4272: shutdown 9f3b593f-78c6-4294-9602-7cd55c8a4272@group-F47049CF8CE3-FollowerState
2022-11-08 11:40:50,473 [9f3b593f-78c6-4294-9602-7cd55c8a4272@group-F47049CF8CE3-FollowerState] INFO  impl.FollowerState (FollowerState.java:run(152)) - 9f3b593f-78c6-4294-9602-7cd55c8a4272@group-F47049CF8CE3-FollowerState was interrupted
2022-11-08 11:40:50,474 [Command processor thread] INFO  impl.StateMachineUpdater (StateMachineUpdater.java:stopAndJoin(153)) - 9f3b593f-78c6-4294-9602-7cd55c8a4272@group-F47049CF8CE3-StateMachineUpdater: set stopIndex = 0
2022-11-08 11:40:50,474 [9f3b593f-78c6-4294-9602-7cd55c8a4272@group-F47049CF8CE3-StateMachineUpdater] INFO  ratis.ContainerStateMachine (ContainerStateMachine.java:takeSnapshot(304)) - group-F47049CF8CE3: Taking a snapshot at:(t:2, i:0) file /home/runner/work/ozone/ozone/hadoop-ozone/integration-test/target/test-dir/MiniOzoneClusterImpl-c61d2d68-5505-4298-888d-dd71e22caacf/datanode-2/data/ratis/cc5c7c1f-499c-4037-8091-f47049cf8ce3/sm/snapshot.2_0
2022-11-08 11:40:50,476 [9f3b593f-78c6-4294-9602-7cd55c8a4272@group-F47049CF8CE3-StateMachineUpdater] INFO  ratis.ContainerStateMachine (ContainerStateMachine.java:takeSnapshot(315)) - group-F47049CF8CE3: Finished taking a snapshot at:(t:2, i:0) file:/home/runner/work/ozone/ozone/hadoop-ozone/integration-test/target/test-dir/MiniOzoneClusterImpl-c61d2d68-5505-4298-888d-dd71e22caacf/datanode-2/data/ratis/cc5c7c1f-499c-4037-8091-f47049cf8ce3/sm/snapshot.2_0 took: 2 ms
2022-11-08 11:40:50,476 [9f3b593f-78c6-4294-9602-7cd55c8a4272@group-F47049CF8CE3-StateMachineUpdater] INFO  impl.StateMachineUpdater (StateMachineUpdater.java:takeSnapshot(287)) - 9f3b593f-78c6-4294-9602-7cd55c8a4272@group-F47049CF8CE3-StateMachineUpdater: Took a snapshot at index 0
2022-11-08 11:40:50,476 [9f3b593f-78c6-4294-9602-7cd55c8a4272@group-F47049CF8CE3-StateMachineUpdater] INFO  impl.StateMachineUpdater (StateMachineUpdater.java:lambda$new$0(92)) - 9f3b593f-78c6-4294-9602-7cd55c8a4272@group-F47049CF8CE3-StateMachineUpdater: snapshotIndex: updateIncreasingly -1 -> 0
2022-11-08 11:40:50,476 [Command processor thread] INFO  server.RaftServer$Division (ServerState.java:close(466)) - 9f3b593f-78c6-4294-9602-7cd55c8a4272@group-F47049CF8CE3: closes. applyIndex: 0
2022-11-08 11:40:50,477 [9f3b593f-78c6-4294-9602-7cd55c8a4272@group-F47049CF8CE3-SegmentedRaftLogWorker] INFO  segmented.SegmentedRaftLogWorker (SegmentedRaftLogWorker.java:run(345)) - 9f3b593f-78c6-4294-9602-7cd55c8a4272@group-F47049CF8CE3-SegmentedRaftLogWorker was interrupted, exiting. There are 0 tasks remaining in the queue.
2022-11-08 11:40:50,479 [Command processor thread] INFO  segmented.SegmentedRaftLogWorker (SegmentedRaftLogWorker.java:close(255)) - 9f3b593f-78c6-4294-9602-7cd55c8a4272@group-F47049CF8CE3-SegmentedRaftLogWorker close()
2022-11-08 11:40:50,481 [Command processor thread] INFO  server.RaftServer$Division (RaftServerImpl.java:groupRemove(428)) - 9f3b593f-78c6-4294-9602-7cd55c8a4272@group-F47049CF8CE3: Succeed to remove RaftStorageDirectory Storage Directory /home/runner/work/ozone/ozone/hadoop-ozone/integration-test/target/test-dir/MiniOzoneClusterImpl-c61d2d68-5505-4298-888d-dd71e22caacf/datanode-2/data/ratis/cc5c7c1f-499c-4037-8091-f47049cf8ce3
2022-11-08 11:40:50,481 [Command processor thread] INFO  commandhandler.ClosePipelineCommandHandler (ClosePipelineCommandHandler.java:handle(78)) - Close Pipeline PipelineID=cc5c7c1f-499c-4037-8091-f47049cf8ce3 command on datanode 9f3b593f-78c6-4294-9602-7cd55c8a4272.
2022-11-08 11:40:50,673 [Command processor thread] INFO  server.RaftServer (RaftServerProxy.java:remove(107)) - 426e857f-dbb4-4c86-998f-375273f8a445: remove    LEADER 426e857f-dbb4-4c86-998f-375273f8a445@group-4F49288E7373:t2, leader=426e857f-dbb4-4c86-998f-375273f8a445, voted=426e857f-dbb4-4c86-998f-375273f8a445, raftlog=Memoized:426e857f-dbb4-4c86-998f-375273f8a445@group-4F49288E7373-SegmentedRaftLog:OPENED:c0, conf=0: peers:[dc5a192d-e9e0-46c7-8aee-58457d0752d8|rpc:10.1.0.111:39795|dataStream:|priority:0|startupRole:FOLLOWER, 426e857f-dbb4-4c86-998f-375273f8a445|rpc:10.1.0.111:32949|dataStream:|priority:1|startupRole:FOLLOWER, 9f3b593f-78c6-4294-9602-7cd55c8a4272|rpc:10.1.0.111:40339|dataStream:|priority:0|startupRole:FOLLOWER]|listeners:[], old=null RUNNING
2022-11-08 11:40:50,674 [Command processor thread] INFO  server.RaftServer$Division (RaftServerImpl.java:lambda$close$4(458)) - 426e857f-dbb4-4c86-998f-375273f8a445@group-4F49288E7373: shutdown
2022-11-08 11:40:50,674 [Command processor thread] INFO  util.JmxRegister (JmxRegister.java:unregister(73)) - Successfully un-registered JMX Bean with object name Ratis:service=RaftServer,group=group-4F49288E7373,id=426e857f-dbb4-4c86-998f-375273f8a445
2022-11-08 11:40:50,674 [Command processor thread] INFO  impl.RoleInfo (RoleInfo.java:shutdownLeaderState(93)) - 426e857f-dbb4-4c86-998f-375273f8a445: shutdown 426e857f-dbb4-4c86-998f-375273f8a445@group-4F49288E7373-LeaderStateImpl
2022-11-08 11:40:50,675 [426e857f-dbb4-4c86-998f-375273f8a445@group-4F49288E7373->dc5a192d-e9e0-46c7-8aee-58457d0752d8-GrpcLogAppender-LogAppenderDaemon] WARN  server.GrpcLogAppender (GrpcLogAppender.java:mayWait(200)) - 426e857f-dbb4-4c86-998f-375273f8a445@group-4F49288E7373->dc5a192d-e9e0-46c7-8aee-58457d0752d8-GrpcLogAppender: Wait interrupted by java.lang.InterruptedException
2022-11-08 11:40:50,675 [Command processor thread] INFO  impl.PendingRequests (PendingRequests.java:sendNotLeaderResponses(282)) - 426e857f-dbb4-4c86-998f-375273f8a445@group-4F49288E7373-PendingRequests: sendNotLeaderResponses
2022-11-08 11:40:50,678 [426e857f-dbb4-4c86-998f-375273f8a445@group-4F49288E7373-StateMachineUpdater] INFO  ratis.ContainerStateMachine (ContainerStateMachine.java:takeSnapshot(304)) - group-4F49288E7373: Taking a snapshot at:(t:2, i:0) file /home/runner/work/ozone/ozone/hadoop-ozone/integration-test/target/test-dir/MiniOzoneClusterImpl-c61d2d68-5505-4298-888d-dd71e22caacf/datanode-1/data/ratis/caa2970a-548d-4ab4-baf2-4f49288e7373/sm/snapshot.2_0
2022-11-08 11:40:50,678 [Command processor thread] INFO  impl.StateMachineUpdater (StateMachineUpdater.java:stopAndJoin(153)) - 426e857f-dbb4-4c86-998f-375273f8a445@group-4F49288E7373-StateMachineUpdater: set stopIndex = 0
2022-11-08 11:40:50,679 [426e857f-dbb4-4c86-998f-375273f8a445@group-4F49288E7373-StateMachineUpdater] INFO  ratis.ContainerStateMachine (ContainerStateMachine.java:takeSnapshot(315)) - group-4F49288E7373: Finished taking a snapshot at:(t:2, i:0) file:/home/runner/work/ozone/ozone/hadoop-ozone/integration-test/target/test-dir/MiniOzoneClusterImpl-c61d2d68-5505-4298-888d-dd71e22caacf/datanode-1/data/ratis/caa2970a-548d-4ab4-baf2-4f49288e7373/sm/snapshot.2_0 took: 1 ms
2022-11-08 11:40:50,679 [grpc-default-executor-0] INFO  server.GrpcServerProtocolService (GrpcServerProtocolService.java:onCompleted(145)) - dc5a192d-e9e0-46c7-8aee-58457d0752d8: Completed APPEND_ENTRIES, lastRequest: null
2022-11-08 11:40:50,680 [426e857f-dbb4-4c86-998f-375273f8a445@group-4F49288E7373-StateMachineUpdater] INFO  impl.StateMachineUpdater (StateMachineUpdater.java:takeSnapshot(287)) - 426e857f-dbb4-4c86-998f-375273f8a445@group-4F49288E7373-StateMachineUpdater: Took a snapshot at index 0
2022-11-08 11:40:50,680 [426e857f-dbb4-4c86-998f-375273f8a445@group-4F49288E7373-StateMachineUpdater] INFO  impl.StateMachineUpdater (StateMachineUpdater.java:lambda$new$0(92)) - 426e857f-dbb4-4c86-998f-375273f8a445@group-4F49288E7373-StateMachineUpdater: snapshotIndex: updateIncreasingly -1 -> 0
2022-11-08 11:40:50,681 [grpc-default-executor-3] INFO  server.GrpcLogAppender (GrpcLogAppender.java:onCompleted(415)) - 426e857f-dbb4-4c86-998f-375273f8a445@group-4F49288E7373->dc5a192d-e9e0-46c7-8aee-58457d0752d8-AppendLogResponseHandler: follower responses appendEntries COMPLETED
2022-11-08 11:40:50,681 [426e857f-dbb4-4c86-998f-375273f8a445@group-4F49288E7373->9f3b593f-78c6-4294-9602-7cd55c8a4272-GrpcLogAppender-LogAppenderDaemon] WARN  server.GrpcLogAppender (GrpcLogAppender.java:mayWait(200)) - 426e857f-dbb4-4c86-998f-375273f8a445@group-4F49288E7373->9f3b593f-78c6-4294-9602-7cd55c8a4272-GrpcLogAppender: Wait interrupted by java.lang.InterruptedException
2022-11-08 11:40:50,685 [grpc-default-executor-0] INFO  server.GrpcServerProtocolService (GrpcServerProtocolService.java:onCompleted(145)) - 9f3b593f-78c6-4294-9602-7cd55c8a4272: Completed APPEND_ENTRIES, lastRequest: 426e857f-dbb4-4c86-998f-375273f8a445->9f3b593f-78c6-4294-9602-7cd55c8a4272#1-t2,previous=(t:0, i:0),leaderCommit=0,initializing? true,entries: size=1, first=(t:2, i:0), CONFIGURATIONENTRY(current:id: "dc5a192d-e9e0-46c7-8aee-58457d0752d8"
address: "10.1.0.111:39795"
clientAddress: "10.1.0.111:39795"
adminAddress: "10.1.0.111:39795"
startupRole: FOLLOWER
,id: "426e857f-dbb4-4c86-998f-375273f8a445"
address: "10.1.0.111:32949"
priority: 1
clientAddress: "10.1.0.111:32949"
adminAddress: "10.1.0.111:32949"
startupRole: FOLLOWER
,id: "9f3b593f-78c6-4294-9602-7cd55c8a4272"
address: "10.1.0.111:40339"
clientAddress: "10.1.0.111:40339"
adminAddress: "10.1.0.111:40339"
startupRole: FOLLOWER
, old:)
2022-11-08 11:40:50,686 [grpc-default-executor-1] INFO  server.GrpcLogAppender (GrpcLogAppender.java:onCompleted(415)) - 426e857f-dbb4-4c86-998f-375273f8a445@group-4F49288E7373->9f3b593f-78c6-4294-9602-7cd55c8a4272-AppendLogResponseHandler: follower responses appendEntries COMPLETED
2022-11-08 11:40:50,687 [grpc-default-executor-1] INFO  leader.FollowerInfo (FollowerInfoImpl.java:lambda$new$0(48)) - 426e857f-dbb4-4c86-998f-375273f8a445@group-4F49288E7373->9f3b593f-78c6-4294-9602-7cd55c8a4272: nextIndex: updateUnconditionally 1 -> 0
2022-11-08 11:40:50,682 [grpc-default-executor-4] INFO  server.GrpcServerProtocolService (GrpcServerProtocolService.java:onCompleted(145)) - dc5a192d-e9e0-46c7-8aee-58457d0752d8: Completed APPEND_ENTRIES, lastRequest: 426e857f-dbb4-4c86-998f-375273f8a445->dc5a192d-e9e0-46c7-8aee-58457d0752d8#1-t2,previous=(t:0, i:0),leaderCommit=0,initializing? true,entries: size=1, first=(t:2, i:0), CONFIGURATIONENTRY(current:id: "dc5a192d-e9e0-46c7-8aee-58457d0752d8"
address: "10.1.0.111:39795"
clientAddress: "10.1.0.111:39795"
adminAddress: "10.1.0.111:39795"
startupRole: FOLLOWER
,id: "426e857f-dbb4-4c86-998f-375273f8a445"
address: "10.1.0.111:32949"
priority: 1
clientAddress: "10.1.0.111:32949"
adminAddress: "10.1.0.111:32949"
startupRole: FOLLOWER
,id: "9f3b593f-78c6-4294-9602-7cd55c8a4272"
address: "10.1.0.111:40339"
clientAddress: "10.1.0.111:40339"
adminAddress: "10.1.0.111:40339"
startupRole: FOLLOWER
, old:)
2022-11-08 11:40:50,688 [Command processor thread] INFO  server.RaftServer$Division (ServerState.java:close(466)) - 426e857f-dbb4-4c86-998f-375273f8a445@group-4F49288E7373: closes. applyIndex: 0
2022-11-08 11:40:50,684 [grpc-default-executor-2] INFO  server.GrpcServerProtocolService (GrpcServerProtocolService.java:onCompleted(145)) - 9f3b593f-78c6-4294-9602-7cd55c8a4272: Completed APPEND_ENTRIES, lastRequest: null
2022-11-08 11:40:50,688 [426e857f-dbb4-4c86-998f-375273f8a445@group-4F49288E7373-SegmentedRaftLogWorker] INFO  segmented.SegmentedRaftLogWorker (SegmentedRaftLogWorker.java:run(345)) - 426e857f-dbb4-4c86-998f-375273f8a445@group-4F49288E7373-SegmentedRaftLogWorker was interrupted, exiting. There are 0 tasks remaining in the queue.
2022-11-08 11:40:50,689 [grpc-default-executor-2] INFO  server.GrpcLogAppender (GrpcLogAppender.java:onCompleted(415)) - 426e857f-dbb4-4c86-998f-375273f8a445@group-4F49288E7373->dc5a192d-e9e0-46c7-8aee-58457d0752d8-AppendLogResponseHandler: follower responses appendEntries COMPLETED
2022-11-08 11:40:50,689 [grpc-default-executor-3] INFO  leader.FollowerInfo (FollowerInfoImpl.java:lambda$new$0(48)) - 426e857f-dbb4-4c86-998f-375273f8a445@group-4F49288E7373->dc5a192d-e9e0-46c7-8aee-58457d0752d8: nextIndex: updateUnconditionally 1 -> 0
2022-11-08 11:40:50,690 [grpc-default-executor-2] INFO  leader.FollowerInfo (FollowerInfoImpl.java:lambda$new$0(48)) - 426e857f-dbb4-4c86-998f-375273f8a445@group-4F49288E7373->dc5a192d-e9e0-46c7-8aee-58457d0752d8: nextIndex: updateUnconditionally 0 -> 0
2022-11-08 11:40:50,691 [grpc-default-executor-0] INFO  server.GrpcLogAppender (GrpcLogAppender.java:onCompleted(415)) - 426e857f-dbb4-4c86-998f-375273f8a445@group-4F49288E7373->9f3b593f-78c6-4294-9602-7cd55c8a4272-AppendLogResponseHandler: follower responses appendEntries COMPLETED
2022-11-08 11:40:50,698 [grpc-default-executor-0] INFO  leader.FollowerInfo (FollowerInfoImpl.java:lambda$new$0(48)) - 426e857f-dbb4-4c86-998f-375273f8a445@group-4F49288E7373->9f3b593f-78c6-4294-9602-7cd55c8a4272: nextIndex: updateUnconditionally 0 -> 0
2022-11-08 11:40:50,692 [Command processor thread] INFO  segmented.SegmentedRaftLogWorker (SegmentedRaftLogWorker.java:close(255)) - 426e857f-dbb4-4c86-998f-375273f8a445@group-4F49288E7373-SegmentedRaftLogWorker close()
2022-11-08 11:40:50,702 [Command processor thread] INFO  server.RaftServer$Division (RaftServerImpl.java:groupRemove(428)) - 426e857f-dbb4-4c86-998f-375273f8a445@group-4F49288E7373: Succeed to remove RaftStorageDirectory Storage Directory /home/runner/work/ozone/ozone/hadoop-ozone/integration-test/target/test-dir/MiniOzoneClusterImpl-c61d2d68-5505-4298-888d-dd71e22caacf/datanode-1/data/ratis/caa2970a-548d-4ab4-baf2-4f49288e7373
2022-11-08 11:40:50,702 [Command processor thread] INFO  commandhandler.ClosePipelineCommandHandler (ClosePipelineCommandHandler.java:handle(78)) - Close Pipeline PipelineID=caa2970a-548d-4ab4-baf2-4f49288e7373 command on datanode 426e857f-dbb4-4c86-998f-375273f8a445.
2022-11-08 11:40:50,703 [Command processor thread] INFO  server.RaftServer (RaftServerProxy.java:remove(107)) - 426e857f-dbb4-4c86-998f-375273f8a445: remove  FOLLOWER 426e857f-dbb4-4c86-998f-375273f8a445@group-F47049CF8CE3:t2, leader=dc5a192d-e9e0-46c7-8aee-58457d0752d8, voted=dc5a192d-e9e0-46c7-8aee-58457d0752d8, raftlog=Memoized:426e857f-dbb4-4c86-998f-375273f8a445@group-F47049CF8CE3-SegmentedRaftLog:OPENED:c0, conf=0: peers:[dc5a192d-e9e0-46c7-8aee-58457d0752d8|rpc:10.1.0.111:39795|dataStream:|priority:1|startupRole:FOLLOWER, 426e857f-dbb4-4c86-998f-375273f8a445|rpc:10.1.0.111:32949|dataStream:|priority:0|startupRole:FOLLOWER, 9f3b593f-78c6-4294-9602-7cd55c8a4272|rpc:10.1.0.111:40339|dataStream:|priority:0|startupRole:FOLLOWER]|listeners:[], old=null RUNNING
2022-11-08 11:40:50,704 [Command processor thread] INFO  server.RaftServer$Division (RaftServerImpl.java:lambda$close$4(458)) - 426e857f-dbb4-4c86-998f-375273f8a445@group-F47049CF8CE3: shutdown
2022-11-08 11:40:50,704 [Command processor thread] INFO  util.JmxRegister (JmxRegister.java:unregister(73)) - Successfully un-registered JMX Bean with object name Ratis:service=RaftServer,group=group-F47049CF8CE3,id=426e857f-dbb4-4c86-998f-375273f8a445
2022-11-08 11:40:50,704 [Command processor thread] INFO  impl.RoleInfo (RoleInfo.java:shutdownFollowerState(110)) - 426e857f-dbb4-4c86-998f-375273f8a445: shutdown 426e857f-dbb4-4c86-998f-375273f8a445@group-F47049CF8CE3-FollowerState
2022-11-08 11:40:50,705 [Command processor thread] INFO  impl.StateMachineUpdater (StateMachineUpdater.java:stopAndJoin(153)) - 426e857f-dbb4-4c86-998f-375273f8a445@group-F47049CF8CE3-StateMachineUpdater: set stopIndex = 0
2022-11-08 11:40:50,705 [426e857f-dbb4-4c86-998f-375273f8a445@group-F47049CF8CE3-FollowerState] INFO  impl.FollowerState (FollowerState.java:run(152)) - 426e857f-dbb4-4c86-998f-375273f8a445@group-F47049CF8CE3-FollowerState was interrupted
2022-11-08 11:40:50,706 [426e857f-dbb4-4c86-998f-375273f8a445@group-F47049CF8CE3-StateMachineUpdater] INFO  ratis.ContainerStateMachine (ContainerStateMachine.java:takeSnapshot(304)) - group-F47049CF8CE3: Taking a snapshot at:(t:2, i:0) file /home/runner/work/ozone/ozone/hadoop-ozone/integration-test/target/test-dir/MiniOzoneClusterImpl-c61d2d68-5505-4298-888d-dd71e22caacf/datanode-1/data/ratis/cc5c7c1f-499c-4037-8091-f47049cf8ce3/sm/snapshot.2_0
2022-11-08 11:40:50,707 [426e857f-dbb4-4c86-998f-375273f8a445@group-F47049CF8CE3-StateMachineUpdater] INFO  ratis.ContainerStateMachine (ContainerStateMachine.java:takeSnapshot(315)) - group-F47049CF8CE3: Finished taking a snapshot at:(t:2, i:0) file:/home/runner/work/ozone/ozone/hadoop-ozone/integration-test/target/test-dir/MiniOzoneClusterImpl-c61d2d68-5505-4298-888d-dd71e22caacf/datanode-1/data/ratis/cc5c7c1f-499c-4037-8091-f47049cf8ce3/sm/snapshot.2_0 took: 1 ms
2022-11-08 11:40:50,707 [426e857f-dbb4-4c86-998f-375273f8a445@group-F47049CF8CE3-StateMachineUpdater] INFO  impl.StateMachineUpdater (StateMachineUpdater.java:takeSnapshot(287)) - 426e857f-dbb4-4c86-998f-375273f8a445@group-F47049CF8CE3-StateMachineUpdater: Took a snapshot at index 0
2022-11-08 11:40:50,707 [426e857f-dbb4-4c86-998f-375273f8a445@group-F47049CF8CE3-StateMachineUpdater] INFO  impl.StateMachineUpdater (StateMachineUpdater.java:lambda$new$0(92)) - 426e857f-dbb4-4c86-998f-375273f8a445@group-F47049CF8CE3-StateMachineUpdater: snapshotIndex: updateIncreasingly -1 -> 0
2022-11-08 11:40:50,714 [Command processor thread] INFO  server.RaftServer$Division (ServerState.java:close(466)) - 426e857f-dbb4-4c86-998f-375273f8a445@group-F47049CF8CE3: closes. applyIndex: 0
2022-11-08 11:40:50,714 [426e857f-dbb4-4c86-998f-375273f8a445@group-F47049CF8CE3-SegmentedRaftLogWorker] INFO  segmented.SegmentedRaftLogWorker (SegmentedRaftLogWorker.java:run(345)) - 426e857f-dbb4-4c86-998f-375273f8a445@group-F47049CF8CE3-SegmentedRaftLogWorker was interrupted, exiting. There are 0 tasks remaining in the queue.
2022-11-08 11:40:50,716 [Command processor thread] INFO  segmented.SegmentedRaftLogWorker (SegmentedRaftLogWorker.java:close(255)) - 426e857f-dbb4-4c86-998f-375273f8a445@group-F47049CF8CE3-SegmentedRaftLogWorker close()
2022-11-08 11:40:50,719 [Command processor thread] INFO  server.RaftServer$Division (RaftServerImpl.java:groupRemove(428)) - 426e857f-dbb4-4c86-998f-375273f8a445@group-F47049CF8CE3: Succeed to remove RaftStorageDirectory Storage Directory /home/runner/work/ozone/ozone/hadoop-ozone/integration-test/target/test-dir/MiniOzoneClusterImpl-c61d2d68-5505-4298-888d-dd71e22caacf/datanode-1/data/ratis/cc5c7c1f-499c-4037-8091-f47049cf8ce3
2022-11-08 11:40:50,719 [Command processor thread] INFO  commandhandler.ClosePipelineCommandHandler (ClosePipelineCommandHandler.java:handle(78)) - Close Pipeline PipelineID=cc5c7c1f-499c-4037-8091-f47049cf8ce3 command on datanode 426e857f-dbb4-4c86-998f-375273f8a445.
2022-11-08 11:40:51,703 [Command processor thread] INFO  server.RaftServer (RaftServerProxy.java:remove(107)) - dc5a192d-e9e0-46c7-8aee-58457d0752d8: remove  FOLLOWER dc5a192d-e9e0-46c7-8aee-58457d0752d8@group-4F49288E7373:t2, leader=426e857f-dbb4-4c86-998f-375273f8a445, voted=426e857f-dbb4-4c86-998f-375273f8a445, raftlog=Memoized:dc5a192d-e9e0-46c7-8aee-58457d0752d8@group-4F49288E7373-SegmentedRaftLog:OPENED:c0, conf=0: peers:[dc5a192d-e9e0-46c7-8aee-58457d0752d8|rpc:10.1.0.111:39795|dataStream:|priority:0|startupRole:FOLLOWER, 426e857f-dbb4-4c86-998f-375273f8a445|rpc:10.1.0.111:32949|dataStream:|priority:1|startupRole:FOLLOWER, 9f3b593f-78c6-4294-9602-7cd55c8a4272|rpc:10.1.0.111:40339|dataStream:|priority:0|startupRole:FOLLOWER]|listeners:[], old=null RUNNING
2022-11-08 11:40:51,704 [Command processor thread] INFO  server.RaftServer$Division (RaftServerImpl.java:lambda$close$4(458)) - dc5a192d-e9e0-46c7-8aee-58457d0752d8@group-4F49288E7373: shutdown
2022-11-08 11:40:51,704 [Command processor thread] INFO  util.JmxRegister (JmxRegister.java:unregister(73)) - Successfully un-registered JMX Bean with object name Ratis:service=RaftServer,group=group-4F49288E7373,id=dc5a192d-e9e0-46c7-8aee-58457d0752d8
2022-11-08 11:40:51,704 [Command processor thread] INFO  impl.RoleInfo (RoleInfo.java:shutdownFollowerState(110)) - dc5a192d-e9e0-46c7-8aee-58457d0752d8: shutdown dc5a192d-e9e0-46c7-8aee-58457d0752d8@group-4F49288E7373-FollowerState
2022-11-08 11:40:51,704 [Command processor thread] INFO  impl.StateMachineUpdater (StateMachineUpdater.java:stopAndJoin(153)) - dc5a192d-e9e0-46c7-8aee-58457d0752d8@group-4F49288E7373-StateMachineUpdater: set stopIndex = 0
2022-11-08 11:40:51,705 [dc5a192d-e9e0-46c7-8aee-58457d0752d8@group-4F49288E7373-FollowerState] INFO  impl.FollowerState (FollowerState.java:run(152)) - dc5a192d-e9e0-46c7-8aee-58457d0752d8@group-4F49288E7373-FollowerState was interrupted
2022-11-08 11:40:51,707 [dc5a192d-e9e0-46c7-8aee-58457d0752d8@group-4F49288E7373-StateMachineUpdater] INFO  ratis.ContainerStateMachine (ContainerStateMachine.java:takeSnapshot(304)) - group-4F49288E7373: Taking a snapshot at:(t:2, i:0) file /home/runner/work/ozone/ozone/hadoop-ozone/integration-test/target/test-dir/MiniOzoneClusterImpl-c61d2d68-5505-4298-888d-dd71e22caacf/datanode-0/data/ratis/caa2970a-548d-4ab4-baf2-4f49288e7373/sm/snapshot.2_0
2022-11-08 11:40:51,708 [dc5a192d-e9e0-46c7-8aee-58457d0752d8@group-4F49288E7373-StateMachineUpdater] INFO  ratis.ContainerStateMachine (ContainerStateMachine.java:takeSnapshot(315)) - group-4F49288E7373: Finished taking a snapshot at:(t:2, i:0) file:/home/runner/work/ozone/ozone/hadoop-ozone/integration-test/target/test-dir/MiniOzoneClusterImpl-c61d2d68-5505-4298-888d-dd71e22caacf/datanode-0/data/ratis/caa2970a-548d-4ab4-baf2-4f49288e7373/sm/snapshot.2_0 took: 1 ms
2022-11-08 11:40:51,708 [dc5a192d-e9e0-46c7-8aee-58457d0752d8@group-4F49288E7373-StateMachineUpdater] INFO  impl.StateMachineUpdater (StateMachineUpdater.java:takeSnapshot(287)) - dc5a192d-e9e0-46c7-8aee-58457d0752d8@group-4F49288E7373-StateMachineUpdater: Took a snapshot at index 0
2022-11-08 11:40:51,709 [dc5a192d-e9e0-46c7-8aee-58457d0752d8@group-4F49288E7373-StateMachineUpdater] INFO  impl.StateMachineUpdater (StateMachineUpdater.java:lambda$new$0(92)) - dc5a192d-e9e0-46c7-8aee-58457d0752d8@group-4F49288E7373-StateMachineUpdater: snapshotIndex: updateIncreasingly -1 -> 0
2022-11-08 11:40:51,709 [Command processor thread] INFO  server.RaftServer$Division (ServerState.java:close(466)) - dc5a192d-e9e0-46c7-8aee-58457d0752d8@group-4F49288E7373: closes. applyIndex: 0
2022-11-08 11:40:51,709 [dc5a192d-e9e0-46c7-8aee-58457d0752d8@group-4F49288E7373-SegmentedRaftLogWorker] INFO  segmented.SegmentedRaftLogWorker (SegmentedRaftLogWorker.java:run(345)) - dc5a192d-e9e0-46c7-8aee-58457d0752d8@group-4F49288E7373-SegmentedRaftLogWorker was interrupted, exiting. There are 0 tasks remaining in the queue.
2022-11-08 11:40:51,711 [Command processor thread] INFO  segmented.SegmentedRaftLogWorker (SegmentedRaftLogWorker.java:close(255)) - dc5a192d-e9e0-46c7-8aee-58457d0752d8@group-4F49288E7373-SegmentedRaftLogWorker close()
2022-11-08 11:40:51,715 [Command processor thread] INFO  server.RaftServer$Division (RaftServerImpl.java:groupRemove(428)) - dc5a192d-e9e0-46c7-8aee-58457d0752d8@group-4F49288E7373: Succeed to remove RaftStorageDirectory Storage Directory /home/runner/work/ozone/ozone/hadoop-ozone/integration-test/target/test-dir/MiniOzoneClusterImpl-c61d2d68-5505-4298-888d-dd71e22caacf/datanode-0/data/ratis/caa2970a-548d-4ab4-baf2-4f49288e7373
2022-11-08 11:40:51,715 [Command processor thread] INFO  commandhandler.ClosePipelineCommandHandler (ClosePipelineCommandHandler.java:handle(78)) - Close Pipeline PipelineID=caa2970a-548d-4ab4-baf2-4f49288e7373 command on datanode dc5a192d-e9e0-46c7-8aee-58457d0752d8.
2022-11-08 11:40:51,716 [Command processor thread] INFO  server.RaftServer (RaftServerProxy.java:remove(107)) - dc5a192d-e9e0-46c7-8aee-58457d0752d8: remove    LEADER dc5a192d-e9e0-46c7-8aee-58457d0752d8@group-F47049CF8CE3:t2, leader=dc5a192d-e9e0-46c7-8aee-58457d0752d8, voted=dc5a192d-e9e0-46c7-8aee-58457d0752d8, raftlog=Memoized:dc5a192d-e9e0-46c7-8aee-58457d0752d8@group-F47049CF8CE3-SegmentedRaftLog:OPENED:c0, conf=0: peers:[dc5a192d-e9e0-46c7-8aee-58457d0752d8|rpc:10.1.0.111:39795|dataStream:|priority:1|startupRole:FOLLOWER, 426e857f-dbb4-4c86-998f-375273f8a445|rpc:10.1.0.111:32949|dataStream:|priority:0|startupRole:FOLLOWER, 9f3b593f-78c6-4294-9602-7cd55c8a4272|rpc:10.1.0.111:40339|dataStream:|priority:0|startupRole:FOLLOWER]|listeners:[], old=null RUNNING
2022-11-08 11:40:51,716 [Command processor thread] INFO  server.RaftServer$Division (RaftServerImpl.java:lambda$close$4(458)) - dc5a192d-e9e0-46c7-8aee-58457d0752d8@group-F47049CF8CE3: shutdown
2022-11-08 11:40:51,716 [Command processor thread] INFO  util.JmxRegister (JmxRegister.java:unregister(73)) - Successfully un-registered JMX Bean with object name Ratis:service=RaftServer,group=group-F47049CF8CE3,id=dc5a192d-e9e0-46c7-8aee-58457d0752d8
2022-11-08 11:40:51,716 [Command processor thread] INFO  impl.RoleInfo (RoleInfo.java:shutdownLeaderState(93)) - dc5a192d-e9e0-46c7-8aee-58457d0752d8: shutdown dc5a192d-e9e0-46c7-8aee-58457d0752d8@group-F47049CF8CE3-LeaderStateImpl
2022-11-08 11:40:51,716 [Command processor thread] INFO  impl.PendingRequests (PendingRequests.java:sendNotLeaderResponses(282)) - dc5a192d-e9e0-46c7-8aee-58457d0752d8@group-F47049CF8CE3-PendingRequests: sendNotLeaderResponses
2022-11-08 11:40:51,717 [dc5a192d-e9e0-46c7-8aee-58457d0752d8@group-F47049CF8CE3->9f3b593f-78c6-4294-9602-7cd55c8a4272-GrpcLogAppender-LogAppenderDaemon] WARN  server.GrpcLogAppender (GrpcLogAppender.java:mayWait(200)) - dc5a192d-e9e0-46c7-8aee-58457d0752d8@group-F47049CF8CE3->9f3b593f-78c6-4294-9602-7cd55c8a4272-GrpcLogAppender: Wait interrupted by java.lang.InterruptedException
2022-11-08 11:40:51,719 [grpc-default-executor-2] INFO  server.GrpcServerProtocolService (GrpcServerProtocolService.java:onCompleted(145)) - 9f3b593f-78c6-4294-9602-7cd55c8a4272: Completed APPEND_ENTRIES, lastRequest: null
2022-11-08 11:40:51,721 [dc5a192d-e9e0-46c7-8aee-58457d0752d8@group-F47049CF8CE3->426e857f-dbb4-4c86-998f-375273f8a445-GrpcLogAppender-LogAppenderDaemon] WARN  server.GrpcLogAppender (GrpcLogAppender.java:mayWait(200)) - dc5a192d-e9e0-46c7-8aee-58457d0752d8@group-F47049CF8CE3->426e857f-dbb4-4c86-998f-375273f8a445-GrpcLogAppender: Wait interrupted by java.lang.InterruptedException
2022-11-08 11:40:51,722 [dc5a192d-e9e0-46c7-8aee-58457d0752d8@group-F47049CF8CE3-StateMachineUpdater] INFO  ratis.ContainerStateMachine (ContainerStateMachine.java:takeSnapshot(304)) - group-F47049CF8CE3: Taking a snapshot at:(t:2, i:0) file /home/runner/work/ozone/ozone/hadoop-ozone/integration-test/target/test-dir/MiniOzoneClusterImpl-c61d2d68-5505-4298-888d-dd71e22caacf/datanode-0/data/ratis/cc5c7c1f-499c-4037-8091-f47049cf8ce3/sm/snapshot.2_0
2022-11-08 11:40:51,722 [Command processor thread] INFO  impl.StateMachineUpdater (StateMachineUpdater.java:stopAndJoin(153)) - dc5a192d-e9e0-46c7-8aee-58457d0752d8@group-F47049CF8CE3-StateMachineUpdater: set stopIndex = 0
2022-11-08 11:40:51,723 [grpc-default-executor-3] INFO  server.GrpcLogAppender (GrpcLogAppender.java:onCompleted(415)) - dc5a192d-e9e0-46c7-8aee-58457d0752d8@group-F47049CF8CE3->9f3b593f-78c6-4294-9602-7cd55c8a4272-AppendLogResponseHandler: follower responses appendEntries COMPLETED
2022-11-08 11:40:51,723 [dc5a192d-e9e0-46c7-8aee-58457d0752d8@group-F47049CF8CE3-StateMachineUpdater] INFO  ratis.ContainerStateMachine (ContainerStateMachine.java:takeSnapshot(315)) - group-F47049CF8CE3: Finished taking a snapshot at:(t:2, i:0) file:/home/runner/work/ozone/ozone/hadoop-ozone/integration-test/target/test-dir/MiniOzoneClusterImpl-c61d2d68-5505-4298-888d-dd71e22caacf/datanode-0/data/ratis/cc5c7c1f-499c-4037-8091-f47049cf8ce3/sm/snapshot.2_0 took: 1 ms
2022-11-08 11:40:51,723 [grpc-default-executor-3] INFO  leader.FollowerInfo (FollowerInfoImpl.java:lambda$new$0(48)) - dc5a192d-e9e0-46c7-8aee-58457d0752d8@group-F47049CF8CE3->9f3b593f-78c6-4294-9602-7cd55c8a4272: nextIndex: updateUnconditionally 1 -> 0
2022-11-08 11:40:51,724 [dc5a192d-e9e0-46c7-8aee-58457d0752d8@group-F47049CF8CE3-StateMachineUpdater] INFO  impl.StateMachineUpdater (StateMachineUpdater.java:takeSnapshot(287)) - dc5a192d-e9e0-46c7-8aee-58457d0752d8@group-F47049CF8CE3-StateMachineUpdater: Took a snapshot at index 0
2022-11-08 11:40:51,724 [dc5a192d-e9e0-46c7-8aee-58457d0752d8@group-F47049CF8CE3-StateMachineUpdater] INFO  impl.StateMachineUpdater (StateMachineUpdater.java:lambda$new$0(92)) - dc5a192d-e9e0-46c7-8aee-58457d0752d8@group-F47049CF8CE3-StateMachineUpdater: snapshotIndex: updateIncreasingly -1 -> 0
2022-11-08 11:40:51,724 [Command processor thread] INFO  server.RaftServer$Division (ServerState.java:close(466)) - dc5a192d-e9e0-46c7-8aee-58457d0752d8@group-F47049CF8CE3: closes. applyIndex: 0
2022-11-08 11:40:51,725 [grpc-default-executor-0] INFO  server.GrpcServerProtocolService (GrpcServerProtocolService.java:onCompleted(145)) - 9f3b593f-78c6-4294-9602-7cd55c8a4272: Completed APPEND_ENTRIES, lastRequest: dc5a192d-e9e0-46c7-8aee-58457d0752d8->9f3b593f-78c6-4294-9602-7cd55c8a4272#1-t2,previous=(t:0, i:0),leaderCommit=0,initializing? true,entries: size=1, first=(t:2, i:0), CONFIGURATIONENTRY(current:id: "dc5a192d-e9e0-46c7-8aee-58457d0752d8"
address: "10.1.0.111:39795"
priority: 1
clientAddress: "10.1.0.111:39795"
adminAddress: "10.1.0.111:39795"
startupRole: FOLLOWER
,id: "426e857f-dbb4-4c86-998f-375273f8a445"
address: "10.1.0.111:32949"
clientAddress: "10.1.0.111:32949"
adminAddress: "10.1.0.111:32949"
startupRole: FOLLOWER
,id: "9f3b593f-78c6-4294-9602-7cd55c8a4272"
address: "10.1.0.111:40339"
clientAddress: "10.1.0.111:40339"
adminAddress: "10.1.0.111:40339"
startupRole: FOLLOWER
, old:)
2022-11-08 11:40:51,726 [dc5a192d-e9e0-46c7-8aee-58457d0752d8@group-F47049CF8CE3-SegmentedRaftLogWorker] INFO  segmented.SegmentedRaftLogWorker (SegmentedRaftLogWorker.java:run(345)) - dc5a192d-e9e0-46c7-8aee-58457d0752d8@group-F47049CF8CE3-SegmentedRaftLogWorker was interrupted, exiting. There are 0 tasks remaining in the queue.
2022-11-08 11:40:51,727 [Command processor thread] INFO  segmented.SegmentedRaftLogWorker (SegmentedRaftLogWorker.java:close(255)) - dc5a192d-e9e0-46c7-8aee-58457d0752d8@group-F47049CF8CE3-SegmentedRaftLogWorker close()
2022-11-08 11:40:51,730 [grpc-default-executor-3] INFO  server.GrpcServerProtocolService (GrpcServerProtocolService.java:onCompleted(145)) - 426e857f-dbb4-4c86-998f-375273f8a445: Completed APPEND_ENTRIES, lastRequest: dc5a192d-e9e0-46c7-8aee-58457d0752d8->426e857f-dbb4-4c86-998f-375273f8a445#1-t2,previous=(t:0, i:0),leaderCommit=0,initializing? true,entries: size=1, first=(t:2, i:0), CONFIGURATIONENTRY(current:id: "dc5a192d-e9e0-46c7-8aee-58457d0752d8"
address: "10.1.0.111:39795"
priority: 1
clientAddress: "10.1.0.111:39795"
adminAddress: "10.1.0.111:39795"
startupRole: FOLLOWER
,id: "426e857f-dbb4-4c86-998f-375273f8a445"
address: "10.1.0.111:32949"
clientAddress: "10.1.0.111:32949"
adminAddress: "10.1.0.111:32949"
startupRole: FOLLOWER
,id: "9f3b593f-78c6-4294-9602-7cd55c8a4272"
address: "10.1.0.111:40339"
clientAddress: "10.1.0.111:40339"
adminAddress: "10.1.0.111:40339"
startupRole: FOLLOWER
, old:)
2022-11-08 11:40:51,730 [grpc-default-executor-0] INFO  server.GrpcServerProtocolService (GrpcServerProtocolService.java:onCompleted(145)) - 426e857f-dbb4-4c86-998f-375273f8a445: Completed APPEND_ENTRIES, lastRequest: null
2022-11-08 11:40:51,731 [grpc-default-executor-3] INFO  server.GrpcLogAppender (GrpcLogAppender.java:onCompleted(415)) - dc5a192d-e9e0-46c7-8aee-58457d0752d8@group-F47049CF8CE3->9f3b593f-78c6-4294-9602-7cd55c8a4272-AppendLogResponseHandler: follower responses appendEntries COMPLETED
2022-11-08 11:40:51,731 [grpc-default-executor-3] INFO  leader.FollowerInfo (FollowerInfoImpl.java:lambda$new$0(48)) - dc5a192d-e9e0-46c7-8aee-58457d0752d8@group-F47049CF8CE3->9f3b593f-78c6-4294-9602-7cd55c8a4272: nextIndex: updateUnconditionally 0 -> 0
2022-11-08 11:40:51,731 [Command processor thread] INFO  server.RaftServer$Division (RaftServerImpl.java:groupRemove(428)) - dc5a192d-e9e0-46c7-8aee-58457d0752d8@group-F47049CF8CE3: Succeed to remove RaftStorageDirectory Storage Directory /home/runner/work/ozone/ozone/hadoop-ozone/integration-test/target/test-dir/MiniOzoneClusterImpl-c61d2d68-5505-4298-888d-dd71e22caacf/datanode-0/data/ratis/cc5c7c1f-499c-4037-8091-f47049cf8ce3
2022-11-08 11:40:51,731 [Command processor thread] INFO  commandhandler.ClosePipelineCommandHandler (ClosePipelineCommandHandler.java:handle(78)) - Close Pipeline PipelineID=cc5c7c1f-499c-4037-8091-f47049cf8ce3 command on datanode dc5a192d-e9e0-46c7-8aee-58457d0752d8.
2022-11-08 11:40:51,731 [grpc-default-executor-3] INFO  server.GrpcLogAppender (GrpcLogAppender.java:onCompleted(415)) - dc5a192d-e9e0-46c7-8aee-58457d0752d8@group-F47049CF8CE3->426e857f-dbb4-4c86-998f-375273f8a445-AppendLogResponseHandler: follower responses appendEntries COMPLETED
2022-11-08 11:40:51,732 [grpc-default-executor-3] INFO  leader.FollowerInfo (FollowerInfoImpl.java:lambda$new$0(48)) - dc5a192d-e9e0-46c7-8aee-58457d0752d8@group-F47049CF8CE3->426e857f-dbb4-4c86-998f-375273f8a445: nextIndex: updateUnconditionally 1 -> 0
2022-11-08 11:40:51,735 [grpc-default-executor-3] INFO  server.GrpcLogAppender (GrpcLogAppender.java:onCompleted(415)) - dc5a192d-e9e0-46c7-8aee-58457d0752d8@group-F47049CF8CE3->426e857f-dbb4-4c86-998f-375273f8a445-AppendLogResponseHandler: follower responses appendEntries COMPLETED
2022-11-08 11:40:51,735 [grpc-default-executor-3] INFO  leader.FollowerInfo (FollowerInfoImpl.java:lambda$new$0(48)) - dc5a192d-e9e0-46c7-8aee-58457d0752d8@group-F47049CF8CE3->426e857f-dbb4-4c86-998f-375273f8a445: nextIndex: updateUnconditionally 0 -> 0
2022-11-08 11:40:53,198 [Under Replicated Processor] INFO  replication.UnderReplicatedProcessor (UnderReplicatedProcessor.java:processAll(92)) - Processed 0 under replicated containers, failed processing 0
2022-11-08 11:40:53,210 [Over Replicated Processor] INFO  replication.OverReplicatedProcessor (OverReplicatedProcessor.java:processAll(90)) - Processed 0 over replicated containers, failed processing 0
2022-11-08 11:40:54,080 [b82692f7-3e6b-41da-8c72-517365e0a845@group-C9CEE55CC8A6-FollowerState] INFO  impl.FollowerState (FollowerState.java:run(143)) - b82692f7-3e6b-41da-8c72-517365e0a845@group-C9CEE55CC8A6-FollowerState: change to CANDIDATE, lastRpcElapsedTime:5070596216ns, electionTimeout:5069ms
2022-11-08 11:40:54,081 [b82692f7-3e6b-41da-8c72-517365e0a845@group-C9CEE55CC8A6-FollowerState] INFO  impl.RoleInfo (RoleInfo.java:shutdownFollowerState(110)) - b82692f7-3e6b-41da-8c72-517365e0a845: shutdown b82692f7-3e6b-41da-8c72-517365e0a845@group-C9CEE55CC8A6-FollowerState
2022-11-08 11:40:54,081 [b82692f7-3e6b-41da-8c72-517365e0a845@group-C9CEE55CC8A6-FollowerState] INFO  server.RaftServer$Division (RaftServerImpl.java:setRole(321)) - b82692f7-3e6b-41da-8c72-517365e0a845@group-C9CEE55CC8A6: changes role from  FOLLOWER to CANDIDATE at term 2 for changeToCandidate
2022-11-08 11:40:54,081 [b82692f7-3e6b-41da-8c72-517365e0a845@group-C9CEE55CC8A6-FollowerState] INFO  server.RaftServerConfigKeys (ConfUtils.java:logGet(46)) - raft.server.leaderelection.pre-vote = false (custom)
2022-11-08 11:40:54,081 [b82692f7-3e6b-41da-8c72-517365e0a845@group-C9CEE55CC8A6-FollowerState] INFO  impl.RoleInfo (RoleInfo.java:updateAndGet(139)) - b82692f7-3e6b-41da-8c72-517365e0a845: start b82692f7-3e6b-41da-8c72-517365e0a845@group-C9CEE55CC8A6-LeaderElection18
2022-11-08 11:40:54,095 [b82692f7-3e6b-41da-8c72-517365e0a845@group-C9CEE55CC8A6-LeaderElection18] INFO  impl.LeaderElection (LeaderElection.java:askForVotes(312)) - b82692f7-3e6b-41da-8c72-517365e0a845@group-C9CEE55CC8A6-LeaderElection18 ELECTION round 0: submit vote requests at term 3 for -1: peers:[8949e68c-e95d-4b98-a083-33911916c13e|rpc:10.1.0.111:39377|priority:0|startupRole:FOLLOWER, d94fe112-7331-4555-8545-ea5a46cf3e05|rpc:10.1.0.111:45971|priority:0|startupRole:FOLLOWER, b82692f7-3e6b-41da-8c72-517365e0a845|rpc:10.1.0.111:44405|priority:1|startupRole:FOLLOWER]|listeners:[], old=null
2022-11-08 11:40:54,101 [b82692f7-3e6b-41da-8c72-517365e0a845@group-C9CEE55CC8A6-LeaderElection18] INFO  server.RaftServerConfigKeys (ConfUtils.java:logFallback(53)) - raft.server.rpc.first-election.timeout.min = 5s (fallback to raft.server.rpc.timeout.min)
2022-11-08 11:40:54,101 [b82692f7-3e6b-41da-8c72-517365e0a845@group-C9CEE55CC8A6-LeaderElection18] INFO  server.RaftServerConfigKeys (ConfUtils.java:logFallback(53)) - raft.server.rpc.first-election.timeout.max = 5200ms (fallback to raft.server.rpc.timeout.max)
2022-11-08 11:40:54,103 [grpc-default-executor-3] INFO  server.RaftServer$Division (RaftServerImpl.java:requestVote(1218)) - 8949e68c-e95d-4b98-a083-33911916c13e@group-C9CEE55CC8A6: receive requestVote(ELECTION, b82692f7-3e6b-41da-8c72-517365e0a845, group-C9CEE55CC8A6, 3, (t:0, i:0))
2022-11-08 11:40:54,103 [grpc-default-executor-3] INFO  impl.VoteContext (VoteContext.java:log(48)) - 8949e68c-e95d-4b98-a083-33911916c13e@group-C9CEE55CC8A6-FOLLOWER: accept ELECTION from b82692f7-3e6b-41da-8c72-517365e0a845: our priority 0 <= candidate's priority 1
2022-11-08 11:40:54,103 [grpc-default-executor-3] INFO  server.RaftServer$Division (RaftServerImpl.java:setRole(321)) - 8949e68c-e95d-4b98-a083-33911916c13e@group-C9CEE55CC8A6: changes role from  FOLLOWER to FOLLOWER at term 3 for candidate:b82692f7-3e6b-41da-8c72-517365e0a845
2022-11-08 11:40:54,103 [grpc-default-executor-3] INFO  impl.RoleInfo (RoleInfo.java:shutdownFollowerState(110)) - 8949e68c-e95d-4b98-a083-33911916c13e: shutdown 8949e68c-e95d-4b98-a083-33911916c13e@group-C9CEE55CC8A6-FollowerState
2022-11-08 11:40:54,103 [grpc-default-executor-0] INFO  server.RaftServer$Division (RaftServerImpl.java:requestVote(1218)) - d94fe112-7331-4555-8545-ea5a46cf3e05@group-C9CEE55CC8A6: receive requestVote(ELECTION, b82692f7-3e6b-41da-8c72-517365e0a845, group-C9CEE55CC8A6, 3, (t:0, i:0))
2022-11-08 11:40:54,103 [8949e68c-e95d-4b98-a083-33911916c13e@group-C9CEE55CC8A6-FollowerState] INFO  impl.FollowerState (FollowerState.java:run(152)) - 8949e68c-e95d-4b98-a083-33911916c13e@group-C9CEE55CC8A6-FollowerState was interrupted
2022-11-08 11:40:54,103 [grpc-default-executor-3] INFO  impl.RoleInfo (RoleInfo.java:updateAndGet(139)) - 8949e68c-e95d-4b98-a083-33911916c13e: start 8949e68c-e95d-4b98-a083-33911916c13e@group-C9CEE55CC8A6-FollowerState
2022-11-08 11:40:54,103 [grpc-default-executor-0] INFO  impl.VoteContext (VoteContext.java:log(48)) - d94fe112-7331-4555-8545-ea5a46cf3e05@group-C9CEE55CC8A6-FOLLOWER: accept ELECTION from b82692f7-3e6b-41da-8c72-517365e0a845: our priority 0 <= candidate's priority 1
2022-11-08 11:40:54,104 [grpc-default-executor-0] INFO  server.RaftServer$Division (RaftServerImpl.java:setRole(321)) - d94fe112-7331-4555-8545-ea5a46cf3e05@group-C9CEE55CC8A6: changes role from  FOLLOWER to FOLLOWER at term 3 for candidate:b82692f7-3e6b-41da-8c72-517365e0a845
2022-11-08 11:40:54,104 [grpc-default-executor-0] INFO  impl.RoleInfo (RoleInfo.java:shutdownFollowerState(110)) - d94fe112-7331-4555-8545-ea5a46cf3e05: shutdown d94fe112-7331-4555-8545-ea5a46cf3e05@group-C9CEE55CC8A6-FollowerState
2022-11-08 11:40:54,105 [grpc-default-executor-0] INFO  impl.RoleInfo (RoleInfo.java:updateAndGet(139)) - d94fe112-7331-4555-8545-ea5a46cf3e05: start d94fe112-7331-4555-8545-ea5a46cf3e05@group-C9CEE55CC8A6-FollowerState
2022-11-08 11:40:54,105 [d94fe112-7331-4555-8545-ea5a46cf3e05@group-C9CEE55CC8A6-FollowerState] INFO  impl.FollowerState (FollowerState.java:run(152)) - d94fe112-7331-4555-8545-ea5a46cf3e05@group-C9CEE55CC8A6-FollowerState was interrupted
2022-11-08 11:40:54,105 [8949e68c-e95d-4b98-a083-33911916c13e@group-C9CEE55CC8A6-FollowerState] INFO  server.RaftServerConfigKeys (ConfUtils.java:logFallback(53)) - raft.server.rpc.first-election.timeout.min = 5s (fallback to raft.server.rpc.timeout.min)
2022-11-08 11:40:54,106 [8949e68c-e95d-4b98-a083-33911916c13e@group-C9CEE55CC8A6-FollowerState] INFO  server.RaftServerConfigKeys (ConfUtils.java:logFallback(53)) - raft.server.rpc.first-election.timeout.max = 5200ms (fallback to raft.server.rpc.timeout.max)
2022-11-08 11:40:54,114 [grpc-default-executor-3] INFO  server.RaftServer$Division (RaftServerImpl.java:requestVote(1251)) - 8949e68c-e95d-4b98-a083-33911916c13e@group-C9CEE55CC8A6 replies to ELECTION vote request: b82692f7-3e6b-41da-8c72-517365e0a845<-8949e68c-e95d-4b98-a083-33911916c13e#0:OK-t3. Peer's state: 8949e68c-e95d-4b98-a083-33911916c13e@group-C9CEE55CC8A6:t3, leader=null, voted=b82692f7-3e6b-41da-8c72-517365e0a845, raftlog=Memoized:8949e68c-e95d-4b98-a083-33911916c13e@group-C9CEE55CC8A6-SegmentedRaftLog:OPENED:c-1, conf=-1: peers:[8949e68c-e95d-4b98-a083-33911916c13e|rpc:10.1.0.111:39377|dataStream:|priority:0|startupRole:FOLLOWER, d94fe112-7331-4555-8545-ea5a46cf3e05|rpc:10.1.0.111:45971|dataStream:|priority:0|startupRole:FOLLOWER, b82692f7-3e6b-41da-8c72-517365e0a845|rpc:10.1.0.111:44405|dataStream:|priority:1|startupRole:FOLLOWER]|listeners:[], old=null
2022-11-08 11:40:54,115 [d94fe112-7331-4555-8545-ea5a46cf3e05@group-C9CEE55CC8A6-FollowerState] INFO  server.RaftServerConfigKeys (ConfUtils.java:logFallback(53)) - raft.server.rpc.first-election.timeout.min = 5s (fallback to raft.server.rpc.timeout.min)
2022-11-08 11:40:54,115 [d94fe112-7331-4555-8545-ea5a46cf3e05@group-C9CEE55CC8A6-FollowerState] INFO  server.RaftServerConfigKeys (ConfUtils.java:logFallback(53)) - raft.server.rpc.first-election.timeout.max = 5200ms (fallback to raft.server.rpc.timeout.max)
2022-11-08 11:40:54,115 [grpc-default-executor-0] INFO  server.RaftServer$Division (RaftServerImpl.java:requestVote(1251)) - d94fe112-7331-4555-8545-ea5a46cf3e05@group-C9CEE55CC8A6 replies to ELECTION vote request: b82692f7-3e6b-41da-8c72-517365e0a845<-d94fe112-7331-4555-8545-ea5a46cf3e05#0:OK-t3. Peer's state: d94fe112-7331-4555-8545-ea5a46cf3e05@group-C9CEE55CC8A6:t3, leader=null, voted=b82692f7-3e6b-41da-8c72-517365e0a845, raftlog=Memoized:d94fe112-7331-4555-8545-ea5a46cf3e05@group-C9CEE55CC8A6-SegmentedRaftLog:OPENED:c-1, conf=-1: peers:[8949e68c-e95d-4b98-a083-33911916c13e|rpc:10.1.0.111:39377|dataStream:|priority:0|startupRole:FOLLOWER, d94fe112-7331-4555-8545-ea5a46cf3e05|rpc:10.1.0.111:45971|dataStream:|priority:0|startupRole:FOLLOWER, b82692f7-3e6b-41da-8c72-517365e0a845|rpc:10.1.0.111:44405|dataStream:|priority:1|startupRole:FOLLOWER]|listeners:[], old=null
2022-11-08 11:40:54,116 [b82692f7-3e6b-41da-8c72-517365e0a845@group-C9CEE55CC8A6-LeaderElection18] INFO  impl.LeaderElection (LeaderElection.java:logAndReturn(90)) - b82692f7-3e6b-41da-8c72-517365e0a845@group-C9CEE55CC8A6-LeaderElection18: ELECTION PASSED received 1 response(s) and 0 exception(s):
2022-11-08 11:40:54,116 [b82692f7-3e6b-41da-8c72-517365e0a845@group-C9CEE55CC8A6-LeaderElection18] INFO  impl.LeaderElection (LeaderElection.java:logAndReturn(94)) -   Response 0: b82692f7-3e6b-41da-8c72-517365e0a845<-8949e68c-e95d-4b98-a083-33911916c13e#0:OK-t3
2022-11-08 11:40:54,116 [b82692f7-3e6b-41da-8c72-517365e0a845@group-C9CEE55CC8A6-LeaderElection18] INFO  impl.LeaderElection (LeaderElection.java:askForVotes(314)) - b82692f7-3e6b-41da-8c72-517365e0a845@group-C9CEE55CC8A6-LeaderElection18 ELECTION round 0: result PASSED
2022-11-08 11:40:54,116 [b82692f7-3e6b-41da-8c72-517365e0a845@group-C9CEE55CC8A6-LeaderElection18] INFO  impl.RoleInfo (RoleInfo.java:shutdownLeaderElection(130)) - b82692f7-3e6b-41da-8c72-517365e0a845: shutdown b82692f7-3e6b-41da-8c72-517365e0a845@group-C9CEE55CC8A6-LeaderElection18
2022-11-08 11:40:54,116 [b82692f7-3e6b-41da-8c72-517365e0a845@group-C9CEE55CC8A6-LeaderElection18] INFO  server.RaftServer$Division (RaftServerImpl.java:setRole(321)) - b82692f7-3e6b-41da-8c72-517365e0a845@group-C9CEE55CC8A6: changes role from CANDIDATE to LEADER at term 3 for changeToLeader
2022-11-08 11:40:54,116 [b82692f7-3e6b-41da-8c72-517365e0a845@group-C9CEE55CC8A6-LeaderElection18] INFO  ratis.XceiverServerRatis (XceiverServerRatis.java:handleLeaderChangedNotification(863)) - Leader change notification received for group: group-C9CEE55CC8A6 with new leaderId: b82692f7-3e6b-41da-8c72-517365e0a845
2022-11-08 11:40:54,117 [b82692f7-3e6b-41da-8c72-517365e0a845@group-C9CEE55CC8A6-LeaderElection18] INFO  server.RaftServer$Division (ServerState.java:setLeader(313)) - b82692f7-3e6b-41da-8c72-517365e0a845@group-C9CEE55CC8A6: change Leader from null to b82692f7-3e6b-41da-8c72-517365e0a845 at term 3 for becomeLeader, leader elected after 15356ms
2022-11-08 11:40:54,117 [b82692f7-3e6b-41da-8c72-517365e0a845@group-C9CEE55CC8A6-LeaderElection18] INFO  server.RaftServerConfigKeys (ConfUtils.java:logGet(46)) - raft.server.staging.catchup.gap = 1000 (default)
2022-11-08 11:40:54,117 [b82692f7-3e6b-41da-8c72-517365e0a845@group-C9CEE55CC8A6-LeaderElection18] INFO  server.RaftServerConfigKeys (ConfUtils.java:logGet(46)) - raft.server.write.element-limit = 1024 (custom)
2022-11-08 11:40:54,117 [b82692f7-3e6b-41da-8c72-517365e0a845@group-C9CEE55CC8A6-LeaderElection18] INFO  server.RaftServerConfigKeys (ConfUtils.java:logGet(46)) - raft.server.write.byte-limit = 1024 M (=1073741824) (custom)
2022-11-08 11:40:54,117 [b82692f7-3e6b-41da-8c72-517365e0a845@group-C9CEE55CC8A6-LeaderElection18] INFO  server.RaftServerConfigKeys (ConfUtils.java:logGet(46)) - raft.server.watch.timeout = 180s (custom)
2022-11-08 11:40:54,117 [b82692f7-3e6b-41da-8c72-517365e0a845@group-C9CEE55CC8A6-LeaderElection18] INFO  server.RaftServerConfigKeys (ConfUtils.java:logGet(46)) - raft.server.watch.timeout.denomination = 1s (default)
2022-11-08 11:40:54,118 [b82692f7-3e6b-41da-8c72-517365e0a845@group-C9CEE55CC8A6-LeaderElection18] INFO  server.RaftServerConfigKeys (ConfUtils.java:logGet(46)) - raft.server.watch.element-limit = 65536 (default)
2022-11-08 11:40:54,118 [b82692f7-3e6b-41da-8c72-517365e0a845@group-C9CEE55CC8A6-LeaderElection18] INFO  server.RaftServerConfigKeys (ConfUtils.java:logGet(46)) - raft.server.write.element-limit = 1024 (custom)
2022-11-08 11:40:54,118 [b82692f7-3e6b-41da-8c72-517365e0a845@group-C9CEE55CC8A6-LeaderElection18] INFO  server.RaftServerConfigKeys (ConfUtils.java:logGet(46)) - raft.server.write.follower.gap.ratio.max = -1.0 (default)
2022-11-08 11:40:54,119 [EventQueue-PipelineReportForPipelineReportHandler] INFO  pipeline.PipelineManagerImpl (PipelineManagerImpl.java:openPipeline(367)) - Pipeline Pipeline[ Id: bbe78ed5-a254-4e10-a016-c9cee55cc8a6, Nodes: d94fe112-7331-4555-8545-ea5a46cf3e05{ip: 10.1.0.111, host: fv-az573-890.uspngagyt4suddso0aj1djjezg.dx.internal.cloudapp.net, ports: [REPLICATION=42317, RATIS=45971, RATIS_ADMIN=45971, RATIS_SERVER=45971, STANDALONE=42107], networkLocation: /default-rack, certSerialId: null, persistedOpState: IN_SERVICE, persistedOpStateExpiryEpochSec: 0}b82692f7-3e6b-41da-8c72-517365e0a845{ip: 10.1.0.111, host: fv-az573-890.uspngagyt4suddso0aj1djjezg.dx.internal.cloudapp.net, ports: [REPLICATION=43589, RATIS=44405, RATIS_ADMIN=44405, RATIS_SERVER=44405, STANDALONE=46559], networkLocation: /default-rack, certSerialId: null, persistedOpState: IN_SERVICE, persistedOpStateExpiryEpochSec: 0}8949e68c-e95d-4b98-a083-33911916c13e{ip: 10.1.0.111, host: fv-az573-890.uspngagyt4suddso0aj1djjezg.dx.internal.cloudapp.net, ports: [REPLICATION=33851, RATIS=39377, RATIS_ADMIN=39377, RATIS_SERVER=39377, STANDALONE=42369], networkLocation: /default-rack, certSerialId: null, persistedOpState: IN_SERVICE, persistedOpStateExpiryEpochSec: 0}, ReplicationConfig: RATIS/THREE, State:ALLOCATED, leaderId:b82692f7-3e6b-41da-8c72-517365e0a845, CreationTimestamp2022-11-08T11:40:36.645Z[Etc/UTC]] moved to OPEN state
2022-11-08 11:40:54,119 [b82692f7-3e6b-41da-8c72-517365e0a845@group-C9CEE55CC8A6-LeaderElection18] INFO  server.RaftServerConfigKeys (ConfUtils.java:logGet(46)) - raft.server.log.appender.snapshot.chunk.size.max = 16MB (=16777216) (default)
2022-11-08 11:40:54,119 [b82692f7-3e6b-41da-8c72-517365e0a845@group-C9CEE55CC8A6-LeaderElection18] INFO  server.RaftServerConfigKeys (ConfUtils.java:logGet(46)) - raft.server.log.appender.buffer.byte-limit = 33554432 (custom)
2022-11-08 11:40:54,119 [b82692f7-3e6b-41da-8c72-517365e0a845@group-C9CEE55CC8A6-LeaderElection18] INFO  server.RaftServerConfigKeys (ConfUtils.java:logGet(46)) - raft.server.log.appender.buffer.element-limit = 1 (custom)
2022-11-08 11:40:54,119 [b82692f7-3e6b-41da-8c72-517365e0a845@group-C9CEE55CC8A6-LeaderElection18] INFO  grpc.GrpcConfigKeys (ConfUtils.java:logGet(46)) - raft.grpc.server.leader.outstanding.appends.max = 128 (default)
2022-11-08 11:40:54,120 [b82692f7-3e6b-41da-8c72-517365e0a845@group-C9CEE55CC8A6-LeaderElection18] INFO  server.RaftServerConfigKeys (ConfUtils.java:logGet(46)) - raft.server.rpc.request.timeout = 60s (custom)
2022-11-08 11:40:54,120 [b82692f7-3e6b-41da-8c72-517365e0a845@group-C9CEE55CC8A6-LeaderElection18] INFO  server.RaftServerConfigKeys (ConfUtils.java:logGet(46)) - raft.server.log.appender.install.snapshot.enabled = false (custom)
2022-11-08 11:40:54,120 [b82692f7-3e6b-41da-8c72-517365e0a845@group-C9CEE55CC8A6-LeaderElection18] INFO  grpc.GrpcConfigKeys (ConfUtils.java:logGet(46)) - raft.grpc.server.heartbeat.channel = true (default)
2022-11-08 11:40:54,122 [b82692f7-3e6b-41da-8c72-517365e0a845@group-C9CEE55CC8A6-LeaderElection18] INFO  server.RaftServerConfigKeys (ConfUtils.java:logGet(46)) - raft.server.log.appender.wait-time.min = 10ms (default)
2022-11-08 11:40:54,123 [b82692f7-3e6b-41da-8c72-517365e0a845@group-C9CEE55CC8A6-LeaderElection18] INFO  server.RaftServerConfigKeys (ConfUtils.java:logGet(46)) - raft.server.log.appender.snapshot.chunk.size.max = 16MB (=16777216) (default)
2022-11-08 11:40:54,123 [b82692f7-3e6b-41da-8c72-517365e0a845@group-C9CEE55CC8A6-LeaderElection18] INFO  server.RaftServerConfigKeys (ConfUtils.java:logGet(46)) - raft.server.log.appender.buffer.byte-limit = 33554432 (custom)
2022-11-08 11:40:54,123 [b82692f7-3e6b-41da-8c72-517365e0a845@group-C9CEE55CC8A6-LeaderElection18] INFO  server.RaftServerConfigKeys (ConfUtils.java:logGet(46)) - raft.server.log.appender.buffer.element-limit = 1 (custom)
2022-11-08 11:40:54,123 [b82692f7-3e6b-41da-8c72-517365e0a845@group-C9CEE55CC8A6-LeaderElection18] INFO  grpc.GrpcConfigKeys (ConfUtils.java:logGet(46)) - raft.grpc.server.leader.outstanding.appends.max = 128 (default)
2022-11-08 11:40:54,123 [b82692f7-3e6b-41da-8c72-517365e0a845@group-C9CEE55CC8A6-LeaderElection18] INFO  server.RaftServerConfigKeys (ConfUtils.java:logGet(46)) - raft.server.rpc.request.timeout = 60s (custom)
2022-11-08 11:40:54,123 [b82692f7-3e6b-41da-8c72-517365e0a845@group-C9CEE55CC8A6-LeaderElection18] INFO  server.RaftServerConfigKeys (ConfUtils.java:logGet(46)) - raft.server.log.appender.install.snapshot.enabled = false (custom)
2022-11-08 11:40:54,123 [b82692f7-3e6b-41da-8c72-517365e0a845@group-C9CEE55CC8A6-LeaderElection18] INFO  grpc.GrpcConfigKeys (ConfUtils.java:logGet(46)) - raft.grpc.server.heartbeat.channel = true (default)
2022-11-08 11:40:54,124 [b82692f7-3e6b-41da-8c72-517365e0a845@group-C9CEE55CC8A6-LeaderElection18] INFO  server.RaftServerConfigKeys (ConfUtils.java:logGet(46)) - raft.server.log.appender.wait-time.min = 10ms (default)
2022-11-08 11:40:54,124 [b82692f7-3e6b-41da-8c72-517365e0a845@group-C9CEE55CC8A6-LeaderElection18] INFO  impl.RoleInfo (RoleInfo.java:updateAndGet(139)) - b82692f7-3e6b-41da-8c72-517365e0a845: start b82692f7-3e6b-41da-8c72-517365e0a845@group-C9CEE55CC8A6-LeaderStateImpl
2022-11-08 11:40:54,124 [b82692f7-3e6b-41da-8c72-517365e0a845@group-C9CEE55CC8A6-LeaderElection18] INFO  segmented.SegmentedRaftLogWorker (SegmentedRaftLogWorker.java:startLogSegment(452)) - b82692f7-3e6b-41da-8c72-517365e0a845@group-C9CEE55CC8A6-SegmentedRaftLogWorker: Starting segment from index:0
2022-11-08 11:40:54,126 [b82692f7-3e6b-41da-8c72-517365e0a845@group-C9CEE55CC8A6-SegmentedRaftLogWorker] INFO  segmented.SegmentedRaftLogWorker (SegmentedRaftLogWorker.java:execute(656)) - b82692f7-3e6b-41da-8c72-517365e0a845@group-C9CEE55CC8A6-SegmentedRaftLogWorker: created new log segment /home/runner/work/ozone/ozone/hadoop-ozone/integration-test/target/test-dir/MiniOzoneClusterImpl-c61d2d68-5505-4298-888d-dd71e22caacf/datanode-3/data/ratis/bbe78ed5-a254-4e10-a016-c9cee55cc8a6/current/log_inprogress_0
2022-11-08 11:40:54,144 [b82692f7-3e6b-41da-8c72-517365e0a845@group-C9CEE55CC8A6-LeaderElection18] INFO  server.RaftServer$Division (ServerState.java:setRaftConf(430)) - b82692f7-3e6b-41da-8c72-517365e0a845@group-C9CEE55CC8A6: set configuration 0: peers:[8949e68c-e95d-4b98-a083-33911916c13e|rpc:10.1.0.111:39377|dataStream:|priority:0|startupRole:FOLLOWER, d94fe112-7331-4555-8545-ea5a46cf3e05|rpc:10.1.0.111:45971|dataStream:|priority:0|startupRole:FOLLOWER, b82692f7-3e6b-41da-8c72-517365e0a845|rpc:10.1.0.111:44405|dataStream:|priority:1|startupRole:FOLLOWER]|listeners:[], old=null
2022-11-08 11:40:54,158 [8949e68c-e95d-4b98-a083-33911916c13e-server-thread1] INFO  ratis.XceiverServerRatis (XceiverServerRatis.java:handleLeaderChangedNotification(863)) - Leader change notification received for group: group-C9CEE55CC8A6 with new leaderId: b82692f7-3e6b-41da-8c72-517365e0a845
2022-11-08 11:40:54,158 [8949e68c-e95d-4b98-a083-33911916c13e-server-thread1] INFO  server.RaftServer$Division (ServerState.java:setLeader(313)) - 8949e68c-e95d-4b98-a083-33911916c13e@group-C9CEE55CC8A6: change Leader from null to b82692f7-3e6b-41da-8c72-517365e0a845 at term 3 for appendEntries, leader elected after 15288ms
2022-11-08 11:40:54,162 [d94fe112-7331-4555-8545-ea5a46cf3e05-server-thread2] INFO  ratis.XceiverServerRatis (XceiverServerRatis.java:handleLeaderChangedNotification(863)) - Leader change notification received for group: group-C9CEE55CC8A6 with new leaderId: b82692f7-3e6b-41da-8c72-517365e0a845
2022-11-08 11:40:54,162 [d94fe112-7331-4555-8545-ea5a46cf3e05-server-thread2] INFO  server.RaftServer$Division (ServerState.java:setLeader(313)) - d94fe112-7331-4555-8545-ea5a46cf3e05@group-C9CEE55CC8A6: change Leader from null to b82692f7-3e6b-41da-8c72-517365e0a845 at term 3 for appendEntries, leader elected after 15351ms
2022-11-08 11:40:54,168 [8949e68c-e95d-4b98-a083-33911916c13e-server-thread2] INFO  server.RaftServer$Division (ServerState.java:setRaftConf(430)) - 8949e68c-e95d-4b98-a083-33911916c13e@group-C9CEE55CC8A6: set configuration 0: peers:[8949e68c-e95d-4b98-a083-33911916c13e|rpc:10.1.0.111:39377|dataStream:|priority:0|startupRole:FOLLOWER, d94fe112-7331-4555-8545-ea5a46cf3e05|rpc:10.1.0.111:45971|dataStream:|priority:0|startupRole:FOLLOWER, b82692f7-3e6b-41da-8c72-517365e0a845|rpc:10.1.0.111:44405|dataStream:|priority:1|startupRole:FOLLOWER]|listeners:[], old=null
2022-11-08 11:40:54,170 [d94fe112-7331-4555-8545-ea5a46cf3e05-server-thread2] INFO  server.RaftServer$Division (ServerState.java:setRaftConf(430)) - d94fe112-7331-4555-8545-ea5a46cf3e05@group-C9CEE55CC8A6: set configuration 0: peers:[8949e68c-e95d-4b98-a083-33911916c13e|rpc:10.1.0.111:39377|dataStream:|priority:0|startupRole:FOLLOWER, d94fe112-7331-4555-8545-ea5a46cf3e05|rpc:10.1.0.111:45971|dataStream:|priority:0|startupRole:FOLLOWER, b82692f7-3e6b-41da-8c72-517365e0a845|rpc:10.1.0.111:44405|dataStream:|priority:1|startupRole:FOLLOWER]|listeners:[], old=null
2022-11-08 11:40:54,172 [8949e68c-e95d-4b98-a083-33911916c13e-server-thread2] INFO  segmented.SegmentedRaftLogWorker (SegmentedRaftLogWorker.java:startLogSegment(452)) - 8949e68c-e95d-4b98-a083-33911916c13e@group-C9CEE55CC8A6-SegmentedRaftLogWorker: Starting segment from index:0
2022-11-08 11:40:54,172 [d94fe112-7331-4555-8545-ea5a46cf3e05-server-thread2] INFO  segmented.SegmentedRaftLogWorker (SegmentedRaftLogWorker.java:startLogSegment(452)) - d94fe112-7331-4555-8545-ea5a46cf3e05@group-C9CEE55CC8A6-SegmentedRaftLogWorker: Starting segment from index:0
2022-11-08 11:40:54,174 [8949e68c-e95d-4b98-a083-33911916c13e@group-C9CEE55CC8A6-SegmentedRaftLogWorker] INFO  segmented.SegmentedRaftLogWorker (SegmentedRaftLogWorker.java:execute(656)) - 8949e68c-e95d-4b98-a083-33911916c13e@group-C9CEE55CC8A6-SegmentedRaftLogWorker: created new log segment /home/runner/work/ozone/ozone/hadoop-ozone/integration-test/target/test-dir/MiniOzoneClusterImpl-c61d2d68-5505-4298-888d-dd71e22caacf/datanode-5/data/ratis/bbe78ed5-a254-4e10-a016-c9cee55cc8a6/current/log_inprogress_0
2022-11-08 11:40:54,175 [d94fe112-7331-4555-8545-ea5a46cf3e05@group-C9CEE55CC8A6-SegmentedRaftLogWorker] INFO  segmented.SegmentedRaftLogWorker (SegmentedRaftLogWorker.java:execute(656)) - d94fe112-7331-4555-8545-ea5a46cf3e05@group-C9CEE55CC8A6-SegmentedRaftLogWorker: created new log segment /home/runner/work/ozone/ozone/hadoop-ozone/integration-test/target/test-dir/MiniOzoneClusterImpl-c61d2d68-5505-4298-888d-dd71e22caacf/datanode-4/data/ratis/bbe78ed5-a254-4e10-a016-c9cee55cc8a6/current/log_inprogress_0
2022-11-08 11:40:54,199 [Listener at 127.0.0.1/34491] INFO  ozone.MiniOzoneClusterImpl (MiniOzoneClusterImpl.java:shutdown(448)) - Shutting down the Mini Ozone Cluster
2022-11-08 11:40:54,200 [Listener at 127.0.0.1/34491] INFO  ozone.MiniOzoneClusterImpl (MiniOzoneClusterImpl.java:stop(463)) - Stopping the Mini Ozone Cluster
2022-11-08 11:40:54,200 [Listener at 127.0.0.1/34491] INFO  ozone.MiniOzoneClusterImpl (MiniOzoneClusterImpl.java:stopOM(545)) - Stopping the OzoneManager
2022-11-08 11:40:54,201 [Listener at 127.0.0.1/34491] INFO  om.OzoneManager (OzoneManager.java:stop(2037)) - om1[localhost:0]: Stopping Ozone Manager
2022-11-08 11:40:54,203 [Listener at 127.0.0.1/34491] INFO  ipc.Server (Server.java:stop(3428)) - Stopping server on 34491
2022-11-08 11:40:54,216 [IPC Server listener on 0] INFO  ipc.Server (Server.java:run(1384)) - Stopping IPC Server listener on 0
2022-11-08 11:40:54,216 [IPC Server Responder] INFO  ipc.Server (Server.java:run(1517)) - Stopping IPC Server Responder
2022-11-08 11:40:54,217 [Listener at 127.0.0.1/34491] INFO  server.RaftServer (RaftServerProxy.java:lambda$close$6(409)) - om1: close
2022-11-08 11:40:54,219 [om1-impl-thread1] INFO  server.RaftServer$Division (RaftServerImpl.java:lambda$close$4(458)) - om1@group-C5BA1605619E: shutdown
2022-11-08 11:40:54,219 [om1-impl-thread1] INFO  util.JmxRegister (JmxRegister.java:unregister(73)) - Successfully un-registered JMX Bean with object name Ratis:service=RaftServer,group=group-C5BA1605619E,id=om1
2022-11-08 11:40:54,219 [om1-impl-thread1] INFO  impl.RoleInfo (RoleInfo.java:shutdownLeaderState(93)) - om1: shutdown om1@group-C5BA1605619E-LeaderStateImpl
2022-11-08 11:40:54,219 [Listener at 127.0.0.1/34491] INFO  server.GrpcService (GrpcService.java:closeImpl(279)) - om1: shutdown server GrpcServerProtocolService now
2022-11-08 11:40:54,219 [om1-impl-thread1] INFO  impl.PendingRequests (PendingRequests.java:sendNotLeaderResponses(282)) - om1@group-C5BA1605619E-PendingRequests: sendNotLeaderResponses
2022-11-08 11:40:54,220 [om1-impl-thread1] INFO  impl.StateMachineUpdater (StateMachineUpdater.java:stopAndJoin(153)) - om1@group-C5BA1605619E-StateMachineUpdater: set stopIndex = 0
2022-11-08 11:40:54,220 [om1@group-C5BA1605619E-StateMachineUpdater] INFO  ratis.OzoneManagerStateMachine (OzoneManagerStateMachine.java:takeSnapshot(445)) - Current Snapshot Index (t:1, i:0)
2022-11-08 11:40:54,222 [om1@group-C5BA1605619E-StateMachineUpdater] INFO  impl.StateMachineUpdater (StateMachineUpdater.java:takeSnapshot(287)) - om1@group-C5BA1605619E-StateMachineUpdater: Took a snapshot at index 0
2022-11-08 11:40:54,222 [om1@group-C5BA1605619E-StateMachineUpdater] INFO  impl.StateMachineUpdater (StateMachineUpdater.java:lambda$new$0(92)) - om1@group-C5BA1605619E-StateMachineUpdater: snapshotIndex: updateIncreasingly -1 -> 0
2022-11-08 11:40:54,222 [om1@group-C5BA1605619E-StateMachineUpdater] INFO  ratis.OzoneManagerStateMachine (OzoneManagerStateMachine.java:close(499)) - StateMachine has shutdown. Shutdown OzoneManager if not already shutdown.
2022-11-08 11:40:54,222 [om1@group-C5BA1605619E-StateMachineUpdater] INFO  ratis.OzoneManagerDoubleBuffer (OzoneManagerDoubleBuffer.java:stop(466)) - Stopping OMDoubleBuffer flush thread
2022-11-08 11:40:54,225 [OMDoubleBufferFlushThread] INFO  ratis.OzoneManagerDoubleBuffer (OzoneManagerDoubleBuffer.java:flushTransactions(385)) - OMDoubleBuffer flush thread OMDoubleBufferFlushThread is interrupted and will exit.
2022-11-08 11:40:54,228 [om1-impl-thread1] INFO  server.RaftServer$Division (ServerState.java:close(466)) - om1@group-C5BA1605619E: closes. applyIndex: 0
2022-11-08 11:40:54,228 [om1@group-C5BA1605619E-SegmentedRaftLogWorker] INFO  segmented.SegmentedRaftLogWorker (SegmentedRaftLogWorker.java:run(345)) - om1@group-C5BA1605619E-SegmentedRaftLogWorker was interrupted, exiting. There are 0 tasks remaining in the queue.
2022-11-08 11:40:54,230 [om1-impl-thread1] INFO  segmented.SegmentedRaftLogWorker (SegmentedRaftLogWorker.java:close(255)) - om1@group-C5BA1605619E-SegmentedRaftLogWorker close()
2022-11-08 11:40:54,235 [Listener at 127.0.0.1/34491] INFO  server.GrpcService (GrpcService.java:closeImpl(288)) - om1: shutdown server GrpcServerProtocolService successfully
2022-11-08 11:40:54,235 [JvmPauseMonitor0] INFO  util.JvmPauseMonitor (JvmPauseMonitor.java:run(111)) - JvmPauseMonitor-om1: Stopped
2022-11-08 11:40:54,235 [Listener at 127.0.0.1/34491] INFO  ratis.OzoneManagerStateMachine (OzoneManagerStateMachine.java:close(499)) - StateMachine has shutdown. Shutdown OzoneManager if not already shutdown.
2022-11-08 11:40:54,236 [Listener at 127.0.0.1/34491] INFO  ratis.OzoneManagerDoubleBuffer (OzoneManagerDoubleBuffer.java:stop(478)) - OMDoubleBuffer flush thread is not running.
2022-11-08 11:40:54,236 [Listener at 127.0.0.1/34491] INFO  utils.BackgroundService (BackgroundService.java:shutdown(141)) - Shutting down service KeyDeletingService
2022-11-08 11:40:54,238 [Listener at 127.0.0.1/34491] INFO  utils.BackgroundService (BackgroundService.java:shutdown(141)) - Shutting down service DirectoryDeletingService
2022-11-08 11:40:54,240 [Listener at 127.0.0.1/34491] INFO  utils.BackgroundService (BackgroundService.java:shutdown(141)) - Shutting down service OpenKeyCleanupService
2022-11-08 11:40:54,242 [Listener at 127.0.0.1/34491] INFO  handler.ContextHandler (ContextHandler.java:doStop(1159)) - Stopped o.e.j.w.WebAppContext@53d161a5{ozoneManager,/,null,STOPPED}{file:/home/runner/work/ozone/ozone/hadoop-ozone/integration-test/target/test-classes/webapps/ozoneManager}
2022-11-08 11:40:54,247 [Listener at 127.0.0.1/34491] INFO  server.AbstractConnector (AbstractConnector.java:doStop(383)) - Stopped ServerConnector@518a9c8a{HTTP/1.1, (http/1.1)}{0.0.0.0:0}
2022-11-08 11:40:54,247 [Listener at 127.0.0.1/34491] INFO  server.session (HouseKeeper.java:stopScavenging(149)) - node0 Stopped scavenging
2022-11-08 11:40:54,248 [Listener at 127.0.0.1/34491] INFO  handler.ContextHandler (ContextHandler.java:doStop(1159)) - Stopped o.e.j.s.ServletContextHandler@13c90cb9{static,/static,file:///home/runner/work/ozone/ozone/hadoop-ozone/integration-test/target/test-classes/webapps/static,STOPPED}
2022-11-08 11:40:54,248 [Listener at 127.0.0.1/34491] INFO  handler.ContextHandler (ContextHandler.java:doStop(1159)) - Stopped o.e.j.s.ServletContextHandler@2ba1bed1{logs,/logs,file:///home/runner/work/ozone/ozone/hadoop-ozone/integration-test/target/log,STOPPED}
2022-11-08 11:40:54,259 [Listener at 127.0.0.1/34491] INFO  ozone.MiniOzoneClusterImpl (MiniOzoneClusterImpl.java:stopDatanodes(522)) - Stopping the HddsDatanodes
2022-11-08 11:40:54,262 [Listener at 127.0.0.1/34491] INFO  ozoneimpl.OzoneContainer (OzoneContainer.java:stop(400)) - Attempting to stop container services.
2022-11-08 11:40:54,277 [Listener at 127.0.0.1/34491] INFO  server.RaftServer (RaftServerProxy.java:lambda$close$6(409)) - b82692f7-3e6b-41da-8c72-517365e0a845: close
2022-11-08 11:40:54,278 [b82692f7-3e6b-41da-8c72-517365e0a845-impl-thread1] INFO  server.RaftServer$Division (RaftServerImpl.java:lambda$close$4(458)) - b82692f7-3e6b-41da-8c72-517365e0a845@group-0DB537A3E006: shutdown
2022-11-08 11:40:54,278 [b82692f7-3e6b-41da-8c72-517365e0a845-impl-thread1] INFO  util.JmxRegister (JmxRegister.java:unregister(73)) - Successfully un-registered JMX Bean with object name Ratis:service=RaftServer,group=group-0DB537A3E006,id=b82692f7-3e6b-41da-8c72-517365e0a845
2022-11-08 11:40:54,278 [b82692f7-3e6b-41da-8c72-517365e0a845-impl-thread1] INFO  impl.RoleInfo (RoleInfo.java:shutdownFollowerState(110)) - b82692f7-3e6b-41da-8c72-517365e0a845: shutdown b82692f7-3e6b-41da-8c72-517365e0a845@group-0DB537A3E006-FollowerState
2022-11-08 11:40:54,284 [b82692f7-3e6b-41da-8c72-517365e0a845-impl-thread2] INFO  server.RaftServer$Division (RaftServerImpl.java:lambda$close$4(458)) - b82692f7-3e6b-41da-8c72-517365e0a845@group-C9CEE55CC8A6: shutdown
2022-11-08 11:40:54,284 [b82692f7-3e6b-41da-8c72-517365e0a845-impl-thread2] INFO  util.JmxRegister (JmxRegister.java:unregister(73)) - Successfully un-registered JMX Bean with object name Ratis:service=RaftServer,group=group-C9CEE55CC8A6,id=b82692f7-3e6b-41da-8c72-517365e0a845
2022-11-08 11:40:54,284 [b82692f7-3e6b-41da-8c72-517365e0a845-impl-thread2] INFO  impl.RoleInfo (RoleInfo.java:shutdownLeaderState(93)) - b82692f7-3e6b-41da-8c72-517365e0a845: shutdown b82692f7-3e6b-41da-8c72-517365e0a845@group-C9CEE55CC8A6-LeaderStateImpl
2022-11-08 11:40:54,287 [grpc-default-executor-0] INFO  server.GrpcServerProtocolService (GrpcServerProtocolService.java:onCompleted(145)) - 8949e68c-e95d-4b98-a083-33911916c13e: Completed APPEND_ENTRIES, lastRequest: b82692f7-3e6b-41da-8c72-517365e0a845->8949e68c-e95d-4b98-a083-33911916c13e#1-t3,previous=(t:0, i:0),leaderCommit=0,initializing? true,entries: size=1, first=(t:3, i:0), CONFIGURATIONENTRY(current:id: "8949e68c-e95d-4b98-a083-33911916c13e"
address: "10.1.0.111:39377"
clientAddress: "10.1.0.111:39377"
adminAddress: "10.1.0.111:39377"
startupRole: FOLLOWER
,id: "d94fe112-7331-4555-8545-ea5a46cf3e05"
address: "10.1.0.111:45971"
clientAddress: "10.1.0.111:45971"
adminAddress: "10.1.0.111:45971"
startupRole: FOLLOWER
,id: "b82692f7-3e6b-41da-8c72-517365e0a845"
address: "10.1.0.111:44405"
priority: 1
clientAddress: "10.1.0.111:44405"
adminAddress: "10.1.0.111:44405"
startupRole: FOLLOWER
, old:)
2022-11-08 11:40:54,288 [grpc-default-executor-2] INFO  server.GrpcLogAppender (GrpcLogAppender.java:onCompleted(415)) - b82692f7-3e6b-41da-8c72-517365e0a845@group-C9CEE55CC8A6->8949e68c-e95d-4b98-a083-33911916c13e-AppendLogResponseHandler: follower responses appendEntries COMPLETED
2022-11-08 11:40:54,288 [grpc-default-executor-4] INFO  server.GrpcServerProtocolService (GrpcServerProtocolService.java:onCompleted(145)) - 8949e68c-e95d-4b98-a083-33911916c13e: Completed APPEND_ENTRIES, lastRequest: null
2022-11-08 11:40:54,288 [grpc-default-executor-2] INFO  leader.FollowerInfo (FollowerInfoImpl.java:lambda$new$0(48)) - b82692f7-3e6b-41da-8c72-517365e0a845@group-C9CEE55CC8A6->8949e68c-e95d-4b98-a083-33911916c13e: nextIndex: updateUnconditionally 1 -> 0
2022-11-08 11:40:54,289 [grpc-default-executor-2] INFO  server.GrpcLogAppender (GrpcLogAppender.java:onCompleted(415)) - b82692f7-3e6b-41da-8c72-517365e0a845@group-C9CEE55CC8A6->8949e68c-e95d-4b98-a083-33911916c13e-AppendLogResponseHandler: follower responses appendEntries COMPLETED
2022-11-08 11:40:54,289 [grpc-default-executor-2] INFO  leader.FollowerInfo (FollowerInfoImpl.java:lambda$new$0(48)) - b82692f7-3e6b-41da-8c72-517365e0a845@group-C9CEE55CC8A6->8949e68c-e95d-4b98-a083-33911916c13e: nextIndex: updateUnconditionally 0 -> 0
2022-11-08 11:40:54,292 [Listener at 127.0.0.1/34491] INFO  server.GrpcService (GrpcService.java:closeImpl(279)) - b82692f7-3e6b-41da-8c72-517365e0a845: shutdown server GrpcServerProtocolService now
2022-11-08 11:40:54,292 [b82692f7-3e6b-41da-8c72-517365e0a845@group-0DB537A3E006-StateMachineUpdater] INFO  ratis.ContainerStateMachine (ContainerStateMachine.java:takeSnapshot(304)) - group-0DB537A3E006: Taking a snapshot at:(t:2, i:0) file /home/runner/work/ozone/ozone/hadoop-ozone/integration-test/target/test-dir/MiniOzoneClusterImpl-c61d2d68-5505-4298-888d-dd71e22caacf/datanode-3/data/ratis/a9076ed7-9212-44f7-9706-0db537a3e006/sm/snapshot.2_0
2022-11-08 11:40:54,292 [b82692f7-3e6b-41da-8c72-517365e0a845@group-0DB537A3E006-FollowerState] INFO  impl.FollowerState (FollowerState.java:run(152)) - b82692f7-3e6b-41da-8c72-517365e0a845@group-0DB537A3E006-FollowerState was interrupted
2022-11-08 11:40:54,293 [b82692f7-3e6b-41da-8c72-517365e0a845-impl-thread3] INFO  server.RaftServer$Division (RaftServerImpl.java:lambda$close$4(458)) - b82692f7-3e6b-41da-8c72-517365e0a845@group-04770E223CE0: shutdown
2022-11-08 11:40:54,293 [b82692f7-3e6b-41da-8c72-517365e0a845-impl-thread3] INFO  util.JmxRegister (JmxRegister.java:unregister(73)) - Successfully un-registered JMX Bean with object name Ratis:service=RaftServer,group=group-04770E223CE0,id=b82692f7-3e6b-41da-8c72-517365e0a845
2022-11-08 11:40:54,292 [b82692f7-3e6b-41da-8c72-517365e0a845-impl-thread1] INFO  impl.StateMachineUpdater (StateMachineUpdater.java:stopAndJoin(153)) - b82692f7-3e6b-41da-8c72-517365e0a845@group-0DB537A3E006-StateMachineUpdater: set stopIndex = 0
2022-11-08 11:40:54,294 [b82692f7-3e6b-41da-8c72-517365e0a845@group-0DB537A3E006-StateMachineUpdater] INFO  ratis.ContainerStateMachine (ContainerStateMachine.java:takeSnapshot(315)) - group-0DB537A3E006: Finished taking a snapshot at:(t:2, i:0) file:/home/runner/work/ozone/ozone/hadoop-ozone/integration-test/target/test-dir/MiniOzoneClusterImpl-c61d2d68-5505-4298-888d-dd71e22caacf/datanode-3/data/ratis/a9076ed7-9212-44f7-9706-0db537a3e006/sm/snapshot.2_0 took: 2 ms
2022-11-08 11:40:54,294 [b82692f7-3e6b-41da-8c72-517365e0a845@group-0DB537A3E006-StateMachineUpdater] INFO  impl.StateMachineUpdater (StateMachineUpdater.java:takeSnapshot(287)) - b82692f7-3e6b-41da-8c72-517365e0a845@group-0DB537A3E006-StateMachineUpdater: Took a snapshot at index 0
2022-11-08 11:40:54,294 [b82692f7-3e6b-41da-8c72-517365e0a845@group-0DB537A3E006-StateMachineUpdater] INFO  impl.StateMachineUpdater (StateMachineUpdater.java:lambda$new$0(92)) - b82692f7-3e6b-41da-8c72-517365e0a845@group-0DB537A3E006-StateMachineUpdater: snapshotIndex: updateIncreasingly -1 -> 0
2022-11-08 11:40:54,294 [b82692f7-3e6b-41da-8c72-517365e0a845-impl-thread1] INFO  server.RaftServer$Division (ServerState.java:close(466)) - b82692f7-3e6b-41da-8c72-517365e0a845@group-0DB537A3E006: closes. applyIndex: 0
2022-11-08 11:40:54,295 [b82692f7-3e6b-41da-8c72-517365e0a845@group-0DB537A3E006-SegmentedRaftLogWorker] INFO  segmented.SegmentedRaftLogWorker (SegmentedRaftLogWorker.java:run(345)) - b82692f7-3e6b-41da-8c72-517365e0a845@group-0DB537A3E006-SegmentedRaftLogWorker was interrupted, exiting. There are 0 tasks remaining in the queue.
2022-11-08 11:40:54,296 [ForkJoinPool.commonPool-worker-0] INFO  ozoneimpl.OzoneContainer (OzoneContainer.java:stop(400)) - Attempting to stop container services.
2022-11-08 11:40:54,293 [b82692f7-3e6b-41da-8c72-517365e0a845-impl-thread3] INFO  impl.RoleInfo (RoleInfo.java:shutdownLeaderState(93)) - b82692f7-3e6b-41da-8c72-517365e0a845: shutdown b82692f7-3e6b-41da-8c72-517365e0a845@group-04770E223CE0-LeaderStateImpl
2022-11-08 11:40:54,298 [Listener at 127.0.0.1/34491] INFO  server.GrpcServerProtocolClient (GrpcServerProtocolClient.java:close(111)) - 8949e68c-e95d-4b98-a083-33911916c13e Close channels
2022-11-08 11:40:54,300 [b82692f7-3e6b-41da-8c72-517365e0a845-impl-thread3] INFO  impl.PendingRequests (PendingRequests.java:sendNotLeaderResponses(282)) - b82692f7-3e6b-41da-8c72-517365e0a845@group-04770E223CE0-PendingRequests: sendNotLeaderResponses
2022-11-08 11:40:54,301 [b82692f7-3e6b-41da-8c72-517365e0a845-impl-thread3] INFO  impl.StateMachineUpdater (StateMachineUpdater.java:stopAndJoin(153)) - b82692f7-3e6b-41da-8c72-517365e0a845@group-04770E223CE0-StateMachineUpdater: set stopIndex = 0
2022-11-08 11:40:54,301 [b82692f7-3e6b-41da-8c72-517365e0a845@group-04770E223CE0-StateMachineUpdater] INFO  ratis.ContainerStateMachine (ContainerStateMachine.java:takeSnapshot(304)) - group-04770E223CE0: Taking a snapshot at:(t:1, i:0) file /home/runner/work/ozone/ozone/hadoop-ozone/integration-test/target/test-dir/MiniOzoneClusterImpl-c61d2d68-5505-4298-888d-dd71e22caacf/datanode-3/data/ratis/4ff9d990-acae-4b5a-9f5e-04770e223ce0/sm/snapshot.1_0
2022-11-08 11:40:54,301 [ForkJoinPool.commonPool-worker-0] INFO  server.RaftServer (RaftServerProxy.java:lambda$close$6(409)) - 426e857f-dbb4-4c86-998f-375273f8a445: close
2022-11-08 11:40:54,302 [b82692f7-3e6b-41da-8c72-517365e0a845@group-04770E223CE0-StateMachineUpdater] INFO  ratis.ContainerStateMachine (ContainerStateMachine.java:takeSnapshot(315)) - group-04770E223CE0: Finished taking a snapshot at:(t:1, i:0) file:/home/runner/work/ozone/ozone/hadoop-ozone/integration-test/target/test-dir/MiniOzoneClusterImpl-c61d2d68-5505-4298-888d-dd71e22caacf/datanode-3/data/ratis/4ff9d990-acae-4b5a-9f5e-04770e223ce0/sm/snapshot.1_0 took: 1 ms
2022-11-08 11:40:54,302 [b82692f7-3e6b-41da-8c72-517365e0a845@group-04770E223CE0-StateMachineUpdater] INFO  impl.StateMachineUpdater (StateMachineUpdater.java:takeSnapshot(287)) - b82692f7-3e6b-41da-8c72-517365e0a845@group-04770E223CE0-StateMachineUpdater: Took a snapshot at index 0
2022-11-08 11:40:54,302 [b82692f7-3e6b-41da-8c72-517365e0a845@group-04770E223CE0-StateMachineUpdater] INFO  impl.StateMachineUpdater (StateMachineUpdater.java:lambda$new$0(92)) - b82692f7-3e6b-41da-8c72-517365e0a845@group-04770E223CE0-StateMachineUpdater: snapshotIndex: updateIncreasingly -1 -> 0
2022-11-08 11:40:54,302 [b82692f7-3e6b-41da-8c72-517365e0a845-impl-thread3] INFO  server.RaftServer$Division (ServerState.java:close(466)) - b82692f7-3e6b-41da-8c72-517365e0a845@group-04770E223CE0: closes. applyIndex: 0
2022-11-08 11:40:54,303 [426e857f-dbb4-4c86-998f-375273f8a445-impl-thread1] INFO  server.RaftServer$Division (RaftServerImpl.java:lambda$close$4(458)) - 426e857f-dbb4-4c86-998f-375273f8a445@group-4BFA3488B6B4: shutdown
2022-11-08 11:40:54,303 [b82692f7-3e6b-41da-8c72-517365e0a845@group-04770E223CE0-SegmentedRaftLogWorker] INFO  segmented.SegmentedRaftLogWorker (SegmentedRaftLogWorker.java:run(345)) - b82692f7-3e6b-41da-8c72-517365e0a845@group-04770E223CE0-SegmentedRaftLogWorker was interrupted, exiting. There are 0 tasks remaining in the queue.
2022-11-08 11:40:54,303 [426e857f-dbb4-4c86-998f-375273f8a445-impl-thread1] INFO  util.JmxRegister (JmxRegister.java:unregister(73)) - Successfully un-registered JMX Bean with object name Ratis:service=RaftServer,group=group-4BFA3488B6B4,id=426e857f-dbb4-4c86-998f-375273f8a445
2022-11-08 11:40:54,303 [426e857f-dbb4-4c86-998f-375273f8a445-impl-thread1] INFO  impl.RoleInfo (RoleInfo.java:shutdownLeaderState(93)) - 426e857f-dbb4-4c86-998f-375273f8a445: shutdown 426e857f-dbb4-4c86-998f-375273f8a445@group-4BFA3488B6B4-LeaderStateImpl
2022-11-08 11:40:54,303 [426e857f-dbb4-4c86-998f-375273f8a445-impl-thread1] INFO  impl.PendingRequests (PendingRequests.java:sendNotLeaderResponses(282)) - 426e857f-dbb4-4c86-998f-375273f8a445@group-4BFA3488B6B4-PendingRequests: sendNotLeaderResponses
2022-11-08 11:40:54,303 [426e857f-dbb4-4c86-998f-375273f8a445-impl-thread1] INFO  impl.StateMachineUpdater (StateMachineUpdater.java:stopAndJoin(153)) - 426e857f-dbb4-4c86-998f-375273f8a445@group-4BFA3488B6B4-StateMachineUpdater: set stopIndex = 0
2022-11-08 11:40:54,304 [426e857f-dbb4-4c86-998f-375273f8a445@group-4BFA3488B6B4-StateMachineUpdater] INFO  ratis.ContainerStateMachine (ContainerStateMachine.java:takeSnapshot(304)) - group-4BFA3488B6B4: Taking a snapshot at:(t:1, i:0) file /home/runner/work/ozone/ozone/hadoop-ozone/integration-test/target/test-dir/MiniOzoneClusterImpl-c61d2d68-5505-4298-888d-dd71e22caacf/datanode-1/data/ratis/0f1cc55d-69ca-4bde-9700-4bfa3488b6b4/sm/snapshot.1_0
2022-11-08 11:40:54,304 [ForkJoinPool.commonPool-worker-0] INFO  server.GrpcService (GrpcService.java:closeImpl(279)) - 426e857f-dbb4-4c86-998f-375273f8a445: shutdown server GrpcServerProtocolService now
2022-11-08 11:40:54,304 [426e857f-dbb4-4c86-998f-375273f8a445@group-4BFA3488B6B4-StateMachineUpdater] INFO  ratis.ContainerStateMachine (ContainerStateMachine.java:takeSnapshot(315)) - group-4BFA3488B6B4: Finished taking a snapshot at:(t:1, i:0) file:/home/runner/work/ozone/ozone/hadoop-ozone/integration-test/target/test-dir/MiniOzoneClusterImpl-c61d2d68-5505-4298-888d-dd71e22caacf/datanode-1/data/ratis/0f1cc55d-69ca-4bde-9700-4bfa3488b6b4/sm/snapshot.1_0 took: 0 ms
2022-11-08 11:40:54,305 [426e857f-dbb4-4c86-998f-375273f8a445@group-4BFA3488B6B4-StateMachineUpdater] INFO  impl.StateMachineUpdater (StateMachineUpdater.java:takeSnapshot(287)) - 426e857f-dbb4-4c86-998f-375273f8a445@group-4BFA3488B6B4-StateMachineUpdater: Took a snapshot at index 0
2022-11-08 11:40:54,305 [426e857f-dbb4-4c86-998f-375273f8a445@group-4BFA3488B6B4-StateMachineUpdater] INFO  impl.StateMachineUpdater (StateMachineUpdater.java:lambda$new$0(92)) - 426e857f-dbb4-4c86-998f-375273f8a445@group-4BFA3488B6B4-StateMachineUpdater: snapshotIndex: updateIncreasingly -1 -> 0
2022-11-08 11:40:54,305 [426e857f-dbb4-4c86-998f-375273f8a445-impl-thread1] INFO  server.RaftServer$Division (ServerState.java:close(466)) - 426e857f-dbb4-4c86-998f-375273f8a445@group-4BFA3488B6B4: closes. applyIndex: 0
2022-11-08 11:40:54,305 [426e857f-dbb4-4c86-998f-375273f8a445@group-4BFA3488B6B4-SegmentedRaftLogWorker] INFO  segmented.SegmentedRaftLogWorker (SegmentedRaftLogWorker.java:run(345)) - 426e857f-dbb4-4c86-998f-375273f8a445@group-4BFA3488B6B4-SegmentedRaftLogWorker was interrupted, exiting. There are 0 tasks remaining in the queue.
2022-11-08 11:40:54,306 [grpc-default-executor-2] WARN  server.GrpcServerProtocolService (LogUtils.java:warn(122)) - b82692f7-3e6b-41da-8c72-517365e0a845: installSnapshot onError, lastRequest: null: org.apache.ratis.thirdparty.io.grpc.StatusRuntimeException: CANCELLED: client cancelled
2022-11-08 11:40:54,308 [grpc-default-executor-2] WARN  server.GrpcServerProtocolService (LogUtils.java:warn(122)) - b82692f7-3e6b-41da-8c72-517365e0a845: installSnapshot onError, lastRequest: 8949e68c-e95d-4b98-a083-33911916c13e->b82692f7-3e6b-41da-8c72-517365e0a845#1-t2,previous=(t:0, i:0),leaderCommit=0,initializing? true,entries: size=1, first=(t:2, i:0), CONFIGURATIONENTRY(current:id: "8949e68c-e95d-4b98-a083-33911916c13e"
address: "10.1.0.111:39377"
priority: 1
clientAddress: "10.1.0.111:39377"
adminAddress: "10.1.0.111:39377"
startupRole: FOLLOWER
,id: "d94fe112-7331-4555-8545-ea5a46cf3e05"
address: "10.1.0.111:45971"
clientAddress: "10.1.0.111:45971"
adminAddress: "10.1.0.111:45971"
startupRole: FOLLOWER
,id: "b82692f7-3e6b-41da-8c72-517365e0a845"
address: "10.1.0.111:44405"
clientAddress: "10.1.0.111:44405"
adminAddress: "10.1.0.111:44405"
startupRole: FOLLOWER
, old:): org.apache.ratis.thirdparty.io.grpc.StatusRuntimeException: CANCELLED: client cancelled
2022-11-08 11:40:54,312 [grpc-default-executor-2] WARN  server.GrpcLogAppender (LogUtils.java:warn(122)) - 8949e68c-e95d-4b98-a083-33911916c13e@group-0DB537A3E006->b82692f7-3e6b-41da-8c72-517365e0a845-AppendLogResponseHandler: Failed appendEntries: org.apache.ratis.thirdparty.io.grpc.StatusRuntimeException: CANCELLED: RST_STREAM closed stream. HTTP/2 error code: CANCEL
2022-11-08 11:40:54,312 [grpc-default-executor-2] WARN  server.GrpcLogAppender (GrpcLogAppender.java:resetClient(131)) - 8949e68c-e95d-4b98-a083-33911916c13e@group-0DB537A3E006->b82692f7-3e6b-41da-8c72-517365e0a845-GrpcLogAppender: Leader has not got in touch with Follower 8949e68c-e95d-4b98-a083-33911916c13e@group-0DB537A3E006->b82692f7-3e6b-41da-8c72-517365e0a845(c0,m0,n1, attendVote=true, lastRpcSendTime=163, lastRpcResponseTime=157) yet, just keep nextIndex unchanged and retry.
2022-11-08 11:40:54,313 [b82692f7-3e6b-41da-8c72-517365e0a845@group-C9CEE55CC8A6->d94fe112-7331-4555-8545-ea5a46cf3e05-GrpcLogAppender-LogAppenderDaemon] WARN  server.GrpcLogAppender (GrpcLogAppender.java:mayWait(200)) - b82692f7-3e6b-41da-8c72-517365e0a845@group-C9CEE55CC8A6->d94fe112-7331-4555-8545-ea5a46cf3e05-GrpcLogAppender: Wait interrupted by java.lang.InterruptedException
2022-11-08 11:40:54,314 [b82692f7-3e6b-41da-8c72-517365e0a845-impl-thread1] INFO  segmented.SegmentedRaftLogWorker (SegmentedRaftLogWorker.java:close(255)) - b82692f7-3e6b-41da-8c72-517365e0a845@group-0DB537A3E006-SegmentedRaftLogWorker close()
2022-11-08 11:40:54,320 [grpc-default-executor-2] WARN  server.GrpcLogAppender (LogUtils.java:warn(122)) - 8949e68c-e95d-4b98-a083-33911916c13e@group-0DB537A3E006->b82692f7-3e6b-41da-8c72-517365e0a845-AppendLogResponseHandler: Failed appendEntries: org.apache.ratis.thirdparty.io.grpc.StatusRuntimeException: CANCELLED: RST_STREAM closed stream. HTTP/2 error code: CANCEL
2022-11-08 11:40:54,313 [b82692f7-3e6b-41da-8c72-517365e0a845-impl-thread2] INFO  impl.PendingRequests (PendingRequests.java:sendNotLeaderResponses(282)) - b82692f7-3e6b-41da-8c72-517365e0a845@group-C9CEE55CC8A6-PendingRequests: sendNotLeaderResponses
2022-11-08 11:40:54,320 [grpc-default-executor-2] WARN  server.GrpcLogAppender (GrpcLogAppender.java:resetClient(131)) - 8949e68c-e95d-4b98-a083-33911916c13e@group-0DB537A3E006->b82692f7-3e6b-41da-8c72-517365e0a845-GrpcLogAppender: Leader has not got in touch with Follower 8949e68c-e95d-4b98-a083-33911916c13e@group-0DB537A3E006->b82692f7-3e6b-41da-8c72-517365e0a845(c0,m0,n1, attendVote=true, lastRpcSendTime=171, lastRpcResponseTime=166) yet, just keep nextIndex unchanged and retry.
2022-11-08 11:40:54,322 [b82692f7-3e6b-41da-8c72-517365e0a845@group-C9CEE55CC8A6-StateMachineUpdater] INFO  ratis.ContainerStateMachine (ContainerStateMachine.java:takeSnapshot(304)) - group-C9CEE55CC8A6: Taking a snapshot at:(t:3, i:0) file /home/runner/work/ozone/ozone/hadoop-ozone/integration-test/target/test-dir/MiniOzoneClusterImpl-c61d2d68-5505-4298-888d-dd71e22caacf/datanode-3/data/ratis/bbe78ed5-a254-4e10-a016-c9cee55cc8a6/sm/snapshot.3_0
2022-11-08 11:40:54,322 [b82692f7-3e6b-41da-8c72-517365e0a845-impl-thread2] INFO  impl.StateMachineUpdater (StateMachineUpdater.java:stopAndJoin(153)) - b82692f7-3e6b-41da-8c72-517365e0a845@group-C9CEE55CC8A6-StateMachineUpdater: set stopIndex = 0
2022-11-08 11:40:54,323 [b82692f7-3e6b-41da-8c72-517365e0a845@group-C9CEE55CC8A6-StateMachineUpdater] INFO  ratis.ContainerStateMachine (ContainerStateMachine.java:takeSnapshot(315)) - group-C9CEE55CC8A6: Finished taking a snapshot at:(t:3, i:0) file:/home/runner/work/ozone/ozone/hadoop-ozone/integration-test/target/test-dir/MiniOzoneClusterImpl-c61d2d68-5505-4298-888d-dd71e22caacf/datanode-3/data/ratis/bbe78ed5-a254-4e10-a016-c9cee55cc8a6/sm/snapshot.3_0 took: 1 ms
2022-11-08 11:40:54,323 [b82692f7-3e6b-41da-8c72-517365e0a845@group-C9CEE55CC8A6-StateMachineUpdater] INFO  impl.StateMachineUpdater (StateMachineUpdater.java:takeSnapshot(287)) - b82692f7-3e6b-41da-8c72-517365e0a845@group-C9CEE55CC8A6-StateMachineUpdater: Took a snapshot at index 0
2022-11-08 11:40:54,323 [b82692f7-3e6b-41da-8c72-517365e0a845@group-C9CEE55CC8A6-StateMachineUpdater] INFO  impl.StateMachineUpdater (StateMachineUpdater.java:lambda$new$0(92)) - b82692f7-3e6b-41da-8c72-517365e0a845@group-C9CEE55CC8A6-StateMachineUpdater: snapshotIndex: updateIncreasingly -1 -> 0
2022-11-08 11:40:54,324 [grpc-default-executor-2] INFO  server.GrpcServerProtocolService (GrpcServerProtocolService.java:onCompleted(145)) - d94fe112-7331-4555-8545-ea5a46cf3e05: Completed APPEND_ENTRIES, lastRequest: b82692f7-3e6b-41da-8c72-517365e0a845->d94fe112-7331-4555-8545-ea5a46cf3e05#1-t3,previous=(t:0, i:0),leaderCommit=0,initializing? true,entries: size=1, first=(t:3, i:0), CONFIGURATIONENTRY(current:id: "8949e68c-e95d-4b98-a083-33911916c13e"
address: "10.1.0.111:39377"
clientAddress: "10.1.0.111:39377"
adminAddress: "10.1.0.111:39377"
startupRole: FOLLOWER
,id: "d94fe112-7331-4555-8545-ea5a46cf3e05"
address: "10.1.0.111:45971"
clientAddress: "10.1.0.111:45971"
adminAddress: "10.1.0.111:45971"
startupRole: FOLLOWER
,id: "b82692f7-3e6b-41da-8c72-517365e0a845"
address: "10.1.0.111:44405"
priority: 1
clientAddress: "10.1.0.111:44405"
adminAddress: "10.1.0.111:44405"
startupRole: FOLLOWER
, old:)
2022-11-08 11:40:54,324 [b82692f7-3e6b-41da-8c72-517365e0a845-impl-thread2] INFO  server.RaftServer$Division (ServerState.java:close(466)) - b82692f7-3e6b-41da-8c72-517365e0a845@group-C9CEE55CC8A6: closes. applyIndex: 0
2022-11-08 11:40:54,324 [b82692f7-3e6b-41da-8c72-517365e0a845@group-C9CEE55CC8A6-SegmentedRaftLogWorker] INFO  segmented.SegmentedRaftLogWorker (SegmentedRaftLogWorker.java:run(345)) - b82692f7-3e6b-41da-8c72-517365e0a845@group-C9CEE55CC8A6-SegmentedRaftLogWorker was interrupted, exiting. There are 0 tasks remaining in the queue.
2022-11-08 11:40:54,324 [grpc-default-executor-2] INFO  server.GrpcServerProtocolService (GrpcServerProtocolService.java:onCompleted(145)) - d94fe112-7331-4555-8545-ea5a46cf3e05: Completed APPEND_ENTRIES, lastRequest: null
2022-11-08 11:40:54,333 [b82692f7-3e6b-41da-8c72-517365e0a845-impl-thread3] INFO  segmented.SegmentedRaftLogWorker (SegmentedRaftLogWorker.java:close(255)) - b82692f7-3e6b-41da-8c72-517365e0a845@group-04770E223CE0-SegmentedRaftLogWorker close()
2022-11-08 11:40:54,333 [426e857f-dbb4-4c86-998f-375273f8a445-impl-thread1] INFO  segmented.SegmentedRaftLogWorker (SegmentedRaftLogWorker.java:close(255)) - 426e857f-dbb4-4c86-998f-375273f8a445@group-4BFA3488B6B4-SegmentedRaftLogWorker close()
2022-11-08 11:40:54,334 [ForkJoinPool.commonPool-worker-0] INFO  server.GrpcServerProtocolClient (GrpcServerProtocolClient.java:close(111)) - dc5a192d-e9e0-46c7-8aee-58457d0752d8 Close channels
2022-11-08 11:40:54,334 [grpc-default-executor-2] INFO  server.GrpcLogAppender (GrpcLogAppender.java:onCompleted(415)) - b82692f7-3e6b-41da-8c72-517365e0a845@group-C9CEE55CC8A6->d94fe112-7331-4555-8545-ea5a46cf3e05-AppendLogResponseHandler: follower responses appendEntries COMPLETED
2022-11-08 11:40:54,335 [grpc-default-executor-2] INFO  leader.FollowerInfo (FollowerInfoImpl.java:lambda$new$0(48)) - b82692f7-3e6b-41da-8c72-517365e0a845@group-C9CEE55CC8A6->d94fe112-7331-4555-8545-ea5a46cf3e05: nextIndex: updateUnconditionally 1 -> 0
2022-11-08 11:40:54,344 [b82692f7-3e6b-41da-8c72-517365e0a845-impl-thread2] INFO  segmented.SegmentedRaftLogWorker (SegmentedRaftLogWorker.java:close(255)) - b82692f7-3e6b-41da-8c72-517365e0a845@group-C9CEE55CC8A6-SegmentedRaftLogWorker close()
2022-11-08 11:40:54,344 [Listener at 127.0.0.1/34491] INFO  server.GrpcServerProtocolClient (GrpcServerProtocolClient.java:close(111)) - d94fe112-7331-4555-8545-ea5a46cf3e05 Close channels
2022-11-08 11:40:54,344 [grpc-default-executor-0] INFO  server.GrpcLogAppender (GrpcLogAppender.java:onCompleted(415)) - b82692f7-3e6b-41da-8c72-517365e0a845@group-C9CEE55CC8A6->d94fe112-7331-4555-8545-ea5a46cf3e05-AppendLogResponseHandler: follower responses appendEntries COMPLETED
2022-11-08 11:40:54,345 [grpc-default-executor-0] WARN  server.GrpcLogAppender (GrpcLogAppender.java:resetClient(137)) - b82692f7-3e6b-41da-8c72-517365e0a845@group-C9CEE55CC8A6->d94fe112-7331-4555-8545-ea5a46cf3e05-GrpcLogAppender: Failed to getClient for d94fe112-7331-4555-8545-ea5a46cf3e05
org.apache.ratis.protocol.exceptions.AlreadyClosedException: b82692f7-3e6b-41da-8c72-517365e0a845 is already CLOSED
	at org.apache.ratis.util.PeerProxyMap$PeerAndProxy.getProxy(PeerProxyMap.java:61)
	at org.apache.ratis.util.PeerProxyMap.getProxy(PeerProxyMap.java:115)
	at org.apache.ratis.grpc.server.GrpcLogAppender.getClient(GrpcLogAppender.java:116)
	at org.apache.ratis.grpc.server.GrpcLogAppender.resetClient(GrpcLogAppender.java:121)
	at org.apache.ratis.grpc.server.GrpcLogAppender.access$500(GrpcLogAppender.java:58)
	at org.apache.ratis.grpc.server.GrpcLogAppender$AppendLogResponseHandler.onCompleted(GrpcLogAppender.java:416)
	at org.apache.ratis.thirdparty.io.grpc.stub.ClientCalls$StreamObserverToCallListenerAdapter.onClose(ClientCalls.java:485)
	at org.apache.ratis.thirdparty.io.grpc.internal.DelayedClientCall$DelayedListener$3.run(DelayedClientCall.java:468)
	at org.apache.ratis.thirdparty.io.grpc.internal.DelayedClientCall$DelayedListener.delayOrExecute(DelayedClientCall.java:432)
	at org.apache.ratis.thirdparty.io.grpc.internal.DelayedClientCall$DelayedListener.onClose(DelayedClientCall.java:465)
	at org.apache.ratis.thirdparty.io.grpc.internal.ClientCallImpl.closeObserver(ClientCallImpl.java:562)
	at org.apache.ratis.thirdparty.io.grpc.internal.ClientCallImpl.access$300(ClientCallImpl.java:70)
	at org.apache.ratis.thirdparty.io.grpc.internal.ClientCallImpl$ClientStreamListenerImpl$1StreamClosed.runInternal(ClientCallImpl.java:743)
	at org.apache.ratis.thirdparty.io.grpc.internal.ClientCallImpl$ClientStreamListenerImpl$1StreamClosed.runInContext(ClientCallImpl.java:722)
	at org.apache.ratis.thirdparty.io.grpc.internal.ContextRunnable.run(ContextRunnable.java:37)
	at org.apache.ratis.thirdparty.io.grpc.internal.SerializingExecutor.run(SerializingExecutor.java:133)
	at java.util.concurrent.ThreadPoolExecutor.runWorker(ThreadPoolExecutor.java:1149)
	at java.util.concurrent.ThreadPoolExecutor$Worker.run(ThreadPoolExecutor.java:624)
	at java.lang.Thread.run(Thread.java:750)
2022-11-08 11:40:54,358 [ForkJoinPool.commonPool-worker-0] INFO  server.GrpcServerProtocolClient (GrpcServerProtocolClient.java:close(111)) - 9f3b593f-78c6-4294-9602-7cd55c8a4272 Close channels
2022-11-08 11:40:54,362 [ForkJoinPool.commonPool-worker-0] INFO  server.GrpcService (GrpcService.java:closeImpl(288)) - 426e857f-dbb4-4c86-998f-375273f8a445: shutdown server GrpcServerProtocolService successfully
2022-11-08 11:40:54,362 [Listener at 127.0.0.1/34491] INFO  server.GrpcService (GrpcService.java:closeImpl(288)) - b82692f7-3e6b-41da-8c72-517365e0a845: shutdown server GrpcServerProtocolService successfully
2022-11-08 11:40:54,363 [JvmPauseMonitor2] INFO  util.JvmPauseMonitor (JvmPauseMonitor.java:run(111)) - JvmPauseMonitor-426e857f-dbb4-4c86-998f-375273f8a445: Stopped
2022-11-08 11:40:54,364 [JvmPauseMonitor4] INFO  util.JvmPauseMonitor (JvmPauseMonitor.java:run(111)) - JvmPauseMonitor-b82692f7-3e6b-41da-8c72-517365e0a845: Stopped
2022-11-08 11:40:56,405 [Listener at 127.0.0.1/34491] INFO  volume.HddsVolume (HddsVolume.java:closeDbStore(338)) - SchemaV3 db is stopped at /home/runner/work/ozone/ozone/hadoop-ozone/integration-test/target/test-dir/MiniOzoneClusterImpl-c61d2d68-5505-4298-888d-dd71e22caacf/datanode-3/data-0/containers/hdds/c61d2d68-5505-4298-888d-dd71e22caacf/DS-65b07399-6798-4992-adf6-0bff1b165744/container.db for volume DS-65b07399-6798-4992-adf6-0bff1b165744
2022-11-08 11:40:56,405 [Listener at 127.0.0.1/34491] INFO  utils.BackgroundService (BackgroundService.java:shutdown(141)) - Shutting down service BlockDeletingService
2022-11-08 11:40:56,406 [Listener at 127.0.0.1/34491] INFO  utils.BackgroundService (BackgroundService.java:shutdown(141)) - Shutting down service StaleRecoveringContainerScrubbingService
2022-11-08 11:40:56,412 [ForkJoinPool.commonPool-worker-0] INFO  volume.HddsVolume (HddsVolume.java:closeDbStore(338)) - SchemaV3 db is stopped at /home/runner/work/ozone/ozone/hadoop-ozone/integration-test/target/test-dir/MiniOzoneClusterImpl-c61d2d68-5505-4298-888d-dd71e22caacf/datanode-1/data-0/containers/hdds/c61d2d68-5505-4298-888d-dd71e22caacf/DS-d27c043e-0e76-42bc-a76b-762f5a9e4fe9/container.db for volume DS-d27c043e-0e76-42bc-a76b-762f5a9e4fe9
2022-11-08 11:40:56,413 [Listener at 127.0.0.1/34491] INFO  statemachine.DatanodeStateMachine (DatanodeStateMachine.java:stopDaemon(593)) - Ozone container server stopped.
2022-11-08 11:40:56,416 [ForkJoinPool.commonPool-worker-0] INFO  utils.BackgroundService (BackgroundService.java:shutdown(141)) - Shutting down service BlockDeletingService
2022-11-08 11:40:56,416 [ForkJoinPool.commonPool-worker-0] INFO  utils.BackgroundService (BackgroundService.java:shutdown(141)) - Shutting down service StaleRecoveringContainerScrubbingService
2022-11-08 11:40:56,424 [ForkJoinPool.commonPool-worker-0] INFO  statemachine.DatanodeStateMachine (DatanodeStateMachine.java:stopDaemon(593)) - Ozone container server stopped.
2022-11-08 11:40:56,447 [Listener at 127.0.0.1/34491] INFO  handler.ContextHandler (ContextHandler.java:doStop(1159)) - Stopped o.e.j.w.WebAppContext@5e55c959{hddsDatanode,/,null,STOPPED}{jar:file:/home/runner/.m2/repository/org/apache/ozone/hdds-container-service/1.3.0-SNAPSHOT/hdds-container-service-1.3.0-SNAPSHOT.jar!/webapps/hddsDatanode}
2022-11-08 11:40:56,447 [ForkJoinPool.commonPool-worker-0] INFO  handler.ContextHandler (ContextHandler.java:doStop(1159)) - Stopped o.e.j.w.WebAppContext@3e028c16{hddsDatanode,/,null,STOPPED}{jar:file:/home/runner/.m2/repository/org/apache/ozone/hdds-container-service/1.3.0-SNAPSHOT/hdds-container-service-1.3.0-SNAPSHOT.jar!/webapps/hddsDatanode}
2022-11-08 11:40:56,450 [ForkJoinPool.commonPool-worker-0] INFO  server.AbstractConnector (AbstractConnector.java:doStop(383)) - Stopped ServerConnector@97e310{HTTP/1.1, (http/1.1)}{0.0.0.0:0}
2022-11-08 11:40:56,452 [ForkJoinPool.commonPool-worker-0] INFO  server.session (HouseKeeper.java:stopScavenging(149)) - node0 Stopped scavenging
2022-11-08 11:40:56,454 [ForkJoinPool.commonPool-worker-0] INFO  handler.ContextHandler (ContextHandler.java:doStop(1159)) - Stopped o.e.j.s.ServletContextHandler@34a69e59{static,/static,jar:file:/home/runner/.m2/repository/org/apache/ozone/hdds-container-service/1.3.0-SNAPSHOT/hdds-container-service-1.3.0-SNAPSHOT.jar!/webapps/static,STOPPED}
2022-11-08 11:40:56,454 [Listener at 127.0.0.1/34491] INFO  server.AbstractConnector (AbstractConnector.java:doStop(383)) - Stopped ServerConnector@7b10e088{HTTP/1.1, (http/1.1)}{0.0.0.0:0}
2022-11-08 11:40:56,455 [Listener at 127.0.0.1/34491] INFO  server.session (HouseKeeper.java:stopScavenging(149)) - node0 Stopped scavenging
2022-11-08 11:40:56,457 [Listener at 127.0.0.1/34491] INFO  handler.ContextHandler (ContextHandler.java:doStop(1159)) - Stopped o.e.j.s.ServletContextHandler@32ceaba7{static,/static,jar:file:/home/runner/.m2/repository/org/apache/ozone/hdds-container-service/1.3.0-SNAPSHOT/hdds-container-service-1.3.0-SNAPSHOT.jar!/webapps/static,STOPPED}
2022-11-08 11:40:56,458 [Listener at 127.0.0.1/34491] INFO  handler.ContextHandler (ContextHandler.java:doStop(1159)) - Stopped o.e.j.s.ServletContextHandler@623fcb4f{logs,/logs,file:///home/runner/work/ozone/ozone/hadoop-ozone/integration-test/target/log,STOPPED}
2022-11-08 11:40:56,458 [ForkJoinPool.commonPool-worker-0] INFO  handler.ContextHandler (ContextHandler.java:doStop(1159)) - Stopped o.e.j.s.ServletContextHandler@4b26a938{logs,/logs,file:///home/runner/work/ozone/ozone/hadoop-ozone/integration-test/target/log,STOPPED}
2022-11-08 11:40:56,465 [ForkJoinPool.commonPool-worker-0] INFO  ozoneimpl.OzoneContainer (OzoneContainer.java:stop(400)) - Attempting to stop container services.
2022-11-08 11:40:56,468 [ForkJoinPool.commonPool-worker-0] INFO  server.RaftServer (RaftServerProxy.java:lambda$close$6(409)) - 9f3b593f-78c6-4294-9602-7cd55c8a4272: close
2022-11-08 11:40:56,468 [ForkJoinPool.commonPool-worker-0] INFO  server.GrpcService (GrpcService.java:closeImpl(279)) - 9f3b593f-78c6-4294-9602-7cd55c8a4272: shutdown server GrpcServerProtocolService now
2022-11-08 11:40:56,468 [Listener at 127.0.0.1/34491] INFO  ozoneimpl.OzoneContainer (OzoneContainer.java:stop(400)) - Attempting to stop container services.
2022-11-08 11:40:56,468 [9f3b593f-78c6-4294-9602-7cd55c8a4272-impl-thread1] INFO  server.RaftServer$Division (RaftServerImpl.java:lambda$close$4(458)) - 9f3b593f-78c6-4294-9602-7cd55c8a4272@group-2DA01F554C99: shutdown
2022-11-08 11:40:56,477 [ForkJoinPool.commonPool-worker-0] INFO  server.GrpcServerProtocolClient (GrpcServerProtocolClient.java:close(111)) - dc5a192d-e9e0-46c7-8aee-58457d0752d8 Close channels
2022-11-08 11:40:56,478 [Listener at 127.0.0.1/34491] INFO  server.RaftServer (RaftServerProxy.java:lambda$close$6(409)) - 8949e68c-e95d-4b98-a083-33911916c13e: close
2022-11-08 11:40:56,478 [8949e68c-e95d-4b98-a083-33911916c13e-impl-thread2] INFO  server.RaftServer$Division (RaftServerImpl.java:lambda$close$4(458)) - 8949e68c-e95d-4b98-a083-33911916c13e@group-C9CEE55CC8A6: shutdown
2022-11-08 11:40:56,478 [8949e68c-e95d-4b98-a083-33911916c13e-impl-thread1] INFO  server.RaftServer$Division (RaftServerImpl.java:lambda$close$4(458)) - 8949e68c-e95d-4b98-a083-33911916c13e@group-0DB537A3E006: shutdown
2022-11-08 11:40:56,479 [Listener at 127.0.0.1/34491] INFO  server.GrpcService (GrpcService.java:closeImpl(279)) - 8949e68c-e95d-4b98-a083-33911916c13e: shutdown server GrpcServerProtocolService now
2022-11-08 11:40:56,480 [ForkJoinPool.commonPool-worker-0] INFO  server.GrpcServerProtocolClient (GrpcServerProtocolClient.java:close(111)) - 426e857f-dbb4-4c86-998f-375273f8a445 Close channels
2022-11-08 11:40:56,483 [Listener at 127.0.0.1/34491] INFO  server.GrpcServerProtocolClient (GrpcServerProtocolClient.java:close(111)) - d94fe112-7331-4555-8545-ea5a46cf3e05 Close channels
2022-11-08 11:40:56,484 [9f3b593f-78c6-4294-9602-7cd55c8a4272-impl-thread1] INFO  util.JmxRegister (JmxRegister.java:unregister(73)) - Successfully un-registered JMX Bean with object name Ratis:service=RaftServer,group=group-2DA01F554C99,id=9f3b593f-78c6-4294-9602-7cd55c8a4272
2022-11-08 11:40:56,484 [9f3b593f-78c6-4294-9602-7cd55c8a4272-impl-thread1] INFO  impl.RoleInfo (RoleInfo.java:shutdownLeaderState(93)) - 9f3b593f-78c6-4294-9602-7cd55c8a4272: shutdown 9f3b593f-78c6-4294-9602-7cd55c8a4272@group-2DA01F554C99-LeaderStateImpl
2022-11-08 11:40:56,484 [9f3b593f-78c6-4294-9602-7cd55c8a4272-impl-thread1] INFO  impl.PendingRequests (PendingRequests.java:sendNotLeaderResponses(282)) - 9f3b593f-78c6-4294-9602-7cd55c8a4272@group-2DA01F554C99-PendingRequests: sendNotLeaderResponses
2022-11-08 11:40:56,485 [9f3b593f-78c6-4294-9602-7cd55c8a4272-impl-thread1] INFO  impl.StateMachineUpdater (StateMachineUpdater.java:stopAndJoin(153)) - 9f3b593f-78c6-4294-9602-7cd55c8a4272@group-2DA01F554C99-StateMachineUpdater: set stopIndex = 0
2022-11-08 11:40:56,485 [8949e68c-e95d-4b98-a083-33911916c13e-impl-thread1] INFO  util.JmxRegister (JmxRegister.java:unregister(73)) - Successfully un-registered JMX Bean with object name Ratis:service=RaftServer,group=group-0DB537A3E006,id=8949e68c-e95d-4b98-a083-33911916c13e
2022-11-08 11:40:56,485 [8949e68c-e95d-4b98-a083-33911916c13e-impl-thread1] INFO  impl.RoleInfo (RoleInfo.java:shutdownLeaderState(93)) - 8949e68c-e95d-4b98-a083-33911916c13e: shutdown 8949e68c-e95d-4b98-a083-33911916c13e@group-0DB537A3E006-LeaderStateImpl
2022-11-08 11:40:56,485 [9f3b593f-78c6-4294-9602-7cd55c8a4272@group-2DA01F554C99-StateMachineUpdater] INFO  ratis.ContainerStateMachine (ContainerStateMachine.java:takeSnapshot(304)) - group-2DA01F554C99: Taking a snapshot at:(t:1, i:0) file /home/runner/work/ozone/ozone/hadoop-ozone/integration-test/target/test-dir/MiniOzoneClusterImpl-c61d2d68-5505-4298-888d-dd71e22caacf/datanode-2/data/ratis/32b51a84-a759-4ba0-9161-2da01f554c99/sm/snapshot.1_0
2022-11-08 11:40:56,485 [8949e68c-e95d-4b98-a083-33911916c13e-impl-thread1] INFO  impl.PendingRequests (PendingRequests.java:sendNotLeaderResponses(282)) - 8949e68c-e95d-4b98-a083-33911916c13e@group-0DB537A3E006-PendingRequests: sendNotLeaderResponses
2022-11-08 11:40:56,485 [8949e68c-e95d-4b98-a083-33911916c13e-impl-thread1] INFO  impl.StateMachineUpdater (StateMachineUpdater.java:stopAndJoin(153)) - 8949e68c-e95d-4b98-a083-33911916c13e@group-0DB537A3E006-StateMachineUpdater: set stopIndex = 0
2022-11-08 11:40:56,486 [8949e68c-e95d-4b98-a083-33911916c13e@group-0DB537A3E006->d94fe112-7331-4555-8545-ea5a46cf3e05-GrpcLogAppender-LogAppenderDaemon] WARN  server.GrpcLogAppender (GrpcLogAppender.java:mayWait(200)) - 8949e68c-e95d-4b98-a083-33911916c13e@group-0DB537A3E006->d94fe112-7331-4555-8545-ea5a46cf3e05-GrpcLogAppender: Wait interrupted by java.lang.InterruptedException
2022-11-08 11:40:56,486 [8949e68c-e95d-4b98-a083-33911916c13e@group-0DB537A3E006-StateMachineUpdater] INFO  ratis.ContainerStateMachine (ContainerStateMachine.java:takeSnapshot(304)) - group-0DB537A3E006: Taking a snapshot at:(t:2, i:0) file /home/runner/work/ozone/ozone/hadoop-ozone/integration-test/target/test-dir/MiniOzoneClusterImpl-c61d2d68-5505-4298-888d-dd71e22caacf/datanode-5/data/ratis/a9076ed7-9212-44f7-9706-0db537a3e006/sm/snapshot.2_0
2022-11-08 11:40:56,486 [8949e68c-e95d-4b98-a083-33911916c13e-impl-thread2] INFO  util.JmxRegister (JmxRegister.java:unregister(73)) - Successfully un-registered JMX Bean with object name Ratis:service=RaftServer,group=group-C9CEE55CC8A6,id=8949e68c-e95d-4b98-a083-33911916c13e
2022-11-08 11:40:56,486 [8949e68c-e95d-4b98-a083-33911916c13e-impl-thread2] INFO  impl.RoleInfo (RoleInfo.java:shutdownFollowerState(110)) - 8949e68c-e95d-4b98-a083-33911916c13e: shutdown 8949e68c-e95d-4b98-a083-33911916c13e@group-C9CEE55CC8A6-FollowerState
2022-11-08 11:40:56,486 [8949e68c-e95d-4b98-a083-33911916c13e-impl-thread2] INFO  impl.StateMachineUpdater (StateMachineUpdater.java:stopAndJoin(153)) - 8949e68c-e95d-4b98-a083-33911916c13e@group-C9CEE55CC8A6-StateMachineUpdater: set stopIndex = 0
2022-11-08 11:40:56,486 [8949e68c-e95d-4b98-a083-33911916c13e@group-C9CEE55CC8A6-FollowerState] INFO  impl.FollowerState (FollowerState.java:run(152)) - 8949e68c-e95d-4b98-a083-33911916c13e@group-C9CEE55CC8A6-FollowerState was interrupted
2022-11-08 11:40:56,487 [9f3b593f-78c6-4294-9602-7cd55c8a4272@group-2DA01F554C99-StateMachineUpdater] INFO  ratis.ContainerStateMachine (ContainerStateMachine.java:takeSnapshot(315)) - group-2DA01F554C99: Finished taking a snapshot at:(t:1, i:0) file:/home/runner/work/ozone/ozone/hadoop-ozone/integration-test/target/test-dir/MiniOzoneClusterImpl-c61d2d68-5505-4298-888d-dd71e22caacf/datanode-2/data/ratis/32b51a84-a759-4ba0-9161-2da01f554c99/sm/snapshot.1_0 took: 2 ms
2022-11-08 11:40:56,487 [8949e68c-e95d-4b98-a083-33911916c13e@group-C9CEE55CC8A6-StateMachineUpdater] INFO  ratis.ContainerStateMachine (ContainerStateMachine.java:takeSnapshot(304)) - group-C9CEE55CC8A6: Taking a snapshot at:(t:3, i:0) file /home/runner/work/ozone/ozone/hadoop-ozone/integration-test/target/test-dir/MiniOzoneClusterImpl-c61d2d68-5505-4298-888d-dd71e22caacf/datanode-5/data/ratis/bbe78ed5-a254-4e10-a016-c9cee55cc8a6/sm/snapshot.3_0
2022-11-08 11:40:56,487 [grpc-default-executor-0] INFO  server.GrpcServerProtocolService (GrpcServerProtocolService.java:onCompleted(145)) - d94fe112-7331-4555-8545-ea5a46cf3e05: Completed APPEND_ENTRIES, lastRequest: null
2022-11-08 11:40:56,487 [8949e68c-e95d-4b98-a083-33911916c13e@group-0DB537A3E006-StateMachineUpdater] INFO  ratis.ContainerStateMachine (ContainerStateMachine.java:takeSnapshot(315)) - group-0DB537A3E006: Finished taking a snapshot at:(t:2, i:0) file:/home/runner/work/ozone/ozone/hadoop-ozone/integration-test/target/test-dir/MiniOzoneClusterImpl-c61d2d68-5505-4298-888d-dd71e22caacf/datanode-5/data/ratis/a9076ed7-9212-44f7-9706-0db537a3e006/sm/snapshot.2_0 took: 1 ms
2022-11-08 11:40:56,488 [8949e68c-e95d-4b98-a083-33911916c13e@group-0DB537A3E006-StateMachineUpdater] INFO  impl.StateMachineUpdater (StateMachineUpdater.java:takeSnapshot(287)) - 8949e68c-e95d-4b98-a083-33911916c13e@group-0DB537A3E006-StateMachineUpdater: Took a snapshot at index 0
2022-11-08 11:40:56,488 [8949e68c-e95d-4b98-a083-33911916c13e@group-0DB537A3E006-StateMachineUpdater] INFO  impl.StateMachineUpdater (StateMachineUpdater.java:lambda$new$0(92)) - 8949e68c-e95d-4b98-a083-33911916c13e@group-0DB537A3E006-StateMachineUpdater: snapshotIndex: updateIncreasingly -1 -> 0
2022-11-08 11:40:56,488 [grpc-default-executor-0] INFO  server.GrpcServerProtocolService (GrpcServerProtocolService.java:onCompleted(145)) - d94fe112-7331-4555-8545-ea5a46cf3e05: Completed APPEND_ENTRIES, lastRequest: 8949e68c-e95d-4b98-a083-33911916c13e->d94fe112-7331-4555-8545-ea5a46cf3e05#1-t2,previous=(t:0, i:0),leaderCommit=0,initializing? true,entries: size=1, first=(t:2, i:0), CONFIGURATIONENTRY(current:id: "8949e68c-e95d-4b98-a083-33911916c13e"
address: "10.1.0.111:39377"
priority: 1
clientAddress: "10.1.0.111:39377"
adminAddress: "10.1.0.111:39377"
startupRole: FOLLOWER
,id: "d94fe112-7331-4555-8545-ea5a46cf3e05"
address: "10.1.0.111:45971"
clientAddress: "10.1.0.111:45971"
adminAddress: "10.1.0.111:45971"
startupRole: FOLLOWER
,id: "b82692f7-3e6b-41da-8c72-517365e0a845"
address: "10.1.0.111:44405"
clientAddress: "10.1.0.111:44405"
adminAddress: "10.1.0.111:44405"
startupRole: FOLLOWER
, old:)
2022-11-08 11:40:56,488 [8949e68c-e95d-4b98-a083-33911916c13e@group-C9CEE55CC8A6-StateMachineUpdater] INFO  ratis.ContainerStateMachine (ContainerStateMachine.java:takeSnapshot(315)) - group-C9CEE55CC8A6: Finished taking a snapshot at:(t:3, i:0) file:/home/runner/work/ozone/ozone/hadoop-ozone/integration-test/target/test-dir/MiniOzoneClusterImpl-c61d2d68-5505-4298-888d-dd71e22caacf/datanode-5/data/ratis/bbe78ed5-a254-4e10-a016-c9cee55cc8a6/sm/snapshot.3_0 took: 1 ms
2022-11-08 11:40:56,488 [8949e68c-e95d-4b98-a083-33911916c13e@group-C9CEE55CC8A6-StateMachineUpdater] INFO  impl.StateMachineUpdater (StateMachineUpdater.java:takeSnapshot(287)) - 8949e68c-e95d-4b98-a083-33911916c13e@group-C9CEE55CC8A6-StateMachineUpdater: Took a snapshot at index 0
2022-11-08 11:40:56,488 [8949e68c-e95d-4b98-a083-33911916c13e@group-C9CEE55CC8A6-StateMachineUpdater] INFO  impl.StateMachineUpdater (StateMachineUpdater.java:lambda$new$0(92)) - 8949e68c-e95d-4b98-a083-33911916c13e@group-C9CEE55CC8A6-StateMachineUpdater: snapshotIndex: updateIncreasingly -1 -> 0
2022-11-08 11:40:56,491 [8949e68c-e95d-4b98-a083-33911916c13e-impl-thread1] INFO  server.RaftServer$Division (ServerState.java:close(466)) - 8949e68c-e95d-4b98-a083-33911916c13e@group-0DB537A3E006: closes. applyIndex: 0
2022-11-08 11:40:56,488 [9f3b593f-78c6-4294-9602-7cd55c8a4272@group-2DA01F554C99-StateMachineUpdater] INFO  impl.StateMachineUpdater (StateMachineUpdater.java:takeSnapshot(287)) - 9f3b593f-78c6-4294-9602-7cd55c8a4272@group-2DA01F554C99-StateMachineUpdater: Took a snapshot at index 0
2022-11-08 11:40:56,491 [9f3b593f-78c6-4294-9602-7cd55c8a4272@group-2DA01F554C99-StateMachineUpdater] INFO  impl.StateMachineUpdater (StateMachineUpdater.java:lambda$new$0(92)) - 9f3b593f-78c6-4294-9602-7cd55c8a4272@group-2DA01F554C99-StateMachineUpdater: snapshotIndex: updateIncreasingly -1 -> 0
2022-11-08 11:40:56,492 [ForkJoinPool.commonPool-worker-0] INFO  server.GrpcService (GrpcService.java:closeImpl(288)) - 9f3b593f-78c6-4294-9602-7cd55c8a4272: shutdown server GrpcServerProtocolService successfully
2022-11-08 11:40:56,492 [grpc-default-executor-0] INFO  server.GrpcLogAppender (GrpcLogAppender.java:onCompleted(415)) - 8949e68c-e95d-4b98-a083-33911916c13e@group-0DB537A3E006->d94fe112-7331-4555-8545-ea5a46cf3e05-AppendLogResponseHandler: follower responses appendEntries COMPLETED
2022-11-08 11:40:56,492 [9f3b593f-78c6-4294-9602-7cd55c8a4272-impl-thread1] INFO  server.RaftServer$Division (ServerState.java:close(466)) - 9f3b593f-78c6-4294-9602-7cd55c8a4272@group-2DA01F554C99: closes. applyIndex: 0
2022-11-08 11:40:56,492 [grpc-default-executor-0] WARN  server.GrpcLogAppender (GrpcLogAppender.java:resetClient(137)) - 8949e68c-e95d-4b98-a083-33911916c13e@group-0DB537A3E006->d94fe112-7331-4555-8545-ea5a46cf3e05-GrpcLogAppender: Failed to getClient for d94fe112-7331-4555-8545-ea5a46cf3e05
org.apache.ratis.protocol.exceptions.AlreadyClosedException: 8949e68c-e95d-4b98-a083-33911916c13e is already CLOSED
	at org.apache.ratis.util.PeerProxyMap$PeerAndProxy.getProxy(PeerProxyMap.java:61)
	at org.apache.ratis.util.PeerProxyMap.getProxy(PeerProxyMap.java:115)
	at org.apache.ratis.grpc.server.GrpcLogAppender.getClient(GrpcLogAppender.java:116)
	at org.apache.ratis.grpc.server.GrpcLogAppender.resetClient(GrpcLogAppender.java:121)
	at org.apache.ratis.grpc.server.GrpcLogAppender.access$500(GrpcLogAppender.java:58)
	at org.apache.ratis.grpc.server.GrpcLogAppender$AppendLogResponseHandler.onCompleted(GrpcLogAppender.java:416)
	at org.apache.ratis.thirdparty.io.grpc.stub.ClientCalls$StreamObserverToCallListenerAdapter.onClose(ClientCalls.java:485)
	at org.apache.ratis.thirdparty.io.grpc.internal.ClientCallImpl.closeObserver(ClientCallImpl.java:562)
	at org.apache.ratis.thirdparty.io.grpc.internal.ClientCallImpl.access$300(ClientCallImpl.java:70)
	at org.apache.ratis.thirdparty.io.grpc.internal.ClientCallImpl$ClientStreamListenerImpl$1StreamClosed.runInternal(ClientCallImpl.java:743)
	at org.apache.ratis.thirdparty.io.grpc.internal.ClientCallImpl$ClientStreamListenerImpl$1StreamClosed.runInContext(ClientCallImpl.java:722)
	at org.apache.ratis.thirdparty.io.grpc.internal.ContextRunnable.run(ContextRunnable.java:37)
	at org.apache.ratis.thirdparty.io.grpc.internal.SerializingExecutor.run(SerializingExecutor.java:133)
	at java.util.concurrent.ThreadPoolExecutor.runWorker(ThreadPoolExecutor.java:1149)
	at java.util.concurrent.ThreadPoolExecutor$Worker.run(ThreadPoolExecutor.java:624)
	at java.lang.Thread.run(Thread.java:750)
2022-11-08 11:40:56,492 [9f3b593f-78c6-4294-9602-7cd55c8a4272@group-2DA01F554C99-SegmentedRaftLogWorker] INFO  segmented.SegmentedRaftLogWorker (SegmentedRaftLogWorker.java:run(345)) - 9f3b593f-78c6-4294-9602-7cd55c8a4272@group-2DA01F554C99-SegmentedRaftLogWorker was interrupted, exiting. There are 0 tasks remaining in the queue.
2022-11-08 11:40:56,493 [grpc-default-executor-0] INFO  server.GrpcLogAppender (GrpcLogAppender.java:onCompleted(415)) - 8949e68c-e95d-4b98-a083-33911916c13e@group-0DB537A3E006->d94fe112-7331-4555-8545-ea5a46cf3e05-AppendLogResponseHandler: follower responses appendEntries COMPLETED
2022-11-08 11:40:56,493 [grpc-default-executor-0] WARN  server.GrpcLogAppender (GrpcLogAppender.java:resetClient(137)) - 8949e68c-e95d-4b98-a083-33911916c13e@group-0DB537A3E006->d94fe112-7331-4555-8545-ea5a46cf3e05-GrpcLogAppender: Failed to getClient for d94fe112-7331-4555-8545-ea5a46cf3e05
org.apache.ratis.protocol.exceptions.AlreadyClosedException: 8949e68c-e95d-4b98-a083-33911916c13e is already CLOSED
	at org.apache.ratis.util.PeerProxyMap$PeerAndProxy.getProxy(PeerProxyMap.java:61)
	at org.apache.ratis.util.PeerProxyMap.getProxy(PeerProxyMap.java:115)
	at org.apache.ratis.grpc.server.GrpcLogAppender.getClient(GrpcLogAppender.java:116)
	at org.apache.ratis.grpc.server.GrpcLogAppender.resetClient(GrpcLogAppender.java:121)
	at org.apache.ratis.grpc.server.GrpcLogAppender.access$500(GrpcLogAppender.java:58)
	at org.apache.ratis.grpc.server.GrpcLogAppender$AppendLogResponseHandler.onCompleted(GrpcLogAppender.java:416)
	at org.apache.ratis.thirdparty.io.grpc.stub.ClientCalls$StreamObserverToCallListenerAdapter.onClose(ClientCalls.java:485)
	at org.apache.ratis.thirdparty.io.grpc.internal.ClientCallImpl.closeObserver(ClientCallImpl.java:562)
	at org.apache.ratis.thirdparty.io.grpc.internal.ClientCallImpl.access$300(ClientCallImpl.java:70)
	at org.apache.ratis.thirdparty.io.grpc.internal.ClientCallImpl$ClientStreamListenerImpl$1StreamClosed.runInternal(ClientCallImpl.java:743)
	at org.apache.ratis.thirdparty.io.grpc.internal.ClientCallImpl$ClientStreamListenerImpl$1StreamClosed.runInContext(ClientCallImpl.java:722)
	at org.apache.ratis.thirdparty.io.grpc.internal.ContextRunnable.run(ContextRunnable.java:37)
	at org.apache.ratis.thirdparty.io.grpc.internal.SerializingExecutor.run(SerializingExecutor.java:133)
	at java.util.concurrent.ThreadPoolExecutor.runWorker(ThreadPoolExecutor.java:1149)
	at java.util.concurrent.ThreadPoolExecutor$Worker.run(ThreadPoolExecutor.java:624)
	at java.lang.Thread.run(Thread.java:750)
2022-11-08 11:40:56,496 [9f3b593f-78c6-4294-9602-7cd55c8a4272-impl-thread1] INFO  segmented.SegmentedRaftLogWorker (SegmentedRaftLogWorker.java:close(255)) - 9f3b593f-78c6-4294-9602-7cd55c8a4272@group-2DA01F554C99-SegmentedRaftLogWorker close()
2022-11-08 11:40:56,497 [JvmPauseMonitor3] INFO  util.JvmPauseMonitor (JvmPauseMonitor.java:run(111)) - JvmPauseMonitor-9f3b593f-78c6-4294-9602-7cd55c8a4272: Stopped
2022-11-08 11:40:56,499 [8949e68c-e95d-4b98-a083-33911916c13e-impl-thread3] INFO  server.RaftServer$Division (RaftServerImpl.java:lambda$close$4(458)) - 8949e68c-e95d-4b98-a083-33911916c13e@group-6A5F2FD38F34: shutdown
2022-11-08 11:40:56,500 [8949e68c-e95d-4b98-a083-33911916c13e-impl-thread3] INFO  util.JmxRegister (JmxRegister.java:unregister(73)) - Successfully un-registered JMX Bean with object name Ratis:service=RaftServer,group=group-6A5F2FD38F34,id=8949e68c-e95d-4b98-a083-33911916c13e
2022-11-08 11:40:56,500 [8949e68c-e95d-4b98-a083-33911916c13e-impl-thread3] INFO  impl.RoleInfo (RoleInfo.java:shutdownLeaderState(93)) - 8949e68c-e95d-4b98-a083-33911916c13e: shutdown 8949e68c-e95d-4b98-a083-33911916c13e@group-6A5F2FD38F34-LeaderStateImpl
2022-11-08 11:40:56,500 [8949e68c-e95d-4b98-a083-33911916c13e-impl-thread3] INFO  impl.PendingRequests (PendingRequests.java:sendNotLeaderResponses(282)) - 8949e68c-e95d-4b98-a083-33911916c13e@group-6A5F2FD38F34-PendingRequests: sendNotLeaderResponses
2022-11-08 11:40:56,500 [8949e68c-e95d-4b98-a083-33911916c13e-impl-thread3] INFO  impl.StateMachineUpdater (StateMachineUpdater.java:stopAndJoin(153)) - 8949e68c-e95d-4b98-a083-33911916c13e@group-6A5F2FD38F34-StateMachineUpdater: set stopIndex = 0
2022-11-08 11:40:56,501 [8949e68c-e95d-4b98-a083-33911916c13e@group-6A5F2FD38F34-StateMachineUpdater] INFO  ratis.ContainerStateMachine (ContainerStateMachine.java:takeSnapshot(304)) - group-6A5F2FD38F34: Taking a snapshot at:(t:1, i:0) file /home/runner/work/ozone/ozone/hadoop-ozone/integration-test/target/test-dir/MiniOzoneClusterImpl-c61d2d68-5505-4298-888d-dd71e22caacf/datanode-5/data/ratis/8d8b0750-b654-4b25-9989-6a5f2fd38f34/sm/snapshot.1_0
2022-11-08 11:40:56,501 [8949e68c-e95d-4b98-a083-33911916c13e@group-0DB537A3E006-SegmentedRaftLogWorker] INFO  segmented.SegmentedRaftLogWorker (SegmentedRaftLogWorker.java:run(345)) - 8949e68c-e95d-4b98-a083-33911916c13e@group-0DB537A3E006-SegmentedRaftLogWorker was interrupted, exiting. There are 0 tasks remaining in the queue.
2022-11-08 11:40:56,502 [8949e68c-e95d-4b98-a083-33911916c13e@group-6A5F2FD38F34-StateMachineUpdater] INFO  ratis.ContainerStateMachine (ContainerStateMachine.java:takeSnapshot(315)) - group-6A5F2FD38F34: Finished taking a snapshot at:(t:1, i:0) file:/home/runner/work/ozone/ozone/hadoop-ozone/integration-test/target/test-dir/MiniOzoneClusterImpl-c61d2d68-5505-4298-888d-dd71e22caacf/datanode-5/data/ratis/8d8b0750-b654-4b25-9989-6a5f2fd38f34/sm/snapshot.1_0 took: 1 ms
2022-11-08 11:40:56,502 [8949e68c-e95d-4b98-a083-33911916c13e-impl-thread2] INFO  server.RaftServer$Division (ServerState.java:close(466)) - 8949e68c-e95d-4b98-a083-33911916c13e@group-C9CEE55CC8A6: closes. applyIndex: 0
2022-11-08 11:40:56,502 [8949e68c-e95d-4b98-a083-33911916c13e@group-C9CEE55CC8A6-SegmentedRaftLogWorker] INFO  segmented.SegmentedRaftLogWorker (SegmentedRaftLogWorker.java:run(345)) - 8949e68c-e95d-4b98-a083-33911916c13e@group-C9CEE55CC8A6-SegmentedRaftLogWorker was interrupted, exiting. There are 0 tasks remaining in the queue.
2022-11-08 11:40:56,502 [8949e68c-e95d-4b98-a083-33911916c13e@group-6A5F2FD38F34-StateMachineUpdater] INFO  impl.StateMachineUpdater (StateMachineUpdater.java:takeSnapshot(287)) - 8949e68c-e95d-4b98-a083-33911916c13e@group-6A5F2FD38F34-StateMachineUpdater: Took a snapshot at index 0
2022-11-08 11:40:56,502 [8949e68c-e95d-4b98-a083-33911916c13e@group-6A5F2FD38F34-StateMachineUpdater] INFO  impl.StateMachineUpdater (StateMachineUpdater.java:lambda$new$0(92)) - 8949e68c-e95d-4b98-a083-33911916c13e@group-6A5F2FD38F34-StateMachineUpdater: snapshotIndex: updateIncreasingly -1 -> 0
2022-11-08 11:40:56,504 [8949e68c-e95d-4b98-a083-33911916c13e-impl-thread1] INFO  segmented.SegmentedRaftLogWorker (SegmentedRaftLogWorker.java:close(255)) - 8949e68c-e95d-4b98-a083-33911916c13e@group-0DB537A3E006-SegmentedRaftLogWorker close()
2022-11-08 11:40:56,504 [8949e68c-e95d-4b98-a083-33911916c13e-impl-thread2] INFO  segmented.SegmentedRaftLogWorker (SegmentedRaftLogWorker.java:close(255)) - 8949e68c-e95d-4b98-a083-33911916c13e@group-C9CEE55CC8A6-SegmentedRaftLogWorker close()
2022-11-08 11:40:56,504 [Listener at 127.0.0.1/34491] INFO  server.GrpcServerProtocolClient (GrpcServerProtocolClient.java:close(111)) - b82692f7-3e6b-41da-8c72-517365e0a845 Close channels
2022-11-08 11:40:56,505 [8949e68c-e95d-4b98-a083-33911916c13e-impl-thread3] INFO  server.RaftServer$Division (ServerState.java:close(466)) - 8949e68c-e95d-4b98-a083-33911916c13e@group-6A5F2FD38F34: closes. applyIndex: 0
2022-11-08 11:40:56,505 [Listener at 127.0.0.1/34491] INFO  server.GrpcService (GrpcService.java:closeImpl(288)) - 8949e68c-e95d-4b98-a083-33911916c13e: shutdown server GrpcServerProtocolService successfully
2022-11-08 11:40:56,505 [8949e68c-e95d-4b98-a083-33911916c13e@group-6A5F2FD38F34-SegmentedRaftLogWorker] INFO  segmented.SegmentedRaftLogWorker (SegmentedRaftLogWorker.java:run(345)) - 8949e68c-e95d-4b98-a083-33911916c13e@group-6A5F2FD38F34-SegmentedRaftLogWorker was interrupted, exiting. There are 0 tasks remaining in the queue.
2022-11-08 11:40:56,506 [8949e68c-e95d-4b98-a083-33911916c13e-impl-thread3] INFO  segmented.SegmentedRaftLogWorker (SegmentedRaftLogWorker.java:close(255)) - 8949e68c-e95d-4b98-a083-33911916c13e@group-6A5F2FD38F34-SegmentedRaftLogWorker close()
2022-11-08 11:40:56,507 [JvmPauseMonitor6] INFO  util.JvmPauseMonitor (JvmPauseMonitor.java:run(111)) - JvmPauseMonitor-8949e68c-e95d-4b98-a083-33911916c13e: Stopped
2022-11-08 11:40:56,508 [8949e68c-e95d-4b98-a083-33911916c13e@group-0DB537A3E006->b82692f7-3e6b-41da-8c72-517365e0a845-GrpcLogAppender-LogAppenderDaemon] ERROR leader.LogAppenderDaemon (LogAppenderDaemon.java:run(87)) - 8949e68c-e95d-4b98-a083-33911916c13e@group-0DB537A3E006->b82692f7-3e6b-41da-8c72-517365e0a845-GrpcLogAppender-LogAppenderDaemon failed
java.lang.IllegalArgumentException: 8949e68c-e95d-4b98-a083-33911916c13e@group-0DB537A3E006-SegmentedRaftLog is expected to be opened but it is CLOSED
	at org.apache.ratis.util.OpenCloseState.assertOpen(OpenCloseState.java:63)
	at org.apache.ratis.server.raftlog.RaftLogBase.checkLogState(RaftLogBase.java:111)
	at org.apache.ratis.server.raftlog.segmented.SegmentedRaftLog.getLastEntryTermIndex(SegmentedRaftLog.java:340)
	at org.apache.ratis.server.raftlog.RaftLog.getNextIndex(RaftLog.java:83)
	at org.apache.ratis.server.leader.LogAppenderBase.newAppendEntriesRequest(LogAppenderBase.java:178)
	at org.apache.ratis.grpc.server.GrpcLogAppender.appendLog(GrpcLogAppender.java:271)
	at org.apache.ratis.grpc.server.GrpcLogAppender.run(GrpcLogAppender.java:168)
	at org.apache.ratis.server.leader.LogAppenderDaemon.run(LogAppenderDaemon.java:78)
	at java.lang.Thread.run(Thread.java:750)
Caused by: org.apache.ratis.util.OpenCloseState$CloseTrace: Close 8949e68c-e95d-4b98-a083-33911916c13e@group-0DB537A3E006-SegmentedRaftLog
	at org.apache.ratis.util.OpenCloseState.lambda$close$1(OpenCloseState.java:109)
	at java.util.concurrent.atomic.AtomicReference.getAndUpdate(AtomicReference.java:160)
	at org.apache.ratis.util.OpenCloseState.close(OpenCloseState.java:109)
	at org.apache.ratis.server.raftlog.RaftLogBase.close(RaftLogBase.java:365)
	at org.apache.ratis.server.raftlog.segmented.SegmentedRaftLog.close(SegmentedRaftLog.java:506)
	at org.apache.ratis.server.impl.ServerState.close(ServerState.java:468)
	at org.apache.ratis.server.impl.RaftServerImpl.lambda$close$4(RaftServerImpl.java:480)
	at org.apache.ratis.util.LifeCycle.lambda$checkStateAndClose$4(LifeCycle.java:299)
	at org.apache.ratis.util.LifeCycle.checkStateAndClose(LifeCycle.java:319)
	at org.apache.ratis.util.LifeCycle.checkStateAndClose(LifeCycle.java:297)
	at org.apache.ratis.server.impl.RaftServerImpl.close(RaftServerImpl.java:457)
	at org.apache.ratis.server.impl.RaftServerProxy$ImplMap.close(RaftServerProxy.java:132)
	at org.apache.ratis.server.impl.RaftServerProxy$ImplMap.lambda$close$0(RaftServerProxy.java:119)
	at org.apache.ratis.util.ConcurrentUtils.accept(ConcurrentUtils.java:173)
	at org.apache.ratis.util.ConcurrentUtils.lambda$null$3(ConcurrentUtils.java:165)
	at java.util.concurrent.ThreadPoolExecutor.runWorker(ThreadPoolExecutor.java:1149)
	at java.util.concurrent.ThreadPoolExecutor$Worker.run(ThreadPoolExecutor.java:624)
	... 1 more
2022-11-08 11:40:58,506 [ForkJoinPool.commonPool-worker-0] INFO  volume.HddsVolume (HddsVolume.java:closeDbStore(338)) - SchemaV3 db is stopped at /home/runner/work/ozone/ozone/hadoop-ozone/integration-test/target/test-dir/MiniOzoneClusterImpl-c61d2d68-5505-4298-888d-dd71e22caacf/datanode-2/data-0/containers/hdds/c61d2d68-5505-4298-888d-dd71e22caacf/DS-23b6a19b-2c30-4a7a-acb9-499417cd227f/container.db for volume DS-23b6a19b-2c30-4a7a-acb9-499417cd227f
2022-11-08 11:40:58,506 [ForkJoinPool.commonPool-worker-0] INFO  utils.BackgroundService (BackgroundService.java:shutdown(141)) - Shutting down service BlockDeletingService
2022-11-08 11:40:58,512 [ForkJoinPool.commonPool-worker-0] INFO  utils.BackgroundService (BackgroundService.java:shutdown(141)) - Shutting down service StaleRecoveringContainerScrubbingService
2022-11-08 11:40:58,513 [Listener at 127.0.0.1/34491] INFO  volume.HddsVolume (HddsVolume.java:closeDbStore(338)) - SchemaV3 db is stopped at /home/runner/work/ozone/ozone/hadoop-ozone/integration-test/target/test-dir/MiniOzoneClusterImpl-c61d2d68-5505-4298-888d-dd71e22caacf/datanode-5/data-0/containers/hdds/c61d2d68-5505-4298-888d-dd71e22caacf/DS-499765b5-eb58-4afc-8863-14bcbdbaf79f/container.db for volume DS-499765b5-eb58-4afc-8863-14bcbdbaf79f
2022-11-08 11:40:58,513 [Listener at 127.0.0.1/34491] INFO  utils.BackgroundService (BackgroundService.java:shutdown(141)) - Shutting down service BlockDeletingService
2022-11-08 11:40:58,514 [Listener at 127.0.0.1/34491] INFO  utils.BackgroundService (BackgroundService.java:shutdown(141)) - Shutting down service StaleRecoveringContainerScrubbingService
2022-11-08 11:40:58,517 [ForkJoinPool.commonPool-worker-0] INFO  statemachine.DatanodeStateMachine (DatanodeStateMachine.java:stopDaemon(593)) - Ozone container server stopped.
2022-11-08 11:40:58,525 [Listener at 127.0.0.1/34491] INFO  statemachine.DatanodeStateMachine (DatanodeStateMachine.java:stopDaemon(593)) - Ozone container server stopped.
2022-11-08 11:40:58,537 [Listener at 127.0.0.1/34491] INFO  handler.ContextHandler (ContextHandler.java:doStop(1159)) - Stopped o.e.j.w.WebAppContext@10c8abe4{hddsDatanode,/,null,STOPPED}{jar:file:/home/runner/.m2/repository/org/apache/ozone/hdds-container-service/1.3.0-SNAPSHOT/hdds-container-service-1.3.0-SNAPSHOT.jar!/webapps/hddsDatanode}
2022-11-08 11:40:58,538 [Listener at 127.0.0.1/34491] INFO  server.AbstractConnector (AbstractConnector.java:doStop(383)) - Stopped ServerConnector@1b7a93b5{HTTP/1.1, (http/1.1)}{0.0.0.0:0}
2022-11-08 11:40:58,538 [Listener at 127.0.0.1/34491] INFO  server.session (HouseKeeper.java:stopScavenging(149)) - node0 Stopped scavenging
2022-11-08 11:40:58,539 [Listener at 127.0.0.1/34491] INFO  handler.ContextHandler (ContextHandler.java:doStop(1159)) - Stopped o.e.j.s.ServletContextHandler@15c1ddb4{static,/static,jar:file:/home/runner/.m2/repository/org/apache/ozone/hdds-container-service/1.3.0-SNAPSHOT/hdds-container-service-1.3.0-SNAPSHOT.jar!/webapps/static,STOPPED}
2022-11-08 11:40:58,539 [Listener at 127.0.0.1/34491] INFO  handler.ContextHandler (ContextHandler.java:doStop(1159)) - Stopped o.e.j.s.ServletContextHandler@6a5b9eb3{logs,/logs,file:///home/runner/work/ozone/ozone/hadoop-ozone/integration-test/target/log,STOPPED}
2022-11-08 11:40:58,541 [ForkJoinPool.commonPool-worker-0] INFO  handler.ContextHandler (ContextHandler.java:doStop(1159)) - Stopped o.e.j.w.WebAppContext@794e544b{hddsDatanode,/,null,STOPPED}{jar:file:/home/runner/.m2/repository/org/apache/ozone/hdds-container-service/1.3.0-SNAPSHOT/hdds-container-service-1.3.0-SNAPSHOT.jar!/webapps/hddsDatanode}
2022-11-08 11:40:58,542 [ForkJoinPool.commonPool-worker-0] INFO  server.AbstractConnector (AbstractConnector.java:doStop(383)) - Stopped ServerConnector@7f6cf329{HTTP/1.1, (http/1.1)}{0.0.0.0:0}
2022-11-08 11:40:58,542 [ForkJoinPool.commonPool-worker-0] INFO  server.session (HouseKeeper.java:stopScavenging(149)) - node0 Stopped scavenging
2022-11-08 11:40:58,543 [ForkJoinPool.commonPool-worker-0] INFO  handler.ContextHandler (ContextHandler.java:doStop(1159)) - Stopped o.e.j.s.ServletContextHandler@3ca57afe{static,/static,jar:file:/home/runner/.m2/repository/org/apache/ozone/hdds-container-service/1.3.0-SNAPSHOT/hdds-container-service-1.3.0-SNAPSHOT.jar!/webapps/static,STOPPED}
2022-11-08 11:40:58,544 [ForkJoinPool.commonPool-worker-0] INFO  handler.ContextHandler (ContextHandler.java:doStop(1159)) - Stopped o.e.j.s.ServletContextHandler@e3ded9{logs,/logs,file:///home/runner/work/ozone/ozone/hadoop-ozone/integration-test/target/log,STOPPED}
2022-11-08 11:40:58,547 [Listener at 127.0.0.1/34491] INFO  ozoneimpl.OzoneContainer (OzoneContainer.java:stop(400)) - Attempting to stop container services.
2022-11-08 11:40:58,548 [Listener at 127.0.0.1/34491] INFO  server.RaftServer (RaftServerProxy.java:lambda$close$6(409)) - d94fe112-7331-4555-8545-ea5a46cf3e05: close
2022-11-08 11:40:58,549 [d94fe112-7331-4555-8545-ea5a46cf3e05-impl-thread1] INFO  server.RaftServer$Division (RaftServerImpl.java:lambda$close$4(458)) - d94fe112-7331-4555-8545-ea5a46cf3e05@group-0DB537A3E006: shutdown
2022-11-08 11:40:58,549 [d94fe112-7331-4555-8545-ea5a46cf3e05-impl-thread1] INFO  util.JmxRegister (JmxRegister.java:unregister(73)) - Successfully un-registered JMX Bean with object name Ratis:service=RaftServer,group=group-0DB537A3E006,id=d94fe112-7331-4555-8545-ea5a46cf3e05
2022-11-08 11:40:58,549 [d94fe112-7331-4555-8545-ea5a46cf3e05-impl-thread1] INFO  impl.RoleInfo (RoleInfo.java:shutdownFollowerState(110)) - d94fe112-7331-4555-8545-ea5a46cf3e05: shutdown d94fe112-7331-4555-8545-ea5a46cf3e05@group-0DB537A3E006-FollowerState
2022-11-08 11:40:58,549 [d94fe112-7331-4555-8545-ea5a46cf3e05-impl-thread1] INFO  impl.StateMachineUpdater (StateMachineUpdater.java:stopAndJoin(153)) - d94fe112-7331-4555-8545-ea5a46cf3e05@group-0DB537A3E006-StateMachineUpdater: set stopIndex = 0
2022-11-08 11:40:58,549 [d94fe112-7331-4555-8545-ea5a46cf3e05@group-0DB537A3E006-FollowerState] INFO  impl.FollowerState (FollowerState.java:run(152)) - d94fe112-7331-4555-8545-ea5a46cf3e05@group-0DB537A3E006-FollowerState was interrupted
2022-11-08 11:40:58,549 [d94fe112-7331-4555-8545-ea5a46cf3e05@group-0DB537A3E006-StateMachineUpdater] INFO  ratis.ContainerStateMachine (ContainerStateMachine.java:takeSnapshot(304)) - group-0DB537A3E006: Taking a snapshot at:(t:2, i:0) file /home/runner/work/ozone/ozone/hadoop-ozone/integration-test/target/test-dir/MiniOzoneClusterImpl-c61d2d68-5505-4298-888d-dd71e22caacf/datanode-4/data/ratis/a9076ed7-9212-44f7-9706-0db537a3e006/sm/snapshot.2_0
2022-11-08 11:40:58,550 [d94fe112-7331-4555-8545-ea5a46cf3e05-impl-thread2] INFO  server.RaftServer$Division (RaftServerImpl.java:lambda$close$4(458)) - d94fe112-7331-4555-8545-ea5a46cf3e05@group-C9CEE55CC8A6: shutdown
2022-11-08 11:40:58,550 [d94fe112-7331-4555-8545-ea5a46cf3e05-impl-thread2] INFO  util.JmxRegister (JmxRegister.java:unregister(73)) - Successfully un-registered JMX Bean with object name Ratis:service=RaftServer,group=group-C9CEE55CC8A6,id=d94fe112-7331-4555-8545-ea5a46cf3e05
2022-11-08 11:40:58,550 [d94fe112-7331-4555-8545-ea5a46cf3e05-impl-thread2] INFO  impl.RoleInfo (RoleInfo.java:shutdownFollowerState(110)) - d94fe112-7331-4555-8545-ea5a46cf3e05: shutdown d94fe112-7331-4555-8545-ea5a46cf3e05@group-C9CEE55CC8A6-FollowerState
2022-11-08 11:40:58,551 [d94fe112-7331-4555-8545-ea5a46cf3e05@group-0DB537A3E006-StateMachineUpdater] INFO  ratis.ContainerStateMachine (ContainerStateMachine.java:takeSnapshot(315)) - group-0DB537A3E006: Finished taking a snapshot at:(t:2, i:0) file:/home/runner/work/ozone/ozone/hadoop-ozone/integration-test/target/test-dir/MiniOzoneClusterImpl-c61d2d68-5505-4298-888d-dd71e22caacf/datanode-4/data/ratis/a9076ed7-9212-44f7-9706-0db537a3e006/sm/snapshot.2_0 took: 2 ms
2022-11-08 11:40:58,551 [d94fe112-7331-4555-8545-ea5a46cf3e05@group-0DB537A3E006-StateMachineUpdater] INFO  impl.StateMachineUpdater (StateMachineUpdater.java:takeSnapshot(287)) - d94fe112-7331-4555-8545-ea5a46cf3e05@group-0DB537A3E006-StateMachineUpdater: Took a snapshot at index 0
2022-11-08 11:40:58,551 [d94fe112-7331-4555-8545-ea5a46cf3e05@group-0DB537A3E006-StateMachineUpdater] INFO  impl.StateMachineUpdater (StateMachineUpdater.java:lambda$new$0(92)) - d94fe112-7331-4555-8545-ea5a46cf3e05@group-0DB537A3E006-StateMachineUpdater: snapshotIndex: updateIncreasingly -1 -> 0
2022-11-08 11:40:58,552 [d94fe112-7331-4555-8545-ea5a46cf3e05@group-C9CEE55CC8A6-FollowerState] INFO  impl.FollowerState (FollowerState.java:run(152)) - d94fe112-7331-4555-8545-ea5a46cf3e05@group-C9CEE55CC8A6-FollowerState was interrupted
2022-11-08 11:40:58,551 [Listener at 127.0.0.1/34491] INFO  server.GrpcService (GrpcService.java:closeImpl(279)) - d94fe112-7331-4555-8545-ea5a46cf3e05: shutdown server GrpcServerProtocolService now
2022-11-08 11:40:58,555 [d94fe112-7331-4555-8545-ea5a46cf3e05-impl-thread1] INFO  server.RaftServer$Division (ServerState.java:close(466)) - d94fe112-7331-4555-8545-ea5a46cf3e05@group-0DB537A3E006: closes. applyIndex: 0
2022-11-08 11:40:58,555 [d94fe112-7331-4555-8545-ea5a46cf3e05@group-C9CEE55CC8A6-StateMachineUpdater] INFO  ratis.ContainerStateMachine (ContainerStateMachine.java:takeSnapshot(304)) - group-C9CEE55CC8A6: Taking a snapshot at:(t:3, i:0) file /home/runner/work/ozone/ozone/hadoop-ozone/integration-test/target/test-dir/MiniOzoneClusterImpl-c61d2d68-5505-4298-888d-dd71e22caacf/datanode-4/data/ratis/bbe78ed5-a254-4e10-a016-c9cee55cc8a6/sm/snapshot.3_0
2022-11-08 11:40:58,554 [d94fe112-7331-4555-8545-ea5a46cf3e05-impl-thread2] INFO  impl.StateMachineUpdater (StateMachineUpdater.java:stopAndJoin(153)) - d94fe112-7331-4555-8545-ea5a46cf3e05@group-C9CEE55CC8A6-StateMachineUpdater: set stopIndex = 0
2022-11-08 11:40:58,555 [d94fe112-7331-4555-8545-ea5a46cf3e05@group-0DB537A3E006-SegmentedRaftLogWorker] INFO  segmented.SegmentedRaftLogWorker (SegmentedRaftLogWorker.java:run(345)) - d94fe112-7331-4555-8545-ea5a46cf3e05@group-0DB537A3E006-SegmentedRaftLogWorker was interrupted, exiting. There are 0 tasks remaining in the queue.
2022-11-08 11:40:58,556 [d94fe112-7331-4555-8545-ea5a46cf3e05@group-C9CEE55CC8A6-StateMachineUpdater] INFO  ratis.ContainerStateMachine (ContainerStateMachine.java:takeSnapshot(315)) - group-C9CEE55CC8A6: Finished taking a snapshot at:(t:3, i:0) file:/home/runner/work/ozone/ozone/hadoop-ozone/integration-test/target/test-dir/MiniOzoneClusterImpl-c61d2d68-5505-4298-888d-dd71e22caacf/datanode-4/data/ratis/bbe78ed5-a254-4e10-a016-c9cee55cc8a6/sm/snapshot.3_0 took: 1 ms
2022-11-08 11:40:58,557 [d94fe112-7331-4555-8545-ea5a46cf3e05@group-C9CEE55CC8A6-StateMachineUpdater] INFO  impl.StateMachineUpdater (StateMachineUpdater.java:takeSnapshot(287)) - d94fe112-7331-4555-8545-ea5a46cf3e05@group-C9CEE55CC8A6-StateMachineUpdater: Took a snapshot at index 0
2022-11-08 11:40:58,557 [d94fe112-7331-4555-8545-ea5a46cf3e05@group-C9CEE55CC8A6-StateMachineUpdater] INFO  impl.StateMachineUpdater (StateMachineUpdater.java:lambda$new$0(92)) - d94fe112-7331-4555-8545-ea5a46cf3e05@group-C9CEE55CC8A6-StateMachineUpdater: snapshotIndex: updateIncreasingly -1 -> 0
2022-11-08 11:40:58,557 [d94fe112-7331-4555-8545-ea5a46cf3e05-impl-thread2] INFO  server.RaftServer$Division (ServerState.java:close(466)) - d94fe112-7331-4555-8545-ea5a46cf3e05@group-C9CEE55CC8A6: closes. applyIndex: 0
2022-11-08 11:40:58,557 [d94fe112-7331-4555-8545-ea5a46cf3e05@group-C9CEE55CC8A6-SegmentedRaftLogWorker] INFO  segmented.SegmentedRaftLogWorker (SegmentedRaftLogWorker.java:run(345)) - d94fe112-7331-4555-8545-ea5a46cf3e05@group-C9CEE55CC8A6-SegmentedRaftLogWorker was interrupted, exiting. There are 0 tasks remaining in the queue.
2022-11-08 11:40:58,564 [d94fe112-7331-4555-8545-ea5a46cf3e05-impl-thread3] INFO  server.RaftServer$Division (RaftServerImpl.java:lambda$close$4(458)) - d94fe112-7331-4555-8545-ea5a46cf3e05@group-2EE5346E980C: shutdown
2022-11-08 11:40:58,566 [d94fe112-7331-4555-8545-ea5a46cf3e05-impl-thread3] INFO  util.JmxRegister (JmxRegister.java:unregister(73)) - Successfully un-registered JMX Bean with object name Ratis:service=RaftServer,group=group-2EE5346E980C,id=d94fe112-7331-4555-8545-ea5a46cf3e05
2022-11-08 11:40:58,566 [d94fe112-7331-4555-8545-ea5a46cf3e05-impl-thread3] INFO  impl.RoleInfo (RoleInfo.java:shutdownLeaderState(93)) - d94fe112-7331-4555-8545-ea5a46cf3e05: shutdown d94fe112-7331-4555-8545-ea5a46cf3e05@group-2EE5346E980C-LeaderStateImpl
2022-11-08 11:40:58,566 [ForkJoinPool.commonPool-worker-0] INFO  ozoneimpl.OzoneContainer (OzoneContainer.java:stop(400)) - Attempting to stop container services.
2022-11-08 11:40:58,566 [d94fe112-7331-4555-8545-ea5a46cf3e05-impl-thread2] INFO  segmented.SegmentedRaftLogWorker (SegmentedRaftLogWorker.java:close(255)) - d94fe112-7331-4555-8545-ea5a46cf3e05@group-C9CEE55CC8A6-SegmentedRaftLogWorker close()
2022-11-08 11:40:58,567 [d94fe112-7331-4555-8545-ea5a46cf3e05-impl-thread3] INFO  impl.PendingRequests (PendingRequests.java:sendNotLeaderResponses(282)) - d94fe112-7331-4555-8545-ea5a46cf3e05@group-2EE5346E980C-PendingRequests: sendNotLeaderResponses
2022-11-08 11:40:58,568 [d94fe112-7331-4555-8545-ea5a46cf3e05@group-2EE5346E980C-StateMachineUpdater] INFO  ratis.ContainerStateMachine (ContainerStateMachine.java:takeSnapshot(304)) - group-2EE5346E980C: Taking a snapshot at:(t:1, i:0) file /home/runner/work/ozone/ozone/hadoop-ozone/integration-test/target/test-dir/MiniOzoneClusterImpl-c61d2d68-5505-4298-888d-dd71e22caacf/datanode-4/data/ratis/ad6a543c-2ea5-478a-a0c4-2ee5346e980c/sm/snapshot.1_0
2022-11-08 11:40:58,564 [d94fe112-7331-4555-8545-ea5a46cf3e05-impl-thread1] INFO  segmented.SegmentedRaftLogWorker (SegmentedRaftLogWorker.java:close(255)) - d94fe112-7331-4555-8545-ea5a46cf3e05@group-0DB537A3E006-SegmentedRaftLogWorker close()
2022-11-08 11:40:58,568 [ForkJoinPool.commonPool-worker-0] INFO  server.RaftServer (RaftServerProxy.java:lambda$close$6(409)) - dc5a192d-e9e0-46c7-8aee-58457d0752d8: close
2022-11-08 11:40:58,568 [d94fe112-7331-4555-8545-ea5a46cf3e05-impl-thread3] INFO  impl.StateMachineUpdater (StateMachineUpdater.java:stopAndJoin(153)) - d94fe112-7331-4555-8545-ea5a46cf3e05@group-2EE5346E980C-StateMachineUpdater: set stopIndex = 0
2022-11-08 11:40:58,568 [ForkJoinPool.commonPool-worker-0] INFO  server.GrpcService (GrpcService.java:closeImpl(279)) - dc5a192d-e9e0-46c7-8aee-58457d0752d8: shutdown server GrpcServerProtocolService now
2022-11-08 11:40:58,568 [dc5a192d-e9e0-46c7-8aee-58457d0752d8-impl-thread1] INFO  server.RaftServer$Division (RaftServerImpl.java:lambda$close$4(458)) - dc5a192d-e9e0-46c7-8aee-58457d0752d8@group-E2C494768F12: shutdown
2022-11-08 11:40:58,568 [dc5a192d-e9e0-46c7-8aee-58457d0752d8-impl-thread1] INFO  util.JmxRegister (JmxRegister.java:unregister(73)) - Successfully un-registered JMX Bean with object name Ratis:service=RaftServer,group=group-E2C494768F12,id=dc5a192d-e9e0-46c7-8aee-58457d0752d8
2022-11-08 11:40:58,568 [dc5a192d-e9e0-46c7-8aee-58457d0752d8-impl-thread1] INFO  impl.RoleInfo (RoleInfo.java:shutdownLeaderState(93)) - dc5a192d-e9e0-46c7-8aee-58457d0752d8: shutdown dc5a192d-e9e0-46c7-8aee-58457d0752d8@group-E2C494768F12-LeaderStateImpl
2022-11-08 11:40:58,568 [d94fe112-7331-4555-8545-ea5a46cf3e05@group-2EE5346E980C-StateMachineUpdater] INFO  ratis.ContainerStateMachine (ContainerStateMachine.java:takeSnapshot(315)) - group-2EE5346E980C: Finished taking a snapshot at:(t:1, i:0) file:/home/runner/work/ozone/ozone/hadoop-ozone/integration-test/target/test-dir/MiniOzoneClusterImpl-c61d2d68-5505-4298-888d-dd71e22caacf/datanode-4/data/ratis/ad6a543c-2ea5-478a-a0c4-2ee5346e980c/sm/snapshot.1_0 took: 0 ms
2022-11-08 11:40:58,568 [dc5a192d-e9e0-46c7-8aee-58457d0752d8-impl-thread1] INFO  impl.PendingRequests (PendingRequests.java:sendNotLeaderResponses(282)) - dc5a192d-e9e0-46c7-8aee-58457d0752d8@group-E2C494768F12-PendingRequests: sendNotLeaderResponses
2022-11-08 11:40:58,569 [dc5a192d-e9e0-46c7-8aee-58457d0752d8-impl-thread1] INFO  impl.StateMachineUpdater (StateMachineUpdater.java:stopAndJoin(153)) - dc5a192d-e9e0-46c7-8aee-58457d0752d8@group-E2C494768F12-StateMachineUpdater: set stopIndex = 0
2022-11-08 11:40:58,570 [dc5a192d-e9e0-46c7-8aee-58457d0752d8@group-E2C494768F12-StateMachineUpdater] INFO  ratis.ContainerStateMachine (ContainerStateMachine.java:takeSnapshot(304)) - group-E2C494768F12: Taking a snapshot at:(t:1, i:0) file /home/runner/work/ozone/ozone/hadoop-ozone/integration-test/target/test-dir/MiniOzoneClusterImpl-c61d2d68-5505-4298-888d-dd71e22caacf/datanode-0/data/ratis/c30f1a76-b48a-43ba-a3c6-e2c494768f12/sm/snapshot.1_0
2022-11-08 11:40:58,570 [d94fe112-7331-4555-8545-ea5a46cf3e05@group-2EE5346E980C-StateMachineUpdater] INFO  impl.StateMachineUpdater (StateMachineUpdater.java:takeSnapshot(287)) - d94fe112-7331-4555-8545-ea5a46cf3e05@group-2EE5346E980C-StateMachineUpdater: Took a snapshot at index 0
2022-11-08 11:40:58,570 [d94fe112-7331-4555-8545-ea5a46cf3e05@group-2EE5346E980C-StateMachineUpdater] INFO  impl.StateMachineUpdater (StateMachineUpdater.java:lambda$new$0(92)) - d94fe112-7331-4555-8545-ea5a46cf3e05@group-2EE5346E980C-StateMachineUpdater: snapshotIndex: updateIncreasingly -1 -> 0
2022-11-08 11:40:58,571 [d94fe112-7331-4555-8545-ea5a46cf3e05-impl-thread3] INFO  server.RaftServer$Division (ServerState.java:close(466)) - d94fe112-7331-4555-8545-ea5a46cf3e05@group-2EE5346E980C: closes. applyIndex: 0
2022-11-08 11:40:58,571 [d94fe112-7331-4555-8545-ea5a46cf3e05@group-2EE5346E980C-SegmentedRaftLogWorker] INFO  segmented.SegmentedRaftLogWorker (SegmentedRaftLogWorker.java:run(345)) - d94fe112-7331-4555-8545-ea5a46cf3e05@group-2EE5346E980C-SegmentedRaftLogWorker was interrupted, exiting. There are 0 tasks remaining in the queue.
2022-11-08 11:40:58,571 [dc5a192d-e9e0-46c7-8aee-58457d0752d8@group-E2C494768F12-StateMachineUpdater] INFO  ratis.ContainerStateMachine (ContainerStateMachine.java:takeSnapshot(315)) - group-E2C494768F12: Finished taking a snapshot at:(t:1, i:0) file:/home/runner/work/ozone/ozone/hadoop-ozone/integration-test/target/test-dir/MiniOzoneClusterImpl-c61d2d68-5505-4298-888d-dd71e22caacf/datanode-0/data/ratis/c30f1a76-b48a-43ba-a3c6-e2c494768f12/sm/snapshot.1_0 took: 1 ms
2022-11-08 11:40:58,571 [dc5a192d-e9e0-46c7-8aee-58457d0752d8@group-E2C494768F12-StateMachineUpdater] INFO  impl.StateMachineUpdater (StateMachineUpdater.java:takeSnapshot(287)) - dc5a192d-e9e0-46c7-8aee-58457d0752d8@group-E2C494768F12-StateMachineUpdater: Took a snapshot at index 0
2022-11-08 11:40:58,571 [dc5a192d-e9e0-46c7-8aee-58457d0752d8@group-E2C494768F12-StateMachineUpdater] INFO  impl.StateMachineUpdater (StateMachineUpdater.java:lambda$new$0(92)) - dc5a192d-e9e0-46c7-8aee-58457d0752d8@group-E2C494768F12-StateMachineUpdater: snapshotIndex: updateIncreasingly -1 -> 0
2022-11-08 11:40:58,572 [dc5a192d-e9e0-46c7-8aee-58457d0752d8-impl-thread1] INFO  server.RaftServer$Division (ServerState.java:close(466)) - dc5a192d-e9e0-46c7-8aee-58457d0752d8@group-E2C494768F12: closes. applyIndex: 0
2022-11-08 11:40:58,572 [dc5a192d-e9e0-46c7-8aee-58457d0752d8@group-E2C494768F12-SegmentedRaftLogWorker] INFO  segmented.SegmentedRaftLogWorker (SegmentedRaftLogWorker.java:run(345)) - dc5a192d-e9e0-46c7-8aee-58457d0752d8@group-E2C494768F12-SegmentedRaftLogWorker was interrupted, exiting. There are 0 tasks remaining in the queue.
2022-11-08 11:40:58,572 [dc5a192d-e9e0-46c7-8aee-58457d0752d8-impl-thread1] INFO  segmented.SegmentedRaftLogWorker (SegmentedRaftLogWorker.java:close(255)) - dc5a192d-e9e0-46c7-8aee-58457d0752d8@group-E2C494768F12-SegmentedRaftLogWorker close()
2022-11-08 11:40:58,574 [Listener at 127.0.0.1/34491] INFO  server.GrpcServerProtocolClient (GrpcServerProtocolClient.java:close(111)) - 8949e68c-e95d-4b98-a083-33911916c13e Close channels
2022-11-08 11:40:58,575 [ForkJoinPool.commonPool-worker-0] INFO  server.GrpcServerProtocolClient (GrpcServerProtocolClient.java:close(111)) - 426e857f-dbb4-4c86-998f-375273f8a445 Close channels
2022-11-08 11:40:58,576 [d94fe112-7331-4555-8545-ea5a46cf3e05-impl-thread3] INFO  segmented.SegmentedRaftLogWorker (SegmentedRaftLogWorker.java:close(255)) - d94fe112-7331-4555-8545-ea5a46cf3e05@group-2EE5346E980C-SegmentedRaftLogWorker close()
2022-11-08 11:40:58,576 [Listener at 127.0.0.1/34491] INFO  server.GrpcServerProtocolClient (GrpcServerProtocolClient.java:close(111)) - b82692f7-3e6b-41da-8c72-517365e0a845 Close channels
2022-11-08 11:40:58,576 [ForkJoinPool.commonPool-worker-0] INFO  server.GrpcServerProtocolClient (GrpcServerProtocolClient.java:close(111)) - 9f3b593f-78c6-4294-9602-7cd55c8a4272 Close channels
2022-11-08 11:40:58,577 [Listener at 127.0.0.1/34491] INFO  server.GrpcService (GrpcService.java:closeImpl(288)) - d94fe112-7331-4555-8545-ea5a46cf3e05: shutdown server GrpcServerProtocolService successfully
2022-11-08 11:40:58,577 [ForkJoinPool.commonPool-worker-0] INFO  server.GrpcService (GrpcService.java:closeImpl(288)) - dc5a192d-e9e0-46c7-8aee-58457d0752d8: shutdown server GrpcServerProtocolService successfully
2022-11-08 11:40:58,577 [JvmPauseMonitor1] INFO  util.JvmPauseMonitor (JvmPauseMonitor.java:run(111)) - JvmPauseMonitor-dc5a192d-e9e0-46c7-8aee-58457d0752d8: Stopped
2022-11-08 11:40:58,578 [JvmPauseMonitor5] INFO  util.JvmPauseMonitor (JvmPauseMonitor.java:run(111)) - JvmPauseMonitor-d94fe112-7331-4555-8545-ea5a46cf3e05: Stopped
2022-11-08 11:41:00,585 [Listener at 127.0.0.1/34491] INFO  volume.HddsVolume (HddsVolume.java:closeDbStore(338)) - SchemaV3 db is stopped at /home/runner/work/ozone/ozone/hadoop-ozone/integration-test/target/test-dir/MiniOzoneClusterImpl-c61d2d68-5505-4298-888d-dd71e22caacf/datanode-4/data-0/containers/hdds/c61d2d68-5505-4298-888d-dd71e22caacf/DS-5cafd8d7-dbb2-4f16-8da2-a52c6a8b862e/container.db for volume DS-5cafd8d7-dbb2-4f16-8da2-a52c6a8b862e
2022-11-08 11:41:00,585 [Listener at 127.0.0.1/34491] INFO  utils.BackgroundService (BackgroundService.java:shutdown(141)) - Shutting down service BlockDeletingService
2022-11-08 11:41:00,589 [ForkJoinPool.commonPool-worker-0] INFO  volume.HddsVolume (HddsVolume.java:closeDbStore(338)) - SchemaV3 db is stopped at /home/runner/work/ozone/ozone/hadoop-ozone/integration-test/target/test-dir/MiniOzoneClusterImpl-c61d2d68-5505-4298-888d-dd71e22caacf/datanode-0/data-0/containers/hdds/c61d2d68-5505-4298-888d-dd71e22caacf/DS-aed56bd4-eb5c-42d5-9670-b178692904cc/container.db for volume DS-aed56bd4-eb5c-42d5-9670-b178692904cc
2022-11-08 11:41:00,590 [Listener at 127.0.0.1/34491] INFO  utils.BackgroundService (BackgroundService.java:shutdown(141)) - Shutting down service StaleRecoveringContainerScrubbingService
2022-11-08 11:41:00,592 [ForkJoinPool.commonPool-worker-0] INFO  utils.BackgroundService (BackgroundService.java:shutdown(141)) - Shutting down service BlockDeletingService
2022-11-08 11:41:00,592 [ForkJoinPool.commonPool-worker-0] INFO  utils.BackgroundService (BackgroundService.java:shutdown(141)) - Shutting down service StaleRecoveringContainerScrubbingService
2022-11-08 11:41:00,594 [Listener at 127.0.0.1/34491] INFO  statemachine.DatanodeStateMachine (DatanodeStateMachine.java:stopDaemon(593)) - Ozone container server stopped.
2022-11-08 11:41:00,600 [ForkJoinPool.commonPool-worker-0] INFO  statemachine.DatanodeStateMachine (DatanodeStateMachine.java:stopDaemon(593)) - Ozone container server stopped.
2022-11-08 11:41:00,608 [Listener at 127.0.0.1/34491] INFO  handler.ContextHandler (ContextHandler.java:doStop(1159)) - Stopped o.e.j.w.WebAppContext@6373a753{hddsDatanode,/,null,STOPPED}{jar:file:/home/runner/.m2/repository/org/apache/ozone/hdds-container-service/1.3.0-SNAPSHOT/hdds-container-service-1.3.0-SNAPSHOT.jar!/webapps/hddsDatanode}
2022-11-08 11:41:00,612 [Listener at 127.0.0.1/34491] INFO  server.AbstractConnector (AbstractConnector.java:doStop(383)) - Stopped ServerConnector@25499cf8{HTTP/1.1, (http/1.1)}{0.0.0.0:0}
2022-11-08 11:41:00,613 [Listener at 127.0.0.1/34491] INFO  server.session (HouseKeeper.java:stopScavenging(149)) - node0 Stopped scavenging
2022-11-08 11:41:00,614 [Listener at 127.0.0.1/34491] INFO  handler.ContextHandler (ContextHandler.java:doStop(1159)) - Stopped o.e.j.s.ServletContextHandler@44c3a4c2{static,/static,jar:file:/home/runner/.m2/repository/org/apache/ozone/hdds-container-service/1.3.0-SNAPSHOT/hdds-container-service-1.3.0-SNAPSHOT.jar!/webapps/static,STOPPED}
2022-11-08 11:41:00,614 [ForkJoinPool.commonPool-worker-0] INFO  handler.ContextHandler (ContextHandler.java:doStop(1159)) - Stopped o.e.j.w.WebAppContext@1aebd781{hddsDatanode,/,null,STOPPED}{jar:file:/home/runner/.m2/repository/org/apache/ozone/hdds-container-service/1.3.0-SNAPSHOT/hdds-container-service-1.3.0-SNAPSHOT.jar!/webapps/hddsDatanode}
2022-11-08 11:41:00,615 [ForkJoinPool.commonPool-worker-0] INFO  server.AbstractConnector (AbstractConnector.java:doStop(383)) - Stopped ServerConnector@7e15d4ff{HTTP/1.1, (http/1.1)}{0.0.0.0:0}
2022-11-08 11:41:00,615 [ForkJoinPool.commonPool-worker-0] INFO  server.session (HouseKeeper.java:stopScavenging(149)) - node0 Stopped scavenging
2022-11-08 11:41:00,616 [Listener at 127.0.0.1/34491] INFO  handler.ContextHandler (ContextHandler.java:doStop(1159)) - Stopped o.e.j.s.ServletContextHandler@7e12d310{logs,/logs,file:///home/runner/work/ozone/ozone/hadoop-ozone/integration-test/target/log,STOPPED}
2022-11-08 11:41:00,622 [ForkJoinPool.commonPool-worker-0] INFO  handler.ContextHandler (ContextHandler.java:doStop(1159)) - Stopped o.e.j.s.ServletContextHandler@6acc72c7{static,/static,jar:file:/home/runner/.m2/repository/org/apache/ozone/hdds-container-service/1.3.0-SNAPSHOT/hdds-container-service-1.3.0-SNAPSHOT.jar!/webapps/static,STOPPED}
2022-11-08 11:41:00,624 [ForkJoinPool.commonPool-worker-0] INFO  handler.ContextHandler (ContextHandler.java:doStop(1159)) - Stopped o.e.j.s.ServletContextHandler@7f0632ac{logs,/logs,file:///home/runner/work/ozone/ozone/hadoop-ozone/integration-test/target/log,STOPPED}
2022-11-08 11:41:00,627 [Listener at 127.0.0.1/34491] INFO  ozone.MiniOzoneClusterImpl (MiniOzoneClusterImpl.java:stopSCM(537)) - Stopping the StorageContainerManager
2022-11-08 11:41:00,627 [Listener at 127.0.0.1/34491] INFO  server.StorageContainerManager (StorageContainerManager.java:stop(1545)) - Container Balancer is not running.
2022-11-08 11:41:00,627 [Listener at 127.0.0.1/34491] INFO  server.StorageContainerManager (StorageContainerManager.java:stop(1552)) - Stopping Replication Manager Service.
2022-11-08 11:41:00,628 [Listener at 127.0.0.1/34491] INFO  replication.ReplicationManager (ReplicationManager.java:stop(274)) - Stopping Replication Monitor Thread.
2022-11-08 11:41:00,628 [Under Replicated Processor] WARN  replication.UnderReplicatedProcessor (UnderReplicatedProcessor.java:run(154)) - Under Replicated Processor interrupted. Exiting...
2022-11-08 11:41:00,628 [ReplicationMonitor] INFO  replication.ReplicationManager (ReplicationManager.java:run(580)) - Replication Monitor Thread is stopped
2022-11-08 11:41:00,628 [Over Replicated Processor] WARN  replication.OverReplicatedProcessor (OverReplicatedProcessor.java:run(142)) - Over Replicated Processor interrupted. Exiting...
2022-11-08 11:41:00,628 [Listener at 127.0.0.1/34491] INFO  server.StorageContainerManager (StorageContainerManager.java:stop(1559)) - Stopping the Datanode Admin Monitor.
2022-11-08 11:41:00,630 [Listener at 127.0.0.1/34491] INFO  server.StorageContainerManager (StorageContainerManager.java:stop(1566)) - Stopping Lease Manager of the command watchers
2022-11-08 11:41:00,630 [Listener at 127.0.0.1/34491] INFO  server.StorageContainerManager (StorageContainerManager.java:stop(1573)) - Stopping datanode service RPC server
2022-11-08 11:41:00,630 [Listener at 127.0.0.1/34491] INFO  server.SCMDatanodeProtocolServer (SCMDatanodeProtocolServer.java:stop(414)) - Stopping the RPC server for DataNodes
2022-11-08 11:41:00,630 [Listener at 127.0.0.1/34491] INFO  ipc.Server (Server.java:stop(3428)) - Stopping server on 35191
2022-11-08 11:41:00,633 [IPC Server Responder] INFO  ipc.Server (Server.java:run(1517)) - Stopping IPC Server Responder
2022-11-08 11:41:00,633 [IPC Server listener on 0] INFO  ipc.Server (Server.java:run(1384)) - Stopping IPC Server listener on 0
2022-11-08 11:41:00,854 [SCM Heartbeat Processing Thread - 0] WARN  node.NodeStateManager (NodeStateManager.java:scheduleNextHealthCheck(870)) - Current Thread is interrupted, shutting down HB processing thread for Node Manager.
2022-11-08 11:41:00,854 [Listener at 127.0.0.1/34491] INFO  server.StorageContainerManager (StorageContainerManager.java:stop(1581)) - Stopping block service RPC server
2022-11-08 11:41:00,855 [Listener at 127.0.0.1/34491] INFO  server.SCMBlockProtocolServer (SCMBlockProtocolServer.java:stop(161)) - Stopping the RPC server for Block Protocol
2022-11-08 11:41:00,855 [Listener at 127.0.0.1/34491] INFO  ipc.Server (Server.java:stop(3428)) - Stopping server on 46837
2022-11-08 11:41:00,857 [IPC Server listener on 0] INFO  ipc.Server (Server.java:run(1384)) - Stopping IPC Server listener on 0
2022-11-08 11:41:00,860 [IPC Server Responder] INFO  ipc.Server (Server.java:run(1517)) - Stopping IPC Server Responder
2022-11-08 11:41:00,861 [Listener at 127.0.0.1/34491] INFO  server.StorageContainerManager (StorageContainerManager.java:stop(1588)) - Stopping the StorageContainerLocationProtocol RPC server
2022-11-08 11:41:00,861 [Listener at 127.0.0.1/34491] INFO  server.SCMClientProtocolServer (SCMClientProtocolServer.java:stop(179)) - Stopping the RPC server for Client Protocol
2022-11-08 11:41:00,861 [Listener at 127.0.0.1/34491] INFO  ipc.Server (Server.java:stop(3428)) - Stopping server on 34057
2022-11-08 11:41:00,863 [IPC Server listener on 0] INFO  ipc.Server (Server.java:run(1384)) - Stopping IPC Server listener on 0
2022-11-08 11:41:00,864 [IPC Server Responder] INFO  ipc.Server (Server.java:run(1517)) - Stopping IPC Server Responder
2022-11-08 11:41:00,865 [Listener at 127.0.0.1/34491] INFO  server.StorageContainerManager (StorageContainerManager.java:stop(1595)) - Stopping Storage Container Manager HTTP server.
2022-11-08 11:41:00,866 [Listener at 127.0.0.1/34491] INFO  handler.ContextHandler (ContextHandler.java:doStop(1159)) - Stopped o.e.j.w.WebAppContext@e638553{scm,/,null,STOPPED}{file:/home/runner/work/ozone/ozone/hadoop-ozone/integration-test/target/test-classes/webapps/scm}
2022-11-08 11:41:00,866 [Listener at 127.0.0.1/34491] INFO  server.AbstractConnector (AbstractConnector.java:doStop(383)) - Stopped ServerConnector@66f223fa{HTTP/1.1, (http/1.1)}{0.0.0.0:0}
2022-11-08 11:41:00,866 [Listener at 127.0.0.1/34491] INFO  server.session (HouseKeeper.java:stopScavenging(149)) - node0 Stopped scavenging
2022-11-08 11:41:00,867 [Listener at 127.0.0.1/34491] INFO  handler.ContextHandler (ContextHandler.java:doStop(1159)) - Stopped o.e.j.s.ServletContextHandler@3d195d15{static,/static,file:///home/runner/work/ozone/ozone/hadoop-ozone/integration-test/target/test-classes/webapps/static,STOPPED}
2022-11-08 11:41:00,867 [Listener at 127.0.0.1/34491] INFO  handler.ContextHandler (ContextHandler.java:doStop(1159)) - Stopped o.e.j.s.ServletContextHandler@67730dab{logs,/logs,file:///home/runner/work/ozone/ozone/hadoop-ozone/integration-test/target/log,STOPPED}
2022-11-08 11:41:00,868 [Listener at 127.0.0.1/34491] INFO  server.StorageContainerManager (StorageContainerManager.java:stop(1601)) - Stopping SCM LayoutVersionManager Service.
2022-11-08 11:41:00,868 [Listener at 127.0.0.1/34491] INFO  server.StorageContainerManager (StorageContainerManager.java:stop(1609)) - Stopping Block Manager Service.
2022-11-08 11:41:00,869 [Listener at 127.0.0.1/34491] INFO  utils.BackgroundService (BackgroundService.java:shutdown(141)) - Shutting down service SCMBlockDeletingService
2022-11-08 11:41:00,869 [Listener at 127.0.0.1/34491] INFO  utils.BackgroundService (BackgroundService.java:shutdown(141)) - Shutting down service SCMBlockDeletingService
2022-11-08 11:41:00,869 [Listener at 127.0.0.1/34491] INFO  server.StorageContainerManager (StorageContainerManager.java:stop(1636)) - Stopping SCM Event Queue.
2022-11-08 11:41:00,872 [Listener at 127.0.0.1/34491] INFO  server.StorageContainerManager (StorageContainerManager.java:stop(1647)) - Stopping SCM HA services.
2022-11-08 11:41:00,872 [Listener at 127.0.0.1/34491] INFO  pipeline.BackgroundPipelineCreator (BackgroundPipelineCreator.java:stop(149)) - Stopping RatisPipelineUtilsThread.
2022-11-08 11:41:00,873 [RatisPipelineUtilsThread - 0] WARN  pipeline.BackgroundPipelineCreator (BackgroundPipelineCreator.java:run(180)) - RatisPipelineUtilsThread is interrupted.
2022-11-08 11:41:00,873 [Listener at 127.0.0.1/34491] INFO  BackgroundPipelineScrubber (BackgroundSCMService.java:stop(131)) - Stopping BackgroundPipelineScrubber Service.
2022-11-08 11:41:00,873 [BackgroundPipelineScrubberThread] WARN  BackgroundPipelineScrubber (BackgroundSCMService.java:run(115)) - BackgroundPipelineScrubber is interrupted, exit
2022-11-08 11:41:00,874 [Listener at 127.0.0.1/34491] INFO  impl.MetricsSystemImpl (MetricsSystemImpl.java:stop(210)) - Stopping HddsDatanode metrics system...
2022-11-08 11:41:00,878 [prometheus] INFO  impl.MetricsSinkAdapter (MetricsSinkAdapter.java:publishMetricsFromQueue(141)) - prometheus thread interrupted.
2022-11-08 11:41:00,878 [Listener at 127.0.0.1/34491] INFO  impl.MetricsSystemImpl (MetricsSystemImpl.java:stop(216)) - HddsDatanode metrics system stopped.
2022-11-08 11:41:00,879 [Listener at 127.0.0.1/34491] WARN  pipeline.BackgroundPipelineCreator (BackgroundPipelineCreator.java:stop(145)) - RatisPipelineUtilsThread is not running, just ignore.
2022-11-08 11:41:00,879 [Listener at 127.0.0.1/34491] INFO  BackgroundPipelineScrubber (BackgroundSCMService.java:stop(126)) - BackgroundPipelineScrubber Service is not running, skip stop.
2022-11-08 11:41:00,879 [Listener at 127.0.0.1/34491] INFO  ExpiredContainerReplicaOpScrubber (BackgroundSCMService.java:stop(131)) - Stopping ExpiredContainerReplicaOpScrubber Service.
2022-11-08 11:41:00,879 [ExpiredContainerReplicaOpScrubberThread] WARN  ExpiredContainerReplicaOpScrubber (BackgroundSCMService.java:run(115)) - ExpiredContainerReplicaOpScrubber is interrupted, exit
2022-11-08 11:41:00,879 [Listener at 127.0.0.1/34491] INFO  utils.BackgroundService (BackgroundService.java:shutdown(141)) - Shutting down service SCMBlockDeletingService
2022-11-08 11:41:00,879 [Listener at 127.0.0.1/34491] INFO  replication.ReplicationManager (ReplicationManager.java:stop(282)) - Replication Monitor Thread is not running.
2022-11-08 11:41:00,880 [Listener at 127.0.0.1/34491] WARN  balancer.ContainerBalancer (ContainerBalancer.java:stop(322)) - Cannot stop Container Balancer because it's not running or stopping
2022-11-08 11:41:00,880 [Listener at 127.0.0.1/34491] INFO  server.StorageContainerManager (StorageContainerManager.java:stop(1665)) - Stopping SCM MetadataStore.
]]></system-out>
  </testcase>
  <testcase name="testPipelineCreationOnNodeRestart" classname="org.apache.hadoop.hdds.scm.pipeline.TestRatisPipelineCreateAndDestroy" time="27.311">
    <system-out><![CDATA[2022-11-08 11:41:00,982 [Listener at 127.0.0.1/34491] WARN  server.ServerUtils (ServerUtils.java:getScmDbDir(148)) - ozone.scm.db.dirs is not configured. We recommend adding this setting. Falling back to ozone.metadata.dirs instead.
2022-11-08 11:41:00,985 [Listener at 127.0.0.1/34491] WARN  server.ServerUtils (ServerUtils.java:getScmDbDir(148)) - ozone.scm.db.dirs is not configured. We recommend adding this setting. Falling back to ozone.metadata.dirs instead.
2022-11-08 11:41:00,986 [Listener at 127.0.0.1/34491] INFO  ha.SCMHANodeDetails (SCMHANodeDetails.java:loadSCMHAConfig(209)) - ServiceID for StorageContainerManager is null
2022-11-08 11:41:00,986 [Listener at 127.0.0.1/34491] INFO  ha.SCMHANodeDetails (SCMHANodeDetails.java:loadSCMHAConfig(214)) - ozone.scm.default.service.id is not defined, falling back to ozone.scm.service.ids to find serviceID for StorageContainerManager if it is HA enabled cluster
2022-11-08 11:41:00,987 [Listener at 127.0.0.1/34491] WARN  utils.HAUtils (HAUtils.java:getMetaDir(342)) - ozone.scm.db.dirs is not configured. We recommend adding this setting. Falling back to ozone.metadata.dirs instead.
2022-11-08 11:41:00,989 [Listener at 127.0.0.1/34491] WARN  db.DBStoreBuilder (DBStoreBuilder.java:applyDBDefinition(144)) - ozone.scm.db.dirs is not configured. We recommend adding this setting. Falling back to ozone.metadata.dirs instead.
2022-11-08 11:41:01,128 [Listener at 127.0.0.1/34491] INFO  net.NodeSchemaLoader (NodeSchemaLoader.java:loadSchemaFromFile(129)) - Loading schema from [jar:file:/home/runner/.m2/repository/org/apache/ozone/hdds-common/1.3.0-SNAPSHOT/hdds-common-1.3.0-SNAPSHOT.jar!/network-topology-default.xml]
2022-11-08 11:41:01,128 [Listener at 127.0.0.1/34491] INFO  net.NodeSchemaLoader (NodeSchemaLoader.java:loadSchema(176)) - Loading network topology layer schema file
2022-11-08 11:41:01,131 [Listener at 127.0.0.1/34491] INFO  upgrade.AbstractLayoutVersionManager (AbstractLayoutVersionManager.java:init(83)) - Initializing Layout version manager with metadata layout = DATANODE_SCHEMA_V3 (version = 4), software layout = DATANODE_SCHEMA_V3 (version = 4)
2022-11-08 11:41:01,184 [Listener at 127.0.0.1/34491] INFO  reflections.Reflections (Reflections.java:scan(232)) - Reflections took 51 ms to scan 7 urls, producing 139 keys and 336 values 
2022-11-08 11:41:01,187 [Listener at 127.0.0.1/34491] INFO  ha.SequenceIdGenerator (SequenceIdGenerator.java:upgradeToSequenceId(349)) - upgrade localId to 109611004723200000
2022-11-08 11:41:01,187 [Listener at 127.0.0.1/34491] INFO  ha.SequenceIdGenerator (SequenceIdGenerator.java:upgradeToSequenceId(359)) - upgrade delTxnId to 0
2022-11-08 11:41:01,187 [Listener at 127.0.0.1/34491] INFO  ha.SequenceIdGenerator (SequenceIdGenerator.java:upgradeToSequenceId(376)) - upgrade containerId to 0
2022-11-08 11:41:01,188 [Listener at 127.0.0.1/34491] INFO  ha.SequenceIdGenerator (SequenceIdGenerator.java:<init>(220)) - Init the HA SequenceIdGenerator.
2022-11-08 11:41:01,188 [Listener at 127.0.0.1/34491] WARN  server.ServerUtils (ServerUtils.java:sanitizeUserArgs(67)) - ozone.scm.stale.node.interval value = 5000 is smaller than min = 6000 based on the key value of hdds.heartbeat.interval, reset to the min value 6000.
2022-11-08 11:41:01,188 [Listener at 127.0.0.1/34491] WARN  server.ServerUtils (ServerUtils.java:sanitizeUserArgs(67)) - ozone.scm.stale.node.interval value = 5000 is smaller than min = 6000 based on the key value of hdds.heartbeat.interval, reset to the min value 6000.
2022-11-08 11:41:01,189 [Listener at 127.0.0.1/34491] INFO  node.SCMNodeManager (SCMNodeManager.java:<init>(149)) - Entering startup safe mode.
2022-11-08 11:41:01,189 [Listener at 127.0.0.1/34491] INFO  algorithms.ContainerPlacementPolicyFactory (ContainerPlacementPolicyFactory.java:getPolicyInternal(86)) - Create container placement policy of type org.apache.hadoop.hdds.scm.container.placement.algorithms.SCMContainerPlacementRandom
2022-11-08 11:41:01,190 [Listener at 127.0.0.1/34491] INFO  algorithms.ContainerPlacementPolicyFactory (ContainerPlacementPolicyFactory.java:getPolicyInternal(86)) - Create container placement policy of type org.apache.hadoop.hdds.scm.container.placement.algorithms.SCMContainerPlacementRackScatter
2022-11-08 11:41:01,190 [Listener at 127.0.0.1/34491] INFO  pipeline.PipelineStateManagerImpl (PipelineStateManagerImpl.java:initialize(78)) - No pipeline exists in current db
2022-11-08 11:41:01,190 [Listener at 127.0.0.1/34491] INFO  algorithms.LeaderChoosePolicyFactory (LeaderChoosePolicyFactory.java:getPolicy(57)) - Create leader choose policy of type org.apache.hadoop.hdds.scm.pipeline.leader.choose.algorithms.MinLeaderCountChoosePolicy
2022-11-08 11:41:01,190 [Listener at 127.0.0.1/34491] INFO  algorithms.ContainerPlacementPolicyFactory (ContainerPlacementPolicyFactory.java:getPolicyInternal(86)) - Create container placement policy of type org.apache.hadoop.hdds.scm.container.placement.algorithms.SCMContainerPlacementRackScatter
2022-11-08 11:41:01,191 [Listener at 127.0.0.1/34491] INFO  ha.SCMServiceManager (SCMServiceManager.java:register(42)) - Registering service BackgroundPipelineCreator.
2022-11-08 11:41:01,191 [Listener at 127.0.0.1/34491] INFO  pipeline.BackgroundPipelineCreator (BackgroundPipelineCreator.java:start(124)) - Starting RatisPipelineUtilsThread.
2022-11-08 11:41:01,192 [Listener at 127.0.0.1/34491] INFO  BackgroundPipelineScrubber (BackgroundSCMService.java:start(68)) - Starting BackgroundPipelineScrubber Service.
2022-11-08 11:41:01,192 [Listener at 127.0.0.1/34491] INFO  ha.SCMServiceManager (SCMServiceManager.java:register(42)) - Registering service BackgroundPipelineScrubber.
2022-11-08 11:41:01,192 [Listener at 127.0.0.1/34491] INFO  ExpiredContainerReplicaOpScrubber (BackgroundSCMService.java:start(68)) - Starting ExpiredContainerReplicaOpScrubber Service.
2022-11-08 11:41:01,193 [Listener at 127.0.0.1/34491] INFO  ha.SCMServiceManager (SCMServiceManager.java:register(42)) - Registering service ExpiredContainerReplicaOpScrubber.
2022-11-08 11:41:01,194 [Listener at 127.0.0.1/34491] INFO  algorithms.PipelineChoosePolicyFactory (PipelineChoosePolicyFactory.java:createPipelineChoosePolicyFromClass(73)) - Create pipeline choose policy of type org.apache.hadoop.hdds.scm.pipeline.choose.algorithms.RandomPipelineChoosePolicy
2022-11-08 11:41:01,195 [Listener at 127.0.0.1/34491] INFO  ha.SCMServiceManager (SCMServiceManager.java:register(42)) - Registering service SCMBlockDeletingService.
2022-11-08 11:41:01,196 [Listener at 127.0.0.1/34491] INFO  replication.ReplicationManager (ReplicationManager.java:start(239)) - Starting Replication Monitor Thread.
2022-11-08 11:41:01,197 [Listener at 127.0.0.1/34491] INFO  ha.SCMServiceManager (SCMServiceManager.java:register(42)) - Registering service ReplicationManager.
2022-11-08 11:41:01,197 [Listener at 127.0.0.1/34491] INFO  safemode.ContainerSafeModeRule (ContainerSafeModeRule.java:<init>(89)) - containers with one replica threshold count 0
2022-11-08 11:41:01,198 [Listener at 127.0.0.1/34491] INFO  safemode.HealthyPipelineSafeModeRule (HealthyPipelineSafeModeRule.java:initializeRule(169)) - Total pipeline count is 0, healthy pipeline threshold count is 1
2022-11-08 11:41:01,198 [Listener at 127.0.0.1/34491] INFO  safemode.OneReplicaPipelineSafeModeRule (OneReplicaPipelineSafeModeRule.java:initializeRule(180)) - Total pipeline count is 0, pipeline's with at least one datanode reported threshold count is 0
2022-11-08 11:41:01,198 [ReplicationMonitor] INFO  replication.ReplicationManager (ReplicationManager.java:processAll(308)) - Replication Manager is not ready to run until 3000ms after safemode exit
2022-11-08 11:41:01,199 [Listener at 127.0.0.1/34491] INFO  ipc.CallQueueManager (CallQueueManager.java:<init>(90)) - Using callQueue: class java.util.concurrent.LinkedBlockingQueue, queueCapacity: 2000, scheduler: class org.apache.hadoop.ipc.DefaultRpcScheduler, ipcBackoff: false.
2022-11-08 11:41:01,200 [Socket Reader #1 for port 0] INFO  ipc.Server (Server.java:run(1273)) - Starting Socket Reader #1 for port 0
2022-11-08 11:41:01,200 [Listener at 0.0.0.0/45019] INFO  ipc.CallQueueManager (CallQueueManager.java:<init>(90)) - Using callQueue: class java.util.concurrent.LinkedBlockingQueue, queueCapacity: 2000, scheduler: class org.apache.hadoop.ipc.DefaultRpcScheduler, ipcBackoff: false.
2022-11-08 11:41:01,201 [Socket Reader #1 for port 0] INFO  ipc.Server (Server.java:run(1273)) - Starting Socket Reader #1 for port 0
2022-11-08 11:41:01,202 [Listener at 0.0.0.0/44675] INFO  ipc.CallQueueManager (CallQueueManager.java:<init>(90)) - Using callQueue: class java.util.concurrent.LinkedBlockingQueue, queueCapacity: 2000, scheduler: class org.apache.hadoop.ipc.DefaultRpcScheduler, ipcBackoff: false.
2022-11-08 11:41:01,203 [Socket Reader #1 for port 0] INFO  ipc.Server (Server.java:run(1273)) - Starting Socket Reader #1 for port 0
2022-11-08 11:41:01,208 [Listener at 0.0.0.0/38321] INFO  ha.SCMServiceManager (SCMServiceManager.java:register(42)) - Registering service ContainerBalancer.
2022-11-08 11:41:01,208 [Listener at 0.0.0.0/38321] INFO  server.StorageContainerManager (StorageContainerManager.java:<init>(415)) - 
Container Balancer status:
Key                            Value
Running                        true
Container Balancer Configuration values:
Key                                                Value
Threshold                                          10
Max Datanodes to Involve per Iteration(percent)    20
Max Size to Move per Iteration                     500GB
Max Size Entering Target per Iteration             26GB
Max Size Leaving Source per Iteration              26GB

2022-11-08 11:41:01,208 [Listener at 0.0.0.0/38321] WARN  events.EventQueue (EventQueue.java:fireEvent(216)) - No event handler registered for event TypedEvent{payloadType=SafeModeStatus, name='Safe mode status'}
2022-11-08 11:41:01,208 [Listener at 0.0.0.0/38321] INFO  ha.SCMContext (SCMContext.java:updateSafeModeStatus(228)) - Update SafeModeStatus from SafeModeStatus{safeModeStatus=true, preCheckPassed=false} to SafeModeStatus{safeModeStatus=true, preCheckPassed=false}.
2022-11-08 11:41:01,209 [Listener at 0.0.0.0/38321] INFO  server.StorageContainerManager (StorageContainerManager.java:start(1449)) - StorageContainerLocationProtocol RPC server is listening at /0.0.0.0:38321
2022-11-08 11:41:01,211 [Listener at 0.0.0.0/38321] WARN  impl.MetricsConfig (MetricsConfig.java:loadFirst(136)) - Cannot locate configuration: tried hadoop-metrics2-storagecontainermanager.properties,hadoop-metrics2.properties
2022-11-08 11:41:01,215 [Listener at 0.0.0.0/38321] INFO  impl.MetricsSystemImpl (MetricsSystemImpl.java:startTimer(378)) - Scheduled Metric snapshot period at 10 second(s).
2022-11-08 11:41:01,216 [Listener at 0.0.0.0/38321] INFO  impl.MetricsSystemImpl (MetricsSystemImpl.java:start(191)) - StorageContainerManager metrics system started
2022-11-08 11:41:01,249 [Listener at 0.0.0.0/38321] INFO  impl.MetricsSinkAdapter (MetricsSinkAdapter.java:start(204)) - Sink prometheus started
2022-11-08 11:41:01,249 [Listener at 0.0.0.0/38321] INFO  impl.MetricsSystemImpl (MetricsSystemImpl.java:registerSink(305)) - Registered sink prometheus
2022-11-08 11:41:01,271 [Listener at 0.0.0.0/38321] INFO  server.SCMClientProtocolServer (SCMClientProtocolServer.java:start(170)) - RPC server for Client  is listening at /0.0.0.0:38321
2022-11-08 11:41:01,272 [IPC Server Responder] INFO  ipc.Server (Server.java:run(1512)) - IPC Server Responder: starting
2022-11-08 11:41:01,272 [IPC Server listener on 0] INFO  ipc.Server (Server.java:run(1352)) - IPC Server listener on 0: starting
2022-11-08 11:41:01,293 [Listener at 0.0.0.0/38321] INFO  server.StorageContainerManager (StorageContainerManager.java:start(1464)) - ScmBlockLocationProtocol RPC server is listening at /0.0.0.0:44675
2022-11-08 11:41:01,293 [Listener at 0.0.0.0/38321] INFO  server.SCMBlockProtocolServer (SCMBlockProtocolServer.java:start(152)) - RPC server for Block Protocol is listening at /0.0.0.0:44675
2022-11-08 11:41:01,294 [IPC Server Responder] INFO  ipc.Server (Server.java:run(1512)) - IPC Server Responder: starting
2022-11-08 11:41:01,295 [IPC Server listener on 0] INFO  ipc.Server (Server.java:run(1352)) - IPC Server listener on 0: starting
2022-11-08 11:41:01,298 [Listener at 0.0.0.0/38321] INFO  server.SCMDatanodeProtocolServer (SCMDatanodeProtocolServer.java:start(186)) - ScmDatanodeProtocol RPC server for DataNodes is listening at /0.0.0.0:45019
2022-11-08 11:41:01,299 [IPC Server Responder] INFO  ipc.Server (Server.java:run(1512)) - IPC Server Responder: starting
2022-11-08 11:41:01,299 [IPC Server listener on 0] INFO  ipc.Server (Server.java:run(1352)) - IPC Server listener on 0: starting
2022-11-08 11:41:01,313 [Listener at 0.0.0.0/38321] INFO  http.BaseHttpServer (BaseHttpServer.java:newHttpServer2BuilderForOzone(213)) - Starting Web-server for scm at: http://0.0.0.0:0
2022-11-08 11:41:01,313 [Listener at 0.0.0.0/38321] INFO  http.BaseHttpServer (BaseHttpServer.java:<init>(108)) - Hadoop Security Enabled: false Ozone Security Enabled: false Ozone HTTP Security Enabled: false 
2022-11-08 11:41:01,316 [org.apache.hadoop.util.JvmPauseMonitor$Monitor@785a8346] INFO  util.JvmPauseMonitor (JvmPauseMonitor.java:run(188)) - Starting JVM pause monitor
2022-11-08 11:41:01,317 [Listener at 0.0.0.0/38321] WARN  server.AuthenticationFilter (AuthenticationFilter.java:constructSecretProvider(240)) - Unable to initialize FileSignerSecretProvider, falling back to use random secrets. Reason: Could not read signature secret file: /home/runner/hadoop-http-auth-signature-secret
2022-11-08 11:41:01,318 [Listener at 0.0.0.0/38321] WARN  http.HttpRequestLog (HttpRequestLog.java:getRequestLog(103)) - Jetty request log can only be enabled using Log4j
2022-11-08 11:41:01,321 [Listener at 0.0.0.0/38321] INFO  http.HttpServer2 (HttpServer2.java:addGlobalFilter(1031)) - Added global filter 'safety' (class=org.apache.hadoop.hdds.server.http.HttpServer2$QuotingInputFilter)
2022-11-08 11:41:01,322 [Listener at 0.0.0.0/38321] INFO  http.HttpServer2 (HttpServer2.java:addFilter(1007)) - Added filter static_user_filter (class=org.apache.hadoop.http.lib.StaticUserWebFilter$StaticUserFilter) to context scm
2022-11-08 11:41:01,322 [Listener at 0.0.0.0/38321] INFO  http.HttpServer2 (HttpServer2.java:addFilter(1015)) - Added filter static_user_filter (class=org.apache.hadoop.http.lib.StaticUserWebFilter$StaticUserFilter) to context static
2022-11-08 11:41:01,322 [Listener at 0.0.0.0/38321] INFO  http.HttpServer2 (HttpServer2.java:addFilter(1015)) - Added filter static_user_filter (class=org.apache.hadoop.http.lib.StaticUserWebFilter$StaticUserFilter) to context logs
2022-11-08 11:41:01,323 [Listener at 0.0.0.0/38321] INFO  http.HttpServer2 (HttpServer2.java:bindListener(1250)) - Jetty bound to port 44943
2022-11-08 11:41:01,323 [Listener at 0.0.0.0/38321] INFO  server.Server (Server.java:doStart(375)) - jetty-9.4.49.v20220914; built: 2022-09-14T01:07:36.601Z; git: 4231a3b2e4cb8548a412a789936d640a97b1aa0a; jvm 1.8.0_345-b01
2022-11-08 11:41:01,329 [Listener at 0.0.0.0/38321] INFO  server.session (DefaultSessionIdManager.java:doStart(334)) - DefaultSessionIdManager workerName=node0
2022-11-08 11:41:01,329 [Listener at 0.0.0.0/38321] INFO  server.session (DefaultSessionIdManager.java:doStart(339)) - No SessionScavenger set, using defaults
2022-11-08 11:41:01,330 [Listener at 0.0.0.0/38321] INFO  server.session (HouseKeeper.java:startScavenging(132)) - node0 Scavenging every 660000ms
2022-11-08 11:41:01,331 [Listener at 0.0.0.0/38321] INFO  handler.ContextHandler (ContextHandler.java:doStart(921)) - Started o.e.j.s.ServletContextHandler@5020027c{logs,/logs,file:///home/runner/work/ozone/ozone/hadoop-ozone/integration-test/target/log,AVAILABLE}
2022-11-08 11:41:01,331 [Listener at 0.0.0.0/38321] INFO  handler.ContextHandler (ContextHandler.java:doStart(921)) - Started o.e.j.s.ServletContextHandler@46d50b32{static,/static,file:///home/runner/work/ozone/ozone/hadoop-ozone/integration-test/target/test-classes/webapps/static,AVAILABLE}
2022-11-08 11:41:01,337 [Listener at 0.0.0.0/38321] INFO  handler.ContextHandler (ContextHandler.java:doStart(921)) - Started o.e.j.w.WebAppContext@70dd183b{scm,/,file:///home/runner/work/ozone/ozone/hadoop-ozone/integration-test/target/test-classes/webapps/scm/,AVAILABLE}{file:/home/runner/work/ozone/ozone/hadoop-ozone/integration-test/target/test-classes/webapps/scm}
2022-11-08 11:41:01,338 [Listener at 0.0.0.0/38321] INFO  server.AbstractConnector (AbstractConnector.java:doStart(333)) - Started ServerConnector@2310ad09{HTTP/1.1, (http/1.1)}{0.0.0.0:44943}
2022-11-08 11:41:01,339 [Listener at 0.0.0.0/38321] INFO  server.Server (Server.java:doStart(415)) - Started @42183ms
2022-11-08 11:41:01,339 [Listener at 0.0.0.0/38321] WARN  impl.MetricsSystemImpl (MetricsSystemImpl.java:register(279)) - Sink prometheus already exists!
2022-11-08 11:41:01,341 [Listener at 0.0.0.0/38321] INFO  http.BaseHttpServer (BaseHttpServer.java:updateConnectorAddress(333)) - HTTP server of scm listening at http://0.0.0.0:44943
2022-11-08 11:41:01,342 [Listener at 0.0.0.0/38321] WARN  server.ServerUtils (ServerUtils.java:getDBPath(225)) - ozone.om.db.dirs is not configured. We recommend adding this setting. Falling back to ozone.metadata.dirs instead.
2022-11-08 11:41:01,345 [Listener at 0.0.0.0/38321] INFO  ha.OMHANodeDetails (OMHANodeDetails.java:loadOMHAConfig(115)) - ozone.om.internal.service.id is not defined, falling back to ozone.om.service.ids to find serviceID for OzoneManager if it is HA enabled cluster
2022-11-08 11:41:01,346 [Listener at 0.0.0.0/38321] INFO  ha.OMHANodeDetails (OMHANodeDetails.java:loadOMHAConfig(226)) - Configuration does not have ozone.om.address set. Falling back to the default OM address /127.0.0.1:0
2022-11-08 11:41:01,346 [Listener at 0.0.0.0/38321] INFO  ha.OMHANodeDetails (OMHANodeDetails.java:getOMNodeDetailsForNonHA(254)) - OM Service ID is not set. Setting it to the default ID: omServiceIdDefault
2022-11-08 11:41:01,346 [Listener at 0.0.0.0/38321] INFO  ha.OMHANodeDetails (OMHANodeDetails.java:getOMNodeDetailsForNonHA(261)) - OM Node ID is not set. Setting it to the default ID: om1
2022-11-08 11:41:01,347 [Listener at 0.0.0.0/38321] WARN  server.ServerUtils (ServerUtils.java:getDBPath(225)) - ozone.om.db.dirs is not configured. We recommend adding this setting. Falling back to ozone.metadata.dirs instead.
2022-11-08 11:41:01,347 [Listener at 0.0.0.0/38321] INFO  upgrade.AbstractLayoutVersionManager (AbstractLayoutVersionManager.java:init(83)) - Initializing Layout version manager with metadata layout = MULTITENANCY_SCHEMA (version = 3), software layout = MULTITENANCY_SCHEMA (version = 3)
2022-11-08 11:41:01,418 [Listener at 0.0.0.0/38321] INFO  reflections.Reflections (Reflections.java:scan(232)) - Reflections took 70 ms to scan 2 urls, producing 154 keys and 428 values [using 2 cores]
2022-11-08 11:41:01,419 [Listener at 0.0.0.0/38321] INFO  upgrade.OMLayoutVersionManager (OMLayoutVersionManager.java:lambda$0(115)) - Skipping Upgrade Action MockOmUpgradeAction since it has been finalized.
2022-11-08 11:41:01,419 [Listener at 0.0.0.0/38321] WARN  server.ServerUtils (ServerUtils.java:getDBPath(225)) - ozone.om.db.dirs is not configured. We recommend adding this setting. Falling back to ozone.metadata.dirs instead.
2022-11-08 11:41:01,420 [Listener at 0.0.0.0/38321] INFO  proxy.SCMBlockLocationFailoverProxyProvider (SCMBlockLocationFailoverProxyProvider.java:<init>(114)) - Created block location fail-over proxy with 1 nodes: [nodeId=scmNodeId,nodeAddress=/0.0.0.0:44675]
2022-11-08 11:41:01,422 [Listener at 0.0.0.0/38321] INFO  proxy.SCMBlockLocationFailoverProxyProvider (SCMBlockLocationFailoverProxyProvider.java:<init>(114)) - Created block location fail-over proxy with 1 nodes: [nodeId=scmNodeId,nodeAddress=/0.0.0.0:44675]
2022-11-08 11:41:01,434 [Listener at 0.0.0.0/38321] WARN  server.ServerUtils (ServerUtils.java:getDBPath(225)) - ozone.om.db.dirs is not configured. We recommend adding this setting. Falling back to ozone.metadata.dirs instead.
2022-11-08 11:41:01,435 [Listener at 0.0.0.0/38321] INFO  codec.OmKeyInfoCodec (OmKeyInfoCodec.java:<init>(49)) - OmKeyInfoCodec ignorePipeline = true
2022-11-08 11:41:01,435 [Listener at 0.0.0.0/38321] INFO  codec.RepeatedOmKeyInfoCodec (RepeatedOmKeyInfoCodec.java:<init>(41)) - RepeatedOmKeyInfoCodec ignorePipeline = true
2022-11-08 11:41:01,677 [Listener at 0.0.0.0/38321] INFO  om.OzoneManager (OzoneManager.java:instantiateServices(715)) - S3 Multi-Tenancy is disabled
2022-11-08 11:41:01,682 [Listener at 0.0.0.0/38321] INFO  om.OzoneManager (OzoneManager.java:addS3GVolumeToDB(4395)) - Created Volume s3v With Owner runner required for S3Gateway operations.
2022-11-08 11:41:01,682 [Listener at 0.0.0.0/38321] WARN  server.ServerUtils (ServerUtils.java:getDefaultRatisDirectory(237)) - Storage directory for Ratis is not configured. It is a good idea to map this to an SSD disk. Falling back to ozone.metadata.dirs
2022-11-08 11:41:01,682 [Listener at 0.0.0.0/38321] WARN  utils.OzoneManagerRatisUtils (OzoneManagerRatisUtils.java:getOMRatisSnapshotDirectory(434)) - ozone.om.ratis.snapshot.dir is not configured. Falling back to ozone.metadata.dirs config
2022-11-08 11:41:01,684 [Listener at 0.0.0.0/38321] WARN  server.ServerUtils (ServerUtils.java:getDefaultRatisDirectory(237)) - Storage directory for Ratis is not configured. It is a good idea to map this to an SSD disk. Falling back to ozone.metadata.dirs
2022-11-08 11:41:01,687 [Listener at 0.0.0.0/38321] INFO  ratis.OzoneManagerRatisServer (OzoneManagerRatisServer.java:<init>(160)) - Instantiating OM Ratis server with groupID: omServiceIdDefault and peers: localhost:9872
2022-11-08 11:41:01,688 [Listener at 0.0.0.0/38321] INFO  ratis.OzoneManagerStateMachine (OzoneManagerStateMachine.java:loadSnapshotInfoFromDB(636)) - LastAppliedIndex is set from TransactionInfo from OM DB as (t:0, i:~)
2022-11-08 11:41:01,694 [Listener at 0.0.0.0/38321] INFO  server.RaftServer (ConfUtils.java:logGet(46)) - raft.rpc.type = GRPC (default)
2022-11-08 11:41:01,695 [Listener at 0.0.0.0/38321] INFO  grpc.GrpcConfigKeys (ConfUtils.java:logFallback(53)) - raft.grpc.admin.host = null (fallback to raft.grpc.server.host)
2022-11-08 11:41:01,695 [Listener at 0.0.0.0/38321] INFO  grpc.GrpcConfigKeys (ConfUtils.java:logFallback(53)) - raft.grpc.admin.port = 9872 (fallback to raft.grpc.server.port)
2022-11-08 11:41:01,695 [Listener at 0.0.0.0/38321] INFO  grpc.GrpcConfigKeys (ConfUtils.java:logFallback(53)) - raft.grpc.client.host = null (fallback to raft.grpc.server.host)
2022-11-08 11:41:01,695 [Listener at 0.0.0.0/38321] INFO  grpc.GrpcConfigKeys (ConfUtils.java:logFallback(53)) - raft.grpc.client.port = 9872 (fallback to raft.grpc.server.port)
2022-11-08 11:41:01,696 [Listener at 0.0.0.0/38321] INFO  grpc.GrpcConfigKeys (ConfUtils.java:logGet(46)) - raft.grpc.server.host = null (default)
2022-11-08 11:41:01,696 [Listener at 0.0.0.0/38321] INFO  grpc.GrpcConfigKeys (ConfUtils.java:logGet(46)) - raft.grpc.server.port = 9872 (custom)
2022-11-08 11:41:01,696 [Listener at 0.0.0.0/38321] INFO  server.GrpcService (ConfUtils.java:logGet(46)) - raft.grpc.message.size.max = 33554432 (custom)
2022-11-08 11:41:01,696 [Listener at 0.0.0.0/38321] INFO  server.RaftServerConfigKeys (ConfUtils.java:logGet(46)) - raft.server.log.appender.buffer.byte-limit = 33554432 (custom)
2022-11-08 11:41:01,696 [Listener at 0.0.0.0/38321] INFO  server.GrpcService (ConfUtils.java:logGet(46)) - raft.grpc.flow.control.window = 1MB (=1048576) (default)
2022-11-08 11:41:01,697 [Listener at 0.0.0.0/38321] INFO  server.RaftServerConfigKeys (ConfUtils.java:logGet(46)) - raft.server.rpc.request.timeout = 3000ms (default)
2022-11-08 11:41:01,697 [Listener at 0.0.0.0/38321] INFO  grpc.GrpcConfigKeys (ConfUtils.java:logGet(46)) - raft.grpc.server.heartbeat.channel = true (default)
2022-11-08 11:41:01,697 [Listener at 0.0.0.0/38321] INFO  grpc.GrpcConfigKeys (ConfUtils.java:logGet(46)) - raft.grpc.server.async.request.thread.pool.cached = true (default)
2022-11-08 11:41:01,697 [Listener at 0.0.0.0/38321] INFO  grpc.GrpcConfigKeys (ConfUtils.java:logGet(46)) - raft.grpc.server.async.request.thread.pool.size = 32 (default)
2022-11-08 11:41:01,700 [Listener at 0.0.0.0/38321] INFO  impl.DataStreamServerImpl (ConfUtils.java:logGet(46)) - raft.datastream.type = DISABLED (default)
2022-11-08 11:41:01,700 [Listener at 0.0.0.0/38321] INFO  server.RaftServerConfigKeys (ConfUtils.java:logGet(46)) - raft.server.threadpool.proxy.cached = true (default)
2022-11-08 11:41:01,700 [Listener at 0.0.0.0/38321] INFO  server.RaftServerConfigKeys (ConfUtils.java:logGet(46)) - raft.server.threadpool.proxy.size = 0 (default)
2022-11-08 11:41:01,701 [Listener at 0.0.0.0/38321] INFO  server.RaftServerConfigKeys (ConfUtils.java:logGet(46)) - raft.server.rpc.slowness.timeout = 120s (custom)
2022-11-08 11:41:01,701 [Listener at 0.0.0.0/38321] INFO  server.RaftServerConfigKeys (ConfUtils.java:logGet(46)) - raft.server.leaderelection.leader.step-down.wait-time = 10s (default)
2022-11-08 11:41:01,701 [Listener at 0.0.0.0/38321] INFO  server.RaftServerConfigKeys (ConfUtils.java:logGet(46)) - raft.server.storage.dir = [/home/runner/work/ozone/ozone/hadoop-ozone/integration-test/target/test-dir/MiniOzoneClusterImpl-7c14af0c-19af-49bd-907c-b9cb5ddf5581/ozone-meta/ratis] (custom)
2022-11-08 11:41:01,707 [Listener at 0.0.0.0/38321] INFO  server.RaftServer (RaftServerProxy.java:addNew(96)) - om1: addNew group-C5BA1605619E:[om1|rpc:localhost:9872|priority:0|startupRole:FOLLOWER] returns group-C5BA1605619E:java.util.concurrent.CompletableFuture@3ffc2173[Not completed]
2022-11-08 11:41:01,708 [Listener at 0.0.0.0/38321] INFO  om.OzoneManager (OzoneManager.java:initializeRatisServer(1978)) - OzoneManager Ratis server initialized at port 9872
2022-11-08 11:41:01,709 [Listener at 0.0.0.0/38321] INFO  om.OzoneManager (OzoneManager.java:getRpcServer(1104)) - Creating RPC Server
2022-11-08 11:41:01,712 [pool-293-thread-1] INFO  server.RaftServer$Division (RaftServerImpl.java:<init>(195)) - om1: new RaftServerImpl for group-C5BA1605619E:[om1|rpc:localhost:9872|priority:0|startupRole:FOLLOWER] with OzoneManagerStateMachine:uninitialized
2022-11-08 11:41:01,713 [pool-293-thread-1] INFO  server.RaftServerConfigKeys (ConfUtils.java:logGet(46)) - raft.server.rpc.timeout.min = 1s (custom)
2022-11-08 11:41:01,713 [pool-293-thread-1] INFO  server.RaftServerConfigKeys (ConfUtils.java:logGet(46)) - raft.server.rpc.timeout.max = 1200ms (custom)
2022-11-08 11:41:01,713 [pool-293-thread-1] INFO  server.RaftServerConfigKeys (ConfUtils.java:logGet(46)) - raft.server.rpc.sleep.time = 25ms (default)
2022-11-08 11:41:01,713 [pool-293-thread-1] INFO  server.RaftServerConfigKeys (ConfUtils.java:logGet(46)) - raft.server.rpc.slowness.timeout = 120s (custom)
2022-11-08 11:41:01,713 [pool-293-thread-1] INFO  server.RaftServerConfigKeys (ConfUtils.java:logGet(46)) - raft.server.leaderelection.leader.step-down.wait-time = 10s (default)
2022-11-08 11:41:01,713 [pool-293-thread-1] INFO  server.RaftServerConfigKeys (ConfUtils.java:logGet(46)) - raft.server.sleep.deviation.threshold = 300ms (default)
2022-11-08 11:41:01,713 [pool-293-thread-1] INFO  server.RaftServer$Division (ServerState.java:<init>(118)) - om1@group-C5BA1605619E: ConfigurationManager, init=-1: peers:[om1|rpc:localhost:9872|priority:0|startupRole:FOLLOWER]|listeners:[], old=null, confs=<EMPTY_MAP>
2022-11-08 11:41:01,713 [pool-293-thread-1] INFO  server.RaftServerConfigKeys (ConfUtils.java:logGet(46)) - raft.server.storage.dir = [/home/runner/work/ozone/ozone/hadoop-ozone/integration-test/target/test-dir/MiniOzoneClusterImpl-7c14af0c-19af-49bd-907c-b9cb5ddf5581/ozone-meta/ratis] (custom)
2022-11-08 11:41:01,714 [pool-293-thread-1] INFO  server.RaftServerConfigKeys (ConfUtils.java:logGet(46)) - raft.server.log.corruption.policy = EXCEPTION (default)
2022-11-08 11:41:01,714 [pool-293-thread-1] INFO  server.RaftServerConfigKeys (ConfUtils.java:logGet(46)) - raft.server.storage.free-space.min = 0MB (=0) (default)
2022-11-08 11:41:01,714 [pool-293-thread-1] INFO  server.RaftServerConfigKeys (ConfUtils.java:logGet(46)) - raft.server.notification.no-leader.timeout = 120s (custom)
2022-11-08 11:41:01,714 [pool-293-thread-1] INFO  server.RaftServerConfigKeys (ConfUtils.java:logGet(46)) - raft.server.retrycache.expirytime = 300s (custom)
2022-11-08 11:41:01,714 [pool-293-thread-1] INFO  server.RaftServerConfigKeys (ConfUtils.java:logGet(46)) - raft.server.retrycache.statistics.expirytime = 100μs (default)
2022-11-08 11:41:01,715 [pool-293-thread-1] INFO  server.RaftServerConfigKeys (ConfUtils.java:logGet(46)) - raft.server.log.appender.install.snapshot.enabled = false (custom)
2022-11-08 11:41:01,715 [pool-293-thread-1] INFO  server.RaftServerConfigKeys (ConfUtils.java:logGet(46)) - raft.server.threadpool.server.cached = true (default)
2022-11-08 11:41:01,715 [pool-293-thread-1] INFO  server.RaftServerConfigKeys (ConfUtils.java:logGet(46)) - raft.server.threadpool.server.size = 0 (default)
2022-11-08 11:41:01,716 [pool-293-thread-1] INFO  server.RaftServerConfigKeys (ConfUtils.java:logGet(46)) - raft.server.threadpool.client.cached = true (default)
2022-11-08 11:41:01,716 [pool-293-thread-1] INFO  server.RaftServerConfigKeys (ConfUtils.java:logGet(46)) - raft.server.threadpool.client.size = 0 (default)
2022-11-08 11:41:02,248 [Listener at 0.0.0.0/38321] INFO  reflections.Reflections (Reflections.java:scan(232)) - Reflections took 537 ms to scan 19 urls, producing 67 keys and 4313 values [using 2 cores]
2022-11-08 11:41:02,249 [Listener at 0.0.0.0/38321] INFO  ipc.CallQueueManager (CallQueueManager.java:<init>(90)) - Using callQueue: class java.util.concurrent.LinkedBlockingQueue, queueCapacity: 2000, scheduler: class org.apache.hadoop.ipc.DefaultRpcScheduler, ipcBackoff: false.
2022-11-08 11:41:02,251 [Socket Reader #1 for port 0] INFO  ipc.Server (Server.java:run(1273)) - Starting Socket Reader #1 for port 0
2022-11-08 11:41:02,282 [Listener at 127.0.0.1/45831] INFO  impl.MetricsSystemImpl (MetricsSystemImpl.java:init(158)) - OzoneManager metrics system started (again)
2022-11-08 11:41:02,297 [Listener at 127.0.0.1/45831] INFO  om.OzoneManager (OzoneManager.java:start(1485)) - OzoneManager RPC server is listening at localhost/127.0.0.1:45831
2022-11-08 11:41:02,297 [Listener at 127.0.0.1/45831] INFO  ratis.OzoneManagerRatisServer (OzoneManagerRatisServer.java:start(555)) - Starting OzoneManagerRatisServer om1 at port 9872
2022-11-08 11:41:02,297 [om1-impl-thread1] INFO  storage.RaftStorageDirectory (RaftStorageDirectoryImpl.java:analyzeStorage(137)) - The storage directory /home/runner/work/ozone/ozone/hadoop-ozone/integration-test/target/test-dir/MiniOzoneClusterImpl-7c14af0c-19af-49bd-907c-b9cb5ddf5581/ozone-meta/ratis/bf265839-605b-3f16-9796-c5ba1605619e does not exist. Creating ...
2022-11-08 11:41:02,299 [om1-impl-thread1] INFO  storage.RaftStorageDirectory (RaftStorageDirectoryImpl.java:tryLock(231)) - Lock on /home/runner/work/ozone/ozone/hadoop-ozone/integration-test/target/test-dir/MiniOzoneClusterImpl-7c14af0c-19af-49bd-907c-b9cb5ddf5581/ozone-meta/ratis/bf265839-605b-3f16-9796-c5ba1605619e/in_use.lock acquired by nodename 12130@fv-az573-890
2022-11-08 11:41:02,301 [om1-impl-thread1] INFO  storage.RaftStorage (RaftStorageImpl.java:format(96)) - Storage directory /home/runner/work/ozone/ozone/hadoop-ozone/integration-test/target/test-dir/MiniOzoneClusterImpl-7c14af0c-19af-49bd-907c-b9cb5ddf5581/ozone-meta/ratis/bf265839-605b-3f16-9796-c5ba1605619e has been successfully formatted.
2022-11-08 11:41:02,301 [om1-impl-thread1] INFO  server.RaftServerConfigKeys (ConfUtils.java:logGet(46)) - raft.server.log.use.memory = false (default)
2022-11-08 11:41:02,302 [om1-impl-thread1] INFO  server.RaftServerConfigKeys (ConfUtils.java:logGet(46)) - raft.server.log.purge.gap = 1000000 (custom)
2022-11-08 11:41:02,302 [om1-impl-thread1] INFO  server.RaftServerConfigKeys (ConfUtils.java:logGet(46)) - raft.server.log.appender.buffer.byte-limit = 33554432 (custom)
2022-11-08 11:41:02,302 [om1-impl-thread1] INFO  server.RaftServerConfigKeys (ConfUtils.java:logGet(46)) - raft.server.log.statemachine.data.read.timeout = 1000ms (default)
2022-11-08 11:41:02,302 [om1-impl-thread1] INFO  server.RaftServerConfigKeys (ConfUtils.java:logGet(46)) - raft.server.log.purge.preservation.log.num = 0 (default)
2022-11-08 11:41:02,302 [om1-impl-thread1] INFO  server.RaftServerConfigKeys (ConfUtils.java:logGet(46)) - raft.server.log.segment.size.max = 4194304 (custom)
2022-11-08 11:41:02,304 [om1-impl-thread1] INFO  server.RaftServerConfigKeys (ConfUtils.java:logGet(46)) - raft.server.log.segment.cache.num.max = 2 (custom)
2022-11-08 11:41:02,304 [om1-impl-thread1] INFO  server.RaftServerConfigKeys (ConfUtils.java:logGet(46)) - raft.server.log.segment.cache.size.max = 200MB (=209715200) (default)
2022-11-08 11:41:02,304 [om1-impl-thread1] INFO  segmented.SegmentedRaftLogWorker (SegmentedRaftLogWorker.java:<init>(191)) - new om1@group-C5BA1605619E-SegmentedRaftLogWorker for RaftStorageImpl:Storage Directory /home/runner/work/ozone/ozone/hadoop-ozone/integration-test/target/test-dir/MiniOzoneClusterImpl-7c14af0c-19af-49bd-907c-b9cb5ddf5581/ozone-meta/ratis/bf265839-605b-3f16-9796-c5ba1605619e
2022-11-08 11:41:02,304 [om1-impl-thread1] INFO  server.RaftServerConfigKeys (ConfUtils.java:logGet(46)) - raft.server.log.queue.byte-limit = 64MB (=67108864) (default)
2022-11-08 11:41:02,304 [om1-impl-thread1] INFO  server.RaftServerConfigKeys (ConfUtils.java:logGet(46)) - raft.server.log.queue.element-limit = 4096 (default)
2022-11-08 11:41:02,304 [om1-impl-thread1] INFO  server.RaftServerConfigKeys (ConfUtils.java:logGet(46)) - raft.server.log.segment.size.max = 4194304 (custom)
2022-11-08 11:41:02,304 [om1-impl-thread1] INFO  server.RaftServerConfigKeys (ConfUtils.java:logGet(46)) - raft.server.log.preallocated.size = 4194304 (custom)
2022-11-08 11:41:02,304 [om1-impl-thread1] INFO  server.RaftServerConfigKeys (ConfUtils.java:logGet(46)) - raft.server.log.force.sync.num = 128 (default)
2022-11-08 11:41:02,304 [om1-impl-thread1] INFO  server.RaftServerConfigKeys (ConfUtils.java:logGet(46)) - raft.server.log.statemachine.data.sync = true (default)
2022-11-08 11:41:02,304 [om1-impl-thread1] INFO  server.RaftServerConfigKeys (ConfUtils.java:logGet(46)) - raft.server.log.statemachine.data.sync.timeout = 10s (default)
2022-11-08 11:41:02,304 [om1-impl-thread1] INFO  server.RaftServerConfigKeys (ConfUtils.java:logGet(46)) - raft.server.log.statemachine.data.sync.timeout.retry = -1 (default)
2022-11-08 11:41:02,305 [om1-impl-thread1] INFO  server.RaftServerConfigKeys (ConfUtils.java:logGet(46)) - raft.server.log.write.buffer.size = 64KB (=65536) (default)
2022-11-08 11:41:02,305 [om1-impl-thread1] INFO  server.RaftServerConfigKeys (ConfUtils.java:logGet(46)) - raft.server.log.unsafe-flush.enabled = false (default)
2022-11-08 11:41:02,305 [om1-impl-thread1] INFO  server.RaftServerConfigKeys (ConfUtils.java:logGet(46)) - raft.server.log.async-flush.enabled = false (default)
2022-11-08 11:41:02,306 [om1-impl-thread1] INFO  server.RaftServerConfigKeys (ConfUtils.java:logGet(46)) - raft.server.log.statemachine.data.caching.enabled = false (default)
2022-11-08 11:41:02,307 [om1-impl-thread1] INFO  segmented.SegmentedRaftLogWorker (SegmentedRaftLogWorker.java:lambda$new$0(136)) - om1@group-C5BA1605619E-SegmentedRaftLogWorker: flushIndex: setUnconditionally 0 -> -1
2022-11-08 11:41:02,307 [om1-impl-thread1] INFO  segmented.SegmentedRaftLogWorker (SegmentedRaftLogWorker.java:lambda$new$0(136)) - om1@group-C5BA1605619E-SegmentedRaftLogWorker: safeCacheEvictIndex: setUnconditionally 0 -> -1
2022-11-08 11:41:02,314 [om1-impl-thread1] INFO  server.RaftServer$Division (RaftServerImpl.java:start(334)) - om1@group-C5BA1605619E: start as a follower, conf=-1: peers:[om1|rpc:localhost:9872|priority:0|startupRole:FOLLOWER]|listeners:[], old=null
2022-11-08 11:41:02,314 [om1-impl-thread1] INFO  server.RaftServer$Division (RaftServerImpl.java:setRole(321)) - om1@group-C5BA1605619E: changes role from      null to FOLLOWER at term 0 for startAsFollower
2022-11-08 11:41:02,315 [om1-impl-thread1] INFO  impl.RoleInfo (RoleInfo.java:updateAndGet(139)) - om1: start om1@group-C5BA1605619E-FollowerState
2022-11-08 11:41:02,320 [om1-impl-thread1] INFO  util.JmxRegister (JmxRegister.java:tryRegister(44)) - Successfully registered JMX Bean with object name Ratis:service=RaftServer,group=group-C5BA1605619E,id=om1
2022-11-08 11:41:02,320 [om1@group-C5BA1605619E-FollowerState] INFO  server.RaftServerConfigKeys (ConfUtils.java:logFallback(53)) - raft.server.rpc.first-election.timeout.min = 1s (fallback to raft.server.rpc.timeout.min)
2022-11-08 11:41:02,321 [om1-impl-thread1] INFO  server.RaftServerConfigKeys (ConfUtils.java:logGet(46)) - raft.server.snapshot.auto.trigger.enabled = true (custom)
2022-11-08 11:41:02,321 [om1@group-C5BA1605619E-FollowerState] INFO  server.RaftServerConfigKeys (ConfUtils.java:logFallback(53)) - raft.server.rpc.first-election.timeout.max = 1200ms (fallback to raft.server.rpc.timeout.max)
2022-11-08 11:41:02,321 [om1-impl-thread1] INFO  server.RaftServerConfigKeys (ConfUtils.java:logGet(46)) - raft.server.snapshot.auto.trigger.threshold = 400000 (default)
2022-11-08 11:41:02,321 [om1-impl-thread1] INFO  server.RaftServerConfigKeys (ConfUtils.java:logGet(46)) - raft.server.snapshot.retention.file.num = -1 (default)
2022-11-08 11:41:02,321 [om1-impl-thread1] INFO  server.RaftServerConfigKeys (ConfUtils.java:logGet(46)) - raft.server.log.purge.upto.snapshot.index = true (custom)
2022-11-08 11:41:02,322 [Listener at 127.0.0.1/45831] INFO  server.RaftServer (RaftServerProxy.java:startImpl(393)) - om1: start RPC server
2022-11-08 11:41:02,328 [Listener at 127.0.0.1/45831] INFO  server.GrpcService (GrpcService.java:startImpl(270)) - om1: GrpcService started, listening on 9872
2022-11-08 11:41:02,329 [Listener at 127.0.0.1/45831] INFO  om.OzoneManager (OzoneManager.java:start(1501)) - Version File has different layout version (3) than OM DB (null). That is expected if this OM has never been finalized to a newer layout version.
2022-11-08 11:41:02,329 [JvmPauseMonitor7] INFO  util.JvmPauseMonitor (JvmPauseMonitor.java:run(105)) - JvmPauseMonitor-om1: Started
2022-11-08 11:41:02,331 [Listener at 127.0.0.1/45831] INFO  http.BaseHttpServer (BaseHttpServer.java:newHttpServer2BuilderForOzone(213)) - Starting Web-server for ozoneManager at: http://0.0.0.0:0
2022-11-08 11:41:02,332 [Listener at 127.0.0.1/45831] INFO  http.BaseHttpServer (BaseHttpServer.java:<init>(108)) - Hadoop Security Enabled: false Ozone Security Enabled: false Ozone HTTP Security Enabled: false 
2022-11-08 11:41:02,333 [Listener at 127.0.0.1/45831] WARN  server.AuthenticationFilter (AuthenticationFilter.java:constructSecretProvider(240)) - Unable to initialize FileSignerSecretProvider, falling back to use random secrets. Reason: Could not read signature secret file: /home/runner/hadoop-http-auth-signature-secret
2022-11-08 11:41:02,337 [Listener at 127.0.0.1/45831] WARN  http.HttpRequestLog (HttpRequestLog.java:getRequestLog(103)) - Jetty request log can only be enabled using Log4j
2022-11-08 11:41:02,339 [Listener at 127.0.0.1/45831] INFO  http.HttpServer2 (HttpServer2.java:addGlobalFilter(1031)) - Added global filter 'safety' (class=org.apache.hadoop.hdds.server.http.HttpServer2$QuotingInputFilter)
2022-11-08 11:41:02,340 [Listener at 127.0.0.1/45831] INFO  http.HttpServer2 (HttpServer2.java:addFilter(1007)) - Added filter static_user_filter (class=org.apache.hadoop.http.lib.StaticUserWebFilter$StaticUserFilter) to context ozoneManager
2022-11-08 11:41:02,340 [Listener at 127.0.0.1/45831] INFO  http.HttpServer2 (HttpServer2.java:addFilter(1015)) - Added filter static_user_filter (class=org.apache.hadoop.http.lib.StaticUserWebFilter$StaticUserFilter) to context logs
2022-11-08 11:41:02,341 [Listener at 127.0.0.1/45831] INFO  http.HttpServer2 (HttpServer2.java:addFilter(1015)) - Added filter static_user_filter (class=org.apache.hadoop.http.lib.StaticUserWebFilter$StaticUserFilter) to context static
2022-11-08 11:41:02,348 [Listener at 127.0.0.1/45831] INFO  http.HttpServer2 (HttpServer2.java:bindListener(1250)) - Jetty bound to port 41105
2022-11-08 11:41:02,350 [Listener at 127.0.0.1/45831] INFO  server.Server (Server.java:doStart(375)) - jetty-9.4.49.v20220914; built: 2022-09-14T01:07:36.601Z; git: 4231a3b2e4cb8548a412a789936d640a97b1aa0a; jvm 1.8.0_345-b01
2022-11-08 11:41:02,353 [Listener at 127.0.0.1/45831] INFO  server.session (DefaultSessionIdManager.java:doStart(334)) - DefaultSessionIdManager workerName=node0
2022-11-08 11:41:02,353 [Listener at 127.0.0.1/45831] INFO  server.session (DefaultSessionIdManager.java:doStart(339)) - No SessionScavenger set, using defaults
2022-11-08 11:41:02,353 [Listener at 127.0.0.1/45831] INFO  server.session (HouseKeeper.java:startScavenging(132)) - node0 Scavenging every 600000ms
2022-11-08 11:41:02,354 [Listener at 127.0.0.1/45831] INFO  handler.ContextHandler (ContextHandler.java:doStart(921)) - Started o.e.j.s.ServletContextHandler@6762e5da{logs,/logs,file:///home/runner/work/ozone/ozone/hadoop-ozone/integration-test/target/log,AVAILABLE}
2022-11-08 11:41:02,356 [Listener at 127.0.0.1/45831] INFO  handler.ContextHandler (ContextHandler.java:doStart(921)) - Started o.e.j.s.ServletContextHandler@596340ec{static,/static,file:///home/runner/work/ozone/ozone/hadoop-ozone/integration-test/target/test-classes/webapps/static,AVAILABLE}
2022-11-08 11:41:02,364 [Listener at 127.0.0.1/45831] INFO  handler.ContextHandler (ContextHandler.java:doStart(921)) - Started o.e.j.w.WebAppContext@4ddc78ec{ozoneManager,/,file:///home/runner/work/ozone/ozone/hadoop-ozone/integration-test/target/test-classes/webapps/ozoneManager/,AVAILABLE}{file:/home/runner/work/ozone/ozone/hadoop-ozone/integration-test/target/test-classes/webapps/ozoneManager}
2022-11-08 11:41:02,368 [Listener at 127.0.0.1/45831] INFO  server.AbstractConnector (AbstractConnector.java:doStart(333)) - Started ServerConnector@6a38a253{HTTP/1.1, (http/1.1)}{0.0.0.0:41105}
2022-11-08 11:41:02,369 [Listener at 127.0.0.1/45831] INFO  server.Server (Server.java:doStart(415)) - Started @43213ms
2022-11-08 11:41:02,369 [Listener at 127.0.0.1/45831] WARN  impl.MetricsSystemImpl (MetricsSystemImpl.java:register(279)) - Sink prometheus already exists!
2022-11-08 11:41:02,370 [Listener at 127.0.0.1/45831] INFO  http.BaseHttpServer (BaseHttpServer.java:updateConnectorAddress(333)) - HTTP server of ozoneManager listening at http://0.0.0.0:41105
2022-11-08 11:41:02,370 [IPC Server Responder] INFO  ipc.Server (Server.java:run(1512)) - IPC Server Responder: starting
2022-11-08 11:41:02,372 [IPC Server listener on 0] INFO  ipc.Server (Server.java:run(1352)) - IPC Server listener on 0: starting
2022-11-08 11:41:02,382 [Listener at 127.0.0.1/45831] INFO  om.OzoneManager (OzoneManager.java:startTrashEmptier(1922)) - Trash Interval set to 0. Files deleted won't move to trash
2022-11-08 11:41:02,384 [org.apache.hadoop.util.JvmPauseMonitor$Monitor@1ba61bc8] INFO  util.JvmPauseMonitor (JvmPauseMonitor.java:run(188)) - Starting JVM pause monitor
2022-11-08 11:41:02,394 [Listener at 127.0.0.1/45831] WARN  impl.MetricRegistriesImpl (MetricRegistriesImpl.java:addReporterRegistration(111)) - New reporters are added after registries were created. Some metrics will be missing from the reporter. Please add reporter before adding any new registry.
2022-11-08 11:41:02,395 [Listener at 127.0.0.1/45831] WARN  impl.MetricRegistriesImpl (MetricRegistriesImpl.java:addReporterRegistration(111)) - New reporters are added after registries were created. Some metrics will be missing from the reporter. Please add reporter before adding any new registry.
2022-11-08 11:41:02,395 [Listener at 127.0.0.1/45831] INFO  impl.MetricsSystemImpl (MetricsSystemImpl.java:init(158)) - HddsDatanode metrics system started (again)
2022-11-08 11:41:02,479 [Listener at 127.0.0.1/45831] INFO  ozone.HddsDatanodeService (HddsDatanodeService.java:start(236)) - HddsDatanodeService host:fv-az573-890.uspngagyt4suddso0aj1djjezg.dx.internal.cloudapp.net ip:10.1.0.111
2022-11-08 11:41:02,517 [Listener at 127.0.0.1/45831] INFO  upgrade.AbstractLayoutVersionManager (AbstractLayoutVersionManager.java:init(83)) - Initializing Layout version manager with metadata layout = DATANODE_SCHEMA_V3 (version = 4), software layout = DATANODE_SCHEMA_V3 (version = 4)
2022-11-08 11:41:02,568 [Listener at 127.0.0.1/45831] INFO  reflections.Reflections (Reflections.java:scan(232)) - Reflections took 49 ms to scan 7 urls, producing 139 keys and 336 values 
2022-11-08 11:41:02,570 [Listener at 127.0.0.1/45831] INFO  statemachine.DatanodeStateMachine (DatanodeStateMachine.java:getEndPointTaskThreadPoolSize(245)) - Datanode State Machine Task Thread Pool size 2
2022-11-08 11:41:02,572 [Listener at 127.0.0.1/45831] INFO  volume.HddsVolume (HddsVolume.java:<init>(117)) - Creating HddsVolume: /home/runner/work/ozone/ozone/hadoop-ozone/integration-test/target/test-dir/MiniOzoneClusterImpl-7c14af0c-19af-49bd-907c-b9cb5ddf5581/datanode-0/data-0/containers/hdds of storage type : DISK capacity : 9223372036854775807
2022-11-08 11:41:02,572 [Listener at 127.0.0.1/45831] INFO  volume.MutableVolumeSet (MutableVolumeSet.java:initializeVolumeSet(174)) - Added Volume : /home/runner/work/ozone/ozone/hadoop-ozone/integration-test/target/test-dir/MiniOzoneClusterImpl-7c14af0c-19af-49bd-907c-b9cb5ddf5581/datanode-0/data-0/containers/hdds to VolumeSet
2022-11-08 11:41:02,573 [Listener at 127.0.0.1/45831] INFO  volume.ThrottledAsyncChecker (ThrottledAsyncChecker.java:schedule(141)) - Scheduling a check for /home/runner/work/ozone/ozone/hadoop-ozone/integration-test/target/test-dir/MiniOzoneClusterImpl-7c14af0c-19af-49bd-907c-b9cb5ddf5581/datanode-0/data-0/containers/hdds
2022-11-08 11:41:02,576 [Listener at 127.0.0.1/45831] INFO  volume.StorageVolumeChecker (StorageVolumeChecker.java:checkAllVolumes(202)) - Scheduled health check for volume /home/runner/work/ozone/ozone/hadoop-ozone/integration-test/target/test-dir/MiniOzoneClusterImpl-7c14af0c-19af-49bd-907c-b9cb5ddf5581/datanode-0/data-0/containers/hdds
2022-11-08 11:41:02,589 [Listener at 127.0.0.1/45831] INFO  volume.MutableVolumeSet (MutableVolumeSet.java:initializeVolumeSet(174)) - Added Volume : /home/runner/work/ozone/ozone/hadoop-ozone/integration-test/target/test-dir/MiniOzoneClusterImpl-7c14af0c-19af-49bd-907c-b9cb5ddf5581/datanode-0/data/ratis to VolumeSet
2022-11-08 11:41:02,589 [Listener at 127.0.0.1/45831] INFO  volume.ThrottledAsyncChecker (ThrottledAsyncChecker.java:schedule(141)) - Scheduling a check for /home/runner/work/ozone/ozone/hadoop-ozone/integration-test/target/test-dir/MiniOzoneClusterImpl-7c14af0c-19af-49bd-907c-b9cb5ddf5581/datanode-0/data/ratis
2022-11-08 11:41:02,590 [Listener at 127.0.0.1/45831] INFO  volume.StorageVolumeChecker (StorageVolumeChecker.java:checkAllVolumes(202)) - Scheduled health check for volume /home/runner/work/ozone/ozone/hadoop-ozone/integration-test/target/test-dir/MiniOzoneClusterImpl-7c14af0c-19af-49bd-907c-b9cb5ddf5581/datanode-0/data/ratis
2022-11-08 11:41:02,604 [Thread-552] INFO  ozoneimpl.ContainerReader (ContainerReader.java:readVolume(175)) - Finish verifying containers on volume /home/runner/work/ozone/ozone/hadoop-ozone/integration-test/target/test-dir/MiniOzoneClusterImpl-7c14af0c-19af-49bd-907c-b9cb5ddf5581/datanode-0/data-0/containers/hdds
2022-11-08 11:41:02,605 [Listener at 127.0.0.1/45831] INFO  ozoneimpl.OzoneContainer (OzoneContainer.java:buildContainerSet(300)) - Build ContainerSet costs 0s
2022-11-08 11:41:02,607 [Listener at 127.0.0.1/45831] INFO  server.RaftServer (ConfUtils.java:logGet(46)) - raft.rpc.type = GRPC (default)
2022-11-08 11:41:02,608 [Listener at 127.0.0.1/45831] INFO  grpc.GrpcConfigKeys (ConfUtils.java:logFallback(53)) - raft.grpc.admin.host = null (fallback to raft.grpc.server.host)
2022-11-08 11:41:02,608 [Listener at 127.0.0.1/45831] INFO  grpc.GrpcConfigKeys (ConfUtils.java:logGet(46)) - raft.grpc.admin.port = 0 (custom)
2022-11-08 11:41:02,608 [Listener at 127.0.0.1/45831] INFO  grpc.GrpcConfigKeys (ConfUtils.java:logFallback(53)) - raft.grpc.client.host = null (fallback to raft.grpc.server.host)
2022-11-08 11:41:02,608 [Listener at 127.0.0.1/45831] INFO  grpc.GrpcConfigKeys (ConfUtils.java:logGet(46)) - raft.grpc.client.port = 0 (custom)
2022-11-08 11:41:02,608 [Listener at 127.0.0.1/45831] INFO  grpc.GrpcConfigKeys (ConfUtils.java:logGet(46)) - raft.grpc.server.host = null (default)
2022-11-08 11:41:02,608 [Listener at 127.0.0.1/45831] INFO  grpc.GrpcConfigKeys (ConfUtils.java:logGet(46)) - raft.grpc.server.port = 0 (default)
2022-11-08 11:41:02,609 [Listener at 127.0.0.1/45831] INFO  server.GrpcService (ConfUtils.java:logGet(46)) - raft.grpc.message.size.max = 32MB (=33554432) (custom)
2022-11-08 11:41:02,609 [Listener at 127.0.0.1/45831] INFO  server.RaftServerConfigKeys (ConfUtils.java:logGet(46)) - raft.server.log.appender.buffer.byte-limit = 33554432 (custom)
2022-11-08 11:41:02,609 [Listener at 127.0.0.1/45831] INFO  server.GrpcService (ConfUtils.java:logGet(46)) - raft.grpc.flow.control.window = 5MB (=5242880) (custom)
2022-11-08 11:41:02,609 [Listener at 127.0.0.1/45831] INFO  server.RaftServerConfigKeys (ConfUtils.java:logGet(46)) - raft.server.rpc.request.timeout = 60s (custom)
2022-11-08 11:41:02,609 [Listener at 127.0.0.1/45831] INFO  grpc.GrpcConfigKeys (ConfUtils.java:logGet(46)) - raft.grpc.server.heartbeat.channel = true (default)
2022-11-08 11:41:02,611 [Listener at 127.0.0.1/45831] INFO  grpc.GrpcConfigKeys (ConfUtils.java:logGet(46)) - raft.grpc.server.async.request.thread.pool.cached = true (default)
2022-11-08 11:41:02,612 [Listener at 127.0.0.1/45831] INFO  grpc.GrpcConfigKeys (ConfUtils.java:logGet(46)) - raft.grpc.server.async.request.thread.pool.size = 32 (default)
2022-11-08 11:41:02,613 [Listener at 127.0.0.1/45831] INFO  impl.DataStreamServerImpl (ConfUtils.java:logGet(46)) - raft.datastream.type = DISABLED (default)
2022-11-08 11:41:02,613 [Listener at 127.0.0.1/45831] INFO  server.RaftServerConfigKeys (ConfUtils.java:logGet(46)) - raft.server.threadpool.proxy.cached = true (default)
2022-11-08 11:41:02,613 [Listener at 127.0.0.1/45831] INFO  server.RaftServerConfigKeys (ConfUtils.java:logGet(46)) - raft.server.threadpool.proxy.size = 0 (default)
2022-11-08 11:41:02,614 [Listener at 127.0.0.1/45831] INFO  server.RaftServerConfigKeys (ConfUtils.java:logGet(46)) - raft.server.rpc.slowness.timeout = 300s (custom)
2022-11-08 11:41:02,614 [Listener at 127.0.0.1/45831] INFO  server.RaftServerConfigKeys (ConfUtils.java:logGet(46)) - raft.server.leaderelection.leader.step-down.wait-time = 10s (default)
2022-11-08 11:41:02,614 [Listener at 127.0.0.1/45831] INFO  server.RaftServerConfigKeys (ConfUtils.java:logGet(46)) - raft.server.storage.dir = [/home/runner/work/ozone/ozone/hadoop-ozone/integration-test/target/test-dir/MiniOzoneClusterImpl-7c14af0c-19af-49bd-907c-b9cb5ddf5581/datanode-0/data/ratis] (custom)
2022-11-08 11:41:02,617 [Listener at 127.0.0.1/45831] INFO  server.XceiverServerGrpc (XceiverServerGrpc.java:<init>(132)) - GrpcServer channel type EpollServerSocketChannel
2022-11-08 11:41:02,621 [Listener at 127.0.0.1/45831] INFO  http.BaseHttpServer (BaseHttpServer.java:newHttpServer2BuilderForOzone(213)) - Starting Web-server for hddsDatanode at: http://0.0.0.0:0
2022-11-08 11:41:02,621 [Listener at 127.0.0.1/45831] INFO  http.BaseHttpServer (BaseHttpServer.java:<init>(108)) - Hadoop Security Enabled: false Ozone Security Enabled: false Ozone HTTP Security Enabled: false 
2022-11-08 11:41:02,623 [Listener at 127.0.0.1/45831] WARN  server.AuthenticationFilter (AuthenticationFilter.java:constructSecretProvider(240)) - Unable to initialize FileSignerSecretProvider, falling back to use random secrets. Reason: Could not read signature secret file: /home/runner/hadoop-http-auth-signature-secret
2022-11-08 11:41:02,632 [Listener at 127.0.0.1/45831] WARN  http.HttpRequestLog (HttpRequestLog.java:getRequestLog(103)) - Jetty request log can only be enabled using Log4j
2022-11-08 11:41:02,634 [Listener at 127.0.0.1/45831] INFO  http.HttpServer2 (HttpServer2.java:addGlobalFilter(1031)) - Added global filter 'safety' (class=org.apache.hadoop.hdds.server.http.HttpServer2$QuotingInputFilter)
2022-11-08 11:41:02,635 [Listener at 127.0.0.1/45831] INFO  http.HttpServer2 (HttpServer2.java:addFilter(1007)) - Added filter static_user_filter (class=org.apache.hadoop.http.lib.StaticUserWebFilter$StaticUserFilter) to context hddsDatanode
2022-11-08 11:41:02,635 [Listener at 127.0.0.1/45831] INFO  http.HttpServer2 (HttpServer2.java:addFilter(1015)) - Added filter static_user_filter (class=org.apache.hadoop.http.lib.StaticUserWebFilter$StaticUserFilter) to context static
2022-11-08 11:41:02,635 [Listener at 127.0.0.1/45831] INFO  http.HttpServer2 (HttpServer2.java:addFilter(1015)) - Added filter static_user_filter (class=org.apache.hadoop.http.lib.StaticUserWebFilter$StaticUserFilter) to context logs
2022-11-08 11:41:02,636 [Listener at 127.0.0.1/45831] INFO  http.HttpServer2 (HttpServer2.java:bindListener(1250)) - Jetty bound to port 43767
2022-11-08 11:41:02,636 [Listener at 127.0.0.1/45831] INFO  server.Server (Server.java:doStart(375)) - jetty-9.4.49.v20220914; built: 2022-09-14T01:07:36.601Z; git: 4231a3b2e4cb8548a412a789936d640a97b1aa0a; jvm 1.8.0_345-b01
2022-11-08 11:41:02,638 [Listener at 127.0.0.1/45831] INFO  server.session (DefaultSessionIdManager.java:doStart(334)) - DefaultSessionIdManager workerName=node0
2022-11-08 11:41:02,638 [Listener at 127.0.0.1/45831] INFO  server.session (DefaultSessionIdManager.java:doStart(339)) - No SessionScavenger set, using defaults
2022-11-08 11:41:02,639 [Listener at 127.0.0.1/45831] INFO  server.session (HouseKeeper.java:startScavenging(132)) - node0 Scavenging every 600000ms
2022-11-08 11:41:02,640 [Listener at 127.0.0.1/45831] INFO  handler.ContextHandler (ContextHandler.java:doStart(921)) - Started o.e.j.s.ServletContextHandler@3eeded88{logs,/logs,file:///home/runner/work/ozone/ozone/hadoop-ozone/integration-test/target/log,AVAILABLE}
2022-11-08 11:41:02,640 [Listener at 127.0.0.1/45831] INFO  handler.ContextHandler (ContextHandler.java:doStart(921)) - Started o.e.j.s.ServletContextHandler@277dfd4f{static,/static,jar:file:/home/runner/.m2/repository/org/apache/ozone/hdds-container-service/1.3.0-SNAPSHOT/hdds-container-service-1.3.0-SNAPSHOT.jar!/webapps/static,AVAILABLE}
2022-11-08 11:41:02,837 [Listener at 127.0.0.1/45831] INFO  handler.ContextHandler (ContextHandler.java:doStart(921)) - Started o.e.j.w.WebAppContext@4a778615{hddsDatanode,/,file:///tmp/jetty-0_0_0_0-43767-hdds-container-service-1_3_0-SNAPSHOT_jar-_-any-3651748889784973913/webapp/,AVAILABLE}{jar:file:/home/runner/.m2/repository/org/apache/ozone/hdds-container-service/1.3.0-SNAPSHOT/hdds-container-service-1.3.0-SNAPSHOT.jar!/webapps/hddsDatanode}
2022-11-08 11:41:02,839 [Listener at 127.0.0.1/45831] INFO  server.AbstractConnector (AbstractConnector.java:doStart(333)) - Started ServerConnector@30e6a3f5{HTTP/1.1, (http/1.1)}{0.0.0.0:43767}
2022-11-08 11:41:02,839 [Listener at 127.0.0.1/45831] INFO  server.Server (Server.java:doStart(415)) - Started @43684ms
2022-11-08 11:41:02,840 [Listener at 127.0.0.1/45831] WARN  impl.MetricsSystemImpl (MetricsSystemImpl.java:register(279)) - Sink prometheus already exists!
2022-11-08 11:41:02,840 [Listener at 127.0.0.1/45831] INFO  http.BaseHttpServer (BaseHttpServer.java:updateConnectorAddress(333)) - HTTP server of hddsDatanode listening at http://0.0.0.0:43767
2022-11-08 11:41:02,844 [Listener at 127.0.0.1/45831] WARN  impl.MetricRegistriesImpl (MetricRegistriesImpl.java:addReporterRegistration(111)) - New reporters are added after registries were created. Some metrics will be missing from the reporter. Please add reporter before adding any new registry.
2022-11-08 11:41:02,844 [Listener at 127.0.0.1/45831] WARN  impl.MetricRegistriesImpl (MetricRegistriesImpl.java:addReporterRegistration(111)) - New reporters are added after registries were created. Some metrics will be missing from the reporter. Please add reporter before adding any new registry.
2022-11-08 11:41:02,844 [Listener at 127.0.0.1/45831] INFO  impl.MetricsSystemImpl (MetricsSystemImpl.java:init(158)) - HddsDatanode metrics system started (again)
2022-11-08 11:41:02,845 [Datanode State Machine Daemon Thread] INFO  statemachine.DatanodeStateMachine (DatanodeStateMachine.java:lambda$startDaemon$0(505)) - Ozone container server started.
2022-11-08 11:41:02,860 [Listener at 127.0.0.1/45831] INFO  ozone.HddsDatanodeService (HddsDatanodeService.java:start(236)) - HddsDatanodeService host:fv-az573-890.uspngagyt4suddso0aj1djjezg.dx.internal.cloudapp.net ip:10.1.0.111
2022-11-08 11:41:02,862 [org.apache.hadoop.util.JvmPauseMonitor$Monitor@7cde7c46] INFO  util.JvmPauseMonitor (JvmPauseMonitor.java:run(188)) - Starting JVM pause monitor
2022-11-08 11:41:02,868 [Datanode State Machine Task Thread - 0] INFO  datanode.InitDatanodeState (InitDatanodeState.java:persistContainerDatanodeDetails(138)) - DatanodeDetails is persisted to /home/runner/work/ozone/ozone/hadoop-ozone/integration-test/target/test-dir/MiniOzoneClusterImpl-7c14af0c-19af-49bd-907c-b9cb5ddf5581/datanode-0/meta/datanode.id
2022-11-08 11:41:02,890 [Listener at 127.0.0.1/45831] INFO  upgrade.AbstractLayoutVersionManager (AbstractLayoutVersionManager.java:init(83)) - Initializing Layout version manager with metadata layout = DATANODE_SCHEMA_V3 (version = 4), software layout = DATANODE_SCHEMA_V3 (version = 4)
2022-11-08 11:41:02,941 [Listener at 127.0.0.1/45831] INFO  reflections.Reflections (Reflections.java:scan(232)) - Reflections took 49 ms to scan 7 urls, producing 139 keys and 336 values 
2022-11-08 11:41:02,943 [Listener at 127.0.0.1/45831] INFO  statemachine.DatanodeStateMachine (DatanodeStateMachine.java:getEndPointTaskThreadPoolSize(245)) - Datanode State Machine Task Thread Pool size 2
2022-11-08 11:41:02,945 [Listener at 127.0.0.1/45831] INFO  volume.HddsVolume (HddsVolume.java:<init>(117)) - Creating HddsVolume: /home/runner/work/ozone/ozone/hadoop-ozone/integration-test/target/test-dir/MiniOzoneClusterImpl-7c14af0c-19af-49bd-907c-b9cb5ddf5581/datanode-1/data-0/containers/hdds of storage type : DISK capacity : 9223372036854775807
2022-11-08 11:41:02,945 [Listener at 127.0.0.1/45831] INFO  volume.MutableVolumeSet (MutableVolumeSet.java:initializeVolumeSet(174)) - Added Volume : /home/runner/work/ozone/ozone/hadoop-ozone/integration-test/target/test-dir/MiniOzoneClusterImpl-7c14af0c-19af-49bd-907c-b9cb5ddf5581/datanode-1/data-0/containers/hdds to VolumeSet
2022-11-08 11:41:02,945 [Listener at 127.0.0.1/45831] INFO  volume.ThrottledAsyncChecker (ThrottledAsyncChecker.java:schedule(141)) - Scheduling a check for /home/runner/work/ozone/ozone/hadoop-ozone/integration-test/target/test-dir/MiniOzoneClusterImpl-7c14af0c-19af-49bd-907c-b9cb5ddf5581/datanode-1/data-0/containers/hdds
2022-11-08 11:41:02,952 [Listener at 127.0.0.1/45831] INFO  volume.StorageVolumeChecker (StorageVolumeChecker.java:checkAllVolumes(202)) - Scheduled health check for volume /home/runner/work/ozone/ozone/hadoop-ozone/integration-test/target/test-dir/MiniOzoneClusterImpl-7c14af0c-19af-49bd-907c-b9cb5ddf5581/datanode-1/data-0/containers/hdds
2022-11-08 11:41:02,967 [Listener at 127.0.0.1/45831] INFO  volume.MutableVolumeSet (MutableVolumeSet.java:initializeVolumeSet(174)) - Added Volume : /home/runner/work/ozone/ozone/hadoop-ozone/integration-test/target/test-dir/MiniOzoneClusterImpl-7c14af0c-19af-49bd-907c-b9cb5ddf5581/datanode-1/data/ratis to VolumeSet
2022-11-08 11:41:02,967 [Listener at 127.0.0.1/45831] INFO  volume.ThrottledAsyncChecker (ThrottledAsyncChecker.java:schedule(141)) - Scheduling a check for /home/runner/work/ozone/ozone/hadoop-ozone/integration-test/target/test-dir/MiniOzoneClusterImpl-7c14af0c-19af-49bd-907c-b9cb5ddf5581/datanode-1/data/ratis
2022-11-08 11:41:02,967 [Listener at 127.0.0.1/45831] INFO  volume.StorageVolumeChecker (StorageVolumeChecker.java:checkAllVolumes(202)) - Scheduled health check for volume /home/runner/work/ozone/ozone/hadoop-ozone/integration-test/target/test-dir/MiniOzoneClusterImpl-7c14af0c-19af-49bd-907c-b9cb5ddf5581/datanode-1/data/ratis
2022-11-08 11:41:02,980 [Thread-565] INFO  ozoneimpl.ContainerReader (ContainerReader.java:readVolume(175)) - Finish verifying containers on volume /home/runner/work/ozone/ozone/hadoop-ozone/integration-test/target/test-dir/MiniOzoneClusterImpl-7c14af0c-19af-49bd-907c-b9cb5ddf5581/datanode-1/data-0/containers/hdds
2022-11-08 11:41:02,980 [Listener at 127.0.0.1/45831] INFO  ozoneimpl.OzoneContainer (OzoneContainer.java:buildContainerSet(300)) - Build ContainerSet costs 0s
2022-11-08 11:41:02,984 [Listener at 127.0.0.1/45831] INFO  server.RaftServer (ConfUtils.java:logGet(46)) - raft.rpc.type = GRPC (default)
2022-11-08 11:41:02,984 [Listener at 127.0.0.1/45831] INFO  grpc.GrpcConfigKeys (ConfUtils.java:logFallback(53)) - raft.grpc.admin.host = null (fallback to raft.grpc.server.host)
2022-11-08 11:41:02,984 [Listener at 127.0.0.1/45831] INFO  grpc.GrpcConfigKeys (ConfUtils.java:logGet(46)) - raft.grpc.admin.port = 0 (custom)
2022-11-08 11:41:02,984 [Listener at 127.0.0.1/45831] INFO  grpc.GrpcConfigKeys (ConfUtils.java:logFallback(53)) - raft.grpc.client.host = null (fallback to raft.grpc.server.host)
2022-11-08 11:41:02,984 [Listener at 127.0.0.1/45831] INFO  grpc.GrpcConfigKeys (ConfUtils.java:logGet(46)) - raft.grpc.client.port = 0 (custom)
2022-11-08 11:41:02,985 [Listener at 127.0.0.1/45831] INFO  grpc.GrpcConfigKeys (ConfUtils.java:logGet(46)) - raft.grpc.server.host = null (default)
2022-11-08 11:41:02,985 [Listener at 127.0.0.1/45831] INFO  grpc.GrpcConfigKeys (ConfUtils.java:logGet(46)) - raft.grpc.server.port = 0 (default)
2022-11-08 11:41:02,985 [Listener at 127.0.0.1/45831] INFO  server.GrpcService (ConfUtils.java:logGet(46)) - raft.grpc.message.size.max = 32MB (=33554432) (custom)
2022-11-08 11:41:02,985 [Listener at 127.0.0.1/45831] INFO  server.RaftServerConfigKeys (ConfUtils.java:logGet(46)) - raft.server.log.appender.buffer.byte-limit = 33554432 (custom)
2022-11-08 11:41:02,985 [Listener at 127.0.0.1/45831] INFO  server.GrpcService (ConfUtils.java:logGet(46)) - raft.grpc.flow.control.window = 5MB (=5242880) (custom)
2022-11-08 11:41:02,986 [Listener at 127.0.0.1/45831] INFO  server.RaftServerConfigKeys (ConfUtils.java:logGet(46)) - raft.server.rpc.request.timeout = 60s (custom)
2022-11-08 11:41:02,986 [Listener at 127.0.0.1/45831] INFO  grpc.GrpcConfigKeys (ConfUtils.java:logGet(46)) - raft.grpc.server.heartbeat.channel = true (default)
2022-11-08 11:41:02,986 [Listener at 127.0.0.1/45831] INFO  grpc.GrpcConfigKeys (ConfUtils.java:logGet(46)) - raft.grpc.server.async.request.thread.pool.cached = true (default)
2022-11-08 11:41:02,986 [Listener at 127.0.0.1/45831] INFO  grpc.GrpcConfigKeys (ConfUtils.java:logGet(46)) - raft.grpc.server.async.request.thread.pool.size = 32 (default)
2022-11-08 11:41:02,988 [Listener at 127.0.0.1/45831] INFO  impl.DataStreamServerImpl (ConfUtils.java:logGet(46)) - raft.datastream.type = DISABLED (default)
2022-11-08 11:41:02,988 [Listener at 127.0.0.1/45831] INFO  server.RaftServerConfigKeys (ConfUtils.java:logGet(46)) - raft.server.threadpool.proxy.cached = true (default)
2022-11-08 11:41:02,988 [Listener at 127.0.0.1/45831] INFO  server.RaftServerConfigKeys (ConfUtils.java:logGet(46)) - raft.server.threadpool.proxy.size = 0 (default)
2022-11-08 11:41:02,988 [Listener at 127.0.0.1/45831] INFO  server.RaftServerConfigKeys (ConfUtils.java:logGet(46)) - raft.server.rpc.slowness.timeout = 300s (custom)
2022-11-08 11:41:02,988 [Listener at 127.0.0.1/45831] INFO  server.RaftServerConfigKeys (ConfUtils.java:logGet(46)) - raft.server.leaderelection.leader.step-down.wait-time = 10s (default)
2022-11-08 11:41:02,989 [Listener at 127.0.0.1/45831] INFO  server.RaftServerConfigKeys (ConfUtils.java:logGet(46)) - raft.server.storage.dir = [/home/runner/work/ozone/ozone/hadoop-ozone/integration-test/target/test-dir/MiniOzoneClusterImpl-7c14af0c-19af-49bd-907c-b9cb5ddf5581/datanode-1/data/ratis] (custom)
2022-11-08 11:41:02,991 [Listener at 127.0.0.1/45831] INFO  server.XceiverServerGrpc (XceiverServerGrpc.java:<init>(132)) - GrpcServer channel type EpollServerSocketChannel
2022-11-08 11:41:02,997 [Listener at 127.0.0.1/45831] INFO  http.BaseHttpServer (BaseHttpServer.java:newHttpServer2BuilderForOzone(213)) - Starting Web-server for hddsDatanode at: http://0.0.0.0:0
2022-11-08 11:41:02,997 [Listener at 127.0.0.1/45831] INFO  http.BaseHttpServer (BaseHttpServer.java:<init>(108)) - Hadoop Security Enabled: false Ozone Security Enabled: false Ozone HTTP Security Enabled: false 
2022-11-08 11:41:02,999 [Listener at 127.0.0.1/45831] WARN  server.AuthenticationFilter (AuthenticationFilter.java:constructSecretProvider(240)) - Unable to initialize FileSignerSecretProvider, falling back to use random secrets. Reason: Could not read signature secret file: /home/runner/hadoop-http-auth-signature-secret
2022-11-08 11:41:03,000 [Listener at 127.0.0.1/45831] WARN  http.HttpRequestLog (HttpRequestLog.java:getRequestLog(103)) - Jetty request log can only be enabled using Log4j
2022-11-08 11:41:03,003 [Listener at 127.0.0.1/45831] INFO  http.HttpServer2 (HttpServer2.java:addGlobalFilter(1031)) - Added global filter 'safety' (class=org.apache.hadoop.hdds.server.http.HttpServer2$QuotingInputFilter)
2022-11-08 11:41:03,003 [Listener at 127.0.0.1/45831] INFO  http.HttpServer2 (HttpServer2.java:addFilter(1007)) - Added filter static_user_filter (class=org.apache.hadoop.http.lib.StaticUserWebFilter$StaticUserFilter) to context hddsDatanode
2022-11-08 11:41:03,004 [Listener at 127.0.0.1/45831] INFO  http.HttpServer2 (HttpServer2.java:addFilter(1015)) - Added filter static_user_filter (class=org.apache.hadoop.http.lib.StaticUserWebFilter$StaticUserFilter) to context logs
2022-11-08 11:41:03,004 [Listener at 127.0.0.1/45831] INFO  http.HttpServer2 (HttpServer2.java:addFilter(1015)) - Added filter static_user_filter (class=org.apache.hadoop.http.lib.StaticUserWebFilter$StaticUserFilter) to context static
2022-11-08 11:41:03,004 [Listener at 127.0.0.1/45831] INFO  http.HttpServer2 (HttpServer2.java:bindListener(1250)) - Jetty bound to port 40585
2022-11-08 11:41:03,005 [Listener at 127.0.0.1/45831] INFO  server.Server (Server.java:doStart(375)) - jetty-9.4.49.v20220914; built: 2022-09-14T01:07:36.601Z; git: 4231a3b2e4cb8548a412a789936d640a97b1aa0a; jvm 1.8.0_345-b01
2022-11-08 11:41:03,007 [Listener at 127.0.0.1/45831] INFO  server.session (DefaultSessionIdManager.java:doStart(334)) - DefaultSessionIdManager workerName=node0
2022-11-08 11:41:03,008 [Listener at 127.0.0.1/45831] INFO  server.session (DefaultSessionIdManager.java:doStart(339)) - No SessionScavenger set, using defaults
2022-11-08 11:41:03,008 [Listener at 127.0.0.1/45831] INFO  server.session (HouseKeeper.java:startScavenging(132)) - node0 Scavenging every 660000ms
2022-11-08 11:41:03,009 [Listener at 127.0.0.1/45831] INFO  handler.ContextHandler (ContextHandler.java:doStart(921)) - Started o.e.j.s.ServletContextHandler@5e6ef21a{logs,/logs,file:///home/runner/work/ozone/ozone/hadoop-ozone/integration-test/target/log,AVAILABLE}
2022-11-08 11:41:03,010 [Listener at 127.0.0.1/45831] INFO  handler.ContextHandler (ContextHandler.java:doStart(921)) - Started o.e.j.s.ServletContextHandler@5ff762c1{static,/static,jar:file:/home/runner/.m2/repository/org/apache/ozone/hdds-container-service/1.3.0-SNAPSHOT/hdds-container-service-1.3.0-SNAPSHOT.jar!/webapps/static,AVAILABLE}
2022-11-08 11:41:03,222 [Listener at 127.0.0.1/45831] INFO  handler.ContextHandler (ContextHandler.java:doStart(921)) - Started o.e.j.w.WebAppContext@5f661df0{hddsDatanode,/,file:///tmp/jetty-0_0_0_0-40585-hdds-container-service-1_3_0-SNAPSHOT_jar-_-any-282863545801328827/webapp/,AVAILABLE}{jar:file:/home/runner/.m2/repository/org/apache/ozone/hdds-container-service/1.3.0-SNAPSHOT/hdds-container-service-1.3.0-SNAPSHOT.jar!/webapps/hddsDatanode}
2022-11-08 11:41:03,223 [Listener at 127.0.0.1/45831] INFO  server.AbstractConnector (AbstractConnector.java:doStart(333)) - Started ServerConnector@59c69659{HTTP/1.1, (http/1.1)}{0.0.0.0:40585}
2022-11-08 11:41:03,224 [Listener at 127.0.0.1/45831] INFO  server.Server (Server.java:doStart(415)) - Started @44068ms
2022-11-08 11:41:03,224 [Listener at 127.0.0.1/45831] WARN  impl.MetricsSystemImpl (MetricsSystemImpl.java:register(279)) - Sink prometheus already exists!
2022-11-08 11:41:03,225 [Listener at 127.0.0.1/45831] INFO  http.BaseHttpServer (BaseHttpServer.java:updateConnectorAddress(333)) - HTTP server of hddsDatanode listening at http://0.0.0.0:40585
2022-11-08 11:41:03,228 [Listener at 127.0.0.1/45831] WARN  impl.MetricRegistriesImpl (MetricRegistriesImpl.java:addReporterRegistration(111)) - New reporters are added after registries were created. Some metrics will be missing from the reporter. Please add reporter before adding any new registry.
2022-11-08 11:41:03,228 [Listener at 127.0.0.1/45831] WARN  impl.MetricRegistriesImpl (MetricRegistriesImpl.java:addReporterRegistration(111)) - New reporters are added after registries were created. Some metrics will be missing from the reporter. Please add reporter before adding any new registry.
2022-11-08 11:41:03,228 [Listener at 127.0.0.1/45831] INFO  impl.MetricsSystemImpl (MetricsSystemImpl.java:init(158)) - HddsDatanode metrics system started (again)
2022-11-08 11:41:03,232 [Datanode State Machine Daemon Thread] INFO  statemachine.DatanodeStateMachine (DatanodeStateMachine.java:lambda$startDaemon$0(505)) - Ozone container server started.
2022-11-08 11:41:03,242 [org.apache.hadoop.util.JvmPauseMonitor$Monitor@63eac71d] INFO  util.JvmPauseMonitor (JvmPauseMonitor.java:run(188)) - Starting JVM pause monitor
2022-11-08 11:41:03,244 [Listener at 127.0.0.1/45831] INFO  ozone.HddsDatanodeService (HddsDatanodeService.java:start(236)) - HddsDatanodeService host:fv-az573-890.uspngagyt4suddso0aj1djjezg.dx.internal.cloudapp.net ip:10.1.0.111
2022-11-08 11:41:03,247 [Datanode State Machine Task Thread - 0] INFO  datanode.InitDatanodeState (InitDatanodeState.java:persistContainerDatanodeDetails(138)) - DatanodeDetails is persisted to /home/runner/work/ozone/ozone/hadoop-ozone/integration-test/target/test-dir/MiniOzoneClusterImpl-7c14af0c-19af-49bd-907c-b9cb5ddf5581/datanode-1/meta/datanode.id
2022-11-08 11:41:03,283 [Listener at 127.0.0.1/45831] INFO  upgrade.AbstractLayoutVersionManager (AbstractLayoutVersionManager.java:init(83)) - Initializing Layout version manager with metadata layout = DATANODE_SCHEMA_V3 (version = 4), software layout = DATANODE_SCHEMA_V3 (version = 4)
2022-11-08 11:41:03,339 [Listener at 127.0.0.1/45831] INFO  reflections.Reflections (Reflections.java:scan(232)) - Reflections took 54 ms to scan 7 urls, producing 139 keys and 336 values 
2022-11-08 11:41:03,341 [Listener at 127.0.0.1/45831] INFO  statemachine.DatanodeStateMachine (DatanodeStateMachine.java:getEndPointTaskThreadPoolSize(245)) - Datanode State Machine Task Thread Pool size 2
2022-11-08 11:41:03,343 [Listener at 127.0.0.1/45831] INFO  volume.HddsVolume (HddsVolume.java:<init>(117)) - Creating HddsVolume: /home/runner/work/ozone/ozone/hadoop-ozone/integration-test/target/test-dir/MiniOzoneClusterImpl-7c14af0c-19af-49bd-907c-b9cb5ddf5581/datanode-2/data-0/containers/hdds of storage type : DISK capacity : 9223372036854775807
2022-11-08 11:41:03,344 [Listener at 127.0.0.1/45831] INFO  volume.MutableVolumeSet (MutableVolumeSet.java:initializeVolumeSet(174)) - Added Volume : /home/runner/work/ozone/ozone/hadoop-ozone/integration-test/target/test-dir/MiniOzoneClusterImpl-7c14af0c-19af-49bd-907c-b9cb5ddf5581/datanode-2/data-0/containers/hdds to VolumeSet
2022-11-08 11:41:03,344 [Listener at 127.0.0.1/45831] INFO  volume.ThrottledAsyncChecker (ThrottledAsyncChecker.java:schedule(141)) - Scheduling a check for /home/runner/work/ozone/ozone/hadoop-ozone/integration-test/target/test-dir/MiniOzoneClusterImpl-7c14af0c-19af-49bd-907c-b9cb5ddf5581/datanode-2/data-0/containers/hdds
2022-11-08 11:41:03,355 [Listener at 127.0.0.1/45831] INFO  volume.StorageVolumeChecker (StorageVolumeChecker.java:checkAllVolumes(202)) - Scheduled health check for volume /home/runner/work/ozone/ozone/hadoop-ozone/integration-test/target/test-dir/MiniOzoneClusterImpl-7c14af0c-19af-49bd-907c-b9cb5ddf5581/datanode-2/data-0/containers/hdds
2022-11-08 11:41:03,369 [Listener at 127.0.0.1/45831] INFO  volume.MutableVolumeSet (MutableVolumeSet.java:initializeVolumeSet(174)) - Added Volume : /home/runner/work/ozone/ozone/hadoop-ozone/integration-test/target/test-dir/MiniOzoneClusterImpl-7c14af0c-19af-49bd-907c-b9cb5ddf5581/datanode-2/data/ratis to VolumeSet
2022-11-08 11:41:03,369 [Listener at 127.0.0.1/45831] INFO  volume.ThrottledAsyncChecker (ThrottledAsyncChecker.java:schedule(141)) - Scheduling a check for /home/runner/work/ozone/ozone/hadoop-ozone/integration-test/target/test-dir/MiniOzoneClusterImpl-7c14af0c-19af-49bd-907c-b9cb5ddf5581/datanode-2/data/ratis
2022-11-08 11:41:03,369 [Listener at 127.0.0.1/45831] INFO  volume.StorageVolumeChecker (StorageVolumeChecker.java:checkAllVolumes(202)) - Scheduled health check for volume /home/runner/work/ozone/ozone/hadoop-ozone/integration-test/target/test-dir/MiniOzoneClusterImpl-7c14af0c-19af-49bd-907c-b9cb5ddf5581/datanode-2/data/ratis
2022-11-08 11:41:03,371 [om1@group-C5BA1605619E-FollowerState] INFO  impl.FollowerState (FollowerState.java:run(143)) - om1@group-C5BA1605619E-FollowerState: change to CANDIDATE, lastRpcElapsedTime:1056009053ns, electionTimeout:1049ms
2022-11-08 11:41:03,371 [om1@group-C5BA1605619E-FollowerState] INFO  impl.RoleInfo (RoleInfo.java:shutdownFollowerState(110)) - om1: shutdown om1@group-C5BA1605619E-FollowerState
2022-11-08 11:41:03,371 [om1@group-C5BA1605619E-FollowerState] INFO  server.RaftServer$Division (RaftServerImpl.java:setRole(321)) - om1@group-C5BA1605619E: changes role from  FOLLOWER to CANDIDATE at term 0 for changeToCandidate
2022-11-08 11:41:03,371 [om1@group-C5BA1605619E-FollowerState] INFO  server.RaftServerConfigKeys (ConfUtils.java:logGet(46)) - raft.server.leaderelection.pre-vote = false (custom)
2022-11-08 11:41:03,371 [om1@group-C5BA1605619E-FollowerState] INFO  impl.RoleInfo (RoleInfo.java:updateAndGet(139)) - om1: start om1@group-C5BA1605619E-LeaderElection19
2022-11-08 11:41:03,389 [om1@group-C5BA1605619E-LeaderElection19] INFO  impl.LeaderElection (LeaderElection.java:askForVotes(312)) - om1@group-C5BA1605619E-LeaderElection19 ELECTION round 0: submit vote requests at term 1 for -1: peers:[om1|rpc:localhost:9872|priority:0|startupRole:FOLLOWER]|listeners:[], old=null
2022-11-08 11:41:03,389 [om1@group-C5BA1605619E-LeaderElection19] INFO  impl.LeaderElection (LeaderElection.java:askForVotes(314)) - om1@group-C5BA1605619E-LeaderElection19 ELECTION round 0: result PASSED (term=1)
2022-11-08 11:41:03,389 [om1@group-C5BA1605619E-LeaderElection19] INFO  impl.RoleInfo (RoleInfo.java:shutdownLeaderElection(130)) - om1: shutdown om1@group-C5BA1605619E-LeaderElection19
2022-11-08 11:41:03,389 [om1@group-C5BA1605619E-LeaderElection19] INFO  server.RaftServer$Division (RaftServerImpl.java:setRole(321)) - om1@group-C5BA1605619E: changes role from CANDIDATE to LEADER at term 1 for changeToLeader
2022-11-08 11:41:03,389 [om1@group-C5BA1605619E-LeaderElection19] INFO  server.RaftServer$Division (ServerState.java:setLeader(313)) - om1@group-C5BA1605619E: change Leader from null to om1 at term 1 for becomeLeader, leader elected after 1675ms
2022-11-08 11:41:03,389 [om1@group-C5BA1605619E-LeaderElection19] INFO  server.RaftServerConfigKeys (ConfUtils.java:logGet(46)) - raft.server.staging.catchup.gap = 1000 (default)
2022-11-08 11:41:03,390 [om1@group-C5BA1605619E-LeaderElection19] INFO  server.RaftServerConfigKeys (ConfUtils.java:logGet(46)) - raft.server.write.element-limit = 4096 (default)
2022-11-08 11:41:03,390 [om1@group-C5BA1605619E-LeaderElection19] INFO  server.RaftServerConfigKeys (ConfUtils.java:logGet(46)) - raft.server.write.byte-limit = 64MB (=67108864) (default)
2022-11-08 11:41:03,390 [om1@group-C5BA1605619E-LeaderElection19] INFO  server.RaftServerConfigKeys (ConfUtils.java:logGet(46)) - raft.server.watch.timeout = 10s (default)
2022-11-08 11:41:03,390 [om1@group-C5BA1605619E-LeaderElection19] INFO  server.RaftServerConfigKeys (ConfUtils.java:logGet(46)) - raft.server.watch.timeout.denomination = 1s (default)
2022-11-08 11:41:03,390 [om1@group-C5BA1605619E-LeaderElection19] INFO  server.RaftServerConfigKeys (ConfUtils.java:logGet(46)) - raft.server.watch.element-limit = 65536 (default)
2022-11-08 11:41:03,390 [om1@group-C5BA1605619E-LeaderElection19] INFO  server.RaftServerConfigKeys (ConfUtils.java:logGet(46)) - raft.server.write.element-limit = 4096 (default)
2022-11-08 11:41:03,391 [om1@group-C5BA1605619E-LeaderElection19] INFO  server.RaftServerConfigKeys (ConfUtils.java:logGet(46)) - raft.server.write.follower.gap.ratio.max = -1.0 (default)
2022-11-08 11:41:03,391 [om1@group-C5BA1605619E-LeaderElection19] INFO  impl.RoleInfo (RoleInfo.java:updateAndGet(139)) - om1: start om1@group-C5BA1605619E-LeaderStateImpl
2022-11-08 11:41:03,391 [om1@group-C5BA1605619E-LeaderElection19] INFO  segmented.SegmentedRaftLogWorker (SegmentedRaftLogWorker.java:startLogSegment(452)) - om1@group-C5BA1605619E-SegmentedRaftLogWorker: Starting segment from index:0
2022-11-08 11:41:03,404 [om1@group-C5BA1605619E-LeaderElection19] INFO  server.RaftServer$Division (ServerState.java:setRaftConf(430)) - om1@group-C5BA1605619E: set configuration 0: peers:[om1|rpc:localhost:9872|admin:|client:|dataStream:|priority:0|startupRole:FOLLOWER]|listeners:[], old=null
2022-11-08 11:41:03,406 [om1@group-C5BA1605619E-SegmentedRaftLogWorker] INFO  segmented.SegmentedRaftLogWorker (SegmentedRaftLogWorker.java:execute(656)) - om1@group-C5BA1605619E-SegmentedRaftLogWorker: created new log segment /home/runner/work/ozone/ozone/hadoop-ozone/integration-test/target/test-dir/MiniOzoneClusterImpl-7c14af0c-19af-49bd-907c-b9cb5ddf5581/ozone-meta/ratis/bf265839-605b-3f16-9796-c5ba1605619e/current/log_inprogress_0
2022-11-08 11:41:03,408 [om1@group-C5BA1605619E-StateMachineUpdater] INFO  ratis.OzoneManagerStateMachine (OzoneManagerStateMachine.java:notifyConfigurationChanged(192)) - Received Configuration change notification from Ratis. New Peer list:
[id: "om1"
address: "localhost:9872"
startupRole: FOLLOWER
]
2022-11-08 11:41:03,413 [Thread-580] INFO  ozoneimpl.ContainerReader (ContainerReader.java:readVolume(175)) - Finish verifying containers on volume /home/runner/work/ozone/ozone/hadoop-ozone/integration-test/target/test-dir/MiniOzoneClusterImpl-7c14af0c-19af-49bd-907c-b9cb5ddf5581/datanode-2/data-0/containers/hdds
2022-11-08 11:41:03,413 [Listener at 127.0.0.1/45831] INFO  ozoneimpl.OzoneContainer (OzoneContainer.java:buildContainerSet(300)) - Build ContainerSet costs 0s
2022-11-08 11:41:03,416 [Listener at 127.0.0.1/45831] INFO  server.RaftServer (ConfUtils.java:logGet(46)) - raft.rpc.type = GRPC (default)
2022-11-08 11:41:03,416 [Listener at 127.0.0.1/45831] INFO  grpc.GrpcConfigKeys (ConfUtils.java:logFallback(53)) - raft.grpc.admin.host = null (fallback to raft.grpc.server.host)
2022-11-08 11:41:03,416 [Listener at 127.0.0.1/45831] INFO  grpc.GrpcConfigKeys (ConfUtils.java:logGet(46)) - raft.grpc.admin.port = 0 (custom)
2022-11-08 11:41:03,416 [Listener at 127.0.0.1/45831] INFO  grpc.GrpcConfigKeys (ConfUtils.java:logFallback(53)) - raft.grpc.client.host = null (fallback to raft.grpc.server.host)
2022-11-08 11:41:03,416 [Listener at 127.0.0.1/45831] INFO  grpc.GrpcConfigKeys (ConfUtils.java:logGet(46)) - raft.grpc.client.port = 0 (custom)
2022-11-08 11:41:03,417 [Listener at 127.0.0.1/45831] INFO  grpc.GrpcConfigKeys (ConfUtils.java:logGet(46)) - raft.grpc.server.host = null (default)
2022-11-08 11:41:03,417 [Listener at 127.0.0.1/45831] INFO  grpc.GrpcConfigKeys (ConfUtils.java:logGet(46)) - raft.grpc.server.port = 0 (default)
2022-11-08 11:41:03,417 [Listener at 127.0.0.1/45831] INFO  server.GrpcService (ConfUtils.java:logGet(46)) - raft.grpc.message.size.max = 32MB (=33554432) (custom)
2022-11-08 11:41:03,417 [Listener at 127.0.0.1/45831] INFO  server.RaftServerConfigKeys (ConfUtils.java:logGet(46)) - raft.server.log.appender.buffer.byte-limit = 33554432 (custom)
2022-11-08 11:41:03,417 [Listener at 127.0.0.1/45831] INFO  server.GrpcService (ConfUtils.java:logGet(46)) - raft.grpc.flow.control.window = 5MB (=5242880) (custom)
2022-11-08 11:41:03,418 [Listener at 127.0.0.1/45831] INFO  server.RaftServerConfigKeys (ConfUtils.java:logGet(46)) - raft.server.rpc.request.timeout = 60s (custom)
2022-11-08 11:41:03,418 [Listener at 127.0.0.1/45831] INFO  grpc.GrpcConfigKeys (ConfUtils.java:logGet(46)) - raft.grpc.server.heartbeat.channel = true (default)
2022-11-08 11:41:03,418 [Listener at 127.0.0.1/45831] INFO  grpc.GrpcConfigKeys (ConfUtils.java:logGet(46)) - raft.grpc.server.async.request.thread.pool.cached = true (default)
2022-11-08 11:41:03,418 [Listener at 127.0.0.1/45831] INFO  grpc.GrpcConfigKeys (ConfUtils.java:logGet(46)) - raft.grpc.server.async.request.thread.pool.size = 32 (default)
2022-11-08 11:41:03,426 [Listener at 127.0.0.1/45831] INFO  impl.DataStreamServerImpl (ConfUtils.java:logGet(46)) - raft.datastream.type = DISABLED (default)
2022-11-08 11:41:03,426 [Listener at 127.0.0.1/45831] INFO  server.RaftServerConfigKeys (ConfUtils.java:logGet(46)) - raft.server.threadpool.proxy.cached = true (default)
2022-11-08 11:41:03,426 [Listener at 127.0.0.1/45831] INFO  server.RaftServerConfigKeys (ConfUtils.java:logGet(46)) - raft.server.threadpool.proxy.size = 0 (default)
2022-11-08 11:41:03,428 [Listener at 127.0.0.1/45831] INFO  server.RaftServerConfigKeys (ConfUtils.java:logGet(46)) - raft.server.rpc.slowness.timeout = 300s (custom)
2022-11-08 11:41:03,428 [Listener at 127.0.0.1/45831] INFO  server.RaftServerConfigKeys (ConfUtils.java:logGet(46)) - raft.server.leaderelection.leader.step-down.wait-time = 10s (default)
2022-11-08 11:41:03,428 [Listener at 127.0.0.1/45831] INFO  server.RaftServerConfigKeys (ConfUtils.java:logGet(46)) - raft.server.storage.dir = [/home/runner/work/ozone/ozone/hadoop-ozone/integration-test/target/test-dir/MiniOzoneClusterImpl-7c14af0c-19af-49bd-907c-b9cb5ddf5581/datanode-2/data/ratis] (custom)
2022-11-08 11:41:03,433 [Listener at 127.0.0.1/45831] INFO  server.XceiverServerGrpc (XceiverServerGrpc.java:<init>(132)) - GrpcServer channel type EpollServerSocketChannel
2022-11-08 11:41:03,445 [Listener at 127.0.0.1/45831] INFO  http.BaseHttpServer (BaseHttpServer.java:newHttpServer2BuilderForOzone(213)) - Starting Web-server for hddsDatanode at: http://0.0.0.0:0
2022-11-08 11:41:03,445 [Listener at 127.0.0.1/45831] INFO  http.BaseHttpServer (BaseHttpServer.java:<init>(108)) - Hadoop Security Enabled: false Ozone Security Enabled: false Ozone HTTP Security Enabled: false 
2022-11-08 11:41:03,447 [Listener at 127.0.0.1/45831] WARN  server.AuthenticationFilter (AuthenticationFilter.java:constructSecretProvider(240)) - Unable to initialize FileSignerSecretProvider, falling back to use random secrets. Reason: Could not read signature secret file: /home/runner/hadoop-http-auth-signature-secret
2022-11-08 11:41:03,448 [Listener at 127.0.0.1/45831] WARN  http.HttpRequestLog (HttpRequestLog.java:getRequestLog(103)) - Jetty request log can only be enabled using Log4j
2022-11-08 11:41:03,450 [Listener at 127.0.0.1/45831] INFO  http.HttpServer2 (HttpServer2.java:addGlobalFilter(1031)) - Added global filter 'safety' (class=org.apache.hadoop.hdds.server.http.HttpServer2$QuotingInputFilter)
2022-11-08 11:41:03,450 [Listener at 127.0.0.1/45831] INFO  http.HttpServer2 (HttpServer2.java:addFilter(1007)) - Added filter static_user_filter (class=org.apache.hadoop.http.lib.StaticUserWebFilter$StaticUserFilter) to context hddsDatanode
2022-11-08 11:41:03,451 [Listener at 127.0.0.1/45831] INFO  http.HttpServer2 (HttpServer2.java:addFilter(1015)) - Added filter static_user_filter (class=org.apache.hadoop.http.lib.StaticUserWebFilter$StaticUserFilter) to context logs
2022-11-08 11:41:03,452 [Listener at 127.0.0.1/45831] INFO  http.HttpServer2 (HttpServer2.java:addFilter(1015)) - Added filter static_user_filter (class=org.apache.hadoop.http.lib.StaticUserWebFilter$StaticUserFilter) to context static
2022-11-08 11:41:03,452 [Listener at 127.0.0.1/45831] INFO  http.HttpServer2 (HttpServer2.java:bindListener(1250)) - Jetty bound to port 37261
2022-11-08 11:41:03,453 [Listener at 127.0.0.1/45831] INFO  server.Server (Server.java:doStart(375)) - jetty-9.4.49.v20220914; built: 2022-09-14T01:07:36.601Z; git: 4231a3b2e4cb8548a412a789936d640a97b1aa0a; jvm 1.8.0_345-b01
2022-11-08 11:41:03,492 [Listener at 127.0.0.1/45831] INFO  server.session (DefaultSessionIdManager.java:doStart(334)) - DefaultSessionIdManager workerName=node0
2022-11-08 11:41:03,492 [Listener at 127.0.0.1/45831] INFO  server.session (DefaultSessionIdManager.java:doStart(339)) - No SessionScavenger set, using defaults
2022-11-08 11:41:03,493 [Listener at 127.0.0.1/45831] INFO  server.session (HouseKeeper.java:startScavenging(132)) - node0 Scavenging every 600000ms
2022-11-08 11:41:03,496 [Listener at 127.0.0.1/45831] INFO  handler.ContextHandler (ContextHandler.java:doStart(921)) - Started o.e.j.s.ServletContextHandler@707f4505{logs,/logs,file:///home/runner/work/ozone/ozone/hadoop-ozone/integration-test/target/log,AVAILABLE}
2022-11-08 11:41:03,497 [Listener at 127.0.0.1/45831] INFO  handler.ContextHandler (ContextHandler.java:doStart(921)) - Started o.e.j.s.ServletContextHandler@71ee6d22{static,/static,jar:file:/home/runner/.m2/repository/org/apache/ozone/hdds-container-service/1.3.0-SNAPSHOT/hdds-container-service-1.3.0-SNAPSHOT.jar!/webapps/static,AVAILABLE}
2022-11-08 11:41:03,708 [Listener at 127.0.0.1/45831] INFO  handler.ContextHandler (ContextHandler.java:doStart(921)) - Started o.e.j.w.WebAppContext@7d9b2878{hddsDatanode,/,file:///tmp/jetty-0_0_0_0-37261-hdds-container-service-1_3_0-SNAPSHOT_jar-_-any-3553485832318191105/webapp/,AVAILABLE}{jar:file:/home/runner/.m2/repository/org/apache/ozone/hdds-container-service/1.3.0-SNAPSHOT/hdds-container-service-1.3.0-SNAPSHOT.jar!/webapps/hddsDatanode}
2022-11-08 11:41:03,709 [Listener at 127.0.0.1/45831] INFO  server.AbstractConnector (AbstractConnector.java:doStart(333)) - Started ServerConnector@74d083c8{HTTP/1.1, (http/1.1)}{0.0.0.0:37261}
2022-11-08 11:41:03,709 [Listener at 127.0.0.1/45831] INFO  server.Server (Server.java:doStart(415)) - Started @44554ms
2022-11-08 11:41:03,710 [Listener at 127.0.0.1/45831] WARN  impl.MetricsSystemImpl (MetricsSystemImpl.java:register(279)) - Sink prometheus already exists!
2022-11-08 11:41:03,712 [Listener at 127.0.0.1/45831] INFO  http.BaseHttpServer (BaseHttpServer.java:updateConnectorAddress(333)) - HTTP server of hddsDatanode listening at http://0.0.0.0:37261
2022-11-08 11:41:03,713 [Datanode State Machine Daemon Thread] INFO  statemachine.DatanodeStateMachine (DatanodeStateMachine.java:lambda$startDaemon$0(505)) - Ozone container server started.
2022-11-08 11:41:03,715 [Listener at 127.0.0.1/45831] INFO  ozone.MiniOzoneClusterImpl (MiniOzoneClusterImpl.java:lambda$waitForClusterToBeReady$0(216)) - Waiting for nodes to be ready. Got 0 of 3 DN Heartbeats.
2022-11-08 11:41:03,715 [Listener at 127.0.0.1/45831] INFO  ozone.MiniOzoneClusterImpl (MiniOzoneClusterImpl.java:lambda$waitForClusterToBeReady$0(219)) - Waiting for cluster to exit safe mode
2022-11-08 11:41:03,716 [Listener at 127.0.0.1/45831] INFO  ozone.MiniOzoneClusterImpl (MiniOzoneClusterImpl.java:lambda$waitForClusterToBeReady$0(221)) - SCM became leader
2022-11-08 11:41:03,724 [org.apache.hadoop.util.JvmPauseMonitor$Monitor@792002f4] INFO  util.JvmPauseMonitor (JvmPauseMonitor.java:run(188)) - Starting JVM pause monitor
2022-11-08 11:41:03,731 [Datanode State Machine Task Thread - 0] INFO  datanode.InitDatanodeState (InitDatanodeState.java:persistContainerDatanodeDetails(138)) - DatanodeDetails is persisted to /home/runner/work/ozone/ozone/hadoop-ozone/integration-test/target/test-dir/MiniOzoneClusterImpl-7c14af0c-19af-49bd-907c-b9cb5ddf5581/datanode-2/meta/datanode.id
2022-11-08 11:41:04,716 [Listener at 127.0.0.1/45831] INFO  ozone.MiniOzoneClusterImpl (MiniOzoneClusterImpl.java:lambda$waitForClusterToBeReady$0(216)) - Waiting for nodes to be ready. Got 0 of 3 DN Heartbeats.
2022-11-08 11:41:04,717 [Listener at 127.0.0.1/45831] INFO  ozone.MiniOzoneClusterImpl (MiniOzoneClusterImpl.java:lambda$waitForClusterToBeReady$0(219)) - Waiting for cluster to exit safe mode
2022-11-08 11:41:04,717 [Listener at 127.0.0.1/45831] INFO  ozone.MiniOzoneClusterImpl (MiniOzoneClusterImpl.java:lambda$waitForClusterToBeReady$0(221)) - SCM became leader
2022-11-08 11:41:04,913 [EndpointStateMachine task thread for /0.0.0.0:45019 - 0 ] INFO  utils.DatanodeStoreCache (DatanodeStoreCache.java:addDB(58)) - Added db /home/runner/work/ozone/ozone/hadoop-ozone/integration-test/target/test-dir/MiniOzoneClusterImpl-7c14af0c-19af-49bd-907c-b9cb5ddf5581/datanode-0/data-0/containers/hdds/7c14af0c-19af-49bd-907c-b9cb5ddf5581/DS-01109b52-f836-4c06-aef5-e19e4e2f199f/container.db to cache
2022-11-08 11:41:04,913 [EndpointStateMachine task thread for /0.0.0.0:45019 - 0 ] INFO  volume.HddsVolume (HddsVolume.java:createDbStore(307)) - SchemaV3 db is created and loaded at /home/runner/work/ozone/ozone/hadoop-ozone/integration-test/target/test-dir/MiniOzoneClusterImpl-7c14af0c-19af-49bd-907c-b9cb5ddf5581/datanode-0/data-0/containers/hdds/7c14af0c-19af-49bd-907c-b9cb5ddf5581/DS-01109b52-f836-4c06-aef5-e19e4e2f199f/container.db for volume DS-01109b52-f836-4c06-aef5-e19e4e2f199f
2022-11-08 11:41:04,913 [EndpointStateMachine task thread for /0.0.0.0:45019 - 0 ] INFO  ozoneimpl.OzoneContainer (OzoneContainer.java:start(378)) - Attempting to start container services.
2022-11-08 11:41:04,913 [EndpointStateMachine task thread for /0.0.0.0:45019 - 0 ] INFO  ozoneimpl.OzoneContainer (OzoneContainer.java:startContainerScrub(313)) - Background container scanner has been disabled.
2022-11-08 11:41:04,917 [EndpointStateMachine task thread for /0.0.0.0:45019 - 0 ] INFO  replication.ReplicationServer (ReplicationServer.java:start(111)) - ReplicationServer is started using port 38467
2022-11-08 11:41:04,917 [EndpointStateMachine task thread for /0.0.0.0:45019 - 0 ] INFO  ratis.XceiverServerRatis (XceiverServerRatis.java:start(481)) - Starting XceiverServerRatis 796fe754-0c35-4eb6-a30c-1cb762a5c0c8
2022-11-08 11:41:04,918 [EndpointStateMachine task thread for /0.0.0.0:45019 - 0 ] INFO  server.RaftServer (RaftServerProxy.java:startImpl(393)) - 796fe754-0c35-4eb6-a30c-1cb762a5c0c8: start RPC server
2022-11-08 11:41:04,920 [EndpointStateMachine task thread for /0.0.0.0:45019 - 0 ] INFO  server.GrpcService (GrpcService.java:startImpl(270)) - 796fe754-0c35-4eb6-a30c-1cb762a5c0c8: GrpcService started, listening on 44279
2022-11-08 11:41:04,921 [EndpointStateMachine task thread for /0.0.0.0:45019 - 0 ] INFO  ratis.XceiverServerRatis (XceiverServerRatis.java:getRealPort(502)) - XceiverServerRatis 796fe754-0c35-4eb6-a30c-1cb762a5c0c8 is started using port 44279 for RATIS
2022-11-08 11:41:04,921 [EndpointStateMachine task thread for /0.0.0.0:45019 - 0 ] INFO  ratis.XceiverServerRatis (XceiverServerRatis.java:getRealPort(502)) - XceiverServerRatis 796fe754-0c35-4eb6-a30c-1cb762a5c0c8 is started using port 44279 for RATIS_ADMIN
2022-11-08 11:41:04,921 [EndpointStateMachine task thread for /0.0.0.0:45019 - 0 ] INFO  ratis.XceiverServerRatis (XceiverServerRatis.java:getRealPort(502)) - XceiverServerRatis 796fe754-0c35-4eb6-a30c-1cb762a5c0c8 is started using port 44279 for RATIS_SERVER
2022-11-08 11:41:04,921 [JvmPauseMonitor8] INFO  util.JvmPauseMonitor (JvmPauseMonitor.java:run(105)) - JvmPauseMonitor-796fe754-0c35-4eb6-a30c-1cb762a5c0c8: Started
2022-11-08 11:41:04,925 [EndpointStateMachine task thread for /0.0.0.0:45019 - 0 ] INFO  server.XceiverServerGrpc (XceiverServerGrpc.java:start(180)) - XceiverServerGrpc 796fe754-0c35-4eb6-a30c-1cb762a5c0c8 is started using port 36161
2022-11-08 11:41:05,290 [EndpointStateMachine task thread for /0.0.0.0:45019 - 0 ] INFO  utils.DatanodeStoreCache (DatanodeStoreCache.java:addDB(58)) - Added db /home/runner/work/ozone/ozone/hadoop-ozone/integration-test/target/test-dir/MiniOzoneClusterImpl-7c14af0c-19af-49bd-907c-b9cb5ddf5581/datanode-1/data-0/containers/hdds/7c14af0c-19af-49bd-907c-b9cb5ddf5581/DS-f5dd78bd-cb18-48a9-b905-39d9eb3d650b/container.db to cache
2022-11-08 11:41:05,290 [EndpointStateMachine task thread for /0.0.0.0:45019 - 0 ] INFO  volume.HddsVolume (HddsVolume.java:createDbStore(307)) - SchemaV3 db is created and loaded at /home/runner/work/ozone/ozone/hadoop-ozone/integration-test/target/test-dir/MiniOzoneClusterImpl-7c14af0c-19af-49bd-907c-b9cb5ddf5581/datanode-1/data-0/containers/hdds/7c14af0c-19af-49bd-907c-b9cb5ddf5581/DS-f5dd78bd-cb18-48a9-b905-39d9eb3d650b/container.db for volume DS-f5dd78bd-cb18-48a9-b905-39d9eb3d650b
2022-11-08 11:41:05,291 [EndpointStateMachine task thread for /0.0.0.0:45019 - 0 ] INFO  ozoneimpl.OzoneContainer (OzoneContainer.java:start(378)) - Attempting to start container services.
2022-11-08 11:41:05,291 [EndpointStateMachine task thread for /0.0.0.0:45019 - 0 ] INFO  ozoneimpl.OzoneContainer (OzoneContainer.java:startContainerScrub(313)) - Background container scanner has been disabled.
2022-11-08 11:41:05,294 [EndpointStateMachine task thread for /0.0.0.0:45019 - 0 ] INFO  replication.ReplicationServer (ReplicationServer.java:start(111)) - ReplicationServer is started using port 45913
2022-11-08 11:41:05,295 [EndpointStateMachine task thread for /0.0.0.0:45019 - 0 ] INFO  ratis.XceiverServerRatis (XceiverServerRatis.java:start(481)) - Starting XceiverServerRatis 72dfd9ba-a98d-401a-81dd-3b4131028c49
2022-11-08 11:41:05,296 [EndpointStateMachine task thread for /0.0.0.0:45019 - 0 ] INFO  server.RaftServer (RaftServerProxy.java:startImpl(393)) - 72dfd9ba-a98d-401a-81dd-3b4131028c49: start RPC server
2022-11-08 11:41:05,298 [EndpointStateMachine task thread for /0.0.0.0:45019 - 0 ] INFO  server.GrpcService (GrpcService.java:startImpl(270)) - 72dfd9ba-a98d-401a-81dd-3b4131028c49: GrpcService started, listening on 43469
2022-11-08 11:41:05,298 [EndpointStateMachine task thread for /0.0.0.0:45019 - 0 ] INFO  ratis.XceiverServerRatis (XceiverServerRatis.java:getRealPort(502)) - XceiverServerRatis 72dfd9ba-a98d-401a-81dd-3b4131028c49 is started using port 43469 for RATIS
2022-11-08 11:41:05,298 [EndpointStateMachine task thread for /0.0.0.0:45019 - 0 ] INFO  ratis.XceiverServerRatis (XceiverServerRatis.java:getRealPort(502)) - XceiverServerRatis 72dfd9ba-a98d-401a-81dd-3b4131028c49 is started using port 43469 for RATIS_ADMIN
2022-11-08 11:41:05,298 [EndpointStateMachine task thread for /0.0.0.0:45019 - 0 ] INFO  ratis.XceiverServerRatis (XceiverServerRatis.java:getRealPort(502)) - XceiverServerRatis 72dfd9ba-a98d-401a-81dd-3b4131028c49 is started using port 43469 for RATIS_SERVER
2022-11-08 11:41:05,298 [JvmPauseMonitor9] INFO  util.JvmPauseMonitor (JvmPauseMonitor.java:run(105)) - JvmPauseMonitor-72dfd9ba-a98d-401a-81dd-3b4131028c49: Started
2022-11-08 11:41:05,304 [EndpointStateMachine task thread for /0.0.0.0:45019 - 0 ] INFO  server.XceiverServerGrpc (XceiverServerGrpc.java:start(180)) - XceiverServerGrpc 72dfd9ba-a98d-401a-81dd-3b4131028c49 is started using port 34397
2022-11-08 11:41:05,717 [Listener at 127.0.0.1/45831] INFO  ozone.MiniOzoneClusterImpl (MiniOzoneClusterImpl.java:lambda$waitForClusterToBeReady$0(216)) - Waiting for nodes to be ready. Got 0 of 3 DN Heartbeats.
2022-11-08 11:41:05,717 [Listener at 127.0.0.1/45831] INFO  ozone.MiniOzoneClusterImpl (MiniOzoneClusterImpl.java:lambda$waitForClusterToBeReady$0(219)) - Waiting for cluster to exit safe mode
2022-11-08 11:41:05,718 [Listener at 127.0.0.1/45831] INFO  ozone.MiniOzoneClusterImpl (MiniOzoneClusterImpl.java:lambda$waitForClusterToBeReady$0(221)) - SCM became leader
2022-11-08 11:41:05,773 [EndpointStateMachine task thread for /0.0.0.0:45019 - 0 ] INFO  utils.DatanodeStoreCache (DatanodeStoreCache.java:addDB(58)) - Added db /home/runner/work/ozone/ozone/hadoop-ozone/integration-test/target/test-dir/MiniOzoneClusterImpl-7c14af0c-19af-49bd-907c-b9cb5ddf5581/datanode-2/data-0/containers/hdds/7c14af0c-19af-49bd-907c-b9cb5ddf5581/DS-8d09e57e-40ba-4280-82b2-6691d835be83/container.db to cache
2022-11-08 11:41:05,773 [EndpointStateMachine task thread for /0.0.0.0:45019 - 0 ] INFO  volume.HddsVolume (HddsVolume.java:createDbStore(307)) - SchemaV3 db is created and loaded at /home/runner/work/ozone/ozone/hadoop-ozone/integration-test/target/test-dir/MiniOzoneClusterImpl-7c14af0c-19af-49bd-907c-b9cb5ddf5581/datanode-2/data-0/containers/hdds/7c14af0c-19af-49bd-907c-b9cb5ddf5581/DS-8d09e57e-40ba-4280-82b2-6691d835be83/container.db for volume DS-8d09e57e-40ba-4280-82b2-6691d835be83
2022-11-08 11:41:05,773 [EndpointStateMachine task thread for /0.0.0.0:45019 - 0 ] INFO  ozoneimpl.OzoneContainer (OzoneContainer.java:start(378)) - Attempting to start container services.
2022-11-08 11:41:05,773 [EndpointStateMachine task thread for /0.0.0.0:45019 - 0 ] INFO  ozoneimpl.OzoneContainer (OzoneContainer.java:startContainerScrub(313)) - Background container scanner has been disabled.
2022-11-08 11:41:05,776 [EndpointStateMachine task thread for /0.0.0.0:45019 - 0 ] INFO  replication.ReplicationServer (ReplicationServer.java:start(111)) - ReplicationServer is started using port 37797
2022-11-08 11:41:05,776 [EndpointStateMachine task thread for /0.0.0.0:45019 - 0 ] INFO  ratis.XceiverServerRatis (XceiverServerRatis.java:start(481)) - Starting XceiverServerRatis ff089832-d0c0-4656-8db7-7a8b564902c0
2022-11-08 11:41:05,777 [EndpointStateMachine task thread for /0.0.0.0:45019 - 0 ] INFO  server.RaftServer (RaftServerProxy.java:startImpl(393)) - ff089832-d0c0-4656-8db7-7a8b564902c0: start RPC server
2022-11-08 11:41:05,779 [EndpointStateMachine task thread for /0.0.0.0:45019 - 0 ] INFO  server.GrpcService (GrpcService.java:startImpl(270)) - ff089832-d0c0-4656-8db7-7a8b564902c0: GrpcService started, listening on 45571
2022-11-08 11:41:05,779 [EndpointStateMachine task thread for /0.0.0.0:45019 - 0 ] INFO  ratis.XceiverServerRatis (XceiverServerRatis.java:getRealPort(502)) - XceiverServerRatis ff089832-d0c0-4656-8db7-7a8b564902c0 is started using port 45571 for RATIS
2022-11-08 11:41:05,779 [EndpointStateMachine task thread for /0.0.0.0:45019 - 0 ] INFO  ratis.XceiverServerRatis (XceiverServerRatis.java:getRealPort(502)) - XceiverServerRatis ff089832-d0c0-4656-8db7-7a8b564902c0 is started using port 45571 for RATIS_ADMIN
2022-11-08 11:41:05,779 [JvmPauseMonitor10] INFO  util.JvmPauseMonitor (JvmPauseMonitor.java:run(105)) - JvmPauseMonitor-ff089832-d0c0-4656-8db7-7a8b564902c0: Started
2022-11-08 11:41:05,779 [EndpointStateMachine task thread for /0.0.0.0:45019 - 0 ] INFO  ratis.XceiverServerRatis (XceiverServerRatis.java:getRealPort(502)) - XceiverServerRatis ff089832-d0c0-4656-8db7-7a8b564902c0 is started using port 45571 for RATIS_SERVER
2022-11-08 11:41:05,784 [EndpointStateMachine task thread for /0.0.0.0:45019 - 0 ] INFO  server.XceiverServerGrpc (XceiverServerGrpc.java:start(180)) - XceiverServerGrpc ff089832-d0c0-4656-8db7-7a8b564902c0 is started using port 44499
2022-11-08 11:41:06,718 [Listener at 127.0.0.1/45831] INFO  ozone.MiniOzoneClusterImpl (MiniOzoneClusterImpl.java:lambda$waitForClusterToBeReady$0(216)) - Waiting for nodes to be ready. Got 0 of 3 DN Heartbeats.
2022-11-08 11:41:06,718 [Listener at 127.0.0.1/45831] INFO  ozone.MiniOzoneClusterImpl (MiniOzoneClusterImpl.java:lambda$waitForClusterToBeReady$0(219)) - Waiting for cluster to exit safe mode
2022-11-08 11:41:06,719 [Listener at 127.0.0.1/45831] INFO  ozone.MiniOzoneClusterImpl (MiniOzoneClusterImpl.java:lambda$waitForClusterToBeReady$0(221)) - SCM became leader
2022-11-08 11:41:06,864 [IPC Server handler 1 on default port 45019] INFO  net.NetworkTopologyImpl (NetworkTopologyImpl.java:add(112)) - Added a new node: /default-rack/796fe754-0c35-4eb6-a30c-1cb762a5c0c8
2022-11-08 11:41:06,864 [IPC Server handler 1 on default port 45019] INFO  node.SCMNodeManager (SCMNodeManager.java:register(397)) - Registered Data node : 796fe754-0c35-4eb6-a30c-1cb762a5c0c8{ip: 10.1.0.111, host: fv-az573-890.uspngagyt4suddso0aj1djjezg.dx.internal.cloudapp.net, ports: [REPLICATION=38467, RATIS=44279, RATIS_ADMIN=44279, RATIS_SERVER=44279, STANDALONE=36161], networkLocation: /default-rack, certSerialId: null, persistedOpState: null, persistedOpStateExpiryEpochSec: 0}
2022-11-08 11:41:06,866 [EventQueue-NewNodeForNewNodeHandler] INFO  pipeline.BackgroundPipelineCreator (BackgroundPipelineCreator.java:notifyEventTriggered(276)) - trigger a one-shot run on RatisPipelineUtilsThread.
2022-11-08 11:41:06,867 [EventQueue-NodeRegistrationContainerReportForDataNodeSafeModeRule] INFO  safemode.SCMSafeModeManager (DataNodeSafeModeRule.java:process(71)) - SCM in safe mode. 1 DataNodes registered, 3 required.
2022-11-08 11:41:06,867 [RatisPipelineUtilsThread - 0] INFO  pipeline.RatisPipelineProvider (RatisPipelineProvider.java:lambda$create$0(195)) - Sending CreatePipelineCommand for pipeline:PipelineID=7d79a7e7-3ce8-4691-a67f-acc8501c15b7 to datanode:796fe754-0c35-4eb6-a30c-1cb762a5c0c8
2022-11-08 11:41:06,868 [EventQueue-NodeRegistrationContainerReportForContainerSafeModeRule] INFO  safemode.SCMSafeModeManager (SCMSafeModeManager.java:validateSafeModeExitRules(204)) - ContainerSafeModeRule rule is successfully validated
2022-11-08 11:41:06,869 [RatisPipelineUtilsThread - 0] INFO  pipeline.PipelineStateManagerImpl (PipelineStateManagerImpl.java:addPipeline(103)) - Created pipeline Pipeline[ Id: 7d79a7e7-3ce8-4691-a67f-acc8501c15b7, Nodes: 796fe754-0c35-4eb6-a30c-1cb762a5c0c8{ip: 10.1.0.111, host: fv-az573-890.uspngagyt4suddso0aj1djjezg.dx.internal.cloudapp.net, ports: [REPLICATION=38467, RATIS=44279, RATIS_ADMIN=44279, RATIS_SERVER=44279, STANDALONE=36161], networkLocation: /default-rack, certSerialId: null, persistedOpState: IN_SERVICE, persistedOpStateExpiryEpochSec: 0}, ReplicationConfig: RATIS/ONE, State:ALLOCATED, leaderId:, CreationTimestamp2022-11-08T11:41:06.867Z[Etc/UTC]].
2022-11-08 11:41:06,870 [EventQueue-PipelineReportForOneReplicaPipelineSafeModeRule] INFO  safemode.SCMSafeModeManager (SCMSafeModeManager.java:validateSafeModeExitRules(204)) - AtleastOneDatanodeReportedRule rule is successfully validated
2022-11-08 11:41:07,245 [IPC Server handler 2 on default port 45019] INFO  net.NetworkTopologyImpl (NetworkTopologyImpl.java:add(112)) - Added a new node: /default-rack/72dfd9ba-a98d-401a-81dd-3b4131028c49
2022-11-08 11:41:07,245 [IPC Server handler 2 on default port 45019] INFO  node.SCMNodeManager (SCMNodeManager.java:register(397)) - Registered Data node : 72dfd9ba-a98d-401a-81dd-3b4131028c49{ip: 10.1.0.111, host: fv-az573-890.uspngagyt4suddso0aj1djjezg.dx.internal.cloudapp.net, ports: [REPLICATION=45913, RATIS=43469, RATIS_ADMIN=43469, RATIS_SERVER=43469, STANDALONE=34397], networkLocation: /default-rack, certSerialId: null, persistedOpState: null, persistedOpStateExpiryEpochSec: 0}
2022-11-08 11:41:07,246 [EventQueue-NewNodeForNewNodeHandler] INFO  pipeline.BackgroundPipelineCreator (BackgroundPipelineCreator.java:notifyEventTriggered(276)) - trigger a one-shot run on RatisPipelineUtilsThread.
2022-11-08 11:41:07,247 [RatisPipelineUtilsThread - 0] INFO  pipeline.RatisPipelineProvider (RatisPipelineProvider.java:lambda$create$0(195)) - Sending CreatePipelineCommand for pipeline:PipelineID=fcc1767b-2537-4310-b0e5-9e57124e21df to datanode:72dfd9ba-a98d-401a-81dd-3b4131028c49
2022-11-08 11:41:07,248 [RatisPipelineUtilsThread - 0] INFO  pipeline.PipelineStateManagerImpl (PipelineStateManagerImpl.java:addPipeline(103)) - Created pipeline Pipeline[ Id: fcc1767b-2537-4310-b0e5-9e57124e21df, Nodes: 72dfd9ba-a98d-401a-81dd-3b4131028c49{ip: 10.1.0.111, host: fv-az573-890.uspngagyt4suddso0aj1djjezg.dx.internal.cloudapp.net, ports: [REPLICATION=45913, RATIS=43469, RATIS_ADMIN=43469, RATIS_SERVER=43469, STANDALONE=34397], networkLocation: /default-rack, certSerialId: null, persistedOpState: IN_SERVICE, persistedOpStateExpiryEpochSec: 0}, ReplicationConfig: RATIS/ONE, State:ALLOCATED, leaderId:, CreationTimestamp2022-11-08T11:41:07.247Z[Etc/UTC]].
2022-11-08 11:41:07,249 [EventQueue-NodeRegistrationContainerReportForDataNodeSafeModeRule] INFO  safemode.SCMSafeModeManager (DataNodeSafeModeRule.java:process(71)) - SCM in safe mode. 2 DataNodes registered, 3 required.
2022-11-08 11:41:07,719 [Listener at 127.0.0.1/45831] INFO  ozone.MiniOzoneClusterImpl (MiniOzoneClusterImpl.java:lambda$waitForClusterToBeReady$0(216)) - Waiting for nodes to be ready. Got 2 of 3 DN Heartbeats.
2022-11-08 11:41:07,719 [Listener at 127.0.0.1/45831] INFO  ozone.MiniOzoneClusterImpl (MiniOzoneClusterImpl.java:lambda$waitForClusterToBeReady$0(219)) - Waiting for cluster to exit safe mode
2022-11-08 11:41:07,720 [Listener at 127.0.0.1/45831] INFO  ozone.MiniOzoneClusterImpl (MiniOzoneClusterImpl.java:lambda$waitForClusterToBeReady$0(221)) - SCM became leader
2022-11-08 11:41:07,725 [IPC Server handler 0 on default port 45019] INFO  net.NetworkTopologyImpl (NetworkTopologyImpl.java:add(112)) - Added a new node: /default-rack/ff089832-d0c0-4656-8db7-7a8b564902c0
2022-11-08 11:41:07,725 [IPC Server handler 0 on default port 45019] INFO  node.SCMNodeManager (SCMNodeManager.java:register(397)) - Registered Data node : ff089832-d0c0-4656-8db7-7a8b564902c0{ip: 10.1.0.111, host: fv-az573-890.uspngagyt4suddso0aj1djjezg.dx.internal.cloudapp.net, ports: [REPLICATION=37797, RATIS=45571, RATIS_ADMIN=45571, RATIS_SERVER=45571, STANDALONE=44499], networkLocation: /default-rack, certSerialId: null, persistedOpState: null, persistedOpStateExpiryEpochSec: 0}
2022-11-08 11:41:07,726 [EventQueue-NewNodeForNewNodeHandler] INFO  pipeline.BackgroundPipelineCreator (BackgroundPipelineCreator.java:notifyEventTriggered(276)) - trigger a one-shot run on RatisPipelineUtilsThread.
2022-11-08 11:41:07,726 [EventQueue-NodeRegistrationContainerReportForDataNodeSafeModeRule] INFO  safemode.SCMSafeModeManager (DataNodeSafeModeRule.java:process(71)) - SCM in safe mode. 3 DataNodes registered, 3 required.
2022-11-08 11:41:07,726 [EventQueue-NodeRegistrationContainerReportForDataNodeSafeModeRule] INFO  safemode.SCMSafeModeManager (SCMSafeModeManager.java:validateSafeModeExitRules(204)) - DataNodeSafeModeRule rule is successfully validated
2022-11-08 11:41:07,726 [EventQueue-NodeRegistrationContainerReportForDataNodeSafeModeRule] INFO  safemode.SCMSafeModeManager (SCMSafeModeManager.java:completePreCheck(233)) - All SCM safe mode pre check rules have passed
2022-11-08 11:41:07,726 [EventQueue-NodeRegistrationContainerReportForDataNodeSafeModeRule] WARN  events.EventQueue (EventQueue.java:fireEvent(216)) - No event handler registered for event TypedEvent{payloadType=SafeModeStatus, name='Safe mode status'}
2022-11-08 11:41:07,726 [EventQueue-NodeRegistrationContainerReportForDataNodeSafeModeRule] INFO  ha.SCMContext (SCMContext.java:updateSafeModeStatus(228)) - Update SafeModeStatus from SafeModeStatus{safeModeStatus=true, preCheckPassed=false} to SafeModeStatus{safeModeStatus=true, preCheckPassed=true}.
2022-11-08 11:41:07,726 [EventQueue-NodeRegistrationContainerReportForDataNodeSafeModeRule] INFO  pipeline.BackgroundPipelineCreator (BackgroundPipelineCreator.java:notifyEventTriggered(276)) - trigger a one-shot run on RatisPipelineUtilsThread.
2022-11-08 11:41:07,727 [RatisPipelineUtilsThread - 0] INFO  pipeline.RatisPipelineProvider (RatisPipelineProvider.java:lambda$create$0(195)) - Sending CreatePipelineCommand for pipeline:PipelineID=5d0fdc95-47c8-425b-be7c-17da61e73514 to datanode:ff089832-d0c0-4656-8db7-7a8b564902c0
2022-11-08 11:41:07,728 [RatisPipelineUtilsThread - 0] INFO  pipeline.PipelineStateManagerImpl (PipelineStateManagerImpl.java:addPipeline(103)) - Created pipeline Pipeline[ Id: 5d0fdc95-47c8-425b-be7c-17da61e73514, Nodes: ff089832-d0c0-4656-8db7-7a8b564902c0{ip: 10.1.0.111, host: fv-az573-890.uspngagyt4suddso0aj1djjezg.dx.internal.cloudapp.net, ports: [REPLICATION=37797, RATIS=45571, RATIS_ADMIN=45571, RATIS_SERVER=45571, STANDALONE=44499], networkLocation: /default-rack, certSerialId: null, persistedOpState: IN_SERVICE, persistedOpStateExpiryEpochSec: 0}, ReplicationConfig: RATIS/ONE, State:ALLOCATED, leaderId:, CreationTimestamp2022-11-08T11:41:07.727Z[Etc/UTC]].
2022-11-08 11:41:07,728 [RatisPipelineUtilsThread - 0] INFO  pipeline.RatisPipelineProvider (RatisPipelineProvider.java:lambda$create$0(195)) - Sending CreatePipelineCommand for pipeline:PipelineID=75062e52-3dfa-43a4-9de4-12edbcd636a6 to datanode:72dfd9ba-a98d-401a-81dd-3b4131028c49
2022-11-08 11:41:07,729 [RatisPipelineUtilsThread - 0] INFO  pipeline.RatisPipelineProvider (RatisPipelineProvider.java:lambda$create$0(195)) - Sending CreatePipelineCommand for pipeline:PipelineID=75062e52-3dfa-43a4-9de4-12edbcd636a6 to datanode:796fe754-0c35-4eb6-a30c-1cb762a5c0c8
2022-11-08 11:41:07,729 [RatisPipelineUtilsThread - 0] INFO  pipeline.RatisPipelineProvider (RatisPipelineProvider.java:lambda$create$0(195)) - Sending CreatePipelineCommand for pipeline:PipelineID=75062e52-3dfa-43a4-9de4-12edbcd636a6 to datanode:ff089832-d0c0-4656-8db7-7a8b564902c0
2022-11-08 11:41:07,729 [RatisPipelineUtilsThread - 0] INFO  pipeline.PipelineStateManagerImpl (PipelineStateManagerImpl.java:addPipeline(103)) - Created pipeline Pipeline[ Id: 75062e52-3dfa-43a4-9de4-12edbcd636a6, Nodes: 72dfd9ba-a98d-401a-81dd-3b4131028c49{ip: 10.1.0.111, host: fv-az573-890.uspngagyt4suddso0aj1djjezg.dx.internal.cloudapp.net, ports: [REPLICATION=45913, RATIS=43469, RATIS_ADMIN=43469, RATIS_SERVER=43469, STANDALONE=34397], networkLocation: /default-rack, certSerialId: null, persistedOpState: IN_SERVICE, persistedOpStateExpiryEpochSec: 0}796fe754-0c35-4eb6-a30c-1cb762a5c0c8{ip: 10.1.0.111, host: fv-az573-890.uspngagyt4suddso0aj1djjezg.dx.internal.cloudapp.net, ports: [REPLICATION=38467, RATIS=44279, RATIS_ADMIN=44279, RATIS_SERVER=44279, STANDALONE=36161], networkLocation: /default-rack, certSerialId: null, persistedOpState: IN_SERVICE, persistedOpStateExpiryEpochSec: 0}ff089832-d0c0-4656-8db7-7a8b564902c0{ip: 10.1.0.111, host: fv-az573-890.uspngagyt4suddso0aj1djjezg.dx.internal.cloudapp.net, ports: [REPLICATION=37797, RATIS=45571, RATIS_ADMIN=45571, RATIS_SERVER=45571, STANDALONE=44499], networkLocation: /default-rack, certSerialId: null, persistedOpState: IN_SERVICE, persistedOpStateExpiryEpochSec: 0}, ReplicationConfig: RATIS/THREE, State:ALLOCATED, leaderId:, CreationTimestamp2022-11-08T11:41:07.728Z[Etc/UTC]].
2022-11-08 11:41:07,730 [RatisPipelineUtilsThread - 0] INFO  pipeline.RatisPipelineProvider (RatisPipelineProvider.java:lambda$create$0(195)) - Sending CreatePipelineCommand for pipeline:PipelineID=cc32a6dc-16b6-46bf-ba56-5ee7c243a93e to datanode:72dfd9ba-a98d-401a-81dd-3b4131028c49
2022-11-08 11:41:07,730 [RatisPipelineUtilsThread - 0] INFO  pipeline.RatisPipelineProvider (RatisPipelineProvider.java:lambda$create$0(195)) - Sending CreatePipelineCommand for pipeline:PipelineID=cc32a6dc-16b6-46bf-ba56-5ee7c243a93e to datanode:ff089832-d0c0-4656-8db7-7a8b564902c0
2022-11-08 11:41:07,730 [RatisPipelineUtilsThread - 0] INFO  pipeline.RatisPipelineProvider (RatisPipelineProvider.java:lambda$create$0(195)) - Sending CreatePipelineCommand for pipeline:PipelineID=cc32a6dc-16b6-46bf-ba56-5ee7c243a93e to datanode:796fe754-0c35-4eb6-a30c-1cb762a5c0c8
2022-11-08 11:41:07,730 [RatisPipelineUtilsThread - 0] INFO  pipeline.PipelineStateManagerImpl (PipelineStateManagerImpl.java:addPipeline(103)) - Created pipeline Pipeline[ Id: cc32a6dc-16b6-46bf-ba56-5ee7c243a93e, Nodes: 72dfd9ba-a98d-401a-81dd-3b4131028c49{ip: 10.1.0.111, host: fv-az573-890.uspngagyt4suddso0aj1djjezg.dx.internal.cloudapp.net, ports: [REPLICATION=45913, RATIS=43469, RATIS_ADMIN=43469, RATIS_SERVER=43469, STANDALONE=34397], networkLocation: /default-rack, certSerialId: null, persistedOpState: IN_SERVICE, persistedOpStateExpiryEpochSec: 0}ff089832-d0c0-4656-8db7-7a8b564902c0{ip: 10.1.0.111, host: fv-az573-890.uspngagyt4suddso0aj1djjezg.dx.internal.cloudapp.net, ports: [REPLICATION=37797, RATIS=45571, RATIS_ADMIN=45571, RATIS_SERVER=45571, STANDALONE=44499], networkLocation: /default-rack, certSerialId: null, persistedOpState: IN_SERVICE, persistedOpStateExpiryEpochSec: 0}796fe754-0c35-4eb6-a30c-1cb762a5c0c8{ip: 10.1.0.111, host: fv-az573-890.uspngagyt4suddso0aj1djjezg.dx.internal.cloudapp.net, ports: [REPLICATION=38467, RATIS=44279, RATIS_ADMIN=44279, RATIS_SERVER=44279, STANDALONE=36161], networkLocation: /default-rack, certSerialId: null, persistedOpState: IN_SERVICE, persistedOpStateExpiryEpochSec: 0}, ReplicationConfig: RATIS/THREE, State:ALLOCATED, leaderId:, CreationTimestamp2022-11-08T11:41:07.730Z[Etc/UTC]].
2022-11-08 11:41:07,731 [RatisPipelineUtilsThread - 0] INFO  pipeline.PipelineManagerImpl (PipelineManagerImpl.java:recordMetricsForPipeline(826)) - Pipeline: PipelineID=cc32a6dc-16b6-46bf-ba56-5ee7c243a93e contains same datanodes as previous pipelines: PipelineID=75062e52-3dfa-43a4-9de4-12edbcd636a6 nodeIds: 72dfd9ba-a98d-401a-81dd-3b4131028c49, ff089832-d0c0-4656-8db7-7a8b564902c0, 796fe754-0c35-4eb6-a30c-1cb762a5c0c8
2022-11-08 11:41:08,720 [Listener at 127.0.0.1/45831] INFO  ozone.MiniOzoneClusterImpl (MiniOzoneClusterImpl.java:lambda$waitForClusterToBeReady$0(216)) - Nodes are ready. Got 3 of 3 DN Heartbeats.
2022-11-08 11:41:08,720 [Listener at 127.0.0.1/45831] INFO  ozone.MiniOzoneClusterImpl (MiniOzoneClusterImpl.java:lambda$waitForClusterToBeReady$0(219)) - Waiting for cluster to exit safe mode
2022-11-08 11:41:08,721 [Listener at 127.0.0.1/45831] INFO  ozone.MiniOzoneClusterImpl (MiniOzoneClusterImpl.java:lambda$waitForClusterToBeReady$0(221)) - SCM became leader
2022-11-08 11:41:09,721 [Listener at 127.0.0.1/45831] INFO  ozone.MiniOzoneClusterImpl (MiniOzoneClusterImpl.java:lambda$waitForClusterToBeReady$0(216)) - Nodes are ready. Got 3 of 3 DN Heartbeats.
2022-11-08 11:41:09,721 [Listener at 127.0.0.1/45831] INFO  ozone.MiniOzoneClusterImpl (MiniOzoneClusterImpl.java:lambda$waitForClusterToBeReady$0(219)) - Waiting for cluster to exit safe mode
2022-11-08 11:41:09,721 [Listener at 127.0.0.1/45831] INFO  ozone.MiniOzoneClusterImpl (MiniOzoneClusterImpl.java:lambda$waitForClusterToBeReady$0(221)) - SCM became leader
2022-11-08 11:41:09,864 [Command processor thread] INFO  server.RaftServer (RaftServerProxy.java:addNew(96)) - 796fe754-0c35-4eb6-a30c-1cb762a5c0c8: addNew group-ACC8501C15B7:[796fe754-0c35-4eb6-a30c-1cb762a5c0c8|rpc:10.1.0.111:44279|priority:1|startupRole:FOLLOWER] returns group-ACC8501C15B7:java.util.concurrent.CompletableFuture@163031da[Not completed]
2022-11-08 11:41:09,865 [pool-308-thread-1] INFO  server.RaftServer$Division (RaftServerImpl.java:<init>(195)) - 796fe754-0c35-4eb6-a30c-1cb762a5c0c8: new RaftServerImpl for group-ACC8501C15B7:[796fe754-0c35-4eb6-a30c-1cb762a5c0c8|rpc:10.1.0.111:44279|priority:1|startupRole:FOLLOWER] with ContainerStateMachine:uninitialized
2022-11-08 11:41:09,865 [pool-308-thread-1] INFO  server.RaftServerConfigKeys (ConfUtils.java:logGet(46)) - raft.server.rpc.timeout.min = 5s (custom)
2022-11-08 11:41:09,866 [pool-308-thread-1] INFO  server.RaftServerConfigKeys (ConfUtils.java:logGet(46)) - raft.server.rpc.timeout.max = 5200ms (custom)
2022-11-08 11:41:09,866 [pool-308-thread-1] INFO  server.RaftServerConfigKeys (ConfUtils.java:logGet(46)) - raft.server.rpc.sleep.time = 25ms (default)
2022-11-08 11:41:09,866 [pool-308-thread-1] INFO  server.RaftServerConfigKeys (ConfUtils.java:logGet(46)) - raft.server.rpc.slowness.timeout = 300s (custom)
2022-11-08 11:41:09,866 [pool-308-thread-1] INFO  server.RaftServerConfigKeys (ConfUtils.java:logGet(46)) - raft.server.leaderelection.leader.step-down.wait-time = 10s (default)
2022-11-08 11:41:09,866 [pool-308-thread-1] INFO  server.RaftServerConfigKeys (ConfUtils.java:logGet(46)) - raft.server.sleep.deviation.threshold = 300ms (default)
2022-11-08 11:41:09,866 [pool-308-thread-1] INFO  server.RaftServer$Division (ServerState.java:<init>(118)) - 796fe754-0c35-4eb6-a30c-1cb762a5c0c8@group-ACC8501C15B7: ConfigurationManager, init=-1: peers:[796fe754-0c35-4eb6-a30c-1cb762a5c0c8|rpc:10.1.0.111:44279|priority:1|startupRole:FOLLOWER]|listeners:[], old=null, confs=<EMPTY_MAP>
2022-11-08 11:41:09,866 [pool-308-thread-1] INFO  server.RaftServerConfigKeys (ConfUtils.java:logGet(46)) - raft.server.storage.dir = [/home/runner/work/ozone/ozone/hadoop-ozone/integration-test/target/test-dir/MiniOzoneClusterImpl-7c14af0c-19af-49bd-907c-b9cb5ddf5581/datanode-0/data/ratis] (custom)
2022-11-08 11:41:09,866 [pool-308-thread-1] INFO  server.RaftServerConfigKeys (ConfUtils.java:logGet(46)) - raft.server.log.corruption.policy = EXCEPTION (default)
2022-11-08 11:41:09,866 [pool-308-thread-1] INFO  server.RaftServerConfigKeys (ConfUtils.java:logGet(46)) - raft.server.storage.free-space.min = 0MB (=0) (default)
2022-11-08 11:41:09,866 [pool-308-thread-1] INFO  server.RaftServerConfigKeys (ConfUtils.java:logGet(46)) - raft.server.notification.no-leader.timeout = 300s (custom)
2022-11-08 11:41:09,867 [pool-308-thread-1] INFO  server.RaftServerConfigKeys (ConfUtils.java:logGet(46)) - raft.server.retrycache.expirytime = 600000ms (custom)
2022-11-08 11:41:09,867 [pool-308-thread-1] INFO  server.RaftServerConfigKeys (ConfUtils.java:logGet(46)) - raft.server.retrycache.statistics.expirytime = 100μs (default)
2022-11-08 11:41:09,868 [pool-308-thread-1] INFO  server.RaftServerConfigKeys (ConfUtils.java:logGet(46)) - raft.server.log.appender.install.snapshot.enabled = false (custom)
2022-11-08 11:41:09,868 [pool-308-thread-1] INFO  server.RaftServerConfigKeys (ConfUtils.java:logGet(46)) - raft.server.threadpool.server.cached = true (default)
2022-11-08 11:41:09,868 [pool-308-thread-1] INFO  server.RaftServerConfigKeys (ConfUtils.java:logGet(46)) - raft.server.threadpool.server.size = 0 (default)
2022-11-08 11:41:09,868 [pool-308-thread-1] INFO  server.RaftServerConfigKeys (ConfUtils.java:logGet(46)) - raft.server.threadpool.client.cached = true (default)
2022-11-08 11:41:09,869 [pool-308-thread-1] INFO  server.RaftServerConfigKeys (ConfUtils.java:logGet(46)) - raft.server.threadpool.client.size = 0 (default)
2022-11-08 11:41:09,869 [pool-308-thread-1] INFO  storage.RaftStorageDirectory (RaftStorageDirectoryImpl.java:analyzeStorage(137)) - The storage directory /home/runner/work/ozone/ozone/hadoop-ozone/integration-test/target/test-dir/MiniOzoneClusterImpl-7c14af0c-19af-49bd-907c-b9cb5ddf5581/datanode-0/data/ratis/7d79a7e7-3ce8-4691-a67f-acc8501c15b7 does not exist. Creating ...
2022-11-08 11:41:09,873 [pool-308-thread-1] INFO  storage.RaftStorageDirectory (RaftStorageDirectoryImpl.java:tryLock(231)) - Lock on /home/runner/work/ozone/ozone/hadoop-ozone/integration-test/target/test-dir/MiniOzoneClusterImpl-7c14af0c-19af-49bd-907c-b9cb5ddf5581/datanode-0/data/ratis/7d79a7e7-3ce8-4691-a67f-acc8501c15b7/in_use.lock acquired by nodename 12130@fv-az573-890
2022-11-08 11:41:09,875 [pool-308-thread-1] INFO  storage.RaftStorage (RaftStorageImpl.java:format(96)) - Storage directory /home/runner/work/ozone/ozone/hadoop-ozone/integration-test/target/test-dir/MiniOzoneClusterImpl-7c14af0c-19af-49bd-907c-b9cb5ddf5581/datanode-0/data/ratis/7d79a7e7-3ce8-4691-a67f-acc8501c15b7 has been successfully formatted.
2022-11-08 11:41:09,878 [pool-308-thread-1] INFO  ratis.ContainerStateMachine (ContainerStateMachine.java:loadSnapshot(236)) - group-ACC8501C15B7: The snapshot info is null. Setting the last applied indexto:(t:0, i:~)
2022-11-08 11:41:09,879 [EventQueue-PipelineReportForPipelineReportHandler] INFO  pipeline.PipelineManagerImpl (PipelineManagerImpl.java:openPipeline(367)) - Pipeline Pipeline[ Id: 7d79a7e7-3ce8-4691-a67f-acc8501c15b7, Nodes: 796fe754-0c35-4eb6-a30c-1cb762a5c0c8{ip: 10.1.0.111, host: fv-az573-890.uspngagyt4suddso0aj1djjezg.dx.internal.cloudapp.net, ports: [REPLICATION=38467, RATIS=44279, RATIS_ADMIN=44279, RATIS_SERVER=44279, STANDALONE=36161], networkLocation: /default-rack, certSerialId: null, persistedOpState: IN_SERVICE, persistedOpStateExpiryEpochSec: 0}, ReplicationConfig: RATIS/ONE, State:ALLOCATED, leaderId:796fe754-0c35-4eb6-a30c-1cb762a5c0c8, CreationTimestamp2022-11-08T11:41:06.867Z[Etc/UTC]] moved to OPEN state
2022-11-08 11:41:09,879 [pool-308-thread-1] INFO  server.RaftServerConfigKeys (ConfUtils.java:logGet(46)) - raft.server.log.use.memory = false (default)
2022-11-08 11:41:09,880 [pool-308-thread-1] INFO  server.RaftServerConfigKeys (ConfUtils.java:logGet(46)) - raft.server.log.purge.gap = 1000000 (custom)
2022-11-08 11:41:09,880 [pool-308-thread-1] INFO  server.RaftServerConfigKeys (ConfUtils.java:logGet(46)) - raft.server.log.appender.buffer.byte-limit = 33554432 (custom)
2022-11-08 11:41:09,880 [pool-308-thread-1] INFO  server.RaftServerConfigKeys (ConfUtils.java:logGet(46)) - raft.server.log.statemachine.data.read.timeout = 1000ms (default)
2022-11-08 11:41:09,880 [pool-308-thread-1] INFO  server.RaftServerConfigKeys (ConfUtils.java:logGet(46)) - raft.server.log.purge.preservation.log.num = 0 (default)
2022-11-08 11:41:09,881 [pool-308-thread-1] INFO  server.RaftServerConfigKeys (ConfUtils.java:logGet(46)) - raft.server.log.segment.size.max = 1048576 (custom)
2022-11-08 11:41:09,881 [pool-308-thread-1] INFO  server.RaftServerConfigKeys (ConfUtils.java:logGet(46)) - raft.server.log.segment.cache.num.max = 2 (custom)
2022-11-08 11:41:09,881 [pool-308-thread-1] INFO  server.RaftServerConfigKeys (ConfUtils.java:logGet(46)) - raft.server.log.segment.cache.size.max = 200MB (=209715200) (default)
2022-11-08 11:41:09,881 [pool-308-thread-1] INFO  segmented.SegmentedRaftLogWorker (SegmentedRaftLogWorker.java:<init>(191)) - new 796fe754-0c35-4eb6-a30c-1cb762a5c0c8@group-ACC8501C15B7-SegmentedRaftLogWorker for RaftStorageImpl:Storage Directory /home/runner/work/ozone/ozone/hadoop-ozone/integration-test/target/test-dir/MiniOzoneClusterImpl-7c14af0c-19af-49bd-907c-b9cb5ddf5581/datanode-0/data/ratis/7d79a7e7-3ce8-4691-a67f-acc8501c15b7
2022-11-08 11:41:09,881 [pool-308-thread-1] INFO  server.RaftServerConfigKeys (ConfUtils.java:logGet(46)) - raft.server.log.queue.byte-limit = 4294967296 (custom)
2022-11-08 11:41:09,882 [pool-308-thread-1] INFO  server.RaftServerConfigKeys (ConfUtils.java:logGet(46)) - raft.server.log.queue.element-limit = 1024 (custom)
2022-11-08 11:41:09,882 [pool-308-thread-1] INFO  server.RaftServerConfigKeys (ConfUtils.java:logGet(46)) - raft.server.log.segment.size.max = 1048576 (custom)
2022-11-08 11:41:09,882 [pool-308-thread-1] INFO  server.RaftServerConfigKeys (ConfUtils.java:logGet(46)) - raft.server.log.preallocated.size = 16384 (custom)
2022-11-08 11:41:09,882 [pool-308-thread-1] INFO  server.RaftServerConfigKeys (ConfUtils.java:logGet(46)) - raft.server.log.force.sync.num = 128 (default)
2022-11-08 11:41:09,882 [pool-308-thread-1] INFO  server.RaftServerConfigKeys (ConfUtils.java:logGet(46)) - raft.server.log.statemachine.data.sync = true (default)
2022-11-08 11:41:09,884 [pool-308-thread-1] INFO  server.RaftServerConfigKeys (ConfUtils.java:logGet(46)) - raft.server.log.statemachine.data.sync.timeout = 10s (default)
2022-11-08 11:41:09,884 [pool-308-thread-1] INFO  server.RaftServerConfigKeys (ConfUtils.java:logGet(46)) - raft.server.log.statemachine.data.sync.timeout.retry = -1 (default)
2022-11-08 11:41:09,886 [pool-308-thread-1] INFO  server.RaftServerConfigKeys (ConfUtils.java:logGet(46)) - raft.server.log.write.buffer.size = 1048576 (custom)
2022-11-08 11:41:09,886 [pool-308-thread-1] INFO  server.RaftServerConfigKeys (ConfUtils.java:logGet(46)) - raft.server.log.unsafe-flush.enabled = false (default)
2022-11-08 11:41:09,887 [pool-308-thread-1] INFO  server.RaftServerConfigKeys (ConfUtils.java:logGet(46)) - raft.server.log.async-flush.enabled = false (default)
2022-11-08 11:41:09,887 [pool-308-thread-1] INFO  server.RaftServerConfigKeys (ConfUtils.java:logGet(46)) - raft.server.log.statemachine.data.caching.enabled = true (custom)
2022-11-08 11:41:09,887 [pool-308-thread-1] INFO  segmented.SegmentedRaftLogWorker (SegmentedRaftLogWorker.java:lambda$new$0(136)) - 796fe754-0c35-4eb6-a30c-1cb762a5c0c8@group-ACC8501C15B7-SegmentedRaftLogWorker: flushIndex: setUnconditionally 0 -> -1
2022-11-08 11:41:09,887 [pool-308-thread-1] INFO  segmented.SegmentedRaftLogWorker (SegmentedRaftLogWorker.java:lambda$new$0(136)) - 796fe754-0c35-4eb6-a30c-1cb762a5c0c8@group-ACC8501C15B7-SegmentedRaftLogWorker: safeCacheEvictIndex: setUnconditionally 0 -> -1
2022-11-08 11:41:09,896 [EventQueue-OpenPipelineForHealthyPipelineSafeModeRule] INFO  safemode.SCMSafeModeManager (HealthyPipelineSafeModeRule.java:process(137)) - SCM in safe mode. Healthy pipelines reported count is 0, required healthy pipeline reported count is 1
2022-11-08 11:41:09,896 [pool-308-thread-1] INFO  server.RaftServer$Division (RaftServerImpl.java:start(334)) - 796fe754-0c35-4eb6-a30c-1cb762a5c0c8@group-ACC8501C15B7: start as a follower, conf=-1: peers:[796fe754-0c35-4eb6-a30c-1cb762a5c0c8|rpc:10.1.0.111:44279|priority:1|startupRole:FOLLOWER]|listeners:[], old=null
2022-11-08 11:41:09,896 [pool-308-thread-1] INFO  server.RaftServer$Division (RaftServerImpl.java:setRole(321)) - 796fe754-0c35-4eb6-a30c-1cb762a5c0c8@group-ACC8501C15B7: changes role from      null to FOLLOWER at term 0 for startAsFollower
2022-11-08 11:41:09,896 [pool-308-thread-1] INFO  impl.RoleInfo (RoleInfo.java:updateAndGet(139)) - 796fe754-0c35-4eb6-a30c-1cb762a5c0c8: start 796fe754-0c35-4eb6-a30c-1cb762a5c0c8@group-ACC8501C15B7-FollowerState
2022-11-08 11:41:09,904 [pool-308-thread-1] INFO  util.JmxRegister (JmxRegister.java:tryRegister(44)) - Successfully registered JMX Bean with object name Ratis:service=RaftServer,group=group-ACC8501C15B7,id=796fe754-0c35-4eb6-a30c-1cb762a5c0c8
2022-11-08 11:41:09,904 [pool-308-thread-1] INFO  server.RaftServerConfigKeys (ConfUtils.java:logGet(46)) - raft.server.snapshot.auto.trigger.enabled = true (custom)
2022-11-08 11:41:09,904 [pool-308-thread-1] INFO  server.RaftServerConfigKeys (ConfUtils.java:logGet(46)) - raft.server.snapshot.auto.trigger.threshold = 10000 (custom)
2022-11-08 11:41:09,904 [pool-308-thread-1] INFO  server.RaftServerConfigKeys (ConfUtils.java:logGet(46)) - raft.server.snapshot.retention.file.num = 5 (custom)
2022-11-08 11:41:09,904 [pool-308-thread-1] INFO  server.RaftServerConfigKeys (ConfUtils.java:logGet(46)) - raft.server.log.purge.upto.snapshot.index = false (default)
2022-11-08 11:41:09,904 [796fe754-0c35-4eb6-a30c-1cb762a5c0c8@group-ACC8501C15B7-FollowerState] INFO  server.RaftServerConfigKeys (ConfUtils.java:logFallback(53)) - raft.server.rpc.first-election.timeout.min = 5s (fallback to raft.server.rpc.timeout.min)
2022-11-08 11:41:09,905 [796fe754-0c35-4eb6-a30c-1cb762a5c0c8@group-ACC8501C15B7-FollowerState] INFO  server.RaftServerConfigKeys (ConfUtils.java:logFallback(53)) - raft.server.rpc.first-election.timeout.max = 5200ms (fallback to raft.server.rpc.timeout.max)
2022-11-08 11:41:09,908 [Command processor thread] INFO  ratis.XceiverServerRatis (XceiverServerRatis.java:addGroup(765)) - Created group PipelineID=7d79a7e7-3ce8-4691-a67f-acc8501c15b7
2022-11-08 11:41:09,908 [Command processor thread] INFO  commandhandler.CreatePipelineCommandHandler (CreatePipelineCommandHandler.java:handle(113)) - Created Pipeline RATIS ONE PipelineID=7d79a7e7-3ce8-4691-a67f-acc8501c15b7.
2022-11-08 11:41:09,908 [Command processor thread] INFO  server.RaftServer (RaftServerProxy.java:addNew(96)) - 796fe754-0c35-4eb6-a30c-1cb762a5c0c8: addNew group-12EDBCD636A6:[796fe754-0c35-4eb6-a30c-1cb762a5c0c8|rpc:10.1.0.111:44279|priority:0|startupRole:FOLLOWER, ff089832-d0c0-4656-8db7-7a8b564902c0|rpc:10.1.0.111:45571|priority:0|startupRole:FOLLOWER, 72dfd9ba-a98d-401a-81dd-3b4131028c49|rpc:10.1.0.111:43469|priority:1|startupRole:FOLLOWER] returns group-12EDBCD636A6:java.util.concurrent.CompletableFuture@120fa7c4[Not completed]
2022-11-08 11:41:09,909 [pool-308-thread-1] INFO  server.RaftServer$Division (RaftServerImpl.java:<init>(195)) - 796fe754-0c35-4eb6-a30c-1cb762a5c0c8: new RaftServerImpl for group-12EDBCD636A6:[796fe754-0c35-4eb6-a30c-1cb762a5c0c8|rpc:10.1.0.111:44279|priority:0|startupRole:FOLLOWER, ff089832-d0c0-4656-8db7-7a8b564902c0|rpc:10.1.0.111:45571|priority:0|startupRole:FOLLOWER, 72dfd9ba-a98d-401a-81dd-3b4131028c49|rpc:10.1.0.111:43469|priority:1|startupRole:FOLLOWER] with ContainerStateMachine:uninitialized
2022-11-08 11:41:09,910 [pool-308-thread-1] INFO  server.RaftServerConfigKeys (ConfUtils.java:logGet(46)) - raft.server.rpc.timeout.min = 5s (custom)
2022-11-08 11:41:09,910 [pool-308-thread-1] INFO  server.RaftServerConfigKeys (ConfUtils.java:logGet(46)) - raft.server.rpc.timeout.max = 5200ms (custom)
2022-11-08 11:41:09,910 [pool-308-thread-1] INFO  server.RaftServerConfigKeys (ConfUtils.java:logGet(46)) - raft.server.rpc.sleep.time = 25ms (default)
2022-11-08 11:41:09,910 [pool-308-thread-1] INFO  server.RaftServerConfigKeys (ConfUtils.java:logGet(46)) - raft.server.rpc.slowness.timeout = 300s (custom)
2022-11-08 11:41:09,910 [pool-308-thread-1] INFO  server.RaftServerConfigKeys (ConfUtils.java:logGet(46)) - raft.server.leaderelection.leader.step-down.wait-time = 10s (default)
2022-11-08 11:41:09,910 [pool-308-thread-1] INFO  server.RaftServerConfigKeys (ConfUtils.java:logGet(46)) - raft.server.sleep.deviation.threshold = 300ms (default)
2022-11-08 11:41:09,910 [pool-308-thread-1] INFO  server.RaftServer$Division (ServerState.java:<init>(118)) - 796fe754-0c35-4eb6-a30c-1cb762a5c0c8@group-12EDBCD636A6: ConfigurationManager, init=-1: peers:[796fe754-0c35-4eb6-a30c-1cb762a5c0c8|rpc:10.1.0.111:44279|priority:0|startupRole:FOLLOWER, ff089832-d0c0-4656-8db7-7a8b564902c0|rpc:10.1.0.111:45571|priority:0|startupRole:FOLLOWER, 72dfd9ba-a98d-401a-81dd-3b4131028c49|rpc:10.1.0.111:43469|priority:1|startupRole:FOLLOWER]|listeners:[], old=null, confs=<EMPTY_MAP>
2022-11-08 11:41:09,910 [pool-308-thread-1] INFO  server.RaftServerConfigKeys (ConfUtils.java:logGet(46)) - raft.server.storage.dir = [/home/runner/work/ozone/ozone/hadoop-ozone/integration-test/target/test-dir/MiniOzoneClusterImpl-7c14af0c-19af-49bd-907c-b9cb5ddf5581/datanode-0/data/ratis] (custom)
2022-11-08 11:41:09,910 [pool-308-thread-1] INFO  server.RaftServerConfigKeys (ConfUtils.java:logGet(46)) - raft.server.log.corruption.policy = EXCEPTION (default)
2022-11-08 11:41:09,910 [pool-308-thread-1] INFO  server.RaftServerConfigKeys (ConfUtils.java:logGet(46)) - raft.server.storage.free-space.min = 0MB (=0) (default)
2022-11-08 11:41:09,911 [pool-308-thread-1] INFO  server.RaftServerConfigKeys (ConfUtils.java:logGet(46)) - raft.server.notification.no-leader.timeout = 300s (custom)
2022-11-08 11:41:09,911 [pool-308-thread-1] INFO  server.RaftServerConfigKeys (ConfUtils.java:logGet(46)) - raft.server.retrycache.expirytime = 600000ms (custom)
2022-11-08 11:41:09,911 [pool-308-thread-1] INFO  server.RaftServerConfigKeys (ConfUtils.java:logGet(46)) - raft.server.retrycache.statistics.expirytime = 100μs (default)
2022-11-08 11:41:09,912 [pool-308-thread-1] INFO  server.RaftServerConfigKeys (ConfUtils.java:logGet(46)) - raft.server.log.appender.install.snapshot.enabled = false (custom)
2022-11-08 11:41:09,912 [pool-308-thread-1] INFO  server.RaftServerConfigKeys (ConfUtils.java:logGet(46)) - raft.server.threadpool.server.cached = true (default)
2022-11-08 11:41:09,912 [pool-308-thread-1] INFO  server.RaftServerConfigKeys (ConfUtils.java:logGet(46)) - raft.server.threadpool.server.size = 0 (default)
2022-11-08 11:41:09,912 [pool-308-thread-1] INFO  server.RaftServerConfigKeys (ConfUtils.java:logGet(46)) - raft.server.threadpool.client.cached = true (default)
2022-11-08 11:41:09,912 [pool-308-thread-1] INFO  server.RaftServerConfigKeys (ConfUtils.java:logGet(46)) - raft.server.threadpool.client.size = 0 (default)
2022-11-08 11:41:09,913 [pool-308-thread-1] INFO  storage.RaftStorageDirectory (RaftStorageDirectoryImpl.java:analyzeStorage(137)) - The storage directory /home/runner/work/ozone/ozone/hadoop-ozone/integration-test/target/test-dir/MiniOzoneClusterImpl-7c14af0c-19af-49bd-907c-b9cb5ddf5581/datanode-0/data/ratis/75062e52-3dfa-43a4-9de4-12edbcd636a6 does not exist. Creating ...
2022-11-08 11:41:09,916 [pool-308-thread-1] INFO  storage.RaftStorageDirectory (RaftStorageDirectoryImpl.java:tryLock(231)) - Lock on /home/runner/work/ozone/ozone/hadoop-ozone/integration-test/target/test-dir/MiniOzoneClusterImpl-7c14af0c-19af-49bd-907c-b9cb5ddf5581/datanode-0/data/ratis/75062e52-3dfa-43a4-9de4-12edbcd636a6/in_use.lock acquired by nodename 12130@fv-az573-890
2022-11-08 11:41:09,918 [pool-308-thread-1] INFO  storage.RaftStorage (RaftStorageImpl.java:format(96)) - Storage directory /home/runner/work/ozone/ozone/hadoop-ozone/integration-test/target/test-dir/MiniOzoneClusterImpl-7c14af0c-19af-49bd-907c-b9cb5ddf5581/datanode-0/data/ratis/75062e52-3dfa-43a4-9de4-12edbcd636a6 has been successfully formatted.
2022-11-08 11:41:09,922 [pool-308-thread-1] INFO  ratis.ContainerStateMachine (ContainerStateMachine.java:loadSnapshot(236)) - group-12EDBCD636A6: The snapshot info is null. Setting the last applied indexto:(t:0, i:~)
2022-11-08 11:41:09,922 [pool-308-thread-1] INFO  server.RaftServerConfigKeys (ConfUtils.java:logGet(46)) - raft.server.log.use.memory = false (default)
2022-11-08 11:41:09,922 [pool-308-thread-1] INFO  server.RaftServerConfigKeys (ConfUtils.java:logGet(46)) - raft.server.log.purge.gap = 1000000 (custom)
2022-11-08 11:41:09,922 [pool-308-thread-1] INFO  server.RaftServerConfigKeys (ConfUtils.java:logGet(46)) - raft.server.log.appender.buffer.byte-limit = 33554432 (custom)
2022-11-08 11:41:09,923 [EventQueue-OpenPipelineForHealthyPipelineSafeModeRule] INFO  safemode.SCMSafeModeManager (HealthyPipelineSafeModeRule.java:process(137)) - SCM in safe mode. Healthy pipelines reported count is 0, required healthy pipeline reported count is 1
2022-11-08 11:41:09,925 [pool-308-thread-1] INFO  server.RaftServerConfigKeys (ConfUtils.java:logGet(46)) - raft.server.log.statemachine.data.read.timeout = 1000ms (default)
2022-11-08 11:41:09,925 [pool-308-thread-1] INFO  server.RaftServerConfigKeys (ConfUtils.java:logGet(46)) - raft.server.log.purge.preservation.log.num = 0 (default)
2022-11-08 11:41:09,926 [pool-308-thread-1] INFO  server.RaftServerConfigKeys (ConfUtils.java:logGet(46)) - raft.server.log.segment.size.max = 1048576 (custom)
2022-11-08 11:41:09,926 [pool-308-thread-1] INFO  server.RaftServerConfigKeys (ConfUtils.java:logGet(46)) - raft.server.log.segment.cache.num.max = 2 (custom)
2022-11-08 11:41:09,926 [pool-308-thread-1] INFO  server.RaftServerConfigKeys (ConfUtils.java:logGet(46)) - raft.server.log.segment.cache.size.max = 200MB (=209715200) (default)
2022-11-08 11:41:09,926 [pool-308-thread-1] INFO  segmented.SegmentedRaftLogWorker (SegmentedRaftLogWorker.java:<init>(191)) - new 796fe754-0c35-4eb6-a30c-1cb762a5c0c8@group-12EDBCD636A6-SegmentedRaftLogWorker for RaftStorageImpl:Storage Directory /home/runner/work/ozone/ozone/hadoop-ozone/integration-test/target/test-dir/MiniOzoneClusterImpl-7c14af0c-19af-49bd-907c-b9cb5ddf5581/datanode-0/data/ratis/75062e52-3dfa-43a4-9de4-12edbcd636a6
2022-11-08 11:41:09,926 [pool-308-thread-1] INFO  server.RaftServerConfigKeys (ConfUtils.java:logGet(46)) - raft.server.log.queue.byte-limit = 4294967296 (custom)
2022-11-08 11:41:09,927 [pool-308-thread-1] INFO  server.RaftServerConfigKeys (ConfUtils.java:logGet(46)) - raft.server.log.queue.element-limit = 1024 (custom)
2022-11-08 11:41:09,927 [pool-308-thread-1] INFO  server.RaftServerConfigKeys (ConfUtils.java:logGet(46)) - raft.server.log.segment.size.max = 1048576 (custom)
2022-11-08 11:41:09,927 [pool-308-thread-1] INFO  server.RaftServerConfigKeys (ConfUtils.java:logGet(46)) - raft.server.log.preallocated.size = 16384 (custom)
2022-11-08 11:41:09,927 [pool-308-thread-1] INFO  server.RaftServerConfigKeys (ConfUtils.java:logGet(46)) - raft.server.log.force.sync.num = 128 (default)
2022-11-08 11:41:09,927 [pool-308-thread-1] INFO  server.RaftServerConfigKeys (ConfUtils.java:logGet(46)) - raft.server.log.statemachine.data.sync = true (default)
2022-11-08 11:41:09,927 [pool-308-thread-1] INFO  server.RaftServerConfigKeys (ConfUtils.java:logGet(46)) - raft.server.log.statemachine.data.sync.timeout = 10s (default)
2022-11-08 11:41:09,927 [pool-308-thread-1] INFO  server.RaftServerConfigKeys (ConfUtils.java:logGet(46)) - raft.server.log.statemachine.data.sync.timeout.retry = -1 (default)
2022-11-08 11:41:09,928 [pool-308-thread-1] INFO  server.RaftServerConfigKeys (ConfUtils.java:logGet(46)) - raft.server.log.write.buffer.size = 1048576 (custom)
2022-11-08 11:41:09,929 [pool-308-thread-1] INFO  server.RaftServerConfigKeys (ConfUtils.java:logGet(46)) - raft.server.log.unsafe-flush.enabled = false (default)
2022-11-08 11:41:09,929 [pool-308-thread-1] INFO  server.RaftServerConfigKeys (ConfUtils.java:logGet(46)) - raft.server.log.async-flush.enabled = false (default)
2022-11-08 11:41:09,929 [pool-308-thread-1] INFO  server.RaftServerConfigKeys (ConfUtils.java:logGet(46)) - raft.server.log.statemachine.data.caching.enabled = true (custom)
2022-11-08 11:41:09,930 [pool-308-thread-1] INFO  segmented.SegmentedRaftLogWorker (SegmentedRaftLogWorker.java:lambda$new$0(136)) - 796fe754-0c35-4eb6-a30c-1cb762a5c0c8@group-12EDBCD636A6-SegmentedRaftLogWorker: flushIndex: setUnconditionally 0 -> -1
2022-11-08 11:41:09,930 [pool-308-thread-1] INFO  segmented.SegmentedRaftLogWorker (SegmentedRaftLogWorker.java:lambda$new$0(136)) - 796fe754-0c35-4eb6-a30c-1cb762a5c0c8@group-12EDBCD636A6-SegmentedRaftLogWorker: safeCacheEvictIndex: setUnconditionally 0 -> -1
2022-11-08 11:41:09,936 [pool-308-thread-1] INFO  server.RaftServer$Division (RaftServerImpl.java:start(334)) - 796fe754-0c35-4eb6-a30c-1cb762a5c0c8@group-12EDBCD636A6: start as a follower, conf=-1: peers:[796fe754-0c35-4eb6-a30c-1cb762a5c0c8|rpc:10.1.0.111:44279|priority:0|startupRole:FOLLOWER, ff089832-d0c0-4656-8db7-7a8b564902c0|rpc:10.1.0.111:45571|priority:0|startupRole:FOLLOWER, 72dfd9ba-a98d-401a-81dd-3b4131028c49|rpc:10.1.0.111:43469|priority:1|startupRole:FOLLOWER]|listeners:[], old=null
2022-11-08 11:41:09,936 [pool-308-thread-1] INFO  server.RaftServer$Division (RaftServerImpl.java:setRole(321)) - 796fe754-0c35-4eb6-a30c-1cb762a5c0c8@group-12EDBCD636A6: changes role from      null to FOLLOWER at term 0 for startAsFollower
2022-11-08 11:41:09,936 [pool-308-thread-1] INFO  impl.RoleInfo (RoleInfo.java:updateAndGet(139)) - 796fe754-0c35-4eb6-a30c-1cb762a5c0c8: start 796fe754-0c35-4eb6-a30c-1cb762a5c0c8@group-12EDBCD636A6-FollowerState
2022-11-08 11:41:09,939 [pool-308-thread-1] INFO  util.JmxRegister (JmxRegister.java:tryRegister(44)) - Successfully registered JMX Bean with object name Ratis:service=RaftServer,group=group-12EDBCD636A6,id=796fe754-0c35-4eb6-a30c-1cb762a5c0c8
2022-11-08 11:41:09,939 [pool-308-thread-1] INFO  server.RaftServerConfigKeys (ConfUtils.java:logGet(46)) - raft.server.snapshot.auto.trigger.enabled = true (custom)
2022-11-08 11:41:09,939 [pool-308-thread-1] INFO  server.RaftServerConfigKeys (ConfUtils.java:logGet(46)) - raft.server.snapshot.auto.trigger.threshold = 10000 (custom)
2022-11-08 11:41:09,939 [pool-308-thread-1] INFO  server.RaftServerConfigKeys (ConfUtils.java:logGet(46)) - raft.server.snapshot.retention.file.num = 5 (custom)
2022-11-08 11:41:09,939 [pool-308-thread-1] INFO  server.RaftServerConfigKeys (ConfUtils.java:logGet(46)) - raft.server.log.purge.upto.snapshot.index = false (default)
2022-11-08 11:41:09,940 [796fe754-0c35-4eb6-a30c-1cb762a5c0c8@group-12EDBCD636A6-FollowerState] INFO  server.RaftServerConfigKeys (ConfUtils.java:logFallback(53)) - raft.server.rpc.first-election.timeout.min = 5s (fallback to raft.server.rpc.timeout.min)
2022-11-08 11:41:09,940 [796fe754-0c35-4eb6-a30c-1cb762a5c0c8@group-12EDBCD636A6-FollowerState] INFO  server.RaftServerConfigKeys (ConfUtils.java:logFallback(53)) - raft.server.rpc.first-election.timeout.max = 5200ms (fallback to raft.server.rpc.timeout.max)
2022-11-08 11:41:09,940 [Command processor thread] INFO  ratis.XceiverServerRatis (XceiverServerRatis.java:addGroup(765)) - Created group PipelineID=75062e52-3dfa-43a4-9de4-12edbcd636a6
2022-11-08 11:41:09,972 [grpc-default-executor-0] INFO  server.RaftServer (RaftServerProxy.java:addNew(96)) - 72dfd9ba-a98d-401a-81dd-3b4131028c49: addNew group-12EDBCD636A6:[796fe754-0c35-4eb6-a30c-1cb762a5c0c8|rpc:10.1.0.111:44279|dataStream:|priority:0|startupRole:FOLLOWER, ff089832-d0c0-4656-8db7-7a8b564902c0|rpc:10.1.0.111:45571|dataStream:|priority:0|startupRole:FOLLOWER, 72dfd9ba-a98d-401a-81dd-3b4131028c49|rpc:10.1.0.111:43469|dataStream:|priority:1|startupRole:FOLLOWER] returns group-12EDBCD636A6:java.util.concurrent.CompletableFuture@25c55af5[Not completed]
2022-11-08 11:41:09,974 [pool-331-thread-1] INFO  server.RaftServer$Division (RaftServerImpl.java:<init>(195)) - 72dfd9ba-a98d-401a-81dd-3b4131028c49: new RaftServerImpl for group-12EDBCD636A6:[796fe754-0c35-4eb6-a30c-1cb762a5c0c8|rpc:10.1.0.111:44279|dataStream:|priority:0|startupRole:FOLLOWER, ff089832-d0c0-4656-8db7-7a8b564902c0|rpc:10.1.0.111:45571|dataStream:|priority:0|startupRole:FOLLOWER, 72dfd9ba-a98d-401a-81dd-3b4131028c49|rpc:10.1.0.111:43469|dataStream:|priority:1|startupRole:FOLLOWER] with ContainerStateMachine:uninitialized
2022-11-08 11:41:09,974 [pool-331-thread-1] INFO  server.RaftServerConfigKeys (ConfUtils.java:logGet(46)) - raft.server.rpc.timeout.min = 5s (custom)
2022-11-08 11:41:09,975 [pool-331-thread-1] INFO  server.RaftServerConfigKeys (ConfUtils.java:logGet(46)) - raft.server.rpc.timeout.max = 5200ms (custom)
2022-11-08 11:41:09,975 [pool-331-thread-1] INFO  server.RaftServerConfigKeys (ConfUtils.java:logGet(46)) - raft.server.rpc.sleep.time = 25ms (default)
2022-11-08 11:41:09,975 [pool-331-thread-1] INFO  server.RaftServerConfigKeys (ConfUtils.java:logGet(46)) - raft.server.rpc.slowness.timeout = 300s (custom)
2022-11-08 11:41:09,975 [pool-331-thread-1] INFO  server.RaftServerConfigKeys (ConfUtils.java:logGet(46)) - raft.server.leaderelection.leader.step-down.wait-time = 10s (default)
2022-11-08 11:41:09,975 [pool-331-thread-1] INFO  server.RaftServerConfigKeys (ConfUtils.java:logGet(46)) - raft.server.sleep.deviation.threshold = 300ms (default)
2022-11-08 11:41:09,975 [pool-331-thread-1] INFO  server.RaftServer$Division (ServerState.java:<init>(118)) - 72dfd9ba-a98d-401a-81dd-3b4131028c49@group-12EDBCD636A6: ConfigurationManager, init=-1: peers:[796fe754-0c35-4eb6-a30c-1cb762a5c0c8|rpc:10.1.0.111:44279|dataStream:|priority:0|startupRole:FOLLOWER, ff089832-d0c0-4656-8db7-7a8b564902c0|rpc:10.1.0.111:45571|dataStream:|priority:0|startupRole:FOLLOWER, 72dfd9ba-a98d-401a-81dd-3b4131028c49|rpc:10.1.0.111:43469|dataStream:|priority:1|startupRole:FOLLOWER]|listeners:[], old=null, confs=<EMPTY_MAP>
2022-11-08 11:41:09,975 [pool-331-thread-1] INFO  server.RaftServerConfigKeys (ConfUtils.java:logGet(46)) - raft.server.storage.dir = [/home/runner/work/ozone/ozone/hadoop-ozone/integration-test/target/test-dir/MiniOzoneClusterImpl-7c14af0c-19af-49bd-907c-b9cb5ddf5581/datanode-1/data/ratis] (custom)
2022-11-08 11:41:09,975 [pool-331-thread-1] INFO  server.RaftServerConfigKeys (ConfUtils.java:logGet(46)) - raft.server.log.corruption.policy = EXCEPTION (default)
2022-11-08 11:41:09,975 [pool-331-thread-1] INFO  server.RaftServerConfigKeys (ConfUtils.java:logGet(46)) - raft.server.storage.free-space.min = 0MB (=0) (default)
2022-11-08 11:41:09,975 [pool-331-thread-1] INFO  server.RaftServerConfigKeys (ConfUtils.java:logGet(46)) - raft.server.notification.no-leader.timeout = 300s (custom)
2022-11-08 11:41:09,976 [pool-331-thread-1] INFO  server.RaftServerConfigKeys (ConfUtils.java:logGet(46)) - raft.server.retrycache.expirytime = 600000ms (custom)
2022-11-08 11:41:09,976 [pool-331-thread-1] INFO  server.RaftServerConfigKeys (ConfUtils.java:logGet(46)) - raft.server.retrycache.statistics.expirytime = 100μs (default)
2022-11-08 11:41:09,978 [pool-331-thread-1] INFO  server.RaftServerConfigKeys (ConfUtils.java:logGet(46)) - raft.server.log.appender.install.snapshot.enabled = false (custom)
2022-11-08 11:41:09,978 [pool-331-thread-1] INFO  server.RaftServerConfigKeys (ConfUtils.java:logGet(46)) - raft.server.threadpool.server.cached = true (default)
2022-11-08 11:41:09,978 [pool-331-thread-1] INFO  server.RaftServerConfigKeys (ConfUtils.java:logGet(46)) - raft.server.threadpool.server.size = 0 (default)
2022-11-08 11:41:09,978 [pool-331-thread-1] INFO  server.RaftServerConfigKeys (ConfUtils.java:logGet(46)) - raft.server.threadpool.client.cached = true (default)
2022-11-08 11:41:09,978 [pool-331-thread-1] INFO  server.RaftServerConfigKeys (ConfUtils.java:logGet(46)) - raft.server.threadpool.client.size = 0 (default)
2022-11-08 11:41:09,979 [pool-331-thread-1] INFO  storage.RaftStorageDirectory (RaftStorageDirectoryImpl.java:analyzeStorage(137)) - The storage directory /home/runner/work/ozone/ozone/hadoop-ozone/integration-test/target/test-dir/MiniOzoneClusterImpl-7c14af0c-19af-49bd-907c-b9cb5ddf5581/datanode-1/data/ratis/75062e52-3dfa-43a4-9de4-12edbcd636a6 does not exist. Creating ...
2022-11-08 11:41:09,980 [pool-331-thread-1] INFO  storage.RaftStorageDirectory (RaftStorageDirectoryImpl.java:tryLock(231)) - Lock on /home/runner/work/ozone/ozone/hadoop-ozone/integration-test/target/test-dir/MiniOzoneClusterImpl-7c14af0c-19af-49bd-907c-b9cb5ddf5581/datanode-1/data/ratis/75062e52-3dfa-43a4-9de4-12edbcd636a6/in_use.lock acquired by nodename 12130@fv-az573-890
2022-11-08 11:41:09,982 [pool-331-thread-1] INFO  storage.RaftStorage (RaftStorageImpl.java:format(96)) - Storage directory /home/runner/work/ozone/ozone/hadoop-ozone/integration-test/target/test-dir/MiniOzoneClusterImpl-7c14af0c-19af-49bd-907c-b9cb5ddf5581/datanode-1/data/ratis/75062e52-3dfa-43a4-9de4-12edbcd636a6 has been successfully formatted.
2022-11-08 11:41:09,983 [pool-331-thread-1] INFO  ratis.ContainerStateMachine (ContainerStateMachine.java:loadSnapshot(236)) - group-12EDBCD636A6: The snapshot info is null. Setting the last applied indexto:(t:0, i:~)
2022-11-08 11:41:09,985 [pool-331-thread-1] INFO  server.RaftServerConfigKeys (ConfUtils.java:logGet(46)) - raft.server.log.use.memory = false (default)
2022-11-08 11:41:09,988 [pool-331-thread-1] INFO  server.RaftServerConfigKeys (ConfUtils.java:logGet(46)) - raft.server.log.purge.gap = 1000000 (custom)
2022-11-08 11:41:09,988 [pool-331-thread-1] INFO  server.RaftServerConfigKeys (ConfUtils.java:logGet(46)) - raft.server.log.appender.buffer.byte-limit = 33554432 (custom)
2022-11-08 11:41:09,988 [pool-331-thread-1] INFO  server.RaftServerConfigKeys (ConfUtils.java:logGet(46)) - raft.server.log.statemachine.data.read.timeout = 1000ms (default)
2022-11-08 11:41:09,988 [pool-331-thread-1] INFO  server.RaftServerConfigKeys (ConfUtils.java:logGet(46)) - raft.server.log.purge.preservation.log.num = 0 (default)
2022-11-08 11:41:09,988 [pool-331-thread-1] INFO  server.RaftServerConfigKeys (ConfUtils.java:logGet(46)) - raft.server.log.segment.size.max = 1048576 (custom)
2022-11-08 11:41:09,989 [pool-331-thread-1] INFO  server.RaftServerConfigKeys (ConfUtils.java:logGet(46)) - raft.server.log.segment.cache.num.max = 2 (custom)
2022-11-08 11:41:09,989 [pool-331-thread-1] INFO  server.RaftServerConfigKeys (ConfUtils.java:logGet(46)) - raft.server.log.segment.cache.size.max = 200MB (=209715200) (default)
2022-11-08 11:41:09,990 [pool-331-thread-1] INFO  segmented.SegmentedRaftLogWorker (SegmentedRaftLogWorker.java:<init>(191)) - new 72dfd9ba-a98d-401a-81dd-3b4131028c49@group-12EDBCD636A6-SegmentedRaftLogWorker for RaftStorageImpl:Storage Directory /home/runner/work/ozone/ozone/hadoop-ozone/integration-test/target/test-dir/MiniOzoneClusterImpl-7c14af0c-19af-49bd-907c-b9cb5ddf5581/datanode-1/data/ratis/75062e52-3dfa-43a4-9de4-12edbcd636a6
2022-11-08 11:41:09,990 [pool-331-thread-1] INFO  server.RaftServerConfigKeys (ConfUtils.java:logGet(46)) - raft.server.log.queue.byte-limit = 4294967296 (custom)
2022-11-08 11:41:09,990 [pool-331-thread-1] INFO  server.RaftServerConfigKeys (ConfUtils.java:logGet(46)) - raft.server.log.queue.element-limit = 1024 (custom)
2022-11-08 11:41:09,990 [pool-331-thread-1] INFO  server.RaftServerConfigKeys (ConfUtils.java:logGet(46)) - raft.server.log.segment.size.max = 1048576 (custom)
2022-11-08 11:41:09,990 [pool-331-thread-1] INFO  server.RaftServerConfigKeys (ConfUtils.java:logGet(46)) - raft.server.log.preallocated.size = 16384 (custom)
2022-11-08 11:41:09,990 [pool-331-thread-1] INFO  server.RaftServerConfigKeys (ConfUtils.java:logGet(46)) - raft.server.log.force.sync.num = 128 (default)
2022-11-08 11:41:09,990 [pool-331-thread-1] INFO  server.RaftServerConfigKeys (ConfUtils.java:logGet(46)) - raft.server.log.statemachine.data.sync = true (default)
2022-11-08 11:41:09,990 [pool-331-thread-1] INFO  server.RaftServerConfigKeys (ConfUtils.java:logGet(46)) - raft.server.log.statemachine.data.sync.timeout = 10s (default)
2022-11-08 11:41:09,990 [pool-331-thread-1] INFO  server.RaftServerConfigKeys (ConfUtils.java:logGet(46)) - raft.server.log.statemachine.data.sync.timeout.retry = -1 (default)
2022-11-08 11:41:09,992 [pool-331-thread-1] INFO  server.RaftServerConfigKeys (ConfUtils.java:logGet(46)) - raft.server.log.write.buffer.size = 1048576 (custom)
2022-11-08 11:41:09,992 [pool-331-thread-1] INFO  server.RaftServerConfigKeys (ConfUtils.java:logGet(46)) - raft.server.log.unsafe-flush.enabled = false (default)
2022-11-08 11:41:09,993 [pool-331-thread-1] INFO  server.RaftServerConfigKeys (ConfUtils.java:logGet(46)) - raft.server.log.async-flush.enabled = false (default)
2022-11-08 11:41:09,993 [pool-331-thread-1] INFO  server.RaftServerConfigKeys (ConfUtils.java:logGet(46)) - raft.server.log.statemachine.data.caching.enabled = true (custom)
2022-11-08 11:41:09,993 [pool-331-thread-1] INFO  segmented.SegmentedRaftLogWorker (SegmentedRaftLogWorker.java:lambda$new$0(136)) - 72dfd9ba-a98d-401a-81dd-3b4131028c49@group-12EDBCD636A6-SegmentedRaftLogWorker: flushIndex: setUnconditionally 0 -> -1
2022-11-08 11:41:09,993 [pool-331-thread-1] INFO  segmented.SegmentedRaftLogWorker (SegmentedRaftLogWorker.java:lambda$new$0(136)) - 72dfd9ba-a98d-401a-81dd-3b4131028c49@group-12EDBCD636A6-SegmentedRaftLogWorker: safeCacheEvictIndex: setUnconditionally 0 -> -1
2022-11-08 11:41:09,993 [pool-331-thread-1] INFO  server.RaftServer$Division (RaftServerImpl.java:start(334)) - 72dfd9ba-a98d-401a-81dd-3b4131028c49@group-12EDBCD636A6: start as a follower, conf=-1: peers:[796fe754-0c35-4eb6-a30c-1cb762a5c0c8|rpc:10.1.0.111:44279|dataStream:|priority:0|startupRole:FOLLOWER, ff089832-d0c0-4656-8db7-7a8b564902c0|rpc:10.1.0.111:45571|dataStream:|priority:0|startupRole:FOLLOWER, 72dfd9ba-a98d-401a-81dd-3b4131028c49|rpc:10.1.0.111:43469|dataStream:|priority:1|startupRole:FOLLOWER]|listeners:[], old=null
2022-11-08 11:41:09,993 [pool-331-thread-1] INFO  server.RaftServer$Division (RaftServerImpl.java:setRole(321)) - 72dfd9ba-a98d-401a-81dd-3b4131028c49@group-12EDBCD636A6: changes role from      null to FOLLOWER at term 0 for startAsFollower
2022-11-08 11:41:09,993 [pool-331-thread-1] INFO  impl.RoleInfo (RoleInfo.java:updateAndGet(139)) - 72dfd9ba-a98d-401a-81dd-3b4131028c49: start 72dfd9ba-a98d-401a-81dd-3b4131028c49@group-12EDBCD636A6-FollowerState
2022-11-08 11:41:09,995 [72dfd9ba-a98d-401a-81dd-3b4131028c49@group-12EDBCD636A6-FollowerState] INFO  server.RaftServerConfigKeys (ConfUtils.java:logFallback(53)) - raft.server.rpc.first-election.timeout.min = 5s (fallback to raft.server.rpc.timeout.min)
2022-11-08 11:41:09,995 [pool-331-thread-1] INFO  util.JmxRegister (JmxRegister.java:tryRegister(44)) - Successfully registered JMX Bean with object name Ratis:service=RaftServer,group=group-12EDBCD636A6,id=72dfd9ba-a98d-401a-81dd-3b4131028c49
2022-11-08 11:41:09,995 [72dfd9ba-a98d-401a-81dd-3b4131028c49@group-12EDBCD636A6-FollowerState] INFO  server.RaftServerConfigKeys (ConfUtils.java:logFallback(53)) - raft.server.rpc.first-election.timeout.max = 5200ms (fallback to raft.server.rpc.timeout.max)
2022-11-08 11:41:09,995 [pool-331-thread-1] INFO  server.RaftServerConfigKeys (ConfUtils.java:logGet(46)) - raft.server.snapshot.auto.trigger.enabled = true (custom)
2022-11-08 11:41:09,995 [pool-331-thread-1] INFO  server.RaftServerConfigKeys (ConfUtils.java:logGet(46)) - raft.server.snapshot.auto.trigger.threshold = 10000 (custom)
2022-11-08 11:41:09,995 [pool-331-thread-1] INFO  server.RaftServerConfigKeys (ConfUtils.java:logGet(46)) - raft.server.snapshot.retention.file.num = 5 (custom)
2022-11-08 11:41:09,995 [pool-331-thread-1] INFO  server.RaftServerConfigKeys (ConfUtils.java:logGet(46)) - raft.server.log.purge.upto.snapshot.index = false (default)
2022-11-08 11:41:10,031 [grpc-default-executor-0] INFO  server.RaftServer (RaftServerProxy.java:addNew(96)) - ff089832-d0c0-4656-8db7-7a8b564902c0: addNew group-12EDBCD636A6:[796fe754-0c35-4eb6-a30c-1cb762a5c0c8|rpc:10.1.0.111:44279|dataStream:|priority:0|startupRole:FOLLOWER, ff089832-d0c0-4656-8db7-7a8b564902c0|rpc:10.1.0.111:45571|dataStream:|priority:0|startupRole:FOLLOWER, 72dfd9ba-a98d-401a-81dd-3b4131028c49|rpc:10.1.0.111:43469|dataStream:|priority:1|startupRole:FOLLOWER] returns group-12EDBCD636A6:java.util.concurrent.CompletableFuture@4b7a8400[Not completed]
2022-11-08 11:41:10,033 [pool-354-thread-1] INFO  server.RaftServer$Division (RaftServerImpl.java:<init>(195)) - ff089832-d0c0-4656-8db7-7a8b564902c0: new RaftServerImpl for group-12EDBCD636A6:[796fe754-0c35-4eb6-a30c-1cb762a5c0c8|rpc:10.1.0.111:44279|dataStream:|priority:0|startupRole:FOLLOWER, ff089832-d0c0-4656-8db7-7a8b564902c0|rpc:10.1.0.111:45571|dataStream:|priority:0|startupRole:FOLLOWER, 72dfd9ba-a98d-401a-81dd-3b4131028c49|rpc:10.1.0.111:43469|dataStream:|priority:1|startupRole:FOLLOWER] with ContainerStateMachine:uninitialized
2022-11-08 11:41:10,033 [pool-354-thread-1] INFO  server.RaftServerConfigKeys (ConfUtils.java:logGet(46)) - raft.server.rpc.timeout.min = 5s (custom)
2022-11-08 11:41:10,033 [pool-354-thread-1] INFO  server.RaftServerConfigKeys (ConfUtils.java:logGet(46)) - raft.server.rpc.timeout.max = 5200ms (custom)
2022-11-08 11:41:10,033 [pool-354-thread-1] INFO  server.RaftServerConfigKeys (ConfUtils.java:logGet(46)) - raft.server.rpc.sleep.time = 25ms (default)
2022-11-08 11:41:10,033 [pool-354-thread-1] INFO  server.RaftServerConfigKeys (ConfUtils.java:logGet(46)) - raft.server.rpc.slowness.timeout = 300s (custom)
2022-11-08 11:41:10,033 [pool-354-thread-1] INFO  server.RaftServerConfigKeys (ConfUtils.java:logGet(46)) - raft.server.leaderelection.leader.step-down.wait-time = 10s (default)
2022-11-08 11:41:10,033 [pool-354-thread-1] INFO  server.RaftServerConfigKeys (ConfUtils.java:logGet(46)) - raft.server.sleep.deviation.threshold = 300ms (default)
2022-11-08 11:41:10,033 [pool-354-thread-1] INFO  server.RaftServer$Division (ServerState.java:<init>(118)) - ff089832-d0c0-4656-8db7-7a8b564902c0@group-12EDBCD636A6: ConfigurationManager, init=-1: peers:[796fe754-0c35-4eb6-a30c-1cb762a5c0c8|rpc:10.1.0.111:44279|dataStream:|priority:0|startupRole:FOLLOWER, ff089832-d0c0-4656-8db7-7a8b564902c0|rpc:10.1.0.111:45571|dataStream:|priority:0|startupRole:FOLLOWER, 72dfd9ba-a98d-401a-81dd-3b4131028c49|rpc:10.1.0.111:43469|dataStream:|priority:1|startupRole:FOLLOWER]|listeners:[], old=null, confs=<EMPTY_MAP>
2022-11-08 11:41:10,033 [pool-354-thread-1] INFO  server.RaftServerConfigKeys (ConfUtils.java:logGet(46)) - raft.server.storage.dir = [/home/runner/work/ozone/ozone/hadoop-ozone/integration-test/target/test-dir/MiniOzoneClusterImpl-7c14af0c-19af-49bd-907c-b9cb5ddf5581/datanode-2/data/ratis] (custom)
2022-11-08 11:41:10,034 [pool-354-thread-1] INFO  server.RaftServerConfigKeys (ConfUtils.java:logGet(46)) - raft.server.log.corruption.policy = EXCEPTION (default)
2022-11-08 11:41:10,034 [pool-354-thread-1] INFO  server.RaftServerConfigKeys (ConfUtils.java:logGet(46)) - raft.server.storage.free-space.min = 0MB (=0) (default)
2022-11-08 11:41:10,034 [pool-354-thread-1] INFO  server.RaftServerConfigKeys (ConfUtils.java:logGet(46)) - raft.server.notification.no-leader.timeout = 300s (custom)
2022-11-08 11:41:10,034 [pool-354-thread-1] INFO  server.RaftServerConfigKeys (ConfUtils.java:logGet(46)) - raft.server.retrycache.expirytime = 600000ms (custom)
2022-11-08 11:41:10,034 [pool-354-thread-1] INFO  server.RaftServerConfigKeys (ConfUtils.java:logGet(46)) - raft.server.retrycache.statistics.expirytime = 100μs (default)
2022-11-08 11:41:10,035 [pool-354-thread-1] INFO  server.RaftServerConfigKeys (ConfUtils.java:logGet(46)) - raft.server.log.appender.install.snapshot.enabled = false (custom)
2022-11-08 11:41:10,035 [pool-354-thread-1] INFO  server.RaftServerConfigKeys (ConfUtils.java:logGet(46)) - raft.server.threadpool.server.cached = true (default)
2022-11-08 11:41:10,035 [pool-354-thread-1] INFO  server.RaftServerConfigKeys (ConfUtils.java:logGet(46)) - raft.server.threadpool.server.size = 0 (default)
2022-11-08 11:41:10,035 [pool-354-thread-1] INFO  server.RaftServerConfigKeys (ConfUtils.java:logGet(46)) - raft.server.threadpool.client.cached = true (default)
2022-11-08 11:41:10,035 [pool-354-thread-1] INFO  server.RaftServerConfigKeys (ConfUtils.java:logGet(46)) - raft.server.threadpool.client.size = 0 (default)
2022-11-08 11:41:10,036 [pool-354-thread-1] INFO  storage.RaftStorageDirectory (RaftStorageDirectoryImpl.java:analyzeStorage(137)) - The storage directory /home/runner/work/ozone/ozone/hadoop-ozone/integration-test/target/test-dir/MiniOzoneClusterImpl-7c14af0c-19af-49bd-907c-b9cb5ddf5581/datanode-2/data/ratis/75062e52-3dfa-43a4-9de4-12edbcd636a6 does not exist. Creating ...
2022-11-08 11:41:10,037 [pool-354-thread-1] INFO  storage.RaftStorageDirectory (RaftStorageDirectoryImpl.java:tryLock(231)) - Lock on /home/runner/work/ozone/ozone/hadoop-ozone/integration-test/target/test-dir/MiniOzoneClusterImpl-7c14af0c-19af-49bd-907c-b9cb5ddf5581/datanode-2/data/ratis/75062e52-3dfa-43a4-9de4-12edbcd636a6/in_use.lock acquired by nodename 12130@fv-az573-890
2022-11-08 11:41:10,039 [pool-354-thread-1] INFO  storage.RaftStorage (RaftStorageImpl.java:format(96)) - Storage directory /home/runner/work/ozone/ozone/hadoop-ozone/integration-test/target/test-dir/MiniOzoneClusterImpl-7c14af0c-19af-49bd-907c-b9cb5ddf5581/datanode-2/data/ratis/75062e52-3dfa-43a4-9de4-12edbcd636a6 has been successfully formatted.
2022-11-08 11:41:10,040 [pool-354-thread-1] INFO  ratis.ContainerStateMachine (ContainerStateMachine.java:loadSnapshot(236)) - group-12EDBCD636A6: The snapshot info is null. Setting the last applied indexto:(t:0, i:~)
2022-11-08 11:41:10,040 [pool-354-thread-1] INFO  server.RaftServerConfigKeys (ConfUtils.java:logGet(46)) - raft.server.log.use.memory = false (default)
2022-11-08 11:41:10,041 [pool-354-thread-1] INFO  server.RaftServerConfigKeys (ConfUtils.java:logGet(46)) - raft.server.log.purge.gap = 1000000 (custom)
2022-11-08 11:41:10,041 [pool-354-thread-1] INFO  server.RaftServerConfigKeys (ConfUtils.java:logGet(46)) - raft.server.log.appender.buffer.byte-limit = 33554432 (custom)
2022-11-08 11:41:10,041 [pool-354-thread-1] INFO  server.RaftServerConfigKeys (ConfUtils.java:logGet(46)) - raft.server.log.statemachine.data.read.timeout = 1000ms (default)
2022-11-08 11:41:10,042 [pool-354-thread-1] INFO  server.RaftServerConfigKeys (ConfUtils.java:logGet(46)) - raft.server.log.purge.preservation.log.num = 0 (default)
2022-11-08 11:41:10,042 [pool-354-thread-1] INFO  server.RaftServerConfigKeys (ConfUtils.java:logGet(46)) - raft.server.log.segment.size.max = 1048576 (custom)
2022-11-08 11:41:10,043 [pool-354-thread-1] INFO  server.RaftServerConfigKeys (ConfUtils.java:logGet(46)) - raft.server.log.segment.cache.num.max = 2 (custom)
2022-11-08 11:41:10,043 [pool-354-thread-1] INFO  server.RaftServerConfigKeys (ConfUtils.java:logGet(46)) - raft.server.log.segment.cache.size.max = 200MB (=209715200) (default)
2022-11-08 11:41:10,043 [pool-354-thread-1] INFO  segmented.SegmentedRaftLogWorker (SegmentedRaftLogWorker.java:<init>(191)) - new ff089832-d0c0-4656-8db7-7a8b564902c0@group-12EDBCD636A6-SegmentedRaftLogWorker for RaftStorageImpl:Storage Directory /home/runner/work/ozone/ozone/hadoop-ozone/integration-test/target/test-dir/MiniOzoneClusterImpl-7c14af0c-19af-49bd-907c-b9cb5ddf5581/datanode-2/data/ratis/75062e52-3dfa-43a4-9de4-12edbcd636a6
2022-11-08 11:41:10,043 [pool-354-thread-1] INFO  server.RaftServerConfigKeys (ConfUtils.java:logGet(46)) - raft.server.log.queue.byte-limit = 4294967296 (custom)
2022-11-08 11:41:10,043 [pool-354-thread-1] INFO  server.RaftServerConfigKeys (ConfUtils.java:logGet(46)) - raft.server.log.queue.element-limit = 1024 (custom)
2022-11-08 11:41:10,044 [pool-354-thread-1] INFO  server.RaftServerConfigKeys (ConfUtils.java:logGet(46)) - raft.server.log.segment.size.max = 1048576 (custom)
2022-11-08 11:41:10,044 [pool-354-thread-1] INFO  server.RaftServerConfigKeys (ConfUtils.java:logGet(46)) - raft.server.log.preallocated.size = 16384 (custom)
2022-11-08 11:41:10,044 [pool-354-thread-1] INFO  server.RaftServerConfigKeys (ConfUtils.java:logGet(46)) - raft.server.log.force.sync.num = 128 (default)
2022-11-08 11:41:10,044 [pool-354-thread-1] INFO  server.RaftServerConfigKeys (ConfUtils.java:logGet(46)) - raft.server.log.statemachine.data.sync = true (default)
2022-11-08 11:41:10,044 [pool-354-thread-1] INFO  server.RaftServerConfigKeys (ConfUtils.java:logGet(46)) - raft.server.log.statemachine.data.sync.timeout = 10s (default)
2022-11-08 11:41:10,045 [pool-354-thread-1] INFO  server.RaftServerConfigKeys (ConfUtils.java:logGet(46)) - raft.server.log.statemachine.data.sync.timeout.retry = -1 (default)
2022-11-08 11:41:10,047 [pool-354-thread-1] INFO  server.RaftServerConfigKeys (ConfUtils.java:logGet(46)) - raft.server.log.write.buffer.size = 1048576 (custom)
2022-11-08 11:41:10,047 [pool-354-thread-1] INFO  server.RaftServerConfigKeys (ConfUtils.java:logGet(46)) - raft.server.log.unsafe-flush.enabled = false (default)
2022-11-08 11:41:10,048 [pool-354-thread-1] INFO  server.RaftServerConfigKeys (ConfUtils.java:logGet(46)) - raft.server.log.async-flush.enabled = false (default)
2022-11-08 11:41:10,048 [pool-354-thread-1] INFO  server.RaftServerConfigKeys (ConfUtils.java:logGet(46)) - raft.server.log.statemachine.data.caching.enabled = true (custom)
2022-11-08 11:41:10,048 [pool-354-thread-1] INFO  segmented.SegmentedRaftLogWorker (SegmentedRaftLogWorker.java:lambda$new$0(136)) - ff089832-d0c0-4656-8db7-7a8b564902c0@group-12EDBCD636A6-SegmentedRaftLogWorker: flushIndex: setUnconditionally 0 -> -1
2022-11-08 11:41:10,048 [pool-354-thread-1] INFO  segmented.SegmentedRaftLogWorker (SegmentedRaftLogWorker.java:lambda$new$0(136)) - ff089832-d0c0-4656-8db7-7a8b564902c0@group-12EDBCD636A6-SegmentedRaftLogWorker: safeCacheEvictIndex: setUnconditionally 0 -> -1
2022-11-08 11:41:10,048 [pool-354-thread-1] INFO  server.RaftServer$Division (RaftServerImpl.java:start(334)) - ff089832-d0c0-4656-8db7-7a8b564902c0@group-12EDBCD636A6: start as a follower, conf=-1: peers:[796fe754-0c35-4eb6-a30c-1cb762a5c0c8|rpc:10.1.0.111:44279|dataStream:|priority:0|startupRole:FOLLOWER, ff089832-d0c0-4656-8db7-7a8b564902c0|rpc:10.1.0.111:45571|dataStream:|priority:0|startupRole:FOLLOWER, 72dfd9ba-a98d-401a-81dd-3b4131028c49|rpc:10.1.0.111:43469|dataStream:|priority:1|startupRole:FOLLOWER]|listeners:[], old=null
2022-11-08 11:41:10,048 [pool-354-thread-1] INFO  server.RaftServer$Division (RaftServerImpl.java:setRole(321)) - ff089832-d0c0-4656-8db7-7a8b564902c0@group-12EDBCD636A6: changes role from      null to FOLLOWER at term 0 for startAsFollower
2022-11-08 11:41:10,049 [pool-354-thread-1] INFO  impl.RoleInfo (RoleInfo.java:updateAndGet(139)) - ff089832-d0c0-4656-8db7-7a8b564902c0: start ff089832-d0c0-4656-8db7-7a8b564902c0@group-12EDBCD636A6-FollowerState
2022-11-08 11:41:10,052 [pool-354-thread-1] INFO  util.JmxRegister (JmxRegister.java:tryRegister(44)) - Successfully registered JMX Bean with object name Ratis:service=RaftServer,group=group-12EDBCD636A6,id=ff089832-d0c0-4656-8db7-7a8b564902c0
2022-11-08 11:41:10,052 [pool-354-thread-1] INFO  server.RaftServerConfigKeys (ConfUtils.java:logGet(46)) - raft.server.snapshot.auto.trigger.enabled = true (custom)
2022-11-08 11:41:10,052 [pool-354-thread-1] INFO  server.RaftServerConfigKeys (ConfUtils.java:logGet(46)) - raft.server.snapshot.auto.trigger.threshold = 10000 (custom)
2022-11-08 11:41:10,052 [pool-354-thread-1] INFO  server.RaftServerConfigKeys (ConfUtils.java:logGet(46)) - raft.server.snapshot.retention.file.num = 5 (custom)
2022-11-08 11:41:10,052 [pool-354-thread-1] INFO  server.RaftServerConfigKeys (ConfUtils.java:logGet(46)) - raft.server.log.purge.upto.snapshot.index = false (default)
2022-11-08 11:41:10,053 [ff089832-d0c0-4656-8db7-7a8b564902c0@group-12EDBCD636A6-FollowerState] INFO  server.RaftServerConfigKeys (ConfUtils.java:logFallback(53)) - raft.server.rpc.first-election.timeout.min = 5s (fallback to raft.server.rpc.timeout.min)
2022-11-08 11:41:10,053 [ff089832-d0c0-4656-8db7-7a8b564902c0@group-12EDBCD636A6-FollowerState] INFO  server.RaftServerConfigKeys (ConfUtils.java:logFallback(53)) - raft.server.rpc.first-election.timeout.max = 5200ms (fallback to raft.server.rpc.timeout.max)
2022-11-08 11:41:10,060 [Command processor thread] INFO  commandhandler.CreatePipelineCommandHandler (CreatePipelineCommandHandler.java:handle(113)) - Created Pipeline RATIS THREE PipelineID=75062e52-3dfa-43a4-9de4-12edbcd636a6.
2022-11-08 11:41:10,060 [Command processor thread] INFO  server.RaftServer (RaftServerProxy.java:addNew(96)) - 796fe754-0c35-4eb6-a30c-1cb762a5c0c8: addNew group-5EE7C243A93E:[796fe754-0c35-4eb6-a30c-1cb762a5c0c8|rpc:10.1.0.111:44279|priority:0|startupRole:FOLLOWER, ff089832-d0c0-4656-8db7-7a8b564902c0|rpc:10.1.0.111:45571|priority:1|startupRole:FOLLOWER, 72dfd9ba-a98d-401a-81dd-3b4131028c49|rpc:10.1.0.111:43469|priority:0|startupRole:FOLLOWER] returns group-5EE7C243A93E:java.util.concurrent.CompletableFuture@67a38c17[Not completed]
2022-11-08 11:41:10,061 [pool-308-thread-1] INFO  server.RaftServer$Division (RaftServerImpl.java:<init>(195)) - 796fe754-0c35-4eb6-a30c-1cb762a5c0c8: new RaftServerImpl for group-5EE7C243A93E:[796fe754-0c35-4eb6-a30c-1cb762a5c0c8|rpc:10.1.0.111:44279|priority:0|startupRole:FOLLOWER, ff089832-d0c0-4656-8db7-7a8b564902c0|rpc:10.1.0.111:45571|priority:1|startupRole:FOLLOWER, 72dfd9ba-a98d-401a-81dd-3b4131028c49|rpc:10.1.0.111:43469|priority:0|startupRole:FOLLOWER] with ContainerStateMachine:uninitialized
2022-11-08 11:41:10,061 [pool-308-thread-1] INFO  server.RaftServerConfigKeys (ConfUtils.java:logGet(46)) - raft.server.rpc.timeout.min = 5s (custom)
2022-11-08 11:41:10,061 [pool-308-thread-1] INFO  server.RaftServerConfigKeys (ConfUtils.java:logGet(46)) - raft.server.rpc.timeout.max = 5200ms (custom)
2022-11-08 11:41:10,061 [pool-308-thread-1] INFO  server.RaftServerConfigKeys (ConfUtils.java:logGet(46)) - raft.server.rpc.sleep.time = 25ms (default)
2022-11-08 11:41:10,061 [pool-308-thread-1] INFO  server.RaftServerConfigKeys (ConfUtils.java:logGet(46)) - raft.server.rpc.slowness.timeout = 300s (custom)
2022-11-08 11:41:10,061 [pool-308-thread-1] INFO  server.RaftServerConfigKeys (ConfUtils.java:logGet(46)) - raft.server.leaderelection.leader.step-down.wait-time = 10s (default)
2022-11-08 11:41:10,062 [pool-308-thread-1] INFO  server.RaftServerConfigKeys (ConfUtils.java:logGet(46)) - raft.server.sleep.deviation.threshold = 300ms (default)
2022-11-08 11:41:10,062 [pool-308-thread-1] INFO  server.RaftServer$Division (ServerState.java:<init>(118)) - 796fe754-0c35-4eb6-a30c-1cb762a5c0c8@group-5EE7C243A93E: ConfigurationManager, init=-1: peers:[796fe754-0c35-4eb6-a30c-1cb762a5c0c8|rpc:10.1.0.111:44279|priority:0|startupRole:FOLLOWER, ff089832-d0c0-4656-8db7-7a8b564902c0|rpc:10.1.0.111:45571|priority:1|startupRole:FOLLOWER, 72dfd9ba-a98d-401a-81dd-3b4131028c49|rpc:10.1.0.111:43469|priority:0|startupRole:FOLLOWER]|listeners:[], old=null, confs=<EMPTY_MAP>
2022-11-08 11:41:10,062 [pool-308-thread-1] INFO  server.RaftServerConfigKeys (ConfUtils.java:logGet(46)) - raft.server.storage.dir = [/home/runner/work/ozone/ozone/hadoop-ozone/integration-test/target/test-dir/MiniOzoneClusterImpl-7c14af0c-19af-49bd-907c-b9cb5ddf5581/datanode-0/data/ratis] (custom)
2022-11-08 11:41:10,062 [pool-308-thread-1] INFO  server.RaftServerConfigKeys (ConfUtils.java:logGet(46)) - raft.server.log.corruption.policy = EXCEPTION (default)
2022-11-08 11:41:10,062 [pool-308-thread-1] INFO  server.RaftServerConfigKeys (ConfUtils.java:logGet(46)) - raft.server.storage.free-space.min = 0MB (=0) (default)
2022-11-08 11:41:10,062 [pool-308-thread-1] INFO  server.RaftServerConfigKeys (ConfUtils.java:logGet(46)) - raft.server.notification.no-leader.timeout = 300s (custom)
2022-11-08 11:41:10,062 [pool-308-thread-1] INFO  server.RaftServerConfigKeys (ConfUtils.java:logGet(46)) - raft.server.retrycache.expirytime = 600000ms (custom)
2022-11-08 11:41:10,062 [pool-308-thread-1] INFO  server.RaftServerConfigKeys (ConfUtils.java:logGet(46)) - raft.server.retrycache.statistics.expirytime = 100μs (default)
2022-11-08 11:41:10,064 [pool-308-thread-1] INFO  server.RaftServerConfigKeys (ConfUtils.java:logGet(46)) - raft.server.log.appender.install.snapshot.enabled = false (custom)
2022-11-08 11:41:10,064 [pool-308-thread-1] INFO  server.RaftServerConfigKeys (ConfUtils.java:logGet(46)) - raft.server.threadpool.server.cached = true (default)
2022-11-08 11:41:10,064 [pool-308-thread-1] INFO  server.RaftServerConfigKeys (ConfUtils.java:logGet(46)) - raft.server.threadpool.server.size = 0 (default)
2022-11-08 11:41:10,064 [pool-308-thread-1] INFO  server.RaftServerConfigKeys (ConfUtils.java:logGet(46)) - raft.server.threadpool.client.cached = true (default)
2022-11-08 11:41:10,064 [pool-308-thread-1] INFO  server.RaftServerConfigKeys (ConfUtils.java:logGet(46)) - raft.server.threadpool.client.size = 0 (default)
2022-11-08 11:41:10,064 [pool-308-thread-1] INFO  storage.RaftStorageDirectory (RaftStorageDirectoryImpl.java:analyzeStorage(137)) - The storage directory /home/runner/work/ozone/ozone/hadoop-ozone/integration-test/target/test-dir/MiniOzoneClusterImpl-7c14af0c-19af-49bd-907c-b9cb5ddf5581/datanode-0/data/ratis/cc32a6dc-16b6-46bf-ba56-5ee7c243a93e does not exist. Creating ...
2022-11-08 11:41:10,066 [pool-308-thread-1] INFO  storage.RaftStorageDirectory (RaftStorageDirectoryImpl.java:tryLock(231)) - Lock on /home/runner/work/ozone/ozone/hadoop-ozone/integration-test/target/test-dir/MiniOzoneClusterImpl-7c14af0c-19af-49bd-907c-b9cb5ddf5581/datanode-0/data/ratis/cc32a6dc-16b6-46bf-ba56-5ee7c243a93e/in_use.lock acquired by nodename 12130@fv-az573-890
2022-11-08 11:41:10,067 [pool-308-thread-1] INFO  storage.RaftStorage (RaftStorageImpl.java:format(96)) - Storage directory /home/runner/work/ozone/ozone/hadoop-ozone/integration-test/target/test-dir/MiniOzoneClusterImpl-7c14af0c-19af-49bd-907c-b9cb5ddf5581/datanode-0/data/ratis/cc32a6dc-16b6-46bf-ba56-5ee7c243a93e has been successfully formatted.
2022-11-08 11:41:10,070 [EventQueue-OpenPipelineForHealthyPipelineSafeModeRule] INFO  safemode.SCMSafeModeManager (HealthyPipelineSafeModeRule.java:process(137)) - SCM in safe mode. Healthy pipelines reported count is 0, required healthy pipeline reported count is 1
2022-11-08 11:41:10,070 [pool-308-thread-1] INFO  ratis.ContainerStateMachine (ContainerStateMachine.java:loadSnapshot(236)) - group-5EE7C243A93E: The snapshot info is null. Setting the last applied indexto:(t:0, i:~)
2022-11-08 11:41:10,070 [pool-308-thread-1] INFO  server.RaftServerConfigKeys (ConfUtils.java:logGet(46)) - raft.server.log.use.memory = false (default)
2022-11-08 11:41:10,070 [pool-308-thread-1] INFO  server.RaftServerConfigKeys (ConfUtils.java:logGet(46)) - raft.server.log.purge.gap = 1000000 (custom)
2022-11-08 11:41:10,070 [pool-308-thread-1] INFO  server.RaftServerConfigKeys (ConfUtils.java:logGet(46)) - raft.server.log.appender.buffer.byte-limit = 33554432 (custom)
2022-11-08 11:41:10,070 [pool-308-thread-1] INFO  server.RaftServerConfigKeys (ConfUtils.java:logGet(46)) - raft.server.log.statemachine.data.read.timeout = 1000ms (default)
2022-11-08 11:41:10,070 [pool-308-thread-1] INFO  server.RaftServerConfigKeys (ConfUtils.java:logGet(46)) - raft.server.log.purge.preservation.log.num = 0 (default)
2022-11-08 11:41:10,071 [pool-308-thread-1] INFO  server.RaftServerConfigKeys (ConfUtils.java:logGet(46)) - raft.server.log.segment.size.max = 1048576 (custom)
2022-11-08 11:41:10,071 [pool-308-thread-1] INFO  server.RaftServerConfigKeys (ConfUtils.java:logGet(46)) - raft.server.log.segment.cache.num.max = 2 (custom)
2022-11-08 11:41:10,071 [pool-308-thread-1] INFO  server.RaftServerConfigKeys (ConfUtils.java:logGet(46)) - raft.server.log.segment.cache.size.max = 200MB (=209715200) (default)
2022-11-08 11:41:10,071 [pool-308-thread-1] INFO  segmented.SegmentedRaftLogWorker (SegmentedRaftLogWorker.java:<init>(191)) - new 796fe754-0c35-4eb6-a30c-1cb762a5c0c8@group-5EE7C243A93E-SegmentedRaftLogWorker for RaftStorageImpl:Storage Directory /home/runner/work/ozone/ozone/hadoop-ozone/integration-test/target/test-dir/MiniOzoneClusterImpl-7c14af0c-19af-49bd-907c-b9cb5ddf5581/datanode-0/data/ratis/cc32a6dc-16b6-46bf-ba56-5ee7c243a93e
2022-11-08 11:41:10,071 [pool-308-thread-1] INFO  server.RaftServerConfigKeys (ConfUtils.java:logGet(46)) - raft.server.log.queue.byte-limit = 4294967296 (custom)
2022-11-08 11:41:10,072 [pool-308-thread-1] INFO  server.RaftServerConfigKeys (ConfUtils.java:logGet(46)) - raft.server.log.queue.element-limit = 1024 (custom)
2022-11-08 11:41:10,072 [pool-308-thread-1] INFO  server.RaftServerConfigKeys (ConfUtils.java:logGet(46)) - raft.server.log.segment.size.max = 1048576 (custom)
2022-11-08 11:41:10,072 [pool-308-thread-1] INFO  server.RaftServerConfigKeys (ConfUtils.java:logGet(46)) - raft.server.log.preallocated.size = 16384 (custom)
2022-11-08 11:41:10,072 [pool-308-thread-1] INFO  server.RaftServerConfigKeys (ConfUtils.java:logGet(46)) - raft.server.log.force.sync.num = 128 (default)
2022-11-08 11:41:10,072 [pool-308-thread-1] INFO  server.RaftServerConfigKeys (ConfUtils.java:logGet(46)) - raft.server.log.statemachine.data.sync = true (default)
2022-11-08 11:41:10,072 [pool-308-thread-1] INFO  server.RaftServerConfigKeys (ConfUtils.java:logGet(46)) - raft.server.log.statemachine.data.sync.timeout = 10s (default)
2022-11-08 11:41:10,072 [pool-308-thread-1] INFO  server.RaftServerConfigKeys (ConfUtils.java:logGet(46)) - raft.server.log.statemachine.data.sync.timeout.retry = -1 (default)
2022-11-08 11:41:10,073 [pool-308-thread-1] INFO  server.RaftServerConfigKeys (ConfUtils.java:logGet(46)) - raft.server.log.write.buffer.size = 1048576 (custom)
2022-11-08 11:41:10,073 [pool-308-thread-1] INFO  server.RaftServerConfigKeys (ConfUtils.java:logGet(46)) - raft.server.log.unsafe-flush.enabled = false (default)
2022-11-08 11:41:10,074 [pool-308-thread-1] INFO  server.RaftServerConfigKeys (ConfUtils.java:logGet(46)) - raft.server.log.async-flush.enabled = false (default)
2022-11-08 11:41:10,074 [pool-308-thread-1] INFO  server.RaftServerConfigKeys (ConfUtils.java:logGet(46)) - raft.server.log.statemachine.data.caching.enabled = true (custom)
2022-11-08 11:41:10,074 [pool-308-thread-1] INFO  segmented.SegmentedRaftLogWorker (SegmentedRaftLogWorker.java:lambda$new$0(136)) - 796fe754-0c35-4eb6-a30c-1cb762a5c0c8@group-5EE7C243A93E-SegmentedRaftLogWorker: flushIndex: setUnconditionally 0 -> -1
2022-11-08 11:41:10,074 [pool-308-thread-1] INFO  segmented.SegmentedRaftLogWorker (SegmentedRaftLogWorker.java:lambda$new$0(136)) - 796fe754-0c35-4eb6-a30c-1cb762a5c0c8@group-5EE7C243A93E-SegmentedRaftLogWorker: safeCacheEvictIndex: setUnconditionally 0 -> -1
2022-11-08 11:41:10,074 [pool-308-thread-1] INFO  server.RaftServer$Division (RaftServerImpl.java:start(334)) - 796fe754-0c35-4eb6-a30c-1cb762a5c0c8@group-5EE7C243A93E: start as a follower, conf=-1: peers:[796fe754-0c35-4eb6-a30c-1cb762a5c0c8|rpc:10.1.0.111:44279|priority:0|startupRole:FOLLOWER, ff089832-d0c0-4656-8db7-7a8b564902c0|rpc:10.1.0.111:45571|priority:1|startupRole:FOLLOWER, 72dfd9ba-a98d-401a-81dd-3b4131028c49|rpc:10.1.0.111:43469|priority:0|startupRole:FOLLOWER]|listeners:[], old=null
2022-11-08 11:41:10,074 [pool-308-thread-1] INFO  server.RaftServer$Division (RaftServerImpl.java:setRole(321)) - 796fe754-0c35-4eb6-a30c-1cb762a5c0c8@group-5EE7C243A93E: changes role from      null to FOLLOWER at term 0 for startAsFollower
2022-11-08 11:41:10,074 [pool-308-thread-1] INFO  impl.RoleInfo (RoleInfo.java:updateAndGet(139)) - 796fe754-0c35-4eb6-a30c-1cb762a5c0c8: start 796fe754-0c35-4eb6-a30c-1cb762a5c0c8@group-5EE7C243A93E-FollowerState
2022-11-08 11:41:10,075 [pool-308-thread-1] INFO  util.JmxRegister (JmxRegister.java:tryRegister(44)) - Successfully registered JMX Bean with object name Ratis:service=RaftServer,group=group-5EE7C243A93E,id=796fe754-0c35-4eb6-a30c-1cb762a5c0c8
2022-11-08 11:41:10,075 [pool-308-thread-1] INFO  server.RaftServerConfigKeys (ConfUtils.java:logGet(46)) - raft.server.snapshot.auto.trigger.enabled = true (custom)
2022-11-08 11:41:10,075 [pool-308-thread-1] INFO  server.RaftServerConfigKeys (ConfUtils.java:logGet(46)) - raft.server.snapshot.auto.trigger.threshold = 10000 (custom)
2022-11-08 11:41:10,075 [pool-308-thread-1] INFO  server.RaftServerConfigKeys (ConfUtils.java:logGet(46)) - raft.server.snapshot.retention.file.num = 5 (custom)
2022-11-08 11:41:10,075 [pool-308-thread-1] INFO  server.RaftServerConfigKeys (ConfUtils.java:logGet(46)) - raft.server.log.purge.upto.snapshot.index = false (default)
2022-11-08 11:41:10,076 [796fe754-0c35-4eb6-a30c-1cb762a5c0c8@group-5EE7C243A93E-FollowerState] INFO  server.RaftServerConfigKeys (ConfUtils.java:logFallback(53)) - raft.server.rpc.first-election.timeout.min = 5s (fallback to raft.server.rpc.timeout.min)
2022-11-08 11:41:10,076 [796fe754-0c35-4eb6-a30c-1cb762a5c0c8@group-5EE7C243A93E-FollowerState] INFO  server.RaftServerConfigKeys (ConfUtils.java:logFallback(53)) - raft.server.rpc.first-election.timeout.max = 5200ms (fallback to raft.server.rpc.timeout.max)
2022-11-08 11:41:10,077 [Command processor thread] INFO  ratis.XceiverServerRatis (XceiverServerRatis.java:addGroup(765)) - Created group PipelineID=cc32a6dc-16b6-46bf-ba56-5ee7c243a93e
2022-11-08 11:41:10,093 [grpc-default-executor-0] INFO  server.RaftServer (RaftServerProxy.java:addNew(96)) - 72dfd9ba-a98d-401a-81dd-3b4131028c49: addNew group-5EE7C243A93E:[796fe754-0c35-4eb6-a30c-1cb762a5c0c8|rpc:10.1.0.111:44279|dataStream:|priority:0|startupRole:FOLLOWER, ff089832-d0c0-4656-8db7-7a8b564902c0|rpc:10.1.0.111:45571|dataStream:|priority:1|startupRole:FOLLOWER, 72dfd9ba-a98d-401a-81dd-3b4131028c49|rpc:10.1.0.111:43469|dataStream:|priority:0|startupRole:FOLLOWER] returns group-5EE7C243A93E:java.util.concurrent.CompletableFuture@369011f5[Not completed]
2022-11-08 11:41:10,094 [pool-331-thread-1] INFO  server.RaftServer$Division (RaftServerImpl.java:<init>(195)) - 72dfd9ba-a98d-401a-81dd-3b4131028c49: new RaftServerImpl for group-5EE7C243A93E:[796fe754-0c35-4eb6-a30c-1cb762a5c0c8|rpc:10.1.0.111:44279|dataStream:|priority:0|startupRole:FOLLOWER, ff089832-d0c0-4656-8db7-7a8b564902c0|rpc:10.1.0.111:45571|dataStream:|priority:1|startupRole:FOLLOWER, 72dfd9ba-a98d-401a-81dd-3b4131028c49|rpc:10.1.0.111:43469|dataStream:|priority:0|startupRole:FOLLOWER] with ContainerStateMachine:uninitialized
2022-11-08 11:41:10,094 [pool-331-thread-1] INFO  server.RaftServerConfigKeys (ConfUtils.java:logGet(46)) - raft.server.rpc.timeout.min = 5s (custom)
2022-11-08 11:41:10,094 [pool-331-thread-1] INFO  server.RaftServerConfigKeys (ConfUtils.java:logGet(46)) - raft.server.rpc.timeout.max = 5200ms (custom)
2022-11-08 11:41:10,094 [pool-331-thread-1] INFO  server.RaftServerConfigKeys (ConfUtils.java:logGet(46)) - raft.server.rpc.sleep.time = 25ms (default)
2022-11-08 11:41:10,095 [pool-331-thread-1] INFO  server.RaftServerConfigKeys (ConfUtils.java:logGet(46)) - raft.server.rpc.slowness.timeout = 300s (custom)
2022-11-08 11:41:10,095 [pool-331-thread-1] INFO  server.RaftServerConfigKeys (ConfUtils.java:logGet(46)) - raft.server.leaderelection.leader.step-down.wait-time = 10s (default)
2022-11-08 11:41:10,095 [pool-331-thread-1] INFO  server.RaftServerConfigKeys (ConfUtils.java:logGet(46)) - raft.server.sleep.deviation.threshold = 300ms (default)
2022-11-08 11:41:10,095 [pool-331-thread-1] INFO  server.RaftServer$Division (ServerState.java:<init>(118)) - 72dfd9ba-a98d-401a-81dd-3b4131028c49@group-5EE7C243A93E: ConfigurationManager, init=-1: peers:[796fe754-0c35-4eb6-a30c-1cb762a5c0c8|rpc:10.1.0.111:44279|dataStream:|priority:0|startupRole:FOLLOWER, ff089832-d0c0-4656-8db7-7a8b564902c0|rpc:10.1.0.111:45571|dataStream:|priority:1|startupRole:FOLLOWER, 72dfd9ba-a98d-401a-81dd-3b4131028c49|rpc:10.1.0.111:43469|dataStream:|priority:0|startupRole:FOLLOWER]|listeners:[], old=null, confs=<EMPTY_MAP>
2022-11-08 11:41:10,095 [pool-331-thread-1] INFO  server.RaftServerConfigKeys (ConfUtils.java:logGet(46)) - raft.server.storage.dir = [/home/runner/work/ozone/ozone/hadoop-ozone/integration-test/target/test-dir/MiniOzoneClusterImpl-7c14af0c-19af-49bd-907c-b9cb5ddf5581/datanode-1/data/ratis] (custom)
2022-11-08 11:41:10,095 [pool-331-thread-1] INFO  server.RaftServerConfigKeys (ConfUtils.java:logGet(46)) - raft.server.log.corruption.policy = EXCEPTION (default)
2022-11-08 11:41:10,095 [pool-331-thread-1] INFO  server.RaftServerConfigKeys (ConfUtils.java:logGet(46)) - raft.server.storage.free-space.min = 0MB (=0) (default)
2022-11-08 11:41:10,095 [pool-331-thread-1] INFO  server.RaftServerConfigKeys (ConfUtils.java:logGet(46)) - raft.server.notification.no-leader.timeout = 300s (custom)
2022-11-08 11:41:10,095 [pool-331-thread-1] INFO  server.RaftServerConfigKeys (ConfUtils.java:logGet(46)) - raft.server.retrycache.expirytime = 600000ms (custom)
2022-11-08 11:41:10,095 [pool-331-thread-1] INFO  server.RaftServerConfigKeys (ConfUtils.java:logGet(46)) - raft.server.retrycache.statistics.expirytime = 100μs (default)
2022-11-08 11:41:10,097 [pool-331-thread-1] INFO  server.RaftServerConfigKeys (ConfUtils.java:logGet(46)) - raft.server.log.appender.install.snapshot.enabled = false (custom)
2022-11-08 11:41:10,097 [pool-331-thread-1] INFO  server.RaftServerConfigKeys (ConfUtils.java:logGet(46)) - raft.server.threadpool.server.cached = true (default)
2022-11-08 11:41:10,097 [pool-331-thread-1] INFO  server.RaftServerConfigKeys (ConfUtils.java:logGet(46)) - raft.server.threadpool.server.size = 0 (default)
2022-11-08 11:41:10,097 [pool-331-thread-1] INFO  server.RaftServerConfigKeys (ConfUtils.java:logGet(46)) - raft.server.threadpool.client.cached = true (default)
2022-11-08 11:41:10,097 [pool-331-thread-1] INFO  server.RaftServerConfigKeys (ConfUtils.java:logGet(46)) - raft.server.threadpool.client.size = 0 (default)
2022-11-08 11:41:10,097 [pool-331-thread-1] INFO  storage.RaftStorageDirectory (RaftStorageDirectoryImpl.java:analyzeStorage(137)) - The storage directory /home/runner/work/ozone/ozone/hadoop-ozone/integration-test/target/test-dir/MiniOzoneClusterImpl-7c14af0c-19af-49bd-907c-b9cb5ddf5581/datanode-1/data/ratis/cc32a6dc-16b6-46bf-ba56-5ee7c243a93e does not exist. Creating ...
2022-11-08 11:41:10,099 [pool-331-thread-1] INFO  storage.RaftStorageDirectory (RaftStorageDirectoryImpl.java:tryLock(231)) - Lock on /home/runner/work/ozone/ozone/hadoop-ozone/integration-test/target/test-dir/MiniOzoneClusterImpl-7c14af0c-19af-49bd-907c-b9cb5ddf5581/datanode-1/data/ratis/cc32a6dc-16b6-46bf-ba56-5ee7c243a93e/in_use.lock acquired by nodename 12130@fv-az573-890
2022-11-08 11:41:10,101 [pool-331-thread-1] INFO  storage.RaftStorage (RaftStorageImpl.java:format(96)) - Storage directory /home/runner/work/ozone/ozone/hadoop-ozone/integration-test/target/test-dir/MiniOzoneClusterImpl-7c14af0c-19af-49bd-907c-b9cb5ddf5581/datanode-1/data/ratis/cc32a6dc-16b6-46bf-ba56-5ee7c243a93e has been successfully formatted.
2022-11-08 11:41:10,102 [pool-331-thread-1] INFO  ratis.ContainerStateMachine (ContainerStateMachine.java:loadSnapshot(236)) - group-5EE7C243A93E: The snapshot info is null. Setting the last applied indexto:(t:0, i:~)
2022-11-08 11:41:10,102 [pool-331-thread-1] INFO  server.RaftServerConfigKeys (ConfUtils.java:logGet(46)) - raft.server.log.use.memory = false (default)
2022-11-08 11:41:10,102 [pool-331-thread-1] INFO  server.RaftServerConfigKeys (ConfUtils.java:logGet(46)) - raft.server.log.purge.gap = 1000000 (custom)
2022-11-08 11:41:10,102 [pool-331-thread-1] INFO  server.RaftServerConfigKeys (ConfUtils.java:logGet(46)) - raft.server.log.appender.buffer.byte-limit = 33554432 (custom)
2022-11-08 11:41:10,102 [pool-331-thread-1] INFO  server.RaftServerConfigKeys (ConfUtils.java:logGet(46)) - raft.server.log.statemachine.data.read.timeout = 1000ms (default)
2022-11-08 11:41:10,102 [pool-331-thread-1] INFO  server.RaftServerConfigKeys (ConfUtils.java:logGet(46)) - raft.server.log.purge.preservation.log.num = 0 (default)
2022-11-08 11:41:10,103 [pool-331-thread-1] INFO  server.RaftServerConfigKeys (ConfUtils.java:logGet(46)) - raft.server.log.segment.size.max = 1048576 (custom)
2022-11-08 11:41:10,103 [pool-331-thread-1] INFO  server.RaftServerConfigKeys (ConfUtils.java:logGet(46)) - raft.server.log.segment.cache.num.max = 2 (custom)
2022-11-08 11:41:10,103 [pool-331-thread-1] INFO  server.RaftServerConfigKeys (ConfUtils.java:logGet(46)) - raft.server.log.segment.cache.size.max = 200MB (=209715200) (default)
2022-11-08 11:41:10,104 [pool-331-thread-1] INFO  segmented.SegmentedRaftLogWorker (SegmentedRaftLogWorker.java:<init>(191)) - new 72dfd9ba-a98d-401a-81dd-3b4131028c49@group-5EE7C243A93E-SegmentedRaftLogWorker for RaftStorageImpl:Storage Directory /home/runner/work/ozone/ozone/hadoop-ozone/integration-test/target/test-dir/MiniOzoneClusterImpl-7c14af0c-19af-49bd-907c-b9cb5ddf5581/datanode-1/data/ratis/cc32a6dc-16b6-46bf-ba56-5ee7c243a93e
2022-11-08 11:41:10,104 [pool-331-thread-1] INFO  server.RaftServerConfigKeys (ConfUtils.java:logGet(46)) - raft.server.log.queue.byte-limit = 4294967296 (custom)
2022-11-08 11:41:10,104 [pool-331-thread-1] INFO  server.RaftServerConfigKeys (ConfUtils.java:logGet(46)) - raft.server.log.queue.element-limit = 1024 (custom)
2022-11-08 11:41:10,104 [pool-331-thread-1] INFO  server.RaftServerConfigKeys (ConfUtils.java:logGet(46)) - raft.server.log.segment.size.max = 1048576 (custom)
2022-11-08 11:41:10,104 [pool-331-thread-1] INFO  server.RaftServerConfigKeys (ConfUtils.java:logGet(46)) - raft.server.log.preallocated.size = 16384 (custom)
2022-11-08 11:41:10,104 [pool-331-thread-1] INFO  server.RaftServerConfigKeys (ConfUtils.java:logGet(46)) - raft.server.log.force.sync.num = 128 (default)
2022-11-08 11:41:10,104 [pool-331-thread-1] INFO  server.RaftServerConfigKeys (ConfUtils.java:logGet(46)) - raft.server.log.statemachine.data.sync = true (default)
2022-11-08 11:41:10,104 [pool-331-thread-1] INFO  server.RaftServerConfigKeys (ConfUtils.java:logGet(46)) - raft.server.log.statemachine.data.sync.timeout = 10s (default)
2022-11-08 11:41:10,104 [pool-331-thread-1] INFO  server.RaftServerConfigKeys (ConfUtils.java:logGet(46)) - raft.server.log.statemachine.data.sync.timeout.retry = -1 (default)
2022-11-08 11:41:10,106 [pool-331-thread-1] INFO  server.RaftServerConfigKeys (ConfUtils.java:logGet(46)) - raft.server.log.write.buffer.size = 1048576 (custom)
2022-11-08 11:41:10,107 [pool-331-thread-1] INFO  server.RaftServerConfigKeys (ConfUtils.java:logGet(46)) - raft.server.log.unsafe-flush.enabled = false (default)
2022-11-08 11:41:10,107 [pool-331-thread-1] INFO  server.RaftServerConfigKeys (ConfUtils.java:logGet(46)) - raft.server.log.async-flush.enabled = false (default)
2022-11-08 11:41:10,107 [pool-331-thread-1] INFO  server.RaftServerConfigKeys (ConfUtils.java:logGet(46)) - raft.server.log.statemachine.data.caching.enabled = true (custom)
2022-11-08 11:41:10,107 [pool-331-thread-1] INFO  segmented.SegmentedRaftLogWorker (SegmentedRaftLogWorker.java:lambda$new$0(136)) - 72dfd9ba-a98d-401a-81dd-3b4131028c49@group-5EE7C243A93E-SegmentedRaftLogWorker: flushIndex: setUnconditionally 0 -> -1
2022-11-08 11:41:10,107 [pool-331-thread-1] INFO  segmented.SegmentedRaftLogWorker (SegmentedRaftLogWorker.java:lambda$new$0(136)) - 72dfd9ba-a98d-401a-81dd-3b4131028c49@group-5EE7C243A93E-SegmentedRaftLogWorker: safeCacheEvictIndex: setUnconditionally 0 -> -1
2022-11-08 11:41:10,108 [pool-331-thread-1] INFO  server.RaftServer$Division (RaftServerImpl.java:start(334)) - 72dfd9ba-a98d-401a-81dd-3b4131028c49@group-5EE7C243A93E: start as a follower, conf=-1: peers:[796fe754-0c35-4eb6-a30c-1cb762a5c0c8|rpc:10.1.0.111:44279|dataStream:|priority:0|startupRole:FOLLOWER, ff089832-d0c0-4656-8db7-7a8b564902c0|rpc:10.1.0.111:45571|dataStream:|priority:1|startupRole:FOLLOWER, 72dfd9ba-a98d-401a-81dd-3b4131028c49|rpc:10.1.0.111:43469|dataStream:|priority:0|startupRole:FOLLOWER]|listeners:[], old=null
2022-11-08 11:41:10,108 [pool-331-thread-1] INFO  server.RaftServer$Division (RaftServerImpl.java:setRole(321)) - 72dfd9ba-a98d-401a-81dd-3b4131028c49@group-5EE7C243A93E: changes role from      null to FOLLOWER at term 0 for startAsFollower
2022-11-08 11:41:10,108 [pool-331-thread-1] INFO  impl.RoleInfo (RoleInfo.java:updateAndGet(139)) - 72dfd9ba-a98d-401a-81dd-3b4131028c49: start 72dfd9ba-a98d-401a-81dd-3b4131028c49@group-5EE7C243A93E-FollowerState
2022-11-08 11:41:10,112 [pool-331-thread-1] INFO  util.JmxRegister (JmxRegister.java:tryRegister(44)) - Successfully registered JMX Bean with object name Ratis:service=RaftServer,group=group-5EE7C243A93E,id=72dfd9ba-a98d-401a-81dd-3b4131028c49
2022-11-08 11:41:10,112 [pool-331-thread-1] INFO  server.RaftServerConfigKeys (ConfUtils.java:logGet(46)) - raft.server.snapshot.auto.trigger.enabled = true (custom)
2022-11-08 11:41:10,112 [pool-331-thread-1] INFO  server.RaftServerConfigKeys (ConfUtils.java:logGet(46)) - raft.server.snapshot.auto.trigger.threshold = 10000 (custom)
2022-11-08 11:41:10,112 [pool-331-thread-1] INFO  server.RaftServerConfigKeys (ConfUtils.java:logGet(46)) - raft.server.snapshot.retention.file.num = 5 (custom)
2022-11-08 11:41:10,112 [pool-331-thread-1] INFO  server.RaftServerConfigKeys (ConfUtils.java:logGet(46)) - raft.server.log.purge.upto.snapshot.index = false (default)
2022-11-08 11:41:10,113 [72dfd9ba-a98d-401a-81dd-3b4131028c49@group-5EE7C243A93E-FollowerState] INFO  server.RaftServerConfigKeys (ConfUtils.java:logFallback(53)) - raft.server.rpc.first-election.timeout.min = 5s (fallback to raft.server.rpc.timeout.min)
2022-11-08 11:41:10,113 [72dfd9ba-a98d-401a-81dd-3b4131028c49@group-5EE7C243A93E-FollowerState] INFO  server.RaftServerConfigKeys (ConfUtils.java:logFallback(53)) - raft.server.rpc.first-election.timeout.max = 5200ms (fallback to raft.server.rpc.timeout.max)
2022-11-08 11:41:10,139 [grpc-default-executor-0] INFO  server.RaftServer (RaftServerProxy.java:addNew(96)) - ff089832-d0c0-4656-8db7-7a8b564902c0: addNew group-5EE7C243A93E:[796fe754-0c35-4eb6-a30c-1cb762a5c0c8|rpc:10.1.0.111:44279|dataStream:|priority:0|startupRole:FOLLOWER, ff089832-d0c0-4656-8db7-7a8b564902c0|rpc:10.1.0.111:45571|dataStream:|priority:1|startupRole:FOLLOWER, 72dfd9ba-a98d-401a-81dd-3b4131028c49|rpc:10.1.0.111:43469|dataStream:|priority:0|startupRole:FOLLOWER] returns group-5EE7C243A93E:java.util.concurrent.CompletableFuture@a83cfc[Not completed]
2022-11-08 11:41:10,140 [pool-354-thread-1] INFO  server.RaftServer$Division (RaftServerImpl.java:<init>(195)) - ff089832-d0c0-4656-8db7-7a8b564902c0: new RaftServerImpl for group-5EE7C243A93E:[796fe754-0c35-4eb6-a30c-1cb762a5c0c8|rpc:10.1.0.111:44279|dataStream:|priority:0|startupRole:FOLLOWER, ff089832-d0c0-4656-8db7-7a8b564902c0|rpc:10.1.0.111:45571|dataStream:|priority:1|startupRole:FOLLOWER, 72dfd9ba-a98d-401a-81dd-3b4131028c49|rpc:10.1.0.111:43469|dataStream:|priority:0|startupRole:FOLLOWER] with ContainerStateMachine:uninitialized
2022-11-08 11:41:10,141 [pool-354-thread-1] INFO  server.RaftServerConfigKeys (ConfUtils.java:logGet(46)) - raft.server.rpc.timeout.min = 5s (custom)
2022-11-08 11:41:10,141 [pool-354-thread-1] INFO  server.RaftServerConfigKeys (ConfUtils.java:logGet(46)) - raft.server.rpc.timeout.max = 5200ms (custom)
2022-11-08 11:41:10,141 [pool-354-thread-1] INFO  server.RaftServerConfigKeys (ConfUtils.java:logGet(46)) - raft.server.rpc.sleep.time = 25ms (default)
2022-11-08 11:41:10,141 [pool-354-thread-1] INFO  server.RaftServerConfigKeys (ConfUtils.java:logGet(46)) - raft.server.rpc.slowness.timeout = 300s (custom)
2022-11-08 11:41:10,141 [pool-354-thread-1] INFO  server.RaftServerConfigKeys (ConfUtils.java:logGet(46)) - raft.server.leaderelection.leader.step-down.wait-time = 10s (default)
2022-11-08 11:41:10,141 [pool-354-thread-1] INFO  server.RaftServerConfigKeys (ConfUtils.java:logGet(46)) - raft.server.sleep.deviation.threshold = 300ms (default)
2022-11-08 11:41:10,141 [pool-354-thread-1] INFO  server.RaftServer$Division (ServerState.java:<init>(118)) - ff089832-d0c0-4656-8db7-7a8b564902c0@group-5EE7C243A93E: ConfigurationManager, init=-1: peers:[796fe754-0c35-4eb6-a30c-1cb762a5c0c8|rpc:10.1.0.111:44279|dataStream:|priority:0|startupRole:FOLLOWER, ff089832-d0c0-4656-8db7-7a8b564902c0|rpc:10.1.0.111:45571|dataStream:|priority:1|startupRole:FOLLOWER, 72dfd9ba-a98d-401a-81dd-3b4131028c49|rpc:10.1.0.111:43469|dataStream:|priority:0|startupRole:FOLLOWER]|listeners:[], old=null, confs=<EMPTY_MAP>
2022-11-08 11:41:10,141 [pool-354-thread-1] INFO  server.RaftServerConfigKeys (ConfUtils.java:logGet(46)) - raft.server.storage.dir = [/home/runner/work/ozone/ozone/hadoop-ozone/integration-test/target/test-dir/MiniOzoneClusterImpl-7c14af0c-19af-49bd-907c-b9cb5ddf5581/datanode-2/data/ratis] (custom)
2022-11-08 11:41:10,141 [pool-354-thread-1] INFO  server.RaftServerConfigKeys (ConfUtils.java:logGet(46)) - raft.server.log.corruption.policy = EXCEPTION (default)
2022-11-08 11:41:10,141 [pool-354-thread-1] INFO  server.RaftServerConfigKeys (ConfUtils.java:logGet(46)) - raft.server.storage.free-space.min = 0MB (=0) (default)
2022-11-08 11:41:10,142 [pool-354-thread-1] INFO  server.RaftServerConfigKeys (ConfUtils.java:logGet(46)) - raft.server.notification.no-leader.timeout = 300s (custom)
2022-11-08 11:41:10,142 [pool-354-thread-1] INFO  server.RaftServerConfigKeys (ConfUtils.java:logGet(46)) - raft.server.retrycache.expirytime = 600000ms (custom)
2022-11-08 11:41:10,142 [pool-354-thread-1] INFO  server.RaftServerConfigKeys (ConfUtils.java:logGet(46)) - raft.server.retrycache.statistics.expirytime = 100μs (default)
2022-11-08 11:41:10,143 [pool-354-thread-1] INFO  server.RaftServerConfigKeys (ConfUtils.java:logGet(46)) - raft.server.log.appender.install.snapshot.enabled = false (custom)
2022-11-08 11:41:10,143 [pool-354-thread-1] INFO  server.RaftServerConfigKeys (ConfUtils.java:logGet(46)) - raft.server.threadpool.server.cached = true (default)
2022-11-08 11:41:10,143 [pool-354-thread-1] INFO  server.RaftServerConfigKeys (ConfUtils.java:logGet(46)) - raft.server.threadpool.server.size = 0 (default)
2022-11-08 11:41:10,143 [pool-354-thread-1] INFO  server.RaftServerConfigKeys (ConfUtils.java:logGet(46)) - raft.server.threadpool.client.cached = true (default)
2022-11-08 11:41:10,143 [pool-354-thread-1] INFO  server.RaftServerConfigKeys (ConfUtils.java:logGet(46)) - raft.server.threadpool.client.size = 0 (default)
2022-11-08 11:41:10,143 [pool-354-thread-1] INFO  storage.RaftStorageDirectory (RaftStorageDirectoryImpl.java:analyzeStorage(137)) - The storage directory /home/runner/work/ozone/ozone/hadoop-ozone/integration-test/target/test-dir/MiniOzoneClusterImpl-7c14af0c-19af-49bd-907c-b9cb5ddf5581/datanode-2/data/ratis/cc32a6dc-16b6-46bf-ba56-5ee7c243a93e does not exist. Creating ...
2022-11-08 11:41:10,146 [pool-354-thread-1] INFO  storage.RaftStorageDirectory (RaftStorageDirectoryImpl.java:tryLock(231)) - Lock on /home/runner/work/ozone/ozone/hadoop-ozone/integration-test/target/test-dir/MiniOzoneClusterImpl-7c14af0c-19af-49bd-907c-b9cb5ddf5581/datanode-2/data/ratis/cc32a6dc-16b6-46bf-ba56-5ee7c243a93e/in_use.lock acquired by nodename 12130@fv-az573-890
2022-11-08 11:41:10,148 [pool-354-thread-1] INFO  storage.RaftStorage (RaftStorageImpl.java:format(96)) - Storage directory /home/runner/work/ozone/ozone/hadoop-ozone/integration-test/target/test-dir/MiniOzoneClusterImpl-7c14af0c-19af-49bd-907c-b9cb5ddf5581/datanode-2/data/ratis/cc32a6dc-16b6-46bf-ba56-5ee7c243a93e has been successfully formatted.
2022-11-08 11:41:10,149 [pool-354-thread-1] INFO  ratis.ContainerStateMachine (ContainerStateMachine.java:loadSnapshot(236)) - group-5EE7C243A93E: The snapshot info is null. Setting the last applied indexto:(t:0, i:~)
2022-11-08 11:41:10,149 [pool-354-thread-1] INFO  server.RaftServerConfigKeys (ConfUtils.java:logGet(46)) - raft.server.log.use.memory = false (default)
2022-11-08 11:41:10,149 [pool-354-thread-1] INFO  server.RaftServerConfigKeys (ConfUtils.java:logGet(46)) - raft.server.log.purge.gap = 1000000 (custom)
2022-11-08 11:41:10,149 [pool-354-thread-1] INFO  server.RaftServerConfigKeys (ConfUtils.java:logGet(46)) - raft.server.log.appender.buffer.byte-limit = 33554432 (custom)
2022-11-08 11:41:10,151 [pool-354-thread-1] INFO  server.RaftServerConfigKeys (ConfUtils.java:logGet(46)) - raft.server.log.statemachine.data.read.timeout = 1000ms (default)
2022-11-08 11:41:10,151 [pool-354-thread-1] INFO  server.RaftServerConfigKeys (ConfUtils.java:logGet(46)) - raft.server.log.purge.preservation.log.num = 0 (default)
2022-11-08 11:41:10,151 [pool-354-thread-1] INFO  server.RaftServerConfigKeys (ConfUtils.java:logGet(46)) - raft.server.log.segment.size.max = 1048576 (custom)
2022-11-08 11:41:10,151 [pool-354-thread-1] INFO  server.RaftServerConfigKeys (ConfUtils.java:logGet(46)) - raft.server.log.segment.cache.num.max = 2 (custom)
2022-11-08 11:41:10,153 [pool-354-thread-1] INFO  server.RaftServerConfigKeys (ConfUtils.java:logGet(46)) - raft.server.log.segment.cache.size.max = 200MB (=209715200) (default)
2022-11-08 11:41:10,153 [pool-354-thread-1] INFO  segmented.SegmentedRaftLogWorker (SegmentedRaftLogWorker.java:<init>(191)) - new ff089832-d0c0-4656-8db7-7a8b564902c0@group-5EE7C243A93E-SegmentedRaftLogWorker for RaftStorageImpl:Storage Directory /home/runner/work/ozone/ozone/hadoop-ozone/integration-test/target/test-dir/MiniOzoneClusterImpl-7c14af0c-19af-49bd-907c-b9cb5ddf5581/datanode-2/data/ratis/cc32a6dc-16b6-46bf-ba56-5ee7c243a93e
2022-11-08 11:41:10,153 [pool-354-thread-1] INFO  server.RaftServerConfigKeys (ConfUtils.java:logGet(46)) - raft.server.log.queue.byte-limit = 4294967296 (custom)
2022-11-08 11:41:10,153 [pool-354-thread-1] INFO  server.RaftServerConfigKeys (ConfUtils.java:logGet(46)) - raft.server.log.queue.element-limit = 1024 (custom)
2022-11-08 11:41:10,153 [pool-354-thread-1] INFO  server.RaftServerConfigKeys (ConfUtils.java:logGet(46)) - raft.server.log.segment.size.max = 1048576 (custom)
2022-11-08 11:41:10,153 [pool-354-thread-1] INFO  server.RaftServerConfigKeys (ConfUtils.java:logGet(46)) - raft.server.log.preallocated.size = 16384 (custom)
2022-11-08 11:41:10,153 [pool-354-thread-1] INFO  server.RaftServerConfigKeys (ConfUtils.java:logGet(46)) - raft.server.log.force.sync.num = 128 (default)
2022-11-08 11:41:10,154 [pool-354-thread-1] INFO  server.RaftServerConfigKeys (ConfUtils.java:logGet(46)) - raft.server.log.statemachine.data.sync = true (default)
2022-11-08 11:41:10,154 [pool-354-thread-1] INFO  server.RaftServerConfigKeys (ConfUtils.java:logGet(46)) - raft.server.log.statemachine.data.sync.timeout = 10s (default)
2022-11-08 11:41:10,154 [pool-354-thread-1] INFO  server.RaftServerConfigKeys (ConfUtils.java:logGet(46)) - raft.server.log.statemachine.data.sync.timeout.retry = -1 (default)
2022-11-08 11:41:10,156 [pool-354-thread-1] INFO  server.RaftServerConfigKeys (ConfUtils.java:logGet(46)) - raft.server.log.write.buffer.size = 1048576 (custom)
2022-11-08 11:41:10,157 [pool-354-thread-1] INFO  server.RaftServerConfigKeys (ConfUtils.java:logGet(46)) - raft.server.log.unsafe-flush.enabled = false (default)
2022-11-08 11:41:10,158 [pool-354-thread-1] INFO  server.RaftServerConfigKeys (ConfUtils.java:logGet(46)) - raft.server.log.async-flush.enabled = false (default)
2022-11-08 11:41:10,158 [pool-354-thread-1] INFO  server.RaftServerConfigKeys (ConfUtils.java:logGet(46)) - raft.server.log.statemachine.data.caching.enabled = true (custom)
2022-11-08 11:41:10,158 [pool-354-thread-1] INFO  segmented.SegmentedRaftLogWorker (SegmentedRaftLogWorker.java:lambda$new$0(136)) - ff089832-d0c0-4656-8db7-7a8b564902c0@group-5EE7C243A93E-SegmentedRaftLogWorker: flushIndex: setUnconditionally 0 -> -1
2022-11-08 11:41:10,158 [pool-354-thread-1] INFO  segmented.SegmentedRaftLogWorker (SegmentedRaftLogWorker.java:lambda$new$0(136)) - ff089832-d0c0-4656-8db7-7a8b564902c0@group-5EE7C243A93E-SegmentedRaftLogWorker: safeCacheEvictIndex: setUnconditionally 0 -> -1
2022-11-08 11:41:10,160 [pool-354-thread-1] INFO  server.RaftServer$Division (RaftServerImpl.java:start(334)) - ff089832-d0c0-4656-8db7-7a8b564902c0@group-5EE7C243A93E: start as a follower, conf=-1: peers:[796fe754-0c35-4eb6-a30c-1cb762a5c0c8|rpc:10.1.0.111:44279|dataStream:|priority:0|startupRole:FOLLOWER, ff089832-d0c0-4656-8db7-7a8b564902c0|rpc:10.1.0.111:45571|dataStream:|priority:1|startupRole:FOLLOWER, 72dfd9ba-a98d-401a-81dd-3b4131028c49|rpc:10.1.0.111:43469|dataStream:|priority:0|startupRole:FOLLOWER]|listeners:[], old=null
2022-11-08 11:41:10,160 [pool-354-thread-1] INFO  server.RaftServer$Division (RaftServerImpl.java:setRole(321)) - ff089832-d0c0-4656-8db7-7a8b564902c0@group-5EE7C243A93E: changes role from      null to FOLLOWER at term 0 for startAsFollower
2022-11-08 11:41:10,160 [pool-354-thread-1] INFO  impl.RoleInfo (RoleInfo.java:updateAndGet(139)) - ff089832-d0c0-4656-8db7-7a8b564902c0: start ff089832-d0c0-4656-8db7-7a8b564902c0@group-5EE7C243A93E-FollowerState
2022-11-08 11:41:10,164 [pool-354-thread-1] INFO  util.JmxRegister (JmxRegister.java:tryRegister(44)) - Successfully registered JMX Bean with object name Ratis:service=RaftServer,group=group-5EE7C243A93E,id=ff089832-d0c0-4656-8db7-7a8b564902c0
2022-11-08 11:41:10,164 [pool-354-thread-1] INFO  server.RaftServerConfigKeys (ConfUtils.java:logGet(46)) - raft.server.snapshot.auto.trigger.enabled = true (custom)
2022-11-08 11:41:10,164 [pool-354-thread-1] INFO  server.RaftServerConfigKeys (ConfUtils.java:logGet(46)) - raft.server.snapshot.auto.trigger.threshold = 10000 (custom)
2022-11-08 11:41:10,164 [pool-354-thread-1] INFO  server.RaftServerConfigKeys (ConfUtils.java:logGet(46)) - raft.server.snapshot.retention.file.num = 5 (custom)
2022-11-08 11:41:10,164 [pool-354-thread-1] INFO  server.RaftServerConfigKeys (ConfUtils.java:logGet(46)) - raft.server.log.purge.upto.snapshot.index = false (default)
2022-11-08 11:41:10,165 [ff089832-d0c0-4656-8db7-7a8b564902c0@group-5EE7C243A93E-FollowerState] INFO  server.RaftServerConfigKeys (ConfUtils.java:logFallback(53)) - raft.server.rpc.first-election.timeout.min = 5s (fallback to raft.server.rpc.timeout.min)
2022-11-08 11:41:10,165 [ff089832-d0c0-4656-8db7-7a8b564902c0@group-5EE7C243A93E-FollowerState] INFO  server.RaftServerConfigKeys (ConfUtils.java:logFallback(53)) - raft.server.rpc.first-election.timeout.max = 5200ms (fallback to raft.server.rpc.timeout.max)
2022-11-08 11:41:10,172 [Command processor thread] INFO  commandhandler.CreatePipelineCommandHandler (CreatePipelineCommandHandler.java:handle(113)) - Created Pipeline RATIS THREE PipelineID=cc32a6dc-16b6-46bf-ba56-5ee7c243a93e.
2022-11-08 11:41:10,244 [Command processor thread] INFO  server.RaftServer (RaftServerProxy.java:addNew(96)) - 72dfd9ba-a98d-401a-81dd-3b4131028c49: addNew group-9E57124E21DF:[72dfd9ba-a98d-401a-81dd-3b4131028c49|rpc:10.1.0.111:43469|priority:1|startupRole:FOLLOWER] returns group-9E57124E21DF:java.util.concurrent.CompletableFuture@5e42e4ee[Not completed]
2022-11-08 11:41:10,245 [pool-331-thread-1] INFO  server.RaftServer$Division (RaftServerImpl.java:<init>(195)) - 72dfd9ba-a98d-401a-81dd-3b4131028c49: new RaftServerImpl for group-9E57124E21DF:[72dfd9ba-a98d-401a-81dd-3b4131028c49|rpc:10.1.0.111:43469|priority:1|startupRole:FOLLOWER] with ContainerStateMachine:uninitialized
2022-11-08 11:41:10,245 [pool-331-thread-1] INFO  server.RaftServerConfigKeys (ConfUtils.java:logGet(46)) - raft.server.rpc.timeout.min = 5s (custom)
2022-11-08 11:41:10,245 [pool-331-thread-1] INFO  server.RaftServerConfigKeys (ConfUtils.java:logGet(46)) - raft.server.rpc.timeout.max = 5200ms (custom)
2022-11-08 11:41:10,245 [pool-331-thread-1] INFO  server.RaftServerConfigKeys (ConfUtils.java:logGet(46)) - raft.server.rpc.sleep.time = 25ms (default)
2022-11-08 11:41:10,245 [pool-331-thread-1] INFO  server.RaftServerConfigKeys (ConfUtils.java:logGet(46)) - raft.server.rpc.slowness.timeout = 300s (custom)
2022-11-08 11:41:10,245 [pool-331-thread-1] INFO  server.RaftServerConfigKeys (ConfUtils.java:logGet(46)) - raft.server.leaderelection.leader.step-down.wait-time = 10s (default)
2022-11-08 11:41:10,246 [pool-331-thread-1] INFO  server.RaftServerConfigKeys (ConfUtils.java:logGet(46)) - raft.server.sleep.deviation.threshold = 300ms (default)
2022-11-08 11:41:10,246 [pool-331-thread-1] INFO  server.RaftServer$Division (ServerState.java:<init>(118)) - 72dfd9ba-a98d-401a-81dd-3b4131028c49@group-9E57124E21DF: ConfigurationManager, init=-1: peers:[72dfd9ba-a98d-401a-81dd-3b4131028c49|rpc:10.1.0.111:43469|priority:1|startupRole:FOLLOWER]|listeners:[], old=null, confs=<EMPTY_MAP>
2022-11-08 11:41:10,246 [pool-331-thread-1] INFO  server.RaftServerConfigKeys (ConfUtils.java:logGet(46)) - raft.server.storage.dir = [/home/runner/work/ozone/ozone/hadoop-ozone/integration-test/target/test-dir/MiniOzoneClusterImpl-7c14af0c-19af-49bd-907c-b9cb5ddf5581/datanode-1/data/ratis] (custom)
2022-11-08 11:41:10,246 [pool-331-thread-1] INFO  server.RaftServerConfigKeys (ConfUtils.java:logGet(46)) - raft.server.log.corruption.policy = EXCEPTION (default)
2022-11-08 11:41:10,246 [pool-331-thread-1] INFO  server.RaftServerConfigKeys (ConfUtils.java:logGet(46)) - raft.server.storage.free-space.min = 0MB (=0) (default)
2022-11-08 11:41:10,246 [pool-331-thread-1] INFO  server.RaftServerConfigKeys (ConfUtils.java:logGet(46)) - raft.server.notification.no-leader.timeout = 300s (custom)
2022-11-08 11:41:10,246 [pool-331-thread-1] INFO  server.RaftServerConfigKeys (ConfUtils.java:logGet(46)) - raft.server.retrycache.expirytime = 600000ms (custom)
2022-11-08 11:41:10,246 [pool-331-thread-1] INFO  server.RaftServerConfigKeys (ConfUtils.java:logGet(46)) - raft.server.retrycache.statistics.expirytime = 100μs (default)
2022-11-08 11:41:10,248 [pool-331-thread-1] INFO  server.RaftServerConfigKeys (ConfUtils.java:logGet(46)) - raft.server.log.appender.install.snapshot.enabled = false (custom)
2022-11-08 11:41:10,248 [pool-331-thread-1] INFO  server.RaftServerConfigKeys (ConfUtils.java:logGet(46)) - raft.server.threadpool.server.cached = true (default)
2022-11-08 11:41:10,248 [pool-331-thread-1] INFO  server.RaftServerConfigKeys (ConfUtils.java:logGet(46)) - raft.server.threadpool.server.size = 0 (default)
2022-11-08 11:41:10,248 [pool-331-thread-1] INFO  server.RaftServerConfigKeys (ConfUtils.java:logGet(46)) - raft.server.threadpool.client.cached = true (default)
2022-11-08 11:41:10,248 [pool-331-thread-1] INFO  server.RaftServerConfigKeys (ConfUtils.java:logGet(46)) - raft.server.threadpool.client.size = 0 (default)
2022-11-08 11:41:10,248 [pool-331-thread-1] INFO  storage.RaftStorageDirectory (RaftStorageDirectoryImpl.java:analyzeStorage(137)) - The storage directory /home/runner/work/ozone/ozone/hadoop-ozone/integration-test/target/test-dir/MiniOzoneClusterImpl-7c14af0c-19af-49bd-907c-b9cb5ddf5581/datanode-1/data/ratis/fcc1767b-2537-4310-b0e5-9e57124e21df does not exist. Creating ...
2022-11-08 11:41:10,250 [pool-331-thread-1] INFO  storage.RaftStorageDirectory (RaftStorageDirectoryImpl.java:tryLock(231)) - Lock on /home/runner/work/ozone/ozone/hadoop-ozone/integration-test/target/test-dir/MiniOzoneClusterImpl-7c14af0c-19af-49bd-907c-b9cb5ddf5581/datanode-1/data/ratis/fcc1767b-2537-4310-b0e5-9e57124e21df/in_use.lock acquired by nodename 12130@fv-az573-890
2022-11-08 11:41:10,251 [pool-331-thread-1] INFO  storage.RaftStorage (RaftStorageImpl.java:format(96)) - Storage directory /home/runner/work/ozone/ozone/hadoop-ozone/integration-test/target/test-dir/MiniOzoneClusterImpl-7c14af0c-19af-49bd-907c-b9cb5ddf5581/datanode-1/data/ratis/fcc1767b-2537-4310-b0e5-9e57124e21df has been successfully formatted.
2022-11-08 11:41:10,253 [pool-331-thread-1] INFO  ratis.ContainerStateMachine (ContainerStateMachine.java:loadSnapshot(236)) - group-9E57124E21DF: The snapshot info is null. Setting the last applied indexto:(t:0, i:~)
2022-11-08 11:41:10,253 [pool-331-thread-1] INFO  server.RaftServerConfigKeys (ConfUtils.java:logGet(46)) - raft.server.log.use.memory = false (default)
2022-11-08 11:41:10,254 [pool-331-thread-1] INFO  server.RaftServerConfigKeys (ConfUtils.java:logGet(46)) - raft.server.log.purge.gap = 1000000 (custom)
2022-11-08 11:41:10,254 [pool-331-thread-1] INFO  server.RaftServerConfigKeys (ConfUtils.java:logGet(46)) - raft.server.log.appender.buffer.byte-limit = 33554432 (custom)
2022-11-08 11:41:10,254 [pool-331-thread-1] INFO  server.RaftServerConfigKeys (ConfUtils.java:logGet(46)) - raft.server.log.statemachine.data.read.timeout = 1000ms (default)
2022-11-08 11:41:10,254 [pool-331-thread-1] INFO  server.RaftServerConfigKeys (ConfUtils.java:logGet(46)) - raft.server.log.purge.preservation.log.num = 0 (default)
2022-11-08 11:41:10,255 [EventQueue-PipelineReportForPipelineReportHandler] INFO  pipeline.PipelineManagerImpl (PipelineManagerImpl.java:openPipeline(367)) - Pipeline Pipeline[ Id: fcc1767b-2537-4310-b0e5-9e57124e21df, Nodes: 72dfd9ba-a98d-401a-81dd-3b4131028c49{ip: 10.1.0.111, host: fv-az573-890.uspngagyt4suddso0aj1djjezg.dx.internal.cloudapp.net, ports: [REPLICATION=45913, RATIS=43469, RATIS_ADMIN=43469, RATIS_SERVER=43469, STANDALONE=34397], networkLocation: /default-rack, certSerialId: null, persistedOpState: IN_SERVICE, persistedOpStateExpiryEpochSec: 0}, ReplicationConfig: RATIS/ONE, State:ALLOCATED, leaderId:72dfd9ba-a98d-401a-81dd-3b4131028c49, CreationTimestamp2022-11-08T11:41:07.247Z[Etc/UTC]] moved to OPEN state
2022-11-08 11:41:10,256 [EventQueue-OpenPipelineForHealthyPipelineSafeModeRule] INFO  safemode.SCMSafeModeManager (HealthyPipelineSafeModeRule.java:process(137)) - SCM in safe mode. Healthy pipelines reported count is 0, required healthy pipeline reported count is 1
2022-11-08 11:41:10,258 [pool-331-thread-1] INFO  server.RaftServerConfigKeys (ConfUtils.java:logGet(46)) - raft.server.log.segment.size.max = 1048576 (custom)
2022-11-08 11:41:10,259 [pool-331-thread-1] INFO  server.RaftServerConfigKeys (ConfUtils.java:logGet(46)) - raft.server.log.segment.cache.num.max = 2 (custom)
2022-11-08 11:41:10,260 [pool-331-thread-1] INFO  server.RaftServerConfigKeys (ConfUtils.java:logGet(46)) - raft.server.log.segment.cache.size.max = 200MB (=209715200) (default)
2022-11-08 11:41:10,260 [pool-331-thread-1] INFO  segmented.SegmentedRaftLogWorker (SegmentedRaftLogWorker.java:<init>(191)) - new 72dfd9ba-a98d-401a-81dd-3b4131028c49@group-9E57124E21DF-SegmentedRaftLogWorker for RaftStorageImpl:Storage Directory /home/runner/work/ozone/ozone/hadoop-ozone/integration-test/target/test-dir/MiniOzoneClusterImpl-7c14af0c-19af-49bd-907c-b9cb5ddf5581/datanode-1/data/ratis/fcc1767b-2537-4310-b0e5-9e57124e21df
2022-11-08 11:41:10,260 [pool-331-thread-1] INFO  server.RaftServerConfigKeys (ConfUtils.java:logGet(46)) - raft.server.log.queue.byte-limit = 4294967296 (custom)
2022-11-08 11:41:10,260 [pool-331-thread-1] INFO  server.RaftServerConfigKeys (ConfUtils.java:logGet(46)) - raft.server.log.queue.element-limit = 1024 (custom)
2022-11-08 11:41:10,260 [pool-331-thread-1] INFO  server.RaftServerConfigKeys (ConfUtils.java:logGet(46)) - raft.server.log.segment.size.max = 1048576 (custom)
2022-11-08 11:41:10,260 [pool-331-thread-1] INFO  server.RaftServerConfigKeys (ConfUtils.java:logGet(46)) - raft.server.log.preallocated.size = 16384 (custom)
2022-11-08 11:41:10,261 [pool-331-thread-1] INFO  server.RaftServerConfigKeys (ConfUtils.java:logGet(46)) - raft.server.log.force.sync.num = 128 (default)
2022-11-08 11:41:10,261 [pool-331-thread-1] INFO  server.RaftServerConfigKeys (ConfUtils.java:logGet(46)) - raft.server.log.statemachine.data.sync = true (default)
2022-11-08 11:41:10,261 [pool-331-thread-1] INFO  server.RaftServerConfigKeys (ConfUtils.java:logGet(46)) - raft.server.log.statemachine.data.sync.timeout = 10s (default)
2022-11-08 11:41:10,261 [pool-331-thread-1] INFO  server.RaftServerConfigKeys (ConfUtils.java:logGet(46)) - raft.server.log.statemachine.data.sync.timeout.retry = -1 (default)
2022-11-08 11:41:10,262 [pool-331-thread-1] INFO  server.RaftServerConfigKeys (ConfUtils.java:logGet(46)) - raft.server.log.write.buffer.size = 1048576 (custom)
2022-11-08 11:41:10,265 [pool-331-thread-1] INFO  server.RaftServerConfigKeys (ConfUtils.java:logGet(46)) - raft.server.log.unsafe-flush.enabled = false (default)
2022-11-08 11:41:10,265 [pool-331-thread-1] INFO  server.RaftServerConfigKeys (ConfUtils.java:logGet(46)) - raft.server.log.async-flush.enabled = false (default)
2022-11-08 11:41:10,265 [pool-331-thread-1] INFO  server.RaftServerConfigKeys (ConfUtils.java:logGet(46)) - raft.server.log.statemachine.data.caching.enabled = true (custom)
2022-11-08 11:41:10,265 [pool-331-thread-1] INFO  segmented.SegmentedRaftLogWorker (SegmentedRaftLogWorker.java:lambda$new$0(136)) - 72dfd9ba-a98d-401a-81dd-3b4131028c49@group-9E57124E21DF-SegmentedRaftLogWorker: flushIndex: setUnconditionally 0 -> -1
2022-11-08 11:41:10,265 [pool-331-thread-1] INFO  segmented.SegmentedRaftLogWorker (SegmentedRaftLogWorker.java:lambda$new$0(136)) - 72dfd9ba-a98d-401a-81dd-3b4131028c49@group-9E57124E21DF-SegmentedRaftLogWorker: safeCacheEvictIndex: setUnconditionally 0 -> -1
2022-11-08 11:41:10,268 [pool-331-thread-1] INFO  server.RaftServer$Division (RaftServerImpl.java:start(334)) - 72dfd9ba-a98d-401a-81dd-3b4131028c49@group-9E57124E21DF: start as a follower, conf=-1: peers:[72dfd9ba-a98d-401a-81dd-3b4131028c49|rpc:10.1.0.111:43469|priority:1|startupRole:FOLLOWER]|listeners:[], old=null
2022-11-08 11:41:10,268 [pool-331-thread-1] INFO  server.RaftServer$Division (RaftServerImpl.java:setRole(321)) - 72dfd9ba-a98d-401a-81dd-3b4131028c49@group-9E57124E21DF: changes role from      null to FOLLOWER at term 0 for startAsFollower
2022-11-08 11:41:10,268 [pool-331-thread-1] INFO  impl.RoleInfo (RoleInfo.java:updateAndGet(139)) - 72dfd9ba-a98d-401a-81dd-3b4131028c49: start 72dfd9ba-a98d-401a-81dd-3b4131028c49@group-9E57124E21DF-FollowerState
2022-11-08 11:41:10,272 [pool-331-thread-1] INFO  util.JmxRegister (JmxRegister.java:tryRegister(44)) - Successfully registered JMX Bean with object name Ratis:service=RaftServer,group=group-9E57124E21DF,id=72dfd9ba-a98d-401a-81dd-3b4131028c49
2022-11-08 11:41:10,272 [pool-331-thread-1] INFO  server.RaftServerConfigKeys (ConfUtils.java:logGet(46)) - raft.server.snapshot.auto.trigger.enabled = true (custom)
2022-11-08 11:41:10,272 [pool-331-thread-1] INFO  server.RaftServerConfigKeys (ConfUtils.java:logGet(46)) - raft.server.snapshot.auto.trigger.threshold = 10000 (custom)
2022-11-08 11:41:10,272 [pool-331-thread-1] INFO  server.RaftServerConfigKeys (ConfUtils.java:logGet(46)) - raft.server.snapshot.retention.file.num = 5 (custom)
2022-11-08 11:41:10,272 [pool-331-thread-1] INFO  server.RaftServerConfigKeys (ConfUtils.java:logGet(46)) - raft.server.log.purge.upto.snapshot.index = false (default)
2022-11-08 11:41:10,273 [72dfd9ba-a98d-401a-81dd-3b4131028c49@group-9E57124E21DF-FollowerState] INFO  server.RaftServerConfigKeys (ConfUtils.java:logFallback(53)) - raft.server.rpc.first-election.timeout.min = 5s (fallback to raft.server.rpc.timeout.min)
2022-11-08 11:41:10,273 [72dfd9ba-a98d-401a-81dd-3b4131028c49@group-9E57124E21DF-FollowerState] INFO  server.RaftServerConfigKeys (ConfUtils.java:logFallback(53)) - raft.server.rpc.first-election.timeout.max = 5200ms (fallback to raft.server.rpc.timeout.max)
2022-11-08 11:41:10,276 [Command processor thread] INFO  ratis.XceiverServerRatis (XceiverServerRatis.java:addGroup(765)) - Created group PipelineID=fcc1767b-2537-4310-b0e5-9e57124e21df
2022-11-08 11:41:10,276 [Command processor thread] INFO  commandhandler.CreatePipelineCommandHandler (CreatePipelineCommandHandler.java:handle(113)) - Created Pipeline RATIS ONE PipelineID=fcc1767b-2537-4310-b0e5-9e57124e21df.
2022-11-08 11:41:10,722 [Listener at 127.0.0.1/45831] INFO  ozone.MiniOzoneClusterImpl (MiniOzoneClusterImpl.java:lambda$waitForClusterToBeReady$0(216)) - Nodes are ready. Got 3 of 3 DN Heartbeats.
2022-11-08 11:41:10,723 [Listener at 127.0.0.1/45831] INFO  ozone.MiniOzoneClusterImpl (MiniOzoneClusterImpl.java:lambda$waitForClusterToBeReady$0(219)) - Waiting for cluster to exit safe mode
2022-11-08 11:41:10,723 [Listener at 127.0.0.1/45831] INFO  ozone.MiniOzoneClusterImpl (MiniOzoneClusterImpl.java:lambda$waitForClusterToBeReady$0(221)) - SCM became leader
2022-11-08 11:41:10,724 [Command processor thread] INFO  server.RaftServer (RaftServerProxy.java:addNew(96)) - ff089832-d0c0-4656-8db7-7a8b564902c0: addNew group-17DA61E73514:[ff089832-d0c0-4656-8db7-7a8b564902c0|rpc:10.1.0.111:45571|priority:1|startupRole:FOLLOWER] returns group-17DA61E73514:java.util.concurrent.CompletableFuture@22789fbc[Not completed]
2022-11-08 11:41:10,725 [pool-354-thread-1] INFO  server.RaftServer$Division (RaftServerImpl.java:<init>(195)) - ff089832-d0c0-4656-8db7-7a8b564902c0: new RaftServerImpl for group-17DA61E73514:[ff089832-d0c0-4656-8db7-7a8b564902c0|rpc:10.1.0.111:45571|priority:1|startupRole:FOLLOWER] with ContainerStateMachine:uninitialized
2022-11-08 11:41:10,725 [pool-354-thread-1] INFO  server.RaftServerConfigKeys (ConfUtils.java:logGet(46)) - raft.server.rpc.timeout.min = 5s (custom)
2022-11-08 11:41:10,725 [pool-354-thread-1] INFO  server.RaftServerConfigKeys (ConfUtils.java:logGet(46)) - raft.server.rpc.timeout.max = 5200ms (custom)
2022-11-08 11:41:10,725 [pool-354-thread-1] INFO  server.RaftServerConfigKeys (ConfUtils.java:logGet(46)) - raft.server.rpc.sleep.time = 25ms (default)
2022-11-08 11:41:10,725 [pool-354-thread-1] INFO  server.RaftServerConfigKeys (ConfUtils.java:logGet(46)) - raft.server.rpc.slowness.timeout = 300s (custom)
2022-11-08 11:41:10,725 [pool-354-thread-1] INFO  server.RaftServerConfigKeys (ConfUtils.java:logGet(46)) - raft.server.leaderelection.leader.step-down.wait-time = 10s (default)
2022-11-08 11:41:10,725 [pool-354-thread-1] INFO  server.RaftServerConfigKeys (ConfUtils.java:logGet(46)) - raft.server.sleep.deviation.threshold = 300ms (default)
2022-11-08 11:41:10,725 [pool-354-thread-1] INFO  server.RaftServer$Division (ServerState.java:<init>(118)) - ff089832-d0c0-4656-8db7-7a8b564902c0@group-17DA61E73514: ConfigurationManager, init=-1: peers:[ff089832-d0c0-4656-8db7-7a8b564902c0|rpc:10.1.0.111:45571|priority:1|startupRole:FOLLOWER]|listeners:[], old=null, confs=<EMPTY_MAP>
2022-11-08 11:41:10,725 [pool-354-thread-1] INFO  server.RaftServerConfigKeys (ConfUtils.java:logGet(46)) - raft.server.storage.dir = [/home/runner/work/ozone/ozone/hadoop-ozone/integration-test/target/test-dir/MiniOzoneClusterImpl-7c14af0c-19af-49bd-907c-b9cb5ddf5581/datanode-2/data/ratis] (custom)
2022-11-08 11:41:10,726 [pool-354-thread-1] INFO  server.RaftServerConfigKeys (ConfUtils.java:logGet(46)) - raft.server.log.corruption.policy = EXCEPTION (default)
2022-11-08 11:41:10,726 [pool-354-thread-1] INFO  server.RaftServerConfigKeys (ConfUtils.java:logGet(46)) - raft.server.storage.free-space.min = 0MB (=0) (default)
2022-11-08 11:41:10,726 [pool-354-thread-1] INFO  server.RaftServerConfigKeys (ConfUtils.java:logGet(46)) - raft.server.notification.no-leader.timeout = 300s (custom)
2022-11-08 11:41:10,726 [pool-354-thread-1] INFO  server.RaftServerConfigKeys (ConfUtils.java:logGet(46)) - raft.server.retrycache.expirytime = 600000ms (custom)
2022-11-08 11:41:10,726 [pool-354-thread-1] INFO  server.RaftServerConfigKeys (ConfUtils.java:logGet(46)) - raft.server.retrycache.statistics.expirytime = 100μs (default)
2022-11-08 11:41:10,727 [pool-354-thread-1] INFO  server.RaftServerConfigKeys (ConfUtils.java:logGet(46)) - raft.server.log.appender.install.snapshot.enabled = false (custom)
2022-11-08 11:41:10,727 [pool-354-thread-1] INFO  server.RaftServerConfigKeys (ConfUtils.java:logGet(46)) - raft.server.threadpool.server.cached = true (default)
2022-11-08 11:41:10,727 [pool-354-thread-1] INFO  server.RaftServerConfigKeys (ConfUtils.java:logGet(46)) - raft.server.threadpool.server.size = 0 (default)
2022-11-08 11:41:10,727 [pool-354-thread-1] INFO  server.RaftServerConfigKeys (ConfUtils.java:logGet(46)) - raft.server.threadpool.client.cached = true (default)
2022-11-08 11:41:10,727 [pool-354-thread-1] INFO  server.RaftServerConfigKeys (ConfUtils.java:logGet(46)) - raft.server.threadpool.client.size = 0 (default)
2022-11-08 11:41:10,728 [pool-354-thread-1] INFO  storage.RaftStorageDirectory (RaftStorageDirectoryImpl.java:analyzeStorage(137)) - The storage directory /home/runner/work/ozone/ozone/hadoop-ozone/integration-test/target/test-dir/MiniOzoneClusterImpl-7c14af0c-19af-49bd-907c-b9cb5ddf5581/datanode-2/data/ratis/5d0fdc95-47c8-425b-be7c-17da61e73514 does not exist. Creating ...
2022-11-08 11:41:10,730 [pool-354-thread-1] INFO  storage.RaftStorageDirectory (RaftStorageDirectoryImpl.java:tryLock(231)) - Lock on /home/runner/work/ozone/ozone/hadoop-ozone/integration-test/target/test-dir/MiniOzoneClusterImpl-7c14af0c-19af-49bd-907c-b9cb5ddf5581/datanode-2/data/ratis/5d0fdc95-47c8-425b-be7c-17da61e73514/in_use.lock acquired by nodename 12130@fv-az573-890
2022-11-08 11:41:10,732 [pool-354-thread-1] INFO  storage.RaftStorage (RaftStorageImpl.java:format(96)) - Storage directory /home/runner/work/ozone/ozone/hadoop-ozone/integration-test/target/test-dir/MiniOzoneClusterImpl-7c14af0c-19af-49bd-907c-b9cb5ddf5581/datanode-2/data/ratis/5d0fdc95-47c8-425b-be7c-17da61e73514 has been successfully formatted.
2022-11-08 11:41:10,733 [pool-354-thread-1] INFO  ratis.ContainerStateMachine (ContainerStateMachine.java:loadSnapshot(236)) - group-17DA61E73514: The snapshot info is null. Setting the last applied indexto:(t:0, i:~)
2022-11-08 11:41:10,733 [pool-354-thread-1] INFO  server.RaftServerConfigKeys (ConfUtils.java:logGet(46)) - raft.server.log.use.memory = false (default)
2022-11-08 11:41:10,735 [EventQueue-PipelineReportForPipelineReportHandler] INFO  pipeline.PipelineManagerImpl (PipelineManagerImpl.java:openPipeline(367)) - Pipeline Pipeline[ Id: 5d0fdc95-47c8-425b-be7c-17da61e73514, Nodes: ff089832-d0c0-4656-8db7-7a8b564902c0{ip: 10.1.0.111, host: fv-az573-890.uspngagyt4suddso0aj1djjezg.dx.internal.cloudapp.net, ports: [REPLICATION=37797, RATIS=45571, RATIS_ADMIN=45571, RATIS_SERVER=45571, STANDALONE=44499], networkLocation: /default-rack, certSerialId: null, persistedOpState: IN_SERVICE, persistedOpStateExpiryEpochSec: 0}, ReplicationConfig: RATIS/ONE, State:ALLOCATED, leaderId:ff089832-d0c0-4656-8db7-7a8b564902c0, CreationTimestamp2022-11-08T11:41:07.727Z[Etc/UTC]] moved to OPEN state
2022-11-08 11:41:10,736 [EventQueue-OpenPipelineForHealthyPipelineSafeModeRule] INFO  safemode.SCMSafeModeManager (HealthyPipelineSafeModeRule.java:process(137)) - SCM in safe mode. Healthy pipelines reported count is 0, required healthy pipeline reported count is 1
2022-11-08 11:41:10,736 [pool-354-thread-1] INFO  server.RaftServerConfigKeys (ConfUtils.java:logGet(46)) - raft.server.log.purge.gap = 1000000 (custom)
2022-11-08 11:41:10,736 [pool-354-thread-1] INFO  server.RaftServerConfigKeys (ConfUtils.java:logGet(46)) - raft.server.log.appender.buffer.byte-limit = 33554432 (custom)
2022-11-08 11:41:10,736 [pool-354-thread-1] INFO  server.RaftServerConfigKeys (ConfUtils.java:logGet(46)) - raft.server.log.statemachine.data.read.timeout = 1000ms (default)
2022-11-08 11:41:10,736 [pool-354-thread-1] INFO  server.RaftServerConfigKeys (ConfUtils.java:logGet(46)) - raft.server.log.purge.preservation.log.num = 0 (default)
2022-11-08 11:41:10,736 [pool-354-thread-1] INFO  server.RaftServerConfigKeys (ConfUtils.java:logGet(46)) - raft.server.log.segment.size.max = 1048576 (custom)
2022-11-08 11:41:10,737 [pool-354-thread-1] INFO  server.RaftServerConfigKeys (ConfUtils.java:logGet(46)) - raft.server.log.segment.cache.num.max = 2 (custom)
2022-11-08 11:41:10,737 [pool-354-thread-1] INFO  server.RaftServerConfigKeys (ConfUtils.java:logGet(46)) - raft.server.log.segment.cache.size.max = 200MB (=209715200) (default)
2022-11-08 11:41:10,737 [pool-354-thread-1] INFO  segmented.SegmentedRaftLogWorker (SegmentedRaftLogWorker.java:<init>(191)) - new ff089832-d0c0-4656-8db7-7a8b564902c0@group-17DA61E73514-SegmentedRaftLogWorker for RaftStorageImpl:Storage Directory /home/runner/work/ozone/ozone/hadoop-ozone/integration-test/target/test-dir/MiniOzoneClusterImpl-7c14af0c-19af-49bd-907c-b9cb5ddf5581/datanode-2/data/ratis/5d0fdc95-47c8-425b-be7c-17da61e73514
2022-11-08 11:41:10,737 [pool-354-thread-1] INFO  server.RaftServerConfigKeys (ConfUtils.java:logGet(46)) - raft.server.log.queue.byte-limit = 4294967296 (custom)
2022-11-08 11:41:10,737 [pool-354-thread-1] INFO  server.RaftServerConfigKeys (ConfUtils.java:logGet(46)) - raft.server.log.queue.element-limit = 1024 (custom)
2022-11-08 11:41:10,737 [pool-354-thread-1] INFO  server.RaftServerConfigKeys (ConfUtils.java:logGet(46)) - raft.server.log.segment.size.max = 1048576 (custom)
2022-11-08 11:41:10,737 [pool-354-thread-1] INFO  server.RaftServerConfigKeys (ConfUtils.java:logGet(46)) - raft.server.log.preallocated.size = 16384 (custom)
2022-11-08 11:41:10,737 [pool-354-thread-1] INFO  server.RaftServerConfigKeys (ConfUtils.java:logGet(46)) - raft.server.log.force.sync.num = 128 (default)
2022-11-08 11:41:10,737 [pool-354-thread-1] INFO  server.RaftServerConfigKeys (ConfUtils.java:logGet(46)) - raft.server.log.statemachine.data.sync = true (default)
2022-11-08 11:41:10,737 [pool-354-thread-1] INFO  server.RaftServerConfigKeys (ConfUtils.java:logGet(46)) - raft.server.log.statemachine.data.sync.timeout = 10s (default)
2022-11-08 11:41:10,737 [pool-354-thread-1] INFO  server.RaftServerConfigKeys (ConfUtils.java:logGet(46)) - raft.server.log.statemachine.data.sync.timeout.retry = -1 (default)
2022-11-08 11:41:10,739 [pool-354-thread-1] INFO  server.RaftServerConfigKeys (ConfUtils.java:logGet(46)) - raft.server.log.write.buffer.size = 1048576 (custom)
2022-11-08 11:41:10,740 [pool-354-thread-1] INFO  server.RaftServerConfigKeys (ConfUtils.java:logGet(46)) - raft.server.log.unsafe-flush.enabled = false (default)
2022-11-08 11:41:10,740 [pool-354-thread-1] INFO  server.RaftServerConfigKeys (ConfUtils.java:logGet(46)) - raft.server.log.async-flush.enabled = false (default)
2022-11-08 11:41:10,740 [pool-354-thread-1] INFO  server.RaftServerConfigKeys (ConfUtils.java:logGet(46)) - raft.server.log.statemachine.data.caching.enabled = true (custom)
2022-11-08 11:41:10,740 [pool-354-thread-1] INFO  segmented.SegmentedRaftLogWorker (SegmentedRaftLogWorker.java:lambda$new$0(136)) - ff089832-d0c0-4656-8db7-7a8b564902c0@group-17DA61E73514-SegmentedRaftLogWorker: flushIndex: setUnconditionally 0 -> -1
2022-11-08 11:41:10,741 [pool-354-thread-1] INFO  segmented.SegmentedRaftLogWorker (SegmentedRaftLogWorker.java:lambda$new$0(136)) - ff089832-d0c0-4656-8db7-7a8b564902c0@group-17DA61E73514-SegmentedRaftLogWorker: safeCacheEvictIndex: setUnconditionally 0 -> -1
2022-11-08 11:41:10,741 [pool-354-thread-1] INFO  server.RaftServer$Division (RaftServerImpl.java:start(334)) - ff089832-d0c0-4656-8db7-7a8b564902c0@group-17DA61E73514: start as a follower, conf=-1: peers:[ff089832-d0c0-4656-8db7-7a8b564902c0|rpc:10.1.0.111:45571|priority:1|startupRole:FOLLOWER]|listeners:[], old=null
2022-11-08 11:41:10,741 [pool-354-thread-1] INFO  server.RaftServer$Division (RaftServerImpl.java:setRole(321)) - ff089832-d0c0-4656-8db7-7a8b564902c0@group-17DA61E73514: changes role from      null to FOLLOWER at term 0 for startAsFollower
2022-11-08 11:41:10,741 [pool-354-thread-1] INFO  impl.RoleInfo (RoleInfo.java:updateAndGet(139)) - ff089832-d0c0-4656-8db7-7a8b564902c0: start ff089832-d0c0-4656-8db7-7a8b564902c0@group-17DA61E73514-FollowerState
2022-11-08 11:41:10,742 [pool-354-thread-1] INFO  util.JmxRegister (JmxRegister.java:tryRegister(44)) - Successfully registered JMX Bean with object name Ratis:service=RaftServer,group=group-17DA61E73514,id=ff089832-d0c0-4656-8db7-7a8b564902c0
2022-11-08 11:41:10,742 [pool-354-thread-1] INFO  server.RaftServerConfigKeys (ConfUtils.java:logGet(46)) - raft.server.snapshot.auto.trigger.enabled = true (custom)
2022-11-08 11:41:10,742 [pool-354-thread-1] INFO  server.RaftServerConfigKeys (ConfUtils.java:logGet(46)) - raft.server.snapshot.auto.trigger.threshold = 10000 (custom)
2022-11-08 11:41:10,742 [pool-354-thread-1] INFO  server.RaftServerConfigKeys (ConfUtils.java:logGet(46)) - raft.server.snapshot.retention.file.num = 5 (custom)
2022-11-08 11:41:10,742 [pool-354-thread-1] INFO  server.RaftServerConfigKeys (ConfUtils.java:logGet(46)) - raft.server.log.purge.upto.snapshot.index = false (default)
2022-11-08 11:41:10,743 [ff089832-d0c0-4656-8db7-7a8b564902c0@group-17DA61E73514-FollowerState] INFO  server.RaftServerConfigKeys (ConfUtils.java:logFallback(53)) - raft.server.rpc.first-election.timeout.min = 5s (fallback to raft.server.rpc.timeout.min)
2022-11-08 11:41:10,743 [ff089832-d0c0-4656-8db7-7a8b564902c0@group-17DA61E73514-FollowerState] INFO  server.RaftServerConfigKeys (ConfUtils.java:logFallback(53)) - raft.server.rpc.first-election.timeout.max = 5200ms (fallback to raft.server.rpc.timeout.max)
2022-11-08 11:41:10,743 [Command processor thread] INFO  ratis.XceiverServerRatis (XceiverServerRatis.java:addGroup(765)) - Created group PipelineID=5d0fdc95-47c8-425b-be7c-17da61e73514
2022-11-08 11:41:10,743 [Command processor thread] INFO  commandhandler.CreatePipelineCommandHandler (CreatePipelineCommandHandler.java:handle(113)) - Created Pipeline RATIS ONE PipelineID=5d0fdc95-47c8-425b-be7c-17da61e73514.
2022-11-08 11:41:11,724 [Listener at 127.0.0.1/45831] INFO  ozone.MiniOzoneClusterImpl (MiniOzoneClusterImpl.java:lambda$waitForClusterToBeReady$0(216)) - Nodes are ready. Got 3 of 3 DN Heartbeats.
2022-11-08 11:41:11,724 [Listener at 127.0.0.1/45831] INFO  ozone.MiniOzoneClusterImpl (MiniOzoneClusterImpl.java:lambda$waitForClusterToBeReady$0(219)) - Waiting for cluster to exit safe mode
2022-11-08 11:41:11,724 [Listener at 127.0.0.1/45831] INFO  ozone.MiniOzoneClusterImpl (MiniOzoneClusterImpl.java:lambda$waitForClusterToBeReady$0(221)) - SCM became leader
2022-11-08 11:41:12,725 [Listener at 127.0.0.1/45831] INFO  ozone.MiniOzoneClusterImpl (MiniOzoneClusterImpl.java:lambda$waitForClusterToBeReady$0(216)) - Nodes are ready. Got 3 of 3 DN Heartbeats.
2022-11-08 11:41:12,726 [Listener at 127.0.0.1/45831] INFO  ozone.MiniOzoneClusterImpl (MiniOzoneClusterImpl.java:lambda$waitForClusterToBeReady$0(219)) - Waiting for cluster to exit safe mode
2022-11-08 11:41:12,726 [Listener at 127.0.0.1/45831] INFO  ozone.MiniOzoneClusterImpl (MiniOzoneClusterImpl.java:lambda$waitForClusterToBeReady$0(221)) - SCM became leader
2022-11-08 11:41:13,727 [Listener at 127.0.0.1/45831] INFO  ozone.MiniOzoneClusterImpl (MiniOzoneClusterImpl.java:lambda$waitForClusterToBeReady$0(216)) - Nodes are ready. Got 3 of 3 DN Heartbeats.
2022-11-08 11:41:13,727 [Listener at 127.0.0.1/45831] INFO  ozone.MiniOzoneClusterImpl (MiniOzoneClusterImpl.java:lambda$waitForClusterToBeReady$0(219)) - Waiting for cluster to exit safe mode
2022-11-08 11:41:13,727 [Listener at 127.0.0.1/45831] INFO  ozone.MiniOzoneClusterImpl (MiniOzoneClusterImpl.java:lambda$waitForClusterToBeReady$0(221)) - SCM became leader
2022-11-08 11:41:14,728 [Listener at 127.0.0.1/45831] INFO  ozone.MiniOzoneClusterImpl (MiniOzoneClusterImpl.java:lambda$waitForClusterToBeReady$0(216)) - Nodes are ready. Got 3 of 3 DN Heartbeats.
2022-11-08 11:41:14,728 [Listener at 127.0.0.1/45831] INFO  ozone.MiniOzoneClusterImpl (MiniOzoneClusterImpl.java:lambda$waitForClusterToBeReady$0(219)) - Waiting for cluster to exit safe mode
2022-11-08 11:41:14,729 [Listener at 127.0.0.1/45831] INFO  ozone.MiniOzoneClusterImpl (MiniOzoneClusterImpl.java:lambda$waitForClusterToBeReady$0(221)) - SCM became leader
2022-11-08 11:41:15,067 [796fe754-0c35-4eb6-a30c-1cb762a5c0c8@group-12EDBCD636A6-FollowerState] INFO  impl.FollowerState (FollowerState.java:run(143)) - 796fe754-0c35-4eb6-a30c-1cb762a5c0c8@group-12EDBCD636A6-FollowerState: change to CANDIDATE, lastRpcElapsedTime:5131290524ns, electionTimeout:5127ms
2022-11-08 11:41:15,067 [796fe754-0c35-4eb6-a30c-1cb762a5c0c8@group-12EDBCD636A6-FollowerState] INFO  impl.RoleInfo (RoleInfo.java:shutdownFollowerState(110)) - 796fe754-0c35-4eb6-a30c-1cb762a5c0c8: shutdown 796fe754-0c35-4eb6-a30c-1cb762a5c0c8@group-12EDBCD636A6-FollowerState
2022-11-08 11:41:15,068 [796fe754-0c35-4eb6-a30c-1cb762a5c0c8@group-12EDBCD636A6-FollowerState] INFO  server.RaftServer$Division (RaftServerImpl.java:setRole(321)) - 796fe754-0c35-4eb6-a30c-1cb762a5c0c8@group-12EDBCD636A6: changes role from  FOLLOWER to CANDIDATE at term 0 for changeToCandidate
2022-11-08 11:41:15,068 [796fe754-0c35-4eb6-a30c-1cb762a5c0c8@group-12EDBCD636A6-FollowerState] INFO  server.RaftServerConfigKeys (ConfUtils.java:logGet(46)) - raft.server.leaderelection.pre-vote = false (custom)
2022-11-08 11:41:15,068 [796fe754-0c35-4eb6-a30c-1cb762a5c0c8@group-12EDBCD636A6-FollowerState] INFO  impl.RoleInfo (RoleInfo.java:updateAndGet(139)) - 796fe754-0c35-4eb6-a30c-1cb762a5c0c8: start 796fe754-0c35-4eb6-a30c-1cb762a5c0c8@group-12EDBCD636A6-LeaderElection20
2022-11-08 11:41:15,070 [ff089832-d0c0-4656-8db7-7a8b564902c0@group-12EDBCD636A6-FollowerState] INFO  impl.FollowerState (FollowerState.java:run(143)) - ff089832-d0c0-4656-8db7-7a8b564902c0@group-12EDBCD636A6-FollowerState: change to CANDIDATE, lastRpcElapsedTime:5021514573ns, electionTimeout:5017ms
2022-11-08 11:41:15,070 [ff089832-d0c0-4656-8db7-7a8b564902c0@group-12EDBCD636A6-FollowerState] INFO  impl.RoleInfo (RoleInfo.java:shutdownFollowerState(110)) - ff089832-d0c0-4656-8db7-7a8b564902c0: shutdown ff089832-d0c0-4656-8db7-7a8b564902c0@group-12EDBCD636A6-FollowerState
2022-11-08 11:41:15,070 [ff089832-d0c0-4656-8db7-7a8b564902c0@group-12EDBCD636A6-FollowerState] INFO  server.RaftServer$Division (RaftServerImpl.java:setRole(321)) - ff089832-d0c0-4656-8db7-7a8b564902c0@group-12EDBCD636A6: changes role from  FOLLOWER to CANDIDATE at term 0 for changeToCandidate
2022-11-08 11:41:15,070 [ff089832-d0c0-4656-8db7-7a8b564902c0@group-12EDBCD636A6-FollowerState] INFO  server.RaftServerConfigKeys (ConfUtils.java:logGet(46)) - raft.server.leaderelection.pre-vote = false (custom)
2022-11-08 11:41:15,071 [ff089832-d0c0-4656-8db7-7a8b564902c0@group-12EDBCD636A6-FollowerState] INFO  impl.RoleInfo (RoleInfo.java:updateAndGet(139)) - ff089832-d0c0-4656-8db7-7a8b564902c0: start ff089832-d0c0-4656-8db7-7a8b564902c0@group-12EDBCD636A6-LeaderElection21
2022-11-08 11:41:15,072 [796fe754-0c35-4eb6-a30c-1cb762a5c0c8@group-12EDBCD636A6-LeaderElection20] INFO  impl.LeaderElection (LeaderElection.java:askForVotes(312)) - 796fe754-0c35-4eb6-a30c-1cb762a5c0c8@group-12EDBCD636A6-LeaderElection20 ELECTION round 0: submit vote requests at term 1 for -1: peers:[796fe754-0c35-4eb6-a30c-1cb762a5c0c8|rpc:10.1.0.111:44279|priority:0|startupRole:FOLLOWER, ff089832-d0c0-4656-8db7-7a8b564902c0|rpc:10.1.0.111:45571|priority:0|startupRole:FOLLOWER, 72dfd9ba-a98d-401a-81dd-3b4131028c49|rpc:10.1.0.111:43469|priority:1|startupRole:FOLLOWER]|listeners:[], old=null
2022-11-08 11:41:15,072 [796fe754-0c35-4eb6-a30c-1cb762a5c0c8@group-12EDBCD636A6-LeaderElection20-1] INFO  server.GrpcServerProtocolClient (GrpcServerProtocolClient.java:<init>(63)) - Build channel for ff089832-d0c0-4656-8db7-7a8b564902c0
2022-11-08 11:41:15,073 [796fe754-0c35-4eb6-a30c-1cb762a5c0c8@group-12EDBCD636A6-LeaderElection20] INFO  server.RaftServerConfigKeys (ConfUtils.java:logFallback(53)) - raft.server.rpc.first-election.timeout.min = 5s (fallback to raft.server.rpc.timeout.min)
2022-11-08 11:41:15,073 [796fe754-0c35-4eb6-a30c-1cb762a5c0c8@group-12EDBCD636A6-LeaderElection20] INFO  server.RaftServerConfigKeys (ConfUtils.java:logFallback(53)) - raft.server.rpc.first-election.timeout.max = 5200ms (fallback to raft.server.rpc.timeout.max)
2022-11-08 11:41:15,074 [796fe754-0c35-4eb6-a30c-1cb762a5c0c8@group-12EDBCD636A6-LeaderElection20-2] INFO  server.GrpcServerProtocolClient (GrpcServerProtocolClient.java:<init>(63)) - Build channel for 72dfd9ba-a98d-401a-81dd-3b4131028c49
2022-11-08 11:41:15,075 [ff089832-d0c0-4656-8db7-7a8b564902c0@group-12EDBCD636A6-LeaderElection21] INFO  impl.LeaderElection (LeaderElection.java:askForVotes(312)) - ff089832-d0c0-4656-8db7-7a8b564902c0@group-12EDBCD636A6-LeaderElection21 ELECTION round 0: submit vote requests at term 1 for -1: peers:[796fe754-0c35-4eb6-a30c-1cb762a5c0c8|rpc:10.1.0.111:44279|dataStream:|priority:0|startupRole:FOLLOWER, ff089832-d0c0-4656-8db7-7a8b564902c0|rpc:10.1.0.111:45571|dataStream:|priority:0|startupRole:FOLLOWER, 72dfd9ba-a98d-401a-81dd-3b4131028c49|rpc:10.1.0.111:43469|dataStream:|priority:1|startupRole:FOLLOWER]|listeners:[], old=null
2022-11-08 11:41:15,075 [ff089832-d0c0-4656-8db7-7a8b564902c0@group-12EDBCD636A6-LeaderElection21-1] INFO  server.GrpcServerProtocolClient (GrpcServerProtocolClient.java:<init>(63)) - Build channel for 796fe754-0c35-4eb6-a30c-1cb762a5c0c8
2022-11-08 11:41:15,087 [grpc-default-executor-0] INFO  server.RaftServer$Division (RaftServerImpl.java:requestVote(1218)) - ff089832-d0c0-4656-8db7-7a8b564902c0@group-12EDBCD636A6: receive requestVote(ELECTION, 796fe754-0c35-4eb6-a30c-1cb762a5c0c8, group-12EDBCD636A6, 1, (t:0, i:0))
2022-11-08 11:41:15,087 [grpc-default-executor-0] INFO  impl.VoteContext (VoteContext.java:log(48)) - ff089832-d0c0-4656-8db7-7a8b564902c0@group-12EDBCD636A6-CANDIDATE: reject ELECTION from 796fe754-0c35-4eb6-a30c-1cb762a5c0c8: already has voted for ff089832-d0c0-4656-8db7-7a8b564902c0 at current term 1
2022-11-08 11:41:15,088 [grpc-default-executor-0] INFO  server.RaftServer$Division (RaftServerImpl.java:requestVote(1251)) - ff089832-d0c0-4656-8db7-7a8b564902c0@group-12EDBCD636A6 replies to ELECTION vote request: 796fe754-0c35-4eb6-a30c-1cb762a5c0c8<-ff089832-d0c0-4656-8db7-7a8b564902c0#0:FAIL-t1. Peer's state: ff089832-d0c0-4656-8db7-7a8b564902c0@group-12EDBCD636A6:t1, leader=null, voted=ff089832-d0c0-4656-8db7-7a8b564902c0, raftlog=Memoized:ff089832-d0c0-4656-8db7-7a8b564902c0@group-12EDBCD636A6-SegmentedRaftLog:OPENED:c-1, conf=-1: peers:[796fe754-0c35-4eb6-a30c-1cb762a5c0c8|rpc:10.1.0.111:44279|dataStream:|priority:0|startupRole:FOLLOWER, ff089832-d0c0-4656-8db7-7a8b564902c0|rpc:10.1.0.111:45571|dataStream:|priority:0|startupRole:FOLLOWER, 72dfd9ba-a98d-401a-81dd-3b4131028c49|rpc:10.1.0.111:43469|dataStream:|priority:1|startupRole:FOLLOWER]|listeners:[], old=null
2022-11-08 11:41:15,095 [ff089832-d0c0-4656-8db7-7a8b564902c0@group-12EDBCD636A6-LeaderElection21] INFO  server.RaftServerConfigKeys (ConfUtils.java:logFallback(53)) - raft.server.rpc.first-election.timeout.min = 5s (fallback to raft.server.rpc.timeout.min)
2022-11-08 11:41:15,095 [grpc-default-executor-0] INFO  server.RaftServer$Division (RaftServerImpl.java:requestVote(1218)) - 72dfd9ba-a98d-401a-81dd-3b4131028c49@group-12EDBCD636A6: receive requestVote(ELECTION, 796fe754-0c35-4eb6-a30c-1cb762a5c0c8, group-12EDBCD636A6, 1, (t:0, i:0))
2022-11-08 11:41:15,095 [ff089832-d0c0-4656-8db7-7a8b564902c0@group-12EDBCD636A6-LeaderElection21] INFO  server.RaftServerConfigKeys (ConfUtils.java:logFallback(53)) - raft.server.rpc.first-election.timeout.max = 5200ms (fallback to raft.server.rpc.timeout.max)
2022-11-08 11:41:15,095 [grpc-default-executor-0] INFO  impl.VoteContext (VoteContext.java:log(48)) - 72dfd9ba-a98d-401a-81dd-3b4131028c49@group-12EDBCD636A6-FOLLOWER: reject ELECTION from 796fe754-0c35-4eb6-a30c-1cb762a5c0c8: our priority 1 > candidate's priority 0
2022-11-08 11:41:15,096 [grpc-default-executor-0] INFO  server.RaftServer$Division (RaftServerImpl.java:setRole(321)) - 72dfd9ba-a98d-401a-81dd-3b4131028c49@group-12EDBCD636A6: changes role from  FOLLOWER to FOLLOWER at term 1 for candidate:796fe754-0c35-4eb6-a30c-1cb762a5c0c8
2022-11-08 11:41:15,096 [grpc-default-executor-0] INFO  impl.RoleInfo (RoleInfo.java:shutdownFollowerState(110)) - 72dfd9ba-a98d-401a-81dd-3b4131028c49: shutdown 72dfd9ba-a98d-401a-81dd-3b4131028c49@group-12EDBCD636A6-FollowerState
2022-11-08 11:41:15,096 [grpc-default-executor-0] INFO  impl.RoleInfo (RoleInfo.java:updateAndGet(139)) - 72dfd9ba-a98d-401a-81dd-3b4131028c49: start 72dfd9ba-a98d-401a-81dd-3b4131028c49@group-12EDBCD636A6-FollowerState
2022-11-08 11:41:15,096 [72dfd9ba-a98d-401a-81dd-3b4131028c49@group-12EDBCD636A6-FollowerState] INFO  impl.FollowerState (FollowerState.java:run(152)) - 72dfd9ba-a98d-401a-81dd-3b4131028c49@group-12EDBCD636A6-FollowerState was interrupted
2022-11-08 11:41:15,096 [ff089832-d0c0-4656-8db7-7a8b564902c0@group-12EDBCD636A6-LeaderElection21-2] INFO  server.GrpcServerProtocolClient (GrpcServerProtocolClient.java:<init>(63)) - Build channel for 72dfd9ba-a98d-401a-81dd-3b4131028c49
2022-11-08 11:41:15,097 [796fe754-0c35-4eb6-a30c-1cb762a5c0c8@group-ACC8501C15B7-FollowerState] INFO  impl.FollowerState (FollowerState.java:run(143)) - 796fe754-0c35-4eb6-a30c-1cb762a5c0c8@group-ACC8501C15B7-FollowerState: change to CANDIDATE, lastRpcElapsedTime:5200659245ns, electionTimeout:5192ms
2022-11-08 11:41:15,097 [796fe754-0c35-4eb6-a30c-1cb762a5c0c8@group-ACC8501C15B7-FollowerState] INFO  impl.RoleInfo (RoleInfo.java:shutdownFollowerState(110)) - 796fe754-0c35-4eb6-a30c-1cb762a5c0c8: shutdown 796fe754-0c35-4eb6-a30c-1cb762a5c0c8@group-ACC8501C15B7-FollowerState
2022-11-08 11:41:15,097 [796fe754-0c35-4eb6-a30c-1cb762a5c0c8@group-ACC8501C15B7-FollowerState] INFO  server.RaftServer$Division (RaftServerImpl.java:setRole(321)) - 796fe754-0c35-4eb6-a30c-1cb762a5c0c8@group-ACC8501C15B7: changes role from  FOLLOWER to CANDIDATE at term 0 for changeToCandidate
2022-11-08 11:41:15,098 [72dfd9ba-a98d-401a-81dd-3b4131028c49@group-12EDBCD636A6-FollowerState] INFO  server.RaftServerConfigKeys (ConfUtils.java:logFallback(53)) - raft.server.rpc.first-election.timeout.min = 5s (fallback to raft.server.rpc.timeout.min)
2022-11-08 11:41:15,098 [72dfd9ba-a98d-401a-81dd-3b4131028c49@group-12EDBCD636A6-FollowerState] INFO  server.RaftServerConfigKeys (ConfUtils.java:logFallback(53)) - raft.server.rpc.first-election.timeout.max = 5200ms (fallback to raft.server.rpc.timeout.max)
2022-11-08 11:41:15,099 [grpc-default-executor-0] INFO  server.RaftServer$Division (RaftServerImpl.java:requestVote(1251)) - 72dfd9ba-a98d-401a-81dd-3b4131028c49@group-12EDBCD636A6 replies to ELECTION vote request: 796fe754-0c35-4eb6-a30c-1cb762a5c0c8<-72dfd9ba-a98d-401a-81dd-3b4131028c49#0:FAIL-t1. Peer's state: 72dfd9ba-a98d-401a-81dd-3b4131028c49@group-12EDBCD636A6:t1, leader=null, voted=null, raftlog=Memoized:72dfd9ba-a98d-401a-81dd-3b4131028c49@group-12EDBCD636A6-SegmentedRaftLog:OPENED:c-1, conf=-1: peers:[796fe754-0c35-4eb6-a30c-1cb762a5c0c8|rpc:10.1.0.111:44279|dataStream:|priority:0|startupRole:FOLLOWER, ff089832-d0c0-4656-8db7-7a8b564902c0|rpc:10.1.0.111:45571|dataStream:|priority:0|startupRole:FOLLOWER, 72dfd9ba-a98d-401a-81dd-3b4131028c49|rpc:10.1.0.111:43469|dataStream:|priority:1|startupRole:FOLLOWER]|listeners:[], old=null
2022-11-08 11:41:15,104 [796fe754-0c35-4eb6-a30c-1cb762a5c0c8@group-ACC8501C15B7-FollowerState] INFO  server.RaftServerConfigKeys (ConfUtils.java:logGet(46)) - raft.server.leaderelection.pre-vote = false (custom)
2022-11-08 11:41:15,104 [796fe754-0c35-4eb6-a30c-1cb762a5c0c8@group-ACC8501C15B7-FollowerState] INFO  impl.RoleInfo (RoleInfo.java:updateAndGet(139)) - 796fe754-0c35-4eb6-a30c-1cb762a5c0c8: start 796fe754-0c35-4eb6-a30c-1cb762a5c0c8@group-ACC8501C15B7-LeaderElection22
2022-11-08 11:41:15,109 [796fe754-0c35-4eb6-a30c-1cb762a5c0c8@group-12EDBCD636A6-LeaderElection20] INFO  impl.LeaderElection (LeaderElection.java:logAndReturn(90)) - 796fe754-0c35-4eb6-a30c-1cb762a5c0c8@group-12EDBCD636A6-LeaderElection20: ELECTION REJECTED received 2 response(s) and 0 exception(s):
2022-11-08 11:41:15,109 [796fe754-0c35-4eb6-a30c-1cb762a5c0c8@group-12EDBCD636A6-LeaderElection20] INFO  impl.LeaderElection (LeaderElection.java:logAndReturn(94)) -   Response 0: 796fe754-0c35-4eb6-a30c-1cb762a5c0c8<-ff089832-d0c0-4656-8db7-7a8b564902c0#0:FAIL-t1
2022-11-08 11:41:15,109 [796fe754-0c35-4eb6-a30c-1cb762a5c0c8@group-12EDBCD636A6-LeaderElection20] INFO  impl.LeaderElection (LeaderElection.java:logAndReturn(94)) -   Response 1: 796fe754-0c35-4eb6-a30c-1cb762a5c0c8<-72dfd9ba-a98d-401a-81dd-3b4131028c49#0:FAIL-t1
2022-11-08 11:41:15,109 [796fe754-0c35-4eb6-a30c-1cb762a5c0c8@group-12EDBCD636A6-LeaderElection20] INFO  impl.LeaderElection (LeaderElection.java:askForVotes(314)) - 796fe754-0c35-4eb6-a30c-1cb762a5c0c8@group-12EDBCD636A6-LeaderElection20 ELECTION round 0: result REJECTED
2022-11-08 11:41:15,109 [796fe754-0c35-4eb6-a30c-1cb762a5c0c8@group-12EDBCD636A6-LeaderElection20] INFO  server.RaftServer$Division (RaftServerImpl.java:setRole(321)) - 796fe754-0c35-4eb6-a30c-1cb762a5c0c8@group-12EDBCD636A6: changes role from CANDIDATE to FOLLOWER at term 1 for REJECTED
2022-11-08 11:41:15,109 [796fe754-0c35-4eb6-a30c-1cb762a5c0c8@group-12EDBCD636A6-LeaderElection20] INFO  impl.RoleInfo (RoleInfo.java:shutdownLeaderElection(130)) - 796fe754-0c35-4eb6-a30c-1cb762a5c0c8: shutdown 796fe754-0c35-4eb6-a30c-1cb762a5c0c8@group-12EDBCD636A6-LeaderElection20
2022-11-08 11:41:15,109 [796fe754-0c35-4eb6-a30c-1cb762a5c0c8@group-12EDBCD636A6-LeaderElection20] INFO  impl.RoleInfo (RoleInfo.java:updateAndGet(139)) - 796fe754-0c35-4eb6-a30c-1cb762a5c0c8: start 796fe754-0c35-4eb6-a30c-1cb762a5c0c8@group-12EDBCD636A6-FollowerState
2022-11-08 11:41:15,111 [796fe754-0c35-4eb6-a30c-1cb762a5c0c8@group-12EDBCD636A6-FollowerState] INFO  server.RaftServerConfigKeys (ConfUtils.java:logFallback(53)) - raft.server.rpc.first-election.timeout.min = 5s (fallback to raft.server.rpc.timeout.min)
2022-11-08 11:41:15,111 [796fe754-0c35-4eb6-a30c-1cb762a5c0c8@group-12EDBCD636A6-FollowerState] INFO  server.RaftServerConfigKeys (ConfUtils.java:logFallback(53)) - raft.server.rpc.first-election.timeout.max = 5200ms (fallback to raft.server.rpc.timeout.max)
2022-11-08 11:41:15,113 [grpc-default-executor-1] INFO  server.RaftServer$Division (RaftServerImpl.java:requestVote(1218)) - 796fe754-0c35-4eb6-a30c-1cb762a5c0c8@group-12EDBCD636A6: receive requestVote(ELECTION, ff089832-d0c0-4656-8db7-7a8b564902c0, group-12EDBCD636A6, 1, (t:0, i:0))
2022-11-08 11:41:15,113 [grpc-default-executor-1] INFO  impl.VoteContext (VoteContext.java:log(48)) - 796fe754-0c35-4eb6-a30c-1cb762a5c0c8@group-12EDBCD636A6-FOLLOWER: reject ELECTION from ff089832-d0c0-4656-8db7-7a8b564902c0: already has voted for 796fe754-0c35-4eb6-a30c-1cb762a5c0c8 at current term 1
2022-11-08 11:41:15,113 [grpc-default-executor-1] INFO  server.RaftServer$Division (RaftServerImpl.java:requestVote(1251)) - 796fe754-0c35-4eb6-a30c-1cb762a5c0c8@group-12EDBCD636A6 replies to ELECTION vote request: ff089832-d0c0-4656-8db7-7a8b564902c0<-796fe754-0c35-4eb6-a30c-1cb762a5c0c8#0:FAIL-t1. Peer's state: 796fe754-0c35-4eb6-a30c-1cb762a5c0c8@group-12EDBCD636A6:t1, leader=null, voted=796fe754-0c35-4eb6-a30c-1cb762a5c0c8, raftlog=Memoized:796fe754-0c35-4eb6-a30c-1cb762a5c0c8@group-12EDBCD636A6-SegmentedRaftLog:OPENED:c-1, conf=-1: peers:[796fe754-0c35-4eb6-a30c-1cb762a5c0c8|rpc:10.1.0.111:44279|priority:0|startupRole:FOLLOWER, ff089832-d0c0-4656-8db7-7a8b564902c0|rpc:10.1.0.111:45571|priority:0|startupRole:FOLLOWER, 72dfd9ba-a98d-401a-81dd-3b4131028c49|rpc:10.1.0.111:43469|priority:1|startupRole:FOLLOWER]|listeners:[], old=null
2022-11-08 11:41:15,119 [796fe754-0c35-4eb6-a30c-1cb762a5c0c8@group-ACC8501C15B7-LeaderElection22] INFO  impl.LeaderElection (LeaderElection.java:askForVotes(312)) - 796fe754-0c35-4eb6-a30c-1cb762a5c0c8@group-ACC8501C15B7-LeaderElection22 ELECTION round 0: submit vote requests at term 1 for -1: peers:[796fe754-0c35-4eb6-a30c-1cb762a5c0c8|rpc:10.1.0.111:44279|priority:1|startupRole:FOLLOWER]|listeners:[], old=null
2022-11-08 11:41:15,119 [796fe754-0c35-4eb6-a30c-1cb762a5c0c8@group-ACC8501C15B7-LeaderElection22] INFO  impl.LeaderElection (LeaderElection.java:askForVotes(314)) - 796fe754-0c35-4eb6-a30c-1cb762a5c0c8@group-ACC8501C15B7-LeaderElection22 ELECTION round 0: result PASSED (term=1)
2022-11-08 11:41:15,119 [796fe754-0c35-4eb6-a30c-1cb762a5c0c8@group-ACC8501C15B7-LeaderElection22] INFO  impl.RoleInfo (RoleInfo.java:shutdownLeaderElection(130)) - 796fe754-0c35-4eb6-a30c-1cb762a5c0c8: shutdown 796fe754-0c35-4eb6-a30c-1cb762a5c0c8@group-ACC8501C15B7-LeaderElection22
2022-11-08 11:41:15,119 [796fe754-0c35-4eb6-a30c-1cb762a5c0c8@group-ACC8501C15B7-LeaderElection22] INFO  server.RaftServer$Division (RaftServerImpl.java:setRole(321)) - 796fe754-0c35-4eb6-a30c-1cb762a5c0c8@group-ACC8501C15B7: changes role from CANDIDATE to LEADER at term 1 for changeToLeader
2022-11-08 11:41:15,119 [796fe754-0c35-4eb6-a30c-1cb762a5c0c8@group-ACC8501C15B7-LeaderElection22] INFO  ratis.XceiverServerRatis (XceiverServerRatis.java:handleLeaderChangedNotification(863)) - Leader change notification received for group: group-ACC8501C15B7 with new leaderId: 796fe754-0c35-4eb6-a30c-1cb762a5c0c8
2022-11-08 11:41:15,119 [796fe754-0c35-4eb6-a30c-1cb762a5c0c8@group-ACC8501C15B7-LeaderElection22] INFO  server.RaftServer$Division (ServerState.java:setLeader(313)) - 796fe754-0c35-4eb6-a30c-1cb762a5c0c8@group-ACC8501C15B7: change Leader from null to 796fe754-0c35-4eb6-a30c-1cb762a5c0c8 at term 1 for becomeLeader, leader elected after 5252ms
2022-11-08 11:41:15,119 [796fe754-0c35-4eb6-a30c-1cb762a5c0c8@group-ACC8501C15B7-LeaderElection22] INFO  server.RaftServerConfigKeys (ConfUtils.java:logGet(46)) - raft.server.staging.catchup.gap = 1000 (default)
2022-11-08 11:41:15,120 [796fe754-0c35-4eb6-a30c-1cb762a5c0c8@group-ACC8501C15B7-LeaderElection22] INFO  server.RaftServerConfigKeys (ConfUtils.java:logGet(46)) - raft.server.write.element-limit = 1024 (custom)
2022-11-08 11:41:15,120 [796fe754-0c35-4eb6-a30c-1cb762a5c0c8@group-ACC8501C15B7-LeaderElection22] INFO  server.RaftServerConfigKeys (ConfUtils.java:logGet(46)) - raft.server.write.byte-limit = 1024 M (=1073741824) (custom)
2022-11-08 11:41:15,121 [796fe754-0c35-4eb6-a30c-1cb762a5c0c8@group-ACC8501C15B7-LeaderElection22] INFO  server.RaftServerConfigKeys (ConfUtils.java:logGet(46)) - raft.server.watch.timeout = 180s (custom)
2022-11-08 11:41:15,121 [796fe754-0c35-4eb6-a30c-1cb762a5c0c8@group-ACC8501C15B7-LeaderElection22] INFO  server.RaftServerConfigKeys (ConfUtils.java:logGet(46)) - raft.server.watch.timeout.denomination = 1s (default)
2022-11-08 11:41:15,121 [796fe754-0c35-4eb6-a30c-1cb762a5c0c8@group-ACC8501C15B7-LeaderElection22] INFO  server.RaftServerConfigKeys (ConfUtils.java:logGet(46)) - raft.server.watch.element-limit = 65536 (default)
2022-11-08 11:41:15,121 [796fe754-0c35-4eb6-a30c-1cb762a5c0c8@group-ACC8501C15B7-LeaderElection22] INFO  server.RaftServerConfigKeys (ConfUtils.java:logGet(46)) - raft.server.write.element-limit = 1024 (custom)
2022-11-08 11:41:15,121 [796fe754-0c35-4eb6-a30c-1cb762a5c0c8@group-ACC8501C15B7-LeaderElection22] INFO  server.RaftServerConfigKeys (ConfUtils.java:logGet(46)) - raft.server.write.follower.gap.ratio.max = -1.0 (default)
2022-11-08 11:41:15,121 [EventQueue-OpenPipelineForHealthyPipelineSafeModeRule] INFO  safemode.SCMSafeModeManager (HealthyPipelineSafeModeRule.java:process(137)) - SCM in safe mode. Healthy pipelines reported count is 0, required healthy pipeline reported count is 1
2022-11-08 11:41:15,124 [grpc-default-executor-1] INFO  server.RaftServer$Division (RaftServerImpl.java:requestVote(1218)) - 72dfd9ba-a98d-401a-81dd-3b4131028c49@group-12EDBCD636A6: receive requestVote(ELECTION, ff089832-d0c0-4656-8db7-7a8b564902c0, group-12EDBCD636A6, 1, (t:0, i:0))
2022-11-08 11:41:15,124 [796fe754-0c35-4eb6-a30c-1cb762a5c0c8@group-ACC8501C15B7-LeaderElection22] INFO  impl.RoleInfo (RoleInfo.java:updateAndGet(139)) - 796fe754-0c35-4eb6-a30c-1cb762a5c0c8: start 796fe754-0c35-4eb6-a30c-1cb762a5c0c8@group-ACC8501C15B7-LeaderStateImpl
2022-11-08 11:41:15,128 [grpc-default-executor-1] INFO  impl.VoteContext (VoteContext.java:log(48)) - 72dfd9ba-a98d-401a-81dd-3b4131028c49@group-12EDBCD636A6-FOLLOWER: reject ELECTION from ff089832-d0c0-4656-8db7-7a8b564902c0: our priority 1 > candidate's priority 0
2022-11-08 11:41:15,128 [grpc-default-executor-1] INFO  server.RaftServer$Division (RaftServerImpl.java:setRole(321)) - 72dfd9ba-a98d-401a-81dd-3b4131028c49@group-12EDBCD636A6: changes role from  FOLLOWER to FOLLOWER at term 1 for candidate:ff089832-d0c0-4656-8db7-7a8b564902c0
2022-11-08 11:41:15,128 [grpc-default-executor-1] INFO  impl.RoleInfo (RoleInfo.java:shutdownFollowerState(110)) - 72dfd9ba-a98d-401a-81dd-3b4131028c49: shutdown 72dfd9ba-a98d-401a-81dd-3b4131028c49@group-12EDBCD636A6-FollowerState
2022-11-08 11:41:15,128 [796fe754-0c35-4eb6-a30c-1cb762a5c0c8@group-ACC8501C15B7-LeaderElection22] INFO  segmented.SegmentedRaftLogWorker (SegmentedRaftLogWorker.java:startLogSegment(452)) - 796fe754-0c35-4eb6-a30c-1cb762a5c0c8@group-ACC8501C15B7-SegmentedRaftLogWorker: Starting segment from index:0
2022-11-08 11:41:15,128 [72dfd9ba-a98d-401a-81dd-3b4131028c49@group-12EDBCD636A6-FollowerState] INFO  impl.FollowerState (FollowerState.java:run(152)) - 72dfd9ba-a98d-401a-81dd-3b4131028c49@group-12EDBCD636A6-FollowerState was interrupted
2022-11-08 11:41:15,128 [grpc-default-executor-1] INFO  impl.RoleInfo (RoleInfo.java:updateAndGet(139)) - 72dfd9ba-a98d-401a-81dd-3b4131028c49: start 72dfd9ba-a98d-401a-81dd-3b4131028c49@group-12EDBCD636A6-FollowerState
2022-11-08 11:41:15,132 [grpc-default-executor-1] INFO  server.RaftServer$Division (RaftServerImpl.java:requestVote(1251)) - 72dfd9ba-a98d-401a-81dd-3b4131028c49@group-12EDBCD636A6 replies to ELECTION vote request: ff089832-d0c0-4656-8db7-7a8b564902c0<-72dfd9ba-a98d-401a-81dd-3b4131028c49#0:FAIL-t1. Peer's state: 72dfd9ba-a98d-401a-81dd-3b4131028c49@group-12EDBCD636A6:t1, leader=null, voted=null, raftlog=Memoized:72dfd9ba-a98d-401a-81dd-3b4131028c49@group-12EDBCD636A6-SegmentedRaftLog:OPENED:c-1, conf=-1: peers:[796fe754-0c35-4eb6-a30c-1cb762a5c0c8|rpc:10.1.0.111:44279|dataStream:|priority:0|startupRole:FOLLOWER, ff089832-d0c0-4656-8db7-7a8b564902c0|rpc:10.1.0.111:45571|dataStream:|priority:0|startupRole:FOLLOWER, 72dfd9ba-a98d-401a-81dd-3b4131028c49|rpc:10.1.0.111:43469|dataStream:|priority:1|startupRole:FOLLOWER]|listeners:[], old=null
2022-11-08 11:41:15,133 [72dfd9ba-a98d-401a-81dd-3b4131028c49@group-12EDBCD636A6-FollowerState] INFO  server.RaftServerConfigKeys (ConfUtils.java:logFallback(53)) - raft.server.rpc.first-election.timeout.min = 5s (fallback to raft.server.rpc.timeout.min)
2022-11-08 11:41:15,133 [72dfd9ba-a98d-401a-81dd-3b4131028c49@group-12EDBCD636A6-FollowerState] INFO  server.RaftServerConfigKeys (ConfUtils.java:logFallback(53)) - raft.server.rpc.first-election.timeout.max = 5200ms (fallback to raft.server.rpc.timeout.max)
2022-11-08 11:41:15,137 [ff089832-d0c0-4656-8db7-7a8b564902c0@group-12EDBCD636A6-LeaderElection21] INFO  impl.LeaderElection (LeaderElection.java:logAndReturn(90)) - ff089832-d0c0-4656-8db7-7a8b564902c0@group-12EDBCD636A6-LeaderElection21: ELECTION REJECTED received 2 response(s) and 0 exception(s):
2022-11-08 11:41:15,144 [ff089832-d0c0-4656-8db7-7a8b564902c0@group-12EDBCD636A6-LeaderElection21] INFO  impl.LeaderElection (LeaderElection.java:logAndReturn(94)) -   Response 0: ff089832-d0c0-4656-8db7-7a8b564902c0<-796fe754-0c35-4eb6-a30c-1cb762a5c0c8#0:FAIL-t1
2022-11-08 11:41:15,144 [796fe754-0c35-4eb6-a30c-1cb762a5c0c8@group-ACC8501C15B7-LeaderElection22] INFO  server.RaftServer$Division (ServerState.java:setRaftConf(430)) - 796fe754-0c35-4eb6-a30c-1cb762a5c0c8@group-ACC8501C15B7: set configuration 0: peers:[796fe754-0c35-4eb6-a30c-1cb762a5c0c8|rpc:10.1.0.111:44279|dataStream:|priority:1|startupRole:FOLLOWER]|listeners:[], old=null
2022-11-08 11:41:15,144 [796fe754-0c35-4eb6-a30c-1cb762a5c0c8@group-ACC8501C15B7-SegmentedRaftLogWorker] INFO  segmented.SegmentedRaftLogWorker (SegmentedRaftLogWorker.java:execute(656)) - 796fe754-0c35-4eb6-a30c-1cb762a5c0c8@group-ACC8501C15B7-SegmentedRaftLogWorker: created new log segment /home/runner/work/ozone/ozone/hadoop-ozone/integration-test/target/test-dir/MiniOzoneClusterImpl-7c14af0c-19af-49bd-907c-b9cb5ddf5581/datanode-0/data/ratis/7d79a7e7-3ce8-4691-a67f-acc8501c15b7/current/log_inprogress_0
2022-11-08 11:41:15,144 [ff089832-d0c0-4656-8db7-7a8b564902c0@group-12EDBCD636A6-LeaderElection21] INFO  impl.LeaderElection (LeaderElection.java:logAndReturn(94)) -   Response 1: ff089832-d0c0-4656-8db7-7a8b564902c0<-72dfd9ba-a98d-401a-81dd-3b4131028c49#0:FAIL-t1
2022-11-08 11:41:15,144 [ff089832-d0c0-4656-8db7-7a8b564902c0@group-12EDBCD636A6-LeaderElection21] INFO  impl.LeaderElection (LeaderElection.java:askForVotes(314)) - ff089832-d0c0-4656-8db7-7a8b564902c0@group-12EDBCD636A6-LeaderElection21 ELECTION round 0: result REJECTED
2022-11-08 11:41:15,144 [ff089832-d0c0-4656-8db7-7a8b564902c0@group-12EDBCD636A6-LeaderElection21] INFO  server.RaftServer$Division (RaftServerImpl.java:setRole(321)) - ff089832-d0c0-4656-8db7-7a8b564902c0@group-12EDBCD636A6: changes role from CANDIDATE to FOLLOWER at term 1 for REJECTED
2022-11-08 11:41:15,144 [ff089832-d0c0-4656-8db7-7a8b564902c0@group-12EDBCD636A6-LeaderElection21] INFO  impl.RoleInfo (RoleInfo.java:shutdownLeaderElection(130)) - ff089832-d0c0-4656-8db7-7a8b564902c0: shutdown ff089832-d0c0-4656-8db7-7a8b564902c0@group-12EDBCD636A6-LeaderElection21
2022-11-08 11:41:15,145 [ff089832-d0c0-4656-8db7-7a8b564902c0@group-12EDBCD636A6-LeaderElection21] INFO  impl.RoleInfo (RoleInfo.java:updateAndGet(139)) - ff089832-d0c0-4656-8db7-7a8b564902c0: start ff089832-d0c0-4656-8db7-7a8b564902c0@group-12EDBCD636A6-FollowerState
2022-11-08 11:41:15,152 [ff089832-d0c0-4656-8db7-7a8b564902c0@group-12EDBCD636A6-FollowerState] INFO  server.RaftServerConfigKeys (ConfUtils.java:logFallback(53)) - raft.server.rpc.first-election.timeout.min = 5s (fallback to raft.server.rpc.timeout.min)
2022-11-08 11:41:15,152 [ff089832-d0c0-4656-8db7-7a8b564902c0@group-12EDBCD636A6-FollowerState] INFO  server.RaftServerConfigKeys (ConfUtils.java:logFallback(53)) - raft.server.rpc.first-election.timeout.max = 5200ms (fallback to raft.server.rpc.timeout.max)
2022-11-08 11:41:15,221 [ff089832-d0c0-4656-8db7-7a8b564902c0@group-5EE7C243A93E-FollowerState] INFO  impl.FollowerState (FollowerState.java:run(143)) - ff089832-d0c0-4656-8db7-7a8b564902c0@group-5EE7C243A93E-FollowerState: change to CANDIDATE, lastRpcElapsedTime:5061385510ns, electionTimeout:5056ms
2022-11-08 11:41:15,221 [ff089832-d0c0-4656-8db7-7a8b564902c0@group-5EE7C243A93E-FollowerState] INFO  impl.RoleInfo (RoleInfo.java:shutdownFollowerState(110)) - ff089832-d0c0-4656-8db7-7a8b564902c0: shutdown ff089832-d0c0-4656-8db7-7a8b564902c0@group-5EE7C243A93E-FollowerState
2022-11-08 11:41:15,222 [ff089832-d0c0-4656-8db7-7a8b564902c0@group-5EE7C243A93E-FollowerState] INFO  server.RaftServer$Division (RaftServerImpl.java:setRole(321)) - ff089832-d0c0-4656-8db7-7a8b564902c0@group-5EE7C243A93E: changes role from  FOLLOWER to CANDIDATE at term 0 for changeToCandidate
2022-11-08 11:41:15,222 [ff089832-d0c0-4656-8db7-7a8b564902c0@group-5EE7C243A93E-FollowerState] INFO  server.RaftServerConfigKeys (ConfUtils.java:logGet(46)) - raft.server.leaderelection.pre-vote = false (custom)
2022-11-08 11:41:15,222 [ff089832-d0c0-4656-8db7-7a8b564902c0@group-5EE7C243A93E-FollowerState] INFO  impl.RoleInfo (RoleInfo.java:updateAndGet(139)) - ff089832-d0c0-4656-8db7-7a8b564902c0: start ff089832-d0c0-4656-8db7-7a8b564902c0@group-5EE7C243A93E-LeaderElection23
2022-11-08 11:41:15,226 [ff089832-d0c0-4656-8db7-7a8b564902c0@group-5EE7C243A93E-LeaderElection23] INFO  impl.LeaderElection (LeaderElection.java:askForVotes(312)) - ff089832-d0c0-4656-8db7-7a8b564902c0@group-5EE7C243A93E-LeaderElection23 ELECTION round 0: submit vote requests at term 1 for -1: peers:[796fe754-0c35-4eb6-a30c-1cb762a5c0c8|rpc:10.1.0.111:44279|dataStream:|priority:0|startupRole:FOLLOWER, ff089832-d0c0-4656-8db7-7a8b564902c0|rpc:10.1.0.111:45571|dataStream:|priority:1|startupRole:FOLLOWER, 72dfd9ba-a98d-401a-81dd-3b4131028c49|rpc:10.1.0.111:43469|dataStream:|priority:0|startupRole:FOLLOWER]|listeners:[], old=null
2022-11-08 11:41:15,226 [ff089832-d0c0-4656-8db7-7a8b564902c0@group-5EE7C243A93E-LeaderElection23] INFO  server.RaftServerConfigKeys (ConfUtils.java:logFallback(53)) - raft.server.rpc.first-election.timeout.min = 5s (fallback to raft.server.rpc.timeout.min)
2022-11-08 11:41:15,226 [ff089832-d0c0-4656-8db7-7a8b564902c0@group-5EE7C243A93E-LeaderElection23] INFO  server.RaftServerConfigKeys (ConfUtils.java:logFallback(53)) - raft.server.rpc.first-election.timeout.max = 5200ms (fallback to raft.server.rpc.timeout.max)
2022-11-08 11:41:15,229 [grpc-default-executor-1] INFO  server.RaftServer$Division (RaftServerImpl.java:requestVote(1218)) - 796fe754-0c35-4eb6-a30c-1cb762a5c0c8@group-5EE7C243A93E: receive requestVote(ELECTION, ff089832-d0c0-4656-8db7-7a8b564902c0, group-5EE7C243A93E, 1, (t:0, i:0))
2022-11-08 11:41:15,229 [grpc-default-executor-1] INFO  impl.VoteContext (VoteContext.java:log(48)) - 796fe754-0c35-4eb6-a30c-1cb762a5c0c8@group-5EE7C243A93E-FOLLOWER: accept ELECTION from ff089832-d0c0-4656-8db7-7a8b564902c0: our priority 0 <= candidate's priority 1
2022-11-08 11:41:15,230 [grpc-default-executor-1] INFO  server.RaftServer$Division (RaftServerImpl.java:setRole(321)) - 796fe754-0c35-4eb6-a30c-1cb762a5c0c8@group-5EE7C243A93E: changes role from  FOLLOWER to FOLLOWER at term 1 for candidate:ff089832-d0c0-4656-8db7-7a8b564902c0
2022-11-08 11:41:15,230 [grpc-default-executor-1] INFO  impl.RoleInfo (RoleInfo.java:shutdownFollowerState(110)) - 796fe754-0c35-4eb6-a30c-1cb762a5c0c8: shutdown 796fe754-0c35-4eb6-a30c-1cb762a5c0c8@group-5EE7C243A93E-FollowerState
2022-11-08 11:41:15,230 [grpc-default-executor-1] INFO  impl.RoleInfo (RoleInfo.java:updateAndGet(139)) - 796fe754-0c35-4eb6-a30c-1cb762a5c0c8: start 796fe754-0c35-4eb6-a30c-1cb762a5c0c8@group-5EE7C243A93E-FollowerState
2022-11-08 11:41:15,230 [796fe754-0c35-4eb6-a30c-1cb762a5c0c8@group-5EE7C243A93E-FollowerState] INFO  impl.FollowerState (FollowerState.java:run(152)) - 796fe754-0c35-4eb6-a30c-1cb762a5c0c8@group-5EE7C243A93E-FollowerState was interrupted
2022-11-08 11:41:15,240 [796fe754-0c35-4eb6-a30c-1cb762a5c0c8@group-5EE7C243A93E-FollowerState] INFO  server.RaftServerConfigKeys (ConfUtils.java:logFallback(53)) - raft.server.rpc.first-election.timeout.min = 5s (fallback to raft.server.rpc.timeout.min)
2022-11-08 11:41:15,241 [796fe754-0c35-4eb6-a30c-1cb762a5c0c8@group-5EE7C243A93E-FollowerState] INFO  server.RaftServerConfigKeys (ConfUtils.java:logFallback(53)) - raft.server.rpc.first-election.timeout.max = 5200ms (fallback to raft.server.rpc.timeout.max)
2022-11-08 11:41:15,242 [grpc-default-executor-0] INFO  server.RaftServer$Division (RaftServerImpl.java:requestVote(1218)) - 72dfd9ba-a98d-401a-81dd-3b4131028c49@group-5EE7C243A93E: receive requestVote(ELECTION, ff089832-d0c0-4656-8db7-7a8b564902c0, group-5EE7C243A93E, 1, (t:0, i:0))
2022-11-08 11:41:15,242 [grpc-default-executor-1] INFO  server.RaftServer$Division (RaftServerImpl.java:requestVote(1251)) - 796fe754-0c35-4eb6-a30c-1cb762a5c0c8@group-5EE7C243A93E replies to ELECTION vote request: ff089832-d0c0-4656-8db7-7a8b564902c0<-796fe754-0c35-4eb6-a30c-1cb762a5c0c8#0:OK-t1. Peer's state: 796fe754-0c35-4eb6-a30c-1cb762a5c0c8@group-5EE7C243A93E:t1, leader=null, voted=ff089832-d0c0-4656-8db7-7a8b564902c0, raftlog=Memoized:796fe754-0c35-4eb6-a30c-1cb762a5c0c8@group-5EE7C243A93E-SegmentedRaftLog:OPENED:c-1, conf=-1: peers:[796fe754-0c35-4eb6-a30c-1cb762a5c0c8|rpc:10.1.0.111:44279|priority:0|startupRole:FOLLOWER, ff089832-d0c0-4656-8db7-7a8b564902c0|rpc:10.1.0.111:45571|priority:1|startupRole:FOLLOWER, 72dfd9ba-a98d-401a-81dd-3b4131028c49|rpc:10.1.0.111:43469|priority:0|startupRole:FOLLOWER]|listeners:[], old=null
2022-11-08 11:41:15,242 [grpc-default-executor-0] INFO  impl.VoteContext (VoteContext.java:log(48)) - 72dfd9ba-a98d-401a-81dd-3b4131028c49@group-5EE7C243A93E-FOLLOWER: accept ELECTION from ff089832-d0c0-4656-8db7-7a8b564902c0: our priority 0 <= candidate's priority 1
2022-11-08 11:41:15,242 [grpc-default-executor-0] INFO  server.RaftServer$Division (RaftServerImpl.java:setRole(321)) - 72dfd9ba-a98d-401a-81dd-3b4131028c49@group-5EE7C243A93E: changes role from  FOLLOWER to FOLLOWER at term 1 for candidate:ff089832-d0c0-4656-8db7-7a8b564902c0
2022-11-08 11:41:15,242 [grpc-default-executor-0] INFO  impl.RoleInfo (RoleInfo.java:shutdownFollowerState(110)) - 72dfd9ba-a98d-401a-81dd-3b4131028c49: shutdown 72dfd9ba-a98d-401a-81dd-3b4131028c49@group-5EE7C243A93E-FollowerState
2022-11-08 11:41:15,242 [grpc-default-executor-0] INFO  impl.RoleInfo (RoleInfo.java:updateAndGet(139)) - 72dfd9ba-a98d-401a-81dd-3b4131028c49: start 72dfd9ba-a98d-401a-81dd-3b4131028c49@group-5EE7C243A93E-FollowerState
2022-11-08 11:41:15,243 [72dfd9ba-a98d-401a-81dd-3b4131028c49@group-5EE7C243A93E-FollowerState] INFO  impl.FollowerState (FollowerState.java:run(152)) - 72dfd9ba-a98d-401a-81dd-3b4131028c49@group-5EE7C243A93E-FollowerState was interrupted
2022-11-08 11:41:15,245 [grpc-default-executor-0] INFO  server.RaftServer$Division (RaftServerImpl.java:requestVote(1251)) - 72dfd9ba-a98d-401a-81dd-3b4131028c49@group-5EE7C243A93E replies to ELECTION vote request: ff089832-d0c0-4656-8db7-7a8b564902c0<-72dfd9ba-a98d-401a-81dd-3b4131028c49#0:OK-t1. Peer's state: 72dfd9ba-a98d-401a-81dd-3b4131028c49@group-5EE7C243A93E:t1, leader=null, voted=ff089832-d0c0-4656-8db7-7a8b564902c0, raftlog=Memoized:72dfd9ba-a98d-401a-81dd-3b4131028c49@group-5EE7C243A93E-SegmentedRaftLog:OPENED:c-1, conf=-1: peers:[796fe754-0c35-4eb6-a30c-1cb762a5c0c8|rpc:10.1.0.111:44279|dataStream:|priority:0|startupRole:FOLLOWER, ff089832-d0c0-4656-8db7-7a8b564902c0|rpc:10.1.0.111:45571|dataStream:|priority:1|startupRole:FOLLOWER, 72dfd9ba-a98d-401a-81dd-3b4131028c49|rpc:10.1.0.111:43469|dataStream:|priority:0|startupRole:FOLLOWER]|listeners:[], old=null
2022-11-08 11:41:15,246 [ff089832-d0c0-4656-8db7-7a8b564902c0@group-5EE7C243A93E-LeaderElection23] INFO  impl.LeaderElection (LeaderElection.java:logAndReturn(90)) - ff089832-d0c0-4656-8db7-7a8b564902c0@group-5EE7C243A93E-LeaderElection23: ELECTION PASSED received 1 response(s) and 0 exception(s):
2022-11-08 11:41:15,246 [ff089832-d0c0-4656-8db7-7a8b564902c0@group-5EE7C243A93E-LeaderElection23] INFO  impl.LeaderElection (LeaderElection.java:logAndReturn(94)) -   Response 0: ff089832-d0c0-4656-8db7-7a8b564902c0<-72dfd9ba-a98d-401a-81dd-3b4131028c49#0:OK-t1
2022-11-08 11:41:15,246 [ff089832-d0c0-4656-8db7-7a8b564902c0@group-5EE7C243A93E-LeaderElection23] INFO  impl.LeaderElection (LeaderElection.java:askForVotes(314)) - ff089832-d0c0-4656-8db7-7a8b564902c0@group-5EE7C243A93E-LeaderElection23 ELECTION round 0: result PASSED
2022-11-08 11:41:15,246 [ff089832-d0c0-4656-8db7-7a8b564902c0@group-5EE7C243A93E-LeaderElection23] INFO  impl.RoleInfo (RoleInfo.java:shutdownLeaderElection(130)) - ff089832-d0c0-4656-8db7-7a8b564902c0: shutdown ff089832-d0c0-4656-8db7-7a8b564902c0@group-5EE7C243A93E-LeaderElection23
2022-11-08 11:41:15,246 [ff089832-d0c0-4656-8db7-7a8b564902c0@group-5EE7C243A93E-LeaderElection23] INFO  server.RaftServer$Division (RaftServerImpl.java:setRole(321)) - ff089832-d0c0-4656-8db7-7a8b564902c0@group-5EE7C243A93E: changes role from CANDIDATE to LEADER at term 1 for changeToLeader
2022-11-08 11:41:15,247 [ff089832-d0c0-4656-8db7-7a8b564902c0@group-5EE7C243A93E-LeaderElection23] INFO  ratis.XceiverServerRatis (XceiverServerRatis.java:handleLeaderChangedNotification(863)) - Leader change notification received for group: group-5EE7C243A93E with new leaderId: ff089832-d0c0-4656-8db7-7a8b564902c0
2022-11-08 11:41:15,247 [ff089832-d0c0-4656-8db7-7a8b564902c0@group-5EE7C243A93E-LeaderElection23] INFO  server.RaftServer$Division (ServerState.java:setLeader(313)) - ff089832-d0c0-4656-8db7-7a8b564902c0@group-5EE7C243A93E: change Leader from null to ff089832-d0c0-4656-8db7-7a8b564902c0 at term 1 for becomeLeader, leader elected after 5104ms
2022-11-08 11:41:15,247 [ff089832-d0c0-4656-8db7-7a8b564902c0@group-5EE7C243A93E-LeaderElection23] INFO  server.RaftServerConfigKeys (ConfUtils.java:logGet(46)) - raft.server.staging.catchup.gap = 1000 (default)
2022-11-08 11:41:15,247 [72dfd9ba-a98d-401a-81dd-3b4131028c49@group-5EE7C243A93E-FollowerState] INFO  server.RaftServerConfigKeys (ConfUtils.java:logFallback(53)) - raft.server.rpc.first-election.timeout.min = 5s (fallback to raft.server.rpc.timeout.min)
2022-11-08 11:41:15,247 [ff089832-d0c0-4656-8db7-7a8b564902c0@group-5EE7C243A93E-LeaderElection23] INFO  server.RaftServerConfigKeys (ConfUtils.java:logGet(46)) - raft.server.write.element-limit = 1024 (custom)
2022-11-08 11:41:15,247 [ff089832-d0c0-4656-8db7-7a8b564902c0@group-5EE7C243A93E-LeaderElection23] INFO  server.RaftServerConfigKeys (ConfUtils.java:logGet(46)) - raft.server.write.byte-limit = 1024 M (=1073741824) (custom)
2022-11-08 11:41:15,248 [ff089832-d0c0-4656-8db7-7a8b564902c0@group-5EE7C243A93E-LeaderElection23] INFO  server.RaftServerConfigKeys (ConfUtils.java:logGet(46)) - raft.server.watch.timeout = 180s (custom)
2022-11-08 11:41:15,248 [ff089832-d0c0-4656-8db7-7a8b564902c0@group-5EE7C243A93E-LeaderElection23] INFO  server.RaftServerConfigKeys (ConfUtils.java:logGet(46)) - raft.server.watch.timeout.denomination = 1s (default)
2022-11-08 11:41:15,248 [ff089832-d0c0-4656-8db7-7a8b564902c0@group-5EE7C243A93E-LeaderElection23] INFO  server.RaftServerConfigKeys (ConfUtils.java:logGet(46)) - raft.server.watch.element-limit = 65536 (default)
2022-11-08 11:41:15,248 [ff089832-d0c0-4656-8db7-7a8b564902c0@group-5EE7C243A93E-LeaderElection23] INFO  server.RaftServerConfigKeys (ConfUtils.java:logGet(46)) - raft.server.write.element-limit = 1024 (custom)
2022-11-08 11:41:15,248 [ff089832-d0c0-4656-8db7-7a8b564902c0@group-5EE7C243A93E-LeaderElection23] INFO  server.RaftServerConfigKeys (ConfUtils.java:logGet(46)) - raft.server.write.follower.gap.ratio.max = -1.0 (default)
2022-11-08 11:41:15,247 [72dfd9ba-a98d-401a-81dd-3b4131028c49@group-5EE7C243A93E-FollowerState] INFO  server.RaftServerConfigKeys (ConfUtils.java:logFallback(53)) - raft.server.rpc.first-election.timeout.max = 5200ms (fallback to raft.server.rpc.timeout.max)
2022-11-08 11:41:15,250 [EventQueue-PipelineReportForPipelineReportHandler] INFO  pipeline.PipelineManagerImpl (PipelineManagerImpl.java:openPipeline(367)) - Pipeline Pipeline[ Id: cc32a6dc-16b6-46bf-ba56-5ee7c243a93e, Nodes: 72dfd9ba-a98d-401a-81dd-3b4131028c49{ip: 10.1.0.111, host: fv-az573-890.uspngagyt4suddso0aj1djjezg.dx.internal.cloudapp.net, ports: [REPLICATION=45913, RATIS=43469, RATIS_ADMIN=43469, RATIS_SERVER=43469, STANDALONE=34397], networkLocation: /default-rack, certSerialId: null, persistedOpState: IN_SERVICE, persistedOpStateExpiryEpochSec: 0}ff089832-d0c0-4656-8db7-7a8b564902c0{ip: 10.1.0.111, host: fv-az573-890.uspngagyt4suddso0aj1djjezg.dx.internal.cloudapp.net, ports: [REPLICATION=37797, RATIS=45571, RATIS_ADMIN=45571, RATIS_SERVER=45571, STANDALONE=44499], networkLocation: /default-rack, certSerialId: null, persistedOpState: IN_SERVICE, persistedOpStateExpiryEpochSec: 0}796fe754-0c35-4eb6-a30c-1cb762a5c0c8{ip: 10.1.0.111, host: fv-az573-890.uspngagyt4suddso0aj1djjezg.dx.internal.cloudapp.net, ports: [REPLICATION=38467, RATIS=44279, RATIS_ADMIN=44279, RATIS_SERVER=44279, STANDALONE=36161], networkLocation: /default-rack, certSerialId: null, persistedOpState: IN_SERVICE, persistedOpStateExpiryEpochSec: 0}, ReplicationConfig: RATIS/THREE, State:ALLOCATED, leaderId:ff089832-d0c0-4656-8db7-7a8b564902c0, CreationTimestamp2022-11-08T11:41:07.730Z[Etc/UTC]] moved to OPEN state
2022-11-08 11:41:15,249 [ff089832-d0c0-4656-8db7-7a8b564902c0@group-5EE7C243A93E-LeaderElection23] INFO  server.RaftServerConfigKeys (ConfUtils.java:logGet(46)) - raft.server.log.appender.snapshot.chunk.size.max = 16MB (=16777216) (default)
2022-11-08 11:41:15,256 [ff089832-d0c0-4656-8db7-7a8b564902c0@group-5EE7C243A93E-LeaderElection23] INFO  server.RaftServerConfigKeys (ConfUtils.java:logGet(46)) - raft.server.log.appender.buffer.byte-limit = 33554432 (custom)
2022-11-08 11:41:15,256 [ff089832-d0c0-4656-8db7-7a8b564902c0@group-5EE7C243A93E-LeaderElection23] INFO  server.RaftServerConfigKeys (ConfUtils.java:logGet(46)) - raft.server.log.appender.buffer.element-limit = 1 (custom)
2022-11-08 11:41:15,256 [ff089832-d0c0-4656-8db7-7a8b564902c0@group-5EE7C243A93E-LeaderElection23] INFO  grpc.GrpcConfigKeys (ConfUtils.java:logGet(46)) - raft.grpc.server.leader.outstanding.appends.max = 128 (default)
2022-11-08 11:41:15,256 [ff089832-d0c0-4656-8db7-7a8b564902c0@group-5EE7C243A93E-LeaderElection23] INFO  server.RaftServerConfigKeys (ConfUtils.java:logGet(46)) - raft.server.rpc.request.timeout = 60s (custom)
2022-11-08 11:41:15,256 [ff089832-d0c0-4656-8db7-7a8b564902c0@group-5EE7C243A93E-LeaderElection23] INFO  server.RaftServerConfigKeys (ConfUtils.java:logGet(46)) - raft.server.log.appender.install.snapshot.enabled = false (custom)
2022-11-08 11:41:15,256 [ff089832-d0c0-4656-8db7-7a8b564902c0@group-5EE7C243A93E-LeaderElection23] INFO  grpc.GrpcConfigKeys (ConfUtils.java:logGet(46)) - raft.grpc.server.heartbeat.channel = true (default)
2022-11-08 11:41:15,256 [ff089832-d0c0-4656-8db7-7a8b564902c0@group-5EE7C243A93E-LeaderElection23] INFO  server.RaftServerConfigKeys (ConfUtils.java:logGet(46)) - raft.server.log.appender.wait-time.min = 10ms (default)
2022-11-08 11:41:15,257 [EventQueue-OpenPipelineForHealthyPipelineSafeModeRule] INFO  safemode.SCMSafeModeManager (HealthyPipelineSafeModeRule.java:process(137)) - SCM in safe mode. Healthy pipelines reported count is 1, required healthy pipeline reported count is 1
2022-11-08 11:41:15,257 [EventQueue-OpenPipelineForHealthyPipelineSafeModeRule] INFO  safemode.SCMSafeModeManager (SCMSafeModeManager.java:validateSafeModeExitRules(204)) - HealthyPipelineSafeModeRule rule is successfully validated
2022-11-08 11:41:15,257 [EventQueue-OpenPipelineForHealthyPipelineSafeModeRule] INFO  safemode.SCMSafeModeManager (SCMSafeModeManager.java:validateSafeModeExitRules(219)) - ScmSafeModeManager, all rules are successfully validated
2022-11-08 11:41:15,257 [EventQueue-OpenPipelineForHealthyPipelineSafeModeRule] INFO  safemode.SCMSafeModeManager (SCMSafeModeManager.java:exitSafeMode(248)) - SCM exiting safe mode.
2022-11-08 11:41:15,257 [EventQueue-OpenPipelineForHealthyPipelineSafeModeRule] WARN  events.EventQueue (EventQueue.java:fireEvent(216)) - No event handler registered for event TypedEvent{payloadType=SafeModeStatus, name='Safe mode status'}
2022-11-08 11:41:15,257 [EventQueue-OpenPipelineForHealthyPipelineSafeModeRule] INFO  ha.SCMContext (SCMContext.java:updateSafeModeStatus(228)) - Update SafeModeStatus from SafeModeStatus{safeModeStatus=true, preCheckPassed=true} to SafeModeStatus{safeModeStatus=false, preCheckPassed=true}.
2022-11-08 11:41:15,257 [EventQueue-OpenPipelineForHealthyPipelineSafeModeRule] INFO  pipeline.BackgroundPipelineCreator (BackgroundPipelineCreator.java:notifyStatusChanged(254)) - Service BackgroundPipelineCreator transitions to RUNNING.
2022-11-08 11:41:15,257 [EventQueue-OpenPipelineForHealthyPipelineSafeModeRule] INFO  BackgroundPipelineScrubber (BackgroundSCMService.java:notifyStatusChanged(82)) - Service BackgroundPipelineScrubber transitions to RUNNING.
2022-11-08 11:41:15,257 [EventQueue-OpenPipelineForHealthyPipelineSafeModeRule] INFO  ExpiredContainerReplicaOpScrubber (BackgroundSCMService.java:notifyStatusChanged(82)) - Service ExpiredContainerReplicaOpScrubber transitions to RUNNING.
2022-11-08 11:41:15,257 [EventQueue-OpenPipelineForHealthyPipelineSafeModeRule] INFO  replication.ReplicationManager (ReplicationManager.java:notifyStatusChanged(799)) - Service ReplicationManager transitions to RUNNING.
2022-11-08 11:41:15,257 [ff089832-d0c0-4656-8db7-7a8b564902c0@group-5EE7C243A93E-LeaderElection23] INFO  server.RaftServerConfigKeys (ConfUtils.java:logGet(46)) - raft.server.log.appender.snapshot.chunk.size.max = 16MB (=16777216) (default)
2022-11-08 11:41:15,258 [EventQueue-OpenPipelineForHealthyPipelineSafeModeRule] WARN  balancer.ContainerBalancer (ContainerBalancer.java:shouldRun(131)) - Could not find persisted configuration for ContainerBalancer when checking if ContainerBalancer should run. ContainerBalancer should not run now.
2022-11-08 11:41:15,258 [ff089832-d0c0-4656-8db7-7a8b564902c0@group-5EE7C243A93E-LeaderElection23] INFO  server.RaftServerConfigKeys (ConfUtils.java:logGet(46)) - raft.server.log.appender.buffer.byte-limit = 33554432 (custom)
2022-11-08 11:41:15,258 [ff089832-d0c0-4656-8db7-7a8b564902c0@group-5EE7C243A93E-LeaderElection23] INFO  server.RaftServerConfigKeys (ConfUtils.java:logGet(46)) - raft.server.log.appender.buffer.element-limit = 1 (custom)
2022-11-08 11:41:15,258 [ff089832-d0c0-4656-8db7-7a8b564902c0@group-5EE7C243A93E-LeaderElection23] INFO  grpc.GrpcConfigKeys (ConfUtils.java:logGet(46)) - raft.grpc.server.leader.outstanding.appends.max = 128 (default)
2022-11-08 11:41:15,258 [ff089832-d0c0-4656-8db7-7a8b564902c0@group-5EE7C243A93E-LeaderElection23] INFO  server.RaftServerConfigKeys (ConfUtils.java:logGet(46)) - raft.server.rpc.request.timeout = 60s (custom)
2022-11-08 11:41:15,258 [ff089832-d0c0-4656-8db7-7a8b564902c0@group-5EE7C243A93E-LeaderElection23] INFO  server.RaftServerConfigKeys (ConfUtils.java:logGet(46)) - raft.server.log.appender.install.snapshot.enabled = false (custom)
2022-11-08 11:41:15,258 [ff089832-d0c0-4656-8db7-7a8b564902c0@group-5EE7C243A93E-LeaderElection23] INFO  grpc.GrpcConfigKeys (ConfUtils.java:logGet(46)) - raft.grpc.server.heartbeat.channel = true (default)
2022-11-08 11:41:15,258 [ff089832-d0c0-4656-8db7-7a8b564902c0@group-5EE7C243A93E-LeaderElection23] INFO  server.RaftServerConfigKeys (ConfUtils.java:logGet(46)) - raft.server.log.appender.wait-time.min = 10ms (default)
2022-11-08 11:41:15,259 [ff089832-d0c0-4656-8db7-7a8b564902c0@group-5EE7C243A93E-LeaderElection23] INFO  impl.RoleInfo (RoleInfo.java:updateAndGet(139)) - ff089832-d0c0-4656-8db7-7a8b564902c0: start ff089832-d0c0-4656-8db7-7a8b564902c0@group-5EE7C243A93E-LeaderStateImpl
2022-11-08 11:41:15,259 [ff089832-d0c0-4656-8db7-7a8b564902c0@group-5EE7C243A93E-LeaderElection23] INFO  segmented.SegmentedRaftLogWorker (SegmentedRaftLogWorker.java:startLogSegment(452)) - ff089832-d0c0-4656-8db7-7a8b564902c0@group-5EE7C243A93E-SegmentedRaftLogWorker: Starting segment from index:0
2022-11-08 11:41:15,261 [ff089832-d0c0-4656-8db7-7a8b564902c0@group-5EE7C243A93E-SegmentedRaftLogWorker] INFO  segmented.SegmentedRaftLogWorker (SegmentedRaftLogWorker.java:execute(656)) - ff089832-d0c0-4656-8db7-7a8b564902c0@group-5EE7C243A93E-SegmentedRaftLogWorker: created new log segment /home/runner/work/ozone/ozone/hadoop-ozone/integration-test/target/test-dir/MiniOzoneClusterImpl-7c14af0c-19af-49bd-907c-b9cb5ddf5581/datanode-2/data/ratis/cc32a6dc-16b6-46bf-ba56-5ee7c243a93e/current/log_inprogress_0
2022-11-08 11:41:15,276 [ff089832-d0c0-4656-8db7-7a8b564902c0@group-5EE7C243A93E-LeaderElection23] INFO  server.RaftServer$Division (ServerState.java:setRaftConf(430)) - ff089832-d0c0-4656-8db7-7a8b564902c0@group-5EE7C243A93E: set configuration 0: peers:[796fe754-0c35-4eb6-a30c-1cb762a5c0c8|rpc:10.1.0.111:44279|dataStream:|priority:0|startupRole:FOLLOWER, ff089832-d0c0-4656-8db7-7a8b564902c0|rpc:10.1.0.111:45571|dataStream:|priority:1|startupRole:FOLLOWER, 72dfd9ba-a98d-401a-81dd-3b4131028c49|rpc:10.1.0.111:43469|dataStream:|priority:0|startupRole:FOLLOWER]|listeners:[], old=null
2022-11-08 11:41:15,297 [796fe754-0c35-4eb6-a30c-1cb762a5c0c8-server-thread1] INFO  ratis.XceiverServerRatis (XceiverServerRatis.java:handleLeaderChangedNotification(863)) - Leader change notification received for group: group-5EE7C243A93E with new leaderId: ff089832-d0c0-4656-8db7-7a8b564902c0
2022-11-08 11:41:15,297 [796fe754-0c35-4eb6-a30c-1cb762a5c0c8-server-thread1] INFO  server.RaftServer$Division (ServerState.java:setLeader(313)) - 796fe754-0c35-4eb6-a30c-1cb762a5c0c8@group-5EE7C243A93E: change Leader from null to ff089832-d0c0-4656-8db7-7a8b564902c0 at term 1 for appendEntries, leader elected after 5234ms
2022-11-08 11:41:15,307 [72dfd9ba-a98d-401a-81dd-3b4131028c49-server-thread2] INFO  ratis.XceiverServerRatis (XceiverServerRatis.java:handleLeaderChangedNotification(863)) - Leader change notification received for group: group-5EE7C243A93E with new leaderId: ff089832-d0c0-4656-8db7-7a8b564902c0
2022-11-08 11:41:15,308 [72dfd9ba-a98d-401a-81dd-3b4131028c49-server-thread2] INFO  server.RaftServer$Division (ServerState.java:setLeader(313)) - 72dfd9ba-a98d-401a-81dd-3b4131028c49@group-5EE7C243A93E: change Leader from null to ff089832-d0c0-4656-8db7-7a8b564902c0 at term 1 for appendEntries, leader elected after 5212ms
2022-11-08 11:41:15,310 [796fe754-0c35-4eb6-a30c-1cb762a5c0c8-server-thread2] INFO  server.RaftServer$Division (ServerState.java:setRaftConf(430)) - 796fe754-0c35-4eb6-a30c-1cb762a5c0c8@group-5EE7C243A93E: set configuration 0: peers:[796fe754-0c35-4eb6-a30c-1cb762a5c0c8|rpc:10.1.0.111:44279|dataStream:|priority:0|startupRole:FOLLOWER, ff089832-d0c0-4656-8db7-7a8b564902c0|rpc:10.1.0.111:45571|dataStream:|priority:1|startupRole:FOLLOWER, 72dfd9ba-a98d-401a-81dd-3b4131028c49|rpc:10.1.0.111:43469|dataStream:|priority:0|startupRole:FOLLOWER]|listeners:[], old=null
2022-11-08 11:41:15,311 [796fe754-0c35-4eb6-a30c-1cb762a5c0c8-server-thread2] INFO  segmented.SegmentedRaftLogWorker (SegmentedRaftLogWorker.java:startLogSegment(452)) - 796fe754-0c35-4eb6-a30c-1cb762a5c0c8@group-5EE7C243A93E-SegmentedRaftLogWorker: Starting segment from index:0
2022-11-08 11:41:15,312 [72dfd9ba-a98d-401a-81dd-3b4131028c49-server-thread1] INFO  server.RaftServer$Division (ServerState.java:setRaftConf(430)) - 72dfd9ba-a98d-401a-81dd-3b4131028c49@group-5EE7C243A93E: set configuration 0: peers:[796fe754-0c35-4eb6-a30c-1cb762a5c0c8|rpc:10.1.0.111:44279|dataStream:|priority:0|startupRole:FOLLOWER, ff089832-d0c0-4656-8db7-7a8b564902c0|rpc:10.1.0.111:45571|dataStream:|priority:1|startupRole:FOLLOWER, 72dfd9ba-a98d-401a-81dd-3b4131028c49|rpc:10.1.0.111:43469|dataStream:|priority:0|startupRole:FOLLOWER]|listeners:[], old=null
2022-11-08 11:41:15,312 [796fe754-0c35-4eb6-a30c-1cb762a5c0c8@group-5EE7C243A93E-SegmentedRaftLogWorker] INFO  segmented.SegmentedRaftLogWorker (SegmentedRaftLogWorker.java:execute(656)) - 796fe754-0c35-4eb6-a30c-1cb762a5c0c8@group-5EE7C243A93E-SegmentedRaftLogWorker: created new log segment /home/runner/work/ozone/ozone/hadoop-ozone/integration-test/target/test-dir/MiniOzoneClusterImpl-7c14af0c-19af-49bd-907c-b9cb5ddf5581/datanode-0/data/ratis/cc32a6dc-16b6-46bf-ba56-5ee7c243a93e/current/log_inprogress_0
2022-11-08 11:41:15,314 [72dfd9ba-a98d-401a-81dd-3b4131028c49-server-thread1] INFO  segmented.SegmentedRaftLogWorker (SegmentedRaftLogWorker.java:startLogSegment(452)) - 72dfd9ba-a98d-401a-81dd-3b4131028c49@group-5EE7C243A93E-SegmentedRaftLogWorker: Starting segment from index:0
2022-11-08 11:41:15,316 [72dfd9ba-a98d-401a-81dd-3b4131028c49@group-5EE7C243A93E-SegmentedRaftLogWorker] INFO  segmented.SegmentedRaftLogWorker (SegmentedRaftLogWorker.java:execute(656)) - 72dfd9ba-a98d-401a-81dd-3b4131028c49@group-5EE7C243A93E-SegmentedRaftLogWorker: created new log segment /home/runner/work/ozone/ozone/hadoop-ozone/integration-test/target/test-dir/MiniOzoneClusterImpl-7c14af0c-19af-49bd-907c-b9cb5ddf5581/datanode-1/data/ratis/cc32a6dc-16b6-46bf-ba56-5ee7c243a93e/current/log_inprogress_0
2022-11-08 11:41:15,376 [72dfd9ba-a98d-401a-81dd-3b4131028c49@group-9E57124E21DF-FollowerState] INFO  impl.FollowerState (FollowerState.java:run(143)) - 72dfd9ba-a98d-401a-81dd-3b4131028c49@group-9E57124E21DF-FollowerState: change to CANDIDATE, lastRpcElapsedTime:5108082252ns, electionTimeout:5102ms
2022-11-08 11:41:15,376 [72dfd9ba-a98d-401a-81dd-3b4131028c49@group-9E57124E21DF-FollowerState] INFO  impl.RoleInfo (RoleInfo.java:shutdownFollowerState(110)) - 72dfd9ba-a98d-401a-81dd-3b4131028c49: shutdown 72dfd9ba-a98d-401a-81dd-3b4131028c49@group-9E57124E21DF-FollowerState
2022-11-08 11:41:15,376 [72dfd9ba-a98d-401a-81dd-3b4131028c49@group-9E57124E21DF-FollowerState] INFO  server.RaftServer$Division (RaftServerImpl.java:setRole(321)) - 72dfd9ba-a98d-401a-81dd-3b4131028c49@group-9E57124E21DF: changes role from  FOLLOWER to CANDIDATE at term 0 for changeToCandidate
2022-11-08 11:41:15,376 [72dfd9ba-a98d-401a-81dd-3b4131028c49@group-9E57124E21DF-FollowerState] INFO  server.RaftServerConfigKeys (ConfUtils.java:logGet(46)) - raft.server.leaderelection.pre-vote = false (custom)
2022-11-08 11:41:15,376 [72dfd9ba-a98d-401a-81dd-3b4131028c49@group-9E57124E21DF-FollowerState] INFO  impl.RoleInfo (RoleInfo.java:updateAndGet(139)) - 72dfd9ba-a98d-401a-81dd-3b4131028c49: start 72dfd9ba-a98d-401a-81dd-3b4131028c49@group-9E57124E21DF-LeaderElection24
2022-11-08 11:41:15,381 [72dfd9ba-a98d-401a-81dd-3b4131028c49@group-9E57124E21DF-LeaderElection24] INFO  impl.LeaderElection (LeaderElection.java:askForVotes(312)) - 72dfd9ba-a98d-401a-81dd-3b4131028c49@group-9E57124E21DF-LeaderElection24 ELECTION round 0: submit vote requests at term 1 for -1: peers:[72dfd9ba-a98d-401a-81dd-3b4131028c49|rpc:10.1.0.111:43469|priority:1|startupRole:FOLLOWER]|listeners:[], old=null
2022-11-08 11:41:15,381 [72dfd9ba-a98d-401a-81dd-3b4131028c49@group-9E57124E21DF-LeaderElection24] INFO  impl.LeaderElection (LeaderElection.java:askForVotes(314)) - 72dfd9ba-a98d-401a-81dd-3b4131028c49@group-9E57124E21DF-LeaderElection24 ELECTION round 0: result PASSED (term=1)
2022-11-08 11:41:15,381 [72dfd9ba-a98d-401a-81dd-3b4131028c49@group-9E57124E21DF-LeaderElection24] INFO  impl.RoleInfo (RoleInfo.java:shutdownLeaderElection(130)) - 72dfd9ba-a98d-401a-81dd-3b4131028c49: shutdown 72dfd9ba-a98d-401a-81dd-3b4131028c49@group-9E57124E21DF-LeaderElection24
2022-11-08 11:41:15,382 [72dfd9ba-a98d-401a-81dd-3b4131028c49@group-9E57124E21DF-LeaderElection24] INFO  server.RaftServer$Division (RaftServerImpl.java:setRole(321)) - 72dfd9ba-a98d-401a-81dd-3b4131028c49@group-9E57124E21DF: changes role from CANDIDATE to LEADER at term 1 for changeToLeader
2022-11-08 11:41:15,382 [72dfd9ba-a98d-401a-81dd-3b4131028c49@group-9E57124E21DF-LeaderElection24] INFO  ratis.XceiverServerRatis (XceiverServerRatis.java:handleLeaderChangedNotification(863)) - Leader change notification received for group: group-9E57124E21DF with new leaderId: 72dfd9ba-a98d-401a-81dd-3b4131028c49
2022-11-08 11:41:15,383 [72dfd9ba-a98d-401a-81dd-3b4131028c49@group-9E57124E21DF-LeaderElection24] INFO  server.RaftServer$Division (ServerState.java:setLeader(313)) - 72dfd9ba-a98d-401a-81dd-3b4131028c49@group-9E57124E21DF: change Leader from null to 72dfd9ba-a98d-401a-81dd-3b4131028c49 at term 1 for becomeLeader, leader elected after 5135ms
2022-11-08 11:41:15,383 [72dfd9ba-a98d-401a-81dd-3b4131028c49@group-9E57124E21DF-LeaderElection24] INFO  server.RaftServerConfigKeys (ConfUtils.java:logGet(46)) - raft.server.staging.catchup.gap = 1000 (default)
2022-11-08 11:41:15,386 [72dfd9ba-a98d-401a-81dd-3b4131028c49@group-9E57124E21DF-LeaderElection24] INFO  server.RaftServerConfigKeys (ConfUtils.java:logGet(46)) - raft.server.write.element-limit = 1024 (custom)
2022-11-08 11:41:15,386 [72dfd9ba-a98d-401a-81dd-3b4131028c49@group-9E57124E21DF-LeaderElection24] INFO  server.RaftServerConfigKeys (ConfUtils.java:logGet(46)) - raft.server.write.byte-limit = 1024 M (=1073741824) (custom)
2022-11-08 11:41:15,386 [72dfd9ba-a98d-401a-81dd-3b4131028c49@group-9E57124E21DF-LeaderElection24] INFO  server.RaftServerConfigKeys (ConfUtils.java:logGet(46)) - raft.server.watch.timeout = 180s (custom)
2022-11-08 11:41:15,386 [72dfd9ba-a98d-401a-81dd-3b4131028c49@group-9E57124E21DF-LeaderElection24] INFO  server.RaftServerConfigKeys (ConfUtils.java:logGet(46)) - raft.server.watch.timeout.denomination = 1s (default)
2022-11-08 11:41:15,387 [72dfd9ba-a98d-401a-81dd-3b4131028c49@group-9E57124E21DF-LeaderElection24] INFO  server.RaftServerConfigKeys (ConfUtils.java:logGet(46)) - raft.server.watch.element-limit = 65536 (default)
2022-11-08 11:41:15,387 [72dfd9ba-a98d-401a-81dd-3b4131028c49@group-9E57124E21DF-LeaderElection24] INFO  server.RaftServerConfigKeys (ConfUtils.java:logGet(46)) - raft.server.write.element-limit = 1024 (custom)
2022-11-08 11:41:15,387 [72dfd9ba-a98d-401a-81dd-3b4131028c49@group-9E57124E21DF-LeaderElection24] INFO  server.RaftServerConfigKeys (ConfUtils.java:logGet(46)) - raft.server.write.follower.gap.ratio.max = -1.0 (default)
2022-11-08 11:41:15,387 [72dfd9ba-a98d-401a-81dd-3b4131028c49@group-9E57124E21DF-LeaderElection24] INFO  impl.RoleInfo (RoleInfo.java:updateAndGet(139)) - 72dfd9ba-a98d-401a-81dd-3b4131028c49: start 72dfd9ba-a98d-401a-81dd-3b4131028c49@group-9E57124E21DF-LeaderStateImpl
2022-11-08 11:41:15,387 [72dfd9ba-a98d-401a-81dd-3b4131028c49@group-9E57124E21DF-LeaderElection24] INFO  segmented.SegmentedRaftLogWorker (SegmentedRaftLogWorker.java:startLogSegment(452)) - 72dfd9ba-a98d-401a-81dd-3b4131028c49@group-9E57124E21DF-SegmentedRaftLogWorker: Starting segment from index:0
2022-11-08 11:41:15,389 [72dfd9ba-a98d-401a-81dd-3b4131028c49@group-9E57124E21DF-SegmentedRaftLogWorker] INFO  segmented.SegmentedRaftLogWorker (SegmentedRaftLogWorker.java:execute(656)) - 72dfd9ba-a98d-401a-81dd-3b4131028c49@group-9E57124E21DF-SegmentedRaftLogWorker: created new log segment /home/runner/work/ozone/ozone/hadoop-ozone/integration-test/target/test-dir/MiniOzoneClusterImpl-7c14af0c-19af-49bd-907c-b9cb5ddf5581/datanode-1/data/ratis/fcc1767b-2537-4310-b0e5-9e57124e21df/current/log_inprogress_0
2022-11-08 11:41:15,390 [72dfd9ba-a98d-401a-81dd-3b4131028c49@group-9E57124E21DF-LeaderElection24] INFO  server.RaftServer$Division (ServerState.java:setRaftConf(430)) - 72dfd9ba-a98d-401a-81dd-3b4131028c49@group-9E57124E21DF: set configuration 0: peers:[72dfd9ba-a98d-401a-81dd-3b4131028c49|rpc:10.1.0.111:43469|dataStream:|priority:1|startupRole:FOLLOWER]|listeners:[], old=null
2022-11-08 11:41:15,729 [Listener at 127.0.0.1/45831] INFO  ozone.MiniOzoneClusterImpl (MiniOzoneClusterImpl.java:lambda$waitForClusterToBeReady$0(216)) - Nodes are ready. Got 3 of 3 DN Heartbeats.
2022-11-08 11:41:15,730 [Listener at 127.0.0.1/45831] INFO  ozone.MiniOzoneClusterImpl (MiniOzoneClusterImpl.java:lambda$waitForClusterToBeReady$0(219)) - Cluster exits safe mode
2022-11-08 11:41:15,730 [Listener at 127.0.0.1/45831] INFO  ozone.MiniOzoneClusterImpl (MiniOzoneClusterImpl.java:lambda$waitForClusterToBeReady$0(221)) - SCM became leader
2022-11-08 11:41:15,732 [Listener at 127.0.0.1/45831] INFO  ozoneimpl.OzoneContainer (OzoneContainer.java:stop(400)) - Attempting to stop container services.
2022-11-08 11:41:15,733 [Listener at 127.0.0.1/45831] INFO  server.RaftServer (RaftServerProxy.java:lambda$close$6(409)) - 796fe754-0c35-4eb6-a30c-1cb762a5c0c8: close
2022-11-08 11:41:15,733 [796fe754-0c35-4eb6-a30c-1cb762a5c0c8-impl-thread1] INFO  server.RaftServer$Division (RaftServerImpl.java:lambda$close$4(458)) - 796fe754-0c35-4eb6-a30c-1cb762a5c0c8@group-12EDBCD636A6: shutdown
2022-11-08 11:41:15,733 [796fe754-0c35-4eb6-a30c-1cb762a5c0c8-impl-thread1] INFO  util.JmxRegister (JmxRegister.java:unregister(73)) - Successfully un-registered JMX Bean with object name Ratis:service=RaftServer,group=group-12EDBCD636A6,id=796fe754-0c35-4eb6-a30c-1cb762a5c0c8
2022-11-08 11:41:15,733 [796fe754-0c35-4eb6-a30c-1cb762a5c0c8-impl-thread1] INFO  impl.RoleInfo (RoleInfo.java:shutdownFollowerState(110)) - 796fe754-0c35-4eb6-a30c-1cb762a5c0c8: shutdown 796fe754-0c35-4eb6-a30c-1cb762a5c0c8@group-12EDBCD636A6-FollowerState
2022-11-08 11:41:15,733 [796fe754-0c35-4eb6-a30c-1cb762a5c0c8-impl-thread2] INFO  server.RaftServer$Division (RaftServerImpl.java:lambda$close$4(458)) - 796fe754-0c35-4eb6-a30c-1cb762a5c0c8@group-ACC8501C15B7: shutdown
2022-11-08 11:41:15,733 [796fe754-0c35-4eb6-a30c-1cb762a5c0c8-impl-thread2] INFO  util.JmxRegister (JmxRegister.java:unregister(73)) - Successfully un-registered JMX Bean with object name Ratis:service=RaftServer,group=group-ACC8501C15B7,id=796fe754-0c35-4eb6-a30c-1cb762a5c0c8
2022-11-08 11:41:15,733 [796fe754-0c35-4eb6-a30c-1cb762a5c0c8-impl-thread2] INFO  impl.RoleInfo (RoleInfo.java:shutdownLeaderState(93)) - 796fe754-0c35-4eb6-a30c-1cb762a5c0c8: shutdown 796fe754-0c35-4eb6-a30c-1cb762a5c0c8@group-ACC8501C15B7-LeaderStateImpl
2022-11-08 11:41:15,733 [796fe754-0c35-4eb6-a30c-1cb762a5c0c8-impl-thread2] INFO  impl.PendingRequests (PendingRequests.java:sendNotLeaderResponses(282)) - 796fe754-0c35-4eb6-a30c-1cb762a5c0c8@group-ACC8501C15B7-PendingRequests: sendNotLeaderResponses
2022-11-08 11:41:15,734 [796fe754-0c35-4eb6-a30c-1cb762a5c0c8@group-ACC8501C15B7-StateMachineUpdater] INFO  ratis.ContainerStateMachine (ContainerStateMachine.java:takeSnapshot(304)) - group-ACC8501C15B7: Taking a snapshot at:(t:1, i:0) file /home/runner/work/ozone/ozone/hadoop-ozone/integration-test/target/test-dir/MiniOzoneClusterImpl-7c14af0c-19af-49bd-907c-b9cb5ddf5581/datanode-0/data/ratis/7d79a7e7-3ce8-4691-a67f-acc8501c15b7/sm/snapshot.1_0
2022-11-08 11:41:15,735 [796fe754-0c35-4eb6-a30c-1cb762a5c0c8-impl-thread2] INFO  impl.StateMachineUpdater (StateMachineUpdater.java:stopAndJoin(153)) - 796fe754-0c35-4eb6-a30c-1cb762a5c0c8@group-ACC8501C15B7-StateMachineUpdater: set stopIndex = 0
2022-11-08 11:41:15,735 [Listener at 127.0.0.1/45831] INFO  server.GrpcService (GrpcService.java:closeImpl(279)) - 796fe754-0c35-4eb6-a30c-1cb762a5c0c8: shutdown server GrpcServerProtocolService now
2022-11-08 11:41:15,735 [796fe754-0c35-4eb6-a30c-1cb762a5c0c8@group-ACC8501C15B7-StateMachineUpdater] INFO  ratis.ContainerStateMachine (ContainerStateMachine.java:takeSnapshot(315)) - group-ACC8501C15B7: Finished taking a snapshot at:(t:1, i:0) file:/home/runner/work/ozone/ozone/hadoop-ozone/integration-test/target/test-dir/MiniOzoneClusterImpl-7c14af0c-19af-49bd-907c-b9cb5ddf5581/datanode-0/data/ratis/7d79a7e7-3ce8-4691-a67f-acc8501c15b7/sm/snapshot.1_0 took: 1 ms
2022-11-08 11:41:15,735 [796fe754-0c35-4eb6-a30c-1cb762a5c0c8@group-ACC8501C15B7-StateMachineUpdater] INFO  impl.StateMachineUpdater (StateMachineUpdater.java:takeSnapshot(287)) - 796fe754-0c35-4eb6-a30c-1cb762a5c0c8@group-ACC8501C15B7-StateMachineUpdater: Took a snapshot at index 0
2022-11-08 11:41:15,735 [796fe754-0c35-4eb6-a30c-1cb762a5c0c8@group-ACC8501C15B7-StateMachineUpdater] INFO  impl.StateMachineUpdater (StateMachineUpdater.java:lambda$new$0(92)) - 796fe754-0c35-4eb6-a30c-1cb762a5c0c8@group-ACC8501C15B7-StateMachineUpdater: snapshotIndex: updateIncreasingly -1 -> 0
2022-11-08 11:41:15,736 [796fe754-0c35-4eb6-a30c-1cb762a5c0c8-impl-thread2] INFO  server.RaftServer$Division (ServerState.java:close(466)) - 796fe754-0c35-4eb6-a30c-1cb762a5c0c8@group-ACC8501C15B7: closes. applyIndex: 0
2022-11-08 11:41:15,736 [796fe754-0c35-4eb6-a30c-1cb762a5c0c8-impl-thread3] INFO  server.RaftServer$Division (RaftServerImpl.java:lambda$close$4(458)) - 796fe754-0c35-4eb6-a30c-1cb762a5c0c8@group-5EE7C243A93E: shutdown
2022-11-08 11:41:15,736 [796fe754-0c35-4eb6-a30c-1cb762a5c0c8-impl-thread3] INFO  util.JmxRegister (JmxRegister.java:unregister(73)) - Successfully un-registered JMX Bean with object name Ratis:service=RaftServer,group=group-5EE7C243A93E,id=796fe754-0c35-4eb6-a30c-1cb762a5c0c8
2022-11-08 11:41:15,736 [796fe754-0c35-4eb6-a30c-1cb762a5c0c8-impl-thread3] INFO  impl.RoleInfo (RoleInfo.java:shutdownFollowerState(110)) - 796fe754-0c35-4eb6-a30c-1cb762a5c0c8: shutdown 796fe754-0c35-4eb6-a30c-1cb762a5c0c8@group-5EE7C243A93E-FollowerState
2022-11-08 11:41:15,738 [grpc-default-executor-4] WARN  server.GrpcServerProtocolService (LogUtils.java:warn(122)) - 796fe754-0c35-4eb6-a30c-1cb762a5c0c8: installSnapshot onError, lastRequest: null: org.apache.ratis.thirdparty.io.grpc.StatusRuntimeException: CANCELLED: client cancelled
2022-11-08 11:41:15,739 [Listener at 127.0.0.1/45831] INFO  server.GrpcServerProtocolClient (GrpcServerProtocolClient.java:close(111)) - ff089832-d0c0-4656-8db7-7a8b564902c0 Close channels
2022-11-08 11:41:15,739 [796fe754-0c35-4eb6-a30c-1cb762a5c0c8@group-12EDBCD636A6-FollowerState] INFO  impl.FollowerState (FollowerState.java:run(152)) - 796fe754-0c35-4eb6-a30c-1cb762a5c0c8@group-12EDBCD636A6-FollowerState was interrupted
2022-11-08 11:41:15,739 [796fe754-0c35-4eb6-a30c-1cb762a5c0c8-impl-thread1] INFO  impl.StateMachineUpdater (StateMachineUpdater.java:stopAndJoin(153)) - 796fe754-0c35-4eb6-a30c-1cb762a5c0c8@group-12EDBCD636A6-StateMachineUpdater: set stopIndex = -1
2022-11-08 11:41:15,739 [796fe754-0c35-4eb6-a30c-1cb762a5c0c8-impl-thread1] INFO  server.RaftServer$Division (ServerState.java:close(466)) - 796fe754-0c35-4eb6-a30c-1cb762a5c0c8@group-12EDBCD636A6: closes. applyIndex: -1
2022-11-08 11:41:15,739 [grpc-default-executor-3] WARN  server.GrpcLogAppender (LogUtils.java:warn(122)) - ff089832-d0c0-4656-8db7-7a8b564902c0@group-5EE7C243A93E->796fe754-0c35-4eb6-a30c-1cb762a5c0c8-AppendLogResponseHandler: Failed appendEntries: org.apache.ratis.thirdparty.io.grpc.StatusRuntimeException: CANCELLED: RST_STREAM closed stream. HTTP/2 error code: CANCEL
2022-11-08 11:41:15,739 [grpc-default-executor-0] WARN  server.GrpcLogAppender (LogUtils.java:warn(122)) - ff089832-d0c0-4656-8db7-7a8b564902c0@group-5EE7C243A93E->796fe754-0c35-4eb6-a30c-1cb762a5c0c8-AppendLogResponseHandler: Failed appendEntries: org.apache.ratis.thirdparty.io.grpc.StatusRuntimeException: CANCELLED: RST_STREAM closed stream. HTTP/2 error code: CANCEL
2022-11-08 11:41:15,739 [grpc-default-executor-0] WARN  server.GrpcLogAppender (GrpcLogAppender.java:resetClient(131)) - ff089832-d0c0-4656-8db7-7a8b564902c0@group-5EE7C243A93E->796fe754-0c35-4eb6-a30c-1cb762a5c0c8-GrpcLogAppender: Leader has not got in touch with Follower ff089832-d0c0-4656-8db7-7a8b564902c0@group-5EE7C243A93E->796fe754-0c35-4eb6-a30c-1cb762a5c0c8(c0,m0,n1, attendVote=true, lastRpcSendTime=455, lastRpcResponseTime=423) yet, just keep nextIndex unchanged and retry.
2022-11-08 11:41:15,739 [796fe754-0c35-4eb6-a30c-1cb762a5c0c8@group-12EDBCD636A6-SegmentedRaftLogWorker] INFO  segmented.SegmentedRaftLogWorker (SegmentedRaftLogWorker.java:run(345)) - 796fe754-0c35-4eb6-a30c-1cb762a5c0c8@group-12EDBCD636A6-SegmentedRaftLogWorker was interrupted, exiting. There are 0 tasks remaining in the queue.
2022-11-08 11:41:15,740 [796fe754-0c35-4eb6-a30c-1cb762a5c0c8-impl-thread1] INFO  segmented.SegmentedRaftLogWorker (SegmentedRaftLogWorker.java:close(255)) - 796fe754-0c35-4eb6-a30c-1cb762a5c0c8@group-12EDBCD636A6-SegmentedRaftLogWorker close()
2022-11-08 11:41:15,740 [grpc-default-executor-3] WARN  server.GrpcLogAppender (GrpcLogAppender.java:resetClient(131)) - ff089832-d0c0-4656-8db7-7a8b564902c0@group-5EE7C243A93E->796fe754-0c35-4eb6-a30c-1cb762a5c0c8-GrpcLogAppender: Leader has not got in touch with Follower ff089832-d0c0-4656-8db7-7a8b564902c0@group-5EE7C243A93E->796fe754-0c35-4eb6-a30c-1cb762a5c0c8(c0,m0,n1, attendVote=true, lastRpcSendTime=455, lastRpcResponseTime=423) yet, just keep nextIndex unchanged and retry.
2022-11-08 11:41:15,745 [796fe754-0c35-4eb6-a30c-1cb762a5c0c8@group-ACC8501C15B7-SegmentedRaftLogWorker] INFO  segmented.SegmentedRaftLogWorker (SegmentedRaftLogWorker.java:run(345)) - 796fe754-0c35-4eb6-a30c-1cb762a5c0c8@group-ACC8501C15B7-SegmentedRaftLogWorker was interrupted, exiting. There are 0 tasks remaining in the queue.
2022-11-08 11:41:15,745 [796fe754-0c35-4eb6-a30c-1cb762a5c0c8@group-5EE7C243A93E-FollowerState] INFO  impl.FollowerState (FollowerState.java:run(152)) - 796fe754-0c35-4eb6-a30c-1cb762a5c0c8@group-5EE7C243A93E-FollowerState was interrupted
2022-11-08 11:41:15,747 [796fe754-0c35-4eb6-a30c-1cb762a5c0c8-impl-thread2] INFO  segmented.SegmentedRaftLogWorker (SegmentedRaftLogWorker.java:close(255)) - 796fe754-0c35-4eb6-a30c-1cb762a5c0c8@group-ACC8501C15B7-SegmentedRaftLogWorker close()
2022-11-08 11:41:15,751 [796fe754-0c35-4eb6-a30c-1cb762a5c0c8@group-5EE7C243A93E-StateMachineUpdater] INFO  ratis.ContainerStateMachine (ContainerStateMachine.java:takeSnapshot(304)) - group-5EE7C243A93E: Taking a snapshot at:(t:1, i:0) file /home/runner/work/ozone/ozone/hadoop-ozone/integration-test/target/test-dir/MiniOzoneClusterImpl-7c14af0c-19af-49bd-907c-b9cb5ddf5581/datanode-0/data/ratis/cc32a6dc-16b6-46bf-ba56-5ee7c243a93e/sm/snapshot.1_0
2022-11-08 11:41:15,751 [grpc-default-executor-5] WARN  server.GrpcServerProtocolService (LogUtils.java:warn(122)) - 796fe754-0c35-4eb6-a30c-1cb762a5c0c8: installSnapshot onError, lastRequest: ff089832-d0c0-4656-8db7-7a8b564902c0->796fe754-0c35-4eb6-a30c-1cb762a5c0c8#1-t1,previous=(t:0, i:0),leaderCommit=0,initializing? true,entries: size=1, first=(t:1, i:0), CONFIGURATIONENTRY(current:id: "796fe754-0c35-4eb6-a30c-1cb762a5c0c8"
address: "10.1.0.111:44279"
clientAddress: "10.1.0.111:44279"
adminAddress: "10.1.0.111:44279"
startupRole: FOLLOWER
,id: "ff089832-d0c0-4656-8db7-7a8b564902c0"
address: "10.1.0.111:45571"
priority: 1
clientAddress: "10.1.0.111:45571"
adminAddress: "10.1.0.111:45571"
startupRole: FOLLOWER
,id: "72dfd9ba-a98d-401a-81dd-3b4131028c49"
address: "10.1.0.111:43469"
clientAddress: "10.1.0.111:43469"
adminAddress: "10.1.0.111:43469"
startupRole: FOLLOWER
, old:): org.apache.ratis.thirdparty.io.grpc.StatusRuntimeException: CANCELLED: client cancelled
2022-11-08 11:41:15,751 [796fe754-0c35-4eb6-a30c-1cb762a5c0c8-impl-thread3] INFO  impl.StateMachineUpdater (StateMachineUpdater.java:stopAndJoin(153)) - 796fe754-0c35-4eb6-a30c-1cb762a5c0c8@group-5EE7C243A93E-StateMachineUpdater: set stopIndex = 0
2022-11-08 11:41:15,752 [796fe754-0c35-4eb6-a30c-1cb762a5c0c8@group-5EE7C243A93E-StateMachineUpdater] INFO  ratis.ContainerStateMachine (ContainerStateMachine.java:takeSnapshot(315)) - group-5EE7C243A93E: Finished taking a snapshot at:(t:1, i:0) file:/home/runner/work/ozone/ozone/hadoop-ozone/integration-test/target/test-dir/MiniOzoneClusterImpl-7c14af0c-19af-49bd-907c-b9cb5ddf5581/datanode-0/data/ratis/cc32a6dc-16b6-46bf-ba56-5ee7c243a93e/sm/snapshot.1_0 took: 1 ms
2022-11-08 11:41:15,752 [796fe754-0c35-4eb6-a30c-1cb762a5c0c8@group-5EE7C243A93E-StateMachineUpdater] INFO  impl.StateMachineUpdater (StateMachineUpdater.java:takeSnapshot(287)) - 796fe754-0c35-4eb6-a30c-1cb762a5c0c8@group-5EE7C243A93E-StateMachineUpdater: Took a snapshot at index 0
2022-11-08 11:41:15,752 [796fe754-0c35-4eb6-a30c-1cb762a5c0c8@group-5EE7C243A93E-StateMachineUpdater] INFO  impl.StateMachineUpdater (StateMachineUpdater.java:lambda$new$0(92)) - 796fe754-0c35-4eb6-a30c-1cb762a5c0c8@group-5EE7C243A93E-StateMachineUpdater: snapshotIndex: updateIncreasingly -1 -> 0
2022-11-08 11:41:15,753 [796fe754-0c35-4eb6-a30c-1cb762a5c0c8-impl-thread3] INFO  server.RaftServer$Division (ServerState.java:close(466)) - 796fe754-0c35-4eb6-a30c-1cb762a5c0c8@group-5EE7C243A93E: closes. applyIndex: 0
2022-11-08 11:41:15,753 [796fe754-0c35-4eb6-a30c-1cb762a5c0c8@group-5EE7C243A93E-SegmentedRaftLogWorker] INFO  segmented.SegmentedRaftLogWorker (SegmentedRaftLogWorker.java:run(345)) - 796fe754-0c35-4eb6-a30c-1cb762a5c0c8@group-5EE7C243A93E-SegmentedRaftLogWorker was interrupted, exiting. There are 0 tasks remaining in the queue.
2022-11-08 11:41:15,766 [Listener at 127.0.0.1/45831] INFO  server.GrpcServerProtocolClient (GrpcServerProtocolClient.java:close(111)) - 72dfd9ba-a98d-401a-81dd-3b4131028c49 Close channels
2022-11-08 11:41:15,768 [796fe754-0c35-4eb6-a30c-1cb762a5c0c8-impl-thread3] INFO  segmented.SegmentedRaftLogWorker (SegmentedRaftLogWorker.java:close(255)) - 796fe754-0c35-4eb6-a30c-1cb762a5c0c8@group-5EE7C243A93E-SegmentedRaftLogWorker close()
2022-11-08 11:41:15,773 [Listener at 127.0.0.1/45831] INFO  server.GrpcService (GrpcService.java:closeImpl(288)) - 796fe754-0c35-4eb6-a30c-1cb762a5c0c8: shutdown server GrpcServerProtocolService successfully
2022-11-08 11:41:15,775 [JvmPauseMonitor8] INFO  util.JvmPauseMonitor (JvmPauseMonitor.java:run(111)) - JvmPauseMonitor-796fe754-0c35-4eb6-a30c-1cb762a5c0c8: Stopped
2022-11-08 11:41:15,790 [ff089832-d0c0-4656-8db7-7a8b564902c0@group-17DA61E73514-FollowerState] INFO  impl.FollowerState (FollowerState.java:run(143)) - ff089832-d0c0-4656-8db7-7a8b564902c0@group-17DA61E73514-FollowerState: change to CANDIDATE, lastRpcElapsedTime:5048586290ns, electionTimeout:5047ms
2022-11-08 11:41:15,790 [ff089832-d0c0-4656-8db7-7a8b564902c0@group-17DA61E73514-FollowerState] INFO  impl.RoleInfo (RoleInfo.java:shutdownFollowerState(110)) - ff089832-d0c0-4656-8db7-7a8b564902c0: shutdown ff089832-d0c0-4656-8db7-7a8b564902c0@group-17DA61E73514-FollowerState
2022-11-08 11:41:15,790 [ff089832-d0c0-4656-8db7-7a8b564902c0@group-17DA61E73514-FollowerState] INFO  server.RaftServer$Division (RaftServerImpl.java:setRole(321)) - ff089832-d0c0-4656-8db7-7a8b564902c0@group-17DA61E73514: changes role from  FOLLOWER to CANDIDATE at term 0 for changeToCandidate
2022-11-08 11:41:15,790 [ff089832-d0c0-4656-8db7-7a8b564902c0@group-17DA61E73514-FollowerState] INFO  server.RaftServerConfigKeys (ConfUtils.java:logGet(46)) - raft.server.leaderelection.pre-vote = false (custom)
2022-11-08 11:41:15,790 [ff089832-d0c0-4656-8db7-7a8b564902c0@group-17DA61E73514-FollowerState] INFO  impl.RoleInfo (RoleInfo.java:updateAndGet(139)) - ff089832-d0c0-4656-8db7-7a8b564902c0: start ff089832-d0c0-4656-8db7-7a8b564902c0@group-17DA61E73514-LeaderElection25
2022-11-08 11:41:15,807 [ff089832-d0c0-4656-8db7-7a8b564902c0@group-17DA61E73514-LeaderElection25] INFO  impl.LeaderElection (LeaderElection.java:askForVotes(312)) - ff089832-d0c0-4656-8db7-7a8b564902c0@group-17DA61E73514-LeaderElection25 ELECTION round 0: submit vote requests at term 1 for -1: peers:[ff089832-d0c0-4656-8db7-7a8b564902c0|rpc:10.1.0.111:45571|priority:1|startupRole:FOLLOWER]|listeners:[], old=null
2022-11-08 11:41:15,807 [ff089832-d0c0-4656-8db7-7a8b564902c0@group-17DA61E73514-LeaderElection25] INFO  impl.LeaderElection (LeaderElection.java:askForVotes(314)) - ff089832-d0c0-4656-8db7-7a8b564902c0@group-17DA61E73514-LeaderElection25 ELECTION round 0: result PASSED (term=1)
2022-11-08 11:41:15,808 [ff089832-d0c0-4656-8db7-7a8b564902c0@group-17DA61E73514-LeaderElection25] INFO  impl.RoleInfo (RoleInfo.java:shutdownLeaderElection(130)) - ff089832-d0c0-4656-8db7-7a8b564902c0: shutdown ff089832-d0c0-4656-8db7-7a8b564902c0@group-17DA61E73514-LeaderElection25
2022-11-08 11:41:15,808 [ff089832-d0c0-4656-8db7-7a8b564902c0@group-17DA61E73514-LeaderElection25] INFO  server.RaftServer$Division (RaftServerImpl.java:setRole(321)) - ff089832-d0c0-4656-8db7-7a8b564902c0@group-17DA61E73514: changes role from CANDIDATE to LEADER at term 1 for changeToLeader
2022-11-08 11:41:15,808 [ff089832-d0c0-4656-8db7-7a8b564902c0@group-17DA61E73514-LeaderElection25] INFO  ratis.XceiverServerRatis (XceiverServerRatis.java:handleLeaderChangedNotification(863)) - Leader change notification received for group: group-17DA61E73514 with new leaderId: ff089832-d0c0-4656-8db7-7a8b564902c0
2022-11-08 11:41:15,808 [ff089832-d0c0-4656-8db7-7a8b564902c0@group-17DA61E73514-LeaderElection25] INFO  server.RaftServer$Division (ServerState.java:setLeader(313)) - ff089832-d0c0-4656-8db7-7a8b564902c0@group-17DA61E73514: change Leader from null to ff089832-d0c0-4656-8db7-7a8b564902c0 at term 1 for becomeLeader, leader elected after 5081ms
2022-11-08 11:41:15,808 [ff089832-d0c0-4656-8db7-7a8b564902c0@group-17DA61E73514-LeaderElection25] INFO  server.RaftServerConfigKeys (ConfUtils.java:logGet(46)) - raft.server.staging.catchup.gap = 1000 (default)
2022-11-08 11:41:15,808 [ff089832-d0c0-4656-8db7-7a8b564902c0@group-17DA61E73514-LeaderElection25] INFO  server.RaftServerConfigKeys (ConfUtils.java:logGet(46)) - raft.server.write.element-limit = 1024 (custom)
2022-11-08 11:41:15,808 [ff089832-d0c0-4656-8db7-7a8b564902c0@group-17DA61E73514-LeaderElection25] INFO  server.RaftServerConfigKeys (ConfUtils.java:logGet(46)) - raft.server.write.byte-limit = 1024 M (=1073741824) (custom)
2022-11-08 11:41:15,809 [ff089832-d0c0-4656-8db7-7a8b564902c0@group-17DA61E73514-LeaderElection25] INFO  server.RaftServerConfigKeys (ConfUtils.java:logGet(46)) - raft.server.watch.timeout = 180s (custom)
2022-11-08 11:41:15,809 [ff089832-d0c0-4656-8db7-7a8b564902c0@group-17DA61E73514-LeaderElection25] INFO  server.RaftServerConfigKeys (ConfUtils.java:logGet(46)) - raft.server.watch.timeout.denomination = 1s (default)
2022-11-08 11:41:15,809 [ff089832-d0c0-4656-8db7-7a8b564902c0@group-17DA61E73514-LeaderElection25] INFO  server.RaftServerConfigKeys (ConfUtils.java:logGet(46)) - raft.server.watch.element-limit = 65536 (default)
2022-11-08 11:41:15,809 [ff089832-d0c0-4656-8db7-7a8b564902c0@group-17DA61E73514-LeaderElection25] INFO  server.RaftServerConfigKeys (ConfUtils.java:logGet(46)) - raft.server.write.element-limit = 1024 (custom)
2022-11-08 11:41:15,809 [ff089832-d0c0-4656-8db7-7a8b564902c0@group-17DA61E73514-LeaderElection25] INFO  server.RaftServerConfigKeys (ConfUtils.java:logGet(46)) - raft.server.write.follower.gap.ratio.max = -1.0 (default)
2022-11-08 11:41:15,809 [ff089832-d0c0-4656-8db7-7a8b564902c0@group-17DA61E73514-LeaderElection25] INFO  impl.RoleInfo (RoleInfo.java:updateAndGet(139)) - ff089832-d0c0-4656-8db7-7a8b564902c0: start ff089832-d0c0-4656-8db7-7a8b564902c0@group-17DA61E73514-LeaderStateImpl
2022-11-08 11:41:15,809 [ff089832-d0c0-4656-8db7-7a8b564902c0@group-17DA61E73514-LeaderElection25] INFO  segmented.SegmentedRaftLogWorker (SegmentedRaftLogWorker.java:startLogSegment(452)) - ff089832-d0c0-4656-8db7-7a8b564902c0@group-17DA61E73514-SegmentedRaftLogWorker: Starting segment from index:0
2022-11-08 11:41:15,813 [ff089832-d0c0-4656-8db7-7a8b564902c0@group-17DA61E73514-SegmentedRaftLogWorker] INFO  segmented.SegmentedRaftLogWorker (SegmentedRaftLogWorker.java:execute(656)) - ff089832-d0c0-4656-8db7-7a8b564902c0@group-17DA61E73514-SegmentedRaftLogWorker: created new log segment /home/runner/work/ozone/ozone/hadoop-ozone/integration-test/target/test-dir/MiniOzoneClusterImpl-7c14af0c-19af-49bd-907c-b9cb5ddf5581/datanode-2/data/ratis/5d0fdc95-47c8-425b-be7c-17da61e73514/current/log_inprogress_0
2022-11-08 11:41:15,819 [ff089832-d0c0-4656-8db7-7a8b564902c0@group-17DA61E73514-LeaderElection25] INFO  server.RaftServer$Division (ServerState.java:setRaftConf(430)) - ff089832-d0c0-4656-8db7-7a8b564902c0@group-17DA61E73514: set configuration 0: peers:[ff089832-d0c0-4656-8db7-7a8b564902c0|rpc:10.1.0.111:45571|dataStream:|priority:1|startupRole:FOLLOWER]|listeners:[], old=null
2022-11-08 11:41:16,440 [JvmPauseMonitor10] WARN  util.JvmPauseMonitor (JvmPauseMonitor.java:detectPause(126)) - JvmPauseMonitor-ff089832-d0c0-4656-8db7-7a8b564902c0: Detected pause in JVM or host machine (eg GC): pause of approximately 156882335ns.
GC pool 'PS MarkSweep' had collection(s): count=1 time=165ms
GC pool 'PS Scavenge' had collection(s): count=1 time=33ms
2022-11-08 11:41:16,441 [JvmPauseMonitor9] WARN  util.JvmPauseMonitor (JvmPauseMonitor.java:detectPause(126)) - JvmPauseMonitor-72dfd9ba-a98d-401a-81dd-3b4131028c49: Detected pause in JVM or host machine (eg GC): pause of approximately 131312296ns.
GC pool 'PS MarkSweep' had collection(s): count=1 time=165ms
GC pool 'PS Scavenge' had collection(s): count=1 time=33ms
2022-11-08 11:41:17,832 [grpc-default-executor-1] WARN  server.GrpcLogAppender (LogUtils.java:warn(122)) - ff089832-d0c0-4656-8db7-7a8b564902c0@group-5EE7C243A93E->796fe754-0c35-4eb6-a30c-1cb762a5c0c8-AppendLogResponseHandler: Failed appendEntries: org.apache.ratis.thirdparty.io.grpc.StatusRuntimeException: UNAVAILABLE: io exception
2022-11-08 11:41:17,833 [grpc-default-executor-1] WARN  server.GrpcLogAppender (GrpcLogAppender.java:resetClient(131)) - ff089832-d0c0-4656-8db7-7a8b564902c0@group-5EE7C243A93E->796fe754-0c35-4eb6-a30c-1cb762a5c0c8-GrpcLogAppender: Leader has not got in touch with Follower ff089832-d0c0-4656-8db7-7a8b564902c0@group-5EE7C243A93E->796fe754-0c35-4eb6-a30c-1cb762a5c0c8(c0,m0,n1, attendVote=true, lastRpcSendTime=2549, lastRpcResponseTime=2517) yet, just keep nextIndex unchanged and retry.
2022-11-08 11:41:17,833 [grpc-default-executor-1] WARN  server.GrpcLogAppender (LogUtils.java:warn(122)) - ff089832-d0c0-4656-8db7-7a8b564902c0@group-5EE7C243A93E->796fe754-0c35-4eb6-a30c-1cb762a5c0c8-AppendLogResponseHandler: Failed appendEntries: org.apache.ratis.thirdparty.io.grpc.StatusRuntimeException: UNAVAILABLE: io exception
2022-11-08 11:41:17,834 [grpc-default-executor-1] WARN  server.GrpcLogAppender (GrpcLogAppender.java:resetClient(131)) - ff089832-d0c0-4656-8db7-7a8b564902c0@group-5EE7C243A93E->796fe754-0c35-4eb6-a30c-1cb762a5c0c8-GrpcLogAppender: Leader has not got in touch with Follower ff089832-d0c0-4656-8db7-7a8b564902c0@group-5EE7C243A93E->796fe754-0c35-4eb6-a30c-1cb762a5c0c8(c0,m0,n1, attendVote=true, lastRpcSendTime=2549, lastRpcResponseTime=2517) yet, just keep nextIndex unchanged and retry.
2022-11-08 11:41:17,834 [grpc-default-executor-3] WARN  server.GrpcLogAppender (LogUtils.java:warn(122)) - ff089832-d0c0-4656-8db7-7a8b564902c0@group-5EE7C243A93E->796fe754-0c35-4eb6-a30c-1cb762a5c0c8-AppendLogResponseHandler: Failed appendEntries: org.apache.ratis.thirdparty.io.grpc.StatusRuntimeException: UNAVAILABLE: io exception
2022-11-08 11:41:17,834 [grpc-default-executor-3] WARN  server.GrpcLogAppender (GrpcLogAppender.java:resetClient(131)) - ff089832-d0c0-4656-8db7-7a8b564902c0@group-5EE7C243A93E->796fe754-0c35-4eb6-a30c-1cb762a5c0c8-GrpcLogAppender: Leader has not got in touch with Follower ff089832-d0c0-4656-8db7-7a8b564902c0@group-5EE7C243A93E->796fe754-0c35-4eb6-a30c-1cb762a5c0c8(c0,m0,n1, attendVote=true, lastRpcSendTime=0, lastRpcResponseTime=2518) yet, just keep nextIndex unchanged and retry.
2022-11-08 11:41:17,837 [grpc-default-executor-0] WARN  server.GrpcLogAppender (LogUtils.java:warn(122)) - ff089832-d0c0-4656-8db7-7a8b564902c0@group-5EE7C243A93E->796fe754-0c35-4eb6-a30c-1cb762a5c0c8-AppendLogResponseHandler: Failed appendEntries: org.apache.ratis.thirdparty.io.grpc.StatusRuntimeException: UNAVAILABLE: io exception
2022-11-08 11:41:17,837 [grpc-default-executor-1] WARN  server.GrpcLogAppender (LogUtils.java:warn(122)) - ff089832-d0c0-4656-8db7-7a8b564902c0@group-5EE7C243A93E->796fe754-0c35-4eb6-a30c-1cb762a5c0c8-AppendLogResponseHandler: Failed appendEntries: org.apache.ratis.thirdparty.io.grpc.StatusRuntimeException: UNAVAILABLE: io exception
2022-11-08 11:41:17,838 [grpc-default-executor-0] WARN  server.GrpcLogAppender (GrpcLogAppender.java:resetClient(131)) - ff089832-d0c0-4656-8db7-7a8b564902c0@group-5EE7C243A93E->796fe754-0c35-4eb6-a30c-1cb762a5c0c8-GrpcLogAppender: Leader has not got in touch with Follower ff089832-d0c0-4656-8db7-7a8b564902c0@group-5EE7C243A93E->796fe754-0c35-4eb6-a30c-1cb762a5c0c8(c0,m0,n1, attendVote=true, lastRpcSendTime=4, lastRpcResponseTime=2522) yet, just keep nextIndex unchanged and retry.
2022-11-08 11:41:17,838 [grpc-default-executor-5] WARN  server.GrpcLogAppender (LogUtils.java:warn(122)) - ff089832-d0c0-4656-8db7-7a8b564902c0@group-5EE7C243A93E->796fe754-0c35-4eb6-a30c-1cb762a5c0c8-AppendLogResponseHandler: Failed appendEntries: org.apache.ratis.thirdparty.io.grpc.StatusRuntimeException: UNAVAILABLE: io exception
2022-11-08 11:41:17,839 [grpc-default-executor-1] WARN  server.GrpcLogAppender (GrpcLogAppender.java:resetClient(131)) - ff089832-d0c0-4656-8db7-7a8b564902c0@group-5EE7C243A93E->796fe754-0c35-4eb6-a30c-1cb762a5c0c8-GrpcLogAppender: Leader has not got in touch with Follower ff089832-d0c0-4656-8db7-7a8b564902c0@group-5EE7C243A93E->796fe754-0c35-4eb6-a30c-1cb762a5c0c8(c0,m0,n1, attendVote=true, lastRpcSendTime=4, lastRpcResponseTime=2522) yet, just keep nextIndex unchanged and retry.
2022-11-08 11:41:17,839 [grpc-default-executor-5] WARN  server.GrpcLogAppender (GrpcLogAppender.java:resetClient(131)) - ff089832-d0c0-4656-8db7-7a8b564902c0@group-5EE7C243A93E->796fe754-0c35-4eb6-a30c-1cb762a5c0c8-GrpcLogAppender: Leader has not got in touch with Follower ff089832-d0c0-4656-8db7-7a8b564902c0@group-5EE7C243A93E->796fe754-0c35-4eb6-a30c-1cb762a5c0c8(c0,m0,n1, attendVote=true, lastRpcSendTime=4, lastRpcResponseTime=2522) yet, just keep nextIndex unchanged and retry.
2022-11-08 11:41:17,852 [Listener at 127.0.0.1/45831] INFO  volume.HddsVolume (HddsVolume.java:closeDbStore(338)) - SchemaV3 db is stopped at /home/runner/work/ozone/ozone/hadoop-ozone/integration-test/target/test-dir/MiniOzoneClusterImpl-7c14af0c-19af-49bd-907c-b9cb5ddf5581/datanode-0/data-0/containers/hdds/7c14af0c-19af-49bd-907c-b9cb5ddf5581/DS-01109b52-f836-4c06-aef5-e19e4e2f199f/container.db for volume DS-01109b52-f836-4c06-aef5-e19e4e2f199f
2022-11-08 11:41:17,853 [Listener at 127.0.0.1/45831] INFO  utils.BackgroundService (BackgroundService.java:shutdown(141)) - Shutting down service BlockDeletingService
2022-11-08 11:41:17,854 [Listener at 127.0.0.1/45831] INFO  utils.BackgroundService (BackgroundService.java:shutdown(141)) - Shutting down service StaleRecoveringContainerScrubbingService
2022-11-08 11:41:17,857 [Listener at 127.0.0.1/45831] INFO  statemachine.DatanodeStateMachine (DatanodeStateMachine.java:stopDaemon(593)) - Ozone container server stopped.
2022-11-08 11:41:17,867 [Listener at 127.0.0.1/45831] INFO  handler.ContextHandler (ContextHandler.java:doStop(1159)) - Stopped o.e.j.w.WebAppContext@4a778615{hddsDatanode,/,null,STOPPED}{jar:file:/home/runner/.m2/repository/org/apache/ozone/hdds-container-service/1.3.0-SNAPSHOT/hdds-container-service-1.3.0-SNAPSHOT.jar!/webapps/hddsDatanode}
2022-11-08 11:41:17,868 [Listener at 127.0.0.1/45831] INFO  server.AbstractConnector (AbstractConnector.java:doStop(383)) - Stopped ServerConnector@30e6a3f5{HTTP/1.1, (http/1.1)}{0.0.0.0:0}
2022-11-08 11:41:17,868 [Listener at 127.0.0.1/45831] INFO  server.session (HouseKeeper.java:stopScavenging(149)) - node0 Stopped scavenging
2022-11-08 11:41:17,868 [Listener at 127.0.0.1/45831] INFO  handler.ContextHandler (ContextHandler.java:doStop(1159)) - Stopped o.e.j.s.ServletContextHandler@277dfd4f{static,/static,jar:file:/home/runner/.m2/repository/org/apache/ozone/hdds-container-service/1.3.0-SNAPSHOT/hdds-container-service-1.3.0-SNAPSHOT.jar!/webapps/static,STOPPED}
2022-11-08 11:41:17,869 [Listener at 127.0.0.1/45831] INFO  handler.ContextHandler (ContextHandler.java:doStop(1159)) - Stopped o.e.j.s.ServletContextHandler@3eeded88{logs,/logs,file:///home/runner/work/ozone/ozone/hadoop-ozone/integration-test/target/log,STOPPED}
2022-11-08 11:41:17,875 [Listener at 127.0.0.1/45831] INFO  ozoneimpl.OzoneContainer (OzoneContainer.java:stop(400)) - Attempting to stop container services.
2022-11-08 11:41:17,877 [Listener at 127.0.0.1/45831] INFO  server.RaftServer (RaftServerProxy.java:lambda$close$6(409)) - 72dfd9ba-a98d-401a-81dd-3b4131028c49: close
2022-11-08 11:41:17,877 [72dfd9ba-a98d-401a-81dd-3b4131028c49-impl-thread1] INFO  server.RaftServer$Division (RaftServerImpl.java:lambda$close$4(458)) - 72dfd9ba-a98d-401a-81dd-3b4131028c49@group-12EDBCD636A6: shutdown
2022-11-08 11:41:17,877 [72dfd9ba-a98d-401a-81dd-3b4131028c49-impl-thread1] INFO  util.JmxRegister (JmxRegister.java:unregister(73)) - Successfully un-registered JMX Bean with object name Ratis:service=RaftServer,group=group-12EDBCD636A6,id=72dfd9ba-a98d-401a-81dd-3b4131028c49
2022-11-08 11:41:17,877 [72dfd9ba-a98d-401a-81dd-3b4131028c49-impl-thread1] INFO  impl.RoleInfo (RoleInfo.java:shutdownFollowerState(110)) - 72dfd9ba-a98d-401a-81dd-3b4131028c49: shutdown 72dfd9ba-a98d-401a-81dd-3b4131028c49@group-12EDBCD636A6-FollowerState
2022-11-08 11:41:17,877 [72dfd9ba-a98d-401a-81dd-3b4131028c49-impl-thread2] INFO  server.RaftServer$Division (RaftServerImpl.java:lambda$close$4(458)) - 72dfd9ba-a98d-401a-81dd-3b4131028c49@group-5EE7C243A93E: shutdown
2022-11-08 11:41:17,877 [72dfd9ba-a98d-401a-81dd-3b4131028c49-impl-thread2] INFO  util.JmxRegister (JmxRegister.java:unregister(73)) - Successfully un-registered JMX Bean with object name Ratis:service=RaftServer,group=group-5EE7C243A93E,id=72dfd9ba-a98d-401a-81dd-3b4131028c49
2022-11-08 11:41:17,877 [72dfd9ba-a98d-401a-81dd-3b4131028c49-impl-thread2] INFO  impl.RoleInfo (RoleInfo.java:shutdownFollowerState(110)) - 72dfd9ba-a98d-401a-81dd-3b4131028c49: shutdown 72dfd9ba-a98d-401a-81dd-3b4131028c49@group-5EE7C243A93E-FollowerState
2022-11-08 11:41:17,882 [Listener at 127.0.0.1/45831] INFO  server.GrpcService (GrpcService.java:closeImpl(279)) - 72dfd9ba-a98d-401a-81dd-3b4131028c49: shutdown server GrpcServerProtocolService now
2022-11-08 11:41:17,883 [72dfd9ba-a98d-401a-81dd-3b4131028c49-impl-thread3] INFO  server.RaftServer$Division (RaftServerImpl.java:lambda$close$4(458)) - 72dfd9ba-a98d-401a-81dd-3b4131028c49@group-9E57124E21DF: shutdown
2022-11-08 11:41:17,883 [72dfd9ba-a98d-401a-81dd-3b4131028c49-impl-thread3] INFO  util.JmxRegister (JmxRegister.java:unregister(73)) - Successfully un-registered JMX Bean with object name Ratis:service=RaftServer,group=group-9E57124E21DF,id=72dfd9ba-a98d-401a-81dd-3b4131028c49
2022-11-08 11:41:17,883 [72dfd9ba-a98d-401a-81dd-3b4131028c49-impl-thread3] INFO  impl.RoleInfo (RoleInfo.java:shutdownLeaderState(93)) - 72dfd9ba-a98d-401a-81dd-3b4131028c49: shutdown 72dfd9ba-a98d-401a-81dd-3b4131028c49@group-9E57124E21DF-LeaderStateImpl
2022-11-08 11:41:17,883 [72dfd9ba-a98d-401a-81dd-3b4131028c49-impl-thread3] INFO  impl.PendingRequests (PendingRequests.java:sendNotLeaderResponses(282)) - 72dfd9ba-a98d-401a-81dd-3b4131028c49@group-9E57124E21DF-PendingRequests: sendNotLeaderResponses
2022-11-08 11:41:17,884 [72dfd9ba-a98d-401a-81dd-3b4131028c49@group-9E57124E21DF-StateMachineUpdater] INFO  ratis.ContainerStateMachine (ContainerStateMachine.java:takeSnapshot(304)) - group-9E57124E21DF: Taking a snapshot at:(t:1, i:0) file /home/runner/work/ozone/ozone/hadoop-ozone/integration-test/target/test-dir/MiniOzoneClusterImpl-7c14af0c-19af-49bd-907c-b9cb5ddf5581/datanode-1/data/ratis/fcc1767b-2537-4310-b0e5-9e57124e21df/sm/snapshot.1_0
2022-11-08 11:41:17,884 [72dfd9ba-a98d-401a-81dd-3b4131028c49-impl-thread3] INFO  impl.StateMachineUpdater (StateMachineUpdater.java:stopAndJoin(153)) - 72dfd9ba-a98d-401a-81dd-3b4131028c49@group-9E57124E21DF-StateMachineUpdater: set stopIndex = 0
2022-11-08 11:41:17,885 [72dfd9ba-a98d-401a-81dd-3b4131028c49@group-9E57124E21DF-StateMachineUpdater] INFO  ratis.ContainerStateMachine (ContainerStateMachine.java:takeSnapshot(315)) - group-9E57124E21DF: Finished taking a snapshot at:(t:1, i:0) file:/home/runner/work/ozone/ozone/hadoop-ozone/integration-test/target/test-dir/MiniOzoneClusterImpl-7c14af0c-19af-49bd-907c-b9cb5ddf5581/datanode-1/data/ratis/fcc1767b-2537-4310-b0e5-9e57124e21df/sm/snapshot.1_0 took: 1 ms
2022-11-08 11:41:17,886 [72dfd9ba-a98d-401a-81dd-3b4131028c49@group-9E57124E21DF-StateMachineUpdater] INFO  impl.StateMachineUpdater (StateMachineUpdater.java:takeSnapshot(287)) - 72dfd9ba-a98d-401a-81dd-3b4131028c49@group-9E57124E21DF-StateMachineUpdater: Took a snapshot at index 0
2022-11-08 11:41:17,886 [72dfd9ba-a98d-401a-81dd-3b4131028c49@group-9E57124E21DF-StateMachineUpdater] INFO  impl.StateMachineUpdater (StateMachineUpdater.java:lambda$new$0(92)) - 72dfd9ba-a98d-401a-81dd-3b4131028c49@group-9E57124E21DF-StateMachineUpdater: snapshotIndex: updateIncreasingly -1 -> 0
2022-11-08 11:41:17,886 [72dfd9ba-a98d-401a-81dd-3b4131028c49-impl-thread3] INFO  server.RaftServer$Division (ServerState.java:close(466)) - 72dfd9ba-a98d-401a-81dd-3b4131028c49@group-9E57124E21DF: closes. applyIndex: 0
2022-11-08 11:41:17,891 [grpc-default-executor-5] WARN  server.GrpcServerProtocolService (LogUtils.java:warn(122)) - 72dfd9ba-a98d-401a-81dd-3b4131028c49: installSnapshot onError, lastRequest: null: org.apache.ratis.thirdparty.io.grpc.StatusRuntimeException: CANCELLED: client cancelled
2022-11-08 11:41:17,894 [grpc-default-executor-5] WARN  server.GrpcServerProtocolService (LogUtils.java:warn(122)) - 72dfd9ba-a98d-401a-81dd-3b4131028c49: installSnapshot onError, lastRequest: ff089832-d0c0-4656-8db7-7a8b564902c0->72dfd9ba-a98d-401a-81dd-3b4131028c49#1-t1,previous=(t:0, i:0),leaderCommit=0,initializing? true,entries: size=1, first=(t:1, i:0), CONFIGURATIONENTRY(current:id: "796fe754-0c35-4eb6-a30c-1cb762a5c0c8"
address: "10.1.0.111:44279"
clientAddress: "10.1.0.111:44279"
adminAddress: "10.1.0.111:44279"
startupRole: FOLLOWER
,id: "ff089832-d0c0-4656-8db7-7a8b564902c0"
address: "10.1.0.111:45571"
priority: 1
clientAddress: "10.1.0.111:45571"
adminAddress: "10.1.0.111:45571"
startupRole: FOLLOWER
,id: "72dfd9ba-a98d-401a-81dd-3b4131028c49"
address: "10.1.0.111:43469"
clientAddress: "10.1.0.111:43469"
adminAddress: "10.1.0.111:43469"
startupRole: FOLLOWER
, old:): org.apache.ratis.thirdparty.io.grpc.StatusRuntimeException: CANCELLED: client cancelled
2022-11-08 11:41:17,894 [Listener at 127.0.0.1/45831] INFO  server.GrpcService (GrpcService.java:closeImpl(288)) - 72dfd9ba-a98d-401a-81dd-3b4131028c49: shutdown server GrpcServerProtocolService successfully
2022-11-08 11:41:17,895 [grpc-default-executor-5] WARN  server.GrpcLogAppender (LogUtils.java:warn(122)) - ff089832-d0c0-4656-8db7-7a8b564902c0@group-5EE7C243A93E->72dfd9ba-a98d-401a-81dd-3b4131028c49-AppendLogResponseHandler: Failed appendEntries: org.apache.ratis.thirdparty.io.grpc.StatusRuntimeException: CANCELLED: RST_STREAM closed stream. HTTP/2 error code: CANCEL
2022-11-08 11:41:17,895 [grpc-default-executor-5] WARN  server.GrpcLogAppender (GrpcLogAppender.java:resetClient(131)) - ff089832-d0c0-4656-8db7-7a8b564902c0@group-5EE7C243A93E->72dfd9ba-a98d-401a-81dd-3b4131028c49-GrpcLogAppender: Leader has not got in touch with Follower ff089832-d0c0-4656-8db7-7a8b564902c0@group-5EE7C243A93E->72dfd9ba-a98d-401a-81dd-3b4131028c49(c0,m0,n1, attendVote=true, lastRpcSendTime=64, lastRpcResponseTime=60) yet, just keep nextIndex unchanged and retry.
2022-11-08 11:41:17,900 [grpc-default-executor-5] WARN  server.GrpcLogAppender (LogUtils.java:warn(122)) - ff089832-d0c0-4656-8db7-7a8b564902c0@group-5EE7C243A93E->72dfd9ba-a98d-401a-81dd-3b4131028c49-AppendLogResponseHandler: Failed appendEntries: org.apache.ratis.thirdparty.io.grpc.StatusRuntimeException: CANCELLED: RST_STREAM closed stream. HTTP/2 error code: CANCEL
2022-11-08 11:41:17,900 [grpc-default-executor-5] WARN  server.GrpcLogAppender (GrpcLogAppender.java:resetClient(131)) - ff089832-d0c0-4656-8db7-7a8b564902c0@group-5EE7C243A93E->72dfd9ba-a98d-401a-81dd-3b4131028c49-GrpcLogAppender: Leader has not got in touch with Follower ff089832-d0c0-4656-8db7-7a8b564902c0@group-5EE7C243A93E->72dfd9ba-a98d-401a-81dd-3b4131028c49(c0,m0,n1, attendVote=true, lastRpcSendTime=69, lastRpcResponseTime=65) yet, just keep nextIndex unchanged and retry.
2022-11-08 11:41:17,903 [72dfd9ba-a98d-401a-81dd-3b4131028c49@group-5EE7C243A93E-FollowerState] INFO  impl.FollowerState (FollowerState.java:run(152)) - 72dfd9ba-a98d-401a-81dd-3b4131028c49@group-5EE7C243A93E-FollowerState was interrupted
2022-11-08 11:41:17,904 [72dfd9ba-a98d-401a-81dd-3b4131028c49@group-12EDBCD636A6-FollowerState] INFO  impl.FollowerState (FollowerState.java:run(152)) - 72dfd9ba-a98d-401a-81dd-3b4131028c49@group-12EDBCD636A6-FollowerState was interrupted
2022-11-08 11:41:17,904 [72dfd9ba-a98d-401a-81dd-3b4131028c49-impl-thread1] INFO  impl.StateMachineUpdater (StateMachineUpdater.java:stopAndJoin(153)) - 72dfd9ba-a98d-401a-81dd-3b4131028c49@group-12EDBCD636A6-StateMachineUpdater: set stopIndex = -1
2022-11-08 11:41:17,924 [72dfd9ba-a98d-401a-81dd-3b4131028c49@group-5EE7C243A93E-StateMachineUpdater] INFO  ratis.ContainerStateMachine (ContainerStateMachine.java:takeSnapshot(304)) - group-5EE7C243A93E: Taking a snapshot at:(t:1, i:0) file /home/runner/work/ozone/ozone/hadoop-ozone/integration-test/target/test-dir/MiniOzoneClusterImpl-7c14af0c-19af-49bd-907c-b9cb5ddf5581/datanode-1/data/ratis/cc32a6dc-16b6-46bf-ba56-5ee7c243a93e/sm/snapshot.1_0
2022-11-08 11:41:17,923 [72dfd9ba-a98d-401a-81dd-3b4131028c49-impl-thread2] INFO  impl.StateMachineUpdater (StateMachineUpdater.java:stopAndJoin(153)) - 72dfd9ba-a98d-401a-81dd-3b4131028c49@group-5EE7C243A93E-StateMachineUpdater: set stopIndex = 0
2022-11-08 11:41:17,914 [72dfd9ba-a98d-401a-81dd-3b4131028c49@group-9E57124E21DF-SegmentedRaftLogWorker] INFO  segmented.SegmentedRaftLogWorker (SegmentedRaftLogWorker.java:run(345)) - 72dfd9ba-a98d-401a-81dd-3b4131028c49@group-9E57124E21DF-SegmentedRaftLogWorker was interrupted, exiting. There are 0 tasks remaining in the queue.
2022-11-08 11:41:17,924 [72dfd9ba-a98d-401a-81dd-3b4131028c49-impl-thread1] INFO  server.RaftServer$Division (ServerState.java:close(466)) - 72dfd9ba-a98d-401a-81dd-3b4131028c49@group-12EDBCD636A6: closes. applyIndex: -1
2022-11-08 11:41:17,925 [72dfd9ba-a98d-401a-81dd-3b4131028c49@group-5EE7C243A93E-StateMachineUpdater] INFO  ratis.ContainerStateMachine (ContainerStateMachine.java:takeSnapshot(315)) - group-5EE7C243A93E: Finished taking a snapshot at:(t:1, i:0) file:/home/runner/work/ozone/ozone/hadoop-ozone/integration-test/target/test-dir/MiniOzoneClusterImpl-7c14af0c-19af-49bd-907c-b9cb5ddf5581/datanode-1/data/ratis/cc32a6dc-16b6-46bf-ba56-5ee7c243a93e/sm/snapshot.1_0 took: 1 ms
2022-11-08 11:41:17,925 [72dfd9ba-a98d-401a-81dd-3b4131028c49@group-12EDBCD636A6-SegmentedRaftLogWorker] INFO  segmented.SegmentedRaftLogWorker (SegmentedRaftLogWorker.java:run(345)) - 72dfd9ba-a98d-401a-81dd-3b4131028c49@group-12EDBCD636A6-SegmentedRaftLogWorker was interrupted, exiting. There are 0 tasks remaining in the queue.
2022-11-08 11:41:17,926 [72dfd9ba-a98d-401a-81dd-3b4131028c49@group-5EE7C243A93E-StateMachineUpdater] INFO  impl.StateMachineUpdater (StateMachineUpdater.java:takeSnapshot(287)) - 72dfd9ba-a98d-401a-81dd-3b4131028c49@group-5EE7C243A93E-StateMachineUpdater: Took a snapshot at index 0
2022-11-08 11:41:17,926 [72dfd9ba-a98d-401a-81dd-3b4131028c49-impl-thread1] INFO  segmented.SegmentedRaftLogWorker (SegmentedRaftLogWorker.java:close(255)) - 72dfd9ba-a98d-401a-81dd-3b4131028c49@group-12EDBCD636A6-SegmentedRaftLogWorker close()
2022-11-08 11:41:17,926 [72dfd9ba-a98d-401a-81dd-3b4131028c49@group-5EE7C243A93E-StateMachineUpdater] INFO  impl.StateMachineUpdater (StateMachineUpdater.java:lambda$new$0(92)) - 72dfd9ba-a98d-401a-81dd-3b4131028c49@group-5EE7C243A93E-StateMachineUpdater: snapshotIndex: updateIncreasingly -1 -> 0
2022-11-08 11:41:17,927 [72dfd9ba-a98d-401a-81dd-3b4131028c49-impl-thread2] INFO  server.RaftServer$Division (ServerState.java:close(466)) - 72dfd9ba-a98d-401a-81dd-3b4131028c49@group-5EE7C243A93E: closes. applyIndex: 0
2022-11-08 11:41:17,927 [72dfd9ba-a98d-401a-81dd-3b4131028c49@group-5EE7C243A93E-SegmentedRaftLogWorker] INFO  segmented.SegmentedRaftLogWorker (SegmentedRaftLogWorker.java:run(345)) - 72dfd9ba-a98d-401a-81dd-3b4131028c49@group-5EE7C243A93E-SegmentedRaftLogWorker was interrupted, exiting. There are 0 tasks remaining in the queue.
2022-11-08 11:41:17,931 [72dfd9ba-a98d-401a-81dd-3b4131028c49-impl-thread3] INFO  segmented.SegmentedRaftLogWorker (SegmentedRaftLogWorker.java:close(255)) - 72dfd9ba-a98d-401a-81dd-3b4131028c49@group-9E57124E21DF-SegmentedRaftLogWorker close()
2022-11-08 11:41:17,933 [72dfd9ba-a98d-401a-81dd-3b4131028c49-impl-thread2] INFO  segmented.SegmentedRaftLogWorker (SegmentedRaftLogWorker.java:close(255)) - 72dfd9ba-a98d-401a-81dd-3b4131028c49@group-5EE7C243A93E-SegmentedRaftLogWorker close()
2022-11-08 11:41:17,938 [JvmPauseMonitor9] INFO  util.JvmPauseMonitor (JvmPauseMonitor.java:run(111)) - JvmPauseMonitor-72dfd9ba-a98d-401a-81dd-3b4131028c49: Stopped
2022-11-08 11:41:19,085 [grpc-default-executor-5] WARN  server.GrpcLogAppender (LogUtils.java:warn(122)) - ff089832-d0c0-4656-8db7-7a8b564902c0@group-5EE7C243A93E->796fe754-0c35-4eb6-a30c-1cb762a5c0c8-AppendLogResponseHandler: Failed appendEntries: org.apache.ratis.thirdparty.io.grpc.StatusRuntimeException: UNAVAILABLE: io exception
2022-11-08 11:41:19,085 [grpc-default-executor-1] WARN  server.GrpcLogAppender (LogUtils.java:warn(122)) - ff089832-d0c0-4656-8db7-7a8b564902c0@group-5EE7C243A93E->796fe754-0c35-4eb6-a30c-1cb762a5c0c8-AppendLogResponseHandler: Failed appendEntries: org.apache.ratis.thirdparty.io.grpc.StatusRuntimeException: UNAVAILABLE: io exception
2022-11-08 11:41:19,086 [grpc-default-executor-5] WARN  server.GrpcLogAppender (GrpcLogAppender.java:resetClient(131)) - ff089832-d0c0-4656-8db7-7a8b564902c0@group-5EE7C243A93E->796fe754-0c35-4eb6-a30c-1cb762a5c0c8-GrpcLogAppender: Leader has not got in touch with Follower ff089832-d0c0-4656-8db7-7a8b564902c0@group-5EE7C243A93E->796fe754-0c35-4eb6-a30c-1cb762a5c0c8(c0,m0,n1, attendVote=true, lastRpcSendTime=1252, lastRpcResponseTime=3770) yet, just keep nextIndex unchanged and retry.
2022-11-08 11:41:19,088 [grpc-default-executor-1] WARN  server.GrpcLogAppender (GrpcLogAppender.java:resetClient(131)) - ff089832-d0c0-4656-8db7-7a8b564902c0@group-5EE7C243A93E->796fe754-0c35-4eb6-a30c-1cb762a5c0c8-GrpcLogAppender: Leader has not got in touch with Follower ff089832-d0c0-4656-8db7-7a8b564902c0@group-5EE7C243A93E->796fe754-0c35-4eb6-a30c-1cb762a5c0c8(c0,m0,n1, attendVote=true, lastRpcSendTime=1253, lastRpcResponseTime=3772) yet, just keep nextIndex unchanged and retry.
2022-11-08 11:41:19,090 [grpc-default-executor-1] WARN  server.GrpcLogAppender (LogUtils.java:warn(122)) - ff089832-d0c0-4656-8db7-7a8b564902c0@group-5EE7C243A93E->796fe754-0c35-4eb6-a30c-1cb762a5c0c8-AppendLogResponseHandler: Failed appendEntries: org.apache.ratis.thirdparty.io.grpc.StatusRuntimeException: UNAVAILABLE: io exception
2022-11-08 11:41:19,090 [grpc-default-executor-5] WARN  server.GrpcLogAppender (LogUtils.java:warn(122)) - ff089832-d0c0-4656-8db7-7a8b564902c0@group-5EE7C243A93E->796fe754-0c35-4eb6-a30c-1cb762a5c0c8-AppendLogResponseHandler: Failed appendEntries: org.apache.ratis.thirdparty.io.grpc.StatusRuntimeException: UNAVAILABLE: io exception
2022-11-08 11:41:19,091 [grpc-default-executor-1] WARN  server.GrpcLogAppender (GrpcLogAppender.java:resetClient(131)) - ff089832-d0c0-4656-8db7-7a8b564902c0@group-5EE7C243A93E->796fe754-0c35-4eb6-a30c-1cb762a5c0c8-GrpcLogAppender: Leader has not got in touch with Follower ff089832-d0c0-4656-8db7-7a8b564902c0@group-5EE7C243A93E->796fe754-0c35-4eb6-a30c-1cb762a5c0c8(c0,m0,n1, attendVote=true, lastRpcSendTime=1256, lastRpcResponseTime=3775) yet, just keep nextIndex unchanged and retry.
2022-11-08 11:41:19,092 [grpc-default-executor-5] WARN  server.GrpcLogAppender (GrpcLogAppender.java:resetClient(131)) - ff089832-d0c0-4656-8db7-7a8b564902c0@group-5EE7C243A93E->796fe754-0c35-4eb6-a30c-1cb762a5c0c8-GrpcLogAppender: Leader has not got in touch with Follower ff089832-d0c0-4656-8db7-7a8b564902c0@group-5EE7C243A93E->796fe754-0c35-4eb6-a30c-1cb762a5c0c8(c0,m0,n1, attendVote=true, lastRpcSendTime=1258, lastRpcResponseTime=3776) yet, just keep nextIndex unchanged and retry.
2022-11-08 11:41:19,094 [grpc-default-executor-5] WARN  server.GrpcLogAppender (LogUtils.java:warn(122)) - ff089832-d0c0-4656-8db7-7a8b564902c0@group-5EE7C243A93E->796fe754-0c35-4eb6-a30c-1cb762a5c0c8-AppendLogResponseHandler: Failed appendEntries: org.apache.ratis.thirdparty.io.grpc.StatusRuntimeException: UNAVAILABLE: io exception
2022-11-08 11:41:19,094 [grpc-default-executor-1] WARN  server.GrpcLogAppender (LogUtils.java:warn(122)) - ff089832-d0c0-4656-8db7-7a8b564902c0@group-5EE7C243A93E->796fe754-0c35-4eb6-a30c-1cb762a5c0c8-AppendLogResponseHandler: Failed appendEntries: org.apache.ratis.thirdparty.io.grpc.StatusRuntimeException: UNAVAILABLE: io exception
2022-11-08 11:41:19,095 [grpc-default-executor-5] WARN  server.GrpcLogAppender (GrpcLogAppender.java:resetClient(131)) - ff089832-d0c0-4656-8db7-7a8b564902c0@group-5EE7C243A93E->796fe754-0c35-4eb6-a30c-1cb762a5c0c8-GrpcLogAppender: Leader has not got in touch with Follower ff089832-d0c0-4656-8db7-7a8b564902c0@group-5EE7C243A93E->796fe754-0c35-4eb6-a30c-1cb762a5c0c8(c0,m0,n1, attendVote=true, lastRpcSendTime=1261, lastRpcResponseTime=3779) yet, just keep nextIndex unchanged and retry.
2022-11-08 11:41:19,097 [grpc-default-executor-1] WARN  server.GrpcLogAppender (GrpcLogAppender.java:resetClient(131)) - ff089832-d0c0-4656-8db7-7a8b564902c0@group-5EE7C243A93E->796fe754-0c35-4eb6-a30c-1cb762a5c0c8-GrpcLogAppender: Leader has not got in touch with Follower ff089832-d0c0-4656-8db7-7a8b564902c0@group-5EE7C243A93E->796fe754-0c35-4eb6-a30c-1cb762a5c0c8(c0,m0,n1, attendVote=true, lastRpcSendTime=1263, lastRpcResponseTime=3781) yet, just keep nextIndex unchanged and retry.
2022-11-08 11:41:19,108 [grpc-default-executor-0] WARN  server.GrpcLogAppender (LogUtils.java:warn(122)) - ff089832-d0c0-4656-8db7-7a8b564902c0@group-5EE7C243A93E->796fe754-0c35-4eb6-a30c-1cb762a5c0c8-AppendLogResponseHandler: Failed appendEntries: org.apache.ratis.thirdparty.io.grpc.StatusRuntimeException: UNAVAILABLE: io exception
2022-11-08 11:41:19,109 [grpc-default-executor-0] WARN  server.GrpcLogAppender (GrpcLogAppender.java:resetClient(131)) - ff089832-d0c0-4656-8db7-7a8b564902c0@group-5EE7C243A93E->796fe754-0c35-4eb6-a30c-1cb762a5c0c8-GrpcLogAppender: Leader has not got in touch with Follower ff089832-d0c0-4656-8db7-7a8b564902c0@group-5EE7C243A93E->796fe754-0c35-4eb6-a30c-1cb762a5c0c8(c0,m0,n1, attendVote=true, lastRpcSendTime=6, lastRpcResponseTime=3793) yet, just keep nextIndex unchanged and retry.
2022-11-08 11:41:19,110 [grpc-default-executor-0] WARN  server.GrpcLogAppender (LogUtils.java:warn(122)) - ff089832-d0c0-4656-8db7-7a8b564902c0@group-5EE7C243A93E->796fe754-0c35-4eb6-a30c-1cb762a5c0c8-AppendLogResponseHandler: Failed appendEntries: org.apache.ratis.thirdparty.io.grpc.StatusRuntimeException: UNAVAILABLE: io exception
2022-11-08 11:41:19,111 [grpc-default-executor-0] WARN  server.GrpcLogAppender (GrpcLogAppender.java:resetClient(131)) - ff089832-d0c0-4656-8db7-7a8b564902c0@group-5EE7C243A93E->796fe754-0c35-4eb6-a30c-1cb762a5c0c8-GrpcLogAppender: Leader has not got in touch with Follower ff089832-d0c0-4656-8db7-7a8b564902c0@group-5EE7C243A93E->796fe754-0c35-4eb6-a30c-1cb762a5c0c8(c0,m0,n1, attendVote=true, lastRpcSendTime=8, lastRpcResponseTime=3795) yet, just keep nextIndex unchanged and retry.
2022-11-08 11:41:19,960 [Listener at 127.0.0.1/45831] INFO  volume.HddsVolume (HddsVolume.java:closeDbStore(338)) - SchemaV3 db is stopped at /home/runner/work/ozone/ozone/hadoop-ozone/integration-test/target/test-dir/MiniOzoneClusterImpl-7c14af0c-19af-49bd-907c-b9cb5ddf5581/datanode-1/data-0/containers/hdds/7c14af0c-19af-49bd-907c-b9cb5ddf5581/DS-f5dd78bd-cb18-48a9-b905-39d9eb3d650b/container.db for volume DS-f5dd78bd-cb18-48a9-b905-39d9eb3d650b
2022-11-08 11:41:19,960 [Listener at 127.0.0.1/45831] INFO  utils.BackgroundService (BackgroundService.java:shutdown(141)) - Shutting down service BlockDeletingService
2022-11-08 11:41:19,972 [Listener at 127.0.0.1/45831] INFO  utils.BackgroundService (BackgroundService.java:shutdown(141)) - Shutting down service StaleRecoveringContainerScrubbingService
2022-11-08 11:41:19,974 [Listener at 127.0.0.1/45831] INFO  statemachine.DatanodeStateMachine (DatanodeStateMachine.java:stopDaemon(593)) - Ozone container server stopped.
2022-11-08 11:41:19,984 [Listener at 127.0.0.1/45831] INFO  handler.ContextHandler (ContextHandler.java:doStop(1159)) - Stopped o.e.j.w.WebAppContext@5f661df0{hddsDatanode,/,null,STOPPED}{jar:file:/home/runner/.m2/repository/org/apache/ozone/hdds-container-service/1.3.0-SNAPSHOT/hdds-container-service-1.3.0-SNAPSHOT.jar!/webapps/hddsDatanode}
2022-11-08 11:41:19,986 [Listener at 127.0.0.1/45831] INFO  server.AbstractConnector (AbstractConnector.java:doStop(383)) - Stopped ServerConnector@59c69659{HTTP/1.1, (http/1.1)}{0.0.0.0:0}
2022-11-08 11:41:19,987 [Listener at 127.0.0.1/45831] INFO  server.session (HouseKeeper.java:stopScavenging(149)) - node0 Stopped scavenging
2022-11-08 11:41:19,987 [Listener at 127.0.0.1/45831] INFO  handler.ContextHandler (ContextHandler.java:doStop(1159)) - Stopped o.e.j.s.ServletContextHandler@5ff762c1{static,/static,jar:file:/home/runner/.m2/repository/org/apache/ozone/hdds-container-service/1.3.0-SNAPSHOT/hdds-container-service-1.3.0-SNAPSHOT.jar!/webapps/static,STOPPED}
2022-11-08 11:41:19,988 [Listener at 127.0.0.1/45831] INFO  handler.ContextHandler (ContextHandler.java:doStop(1159)) - Stopped o.e.j.s.ServletContextHandler@5e6ef21a{logs,/logs,file:///home/runner/work/ozone/ozone/hadoop-ozone/integration-test/target/log,STOPPED}
2022-11-08 11:41:19,991 [Listener at 127.0.0.1/45831] INFO  ozoneimpl.OzoneContainer (OzoneContainer.java:stop(400)) - Attempting to stop container services.
2022-11-08 11:41:19,993 [Listener at 127.0.0.1/45831] INFO  server.RaftServer (RaftServerProxy.java:lambda$close$6(409)) - ff089832-d0c0-4656-8db7-7a8b564902c0: close
2022-11-08 11:41:19,993 [ff089832-d0c0-4656-8db7-7a8b564902c0-impl-thread1] INFO  server.RaftServer$Division (RaftServerImpl.java:lambda$close$4(458)) - ff089832-d0c0-4656-8db7-7a8b564902c0@group-12EDBCD636A6: shutdown
2022-11-08 11:41:19,993 [ff089832-d0c0-4656-8db7-7a8b564902c0-impl-thread1] INFO  util.JmxRegister (JmxRegister.java:unregister(73)) - Successfully un-registered JMX Bean with object name Ratis:service=RaftServer,group=group-12EDBCD636A6,id=ff089832-d0c0-4656-8db7-7a8b564902c0
2022-11-08 11:41:19,993 [ff089832-d0c0-4656-8db7-7a8b564902c0-impl-thread1] INFO  impl.RoleInfo (RoleInfo.java:shutdownFollowerState(110)) - ff089832-d0c0-4656-8db7-7a8b564902c0: shutdown ff089832-d0c0-4656-8db7-7a8b564902c0@group-12EDBCD636A6-FollowerState
2022-11-08 11:41:19,993 [ff089832-d0c0-4656-8db7-7a8b564902c0-impl-thread1] INFO  impl.StateMachineUpdater (StateMachineUpdater.java:stopAndJoin(153)) - ff089832-d0c0-4656-8db7-7a8b564902c0@group-12EDBCD636A6-StateMachineUpdater: set stopIndex = -1
2022-11-08 11:41:19,993 [ff089832-d0c0-4656-8db7-7a8b564902c0@group-12EDBCD636A6-FollowerState] INFO  impl.FollowerState (FollowerState.java:run(152)) - ff089832-d0c0-4656-8db7-7a8b564902c0@group-12EDBCD636A6-FollowerState was interrupted
2022-11-08 11:41:19,996 [ff089832-d0c0-4656-8db7-7a8b564902c0-impl-thread1] INFO  server.RaftServer$Division (ServerState.java:close(466)) - ff089832-d0c0-4656-8db7-7a8b564902c0@group-12EDBCD636A6: closes. applyIndex: -1
2022-11-08 11:41:19,997 [ff089832-d0c0-4656-8db7-7a8b564902c0@group-12EDBCD636A6-SegmentedRaftLogWorker] INFO  segmented.SegmentedRaftLogWorker (SegmentedRaftLogWorker.java:run(345)) - ff089832-d0c0-4656-8db7-7a8b564902c0@group-12EDBCD636A6-SegmentedRaftLogWorker was interrupted, exiting. There are 0 tasks remaining in the queue.
2022-11-08 11:41:19,997 [ff089832-d0c0-4656-8db7-7a8b564902c0-impl-thread1] INFO  segmented.SegmentedRaftLogWorker (SegmentedRaftLogWorker.java:close(255)) - ff089832-d0c0-4656-8db7-7a8b564902c0@group-12EDBCD636A6-SegmentedRaftLogWorker close()
2022-11-08 11:41:20,007 [ff089832-d0c0-4656-8db7-7a8b564902c0-impl-thread1] INFO  server.RaftServer$Division (RaftServerImpl.java:lambda$close$4(458)) - ff089832-d0c0-4656-8db7-7a8b564902c0@group-17DA61E73514: shutdown
2022-11-08 11:41:20,007 [ff089832-d0c0-4656-8db7-7a8b564902c0-impl-thread1] INFO  util.JmxRegister (JmxRegister.java:unregister(73)) - Successfully un-registered JMX Bean with object name Ratis:service=RaftServer,group=group-17DA61E73514,id=ff089832-d0c0-4656-8db7-7a8b564902c0
2022-11-08 11:41:20,007 [ff089832-d0c0-4656-8db7-7a8b564902c0-impl-thread2] INFO  server.RaftServer$Division (RaftServerImpl.java:lambda$close$4(458)) - ff089832-d0c0-4656-8db7-7a8b564902c0@group-5EE7C243A93E: shutdown
2022-11-08 11:41:20,007 [ff089832-d0c0-4656-8db7-7a8b564902c0-impl-thread2] INFO  util.JmxRegister (JmxRegister.java:unregister(73)) - Successfully un-registered JMX Bean with object name Ratis:service=RaftServer,group=group-5EE7C243A93E,id=ff089832-d0c0-4656-8db7-7a8b564902c0
2022-11-08 11:41:20,007 [ff089832-d0c0-4656-8db7-7a8b564902c0-impl-thread2] INFO  impl.RoleInfo (RoleInfo.java:shutdownLeaderState(93)) - ff089832-d0c0-4656-8db7-7a8b564902c0: shutdown ff089832-d0c0-4656-8db7-7a8b564902c0@group-5EE7C243A93E-LeaderStateImpl
2022-11-08 11:41:20,007 [ff089832-d0c0-4656-8db7-7a8b564902c0-impl-thread2] INFO  impl.PendingRequests (PendingRequests.java:sendNotLeaderResponses(282)) - ff089832-d0c0-4656-8db7-7a8b564902c0@group-5EE7C243A93E-PendingRequests: sendNotLeaderResponses
2022-11-08 11:41:20,007 [Listener at 127.0.0.1/45831] INFO  server.GrpcService (GrpcService.java:closeImpl(279)) - ff089832-d0c0-4656-8db7-7a8b564902c0: shutdown server GrpcServerProtocolService now
2022-11-08 11:41:20,007 [ff089832-d0c0-4656-8db7-7a8b564902c0-impl-thread1] INFO  impl.RoleInfo (RoleInfo.java:shutdownLeaderState(93)) - ff089832-d0c0-4656-8db7-7a8b564902c0: shutdown ff089832-d0c0-4656-8db7-7a8b564902c0@group-17DA61E73514-LeaderStateImpl
2022-11-08 11:41:20,008 [ff089832-d0c0-4656-8db7-7a8b564902c0-impl-thread1] INFO  impl.PendingRequests (PendingRequests.java:sendNotLeaderResponses(282)) - ff089832-d0c0-4656-8db7-7a8b564902c0@group-17DA61E73514-PendingRequests: sendNotLeaderResponses
2022-11-08 11:41:20,008 [ff089832-d0c0-4656-8db7-7a8b564902c0-impl-thread1] INFO  impl.StateMachineUpdater (StateMachineUpdater.java:stopAndJoin(153)) - ff089832-d0c0-4656-8db7-7a8b564902c0@group-17DA61E73514-StateMachineUpdater: set stopIndex = 0
2022-11-08 11:41:20,009 [ff089832-d0c0-4656-8db7-7a8b564902c0@group-17DA61E73514-StateMachineUpdater] INFO  ratis.ContainerStateMachine (ContainerStateMachine.java:takeSnapshot(304)) - group-17DA61E73514: Taking a snapshot at:(t:1, i:0) file /home/runner/work/ozone/ozone/hadoop-ozone/integration-test/target/test-dir/MiniOzoneClusterImpl-7c14af0c-19af-49bd-907c-b9cb5ddf5581/datanode-2/data/ratis/5d0fdc95-47c8-425b-be7c-17da61e73514/sm/snapshot.1_0
2022-11-08 11:41:20,010 [ff089832-d0c0-4656-8db7-7a8b564902c0@group-17DA61E73514-StateMachineUpdater] INFO  ratis.ContainerStateMachine (ContainerStateMachine.java:takeSnapshot(315)) - group-17DA61E73514: Finished taking a snapshot at:(t:1, i:0) file:/home/runner/work/ozone/ozone/hadoop-ozone/integration-test/target/test-dir/MiniOzoneClusterImpl-7c14af0c-19af-49bd-907c-b9cb5ddf5581/datanode-2/data/ratis/5d0fdc95-47c8-425b-be7c-17da61e73514/sm/snapshot.1_0 took: 1 ms
2022-11-08 11:41:20,011 [ff089832-d0c0-4656-8db7-7a8b564902c0@group-17DA61E73514-StateMachineUpdater] INFO  impl.StateMachineUpdater (StateMachineUpdater.java:takeSnapshot(287)) - ff089832-d0c0-4656-8db7-7a8b564902c0@group-17DA61E73514-StateMachineUpdater: Took a snapshot at index 0
2022-11-08 11:41:20,011 [ff089832-d0c0-4656-8db7-7a8b564902c0@group-17DA61E73514-StateMachineUpdater] INFO  impl.StateMachineUpdater (StateMachineUpdater.java:lambda$new$0(92)) - ff089832-d0c0-4656-8db7-7a8b564902c0@group-17DA61E73514-StateMachineUpdater: snapshotIndex: updateIncreasingly -1 -> 0
2022-11-08 11:41:20,011 [ff089832-d0c0-4656-8db7-7a8b564902c0-impl-thread1] INFO  server.RaftServer$Division (ServerState.java:close(466)) - ff089832-d0c0-4656-8db7-7a8b564902c0@group-17DA61E73514: closes. applyIndex: 0
2022-11-08 11:41:20,011 [ff089832-d0c0-4656-8db7-7a8b564902c0@group-17DA61E73514-SegmentedRaftLogWorker] INFO  segmented.SegmentedRaftLogWorker (SegmentedRaftLogWorker.java:run(345)) - ff089832-d0c0-4656-8db7-7a8b564902c0@group-17DA61E73514-SegmentedRaftLogWorker was interrupted, exiting. There are 0 tasks remaining in the queue.
2022-11-08 11:41:20,015 [Listener at 127.0.0.1/45831] INFO  server.GrpcServerProtocolClient (GrpcServerProtocolClient.java:close(111)) - 796fe754-0c35-4eb6-a30c-1cb762a5c0c8 Close channels
2022-11-08 11:41:20,015 [ff089832-d0c0-4656-8db7-7a8b564902c0-impl-thread1] INFO  segmented.SegmentedRaftLogWorker (SegmentedRaftLogWorker.java:close(255)) - ff089832-d0c0-4656-8db7-7a8b564902c0@group-17DA61E73514-SegmentedRaftLogWorker close()
2022-11-08 11:41:20,017 [ff089832-d0c0-4656-8db7-7a8b564902c0@group-5EE7C243A93E-StateMachineUpdater] INFO  ratis.ContainerStateMachine (ContainerStateMachine.java:takeSnapshot(304)) - group-5EE7C243A93E: Taking a snapshot at:(t:1, i:0) file /home/runner/work/ozone/ozone/hadoop-ozone/integration-test/target/test-dir/MiniOzoneClusterImpl-7c14af0c-19af-49bd-907c-b9cb5ddf5581/datanode-2/data/ratis/cc32a6dc-16b6-46bf-ba56-5ee7c243a93e/sm/snapshot.1_0
2022-11-08 11:41:20,018 [ff089832-d0c0-4656-8db7-7a8b564902c0-impl-thread2] INFO  impl.StateMachineUpdater (StateMachineUpdater.java:stopAndJoin(153)) - ff089832-d0c0-4656-8db7-7a8b564902c0@group-5EE7C243A93E-StateMachineUpdater: set stopIndex = 0
2022-11-08 11:41:20,019 [ff089832-d0c0-4656-8db7-7a8b564902c0@group-5EE7C243A93E-StateMachineUpdater] INFO  ratis.ContainerStateMachine (ContainerStateMachine.java:takeSnapshot(315)) - group-5EE7C243A93E: Finished taking a snapshot at:(t:1, i:0) file:/home/runner/work/ozone/ozone/hadoop-ozone/integration-test/target/test-dir/MiniOzoneClusterImpl-7c14af0c-19af-49bd-907c-b9cb5ddf5581/datanode-2/data/ratis/cc32a6dc-16b6-46bf-ba56-5ee7c243a93e/sm/snapshot.1_0 took: 2 ms
2022-11-08 11:41:20,019 [ff089832-d0c0-4656-8db7-7a8b564902c0@group-5EE7C243A93E-StateMachineUpdater] INFO  impl.StateMachineUpdater (StateMachineUpdater.java:takeSnapshot(287)) - ff089832-d0c0-4656-8db7-7a8b564902c0@group-5EE7C243A93E-StateMachineUpdater: Took a snapshot at index 0
2022-11-08 11:41:20,019 [ff089832-d0c0-4656-8db7-7a8b564902c0@group-5EE7C243A93E-StateMachineUpdater] INFO  impl.StateMachineUpdater (StateMachineUpdater.java:lambda$new$0(92)) - ff089832-d0c0-4656-8db7-7a8b564902c0@group-5EE7C243A93E-StateMachineUpdater: snapshotIndex: updateIncreasingly -1 -> 0
2022-11-08 11:41:20,019 [ff089832-d0c0-4656-8db7-7a8b564902c0-impl-thread2] INFO  server.RaftServer$Division (ServerState.java:close(466)) - ff089832-d0c0-4656-8db7-7a8b564902c0@group-5EE7C243A93E: closes. applyIndex: 0
2022-11-08 11:41:20,019 [ff089832-d0c0-4656-8db7-7a8b564902c0@group-5EE7C243A93E-SegmentedRaftLogWorker] INFO  segmented.SegmentedRaftLogWorker (SegmentedRaftLogWorker.java:run(345)) - ff089832-d0c0-4656-8db7-7a8b564902c0@group-5EE7C243A93E-SegmentedRaftLogWorker was interrupted, exiting. There are 0 tasks remaining in the queue.
2022-11-08 11:41:20,021 [Listener at 127.0.0.1/45831] INFO  server.GrpcServerProtocolClient (GrpcServerProtocolClient.java:close(111)) - 72dfd9ba-a98d-401a-81dd-3b4131028c49 Close channels
2022-11-08 11:41:20,021 [ff089832-d0c0-4656-8db7-7a8b564902c0-impl-thread2] INFO  segmented.SegmentedRaftLogWorker (SegmentedRaftLogWorker.java:close(255)) - ff089832-d0c0-4656-8db7-7a8b564902c0@group-5EE7C243A93E-SegmentedRaftLogWorker close()
2022-11-08 11:41:20,023 [Listener at 127.0.0.1/45831] INFO  server.GrpcService (GrpcService.java:closeImpl(288)) - ff089832-d0c0-4656-8db7-7a8b564902c0: shutdown server GrpcServerProtocolService successfully
2022-11-08 11:41:20,023 [JvmPauseMonitor10] INFO  util.JvmPauseMonitor (JvmPauseMonitor.java:run(111)) - JvmPauseMonitor-ff089832-d0c0-4656-8db7-7a8b564902c0: Stopped
2022-11-08 11:41:21,194 [EventQueue-StaleNodeForStaleNodeHandler] INFO  node.StaleNodeHandler (StaleNodeHandler.java:onMessage(59)) - Datanode 796fe754-0c35-4eb6-a30c-1cb762a5c0c8{ip: 10.1.0.111, host: fv-az573-890.uspngagyt4suddso0aj1djjezg.dx.internal.cloudapp.net, ports: [REPLICATION=38467, RATIS=44279, RATIS_ADMIN=44279, RATIS_SERVER=44279, STANDALONE=36161], networkLocation: /default-rack, certSerialId: null, persistedOpState: IN_SERVICE, persistedOpStateExpiryEpochSec: 0} moved to stale state. Finalizing its pipelines [PipelineID=75062e52-3dfa-43a4-9de4-12edbcd636a6, PipelineID=7d79a7e7-3ce8-4691-a67f-acc8501c15b7, PipelineID=cc32a6dc-16b6-46bf-ba56-5ee7c243a93e]
2022-11-08 11:41:21,197 [EventQueue-StaleNodeForStaleNodeHandler] INFO  pipeline.PipelineManagerImpl (PipelineManagerImpl.java:closePipeline(442)) - Pipeline Pipeline[ Id: 75062e52-3dfa-43a4-9de4-12edbcd636a6, Nodes: 72dfd9ba-a98d-401a-81dd-3b4131028c49{ip: 10.1.0.111, host: fv-az573-890.uspngagyt4suddso0aj1djjezg.dx.internal.cloudapp.net, ports: [REPLICATION=45913, RATIS=43469, RATIS_ADMIN=43469, RATIS_SERVER=43469, STANDALONE=34397], networkLocation: /default-rack, certSerialId: null, persistedOpState: IN_SERVICE, persistedOpStateExpiryEpochSec: 0}796fe754-0c35-4eb6-a30c-1cb762a5c0c8{ip: 10.1.0.111, host: fv-az573-890.uspngagyt4suddso0aj1djjezg.dx.internal.cloudapp.net, ports: [REPLICATION=38467, RATIS=44279, RATIS_ADMIN=44279, RATIS_SERVER=44279, STANDALONE=36161], networkLocation: /default-rack, certSerialId: null, persistedOpState: IN_SERVICE, persistedOpStateExpiryEpochSec: 0}ff089832-d0c0-4656-8db7-7a8b564902c0{ip: 10.1.0.111, host: fv-az573-890.uspngagyt4suddso0aj1djjezg.dx.internal.cloudapp.net, ports: [REPLICATION=37797, RATIS=45571, RATIS_ADMIN=45571, RATIS_SERVER=45571, STANDALONE=44499], networkLocation: /default-rack, certSerialId: null, persistedOpState: IN_SERVICE, persistedOpStateExpiryEpochSec: 0}, ReplicationConfig: RATIS/THREE, State:ALLOCATED, leaderId:, CreationTimestamp2022-11-08T11:41:07.728Z[Etc/UTC]] moved to CLOSED state
2022-11-08 11:41:21,198 [EventQueue-StaleNodeForStaleNodeHandler] INFO  pipeline.PipelineManagerImpl (PipelineManagerImpl.java:closePipeline(442)) - Pipeline Pipeline[ Id: 7d79a7e7-3ce8-4691-a67f-acc8501c15b7, Nodes: 796fe754-0c35-4eb6-a30c-1cb762a5c0c8{ip: 10.1.0.111, host: fv-az573-890.uspngagyt4suddso0aj1djjezg.dx.internal.cloudapp.net, ports: [REPLICATION=38467, RATIS=44279, RATIS_ADMIN=44279, RATIS_SERVER=44279, STANDALONE=36161], networkLocation: /default-rack, certSerialId: null, persistedOpState: IN_SERVICE, persistedOpStateExpiryEpochSec: 0}, ReplicationConfig: RATIS/ONE, State:OPEN, leaderId:796fe754-0c35-4eb6-a30c-1cb762a5c0c8, CreationTimestamp2022-11-08T11:41:06.867Z[Etc/UTC]] moved to CLOSED state
2022-11-08 11:41:21,198 [EventQueue-StaleNodeForStaleNodeHandler] INFO  pipeline.PipelineManagerImpl (PipelineManagerImpl.java:closePipeline(442)) - Pipeline Pipeline[ Id: cc32a6dc-16b6-46bf-ba56-5ee7c243a93e, Nodes: 72dfd9ba-a98d-401a-81dd-3b4131028c49{ip: 10.1.0.111, host: fv-az573-890.uspngagyt4suddso0aj1djjezg.dx.internal.cloudapp.net, ports: [REPLICATION=45913, RATIS=43469, RATIS_ADMIN=43469, RATIS_SERVER=43469, STANDALONE=34397], networkLocation: /default-rack, certSerialId: null, persistedOpState: IN_SERVICE, persistedOpStateExpiryEpochSec: 0}ff089832-d0c0-4656-8db7-7a8b564902c0{ip: 10.1.0.111, host: fv-az573-890.uspngagyt4suddso0aj1djjezg.dx.internal.cloudapp.net, ports: [REPLICATION=37797, RATIS=45571, RATIS_ADMIN=45571, RATIS_SERVER=45571, STANDALONE=44499], networkLocation: /default-rack, certSerialId: null, persistedOpState: IN_SERVICE, persistedOpStateExpiryEpochSec: 0}796fe754-0c35-4eb6-a30c-1cb762a5c0c8{ip: 10.1.0.111, host: fv-az573-890.uspngagyt4suddso0aj1djjezg.dx.internal.cloudapp.net, ports: [REPLICATION=38467, RATIS=44279, RATIS_ADMIN=44279, RATIS_SERVER=44279, STANDALONE=36161], networkLocation: /default-rack, certSerialId: null, persistedOpState: IN_SERVICE, persistedOpStateExpiryEpochSec: 0}, ReplicationConfig: RATIS/THREE, State:OPEN, leaderId:ff089832-d0c0-4656-8db7-7a8b564902c0, CreationTimestamp2022-11-08T11:41:07.730Z[Etc/UTC]] moved to CLOSED state
2022-11-08 11:41:22,029 [Listener at 127.0.0.1/45831] INFO  volume.HddsVolume (HddsVolume.java:closeDbStore(338)) - SchemaV3 db is stopped at /home/runner/work/ozone/ozone/hadoop-ozone/integration-test/target/test-dir/MiniOzoneClusterImpl-7c14af0c-19af-49bd-907c-b9cb5ddf5581/datanode-2/data-0/containers/hdds/7c14af0c-19af-49bd-907c-b9cb5ddf5581/DS-8d09e57e-40ba-4280-82b2-6691d835be83/container.db for volume DS-8d09e57e-40ba-4280-82b2-6691d835be83
2022-11-08 11:41:22,029 [Listener at 127.0.0.1/45831] INFO  utils.BackgroundService (BackgroundService.java:shutdown(141)) - Shutting down service BlockDeletingService
2022-11-08 11:41:22,030 [Listener at 127.0.0.1/45831] INFO  utils.BackgroundService (BackgroundService.java:shutdown(141)) - Shutting down service StaleRecoveringContainerScrubbingService
2022-11-08 11:41:22,032 [Listener at 127.0.0.1/45831] INFO  statemachine.DatanodeStateMachine (DatanodeStateMachine.java:stopDaemon(593)) - Ozone container server stopped.
2022-11-08 11:41:22,050 [Listener at 127.0.0.1/45831] INFO  handler.ContextHandler (ContextHandler.java:doStop(1159)) - Stopped o.e.j.w.WebAppContext@7d9b2878{hddsDatanode,/,null,STOPPED}{jar:file:/home/runner/.m2/repository/org/apache/ozone/hdds-container-service/1.3.0-SNAPSHOT/hdds-container-service-1.3.0-SNAPSHOT.jar!/webapps/hddsDatanode}
2022-11-08 11:41:22,051 [Listener at 127.0.0.1/45831] INFO  server.AbstractConnector (AbstractConnector.java:doStop(383)) - Stopped ServerConnector@74d083c8{HTTP/1.1, (http/1.1)}{0.0.0.0:0}
2022-11-08 11:41:22,051 [Listener at 127.0.0.1/45831] INFO  server.session (HouseKeeper.java:stopScavenging(149)) - node0 Stopped scavenging
2022-11-08 11:41:22,052 [Listener at 127.0.0.1/45831] INFO  handler.ContextHandler (ContextHandler.java:doStop(1159)) - Stopped o.e.j.s.ServletContextHandler@71ee6d22{static,/static,jar:file:/home/runner/.m2/repository/org/apache/ozone/hdds-container-service/1.3.0-SNAPSHOT/hdds-container-service-1.3.0-SNAPSHOT.jar!/webapps/static,STOPPED}
2022-11-08 11:41:22,052 [Listener at 127.0.0.1/45831] INFO  handler.ContextHandler (ContextHandler.java:doStop(1159)) - Stopped o.e.j.s.ServletContextHandler@707f4505{logs,/logs,file:///home/runner/work/ozone/ozone/hadoop-ozone/integration-test/target/log,STOPPED}
2022-11-08 11:41:24,195 [EventQueue-StaleNodeForStaleNodeHandler] INFO  node.StaleNodeHandler (StaleNodeHandler.java:onMessage(59)) - Datanode 72dfd9ba-a98d-401a-81dd-3b4131028c49{ip: 10.1.0.111, host: fv-az573-890.uspngagyt4suddso0aj1djjezg.dx.internal.cloudapp.net, ports: [REPLICATION=45913, RATIS=43469, RATIS_ADMIN=43469, RATIS_SERVER=43469, STANDALONE=34397], networkLocation: /default-rack, certSerialId: null, persistedOpState: IN_SERVICE, persistedOpStateExpiryEpochSec: 0} moved to stale state. Finalizing its pipelines [PipelineID=75062e52-3dfa-43a4-9de4-12edbcd636a6, PipelineID=cc32a6dc-16b6-46bf-ba56-5ee7c243a93e, PipelineID=fcc1767b-2537-4310-b0e5-9e57124e21df]
2022-11-08 11:41:24,196 [EventQueue-StaleNodeForStaleNodeHandler] INFO  pipeline.PipelineManagerImpl (PipelineManagerImpl.java:closePipeline(442)) - Pipeline Pipeline[ Id: fcc1767b-2537-4310-b0e5-9e57124e21df, Nodes: 72dfd9ba-a98d-401a-81dd-3b4131028c49{ip: 10.1.0.111, host: fv-az573-890.uspngagyt4suddso0aj1djjezg.dx.internal.cloudapp.net, ports: [REPLICATION=45913, RATIS=43469, RATIS_ADMIN=43469, RATIS_SERVER=43469, STANDALONE=34397], networkLocation: /default-rack, certSerialId: null, persistedOpState: IN_SERVICE, persistedOpStateExpiryEpochSec: 0}, ReplicationConfig: RATIS/ONE, State:OPEN, leaderId:72dfd9ba-a98d-401a-81dd-3b4131028c49, CreationTimestamp2022-11-08T11:41:07.247Z[Etc/UTC]] moved to CLOSED state
2022-11-08 11:41:26,196 [EventQueue-StaleNodeForStaleNodeHandler] INFO  node.StaleNodeHandler (StaleNodeHandler.java:onMessage(59)) - Datanode ff089832-d0c0-4656-8db7-7a8b564902c0{ip: 10.1.0.111, host: fv-az573-890.uspngagyt4suddso0aj1djjezg.dx.internal.cloudapp.net, ports: [REPLICATION=37797, RATIS=45571, RATIS_ADMIN=45571, RATIS_SERVER=45571, STANDALONE=44499], networkLocation: /default-rack, certSerialId: null, persistedOpState: IN_SERVICE, persistedOpStateExpiryEpochSec: 0} moved to stale state. Finalizing its pipelines [PipelineID=75062e52-3dfa-43a4-9de4-12edbcd636a6, PipelineID=cc32a6dc-16b6-46bf-ba56-5ee7c243a93e, PipelineID=5d0fdc95-47c8-425b-be7c-17da61e73514]
2022-11-08 11:41:26,197 [EventQueue-StaleNodeForStaleNodeHandler] INFO  pipeline.PipelineManagerImpl (PipelineManagerImpl.java:closePipeline(442)) - Pipeline Pipeline[ Id: 5d0fdc95-47c8-425b-be7c-17da61e73514, Nodes: ff089832-d0c0-4656-8db7-7a8b564902c0{ip: 10.1.0.111, host: fv-az573-890.uspngagyt4suddso0aj1djjezg.dx.internal.cloudapp.net, ports: [REPLICATION=37797, RATIS=45571, RATIS_ADMIN=45571, RATIS_SERVER=45571, STANDALONE=44499], networkLocation: /default-rack, certSerialId: null, persistedOpState: IN_SERVICE, persistedOpStateExpiryEpochSec: 0}, ReplicationConfig: RATIS/ONE, State:OPEN, leaderId:ff089832-d0c0-4656-8db7-7a8b564902c0, CreationTimestamp2022-11-08T11:41:07.727Z[Etc/UTC]] moved to CLOSED state
2022-11-08 11:41:26,263 [Listener at 127.0.0.1/45831] ERROR pipeline.PipelinePlacementPolicy (PipelinePlacementPolicy.java:filterViableNodes(130)) - No healthy node found to allocate container.
2022-11-08 11:41:26,268 [Listener at 127.0.0.1/45831] INFO  impl.MetricsSystemImpl (MetricsSystemImpl.java:init(158)) - HddsDatanode metrics system started (again)
2022-11-08 11:41:26,316 [Listener at 127.0.0.1/45831] INFO  ozone.HddsDatanodeService (HddsDatanodeService.java:start(236)) - HddsDatanodeService host:fv-az573-890.uspngagyt4suddso0aj1djjezg.dx.internal.cloudapp.net ip:10.1.0.111
2022-11-08 11:41:26,331 [Listener at 127.0.0.1/45831] INFO  upgrade.AbstractLayoutVersionManager (AbstractLayoutVersionManager.java:init(83)) - Initializing Layout version manager with metadata layout = DATANODE_SCHEMA_V3 (version = 4), software layout = DATANODE_SCHEMA_V3 (version = 4)
2022-11-08 11:41:26,383 [Listener at 127.0.0.1/45831] INFO  reflections.Reflections (Reflections.java:scan(232)) - Reflections took 51 ms to scan 7 urls, producing 139 keys and 336 values 
2022-11-08 11:41:26,385 [Listener at 127.0.0.1/45831] INFO  statemachine.DatanodeStateMachine (DatanodeStateMachine.java:getEndPointTaskThreadPoolSize(245)) - Datanode State Machine Task Thread Pool size 2
2022-11-08 11:41:26,389 [Listener at 127.0.0.1/45831] INFO  volume.HddsVolume (HddsVolume.java:<init>(117)) - Creating HddsVolume: /home/runner/work/ozone/ozone/hadoop-ozone/integration-test/target/test-dir/MiniOzoneClusterImpl-7c14af0c-19af-49bd-907c-b9cb5ddf5581/datanode-0/data-0/containers/hdds of storage type : DISK capacity : 9223372036854775807
2022-11-08 11:41:26,389 [Listener at 127.0.0.1/45831] INFO  volume.MutableVolumeSet (MutableVolumeSet.java:initializeVolumeSet(174)) - Added Volume : /home/runner/work/ozone/ozone/hadoop-ozone/integration-test/target/test-dir/MiniOzoneClusterImpl-7c14af0c-19af-49bd-907c-b9cb5ddf5581/datanode-0/data-0/containers/hdds to VolumeSet
2022-11-08 11:41:26,389 [Listener at 127.0.0.1/45831] INFO  volume.ThrottledAsyncChecker (ThrottledAsyncChecker.java:schedule(141)) - Scheduling a check for /home/runner/work/ozone/ozone/hadoop-ozone/integration-test/target/test-dir/MiniOzoneClusterImpl-7c14af0c-19af-49bd-907c-b9cb5ddf5581/datanode-0/data-0/containers/hdds
2022-11-08 11:41:26,395 [Listener at 127.0.0.1/45831] INFO  volume.StorageVolumeChecker (StorageVolumeChecker.java:checkAllVolumes(202)) - Scheduled health check for volume /home/runner/work/ozone/ozone/hadoop-ozone/integration-test/target/test-dir/MiniOzoneClusterImpl-7c14af0c-19af-49bd-907c-b9cb5ddf5581/datanode-0/data-0/containers/hdds
2022-11-08 11:41:26,419 [Listener at 127.0.0.1/45831] INFO  volume.MutableVolumeSet (MutableVolumeSet.java:initializeVolumeSet(174)) - Added Volume : /home/runner/work/ozone/ozone/hadoop-ozone/integration-test/target/test-dir/MiniOzoneClusterImpl-7c14af0c-19af-49bd-907c-b9cb5ddf5581/datanode-0/data/ratis to VolumeSet
2022-11-08 11:41:26,419 [Listener at 127.0.0.1/45831] INFO  volume.ThrottledAsyncChecker (ThrottledAsyncChecker.java:schedule(141)) - Scheduling a check for /home/runner/work/ozone/ozone/hadoop-ozone/integration-test/target/test-dir/MiniOzoneClusterImpl-7c14af0c-19af-49bd-907c-b9cb5ddf5581/datanode-0/data/ratis
2022-11-08 11:41:26,420 [Listener at 127.0.0.1/45831] INFO  volume.StorageVolumeChecker (StorageVolumeChecker.java:checkAllVolumes(202)) - Scheduled health check for volume /home/runner/work/ozone/ozone/hadoop-ozone/integration-test/target/test-dir/MiniOzoneClusterImpl-7c14af0c-19af-49bd-907c-b9cb5ddf5581/datanode-0/data/ratis
2022-11-08 11:41:26,481 [Listener at 127.0.0.1/45831] INFO  utils.DatanodeStoreCache (DatanodeStoreCache.java:addDB(58)) - Added db /home/runner/work/ozone/ozone/hadoop-ozone/integration-test/target/test-dir/MiniOzoneClusterImpl-7c14af0c-19af-49bd-907c-b9cb5ddf5581/datanode-0/data-0/containers/hdds/7c14af0c-19af-49bd-907c-b9cb5ddf5581/DS-01109b52-f836-4c06-aef5-e19e4e2f199f/container.db to cache
2022-11-08 11:41:26,481 [Listener at 127.0.0.1/45831] INFO  volume.HddsVolume (HddsVolume.java:loadDbStore(260)) - SchemaV3 db is loaded at /home/runner/work/ozone/ozone/hadoop-ozone/integration-test/target/test-dir/MiniOzoneClusterImpl-7c14af0c-19af-49bd-907c-b9cb5ddf5581/datanode-0/data-0/containers/hdds/7c14af0c-19af-49bd-907c-b9cb5ddf5581/DS-01109b52-f836-4c06-aef5-e19e4e2f199f/container.db for volume DS-01109b52-f836-4c06-aef5-e19e4e2f199f
2022-11-08 11:41:26,484 [Thread-676] INFO  ozoneimpl.ContainerReader (ContainerReader.java:readVolume(145)) - Start to verify containers on volume /home/runner/work/ozone/ozone/hadoop-ozone/integration-test/target/test-dir/MiniOzoneClusterImpl-7c14af0c-19af-49bd-907c-b9cb5ddf5581/datanode-0/data-0/containers/hdds
2022-11-08 11:41:26,484 [Thread-676] INFO  ozoneimpl.ContainerReader (ContainerReader.java:readVolume(175)) - Finish verifying containers on volume /home/runner/work/ozone/ozone/hadoop-ozone/integration-test/target/test-dir/MiniOzoneClusterImpl-7c14af0c-19af-49bd-907c-b9cb5ddf5581/datanode-0/data-0/containers/hdds
2022-11-08 11:41:26,484 [Listener at 127.0.0.1/45831] INFO  ozoneimpl.OzoneContainer (OzoneContainer.java:buildContainerSet(300)) - Build ContainerSet costs 0s
2022-11-08 11:41:26,489 [Listener at 127.0.0.1/45831] INFO  server.RaftServer (ConfUtils.java:logGet(46)) - raft.rpc.type = GRPC (default)
2022-11-08 11:41:26,489 [Listener at 127.0.0.1/45831] INFO  grpc.GrpcConfigKeys (ConfUtils.java:logFallback(53)) - raft.grpc.admin.host = null (fallback to raft.grpc.server.host)
2022-11-08 11:41:26,490 [Listener at 127.0.0.1/45831] INFO  grpc.GrpcConfigKeys (ConfUtils.java:logGet(46)) - raft.grpc.admin.port = 44279 (custom)
2022-11-08 11:41:26,490 [Listener at 127.0.0.1/45831] INFO  grpc.GrpcConfigKeys (ConfUtils.java:logFallback(53)) - raft.grpc.client.host = null (fallback to raft.grpc.server.host)
2022-11-08 11:41:26,490 [Listener at 127.0.0.1/45831] INFO  grpc.GrpcConfigKeys (ConfUtils.java:logGet(46)) - raft.grpc.client.port = 44279 (custom)
2022-11-08 11:41:26,490 [Listener at 127.0.0.1/45831] INFO  grpc.GrpcConfigKeys (ConfUtils.java:logGet(46)) - raft.grpc.server.host = null (default)
2022-11-08 11:41:26,490 [Listener at 127.0.0.1/45831] INFO  grpc.GrpcConfigKeys (ConfUtils.java:logGet(46)) - raft.grpc.server.port = 44279 (custom)
2022-11-08 11:41:26,491 [Listener at 127.0.0.1/45831] INFO  server.GrpcService (ConfUtils.java:logGet(46)) - raft.grpc.message.size.max = 32MB (=33554432) (custom)
2022-11-08 11:41:26,491 [Listener at 127.0.0.1/45831] INFO  server.RaftServerConfigKeys (ConfUtils.java:logGet(46)) - raft.server.log.appender.buffer.byte-limit = 33554432 (custom)
2022-11-08 11:41:26,491 [Listener at 127.0.0.1/45831] INFO  server.GrpcService (ConfUtils.java:logGet(46)) - raft.grpc.flow.control.window = 5MB (=5242880) (custom)
2022-11-08 11:41:26,491 [Listener at 127.0.0.1/45831] INFO  server.RaftServerConfigKeys (ConfUtils.java:logGet(46)) - raft.server.rpc.request.timeout = 60s (custom)
2022-11-08 11:41:26,491 [Listener at 127.0.0.1/45831] INFO  grpc.GrpcConfigKeys (ConfUtils.java:logGet(46)) - raft.grpc.server.heartbeat.channel = true (default)
2022-11-08 11:41:26,492 [Listener at 127.0.0.1/45831] INFO  grpc.GrpcConfigKeys (ConfUtils.java:logGet(46)) - raft.grpc.server.async.request.thread.pool.cached = true (default)
2022-11-08 11:41:26,492 [Listener at 127.0.0.1/45831] INFO  grpc.GrpcConfigKeys (ConfUtils.java:logGet(46)) - raft.grpc.server.async.request.thread.pool.size = 32 (default)
2022-11-08 11:41:26,493 [Listener at 127.0.0.1/45831] INFO  impl.DataStreamServerImpl (ConfUtils.java:logGet(46)) - raft.datastream.type = DISABLED (default)
2022-11-08 11:41:26,494 [Listener at 127.0.0.1/45831] INFO  server.RaftServerConfigKeys (ConfUtils.java:logGet(46)) - raft.server.threadpool.proxy.cached = true (default)
2022-11-08 11:41:26,494 [Listener at 127.0.0.1/45831] INFO  server.RaftServerConfigKeys (ConfUtils.java:logGet(46)) - raft.server.threadpool.proxy.size = 0 (default)
2022-11-08 11:41:26,494 [Listener at 127.0.0.1/45831] INFO  server.RaftServerConfigKeys (ConfUtils.java:logGet(46)) - raft.server.rpc.slowness.timeout = 300s (custom)
2022-11-08 11:41:26,495 [Listener at 127.0.0.1/45831] INFO  server.RaftServerConfigKeys (ConfUtils.java:logGet(46)) - raft.server.leaderelection.leader.step-down.wait-time = 10s (default)
2022-11-08 11:41:26,495 [Listener at 127.0.0.1/45831] INFO  server.RaftServerConfigKeys (ConfUtils.java:logGet(46)) - raft.server.storage.dir = [/home/runner/work/ozone/ozone/hadoop-ozone/integration-test/target/test-dir/MiniOzoneClusterImpl-7c14af0c-19af-49bd-907c-b9cb5ddf5581/datanode-0/data/ratis] (custom)
2022-11-08 11:41:26,499 [796fe754-0c35-4eb6-a30c-1cb762a5c0c8-impl-thread1] INFO  server.RaftServer (RaftServerProxy.java:initGroupDir(251)) - 796fe754-0c35-4eb6-a30c-1cb762a5c0c8: found a subdirectory /home/runner/work/ozone/ozone/hadoop-ozone/integration-test/target/test-dir/MiniOzoneClusterImpl-7c14af0c-19af-49bd-907c-b9cb5ddf5581/datanode-0/data/ratis/cc32a6dc-16b6-46bf-ba56-5ee7c243a93e
2022-11-08 11:41:26,500 [796fe754-0c35-4eb6-a30c-1cb762a5c0c8-impl-thread1] INFO  server.RaftServer (RaftServerProxy.java:addNew(96)) - 796fe754-0c35-4eb6-a30c-1cb762a5c0c8: addNew group-5EE7C243A93E:[] returns group-5EE7C243A93E:java.util.concurrent.CompletableFuture@3d1ace11[Not completed]
2022-11-08 11:41:26,500 [796fe754-0c35-4eb6-a30c-1cb762a5c0c8-impl-thread1] INFO  server.RaftServer (RaftServerProxy.java:initGroupDir(251)) - 796fe754-0c35-4eb6-a30c-1cb762a5c0c8: found a subdirectory /home/runner/work/ozone/ozone/hadoop-ozone/integration-test/target/test-dir/MiniOzoneClusterImpl-7c14af0c-19af-49bd-907c-b9cb5ddf5581/datanode-0/data/ratis/7d79a7e7-3ce8-4691-a67f-acc8501c15b7
2022-11-08 11:41:26,500 [796fe754-0c35-4eb6-a30c-1cb762a5c0c8-impl-thread1] INFO  server.RaftServer (RaftServerProxy.java:addNew(96)) - 796fe754-0c35-4eb6-a30c-1cb762a5c0c8: addNew group-ACC8501C15B7:[] returns group-ACC8501C15B7:java.util.concurrent.CompletableFuture@39254d6a[Not completed]
2022-11-08 11:41:26,500 [796fe754-0c35-4eb6-a30c-1cb762a5c0c8-impl-thread1] INFO  server.RaftServer (RaftServerProxy.java:initGroupDir(251)) - 796fe754-0c35-4eb6-a30c-1cb762a5c0c8: found a subdirectory /home/runner/work/ozone/ozone/hadoop-ozone/integration-test/target/test-dir/MiniOzoneClusterImpl-7c14af0c-19af-49bd-907c-b9cb5ddf5581/datanode-0/data/ratis/75062e52-3dfa-43a4-9de4-12edbcd636a6
2022-11-08 11:41:26,500 [796fe754-0c35-4eb6-a30c-1cb762a5c0c8-impl-thread1] INFO  server.RaftServer (RaftServerProxy.java:addNew(96)) - 796fe754-0c35-4eb6-a30c-1cb762a5c0c8: addNew group-12EDBCD636A6:[] returns group-12EDBCD636A6:java.util.concurrent.CompletableFuture@7c27c42a[Not completed]
2022-11-08 11:41:26,502 [Listener at 127.0.0.1/45831] INFO  server.XceiverServerGrpc (XceiverServerGrpc.java:<init>(132)) - GrpcServer channel type EpollServerSocketChannel
2022-11-08 11:41:26,506 [pool-402-thread-1] INFO  server.RaftServer$Division (RaftServerImpl.java:<init>(195)) - 796fe754-0c35-4eb6-a30c-1cb762a5c0c8: new RaftServerImpl for group-5EE7C243A93E:[] with ContainerStateMachine:uninitialized
2022-11-08 11:41:26,507 [pool-402-thread-1] INFO  server.RaftServerConfigKeys (ConfUtils.java:logGet(46)) - raft.server.rpc.timeout.min = 5s (custom)
2022-11-08 11:41:26,507 [pool-402-thread-1] INFO  server.RaftServerConfigKeys (ConfUtils.java:logGet(46)) - raft.server.rpc.timeout.max = 5200ms (custom)
2022-11-08 11:41:26,507 [pool-402-thread-1] INFO  server.RaftServerConfigKeys (ConfUtils.java:logGet(46)) - raft.server.rpc.sleep.time = 25ms (default)
2022-11-08 11:41:26,507 [pool-402-thread-1] INFO  server.RaftServerConfigKeys (ConfUtils.java:logGet(46)) - raft.server.rpc.slowness.timeout = 300s (custom)
2022-11-08 11:41:26,507 [pool-402-thread-1] INFO  server.RaftServerConfigKeys (ConfUtils.java:logGet(46)) - raft.server.leaderelection.leader.step-down.wait-time = 10s (default)
2022-11-08 11:41:26,507 [pool-402-thread-1] INFO  server.RaftServerConfigKeys (ConfUtils.java:logGet(46)) - raft.server.sleep.deviation.threshold = 300ms (default)
2022-11-08 11:41:26,507 [pool-402-thread-1] INFO  server.RaftServer$Division (ServerState.java:<init>(118)) - 796fe754-0c35-4eb6-a30c-1cb762a5c0c8@group-5EE7C243A93E: ConfigurationManager, init=-1: peers:[]|listeners:[], old=null, confs=<EMPTY_MAP>
2022-11-08 11:41:26,507 [pool-402-thread-1] INFO  server.RaftServerConfigKeys (ConfUtils.java:logGet(46)) - raft.server.storage.dir = [/home/runner/work/ozone/ozone/hadoop-ozone/integration-test/target/test-dir/MiniOzoneClusterImpl-7c14af0c-19af-49bd-907c-b9cb5ddf5581/datanode-0/data/ratis] (custom)
2022-11-08 11:41:26,507 [pool-402-thread-1] INFO  server.RaftServerConfigKeys (ConfUtils.java:logGet(46)) - raft.server.log.corruption.policy = EXCEPTION (default)
2022-11-08 11:41:26,507 [pool-402-thread-1] INFO  server.RaftServerConfigKeys (ConfUtils.java:logGet(46)) - raft.server.storage.free-space.min = 0MB (=0) (default)
2022-11-08 11:41:26,507 [pool-402-thread-1] INFO  server.RaftServerConfigKeys (ConfUtils.java:logGet(46)) - raft.server.notification.no-leader.timeout = 300s (custom)
2022-11-08 11:41:26,508 [pool-402-thread-1] INFO  server.RaftServerConfigKeys (ConfUtils.java:logGet(46)) - raft.server.retrycache.expirytime = 600000ms (custom)
2022-11-08 11:41:26,508 [pool-402-thread-1] INFO  server.RaftServerConfigKeys (ConfUtils.java:logGet(46)) - raft.server.retrycache.statistics.expirytime = 100μs (default)
2022-11-08 11:41:26,509 [pool-402-thread-1] INFO  server.RaftServerConfigKeys (ConfUtils.java:logGet(46)) - raft.server.log.appender.install.snapshot.enabled = false (custom)
2022-11-08 11:41:26,509 [pool-402-thread-1] INFO  server.RaftServerConfigKeys (ConfUtils.java:logGet(46)) - raft.server.threadpool.server.cached = true (default)
2022-11-08 11:41:26,510 [pool-402-thread-1] INFO  server.RaftServerConfigKeys (ConfUtils.java:logGet(46)) - raft.server.threadpool.server.size = 0 (default)
2022-11-08 11:41:26,510 [pool-402-thread-1] INFO  server.RaftServerConfigKeys (ConfUtils.java:logGet(46)) - raft.server.threadpool.client.cached = true (default)
2022-11-08 11:41:26,510 [pool-402-thread-1] INFO  server.RaftServerConfigKeys (ConfUtils.java:logGet(46)) - raft.server.threadpool.client.size = 0 (default)
2022-11-08 11:41:26,511 [pool-402-thread-1] INFO  server.RaftServer$Division (RaftServerImpl.java:<init>(195)) - 796fe754-0c35-4eb6-a30c-1cb762a5c0c8: new RaftServerImpl for group-ACC8501C15B7:[] with ContainerStateMachine:uninitialized
2022-11-08 11:41:26,511 [pool-402-thread-1] INFO  server.RaftServerConfigKeys (ConfUtils.java:logGet(46)) - raft.server.rpc.timeout.min = 5s (custom)
2022-11-08 11:41:26,511 [pool-402-thread-1] INFO  server.RaftServerConfigKeys (ConfUtils.java:logGet(46)) - raft.server.rpc.timeout.max = 5200ms (custom)
2022-11-08 11:41:26,511 [pool-402-thread-1] INFO  server.RaftServerConfigKeys (ConfUtils.java:logGet(46)) - raft.server.rpc.sleep.time = 25ms (default)
2022-11-08 11:41:26,511 [pool-402-thread-1] INFO  server.RaftServerConfigKeys (ConfUtils.java:logGet(46)) - raft.server.rpc.slowness.timeout = 300s (custom)
2022-11-08 11:41:26,511 [pool-402-thread-1] INFO  server.RaftServerConfigKeys (ConfUtils.java:logGet(46)) - raft.server.leaderelection.leader.step-down.wait-time = 10s (default)
2022-11-08 11:41:26,511 [pool-402-thread-1] INFO  server.RaftServerConfigKeys (ConfUtils.java:logGet(46)) - raft.server.sleep.deviation.threshold = 300ms (default)
2022-11-08 11:41:26,511 [pool-402-thread-1] INFO  server.RaftServer$Division (ServerState.java:<init>(118)) - 796fe754-0c35-4eb6-a30c-1cb762a5c0c8@group-ACC8501C15B7: ConfigurationManager, init=-1: peers:[]|listeners:[], old=null, confs=<EMPTY_MAP>
2022-11-08 11:41:26,511 [pool-402-thread-1] INFO  server.RaftServerConfigKeys (ConfUtils.java:logGet(46)) - raft.server.storage.dir = [/home/runner/work/ozone/ozone/hadoop-ozone/integration-test/target/test-dir/MiniOzoneClusterImpl-7c14af0c-19af-49bd-907c-b9cb5ddf5581/datanode-0/data/ratis] (custom)
2022-11-08 11:41:26,514 [Listener at 127.0.0.1/45831] INFO  http.BaseHttpServer (BaseHttpServer.java:newHttpServer2BuilderForOzone(213)) - Starting Web-server for hddsDatanode at: http://0.0.0.0:43767
2022-11-08 11:41:26,514 [Listener at 127.0.0.1/45831] INFO  http.BaseHttpServer (BaseHttpServer.java:<init>(108)) - Hadoop Security Enabled: false Ozone Security Enabled: false Ozone HTTP Security Enabled: false 
2022-11-08 11:41:26,516 [Listener at 127.0.0.1/45831] WARN  server.AuthenticationFilter (AuthenticationFilter.java:constructSecretProvider(240)) - Unable to initialize FileSignerSecretProvider, falling back to use random secrets. Reason: Could not read signature secret file: /home/runner/hadoop-http-auth-signature-secret
2022-11-08 11:41:26,518 [pool-402-thread-1] INFO  server.RaftServerConfigKeys (ConfUtils.java:logGet(46)) - raft.server.log.corruption.policy = EXCEPTION (default)
2022-11-08 11:41:26,518 [pool-402-thread-1] INFO  server.RaftServerConfigKeys (ConfUtils.java:logGet(46)) - raft.server.storage.free-space.min = 0MB (=0) (default)
2022-11-08 11:41:26,518 [pool-402-thread-1] INFO  server.RaftServerConfigKeys (ConfUtils.java:logGet(46)) - raft.server.notification.no-leader.timeout = 300s (custom)
2022-11-08 11:41:26,518 [pool-402-thread-1] INFO  server.RaftServerConfigKeys (ConfUtils.java:logGet(46)) - raft.server.retrycache.expirytime = 600000ms (custom)
2022-11-08 11:41:26,518 [pool-402-thread-1] INFO  server.RaftServerConfigKeys (ConfUtils.java:logGet(46)) - raft.server.retrycache.statistics.expirytime = 100μs (default)
2022-11-08 11:41:26,519 [pool-402-thread-1] INFO  server.RaftServerConfigKeys (ConfUtils.java:logGet(46)) - raft.server.log.appender.install.snapshot.enabled = false (custom)
2022-11-08 11:41:26,519 [pool-402-thread-1] INFO  server.RaftServerConfigKeys (ConfUtils.java:logGet(46)) - raft.server.threadpool.server.cached = true (default)
2022-11-08 11:41:26,519 [Listener at 127.0.0.1/45831] WARN  http.HttpRequestLog (HttpRequestLog.java:getRequestLog(103)) - Jetty request log can only be enabled using Log4j
2022-11-08 11:41:26,521 [Listener at 127.0.0.1/45831] INFO  http.HttpServer2 (HttpServer2.java:addGlobalFilter(1031)) - Added global filter 'safety' (class=org.apache.hadoop.hdds.server.http.HttpServer2$QuotingInputFilter)
2022-11-08 11:41:26,522 [Listener at 127.0.0.1/45831] INFO  http.HttpServer2 (HttpServer2.java:addFilter(1007)) - Added filter static_user_filter (class=org.apache.hadoop.http.lib.StaticUserWebFilter$StaticUserFilter) to context hddsDatanode
2022-11-08 11:41:26,522 [Listener at 127.0.0.1/45831] INFO  http.HttpServer2 (HttpServer2.java:addFilter(1015)) - Added filter static_user_filter (class=org.apache.hadoop.http.lib.StaticUserWebFilter$StaticUserFilter) to context static
2022-11-08 11:41:26,522 [Listener at 127.0.0.1/45831] INFO  http.HttpServer2 (HttpServer2.java:addFilter(1015)) - Added filter static_user_filter (class=org.apache.hadoop.http.lib.StaticUserWebFilter$StaticUserFilter) to context logs
2022-11-08 11:41:26,524 [Listener at 127.0.0.1/45831] INFO  http.HttpServer2 (HttpServer2.java:bindListener(1250)) - Jetty bound to port 43767
2022-11-08 11:41:26,524 [Listener at 127.0.0.1/45831] INFO  server.Server (Server.java:doStart(375)) - jetty-9.4.49.v20220914; built: 2022-09-14T01:07:36.601Z; git: 4231a3b2e4cb8548a412a789936d640a97b1aa0a; jvm 1.8.0_345-b01
2022-11-08 11:41:26,524 [pool-402-thread-1] INFO  server.RaftServerConfigKeys (ConfUtils.java:logGet(46)) - raft.server.threadpool.server.size = 0 (default)
2022-11-08 11:41:26,525 [pool-402-thread-1] INFO  server.RaftServerConfigKeys (ConfUtils.java:logGet(46)) - raft.server.threadpool.client.cached = true (default)
2022-11-08 11:41:26,525 [pool-402-thread-1] INFO  server.RaftServerConfigKeys (ConfUtils.java:logGet(46)) - raft.server.threadpool.client.size = 0 (default)
2022-11-08 11:41:26,526 [pool-402-thread-1] INFO  server.RaftServer$Division (RaftServerImpl.java:<init>(195)) - 796fe754-0c35-4eb6-a30c-1cb762a5c0c8: new RaftServerImpl for group-12EDBCD636A6:[] with ContainerStateMachine:uninitialized
2022-11-08 11:41:26,526 [pool-402-thread-1] INFO  server.RaftServerConfigKeys (ConfUtils.java:logGet(46)) - raft.server.rpc.timeout.min = 5s (custom)
2022-11-08 11:41:26,526 [pool-402-thread-1] INFO  server.RaftServerConfigKeys (ConfUtils.java:logGet(46)) - raft.server.rpc.timeout.max = 5200ms (custom)
2022-11-08 11:41:26,526 [pool-402-thread-1] INFO  server.RaftServerConfigKeys (ConfUtils.java:logGet(46)) - raft.server.rpc.sleep.time = 25ms (default)
2022-11-08 11:41:26,526 [pool-402-thread-1] INFO  server.RaftServerConfigKeys (ConfUtils.java:logGet(46)) - raft.server.rpc.slowness.timeout = 300s (custom)
2022-11-08 11:41:26,526 [pool-402-thread-1] INFO  server.RaftServerConfigKeys (ConfUtils.java:logGet(46)) - raft.server.leaderelection.leader.step-down.wait-time = 10s (default)
2022-11-08 11:41:26,526 [pool-402-thread-1] INFO  server.RaftServerConfigKeys (ConfUtils.java:logGet(46)) - raft.server.sleep.deviation.threshold = 300ms (default)
2022-11-08 11:41:26,526 [pool-402-thread-1] INFO  server.RaftServer$Division (ServerState.java:<init>(118)) - 796fe754-0c35-4eb6-a30c-1cb762a5c0c8@group-12EDBCD636A6: ConfigurationManager, init=-1: peers:[]|listeners:[], old=null, confs=<EMPTY_MAP>
2022-11-08 11:41:26,526 [pool-402-thread-1] INFO  server.RaftServerConfigKeys (ConfUtils.java:logGet(46)) - raft.server.storage.dir = [/home/runner/work/ozone/ozone/hadoop-ozone/integration-test/target/test-dir/MiniOzoneClusterImpl-7c14af0c-19af-49bd-907c-b9cb5ddf5581/datanode-0/data/ratis] (custom)
2022-11-08 11:41:26,526 [pool-402-thread-1] INFO  server.RaftServerConfigKeys (ConfUtils.java:logGet(46)) - raft.server.log.corruption.policy = EXCEPTION (default)
2022-11-08 11:41:26,526 [pool-402-thread-1] INFO  server.RaftServerConfigKeys (ConfUtils.java:logGet(46)) - raft.server.storage.free-space.min = 0MB (=0) (default)
2022-11-08 11:41:26,526 [pool-402-thread-1] INFO  server.RaftServerConfigKeys (ConfUtils.java:logGet(46)) - raft.server.notification.no-leader.timeout = 300s (custom)
2022-11-08 11:41:26,527 [pool-402-thread-1] INFO  server.RaftServerConfigKeys (ConfUtils.java:logGet(46)) - raft.server.retrycache.expirytime = 600000ms (custom)
2022-11-08 11:41:26,527 [pool-402-thread-1] INFO  server.RaftServerConfigKeys (ConfUtils.java:logGet(46)) - raft.server.retrycache.statistics.expirytime = 100μs (default)
2022-11-08 11:41:26,528 [pool-402-thread-1] INFO  server.RaftServerConfigKeys (ConfUtils.java:logGet(46)) - raft.server.log.appender.install.snapshot.enabled = false (custom)
2022-11-08 11:41:26,528 [pool-402-thread-1] INFO  server.RaftServerConfigKeys (ConfUtils.java:logGet(46)) - raft.server.threadpool.server.cached = true (default)
2022-11-08 11:41:26,528 [pool-402-thread-1] INFO  server.RaftServerConfigKeys (ConfUtils.java:logGet(46)) - raft.server.threadpool.server.size = 0 (default)
2022-11-08 11:41:26,528 [pool-402-thread-1] INFO  server.RaftServerConfigKeys (ConfUtils.java:logGet(46)) - raft.server.threadpool.client.cached = true (default)
2022-11-08 11:41:26,528 [pool-402-thread-1] INFO  server.RaftServerConfigKeys (ConfUtils.java:logGet(46)) - raft.server.threadpool.client.size = 0 (default)
2022-11-08 11:41:26,530 [Listener at 127.0.0.1/45831] INFO  server.session (DefaultSessionIdManager.java:doStart(334)) - DefaultSessionIdManager workerName=node0
2022-11-08 11:41:26,531 [Listener at 127.0.0.1/45831] INFO  server.session (DefaultSessionIdManager.java:doStart(339)) - No SessionScavenger set, using defaults
2022-11-08 11:41:26,531 [Listener at 127.0.0.1/45831] INFO  server.session (HouseKeeper.java:startScavenging(132)) - node0 Scavenging every 600000ms
2022-11-08 11:41:26,532 [Listener at 127.0.0.1/45831] INFO  handler.ContextHandler (ContextHandler.java:doStart(921)) - Started o.e.j.s.ServletContextHandler@d8156ac{logs,/logs,file:///home/runner/work/ozone/ozone/hadoop-ozone/integration-test/target/log,AVAILABLE}
2022-11-08 11:41:26,532 [Listener at 127.0.0.1/45831] INFO  handler.ContextHandler (ContextHandler.java:doStart(921)) - Started o.e.j.s.ServletContextHandler@49d1f8f7{static,/static,jar:file:/home/runner/.m2/repository/org/apache/ozone/hdds-container-service/1.3.0-SNAPSHOT/hdds-container-service-1.3.0-SNAPSHOT.jar!/webapps/static,AVAILABLE}
2022-11-08 11:41:26,741 [Listener at 127.0.0.1/45831] INFO  handler.ContextHandler (ContextHandler.java:doStart(921)) - Started o.e.j.w.WebAppContext@7480b7cd{hddsDatanode,/,file:///tmp/jetty-0_0_0_0-43767-hdds-container-service-1_3_0-SNAPSHOT_jar-_-any-7666631609405583875/webapp/,AVAILABLE}{jar:file:/home/runner/.m2/repository/org/apache/ozone/hdds-container-service/1.3.0-SNAPSHOT/hdds-container-service-1.3.0-SNAPSHOT.jar!/webapps/hddsDatanode}
2022-11-08 11:41:26,743 [Listener at 127.0.0.1/45831] INFO  server.AbstractConnector (AbstractConnector.java:doStart(333)) - Started ServerConnector@10d71079{HTTP/1.1, (http/1.1)}{0.0.0.0:43767}
2022-11-08 11:41:26,743 [Listener at 127.0.0.1/45831] INFO  server.Server (Server.java:doStart(415)) - Started @67588ms
2022-11-08 11:41:26,744 [Listener at 127.0.0.1/45831] WARN  impl.MetricsSystemImpl (MetricsSystemImpl.java:register(279)) - Sink prometheus already exists!
2022-11-08 11:41:26,745 [Listener at 127.0.0.1/45831] INFO  http.BaseHttpServer (BaseHttpServer.java:updateConnectorAddress(333)) - HTTP server of hddsDatanode listening at http://0.0.0.0:43767
2022-11-08 11:41:26,747 [Listener at 127.0.0.1/45831] WARN  impl.MetricRegistriesImpl (MetricRegistriesImpl.java:addReporterRegistration(111)) - New reporters are added after registries were created. Some metrics will be missing from the reporter. Please add reporter before adding any new registry.
2022-11-08 11:41:26,749 [Listener at 127.0.0.1/45831] WARN  impl.MetricRegistriesImpl (MetricRegistriesImpl.java:addReporterRegistration(111)) - New reporters are added after registries were created. Some metrics will be missing from the reporter. Please add reporter before adding any new registry.
2022-11-08 11:41:26,749 [Listener at 127.0.0.1/45831] INFO  impl.MetricsSystemImpl (MetricsSystemImpl.java:init(158)) - HddsDatanode metrics system started (again)
2022-11-08 11:41:26,753 [Datanode State Machine Daemon Thread] INFO  statemachine.DatanodeStateMachine (DatanodeStateMachine.java:lambda$startDaemon$0(505)) - Ozone container server started.
2022-11-08 11:41:26,770 [Listener at 127.0.0.1/45831] INFO  ozone.HddsDatanodeService (HddsDatanodeService.java:start(236)) - HddsDatanodeService host:fv-az573-890.uspngagyt4suddso0aj1djjezg.dx.internal.cloudapp.net ip:10.1.0.111
2022-11-08 11:41:26,782 [org.apache.hadoop.util.JvmPauseMonitor$Monitor@64587f73] INFO  util.JvmPauseMonitor (JvmPauseMonitor.java:run(188)) - Starting JVM pause monitor
2022-11-08 11:41:26,791 [Datanode State Machine Task Thread - 0] INFO  datanode.InitDatanodeState (InitDatanodeState.java:persistContainerDatanodeDetails(138)) - DatanodeDetails is persisted to /home/runner/work/ozone/ozone/hadoop-ozone/integration-test/target/test-dir/MiniOzoneClusterImpl-7c14af0c-19af-49bd-907c-b9cb5ddf5581/datanode-0/meta/datanode.id
2022-11-08 11:41:26,800 [Listener at 127.0.0.1/45831] INFO  upgrade.AbstractLayoutVersionManager (AbstractLayoutVersionManager.java:init(83)) - Initializing Layout version manager with metadata layout = DATANODE_SCHEMA_V3 (version = 4), software layout = DATANODE_SCHEMA_V3 (version = 4)
2022-11-08 11:41:26,853 [Listener at 127.0.0.1/45831] INFO  reflections.Reflections (Reflections.java:scan(232)) - Reflections took 51 ms to scan 7 urls, producing 139 keys and 336 values 
2022-11-08 11:41:26,855 [Listener at 127.0.0.1/45831] INFO  statemachine.DatanodeStateMachine (DatanodeStateMachine.java:getEndPointTaskThreadPoolSize(245)) - Datanode State Machine Task Thread Pool size 2
2022-11-08 11:41:26,856 [Listener at 127.0.0.1/45831] INFO  volume.HddsVolume (HddsVolume.java:<init>(117)) - Creating HddsVolume: /home/runner/work/ozone/ozone/hadoop-ozone/integration-test/target/test-dir/MiniOzoneClusterImpl-7c14af0c-19af-49bd-907c-b9cb5ddf5581/datanode-1/data-0/containers/hdds of storage type : DISK capacity : 9223372036854775807
2022-11-08 11:41:26,857 [Listener at 127.0.0.1/45831] INFO  volume.MutableVolumeSet (MutableVolumeSet.java:initializeVolumeSet(174)) - Added Volume : /home/runner/work/ozone/ozone/hadoop-ozone/integration-test/target/test-dir/MiniOzoneClusterImpl-7c14af0c-19af-49bd-907c-b9cb5ddf5581/datanode-1/data-0/containers/hdds to VolumeSet
2022-11-08 11:41:26,857 [Listener at 127.0.0.1/45831] INFO  volume.ThrottledAsyncChecker (ThrottledAsyncChecker.java:schedule(141)) - Scheduling a check for /home/runner/work/ozone/ozone/hadoop-ozone/integration-test/target/test-dir/MiniOzoneClusterImpl-7c14af0c-19af-49bd-907c-b9cb5ddf5581/datanode-1/data-0/containers/hdds
2022-11-08 11:41:26,858 [Listener at 127.0.0.1/45831] INFO  volume.StorageVolumeChecker (StorageVolumeChecker.java:checkAllVolumes(202)) - Scheduled health check for volume /home/runner/work/ozone/ozone/hadoop-ozone/integration-test/target/test-dir/MiniOzoneClusterImpl-7c14af0c-19af-49bd-907c-b9cb5ddf5581/datanode-1/data-0/containers/hdds
2022-11-08 11:41:26,871 [Listener at 127.0.0.1/45831] INFO  volume.MutableVolumeSet (MutableVolumeSet.java:initializeVolumeSet(174)) - Added Volume : /home/runner/work/ozone/ozone/hadoop-ozone/integration-test/target/test-dir/MiniOzoneClusterImpl-7c14af0c-19af-49bd-907c-b9cb5ddf5581/datanode-1/data/ratis to VolumeSet
2022-11-08 11:41:26,871 [Listener at 127.0.0.1/45831] INFO  volume.ThrottledAsyncChecker (ThrottledAsyncChecker.java:schedule(141)) - Scheduling a check for /home/runner/work/ozone/ozone/hadoop-ozone/integration-test/target/test-dir/MiniOzoneClusterImpl-7c14af0c-19af-49bd-907c-b9cb5ddf5581/datanode-1/data/ratis
2022-11-08 11:41:26,871 [Listener at 127.0.0.1/45831] INFO  volume.StorageVolumeChecker (StorageVolumeChecker.java:checkAllVolumes(202)) - Scheduled health check for volume /home/runner/work/ozone/ozone/hadoop-ozone/integration-test/target/test-dir/MiniOzoneClusterImpl-7c14af0c-19af-49bd-907c-b9cb5ddf5581/datanode-1/data/ratis
2022-11-08 11:41:26,898 [Listener at 127.0.0.1/45831] INFO  utils.DatanodeStoreCache (DatanodeStoreCache.java:addDB(58)) - Added db /home/runner/work/ozone/ozone/hadoop-ozone/integration-test/target/test-dir/MiniOzoneClusterImpl-7c14af0c-19af-49bd-907c-b9cb5ddf5581/datanode-1/data-0/containers/hdds/7c14af0c-19af-49bd-907c-b9cb5ddf5581/DS-f5dd78bd-cb18-48a9-b905-39d9eb3d650b/container.db to cache
2022-11-08 11:41:26,899 [Listener at 127.0.0.1/45831] INFO  volume.HddsVolume (HddsVolume.java:loadDbStore(260)) - SchemaV3 db is loaded at /home/runner/work/ozone/ozone/hadoop-ozone/integration-test/target/test-dir/MiniOzoneClusterImpl-7c14af0c-19af-49bd-907c-b9cb5ddf5581/datanode-1/data-0/containers/hdds/7c14af0c-19af-49bd-907c-b9cb5ddf5581/DS-f5dd78bd-cb18-48a9-b905-39d9eb3d650b/container.db for volume DS-f5dd78bd-cb18-48a9-b905-39d9eb3d650b
2022-11-08 11:41:26,900 [Thread-689] INFO  ozoneimpl.ContainerReader (ContainerReader.java:readVolume(145)) - Start to verify containers on volume /home/runner/work/ozone/ozone/hadoop-ozone/integration-test/target/test-dir/MiniOzoneClusterImpl-7c14af0c-19af-49bd-907c-b9cb5ddf5581/datanode-1/data-0/containers/hdds
2022-11-08 11:41:26,900 [Thread-689] INFO  ozoneimpl.ContainerReader (ContainerReader.java:readVolume(175)) - Finish verifying containers on volume /home/runner/work/ozone/ozone/hadoop-ozone/integration-test/target/test-dir/MiniOzoneClusterImpl-7c14af0c-19af-49bd-907c-b9cb5ddf5581/datanode-1/data-0/containers/hdds
2022-11-08 11:41:26,900 [Listener at 127.0.0.1/45831] INFO  ozoneimpl.OzoneContainer (OzoneContainer.java:buildContainerSet(300)) - Build ContainerSet costs 0s
2022-11-08 11:41:26,903 [Listener at 127.0.0.1/45831] INFO  server.RaftServer (ConfUtils.java:logGet(46)) - raft.rpc.type = GRPC (default)
2022-11-08 11:41:26,903 [Listener at 127.0.0.1/45831] INFO  grpc.GrpcConfigKeys (ConfUtils.java:logFallback(53)) - raft.grpc.admin.host = null (fallback to raft.grpc.server.host)
2022-11-08 11:41:26,903 [Listener at 127.0.0.1/45831] INFO  grpc.GrpcConfigKeys (ConfUtils.java:logGet(46)) - raft.grpc.admin.port = 43469 (custom)
2022-11-08 11:41:26,903 [Listener at 127.0.0.1/45831] INFO  grpc.GrpcConfigKeys (ConfUtils.java:logFallback(53)) - raft.grpc.client.host = null (fallback to raft.grpc.server.host)
2022-11-08 11:41:26,904 [Listener at 127.0.0.1/45831] INFO  grpc.GrpcConfigKeys (ConfUtils.java:logGet(46)) - raft.grpc.client.port = 43469 (custom)
2022-11-08 11:41:26,904 [Listener at 127.0.0.1/45831] INFO  grpc.GrpcConfigKeys (ConfUtils.java:logGet(46)) - raft.grpc.server.host = null (default)
2022-11-08 11:41:26,904 [Listener at 127.0.0.1/45831] INFO  grpc.GrpcConfigKeys (ConfUtils.java:logGet(46)) - raft.grpc.server.port = 43469 (custom)
2022-11-08 11:41:26,904 [Listener at 127.0.0.1/45831] INFO  server.GrpcService (ConfUtils.java:logGet(46)) - raft.grpc.message.size.max = 32MB (=33554432) (custom)
2022-11-08 11:41:26,904 [Listener at 127.0.0.1/45831] INFO  server.RaftServerConfigKeys (ConfUtils.java:logGet(46)) - raft.server.log.appender.buffer.byte-limit = 33554432 (custom)
2022-11-08 11:41:26,904 [Listener at 127.0.0.1/45831] INFO  server.GrpcService (ConfUtils.java:logGet(46)) - raft.grpc.flow.control.window = 5MB (=5242880) (custom)
2022-11-08 11:41:26,905 [Listener at 127.0.0.1/45831] INFO  server.RaftServerConfigKeys (ConfUtils.java:logGet(46)) - raft.server.rpc.request.timeout = 60s (custom)
2022-11-08 11:41:26,905 [Listener at 127.0.0.1/45831] INFO  grpc.GrpcConfigKeys (ConfUtils.java:logGet(46)) - raft.grpc.server.heartbeat.channel = true (default)
2022-11-08 11:41:26,905 [Listener at 127.0.0.1/45831] INFO  grpc.GrpcConfigKeys (ConfUtils.java:logGet(46)) - raft.grpc.server.async.request.thread.pool.cached = true (default)
2022-11-08 11:41:26,905 [Listener at 127.0.0.1/45831] INFO  grpc.GrpcConfigKeys (ConfUtils.java:logGet(46)) - raft.grpc.server.async.request.thread.pool.size = 32 (default)
2022-11-08 11:41:26,907 [Listener at 127.0.0.1/45831] INFO  impl.DataStreamServerImpl (ConfUtils.java:logGet(46)) - raft.datastream.type = DISABLED (default)
2022-11-08 11:41:26,907 [Listener at 127.0.0.1/45831] INFO  server.RaftServerConfigKeys (ConfUtils.java:logGet(46)) - raft.server.threadpool.proxy.cached = true (default)
2022-11-08 11:41:26,907 [Listener at 127.0.0.1/45831] INFO  server.RaftServerConfigKeys (ConfUtils.java:logGet(46)) - raft.server.threadpool.proxy.size = 0 (default)
2022-11-08 11:41:26,907 [Listener at 127.0.0.1/45831] INFO  server.RaftServerConfigKeys (ConfUtils.java:logGet(46)) - raft.server.rpc.slowness.timeout = 300s (custom)
2022-11-08 11:41:26,908 [Listener at 127.0.0.1/45831] INFO  server.RaftServerConfigKeys (ConfUtils.java:logGet(46)) - raft.server.leaderelection.leader.step-down.wait-time = 10s (default)
2022-11-08 11:41:26,908 [Listener at 127.0.0.1/45831] INFO  server.RaftServerConfigKeys (ConfUtils.java:logGet(46)) - raft.server.storage.dir = [/home/runner/work/ozone/ozone/hadoop-ozone/integration-test/target/test-dir/MiniOzoneClusterImpl-7c14af0c-19af-49bd-907c-b9cb5ddf5581/datanode-1/data/ratis] (custom)
2022-11-08 11:41:26,912 [72dfd9ba-a98d-401a-81dd-3b4131028c49-impl-thread1] INFO  server.RaftServer (RaftServerProxy.java:initGroupDir(251)) - 72dfd9ba-a98d-401a-81dd-3b4131028c49: found a subdirectory /home/runner/work/ozone/ozone/hadoop-ozone/integration-test/target/test-dir/MiniOzoneClusterImpl-7c14af0c-19af-49bd-907c-b9cb5ddf5581/datanode-1/data/ratis/fcc1767b-2537-4310-b0e5-9e57124e21df
2022-11-08 11:41:26,916 [72dfd9ba-a98d-401a-81dd-3b4131028c49-impl-thread1] INFO  server.RaftServer (RaftServerProxy.java:addNew(96)) - 72dfd9ba-a98d-401a-81dd-3b4131028c49: addNew group-9E57124E21DF:[] returns group-9E57124E21DF:java.util.concurrent.CompletableFuture@7ef62aaa[Not completed]
2022-11-08 11:41:26,916 [72dfd9ba-a98d-401a-81dd-3b4131028c49-impl-thread1] INFO  server.RaftServer (RaftServerProxy.java:initGroupDir(251)) - 72dfd9ba-a98d-401a-81dd-3b4131028c49: found a subdirectory /home/runner/work/ozone/ozone/hadoop-ozone/integration-test/target/test-dir/MiniOzoneClusterImpl-7c14af0c-19af-49bd-907c-b9cb5ddf5581/datanode-1/data/ratis/cc32a6dc-16b6-46bf-ba56-5ee7c243a93e
2022-11-08 11:41:26,916 [72dfd9ba-a98d-401a-81dd-3b4131028c49-impl-thread1] INFO  server.RaftServer (RaftServerProxy.java:addNew(96)) - 72dfd9ba-a98d-401a-81dd-3b4131028c49: addNew group-5EE7C243A93E:[] returns group-5EE7C243A93E:java.util.concurrent.CompletableFuture@7ac9b1ac[Not completed]
2022-11-08 11:41:26,916 [72dfd9ba-a98d-401a-81dd-3b4131028c49-impl-thread1] INFO  server.RaftServer (RaftServerProxy.java:initGroupDir(251)) - 72dfd9ba-a98d-401a-81dd-3b4131028c49: found a subdirectory /home/runner/work/ozone/ozone/hadoop-ozone/integration-test/target/test-dir/MiniOzoneClusterImpl-7c14af0c-19af-49bd-907c-b9cb5ddf5581/datanode-1/data/ratis/75062e52-3dfa-43a4-9de4-12edbcd636a6
2022-11-08 11:41:26,916 [72dfd9ba-a98d-401a-81dd-3b4131028c49-impl-thread1] INFO  server.RaftServer (RaftServerProxy.java:addNew(96)) - 72dfd9ba-a98d-401a-81dd-3b4131028c49: addNew group-12EDBCD636A6:[] returns group-12EDBCD636A6:java.util.concurrent.CompletableFuture@3fcb2091[Not completed]
2022-11-08 11:41:26,918 [Listener at 127.0.0.1/45831] INFO  server.XceiverServerGrpc (XceiverServerGrpc.java:<init>(132)) - GrpcServer channel type EpollServerSocketChannel
2022-11-08 11:41:26,921 [pool-432-thread-1] INFO  server.RaftServer$Division (RaftServerImpl.java:<init>(195)) - 72dfd9ba-a98d-401a-81dd-3b4131028c49: new RaftServerImpl for group-9E57124E21DF:[] with ContainerStateMachine:uninitialized
2022-11-08 11:41:26,921 [pool-432-thread-1] INFO  server.RaftServerConfigKeys (ConfUtils.java:logGet(46)) - raft.server.rpc.timeout.min = 5s (custom)
2022-11-08 11:41:26,921 [pool-432-thread-1] INFO  server.RaftServerConfigKeys (ConfUtils.java:logGet(46)) - raft.server.rpc.timeout.max = 5200ms (custom)
2022-11-08 11:41:26,921 [pool-432-thread-1] INFO  server.RaftServerConfigKeys (ConfUtils.java:logGet(46)) - raft.server.rpc.sleep.time = 25ms (default)
2022-11-08 11:41:26,921 [pool-432-thread-1] INFO  server.RaftServerConfigKeys (ConfUtils.java:logGet(46)) - raft.server.rpc.slowness.timeout = 300s (custom)
2022-11-08 11:41:26,921 [pool-432-thread-1] INFO  server.RaftServerConfigKeys (ConfUtils.java:logGet(46)) - raft.server.leaderelection.leader.step-down.wait-time = 10s (default)
2022-11-08 11:41:26,921 [pool-432-thread-1] INFO  server.RaftServerConfigKeys (ConfUtils.java:logGet(46)) - raft.server.sleep.deviation.threshold = 300ms (default)
2022-11-08 11:41:26,921 [pool-432-thread-1] INFO  server.RaftServer$Division (ServerState.java:<init>(118)) - 72dfd9ba-a98d-401a-81dd-3b4131028c49@group-9E57124E21DF: ConfigurationManager, init=-1: peers:[]|listeners:[], old=null, confs=<EMPTY_MAP>
2022-11-08 11:41:26,922 [pool-432-thread-1] INFO  server.RaftServerConfigKeys (ConfUtils.java:logGet(46)) - raft.server.storage.dir = [/home/runner/work/ozone/ozone/hadoop-ozone/integration-test/target/test-dir/MiniOzoneClusterImpl-7c14af0c-19af-49bd-907c-b9cb5ddf5581/datanode-1/data/ratis] (custom)
2022-11-08 11:41:26,922 [pool-432-thread-1] INFO  server.RaftServerConfigKeys (ConfUtils.java:logGet(46)) - raft.server.log.corruption.policy = EXCEPTION (default)
2022-11-08 11:41:26,922 [pool-432-thread-1] INFO  server.RaftServerConfigKeys (ConfUtils.java:logGet(46)) - raft.server.storage.free-space.min = 0MB (=0) (default)
2022-11-08 11:41:26,922 [pool-432-thread-1] INFO  server.RaftServerConfigKeys (ConfUtils.java:logGet(46)) - raft.server.notification.no-leader.timeout = 300s (custom)
2022-11-08 11:41:26,922 [pool-432-thread-1] INFO  server.RaftServerConfigKeys (ConfUtils.java:logGet(46)) - raft.server.retrycache.expirytime = 600000ms (custom)
2022-11-08 11:41:26,922 [pool-432-thread-1] INFO  server.RaftServerConfigKeys (ConfUtils.java:logGet(46)) - raft.server.retrycache.statistics.expirytime = 100μs (default)
2022-11-08 11:41:26,923 [pool-432-thread-1] INFO  server.RaftServerConfigKeys (ConfUtils.java:logGet(46)) - raft.server.log.appender.install.snapshot.enabled = false (custom)
2022-11-08 11:41:26,923 [pool-432-thread-1] INFO  server.RaftServerConfigKeys (ConfUtils.java:logGet(46)) - raft.server.threadpool.server.cached = true (default)
2022-11-08 11:41:26,923 [pool-432-thread-1] INFO  server.RaftServerConfigKeys (ConfUtils.java:logGet(46)) - raft.server.threadpool.server.size = 0 (default)
2022-11-08 11:41:26,923 [pool-432-thread-1] INFO  server.RaftServerConfigKeys (ConfUtils.java:logGet(46)) - raft.server.threadpool.client.cached = true (default)
2022-11-08 11:41:26,923 [pool-432-thread-1] INFO  server.RaftServerConfigKeys (ConfUtils.java:logGet(46)) - raft.server.threadpool.client.size = 0 (default)
2022-11-08 11:41:26,924 [pool-432-thread-1] INFO  server.RaftServer$Division (RaftServerImpl.java:<init>(195)) - 72dfd9ba-a98d-401a-81dd-3b4131028c49: new RaftServerImpl for group-5EE7C243A93E:[] with ContainerStateMachine:uninitialized
2022-11-08 11:41:26,924 [pool-432-thread-1] INFO  server.RaftServerConfigKeys (ConfUtils.java:logGet(46)) - raft.server.rpc.timeout.min = 5s (custom)
2022-11-08 11:41:26,925 [pool-432-thread-1] INFO  server.RaftServerConfigKeys (ConfUtils.java:logGet(46)) - raft.server.rpc.timeout.max = 5200ms (custom)
2022-11-08 11:41:26,925 [pool-432-thread-1] INFO  server.RaftServerConfigKeys (ConfUtils.java:logGet(46)) - raft.server.rpc.sleep.time = 25ms (default)
2022-11-08 11:41:26,925 [Listener at 127.0.0.1/45831] INFO  http.BaseHttpServer (BaseHttpServer.java:newHttpServer2BuilderForOzone(213)) - Starting Web-server for hddsDatanode at: http://0.0.0.0:40585
2022-11-08 11:41:26,928 [Listener at 127.0.0.1/45831] INFO  http.BaseHttpServer (BaseHttpServer.java:<init>(108)) - Hadoop Security Enabled: false Ozone Security Enabled: false Ozone HTTP Security Enabled: false 
2022-11-08 11:41:26,925 [pool-432-thread-1] INFO  server.RaftServerConfigKeys (ConfUtils.java:logGet(46)) - raft.server.rpc.slowness.timeout = 300s (custom)
2022-11-08 11:41:26,929 [pool-432-thread-1] INFO  server.RaftServerConfigKeys (ConfUtils.java:logGet(46)) - raft.server.leaderelection.leader.step-down.wait-time = 10s (default)
2022-11-08 11:41:26,929 [pool-432-thread-1] INFO  server.RaftServerConfigKeys (ConfUtils.java:logGet(46)) - raft.server.sleep.deviation.threshold = 300ms (default)
2022-11-08 11:41:26,929 [pool-432-thread-1] INFO  server.RaftServer$Division (ServerState.java:<init>(118)) - 72dfd9ba-a98d-401a-81dd-3b4131028c49@group-5EE7C243A93E: ConfigurationManager, init=-1: peers:[]|listeners:[], old=null, confs=<EMPTY_MAP>
2022-11-08 11:41:26,930 [pool-432-thread-1] INFO  server.RaftServerConfigKeys (ConfUtils.java:logGet(46)) - raft.server.storage.dir = [/home/runner/work/ozone/ozone/hadoop-ozone/integration-test/target/test-dir/MiniOzoneClusterImpl-7c14af0c-19af-49bd-907c-b9cb5ddf5581/datanode-1/data/ratis] (custom)
2022-11-08 11:41:26,930 [pool-432-thread-1] INFO  server.RaftServerConfigKeys (ConfUtils.java:logGet(46)) - raft.server.log.corruption.policy = EXCEPTION (default)
2022-11-08 11:41:26,930 [pool-432-thread-1] INFO  server.RaftServerConfigKeys (ConfUtils.java:logGet(46)) - raft.server.storage.free-space.min = 0MB (=0) (default)
2022-11-08 11:41:26,930 [Listener at 127.0.0.1/45831] WARN  server.AuthenticationFilter (AuthenticationFilter.java:constructSecretProvider(240)) - Unable to initialize FileSignerSecretProvider, falling back to use random secrets. Reason: Could not read signature secret file: /home/runner/hadoop-http-auth-signature-secret
2022-11-08 11:41:26,930 [pool-432-thread-1] INFO  server.RaftServerConfigKeys (ConfUtils.java:logGet(46)) - raft.server.notification.no-leader.timeout = 300s (custom)
2022-11-08 11:41:26,930 [pool-432-thread-1] INFO  server.RaftServerConfigKeys (ConfUtils.java:logGet(46)) - raft.server.retrycache.expirytime = 600000ms (custom)
2022-11-08 11:41:26,930 [pool-432-thread-1] INFO  server.RaftServerConfigKeys (ConfUtils.java:logGet(46)) - raft.server.retrycache.statistics.expirytime = 100μs (default)
2022-11-08 11:41:26,931 [Listener at 127.0.0.1/45831] WARN  http.HttpRequestLog (HttpRequestLog.java:getRequestLog(103)) - Jetty request log can only be enabled using Log4j
2022-11-08 11:41:26,931 [pool-432-thread-1] INFO  server.RaftServerConfigKeys (ConfUtils.java:logGet(46)) - raft.server.log.appender.install.snapshot.enabled = false (custom)
2022-11-08 11:41:26,932 [pool-432-thread-1] INFO  server.RaftServerConfigKeys (ConfUtils.java:logGet(46)) - raft.server.threadpool.server.cached = true (default)
2022-11-08 11:41:26,932 [pool-432-thread-1] INFO  server.RaftServerConfigKeys (ConfUtils.java:logGet(46)) - raft.server.threadpool.server.size = 0 (default)
2022-11-08 11:41:26,932 [pool-432-thread-1] INFO  server.RaftServerConfigKeys (ConfUtils.java:logGet(46)) - raft.server.threadpool.client.cached = true (default)
2022-11-08 11:41:26,932 [pool-432-thread-1] INFO  server.RaftServerConfigKeys (ConfUtils.java:logGet(46)) - raft.server.threadpool.client.size = 0 (default)
2022-11-08 11:41:26,933 [Listener at 127.0.0.1/45831] INFO  http.HttpServer2 (HttpServer2.java:addGlobalFilter(1031)) - Added global filter 'safety' (class=org.apache.hadoop.hdds.server.http.HttpServer2$QuotingInputFilter)
2022-11-08 11:41:26,936 [pool-432-thread-1] INFO  server.RaftServer$Division (RaftServerImpl.java:<init>(195)) - 72dfd9ba-a98d-401a-81dd-3b4131028c49: new RaftServerImpl for group-12EDBCD636A6:[] with ContainerStateMachine:uninitialized
2022-11-08 11:41:26,936 [pool-432-thread-1] INFO  server.RaftServerConfigKeys (ConfUtils.java:logGet(46)) - raft.server.rpc.timeout.min = 5s (custom)
2022-11-08 11:41:26,936 [pool-432-thread-1] INFO  server.RaftServerConfigKeys (ConfUtils.java:logGet(46)) - raft.server.rpc.timeout.max = 5200ms (custom)
2022-11-08 11:41:26,936 [pool-432-thread-1] INFO  server.RaftServerConfigKeys (ConfUtils.java:logGet(46)) - raft.server.rpc.sleep.time = 25ms (default)
2022-11-08 11:41:26,936 [pool-432-thread-1] INFO  server.RaftServerConfigKeys (ConfUtils.java:logGet(46)) - raft.server.rpc.slowness.timeout = 300s (custom)
2022-11-08 11:41:26,936 [pool-432-thread-1] INFO  server.RaftServerConfigKeys (ConfUtils.java:logGet(46)) - raft.server.leaderelection.leader.step-down.wait-time = 10s (default)
2022-11-08 11:41:26,936 [pool-432-thread-1] INFO  server.RaftServerConfigKeys (ConfUtils.java:logGet(46)) - raft.server.sleep.deviation.threshold = 300ms (default)
2022-11-08 11:41:26,936 [pool-432-thread-1] INFO  server.RaftServer$Division (ServerState.java:<init>(118)) - 72dfd9ba-a98d-401a-81dd-3b4131028c49@group-12EDBCD636A6: ConfigurationManager, init=-1: peers:[]|listeners:[], old=null, confs=<EMPTY_MAP>
2022-11-08 11:41:26,936 [pool-432-thread-1] INFO  server.RaftServerConfigKeys (ConfUtils.java:logGet(46)) - raft.server.storage.dir = [/home/runner/work/ozone/ozone/hadoop-ozone/integration-test/target/test-dir/MiniOzoneClusterImpl-7c14af0c-19af-49bd-907c-b9cb5ddf5581/datanode-1/data/ratis] (custom)
2022-11-08 11:41:26,936 [pool-432-thread-1] INFO  server.RaftServerConfigKeys (ConfUtils.java:logGet(46)) - raft.server.log.corruption.policy = EXCEPTION (default)
2022-11-08 11:41:26,937 [pool-432-thread-1] INFO  server.RaftServerConfigKeys (ConfUtils.java:logGet(46)) - raft.server.storage.free-space.min = 0MB (=0) (default)
2022-11-08 11:41:26,937 [pool-432-thread-1] INFO  server.RaftServerConfigKeys (ConfUtils.java:logGet(46)) - raft.server.notification.no-leader.timeout = 300s (custom)
2022-11-08 11:41:26,937 [pool-432-thread-1] INFO  server.RaftServerConfigKeys (ConfUtils.java:logGet(46)) - raft.server.retrycache.expirytime = 600000ms (custom)
2022-11-08 11:41:26,937 [pool-432-thread-1] INFO  server.RaftServerConfigKeys (ConfUtils.java:logGet(46)) - raft.server.retrycache.statistics.expirytime = 100μs (default)
2022-11-08 11:41:26,938 [pool-432-thread-1] INFO  server.RaftServerConfigKeys (ConfUtils.java:logGet(46)) - raft.server.log.appender.install.snapshot.enabled = false (custom)
2022-11-08 11:41:26,938 [pool-432-thread-1] INFO  server.RaftServerConfigKeys (ConfUtils.java:logGet(46)) - raft.server.threadpool.server.cached = true (default)
2022-11-08 11:41:26,938 [pool-432-thread-1] INFO  server.RaftServerConfigKeys (ConfUtils.java:logGet(46)) - raft.server.threadpool.server.size = 0 (default)
2022-11-08 11:41:26,938 [pool-432-thread-1] INFO  server.RaftServerConfigKeys (ConfUtils.java:logGet(46)) - raft.server.threadpool.client.cached = true (default)
2022-11-08 11:41:26,938 [pool-432-thread-1] INFO  server.RaftServerConfigKeys (ConfUtils.java:logGet(46)) - raft.server.threadpool.client.size = 0 (default)
2022-11-08 11:41:26,940 [Listener at 127.0.0.1/45831] INFO  http.HttpServer2 (HttpServer2.java:addFilter(1007)) - Added filter static_user_filter (class=org.apache.hadoop.http.lib.StaticUserWebFilter$StaticUserFilter) to context hddsDatanode
2022-11-08 11:41:26,940 [Listener at 127.0.0.1/45831] INFO  http.HttpServer2 (HttpServer2.java:addFilter(1015)) - Added filter static_user_filter (class=org.apache.hadoop.http.lib.StaticUserWebFilter$StaticUserFilter) to context logs
2022-11-08 11:41:26,940 [Listener at 127.0.0.1/45831] INFO  http.HttpServer2 (HttpServer2.java:addFilter(1015)) - Added filter static_user_filter (class=org.apache.hadoop.http.lib.StaticUserWebFilter$StaticUserFilter) to context static
2022-11-08 11:41:26,941 [Listener at 127.0.0.1/45831] INFO  http.HttpServer2 (HttpServer2.java:bindListener(1250)) - Jetty bound to port 40585
2022-11-08 11:41:26,941 [Listener at 127.0.0.1/45831] INFO  server.Server (Server.java:doStart(375)) - jetty-9.4.49.v20220914; built: 2022-09-14T01:07:36.601Z; git: 4231a3b2e4cb8548a412a789936d640a97b1aa0a; jvm 1.8.0_345-b01
2022-11-08 11:41:26,959 [Listener at 127.0.0.1/45831] INFO  server.session (DefaultSessionIdManager.java:doStart(334)) - DefaultSessionIdManager workerName=node0
2022-11-08 11:41:26,959 [Listener at 127.0.0.1/45831] INFO  server.session (DefaultSessionIdManager.java:doStart(339)) - No SessionScavenger set, using defaults
2022-11-08 11:41:26,960 [Listener at 127.0.0.1/45831] INFO  server.session (HouseKeeper.java:startScavenging(132)) - node0 Scavenging every 600000ms
2022-11-08 11:41:26,960 [Listener at 127.0.0.1/45831] INFO  handler.ContextHandler (ContextHandler.java:doStart(921)) - Started o.e.j.s.ServletContextHandler@73dd61ca{logs,/logs,file:///home/runner/work/ozone/ozone/hadoop-ozone/integration-test/target/log,AVAILABLE}
2022-11-08 11:41:26,961 [Listener at 127.0.0.1/45831] INFO  handler.ContextHandler (ContextHandler.java:doStart(921)) - Started o.e.j.s.ServletContextHandler@5cf95d65{static,/static,jar:file:/home/runner/.m2/repository/org/apache/ozone/hdds-container-service/1.3.0-SNAPSHOT/hdds-container-service-1.3.0-SNAPSHOT.jar!/webapps/static,AVAILABLE}
2022-11-08 11:41:27,177 [Listener at 127.0.0.1/45831] INFO  handler.ContextHandler (ContextHandler.java:doStart(921)) - Started o.e.j.w.WebAppContext@5c55c2b6{hddsDatanode,/,file:///tmp/jetty-0_0_0_0-40585-hdds-container-service-1_3_0-SNAPSHOT_jar-_-any-9179743554584835065/webapp/,AVAILABLE}{jar:file:/home/runner/.m2/repository/org/apache/ozone/hdds-container-service/1.3.0-SNAPSHOT/hdds-container-service-1.3.0-SNAPSHOT.jar!/webapps/hddsDatanode}
2022-11-08 11:41:27,178 [Listener at 127.0.0.1/45831] INFO  server.AbstractConnector (AbstractConnector.java:doStart(333)) - Started ServerConnector@5a421e25{HTTP/1.1, (http/1.1)}{0.0.0.0:40585}
2022-11-08 11:41:27,179 [Listener at 127.0.0.1/45831] INFO  server.Server (Server.java:doStart(415)) - Started @68024ms
2022-11-08 11:41:27,179 [Listener at 127.0.0.1/45831] WARN  impl.MetricsSystemImpl (MetricsSystemImpl.java:register(279)) - Sink prometheus already exists!
2022-11-08 11:41:27,181 [Listener at 127.0.0.1/45831] INFO  http.BaseHttpServer (BaseHttpServer.java:updateConnectorAddress(333)) - HTTP server of hddsDatanode listening at http://0.0.0.0:40585
2022-11-08 11:41:27,182 [Datanode State Machine Daemon Thread] INFO  statemachine.DatanodeStateMachine (DatanodeStateMachine.java:lambda$startDaemon$0(505)) - Ozone container server started.
2022-11-08 11:41:27,185 [Listener at 127.0.0.1/45831] WARN  impl.MetricRegistriesImpl (MetricRegistriesImpl.java:addReporterRegistration(111)) - New reporters are added after registries were created. Some metrics will be missing from the reporter. Please add reporter before adding any new registry.
2022-11-08 11:41:27,185 [Listener at 127.0.0.1/45831] WARN  impl.MetricRegistriesImpl (MetricRegistriesImpl.java:addReporterRegistration(111)) - New reporters are added after registries were created. Some metrics will be missing from the reporter. Please add reporter before adding any new registry.
2022-11-08 11:41:27,185 [Listener at 127.0.0.1/45831] INFO  impl.MetricsSystemImpl (MetricsSystemImpl.java:init(158)) - HddsDatanode metrics system started (again)
2022-11-08 11:41:27,197 [org.apache.hadoop.util.JvmPauseMonitor$Monitor@5e75a044] INFO  util.JvmPauseMonitor (JvmPauseMonitor.java:run(188)) - Starting JVM pause monitor
2022-11-08 11:41:27,202 [Listener at 127.0.0.1/45831] INFO  ozone.HddsDatanodeService (HddsDatanodeService.java:start(236)) - HddsDatanodeService host:fv-az573-890.uspngagyt4suddso0aj1djjezg.dx.internal.cloudapp.net ip:10.1.0.111
2022-11-08 11:41:27,204 [Datanode State Machine Task Thread - 0] INFO  datanode.InitDatanodeState (InitDatanodeState.java:persistContainerDatanodeDetails(138)) - DatanodeDetails is persisted to /home/runner/work/ozone/ozone/hadoop-ozone/integration-test/target/test-dir/MiniOzoneClusterImpl-7c14af0c-19af-49bd-907c-b9cb5ddf5581/datanode-1/meta/datanode.id
2022-11-08 11:41:27,233 [Listener at 127.0.0.1/45831] INFO  upgrade.AbstractLayoutVersionManager (AbstractLayoutVersionManager.java:init(83)) - Initializing Layout version manager with metadata layout = DATANODE_SCHEMA_V3 (version = 4), software layout = DATANODE_SCHEMA_V3 (version = 4)
2022-11-08 11:41:27,284 [Listener at 127.0.0.1/45831] INFO  reflections.Reflections (Reflections.java:scan(232)) - Reflections took 49 ms to scan 7 urls, producing 139 keys and 336 values 
2022-11-08 11:41:27,286 [Listener at 127.0.0.1/45831] INFO  statemachine.DatanodeStateMachine (DatanodeStateMachine.java:getEndPointTaskThreadPoolSize(245)) - Datanode State Machine Task Thread Pool size 2
2022-11-08 11:41:27,288 [Listener at 127.0.0.1/45831] INFO  volume.HddsVolume (HddsVolume.java:<init>(117)) - Creating HddsVolume: /home/runner/work/ozone/ozone/hadoop-ozone/integration-test/target/test-dir/MiniOzoneClusterImpl-7c14af0c-19af-49bd-907c-b9cb5ddf5581/datanode-2/data-0/containers/hdds of storage type : DISK capacity : 9223372036854775807
2022-11-08 11:41:27,288 [Listener at 127.0.0.1/45831] INFO  volume.MutableVolumeSet (MutableVolumeSet.java:initializeVolumeSet(174)) - Added Volume : /home/runner/work/ozone/ozone/hadoop-ozone/integration-test/target/test-dir/MiniOzoneClusterImpl-7c14af0c-19af-49bd-907c-b9cb5ddf5581/datanode-2/data-0/containers/hdds to VolumeSet
2022-11-08 11:41:27,288 [Listener at 127.0.0.1/45831] INFO  volume.ThrottledAsyncChecker (ThrottledAsyncChecker.java:schedule(141)) - Scheduling a check for /home/runner/work/ozone/ozone/hadoop-ozone/integration-test/target/test-dir/MiniOzoneClusterImpl-7c14af0c-19af-49bd-907c-b9cb5ddf5581/datanode-2/data-0/containers/hdds
2022-11-08 11:41:27,289 [Listener at 127.0.0.1/45831] INFO  volume.StorageVolumeChecker (StorageVolumeChecker.java:checkAllVolumes(202)) - Scheduled health check for volume /home/runner/work/ozone/ozone/hadoop-ozone/integration-test/target/test-dir/MiniOzoneClusterImpl-7c14af0c-19af-49bd-907c-b9cb5ddf5581/datanode-2/data-0/containers/hdds
2022-11-08 11:41:27,302 [Listener at 127.0.0.1/45831] INFO  volume.MutableVolumeSet (MutableVolumeSet.java:initializeVolumeSet(174)) - Added Volume : /home/runner/work/ozone/ozone/hadoop-ozone/integration-test/target/test-dir/MiniOzoneClusterImpl-7c14af0c-19af-49bd-907c-b9cb5ddf5581/datanode-2/data/ratis to VolumeSet
2022-11-08 11:41:27,303 [Listener at 127.0.0.1/45831] INFO  volume.ThrottledAsyncChecker (ThrottledAsyncChecker.java:schedule(141)) - Scheduling a check for /home/runner/work/ozone/ozone/hadoop-ozone/integration-test/target/test-dir/MiniOzoneClusterImpl-7c14af0c-19af-49bd-907c-b9cb5ddf5581/datanode-2/data/ratis
2022-11-08 11:41:27,303 [Listener at 127.0.0.1/45831] INFO  volume.StorageVolumeChecker (StorageVolumeChecker.java:checkAllVolumes(202)) - Scheduled health check for volume /home/runner/work/ozone/ozone/hadoop-ozone/integration-test/target/test-dir/MiniOzoneClusterImpl-7c14af0c-19af-49bd-907c-b9cb5ddf5581/datanode-2/data/ratis
2022-11-08 11:41:27,330 [Listener at 127.0.0.1/45831] INFO  utils.DatanodeStoreCache (DatanodeStoreCache.java:addDB(58)) - Added db /home/runner/work/ozone/ozone/hadoop-ozone/integration-test/target/test-dir/MiniOzoneClusterImpl-7c14af0c-19af-49bd-907c-b9cb5ddf5581/datanode-2/data-0/containers/hdds/7c14af0c-19af-49bd-907c-b9cb5ddf5581/DS-8d09e57e-40ba-4280-82b2-6691d835be83/container.db to cache
2022-11-08 11:41:27,330 [Listener at 127.0.0.1/45831] INFO  volume.HddsVolume (HddsVolume.java:loadDbStore(260)) - SchemaV3 db is loaded at /home/runner/work/ozone/ozone/hadoop-ozone/integration-test/target/test-dir/MiniOzoneClusterImpl-7c14af0c-19af-49bd-907c-b9cb5ddf5581/datanode-2/data-0/containers/hdds/7c14af0c-19af-49bd-907c-b9cb5ddf5581/DS-8d09e57e-40ba-4280-82b2-6691d835be83/container.db for volume DS-8d09e57e-40ba-4280-82b2-6691d835be83
2022-11-08 11:41:27,331 [Thread-702] INFO  ozoneimpl.ContainerReader (ContainerReader.java:readVolume(145)) - Start to verify containers on volume /home/runner/work/ozone/ozone/hadoop-ozone/integration-test/target/test-dir/MiniOzoneClusterImpl-7c14af0c-19af-49bd-907c-b9cb5ddf5581/datanode-2/data-0/containers/hdds
2022-11-08 11:41:27,331 [Thread-702] INFO  ozoneimpl.ContainerReader (ContainerReader.java:readVolume(175)) - Finish verifying containers on volume /home/runner/work/ozone/ozone/hadoop-ozone/integration-test/target/test-dir/MiniOzoneClusterImpl-7c14af0c-19af-49bd-907c-b9cb5ddf5581/datanode-2/data-0/containers/hdds
2022-11-08 11:41:27,331 [Listener at 127.0.0.1/45831] INFO  ozoneimpl.OzoneContainer (OzoneContainer.java:buildContainerSet(300)) - Build ContainerSet costs 0s
2022-11-08 11:41:27,335 [Listener at 127.0.0.1/45831] INFO  server.RaftServer (ConfUtils.java:logGet(46)) - raft.rpc.type = GRPC (default)
2022-11-08 11:41:27,335 [Listener at 127.0.0.1/45831] INFO  grpc.GrpcConfigKeys (ConfUtils.java:logFallback(53)) - raft.grpc.admin.host = null (fallback to raft.grpc.server.host)
2022-11-08 11:41:27,335 [Listener at 127.0.0.1/45831] INFO  grpc.GrpcConfigKeys (ConfUtils.java:logGet(46)) - raft.grpc.admin.port = 45571 (custom)
2022-11-08 11:41:27,335 [Listener at 127.0.0.1/45831] INFO  grpc.GrpcConfigKeys (ConfUtils.java:logFallback(53)) - raft.grpc.client.host = null (fallback to raft.grpc.server.host)
2022-11-08 11:41:27,335 [Listener at 127.0.0.1/45831] INFO  grpc.GrpcConfigKeys (ConfUtils.java:logGet(46)) - raft.grpc.client.port = 45571 (custom)
2022-11-08 11:41:27,336 [Listener at 127.0.0.1/45831] INFO  grpc.GrpcConfigKeys (ConfUtils.java:logGet(46)) - raft.grpc.server.host = null (default)
2022-11-08 11:41:27,336 [Listener at 127.0.0.1/45831] INFO  grpc.GrpcConfigKeys (ConfUtils.java:logGet(46)) - raft.grpc.server.port = 45571 (custom)
2022-11-08 11:41:27,336 [Listener at 127.0.0.1/45831] INFO  server.GrpcService (ConfUtils.java:logGet(46)) - raft.grpc.message.size.max = 32MB (=33554432) (custom)
2022-11-08 11:41:27,336 [Listener at 127.0.0.1/45831] INFO  server.RaftServerConfigKeys (ConfUtils.java:logGet(46)) - raft.server.log.appender.buffer.byte-limit = 33554432 (custom)
2022-11-08 11:41:27,336 [Listener at 127.0.0.1/45831] INFO  server.GrpcService (ConfUtils.java:logGet(46)) - raft.grpc.flow.control.window = 5MB (=5242880) (custom)
2022-11-08 11:41:27,337 [Listener at 127.0.0.1/45831] INFO  server.RaftServerConfigKeys (ConfUtils.java:logGet(46)) - raft.server.rpc.request.timeout = 60s (custom)
2022-11-08 11:41:27,337 [Listener at 127.0.0.1/45831] INFO  grpc.GrpcConfigKeys (ConfUtils.java:logGet(46)) - raft.grpc.server.heartbeat.channel = true (default)
2022-11-08 11:41:27,337 [Listener at 127.0.0.1/45831] INFO  grpc.GrpcConfigKeys (ConfUtils.java:logGet(46)) - raft.grpc.server.async.request.thread.pool.cached = true (default)
2022-11-08 11:41:27,337 [Listener at 127.0.0.1/45831] INFO  grpc.GrpcConfigKeys (ConfUtils.java:logGet(46)) - raft.grpc.server.async.request.thread.pool.size = 32 (default)
2022-11-08 11:41:27,338 [Listener at 127.0.0.1/45831] INFO  impl.DataStreamServerImpl (ConfUtils.java:logGet(46)) - raft.datastream.type = DISABLED (default)
2022-11-08 11:41:27,339 [Listener at 127.0.0.1/45831] INFO  server.RaftServerConfigKeys (ConfUtils.java:logGet(46)) - raft.server.threadpool.proxy.cached = true (default)
2022-11-08 11:41:27,339 [Listener at 127.0.0.1/45831] INFO  server.RaftServerConfigKeys (ConfUtils.java:logGet(46)) - raft.server.threadpool.proxy.size = 0 (default)
2022-11-08 11:41:27,339 [Listener at 127.0.0.1/45831] INFO  server.RaftServerConfigKeys (ConfUtils.java:logGet(46)) - raft.server.rpc.slowness.timeout = 300s (custom)
2022-11-08 11:41:27,339 [Listener at 127.0.0.1/45831] INFO  server.RaftServerConfigKeys (ConfUtils.java:logGet(46)) - raft.server.leaderelection.leader.step-down.wait-time = 10s (default)
2022-11-08 11:41:27,339 [Listener at 127.0.0.1/45831] INFO  server.RaftServerConfigKeys (ConfUtils.java:logGet(46)) - raft.server.storage.dir = [/home/runner/work/ozone/ozone/hadoop-ozone/integration-test/target/test-dir/MiniOzoneClusterImpl-7c14af0c-19af-49bd-907c-b9cb5ddf5581/datanode-2/data/ratis] (custom)
2022-11-08 11:41:27,340 [ff089832-d0c0-4656-8db7-7a8b564902c0-impl-thread1] INFO  server.RaftServer (RaftServerProxy.java:initGroupDir(251)) - ff089832-d0c0-4656-8db7-7a8b564902c0: found a subdirectory /home/runner/work/ozone/ozone/hadoop-ozone/integration-test/target/test-dir/MiniOzoneClusterImpl-7c14af0c-19af-49bd-907c-b9cb5ddf5581/datanode-2/data/ratis/cc32a6dc-16b6-46bf-ba56-5ee7c243a93e
2022-11-08 11:41:27,340 [ff089832-d0c0-4656-8db7-7a8b564902c0-impl-thread1] INFO  server.RaftServer (RaftServerProxy.java:addNew(96)) - ff089832-d0c0-4656-8db7-7a8b564902c0: addNew group-5EE7C243A93E:[] returns group-5EE7C243A93E:java.util.concurrent.CompletableFuture@64886813[Not completed]
2022-11-08 11:41:27,340 [ff089832-d0c0-4656-8db7-7a8b564902c0-impl-thread1] INFO  server.RaftServer (RaftServerProxy.java:initGroupDir(251)) - ff089832-d0c0-4656-8db7-7a8b564902c0: found a subdirectory /home/runner/work/ozone/ozone/hadoop-ozone/integration-test/target/test-dir/MiniOzoneClusterImpl-7c14af0c-19af-49bd-907c-b9cb5ddf5581/datanode-2/data/ratis/5d0fdc95-47c8-425b-be7c-17da61e73514
2022-11-08 11:41:27,340 [ff089832-d0c0-4656-8db7-7a8b564902c0-impl-thread1] INFO  server.RaftServer (RaftServerProxy.java:addNew(96)) - ff089832-d0c0-4656-8db7-7a8b564902c0: addNew group-17DA61E73514:[] returns group-17DA61E73514:java.util.concurrent.CompletableFuture@60b7f05a[Not completed]
2022-11-08 11:41:27,341 [ff089832-d0c0-4656-8db7-7a8b564902c0-impl-thread1] INFO  server.RaftServer (RaftServerProxy.java:initGroupDir(251)) - ff089832-d0c0-4656-8db7-7a8b564902c0: found a subdirectory /home/runner/work/ozone/ozone/hadoop-ozone/integration-test/target/test-dir/MiniOzoneClusterImpl-7c14af0c-19af-49bd-907c-b9cb5ddf5581/datanode-2/data/ratis/75062e52-3dfa-43a4-9de4-12edbcd636a6
2022-11-08 11:41:27,341 [ff089832-d0c0-4656-8db7-7a8b564902c0-impl-thread1] INFO  server.RaftServer (RaftServerProxy.java:addNew(96)) - ff089832-d0c0-4656-8db7-7a8b564902c0: addNew group-12EDBCD636A6:[] returns group-12EDBCD636A6:java.util.concurrent.CompletableFuture@25b56228[Not completed]
2022-11-08 11:41:27,342 [Listener at 127.0.0.1/45831] INFO  server.XceiverServerGrpc (XceiverServerGrpc.java:<init>(132)) - GrpcServer channel type EpollServerSocketChannel
2022-11-08 11:41:27,345 [pool-462-thread-1] INFO  server.RaftServer$Division (RaftServerImpl.java:<init>(195)) - ff089832-d0c0-4656-8db7-7a8b564902c0: new RaftServerImpl for group-5EE7C243A93E:[] with ContainerStateMachine:uninitialized
2022-11-08 11:41:27,346 [pool-462-thread-1] INFO  server.RaftServerConfigKeys (ConfUtils.java:logGet(46)) - raft.server.rpc.timeout.min = 5s (custom)
2022-11-08 11:41:27,346 [pool-462-thread-1] INFO  server.RaftServerConfigKeys (ConfUtils.java:logGet(46)) - raft.server.rpc.timeout.max = 5200ms (custom)
2022-11-08 11:41:27,346 [pool-462-thread-1] INFO  server.RaftServerConfigKeys (ConfUtils.java:logGet(46)) - raft.server.rpc.sleep.time = 25ms (default)
2022-11-08 11:41:27,346 [pool-462-thread-1] INFO  server.RaftServerConfigKeys (ConfUtils.java:logGet(46)) - raft.server.rpc.slowness.timeout = 300s (custom)
2022-11-08 11:41:27,346 [pool-462-thread-1] INFO  server.RaftServerConfigKeys (ConfUtils.java:logGet(46)) - raft.server.leaderelection.leader.step-down.wait-time = 10s (default)
2022-11-08 11:41:27,346 [pool-462-thread-1] INFO  server.RaftServerConfigKeys (ConfUtils.java:logGet(46)) - raft.server.sleep.deviation.threshold = 300ms (default)
2022-11-08 11:41:27,346 [pool-462-thread-1] INFO  server.RaftServer$Division (ServerState.java:<init>(118)) - ff089832-d0c0-4656-8db7-7a8b564902c0@group-5EE7C243A93E: ConfigurationManager, init=-1: peers:[]|listeners:[], old=null, confs=<EMPTY_MAP>
2022-11-08 11:41:27,346 [pool-462-thread-1] INFO  server.RaftServerConfigKeys (ConfUtils.java:logGet(46)) - raft.server.storage.dir = [/home/runner/work/ozone/ozone/hadoop-ozone/integration-test/target/test-dir/MiniOzoneClusterImpl-7c14af0c-19af-49bd-907c-b9cb5ddf5581/datanode-2/data/ratis] (custom)
2022-11-08 11:41:27,346 [pool-462-thread-1] INFO  server.RaftServerConfigKeys (ConfUtils.java:logGet(46)) - raft.server.log.corruption.policy = EXCEPTION (default)
2022-11-08 11:41:27,346 [pool-462-thread-1] INFO  server.RaftServerConfigKeys (ConfUtils.java:logGet(46)) - raft.server.storage.free-space.min = 0MB (=0) (default)
2022-11-08 11:41:27,346 [pool-462-thread-1] INFO  server.RaftServerConfigKeys (ConfUtils.java:logGet(46)) - raft.server.notification.no-leader.timeout = 300s (custom)
2022-11-08 11:41:27,347 [pool-462-thread-1] INFO  server.RaftServerConfigKeys (ConfUtils.java:logGet(46)) - raft.server.retrycache.expirytime = 600000ms (custom)
2022-11-08 11:41:27,347 [pool-462-thread-1] INFO  server.RaftServerConfigKeys (ConfUtils.java:logGet(46)) - raft.server.retrycache.statistics.expirytime = 100μs (default)
2022-11-08 11:41:27,348 [pool-462-thread-1] INFO  server.RaftServerConfigKeys (ConfUtils.java:logGet(46)) - raft.server.log.appender.install.snapshot.enabled = false (custom)
2022-11-08 11:41:27,349 [pool-462-thread-1] INFO  server.RaftServerConfigKeys (ConfUtils.java:logGet(46)) - raft.server.threadpool.server.cached = true (default)
2022-11-08 11:41:27,349 [pool-462-thread-1] INFO  server.RaftServerConfigKeys (ConfUtils.java:logGet(46)) - raft.server.threadpool.server.size = 0 (default)
2022-11-08 11:41:27,349 [pool-462-thread-1] INFO  server.RaftServerConfigKeys (ConfUtils.java:logGet(46)) - raft.server.threadpool.client.cached = true (default)
2022-11-08 11:41:27,349 [pool-462-thread-1] INFO  server.RaftServerConfigKeys (ConfUtils.java:logGet(46)) - raft.server.threadpool.client.size = 0 (default)
2022-11-08 11:41:27,349 [pool-462-thread-1] INFO  server.RaftServer$Division (RaftServerImpl.java:<init>(195)) - ff089832-d0c0-4656-8db7-7a8b564902c0: new RaftServerImpl for group-17DA61E73514:[] with ContainerStateMachine:uninitialized
2022-11-08 11:41:27,350 [pool-462-thread-1] INFO  server.RaftServerConfigKeys (ConfUtils.java:logGet(46)) - raft.server.rpc.timeout.min = 5s (custom)
2022-11-08 11:41:27,350 [pool-462-thread-1] INFO  server.RaftServerConfigKeys (ConfUtils.java:logGet(46)) - raft.server.rpc.timeout.max = 5200ms (custom)
2022-11-08 11:41:27,350 [pool-462-thread-1] INFO  server.RaftServerConfigKeys (ConfUtils.java:logGet(46)) - raft.server.rpc.sleep.time = 25ms (default)
2022-11-08 11:41:27,350 [pool-462-thread-1] INFO  server.RaftServerConfigKeys (ConfUtils.java:logGet(46)) - raft.server.rpc.slowness.timeout = 300s (custom)
2022-11-08 11:41:27,350 [pool-462-thread-1] INFO  server.RaftServerConfigKeys (ConfUtils.java:logGet(46)) - raft.server.leaderelection.leader.step-down.wait-time = 10s (default)
2022-11-08 11:41:27,350 [pool-462-thread-1] INFO  server.RaftServerConfigKeys (ConfUtils.java:logGet(46)) - raft.server.sleep.deviation.threshold = 300ms (default)
2022-11-08 11:41:27,350 [pool-462-thread-1] INFO  server.RaftServer$Division (ServerState.java:<init>(118)) - ff089832-d0c0-4656-8db7-7a8b564902c0@group-17DA61E73514: ConfigurationManager, init=-1: peers:[]|listeners:[], old=null, confs=<EMPTY_MAP>
2022-11-08 11:41:27,350 [pool-462-thread-1] INFO  server.RaftServerConfigKeys (ConfUtils.java:logGet(46)) - raft.server.storage.dir = [/home/runner/work/ozone/ozone/hadoop-ozone/integration-test/target/test-dir/MiniOzoneClusterImpl-7c14af0c-19af-49bd-907c-b9cb5ddf5581/datanode-2/data/ratis] (custom)
2022-11-08 11:41:27,350 [pool-462-thread-1] INFO  server.RaftServerConfigKeys (ConfUtils.java:logGet(46)) - raft.server.log.corruption.policy = EXCEPTION (default)
2022-11-08 11:41:27,351 [pool-462-thread-1] INFO  server.RaftServerConfigKeys (ConfUtils.java:logGet(46)) - raft.server.storage.free-space.min = 0MB (=0) (default)
2022-11-08 11:41:27,351 [pool-462-thread-1] INFO  server.RaftServerConfigKeys (ConfUtils.java:logGet(46)) - raft.server.notification.no-leader.timeout = 300s (custom)
2022-11-08 11:41:27,351 [pool-462-thread-1] INFO  server.RaftServerConfigKeys (ConfUtils.java:logGet(46)) - raft.server.retrycache.expirytime = 600000ms (custom)
2022-11-08 11:41:27,351 [pool-462-thread-1] INFO  server.RaftServerConfigKeys (ConfUtils.java:logGet(46)) - raft.server.retrycache.statistics.expirytime = 100μs (default)
2022-11-08 11:41:27,352 [pool-462-thread-1] INFO  server.RaftServerConfigKeys (ConfUtils.java:logGet(46)) - raft.server.log.appender.install.snapshot.enabled = false (custom)
2022-11-08 11:41:27,352 [pool-462-thread-1] INFO  server.RaftServerConfigKeys (ConfUtils.java:logGet(46)) - raft.server.threadpool.server.cached = true (default)
2022-11-08 11:41:27,352 [pool-462-thread-1] INFO  server.RaftServerConfigKeys (ConfUtils.java:logGet(46)) - raft.server.threadpool.server.size = 0 (default)
2022-11-08 11:41:27,352 [pool-462-thread-1] INFO  server.RaftServerConfigKeys (ConfUtils.java:logGet(46)) - raft.server.threadpool.client.cached = true (default)
2022-11-08 11:41:27,352 [pool-462-thread-1] INFO  server.RaftServerConfigKeys (ConfUtils.java:logGet(46)) - raft.server.threadpool.client.size = 0 (default)
2022-11-08 11:41:27,353 [pool-462-thread-1] INFO  server.RaftServer$Division (RaftServerImpl.java:<init>(195)) - ff089832-d0c0-4656-8db7-7a8b564902c0: new RaftServerImpl for group-12EDBCD636A6:[] with ContainerStateMachine:uninitialized
2022-11-08 11:41:27,353 [pool-462-thread-1] INFO  server.RaftServerConfigKeys (ConfUtils.java:logGet(46)) - raft.server.rpc.timeout.min = 5s (custom)
2022-11-08 11:41:27,353 [pool-462-thread-1] INFO  server.RaftServerConfigKeys (ConfUtils.java:logGet(46)) - raft.server.rpc.timeout.max = 5200ms (custom)
2022-11-08 11:41:27,353 [pool-462-thread-1] INFO  server.RaftServerConfigKeys (ConfUtils.java:logGet(46)) - raft.server.rpc.sleep.time = 25ms (default)
2022-11-08 11:41:27,353 [pool-462-thread-1] INFO  server.RaftServerConfigKeys (ConfUtils.java:logGet(46)) - raft.server.rpc.slowness.timeout = 300s (custom)
2022-11-08 11:41:27,353 [pool-462-thread-1] INFO  server.RaftServerConfigKeys (ConfUtils.java:logGet(46)) - raft.server.leaderelection.leader.step-down.wait-time = 10s (default)
2022-11-08 11:41:27,353 [pool-462-thread-1] INFO  server.RaftServerConfigKeys (ConfUtils.java:logGet(46)) - raft.server.sleep.deviation.threshold = 300ms (default)
2022-11-08 11:41:27,353 [pool-462-thread-1] INFO  server.RaftServer$Division (ServerState.java:<init>(118)) - ff089832-d0c0-4656-8db7-7a8b564902c0@group-12EDBCD636A6: ConfigurationManager, init=-1: peers:[]|listeners:[], old=null, confs=<EMPTY_MAP>
2022-11-08 11:41:27,353 [pool-462-thread-1] INFO  server.RaftServerConfigKeys (ConfUtils.java:logGet(46)) - raft.server.storage.dir = [/home/runner/work/ozone/ozone/hadoop-ozone/integration-test/target/test-dir/MiniOzoneClusterImpl-7c14af0c-19af-49bd-907c-b9cb5ddf5581/datanode-2/data/ratis] (custom)
2022-11-08 11:41:27,354 [pool-462-thread-1] INFO  server.RaftServerConfigKeys (ConfUtils.java:logGet(46)) - raft.server.log.corruption.policy = EXCEPTION (default)
2022-11-08 11:41:27,354 [pool-462-thread-1] INFO  server.RaftServerConfigKeys (ConfUtils.java:logGet(46)) - raft.server.storage.free-space.min = 0MB (=0) (default)
2022-11-08 11:41:27,354 [pool-462-thread-1] INFO  server.RaftServerConfigKeys (ConfUtils.java:logGet(46)) - raft.server.notification.no-leader.timeout = 300s (custom)
2022-11-08 11:41:27,354 [pool-462-thread-1] INFO  server.RaftServerConfigKeys (ConfUtils.java:logGet(46)) - raft.server.retrycache.expirytime = 600000ms (custom)
2022-11-08 11:41:27,354 [pool-462-thread-1] INFO  server.RaftServerConfigKeys (ConfUtils.java:logGet(46)) - raft.server.retrycache.statistics.expirytime = 100μs (default)
2022-11-08 11:41:27,355 [pool-462-thread-1] INFO  server.RaftServerConfigKeys (ConfUtils.java:logGet(46)) - raft.server.log.appender.install.snapshot.enabled = false (custom)
2022-11-08 11:41:27,355 [pool-462-thread-1] INFO  server.RaftServerConfigKeys (ConfUtils.java:logGet(46)) - raft.server.threadpool.server.cached = true (default)
2022-11-08 11:41:27,355 [pool-462-thread-1] INFO  server.RaftServerConfigKeys (ConfUtils.java:logGet(46)) - raft.server.threadpool.server.size = 0 (default)
2022-11-08 11:41:27,355 [pool-462-thread-1] INFO  server.RaftServerConfigKeys (ConfUtils.java:logGet(46)) - raft.server.threadpool.client.cached = true (default)
2022-11-08 11:41:27,355 [pool-462-thread-1] INFO  server.RaftServerConfigKeys (ConfUtils.java:logGet(46)) - raft.server.threadpool.client.size = 0 (default)
2022-11-08 11:41:27,356 [Listener at 127.0.0.1/45831] INFO  http.BaseHttpServer (BaseHttpServer.java:newHttpServer2BuilderForOzone(213)) - Starting Web-server for hddsDatanode at: http://0.0.0.0:37261
2022-11-08 11:41:27,356 [Listener at 127.0.0.1/45831] INFO  http.BaseHttpServer (BaseHttpServer.java:<init>(108)) - Hadoop Security Enabled: false Ozone Security Enabled: false Ozone HTTP Security Enabled: false 
2022-11-08 11:41:27,358 [Listener at 127.0.0.1/45831] WARN  server.AuthenticationFilter (AuthenticationFilter.java:constructSecretProvider(240)) - Unable to initialize FileSignerSecretProvider, falling back to use random secrets. Reason: Could not read signature secret file: /home/runner/hadoop-http-auth-signature-secret
2022-11-08 11:41:27,363 [Listener at 127.0.0.1/45831] WARN  http.HttpRequestLog (HttpRequestLog.java:getRequestLog(103)) - Jetty request log can only be enabled using Log4j
2022-11-08 11:41:27,365 [Listener at 127.0.0.1/45831] INFO  http.HttpServer2 (HttpServer2.java:addGlobalFilter(1031)) - Added global filter 'safety' (class=org.apache.hadoop.hdds.server.http.HttpServer2$QuotingInputFilter)
2022-11-08 11:41:27,366 [Listener at 127.0.0.1/45831] INFO  http.HttpServer2 (HttpServer2.java:addFilter(1007)) - Added filter static_user_filter (class=org.apache.hadoop.http.lib.StaticUserWebFilter$StaticUserFilter) to context hddsDatanode
2022-11-08 11:41:27,366 [Listener at 127.0.0.1/45831] INFO  http.HttpServer2 (HttpServer2.java:addFilter(1015)) - Added filter static_user_filter (class=org.apache.hadoop.http.lib.StaticUserWebFilter$StaticUserFilter) to context static
2022-11-08 11:41:27,367 [Listener at 127.0.0.1/45831] INFO  http.HttpServer2 (HttpServer2.java:addFilter(1015)) - Added filter static_user_filter (class=org.apache.hadoop.http.lib.StaticUserWebFilter$StaticUserFilter) to context logs
2022-11-08 11:41:27,368 [Listener at 127.0.0.1/45831] INFO  http.HttpServer2 (HttpServer2.java:bindListener(1250)) - Jetty bound to port 37261
2022-11-08 11:41:27,368 [Listener at 127.0.0.1/45831] INFO  server.Server (Server.java:doStart(375)) - jetty-9.4.49.v20220914; built: 2022-09-14T01:07:36.601Z; git: 4231a3b2e4cb8548a412a789936d640a97b1aa0a; jvm 1.8.0_345-b01
2022-11-08 11:41:27,373 [Listener at 127.0.0.1/45831] INFO  server.session (DefaultSessionIdManager.java:doStart(334)) - DefaultSessionIdManager workerName=node0
2022-11-08 11:41:27,374 [Listener at 127.0.0.1/45831] INFO  server.session (DefaultSessionIdManager.java:doStart(339)) - No SessionScavenger set, using defaults
2022-11-08 11:41:27,374 [Listener at 127.0.0.1/45831] INFO  server.session (HouseKeeper.java:startScavenging(132)) - node0 Scavenging every 660000ms
2022-11-08 11:41:27,375 [Listener at 127.0.0.1/45831] INFO  handler.ContextHandler (ContextHandler.java:doStart(921)) - Started o.e.j.s.ServletContextHandler@1953167e{logs,/logs,file:///home/runner/work/ozone/ozone/hadoop-ozone/integration-test/target/log,AVAILABLE}
2022-11-08 11:41:27,376 [Listener at 127.0.0.1/45831] INFO  handler.ContextHandler (ContextHandler.java:doStart(921)) - Started o.e.j.s.ServletContextHandler@6a87f190{static,/static,jar:file:/home/runner/.m2/repository/org/apache/ozone/hdds-container-service/1.3.0-SNAPSHOT/hdds-container-service-1.3.0-SNAPSHOT.jar!/webapps/static,AVAILABLE}
2022-11-08 11:41:27,595 [Listener at 127.0.0.1/45831] INFO  handler.ContextHandler (ContextHandler.java:doStart(921)) - Started o.e.j.w.WebAppContext@63ceb4ca{hddsDatanode,/,file:///tmp/jetty-0_0_0_0-37261-hdds-container-service-1_3_0-SNAPSHOT_jar-_-any-8838730136330769279/webapp/,AVAILABLE}{jar:file:/home/runner/.m2/repository/org/apache/ozone/hdds-container-service/1.3.0-SNAPSHOT/hdds-container-service-1.3.0-SNAPSHOT.jar!/webapps/hddsDatanode}
2022-11-08 11:41:27,596 [Listener at 127.0.0.1/45831] INFO  server.AbstractConnector (AbstractConnector.java:doStart(333)) - Started ServerConnector@4249978b{HTTP/1.1, (http/1.1)}{0.0.0.0:37261}
2022-11-08 11:41:27,597 [Listener at 127.0.0.1/45831] INFO  server.Server (Server.java:doStart(415)) - Started @68441ms
2022-11-08 11:41:27,597 [Listener at 127.0.0.1/45831] WARN  impl.MetricsSystemImpl (MetricsSystemImpl.java:register(279)) - Sink prometheus already exists!
2022-11-08 11:41:27,598 [Listener at 127.0.0.1/45831] INFO  http.BaseHttpServer (BaseHttpServer.java:updateConnectorAddress(333)) - HTTP server of hddsDatanode listening at http://0.0.0.0:37261
2022-11-08 11:41:27,599 [Listener at 127.0.0.1/45831] INFO  pipeline.PipelineManagerImpl (PipelineManagerImpl.java:closePipeline(442)) - Pipeline Pipeline[ Id: 75062e52-3dfa-43a4-9de4-12edbcd636a6, Nodes: 72dfd9ba-a98d-401a-81dd-3b4131028c49{ip: 10.1.0.111, host: fv-az573-890.uspngagyt4suddso0aj1djjezg.dx.internal.cloudapp.net, ports: [REPLICATION=45913, RATIS=43469, RATIS_ADMIN=43469, RATIS_SERVER=43469, STANDALONE=34397], networkLocation: /default-rack, certSerialId: null, persistedOpState: IN_SERVICE, persistedOpStateExpiryEpochSec: 0}796fe754-0c35-4eb6-a30c-1cb762a5c0c8{ip: 10.1.0.111, host: fv-az573-890.uspngagyt4suddso0aj1djjezg.dx.internal.cloudapp.net, ports: [REPLICATION=38467, RATIS=44279, RATIS_ADMIN=44279, RATIS_SERVER=44279, STANDALONE=36161], networkLocation: /default-rack, certSerialId: null, persistedOpState: IN_SERVICE, persistedOpStateExpiryEpochSec: 0}ff089832-d0c0-4656-8db7-7a8b564902c0{ip: 10.1.0.111, host: fv-az573-890.uspngagyt4suddso0aj1djjezg.dx.internal.cloudapp.net, ports: [REPLICATION=37797, RATIS=45571, RATIS_ADMIN=45571, RATIS_SERVER=45571, STANDALONE=44499], networkLocation: /default-rack, certSerialId: null, persistedOpState: IN_SERVICE, persistedOpStateExpiryEpochSec: 0}, ReplicationConfig: RATIS/THREE, State:ALLOCATED, leaderId:, CreationTimestamp2022-11-08T11:41:07.728Z[Etc/UTC]] moved to CLOSED state
2022-11-08 11:41:27,599 [Listener at 127.0.0.1/45831] INFO  pipeline.RatisPipelineProvider (RatisPipelineProvider.java:lambda$close$1(244)) - Send pipeline:PipelineID=75062e52-3dfa-43a4-9de4-12edbcd636a6 close command to datanode 72dfd9ba-a98d-401a-81dd-3b4131028c49
2022-11-08 11:41:27,599 [Listener at 127.0.0.1/45831] INFO  pipeline.RatisPipelineProvider (RatisPipelineProvider.java:lambda$close$1(244)) - Send pipeline:PipelineID=75062e52-3dfa-43a4-9de4-12edbcd636a6 close command to datanode 796fe754-0c35-4eb6-a30c-1cb762a5c0c8
2022-11-08 11:41:27,600 [Listener at 127.0.0.1/45831] INFO  pipeline.RatisPipelineProvider (RatisPipelineProvider.java:lambda$close$1(244)) - Send pipeline:PipelineID=75062e52-3dfa-43a4-9de4-12edbcd636a6 close command to datanode ff089832-d0c0-4656-8db7-7a8b564902c0
2022-11-08 11:41:27,600 [Listener at 127.0.0.1/45831] INFO  pipeline.PipelineStateManagerImpl (PipelineStateManagerImpl.java:removePipeline(245)) - Pipeline Pipeline[ Id: 75062e52-3dfa-43a4-9de4-12edbcd636a6, Nodes: 72dfd9ba-a98d-401a-81dd-3b4131028c49{ip: 10.1.0.111, host: fv-az573-890.uspngagyt4suddso0aj1djjezg.dx.internal.cloudapp.net, ports: [REPLICATION=45913, RATIS=43469, RATIS_ADMIN=43469, RATIS_SERVER=43469, STANDALONE=34397], networkLocation: /default-rack, certSerialId: null, persistedOpState: IN_SERVICE, persistedOpStateExpiryEpochSec: 0}796fe754-0c35-4eb6-a30c-1cb762a5c0c8{ip: 10.1.0.111, host: fv-az573-890.uspngagyt4suddso0aj1djjezg.dx.internal.cloudapp.net, ports: [REPLICATION=38467, RATIS=44279, RATIS_ADMIN=44279, RATIS_SERVER=44279, STANDALONE=36161], networkLocation: /default-rack, certSerialId: null, persistedOpState: IN_SERVICE, persistedOpStateExpiryEpochSec: 0}ff089832-d0c0-4656-8db7-7a8b564902c0{ip: 10.1.0.111, host: fv-az573-890.uspngagyt4suddso0aj1djjezg.dx.internal.cloudapp.net, ports: [REPLICATION=37797, RATIS=45571, RATIS_ADMIN=45571, RATIS_SERVER=45571, STANDALONE=44499], networkLocation: /default-rack, certSerialId: null, persistedOpState: IN_SERVICE, persistedOpStateExpiryEpochSec: 0}, ReplicationConfig: RATIS/THREE, State:CLOSED, leaderId:, CreationTimestamp2022-11-08T11:41:07.728Z[Etc/UTC]] removed.
2022-11-08 11:41:27,601 [Listener at 127.0.0.1/45831] INFO  pipeline.PipelineManagerImpl (PipelineManagerImpl.java:closePipeline(442)) - Pipeline Pipeline[ Id: cc32a6dc-16b6-46bf-ba56-5ee7c243a93e, Nodes: 72dfd9ba-a98d-401a-81dd-3b4131028c49{ip: 10.1.0.111, host: fv-az573-890.uspngagyt4suddso0aj1djjezg.dx.internal.cloudapp.net, ports: [REPLICATION=45913, RATIS=43469, RATIS_ADMIN=43469, RATIS_SERVER=43469, STANDALONE=34397], networkLocation: /default-rack, certSerialId: null, persistedOpState: IN_SERVICE, persistedOpStateExpiryEpochSec: 0}ff089832-d0c0-4656-8db7-7a8b564902c0{ip: 10.1.0.111, host: fv-az573-890.uspngagyt4suddso0aj1djjezg.dx.internal.cloudapp.net, ports: [REPLICATION=37797, RATIS=45571, RATIS_ADMIN=45571, RATIS_SERVER=45571, STANDALONE=44499], networkLocation: /default-rack, certSerialId: null, persistedOpState: IN_SERVICE, persistedOpStateExpiryEpochSec: 0}796fe754-0c35-4eb6-a30c-1cb762a5c0c8{ip: 10.1.0.111, host: fv-az573-890.uspngagyt4suddso0aj1djjezg.dx.internal.cloudapp.net, ports: [REPLICATION=38467, RATIS=44279, RATIS_ADMIN=44279, RATIS_SERVER=44279, STANDALONE=36161], networkLocation: /default-rack, certSerialId: null, persistedOpState: IN_SERVICE, persistedOpStateExpiryEpochSec: 0}, ReplicationConfig: RATIS/THREE, State:OPEN, leaderId:ff089832-d0c0-4656-8db7-7a8b564902c0, CreationTimestamp2022-11-08T11:41:07.730Z[Etc/UTC]] moved to CLOSED state
2022-11-08 11:41:27,601 [Listener at 127.0.0.1/45831] INFO  pipeline.RatisPipelineProvider (RatisPipelineProvider.java:lambda$close$1(244)) - Send pipeline:PipelineID=cc32a6dc-16b6-46bf-ba56-5ee7c243a93e close command to datanode 72dfd9ba-a98d-401a-81dd-3b4131028c49
2022-11-08 11:41:27,601 [Listener at 127.0.0.1/45831] INFO  pipeline.RatisPipelineProvider (RatisPipelineProvider.java:lambda$close$1(244)) - Send pipeline:PipelineID=cc32a6dc-16b6-46bf-ba56-5ee7c243a93e close command to datanode ff089832-d0c0-4656-8db7-7a8b564902c0
2022-11-08 11:41:27,602 [Listener at 127.0.0.1/45831] INFO  pipeline.RatisPipelineProvider (RatisPipelineProvider.java:lambda$close$1(244)) - Send pipeline:PipelineID=cc32a6dc-16b6-46bf-ba56-5ee7c243a93e close command to datanode 796fe754-0c35-4eb6-a30c-1cb762a5c0c8
2022-11-08 11:41:27,602 [Listener at 127.0.0.1/45831] INFO  pipeline.PipelineStateManagerImpl (PipelineStateManagerImpl.java:removePipeline(245)) - Pipeline Pipeline[ Id: cc32a6dc-16b6-46bf-ba56-5ee7c243a93e, Nodes: 72dfd9ba-a98d-401a-81dd-3b4131028c49{ip: 10.1.0.111, host: fv-az573-890.uspngagyt4suddso0aj1djjezg.dx.internal.cloudapp.net, ports: [REPLICATION=45913, RATIS=43469, RATIS_ADMIN=43469, RATIS_SERVER=43469, STANDALONE=34397], networkLocation: /default-rack, certSerialId: null, persistedOpState: IN_SERVICE, persistedOpStateExpiryEpochSec: 0}ff089832-d0c0-4656-8db7-7a8b564902c0{ip: 10.1.0.111, host: fv-az573-890.uspngagyt4suddso0aj1djjezg.dx.internal.cloudapp.net, ports: [REPLICATION=37797, RATIS=45571, RATIS_ADMIN=45571, RATIS_SERVER=45571, STANDALONE=44499], networkLocation: /default-rack, certSerialId: null, persistedOpState: IN_SERVICE, persistedOpStateExpiryEpochSec: 0}796fe754-0c35-4eb6-a30c-1cb762a5c0c8{ip: 10.1.0.111, host: fv-az573-890.uspngagyt4suddso0aj1djjezg.dx.internal.cloudapp.net, ports: [REPLICATION=38467, RATIS=44279, RATIS_ADMIN=44279, RATIS_SERVER=44279, STANDALONE=36161], networkLocation: /default-rack, certSerialId: null, persistedOpState: IN_SERVICE, persistedOpStateExpiryEpochSec: 0}, ReplicationConfig: RATIS/THREE, State:CLOSED, leaderId:ff089832-d0c0-4656-8db7-7a8b564902c0, CreationTimestamp2022-11-08T11:41:07.730Z[Etc/UTC]] removed.
2022-11-08 11:41:27,602 [Listener at 127.0.0.1/45831] INFO  ozone.MiniOzoneClusterImpl (MiniOzoneClusterImpl.java:shutdown(448)) - Shutting down the Mini Ozone Cluster
2022-11-08 11:41:27,603 [Listener at 127.0.0.1/45831] INFO  ozone.MiniOzoneClusterImpl (MiniOzoneClusterImpl.java:stop(463)) - Stopping the Mini Ozone Cluster
2022-11-08 11:41:27,603 [Listener at 127.0.0.1/45831] INFO  ozone.MiniOzoneClusterImpl (MiniOzoneClusterImpl.java:stopOM(545)) - Stopping the OzoneManager
2022-11-08 11:41:27,603 [Listener at 127.0.0.1/45831] INFO  om.OzoneManager (OzoneManager.java:stop(2037)) - om1[localhost:0]: Stopping Ozone Manager
2022-11-08 11:41:27,603 [Listener at 127.0.0.1/45831] INFO  ipc.Server (Server.java:stop(3428)) - Stopping server on 45831
2022-11-08 11:41:27,603 [Datanode State Machine Daemon Thread] INFO  statemachine.DatanodeStateMachine (DatanodeStateMachine.java:lambda$startDaemon$0(505)) - Ozone container server started.
2022-11-08 11:41:27,608 [IPC Server Responder] INFO  ipc.Server (Server.java:run(1517)) - Stopping IPC Server Responder
2022-11-08 11:41:27,609 [Listener at 127.0.0.1/45831] INFO  server.RaftServer (RaftServerProxy.java:lambda$close$6(409)) - om1: close
2022-11-08 11:41:27,609 [IPC Server listener on 0] INFO  ipc.Server (Server.java:run(1384)) - Stopping IPC Server listener on 0
2022-11-08 11:41:27,609 [Listener at 127.0.0.1/45831] INFO  server.GrpcService (GrpcService.java:closeImpl(279)) - om1: shutdown server GrpcServerProtocolService now
2022-11-08 11:41:27,609 [om1-impl-thread1] INFO  server.RaftServer$Division (RaftServerImpl.java:lambda$close$4(458)) - om1@group-C5BA1605619E: shutdown
2022-11-08 11:41:27,609 [om1-impl-thread1] INFO  util.JmxRegister (JmxRegister.java:unregister(73)) - Successfully un-registered JMX Bean with object name Ratis:service=RaftServer,group=group-C5BA1605619E,id=om1
2022-11-08 11:41:27,609 [om1-impl-thread1] INFO  impl.RoleInfo (RoleInfo.java:shutdownLeaderState(93)) - om1: shutdown om1@group-C5BA1605619E-LeaderStateImpl
2022-11-08 11:41:27,610 [om1-impl-thread1] INFO  impl.PendingRequests (PendingRequests.java:sendNotLeaderResponses(282)) - om1@group-C5BA1605619E-PendingRequests: sendNotLeaderResponses
2022-11-08 11:41:27,610 [om1-impl-thread1] INFO  impl.StateMachineUpdater (StateMachineUpdater.java:stopAndJoin(153)) - om1@group-C5BA1605619E-StateMachineUpdater: set stopIndex = 0
2022-11-08 11:41:27,610 [om1@group-C5BA1605619E-StateMachineUpdater] INFO  ratis.OzoneManagerStateMachine (OzoneManagerStateMachine.java:takeSnapshot(445)) - Current Snapshot Index (t:1, i:0)
2022-11-08 11:41:27,610 [om1@group-C5BA1605619E-StateMachineUpdater] INFO  impl.StateMachineUpdater (StateMachineUpdater.java:takeSnapshot(287)) - om1@group-C5BA1605619E-StateMachineUpdater: Took a snapshot at index 0
2022-11-08 11:41:27,610 [om1@group-C5BA1605619E-StateMachineUpdater] INFO  impl.StateMachineUpdater (StateMachineUpdater.java:lambda$new$0(92)) - om1@group-C5BA1605619E-StateMachineUpdater: snapshotIndex: updateIncreasingly -1 -> 0
2022-11-08 11:41:27,610 [om1@group-C5BA1605619E-StateMachineUpdater] INFO  ratis.OzoneManagerStateMachine (OzoneManagerStateMachine.java:close(499)) - StateMachine has shutdown. Shutdown OzoneManager if not already shutdown.
2022-11-08 11:41:27,610 [om1@group-C5BA1605619E-StateMachineUpdater] INFO  ratis.OzoneManagerDoubleBuffer (OzoneManagerDoubleBuffer.java:stop(466)) - Stopping OMDoubleBuffer flush thread
2022-11-08 11:41:27,613 [Listener at 127.0.0.1/45831] INFO  server.GrpcService (GrpcService.java:closeImpl(288)) - om1: shutdown server GrpcServerProtocolService successfully
2022-11-08 11:41:27,617 [OMDoubleBufferFlushThread] INFO  ratis.OzoneManagerDoubleBuffer (OzoneManagerDoubleBuffer.java:flushTransactions(385)) - OMDoubleBuffer flush thread OMDoubleBufferFlushThread is interrupted and will exit.
2022-11-08 11:41:27,620 [om1-impl-thread1] INFO  server.RaftServer$Division (ServerState.java:close(466)) - om1@group-C5BA1605619E: closes. applyIndex: 0
2022-11-08 11:41:27,620 [org.apache.hadoop.util.JvmPauseMonitor$Monitor@5df3f9d9] INFO  util.JvmPauseMonitor (JvmPauseMonitor.java:run(188)) - Starting JVM pause monitor
2022-11-08 11:41:27,621 [om1@group-C5BA1605619E-SegmentedRaftLogWorker] INFO  segmented.SegmentedRaftLogWorker (SegmentedRaftLogWorker.java:run(345)) - om1@group-C5BA1605619E-SegmentedRaftLogWorker was interrupted, exiting. There are 0 tasks remaining in the queue.
2022-11-08 11:41:27,622 [om1-impl-thread1] INFO  segmented.SegmentedRaftLogWorker (SegmentedRaftLogWorker.java:close(255)) - om1@group-C5BA1605619E-SegmentedRaftLogWorker close()
2022-11-08 11:41:27,622 [JvmPauseMonitor7] INFO  util.JvmPauseMonitor (JvmPauseMonitor.java:run(111)) - JvmPauseMonitor-om1: Stopped
2022-11-08 11:41:27,622 [Listener at 127.0.0.1/45831] INFO  ratis.OzoneManagerStateMachine (OzoneManagerStateMachine.java:close(499)) - StateMachine has shutdown. Shutdown OzoneManager if not already shutdown.
2022-11-08 11:41:27,623 [Listener at 127.0.0.1/45831] INFO  ratis.OzoneManagerDoubleBuffer (OzoneManagerDoubleBuffer.java:stop(478)) - OMDoubleBuffer flush thread is not running.
2022-11-08 11:41:27,623 [Listener at 127.0.0.1/45831] INFO  utils.BackgroundService (BackgroundService.java:shutdown(141)) - Shutting down service KeyDeletingService
2022-11-08 11:41:27,623 [Listener at 127.0.0.1/45831] INFO  utils.BackgroundService (BackgroundService.java:shutdown(141)) - Shutting down service DirectoryDeletingService
2022-11-08 11:41:27,624 [Listener at 127.0.0.1/45831] INFO  utils.BackgroundService (BackgroundService.java:shutdown(141)) - Shutting down service OpenKeyCleanupService
2022-11-08 11:41:27,624 [Datanode State Machine Task Thread - 0] INFO  datanode.InitDatanodeState (InitDatanodeState.java:persistContainerDatanodeDetails(138)) - DatanodeDetails is persisted to /home/runner/work/ozone/ozone/hadoop-ozone/integration-test/target/test-dir/MiniOzoneClusterImpl-7c14af0c-19af-49bd-907c-b9cb5ddf5581/datanode-2/meta/datanode.id
2022-11-08 11:41:27,628 [Listener at 127.0.0.1/45831] INFO  handler.ContextHandler (ContextHandler.java:doStop(1159)) - Stopped o.e.j.w.WebAppContext@4ddc78ec{ozoneManager,/,null,STOPPED}{file:/home/runner/work/ozone/ozone/hadoop-ozone/integration-test/target/test-classes/webapps/ozoneManager}
2022-11-08 11:41:27,629 [Listener at 127.0.0.1/45831] INFO  server.AbstractConnector (AbstractConnector.java:doStop(383)) - Stopped ServerConnector@6a38a253{HTTP/1.1, (http/1.1)}{0.0.0.0:0}
2022-11-08 11:41:27,629 [Listener at 127.0.0.1/45831] INFO  server.session (HouseKeeper.java:stopScavenging(149)) - node0 Stopped scavenging
2022-11-08 11:41:27,630 [Listener at 127.0.0.1/45831] INFO  handler.ContextHandler (ContextHandler.java:doStop(1159)) - Stopped o.e.j.s.ServletContextHandler@596340ec{static,/static,file:///home/runner/work/ozone/ozone/hadoop-ozone/integration-test/target/test-classes/webapps/static,STOPPED}
2022-11-08 11:41:27,630 [Listener at 127.0.0.1/45831] INFO  handler.ContextHandler (ContextHandler.java:doStop(1159)) - Stopped o.e.j.s.ServletContextHandler@6762e5da{logs,/logs,file:///home/runner/work/ozone/ozone/hadoop-ozone/integration-test/target/log,STOPPED}
2022-11-08 11:41:27,636 [Listener at 127.0.0.1/45831] INFO  ozone.MiniOzoneClusterImpl (MiniOzoneClusterImpl.java:stopDatanodes(522)) - Stopping the HddsDatanodes
2022-11-08 11:41:27,642 [Listener at 127.0.0.1/45831] INFO  ozoneimpl.OzoneContainer (OzoneContainer.java:stop(400)) - Attempting to stop container services.
2022-11-08 11:41:27,644 [ForkJoinPool.commonPool-worker-0] INFO  ozoneimpl.OzoneContainer (OzoneContainer.java:stop(400)) - Attempting to stop container services.
2022-11-08 11:41:27,648 [Listener at 127.0.0.1/45831] INFO  volume.HddsVolume (HddsVolume.java:closeDbStore(338)) - SchemaV3 db is stopped at /home/runner/work/ozone/ozone/hadoop-ozone/integration-test/target/test-dir/MiniOzoneClusterImpl-7c14af0c-19af-49bd-907c-b9cb5ddf5581/datanode-1/data-0/containers/hdds/7c14af0c-19af-49bd-907c-b9cb5ddf5581/DS-f5dd78bd-cb18-48a9-b905-39d9eb3d650b/container.db for volume DS-f5dd78bd-cb18-48a9-b905-39d9eb3d650b
2022-11-08 11:41:27,650 [Listener at 127.0.0.1/45831] INFO  utils.BackgroundService (BackgroundService.java:shutdown(141)) - Shutting down service BlockDeletingService
2022-11-08 11:41:27,650 [Listener at 127.0.0.1/45831] INFO  utils.BackgroundService (BackgroundService.java:shutdown(141)) - Shutting down service StaleRecoveringContainerScrubbingService
2022-11-08 11:41:27,650 [ForkJoinPool.commonPool-worker-0] INFO  volume.HddsVolume (HddsVolume.java:closeDbStore(338)) - SchemaV3 db is stopped at /home/runner/work/ozone/ozone/hadoop-ozone/integration-test/target/test-dir/MiniOzoneClusterImpl-7c14af0c-19af-49bd-907c-b9cb5ddf5581/datanode-0/data-0/containers/hdds/7c14af0c-19af-49bd-907c-b9cb5ddf5581/DS-01109b52-f836-4c06-aef5-e19e4e2f199f/container.db for volume DS-01109b52-f836-4c06-aef5-e19e4e2f199f
2022-11-08 11:41:27,651 [ForkJoinPool.commonPool-worker-0] INFO  utils.BackgroundService (BackgroundService.java:shutdown(141)) - Shutting down service BlockDeletingService
2022-11-08 11:41:27,652 [ForkJoinPool.commonPool-worker-0] INFO  utils.BackgroundService (BackgroundService.java:shutdown(141)) - Shutting down service StaleRecoveringContainerScrubbingService
2022-11-08 11:41:27,653 [Listener at 127.0.0.1/45831] INFO  statemachine.DatanodeStateMachine (DatanodeStateMachine.java:stopDaemon(593)) - Ozone container server stopped.
2022-11-08 11:41:27,654 [ForkJoinPool.commonPool-worker-0] INFO  statemachine.DatanodeStateMachine (DatanodeStateMachine.java:stopDaemon(593)) - Ozone container server stopped.
2022-11-08 11:41:27,675 [ForkJoinPool.commonPool-worker-0] INFO  handler.ContextHandler (ContextHandler.java:doStop(1159)) - Stopped o.e.j.w.WebAppContext@7480b7cd{hddsDatanode,/,null,STOPPED}{jar:file:/home/runner/.m2/repository/org/apache/ozone/hdds-container-service/1.3.0-SNAPSHOT/hdds-container-service-1.3.0-SNAPSHOT.jar!/webapps/hddsDatanode}
2022-11-08 11:41:27,677 [ForkJoinPool.commonPool-worker-0] INFO  server.AbstractConnector (AbstractConnector.java:doStop(383)) - Stopped ServerConnector@10d71079{HTTP/1.1, (http/1.1)}{0.0.0.0:43767}
2022-11-08 11:41:27,677 [ForkJoinPool.commonPool-worker-0] INFO  server.session (HouseKeeper.java:stopScavenging(149)) - node0 Stopped scavenging
2022-11-08 11:41:27,678 [ForkJoinPool.commonPool-worker-0] INFO  handler.ContextHandler (ContextHandler.java:doStop(1159)) - Stopped o.e.j.s.ServletContextHandler@49d1f8f7{static,/static,jar:file:/home/runner/.m2/repository/org/apache/ozone/hdds-container-service/1.3.0-SNAPSHOT/hdds-container-service-1.3.0-SNAPSHOT.jar!/webapps/static,STOPPED}
2022-11-08 11:41:27,680 [ForkJoinPool.commonPool-worker-0] INFO  handler.ContextHandler (ContextHandler.java:doStop(1159)) - Stopped o.e.j.s.ServletContextHandler@d8156ac{logs,/logs,file:///home/runner/work/ozone/ozone/hadoop-ozone/integration-test/target/log,STOPPED}
2022-11-08 11:41:27,682 [Listener at 127.0.0.1/45831] INFO  handler.ContextHandler (ContextHandler.java:doStop(1159)) - Stopped o.e.j.w.WebAppContext@5c55c2b6{hddsDatanode,/,null,STOPPED}{jar:file:/home/runner/.m2/repository/org/apache/ozone/hdds-container-service/1.3.0-SNAPSHOT/hdds-container-service-1.3.0-SNAPSHOT.jar!/webapps/hddsDatanode}
2022-11-08 11:41:27,683 [Listener at 127.0.0.1/45831] INFO  server.AbstractConnector (AbstractConnector.java:doStop(383)) - Stopped ServerConnector@5a421e25{HTTP/1.1, (http/1.1)}{0.0.0.0:40585}
2022-11-08 11:41:27,684 [Listener at 127.0.0.1/45831] INFO  server.session (HouseKeeper.java:stopScavenging(149)) - node0 Stopped scavenging
2022-11-08 11:41:27,684 [Listener at 127.0.0.1/45831] INFO  handler.ContextHandler (ContextHandler.java:doStop(1159)) - Stopped o.e.j.s.ServletContextHandler@5cf95d65{static,/static,jar:file:/home/runner/.m2/repository/org/apache/ozone/hdds-container-service/1.3.0-SNAPSHOT/hdds-container-service-1.3.0-SNAPSHOT.jar!/webapps/static,STOPPED}
2022-11-08 11:41:27,685 [Listener at 127.0.0.1/45831] INFO  handler.ContextHandler (ContextHandler.java:doStop(1159)) - Stopped o.e.j.s.ServletContextHandler@73dd61ca{logs,/logs,file:///home/runner/work/ozone/ozone/hadoop-ozone/integration-test/target/log,STOPPED}
2022-11-08 11:41:27,686 [ForkJoinPool.commonPool-worker-0] INFO  ozoneimpl.OzoneContainer (OzoneContainer.java:stop(400)) - Attempting to stop container services.
2022-11-08 11:41:27,692 [ForkJoinPool.commonPool-worker-0] INFO  volume.HddsVolume (HddsVolume.java:closeDbStore(338)) - SchemaV3 db is stopped at /home/runner/work/ozone/ozone/hadoop-ozone/integration-test/target/test-dir/MiniOzoneClusterImpl-7c14af0c-19af-49bd-907c-b9cb5ddf5581/datanode-2/data-0/containers/hdds/7c14af0c-19af-49bd-907c-b9cb5ddf5581/DS-8d09e57e-40ba-4280-82b2-6691d835be83/container.db for volume DS-8d09e57e-40ba-4280-82b2-6691d835be83
2022-11-08 11:41:27,693 [ForkJoinPool.commonPool-worker-0] INFO  utils.BackgroundService (BackgroundService.java:shutdown(141)) - Shutting down service BlockDeletingService
2022-11-08 11:41:27,693 [ForkJoinPool.commonPool-worker-0] INFO  utils.BackgroundService (BackgroundService.java:shutdown(141)) - Shutting down service StaleRecoveringContainerScrubbingService
2022-11-08 11:41:27,697 [ForkJoinPool.commonPool-worker-0] INFO  statemachine.DatanodeStateMachine (DatanodeStateMachine.java:stopDaemon(593)) - Ozone container server stopped.
2022-11-08 11:41:27,709 [ForkJoinPool.commonPool-worker-0] INFO  handler.ContextHandler (ContextHandler.java:doStop(1159)) - Stopped o.e.j.w.WebAppContext@63ceb4ca{hddsDatanode,/,null,STOPPED}{jar:file:/home/runner/.m2/repository/org/apache/ozone/hdds-container-service/1.3.0-SNAPSHOT/hdds-container-service-1.3.0-SNAPSHOT.jar!/webapps/hddsDatanode}
2022-11-08 11:41:27,712 [ForkJoinPool.commonPool-worker-0] INFO  server.AbstractConnector (AbstractConnector.java:doStop(383)) - Stopped ServerConnector@4249978b{HTTP/1.1, (http/1.1)}{0.0.0.0:37261}
2022-11-08 11:41:27,713 [ForkJoinPool.commonPool-worker-0] INFO  server.session (HouseKeeper.java:stopScavenging(149)) - node0 Stopped scavenging
2022-11-08 11:41:27,715 [ForkJoinPool.commonPool-worker-0] INFO  handler.ContextHandler (ContextHandler.java:doStop(1159)) - Stopped o.e.j.s.ServletContextHandler@6a87f190{static,/static,jar:file:/home/runner/.m2/repository/org/apache/ozone/hdds-container-service/1.3.0-SNAPSHOT/hdds-container-service-1.3.0-SNAPSHOT.jar!/webapps/static,STOPPED}
2022-11-08 11:41:27,716 [ForkJoinPool.commonPool-worker-0] INFO  handler.ContextHandler (ContextHandler.java:doStop(1159)) - Stopped o.e.j.s.ServletContextHandler@1953167e{logs,/logs,file:///home/runner/work/ozone/ozone/hadoop-ozone/integration-test/target/log,STOPPED}
2022-11-08 11:41:27,718 [Listener at 127.0.0.1/45831] INFO  ozone.MiniOzoneClusterImpl (MiniOzoneClusterImpl.java:stopSCM(537)) - Stopping the StorageContainerManager
2022-11-08 11:41:27,719 [Listener at 127.0.0.1/45831] INFO  server.StorageContainerManager (StorageContainerManager.java:stop(1545)) - Container Balancer is not running.
2022-11-08 11:41:27,719 [Listener at 127.0.0.1/45831] INFO  server.StorageContainerManager (StorageContainerManager.java:stop(1552)) - Stopping Replication Manager Service.
2022-11-08 11:41:27,719 [Listener at 127.0.0.1/45831] INFO  replication.ReplicationManager (ReplicationManager.java:stop(274)) - Stopping Replication Monitor Thread.
2022-11-08 11:41:27,719 [Listener at 127.0.0.1/45831] INFO  server.StorageContainerManager (StorageContainerManager.java:stop(1559)) - Stopping the Datanode Admin Monitor.
2022-11-08 11:41:27,719 [ReplicationMonitor] INFO  replication.ReplicationManager (ReplicationManager.java:run(580)) - Replication Monitor Thread is stopped
2022-11-08 11:41:27,719 [Listener at 127.0.0.1/45831] INFO  server.StorageContainerManager (StorageContainerManager.java:stop(1566)) - Stopping Lease Manager of the command watchers
2022-11-08 11:41:27,719 [Over Replicated Processor] WARN  replication.OverReplicatedProcessor (OverReplicatedProcessor.java:run(142)) - Over Replicated Processor interrupted. Exiting...
2022-11-08 11:41:27,720 [Listener at 127.0.0.1/45831] INFO  server.StorageContainerManager (StorageContainerManager.java:stop(1573)) - Stopping datanode service RPC server
2022-11-08 11:41:27,720 [Listener at 127.0.0.1/45831] INFO  server.SCMDatanodeProtocolServer (SCMDatanodeProtocolServer.java:stop(414)) - Stopping the RPC server for DataNodes
2022-11-08 11:41:27,720 [Listener at 127.0.0.1/45831] INFO  ipc.Server (Server.java:stop(3428)) - Stopping server on 45019
2022-11-08 11:41:27,719 [Under Replicated Processor] WARN  replication.UnderReplicatedProcessor (UnderReplicatedProcessor.java:run(154)) - Under Replicated Processor interrupted. Exiting...
2022-11-08 11:41:27,723 [IPC Server Responder] INFO  ipc.Server (Server.java:run(1517)) - Stopping IPC Server Responder
2022-11-08 11:41:27,723 [IPC Server listener on 0] INFO  ipc.Server (Server.java:run(1384)) - Stopping IPC Server listener on 0
2022-11-08 11:41:28,196 [SCM Heartbeat Processing Thread - 0] WARN  node.NodeStateManager (NodeStateManager.java:scheduleNextHealthCheck(870)) - Current Thread is interrupted, shutting down HB processing thread for Node Manager.
2022-11-08 11:41:28,197 [Listener at 127.0.0.1/45831] INFO  server.StorageContainerManager (StorageContainerManager.java:stop(1581)) - Stopping block service RPC server
2022-11-08 11:41:28,197 [Listener at 127.0.0.1/45831] INFO  server.SCMBlockProtocolServer (SCMBlockProtocolServer.java:stop(161)) - Stopping the RPC server for Block Protocol
2022-11-08 11:41:28,197 [Listener at 127.0.0.1/45831] INFO  ipc.Server (Server.java:stop(3428)) - Stopping server on 44675
2022-11-08 11:41:28,201 [IPC Server listener on 0] INFO  ipc.Server (Server.java:run(1384)) - Stopping IPC Server listener on 0
2022-11-08 11:41:28,202 [IPC Server Responder] INFO  ipc.Server (Server.java:run(1517)) - Stopping IPC Server Responder
2022-11-08 11:41:28,202 [Listener at 127.0.0.1/45831] INFO  server.StorageContainerManager (StorageContainerManager.java:stop(1588)) - Stopping the StorageContainerLocationProtocol RPC server
2022-11-08 11:41:28,202 [Listener at 127.0.0.1/45831] INFO  server.SCMClientProtocolServer (SCMClientProtocolServer.java:stop(179)) - Stopping the RPC server for Client Protocol
2022-11-08 11:41:28,203 [Listener at 127.0.0.1/45831] INFO  ipc.Server (Server.java:stop(3428)) - Stopping server on 38321
2022-11-08 11:41:28,204 [IPC Server listener on 0] INFO  ipc.Server (Server.java:run(1384)) - Stopping IPC Server listener on 0
2022-11-08 11:41:28,212 [IPC Server Responder] INFO  ipc.Server (Server.java:run(1517)) - Stopping IPC Server Responder
2022-11-08 11:41:28,212 [Listener at 127.0.0.1/45831] INFO  server.StorageContainerManager (StorageContainerManager.java:stop(1595)) - Stopping Storage Container Manager HTTP server.
2022-11-08 11:41:28,213 [Listener at 127.0.0.1/45831] INFO  handler.ContextHandler (ContextHandler.java:doStop(1159)) - Stopped o.e.j.w.WebAppContext@70dd183b{scm,/,null,STOPPED}{file:/home/runner/work/ozone/ozone/hadoop-ozone/integration-test/target/test-classes/webapps/scm}
2022-11-08 11:41:28,214 [Listener at 127.0.0.1/45831] INFO  server.AbstractConnector (AbstractConnector.java:doStop(383)) - Stopped ServerConnector@2310ad09{HTTP/1.1, (http/1.1)}{0.0.0.0:0}
2022-11-08 11:41:28,214 [Listener at 127.0.0.1/45831] INFO  server.session (HouseKeeper.java:stopScavenging(149)) - node0 Stopped scavenging
2022-11-08 11:41:28,214 [Listener at 127.0.0.1/45831] INFO  handler.ContextHandler (ContextHandler.java:doStop(1159)) - Stopped o.e.j.s.ServletContextHandler@46d50b32{static,/static,file:///home/runner/work/ozone/ozone/hadoop-ozone/integration-test/target/test-classes/webapps/static,STOPPED}
2022-11-08 11:41:28,214 [Listener at 127.0.0.1/45831] INFO  handler.ContextHandler (ContextHandler.java:doStop(1159)) - Stopped o.e.j.s.ServletContextHandler@5020027c{logs,/logs,file:///home/runner/work/ozone/ozone/hadoop-ozone/integration-test/target/log,STOPPED}
2022-11-08 11:41:28,218 [Listener at 127.0.0.1/45831] INFO  server.StorageContainerManager (StorageContainerManager.java:stop(1601)) - Stopping SCM LayoutVersionManager Service.
2022-11-08 11:41:28,219 [Listener at 127.0.0.1/45831] INFO  server.StorageContainerManager (StorageContainerManager.java:stop(1609)) - Stopping Block Manager Service.
2022-11-08 11:41:28,219 [Listener at 127.0.0.1/45831] INFO  utils.BackgroundService (BackgroundService.java:shutdown(141)) - Shutting down service SCMBlockDeletingService
2022-11-08 11:41:28,219 [Listener at 127.0.0.1/45831] INFO  utils.BackgroundService (BackgroundService.java:shutdown(141)) - Shutting down service SCMBlockDeletingService
2022-11-08 11:41:28,219 [Listener at 127.0.0.1/45831] INFO  server.StorageContainerManager (StorageContainerManager.java:stop(1636)) - Stopping SCM Event Queue.
2022-11-08 11:41:28,221 [Listener at 127.0.0.1/45831] INFO  server.StorageContainerManager (StorageContainerManager.java:stop(1647)) - Stopping SCM HA services.
2022-11-08 11:41:28,222 [Listener at 127.0.0.1/45831] INFO  pipeline.BackgroundPipelineCreator (BackgroundPipelineCreator.java:stop(149)) - Stopping RatisPipelineUtilsThread.
2022-11-08 11:41:28,222 [RatisPipelineUtilsThread - 0] WARN  pipeline.BackgroundPipelineCreator (BackgroundPipelineCreator.java:run(180)) - RatisPipelineUtilsThread is interrupted.
2022-11-08 11:41:28,222 [BackgroundPipelineScrubberThread] WARN  BackgroundPipelineScrubber (BackgroundSCMService.java:run(115)) - BackgroundPipelineScrubber is interrupted, exit
2022-11-08 11:41:28,222 [Listener at 127.0.0.1/45831] INFO  BackgroundPipelineScrubber (BackgroundSCMService.java:stop(131)) - Stopping BackgroundPipelineScrubber Service.
2022-11-08 11:41:28,228 [Listener at 127.0.0.1/45831] INFO  impl.MetricsSystemImpl (MetricsSystemImpl.java:stop(210)) - Stopping HddsDatanode metrics system...
2022-11-08 11:41:28,232 [prometheus] INFO  impl.MetricsSinkAdapter (MetricsSinkAdapter.java:publishMetricsFromQueue(141)) - prometheus thread interrupted.
2022-11-08 11:41:28,237 [Listener at 127.0.0.1/45831] INFO  impl.MetricsSystemImpl (MetricsSystemImpl.java:stop(216)) - HddsDatanode metrics system stopped.
2022-11-08 11:41:28,237 [Listener at 127.0.0.1/45831] WARN  pipeline.BackgroundPipelineCreator (BackgroundPipelineCreator.java:stop(145)) - RatisPipelineUtilsThread is not running, just ignore.
2022-11-08 11:41:28,237 [Listener at 127.0.0.1/45831] INFO  BackgroundPipelineScrubber (BackgroundSCMService.java:stop(126)) - BackgroundPipelineScrubber Service is not running, skip stop.
2022-11-08 11:41:28,237 [Listener at 127.0.0.1/45831] INFO  ExpiredContainerReplicaOpScrubber (BackgroundSCMService.java:stop(131)) - Stopping ExpiredContainerReplicaOpScrubber Service.
2022-11-08 11:41:28,237 [ExpiredContainerReplicaOpScrubberThread] WARN  ExpiredContainerReplicaOpScrubber (BackgroundSCMService.java:run(115)) - ExpiredContainerReplicaOpScrubber is interrupted, exit
2022-11-08 11:41:28,237 [Listener at 127.0.0.1/45831] INFO  utils.BackgroundService (BackgroundService.java:shutdown(141)) - Shutting down service SCMBlockDeletingService
2022-11-08 11:41:28,238 [Listener at 127.0.0.1/45831] INFO  replication.ReplicationManager (ReplicationManager.java:stop(282)) - Replication Monitor Thread is not running.
2022-11-08 11:41:28,238 [Listener at 127.0.0.1/45831] WARN  balancer.ContainerBalancer (ContainerBalancer.java:stop(322)) - Cannot stop Container Balancer because it's not running or stopping
2022-11-08 11:41:28,238 [Listener at 127.0.0.1/45831] INFO  server.StorageContainerManager (StorageContainerManager.java:stop(1665)) - Stopping SCM MetadataStore.
]]></system-out>
  </testcase>
  <testcase name="testAutomaticPipelineCreationDisablingFactorONE" classname="org.apache.hadoop.hdds.scm.pipeline.TestRatisPipelineCreateAndDestroy" time="87.306">
    <error type="java.util.concurrent.TimeoutException"><![CDATA[java.util.concurrent.TimeoutException: 
Timed out waiting for condition. Thread diagnostics:
Timestamp: 2022-11-08 11:42:48,573

"qtp1943963437-1321" daemon prio=5 tid=1321 timed_waiting
java.lang.Thread.State: TIMED_WAITING
        at sun.misc.Unsafe.park(Native Method)
        at java.util.concurrent.locks.LockSupport.parkNanos(LockSupport.java:215)
        at java.util.concurrent.locks.AbstractQueuedSynchronizer$ConditionObject.awaitNanos(AbstractQueuedSynchronizer.java:2078)
        at org.eclipse.jetty.util.BlockingArrayQueue.poll(BlockingArrayQueue.java:382)
        at org.eclipse.jetty.util.thread.QueuedThreadPool$Runner.idleJobPoll(QueuedThreadPool.java:974)
        at org.eclipse.jetty.util.thread.QueuedThreadPool$Runner.run(QueuedThreadPool.java:1018)
        at java.lang.Thread.run(Thread.java:750)
"pool-576-thread-1"  prio=5 tid=1264 timed_waiting
java.lang.Thread.State: TIMED_WAITING
        at sun.misc.Unsafe.park(Native Method)
        at java.util.concurrent.locks.LockSupport.parkNanos(LockSupport.java:215)
        at java.util.concurrent.locks.AbstractQueuedSynchronizer$ConditionObject.awaitNanos(AbstractQueuedSynchronizer.java:2078)
        at java.util.concurrent.ScheduledThreadPoolExecutor$DelayedWorkQueue.take(ScheduledThreadPoolExecutor.java:1093)
        at java.util.concurrent.ScheduledThreadPoolExecutor$DelayedWorkQueue.take(ScheduledThreadPoolExecutor.java:809)
        at java.util.concurrent.ThreadPoolExecutor.getTask(ThreadPoolExecutor.java:1074)
        at java.util.concurrent.ThreadPoolExecutor.runWorker(ThreadPoolExecutor.java:1134)
        at java.util.concurrent.ThreadPoolExecutor$Worker.run(ThreadPoolExecutor.java:624)
        at java.lang.Thread.run(Thread.java:750)
"qtp904521933-1378" daemon prio=5 tid=1378 timed_waiting
java.lang.Thread.State: TIMED_WAITING
        at sun.misc.Unsafe.park(Native Method)
        at java.util.concurrent.locks.LockSupport.parkNanos(LockSupport.java:215)
        at java.util.concurrent.locks.AbstractQueuedSynchronizer$ConditionObject.awaitNanos(AbstractQueuedSynchronizer.java:2078)
        at org.eclipse.jetty.util.BlockingArrayQueue.poll(BlockingArrayQueue.java:382)
        at org.eclipse.jetty.util.thread.QueuedThreadPool$Runner.idleJobPoll(QueuedThreadPool.java:974)
        at org.eclipse.jetty.util.thread.QueuedThreadPool$Runner.run(QueuedThreadPool.java:1018)
        at java.lang.Thread.run(Thread.java:750)
"Datanode ReportManager Thread - 4" daemon prio=5 tid=1359 timed_waiting
java.lang.Thread.State: TIMED_WAITING
        at sun.misc.Unsafe.park(Native Method)
        at java.util.concurrent.locks.LockSupport.parkNanos(LockSupport.java:215)
        at java.util.concurrent.locks.AbstractQueuedSynchronizer$ConditionObject.awaitNanos(AbstractQueuedSynchronizer.java:2078)
        at java.util.concurrent.ScheduledThreadPoolExecutor$DelayedWorkQueue.take(ScheduledThreadPoolExecutor.java:1093)
        at java.util.concurrent.ScheduledThreadPoolExecutor$DelayedWorkQueue.take(ScheduledThreadPoolExecutor.java:809)
        at java.util.concurrent.ThreadPoolExecutor.getTask(ThreadPoolExecutor.java:1074)
        at java.util.concurrent.ThreadPoolExecutor.runWorker(ThreadPoolExecutor.java:1134)
        at java.util.concurrent.ThreadPoolExecutor$Worker.run(ThreadPoolExecutor.java:624)
        at java.lang.Thread.run(Thread.java:750)
"qtp904521933-1376" daemon prio=5 tid=1376 timed_waiting
java.lang.Thread.State: TIMED_WAITING
        at sun.misc.Unsafe.park(Native Method)
        at java.util.concurrent.locks.LockSupport.parkNanos(LockSupport.java:215)
        at java.util.concurrent.locks.AbstractQueuedSynchronizer$ConditionObject.awaitNanos(AbstractQueuedSynchronizer.java:2078)
        at org.eclipse.jetty.util.BlockingArrayQueue.poll(BlockingArrayQueue.java:382)
        at org.eclipse.jetty.util.thread.QueuedThreadPool$Runner.idleJobPoll(QueuedThreadPool.java:974)
        at org.eclipse.jetty.util.thread.QueuedThreadPool$Runner.run(QueuedThreadPool.java:1018)
        at java.lang.Thread.run(Thread.java:750)
"ChunkWriter-1-0" daemon prio=5 tid=1429 in Object.wait()
java.lang.Thread.State: WAITING (on object monitor)
        at sun.misc.Unsafe.park(Native Method)
        at java.util.concurrent.locks.LockSupport.park(LockSupport.java:175)
        at java.util.concurrent.locks.AbstractQueuedSynchronizer$ConditionObject.await(AbstractQueuedSynchronizer.java:2039)
        at java.util.concurrent.LinkedBlockingDeque.takeFirst(LinkedBlockingDeque.java:492)
        at java.util.concurrent.LinkedBlockingDeque.take(LinkedBlockingDeque.java:680)
        at java.util.concurrent.ThreadPoolExecutor.getTask(ThreadPoolExecutor.java:1074)
        at java.util.concurrent.ThreadPoolExecutor.runWorker(ThreadPoolExecutor.java:1134)
        at java.util.concurrent.ThreadPoolExecutor$Worker.run(ThreadPoolExecutor.java:624)
        at java.lang.Thread.run(Thread.java:750)
"IPC Server Responder" daemon prio=5 tid=1086 runnable
java.lang.Thread.State: RUNNABLE
        at sun.nio.ch.EPollArrayWrapper.epollWait(Native Method)
        at sun.nio.ch.EPollArrayWrapper.poll(EPollArrayWrapper.java:269)
        at sun.nio.ch.EPollSelectorImpl.doSelect(EPollSelectorImpl.java:93)
        at sun.nio.ch.SelectorImpl.lockAndDoSelect(SelectorImpl.java:86)
        at sun.nio.ch.SelectorImpl.select(SelectorImpl.java:97)
        at org.apache.hadoop.ipc.Server$Responder.doRunLoop(Server.java:1532)
        at org.apache.hadoop.ipc.Server$Responder.run(Server.java:1515)
"EventQueue-PipelineReportForPipelineReportHandler" daemon prio=5 tid=1456 in Object.wait()
java.lang.Thread.State: WAITING (on object monitor)
        at sun.misc.Unsafe.park(Native Method)
        at java.util.concurrent.locks.LockSupport.park(LockSupport.java:175)
        at java.util.concurrent.locks.AbstractQueuedSynchronizer$ConditionObject.await(AbstractQueuedSynchronizer.java:2039)
        at java.util.concurrent.LinkedBlockingQueue.take(LinkedBlockingQueue.java:442)
        at java.util.concurrent.ThreadPoolExecutor.getTask(ThreadPoolExecutor.java:1074)
        at java.util.concurrent.ThreadPoolExecutor.runWorker(ThreadPoolExecutor.java:1134)
        at java.util.concurrent.ThreadPoolExecutor$Worker.run(ThreadPoolExecutor.java:624)
        at java.lang.Thread.run(Thread.java:750)
"qtp1446747078-1268" daemon prio=5 tid=1268 timed_waiting
java.lang.Thread.State: TIMED_WAITING
        at sun.misc.Unsafe.park(Native Method)
        at java.util.concurrent.locks.LockSupport.parkNanos(LockSupport.java:215)
        at java.util.concurrent.locks.AbstractQueuedSynchronizer$ConditionObject.awaitNanos(AbstractQueuedSynchronizer.java:2078)
        at org.eclipse.jetty.util.BlockingArrayQueue.poll(BlockingArrayQueue.java:382)
        at org.eclipse.jetty.util.thread.QueuedThreadPool$Runner.idleJobPoll(QueuedThreadPool.java:974)
        at org.eclipse.jetty.util.thread.QueuedThreadPool$Runner.run(QueuedThreadPool.java:1018)
        at java.lang.Thread.run(Thread.java:750)
"Timer-2"  prio=5 tid=1196 timed_waiting
java.lang.Thread.State: TIMED_WAITING
        at java.lang.Object.wait(Native Method)
        at java.util.TimerThread.mainLoop(Timer.java:552)
        at java.util.TimerThread.run(Timer.java:505)
"Datanode State Machine Daemon Thread" daemon prio=5 tid=1302 timed_waiting
java.lang.Thread.State: TIMED_WAITING
        at java.lang.Thread.sleep(Native Method)
        at org.apache.hadoop.ozone.container.common.statemachine.DatanodeStateMachine.startStateMachineThread(DatanodeStateMachine.java:321)
        at org.apache.hadoop.ozone.container.common.statemachine.DatanodeStateMachine.lambda$startDaemon$0(DatanodeStateMachine.java:506)
        at org.apache.hadoop.ozone.container.common.statemachine.DatanodeStateMachine$$Lambda$815/9941880.run(Unknown Source)
        at java.lang.Thread.run(Thread.java:750)
"Datanode ReportManager Thread - 4" daemon prio=5 tid=1307 in Object.wait()
java.lang.Thread.State: WAITING (on object monitor)
        at sun.misc.Unsafe.park(Native Method)
        at java.util.concurrent.locks.LockSupport.park(LockSupport.java:175)
        at java.util.concurrent.locks.AbstractQueuedSynchronizer$ConditionObject.await(AbstractQueuedSynchronizer.java:2039)
        at java.util.concurrent.ScheduledThreadPoolExecutor$DelayedWorkQueue.take(ScheduledThreadPoolExecutor.java:1088)
        at java.util.concurrent.ScheduledThreadPoolExecutor$DelayedWorkQueue.take(ScheduledThreadPoolExecutor.java:809)
        at java.util.concurrent.ThreadPoolExecutor.getTask(ThreadPoolExecutor.java:1074)
        at java.util.concurrent.ThreadPoolExecutor.runWorker(ThreadPoolExecutor.java:1134)
        at java.util.concurrent.ThreadPoolExecutor$Worker.run(ThreadPoolExecutor.java:624)
        at java.lang.Thread.run(Thread.java:750)
"qtp1644006516-1244" daemon prio=5 tid=1244 timed_waiting
java.lang.Thread.State: TIMED_WAITING
        at sun.misc.Unsafe.park(Native Method)
        at java.util.concurrent.locks.LockSupport.parkNanos(LockSupport.java:215)
        at java.util.concurrent.locks.AbstractQueuedSynchronizer$ConditionObject.awaitNanos(AbstractQueuedSynchronizer.java:2078)
        at org.eclipse.jetty.util.BlockingArrayQueue.poll(BlockingArrayQueue.java:382)
        at org.eclipse.jetty.util.thread.QueuedThreadPool$Runner.idleJobPoll(QueuedThreadPool.java:974)
        at org.eclipse.jetty.util.thread.QueuedThreadPool$Runner.run(QueuedThreadPool.java:1018)
        at java.lang.Thread.run(Thread.java:750)
"qtp1624799476-1345" daemon prio=5 tid=1345 runnable
java.lang.Thread.State: RUNNABLE
        at sun.nio.ch.EPollArrayWrapper.epollWait(Native Method)
        at sun.nio.ch.EPollArrayWrapper.poll(EPollArrayWrapper.java:269)
        at sun.nio.ch.EPollSelectorImpl.doSelect(EPollSelectorImpl.java:93)
        at sun.nio.ch.SelectorImpl.lockAndDoSelect(SelectorImpl.java:86)
        at sun.nio.ch.SelectorImpl.select(SelectorImpl.java:97)
        at sun.nio.ch.SelectorImpl.select(SelectorImpl.java:101)
        at org.eclipse.jetty.io.ManagedSelector.nioSelect(ManagedSelector.java:183)
        at org.eclipse.jetty.io.ManagedSelector.select(ManagedSelector.java:190)
        at org.eclipse.jetty.io.ManagedSelector$SelectorProducer.select(ManagedSelector.java:606)
        at org.eclipse.jetty.io.ManagedSelector$SelectorProducer.produce(ManagedSelector.java:543)
        at org.eclipse.jetty.util.thread.strategy.EatWhatYouKill.produceTask(EatWhatYouKill.java:362)
        at org.eclipse.jetty.util.thread.strategy.EatWhatYouKill.doProduce(EatWhatYouKill.java:186)
        at org.eclipse.jetty.util.thread.strategy.EatWhatYouKill.tryProduce(EatWhatYouKill.java:173)
        at org.eclipse.jetty.util.thread.strategy.EatWhatYouKill.produce(EatWhatYouKill.java:137)
        at org.eclipse.jetty.io.ManagedSelector$$Lambda$470/271594494.run(Unknown Source)
        at org.eclipse.jetty.util.thread.QueuedThreadPool.runJob(QueuedThreadPool.java:883)
        at org.eclipse.jetty.util.thread.QueuedThreadPool$Runner.run(QueuedThreadPool.java:1034)
        at java.lang.Thread.run(Thread.java:750)
"om1-client-thread1" daemon prio=5 tid=1610 timed_waiting
java.lang.Thread.State: TIMED_WAITING
        at sun.misc.Unsafe.park(Native Method)
        at java.util.concurrent.locks.LockSupport.parkNanos(LockSupport.java:215)
        at java.util.concurrent.SynchronousQueue$TransferStack.awaitFulfill(SynchronousQueue.java:460)
        at java.util.concurrent.SynchronousQueue$TransferStack.transfer(SynchronousQueue.java:362)
        at java.util.concurrent.SynchronousQueue.poll(SynchronousQueue.java:941)
        at java.util.concurrent.ThreadPoolExecutor.getTask(ThreadPoolExecutor.java:1073)
        at java.util.concurrent.ThreadPoolExecutor.runWorker(ThreadPoolExecutor.java:1134)
        at java.util.concurrent.ThreadPoolExecutor$Worker.run(ThreadPoolExecutor.java:624)
        at java.lang.Thread.run(Thread.java:750)
"StaleRecoveringContainerScrubbingService#2" daemon prio=5 tid=1626 in Object.wait()
java.lang.Thread.State: WAITING (on object monitor)
        at sun.misc.Unsafe.park(Native Method)
        at java.util.concurrent.locks.LockSupport.park(LockSupport.java:175)
        at java.util.concurrent.locks.AbstractQueuedSynchronizer$ConditionObject.await(AbstractQueuedSynchronizer.java:2039)
        at java.util.concurrent.ScheduledThreadPoolExecutor$DelayedWorkQueue.take(ScheduledThreadPoolExecutor.java:1088)
        at java.util.concurrent.ScheduledThreadPoolExecutor$DelayedWorkQueue.take(ScheduledThreadPoolExecutor.java:809)
        at java.util.concurrent.ThreadPoolExecutor.getTask(ThreadPoolExecutor.java:1074)
        at java.util.concurrent.ThreadPoolExecutor.runWorker(ThreadPoolExecutor.java:1134)
        at java.util.concurrent.ThreadPoolExecutor$Worker.run(ThreadPoolExecutor.java:624)
        at java.lang.Thread.run(Thread.java:750)
"IPC Server handler 1 on default port 44007" daemon prio=5 tid=1129 timed_waiting
java.lang.Thread.State: TIMED_WAITING
        at sun.misc.Unsafe.park(Native Method)
        at java.util.concurrent.locks.LockSupport.parkNanos(LockSupport.java:215)
        at java.util.concurrent.locks.AbstractQueuedSynchronizer$ConditionObject.awaitNanos(AbstractQueuedSynchronizer.java:2078)
        at java.util.concurrent.LinkedBlockingQueue.poll(LinkedBlockingQueue.java:467)
        at org.apache.hadoop.ipc.CallQueueManager.take(CallQueueManager.java:317)
        at org.apache.hadoop.ipc.Server$Handler.run(Server.java:2942)
"IPC Server listener on 0" daemon prio=5 tid=1188 runnable
java.lang.Thread.State: RUNNABLE
        at sun.nio.ch.EPollArrayWrapper.epollWait(Native Method)
        at sun.nio.ch.EPollArrayWrapper.poll(EPollArrayWrapper.java:269)
        at sun.nio.ch.EPollSelectorImpl.doSelect(EPollSelectorImpl.java:93)
        at sun.nio.ch.SelectorImpl.lockAndDoSelect(SelectorImpl.java:86)
        at sun.nio.ch.SelectorImpl.select(SelectorImpl.java:97)
        at sun.nio.ch.SelectorImpl.select(SelectorImpl.java:101)
        at org.apache.hadoop.ipc.Server$Listener.run(Server.java:1358)
"IPC Server handler 0 on default port 45531" daemon prio=5 tid=1108 timed_waiting
java.lang.Thread.State: TIMED_WAITING
        at sun.misc.Unsafe.park(Native Method)
        at java.util.concurrent.locks.LockSupport.parkNanos(LockSupport.java:215)
        at java.util.concurrent.locks.AbstractQueuedSynchronizer$ConditionObject.awaitNanos(AbstractQueuedSynchronizer.java:2078)
        at java.util.concurrent.LinkedBlockingQueue.poll(LinkedBlockingQueue.java:467)
        at org.apache.hadoop.ipc.CallQueueManager.take(CallQueueManager.java:317)
        at org.apache.hadoop.ipc.Server$Handler.run(Server.java:2942)
"Reference Handler" daemon prio=10 tid=2 in Object.wait()
java.lang.Thread.State: WAITING (on object monitor)
        at java.lang.Object.wait(Native Method)
        at java.lang.Object.wait(Object.java:502)
        at java.lang.ref.Reference.tryHandlePending(Reference.java:191)
        at java.lang.ref.Reference$ReferenceHandler.run(Reference.java:153)
"Command processor thread" daemon prio=5 tid=1254 timed_waiting
java.lang.Thread.State: TIMED_WAITING
        at java.lang.Thread.sleep(Native Method)
        at org.apache.hadoop.ozone.container.common.statemachine.DatanodeStateMachine.lambda$initCommandHandlerThread$3(DatanodeStateMachine.java:641)
        at org.apache.hadoop.ozone.container.common.statemachine.DatanodeStateMachine$$Lambda$833/745519443.run(Unknown Source)
        at java.lang.Thread.run(Thread.java:750)
"ChunkWriter-2-0" daemon prio=5 tid=1418 in Object.wait()
java.lang.Thread.State: WAITING (on object monitor)
        at sun.misc.Unsafe.park(Native Method)
        at java.util.concurrent.locks.LockSupport.park(LockSupport.java:175)
        at java.util.concurrent.locks.AbstractQueuedSynchronizer$ConditionObject.await(AbstractQueuedSynchronizer.java:2039)
        at java.util.concurrent.LinkedBlockingDeque.takeFirst(LinkedBlockingDeque.java:492)
        at java.util.concurrent.LinkedBlockingDeque.take(LinkedBlockingDeque.java:680)
        at java.util.concurrent.ThreadPoolExecutor.getTask(ThreadPoolExecutor.java:1074)
        at java.util.concurrent.ThreadPoolExecutor.runWorker(ThreadPoolExecutor.java:1134)
        at java.util.concurrent.ThreadPoolExecutor$Worker.run(ThreadPoolExecutor.java:624)
        at java.lang.Thread.run(Thread.java:750)
"pool-560-thread-1" daemon prio=5 tid=1260 timed_waiting
java.lang.Thread.State: TIMED_WAITING
        at sun.misc.Unsafe.park(Native Method)
        at java.util.concurrent.locks.LockSupport.parkNanos(LockSupport.java:215)
        at java.util.concurrent.locks.AbstractQueuedSynchronizer$ConditionObject.awaitNanos(AbstractQueuedSynchronizer.java:2078)
        at java.util.concurrent.ScheduledThreadPoolExecutor$DelayedWorkQueue.take(ScheduledThreadPoolExecutor.java:1093)
        at java.util.concurrent.ScheduledThreadPoolExecutor$DelayedWorkQueue.take(ScheduledThreadPoolExecutor.java:809)
        at java.util.concurrent.ThreadPoolExecutor.getTask(ThreadPoolExecutor.java:1074)
        at java.util.concurrent.ThreadPoolExecutor.runWorker(ThreadPoolExecutor.java:1134)
        at java.util.concurrent.ThreadPoolExecutor$Worker.run(ThreadPoolExecutor.java:624)
        at java.lang.Thread.run(Thread.java:750)
"qtp1380251088-1172-acceptor-0@4d3d9fec-ServerConnector@161dca1d{HTTP/1.1, (http/1.1)}{0.0.0.0:39563}" daemon prio=3 tid=1172 runnable
java.lang.Thread.State: RUNNABLE
        at sun.nio.ch.ServerSocketChannelImpl.accept0(Native Method)
        at sun.nio.ch.ServerSocketChannelImpl.accept(ServerSocketChannelImpl.java:421)
        at sun.nio.ch.ServerSocketChannelImpl.accept(ServerSocketChannelImpl.java:249)
        at org.eclipse.jetty.server.ServerConnector.accept(ServerConnector.java:388)
        at org.eclipse.jetty.server.AbstractConnector$Acceptor.run(AbstractConnector.java:704)
        at org.eclipse.jetty.util.thread.QueuedThreadPool.runJob(QueuedThreadPool.java:883)
        at org.eclipse.jetty.util.thread.QueuedThreadPool$Runner.run(QueuedThreadPool.java:1034)
        at java.lang.Thread.run(Thread.java:750)
"IPC Server handler 16 on default port 46561" daemon prio=5 tid=1226 timed_waiting
java.lang.Thread.State: TIMED_WAITING
        at sun.misc.Unsafe.park(Native Method)
        at java.util.concurrent.locks.LockSupport.parkNanos(LockSupport.java:215)
        at java.util.concurrent.locks.AbstractQueuedSynchronizer$ConditionObject.awaitNanos(AbstractQueuedSynchronizer.java:2078)
        at java.util.concurrent.LinkedBlockingQueue.poll(LinkedBlockingQueue.java:467)
        at org.apache.hadoop.ipc.CallQueueManager.take(CallQueueManager.java:317)
        at org.apache.hadoop.ipc.Server$Handler.run(Server.java:2942)
"om1@group-C5BA1605619E-SegmentedRaftLogWorker"  prio=5 tid=1192 timed_waiting
java.lang.Thread.State: TIMED_WAITING
        at sun.misc.Unsafe.park(Native Method)
        at java.util.concurrent.locks.LockSupport.parkNanos(LockSupport.java:215)
        at java.util.concurrent.locks.AbstractQueuedSynchronizer$ConditionObject.awaitNanos(AbstractQueuedSynchronizer.java:2078)
        at org.apache.ratis.util.DataBlockingQueue.poll(DataBlockingQueue.java:148)
        at org.apache.ratis.server.raftlog.segmented.SegmentedRaftLogWorker.run(SegmentedRaftLogWorker.java:310)
        at org.apache.ratis.server.raftlog.segmented.SegmentedRaftLogWorker$$Lambda$689/1917118246.run(Unknown Source)
        at java.lang.Thread.run(Thread.java:750)
"Datanode ReportManager Thread - 1" daemon prio=5 tid=1276 in Object.wait()
java.lang.Thread.State: WAITING (on object monitor)
        at sun.misc.Unsafe.park(Native Method)
        at java.util.concurrent.locks.LockSupport.park(LockSupport.java:175)
        at java.util.concurrent.locks.AbstractQueuedSynchronizer$ConditionObject.await(AbstractQueuedSynchronizer.java:2039)
        at java.util.concurrent.ScheduledThreadPoolExecutor$DelayedWorkQueue.take(ScheduledThreadPoolExecutor.java:1088)
        at java.util.concurrent.ScheduledThreadPoolExecutor$DelayedWorkQueue.take(ScheduledThreadPoolExecutor.java:809)
        at java.util.concurrent.ThreadPoolExecutor.getTask(ThreadPoolExecutor.java:1074)
        at java.util.concurrent.ThreadPoolExecutor.runWorker(ThreadPoolExecutor.java:1134)
        at java.util.concurrent.ThreadPoolExecutor$Worker.run(ThreadPoolExecutor.java:624)
        at java.lang.Thread.run(Thread.java:750)
"IPC Server handler 8 on default port 45531" daemon prio=5 tid=1116 timed_waiting
java.lang.Thread.State: TIMED_WAITING
        at sun.misc.Unsafe.park(Native Method)
        at java.util.concurrent.locks.LockSupport.parkNanos(LockSupport.java:215)
        at java.util.concurrent.locks.AbstractQueuedSynchronizer$ConditionObject.awaitNanos(AbstractQueuedSynchronizer.java:2078)
        at java.util.concurrent.LinkedBlockingQueue.poll(LinkedBlockingQueue.java:467)
        at org.apache.hadoop.ipc.CallQueueManager.take(CallQueueManager.java:317)
        at org.apache.hadoop.ipc.Server$Handler.run(Server.java:2942)
"EventQueue-NodeRegistrationContainerReportForDataNodeSafeModeRule" daemon prio=5 tid=1453 in Object.wait()
java.lang.Thread.State: WAITING (on object monitor)
        at sun.misc.Unsafe.park(Native Method)
        at java.util.concurrent.locks.LockSupport.park(LockSupport.java:175)
        at java.util.concurrent.locks.AbstractQueuedSynchronizer$ConditionObject.await(AbstractQueuedSynchronizer.java:2039)
        at java.util.concurrent.LinkedBlockingQueue.take(LinkedBlockingQueue.java:442)
        at java.util.concurrent.ThreadPoolExecutor.getTask(ThreadPoolExecutor.java:1074)
        at java.util.concurrent.ThreadPoolExecutor.runWorker(ThreadPoolExecutor.java:1134)
        at java.util.concurrent.ThreadPoolExecutor$Worker.run(ThreadPoolExecutor.java:624)
        at java.lang.Thread.run(Thread.java:750)
"FixedThreadPoolWithAffinityExecutor-4-0" daemon prio=5 tid=1099 timed_waiting
java.lang.Thread.State: TIMED_WAITING
        at sun.misc.Unsafe.park(Native Method)
        at java.util.concurrent.locks.LockSupport.parkNanos(LockSupport.java:215)
        at java.util.concurrent.locks.AbstractQueuedSynchronizer$ConditionObject.awaitNanos(AbstractQueuedSynchronizer.java:2078)
        at java.util.concurrent.LinkedBlockingQueue.poll(LinkedBlockingQueue.java:467)
        at org.apache.hadoop.hdds.scm.server.ContainerReportQueue.poll(ContainerReportQueue.java:266)
        at org.apache.hadoop.hdds.scm.server.ContainerReportQueue.poll(ContainerReportQueue.java:42)
        at org.apache.hadoop.hdds.server.events.FixedThreadPoolWithAffinityExecutor$ContainerReportProcessTask.run(FixedThreadPoolWithAffinityExecutor.java:218)
        at java.util.concurrent.Executors$RunnableAdapter.call(Executors.java:511)
        at java.util.concurrent.FutureTask.run(FutureTask.java:266)
        at java.util.concurrent.ThreadPoolExecutor.runWorker(ThreadPoolExecutor.java:1149)
        at java.util.concurrent.ThreadPoolExecutor$Worker.run(ThreadPoolExecutor.java:624)
        at java.lang.Thread.run(Thread.java:750)
"Datanode ReportManager Thread - 3" daemon prio=5 tid=1332 in Object.wait()
java.lang.Thread.State: WAITING (on object monitor)
        at sun.misc.Unsafe.park(Native Method)
        at java.util.concurrent.locks.LockSupport.park(LockSupport.java:175)
        at java.util.concurrent.locks.AbstractQueuedSynchronizer$ConditionObject.await(AbstractQueuedSynchronizer.java:2039)
        at java.util.concurrent.ScheduledThreadPoolExecutor$DelayedWorkQueue.take(ScheduledThreadPoolExecutor.java:1088)
        at java.util.concurrent.ScheduledThreadPoolExecutor$DelayedWorkQueue.take(ScheduledThreadPoolExecutor.java:809)
        at java.util.concurrent.ThreadPoolExecutor.getTask(ThreadPoolExecutor.java:1074)
        at java.util.concurrent.ThreadPoolExecutor.runWorker(ThreadPoolExecutor.java:1134)
        at java.util.concurrent.ThreadPoolExecutor$Worker.run(ThreadPoolExecutor.java:624)
        at java.lang.Thread.run(Thread.java:750)
"Datanode ReportManager Thread - 4" daemon prio=5 tid=1385 in Object.wait()
java.lang.Thread.State: WAITING (on object monitor)
        at sun.misc.Unsafe.park(Native Method)
        at java.util.concurrent.locks.LockSupport.park(LockSupport.java:175)
        at java.util.concurrent.locks.AbstractQueuedSynchronizer$ConditionObject.await(AbstractQueuedSynchronizer.java:2039)
        at java.util.concurrent.ScheduledThreadPoolExecutor$DelayedWorkQueue.take(ScheduledThreadPoolExecutor.java:1088)
        at java.util.concurrent.ScheduledThreadPoolExecutor$DelayedWorkQueue.take(ScheduledThreadPoolExecutor.java:809)
        at java.util.concurrent.ThreadPoolExecutor.getTask(ThreadPoolExecutor.java:1074)
        at java.util.concurrent.ThreadPoolExecutor.runWorker(ThreadPoolExecutor.java:1134)
        at java.util.concurrent.ThreadPoolExecutor$Worker.run(ThreadPoolExecutor.java:624)
        at java.lang.Thread.run(Thread.java:750)
"qtp1446747078-1271" daemon prio=5 tid=1271 timed_waiting
java.lang.Thread.State: TIMED_WAITING
        at sun.misc.Unsafe.park(Native Method)
        at java.util.concurrent.locks.LockSupport.parkNanos(LockSupport.java:215)
        at java.util.concurrent.locks.AbstractQueuedSynchronizer$ConditionObject.awaitNanos(AbstractQueuedSynchronizer.java:2078)
        at org.eclipse.jetty.util.BlockingArrayQueue.poll(BlockingArrayQueue.java:382)
        at org.eclipse.jetty.util.thread.QueuedThreadPool$Runner.idleJobPoll(QueuedThreadPool.java:974)
        at org.eclipse.jetty.util.thread.QueuedThreadPool$Runner.run(QueuedThreadPool.java:1018)
        at java.lang.Thread.run(Thread.java:750)
"ChunkWriter-1-0" daemon prio=5 tid=1393 in Object.wait()
java.lang.Thread.State: WAITING (on object monitor)
        at sun.misc.Unsafe.park(Native Method)
        at java.util.concurrent.locks.LockSupport.park(LockSupport.java:175)
        at java.util.concurrent.locks.AbstractQueuedSynchronizer$ConditionObject.await(AbstractQueuedSynchronizer.java:2039)
        at java.util.concurrent.LinkedBlockingDeque.takeFirst(LinkedBlockingDeque.java:492)
        at java.util.concurrent.LinkedBlockingDeque.take(LinkedBlockingDeque.java:680)
        at java.util.concurrent.ThreadPoolExecutor.getTask(ThreadPoolExecutor.java:1074)
        at java.util.concurrent.ThreadPoolExecutor.runWorker(ThreadPoolExecutor.java:1134)
        at java.util.concurrent.ThreadPoolExecutor$Worker.run(ThreadPoolExecutor.java:624)
        at java.lang.Thread.run(Thread.java:750)
"qtp1930618491-1293" daemon prio=5 tid=1293 timed_waiting
java.lang.Thread.State: TIMED_WAITING
        at sun.misc.Unsafe.park(Native Method)
        at java.util.concurrent.locks.LockSupport.parkNanos(LockSupport.java:215)
        at java.util.concurrent.locks.AbstractQueuedSynchronizer$ConditionObject.awaitNanos(AbstractQueuedSynchronizer.java:2078)
        at org.eclipse.jetty.util.BlockingArrayQueue.poll(BlockingArrayQueue.java:382)
        at org.eclipse.jetty.util.thread.QueuedThreadPool$Runner.idleJobPoll(QueuedThreadPool.java:974)
        at org.eclipse.jetty.util.thread.QueuedThreadPool$Runner.run(QueuedThreadPool.java:1018)
        at java.lang.Thread.run(Thread.java:750)
"BlockDeletingService#2" daemon prio=5 tid=1623 in Object.wait()
java.lang.Thread.State: WAITING (on object monitor)
        at sun.misc.Unsafe.park(Native Method)
        at java.util.concurrent.locks.LockSupport.park(LockSupport.java:175)
        at java.util.concurrent.locks.AbstractQueuedSynchronizer$ConditionObject.await(AbstractQueuedSynchronizer.java:2039)
        at java.util.concurrent.ScheduledThreadPoolExecutor$DelayedWorkQueue.take(ScheduledThreadPoolExecutor.java:1088)
        at java.util.concurrent.ScheduledThreadPoolExecutor$DelayedWorkQueue.take(ScheduledThreadPoolExecutor.java:809)
        at java.util.concurrent.ThreadPoolExecutor.getTask(ThreadPoolExecutor.java:1074)
        at java.util.concurrent.ThreadPoolExecutor.runWorker(ThreadPoolExecutor.java:1134)
        at java.util.concurrent.ThreadPoolExecutor$Worker.run(ThreadPoolExecutor.java:624)
        at java.lang.Thread.run(Thread.java:750)
"ChunkWriter-2-0" daemon prio=5 tid=1442 in Object.wait()
java.lang.Thread.State: WAITING (on object monitor)
        at sun.misc.Unsafe.park(Native Method)
        at java.util.concurrent.locks.LockSupport.park(LockSupport.java:175)
        at java.util.concurrent.locks.AbstractQueuedSynchronizer$ConditionObject.await(AbstractQueuedSynchronizer.java:2039)
        at java.util.concurrent.LinkedBlockingDeque.takeFirst(LinkedBlockingDeque.java:492)
        at java.util.concurrent.LinkedBlockingDeque.take(LinkedBlockingDeque.java:680)
        at java.util.concurrent.ThreadPoolExecutor.getTask(ThreadPoolExecutor.java:1074)
        at java.util.concurrent.ThreadPoolExecutor.runWorker(ThreadPoolExecutor.java:1134)
        at java.util.concurrent.ThreadPoolExecutor$Worker.run(ThreadPoolExecutor.java:624)
        at java.lang.Thread.run(Thread.java:750)
"pool-529-thread-1"  prio=5 tid=1185 in Object.wait()
java.lang.Thread.State: WAITING (on object monitor)
        at sun.misc.Unsafe.park(Native Method)
        at java.util.concurrent.locks.LockSupport.park(LockSupport.java:175)
        at java.util.concurrent.locks.AbstractQueuedSynchronizer$ConditionObject.await(AbstractQueuedSynchronizer.java:2039)
        at java.util.concurrent.LinkedBlockingQueue.take(LinkedBlockingQueue.java:442)
        at java.util.concurrent.ThreadPoolExecutor.getTask(ThreadPoolExecutor.java:1074)
        at java.util.concurrent.ThreadPoolExecutor.runWorker(ThreadPoolExecutor.java:1134)
        at java.util.concurrent.ThreadPoolExecutor$Worker.run(ThreadPoolExecutor.java:624)
        at java.lang.Thread.run(Thread.java:750)
"69ebc52a-668b-4a1b-b1c8-adfe2408a111-server-thread1" daemon prio=5 tid=1606 timed_waiting
java.lang.Thread.State: TIMED_WAITING
        at sun.misc.Unsafe.park(Native Method)
        at java.util.concurrent.locks.LockSupport.parkNanos(LockSupport.java:215)
        at java.util.concurrent.SynchronousQueue$TransferStack.awaitFulfill(SynchronousQueue.java:460)
        at java.util.concurrent.SynchronousQueue$TransferStack.transfer(SynchronousQueue.java:362)
        at java.util.concurrent.SynchronousQueue.poll(SynchronousQueue.java:941)
        at java.util.concurrent.ThreadPoolExecutor.getTask(ThreadPoolExecutor.java:1073)
        at java.util.concurrent.ThreadPoolExecutor.runWorker(ThreadPoolExecutor.java:1134)
        at java.util.concurrent.ThreadPoolExecutor$Worker.run(ThreadPoolExecutor.java:624)
        at java.lang.Thread.run(Thread.java:750)
"EventQueue-PipelineReportForOneReplicaPipelineSafeModeRule" daemon prio=5 tid=1455 in Object.wait()
java.lang.Thread.State: WAITING (on object monitor)
        at sun.misc.Unsafe.park(Native Method)
        at java.util.concurrent.locks.LockSupport.park(LockSupport.java:175)
        at java.util.concurrent.locks.AbstractQueuedSynchronizer$ConditionObject.await(AbstractQueuedSynchronizer.java:2039)
        at java.util.concurrent.LinkedBlockingQueue.take(LinkedBlockingQueue.java:442)
        at java.util.concurrent.ThreadPoolExecutor.getTask(ThreadPoolExecutor.java:1074)
        at java.util.concurrent.ThreadPoolExecutor.runWorker(ThreadPoolExecutor.java:1134)
        at java.util.concurrent.ThreadPoolExecutor$Worker.run(ThreadPoolExecutor.java:624)
        at java.lang.Thread.run(Thread.java:750)
"Datanode ReportManager Thread - 1" daemon prio=5 tid=1330 in Object.wait()
java.lang.Thread.State: WAITING (on object monitor)
        at sun.misc.Unsafe.park(Native Method)
        at java.util.concurrent.locks.LockSupport.park(LockSupport.java:175)
        at java.util.concurrent.locks.AbstractQueuedSynchronizer$ConditionObject.await(AbstractQueuedSynchronizer.java:2039)
        at java.util.concurrent.ScheduledThreadPoolExecutor$DelayedWorkQueue.take(ScheduledThreadPoolExecutor.java:1088)
        at java.util.concurrent.ScheduledThreadPoolExecutor$DelayedWorkQueue.take(ScheduledThreadPoolExecutor.java:809)
        at java.util.concurrent.ThreadPoolExecutor.getTask(ThreadPoolExecutor.java:1074)
        at java.util.concurrent.ThreadPoolExecutor.runWorker(ThreadPoolExecutor.java:1134)
        at java.util.concurrent.ThreadPoolExecutor$Worker.run(ThreadPoolExecutor.java:624)
        at java.lang.Thread.run(Thread.java:750)
"SCMBlockDeletingService#0" daemon prio=5 tid=1168 timed_waiting
java.lang.Thread.State: TIMED_WAITING
        at sun.misc.Unsafe.park(Native Method)
        at java.util.concurrent.locks.LockSupport.parkNanos(LockSupport.java:215)
        at java.util.concurrent.locks.AbstractQueuedSynchronizer$ConditionObject.awaitNanos(AbstractQueuedSynchronizer.java:2078)
        at java.util.concurrent.ScheduledThreadPoolExecutor$DelayedWorkQueue.take(ScheduledThreadPoolExecutor.java:1093)
        at java.util.concurrent.ScheduledThreadPoolExecutor$DelayedWorkQueue.take(ScheduledThreadPoolExecutor.java:809)
        at java.util.concurrent.ThreadPoolExecutor.getTask(ThreadPoolExecutor.java:1074)
        at java.util.concurrent.ThreadPoolExecutor.runWorker(ThreadPoolExecutor.java:1134)
        at java.util.concurrent.ThreadPoolExecutor$Worker.run(ThreadPoolExecutor.java:624)
        at java.lang.Thread.run(Thread.java:750)
"Datanode ReportManager Thread - 0" daemon prio=5 tid=1355 in Object.wait()
java.lang.Thread.State: WAITING (on object monitor)
        at sun.misc.Unsafe.park(Native Method)
        at java.util.concurrent.locks.LockSupport.park(LockSupport.java:175)
        at java.util.concurrent.locks.AbstractQueuedSynchronizer$ConditionObject.await(AbstractQueuedSynchronizer.java:2039)
        at java.util.concurrent.ScheduledThreadPoolExecutor$DelayedWorkQueue.take(ScheduledThreadPoolExecutor.java:1088)
        at java.util.concurrent.ScheduledThreadPoolExecutor$DelayedWorkQueue.take(ScheduledThreadPoolExecutor.java:809)
        at java.util.concurrent.ThreadPoolExecutor.getTask(ThreadPoolExecutor.java:1074)
        at java.util.concurrent.ThreadPoolExecutor.runWorker(ThreadPoolExecutor.java:1134)
        at java.util.concurrent.ThreadPoolExecutor$Worker.run(ThreadPoolExecutor.java:624)
        at java.lang.Thread.run(Thread.java:750)
"Datanode ReportManager Thread - 2" daemon prio=5 tid=1357 in Object.wait()
java.lang.Thread.State: WAITING (on object monitor)
        at sun.misc.Unsafe.park(Native Method)
        at java.util.concurrent.locks.LockSupport.park(LockSupport.java:175)
        at java.util.concurrent.locks.AbstractQueuedSynchronizer$ConditionObject.await(AbstractQueuedSynchronizer.java:2039)
        at java.util.concurrent.ScheduledThreadPoolExecutor$DelayedWorkQueue.take(ScheduledThreadPoolExecutor.java:1088)
        at java.util.concurrent.ScheduledThreadPoolExecutor$DelayedWorkQueue.take(ScheduledThreadPoolExecutor.java:809)
        at java.util.concurrent.ThreadPoolExecutor.getTask(ThreadPoolExecutor.java:1074)
        at java.util.concurrent.ThreadPoolExecutor.runWorker(ThreadPoolExecutor.java:1134)
        at java.util.concurrent.ThreadPoolExecutor$Worker.run(ThreadPoolExecutor.java:624)
        at java.lang.Thread.run(Thread.java:750)
"om1@group-C5BA1605619E-StateMachineUpdater" daemon prio=5 tid=1194 timed_waiting
java.lang.Thread.State: TIMED_WAITING
        at sun.misc.Unsafe.park(Native Method)
        at java.util.concurrent.locks.LockSupport.parkNanos(LockSupport.java:215)
        at java.util.concurrent.CompletableFuture$Signaller.block(CompletableFuture.java:1709)
        at java.util.concurrent.ForkJoinPool.managedBlock(ForkJoinPool.java:3323)
        at java.util.concurrent.CompletableFuture.timedGet(CompletableFuture.java:1788)
        at java.util.concurrent.CompletableFuture.get(CompletableFuture.java:1928)
        at org.apache.ratis.util.AwaitForSignal.await(AwaitForSignal.java:56)
        at org.apache.ratis.server.impl.StateMachineUpdater.waitForCommit(StateMachineUpdater.java:207)
        at org.apache.ratis.server.impl.StateMachineUpdater.run(StateMachineUpdater.java:176)
        at java.lang.Thread.run(Thread.java:750)
"ChunkWriter-3-0" daemon prio=5 tid=1395 in Object.wait()
java.lang.Thread.State: WAITING (on object monitor)
        at sun.misc.Unsafe.park(Native Method)
        at java.util.concurrent.locks.LockSupport.park(LockSupport.java:175)
        at java.util.concurrent.locks.AbstractQueuedSynchronizer$ConditionObject.await(AbstractQueuedSynchronizer.java:2039)
        at java.util.concurrent.LinkedBlockingDeque.takeFirst(LinkedBlockingDeque.java:492)
        at java.util.concurrent.LinkedBlockingDeque.take(LinkedBlockingDeque.java:680)
        at java.util.concurrent.ThreadPoolExecutor.getTask(ThreadPoolExecutor.java:1074)
        at java.util.concurrent.ThreadPoolExecutor.runWorker(ThreadPoolExecutor.java:1134)
        at java.util.concurrent.ThreadPoolExecutor$Worker.run(ThreadPoolExecutor.java:624)
        at java.lang.Thread.run(Thread.java:750)
"Session-HouseKeeper-2f739d9a-1"  prio=5 tid=1247 timed_waiting
java.lang.Thread.State: TIMED_WAITING
        at sun.misc.Unsafe.park(Native Method)
        at java.util.concurrent.locks.LockSupport.parkNanos(LockSupport.java:215)
        at java.util.concurrent.locks.AbstractQueuedSynchronizer$ConditionObject.awaitNanos(AbstractQueuedSynchronizer.java:2078)
        at java.util.concurrent.ScheduledThreadPoolExecutor$DelayedWorkQueue.take(ScheduledThreadPoolExecutor.java:1093)
        at java.util.concurrent.ScheduledThreadPoolExecutor$DelayedWorkQueue.take(ScheduledThreadPoolExecutor.java:809)
        at java.util.concurrent.ThreadPoolExecutor.getTask(ThreadPoolExecutor.java:1074)
        at java.util.concurrent.ThreadPoolExecutor.runWorker(ThreadPoolExecutor.java:1134)
        at java.util.concurrent.ThreadPoolExecutor$Worker.run(ThreadPoolExecutor.java:624)
        at java.lang.Thread.run(Thread.java:750)
"org.apache.hadoop.util.JvmPauseMonitor$Monitor@30a25fbe" daemon prio=5 tid=1255 timed_waiting
java.lang.Thread.State: TIMED_WAITING
        at java.lang.Thread.sleep(Native Method)
        at org.apache.hadoop.util.JvmPauseMonitor$Monitor.run(JvmPauseMonitor.java:192)
        at java.lang.Thread.run(Thread.java:750)
"StaleRecoveringContainerScrubbingService#2" daemon prio=5 tid=1624 in Object.wait()
java.lang.Thread.State: WAITING (on object monitor)
        at sun.misc.Unsafe.park(Native Method)
        at java.util.concurrent.locks.LockSupport.park(LockSupport.java:175)
        at java.util.concurrent.locks.AbstractQueuedSynchronizer$ConditionObject.await(AbstractQueuedSynchronizer.java:2039)
        at java.util.concurrent.ScheduledThreadPoolExecutor$DelayedWorkQueue.take(ScheduledThreadPoolExecutor.java:1088)
        at java.util.concurrent.ScheduledThreadPoolExecutor$DelayedWorkQueue.take(ScheduledThreadPoolExecutor.java:809)
        at java.util.concurrent.ThreadPoolExecutor.getTask(ThreadPoolExecutor.java:1074)
        at java.util.concurrent.ThreadPoolExecutor.runWorker(ThreadPoolExecutor.java:1134)
        at java.util.concurrent.ThreadPoolExecutor$Worker.run(ThreadPoolExecutor.java:624)
        at java.lang.Thread.run(Thread.java:750)
"PartialTableCache Cleanup Thread - 0" daemon prio=5 tid=1612 in Object.wait()
java.lang.Thread.State: WAITING (on object monitor)
        at sun.misc.Unsafe.park(Native Method)
        at java.util.concurrent.locks.LockSupport.park(LockSupport.java:175)
        at java.util.concurrent.locks.AbstractQueuedSynchronizer$ConditionObject.await(AbstractQueuedSynchronizer.java:2039)
        at java.util.concurrent.LinkedBlockingQueue.take(LinkedBlockingQueue.java:442)
        at java.util.concurrent.ThreadPoolExecutor.getTask(ThreadPoolExecutor.java:1074)
        at java.util.concurrent.ThreadPoolExecutor.runWorker(ThreadPoolExecutor.java:1134)
        at java.util.concurrent.ThreadPoolExecutor$Worker.run(ThreadPoolExecutor.java:624)
        at java.lang.Thread.run(Thread.java:750)
"Datanode State Machine Daemon Thread" daemon prio=5 tid=1354 timed_waiting
java.lang.Thread.State: TIMED_WAITING
        at java.lang.Thread.sleep(Native Method)
        at org.apache.hadoop.ozone.container.common.statemachine.DatanodeStateMachine.startStateMachineThread(DatanodeStateMachine.java:321)
        at org.apache.hadoop.ozone.container.common.statemachine.DatanodeStateMachine.lambda$startDaemon$0(DatanodeStateMachine.java:506)
        at org.apache.hadoop.ozone.container.common.statemachine.DatanodeStateMachine$$Lambda$815/9941880.run(Unknown Source)
        at java.lang.Thread.run(Thread.java:750)
"Datanode ReportManager Thread - 2" daemon prio=5 tid=1331 in Object.wait()
java.lang.Thread.State: WAITING (on object monitor)
        at sun.misc.Unsafe.park(Native Method)
        at java.util.concurrent.locks.LockSupport.park(LockSupport.java:175)
        at java.util.concurrent.locks.AbstractQueuedSynchronizer$ConditionObject.await(AbstractQueuedSynchronizer.java:2039)
        at java.util.concurrent.ScheduledThreadPoolExecutor$DelayedWorkQueue.take(ScheduledThreadPoolExecutor.java:1088)
        at java.util.concurrent.ScheduledThreadPoolExecutor$DelayedWorkQueue.take(ScheduledThreadPoolExecutor.java:809)
        at java.util.concurrent.ThreadPoolExecutor.getTask(ThreadPoolExecutor.java:1074)
        at java.util.concurrent.ThreadPoolExecutor.runWorker(ThreadPoolExecutor.java:1134)
        at java.util.concurrent.ThreadPoolExecutor$Worker.run(ThreadPoolExecutor.java:624)
        at java.lang.Thread.run(Thread.java:750)
"pool-532-thread-1"  prio=5 tid=1200 timed_waiting
java.lang.Thread.State: TIMED_WAITING
        at sun.misc.Unsafe.park(Native Method)
        at java.util.concurrent.locks.LockSupport.parkNanos(LockSupport.java:215)
        at java.util.concurrent.locks.AbstractQueuedSynchronizer$ConditionObject.awaitNanos(AbstractQueuedSynchronizer.java:2078)
        at java.util.concurrent.ScheduledThreadPoolExecutor$DelayedWorkQueue.take(ScheduledThreadPoolExecutor.java:1093)
        at java.util.concurrent.ScheduledThreadPoolExecutor$DelayedWorkQueue.take(ScheduledThreadPoolExecutor.java:809)
        at java.util.concurrent.ThreadPoolExecutor.getTask(ThreadPoolExecutor.java:1074)
        at java.util.concurrent.ThreadPoolExecutor.runWorker(ThreadPoolExecutor.java:1134)
        at java.util.concurrent.ThreadPoolExecutor$Worker.run(ThreadPoolExecutor.java:624)
        at java.lang.Thread.run(Thread.java:750)
"IPC Server handler 8 on default port 46561" daemon prio=5 tid=1218 timed_waiting
java.lang.Thread.State: TIMED_WAITING
        at sun.misc.Unsafe.park(Native Method)
        at java.util.concurrent.locks.LockSupport.parkNanos(LockSupport.java:215)
        at java.util.concurrent.locks.AbstractQueuedSynchronizer$ConditionObject.awaitNanos(AbstractQueuedSynchronizer.java:2078)
        at java.util.concurrent.LinkedBlockingQueue.poll(LinkedBlockingQueue.java:467)
        at org.apache.hadoop.ipc.CallQueueManager.take(CallQueueManager.java:317)
        at org.apache.hadoop.ipc.Server$Handler.run(Server.java:2942)
"ChunkWriter-1-0" daemon prio=5 tid=1417 in Object.wait()
java.lang.Thread.State: WAITING (on object monitor)
        at sun.misc.Unsafe.park(Native Method)
        at java.util.concurrent.locks.LockSupport.park(LockSupport.java:175)
        at java.util.concurrent.locks.AbstractQueuedSynchronizer$ConditionObject.await(AbstractQueuedSynchronizer.java:2039)
        at java.util.concurrent.LinkedBlockingDeque.takeFirst(LinkedBlockingDeque.java:492)
        at java.util.concurrent.LinkedBlockingDeque.take(LinkedBlockingDeque.java:680)
        at java.util.concurrent.ThreadPoolExecutor.getTask(ThreadPoolExecutor.java:1074)
        at java.util.concurrent.ThreadPoolExecutor.runWorker(ThreadPoolExecutor.java:1134)
        at java.util.concurrent.ThreadPoolExecutor$Worker.run(ThreadPoolExecutor.java:624)
        at java.lang.Thread.run(Thread.java:750)
"JvmPauseMonitor11" daemon prio=5 tid=1195 timed_waiting
java.lang.Thread.State: TIMED_WAITING
        at java.lang.Thread.sleep(Native Method)
        at java.lang.Thread.sleep(Thread.java:342)
        at java.util.concurrent.TimeUnit.sleep(TimeUnit.java:386)
        at org.apache.ratis.util.TimeDuration.sleep(TimeDuration.java:325)
        at org.apache.ratis.util.TimeDuration.sleep(TimeDuration.java:310)
        at org.apache.ratis.util.JvmPauseMonitor.detectPause(JvmPauseMonitor.java:119)
        at org.apache.ratis.util.JvmPauseMonitor.run(JvmPauseMonitor.java:108)
        at org.apache.ratis.util.JvmPauseMonitor$$Lambda$730/1688410242.run(Unknown Source)
        at java.lang.Thread.run(Thread.java:750)
"Datanode ReportManager Thread - 0" daemon prio=5 tid=1249 in Object.wait()
java.lang.Thread.State: WAITING (on object monitor)
        at sun.misc.Unsafe.park(Native Method)
        at java.util.concurrent.locks.LockSupport.park(LockSupport.java:175)
        at java.util.concurrent.locks.AbstractQueuedSynchronizer$ConditionObject.await(AbstractQueuedSynchronizer.java:2039)
        at java.util.concurrent.ScheduledThreadPoolExecutor$DelayedWorkQueue.take(ScheduledThreadPoolExecutor.java:1088)
        at java.util.concurrent.ScheduledThreadPoolExecutor$DelayedWorkQueue.take(ScheduledThreadPoolExecutor.java:809)
        at java.util.concurrent.ThreadPoolExecutor.getTask(ThreadPoolExecutor.java:1074)
        at java.util.concurrent.ThreadPoolExecutor.runWorker(ThreadPoolExecutor.java:1134)
        at java.util.concurrent.ThreadPoolExecutor$Worker.run(ThreadPoolExecutor.java:624)
        at java.lang.Thread.run(Thread.java:750)
"IPC Server handler 5 on default port 45531" daemon prio=5 tid=1113 timed_waiting
java.lang.Thread.State: TIMED_WAITING
        at sun.misc.Unsafe.park(Native Method)
        at java.util.concurrent.locks.LockSupport.parkNanos(LockSupport.java:215)
        at java.util.concurrent.locks.AbstractQueuedSynchronizer$ConditionObject.awaitNanos(AbstractQueuedSynchronizer.java:2078)
        at java.util.concurrent.LinkedBlockingQueue.poll(LinkedBlockingQueue.java:467)
        at org.apache.hadoop.ipc.CallQueueManager.take(CallQueueManager.java:317)
        at org.apache.hadoop.ipc.Server$Handler.run(Server.java:2942)
"qtp1446747078-1267-acceptor-0@28eda80d-ServerConnector@74b39466{HTTP/1.1, (http/1.1)}{0.0.0.0:42257}" daemon prio=3 tid=1267 runnable
java.lang.Thread.State: RUNNABLE
        at sun.nio.ch.ServerSocketChannelImpl.accept0(Native Method)
        at sun.nio.ch.ServerSocketChannelImpl.accept(ServerSocketChannelImpl.java:421)
        at sun.nio.ch.ServerSocketChannelImpl.accept(ServerSocketChannelImpl.java:249)
        at org.eclipse.jetty.server.ServerConnector.accept(ServerConnector.java:388)
        at org.eclipse.jetty.server.AbstractConnector$Acceptor.run(AbstractConnector.java:704)
        at org.eclipse.jetty.util.thread.QueuedThreadPool.runJob(QueuedThreadPool.java:883)
        at org.eclipse.jetty.util.thread.QueuedThreadPool$Runner.run(QueuedThreadPool.java:1034)
        at java.lang.Thread.run(Thread.java:750)
"IPC Server handler 17 on default port 45531" daemon prio=5 tid=1125 timed_waiting
java.lang.Thread.State: TIMED_WAITING
        at sun.misc.Unsafe.park(Native Method)
        at java.util.concurrent.locks.LockSupport.parkNanos(LockSupport.java:215)
        at java.util.concurrent.locks.AbstractQueuedSynchronizer$ConditionObject.awaitNanos(AbstractQueuedSynchronizer.java:2078)
        at java.util.concurrent.LinkedBlockingQueue.poll(LinkedBlockingQueue.java:467)
        at org.apache.hadoop.ipc.CallQueueManager.take(CallQueueManager.java:317)
        at org.apache.hadoop.ipc.Server$Handler.run(Server.java:2942)
"9f6d9e32-b5ab-49ef-be08-a692056fb1f3@group-7E018C2E2285-StateMachineUpdater" daemon prio=5 tid=1487 timed_waiting
java.lang.Thread.State: TIMED_WAITING
        at sun.misc.Unsafe.park(Native Method)
        at java.util.concurrent.locks.LockSupport.parkNanos(LockSupport.java:215)
        at java.util.concurrent.CompletableFuture$Signaller.block(CompletableFuture.java:1709)
        at java.util.concurrent.ForkJoinPool.managedBlock(ForkJoinPool.java:3323)
        at java.util.concurrent.CompletableFuture.timedGet(CompletableFuture.java:1788)
        at java.util.concurrent.CompletableFuture.get(CompletableFuture.java:1928)
        at org.apache.ratis.util.AwaitForSignal.await(AwaitForSignal.java:56)
        at org.apache.ratis.server.impl.StateMachineUpdater.waitForCommit(StateMachineUpdater.java:207)
        at org.apache.ratis.server.impl.StateMachineUpdater.run(StateMachineUpdater.java:176)
        at java.lang.Thread.run(Thread.java:750)
"pool-613-thread-1"  prio=5 tid=1496 in Object.wait()
java.lang.Thread.State: WAITING (on object monitor)
        at sun.misc.Unsafe.park(Native Method)
        at java.util.concurrent.locks.LockSupport.park(LockSupport.java:175)
        at java.util.concurrent.locks.AbstractQueuedSynchronizer$ConditionObject.await(AbstractQueuedSynchronizer.java:2039)
        at java.util.concurrent.LinkedBlockingQueue.take(LinkedBlockingQueue.java:442)
        at java.util.concurrent.ThreadPoolExecutor.getTask(ThreadPoolExecutor.java:1074)
        at java.util.concurrent.ThreadPoolExecutor.runWorker(ThreadPoolExecutor.java:1134)
        at java.util.concurrent.ThreadPoolExecutor$Worker.run(ThreadPoolExecutor.java:624)
        at java.lang.Thread.run(Thread.java:750)
"IPC Server handler 6 on default port 46561" daemon prio=5 tid=1216 timed_waiting
java.lang.Thread.State: TIMED_WAITING
        at sun.misc.Unsafe.park(Native Method)
        at java.util.concurrent.locks.LockSupport.parkNanos(LockSupport.java:215)
        at java.util.concurrent.locks.AbstractQueuedSynchronizer$ConditionObject.awaitNanos(AbstractQueuedSynchronizer.java:2078)
        at java.util.concurrent.LinkedBlockingQueue.poll(LinkedBlockingQueue.java:467)
        at org.apache.hadoop.ipc.CallQueueManager.take(CallQueueManager.java:317)
        at org.apache.hadoop.ipc.Server$Handler.run(Server.java:2942)
"grpc-default-executor-3" daemon prio=5 tid=1557 timed_waiting
java.lang.Thread.State: TIMED_WAITING
        at sun.misc.Unsafe.park(Native Method)
        at java.util.concurrent.locks.LockSupport.parkNanos(LockSupport.java:215)
        at java.util.concurrent.SynchronousQueue$TransferStack.awaitFulfill(SynchronousQueue.java:460)
        at java.util.concurrent.SynchronousQueue$TransferStack.transfer(SynchronousQueue.java:362)
        at java.util.concurrent.SynchronousQueue.poll(SynchronousQueue.java:941)
        at java.util.concurrent.ThreadPoolExecutor.getTask(ThreadPoolExecutor.java:1073)
        at java.util.concurrent.ThreadPoolExecutor.runWorker(ThreadPoolExecutor.java:1134)
        at java.util.concurrent.ThreadPoolExecutor$Worker.run(ThreadPoolExecutor.java:624)
        at java.lang.Thread.run(Thread.java:750)
"ChunkWriter-0-0" daemon prio=5 tid=1392 in Object.wait()
java.lang.Thread.State: WAITING (on object monitor)
        at sun.misc.Unsafe.park(Native Method)
        at java.util.concurrent.locks.LockSupport.park(LockSupport.java:175)
        at java.util.concurrent.locks.AbstractQueuedSynchronizer$ConditionObject.await(AbstractQueuedSynchronizer.java:2039)
        at java.util.concurrent.LinkedBlockingDeque.takeFirst(LinkedBlockingDeque.java:492)
        at java.util.concurrent.LinkedBlockingDeque.take(LinkedBlockingDeque.java:680)
        at java.util.concurrent.ThreadPoolExecutor.getTask(ThreadPoolExecutor.java:1074)
        at java.util.concurrent.ThreadPoolExecutor.runWorker(ThreadPoolExecutor.java:1134)
        at java.util.concurrent.ThreadPoolExecutor$Worker.run(ThreadPoolExecutor.java:624)
        at java.lang.Thread.run(Thread.java:750)
"BlockDeletingService#1" daemon prio=5 tid=1448 timed_waiting
java.lang.Thread.State: TIMED_WAITING
        at sun.misc.Unsafe.park(Native Method)
        at java.util.concurrent.locks.LockSupport.parkNanos(LockSupport.java:215)
        at java.util.concurrent.locks.AbstractQueuedSynchronizer$ConditionObject.awaitNanos(AbstractQueuedSynchronizer.java:2078)
        at java.util.concurrent.ScheduledThreadPoolExecutor$DelayedWorkQueue.take(ScheduledThreadPoolExecutor.java:1093)
        at java.util.concurrent.ScheduledThreadPoolExecutor$DelayedWorkQueue.take(ScheduledThreadPoolExecutor.java:809)
        at java.util.concurrent.ThreadPoolExecutor.getTask(ThreadPoolExecutor.java:1074)
        at java.util.concurrent.ThreadPoolExecutor.runWorker(ThreadPoolExecutor.java:1134)
        at java.util.concurrent.ThreadPoolExecutor$Worker.run(ThreadPoolExecutor.java:624)
        at java.lang.Thread.run(Thread.java:750)
"qtp1943963437-1322" daemon prio=5 tid=1322 timed_waiting
java.lang.Thread.State: TIMED_WAITING
        at sun.misc.Unsafe.park(Native Method)
        at java.util.concurrent.locks.LockSupport.parkNanos(LockSupport.java:215)
        at java.util.concurrent.locks.AbstractQueuedSynchronizer$ConditionObject.awaitNanos(AbstractQueuedSynchronizer.java:2078)
        at org.eclipse.jetty.util.BlockingArrayQueue.poll(BlockingArrayQueue.java:382)
        at org.eclipse.jetty.util.thread.QueuedThreadPool$Runner.idleJobPoll(QueuedThreadPool.java:974)
        at org.eclipse.jetty.util.thread.QueuedThreadPool$Runner.run(QueuedThreadPool.java:1018)
        at java.lang.Thread.run(Thread.java:750)
"pool-462-thread-1"  prio=5 tid=1052 in Object.wait()
java.lang.Thread.State: WAITING (on object monitor)
        at sun.misc.Unsafe.park(Native Method)
        at java.util.concurrent.locks.LockSupport.park(LockSupport.java:175)
        at java.util.concurrent.locks.AbstractQueuedSynchronizer$ConditionObject.await(AbstractQueuedSynchronizer.java:2039)
        at java.util.concurrent.LinkedBlockingQueue.take(LinkedBlockingQueue.java:442)
        at java.util.concurrent.ThreadPoolExecutor.getTask(ThreadPoolExecutor.java:1074)
        at java.util.concurrent.ThreadPoolExecutor.runWorker(ThreadPoolExecutor.java:1134)
        at java.util.concurrent.ThreadPoolExecutor$Worker.run(ThreadPoolExecutor.java:624)
        at java.lang.Thread.run(Thread.java:750)
"org.apache.hadoop.util.JvmPauseMonitor$Monitor@40ec8507" daemon prio=5 tid=1361 timed_waiting
java.lang.Thread.State: TIMED_WAITING
        at java.lang.Thread.sleep(Native Method)
        at org.apache.hadoop.util.JvmPauseMonitor$Monitor.run(JvmPauseMonitor.java:192)
        at java.lang.Thread.run(Thread.java:750)
"Periodic HDDS volume checker" daemon prio=5 tid=1364 timed_waiting
java.lang.Thread.State: TIMED_WAITING
        at sun.misc.Unsafe.park(Native Method)
        at java.util.concurrent.locks.LockSupport.parkNanos(LockSupport.java:215)
        at java.util.concurrent.locks.AbstractQueuedSynchronizer$ConditionObject.awaitNanos(AbstractQueuedSynchronizer.java:2078)
        at java.util.concurrent.ScheduledThreadPoolExecutor$DelayedWorkQueue.take(ScheduledThreadPoolExecutor.java:1093)
        at java.util.concurrent.ScheduledThreadPoolExecutor$DelayedWorkQueue.take(ScheduledThreadPoolExecutor.java:809)
        at java.util.concurrent.ThreadPoolExecutor.getTask(ThreadPoolExecutor.java:1074)
        at java.util.concurrent.ThreadPoolExecutor.runWorker(ThreadPoolExecutor.java:1134)
        at java.util.concurrent.ThreadPoolExecutor$Worker.run(ThreadPoolExecutor.java:624)
        at java.lang.Thread.run(Thread.java:750)
"qtp1943963437-1324" daemon prio=5 tid=1324 timed_waiting
java.lang.Thread.State: TIMED_WAITING
        at sun.misc.Unsafe.park(Native Method)
        at java.util.concurrent.locks.LockSupport.parkNanos(LockSupport.java:215)
        at java.util.concurrent.locks.AbstractQueuedSynchronizer$ConditionObject.awaitNanos(AbstractQueuedSynchronizer.java:2078)
        at org.eclipse.jetty.util.BlockingArrayQueue.poll(BlockingArrayQueue.java:382)
        at org.eclipse.jetty.util.thread.QueuedThreadPool$Runner.idleJobPoll(QueuedThreadPool.java:974)
        at org.eclipse.jetty.util.thread.QueuedThreadPool$Runner.run(QueuedThreadPool.java:1018)
        at java.lang.Thread.run(Thread.java:750)
"86012a26-2f7a-42b0-9674-f0c6f2d36cf9-server-thread2" daemon prio=5 tid=1607 timed_waiting
java.lang.Thread.State: TIMED_WAITING
        at sun.misc.Unsafe.park(Native Method)
        at java.util.concurrent.locks.LockSupport.parkNanos(LockSupport.java:215)
        at java.util.concurrent.SynchronousQueue$TransferStack.awaitFulfill(SynchronousQueue.java:460)
        at java.util.concurrent.SynchronousQueue$TransferStack.transfer(SynchronousQueue.java:362)
        at java.util.concurrent.SynchronousQueue.poll(SynchronousQueue.java:941)
        at java.util.concurrent.ThreadPoolExecutor.getTask(ThreadPoolExecutor.java:1073)
        at java.util.concurrent.ThreadPoolExecutor.runWorker(ThreadPoolExecutor.java:1134)
        at java.util.concurrent.ThreadPoolExecutor$Worker.run(ThreadPoolExecutor.java:624)
        at java.lang.Thread.run(Thread.java:750)
"StaleRecoveringContainerScrubbingService#1" daemon prio=5 tid=1466 timed_waiting
java.lang.Thread.State: TIMED_WAITING
        at sun.misc.Unsafe.park(Native Method)
        at java.util.concurrent.locks.LockSupport.parkNanos(LockSupport.java:215)
        at java.util.concurrent.locks.AbstractQueuedSynchronizer$ConditionObject.awaitNanos(AbstractQueuedSynchronizer.java:2078)
        at java.util.concurrent.ScheduledThreadPoolExecutor$DelayedWorkQueue.take(ScheduledThreadPoolExecutor.java:1093)
        at java.util.concurrent.ScheduledThreadPoolExecutor$DelayedWorkQueue.take(ScheduledThreadPoolExecutor.java:809)
        at java.util.concurrent.ThreadPoolExecutor.getTask(ThreadPoolExecutor.java:1074)
        at java.util.concurrent.ThreadPoolExecutor.runWorker(ThreadPoolExecutor.java:1134)
        at java.util.concurrent.ThreadPoolExecutor$Worker.run(ThreadPoolExecutor.java:624)
        at java.lang.Thread.run(Thread.java:750)
"IPC Server handler 10 on default port 35447" daemon prio=5 tid=1158 timed_waiting
java.lang.Thread.State: TIMED_WAITING
        at sun.misc.Unsafe.park(Native Method)
        at java.util.concurrent.locks.LockSupport.parkNanos(LockSupport.java:215)
        at java.util.concurrent.locks.AbstractQueuedSynchronizer$ConditionObject.awaitNanos(AbstractQueuedSynchronizer.java:2078)
        at java.util.concurrent.LinkedBlockingQueue.poll(LinkedBlockingQueue.java:467)
        at org.apache.hadoop.ipc.CallQueueManager.take(CallQueueManager.java:317)
        at org.apache.hadoop.ipc.Server$Handler.run(Server.java:2942)
"86012a26-2f7a-42b0-9674-f0c6f2d36cf9@group-7E018C2E2285-FollowerState" daemon prio=5 tid=1600 timed_waiting
java.lang.Thread.State: TIMED_WAITING
        at java.lang.Thread.sleep(Native Method)
        at java.lang.Thread.sleep(Thread.java:342)
        at java.util.concurrent.TimeUnit.sleep(TimeUnit.java:386)
        at org.apache.ratis.util.TimeDuration.sleep(TimeDuration.java:325)
        at org.apache.ratis.util.TimeDuration.sleep(TimeDuration.java:310)
        at org.apache.ratis.server.impl.FollowerState.run(FollowerState.java:128)
"IPC Server handler 9 on default port 45531" daemon prio=5 tid=1117 timed_waiting
java.lang.Thread.State: TIMED_WAITING
        at sun.misc.Unsafe.park(Native Method)
        at java.util.concurrent.locks.LockSupport.parkNanos(LockSupport.java:215)
        at java.util.concurrent.locks.AbstractQueuedSynchronizer$ConditionObject.awaitNanos(AbstractQueuedSynchronizer.java:2078)
        at java.util.concurrent.LinkedBlockingQueue.poll(LinkedBlockingQueue.java:467)
        at org.apache.hadoop.ipc.CallQueueManager.take(CallQueueManager.java:317)
        at org.apache.hadoop.ipc.Server$Handler.run(Server.java:2942)
"qtp904521933-1377" daemon prio=5 tid=1377 timed_waiting
java.lang.Thread.State: TIMED_WAITING
        at sun.misc.Unsafe.park(Native Method)
        at java.util.concurrent.locks.LockSupport.parkNanos(LockSupport.java:215)
        at java.util.concurrent.locks.AbstractQueuedSynchronizer$ConditionObject.awaitNanos(AbstractQueuedSynchronizer.java:2078)
        at org.eclipse.jetty.util.BlockingArrayQueue.poll(BlockingArrayQueue.java:382)
        at org.eclipse.jetty.util.thread.QueuedThreadPool$Runner.idleJobPoll(QueuedThreadPool.java:974)
        at org.eclipse.jetty.util.thread.QueuedThreadPool$Runner.run(QueuedThreadPool.java:1018)
        at java.lang.Thread.run(Thread.java:750)
"IPC Server handler 8 on default port 35447" daemon prio=5 tid=1156 timed_waiting
java.lang.Thread.State: TIMED_WAITING
        at sun.misc.Unsafe.park(Native Method)
        at java.util.concurrent.locks.LockSupport.parkNanos(LockSupport.java:215)
        at java.util.concurrent.locks.AbstractQueuedSynchronizer$ConditionObject.awaitNanos(AbstractQueuedSynchronizer.java:2078)
        at java.util.concurrent.LinkedBlockingQueue.poll(LinkedBlockingQueue.java:467)
        at org.apache.hadoop.ipc.CallQueueManager.take(CallQueueManager.java:317)
        at org.apache.hadoop.ipc.Server$Handler.run(Server.java:2942)
"Session-HouseKeeper-6e7867a3-1"  prio=5 tid=1209 timed_waiting
java.lang.Thread.State: TIMED_WAITING
        at sun.misc.Unsafe.park(Native Method)
        at java.util.concurrent.locks.LockSupport.parkNanos(LockSupport.java:215)
        at java.util.concurrent.locks.AbstractQueuedSynchronizer$ConditionObject.awaitNanos(AbstractQueuedSynchronizer.java:2078)
        at java.util.concurrent.ScheduledThreadPoolExecutor$DelayedWorkQueue.take(ScheduledThreadPoolExecutor.java:1093)
        at java.util.concurrent.ScheduledThreadPoolExecutor$DelayedWorkQueue.take(ScheduledThreadPoolExecutor.java:809)
        at java.util.concurrent.ThreadPoolExecutor.getTask(ThreadPoolExecutor.java:1074)
        at java.util.concurrent.ThreadPoolExecutor.runWorker(ThreadPoolExecutor.java:1134)
        at java.util.concurrent.ThreadPoolExecutor$Worker.run(ThreadPoolExecutor.java:624)
        at java.lang.Thread.run(Thread.java:750)
"StaleRecoveringContainerScrubbingService#0" daemon prio=5 tid=1411 in Object.wait()
java.lang.Thread.State: WAITING (on object monitor)
        at sun.misc.Unsafe.park(Native Method)
        at java.util.concurrent.locks.LockSupport.park(LockSupport.java:175)
        at java.util.concurrent.locks.AbstractQueuedSynchronizer$ConditionObject.await(AbstractQueuedSynchronizer.java:2039)
        at java.util.concurrent.ScheduledThreadPoolExecutor$DelayedWorkQueue.take(ScheduledThreadPoolExecutor.java:1088)
        at java.util.concurrent.ScheduledThreadPoolExecutor$DelayedWorkQueue.take(ScheduledThreadPoolExecutor.java:809)
        at java.util.concurrent.ThreadPoolExecutor.getTask(ThreadPoolExecutor.java:1074)
        at java.util.concurrent.ThreadPoolExecutor.runWorker(ThreadPoolExecutor.java:1134)
        at java.util.concurrent.ThreadPoolExecutor$Worker.run(ThreadPoolExecutor.java:624)
        at java.lang.Thread.run(Thread.java:750)
"Under Replicated Processor" daemon prio=5 tid=1080 timed_waiting
java.lang.Thread.State: TIMED_WAITING
        at java.lang.Object.wait(Native Method)
        at org.apache.hadoop.hdds.scm.container.replication.UnderReplicatedProcessor.run(UnderReplicatedProcessor.java:148)
        at java.lang.Thread.run(Thread.java:750)
"EventQueue-NodeRegistrationContainerReportForContainerSafeModeRule" daemon prio=5 tid=1454 in Object.wait()
java.lang.Thread.State: WAITING (on object monitor)
        at sun.misc.Unsafe.park(Native Method)
        at java.util.concurrent.locks.LockSupport.park(LockSupport.java:175)
        at java.util.concurrent.locks.AbstractQueuedSynchronizer$ConditionObject.await(AbstractQueuedSynchronizer.java:2039)
        at java.util.concurrent.LinkedBlockingQueue.take(LinkedBlockingQueue.java:442)
        at java.util.concurrent.ThreadPoolExecutor.getTask(ThreadPoolExecutor.java:1074)
        at java.util.concurrent.ThreadPoolExecutor.runWorker(ThreadPoolExecutor.java:1134)
        at java.util.concurrent.ThreadPoolExecutor$Worker.run(ThreadPoolExecutor.java:624)
        at java.lang.Thread.run(Thread.java:750)
"pool-537-thread-1" daemon prio=5 tid=1234 timed_waiting
java.lang.Thread.State: TIMED_WAITING
        at sun.misc.Unsafe.park(Native Method)
        at java.util.concurrent.locks.LockSupport.parkNanos(LockSupport.java:215)
        at java.util.concurrent.locks.AbstractQueuedSynchronizer$ConditionObject.awaitNanos(AbstractQueuedSynchronizer.java:2078)
        at java.util.concurrent.ScheduledThreadPoolExecutor$DelayedWorkQueue.take(ScheduledThreadPoolExecutor.java:1093)
        at java.util.concurrent.ScheduledThreadPoolExecutor$DelayedWorkQueue.take(ScheduledThreadPoolExecutor.java:809)
        at java.util.concurrent.ThreadPoolExecutor.getTask(ThreadPoolExecutor.java:1074)
        at java.util.concurrent.ThreadPoolExecutor.runWorker(ThreadPoolExecutor.java:1134)
        at java.util.concurrent.ThreadPoolExecutor$Worker.run(ThreadPoolExecutor.java:624)
        at java.lang.Thread.run(Thread.java:750)
"IPC Server handler 11 on default port 44007" daemon prio=5 tid=1139 timed_waiting
java.lang.Thread.State: TIMED_WAITING
        at sun.misc.Unsafe.park(Native Method)
        at java.util.concurrent.locks.LockSupport.parkNanos(LockSupport.java:215)
        at java.util.concurrent.locks.AbstractQueuedSynchronizer$ConditionObject.awaitNanos(AbstractQueuedSynchronizer.java:2078)
        at java.util.concurrent.LinkedBlockingQueue.poll(LinkedBlockingQueue.java:467)
        at org.apache.hadoop.ipc.CallQueueManager.take(CallQueueManager.java:317)
        at org.apache.hadoop.ipc.Server$Handler.run(Server.java:2942)
"grpc-default-executor-0" daemon prio=5 tid=1473 timed_waiting
java.lang.Thread.State: TIMED_WAITING
        at sun.misc.Unsafe.park(Native Method)
        at java.util.concurrent.locks.LockSupport.parkNanos(LockSupport.java:215)
        at java.util.concurrent.SynchronousQueue$TransferStack.awaitFulfill(SynchronousQueue.java:460)
        at java.util.concurrent.SynchronousQueue$TransferStack.transfer(SynchronousQueue.java:362)
        at java.util.concurrent.SynchronousQueue.poll(SynchronousQueue.java:941)
        at java.util.concurrent.ThreadPoolExecutor.getTask(ThreadPoolExecutor.java:1073)
        at java.util.concurrent.ThreadPoolExecutor.runWorker(ThreadPoolExecutor.java:1134)
        at java.util.concurrent.ThreadPoolExecutor$Worker.run(ThreadPoolExecutor.java:624)
        at java.lang.Thread.run(Thread.java:750)
"IPC Server handler 3 on default port 45531" daemon prio=5 tid=1111 timed_waiting
java.lang.Thread.State: TIMED_WAITING
        at sun.misc.Unsafe.park(Native Method)
        at java.util.concurrent.locks.LockSupport.parkNanos(LockSupport.java:215)
        at java.util.concurrent.locks.AbstractQueuedSynchronizer$ConditionObject.awaitNanos(AbstractQueuedSynchronizer.java:2078)
        at java.util.concurrent.LinkedBlockingQueue.poll(LinkedBlockingQueue.java:467)
        at org.apache.hadoop.ipc.CallQueueManager.take(CallQueueManager.java:317)
        at org.apache.hadoop.ipc.Server$Handler.run(Server.java:2942)
"timer0" daemon prio=5 tid=574 timed_waiting
java.lang.Thread.State: TIMED_WAITING
        at java.lang.Object.wait(Native Method)
        at java.util.TimerThread.mainLoop(Timer.java:552)
        at java.util.TimerThread.run(Timer.java:505)
"StaleRecoveringContainerScrubbingService#0" daemon prio=5 tid=1399 in Object.wait()
java.lang.Thread.State: WAITING (on object monitor)
        at sun.misc.Unsafe.park(Native Method)
        at java.util.concurrent.locks.LockSupport.park(LockSupport.java:175)
        at java.util.concurrent.locks.AbstractQueuedSynchronizer$ConditionObject.await(AbstractQueuedSynchronizer.java:2039)
        at java.util.concurrent.ScheduledThreadPoolExecutor$DelayedWorkQueue.take(ScheduledThreadPoolExecutor.java:1088)
        at java.util.concurrent.ScheduledThreadPoolExecutor$DelayedWorkQueue.take(ScheduledThreadPoolExecutor.java:809)
        at java.util.concurrent.ThreadPoolExecutor.getTask(ThreadPoolExecutor.java:1074)
        at java.util.concurrent.ThreadPoolExecutor.runWorker(ThreadPoolExecutor.java:1134)
        at java.util.concurrent.ThreadPoolExecutor$Worker.run(ThreadPoolExecutor.java:624)
        at java.lang.Thread.run(Thread.java:750)
"Timer for 'StorageContainerManager' metrics system" daemon prio=5 tid=1105 timed_waiting
java.lang.Thread.State: TIMED_WAITING
        at java.lang.Object.wait(Native Method)
        at java.util.TimerThread.mainLoop(Timer.java:552)
        at java.util.TimerThread.run(Timer.java:505)
"pool-629-thread-1" daemon prio=5 tid=1340 timed_waiting
java.lang.Thread.State: TIMED_WAITING
        at sun.misc.Unsafe.park(Native Method)
        at java.util.concurrent.locks.LockSupport.parkNanos(LockSupport.java:215)
        at java.util.concurrent.locks.AbstractQueuedSynchronizer$ConditionObject.awaitNanos(AbstractQueuedSynchronizer.java:2078)
        at java.util.concurrent.ScheduledThreadPoolExecutor$DelayedWorkQueue.take(ScheduledThreadPoolExecutor.java:1093)
        at java.util.concurrent.ScheduledThreadPoolExecutor$DelayedWorkQueue.take(ScheduledThreadPoolExecutor.java:809)
        at java.util.concurrent.ThreadPoolExecutor.getTask(ThreadPoolExecutor.java:1074)
        at java.util.concurrent.ThreadPoolExecutor.runWorker(ThreadPoolExecutor.java:1134)
        at java.util.concurrent.ThreadPoolExecutor$Worker.run(ThreadPoolExecutor.java:624)
        at java.lang.Thread.run(Thread.java:750)
"IPC Server handler 14 on default port 35447" daemon prio=5 tid=1162 timed_waiting
java.lang.Thread.State: TIMED_WAITING
        at sun.misc.Unsafe.park(Native Method)
        at java.util.concurrent.locks.LockSupport.parkNanos(LockSupport.java:215)
        at java.util.concurrent.locks.AbstractQueuedSynchronizer$ConditionObject.awaitNanos(AbstractQueuedSynchronizer.java:2078)
        at java.util.concurrent.LinkedBlockingQueue.poll(LinkedBlockingQueue.java:467)
        at org.apache.hadoop.ipc.CallQueueManager.take(CallQueueManager.java:317)
        at org.apache.hadoop.ipc.Server$Handler.run(Server.java:2942)
"StaleRecoveringContainerScrubbingService#0" daemon prio=5 tid=1423 in Object.wait()
java.lang.Thread.State: WAITING (on object monitor)
        at sun.misc.Unsafe.park(Native Method)
        at java.util.concurrent.locks.LockSupport.park(LockSupport.java:175)
        at java.util.concurrent.locks.AbstractQueuedSynchronizer$ConditionObject.await(AbstractQueuedSynchronizer.java:2039)
        at java.util.concurrent.ScheduledThreadPoolExecutor$DelayedWorkQueue.take(ScheduledThreadPoolExecutor.java:1088)
        at java.util.concurrent.ScheduledThreadPoolExecutor$DelayedWorkQueue.take(ScheduledThreadPoolExecutor.java:809)
        at java.util.concurrent.ThreadPoolExecutor.getTask(ThreadPoolExecutor.java:1074)
        at java.util.concurrent.ThreadPoolExecutor.runWorker(ThreadPoolExecutor.java:1134)
        at java.util.concurrent.ThreadPoolExecutor$Worker.run(ThreadPoolExecutor.java:624)
        at java.lang.Thread.run(Thread.java:750)
"surefire-forkedjvm-command-thread" daemon prio=5 tid=10 runnable
java.lang.Thread.State: RUNNABLE
        at java.io.FileInputStream.readBytes(Native Method)
        at java.io.FileInputStream.read(FileInputStream.java:255)
        at java.io.BufferedInputStream.read1(BufferedInputStream.java:284)
        at java.io.BufferedInputStream.read(BufferedInputStream.java:345)
        at java.io.BufferedInputStream.fill(BufferedInputStream.java:246)
        at java.io.BufferedInputStream.read1(BufferedInputStream.java:286)
        at java.io.BufferedInputStream.read(BufferedInputStream.java:345)
        at org.apache.maven.surefire.api.util.internal.Channels$3.readImpl(Channels.java:214)
        at org.apache.maven.surefire.api.util.internal.AbstractNoninterruptibleReadableChannel.read(AbstractNoninterruptibleReadableChannel.java:54)
        at org.apache.maven.surefire.booter.spi.LegacyMasterProcessChannelDecoder.decode(LegacyMasterProcessChannelDecoder.java:80)
        at org.apache.maven.surefire.booter.CommandReader$CommandRunnable.run(CommandReader.java:343)
        at java.lang.Thread.run(Thread.java:750)
"qtp1624799476-1350" daemon prio=5 tid=1350 timed_waiting
java.lang.Thread.State: TIMED_WAITING
        at sun.misc.Unsafe.park(Native Method)
        at java.util.concurrent.locks.LockSupport.parkNanos(LockSupport.java:215)
        at java.util.concurrent.locks.AbstractQueuedSynchronizer$ConditionObject.awaitNanos(AbstractQueuedSynchronizer.java:2078)
        at org.eclipse.jetty.util.BlockingArrayQueue.poll(BlockingArrayQueue.java:382)
        at org.eclipse.jetty.util.thread.QueuedThreadPool$Runner.idleJobPoll(QueuedThreadPool.java:974)
        at org.eclipse.jetty.util.thread.QueuedThreadPool$Runner.run(QueuedThreadPool.java:1018)
        at java.lang.Thread.run(Thread.java:750)
"qtp390900876-1207" daemon prio=5 tid=1207 timed_waiting
java.lang.Thread.State: TIMED_WAITING
        at sun.misc.Unsafe.park(Native Method)
        at java.util.concurrent.locks.LockSupport.parkNanos(LockSupport.java:215)
        at java.util.concurrent.locks.AbstractQueuedSynchronizer$ConditionObject.awaitNanos(AbstractQueuedSynchronizer.java:2078)
        at org.eclipse.jetty.util.BlockingArrayQueue.poll(BlockingArrayQueue.java:382)
        at org.eclipse.jetty.util.thread.QueuedThreadPool$Runner.idleJobPoll(QueuedThreadPool.java:974)
        at org.eclipse.jetty.util.thread.QueuedThreadPool$Runner.run(QueuedThreadPool.java:1018)
        at java.lang.Thread.run(Thread.java:750)
"Session-HouseKeeper-106ec81e-1"  prio=5 tid=1273 timed_waiting
java.lang.Thread.State: TIMED_WAITING
        at sun.misc.Unsafe.park(Native Method)
        at java.util.concurrent.locks.LockSupport.parkNanos(LockSupport.java:215)
        at java.util.concurrent.locks.AbstractQueuedSynchronizer$ConditionObject.awaitNanos(AbstractQueuedSynchronizer.java:2078)
        at java.util.concurrent.ScheduledThreadPoolExecutor$DelayedWorkQueue.take(ScheduledThreadPoolExecutor.java:1093)
        at java.util.concurrent.ScheduledThreadPoolExecutor$DelayedWorkQueue.take(ScheduledThreadPoolExecutor.java:809)
        at java.util.concurrent.ThreadPoolExecutor.getTask(ThreadPoolExecutor.java:1074)
        at java.util.concurrent.ThreadPoolExecutor.runWorker(ThreadPoolExecutor.java:1134)
        at java.util.concurrent.ThreadPoolExecutor$Worker.run(ThreadPoolExecutor.java:624)
        at java.lang.Thread.run(Thread.java:750)
"StaleRecoveringContainerScrubbingService#1" daemon prio=5 tid=1437 timed_waiting
java.lang.Thread.State: TIMED_WAITING
        at sun.misc.Unsafe.park(Native Method)
        at java.util.concurrent.locks.LockSupport.parkNanos(LockSupport.java:215)
        at java.util.concurrent.locks.AbstractQueuedSynchronizer$ConditionObject.awaitNanos(AbstractQueuedSynchronizer.java:2078)
        at java.util.concurrent.ScheduledThreadPoolExecutor$DelayedWorkQueue.take(ScheduledThreadPoolExecutor.java:1093)
        at java.util.concurrent.ScheduledThreadPoolExecutor$DelayedWorkQueue.take(ScheduledThreadPoolExecutor.java:809)
        at java.util.concurrent.ThreadPoolExecutor.getTask(ThreadPoolExecutor.java:1074)
        at java.util.concurrent.ThreadPoolExecutor.runWorker(ThreadPoolExecutor.java:1134)
        at java.util.concurrent.ThreadPoolExecutor$Worker.run(ThreadPoolExecutor.java:624)
        at java.lang.Thread.run(Thread.java:750)
"IPC Server handler 19 on default port 35447" daemon prio=5 tid=1167 timed_waiting
java.lang.Thread.State: TIMED_WAITING
        at sun.misc.Unsafe.park(Native Method)
        at java.util.concurrent.locks.LockSupport.parkNanos(LockSupport.java:215)
        at java.util.concurrent.locks.AbstractQueuedSynchronizer$ConditionObject.awaitNanos(AbstractQueuedSynchronizer.java:2078)
        at java.util.concurrent.LinkedBlockingQueue.poll(LinkedBlockingQueue.java:467)
        at org.apache.hadoop.ipc.CallQueueManager.take(CallQueueManager.java:317)
        at org.apache.hadoop.ipc.Server$Handler.run(Server.java:2942)
"PartialTableCache Cleanup Thread - 0" daemon prio=5 tid=1614 in Object.wait()
java.lang.Thread.State: WAITING (on object monitor)
        at sun.misc.Unsafe.park(Native Method)
        at java.util.concurrent.locks.LockSupport.park(LockSupport.java:175)
        at java.util.concurrent.locks.AbstractQueuedSynchronizer$ConditionObject.await(AbstractQueuedSynchronizer.java:2039)
        at java.util.concurrent.LinkedBlockingQueue.take(LinkedBlockingQueue.java:442)
        at java.util.concurrent.ThreadPoolExecutor.getTask(ThreadPoolExecutor.java:1074)
        at java.util.concurrent.ThreadPoolExecutor.runWorker(ThreadPoolExecutor.java:1134)
        at java.util.concurrent.ThreadPoolExecutor$Worker.run(ThreadPoolExecutor.java:624)
        at java.lang.Thread.run(Thread.java:750)
"IPC Server handler 19 on default port 45531" daemon prio=5 tid=1127 timed_waiting
java.lang.Thread.State: TIMED_WAITING
        at sun.misc.Unsafe.park(Native Method)
        at java.util.concurrent.locks.LockSupport.parkNanos(LockSupport.java:215)
        at java.util.concurrent.locks.AbstractQueuedSynchronizer$ConditionObject.awaitNanos(AbstractQueuedSynchronizer.java:2078)
        at java.util.concurrent.LinkedBlockingQueue.poll(LinkedBlockingQueue.java:467)
        at org.apache.hadoop.ipc.CallQueueManager.take(CallQueueManager.java:317)
        at org.apache.hadoop.ipc.Server$Handler.run(Server.java:2942)
"ChunkReader-ELG-0" daemon prio=5 tid=1409 runnable
java.lang.Thread.State: RUNNABLE
        at org.apache.ratis.thirdparty.io.netty.channel.epoll.Native.epollWait(Native Method)
        at org.apache.ratis.thirdparty.io.netty.channel.epoll.Native.epollWait(Native.java:209)
        at org.apache.ratis.thirdparty.io.netty.channel.epoll.Native.epollWait(Native.java:202)
        at org.apache.ratis.thirdparty.io.netty.channel.epoll.EpollEventLoop.epollWaitNoTimerChange(EpollEventLoop.java:294)
        at org.apache.ratis.thirdparty.io.netty.channel.epoll.EpollEventLoop.run(EpollEventLoop.java:351)
        at org.apache.ratis.thirdparty.io.netty.util.concurrent.SingleThreadEventExecutor$4.run(SingleThreadEventExecutor.java:995)
        at org.apache.ratis.thirdparty.io.netty.util.internal.ThreadExecutorMap$2.run(ThreadExecutorMap.java:74)
        at java.lang.Thread.run(Thread.java:750)
"ChunkWriter-2-0" daemon prio=5 tid=1394 in Object.wait()
java.lang.Thread.State: WAITING (on object monitor)
        at sun.misc.Unsafe.park(Native Method)
        at java.util.concurrent.locks.LockSupport.park(LockSupport.java:175)
        at java.util.concurrent.locks.AbstractQueuedSynchronizer$ConditionObject.await(AbstractQueuedSynchronizer.java:2039)
        at java.util.concurrent.LinkedBlockingDeque.takeFirst(LinkedBlockingDeque.java:492)
        at java.util.concurrent.LinkedBlockingDeque.take(LinkedBlockingDeque.java:680)
        at java.util.concurrent.ThreadPoolExecutor.getTask(ThreadPoolExecutor.java:1074)
        at java.util.concurrent.ThreadPoolExecutor.runWorker(ThreadPoolExecutor.java:1134)
        at java.util.concurrent.ThreadPoolExecutor$Worker.run(ThreadPoolExecutor.java:624)
        at java.lang.Thread.run(Thread.java:750)
"qtp1943963437-1319" daemon prio=5 tid=1319 runnable
java.lang.Thread.State: RUNNABLE
        at sun.nio.ch.EPollArrayWrapper.epollWait(Native Method)
        at sun.nio.ch.EPollArrayWrapper.poll(EPollArrayWrapper.java:269)
        at sun.nio.ch.EPollSelectorImpl.doSelect(EPollSelectorImpl.java:93)
        at sun.nio.ch.SelectorImpl.lockAndDoSelect(SelectorImpl.java:86)
        at sun.nio.ch.SelectorImpl.select(SelectorImpl.java:97)
        at sun.nio.ch.SelectorImpl.select(SelectorImpl.java:101)
        at org.eclipse.jetty.io.ManagedSelector.nioSelect(ManagedSelector.java:183)
        at org.eclipse.jetty.io.ManagedSelector.select(ManagedSelector.java:190)
        at org.eclipse.jetty.io.ManagedSelector$SelectorProducer.select(ManagedSelector.java:606)
        at org.eclipse.jetty.io.ManagedSelector$SelectorProducer.produce(ManagedSelector.java:543)
        at org.eclipse.jetty.util.thread.strategy.EatWhatYouKill.produceTask(EatWhatYouKill.java:362)
        at org.eclipse.jetty.util.thread.strategy.EatWhatYouKill.doProduce(EatWhatYouKill.java:186)
        at org.eclipse.jetty.util.thread.strategy.EatWhatYouKill.tryProduce(EatWhatYouKill.java:173)
        at org.eclipse.jetty.util.thread.strategy.EatWhatYouKill.produce(EatWhatYouKill.java:137)
        at org.eclipse.jetty.io.ManagedSelector$$Lambda$470/271594494.run(Unknown Source)
        at org.eclipse.jetty.util.thread.QueuedThreadPool.runJob(QueuedThreadPool.java:883)
        at org.eclipse.jetty.util.thread.QueuedThreadPool$Runner.run(QueuedThreadPool.java:1034)
        at java.lang.Thread.run(Thread.java:750)
"69ebc52a-668b-4a1b-b1c8-adfe2408a111-server-thread2" daemon prio=5 tid=1608 timed_waiting
java.lang.Thread.State: TIMED_WAITING
        at sun.misc.Unsafe.park(Native Method)
        at java.util.concurrent.locks.LockSupport.parkNanos(LockSupport.java:215)
        at java.util.concurrent.SynchronousQueue$TransferStack.awaitFulfill(SynchronousQueue.java:460)
        at java.util.concurrent.SynchronousQueue$TransferStack.transfer(SynchronousQueue.java:362)
        at java.util.concurrent.SynchronousQueue.poll(SynchronousQueue.java:941)
        at java.util.concurrent.ThreadPoolExecutor.getTask(ThreadPoolExecutor.java:1073)
        at java.util.concurrent.ThreadPoolExecutor.runWorker(ThreadPoolExecutor.java:1134)
        at java.util.concurrent.ThreadPoolExecutor$Worker.run(ThreadPoolExecutor.java:624)
        at java.lang.Thread.run(Thread.java:750)
"Datanode State Machine Task Thread - 0"  prio=5 tid=1388 in Object.wait()
java.lang.Thread.State: WAITING (on object monitor)
        at sun.misc.Unsafe.park(Native Method)
        at java.util.concurrent.locks.LockSupport.park(LockSupport.java:175)
        at java.util.concurrent.locks.AbstractQueuedSynchronizer$ConditionObject.await(AbstractQueuedSynchronizer.java:2039)
        at java.util.concurrent.LinkedBlockingQueue.take(LinkedBlockingQueue.java:442)
        at java.util.concurrent.ThreadPoolExecutor.getTask(ThreadPoolExecutor.java:1074)
        at java.util.concurrent.ThreadPoolExecutor.runWorker(ThreadPoolExecutor.java:1134)
        at java.util.concurrent.ThreadPoolExecutor$Worker.run(ThreadPoolExecutor.java:624)
        at java.lang.Thread.run(Thread.java:750)
"IPC Server handler 0 on default port 44007" daemon prio=5 tid=1128 timed_waiting
java.lang.Thread.State: TIMED_WAITING
        at sun.misc.Unsafe.park(Native Method)
        at java.util.concurrent.locks.LockSupport.parkNanos(LockSupport.java:215)
        at java.util.concurrent.locks.AbstractQueuedSynchronizer$ConditionObject.awaitNanos(AbstractQueuedSynchronizer.java:2078)
        at java.util.concurrent.LinkedBlockingQueue.poll(LinkedBlockingQueue.java:467)
        at org.apache.hadoop.ipc.CallQueueManager.take(CallQueueManager.java:317)
        at org.apache.hadoop.ipc.Server$Handler.run(Server.java:2942)
"Session-HouseKeeper-3fd8e5a4-1"  prio=5 tid=1179 timed_waiting
java.lang.Thread.State: TIMED_WAITING
        at sun.misc.Unsafe.park(Native Method)
        at java.util.concurrent.locks.LockSupport.parkNanos(LockSupport.java:215)
        at java.util.concurrent.locks.AbstractQueuedSynchronizer$ConditionObject.awaitNanos(AbstractQueuedSynchronizer.java:2078)
        at java.util.concurrent.ScheduledThreadPoolExecutor$DelayedWorkQueue.take(ScheduledThreadPoolExecutor.java:1093)
        at java.util.concurrent.ScheduledThreadPoolExecutor$DelayedWorkQueue.take(ScheduledThreadPoolExecutor.java:809)
        at java.util.concurrent.ThreadPoolExecutor.getTask(ThreadPoolExecutor.java:1074)
        at java.util.concurrent.ThreadPoolExecutor.runWorker(ThreadPoolExecutor.java:1134)
        at java.util.concurrent.ThreadPoolExecutor$Worker.run(ThreadPoolExecutor.java:624)
        at java.lang.Thread.run(Thread.java:750)
"DirectoryDeletingService#0" daemon prio=5 tid=1198 timed_waiting
java.lang.Thread.State: TIMED_WAITING
        at sun.misc.Unsafe.park(Native Method)
        at java.util.concurrent.locks.LockSupport.parkNanos(LockSupport.java:215)
        at java.util.concurrent.locks.AbstractQueuedSynchronizer$ConditionObject.awaitNanos(AbstractQueuedSynchronizer.java:2078)
        at java.util.concurrent.ScheduledThreadPoolExecutor$DelayedWorkQueue.take(ScheduledThreadPoolExecutor.java:1093)
        at java.util.concurrent.ScheduledThreadPoolExecutor$DelayedWorkQueue.take(ScheduledThreadPoolExecutor.java:809)
        at java.util.concurrent.ThreadPoolExecutor.getTask(ThreadPoolExecutor.java:1074)
        at java.util.concurrent.ThreadPoolExecutor.runWorker(ThreadPoolExecutor.java:1134)
        at java.util.concurrent.ThreadPoolExecutor$Worker.run(ThreadPoolExecutor.java:624)
        at java.lang.Thread.run(Thread.java:750)
"IPC Server handler 11 on default port 35447" daemon prio=5 tid=1159 timed_waiting
java.lang.Thread.State: TIMED_WAITING
        at sun.misc.Unsafe.park(Native Method)
        at java.util.concurrent.locks.LockSupport.parkNanos(LockSupport.java:215)
        at java.util.concurrent.locks.AbstractQueuedSynchronizer$ConditionObject.awaitNanos(AbstractQueuedSynchronizer.java:2078)
        at java.util.concurrent.LinkedBlockingQueue.poll(LinkedBlockingQueue.java:467)
        at org.apache.hadoop.ipc.CallQueueManager.take(CallQueueManager.java:317)
        at org.apache.hadoop.ipc.Server$Handler.run(Server.java:2942)
"IPC Server Responder" daemon prio=5 tid=1191 runnable
java.lang.Thread.State: RUNNABLE
        at sun.nio.ch.EPollArrayWrapper.epollWait(Native Method)
        at sun.nio.ch.EPollArrayWrapper.poll(EPollArrayWrapper.java:269)
        at sun.nio.ch.EPollSelectorImpl.doSelect(EPollSelectorImpl.java:93)
        at sun.nio.ch.SelectorImpl.lockAndDoSelect(SelectorImpl.java:86)
        at sun.nio.ch.SelectorImpl.select(SelectorImpl.java:97)
        at org.apache.hadoop.ipc.Server$Responder.doRunLoop(Server.java:1532)
        at org.apache.hadoop.ipc.Server$Responder.run(Server.java:1515)
"ChunkWriter-3-0" daemon prio=5 tid=1407 in Object.wait()
java.lang.Thread.State: WAITING (on object monitor)
        at sun.misc.Unsafe.park(Native Method)
        at java.util.concurrent.locks.LockSupport.park(LockSupport.java:175)
        at java.util.concurrent.locks.AbstractQueuedSynchronizer$ConditionObject.await(AbstractQueuedSynchronizer.java:2039)
        at java.util.concurrent.LinkedBlockingDeque.takeFirst(LinkedBlockingDeque.java:492)
        at java.util.concurrent.LinkedBlockingDeque.take(LinkedBlockingDeque.java:680)
        at java.util.concurrent.ThreadPoolExecutor.getTask(ThreadPoolExecutor.java:1074)
        at java.util.concurrent.ThreadPoolExecutor.runWorker(ThreadPoolExecutor.java:1134)
        at java.util.concurrent.ThreadPoolExecutor$Worker.run(ThreadPoolExecutor.java:624)
        at java.lang.Thread.run(Thread.java:750)
"qtp1624799476-1349" daemon prio=5 tid=1349 timed_waiting
java.lang.Thread.State: TIMED_WAITING
        at sun.misc.Unsafe.park(Native Method)
        at java.util.concurrent.locks.LockSupport.parkNanos(LockSupport.java:215)
        at java.util.concurrent.locks.AbstractQueuedSynchronizer$ConditionObject.awaitNanos(AbstractQueuedSynchronizer.java:2078)
        at org.eclipse.jetty.util.BlockingArrayQueue.poll(BlockingArrayQueue.java:382)
        at org.eclipse.jetty.util.thread.QueuedThreadPool$Runner.idleJobPoll(QueuedThreadPool.java:974)
        at org.eclipse.jetty.util.thread.QueuedThreadPool$Runner.run(QueuedThreadPool.java:1018)
        at java.lang.Thread.run(Thread.java:750)
"Signal Dispatcher" daemon prio=9 tid=4 runnable
java.lang.Thread.State: RUNNABLE
"EventQueue-NewNodeForNewNodeHandler" daemon prio=5 tid=1452 in Object.wait()
java.lang.Thread.State: WAITING (on object monitor)
        at sun.misc.Unsafe.park(Native Method)
        at java.util.concurrent.locks.LockSupport.park(LockSupport.java:175)
        at java.util.concurrent.locks.AbstractQueuedSynchronizer$ConditionObject.await(AbstractQueuedSynchronizer.java:2039)
        at java.util.concurrent.LinkedBlockingQueue.take(LinkedBlockingQueue.java:442)
        at java.util.concurrent.ThreadPoolExecutor.getTask(ThreadPoolExecutor.java:1074)
        at java.util.concurrent.ThreadPoolExecutor.runWorker(ThreadPoolExecutor.java:1134)
        at java.util.concurrent.ThreadPoolExecutor$Worker.run(ThreadPoolExecutor.java:624)
        at java.lang.Thread.run(Thread.java:750)
"Datanode ReportManager Thread - 0" daemon prio=5 tid=1381 in Object.wait()
java.lang.Thread.State: WAITING (on object monitor)
        at sun.misc.Unsafe.park(Native Method)
        at java.util.concurrent.locks.LockSupport.park(LockSupport.java:175)
        at java.util.concurrent.locks.AbstractQueuedSynchronizer$ConditionObject.await(AbstractQueuedSynchronizer.java:2039)
        at java.util.concurrent.ScheduledThreadPoolExecutor$DelayedWorkQueue.take(ScheduledThreadPoolExecutor.java:1088)
        at java.util.concurrent.ScheduledThreadPoolExecutor$DelayedWorkQueue.take(ScheduledThreadPoolExecutor.java:809)
        at java.util.concurrent.ThreadPoolExecutor.getTask(ThreadPoolExecutor.java:1074)
        at java.util.concurrent.ThreadPoolExecutor.runWorker(ThreadPoolExecutor.java:1134)
        at java.util.concurrent.ThreadPoolExecutor$Worker.run(ThreadPoolExecutor.java:624)
        at java.lang.Thread.run(Thread.java:750)
"JvmPauseMonitor13" daemon prio=5 tid=1408 timed_waiting
java.lang.Thread.State: TIMED_WAITING
        at java.lang.Thread.sleep(Native Method)
        at java.lang.Thread.sleep(Thread.java:342)
        at java.util.concurrent.TimeUnit.sleep(TimeUnit.java:386)
        at org.apache.ratis.util.TimeDuration.sleep(TimeDuration.java:325)
        at org.apache.ratis.util.TimeDuration.sleep(TimeDuration.java:310)
        at org.apache.ratis.util.JvmPauseMonitor.detectPause(JvmPauseMonitor.java:119)
        at org.apache.ratis.util.JvmPauseMonitor.run(JvmPauseMonitor.java:108)
        at org.apache.ratis.util.JvmPauseMonitor$$Lambda$730/1688410242.run(Unknown Source)
        at java.lang.Thread.run(Thread.java:750)
"IPC Server handler 7 on default port 44007" daemon prio=5 tid=1135 timed_waiting
java.lang.Thread.State: TIMED_WAITING
        at sun.misc.Unsafe.park(Native Method)
        at java.util.concurrent.locks.LockSupport.parkNanos(LockSupport.java:215)
        at java.util.concurrent.locks.AbstractQueuedSynchronizer$ConditionObject.awaitNanos(AbstractQueuedSynchronizer.java:2078)
        at java.util.concurrent.LinkedBlockingQueue.poll(LinkedBlockingQueue.java:467)
        at org.apache.hadoop.ipc.CallQueueManager.take(CallQueueManager.java:317)
        at org.apache.hadoop.ipc.Server$Handler.run(Server.java:2942)
"prometheus" daemon prio=5 tid=1106 runnable
java.lang.Thread.State: RUNNABLE
        at org.apache.hadoop.metrics2.impl.MetricsSinkAdapter.consume(MetricsSinkAdapter.java:187)
        at org.apache.hadoop.metrics2.impl.MetricsSinkAdapter.consume(MetricsSinkAdapter.java:43)
        at org.apache.hadoop.metrics2.impl.SinkQueue.consumeAll(SinkQueue.java:87)
        at org.apache.hadoop.metrics2.impl.MetricsSinkAdapter.publishMetricsFromQueue(MetricsSinkAdapter.java:135)
        at org.apache.hadoop.metrics2.impl.MetricsSinkAdapter$1.run(MetricsSinkAdapter.java:89)
"IPC Server handler 13 on default port 45531" daemon prio=5 tid=1121 timed_waiting
java.lang.Thread.State: TIMED_WAITING
        at sun.misc.Unsafe.park(Native Method)
        at java.util.concurrent.locks.LockSupport.parkNanos(LockSupport.java:215)
        at java.util.concurrent.locks.AbstractQueuedSynchronizer$ConditionObject.awaitNanos(AbstractQueuedSynchronizer.java:2078)
        at java.util.concurrent.LinkedBlockingQueue.poll(LinkedBlockingQueue.java:467)
        at org.apache.hadoop.ipc.CallQueueManager.take(CallQueueManager.java:317)
        at org.apache.hadoop.ipc.Server$Handler.run(Server.java:2942)
"FixedThreadPoolWithAffinityExecutor-7-0" daemon prio=5 tid=1102 timed_waiting
java.lang.Thread.State: TIMED_WAITING
        at sun.misc.Unsafe.park(Native Method)
        at java.util.concurrent.locks.LockSupport.parkNanos(LockSupport.java:215)
        at java.util.concurrent.locks.AbstractQueuedSynchronizer$ConditionObject.awaitNanos(AbstractQueuedSynchronizer.java:2078)
        at java.util.concurrent.LinkedBlockingQueue.poll(LinkedBlockingQueue.java:467)
        at org.apache.hadoop.hdds.scm.server.ContainerReportQueue.poll(ContainerReportQueue.java:266)
        at org.apache.hadoop.hdds.scm.server.ContainerReportQueue.poll(ContainerReportQueue.java:42)
        at org.apache.hadoop.hdds.server.events.FixedThreadPoolWithAffinityExecutor$ContainerReportProcessTask.run(FixedThreadPoolWithAffinityExecutor.java:218)
        at java.util.concurrent.Executors$RunnableAdapter.call(Executors.java:511)
        at java.util.concurrent.FutureTask.run(FutureTask.java:266)
        at java.util.concurrent.ThreadPoolExecutor.runWorker(ThreadPoolExecutor.java:1149)
        at java.util.concurrent.ThreadPoolExecutor$Worker.run(ThreadPoolExecutor.java:624)
        at java.lang.Thread.run(Thread.java:750)
"qtp1624799476-1351" daemon prio=5 tid=1351 timed_waiting
java.lang.Thread.State: TIMED_WAITING
        at sun.misc.Unsafe.park(Native Method)
        at java.util.concurrent.locks.LockSupport.parkNanos(LockSupport.java:215)
        at java.util.concurrent.locks.AbstractQueuedSynchronizer$ConditionObject.awaitNanos(AbstractQueuedSynchronizer.java:2078)
        at org.eclipse.jetty.util.BlockingArrayQueue.poll(BlockingArrayQueue.java:382)
        at org.eclipse.jetty.util.thread.QueuedThreadPool$Runner.idleJobPoll(QueuedThreadPool.java:974)
        at org.eclipse.jetty.util.thread.QueuedThreadPool$Runner.run(QueuedThreadPool.java:1018)
        at java.lang.Thread.run(Thread.java:750)
"PartialTableCache Cleanup Thread - 0" daemon prio=5 tid=1613 in Object.wait()
java.lang.Thread.State: WAITING (on object monitor)
        at sun.misc.Unsafe.park(Native Method)
        at java.util.concurrent.locks.LockSupport.park(LockSupport.java:175)
        at java.util.concurrent.locks.AbstractQueuedSynchronizer$ConditionObject.await(AbstractQueuedSynchronizer.java:2039)
        at java.util.concurrent.LinkedBlockingQueue.take(LinkedBlockingQueue.java:442)
        at java.util.concurrent.ThreadPoolExecutor.getTask(ThreadPoolExecutor.java:1074)
        at java.util.concurrent.ThreadPoolExecutor.runWorker(ThreadPoolExecutor.java:1134)
        at java.util.concurrent.ThreadPoolExecutor$Worker.run(ThreadPoolExecutor.java:624)
        at java.lang.Thread.run(Thread.java:750)
"FixedThreadPoolWithAffinityExecutor-5-0" daemon prio=5 tid=1100 timed_waiting
java.lang.Thread.State: TIMED_WAITING
        at sun.misc.Unsafe.park(Native Method)
        at java.util.concurrent.locks.LockSupport.parkNanos(LockSupport.java:215)
        at java.util.concurrent.locks.AbstractQueuedSynchronizer$ConditionObject.awaitNanos(AbstractQueuedSynchronizer.java:2078)
        at java.util.concurrent.LinkedBlockingQueue.poll(LinkedBlockingQueue.java:467)
        at org.apache.hadoop.hdds.scm.server.ContainerReportQueue.poll(ContainerReportQueue.java:266)
        at org.apache.hadoop.hdds.scm.server.ContainerReportQueue.poll(ContainerReportQueue.java:42)
        at org.apache.hadoop.hdds.server.events.FixedThreadPoolWithAffinityExecutor$ContainerReportProcessTask.run(FixedThreadPoolWithAffinityExecutor.java:218)
        at java.util.concurrent.Executors$RunnableAdapter.call(Executors.java:511)
        at java.util.concurrent.FutureTask.run(FutureTask.java:266)
        at java.util.concurrent.ThreadPoolExecutor.runWorker(ThreadPoolExecutor.java:1149)
        at java.util.concurrent.ThreadPoolExecutor$Worker.run(ThreadPoolExecutor.java:624)
        at java.lang.Thread.run(Thread.java:750)
"JvmPauseMonitor15" daemon prio=5 tid=1432 timed_waiting
java.lang.Thread.State: TIMED_WAITING
        at java.lang.Thread.sleep(Native Method)
        at java.lang.Thread.sleep(Thread.java:342)
        at java.util.concurrent.TimeUnit.sleep(TimeUnit.java:386)
        at org.apache.ratis.util.TimeDuration.sleep(TimeDuration.java:325)
        at org.apache.ratis.util.TimeDuration.sleep(TimeDuration.java:310)
        at org.apache.ratis.util.JvmPauseMonitor.detectPause(JvmPauseMonitor.java:119)
        at org.apache.ratis.util.JvmPauseMonitor.run(JvmPauseMonitor.java:108)
        at org.apache.ratis.util.JvmPauseMonitor$$Lambda$730/1688410242.run(Unknown Source)
        at java.lang.Thread.run(Thread.java:750)
"pool-668-thread-1"  prio=5 tid=1370 timed_waiting
java.lang.Thread.State: TIMED_WAITING
        at sun.misc.Unsafe.park(Native Method)
        at java.util.concurrent.locks.LockSupport.parkNanos(LockSupport.java:215)
        at java.util.concurrent.locks.AbstractQueuedSynchronizer$ConditionObject.awaitNanos(AbstractQueuedSynchronizer.java:2078)
        at java.util.concurrent.ScheduledThreadPoolExecutor$DelayedWorkQueue.take(ScheduledThreadPoolExecutor.java:1093)
        at java.util.concurrent.ScheduledThreadPoolExecutor$DelayedWorkQueue.take(ScheduledThreadPoolExecutor.java:809)
        at java.util.concurrent.ThreadPoolExecutor.getTask(ThreadPoolExecutor.java:1074)
        at java.util.concurrent.ThreadPoolExecutor.runWorker(ThreadPoolExecutor.java:1134)
        at java.util.concurrent.ThreadPoolExecutor$Worker.run(ThreadPoolExecutor.java:624)
        at java.lang.Thread.run(Thread.java:750)
"qtp1380251088-1177" daemon prio=5 tid=1177 timed_waiting
java.lang.Thread.State: TIMED_WAITING
        at sun.misc.Unsafe.park(Native Method)
        at java.util.concurrent.locks.LockSupport.parkNanos(LockSupport.java:215)
        at java.util.concurrent.locks.AbstractQueuedSynchronizer$ConditionObject.awaitNanos(AbstractQueuedSynchronizer.java:2078)
        at org.eclipse.jetty.util.BlockingArrayQueue.poll(BlockingArrayQueue.java:382)
        at org.eclipse.jetty.util.thread.QueuedThreadPool$Runner.idleJobPoll(QueuedThreadPool.java:974)
        at org.eclipse.jetty.util.thread.QueuedThreadPool$Runner.run(QueuedThreadPool.java:1018)
        at java.lang.Thread.run(Thread.java:750)
"qtp1624799476-1346-acceptor-0@3c3a1db0-ServerConnector@1eb3b8c0{HTTP/1.1, (http/1.1)}{0.0.0.0:36109}" daemon prio=3 tid=1346 runnable
java.lang.Thread.State: RUNNABLE
        at sun.nio.ch.ServerSocketChannelImpl.accept0(Native Method)
        at sun.nio.ch.ServerSocketChannelImpl.accept(ServerSocketChannelImpl.java:421)
        at sun.nio.ch.ServerSocketChannelImpl.accept(ServerSocketChannelImpl.java:249)
        at org.eclipse.jetty.server.ServerConnector.accept(ServerConnector.java:388)
        at org.eclipse.jetty.server.AbstractConnector$Acceptor.run(AbstractConnector.java:704)
        at org.eclipse.jetty.util.thread.QueuedThreadPool.runJob(QueuedThreadPool.java:883)
        at org.eclipse.jetty.util.thread.QueuedThreadPool$Runner.run(QueuedThreadPool.java:1034)
        at java.lang.Thread.run(Thread.java:750)
"BlockDeletingService#0" daemon prio=5 tid=1410 in Object.wait()
java.lang.Thread.State: WAITING (on object monitor)
        at sun.misc.Unsafe.park(Native Method)
        at java.util.concurrent.locks.LockSupport.park(LockSupport.java:175)
        at java.util.concurrent.locks.AbstractQueuedSynchronizer$ConditionObject.await(AbstractQueuedSynchronizer.java:2039)
        at java.util.concurrent.ScheduledThreadPoolExecutor$DelayedWorkQueue.take(ScheduledThreadPoolExecutor.java:1088)
        at java.util.concurrent.ScheduledThreadPoolExecutor$DelayedWorkQueue.take(ScheduledThreadPoolExecutor.java:809)
        at java.util.concurrent.ThreadPoolExecutor.getTask(ThreadPoolExecutor.java:1074)
        at java.util.concurrent.ThreadPoolExecutor.runWorker(ThreadPoolExecutor.java:1134)
        at java.util.concurrent.ThreadPoolExecutor$Worker.run(ThreadPoolExecutor.java:624)
        at java.lang.Thread.run(Thread.java:750)
"EndpointStateMachine task thread for /0.0.0.0:35447 - 0 "  prio=5 tid=1403 in Object.wait()
java.lang.Thread.State: WAITING (on object monitor)
        at sun.misc.Unsafe.park(Native Method)
        at java.util.concurrent.locks.LockSupport.park(LockSupport.java:175)
        at java.util.concurrent.locks.AbstractQueuedSynchronizer$ConditionObject.await(AbstractQueuedSynchronizer.java:2039)
        at java.util.concurrent.LinkedBlockingQueue.take(LinkedBlockingQueue.java:442)
        at java.util.concurrent.ThreadPoolExecutor.getTask(ThreadPoolExecutor.java:1074)
        at java.util.concurrent.ThreadPoolExecutor.runWorker(ThreadPoolExecutor.java:1134)
        at java.util.concurrent.ThreadPoolExecutor$Worker.run(ThreadPoolExecutor.java:624)
        at java.lang.Thread.run(Thread.java:750)
"ChunkWriter-2-0" daemon prio=5 tid=1406 in Object.wait()
java.lang.Thread.State: WAITING (on object monitor)
        at sun.misc.Unsafe.park(Native Method)
        at java.util.concurrent.locks.LockSupport.park(LockSupport.java:175)
        at java.util.concurrent.locks.AbstractQueuedSynchronizer$ConditionObject.await(AbstractQueuedSynchronizer.java:2039)
        at java.util.concurrent.LinkedBlockingDeque.takeFirst(LinkedBlockingDeque.java:492)
        at java.util.concurrent.LinkedBlockingDeque.take(LinkedBlockingDeque.java:680)
        at java.util.concurrent.ThreadPoolExecutor.getTask(ThreadPoolExecutor.java:1074)
        at java.util.concurrent.ThreadPoolExecutor.runWorker(ThreadPoolExecutor.java:1134)
        at java.util.concurrent.ThreadPoolExecutor$Worker.run(ThreadPoolExecutor.java:624)
        at java.lang.Thread.run(Thread.java:750)
"FixedThreadPoolWithAffinityExecutor-2-0" daemon prio=5 tid=1097 timed_waiting
java.lang.Thread.State: TIMED_WAITING
        at sun.misc.Unsafe.park(Native Method)
        at java.util.concurrent.locks.LockSupport.parkNanos(LockSupport.java:215)
        at java.util.concurrent.locks.AbstractQueuedSynchronizer$ConditionObject.awaitNanos(AbstractQueuedSynchronizer.java:2078)
        at java.util.concurrent.LinkedBlockingQueue.poll(LinkedBlockingQueue.java:467)
        at org.apache.hadoop.hdds.scm.server.ContainerReportQueue.poll(ContainerReportQueue.java:266)
        at org.apache.hadoop.hdds.scm.server.ContainerReportQueue.poll(ContainerReportQueue.java:42)
        at org.apache.hadoop.hdds.server.events.FixedThreadPoolWithAffinityExecutor$ContainerReportProcessTask.run(FixedThreadPoolWithAffinityExecutor.java:218)
        at java.util.concurrent.Executors$RunnableAdapter.call(Executors.java:511)
        at java.util.concurrent.FutureTask.run(FutureTask.java:266)
        at java.util.concurrent.ThreadPoolExecutor.runWorker(ThreadPoolExecutor.java:1149)
        at java.util.concurrent.ThreadPoolExecutor$Worker.run(ThreadPoolExecutor.java:624)
        at java.lang.Thread.run(Thread.java:750)
"timer3" daemon prio=5 tid=551 timed_waiting
java.lang.Thread.State: TIMED_WAITING
        at java.lang.Object.wait(Native Method)
        at java.util.TimerThread.mainLoop(Timer.java:552)
        at java.util.TimerThread.run(Timer.java:505)
"Command processor thread" daemon prio=5 tid=1308 timed_waiting
java.lang.Thread.State: TIMED_WAITING
        at java.lang.Thread.sleep(Native Method)
        at org.apache.hadoop.ozone.container.common.statemachine.DatanodeStateMachine.lambda$initCommandHandlerThread$3(DatanodeStateMachine.java:641)
        at org.apache.hadoop.ozone.container.common.statemachine.DatanodeStateMachine$$Lambda$833/745519443.run(Unknown Source)
        at java.lang.Thread.run(Thread.java:750)
"Socket Reader #1 for port 0"  prio=5 tid=1189 runnable
java.lang.Thread.State: RUNNABLE
        at sun.nio.ch.EPollArrayWrapper.epollWait(Native Method)
        at sun.nio.ch.EPollArrayWrapper.poll(EPollArrayWrapper.java:269)
        at sun.nio.ch.EPollSelectorImpl.doSelect(EPollSelectorImpl.java:93)
        at sun.nio.ch.SelectorImpl.lockAndDoSelect(SelectorImpl.java:86)
        at sun.nio.ch.SelectorImpl.select(SelectorImpl.java:97)
        at sun.nio.ch.SelectorImpl.select(SelectorImpl.java:101)
        at org.apache.hadoop.ipc.Server$Listener$Reader.doRunLoop(Server.java:1296)
        at org.apache.hadoop.ipc.Server$Listener$Reader.run(Server.java:1275)
"IPC Server handler 16 on default port 44007" daemon prio=5 tid=1144 timed_waiting
java.lang.Thread.State: TIMED_WAITING
        at sun.misc.Unsafe.park(Native Method)
        at java.util.concurrent.locks.LockSupport.parkNanos(LockSupport.java:215)
        at java.util.concurrent.locks.AbstractQueuedSynchronizer$ConditionObject.awaitNanos(AbstractQueuedSynchronizer.java:2078)
        at java.util.concurrent.LinkedBlockingQueue.poll(LinkedBlockingQueue.java:467)
        at org.apache.hadoop.ipc.CallQueueManager.take(CallQueueManager.java:317)
        at org.apache.hadoop.ipc.Server$Handler.run(Server.java:2942)
"IPC Server handler 11 on default port 46561" daemon prio=5 tid=1221 timed_waiting
java.lang.Thread.State: TIMED_WAITING
        at sun.misc.Unsafe.park(Native Method)
        at java.util.concurrent.locks.LockSupport.parkNanos(LockSupport.java:215)
        at java.util.concurrent.locks.AbstractQueuedSynchronizer$ConditionObject.awaitNanos(AbstractQueuedSynchronizer.java:2078)
        at java.util.concurrent.LinkedBlockingQueue.poll(LinkedBlockingQueue.java:467)
        at org.apache.hadoop.ipc.CallQueueManager.take(CallQueueManager.java:317)
        at org.apache.hadoop.ipc.Server$Handler.run(Server.java:2942)
"qtp390900876-1205" daemon prio=5 tid=1205 timed_waiting
java.lang.Thread.State: TIMED_WAITING
        at sun.misc.Unsafe.park(Native Method)
        at java.util.concurrent.locks.LockSupport.parkNanos(LockSupport.java:215)
        at java.util.concurrent.locks.AbstractQueuedSynchronizer$ConditionObject.awaitNanos(AbstractQueuedSynchronizer.java:2078)
        at org.eclipse.jetty.util.BlockingArrayQueue.poll(BlockingArrayQueue.java:382)
        at org.eclipse.jetty.util.thread.QueuedThreadPool$Runner.idleJobPoll(QueuedThreadPool.java:974)
        at org.eclipse.jetty.util.thread.QueuedThreadPool$Runner.run(QueuedThreadPool.java:1018)
        at java.lang.Thread.run(Thread.java:750)
"IPC Server handler 6 on default port 45531" daemon prio=5 tid=1114 timed_waiting
java.lang.Thread.State: TIMED_WAITING
        at sun.misc.Unsafe.park(Native Method)
        at java.util.concurrent.locks.LockSupport.parkNanos(LockSupport.java:215)
        at java.util.concurrent.locks.AbstractQueuedSynchronizer$ConditionObject.awaitNanos(AbstractQueuedSynchronizer.java:2078)
        at java.util.concurrent.LinkedBlockingQueue.poll(LinkedBlockingQueue.java:467)
        at org.apache.hadoop.ipc.CallQueueManager.take(CallQueueManager.java:317)
        at org.apache.hadoop.ipc.Server$Handler.run(Server.java:2942)
"qtp904521933-1373-acceptor-0@71bee3d3-ServerConnector@2f31b227{HTTP/1.1, (http/1.1)}{0.0.0.0:38195}" daemon prio=3 tid=1373 runnable
java.lang.Thread.State: RUNNABLE
        at sun.nio.ch.ServerSocketChannelImpl.accept0(Native Method)
        at sun.nio.ch.ServerSocketChannelImpl.accept(ServerSocketChannelImpl.java:421)
        at sun.nio.ch.ServerSocketChannelImpl.accept(ServerSocketChannelImpl.java:249)
        at org.eclipse.jetty.server.ServerConnector.accept(ServerConnector.java:388)
        at org.eclipse.jetty.server.AbstractConnector$Acceptor.run(AbstractConnector.java:704)
        at org.eclipse.jetty.util.thread.QueuedThreadPool.runJob(QueuedThreadPool.java:883)
        at org.eclipse.jetty.util.thread.QueuedThreadPool$Runner.run(QueuedThreadPool.java:1034)
        at java.lang.Thread.run(Thread.java:750)
"IPC Server handler 3 on default port 44007" daemon prio=5 tid=1131 timed_waiting
java.lang.Thread.State: TIMED_WAITING
        at sun.misc.Unsafe.park(Native Method)
        at java.util.concurrent.locks.LockSupport.parkNanos(LockSupport.java:215)
        at java.util.concurrent.locks.AbstractQueuedSynchronizer$ConditionObject.awaitNanos(AbstractQueuedSynchronizer.java:2078)
        at java.util.concurrent.LinkedBlockingQueue.poll(LinkedBlockingQueue.java:467)
        at org.apache.hadoop.ipc.CallQueueManager.take(CallQueueManager.java:317)
        at org.apache.hadoop.ipc.Server$Handler.run(Server.java:2942)
"Session-HouseKeeper-5d0e4b9-1"  prio=5 tid=1379 timed_waiting
java.lang.Thread.State: TIMED_WAITING
        at sun.misc.Unsafe.park(Native Method)
        at java.util.concurrent.locks.LockSupport.parkNanos(LockSupport.java:215)
        at java.util.concurrent.locks.AbstractQueuedSynchronizer$ConditionObject.awaitNanos(AbstractQueuedSynchronizer.java:2078)
        at java.util.concurrent.ScheduledThreadPoolExecutor$DelayedWorkQueue.take(ScheduledThreadPoolExecutor.java:1093)
        at java.util.concurrent.ScheduledThreadPoolExecutor$DelayedWorkQueue.take(ScheduledThreadPoolExecutor.java:809)
        at java.util.concurrent.ThreadPoolExecutor.getTask(ThreadPoolExecutor.java:1074)
        at java.util.concurrent.ThreadPoolExecutor.runWorker(ThreadPoolExecutor.java:1134)
        at java.util.concurrent.ThreadPoolExecutor$Worker.run(ThreadPoolExecutor.java:624)
        at java.lang.Thread.run(Thread.java:750)
"9f6d9e32-b5ab-49ef-be08-a692056fb1f3@group-7E018C2E2285-SegmentedRaftLogWorker"  prio=5 tid=1485 timed_waiting
java.lang.Thread.State: TIMED_WAITING
        at sun.misc.Unsafe.park(Native Method)
        at java.util.concurrent.locks.LockSupport.parkNanos(LockSupport.java:215)
        at java.util.concurrent.locks.AbstractQueuedSynchronizer$ConditionObject.awaitNanos(AbstractQueuedSynchronizer.java:2078)
        at org.apache.ratis.util.DataBlockingQueue.poll(DataBlockingQueue.java:148)
        at org.apache.ratis.server.raftlog.segmented.SegmentedRaftLogWorker.run(SegmentedRaftLogWorker.java:310)
        at org.apache.ratis.server.raftlog.segmented.SegmentedRaftLogWorker$$Lambda$689/1917118246.run(Unknown Source)
        at java.lang.Thread.run(Thread.java:750)
"ChunkWriter-1-0" daemon prio=5 tid=1458 in Object.wait()
java.lang.Thread.State: WAITING (on object monitor)
        at sun.misc.Unsafe.park(Native Method)
        at java.util.concurrent.locks.LockSupport.park(LockSupport.java:175)
        at java.util.concurrent.locks.AbstractQueuedSynchronizer$ConditionObject.await(AbstractQueuedSynchronizer.java:2039)
        at java.util.concurrent.LinkedBlockingDeque.takeFirst(LinkedBlockingDeque.java:492)
        at java.util.concurrent.LinkedBlockingDeque.take(LinkedBlockingDeque.java:680)
        at java.util.concurrent.ThreadPoolExecutor.getTask(ThreadPoolExecutor.java:1074)
        at java.util.concurrent.ThreadPoolExecutor.runWorker(ThreadPoolExecutor.java:1134)
        at java.util.concurrent.ThreadPoolExecutor$Worker.run(ThreadPoolExecutor.java:624)
        at java.lang.Thread.run(Thread.java:750)
"IPC Server handler 2 on default port 46561" daemon prio=5 tid=1212 timed_waiting
java.lang.Thread.State: TIMED_WAITING
        at sun.misc.Unsafe.park(Native Method)
        at java.util.concurrent.locks.LockSupport.parkNanos(LockSupport.java:215)
        at java.util.concurrent.locks.AbstractQueuedSynchronizer$ConditionObject.awaitNanos(AbstractQueuedSynchronizer.java:2078)
        at java.util.concurrent.LinkedBlockingQueue.poll(LinkedBlockingQueue.java:467)
        at org.apache.hadoop.ipc.CallQueueManager.take(CallQueueManager.java:317)
        at org.apache.hadoop.ipc.Server$Handler.run(Server.java:2942)
"org.apache.hadoop.util.JvmPauseMonitor$Monitor@12c82e19" daemon prio=5 tid=1169 timed_waiting
java.lang.Thread.State: TIMED_WAITING
        at java.lang.Thread.sleep(Native Method)
        at org.apache.hadoop.util.JvmPauseMonitor$Monitor.run(JvmPauseMonitor.java:192)
        at java.lang.Thread.run(Thread.java:750)
"IPC Server handler 16 on default port 35447" daemon prio=5 tid=1164 timed_waiting
java.lang.Thread.State: TIMED_WAITING
        at sun.misc.Unsafe.park(Native Method)
        at java.util.concurrent.locks.LockSupport.parkNanos(LockSupport.java:215)
        at java.util.concurrent.locks.AbstractQueuedSynchronizer$ConditionObject.awaitNanos(AbstractQueuedSynchronizer.java:2078)
        at java.util.concurrent.LinkedBlockingQueue.poll(LinkedBlockingQueue.java:467)
        at org.apache.hadoop.ipc.CallQueueManager.take(CallQueueManager.java:317)
        at org.apache.hadoop.ipc.Server$Handler.run(Server.java:2942)
"BlockDeletingService#2" daemon prio=5 tid=1628 in Object.wait()
java.lang.Thread.State: WAITING (on object monitor)
        at sun.misc.Unsafe.park(Native Method)
        at java.util.concurrent.locks.LockSupport.park(LockSupport.java:175)
        at java.util.concurrent.locks.AbstractQueuedSynchronizer$ConditionObject.await(AbstractQueuedSynchronizer.java:2039)
        at java.util.concurrent.ScheduledThreadPoolExecutor$DelayedWorkQueue.take(ScheduledThreadPoolExecutor.java:1088)
        at java.util.concurrent.ScheduledThreadPoolExecutor$DelayedWorkQueue.take(ScheduledThreadPoolExecutor.java:809)
        at java.util.concurrent.ThreadPoolExecutor.getTask(ThreadPoolExecutor.java:1074)
        at java.util.concurrent.ThreadPoolExecutor.runWorker(ThreadPoolExecutor.java:1134)
        at java.util.concurrent.ThreadPoolExecutor$Worker.run(ThreadPoolExecutor.java:624)
        at java.lang.Thread.run(Thread.java:750)
"IPC Server handler 5 on default port 35447" daemon prio=5 tid=1153 timed_waiting
java.lang.Thread.State: TIMED_WAITING
        at sun.misc.Unsafe.park(Native Method)
        at java.util.concurrent.locks.LockSupport.parkNanos(LockSupport.java:215)
        at java.util.concurrent.locks.AbstractQueuedSynchronizer$ConditionObject.awaitNanos(AbstractQueuedSynchronizer.java:2078)
        at java.util.concurrent.LinkedBlockingQueue.poll(LinkedBlockingQueue.java:467)
        at org.apache.hadoop.ipc.CallQueueManager.take(CallQueueManager.java:317)
        at org.apache.hadoop.ipc.Server$Handler.run(Server.java:2942)
"qtp904521933-1374" daemon prio=5 tid=1374 timed_waiting
java.lang.Thread.State: TIMED_WAITING
        at sun.misc.Unsafe.park(Native Method)
        at java.util.concurrent.locks.LockSupport.parkNanos(LockSupport.java:215)
        at java.util.concurrent.locks.AbstractQueuedSynchronizer$ConditionObject.awaitNanos(AbstractQueuedSynchronizer.java:2078)
        at org.eclipse.jetty.util.BlockingArrayQueue.poll(BlockingArrayQueue.java:382)
        at org.eclipse.jetty.util.thread.QueuedThreadPool$Runner.idleJobPoll(QueuedThreadPool.java:974)
        at org.eclipse.jetty.util.thread.QueuedThreadPool$Runner.run(QueuedThreadPool.java:1018)
        at java.lang.Thread.run(Thread.java:750)
"StaleRecoveringContainerScrubbingService#2" daemon prio=5 tid=1627 in Object.wait()
java.lang.Thread.State: WAITING (on object monitor)
        at sun.misc.Unsafe.park(Native Method)
        at java.util.concurrent.locks.LockSupport.park(LockSupport.java:175)
        at java.util.concurrent.locks.AbstractQueuedSynchronizer$ConditionObject.await(AbstractQueuedSynchronizer.java:2039)
        at java.util.concurrent.ScheduledThreadPoolExecutor$DelayedWorkQueue.take(ScheduledThreadPoolExecutor.java:1088)
        at java.util.concurrent.ScheduledThreadPoolExecutor$DelayedWorkQueue.take(ScheduledThreadPoolExecutor.java:809)
        at java.util.concurrent.ThreadPoolExecutor.getTask(ThreadPoolExecutor.java:1074)
        at java.util.concurrent.ThreadPoolExecutor.runWorker(ThreadPoolExecutor.java:1134)
        at java.util.concurrent.ThreadPoolExecutor$Worker.run(ThreadPoolExecutor.java:624)
        at java.lang.Thread.run(Thread.java:750)
"ChunkWriter-0-0" daemon prio=5 tid=1428 in Object.wait()
java.lang.Thread.State: WAITING (on object monitor)
        at sun.misc.Unsafe.park(Native Method)
        at java.util.concurrent.locks.LockSupport.park(LockSupport.java:175)
        at java.util.concurrent.locks.AbstractQueuedSynchronizer$ConditionObject.await(AbstractQueuedSynchronizer.java:2039)
        at java.util.concurrent.LinkedBlockingDeque.takeFirst(LinkedBlockingDeque.java:492)
        at java.util.concurrent.LinkedBlockingDeque.take(LinkedBlockingDeque.java:680)
        at java.util.concurrent.ThreadPoolExecutor.getTask(ThreadPoolExecutor.java:1074)
        at java.util.concurrent.ThreadPoolExecutor.runWorker(ThreadPoolExecutor.java:1134)
        at java.util.concurrent.ThreadPoolExecutor$Worker.run(ThreadPoolExecutor.java:624)
        at java.lang.Thread.run(Thread.java:750)
"pool-553-thread-1"  prio=5 tid=1238 timed_waiting
java.lang.Thread.State: TIMED_WAITING
        at sun.misc.Unsafe.park(Native Method)
        at java.util.concurrent.locks.LockSupport.parkNanos(LockSupport.java:215)
        at java.util.concurrent.locks.AbstractQueuedSynchronizer$ConditionObject.awaitNanos(AbstractQueuedSynchronizer.java:2078)
        at java.util.concurrent.ScheduledThreadPoolExecutor$DelayedWorkQueue.take(ScheduledThreadPoolExecutor.java:1093)
        at java.util.concurrent.ScheduledThreadPoolExecutor$DelayedWorkQueue.take(ScheduledThreadPoolExecutor.java:809)
        at java.util.concurrent.ThreadPoolExecutor.getTask(ThreadPoolExecutor.java:1074)
        at java.util.concurrent.ThreadPoolExecutor.runWorker(ThreadPoolExecutor.java:1134)
        at java.util.concurrent.ThreadPoolExecutor$Worker.run(ThreadPoolExecutor.java:624)
        at java.lang.Thread.run(Thread.java:750)
"Datanode ReportManager Thread - 3" daemon prio=5 tid=1384 timed_waiting
java.lang.Thread.State: TIMED_WAITING
        at sun.misc.Unsafe.park(Native Method)
        at java.util.concurrent.locks.LockSupport.parkNanos(LockSupport.java:215)
        at java.util.concurrent.locks.AbstractQueuedSynchronizer$ConditionObject.awaitNanos(AbstractQueuedSynchronizer.java:2078)
        at java.util.concurrent.ScheduledThreadPoolExecutor$DelayedWorkQueue.take(ScheduledThreadPoolExecutor.java:1093)
        at java.util.concurrent.ScheduledThreadPoolExecutor$DelayedWorkQueue.take(ScheduledThreadPoolExecutor.java:809)
        at java.util.concurrent.ThreadPoolExecutor.getTask(ThreadPoolExecutor.java:1074)
        at java.util.concurrent.ThreadPoolExecutor.runWorker(ThreadPoolExecutor.java:1134)
        at java.util.concurrent.ThreadPoolExecutor$Worker.run(ThreadPoolExecutor.java:624)
        at java.lang.Thread.run(Thread.java:750)
"IPC Server handler 5 on default port 46561" daemon prio=5 tid=1215 timed_waiting
java.lang.Thread.State: TIMED_WAITING
        at sun.misc.Unsafe.park(Native Method)
        at java.util.concurrent.locks.LockSupport.parkNanos(LockSupport.java:215)
        at java.util.concurrent.locks.AbstractQueuedSynchronizer$ConditionObject.awaitNanos(AbstractQueuedSynchronizer.java:2078)
        at java.util.concurrent.LinkedBlockingQueue.poll(LinkedBlockingQueue.java:467)
        at org.apache.hadoop.ipc.CallQueueManager.take(CallQueueManager.java:317)
        at org.apache.hadoop.ipc.Server$Handler.run(Server.java:2942)
"qtp1380251088-1171" daemon prio=5 tid=1171 runnable
java.lang.Thread.State: RUNNABLE
        at sun.nio.ch.EPollArrayWrapper.epollWait(Native Method)
        at sun.nio.ch.EPollArrayWrapper.poll(EPollArrayWrapper.java:269)
        at sun.nio.ch.EPollSelectorImpl.doSelect(EPollSelectorImpl.java:93)
        at sun.nio.ch.SelectorImpl.lockAndDoSelect(SelectorImpl.java:86)
        at sun.nio.ch.SelectorImpl.select(SelectorImpl.java:97)
        at sun.nio.ch.SelectorImpl.select(SelectorImpl.java:101)
        at org.eclipse.jetty.io.ManagedSelector.nioSelect(ManagedSelector.java:183)
        at org.eclipse.jetty.io.ManagedSelector.select(ManagedSelector.java:190)
        at org.eclipse.jetty.io.ManagedSelector$SelectorProducer.select(ManagedSelector.java:606)
        at org.eclipse.jetty.io.ManagedSelector$SelectorProducer.produce(ManagedSelector.java:543)
        at org.eclipse.jetty.util.thread.strategy.EatWhatYouKill.produceTask(EatWhatYouKill.java:362)
        at org.eclipse.jetty.util.thread.strategy.EatWhatYouKill.doProduce(EatWhatYouKill.java:186)
        at org.eclipse.jetty.util.thread.strategy.EatWhatYouKill.tryProduce(EatWhatYouKill.java:173)
        at org.eclipse.jetty.util.thread.strategy.EatWhatYouKill.produce(EatWhatYouKill.java:137)
        at org.eclipse.jetty.io.ManagedSelector$$Lambda$470/271594494.run(Unknown Source)
        at org.eclipse.jetty.util.thread.QueuedThreadPool.runJob(QueuedThreadPool.java:883)
        at org.eclipse.jetty.util.thread.QueuedThreadPool$Runner.run(QueuedThreadPool.java:1034)
        at java.lang.Thread.run(Thread.java:750)
"69ebc52a-668b-4a1b-b1c8-adfe2408a111@group-7E018C2E2285-SegmentedRaftLogWorker"  prio=5 tid=1492 timed_waiting
java.lang.Thread.State: TIMED_WAITING
        at sun.misc.Unsafe.park(Native Method)
        at java.util.concurrent.locks.LockSupport.parkNanos(LockSupport.java:215)
        at java.util.concurrent.locks.AbstractQueuedSynchronizer$ConditionObject.awaitNanos(AbstractQueuedSynchronizer.java:2078)
        at org.apache.ratis.util.DataBlockingQueue.poll(DataBlockingQueue.java:148)
        at org.apache.ratis.server.raftlog.segmented.SegmentedRaftLogWorker.run(SegmentedRaftLogWorker.java:310)
        at org.apache.ratis.server.raftlog.segmented.SegmentedRaftLogWorker$$Lambda$689/1917118246.run(Unknown Source)
        at java.lang.Thread.run(Thread.java:750)
"qtp1930618491-1294" daemon prio=5 tid=1294 timed_waiting
java.lang.Thread.State: TIMED_WAITING
        at sun.misc.Unsafe.park(Native Method)
        at java.util.concurrent.locks.LockSupport.parkNanos(LockSupport.java:215)
        at java.util.concurrent.locks.AbstractQueuedSynchronizer$ConditionObject.awaitNanos(AbstractQueuedSynchronizer.java:2078)
        at org.eclipse.jetty.util.BlockingArrayQueue.poll(BlockingArrayQueue.java:382)
        at org.eclipse.jetty.util.thread.QueuedThreadPool$Runner.idleJobPoll(QueuedThreadPool.java:974)
        at org.eclipse.jetty.util.thread.QueuedThreadPool$Runner.run(QueuedThreadPool.java:1018)
        at java.lang.Thread.run(Thread.java:750)
"StaleRecoveringContainerScrubbingService#2" daemon prio=5 tid=1619 in Object.wait()
java.lang.Thread.State: WAITING (on object monitor)
        at sun.misc.Unsafe.park(Native Method)
        at java.util.concurrent.locks.LockSupport.park(LockSupport.java:175)
        at java.util.concurrent.locks.AbstractQueuedSynchronizer$ConditionObject.await(AbstractQueuedSynchronizer.java:2039)
        at java.util.concurrent.ScheduledThreadPoolExecutor$DelayedWorkQueue.take(ScheduledThreadPoolExecutor.java:1088)
        at java.util.concurrent.ScheduledThreadPoolExecutor$DelayedWorkQueue.take(ScheduledThreadPoolExecutor.java:809)
        at java.util.concurrent.ThreadPoolExecutor.getTask(ThreadPoolExecutor.java:1074)
        at java.util.concurrent.ThreadPoolExecutor.runWorker(ThreadPoolExecutor.java:1134)
        at java.util.concurrent.ThreadPoolExecutor$Worker.run(ThreadPoolExecutor.java:624)
        at java.lang.Thread.run(Thread.java:750)
"IPC Server handler 4 on default port 45531" daemon prio=5 tid=1112 timed_waiting
java.lang.Thread.State: TIMED_WAITING
        at sun.misc.Unsafe.park(Native Method)
        at java.util.concurrent.locks.LockSupport.parkNanos(LockSupport.java:215)
        at java.util.concurrent.locks.AbstractQueuedSynchronizer$ConditionObject.awaitNanos(AbstractQueuedSynchronizer.java:2078)
        at java.util.concurrent.LinkedBlockingQueue.poll(LinkedBlockingQueue.java:467)
        at org.apache.hadoop.ipc.CallQueueManager.take(CallQueueManager.java:317)
        at org.apache.hadoop.ipc.Server$Handler.run(Server.java:2942)
"BlockDeletingService#0" daemon prio=5 tid=1463 in Object.wait()
java.lang.Thread.State: WAITING (on object monitor)
        at sun.misc.Unsafe.park(Native Method)
        at java.util.concurrent.locks.LockSupport.park(LockSupport.java:175)
        at java.util.concurrent.locks.AbstractQueuedSynchronizer$ConditionObject.await(AbstractQueuedSynchronizer.java:2039)
        at java.util.concurrent.ScheduledThreadPoolExecutor$DelayedWorkQueue.take(ScheduledThreadPoolExecutor.java:1088)
        at java.util.concurrent.ScheduledThreadPoolExecutor$DelayedWorkQueue.take(ScheduledThreadPoolExecutor.java:809)
        at java.util.concurrent.ThreadPoolExecutor.getTask(ThreadPoolExecutor.java:1074)
        at java.util.concurrent.ThreadPoolExecutor.runWorker(ThreadPoolExecutor.java:1134)
        at java.util.concurrent.ThreadPoolExecutor$Worker.run(ThreadPoolExecutor.java:624)
        at java.lang.Thread.run(Thread.java:750)
"IPC Server handler 8 on default port 44007" daemon prio=5 tid=1136 timed_waiting
java.lang.Thread.State: TIMED_WAITING
        at sun.misc.Unsafe.park(Native Method)
        at java.util.concurrent.locks.LockSupport.parkNanos(LockSupport.java:215)
        at java.util.concurrent.locks.AbstractQueuedSynchronizer$ConditionObject.awaitNanos(AbstractQueuedSynchronizer.java:2078)
        at java.util.concurrent.LinkedBlockingQueue.poll(LinkedBlockingQueue.java:467)
        at org.apache.hadoop.ipc.CallQueueManager.take(CallQueueManager.java:317)
        at org.apache.hadoop.ipc.Server$Handler.run(Server.java:2942)
"StaleRecoveringContainerScrubbingService#0" daemon prio=5 tid=1447 in Object.wait()
java.lang.Thread.State: WAITING (on object monitor)
        at sun.misc.Unsafe.park(Native Method)
        at java.util.concurrent.locks.LockSupport.park(LockSupport.java:175)
        at java.util.concurrent.locks.AbstractQueuedSynchronizer$ConditionObject.await(AbstractQueuedSynchronizer.java:2039)
        at java.util.concurrent.ScheduledThreadPoolExecutor$DelayedWorkQueue.take(ScheduledThreadPoolExecutor.java:1088)
        at java.util.concurrent.ScheduledThreadPoolExecutor$DelayedWorkQueue.take(ScheduledThreadPoolExecutor.java:809)
        at java.util.concurrent.ThreadPoolExecutor.getTask(ThreadPoolExecutor.java:1074)
        at java.util.concurrent.ThreadPoolExecutor.runWorker(ThreadPoolExecutor.java:1134)
        at java.util.concurrent.ThreadPoolExecutor$Worker.run(ThreadPoolExecutor.java:624)
        at java.lang.Thread.run(Thread.java:750)
"Datanode State Machine Task Thread - 1"  prio=5 tid=1438 in Object.wait()
java.lang.Thread.State: WAITING (on object monitor)
        at sun.misc.Unsafe.park(Native Method)
        at java.util.concurrent.locks.LockSupport.park(LockSupport.java:175)
        at java.util.concurrent.locks.AbstractQueuedSynchronizer$ConditionObject.await(AbstractQueuedSynchronizer.java:2039)
        at java.util.concurrent.LinkedBlockingQueue.take(LinkedBlockingQueue.java:442)
        at java.util.concurrent.ThreadPoolExecutor.getTask(ThreadPoolExecutor.java:1074)
        at java.util.concurrent.ThreadPoolExecutor.runWorker(ThreadPoolExecutor.java:1134)
        at java.util.concurrent.ThreadPoolExecutor$Worker.run(ThreadPoolExecutor.java:624)
        at java.lang.Thread.run(Thread.java:750)
"qtp1446747078-1265" daemon prio=5 tid=1265 runnable
java.lang.Thread.State: RUNNABLE
        at sun.nio.ch.EPollArrayWrapper.epollWait(Native Method)
        at sun.nio.ch.EPollArrayWrapper.poll(EPollArrayWrapper.java:269)
        at sun.nio.ch.EPollSelectorImpl.doSelect(EPollSelectorImpl.java:93)
        at sun.nio.ch.SelectorImpl.lockAndDoSelect(SelectorImpl.java:86)
        at sun.nio.ch.SelectorImpl.select(SelectorImpl.java:97)
        at sun.nio.ch.SelectorImpl.select(SelectorImpl.java:101)
        at org.eclipse.jetty.io.ManagedSelector.nioSelect(ManagedSelector.java:183)
        at org.eclipse.jetty.io.ManagedSelector.select(ManagedSelector.java:190)
        at org.eclipse.jetty.io.ManagedSelector$SelectorProducer.select(ManagedSelector.java:606)
        at org.eclipse.jetty.io.ManagedSelector$SelectorProducer.produce(ManagedSelector.java:543)
        at org.eclipse.jetty.util.thread.strategy.EatWhatYouKill.produceTask(EatWhatYouKill.java:362)
        at org.eclipse.jetty.util.thread.strategy.EatWhatYouKill.doProduce(EatWhatYouKill.java:186)
        at org.eclipse.jetty.util.thread.strategy.EatWhatYouKill.tryProduce(EatWhatYouKill.java:173)
        at org.eclipse.jetty.util.thread.strategy.EatWhatYouKill.produce(EatWhatYouKill.java:137)
        at org.eclipse.jetty.io.ManagedSelector$$Lambda$470/271594494.run(Unknown Source)
        at org.eclipse.jetty.util.thread.QueuedThreadPool.runJob(QueuedThreadPool.java:883)
        at org.eclipse.jetty.util.thread.QueuedThreadPool$Runner.run(QueuedThreadPool.java:1034)
        at java.lang.Thread.run(Thread.java:750)
"Datanode ReportManager Thread - 2" daemon prio=5 tid=1277 in Object.wait()
java.lang.Thread.State: WAITING (on object monitor)
        at sun.misc.Unsafe.park(Native Method)
        at java.util.concurrent.locks.LockSupport.park(LockSupport.java:175)
        at java.util.concurrent.locks.AbstractQueuedSynchronizer$ConditionObject.await(AbstractQueuedSynchronizer.java:2039)
        at java.util.concurrent.ScheduledThreadPoolExecutor$DelayedWorkQueue.take(ScheduledThreadPoolExecutor.java:1088)
        at java.util.concurrent.ScheduledThreadPoolExecutor$DelayedWorkQueue.take(ScheduledThreadPoolExecutor.java:809)
        at java.util.concurrent.ThreadPoolExecutor.getTask(ThreadPoolExecutor.java:1074)
        at java.util.concurrent.ThreadPoolExecutor.runWorker(ThreadPoolExecutor.java:1134)
        at java.util.concurrent.ThreadPoolExecutor$Worker.run(ThreadPoolExecutor.java:624)
        at java.lang.Thread.run(Thread.java:750)
"Periodic HDDS volume checker" daemon prio=5 tid=1284 timed_waiting
java.lang.Thread.State: TIMED_WAITING
        at sun.misc.Unsafe.park(Native Method)
        at java.util.concurrent.locks.LockSupport.parkNanos(LockSupport.java:215)
        at java.util.concurrent.locks.AbstractQueuedSynchronizer$ConditionObject.awaitNanos(AbstractQueuedSynchronizer.java:2078)
        at java.util.concurrent.ScheduledThreadPoolExecutor$DelayedWorkQueue.take(ScheduledThreadPoolExecutor.java:1093)
        at java.util.concurrent.ScheduledThreadPoolExecutor$DelayedWorkQueue.take(ScheduledThreadPoolExecutor.java:809)
        at java.util.concurrent.ThreadPoolExecutor.getTask(ThreadPoolExecutor.java:1074)
        at java.util.concurrent.ThreadPoolExecutor.runWorker(ThreadPoolExecutor.java:1134)
        at java.util.concurrent.ThreadPoolExecutor$Worker.run(ThreadPoolExecutor.java:624)
        at java.lang.Thread.run(Thread.java:750)
"om1@group-C5BA1605619E-LeaderStateImpl" daemon prio=5 tid=1301 timed_waiting
java.lang.Thread.State: TIMED_WAITING
        at sun.misc.Unsafe.park(Native Method)
        at java.util.concurrent.locks.LockSupport.parkNanos(LockSupport.java:215)
        at java.util.concurrent.locks.AbstractQueuedSynchronizer$ConditionObject.awaitNanos(AbstractQueuedSynchronizer.java:2078)
        at java.util.concurrent.ArrayBlockingQueue.poll(ArrayBlockingQueue.java:418)
        at org.apache.ratis.server.impl.LeaderStateImpl$EventQueue.poll(LeaderStateImpl.java:159)
        at org.apache.ratis.server.impl.LeaderStateImpl$EventProcessor.run(LeaderStateImpl.java:630)
"IPC Server handler 9 on default port 46561" daemon prio=5 tid=1219 timed_waiting
java.lang.Thread.State: TIMED_WAITING
        at sun.misc.Unsafe.park(Native Method)
        at java.util.concurrent.locks.LockSupport.parkNanos(LockSupport.java:215)
        at java.util.concurrent.locks.AbstractQueuedSynchronizer$ConditionObject.awaitNanos(AbstractQueuedSynchronizer.java:2078)
        at java.util.concurrent.LinkedBlockingQueue.poll(LinkedBlockingQueue.java:467)
        at org.apache.hadoop.ipc.CallQueueManager.take(CallQueueManager.java:317)
        at org.apache.hadoop.ipc.Server$Handler.run(Server.java:2942)
"Datanode State Machine Task Thread - 1"  prio=5 tid=1389 in Object.wait()
java.lang.Thread.State: WAITING (on object monitor)
        at sun.misc.Unsafe.park(Native Method)
        at java.util.concurrent.locks.LockSupport.park(LockSupport.java:175)
        at java.util.concurrent.locks.AbstractQueuedSynchronizer$ConditionObject.await(AbstractQueuedSynchronizer.java:2039)
        at java.util.concurrent.LinkedBlockingQueue.take(LinkedBlockingQueue.java:442)
        at java.util.concurrent.ThreadPoolExecutor.getTask(ThreadPoolExecutor.java:1074)
        at java.util.concurrent.ThreadPoolExecutor.runWorker(ThreadPoolExecutor.java:1134)
        at java.util.concurrent.ThreadPoolExecutor$Worker.run(ThreadPoolExecutor.java:624)
        at java.lang.Thread.run(Thread.java:750)
"BackgroundPipelineScrubberThread" daemon prio=5 tid=1077 timed_waiting
java.lang.Thread.State: TIMED_WAITING
        at java.lang.Object.wait(Native Method)
        at org.apache.hadoop.hdds.scm.ha.BackgroundSCMService.run(BackgroundSCMService.java:110)
        at org.apache.hadoop.hdds.scm.ha.BackgroundSCMService$$Lambda$396/1907517568.run(Unknown Source)
        at java.lang.Thread.run(Thread.java:750)
"org.apache.hadoop.util.JvmPauseMonitor$Monitor@4f6053d7" daemon prio=5 tid=1387 timed_waiting
java.lang.Thread.State: TIMED_WAITING
        at java.lang.Thread.sleep(Native Method)
        at org.apache.hadoop.util.JvmPauseMonitor$Monitor.run(JvmPauseMonitor.java:192)
        at java.lang.Thread.run(Thread.java:750)
"IPC Server idle connection scanner for port 35447" daemon prio=5 tid=1085 timed_waiting
java.lang.Thread.State: TIMED_WAITING
        at java.lang.Object.wait(Native Method)
        at java.util.TimerThread.mainLoop(Timer.java:552)
        at java.util.TimerThread.run(Timer.java:505)
"IPC Server handler 13 on default port 46561" daemon prio=5 tid=1223 timed_waiting
java.lang.Thread.State: TIMED_WAITING
        at sun.misc.Unsafe.park(Native Method)
        at java.util.concurrent.locks.LockSupport.parkNanos(LockSupport.java:215)
        at java.util.concurrent.locks.AbstractQueuedSynchronizer$ConditionObject.awaitNanos(AbstractQueuedSynchronizer.java:2078)
        at java.util.concurrent.LinkedBlockingQueue.poll(LinkedBlockingQueue.java:467)
        at org.apache.hadoop.ipc.CallQueueManager.take(CallQueueManager.java:317)
        at org.apache.hadoop.ipc.Server$Handler.run(Server.java:2942)
"Datanode State Machine Task Thread - 0"  prio=5 tid=1336 in Object.wait()
java.lang.Thread.State: WAITING (on object monitor)
        at sun.misc.Unsafe.park(Native Method)
        at java.util.concurrent.locks.LockSupport.park(LockSupport.java:175)
        at java.util.concurrent.locks.AbstractQueuedSynchronizer$ConditionObject.await(AbstractQueuedSynchronizer.java:2039)
        at java.util.concurrent.LinkedBlockingQueue.take(LinkedBlockingQueue.java:442)
        at java.util.concurrent.ThreadPoolExecutor.getTask(ThreadPoolExecutor.java:1074)
        at java.util.concurrent.ThreadPoolExecutor.runWorker(ThreadPoolExecutor.java:1134)
        at java.util.concurrent.ThreadPoolExecutor$Worker.run(ThreadPoolExecutor.java:624)
        at java.lang.Thread.run(Thread.java:750)
"Periodic HDDS volume checker" daemon prio=5 tid=1312 timed_waiting
java.lang.Thread.State: TIMED_WAITING
        at sun.misc.Unsafe.park(Native Method)
        at java.util.concurrent.locks.LockSupport.parkNanos(LockSupport.java:215)
        at java.util.concurrent.locks.AbstractQueuedSynchronizer$ConditionObject.awaitNanos(AbstractQueuedSynchronizer.java:2078)
        at java.util.concurrent.ScheduledThreadPoolExecutor$DelayedWorkQueue.take(ScheduledThreadPoolExecutor.java:1093)
        at java.util.concurrent.ScheduledThreadPoolExecutor$DelayedWorkQueue.take(ScheduledThreadPoolExecutor.java:809)
        at java.util.concurrent.ThreadPoolExecutor.getTask(ThreadPoolExecutor.java:1074)
        at java.util.concurrent.ThreadPoolExecutor.runWorker(ThreadPoolExecutor.java:1134)
        at java.util.concurrent.ThreadPoolExecutor$Worker.run(ThreadPoolExecutor.java:624)
        at java.lang.Thread.run(Thread.java:750)
"ReplicationMonitor" daemon prio=5 tid=1079 timed_waiting
java.lang.Thread.State: TIMED_WAITING
        at java.lang.Object.wait(Native Method)
        at org.apache.hadoop.hdds.scm.container.replication.ReplicationManager.run(ReplicationManager.java:576)
        at org.apache.hadoop.hdds.scm.container.replication.ReplicationManager$$Lambda$403/1949625875.run(Unknown Source)
        at java.lang.Thread.run(Thread.java:750)
"Session-HouseKeeper-44df2fa9-1"  prio=5 tid=1327 timed_waiting
java.lang.Thread.State: TIMED_WAITING
        at sun.misc.Unsafe.park(Native Method)
        at java.util.concurrent.locks.LockSupport.parkNanos(LockSupport.java:215)
        at java.util.concurrent.locks.AbstractQueuedSynchronizer$ConditionObject.awaitNanos(AbstractQueuedSynchronizer.java:2078)
        at java.util.concurrent.ScheduledThreadPoolExecutor$DelayedWorkQueue.take(ScheduledThreadPoolExecutor.java:1093)
        at java.util.concurrent.ScheduledThreadPoolExecutor$DelayedWorkQueue.take(ScheduledThreadPoolExecutor.java:809)
        at java.util.concurrent.ThreadPoolExecutor.getTask(ThreadPoolExecutor.java:1074)
        at java.util.concurrent.ThreadPoolExecutor.runWorker(ThreadPoolExecutor.java:1134)
        at java.util.concurrent.ThreadPoolExecutor$Worker.run(ThreadPoolExecutor.java:624)
        at java.lang.Thread.run(Thread.java:750)
"ChunkWriter-1-0" daemon prio=5 tid=1441 in Object.wait()
java.lang.Thread.State: WAITING (on object monitor)
        at sun.misc.Unsafe.park(Native Method)
        at java.util.concurrent.locks.LockSupport.park(LockSupport.java:175)
        at java.util.concurrent.locks.AbstractQueuedSynchronizer$ConditionObject.await(AbstractQueuedSynchronizer.java:2039)
        at java.util.concurrent.LinkedBlockingDeque.takeFirst(LinkedBlockingDeque.java:492)
        at java.util.concurrent.LinkedBlockingDeque.take(LinkedBlockingDeque.java:680)
        at java.util.concurrent.ThreadPoolExecutor.getTask(ThreadPoolExecutor.java:1074)
        at java.util.concurrent.ThreadPoolExecutor.runWorker(ThreadPoolExecutor.java:1134)
        at java.util.concurrent.ThreadPoolExecutor$Worker.run(ThreadPoolExecutor.java:624)
        at java.lang.Thread.run(Thread.java:750)
"StaleRecoveringContainerScrubbingService#1" daemon prio=5 tid=1413 timed_waiting
java.lang.Thread.State: TIMED_WAITING
        at sun.misc.Unsafe.park(Native Method)
        at java.util.concurrent.locks.LockSupport.parkNanos(LockSupport.java:215)
        at java.util.concurrent.locks.AbstractQueuedSynchronizer$ConditionObject.awaitNanos(AbstractQueuedSynchronizer.java:2078)
        at java.util.concurrent.ScheduledThreadPoolExecutor$DelayedWorkQueue.take(ScheduledThreadPoolExecutor.java:1093)
        at java.util.concurrent.ScheduledThreadPoolExecutor$DelayedWorkQueue.take(ScheduledThreadPoolExecutor.java:809)
        at java.util.concurrent.ThreadPoolExecutor.getTask(ThreadPoolExecutor.java:1074)
        at java.util.concurrent.ThreadPoolExecutor.runWorker(ThreadPoolExecutor.java:1134)
        at java.util.concurrent.ThreadPoolExecutor$Worker.run(ThreadPoolExecutor.java:624)
        at java.lang.Thread.run(Thread.java:750)
"qtp390900876-1201" daemon prio=5 tid=1201 runnable
java.lang.Thread.State: RUNNABLE
        at sun.nio.ch.EPollArrayWrapper.epollWait(Native Method)
        at sun.nio.ch.EPollArrayWrapper.poll(EPollArrayWrapper.java:269)
        at sun.nio.ch.EPollSelectorImpl.doSelect(EPollSelectorImpl.java:93)
        at sun.nio.ch.SelectorImpl.lockAndDoSelect(SelectorImpl.java:86)
        at sun.nio.ch.SelectorImpl.select(SelectorImpl.java:97)
        at sun.nio.ch.SelectorImpl.select(SelectorImpl.java:101)
        at org.eclipse.jetty.io.ManagedSelector.nioSelect(ManagedSelector.java:183)
        at org.eclipse.jetty.io.ManagedSelector.select(ManagedSelector.java:190)
        at org.eclipse.jetty.io.ManagedSelector$SelectorProducer.select(ManagedSelector.java:606)
        at org.eclipse.jetty.io.ManagedSelector$SelectorProducer.produce(ManagedSelector.java:543)
        at org.eclipse.jetty.util.thread.strategy.EatWhatYouKill.produceTask(EatWhatYouKill.java:362)
        at org.eclipse.jetty.util.thread.strategy.EatWhatYouKill.doProduce(EatWhatYouKill.java:186)
        at org.eclipse.jetty.util.thread.strategy.EatWhatYouKill.tryProduce(EatWhatYouKill.java:173)
        at org.eclipse.jetty.util.thread.strategy.EatWhatYouKill.produce(EatWhatYouKill.java:137)
        at org.eclipse.jetty.io.ManagedSelector$$Lambda$470/271594494.run(Unknown Source)
        at org.eclipse.jetty.util.thread.QueuedThreadPool.runJob(QueuedThreadPool.java:883)
        at org.eclipse.jetty.util.thread.QueuedThreadPool$Runner.run(QueuedThreadPool.java:1034)
        at java.lang.Thread.run(Thread.java:750)
"BlockDeletingService#1" daemon prio=5 tid=1465 timed_waiting
java.lang.Thread.State: TIMED_WAITING
        at sun.misc.Unsafe.park(Native Method)
        at java.util.concurrent.locks.LockSupport.parkNanos(LockSupport.java:215)
        at java.util.concurrent.locks.AbstractQueuedSynchronizer$ConditionObject.awaitNanos(AbstractQueuedSynchronizer.java:2078)
        at java.util.concurrent.ScheduledThreadPoolExecutor$DelayedWorkQueue.take(ScheduledThreadPoolExecutor.java:1093)
        at java.util.concurrent.ScheduledThreadPoolExecutor$DelayedWorkQueue.take(ScheduledThreadPoolExecutor.java:809)
        at java.util.concurrent.ThreadPoolExecutor.getTask(ThreadPoolExecutor.java:1074)
        at java.util.concurrent.ThreadPoolExecutor.runWorker(ThreadPoolExecutor.java:1134)
        at java.util.concurrent.ThreadPoolExecutor$Worker.run(ThreadPoolExecutor.java:624)
        at java.lang.Thread.run(Thread.java:750)
"FixedThreadPoolWithAffinityExecutor-9-0" daemon prio=5 tid=1104 timed_waiting
java.lang.Thread.State: TIMED_WAITING
        at sun.misc.Unsafe.park(Native Method)
        at java.util.concurrent.locks.LockSupport.parkNanos(LockSupport.java:215)
        at java.util.concurrent.locks.AbstractQueuedSynchronizer$ConditionObject.awaitNanos(AbstractQueuedSynchronizer.java:2078)
        at java.util.concurrent.LinkedBlockingQueue.poll(LinkedBlockingQueue.java:467)
        at org.apache.hadoop.hdds.scm.server.ContainerReportQueue.poll(ContainerReportQueue.java:266)
        at org.apache.hadoop.hdds.scm.server.ContainerReportQueue.poll(ContainerReportQueue.java:42)
        at org.apache.hadoop.hdds.server.events.FixedThreadPoolWithAffinityExecutor$ContainerReportProcessTask.run(FixedThreadPoolWithAffinityExecutor.java:218)
        at java.util.concurrent.Executors$RunnableAdapter.call(Executors.java:511)
        at java.util.concurrent.FutureTask.run(FutureTask.java:266)
        at java.util.concurrent.ThreadPoolExecutor.runWorker(ThreadPoolExecutor.java:1149)
        at java.util.concurrent.ThreadPoolExecutor$Worker.run(ThreadPoolExecutor.java:624)
        at java.lang.Thread.run(Thread.java:750)
"qtp1644006516-1242" daemon prio=5 tid=1242 timed_waiting
java.lang.Thread.State: TIMED_WAITING
        at sun.misc.Unsafe.park(Native Method)
        at java.util.concurrent.locks.LockSupport.parkNanos(LockSupport.java:215)
        at java.util.concurrent.locks.AbstractQueuedSynchronizer$ConditionObject.awaitNanos(AbstractQueuedSynchronizer.java:2078)
        at org.eclipse.jetty.util.BlockingArrayQueue.poll(BlockingArrayQueue.java:382)
        at org.eclipse.jetty.util.thread.QueuedThreadPool$Runner.idleJobPoll(QueuedThreadPool.java:974)
        at org.eclipse.jetty.util.thread.QueuedThreadPool$Runner.run(QueuedThreadPool.java:1018)
        at java.lang.Thread.run(Thread.java:750)
"IPC Server handler 14 on default port 46561" daemon prio=5 tid=1224 timed_waiting
java.lang.Thread.State: TIMED_WAITING
        at sun.misc.Unsafe.park(Native Method)
        at java.util.concurrent.locks.LockSupport.parkNanos(LockSupport.java:215)
        at java.util.concurrent.locks.AbstractQueuedSynchronizer$ConditionObject.awaitNanos(AbstractQueuedSynchronizer.java:2078)
        at java.util.concurrent.LinkedBlockingQueue.poll(LinkedBlockingQueue.java:467)
        at org.apache.hadoop.ipc.CallQueueManager.take(CallQueueManager.java:317)
        at org.apache.hadoop.ipc.Server$Handler.run(Server.java:2942)
"ChunkWriter-2-0" daemon prio=5 tid=1459 in Object.wait()
java.lang.Thread.State: WAITING (on object monitor)
        at sun.misc.Unsafe.park(Native Method)
        at java.util.concurrent.locks.LockSupport.park(LockSupport.java:175)
        at java.util.concurrent.locks.AbstractQueuedSynchronizer$ConditionObject.await(AbstractQueuedSynchronizer.java:2039)
        at java.util.concurrent.LinkedBlockingDeque.takeFirst(LinkedBlockingDeque.java:492)
        at java.util.concurrent.LinkedBlockingDeque.take(LinkedBlockingDeque.java:680)
        at java.util.concurrent.ThreadPoolExecutor.getTask(ThreadPoolExecutor.java:1074)
        at java.util.concurrent.ThreadPoolExecutor.runWorker(ThreadPoolExecutor.java:1134)
        at java.util.concurrent.ThreadPoolExecutor$Worker.run(ThreadPoolExecutor.java:624)
        at java.lang.Thread.run(Thread.java:750)
"FixedThreadPoolWithAffinityExecutor-0-0" daemon prio=5 tid=1095 timed_waiting
java.lang.Thread.State: TIMED_WAITING
        at sun.misc.Unsafe.park(Native Method)
        at java.util.concurrent.locks.LockSupport.parkNanos(LockSupport.java:215)
        at java.util.concurrent.locks.AbstractQueuedSynchronizer$ConditionObject.awaitNanos(AbstractQueuedSynchronizer.java:2078)
        at java.util.concurrent.LinkedBlockingQueue.poll(LinkedBlockingQueue.java:467)
        at org.apache.hadoop.hdds.scm.server.ContainerReportQueue.poll(ContainerReportQueue.java:266)
        at org.apache.hadoop.hdds.scm.server.ContainerReportQueue.poll(ContainerReportQueue.java:42)
        at org.apache.hadoop.hdds.server.events.FixedThreadPoolWithAffinityExecutor$ContainerReportProcessTask.run(FixedThreadPoolWithAffinityExecutor.java:218)
        at java.util.concurrent.Executors$RunnableAdapter.call(Executors.java:511)
        at java.util.concurrent.FutureTask.run(FutureTask.java:266)
        at java.util.concurrent.ThreadPoolExecutor.runWorker(ThreadPoolExecutor.java:1149)
        at java.util.concurrent.ThreadPoolExecutor$Worker.run(ThreadPoolExecutor.java:624)
        at java.lang.Thread.run(Thread.java:750)
"IPC Server handler 14 on default port 44007" daemon prio=5 tid=1142 timed_waiting
java.lang.Thread.State: TIMED_WAITING
        at sun.misc.Unsafe.park(Native Method)
        at java.util.concurrent.locks.LockSupport.parkNanos(LockSupport.java:215)
        at java.util.concurrent.locks.AbstractQueuedSynchronizer$ConditionObject.awaitNanos(AbstractQueuedSynchronizer.java:2078)
        at java.util.concurrent.LinkedBlockingQueue.poll(LinkedBlockingQueue.java:467)
        at org.apache.hadoop.ipc.CallQueueManager.take(CallQueueManager.java:317)
        at org.apache.hadoop.ipc.Server$Handler.run(Server.java:2942)
"Periodic HDDS volume checker" daemon prio=5 tid=1258 timed_waiting
java.lang.Thread.State: TIMED_WAITING
        at sun.misc.Unsafe.park(Native Method)
        at java.util.concurrent.locks.LockSupport.parkNanos(LockSupport.java:215)
        at java.util.concurrent.locks.AbstractQueuedSynchronizer$ConditionObject.awaitNanos(AbstractQueuedSynchronizer.java:2078)
        at java.util.concurrent.ScheduledThreadPoolExecutor$DelayedWorkQueue.take(ScheduledThreadPoolExecutor.java:1093)
        at java.util.concurrent.ScheduledThreadPoolExecutor$DelayedWorkQueue.take(ScheduledThreadPoolExecutor.java:809)
        at java.util.concurrent.ThreadPoolExecutor.getTask(ThreadPoolExecutor.java:1074)
        at java.util.concurrent.ThreadPoolExecutor.runWorker(ThreadPoolExecutor.java:1134)
        at java.util.concurrent.ThreadPoolExecutor$Worker.run(ThreadPoolExecutor.java:624)
        at java.lang.Thread.run(Thread.java:750)
"Finalizer" daemon prio=8 tid=3 in Object.wait()
java.lang.Thread.State: WAITING (on object monitor)
        at java.lang.Object.wait(Native Method)
        at java.lang.ref.ReferenceQueue.remove(ReferenceQueue.java:144)
        at java.lang.ref.ReferenceQueue.remove(ReferenceQueue.java:165)
        at java.lang.ref.Finalizer$FinalizerThread.run(Finalizer.java:216)
"Datanode State Machine Daemon Thread" daemon prio=5 tid=1328 timed_waiting
java.lang.Thread.State: TIMED_WAITING
        at java.lang.Thread.sleep(Native Method)
        at org.apache.hadoop.ozone.container.common.statemachine.DatanodeStateMachine.startStateMachineThread(DatanodeStateMachine.java:321)
        at org.apache.hadoop.ozone.container.common.statemachine.DatanodeStateMachine.lambda$startDaemon$0(DatanodeStateMachine.java:506)
        at org.apache.hadoop.ozone.container.common.statemachine.DatanodeStateMachine$$Lambda$815/9941880.run(Unknown Source)
        at java.lang.Thread.run(Thread.java:750)
"qtp1930618491-1292-acceptor-0@10d5fba1-ServerConnector@4ca9c90b{HTTP/1.1, (http/1.1)}{0.0.0.0:33017}" daemon prio=3 tid=1292 runnable
java.lang.Thread.State: RUNNABLE
        at sun.nio.ch.ServerSocketChannelImpl.accept0(Native Method)
        at sun.nio.ch.ServerSocketChannelImpl.accept(ServerSocketChannelImpl.java:421)
        at sun.nio.ch.ServerSocketChannelImpl.accept(ServerSocketChannelImpl.java:249)
        at org.eclipse.jetty.server.ServerConnector.accept(ServerConnector.java:388)
        at org.eclipse.jetty.server.AbstractConnector$Acceptor.run(AbstractConnector.java:704)
        at org.eclipse.jetty.util.thread.QueuedThreadPool.runJob(QueuedThreadPool.java:883)
        at org.eclipse.jetty.util.thread.QueuedThreadPool$Runner.run(QueuedThreadPool.java:1034)
        at java.lang.Thread.run(Thread.java:750)
"ChunkReader-ELG-0" daemon prio=5 tid=1445 runnable
java.lang.Thread.State: RUNNABLE
        at org.apache.ratis.thirdparty.io.netty.channel.epoll.Native.epollWait(Native Method)
        at org.apache.ratis.thirdparty.io.netty.channel.epoll.Native.epollWait(Native.java:209)
        at org.apache.ratis.thirdparty.io.netty.channel.epoll.Native.epollWait(Native.java:202)
        at org.apache.ratis.thirdparty.io.netty.channel.epoll.EpollEventLoop.epollWaitNoTimerChange(EpollEventLoop.java:294)
        at org.apache.ratis.thirdparty.io.netty.channel.epoll.EpollEventLoop.run(EpollEventLoop.java:351)
        at org.apache.ratis.thirdparty.io.netty.util.concurrent.SingleThreadEventExecutor$4.run(SingleThreadEventExecutor.java:995)
        at org.apache.ratis.thirdparty.io.netty.util.internal.ThreadExecutorMap$2.run(ThreadExecutorMap.java:74)
        at java.lang.Thread.run(Thread.java:750)
"pool-659-thread-1"  prio=5 tid=1500 in Object.wait()
java.lang.Thread.State: WAITING (on object monitor)
        at sun.misc.Unsafe.park(Native Method)
        at java.util.concurrent.locks.LockSupport.park(LockSupport.java:175)
        at java.util.concurrent.locks.AbstractQueuedSynchronizer$ConditionObject.await(AbstractQueuedSynchronizer.java:2039)
        at java.util.concurrent.LinkedBlockingQueue.take(LinkedBlockingQueue.java:442)
        at java.util.concurrent.ThreadPoolExecutor.getTask(ThreadPoolExecutor.java:1074)
        at java.util.concurrent.ThreadPoolExecutor.runWorker(ThreadPoolExecutor.java:1134)
        at java.util.concurrent.ThreadPoolExecutor$Worker.run(ThreadPoolExecutor.java:624)
        at java.lang.Thread.run(Thread.java:750)
"Datanode ReportManager Thread - 3" daemon prio=5 tid=1278 in Object.wait()
java.lang.Thread.State: WAITING (on object monitor)
        at sun.misc.Unsafe.park(Native Method)
        at java.util.concurrent.locks.LockSupport.park(LockSupport.java:175)
        at java.util.concurrent.locks.AbstractQueuedSynchronizer$ConditionObject.await(AbstractQueuedSynchronizer.java:2039)
        at java.util.concurrent.ScheduledThreadPoolExecutor$DelayedWorkQueue.take(ScheduledThreadPoolExecutor.java:1088)
        at java.util.concurrent.ScheduledThreadPoolExecutor$DelayedWorkQueue.take(ScheduledThreadPoolExecutor.java:809)
        at java.util.concurrent.ThreadPoolExecutor.getTask(ThreadPoolExecutor.java:1074)
        at java.util.concurrent.ThreadPoolExecutor.runWorker(ThreadPoolExecutor.java:1134)
        at java.util.concurrent.ThreadPoolExecutor$Worker.run(ThreadPoolExecutor.java:624)
        at java.lang.Thread.run(Thread.java:750)
"pool-432-thread-1"  prio=5 tid=1025 in Object.wait()
java.lang.Thread.State: WAITING (on object monitor)
        at sun.misc.Unsafe.park(Native Method)
        at java.util.concurrent.locks.LockSupport.park(LockSupport.java:175)
        at java.util.concurrent.locks.AbstractQueuedSynchronizer$ConditionObject.await(AbstractQueuedSynchronizer.java:2039)
        at java.util.concurrent.LinkedBlockingQueue.take(LinkedBlockingQueue.java:442)
        at java.util.concurrent.ThreadPoolExecutor.getTask(ThreadPoolExecutor.java:1074)
        at java.util.concurrent.ThreadPoolExecutor.runWorker(ThreadPoolExecutor.java:1134)
        at java.util.concurrent.ThreadPoolExecutor$Worker.run(ThreadPoolExecutor.java:624)
        at java.lang.Thread.run(Thread.java:750)
"JvmPauseMonitor12" daemon prio=5 tid=1396 timed_waiting
java.lang.Thread.State: TIMED_WAITING
        at java.lang.Thread.sleep(Native Method)
        at java.lang.Thread.sleep(Thread.java:342)
        at java.util.concurrent.TimeUnit.sleep(TimeUnit.java:386)
        at org.apache.ratis.util.TimeDuration.sleep(TimeDuration.java:325)
        at org.apache.ratis.util.TimeDuration.sleep(TimeDuration.java:310)
        at org.apache.ratis.util.JvmPauseMonitor.detectPause(JvmPauseMonitor.java:119)
        at org.apache.ratis.util.JvmPauseMonitor.run(JvmPauseMonitor.java:108)
        at org.apache.ratis.util.JvmPauseMonitor$$Lambda$730/1688410242.run(Unknown Source)
        at java.lang.Thread.run(Thread.java:750)
"IPC Server listener on 0" daemon prio=5 tid=1083 runnable
java.lang.Thread.State: RUNNABLE
        at sun.nio.ch.EPollArrayWrapper.epollWait(Native Method)
        at sun.nio.ch.EPollArrayWrapper.poll(EPollArrayWrapper.java:269)
        at sun.nio.ch.EPollSelectorImpl.doSelect(EPollSelectorImpl.java:93)
        at sun.nio.ch.SelectorImpl.lockAndDoSelect(SelectorImpl.java:86)
        at sun.nio.ch.SelectorImpl.select(SelectorImpl.java:97)
        at sun.nio.ch.SelectorImpl.select(SelectorImpl.java:101)
        at org.apache.hadoop.ipc.Server$Listener.run(Server.java:1358)
"grpc-default-worker-ELG-5-2" daemon prio=5 tid=915 runnable
java.lang.Thread.State: RUNNABLE
        at org.apache.ratis.thirdparty.io.netty.channel.epoll.Native.epollWait0(Native Method)
        at org.apache.ratis.thirdparty.io.netty.channel.epoll.Native.epollWait(Native.java:182)
        at org.apache.ratis.thirdparty.io.netty.channel.epoll.EpollEventLoop.epollWait(EpollEventLoop.java:290)
        at org.apache.ratis.thirdparty.io.netty.channel.epoll.EpollEventLoop.run(EpollEventLoop.java:354)
        at org.apache.ratis.thirdparty.io.netty.util.concurrent.SingleThreadEventExecutor$4.run(SingleThreadEventExecutor.java:995)
        at org.apache.ratis.thirdparty.io.netty.util.internal.ThreadExecutorMap$2.run(ThreadExecutorMap.java:74)
        at org.apache.ratis.thirdparty.io.netty.util.concurrent.FastThreadLocalRunnable.run(FastThreadLocalRunnable.java:30)
        at java.lang.Thread.run(Thread.java:750)
"EventQueue-OpenPipelineForHealthyPipelineSafeModeRule" daemon prio=5 tid=1554 in Object.wait()
java.lang.Thread.State: WAITING (on object monitor)
        at sun.misc.Unsafe.park(Native Method)
        at java.util.concurrent.locks.LockSupport.park(LockSupport.java:175)
        at java.util.concurrent.locks.AbstractQueuedSynchronizer$ConditionObject.await(AbstractQueuedSynchronizer.java:2039)
        at java.util.concurrent.LinkedBlockingQueue.take(LinkedBlockingQueue.java:442)
        at java.util.concurrent.ThreadPoolExecutor.getTask(ThreadPoolExecutor.java:1074)
        at java.util.concurrent.ThreadPoolExecutor.runWorker(ThreadPoolExecutor.java:1134)
        at java.util.concurrent.ThreadPoolExecutor$Worker.run(ThreadPoolExecutor.java:624)
        at java.lang.Thread.run(Thread.java:750)
"ChunkWriter-0-0" daemon prio=5 tid=1404 in Object.wait()
java.lang.Thread.State: WAITING (on object monitor)
        at sun.misc.Unsafe.park(Native Method)
        at java.util.concurrent.locks.LockSupport.park(LockSupport.java:175)
        at java.util.concurrent.locks.AbstractQueuedSynchronizer$ConditionObject.await(AbstractQueuedSynchronizer.java:2039)
        at java.util.concurrent.LinkedBlockingDeque.takeFirst(LinkedBlockingDeque.java:492)
        at java.util.concurrent.LinkedBlockingDeque.take(LinkedBlockingDeque.java:680)
        at java.util.concurrent.ThreadPoolExecutor.getTask(ThreadPoolExecutor.java:1074)
        at java.util.concurrent.ThreadPoolExecutor.runWorker(ThreadPoolExecutor.java:1134)
        at java.util.concurrent.ThreadPoolExecutor$Worker.run(ThreadPoolExecutor.java:624)
        at java.lang.Thread.run(Thread.java:750)
"Datanode State Machine Task Thread - 1"  prio=5 tid=1402 in Object.wait()
java.lang.Thread.State: WAITING (on object monitor)
        at sun.misc.Unsafe.park(Native Method)
        at java.util.concurrent.locks.LockSupport.park(LockSupport.java:175)
        at java.util.concurrent.locks.AbstractQueuedSynchronizer$ConditionObject.await(AbstractQueuedSynchronizer.java:2039)
        at java.util.concurrent.LinkedBlockingQueue.take(LinkedBlockingQueue.java:442)
        at java.util.concurrent.ThreadPoolExecutor.getTask(ThreadPoolExecutor.java:1074)
        at java.util.concurrent.ThreadPoolExecutor.runWorker(ThreadPoolExecutor.java:1134)
        at java.util.concurrent.ThreadPoolExecutor$Worker.run(ThreadPoolExecutor.java:624)
        at java.lang.Thread.run(Thread.java:750)
"Datanode State Machine Task Thread - 0"  prio=5 tid=1256 in Object.wait()
java.lang.Thread.State: WAITING (on object monitor)
        at sun.misc.Unsafe.park(Native Method)
        at java.util.concurrent.locks.LockSupport.park(LockSupport.java:175)
        at java.util.concurrent.locks.AbstractQueuedSynchronizer$ConditionObject.await(AbstractQueuedSynchronizer.java:2039)
        at java.util.concurrent.LinkedBlockingQueue.take(LinkedBlockingQueue.java:442)
        at java.util.concurrent.ThreadPoolExecutor.getTask(ThreadPoolExecutor.java:1074)
        at java.util.concurrent.ThreadPoolExecutor.runWorker(ThreadPoolExecutor.java:1134)
        at java.util.concurrent.ThreadPoolExecutor$Worker.run(ThreadPoolExecutor.java:624)
        at java.lang.Thread.run(Thread.java:750)
"qtp1380251088-1173" daemon prio=5 tid=1173 timed_waiting
java.lang.Thread.State: TIMED_WAITING
        at sun.misc.Unsafe.park(Native Method)
        at java.util.concurrent.locks.LockSupport.parkNanos(LockSupport.java:215)
        at java.util.concurrent.locks.AbstractQueuedSynchronizer$ConditionObject.awaitNanos(AbstractQueuedSynchronizer.java:2078)
        at org.eclipse.jetty.util.BlockingArrayQueue.poll(BlockingArrayQueue.java:382)
        at org.eclipse.jetty.util.thread.QueuedThreadPool$Runner.idleJobPoll(QueuedThreadPool.java:974)
        at org.eclipse.jetty.util.thread.QueuedThreadPool$Runner.run(QueuedThreadPool.java:1018)
        at java.lang.Thread.run(Thread.java:750)
"BlockDeletingService#1" daemon prio=5 tid=1400 timed_waiting
java.lang.Thread.State: TIMED_WAITING
        at sun.misc.Unsafe.park(Native Method)
        at java.util.concurrent.locks.LockSupport.parkNanos(LockSupport.java:215)
        at java.util.concurrent.locks.AbstractQueuedSynchronizer$ConditionObject.awaitNanos(AbstractQueuedSynchronizer.java:2078)
        at java.util.concurrent.ScheduledThreadPoolExecutor$DelayedWorkQueue.take(ScheduledThreadPoolExecutor.java:1093)
        at java.util.concurrent.ScheduledThreadPoolExecutor$DelayedWorkQueue.take(ScheduledThreadPoolExecutor.java:809)
        at java.util.concurrent.ThreadPoolExecutor.getTask(ThreadPoolExecutor.java:1074)
        at java.util.concurrent.ThreadPoolExecutor.runWorker(ThreadPoolExecutor.java:1134)
        at java.util.concurrent.ThreadPoolExecutor$Worker.run(ThreadPoolExecutor.java:624)
        at java.lang.Thread.run(Thread.java:750)
"86012a26-2f7a-42b0-9674-f0c6f2d36cf9@group-7E018C2E2285-SegmentedRaftLogWorker"  prio=5 tid=1488 timed_waiting
java.lang.Thread.State: TIMED_WAITING
        at sun.misc.Unsafe.park(Native Method)
        at java.util.concurrent.locks.LockSupport.parkNanos(LockSupport.java:215)
        at java.util.concurrent.locks.AbstractQueuedSynchronizer$ConditionObject.awaitNanos(AbstractQueuedSynchronizer.java:2078)
        at org.apache.ratis.util.DataBlockingQueue.poll(DataBlockingQueue.java:148)
        at org.apache.ratis.server.raftlog.segmented.SegmentedRaftLogWorker.run(SegmentedRaftLogWorker.java:310)
        at org.apache.ratis.server.raftlog.segmented.SegmentedRaftLogWorker$$Lambda$689/1917118246.run(Unknown Source)
        at java.lang.Thread.run(Thread.java:750)
"grpc-default-worker-ELG-5-1" daemon prio=5 tid=913 runnable
java.lang.Thread.State: RUNNABLE
        at org.apache.ratis.thirdparty.io.netty.channel.epoll.Native.epollWait0(Native Method)
        at org.apache.ratis.thirdparty.io.netty.channel.epoll.Native.epollWait(Native.java:182)
        at org.apache.ratis.thirdparty.io.netty.channel.epoll.EpollEventLoop.epollWait(EpollEventLoop.java:290)
        at org.apache.ratis.thirdparty.io.netty.channel.epoll.EpollEventLoop.run(EpollEventLoop.java:354)
        at org.apache.ratis.thirdparty.io.netty.util.concurrent.SingleThreadEventExecutor$4.run(SingleThreadEventExecutor.java:995)
        at org.apache.ratis.thirdparty.io.netty.util.internal.ThreadExecutorMap$2.run(ThreadExecutorMap.java:74)
        at org.apache.ratis.thirdparty.io.netty.util.concurrent.FastThreadLocalRunnable.run(FastThreadLocalRunnable.java:30)
        at java.lang.Thread.run(Thread.java:750)
"EndpointStateMachine task thread for /0.0.0.0:35447 - 0 "  prio=5 tid=1427 in Object.wait()
java.lang.Thread.State: WAITING (on object monitor)
        at sun.misc.Unsafe.park(Native Method)
        at java.util.concurrent.locks.LockSupport.park(LockSupport.java:175)
        at java.util.concurrent.locks.AbstractQueuedSynchronizer$ConditionObject.await(AbstractQueuedSynchronizer.java:2039)
        at java.util.concurrent.LinkedBlockingQueue.take(LinkedBlockingQueue.java:442)
        at java.util.concurrent.ThreadPoolExecutor.getTask(ThreadPoolExecutor.java:1074)
        at java.util.concurrent.ThreadPoolExecutor.runWorker(ThreadPoolExecutor.java:1134)
        at java.util.concurrent.ThreadPoolExecutor$Worker.run(ThreadPoolExecutor.java:624)
        at java.lang.Thread.run(Thread.java:750)
"pool-567-thread-1"  prio=5 tid=1474 in Object.wait()
java.lang.Thread.State: WAITING (on object monitor)
        at sun.misc.Unsafe.park(Native Method)
        at java.util.concurrent.locks.LockSupport.park(LockSupport.java:175)
        at java.util.concurrent.locks.AbstractQueuedSynchronizer$ConditionObject.await(AbstractQueuedSynchronizer.java:2039)
        at java.util.concurrent.LinkedBlockingQueue.take(LinkedBlockingQueue.java:442)
        at java.util.concurrent.ThreadPoolExecutor.getTask(ThreadPoolExecutor.java:1074)
        at java.util.concurrent.ThreadPoolExecutor.runWorker(ThreadPoolExecutor.java:1134)
        at java.util.concurrent.ThreadPoolExecutor$Worker.run(ThreadPoolExecutor.java:624)
        at java.lang.Thread.run(Thread.java:750)
"IPC Server handler 0 on default port 35447" daemon prio=5 tid=1148 timed_waiting
java.lang.Thread.State: TIMED_WAITING
        at sun.misc.Unsafe.park(Native Method)
        at java.util.concurrent.locks.LockSupport.parkNanos(LockSupport.java:215)
        at java.util.concurrent.locks.AbstractQueuedSynchronizer$ConditionObject.awaitNanos(AbstractQueuedSynchronizer.java:2078)
        at java.util.concurrent.LinkedBlockingQueue.poll(LinkedBlockingQueue.java:467)
        at org.apache.hadoop.ipc.CallQueueManager.take(CallQueueManager.java:317)
        at org.apache.hadoop.ipc.Server$Handler.run(Server.java:2942)
"StaleRecoveringContainerScrubbingService#1" daemon prio=5 tid=1449 timed_waiting
java.lang.Thread.State: TIMED_WAITING
        at sun.misc.Unsafe.park(Native Method)
        at java.util.concurrent.locks.LockSupport.parkNanos(LockSupport.java:215)
        at java.util.concurrent.locks.AbstractQueuedSynchronizer$ConditionObject.awaitNanos(AbstractQueuedSynchronizer.java:2078)
        at java.util.concurrent.ScheduledThreadPoolExecutor$DelayedWorkQueue.take(ScheduledThreadPoolExecutor.java:1093)
        at java.util.concurrent.ScheduledThreadPoolExecutor$DelayedWorkQueue.take(ScheduledThreadPoolExecutor.java:809)
        at java.util.concurrent.ThreadPoolExecutor.getTask(ThreadPoolExecutor.java:1074)
        at java.util.concurrent.ThreadPoolExecutor.runWorker(ThreadPoolExecutor.java:1134)
        at java.util.concurrent.ThreadPoolExecutor$Worker.run(ThreadPoolExecutor.java:624)
        at java.lang.Thread.run(Thread.java:750)
"ChunkWriter-2-0" daemon prio=5 tid=1430 in Object.wait()
java.lang.Thread.State: WAITING (on object monitor)
        at sun.misc.Unsafe.park(Native Method)
        at java.util.concurrent.locks.LockSupport.park(LockSupport.java:175)
        at java.util.concurrent.locks.AbstractQueuedSynchronizer$ConditionObject.await(AbstractQueuedSynchronizer.java:2039)
        at java.util.concurrent.LinkedBlockingDeque.takeFirst(LinkedBlockingDeque.java:492)
        at java.util.concurrent.LinkedBlockingDeque.take(LinkedBlockingDeque.java:680)
        at java.util.concurrent.ThreadPoolExecutor.getTask(ThreadPoolExecutor.java:1074)
        at java.util.concurrent.ThreadPoolExecutor.runWorker(ThreadPoolExecutor.java:1134)
        at java.util.concurrent.ThreadPoolExecutor$Worker.run(ThreadPoolExecutor.java:624)
        at java.lang.Thread.run(Thread.java:750)
"EndpointStateMachine task thread for /0.0.0.0:35447 - 0 "  prio=5 tid=1451 in Object.wait()
java.lang.Thread.State: WAITING (on object monitor)
        at sun.misc.Unsafe.park(Native Method)
        at java.util.concurrent.locks.LockSupport.park(LockSupport.java:175)
        at java.util.concurrent.locks.AbstractQueuedSynchronizer$ConditionObject.await(AbstractQueuedSynchronizer.java:2039)
        at java.util.concurrent.LinkedBlockingQueue.take(LinkedBlockingQueue.java:442)
        at java.util.concurrent.ThreadPoolExecutor.getTask(ThreadPoolExecutor.java:1074)
        at java.util.concurrent.ThreadPoolExecutor.runWorker(ThreadPoolExecutor.java:1134)
        at java.util.concurrent.ThreadPoolExecutor$Worker.run(ThreadPoolExecutor.java:624)
        at java.lang.Thread.run(Thread.java:750)
"69ebc52a-668b-4a1b-b1c8-adfe2408a111-server-thread3" daemon prio=5 tid=1609 timed_waiting
java.lang.Thread.State: TIMED_WAITING
        at sun.misc.Unsafe.park(Native Method)
        at java.util.concurrent.locks.LockSupport.parkNanos(LockSupport.java:215)
        at java.util.concurrent.SynchronousQueue$TransferStack.awaitFulfill(SynchronousQueue.java:460)
        at java.util.concurrent.SynchronousQueue$TransferStack.transfer(SynchronousQueue.java:362)
        at java.util.concurrent.SynchronousQueue.poll(SynchronousQueue.java:941)
        at java.util.concurrent.ThreadPoolExecutor.getTask(ThreadPoolExecutor.java:1073)
        at java.util.concurrent.ThreadPoolExecutor.runWorker(ThreadPoolExecutor.java:1134)
        at java.util.concurrent.ThreadPoolExecutor$Worker.run(ThreadPoolExecutor.java:624)
        at java.lang.Thread.run(Thread.java:750)
"IPC Server handler 17 on default port 44007" daemon prio=5 tid=1145 timed_waiting
java.lang.Thread.State: TIMED_WAITING
        at sun.misc.Unsafe.park(Native Method)
        at java.util.concurrent.locks.LockSupport.parkNanos(LockSupport.java:215)
        at java.util.concurrent.locks.AbstractQueuedSynchronizer$ConditionObject.awaitNanos(AbstractQueuedSynchronizer.java:2078)
        at java.util.concurrent.LinkedBlockingQueue.poll(LinkedBlockingQueue.java:467)
        at org.apache.hadoop.ipc.CallQueueManager.take(CallQueueManager.java:317)
        at org.apache.hadoop.ipc.Server$Handler.run(Server.java:2942)
"IPC Server handler 18 on default port 44007" daemon prio=5 tid=1146 timed_waiting
java.lang.Thread.State: TIMED_WAITING
        at sun.misc.Unsafe.park(Native Method)
        at java.util.concurrent.locks.LockSupport.parkNanos(LockSupport.java:215)
        at java.util.concurrent.locks.AbstractQueuedSynchronizer$ConditionObject.awaitNanos(AbstractQueuedSynchronizer.java:2078)
        at java.util.concurrent.LinkedBlockingQueue.poll(LinkedBlockingQueue.java:467)
        at org.apache.hadoop.ipc.CallQueueManager.take(CallQueueManager.java:317)
        at org.apache.hadoop.ipc.Server$Handler.run(Server.java:2942)
"IPC Server handler 0 on default port 46561" daemon prio=5 tid=1210 timed_waiting
java.lang.Thread.State: TIMED_WAITING
        at sun.misc.Unsafe.park(Native Method)
        at java.util.concurrent.locks.LockSupport.parkNanos(LockSupport.java:215)
        at java.util.concurrent.locks.AbstractQueuedSynchronizer$ConditionObject.awaitNanos(AbstractQueuedSynchronizer.java:2078)
        at java.util.concurrent.LinkedBlockingQueue.poll(LinkedBlockingQueue.java:467)
        at org.apache.hadoop.ipc.CallQueueManager.take(CallQueueManager.java:317)
        at org.apache.hadoop.ipc.Server$Handler.run(Server.java:2942)
"86012a26-2f7a-42b0-9674-f0c6f2d36cf9-server-thread1" daemon prio=5 tid=1605 timed_waiting
java.lang.Thread.State: TIMED_WAITING
        at sun.misc.Unsafe.park(Native Method)
        at java.util.concurrent.locks.LockSupport.parkNanos(LockSupport.java:215)
        at java.util.concurrent.SynchronousQueue$TransferStack.awaitFulfill(SynchronousQueue.java:460)
        at java.util.concurrent.SynchronousQueue$TransferStack.transfer(SynchronousQueue.java:362)
        at java.util.concurrent.SynchronousQueue.poll(SynchronousQueue.java:941)
        at java.util.concurrent.ThreadPoolExecutor.getTask(ThreadPoolExecutor.java:1073)
        at java.util.concurrent.ThreadPoolExecutor.runWorker(ThreadPoolExecutor.java:1134)
        at java.util.concurrent.ThreadPoolExecutor$Worker.run(ThreadPoolExecutor.java:624)
        at java.lang.Thread.run(Thread.java:750)
"IPC Server listener on 0" daemon prio=5 tid=1091 runnable
java.lang.Thread.State: RUNNABLE
        at sun.nio.ch.EPollArrayWrapper.epollWait(Native Method)
        at sun.nio.ch.EPollArrayWrapper.poll(EPollArrayWrapper.java:269)
        at sun.nio.ch.EPollSelectorImpl.doSelect(EPollSelectorImpl.java:93)
        at sun.nio.ch.SelectorImpl.lockAndDoSelect(SelectorImpl.java:86)
        at sun.nio.ch.SelectorImpl.select(SelectorImpl.java:97)
        at sun.nio.ch.SelectorImpl.select(SelectorImpl.java:101)
        at org.apache.hadoop.ipc.Server$Listener.run(Server.java:1358)
"qtp1644006516-1241" daemon prio=5 tid=1241 timed_waiting
java.lang.Thread.State: TIMED_WAITING
        at sun.misc.Unsafe.park(Native Method)
        at java.util.concurrent.locks.LockSupport.parkNanos(LockSupport.java:215)
        at java.util.concurrent.locks.AbstractQueuedSynchronizer$ConditionObject.awaitNanos(AbstractQueuedSynchronizer.java:2078)
        at org.eclipse.jetty.util.BlockingArrayQueue.poll(BlockingArrayQueue.java:382)
        at org.eclipse.jetty.util.thread.QueuedThreadPool$Runner.idleJobPoll(QueuedThreadPool.java:974)
        at org.eclipse.jetty.util.thread.QueuedThreadPool$Runner.run(QueuedThreadPool.java:1018)
        at java.lang.Thread.run(Thread.java:750)
"qtp1380251088-1174" daemon prio=5 tid=1174 timed_waiting
java.lang.Thread.State: TIMED_WAITING
        at sun.misc.Unsafe.park(Native Method)
        at java.util.concurrent.locks.LockSupport.parkNanos(LockSupport.java:215)
        at java.util.concurrent.locks.AbstractQueuedSynchronizer$ConditionObject.awaitNanos(AbstractQueuedSynchronizer.java:2078)
        at org.eclipse.jetty.util.BlockingArrayQueue.poll(BlockingArrayQueue.java:382)
        at org.eclipse.jetty.util.thread.QueuedThreadPool$Runner.idleJobPoll(QueuedThreadPool.java:974)
        at org.eclipse.jetty.util.thread.QueuedThreadPool$Runner.run(QueuedThreadPool.java:1018)
        at java.lang.Thread.run(Thread.java:750)
"grpc-default-executor-4" daemon prio=5 tid=1559 timed_waiting
java.lang.Thread.State: TIMED_WAITING
        at sun.misc.Unsafe.park(Native Method)
        at java.util.concurrent.locks.LockSupport.parkNanos(LockSupport.java:215)
        at java.util.concurrent.SynchronousQueue$TransferStack.awaitFulfill(SynchronousQueue.java:460)
        at java.util.concurrent.SynchronousQueue$TransferStack.transfer(SynchronousQueue.java:362)
        at java.util.concurrent.SynchronousQueue.poll(SynchronousQueue.java:941)
        at java.util.concurrent.ThreadPoolExecutor.getTask(ThreadPoolExecutor.java:1073)
        at java.util.concurrent.ThreadPoolExecutor.runWorker(ThreadPoolExecutor.java:1134)
        at java.util.concurrent.ThreadPoolExecutor$Worker.run(ThreadPoolExecutor.java:624)
        at java.lang.Thread.run(Thread.java:750)
"Datanode State Machine Daemon Thread" daemon prio=5 tid=1380 timed_waiting
java.lang.Thread.State: TIMED_WAITING
        at java.lang.Thread.sleep(Native Method)
        at org.apache.hadoop.ozone.container.common.statemachine.DatanodeStateMachine.startStateMachineThread(DatanodeStateMachine.java:321)
        at org.apache.hadoop.ozone.container.common.statemachine.DatanodeStateMachine.lambda$startDaemon$0(DatanodeStateMachine.java:506)
        at org.apache.hadoop.ozone.container.common.statemachine.DatanodeStateMachine$$Lambda$815/9941880.run(Unknown Source)
        at java.lang.Thread.run(Thread.java:750)
"Socket Reader #1 for port 0"  prio=5 tid=1088 runnable
java.lang.Thread.State: RUNNABLE
        at sun.nio.ch.EPollArrayWrapper.epollWait(Native Method)
        at sun.nio.ch.EPollArrayWrapper.poll(EPollArrayWrapper.java:269)
        at sun.nio.ch.EPollSelectorImpl.doSelect(EPollSelectorImpl.java:93)
        at sun.nio.ch.SelectorImpl.lockAndDoSelect(SelectorImpl.java:86)
        at sun.nio.ch.SelectorImpl.select(SelectorImpl.java:97)
        at sun.nio.ch.SelectorImpl.select(SelectorImpl.java:101)
        at org.apache.hadoop.ipc.Server$Listener$Reader.doRunLoop(Server.java:1296)
        at org.apache.hadoop.ipc.Server$Listener$Reader.run(Server.java:1275)
"JvmPauseMonitor17" daemon prio=5 tid=1461 timed_waiting
java.lang.Thread.State: TIMED_WAITING
        at java.lang.Thread.sleep(Native Method)
        at java.lang.Thread.sleep(Thread.java:342)
        at java.util.concurrent.TimeUnit.sleep(TimeUnit.java:386)
        at org.apache.ratis.util.TimeDuration.sleep(TimeDuration.java:325)
        at org.apache.ratis.util.TimeDuration.sleep(TimeDuration.java:310)
        at org.apache.ratis.util.JvmPauseMonitor.detectPause(JvmPauseMonitor.java:119)
        at org.apache.ratis.util.JvmPauseMonitor.run(JvmPauseMonitor.java:108)
        at org.apache.ratis.util.JvmPauseMonitor$$Lambda$730/1688410242.run(Unknown Source)
        at java.lang.Thread.run(Thread.java:750)
"IPC Server handler 15 on default port 46561" daemon prio=5 tid=1225 timed_waiting
java.lang.Thread.State: TIMED_WAITING
        at sun.misc.Unsafe.park(Native Method)
        at java.util.concurrent.locks.LockSupport.parkNanos(LockSupport.java:215)
        at java.util.concurrent.locks.AbstractQueuedSynchronizer$ConditionObject.awaitNanos(AbstractQueuedSynchronizer.java:2078)
        at java.util.concurrent.LinkedBlockingQueue.poll(LinkedBlockingQueue.java:467)
        at org.apache.hadoop.ipc.CallQueueManager.take(CallQueueManager.java:317)
        at org.apache.hadoop.ipc.Server$Handler.run(Server.java:2942)
"StaleRecoveringContainerScrubbingService#2" daemon prio=5 tid=1622 in Object.wait()
java.lang.Thread.State: WAITING (on object monitor)
        at sun.misc.Unsafe.park(Native Method)
        at java.util.concurrent.locks.LockSupport.park(LockSupport.java:175)
        at java.util.concurrent.locks.AbstractQueuedSynchronizer$ConditionObject.await(AbstractQueuedSynchronizer.java:2039)
        at java.util.concurrent.ScheduledThreadPoolExecutor$DelayedWorkQueue.take(ScheduledThreadPoolExecutor.java:1088)
        at java.util.concurrent.ScheduledThreadPoolExecutor$DelayedWorkQueue.take(ScheduledThreadPoolExecutor.java:809)
        at java.util.concurrent.ThreadPoolExecutor.getTask(ThreadPoolExecutor.java:1074)
        at java.util.concurrent.ThreadPoolExecutor.runWorker(ThreadPoolExecutor.java:1134)
        at java.util.concurrent.ThreadPoolExecutor$Worker.run(ThreadPoolExecutor.java:624)
        at java.lang.Thread.run(Thread.java:750)
"qtp390900876-1202-acceptor-0@74ef548a-ServerConnector@7ebead7f{HTTP/1.1, (http/1.1)}{0.0.0.0:45551}" daemon prio=3 tid=1202 runnable
java.lang.Thread.State: RUNNABLE
        at sun.nio.ch.ServerSocketChannelImpl.accept0(Native Method)
        at sun.nio.ch.ServerSocketChannelImpl.accept(ServerSocketChannelImpl.java:421)
        at sun.nio.ch.ServerSocketChannelImpl.accept(ServerSocketChannelImpl.java:249)
        at org.eclipse.jetty.server.ServerConnector.accept(ServerConnector.java:388)
        at org.eclipse.jetty.server.AbstractConnector$Acceptor.run(AbstractConnector.java:704)
        at org.eclipse.jetty.util.thread.QueuedThreadPool.runJob(QueuedThreadPool.java:883)
        at org.eclipse.jetty.util.thread.QueuedThreadPool$Runner.run(QueuedThreadPool.java:1034)
        at java.lang.Thread.run(Thread.java:750)
"ChunkWriter-3-0" daemon prio=5 tid=1419 in Object.wait()
java.lang.Thread.State: WAITING (on object monitor)
        at sun.misc.Unsafe.park(Native Method)
        at java.util.concurrent.locks.LockSupport.park(LockSupport.java:175)
        at java.util.concurrent.locks.AbstractQueuedSynchronizer$ConditionObject.await(AbstractQueuedSynchronizer.java:2039)
        at java.util.concurrent.LinkedBlockingDeque.takeFirst(LinkedBlockingDeque.java:492)
        at java.util.concurrent.LinkedBlockingDeque.take(LinkedBlockingDeque.java:680)
        at java.util.concurrent.ThreadPoolExecutor.getTask(ThreadPoolExecutor.java:1074)
        at java.util.concurrent.ThreadPoolExecutor.runWorker(ThreadPoolExecutor.java:1134)
        at java.util.concurrent.ThreadPoolExecutor$Worker.run(ThreadPoolExecutor.java:624)
        at java.lang.Thread.run(Thread.java:750)
"qtp904521933-1371" daemon prio=5 tid=1371 runnable
java.lang.Thread.State: RUNNABLE
        at sun.nio.ch.EPollArrayWrapper.epollWait(Native Method)
        at sun.nio.ch.EPollArrayWrapper.poll(EPollArrayWrapper.java:269)
        at sun.nio.ch.EPollSelectorImpl.doSelect(EPollSelectorImpl.java:93)
        at sun.nio.ch.SelectorImpl.lockAndDoSelect(SelectorImpl.java:86)
        at sun.nio.ch.SelectorImpl.select(SelectorImpl.java:97)
        at sun.nio.ch.SelectorImpl.select(SelectorImpl.java:101)
        at org.eclipse.jetty.io.ManagedSelector.nioSelect(ManagedSelector.java:183)
        at org.eclipse.jetty.io.ManagedSelector.select(ManagedSelector.java:190)
        at org.eclipse.jetty.io.ManagedSelector$SelectorProducer.select(ManagedSelector.java:606)
        at org.eclipse.jetty.io.ManagedSelector$SelectorProducer.produce(ManagedSelector.java:543)
        at org.eclipse.jetty.util.thread.strategy.EatWhatYouKill.produceTask(EatWhatYouKill.java:362)
        at org.eclipse.jetty.util.thread.strategy.EatWhatYouKill.doProduce(EatWhatYouKill.java:186)
        at org.eclipse.jetty.util.thread.strategy.EatWhatYouKill.tryProduce(EatWhatYouKill.java:173)
        at org.eclipse.jetty.util.thread.strategy.EatWhatYouKill.produce(EatWhatYouKill.java:137)
        at org.eclipse.jetty.io.ManagedSelector$$Lambda$470/271594494.run(Unknown Source)
        at org.eclipse.jetty.util.thread.QueuedThreadPool.runJob(QueuedThreadPool.java:883)
        at org.eclipse.jetty.util.thread.QueuedThreadPool$Runner.run(QueuedThreadPool.java:1034)
        at java.lang.Thread.run(Thread.java:750)
"Datanode ReportManager Thread - 3" daemon prio=5 tid=1306 timed_waiting
java.lang.Thread.State: TIMED_WAITING
        at sun.misc.Unsafe.park(Native Method)
        at java.util.concurrent.locks.LockSupport.parkNanos(LockSupport.java:215)
        at java.util.concurrent.locks.AbstractQueuedSynchronizer$ConditionObject.awaitNanos(AbstractQueuedSynchronizer.java:2078)
        at java.util.concurrent.ScheduledThreadPoolExecutor$DelayedWorkQueue.take(ScheduledThreadPoolExecutor.java:1093)
        at java.util.concurrent.ScheduledThreadPoolExecutor$DelayedWorkQueue.take(ScheduledThreadPoolExecutor.java:809)
        at java.util.concurrent.ThreadPoolExecutor.getTask(ThreadPoolExecutor.java:1074)
        at java.util.concurrent.ThreadPoolExecutor.runWorker(ThreadPoolExecutor.java:1134)
        at java.util.concurrent.ThreadPoolExecutor$Worker.run(ThreadPoolExecutor.java:624)
        at java.lang.Thread.run(Thread.java:750)
"qtp1644006516-1240-acceptor-0@3ae5d202-ServerConnector@77ab932e{HTTP/1.1, (http/1.1)}{0.0.0.0:33627}" daemon prio=3 tid=1240 runnable
java.lang.Thread.State: RUNNABLE
        at sun.nio.ch.ServerSocketChannelImpl.accept0(Native Method)
        at sun.nio.ch.ServerSocketChannelImpl.accept(ServerSocketChannelImpl.java:421)
        at sun.nio.ch.ServerSocketChannelImpl.accept(ServerSocketChannelImpl.java:249)
        at org.eclipse.jetty.server.ServerConnector.accept(ServerConnector.java:388)
        at org.eclipse.jetty.server.AbstractConnector$Acceptor.run(AbstractConnector.java:704)
        at org.eclipse.jetty.util.thread.QueuedThreadPool.runJob(QueuedThreadPool.java:883)
        at org.eclipse.jetty.util.thread.QueuedThreadPool$Runner.run(QueuedThreadPool.java:1034)
        at java.lang.Thread.run(Thread.java:750)
"timer2" daemon prio=5 tid=548 timed_waiting
java.lang.Thread.State: TIMED_WAITING
        at java.lang.Object.wait(Native Method)
        at java.util.TimerThread.mainLoop(Timer.java:552)
        at java.util.TimerThread.run(Timer.java:505)
"pool-652-thread-1" daemon prio=5 tid=1366 timed_waiting
java.lang.Thread.State: TIMED_WAITING
        at sun.misc.Unsafe.park(Native Method)
        at java.util.concurrent.locks.LockSupport.parkNanos(LockSupport.java:215)
        at java.util.concurrent.locks.AbstractQueuedSynchronizer$ConditionObject.awaitNanos(AbstractQueuedSynchronizer.java:2078)
        at java.util.concurrent.ScheduledThreadPoolExecutor$DelayedWorkQueue.take(ScheduledThreadPoolExecutor.java:1093)
        at java.util.concurrent.ScheduledThreadPoolExecutor$DelayedWorkQueue.take(ScheduledThreadPoolExecutor.java:809)
        at java.util.concurrent.ThreadPoolExecutor.getTask(ThreadPoolExecutor.java:1074)
        at java.util.concurrent.ThreadPoolExecutor.runWorker(ThreadPoolExecutor.java:1134)
        at java.util.concurrent.ThreadPoolExecutor$Worker.run(ThreadPoolExecutor.java:624)
        at java.lang.Thread.run(Thread.java:750)
"ChunkReader-ELG-0" daemon prio=5 tid=1397 runnable
java.lang.Thread.State: RUNNABLE
        at org.apache.ratis.thirdparty.io.netty.channel.epoll.Native.epollWait(Native Method)
        at org.apache.ratis.thirdparty.io.netty.channel.epoll.Native.epollWait(Native.java:209)
        at org.apache.ratis.thirdparty.io.netty.channel.epoll.Native.epollWait(Native.java:202)
        at org.apache.ratis.thirdparty.io.netty.channel.epoll.EpollEventLoop.epollWaitNoTimerChange(EpollEventLoop.java:294)
        at org.apache.ratis.thirdparty.io.netty.channel.epoll.EpollEventLoop.run(EpollEventLoop.java:351)
        at org.apache.ratis.thirdparty.io.netty.util.concurrent.SingleThreadEventExecutor$4.run(SingleThreadEventExecutor.java:995)
        at org.apache.ratis.thirdparty.io.netty.util.internal.ThreadExecutorMap$2.run(ThreadExecutorMap.java:74)
        at java.lang.Thread.run(Thread.java:750)
"ChunkReader-ELG-0" daemon prio=5 tid=1462 runnable
java.lang.Thread.State: RUNNABLE
        at org.apache.ratis.thirdparty.io.netty.channel.epoll.Native.epollWait(Native Method)
        at org.apache.ratis.thirdparty.io.netty.channel.epoll.Native.epollWait(Native.java:209)
        at org.apache.ratis.thirdparty.io.netty.channel.epoll.Native.epollWait(Native.java:202)
        at org.apache.ratis.thirdparty.io.netty.channel.epoll.EpollEventLoop.epollWaitNoTimerChange(EpollEventLoop.java:294)
        at org.apache.ratis.thirdparty.io.netty.channel.epoll.EpollEventLoop.run(EpollEventLoop.java:351)
        at org.apache.ratis.thirdparty.io.netty.util.concurrent.SingleThreadEventExecutor$4.run(SingleThreadEventExecutor.java:995)
        at org.apache.ratis.thirdparty.io.netty.util.internal.ThreadExecutorMap$2.run(ThreadExecutorMap.java:74)
        at java.lang.Thread.run(Thread.java:750)
"OM StateMachine ApplyTransaction Thread - 0" daemon prio=5 tid=1611 in Object.wait()
java.lang.Thread.State: WAITING (on object monitor)
        at sun.misc.Unsafe.park(Native Method)
        at java.util.concurrent.locks.LockSupport.park(LockSupport.java:175)
        at java.util.concurrent.locks.AbstractQueuedSynchronizer$ConditionObject.await(AbstractQueuedSynchronizer.java:2039)
        at java.util.concurrent.LinkedBlockingQueue.take(LinkedBlockingQueue.java:442)
        at java.util.concurrent.ThreadPoolExecutor.getTask(ThreadPoolExecutor.java:1074)
        at java.util.concurrent.ThreadPoolExecutor.runWorker(ThreadPoolExecutor.java:1134)
        at java.util.concurrent.ThreadPoolExecutor$Worker.run(ThreadPoolExecutor.java:624)
        at java.lang.Thread.run(Thread.java:750)
"IPC Server handler 1 on default port 45531" daemon prio=5 tid=1109 timed_waiting
java.lang.Thread.State: TIMED_WAITING
        at sun.misc.Unsafe.park(Native Method)
        at java.util.concurrent.locks.LockSupport.parkNanos(LockSupport.java:215)
        at java.util.concurrent.locks.AbstractQueuedSynchronizer$ConditionObject.awaitNanos(AbstractQueuedSynchronizer.java:2078)
        at java.util.concurrent.LinkedBlockingQueue.poll(LinkedBlockingQueue.java:467)
        at org.apache.hadoop.ipc.CallQueueManager.take(CallQueueManager.java:317)
        at org.apache.hadoop.ipc.Server$Handler.run(Server.java:2942)
"IPC Server handler 9 on default port 35447" daemon prio=5 tid=1157 timed_waiting
java.lang.Thread.State: TIMED_WAITING
        at sun.misc.Unsafe.park(Native Method)
        at java.util.concurrent.locks.LockSupport.parkNanos(LockSupport.java:215)
        at java.util.concurrent.locks.AbstractQueuedSynchronizer$ConditionObject.awaitNanos(AbstractQueuedSynchronizer.java:2078)
        at java.util.concurrent.LinkedBlockingQueue.poll(LinkedBlockingQueue.java:467)
        at org.apache.hadoop.ipc.CallQueueManager.take(CallQueueManager.java:317)
        at org.apache.hadoop.ipc.Server$Handler.run(Server.java:2942)
"OpenKeyCleanupService#0" daemon prio=5 tid=1199 timed_waiting
java.lang.Thread.State: TIMED_WAITING
        at sun.misc.Unsafe.park(Native Method)
        at java.util.concurrent.locks.LockSupport.parkNanos(LockSupport.java:215)
        at java.util.concurrent.locks.AbstractQueuedSynchronizer$ConditionObject.awaitNanos(AbstractQueuedSynchronizer.java:2078)
        at java.util.concurrent.ScheduledThreadPoolExecutor$DelayedWorkQueue.take(ScheduledThreadPoolExecutor.java:1093)
        at java.util.concurrent.ScheduledThreadPoolExecutor$DelayedWorkQueue.take(ScheduledThreadPoolExecutor.java:809)
        at java.util.concurrent.ThreadPoolExecutor.getTask(ThreadPoolExecutor.java:1074)
        at java.util.concurrent.ThreadPoolExecutor.runWorker(ThreadPoolExecutor.java:1134)
        at java.util.concurrent.ThreadPoolExecutor$Worker.run(ThreadPoolExecutor.java:624)
        at java.lang.Thread.run(Thread.java:750)
"qtp390900876-1204" daemon prio=5 tid=1204 timed_waiting
java.lang.Thread.State: TIMED_WAITING
        at sun.misc.Unsafe.park(Native Method)
        at java.util.concurrent.locks.LockSupport.parkNanos(LockSupport.java:215)
        at java.util.concurrent.locks.AbstractQueuedSynchronizer$ConditionObject.awaitNanos(AbstractQueuedSynchronizer.java:2078)
        at org.eclipse.jetty.util.BlockingArrayQueue.poll(BlockingArrayQueue.java:382)
        at org.eclipse.jetty.util.thread.QueuedThreadPool$Runner.idleJobPoll(QueuedThreadPool.java:974)
        at org.eclipse.jetty.util.thread.QueuedThreadPool$Runner.run(QueuedThreadPool.java:1018)
        at java.lang.Thread.run(Thread.java:750)
"IPC Server handler 17 on default port 35447" daemon prio=5 tid=1165 timed_waiting
java.lang.Thread.State: TIMED_WAITING
        at sun.misc.Unsafe.park(Native Method)
        at java.util.concurrent.locks.LockSupport.parkNanos(LockSupport.java:215)
        at java.util.concurrent.locks.AbstractQueuedSynchronizer$ConditionObject.awaitNanos(AbstractQueuedSynchronizer.java:2078)
        at java.util.concurrent.LinkedBlockingQueue.poll(LinkedBlockingQueue.java:467)
        at org.apache.hadoop.ipc.CallQueueManager.take(CallQueueManager.java:317)
        at org.apache.hadoop.ipc.Server$Handler.run(Server.java:2942)
"pool-544-thread-1"  prio=5 tid=1469 in Object.wait()
java.lang.Thread.State: WAITING (on object monitor)
        at sun.misc.Unsafe.park(Native Method)
        at java.util.concurrent.locks.LockSupport.park(LockSupport.java:175)
        at java.util.concurrent.locks.AbstractQueuedSynchronizer$ConditionObject.await(AbstractQueuedSynchronizer.java:2039)
        at java.util.concurrent.LinkedBlockingQueue.take(LinkedBlockingQueue.java:442)
        at java.util.concurrent.ThreadPoolExecutor.getTask(ThreadPoolExecutor.java:1074)
        at java.util.concurrent.ThreadPoolExecutor.runWorker(ThreadPoolExecutor.java:1134)
        at java.util.concurrent.ThreadPoolExecutor$Worker.run(ThreadPoolExecutor.java:624)
        at java.lang.Thread.run(Thread.java:750)
"EventQueue-CommandQueueReportForCommandQueueReportHandler" daemon prio=5 tid=1468 in Object.wait()
java.lang.Thread.State: WAITING (on object monitor)
        at sun.misc.Unsafe.park(Native Method)
        at java.util.concurrent.locks.LockSupport.park(LockSupport.java:175)
        at java.util.concurrent.locks.AbstractQueuedSynchronizer$ConditionObject.await(AbstractQueuedSynchronizer.java:2039)
        at java.util.concurrent.LinkedBlockingQueue.take(LinkedBlockingQueue.java:442)
        at java.util.concurrent.ThreadPoolExecutor.getTask(ThreadPoolExecutor.java:1074)
        at java.util.concurrent.ThreadPoolExecutor.runWorker(ThreadPoolExecutor.java:1134)
        at java.util.concurrent.ThreadPoolExecutor$Worker.run(ThreadPoolExecutor.java:624)
        at java.lang.Thread.run(Thread.java:750)
"qtp1446747078-1266" daemon prio=5 tid=1266 timed_waiting
java.lang.Thread.State: TIMED_WAITING
        at sun.misc.Unsafe.park(Native Method)
        at java.util.concurrent.locks.LockSupport.parkNanos(LockSupport.java:215)
        at java.util.concurrent.locks.AbstractQueuedSynchronizer$ConditionObject.awaitNanos(AbstractQueuedSynchronizer.java:2078)
        at org.eclipse.jetty.util.BlockingArrayQueue.poll(BlockingArrayQueue.java:382)
        at org.eclipse.jetty.util.thread.QueuedThreadPool$Runner.idleJobPoll(QueuedThreadPool.java:974)
        at org.eclipse.jetty.util.thread.QueuedThreadPool$Runner.run(QueuedThreadPool.java:1018)
        at java.lang.Thread.run(Thread.java:750)
"ChunkWriter-3-0" daemon prio=5 tid=1443 in Object.wait()
java.lang.Thread.State: WAITING (on object monitor)
        at sun.misc.Unsafe.park(Native Method)
        at java.util.concurrent.locks.LockSupport.park(LockSupport.java:175)
        at java.util.concurrent.locks.AbstractQueuedSynchronizer$ConditionObject.await(AbstractQueuedSynchronizer.java:2039)
        at java.util.concurrent.LinkedBlockingDeque.takeFirst(LinkedBlockingDeque.java:492)
        at java.util.concurrent.LinkedBlockingDeque.take(LinkedBlockingDeque.java:680)
        at java.util.concurrent.ThreadPoolExecutor.getTask(ThreadPoolExecutor.java:1074)
        at java.util.concurrent.ThreadPoolExecutor.runWorker(ThreadPoolExecutor.java:1134)
        at java.util.concurrent.ThreadPoolExecutor$Worker.run(ThreadPoolExecutor.java:624)
        at java.lang.Thread.run(Thread.java:750)
"Datanode ReportManager Thread - 0" daemon prio=5 tid=1303 in Object.wait()
java.lang.Thread.State: WAITING (on object monitor)
        at sun.misc.Unsafe.park(Native Method)
        at java.util.concurrent.locks.LockSupport.park(LockSupport.java:175)
        at java.util.concurrent.locks.AbstractQueuedSynchronizer$ConditionObject.await(AbstractQueuedSynchronizer.java:2039)
        at java.util.concurrent.ScheduledThreadPoolExecutor$DelayedWorkQueue.take(ScheduledThreadPoolExecutor.java:1088)
        at java.util.concurrent.ScheduledThreadPoolExecutor$DelayedWorkQueue.take(ScheduledThreadPoolExecutor.java:809)
        at java.util.concurrent.ThreadPoolExecutor.getTask(ThreadPoolExecutor.java:1074)
        at java.util.concurrent.ThreadPoolExecutor.runWorker(ThreadPoolExecutor.java:1134)
        at java.util.concurrent.ThreadPoolExecutor$Worker.run(ThreadPoolExecutor.java:624)
        at java.lang.Thread.run(Thread.java:750)
"IPC Server handler 13 on default port 35447" daemon prio=5 tid=1161 timed_waiting
java.lang.Thread.State: TIMED_WAITING
        at sun.misc.Unsafe.park(Native Method)
        at java.util.concurrent.locks.LockSupport.parkNanos(LockSupport.java:215)
        at java.util.concurrent.locks.AbstractQueuedSynchronizer$ConditionObject.awaitNanos(AbstractQueuedSynchronizer.java:2078)
        at java.util.concurrent.LinkedBlockingQueue.poll(LinkedBlockingQueue.java:467)
        at org.apache.hadoop.ipc.CallQueueManager.take(CallQueueManager.java:317)
        at org.apache.hadoop.ipc.Server$Handler.run(Server.java:2942)
"9f6d9e32-b5ab-49ef-be08-a692056fb1f3@group-7E018C2E2285-LeaderStateImpl" daemon prio=5 tid=1602 timed_waiting
java.lang.Thread.State: TIMED_WAITING
        at sun.misc.Unsafe.park(Native Method)
        at java.util.concurrent.locks.LockSupport.parkNanos(LockSupport.java:215)
        at java.util.concurrent.locks.AbstractQueuedSynchronizer$ConditionObject.awaitNanos(AbstractQueuedSynchronizer.java:2078)
        at java.util.concurrent.ArrayBlockingQueue.poll(ArrayBlockingQueue.java:418)
        at org.apache.ratis.server.impl.LeaderStateImpl$EventQueue.poll(LeaderStateImpl.java:159)
        at org.apache.ratis.server.impl.LeaderStateImpl$EventProcessor.run(LeaderStateImpl.java:630)
"BlockDeletingService#1" daemon prio=5 tid=1436 timed_waiting
java.lang.Thread.State: TIMED_WAITING
        at sun.misc.Unsafe.park(Native Method)
        at java.util.concurrent.locks.LockSupport.parkNanos(LockSupport.java:215)
        at java.util.concurrent.locks.AbstractQueuedSynchronizer$ConditionObject.awaitNanos(AbstractQueuedSynchronizer.java:2078)
        at java.util.concurrent.ScheduledThreadPoolExecutor$DelayedWorkQueue.take(ScheduledThreadPoolExecutor.java:1093)
        at java.util.concurrent.ScheduledThreadPoolExecutor$DelayedWorkQueue.take(ScheduledThreadPoolExecutor.java:809)
        at java.util.concurrent.ThreadPoolExecutor.getTask(ThreadPoolExecutor.java:1074)
        at java.util.concurrent.ThreadPoolExecutor.runWorker(ThreadPoolExecutor.java:1134)
        at java.util.concurrent.ThreadPoolExecutor$Worker.run(ThreadPoolExecutor.java:624)
        at java.lang.Thread.run(Thread.java:750)
"EventQueue-DatanodeCommandForSCMNodeManager"  prio=5 tid=1467 in Object.wait()
java.lang.Thread.State: WAITING (on object monitor)
        at sun.misc.Unsafe.park(Native Method)
        at java.util.concurrent.locks.LockSupport.park(LockSupport.java:175)
        at java.util.concurrent.locks.AbstractQueuedSynchronizer$ConditionObject.await(AbstractQueuedSynchronizer.java:2039)
        at java.util.concurrent.LinkedBlockingQueue.take(LinkedBlockingQueue.java:442)
        at java.util.concurrent.ThreadPoolExecutor.getTask(ThreadPoolExecutor.java:1074)
        at java.util.concurrent.ThreadPoolExecutor.runWorker(ThreadPoolExecutor.java:1134)
        at java.util.concurrent.ThreadPoolExecutor$Worker.run(ThreadPoolExecutor.java:624)
        at java.lang.Thread.run(Thread.java:750)
"Datanode ReportManager Thread - 0" daemon prio=5 tid=1275 timed_waiting
java.lang.Thread.State: TIMED_WAITING
        at sun.misc.Unsafe.park(Native Method)
        at java.util.concurrent.locks.LockSupport.parkNanos(LockSupport.java:215)
        at java.util.concurrent.locks.AbstractQueuedSynchronizer$ConditionObject.awaitNanos(AbstractQueuedSynchronizer.java:2078)
        at java.util.concurrent.ScheduledThreadPoolExecutor$DelayedWorkQueue.take(ScheduledThreadPoolExecutor.java:1093)
        at java.util.concurrent.ScheduledThreadPoolExecutor$DelayedWorkQueue.take(ScheduledThreadPoolExecutor.java:809)
        at java.util.concurrent.ThreadPoolExecutor.getTask(ThreadPoolExecutor.java:1074)
        at java.util.concurrent.ThreadPoolExecutor.runWorker(ThreadPoolExecutor.java:1134)
        at java.util.concurrent.ThreadPoolExecutor$Worker.run(ThreadPoolExecutor.java:624)
        at java.lang.Thread.run(Thread.java:750)
"Datanode ReportManager Thread - 4" daemon prio=5 tid=1333 timed_waiting
java.lang.Thread.State: TIMED_WAITING
        at sun.misc.Unsafe.park(Native Method)
        at java.util.concurrent.locks.LockSupport.parkNanos(LockSupport.java:215)
        at java.util.concurrent.locks.AbstractQueuedSynchronizer$ConditionObject.awaitNanos(AbstractQueuedSynchronizer.java:2078)
        at java.util.concurrent.ScheduledThreadPoolExecutor$DelayedWorkQueue.take(ScheduledThreadPoolExecutor.java:1093)
        at java.util.concurrent.ScheduledThreadPoolExecutor$DelayedWorkQueue.take(ScheduledThreadPoolExecutor.java:809)
        at java.util.concurrent.ThreadPoolExecutor.getTask(ThreadPoolExecutor.java:1074)
        at java.util.concurrent.ThreadPoolExecutor.runWorker(ThreadPoolExecutor.java:1134)
        at java.util.concurrent.ThreadPoolExecutor$Worker.run(ThreadPoolExecutor.java:624)
        at java.lang.Thread.run(Thread.java:750)
"RatisPipelineUtilsThread - 0"  prio=5 tid=1076 timed_waiting
java.lang.Thread.State: TIMED_WAITING
        at java.lang.Object.wait(Native Method)
        at org.apache.hadoop.hdds.scm.pipeline.BackgroundPipelineCreator.run(BackgroundPipelineCreator.java:176)
        at org.apache.hadoop.hdds.scm.pipeline.BackgroundPipelineCreator$$Lambda$393/431996456.run(Unknown Source)
        at java.lang.Thread.run(Thread.java:750)
"qtp1380251088-1175" daemon prio=5 tid=1175 timed_waiting
java.lang.Thread.State: TIMED_WAITING
        at sun.misc.Unsafe.park(Native Method)
        at java.util.concurrent.locks.LockSupport.parkNanos(LockSupport.java:215)
        at java.util.concurrent.locks.AbstractQueuedSynchronizer$ConditionObject.awaitNanos(AbstractQueuedSynchronizer.java:2078)
        at org.eclipse.jetty.util.BlockingArrayQueue.poll(BlockingArrayQueue.java:382)
        at org.eclipse.jetty.util.thread.QueuedThreadPool$Runner.idleJobPoll(QueuedThreadPool.java:974)
        at org.eclipse.jetty.util.thread.QueuedThreadPool$Runner.run(QueuedThreadPool.java:1018)
        at java.lang.Thread.run(Thread.java:750)
"qtp1943963437-1325" daemon prio=5 tid=1325 timed_waiting
java.lang.Thread.State: TIMED_WAITING
        at sun.misc.Unsafe.park(Native Method)
        at java.util.concurrent.locks.LockSupport.parkNanos(LockSupport.java:215)
        at java.util.concurrent.locks.AbstractQueuedSynchronizer$ConditionObject.awaitNanos(AbstractQueuedSynchronizer.java:2078)
        at org.eclipse.jetty.util.BlockingArrayQueue.poll(BlockingArrayQueue.java:382)
        at org.eclipse.jetty.util.thread.QueuedThreadPool$Runner.idleJobPoll(QueuedThreadPool.java:974)
        at org.eclipse.jetty.util.thread.QueuedThreadPool$Runner.run(QueuedThreadPool.java:1018)
        at java.lang.Thread.run(Thread.java:750)
"qtp390900876-1206" daemon prio=5 tid=1206 timed_waiting
java.lang.Thread.State: TIMED_WAITING
        at sun.misc.Unsafe.park(Native Method)
        at java.util.concurrent.locks.LockSupport.parkNanos(LockSupport.java:215)
        at java.util.concurrent.locks.AbstractQueuedSynchronizer$ConditionObject.awaitNanos(AbstractQueuedSynchronizer.java:2078)
        at org.eclipse.jetty.util.BlockingArrayQueue.poll(BlockingArrayQueue.java:382)
        at org.eclipse.jetty.util.thread.QueuedThreadPool$Runner.idleJobPoll(QueuedThreadPool.java:974)
        at org.eclipse.jetty.util.thread.QueuedThreadPool$Runner.run(QueuedThreadPool.java:1018)
        at java.lang.Thread.run(Thread.java:750)
"ChunkWriter-3-0" daemon prio=5 tid=1460 in Object.wait()
java.lang.Thread.State: WAITING (on object monitor)
        at sun.misc.Unsafe.park(Native Method)
        at java.util.concurrent.locks.LockSupport.park(LockSupport.java:175)
        at java.util.concurrent.locks.AbstractQueuedSynchronizer$ConditionObject.await(AbstractQueuedSynchronizer.java:2039)
        at java.util.concurrent.LinkedBlockingDeque.takeFirst(LinkedBlockingDeque.java:492)
        at java.util.concurrent.LinkedBlockingDeque.take(LinkedBlockingDeque.java:680)
        at java.util.concurrent.ThreadPoolExecutor.getTask(ThreadPoolExecutor.java:1074)
        at java.util.concurrent.ThreadPoolExecutor.runWorker(ThreadPoolExecutor.java:1134)
        at java.util.concurrent.ThreadPoolExecutor$Worker.run(ThreadPoolExecutor.java:624)
        at java.lang.Thread.run(Thread.java:750)
"IPC Server handler 10 on default port 44007" daemon prio=5 tid=1138 timed_waiting
java.lang.Thread.State: TIMED_WAITING
        at sun.misc.Unsafe.park(Native Method)
        at java.util.concurrent.locks.LockSupport.parkNanos(LockSupport.java:215)
        at java.util.concurrent.locks.AbstractQueuedSynchronizer$ConditionObject.awaitNanos(AbstractQueuedSynchronizer.java:2078)
        at java.util.concurrent.LinkedBlockingQueue.poll(LinkedBlockingQueue.java:467)
        at org.apache.hadoop.ipc.CallQueueManager.take(CallQueueManager.java:317)
        at org.apache.hadoop.ipc.Server$Handler.run(Server.java:2942)
"BlockDeletingService#0" daemon prio=5 tid=1446 in Object.wait()
java.lang.Thread.State: WAITING (on object monitor)
        at sun.misc.Unsafe.park(Native Method)
        at java.util.concurrent.locks.LockSupport.park(LockSupport.java:175)
        at java.util.concurrent.locks.AbstractQueuedSynchronizer$ConditionObject.await(AbstractQueuedSynchronizer.java:2039)
        at java.util.concurrent.ScheduledThreadPoolExecutor$DelayedWorkQueue.take(ScheduledThreadPoolExecutor.java:1088)
        at java.util.concurrent.ScheduledThreadPoolExecutor$DelayedWorkQueue.take(ScheduledThreadPoolExecutor.java:809)
        at java.util.concurrent.ThreadPoolExecutor.getTask(ThreadPoolExecutor.java:1074)
        at java.util.concurrent.ThreadPoolExecutor.runWorker(ThreadPoolExecutor.java:1134)
        at java.util.concurrent.ThreadPoolExecutor$Worker.run(ThreadPoolExecutor.java:624)
        at java.lang.Thread.run(Thread.java:750)
"IPC Server handler 15 on default port 35447" daemon prio=5 tid=1163 timed_waiting
java.lang.Thread.State: TIMED_WAITING
        at sun.misc.Unsafe.park(Native Method)
        at java.util.concurrent.locks.LockSupport.parkNanos(LockSupport.java:215)
        at java.util.concurrent.locks.AbstractQueuedSynchronizer$ConditionObject.awaitNanos(AbstractQueuedSynchronizer.java:2078)
        at java.util.concurrent.LinkedBlockingQueue.poll(LinkedBlockingQueue.java:467)
        at org.apache.hadoop.ipc.CallQueueManager.take(CallQueueManager.java:317)
        at org.apache.hadoop.ipc.Server$Handler.run(Server.java:2942)
"IPC Server idle connection scanner for port 45531" daemon prio=5 tid=1093 timed_waiting
java.lang.Thread.State: TIMED_WAITING
        at java.lang.Object.wait(Native Method)
        at java.util.TimerThread.mainLoop(Timer.java:552)
        at java.util.TimerThread.run(Timer.java:505)
"Socket Reader #1 for port 0"  prio=5 tid=1092 runnable
java.lang.Thread.State: RUNNABLE
        at sun.nio.ch.EPollArrayWrapper.epollWait(Native Method)
        at sun.nio.ch.EPollArrayWrapper.poll(EPollArrayWrapper.java:269)
        at sun.nio.ch.EPollSelectorImpl.doSelect(EPollSelectorImpl.java:93)
        at sun.nio.ch.SelectorImpl.lockAndDoSelect(SelectorImpl.java:86)
        at sun.nio.ch.SelectorImpl.select(SelectorImpl.java:97)
        at sun.nio.ch.SelectorImpl.select(SelectorImpl.java:101)
        at org.apache.hadoop.ipc.Server$Listener$Reader.doRunLoop(Server.java:1296)
        at org.apache.hadoop.ipc.Server$Listener$Reader.run(Server.java:1275)
"69ebc52a-668b-4a1b-b1c8-adfe2408a111@group-7E018C2E2285-StateMachineUpdater" daemon prio=5 tid=1494 timed_waiting
java.lang.Thread.State: TIMED_WAITING
        at sun.misc.Unsafe.park(Native Method)
        at java.util.concurrent.locks.LockSupport.parkNanos(LockSupport.java:215)
        at java.util.concurrent.CompletableFuture$Signaller.block(CompletableFuture.java:1709)
        at java.util.concurrent.ForkJoinPool.managedBlock(ForkJoinPool.java:3323)
        at java.util.concurrent.CompletableFuture.timedGet(CompletableFuture.java:1788)
        at java.util.concurrent.CompletableFuture.get(CompletableFuture.java:1928)
        at org.apache.ratis.util.AwaitForSignal.await(AwaitForSignal.java:56)
        at org.apache.ratis.server.impl.StateMachineUpdater.waitForCommit(StateMachineUpdater.java:207)
        at org.apache.ratis.server.impl.StateMachineUpdater.run(StateMachineUpdater.java:176)
        at java.lang.Thread.run(Thread.java:750)
"pool-599-thread-1"  prio=5 tid=1290 timed_waiting
java.lang.Thread.State: TIMED_WAITING
        at sun.misc.Unsafe.park(Native Method)
        at java.util.concurrent.locks.LockSupport.parkNanos(LockSupport.java:215)
        at java.util.concurrent.locks.AbstractQueuedSynchronizer$ConditionObject.awaitNanos(AbstractQueuedSynchronizer.java:2078)
        at java.util.concurrent.ScheduledThreadPoolExecutor$DelayedWorkQueue.take(ScheduledThreadPoolExecutor.java:1093)
        at java.util.concurrent.ScheduledThreadPoolExecutor$DelayedWorkQueue.take(ScheduledThreadPoolExecutor.java:809)
        at java.util.concurrent.ThreadPoolExecutor.getTask(ThreadPoolExecutor.java:1074)
        at java.util.concurrent.ThreadPoolExecutor.runWorker(ThreadPoolExecutor.java:1134)
        at java.util.concurrent.ThreadPoolExecutor$Worker.run(ThreadPoolExecutor.java:624)
        at java.lang.Thread.run(Thread.java:750)
"ChunkWriter-3-0" daemon prio=5 tid=1431 in Object.wait()
java.lang.Thread.State: WAITING (on object monitor)
        at sun.misc.Unsafe.park(Native Method)
        at java.util.concurrent.locks.LockSupport.park(LockSupport.java:175)
        at java.util.concurrent.locks.AbstractQueuedSynchronizer$ConditionObject.await(AbstractQueuedSynchronizer.java:2039)
        at java.util.concurrent.LinkedBlockingDeque.takeFirst(LinkedBlockingDeque.java:492)
        at java.util.concurrent.LinkedBlockingDeque.take(LinkedBlockingDeque.java:680)
        at java.util.concurrent.ThreadPoolExecutor.getTask(ThreadPoolExecutor.java:1074)
        at java.util.concurrent.ThreadPoolExecutor.runWorker(ThreadPoolExecutor.java:1134)
        at java.util.concurrent.ThreadPoolExecutor$Worker.run(ThreadPoolExecutor.java:624)
        at java.lang.Thread.run(Thread.java:750)
"timer5" daemon prio=5 tid=565 timed_waiting
java.lang.Thread.State: TIMED_WAITING
        at java.lang.Object.wait(Native Method)
        at java.util.TimerThread.mainLoop(Timer.java:552)
        at java.util.TimerThread.run(Timer.java:505)
"IPC Server idle connection scanner for port 44007" daemon prio=5 tid=1089 timed_waiting
java.lang.Thread.State: TIMED_WAITING
        at java.lang.Object.wait(Native Method)
        at java.util.TimerThread.mainLoop(Timer.java:552)
        at java.util.TimerThread.run(Timer.java:505)
"qtp904521933-1372" daemon prio=5 tid=1372 timed_waiting
java.lang.Thread.State: TIMED_WAITING
        at sun.misc.Unsafe.park(Native Method)
        at java.util.concurrent.locks.LockSupport.parkNanos(LockSupport.java:215)
        at java.util.concurrent.locks.AbstractQueuedSynchronizer$ConditionObject.awaitNanos(AbstractQueuedSynchronizer.java:2078)
        at org.eclipse.jetty.util.BlockingArrayQueue.poll(BlockingArrayQueue.java:382)
        at org.eclipse.jetty.util.thread.QueuedThreadPool$Runner.idleJobPoll(QueuedThreadPool.java:974)
        at org.eclipse.jetty.util.thread.QueuedThreadPool$Runner.run(QueuedThreadPool.java:1018)
        at java.lang.Thread.run(Thread.java:750)
"qtp1930618491-1291" daemon prio=5 tid=1291 runnable
java.lang.Thread.State: RUNNABLE
        at sun.nio.ch.EPollArrayWrapper.epollWait(Native Method)
        at sun.nio.ch.EPollArrayWrapper.poll(EPollArrayWrapper.java:269)
        at sun.nio.ch.EPollSelectorImpl.doSelect(EPollSelectorImpl.java:93)
        at sun.nio.ch.SelectorImpl.lockAndDoSelect(SelectorImpl.java:86)
        at sun.nio.ch.SelectorImpl.select(SelectorImpl.java:97)
        at sun.nio.ch.SelectorImpl.select(SelectorImpl.java:101)
        at org.eclipse.jetty.io.ManagedSelector.nioSelect(ManagedSelector.java:183)
        at org.eclipse.jetty.io.ManagedSelector.select(ManagedSelector.java:190)
        at org.eclipse.jetty.io.ManagedSelector$SelectorProducer.select(ManagedSelector.java:606)
        at org.eclipse.jetty.io.ManagedSelector$SelectorProducer.produce(ManagedSelector.java:543)
        at org.eclipse.jetty.util.thread.strategy.EatWhatYouKill.produceTask(EatWhatYouKill.java:362)
        at org.eclipse.jetty.util.thread.strategy.EatWhatYouKill.doProduce(EatWhatYouKill.java:186)
        at org.eclipse.jetty.util.thread.strategy.EatWhatYouKill.tryProduce(EatWhatYouKill.java:173)
        at org.eclipse.jetty.util.thread.strategy.EatWhatYouKill.produce(EatWhatYouKill.java:137)
        at org.eclipse.jetty.io.ManagedSelector$$Lambda$470/271594494.run(Unknown Source)
        at org.eclipse.jetty.util.thread.QueuedThreadPool.runJob(QueuedThreadPool.java:883)
        at org.eclipse.jetty.util.thread.QueuedThreadPool$Runner.run(QueuedThreadPool.java:1034)
        at java.lang.Thread.run(Thread.java:750)
"Datanode State Machine Task Thread - 1"  prio=5 tid=1414 in Object.wait()
java.lang.Thread.State: WAITING (on object monitor)
        at sun.misc.Unsafe.park(Native Method)
        at java.util.concurrent.locks.LockSupport.park(LockSupport.java:175)
        at java.util.concurrent.locks.AbstractQueuedSynchronizer$ConditionObject.await(AbstractQueuedSynchronizer.java:2039)
        at java.util.concurrent.LinkedBlockingQueue.take(LinkedBlockingQueue.java:442)
        at java.util.concurrent.ThreadPoolExecutor.getTask(ThreadPoolExecutor.java:1074)
        at java.util.concurrent.ThreadPoolExecutor.runWorker(ThreadPoolExecutor.java:1134)
        at java.util.concurrent.ThreadPoolExecutor$Worker.run(ThreadPoolExecutor.java:624)
        at java.lang.Thread.run(Thread.java:750)
"qtp1380251088-1178" daemon prio=5 tid=1178 timed_waiting
java.lang.Thread.State: TIMED_WAITING
        at sun.misc.Unsafe.park(Native Method)
        at java.util.concurrent.locks.LockSupport.parkNanos(LockSupport.java:215)
        at java.util.concurrent.locks.AbstractQueuedSynchronizer$ConditionObject.awaitNanos(AbstractQueuedSynchronizer.java:2078)
        at org.eclipse.jetty.util.BlockingArrayQueue.poll(BlockingArrayQueue.java:382)
        at org.eclipse.jetty.util.thread.QueuedThreadPool$Runner.idleJobPoll(QueuedThreadPool.java:974)
        at org.eclipse.jetty.util.thread.QueuedThreadPool$Runner.run(QueuedThreadPool.java:1018)
        at java.lang.Thread.run(Thread.java:750)
"org.apache.hadoop.ozone.container.common.statemachine.commandhandler.DeleteBlocksCommandHandler$DeleteCmdWorker@bb08766" daemon prio=5 tid=1263 timed_waiting
java.lang.Thread.State: TIMED_WAITING
        at java.lang.Thread.sleep(Native Method)
        at org.apache.hadoop.ozone.container.common.statemachine.commandhandler.DeleteBlocksCommandHandler$DeleteCmdWorker.run(DeleteBlocksCommandHandler.java:183)
        at java.lang.Thread.run(Thread.java:750)
"pool-606-thread-1" daemon prio=5 tid=1314 timed_waiting
java.lang.Thread.State: TIMED_WAITING
        at sun.misc.Unsafe.park(Native Method)
        at java.util.concurrent.locks.LockSupport.parkNanos(LockSupport.java:215)
        at java.util.concurrent.locks.AbstractQueuedSynchronizer$ConditionObject.awaitNanos(AbstractQueuedSynchronizer.java:2078)
        at java.util.concurrent.ScheduledThreadPoolExecutor$DelayedWorkQueue.take(ScheduledThreadPoolExecutor.java:1093)
        at java.util.concurrent.ScheduledThreadPoolExecutor$DelayedWorkQueue.take(ScheduledThreadPoolExecutor.java:809)
        at java.util.concurrent.ThreadPoolExecutor.getTask(ThreadPoolExecutor.java:1074)
        at java.util.concurrent.ThreadPoolExecutor.runWorker(ThreadPoolExecutor.java:1134)
        at java.util.concurrent.ThreadPoolExecutor$Worker.run(ThreadPoolExecutor.java:624)
        at java.lang.Thread.run(Thread.java:750)
"EventQueue-NodeReportForNodeReportHandler" daemon prio=5 tid=1616 in Object.wait()
java.lang.Thread.State: WAITING (on object monitor)
        at sun.misc.Unsafe.park(Native Method)
        at java.util.concurrent.locks.LockSupport.park(LockSupport.java:175)
        at java.util.concurrent.locks.AbstractQueuedSynchronizer$ConditionObject.await(AbstractQueuedSynchronizer.java:2039)
        at java.util.concurrent.LinkedBlockingQueue.take(LinkedBlockingQueue.java:442)
        at java.util.concurrent.ThreadPoolExecutor.getTask(ThreadPoolExecutor.java:1074)
        at java.util.concurrent.ThreadPoolExecutor.runWorker(ThreadPoolExecutor.java:1134)
        at java.util.concurrent.ThreadPoolExecutor$Worker.run(ThreadPoolExecutor.java:624)
        at java.lang.Thread.run(Thread.java:750)
"Session-HouseKeeper-4f07053d-1"  prio=5 tid=1299 timed_waiting
java.lang.Thread.State: TIMED_WAITING
        at sun.misc.Unsafe.park(Native Method)
        at java.util.concurrent.locks.LockSupport.parkNanos(LockSupport.java:215)
        at java.util.concurrent.locks.AbstractQueuedSynchronizer$ConditionObject.awaitNanos(AbstractQueuedSynchronizer.java:2078)
        at java.util.concurrent.ScheduledThreadPoolExecutor$DelayedWorkQueue.take(ScheduledThreadPoolExecutor.java:1093)
        at java.util.concurrent.ScheduledThreadPoolExecutor$DelayedWorkQueue.take(ScheduledThreadPoolExecutor.java:809)
        at java.util.concurrent.ThreadPoolExecutor.getTask(ThreadPoolExecutor.java:1074)
        at java.util.concurrent.ThreadPoolExecutor.runWorker(ThreadPoolExecutor.java:1134)
        at java.util.concurrent.ThreadPoolExecutor$Worker.run(ThreadPoolExecutor.java:624)
        at java.lang.Thread.run(Thread.java:750)
"IPC Server handler 11 on default port 45531" daemon prio=5 tid=1119 timed_waiting
java.lang.Thread.State: TIMED_WAITING
        at sun.misc.Unsafe.park(Native Method)
        at java.util.concurrent.locks.LockSupport.parkNanos(LockSupport.java:215)
        at java.util.concurrent.locks.AbstractQueuedSynchronizer$ConditionObject.awaitNanos(AbstractQueuedSynchronizer.java:2078)
        at java.util.concurrent.LinkedBlockingQueue.poll(LinkedBlockingQueue.java:467)
        at org.apache.hadoop.ipc.CallQueueManager.take(CallQueueManager.java:317)
        at org.apache.hadoop.ipc.Server$Handler.run(Server.java:2942)
"IPC Server handler 2 on default port 45531" daemon prio=5 tid=1110 timed_waiting
java.lang.Thread.State: TIMED_WAITING
        at sun.misc.Unsafe.park(Native Method)
        at java.util.concurrent.locks.LockSupport.parkNanos(LockSupport.java:215)
        at java.util.concurrent.locks.AbstractQueuedSynchronizer$ConditionObject.awaitNanos(AbstractQueuedSynchronizer.java:2078)
        at java.util.concurrent.LinkedBlockingQueue.poll(LinkedBlockingQueue.java:467)
        at org.apache.hadoop.ipc.CallQueueManager.take(CallQueueManager.java:317)
        at org.apache.hadoop.ipc.Server$Handler.run(Server.java:2942)
"86012a26-2f7a-42b0-9674-f0c6f2d36cf9@group-7E018C2E2285-StateMachineUpdater" daemon prio=5 tid=1490 timed_waiting
java.lang.Thread.State: TIMED_WAITING
        at sun.misc.Unsafe.park(Native Method)
        at java.util.concurrent.locks.LockSupport.parkNanos(LockSupport.java:215)
        at java.util.concurrent.CompletableFuture$Signaller.block(CompletableFuture.java:1709)
        at java.util.concurrent.ForkJoinPool.managedBlock(ForkJoinPool.java:3323)
        at java.util.concurrent.CompletableFuture.timedGet(CompletableFuture.java:1788)
        at java.util.concurrent.CompletableFuture.get(CompletableFuture.java:1928)
        at org.apache.ratis.util.AwaitForSignal.await(AwaitForSignal.java:56)
        at org.apache.ratis.server.impl.StateMachineUpdater.waitForCommit(StateMachineUpdater.java:207)
        at org.apache.ratis.server.impl.StateMachineUpdater.run(StateMachineUpdater.java:176)
        at java.lang.Thread.run(Thread.java:750)
"timer6" daemon prio=5 tid=567 timed_waiting
java.lang.Thread.State: TIMED_WAITING
        at java.lang.Object.wait(Native Method)
        at java.util.TimerThread.mainLoop(Timer.java:552)
        at java.util.TimerThread.run(Timer.java:505)
"ChunkReader-ELG-0" daemon prio=5 tid=1433 runnable
java.lang.Thread.State: RUNNABLE
        at org.apache.ratis.thirdparty.io.netty.channel.epoll.Native.epollWait(Native Method)
        at org.apache.ratis.thirdparty.io.netty.channel.epoll.Native.epollWait(Native.java:209)
        at org.apache.ratis.thirdparty.io.netty.channel.epoll.Native.epollWait(Native.java:202)
        at org.apache.ratis.thirdparty.io.netty.channel.epoll.EpollEventLoop.epollWaitNoTimerChange(EpollEventLoop.java:294)
        at org.apache.ratis.thirdparty.io.netty.channel.epoll.EpollEventLoop.run(EpollEventLoop.java:351)
        at org.apache.ratis.thirdparty.io.netty.util.concurrent.SingleThreadEventExecutor$4.run(SingleThreadEventExecutor.java:995)
        at org.apache.ratis.thirdparty.io.netty.util.internal.ThreadExecutorMap$2.run(ThreadExecutorMap.java:74)
        at java.lang.Thread.run(Thread.java:750)
"EndpointStateMachine task thread for /0.0.0.0:35447 - 0 "  prio=5 tid=1439 in Object.wait()
java.lang.Thread.State: WAITING (on object monitor)
        at sun.misc.Unsafe.park(Native Method)
        at java.util.concurrent.locks.LockSupport.park(LockSupport.java:175)
        at java.util.concurrent.locks.AbstractQueuedSynchronizer$ConditionObject.await(AbstractQueuedSynchronizer.java:2039)
        at java.util.concurrent.LinkedBlockingQueue.take(LinkedBlockingQueue.java:442)
        at java.util.concurrent.ThreadPoolExecutor.getTask(ThreadPoolExecutor.java:1074)
        at java.util.concurrent.ThreadPoolExecutor.runWorker(ThreadPoolExecutor.java:1134)
        at java.util.concurrent.ThreadPoolExecutor$Worker.run(ThreadPoolExecutor.java:624)
        at java.lang.Thread.run(Thread.java:750)
"grpc-default-boss-ELG-4-1" daemon prio=5 tid=743 runnable
java.lang.Thread.State: RUNNABLE
        at org.apache.ratis.thirdparty.io.netty.channel.epoll.Native.epollWait(Native Method)
        at org.apache.ratis.thirdparty.io.netty.channel.epoll.Native.epollWait(Native.java:209)
        at org.apache.ratis.thirdparty.io.netty.channel.epoll.Native.epollWait(Native.java:202)
        at org.apache.ratis.thirdparty.io.netty.channel.epoll.EpollEventLoop.epollWaitNoTimerChange(EpollEventLoop.java:294)
        at org.apache.ratis.thirdparty.io.netty.channel.epoll.EpollEventLoop.run(EpollEventLoop.java:351)
        at org.apache.ratis.thirdparty.io.netty.util.concurrent.SingleThreadEventExecutor$4.run(SingleThreadEventExecutor.java:995)
        at org.apache.ratis.thirdparty.io.netty.util.internal.ThreadExecutorMap$2.run(ThreadExecutorMap.java:74)
        at org.apache.ratis.thirdparty.io.netty.util.concurrent.FastThreadLocalRunnable.run(FastThreadLocalRunnable.java:30)
        at java.lang.Thread.run(Thread.java:750)
"Datanode ReportManager Thread - 0" daemon prio=5 tid=1329 in Object.wait()
java.lang.Thread.State: WAITING (on object monitor)
        at sun.misc.Unsafe.park(Native Method)
        at java.util.concurrent.locks.LockSupport.park(LockSupport.java:175)
        at java.util.concurrent.locks.AbstractQueuedSynchronizer$ConditionObject.await(AbstractQueuedSynchronizer.java:2039)
        at java.util.concurrent.ScheduledThreadPoolExecutor$DelayedWorkQueue.take(ScheduledThreadPoolExecutor.java:1088)
        at java.util.concurrent.ScheduledThreadPoolExecutor$DelayedWorkQueue.take(ScheduledThreadPoolExecutor.java:809)
        at java.util.concurrent.ThreadPoolExecutor.getTask(ThreadPoolExecutor.java:1074)
        at java.util.concurrent.ThreadPoolExecutor.runWorker(ThreadPoolExecutor.java:1134)
        at java.util.concurrent.ThreadPoolExecutor$Worker.run(ThreadPoolExecutor.java:624)
        at java.lang.Thread.run(Thread.java:750)
"qtp1446747078-1269" daemon prio=5 tid=1269 timed_waiting
java.lang.Thread.State: TIMED_WAITING
        at sun.misc.Unsafe.park(Native Method)
        at java.util.concurrent.locks.LockSupport.parkNanos(LockSupport.java:215)
        at java.util.concurrent.locks.AbstractQueuedSynchronizer$ConditionObject.awaitNanos(AbstractQueuedSynchronizer.java:2078)
        at org.eclipse.jetty.util.BlockingArrayQueue.poll(BlockingArrayQueue.java:382)
        at org.eclipse.jetty.util.thread.QueuedThreadPool$Runner.idleJobPoll(QueuedThreadPool.java:974)
        at org.eclipse.jetty.util.thread.QueuedThreadPool$Runner.run(QueuedThreadPool.java:1018)
        at java.lang.Thread.run(Thread.java:750)
"IPC Server handler 17 on default port 46561" daemon prio=5 tid=1227 timed_waiting
java.lang.Thread.State: TIMED_WAITING
        at sun.misc.Unsafe.park(Native Method)
        at java.util.concurrent.locks.LockSupport.parkNanos(LockSupport.java:215)
        at java.util.concurrent.locks.AbstractQueuedSynchronizer$ConditionObject.awaitNanos(AbstractQueuedSynchronizer.java:2078)
        at java.util.concurrent.LinkedBlockingQueue.poll(LinkedBlockingQueue.java:467)
        at org.apache.hadoop.ipc.CallQueueManager.take(CallQueueManager.java:317)
        at org.apache.hadoop.ipc.Server$Handler.run(Server.java:2942)
"qtp1624799476-1348" daemon prio=5 tid=1348 timed_waiting
java.lang.Thread.State: TIMED_WAITING
        at sun.misc.Unsafe.park(Native Method)
        at java.util.concurrent.locks.LockSupport.parkNanos(LockSupport.java:215)
        at java.util.concurrent.locks.AbstractQueuedSynchronizer$ConditionObject.awaitNanos(AbstractQueuedSynchronizer.java:2078)
        at org.eclipse.jetty.util.BlockingArrayQueue.poll(BlockingArrayQueue.java:382)
        at org.eclipse.jetty.util.thread.QueuedThreadPool$Runner.idleJobPoll(QueuedThreadPool.java:974)
        at org.eclipse.jetty.util.thread.QueuedThreadPool$Runner.run(QueuedThreadPool.java:1018)
        at java.lang.Thread.run(Thread.java:750)
"Datanode State Machine Task Thread - 1"  prio=5 tid=1426 in Object.wait()
java.lang.Thread.State: WAITING (on object monitor)
        at sun.misc.Unsafe.park(Native Method)
        at java.util.concurrent.locks.LockSupport.park(LockSupport.java:175)
        at java.util.concurrent.locks.AbstractQueuedSynchronizer$ConditionObject.await(AbstractQueuedSynchronizer.java:2039)
        at java.util.concurrent.LinkedBlockingQueue.take(LinkedBlockingQueue.java:442)
        at java.util.concurrent.ThreadPoolExecutor.getTask(ThreadPoolExecutor.java:1074)
        at java.util.concurrent.ThreadPoolExecutor.runWorker(ThreadPoolExecutor.java:1134)
        at java.util.concurrent.ThreadPoolExecutor$Worker.run(ThreadPoolExecutor.java:624)
        at java.lang.Thread.run(Thread.java:750)
"grpc-default-executor-2" daemon prio=5 tid=1556 timed_waiting
java.lang.Thread.State: TIMED_WAITING
        at sun.misc.Unsafe.park(Native Method)
        at java.util.concurrent.locks.LockSupport.parkNanos(LockSupport.java:215)
        at java.util.concurrent.SynchronousQueue$TransferStack.awaitFulfill(SynchronousQueue.java:460)
        at java.util.concurrent.SynchronousQueue$TransferStack.transfer(SynchronousQueue.java:362)
        at java.util.concurrent.SynchronousQueue.poll(SynchronousQueue.java:941)
        at java.util.concurrent.ThreadPoolExecutor.getTask(ThreadPoolExecutor.java:1073)
        at java.util.concurrent.ThreadPoolExecutor.runWorker(ThreadPoolExecutor.java:1134)
        at java.util.concurrent.ThreadPoolExecutor$Worker.run(ThreadPoolExecutor.java:624)
        at java.lang.Thread.run(Thread.java:750)
"BlockDeletingService#0" daemon prio=5 tid=1422 in Object.wait()
java.lang.Thread.State: WAITING (on object monitor)
        at sun.misc.Unsafe.park(Native Method)
        at java.util.concurrent.locks.LockSupport.park(LockSupport.java:175)
        at java.util.concurrent.locks.AbstractQueuedSynchronizer$ConditionObject.await(AbstractQueuedSynchronizer.java:2039)
        at java.util.concurrent.ScheduledThreadPoolExecutor$DelayedWorkQueue.take(ScheduledThreadPoolExecutor.java:1088)
        at java.util.concurrent.ScheduledThreadPoolExecutor$DelayedWorkQueue.take(ScheduledThreadPoolExecutor.java:809)
        at java.util.concurrent.ThreadPoolExecutor.getTask(ThreadPoolExecutor.java:1074)
        at java.util.concurrent.ThreadPoolExecutor.runWorker(ThreadPoolExecutor.java:1134)
        at java.util.concurrent.ThreadPoolExecutor$Worker.run(ThreadPoolExecutor.java:624)
        at java.lang.Thread.run(Thread.java:750)
"StaleRecoveringContainerScrubbingService#1" daemon prio=5 tid=1425 timed_waiting
java.lang.Thread.State: TIMED_WAITING
        at sun.misc.Unsafe.park(Native Method)
        at java.util.concurrent.locks.LockSupport.parkNanos(LockSupport.java:215)
        at java.util.concurrent.locks.AbstractQueuedSynchronizer$ConditionObject.awaitNanos(AbstractQueuedSynchronizer.java:2078)
        at java.util.concurrent.ScheduledThreadPoolExecutor$DelayedWorkQueue.take(ScheduledThreadPoolExecutor.java:1093)
        at java.util.concurrent.ScheduledThreadPoolExecutor$DelayedWorkQueue.take(ScheduledThreadPoolExecutor.java:809)
        at java.util.concurrent.ThreadPoolExecutor.getTask(ThreadPoolExecutor.java:1074)
        at java.util.concurrent.ThreadPoolExecutor.runWorker(ThreadPoolExecutor.java:1134)
        at java.util.concurrent.ThreadPoolExecutor$Worker.run(ThreadPoolExecutor.java:624)
        at java.lang.Thread.run(Thread.java:750)
"BlockDeletingService#2" daemon prio=5 tid=1617 in Object.wait()
java.lang.Thread.State: WAITING (on object monitor)
        at sun.misc.Unsafe.park(Native Method)
        at java.util.concurrent.locks.LockSupport.park(LockSupport.java:175)
        at java.util.concurrent.locks.AbstractQueuedSynchronizer$ConditionObject.await(AbstractQueuedSynchronizer.java:2039)
        at java.util.concurrent.ScheduledThreadPoolExecutor$DelayedWorkQueue.take(ScheduledThreadPoolExecutor.java:1088)
        at java.util.concurrent.ScheduledThreadPoolExecutor$DelayedWorkQueue.take(ScheduledThreadPoolExecutor.java:809)
        at java.util.concurrent.ThreadPoolExecutor.getTask(ThreadPoolExecutor.java:1074)
        at java.util.concurrent.ThreadPoolExecutor.runWorker(ThreadPoolExecutor.java:1134)
        at java.util.concurrent.ThreadPoolExecutor$Worker.run(ThreadPoolExecutor.java:624)
        at java.lang.Thread.run(Thread.java:750)
"org.apache.hadoop.ozone.container.common.statemachine.commandhandler.DeleteBlocksCommandHandler$DeleteCmdWorker@a9ac028" daemon prio=5 tid=1289 timed_waiting
java.lang.Thread.State: TIMED_WAITING
        at java.lang.Thread.sleep(Native Method)
        at org.apache.hadoop.ozone.container.common.statemachine.commandhandler.DeleteBlocksCommandHandler$DeleteCmdWorker.run(DeleteBlocksCommandHandler.java:183)
        at java.lang.Thread.run(Thread.java:750)
"qtp1930618491-1295" daemon prio=5 tid=1295 timed_waiting
java.lang.Thread.State: TIMED_WAITING
        at sun.misc.Unsafe.park(Native Method)
        at java.util.concurrent.locks.LockSupport.parkNanos(LockSupport.java:215)
        at java.util.concurrent.locks.AbstractQueuedSynchronizer$ConditionObject.awaitNanos(AbstractQueuedSynchronizer.java:2078)
        at org.eclipse.jetty.util.BlockingArrayQueue.poll(BlockingArrayQueue.java:382)
        at org.eclipse.jetty.util.thread.QueuedThreadPool$Runner.idleJobPoll(QueuedThreadPool.java:974)
        at org.eclipse.jetty.util.thread.QueuedThreadPool$Runner.run(QueuedThreadPool.java:1018)
        at java.lang.Thread.run(Thread.java:750)
"IPC Server handler 12 on default port 35447" daemon prio=5 tid=1160 timed_waiting
java.lang.Thread.State: TIMED_WAITING
        at sun.misc.Unsafe.park(Native Method)
        at java.util.concurrent.locks.LockSupport.parkNanos(LockSupport.java:215)
        at java.util.concurrent.locks.AbstractQueuedSynchronizer$ConditionObject.awaitNanos(AbstractQueuedSynchronizer.java:2078)
        at java.util.concurrent.LinkedBlockingQueue.poll(LinkedBlockingQueue.java:467)
        at org.apache.hadoop.ipc.CallQueueManager.take(CallQueueManager.java:317)
        at org.apache.hadoop.ipc.Server$Handler.run(Server.java:2942)
"qtp1446747078-1270" daemon prio=5 tid=1270 timed_waiting
java.lang.Thread.State: TIMED_WAITING
        at sun.misc.Unsafe.park(Native Method)
        at java.util.concurrent.locks.LockSupport.parkNanos(LockSupport.java:215)
        at java.util.concurrent.locks.AbstractQueuedSynchronizer$ConditionObject.awaitNanos(AbstractQueuedSynchronizer.java:2078)
        at org.eclipse.jetty.util.BlockingArrayQueue.poll(BlockingArrayQueue.java:382)
        at org.eclipse.jetty.util.thread.QueuedThreadPool$Runner.idleJobPoll(QueuedThreadPool.java:974)
        at org.eclipse.jetty.util.thread.QueuedThreadPool$Runner.run(QueuedThreadPool.java:1018)
        at java.lang.Thread.run(Thread.java:750)
"9f6d9e32-b5ab-49ef-be08-a692056fb1f3@group-7E018C2E2285->69ebc52a-668b-4a1b-b1c8-adfe2408a111-GrpcLogAppender-LogAppenderDaemon" daemon prio=5 tid=1604 timed_waiting
java.lang.Thread.State: TIMED_WAITING
        at sun.misc.Unsafe.park(Native Method)
        at java.util.concurrent.locks.LockSupport.parkNanos(LockSupport.java:215)
        at java.util.concurrent.CompletableFuture$Signaller.block(CompletableFuture.java:1709)
        at java.util.concurrent.ForkJoinPool.managedBlock(ForkJoinPool.java:3323)
        at java.util.concurrent.CompletableFuture.timedGet(CompletableFuture.java:1788)
        at java.util.concurrent.CompletableFuture.get(CompletableFuture.java:1928)
        at org.apache.ratis.util.AwaitForSignal.await(AwaitForSignal.java:56)
        at org.apache.ratis.grpc.server.GrpcLogAppender.mayWait(GrpcLogAppender.java:198)
        at org.apache.ratis.grpc.server.GrpcLogAppender.run(GrpcLogAppender.java:148)
        at org.apache.ratis.server.leader.LogAppenderDaemon.run(LogAppenderDaemon.java:78)
        at org.apache.ratis.server.leader.LogAppenderDaemon$$Lambda$1066/371373780.run(Unknown Source)
        at java.lang.Thread.run(Thread.java:750)
"IPC Server handler 15 on default port 44007" daemon prio=5 tid=1143 timed_waiting
java.lang.Thread.State: TIMED_WAITING
        at sun.misc.Unsafe.park(Native Method)
        at java.util.concurrent.locks.LockSupport.parkNanos(LockSupport.java:215)
        at java.util.concurrent.locks.AbstractQueuedSynchronizer$ConditionObject.awaitNanos(AbstractQueuedSynchronizer.java:2078)
        at java.util.concurrent.LinkedBlockingQueue.poll(LinkedBlockingQueue.java:467)
        at org.apache.hadoop.ipc.CallQueueManager.take(CallQueueManager.java:317)
        at org.apache.hadoop.ipc.Server$Handler.run(Server.java:2942)
"grpc-default-executor-6" daemon prio=5 tid=1564 timed_waiting
java.lang.Thread.State: TIMED_WAITING
        at sun.misc.Unsafe.park(Native Method)
        at java.util.concurrent.locks.LockSupport.parkNanos(LockSupport.java:215)
        at java.util.concurrent.SynchronousQueue$TransferStack.awaitFulfill(SynchronousQueue.java:460)
        at java.util.concurrent.SynchronousQueue$TransferStack.transfer(SynchronousQueue.java:362)
        at java.util.concurrent.SynchronousQueue.poll(SynchronousQueue.java:941)
        at java.util.concurrent.ThreadPoolExecutor.getTask(ThreadPoolExecutor.java:1073)
        at java.util.concurrent.ThreadPoolExecutor.runWorker(ThreadPoolExecutor.java:1134)
        at java.util.concurrent.ThreadPoolExecutor$Worker.run(ThreadPoolExecutor.java:624)
        at java.lang.Thread.run(Thread.java:750)
"ChunkWriter-0-0" daemon prio=5 tid=1440 in Object.wait()
java.lang.Thread.State: WAITING (on object monitor)
        at sun.misc.Unsafe.park(Native Method)
        at java.util.concurrent.locks.LockSupport.park(LockSupport.java:175)
        at java.util.concurrent.locks.AbstractQueuedSynchronizer$ConditionObject.await(AbstractQueuedSynchronizer.java:2039)
        at java.util.concurrent.LinkedBlockingDeque.takeFirst(LinkedBlockingDeque.java:492)
        at java.util.concurrent.LinkedBlockingDeque.take(LinkedBlockingDeque.java:680)
        at java.util.concurrent.ThreadPoolExecutor.getTask(ThreadPoolExecutor.java:1074)
        at java.util.concurrent.ThreadPoolExecutor.runWorker(ThreadPoolExecutor.java:1134)
        at java.util.concurrent.ThreadPoolExecutor$Worker.run(ThreadPoolExecutor.java:624)
        at java.lang.Thread.run(Thread.java:750)
"IPC Server handler 15 on default port 45531" daemon prio=5 tid=1123 timed_waiting
java.lang.Thread.State: TIMED_WAITING
        at sun.misc.Unsafe.park(Native Method)
        at java.util.concurrent.locks.LockSupport.parkNanos(LockSupport.java:215)
        at java.util.concurrent.locks.AbstractQueuedSynchronizer$ConditionObject.awaitNanos(AbstractQueuedSynchronizer.java:2078)
        at java.util.concurrent.LinkedBlockingQueue.poll(LinkedBlockingQueue.java:467)
        at org.apache.hadoop.ipc.CallQueueManager.take(CallQueueManager.java:317)
        at org.apache.hadoop.ipc.Server$Handler.run(Server.java:2942)
"pool-402-thread-1"  prio=5 tid=998 in Object.wait()
java.lang.Thread.State: WAITING (on object monitor)
        at sun.misc.Unsafe.park(Native Method)
        at java.util.concurrent.locks.LockSupport.park(LockSupport.java:175)
        at java.util.concurrent.locks.AbstractQueuedSynchronizer$ConditionObject.await(AbstractQueuedSynchronizer.java:2039)
        at java.util.concurrent.LinkedBlockingQueue.take(LinkedBlockingQueue.java:442)
        at java.util.concurrent.ThreadPoolExecutor.getTask(ThreadPoolExecutor.java:1074)
        at java.util.concurrent.ThreadPoolExecutor.runWorker(ThreadPoolExecutor.java:1134)
        at java.util.concurrent.ThreadPoolExecutor$Worker.run(ThreadPoolExecutor.java:624)
        at java.lang.Thread.run(Thread.java:750)
"org.apache.hadoop.util.JvmPauseMonitor$Monitor@5763df2f" daemon prio=5 tid=1281 timed_waiting
java.lang.Thread.State: TIMED_WAITING
        at java.lang.Thread.sleep(Native Method)
        at org.apache.hadoop.util.JvmPauseMonitor$Monitor.run(JvmPauseMonitor.java:192)
        at java.lang.Thread.run(Thread.java:750)
"BlockDeletingService#0" daemon prio=5 tid=1398 in Object.wait()
java.lang.Thread.State: WAITING (on object monitor)
        at sun.misc.Unsafe.park(Native Method)
        at java.util.concurrent.locks.LockSupport.park(LockSupport.java:175)
        at java.util.concurrent.locks.AbstractQueuedSynchronizer$ConditionObject.await(AbstractQueuedSynchronizer.java:2039)
        at java.util.concurrent.ScheduledThreadPoolExecutor$DelayedWorkQueue.take(ScheduledThreadPoolExecutor.java:1088)
        at java.util.concurrent.ScheduledThreadPoolExecutor$DelayedWorkQueue.take(ScheduledThreadPoolExecutor.java:809)
        at java.util.concurrent.ThreadPoolExecutor.getTask(ThreadPoolExecutor.java:1074)
        at java.util.concurrent.ThreadPoolExecutor.runWorker(ThreadPoolExecutor.java:1134)
        at java.util.concurrent.ThreadPoolExecutor$Worker.run(ThreadPoolExecutor.java:624)
        at java.lang.Thread.run(Thread.java:750)
"Datanode ReportManager Thread - 3" daemon prio=5 tid=1358 in Object.wait()
java.lang.Thread.State: WAITING (on object monitor)
        at sun.misc.Unsafe.park(Native Method)
        at java.util.concurrent.locks.LockSupport.park(LockSupport.java:175)
        at java.util.concurrent.locks.AbstractQueuedSynchronizer$ConditionObject.await(AbstractQueuedSynchronizer.java:2039)
        at java.util.concurrent.ScheduledThreadPoolExecutor$DelayedWorkQueue.take(ScheduledThreadPoolExecutor.java:1088)
        at java.util.concurrent.ScheduledThreadPoolExecutor$DelayedWorkQueue.take(ScheduledThreadPoolExecutor.java:809)
        at java.util.concurrent.ThreadPoolExecutor.getTask(ThreadPoolExecutor.java:1074)
        at java.util.concurrent.ThreadPoolExecutor.runWorker(ThreadPoolExecutor.java:1134)
        at java.util.concurrent.ThreadPoolExecutor$Worker.run(ThreadPoolExecutor.java:624)
        at java.lang.Thread.run(Thread.java:750)
"IPC Server handler 10 on default port 46561" daemon prio=5 tid=1220 timed_waiting
java.lang.Thread.State: TIMED_WAITING
        at sun.misc.Unsafe.park(Native Method)
        at java.util.concurrent.locks.LockSupport.parkNanos(LockSupport.java:215)
        at java.util.concurrent.locks.AbstractQueuedSynchronizer$ConditionObject.awaitNanos(AbstractQueuedSynchronizer.java:2078)
        at java.util.concurrent.LinkedBlockingQueue.poll(LinkedBlockingQueue.java:467)
        at org.apache.hadoop.ipc.CallQueueManager.take(CallQueueManager.java:317)
        at org.apache.hadoop.ipc.Server$Handler.run(Server.java:2942)
"IPC Server handler 3 on default port 35447" daemon prio=5 tid=1151 timed_waiting
java.lang.Thread.State: TIMED_WAITING
        at sun.misc.Unsafe.park(Native Method)
        at java.util.concurrent.locks.LockSupport.parkNanos(LockSupport.java:215)
        at java.util.concurrent.locks.AbstractQueuedSynchronizer$ConditionObject.awaitNanos(AbstractQueuedSynchronizer.java:2078)
        at java.util.concurrent.LinkedBlockingQueue.poll(LinkedBlockingQueue.java:467)
        at org.apache.hadoop.ipc.CallQueueManager.take(CallQueueManager.java:317)
        at org.apache.hadoop.ipc.Server$Handler.run(Server.java:2942)
"IPC Server handler 12 on default port 44007" daemon prio=5 tid=1140 timed_waiting
java.lang.Thread.State: TIMED_WAITING
        at sun.misc.Unsafe.park(Native Method)
        at java.util.concurrent.locks.LockSupport.parkNanos(LockSupport.java:215)
        at java.util.concurrent.locks.AbstractQueuedSynchronizer$ConditionObject.awaitNanos(AbstractQueuedSynchronizer.java:2078)
        at java.util.concurrent.LinkedBlockingQueue.poll(LinkedBlockingQueue.java:467)
        at org.apache.hadoop.ipc.CallQueueManager.take(CallQueueManager.java:317)
        at org.apache.hadoop.ipc.Server$Handler.run(Server.java:2942)
"Datanode ReportManager Thread - 2" daemon prio=5 tid=1383 in Object.wait()
java.lang.Thread.State: WAITING (on object monitor)
        at sun.misc.Unsafe.park(Native Method)
        at java.util.concurrent.locks.LockSupport.park(LockSupport.java:175)
        at java.util.concurrent.locks.AbstractQueuedSynchronizer$ConditionObject.await(AbstractQueuedSynchronizer.java:2039)
        at java.util.concurrent.ScheduledThreadPoolExecutor$DelayedWorkQueue.take(ScheduledThreadPoolExecutor.java:1088)
        at java.util.concurrent.ScheduledThreadPoolExecutor$DelayedWorkQueue.take(ScheduledThreadPoolExecutor.java:809)
        at java.util.concurrent.ThreadPoolExecutor.getTask(ThreadPoolExecutor.java:1074)
        at java.util.concurrent.ThreadPoolExecutor.runWorker(ThreadPoolExecutor.java:1134)
        at java.util.concurrent.ThreadPoolExecutor$Worker.run(ThreadPoolExecutor.java:624)
        at java.lang.Thread.run(Thread.java:750)
"IPC Server handler 3 on default port 46561" daemon prio=5 tid=1213 timed_waiting
java.lang.Thread.State: TIMED_WAITING
        at sun.misc.Unsafe.park(Native Method)
        at java.util.concurrent.locks.LockSupport.parkNanos(LockSupport.java:215)
        at java.util.concurrent.locks.AbstractQueuedSynchronizer$ConditionObject.awaitNanos(AbstractQueuedSynchronizer.java:2078)
        at java.util.concurrent.LinkedBlockingQueue.poll(LinkedBlockingQueue.java:467)
        at org.apache.hadoop.ipc.CallQueueManager.take(CallQueueManager.java:317)
        at org.apache.hadoop.ipc.Server$Handler.run(Server.java:2942)
"JvmPauseMonitor14" daemon prio=5 tid=1420 timed_waiting
java.lang.Thread.State: TIMED_WAITING
        at java.lang.Thread.sleep(Native Method)
        at java.lang.Thread.sleep(Thread.java:342)
        at java.util.concurrent.TimeUnit.sleep(TimeUnit.java:386)
        at org.apache.ratis.util.TimeDuration.sleep(TimeDuration.java:325)
        at org.apache.ratis.util.TimeDuration.sleep(TimeDuration.java:310)
        at org.apache.ratis.util.JvmPauseMonitor.detectPause(JvmPauseMonitor.java:119)
        at org.apache.ratis.util.JvmPauseMonitor.run(JvmPauseMonitor.java:108)
        at org.apache.ratis.util.JvmPauseMonitor$$Lambda$730/1688410242.run(Unknown Source)
        at java.lang.Thread.run(Thread.java:750)
"Datanode State Machine Task Thread - 0"  prio=5 tid=1362 in Object.wait()
java.lang.Thread.State: WAITING (on object monitor)
        at sun.misc.Unsafe.park(Native Method)
        at java.util.concurrent.locks.LockSupport.park(LockSupport.java:175)
        at java.util.concurrent.locks.AbstractQueuedSynchronizer$ConditionObject.await(AbstractQueuedSynchronizer.java:2039)
        at java.util.concurrent.LinkedBlockingQueue.take(LinkedBlockingQueue.java:442)
        at java.util.concurrent.ThreadPoolExecutor.getTask(ThreadPoolExecutor.java:1074)
        at java.util.concurrent.ThreadPoolExecutor.runWorker(ThreadPoolExecutor.java:1134)
        at java.util.concurrent.ThreadPoolExecutor$Worker.run(ThreadPoolExecutor.java:624)
        at java.lang.Thread.run(Thread.java:750)
"ChunkWriter-0-0" daemon prio=5 tid=1416 in Object.wait()
java.lang.Thread.State: WAITING (on object monitor)
        at sun.misc.Unsafe.park(Native Method)
        at java.util.concurrent.locks.LockSupport.park(LockSupport.java:175)
        at java.util.concurrent.locks.AbstractQueuedSynchronizer$ConditionObject.await(AbstractQueuedSynchronizer.java:2039)
        at java.util.concurrent.LinkedBlockingDeque.takeFirst(LinkedBlockingDeque.java:492)
        at java.util.concurrent.LinkedBlockingDeque.take(LinkedBlockingDeque.java:680)
        at java.util.concurrent.ThreadPoolExecutor.getTask(ThreadPoolExecutor.java:1074)
        at java.util.concurrent.ThreadPoolExecutor.runWorker(ThreadPoolExecutor.java:1134)
        at java.util.concurrent.ThreadPoolExecutor$Worker.run(ThreadPoolExecutor.java:624)
        at java.lang.Thread.run(Thread.java:750)
"IPC Server handler 4 on default port 35447" daemon prio=5 tid=1152 timed_waiting
java.lang.Thread.State: TIMED_WAITING
        at sun.misc.Unsafe.park(Native Method)
        at java.util.concurrent.locks.LockSupport.parkNanos(LockSupport.java:215)
        at java.util.concurrent.locks.AbstractQueuedSynchronizer$ConditionObject.awaitNanos(AbstractQueuedSynchronizer.java:2078)
        at java.util.concurrent.LinkedBlockingQueue.poll(LinkedBlockingQueue.java:467)
        at org.apache.hadoop.ipc.CallQueueManager.take(CallQueueManager.java:317)
        at org.apache.hadoop.ipc.Server$Handler.run(Server.java:2942)
"9f6d9e32-b5ab-49ef-be08-a692056fb1f3@group-7E018C2E2285->86012a26-2f7a-42b0-9674-f0c6f2d36cf9-GrpcLogAppender-LogAppenderDaemon" daemon prio=5 tid=1603 timed_waiting
java.lang.Thread.State: TIMED_WAITING
        at sun.misc.Unsafe.park(Native Method)
        at java.util.concurrent.locks.LockSupport.parkNanos(LockSupport.java:215)
        at java.util.concurrent.CompletableFuture$Signaller.block(CompletableFuture.java:1709)
        at java.util.concurrent.ForkJoinPool.managedBlock(ForkJoinPool.java:3323)
        at java.util.concurrent.CompletableFuture.timedGet(CompletableFuture.java:1788)
        at java.util.concurrent.CompletableFuture.get(CompletableFuture.java:1928)
        at org.apache.ratis.util.AwaitForSignal.await(AwaitForSignal.java:56)
        at org.apache.ratis.grpc.server.GrpcLogAppender.mayWait(GrpcLogAppender.java:198)
        at org.apache.ratis.grpc.server.GrpcLogAppender.run(GrpcLogAppender.java:148)
        at org.apache.ratis.server.leader.LogAppenderDaemon.run(LogAppenderDaemon.java:78)
        at org.apache.ratis.server.leader.LogAppenderDaemon$$Lambda$1066/371373780.run(Unknown Source)
        at java.lang.Thread.run(Thread.java:750)
"Command processor thread" daemon prio=5 tid=1386 timed_waiting
java.lang.Thread.State: TIMED_WAITING
        at java.lang.Thread.sleep(Native Method)
        at org.apache.hadoop.ozone.container.common.statemachine.DatanodeStateMachine.lambda$initCommandHandlerThread$3(DatanodeStateMachine.java:641)
        at org.apache.hadoop.ozone.container.common.statemachine.DatanodeStateMachine$$Lambda$833/745519443.run(Unknown Source)
        at java.lang.Thread.run(Thread.java:750)
"EndpointStateMachine task thread for /0.0.0.0:35447 - 0 "  prio=5 tid=1415 in Object.wait()
java.lang.Thread.State: WAITING (on object monitor)
        at sun.misc.Unsafe.park(Native Method)
        at java.util.concurrent.locks.LockSupport.park(LockSupport.java:175)
        at java.util.concurrent.locks.AbstractQueuedSynchronizer$ConditionObject.await(AbstractQueuedSynchronizer.java:2039)
        at java.util.concurrent.LinkedBlockingQueue.take(LinkedBlockingQueue.java:442)
        at java.util.concurrent.ThreadPoolExecutor.getTask(ThreadPoolExecutor.java:1074)
        at java.util.concurrent.ThreadPoolExecutor.runWorker(ThreadPoolExecutor.java:1134)
        at java.util.concurrent.ThreadPoolExecutor$Worker.run(ThreadPoolExecutor.java:624)
        at java.lang.Thread.run(Thread.java:750)
"pool-622-thread-1"  prio=5 tid=1318 timed_waiting
java.lang.Thread.State: TIMED_WAITING
        at sun.misc.Unsafe.park(Native Method)
        at java.util.concurrent.locks.LockSupport.parkNanos(LockSupport.java:215)
        at java.util.concurrent.locks.AbstractQueuedSynchronizer$ConditionObject.awaitNanos(AbstractQueuedSynchronizer.java:2078)
        at java.util.concurrent.ScheduledThreadPoolExecutor$DelayedWorkQueue.take(ScheduledThreadPoolExecutor.java:1093)
        at java.util.concurrent.ScheduledThreadPoolExecutor$DelayedWorkQueue.take(ScheduledThreadPoolExecutor.java:809)
        at java.util.concurrent.ThreadPoolExecutor.getTask(ThreadPoolExecutor.java:1074)
        at java.util.concurrent.ThreadPoolExecutor.runWorker(ThreadPoolExecutor.java:1134)
        at java.util.concurrent.ThreadPoolExecutor$Worker.run(ThreadPoolExecutor.java:624)
        at java.lang.Thread.run(Thread.java:750)
"ExpiredContainerReplicaOpScrubberThread" daemon prio=5 tid=1078 timed_waiting
java.lang.Thread.State: TIMED_WAITING
        at java.lang.Object.wait(Native Method)
        at org.apache.hadoop.hdds.scm.ha.BackgroundSCMService.run(BackgroundSCMService.java:110)
        at org.apache.hadoop.hdds.scm.ha.BackgroundSCMService$$Lambda$396/1907517568.run(Unknown Source)
        at java.lang.Thread.run(Thread.java:750)
"qtp1930618491-1296" daemon prio=5 tid=1296 timed_waiting
java.lang.Thread.State: TIMED_WAITING
        at sun.misc.Unsafe.park(Native Method)
        at java.util.concurrent.locks.LockSupport.parkNanos(LockSupport.java:215)
        at java.util.concurrent.locks.AbstractQueuedSynchronizer$ConditionObject.awaitNanos(AbstractQueuedSynchronizer.java:2078)
        at org.eclipse.jetty.util.BlockingArrayQueue.poll(BlockingArrayQueue.java:382)
        at org.eclipse.jetty.util.thread.QueuedThreadPool$Runner.idleJobPoll(QueuedThreadPool.java:974)
        at org.eclipse.jetty.util.thread.QueuedThreadPool$Runner.run(QueuedThreadPool.java:1018)
        at java.lang.Thread.run(Thread.java:750)
"grpc-default-executor-1" daemon prio=5 tid=1525 timed_waiting
java.lang.Thread.State: TIMED_WAITING
        at sun.misc.Unsafe.park(Native Method)
        at java.util.concurrent.locks.LockSupport.parkNanos(LockSupport.java:215)
        at java.util.concurrent.SynchronousQueue$TransferStack.awaitFulfill(SynchronousQueue.java:460)
        at java.util.concurrent.SynchronousQueue$TransferStack.transfer(SynchronousQueue.java:362)
        at java.util.concurrent.SynchronousQueue.poll(SynchronousQueue.java:941)
        at java.util.concurrent.ThreadPoolExecutor.getTask(ThreadPoolExecutor.java:1073)
        at java.util.concurrent.ThreadPoolExecutor.runWorker(ThreadPoolExecutor.java:1134)
        at java.util.concurrent.ThreadPoolExecutor$Worker.run(ThreadPoolExecutor.java:624)
        at java.lang.Thread.run(Thread.java:750)
"Periodic HDDS volume checker" daemon prio=5 tid=1338 timed_waiting
java.lang.Thread.State: TIMED_WAITING
        at sun.misc.Unsafe.park(Native Method)
        at java.util.concurrent.locks.LockSupport.parkNanos(LockSupport.java:215)
        at java.util.concurrent.locks.AbstractQueuedSynchronizer$ConditionObject.awaitNanos(AbstractQueuedSynchronizer.java:2078)
        at java.util.concurrent.ScheduledThreadPoolExecutor$DelayedWorkQueue.take(ScheduledThreadPoolExecutor.java:1093)
        at java.util.concurrent.ScheduledThreadPoolExecutor$DelayedWorkQueue.take(ScheduledThreadPoolExecutor.java:809)
        at java.util.concurrent.ThreadPoolExecutor.getTask(ThreadPoolExecutor.java:1074)
        at java.util.concurrent.ThreadPoolExecutor.runWorker(ThreadPoolExecutor.java:1134)
        at java.util.concurrent.ThreadPoolExecutor$Worker.run(ThreadPoolExecutor.java:624)
        at java.lang.Thread.run(Thread.java:750)
"org.apache.hadoop.ozone.container.common.statemachine.commandhandler.DeleteBlocksCommandHandler$DeleteCmdWorker@491dfd8e" daemon prio=5 tid=1237 timed_waiting
java.lang.Thread.State: TIMED_WAITING
        at java.lang.Thread.sleep(Native Method)
        at org.apache.hadoop.ozone.container.common.statemachine.commandhandler.DeleteBlocksCommandHandler$DeleteCmdWorker.run(DeleteBlocksCommandHandler.java:183)
        at java.lang.Thread.run(Thread.java:750)
"junit-jupiter-timeout-watcher"  prio=10 tid=12 timed_waiting
java.lang.Thread.State: TIMED_WAITING
        at sun.misc.Unsafe.park(Native Method)
        at java.util.concurrent.locks.LockSupport.parkNanos(LockSupport.java:215)
        at java.util.concurrent.locks.AbstractQueuedSynchronizer$ConditionObject.awaitNanos(AbstractQueuedSynchronizer.java:2078)
        at java.util.concurrent.ScheduledThreadPoolExecutor$DelayedWorkQueue.take(ScheduledThreadPoolExecutor.java:1093)
        at java.util.concurrent.ScheduledThreadPoolExecutor$DelayedWorkQueue.take(ScheduledThreadPoolExecutor.java:809)
        at java.util.concurrent.ThreadPoolExecutor.getTask(ThreadPoolExecutor.java:1074)
        at java.util.concurrent.ThreadPoolExecutor.runWorker(ThreadPoolExecutor.java:1134)
        at java.util.concurrent.ThreadPoolExecutor$Worker.run(ThreadPoolExecutor.java:624)
        at java.lang.Thread.run(Thread.java:750)
"Over Replicated Processor" daemon prio=5 tid=1081 timed_waiting
java.lang.Thread.State: TIMED_WAITING
        at java.lang.Object.wait(Native Method)
        at org.apache.hadoop.hdds.scm.container.replication.OverReplicatedProcessor.run(OverReplicatedProcessor.java:136)
        at java.lang.Thread.run(Thread.java:750)
"KeyDeletingService#0" daemon prio=5 tid=1197 timed_waiting
java.lang.Thread.State: TIMED_WAITING
        at sun.misc.Unsafe.park(Native Method)
        at java.util.concurrent.locks.LockSupport.parkNanos(LockSupport.java:215)
        at java.util.concurrent.locks.AbstractQueuedSynchronizer$ConditionObject.awaitNanos(AbstractQueuedSynchronizer.java:2078)
        at java.util.concurrent.ScheduledThreadPoolExecutor$DelayedWorkQueue.take(ScheduledThreadPoolExecutor.java:1093)
        at java.util.concurrent.ScheduledThreadPoolExecutor$DelayedWorkQueue.take(ScheduledThreadPoolExecutor.java:809)
        at java.util.concurrent.ThreadPoolExecutor.getTask(ThreadPoolExecutor.java:1074)
        at java.util.concurrent.ThreadPoolExecutor.runWorker(ThreadPoolExecutor.java:1134)
        at java.util.concurrent.ThreadPoolExecutor$Worker.run(ThreadPoolExecutor.java:624)
        at java.lang.Thread.run(Thread.java:750)
"Datanode State Machine Daemon Thread" daemon prio=5 tid=1248 timed_waiting
java.lang.Thread.State: TIMED_WAITING
        at java.lang.Thread.sleep(Native Method)
        at org.apache.hadoop.ozone.container.common.statemachine.DatanodeStateMachine.startStateMachineThread(DatanodeStateMachine.java:321)
        at org.apache.hadoop.ozone.container.common.statemachine.DatanodeStateMachine.lambda$startDaemon$0(DatanodeStateMachine.java:506)
        at org.apache.hadoop.ozone.container.common.statemachine.DatanodeStateMachine$$Lambda$815/9941880.run(Unknown Source)
        at java.lang.Thread.run(Thread.java:750)
"IPC Server handler 4 on default port 44007" daemon prio=5 tid=1132 timed_waiting
java.lang.Thread.State: TIMED_WAITING
        at sun.misc.Unsafe.park(Native Method)
        at java.util.concurrent.locks.LockSupport.parkNanos(LockSupport.java:215)
        at java.util.concurrent.locks.AbstractQueuedSynchronizer$ConditionObject.awaitNanos(AbstractQueuedSynchronizer.java:2078)
        at java.util.concurrent.LinkedBlockingQueue.poll(LinkedBlockingQueue.java:467)
        at org.apache.hadoop.ipc.CallQueueManager.take(CallQueueManager.java:317)
        at org.apache.hadoop.ipc.Server$Handler.run(Server.java:2942)
"qtp1644006516-1239" daemon prio=5 tid=1239 runnable
java.lang.Thread.State: RUNNABLE
        at sun.nio.ch.EPollArrayWrapper.epollWait(Native Method)
        at sun.nio.ch.EPollArrayWrapper.poll(EPollArrayWrapper.java:269)
        at sun.nio.ch.EPollSelectorImpl.doSelect(EPollSelectorImpl.java:93)
        at sun.nio.ch.SelectorImpl.lockAndDoSelect(SelectorImpl.java:86)
        at sun.nio.ch.SelectorImpl.select(SelectorImpl.java:97)
        at sun.nio.ch.SelectorImpl.select(SelectorImpl.java:101)
        at org.eclipse.jetty.io.ManagedSelector.nioSelect(ManagedSelector.java:183)
        at org.eclipse.jetty.io.ManagedSelector.select(ManagedSelector.java:190)
        at org.eclipse.jetty.io.ManagedSelector$SelectorProducer.select(ManagedSelector.java:606)
        at org.eclipse.jetty.io.ManagedSelector$SelectorProducer.produce(ManagedSelector.java:543)
        at org.eclipse.jetty.util.thread.strategy.EatWhatYouKill.produceTask(EatWhatYouKill.java:362)
        at org.eclipse.jetty.util.thread.strategy.EatWhatYouKill.doProduce(EatWhatYouKill.java:186)
        at org.eclipse.jetty.util.thread.strategy.EatWhatYouKill.tryProduce(EatWhatYouKill.java:173)
        at org.eclipse.jetty.util.thread.strategy.EatWhatYouKill.produce(EatWhatYouKill.java:137)
        at org.eclipse.jetty.io.ManagedSelector$$Lambda$470/271594494.run(Unknown Source)
        at org.eclipse.jetty.util.thread.QueuedThreadPool.runJob(QueuedThreadPool.java:883)
        at org.eclipse.jetty.util.thread.QueuedThreadPool$Runner.run(QueuedThreadPool.java:1034)
        at java.lang.Thread.run(Thread.java:750)
"IPC Server handler 18 on default port 35447" daemon prio=5 tid=1166 timed_waiting
java.lang.Thread.State: TIMED_WAITING
        at sun.misc.Unsafe.park(Native Method)
        at java.util.concurrent.locks.LockSupport.parkNanos(LockSupport.java:215)
        at java.util.concurrent.locks.AbstractQueuedSynchronizer$ConditionObject.awaitNanos(AbstractQueuedSynchronizer.java:2078)
        at java.util.concurrent.LinkedBlockingQueue.poll(LinkedBlockingQueue.java:467)
        at org.apache.hadoop.ipc.CallQueueManager.take(CallQueueManager.java:317)
        at org.apache.hadoop.ipc.Server$Handler.run(Server.java:2942)
"CommandWatcher-LeaseManager#LeaseMonitor" daemon prio=5 tid=1107 timed_waiting
java.lang.Thread.State: TIMED_WAITING
        at java.lang.Object.wait(Native Method)
        at org.apache.hadoop.ozone.lease.LeaseManager$LeaseMonitor.run(LeaseManager.java:238)
        at java.lang.Thread.run(Thread.java:750)
"Datanode State Machine Task Thread - 1"  prio=5 tid=1450 in Object.wait()
java.lang.Thread.State: WAITING (on object monitor)
        at sun.misc.Unsafe.park(Native Method)
        at java.util.concurrent.locks.LockSupport.park(LockSupport.java:175)
        at java.util.concurrent.locks.AbstractQueuedSynchronizer$ConditionObject.await(AbstractQueuedSynchronizer.java:2039)
        at java.util.concurrent.LinkedBlockingQueue.take(LinkedBlockingQueue.java:442)
        at java.util.concurrent.ThreadPoolExecutor.getTask(ThreadPoolExecutor.java:1074)
        at java.util.concurrent.ThreadPoolExecutor.runWorker(ThreadPoolExecutor.java:1134)
        at java.util.concurrent.ThreadPoolExecutor$Worker.run(ThreadPoolExecutor.java:624)
        at java.lang.Thread.run(Thread.java:750)
"IPC Server handler 6 on default port 35447" daemon prio=5 tid=1154 timed_waiting
java.lang.Thread.State: TIMED_WAITING
        at sun.misc.Unsafe.park(Native Method)
        at java.util.concurrent.locks.LockSupport.parkNanos(LockSupport.java:215)
        at java.util.concurrent.locks.AbstractQueuedSynchronizer$ConditionObject.awaitNanos(AbstractQueuedSynchronizer.java:2078)
        at java.util.concurrent.LinkedBlockingQueue.poll(LinkedBlockingQueue.java:467)
        at org.apache.hadoop.ipc.CallQueueManager.take(CallQueueManager.java:317)
        at org.apache.hadoop.ipc.Server$Handler.run(Server.java:2942)
"FixedThreadPoolWithAffinityExecutor-8-0" daemon prio=5 tid=1103 timed_waiting
java.lang.Thread.State: TIMED_WAITING
        at sun.misc.Unsafe.park(Native Method)
        at java.util.concurrent.locks.LockSupport.parkNanos(LockSupport.java:215)
        at java.util.concurrent.locks.AbstractQueuedSynchronizer$ConditionObject.awaitNanos(AbstractQueuedSynchronizer.java:2078)
        at java.util.concurrent.LinkedBlockingQueue.poll(LinkedBlockingQueue.java:467)
        at org.apache.hadoop.hdds.scm.server.ContainerReportQueue.poll(ContainerReportQueue.java:266)
        at org.apache.hadoop.hdds.scm.server.ContainerReportQueue.poll(ContainerReportQueue.java:42)
        at org.apache.hadoop.hdds.server.events.FixedThreadPoolWithAffinityExecutor$ContainerReportProcessTask.run(FixedThreadPoolWithAffinityExecutor.java:218)
        at java.util.concurrent.Executors$RunnableAdapter.call(Executors.java:511)
        at java.util.concurrent.FutureTask.run(FutureTask.java:266)
        at java.util.concurrent.ThreadPoolExecutor.runWorker(ThreadPoolExecutor.java:1149)
        at java.util.concurrent.ThreadPoolExecutor$Worker.run(ThreadPoolExecutor.java:624)
        at java.lang.Thread.run(Thread.java:750)
"BlockDeletingService#1" daemon prio=5 tid=1412 timed_waiting
java.lang.Thread.State: TIMED_WAITING
        at sun.misc.Unsafe.park(Native Method)
        at java.util.concurrent.locks.LockSupport.parkNanos(LockSupport.java:215)
        at java.util.concurrent.locks.AbstractQueuedSynchronizer$ConditionObject.awaitNanos(AbstractQueuedSynchronizer.java:2078)
        at java.util.concurrent.ScheduledThreadPoolExecutor$DelayedWorkQueue.take(ScheduledThreadPoolExecutor.java:1093)
        at java.util.concurrent.ScheduledThreadPoolExecutor$DelayedWorkQueue.take(ScheduledThreadPoolExecutor.java:809)
        at java.util.concurrent.ThreadPoolExecutor.getTask(ThreadPoolExecutor.java:1074)
        at java.util.concurrent.ThreadPoolExecutor.runWorker(ThreadPoolExecutor.java:1134)
        at java.util.concurrent.ThreadPoolExecutor$Worker.run(ThreadPoolExecutor.java:624)
        at java.lang.Thread.run(Thread.java:750)
"IPC Server handler 12 on default port 46561" daemon prio=5 tid=1222 timed_waiting
java.lang.Thread.State: TIMED_WAITING
        at sun.misc.Unsafe.park(Native Method)
        at java.util.concurrent.locks.LockSupport.parkNanos(LockSupport.java:215)
        at java.util.concurrent.locks.AbstractQueuedSynchronizer$ConditionObject.awaitNanos(AbstractQueuedSynchronizer.java:2078)
        at java.util.concurrent.LinkedBlockingQueue.poll(LinkedBlockingQueue.java:467)
        at org.apache.hadoop.ipc.CallQueueManager.take(CallQueueManager.java:317)
        at org.apache.hadoop.ipc.Server$Handler.run(Server.java:2942)
"ChunkReader-ELG-0" daemon prio=5 tid=1421 runnable
java.lang.Thread.State: RUNNABLE
        at org.apache.ratis.thirdparty.io.netty.channel.epoll.Native.epollWait(Native Method)
        at org.apache.ratis.thirdparty.io.netty.channel.epoll.Native.epollWait(Native.java:209)
        at org.apache.ratis.thirdparty.io.netty.channel.epoll.Native.epollWait(Native.java:202)
        at org.apache.ratis.thirdparty.io.netty.channel.epoll.EpollEventLoop.epollWaitNoTimerChange(EpollEventLoop.java:294)
        at org.apache.ratis.thirdparty.io.netty.channel.epoll.EpollEventLoop.run(EpollEventLoop.java:351)
        at org.apache.ratis.thirdparty.io.netty.util.concurrent.SingleThreadEventExecutor$4.run(SingleThreadEventExecutor.java:995)
        at org.apache.ratis.thirdparty.io.netty.util.internal.ThreadExecutorMap$2.run(ThreadExecutorMap.java:74)
        at java.lang.Thread.run(Thread.java:750)
"IPC Server handler 2 on default port 35447" daemon prio=5 tid=1150 timed_waiting
java.lang.Thread.State: TIMED_WAITING
        at sun.misc.Unsafe.park(Native Method)
        at java.util.concurrent.locks.LockSupport.parkNanos(LockSupport.java:215)
        at java.util.concurrent.locks.AbstractQueuedSynchronizer$ConditionObject.awaitNanos(AbstractQueuedSynchronizer.java:2078)
        at java.util.concurrent.LinkedBlockingQueue.poll(LinkedBlockingQueue.java:467)
        at org.apache.hadoop.ipc.CallQueueManager.take(CallQueueManager.java:317)
        at org.apache.hadoop.ipc.Server$Handler.run(Server.java:2942)
"IPC Server idle connection scanner for port 46561" daemon prio=5 tid=1190 timed_waiting
java.lang.Thread.State: TIMED_WAITING
        at java.lang.Object.wait(Native Method)
        at java.util.TimerThread.mainLoop(Timer.java:552)
        at java.util.TimerThread.run(Timer.java:505)
"pool-506-thread-1"  prio=5 tid=1170 timed_waiting
java.lang.Thread.State: TIMED_WAITING
        at sun.misc.Unsafe.park(Native Method)
        at java.util.concurrent.locks.LockSupport.parkNanos(LockSupport.java:215)
        at java.util.concurrent.locks.AbstractQueuedSynchronizer$ConditionObject.awaitNanos(AbstractQueuedSynchronizer.java:2078)
        at java.util.concurrent.ScheduledThreadPoolExecutor$DelayedWorkQueue.take(ScheduledThreadPoolExecutor.java:1093)
        at java.util.concurrent.ScheduledThreadPoolExecutor$DelayedWorkQueue.take(ScheduledThreadPoolExecutor.java:809)
        at java.util.concurrent.ThreadPoolExecutor.getTask(ThreadPoolExecutor.java:1074)
        at java.util.concurrent.ThreadPoolExecutor.runWorker(ThreadPoolExecutor.java:1134)
        at java.util.concurrent.ThreadPoolExecutor$Worker.run(ThreadPoolExecutor.java:624)
        at java.lang.Thread.run(Thread.java:750)
"org.apache.hadoop.ozone.container.common.statemachine.commandhandler.DeleteBlocksCommandHandler$DeleteCmdWorker@587d19d7" daemon prio=5 tid=1343 timed_waiting
java.lang.Thread.State: TIMED_WAITING
        at java.lang.Thread.sleep(Native Method)
        at org.apache.hadoop.ozone.container.common.statemachine.commandhandler.DeleteBlocksCommandHandler$DeleteCmdWorker.run(DeleteBlocksCommandHandler.java:183)
        at java.lang.Thread.run(Thread.java:750)
"qtp1644006516-1245" daemon prio=5 tid=1245 timed_waiting
java.lang.Thread.State: TIMED_WAITING
        at sun.misc.Unsafe.park(Native Method)
        at java.util.concurrent.locks.LockSupport.parkNanos(LockSupport.java:215)
        at java.util.concurrent.locks.AbstractQueuedSynchronizer$ConditionObject.awaitNanos(AbstractQueuedSynchronizer.java:2078)
        at org.eclipse.jetty.util.BlockingArrayQueue.poll(BlockingArrayQueue.java:382)
        at org.eclipse.jetty.util.thread.QueuedThreadPool$Runner.idleJobPoll(QueuedThreadPool.java:974)
        at org.eclipse.jetty.util.thread.QueuedThreadPool$Runner.run(QueuedThreadPool.java:1018)
        at java.lang.Thread.run(Thread.java:750)
"SCM Heartbeat Processing Thread - 0" daemon prio=5 tid=1075 timed_waiting
java.lang.Thread.State: TIMED_WAITING
        at sun.misc.Unsafe.park(Native Method)
        at java.util.concurrent.locks.LockSupport.parkNanos(LockSupport.java:215)
        at java.util.concurrent.locks.AbstractQueuedSynchronizer$ConditionObject.awaitNanos(AbstractQueuedSynchronizer.java:2078)
        at java.util.concurrent.ScheduledThreadPoolExecutor$DelayedWorkQueue.take(ScheduledThreadPoolExecutor.java:1093)
        at java.util.concurrent.ScheduledThreadPoolExecutor$DelayedWorkQueue.take(ScheduledThreadPoolExecutor.java:809)
        at java.util.concurrent.ThreadPoolExecutor.getTask(ThreadPoolExecutor.java:1074)
        at java.util.concurrent.ThreadPoolExecutor.runWorker(ThreadPoolExecutor.java:1134)
        at java.util.concurrent.ThreadPoolExecutor$Worker.run(ThreadPoolExecutor.java:624)
        at java.lang.Thread.run(Thread.java:750)
"Datanode ReportManager Thread - 1" daemon prio=5 tid=1382 in Object.wait()
java.lang.Thread.State: WAITING (on object monitor)
        at sun.misc.Unsafe.park(Native Method)
        at java.util.concurrent.locks.LockSupport.park(LockSupport.java:175)
        at java.util.concurrent.locks.AbstractQueuedSynchronizer$ConditionObject.await(AbstractQueuedSynchronizer.java:2039)
        at java.util.concurrent.ScheduledThreadPoolExecutor$DelayedWorkQueue.take(ScheduledThreadPoolExecutor.java:1088)
        at java.util.concurrent.ScheduledThreadPoolExecutor$DelayedWorkQueue.take(ScheduledThreadPoolExecutor.java:809)
        at java.util.concurrent.ThreadPoolExecutor.getTask(ThreadPoolExecutor.java:1074)
        at java.util.concurrent.ThreadPoolExecutor.runWorker(ThreadPoolExecutor.java:1134)
        at java.util.concurrent.ThreadPoolExecutor$Worker.run(ThreadPoolExecutor.java:624)
        at java.lang.Thread.run(Thread.java:750)
"Socket Reader #1 for port 0"  prio=5 tid=1084 runnable
java.lang.Thread.State: RUNNABLE
        at sun.nio.ch.EPollArrayWrapper.epollWait(Native Method)
        at sun.nio.ch.EPollArrayWrapper.poll(EPollArrayWrapper.java:269)
        at sun.nio.ch.EPollSelectorImpl.doSelect(EPollSelectorImpl.java:93)
        at sun.nio.ch.SelectorImpl.lockAndDoSelect(SelectorImpl.java:86)
        at sun.nio.ch.SelectorImpl.select(SelectorImpl.java:97)
        at sun.nio.ch.SelectorImpl.select(SelectorImpl.java:101)
        at org.apache.hadoop.ipc.Server$Listener$Reader.doRunLoop(Server.java:1296)
        at org.apache.hadoop.ipc.Server$Listener$Reader.run(Server.java:1275)
"Datanode ReportManager Thread - 1" daemon prio=5 tid=1304 in Object.wait()
java.lang.Thread.State: WAITING (on object monitor)
        at sun.misc.Unsafe.park(Native Method)
        at java.util.concurrent.locks.LockSupport.park(LockSupport.java:175)
        at java.util.concurrent.locks.AbstractQueuedSynchronizer$ConditionObject.await(AbstractQueuedSynchronizer.java:2039)
        at java.util.concurrent.ScheduledThreadPoolExecutor$DelayedWorkQueue.take(ScheduledThreadPoolExecutor.java:1088)
        at java.util.concurrent.ScheduledThreadPoolExecutor$DelayedWorkQueue.take(ScheduledThreadPoolExecutor.java:809)
        at java.util.concurrent.ThreadPoolExecutor.getTask(ThreadPoolExecutor.java:1074)
        at java.util.concurrent.ThreadPoolExecutor.runWorker(ThreadPoolExecutor.java:1134)
        at java.util.concurrent.ThreadPoolExecutor$Worker.run(ThreadPoolExecutor.java:624)
        at java.lang.Thread.run(Thread.java:750)
"Datanode ReportManager Thread - 4" daemon prio=5 tid=1253 in Object.wait()
java.lang.Thread.State: WAITING (on object monitor)
        at sun.misc.Unsafe.park(Native Method)
        at java.util.concurrent.locks.LockSupport.park(LockSupport.java:175)
        at java.util.concurrent.locks.AbstractQueuedSynchronizer$ConditionObject.await(AbstractQueuedSynchronizer.java:2039)
        at java.util.concurrent.ScheduledThreadPoolExecutor$DelayedWorkQueue.take(ScheduledThreadPoolExecutor.java:1088)
        at java.util.concurrent.ScheduledThreadPoolExecutor$DelayedWorkQueue.take(ScheduledThreadPoolExecutor.java:809)
        at java.util.concurrent.ThreadPoolExecutor.getTask(ThreadPoolExecutor.java:1074)
        at java.util.concurrent.ThreadPoolExecutor.runWorker(ThreadPoolExecutor.java:1134)
        at java.util.concurrent.ThreadPoolExecutor$Worker.run(ThreadPoolExecutor.java:624)
        at java.lang.Thread.run(Thread.java:750)
"PartialTableCache Cleanup Thread - 0" daemon prio=5 tid=1615 in Object.wait()
java.lang.Thread.State: WAITING (on object monitor)
        at sun.misc.Unsafe.park(Native Method)
        at java.util.concurrent.locks.LockSupport.park(LockSupport.java:175)
        at java.util.concurrent.locks.AbstractQueuedSynchronizer$ConditionObject.await(AbstractQueuedSynchronizer.java:2039)
        at java.util.concurrent.LinkedBlockingQueue.take(LinkedBlockingQueue.java:442)
        at java.util.concurrent.ThreadPoolExecutor.getTask(ThreadPoolExecutor.java:1074)
        at java.util.concurrent.ThreadPoolExecutor.runWorker(ThreadPoolExecutor.java:1134)
        at java.util.concurrent.ThreadPoolExecutor$Worker.run(ThreadPoolExecutor.java:624)
        at java.lang.Thread.run(Thread.java:750)
"IPC Server handler 19 on default port 44007" daemon prio=5 tid=1147 timed_waiting
java.lang.Thread.State: TIMED_WAITING
        at sun.misc.Unsafe.park(Native Method)
        at java.util.concurrent.locks.LockSupport.parkNanos(LockSupport.java:215)
        at java.util.concurrent.locks.AbstractQueuedSynchronizer$ConditionObject.awaitNanos(AbstractQueuedSynchronizer.java:2078)
        at java.util.concurrent.LinkedBlockingQueue.poll(LinkedBlockingQueue.java:467)
        at org.apache.hadoop.ipc.CallQueueManager.take(CallQueueManager.java:317)
        at org.apache.hadoop.ipc.Server$Handler.run(Server.java:2942)
"BlockDeletingService#2" daemon prio=5 tid=1625 in Object.wait()
java.lang.Thread.State: WAITING (on object monitor)
        at sun.misc.Unsafe.park(Native Method)
        at java.util.concurrent.locks.LockSupport.park(LockSupport.java:175)
        at java.util.concurrent.locks.AbstractQueuedSynchronizer$ConditionObject.await(AbstractQueuedSynchronizer.java:2039)
        at java.util.concurrent.ScheduledThreadPoolExecutor$DelayedWorkQueue.take(ScheduledThreadPoolExecutor.java:1088)
        at java.util.concurrent.ScheduledThreadPoolExecutor$DelayedWorkQueue.take(ScheduledThreadPoolExecutor.java:809)
        at java.util.concurrent.ThreadPoolExecutor.getTask(ThreadPoolExecutor.java:1074)
        at java.util.concurrent.ThreadPoolExecutor.runWorker(ThreadPoolExecutor.java:1134)
        at java.util.concurrent.ThreadPoolExecutor$Worker.run(ThreadPoolExecutor.java:624)
        at java.lang.Thread.run(Thread.java:750)
"IPC Server handler 14 on default port 45531" daemon prio=5 tid=1122 timed_waiting
java.lang.Thread.State: TIMED_WAITING
        at sun.misc.Unsafe.park(Native Method)
        at java.util.concurrent.locks.LockSupport.parkNanos(LockSupport.java:215)
        at java.util.concurrent.locks.AbstractQueuedSynchronizer$ConditionObject.awaitNanos(AbstractQueuedSynchronizer.java:2078)
        at java.util.concurrent.LinkedBlockingQueue.poll(LinkedBlockingQueue.java:467)
        at org.apache.hadoop.ipc.CallQueueManager.take(CallQueueManager.java:317)
        at org.apache.hadoop.ipc.Server$Handler.run(Server.java:2942)
"IPC Server handler 13 on default port 44007" daemon prio=5 tid=1141 timed_waiting
java.lang.Thread.State: TIMED_WAITING
        at sun.misc.Unsafe.park(Native Method)
        at java.util.concurrent.locks.LockSupport.parkNanos(LockSupport.java:215)
        at java.util.concurrent.locks.AbstractQueuedSynchronizer$ConditionObject.awaitNanos(AbstractQueuedSynchronizer.java:2078)
        at java.util.concurrent.LinkedBlockingQueue.poll(LinkedBlockingQueue.java:467)
        at org.apache.hadoop.ipc.CallQueueManager.take(CallQueueManager.java:317)
        at org.apache.hadoop.ipc.Server$Handler.run(Server.java:2942)
"IPC Server handler 5 on default port 44007" daemon prio=5 tid=1133 timed_waiting
java.lang.Thread.State: TIMED_WAITING
        at sun.misc.Unsafe.park(Native Method)
        at java.util.concurrent.locks.LockSupport.parkNanos(LockSupport.java:215)
        at java.util.concurrent.locks.AbstractQueuedSynchronizer$ConditionObject.awaitNanos(AbstractQueuedSynchronizer.java:2078)
        at java.util.concurrent.LinkedBlockingQueue.poll(LinkedBlockingQueue.java:467)
        at org.apache.hadoop.ipc.CallQueueManager.take(CallQueueManager.java:317)
        at org.apache.hadoop.ipc.Server$Handler.run(Server.java:2942)
"StaleRecoveringContainerScrubbingService#0" daemon prio=5 tid=1464 in Object.wait()
java.lang.Thread.State: WAITING (on object monitor)
        at sun.misc.Unsafe.park(Native Method)
        at java.util.concurrent.locks.LockSupport.park(LockSupport.java:175)
        at java.util.concurrent.locks.AbstractQueuedSynchronizer$ConditionObject.await(AbstractQueuedSynchronizer.java:2039)
        at java.util.concurrent.ScheduledThreadPoolExecutor$DelayedWorkQueue.take(ScheduledThreadPoolExecutor.java:1088)
        at java.util.concurrent.ScheduledThreadPoolExecutor$DelayedWorkQueue.take(ScheduledThreadPoolExecutor.java:809)
        at java.util.concurrent.ThreadPoolExecutor.getTask(ThreadPoolExecutor.java:1074)
        at java.util.concurrent.ThreadPoolExecutor.runWorker(ThreadPoolExecutor.java:1134)
        at java.util.concurrent.ThreadPoolExecutor$Worker.run(ThreadPoolExecutor.java:624)
        at java.lang.Thread.run(Thread.java:750)
"qtp904521933-1375" daemon prio=5 tid=1375 timed_waiting
java.lang.Thread.State: TIMED_WAITING
        at sun.misc.Unsafe.park(Native Method)
        at java.util.concurrent.locks.LockSupport.parkNanos(LockSupport.java:215)
        at java.util.concurrent.locks.AbstractQueuedSynchronizer$ConditionObject.awaitNanos(AbstractQueuedSynchronizer.java:2078)
        at org.eclipse.jetty.util.BlockingArrayQueue.poll(BlockingArrayQueue.java:382)
        at org.eclipse.jetty.util.thread.QueuedThreadPool$Runner.idleJobPoll(QueuedThreadPool.java:974)
        at org.eclipse.jetty.util.thread.QueuedThreadPool$Runner.run(QueuedThreadPool.java:1018)
        at java.lang.Thread.run(Thread.java:750)
"StaleRecoveringContainerScrubbingService#2" daemon prio=5 tid=1618 in Object.wait()
java.lang.Thread.State: WAITING (on object monitor)
        at sun.misc.Unsafe.park(Native Method)
        at java.util.concurrent.locks.LockSupport.park(LockSupport.java:175)
        at java.util.concurrent.locks.AbstractQueuedSynchronizer$ConditionObject.await(AbstractQueuedSynchronizer.java:2039)
        at java.util.concurrent.ScheduledThreadPoolExecutor$DelayedWorkQueue.take(ScheduledThreadPoolExecutor.java:1088)
        at java.util.concurrent.ScheduledThreadPoolExecutor$DelayedWorkQueue.take(ScheduledThreadPoolExecutor.java:809)
        at java.util.concurrent.ThreadPoolExecutor.getTask(ThreadPoolExecutor.java:1074)
        at java.util.concurrent.ThreadPoolExecutor.runWorker(ThreadPoolExecutor.java:1134)
        at java.util.concurrent.ThreadPoolExecutor$Worker.run(ThreadPoolExecutor.java:624)
        at java.lang.Thread.run(Thread.java:750)
"BlockDeletingService#0" daemon prio=5 tid=1434 in Object.wait()
java.lang.Thread.State: WAITING (on object monitor)
        at sun.misc.Unsafe.park(Native Method)
        at java.util.concurrent.locks.LockSupport.park(LockSupport.java:175)
        at java.util.concurrent.locks.AbstractQueuedSynchronizer$ConditionObject.await(AbstractQueuedSynchronizer.java:2039)
        at java.util.concurrent.ScheduledThreadPoolExecutor$DelayedWorkQueue.take(ScheduledThreadPoolExecutor.java:1088)
        at java.util.concurrent.ScheduledThreadPoolExecutor$DelayedWorkQueue.take(ScheduledThreadPoolExecutor.java:809)
        at java.util.concurrent.ThreadPoolExecutor.getTask(ThreadPoolExecutor.java:1074)
        at java.util.concurrent.ThreadPoolExecutor.runWorker(ThreadPoolExecutor.java:1134)
        at java.util.concurrent.ThreadPoolExecutor$Worker.run(ThreadPoolExecutor.java:624)
        at java.lang.Thread.run(Thread.java:750)
"Datanode ReportManager Thread - 2" daemon prio=5 tid=1251 in Object.wait()
java.lang.Thread.State: WAITING (on object monitor)
        at sun.misc.Unsafe.park(Native Method)
        at java.util.concurrent.locks.LockSupport.park(LockSupport.java:175)
        at java.util.concurrent.locks.AbstractQueuedSynchronizer$ConditionObject.await(AbstractQueuedSynchronizer.java:2039)
        at java.util.concurrent.ScheduledThreadPoolExecutor$DelayedWorkQueue.take(ScheduledThreadPoolExecutor.java:1088)
        at java.util.concurrent.ScheduledThreadPoolExecutor$DelayedWorkQueue.take(ScheduledThreadPoolExecutor.java:809)
        at java.util.concurrent.ThreadPoolExecutor.getTask(ThreadPoolExecutor.java:1074)
        at java.util.concurrent.ThreadPoolExecutor.runWorker(ThreadPoolExecutor.java:1134)
        at java.util.concurrent.ThreadPoolExecutor$Worker.run(ThreadPoolExecutor.java:624)
        at java.lang.Thread.run(Thread.java:750)
"IPC Server handler 18 on default port 45531" daemon prio=5 tid=1126 timed_waiting
java.lang.Thread.State: TIMED_WAITING
        at sun.misc.Unsafe.park(Native Method)
        at java.util.concurrent.locks.LockSupport.parkNanos(LockSupport.java:215)
        at java.util.concurrent.locks.AbstractQueuedSynchronizer$ConditionObject.awaitNanos(AbstractQueuedSynchronizer.java:2078)
        at java.util.concurrent.LinkedBlockingQueue.poll(LinkedBlockingQueue.java:467)
        at org.apache.hadoop.ipc.CallQueueManager.take(CallQueueManager.java:317)
        at org.apache.hadoop.ipc.Server$Handler.run(Server.java:2942)
"FixedThreadPoolWithAffinityExecutor-6-0" daemon prio=5 tid=1101 timed_waiting
java.lang.Thread.State: TIMED_WAITING
        at sun.misc.Unsafe.park(Native Method)
        at java.util.concurrent.locks.LockSupport.parkNanos(LockSupport.java:215)
        at java.util.concurrent.locks.AbstractQueuedSynchronizer$ConditionObject.awaitNanos(AbstractQueuedSynchronizer.java:2078)
        at java.util.concurrent.LinkedBlockingQueue.poll(LinkedBlockingQueue.java:467)
        at org.apache.hadoop.hdds.scm.server.ContainerReportQueue.poll(ContainerReportQueue.java:266)
        at org.apache.hadoop.hdds.scm.server.ContainerReportQueue.poll(ContainerReportQueue.java:42)
        at org.apache.hadoop.hdds.server.events.FixedThreadPoolWithAffinityExecutor$ContainerReportProcessTask.run(FixedThreadPoolWithAffinityExecutor.java:218)
        at java.util.concurrent.Executors$RunnableAdapter.call(Executors.java:511)
        at java.util.concurrent.FutureTask.run(FutureTask.java:266)
        at java.util.concurrent.ThreadPoolExecutor.runWorker(ThreadPoolExecutor.java:1149)
        at java.util.concurrent.ThreadPoolExecutor$Worker.run(ThreadPoolExecutor.java:624)
        at java.lang.Thread.run(Thread.java:750)
"Datanode ReportManager Thread - 1" daemon prio=5 tid=1250 timed_waiting
java.lang.Thread.State: TIMED_WAITING
        at sun.misc.Unsafe.park(Native Method)
        at java.util.concurrent.locks.LockSupport.parkNanos(LockSupport.java:215)
        at java.util.concurrent.locks.AbstractQueuedSynchronizer$ConditionObject.awaitNanos(AbstractQueuedSynchronizer.java:2078)
        at java.util.concurrent.ScheduledThreadPoolExecutor$DelayedWorkQueue.take(ScheduledThreadPoolExecutor.java:1093)
        at java.util.concurrent.ScheduledThreadPoolExecutor$DelayedWorkQueue.take(ScheduledThreadPoolExecutor.java:809)
        at java.util.concurrent.ThreadPoolExecutor.getTask(ThreadPoolExecutor.java:1074)
        at java.util.concurrent.ThreadPoolExecutor.runWorker(ThreadPoolExecutor.java:1134)
        at java.util.concurrent.ThreadPoolExecutor$Worker.run(ThreadPoolExecutor.java:624)
        at java.lang.Thread.run(Thread.java:750)
"Datanode ReportManager Thread - 1" daemon prio=5 tid=1356 in Object.wait()
java.lang.Thread.State: WAITING (on object monitor)
        at sun.misc.Unsafe.park(Native Method)
        at java.util.concurrent.locks.LockSupport.park(LockSupport.java:175)
        at java.util.concurrent.locks.AbstractQueuedSynchronizer$ConditionObject.await(AbstractQueuedSynchronizer.java:2039)
        at java.util.concurrent.ScheduledThreadPoolExecutor$DelayedWorkQueue.take(ScheduledThreadPoolExecutor.java:1088)
        at java.util.concurrent.ScheduledThreadPoolExecutor$DelayedWorkQueue.take(ScheduledThreadPoolExecutor.java:809)
        at java.util.concurrent.ThreadPoolExecutor.getTask(ThreadPoolExecutor.java:1074)
        at java.util.concurrent.ThreadPoolExecutor.runWorker(ThreadPoolExecutor.java:1134)
        at java.util.concurrent.ThreadPoolExecutor$Worker.run(ThreadPoolExecutor.java:624)
        at java.lang.Thread.run(Thread.java:750)
"IPC Server handler 16 on default port 45531" daemon prio=5 tid=1124 timed_waiting
java.lang.Thread.State: TIMED_WAITING
        at sun.misc.Unsafe.park(Native Method)
        at java.util.concurrent.locks.LockSupport.parkNanos(LockSupport.java:215)
        at java.util.concurrent.locks.AbstractQueuedSynchronizer$ConditionObject.awaitNanos(AbstractQueuedSynchronizer.java:2078)
        at java.util.concurrent.LinkedBlockingQueue.poll(LinkedBlockingQueue.java:467)
        at org.apache.hadoop.ipc.CallQueueManager.take(CallQueueManager.java:317)
        at org.apache.hadoop.ipc.Server$Handler.run(Server.java:2942)
"qtp1930618491-1297" daemon prio=5 tid=1297 timed_waiting
java.lang.Thread.State: TIMED_WAITING
        at sun.misc.Unsafe.park(Native Method)
        at java.util.concurrent.locks.LockSupport.parkNanos(LockSupport.java:215)
        at java.util.concurrent.locks.AbstractQueuedSynchronizer$ConditionObject.awaitNanos(AbstractQueuedSynchronizer.java:2078)
        at org.eclipse.jetty.util.BlockingArrayQueue.poll(BlockingArrayQueue.java:382)
        at org.eclipse.jetty.util.thread.QueuedThreadPool$Runner.idleJobPoll(QueuedThreadPool.java:974)
        at org.eclipse.jetty.util.thread.QueuedThreadPool$Runner.run(QueuedThreadPool.java:1018)
        at java.lang.Thread.run(Thread.java:750)
"Session-HouseKeeper-5173402e-1"  prio=5 tid=1353 timed_waiting
java.lang.Thread.State: TIMED_WAITING
        at sun.misc.Unsafe.park(Native Method)
        at java.util.concurrent.locks.LockSupport.parkNanos(LockSupport.java:215)
        at java.util.concurrent.locks.AbstractQueuedSynchronizer$ConditionObject.awaitNanos(AbstractQueuedSynchronizer.java:2078)
        at java.util.concurrent.ScheduledThreadPoolExecutor$DelayedWorkQueue.take(ScheduledThreadPoolExecutor.java:1093)
        at java.util.concurrent.ScheduledThreadPoolExecutor$DelayedWorkQueue.take(ScheduledThreadPoolExecutor.java:809)
        at java.util.concurrent.ThreadPoolExecutor.getTask(ThreadPoolExecutor.java:1074)
        at java.util.concurrent.ThreadPoolExecutor.runWorker(ThreadPoolExecutor.java:1134)
        at java.util.concurrent.ThreadPoolExecutor$Worker.run(ThreadPoolExecutor.java:624)
        at java.lang.Thread.run(Thread.java:750)
"IPC Server handler 7 on default port 46561" daemon prio=5 tid=1217 timed_waiting
java.lang.Thread.State: TIMED_WAITING
        at sun.misc.Unsafe.park(Native Method)
        at java.util.concurrent.locks.LockSupport.parkNanos(LockSupport.java:215)
        at java.util.concurrent.locks.AbstractQueuedSynchronizer$ConditionObject.awaitNanos(AbstractQueuedSynchronizer.java:2078)
        at java.util.concurrent.LinkedBlockingQueue.poll(LinkedBlockingQueue.java:467)
        at org.apache.hadoop.ipc.CallQueueManager.take(CallQueueManager.java:317)
        at org.apache.hadoop.ipc.Server$Handler.run(Server.java:2942)
"Periodic HDDS volume checker" daemon prio=5 tid=1232 timed_waiting
java.lang.Thread.State: TIMED_WAITING
        at sun.misc.Unsafe.park(Native Method)
        at java.util.concurrent.locks.LockSupport.parkNanos(LockSupport.java:215)
        at java.util.concurrent.locks.AbstractQueuedSynchronizer$ConditionObject.awaitNanos(AbstractQueuedSynchronizer.java:2078)
        at java.util.concurrent.ScheduledThreadPoolExecutor$DelayedWorkQueue.take(ScheduledThreadPoolExecutor.java:1093)
        at java.util.concurrent.ScheduledThreadPoolExecutor$DelayedWorkQueue.take(ScheduledThreadPoolExecutor.java:809)
        at java.util.concurrent.ThreadPoolExecutor.getTask(ThreadPoolExecutor.java:1074)
        at java.util.concurrent.ThreadPoolExecutor.runWorker(ThreadPoolExecutor.java:1134)
        at java.util.concurrent.ThreadPoolExecutor$Worker.run(ThreadPoolExecutor.java:624)
        at java.lang.Thread.run(Thread.java:750)
"qtp1943963437-1323" daemon prio=5 tid=1323 timed_waiting
java.lang.Thread.State: TIMED_WAITING
        at sun.misc.Unsafe.park(Native Method)
        at java.util.concurrent.locks.LockSupport.parkNanos(LockSupport.java:215)
        at java.util.concurrent.locks.AbstractQueuedSynchronizer$ConditionObject.awaitNanos(AbstractQueuedSynchronizer.java:2078)
        at org.eclipse.jetty.util.BlockingArrayQueue.poll(BlockingArrayQueue.java:382)
        at org.eclipse.jetty.util.thread.QueuedThreadPool$Runner.idleJobPoll(QueuedThreadPool.java:974)
        at org.eclipse.jetty.util.thread.QueuedThreadPool$Runner.run(QueuedThreadPool.java:1018)
        at java.lang.Thread.run(Thread.java:750)
"IPC Parameter Sending Thread #0" daemon prio=5 tid=124 timed_waiting
java.lang.Thread.State: TIMED_WAITING
        at sun.misc.Unsafe.park(Native Method)
        at java.util.concurrent.locks.LockSupport.parkNanos(LockSupport.java:215)
        at java.util.concurrent.SynchronousQueue$TransferStack.awaitFulfill(SynchronousQueue.java:460)
        at java.util.concurrent.SynchronousQueue$TransferStack.transfer(SynchronousQueue.java:362)
        at java.util.concurrent.SynchronousQueue.poll(SynchronousQueue.java:941)
        at java.util.concurrent.ThreadPoolExecutor.getTask(ThreadPoolExecutor.java:1073)
        at java.util.concurrent.ThreadPoolExecutor.runWorker(ThreadPoolExecutor.java:1134)
        at java.util.concurrent.ThreadPoolExecutor$Worker.run(ThreadPoolExecutor.java:624)
        at java.lang.Thread.run(Thread.java:750)
"IPC Server handler 7 on default port 45531" daemon prio=5 tid=1115 timed_waiting
java.lang.Thread.State: TIMED_WAITING
        at sun.misc.Unsafe.park(Native Method)
        at java.util.concurrent.locks.LockSupport.parkNanos(LockSupport.java:215)
        at java.util.concurrent.locks.AbstractQueuedSynchronizer$ConditionObject.awaitNanos(AbstractQueuedSynchronizer.java:2078)
        at java.util.concurrent.LinkedBlockingQueue.poll(LinkedBlockingQueue.java:467)
        at org.apache.hadoop.ipc.CallQueueManager.take(CallQueueManager.java:317)
        at org.apache.hadoop.ipc.Server$Handler.run(Server.java:2942)
"JvmPauseMonitor16" daemon prio=5 tid=1444 timed_waiting
java.lang.Thread.State: TIMED_WAITING
        at java.lang.Thread.sleep(Native Method)
        at java.lang.Thread.sleep(Thread.java:342)
        at java.util.concurrent.TimeUnit.sleep(TimeUnit.java:386)
        at org.apache.ratis.util.TimeDuration.sleep(TimeDuration.java:325)
        at org.apache.ratis.util.TimeDuration.sleep(TimeDuration.java:310)
        at org.apache.ratis.util.JvmPauseMonitor.detectPause(JvmPauseMonitor.java:119)
        at org.apache.ratis.util.JvmPauseMonitor.run(JvmPauseMonitor.java:108)
        at org.apache.ratis.util.JvmPauseMonitor$$Lambda$730/1688410242.run(Unknown Source)
        at java.lang.Thread.run(Thread.java:750)
"IPC Server handler 9 on default port 44007" daemon prio=5 tid=1137 timed_waiting
java.lang.Thread.State: TIMED_WAITING
        at sun.misc.Unsafe.park(Native Method)
        at java.util.concurrent.locks.LockSupport.parkNanos(LockSupport.java:215)
        at java.util.concurrent.locks.AbstractQueuedSynchronizer$ConditionObject.awaitNanos(AbstractQueuedSynchronizer.java:2078)
        at java.util.concurrent.LinkedBlockingQueue.poll(LinkedBlockingQueue.java:467)
        at org.apache.hadoop.ipc.CallQueueManager.take(CallQueueManager.java:317)
        at org.apache.hadoop.ipc.Server$Handler.run(Server.java:2942)
"Listener at 127.0.0.1/46561"  prio=5 tid=1 runnable
java.lang.Thread.State: RUNNABLE
        at java.lang.Thread.dumpThreads(Native Method)
        at java.lang.Thread.getAllStackTraces(Thread.java:1615)
        at org.apache.ozone.test.TimedOutTestsListener.buildThreadDump(TimedOutTestsListener.java:93)
        at org.apache.ozone.test.TimedOutTestsListener.buildThreadDiagnosticString(TimedOutTestsListener.java:79)
        at org.apache.ozone.test.GenericTestUtils.waitFor(GenericTestUtils.java:224)
        at org.apache.hadoop.hdds.scm.pipeline.TestRatisPipelineCreateAndDestroy.waitForPipelines(TestRatisPipelineCreateAndDestroy.java:179)
        at org.apache.hadoop.hdds.scm.pipeline.TestRatisPipelineCreateAndDestroy.testAutomaticPipelineCreationDisablingFactorONE(TestRatisPipelineCreateAndDestroy.java:118)
        at sun.reflect.NativeMethodAccessorImpl.invoke0(Native Method)
        at sun.reflect.NativeMethodAccessorImpl.invoke(NativeMethodAccessorImpl.java:62)
        at sun.reflect.DelegatingMethodAccessorImpl.invoke(DelegatingMethodAccessorImpl.java:43)
        at java.lang.reflect.Method.invoke(Method.java:498)
        at org.junit.platform.commons.util.ReflectionUtils.invokeMethod(ReflectionUtils.java:725)
        at org.junit.jupiter.engine.execution.MethodInvocation.proceed(MethodInvocation.java:60)
        at org.junit.jupiter.engine.execution.InvocationInterceptorChain$ValidatingInvocation.proceed(InvocationInterceptorChain.java:131)
        at org.junit.jupiter.engine.extension.TimeoutInvocation.proceed(TimeoutInvocation.java:46)
        at org.junit.jupiter.engine.extension.TimeoutExtension.intercept(TimeoutExtension.java:149)
        at org.junit.jupiter.engine.extension.TimeoutExtension.interceptTestableMethod(TimeoutExtension.java:140)
        at org.junit.jupiter.engine.extension.TimeoutExtension.interceptTestMethod(TimeoutExtension.java:84)
        at org.junit.jupiter.engine.descriptor.TestMethodTestDescriptor$$Lambda$158/1010931249.apply(Unknown Source)
        at org.junit.jupiter.engine.execution.ExecutableInvoker$ReflectiveInterceptorCall.lambda$ofVoidMethod$0(ExecutableInvoker.java:115)
        at org.junit.jupiter.engine.execution.ExecutableInvoker$ReflectiveInterceptorCall$$Lambda$159/1043208434.apply(Unknown Source)
        at org.junit.jupiter.engine.execution.ExecutableInvoker.lambda$invoke$0(ExecutableInvoker.java:105)
        at org.junit.jupiter.engine.execution.ExecutableInvoker$$Lambda$316/1353530305.apply(Unknown Source)
        at org.junit.jupiter.engine.execution.InvocationInterceptorChain$InterceptedInvocation.proceed(InvocationInterceptorChain.java:106)
        at org.junit.jupiter.engine.execution.InvocationInterceptorChain.proceed(InvocationInterceptorChain.java:64)
        at org.junit.jupiter.engine.execution.InvocationInterceptorChain.chainAndInvoke(InvocationInterceptorChain.java:45)
        at org.junit.jupiter.engine.execution.InvocationInterceptorChain.invoke(InvocationInterceptorChain.java:37)
        at org.junit.jupiter.engine.execution.ExecutableInvoker.invoke(ExecutableInvoker.java:104)
        at org.junit.jupiter.engine.execution.ExecutableInvoker.invoke(ExecutableInvoker.java:98)
        at org.junit.jupiter.engine.descriptor.TestMethodTestDescriptor.lambda$invokeTestMethod$7(TestMethodTestDescriptor.java:214)
        at org.junit.jupiter.engine.descriptor.TestMethodTestDescriptor$$Lambda$337/1193471756.execute(Unknown Source)
        at org.junit.platform.engine.support.hierarchical.ThrowableCollector.execute(ThrowableCollector.java:73)
        at org.junit.jupiter.engine.descriptor.TestMethodTestDescriptor.invokeTestMethod(TestMethodTestDescriptor.java:210)
        at org.junit.jupiter.engine.descriptor.TestMethodTestDescriptor.execute(TestMethodTestDescriptor.java:135)
        at org.junit.jupiter.engine.descriptor.TestMethodTestDescriptor.execute(TestMethodTestDescriptor.java:66)
        at org.junit.platform.engine.support.hierarchical.NodeTestTask.lambda$executeRecursively$6(NodeTestTask.java:151)
        at org.junit.platform.engine.support.hierarchical.NodeTestTask$$Lambda$258/1965237677.execute(Unknown Source)
        at org.junit.platform.engine.support.hierarchical.ThrowableCollector.execute(ThrowableCollector.java:73)
        at org.junit.platform.engine.support.hierarchical.NodeTestTask.lambda$executeRecursively$8(NodeTestTask.java:141)
        at org.junit.platform.engine.support.hierarchical.NodeTestTask$$Lambda$257/710708543.invoke(Unknown Source)
        at org.junit.platform.engine.support.hierarchical.Node.around(Node.java:137)
        at org.junit.platform.engine.support.hierarchical.NodeTestTask.lambda$executeRecursively$9(NodeTestTask.java:139)
        at org.junit.platform.engine.support.hierarchical.NodeTestTask$$Lambda$256/2056031695.execute(Unknown Source)
        at org.junit.platform.engine.support.hierarchical.ThrowableCollector.execute(ThrowableCollector.java:73)
        at org.junit.platform.engine.support.hierarchical.NodeTestTask.executeRecursively(NodeTestTask.java:138)
        at org.junit.platform.engine.support.hierarchical.NodeTestTask.execute(NodeTestTask.java:95)
        at org.junit.platform.engine.support.hierarchical.SameThreadHierarchicalTestExecutorService$$Lambda$262/1709804316.accept(Unknown Source)
        at java.util.ArrayList.forEach(ArrayList.java:1259)
        at org.junit.platform.engine.support.hierarchical.SameThreadHierarchicalTestExecutorService.invokeAll(SameThreadHierarchicalTestExecutorService.java:41)
        at org.junit.platform.engine.support.hierarchical.NodeTestTask.lambda$executeRecursively$6(NodeTestTask.java:155)
        at org.junit.platform.engine.support.hierarchical.NodeTestTask$$Lambda$258/1965237677.execute(Unknown Source)
        at org.junit.platform.engine.support.hierarchical.ThrowableCollector.execute(ThrowableCollector.java:73)
        at org.junit.platform.engine.support.hierarchical.NodeTestTask.lambda$executeRecursively$8(NodeTestTask.java:141)
        at org.junit.platform.engine.support.hierarchical.NodeTestTask$$Lambda$257/710708543.invoke(Unknown Source)
        at org.junit.platform.engine.support.hierarchical.Node.around(Node.java:137)
        at org.junit.platform.engine.support.hierarchical.NodeTestTask.lambda$executeRecursively$9(NodeTestTask.java:139)
        at org.junit.platform.engine.support.hierarchical.NodeTestTask$$Lambda$256/2056031695.execute(Unknown Source)
        at org.junit.platform.engine.support.hierarchical.ThrowableCollector.execute(ThrowableCollector.java:73)
        at org.junit.platform.engine.support.hierarchical.NodeTestTask.executeRecursively(NodeTestTask.java:138)
        at org.junit.platform.engine.support.hierarchical.NodeTestTask.execute(NodeTestTask.java:95)
        at org.junit.platform.engine.support.hierarchical.SameThreadHierarchicalTestExecutorService$$Lambda$262/1709804316.accept(Unknown Source)
        at java.util.ArrayList.forEach(ArrayList.java:1259)
        at org.junit.platform.engine.support.hierarchical.SameThreadHierarchicalTestExecutorService.invokeAll(SameThreadHierarchicalTestExecutorService.java:41)
        at org.junit.platform.engine.support.hierarchical.NodeTestTask.lambda$executeRecursively$6(NodeTestTask.java:155)
        at org.junit.platform.engine.support.hierarchical.NodeTestTask$$Lambda$258/1965237677.execute(Unknown Source)
        at org.junit.platform.engine.support.hierarchical.ThrowableCollector.execute(ThrowableCollector.java:73)
        at org.junit.platform.engine.support.hierarchical.NodeTestTask.lambda$executeRecursively$8(NodeTestTask.java:141)
        at org.junit.platform.engine.support.hierarchical.NodeTestTask$$Lambda$257/710708543.invoke(Unknown Source)
        at org.junit.platform.engine.support.hierarchical.Node.around(Node.java:137)
        at org.junit.platform.engine.support.hierarchical.NodeTestTask.lambda$executeRecursively$9(NodeTestTask.java:139)
        at org.junit.platform.engine.support.hierarchical.NodeTestTask$$Lambda$256/2056031695.execute(Unknown Source)
        at org.junit.platform.engine.support.hierarchical.ThrowableCollector.execute(ThrowableCollector.java:73)
        at org.junit.platform.engine.support.hierarchical.NodeTestTask.executeRecursively(NodeTestTask.java:138)
        at org.junit.platform.engine.support.hierarchical.NodeTestTask.execute(NodeTestTask.java:95)
        at org.junit.platform.engine.support.hierarchical.SameThreadHierarchicalTestExecutorService.submit(SameThreadHierarchicalTestExecutorService.java:35)
        at org.junit.platform.engine.support.hierarchical.HierarchicalTestExecutor.execute(HierarchicalTestExecutor.java:57)
        at org.junit.platform.engine.support.hierarchical.HierarchicalTestEngine.execute(HierarchicalTestEngine.java:54)
        at org.junit.platform.launcher.core.EngineExecutionOrchestrator.execute(EngineExecutionOrchestrator.java:107)
        at org.junit.platform.launcher.core.EngineExecutionOrchestrator.execute(EngineExecutionOrchestrator.java:88)
        at org.junit.platform.launcher.core.EngineExecutionOrchestrator.lambda$execute$0(EngineExecutionOrchestrator.java:54)
        at org.junit.platform.launcher.core.EngineExecutionOrchestrator$$Lambda$214/1321530272.accept(Unknown Source)
        at org.junit.platform.launcher.core.EngineExecutionOrchestrator.withInterceptedStreams(EngineExecutionOrchestrator.java:67)
        at org.junit.platform.launcher.core.EngineExecutionOrchestrator.execute(EngineExecutionOrchestrator.java:52)
        at org.junit.platform.launcher.core.DefaultLauncher.execute(DefaultLauncher.java:114)
        at org.junit.platform.launcher.core.DefaultLauncher.execute(DefaultLauncher.java:86)
        at org.junit.platform.launcher.core.DefaultLauncherSession$DelegatingLauncher.execute(DefaultLauncherSession.java:86)
        at org.junit.platform.launcher.core.SessionPerRequestLauncher.execute(SessionPerRequestLauncher.java:53)
        at org.apache.maven.surefire.junitplatform.JUnitPlatformProvider.execute(JUnitPlatformProvider.java:188)
        at org.apache.maven.surefire.junitplatform.JUnitPlatformProvider.invokeAllTests(JUnitPlatformProvider.java:154)
        at org.apache.maven.surefire.junitplatform.JUnitPlatformProvider.invoke(JUnitPlatformProvider.java:124)
        at org.apache.maven.surefire.booter.ForkedBooter.runSuitesInProcess(ForkedBooter.java:428)
        at org.apache.maven.surefire.booter.ForkedBooter.execute(ForkedBooter.java:162)
        at org.apache.maven.surefire.booter.ForkedBooter.run(ForkedBooter.java:562)
        at org.apache.maven.surefire.booter.ForkedBooter.main(ForkedBooter.java:548)
"IPC Server handler 12 on default port 45531" daemon prio=5 tid=1120 timed_waiting
java.lang.Thread.State: TIMED_WAITING
        at sun.misc.Unsafe.park(Native Method)
        at java.util.concurrent.locks.LockSupport.parkNanos(LockSupport.java:215)
        at java.util.concurrent.locks.AbstractQueuedSynchronizer$ConditionObject.awaitNanos(AbstractQueuedSynchronizer.java:2078)
        at java.util.concurrent.LinkedBlockingQueue.poll(LinkedBlockingQueue.java:467)
        at org.apache.hadoop.ipc.CallQueueManager.take(CallQueueManager.java:317)
        at org.apache.hadoop.ipc.Server$Handler.run(Server.java:2942)
"IPC Server handler 6 on default port 44007" daemon prio=5 tid=1134 timed_waiting
java.lang.Thread.State: TIMED_WAITING
        at sun.misc.Unsafe.park(Native Method)
        at java.util.concurrent.locks.LockSupport.parkNanos(LockSupport.java:215)
        at java.util.concurrent.locks.AbstractQueuedSynchronizer$ConditionObject.awaitNanos(AbstractQueuedSynchronizer.java:2078)
        at java.util.concurrent.LinkedBlockingQueue.poll(LinkedBlockingQueue.java:467)
        at org.apache.hadoop.ipc.CallQueueManager.take(CallQueueManager.java:317)
        at org.apache.hadoop.ipc.Server$Handler.run(Server.java:2942)
"BlockDeletingService#2" daemon prio=5 tid=1620 in Object.wait()
java.lang.Thread.State: WAITING (on object monitor)
        at sun.misc.Unsafe.park(Native Method)
        at java.util.concurrent.locks.LockSupport.park(LockSupport.java:175)
        at java.util.concurrent.locks.AbstractQueuedSynchronizer$ConditionObject.await(AbstractQueuedSynchronizer.java:2039)
        at java.util.concurrent.ScheduledThreadPoolExecutor$DelayedWorkQueue.take(ScheduledThreadPoolExecutor.java:1088)
        at java.util.concurrent.ScheduledThreadPoolExecutor$DelayedWorkQueue.take(ScheduledThreadPoolExecutor.java:809)
        at java.util.concurrent.ThreadPoolExecutor.getTask(ThreadPoolExecutor.java:1074)
        at java.util.concurrent.ThreadPoolExecutor.runWorker(ThreadPoolExecutor.java:1134)
        at java.util.concurrent.ThreadPoolExecutor$Worker.run(ThreadPoolExecutor.java:624)
        at java.lang.Thread.run(Thread.java:750)
"org.apache.hadoop.util.JvmPauseMonitor$Monitor@51fb781c" daemon prio=5 tid=1309 timed_waiting
java.lang.Thread.State: TIMED_WAITING
        at java.lang.Thread.sleep(Native Method)
        at org.apache.hadoop.util.JvmPauseMonitor$Monitor.run(JvmPauseMonitor.java:192)
        at java.lang.Thread.run(Thread.java:750)
"FixedThreadPoolWithAffinityExecutor-1-0" daemon prio=5 tid=1096 timed_waiting
java.lang.Thread.State: TIMED_WAITING
        at sun.misc.Unsafe.park(Native Method)
        at java.util.concurrent.locks.LockSupport.parkNanos(LockSupport.java:215)
        at java.util.concurrent.locks.AbstractQueuedSynchronizer$ConditionObject.awaitNanos(AbstractQueuedSynchronizer.java:2078)
        at java.util.concurrent.LinkedBlockingQueue.poll(LinkedBlockingQueue.java:467)
        at org.apache.hadoop.hdds.scm.server.ContainerReportQueue.poll(ContainerReportQueue.java:266)
        at org.apache.hadoop.hdds.scm.server.ContainerReportQueue.poll(ContainerReportQueue.java:42)
        at org.apache.hadoop.hdds.server.events.FixedThreadPoolWithAffinityExecutor$ContainerReportProcessTask.run(FixedThreadPoolWithAffinityExecutor.java:218)
        at java.util.concurrent.Executors$RunnableAdapter.call(Executors.java:511)
        at java.util.concurrent.FutureTask.run(FutureTask.java:266)
        at java.util.concurrent.ThreadPoolExecutor.runWorker(ThreadPoolExecutor.java:1149)
        at java.util.concurrent.ThreadPoolExecutor$Worker.run(ThreadPoolExecutor.java:624)
        at java.lang.Thread.run(Thread.java:750)
"qtp1624799476-1347" daemon prio=5 tid=1347 timed_waiting
java.lang.Thread.State: TIMED_WAITING
        at sun.misc.Unsafe.park(Native Method)
        at java.util.concurrent.locks.LockSupport.parkNanos(LockSupport.java:215)
        at java.util.concurrent.locks.AbstractQueuedSynchronizer$ConditionObject.awaitNanos(AbstractQueuedSynchronizer.java:2078)
        at org.eclipse.jetty.util.BlockingArrayQueue.poll(BlockingArrayQueue.java:382)
        at org.eclipse.jetty.util.thread.QueuedThreadPool$Runner.idleJobPoll(QueuedThreadPool.java:974)
        at org.eclipse.jetty.util.thread.QueuedThreadPool$Runner.run(QueuedThreadPool.java:1018)
        at java.lang.Thread.run(Thread.java:750)
"Command processor thread" daemon prio=5 tid=1334 timed_waiting
java.lang.Thread.State: TIMED_WAITING
        at java.lang.Thread.sleep(Native Method)
        at org.apache.hadoop.ozone.container.common.statemachine.DatanodeStateMachine.lambda$initCommandHandlerThread$3(DatanodeStateMachine.java:641)
        at org.apache.hadoop.ozone.container.common.statemachine.DatanodeStateMachine$$Lambda$833/745519443.run(Unknown Source)
        at java.lang.Thread.run(Thread.java:750)
"qtp1943963437-1326" daemon prio=5 tid=1326 timed_waiting
java.lang.Thread.State: TIMED_WAITING
        at sun.misc.Unsafe.park(Native Method)
        at java.util.concurrent.locks.LockSupport.parkNanos(LockSupport.java:215)
        at java.util.concurrent.locks.AbstractQueuedSynchronizer$ConditionObject.awaitNanos(AbstractQueuedSynchronizer.java:2078)
        at org.eclipse.jetty.util.BlockingArrayQueue.poll(BlockingArrayQueue.java:382)
        at org.eclipse.jetty.util.thread.QueuedThreadPool$Runner.idleJobPoll(QueuedThreadPool.java:974)
        at org.eclipse.jetty.util.thread.QueuedThreadPool$Runner.run(QueuedThreadPool.java:1018)
        at java.lang.Thread.run(Thread.java:750)
"org.apache.hadoop.ozone.container.common.statemachine.commandhandler.DeleteBlocksCommandHandler$DeleteCmdWorker@52b43d58" daemon prio=5 tid=1369 timed_waiting
java.lang.Thread.State: TIMED_WAITING
        at java.lang.Thread.sleep(Native Method)
        at org.apache.hadoop.ozone.container.common.statemachine.commandhandler.DeleteBlocksCommandHandler$DeleteCmdWorker.run(DeleteBlocksCommandHandler.java:183)
        at java.lang.Thread.run(Thread.java:750)
"Datanode ReportManager Thread - 2" daemon prio=5 tid=1305 in Object.wait()
java.lang.Thread.State: WAITING (on object monitor)
        at sun.misc.Unsafe.park(Native Method)
        at java.util.concurrent.locks.LockSupport.park(LockSupport.java:175)
        at java.util.concurrent.locks.AbstractQueuedSynchronizer$ConditionObject.await(AbstractQueuedSynchronizer.java:2039)
        at java.util.concurrent.ScheduledThreadPoolExecutor$DelayedWorkQueue.take(ScheduledThreadPoolExecutor.java:1088)
        at java.util.concurrent.ScheduledThreadPoolExecutor$DelayedWorkQueue.take(ScheduledThreadPoolExecutor.java:809)
        at java.util.concurrent.ThreadPoolExecutor.getTask(ThreadPoolExecutor.java:1074)
        at java.util.concurrent.ThreadPoolExecutor.runWorker(ThreadPoolExecutor.java:1134)
        at java.util.concurrent.ThreadPoolExecutor$Worker.run(ThreadPoolExecutor.java:624)
        at java.lang.Thread.run(Thread.java:750)
"IPC Server handler 2 on default port 44007" daemon prio=5 tid=1130 timed_waiting
java.lang.Thread.State: TIMED_WAITING
        at sun.misc.Unsafe.park(Native Method)
        at java.util.concurrent.locks.LockSupport.parkNanos(LockSupport.java:215)
        at java.util.concurrent.locks.AbstractQueuedSynchronizer$ConditionObject.awaitNanos(AbstractQueuedSynchronizer.java:2078)
        at java.util.concurrent.LinkedBlockingQueue.poll(LinkedBlockingQueue.java:467)
        at org.apache.hadoop.ipc.CallQueueManager.take(CallQueueManager.java:317)
        at org.apache.hadoop.ipc.Server$Handler.run(Server.java:2942)
"org.apache.hadoop.util.JvmPauseMonitor$Monitor@22836e34" daemon prio=5 tid=1230 timed_waiting
java.lang.Thread.State: TIMED_WAITING
        at java.lang.Thread.sleep(Native Method)
        at org.apache.hadoop.util.JvmPauseMonitor$Monitor.run(JvmPauseMonitor.java:192)
        at java.lang.Thread.run(Thread.java:750)
"IPC Server handler 18 on default port 46561" daemon prio=5 tid=1228 timed_waiting
java.lang.Thread.State: TIMED_WAITING
        at sun.misc.Unsafe.park(Native Method)
        at java.util.concurrent.locks.LockSupport.parkNanos(LockSupport.java:215)
        at java.util.concurrent.locks.AbstractQueuedSynchronizer$ConditionObject.awaitNanos(AbstractQueuedSynchronizer.java:2078)
        at java.util.concurrent.LinkedBlockingQueue.poll(LinkedBlockingQueue.java:467)
        at org.apache.hadoop.ipc.CallQueueManager.take(CallQueueManager.java:317)
        at org.apache.hadoop.ipc.Server$Handler.run(Server.java:2942)
"StaleRecoveringContainerScrubbingService#1" daemon prio=5 tid=1401 timed_waiting
java.lang.Thread.State: TIMED_WAITING
        at sun.misc.Unsafe.park(Native Method)
        at java.util.concurrent.locks.LockSupport.parkNanos(LockSupport.java:215)
        at java.util.concurrent.locks.AbstractQueuedSynchronizer$ConditionObject.awaitNanos(AbstractQueuedSynchronizer.java:2078)
        at java.util.concurrent.ScheduledThreadPoolExecutor$DelayedWorkQueue.take(ScheduledThreadPoolExecutor.java:1093)
        at java.util.concurrent.ScheduledThreadPoolExecutor$DelayedWorkQueue.take(ScheduledThreadPoolExecutor.java:809)
        at java.util.concurrent.ThreadPoolExecutor.getTask(ThreadPoolExecutor.java:1074)
        at java.util.concurrent.ThreadPoolExecutor.runWorker(ThreadPoolExecutor.java:1134)
        at java.util.concurrent.ThreadPoolExecutor$Worker.run(ThreadPoolExecutor.java:624)
        at java.lang.Thread.run(Thread.java:750)
"qtp1644006516-1246" daemon prio=5 tid=1246 timed_waiting
java.lang.Thread.State: TIMED_WAITING
        at sun.misc.Unsafe.park(Native Method)
        at java.util.concurrent.locks.LockSupport.parkNanos(LockSupport.java:215)
        at java.util.concurrent.locks.AbstractQueuedSynchronizer$ConditionObject.awaitNanos(AbstractQueuedSynchronizer.java:2078)
        at org.eclipse.jetty.util.BlockingArrayQueue.poll(BlockingArrayQueue.java:382)
        at org.eclipse.jetty.util.thread.QueuedThreadPool$Runner.idleJobPoll(QueuedThreadPool.java:974)
        at org.eclipse.jetty.util.thread.QueuedThreadPool$Runner.run(QueuedThreadPool.java:1018)
        at java.lang.Thread.run(Thread.java:750)
"ChunkWriter-1-0" daemon prio=5 tid=1405 in Object.wait()
java.lang.Thread.State: WAITING (on object monitor)
        at sun.misc.Unsafe.park(Native Method)
        at java.util.concurrent.locks.LockSupport.park(LockSupport.java:175)
        at java.util.concurrent.locks.AbstractQueuedSynchronizer$ConditionObject.await(AbstractQueuedSynchronizer.java:2039)
        at java.util.concurrent.LinkedBlockingDeque.takeFirst(LinkedBlockingDeque.java:492)
        at java.util.concurrent.LinkedBlockingDeque.take(LinkedBlockingDeque.java:680)
        at java.util.concurrent.ThreadPoolExecutor.getTask(ThreadPoolExecutor.java:1074)
        at java.util.concurrent.ThreadPoolExecutor.runWorker(ThreadPoolExecutor.java:1134)
        at java.util.concurrent.ThreadPoolExecutor$Worker.run(ThreadPoolExecutor.java:624)
        at java.lang.Thread.run(Thread.java:750)
"timer7" daemon prio=5 tid=571 timed_waiting
java.lang.Thread.State: TIMED_WAITING
        at java.lang.Object.wait(Native Method)
        at java.util.TimerThread.mainLoop(Timer.java:552)
        at java.util.TimerThread.run(Timer.java:505)
"IPC Server handler 1 on default port 35447" daemon prio=5 tid=1149 timed_waiting
java.lang.Thread.State: TIMED_WAITING
        at sun.misc.Unsafe.park(Native Method)
        at java.util.concurrent.locks.LockSupport.parkNanos(LockSupport.java:215)
        at java.util.concurrent.locks.AbstractQueuedSynchronizer$ConditionObject.awaitNanos(AbstractQueuedSynchronizer.java:2078)
        at java.util.concurrent.LinkedBlockingQueue.poll(LinkedBlockingQueue.java:467)
        at org.apache.hadoop.ipc.CallQueueManager.take(CallQueueManager.java:317)
        at org.apache.hadoop.ipc.Server$Handler.run(Server.java:2942)
"IPC Client (584203303) connection to 0.0.0.0/0.0.0.0:35447 from runner" daemon prio=5 tid=1391 timed_waiting
java.lang.Thread.State: TIMED_WAITING
        at java.lang.Object.wait(Native Method)
        at org.apache.hadoop.ipc.Client$Connection.waitForWork(Client.java:1086)
        at org.apache.hadoop.ipc.Client$Connection.run(Client.java:1133)
"IPC Server listener on 0" daemon prio=5 tid=1087 runnable
java.lang.Thread.State: RUNNABLE
        at sun.nio.ch.EPollArrayWrapper.epollWait(Native Method)
        at sun.nio.ch.EPollArrayWrapper.poll(EPollArrayWrapper.java:269)
        at sun.nio.ch.EPollSelectorImpl.doSelect(EPollSelectorImpl.java:93)
        at sun.nio.ch.SelectorImpl.lockAndDoSelect(SelectorImpl.java:86)
        at sun.nio.ch.SelectorImpl.select(SelectorImpl.java:97)
        at sun.nio.ch.SelectorImpl.select(SelectorImpl.java:101)
        at org.apache.hadoop.ipc.Server$Listener.run(Server.java:1358)
"Command processor thread" daemon prio=5 tid=1360 timed_waiting
java.lang.Thread.State: TIMED_WAITING
        at java.lang.Thread.sleep(Native Method)
        at org.apache.hadoop.ozone.container.common.statemachine.DatanodeStateMachine.lambda$initCommandHandlerThread$3(DatanodeStateMachine.java:641)
        at org.apache.hadoop.ozone.container.common.statemachine.DatanodeStateMachine$$Lambda$833/745519443.run(Unknown Source)
        at java.lang.Thread.run(Thread.java:750)
"IPC Server handler 4 on default port 46561" daemon prio=5 tid=1214 timed_waiting
java.lang.Thread.State: TIMED_WAITING
        at sun.misc.Unsafe.park(Native Method)
        at java.util.concurrent.locks.LockSupport.parkNanos(LockSupport.java:215)
        at java.util.concurrent.locks.AbstractQueuedSynchronizer$ConditionObject.awaitNanos(AbstractQueuedSynchronizer.java:2078)
        at java.util.concurrent.LinkedBlockingQueue.poll(LinkedBlockingQueue.java:467)
        at org.apache.hadoop.ipc.CallQueueManager.take(CallQueueManager.java:317)
        at org.apache.hadoop.ipc.Server$Handler.run(Server.java:2942)
"Command processor thread" daemon prio=5 tid=1280 timed_waiting
java.lang.Thread.State: TIMED_WAITING
        at java.lang.Thread.sleep(Native Method)
        at org.apache.hadoop.ozone.container.common.statemachine.DatanodeStateMachine.lambda$initCommandHandlerThread$3(DatanodeStateMachine.java:641)
        at org.apache.hadoop.ozone.container.common.statemachine.DatanodeStateMachine$$Lambda$833/745519443.run(Unknown Source)
        at java.lang.Thread.run(Thread.java:750)
"org.apache.hadoop.util.JvmPauseMonitor$Monitor@491fc013" daemon prio=5 tid=1335 timed_waiting
java.lang.Thread.State: TIMED_WAITING
        at java.lang.Thread.sleep(Native Method)
        at org.apache.hadoop.util.JvmPauseMonitor$Monitor.run(JvmPauseMonitor.java:192)
        at java.lang.Thread.run(Thread.java:750)
"IPC Server handler 19 on default port 46561" daemon prio=5 tid=1229 timed_waiting
java.lang.Thread.State: TIMED_WAITING
        at sun.misc.Unsafe.park(Native Method)
        at java.util.concurrent.locks.LockSupport.parkNanos(LockSupport.java:215)
        at java.util.concurrent.locks.AbstractQueuedSynchronizer$ConditionObject.awaitNanos(AbstractQueuedSynchronizer.java:2078)
        at java.util.concurrent.LinkedBlockingQueue.poll(LinkedBlockingQueue.java:467)
        at org.apache.hadoop.ipc.CallQueueManager.take(CallQueueManager.java:317)
        at org.apache.hadoop.ipc.Server$Handler.run(Server.java:2942)
"IPC Server handler 10 on default port 45531" daemon prio=5 tid=1118 timed_waiting
java.lang.Thread.State: TIMED_WAITING
        at sun.misc.Unsafe.park(Native Method)
        at java.util.concurrent.locks.LockSupport.parkNanos(LockSupport.java:215)
        at java.util.concurrent.locks.AbstractQueuedSynchronizer$ConditionObject.awaitNanos(AbstractQueuedSynchronizer.java:2078)
        at java.util.concurrent.LinkedBlockingQueue.poll(LinkedBlockingQueue.java:467)
        at org.apache.hadoop.ipc.CallQueueManager.take(CallQueueManager.java:317)
        at org.apache.hadoop.ipc.Server$Handler.run(Server.java:2942)
"BlockDeletingService#1" daemon prio=5 tid=1424 timed_waiting
java.lang.Thread.State: TIMED_WAITING
        at sun.misc.Unsafe.park(Native Method)
        at java.util.concurrent.locks.LockSupport.parkNanos(LockSupport.java:215)
        at java.util.concurrent.locks.AbstractQueuedSynchronizer$ConditionObject.awaitNanos(AbstractQueuedSynchronizer.java:2078)
        at java.util.concurrent.ScheduledThreadPoolExecutor$DelayedWorkQueue.take(ScheduledThreadPoolExecutor.java:1093)
        at java.util.concurrent.ScheduledThreadPoolExecutor$DelayedWorkQueue.take(ScheduledThreadPoolExecutor.java:809)
        at java.util.concurrent.ThreadPoolExecutor.getTask(ThreadPoolExecutor.java:1074)
        at java.util.concurrent.ThreadPoolExecutor.runWorker(ThreadPoolExecutor.java:1134)
        at java.util.concurrent.ThreadPoolExecutor$Worker.run(ThreadPoolExecutor.java:624)
        at java.lang.Thread.run(Thread.java:750)
"timer1" daemon prio=5 tid=547 timed_waiting
java.lang.Thread.State: TIMED_WAITING
        at java.lang.Object.wait(Native Method)
        at java.util.TimerThread.mainLoop(Timer.java:552)
        at java.util.TimerThread.run(Timer.java:505)
"pool-590-thread-1"  prio=5 tid=1480 in Object.wait()
java.lang.Thread.State: WAITING (on object monitor)
        at sun.misc.Unsafe.park(Native Method)
        at java.util.concurrent.locks.LockSupport.park(LockSupport.java:175)
        at java.util.concurrent.locks.AbstractQueuedSynchronizer$ConditionObject.await(AbstractQueuedSynchronizer.java:2039)
        at java.util.concurrent.LinkedBlockingQueue.take(LinkedBlockingQueue.java:442)
        at java.util.concurrent.ThreadPoolExecutor.getTask(ThreadPoolExecutor.java:1074)
        at java.util.concurrent.ThreadPoolExecutor.runWorker(ThreadPoolExecutor.java:1134)
        at java.util.concurrent.ThreadPoolExecutor$Worker.run(ThreadPoolExecutor.java:624)
        at java.lang.Thread.run(Thread.java:750)
"IPC Server Responder" daemon prio=5 tid=1090 runnable
java.lang.Thread.State: RUNNABLE
        at sun.nio.ch.EPollArrayWrapper.epollWait(Native Method)
        at sun.nio.ch.EPollArrayWrapper.poll(EPollArrayWrapper.java:269)
        at sun.nio.ch.EPollSelectorImpl.doSelect(EPollSelectorImpl.java:93)
        at sun.nio.ch.SelectorImpl.lockAndDoSelect(SelectorImpl.java:86)
        at sun.nio.ch.SelectorImpl.select(SelectorImpl.java:97)
        at org.apache.hadoop.ipc.Server$Responder.doRunLoop(Server.java:1532)
        at org.apache.hadoop.ipc.Server$Responder.run(Server.java:1515)
"DatanodeAdminManager-0" daemon prio=5 tid=1082 timed_waiting
java.lang.Thread.State: TIMED_WAITING
        at sun.misc.Unsafe.park(Native Method)
        at java.util.concurrent.locks.LockSupport.parkNanos(LockSupport.java:215)
        at java.util.concurrent.locks.AbstractQueuedSynchronizer$ConditionObject.awaitNanos(AbstractQueuedSynchronizer.java:2078)
        at java.util.concurrent.ScheduledThreadPoolExecutor$DelayedWorkQueue.take(ScheduledThreadPoolExecutor.java:1093)
        at java.util.concurrent.ScheduledThreadPoolExecutor$DelayedWorkQueue.take(ScheduledThreadPoolExecutor.java:809)
        at java.util.concurrent.ThreadPoolExecutor.getTask(ThreadPoolExecutor.java:1074)
        at java.util.concurrent.ThreadPoolExecutor.runWorker(ThreadPoolExecutor.java:1134)
        at java.util.concurrent.ThreadPoolExecutor$Worker.run(ThreadPoolExecutor.java:624)
        at java.lang.Thread.run(Thread.java:750)
"Datanode State Machine Daemon Thread" daemon prio=5 tid=1274 timed_waiting
java.lang.Thread.State: TIMED_WAITING
        at java.lang.Thread.sleep(Native Method)
        at org.apache.hadoop.ozone.container.common.statemachine.DatanodeStateMachine.startStateMachineThread(DatanodeStateMachine.java:321)
        at org.apache.hadoop.ozone.container.common.statemachine.DatanodeStateMachine.lambda$startDaemon$0(DatanodeStateMachine.java:506)
        at org.apache.hadoop.ozone.container.common.statemachine.DatanodeStateMachine$$Lambda$815/9941880.run(Unknown Source)
        at java.lang.Thread.run(Thread.java:750)
"Datanode ReportManager Thread - 3" daemon prio=5 tid=1252 in Object.wait()
java.lang.Thread.State: WAITING (on object monitor)
        at sun.misc.Unsafe.park(Native Method)
        at java.util.concurrent.locks.LockSupport.park(LockSupport.java:175)
        at java.util.concurrent.locks.AbstractQueuedSynchronizer$ConditionObject.await(AbstractQueuedSynchronizer.java:2039)
        at java.util.concurrent.ScheduledThreadPoolExecutor$DelayedWorkQueue.take(ScheduledThreadPoolExecutor.java:1088)
        at java.util.concurrent.ScheduledThreadPoolExecutor$DelayedWorkQueue.take(ScheduledThreadPoolExecutor.java:809)
        at java.util.concurrent.ThreadPoolExecutor.getTask(ThreadPoolExecutor.java:1074)
        at java.util.concurrent.ThreadPoolExecutor.runWorker(ThreadPoolExecutor.java:1134)
        at java.util.concurrent.ThreadPoolExecutor$Worker.run(ThreadPoolExecutor.java:624)
        at java.lang.Thread.run(Thread.java:750)
"Datanode ReportManager Thread - 4" daemon prio=5 tid=1279 in Object.wait()
java.lang.Thread.State: WAITING (on object monitor)
        at sun.misc.Unsafe.park(Native Method)
        at java.util.concurrent.locks.LockSupport.park(LockSupport.java:175)
        at java.util.concurrent.locks.AbstractQueuedSynchronizer$ConditionObject.await(AbstractQueuedSynchronizer.java:2039)
        at java.util.concurrent.ScheduledThreadPoolExecutor$DelayedWorkQueue.take(ScheduledThreadPoolExecutor.java:1088)
        at java.util.concurrent.ScheduledThreadPoolExecutor$DelayedWorkQueue.take(ScheduledThreadPoolExecutor.java:809)
        at java.util.concurrent.ThreadPoolExecutor.getTask(ThreadPoolExecutor.java:1074)
        at java.util.concurrent.ThreadPoolExecutor.runWorker(ThreadPoolExecutor.java:1134)
        at java.util.concurrent.ThreadPoolExecutor$Worker.run(ThreadPoolExecutor.java:624)
        at java.lang.Thread.run(Thread.java:750)
"qtp1446747078-1272" daemon prio=5 tid=1272 timed_waiting
java.lang.Thread.State: TIMED_WAITING
        at sun.misc.Unsafe.park(Native Method)
        at java.util.concurrent.locks.LockSupport.parkNanos(LockSupport.java:215)
        at java.util.concurrent.locks.AbstractQueuedSynchronizer$ConditionObject.awaitNanos(AbstractQueuedSynchronizer.java:2078)
        at org.eclipse.jetty.util.BlockingArrayQueue.poll(BlockingArrayQueue.java:382)
        at org.eclipse.jetty.util.thread.QueuedThreadPool$Runner.idleJobPoll(QueuedThreadPool.java:974)
        at org.eclipse.jetty.util.thread.QueuedThreadPool$Runner.run(QueuedThreadPool.java:1018)
        at java.lang.Thread.run(Thread.java:750)
"IPC Server Responder" daemon prio=5 tid=1094 runnable
java.lang.Thread.State: RUNNABLE
        at sun.nio.ch.EPollArrayWrapper.epollWait(Native Method)
        at sun.nio.ch.EPollArrayWrapper.poll(EPollArrayWrapper.java:269)
        at sun.nio.ch.EPollSelectorImpl.doSelect(EPollSelectorImpl.java:93)
        at sun.nio.ch.SelectorImpl.lockAndDoSelect(SelectorImpl.java:86)
        at sun.nio.ch.SelectorImpl.select(SelectorImpl.java:97)
        at org.apache.hadoop.ipc.Server$Responder.doRunLoop(Server.java:1532)
        at org.apache.hadoop.ipc.Server$Responder.run(Server.java:1515)
"Datanode State Machine Task Thread - 0"  prio=5 tid=1282 in Object.wait()
java.lang.Thread.State: WAITING (on object monitor)
        at sun.misc.Unsafe.park(Native Method)
        at java.util.concurrent.locks.LockSupport.park(LockSupport.java:175)
        at java.util.concurrent.locks.AbstractQueuedSynchronizer$ConditionObject.await(AbstractQueuedSynchronizer.java:2039)
        at java.util.concurrent.LinkedBlockingQueue.take(LinkedBlockingQueue.java:442)
        at java.util.concurrent.ThreadPoolExecutor.getTask(ThreadPoolExecutor.java:1074)
        at java.util.concurrent.ThreadPoolExecutor.runWorker(ThreadPoolExecutor.java:1134)
        at java.util.concurrent.ThreadPoolExecutor$Worker.run(ThreadPoolExecutor.java:624)
        at java.lang.Thread.run(Thread.java:750)
"OMDoubleBufferFlushThread" daemon prio=5 tid=1183 timed_waiting
java.lang.Thread.State: TIMED_WAITING
        at java.lang.Object.wait(Native Method)
        at org.apache.hadoop.ozone.om.ratis.OzoneManagerDoubleBuffer.canFlush(OzoneManagerDoubleBuffer.java:538)
        at org.apache.hadoop.ozone.om.ratis.OzoneManagerDoubleBuffer.flushTransactions(OzoneManagerDoubleBuffer.java:268)
        at org.apache.hadoop.ozone.om.ratis.OzoneManagerDoubleBuffer$$Lambda$528/378620515.run(Unknown Source)
        at java.lang.Thread.run(Thread.java:750)
"ChunkWriter-0-0" daemon prio=5 tid=1457 in Object.wait()
java.lang.Thread.State: WAITING (on object monitor)
        at sun.misc.Unsafe.park(Native Method)
        at java.util.concurrent.locks.LockSupport.park(LockSupport.java:175)
        at java.util.concurrent.locks.AbstractQueuedSynchronizer$ConditionObject.await(AbstractQueuedSynchronizer.java:2039)
        at java.util.concurrent.LinkedBlockingDeque.takeFirst(LinkedBlockingDeque.java:492)
        at java.util.concurrent.LinkedBlockingDeque.take(LinkedBlockingDeque.java:680)
        at java.util.concurrent.ThreadPoolExecutor.getTask(ThreadPoolExecutor.java:1074)
        at java.util.concurrent.ThreadPoolExecutor.runWorker(ThreadPoolExecutor.java:1134)
        at java.util.concurrent.ThreadPoolExecutor$Worker.run(ThreadPoolExecutor.java:624)
        at java.lang.Thread.run(Thread.java:750)
"qtp1624799476-1352" daemon prio=5 tid=1352 timed_waiting
java.lang.Thread.State: TIMED_WAITING
        at sun.misc.Unsafe.park(Native Method)
        at java.util.concurrent.locks.LockSupport.parkNanos(LockSupport.java:215)
        at java.util.concurrent.locks.AbstractQueuedSynchronizer$ConditionObject.awaitNanos(AbstractQueuedSynchronizer.java:2078)
        at org.eclipse.jetty.util.BlockingArrayQueue.poll(BlockingArrayQueue.java:382)
        at org.eclipse.jetty.util.thread.QueuedThreadPool$Runner.idleJobPoll(QueuedThreadPool.java:974)
        at org.eclipse.jetty.util.thread.QueuedThreadPool$Runner.run(QueuedThreadPool.java:1018)
        at java.lang.Thread.run(Thread.java:750)
"org.apache.hadoop.ozone.container.common.statemachine.commandhandler.DeleteBlocksCommandHandler$DeleteCmdWorker@37bac975" daemon prio=5 tid=1317 timed_waiting
java.lang.Thread.State: TIMED_WAITING
        at java.lang.Thread.sleep(Native Method)
        at org.apache.hadoop.ozone.container.common.statemachine.commandhandler.DeleteBlocksCommandHandler$DeleteCmdWorker.run(DeleteBlocksCommandHandler.java:183)
        at java.lang.Thread.run(Thread.java:750)
"pool-636-thread-1"  prio=5 tid=1505 in Object.wait()
java.lang.Thread.State: WAITING (on object monitor)
        at sun.misc.Unsafe.park(Native Method)
        at java.util.concurrent.locks.LockSupport.park(LockSupport.java:175)
        at java.util.concurrent.locks.AbstractQueuedSynchronizer$ConditionObject.await(AbstractQueuedSynchronizer.java:2039)
        at java.util.concurrent.LinkedBlockingQueue.take(LinkedBlockingQueue.java:442)
        at java.util.concurrent.ThreadPoolExecutor.getTask(ThreadPoolExecutor.java:1074)
        at java.util.concurrent.ThreadPoolExecutor.runWorker(ThreadPoolExecutor.java:1134)
        at java.util.concurrent.ThreadPoolExecutor$Worker.run(ThreadPoolExecutor.java:624)
        at java.lang.Thread.run(Thread.java:750)
"BlockDeletingService#2" daemon prio=5 tid=1621 in Object.wait()
java.lang.Thread.State: WAITING (on object monitor)
        at sun.misc.Unsafe.park(Native Method)
        at java.util.concurrent.locks.LockSupport.park(LockSupport.java:175)
        at java.util.concurrent.locks.AbstractQueuedSynchronizer$ConditionObject.await(AbstractQueuedSynchronizer.java:2039)
        at java.util.concurrent.ScheduledThreadPoolExecutor$DelayedWorkQueue.take(ScheduledThreadPoolExecutor.java:1088)
        at java.util.concurrent.ScheduledThreadPoolExecutor$DelayedWorkQueue.take(ScheduledThreadPoolExecutor.java:809)
        at java.util.concurrent.ThreadPoolExecutor.getTask(ThreadPoolExecutor.java:1074)
        at java.util.concurrent.ThreadPoolExecutor.runWorker(ThreadPoolExecutor.java:1134)
        at java.util.concurrent.ThreadPoolExecutor$Worker.run(ThreadPoolExecutor.java:624)
        at java.lang.Thread.run(Thread.java:750)
"69ebc52a-668b-4a1b-b1c8-adfe2408a111@group-7E018C2E2285-FollowerState" daemon prio=5 tid=1601 timed_waiting
java.lang.Thread.State: TIMED_WAITING
        at java.lang.Thread.sleep(Native Method)
        at java.lang.Thread.sleep(Thread.java:342)
        at java.util.concurrent.TimeUnit.sleep(TimeUnit.java:386)
        at org.apache.ratis.util.TimeDuration.sleep(TimeDuration.java:325)
        at org.apache.ratis.util.TimeDuration.sleep(TimeDuration.java:310)
        at org.apache.ratis.server.impl.FollowerState.run(FollowerState.java:128)
"grpc-shared-destroyer-0" daemon prio=5 tid=1067 in Object.wait()
java.lang.Thread.State: WAITING (on object monitor)
        at sun.misc.Unsafe.park(Native Method)
        at java.util.concurrent.locks.LockSupport.park(LockSupport.java:175)
        at java.util.concurrent.locks.AbstractQueuedSynchronizer$ConditionObject.await(AbstractQueuedSynchronizer.java:2039)
        at java.util.concurrent.ScheduledThreadPoolExecutor$DelayedWorkQueue.take(ScheduledThreadPoolExecutor.java:1081)
        at java.util.concurrent.ScheduledThreadPoolExecutor$DelayedWorkQueue.take(ScheduledThreadPoolExecutor.java:809)
        at java.util.concurrent.ThreadPoolExecutor.getTask(ThreadPoolExecutor.java:1074)
        at java.util.concurrent.ThreadPoolExecutor.runWorker(ThreadPoolExecutor.java:1134)
        at java.util.concurrent.ThreadPoolExecutor$Worker.run(ThreadPoolExecutor.java:624)
        at java.lang.Thread.run(Thread.java:750)
"EndpointStateMachine task thread for /0.0.0.0:35447 - 0 "  prio=5 tid=1390 in Object.wait()
java.lang.Thread.State: WAITING (on object monitor)
        at sun.misc.Unsafe.park(Native Method)
        at java.util.concurrent.locks.LockSupport.park(LockSupport.java:175)
        at java.util.concurrent.locks.AbstractQueuedSynchronizer$ConditionObject.await(AbstractQueuedSynchronizer.java:2039)
        at java.util.concurrent.LinkedBlockingQueue.take(LinkedBlockingQueue.java:442)
        at java.util.concurrent.ThreadPoolExecutor.getTask(ThreadPoolExecutor.java:1074)
        at java.util.concurrent.ThreadPoolExecutor.runWorker(ThreadPoolExecutor.java:1134)
        at java.util.concurrent.ThreadPoolExecutor$Worker.run(ThreadPoolExecutor.java:624)
        at java.lang.Thread.run(Thread.java:750)
"StaleRecoveringContainerScrubbingService#0" daemon prio=5 tid=1435 in Object.wait()
java.lang.Thread.State: WAITING (on object monitor)
        at sun.misc.Unsafe.park(Native Method)
        at java.util.concurrent.locks.LockSupport.park(LockSupport.java:175)
        at java.util.concurrent.locks.AbstractQueuedSynchronizer$ConditionObject.await(AbstractQueuedSynchronizer.java:2039)
        at java.util.concurrent.ScheduledThreadPoolExecutor$DelayedWorkQueue.take(ScheduledThreadPoolExecutor.java:1088)
        at java.util.concurrent.ScheduledThreadPoolExecutor$DelayedWorkQueue.take(ScheduledThreadPoolExecutor.java:809)
        at java.util.concurrent.ThreadPoolExecutor.getTask(ThreadPoolExecutor.java:1074)
        at java.util.concurrent.ThreadPoolExecutor.runWorker(ThreadPoolExecutor.java:1134)
        at java.util.concurrent.ThreadPoolExecutor$Worker.run(ThreadPoolExecutor.java:624)
        at java.lang.Thread.run(Thread.java:750)
"qtp390900876-1203" daemon prio=5 tid=1203 timed_waiting
java.lang.Thread.State: TIMED_WAITING
        at sun.misc.Unsafe.park(Native Method)
        at java.util.concurrent.locks.LockSupport.parkNanos(LockSupport.java:215)
        at java.util.concurrent.locks.AbstractQueuedSynchronizer$ConditionObject.awaitNanos(AbstractQueuedSynchronizer.java:2078)
        at org.eclipse.jetty.util.BlockingArrayQueue.poll(BlockingArrayQueue.java:382)
        at org.eclipse.jetty.util.thread.QueuedThreadPool$Runner.idleJobPoll(QueuedThreadPool.java:974)
        at org.eclipse.jetty.util.thread.QueuedThreadPool$Runner.run(QueuedThreadPool.java:1018)
        at java.lang.Thread.run(Thread.java:750)
"qtp1930618491-1298" daemon prio=5 tid=1298 timed_waiting
java.lang.Thread.State: TIMED_WAITING
        at sun.misc.Unsafe.park(Native Method)
        at java.util.concurrent.locks.LockSupport.parkNanos(LockSupport.java:215)
        at java.util.concurrent.locks.AbstractQueuedSynchronizer$ConditionObject.awaitNanos(AbstractQueuedSynchronizer.java:2078)
        at org.eclipse.jetty.util.BlockingArrayQueue.poll(BlockingArrayQueue.java:382)
        at org.eclipse.jetty.util.thread.QueuedThreadPool$Runner.idleJobPoll(QueuedThreadPool.java:974)
        at org.eclipse.jetty.util.thread.QueuedThreadPool$Runner.run(QueuedThreadPool.java:1018)
        at java.lang.Thread.run(Thread.java:750)
"qtp1943963437-1320-acceptor-0@44d1249d-ServerConnector@701c87a0{HTTP/1.1, (http/1.1)}{0.0.0.0:35815}" daemon prio=3 tid=1320 runnable
java.lang.Thread.State: RUNNABLE
        at sun.nio.ch.ServerSocketChannelImpl.accept0(Native Method)
        at sun.nio.ch.ServerSocketChannelImpl.accept(ServerSocketChannelImpl.java:421)
        at sun.nio.ch.ServerSocketChannelImpl.accept(ServerSocketChannelImpl.java:249)
        at org.eclipse.jetty.server.ServerConnector.accept(ServerConnector.java:388)
        at org.eclipse.jetty.server.AbstractConnector$Acceptor.run(AbstractConnector.java:704)
        at org.eclipse.jetty.util.thread.QueuedThreadPool.runJob(QueuedThreadPool.java:883)
        at org.eclipse.jetty.util.thread.QueuedThreadPool$Runner.run(QueuedThreadPool.java:1034)
        at java.lang.Thread.run(Thread.java:750)
"qtp1380251088-1176" daemon prio=5 tid=1176 timed_waiting
java.lang.Thread.State: TIMED_WAITING
        at sun.misc.Unsafe.park(Native Method)
        at java.util.concurrent.locks.LockSupport.parkNanos(LockSupport.java:215)
        at java.util.concurrent.locks.AbstractQueuedSynchronizer$ConditionObject.awaitNanos(AbstractQueuedSynchronizer.java:2078)
        at org.eclipse.jetty.util.BlockingArrayQueue.poll(BlockingArrayQueue.java:382)
        at org.eclipse.jetty.util.thread.QueuedThreadPool$Runner.idleJobPoll(QueuedThreadPool.java:974)
        at org.eclipse.jetty.util.thread.QueuedThreadPool$Runner.run(QueuedThreadPool.java:1018)
        at java.lang.Thread.run(Thread.java:750)
"qtp390900876-1208" daemon prio=5 tid=1208 timed_waiting
java.lang.Thread.State: TIMED_WAITING
        at sun.misc.Unsafe.park(Native Method)
        at java.util.concurrent.locks.LockSupport.parkNanos(LockSupport.java:215)
        at java.util.concurrent.locks.AbstractQueuedSynchronizer$ConditionObject.awaitNanos(AbstractQueuedSynchronizer.java:2078)
        at org.eclipse.jetty.util.BlockingArrayQueue.poll(BlockingArrayQueue.java:382)
        at org.eclipse.jetty.util.thread.QueuedThreadPool$Runner.idleJobPoll(QueuedThreadPool.java:974)
        at org.eclipse.jetty.util.thread.QueuedThreadPool$Runner.run(QueuedThreadPool.java:1018)
        at java.lang.Thread.run(Thread.java:750)
"IPC Server handler 1 on default port 46561" daemon prio=5 tid=1211 timed_waiting
java.lang.Thread.State: TIMED_WAITING
        at sun.misc.Unsafe.park(Native Method)
        at java.util.concurrent.locks.LockSupport.parkNanos(LockSupport.java:215)
        at java.util.concurrent.locks.AbstractQueuedSynchronizer$ConditionObject.awaitNanos(AbstractQueuedSynchronizer.java:2078)
        at java.util.concurrent.LinkedBlockingQueue.poll(LinkedBlockingQueue.java:467)
        at org.apache.hadoop.ipc.CallQueueManager.take(CallQueueManager.java:317)
        at org.apache.hadoop.ipc.Server$Handler.run(Server.java:2942)
"FixedThreadPoolWithAffinityExecutor-3-0" daemon prio=5 tid=1098 timed_waiting
java.lang.Thread.State: TIMED_WAITING
        at sun.misc.Unsafe.park(Native Method)
        at java.util.concurrent.locks.LockSupport.parkNanos(LockSupport.java:215)
        at java.util.concurrent.locks.AbstractQueuedSynchronizer$ConditionObject.awaitNanos(AbstractQueuedSynchronizer.java:2078)
        at java.util.concurrent.LinkedBlockingQueue.poll(LinkedBlockingQueue.java:467)
        at org.apache.hadoop.hdds.scm.server.ContainerReportQueue.poll(ContainerReportQueue.java:266)
        at org.apache.hadoop.hdds.scm.server.ContainerReportQueue.poll(ContainerReportQueue.java:42)
        at org.apache.hadoop.hdds.server.events.FixedThreadPoolWithAffinityExecutor$ContainerReportProcessTask.run(FixedThreadPoolWithAffinityExecutor.java:218)
        at java.util.concurrent.Executors$RunnableAdapter.call(Executors.java:511)
        at java.util.concurrent.FutureTask.run(FutureTask.java:266)
        at java.util.concurrent.ThreadPoolExecutor.runWorker(ThreadPoolExecutor.java:1149)
        at java.util.concurrent.ThreadPoolExecutor$Worker.run(ThreadPoolExecutor.java:624)
        at java.lang.Thread.run(Thread.java:750)
"grpc-default-executor-5" daemon prio=5 tid=1561 timed_waiting
java.lang.Thread.State: TIMED_WAITING
        at sun.misc.Unsafe.park(Native Method)
        at java.util.concurrent.locks.LockSupport.parkNanos(LockSupport.java:215)
        at java.util.concurrent.SynchronousQueue$TransferStack.awaitFulfill(SynchronousQueue.java:460)
        at java.util.concurrent.SynchronousQueue$TransferStack.transfer(SynchronousQueue.java:362)
        at java.util.concurrent.SynchronousQueue.poll(SynchronousQueue.java:941)
        at java.util.concurrent.ThreadPoolExecutor.getTask(ThreadPoolExecutor.java:1073)
        at java.util.concurrent.ThreadPoolExecutor.runWorker(ThreadPoolExecutor.java:1134)
        at java.util.concurrent.ThreadPoolExecutor$Worker.run(ThreadPoolExecutor.java:624)
        at java.lang.Thread.run(Thread.java:750)
"Datanode State Machine Task Thread - 0"  prio=5 tid=1310 in Object.wait()
java.lang.Thread.State: WAITING (on object monitor)
        at sun.misc.Unsafe.park(Native Method)
        at java.util.concurrent.locks.LockSupport.park(LockSupport.java:175)
        at java.util.concurrent.locks.AbstractQueuedSynchronizer$ConditionObject.await(AbstractQueuedSynchronizer.java:2039)
        at java.util.concurrent.LinkedBlockingQueue.take(LinkedBlockingQueue.java:442)
        at java.util.concurrent.ThreadPoolExecutor.getTask(ThreadPoolExecutor.java:1074)
        at java.util.concurrent.ThreadPoolExecutor.runWorker(ThreadPoolExecutor.java:1134)
        at java.util.concurrent.ThreadPoolExecutor$Worker.run(ThreadPoolExecutor.java:624)
        at java.lang.Thread.run(Thread.java:750)
"pool-645-thread-1"  prio=5 tid=1344 timed_waiting
java.lang.Thread.State: TIMED_WAITING
        at sun.misc.Unsafe.park(Native Method)
        at java.util.concurrent.locks.LockSupport.parkNanos(LockSupport.java:215)
        at java.util.concurrent.locks.AbstractQueuedSynchronizer$ConditionObject.awaitNanos(AbstractQueuedSynchronizer.java:2078)
        at java.util.concurrent.ScheduledThreadPoolExecutor$DelayedWorkQueue.take(ScheduledThreadPoolExecutor.java:1093)
        at java.util.concurrent.ScheduledThreadPoolExecutor$DelayedWorkQueue.take(ScheduledThreadPoolExecutor.java:809)
        at java.util.concurrent.ThreadPoolExecutor.getTask(ThreadPoolExecutor.java:1074)
        at java.util.concurrent.ThreadPoolExecutor.runWorker(ThreadPoolExecutor.java:1134)
        at java.util.concurrent.ThreadPoolExecutor$Worker.run(ThreadPoolExecutor.java:624)
        at java.lang.Thread.run(Thread.java:750)
"IPC Server handler 7 on default port 35447" daemon prio=5 tid=1155 timed_waiting
java.lang.Thread.State: TIMED_WAITING
        at sun.misc.Unsafe.park(Native Method)
        at java.util.concurrent.locks.LockSupport.parkNanos(LockSupport.java:215)
        at java.util.concurrent.locks.AbstractQueuedSynchronizer$ConditionObject.awaitNanos(AbstractQueuedSynchronizer.java:2078)
        at java.util.concurrent.LinkedBlockingQueue.poll(LinkedBlockingQueue.java:467)
        at org.apache.hadoop.ipc.CallQueueManager.take(CallQueueManager.java:317)
        at org.apache.hadoop.ipc.Server$Handler.run(Server.java:2942)
"timer4" daemon prio=5 tid=554 timed_waiting
java.lang.Thread.State: TIMED_WAITING
        at java.lang.Object.wait(Native Method)
        at java.util.TimerThread.mainLoop(Timer.java:552)
        at java.util.TimerThread.run(Timer.java:505)
"qtp1644006516-1243" daemon prio=5 tid=1243 timed_waiting
java.lang.Thread.State: TIMED_WAITING
        at sun.misc.Unsafe.park(Native Method)
        at java.util.concurrent.locks.LockSupport.parkNanos(LockSupport.java:215)
        at java.util.concurrent.locks.AbstractQueuedSynchronizer$ConditionObject.awaitNanos(AbstractQueuedSynchronizer.java:2078)
        at org.eclipse.jetty.util.BlockingArrayQueue.poll(BlockingArrayQueue.java:382)
        at org.eclipse.jetty.util.thread.QueuedThreadPool$Runner.idleJobPoll(QueuedThreadPool.java:974)
        at org.eclipse.jetty.util.thread.QueuedThreadPool$Runner.run(QueuedThreadPool.java:1018)
        at java.lang.Thread.run(Thread.java:750)
"pool-583-thread-1" daemon prio=5 tid=1286 timed_waiting
java.lang.Thread.State: TIMED_WAITING
        at sun.misc.Unsafe.park(Native Method)
        at java.util.concurrent.locks.LockSupport.parkNanos(LockSupport.java:215)
        at java.util.concurrent.locks.AbstractQueuedSynchronizer$ConditionObject.awaitNanos(AbstractQueuedSynchronizer.java:2078)
        at java.util.concurrent.ScheduledThreadPoolExecutor$DelayedWorkQueue.take(ScheduledThreadPoolExecutor.java:1093)
        at java.util.concurrent.ScheduledThreadPoolExecutor$DelayedWorkQueue.take(ScheduledThreadPoolExecutor.java:809)
        at java.util.concurrent.ThreadPoolExecutor.getTask(ThreadPoolExecutor.java:1074)
        at java.util.concurrent.ThreadPoolExecutor.runWorker(ThreadPoolExecutor.java:1134)
        at java.util.concurrent.ThreadPoolExecutor$Worker.run(ThreadPoolExecutor.java:624)
        at java.lang.Thread.run(Thread.java:750)


	at org.apache.ozone.test.GenericTestUtils.waitFor(GenericTestUtils.java:224)
	at org.apache.hadoop.hdds.scm.pipeline.TestRatisPipelineCreateAndDestroy.waitForPipelines(TestRatisPipelineCreateAndDestroy.java:179)
	at org.apache.hadoop.hdds.scm.pipeline.TestRatisPipelineCreateAndDestroy.testAutomaticPipelineCreationDisablingFactorONE(TestRatisPipelineCreateAndDestroy.java:118)
	at sun.reflect.NativeMethodAccessorImpl.invoke0(Native Method)
	at sun.reflect.NativeMethodAccessorImpl.invoke(NativeMethodAccessorImpl.java:62)
	at sun.reflect.DelegatingMethodAccessorImpl.invoke(DelegatingMethodAccessorImpl.java:43)
	at java.lang.reflect.Method.invoke(Method.java:498)
	at org.junit.platform.commons.util.ReflectionUtils.invokeMethod(ReflectionUtils.java:725)
	at org.junit.jupiter.engine.execution.MethodInvocation.proceed(MethodInvocation.java:60)
	at org.junit.jupiter.engine.execution.InvocationInterceptorChain$ValidatingInvocation.proceed(InvocationInterceptorChain.java:131)
	at org.junit.jupiter.engine.extension.TimeoutInvocation.proceed(TimeoutInvocation.java:46)
	at org.junit.jupiter.engine.extension.TimeoutExtension.intercept(TimeoutExtension.java:149)
	at org.junit.jupiter.engine.extension.TimeoutExtension.interceptTestableMethod(TimeoutExtension.java:140)
	at org.junit.jupiter.engine.extension.TimeoutExtension.interceptTestMethod(TimeoutExtension.java:84)
	at org.junit.jupiter.engine.execution.ExecutableInvoker$ReflectiveInterceptorCall.lambda$ofVoidMethod$0(ExecutableInvoker.java:115)
	at org.junit.jupiter.engine.execution.ExecutableInvoker.lambda$invoke$0(ExecutableInvoker.java:105)
	at org.junit.jupiter.engine.execution.InvocationInterceptorChain$InterceptedInvocation.proceed(InvocationInterceptorChain.java:106)
	at org.junit.jupiter.engine.execution.InvocationInterceptorChain.proceed(InvocationInterceptorChain.java:64)
	at org.junit.jupiter.engine.execution.InvocationInterceptorChain.chainAndInvoke(InvocationInterceptorChain.java:45)
	at org.junit.jupiter.engine.execution.InvocationInterceptorChain.invoke(InvocationInterceptorChain.java:37)
	at org.junit.jupiter.engine.execution.ExecutableInvoker.invoke(ExecutableInvoker.java:104)
	at org.junit.jupiter.engine.execution.ExecutableInvoker.invoke(ExecutableInvoker.java:98)
	at org.junit.jupiter.engine.descriptor.TestMethodTestDescriptor.lambda$invokeTestMethod$7(TestMethodTestDescriptor.java:214)
	at org.junit.platform.engine.support.hierarchical.ThrowableCollector.execute(ThrowableCollector.java:73)
	at org.junit.jupiter.engine.descriptor.TestMethodTestDescriptor.invokeTestMethod(TestMethodTestDescriptor.java:210)
	at org.junit.jupiter.engine.descriptor.TestMethodTestDescriptor.execute(TestMethodTestDescriptor.java:135)
	at org.junit.jupiter.engine.descriptor.TestMethodTestDescriptor.execute(TestMethodTestDescriptor.java:66)
	at org.junit.platform.engine.support.hierarchical.NodeTestTask.lambda$executeRecursively$6(NodeTestTask.java:151)
	at org.junit.platform.engine.support.hierarchical.ThrowableCollector.execute(ThrowableCollector.java:73)
	at org.junit.platform.engine.support.hierarchical.NodeTestTask.lambda$executeRecursively$8(NodeTestTask.java:141)
	at org.junit.platform.engine.support.hierarchical.Node.around(Node.java:137)
	at org.junit.platform.engine.support.hierarchical.NodeTestTask.lambda$executeRecursively$9(NodeTestTask.java:139)
	at org.junit.platform.engine.support.hierarchical.ThrowableCollector.execute(ThrowableCollector.java:73)
	at org.junit.platform.engine.support.hierarchical.NodeTestTask.executeRecursively(NodeTestTask.java:138)
	at org.junit.platform.engine.support.hierarchical.NodeTestTask.execute(NodeTestTask.java:95)
	at java.util.ArrayList.forEach(ArrayList.java:1259)
	at org.junit.platform.engine.support.hierarchical.SameThreadHierarchicalTestExecutorService.invokeAll(SameThreadHierarchicalTestExecutorService.java:41)
	at org.junit.platform.engine.support.hierarchical.NodeTestTask.lambda$executeRecursively$6(NodeTestTask.java:155)
	at org.junit.platform.engine.support.hierarchical.ThrowableCollector.execute(ThrowableCollector.java:73)
	at org.junit.platform.engine.support.hierarchical.NodeTestTask.lambda$executeRecursively$8(NodeTestTask.java:141)
	at org.junit.platform.engine.support.hierarchical.Node.around(Node.java:137)
	at org.junit.platform.engine.support.hierarchical.NodeTestTask.lambda$executeRecursively$9(NodeTestTask.java:139)
	at org.junit.platform.engine.support.hierarchical.ThrowableCollector.execute(ThrowableCollector.java:73)
	at org.junit.platform.engine.support.hierarchical.NodeTestTask.executeRecursively(NodeTestTask.java:138)
	at org.junit.platform.engine.support.hierarchical.NodeTestTask.execute(NodeTestTask.java:95)
	at java.util.ArrayList.forEach(ArrayList.java:1259)
	at org.junit.platform.engine.support.hierarchical.SameThreadHierarchicalTestExecutorService.invokeAll(SameThreadHierarchicalTestExecutorService.java:41)
	at org.junit.platform.engine.support.hierarchical.NodeTestTask.lambda$executeRecursively$6(NodeTestTask.java:155)
	at org.junit.platform.engine.support.hierarchical.ThrowableCollector.execute(ThrowableCollector.java:73)
	at org.junit.platform.engine.support.hierarchical.NodeTestTask.lambda$executeRecursively$8(NodeTestTask.java:141)
	at org.junit.platform.engine.support.hierarchical.Node.around(Node.java:137)
	at org.junit.platform.engine.support.hierarchical.NodeTestTask.lambda$executeRecursively$9(NodeTestTask.java:139)
	at org.junit.platform.engine.support.hierarchical.ThrowableCollector.execute(ThrowableCollector.java:73)
	at org.junit.platform.engine.support.hierarchical.NodeTestTask.executeRecursively(NodeTestTask.java:138)
	at org.junit.platform.engine.support.hierarchical.NodeTestTask.execute(NodeTestTask.java:95)
	at org.junit.platform.engine.support.hierarchical.SameThreadHierarchicalTestExecutorService.submit(SameThreadHierarchicalTestExecutorService.java:35)
	at org.junit.platform.engine.support.hierarchical.HierarchicalTestExecutor.execute(HierarchicalTestExecutor.java:57)
	at org.junit.platform.engine.support.hierarchical.HierarchicalTestEngine.execute(HierarchicalTestEngine.java:54)
	at org.junit.platform.launcher.core.EngineExecutionOrchestrator.execute(EngineExecutionOrchestrator.java:107)
	at org.junit.platform.launcher.core.EngineExecutionOrchestrator.execute(EngineExecutionOrchestrator.java:88)
	at org.junit.platform.launcher.core.EngineExecutionOrchestrator.lambda$execute$0(EngineExecutionOrchestrator.java:54)
	at org.junit.platform.launcher.core.EngineExecutionOrchestrator.withInterceptedStreams(EngineExecutionOrchestrator.java:67)
	at org.junit.platform.launcher.core.EngineExecutionOrchestrator.execute(EngineExecutionOrchestrator.java:52)
	at org.junit.platform.launcher.core.DefaultLauncher.execute(DefaultLauncher.java:114)
	at org.junit.platform.launcher.core.DefaultLauncher.execute(DefaultLauncher.java:86)
	at org.junit.platform.launcher.core.DefaultLauncherSession$DelegatingLauncher.execute(DefaultLauncherSession.java:86)
	at org.junit.platform.launcher.core.SessionPerRequestLauncher.execute(SessionPerRequestLauncher.java:53)
	at org.apache.maven.surefire.junitplatform.JUnitPlatformProvider.execute(JUnitPlatformProvider.java:188)
	at org.apache.maven.surefire.junitplatform.JUnitPlatformProvider.invokeAllTests(JUnitPlatformProvider.java:154)
	at org.apache.maven.surefire.junitplatform.JUnitPlatformProvider.invoke(JUnitPlatformProvider.java:124)
	at org.apache.maven.surefire.booter.ForkedBooter.runSuitesInProcess(ForkedBooter.java:428)
	at org.apache.maven.surefire.booter.ForkedBooter.execute(ForkedBooter.java:162)
	at org.apache.maven.surefire.booter.ForkedBooter.run(ForkedBooter.java:562)
	at org.apache.maven.surefire.booter.ForkedBooter.main(ForkedBooter.java:548)
]]></error>
    <system-out><![CDATA[2022-11-08 11:41:28,295 [Listener at 127.0.0.1/45831] WARN  server.ServerUtils (ServerUtils.java:getScmDbDir(148)) - ozone.scm.db.dirs is not configured. We recommend adding this setting. Falling back to ozone.metadata.dirs instead.
2022-11-08 11:41:28,299 [Listener at 127.0.0.1/45831] WARN  server.ServerUtils (ServerUtils.java:getScmDbDir(148)) - ozone.scm.db.dirs is not configured. We recommend adding this setting. Falling back to ozone.metadata.dirs instead.
2022-11-08 11:41:28,299 [Listener at 127.0.0.1/45831] INFO  ha.SCMHANodeDetails (SCMHANodeDetails.java:loadSCMHAConfig(209)) - ServiceID for StorageContainerManager is null
2022-11-08 11:41:28,299 [Listener at 127.0.0.1/45831] INFO  ha.SCMHANodeDetails (SCMHANodeDetails.java:loadSCMHAConfig(214)) - ozone.scm.default.service.id is not defined, falling back to ozone.scm.service.ids to find serviceID for StorageContainerManager if it is HA enabled cluster
2022-11-08 11:41:28,300 [Listener at 127.0.0.1/45831] WARN  utils.HAUtils (HAUtils.java:getMetaDir(342)) - ozone.scm.db.dirs is not configured. We recommend adding this setting. Falling back to ozone.metadata.dirs instead.
2022-11-08 11:41:28,300 [Listener at 127.0.0.1/45831] WARN  db.DBStoreBuilder (DBStoreBuilder.java:applyDBDefinition(144)) - ozone.scm.db.dirs is not configured. We recommend adding this setting. Falling back to ozone.metadata.dirs instead.
2022-11-08 11:41:28,441 [Listener at 127.0.0.1/45831] INFO  net.NodeSchemaLoader (NodeSchemaLoader.java:loadSchemaFromFile(129)) - Loading schema from [jar:file:/home/runner/.m2/repository/org/apache/ozone/hdds-common/1.3.0-SNAPSHOT/hdds-common-1.3.0-SNAPSHOT.jar!/network-topology-default.xml]
2022-11-08 11:41:28,441 [Listener at 127.0.0.1/45831] INFO  net.NodeSchemaLoader (NodeSchemaLoader.java:loadSchema(176)) - Loading network topology layer schema file
2022-11-08 11:41:28,444 [Listener at 127.0.0.1/45831] INFO  upgrade.AbstractLayoutVersionManager (AbstractLayoutVersionManager.java:init(83)) - Initializing Layout version manager with metadata layout = DATANODE_SCHEMA_V3 (version = 4), software layout = DATANODE_SCHEMA_V3 (version = 4)
2022-11-08 11:41:28,494 [Listener at 127.0.0.1/45831] INFO  reflections.Reflections (Reflections.java:scan(232)) - Reflections took 48 ms to scan 7 urls, producing 139 keys and 336 values 
2022-11-08 11:41:28,496 [Listener at 127.0.0.1/45831] INFO  ha.SequenceIdGenerator (SequenceIdGenerator.java:upgradeToSequenceId(349)) - upgrade localId to 109611004723200000
2022-11-08 11:41:28,497 [Listener at 127.0.0.1/45831] INFO  ha.SequenceIdGenerator (SequenceIdGenerator.java:upgradeToSequenceId(359)) - upgrade delTxnId to 0
2022-11-08 11:41:28,497 [Listener at 127.0.0.1/45831] INFO  ha.SequenceIdGenerator (SequenceIdGenerator.java:upgradeToSequenceId(376)) - upgrade containerId to 0
2022-11-08 11:41:28,497 [Listener at 127.0.0.1/45831] INFO  ha.SequenceIdGenerator (SequenceIdGenerator.java:<init>(220)) - Init the HA SequenceIdGenerator.
2022-11-08 11:41:28,502 [Listener at 127.0.0.1/45831] INFO  node.SCMNodeManager (SCMNodeManager.java:<init>(149)) - Entering startup safe mode.
2022-11-08 11:41:28,503 [Listener at 127.0.0.1/45831] INFO  algorithms.ContainerPlacementPolicyFactory (ContainerPlacementPolicyFactory.java:getPolicyInternal(86)) - Create container placement policy of type org.apache.hadoop.hdds.scm.container.placement.algorithms.SCMContainerPlacementRandom
2022-11-08 11:41:28,503 [Listener at 127.0.0.1/45831] INFO  algorithms.ContainerPlacementPolicyFactory (ContainerPlacementPolicyFactory.java:getPolicyInternal(86)) - Create container placement policy of type org.apache.hadoop.hdds.scm.container.placement.algorithms.SCMContainerPlacementRackScatter
2022-11-08 11:41:28,503 [Listener at 127.0.0.1/45831] INFO  pipeline.PipelineStateManagerImpl (PipelineStateManagerImpl.java:initialize(78)) - No pipeline exists in current db
2022-11-08 11:41:28,504 [Listener at 127.0.0.1/45831] INFO  algorithms.LeaderChoosePolicyFactory (LeaderChoosePolicyFactory.java:getPolicy(57)) - Create leader choose policy of type org.apache.hadoop.hdds.scm.pipeline.leader.choose.algorithms.MinLeaderCountChoosePolicy
2022-11-08 11:41:28,504 [Listener at 127.0.0.1/45831] INFO  algorithms.ContainerPlacementPolicyFactory (ContainerPlacementPolicyFactory.java:getPolicyInternal(86)) - Create container placement policy of type org.apache.hadoop.hdds.scm.container.placement.algorithms.SCMContainerPlacementRackScatter
2022-11-08 11:41:28,504 [Listener at 127.0.0.1/45831] INFO  ha.SCMServiceManager (SCMServiceManager.java:register(42)) - Registering service BackgroundPipelineCreator.
2022-11-08 11:41:28,504 [Listener at 127.0.0.1/45831] INFO  pipeline.BackgroundPipelineCreator (BackgroundPipelineCreator.java:start(124)) - Starting RatisPipelineUtilsThread.
2022-11-08 11:41:28,505 [Listener at 127.0.0.1/45831] INFO  BackgroundPipelineScrubber (BackgroundSCMService.java:start(68)) - Starting BackgroundPipelineScrubber Service.
2022-11-08 11:41:28,505 [Listener at 127.0.0.1/45831] INFO  ha.SCMServiceManager (SCMServiceManager.java:register(42)) - Registering service BackgroundPipelineScrubber.
2022-11-08 11:41:28,505 [Listener at 127.0.0.1/45831] INFO  ExpiredContainerReplicaOpScrubber (BackgroundSCMService.java:start(68)) - Starting ExpiredContainerReplicaOpScrubber Service.
2022-11-08 11:41:28,506 [Listener at 127.0.0.1/45831] INFO  ha.SCMServiceManager (SCMServiceManager.java:register(42)) - Registering service ExpiredContainerReplicaOpScrubber.
2022-11-08 11:41:28,507 [Listener at 127.0.0.1/45831] INFO  algorithms.PipelineChoosePolicyFactory (PipelineChoosePolicyFactory.java:createPipelineChoosePolicyFromClass(73)) - Create pipeline choose policy of type org.apache.hadoop.hdds.scm.pipeline.choose.algorithms.RandomPipelineChoosePolicy
2022-11-08 11:41:28,508 [Listener at 127.0.0.1/45831] INFO  ha.SCMServiceManager (SCMServiceManager.java:register(42)) - Registering service SCMBlockDeletingService.
2022-11-08 11:41:28,508 [Listener at 127.0.0.1/45831] INFO  replication.ReplicationManager (ReplicationManager.java:start(239)) - Starting Replication Monitor Thread.
2022-11-08 11:41:28,510 [Listener at 127.0.0.1/45831] INFO  ha.SCMServiceManager (SCMServiceManager.java:register(42)) - Registering service ReplicationManager.
2022-11-08 11:41:28,511 [Listener at 127.0.0.1/45831] INFO  safemode.ContainerSafeModeRule (ContainerSafeModeRule.java:<init>(89)) - containers with one replica threshold count 0
2022-11-08 11:41:28,511 [Listener at 127.0.0.1/45831] INFO  safemode.HealthyPipelineSafeModeRule (HealthyPipelineSafeModeRule.java:initializeRule(169)) - Total pipeline count is 0, healthy pipeline threshold count is 1
2022-11-08 11:41:28,511 [Listener at 127.0.0.1/45831] INFO  safemode.OneReplicaPipelineSafeModeRule (OneReplicaPipelineSafeModeRule.java:initializeRule(180)) - Total pipeline count is 0, pipeline's with at least one datanode reported threshold count is 0
2022-11-08 11:41:28,512 [ReplicationMonitor] INFO  replication.ReplicationManager (ReplicationManager.java:processAll(308)) - Replication Manager is not ready to run until 3000ms after safemode exit
2022-11-08 11:41:28,512 [Listener at 127.0.0.1/45831] INFO  ipc.CallQueueManager (CallQueueManager.java:<init>(90)) - Using callQueue: class java.util.concurrent.LinkedBlockingQueue, queueCapacity: 2000, scheduler: class org.apache.hadoop.ipc.DefaultRpcScheduler, ipcBackoff: false.
2022-11-08 11:41:28,513 [Socket Reader #1 for port 0] INFO  ipc.Server (Server.java:run(1273)) - Starting Socket Reader #1 for port 0
2022-11-08 11:41:28,514 [Listener at 0.0.0.0/35447] INFO  ipc.CallQueueManager (CallQueueManager.java:<init>(90)) - Using callQueue: class java.util.concurrent.LinkedBlockingQueue, queueCapacity: 2000, scheduler: class org.apache.hadoop.ipc.DefaultRpcScheduler, ipcBackoff: false.
2022-11-08 11:41:28,515 [Socket Reader #1 for port 0] INFO  ipc.Server (Server.java:run(1273)) - Starting Socket Reader #1 for port 0
2022-11-08 11:41:28,515 [Listener at 0.0.0.0/44007] INFO  ipc.CallQueueManager (CallQueueManager.java:<init>(90)) - Using callQueue: class java.util.concurrent.LinkedBlockingQueue, queueCapacity: 2000, scheduler: class org.apache.hadoop.ipc.DefaultRpcScheduler, ipcBackoff: false.
2022-11-08 11:41:28,516 [Socket Reader #1 for port 0] INFO  ipc.Server (Server.java:run(1273)) - Starting Socket Reader #1 for port 0
2022-11-08 11:41:28,522 [Listener at 0.0.0.0/45531] INFO  ha.SCMServiceManager (SCMServiceManager.java:register(42)) - Registering service ContainerBalancer.
2022-11-08 11:41:28,523 [Listener at 0.0.0.0/45531] INFO  server.StorageContainerManager (StorageContainerManager.java:<init>(415)) - 
Container Balancer status:
Key                            Value
Running                        true
Container Balancer Configuration values:
Key                                                Value
Threshold                                          10
Max Datanodes to Involve per Iteration(percent)    20
Max Size to Move per Iteration                     500GB
Max Size Entering Target per Iteration             26GB
Max Size Leaving Source per Iteration              26GB

2022-11-08 11:41:28,523 [Listener at 0.0.0.0/45531] WARN  events.EventQueue (EventQueue.java:fireEvent(216)) - No event handler registered for event TypedEvent{payloadType=SafeModeStatus, name='Safe mode status'}
2022-11-08 11:41:28,523 [Listener at 0.0.0.0/45531] INFO  ha.SCMContext (SCMContext.java:updateSafeModeStatus(228)) - Update SafeModeStatus from SafeModeStatus{safeModeStatus=true, preCheckPassed=false} to SafeModeStatus{safeModeStatus=true, preCheckPassed=false}.
2022-11-08 11:41:28,524 [Listener at 0.0.0.0/45531] INFO  server.StorageContainerManager (StorageContainerManager.java:start(1449)) - StorageContainerLocationProtocol RPC server is listening at /0.0.0.0:45531
2022-11-08 11:41:28,528 [Listener at 0.0.0.0/45531] WARN  impl.MetricsConfig (MetricsConfig.java:loadFirst(136)) - Cannot locate configuration: tried hadoop-metrics2-storagecontainermanager.properties,hadoop-metrics2.properties
2022-11-08 11:41:28,533 [Listener at 0.0.0.0/45531] INFO  impl.MetricsSystemImpl (MetricsSystemImpl.java:startTimer(378)) - Scheduled Metric snapshot period at 10 second(s).
2022-11-08 11:41:28,534 [Listener at 0.0.0.0/45531] INFO  impl.MetricsSystemImpl (MetricsSystemImpl.java:start(191)) - StorageContainerManager metrics system started
2022-11-08 11:41:28,549 [Listener at 0.0.0.0/45531] INFO  impl.MetricsSinkAdapter (MetricsSinkAdapter.java:start(204)) - Sink prometheus started
2022-11-08 11:41:28,550 [Listener at 0.0.0.0/45531] INFO  impl.MetricsSystemImpl (MetricsSystemImpl.java:registerSink(305)) - Registered sink prometheus
2022-11-08 11:41:28,576 [Listener at 0.0.0.0/45531] INFO  server.SCMClientProtocolServer (SCMClientProtocolServer.java:start(170)) - RPC server for Client  is listening at /0.0.0.0:45531
2022-11-08 11:41:28,580 [IPC Server Responder] INFO  ipc.Server (Server.java:run(1512)) - IPC Server Responder: starting
2022-11-08 11:41:28,588 [IPC Server listener on 0] INFO  ipc.Server (Server.java:run(1352)) - IPC Server listener on 0: starting
2022-11-08 11:41:28,600 [Listener at 0.0.0.0/45531] INFO  server.StorageContainerManager (StorageContainerManager.java:start(1464)) - ScmBlockLocationProtocol RPC server is listening at /0.0.0.0:44007
2022-11-08 11:41:28,601 [Listener at 0.0.0.0/45531] INFO  server.SCMBlockProtocolServer (SCMBlockProtocolServer.java:start(152)) - RPC server for Block Protocol is listening at /0.0.0.0:44007
2022-11-08 11:41:28,601 [IPC Server Responder] INFO  ipc.Server (Server.java:run(1512)) - IPC Server Responder: starting
2022-11-08 11:41:28,602 [IPC Server listener on 0] INFO  ipc.Server (Server.java:run(1352)) - IPC Server listener on 0: starting
2022-11-08 11:41:28,615 [Listener at 0.0.0.0/45531] INFO  server.SCMDatanodeProtocolServer (SCMDatanodeProtocolServer.java:start(186)) - ScmDatanodeProtocol RPC server for DataNodes is listening at /0.0.0.0:35447
2022-11-08 11:41:28,616 [IPC Server Responder] INFO  ipc.Server (Server.java:run(1512)) - IPC Server Responder: starting
2022-11-08 11:41:28,617 [IPC Server listener on 0] INFO  ipc.Server (Server.java:run(1352)) - IPC Server listener on 0: starting
2022-11-08 11:41:28,626 [org.apache.hadoop.util.JvmPauseMonitor$Monitor@12c82e19] INFO  util.JvmPauseMonitor (JvmPauseMonitor.java:run(188)) - Starting JVM pause monitor
2022-11-08 11:41:28,626 [Listener at 0.0.0.0/45531] INFO  http.BaseHttpServer (BaseHttpServer.java:newHttpServer2BuilderForOzone(213)) - Starting Web-server for scm at: http://0.0.0.0:0
2022-11-08 11:41:28,626 [Listener at 0.0.0.0/45531] INFO  http.BaseHttpServer (BaseHttpServer.java:<init>(108)) - Hadoop Security Enabled: false Ozone Security Enabled: false Ozone HTTP Security Enabled: false 
2022-11-08 11:41:28,628 [Listener at 0.0.0.0/45531] WARN  server.AuthenticationFilter (AuthenticationFilter.java:constructSecretProvider(240)) - Unable to initialize FileSignerSecretProvider, falling back to use random secrets. Reason: Could not read signature secret file: /home/runner/hadoop-http-auth-signature-secret
2022-11-08 11:41:28,629 [Listener at 0.0.0.0/45531] WARN  http.HttpRequestLog (HttpRequestLog.java:getRequestLog(103)) - Jetty request log can only be enabled using Log4j
2022-11-08 11:41:28,630 [Listener at 0.0.0.0/45531] INFO  http.HttpServer2 (HttpServer2.java:addGlobalFilter(1031)) - Added global filter 'safety' (class=org.apache.hadoop.hdds.server.http.HttpServer2$QuotingInputFilter)
2022-11-08 11:41:28,631 [Listener at 0.0.0.0/45531] INFO  http.HttpServer2 (HttpServer2.java:addFilter(1007)) - Added filter static_user_filter (class=org.apache.hadoop.http.lib.StaticUserWebFilter$StaticUserFilter) to context scm
2022-11-08 11:41:28,631 [Listener at 0.0.0.0/45531] INFO  http.HttpServer2 (HttpServer2.java:addFilter(1015)) - Added filter static_user_filter (class=org.apache.hadoop.http.lib.StaticUserWebFilter$StaticUserFilter) to context logs
2022-11-08 11:41:28,631 [Listener at 0.0.0.0/45531] INFO  http.HttpServer2 (HttpServer2.java:addFilter(1015)) - Added filter static_user_filter (class=org.apache.hadoop.http.lib.StaticUserWebFilter$StaticUserFilter) to context static
2022-11-08 11:41:28,636 [Listener at 0.0.0.0/45531] INFO  http.HttpServer2 (HttpServer2.java:bindListener(1250)) - Jetty bound to port 39563
2022-11-08 11:41:28,636 [Listener at 0.0.0.0/45531] INFO  server.Server (Server.java:doStart(375)) - jetty-9.4.49.v20220914; built: 2022-09-14T01:07:36.601Z; git: 4231a3b2e4cb8548a412a789936d640a97b1aa0a; jvm 1.8.0_345-b01
2022-11-08 11:41:28,644 [Listener at 0.0.0.0/45531] INFO  server.session (DefaultSessionIdManager.java:doStart(334)) - DefaultSessionIdManager workerName=node0
2022-11-08 11:41:28,644 [Listener at 0.0.0.0/45531] INFO  server.session (DefaultSessionIdManager.java:doStart(339)) - No SessionScavenger set, using defaults
2022-11-08 11:41:28,644 [Listener at 0.0.0.0/45531] INFO  server.session (HouseKeeper.java:startScavenging(132)) - node0 Scavenging every 660000ms
2022-11-08 11:41:28,645 [Listener at 0.0.0.0/45531] INFO  handler.ContextHandler (ContextHandler.java:doStart(921)) - Started o.e.j.s.ServletContextHandler@1a2f12a7{logs,/logs,file:///home/runner/work/ozone/ozone/hadoop-ozone/integration-test/target/log,AVAILABLE}
2022-11-08 11:41:28,646 [Listener at 0.0.0.0/45531] INFO  handler.ContextHandler (ContextHandler.java:doStart(921)) - Started o.e.j.s.ServletContextHandler@51b1c8b9{static,/static,file:///home/runner/work/ozone/ozone/hadoop-ozone/integration-test/target/test-classes/webapps/static,AVAILABLE}
2022-11-08 11:41:28,650 [Listener at 0.0.0.0/45531] INFO  handler.ContextHandler (ContextHandler.java:doStart(921)) - Started o.e.j.w.WebAppContext@71ee5b54{scm,/,file:///home/runner/work/ozone/ozone/hadoop-ozone/integration-test/target/test-classes/webapps/scm/,AVAILABLE}{file:/home/runner/work/ozone/ozone/hadoop-ozone/integration-test/target/test-classes/webapps/scm}
2022-11-08 11:41:28,654 [Listener at 0.0.0.0/45531] INFO  server.AbstractConnector (AbstractConnector.java:doStart(333)) - Started ServerConnector@161dca1d{HTTP/1.1, (http/1.1)}{0.0.0.0:39563}
2022-11-08 11:41:28,655 [Listener at 0.0.0.0/45531] INFO  server.Server (Server.java:doStart(415)) - Started @69499ms
2022-11-08 11:41:28,655 [Listener at 0.0.0.0/45531] WARN  impl.MetricsSystemImpl (MetricsSystemImpl.java:register(279)) - Sink prometheus already exists!
2022-11-08 11:41:28,656 [Listener at 0.0.0.0/45531] INFO  http.BaseHttpServer (BaseHttpServer.java:updateConnectorAddress(333)) - HTTP server of scm listening at http://0.0.0.0:39563
2022-11-08 11:41:28,657 [Listener at 0.0.0.0/45531] WARN  server.ServerUtils (ServerUtils.java:getDBPath(225)) - ozone.om.db.dirs is not configured. We recommend adding this setting. Falling back to ozone.metadata.dirs instead.
2022-11-08 11:41:28,659 [Listener at 0.0.0.0/45531] INFO  ha.OMHANodeDetails (OMHANodeDetails.java:loadOMHAConfig(115)) - ozone.om.internal.service.id is not defined, falling back to ozone.om.service.ids to find serviceID for OzoneManager if it is HA enabled cluster
2022-11-08 11:41:28,659 [Listener at 0.0.0.0/45531] INFO  ha.OMHANodeDetails (OMHANodeDetails.java:loadOMHAConfig(226)) - Configuration does not have ozone.om.address set. Falling back to the default OM address /127.0.0.1:0
2022-11-08 11:41:28,659 [Listener at 0.0.0.0/45531] INFO  ha.OMHANodeDetails (OMHANodeDetails.java:getOMNodeDetailsForNonHA(254)) - OM Service ID is not set. Setting it to the default ID: omServiceIdDefault
2022-11-08 11:41:28,659 [Listener at 0.0.0.0/45531] INFO  ha.OMHANodeDetails (OMHANodeDetails.java:getOMNodeDetailsForNonHA(261)) - OM Node ID is not set. Setting it to the default ID: om1
2022-11-08 11:41:28,660 [Listener at 0.0.0.0/45531] WARN  server.ServerUtils (ServerUtils.java:getDBPath(225)) - ozone.om.db.dirs is not configured. We recommend adding this setting. Falling back to ozone.metadata.dirs instead.
2022-11-08 11:41:28,662 [Listener at 0.0.0.0/45531] INFO  upgrade.AbstractLayoutVersionManager (AbstractLayoutVersionManager.java:init(83)) - Initializing Layout version manager with metadata layout = MULTITENANCY_SCHEMA (version = 3), software layout = MULTITENANCY_SCHEMA (version = 3)
2022-11-08 11:41:28,747 [Listener at 0.0.0.0/45531] INFO  reflections.Reflections (Reflections.java:scan(232)) - Reflections took 84 ms to scan 2 urls, producing 154 keys and 428 values [using 2 cores]
2022-11-08 11:41:28,748 [Listener at 0.0.0.0/45531] INFO  upgrade.OMLayoutVersionManager (OMLayoutVersionManager.java:lambda$0(115)) - Skipping Upgrade Action MockOmUpgradeAction since it has been finalized.
2022-11-08 11:41:28,748 [Listener at 0.0.0.0/45531] WARN  server.ServerUtils (ServerUtils.java:getDBPath(225)) - ozone.om.db.dirs is not configured. We recommend adding this setting. Falling back to ozone.metadata.dirs instead.
2022-11-08 11:41:28,749 [Listener at 0.0.0.0/45531] INFO  proxy.SCMBlockLocationFailoverProxyProvider (SCMBlockLocationFailoverProxyProvider.java:<init>(114)) - Created block location fail-over proxy with 1 nodes: [nodeId=scmNodeId,nodeAddress=/0.0.0.0:44007]
2022-11-08 11:41:28,751 [Listener at 0.0.0.0/45531] INFO  proxy.SCMBlockLocationFailoverProxyProvider (SCMBlockLocationFailoverProxyProvider.java:<init>(114)) - Created block location fail-over proxy with 1 nodes: [nodeId=scmNodeId,nodeAddress=/0.0.0.0:44007]
2022-11-08 11:41:28,771 [Listener at 0.0.0.0/45531] WARN  server.ServerUtils (ServerUtils.java:getDBPath(225)) - ozone.om.db.dirs is not configured. We recommend adding this setting. Falling back to ozone.metadata.dirs instead.
2022-11-08 11:41:28,771 [Listener at 0.0.0.0/45531] INFO  codec.OmKeyInfoCodec (OmKeyInfoCodec.java:<init>(49)) - OmKeyInfoCodec ignorePipeline = true
2022-11-08 11:41:28,771 [Listener at 0.0.0.0/45531] INFO  codec.RepeatedOmKeyInfoCodec (RepeatedOmKeyInfoCodec.java:<init>(41)) - RepeatedOmKeyInfoCodec ignorePipeline = true
2022-11-08 11:41:29,001 [Listener at 0.0.0.0/45531] INFO  om.OzoneManager (OzoneManager.java:instantiateServices(715)) - S3 Multi-Tenancy is disabled
2022-11-08 11:41:29,003 [Listener at 0.0.0.0/45531] INFO  om.OzoneManager (OzoneManager.java:addS3GVolumeToDB(4395)) - Created Volume s3v With Owner runner required for S3Gateway operations.
2022-11-08 11:41:29,003 [Listener at 0.0.0.0/45531] WARN  server.ServerUtils (ServerUtils.java:getDefaultRatisDirectory(237)) - Storage directory for Ratis is not configured. It is a good idea to map this to an SSD disk. Falling back to ozone.metadata.dirs
2022-11-08 11:41:29,003 [Listener at 0.0.0.0/45531] WARN  utils.OzoneManagerRatisUtils (OzoneManagerRatisUtils.java:getOMRatisSnapshotDirectory(434)) - ozone.om.ratis.snapshot.dir is not configured. Falling back to ozone.metadata.dirs config
2022-11-08 11:41:29,004 [Listener at 0.0.0.0/45531] WARN  server.ServerUtils (ServerUtils.java:getDefaultRatisDirectory(237)) - Storage directory for Ratis is not configured. It is a good idea to map this to an SSD disk. Falling back to ozone.metadata.dirs
2022-11-08 11:41:29,005 [Listener at 0.0.0.0/45531] INFO  ratis.OzoneManagerRatisServer (OzoneManagerRatisServer.java:<init>(160)) - Instantiating OM Ratis server with groupID: omServiceIdDefault and peers: localhost:9872
2022-11-08 11:41:29,006 [Listener at 0.0.0.0/45531] INFO  ratis.OzoneManagerStateMachine (OzoneManagerStateMachine.java:loadSnapshotInfoFromDB(636)) - LastAppliedIndex is set from TransactionInfo from OM DB as (t:0, i:~)
2022-11-08 11:41:29,006 [Listener at 0.0.0.0/45531] INFO  server.RaftServer (ConfUtils.java:logGet(46)) - raft.rpc.type = GRPC (default)
2022-11-08 11:41:29,006 [Listener at 0.0.0.0/45531] INFO  grpc.GrpcConfigKeys (ConfUtils.java:logFallback(53)) - raft.grpc.admin.host = null (fallback to raft.grpc.server.host)
2022-11-08 11:41:29,007 [Listener at 0.0.0.0/45531] INFO  grpc.GrpcConfigKeys (ConfUtils.java:logFallback(53)) - raft.grpc.admin.port = 9872 (fallback to raft.grpc.server.port)
2022-11-08 11:41:29,007 [Listener at 0.0.0.0/45531] INFO  grpc.GrpcConfigKeys (ConfUtils.java:logFallback(53)) - raft.grpc.client.host = null (fallback to raft.grpc.server.host)
2022-11-08 11:41:29,007 [Listener at 0.0.0.0/45531] INFO  grpc.GrpcConfigKeys (ConfUtils.java:logFallback(53)) - raft.grpc.client.port = 9872 (fallback to raft.grpc.server.port)
2022-11-08 11:41:29,007 [Listener at 0.0.0.0/45531] INFO  grpc.GrpcConfigKeys (ConfUtils.java:logGet(46)) - raft.grpc.server.host = null (default)
2022-11-08 11:41:29,007 [Listener at 0.0.0.0/45531] INFO  grpc.GrpcConfigKeys (ConfUtils.java:logGet(46)) - raft.grpc.server.port = 9872 (custom)
2022-11-08 11:41:29,008 [Listener at 0.0.0.0/45531] INFO  server.GrpcService (ConfUtils.java:logGet(46)) - raft.grpc.message.size.max = 33554432 (custom)
2022-11-08 11:41:29,008 [Listener at 0.0.0.0/45531] INFO  server.RaftServerConfigKeys (ConfUtils.java:logGet(46)) - raft.server.log.appender.buffer.byte-limit = 33554432 (custom)
2022-11-08 11:41:29,008 [Listener at 0.0.0.0/45531] INFO  server.GrpcService (ConfUtils.java:logGet(46)) - raft.grpc.flow.control.window = 1MB (=1048576) (default)
2022-11-08 11:41:29,008 [Listener at 0.0.0.0/45531] INFO  server.RaftServerConfigKeys (ConfUtils.java:logGet(46)) - raft.server.rpc.request.timeout = 3000ms (default)
2022-11-08 11:41:29,008 [Listener at 0.0.0.0/45531] INFO  grpc.GrpcConfigKeys (ConfUtils.java:logGet(46)) - raft.grpc.server.heartbeat.channel = true (default)
2022-11-08 11:41:29,009 [Listener at 0.0.0.0/45531] INFO  grpc.GrpcConfigKeys (ConfUtils.java:logGet(46)) - raft.grpc.server.async.request.thread.pool.cached = true (default)
2022-11-08 11:41:29,009 [Listener at 0.0.0.0/45531] INFO  grpc.GrpcConfigKeys (ConfUtils.java:logGet(46)) - raft.grpc.server.async.request.thread.pool.size = 32 (default)
2022-11-08 11:41:29,010 [Listener at 0.0.0.0/45531] INFO  impl.DataStreamServerImpl (ConfUtils.java:logGet(46)) - raft.datastream.type = DISABLED (default)
2022-11-08 11:41:29,010 [Listener at 0.0.0.0/45531] INFO  server.RaftServerConfigKeys (ConfUtils.java:logGet(46)) - raft.server.threadpool.proxy.cached = true (default)
2022-11-08 11:41:29,011 [Listener at 0.0.0.0/45531] INFO  server.RaftServerConfigKeys (ConfUtils.java:logGet(46)) - raft.server.threadpool.proxy.size = 0 (default)
2022-11-08 11:41:29,011 [Listener at 0.0.0.0/45531] INFO  server.RaftServerConfigKeys (ConfUtils.java:logGet(46)) - raft.server.rpc.slowness.timeout = 120s (custom)
2022-11-08 11:41:29,011 [Listener at 0.0.0.0/45531] INFO  server.RaftServerConfigKeys (ConfUtils.java:logGet(46)) - raft.server.leaderelection.leader.step-down.wait-time = 10s (default)
2022-11-08 11:41:29,011 [Listener at 0.0.0.0/45531] INFO  server.RaftServerConfigKeys (ConfUtils.java:logGet(46)) - raft.server.storage.dir = [/home/runner/work/ozone/ozone/hadoop-ozone/integration-test/target/test-dir/MiniOzoneClusterImpl-08243b3f-be7e-4743-8f19-be1c242049e7/ozone-meta/ratis] (custom)
2022-11-08 11:41:29,012 [Listener at 0.0.0.0/45531] INFO  server.RaftServer (RaftServerProxy.java:addNew(96)) - om1: addNew group-C5BA1605619E:[om1|rpc:localhost:9872|priority:0|startupRole:FOLLOWER] returns group-C5BA1605619E:java.util.concurrent.CompletableFuture@4e187926[Not completed]
2022-11-08 11:41:29,012 [pool-529-thread-1] INFO  server.RaftServer$Division (RaftServerImpl.java:<init>(195)) - om1: new RaftServerImpl for group-C5BA1605619E:[om1|rpc:localhost:9872|priority:0|startupRole:FOLLOWER] with OzoneManagerStateMachine:uninitialized
2022-11-08 11:41:29,012 [Listener at 0.0.0.0/45531] INFO  om.OzoneManager (OzoneManager.java:initializeRatisServer(1978)) - OzoneManager Ratis server initialized at port 9872
2022-11-08 11:41:29,012 [pool-529-thread-1] INFO  server.RaftServerConfigKeys (ConfUtils.java:logGet(46)) - raft.server.rpc.timeout.min = 1s (custom)
2022-11-08 11:41:29,012 [pool-529-thread-1] INFO  server.RaftServerConfigKeys (ConfUtils.java:logGet(46)) - raft.server.rpc.timeout.max = 1200ms (custom)
2022-11-08 11:41:29,013 [pool-529-thread-1] INFO  server.RaftServerConfigKeys (ConfUtils.java:logGet(46)) - raft.server.rpc.sleep.time = 25ms (default)
2022-11-08 11:41:29,013 [pool-529-thread-1] INFO  server.RaftServerConfigKeys (ConfUtils.java:logGet(46)) - raft.server.rpc.slowness.timeout = 120s (custom)
2022-11-08 11:41:29,013 [pool-529-thread-1] INFO  server.RaftServerConfigKeys (ConfUtils.java:logGet(46)) - raft.server.leaderelection.leader.step-down.wait-time = 10s (default)
2022-11-08 11:41:29,013 [pool-529-thread-1] INFO  server.RaftServerConfigKeys (ConfUtils.java:logGet(46)) - raft.server.sleep.deviation.threshold = 300ms (default)
2022-11-08 11:41:29,014 [Listener at 0.0.0.0/45531] INFO  om.OzoneManager (OzoneManager.java:getRpcServer(1104)) - Creating RPC Server
2022-11-08 11:41:29,017 [pool-529-thread-1] INFO  server.RaftServer$Division (ServerState.java:<init>(118)) - om1@group-C5BA1605619E: ConfigurationManager, init=-1: peers:[om1|rpc:localhost:9872|priority:0|startupRole:FOLLOWER]|listeners:[], old=null, confs=<EMPTY_MAP>
2022-11-08 11:41:29,017 [pool-529-thread-1] INFO  server.RaftServerConfigKeys (ConfUtils.java:logGet(46)) - raft.server.storage.dir = [/home/runner/work/ozone/ozone/hadoop-ozone/integration-test/target/test-dir/MiniOzoneClusterImpl-08243b3f-be7e-4743-8f19-be1c242049e7/ozone-meta/ratis] (custom)
2022-11-08 11:41:29,017 [pool-529-thread-1] INFO  server.RaftServerConfigKeys (ConfUtils.java:logGet(46)) - raft.server.log.corruption.policy = EXCEPTION (default)
2022-11-08 11:41:29,018 [pool-529-thread-1] INFO  server.RaftServerConfigKeys (ConfUtils.java:logGet(46)) - raft.server.storage.free-space.min = 0MB (=0) (default)
2022-11-08 11:41:29,018 [pool-529-thread-1] INFO  server.RaftServerConfigKeys (ConfUtils.java:logGet(46)) - raft.server.notification.no-leader.timeout = 120s (custom)
2022-11-08 11:41:29,018 [pool-529-thread-1] INFO  server.RaftServerConfigKeys (ConfUtils.java:logGet(46)) - raft.server.retrycache.expirytime = 300s (custom)
2022-11-08 11:41:29,018 [pool-529-thread-1] INFO  server.RaftServerConfigKeys (ConfUtils.java:logGet(46)) - raft.server.retrycache.statistics.expirytime = 100μs (default)
2022-11-08 11:41:29,020 [pool-529-thread-1] INFO  server.RaftServerConfigKeys (ConfUtils.java:logGet(46)) - raft.server.log.appender.install.snapshot.enabled = false (custom)
2022-11-08 11:41:29,020 [pool-529-thread-1] INFO  server.RaftServerConfigKeys (ConfUtils.java:logGet(46)) - raft.server.threadpool.server.cached = true (default)
2022-11-08 11:41:29,020 [pool-529-thread-1] INFO  server.RaftServerConfigKeys (ConfUtils.java:logGet(46)) - raft.server.threadpool.server.size = 0 (default)
2022-11-08 11:41:29,020 [pool-529-thread-1] INFO  server.RaftServerConfigKeys (ConfUtils.java:logGet(46)) - raft.server.threadpool.client.cached = true (default)
2022-11-08 11:41:29,020 [pool-529-thread-1] INFO  server.RaftServerConfigKeys (ConfUtils.java:logGet(46)) - raft.server.threadpool.client.size = 0 (default)
2022-11-08 11:41:29,543 [Listener at 0.0.0.0/45531] INFO  reflections.Reflections (Reflections.java:scan(232)) - Reflections took 528 ms to scan 19 urls, producing 67 keys and 4313 values [using 2 cores]
2022-11-08 11:41:29,544 [Listener at 0.0.0.0/45531] INFO  ipc.CallQueueManager (CallQueueManager.java:<init>(90)) - Using callQueue: class java.util.concurrent.LinkedBlockingQueue, queueCapacity: 2000, scheduler: class org.apache.hadoop.ipc.DefaultRpcScheduler, ipcBackoff: false.
2022-11-08 11:41:29,545 [Socket Reader #1 for port 0] INFO  ipc.Server (Server.java:run(1273)) - Starting Socket Reader #1 for port 0
2022-11-08 11:41:29,567 [Listener at 127.0.0.1/46561] INFO  impl.MetricsSystemImpl (MetricsSystemImpl.java:init(158)) - OzoneManager metrics system started (again)
2022-11-08 11:41:29,580 [Listener at 127.0.0.1/46561] INFO  om.OzoneManager (OzoneManager.java:start(1485)) - OzoneManager RPC server is listening at localhost/127.0.0.1:46561
2022-11-08 11:41:29,580 [Listener at 127.0.0.1/46561] INFO  ratis.OzoneManagerRatisServer (OzoneManagerRatisServer.java:start(555)) - Starting OzoneManagerRatisServer om1 at port 9872
2022-11-08 11:41:29,580 [om1-impl-thread1] INFO  storage.RaftStorageDirectory (RaftStorageDirectoryImpl.java:analyzeStorage(137)) - The storage directory /home/runner/work/ozone/ozone/hadoop-ozone/integration-test/target/test-dir/MiniOzoneClusterImpl-08243b3f-be7e-4743-8f19-be1c242049e7/ozone-meta/ratis/bf265839-605b-3f16-9796-c5ba1605619e does not exist. Creating ...
2022-11-08 11:41:29,582 [om1-impl-thread1] INFO  storage.RaftStorageDirectory (RaftStorageDirectoryImpl.java:tryLock(231)) - Lock on /home/runner/work/ozone/ozone/hadoop-ozone/integration-test/target/test-dir/MiniOzoneClusterImpl-08243b3f-be7e-4743-8f19-be1c242049e7/ozone-meta/ratis/bf265839-605b-3f16-9796-c5ba1605619e/in_use.lock acquired by nodename 12130@fv-az573-890
2022-11-08 11:41:29,584 [om1-impl-thread1] INFO  storage.RaftStorage (RaftStorageImpl.java:format(96)) - Storage directory /home/runner/work/ozone/ozone/hadoop-ozone/integration-test/target/test-dir/MiniOzoneClusterImpl-08243b3f-be7e-4743-8f19-be1c242049e7/ozone-meta/ratis/bf265839-605b-3f16-9796-c5ba1605619e has been successfully formatted.
2022-11-08 11:41:29,585 [om1-impl-thread1] INFO  server.RaftServerConfigKeys (ConfUtils.java:logGet(46)) - raft.server.log.use.memory = false (default)
2022-11-08 11:41:29,585 [om1-impl-thread1] INFO  server.RaftServerConfigKeys (ConfUtils.java:logGet(46)) - raft.server.log.purge.gap = 1000000 (custom)
2022-11-08 11:41:29,585 [om1-impl-thread1] INFO  server.RaftServerConfigKeys (ConfUtils.java:logGet(46)) - raft.server.log.appender.buffer.byte-limit = 33554432 (custom)
2022-11-08 11:41:29,585 [om1-impl-thread1] INFO  server.RaftServerConfigKeys (ConfUtils.java:logGet(46)) - raft.server.log.statemachine.data.read.timeout = 1000ms (default)
2022-11-08 11:41:29,585 [om1-impl-thread1] INFO  server.RaftServerConfigKeys (ConfUtils.java:logGet(46)) - raft.server.log.purge.preservation.log.num = 0 (default)
2022-11-08 11:41:29,585 [om1-impl-thread1] INFO  server.RaftServerConfigKeys (ConfUtils.java:logGet(46)) - raft.server.log.segment.size.max = 4194304 (custom)
2022-11-08 11:41:29,586 [om1-impl-thread1] INFO  server.RaftServerConfigKeys (ConfUtils.java:logGet(46)) - raft.server.log.segment.cache.num.max = 2 (custom)
2022-11-08 11:41:29,586 [om1-impl-thread1] INFO  server.RaftServerConfigKeys (ConfUtils.java:logGet(46)) - raft.server.log.segment.cache.size.max = 200MB (=209715200) (default)
2022-11-08 11:41:29,586 [om1-impl-thread1] INFO  segmented.SegmentedRaftLogWorker (SegmentedRaftLogWorker.java:<init>(191)) - new om1@group-C5BA1605619E-SegmentedRaftLogWorker for RaftStorageImpl:Storage Directory /home/runner/work/ozone/ozone/hadoop-ozone/integration-test/target/test-dir/MiniOzoneClusterImpl-08243b3f-be7e-4743-8f19-be1c242049e7/ozone-meta/ratis/bf265839-605b-3f16-9796-c5ba1605619e
2022-11-08 11:41:29,586 [om1-impl-thread1] INFO  server.RaftServerConfigKeys (ConfUtils.java:logGet(46)) - raft.server.log.queue.byte-limit = 64MB (=67108864) (default)
2022-11-08 11:41:29,586 [om1-impl-thread1] INFO  server.RaftServerConfigKeys (ConfUtils.java:logGet(46)) - raft.server.log.queue.element-limit = 4096 (default)
2022-11-08 11:41:29,586 [om1-impl-thread1] INFO  server.RaftServerConfigKeys (ConfUtils.java:logGet(46)) - raft.server.log.segment.size.max = 4194304 (custom)
2022-11-08 11:41:29,586 [om1-impl-thread1] INFO  server.RaftServerConfigKeys (ConfUtils.java:logGet(46)) - raft.server.log.preallocated.size = 4194304 (custom)
2022-11-08 11:41:29,586 [om1-impl-thread1] INFO  server.RaftServerConfigKeys (ConfUtils.java:logGet(46)) - raft.server.log.force.sync.num = 128 (default)
2022-11-08 11:41:29,586 [om1-impl-thread1] INFO  server.RaftServerConfigKeys (ConfUtils.java:logGet(46)) - raft.server.log.statemachine.data.sync = true (default)
2022-11-08 11:41:29,586 [om1-impl-thread1] INFO  server.RaftServerConfigKeys (ConfUtils.java:logGet(46)) - raft.server.log.statemachine.data.sync.timeout = 10s (default)
2022-11-08 11:41:29,586 [om1-impl-thread1] INFO  server.RaftServerConfigKeys (ConfUtils.java:logGet(46)) - raft.server.log.statemachine.data.sync.timeout.retry = -1 (default)
2022-11-08 11:41:29,587 [om1-impl-thread1] INFO  server.RaftServerConfigKeys (ConfUtils.java:logGet(46)) - raft.server.log.write.buffer.size = 64KB (=65536) (default)
2022-11-08 11:41:29,587 [om1-impl-thread1] INFO  server.RaftServerConfigKeys (ConfUtils.java:logGet(46)) - raft.server.log.unsafe-flush.enabled = false (default)
2022-11-08 11:41:29,587 [om1-impl-thread1] INFO  server.RaftServerConfigKeys (ConfUtils.java:logGet(46)) - raft.server.log.async-flush.enabled = false (default)
2022-11-08 11:41:29,587 [om1-impl-thread1] INFO  server.RaftServerConfigKeys (ConfUtils.java:logGet(46)) - raft.server.log.statemachine.data.caching.enabled = false (default)
2022-11-08 11:41:29,588 [om1-impl-thread1] INFO  segmented.SegmentedRaftLogWorker (SegmentedRaftLogWorker.java:lambda$new$0(136)) - om1@group-C5BA1605619E-SegmentedRaftLogWorker: flushIndex: setUnconditionally 0 -> -1
2022-11-08 11:41:29,588 [om1-impl-thread1] INFO  segmented.SegmentedRaftLogWorker (SegmentedRaftLogWorker.java:lambda$new$0(136)) - om1@group-C5BA1605619E-SegmentedRaftLogWorker: safeCacheEvictIndex: setUnconditionally 0 -> -1
2022-11-08 11:41:29,589 [om1-impl-thread1] INFO  server.RaftServer$Division (RaftServerImpl.java:start(334)) - om1@group-C5BA1605619E: start as a follower, conf=-1: peers:[om1|rpc:localhost:9872|priority:0|startupRole:FOLLOWER]|listeners:[], old=null
2022-11-08 11:41:29,589 [om1-impl-thread1] INFO  server.RaftServer$Division (RaftServerImpl.java:setRole(321)) - om1@group-C5BA1605619E: changes role from      null to FOLLOWER at term 0 for startAsFollower
2022-11-08 11:41:29,589 [om1-impl-thread1] INFO  impl.RoleInfo (RoleInfo.java:updateAndGet(139)) - om1: start om1@group-C5BA1605619E-FollowerState
2022-11-08 11:41:29,590 [om1-impl-thread1] INFO  util.JmxRegister (JmxRegister.java:tryRegister(44)) - Successfully registered JMX Bean with object name Ratis:service=RaftServer,group=group-C5BA1605619E,id=om1
2022-11-08 11:41:29,590 [om1-impl-thread1] INFO  server.RaftServerConfigKeys (ConfUtils.java:logGet(46)) - raft.server.snapshot.auto.trigger.enabled = true (custom)
2022-11-08 11:41:29,590 [om1-impl-thread1] INFO  server.RaftServerConfigKeys (ConfUtils.java:logGet(46)) - raft.server.snapshot.auto.trigger.threshold = 400000 (default)
2022-11-08 11:41:29,590 [om1-impl-thread1] INFO  server.RaftServerConfigKeys (ConfUtils.java:logGet(46)) - raft.server.snapshot.retention.file.num = -1 (default)
2022-11-08 11:41:29,590 [om1-impl-thread1] INFO  server.RaftServerConfigKeys (ConfUtils.java:logGet(46)) - raft.server.log.purge.upto.snapshot.index = true (custom)
2022-11-08 11:41:29,590 [om1@group-C5BA1605619E-FollowerState] INFO  server.RaftServerConfigKeys (ConfUtils.java:logFallback(53)) - raft.server.rpc.first-election.timeout.min = 1s (fallback to raft.server.rpc.timeout.min)
2022-11-08 11:41:29,591 [om1@group-C5BA1605619E-FollowerState] INFO  server.RaftServerConfigKeys (ConfUtils.java:logFallback(53)) - raft.server.rpc.first-election.timeout.max = 1200ms (fallback to raft.server.rpc.timeout.max)
2022-11-08 11:41:29,593 [Listener at 127.0.0.1/46561] INFO  server.RaftServer (RaftServerProxy.java:startImpl(393)) - om1: start RPC server
2022-11-08 11:41:29,596 [Listener at 127.0.0.1/46561] INFO  server.GrpcService (GrpcService.java:startImpl(270)) - om1: GrpcService started, listening on 9872
2022-11-08 11:41:29,596 [JvmPauseMonitor11] INFO  util.JvmPauseMonitor (JvmPauseMonitor.java:run(105)) - JvmPauseMonitor-om1: Started
2022-11-08 11:41:29,596 [Listener at 127.0.0.1/46561] INFO  om.OzoneManager (OzoneManager.java:start(1501)) - Version File has different layout version (3) than OM DB (null). That is expected if this OM has never been finalized to a newer layout version.
2022-11-08 11:41:29,599 [Listener at 127.0.0.1/46561] INFO  http.BaseHttpServer (BaseHttpServer.java:newHttpServer2BuilderForOzone(213)) - Starting Web-server for ozoneManager at: http://0.0.0.0:0
2022-11-08 11:41:29,599 [Listener at 127.0.0.1/46561] INFO  http.BaseHttpServer (BaseHttpServer.java:<init>(108)) - Hadoop Security Enabled: false Ozone Security Enabled: false Ozone HTTP Security Enabled: false 
2022-11-08 11:41:29,601 [Listener at 127.0.0.1/46561] WARN  server.AuthenticationFilter (AuthenticationFilter.java:constructSecretProvider(240)) - Unable to initialize FileSignerSecretProvider, falling back to use random secrets. Reason: Could not read signature secret file: /home/runner/hadoop-http-auth-signature-secret
2022-11-08 11:41:29,603 [Listener at 127.0.0.1/46561] WARN  http.HttpRequestLog (HttpRequestLog.java:getRequestLog(103)) - Jetty request log can only be enabled using Log4j
2022-11-08 11:41:29,605 [Listener at 127.0.0.1/46561] INFO  http.HttpServer2 (HttpServer2.java:addGlobalFilter(1031)) - Added global filter 'safety' (class=org.apache.hadoop.hdds.server.http.HttpServer2$QuotingInputFilter)
2022-11-08 11:41:29,606 [Listener at 127.0.0.1/46561] INFO  http.HttpServer2 (HttpServer2.java:addFilter(1007)) - Added filter static_user_filter (class=org.apache.hadoop.http.lib.StaticUserWebFilter$StaticUserFilter) to context ozoneManager
2022-11-08 11:41:29,606 [Listener at 127.0.0.1/46561] INFO  http.HttpServer2 (HttpServer2.java:addFilter(1015)) - Added filter static_user_filter (class=org.apache.hadoop.http.lib.StaticUserWebFilter$StaticUserFilter) to context logs
2022-11-08 11:41:29,606 [Listener at 127.0.0.1/46561] INFO  http.HttpServer2 (HttpServer2.java:addFilter(1015)) - Added filter static_user_filter (class=org.apache.hadoop.http.lib.StaticUserWebFilter$StaticUserFilter) to context static
2022-11-08 11:41:29,607 [Listener at 127.0.0.1/46561] INFO  http.HttpServer2 (HttpServer2.java:bindListener(1250)) - Jetty bound to port 45551
2022-11-08 11:41:29,607 [Listener at 127.0.0.1/46561] INFO  server.Server (Server.java:doStart(375)) - jetty-9.4.49.v20220914; built: 2022-09-14T01:07:36.601Z; git: 4231a3b2e4cb8548a412a789936d640a97b1aa0a; jvm 1.8.0_345-b01
2022-11-08 11:41:29,609 [Listener at 127.0.0.1/46561] INFO  server.session (DefaultSessionIdManager.java:doStart(334)) - DefaultSessionIdManager workerName=node0
2022-11-08 11:41:29,609 [Listener at 127.0.0.1/46561] INFO  server.session (DefaultSessionIdManager.java:doStart(339)) - No SessionScavenger set, using defaults
2022-11-08 11:41:29,610 [Listener at 127.0.0.1/46561] INFO  server.session (HouseKeeper.java:startScavenging(132)) - node0 Scavenging every 600000ms
2022-11-08 11:41:29,612 [Listener at 127.0.0.1/46561] INFO  handler.ContextHandler (ContextHandler.java:doStart(921)) - Started o.e.j.s.ServletContextHandler@d60b700{logs,/logs,file:///home/runner/work/ozone/ozone/hadoop-ozone/integration-test/target/log,AVAILABLE}
2022-11-08 11:41:29,613 [Listener at 127.0.0.1/46561] INFO  handler.ContextHandler (ContextHandler.java:doStart(921)) - Started o.e.j.s.ServletContextHandler@49f3c70{static,/static,file:///home/runner/work/ozone/ozone/hadoop-ozone/integration-test/target/test-classes/webapps/static,AVAILABLE}
2022-11-08 11:41:29,617 [Listener at 127.0.0.1/46561] INFO  handler.ContextHandler (ContextHandler.java:doStart(921)) - Started o.e.j.w.WebAppContext@71f0098a{ozoneManager,/,file:///home/runner/work/ozone/ozone/hadoop-ozone/integration-test/target/test-classes/webapps/ozoneManager/,AVAILABLE}{file:/home/runner/work/ozone/ozone/hadoop-ozone/integration-test/target/test-classes/webapps/ozoneManager}
2022-11-08 11:41:29,625 [Listener at 127.0.0.1/46561] INFO  server.AbstractConnector (AbstractConnector.java:doStart(333)) - Started ServerConnector@7ebead7f{HTTP/1.1, (http/1.1)}{0.0.0.0:45551}
2022-11-08 11:41:29,625 [Listener at 127.0.0.1/46561] INFO  server.Server (Server.java:doStart(415)) - Started @70470ms
2022-11-08 11:41:29,625 [Listener at 127.0.0.1/46561] WARN  impl.MetricsSystemImpl (MetricsSystemImpl.java:register(279)) - Sink prometheus already exists!
2022-11-08 11:41:29,626 [Listener at 127.0.0.1/46561] INFO  http.BaseHttpServer (BaseHttpServer.java:updateConnectorAddress(333)) - HTTP server of ozoneManager listening at http://0.0.0.0:45551
2022-11-08 11:41:29,626 [IPC Server Responder] INFO  ipc.Server (Server.java:run(1512)) - IPC Server Responder: starting
2022-11-08 11:41:29,627 [IPC Server listener on 0] INFO  ipc.Server (Server.java:run(1352)) - IPC Server listener on 0: starting
2022-11-08 11:41:29,635 [Listener at 127.0.0.1/46561] INFO  om.OzoneManager (OzoneManager.java:startTrashEmptier(1922)) - Trash Interval set to 0. Files deleted won't move to trash
2022-11-08 11:41:29,635 [org.apache.hadoop.util.JvmPauseMonitor$Monitor@22836e34] INFO  util.JvmPauseMonitor (JvmPauseMonitor.java:run(188)) - Starting JVM pause monitor
2022-11-08 11:41:29,666 [Listener at 127.0.0.1/46561] WARN  impl.MetricRegistriesImpl (MetricRegistriesImpl.java:addReporterRegistration(111)) - New reporters are added after registries were created. Some metrics will be missing from the reporter. Please add reporter before adding any new registry.
2022-11-08 11:41:29,666 [Listener at 127.0.0.1/46561] WARN  impl.MetricRegistriesImpl (MetricRegistriesImpl.java:addReporterRegistration(111)) - New reporters are added after registries were created. Some metrics will be missing from the reporter. Please add reporter before adding any new registry.
2022-11-08 11:41:29,666 [Listener at 127.0.0.1/46561] INFO  impl.MetricsSystemImpl (MetricsSystemImpl.java:init(158)) - HddsDatanode metrics system started (again)
2022-11-08 11:41:29,678 [Listener at 127.0.0.1/46561] INFO  ozone.HddsDatanodeService (HddsDatanodeService.java:start(236)) - HddsDatanodeService host:fv-az573-890.uspngagyt4suddso0aj1djjezg.dx.internal.cloudapp.net ip:10.1.0.111
2022-11-08 11:41:29,709 [Listener at 127.0.0.1/46561] INFO  upgrade.AbstractLayoutVersionManager (AbstractLayoutVersionManager.java:init(83)) - Initializing Layout version manager with metadata layout = DATANODE_SCHEMA_V3 (version = 4), software layout = DATANODE_SCHEMA_V3 (version = 4)
2022-11-08 11:41:29,763 [Listener at 127.0.0.1/46561] INFO  reflections.Reflections (Reflections.java:scan(232)) - Reflections took 52 ms to scan 7 urls, producing 139 keys and 336 values 
2022-11-08 11:41:29,766 [Listener at 127.0.0.1/46561] INFO  statemachine.DatanodeStateMachine (DatanodeStateMachine.java:getEndPointTaskThreadPoolSize(245)) - Datanode State Machine Task Thread Pool size 2
2022-11-08 11:41:29,771 [Listener at 127.0.0.1/46561] INFO  volume.HddsVolume (HddsVolume.java:<init>(117)) - Creating HddsVolume: /home/runner/work/ozone/ozone/hadoop-ozone/integration-test/target/test-dir/MiniOzoneClusterImpl-08243b3f-be7e-4743-8f19-be1c242049e7/datanode-0/data-0/containers/hdds of storage type : DISK capacity : 9223372036854775807
2022-11-08 11:41:29,771 [Listener at 127.0.0.1/46561] INFO  volume.MutableVolumeSet (MutableVolumeSet.java:initializeVolumeSet(174)) - Added Volume : /home/runner/work/ozone/ozone/hadoop-ozone/integration-test/target/test-dir/MiniOzoneClusterImpl-08243b3f-be7e-4743-8f19-be1c242049e7/datanode-0/data-0/containers/hdds to VolumeSet
2022-11-08 11:41:29,771 [Listener at 127.0.0.1/46561] INFO  volume.ThrottledAsyncChecker (ThrottledAsyncChecker.java:schedule(141)) - Scheduling a check for /home/runner/work/ozone/ozone/hadoop-ozone/integration-test/target/test-dir/MiniOzoneClusterImpl-08243b3f-be7e-4743-8f19-be1c242049e7/datanode-0/data-0/containers/hdds
2022-11-08 11:41:29,773 [Listener at 127.0.0.1/46561] INFO  volume.StorageVolumeChecker (StorageVolumeChecker.java:checkAllVolumes(202)) - Scheduled health check for volume /home/runner/work/ozone/ozone/hadoop-ozone/integration-test/target/test-dir/MiniOzoneClusterImpl-08243b3f-be7e-4743-8f19-be1c242049e7/datanode-0/data-0/containers/hdds
2022-11-08 11:41:29,789 [Listener at 127.0.0.1/46561] INFO  volume.MutableVolumeSet (MutableVolumeSet.java:initializeVolumeSet(174)) - Added Volume : /home/runner/work/ozone/ozone/hadoop-ozone/integration-test/target/test-dir/MiniOzoneClusterImpl-08243b3f-be7e-4743-8f19-be1c242049e7/datanode-0/data/ratis to VolumeSet
2022-11-08 11:41:29,789 [Listener at 127.0.0.1/46561] INFO  volume.ThrottledAsyncChecker (ThrottledAsyncChecker.java:schedule(141)) - Scheduling a check for /home/runner/work/ozone/ozone/hadoop-ozone/integration-test/target/test-dir/MiniOzoneClusterImpl-08243b3f-be7e-4743-8f19-be1c242049e7/datanode-0/data/ratis
2022-11-08 11:41:29,790 [Listener at 127.0.0.1/46561] INFO  volume.StorageVolumeChecker (StorageVolumeChecker.java:checkAllVolumes(202)) - Scheduled health check for volume /home/runner/work/ozone/ozone/hadoop-ozone/integration-test/target/test-dir/MiniOzoneClusterImpl-08243b3f-be7e-4743-8f19-be1c242049e7/datanode-0/data/ratis
2022-11-08 11:41:29,803 [Thread-844] INFO  ozoneimpl.ContainerReader (ContainerReader.java:readVolume(175)) - Finish verifying containers on volume /home/runner/work/ozone/ozone/hadoop-ozone/integration-test/target/test-dir/MiniOzoneClusterImpl-08243b3f-be7e-4743-8f19-be1c242049e7/datanode-0/data-0/containers/hdds
2022-11-08 11:41:29,803 [Listener at 127.0.0.1/46561] INFO  ozoneimpl.OzoneContainer (OzoneContainer.java:buildContainerSet(300)) - Build ContainerSet costs 0s
2022-11-08 11:41:29,806 [Listener at 127.0.0.1/46561] INFO  server.RaftServer (ConfUtils.java:logGet(46)) - raft.rpc.type = GRPC (default)
2022-11-08 11:41:29,806 [Listener at 127.0.0.1/46561] INFO  grpc.GrpcConfigKeys (ConfUtils.java:logFallback(53)) - raft.grpc.admin.host = null (fallback to raft.grpc.server.host)
2022-11-08 11:41:29,807 [Listener at 127.0.0.1/46561] INFO  grpc.GrpcConfigKeys (ConfUtils.java:logGet(46)) - raft.grpc.admin.port = 0 (custom)
2022-11-08 11:41:29,807 [Listener at 127.0.0.1/46561] INFO  grpc.GrpcConfigKeys (ConfUtils.java:logFallback(53)) - raft.grpc.client.host = null (fallback to raft.grpc.server.host)
2022-11-08 11:41:29,807 [Listener at 127.0.0.1/46561] INFO  grpc.GrpcConfigKeys (ConfUtils.java:logGet(46)) - raft.grpc.client.port = 0 (custom)
2022-11-08 11:41:29,807 [Listener at 127.0.0.1/46561] INFO  grpc.GrpcConfigKeys (ConfUtils.java:logGet(46)) - raft.grpc.server.host = null (default)
2022-11-08 11:41:29,807 [Listener at 127.0.0.1/46561] INFO  grpc.GrpcConfigKeys (ConfUtils.java:logGet(46)) - raft.grpc.server.port = 0 (default)
2022-11-08 11:41:29,807 [Listener at 127.0.0.1/46561] INFO  server.GrpcService (ConfUtils.java:logGet(46)) - raft.grpc.message.size.max = 32MB (=33554432) (custom)
2022-11-08 11:41:29,808 [Listener at 127.0.0.1/46561] INFO  server.RaftServerConfigKeys (ConfUtils.java:logGet(46)) - raft.server.log.appender.buffer.byte-limit = 33554432 (custom)
2022-11-08 11:41:29,808 [Listener at 127.0.0.1/46561] INFO  server.GrpcService (ConfUtils.java:logGet(46)) - raft.grpc.flow.control.window = 5MB (=5242880) (custom)
2022-11-08 11:41:29,808 [Listener at 127.0.0.1/46561] INFO  server.RaftServerConfigKeys (ConfUtils.java:logGet(46)) - raft.server.rpc.request.timeout = 60s (custom)
2022-11-08 11:41:29,808 [Listener at 127.0.0.1/46561] INFO  grpc.GrpcConfigKeys (ConfUtils.java:logGet(46)) - raft.grpc.server.heartbeat.channel = true (default)
2022-11-08 11:41:29,809 [Listener at 127.0.0.1/46561] INFO  grpc.GrpcConfigKeys (ConfUtils.java:logGet(46)) - raft.grpc.server.async.request.thread.pool.cached = true (default)
2022-11-08 11:41:29,809 [Listener at 127.0.0.1/46561] INFO  grpc.GrpcConfigKeys (ConfUtils.java:logGet(46)) - raft.grpc.server.async.request.thread.pool.size = 32 (default)
2022-11-08 11:41:29,810 [Listener at 127.0.0.1/46561] INFO  impl.DataStreamServerImpl (ConfUtils.java:logGet(46)) - raft.datastream.type = DISABLED (default)
2022-11-08 11:41:29,811 [Listener at 127.0.0.1/46561] INFO  server.RaftServerConfigKeys (ConfUtils.java:logGet(46)) - raft.server.threadpool.proxy.cached = true (default)
2022-11-08 11:41:29,811 [Listener at 127.0.0.1/46561] INFO  server.RaftServerConfigKeys (ConfUtils.java:logGet(46)) - raft.server.threadpool.proxy.size = 0 (default)
2022-11-08 11:41:29,811 [Listener at 127.0.0.1/46561] INFO  server.RaftServerConfigKeys (ConfUtils.java:logGet(46)) - raft.server.rpc.slowness.timeout = 300s (custom)
2022-11-08 11:41:29,812 [Listener at 127.0.0.1/46561] INFO  server.RaftServerConfigKeys (ConfUtils.java:logGet(46)) - raft.server.leaderelection.leader.step-down.wait-time = 10s (default)
2022-11-08 11:41:29,812 [Listener at 127.0.0.1/46561] INFO  server.RaftServerConfigKeys (ConfUtils.java:logGet(46)) - raft.server.storage.dir = [/home/runner/work/ozone/ozone/hadoop-ozone/integration-test/target/test-dir/MiniOzoneClusterImpl-08243b3f-be7e-4743-8f19-be1c242049e7/datanode-0/data/ratis] (custom)
2022-11-08 11:41:29,814 [Listener at 127.0.0.1/46561] INFO  server.XceiverServerGrpc (XceiverServerGrpc.java:<init>(132)) - GrpcServer channel type EpollServerSocketChannel
2022-11-08 11:41:29,818 [Listener at 127.0.0.1/46561] INFO  http.BaseHttpServer (BaseHttpServer.java:newHttpServer2BuilderForOzone(213)) - Starting Web-server for hddsDatanode at: http://0.0.0.0:0
2022-11-08 11:41:29,818 [Listener at 127.0.0.1/46561] INFO  http.BaseHttpServer (BaseHttpServer.java:<init>(108)) - Hadoop Security Enabled: false Ozone Security Enabled: false Ozone HTTP Security Enabled: false 
2022-11-08 11:41:29,821 [Listener at 127.0.0.1/46561] WARN  server.AuthenticationFilter (AuthenticationFilter.java:constructSecretProvider(240)) - Unable to initialize FileSignerSecretProvider, falling back to use random secrets. Reason: Could not read signature secret file: /home/runner/hadoop-http-auth-signature-secret
2022-11-08 11:41:29,821 [Listener at 127.0.0.1/46561] WARN  http.HttpRequestLog (HttpRequestLog.java:getRequestLog(103)) - Jetty request log can only be enabled using Log4j
2022-11-08 11:41:29,823 [Listener at 127.0.0.1/46561] INFO  http.HttpServer2 (HttpServer2.java:addGlobalFilter(1031)) - Added global filter 'safety' (class=org.apache.hadoop.hdds.server.http.HttpServer2$QuotingInputFilter)
2022-11-08 11:41:29,824 [Listener at 127.0.0.1/46561] INFO  http.HttpServer2 (HttpServer2.java:addFilter(1007)) - Added filter static_user_filter (class=org.apache.hadoop.http.lib.StaticUserWebFilter$StaticUserFilter) to context hddsDatanode
2022-11-08 11:41:29,824 [Listener at 127.0.0.1/46561] INFO  http.HttpServer2 (HttpServer2.java:addFilter(1015)) - Added filter static_user_filter (class=org.apache.hadoop.http.lib.StaticUserWebFilter$StaticUserFilter) to context logs
2022-11-08 11:41:29,824 [Listener at 127.0.0.1/46561] INFO  http.HttpServer2 (HttpServer2.java:addFilter(1015)) - Added filter static_user_filter (class=org.apache.hadoop.http.lib.StaticUserWebFilter$StaticUserFilter) to context static
2022-11-08 11:41:29,825 [Listener at 127.0.0.1/46561] INFO  http.HttpServer2 (HttpServer2.java:bindListener(1250)) - Jetty bound to port 33627
2022-11-08 11:41:29,825 [Listener at 127.0.0.1/46561] INFO  server.Server (Server.java:doStart(375)) - jetty-9.4.49.v20220914; built: 2022-09-14T01:07:36.601Z; git: 4231a3b2e4cb8548a412a789936d640a97b1aa0a; jvm 1.8.0_345-b01
2022-11-08 11:41:29,841 [Listener at 127.0.0.1/46561] INFO  server.session (DefaultSessionIdManager.java:doStart(334)) - DefaultSessionIdManager workerName=node0
2022-11-08 11:41:29,841 [Listener at 127.0.0.1/46561] INFO  server.session (DefaultSessionIdManager.java:doStart(339)) - No SessionScavenger set, using defaults
2022-11-08 11:41:29,841 [Listener at 127.0.0.1/46561] INFO  server.session (HouseKeeper.java:startScavenging(132)) - node0 Scavenging every 600000ms
2022-11-08 11:41:29,842 [Listener at 127.0.0.1/46561] INFO  handler.ContextHandler (ContextHandler.java:doStart(921)) - Started o.e.j.s.ServletContextHandler@7cfc688e{logs,/logs,file:///home/runner/work/ozone/ozone/hadoop-ozone/integration-test/target/log,AVAILABLE}
2022-11-08 11:41:29,843 [Listener at 127.0.0.1/46561] INFO  handler.ContextHandler (ContextHandler.java:doStart(921)) - Started o.e.j.s.ServletContextHandler@4f3cd6f1{static,/static,jar:file:/home/runner/.m2/repository/org/apache/ozone/hdds-container-service/1.3.0-SNAPSHOT/hdds-container-service-1.3.0-SNAPSHOT.jar!/webapps/static,AVAILABLE}
2022-11-08 11:41:30,041 [Listener at 127.0.0.1/46561] INFO  handler.ContextHandler (ContextHandler.java:doStart(921)) - Started o.e.j.w.WebAppContext@36987af5{hddsDatanode,/,file:///tmp/jetty-0_0_0_0-33627-hdds-container-service-1_3_0-SNAPSHOT_jar-_-any-6948409605615080230/webapp/,AVAILABLE}{jar:file:/home/runner/.m2/repository/org/apache/ozone/hdds-container-service/1.3.0-SNAPSHOT/hdds-container-service-1.3.0-SNAPSHOT.jar!/webapps/hddsDatanode}
2022-11-08 11:41:30,044 [Listener at 127.0.0.1/46561] INFO  server.AbstractConnector (AbstractConnector.java:doStart(333)) - Started ServerConnector@77ab932e{HTTP/1.1, (http/1.1)}{0.0.0.0:33627}
2022-11-08 11:41:30,044 [Listener at 127.0.0.1/46561] INFO  server.Server (Server.java:doStart(415)) - Started @70888ms
2022-11-08 11:41:30,044 [Listener at 127.0.0.1/46561] WARN  impl.MetricsSystemImpl (MetricsSystemImpl.java:register(279)) - Sink prometheus already exists!
2022-11-08 11:41:30,045 [Listener at 127.0.0.1/46561] INFO  http.BaseHttpServer (BaseHttpServer.java:updateConnectorAddress(333)) - HTTP server of hddsDatanode listening at http://0.0.0.0:33627
2022-11-08 11:41:30,045 [Listener at 127.0.0.1/46561] WARN  impl.MetricRegistriesImpl (MetricRegistriesImpl.java:addReporterRegistration(111)) - New reporters are added after registries were created. Some metrics will be missing from the reporter. Please add reporter before adding any new registry.
2022-11-08 11:41:30,045 [Listener at 127.0.0.1/46561] WARN  impl.MetricRegistriesImpl (MetricRegistriesImpl.java:addReporterRegistration(111)) - New reporters are added after registries were created. Some metrics will be missing from the reporter. Please add reporter before adding any new registry.
2022-11-08 11:41:30,046 [Listener at 127.0.0.1/46561] INFO  impl.MetricsSystemImpl (MetricsSystemImpl.java:init(158)) - HddsDatanode metrics system started (again)
2022-11-08 11:41:30,051 [Datanode State Machine Daemon Thread] INFO  statemachine.DatanodeStateMachine (DatanodeStateMachine.java:lambda$startDaemon$0(505)) - Ozone container server started.
2022-11-08 11:41:30,059 [Listener at 127.0.0.1/46561] INFO  ozone.HddsDatanodeService (HddsDatanodeService.java:start(236)) - HddsDatanodeService host:fv-az573-890.uspngagyt4suddso0aj1djjezg.dx.internal.cloudapp.net ip:10.1.0.111
2022-11-08 11:41:30,060 [org.apache.hadoop.util.JvmPauseMonitor$Monitor@30a25fbe] INFO  util.JvmPauseMonitor (JvmPauseMonitor.java:run(188)) - Starting JVM pause monitor
2022-11-08 11:41:30,063 [Datanode State Machine Task Thread - 0] INFO  datanode.InitDatanodeState (InitDatanodeState.java:persistContainerDatanodeDetails(138)) - DatanodeDetails is persisted to /home/runner/work/ozone/ozone/hadoop-ozone/integration-test/target/test-dir/MiniOzoneClusterImpl-08243b3f-be7e-4743-8f19-be1c242049e7/datanode-0/meta/datanode.id
2022-11-08 11:41:30,095 [Listener at 127.0.0.1/46561] INFO  upgrade.AbstractLayoutVersionManager (AbstractLayoutVersionManager.java:init(83)) - Initializing Layout version manager with metadata layout = DATANODE_SCHEMA_V3 (version = 4), software layout = DATANODE_SCHEMA_V3 (version = 4)
2022-11-08 11:41:30,147 [Listener at 127.0.0.1/46561] INFO  reflections.Reflections (Reflections.java:scan(232)) - Reflections took 50 ms to scan 7 urls, producing 139 keys and 336 values 
2022-11-08 11:41:30,148 [Listener at 127.0.0.1/46561] INFO  statemachine.DatanodeStateMachine (DatanodeStateMachine.java:getEndPointTaskThreadPoolSize(245)) - Datanode State Machine Task Thread Pool size 2
2022-11-08 11:41:30,150 [Listener at 127.0.0.1/46561] INFO  volume.HddsVolume (HddsVolume.java:<init>(117)) - Creating HddsVolume: /home/runner/work/ozone/ozone/hadoop-ozone/integration-test/target/test-dir/MiniOzoneClusterImpl-08243b3f-be7e-4743-8f19-be1c242049e7/datanode-1/data-0/containers/hdds of storage type : DISK capacity : 9223372036854775807
2022-11-08 11:41:30,150 [Listener at 127.0.0.1/46561] INFO  volume.MutableVolumeSet (MutableVolumeSet.java:initializeVolumeSet(174)) - Added Volume : /home/runner/work/ozone/ozone/hadoop-ozone/integration-test/target/test-dir/MiniOzoneClusterImpl-08243b3f-be7e-4743-8f19-be1c242049e7/datanode-1/data-0/containers/hdds to VolumeSet
2022-11-08 11:41:30,150 [Listener at 127.0.0.1/46561] INFO  volume.ThrottledAsyncChecker (ThrottledAsyncChecker.java:schedule(141)) - Scheduling a check for /home/runner/work/ozone/ozone/hadoop-ozone/integration-test/target/test-dir/MiniOzoneClusterImpl-08243b3f-be7e-4743-8f19-be1c242049e7/datanode-1/data-0/containers/hdds
2022-11-08 11:41:30,160 [Listener at 127.0.0.1/46561] INFO  volume.StorageVolumeChecker (StorageVolumeChecker.java:checkAllVolumes(202)) - Scheduled health check for volume /home/runner/work/ozone/ozone/hadoop-ozone/integration-test/target/test-dir/MiniOzoneClusterImpl-08243b3f-be7e-4743-8f19-be1c242049e7/datanode-1/data-0/containers/hdds
2022-11-08 11:41:30,172 [Listener at 127.0.0.1/46561] INFO  volume.MutableVolumeSet (MutableVolumeSet.java:initializeVolumeSet(174)) - Added Volume : /home/runner/work/ozone/ozone/hadoop-ozone/integration-test/target/test-dir/MiniOzoneClusterImpl-08243b3f-be7e-4743-8f19-be1c242049e7/datanode-1/data/ratis to VolumeSet
2022-11-08 11:41:30,173 [Listener at 127.0.0.1/46561] INFO  volume.ThrottledAsyncChecker (ThrottledAsyncChecker.java:schedule(141)) - Scheduling a check for /home/runner/work/ozone/ozone/hadoop-ozone/integration-test/target/test-dir/MiniOzoneClusterImpl-08243b3f-be7e-4743-8f19-be1c242049e7/datanode-1/data/ratis
2022-11-08 11:41:30,173 [Listener at 127.0.0.1/46561] INFO  volume.StorageVolumeChecker (StorageVolumeChecker.java:checkAllVolumes(202)) - Scheduled health check for volume /home/runner/work/ozone/ozone/hadoop-ozone/integration-test/target/test-dir/MiniOzoneClusterImpl-08243b3f-be7e-4743-8f19-be1c242049e7/datanode-1/data/ratis
2022-11-08 11:41:30,192 [Thread-857] INFO  ozoneimpl.ContainerReader (ContainerReader.java:readVolume(175)) - Finish verifying containers on volume /home/runner/work/ozone/ozone/hadoop-ozone/integration-test/target/test-dir/MiniOzoneClusterImpl-08243b3f-be7e-4743-8f19-be1c242049e7/datanode-1/data-0/containers/hdds
2022-11-08 11:41:30,192 [Listener at 127.0.0.1/46561] INFO  ozoneimpl.OzoneContainer (OzoneContainer.java:buildContainerSet(300)) - Build ContainerSet costs 0s
2022-11-08 11:41:30,195 [Listener at 127.0.0.1/46561] INFO  server.RaftServer (ConfUtils.java:logGet(46)) - raft.rpc.type = GRPC (default)
2022-11-08 11:41:30,195 [Listener at 127.0.0.1/46561] INFO  grpc.GrpcConfigKeys (ConfUtils.java:logFallback(53)) - raft.grpc.admin.host = null (fallback to raft.grpc.server.host)
2022-11-08 11:41:30,195 [Listener at 127.0.0.1/46561] INFO  grpc.GrpcConfigKeys (ConfUtils.java:logGet(46)) - raft.grpc.admin.port = 0 (custom)
2022-11-08 11:41:30,195 [Listener at 127.0.0.1/46561] INFO  grpc.GrpcConfigKeys (ConfUtils.java:logFallback(53)) - raft.grpc.client.host = null (fallback to raft.grpc.server.host)
2022-11-08 11:41:30,196 [Listener at 127.0.0.1/46561] INFO  grpc.GrpcConfigKeys (ConfUtils.java:logGet(46)) - raft.grpc.client.port = 0 (custom)
2022-11-08 11:41:30,196 [Listener at 127.0.0.1/46561] INFO  grpc.GrpcConfigKeys (ConfUtils.java:logGet(46)) - raft.grpc.server.host = null (default)
2022-11-08 11:41:30,196 [Listener at 127.0.0.1/46561] INFO  grpc.GrpcConfigKeys (ConfUtils.java:logGet(46)) - raft.grpc.server.port = 0 (default)
2022-11-08 11:41:30,196 [Listener at 127.0.0.1/46561] INFO  server.GrpcService (ConfUtils.java:logGet(46)) - raft.grpc.message.size.max = 32MB (=33554432) (custom)
2022-11-08 11:41:30,196 [Listener at 127.0.0.1/46561] INFO  server.RaftServerConfigKeys (ConfUtils.java:logGet(46)) - raft.server.log.appender.buffer.byte-limit = 33554432 (custom)
2022-11-08 11:41:30,197 [Listener at 127.0.0.1/46561] INFO  server.GrpcService (ConfUtils.java:logGet(46)) - raft.grpc.flow.control.window = 5MB (=5242880) (custom)
2022-11-08 11:41:30,197 [Listener at 127.0.0.1/46561] INFO  server.RaftServerConfigKeys (ConfUtils.java:logGet(46)) - raft.server.rpc.request.timeout = 60s (custom)
2022-11-08 11:41:30,197 [Listener at 127.0.0.1/46561] INFO  grpc.GrpcConfigKeys (ConfUtils.java:logGet(46)) - raft.grpc.server.heartbeat.channel = true (default)
2022-11-08 11:41:30,197 [Listener at 127.0.0.1/46561] INFO  grpc.GrpcConfigKeys (ConfUtils.java:logGet(46)) - raft.grpc.server.async.request.thread.pool.cached = true (default)
2022-11-08 11:41:30,197 [Listener at 127.0.0.1/46561] INFO  grpc.GrpcConfigKeys (ConfUtils.java:logGet(46)) - raft.grpc.server.async.request.thread.pool.size = 32 (default)
2022-11-08 11:41:30,199 [Listener at 127.0.0.1/46561] INFO  impl.DataStreamServerImpl (ConfUtils.java:logGet(46)) - raft.datastream.type = DISABLED (default)
2022-11-08 11:41:30,199 [Listener at 127.0.0.1/46561] INFO  server.RaftServerConfigKeys (ConfUtils.java:logGet(46)) - raft.server.threadpool.proxy.cached = true (default)
2022-11-08 11:41:30,199 [Listener at 127.0.0.1/46561] INFO  server.RaftServerConfigKeys (ConfUtils.java:logGet(46)) - raft.server.threadpool.proxy.size = 0 (default)
2022-11-08 11:41:30,200 [Listener at 127.0.0.1/46561] INFO  server.RaftServerConfigKeys (ConfUtils.java:logGet(46)) - raft.server.rpc.slowness.timeout = 300s (custom)
2022-11-08 11:41:30,200 [Listener at 127.0.0.1/46561] INFO  server.RaftServerConfigKeys (ConfUtils.java:logGet(46)) - raft.server.leaderelection.leader.step-down.wait-time = 10s (default)
2022-11-08 11:41:30,200 [Listener at 127.0.0.1/46561] INFO  server.RaftServerConfigKeys (ConfUtils.java:logGet(46)) - raft.server.storage.dir = [/home/runner/work/ozone/ozone/hadoop-ozone/integration-test/target/test-dir/MiniOzoneClusterImpl-08243b3f-be7e-4743-8f19-be1c242049e7/datanode-1/data/ratis] (custom)
2022-11-08 11:41:30,218 [Listener at 127.0.0.1/46561] INFO  server.XceiverServerGrpc (XceiverServerGrpc.java:<init>(132)) - GrpcServer channel type EpollServerSocketChannel
2022-11-08 11:41:30,222 [Listener at 127.0.0.1/46561] INFO  http.BaseHttpServer (BaseHttpServer.java:newHttpServer2BuilderForOzone(213)) - Starting Web-server for hddsDatanode at: http://0.0.0.0:0
2022-11-08 11:41:30,222 [Listener at 127.0.0.1/46561] INFO  http.BaseHttpServer (BaseHttpServer.java:<init>(108)) - Hadoop Security Enabled: false Ozone Security Enabled: false Ozone HTTP Security Enabled: false 
2022-11-08 11:41:30,226 [Listener at 127.0.0.1/46561] WARN  server.AuthenticationFilter (AuthenticationFilter.java:constructSecretProvider(240)) - Unable to initialize FileSignerSecretProvider, falling back to use random secrets. Reason: Could not read signature secret file: /home/runner/hadoop-http-auth-signature-secret
2022-11-08 11:41:30,226 [Listener at 127.0.0.1/46561] WARN  http.HttpRequestLog (HttpRequestLog.java:getRequestLog(103)) - Jetty request log can only be enabled using Log4j
2022-11-08 11:41:30,228 [Listener at 127.0.0.1/46561] INFO  http.HttpServer2 (HttpServer2.java:addGlobalFilter(1031)) - Added global filter 'safety' (class=org.apache.hadoop.hdds.server.http.HttpServer2$QuotingInputFilter)
2022-11-08 11:41:30,228 [Listener at 127.0.0.1/46561] INFO  http.HttpServer2 (HttpServer2.java:addFilter(1007)) - Added filter static_user_filter (class=org.apache.hadoop.http.lib.StaticUserWebFilter$StaticUserFilter) to context hddsDatanode
2022-11-08 11:41:30,229 [Listener at 127.0.0.1/46561] INFO  http.HttpServer2 (HttpServer2.java:addFilter(1015)) - Added filter static_user_filter (class=org.apache.hadoop.http.lib.StaticUserWebFilter$StaticUserFilter) to context static
2022-11-08 11:41:30,229 [Listener at 127.0.0.1/46561] INFO  http.HttpServer2 (HttpServer2.java:addFilter(1015)) - Added filter static_user_filter (class=org.apache.hadoop.http.lib.StaticUserWebFilter$StaticUserFilter) to context logs
2022-11-08 11:41:30,230 [Listener at 127.0.0.1/46561] INFO  http.HttpServer2 (HttpServer2.java:bindListener(1250)) - Jetty bound to port 42257
2022-11-08 11:41:30,230 [Listener at 127.0.0.1/46561] INFO  server.Server (Server.java:doStart(375)) - jetty-9.4.49.v20220914; built: 2022-09-14T01:07:36.601Z; git: 4231a3b2e4cb8548a412a789936d640a97b1aa0a; jvm 1.8.0_345-b01
2022-11-08 11:41:30,238 [Listener at 127.0.0.1/46561] INFO  server.session (DefaultSessionIdManager.java:doStart(334)) - DefaultSessionIdManager workerName=node0
2022-11-08 11:41:30,238 [Listener at 127.0.0.1/46561] INFO  server.session (DefaultSessionIdManager.java:doStart(339)) - No SessionScavenger set, using defaults
2022-11-08 11:41:30,242 [Listener at 127.0.0.1/46561] INFO  server.session (HouseKeeper.java:startScavenging(132)) - node0 Scavenging every 660000ms
2022-11-08 11:41:30,243 [Listener at 127.0.0.1/46561] INFO  handler.ContextHandler (ContextHandler.java:doStart(921)) - Started o.e.j.s.ServletContextHandler@721b5e52{logs,/logs,file:///home/runner/work/ozone/ozone/hadoop-ozone/integration-test/target/log,AVAILABLE}
2022-11-08 11:41:30,243 [Listener at 127.0.0.1/46561] INFO  handler.ContextHandler (ContextHandler.java:doStart(921)) - Started o.e.j.s.ServletContextHandler@195d5108{static,/static,jar:file:/home/runner/.m2/repository/org/apache/ozone/hdds-container-service/1.3.0-SNAPSHOT/hdds-container-service-1.3.0-SNAPSHOT.jar!/webapps/static,AVAILABLE}
2022-11-08 11:41:30,444 [Listener at 127.0.0.1/46561] INFO  handler.ContextHandler (ContextHandler.java:doStart(921)) - Started o.e.j.w.WebAppContext@3e2667e0{hddsDatanode,/,file:///tmp/jetty-0_0_0_0-42257-hdds-container-service-1_3_0-SNAPSHOT_jar-_-any-1518226962543962348/webapp/,AVAILABLE}{jar:file:/home/runner/.m2/repository/org/apache/ozone/hdds-container-service/1.3.0-SNAPSHOT/hdds-container-service-1.3.0-SNAPSHOT.jar!/webapps/hddsDatanode}
2022-11-08 11:41:30,446 [Listener at 127.0.0.1/46561] INFO  server.AbstractConnector (AbstractConnector.java:doStart(333)) - Started ServerConnector@74b39466{HTTP/1.1, (http/1.1)}{0.0.0.0:42257}
2022-11-08 11:41:30,446 [Listener at 127.0.0.1/46561] INFO  server.Server (Server.java:doStart(415)) - Started @71291ms
2022-11-08 11:41:30,447 [Listener at 127.0.0.1/46561] WARN  impl.MetricsSystemImpl (MetricsSystemImpl.java:register(279)) - Sink prometheus already exists!
2022-11-08 11:41:30,448 [Listener at 127.0.0.1/46561] INFO  http.BaseHttpServer (BaseHttpServer.java:updateConnectorAddress(333)) - HTTP server of hddsDatanode listening at http://0.0.0.0:42257
2022-11-08 11:41:30,448 [Datanode State Machine Daemon Thread] INFO  statemachine.DatanodeStateMachine (DatanodeStateMachine.java:lambda$startDaemon$0(505)) - Ozone container server started.
2022-11-08 11:41:30,448 [Listener at 127.0.0.1/46561] WARN  impl.MetricRegistriesImpl (MetricRegistriesImpl.java:addReporterRegistration(111)) - New reporters are added after registries were created. Some metrics will be missing from the reporter. Please add reporter before adding any new registry.
2022-11-08 11:41:30,449 [Listener at 127.0.0.1/46561] WARN  impl.MetricRegistriesImpl (MetricRegistriesImpl.java:addReporterRegistration(111)) - New reporters are added after registries were created. Some metrics will be missing from the reporter. Please add reporter before adding any new registry.
2022-11-08 11:41:30,449 [Listener at 127.0.0.1/46561] INFO  impl.MetricsSystemImpl (MetricsSystemImpl.java:init(158)) - HddsDatanode metrics system started (again)
2022-11-08 11:41:30,462 [Listener at 127.0.0.1/46561] INFO  ozone.HddsDatanodeService (HddsDatanodeService.java:start(236)) - HddsDatanodeService host:fv-az573-890.uspngagyt4suddso0aj1djjezg.dx.internal.cloudapp.net ip:10.1.0.111
2022-11-08 11:41:30,475 [org.apache.hadoop.util.JvmPauseMonitor$Monitor@5763df2f] INFO  util.JvmPauseMonitor (JvmPauseMonitor.java:run(188)) - Starting JVM pause monitor
2022-11-08 11:41:30,479 [Datanode State Machine Task Thread - 0] INFO  datanode.InitDatanodeState (InitDatanodeState.java:persistContainerDatanodeDetails(138)) - DatanodeDetails is persisted to /home/runner/work/ozone/ozone/hadoop-ozone/integration-test/target/test-dir/MiniOzoneClusterImpl-08243b3f-be7e-4743-8f19-be1c242049e7/datanode-1/meta/datanode.id
2022-11-08 11:41:30,495 [Listener at 127.0.0.1/46561] INFO  upgrade.AbstractLayoutVersionManager (AbstractLayoutVersionManager.java:init(83)) - Initializing Layout version manager with metadata layout = DATANODE_SCHEMA_V3 (version = 4), software layout = DATANODE_SCHEMA_V3 (version = 4)
2022-11-08 11:41:30,544 [Listener at 127.0.0.1/46561] INFO  reflections.Reflections (Reflections.java:scan(232)) - Reflections took 48 ms to scan 7 urls, producing 139 keys and 336 values 
2022-11-08 11:41:30,545 [Listener at 127.0.0.1/46561] INFO  statemachine.DatanodeStateMachine (DatanodeStateMachine.java:getEndPointTaskThreadPoolSize(245)) - Datanode State Machine Task Thread Pool size 2
2022-11-08 11:41:30,549 [Listener at 127.0.0.1/46561] INFO  volume.HddsVolume (HddsVolume.java:<init>(117)) - Creating HddsVolume: /home/runner/work/ozone/ozone/hadoop-ozone/integration-test/target/test-dir/MiniOzoneClusterImpl-08243b3f-be7e-4743-8f19-be1c242049e7/datanode-2/data-0/containers/hdds of storage type : DISK capacity : 9223372036854775807
2022-11-08 11:41:30,549 [Listener at 127.0.0.1/46561] INFO  volume.MutableVolumeSet (MutableVolumeSet.java:initializeVolumeSet(174)) - Added Volume : /home/runner/work/ozone/ozone/hadoop-ozone/integration-test/target/test-dir/MiniOzoneClusterImpl-08243b3f-be7e-4743-8f19-be1c242049e7/datanode-2/data-0/containers/hdds to VolumeSet
2022-11-08 11:41:30,549 [Listener at 127.0.0.1/46561] INFO  volume.ThrottledAsyncChecker (ThrottledAsyncChecker.java:schedule(141)) - Scheduling a check for /home/runner/work/ozone/ozone/hadoop-ozone/integration-test/target/test-dir/MiniOzoneClusterImpl-08243b3f-be7e-4743-8f19-be1c242049e7/datanode-2/data-0/containers/hdds
2022-11-08 11:41:30,550 [Listener at 127.0.0.1/46561] INFO  volume.StorageVolumeChecker (StorageVolumeChecker.java:checkAllVolumes(202)) - Scheduled health check for volume /home/runner/work/ozone/ozone/hadoop-ozone/integration-test/target/test-dir/MiniOzoneClusterImpl-08243b3f-be7e-4743-8f19-be1c242049e7/datanode-2/data-0/containers/hdds
2022-11-08 11:41:30,563 [Listener at 127.0.0.1/46561] INFO  volume.MutableVolumeSet (MutableVolumeSet.java:initializeVolumeSet(174)) - Added Volume : /home/runner/work/ozone/ozone/hadoop-ozone/integration-test/target/test-dir/MiniOzoneClusterImpl-08243b3f-be7e-4743-8f19-be1c242049e7/datanode-2/data/ratis to VolumeSet
2022-11-08 11:41:30,563 [Listener at 127.0.0.1/46561] INFO  volume.ThrottledAsyncChecker (ThrottledAsyncChecker.java:schedule(141)) - Scheduling a check for /home/runner/work/ozone/ozone/hadoop-ozone/integration-test/target/test-dir/MiniOzoneClusterImpl-08243b3f-be7e-4743-8f19-be1c242049e7/datanode-2/data/ratis
2022-11-08 11:41:30,563 [Listener at 127.0.0.1/46561] INFO  volume.StorageVolumeChecker (StorageVolumeChecker.java:checkAllVolumes(202)) - Scheduled health check for volume /home/runner/work/ozone/ozone/hadoop-ozone/integration-test/target/test-dir/MiniOzoneClusterImpl-08243b3f-be7e-4743-8f19-be1c242049e7/datanode-2/data/ratis
2022-11-08 11:41:30,575 [Thread-870] INFO  ozoneimpl.ContainerReader (ContainerReader.java:readVolume(175)) - Finish verifying containers on volume /home/runner/work/ozone/ozone/hadoop-ozone/integration-test/target/test-dir/MiniOzoneClusterImpl-08243b3f-be7e-4743-8f19-be1c242049e7/datanode-2/data-0/containers/hdds
2022-11-08 11:41:30,575 [Listener at 127.0.0.1/46561] INFO  ozoneimpl.OzoneContainer (OzoneContainer.java:buildContainerSet(300)) - Build ContainerSet costs 0s
2022-11-08 11:41:30,577 [Listener at 127.0.0.1/46561] INFO  server.RaftServer (ConfUtils.java:logGet(46)) - raft.rpc.type = GRPC (default)
2022-11-08 11:41:30,578 [Listener at 127.0.0.1/46561] INFO  grpc.GrpcConfigKeys (ConfUtils.java:logFallback(53)) - raft.grpc.admin.host = null (fallback to raft.grpc.server.host)
2022-11-08 11:41:30,578 [Listener at 127.0.0.1/46561] INFO  grpc.GrpcConfigKeys (ConfUtils.java:logGet(46)) - raft.grpc.admin.port = 0 (custom)
2022-11-08 11:41:30,578 [Listener at 127.0.0.1/46561] INFO  grpc.GrpcConfigKeys (ConfUtils.java:logFallback(53)) - raft.grpc.client.host = null (fallback to raft.grpc.server.host)
2022-11-08 11:41:30,578 [Listener at 127.0.0.1/46561] INFO  grpc.GrpcConfigKeys (ConfUtils.java:logGet(46)) - raft.grpc.client.port = 0 (custom)
2022-11-08 11:41:30,578 [Listener at 127.0.0.1/46561] INFO  grpc.GrpcConfigKeys (ConfUtils.java:logGet(46)) - raft.grpc.server.host = null (default)
2022-11-08 11:41:30,578 [Listener at 127.0.0.1/46561] INFO  grpc.GrpcConfigKeys (ConfUtils.java:logGet(46)) - raft.grpc.server.port = 0 (default)
2022-11-08 11:41:30,579 [Listener at 127.0.0.1/46561] INFO  server.GrpcService (ConfUtils.java:logGet(46)) - raft.grpc.message.size.max = 32MB (=33554432) (custom)
2022-11-08 11:41:30,579 [Listener at 127.0.0.1/46561] INFO  server.RaftServerConfigKeys (ConfUtils.java:logGet(46)) - raft.server.log.appender.buffer.byte-limit = 33554432 (custom)
2022-11-08 11:41:30,579 [Listener at 127.0.0.1/46561] INFO  server.GrpcService (ConfUtils.java:logGet(46)) - raft.grpc.flow.control.window = 5MB (=5242880) (custom)
2022-11-08 11:41:30,579 [Listener at 127.0.0.1/46561] INFO  server.RaftServerConfigKeys (ConfUtils.java:logGet(46)) - raft.server.rpc.request.timeout = 60s (custom)
2022-11-08 11:41:30,579 [Listener at 127.0.0.1/46561] INFO  grpc.GrpcConfigKeys (ConfUtils.java:logGet(46)) - raft.grpc.server.heartbeat.channel = true (default)
2022-11-08 11:41:30,580 [Listener at 127.0.0.1/46561] INFO  grpc.GrpcConfigKeys (ConfUtils.java:logGet(46)) - raft.grpc.server.async.request.thread.pool.cached = true (default)
2022-11-08 11:41:30,580 [Listener at 127.0.0.1/46561] INFO  grpc.GrpcConfigKeys (ConfUtils.java:logGet(46)) - raft.grpc.server.async.request.thread.pool.size = 32 (default)
2022-11-08 11:41:30,581 [Listener at 127.0.0.1/46561] INFO  impl.DataStreamServerImpl (ConfUtils.java:logGet(46)) - raft.datastream.type = DISABLED (default)
2022-11-08 11:41:30,581 [Listener at 127.0.0.1/46561] INFO  server.RaftServerConfigKeys (ConfUtils.java:logGet(46)) - raft.server.threadpool.proxy.cached = true (default)
2022-11-08 11:41:30,582 [Listener at 127.0.0.1/46561] INFO  server.RaftServerConfigKeys (ConfUtils.java:logGet(46)) - raft.server.threadpool.proxy.size = 0 (default)
2022-11-08 11:41:30,582 [Listener at 127.0.0.1/46561] INFO  server.RaftServerConfigKeys (ConfUtils.java:logGet(46)) - raft.server.rpc.slowness.timeout = 300s (custom)
2022-11-08 11:41:30,582 [Listener at 127.0.0.1/46561] INFO  server.RaftServerConfigKeys (ConfUtils.java:logGet(46)) - raft.server.leaderelection.leader.step-down.wait-time = 10s (default)
2022-11-08 11:41:30,582 [Listener at 127.0.0.1/46561] INFO  server.RaftServerConfigKeys (ConfUtils.java:logGet(46)) - raft.server.storage.dir = [/home/runner/work/ozone/ozone/hadoop-ozone/integration-test/target/test-dir/MiniOzoneClusterImpl-08243b3f-be7e-4743-8f19-be1c242049e7/datanode-2/data/ratis] (custom)
2022-11-08 11:41:30,584 [Listener at 127.0.0.1/46561] INFO  server.XceiverServerGrpc (XceiverServerGrpc.java:<init>(132)) - GrpcServer channel type EpollServerSocketChannel
2022-11-08 11:41:30,587 [Listener at 127.0.0.1/46561] INFO  http.BaseHttpServer (BaseHttpServer.java:newHttpServer2BuilderForOzone(213)) - Starting Web-server for hddsDatanode at: http://0.0.0.0:0
2022-11-08 11:41:30,587 [Listener at 127.0.0.1/46561] INFO  http.BaseHttpServer (BaseHttpServer.java:<init>(108)) - Hadoop Security Enabled: false Ozone Security Enabled: false Ozone HTTP Security Enabled: false 
2022-11-08 11:41:30,589 [Listener at 127.0.0.1/46561] WARN  server.AuthenticationFilter (AuthenticationFilter.java:constructSecretProvider(240)) - Unable to initialize FileSignerSecretProvider, falling back to use random secrets. Reason: Could not read signature secret file: /home/runner/hadoop-http-auth-signature-secret
2022-11-08 11:41:30,589 [Listener at 127.0.0.1/46561] WARN  http.HttpRequestLog (HttpRequestLog.java:getRequestLog(103)) - Jetty request log can only be enabled using Log4j
2022-11-08 11:41:30,591 [Listener at 127.0.0.1/46561] INFO  http.HttpServer2 (HttpServer2.java:addGlobalFilter(1031)) - Added global filter 'safety' (class=org.apache.hadoop.hdds.server.http.HttpServer2$QuotingInputFilter)
2022-11-08 11:41:30,591 [Listener at 127.0.0.1/46561] INFO  http.HttpServer2 (HttpServer2.java:addFilter(1007)) - Added filter static_user_filter (class=org.apache.hadoop.http.lib.StaticUserWebFilter$StaticUserFilter) to context hddsDatanode
2022-11-08 11:41:30,591 [Listener at 127.0.0.1/46561] INFO  http.HttpServer2 (HttpServer2.java:addFilter(1015)) - Added filter static_user_filter (class=org.apache.hadoop.http.lib.StaticUserWebFilter$StaticUserFilter) to context static
2022-11-08 11:41:30,592 [Listener at 127.0.0.1/46561] INFO  http.HttpServer2 (HttpServer2.java:addFilter(1015)) - Added filter static_user_filter (class=org.apache.hadoop.http.lib.StaticUserWebFilter$StaticUserFilter) to context logs
2022-11-08 11:41:30,592 [Listener at 127.0.0.1/46561] INFO  http.HttpServer2 (HttpServer2.java:bindListener(1250)) - Jetty bound to port 33017
2022-11-08 11:41:30,592 [Listener at 127.0.0.1/46561] INFO  server.Server (Server.java:doStart(375)) - jetty-9.4.49.v20220914; built: 2022-09-14T01:07:36.601Z; git: 4231a3b2e4cb8548a412a789936d640a97b1aa0a; jvm 1.8.0_345-b01
2022-11-08 11:41:30,616 [Listener at 127.0.0.1/46561] INFO  server.session (DefaultSessionIdManager.java:doStart(334)) - DefaultSessionIdManager workerName=node0
2022-11-08 11:41:30,617 [Listener at 127.0.0.1/46561] INFO  server.session (DefaultSessionIdManager.java:doStart(339)) - No SessionScavenger set, using defaults
2022-11-08 11:41:30,617 [Listener at 127.0.0.1/46561] INFO  server.session (HouseKeeper.java:startScavenging(132)) - node0 Scavenging every 600000ms
2022-11-08 11:41:30,618 [Listener at 127.0.0.1/46561] INFO  handler.ContextHandler (ContextHandler.java:doStart(921)) - Started o.e.j.s.ServletContextHandler@18c6e3ac{logs,/logs,file:///home/runner/work/ozone/ozone/hadoop-ozone/integration-test/target/log,AVAILABLE}
2022-11-08 11:41:30,619 [Listener at 127.0.0.1/46561] INFO  handler.ContextHandler (ContextHandler.java:doStart(921)) - Started o.e.j.s.ServletContextHandler@29f79c22{static,/static,jar:file:/home/runner/.m2/repository/org/apache/ozone/hdds-container-service/1.3.0-SNAPSHOT/hdds-container-service-1.3.0-SNAPSHOT.jar!/webapps/static,AVAILABLE}
2022-11-08 11:41:30,755 [om1@group-C5BA1605619E-FollowerState] INFO  impl.FollowerState (FollowerState.java:run(143)) - om1@group-C5BA1605619E-FollowerState: change to CANDIDATE, lastRpcElapsedTime:1165973517ns, electionTimeout:1162ms
2022-11-08 11:41:30,755 [om1@group-C5BA1605619E-FollowerState] INFO  impl.RoleInfo (RoleInfo.java:shutdownFollowerState(110)) - om1: shutdown om1@group-C5BA1605619E-FollowerState
2022-11-08 11:41:30,755 [om1@group-C5BA1605619E-FollowerState] INFO  server.RaftServer$Division (RaftServerImpl.java:setRole(321)) - om1@group-C5BA1605619E: changes role from  FOLLOWER to CANDIDATE at term 0 for changeToCandidate
2022-11-08 11:41:30,755 [om1@group-C5BA1605619E-FollowerState] INFO  server.RaftServerConfigKeys (ConfUtils.java:logGet(46)) - raft.server.leaderelection.pre-vote = false (custom)
2022-11-08 11:41:30,756 [om1@group-C5BA1605619E-FollowerState] INFO  impl.RoleInfo (RoleInfo.java:updateAndGet(139)) - om1: start om1@group-C5BA1605619E-LeaderElection26
2022-11-08 11:41:30,768 [om1@group-C5BA1605619E-LeaderElection26] INFO  impl.LeaderElection (LeaderElection.java:askForVotes(312)) - om1@group-C5BA1605619E-LeaderElection26 ELECTION round 0: submit vote requests at term 1 for -1: peers:[om1|rpc:localhost:9872|priority:0|startupRole:FOLLOWER]|listeners:[], old=null
2022-11-08 11:41:30,768 [om1@group-C5BA1605619E-LeaderElection26] INFO  impl.LeaderElection (LeaderElection.java:askForVotes(314)) - om1@group-C5BA1605619E-LeaderElection26 ELECTION round 0: result PASSED (term=1)
2022-11-08 11:41:30,768 [om1@group-C5BA1605619E-LeaderElection26] INFO  impl.RoleInfo (RoleInfo.java:shutdownLeaderElection(130)) - om1: shutdown om1@group-C5BA1605619E-LeaderElection26
2022-11-08 11:41:30,768 [om1@group-C5BA1605619E-LeaderElection26] INFO  server.RaftServer$Division (RaftServerImpl.java:setRole(321)) - om1@group-C5BA1605619E: changes role from CANDIDATE to LEADER at term 1 for changeToLeader
2022-11-08 11:41:30,768 [om1@group-C5BA1605619E-LeaderElection26] INFO  server.RaftServer$Division (ServerState.java:setLeader(313)) - om1@group-C5BA1605619E: change Leader from null to om1 at term 1 for becomeLeader, leader elected after 1750ms
2022-11-08 11:41:30,768 [om1@group-C5BA1605619E-LeaderElection26] INFO  server.RaftServerConfigKeys (ConfUtils.java:logGet(46)) - raft.server.staging.catchup.gap = 1000 (default)
2022-11-08 11:41:30,768 [om1@group-C5BA1605619E-LeaderElection26] INFO  server.RaftServerConfigKeys (ConfUtils.java:logGet(46)) - raft.server.write.element-limit = 4096 (default)
2022-11-08 11:41:30,768 [om1@group-C5BA1605619E-LeaderElection26] INFO  server.RaftServerConfigKeys (ConfUtils.java:logGet(46)) - raft.server.write.byte-limit = 64MB (=67108864) (default)
2022-11-08 11:41:30,769 [om1@group-C5BA1605619E-LeaderElection26] INFO  server.RaftServerConfigKeys (ConfUtils.java:logGet(46)) - raft.server.watch.timeout = 10s (default)
2022-11-08 11:41:30,769 [om1@group-C5BA1605619E-LeaderElection26] INFO  server.RaftServerConfigKeys (ConfUtils.java:logGet(46)) - raft.server.watch.timeout.denomination = 1s (default)
2022-11-08 11:41:30,769 [om1@group-C5BA1605619E-LeaderElection26] INFO  server.RaftServerConfigKeys (ConfUtils.java:logGet(46)) - raft.server.watch.element-limit = 65536 (default)
2022-11-08 11:41:30,769 [om1@group-C5BA1605619E-LeaderElection26] INFO  server.RaftServerConfigKeys (ConfUtils.java:logGet(46)) - raft.server.write.element-limit = 4096 (default)
2022-11-08 11:41:30,769 [om1@group-C5BA1605619E-LeaderElection26] INFO  server.RaftServerConfigKeys (ConfUtils.java:logGet(46)) - raft.server.write.follower.gap.ratio.max = -1.0 (default)
2022-11-08 11:41:30,769 [om1@group-C5BA1605619E-LeaderElection26] INFO  impl.RoleInfo (RoleInfo.java:updateAndGet(139)) - om1: start om1@group-C5BA1605619E-LeaderStateImpl
2022-11-08 11:41:30,770 [om1@group-C5BA1605619E-LeaderElection26] INFO  segmented.SegmentedRaftLogWorker (SegmentedRaftLogWorker.java:startLogSegment(452)) - om1@group-C5BA1605619E-SegmentedRaftLogWorker: Starting segment from index:0
2022-11-08 11:41:30,784 [om1@group-C5BA1605619E-SegmentedRaftLogWorker] INFO  segmented.SegmentedRaftLogWorker (SegmentedRaftLogWorker.java:execute(656)) - om1@group-C5BA1605619E-SegmentedRaftLogWorker: created new log segment /home/runner/work/ozone/ozone/hadoop-ozone/integration-test/target/test-dir/MiniOzoneClusterImpl-08243b3f-be7e-4743-8f19-be1c242049e7/ozone-meta/ratis/bf265839-605b-3f16-9796-c5ba1605619e/current/log_inprogress_0
2022-11-08 11:41:30,785 [om1@group-C5BA1605619E-LeaderElection26] INFO  server.RaftServer$Division (ServerState.java:setRaftConf(430)) - om1@group-C5BA1605619E: set configuration 0: peers:[om1|rpc:localhost:9872|admin:|client:|dataStream:|priority:0|startupRole:FOLLOWER]|listeners:[], old=null
2022-11-08 11:41:30,787 [om1@group-C5BA1605619E-StateMachineUpdater] INFO  ratis.OzoneManagerStateMachine (OzoneManagerStateMachine.java:notifyConfigurationChanged(192)) - Received Configuration change notification from Ratis. New Peer list:
[id: "om1"
address: "localhost:9872"
startupRole: FOLLOWER
]
2022-11-08 11:41:30,836 [Listener at 127.0.0.1/46561] INFO  handler.ContextHandler (ContextHandler.java:doStart(921)) - Started o.e.j.w.WebAppContext@17f3d5e2{hddsDatanode,/,file:///tmp/jetty-0_0_0_0-33017-hdds-container-service-1_3_0-SNAPSHOT_jar-_-any-4447694642365325977/webapp/,AVAILABLE}{jar:file:/home/runner/.m2/repository/org/apache/ozone/hdds-container-service/1.3.0-SNAPSHOT/hdds-container-service-1.3.0-SNAPSHOT.jar!/webapps/hddsDatanode}
2022-11-08 11:41:30,839 [Listener at 127.0.0.1/46561] INFO  server.AbstractConnector (AbstractConnector.java:doStart(333)) - Started ServerConnector@4ca9c90b{HTTP/1.1, (http/1.1)}{0.0.0.0:33017}
2022-11-08 11:41:30,839 [Listener at 127.0.0.1/46561] INFO  server.Server (Server.java:doStart(415)) - Started @71684ms
2022-11-08 11:41:30,840 [Listener at 127.0.0.1/46561] WARN  impl.MetricsSystemImpl (MetricsSystemImpl.java:register(279)) - Sink prometheus already exists!
2022-11-08 11:41:30,841 [Listener at 127.0.0.1/46561] INFO  http.BaseHttpServer (BaseHttpServer.java:updateConnectorAddress(333)) - HTTP server of hddsDatanode listening at http://0.0.0.0:33017
2022-11-08 11:41:30,841 [Listener at 127.0.0.1/46561] WARN  impl.MetricRegistriesImpl (MetricRegistriesImpl.java:addReporterRegistration(111)) - New reporters are added after registries were created. Some metrics will be missing from the reporter. Please add reporter before adding any new registry.
2022-11-08 11:41:30,842 [Listener at 127.0.0.1/46561] WARN  impl.MetricRegistriesImpl (MetricRegistriesImpl.java:addReporterRegistration(111)) - New reporters are added after registries were created. Some metrics will be missing from the reporter. Please add reporter before adding any new registry.
2022-11-08 11:41:30,842 [Listener at 127.0.0.1/46561] INFO  impl.MetricsSystemImpl (MetricsSystemImpl.java:init(158)) - HddsDatanode metrics system started (again)
2022-11-08 11:41:30,842 [Datanode State Machine Daemon Thread] INFO  statemachine.DatanodeStateMachine (DatanodeStateMachine.java:lambda$startDaemon$0(505)) - Ozone container server started.
2022-11-08 11:41:30,847 [org.apache.hadoop.util.JvmPauseMonitor$Monitor@51fb781c] INFO  util.JvmPauseMonitor (JvmPauseMonitor.java:run(188)) - Starting JVM pause monitor
2022-11-08 11:41:30,850 [Datanode State Machine Task Thread - 0] INFO  datanode.InitDatanodeState (InitDatanodeState.java:persistContainerDatanodeDetails(138)) - DatanodeDetails is persisted to /home/runner/work/ozone/ozone/hadoop-ozone/integration-test/target/test-dir/MiniOzoneClusterImpl-08243b3f-be7e-4743-8f19-be1c242049e7/datanode-2/meta/datanode.id
2022-11-08 11:41:30,855 [Listener at 127.0.0.1/46561] INFO  ozone.HddsDatanodeService (HddsDatanodeService.java:start(236)) - HddsDatanodeService host:fv-az573-890.uspngagyt4suddso0aj1djjezg.dx.internal.cloudapp.net ip:10.1.0.111
2022-11-08 11:41:30,882 [Listener at 127.0.0.1/46561] INFO  upgrade.AbstractLayoutVersionManager (AbstractLayoutVersionManager.java:init(83)) - Initializing Layout version manager with metadata layout = DATANODE_SCHEMA_V3 (version = 4), software layout = DATANODE_SCHEMA_V3 (version = 4)
2022-11-08 11:41:30,936 [Listener at 127.0.0.1/46561] INFO  reflections.Reflections (Reflections.java:scan(232)) - Reflections took 51 ms to scan 7 urls, producing 139 keys and 336 values 
2022-11-08 11:41:30,938 [Listener at 127.0.0.1/46561] INFO  statemachine.DatanodeStateMachine (DatanodeStateMachine.java:getEndPointTaskThreadPoolSize(245)) - Datanode State Machine Task Thread Pool size 2
2022-11-08 11:41:30,942 [Listener at 127.0.0.1/46561] INFO  volume.HddsVolume (HddsVolume.java:<init>(117)) - Creating HddsVolume: /home/runner/work/ozone/ozone/hadoop-ozone/integration-test/target/test-dir/MiniOzoneClusterImpl-08243b3f-be7e-4743-8f19-be1c242049e7/datanode-3/data-0/containers/hdds of storage type : DISK capacity : 9223372036854775807
2022-11-08 11:41:30,942 [Listener at 127.0.0.1/46561] INFO  volume.MutableVolumeSet (MutableVolumeSet.java:initializeVolumeSet(174)) - Added Volume : /home/runner/work/ozone/ozone/hadoop-ozone/integration-test/target/test-dir/MiniOzoneClusterImpl-08243b3f-be7e-4743-8f19-be1c242049e7/datanode-3/data-0/containers/hdds to VolumeSet
2022-11-08 11:41:30,942 [Listener at 127.0.0.1/46561] INFO  volume.ThrottledAsyncChecker (ThrottledAsyncChecker.java:schedule(141)) - Scheduling a check for /home/runner/work/ozone/ozone/hadoop-ozone/integration-test/target/test-dir/MiniOzoneClusterImpl-08243b3f-be7e-4743-8f19-be1c242049e7/datanode-3/data-0/containers/hdds
2022-11-08 11:41:30,943 [Listener at 127.0.0.1/46561] INFO  volume.StorageVolumeChecker (StorageVolumeChecker.java:checkAllVolumes(202)) - Scheduled health check for volume /home/runner/work/ozone/ozone/hadoop-ozone/integration-test/target/test-dir/MiniOzoneClusterImpl-08243b3f-be7e-4743-8f19-be1c242049e7/datanode-3/data-0/containers/hdds
2022-11-08 11:41:30,956 [Listener at 127.0.0.1/46561] INFO  volume.MutableVolumeSet (MutableVolumeSet.java:initializeVolumeSet(174)) - Added Volume : /home/runner/work/ozone/ozone/hadoop-ozone/integration-test/target/test-dir/MiniOzoneClusterImpl-08243b3f-be7e-4743-8f19-be1c242049e7/datanode-3/data/ratis to VolumeSet
2022-11-08 11:41:30,956 [Listener at 127.0.0.1/46561] INFO  volume.ThrottledAsyncChecker (ThrottledAsyncChecker.java:schedule(141)) - Scheduling a check for /home/runner/work/ozone/ozone/hadoop-ozone/integration-test/target/test-dir/MiniOzoneClusterImpl-08243b3f-be7e-4743-8f19-be1c242049e7/datanode-3/data/ratis
2022-11-08 11:41:30,956 [Listener at 127.0.0.1/46561] INFO  volume.StorageVolumeChecker (StorageVolumeChecker.java:checkAllVolumes(202)) - Scheduled health check for volume /home/runner/work/ozone/ozone/hadoop-ozone/integration-test/target/test-dir/MiniOzoneClusterImpl-08243b3f-be7e-4743-8f19-be1c242049e7/datanode-3/data/ratis
2022-11-08 11:41:30,970 [Thread-885] INFO  ozoneimpl.ContainerReader (ContainerReader.java:readVolume(175)) - Finish verifying containers on volume /home/runner/work/ozone/ozone/hadoop-ozone/integration-test/target/test-dir/MiniOzoneClusterImpl-08243b3f-be7e-4743-8f19-be1c242049e7/datanode-3/data-0/containers/hdds
2022-11-08 11:41:30,970 [Listener at 127.0.0.1/46561] INFO  ozoneimpl.OzoneContainer (OzoneContainer.java:buildContainerSet(300)) - Build ContainerSet costs 0s
2022-11-08 11:41:30,973 [Listener at 127.0.0.1/46561] INFO  server.RaftServer (ConfUtils.java:logGet(46)) - raft.rpc.type = GRPC (default)
2022-11-08 11:41:30,973 [Listener at 127.0.0.1/46561] INFO  grpc.GrpcConfigKeys (ConfUtils.java:logFallback(53)) - raft.grpc.admin.host = null (fallback to raft.grpc.server.host)
2022-11-08 11:41:30,973 [Listener at 127.0.0.1/46561] INFO  grpc.GrpcConfigKeys (ConfUtils.java:logGet(46)) - raft.grpc.admin.port = 0 (custom)
2022-11-08 11:41:30,973 [Listener at 127.0.0.1/46561] INFO  grpc.GrpcConfigKeys (ConfUtils.java:logFallback(53)) - raft.grpc.client.host = null (fallback to raft.grpc.server.host)
2022-11-08 11:41:30,974 [Listener at 127.0.0.1/46561] INFO  grpc.GrpcConfigKeys (ConfUtils.java:logGet(46)) - raft.grpc.client.port = 0 (custom)
2022-11-08 11:41:30,974 [Listener at 127.0.0.1/46561] INFO  grpc.GrpcConfigKeys (ConfUtils.java:logGet(46)) - raft.grpc.server.host = null (default)
2022-11-08 11:41:30,974 [Listener at 127.0.0.1/46561] INFO  grpc.GrpcConfigKeys (ConfUtils.java:logGet(46)) - raft.grpc.server.port = 0 (default)
2022-11-08 11:41:30,974 [Listener at 127.0.0.1/46561] INFO  server.GrpcService (ConfUtils.java:logGet(46)) - raft.grpc.message.size.max = 32MB (=33554432) (custom)
2022-11-08 11:41:30,974 [Listener at 127.0.0.1/46561] INFO  server.RaftServerConfigKeys (ConfUtils.java:logGet(46)) - raft.server.log.appender.buffer.byte-limit = 33554432 (custom)
2022-11-08 11:41:30,975 [Listener at 127.0.0.1/46561] INFO  server.GrpcService (ConfUtils.java:logGet(46)) - raft.grpc.flow.control.window = 5MB (=5242880) (custom)
2022-11-08 11:41:30,975 [Listener at 127.0.0.1/46561] INFO  server.RaftServerConfigKeys (ConfUtils.java:logGet(46)) - raft.server.rpc.request.timeout = 60s (custom)
2022-11-08 11:41:30,975 [Listener at 127.0.0.1/46561] INFO  grpc.GrpcConfigKeys (ConfUtils.java:logGet(46)) - raft.grpc.server.heartbeat.channel = true (default)
2022-11-08 11:41:30,975 [Listener at 127.0.0.1/46561] INFO  grpc.GrpcConfigKeys (ConfUtils.java:logGet(46)) - raft.grpc.server.async.request.thread.pool.cached = true (default)
2022-11-08 11:41:30,975 [Listener at 127.0.0.1/46561] INFO  grpc.GrpcConfigKeys (ConfUtils.java:logGet(46)) - raft.grpc.server.async.request.thread.pool.size = 32 (default)
2022-11-08 11:41:30,977 [Listener at 127.0.0.1/46561] INFO  impl.DataStreamServerImpl (ConfUtils.java:logGet(46)) - raft.datastream.type = DISABLED (default)
2022-11-08 11:41:30,977 [Listener at 127.0.0.1/46561] INFO  server.RaftServerConfigKeys (ConfUtils.java:logGet(46)) - raft.server.threadpool.proxy.cached = true (default)
2022-11-08 11:41:30,977 [Listener at 127.0.0.1/46561] INFO  server.RaftServerConfigKeys (ConfUtils.java:logGet(46)) - raft.server.threadpool.proxy.size = 0 (default)
2022-11-08 11:41:30,978 [Listener at 127.0.0.1/46561] INFO  server.RaftServerConfigKeys (ConfUtils.java:logGet(46)) - raft.server.rpc.slowness.timeout = 300s (custom)
2022-11-08 11:41:30,978 [Listener at 127.0.0.1/46561] INFO  server.RaftServerConfigKeys (ConfUtils.java:logGet(46)) - raft.server.leaderelection.leader.step-down.wait-time = 10s (default)
2022-11-08 11:41:30,979 [Listener at 127.0.0.1/46561] INFO  server.RaftServerConfigKeys (ConfUtils.java:logGet(46)) - raft.server.storage.dir = [/home/runner/work/ozone/ozone/hadoop-ozone/integration-test/target/test-dir/MiniOzoneClusterImpl-08243b3f-be7e-4743-8f19-be1c242049e7/datanode-3/data/ratis] (custom)
2022-11-08 11:41:30,981 [Listener at 127.0.0.1/46561] INFO  server.XceiverServerGrpc (XceiverServerGrpc.java:<init>(132)) - GrpcServer channel type EpollServerSocketChannel
2022-11-08 11:41:30,989 [Listener at 127.0.0.1/46561] INFO  http.BaseHttpServer (BaseHttpServer.java:newHttpServer2BuilderForOzone(213)) - Starting Web-server for hddsDatanode at: http://0.0.0.0:0
2022-11-08 11:41:30,989 [Listener at 127.0.0.1/46561] INFO  http.BaseHttpServer (BaseHttpServer.java:<init>(108)) - Hadoop Security Enabled: false Ozone Security Enabled: false Ozone HTTP Security Enabled: false 
2022-11-08 11:41:30,991 [Listener at 127.0.0.1/46561] WARN  server.AuthenticationFilter (AuthenticationFilter.java:constructSecretProvider(240)) - Unable to initialize FileSignerSecretProvider, falling back to use random secrets. Reason: Could not read signature secret file: /home/runner/hadoop-http-auth-signature-secret
2022-11-08 11:41:30,992 [Listener at 127.0.0.1/46561] WARN  http.HttpRequestLog (HttpRequestLog.java:getRequestLog(103)) - Jetty request log can only be enabled using Log4j
2022-11-08 11:41:30,994 [Listener at 127.0.0.1/46561] INFO  http.HttpServer2 (HttpServer2.java:addGlobalFilter(1031)) - Added global filter 'safety' (class=org.apache.hadoop.hdds.server.http.HttpServer2$QuotingInputFilter)
2022-11-08 11:41:30,994 [Listener at 127.0.0.1/46561] INFO  http.HttpServer2 (HttpServer2.java:addFilter(1007)) - Added filter static_user_filter (class=org.apache.hadoop.http.lib.StaticUserWebFilter$StaticUserFilter) to context hddsDatanode
2022-11-08 11:41:30,994 [Listener at 127.0.0.1/46561] INFO  http.HttpServer2 (HttpServer2.java:addFilter(1015)) - Added filter static_user_filter (class=org.apache.hadoop.http.lib.StaticUserWebFilter$StaticUserFilter) to context static
2022-11-08 11:41:30,994 [Listener at 127.0.0.1/46561] INFO  http.HttpServer2 (HttpServer2.java:addFilter(1015)) - Added filter static_user_filter (class=org.apache.hadoop.http.lib.StaticUserWebFilter$StaticUserFilter) to context logs
2022-11-08 11:41:30,995 [Listener at 127.0.0.1/46561] INFO  http.HttpServer2 (HttpServer2.java:bindListener(1250)) - Jetty bound to port 35815
2022-11-08 11:41:30,995 [Listener at 127.0.0.1/46561] INFO  server.Server (Server.java:doStart(375)) - jetty-9.4.49.v20220914; built: 2022-09-14T01:07:36.601Z; git: 4231a3b2e4cb8548a412a789936d640a97b1aa0a; jvm 1.8.0_345-b01
2022-11-08 11:41:30,998 [Listener at 127.0.0.1/46561] INFO  server.session (DefaultSessionIdManager.java:doStart(334)) - DefaultSessionIdManager workerName=node0
2022-11-08 11:41:30,998 [Listener at 127.0.0.1/46561] INFO  server.session (DefaultSessionIdManager.java:doStart(339)) - No SessionScavenger set, using defaults
2022-11-08 11:41:30,998 [Listener at 127.0.0.1/46561] INFO  server.session (HouseKeeper.java:startScavenging(132)) - node0 Scavenging every 660000ms
2022-11-08 11:41:30,999 [Listener at 127.0.0.1/46561] INFO  handler.ContextHandler (ContextHandler.java:doStart(921)) - Started o.e.j.s.ServletContextHandler@3bd1b11e{logs,/logs,file:///home/runner/work/ozone/ozone/hadoop-ozone/integration-test/target/log,AVAILABLE}
2022-11-08 11:41:31,000 [Listener at 127.0.0.1/46561] INFO  handler.ContextHandler (ContextHandler.java:doStart(921)) - Started o.e.j.s.ServletContextHandler@21772c6f{static,/static,jar:file:/home/runner/.m2/repository/org/apache/ozone/hdds-container-service/1.3.0-SNAPSHOT/hdds-container-service-1.3.0-SNAPSHOT.jar!/webapps/static,AVAILABLE}
2022-11-08 11:41:31,211 [Listener at 127.0.0.1/46561] INFO  handler.ContextHandler (ContextHandler.java:doStart(921)) - Started o.e.j.w.WebAppContext@26c19dca{hddsDatanode,/,file:///tmp/jetty-0_0_0_0-35815-hdds-container-service-1_3_0-SNAPSHOT_jar-_-any-2405242777374024461/webapp/,AVAILABLE}{jar:file:/home/runner/.m2/repository/org/apache/ozone/hdds-container-service/1.3.0-SNAPSHOT/hdds-container-service-1.3.0-SNAPSHOT.jar!/webapps/hddsDatanode}
2022-11-08 11:41:31,213 [Listener at 127.0.0.1/46561] INFO  server.AbstractConnector (AbstractConnector.java:doStart(333)) - Started ServerConnector@701c87a0{HTTP/1.1, (http/1.1)}{0.0.0.0:35815}
2022-11-08 11:41:31,213 [Listener at 127.0.0.1/46561] INFO  server.Server (Server.java:doStart(415)) - Started @72058ms
2022-11-08 11:41:31,213 [Listener at 127.0.0.1/46561] WARN  impl.MetricsSystemImpl (MetricsSystemImpl.java:register(279)) - Sink prometheus already exists!
2022-11-08 11:41:31,214 [Listener at 127.0.0.1/46561] INFO  http.BaseHttpServer (BaseHttpServer.java:updateConnectorAddress(333)) - HTTP server of hddsDatanode listening at http://0.0.0.0:35815
2022-11-08 11:41:31,215 [Listener at 127.0.0.1/46561] WARN  impl.MetricRegistriesImpl (MetricRegistriesImpl.java:addReporterRegistration(111)) - New reporters are added after registries were created. Some metrics will be missing from the reporter. Please add reporter before adding any new registry.
2022-11-08 11:41:31,215 [Listener at 127.0.0.1/46561] WARN  impl.MetricRegistriesImpl (MetricRegistriesImpl.java:addReporterRegistration(111)) - New reporters are added after registries were created. Some metrics will be missing from the reporter. Please add reporter before adding any new registry.
2022-11-08 11:41:31,215 [Listener at 127.0.0.1/46561] INFO  impl.MetricsSystemImpl (MetricsSystemImpl.java:init(158)) - HddsDatanode metrics system started (again)
2022-11-08 11:41:31,221 [Datanode State Machine Daemon Thread] INFO  statemachine.DatanodeStateMachine (DatanodeStateMachine.java:lambda$startDaemon$0(505)) - Ozone container server started.
2022-11-08 11:41:31,232 [org.apache.hadoop.util.JvmPauseMonitor$Monitor@491fc013] INFO  util.JvmPauseMonitor (JvmPauseMonitor.java:run(188)) - Starting JVM pause monitor
2022-11-08 11:41:31,235 [Datanode State Machine Task Thread - 0] INFO  datanode.InitDatanodeState (InitDatanodeState.java:persistContainerDatanodeDetails(138)) - DatanodeDetails is persisted to /home/runner/work/ozone/ozone/hadoop-ozone/integration-test/target/test-dir/MiniOzoneClusterImpl-08243b3f-be7e-4743-8f19-be1c242049e7/datanode-3/meta/datanode.id
2022-11-08 11:41:31,244 [Listener at 127.0.0.1/46561] INFO  ozone.HddsDatanodeService (HddsDatanodeService.java:start(236)) - HddsDatanodeService host:fv-az573-890.uspngagyt4suddso0aj1djjezg.dx.internal.cloudapp.net ip:10.1.0.111
2022-11-08 11:41:31,277 [Listener at 127.0.0.1/46561] INFO  upgrade.AbstractLayoutVersionManager (AbstractLayoutVersionManager.java:init(83)) - Initializing Layout version manager with metadata layout = DATANODE_SCHEMA_V3 (version = 4), software layout = DATANODE_SCHEMA_V3 (version = 4)
2022-11-08 11:41:31,326 [Listener at 127.0.0.1/46561] INFO  reflections.Reflections (Reflections.java:scan(232)) - Reflections took 48 ms to scan 7 urls, producing 139 keys and 336 values 
2022-11-08 11:41:31,328 [Listener at 127.0.0.1/46561] INFO  statemachine.DatanodeStateMachine (DatanodeStateMachine.java:getEndPointTaskThreadPoolSize(245)) - Datanode State Machine Task Thread Pool size 2
2022-11-08 11:41:31,330 [Listener at 127.0.0.1/46561] INFO  volume.HddsVolume (HddsVolume.java:<init>(117)) - Creating HddsVolume: /home/runner/work/ozone/ozone/hadoop-ozone/integration-test/target/test-dir/MiniOzoneClusterImpl-08243b3f-be7e-4743-8f19-be1c242049e7/datanode-4/data-0/containers/hdds of storage type : DISK capacity : 9223372036854775807
2022-11-08 11:41:31,330 [Listener at 127.0.0.1/46561] INFO  volume.MutableVolumeSet (MutableVolumeSet.java:initializeVolumeSet(174)) - Added Volume : /home/runner/work/ozone/ozone/hadoop-ozone/integration-test/target/test-dir/MiniOzoneClusterImpl-08243b3f-be7e-4743-8f19-be1c242049e7/datanode-4/data-0/containers/hdds to VolumeSet
2022-11-08 11:41:31,331 [Listener at 127.0.0.1/46561] INFO  volume.ThrottledAsyncChecker (ThrottledAsyncChecker.java:schedule(141)) - Scheduling a check for /home/runner/work/ozone/ozone/hadoop-ozone/integration-test/target/test-dir/MiniOzoneClusterImpl-08243b3f-be7e-4743-8f19-be1c242049e7/datanode-4/data-0/containers/hdds
2022-11-08 11:41:31,332 [Listener at 127.0.0.1/46561] INFO  volume.StorageVolumeChecker (StorageVolumeChecker.java:checkAllVolumes(202)) - Scheduled health check for volume /home/runner/work/ozone/ozone/hadoop-ozone/integration-test/target/test-dir/MiniOzoneClusterImpl-08243b3f-be7e-4743-8f19-be1c242049e7/datanode-4/data-0/containers/hdds
2022-11-08 11:41:31,345 [Listener at 127.0.0.1/46561] INFO  volume.MutableVolumeSet (MutableVolumeSet.java:initializeVolumeSet(174)) - Added Volume : /home/runner/work/ozone/ozone/hadoop-ozone/integration-test/target/test-dir/MiniOzoneClusterImpl-08243b3f-be7e-4743-8f19-be1c242049e7/datanode-4/data/ratis to VolumeSet
2022-11-08 11:41:31,345 [Listener at 127.0.0.1/46561] INFO  volume.ThrottledAsyncChecker (ThrottledAsyncChecker.java:schedule(141)) - Scheduling a check for /home/runner/work/ozone/ozone/hadoop-ozone/integration-test/target/test-dir/MiniOzoneClusterImpl-08243b3f-be7e-4743-8f19-be1c242049e7/datanode-4/data/ratis
2022-11-08 11:41:31,346 [Listener at 127.0.0.1/46561] INFO  volume.StorageVolumeChecker (StorageVolumeChecker.java:checkAllVolumes(202)) - Scheduled health check for volume /home/runner/work/ozone/ozone/hadoop-ozone/integration-test/target/test-dir/MiniOzoneClusterImpl-08243b3f-be7e-4743-8f19-be1c242049e7/datanode-4/data/ratis
2022-11-08 11:41:31,360 [Thread-898] INFO  ozoneimpl.ContainerReader (ContainerReader.java:readVolume(175)) - Finish verifying containers on volume /home/runner/work/ozone/ozone/hadoop-ozone/integration-test/target/test-dir/MiniOzoneClusterImpl-08243b3f-be7e-4743-8f19-be1c242049e7/datanode-4/data-0/containers/hdds
2022-11-08 11:41:31,360 [Listener at 127.0.0.1/46561] INFO  ozoneimpl.OzoneContainer (OzoneContainer.java:buildContainerSet(300)) - Build ContainerSet costs 0s
2022-11-08 11:41:31,362 [Listener at 127.0.0.1/46561] INFO  server.RaftServer (ConfUtils.java:logGet(46)) - raft.rpc.type = GRPC (default)
2022-11-08 11:41:31,362 [Listener at 127.0.0.1/46561] INFO  grpc.GrpcConfigKeys (ConfUtils.java:logFallback(53)) - raft.grpc.admin.host = null (fallback to raft.grpc.server.host)
2022-11-08 11:41:31,362 [Listener at 127.0.0.1/46561] INFO  grpc.GrpcConfigKeys (ConfUtils.java:logGet(46)) - raft.grpc.admin.port = 0 (custom)
2022-11-08 11:41:31,363 [Listener at 127.0.0.1/46561] INFO  grpc.GrpcConfigKeys (ConfUtils.java:logFallback(53)) - raft.grpc.client.host = null (fallback to raft.grpc.server.host)
2022-11-08 11:41:31,363 [Listener at 127.0.0.1/46561] INFO  grpc.GrpcConfigKeys (ConfUtils.java:logGet(46)) - raft.grpc.client.port = 0 (custom)
2022-11-08 11:41:31,363 [Listener at 127.0.0.1/46561] INFO  grpc.GrpcConfigKeys (ConfUtils.java:logGet(46)) - raft.grpc.server.host = null (default)
2022-11-08 11:41:31,363 [Listener at 127.0.0.1/46561] INFO  grpc.GrpcConfigKeys (ConfUtils.java:logGet(46)) - raft.grpc.server.port = 0 (default)
2022-11-08 11:41:31,363 [Listener at 127.0.0.1/46561] INFO  server.GrpcService (ConfUtils.java:logGet(46)) - raft.grpc.message.size.max = 32MB (=33554432) (custom)
2022-11-08 11:41:31,363 [Listener at 127.0.0.1/46561] INFO  server.RaftServerConfigKeys (ConfUtils.java:logGet(46)) - raft.server.log.appender.buffer.byte-limit = 33554432 (custom)
2022-11-08 11:41:31,364 [Listener at 127.0.0.1/46561] INFO  server.GrpcService (ConfUtils.java:logGet(46)) - raft.grpc.flow.control.window = 5MB (=5242880) (custom)
2022-11-08 11:41:31,364 [Listener at 127.0.0.1/46561] INFO  server.RaftServerConfigKeys (ConfUtils.java:logGet(46)) - raft.server.rpc.request.timeout = 60s (custom)
2022-11-08 11:41:31,364 [Listener at 127.0.0.1/46561] INFO  grpc.GrpcConfigKeys (ConfUtils.java:logGet(46)) - raft.grpc.server.heartbeat.channel = true (default)
2022-11-08 11:41:31,364 [Listener at 127.0.0.1/46561] INFO  grpc.GrpcConfigKeys (ConfUtils.java:logGet(46)) - raft.grpc.server.async.request.thread.pool.cached = true (default)
2022-11-08 11:41:31,364 [Listener at 127.0.0.1/46561] INFO  grpc.GrpcConfigKeys (ConfUtils.java:logGet(46)) - raft.grpc.server.async.request.thread.pool.size = 32 (default)
2022-11-08 11:41:31,366 [Listener at 127.0.0.1/46561] INFO  impl.DataStreamServerImpl (ConfUtils.java:logGet(46)) - raft.datastream.type = DISABLED (default)
2022-11-08 11:41:31,366 [Listener at 127.0.0.1/46561] INFO  server.RaftServerConfigKeys (ConfUtils.java:logGet(46)) - raft.server.threadpool.proxy.cached = true (default)
2022-11-08 11:41:31,366 [Listener at 127.0.0.1/46561] INFO  server.RaftServerConfigKeys (ConfUtils.java:logGet(46)) - raft.server.threadpool.proxy.size = 0 (default)
2022-11-08 11:41:31,366 [Listener at 127.0.0.1/46561] INFO  server.RaftServerConfigKeys (ConfUtils.java:logGet(46)) - raft.server.rpc.slowness.timeout = 300s (custom)
2022-11-08 11:41:31,366 [Listener at 127.0.0.1/46561] INFO  server.RaftServerConfigKeys (ConfUtils.java:logGet(46)) - raft.server.leaderelection.leader.step-down.wait-time = 10s (default)
2022-11-08 11:41:31,367 [Listener at 127.0.0.1/46561] INFO  server.RaftServerConfigKeys (ConfUtils.java:logGet(46)) - raft.server.storage.dir = [/home/runner/work/ozone/ozone/hadoop-ozone/integration-test/target/test-dir/MiniOzoneClusterImpl-08243b3f-be7e-4743-8f19-be1c242049e7/datanode-4/data/ratis] (custom)
2022-11-08 11:41:31,369 [Listener at 127.0.0.1/46561] INFO  server.XceiverServerGrpc (XceiverServerGrpc.java:<init>(132)) - GrpcServer channel type EpollServerSocketChannel
2022-11-08 11:41:31,377 [Listener at 127.0.0.1/46561] INFO  http.BaseHttpServer (BaseHttpServer.java:newHttpServer2BuilderForOzone(213)) - Starting Web-server for hddsDatanode at: http://0.0.0.0:0
2022-11-08 11:41:31,377 [Listener at 127.0.0.1/46561] INFO  http.BaseHttpServer (BaseHttpServer.java:<init>(108)) - Hadoop Security Enabled: false Ozone Security Enabled: false Ozone HTTP Security Enabled: false 
2022-11-08 11:41:31,378 [Listener at 127.0.0.1/46561] WARN  server.AuthenticationFilter (AuthenticationFilter.java:constructSecretProvider(240)) - Unable to initialize FileSignerSecretProvider, falling back to use random secrets. Reason: Could not read signature secret file: /home/runner/hadoop-http-auth-signature-secret
2022-11-08 11:41:31,380 [Listener at 127.0.0.1/46561] WARN  http.HttpRequestLog (HttpRequestLog.java:getRequestLog(103)) - Jetty request log can only be enabled using Log4j
2022-11-08 11:41:31,381 [Listener at 127.0.0.1/46561] INFO  http.HttpServer2 (HttpServer2.java:addGlobalFilter(1031)) - Added global filter 'safety' (class=org.apache.hadoop.hdds.server.http.HttpServer2$QuotingInputFilter)
2022-11-08 11:41:31,382 [Listener at 127.0.0.1/46561] INFO  http.HttpServer2 (HttpServer2.java:addFilter(1007)) - Added filter static_user_filter (class=org.apache.hadoop.http.lib.StaticUserWebFilter$StaticUserFilter) to context hddsDatanode
2022-11-08 11:41:31,382 [Listener at 127.0.0.1/46561] INFO  http.HttpServer2 (HttpServer2.java:addFilter(1015)) - Added filter static_user_filter (class=org.apache.hadoop.http.lib.StaticUserWebFilter$StaticUserFilter) to context static
2022-11-08 11:41:31,382 [Listener at 127.0.0.1/46561] INFO  http.HttpServer2 (HttpServer2.java:addFilter(1015)) - Added filter static_user_filter (class=org.apache.hadoop.http.lib.StaticUserWebFilter$StaticUserFilter) to context logs
2022-11-08 11:41:31,383 [Listener at 127.0.0.1/46561] INFO  http.HttpServer2 (HttpServer2.java:bindListener(1250)) - Jetty bound to port 36109
2022-11-08 11:41:31,383 [Listener at 127.0.0.1/46561] INFO  server.Server (Server.java:doStart(375)) - jetty-9.4.49.v20220914; built: 2022-09-14T01:07:36.601Z; git: 4231a3b2e4cb8548a412a789936d640a97b1aa0a; jvm 1.8.0_345-b01
2022-11-08 11:41:31,424 [Listener at 127.0.0.1/46561] INFO  server.session (DefaultSessionIdManager.java:doStart(334)) - DefaultSessionIdManager workerName=node0
2022-11-08 11:41:31,424 [Listener at 127.0.0.1/46561] INFO  server.session (DefaultSessionIdManager.java:doStart(339)) - No SessionScavenger set, using defaults
2022-11-08 11:41:31,425 [Listener at 127.0.0.1/46561] INFO  server.session (HouseKeeper.java:startScavenging(132)) - node0 Scavenging every 600000ms
2022-11-08 11:41:31,428 [Listener at 127.0.0.1/46561] INFO  handler.ContextHandler (ContextHandler.java:doStart(921)) - Started o.e.j.s.ServletContextHandler@2b367dc3{logs,/logs,file:///home/runner/work/ozone/ozone/hadoop-ozone/integration-test/target/log,AVAILABLE}
2022-11-08 11:41:31,428 [Listener at 127.0.0.1/46561] INFO  handler.ContextHandler (ContextHandler.java:doStart(921)) - Started o.e.j.s.ServletContextHandler@3e5b1239{static,/static,jar:file:/home/runner/.m2/repository/org/apache/ozone/hdds-container-service/1.3.0-SNAPSHOT/hdds-container-service-1.3.0-SNAPSHOT.jar!/webapps/static,AVAILABLE}
2022-11-08 11:41:31,643 [Listener at 127.0.0.1/46561] INFO  handler.ContextHandler (ContextHandler.java:doStart(921)) - Started o.e.j.w.WebAppContext@578e869{hddsDatanode,/,file:///tmp/jetty-0_0_0_0-36109-hdds-container-service-1_3_0-SNAPSHOT_jar-_-any-6995048410096095871/webapp/,AVAILABLE}{jar:file:/home/runner/.m2/repository/org/apache/ozone/hdds-container-service/1.3.0-SNAPSHOT/hdds-container-service-1.3.0-SNAPSHOT.jar!/webapps/hddsDatanode}
2022-11-08 11:41:31,644 [Listener at 127.0.0.1/46561] INFO  server.AbstractConnector (AbstractConnector.java:doStart(333)) - Started ServerConnector@1eb3b8c0{HTTP/1.1, (http/1.1)}{0.0.0.0:36109}
2022-11-08 11:41:31,645 [Listener at 127.0.0.1/46561] INFO  server.Server (Server.java:doStart(415)) - Started @72489ms
2022-11-08 11:41:31,645 [Listener at 127.0.0.1/46561] WARN  impl.MetricsSystemImpl (MetricsSystemImpl.java:register(279)) - Sink prometheus already exists!
2022-11-08 11:41:31,646 [Listener at 127.0.0.1/46561] INFO  http.BaseHttpServer (BaseHttpServer.java:updateConnectorAddress(333)) - HTTP server of hddsDatanode listening at http://0.0.0.0:36109
2022-11-08 11:41:31,646 [Datanode State Machine Daemon Thread] INFO  statemachine.DatanodeStateMachine (DatanodeStateMachine.java:lambda$startDaemon$0(505)) - Ozone container server started.
2022-11-08 11:41:31,646 [Listener at 127.0.0.1/46561] WARN  impl.MetricRegistriesImpl (MetricRegistriesImpl.java:addReporterRegistration(111)) - New reporters are added after registries were created. Some metrics will be missing from the reporter. Please add reporter before adding any new registry.
2022-11-08 11:41:31,648 [Listener at 127.0.0.1/46561] WARN  impl.MetricRegistriesImpl (MetricRegistriesImpl.java:addReporterRegistration(111)) - New reporters are added after registries were created. Some metrics will be missing from the reporter. Please add reporter before adding any new registry.
2022-11-08 11:41:31,648 [Listener at 127.0.0.1/46561] INFO  impl.MetricsSystemImpl (MetricsSystemImpl.java:init(158)) - HddsDatanode metrics system started (again)
2022-11-08 11:41:31,659 [Datanode State Machine Task Thread - 0] INFO  datanode.InitDatanodeState (InitDatanodeState.java:persistContainerDatanodeDetails(138)) - DatanodeDetails is persisted to /home/runner/work/ozone/ozone/hadoop-ozone/integration-test/target/test-dir/MiniOzoneClusterImpl-08243b3f-be7e-4743-8f19-be1c242049e7/datanode-4/meta/datanode.id
2022-11-08 11:41:31,661 [org.apache.hadoop.util.JvmPauseMonitor$Monitor@40ec8507] INFO  util.JvmPauseMonitor (JvmPauseMonitor.java:run(188)) - Starting JVM pause monitor
2022-11-08 11:41:31,668 [Listener at 127.0.0.1/46561] INFO  ozone.HddsDatanodeService (HddsDatanodeService.java:start(236)) - HddsDatanodeService host:fv-az573-890.uspngagyt4suddso0aj1djjezg.dx.internal.cloudapp.net ip:10.1.0.111
2022-11-08 11:41:31,700 [Listener at 127.0.0.1/46561] INFO  upgrade.AbstractLayoutVersionManager (AbstractLayoutVersionManager.java:init(83)) - Initializing Layout version manager with metadata layout = DATANODE_SCHEMA_V3 (version = 4), software layout = DATANODE_SCHEMA_V3 (version = 4)
2022-11-08 11:41:31,752 [Listener at 127.0.0.1/46561] INFO  reflections.Reflections (Reflections.java:scan(232)) - Reflections took 51 ms to scan 7 urls, producing 139 keys and 336 values 
2022-11-08 11:41:31,754 [Listener at 127.0.0.1/46561] INFO  statemachine.DatanodeStateMachine (DatanodeStateMachine.java:getEndPointTaskThreadPoolSize(245)) - Datanode State Machine Task Thread Pool size 2
2022-11-08 11:41:31,756 [Listener at 127.0.0.1/46561] INFO  volume.HddsVolume (HddsVolume.java:<init>(117)) - Creating HddsVolume: /home/runner/work/ozone/ozone/hadoop-ozone/integration-test/target/test-dir/MiniOzoneClusterImpl-08243b3f-be7e-4743-8f19-be1c242049e7/datanode-5/data-0/containers/hdds of storage type : DISK capacity : 9223372036854775807
2022-11-08 11:41:31,757 [Listener at 127.0.0.1/46561] INFO  volume.MutableVolumeSet (MutableVolumeSet.java:initializeVolumeSet(174)) - Added Volume : /home/runner/work/ozone/ozone/hadoop-ozone/integration-test/target/test-dir/MiniOzoneClusterImpl-08243b3f-be7e-4743-8f19-be1c242049e7/datanode-5/data-0/containers/hdds to VolumeSet
2022-11-08 11:41:31,757 [Listener at 127.0.0.1/46561] INFO  volume.ThrottledAsyncChecker (ThrottledAsyncChecker.java:schedule(141)) - Scheduling a check for /home/runner/work/ozone/ozone/hadoop-ozone/integration-test/target/test-dir/MiniOzoneClusterImpl-08243b3f-be7e-4743-8f19-be1c242049e7/datanode-5/data-0/containers/hdds
2022-11-08 11:41:31,759 [Listener at 127.0.0.1/46561] INFO  volume.StorageVolumeChecker (StorageVolumeChecker.java:checkAllVolumes(202)) - Scheduled health check for volume /home/runner/work/ozone/ozone/hadoop-ozone/integration-test/target/test-dir/MiniOzoneClusterImpl-08243b3f-be7e-4743-8f19-be1c242049e7/datanode-5/data-0/containers/hdds
2022-11-08 11:41:31,773 [Listener at 127.0.0.1/46561] INFO  volume.MutableVolumeSet (MutableVolumeSet.java:initializeVolumeSet(174)) - Added Volume : /home/runner/work/ozone/ozone/hadoop-ozone/integration-test/target/test-dir/MiniOzoneClusterImpl-08243b3f-be7e-4743-8f19-be1c242049e7/datanode-5/data/ratis to VolumeSet
2022-11-08 11:41:31,774 [Listener at 127.0.0.1/46561] INFO  volume.ThrottledAsyncChecker (ThrottledAsyncChecker.java:schedule(141)) - Scheduling a check for /home/runner/work/ozone/ozone/hadoop-ozone/integration-test/target/test-dir/MiniOzoneClusterImpl-08243b3f-be7e-4743-8f19-be1c242049e7/datanode-5/data/ratis
2022-11-08 11:41:31,774 [Listener at 127.0.0.1/46561] INFO  volume.StorageVolumeChecker (StorageVolumeChecker.java:checkAllVolumes(202)) - Scheduled health check for volume /home/runner/work/ozone/ozone/hadoop-ozone/integration-test/target/test-dir/MiniOzoneClusterImpl-08243b3f-be7e-4743-8f19-be1c242049e7/datanode-5/data/ratis
2022-11-08 11:41:31,785 [Thread-911] INFO  ozoneimpl.ContainerReader (ContainerReader.java:readVolume(175)) - Finish verifying containers on volume /home/runner/work/ozone/ozone/hadoop-ozone/integration-test/target/test-dir/MiniOzoneClusterImpl-08243b3f-be7e-4743-8f19-be1c242049e7/datanode-5/data-0/containers/hdds
2022-11-08 11:41:31,786 [Listener at 127.0.0.1/46561] INFO  ozoneimpl.OzoneContainer (OzoneContainer.java:buildContainerSet(300)) - Build ContainerSet costs 0s
2022-11-08 11:41:31,788 [Listener at 127.0.0.1/46561] INFO  server.RaftServer (ConfUtils.java:logGet(46)) - raft.rpc.type = GRPC (default)
2022-11-08 11:41:31,788 [Listener at 127.0.0.1/46561] INFO  grpc.GrpcConfigKeys (ConfUtils.java:logFallback(53)) - raft.grpc.admin.host = null (fallback to raft.grpc.server.host)
2022-11-08 11:41:31,789 [Listener at 127.0.0.1/46561] INFO  grpc.GrpcConfigKeys (ConfUtils.java:logGet(46)) - raft.grpc.admin.port = 0 (custom)
2022-11-08 11:41:31,789 [Listener at 127.0.0.1/46561] INFO  grpc.GrpcConfigKeys (ConfUtils.java:logFallback(53)) - raft.grpc.client.host = null (fallback to raft.grpc.server.host)
2022-11-08 11:41:31,789 [Listener at 127.0.0.1/46561] INFO  grpc.GrpcConfigKeys (ConfUtils.java:logGet(46)) - raft.grpc.client.port = 0 (custom)
2022-11-08 11:41:31,789 [Listener at 127.0.0.1/46561] INFO  grpc.GrpcConfigKeys (ConfUtils.java:logGet(46)) - raft.grpc.server.host = null (default)
2022-11-08 11:41:31,789 [Listener at 127.0.0.1/46561] INFO  grpc.GrpcConfigKeys (ConfUtils.java:logGet(46)) - raft.grpc.server.port = 0 (default)
2022-11-08 11:41:31,789 [Listener at 127.0.0.1/46561] INFO  server.GrpcService (ConfUtils.java:logGet(46)) - raft.grpc.message.size.max = 32MB (=33554432) (custom)
2022-11-08 11:41:31,790 [Listener at 127.0.0.1/46561] INFO  server.RaftServerConfigKeys (ConfUtils.java:logGet(46)) - raft.server.log.appender.buffer.byte-limit = 33554432 (custom)
2022-11-08 11:41:31,790 [Listener at 127.0.0.1/46561] INFO  server.GrpcService (ConfUtils.java:logGet(46)) - raft.grpc.flow.control.window = 5MB (=5242880) (custom)
2022-11-08 11:41:31,791 [Listener at 127.0.0.1/46561] INFO  server.RaftServerConfigKeys (ConfUtils.java:logGet(46)) - raft.server.rpc.request.timeout = 60s (custom)
2022-11-08 11:41:31,791 [Listener at 127.0.0.1/46561] INFO  grpc.GrpcConfigKeys (ConfUtils.java:logGet(46)) - raft.grpc.server.heartbeat.channel = true (default)
2022-11-08 11:41:31,791 [Listener at 127.0.0.1/46561] INFO  grpc.GrpcConfigKeys (ConfUtils.java:logGet(46)) - raft.grpc.server.async.request.thread.pool.cached = true (default)
2022-11-08 11:41:31,791 [Listener at 127.0.0.1/46561] INFO  grpc.GrpcConfigKeys (ConfUtils.java:logGet(46)) - raft.grpc.server.async.request.thread.pool.size = 32 (default)
2022-11-08 11:41:31,793 [Listener at 127.0.0.1/46561] INFO  impl.DataStreamServerImpl (ConfUtils.java:logGet(46)) - raft.datastream.type = DISABLED (default)
2022-11-08 11:41:31,793 [Listener at 127.0.0.1/46561] INFO  server.RaftServerConfigKeys (ConfUtils.java:logGet(46)) - raft.server.threadpool.proxy.cached = true (default)
2022-11-08 11:41:31,793 [Listener at 127.0.0.1/46561] INFO  server.RaftServerConfigKeys (ConfUtils.java:logGet(46)) - raft.server.threadpool.proxy.size = 0 (default)
2022-11-08 11:41:31,793 [Listener at 127.0.0.1/46561] INFO  server.RaftServerConfigKeys (ConfUtils.java:logGet(46)) - raft.server.rpc.slowness.timeout = 300s (custom)
2022-11-08 11:41:31,793 [Listener at 127.0.0.1/46561] INFO  server.RaftServerConfigKeys (ConfUtils.java:logGet(46)) - raft.server.leaderelection.leader.step-down.wait-time = 10s (default)
2022-11-08 11:41:31,794 [Listener at 127.0.0.1/46561] INFO  server.RaftServerConfigKeys (ConfUtils.java:logGet(46)) - raft.server.storage.dir = [/home/runner/work/ozone/ozone/hadoop-ozone/integration-test/target/test-dir/MiniOzoneClusterImpl-08243b3f-be7e-4743-8f19-be1c242049e7/datanode-5/data/ratis] (custom)
2022-11-08 11:41:31,796 [Listener at 127.0.0.1/46561] INFO  server.XceiverServerGrpc (XceiverServerGrpc.java:<init>(132)) - GrpcServer channel type EpollServerSocketChannel
2022-11-08 11:41:31,800 [Listener at 127.0.0.1/46561] INFO  http.BaseHttpServer (BaseHttpServer.java:newHttpServer2BuilderForOzone(213)) - Starting Web-server for hddsDatanode at: http://0.0.0.0:0
2022-11-08 11:41:31,800 [Listener at 127.0.0.1/46561] INFO  http.BaseHttpServer (BaseHttpServer.java:<init>(108)) - Hadoop Security Enabled: false Ozone Security Enabled: false Ozone HTTP Security Enabled: false 
2022-11-08 11:41:31,803 [Listener at 127.0.0.1/46561] WARN  server.AuthenticationFilter (AuthenticationFilter.java:constructSecretProvider(240)) - Unable to initialize FileSignerSecretProvider, falling back to use random secrets. Reason: Could not read signature secret file: /home/runner/hadoop-http-auth-signature-secret
2022-11-08 11:41:31,807 [Listener at 127.0.0.1/46561] WARN  http.HttpRequestLog (HttpRequestLog.java:getRequestLog(103)) - Jetty request log can only be enabled using Log4j
2022-11-08 11:41:31,808 [Listener at 127.0.0.1/46561] INFO  http.HttpServer2 (HttpServer2.java:addGlobalFilter(1031)) - Added global filter 'safety' (class=org.apache.hadoop.hdds.server.http.HttpServer2$QuotingInputFilter)
2022-11-08 11:41:31,810 [Listener at 127.0.0.1/46561] INFO  http.HttpServer2 (HttpServer2.java:addFilter(1007)) - Added filter static_user_filter (class=org.apache.hadoop.http.lib.StaticUserWebFilter$StaticUserFilter) to context hddsDatanode
2022-11-08 11:41:31,810 [Listener at 127.0.0.1/46561] INFO  http.HttpServer2 (HttpServer2.java:addFilter(1015)) - Added filter static_user_filter (class=org.apache.hadoop.http.lib.StaticUserWebFilter$StaticUserFilter) to context static
2022-11-08 11:41:31,810 [Listener at 127.0.0.1/46561] INFO  http.HttpServer2 (HttpServer2.java:addFilter(1015)) - Added filter static_user_filter (class=org.apache.hadoop.http.lib.StaticUserWebFilter$StaticUserFilter) to context logs
2022-11-08 11:41:31,811 [Listener at 127.0.0.1/46561] INFO  http.HttpServer2 (HttpServer2.java:bindListener(1250)) - Jetty bound to port 38195
2022-11-08 11:41:31,811 [Listener at 127.0.0.1/46561] INFO  server.Server (Server.java:doStart(375)) - jetty-9.4.49.v20220914; built: 2022-09-14T01:07:36.601Z; git: 4231a3b2e4cb8548a412a789936d640a97b1aa0a; jvm 1.8.0_345-b01
2022-11-08 11:41:31,813 [Listener at 127.0.0.1/46561] INFO  server.session (DefaultSessionIdManager.java:doStart(334)) - DefaultSessionIdManager workerName=node0
2022-11-08 11:41:31,813 [Listener at 127.0.0.1/46561] INFO  server.session (DefaultSessionIdManager.java:doStart(339)) - No SessionScavenger set, using defaults
2022-11-08 11:41:31,813 [Listener at 127.0.0.1/46561] INFO  server.session (HouseKeeper.java:startScavenging(132)) - node0 Scavenging every 600000ms
2022-11-08 11:41:31,814 [Listener at 127.0.0.1/46561] INFO  handler.ContextHandler (ContextHandler.java:doStart(921)) - Started o.e.j.s.ServletContextHandler@5f389d72{logs,/logs,file:///home/runner/work/ozone/ozone/hadoop-ozone/integration-test/target/log,AVAILABLE}
2022-11-08 11:41:31,815 [Listener at 127.0.0.1/46561] INFO  handler.ContextHandler (ContextHandler.java:doStart(921)) - Started o.e.j.s.ServletContextHandler@2b463a42{static,/static,jar:file:/home/runner/.m2/repository/org/apache/ozone/hdds-container-service/1.3.0-SNAPSHOT/hdds-container-service-1.3.0-SNAPSHOT.jar!/webapps/static,AVAILABLE}
2022-11-08 11:41:32,026 [Listener at 127.0.0.1/46561] INFO  handler.ContextHandler (ContextHandler.java:doStart(921)) - Started o.e.j.w.WebAppContext@de8abc9{hddsDatanode,/,file:///tmp/jetty-0_0_0_0-38195-hdds-container-service-1_3_0-SNAPSHOT_jar-_-any-4907739487734230311/webapp/,AVAILABLE}{jar:file:/home/runner/.m2/repository/org/apache/ozone/hdds-container-service/1.3.0-SNAPSHOT/hdds-container-service-1.3.0-SNAPSHOT.jar!/webapps/hddsDatanode}
2022-11-08 11:41:32,028 [Listener at 127.0.0.1/46561] INFO  server.AbstractConnector (AbstractConnector.java:doStart(333)) - Started ServerConnector@2f31b227{HTTP/1.1, (http/1.1)}{0.0.0.0:38195}
2022-11-08 11:41:32,028 [Listener at 127.0.0.1/46561] INFO  server.Server (Server.java:doStart(415)) - Started @72873ms
2022-11-08 11:41:32,028 [Listener at 127.0.0.1/46561] WARN  impl.MetricsSystemImpl (MetricsSystemImpl.java:register(279)) - Sink prometheus already exists!
2022-11-08 11:41:32,029 [Listener at 127.0.0.1/46561] INFO  http.BaseHttpServer (BaseHttpServer.java:updateConnectorAddress(333)) - HTTP server of hddsDatanode listening at http://0.0.0.0:38195
2022-11-08 11:41:32,030 [Datanode State Machine Daemon Thread] INFO  statemachine.DatanodeStateMachine (DatanodeStateMachine.java:lambda$startDaemon$0(505)) - Ozone container server started.
2022-11-08 11:41:32,030 [Listener at 127.0.0.1/46561] INFO  ozone.MiniOzoneClusterImpl (MiniOzoneClusterImpl.java:lambda$waitForClusterToBeReady$0(216)) - Waiting for nodes to be ready. Got 0 of 6 DN Heartbeats.
2022-11-08 11:41:32,031 [Listener at 127.0.0.1/46561] INFO  ozone.MiniOzoneClusterImpl (MiniOzoneClusterImpl.java:lambda$waitForClusterToBeReady$0(219)) - Waiting for cluster to exit safe mode
2022-11-08 11:41:32,031 [Listener at 127.0.0.1/46561] INFO  ozone.MiniOzoneClusterImpl (MiniOzoneClusterImpl.java:lambda$waitForClusterToBeReady$0(221)) - SCM became leader
2022-11-08 11:41:32,033 [org.apache.hadoop.util.JvmPauseMonitor$Monitor@4f6053d7] INFO  util.JvmPauseMonitor (JvmPauseMonitor.java:run(188)) - Starting JVM pause monitor
2022-11-08 11:41:32,034 [Datanode State Machine Task Thread - 0] INFO  datanode.InitDatanodeState (InitDatanodeState.java:persistContainerDatanodeDetails(138)) - DatanodeDetails is persisted to /home/runner/work/ozone/ozone/hadoop-ozone/integration-test/target/test-dir/MiniOzoneClusterImpl-08243b3f-be7e-4743-8f19-be1c242049e7/datanode-5/meta/datanode.id
2022-11-08 11:41:32,110 [EndpointStateMachine task thread for /0.0.0.0:35447 - 0 ] INFO  utils.DatanodeStoreCache (DatanodeStoreCache.java:addDB(58)) - Added db /home/runner/work/ozone/ozone/hadoop-ozone/integration-test/target/test-dir/MiniOzoneClusterImpl-08243b3f-be7e-4743-8f19-be1c242049e7/datanode-0/data-0/containers/hdds/08243b3f-be7e-4743-8f19-be1c242049e7/DS-95b251e3-a3b5-4364-b00d-ae9f3ac9fb0a/container.db to cache
2022-11-08 11:41:32,110 [EndpointStateMachine task thread for /0.0.0.0:35447 - 0 ] INFO  volume.HddsVolume (HddsVolume.java:createDbStore(307)) - SchemaV3 db is created and loaded at /home/runner/work/ozone/ozone/hadoop-ozone/integration-test/target/test-dir/MiniOzoneClusterImpl-08243b3f-be7e-4743-8f19-be1c242049e7/datanode-0/data-0/containers/hdds/08243b3f-be7e-4743-8f19-be1c242049e7/DS-95b251e3-a3b5-4364-b00d-ae9f3ac9fb0a/container.db for volume DS-95b251e3-a3b5-4364-b00d-ae9f3ac9fb0a
2022-11-08 11:41:32,111 [EndpointStateMachine task thread for /0.0.0.0:35447 - 0 ] INFO  ozoneimpl.OzoneContainer (OzoneContainer.java:start(378)) - Attempting to start container services.
2022-11-08 11:41:32,111 [EndpointStateMachine task thread for /0.0.0.0:35447 - 0 ] INFO  ozoneimpl.OzoneContainer (OzoneContainer.java:startContainerScrub(313)) - Background container scanner has been disabled.
2022-11-08 11:41:32,113 [EndpointStateMachine task thread for /0.0.0.0:35447 - 0 ] INFO  replication.ReplicationServer (ReplicationServer.java:start(111)) - ReplicationServer is started using port 35471
2022-11-08 11:41:32,114 [EndpointStateMachine task thread for /0.0.0.0:35447 - 0 ] INFO  ratis.XceiverServerRatis (XceiverServerRatis.java:start(481)) - Starting XceiverServerRatis 9f6d9e32-b5ab-49ef-be08-a692056fb1f3
2022-11-08 11:41:32,115 [EndpointStateMachine task thread for /0.0.0.0:35447 - 0 ] INFO  server.RaftServer (RaftServerProxy.java:startImpl(393)) - 9f6d9e32-b5ab-49ef-be08-a692056fb1f3: start RPC server
2022-11-08 11:41:32,121 [EndpointStateMachine task thread for /0.0.0.0:35447 - 0 ] INFO  server.GrpcService (GrpcService.java:startImpl(270)) - 9f6d9e32-b5ab-49ef-be08-a692056fb1f3: GrpcService started, listening on 37217
2022-11-08 11:41:32,122 [EndpointStateMachine task thread for /0.0.0.0:35447 - 0 ] INFO  ratis.XceiverServerRatis (XceiverServerRatis.java:getRealPort(502)) - XceiverServerRatis 9f6d9e32-b5ab-49ef-be08-a692056fb1f3 is started using port 37217 for RATIS
2022-11-08 11:41:32,122 [JvmPauseMonitor12] INFO  util.JvmPauseMonitor (JvmPauseMonitor.java:run(105)) - JvmPauseMonitor-9f6d9e32-b5ab-49ef-be08-a692056fb1f3: Started
2022-11-08 11:41:32,122 [EndpointStateMachine task thread for /0.0.0.0:35447 - 0 ] INFO  ratis.XceiverServerRatis (XceiverServerRatis.java:getRealPort(502)) - XceiverServerRatis 9f6d9e32-b5ab-49ef-be08-a692056fb1f3 is started using port 37217 for RATIS_ADMIN
2022-11-08 11:41:32,122 [EndpointStateMachine task thread for /0.0.0.0:35447 - 0 ] INFO  ratis.XceiverServerRatis (XceiverServerRatis.java:getRealPort(502)) - XceiverServerRatis 9f6d9e32-b5ab-49ef-be08-a692056fb1f3 is started using port 37217 for RATIS_SERVER
2022-11-08 11:41:32,126 [EndpointStateMachine task thread for /0.0.0.0:35447 - 0 ] INFO  server.XceiverServerGrpc (XceiverServerGrpc.java:start(180)) - XceiverServerGrpc 9f6d9e32-b5ab-49ef-be08-a692056fb1f3 is started using port 37835
2022-11-08 11:41:32,524 [EndpointStateMachine task thread for /0.0.0.0:35447 - 0 ] INFO  utils.DatanodeStoreCache (DatanodeStoreCache.java:addDB(58)) - Added db /home/runner/work/ozone/ozone/hadoop-ozone/integration-test/target/test-dir/MiniOzoneClusterImpl-08243b3f-be7e-4743-8f19-be1c242049e7/datanode-1/data-0/containers/hdds/08243b3f-be7e-4743-8f19-be1c242049e7/DS-a98a8fca-b184-4de1-9041-9f58bb04e097/container.db to cache
2022-11-08 11:41:32,524 [EndpointStateMachine task thread for /0.0.0.0:35447 - 0 ] INFO  volume.HddsVolume (HddsVolume.java:createDbStore(307)) - SchemaV3 db is created and loaded at /home/runner/work/ozone/ozone/hadoop-ozone/integration-test/target/test-dir/MiniOzoneClusterImpl-08243b3f-be7e-4743-8f19-be1c242049e7/datanode-1/data-0/containers/hdds/08243b3f-be7e-4743-8f19-be1c242049e7/DS-a98a8fca-b184-4de1-9041-9f58bb04e097/container.db for volume DS-a98a8fca-b184-4de1-9041-9f58bb04e097
2022-11-08 11:41:32,524 [EndpointStateMachine task thread for /0.0.0.0:35447 - 0 ] INFO  ozoneimpl.OzoneContainer (OzoneContainer.java:start(378)) - Attempting to start container services.
2022-11-08 11:41:32,525 [EndpointStateMachine task thread for /0.0.0.0:35447 - 0 ] INFO  ozoneimpl.OzoneContainer (OzoneContainer.java:startContainerScrub(313)) - Background container scanner has been disabled.
2022-11-08 11:41:32,531 [EndpointStateMachine task thread for /0.0.0.0:35447 - 0 ] INFO  replication.ReplicationServer (ReplicationServer.java:start(111)) - ReplicationServer is started using port 46689
2022-11-08 11:41:32,531 [EndpointStateMachine task thread for /0.0.0.0:35447 - 0 ] INFO  ratis.XceiverServerRatis (XceiverServerRatis.java:start(481)) - Starting XceiverServerRatis 86012a26-2f7a-42b0-9674-f0c6f2d36cf9
2022-11-08 11:41:32,532 [EndpointStateMachine task thread for /0.0.0.0:35447 - 0 ] INFO  server.RaftServer (RaftServerProxy.java:startImpl(393)) - 86012a26-2f7a-42b0-9674-f0c6f2d36cf9: start RPC server
2022-11-08 11:41:32,536 [EndpointStateMachine task thread for /0.0.0.0:35447 - 0 ] INFO  server.GrpcService (GrpcService.java:startImpl(270)) - 86012a26-2f7a-42b0-9674-f0c6f2d36cf9: GrpcService started, listening on 45781
2022-11-08 11:41:32,536 [EndpointStateMachine task thread for /0.0.0.0:35447 - 0 ] INFO  ratis.XceiverServerRatis (XceiverServerRatis.java:getRealPort(502)) - XceiverServerRatis 86012a26-2f7a-42b0-9674-f0c6f2d36cf9 is started using port 45781 for RATIS
2022-11-08 11:41:32,536 [EndpointStateMachine task thread for /0.0.0.0:35447 - 0 ] INFO  ratis.XceiverServerRatis (XceiverServerRatis.java:getRealPort(502)) - XceiverServerRatis 86012a26-2f7a-42b0-9674-f0c6f2d36cf9 is started using port 45781 for RATIS_ADMIN
2022-11-08 11:41:32,536 [JvmPauseMonitor13] INFO  util.JvmPauseMonitor (JvmPauseMonitor.java:run(105)) - JvmPauseMonitor-86012a26-2f7a-42b0-9674-f0c6f2d36cf9: Started
2022-11-08 11:41:32,536 [EndpointStateMachine task thread for /0.0.0.0:35447 - 0 ] INFO  ratis.XceiverServerRatis (XceiverServerRatis.java:getRealPort(502)) - XceiverServerRatis 86012a26-2f7a-42b0-9674-f0c6f2d36cf9 is started using port 45781 for RATIS_SERVER
2022-11-08 11:41:32,539 [EndpointStateMachine task thread for /0.0.0.0:35447 - 0 ] INFO  server.XceiverServerGrpc (XceiverServerGrpc.java:start(180)) - XceiverServerGrpc 86012a26-2f7a-42b0-9674-f0c6f2d36cf9 is started using port 33505
2022-11-08 11:41:32,899 [EndpointStateMachine task thread for /0.0.0.0:35447 - 0 ] INFO  utils.DatanodeStoreCache (DatanodeStoreCache.java:addDB(58)) - Added db /home/runner/work/ozone/ozone/hadoop-ozone/integration-test/target/test-dir/MiniOzoneClusterImpl-08243b3f-be7e-4743-8f19-be1c242049e7/datanode-2/data-0/containers/hdds/08243b3f-be7e-4743-8f19-be1c242049e7/DS-fa9863d9-606d-4e6e-b819-6d7b1d86ecbe/container.db to cache
2022-11-08 11:41:32,899 [EndpointStateMachine task thread for /0.0.0.0:35447 - 0 ] INFO  volume.HddsVolume (HddsVolume.java:createDbStore(307)) - SchemaV3 db is created and loaded at /home/runner/work/ozone/ozone/hadoop-ozone/integration-test/target/test-dir/MiniOzoneClusterImpl-08243b3f-be7e-4743-8f19-be1c242049e7/datanode-2/data-0/containers/hdds/08243b3f-be7e-4743-8f19-be1c242049e7/DS-fa9863d9-606d-4e6e-b819-6d7b1d86ecbe/container.db for volume DS-fa9863d9-606d-4e6e-b819-6d7b1d86ecbe
2022-11-08 11:41:32,900 [EndpointStateMachine task thread for /0.0.0.0:35447 - 0 ] INFO  ozoneimpl.OzoneContainer (OzoneContainer.java:start(378)) - Attempting to start container services.
2022-11-08 11:41:32,900 [EndpointStateMachine task thread for /0.0.0.0:35447 - 0 ] INFO  ozoneimpl.OzoneContainer (OzoneContainer.java:startContainerScrub(313)) - Background container scanner has been disabled.
2022-11-08 11:41:32,909 [EndpointStateMachine task thread for /0.0.0.0:35447 - 0 ] INFO  replication.ReplicationServer (ReplicationServer.java:start(111)) - ReplicationServer is started using port 34781
2022-11-08 11:41:32,910 [EndpointStateMachine task thread for /0.0.0.0:35447 - 0 ] INFO  ratis.XceiverServerRatis (XceiverServerRatis.java:start(481)) - Starting XceiverServerRatis 69ebc52a-668b-4a1b-b1c8-adfe2408a111
2022-11-08 11:41:32,911 [EndpointStateMachine task thread for /0.0.0.0:35447 - 0 ] INFO  server.RaftServer (RaftServerProxy.java:startImpl(393)) - 69ebc52a-668b-4a1b-b1c8-adfe2408a111: start RPC server
2022-11-08 11:41:32,915 [EndpointStateMachine task thread for /0.0.0.0:35447 - 0 ] INFO  server.GrpcService (GrpcService.java:startImpl(270)) - 69ebc52a-668b-4a1b-b1c8-adfe2408a111: GrpcService started, listening on 42155
2022-11-08 11:41:32,915 [EndpointStateMachine task thread for /0.0.0.0:35447 - 0 ] INFO  ratis.XceiverServerRatis (XceiverServerRatis.java:getRealPort(502)) - XceiverServerRatis 69ebc52a-668b-4a1b-b1c8-adfe2408a111 is started using port 42155 for RATIS
2022-11-08 11:41:32,915 [EndpointStateMachine task thread for /0.0.0.0:35447 - 0 ] INFO  ratis.XceiverServerRatis (XceiverServerRatis.java:getRealPort(502)) - XceiverServerRatis 69ebc52a-668b-4a1b-b1c8-adfe2408a111 is started using port 42155 for RATIS_ADMIN
2022-11-08 11:41:32,915 [EndpointStateMachine task thread for /0.0.0.0:35447 - 0 ] INFO  ratis.XceiverServerRatis (XceiverServerRatis.java:getRealPort(502)) - XceiverServerRatis 69ebc52a-668b-4a1b-b1c8-adfe2408a111 is started using port 42155 for RATIS_SERVER
2022-11-08 11:41:32,915 [JvmPauseMonitor14] INFO  util.JvmPauseMonitor (JvmPauseMonitor.java:run(105)) - JvmPauseMonitor-69ebc52a-668b-4a1b-b1c8-adfe2408a111: Started
2022-11-08 11:41:32,924 [EndpointStateMachine task thread for /0.0.0.0:35447 - 0 ] INFO  server.XceiverServerGrpc (XceiverServerGrpc.java:start(180)) - XceiverServerGrpc 69ebc52a-668b-4a1b-b1c8-adfe2408a111 is started using port 44789
2022-11-08 11:41:33,032 [Listener at 127.0.0.1/46561] INFO  ozone.MiniOzoneClusterImpl (MiniOzoneClusterImpl.java:lambda$waitForClusterToBeReady$0(216)) - Waiting for nodes to be ready. Got 0 of 6 DN Heartbeats.
2022-11-08 11:41:33,032 [Listener at 127.0.0.1/46561] INFO  ozone.MiniOzoneClusterImpl (MiniOzoneClusterImpl.java:lambda$waitForClusterToBeReady$0(219)) - Waiting for cluster to exit safe mode
2022-11-08 11:41:33,032 [Listener at 127.0.0.1/46561] INFO  ozone.MiniOzoneClusterImpl (MiniOzoneClusterImpl.java:lambda$waitForClusterToBeReady$0(221)) - SCM became leader
2022-11-08 11:41:33,283 [EndpointStateMachine task thread for /0.0.0.0:35447 - 0 ] INFO  utils.DatanodeStoreCache (DatanodeStoreCache.java:addDB(58)) - Added db /home/runner/work/ozone/ozone/hadoop-ozone/integration-test/target/test-dir/MiniOzoneClusterImpl-08243b3f-be7e-4743-8f19-be1c242049e7/datanode-3/data-0/containers/hdds/08243b3f-be7e-4743-8f19-be1c242049e7/DS-c7fcc46c-7640-41a8-8545-4ff3bda99373/container.db to cache
2022-11-08 11:41:33,283 [EndpointStateMachine task thread for /0.0.0.0:35447 - 0 ] INFO  volume.HddsVolume (HddsVolume.java:createDbStore(307)) - SchemaV3 db is created and loaded at /home/runner/work/ozone/ozone/hadoop-ozone/integration-test/target/test-dir/MiniOzoneClusterImpl-08243b3f-be7e-4743-8f19-be1c242049e7/datanode-3/data-0/containers/hdds/08243b3f-be7e-4743-8f19-be1c242049e7/DS-c7fcc46c-7640-41a8-8545-4ff3bda99373/container.db for volume DS-c7fcc46c-7640-41a8-8545-4ff3bda99373
2022-11-08 11:41:33,284 [EndpointStateMachine task thread for /0.0.0.0:35447 - 0 ] INFO  ozoneimpl.OzoneContainer (OzoneContainer.java:start(378)) - Attempting to start container services.
2022-11-08 11:41:33,284 [EndpointStateMachine task thread for /0.0.0.0:35447 - 0 ] INFO  ozoneimpl.OzoneContainer (OzoneContainer.java:startContainerScrub(313)) - Background container scanner has been disabled.
2022-11-08 11:41:33,294 [EndpointStateMachine task thread for /0.0.0.0:35447 - 0 ] INFO  replication.ReplicationServer (ReplicationServer.java:start(111)) - ReplicationServer is started using port 45051
2022-11-08 11:41:33,295 [EndpointStateMachine task thread for /0.0.0.0:35447 - 0 ] INFO  ratis.XceiverServerRatis (XceiverServerRatis.java:start(481)) - Starting XceiverServerRatis 188713c8-c2c6-4040-a876-e7c7ddd4017d
2022-11-08 11:41:33,302 [EndpointStateMachine task thread for /0.0.0.0:35447 - 0 ] INFO  server.RaftServer (RaftServerProxy.java:startImpl(393)) - 188713c8-c2c6-4040-a876-e7c7ddd4017d: start RPC server
2022-11-08 11:41:33,305 [EndpointStateMachine task thread for /0.0.0.0:35447 - 0 ] INFO  server.GrpcService (GrpcService.java:startImpl(270)) - 188713c8-c2c6-4040-a876-e7c7ddd4017d: GrpcService started, listening on 40121
2022-11-08 11:41:33,312 [EndpointStateMachine task thread for /0.0.0.0:35447 - 0 ] INFO  ratis.XceiverServerRatis (XceiverServerRatis.java:getRealPort(502)) - XceiverServerRatis 188713c8-c2c6-4040-a876-e7c7ddd4017d is started using port 40121 for RATIS
2022-11-08 11:41:33,312 [EndpointStateMachine task thread for /0.0.0.0:35447 - 0 ] INFO  ratis.XceiverServerRatis (XceiverServerRatis.java:getRealPort(502)) - XceiverServerRatis 188713c8-c2c6-4040-a876-e7c7ddd4017d is started using port 40121 for RATIS_ADMIN
2022-11-08 11:41:33,312 [EndpointStateMachine task thread for /0.0.0.0:35447 - 0 ] INFO  ratis.XceiverServerRatis (XceiverServerRatis.java:getRealPort(502)) - XceiverServerRatis 188713c8-c2c6-4040-a876-e7c7ddd4017d is started using port 40121 for RATIS_SERVER
2022-11-08 11:41:33,312 [JvmPauseMonitor15] INFO  util.JvmPauseMonitor (JvmPauseMonitor.java:run(105)) - JvmPauseMonitor-188713c8-c2c6-4040-a876-e7c7ddd4017d: Started
2022-11-08 11:41:33,315 [EndpointStateMachine task thread for /0.0.0.0:35447 - 0 ] INFO  server.XceiverServerGrpc (XceiverServerGrpc.java:start(180)) - XceiverServerGrpc 188713c8-c2c6-4040-a876-e7c7ddd4017d is started using port 40641
2022-11-08 11:41:33,702 [EndpointStateMachine task thread for /0.0.0.0:35447 - 0 ] INFO  utils.DatanodeStoreCache (DatanodeStoreCache.java:addDB(58)) - Added db /home/runner/work/ozone/ozone/hadoop-ozone/integration-test/target/test-dir/MiniOzoneClusterImpl-08243b3f-be7e-4743-8f19-be1c242049e7/datanode-4/data-0/containers/hdds/08243b3f-be7e-4743-8f19-be1c242049e7/DS-c2a2d4e6-6b17-4d61-a2a8-b70d616f1a27/container.db to cache
2022-11-08 11:41:33,702 [EndpointStateMachine task thread for /0.0.0.0:35447 - 0 ] INFO  volume.HddsVolume (HddsVolume.java:createDbStore(307)) - SchemaV3 db is created and loaded at /home/runner/work/ozone/ozone/hadoop-ozone/integration-test/target/test-dir/MiniOzoneClusterImpl-08243b3f-be7e-4743-8f19-be1c242049e7/datanode-4/data-0/containers/hdds/08243b3f-be7e-4743-8f19-be1c242049e7/DS-c2a2d4e6-6b17-4d61-a2a8-b70d616f1a27/container.db for volume DS-c2a2d4e6-6b17-4d61-a2a8-b70d616f1a27
2022-11-08 11:41:33,702 [EndpointStateMachine task thread for /0.0.0.0:35447 - 0 ] INFO  ozoneimpl.OzoneContainer (OzoneContainer.java:start(378)) - Attempting to start container services.
2022-11-08 11:41:33,703 [EndpointStateMachine task thread for /0.0.0.0:35447 - 0 ] INFO  ozoneimpl.OzoneContainer (OzoneContainer.java:startContainerScrub(313)) - Background container scanner has been disabled.
2022-11-08 11:41:33,706 [EndpointStateMachine task thread for /0.0.0.0:35447 - 0 ] INFO  replication.ReplicationServer (ReplicationServer.java:start(111)) - ReplicationServer is started using port 42249
2022-11-08 11:41:33,707 [EndpointStateMachine task thread for /0.0.0.0:35447 - 0 ] INFO  ratis.XceiverServerRatis (XceiverServerRatis.java:start(481)) - Starting XceiverServerRatis f62ccb74-7881-4f2b-9330-2297662ca0ca
2022-11-08 11:41:33,708 [EndpointStateMachine task thread for /0.0.0.0:35447 - 0 ] INFO  server.RaftServer (RaftServerProxy.java:startImpl(393)) - f62ccb74-7881-4f2b-9330-2297662ca0ca: start RPC server
2022-11-08 11:41:33,710 [EndpointStateMachine task thread for /0.0.0.0:35447 - 0 ] INFO  server.GrpcService (GrpcService.java:startImpl(270)) - f62ccb74-7881-4f2b-9330-2297662ca0ca: GrpcService started, listening on 45879
2022-11-08 11:41:33,712 [EndpointStateMachine task thread for /0.0.0.0:35447 - 0 ] INFO  ratis.XceiverServerRatis (XceiverServerRatis.java:getRealPort(502)) - XceiverServerRatis f62ccb74-7881-4f2b-9330-2297662ca0ca is started using port 45879 for RATIS
2022-11-08 11:41:33,712 [EndpointStateMachine task thread for /0.0.0.0:35447 - 0 ] INFO  ratis.XceiverServerRatis (XceiverServerRatis.java:getRealPort(502)) - XceiverServerRatis f62ccb74-7881-4f2b-9330-2297662ca0ca is started using port 45879 for RATIS_ADMIN
2022-11-08 11:41:33,712 [JvmPauseMonitor16] INFO  util.JvmPauseMonitor (JvmPauseMonitor.java:run(105)) - JvmPauseMonitor-f62ccb74-7881-4f2b-9330-2297662ca0ca: Started
2022-11-08 11:41:33,712 [EndpointStateMachine task thread for /0.0.0.0:35447 - 0 ] INFO  ratis.XceiverServerRatis (XceiverServerRatis.java:getRealPort(502)) - XceiverServerRatis f62ccb74-7881-4f2b-9330-2297662ca0ca is started using port 45879 for RATIS_SERVER
2022-11-08 11:41:33,715 [EndpointStateMachine task thread for /0.0.0.0:35447 - 0 ] INFO  server.XceiverServerGrpc (XceiverServerGrpc.java:start(180)) - XceiverServerGrpc f62ccb74-7881-4f2b-9330-2297662ca0ca is started using port 42685
2022-11-08 11:41:34,033 [Listener at 127.0.0.1/46561] INFO  ozone.MiniOzoneClusterImpl (MiniOzoneClusterImpl.java:lambda$waitForClusterToBeReady$0(216)) - Waiting for nodes to be ready. Got 0 of 6 DN Heartbeats.
2022-11-08 11:41:34,033 [Listener at 127.0.0.1/46561] INFO  ozone.MiniOzoneClusterImpl (MiniOzoneClusterImpl.java:lambda$waitForClusterToBeReady$0(219)) - Waiting for cluster to exit safe mode
2022-11-08 11:41:34,033 [Listener at 127.0.0.1/46561] INFO  ozone.MiniOzoneClusterImpl (MiniOzoneClusterImpl.java:lambda$waitForClusterToBeReady$0(221)) - SCM became leader
2022-11-08 11:41:34,062 [IPC Server handler 2 on default port 35447] INFO  net.NetworkTopologyImpl (NetworkTopologyImpl.java:add(112)) - Added a new node: /default-rack/9f6d9e32-b5ab-49ef-be08-a692056fb1f3
2022-11-08 11:41:34,062 [IPC Server handler 2 on default port 35447] INFO  node.SCMNodeManager (SCMNodeManager.java:register(397)) - Registered Data node : 9f6d9e32-b5ab-49ef-be08-a692056fb1f3{ip: 10.1.0.111, host: fv-az573-890.uspngagyt4suddso0aj1djjezg.dx.internal.cloudapp.net, ports: [REPLICATION=35471, RATIS=37217, RATIS_ADMIN=37217, RATIS_SERVER=37217, STANDALONE=37835], networkLocation: /default-rack, certSerialId: null, persistedOpState: null, persistedOpStateExpiryEpochSec: 0}
2022-11-08 11:41:34,067 [EventQueue-NewNodeForNewNodeHandler] INFO  pipeline.BackgroundPipelineCreator (BackgroundPipelineCreator.java:notifyEventTriggered(276)) - trigger a one-shot run on RatisPipelineUtilsThread.
2022-11-08 11:41:34,067 [EventQueue-NodeRegistrationContainerReportForDataNodeSafeModeRule] INFO  safemode.SCMSafeModeManager (DataNodeSafeModeRule.java:process(71)) - SCM in safe mode. 1 DataNodes registered, 3 required.
2022-11-08 11:41:34,068 [EventQueue-NodeRegistrationContainerReportForContainerSafeModeRule] INFO  safemode.SCMSafeModeManager (SCMSafeModeManager.java:validateSafeModeExitRules(204)) - ContainerSafeModeRule rule is successfully validated
2022-11-08 11:41:34,073 [EventQueue-PipelineReportForOneReplicaPipelineSafeModeRule] INFO  safemode.SCMSafeModeManager (SCMSafeModeManager.java:validateSafeModeExitRules(204)) - AtleastOneDatanodeReportedRule rule is successfully validated
2022-11-08 11:41:34,081 [EndpointStateMachine task thread for /0.0.0.0:35447 - 0 ] INFO  utils.DatanodeStoreCache (DatanodeStoreCache.java:addDB(58)) - Added db /home/runner/work/ozone/ozone/hadoop-ozone/integration-test/target/test-dir/MiniOzoneClusterImpl-08243b3f-be7e-4743-8f19-be1c242049e7/datanode-5/data-0/containers/hdds/08243b3f-be7e-4743-8f19-be1c242049e7/DS-621f1578-9667-4ad9-94ca-af82eaeeec42/container.db to cache
2022-11-08 11:41:34,082 [EndpointStateMachine task thread for /0.0.0.0:35447 - 0 ] INFO  volume.HddsVolume (HddsVolume.java:createDbStore(307)) - SchemaV3 db is created and loaded at /home/runner/work/ozone/ozone/hadoop-ozone/integration-test/target/test-dir/MiniOzoneClusterImpl-08243b3f-be7e-4743-8f19-be1c242049e7/datanode-5/data-0/containers/hdds/08243b3f-be7e-4743-8f19-be1c242049e7/DS-621f1578-9667-4ad9-94ca-af82eaeeec42/container.db for volume DS-621f1578-9667-4ad9-94ca-af82eaeeec42
2022-11-08 11:41:34,082 [EndpointStateMachine task thread for /0.0.0.0:35447 - 0 ] INFO  ozoneimpl.OzoneContainer (OzoneContainer.java:start(378)) - Attempting to start container services.
2022-11-08 11:41:34,082 [EndpointStateMachine task thread for /0.0.0.0:35447 - 0 ] INFO  ozoneimpl.OzoneContainer (OzoneContainer.java:startContainerScrub(313)) - Background container scanner has been disabled.
2022-11-08 11:41:34,086 [EndpointStateMachine task thread for /0.0.0.0:35447 - 0 ] INFO  replication.ReplicationServer (ReplicationServer.java:start(111)) - ReplicationServer is started using port 33047
2022-11-08 11:41:34,087 [EndpointStateMachine task thread for /0.0.0.0:35447 - 0 ] INFO  ratis.XceiverServerRatis (XceiverServerRatis.java:start(481)) - Starting XceiverServerRatis d1b20379-1bd2-4861-a9be-2c8bcc065cb9
2022-11-08 11:41:34,088 [EndpointStateMachine task thread for /0.0.0.0:35447 - 0 ] INFO  server.RaftServer (RaftServerProxy.java:startImpl(393)) - d1b20379-1bd2-4861-a9be-2c8bcc065cb9: start RPC server
2022-11-08 11:41:34,092 [EndpointStateMachine task thread for /0.0.0.0:35447 - 0 ] INFO  server.GrpcService (GrpcService.java:startImpl(270)) - d1b20379-1bd2-4861-a9be-2c8bcc065cb9: GrpcService started, listening on 33049
2022-11-08 11:41:34,092 [EndpointStateMachine task thread for /0.0.0.0:35447 - 0 ] INFO  ratis.XceiverServerRatis (XceiverServerRatis.java:getRealPort(502)) - XceiverServerRatis d1b20379-1bd2-4861-a9be-2c8bcc065cb9 is started using port 33049 for RATIS
2022-11-08 11:41:34,092 [JvmPauseMonitor17] INFO  util.JvmPauseMonitor (JvmPauseMonitor.java:run(105)) - JvmPauseMonitor-d1b20379-1bd2-4861-a9be-2c8bcc065cb9: Started
2022-11-08 11:41:34,092 [EndpointStateMachine task thread for /0.0.0.0:35447 - 0 ] INFO  ratis.XceiverServerRatis (XceiverServerRatis.java:getRealPort(502)) - XceiverServerRatis d1b20379-1bd2-4861-a9be-2c8bcc065cb9 is started using port 33049 for RATIS_ADMIN
2022-11-08 11:41:34,092 [EndpointStateMachine task thread for /0.0.0.0:35447 - 0 ] INFO  ratis.XceiverServerRatis (XceiverServerRatis.java:getRealPort(502)) - XceiverServerRatis d1b20379-1bd2-4861-a9be-2c8bcc065cb9 is started using port 33049 for RATIS_SERVER
2022-11-08 11:41:34,097 [EndpointStateMachine task thread for /0.0.0.0:35447 - 0 ] INFO  server.XceiverServerGrpc (XceiverServerGrpc.java:start(180)) - XceiverServerGrpc d1b20379-1bd2-4861-a9be-2c8bcc065cb9 is started using port 37161
2022-11-08 11:41:34,479 [IPC Server handler 15 on default port 35447] INFO  net.NetworkTopologyImpl (NetworkTopologyImpl.java:add(112)) - Added a new node: /default-rack/86012a26-2f7a-42b0-9674-f0c6f2d36cf9
2022-11-08 11:41:34,479 [IPC Server handler 15 on default port 35447] INFO  node.SCMNodeManager (SCMNodeManager.java:register(397)) - Registered Data node : 86012a26-2f7a-42b0-9674-f0c6f2d36cf9{ip: 10.1.0.111, host: fv-az573-890.uspngagyt4suddso0aj1djjezg.dx.internal.cloudapp.net, ports: [REPLICATION=46689, RATIS=45781, RATIS_ADMIN=45781, RATIS_SERVER=45781, STANDALONE=33505], networkLocation: /default-rack, certSerialId: null, persistedOpState: null, persistedOpStateExpiryEpochSec: 0}
2022-11-08 11:41:34,481 [EventQueue-NewNodeForNewNodeHandler] INFO  pipeline.BackgroundPipelineCreator (BackgroundPipelineCreator.java:notifyEventTriggered(276)) - trigger a one-shot run on RatisPipelineUtilsThread.
2022-11-08 11:41:34,481 [EventQueue-NodeRegistrationContainerReportForDataNodeSafeModeRule] INFO  safemode.SCMSafeModeManager (DataNodeSafeModeRule.java:process(71)) - SCM in safe mode. 2 DataNodes registered, 3 required.
2022-11-08 11:41:34,849 [IPC Server handler 0 on default port 35447] INFO  net.NetworkTopologyImpl (NetworkTopologyImpl.java:add(112)) - Added a new node: /default-rack/69ebc52a-668b-4a1b-b1c8-adfe2408a111
2022-11-08 11:41:34,849 [IPC Server handler 0 on default port 35447] INFO  node.SCMNodeManager (SCMNodeManager.java:register(397)) - Registered Data node : 69ebc52a-668b-4a1b-b1c8-adfe2408a111{ip: 10.1.0.111, host: fv-az573-890.uspngagyt4suddso0aj1djjezg.dx.internal.cloudapp.net, ports: [REPLICATION=34781, RATIS=42155, RATIS_ADMIN=42155, RATIS_SERVER=42155, STANDALONE=44789], networkLocation: /default-rack, certSerialId: null, persistedOpState: null, persistedOpStateExpiryEpochSec: 0}
2022-11-08 11:41:34,850 [EventQueue-NodeRegistrationContainerReportForDataNodeSafeModeRule] INFO  safemode.SCMSafeModeManager (DataNodeSafeModeRule.java:process(71)) - SCM in safe mode. 3 DataNodes registered, 3 required.
2022-11-08 11:41:34,850 [EventQueue-NodeRegistrationContainerReportForDataNodeSafeModeRule] INFO  safemode.SCMSafeModeManager (SCMSafeModeManager.java:validateSafeModeExitRules(204)) - DataNodeSafeModeRule rule is successfully validated
2022-11-08 11:41:34,850 [EventQueue-NodeRegistrationContainerReportForDataNodeSafeModeRule] INFO  safemode.SCMSafeModeManager (SCMSafeModeManager.java:completePreCheck(233)) - All SCM safe mode pre check rules have passed
2022-11-08 11:41:34,850 [EventQueue-NodeRegistrationContainerReportForDataNodeSafeModeRule] WARN  events.EventQueue (EventQueue.java:fireEvent(216)) - No event handler registered for event TypedEvent{payloadType=SafeModeStatus, name='Safe mode status'}
2022-11-08 11:41:34,850 [EventQueue-NodeRegistrationContainerReportForDataNodeSafeModeRule] INFO  ha.SCMContext (SCMContext.java:updateSafeModeStatus(228)) - Update SafeModeStatus from SafeModeStatus{safeModeStatus=true, preCheckPassed=false} to SafeModeStatus{safeModeStatus=true, preCheckPassed=true}.
2022-11-08 11:41:34,850 [EventQueue-NodeRegistrationContainerReportForDataNodeSafeModeRule] INFO  pipeline.BackgroundPipelineCreator (BackgroundPipelineCreator.java:notifyEventTriggered(276)) - trigger a one-shot run on RatisPipelineUtilsThread.
2022-11-08 11:41:34,851 [RatisPipelineUtilsThread - 0] INFO  pipeline.RatisPipelineProvider (RatisPipelineProvider.java:lambda$create$0(195)) - Sending CreatePipelineCommand for pipeline:PipelineID=f3424c51-a144-49a3-b366-6b0eae512540 to datanode:86012a26-2f7a-42b0-9674-f0c6f2d36cf9
2022-11-08 11:41:34,851 [RatisPipelineUtilsThread - 0] INFO  pipeline.RatisPipelineProvider (RatisPipelineProvider.java:lambda$create$0(195)) - Sending CreatePipelineCommand for pipeline:PipelineID=f3424c51-a144-49a3-b366-6b0eae512540 to datanode:69ebc52a-668b-4a1b-b1c8-adfe2408a111
2022-11-08 11:41:34,851 [EventQueue-NewNodeForNewNodeHandler] INFO  pipeline.BackgroundPipelineCreator (BackgroundPipelineCreator.java:notifyEventTriggered(276)) - trigger a one-shot run on RatisPipelineUtilsThread.
2022-11-08 11:41:34,851 [RatisPipelineUtilsThread - 0] INFO  pipeline.RatisPipelineProvider (RatisPipelineProvider.java:lambda$create$0(195)) - Sending CreatePipelineCommand for pipeline:PipelineID=f3424c51-a144-49a3-b366-6b0eae512540 to datanode:9f6d9e32-b5ab-49ef-be08-a692056fb1f3
2022-11-08 11:41:34,853 [RatisPipelineUtilsThread - 0] INFO  pipeline.PipelineStateManagerImpl (PipelineStateManagerImpl.java:addPipeline(103)) - Created pipeline Pipeline[ Id: f3424c51-a144-49a3-b366-6b0eae512540, Nodes: 86012a26-2f7a-42b0-9674-f0c6f2d36cf9{ip: 10.1.0.111, host: fv-az573-890.uspngagyt4suddso0aj1djjezg.dx.internal.cloudapp.net, ports: [REPLICATION=46689, RATIS=45781, RATIS_ADMIN=45781, RATIS_SERVER=45781, STANDALONE=33505], networkLocation: /default-rack, certSerialId: null, persistedOpState: IN_SERVICE, persistedOpStateExpiryEpochSec: 0}69ebc52a-668b-4a1b-b1c8-adfe2408a111{ip: 10.1.0.111, host: fv-az573-890.uspngagyt4suddso0aj1djjezg.dx.internal.cloudapp.net, ports: [REPLICATION=34781, RATIS=42155, RATIS_ADMIN=42155, RATIS_SERVER=42155, STANDALONE=44789], networkLocation: /default-rack, certSerialId: null, persistedOpState: IN_SERVICE, persistedOpStateExpiryEpochSec: 0}9f6d9e32-b5ab-49ef-be08-a692056fb1f3{ip: 10.1.0.111, host: fv-az573-890.uspngagyt4suddso0aj1djjezg.dx.internal.cloudapp.net, ports: [REPLICATION=35471, RATIS=37217, RATIS_ADMIN=37217, RATIS_SERVER=37217, STANDALONE=37835], networkLocation: /default-rack, certSerialId: null, persistedOpState: IN_SERVICE, persistedOpStateExpiryEpochSec: 0}, ReplicationConfig: RATIS/THREE, State:ALLOCATED, leaderId:, CreationTimestamp2022-11-08T11:41:34.851Z[Etc/UTC]].
2022-11-08 11:41:34,853 [RatisPipelineUtilsThread - 0] INFO  pipeline.RatisPipelineProvider (RatisPipelineProvider.java:lambda$create$0(195)) - Sending CreatePipelineCommand for pipeline:PipelineID=30f66c29-ad32-4878-972b-7e018c2e2285 to datanode:9f6d9e32-b5ab-49ef-be08-a692056fb1f3
2022-11-08 11:41:34,853 [RatisPipelineUtilsThread - 0] INFO  pipeline.RatisPipelineProvider (RatisPipelineProvider.java:lambda$create$0(195)) - Sending CreatePipelineCommand for pipeline:PipelineID=30f66c29-ad32-4878-972b-7e018c2e2285 to datanode:86012a26-2f7a-42b0-9674-f0c6f2d36cf9
2022-11-08 11:41:34,853 [RatisPipelineUtilsThread - 0] INFO  pipeline.RatisPipelineProvider (RatisPipelineProvider.java:lambda$create$0(195)) - Sending CreatePipelineCommand for pipeline:PipelineID=30f66c29-ad32-4878-972b-7e018c2e2285 to datanode:69ebc52a-668b-4a1b-b1c8-adfe2408a111
2022-11-08 11:41:34,854 [RatisPipelineUtilsThread - 0] INFO  pipeline.PipelineStateManagerImpl (PipelineStateManagerImpl.java:addPipeline(103)) - Created pipeline Pipeline[ Id: 30f66c29-ad32-4878-972b-7e018c2e2285, Nodes: 9f6d9e32-b5ab-49ef-be08-a692056fb1f3{ip: 10.1.0.111, host: fv-az573-890.uspngagyt4suddso0aj1djjezg.dx.internal.cloudapp.net, ports: [REPLICATION=35471, RATIS=37217, RATIS_ADMIN=37217, RATIS_SERVER=37217, STANDALONE=37835], networkLocation: /default-rack, certSerialId: null, persistedOpState: IN_SERVICE, persistedOpStateExpiryEpochSec: 0}86012a26-2f7a-42b0-9674-f0c6f2d36cf9{ip: 10.1.0.111, host: fv-az573-890.uspngagyt4suddso0aj1djjezg.dx.internal.cloudapp.net, ports: [REPLICATION=46689, RATIS=45781, RATIS_ADMIN=45781, RATIS_SERVER=45781, STANDALONE=33505], networkLocation: /default-rack, certSerialId: null, persistedOpState: IN_SERVICE, persistedOpStateExpiryEpochSec: 0}69ebc52a-668b-4a1b-b1c8-adfe2408a111{ip: 10.1.0.111, host: fv-az573-890.uspngagyt4suddso0aj1djjezg.dx.internal.cloudapp.net, ports: [REPLICATION=34781, RATIS=42155, RATIS_ADMIN=42155, RATIS_SERVER=42155, STANDALONE=44789], networkLocation: /default-rack, certSerialId: null, persistedOpState: IN_SERVICE, persistedOpStateExpiryEpochSec: 0}, ReplicationConfig: RATIS/THREE, State:ALLOCATED, leaderId:, CreationTimestamp2022-11-08T11:41:34.853Z[Etc/UTC]].
2022-11-08 11:41:34,854 [RatisPipelineUtilsThread - 0] INFO  pipeline.PipelineManagerImpl (PipelineManagerImpl.java:recordMetricsForPipeline(826)) - Pipeline: PipelineID=30f66c29-ad32-4878-972b-7e018c2e2285 contains same datanodes as previous pipelines: PipelineID=f3424c51-a144-49a3-b366-6b0eae512540 nodeIds: 9f6d9e32-b5ab-49ef-be08-a692056fb1f3, 86012a26-2f7a-42b0-9674-f0c6f2d36cf9, 69ebc52a-668b-4a1b-b1c8-adfe2408a111
2022-11-08 11:41:35,033 [Listener at 127.0.0.1/46561] INFO  ozone.MiniOzoneClusterImpl (MiniOzoneClusterImpl.java:lambda$waitForClusterToBeReady$0(216)) - Waiting for nodes to be ready. Got 3 of 6 DN Heartbeats.
2022-11-08 11:41:35,034 [Listener at 127.0.0.1/46561] INFO  ozone.MiniOzoneClusterImpl (MiniOzoneClusterImpl.java:lambda$waitForClusterToBeReady$0(219)) - Waiting for cluster to exit safe mode
2022-11-08 11:41:35,034 [Listener at 127.0.0.1/46561] INFO  ozone.MiniOzoneClusterImpl (MiniOzoneClusterImpl.java:lambda$waitForClusterToBeReady$0(221)) - SCM became leader
2022-11-08 11:41:35,234 [IPC Server handler 15 on default port 35447] INFO  net.NetworkTopologyImpl (NetworkTopologyImpl.java:add(112)) - Added a new node: /default-rack/188713c8-c2c6-4040-a876-e7c7ddd4017d
2022-11-08 11:41:35,234 [IPC Server handler 15 on default port 35447] INFO  node.SCMNodeManager (SCMNodeManager.java:register(397)) - Registered Data node : 188713c8-c2c6-4040-a876-e7c7ddd4017d{ip: 10.1.0.111, host: fv-az573-890.uspngagyt4suddso0aj1djjezg.dx.internal.cloudapp.net, ports: [REPLICATION=45051, RATIS=40121, RATIS_ADMIN=40121, RATIS_SERVER=40121, STANDALONE=40641], networkLocation: /default-rack, certSerialId: null, persistedOpState: null, persistedOpStateExpiryEpochSec: 0}
2022-11-08 11:41:35,236 [EventQueue-NewNodeForNewNodeHandler] INFO  pipeline.BackgroundPipelineCreator (BackgroundPipelineCreator.java:notifyEventTriggered(276)) - trigger a one-shot run on RatisPipelineUtilsThread.
2022-11-08 11:41:35,659 [IPC Server handler 1 on default port 35447] INFO  net.NetworkTopologyImpl (NetworkTopologyImpl.java:add(112)) - Added a new node: /default-rack/f62ccb74-7881-4f2b-9330-2297662ca0ca
2022-11-08 11:41:35,659 [IPC Server handler 1 on default port 35447] INFO  node.SCMNodeManager (SCMNodeManager.java:register(397)) - Registered Data node : f62ccb74-7881-4f2b-9330-2297662ca0ca{ip: 10.1.0.111, host: fv-az573-890.uspngagyt4suddso0aj1djjezg.dx.internal.cloudapp.net, ports: [REPLICATION=42249, RATIS=45879, RATIS_ADMIN=45879, RATIS_SERVER=45879, STANDALONE=42685], networkLocation: /default-rack, certSerialId: null, persistedOpState: null, persistedOpStateExpiryEpochSec: 0}
2022-11-08 11:41:35,659 [EventQueue-NewNodeForNewNodeHandler] INFO  pipeline.BackgroundPipelineCreator (BackgroundPipelineCreator.java:notifyEventTriggered(276)) - trigger a one-shot run on RatisPipelineUtilsThread.
2022-11-08 11:41:36,034 [Listener at 127.0.0.1/46561] INFO  ozone.MiniOzoneClusterImpl (MiniOzoneClusterImpl.java:lambda$waitForClusterToBeReady$0(216)) - Waiting for nodes to be ready. Got 5 of 6 DN Heartbeats.
2022-11-08 11:41:36,035 [Listener at 127.0.0.1/46561] INFO  ozone.MiniOzoneClusterImpl (MiniOzoneClusterImpl.java:lambda$waitForClusterToBeReady$0(219)) - Waiting for cluster to exit safe mode
2022-11-08 11:41:36,035 [Listener at 127.0.0.1/46561] INFO  ozone.MiniOzoneClusterImpl (MiniOzoneClusterImpl.java:lambda$waitForClusterToBeReady$0(221)) - SCM became leader
2022-11-08 11:41:36,035 [IPC Server handler 2 on default port 35447] INFO  net.NetworkTopologyImpl (NetworkTopologyImpl.java:add(112)) - Added a new node: /default-rack/d1b20379-1bd2-4861-a9be-2c8bcc065cb9
2022-11-08 11:41:36,036 [IPC Server handler 2 on default port 35447] INFO  node.SCMNodeManager (SCMNodeManager.java:register(397)) - Registered Data node : d1b20379-1bd2-4861-a9be-2c8bcc065cb9{ip: 10.1.0.111, host: fv-az573-890.uspngagyt4suddso0aj1djjezg.dx.internal.cloudapp.net, ports: [REPLICATION=33047, RATIS=33049, RATIS_ADMIN=33049, RATIS_SERVER=33049, STANDALONE=37161], networkLocation: /default-rack, certSerialId: null, persistedOpState: null, persistedOpStateExpiryEpochSec: 0}
2022-11-08 11:41:36,037 [EventQueue-NewNodeForNewNodeHandler] INFO  pipeline.BackgroundPipelineCreator (BackgroundPipelineCreator.java:notifyEventTriggered(276)) - trigger a one-shot run on RatisPipelineUtilsThread.
2022-11-08 11:41:36,037 [RatisPipelineUtilsThread - 0] INFO  pipeline.RatisPipelineProvider (RatisPipelineProvider.java:lambda$create$0(195)) - Sending CreatePipelineCommand for pipeline:PipelineID=eaecf3a5-4596-488f-bf4f-d1c05aeaf764 to datanode:d1b20379-1bd2-4861-a9be-2c8bcc065cb9
2022-11-08 11:41:36,038 [RatisPipelineUtilsThread - 0] INFO  pipeline.RatisPipelineProvider (RatisPipelineProvider.java:lambda$create$0(195)) - Sending CreatePipelineCommand for pipeline:PipelineID=eaecf3a5-4596-488f-bf4f-d1c05aeaf764 to datanode:f62ccb74-7881-4f2b-9330-2297662ca0ca
2022-11-08 11:41:36,038 [RatisPipelineUtilsThread - 0] INFO  pipeline.RatisPipelineProvider (RatisPipelineProvider.java:lambda$create$0(195)) - Sending CreatePipelineCommand for pipeline:PipelineID=eaecf3a5-4596-488f-bf4f-d1c05aeaf764 to datanode:188713c8-c2c6-4040-a876-e7c7ddd4017d
2022-11-08 11:41:36,038 [RatisPipelineUtilsThread - 0] INFO  pipeline.PipelineStateManagerImpl (PipelineStateManagerImpl.java:addPipeline(103)) - Created pipeline Pipeline[ Id: eaecf3a5-4596-488f-bf4f-d1c05aeaf764, Nodes: d1b20379-1bd2-4861-a9be-2c8bcc065cb9{ip: 10.1.0.111, host: fv-az573-890.uspngagyt4suddso0aj1djjezg.dx.internal.cloudapp.net, ports: [REPLICATION=33047, RATIS=33049, RATIS_ADMIN=33049, RATIS_SERVER=33049, STANDALONE=37161], networkLocation: /default-rack, certSerialId: null, persistedOpState: IN_SERVICE, persistedOpStateExpiryEpochSec: 0}f62ccb74-7881-4f2b-9330-2297662ca0ca{ip: 10.1.0.111, host: fv-az573-890.uspngagyt4suddso0aj1djjezg.dx.internal.cloudapp.net, ports: [REPLICATION=42249, RATIS=45879, RATIS_ADMIN=45879, RATIS_SERVER=45879, STANDALONE=42685], networkLocation: /default-rack, certSerialId: null, persistedOpState: IN_SERVICE, persistedOpStateExpiryEpochSec: 0}188713c8-c2c6-4040-a876-e7c7ddd4017d{ip: 10.1.0.111, host: fv-az573-890.uspngagyt4suddso0aj1djjezg.dx.internal.cloudapp.net, ports: [REPLICATION=45051, RATIS=40121, RATIS_ADMIN=40121, RATIS_SERVER=40121, STANDALONE=40641], networkLocation: /default-rack, certSerialId: null, persistedOpState: IN_SERVICE, persistedOpStateExpiryEpochSec: 0}, ReplicationConfig: RATIS/THREE, State:ALLOCATED, leaderId:, CreationTimestamp2022-11-08T11:41:36.037Z[Etc/UTC]].
2022-11-08 11:41:36,039 [RatisPipelineUtilsThread - 0] INFO  pipeline.RatisPipelineProvider (RatisPipelineProvider.java:lambda$create$0(195)) - Sending CreatePipelineCommand for pipeline:PipelineID=b527c441-1a51-4e1a-9a3d-7fa7a550f732 to datanode:d1b20379-1bd2-4861-a9be-2c8bcc065cb9
2022-11-08 11:41:36,039 [RatisPipelineUtilsThread - 0] INFO  pipeline.RatisPipelineProvider (RatisPipelineProvider.java:lambda$create$0(195)) - Sending CreatePipelineCommand for pipeline:PipelineID=b527c441-1a51-4e1a-9a3d-7fa7a550f732 to datanode:188713c8-c2c6-4040-a876-e7c7ddd4017d
2022-11-08 11:41:36,039 [RatisPipelineUtilsThread - 0] INFO  pipeline.RatisPipelineProvider (RatisPipelineProvider.java:lambda$create$0(195)) - Sending CreatePipelineCommand for pipeline:PipelineID=b527c441-1a51-4e1a-9a3d-7fa7a550f732 to datanode:f62ccb74-7881-4f2b-9330-2297662ca0ca
2022-11-08 11:41:36,041 [RatisPipelineUtilsThread - 0] INFO  pipeline.PipelineStateManagerImpl (PipelineStateManagerImpl.java:addPipeline(103)) - Created pipeline Pipeline[ Id: b527c441-1a51-4e1a-9a3d-7fa7a550f732, Nodes: d1b20379-1bd2-4861-a9be-2c8bcc065cb9{ip: 10.1.0.111, host: fv-az573-890.uspngagyt4suddso0aj1djjezg.dx.internal.cloudapp.net, ports: [REPLICATION=33047, RATIS=33049, RATIS_ADMIN=33049, RATIS_SERVER=33049, STANDALONE=37161], networkLocation: /default-rack, certSerialId: null, persistedOpState: IN_SERVICE, persistedOpStateExpiryEpochSec: 0}188713c8-c2c6-4040-a876-e7c7ddd4017d{ip: 10.1.0.111, host: fv-az573-890.uspngagyt4suddso0aj1djjezg.dx.internal.cloudapp.net, ports: [REPLICATION=45051, RATIS=40121, RATIS_ADMIN=40121, RATIS_SERVER=40121, STANDALONE=40641], networkLocation: /default-rack, certSerialId: null, persistedOpState: IN_SERVICE, persistedOpStateExpiryEpochSec: 0}f62ccb74-7881-4f2b-9330-2297662ca0ca{ip: 10.1.0.111, host: fv-az573-890.uspngagyt4suddso0aj1djjezg.dx.internal.cloudapp.net, ports: [REPLICATION=42249, RATIS=45879, RATIS_ADMIN=45879, RATIS_SERVER=45879, STANDALONE=42685], networkLocation: /default-rack, certSerialId: null, persistedOpState: IN_SERVICE, persistedOpStateExpiryEpochSec: 0}, ReplicationConfig: RATIS/THREE, State:ALLOCATED, leaderId:, CreationTimestamp2022-11-08T11:41:36.039Z[Etc/UTC]].
2022-11-08 11:41:36,041 [RatisPipelineUtilsThread - 0] INFO  pipeline.PipelineManagerImpl (PipelineManagerImpl.java:recordMetricsForPipeline(826)) - Pipeline: PipelineID=b527c441-1a51-4e1a-9a3d-7fa7a550f732 contains same datanodes as previous pipelines: PipelineID=eaecf3a5-4596-488f-bf4f-d1c05aeaf764 nodeIds: d1b20379-1bd2-4861-a9be-2c8bcc065cb9, 188713c8-c2c6-4040-a876-e7c7ddd4017d, f62ccb74-7881-4f2b-9330-2297662ca0ca
2022-11-08 11:41:37,035 [Listener at 127.0.0.1/46561] INFO  ozone.MiniOzoneClusterImpl (MiniOzoneClusterImpl.java:lambda$waitForClusterToBeReady$0(216)) - Nodes are ready. Got 6 of 6 DN Heartbeats.
2022-11-08 11:41:37,035 [Listener at 127.0.0.1/46561] INFO  ozone.MiniOzoneClusterImpl (MiniOzoneClusterImpl.java:lambda$waitForClusterToBeReady$0(219)) - Waiting for cluster to exit safe mode
2022-11-08 11:41:37,035 [Listener at 127.0.0.1/46561] INFO  ozone.MiniOzoneClusterImpl (MiniOzoneClusterImpl.java:lambda$waitForClusterToBeReady$0(221)) - SCM became leader
2022-11-08 11:41:37,062 [Command processor thread] INFO  server.RaftServer (RaftServerProxy.java:addNew(96)) - 9f6d9e32-b5ab-49ef-be08-a692056fb1f3: addNew group-6B0EAE512540:[86012a26-2f7a-42b0-9674-f0c6f2d36cf9|rpc:10.1.0.111:45781|priority:1|startupRole:FOLLOWER, 9f6d9e32-b5ab-49ef-be08-a692056fb1f3|rpc:10.1.0.111:37217|priority:0|startupRole:FOLLOWER, 69ebc52a-668b-4a1b-b1c8-adfe2408a111|rpc:10.1.0.111:42155|priority:0|startupRole:FOLLOWER] returns group-6B0EAE512540:java.util.concurrent.CompletableFuture@5eee11f6[Not completed]
2022-11-08 11:41:37,063 [pool-544-thread-1] INFO  server.RaftServer$Division (RaftServerImpl.java:<init>(195)) - 9f6d9e32-b5ab-49ef-be08-a692056fb1f3: new RaftServerImpl for group-6B0EAE512540:[86012a26-2f7a-42b0-9674-f0c6f2d36cf9|rpc:10.1.0.111:45781|priority:1|startupRole:FOLLOWER, 9f6d9e32-b5ab-49ef-be08-a692056fb1f3|rpc:10.1.0.111:37217|priority:0|startupRole:FOLLOWER, 69ebc52a-668b-4a1b-b1c8-adfe2408a111|rpc:10.1.0.111:42155|priority:0|startupRole:FOLLOWER] with ContainerStateMachine:uninitialized
2022-11-08 11:41:37,063 [pool-544-thread-1] INFO  server.RaftServerConfigKeys (ConfUtils.java:logGet(46)) - raft.server.rpc.timeout.min = 5s (custom)
2022-11-08 11:41:37,063 [pool-544-thread-1] INFO  server.RaftServerConfigKeys (ConfUtils.java:logGet(46)) - raft.server.rpc.timeout.max = 5200ms (custom)
2022-11-08 11:41:37,063 [pool-544-thread-1] INFO  server.RaftServerConfigKeys (ConfUtils.java:logGet(46)) - raft.server.rpc.sleep.time = 25ms (default)
2022-11-08 11:41:37,063 [pool-544-thread-1] INFO  server.RaftServerConfigKeys (ConfUtils.java:logGet(46)) - raft.server.rpc.slowness.timeout = 300s (custom)
2022-11-08 11:41:37,063 [pool-544-thread-1] INFO  server.RaftServerConfigKeys (ConfUtils.java:logGet(46)) - raft.server.leaderelection.leader.step-down.wait-time = 10s (default)
2022-11-08 11:41:37,064 [pool-544-thread-1] INFO  server.RaftServerConfigKeys (ConfUtils.java:logGet(46)) - raft.server.sleep.deviation.threshold = 300ms (default)
2022-11-08 11:41:37,064 [pool-544-thread-1] INFO  server.RaftServer$Division (ServerState.java:<init>(118)) - 9f6d9e32-b5ab-49ef-be08-a692056fb1f3@group-6B0EAE512540: ConfigurationManager, init=-1: peers:[86012a26-2f7a-42b0-9674-f0c6f2d36cf9|rpc:10.1.0.111:45781|priority:1|startupRole:FOLLOWER, 9f6d9e32-b5ab-49ef-be08-a692056fb1f3|rpc:10.1.0.111:37217|priority:0|startupRole:FOLLOWER, 69ebc52a-668b-4a1b-b1c8-adfe2408a111|rpc:10.1.0.111:42155|priority:0|startupRole:FOLLOWER]|listeners:[], old=null, confs=<EMPTY_MAP>
2022-11-08 11:41:37,064 [pool-544-thread-1] INFO  server.RaftServerConfigKeys (ConfUtils.java:logGet(46)) - raft.server.storage.dir = [/home/runner/work/ozone/ozone/hadoop-ozone/integration-test/target/test-dir/MiniOzoneClusterImpl-08243b3f-be7e-4743-8f19-be1c242049e7/datanode-0/data/ratis] (custom)
2022-11-08 11:41:37,064 [pool-544-thread-1] INFO  server.RaftServerConfigKeys (ConfUtils.java:logGet(46)) - raft.server.log.corruption.policy = EXCEPTION (default)
2022-11-08 11:41:37,064 [pool-544-thread-1] INFO  server.RaftServerConfigKeys (ConfUtils.java:logGet(46)) - raft.server.storage.free-space.min = 0MB (=0) (default)
2022-11-08 11:41:37,064 [pool-544-thread-1] INFO  server.RaftServerConfigKeys (ConfUtils.java:logGet(46)) - raft.server.notification.no-leader.timeout = 300s (custom)
2022-11-08 11:41:37,064 [pool-544-thread-1] INFO  server.RaftServerConfigKeys (ConfUtils.java:logGet(46)) - raft.server.retrycache.expirytime = 600000ms (custom)
2022-11-08 11:41:37,064 [pool-544-thread-1] INFO  server.RaftServerConfigKeys (ConfUtils.java:logGet(46)) - raft.server.retrycache.statistics.expirytime = 100μs (default)
2022-11-08 11:41:37,068 [pool-544-thread-1] INFO  server.RaftServerConfigKeys (ConfUtils.java:logGet(46)) - raft.server.log.appender.install.snapshot.enabled = false (custom)
2022-11-08 11:41:37,069 [pool-544-thread-1] INFO  server.RaftServerConfigKeys (ConfUtils.java:logGet(46)) - raft.server.threadpool.server.cached = true (default)
2022-11-08 11:41:37,069 [pool-544-thread-1] INFO  server.RaftServerConfigKeys (ConfUtils.java:logGet(46)) - raft.server.threadpool.server.size = 0 (default)
2022-11-08 11:41:37,069 [pool-544-thread-1] INFO  server.RaftServerConfigKeys (ConfUtils.java:logGet(46)) - raft.server.threadpool.client.cached = true (default)
2022-11-08 11:41:37,069 [pool-544-thread-1] INFO  server.RaftServerConfigKeys (ConfUtils.java:logGet(46)) - raft.server.threadpool.client.size = 0 (default)
2022-11-08 11:41:37,069 [pool-544-thread-1] INFO  storage.RaftStorageDirectory (RaftStorageDirectoryImpl.java:analyzeStorage(137)) - The storage directory /home/runner/work/ozone/ozone/hadoop-ozone/integration-test/target/test-dir/MiniOzoneClusterImpl-08243b3f-be7e-4743-8f19-be1c242049e7/datanode-0/data/ratis/f3424c51-a144-49a3-b366-6b0eae512540 does not exist. Creating ...
2022-11-08 11:41:37,071 [pool-544-thread-1] INFO  storage.RaftStorageDirectory (RaftStorageDirectoryImpl.java:tryLock(231)) - Lock on /home/runner/work/ozone/ozone/hadoop-ozone/integration-test/target/test-dir/MiniOzoneClusterImpl-08243b3f-be7e-4743-8f19-be1c242049e7/datanode-0/data/ratis/f3424c51-a144-49a3-b366-6b0eae512540/in_use.lock acquired by nodename 12130@fv-az573-890
2022-11-08 11:41:37,072 [pool-544-thread-1] INFO  storage.RaftStorage (RaftStorageImpl.java:format(96)) - Storage directory /home/runner/work/ozone/ozone/hadoop-ozone/integration-test/target/test-dir/MiniOzoneClusterImpl-08243b3f-be7e-4743-8f19-be1c242049e7/datanode-0/data/ratis/f3424c51-a144-49a3-b366-6b0eae512540 has been successfully formatted.
2022-11-08 11:41:37,074 [pool-544-thread-1] INFO  ratis.ContainerStateMachine (ContainerStateMachine.java:loadSnapshot(236)) - group-6B0EAE512540: The snapshot info is null. Setting the last applied indexto:(t:0, i:~)
2022-11-08 11:41:37,074 [pool-544-thread-1] INFO  server.RaftServerConfigKeys (ConfUtils.java:logGet(46)) - raft.server.log.use.memory = false (default)
2022-11-08 11:41:37,074 [pool-544-thread-1] INFO  server.RaftServerConfigKeys (ConfUtils.java:logGet(46)) - raft.server.log.purge.gap = 1000000 (custom)
2022-11-08 11:41:37,074 [pool-544-thread-1] INFO  server.RaftServerConfigKeys (ConfUtils.java:logGet(46)) - raft.server.log.appender.buffer.byte-limit = 33554432 (custom)
2022-11-08 11:41:37,074 [pool-544-thread-1] INFO  server.RaftServerConfigKeys (ConfUtils.java:logGet(46)) - raft.server.log.statemachine.data.read.timeout = 1000ms (default)
2022-11-08 11:41:37,074 [pool-544-thread-1] INFO  server.RaftServerConfigKeys (ConfUtils.java:logGet(46)) - raft.server.log.purge.preservation.log.num = 0 (default)
2022-11-08 11:41:37,076 [pool-544-thread-1] INFO  server.RaftServerConfigKeys (ConfUtils.java:logGet(46)) - raft.server.log.segment.size.max = 1048576 (custom)
2022-11-08 11:41:37,076 [pool-544-thread-1] INFO  server.RaftServerConfigKeys (ConfUtils.java:logGet(46)) - raft.server.log.segment.cache.num.max = 2 (custom)
2022-11-08 11:41:37,076 [pool-544-thread-1] INFO  server.RaftServerConfigKeys (ConfUtils.java:logGet(46)) - raft.server.log.segment.cache.size.max = 200MB (=209715200) (default)
2022-11-08 11:41:37,076 [pool-544-thread-1] INFO  segmented.SegmentedRaftLogWorker (SegmentedRaftLogWorker.java:<init>(191)) - new 9f6d9e32-b5ab-49ef-be08-a692056fb1f3@group-6B0EAE512540-SegmentedRaftLogWorker for RaftStorageImpl:Storage Directory /home/runner/work/ozone/ozone/hadoop-ozone/integration-test/target/test-dir/MiniOzoneClusterImpl-08243b3f-be7e-4743-8f19-be1c242049e7/datanode-0/data/ratis/f3424c51-a144-49a3-b366-6b0eae512540
2022-11-08 11:41:37,076 [pool-544-thread-1] INFO  server.RaftServerConfigKeys (ConfUtils.java:logGet(46)) - raft.server.log.queue.byte-limit = 4294967296 (custom)
2022-11-08 11:41:37,076 [pool-544-thread-1] INFO  server.RaftServerConfigKeys (ConfUtils.java:logGet(46)) - raft.server.log.queue.element-limit = 1024 (custom)
2022-11-08 11:41:37,077 [pool-544-thread-1] INFO  server.RaftServerConfigKeys (ConfUtils.java:logGet(46)) - raft.server.log.segment.size.max = 1048576 (custom)
2022-11-08 11:41:37,077 [pool-544-thread-1] INFO  server.RaftServerConfigKeys (ConfUtils.java:logGet(46)) - raft.server.log.preallocated.size = 16384 (custom)
2022-11-08 11:41:37,077 [pool-544-thread-1] INFO  server.RaftServerConfigKeys (ConfUtils.java:logGet(46)) - raft.server.log.force.sync.num = 128 (default)
2022-11-08 11:41:37,077 [pool-544-thread-1] INFO  server.RaftServerConfigKeys (ConfUtils.java:logGet(46)) - raft.server.log.statemachine.data.sync = true (default)
2022-11-08 11:41:37,077 [pool-544-thread-1] INFO  server.RaftServerConfigKeys (ConfUtils.java:logGet(46)) - raft.server.log.statemachine.data.sync.timeout = 10s (default)
2022-11-08 11:41:37,077 [pool-544-thread-1] INFO  server.RaftServerConfigKeys (ConfUtils.java:logGet(46)) - raft.server.log.statemachine.data.sync.timeout.retry = -1 (default)
2022-11-08 11:41:37,078 [pool-544-thread-1] INFO  server.RaftServerConfigKeys (ConfUtils.java:logGet(46)) - raft.server.log.write.buffer.size = 1048576 (custom)
2022-11-08 11:41:37,079 [pool-544-thread-1] INFO  server.RaftServerConfigKeys (ConfUtils.java:logGet(46)) - raft.server.log.unsafe-flush.enabled = false (default)
2022-11-08 11:41:37,079 [pool-544-thread-1] INFO  server.RaftServerConfigKeys (ConfUtils.java:logGet(46)) - raft.server.log.async-flush.enabled = false (default)
2022-11-08 11:41:37,080 [pool-544-thread-1] INFO  server.RaftServerConfigKeys (ConfUtils.java:logGet(46)) - raft.server.log.statemachine.data.caching.enabled = true (custom)
2022-11-08 11:41:37,080 [pool-544-thread-1] INFO  segmented.SegmentedRaftLogWorker (SegmentedRaftLogWorker.java:lambda$new$0(136)) - 9f6d9e32-b5ab-49ef-be08-a692056fb1f3@group-6B0EAE512540-SegmentedRaftLogWorker: flushIndex: setUnconditionally 0 -> -1
2022-11-08 11:41:37,080 [pool-544-thread-1] INFO  segmented.SegmentedRaftLogWorker (SegmentedRaftLogWorker.java:lambda$new$0(136)) - 9f6d9e32-b5ab-49ef-be08-a692056fb1f3@group-6B0EAE512540-SegmentedRaftLogWorker: safeCacheEvictIndex: setUnconditionally 0 -> -1
2022-11-08 11:41:37,080 [pool-544-thread-1] INFO  server.RaftServer$Division (RaftServerImpl.java:start(334)) - 9f6d9e32-b5ab-49ef-be08-a692056fb1f3@group-6B0EAE512540: start as a follower, conf=-1: peers:[86012a26-2f7a-42b0-9674-f0c6f2d36cf9|rpc:10.1.0.111:45781|priority:1|startupRole:FOLLOWER, 9f6d9e32-b5ab-49ef-be08-a692056fb1f3|rpc:10.1.0.111:37217|priority:0|startupRole:FOLLOWER, 69ebc52a-668b-4a1b-b1c8-adfe2408a111|rpc:10.1.0.111:42155|priority:0|startupRole:FOLLOWER]|listeners:[], old=null
2022-11-08 11:41:37,080 [pool-544-thread-1] INFO  server.RaftServer$Division (RaftServerImpl.java:setRole(321)) - 9f6d9e32-b5ab-49ef-be08-a692056fb1f3@group-6B0EAE512540: changes role from      null to FOLLOWER at term 0 for startAsFollower
2022-11-08 11:41:37,080 [pool-544-thread-1] INFO  impl.RoleInfo (RoleInfo.java:updateAndGet(139)) - 9f6d9e32-b5ab-49ef-be08-a692056fb1f3: start 9f6d9e32-b5ab-49ef-be08-a692056fb1f3@group-6B0EAE512540-FollowerState
2022-11-08 11:41:37,088 [pool-544-thread-1] INFO  util.JmxRegister (JmxRegister.java:tryRegister(44)) - Successfully registered JMX Bean with object name Ratis:service=RaftServer,group=group-6B0EAE512540,id=9f6d9e32-b5ab-49ef-be08-a692056fb1f3
2022-11-08 11:41:37,088 [9f6d9e32-b5ab-49ef-be08-a692056fb1f3@group-6B0EAE512540-FollowerState] INFO  server.RaftServerConfigKeys (ConfUtils.java:logFallback(53)) - raft.server.rpc.first-election.timeout.min = 5s (fallback to raft.server.rpc.timeout.min)
2022-11-08 11:41:37,088 [pool-544-thread-1] INFO  server.RaftServerConfigKeys (ConfUtils.java:logGet(46)) - raft.server.snapshot.auto.trigger.enabled = true (custom)
2022-11-08 11:41:37,088 [9f6d9e32-b5ab-49ef-be08-a692056fb1f3@group-6B0EAE512540-FollowerState] INFO  server.RaftServerConfigKeys (ConfUtils.java:logFallback(53)) - raft.server.rpc.first-election.timeout.max = 5200ms (fallback to raft.server.rpc.timeout.max)
2022-11-08 11:41:37,088 [pool-544-thread-1] INFO  server.RaftServerConfigKeys (ConfUtils.java:logGet(46)) - raft.server.snapshot.auto.trigger.threshold = 10000 (custom)
2022-11-08 11:41:37,089 [pool-544-thread-1] INFO  server.RaftServerConfigKeys (ConfUtils.java:logGet(46)) - raft.server.snapshot.retention.file.num = 5 (custom)
2022-11-08 11:41:37,089 [pool-544-thread-1] INFO  server.RaftServerConfigKeys (ConfUtils.java:logGet(46)) - raft.server.log.purge.upto.snapshot.index = false (default)
2022-11-08 11:41:37,090 [Command processor thread] INFO  ratis.XceiverServerRatis (XceiverServerRatis.java:addGroup(765)) - Created group PipelineID=f3424c51-a144-49a3-b366-6b0eae512540
2022-11-08 11:41:37,103 [grpc-default-executor-0] INFO  server.RaftServer (RaftServerProxy.java:addNew(96)) - 86012a26-2f7a-42b0-9674-f0c6f2d36cf9: addNew group-6B0EAE512540:[86012a26-2f7a-42b0-9674-f0c6f2d36cf9|rpc:10.1.0.111:45781|dataStream:|priority:1|startupRole:FOLLOWER, 9f6d9e32-b5ab-49ef-be08-a692056fb1f3|rpc:10.1.0.111:37217|dataStream:|priority:0|startupRole:FOLLOWER, 69ebc52a-668b-4a1b-b1c8-adfe2408a111|rpc:10.1.0.111:42155|dataStream:|priority:0|startupRole:FOLLOWER] returns group-6B0EAE512540:java.util.concurrent.CompletableFuture@532cb466[Not completed]
2022-11-08 11:41:37,104 [pool-567-thread-1] INFO  server.RaftServer$Division (RaftServerImpl.java:<init>(195)) - 86012a26-2f7a-42b0-9674-f0c6f2d36cf9: new RaftServerImpl for group-6B0EAE512540:[86012a26-2f7a-42b0-9674-f0c6f2d36cf9|rpc:10.1.0.111:45781|dataStream:|priority:1|startupRole:FOLLOWER, 9f6d9e32-b5ab-49ef-be08-a692056fb1f3|rpc:10.1.0.111:37217|dataStream:|priority:0|startupRole:FOLLOWER, 69ebc52a-668b-4a1b-b1c8-adfe2408a111|rpc:10.1.0.111:42155|dataStream:|priority:0|startupRole:FOLLOWER] with ContainerStateMachine:uninitialized
2022-11-08 11:41:37,104 [pool-567-thread-1] INFO  server.RaftServerConfigKeys (ConfUtils.java:logGet(46)) - raft.server.rpc.timeout.min = 5s (custom)
2022-11-08 11:41:37,104 [pool-567-thread-1] INFO  server.RaftServerConfigKeys (ConfUtils.java:logGet(46)) - raft.server.rpc.timeout.max = 5200ms (custom)
2022-11-08 11:41:37,104 [pool-567-thread-1] INFO  server.RaftServerConfigKeys (ConfUtils.java:logGet(46)) - raft.server.rpc.sleep.time = 25ms (default)
2022-11-08 11:41:37,104 [pool-567-thread-1] INFO  server.RaftServerConfigKeys (ConfUtils.java:logGet(46)) - raft.server.rpc.slowness.timeout = 300s (custom)
2022-11-08 11:41:37,104 [pool-567-thread-1] INFO  server.RaftServerConfigKeys (ConfUtils.java:logGet(46)) - raft.server.leaderelection.leader.step-down.wait-time = 10s (default)
2022-11-08 11:41:37,104 [pool-567-thread-1] INFO  server.RaftServerConfigKeys (ConfUtils.java:logGet(46)) - raft.server.sleep.deviation.threshold = 300ms (default)
2022-11-08 11:41:37,104 [pool-567-thread-1] INFO  server.RaftServer$Division (ServerState.java:<init>(118)) - 86012a26-2f7a-42b0-9674-f0c6f2d36cf9@group-6B0EAE512540: ConfigurationManager, init=-1: peers:[86012a26-2f7a-42b0-9674-f0c6f2d36cf9|rpc:10.1.0.111:45781|dataStream:|priority:1|startupRole:FOLLOWER, 9f6d9e32-b5ab-49ef-be08-a692056fb1f3|rpc:10.1.0.111:37217|dataStream:|priority:0|startupRole:FOLLOWER, 69ebc52a-668b-4a1b-b1c8-adfe2408a111|rpc:10.1.0.111:42155|dataStream:|priority:0|startupRole:FOLLOWER]|listeners:[], old=null, confs=<EMPTY_MAP>
2022-11-08 11:41:37,105 [pool-567-thread-1] INFO  server.RaftServerConfigKeys (ConfUtils.java:logGet(46)) - raft.server.storage.dir = [/home/runner/work/ozone/ozone/hadoop-ozone/integration-test/target/test-dir/MiniOzoneClusterImpl-08243b3f-be7e-4743-8f19-be1c242049e7/datanode-1/data/ratis] (custom)
2022-11-08 11:41:37,105 [pool-567-thread-1] INFO  server.RaftServerConfigKeys (ConfUtils.java:logGet(46)) - raft.server.log.corruption.policy = EXCEPTION (default)
2022-11-08 11:41:37,105 [pool-567-thread-1] INFO  server.RaftServerConfigKeys (ConfUtils.java:logGet(46)) - raft.server.storage.free-space.min = 0MB (=0) (default)
2022-11-08 11:41:37,105 [pool-567-thread-1] INFO  server.RaftServerConfigKeys (ConfUtils.java:logGet(46)) - raft.server.notification.no-leader.timeout = 300s (custom)
2022-11-08 11:41:37,105 [pool-567-thread-1] INFO  server.RaftServerConfigKeys (ConfUtils.java:logGet(46)) - raft.server.retrycache.expirytime = 600000ms (custom)
2022-11-08 11:41:37,105 [pool-567-thread-1] INFO  server.RaftServerConfigKeys (ConfUtils.java:logGet(46)) - raft.server.retrycache.statistics.expirytime = 100μs (default)
2022-11-08 11:41:37,107 [pool-567-thread-1] INFO  server.RaftServerConfigKeys (ConfUtils.java:logGet(46)) - raft.server.log.appender.install.snapshot.enabled = false (custom)
2022-11-08 11:41:37,107 [pool-567-thread-1] INFO  server.RaftServerConfigKeys (ConfUtils.java:logGet(46)) - raft.server.threadpool.server.cached = true (default)
2022-11-08 11:41:37,108 [pool-567-thread-1] INFO  server.RaftServerConfigKeys (ConfUtils.java:logGet(46)) - raft.server.threadpool.server.size = 0 (default)
2022-11-08 11:41:37,108 [pool-567-thread-1] INFO  server.RaftServerConfigKeys (ConfUtils.java:logGet(46)) - raft.server.threadpool.client.cached = true (default)
2022-11-08 11:41:37,108 [pool-567-thread-1] INFO  server.RaftServerConfigKeys (ConfUtils.java:logGet(46)) - raft.server.threadpool.client.size = 0 (default)
2022-11-08 11:41:37,108 [pool-567-thread-1] INFO  storage.RaftStorageDirectory (RaftStorageDirectoryImpl.java:analyzeStorage(137)) - The storage directory /home/runner/work/ozone/ozone/hadoop-ozone/integration-test/target/test-dir/MiniOzoneClusterImpl-08243b3f-be7e-4743-8f19-be1c242049e7/datanode-1/data/ratis/f3424c51-a144-49a3-b366-6b0eae512540 does not exist. Creating ...
2022-11-08 11:41:37,109 [pool-567-thread-1] INFO  storage.RaftStorageDirectory (RaftStorageDirectoryImpl.java:tryLock(231)) - Lock on /home/runner/work/ozone/ozone/hadoop-ozone/integration-test/target/test-dir/MiniOzoneClusterImpl-08243b3f-be7e-4743-8f19-be1c242049e7/datanode-1/data/ratis/f3424c51-a144-49a3-b366-6b0eae512540/in_use.lock acquired by nodename 12130@fv-az573-890
2022-11-08 11:41:37,111 [pool-567-thread-1] INFO  storage.RaftStorage (RaftStorageImpl.java:format(96)) - Storage directory /home/runner/work/ozone/ozone/hadoop-ozone/integration-test/target/test-dir/MiniOzoneClusterImpl-08243b3f-be7e-4743-8f19-be1c242049e7/datanode-1/data/ratis/f3424c51-a144-49a3-b366-6b0eae512540 has been successfully formatted.
2022-11-08 11:41:37,113 [pool-567-thread-1] INFO  ratis.ContainerStateMachine (ContainerStateMachine.java:loadSnapshot(236)) - group-6B0EAE512540: The snapshot info is null. Setting the last applied indexto:(t:0, i:~)
2022-11-08 11:41:37,113 [pool-567-thread-1] INFO  server.RaftServerConfigKeys (ConfUtils.java:logGet(46)) - raft.server.log.use.memory = false (default)
2022-11-08 11:41:37,113 [pool-567-thread-1] INFO  server.RaftServerConfigKeys (ConfUtils.java:logGet(46)) - raft.server.log.purge.gap = 1000000 (custom)
2022-11-08 11:41:37,114 [pool-567-thread-1] INFO  server.RaftServerConfigKeys (ConfUtils.java:logGet(46)) - raft.server.log.appender.buffer.byte-limit = 33554432 (custom)
2022-11-08 11:41:37,114 [pool-567-thread-1] INFO  server.RaftServerConfigKeys (ConfUtils.java:logGet(46)) - raft.server.log.statemachine.data.read.timeout = 1000ms (default)
2022-11-08 11:41:37,114 [pool-567-thread-1] INFO  server.RaftServerConfigKeys (ConfUtils.java:logGet(46)) - raft.server.log.purge.preservation.log.num = 0 (default)
2022-11-08 11:41:37,114 [pool-567-thread-1] INFO  server.RaftServerConfigKeys (ConfUtils.java:logGet(46)) - raft.server.log.segment.size.max = 1048576 (custom)
2022-11-08 11:41:37,115 [pool-567-thread-1] INFO  server.RaftServerConfigKeys (ConfUtils.java:logGet(46)) - raft.server.log.segment.cache.num.max = 2 (custom)
2022-11-08 11:41:37,115 [pool-567-thread-1] INFO  server.RaftServerConfigKeys (ConfUtils.java:logGet(46)) - raft.server.log.segment.cache.size.max = 200MB (=209715200) (default)
2022-11-08 11:41:37,115 [pool-567-thread-1] INFO  segmented.SegmentedRaftLogWorker (SegmentedRaftLogWorker.java:<init>(191)) - new 86012a26-2f7a-42b0-9674-f0c6f2d36cf9@group-6B0EAE512540-SegmentedRaftLogWorker for RaftStorageImpl:Storage Directory /home/runner/work/ozone/ozone/hadoop-ozone/integration-test/target/test-dir/MiniOzoneClusterImpl-08243b3f-be7e-4743-8f19-be1c242049e7/datanode-1/data/ratis/f3424c51-a144-49a3-b366-6b0eae512540
2022-11-08 11:41:37,115 [pool-567-thread-1] INFO  server.RaftServerConfigKeys (ConfUtils.java:logGet(46)) - raft.server.log.queue.byte-limit = 4294967296 (custom)
2022-11-08 11:41:37,115 [pool-567-thread-1] INFO  server.RaftServerConfigKeys (ConfUtils.java:logGet(46)) - raft.server.log.queue.element-limit = 1024 (custom)
2022-11-08 11:41:37,115 [pool-567-thread-1] INFO  server.RaftServerConfigKeys (ConfUtils.java:logGet(46)) - raft.server.log.segment.size.max = 1048576 (custom)
2022-11-08 11:41:37,115 [pool-567-thread-1] INFO  server.RaftServerConfigKeys (ConfUtils.java:logGet(46)) - raft.server.log.preallocated.size = 16384 (custom)
2022-11-08 11:41:37,116 [pool-567-thread-1] INFO  server.RaftServerConfigKeys (ConfUtils.java:logGet(46)) - raft.server.log.force.sync.num = 128 (default)
2022-11-08 11:41:37,116 [pool-567-thread-1] INFO  server.RaftServerConfigKeys (ConfUtils.java:logGet(46)) - raft.server.log.statemachine.data.sync = true (default)
2022-11-08 11:41:37,116 [pool-567-thread-1] INFO  server.RaftServerConfigKeys (ConfUtils.java:logGet(46)) - raft.server.log.statemachine.data.sync.timeout = 10s (default)
2022-11-08 11:41:37,116 [pool-567-thread-1] INFO  server.RaftServerConfigKeys (ConfUtils.java:logGet(46)) - raft.server.log.statemachine.data.sync.timeout.retry = -1 (default)
2022-11-08 11:41:37,117 [pool-567-thread-1] INFO  server.RaftServerConfigKeys (ConfUtils.java:logGet(46)) - raft.server.log.write.buffer.size = 1048576 (custom)
2022-11-08 11:41:37,118 [pool-567-thread-1] INFO  server.RaftServerConfigKeys (ConfUtils.java:logGet(46)) - raft.server.log.unsafe-flush.enabled = false (default)
2022-11-08 11:41:37,118 [pool-567-thread-1] INFO  server.RaftServerConfigKeys (ConfUtils.java:logGet(46)) - raft.server.log.async-flush.enabled = false (default)
2022-11-08 11:41:37,118 [pool-567-thread-1] INFO  server.RaftServerConfigKeys (ConfUtils.java:logGet(46)) - raft.server.log.statemachine.data.caching.enabled = true (custom)
2022-11-08 11:41:37,118 [pool-567-thread-1] INFO  segmented.SegmentedRaftLogWorker (SegmentedRaftLogWorker.java:lambda$new$0(136)) - 86012a26-2f7a-42b0-9674-f0c6f2d36cf9@group-6B0EAE512540-SegmentedRaftLogWorker: flushIndex: setUnconditionally 0 -> -1
2022-11-08 11:41:37,118 [pool-567-thread-1] INFO  segmented.SegmentedRaftLogWorker (SegmentedRaftLogWorker.java:lambda$new$0(136)) - 86012a26-2f7a-42b0-9674-f0c6f2d36cf9@group-6B0EAE512540-SegmentedRaftLogWorker: safeCacheEvictIndex: setUnconditionally 0 -> -1
2022-11-08 11:41:37,118 [pool-567-thread-1] INFO  server.RaftServer$Division (RaftServerImpl.java:start(334)) - 86012a26-2f7a-42b0-9674-f0c6f2d36cf9@group-6B0EAE512540: start as a follower, conf=-1: peers:[86012a26-2f7a-42b0-9674-f0c6f2d36cf9|rpc:10.1.0.111:45781|dataStream:|priority:1|startupRole:FOLLOWER, 9f6d9e32-b5ab-49ef-be08-a692056fb1f3|rpc:10.1.0.111:37217|dataStream:|priority:0|startupRole:FOLLOWER, 69ebc52a-668b-4a1b-b1c8-adfe2408a111|rpc:10.1.0.111:42155|dataStream:|priority:0|startupRole:FOLLOWER]|listeners:[], old=null
2022-11-08 11:41:37,119 [pool-567-thread-1] INFO  server.RaftServer$Division (RaftServerImpl.java:setRole(321)) - 86012a26-2f7a-42b0-9674-f0c6f2d36cf9@group-6B0EAE512540: changes role from      null to FOLLOWER at term 0 for startAsFollower
2022-11-08 11:41:37,119 [pool-567-thread-1] INFO  impl.RoleInfo (RoleInfo.java:updateAndGet(139)) - 86012a26-2f7a-42b0-9674-f0c6f2d36cf9: start 86012a26-2f7a-42b0-9674-f0c6f2d36cf9@group-6B0EAE512540-FollowerState
2022-11-08 11:41:37,119 [86012a26-2f7a-42b0-9674-f0c6f2d36cf9@group-6B0EAE512540-FollowerState] INFO  server.RaftServerConfigKeys (ConfUtils.java:logFallback(53)) - raft.server.rpc.first-election.timeout.min = 5s (fallback to raft.server.rpc.timeout.min)
2022-11-08 11:41:37,119 [pool-567-thread-1] INFO  util.JmxRegister (JmxRegister.java:tryRegister(44)) - Successfully registered JMX Bean with object name Ratis:service=RaftServer,group=group-6B0EAE512540,id=86012a26-2f7a-42b0-9674-f0c6f2d36cf9
2022-11-08 11:41:37,119 [86012a26-2f7a-42b0-9674-f0c6f2d36cf9@group-6B0EAE512540-FollowerState] INFO  server.RaftServerConfigKeys (ConfUtils.java:logFallback(53)) - raft.server.rpc.first-election.timeout.max = 5200ms (fallback to raft.server.rpc.timeout.max)
2022-11-08 11:41:37,119 [pool-567-thread-1] INFO  server.RaftServerConfigKeys (ConfUtils.java:logGet(46)) - raft.server.snapshot.auto.trigger.enabled = true (custom)
2022-11-08 11:41:37,119 [pool-567-thread-1] INFO  server.RaftServerConfigKeys (ConfUtils.java:logGet(46)) - raft.server.snapshot.auto.trigger.threshold = 10000 (custom)
2022-11-08 11:41:37,119 [pool-567-thread-1] INFO  server.RaftServerConfigKeys (ConfUtils.java:logGet(46)) - raft.server.snapshot.retention.file.num = 5 (custom)
2022-11-08 11:41:37,119 [pool-567-thread-1] INFO  server.RaftServerConfigKeys (ConfUtils.java:logGet(46)) - raft.server.log.purge.upto.snapshot.index = false (default)
2022-11-08 11:41:37,152 [grpc-default-executor-0] INFO  server.RaftServer (RaftServerProxy.java:addNew(96)) - 69ebc52a-668b-4a1b-b1c8-adfe2408a111: addNew group-6B0EAE512540:[86012a26-2f7a-42b0-9674-f0c6f2d36cf9|rpc:10.1.0.111:45781|dataStream:|priority:1|startupRole:FOLLOWER, 9f6d9e32-b5ab-49ef-be08-a692056fb1f3|rpc:10.1.0.111:37217|dataStream:|priority:0|startupRole:FOLLOWER, 69ebc52a-668b-4a1b-b1c8-adfe2408a111|rpc:10.1.0.111:42155|dataStream:|priority:0|startupRole:FOLLOWER] returns group-6B0EAE512540:java.util.concurrent.CompletableFuture@446ca764[Not completed]
2022-11-08 11:41:37,152 [pool-590-thread-1] INFO  server.RaftServer$Division (RaftServerImpl.java:<init>(195)) - 69ebc52a-668b-4a1b-b1c8-adfe2408a111: new RaftServerImpl for group-6B0EAE512540:[86012a26-2f7a-42b0-9674-f0c6f2d36cf9|rpc:10.1.0.111:45781|dataStream:|priority:1|startupRole:FOLLOWER, 9f6d9e32-b5ab-49ef-be08-a692056fb1f3|rpc:10.1.0.111:37217|dataStream:|priority:0|startupRole:FOLLOWER, 69ebc52a-668b-4a1b-b1c8-adfe2408a111|rpc:10.1.0.111:42155|dataStream:|priority:0|startupRole:FOLLOWER] with ContainerStateMachine:uninitialized
2022-11-08 11:41:37,153 [pool-590-thread-1] INFO  server.RaftServerConfigKeys (ConfUtils.java:logGet(46)) - raft.server.rpc.timeout.min = 5s (custom)
2022-11-08 11:41:37,153 [pool-590-thread-1] INFO  server.RaftServerConfigKeys (ConfUtils.java:logGet(46)) - raft.server.rpc.timeout.max = 5200ms (custom)
2022-11-08 11:41:37,153 [pool-590-thread-1] INFO  server.RaftServerConfigKeys (ConfUtils.java:logGet(46)) - raft.server.rpc.sleep.time = 25ms (default)
2022-11-08 11:41:37,153 [pool-590-thread-1] INFO  server.RaftServerConfigKeys (ConfUtils.java:logGet(46)) - raft.server.rpc.slowness.timeout = 300s (custom)
2022-11-08 11:41:37,153 [pool-590-thread-1] INFO  server.RaftServerConfigKeys (ConfUtils.java:logGet(46)) - raft.server.leaderelection.leader.step-down.wait-time = 10s (default)
2022-11-08 11:41:37,153 [pool-590-thread-1] INFO  server.RaftServerConfigKeys (ConfUtils.java:logGet(46)) - raft.server.sleep.deviation.threshold = 300ms (default)
2022-11-08 11:41:37,153 [pool-590-thread-1] INFO  server.RaftServer$Division (ServerState.java:<init>(118)) - 69ebc52a-668b-4a1b-b1c8-adfe2408a111@group-6B0EAE512540: ConfigurationManager, init=-1: peers:[86012a26-2f7a-42b0-9674-f0c6f2d36cf9|rpc:10.1.0.111:45781|dataStream:|priority:1|startupRole:FOLLOWER, 9f6d9e32-b5ab-49ef-be08-a692056fb1f3|rpc:10.1.0.111:37217|dataStream:|priority:0|startupRole:FOLLOWER, 69ebc52a-668b-4a1b-b1c8-adfe2408a111|rpc:10.1.0.111:42155|dataStream:|priority:0|startupRole:FOLLOWER]|listeners:[], old=null, confs=<EMPTY_MAP>
2022-11-08 11:41:37,153 [pool-590-thread-1] INFO  server.RaftServerConfigKeys (ConfUtils.java:logGet(46)) - raft.server.storage.dir = [/home/runner/work/ozone/ozone/hadoop-ozone/integration-test/target/test-dir/MiniOzoneClusterImpl-08243b3f-be7e-4743-8f19-be1c242049e7/datanode-2/data/ratis] (custom)
2022-11-08 11:41:37,153 [pool-590-thread-1] INFO  server.RaftServerConfigKeys (ConfUtils.java:logGet(46)) - raft.server.log.corruption.policy = EXCEPTION (default)
2022-11-08 11:41:37,153 [pool-590-thread-1] INFO  server.RaftServerConfigKeys (ConfUtils.java:logGet(46)) - raft.server.storage.free-space.min = 0MB (=0) (default)
2022-11-08 11:41:37,153 [pool-590-thread-1] INFO  server.RaftServerConfigKeys (ConfUtils.java:logGet(46)) - raft.server.notification.no-leader.timeout = 300s (custom)
2022-11-08 11:41:37,153 [pool-590-thread-1] INFO  server.RaftServerConfigKeys (ConfUtils.java:logGet(46)) - raft.server.retrycache.expirytime = 600000ms (custom)
2022-11-08 11:41:37,154 [pool-590-thread-1] INFO  server.RaftServerConfigKeys (ConfUtils.java:logGet(46)) - raft.server.retrycache.statistics.expirytime = 100μs (default)
2022-11-08 11:41:37,155 [pool-590-thread-1] INFO  server.RaftServerConfigKeys (ConfUtils.java:logGet(46)) - raft.server.log.appender.install.snapshot.enabled = false (custom)
2022-11-08 11:41:37,155 [pool-590-thread-1] INFO  server.RaftServerConfigKeys (ConfUtils.java:logGet(46)) - raft.server.threadpool.server.cached = true (default)
2022-11-08 11:41:37,155 [pool-590-thread-1] INFO  server.RaftServerConfigKeys (ConfUtils.java:logGet(46)) - raft.server.threadpool.server.size = 0 (default)
2022-11-08 11:41:37,155 [pool-590-thread-1] INFO  server.RaftServerConfigKeys (ConfUtils.java:logGet(46)) - raft.server.threadpool.client.cached = true (default)
2022-11-08 11:41:37,155 [pool-590-thread-1] INFO  server.RaftServerConfigKeys (ConfUtils.java:logGet(46)) - raft.server.threadpool.client.size = 0 (default)
2022-11-08 11:41:37,156 [pool-590-thread-1] INFO  storage.RaftStorageDirectory (RaftStorageDirectoryImpl.java:analyzeStorage(137)) - The storage directory /home/runner/work/ozone/ozone/hadoop-ozone/integration-test/target/test-dir/MiniOzoneClusterImpl-08243b3f-be7e-4743-8f19-be1c242049e7/datanode-2/data/ratis/f3424c51-a144-49a3-b366-6b0eae512540 does not exist. Creating ...
2022-11-08 11:41:37,160 [pool-590-thread-1] INFO  storage.RaftStorageDirectory (RaftStorageDirectoryImpl.java:tryLock(231)) - Lock on /home/runner/work/ozone/ozone/hadoop-ozone/integration-test/target/test-dir/MiniOzoneClusterImpl-08243b3f-be7e-4743-8f19-be1c242049e7/datanode-2/data/ratis/f3424c51-a144-49a3-b366-6b0eae512540/in_use.lock acquired by nodename 12130@fv-az573-890
2022-11-08 11:41:37,162 [pool-590-thread-1] INFO  storage.RaftStorage (RaftStorageImpl.java:format(96)) - Storage directory /home/runner/work/ozone/ozone/hadoop-ozone/integration-test/target/test-dir/MiniOzoneClusterImpl-08243b3f-be7e-4743-8f19-be1c242049e7/datanode-2/data/ratis/f3424c51-a144-49a3-b366-6b0eae512540 has been successfully formatted.
2022-11-08 11:41:37,164 [pool-590-thread-1] INFO  ratis.ContainerStateMachine (ContainerStateMachine.java:loadSnapshot(236)) - group-6B0EAE512540: The snapshot info is null. Setting the last applied indexto:(t:0, i:~)
2022-11-08 11:41:37,164 [pool-590-thread-1] INFO  server.RaftServerConfigKeys (ConfUtils.java:logGet(46)) - raft.server.log.use.memory = false (default)
2022-11-08 11:41:37,164 [pool-590-thread-1] INFO  server.RaftServerConfigKeys (ConfUtils.java:logGet(46)) - raft.server.log.purge.gap = 1000000 (custom)
2022-11-08 11:41:37,164 [pool-590-thread-1] INFO  server.RaftServerConfigKeys (ConfUtils.java:logGet(46)) - raft.server.log.appender.buffer.byte-limit = 33554432 (custom)
2022-11-08 11:41:37,164 [pool-590-thread-1] INFO  server.RaftServerConfigKeys (ConfUtils.java:logGet(46)) - raft.server.log.statemachine.data.read.timeout = 1000ms (default)
2022-11-08 11:41:37,164 [pool-590-thread-1] INFO  server.RaftServerConfigKeys (ConfUtils.java:logGet(46)) - raft.server.log.purge.preservation.log.num = 0 (default)
2022-11-08 11:41:37,165 [pool-590-thread-1] INFO  server.RaftServerConfigKeys (ConfUtils.java:logGet(46)) - raft.server.log.segment.size.max = 1048576 (custom)
2022-11-08 11:41:37,166 [pool-590-thread-1] INFO  server.RaftServerConfigKeys (ConfUtils.java:logGet(46)) - raft.server.log.segment.cache.num.max = 2 (custom)
2022-11-08 11:41:37,166 [pool-590-thread-1] INFO  server.RaftServerConfigKeys (ConfUtils.java:logGet(46)) - raft.server.log.segment.cache.size.max = 200MB (=209715200) (default)
2022-11-08 11:41:37,166 [pool-590-thread-1] INFO  segmented.SegmentedRaftLogWorker (SegmentedRaftLogWorker.java:<init>(191)) - new 69ebc52a-668b-4a1b-b1c8-adfe2408a111@group-6B0EAE512540-SegmentedRaftLogWorker for RaftStorageImpl:Storage Directory /home/runner/work/ozone/ozone/hadoop-ozone/integration-test/target/test-dir/MiniOzoneClusterImpl-08243b3f-be7e-4743-8f19-be1c242049e7/datanode-2/data/ratis/f3424c51-a144-49a3-b366-6b0eae512540
2022-11-08 11:41:37,166 [pool-590-thread-1] INFO  server.RaftServerConfigKeys (ConfUtils.java:logGet(46)) - raft.server.log.queue.byte-limit = 4294967296 (custom)
2022-11-08 11:41:37,166 [pool-590-thread-1] INFO  server.RaftServerConfigKeys (ConfUtils.java:logGet(46)) - raft.server.log.queue.element-limit = 1024 (custom)
2022-11-08 11:41:37,167 [pool-590-thread-1] INFO  server.RaftServerConfigKeys (ConfUtils.java:logGet(46)) - raft.server.log.segment.size.max = 1048576 (custom)
2022-11-08 11:41:37,167 [pool-590-thread-1] INFO  server.RaftServerConfigKeys (ConfUtils.java:logGet(46)) - raft.server.log.preallocated.size = 16384 (custom)
2022-11-08 11:41:37,168 [pool-590-thread-1] INFO  server.RaftServerConfigKeys (ConfUtils.java:logGet(46)) - raft.server.log.force.sync.num = 128 (default)
2022-11-08 11:41:37,168 [pool-590-thread-1] INFO  server.RaftServerConfigKeys (ConfUtils.java:logGet(46)) - raft.server.log.statemachine.data.sync = true (default)
2022-11-08 11:41:37,168 [pool-590-thread-1] INFO  server.RaftServerConfigKeys (ConfUtils.java:logGet(46)) - raft.server.log.statemachine.data.sync.timeout = 10s (default)
2022-11-08 11:41:37,168 [pool-590-thread-1] INFO  server.RaftServerConfigKeys (ConfUtils.java:logGet(46)) - raft.server.log.statemachine.data.sync.timeout.retry = -1 (default)
2022-11-08 11:41:37,170 [pool-590-thread-1] INFO  server.RaftServerConfigKeys (ConfUtils.java:logGet(46)) - raft.server.log.write.buffer.size = 1048576 (custom)
2022-11-08 11:41:37,170 [pool-590-thread-1] INFO  server.RaftServerConfigKeys (ConfUtils.java:logGet(46)) - raft.server.log.unsafe-flush.enabled = false (default)
2022-11-08 11:41:37,170 [pool-590-thread-1] INFO  server.RaftServerConfigKeys (ConfUtils.java:logGet(46)) - raft.server.log.async-flush.enabled = false (default)
2022-11-08 11:41:37,170 [pool-590-thread-1] INFO  server.RaftServerConfigKeys (ConfUtils.java:logGet(46)) - raft.server.log.statemachine.data.caching.enabled = true (custom)
2022-11-08 11:41:37,171 [pool-590-thread-1] INFO  segmented.SegmentedRaftLogWorker (SegmentedRaftLogWorker.java:lambda$new$0(136)) - 69ebc52a-668b-4a1b-b1c8-adfe2408a111@group-6B0EAE512540-SegmentedRaftLogWorker: flushIndex: setUnconditionally 0 -> -1
2022-11-08 11:41:37,171 [pool-590-thread-1] INFO  segmented.SegmentedRaftLogWorker (SegmentedRaftLogWorker.java:lambda$new$0(136)) - 69ebc52a-668b-4a1b-b1c8-adfe2408a111@group-6B0EAE512540-SegmentedRaftLogWorker: safeCacheEvictIndex: setUnconditionally 0 -> -1
2022-11-08 11:41:37,172 [pool-590-thread-1] INFO  server.RaftServer$Division (RaftServerImpl.java:start(334)) - 69ebc52a-668b-4a1b-b1c8-adfe2408a111@group-6B0EAE512540: start as a follower, conf=-1: peers:[86012a26-2f7a-42b0-9674-f0c6f2d36cf9|rpc:10.1.0.111:45781|dataStream:|priority:1|startupRole:FOLLOWER, 9f6d9e32-b5ab-49ef-be08-a692056fb1f3|rpc:10.1.0.111:37217|dataStream:|priority:0|startupRole:FOLLOWER, 69ebc52a-668b-4a1b-b1c8-adfe2408a111|rpc:10.1.0.111:42155|dataStream:|priority:0|startupRole:FOLLOWER]|listeners:[], old=null
2022-11-08 11:41:37,172 [pool-590-thread-1] INFO  server.RaftServer$Division (RaftServerImpl.java:setRole(321)) - 69ebc52a-668b-4a1b-b1c8-adfe2408a111@group-6B0EAE512540: changes role from      null to FOLLOWER at term 0 for startAsFollower
2022-11-08 11:41:37,172 [pool-590-thread-1] INFO  impl.RoleInfo (RoleInfo.java:updateAndGet(139)) - 69ebc52a-668b-4a1b-b1c8-adfe2408a111: start 69ebc52a-668b-4a1b-b1c8-adfe2408a111@group-6B0EAE512540-FollowerState
2022-11-08 11:41:37,175 [pool-590-thread-1] INFO  util.JmxRegister (JmxRegister.java:tryRegister(44)) - Successfully registered JMX Bean with object name Ratis:service=RaftServer,group=group-6B0EAE512540,id=69ebc52a-668b-4a1b-b1c8-adfe2408a111
2022-11-08 11:41:37,175 [69ebc52a-668b-4a1b-b1c8-adfe2408a111@group-6B0EAE512540-FollowerState] INFO  server.RaftServerConfigKeys (ConfUtils.java:logFallback(53)) - raft.server.rpc.first-election.timeout.min = 5s (fallback to raft.server.rpc.timeout.min)
2022-11-08 11:41:37,175 [pool-590-thread-1] INFO  server.RaftServerConfigKeys (ConfUtils.java:logGet(46)) - raft.server.snapshot.auto.trigger.enabled = true (custom)
2022-11-08 11:41:37,175 [69ebc52a-668b-4a1b-b1c8-adfe2408a111@group-6B0EAE512540-FollowerState] INFO  server.RaftServerConfigKeys (ConfUtils.java:logFallback(53)) - raft.server.rpc.first-election.timeout.max = 5200ms (fallback to raft.server.rpc.timeout.max)
2022-11-08 11:41:37,175 [pool-590-thread-1] INFO  server.RaftServerConfigKeys (ConfUtils.java:logGet(46)) - raft.server.snapshot.auto.trigger.threshold = 10000 (custom)
2022-11-08 11:41:37,177 [pool-590-thread-1] INFO  server.RaftServerConfigKeys (ConfUtils.java:logGet(46)) - raft.server.snapshot.retention.file.num = 5 (custom)
2022-11-08 11:41:37,178 [pool-590-thread-1] INFO  server.RaftServerConfigKeys (ConfUtils.java:logGet(46)) - raft.server.log.purge.upto.snapshot.index = false (default)
2022-11-08 11:41:37,186 [Command processor thread] INFO  commandhandler.CreatePipelineCommandHandler (CreatePipelineCommandHandler.java:handle(113)) - Created Pipeline RATIS THREE PipelineID=f3424c51-a144-49a3-b366-6b0eae512540.
2022-11-08 11:41:37,186 [Command processor thread] INFO  server.RaftServer (RaftServerProxy.java:addNew(96)) - 9f6d9e32-b5ab-49ef-be08-a692056fb1f3: addNew group-7E018C2E2285:[86012a26-2f7a-42b0-9674-f0c6f2d36cf9|rpc:10.1.0.111:45781|priority:0|startupRole:FOLLOWER, 9f6d9e32-b5ab-49ef-be08-a692056fb1f3|rpc:10.1.0.111:37217|priority:1|startupRole:FOLLOWER, 69ebc52a-668b-4a1b-b1c8-adfe2408a111|rpc:10.1.0.111:42155|priority:0|startupRole:FOLLOWER] returns group-7E018C2E2285:java.util.concurrent.CompletableFuture@28eb4064[Not completed]
2022-11-08 11:41:37,187 [pool-544-thread-1] INFO  server.RaftServer$Division (RaftServerImpl.java:<init>(195)) - 9f6d9e32-b5ab-49ef-be08-a692056fb1f3: new RaftServerImpl for group-7E018C2E2285:[86012a26-2f7a-42b0-9674-f0c6f2d36cf9|rpc:10.1.0.111:45781|priority:0|startupRole:FOLLOWER, 9f6d9e32-b5ab-49ef-be08-a692056fb1f3|rpc:10.1.0.111:37217|priority:1|startupRole:FOLLOWER, 69ebc52a-668b-4a1b-b1c8-adfe2408a111|rpc:10.1.0.111:42155|priority:0|startupRole:FOLLOWER] with ContainerStateMachine:uninitialized
2022-11-08 11:41:37,187 [pool-544-thread-1] INFO  server.RaftServerConfigKeys (ConfUtils.java:logGet(46)) - raft.server.rpc.timeout.min = 5s (custom)
2022-11-08 11:41:37,187 [pool-544-thread-1] INFO  server.RaftServerConfigKeys (ConfUtils.java:logGet(46)) - raft.server.rpc.timeout.max = 5200ms (custom)
2022-11-08 11:41:37,187 [pool-544-thread-1] INFO  server.RaftServerConfigKeys (ConfUtils.java:logGet(46)) - raft.server.rpc.sleep.time = 25ms (default)
2022-11-08 11:41:37,187 [pool-544-thread-1] INFO  server.RaftServerConfigKeys (ConfUtils.java:logGet(46)) - raft.server.rpc.slowness.timeout = 300s (custom)
2022-11-08 11:41:37,187 [pool-544-thread-1] INFO  server.RaftServerConfigKeys (ConfUtils.java:logGet(46)) - raft.server.leaderelection.leader.step-down.wait-time = 10s (default)
2022-11-08 11:41:37,188 [pool-544-thread-1] INFO  server.RaftServerConfigKeys (ConfUtils.java:logGet(46)) - raft.server.sleep.deviation.threshold = 300ms (default)
2022-11-08 11:41:37,188 [pool-544-thread-1] INFO  server.RaftServer$Division (ServerState.java:<init>(118)) - 9f6d9e32-b5ab-49ef-be08-a692056fb1f3@group-7E018C2E2285: ConfigurationManager, init=-1: peers:[86012a26-2f7a-42b0-9674-f0c6f2d36cf9|rpc:10.1.0.111:45781|priority:0|startupRole:FOLLOWER, 9f6d9e32-b5ab-49ef-be08-a692056fb1f3|rpc:10.1.0.111:37217|priority:1|startupRole:FOLLOWER, 69ebc52a-668b-4a1b-b1c8-adfe2408a111|rpc:10.1.0.111:42155|priority:0|startupRole:FOLLOWER]|listeners:[], old=null, confs=<EMPTY_MAP>
2022-11-08 11:41:37,188 [pool-544-thread-1] INFO  server.RaftServerConfigKeys (ConfUtils.java:logGet(46)) - raft.server.storage.dir = [/home/runner/work/ozone/ozone/hadoop-ozone/integration-test/target/test-dir/MiniOzoneClusterImpl-08243b3f-be7e-4743-8f19-be1c242049e7/datanode-0/data/ratis] (custom)
2022-11-08 11:41:37,188 [pool-544-thread-1] INFO  server.RaftServerConfigKeys (ConfUtils.java:logGet(46)) - raft.server.log.corruption.policy = EXCEPTION (default)
2022-11-08 11:41:37,188 [pool-544-thread-1] INFO  server.RaftServerConfigKeys (ConfUtils.java:logGet(46)) - raft.server.storage.free-space.min = 0MB (=0) (default)
2022-11-08 11:41:37,188 [pool-544-thread-1] INFO  server.RaftServerConfigKeys (ConfUtils.java:logGet(46)) - raft.server.notification.no-leader.timeout = 300s (custom)
2022-11-08 11:41:37,188 [pool-544-thread-1] INFO  server.RaftServerConfigKeys (ConfUtils.java:logGet(46)) - raft.server.retrycache.expirytime = 600000ms (custom)
2022-11-08 11:41:37,188 [pool-544-thread-1] INFO  server.RaftServerConfigKeys (ConfUtils.java:logGet(46)) - raft.server.retrycache.statistics.expirytime = 100μs (default)
2022-11-08 11:41:37,190 [pool-544-thread-1] INFO  server.RaftServerConfigKeys (ConfUtils.java:logGet(46)) - raft.server.log.appender.install.snapshot.enabled = false (custom)
2022-11-08 11:41:37,190 [pool-544-thread-1] INFO  server.RaftServerConfigKeys (ConfUtils.java:logGet(46)) - raft.server.threadpool.server.cached = true (default)
2022-11-08 11:41:37,190 [pool-544-thread-1] INFO  server.RaftServerConfigKeys (ConfUtils.java:logGet(46)) - raft.server.threadpool.server.size = 0 (default)
2022-11-08 11:41:37,190 [pool-544-thread-1] INFO  server.RaftServerConfigKeys (ConfUtils.java:logGet(46)) - raft.server.threadpool.client.cached = true (default)
2022-11-08 11:41:37,190 [pool-544-thread-1] INFO  server.RaftServerConfigKeys (ConfUtils.java:logGet(46)) - raft.server.threadpool.client.size = 0 (default)
2022-11-08 11:41:37,190 [pool-544-thread-1] INFO  storage.RaftStorageDirectory (RaftStorageDirectoryImpl.java:analyzeStorage(137)) - The storage directory /home/runner/work/ozone/ozone/hadoop-ozone/integration-test/target/test-dir/MiniOzoneClusterImpl-08243b3f-be7e-4743-8f19-be1c242049e7/datanode-0/data/ratis/30f66c29-ad32-4878-972b-7e018c2e2285 does not exist. Creating ...
2022-11-08 11:41:37,191 [pool-544-thread-1] INFO  storage.RaftStorageDirectory (RaftStorageDirectoryImpl.java:tryLock(231)) - Lock on /home/runner/work/ozone/ozone/hadoop-ozone/integration-test/target/test-dir/MiniOzoneClusterImpl-08243b3f-be7e-4743-8f19-be1c242049e7/datanode-0/data/ratis/30f66c29-ad32-4878-972b-7e018c2e2285/in_use.lock acquired by nodename 12130@fv-az573-890
2022-11-08 11:41:37,193 [pool-544-thread-1] INFO  storage.RaftStorage (RaftStorageImpl.java:format(96)) - Storage directory /home/runner/work/ozone/ozone/hadoop-ozone/integration-test/target/test-dir/MiniOzoneClusterImpl-08243b3f-be7e-4743-8f19-be1c242049e7/datanode-0/data/ratis/30f66c29-ad32-4878-972b-7e018c2e2285 has been successfully formatted.
2022-11-08 11:41:37,194 [pool-544-thread-1] INFO  ratis.ContainerStateMachine (ContainerStateMachine.java:loadSnapshot(236)) - group-7E018C2E2285: The snapshot info is null. Setting the last applied indexto:(t:0, i:~)
2022-11-08 11:41:37,194 [pool-544-thread-1] INFO  server.RaftServerConfigKeys (ConfUtils.java:logGet(46)) - raft.server.log.use.memory = false (default)
2022-11-08 11:41:37,194 [pool-544-thread-1] INFO  server.RaftServerConfigKeys (ConfUtils.java:logGet(46)) - raft.server.log.purge.gap = 1000000 (custom)
2022-11-08 11:41:37,194 [pool-544-thread-1] INFO  server.RaftServerConfigKeys (ConfUtils.java:logGet(46)) - raft.server.log.appender.buffer.byte-limit = 33554432 (custom)
2022-11-08 11:41:37,194 [pool-544-thread-1] INFO  server.RaftServerConfigKeys (ConfUtils.java:logGet(46)) - raft.server.log.statemachine.data.read.timeout = 1000ms (default)
2022-11-08 11:41:37,194 [pool-544-thread-1] INFO  server.RaftServerConfigKeys (ConfUtils.java:logGet(46)) - raft.server.log.purge.preservation.log.num = 0 (default)
2022-11-08 11:41:37,194 [pool-544-thread-1] INFO  server.RaftServerConfigKeys (ConfUtils.java:logGet(46)) - raft.server.log.segment.size.max = 1048576 (custom)
2022-11-08 11:41:37,196 [pool-544-thread-1] INFO  server.RaftServerConfigKeys (ConfUtils.java:logGet(46)) - raft.server.log.segment.cache.num.max = 2 (custom)
2022-11-08 11:41:37,196 [pool-544-thread-1] INFO  server.RaftServerConfigKeys (ConfUtils.java:logGet(46)) - raft.server.log.segment.cache.size.max = 200MB (=209715200) (default)
2022-11-08 11:41:37,196 [pool-544-thread-1] INFO  segmented.SegmentedRaftLogWorker (SegmentedRaftLogWorker.java:<init>(191)) - new 9f6d9e32-b5ab-49ef-be08-a692056fb1f3@group-7E018C2E2285-SegmentedRaftLogWorker for RaftStorageImpl:Storage Directory /home/runner/work/ozone/ozone/hadoop-ozone/integration-test/target/test-dir/MiniOzoneClusterImpl-08243b3f-be7e-4743-8f19-be1c242049e7/datanode-0/data/ratis/30f66c29-ad32-4878-972b-7e018c2e2285
2022-11-08 11:41:37,196 [pool-544-thread-1] INFO  server.RaftServerConfigKeys (ConfUtils.java:logGet(46)) - raft.server.log.queue.byte-limit = 4294967296 (custom)
2022-11-08 11:41:37,196 [pool-544-thread-1] INFO  server.RaftServerConfigKeys (ConfUtils.java:logGet(46)) - raft.server.log.queue.element-limit = 1024 (custom)
2022-11-08 11:41:37,196 [pool-544-thread-1] INFO  server.RaftServerConfigKeys (ConfUtils.java:logGet(46)) - raft.server.log.segment.size.max = 1048576 (custom)
2022-11-08 11:41:37,196 [pool-544-thread-1] INFO  server.RaftServerConfigKeys (ConfUtils.java:logGet(46)) - raft.server.log.preallocated.size = 16384 (custom)
2022-11-08 11:41:37,197 [pool-544-thread-1] INFO  server.RaftServerConfigKeys (ConfUtils.java:logGet(46)) - raft.server.log.force.sync.num = 128 (default)
2022-11-08 11:41:37,197 [pool-544-thread-1] INFO  server.RaftServerConfigKeys (ConfUtils.java:logGet(46)) - raft.server.log.statemachine.data.sync = true (default)
2022-11-08 11:41:37,197 [pool-544-thread-1] INFO  server.RaftServerConfigKeys (ConfUtils.java:logGet(46)) - raft.server.log.statemachine.data.sync.timeout = 10s (default)
2022-11-08 11:41:37,197 [pool-544-thread-1] INFO  server.RaftServerConfigKeys (ConfUtils.java:logGet(46)) - raft.server.log.statemachine.data.sync.timeout.retry = -1 (default)
2022-11-08 11:41:37,198 [pool-544-thread-1] INFO  server.RaftServerConfigKeys (ConfUtils.java:logGet(46)) - raft.server.log.write.buffer.size = 1048576 (custom)
2022-11-08 11:41:37,199 [pool-544-thread-1] INFO  server.RaftServerConfigKeys (ConfUtils.java:logGet(46)) - raft.server.log.unsafe-flush.enabled = false (default)
2022-11-08 11:41:37,199 [pool-544-thread-1] INFO  server.RaftServerConfigKeys (ConfUtils.java:logGet(46)) - raft.server.log.async-flush.enabled = false (default)
2022-11-08 11:41:37,199 [pool-544-thread-1] INFO  server.RaftServerConfigKeys (ConfUtils.java:logGet(46)) - raft.server.log.statemachine.data.caching.enabled = true (custom)
2022-11-08 11:41:37,199 [pool-544-thread-1] INFO  segmented.SegmentedRaftLogWorker (SegmentedRaftLogWorker.java:lambda$new$0(136)) - 9f6d9e32-b5ab-49ef-be08-a692056fb1f3@group-7E018C2E2285-SegmentedRaftLogWorker: flushIndex: setUnconditionally 0 -> -1
2022-11-08 11:41:37,199 [pool-544-thread-1] INFO  segmented.SegmentedRaftLogWorker (SegmentedRaftLogWorker.java:lambda$new$0(136)) - 9f6d9e32-b5ab-49ef-be08-a692056fb1f3@group-7E018C2E2285-SegmentedRaftLogWorker: safeCacheEvictIndex: setUnconditionally 0 -> -1
2022-11-08 11:41:37,200 [pool-544-thread-1] INFO  server.RaftServer$Division (RaftServerImpl.java:start(334)) - 9f6d9e32-b5ab-49ef-be08-a692056fb1f3@group-7E018C2E2285: start as a follower, conf=-1: peers:[86012a26-2f7a-42b0-9674-f0c6f2d36cf9|rpc:10.1.0.111:45781|priority:0|startupRole:FOLLOWER, 9f6d9e32-b5ab-49ef-be08-a692056fb1f3|rpc:10.1.0.111:37217|priority:1|startupRole:FOLLOWER, 69ebc52a-668b-4a1b-b1c8-adfe2408a111|rpc:10.1.0.111:42155|priority:0|startupRole:FOLLOWER]|listeners:[], old=null
2022-11-08 11:41:37,200 [pool-544-thread-1] INFO  server.RaftServer$Division (RaftServerImpl.java:setRole(321)) - 9f6d9e32-b5ab-49ef-be08-a692056fb1f3@group-7E018C2E2285: changes role from      null to FOLLOWER at term 0 for startAsFollower
2022-11-08 11:41:37,200 [pool-544-thread-1] INFO  impl.RoleInfo (RoleInfo.java:updateAndGet(139)) - 9f6d9e32-b5ab-49ef-be08-a692056fb1f3: start 9f6d9e32-b5ab-49ef-be08-a692056fb1f3@group-7E018C2E2285-FollowerState
2022-11-08 11:41:37,200 [pool-544-thread-1] INFO  util.JmxRegister (JmxRegister.java:tryRegister(44)) - Successfully registered JMX Bean with object name Ratis:service=RaftServer,group=group-7E018C2E2285,id=9f6d9e32-b5ab-49ef-be08-a692056fb1f3
2022-11-08 11:41:37,200 [9f6d9e32-b5ab-49ef-be08-a692056fb1f3@group-7E018C2E2285-FollowerState] INFO  server.RaftServerConfigKeys (ConfUtils.java:logFallback(53)) - raft.server.rpc.first-election.timeout.min = 5s (fallback to raft.server.rpc.timeout.min)
2022-11-08 11:41:37,200 [pool-544-thread-1] INFO  server.RaftServerConfigKeys (ConfUtils.java:logGet(46)) - raft.server.snapshot.auto.trigger.enabled = true (custom)
2022-11-08 11:41:37,200 [9f6d9e32-b5ab-49ef-be08-a692056fb1f3@group-7E018C2E2285-FollowerState] INFO  server.RaftServerConfigKeys (ConfUtils.java:logFallback(53)) - raft.server.rpc.first-election.timeout.max = 5200ms (fallback to raft.server.rpc.timeout.max)
2022-11-08 11:41:37,200 [pool-544-thread-1] INFO  server.RaftServerConfigKeys (ConfUtils.java:logGet(46)) - raft.server.snapshot.auto.trigger.threshold = 10000 (custom)
2022-11-08 11:41:37,201 [pool-544-thread-1] INFO  server.RaftServerConfigKeys (ConfUtils.java:logGet(46)) - raft.server.snapshot.retention.file.num = 5 (custom)
2022-11-08 11:41:37,201 [pool-544-thread-1] INFO  server.RaftServerConfigKeys (ConfUtils.java:logGet(46)) - raft.server.log.purge.upto.snapshot.index = false (default)
2022-11-08 11:41:37,201 [Command processor thread] INFO  ratis.XceiverServerRatis (XceiverServerRatis.java:addGroup(765)) - Created group PipelineID=30f66c29-ad32-4878-972b-7e018c2e2285
2022-11-08 11:41:37,210 [grpc-default-executor-0] INFO  server.RaftServer (RaftServerProxy.java:addNew(96)) - 86012a26-2f7a-42b0-9674-f0c6f2d36cf9: addNew group-7E018C2E2285:[86012a26-2f7a-42b0-9674-f0c6f2d36cf9|rpc:10.1.0.111:45781|dataStream:|priority:0|startupRole:FOLLOWER, 9f6d9e32-b5ab-49ef-be08-a692056fb1f3|rpc:10.1.0.111:37217|dataStream:|priority:1|startupRole:FOLLOWER, 69ebc52a-668b-4a1b-b1c8-adfe2408a111|rpc:10.1.0.111:42155|dataStream:|priority:0|startupRole:FOLLOWER] returns group-7E018C2E2285:java.util.concurrent.CompletableFuture@65b7708d[Not completed]
2022-11-08 11:41:37,211 [pool-567-thread-1] INFO  server.RaftServer$Division (RaftServerImpl.java:<init>(195)) - 86012a26-2f7a-42b0-9674-f0c6f2d36cf9: new RaftServerImpl for group-7E018C2E2285:[86012a26-2f7a-42b0-9674-f0c6f2d36cf9|rpc:10.1.0.111:45781|dataStream:|priority:0|startupRole:FOLLOWER, 9f6d9e32-b5ab-49ef-be08-a692056fb1f3|rpc:10.1.0.111:37217|dataStream:|priority:1|startupRole:FOLLOWER, 69ebc52a-668b-4a1b-b1c8-adfe2408a111|rpc:10.1.0.111:42155|dataStream:|priority:0|startupRole:FOLLOWER] with ContainerStateMachine:uninitialized
2022-11-08 11:41:37,211 [pool-567-thread-1] INFO  server.RaftServerConfigKeys (ConfUtils.java:logGet(46)) - raft.server.rpc.timeout.min = 5s (custom)
2022-11-08 11:41:37,211 [pool-567-thread-1] INFO  server.RaftServerConfigKeys (ConfUtils.java:logGet(46)) - raft.server.rpc.timeout.max = 5200ms (custom)
2022-11-08 11:41:37,211 [pool-567-thread-1] INFO  server.RaftServerConfigKeys (ConfUtils.java:logGet(46)) - raft.server.rpc.sleep.time = 25ms (default)
2022-11-08 11:41:37,211 [pool-567-thread-1] INFO  server.RaftServerConfigKeys (ConfUtils.java:logGet(46)) - raft.server.rpc.slowness.timeout = 300s (custom)
2022-11-08 11:41:37,211 [pool-567-thread-1] INFO  server.RaftServerConfigKeys (ConfUtils.java:logGet(46)) - raft.server.leaderelection.leader.step-down.wait-time = 10s (default)
2022-11-08 11:41:37,211 [pool-567-thread-1] INFO  server.RaftServerConfigKeys (ConfUtils.java:logGet(46)) - raft.server.sleep.deviation.threshold = 300ms (default)
2022-11-08 11:41:37,211 [pool-567-thread-1] INFO  server.RaftServer$Division (ServerState.java:<init>(118)) - 86012a26-2f7a-42b0-9674-f0c6f2d36cf9@group-7E018C2E2285: ConfigurationManager, init=-1: peers:[86012a26-2f7a-42b0-9674-f0c6f2d36cf9|rpc:10.1.0.111:45781|dataStream:|priority:0|startupRole:FOLLOWER, 9f6d9e32-b5ab-49ef-be08-a692056fb1f3|rpc:10.1.0.111:37217|dataStream:|priority:1|startupRole:FOLLOWER, 69ebc52a-668b-4a1b-b1c8-adfe2408a111|rpc:10.1.0.111:42155|dataStream:|priority:0|startupRole:FOLLOWER]|listeners:[], old=null, confs=<EMPTY_MAP>
2022-11-08 11:41:37,211 [pool-567-thread-1] INFO  server.RaftServerConfigKeys (ConfUtils.java:logGet(46)) - raft.server.storage.dir = [/home/runner/work/ozone/ozone/hadoop-ozone/integration-test/target/test-dir/MiniOzoneClusterImpl-08243b3f-be7e-4743-8f19-be1c242049e7/datanode-1/data/ratis] (custom)
2022-11-08 11:41:37,212 [pool-567-thread-1] INFO  server.RaftServerConfigKeys (ConfUtils.java:logGet(46)) - raft.server.log.corruption.policy = EXCEPTION (default)
2022-11-08 11:41:37,212 [pool-567-thread-1] INFO  server.RaftServerConfigKeys (ConfUtils.java:logGet(46)) - raft.server.storage.free-space.min = 0MB (=0) (default)
2022-11-08 11:41:37,212 [pool-567-thread-1] INFO  server.RaftServerConfigKeys (ConfUtils.java:logGet(46)) - raft.server.notification.no-leader.timeout = 300s (custom)
2022-11-08 11:41:37,212 [pool-567-thread-1] INFO  server.RaftServerConfigKeys (ConfUtils.java:logGet(46)) - raft.server.retrycache.expirytime = 600000ms (custom)
2022-11-08 11:41:37,212 [pool-567-thread-1] INFO  server.RaftServerConfigKeys (ConfUtils.java:logGet(46)) - raft.server.retrycache.statistics.expirytime = 100μs (default)
2022-11-08 11:41:37,213 [pool-567-thread-1] INFO  server.RaftServerConfigKeys (ConfUtils.java:logGet(46)) - raft.server.log.appender.install.snapshot.enabled = false (custom)
2022-11-08 11:41:37,213 [pool-567-thread-1] INFO  server.RaftServerConfigKeys (ConfUtils.java:logGet(46)) - raft.server.threadpool.server.cached = true (default)
2022-11-08 11:41:37,213 [pool-567-thread-1] INFO  server.RaftServerConfigKeys (ConfUtils.java:logGet(46)) - raft.server.threadpool.server.size = 0 (default)
2022-11-08 11:41:37,213 [pool-567-thread-1] INFO  server.RaftServerConfigKeys (ConfUtils.java:logGet(46)) - raft.server.threadpool.client.cached = true (default)
2022-11-08 11:41:37,213 [pool-567-thread-1] INFO  server.RaftServerConfigKeys (ConfUtils.java:logGet(46)) - raft.server.threadpool.client.size = 0 (default)
2022-11-08 11:41:37,214 [pool-567-thread-1] INFO  storage.RaftStorageDirectory (RaftStorageDirectoryImpl.java:analyzeStorage(137)) - The storage directory /home/runner/work/ozone/ozone/hadoop-ozone/integration-test/target/test-dir/MiniOzoneClusterImpl-08243b3f-be7e-4743-8f19-be1c242049e7/datanode-1/data/ratis/30f66c29-ad32-4878-972b-7e018c2e2285 does not exist. Creating ...
2022-11-08 11:41:37,215 [pool-567-thread-1] INFO  storage.RaftStorageDirectory (RaftStorageDirectoryImpl.java:tryLock(231)) - Lock on /home/runner/work/ozone/ozone/hadoop-ozone/integration-test/target/test-dir/MiniOzoneClusterImpl-08243b3f-be7e-4743-8f19-be1c242049e7/datanode-1/data/ratis/30f66c29-ad32-4878-972b-7e018c2e2285/in_use.lock acquired by nodename 12130@fv-az573-890
2022-11-08 11:41:37,216 [pool-567-thread-1] INFO  storage.RaftStorage (RaftStorageImpl.java:format(96)) - Storage directory /home/runner/work/ozone/ozone/hadoop-ozone/integration-test/target/test-dir/MiniOzoneClusterImpl-08243b3f-be7e-4743-8f19-be1c242049e7/datanode-1/data/ratis/30f66c29-ad32-4878-972b-7e018c2e2285 has been successfully formatted.
2022-11-08 11:41:37,217 [pool-567-thread-1] INFO  ratis.ContainerStateMachine (ContainerStateMachine.java:loadSnapshot(236)) - group-7E018C2E2285: The snapshot info is null. Setting the last applied indexto:(t:0, i:~)
2022-11-08 11:41:37,217 [pool-567-thread-1] INFO  server.RaftServerConfigKeys (ConfUtils.java:logGet(46)) - raft.server.log.use.memory = false (default)
2022-11-08 11:41:37,217 [pool-567-thread-1] INFO  server.RaftServerConfigKeys (ConfUtils.java:logGet(46)) - raft.server.log.purge.gap = 1000000 (custom)
2022-11-08 11:41:37,217 [pool-567-thread-1] INFO  server.RaftServerConfigKeys (ConfUtils.java:logGet(46)) - raft.server.log.appender.buffer.byte-limit = 33554432 (custom)
2022-11-08 11:41:37,217 [pool-567-thread-1] INFO  server.RaftServerConfigKeys (ConfUtils.java:logGet(46)) - raft.server.log.statemachine.data.read.timeout = 1000ms (default)
2022-11-08 11:41:37,217 [pool-567-thread-1] INFO  server.RaftServerConfigKeys (ConfUtils.java:logGet(46)) - raft.server.log.purge.preservation.log.num = 0 (default)
2022-11-08 11:41:37,218 [pool-567-thread-1] INFO  server.RaftServerConfigKeys (ConfUtils.java:logGet(46)) - raft.server.log.segment.size.max = 1048576 (custom)
2022-11-08 11:41:37,218 [pool-567-thread-1] INFO  server.RaftServerConfigKeys (ConfUtils.java:logGet(46)) - raft.server.log.segment.cache.num.max = 2 (custom)
2022-11-08 11:41:37,218 [pool-567-thread-1] INFO  server.RaftServerConfigKeys (ConfUtils.java:logGet(46)) - raft.server.log.segment.cache.size.max = 200MB (=209715200) (default)
2022-11-08 11:41:37,218 [pool-567-thread-1] INFO  segmented.SegmentedRaftLogWorker (SegmentedRaftLogWorker.java:<init>(191)) - new 86012a26-2f7a-42b0-9674-f0c6f2d36cf9@group-7E018C2E2285-SegmentedRaftLogWorker for RaftStorageImpl:Storage Directory /home/runner/work/ozone/ozone/hadoop-ozone/integration-test/target/test-dir/MiniOzoneClusterImpl-08243b3f-be7e-4743-8f19-be1c242049e7/datanode-1/data/ratis/30f66c29-ad32-4878-972b-7e018c2e2285
2022-11-08 11:41:37,218 [pool-567-thread-1] INFO  server.RaftServerConfigKeys (ConfUtils.java:logGet(46)) - raft.server.log.queue.byte-limit = 4294967296 (custom)
2022-11-08 11:41:37,219 [pool-567-thread-1] INFO  server.RaftServerConfigKeys (ConfUtils.java:logGet(46)) - raft.server.log.queue.element-limit = 1024 (custom)
2022-11-08 11:41:37,219 [pool-567-thread-1] INFO  server.RaftServerConfigKeys (ConfUtils.java:logGet(46)) - raft.server.log.segment.size.max = 1048576 (custom)
2022-11-08 11:41:37,219 [pool-567-thread-1] INFO  server.RaftServerConfigKeys (ConfUtils.java:logGet(46)) - raft.server.log.preallocated.size = 16384 (custom)
2022-11-08 11:41:37,219 [pool-567-thread-1] INFO  server.RaftServerConfigKeys (ConfUtils.java:logGet(46)) - raft.server.log.force.sync.num = 128 (default)
2022-11-08 11:41:37,219 [pool-567-thread-1] INFO  server.RaftServerConfigKeys (ConfUtils.java:logGet(46)) - raft.server.log.statemachine.data.sync = true (default)
2022-11-08 11:41:37,219 [pool-567-thread-1] INFO  server.RaftServerConfigKeys (ConfUtils.java:logGet(46)) - raft.server.log.statemachine.data.sync.timeout = 10s (default)
2022-11-08 11:41:37,219 [pool-567-thread-1] INFO  server.RaftServerConfigKeys (ConfUtils.java:logGet(46)) - raft.server.log.statemachine.data.sync.timeout.retry = -1 (default)
2022-11-08 11:41:37,220 [pool-567-thread-1] INFO  server.RaftServerConfigKeys (ConfUtils.java:logGet(46)) - raft.server.log.write.buffer.size = 1048576 (custom)
2022-11-08 11:41:37,221 [pool-567-thread-1] INFO  server.RaftServerConfigKeys (ConfUtils.java:logGet(46)) - raft.server.log.unsafe-flush.enabled = false (default)
2022-11-08 11:41:37,221 [pool-567-thread-1] INFO  server.RaftServerConfigKeys (ConfUtils.java:logGet(46)) - raft.server.log.async-flush.enabled = false (default)
2022-11-08 11:41:37,221 [pool-567-thread-1] INFO  server.RaftServerConfigKeys (ConfUtils.java:logGet(46)) - raft.server.log.statemachine.data.caching.enabled = true (custom)
2022-11-08 11:41:37,221 [pool-567-thread-1] INFO  segmented.SegmentedRaftLogWorker (SegmentedRaftLogWorker.java:lambda$new$0(136)) - 86012a26-2f7a-42b0-9674-f0c6f2d36cf9@group-7E018C2E2285-SegmentedRaftLogWorker: flushIndex: setUnconditionally 0 -> -1
2022-11-08 11:41:37,222 [pool-567-thread-1] INFO  segmented.SegmentedRaftLogWorker (SegmentedRaftLogWorker.java:lambda$new$0(136)) - 86012a26-2f7a-42b0-9674-f0c6f2d36cf9@group-7E018C2E2285-SegmentedRaftLogWorker: safeCacheEvictIndex: setUnconditionally 0 -> -1
2022-11-08 11:41:37,222 [pool-567-thread-1] INFO  server.RaftServer$Division (RaftServerImpl.java:start(334)) - 86012a26-2f7a-42b0-9674-f0c6f2d36cf9@group-7E018C2E2285: start as a follower, conf=-1: peers:[86012a26-2f7a-42b0-9674-f0c6f2d36cf9|rpc:10.1.0.111:45781|dataStream:|priority:0|startupRole:FOLLOWER, 9f6d9e32-b5ab-49ef-be08-a692056fb1f3|rpc:10.1.0.111:37217|dataStream:|priority:1|startupRole:FOLLOWER, 69ebc52a-668b-4a1b-b1c8-adfe2408a111|rpc:10.1.0.111:42155|dataStream:|priority:0|startupRole:FOLLOWER]|listeners:[], old=null
2022-11-08 11:41:37,222 [pool-567-thread-1] INFO  server.RaftServer$Division (RaftServerImpl.java:setRole(321)) - 86012a26-2f7a-42b0-9674-f0c6f2d36cf9@group-7E018C2E2285: changes role from      null to FOLLOWER at term 0 for startAsFollower
2022-11-08 11:41:37,222 [pool-567-thread-1] INFO  impl.RoleInfo (RoleInfo.java:updateAndGet(139)) - 86012a26-2f7a-42b0-9674-f0c6f2d36cf9: start 86012a26-2f7a-42b0-9674-f0c6f2d36cf9@group-7E018C2E2285-FollowerState
2022-11-08 11:41:37,222 [86012a26-2f7a-42b0-9674-f0c6f2d36cf9@group-7E018C2E2285-FollowerState] INFO  server.RaftServerConfigKeys (ConfUtils.java:logFallback(53)) - raft.server.rpc.first-election.timeout.min = 5s (fallback to raft.server.rpc.timeout.min)
2022-11-08 11:41:37,222 [pool-567-thread-1] INFO  util.JmxRegister (JmxRegister.java:tryRegister(44)) - Successfully registered JMX Bean with object name Ratis:service=RaftServer,group=group-7E018C2E2285,id=86012a26-2f7a-42b0-9674-f0c6f2d36cf9
2022-11-08 11:41:37,222 [86012a26-2f7a-42b0-9674-f0c6f2d36cf9@group-7E018C2E2285-FollowerState] INFO  server.RaftServerConfigKeys (ConfUtils.java:logFallback(53)) - raft.server.rpc.first-election.timeout.max = 5200ms (fallback to raft.server.rpc.timeout.max)
2022-11-08 11:41:37,222 [pool-567-thread-1] INFO  server.RaftServerConfigKeys (ConfUtils.java:logGet(46)) - raft.server.snapshot.auto.trigger.enabled = true (custom)
2022-11-08 11:41:37,222 [pool-567-thread-1] INFO  server.RaftServerConfigKeys (ConfUtils.java:logGet(46)) - raft.server.snapshot.auto.trigger.threshold = 10000 (custom)
2022-11-08 11:41:37,223 [pool-567-thread-1] INFO  server.RaftServerConfigKeys (ConfUtils.java:logGet(46)) - raft.server.snapshot.retention.file.num = 5 (custom)
2022-11-08 11:41:37,223 [pool-567-thread-1] INFO  server.RaftServerConfigKeys (ConfUtils.java:logGet(46)) - raft.server.log.purge.upto.snapshot.index = false (default)
2022-11-08 11:41:37,242 [grpc-default-executor-0] INFO  server.RaftServer (RaftServerProxy.java:addNew(96)) - 69ebc52a-668b-4a1b-b1c8-adfe2408a111: addNew group-7E018C2E2285:[86012a26-2f7a-42b0-9674-f0c6f2d36cf9|rpc:10.1.0.111:45781|dataStream:|priority:0|startupRole:FOLLOWER, 9f6d9e32-b5ab-49ef-be08-a692056fb1f3|rpc:10.1.0.111:37217|dataStream:|priority:1|startupRole:FOLLOWER, 69ebc52a-668b-4a1b-b1c8-adfe2408a111|rpc:10.1.0.111:42155|dataStream:|priority:0|startupRole:FOLLOWER] returns group-7E018C2E2285:java.util.concurrent.CompletableFuture@23ea3a2a[Not completed]
2022-11-08 11:41:37,243 [pool-590-thread-1] INFO  server.RaftServer$Division (RaftServerImpl.java:<init>(195)) - 69ebc52a-668b-4a1b-b1c8-adfe2408a111: new RaftServerImpl for group-7E018C2E2285:[86012a26-2f7a-42b0-9674-f0c6f2d36cf9|rpc:10.1.0.111:45781|dataStream:|priority:0|startupRole:FOLLOWER, 9f6d9e32-b5ab-49ef-be08-a692056fb1f3|rpc:10.1.0.111:37217|dataStream:|priority:1|startupRole:FOLLOWER, 69ebc52a-668b-4a1b-b1c8-adfe2408a111|rpc:10.1.0.111:42155|dataStream:|priority:0|startupRole:FOLLOWER] with ContainerStateMachine:uninitialized
2022-11-08 11:41:37,243 [pool-590-thread-1] INFO  server.RaftServerConfigKeys (ConfUtils.java:logGet(46)) - raft.server.rpc.timeout.min = 5s (custom)
2022-11-08 11:41:37,243 [pool-590-thread-1] INFO  server.RaftServerConfigKeys (ConfUtils.java:logGet(46)) - raft.server.rpc.timeout.max = 5200ms (custom)
2022-11-08 11:41:37,243 [pool-590-thread-1] INFO  server.RaftServerConfigKeys (ConfUtils.java:logGet(46)) - raft.server.rpc.sleep.time = 25ms (default)
2022-11-08 11:41:37,243 [pool-590-thread-1] INFO  server.RaftServerConfigKeys (ConfUtils.java:logGet(46)) - raft.server.rpc.slowness.timeout = 300s (custom)
2022-11-08 11:41:37,243 [pool-590-thread-1] INFO  server.RaftServerConfigKeys (ConfUtils.java:logGet(46)) - raft.server.leaderelection.leader.step-down.wait-time = 10s (default)
2022-11-08 11:41:37,243 [pool-590-thread-1] INFO  server.RaftServerConfigKeys (ConfUtils.java:logGet(46)) - raft.server.sleep.deviation.threshold = 300ms (default)
2022-11-08 11:41:37,243 [pool-590-thread-1] INFO  server.RaftServer$Division (ServerState.java:<init>(118)) - 69ebc52a-668b-4a1b-b1c8-adfe2408a111@group-7E018C2E2285: ConfigurationManager, init=-1: peers:[86012a26-2f7a-42b0-9674-f0c6f2d36cf9|rpc:10.1.0.111:45781|dataStream:|priority:0|startupRole:FOLLOWER, 9f6d9e32-b5ab-49ef-be08-a692056fb1f3|rpc:10.1.0.111:37217|dataStream:|priority:1|startupRole:FOLLOWER, 69ebc52a-668b-4a1b-b1c8-adfe2408a111|rpc:10.1.0.111:42155|dataStream:|priority:0|startupRole:FOLLOWER]|listeners:[], old=null, confs=<EMPTY_MAP>
2022-11-08 11:41:37,243 [pool-590-thread-1] INFO  server.RaftServerConfigKeys (ConfUtils.java:logGet(46)) - raft.server.storage.dir = [/home/runner/work/ozone/ozone/hadoop-ozone/integration-test/target/test-dir/MiniOzoneClusterImpl-08243b3f-be7e-4743-8f19-be1c242049e7/datanode-2/data/ratis] (custom)
2022-11-08 11:41:37,244 [pool-590-thread-1] INFO  server.RaftServerConfigKeys (ConfUtils.java:logGet(46)) - raft.server.log.corruption.policy = EXCEPTION (default)
2022-11-08 11:41:37,244 [pool-590-thread-1] INFO  server.RaftServerConfigKeys (ConfUtils.java:logGet(46)) - raft.server.storage.free-space.min = 0MB (=0) (default)
2022-11-08 11:41:37,244 [pool-590-thread-1] INFO  server.RaftServerConfigKeys (ConfUtils.java:logGet(46)) - raft.server.notification.no-leader.timeout = 300s (custom)
2022-11-08 11:41:37,244 [pool-590-thread-1] INFO  server.RaftServerConfigKeys (ConfUtils.java:logGet(46)) - raft.server.retrycache.expirytime = 600000ms (custom)
2022-11-08 11:41:37,244 [pool-590-thread-1] INFO  server.RaftServerConfigKeys (ConfUtils.java:logGet(46)) - raft.server.retrycache.statistics.expirytime = 100μs (default)
2022-11-08 11:41:37,245 [pool-590-thread-1] INFO  server.RaftServerConfigKeys (ConfUtils.java:logGet(46)) - raft.server.log.appender.install.snapshot.enabled = false (custom)
2022-11-08 11:41:37,245 [pool-590-thread-1] INFO  server.RaftServerConfigKeys (ConfUtils.java:logGet(46)) - raft.server.threadpool.server.cached = true (default)
2022-11-08 11:41:37,246 [pool-590-thread-1] INFO  server.RaftServerConfigKeys (ConfUtils.java:logGet(46)) - raft.server.threadpool.server.size = 0 (default)
2022-11-08 11:41:37,246 [pool-590-thread-1] INFO  server.RaftServerConfigKeys (ConfUtils.java:logGet(46)) - raft.server.threadpool.client.cached = true (default)
2022-11-08 11:41:37,246 [pool-590-thread-1] INFO  server.RaftServerConfigKeys (ConfUtils.java:logGet(46)) - raft.server.threadpool.client.size = 0 (default)
2022-11-08 11:41:37,246 [pool-590-thread-1] INFO  storage.RaftStorageDirectory (RaftStorageDirectoryImpl.java:analyzeStorage(137)) - The storage directory /home/runner/work/ozone/ozone/hadoop-ozone/integration-test/target/test-dir/MiniOzoneClusterImpl-08243b3f-be7e-4743-8f19-be1c242049e7/datanode-2/data/ratis/30f66c29-ad32-4878-972b-7e018c2e2285 does not exist. Creating ...
2022-11-08 11:41:37,249 [pool-590-thread-1] INFO  storage.RaftStorageDirectory (RaftStorageDirectoryImpl.java:tryLock(231)) - Lock on /home/runner/work/ozone/ozone/hadoop-ozone/integration-test/target/test-dir/MiniOzoneClusterImpl-08243b3f-be7e-4743-8f19-be1c242049e7/datanode-2/data/ratis/30f66c29-ad32-4878-972b-7e018c2e2285/in_use.lock acquired by nodename 12130@fv-az573-890
2022-11-08 11:41:37,250 [pool-590-thread-1] INFO  storage.RaftStorage (RaftStorageImpl.java:format(96)) - Storage directory /home/runner/work/ozone/ozone/hadoop-ozone/integration-test/target/test-dir/MiniOzoneClusterImpl-08243b3f-be7e-4743-8f19-be1c242049e7/datanode-2/data/ratis/30f66c29-ad32-4878-972b-7e018c2e2285 has been successfully formatted.
2022-11-08 11:41:37,250 [pool-590-thread-1] INFO  ratis.ContainerStateMachine (ContainerStateMachine.java:loadSnapshot(236)) - group-7E018C2E2285: The snapshot info is null. Setting the last applied indexto:(t:0, i:~)
2022-11-08 11:41:37,251 [pool-590-thread-1] INFO  server.RaftServerConfigKeys (ConfUtils.java:logGet(46)) - raft.server.log.use.memory = false (default)
2022-11-08 11:41:37,251 [pool-590-thread-1] INFO  server.RaftServerConfigKeys (ConfUtils.java:logGet(46)) - raft.server.log.purge.gap = 1000000 (custom)
2022-11-08 11:41:37,251 [pool-590-thread-1] INFO  server.RaftServerConfigKeys (ConfUtils.java:logGet(46)) - raft.server.log.appender.buffer.byte-limit = 33554432 (custom)
2022-11-08 11:41:37,251 [pool-590-thread-1] INFO  server.RaftServerConfigKeys (ConfUtils.java:logGet(46)) - raft.server.log.statemachine.data.read.timeout = 1000ms (default)
2022-11-08 11:41:37,251 [pool-590-thread-1] INFO  server.RaftServerConfigKeys (ConfUtils.java:logGet(46)) - raft.server.log.purge.preservation.log.num = 0 (default)
2022-11-08 11:41:37,251 [pool-590-thread-1] INFO  server.RaftServerConfigKeys (ConfUtils.java:logGet(46)) - raft.server.log.segment.size.max = 1048576 (custom)
2022-11-08 11:41:37,252 [pool-590-thread-1] INFO  server.RaftServerConfigKeys (ConfUtils.java:logGet(46)) - raft.server.log.segment.cache.num.max = 2 (custom)
2022-11-08 11:41:37,253 [pool-590-thread-1] INFO  server.RaftServerConfigKeys (ConfUtils.java:logGet(46)) - raft.server.log.segment.cache.size.max = 200MB (=209715200) (default)
2022-11-08 11:41:37,253 [pool-590-thread-1] INFO  segmented.SegmentedRaftLogWorker (SegmentedRaftLogWorker.java:<init>(191)) - new 69ebc52a-668b-4a1b-b1c8-adfe2408a111@group-7E018C2E2285-SegmentedRaftLogWorker for RaftStorageImpl:Storage Directory /home/runner/work/ozone/ozone/hadoop-ozone/integration-test/target/test-dir/MiniOzoneClusterImpl-08243b3f-be7e-4743-8f19-be1c242049e7/datanode-2/data/ratis/30f66c29-ad32-4878-972b-7e018c2e2285
2022-11-08 11:41:37,253 [pool-590-thread-1] INFO  server.RaftServerConfigKeys (ConfUtils.java:logGet(46)) - raft.server.log.queue.byte-limit = 4294967296 (custom)
2022-11-08 11:41:37,253 [pool-590-thread-1] INFO  server.RaftServerConfigKeys (ConfUtils.java:logGet(46)) - raft.server.log.queue.element-limit = 1024 (custom)
2022-11-08 11:41:37,253 [pool-590-thread-1] INFO  server.RaftServerConfigKeys (ConfUtils.java:logGet(46)) - raft.server.log.segment.size.max = 1048576 (custom)
2022-11-08 11:41:37,253 [pool-590-thread-1] INFO  server.RaftServerConfigKeys (ConfUtils.java:logGet(46)) - raft.server.log.preallocated.size = 16384 (custom)
2022-11-08 11:41:37,253 [pool-590-thread-1] INFO  server.RaftServerConfigKeys (ConfUtils.java:logGet(46)) - raft.server.log.force.sync.num = 128 (default)
2022-11-08 11:41:37,253 [pool-590-thread-1] INFO  server.RaftServerConfigKeys (ConfUtils.java:logGet(46)) - raft.server.log.statemachine.data.sync = true (default)
2022-11-08 11:41:37,253 [pool-590-thread-1] INFO  server.RaftServerConfigKeys (ConfUtils.java:logGet(46)) - raft.server.log.statemachine.data.sync.timeout = 10s (default)
2022-11-08 11:41:37,253 [pool-590-thread-1] INFO  server.RaftServerConfigKeys (ConfUtils.java:logGet(46)) - raft.server.log.statemachine.data.sync.timeout.retry = -1 (default)
2022-11-08 11:41:37,254 [pool-590-thread-1] INFO  server.RaftServerConfigKeys (ConfUtils.java:logGet(46)) - raft.server.log.write.buffer.size = 1048576 (custom)
2022-11-08 11:41:37,255 [pool-590-thread-1] INFO  server.RaftServerConfigKeys (ConfUtils.java:logGet(46)) - raft.server.log.unsafe-flush.enabled = false (default)
2022-11-08 11:41:37,255 [pool-590-thread-1] INFO  server.RaftServerConfigKeys (ConfUtils.java:logGet(46)) - raft.server.log.async-flush.enabled = false (default)
2022-11-08 11:41:37,255 [pool-590-thread-1] INFO  server.RaftServerConfigKeys (ConfUtils.java:logGet(46)) - raft.server.log.statemachine.data.caching.enabled = true (custom)
2022-11-08 11:41:37,255 [pool-590-thread-1] INFO  segmented.SegmentedRaftLogWorker (SegmentedRaftLogWorker.java:lambda$new$0(136)) - 69ebc52a-668b-4a1b-b1c8-adfe2408a111@group-7E018C2E2285-SegmentedRaftLogWorker: flushIndex: setUnconditionally 0 -> -1
2022-11-08 11:41:37,255 [pool-590-thread-1] INFO  segmented.SegmentedRaftLogWorker (SegmentedRaftLogWorker.java:lambda$new$0(136)) - 69ebc52a-668b-4a1b-b1c8-adfe2408a111@group-7E018C2E2285-SegmentedRaftLogWorker: safeCacheEvictIndex: setUnconditionally 0 -> -1
2022-11-08 11:41:37,255 [pool-590-thread-1] INFO  server.RaftServer$Division (RaftServerImpl.java:start(334)) - 69ebc52a-668b-4a1b-b1c8-adfe2408a111@group-7E018C2E2285: start as a follower, conf=-1: peers:[86012a26-2f7a-42b0-9674-f0c6f2d36cf9|rpc:10.1.0.111:45781|dataStream:|priority:0|startupRole:FOLLOWER, 9f6d9e32-b5ab-49ef-be08-a692056fb1f3|rpc:10.1.0.111:37217|dataStream:|priority:1|startupRole:FOLLOWER, 69ebc52a-668b-4a1b-b1c8-adfe2408a111|rpc:10.1.0.111:42155|dataStream:|priority:0|startupRole:FOLLOWER]|listeners:[], old=null
2022-11-08 11:41:37,256 [pool-590-thread-1] INFO  server.RaftServer$Division (RaftServerImpl.java:setRole(321)) - 69ebc52a-668b-4a1b-b1c8-adfe2408a111@group-7E018C2E2285: changes role from      null to FOLLOWER at term 0 for startAsFollower
2022-11-08 11:41:37,256 [pool-590-thread-1] INFO  impl.RoleInfo (RoleInfo.java:updateAndGet(139)) - 69ebc52a-668b-4a1b-b1c8-adfe2408a111: start 69ebc52a-668b-4a1b-b1c8-adfe2408a111@group-7E018C2E2285-FollowerState
2022-11-08 11:41:37,256 [pool-590-thread-1] INFO  util.JmxRegister (JmxRegister.java:tryRegister(44)) - Successfully registered JMX Bean with object name Ratis:service=RaftServer,group=group-7E018C2E2285,id=69ebc52a-668b-4a1b-b1c8-adfe2408a111
2022-11-08 11:41:37,256 [69ebc52a-668b-4a1b-b1c8-adfe2408a111@group-7E018C2E2285-FollowerState] INFO  server.RaftServerConfigKeys (ConfUtils.java:logFallback(53)) - raft.server.rpc.first-election.timeout.min = 5s (fallback to raft.server.rpc.timeout.min)
2022-11-08 11:41:37,256 [pool-590-thread-1] INFO  server.RaftServerConfigKeys (ConfUtils.java:logGet(46)) - raft.server.snapshot.auto.trigger.enabled = true (custom)
2022-11-08 11:41:37,256 [69ebc52a-668b-4a1b-b1c8-adfe2408a111@group-7E018C2E2285-FollowerState] INFO  server.RaftServerConfigKeys (ConfUtils.java:logFallback(53)) - raft.server.rpc.first-election.timeout.max = 5200ms (fallback to raft.server.rpc.timeout.max)
2022-11-08 11:41:37,256 [pool-590-thread-1] INFO  server.RaftServerConfigKeys (ConfUtils.java:logGet(46)) - raft.server.snapshot.auto.trigger.threshold = 10000 (custom)
2022-11-08 11:41:37,256 [pool-590-thread-1] INFO  server.RaftServerConfigKeys (ConfUtils.java:logGet(46)) - raft.server.snapshot.retention.file.num = 5 (custom)
2022-11-08 11:41:37,256 [pool-590-thread-1] INFO  server.RaftServerConfigKeys (ConfUtils.java:logGet(46)) - raft.server.log.purge.upto.snapshot.index = false (default)
2022-11-08 11:41:37,270 [Command processor thread] INFO  commandhandler.CreatePipelineCommandHandler (CreatePipelineCommandHandler.java:handle(113)) - Created Pipeline RATIS THREE PipelineID=30f66c29-ad32-4878-972b-7e018c2e2285.
2022-11-08 11:41:38,036 [Listener at 127.0.0.1/46561] INFO  ozone.MiniOzoneClusterImpl (MiniOzoneClusterImpl.java:lambda$waitForClusterToBeReady$0(216)) - Nodes are ready. Got 6 of 6 DN Heartbeats.
2022-11-08 11:41:38,036 [Listener at 127.0.0.1/46561] INFO  ozone.MiniOzoneClusterImpl (MiniOzoneClusterImpl.java:lambda$waitForClusterToBeReady$0(219)) - Waiting for cluster to exit safe mode
2022-11-08 11:41:38,036 [Listener at 127.0.0.1/46561] INFO  ozone.MiniOzoneClusterImpl (MiniOzoneClusterImpl.java:lambda$waitForClusterToBeReady$0(221)) - SCM became leader
2022-11-08 11:41:38,236 [Command processor thread] INFO  server.RaftServer (RaftServerProxy.java:addNew(96)) - 188713c8-c2c6-4040-a876-e7c7ddd4017d: addNew group-D1C05AEAF764:[188713c8-c2c6-4040-a876-e7c7ddd4017d|rpc:10.1.0.111:40121|priority:1|startupRole:FOLLOWER, d1b20379-1bd2-4861-a9be-2c8bcc065cb9|rpc:10.1.0.111:33049|priority:0|startupRole:FOLLOWER, f62ccb74-7881-4f2b-9330-2297662ca0ca|rpc:10.1.0.111:45879|priority:0|startupRole:FOLLOWER] returns group-D1C05AEAF764:java.util.concurrent.CompletableFuture@5e56705d[Not completed]
2022-11-08 11:41:38,237 [pool-613-thread-1] INFO  server.RaftServer$Division (RaftServerImpl.java:<init>(195)) - 188713c8-c2c6-4040-a876-e7c7ddd4017d: new RaftServerImpl for group-D1C05AEAF764:[188713c8-c2c6-4040-a876-e7c7ddd4017d|rpc:10.1.0.111:40121|priority:1|startupRole:FOLLOWER, d1b20379-1bd2-4861-a9be-2c8bcc065cb9|rpc:10.1.0.111:33049|priority:0|startupRole:FOLLOWER, f62ccb74-7881-4f2b-9330-2297662ca0ca|rpc:10.1.0.111:45879|priority:0|startupRole:FOLLOWER] with ContainerStateMachine:uninitialized
2022-11-08 11:41:38,237 [pool-613-thread-1] INFO  server.RaftServerConfigKeys (ConfUtils.java:logGet(46)) - raft.server.rpc.timeout.min = 5s (custom)
2022-11-08 11:41:38,237 [pool-613-thread-1] INFO  server.RaftServerConfigKeys (ConfUtils.java:logGet(46)) - raft.server.rpc.timeout.max = 5200ms (custom)
2022-11-08 11:41:38,237 [pool-613-thread-1] INFO  server.RaftServerConfigKeys (ConfUtils.java:logGet(46)) - raft.server.rpc.sleep.time = 25ms (default)
2022-11-08 11:41:38,237 [pool-613-thread-1] INFO  server.RaftServerConfigKeys (ConfUtils.java:logGet(46)) - raft.server.rpc.slowness.timeout = 300s (custom)
2022-11-08 11:41:38,240 [pool-613-thread-1] INFO  server.RaftServerConfigKeys (ConfUtils.java:logGet(46)) - raft.server.leaderelection.leader.step-down.wait-time = 10s (default)
2022-11-08 11:41:38,240 [pool-613-thread-1] INFO  server.RaftServerConfigKeys (ConfUtils.java:logGet(46)) - raft.server.sleep.deviation.threshold = 300ms (default)
2022-11-08 11:41:38,240 [pool-613-thread-1] INFO  server.RaftServer$Division (ServerState.java:<init>(118)) - 188713c8-c2c6-4040-a876-e7c7ddd4017d@group-D1C05AEAF764: ConfigurationManager, init=-1: peers:[188713c8-c2c6-4040-a876-e7c7ddd4017d|rpc:10.1.0.111:40121|priority:1|startupRole:FOLLOWER, d1b20379-1bd2-4861-a9be-2c8bcc065cb9|rpc:10.1.0.111:33049|priority:0|startupRole:FOLLOWER, f62ccb74-7881-4f2b-9330-2297662ca0ca|rpc:10.1.0.111:45879|priority:0|startupRole:FOLLOWER]|listeners:[], old=null, confs=<EMPTY_MAP>
2022-11-08 11:41:38,240 [pool-613-thread-1] INFO  server.RaftServerConfigKeys (ConfUtils.java:logGet(46)) - raft.server.storage.dir = [/home/runner/work/ozone/ozone/hadoop-ozone/integration-test/target/test-dir/MiniOzoneClusterImpl-08243b3f-be7e-4743-8f19-be1c242049e7/datanode-3/data/ratis] (custom)
2022-11-08 11:41:38,240 [pool-613-thread-1] INFO  server.RaftServerConfigKeys (ConfUtils.java:logGet(46)) - raft.server.log.corruption.policy = EXCEPTION (default)
2022-11-08 11:41:38,240 [pool-613-thread-1] INFO  server.RaftServerConfigKeys (ConfUtils.java:logGet(46)) - raft.server.storage.free-space.min = 0MB (=0) (default)
2022-11-08 11:41:38,240 [pool-613-thread-1] INFO  server.RaftServerConfigKeys (ConfUtils.java:logGet(46)) - raft.server.notification.no-leader.timeout = 300s (custom)
2022-11-08 11:41:38,240 [pool-613-thread-1] INFO  server.RaftServerConfigKeys (ConfUtils.java:logGet(46)) - raft.server.retrycache.expirytime = 600000ms (custom)
2022-11-08 11:41:38,240 [pool-613-thread-1] INFO  server.RaftServerConfigKeys (ConfUtils.java:logGet(46)) - raft.server.retrycache.statistics.expirytime = 100μs (default)
2022-11-08 11:41:38,242 [pool-613-thread-1] INFO  server.RaftServerConfigKeys (ConfUtils.java:logGet(46)) - raft.server.log.appender.install.snapshot.enabled = false (custom)
2022-11-08 11:41:38,242 [pool-613-thread-1] INFO  server.RaftServerConfigKeys (ConfUtils.java:logGet(46)) - raft.server.threadpool.server.cached = true (default)
2022-11-08 11:41:38,242 [pool-613-thread-1] INFO  server.RaftServerConfigKeys (ConfUtils.java:logGet(46)) - raft.server.threadpool.server.size = 0 (default)
2022-11-08 11:41:38,242 [pool-613-thread-1] INFO  server.RaftServerConfigKeys (ConfUtils.java:logGet(46)) - raft.server.threadpool.client.cached = true (default)
2022-11-08 11:41:38,242 [pool-613-thread-1] INFO  server.RaftServerConfigKeys (ConfUtils.java:logGet(46)) - raft.server.threadpool.client.size = 0 (default)
2022-11-08 11:41:38,242 [pool-613-thread-1] INFO  storage.RaftStorageDirectory (RaftStorageDirectoryImpl.java:analyzeStorage(137)) - The storage directory /home/runner/work/ozone/ozone/hadoop-ozone/integration-test/target/test-dir/MiniOzoneClusterImpl-08243b3f-be7e-4743-8f19-be1c242049e7/datanode-3/data/ratis/eaecf3a5-4596-488f-bf4f-d1c05aeaf764 does not exist. Creating ...
2022-11-08 11:41:38,244 [pool-613-thread-1] INFO  storage.RaftStorageDirectory (RaftStorageDirectoryImpl.java:tryLock(231)) - Lock on /home/runner/work/ozone/ozone/hadoop-ozone/integration-test/target/test-dir/MiniOzoneClusterImpl-08243b3f-be7e-4743-8f19-be1c242049e7/datanode-3/data/ratis/eaecf3a5-4596-488f-bf4f-d1c05aeaf764/in_use.lock acquired by nodename 12130@fv-az573-890
2022-11-08 11:41:38,246 [pool-613-thread-1] INFO  storage.RaftStorage (RaftStorageImpl.java:format(96)) - Storage directory /home/runner/work/ozone/ozone/hadoop-ozone/integration-test/target/test-dir/MiniOzoneClusterImpl-08243b3f-be7e-4743-8f19-be1c242049e7/datanode-3/data/ratis/eaecf3a5-4596-488f-bf4f-d1c05aeaf764 has been successfully formatted.
2022-11-08 11:41:38,247 [pool-613-thread-1] INFO  ratis.ContainerStateMachine (ContainerStateMachine.java:loadSnapshot(236)) - group-D1C05AEAF764: The snapshot info is null. Setting the last applied indexto:(t:0, i:~)
2022-11-08 11:41:38,247 [pool-613-thread-1] INFO  server.RaftServerConfigKeys (ConfUtils.java:logGet(46)) - raft.server.log.use.memory = false (default)
2022-11-08 11:41:38,248 [pool-613-thread-1] INFO  server.RaftServerConfigKeys (ConfUtils.java:logGet(46)) - raft.server.log.purge.gap = 1000000 (custom)
2022-11-08 11:41:38,248 [pool-613-thread-1] INFO  server.RaftServerConfigKeys (ConfUtils.java:logGet(46)) - raft.server.log.appender.buffer.byte-limit = 33554432 (custom)
2022-11-08 11:41:38,248 [pool-613-thread-1] INFO  server.RaftServerConfigKeys (ConfUtils.java:logGet(46)) - raft.server.log.statemachine.data.read.timeout = 1000ms (default)
2022-11-08 11:41:38,248 [pool-613-thread-1] INFO  server.RaftServerConfigKeys (ConfUtils.java:logGet(46)) - raft.server.log.purge.preservation.log.num = 0 (default)
2022-11-08 11:41:38,250 [pool-613-thread-1] INFO  server.RaftServerConfigKeys (ConfUtils.java:logGet(46)) - raft.server.log.segment.size.max = 1048576 (custom)
2022-11-08 11:41:38,250 [pool-613-thread-1] INFO  server.RaftServerConfigKeys (ConfUtils.java:logGet(46)) - raft.server.log.segment.cache.num.max = 2 (custom)
2022-11-08 11:41:38,250 [pool-613-thread-1] INFO  server.RaftServerConfigKeys (ConfUtils.java:logGet(46)) - raft.server.log.segment.cache.size.max = 200MB (=209715200) (default)
2022-11-08 11:41:38,250 [pool-613-thread-1] INFO  segmented.SegmentedRaftLogWorker (SegmentedRaftLogWorker.java:<init>(191)) - new 188713c8-c2c6-4040-a876-e7c7ddd4017d@group-D1C05AEAF764-SegmentedRaftLogWorker for RaftStorageImpl:Storage Directory /home/runner/work/ozone/ozone/hadoop-ozone/integration-test/target/test-dir/MiniOzoneClusterImpl-08243b3f-be7e-4743-8f19-be1c242049e7/datanode-3/data/ratis/eaecf3a5-4596-488f-bf4f-d1c05aeaf764
2022-11-08 11:41:38,250 [pool-613-thread-1] INFO  server.RaftServerConfigKeys (ConfUtils.java:logGet(46)) - raft.server.log.queue.byte-limit = 4294967296 (custom)
2022-11-08 11:41:38,251 [pool-613-thread-1] INFO  server.RaftServerConfigKeys (ConfUtils.java:logGet(46)) - raft.server.log.queue.element-limit = 1024 (custom)
2022-11-08 11:41:38,251 [pool-613-thread-1] INFO  server.RaftServerConfigKeys (ConfUtils.java:logGet(46)) - raft.server.log.segment.size.max = 1048576 (custom)
2022-11-08 11:41:38,251 [pool-613-thread-1] INFO  server.RaftServerConfigKeys (ConfUtils.java:logGet(46)) - raft.server.log.preallocated.size = 16384 (custom)
2022-11-08 11:41:38,251 [pool-613-thread-1] INFO  server.RaftServerConfigKeys (ConfUtils.java:logGet(46)) - raft.server.log.force.sync.num = 128 (default)
2022-11-08 11:41:38,251 [pool-613-thread-1] INFO  server.RaftServerConfigKeys (ConfUtils.java:logGet(46)) - raft.server.log.statemachine.data.sync = true (default)
2022-11-08 11:41:38,251 [pool-613-thread-1] INFO  server.RaftServerConfigKeys (ConfUtils.java:logGet(46)) - raft.server.log.statemachine.data.sync.timeout = 10s (default)
2022-11-08 11:41:38,251 [pool-613-thread-1] INFO  server.RaftServerConfigKeys (ConfUtils.java:logGet(46)) - raft.server.log.statemachine.data.sync.timeout.retry = -1 (default)
2022-11-08 11:41:38,252 [pool-613-thread-1] INFO  server.RaftServerConfigKeys (ConfUtils.java:logGet(46)) - raft.server.log.write.buffer.size = 1048576 (custom)
2022-11-08 11:41:38,253 [pool-613-thread-1] INFO  server.RaftServerConfigKeys (ConfUtils.java:logGet(46)) - raft.server.log.unsafe-flush.enabled = false (default)
2022-11-08 11:41:38,253 [pool-613-thread-1] INFO  server.RaftServerConfigKeys (ConfUtils.java:logGet(46)) - raft.server.log.async-flush.enabled = false (default)
2022-11-08 11:41:38,253 [pool-613-thread-1] INFO  server.RaftServerConfigKeys (ConfUtils.java:logGet(46)) - raft.server.log.statemachine.data.caching.enabled = true (custom)
2022-11-08 11:41:38,253 [pool-613-thread-1] INFO  segmented.SegmentedRaftLogWorker (SegmentedRaftLogWorker.java:lambda$new$0(136)) - 188713c8-c2c6-4040-a876-e7c7ddd4017d@group-D1C05AEAF764-SegmentedRaftLogWorker: flushIndex: setUnconditionally 0 -> -1
2022-11-08 11:41:38,253 [pool-613-thread-1] INFO  segmented.SegmentedRaftLogWorker (SegmentedRaftLogWorker.java:lambda$new$0(136)) - 188713c8-c2c6-4040-a876-e7c7ddd4017d@group-D1C05AEAF764-SegmentedRaftLogWorker: safeCacheEvictIndex: setUnconditionally 0 -> -1
2022-11-08 11:41:38,254 [pool-613-thread-1] INFO  server.RaftServer$Division (RaftServerImpl.java:start(334)) - 188713c8-c2c6-4040-a876-e7c7ddd4017d@group-D1C05AEAF764: start as a follower, conf=-1: peers:[188713c8-c2c6-4040-a876-e7c7ddd4017d|rpc:10.1.0.111:40121|priority:1|startupRole:FOLLOWER, d1b20379-1bd2-4861-a9be-2c8bcc065cb9|rpc:10.1.0.111:33049|priority:0|startupRole:FOLLOWER, f62ccb74-7881-4f2b-9330-2297662ca0ca|rpc:10.1.0.111:45879|priority:0|startupRole:FOLLOWER]|listeners:[], old=null
2022-11-08 11:41:38,254 [pool-613-thread-1] INFO  server.RaftServer$Division (RaftServerImpl.java:setRole(321)) - 188713c8-c2c6-4040-a876-e7c7ddd4017d@group-D1C05AEAF764: changes role from      null to FOLLOWER at term 0 for startAsFollower
2022-11-08 11:41:38,254 [pool-613-thread-1] INFO  impl.RoleInfo (RoleInfo.java:updateAndGet(139)) - 188713c8-c2c6-4040-a876-e7c7ddd4017d: start 188713c8-c2c6-4040-a876-e7c7ddd4017d@group-D1C05AEAF764-FollowerState
2022-11-08 11:41:38,254 [pool-613-thread-1] INFO  util.JmxRegister (JmxRegister.java:tryRegister(44)) - Successfully registered JMX Bean with object name Ratis:service=RaftServer,group=group-D1C05AEAF764,id=188713c8-c2c6-4040-a876-e7c7ddd4017d
2022-11-08 11:41:38,254 [188713c8-c2c6-4040-a876-e7c7ddd4017d@group-D1C05AEAF764-FollowerState] INFO  server.RaftServerConfigKeys (ConfUtils.java:logFallback(53)) - raft.server.rpc.first-election.timeout.min = 5s (fallback to raft.server.rpc.timeout.min)
2022-11-08 11:41:38,254 [pool-613-thread-1] INFO  server.RaftServerConfigKeys (ConfUtils.java:logGet(46)) - raft.server.snapshot.auto.trigger.enabled = true (custom)
2022-11-08 11:41:38,254 [188713c8-c2c6-4040-a876-e7c7ddd4017d@group-D1C05AEAF764-FollowerState] INFO  server.RaftServerConfigKeys (ConfUtils.java:logFallback(53)) - raft.server.rpc.first-election.timeout.max = 5200ms (fallback to raft.server.rpc.timeout.max)
2022-11-08 11:41:38,254 [pool-613-thread-1] INFO  server.RaftServerConfigKeys (ConfUtils.java:logGet(46)) - raft.server.snapshot.auto.trigger.threshold = 10000 (custom)
2022-11-08 11:41:38,254 [pool-613-thread-1] INFO  server.RaftServerConfigKeys (ConfUtils.java:logGet(46)) - raft.server.snapshot.retention.file.num = 5 (custom)
2022-11-08 11:41:38,255 [pool-613-thread-1] INFO  server.RaftServerConfigKeys (ConfUtils.java:logGet(46)) - raft.server.log.purge.upto.snapshot.index = false (default)
2022-11-08 11:41:38,256 [Command processor thread] INFO  ratis.XceiverServerRatis (XceiverServerRatis.java:addGroup(765)) - Created group PipelineID=eaecf3a5-4596-488f-bf4f-d1c05aeaf764
2022-11-08 11:41:38,276 [grpc-default-executor-0] INFO  server.RaftServer (RaftServerProxy.java:addNew(96)) - d1b20379-1bd2-4861-a9be-2c8bcc065cb9: addNew group-D1C05AEAF764:[188713c8-c2c6-4040-a876-e7c7ddd4017d|rpc:10.1.0.111:40121|dataStream:|priority:1|startupRole:FOLLOWER, d1b20379-1bd2-4861-a9be-2c8bcc065cb9|rpc:10.1.0.111:33049|dataStream:|priority:0|startupRole:FOLLOWER, f62ccb74-7881-4f2b-9330-2297662ca0ca|rpc:10.1.0.111:45879|dataStream:|priority:0|startupRole:FOLLOWER] returns group-D1C05AEAF764:java.util.concurrent.CompletableFuture@2649d729[Not completed]
2022-11-08 11:41:38,281 [pool-659-thread-1] INFO  server.RaftServer$Division (RaftServerImpl.java:<init>(195)) - d1b20379-1bd2-4861-a9be-2c8bcc065cb9: new RaftServerImpl for group-D1C05AEAF764:[188713c8-c2c6-4040-a876-e7c7ddd4017d|rpc:10.1.0.111:40121|dataStream:|priority:1|startupRole:FOLLOWER, d1b20379-1bd2-4861-a9be-2c8bcc065cb9|rpc:10.1.0.111:33049|dataStream:|priority:0|startupRole:FOLLOWER, f62ccb74-7881-4f2b-9330-2297662ca0ca|rpc:10.1.0.111:45879|dataStream:|priority:0|startupRole:FOLLOWER] with ContainerStateMachine:uninitialized
2022-11-08 11:41:38,281 [pool-659-thread-1] INFO  server.RaftServerConfigKeys (ConfUtils.java:logGet(46)) - raft.server.rpc.timeout.min = 5s (custom)
2022-11-08 11:41:38,281 [pool-659-thread-1] INFO  server.RaftServerConfigKeys (ConfUtils.java:logGet(46)) - raft.server.rpc.timeout.max = 5200ms (custom)
2022-11-08 11:41:38,281 [pool-659-thread-1] INFO  server.RaftServerConfigKeys (ConfUtils.java:logGet(46)) - raft.server.rpc.sleep.time = 25ms (default)
2022-11-08 11:41:38,282 [pool-659-thread-1] INFO  server.RaftServerConfigKeys (ConfUtils.java:logGet(46)) - raft.server.rpc.slowness.timeout = 300s (custom)
2022-11-08 11:41:38,282 [pool-659-thread-1] INFO  server.RaftServerConfigKeys (ConfUtils.java:logGet(46)) - raft.server.leaderelection.leader.step-down.wait-time = 10s (default)
2022-11-08 11:41:38,282 [pool-659-thread-1] INFO  server.RaftServerConfigKeys (ConfUtils.java:logGet(46)) - raft.server.sleep.deviation.threshold = 300ms (default)
2022-11-08 11:41:38,282 [pool-659-thread-1] INFO  server.RaftServer$Division (ServerState.java:<init>(118)) - d1b20379-1bd2-4861-a9be-2c8bcc065cb9@group-D1C05AEAF764: ConfigurationManager, init=-1: peers:[188713c8-c2c6-4040-a876-e7c7ddd4017d|rpc:10.1.0.111:40121|dataStream:|priority:1|startupRole:FOLLOWER, d1b20379-1bd2-4861-a9be-2c8bcc065cb9|rpc:10.1.0.111:33049|dataStream:|priority:0|startupRole:FOLLOWER, f62ccb74-7881-4f2b-9330-2297662ca0ca|rpc:10.1.0.111:45879|dataStream:|priority:0|startupRole:FOLLOWER]|listeners:[], old=null, confs=<EMPTY_MAP>
2022-11-08 11:41:38,282 [pool-659-thread-1] INFO  server.RaftServerConfigKeys (ConfUtils.java:logGet(46)) - raft.server.storage.dir = [/home/runner/work/ozone/ozone/hadoop-ozone/integration-test/target/test-dir/MiniOzoneClusterImpl-08243b3f-be7e-4743-8f19-be1c242049e7/datanode-5/data/ratis] (custom)
2022-11-08 11:41:38,282 [pool-659-thread-1] INFO  server.RaftServerConfigKeys (ConfUtils.java:logGet(46)) - raft.server.log.corruption.policy = EXCEPTION (default)
2022-11-08 11:41:38,282 [pool-659-thread-1] INFO  server.RaftServerConfigKeys (ConfUtils.java:logGet(46)) - raft.server.storage.free-space.min = 0MB (=0) (default)
2022-11-08 11:41:38,282 [pool-659-thread-1] INFO  server.RaftServerConfigKeys (ConfUtils.java:logGet(46)) - raft.server.notification.no-leader.timeout = 300s (custom)
2022-11-08 11:41:38,282 [pool-659-thread-1] INFO  server.RaftServerConfigKeys (ConfUtils.java:logGet(46)) - raft.server.retrycache.expirytime = 600000ms (custom)
2022-11-08 11:41:38,282 [pool-659-thread-1] INFO  server.RaftServerConfigKeys (ConfUtils.java:logGet(46)) - raft.server.retrycache.statistics.expirytime = 100μs (default)
2022-11-08 11:41:38,284 [pool-659-thread-1] INFO  server.RaftServerConfigKeys (ConfUtils.java:logGet(46)) - raft.server.log.appender.install.snapshot.enabled = false (custom)
2022-11-08 11:41:38,284 [pool-659-thread-1] INFO  server.RaftServerConfigKeys (ConfUtils.java:logGet(46)) - raft.server.threadpool.server.cached = true (default)
2022-11-08 11:41:38,284 [pool-659-thread-1] INFO  server.RaftServerConfigKeys (ConfUtils.java:logGet(46)) - raft.server.threadpool.server.size = 0 (default)
2022-11-08 11:41:38,284 [pool-659-thread-1] INFO  server.RaftServerConfigKeys (ConfUtils.java:logGet(46)) - raft.server.threadpool.client.cached = true (default)
2022-11-08 11:41:38,285 [pool-659-thread-1] INFO  server.RaftServerConfigKeys (ConfUtils.java:logGet(46)) - raft.server.threadpool.client.size = 0 (default)
2022-11-08 11:41:38,285 [pool-659-thread-1] INFO  storage.RaftStorageDirectory (RaftStorageDirectoryImpl.java:analyzeStorage(137)) - The storage directory /home/runner/work/ozone/ozone/hadoop-ozone/integration-test/target/test-dir/MiniOzoneClusterImpl-08243b3f-be7e-4743-8f19-be1c242049e7/datanode-5/data/ratis/eaecf3a5-4596-488f-bf4f-d1c05aeaf764 does not exist. Creating ...
2022-11-08 11:41:38,286 [pool-659-thread-1] INFO  storage.RaftStorageDirectory (RaftStorageDirectoryImpl.java:tryLock(231)) - Lock on /home/runner/work/ozone/ozone/hadoop-ozone/integration-test/target/test-dir/MiniOzoneClusterImpl-08243b3f-be7e-4743-8f19-be1c242049e7/datanode-5/data/ratis/eaecf3a5-4596-488f-bf4f-d1c05aeaf764/in_use.lock acquired by nodename 12130@fv-az573-890
2022-11-08 11:41:38,288 [pool-659-thread-1] INFO  storage.RaftStorage (RaftStorageImpl.java:format(96)) - Storage directory /home/runner/work/ozone/ozone/hadoop-ozone/integration-test/target/test-dir/MiniOzoneClusterImpl-08243b3f-be7e-4743-8f19-be1c242049e7/datanode-5/data/ratis/eaecf3a5-4596-488f-bf4f-d1c05aeaf764 has been successfully formatted.
2022-11-08 11:41:38,294 [pool-659-thread-1] INFO  ratis.ContainerStateMachine (ContainerStateMachine.java:loadSnapshot(236)) - group-D1C05AEAF764: The snapshot info is null. Setting the last applied indexto:(t:0, i:~)
2022-11-08 11:41:38,294 [pool-659-thread-1] INFO  server.RaftServerConfigKeys (ConfUtils.java:logGet(46)) - raft.server.log.use.memory = false (default)
2022-11-08 11:41:38,294 [pool-659-thread-1] INFO  server.RaftServerConfigKeys (ConfUtils.java:logGet(46)) - raft.server.log.purge.gap = 1000000 (custom)
2022-11-08 11:41:38,294 [pool-659-thread-1] INFO  server.RaftServerConfigKeys (ConfUtils.java:logGet(46)) - raft.server.log.appender.buffer.byte-limit = 33554432 (custom)
2022-11-08 11:41:38,294 [pool-659-thread-1] INFO  server.RaftServerConfigKeys (ConfUtils.java:logGet(46)) - raft.server.log.statemachine.data.read.timeout = 1000ms (default)
2022-11-08 11:41:38,295 [pool-659-thread-1] INFO  server.RaftServerConfigKeys (ConfUtils.java:logGet(46)) - raft.server.log.purge.preservation.log.num = 0 (default)
2022-11-08 11:41:38,295 [pool-659-thread-1] INFO  server.RaftServerConfigKeys (ConfUtils.java:logGet(46)) - raft.server.log.segment.size.max = 1048576 (custom)
2022-11-08 11:41:38,296 [pool-659-thread-1] INFO  server.RaftServerConfigKeys (ConfUtils.java:logGet(46)) - raft.server.log.segment.cache.num.max = 2 (custom)
2022-11-08 11:41:38,296 [pool-659-thread-1] INFO  server.RaftServerConfigKeys (ConfUtils.java:logGet(46)) - raft.server.log.segment.cache.size.max = 200MB (=209715200) (default)
2022-11-08 11:41:38,296 [pool-659-thread-1] INFO  segmented.SegmentedRaftLogWorker (SegmentedRaftLogWorker.java:<init>(191)) - new d1b20379-1bd2-4861-a9be-2c8bcc065cb9@group-D1C05AEAF764-SegmentedRaftLogWorker for RaftStorageImpl:Storage Directory /home/runner/work/ozone/ozone/hadoop-ozone/integration-test/target/test-dir/MiniOzoneClusterImpl-08243b3f-be7e-4743-8f19-be1c242049e7/datanode-5/data/ratis/eaecf3a5-4596-488f-bf4f-d1c05aeaf764
2022-11-08 11:41:38,296 [pool-659-thread-1] INFO  server.RaftServerConfigKeys (ConfUtils.java:logGet(46)) - raft.server.log.queue.byte-limit = 4294967296 (custom)
2022-11-08 11:41:38,296 [pool-659-thread-1] INFO  server.RaftServerConfigKeys (ConfUtils.java:logGet(46)) - raft.server.log.queue.element-limit = 1024 (custom)
2022-11-08 11:41:38,296 [pool-659-thread-1] INFO  server.RaftServerConfigKeys (ConfUtils.java:logGet(46)) - raft.server.log.segment.size.max = 1048576 (custom)
2022-11-08 11:41:38,296 [pool-659-thread-1] INFO  server.RaftServerConfigKeys (ConfUtils.java:logGet(46)) - raft.server.log.preallocated.size = 16384 (custom)
2022-11-08 11:41:38,296 [pool-659-thread-1] INFO  server.RaftServerConfigKeys (ConfUtils.java:logGet(46)) - raft.server.log.force.sync.num = 128 (default)
2022-11-08 11:41:38,296 [pool-659-thread-1] INFO  server.RaftServerConfigKeys (ConfUtils.java:logGet(46)) - raft.server.log.statemachine.data.sync = true (default)
2022-11-08 11:41:38,296 [pool-659-thread-1] INFO  server.RaftServerConfigKeys (ConfUtils.java:logGet(46)) - raft.server.log.statemachine.data.sync.timeout = 10s (default)
2022-11-08 11:41:38,296 [pool-659-thread-1] INFO  server.RaftServerConfigKeys (ConfUtils.java:logGet(46)) - raft.server.log.statemachine.data.sync.timeout.retry = -1 (default)
2022-11-08 11:41:38,298 [pool-659-thread-1] INFO  server.RaftServerConfigKeys (ConfUtils.java:logGet(46)) - raft.server.log.write.buffer.size = 1048576 (custom)
2022-11-08 11:41:38,299 [pool-659-thread-1] INFO  server.RaftServerConfigKeys (ConfUtils.java:logGet(46)) - raft.server.log.unsafe-flush.enabled = false (default)
2022-11-08 11:41:38,299 [pool-659-thread-1] INFO  server.RaftServerConfigKeys (ConfUtils.java:logGet(46)) - raft.server.log.async-flush.enabled = false (default)
2022-11-08 11:41:38,299 [pool-659-thread-1] INFO  server.RaftServerConfigKeys (ConfUtils.java:logGet(46)) - raft.server.log.statemachine.data.caching.enabled = true (custom)
2022-11-08 11:41:38,299 [pool-659-thread-1] INFO  segmented.SegmentedRaftLogWorker (SegmentedRaftLogWorker.java:lambda$new$0(136)) - d1b20379-1bd2-4861-a9be-2c8bcc065cb9@group-D1C05AEAF764-SegmentedRaftLogWorker: flushIndex: setUnconditionally 0 -> -1
2022-11-08 11:41:38,299 [pool-659-thread-1] INFO  segmented.SegmentedRaftLogWorker (SegmentedRaftLogWorker.java:lambda$new$0(136)) - d1b20379-1bd2-4861-a9be-2c8bcc065cb9@group-D1C05AEAF764-SegmentedRaftLogWorker: safeCacheEvictIndex: setUnconditionally 0 -> -1
2022-11-08 11:41:38,304 [pool-659-thread-1] INFO  server.RaftServer$Division (RaftServerImpl.java:start(334)) - d1b20379-1bd2-4861-a9be-2c8bcc065cb9@group-D1C05AEAF764: start as a follower, conf=-1: peers:[188713c8-c2c6-4040-a876-e7c7ddd4017d|rpc:10.1.0.111:40121|dataStream:|priority:1|startupRole:FOLLOWER, d1b20379-1bd2-4861-a9be-2c8bcc065cb9|rpc:10.1.0.111:33049|dataStream:|priority:0|startupRole:FOLLOWER, f62ccb74-7881-4f2b-9330-2297662ca0ca|rpc:10.1.0.111:45879|dataStream:|priority:0|startupRole:FOLLOWER]|listeners:[], old=null
2022-11-08 11:41:38,304 [pool-659-thread-1] INFO  server.RaftServer$Division (RaftServerImpl.java:setRole(321)) - d1b20379-1bd2-4861-a9be-2c8bcc065cb9@group-D1C05AEAF764: changes role from      null to FOLLOWER at term 0 for startAsFollower
2022-11-08 11:41:38,304 [pool-659-thread-1] INFO  impl.RoleInfo (RoleInfo.java:updateAndGet(139)) - d1b20379-1bd2-4861-a9be-2c8bcc065cb9: start d1b20379-1bd2-4861-a9be-2c8bcc065cb9@group-D1C05AEAF764-FollowerState
2022-11-08 11:41:38,312 [d1b20379-1bd2-4861-a9be-2c8bcc065cb9@group-D1C05AEAF764-FollowerState] INFO  server.RaftServerConfigKeys (ConfUtils.java:logFallback(53)) - raft.server.rpc.first-election.timeout.min = 5s (fallback to raft.server.rpc.timeout.min)
2022-11-08 11:41:38,312 [pool-659-thread-1] INFO  util.JmxRegister (JmxRegister.java:tryRegister(44)) - Successfully registered JMX Bean with object name Ratis:service=RaftServer,group=group-D1C05AEAF764,id=d1b20379-1bd2-4861-a9be-2c8bcc065cb9
2022-11-08 11:41:38,313 [d1b20379-1bd2-4861-a9be-2c8bcc065cb9@group-D1C05AEAF764-FollowerState] INFO  server.RaftServerConfigKeys (ConfUtils.java:logFallback(53)) - raft.server.rpc.first-election.timeout.max = 5200ms (fallback to raft.server.rpc.timeout.max)
2022-11-08 11:41:38,313 [pool-659-thread-1] INFO  server.RaftServerConfigKeys (ConfUtils.java:logGet(46)) - raft.server.snapshot.auto.trigger.enabled = true (custom)
2022-11-08 11:41:38,313 [pool-659-thread-1] INFO  server.RaftServerConfigKeys (ConfUtils.java:logGet(46)) - raft.server.snapshot.auto.trigger.threshold = 10000 (custom)
2022-11-08 11:41:38,313 [pool-659-thread-1] INFO  server.RaftServerConfigKeys (ConfUtils.java:logGet(46)) - raft.server.snapshot.retention.file.num = 5 (custom)
2022-11-08 11:41:38,313 [pool-659-thread-1] INFO  server.RaftServerConfigKeys (ConfUtils.java:logGet(46)) - raft.server.log.purge.upto.snapshot.index = false (default)
2022-11-08 11:41:38,330 [grpc-default-executor-0] INFO  server.RaftServer (RaftServerProxy.java:addNew(96)) - f62ccb74-7881-4f2b-9330-2297662ca0ca: addNew group-D1C05AEAF764:[188713c8-c2c6-4040-a876-e7c7ddd4017d|rpc:10.1.0.111:40121|dataStream:|priority:1|startupRole:FOLLOWER, d1b20379-1bd2-4861-a9be-2c8bcc065cb9|rpc:10.1.0.111:33049|dataStream:|priority:0|startupRole:FOLLOWER, f62ccb74-7881-4f2b-9330-2297662ca0ca|rpc:10.1.0.111:45879|dataStream:|priority:0|startupRole:FOLLOWER] returns group-D1C05AEAF764:java.util.concurrent.CompletableFuture@37b3df82[Not completed]
2022-11-08 11:41:38,331 [pool-636-thread-1] INFO  server.RaftServer$Division (RaftServerImpl.java:<init>(195)) - f62ccb74-7881-4f2b-9330-2297662ca0ca: new RaftServerImpl for group-D1C05AEAF764:[188713c8-c2c6-4040-a876-e7c7ddd4017d|rpc:10.1.0.111:40121|dataStream:|priority:1|startupRole:FOLLOWER, d1b20379-1bd2-4861-a9be-2c8bcc065cb9|rpc:10.1.0.111:33049|dataStream:|priority:0|startupRole:FOLLOWER, f62ccb74-7881-4f2b-9330-2297662ca0ca|rpc:10.1.0.111:45879|dataStream:|priority:0|startupRole:FOLLOWER] with ContainerStateMachine:uninitialized
2022-11-08 11:41:38,331 [pool-636-thread-1] INFO  server.RaftServerConfigKeys (ConfUtils.java:logGet(46)) - raft.server.rpc.timeout.min = 5s (custom)
2022-11-08 11:41:38,331 [pool-636-thread-1] INFO  server.RaftServerConfigKeys (ConfUtils.java:logGet(46)) - raft.server.rpc.timeout.max = 5200ms (custom)
2022-11-08 11:41:38,331 [pool-636-thread-1] INFO  server.RaftServerConfigKeys (ConfUtils.java:logGet(46)) - raft.server.rpc.sleep.time = 25ms (default)
2022-11-08 11:41:38,331 [pool-636-thread-1] INFO  server.RaftServerConfigKeys (ConfUtils.java:logGet(46)) - raft.server.rpc.slowness.timeout = 300s (custom)
2022-11-08 11:41:38,331 [pool-636-thread-1] INFO  server.RaftServerConfigKeys (ConfUtils.java:logGet(46)) - raft.server.leaderelection.leader.step-down.wait-time = 10s (default)
2022-11-08 11:41:38,331 [pool-636-thread-1] INFO  server.RaftServerConfigKeys (ConfUtils.java:logGet(46)) - raft.server.sleep.deviation.threshold = 300ms (default)
2022-11-08 11:41:38,332 [pool-636-thread-1] INFO  server.RaftServer$Division (ServerState.java:<init>(118)) - f62ccb74-7881-4f2b-9330-2297662ca0ca@group-D1C05AEAF764: ConfigurationManager, init=-1: peers:[188713c8-c2c6-4040-a876-e7c7ddd4017d|rpc:10.1.0.111:40121|dataStream:|priority:1|startupRole:FOLLOWER, d1b20379-1bd2-4861-a9be-2c8bcc065cb9|rpc:10.1.0.111:33049|dataStream:|priority:0|startupRole:FOLLOWER, f62ccb74-7881-4f2b-9330-2297662ca0ca|rpc:10.1.0.111:45879|dataStream:|priority:0|startupRole:FOLLOWER]|listeners:[], old=null, confs=<EMPTY_MAP>
2022-11-08 11:41:38,332 [pool-636-thread-1] INFO  server.RaftServerConfigKeys (ConfUtils.java:logGet(46)) - raft.server.storage.dir = [/home/runner/work/ozone/ozone/hadoop-ozone/integration-test/target/test-dir/MiniOzoneClusterImpl-08243b3f-be7e-4743-8f19-be1c242049e7/datanode-4/data/ratis] (custom)
2022-11-08 11:41:38,332 [pool-636-thread-1] INFO  server.RaftServerConfigKeys (ConfUtils.java:logGet(46)) - raft.server.log.corruption.policy = EXCEPTION (default)
2022-11-08 11:41:38,332 [pool-636-thread-1] INFO  server.RaftServerConfigKeys (ConfUtils.java:logGet(46)) - raft.server.storage.free-space.min = 0MB (=0) (default)
2022-11-08 11:41:38,332 [pool-636-thread-1] INFO  server.RaftServerConfigKeys (ConfUtils.java:logGet(46)) - raft.server.notification.no-leader.timeout = 300s (custom)
2022-11-08 11:41:38,332 [pool-636-thread-1] INFO  server.RaftServerConfigKeys (ConfUtils.java:logGet(46)) - raft.server.retrycache.expirytime = 600000ms (custom)
2022-11-08 11:41:38,332 [pool-636-thread-1] INFO  server.RaftServerConfigKeys (ConfUtils.java:logGet(46)) - raft.server.retrycache.statistics.expirytime = 100μs (default)
2022-11-08 11:41:38,333 [pool-636-thread-1] INFO  server.RaftServerConfigKeys (ConfUtils.java:logGet(46)) - raft.server.log.appender.install.snapshot.enabled = false (custom)
2022-11-08 11:41:38,334 [pool-636-thread-1] INFO  server.RaftServerConfigKeys (ConfUtils.java:logGet(46)) - raft.server.threadpool.server.cached = true (default)
2022-11-08 11:41:38,334 [pool-636-thread-1] INFO  server.RaftServerConfigKeys (ConfUtils.java:logGet(46)) - raft.server.threadpool.server.size = 0 (default)
2022-11-08 11:41:38,334 [pool-636-thread-1] INFO  server.RaftServerConfigKeys (ConfUtils.java:logGet(46)) - raft.server.threadpool.client.cached = true (default)
2022-11-08 11:41:38,334 [pool-636-thread-1] INFO  server.RaftServerConfigKeys (ConfUtils.java:logGet(46)) - raft.server.threadpool.client.size = 0 (default)
2022-11-08 11:41:38,334 [pool-636-thread-1] INFO  storage.RaftStorageDirectory (RaftStorageDirectoryImpl.java:analyzeStorage(137)) - The storage directory /home/runner/work/ozone/ozone/hadoop-ozone/integration-test/target/test-dir/MiniOzoneClusterImpl-08243b3f-be7e-4743-8f19-be1c242049e7/datanode-4/data/ratis/eaecf3a5-4596-488f-bf4f-d1c05aeaf764 does not exist. Creating ...
2022-11-08 11:41:38,335 [pool-636-thread-1] INFO  storage.RaftStorageDirectory (RaftStorageDirectoryImpl.java:tryLock(231)) - Lock on /home/runner/work/ozone/ozone/hadoop-ozone/integration-test/target/test-dir/MiniOzoneClusterImpl-08243b3f-be7e-4743-8f19-be1c242049e7/datanode-4/data/ratis/eaecf3a5-4596-488f-bf4f-d1c05aeaf764/in_use.lock acquired by nodename 12130@fv-az573-890
2022-11-08 11:41:38,337 [pool-636-thread-1] INFO  storage.RaftStorage (RaftStorageImpl.java:format(96)) - Storage directory /home/runner/work/ozone/ozone/hadoop-ozone/integration-test/target/test-dir/MiniOzoneClusterImpl-08243b3f-be7e-4743-8f19-be1c242049e7/datanode-4/data/ratis/eaecf3a5-4596-488f-bf4f-d1c05aeaf764 has been successfully formatted.
2022-11-08 11:41:38,338 [pool-636-thread-1] INFO  ratis.ContainerStateMachine (ContainerStateMachine.java:loadSnapshot(236)) - group-D1C05AEAF764: The snapshot info is null. Setting the last applied indexto:(t:0, i:~)
2022-11-08 11:41:38,339 [pool-636-thread-1] INFO  server.RaftServerConfigKeys (ConfUtils.java:logGet(46)) - raft.server.log.use.memory = false (default)
2022-11-08 11:41:38,339 [pool-636-thread-1] INFO  server.RaftServerConfigKeys (ConfUtils.java:logGet(46)) - raft.server.log.purge.gap = 1000000 (custom)
2022-11-08 11:41:38,339 [pool-636-thread-1] INFO  server.RaftServerConfigKeys (ConfUtils.java:logGet(46)) - raft.server.log.appender.buffer.byte-limit = 33554432 (custom)
2022-11-08 11:41:38,339 [pool-636-thread-1] INFO  server.RaftServerConfigKeys (ConfUtils.java:logGet(46)) - raft.server.log.statemachine.data.read.timeout = 1000ms (default)
2022-11-08 11:41:38,339 [pool-636-thread-1] INFO  server.RaftServerConfigKeys (ConfUtils.java:logGet(46)) - raft.server.log.purge.preservation.log.num = 0 (default)
2022-11-08 11:41:38,339 [pool-636-thread-1] INFO  server.RaftServerConfigKeys (ConfUtils.java:logGet(46)) - raft.server.log.segment.size.max = 1048576 (custom)
2022-11-08 11:41:38,340 [pool-636-thread-1] INFO  server.RaftServerConfigKeys (ConfUtils.java:logGet(46)) - raft.server.log.segment.cache.num.max = 2 (custom)
2022-11-08 11:41:38,340 [pool-636-thread-1] INFO  server.RaftServerConfigKeys (ConfUtils.java:logGet(46)) - raft.server.log.segment.cache.size.max = 200MB (=209715200) (default)
2022-11-08 11:41:38,340 [pool-636-thread-1] INFO  segmented.SegmentedRaftLogWorker (SegmentedRaftLogWorker.java:<init>(191)) - new f62ccb74-7881-4f2b-9330-2297662ca0ca@group-D1C05AEAF764-SegmentedRaftLogWorker for RaftStorageImpl:Storage Directory /home/runner/work/ozone/ozone/hadoop-ozone/integration-test/target/test-dir/MiniOzoneClusterImpl-08243b3f-be7e-4743-8f19-be1c242049e7/datanode-4/data/ratis/eaecf3a5-4596-488f-bf4f-d1c05aeaf764
2022-11-08 11:41:38,340 [pool-636-thread-1] INFO  server.RaftServerConfigKeys (ConfUtils.java:logGet(46)) - raft.server.log.queue.byte-limit = 4294967296 (custom)
2022-11-08 11:41:38,340 [pool-636-thread-1] INFO  server.RaftServerConfigKeys (ConfUtils.java:logGet(46)) - raft.server.log.queue.element-limit = 1024 (custom)
2022-11-08 11:41:38,340 [pool-636-thread-1] INFO  server.RaftServerConfigKeys (ConfUtils.java:logGet(46)) - raft.server.log.segment.size.max = 1048576 (custom)
2022-11-08 11:41:38,340 [pool-636-thread-1] INFO  server.RaftServerConfigKeys (ConfUtils.java:logGet(46)) - raft.server.log.preallocated.size = 16384 (custom)
2022-11-08 11:41:38,340 [pool-636-thread-1] INFO  server.RaftServerConfigKeys (ConfUtils.java:logGet(46)) - raft.server.log.force.sync.num = 128 (default)
2022-11-08 11:41:38,340 [pool-636-thread-1] INFO  server.RaftServerConfigKeys (ConfUtils.java:logGet(46)) - raft.server.log.statemachine.data.sync = true (default)
2022-11-08 11:41:38,340 [pool-636-thread-1] INFO  server.RaftServerConfigKeys (ConfUtils.java:logGet(46)) - raft.server.log.statemachine.data.sync.timeout = 10s (default)
2022-11-08 11:41:38,340 [pool-636-thread-1] INFO  server.RaftServerConfigKeys (ConfUtils.java:logGet(46)) - raft.server.log.statemachine.data.sync.timeout.retry = -1 (default)
2022-11-08 11:41:38,342 [pool-636-thread-1] INFO  server.RaftServerConfigKeys (ConfUtils.java:logGet(46)) - raft.server.log.write.buffer.size = 1048576 (custom)
2022-11-08 11:41:38,342 [pool-636-thread-1] INFO  server.RaftServerConfigKeys (ConfUtils.java:logGet(46)) - raft.server.log.unsafe-flush.enabled = false (default)
2022-11-08 11:41:38,342 [pool-636-thread-1] INFO  server.RaftServerConfigKeys (ConfUtils.java:logGet(46)) - raft.server.log.async-flush.enabled = false (default)
2022-11-08 11:41:38,342 [pool-636-thread-1] INFO  server.RaftServerConfigKeys (ConfUtils.java:logGet(46)) - raft.server.log.statemachine.data.caching.enabled = true (custom)
2022-11-08 11:41:38,343 [pool-636-thread-1] INFO  segmented.SegmentedRaftLogWorker (SegmentedRaftLogWorker.java:lambda$new$0(136)) - f62ccb74-7881-4f2b-9330-2297662ca0ca@group-D1C05AEAF764-SegmentedRaftLogWorker: flushIndex: setUnconditionally 0 -> -1
2022-11-08 11:41:38,343 [pool-636-thread-1] INFO  segmented.SegmentedRaftLogWorker (SegmentedRaftLogWorker.java:lambda$new$0(136)) - f62ccb74-7881-4f2b-9330-2297662ca0ca@group-D1C05AEAF764-SegmentedRaftLogWorker: safeCacheEvictIndex: setUnconditionally 0 -> -1
2022-11-08 11:41:38,343 [pool-636-thread-1] INFO  server.RaftServer$Division (RaftServerImpl.java:start(334)) - f62ccb74-7881-4f2b-9330-2297662ca0ca@group-D1C05AEAF764: start as a follower, conf=-1: peers:[188713c8-c2c6-4040-a876-e7c7ddd4017d|rpc:10.1.0.111:40121|dataStream:|priority:1|startupRole:FOLLOWER, d1b20379-1bd2-4861-a9be-2c8bcc065cb9|rpc:10.1.0.111:33049|dataStream:|priority:0|startupRole:FOLLOWER, f62ccb74-7881-4f2b-9330-2297662ca0ca|rpc:10.1.0.111:45879|dataStream:|priority:0|startupRole:FOLLOWER]|listeners:[], old=null
2022-11-08 11:41:38,343 [pool-636-thread-1] INFO  server.RaftServer$Division (RaftServerImpl.java:setRole(321)) - f62ccb74-7881-4f2b-9330-2297662ca0ca@group-D1C05AEAF764: changes role from      null to FOLLOWER at term 0 for startAsFollower
2022-11-08 11:41:38,343 [pool-636-thread-1] INFO  impl.RoleInfo (RoleInfo.java:updateAndGet(139)) - f62ccb74-7881-4f2b-9330-2297662ca0ca: start f62ccb74-7881-4f2b-9330-2297662ca0ca@group-D1C05AEAF764-FollowerState
2022-11-08 11:41:38,343 [pool-636-thread-1] INFO  util.JmxRegister (JmxRegister.java:tryRegister(44)) - Successfully registered JMX Bean with object name Ratis:service=RaftServer,group=group-D1C05AEAF764,id=f62ccb74-7881-4f2b-9330-2297662ca0ca
2022-11-08 11:41:38,344 [pool-636-thread-1] INFO  server.RaftServerConfigKeys (ConfUtils.java:logGet(46)) - raft.server.snapshot.auto.trigger.enabled = true (custom)
2022-11-08 11:41:38,344 [pool-636-thread-1] INFO  server.RaftServerConfigKeys (ConfUtils.java:logGet(46)) - raft.server.snapshot.auto.trigger.threshold = 10000 (custom)
2022-11-08 11:41:38,344 [pool-636-thread-1] INFO  server.RaftServerConfigKeys (ConfUtils.java:logGet(46)) - raft.server.snapshot.retention.file.num = 5 (custom)
2022-11-08 11:41:38,344 [pool-636-thread-1] INFO  server.RaftServerConfigKeys (ConfUtils.java:logGet(46)) - raft.server.log.purge.upto.snapshot.index = false (default)
2022-11-08 11:41:38,344 [f62ccb74-7881-4f2b-9330-2297662ca0ca@group-D1C05AEAF764-FollowerState] INFO  server.RaftServerConfigKeys (ConfUtils.java:logFallback(53)) - raft.server.rpc.first-election.timeout.min = 5s (fallback to raft.server.rpc.timeout.min)
2022-11-08 11:41:38,344 [f62ccb74-7881-4f2b-9330-2297662ca0ca@group-D1C05AEAF764-FollowerState] INFO  server.RaftServerConfigKeys (ConfUtils.java:logFallback(53)) - raft.server.rpc.first-election.timeout.max = 5200ms (fallback to raft.server.rpc.timeout.max)
2022-11-08 11:41:38,348 [Command processor thread] INFO  commandhandler.CreatePipelineCommandHandler (CreatePipelineCommandHandler.java:handle(113)) - Created Pipeline RATIS THREE PipelineID=eaecf3a5-4596-488f-bf4f-d1c05aeaf764.
2022-11-08 11:41:38,349 [Command processor thread] INFO  server.RaftServer (RaftServerProxy.java:addNew(96)) - 188713c8-c2c6-4040-a876-e7c7ddd4017d: addNew group-7FA7A550F732:[188713c8-c2c6-4040-a876-e7c7ddd4017d|rpc:10.1.0.111:40121|priority:0|startupRole:FOLLOWER, d1b20379-1bd2-4861-a9be-2c8bcc065cb9|rpc:10.1.0.111:33049|priority:1|startupRole:FOLLOWER, f62ccb74-7881-4f2b-9330-2297662ca0ca|rpc:10.1.0.111:45879|priority:0|startupRole:FOLLOWER] returns group-7FA7A550F732:java.util.concurrent.CompletableFuture@4fee32ef[Not completed]
2022-11-08 11:41:38,349 [pool-613-thread-1] INFO  server.RaftServer$Division (RaftServerImpl.java:<init>(195)) - 188713c8-c2c6-4040-a876-e7c7ddd4017d: new RaftServerImpl for group-7FA7A550F732:[188713c8-c2c6-4040-a876-e7c7ddd4017d|rpc:10.1.0.111:40121|priority:0|startupRole:FOLLOWER, d1b20379-1bd2-4861-a9be-2c8bcc065cb9|rpc:10.1.0.111:33049|priority:1|startupRole:FOLLOWER, f62ccb74-7881-4f2b-9330-2297662ca0ca|rpc:10.1.0.111:45879|priority:0|startupRole:FOLLOWER] with ContainerStateMachine:uninitialized
2022-11-08 11:41:38,350 [pool-613-thread-1] INFO  server.RaftServerConfigKeys (ConfUtils.java:logGet(46)) - raft.server.rpc.timeout.min = 5s (custom)
2022-11-08 11:41:38,350 [pool-613-thread-1] INFO  server.RaftServerConfigKeys (ConfUtils.java:logGet(46)) - raft.server.rpc.timeout.max = 5200ms (custom)
2022-11-08 11:41:38,350 [pool-613-thread-1] INFO  server.RaftServerConfigKeys (ConfUtils.java:logGet(46)) - raft.server.rpc.sleep.time = 25ms (default)
2022-11-08 11:41:38,350 [pool-613-thread-1] INFO  server.RaftServerConfigKeys (ConfUtils.java:logGet(46)) - raft.server.rpc.slowness.timeout = 300s (custom)
2022-11-08 11:41:38,350 [pool-613-thread-1] INFO  server.RaftServerConfigKeys (ConfUtils.java:logGet(46)) - raft.server.leaderelection.leader.step-down.wait-time = 10s (default)
2022-11-08 11:41:38,350 [pool-613-thread-1] INFO  server.RaftServerConfigKeys (ConfUtils.java:logGet(46)) - raft.server.sleep.deviation.threshold = 300ms (default)
2022-11-08 11:41:38,350 [pool-613-thread-1] INFO  server.RaftServer$Division (ServerState.java:<init>(118)) - 188713c8-c2c6-4040-a876-e7c7ddd4017d@group-7FA7A550F732: ConfigurationManager, init=-1: peers:[188713c8-c2c6-4040-a876-e7c7ddd4017d|rpc:10.1.0.111:40121|priority:0|startupRole:FOLLOWER, d1b20379-1bd2-4861-a9be-2c8bcc065cb9|rpc:10.1.0.111:33049|priority:1|startupRole:FOLLOWER, f62ccb74-7881-4f2b-9330-2297662ca0ca|rpc:10.1.0.111:45879|priority:0|startupRole:FOLLOWER]|listeners:[], old=null, confs=<EMPTY_MAP>
2022-11-08 11:41:38,350 [pool-613-thread-1] INFO  server.RaftServerConfigKeys (ConfUtils.java:logGet(46)) - raft.server.storage.dir = [/home/runner/work/ozone/ozone/hadoop-ozone/integration-test/target/test-dir/MiniOzoneClusterImpl-08243b3f-be7e-4743-8f19-be1c242049e7/datanode-3/data/ratis] (custom)
2022-11-08 11:41:38,350 [pool-613-thread-1] INFO  server.RaftServerConfigKeys (ConfUtils.java:logGet(46)) - raft.server.log.corruption.policy = EXCEPTION (default)
2022-11-08 11:41:38,350 [pool-613-thread-1] INFO  server.RaftServerConfigKeys (ConfUtils.java:logGet(46)) - raft.server.storage.free-space.min = 0MB (=0) (default)
2022-11-08 11:41:38,350 [pool-613-thread-1] INFO  server.RaftServerConfigKeys (ConfUtils.java:logGet(46)) - raft.server.notification.no-leader.timeout = 300s (custom)
2022-11-08 11:41:38,350 [pool-613-thread-1] INFO  server.RaftServerConfigKeys (ConfUtils.java:logGet(46)) - raft.server.retrycache.expirytime = 600000ms (custom)
2022-11-08 11:41:38,350 [pool-613-thread-1] INFO  server.RaftServerConfigKeys (ConfUtils.java:logGet(46)) - raft.server.retrycache.statistics.expirytime = 100μs (default)
2022-11-08 11:41:38,352 [pool-613-thread-1] INFO  server.RaftServerConfigKeys (ConfUtils.java:logGet(46)) - raft.server.log.appender.install.snapshot.enabled = false (custom)
2022-11-08 11:41:38,352 [pool-613-thread-1] INFO  server.RaftServerConfigKeys (ConfUtils.java:logGet(46)) - raft.server.threadpool.server.cached = true (default)
2022-11-08 11:41:38,352 [pool-613-thread-1] INFO  server.RaftServerConfigKeys (ConfUtils.java:logGet(46)) - raft.server.threadpool.server.size = 0 (default)
2022-11-08 11:41:38,352 [pool-613-thread-1] INFO  server.RaftServerConfigKeys (ConfUtils.java:logGet(46)) - raft.server.threadpool.client.cached = true (default)
2022-11-08 11:41:38,352 [pool-613-thread-1] INFO  server.RaftServerConfigKeys (ConfUtils.java:logGet(46)) - raft.server.threadpool.client.size = 0 (default)
2022-11-08 11:41:38,352 [pool-613-thread-1] INFO  storage.RaftStorageDirectory (RaftStorageDirectoryImpl.java:analyzeStorage(137)) - The storage directory /home/runner/work/ozone/ozone/hadoop-ozone/integration-test/target/test-dir/MiniOzoneClusterImpl-08243b3f-be7e-4743-8f19-be1c242049e7/datanode-3/data/ratis/b527c441-1a51-4e1a-9a3d-7fa7a550f732 does not exist. Creating ...
2022-11-08 11:41:38,354 [pool-613-thread-1] INFO  storage.RaftStorageDirectory (RaftStorageDirectoryImpl.java:tryLock(231)) - Lock on /home/runner/work/ozone/ozone/hadoop-ozone/integration-test/target/test-dir/MiniOzoneClusterImpl-08243b3f-be7e-4743-8f19-be1c242049e7/datanode-3/data/ratis/b527c441-1a51-4e1a-9a3d-7fa7a550f732/in_use.lock acquired by nodename 12130@fv-az573-890
2022-11-08 11:41:38,356 [pool-613-thread-1] INFO  storage.RaftStorage (RaftStorageImpl.java:format(96)) - Storage directory /home/runner/work/ozone/ozone/hadoop-ozone/integration-test/target/test-dir/MiniOzoneClusterImpl-08243b3f-be7e-4743-8f19-be1c242049e7/datanode-3/data/ratis/b527c441-1a51-4e1a-9a3d-7fa7a550f732 has been successfully formatted.
2022-11-08 11:41:38,357 [pool-613-thread-1] INFO  ratis.ContainerStateMachine (ContainerStateMachine.java:loadSnapshot(236)) - group-7FA7A550F732: The snapshot info is null. Setting the last applied indexto:(t:0, i:~)
2022-11-08 11:41:38,357 [pool-613-thread-1] INFO  server.RaftServerConfigKeys (ConfUtils.java:logGet(46)) - raft.server.log.use.memory = false (default)
2022-11-08 11:41:38,357 [pool-613-thread-1] INFO  server.RaftServerConfigKeys (ConfUtils.java:logGet(46)) - raft.server.log.purge.gap = 1000000 (custom)
2022-11-08 11:41:38,357 [pool-613-thread-1] INFO  server.RaftServerConfigKeys (ConfUtils.java:logGet(46)) - raft.server.log.appender.buffer.byte-limit = 33554432 (custom)
2022-11-08 11:41:38,359 [pool-613-thread-1] INFO  server.RaftServerConfigKeys (ConfUtils.java:logGet(46)) - raft.server.log.statemachine.data.read.timeout = 1000ms (default)
2022-11-08 11:41:38,359 [pool-613-thread-1] INFO  server.RaftServerConfigKeys (ConfUtils.java:logGet(46)) - raft.server.log.purge.preservation.log.num = 0 (default)
2022-11-08 11:41:38,359 [pool-613-thread-1] INFO  server.RaftServerConfigKeys (ConfUtils.java:logGet(46)) - raft.server.log.segment.size.max = 1048576 (custom)
2022-11-08 11:41:38,359 [pool-613-thread-1] INFO  server.RaftServerConfigKeys (ConfUtils.java:logGet(46)) - raft.server.log.segment.cache.num.max = 2 (custom)
2022-11-08 11:41:38,360 [pool-613-thread-1] INFO  server.RaftServerConfigKeys (ConfUtils.java:logGet(46)) - raft.server.log.segment.cache.size.max = 200MB (=209715200) (default)
2022-11-08 11:41:38,360 [pool-613-thread-1] INFO  segmented.SegmentedRaftLogWorker (SegmentedRaftLogWorker.java:<init>(191)) - new 188713c8-c2c6-4040-a876-e7c7ddd4017d@group-7FA7A550F732-SegmentedRaftLogWorker for RaftStorageImpl:Storage Directory /home/runner/work/ozone/ozone/hadoop-ozone/integration-test/target/test-dir/MiniOzoneClusterImpl-08243b3f-be7e-4743-8f19-be1c242049e7/datanode-3/data/ratis/b527c441-1a51-4e1a-9a3d-7fa7a550f732
2022-11-08 11:41:38,360 [pool-613-thread-1] INFO  server.RaftServerConfigKeys (ConfUtils.java:logGet(46)) - raft.server.log.queue.byte-limit = 4294967296 (custom)
2022-11-08 11:41:38,360 [pool-613-thread-1] INFO  server.RaftServerConfigKeys (ConfUtils.java:logGet(46)) - raft.server.log.queue.element-limit = 1024 (custom)
2022-11-08 11:41:38,360 [pool-613-thread-1] INFO  server.RaftServerConfigKeys (ConfUtils.java:logGet(46)) - raft.server.log.segment.size.max = 1048576 (custom)
2022-11-08 11:41:38,360 [pool-613-thread-1] INFO  server.RaftServerConfigKeys (ConfUtils.java:logGet(46)) - raft.server.log.preallocated.size = 16384 (custom)
2022-11-08 11:41:38,360 [pool-613-thread-1] INFO  server.RaftServerConfigKeys (ConfUtils.java:logGet(46)) - raft.server.log.force.sync.num = 128 (default)
2022-11-08 11:41:38,360 [pool-613-thread-1] INFO  server.RaftServerConfigKeys (ConfUtils.java:logGet(46)) - raft.server.log.statemachine.data.sync = true (default)
2022-11-08 11:41:38,360 [pool-613-thread-1] INFO  server.RaftServerConfigKeys (ConfUtils.java:logGet(46)) - raft.server.log.statemachine.data.sync.timeout = 10s (default)
2022-11-08 11:41:38,360 [pool-613-thread-1] INFO  server.RaftServerConfigKeys (ConfUtils.java:logGet(46)) - raft.server.log.statemachine.data.sync.timeout.retry = -1 (default)
2022-11-08 11:41:38,361 [pool-613-thread-1] INFO  server.RaftServerConfigKeys (ConfUtils.java:logGet(46)) - raft.server.log.write.buffer.size = 1048576 (custom)
2022-11-08 11:41:38,362 [pool-613-thread-1] INFO  server.RaftServerConfigKeys (ConfUtils.java:logGet(46)) - raft.server.log.unsafe-flush.enabled = false (default)
2022-11-08 11:41:38,362 [pool-613-thread-1] INFO  server.RaftServerConfigKeys (ConfUtils.java:logGet(46)) - raft.server.log.async-flush.enabled = false (default)
2022-11-08 11:41:38,362 [pool-613-thread-1] INFO  server.RaftServerConfigKeys (ConfUtils.java:logGet(46)) - raft.server.log.statemachine.data.caching.enabled = true (custom)
2022-11-08 11:41:38,362 [pool-613-thread-1] INFO  segmented.SegmentedRaftLogWorker (SegmentedRaftLogWorker.java:lambda$new$0(136)) - 188713c8-c2c6-4040-a876-e7c7ddd4017d@group-7FA7A550F732-SegmentedRaftLogWorker: flushIndex: setUnconditionally 0 -> -1
2022-11-08 11:41:38,362 [pool-613-thread-1] INFO  segmented.SegmentedRaftLogWorker (SegmentedRaftLogWorker.java:lambda$new$0(136)) - 188713c8-c2c6-4040-a876-e7c7ddd4017d@group-7FA7A550F732-SegmentedRaftLogWorker: safeCacheEvictIndex: setUnconditionally 0 -> -1
2022-11-08 11:41:38,363 [pool-613-thread-1] INFO  server.RaftServer$Division (RaftServerImpl.java:start(334)) - 188713c8-c2c6-4040-a876-e7c7ddd4017d@group-7FA7A550F732: start as a follower, conf=-1: peers:[188713c8-c2c6-4040-a876-e7c7ddd4017d|rpc:10.1.0.111:40121|priority:0|startupRole:FOLLOWER, d1b20379-1bd2-4861-a9be-2c8bcc065cb9|rpc:10.1.0.111:33049|priority:1|startupRole:FOLLOWER, f62ccb74-7881-4f2b-9330-2297662ca0ca|rpc:10.1.0.111:45879|priority:0|startupRole:FOLLOWER]|listeners:[], old=null
2022-11-08 11:41:38,363 [pool-613-thread-1] INFO  server.RaftServer$Division (RaftServerImpl.java:setRole(321)) - 188713c8-c2c6-4040-a876-e7c7ddd4017d@group-7FA7A550F732: changes role from      null to FOLLOWER at term 0 for startAsFollower
2022-11-08 11:41:38,363 [pool-613-thread-1] INFO  impl.RoleInfo (RoleInfo.java:updateAndGet(139)) - 188713c8-c2c6-4040-a876-e7c7ddd4017d: start 188713c8-c2c6-4040-a876-e7c7ddd4017d@group-7FA7A550F732-FollowerState
2022-11-08 11:41:38,364 [pool-613-thread-1] INFO  util.JmxRegister (JmxRegister.java:tryRegister(44)) - Successfully registered JMX Bean with object name Ratis:service=RaftServer,group=group-7FA7A550F732,id=188713c8-c2c6-4040-a876-e7c7ddd4017d
2022-11-08 11:41:38,364 [pool-613-thread-1] INFO  server.RaftServerConfigKeys (ConfUtils.java:logGet(46)) - raft.server.snapshot.auto.trigger.enabled = true (custom)
2022-11-08 11:41:38,364 [pool-613-thread-1] INFO  server.RaftServerConfigKeys (ConfUtils.java:logGet(46)) - raft.server.snapshot.auto.trigger.threshold = 10000 (custom)
2022-11-08 11:41:38,364 [pool-613-thread-1] INFO  server.RaftServerConfigKeys (ConfUtils.java:logGet(46)) - raft.server.snapshot.retention.file.num = 5 (custom)
2022-11-08 11:41:38,364 [pool-613-thread-1] INFO  server.RaftServerConfigKeys (ConfUtils.java:logGet(46)) - raft.server.log.purge.upto.snapshot.index = false (default)
2022-11-08 11:41:38,365 [188713c8-c2c6-4040-a876-e7c7ddd4017d@group-7FA7A550F732-FollowerState] INFO  server.RaftServerConfigKeys (ConfUtils.java:logFallback(53)) - raft.server.rpc.first-election.timeout.min = 5s (fallback to raft.server.rpc.timeout.min)
2022-11-08 11:41:38,365 [188713c8-c2c6-4040-a876-e7c7ddd4017d@group-7FA7A550F732-FollowerState] INFO  server.RaftServerConfigKeys (ConfUtils.java:logFallback(53)) - raft.server.rpc.first-election.timeout.max = 5200ms (fallback to raft.server.rpc.timeout.max)
2022-11-08 11:41:38,367 [Command processor thread] INFO  ratis.XceiverServerRatis (XceiverServerRatis.java:addGroup(765)) - Created group PipelineID=b527c441-1a51-4e1a-9a3d-7fa7a550f732
2022-11-08 11:41:38,377 [grpc-default-executor-0] INFO  server.RaftServer (RaftServerProxy.java:addNew(96)) - d1b20379-1bd2-4861-a9be-2c8bcc065cb9: addNew group-7FA7A550F732:[188713c8-c2c6-4040-a876-e7c7ddd4017d|rpc:10.1.0.111:40121|dataStream:|priority:0|startupRole:FOLLOWER, d1b20379-1bd2-4861-a9be-2c8bcc065cb9|rpc:10.1.0.111:33049|dataStream:|priority:1|startupRole:FOLLOWER, f62ccb74-7881-4f2b-9330-2297662ca0ca|rpc:10.1.0.111:45879|dataStream:|priority:0|startupRole:FOLLOWER] returns group-7FA7A550F732:java.util.concurrent.CompletableFuture@80ddba[Not completed]
2022-11-08 11:41:38,378 [pool-659-thread-1] INFO  server.RaftServer$Division (RaftServerImpl.java:<init>(195)) - d1b20379-1bd2-4861-a9be-2c8bcc065cb9: new RaftServerImpl for group-7FA7A550F732:[188713c8-c2c6-4040-a876-e7c7ddd4017d|rpc:10.1.0.111:40121|dataStream:|priority:0|startupRole:FOLLOWER, d1b20379-1bd2-4861-a9be-2c8bcc065cb9|rpc:10.1.0.111:33049|dataStream:|priority:1|startupRole:FOLLOWER, f62ccb74-7881-4f2b-9330-2297662ca0ca|rpc:10.1.0.111:45879|dataStream:|priority:0|startupRole:FOLLOWER] with ContainerStateMachine:uninitialized
2022-11-08 11:41:38,378 [pool-659-thread-1] INFO  server.RaftServerConfigKeys (ConfUtils.java:logGet(46)) - raft.server.rpc.timeout.min = 5s (custom)
2022-11-08 11:41:38,378 [pool-659-thread-1] INFO  server.RaftServerConfigKeys (ConfUtils.java:logGet(46)) - raft.server.rpc.timeout.max = 5200ms (custom)
2022-11-08 11:41:38,378 [pool-659-thread-1] INFO  server.RaftServerConfigKeys (ConfUtils.java:logGet(46)) - raft.server.rpc.sleep.time = 25ms (default)
2022-11-08 11:41:38,378 [pool-659-thread-1] INFO  server.RaftServerConfigKeys (ConfUtils.java:logGet(46)) - raft.server.rpc.slowness.timeout = 300s (custom)
2022-11-08 11:41:38,379 [pool-659-thread-1] INFO  server.RaftServerConfigKeys (ConfUtils.java:logGet(46)) - raft.server.leaderelection.leader.step-down.wait-time = 10s (default)
2022-11-08 11:41:38,379 [pool-659-thread-1] INFO  server.RaftServerConfigKeys (ConfUtils.java:logGet(46)) - raft.server.sleep.deviation.threshold = 300ms (default)
2022-11-08 11:41:38,379 [pool-659-thread-1] INFO  server.RaftServer$Division (ServerState.java:<init>(118)) - d1b20379-1bd2-4861-a9be-2c8bcc065cb9@group-7FA7A550F732: ConfigurationManager, init=-1: peers:[188713c8-c2c6-4040-a876-e7c7ddd4017d|rpc:10.1.0.111:40121|dataStream:|priority:0|startupRole:FOLLOWER, d1b20379-1bd2-4861-a9be-2c8bcc065cb9|rpc:10.1.0.111:33049|dataStream:|priority:1|startupRole:FOLLOWER, f62ccb74-7881-4f2b-9330-2297662ca0ca|rpc:10.1.0.111:45879|dataStream:|priority:0|startupRole:FOLLOWER]|listeners:[], old=null, confs=<EMPTY_MAP>
2022-11-08 11:41:38,379 [pool-659-thread-1] INFO  server.RaftServerConfigKeys (ConfUtils.java:logGet(46)) - raft.server.storage.dir = [/home/runner/work/ozone/ozone/hadoop-ozone/integration-test/target/test-dir/MiniOzoneClusterImpl-08243b3f-be7e-4743-8f19-be1c242049e7/datanode-5/data/ratis] (custom)
2022-11-08 11:41:38,379 [pool-659-thread-1] INFO  server.RaftServerConfigKeys (ConfUtils.java:logGet(46)) - raft.server.log.corruption.policy = EXCEPTION (default)
2022-11-08 11:41:38,379 [pool-659-thread-1] INFO  server.RaftServerConfigKeys (ConfUtils.java:logGet(46)) - raft.server.storage.free-space.min = 0MB (=0) (default)
2022-11-08 11:41:38,379 [pool-659-thread-1] INFO  server.RaftServerConfigKeys (ConfUtils.java:logGet(46)) - raft.server.notification.no-leader.timeout = 300s (custom)
2022-11-08 11:41:38,379 [pool-659-thread-1] INFO  server.RaftServerConfigKeys (ConfUtils.java:logGet(46)) - raft.server.retrycache.expirytime = 600000ms (custom)
2022-11-08 11:41:38,379 [pool-659-thread-1] INFO  server.RaftServerConfigKeys (ConfUtils.java:logGet(46)) - raft.server.retrycache.statistics.expirytime = 100μs (default)
2022-11-08 11:41:38,381 [pool-659-thread-1] INFO  server.RaftServerConfigKeys (ConfUtils.java:logGet(46)) - raft.server.log.appender.install.snapshot.enabled = false (custom)
2022-11-08 11:41:38,381 [pool-659-thread-1] INFO  server.RaftServerConfigKeys (ConfUtils.java:logGet(46)) - raft.server.threadpool.server.cached = true (default)
2022-11-08 11:41:38,381 [pool-659-thread-1] INFO  server.RaftServerConfigKeys (ConfUtils.java:logGet(46)) - raft.server.threadpool.server.size = 0 (default)
2022-11-08 11:41:38,381 [pool-659-thread-1] INFO  server.RaftServerConfigKeys (ConfUtils.java:logGet(46)) - raft.server.threadpool.client.cached = true (default)
2022-11-08 11:41:38,381 [pool-659-thread-1] INFO  server.RaftServerConfigKeys (ConfUtils.java:logGet(46)) - raft.server.threadpool.client.size = 0 (default)
2022-11-08 11:41:38,381 [pool-659-thread-1] INFO  storage.RaftStorageDirectory (RaftStorageDirectoryImpl.java:analyzeStorage(137)) - The storage directory /home/runner/work/ozone/ozone/hadoop-ozone/integration-test/target/test-dir/MiniOzoneClusterImpl-08243b3f-be7e-4743-8f19-be1c242049e7/datanode-5/data/ratis/b527c441-1a51-4e1a-9a3d-7fa7a550f732 does not exist. Creating ...
2022-11-08 11:41:38,383 [pool-659-thread-1] INFO  storage.RaftStorageDirectory (RaftStorageDirectoryImpl.java:tryLock(231)) - Lock on /home/runner/work/ozone/ozone/hadoop-ozone/integration-test/target/test-dir/MiniOzoneClusterImpl-08243b3f-be7e-4743-8f19-be1c242049e7/datanode-5/data/ratis/b527c441-1a51-4e1a-9a3d-7fa7a550f732/in_use.lock acquired by nodename 12130@fv-az573-890
2022-11-08 11:41:38,384 [pool-659-thread-1] INFO  storage.RaftStorage (RaftStorageImpl.java:format(96)) - Storage directory /home/runner/work/ozone/ozone/hadoop-ozone/integration-test/target/test-dir/MiniOzoneClusterImpl-08243b3f-be7e-4743-8f19-be1c242049e7/datanode-5/data/ratis/b527c441-1a51-4e1a-9a3d-7fa7a550f732 has been successfully formatted.
2022-11-08 11:41:38,389 [pool-659-thread-1] INFO  ratis.ContainerStateMachine (ContainerStateMachine.java:loadSnapshot(236)) - group-7FA7A550F732: The snapshot info is null. Setting the last applied indexto:(t:0, i:~)
2022-11-08 11:41:38,389 [pool-659-thread-1] INFO  server.RaftServerConfigKeys (ConfUtils.java:logGet(46)) - raft.server.log.use.memory = false (default)
2022-11-08 11:41:38,389 [pool-659-thread-1] INFO  server.RaftServerConfigKeys (ConfUtils.java:logGet(46)) - raft.server.log.purge.gap = 1000000 (custom)
2022-11-08 11:41:38,389 [pool-659-thread-1] INFO  server.RaftServerConfigKeys (ConfUtils.java:logGet(46)) - raft.server.log.appender.buffer.byte-limit = 33554432 (custom)
2022-11-08 11:41:38,389 [pool-659-thread-1] INFO  server.RaftServerConfigKeys (ConfUtils.java:logGet(46)) - raft.server.log.statemachine.data.read.timeout = 1000ms (default)
2022-11-08 11:41:38,389 [pool-659-thread-1] INFO  server.RaftServerConfigKeys (ConfUtils.java:logGet(46)) - raft.server.log.purge.preservation.log.num = 0 (default)
2022-11-08 11:41:38,389 [pool-659-thread-1] INFO  server.RaftServerConfigKeys (ConfUtils.java:logGet(46)) - raft.server.log.segment.size.max = 1048576 (custom)
2022-11-08 11:41:38,390 [pool-659-thread-1] INFO  server.RaftServerConfigKeys (ConfUtils.java:logGet(46)) - raft.server.log.segment.cache.num.max = 2 (custom)
2022-11-08 11:41:38,390 [pool-659-thread-1] INFO  server.RaftServerConfigKeys (ConfUtils.java:logGet(46)) - raft.server.log.segment.cache.size.max = 200MB (=209715200) (default)
2022-11-08 11:41:38,390 [pool-659-thread-1] INFO  segmented.SegmentedRaftLogWorker (SegmentedRaftLogWorker.java:<init>(191)) - new d1b20379-1bd2-4861-a9be-2c8bcc065cb9@group-7FA7A550F732-SegmentedRaftLogWorker for RaftStorageImpl:Storage Directory /home/runner/work/ozone/ozone/hadoop-ozone/integration-test/target/test-dir/MiniOzoneClusterImpl-08243b3f-be7e-4743-8f19-be1c242049e7/datanode-5/data/ratis/b527c441-1a51-4e1a-9a3d-7fa7a550f732
2022-11-08 11:41:38,390 [pool-659-thread-1] INFO  server.RaftServerConfigKeys (ConfUtils.java:logGet(46)) - raft.server.log.queue.byte-limit = 4294967296 (custom)
2022-11-08 11:41:38,390 [pool-659-thread-1] INFO  server.RaftServerConfigKeys (ConfUtils.java:logGet(46)) - raft.server.log.queue.element-limit = 1024 (custom)
2022-11-08 11:41:38,390 [pool-659-thread-1] INFO  server.RaftServerConfigKeys (ConfUtils.java:logGet(46)) - raft.server.log.segment.size.max = 1048576 (custom)
2022-11-08 11:41:38,390 [pool-659-thread-1] INFO  server.RaftServerConfigKeys (ConfUtils.java:logGet(46)) - raft.server.log.preallocated.size = 16384 (custom)
2022-11-08 11:41:38,390 [pool-659-thread-1] INFO  server.RaftServerConfigKeys (ConfUtils.java:logGet(46)) - raft.server.log.force.sync.num = 128 (default)
2022-11-08 11:41:38,390 [pool-659-thread-1] INFO  server.RaftServerConfigKeys (ConfUtils.java:logGet(46)) - raft.server.log.statemachine.data.sync = true (default)
2022-11-08 11:41:38,390 [pool-659-thread-1] INFO  server.RaftServerConfigKeys (ConfUtils.java:logGet(46)) - raft.server.log.statemachine.data.sync.timeout = 10s (default)
2022-11-08 11:41:38,391 [pool-659-thread-1] INFO  server.RaftServerConfigKeys (ConfUtils.java:logGet(46)) - raft.server.log.statemachine.data.sync.timeout.retry = -1 (default)
2022-11-08 11:41:38,392 [pool-659-thread-1] INFO  server.RaftServerConfigKeys (ConfUtils.java:logGet(46)) - raft.server.log.write.buffer.size = 1048576 (custom)
2022-11-08 11:41:38,393 [pool-659-thread-1] INFO  server.RaftServerConfigKeys (ConfUtils.java:logGet(46)) - raft.server.log.unsafe-flush.enabled = false (default)
2022-11-08 11:41:38,393 [pool-659-thread-1] INFO  server.RaftServerConfigKeys (ConfUtils.java:logGet(46)) - raft.server.log.async-flush.enabled = false (default)
2022-11-08 11:41:38,393 [pool-659-thread-1] INFO  server.RaftServerConfigKeys (ConfUtils.java:logGet(46)) - raft.server.log.statemachine.data.caching.enabled = true (custom)
2022-11-08 11:41:38,393 [pool-659-thread-1] INFO  segmented.SegmentedRaftLogWorker (SegmentedRaftLogWorker.java:lambda$new$0(136)) - d1b20379-1bd2-4861-a9be-2c8bcc065cb9@group-7FA7A550F732-SegmentedRaftLogWorker: flushIndex: setUnconditionally 0 -> -1
2022-11-08 11:41:38,393 [pool-659-thread-1] INFO  segmented.SegmentedRaftLogWorker (SegmentedRaftLogWorker.java:lambda$new$0(136)) - d1b20379-1bd2-4861-a9be-2c8bcc065cb9@group-7FA7A550F732-SegmentedRaftLogWorker: safeCacheEvictIndex: setUnconditionally 0 -> -1
2022-11-08 11:41:38,393 [pool-659-thread-1] INFO  server.RaftServer$Division (RaftServerImpl.java:start(334)) - d1b20379-1bd2-4861-a9be-2c8bcc065cb9@group-7FA7A550F732: start as a follower, conf=-1: peers:[188713c8-c2c6-4040-a876-e7c7ddd4017d|rpc:10.1.0.111:40121|dataStream:|priority:0|startupRole:FOLLOWER, d1b20379-1bd2-4861-a9be-2c8bcc065cb9|rpc:10.1.0.111:33049|dataStream:|priority:1|startupRole:FOLLOWER, f62ccb74-7881-4f2b-9330-2297662ca0ca|rpc:10.1.0.111:45879|dataStream:|priority:0|startupRole:FOLLOWER]|listeners:[], old=null
2022-11-08 11:41:38,394 [pool-659-thread-1] INFO  server.RaftServer$Division (RaftServerImpl.java:setRole(321)) - d1b20379-1bd2-4861-a9be-2c8bcc065cb9@group-7FA7A550F732: changes role from      null to FOLLOWER at term 0 for startAsFollower
2022-11-08 11:41:38,394 [pool-659-thread-1] INFO  impl.RoleInfo (RoleInfo.java:updateAndGet(139)) - d1b20379-1bd2-4861-a9be-2c8bcc065cb9: start d1b20379-1bd2-4861-a9be-2c8bcc065cb9@group-7FA7A550F732-FollowerState
2022-11-08 11:41:38,396 [pool-659-thread-1] INFO  util.JmxRegister (JmxRegister.java:tryRegister(44)) - Successfully registered JMX Bean with object name Ratis:service=RaftServer,group=group-7FA7A550F732,id=d1b20379-1bd2-4861-a9be-2c8bcc065cb9
2022-11-08 11:41:38,396 [pool-659-thread-1] INFO  server.RaftServerConfigKeys (ConfUtils.java:logGet(46)) - raft.server.snapshot.auto.trigger.enabled = true (custom)
2022-11-08 11:41:38,396 [pool-659-thread-1] INFO  server.RaftServerConfigKeys (ConfUtils.java:logGet(46)) - raft.server.snapshot.auto.trigger.threshold = 10000 (custom)
2022-11-08 11:41:38,396 [pool-659-thread-1] INFO  server.RaftServerConfigKeys (ConfUtils.java:logGet(46)) - raft.server.snapshot.retention.file.num = 5 (custom)
2022-11-08 11:41:38,396 [pool-659-thread-1] INFO  server.RaftServerConfigKeys (ConfUtils.java:logGet(46)) - raft.server.log.purge.upto.snapshot.index = false (default)
2022-11-08 11:41:38,397 [d1b20379-1bd2-4861-a9be-2c8bcc065cb9@group-7FA7A550F732-FollowerState] INFO  server.RaftServerConfigKeys (ConfUtils.java:logFallback(53)) - raft.server.rpc.first-election.timeout.min = 5s (fallback to raft.server.rpc.timeout.min)
2022-11-08 11:41:38,397 [d1b20379-1bd2-4861-a9be-2c8bcc065cb9@group-7FA7A550F732-FollowerState] INFO  server.RaftServerConfigKeys (ConfUtils.java:logFallback(53)) - raft.server.rpc.first-election.timeout.max = 5200ms (fallback to raft.server.rpc.timeout.max)
2022-11-08 11:41:38,412 [grpc-default-executor-0] INFO  server.RaftServer (RaftServerProxy.java:addNew(96)) - f62ccb74-7881-4f2b-9330-2297662ca0ca: addNew group-7FA7A550F732:[188713c8-c2c6-4040-a876-e7c7ddd4017d|rpc:10.1.0.111:40121|dataStream:|priority:0|startupRole:FOLLOWER, d1b20379-1bd2-4861-a9be-2c8bcc065cb9|rpc:10.1.0.111:33049|dataStream:|priority:1|startupRole:FOLLOWER, f62ccb74-7881-4f2b-9330-2297662ca0ca|rpc:10.1.0.111:45879|dataStream:|priority:0|startupRole:FOLLOWER] returns group-7FA7A550F732:java.util.concurrent.CompletableFuture@19f1e50e[Not completed]
2022-11-08 11:41:38,413 [pool-636-thread-1] INFO  server.RaftServer$Division (RaftServerImpl.java:<init>(195)) - f62ccb74-7881-4f2b-9330-2297662ca0ca: new RaftServerImpl for group-7FA7A550F732:[188713c8-c2c6-4040-a876-e7c7ddd4017d|rpc:10.1.0.111:40121|dataStream:|priority:0|startupRole:FOLLOWER, d1b20379-1bd2-4861-a9be-2c8bcc065cb9|rpc:10.1.0.111:33049|dataStream:|priority:1|startupRole:FOLLOWER, f62ccb74-7881-4f2b-9330-2297662ca0ca|rpc:10.1.0.111:45879|dataStream:|priority:0|startupRole:FOLLOWER] with ContainerStateMachine:uninitialized
2022-11-08 11:41:38,413 [pool-636-thread-1] INFO  server.RaftServerConfigKeys (ConfUtils.java:logGet(46)) - raft.server.rpc.timeout.min = 5s (custom)
2022-11-08 11:41:38,413 [pool-636-thread-1] INFO  server.RaftServerConfigKeys (ConfUtils.java:logGet(46)) - raft.server.rpc.timeout.max = 5200ms (custom)
2022-11-08 11:41:38,413 [pool-636-thread-1] INFO  server.RaftServerConfigKeys (ConfUtils.java:logGet(46)) - raft.server.rpc.sleep.time = 25ms (default)
2022-11-08 11:41:38,413 [pool-636-thread-1] INFO  server.RaftServerConfigKeys (ConfUtils.java:logGet(46)) - raft.server.rpc.slowness.timeout = 300s (custom)
2022-11-08 11:41:38,413 [pool-636-thread-1] INFO  server.RaftServerConfigKeys (ConfUtils.java:logGet(46)) - raft.server.leaderelection.leader.step-down.wait-time = 10s (default)
2022-11-08 11:41:38,413 [pool-636-thread-1] INFO  server.RaftServerConfigKeys (ConfUtils.java:logGet(46)) - raft.server.sleep.deviation.threshold = 300ms (default)
2022-11-08 11:41:38,414 [pool-636-thread-1] INFO  server.RaftServer$Division (ServerState.java:<init>(118)) - f62ccb74-7881-4f2b-9330-2297662ca0ca@group-7FA7A550F732: ConfigurationManager, init=-1: peers:[188713c8-c2c6-4040-a876-e7c7ddd4017d|rpc:10.1.0.111:40121|dataStream:|priority:0|startupRole:FOLLOWER, d1b20379-1bd2-4861-a9be-2c8bcc065cb9|rpc:10.1.0.111:33049|dataStream:|priority:1|startupRole:FOLLOWER, f62ccb74-7881-4f2b-9330-2297662ca0ca|rpc:10.1.0.111:45879|dataStream:|priority:0|startupRole:FOLLOWER]|listeners:[], old=null, confs=<EMPTY_MAP>
2022-11-08 11:41:38,414 [pool-636-thread-1] INFO  server.RaftServerConfigKeys (ConfUtils.java:logGet(46)) - raft.server.storage.dir = [/home/runner/work/ozone/ozone/hadoop-ozone/integration-test/target/test-dir/MiniOzoneClusterImpl-08243b3f-be7e-4743-8f19-be1c242049e7/datanode-4/data/ratis] (custom)
2022-11-08 11:41:38,414 [pool-636-thread-1] INFO  server.RaftServerConfigKeys (ConfUtils.java:logGet(46)) - raft.server.log.corruption.policy = EXCEPTION (default)
2022-11-08 11:41:38,414 [pool-636-thread-1] INFO  server.RaftServerConfigKeys (ConfUtils.java:logGet(46)) - raft.server.storage.free-space.min = 0MB (=0) (default)
2022-11-08 11:41:38,414 [pool-636-thread-1] INFO  server.RaftServerConfigKeys (ConfUtils.java:logGet(46)) - raft.server.notification.no-leader.timeout = 300s (custom)
2022-11-08 11:41:38,414 [pool-636-thread-1] INFO  server.RaftServerConfigKeys (ConfUtils.java:logGet(46)) - raft.server.retrycache.expirytime = 600000ms (custom)
2022-11-08 11:41:38,414 [pool-636-thread-1] INFO  server.RaftServerConfigKeys (ConfUtils.java:logGet(46)) - raft.server.retrycache.statistics.expirytime = 100μs (default)
2022-11-08 11:41:38,415 [pool-636-thread-1] INFO  server.RaftServerConfigKeys (ConfUtils.java:logGet(46)) - raft.server.log.appender.install.snapshot.enabled = false (custom)
2022-11-08 11:41:38,416 [pool-636-thread-1] INFO  server.RaftServerConfigKeys (ConfUtils.java:logGet(46)) - raft.server.threadpool.server.cached = true (default)
2022-11-08 11:41:38,416 [pool-636-thread-1] INFO  server.RaftServerConfigKeys (ConfUtils.java:logGet(46)) - raft.server.threadpool.server.size = 0 (default)
2022-11-08 11:41:38,416 [pool-636-thread-1] INFO  server.RaftServerConfigKeys (ConfUtils.java:logGet(46)) - raft.server.threadpool.client.cached = true (default)
2022-11-08 11:41:38,416 [pool-636-thread-1] INFO  server.RaftServerConfigKeys (ConfUtils.java:logGet(46)) - raft.server.threadpool.client.size = 0 (default)
2022-11-08 11:41:38,416 [pool-636-thread-1] INFO  storage.RaftStorageDirectory (RaftStorageDirectoryImpl.java:analyzeStorage(137)) - The storage directory /home/runner/work/ozone/ozone/hadoop-ozone/integration-test/target/test-dir/MiniOzoneClusterImpl-08243b3f-be7e-4743-8f19-be1c242049e7/datanode-4/data/ratis/b527c441-1a51-4e1a-9a3d-7fa7a550f732 does not exist. Creating ...
2022-11-08 11:41:38,417 [pool-636-thread-1] INFO  storage.RaftStorageDirectory (RaftStorageDirectoryImpl.java:tryLock(231)) - Lock on /home/runner/work/ozone/ozone/hadoop-ozone/integration-test/target/test-dir/MiniOzoneClusterImpl-08243b3f-be7e-4743-8f19-be1c242049e7/datanode-4/data/ratis/b527c441-1a51-4e1a-9a3d-7fa7a550f732/in_use.lock acquired by nodename 12130@fv-az573-890
2022-11-08 11:41:38,419 [pool-636-thread-1] INFO  storage.RaftStorage (RaftStorageImpl.java:format(96)) - Storage directory /home/runner/work/ozone/ozone/hadoop-ozone/integration-test/target/test-dir/MiniOzoneClusterImpl-08243b3f-be7e-4743-8f19-be1c242049e7/datanode-4/data/ratis/b527c441-1a51-4e1a-9a3d-7fa7a550f732 has been successfully formatted.
2022-11-08 11:41:38,419 [pool-636-thread-1] INFO  ratis.ContainerStateMachine (ContainerStateMachine.java:loadSnapshot(236)) - group-7FA7A550F732: The snapshot info is null. Setting the last applied indexto:(t:0, i:~)
2022-11-08 11:41:38,419 [pool-636-thread-1] INFO  server.RaftServerConfigKeys (ConfUtils.java:logGet(46)) - raft.server.log.use.memory = false (default)
2022-11-08 11:41:38,420 [pool-636-thread-1] INFO  server.RaftServerConfigKeys (ConfUtils.java:logGet(46)) - raft.server.log.purge.gap = 1000000 (custom)
2022-11-08 11:41:38,420 [pool-636-thread-1] INFO  server.RaftServerConfigKeys (ConfUtils.java:logGet(46)) - raft.server.log.appender.buffer.byte-limit = 33554432 (custom)
2022-11-08 11:41:38,420 [pool-636-thread-1] INFO  server.RaftServerConfigKeys (ConfUtils.java:logGet(46)) - raft.server.log.statemachine.data.read.timeout = 1000ms (default)
2022-11-08 11:41:38,420 [pool-636-thread-1] INFO  server.RaftServerConfigKeys (ConfUtils.java:logGet(46)) - raft.server.log.purge.preservation.log.num = 0 (default)
2022-11-08 11:41:38,420 [pool-636-thread-1] INFO  server.RaftServerConfigKeys (ConfUtils.java:logGet(46)) - raft.server.log.segment.size.max = 1048576 (custom)
2022-11-08 11:41:38,421 [pool-636-thread-1] INFO  server.RaftServerConfigKeys (ConfUtils.java:logGet(46)) - raft.server.log.segment.cache.num.max = 2 (custom)
2022-11-08 11:41:38,421 [pool-636-thread-1] INFO  server.RaftServerConfigKeys (ConfUtils.java:logGet(46)) - raft.server.log.segment.cache.size.max = 200MB (=209715200) (default)
2022-11-08 11:41:38,421 [pool-636-thread-1] INFO  segmented.SegmentedRaftLogWorker (SegmentedRaftLogWorker.java:<init>(191)) - new f62ccb74-7881-4f2b-9330-2297662ca0ca@group-7FA7A550F732-SegmentedRaftLogWorker for RaftStorageImpl:Storage Directory /home/runner/work/ozone/ozone/hadoop-ozone/integration-test/target/test-dir/MiniOzoneClusterImpl-08243b3f-be7e-4743-8f19-be1c242049e7/datanode-4/data/ratis/b527c441-1a51-4e1a-9a3d-7fa7a550f732
2022-11-08 11:41:38,421 [pool-636-thread-1] INFO  server.RaftServerConfigKeys (ConfUtils.java:logGet(46)) - raft.server.log.queue.byte-limit = 4294967296 (custom)
2022-11-08 11:41:38,421 [pool-636-thread-1] INFO  server.RaftServerConfigKeys (ConfUtils.java:logGet(46)) - raft.server.log.queue.element-limit = 1024 (custom)
2022-11-08 11:41:38,421 [pool-636-thread-1] INFO  server.RaftServerConfigKeys (ConfUtils.java:logGet(46)) - raft.server.log.segment.size.max = 1048576 (custom)
2022-11-08 11:41:38,421 [pool-636-thread-1] INFO  server.RaftServerConfigKeys (ConfUtils.java:logGet(46)) - raft.server.log.preallocated.size = 16384 (custom)
2022-11-08 11:41:38,421 [pool-636-thread-1] INFO  server.RaftServerConfigKeys (ConfUtils.java:logGet(46)) - raft.server.log.force.sync.num = 128 (default)
2022-11-08 11:41:38,422 [pool-636-thread-1] INFO  server.RaftServerConfigKeys (ConfUtils.java:logGet(46)) - raft.server.log.statemachine.data.sync = true (default)
2022-11-08 11:41:38,422 [pool-636-thread-1] INFO  server.RaftServerConfigKeys (ConfUtils.java:logGet(46)) - raft.server.log.statemachine.data.sync.timeout = 10s (default)
2022-11-08 11:41:38,422 [pool-636-thread-1] INFO  server.RaftServerConfigKeys (ConfUtils.java:logGet(46)) - raft.server.log.statemachine.data.sync.timeout.retry = -1 (default)
2022-11-08 11:41:38,423 [pool-636-thread-1] INFO  server.RaftServerConfigKeys (ConfUtils.java:logGet(46)) - raft.server.log.write.buffer.size = 1048576 (custom)
2022-11-08 11:41:38,424 [pool-636-thread-1] INFO  server.RaftServerConfigKeys (ConfUtils.java:logGet(46)) - raft.server.log.unsafe-flush.enabled = false (default)
2022-11-08 11:41:38,424 [pool-636-thread-1] INFO  server.RaftServerConfigKeys (ConfUtils.java:logGet(46)) - raft.server.log.async-flush.enabled = false (default)
2022-11-08 11:41:38,424 [pool-636-thread-1] INFO  server.RaftServerConfigKeys (ConfUtils.java:logGet(46)) - raft.server.log.statemachine.data.caching.enabled = true (custom)
2022-11-08 11:41:38,424 [pool-636-thread-1] INFO  segmented.SegmentedRaftLogWorker (SegmentedRaftLogWorker.java:lambda$new$0(136)) - f62ccb74-7881-4f2b-9330-2297662ca0ca@group-7FA7A550F732-SegmentedRaftLogWorker: flushIndex: setUnconditionally 0 -> -1
2022-11-08 11:41:38,424 [pool-636-thread-1] INFO  segmented.SegmentedRaftLogWorker (SegmentedRaftLogWorker.java:lambda$new$0(136)) - f62ccb74-7881-4f2b-9330-2297662ca0ca@group-7FA7A550F732-SegmentedRaftLogWorker: safeCacheEvictIndex: setUnconditionally 0 -> -1
2022-11-08 11:41:38,432 [pool-636-thread-1] INFO  server.RaftServer$Division (RaftServerImpl.java:start(334)) - f62ccb74-7881-4f2b-9330-2297662ca0ca@group-7FA7A550F732: start as a follower, conf=-1: peers:[188713c8-c2c6-4040-a876-e7c7ddd4017d|rpc:10.1.0.111:40121|dataStream:|priority:0|startupRole:FOLLOWER, d1b20379-1bd2-4861-a9be-2c8bcc065cb9|rpc:10.1.0.111:33049|dataStream:|priority:1|startupRole:FOLLOWER, f62ccb74-7881-4f2b-9330-2297662ca0ca|rpc:10.1.0.111:45879|dataStream:|priority:0|startupRole:FOLLOWER]|listeners:[], old=null
2022-11-08 11:41:38,432 [pool-636-thread-1] INFO  server.RaftServer$Division (RaftServerImpl.java:setRole(321)) - f62ccb74-7881-4f2b-9330-2297662ca0ca@group-7FA7A550F732: changes role from      null to FOLLOWER at term 0 for startAsFollower
2022-11-08 11:41:38,432 [pool-636-thread-1] INFO  impl.RoleInfo (RoleInfo.java:updateAndGet(139)) - f62ccb74-7881-4f2b-9330-2297662ca0ca: start f62ccb74-7881-4f2b-9330-2297662ca0ca@group-7FA7A550F732-FollowerState
2022-11-08 11:41:38,432 [pool-636-thread-1] INFO  util.JmxRegister (JmxRegister.java:tryRegister(44)) - Successfully registered JMX Bean with object name Ratis:service=RaftServer,group=group-7FA7A550F732,id=f62ccb74-7881-4f2b-9330-2297662ca0ca
2022-11-08 11:41:38,432 [f62ccb74-7881-4f2b-9330-2297662ca0ca@group-7FA7A550F732-FollowerState] INFO  server.RaftServerConfigKeys (ConfUtils.java:logFallback(53)) - raft.server.rpc.first-election.timeout.min = 5s (fallback to raft.server.rpc.timeout.min)
2022-11-08 11:41:38,432 [pool-636-thread-1] INFO  server.RaftServerConfigKeys (ConfUtils.java:logGet(46)) - raft.server.snapshot.auto.trigger.enabled = true (custom)
2022-11-08 11:41:38,432 [pool-636-thread-1] INFO  server.RaftServerConfigKeys (ConfUtils.java:logGet(46)) - raft.server.snapshot.auto.trigger.threshold = 10000 (custom)
2022-11-08 11:41:38,432 [pool-636-thread-1] INFO  server.RaftServerConfigKeys (ConfUtils.java:logGet(46)) - raft.server.snapshot.retention.file.num = 5 (custom)
2022-11-08 11:41:38,432 [pool-636-thread-1] INFO  server.RaftServerConfigKeys (ConfUtils.java:logGet(46)) - raft.server.log.purge.upto.snapshot.index = false (default)
2022-11-08 11:41:38,434 [f62ccb74-7881-4f2b-9330-2297662ca0ca@group-7FA7A550F732-FollowerState] INFO  server.RaftServerConfigKeys (ConfUtils.java:logFallback(53)) - raft.server.rpc.first-election.timeout.max = 5200ms (fallback to raft.server.rpc.timeout.max)
2022-11-08 11:41:38,444 [Command processor thread] INFO  commandhandler.CreatePipelineCommandHandler (CreatePipelineCommandHandler.java:handle(113)) - Created Pipeline RATIS THREE PipelineID=b527c441-1a51-4e1a-9a3d-7fa7a550f732.
2022-11-08 11:41:39,037 [Listener at 127.0.0.1/46561] INFO  ozone.MiniOzoneClusterImpl (MiniOzoneClusterImpl.java:lambda$waitForClusterToBeReady$0(216)) - Nodes are ready. Got 6 of 6 DN Heartbeats.
2022-11-08 11:41:39,037 [Listener at 127.0.0.1/46561] INFO  ozone.MiniOzoneClusterImpl (MiniOzoneClusterImpl.java:lambda$waitForClusterToBeReady$0(219)) - Waiting for cluster to exit safe mode
2022-11-08 11:41:39,037 [Listener at 127.0.0.1/46561] INFO  ozone.MiniOzoneClusterImpl (MiniOzoneClusterImpl.java:lambda$waitForClusterToBeReady$0(221)) - SCM became leader
2022-11-08 11:41:40,038 [Listener at 127.0.0.1/46561] INFO  ozone.MiniOzoneClusterImpl (MiniOzoneClusterImpl.java:lambda$waitForClusterToBeReady$0(216)) - Nodes are ready. Got 6 of 6 DN Heartbeats.
2022-11-08 11:41:40,038 [Listener at 127.0.0.1/46561] INFO  ozone.MiniOzoneClusterImpl (MiniOzoneClusterImpl.java:lambda$waitForClusterToBeReady$0(219)) - Waiting for cluster to exit safe mode
2022-11-08 11:41:40,038 [Listener at 127.0.0.1/46561] INFO  ozone.MiniOzoneClusterImpl (MiniOzoneClusterImpl.java:lambda$waitForClusterToBeReady$0(221)) - SCM became leader
2022-11-08 11:41:41,038 [Listener at 127.0.0.1/46561] INFO  ozone.MiniOzoneClusterImpl (MiniOzoneClusterImpl.java:lambda$waitForClusterToBeReady$0(216)) - Nodes are ready. Got 6 of 6 DN Heartbeats.
2022-11-08 11:41:41,039 [Listener at 127.0.0.1/46561] INFO  ozone.MiniOzoneClusterImpl (MiniOzoneClusterImpl.java:lambda$waitForClusterToBeReady$0(219)) - Waiting for cluster to exit safe mode
2022-11-08 11:41:41,039 [Listener at 127.0.0.1/46561] INFO  ozone.MiniOzoneClusterImpl (MiniOzoneClusterImpl.java:lambda$waitForClusterToBeReady$0(221)) - SCM became leader
2022-11-08 11:41:42,039 [Listener at 127.0.0.1/46561] INFO  ozone.MiniOzoneClusterImpl (MiniOzoneClusterImpl.java:lambda$waitForClusterToBeReady$0(216)) - Nodes are ready. Got 6 of 6 DN Heartbeats.
2022-11-08 11:41:42,040 [Listener at 127.0.0.1/46561] INFO  ozone.MiniOzoneClusterImpl (MiniOzoneClusterImpl.java:lambda$waitForClusterToBeReady$0(219)) - Waiting for cluster to exit safe mode
2022-11-08 11:41:42,040 [Listener at 127.0.0.1/46561] INFO  ozone.MiniOzoneClusterImpl (MiniOzoneClusterImpl.java:lambda$waitForClusterToBeReady$0(221)) - SCM became leader
2022-11-08 11:41:42,089 [9f6d9e32-b5ab-49ef-be08-a692056fb1f3@group-6B0EAE512540-FollowerState] INFO  impl.FollowerState (FollowerState.java:run(143)) - 9f6d9e32-b5ab-49ef-be08-a692056fb1f3@group-6B0EAE512540-FollowerState: change to CANDIDATE, lastRpcElapsedTime:5008907192ns, electionTimeout:5001ms
2022-11-08 11:41:42,089 [9f6d9e32-b5ab-49ef-be08-a692056fb1f3@group-6B0EAE512540-FollowerState] INFO  impl.RoleInfo (RoleInfo.java:shutdownFollowerState(110)) - 9f6d9e32-b5ab-49ef-be08-a692056fb1f3: shutdown 9f6d9e32-b5ab-49ef-be08-a692056fb1f3@group-6B0EAE512540-FollowerState
2022-11-08 11:41:42,090 [9f6d9e32-b5ab-49ef-be08-a692056fb1f3@group-6B0EAE512540-FollowerState] INFO  server.RaftServer$Division (RaftServerImpl.java:setRole(321)) - 9f6d9e32-b5ab-49ef-be08-a692056fb1f3@group-6B0EAE512540: changes role from  FOLLOWER to CANDIDATE at term 0 for changeToCandidate
2022-11-08 11:41:42,090 [9f6d9e32-b5ab-49ef-be08-a692056fb1f3@group-6B0EAE512540-FollowerState] INFO  server.RaftServerConfigKeys (ConfUtils.java:logGet(46)) - raft.server.leaderelection.pre-vote = false (custom)
2022-11-08 11:41:42,090 [9f6d9e32-b5ab-49ef-be08-a692056fb1f3@group-6B0EAE512540-FollowerState] INFO  impl.RoleInfo (RoleInfo.java:updateAndGet(139)) - 9f6d9e32-b5ab-49ef-be08-a692056fb1f3: start 9f6d9e32-b5ab-49ef-be08-a692056fb1f3@group-6B0EAE512540-LeaderElection27
2022-11-08 11:41:42,098 [9f6d9e32-b5ab-49ef-be08-a692056fb1f3@group-6B0EAE512540-LeaderElection27] INFO  impl.LeaderElection (LeaderElection.java:askForVotes(312)) - 9f6d9e32-b5ab-49ef-be08-a692056fb1f3@group-6B0EAE512540-LeaderElection27 ELECTION round 0: submit vote requests at term 1 for -1: peers:[86012a26-2f7a-42b0-9674-f0c6f2d36cf9|rpc:10.1.0.111:45781|priority:1|startupRole:FOLLOWER, 9f6d9e32-b5ab-49ef-be08-a692056fb1f3|rpc:10.1.0.111:37217|priority:0|startupRole:FOLLOWER, 69ebc52a-668b-4a1b-b1c8-adfe2408a111|rpc:10.1.0.111:42155|priority:0|startupRole:FOLLOWER]|listeners:[], old=null
2022-11-08 11:41:42,099 [9f6d9e32-b5ab-49ef-be08-a692056fb1f3@group-6B0EAE512540-LeaderElection27-1] INFO  server.GrpcServerProtocolClient (GrpcServerProtocolClient.java:<init>(63)) - Build channel for 86012a26-2f7a-42b0-9674-f0c6f2d36cf9
2022-11-08 11:41:42,099 [9f6d9e32-b5ab-49ef-be08-a692056fb1f3@group-6B0EAE512540-LeaderElection27] INFO  server.RaftServerConfigKeys (ConfUtils.java:logFallback(53)) - raft.server.rpc.first-election.timeout.min = 5s (fallback to raft.server.rpc.timeout.min)
2022-11-08 11:41:42,099 [9f6d9e32-b5ab-49ef-be08-a692056fb1f3@group-6B0EAE512540-LeaderElection27] INFO  server.RaftServerConfigKeys (ConfUtils.java:logFallback(53)) - raft.server.rpc.first-election.timeout.max = 5200ms (fallback to raft.server.rpc.timeout.max)
2022-11-08 11:41:42,099 [9f6d9e32-b5ab-49ef-be08-a692056fb1f3@group-6B0EAE512540-LeaderElection27-2] INFO  server.GrpcServerProtocolClient (GrpcServerProtocolClient.java:<init>(63)) - Build channel for 69ebc52a-668b-4a1b-b1c8-adfe2408a111
2022-11-08 11:41:42,108 [grpc-default-executor-0] INFO  server.RaftServer$Division (RaftServerImpl.java:requestVote(1218)) - 69ebc52a-668b-4a1b-b1c8-adfe2408a111@group-6B0EAE512540: receive requestVote(ELECTION, 9f6d9e32-b5ab-49ef-be08-a692056fb1f3, group-6B0EAE512540, 1, (t:0, i:0))
2022-11-08 11:41:42,108 [grpc-default-executor-0] INFO  impl.VoteContext (VoteContext.java:log(48)) - 69ebc52a-668b-4a1b-b1c8-adfe2408a111@group-6B0EAE512540-FOLLOWER: accept ELECTION from 9f6d9e32-b5ab-49ef-be08-a692056fb1f3: our priority 0 <= candidate's priority 0
2022-11-08 11:41:42,108 [grpc-default-executor-0] INFO  server.RaftServer$Division (RaftServerImpl.java:setRole(321)) - 69ebc52a-668b-4a1b-b1c8-adfe2408a111@group-6B0EAE512540: changes role from  FOLLOWER to FOLLOWER at term 1 for candidate:9f6d9e32-b5ab-49ef-be08-a692056fb1f3
2022-11-08 11:41:42,108 [grpc-default-executor-0] INFO  impl.RoleInfo (RoleInfo.java:shutdownFollowerState(110)) - 69ebc52a-668b-4a1b-b1c8-adfe2408a111: shutdown 69ebc52a-668b-4a1b-b1c8-adfe2408a111@group-6B0EAE512540-FollowerState
2022-11-08 11:41:42,108 [grpc-default-executor-0] INFO  impl.RoleInfo (RoleInfo.java:updateAndGet(139)) - 69ebc52a-668b-4a1b-b1c8-adfe2408a111: start 69ebc52a-668b-4a1b-b1c8-adfe2408a111@group-6B0EAE512540-FollowerState
2022-11-08 11:41:42,108 [69ebc52a-668b-4a1b-b1c8-adfe2408a111@group-6B0EAE512540-FollowerState] INFO  impl.FollowerState (FollowerState.java:run(152)) - 69ebc52a-668b-4a1b-b1c8-adfe2408a111@group-6B0EAE512540-FollowerState was interrupted
2022-11-08 11:41:42,116 [69ebc52a-668b-4a1b-b1c8-adfe2408a111@group-6B0EAE512540-FollowerState] INFO  server.RaftServerConfigKeys (ConfUtils.java:logFallback(53)) - raft.server.rpc.first-election.timeout.min = 5s (fallback to raft.server.rpc.timeout.min)
2022-11-08 11:41:42,116 [69ebc52a-668b-4a1b-b1c8-adfe2408a111@group-6B0EAE512540-FollowerState] INFO  server.RaftServerConfigKeys (ConfUtils.java:logFallback(53)) - raft.server.rpc.first-election.timeout.max = 5200ms (fallback to raft.server.rpc.timeout.max)
2022-11-08 11:41:42,118 [grpc-default-executor-0] INFO  server.RaftServer$Division (RaftServerImpl.java:requestVote(1251)) - 69ebc52a-668b-4a1b-b1c8-adfe2408a111@group-6B0EAE512540 replies to ELECTION vote request: 9f6d9e32-b5ab-49ef-be08-a692056fb1f3<-69ebc52a-668b-4a1b-b1c8-adfe2408a111#0:OK-t1. Peer's state: 69ebc52a-668b-4a1b-b1c8-adfe2408a111@group-6B0EAE512540:t1, leader=null, voted=9f6d9e32-b5ab-49ef-be08-a692056fb1f3, raftlog=Memoized:69ebc52a-668b-4a1b-b1c8-adfe2408a111@group-6B0EAE512540-SegmentedRaftLog:OPENED:c-1, conf=-1: peers:[86012a26-2f7a-42b0-9674-f0c6f2d36cf9|rpc:10.1.0.111:45781|dataStream:|priority:1|startupRole:FOLLOWER, 9f6d9e32-b5ab-49ef-be08-a692056fb1f3|rpc:10.1.0.111:37217|dataStream:|priority:0|startupRole:FOLLOWER, 69ebc52a-668b-4a1b-b1c8-adfe2408a111|rpc:10.1.0.111:42155|dataStream:|priority:0|startupRole:FOLLOWER]|listeners:[], old=null
2022-11-08 11:41:42,121 [grpc-default-executor-0] INFO  server.RaftServer$Division (RaftServerImpl.java:requestVote(1218)) - 86012a26-2f7a-42b0-9674-f0c6f2d36cf9@group-6B0EAE512540: receive requestVote(ELECTION, 9f6d9e32-b5ab-49ef-be08-a692056fb1f3, group-6B0EAE512540, 1, (t:0, i:0))
2022-11-08 11:41:42,122 [grpc-default-executor-0] INFO  impl.VoteContext (VoteContext.java:log(48)) - 86012a26-2f7a-42b0-9674-f0c6f2d36cf9@group-6B0EAE512540-FOLLOWER: reject ELECTION from 9f6d9e32-b5ab-49ef-be08-a692056fb1f3: our priority 1 > candidate's priority 0
2022-11-08 11:41:42,122 [grpc-default-executor-0] INFO  server.RaftServer$Division (RaftServerImpl.java:setRole(321)) - 86012a26-2f7a-42b0-9674-f0c6f2d36cf9@group-6B0EAE512540: changes role from  FOLLOWER to FOLLOWER at term 1 for candidate:9f6d9e32-b5ab-49ef-be08-a692056fb1f3
2022-11-08 11:41:42,122 [grpc-default-executor-0] INFO  impl.RoleInfo (RoleInfo.java:shutdownFollowerState(110)) - 86012a26-2f7a-42b0-9674-f0c6f2d36cf9: shutdown 86012a26-2f7a-42b0-9674-f0c6f2d36cf9@group-6B0EAE512540-FollowerState
2022-11-08 11:41:42,122 [grpc-default-executor-0] INFO  impl.RoleInfo (RoleInfo.java:updateAndGet(139)) - 86012a26-2f7a-42b0-9674-f0c6f2d36cf9: start 86012a26-2f7a-42b0-9674-f0c6f2d36cf9@group-6B0EAE512540-FollowerState
2022-11-08 11:41:42,122 [86012a26-2f7a-42b0-9674-f0c6f2d36cf9@group-6B0EAE512540-FollowerState] INFO  impl.FollowerState (FollowerState.java:run(152)) - 86012a26-2f7a-42b0-9674-f0c6f2d36cf9@group-6B0EAE512540-FollowerState was interrupted
2022-11-08 11:41:42,125 [86012a26-2f7a-42b0-9674-f0c6f2d36cf9@group-6B0EAE512540-FollowerState] INFO  server.RaftServerConfigKeys (ConfUtils.java:logFallback(53)) - raft.server.rpc.first-election.timeout.min = 5s (fallback to raft.server.rpc.timeout.min)
2022-11-08 11:41:42,125 [86012a26-2f7a-42b0-9674-f0c6f2d36cf9@group-6B0EAE512540-FollowerState] INFO  server.RaftServerConfigKeys (ConfUtils.java:logFallback(53)) - raft.server.rpc.first-election.timeout.max = 5200ms (fallback to raft.server.rpc.timeout.max)
2022-11-08 11:41:42,127 [grpc-default-executor-0] INFO  server.RaftServer$Division (RaftServerImpl.java:requestVote(1251)) - 86012a26-2f7a-42b0-9674-f0c6f2d36cf9@group-6B0EAE512540 replies to ELECTION vote request: 9f6d9e32-b5ab-49ef-be08-a692056fb1f3<-86012a26-2f7a-42b0-9674-f0c6f2d36cf9#0:FAIL-t1. Peer's state: 86012a26-2f7a-42b0-9674-f0c6f2d36cf9@group-6B0EAE512540:t1, leader=null, voted=null, raftlog=Memoized:86012a26-2f7a-42b0-9674-f0c6f2d36cf9@group-6B0EAE512540-SegmentedRaftLog:OPENED:c-1, conf=-1: peers:[86012a26-2f7a-42b0-9674-f0c6f2d36cf9|rpc:10.1.0.111:45781|dataStream:|priority:1|startupRole:FOLLOWER, 9f6d9e32-b5ab-49ef-be08-a692056fb1f3|rpc:10.1.0.111:37217|dataStream:|priority:0|startupRole:FOLLOWER, 69ebc52a-668b-4a1b-b1c8-adfe2408a111|rpc:10.1.0.111:42155|dataStream:|priority:0|startupRole:FOLLOWER]|listeners:[], old=null
2022-11-08 11:41:42,130 [9f6d9e32-b5ab-49ef-be08-a692056fb1f3@group-6B0EAE512540-LeaderElection27] INFO  impl.LeaderElection (LeaderElection.java:logAndReturn(90)) - 9f6d9e32-b5ab-49ef-be08-a692056fb1f3@group-6B0EAE512540-LeaderElection27: ELECTION REJECTED received 2 response(s) and 0 exception(s):
2022-11-08 11:41:42,131 [9f6d9e32-b5ab-49ef-be08-a692056fb1f3@group-6B0EAE512540-LeaderElection27] INFO  impl.LeaderElection (LeaderElection.java:logAndReturn(94)) -   Response 0: 9f6d9e32-b5ab-49ef-be08-a692056fb1f3<-86012a26-2f7a-42b0-9674-f0c6f2d36cf9#0:FAIL-t1
2022-11-08 11:41:42,131 [9f6d9e32-b5ab-49ef-be08-a692056fb1f3@group-6B0EAE512540-LeaderElection27] INFO  impl.LeaderElection (LeaderElection.java:logAndReturn(94)) -   Response 1: 9f6d9e32-b5ab-49ef-be08-a692056fb1f3<-69ebc52a-668b-4a1b-b1c8-adfe2408a111#0:OK-t1
2022-11-08 11:41:42,131 [9f6d9e32-b5ab-49ef-be08-a692056fb1f3@group-6B0EAE512540-LeaderElection27] INFO  impl.LeaderElection (LeaderElection.java:askForVotes(314)) - 9f6d9e32-b5ab-49ef-be08-a692056fb1f3@group-6B0EAE512540-LeaderElection27 ELECTION round 0: result REJECTED
2022-11-08 11:41:42,131 [9f6d9e32-b5ab-49ef-be08-a692056fb1f3@group-6B0EAE512540-LeaderElection27] INFO  server.RaftServer$Division (RaftServerImpl.java:setRole(321)) - 9f6d9e32-b5ab-49ef-be08-a692056fb1f3@group-6B0EAE512540: changes role from CANDIDATE to FOLLOWER at term 1 for REJECTED
2022-11-08 11:41:42,131 [9f6d9e32-b5ab-49ef-be08-a692056fb1f3@group-6B0EAE512540-LeaderElection27] INFO  impl.RoleInfo (RoleInfo.java:shutdownLeaderElection(130)) - 9f6d9e32-b5ab-49ef-be08-a692056fb1f3: shutdown 9f6d9e32-b5ab-49ef-be08-a692056fb1f3@group-6B0EAE512540-LeaderElection27
2022-11-08 11:41:42,131 [9f6d9e32-b5ab-49ef-be08-a692056fb1f3@group-6B0EAE512540-LeaderElection27] INFO  impl.RoleInfo (RoleInfo.java:updateAndGet(139)) - 9f6d9e32-b5ab-49ef-be08-a692056fb1f3: start 9f6d9e32-b5ab-49ef-be08-a692056fb1f3@group-6B0EAE512540-FollowerState
2022-11-08 11:41:42,137 [9f6d9e32-b5ab-49ef-be08-a692056fb1f3@group-6B0EAE512540-FollowerState] INFO  server.RaftServerConfigKeys (ConfUtils.java:logFallback(53)) - raft.server.rpc.first-election.timeout.min = 5s (fallback to raft.server.rpc.timeout.min)
2022-11-08 11:41:42,137 [9f6d9e32-b5ab-49ef-be08-a692056fb1f3@group-6B0EAE512540-FollowerState] INFO  server.RaftServerConfigKeys (ConfUtils.java:logFallback(53)) - raft.server.rpc.first-election.timeout.max = 5200ms (fallback to raft.server.rpc.timeout.max)
2022-11-08 11:41:42,257 [69ebc52a-668b-4a1b-b1c8-adfe2408a111@group-7E018C2E2285-FollowerState] INFO  impl.FollowerState (FollowerState.java:run(143)) - 69ebc52a-668b-4a1b-b1c8-adfe2408a111@group-7E018C2E2285-FollowerState: change to CANDIDATE, lastRpcElapsedTime:5001791394ns, electionTimeout:5001ms
2022-11-08 11:41:42,258 [69ebc52a-668b-4a1b-b1c8-adfe2408a111@group-7E018C2E2285-FollowerState] INFO  impl.RoleInfo (RoleInfo.java:shutdownFollowerState(110)) - 69ebc52a-668b-4a1b-b1c8-adfe2408a111: shutdown 69ebc52a-668b-4a1b-b1c8-adfe2408a111@group-7E018C2E2285-FollowerState
2022-11-08 11:41:42,258 [69ebc52a-668b-4a1b-b1c8-adfe2408a111@group-7E018C2E2285-FollowerState] INFO  server.RaftServer$Division (RaftServerImpl.java:setRole(321)) - 69ebc52a-668b-4a1b-b1c8-adfe2408a111@group-7E018C2E2285: changes role from  FOLLOWER to CANDIDATE at term 0 for changeToCandidate
2022-11-08 11:41:42,258 [69ebc52a-668b-4a1b-b1c8-adfe2408a111@group-7E018C2E2285-FollowerState] INFO  server.RaftServerConfigKeys (ConfUtils.java:logGet(46)) - raft.server.leaderelection.pre-vote = false (custom)
2022-11-08 11:41:42,258 [69ebc52a-668b-4a1b-b1c8-adfe2408a111@group-7E018C2E2285-FollowerState] INFO  impl.RoleInfo (RoleInfo.java:updateAndGet(139)) - 69ebc52a-668b-4a1b-b1c8-adfe2408a111: start 69ebc52a-668b-4a1b-b1c8-adfe2408a111@group-7E018C2E2285-LeaderElection28
2022-11-08 11:41:42,266 [69ebc52a-668b-4a1b-b1c8-adfe2408a111@group-7E018C2E2285-LeaderElection28] INFO  impl.LeaderElection (LeaderElection.java:askForVotes(312)) - 69ebc52a-668b-4a1b-b1c8-adfe2408a111@group-7E018C2E2285-LeaderElection28 ELECTION round 0: submit vote requests at term 1 for -1: peers:[86012a26-2f7a-42b0-9674-f0c6f2d36cf9|rpc:10.1.0.111:45781|dataStream:|priority:0|startupRole:FOLLOWER, 9f6d9e32-b5ab-49ef-be08-a692056fb1f3|rpc:10.1.0.111:37217|dataStream:|priority:1|startupRole:FOLLOWER, 69ebc52a-668b-4a1b-b1c8-adfe2408a111|rpc:10.1.0.111:42155|dataStream:|priority:0|startupRole:FOLLOWER]|listeners:[], old=null
2022-11-08 11:41:42,267 [69ebc52a-668b-4a1b-b1c8-adfe2408a111@group-7E018C2E2285-LeaderElection28-1] INFO  server.GrpcServerProtocolClient (GrpcServerProtocolClient.java:<init>(63)) - Build channel for 86012a26-2f7a-42b0-9674-f0c6f2d36cf9
2022-11-08 11:41:42,270 [69ebc52a-668b-4a1b-b1c8-adfe2408a111@group-7E018C2E2285-LeaderElection28] INFO  server.RaftServerConfigKeys (ConfUtils.java:logFallback(53)) - raft.server.rpc.first-election.timeout.min = 5s (fallback to raft.server.rpc.timeout.min)
2022-11-08 11:41:42,270 [69ebc52a-668b-4a1b-b1c8-adfe2408a111@group-7E018C2E2285-LeaderElection28] INFO  server.RaftServerConfigKeys (ConfUtils.java:logFallback(53)) - raft.server.rpc.first-election.timeout.max = 5200ms (fallback to raft.server.rpc.timeout.max)
2022-11-08 11:41:42,271 [69ebc52a-668b-4a1b-b1c8-adfe2408a111@group-7E018C2E2285-LeaderElection28-2] INFO  server.GrpcServerProtocolClient (GrpcServerProtocolClient.java:<init>(63)) - Build channel for 9f6d9e32-b5ab-49ef-be08-a692056fb1f3
2022-11-08 11:41:42,279 [86012a26-2f7a-42b0-9674-f0c6f2d36cf9@group-7E018C2E2285-FollowerState] INFO  impl.FollowerState (FollowerState.java:run(143)) - 86012a26-2f7a-42b0-9674-f0c6f2d36cf9@group-7E018C2E2285-FollowerState: change to CANDIDATE, lastRpcElapsedTime:5057231309ns, electionTimeout:5056ms
2022-11-08 11:41:42,279 [86012a26-2f7a-42b0-9674-f0c6f2d36cf9@group-7E018C2E2285-FollowerState] INFO  impl.RoleInfo (RoleInfo.java:shutdownFollowerState(110)) - 86012a26-2f7a-42b0-9674-f0c6f2d36cf9: shutdown 86012a26-2f7a-42b0-9674-f0c6f2d36cf9@group-7E018C2E2285-FollowerState
2022-11-08 11:41:42,280 [86012a26-2f7a-42b0-9674-f0c6f2d36cf9@group-7E018C2E2285-FollowerState] INFO  server.RaftServer$Division (RaftServerImpl.java:setRole(321)) - 86012a26-2f7a-42b0-9674-f0c6f2d36cf9@group-7E018C2E2285: changes role from  FOLLOWER to CANDIDATE at term 0 for changeToCandidate
2022-11-08 11:41:42,280 [86012a26-2f7a-42b0-9674-f0c6f2d36cf9@group-7E018C2E2285-FollowerState] INFO  server.RaftServerConfigKeys (ConfUtils.java:logGet(46)) - raft.server.leaderelection.pre-vote = false (custom)
2022-11-08 11:41:42,280 [86012a26-2f7a-42b0-9674-f0c6f2d36cf9@group-7E018C2E2285-FollowerState] INFO  impl.RoleInfo (RoleInfo.java:updateAndGet(139)) - 86012a26-2f7a-42b0-9674-f0c6f2d36cf9: start 86012a26-2f7a-42b0-9674-f0c6f2d36cf9@group-7E018C2E2285-LeaderElection29
2022-11-08 11:41:42,281 [grpc-default-executor-0] INFO  server.RaftServer$Division (RaftServerImpl.java:requestVote(1218)) - 86012a26-2f7a-42b0-9674-f0c6f2d36cf9@group-7E018C2E2285: receive requestVote(ELECTION, 69ebc52a-668b-4a1b-b1c8-adfe2408a111, group-7E018C2E2285, 1, (t:0, i:0))
2022-11-08 11:41:42,281 [grpc-default-executor-1] INFO  server.RaftServer$Division (RaftServerImpl.java:requestVote(1218)) - 9f6d9e32-b5ab-49ef-be08-a692056fb1f3@group-7E018C2E2285: receive requestVote(ELECTION, 69ebc52a-668b-4a1b-b1c8-adfe2408a111, group-7E018C2E2285, 1, (t:0, i:0))
2022-11-08 11:41:42,282 [grpc-default-executor-0] INFO  impl.VoteContext (VoteContext.java:log(48)) - 86012a26-2f7a-42b0-9674-f0c6f2d36cf9@group-7E018C2E2285-CANDIDATE: accept ELECTION from 69ebc52a-668b-4a1b-b1c8-adfe2408a111: our priority 0 <= candidate's priority 0
2022-11-08 11:41:42,284 [grpc-default-executor-1] INFO  impl.VoteContext (VoteContext.java:log(48)) - 9f6d9e32-b5ab-49ef-be08-a692056fb1f3@group-7E018C2E2285-FOLLOWER: reject ELECTION from 69ebc52a-668b-4a1b-b1c8-adfe2408a111: our priority 1 > candidate's priority 0
2022-11-08 11:41:42,284 [grpc-default-executor-0] INFO  server.RaftServer$Division (RaftServerImpl.java:setRole(321)) - 86012a26-2f7a-42b0-9674-f0c6f2d36cf9@group-7E018C2E2285: changes role from CANDIDATE to FOLLOWER at term 1 for candidate:69ebc52a-668b-4a1b-b1c8-adfe2408a111
2022-11-08 11:41:42,284 [grpc-default-executor-0] INFO  impl.RoleInfo (RoleInfo.java:shutdownLeaderElection(130)) - 86012a26-2f7a-42b0-9674-f0c6f2d36cf9: shutdown 86012a26-2f7a-42b0-9674-f0c6f2d36cf9@group-7E018C2E2285-LeaderElection29
2022-11-08 11:41:42,284 [grpc-default-executor-0] INFO  impl.RoleInfo (RoleInfo.java:updateAndGet(139)) - 86012a26-2f7a-42b0-9674-f0c6f2d36cf9: start 86012a26-2f7a-42b0-9674-f0c6f2d36cf9@group-7E018C2E2285-FollowerState
2022-11-08 11:41:42,284 [grpc-default-executor-1] INFO  server.RaftServer$Division (RaftServerImpl.java:setRole(321)) - 9f6d9e32-b5ab-49ef-be08-a692056fb1f3@group-7E018C2E2285: changes role from  FOLLOWER to FOLLOWER at term 1 for candidate:69ebc52a-668b-4a1b-b1c8-adfe2408a111
2022-11-08 11:41:42,285 [grpc-default-executor-1] INFO  impl.RoleInfo (RoleInfo.java:shutdownFollowerState(110)) - 9f6d9e32-b5ab-49ef-be08-a692056fb1f3: shutdown 9f6d9e32-b5ab-49ef-be08-a692056fb1f3@group-7E018C2E2285-FollowerState
2022-11-08 11:41:42,287 [grpc-default-executor-1] INFO  impl.RoleInfo (RoleInfo.java:updateAndGet(139)) - 9f6d9e32-b5ab-49ef-be08-a692056fb1f3: start 9f6d9e32-b5ab-49ef-be08-a692056fb1f3@group-7E018C2E2285-FollowerState
2022-11-08 11:41:42,287 [9f6d9e32-b5ab-49ef-be08-a692056fb1f3@group-7E018C2E2285-FollowerState] INFO  impl.FollowerState (FollowerState.java:run(152)) - 9f6d9e32-b5ab-49ef-be08-a692056fb1f3@group-7E018C2E2285-FollowerState was interrupted
2022-11-08 11:41:42,289 [grpc-default-executor-0] INFO  server.RaftServer$Division (RaftServerImpl.java:requestVote(1251)) - 86012a26-2f7a-42b0-9674-f0c6f2d36cf9@group-7E018C2E2285 replies to ELECTION vote request: 69ebc52a-668b-4a1b-b1c8-adfe2408a111<-86012a26-2f7a-42b0-9674-f0c6f2d36cf9#0:OK-t1. Peer's state: 86012a26-2f7a-42b0-9674-f0c6f2d36cf9@group-7E018C2E2285:t1, leader=null, voted=69ebc52a-668b-4a1b-b1c8-adfe2408a111, raftlog=Memoized:86012a26-2f7a-42b0-9674-f0c6f2d36cf9@group-7E018C2E2285-SegmentedRaftLog:OPENED:c-1, conf=-1: peers:[86012a26-2f7a-42b0-9674-f0c6f2d36cf9|rpc:10.1.0.111:45781|dataStream:|priority:0|startupRole:FOLLOWER, 9f6d9e32-b5ab-49ef-be08-a692056fb1f3|rpc:10.1.0.111:37217|dataStream:|priority:1|startupRole:FOLLOWER, 69ebc52a-668b-4a1b-b1c8-adfe2408a111|rpc:10.1.0.111:42155|dataStream:|priority:0|startupRole:FOLLOWER]|listeners:[], old=null
2022-11-08 11:41:42,292 [86012a26-2f7a-42b0-9674-f0c6f2d36cf9@group-7E018C2E2285-FollowerState] INFO  server.RaftServerConfigKeys (ConfUtils.java:logFallback(53)) - raft.server.rpc.first-election.timeout.min = 5s (fallback to raft.server.rpc.timeout.min)
2022-11-08 11:41:42,292 [86012a26-2f7a-42b0-9674-f0c6f2d36cf9@group-7E018C2E2285-FollowerState] INFO  server.RaftServerConfigKeys (ConfUtils.java:logFallback(53)) - raft.server.rpc.first-election.timeout.max = 5200ms (fallback to raft.server.rpc.timeout.max)
2022-11-08 11:41:42,294 [grpc-default-executor-1] INFO  server.RaftServer$Division (RaftServerImpl.java:requestVote(1251)) - 9f6d9e32-b5ab-49ef-be08-a692056fb1f3@group-7E018C2E2285 replies to ELECTION vote request: 69ebc52a-668b-4a1b-b1c8-adfe2408a111<-9f6d9e32-b5ab-49ef-be08-a692056fb1f3#0:FAIL-t1. Peer's state: 9f6d9e32-b5ab-49ef-be08-a692056fb1f3@group-7E018C2E2285:t1, leader=null, voted=null, raftlog=Memoized:9f6d9e32-b5ab-49ef-be08-a692056fb1f3@group-7E018C2E2285-SegmentedRaftLog:OPENED:c-1, conf=-1: peers:[86012a26-2f7a-42b0-9674-f0c6f2d36cf9|rpc:10.1.0.111:45781|priority:0|startupRole:FOLLOWER, 9f6d9e32-b5ab-49ef-be08-a692056fb1f3|rpc:10.1.0.111:37217|priority:1|startupRole:FOLLOWER, 69ebc52a-668b-4a1b-b1c8-adfe2408a111|rpc:10.1.0.111:42155|priority:0|startupRole:FOLLOWER]|listeners:[], old=null
2022-11-08 11:41:42,295 [9f6d9e32-b5ab-49ef-be08-a692056fb1f3@group-7E018C2E2285-FollowerState] INFO  server.RaftServerConfigKeys (ConfUtils.java:logFallback(53)) - raft.server.rpc.first-election.timeout.min = 5s (fallback to raft.server.rpc.timeout.min)
2022-11-08 11:41:42,295 [9f6d9e32-b5ab-49ef-be08-a692056fb1f3@group-7E018C2E2285-FollowerState] INFO  server.RaftServerConfigKeys (ConfUtils.java:logFallback(53)) - raft.server.rpc.first-election.timeout.max = 5200ms (fallback to raft.server.rpc.timeout.max)
2022-11-08 11:41:42,300 [69ebc52a-668b-4a1b-b1c8-adfe2408a111@group-7E018C2E2285-LeaderElection28] INFO  impl.LeaderElection (LeaderElection.java:logAndReturn(90)) - 69ebc52a-668b-4a1b-b1c8-adfe2408a111@group-7E018C2E2285-LeaderElection28: ELECTION REJECTED received 2 response(s) and 0 exception(s):
2022-11-08 11:41:42,300 [69ebc52a-668b-4a1b-b1c8-adfe2408a111@group-7E018C2E2285-LeaderElection28] INFO  impl.LeaderElection (LeaderElection.java:logAndReturn(94)) -   Response 0: 69ebc52a-668b-4a1b-b1c8-adfe2408a111<-86012a26-2f7a-42b0-9674-f0c6f2d36cf9#0:OK-t1
2022-11-08 11:41:42,300 [69ebc52a-668b-4a1b-b1c8-adfe2408a111@group-7E018C2E2285-LeaderElection28] INFO  impl.LeaderElection (LeaderElection.java:logAndReturn(94)) -   Response 1: 69ebc52a-668b-4a1b-b1c8-adfe2408a111<-9f6d9e32-b5ab-49ef-be08-a692056fb1f3#0:FAIL-t1
2022-11-08 11:41:42,300 [69ebc52a-668b-4a1b-b1c8-adfe2408a111@group-7E018C2E2285-LeaderElection28] INFO  impl.LeaderElection (LeaderElection.java:askForVotes(314)) - 69ebc52a-668b-4a1b-b1c8-adfe2408a111@group-7E018C2E2285-LeaderElection28 ELECTION round 0: result REJECTED
2022-11-08 11:41:42,300 [69ebc52a-668b-4a1b-b1c8-adfe2408a111@group-7E018C2E2285-LeaderElection28] INFO  server.RaftServer$Division (RaftServerImpl.java:setRole(321)) - 69ebc52a-668b-4a1b-b1c8-adfe2408a111@group-7E018C2E2285: changes role from CANDIDATE to FOLLOWER at term 1 for REJECTED
2022-11-08 11:41:42,300 [69ebc52a-668b-4a1b-b1c8-adfe2408a111@group-7E018C2E2285-LeaderElection28] INFO  impl.RoleInfo (RoleInfo.java:shutdownLeaderElection(130)) - 69ebc52a-668b-4a1b-b1c8-adfe2408a111: shutdown 69ebc52a-668b-4a1b-b1c8-adfe2408a111@group-7E018C2E2285-LeaderElection28
2022-11-08 11:41:42,300 [69ebc52a-668b-4a1b-b1c8-adfe2408a111@group-7E018C2E2285-LeaderElection28] INFO  impl.RoleInfo (RoleInfo.java:updateAndGet(139)) - 69ebc52a-668b-4a1b-b1c8-adfe2408a111: start 69ebc52a-668b-4a1b-b1c8-adfe2408a111@group-7E018C2E2285-FollowerState
2022-11-08 11:41:42,300 [69ebc52a-668b-4a1b-b1c8-adfe2408a111@group-7E018C2E2285-FollowerState] INFO  server.RaftServerConfigKeys (ConfUtils.java:logFallback(53)) - raft.server.rpc.first-election.timeout.min = 5s (fallback to raft.server.rpc.timeout.min)
2022-11-08 11:41:42,300 [69ebc52a-668b-4a1b-b1c8-adfe2408a111@group-7E018C2E2285-FollowerState] INFO  server.RaftServerConfigKeys (ConfUtils.java:logFallback(53)) - raft.server.rpc.first-election.timeout.max = 5200ms (fallback to raft.server.rpc.timeout.max)
2022-11-08 11:41:43,040 [Listener at 127.0.0.1/46561] INFO  ozone.MiniOzoneClusterImpl (MiniOzoneClusterImpl.java:lambda$waitForClusterToBeReady$0(216)) - Nodes are ready. Got 6 of 6 DN Heartbeats.
2022-11-08 11:41:43,040 [Listener at 127.0.0.1/46561] INFO  ozone.MiniOzoneClusterImpl (MiniOzoneClusterImpl.java:lambda$waitForClusterToBeReady$0(219)) - Waiting for cluster to exit safe mode
2022-11-08 11:41:43,041 [Listener at 127.0.0.1/46561] INFO  ozone.MiniOzoneClusterImpl (MiniOzoneClusterImpl.java:lambda$waitForClusterToBeReady$0(221)) - SCM became leader
2022-11-08 11:41:43,361 [d1b20379-1bd2-4861-a9be-2c8bcc065cb9@group-D1C05AEAF764-FollowerState] INFO  impl.FollowerState (FollowerState.java:run(143)) - d1b20379-1bd2-4861-a9be-2c8bcc065cb9@group-D1C05AEAF764-FollowerState: change to CANDIDATE, lastRpcElapsedTime:5057084818ns, electionTimeout:5048ms
2022-11-08 11:41:43,361 [d1b20379-1bd2-4861-a9be-2c8bcc065cb9@group-D1C05AEAF764-FollowerState] INFO  impl.RoleInfo (RoleInfo.java:shutdownFollowerState(110)) - d1b20379-1bd2-4861-a9be-2c8bcc065cb9: shutdown d1b20379-1bd2-4861-a9be-2c8bcc065cb9@group-D1C05AEAF764-FollowerState
2022-11-08 11:41:43,361 [d1b20379-1bd2-4861-a9be-2c8bcc065cb9@group-D1C05AEAF764-FollowerState] INFO  server.RaftServer$Division (RaftServerImpl.java:setRole(321)) - d1b20379-1bd2-4861-a9be-2c8bcc065cb9@group-D1C05AEAF764: changes role from  FOLLOWER to CANDIDATE at term 0 for changeToCandidate
2022-11-08 11:41:43,361 [d1b20379-1bd2-4861-a9be-2c8bcc065cb9@group-D1C05AEAF764-FollowerState] INFO  server.RaftServerConfigKeys (ConfUtils.java:logGet(46)) - raft.server.leaderelection.pre-vote = false (custom)
2022-11-08 11:41:43,361 [d1b20379-1bd2-4861-a9be-2c8bcc065cb9@group-D1C05AEAF764-FollowerState] INFO  impl.RoleInfo (RoleInfo.java:updateAndGet(139)) - d1b20379-1bd2-4861-a9be-2c8bcc065cb9: start d1b20379-1bd2-4861-a9be-2c8bcc065cb9@group-D1C05AEAF764-LeaderElection30
2022-11-08 11:41:43,365 [d1b20379-1bd2-4861-a9be-2c8bcc065cb9@group-D1C05AEAF764-LeaderElection30] INFO  impl.LeaderElection (LeaderElection.java:askForVotes(312)) - d1b20379-1bd2-4861-a9be-2c8bcc065cb9@group-D1C05AEAF764-LeaderElection30 ELECTION round 0: submit vote requests at term 1 for -1: peers:[188713c8-c2c6-4040-a876-e7c7ddd4017d|rpc:10.1.0.111:40121|dataStream:|priority:1|startupRole:FOLLOWER, d1b20379-1bd2-4861-a9be-2c8bcc065cb9|rpc:10.1.0.111:33049|dataStream:|priority:0|startupRole:FOLLOWER, f62ccb74-7881-4f2b-9330-2297662ca0ca|rpc:10.1.0.111:45879|dataStream:|priority:0|startupRole:FOLLOWER]|listeners:[], old=null
2022-11-08 11:41:43,366 [d1b20379-1bd2-4861-a9be-2c8bcc065cb9@group-D1C05AEAF764-LeaderElection30-1] INFO  server.GrpcServerProtocolClient (GrpcServerProtocolClient.java:<init>(63)) - Build channel for 188713c8-c2c6-4040-a876-e7c7ddd4017d
2022-11-08 11:41:43,366 [d1b20379-1bd2-4861-a9be-2c8bcc065cb9@group-D1C05AEAF764-LeaderElection30] INFO  server.RaftServerConfigKeys (ConfUtils.java:logFallback(53)) - raft.server.rpc.first-election.timeout.min = 5s (fallback to raft.server.rpc.timeout.min)
2022-11-08 11:41:43,366 [d1b20379-1bd2-4861-a9be-2c8bcc065cb9@group-D1C05AEAF764-LeaderElection30] INFO  server.RaftServerConfigKeys (ConfUtils.java:logFallback(53)) - raft.server.rpc.first-election.timeout.max = 5200ms (fallback to raft.server.rpc.timeout.max)
2022-11-08 11:41:43,366 [d1b20379-1bd2-4861-a9be-2c8bcc065cb9@group-D1C05AEAF764-LeaderElection30-2] INFO  server.GrpcServerProtocolClient (GrpcServerProtocolClient.java:<init>(63)) - Build channel for f62ccb74-7881-4f2b-9330-2297662ca0ca
2022-11-08 11:41:43,378 [grpc-default-executor-1] INFO  server.RaftServer$Division (RaftServerImpl.java:requestVote(1218)) - 188713c8-c2c6-4040-a876-e7c7ddd4017d@group-D1C05AEAF764: receive requestVote(ELECTION, d1b20379-1bd2-4861-a9be-2c8bcc065cb9, group-D1C05AEAF764, 1, (t:0, i:0))
2022-11-08 11:41:43,378 [grpc-default-executor-1] INFO  impl.VoteContext (VoteContext.java:log(48)) - 188713c8-c2c6-4040-a876-e7c7ddd4017d@group-D1C05AEAF764-FOLLOWER: reject ELECTION from d1b20379-1bd2-4861-a9be-2c8bcc065cb9: our priority 1 > candidate's priority 0
2022-11-08 11:41:43,378 [grpc-default-executor-1] INFO  server.RaftServer$Division (RaftServerImpl.java:setRole(321)) - 188713c8-c2c6-4040-a876-e7c7ddd4017d@group-D1C05AEAF764: changes role from  FOLLOWER to FOLLOWER at term 1 for candidate:d1b20379-1bd2-4861-a9be-2c8bcc065cb9
2022-11-08 11:41:43,378 [grpc-default-executor-1] INFO  impl.RoleInfo (RoleInfo.java:shutdownFollowerState(110)) - 188713c8-c2c6-4040-a876-e7c7ddd4017d: shutdown 188713c8-c2c6-4040-a876-e7c7ddd4017d@group-D1C05AEAF764-FollowerState
2022-11-08 11:41:43,378 [grpc-default-executor-1] INFO  impl.RoleInfo (RoleInfo.java:updateAndGet(139)) - 188713c8-c2c6-4040-a876-e7c7ddd4017d: start 188713c8-c2c6-4040-a876-e7c7ddd4017d@group-D1C05AEAF764-FollowerState
2022-11-08 11:41:43,378 [188713c8-c2c6-4040-a876-e7c7ddd4017d@group-D1C05AEAF764-FollowerState] INFO  impl.FollowerState (FollowerState.java:run(152)) - 188713c8-c2c6-4040-a876-e7c7ddd4017d@group-D1C05AEAF764-FollowerState was interrupted
2022-11-08 11:41:43,381 [188713c8-c2c6-4040-a876-e7c7ddd4017d@group-D1C05AEAF764-FollowerState] INFO  server.RaftServerConfigKeys (ConfUtils.java:logFallback(53)) - raft.server.rpc.first-election.timeout.min = 5s (fallback to raft.server.rpc.timeout.min)
2022-11-08 11:41:43,381 [188713c8-c2c6-4040-a876-e7c7ddd4017d@group-D1C05AEAF764-FollowerState] INFO  server.RaftServerConfigKeys (ConfUtils.java:logFallback(53)) - raft.server.rpc.first-election.timeout.max = 5200ms (fallback to raft.server.rpc.timeout.max)
2022-11-08 11:41:43,382 [grpc-default-executor-1] INFO  server.RaftServer$Division (RaftServerImpl.java:requestVote(1251)) - 188713c8-c2c6-4040-a876-e7c7ddd4017d@group-D1C05AEAF764 replies to ELECTION vote request: d1b20379-1bd2-4861-a9be-2c8bcc065cb9<-188713c8-c2c6-4040-a876-e7c7ddd4017d#0:FAIL-t1. Peer's state: 188713c8-c2c6-4040-a876-e7c7ddd4017d@group-D1C05AEAF764:t1, leader=null, voted=null, raftlog=Memoized:188713c8-c2c6-4040-a876-e7c7ddd4017d@group-D1C05AEAF764-SegmentedRaftLog:OPENED:c-1, conf=-1: peers:[188713c8-c2c6-4040-a876-e7c7ddd4017d|rpc:10.1.0.111:40121|priority:1|startupRole:FOLLOWER, d1b20379-1bd2-4861-a9be-2c8bcc065cb9|rpc:10.1.0.111:33049|priority:0|startupRole:FOLLOWER, f62ccb74-7881-4f2b-9330-2297662ca0ca|rpc:10.1.0.111:45879|priority:0|startupRole:FOLLOWER]|listeners:[], old=null
2022-11-08 11:41:43,387 [grpc-default-executor-1] INFO  server.RaftServer$Division (RaftServerImpl.java:requestVote(1218)) - f62ccb74-7881-4f2b-9330-2297662ca0ca@group-D1C05AEAF764: receive requestVote(ELECTION, d1b20379-1bd2-4861-a9be-2c8bcc065cb9, group-D1C05AEAF764, 1, (t:0, i:0))
2022-11-08 11:41:43,390 [grpc-default-executor-1] INFO  impl.VoteContext (VoteContext.java:log(48)) - f62ccb74-7881-4f2b-9330-2297662ca0ca@group-D1C05AEAF764-FOLLOWER: accept ELECTION from d1b20379-1bd2-4861-a9be-2c8bcc065cb9: our priority 0 <= candidate's priority 0
2022-11-08 11:41:43,391 [grpc-default-executor-1] INFO  server.RaftServer$Division (RaftServerImpl.java:setRole(321)) - f62ccb74-7881-4f2b-9330-2297662ca0ca@group-D1C05AEAF764: changes role from  FOLLOWER to FOLLOWER at term 1 for candidate:d1b20379-1bd2-4861-a9be-2c8bcc065cb9
2022-11-08 11:41:43,391 [grpc-default-executor-1] INFO  impl.RoleInfo (RoleInfo.java:shutdownFollowerState(110)) - f62ccb74-7881-4f2b-9330-2297662ca0ca: shutdown f62ccb74-7881-4f2b-9330-2297662ca0ca@group-D1C05AEAF764-FollowerState
2022-11-08 11:41:43,391 [d1b20379-1bd2-4861-a9be-2c8bcc065cb9@group-D1C05AEAF764-LeaderElection30] INFO  impl.LeaderElection (LeaderElection.java:logAndReturn(90)) - d1b20379-1bd2-4861-a9be-2c8bcc065cb9@group-D1C05AEAF764-LeaderElection30: ELECTION REJECTED received 1 response(s) and 0 exception(s):
2022-11-08 11:41:43,391 [grpc-default-executor-1] INFO  impl.RoleInfo (RoleInfo.java:updateAndGet(139)) - f62ccb74-7881-4f2b-9330-2297662ca0ca: start f62ccb74-7881-4f2b-9330-2297662ca0ca@group-D1C05AEAF764-FollowerState
2022-11-08 11:41:43,391 [f62ccb74-7881-4f2b-9330-2297662ca0ca@group-D1C05AEAF764-FollowerState] INFO  impl.FollowerState (FollowerState.java:run(152)) - f62ccb74-7881-4f2b-9330-2297662ca0ca@group-D1C05AEAF764-FollowerState was interrupted
2022-11-08 11:41:43,391 [d1b20379-1bd2-4861-a9be-2c8bcc065cb9@group-D1C05AEAF764-LeaderElection30] INFO  impl.LeaderElection (LeaderElection.java:logAndReturn(94)) -   Response 0: d1b20379-1bd2-4861-a9be-2c8bcc065cb9<-188713c8-c2c6-4040-a876-e7c7ddd4017d#0:FAIL-t1
2022-11-08 11:41:43,391 [d1b20379-1bd2-4861-a9be-2c8bcc065cb9@group-D1C05AEAF764-LeaderElection30] INFO  impl.LeaderElection (LeaderElection.java:askForVotes(314)) - d1b20379-1bd2-4861-a9be-2c8bcc065cb9@group-D1C05AEAF764-LeaderElection30 ELECTION round 0: result REJECTED
2022-11-08 11:41:43,392 [d1b20379-1bd2-4861-a9be-2c8bcc065cb9@group-D1C05AEAF764-LeaderElection30] INFO  server.RaftServer$Division (RaftServerImpl.java:setRole(321)) - d1b20379-1bd2-4861-a9be-2c8bcc065cb9@group-D1C05AEAF764: changes role from CANDIDATE to FOLLOWER at term 1 for REJECTED
2022-11-08 11:41:43,392 [d1b20379-1bd2-4861-a9be-2c8bcc065cb9@group-D1C05AEAF764-LeaderElection30] INFO  impl.RoleInfo (RoleInfo.java:shutdownLeaderElection(130)) - d1b20379-1bd2-4861-a9be-2c8bcc065cb9: shutdown d1b20379-1bd2-4861-a9be-2c8bcc065cb9@group-D1C05AEAF764-LeaderElection30
2022-11-08 11:41:43,392 [d1b20379-1bd2-4861-a9be-2c8bcc065cb9@group-D1C05AEAF764-LeaderElection30] INFO  impl.RoleInfo (RoleInfo.java:updateAndGet(139)) - d1b20379-1bd2-4861-a9be-2c8bcc065cb9: start d1b20379-1bd2-4861-a9be-2c8bcc065cb9@group-D1C05AEAF764-FollowerState
2022-11-08 11:41:43,393 [f62ccb74-7881-4f2b-9330-2297662ca0ca@group-D1C05AEAF764-FollowerState] INFO  server.RaftServerConfigKeys (ConfUtils.java:logFallback(53)) - raft.server.rpc.first-election.timeout.min = 5s (fallback to raft.server.rpc.timeout.min)
2022-11-08 11:41:43,393 [f62ccb74-7881-4f2b-9330-2297662ca0ca@group-D1C05AEAF764-FollowerState] INFO  server.RaftServerConfigKeys (ConfUtils.java:logFallback(53)) - raft.server.rpc.first-election.timeout.max = 5200ms (fallback to raft.server.rpc.timeout.max)
2022-11-08 11:41:43,394 [grpc-default-executor-1] INFO  server.RaftServer$Division (RaftServerImpl.java:requestVote(1251)) - f62ccb74-7881-4f2b-9330-2297662ca0ca@group-D1C05AEAF764 replies to ELECTION vote request: d1b20379-1bd2-4861-a9be-2c8bcc065cb9<-f62ccb74-7881-4f2b-9330-2297662ca0ca#0:OK-t1. Peer's state: f62ccb74-7881-4f2b-9330-2297662ca0ca@group-D1C05AEAF764:t1, leader=null, voted=d1b20379-1bd2-4861-a9be-2c8bcc065cb9, raftlog=Memoized:f62ccb74-7881-4f2b-9330-2297662ca0ca@group-D1C05AEAF764-SegmentedRaftLog:OPENED:c-1, conf=-1: peers:[188713c8-c2c6-4040-a876-e7c7ddd4017d|rpc:10.1.0.111:40121|dataStream:|priority:1|startupRole:FOLLOWER, d1b20379-1bd2-4861-a9be-2c8bcc065cb9|rpc:10.1.0.111:33049|dataStream:|priority:0|startupRole:FOLLOWER, f62ccb74-7881-4f2b-9330-2297662ca0ca|rpc:10.1.0.111:45879|dataStream:|priority:0|startupRole:FOLLOWER]|listeners:[], old=null
2022-11-08 11:41:43,395 [d1b20379-1bd2-4861-a9be-2c8bcc065cb9@group-D1C05AEAF764-FollowerState] INFO  server.RaftServerConfigKeys (ConfUtils.java:logFallback(53)) - raft.server.rpc.first-election.timeout.min = 5s (fallback to raft.server.rpc.timeout.min)
2022-11-08 11:41:43,395 [d1b20379-1bd2-4861-a9be-2c8bcc065cb9@group-D1C05AEAF764-FollowerState] INFO  server.RaftServerConfigKeys (ConfUtils.java:logFallback(53)) - raft.server.rpc.first-election.timeout.max = 5200ms (fallback to raft.server.rpc.timeout.max)
2022-11-08 11:41:43,439 [188713c8-c2c6-4040-a876-e7c7ddd4017d@group-7FA7A550F732-FollowerState] INFO  impl.FollowerState (FollowerState.java:run(143)) - 188713c8-c2c6-4040-a876-e7c7ddd4017d@group-7FA7A550F732-FollowerState: change to CANDIDATE, lastRpcElapsedTime:5076117949ns, electionTimeout:5074ms
2022-11-08 11:41:43,439 [188713c8-c2c6-4040-a876-e7c7ddd4017d@group-7FA7A550F732-FollowerState] INFO  impl.RoleInfo (RoleInfo.java:shutdownFollowerState(110)) - 188713c8-c2c6-4040-a876-e7c7ddd4017d: shutdown 188713c8-c2c6-4040-a876-e7c7ddd4017d@group-7FA7A550F732-FollowerState
2022-11-08 11:41:43,440 [188713c8-c2c6-4040-a876-e7c7ddd4017d@group-7FA7A550F732-FollowerState] INFO  server.RaftServer$Division (RaftServerImpl.java:setRole(321)) - 188713c8-c2c6-4040-a876-e7c7ddd4017d@group-7FA7A550F732: changes role from  FOLLOWER to CANDIDATE at term 0 for changeToCandidate
2022-11-08 11:41:43,440 [188713c8-c2c6-4040-a876-e7c7ddd4017d@group-7FA7A550F732-FollowerState] INFO  server.RaftServerConfigKeys (ConfUtils.java:logGet(46)) - raft.server.leaderelection.pre-vote = false (custom)
2022-11-08 11:41:43,440 [188713c8-c2c6-4040-a876-e7c7ddd4017d@group-7FA7A550F732-FollowerState] INFO  impl.RoleInfo (RoleInfo.java:updateAndGet(139)) - 188713c8-c2c6-4040-a876-e7c7ddd4017d: start 188713c8-c2c6-4040-a876-e7c7ddd4017d@group-7FA7A550F732-LeaderElection31
2022-11-08 11:41:43,443 [188713c8-c2c6-4040-a876-e7c7ddd4017d@group-7FA7A550F732-LeaderElection31] INFO  impl.LeaderElection (LeaderElection.java:askForVotes(312)) - 188713c8-c2c6-4040-a876-e7c7ddd4017d@group-7FA7A550F732-LeaderElection31 ELECTION round 0: submit vote requests at term 1 for -1: peers:[188713c8-c2c6-4040-a876-e7c7ddd4017d|rpc:10.1.0.111:40121|priority:0|startupRole:FOLLOWER, d1b20379-1bd2-4861-a9be-2c8bcc065cb9|rpc:10.1.0.111:33049|priority:1|startupRole:FOLLOWER, f62ccb74-7881-4f2b-9330-2297662ca0ca|rpc:10.1.0.111:45879|priority:0|startupRole:FOLLOWER]|listeners:[], old=null
2022-11-08 11:41:43,447 [188713c8-c2c6-4040-a876-e7c7ddd4017d@group-7FA7A550F732-LeaderElection31-1] INFO  server.GrpcServerProtocolClient (GrpcServerProtocolClient.java:<init>(63)) - Build channel for d1b20379-1bd2-4861-a9be-2c8bcc065cb9
2022-11-08 11:41:43,452 [188713c8-c2c6-4040-a876-e7c7ddd4017d@group-7FA7A550F732-LeaderElection31] INFO  server.RaftServerConfigKeys (ConfUtils.java:logFallback(53)) - raft.server.rpc.first-election.timeout.min = 5s (fallback to raft.server.rpc.timeout.min)
2022-11-08 11:41:43,452 [188713c8-c2c6-4040-a876-e7c7ddd4017d@group-7FA7A550F732-LeaderElection31] INFO  server.RaftServerConfigKeys (ConfUtils.java:logFallback(53)) - raft.server.rpc.first-election.timeout.max = 5200ms (fallback to raft.server.rpc.timeout.max)
2022-11-08 11:41:43,452 [188713c8-c2c6-4040-a876-e7c7ddd4017d@group-7FA7A550F732-LeaderElection31-2] INFO  server.GrpcServerProtocolClient (GrpcServerProtocolClient.java:<init>(63)) - Build channel for f62ccb74-7881-4f2b-9330-2297662ca0ca
2022-11-08 11:41:43,461 [grpc-default-executor-1] INFO  server.RaftServer$Division (RaftServerImpl.java:requestVote(1218)) - d1b20379-1bd2-4861-a9be-2c8bcc065cb9@group-7FA7A550F732: receive requestVote(ELECTION, 188713c8-c2c6-4040-a876-e7c7ddd4017d, group-7FA7A550F732, 1, (t:0, i:0))
2022-11-08 11:41:43,462 [grpc-default-executor-1] INFO  impl.VoteContext (VoteContext.java:log(48)) - d1b20379-1bd2-4861-a9be-2c8bcc065cb9@group-7FA7A550F732-FOLLOWER: reject ELECTION from 188713c8-c2c6-4040-a876-e7c7ddd4017d: our priority 1 > candidate's priority 0
2022-11-08 11:41:43,462 [grpc-default-executor-1] INFO  server.RaftServer$Division (RaftServerImpl.java:setRole(321)) - d1b20379-1bd2-4861-a9be-2c8bcc065cb9@group-7FA7A550F732: changes role from  FOLLOWER to FOLLOWER at term 1 for candidate:188713c8-c2c6-4040-a876-e7c7ddd4017d
2022-11-08 11:41:43,462 [grpc-default-executor-1] INFO  impl.RoleInfo (RoleInfo.java:shutdownFollowerState(110)) - d1b20379-1bd2-4861-a9be-2c8bcc065cb9: shutdown d1b20379-1bd2-4861-a9be-2c8bcc065cb9@group-7FA7A550F732-FollowerState
2022-11-08 11:41:43,462 [grpc-default-executor-1] INFO  impl.RoleInfo (RoleInfo.java:updateAndGet(139)) - d1b20379-1bd2-4861-a9be-2c8bcc065cb9: start d1b20379-1bd2-4861-a9be-2c8bcc065cb9@group-7FA7A550F732-FollowerState
2022-11-08 11:41:43,462 [d1b20379-1bd2-4861-a9be-2c8bcc065cb9@group-7FA7A550F732-FollowerState] INFO  impl.FollowerState (FollowerState.java:run(152)) - d1b20379-1bd2-4861-a9be-2c8bcc065cb9@group-7FA7A550F732-FollowerState was interrupted
2022-11-08 11:41:43,464 [grpc-default-executor-0] INFO  server.RaftServer$Division (RaftServerImpl.java:requestVote(1218)) - f62ccb74-7881-4f2b-9330-2297662ca0ca@group-7FA7A550F732: receive requestVote(ELECTION, 188713c8-c2c6-4040-a876-e7c7ddd4017d, group-7FA7A550F732, 1, (t:0, i:0))
2022-11-08 11:41:43,464 [grpc-default-executor-0] INFO  impl.VoteContext (VoteContext.java:log(48)) - f62ccb74-7881-4f2b-9330-2297662ca0ca@group-7FA7A550F732-FOLLOWER: accept ELECTION from 188713c8-c2c6-4040-a876-e7c7ddd4017d: our priority 0 <= candidate's priority 0
2022-11-08 11:41:43,464 [grpc-default-executor-0] INFO  server.RaftServer$Division (RaftServerImpl.java:setRole(321)) - f62ccb74-7881-4f2b-9330-2297662ca0ca@group-7FA7A550F732: changes role from  FOLLOWER to FOLLOWER at term 1 for candidate:188713c8-c2c6-4040-a876-e7c7ddd4017d
2022-11-08 11:41:43,464 [grpc-default-executor-0] INFO  impl.RoleInfo (RoleInfo.java:shutdownFollowerState(110)) - f62ccb74-7881-4f2b-9330-2297662ca0ca: shutdown f62ccb74-7881-4f2b-9330-2297662ca0ca@group-7FA7A550F732-FollowerState
2022-11-08 11:41:43,464 [grpc-default-executor-0] INFO  impl.RoleInfo (RoleInfo.java:updateAndGet(139)) - f62ccb74-7881-4f2b-9330-2297662ca0ca: start f62ccb74-7881-4f2b-9330-2297662ca0ca@group-7FA7A550F732-FollowerState
2022-11-08 11:41:43,464 [f62ccb74-7881-4f2b-9330-2297662ca0ca@group-7FA7A550F732-FollowerState] INFO  impl.FollowerState (FollowerState.java:run(152)) - f62ccb74-7881-4f2b-9330-2297662ca0ca@group-7FA7A550F732-FollowerState was interrupted
2022-11-08 11:41:43,465 [grpc-default-executor-1] INFO  server.RaftServer$Division (RaftServerImpl.java:requestVote(1251)) - d1b20379-1bd2-4861-a9be-2c8bcc065cb9@group-7FA7A550F732 replies to ELECTION vote request: 188713c8-c2c6-4040-a876-e7c7ddd4017d<-d1b20379-1bd2-4861-a9be-2c8bcc065cb9#0:FAIL-t1. Peer's state: d1b20379-1bd2-4861-a9be-2c8bcc065cb9@group-7FA7A550F732:t1, leader=null, voted=null, raftlog=Memoized:d1b20379-1bd2-4861-a9be-2c8bcc065cb9@group-7FA7A550F732-SegmentedRaftLog:OPENED:c-1, conf=-1: peers:[188713c8-c2c6-4040-a876-e7c7ddd4017d|rpc:10.1.0.111:40121|dataStream:|priority:0|startupRole:FOLLOWER, d1b20379-1bd2-4861-a9be-2c8bcc065cb9|rpc:10.1.0.111:33049|dataStream:|priority:1|startupRole:FOLLOWER, f62ccb74-7881-4f2b-9330-2297662ca0ca|rpc:10.1.0.111:45879|dataStream:|priority:0|startupRole:FOLLOWER]|listeners:[], old=null
2022-11-08 11:41:43,469 [d1b20379-1bd2-4861-a9be-2c8bcc065cb9@group-7FA7A550F732-FollowerState] INFO  server.RaftServerConfigKeys (ConfUtils.java:logFallback(53)) - raft.server.rpc.first-election.timeout.min = 5s (fallback to raft.server.rpc.timeout.min)
2022-11-08 11:41:43,469 [d1b20379-1bd2-4861-a9be-2c8bcc065cb9@group-7FA7A550F732-FollowerState] INFO  server.RaftServerConfigKeys (ConfUtils.java:logFallback(53)) - raft.server.rpc.first-election.timeout.max = 5200ms (fallback to raft.server.rpc.timeout.max)
2022-11-08 11:41:43,470 [188713c8-c2c6-4040-a876-e7c7ddd4017d@group-7FA7A550F732-LeaderElection31] INFO  impl.LeaderElection (LeaderElection.java:logAndReturn(90)) - 188713c8-c2c6-4040-a876-e7c7ddd4017d@group-7FA7A550F732-LeaderElection31: ELECTION REJECTED received 1 response(s) and 0 exception(s):
2022-11-08 11:41:43,470 [188713c8-c2c6-4040-a876-e7c7ddd4017d@group-7FA7A550F732-LeaderElection31] INFO  impl.LeaderElection (LeaderElection.java:logAndReturn(94)) -   Response 0: 188713c8-c2c6-4040-a876-e7c7ddd4017d<-d1b20379-1bd2-4861-a9be-2c8bcc065cb9#0:FAIL-t1
2022-11-08 11:41:43,470 [188713c8-c2c6-4040-a876-e7c7ddd4017d@group-7FA7A550F732-LeaderElection31] INFO  impl.LeaderElection (LeaderElection.java:askForVotes(314)) - 188713c8-c2c6-4040-a876-e7c7ddd4017d@group-7FA7A550F732-LeaderElection31 ELECTION round 0: result REJECTED
2022-11-08 11:41:43,470 [188713c8-c2c6-4040-a876-e7c7ddd4017d@group-7FA7A550F732-LeaderElection31] INFO  server.RaftServer$Division (RaftServerImpl.java:setRole(321)) - 188713c8-c2c6-4040-a876-e7c7ddd4017d@group-7FA7A550F732: changes role from CANDIDATE to FOLLOWER at term 1 for REJECTED
2022-11-08 11:41:43,470 [188713c8-c2c6-4040-a876-e7c7ddd4017d@group-7FA7A550F732-LeaderElection31] INFO  impl.RoleInfo (RoleInfo.java:shutdownLeaderElection(130)) - 188713c8-c2c6-4040-a876-e7c7ddd4017d: shutdown 188713c8-c2c6-4040-a876-e7c7ddd4017d@group-7FA7A550F732-LeaderElection31
2022-11-08 11:41:43,470 [f62ccb74-7881-4f2b-9330-2297662ca0ca@group-7FA7A550F732-FollowerState] INFO  server.RaftServerConfigKeys (ConfUtils.java:logFallback(53)) - raft.server.rpc.first-election.timeout.min = 5s (fallback to raft.server.rpc.timeout.min)
2022-11-08 11:41:43,470 [188713c8-c2c6-4040-a876-e7c7ddd4017d@group-7FA7A550F732-LeaderElection31] INFO  impl.RoleInfo (RoleInfo.java:updateAndGet(139)) - 188713c8-c2c6-4040-a876-e7c7ddd4017d: start 188713c8-c2c6-4040-a876-e7c7ddd4017d@group-7FA7A550F732-FollowerState
2022-11-08 11:41:43,470 [f62ccb74-7881-4f2b-9330-2297662ca0ca@group-7FA7A550F732-FollowerState] INFO  server.RaftServerConfigKeys (ConfUtils.java:logFallback(53)) - raft.server.rpc.first-election.timeout.max = 5200ms (fallback to raft.server.rpc.timeout.max)
2022-11-08 11:41:43,471 [grpc-default-executor-0] INFO  server.RaftServer$Division (RaftServerImpl.java:requestVote(1251)) - f62ccb74-7881-4f2b-9330-2297662ca0ca@group-7FA7A550F732 replies to ELECTION vote request: 188713c8-c2c6-4040-a876-e7c7ddd4017d<-f62ccb74-7881-4f2b-9330-2297662ca0ca#0:OK-t1. Peer's state: f62ccb74-7881-4f2b-9330-2297662ca0ca@group-7FA7A550F732:t1, leader=null, voted=188713c8-c2c6-4040-a876-e7c7ddd4017d, raftlog=Memoized:f62ccb74-7881-4f2b-9330-2297662ca0ca@group-7FA7A550F732-SegmentedRaftLog:OPENED:c-1, conf=-1: peers:[188713c8-c2c6-4040-a876-e7c7ddd4017d|rpc:10.1.0.111:40121|dataStream:|priority:0|startupRole:FOLLOWER, d1b20379-1bd2-4861-a9be-2c8bcc065cb9|rpc:10.1.0.111:33049|dataStream:|priority:1|startupRole:FOLLOWER, f62ccb74-7881-4f2b-9330-2297662ca0ca|rpc:10.1.0.111:45879|dataStream:|priority:0|startupRole:FOLLOWER]|listeners:[], old=null
2022-11-08 11:41:43,472 [188713c8-c2c6-4040-a876-e7c7ddd4017d@group-7FA7A550F732-FollowerState] INFO  server.RaftServerConfigKeys (ConfUtils.java:logFallback(53)) - raft.server.rpc.first-election.timeout.min = 5s (fallback to raft.server.rpc.timeout.min)
2022-11-08 11:41:43,472 [188713c8-c2c6-4040-a876-e7c7ddd4017d@group-7FA7A550F732-FollowerState] INFO  server.RaftServerConfigKeys (ConfUtils.java:logFallback(53)) - raft.server.rpc.first-election.timeout.max = 5200ms (fallback to raft.server.rpc.timeout.max)
2022-11-08 11:41:44,041 [Listener at 127.0.0.1/46561] INFO  ozone.MiniOzoneClusterImpl (MiniOzoneClusterImpl.java:lambda$waitForClusterToBeReady$0(216)) - Nodes are ready. Got 6 of 6 DN Heartbeats.
2022-11-08 11:41:44,041 [Listener at 127.0.0.1/46561] INFO  ozone.MiniOzoneClusterImpl (MiniOzoneClusterImpl.java:lambda$waitForClusterToBeReady$0(219)) - Waiting for cluster to exit safe mode
2022-11-08 11:41:44,041 [Listener at 127.0.0.1/46561] INFO  ozone.MiniOzoneClusterImpl (MiniOzoneClusterImpl.java:lambda$waitForClusterToBeReady$0(221)) - SCM became leader
2022-11-08 11:41:45,042 [Listener at 127.0.0.1/46561] INFO  ozone.MiniOzoneClusterImpl (MiniOzoneClusterImpl.java:lambda$waitForClusterToBeReady$0(216)) - Nodes are ready. Got 6 of 6 DN Heartbeats.
2022-11-08 11:41:45,042 [Listener at 127.0.0.1/46561] INFO  ozone.MiniOzoneClusterImpl (MiniOzoneClusterImpl.java:lambda$waitForClusterToBeReady$0(219)) - Waiting for cluster to exit safe mode
2022-11-08 11:41:45,043 [Listener at 127.0.0.1/46561] INFO  ozone.MiniOzoneClusterImpl (MiniOzoneClusterImpl.java:lambda$waitForClusterToBeReady$0(221)) - SCM became leader
2022-11-08 11:41:46,043 [Listener at 127.0.0.1/46561] INFO  ozone.MiniOzoneClusterImpl (MiniOzoneClusterImpl.java:lambda$waitForClusterToBeReady$0(216)) - Nodes are ready. Got 6 of 6 DN Heartbeats.
2022-11-08 11:41:46,044 [Listener at 127.0.0.1/46561] INFO  ozone.MiniOzoneClusterImpl (MiniOzoneClusterImpl.java:lambda$waitForClusterToBeReady$0(219)) - Waiting for cluster to exit safe mode
2022-11-08 11:41:46,044 [Listener at 127.0.0.1/46561] INFO  ozone.MiniOzoneClusterImpl (MiniOzoneClusterImpl.java:lambda$waitForClusterToBeReady$0(221)) - SCM became leader
2022-11-08 11:41:47,044 [Listener at 127.0.0.1/46561] INFO  ozone.MiniOzoneClusterImpl (MiniOzoneClusterImpl.java:lambda$waitForClusterToBeReady$0(216)) - Nodes are ready. Got 6 of 6 DN Heartbeats.
2022-11-08 11:41:47,044 [Listener at 127.0.0.1/46561] INFO  ozone.MiniOzoneClusterImpl (MiniOzoneClusterImpl.java:lambda$waitForClusterToBeReady$0(219)) - Waiting for cluster to exit safe mode
2022-11-08 11:41:47,045 [Listener at 127.0.0.1/46561] INFO  ozone.MiniOzoneClusterImpl (MiniOzoneClusterImpl.java:lambda$waitForClusterToBeReady$0(221)) - SCM became leader
2022-11-08 11:41:47,180 [69ebc52a-668b-4a1b-b1c8-adfe2408a111@group-6B0EAE512540-FollowerState] INFO  server.RaftServerConfigKeys (ConfUtils.java:logFallback(53)) - raft.server.rpc.first-election.timeout.min = 5s (fallback to raft.server.rpc.timeout.min)
2022-11-08 11:41:47,180 [69ebc52a-668b-4a1b-b1c8-adfe2408a111@group-6B0EAE512540-FollowerState] INFO  server.RaftServerConfigKeys (ConfUtils.java:logFallback(53)) - raft.server.rpc.first-election.timeout.max = 5200ms (fallback to raft.server.rpc.timeout.max)
2022-11-08 11:41:47,184 [86012a26-2f7a-42b0-9674-f0c6f2d36cf9@group-6B0EAE512540-FollowerState] INFO  impl.FollowerState (FollowerState.java:run(143)) - 86012a26-2f7a-42b0-9674-f0c6f2d36cf9@group-6B0EAE512540-FollowerState: change to CANDIDATE, lastRpcElapsedTime:5061985171ns, electionTimeout:5058ms
2022-11-08 11:41:47,184 [86012a26-2f7a-42b0-9674-f0c6f2d36cf9@group-6B0EAE512540-FollowerState] INFO  impl.RoleInfo (RoleInfo.java:shutdownFollowerState(110)) - 86012a26-2f7a-42b0-9674-f0c6f2d36cf9: shutdown 86012a26-2f7a-42b0-9674-f0c6f2d36cf9@group-6B0EAE512540-FollowerState
2022-11-08 11:41:47,185 [86012a26-2f7a-42b0-9674-f0c6f2d36cf9@group-6B0EAE512540-FollowerState] INFO  server.RaftServer$Division (RaftServerImpl.java:setRole(321)) - 86012a26-2f7a-42b0-9674-f0c6f2d36cf9@group-6B0EAE512540: changes role from  FOLLOWER to CANDIDATE at term 1 for changeToCandidate
2022-11-08 11:41:47,185 [86012a26-2f7a-42b0-9674-f0c6f2d36cf9@group-6B0EAE512540-FollowerState] INFO  server.RaftServerConfigKeys (ConfUtils.java:logGet(46)) - raft.server.leaderelection.pre-vote = false (custom)
2022-11-08 11:41:47,185 [86012a26-2f7a-42b0-9674-f0c6f2d36cf9@group-6B0EAE512540-FollowerState] INFO  impl.RoleInfo (RoleInfo.java:updateAndGet(139)) - 86012a26-2f7a-42b0-9674-f0c6f2d36cf9: start 86012a26-2f7a-42b0-9674-f0c6f2d36cf9@group-6B0EAE512540-LeaderElection32
2022-11-08 11:41:47,188 [86012a26-2f7a-42b0-9674-f0c6f2d36cf9@group-6B0EAE512540-LeaderElection32] INFO  impl.LeaderElection (LeaderElection.java:askForVotes(312)) - 86012a26-2f7a-42b0-9674-f0c6f2d36cf9@group-6B0EAE512540-LeaderElection32 ELECTION round 0: submit vote requests at term 2 for -1: peers:[86012a26-2f7a-42b0-9674-f0c6f2d36cf9|rpc:10.1.0.111:45781|dataStream:|priority:1|startupRole:FOLLOWER, 9f6d9e32-b5ab-49ef-be08-a692056fb1f3|rpc:10.1.0.111:37217|dataStream:|priority:0|startupRole:FOLLOWER, 69ebc52a-668b-4a1b-b1c8-adfe2408a111|rpc:10.1.0.111:42155|dataStream:|priority:0|startupRole:FOLLOWER]|listeners:[], old=null
2022-11-08 11:41:47,188 [86012a26-2f7a-42b0-9674-f0c6f2d36cf9@group-6B0EAE512540-LeaderElection32-1] INFO  server.GrpcServerProtocolClient (GrpcServerProtocolClient.java:<init>(63)) - Build channel for 9f6d9e32-b5ab-49ef-be08-a692056fb1f3
2022-11-08 11:41:47,188 [86012a26-2f7a-42b0-9674-f0c6f2d36cf9@group-6B0EAE512540-LeaderElection32] INFO  server.RaftServerConfigKeys (ConfUtils.java:logFallback(53)) - raft.server.rpc.first-election.timeout.min = 5s (fallback to raft.server.rpc.timeout.min)
2022-11-08 11:41:47,188 [86012a26-2f7a-42b0-9674-f0c6f2d36cf9@group-6B0EAE512540-LeaderElection32] INFO  server.RaftServerConfigKeys (ConfUtils.java:logFallback(53)) - raft.server.rpc.first-election.timeout.max = 5200ms (fallback to raft.server.rpc.timeout.max)
2022-11-08 11:41:47,189 [86012a26-2f7a-42b0-9674-f0c6f2d36cf9@group-6B0EAE512540-LeaderElection32-2] INFO  server.GrpcServerProtocolClient (GrpcServerProtocolClient.java:<init>(63)) - Build channel for 69ebc52a-668b-4a1b-b1c8-adfe2408a111
2022-11-08 11:41:47,206 [grpc-default-executor-0] INFO  server.RaftServer$Division (RaftServerImpl.java:requestVote(1218)) - 69ebc52a-668b-4a1b-b1c8-adfe2408a111@group-6B0EAE512540: receive requestVote(ELECTION, 86012a26-2f7a-42b0-9674-f0c6f2d36cf9, group-6B0EAE512540, 2, (t:0, i:0))
2022-11-08 11:41:47,207 [grpc-default-executor-0] INFO  impl.VoteContext (VoteContext.java:log(48)) - 69ebc52a-668b-4a1b-b1c8-adfe2408a111@group-6B0EAE512540-FOLLOWER: accept ELECTION from 86012a26-2f7a-42b0-9674-f0c6f2d36cf9: our priority 0 <= candidate's priority 1
2022-11-08 11:41:47,207 [grpc-default-executor-0] INFO  server.RaftServer$Division (RaftServerImpl.java:setRole(321)) - 69ebc52a-668b-4a1b-b1c8-adfe2408a111@group-6B0EAE512540: changes role from  FOLLOWER to FOLLOWER at term 2 for candidate:86012a26-2f7a-42b0-9674-f0c6f2d36cf9
2022-11-08 11:41:47,207 [grpc-default-executor-0] INFO  impl.RoleInfo (RoleInfo.java:shutdownFollowerState(110)) - 69ebc52a-668b-4a1b-b1c8-adfe2408a111: shutdown 69ebc52a-668b-4a1b-b1c8-adfe2408a111@group-6B0EAE512540-FollowerState
2022-11-08 11:41:47,207 [grpc-default-executor-0] INFO  impl.RoleInfo (RoleInfo.java:updateAndGet(139)) - 69ebc52a-668b-4a1b-b1c8-adfe2408a111: start 69ebc52a-668b-4a1b-b1c8-adfe2408a111@group-6B0EAE512540-FollowerState
2022-11-08 11:41:47,207 [69ebc52a-668b-4a1b-b1c8-adfe2408a111@group-6B0EAE512540-FollowerState] INFO  impl.FollowerState (FollowerState.java:run(152)) - 69ebc52a-668b-4a1b-b1c8-adfe2408a111@group-6B0EAE512540-FollowerState was interrupted
2022-11-08 11:41:47,209 [69ebc52a-668b-4a1b-b1c8-adfe2408a111@group-6B0EAE512540-FollowerState] INFO  server.RaftServerConfigKeys (ConfUtils.java:logFallback(53)) - raft.server.rpc.first-election.timeout.min = 5s (fallback to raft.server.rpc.timeout.min)
2022-11-08 11:41:47,209 [69ebc52a-668b-4a1b-b1c8-adfe2408a111@group-6B0EAE512540-FollowerState] INFO  server.RaftServerConfigKeys (ConfUtils.java:logFallback(53)) - raft.server.rpc.first-election.timeout.max = 5200ms (fallback to raft.server.rpc.timeout.max)
2022-11-08 11:41:47,209 [grpc-default-executor-1] INFO  server.RaftServer$Division (RaftServerImpl.java:requestVote(1218)) - 9f6d9e32-b5ab-49ef-be08-a692056fb1f3@group-6B0EAE512540: receive requestVote(ELECTION, 86012a26-2f7a-42b0-9674-f0c6f2d36cf9, group-6B0EAE512540, 2, (t:0, i:0))
2022-11-08 11:41:47,209 [grpc-default-executor-1] INFO  impl.VoteContext (VoteContext.java:log(48)) - 9f6d9e32-b5ab-49ef-be08-a692056fb1f3@group-6B0EAE512540-FOLLOWER: accept ELECTION from 86012a26-2f7a-42b0-9674-f0c6f2d36cf9: our priority 0 <= candidate's priority 1
2022-11-08 11:41:47,209 [grpc-default-executor-1] INFO  server.RaftServer$Division (RaftServerImpl.java:setRole(321)) - 9f6d9e32-b5ab-49ef-be08-a692056fb1f3@group-6B0EAE512540: changes role from  FOLLOWER to FOLLOWER at term 2 for candidate:86012a26-2f7a-42b0-9674-f0c6f2d36cf9
2022-11-08 11:41:47,209 [grpc-default-executor-1] INFO  impl.RoleInfo (RoleInfo.java:shutdownFollowerState(110)) - 9f6d9e32-b5ab-49ef-be08-a692056fb1f3: shutdown 9f6d9e32-b5ab-49ef-be08-a692056fb1f3@group-6B0EAE512540-FollowerState
2022-11-08 11:41:47,210 [grpc-default-executor-1] INFO  impl.RoleInfo (RoleInfo.java:updateAndGet(139)) - 9f6d9e32-b5ab-49ef-be08-a692056fb1f3: start 9f6d9e32-b5ab-49ef-be08-a692056fb1f3@group-6B0EAE512540-FollowerState
2022-11-08 11:41:47,210 [grpc-default-executor-0] INFO  server.RaftServer$Division (RaftServerImpl.java:requestVote(1251)) - 69ebc52a-668b-4a1b-b1c8-adfe2408a111@group-6B0EAE512540 replies to ELECTION vote request: 86012a26-2f7a-42b0-9674-f0c6f2d36cf9<-69ebc52a-668b-4a1b-b1c8-adfe2408a111#0:OK-t2. Peer's state: 69ebc52a-668b-4a1b-b1c8-adfe2408a111@group-6B0EAE512540:t2, leader=null, voted=86012a26-2f7a-42b0-9674-f0c6f2d36cf9, raftlog=Memoized:69ebc52a-668b-4a1b-b1c8-adfe2408a111@group-6B0EAE512540-SegmentedRaftLog:OPENED:c-1, conf=-1: peers:[86012a26-2f7a-42b0-9674-f0c6f2d36cf9|rpc:10.1.0.111:45781|dataStream:|priority:1|startupRole:FOLLOWER, 9f6d9e32-b5ab-49ef-be08-a692056fb1f3|rpc:10.1.0.111:37217|dataStream:|priority:0|startupRole:FOLLOWER, 69ebc52a-668b-4a1b-b1c8-adfe2408a111|rpc:10.1.0.111:42155|dataStream:|priority:0|startupRole:FOLLOWER]|listeners:[], old=null
2022-11-08 11:41:47,210 [9f6d9e32-b5ab-49ef-be08-a692056fb1f3@group-6B0EAE512540-FollowerState] INFO  impl.FollowerState (FollowerState.java:run(152)) - 9f6d9e32-b5ab-49ef-be08-a692056fb1f3@group-6B0EAE512540-FollowerState was interrupted
2022-11-08 11:41:47,211 [9f6d9e32-b5ab-49ef-be08-a692056fb1f3@group-6B0EAE512540-FollowerState] INFO  server.RaftServerConfigKeys (ConfUtils.java:logFallback(53)) - raft.server.rpc.first-election.timeout.min = 5s (fallback to raft.server.rpc.timeout.min)
2022-11-08 11:41:47,211 [9f6d9e32-b5ab-49ef-be08-a692056fb1f3@group-6B0EAE512540-FollowerState] INFO  server.RaftServerConfigKeys (ConfUtils.java:logFallback(53)) - raft.server.rpc.first-election.timeout.max = 5200ms (fallback to raft.server.rpc.timeout.max)
2022-11-08 11:41:47,212 [86012a26-2f7a-42b0-9674-f0c6f2d36cf9@group-6B0EAE512540-LeaderElection32] INFO  impl.LeaderElection (LeaderElection.java:logAndReturn(90)) - 86012a26-2f7a-42b0-9674-f0c6f2d36cf9@group-6B0EAE512540-LeaderElection32: ELECTION PASSED received 1 response(s) and 0 exception(s):
2022-11-08 11:41:47,212 [grpc-default-executor-1] INFO  server.RaftServer$Division (RaftServerImpl.java:requestVote(1251)) - 9f6d9e32-b5ab-49ef-be08-a692056fb1f3@group-6B0EAE512540 replies to ELECTION vote request: 86012a26-2f7a-42b0-9674-f0c6f2d36cf9<-9f6d9e32-b5ab-49ef-be08-a692056fb1f3#0:OK-t2. Peer's state: 9f6d9e32-b5ab-49ef-be08-a692056fb1f3@group-6B0EAE512540:t2, leader=null, voted=86012a26-2f7a-42b0-9674-f0c6f2d36cf9, raftlog=Memoized:9f6d9e32-b5ab-49ef-be08-a692056fb1f3@group-6B0EAE512540-SegmentedRaftLog:OPENED:c-1, conf=-1: peers:[86012a26-2f7a-42b0-9674-f0c6f2d36cf9|rpc:10.1.0.111:45781|priority:1|startupRole:FOLLOWER, 9f6d9e32-b5ab-49ef-be08-a692056fb1f3|rpc:10.1.0.111:37217|priority:0|startupRole:FOLLOWER, 69ebc52a-668b-4a1b-b1c8-adfe2408a111|rpc:10.1.0.111:42155|priority:0|startupRole:FOLLOWER]|listeners:[], old=null
2022-11-08 11:41:47,212 [86012a26-2f7a-42b0-9674-f0c6f2d36cf9@group-6B0EAE512540-LeaderElection32] INFO  impl.LeaderElection (LeaderElection.java:logAndReturn(94)) -   Response 0: 86012a26-2f7a-42b0-9674-f0c6f2d36cf9<-69ebc52a-668b-4a1b-b1c8-adfe2408a111#0:OK-t2
2022-11-08 11:41:47,212 [86012a26-2f7a-42b0-9674-f0c6f2d36cf9@group-6B0EAE512540-LeaderElection32] INFO  impl.LeaderElection (LeaderElection.java:askForVotes(314)) - 86012a26-2f7a-42b0-9674-f0c6f2d36cf9@group-6B0EAE512540-LeaderElection32 ELECTION round 0: result PASSED
2022-11-08 11:41:47,212 [86012a26-2f7a-42b0-9674-f0c6f2d36cf9@group-6B0EAE512540-LeaderElection32] INFO  impl.RoleInfo (RoleInfo.java:shutdownLeaderElection(130)) - 86012a26-2f7a-42b0-9674-f0c6f2d36cf9: shutdown 86012a26-2f7a-42b0-9674-f0c6f2d36cf9@group-6B0EAE512540-LeaderElection32
2022-11-08 11:41:47,212 [86012a26-2f7a-42b0-9674-f0c6f2d36cf9@group-6B0EAE512540-LeaderElection32] INFO  server.RaftServer$Division (RaftServerImpl.java:setRole(321)) - 86012a26-2f7a-42b0-9674-f0c6f2d36cf9@group-6B0EAE512540: changes role from CANDIDATE to LEADER at term 2 for changeToLeader
2022-11-08 11:41:47,212 [86012a26-2f7a-42b0-9674-f0c6f2d36cf9@group-6B0EAE512540-LeaderElection32] INFO  ratis.XceiverServerRatis (XceiverServerRatis.java:handleLeaderChangedNotification(863)) - Leader change notification received for group: group-6B0EAE512540 with new leaderId: 86012a26-2f7a-42b0-9674-f0c6f2d36cf9
2022-11-08 11:41:47,212 [86012a26-2f7a-42b0-9674-f0c6f2d36cf9@group-6B0EAE512540-LeaderElection32] INFO  server.RaftServer$Division (ServerState.java:setLeader(313)) - 86012a26-2f7a-42b0-9674-f0c6f2d36cf9@group-6B0EAE512540: change Leader from null to 86012a26-2f7a-42b0-9674-f0c6f2d36cf9 at term 2 for becomeLeader, leader elected after 10107ms
2022-11-08 11:41:47,212 [86012a26-2f7a-42b0-9674-f0c6f2d36cf9@group-6B0EAE512540-LeaderElection32] INFO  server.RaftServerConfigKeys (ConfUtils.java:logGet(46)) - raft.server.staging.catchup.gap = 1000 (default)
2022-11-08 11:41:47,213 [86012a26-2f7a-42b0-9674-f0c6f2d36cf9@group-6B0EAE512540-LeaderElection32] INFO  server.RaftServerConfigKeys (ConfUtils.java:logGet(46)) - raft.server.write.element-limit = 1024 (custom)
2022-11-08 11:41:47,213 [86012a26-2f7a-42b0-9674-f0c6f2d36cf9@group-6B0EAE512540-LeaderElection32] INFO  server.RaftServerConfigKeys (ConfUtils.java:logGet(46)) - raft.server.write.byte-limit = 1024 M (=1073741824) (custom)
2022-11-08 11:41:47,213 [86012a26-2f7a-42b0-9674-f0c6f2d36cf9@group-6B0EAE512540-LeaderElection32] INFO  server.RaftServerConfigKeys (ConfUtils.java:logGet(46)) - raft.server.watch.timeout = 180s (custom)
2022-11-08 11:41:47,213 [86012a26-2f7a-42b0-9674-f0c6f2d36cf9@group-6B0EAE512540-LeaderElection32] INFO  server.RaftServerConfigKeys (ConfUtils.java:logGet(46)) - raft.server.watch.timeout.denomination = 1s (default)
2022-11-08 11:41:47,213 [86012a26-2f7a-42b0-9674-f0c6f2d36cf9@group-6B0EAE512540-LeaderElection32] INFO  server.RaftServerConfigKeys (ConfUtils.java:logGet(46)) - raft.server.watch.element-limit = 65536 (default)
2022-11-08 11:41:47,213 [86012a26-2f7a-42b0-9674-f0c6f2d36cf9@group-6B0EAE512540-LeaderElection32] INFO  server.RaftServerConfigKeys (ConfUtils.java:logGet(46)) - raft.server.write.element-limit = 1024 (custom)
2022-11-08 11:41:47,213 [86012a26-2f7a-42b0-9674-f0c6f2d36cf9@group-6B0EAE512540-LeaderElection32] INFO  server.RaftServerConfigKeys (ConfUtils.java:logGet(46)) - raft.server.write.follower.gap.ratio.max = -1.0 (default)
2022-11-08 11:41:47,214 [86012a26-2f7a-42b0-9674-f0c6f2d36cf9@group-6B0EAE512540-LeaderElection32] INFO  server.RaftServerConfigKeys (ConfUtils.java:logGet(46)) - raft.server.log.appender.snapshot.chunk.size.max = 16MB (=16777216) (default)
2022-11-08 11:41:47,215 [86012a26-2f7a-42b0-9674-f0c6f2d36cf9@group-6B0EAE512540-LeaderElection32] INFO  server.RaftServerConfigKeys (ConfUtils.java:logGet(46)) - raft.server.log.appender.buffer.byte-limit = 33554432 (custom)
2022-11-08 11:41:47,215 [86012a26-2f7a-42b0-9674-f0c6f2d36cf9@group-6B0EAE512540-LeaderElection32] INFO  server.RaftServerConfigKeys (ConfUtils.java:logGet(46)) - raft.server.log.appender.buffer.element-limit = 1 (custom)
2022-11-08 11:41:47,215 [86012a26-2f7a-42b0-9674-f0c6f2d36cf9@group-6B0EAE512540-LeaderElection32] INFO  grpc.GrpcConfigKeys (ConfUtils.java:logGet(46)) - raft.grpc.server.leader.outstanding.appends.max = 128 (default)
2022-11-08 11:41:47,215 [86012a26-2f7a-42b0-9674-f0c6f2d36cf9@group-6B0EAE512540-LeaderElection32] INFO  server.RaftServerConfigKeys (ConfUtils.java:logGet(46)) - raft.server.rpc.request.timeout = 60s (custom)
2022-11-08 11:41:47,215 [86012a26-2f7a-42b0-9674-f0c6f2d36cf9@group-6B0EAE512540-LeaderElection32] INFO  server.RaftServerConfigKeys (ConfUtils.java:logGet(46)) - raft.server.log.appender.install.snapshot.enabled = false (custom)
2022-11-08 11:41:47,215 [86012a26-2f7a-42b0-9674-f0c6f2d36cf9@group-6B0EAE512540-LeaderElection32] INFO  grpc.GrpcConfigKeys (ConfUtils.java:logGet(46)) - raft.grpc.server.heartbeat.channel = true (default)
2022-11-08 11:41:47,215 [86012a26-2f7a-42b0-9674-f0c6f2d36cf9@group-6B0EAE512540-LeaderElection32] INFO  server.RaftServerConfigKeys (ConfUtils.java:logGet(46)) - raft.server.log.appender.wait-time.min = 10ms (default)
2022-11-08 11:41:47,217 [EventQueue-PipelineReportForPipelineReportHandler] INFO  pipeline.PipelineManagerImpl (PipelineManagerImpl.java:openPipeline(367)) - Pipeline Pipeline[ Id: f3424c51-a144-49a3-b366-6b0eae512540, Nodes: 86012a26-2f7a-42b0-9674-f0c6f2d36cf9{ip: 10.1.0.111, host: fv-az573-890.uspngagyt4suddso0aj1djjezg.dx.internal.cloudapp.net, ports: [REPLICATION=46689, RATIS=45781, RATIS_ADMIN=45781, RATIS_SERVER=45781, STANDALONE=33505], networkLocation: /default-rack, certSerialId: null, persistedOpState: IN_SERVICE, persistedOpStateExpiryEpochSec: 0}69ebc52a-668b-4a1b-b1c8-adfe2408a111{ip: 10.1.0.111, host: fv-az573-890.uspngagyt4suddso0aj1djjezg.dx.internal.cloudapp.net, ports: [REPLICATION=34781, RATIS=42155, RATIS_ADMIN=42155, RATIS_SERVER=42155, STANDALONE=44789], networkLocation: /default-rack, certSerialId: null, persistedOpState: IN_SERVICE, persistedOpStateExpiryEpochSec: 0}9f6d9e32-b5ab-49ef-be08-a692056fb1f3{ip: 10.1.0.111, host: fv-az573-890.uspngagyt4suddso0aj1djjezg.dx.internal.cloudapp.net, ports: [REPLICATION=35471, RATIS=37217, RATIS_ADMIN=37217, RATIS_SERVER=37217, STANDALONE=37835], networkLocation: /default-rack, certSerialId: null, persistedOpState: IN_SERVICE, persistedOpStateExpiryEpochSec: 0}, ReplicationConfig: RATIS/THREE, State:ALLOCATED, leaderId:86012a26-2f7a-42b0-9674-f0c6f2d36cf9, CreationTimestamp2022-11-08T11:41:34.851Z[Etc/UTC]] moved to OPEN state
2022-11-08 11:41:47,220 [86012a26-2f7a-42b0-9674-f0c6f2d36cf9@group-6B0EAE512540-LeaderElection32] INFO  server.RaftServerConfigKeys (ConfUtils.java:logGet(46)) - raft.server.log.appender.snapshot.chunk.size.max = 16MB (=16777216) (default)
2022-11-08 11:41:47,221 [86012a26-2f7a-42b0-9674-f0c6f2d36cf9@group-6B0EAE512540-LeaderElection32] INFO  server.RaftServerConfigKeys (ConfUtils.java:logGet(46)) - raft.server.log.appender.buffer.byte-limit = 33554432 (custom)
2022-11-08 11:41:47,221 [86012a26-2f7a-42b0-9674-f0c6f2d36cf9@group-6B0EAE512540-LeaderElection32] INFO  server.RaftServerConfigKeys (ConfUtils.java:logGet(46)) - raft.server.log.appender.buffer.element-limit = 1 (custom)
2022-11-08 11:41:47,221 [86012a26-2f7a-42b0-9674-f0c6f2d36cf9@group-6B0EAE512540-LeaderElection32] INFO  grpc.GrpcConfigKeys (ConfUtils.java:logGet(46)) - raft.grpc.server.leader.outstanding.appends.max = 128 (default)
2022-11-08 11:41:47,221 [86012a26-2f7a-42b0-9674-f0c6f2d36cf9@group-6B0EAE512540-LeaderElection32] INFO  server.RaftServerConfigKeys (ConfUtils.java:logGet(46)) - raft.server.rpc.request.timeout = 60s (custom)
2022-11-08 11:41:47,221 [86012a26-2f7a-42b0-9674-f0c6f2d36cf9@group-6B0EAE512540-LeaderElection32] INFO  server.RaftServerConfigKeys (ConfUtils.java:logGet(46)) - raft.server.log.appender.install.snapshot.enabled = false (custom)
2022-11-08 11:41:47,221 [86012a26-2f7a-42b0-9674-f0c6f2d36cf9@group-6B0EAE512540-LeaderElection32] INFO  grpc.GrpcConfigKeys (ConfUtils.java:logGet(46)) - raft.grpc.server.heartbeat.channel = true (default)
2022-11-08 11:41:47,221 [86012a26-2f7a-42b0-9674-f0c6f2d36cf9@group-6B0EAE512540-LeaderElection32] INFO  server.RaftServerConfigKeys (ConfUtils.java:logGet(46)) - raft.server.log.appender.wait-time.min = 10ms (default)
2022-11-08 11:41:47,221 [86012a26-2f7a-42b0-9674-f0c6f2d36cf9@group-6B0EAE512540-LeaderElection32] INFO  impl.RoleInfo (RoleInfo.java:updateAndGet(139)) - 86012a26-2f7a-42b0-9674-f0c6f2d36cf9: start 86012a26-2f7a-42b0-9674-f0c6f2d36cf9@group-6B0EAE512540-LeaderStateImpl
2022-11-08 11:41:47,222 [86012a26-2f7a-42b0-9674-f0c6f2d36cf9@group-6B0EAE512540-LeaderElection32] INFO  segmented.SegmentedRaftLogWorker (SegmentedRaftLogWorker.java:startLogSegment(452)) - 86012a26-2f7a-42b0-9674-f0c6f2d36cf9@group-6B0EAE512540-SegmentedRaftLogWorker: Starting segment from index:0
2022-11-08 11:41:47,232 [EventQueue-OpenPipelineForHealthyPipelineSafeModeRule] INFO  safemode.SCMSafeModeManager (HealthyPipelineSafeModeRule.java:process(137)) - SCM in safe mode. Healthy pipelines reported count is 1, required healthy pipeline reported count is 1
2022-11-08 11:41:47,232 [EventQueue-OpenPipelineForHealthyPipelineSafeModeRule] INFO  safemode.SCMSafeModeManager (SCMSafeModeManager.java:validateSafeModeExitRules(204)) - HealthyPipelineSafeModeRule rule is successfully validated
2022-11-08 11:41:47,232 [EventQueue-OpenPipelineForHealthyPipelineSafeModeRule] INFO  safemode.SCMSafeModeManager (SCMSafeModeManager.java:validateSafeModeExitRules(219)) - ScmSafeModeManager, all rules are successfully validated
2022-11-08 11:41:47,233 [EventQueue-OpenPipelineForHealthyPipelineSafeModeRule] INFO  safemode.SCMSafeModeManager (SCMSafeModeManager.java:exitSafeMode(248)) - SCM exiting safe mode.
2022-11-08 11:41:47,233 [EventQueue-OpenPipelineForHealthyPipelineSafeModeRule] WARN  events.EventQueue (EventQueue.java:fireEvent(216)) - No event handler registered for event TypedEvent{payloadType=SafeModeStatus, name='Safe mode status'}
2022-11-08 11:41:47,233 [EventQueue-OpenPipelineForHealthyPipelineSafeModeRule] INFO  ha.SCMContext (SCMContext.java:updateSafeModeStatus(228)) - Update SafeModeStatus from SafeModeStatus{safeModeStatus=true, preCheckPassed=true} to SafeModeStatus{safeModeStatus=false, preCheckPassed=true}.
2022-11-08 11:41:47,233 [EventQueue-OpenPipelineForHealthyPipelineSafeModeRule] INFO  pipeline.BackgroundPipelineCreator (BackgroundPipelineCreator.java:notifyStatusChanged(254)) - Service BackgroundPipelineCreator transitions to RUNNING.
2022-11-08 11:41:47,233 [EventQueue-OpenPipelineForHealthyPipelineSafeModeRule] INFO  BackgroundPipelineScrubber (BackgroundSCMService.java:notifyStatusChanged(82)) - Service BackgroundPipelineScrubber transitions to RUNNING.
2022-11-08 11:41:47,233 [EventQueue-OpenPipelineForHealthyPipelineSafeModeRule] INFO  ExpiredContainerReplicaOpScrubber (BackgroundSCMService.java:notifyStatusChanged(82)) - Service ExpiredContainerReplicaOpScrubber transitions to RUNNING.
2022-11-08 11:41:47,233 [EventQueue-OpenPipelineForHealthyPipelineSafeModeRule] INFO  replication.ReplicationManager (ReplicationManager.java:notifyStatusChanged(799)) - Service ReplicationManager transitions to RUNNING.
2022-11-08 11:41:47,233 [EventQueue-OpenPipelineForHealthyPipelineSafeModeRule] WARN  balancer.ContainerBalancer (ContainerBalancer.java:shouldRun(131)) - Could not find persisted configuration for ContainerBalancer when checking if ContainerBalancer should run. ContainerBalancer should not run now.
2022-11-08 11:41:47,235 [86012a26-2f7a-42b0-9674-f0c6f2d36cf9@group-6B0EAE512540-SegmentedRaftLogWorker] INFO  segmented.SegmentedRaftLogWorker (SegmentedRaftLogWorker.java:execute(656)) - 86012a26-2f7a-42b0-9674-f0c6f2d36cf9@group-6B0EAE512540-SegmentedRaftLogWorker: created new log segment /home/runner/work/ozone/ozone/hadoop-ozone/integration-test/target/test-dir/MiniOzoneClusterImpl-08243b3f-be7e-4743-8f19-be1c242049e7/datanode-1/data/ratis/f3424c51-a144-49a3-b366-6b0eae512540/current/log_inprogress_0
2022-11-08 11:41:47,235 [86012a26-2f7a-42b0-9674-f0c6f2d36cf9@group-6B0EAE512540-LeaderElection32] INFO  server.RaftServer$Division (ServerState.java:setRaftConf(430)) - 86012a26-2f7a-42b0-9674-f0c6f2d36cf9@group-6B0EAE512540: set configuration 0: peers:[86012a26-2f7a-42b0-9674-f0c6f2d36cf9|rpc:10.1.0.111:45781|dataStream:|priority:1|startupRole:FOLLOWER, 9f6d9e32-b5ab-49ef-be08-a692056fb1f3|rpc:10.1.0.111:37217|dataStream:|priority:0|startupRole:FOLLOWER, 69ebc52a-668b-4a1b-b1c8-adfe2408a111|rpc:10.1.0.111:42155|dataStream:|priority:0|startupRole:FOLLOWER]|listeners:[], old=null
2022-11-08 11:41:47,252 [9f6d9e32-b5ab-49ef-be08-a692056fb1f3-server-thread1] INFO  ratis.XceiverServerRatis (XceiverServerRatis.java:handleLeaderChangedNotification(863)) - Leader change notification received for group: group-6B0EAE512540 with new leaderId: 86012a26-2f7a-42b0-9674-f0c6f2d36cf9
2022-11-08 11:41:47,252 [9f6d9e32-b5ab-49ef-be08-a692056fb1f3-server-thread1] INFO  server.RaftServer$Division (ServerState.java:setLeader(313)) - 9f6d9e32-b5ab-49ef-be08-a692056fb1f3@group-6B0EAE512540: change Leader from null to 86012a26-2f7a-42b0-9674-f0c6f2d36cf9 at term 2 for appendEntries, leader elected after 10187ms
2022-11-08 11:41:47,255 [69ebc52a-668b-4a1b-b1c8-adfe2408a111-server-thread1] INFO  ratis.XceiverServerRatis (XceiverServerRatis.java:handleLeaderChangedNotification(863)) - Leader change notification received for group: group-6B0EAE512540 with new leaderId: 86012a26-2f7a-42b0-9674-f0c6f2d36cf9
2022-11-08 11:41:47,255 [69ebc52a-668b-4a1b-b1c8-adfe2408a111-server-thread1] INFO  server.RaftServer$Division (ServerState.java:setLeader(313)) - 69ebc52a-668b-4a1b-b1c8-adfe2408a111@group-6B0EAE512540: change Leader from null to 86012a26-2f7a-42b0-9674-f0c6f2d36cf9 at term 2 for appendEntries, leader elected after 10101ms
2022-11-08 11:41:47,261 [9f6d9e32-b5ab-49ef-be08-a692056fb1f3-server-thread2] INFO  server.RaftServer$Division (ServerState.java:setRaftConf(430)) - 9f6d9e32-b5ab-49ef-be08-a692056fb1f3@group-6B0EAE512540: set configuration 0: peers:[86012a26-2f7a-42b0-9674-f0c6f2d36cf9|rpc:10.1.0.111:45781|dataStream:|priority:1|startupRole:FOLLOWER, 9f6d9e32-b5ab-49ef-be08-a692056fb1f3|rpc:10.1.0.111:37217|dataStream:|priority:0|startupRole:FOLLOWER, 69ebc52a-668b-4a1b-b1c8-adfe2408a111|rpc:10.1.0.111:42155|dataStream:|priority:0|startupRole:FOLLOWER]|listeners:[], old=null
2022-11-08 11:41:47,261 [9f6d9e32-b5ab-49ef-be08-a692056fb1f3-server-thread2] INFO  segmented.SegmentedRaftLogWorker (SegmentedRaftLogWorker.java:startLogSegment(452)) - 9f6d9e32-b5ab-49ef-be08-a692056fb1f3@group-6B0EAE512540-SegmentedRaftLogWorker: Starting segment from index:0
2022-11-08 11:41:47,266 [9f6d9e32-b5ab-49ef-be08-a692056fb1f3@group-6B0EAE512540-SegmentedRaftLogWorker] INFO  segmented.SegmentedRaftLogWorker (SegmentedRaftLogWorker.java:execute(656)) - 9f6d9e32-b5ab-49ef-be08-a692056fb1f3@group-6B0EAE512540-SegmentedRaftLogWorker: created new log segment /home/runner/work/ozone/ozone/hadoop-ozone/integration-test/target/test-dir/MiniOzoneClusterImpl-08243b3f-be7e-4743-8f19-be1c242049e7/datanode-0/data/ratis/f3424c51-a144-49a3-b366-6b0eae512540/current/log_inprogress_0
2022-11-08 11:41:47,267 [69ebc52a-668b-4a1b-b1c8-adfe2408a111-server-thread2] INFO  server.RaftServer$Division (ServerState.java:setRaftConf(430)) - 69ebc52a-668b-4a1b-b1c8-adfe2408a111@group-6B0EAE512540: set configuration 0: peers:[86012a26-2f7a-42b0-9674-f0c6f2d36cf9|rpc:10.1.0.111:45781|dataStream:|priority:1|startupRole:FOLLOWER, 9f6d9e32-b5ab-49ef-be08-a692056fb1f3|rpc:10.1.0.111:37217|dataStream:|priority:0|startupRole:FOLLOWER, 69ebc52a-668b-4a1b-b1c8-adfe2408a111|rpc:10.1.0.111:42155|dataStream:|priority:0|startupRole:FOLLOWER]|listeners:[], old=null
2022-11-08 11:41:47,269 [69ebc52a-668b-4a1b-b1c8-adfe2408a111-server-thread2] INFO  segmented.SegmentedRaftLogWorker (SegmentedRaftLogWorker.java:startLogSegment(452)) - 69ebc52a-668b-4a1b-b1c8-adfe2408a111@group-6B0EAE512540-SegmentedRaftLogWorker: Starting segment from index:0
2022-11-08 11:41:47,270 [69ebc52a-668b-4a1b-b1c8-adfe2408a111@group-6B0EAE512540-SegmentedRaftLogWorker] INFO  segmented.SegmentedRaftLogWorker (SegmentedRaftLogWorker.java:execute(656)) - 69ebc52a-668b-4a1b-b1c8-adfe2408a111@group-6B0EAE512540-SegmentedRaftLogWorker: created new log segment /home/runner/work/ozone/ozone/hadoop-ozone/integration-test/target/test-dir/MiniOzoneClusterImpl-08243b3f-be7e-4743-8f19-be1c242049e7/datanode-2/data/ratis/f3424c51-a144-49a3-b366-6b0eae512540/current/log_inprogress_0
2022-11-08 11:41:47,307 [69ebc52a-668b-4a1b-b1c8-adfe2408a111@group-7E018C2E2285-FollowerState] INFO  impl.FollowerState (FollowerState.java:run(143)) - 69ebc52a-668b-4a1b-b1c8-adfe2408a111@group-7E018C2E2285-FollowerState: change to CANDIDATE, lastRpcElapsedTime:5006559456ns, electionTimeout:5006ms
2022-11-08 11:41:47,307 [69ebc52a-668b-4a1b-b1c8-adfe2408a111@group-7E018C2E2285-FollowerState] INFO  impl.RoleInfo (RoleInfo.java:shutdownFollowerState(110)) - 69ebc52a-668b-4a1b-b1c8-adfe2408a111: shutdown 69ebc52a-668b-4a1b-b1c8-adfe2408a111@group-7E018C2E2285-FollowerState
2022-11-08 11:41:47,307 [69ebc52a-668b-4a1b-b1c8-adfe2408a111@group-7E018C2E2285-FollowerState] INFO  server.RaftServer$Division (RaftServerImpl.java:setRole(321)) - 69ebc52a-668b-4a1b-b1c8-adfe2408a111@group-7E018C2E2285: changes role from  FOLLOWER to CANDIDATE at term 1 for changeToCandidate
2022-11-08 11:41:47,307 [69ebc52a-668b-4a1b-b1c8-adfe2408a111@group-7E018C2E2285-FollowerState] INFO  server.RaftServerConfigKeys (ConfUtils.java:logGet(46)) - raft.server.leaderelection.pre-vote = false (custom)
2022-11-08 11:41:47,307 [69ebc52a-668b-4a1b-b1c8-adfe2408a111@group-7E018C2E2285-FollowerState] INFO  impl.RoleInfo (RoleInfo.java:updateAndGet(139)) - 69ebc52a-668b-4a1b-b1c8-adfe2408a111: start 69ebc52a-668b-4a1b-b1c8-adfe2408a111@group-7E018C2E2285-LeaderElection33
2022-11-08 11:41:47,310 [69ebc52a-668b-4a1b-b1c8-adfe2408a111@group-7E018C2E2285-LeaderElection33] INFO  impl.LeaderElection (LeaderElection.java:askForVotes(312)) - 69ebc52a-668b-4a1b-b1c8-adfe2408a111@group-7E018C2E2285-LeaderElection33 ELECTION round 0: submit vote requests at term 2 for -1: peers:[86012a26-2f7a-42b0-9674-f0c6f2d36cf9|rpc:10.1.0.111:45781|dataStream:|priority:0|startupRole:FOLLOWER, 9f6d9e32-b5ab-49ef-be08-a692056fb1f3|rpc:10.1.0.111:37217|dataStream:|priority:1|startupRole:FOLLOWER, 69ebc52a-668b-4a1b-b1c8-adfe2408a111|rpc:10.1.0.111:42155|dataStream:|priority:0|startupRole:FOLLOWER]|listeners:[], old=null
2022-11-08 11:41:47,311 [69ebc52a-668b-4a1b-b1c8-adfe2408a111@group-7E018C2E2285-LeaderElection33] INFO  server.RaftServerConfigKeys (ConfUtils.java:logFallback(53)) - raft.server.rpc.first-election.timeout.min = 5s (fallback to raft.server.rpc.timeout.min)
2022-11-08 11:41:47,311 [69ebc52a-668b-4a1b-b1c8-adfe2408a111@group-7E018C2E2285-LeaderElection33] INFO  server.RaftServerConfigKeys (ConfUtils.java:logFallback(53)) - raft.server.rpc.first-election.timeout.max = 5200ms (fallback to raft.server.rpc.timeout.max)
2022-11-08 11:41:47,316 [grpc-default-executor-6] INFO  server.RaftServer$Division (RaftServerImpl.java:requestVote(1218)) - 9f6d9e32-b5ab-49ef-be08-a692056fb1f3@group-7E018C2E2285: receive requestVote(ELECTION, 69ebc52a-668b-4a1b-b1c8-adfe2408a111, group-7E018C2E2285, 2, (t:0, i:0))
2022-11-08 11:41:47,317 [grpc-default-executor-6] INFO  impl.VoteContext (VoteContext.java:log(48)) - 9f6d9e32-b5ab-49ef-be08-a692056fb1f3@group-7E018C2E2285-FOLLOWER: reject ELECTION from 69ebc52a-668b-4a1b-b1c8-adfe2408a111: our priority 1 > candidate's priority 0
2022-11-08 11:41:47,317 [grpc-default-executor-6] INFO  server.RaftServer$Division (RaftServerImpl.java:setRole(321)) - 9f6d9e32-b5ab-49ef-be08-a692056fb1f3@group-7E018C2E2285: changes role from  FOLLOWER to FOLLOWER at term 2 for candidate:69ebc52a-668b-4a1b-b1c8-adfe2408a111
2022-11-08 11:41:47,317 [grpc-default-executor-6] INFO  impl.RoleInfo (RoleInfo.java:shutdownFollowerState(110)) - 9f6d9e32-b5ab-49ef-be08-a692056fb1f3: shutdown 9f6d9e32-b5ab-49ef-be08-a692056fb1f3@group-7E018C2E2285-FollowerState
2022-11-08 11:41:47,317 [grpc-default-executor-6] INFO  impl.RoleInfo (RoleInfo.java:updateAndGet(139)) - 9f6d9e32-b5ab-49ef-be08-a692056fb1f3: start 9f6d9e32-b5ab-49ef-be08-a692056fb1f3@group-7E018C2E2285-FollowerState
2022-11-08 11:41:47,317 [9f6d9e32-b5ab-49ef-be08-a692056fb1f3@group-7E018C2E2285-FollowerState] INFO  impl.FollowerState (FollowerState.java:run(152)) - 9f6d9e32-b5ab-49ef-be08-a692056fb1f3@group-7E018C2E2285-FollowerState was interrupted
2022-11-08 11:41:47,317 [9f6d9e32-b5ab-49ef-be08-a692056fb1f3@group-7E018C2E2285-FollowerState] INFO  server.RaftServerConfigKeys (ConfUtils.java:logFallback(53)) - raft.server.rpc.first-election.timeout.min = 5s (fallback to raft.server.rpc.timeout.min)
2022-11-08 11:41:47,317 [9f6d9e32-b5ab-49ef-be08-a692056fb1f3@group-7E018C2E2285-FollowerState] INFO  server.RaftServerConfigKeys (ConfUtils.java:logFallback(53)) - raft.server.rpc.first-election.timeout.max = 5200ms (fallback to raft.server.rpc.timeout.max)
2022-11-08 11:41:47,319 [grpc-default-executor-6] INFO  server.RaftServer$Division (RaftServerImpl.java:requestVote(1251)) - 9f6d9e32-b5ab-49ef-be08-a692056fb1f3@group-7E018C2E2285 replies to ELECTION vote request: 69ebc52a-668b-4a1b-b1c8-adfe2408a111<-9f6d9e32-b5ab-49ef-be08-a692056fb1f3#0:FAIL-t2. Peer's state: 9f6d9e32-b5ab-49ef-be08-a692056fb1f3@group-7E018C2E2285:t2, leader=null, voted=null, raftlog=Memoized:9f6d9e32-b5ab-49ef-be08-a692056fb1f3@group-7E018C2E2285-SegmentedRaftLog:OPENED:c-1, conf=-1: peers:[86012a26-2f7a-42b0-9674-f0c6f2d36cf9|rpc:10.1.0.111:45781|priority:0|startupRole:FOLLOWER, 9f6d9e32-b5ab-49ef-be08-a692056fb1f3|rpc:10.1.0.111:37217|priority:1|startupRole:FOLLOWER, 69ebc52a-668b-4a1b-b1c8-adfe2408a111|rpc:10.1.0.111:42155|priority:0|startupRole:FOLLOWER]|listeners:[], old=null
2022-11-08 11:41:47,320 [grpc-default-executor-5] INFO  server.RaftServer$Division (RaftServerImpl.java:requestVote(1218)) - 86012a26-2f7a-42b0-9674-f0c6f2d36cf9@group-7E018C2E2285: receive requestVote(ELECTION, 69ebc52a-668b-4a1b-b1c8-adfe2408a111, group-7E018C2E2285, 2, (t:0, i:0))
2022-11-08 11:41:47,320 [grpc-default-executor-5] INFO  impl.VoteContext (VoteContext.java:log(48)) - 86012a26-2f7a-42b0-9674-f0c6f2d36cf9@group-7E018C2E2285-FOLLOWER: accept ELECTION from 69ebc52a-668b-4a1b-b1c8-adfe2408a111: our priority 0 <= candidate's priority 0
2022-11-08 11:41:47,320 [grpc-default-executor-5] INFO  server.RaftServer$Division (RaftServerImpl.java:setRole(321)) - 86012a26-2f7a-42b0-9674-f0c6f2d36cf9@group-7E018C2E2285: changes role from  FOLLOWER to FOLLOWER at term 2 for candidate:69ebc52a-668b-4a1b-b1c8-adfe2408a111
2022-11-08 11:41:47,320 [grpc-default-executor-5] INFO  impl.RoleInfo (RoleInfo.java:shutdownFollowerState(110)) - 86012a26-2f7a-42b0-9674-f0c6f2d36cf9: shutdown 86012a26-2f7a-42b0-9674-f0c6f2d36cf9@group-7E018C2E2285-FollowerState
2022-11-08 11:41:47,320 [grpc-default-executor-5] INFO  impl.RoleInfo (RoleInfo.java:updateAndGet(139)) - 86012a26-2f7a-42b0-9674-f0c6f2d36cf9: start 86012a26-2f7a-42b0-9674-f0c6f2d36cf9@group-7E018C2E2285-FollowerState
2022-11-08 11:41:47,320 [86012a26-2f7a-42b0-9674-f0c6f2d36cf9@group-7E018C2E2285-FollowerState] INFO  impl.FollowerState (FollowerState.java:run(152)) - 86012a26-2f7a-42b0-9674-f0c6f2d36cf9@group-7E018C2E2285-FollowerState was interrupted
2022-11-08 11:41:47,325 [grpc-default-executor-5] INFO  server.RaftServer$Division (RaftServerImpl.java:requestVote(1251)) - 86012a26-2f7a-42b0-9674-f0c6f2d36cf9@group-7E018C2E2285 replies to ELECTION vote request: 69ebc52a-668b-4a1b-b1c8-adfe2408a111<-86012a26-2f7a-42b0-9674-f0c6f2d36cf9#0:OK-t2. Peer's state: 86012a26-2f7a-42b0-9674-f0c6f2d36cf9@group-7E018C2E2285:t2, leader=null, voted=69ebc52a-668b-4a1b-b1c8-adfe2408a111, raftlog=Memoized:86012a26-2f7a-42b0-9674-f0c6f2d36cf9@group-7E018C2E2285-SegmentedRaftLog:OPENED:c-1, conf=-1: peers:[86012a26-2f7a-42b0-9674-f0c6f2d36cf9|rpc:10.1.0.111:45781|dataStream:|priority:0|startupRole:FOLLOWER, 9f6d9e32-b5ab-49ef-be08-a692056fb1f3|rpc:10.1.0.111:37217|dataStream:|priority:1|startupRole:FOLLOWER, 69ebc52a-668b-4a1b-b1c8-adfe2408a111|rpc:10.1.0.111:42155|dataStream:|priority:0|startupRole:FOLLOWER]|listeners:[], old=null
2022-11-08 11:41:47,325 [86012a26-2f7a-42b0-9674-f0c6f2d36cf9@group-7E018C2E2285-FollowerState] INFO  server.RaftServerConfigKeys (ConfUtils.java:logFallback(53)) - raft.server.rpc.first-election.timeout.min = 5s (fallback to raft.server.rpc.timeout.min)
2022-11-08 11:41:47,326 [86012a26-2f7a-42b0-9674-f0c6f2d36cf9@group-7E018C2E2285-FollowerState] INFO  server.RaftServerConfigKeys (ConfUtils.java:logFallback(53)) - raft.server.rpc.first-election.timeout.max = 5200ms (fallback to raft.server.rpc.timeout.max)
2022-11-08 11:41:47,326 [69ebc52a-668b-4a1b-b1c8-adfe2408a111@group-7E018C2E2285-LeaderElection33] INFO  impl.LeaderElection (LeaderElection.java:logAndReturn(90)) - 69ebc52a-668b-4a1b-b1c8-adfe2408a111@group-7E018C2E2285-LeaderElection33: ELECTION REJECTED received 1 response(s) and 0 exception(s):
2022-11-08 11:41:47,326 [69ebc52a-668b-4a1b-b1c8-adfe2408a111@group-7E018C2E2285-LeaderElection33] INFO  impl.LeaderElection (LeaderElection.java:logAndReturn(94)) -   Response 0: 69ebc52a-668b-4a1b-b1c8-adfe2408a111<-9f6d9e32-b5ab-49ef-be08-a692056fb1f3#0:FAIL-t2
2022-11-08 11:41:47,327 [69ebc52a-668b-4a1b-b1c8-adfe2408a111@group-7E018C2E2285-LeaderElection33] INFO  impl.LeaderElection (LeaderElection.java:askForVotes(314)) - 69ebc52a-668b-4a1b-b1c8-adfe2408a111@group-7E018C2E2285-LeaderElection33 ELECTION round 0: result REJECTED
2022-11-08 11:41:47,327 [69ebc52a-668b-4a1b-b1c8-adfe2408a111@group-7E018C2E2285-LeaderElection33] INFO  server.RaftServer$Division (RaftServerImpl.java:setRole(321)) - 69ebc52a-668b-4a1b-b1c8-adfe2408a111@group-7E018C2E2285: changes role from CANDIDATE to FOLLOWER at term 2 for REJECTED
2022-11-08 11:41:47,327 [69ebc52a-668b-4a1b-b1c8-adfe2408a111@group-7E018C2E2285-LeaderElection33] INFO  impl.RoleInfo (RoleInfo.java:shutdownLeaderElection(130)) - 69ebc52a-668b-4a1b-b1c8-adfe2408a111: shutdown 69ebc52a-668b-4a1b-b1c8-adfe2408a111@group-7E018C2E2285-LeaderElection33
2022-11-08 11:41:47,327 [69ebc52a-668b-4a1b-b1c8-adfe2408a111@group-7E018C2E2285-LeaderElection33] INFO  impl.RoleInfo (RoleInfo.java:updateAndGet(139)) - 69ebc52a-668b-4a1b-b1c8-adfe2408a111: start 69ebc52a-668b-4a1b-b1c8-adfe2408a111@group-7E018C2E2285-FollowerState
2022-11-08 11:41:47,328 [69ebc52a-668b-4a1b-b1c8-adfe2408a111@group-7E018C2E2285-FollowerState] INFO  server.RaftServerConfigKeys (ConfUtils.java:logFallback(53)) - raft.server.rpc.first-election.timeout.min = 5s (fallback to raft.server.rpc.timeout.min)
2022-11-08 11:41:47,328 [69ebc52a-668b-4a1b-b1c8-adfe2408a111@group-7E018C2E2285-FollowerState] INFO  server.RaftServerConfigKeys (ConfUtils.java:logFallback(53)) - raft.server.rpc.first-election.timeout.max = 5200ms (fallback to raft.server.rpc.timeout.max)
2022-11-08 11:41:48,045 [Listener at 127.0.0.1/46561] INFO  ozone.MiniOzoneClusterImpl (MiniOzoneClusterImpl.java:lambda$waitForClusterToBeReady$0(216)) - Nodes are ready. Got 6 of 6 DN Heartbeats.
2022-11-08 11:41:48,045 [Listener at 127.0.0.1/46561] INFO  ozone.MiniOzoneClusterImpl (MiniOzoneClusterImpl.java:lambda$waitForClusterToBeReady$0(219)) - Cluster exits safe mode
2022-11-08 11:41:48,045 [Listener at 127.0.0.1/46561] INFO  ozone.MiniOzoneClusterImpl (MiniOzoneClusterImpl.java:lambda$waitForClusterToBeReady$0(221)) - SCM became leader
2022-11-08 11:41:48,464 [188713c8-c2c6-4040-a876-e7c7ddd4017d@group-D1C05AEAF764-FollowerState] INFO  impl.FollowerState (FollowerState.java:run(143)) - 188713c8-c2c6-4040-a876-e7c7ddd4017d@group-D1C05AEAF764-FollowerState: change to CANDIDATE, lastRpcElapsedTime:5086265627ns, electionTimeout:5082ms
2022-11-08 11:41:48,464 [188713c8-c2c6-4040-a876-e7c7ddd4017d@group-D1C05AEAF764-FollowerState] INFO  impl.RoleInfo (RoleInfo.java:shutdownFollowerState(110)) - 188713c8-c2c6-4040-a876-e7c7ddd4017d: shutdown 188713c8-c2c6-4040-a876-e7c7ddd4017d@group-D1C05AEAF764-FollowerState
2022-11-08 11:41:48,465 [188713c8-c2c6-4040-a876-e7c7ddd4017d@group-D1C05AEAF764-FollowerState] INFO  server.RaftServer$Division (RaftServerImpl.java:setRole(321)) - 188713c8-c2c6-4040-a876-e7c7ddd4017d@group-D1C05AEAF764: changes role from  FOLLOWER to CANDIDATE at term 1 for changeToCandidate
2022-11-08 11:41:48,465 [188713c8-c2c6-4040-a876-e7c7ddd4017d@group-D1C05AEAF764-FollowerState] INFO  server.RaftServerConfigKeys (ConfUtils.java:logGet(46)) - raft.server.leaderelection.pre-vote = false (custom)
2022-11-08 11:41:48,465 [188713c8-c2c6-4040-a876-e7c7ddd4017d@group-D1C05AEAF764-FollowerState] INFO  impl.RoleInfo (RoleInfo.java:updateAndGet(139)) - 188713c8-c2c6-4040-a876-e7c7ddd4017d: start 188713c8-c2c6-4040-a876-e7c7ddd4017d@group-D1C05AEAF764-LeaderElection34
2022-11-08 11:41:48,468 [188713c8-c2c6-4040-a876-e7c7ddd4017d@group-D1C05AEAF764-LeaderElection34] INFO  impl.LeaderElection (LeaderElection.java:askForVotes(312)) - 188713c8-c2c6-4040-a876-e7c7ddd4017d@group-D1C05AEAF764-LeaderElection34 ELECTION round 0: submit vote requests at term 2 for -1: peers:[188713c8-c2c6-4040-a876-e7c7ddd4017d|rpc:10.1.0.111:40121|priority:1|startupRole:FOLLOWER, d1b20379-1bd2-4861-a9be-2c8bcc065cb9|rpc:10.1.0.111:33049|priority:0|startupRole:FOLLOWER, f62ccb74-7881-4f2b-9330-2297662ca0ca|rpc:10.1.0.111:45879|priority:0|startupRole:FOLLOWER]|listeners:[], old=null
2022-11-08 11:41:48,468 [188713c8-c2c6-4040-a876-e7c7ddd4017d@group-D1C05AEAF764-LeaderElection34] INFO  server.RaftServerConfigKeys (ConfUtils.java:logFallback(53)) - raft.server.rpc.first-election.timeout.min = 5s (fallback to raft.server.rpc.timeout.min)
2022-11-08 11:41:48,468 [188713c8-c2c6-4040-a876-e7c7ddd4017d@group-D1C05AEAF764-LeaderElection34] INFO  server.RaftServerConfigKeys (ConfUtils.java:logFallback(53)) - raft.server.rpc.first-election.timeout.max = 5200ms (fallback to raft.server.rpc.timeout.max)
2022-11-08 11:41:48,470 [grpc-default-executor-5] INFO  server.RaftServer$Division (RaftServerImpl.java:requestVote(1218)) - d1b20379-1bd2-4861-a9be-2c8bcc065cb9@group-D1C05AEAF764: receive requestVote(ELECTION, 188713c8-c2c6-4040-a876-e7c7ddd4017d, group-D1C05AEAF764, 2, (t:0, i:0))
2022-11-08 11:41:48,470 [grpc-default-executor-5] INFO  impl.VoteContext (VoteContext.java:log(48)) - d1b20379-1bd2-4861-a9be-2c8bcc065cb9@group-D1C05AEAF764-FOLLOWER: accept ELECTION from 188713c8-c2c6-4040-a876-e7c7ddd4017d: our priority 0 <= candidate's priority 1
2022-11-08 11:41:48,470 [grpc-default-executor-5] INFO  server.RaftServer$Division (RaftServerImpl.java:setRole(321)) - d1b20379-1bd2-4861-a9be-2c8bcc065cb9@group-D1C05AEAF764: changes role from  FOLLOWER to FOLLOWER at term 2 for candidate:188713c8-c2c6-4040-a876-e7c7ddd4017d
2022-11-08 11:41:48,470 [grpc-default-executor-5] INFO  impl.RoleInfo (RoleInfo.java:shutdownFollowerState(110)) - d1b20379-1bd2-4861-a9be-2c8bcc065cb9: shutdown d1b20379-1bd2-4861-a9be-2c8bcc065cb9@group-D1C05AEAF764-FollowerState
2022-11-08 11:41:48,470 [grpc-default-executor-5] INFO  impl.RoleInfo (RoleInfo.java:updateAndGet(139)) - d1b20379-1bd2-4861-a9be-2c8bcc065cb9: start d1b20379-1bd2-4861-a9be-2c8bcc065cb9@group-D1C05AEAF764-FollowerState
2022-11-08 11:41:48,470 [d1b20379-1bd2-4861-a9be-2c8bcc065cb9@group-D1C05AEAF764-FollowerState] INFO  impl.FollowerState (FollowerState.java:run(152)) - d1b20379-1bd2-4861-a9be-2c8bcc065cb9@group-D1C05AEAF764-FollowerState was interrupted
2022-11-08 11:41:48,472 [d1b20379-1bd2-4861-a9be-2c8bcc065cb9@group-D1C05AEAF764-FollowerState] INFO  server.RaftServerConfigKeys (ConfUtils.java:logFallback(53)) - raft.server.rpc.first-election.timeout.min = 5s (fallback to raft.server.rpc.timeout.min)
2022-11-08 11:41:48,472 [d1b20379-1bd2-4861-a9be-2c8bcc065cb9@group-D1C05AEAF764-FollowerState] INFO  server.RaftServerConfigKeys (ConfUtils.java:logFallback(53)) - raft.server.rpc.first-election.timeout.max = 5200ms (fallback to raft.server.rpc.timeout.max)
2022-11-08 11:41:48,473 [grpc-default-executor-6] INFO  server.RaftServer$Division (RaftServerImpl.java:requestVote(1218)) - f62ccb74-7881-4f2b-9330-2297662ca0ca@group-D1C05AEAF764: receive requestVote(ELECTION, 188713c8-c2c6-4040-a876-e7c7ddd4017d, group-D1C05AEAF764, 2, (t:0, i:0))
2022-11-08 11:41:48,474 [grpc-default-executor-5] INFO  server.RaftServer$Division (RaftServerImpl.java:requestVote(1251)) - d1b20379-1bd2-4861-a9be-2c8bcc065cb9@group-D1C05AEAF764 replies to ELECTION vote request: 188713c8-c2c6-4040-a876-e7c7ddd4017d<-d1b20379-1bd2-4861-a9be-2c8bcc065cb9#0:OK-t2. Peer's state: d1b20379-1bd2-4861-a9be-2c8bcc065cb9@group-D1C05AEAF764:t2, leader=null, voted=188713c8-c2c6-4040-a876-e7c7ddd4017d, raftlog=Memoized:d1b20379-1bd2-4861-a9be-2c8bcc065cb9@group-D1C05AEAF764-SegmentedRaftLog:OPENED:c-1, conf=-1: peers:[188713c8-c2c6-4040-a876-e7c7ddd4017d|rpc:10.1.0.111:40121|dataStream:|priority:1|startupRole:FOLLOWER, d1b20379-1bd2-4861-a9be-2c8bcc065cb9|rpc:10.1.0.111:33049|dataStream:|priority:0|startupRole:FOLLOWER, f62ccb74-7881-4f2b-9330-2297662ca0ca|rpc:10.1.0.111:45879|dataStream:|priority:0|startupRole:FOLLOWER]|listeners:[], old=null
2022-11-08 11:41:48,475 [grpc-default-executor-6] INFO  impl.VoteContext (VoteContext.java:log(48)) - f62ccb74-7881-4f2b-9330-2297662ca0ca@group-D1C05AEAF764-FOLLOWER: accept ELECTION from 188713c8-c2c6-4040-a876-e7c7ddd4017d: our priority 0 <= candidate's priority 1
2022-11-08 11:41:48,477 [grpc-default-executor-6] INFO  server.RaftServer$Division (RaftServerImpl.java:setRole(321)) - f62ccb74-7881-4f2b-9330-2297662ca0ca@group-D1C05AEAF764: changes role from  FOLLOWER to FOLLOWER at term 2 for candidate:188713c8-c2c6-4040-a876-e7c7ddd4017d
2022-11-08 11:41:48,477 [grpc-default-executor-6] INFO  impl.RoleInfo (RoleInfo.java:shutdownFollowerState(110)) - f62ccb74-7881-4f2b-9330-2297662ca0ca: shutdown f62ccb74-7881-4f2b-9330-2297662ca0ca@group-D1C05AEAF764-FollowerState
2022-11-08 11:41:48,477 [grpc-default-executor-6] INFO  impl.RoleInfo (RoleInfo.java:updateAndGet(139)) - f62ccb74-7881-4f2b-9330-2297662ca0ca: start f62ccb74-7881-4f2b-9330-2297662ca0ca@group-D1C05AEAF764-FollowerState
2022-11-08 11:41:48,477 [f62ccb74-7881-4f2b-9330-2297662ca0ca@group-D1C05AEAF764-FollowerState] INFO  impl.FollowerState (FollowerState.java:run(152)) - f62ccb74-7881-4f2b-9330-2297662ca0ca@group-D1C05AEAF764-FollowerState was interrupted
2022-11-08 11:41:48,477 [188713c8-c2c6-4040-a876-e7c7ddd4017d@group-D1C05AEAF764-LeaderElection34] INFO  impl.LeaderElection (LeaderElection.java:logAndReturn(90)) - 188713c8-c2c6-4040-a876-e7c7ddd4017d@group-D1C05AEAF764-LeaderElection34: ELECTION PASSED received 1 response(s) and 0 exception(s):
2022-11-08 11:41:48,477 [188713c8-c2c6-4040-a876-e7c7ddd4017d@group-D1C05AEAF764-LeaderElection34] INFO  impl.LeaderElection (LeaderElection.java:logAndReturn(94)) -   Response 0: 188713c8-c2c6-4040-a876-e7c7ddd4017d<-d1b20379-1bd2-4861-a9be-2c8bcc065cb9#0:OK-t2
2022-11-08 11:41:48,478 [188713c8-c2c6-4040-a876-e7c7ddd4017d@group-D1C05AEAF764-LeaderElection34] INFO  impl.LeaderElection (LeaderElection.java:askForVotes(314)) - 188713c8-c2c6-4040-a876-e7c7ddd4017d@group-D1C05AEAF764-LeaderElection34 ELECTION round 0: result PASSED
2022-11-08 11:41:48,478 [188713c8-c2c6-4040-a876-e7c7ddd4017d@group-D1C05AEAF764-LeaderElection34] INFO  impl.RoleInfo (RoleInfo.java:shutdownLeaderElection(130)) - 188713c8-c2c6-4040-a876-e7c7ddd4017d: shutdown 188713c8-c2c6-4040-a876-e7c7ddd4017d@group-D1C05AEAF764-LeaderElection34
2022-11-08 11:41:48,478 [188713c8-c2c6-4040-a876-e7c7ddd4017d@group-D1C05AEAF764-LeaderElection34] INFO  server.RaftServer$Division (RaftServerImpl.java:setRole(321)) - 188713c8-c2c6-4040-a876-e7c7ddd4017d@group-D1C05AEAF764: changes role from CANDIDATE to LEADER at term 2 for changeToLeader
2022-11-08 11:41:48,478 [188713c8-c2c6-4040-a876-e7c7ddd4017d@group-D1C05AEAF764-LeaderElection34] INFO  ratis.XceiverServerRatis (XceiverServerRatis.java:handleLeaderChangedNotification(863)) - Leader change notification received for group: group-D1C05AEAF764 with new leaderId: 188713c8-c2c6-4040-a876-e7c7ddd4017d
2022-11-08 11:41:48,478 [188713c8-c2c6-4040-a876-e7c7ddd4017d@group-D1C05AEAF764-LeaderElection34] INFO  server.RaftServer$Division (ServerState.java:setLeader(313)) - 188713c8-c2c6-4040-a876-e7c7ddd4017d@group-D1C05AEAF764: change Leader from null to 188713c8-c2c6-4040-a876-e7c7ddd4017d at term 2 for becomeLeader, leader elected after 10237ms
2022-11-08 11:41:48,479 [188713c8-c2c6-4040-a876-e7c7ddd4017d@group-D1C05AEAF764-LeaderElection34] INFO  server.RaftServerConfigKeys (ConfUtils.java:logGet(46)) - raft.server.staging.catchup.gap = 1000 (default)
2022-11-08 11:41:48,479 [188713c8-c2c6-4040-a876-e7c7ddd4017d@group-D1C05AEAF764-LeaderElection34] INFO  server.RaftServerConfigKeys (ConfUtils.java:logGet(46)) - raft.server.write.element-limit = 1024 (custom)
2022-11-08 11:41:48,479 [188713c8-c2c6-4040-a876-e7c7ddd4017d@group-D1C05AEAF764-LeaderElection34] INFO  server.RaftServerConfigKeys (ConfUtils.java:logGet(46)) - raft.server.write.byte-limit = 1024 M (=1073741824) (custom)
2022-11-08 11:41:48,480 [188713c8-c2c6-4040-a876-e7c7ddd4017d@group-D1C05AEAF764-LeaderElection34] INFO  server.RaftServerConfigKeys (ConfUtils.java:logGet(46)) - raft.server.watch.timeout = 180s (custom)
2022-11-08 11:41:48,480 [188713c8-c2c6-4040-a876-e7c7ddd4017d@group-D1C05AEAF764-LeaderElection34] INFO  server.RaftServerConfigKeys (ConfUtils.java:logGet(46)) - raft.server.watch.timeout.denomination = 1s (default)
2022-11-08 11:41:48,480 [188713c8-c2c6-4040-a876-e7c7ddd4017d@group-D1C05AEAF764-LeaderElection34] INFO  server.RaftServerConfigKeys (ConfUtils.java:logGet(46)) - raft.server.watch.element-limit = 65536 (default)
2022-11-08 11:41:48,480 [188713c8-c2c6-4040-a876-e7c7ddd4017d@group-D1C05AEAF764-LeaderElection34] INFO  server.RaftServerConfigKeys (ConfUtils.java:logGet(46)) - raft.server.write.element-limit = 1024 (custom)
2022-11-08 11:41:48,480 [188713c8-c2c6-4040-a876-e7c7ddd4017d@group-D1C05AEAF764-LeaderElection34] INFO  server.RaftServerConfigKeys (ConfUtils.java:logGet(46)) - raft.server.write.follower.gap.ratio.max = -1.0 (default)
2022-11-08 11:41:48,481 [grpc-default-executor-6] INFO  server.RaftServer$Division (RaftServerImpl.java:requestVote(1251)) - f62ccb74-7881-4f2b-9330-2297662ca0ca@group-D1C05AEAF764 replies to ELECTION vote request: 188713c8-c2c6-4040-a876-e7c7ddd4017d<-f62ccb74-7881-4f2b-9330-2297662ca0ca#0:OK-t2. Peer's state: f62ccb74-7881-4f2b-9330-2297662ca0ca@group-D1C05AEAF764:t2, leader=null, voted=188713c8-c2c6-4040-a876-e7c7ddd4017d, raftlog=Memoized:f62ccb74-7881-4f2b-9330-2297662ca0ca@group-D1C05AEAF764-SegmentedRaftLog:OPENED:c-1, conf=-1: peers:[188713c8-c2c6-4040-a876-e7c7ddd4017d|rpc:10.1.0.111:40121|dataStream:|priority:1|startupRole:FOLLOWER, d1b20379-1bd2-4861-a9be-2c8bcc065cb9|rpc:10.1.0.111:33049|dataStream:|priority:0|startupRole:FOLLOWER, f62ccb74-7881-4f2b-9330-2297662ca0ca|rpc:10.1.0.111:45879|dataStream:|priority:0|startupRole:FOLLOWER]|listeners:[], old=null
2022-11-08 11:41:48,482 [d1b20379-1bd2-4861-a9be-2c8bcc065cb9@group-7FA7A550F732-FollowerState] INFO  impl.FollowerState (FollowerState.java:run(143)) - d1b20379-1bd2-4861-a9be-2c8bcc065cb9@group-7FA7A550F732-FollowerState: change to CANDIDATE, lastRpcElapsedTime:5019797469ns, electionTimeout:5012ms
2022-11-08 11:41:48,488 [d1b20379-1bd2-4861-a9be-2c8bcc065cb9@group-7FA7A550F732-FollowerState] INFO  impl.RoleInfo (RoleInfo.java:shutdownFollowerState(110)) - d1b20379-1bd2-4861-a9be-2c8bcc065cb9: shutdown d1b20379-1bd2-4861-a9be-2c8bcc065cb9@group-7FA7A550F732-FollowerState
2022-11-08 11:41:48,488 [d1b20379-1bd2-4861-a9be-2c8bcc065cb9@group-7FA7A550F732-FollowerState] INFO  server.RaftServer$Division (RaftServerImpl.java:setRole(321)) - d1b20379-1bd2-4861-a9be-2c8bcc065cb9@group-7FA7A550F732: changes role from  FOLLOWER to CANDIDATE at term 1 for changeToCandidate
2022-11-08 11:41:48,488 [d1b20379-1bd2-4861-a9be-2c8bcc065cb9@group-7FA7A550F732-FollowerState] INFO  server.RaftServerConfigKeys (ConfUtils.java:logGet(46)) - raft.server.leaderelection.pre-vote = false (custom)
2022-11-08 11:41:48,488 [d1b20379-1bd2-4861-a9be-2c8bcc065cb9@group-7FA7A550F732-FollowerState] INFO  impl.RoleInfo (RoleInfo.java:updateAndGet(139)) - d1b20379-1bd2-4861-a9be-2c8bcc065cb9: start d1b20379-1bd2-4861-a9be-2c8bcc065cb9@group-7FA7A550F732-LeaderElection35
2022-11-08 11:41:48,493 [188713c8-c2c6-4040-a876-e7c7ddd4017d@group-D1C05AEAF764-LeaderElection34] INFO  server.RaftServerConfigKeys (ConfUtils.java:logGet(46)) - raft.server.log.appender.snapshot.chunk.size.max = 16MB (=16777216) (default)
2022-11-08 11:41:48,493 [EventQueue-PipelineReportForPipelineReportHandler] INFO  pipeline.PipelineManagerImpl (PipelineManagerImpl.java:openPipeline(367)) - Pipeline Pipeline[ Id: eaecf3a5-4596-488f-bf4f-d1c05aeaf764, Nodes: d1b20379-1bd2-4861-a9be-2c8bcc065cb9{ip: 10.1.0.111, host: fv-az573-890.uspngagyt4suddso0aj1djjezg.dx.internal.cloudapp.net, ports: [REPLICATION=33047, RATIS=33049, RATIS_ADMIN=33049, RATIS_SERVER=33049, STANDALONE=37161], networkLocation: /default-rack, certSerialId: null, persistedOpState: IN_SERVICE, persistedOpStateExpiryEpochSec: 0}f62ccb74-7881-4f2b-9330-2297662ca0ca{ip: 10.1.0.111, host: fv-az573-890.uspngagyt4suddso0aj1djjezg.dx.internal.cloudapp.net, ports: [REPLICATION=42249, RATIS=45879, RATIS_ADMIN=45879, RATIS_SERVER=45879, STANDALONE=42685], networkLocation: /default-rack, certSerialId: null, persistedOpState: IN_SERVICE, persistedOpStateExpiryEpochSec: 0}188713c8-c2c6-4040-a876-e7c7ddd4017d{ip: 10.1.0.111, host: fv-az573-890.uspngagyt4suddso0aj1djjezg.dx.internal.cloudapp.net, ports: [REPLICATION=45051, RATIS=40121, RATIS_ADMIN=40121, RATIS_SERVER=40121, STANDALONE=40641], networkLocation: /default-rack, certSerialId: null, persistedOpState: IN_SERVICE, persistedOpStateExpiryEpochSec: 0}, ReplicationConfig: RATIS/THREE, State:ALLOCATED, leaderId:188713c8-c2c6-4040-a876-e7c7ddd4017d, CreationTimestamp2022-11-08T11:41:36.037Z[Etc/UTC]] moved to OPEN state
2022-11-08 11:41:48,493 [188713c8-c2c6-4040-a876-e7c7ddd4017d@group-D1C05AEAF764-LeaderElection34] INFO  server.RaftServerConfigKeys (ConfUtils.java:logGet(46)) - raft.server.log.appender.buffer.byte-limit = 33554432 (custom)
2022-11-08 11:41:48,493 [188713c8-c2c6-4040-a876-e7c7ddd4017d@group-D1C05AEAF764-LeaderElection34] INFO  server.RaftServerConfigKeys (ConfUtils.java:logGet(46)) - raft.server.log.appender.buffer.element-limit = 1 (custom)
2022-11-08 11:41:48,494 [188713c8-c2c6-4040-a876-e7c7ddd4017d@group-D1C05AEAF764-LeaderElection34] INFO  grpc.GrpcConfigKeys (ConfUtils.java:logGet(46)) - raft.grpc.server.leader.outstanding.appends.max = 128 (default)
2022-11-08 11:41:48,494 [188713c8-c2c6-4040-a876-e7c7ddd4017d@group-D1C05AEAF764-LeaderElection34] INFO  server.RaftServerConfigKeys (ConfUtils.java:logGet(46)) - raft.server.rpc.request.timeout = 60s (custom)
2022-11-08 11:41:48,494 [188713c8-c2c6-4040-a876-e7c7ddd4017d@group-D1C05AEAF764-LeaderElection34] INFO  server.RaftServerConfigKeys (ConfUtils.java:logGet(46)) - raft.server.log.appender.install.snapshot.enabled = false (custom)
2022-11-08 11:41:48,494 [188713c8-c2c6-4040-a876-e7c7ddd4017d@group-D1C05AEAF764-LeaderElection34] INFO  grpc.GrpcConfigKeys (ConfUtils.java:logGet(46)) - raft.grpc.server.heartbeat.channel = true (default)
2022-11-08 11:41:48,494 [188713c8-c2c6-4040-a876-e7c7ddd4017d@group-D1C05AEAF764-LeaderElection34] INFO  server.RaftServerConfigKeys (ConfUtils.java:logGet(46)) - raft.server.log.appender.wait-time.min = 10ms (default)
2022-11-08 11:41:48,495 [188713c8-c2c6-4040-a876-e7c7ddd4017d@group-D1C05AEAF764-LeaderElection34] INFO  server.RaftServerConfigKeys (ConfUtils.java:logGet(46)) - raft.server.log.appender.snapshot.chunk.size.max = 16MB (=16777216) (default)
2022-11-08 11:41:48,495 [188713c8-c2c6-4040-a876-e7c7ddd4017d@group-D1C05AEAF764-LeaderElection34] INFO  server.RaftServerConfigKeys (ConfUtils.java:logGet(46)) - raft.server.log.appender.buffer.byte-limit = 33554432 (custom)
2022-11-08 11:41:48,495 [188713c8-c2c6-4040-a876-e7c7ddd4017d@group-D1C05AEAF764-LeaderElection34] INFO  server.RaftServerConfigKeys (ConfUtils.java:logGet(46)) - raft.server.log.appender.buffer.element-limit = 1 (custom)
2022-11-08 11:41:48,495 [188713c8-c2c6-4040-a876-e7c7ddd4017d@group-D1C05AEAF764-LeaderElection34] INFO  grpc.GrpcConfigKeys (ConfUtils.java:logGet(46)) - raft.grpc.server.leader.outstanding.appends.max = 128 (default)
2022-11-08 11:41:48,496 [188713c8-c2c6-4040-a876-e7c7ddd4017d@group-D1C05AEAF764-LeaderElection34] INFO  server.RaftServerConfigKeys (ConfUtils.java:logGet(46)) - raft.server.rpc.request.timeout = 60s (custom)
2022-11-08 11:41:48,496 [188713c8-c2c6-4040-a876-e7c7ddd4017d@group-D1C05AEAF764-LeaderElection34] INFO  server.RaftServerConfigKeys (ConfUtils.java:logGet(46)) - raft.server.log.appender.install.snapshot.enabled = false (custom)
2022-11-08 11:41:48,496 [188713c8-c2c6-4040-a876-e7c7ddd4017d@group-D1C05AEAF764-LeaderElection34] INFO  grpc.GrpcConfigKeys (ConfUtils.java:logGet(46)) - raft.grpc.server.heartbeat.channel = true (default)
2022-11-08 11:41:48,496 [188713c8-c2c6-4040-a876-e7c7ddd4017d@group-D1C05AEAF764-LeaderElection34] INFO  server.RaftServerConfigKeys (ConfUtils.java:logGet(46)) - raft.server.log.appender.wait-time.min = 10ms (default)
2022-11-08 11:41:48,496 [d1b20379-1bd2-4861-a9be-2c8bcc065cb9@group-7FA7A550F732-LeaderElection35] INFO  impl.LeaderElection (LeaderElection.java:askForVotes(312)) - d1b20379-1bd2-4861-a9be-2c8bcc065cb9@group-7FA7A550F732-LeaderElection35 ELECTION round 0: submit vote requests at term 2 for -1: peers:[188713c8-c2c6-4040-a876-e7c7ddd4017d|rpc:10.1.0.111:40121|dataStream:|priority:0|startupRole:FOLLOWER, d1b20379-1bd2-4861-a9be-2c8bcc065cb9|rpc:10.1.0.111:33049|dataStream:|priority:1|startupRole:FOLLOWER, f62ccb74-7881-4f2b-9330-2297662ca0ca|rpc:10.1.0.111:45879|dataStream:|priority:0|startupRole:FOLLOWER]|listeners:[], old=null
2022-11-08 11:41:48,496 [f62ccb74-7881-4f2b-9330-2297662ca0ca@group-D1C05AEAF764-FollowerState] INFO  server.RaftServerConfigKeys (ConfUtils.java:logFallback(53)) - raft.server.rpc.first-election.timeout.min = 5s (fallback to raft.server.rpc.timeout.min)
2022-11-08 11:41:48,496 [f62ccb74-7881-4f2b-9330-2297662ca0ca@group-D1C05AEAF764-FollowerState] INFO  server.RaftServerConfigKeys (ConfUtils.java:logFallback(53)) - raft.server.rpc.first-election.timeout.max = 5200ms (fallback to raft.server.rpc.timeout.max)
2022-11-08 11:41:48,496 [188713c8-c2c6-4040-a876-e7c7ddd4017d@group-D1C05AEAF764-LeaderElection34] INFO  impl.RoleInfo (RoleInfo.java:updateAndGet(139)) - 188713c8-c2c6-4040-a876-e7c7ddd4017d: start 188713c8-c2c6-4040-a876-e7c7ddd4017d@group-D1C05AEAF764-LeaderStateImpl
2022-11-08 11:41:48,497 [188713c8-c2c6-4040-a876-e7c7ddd4017d@group-D1C05AEAF764-LeaderElection34] INFO  segmented.SegmentedRaftLogWorker (SegmentedRaftLogWorker.java:startLogSegment(452)) - 188713c8-c2c6-4040-a876-e7c7ddd4017d@group-D1C05AEAF764-SegmentedRaftLogWorker: Starting segment from index:0
2022-11-08 11:41:48,499 [188713c8-c2c6-4040-a876-e7c7ddd4017d@group-D1C05AEAF764-SegmentedRaftLogWorker] INFO  segmented.SegmentedRaftLogWorker (SegmentedRaftLogWorker.java:execute(656)) - 188713c8-c2c6-4040-a876-e7c7ddd4017d@group-D1C05AEAF764-SegmentedRaftLogWorker: created new log segment /home/runner/work/ozone/ozone/hadoop-ozone/integration-test/target/test-dir/MiniOzoneClusterImpl-08243b3f-be7e-4743-8f19-be1c242049e7/datanode-3/data/ratis/eaecf3a5-4596-488f-bf4f-d1c05aeaf764/current/log_inprogress_0
2022-11-08 11:41:48,500 [grpc-default-executor-6] INFO  server.RaftServer$Division (RaftServerImpl.java:requestVote(1218)) - 188713c8-c2c6-4040-a876-e7c7ddd4017d@group-7FA7A550F732: receive requestVote(ELECTION, d1b20379-1bd2-4861-a9be-2c8bcc065cb9, group-7FA7A550F732, 2, (t:0, i:0))
2022-11-08 11:41:48,500 [grpc-default-executor-6] INFO  impl.VoteContext (VoteContext.java:log(48)) - 188713c8-c2c6-4040-a876-e7c7ddd4017d@group-7FA7A550F732-FOLLOWER: accept ELECTION from d1b20379-1bd2-4861-a9be-2c8bcc065cb9: our priority 0 <= candidate's priority 1
2022-11-08 11:41:48,500 [grpc-default-executor-6] INFO  server.RaftServer$Division (RaftServerImpl.java:setRole(321)) - 188713c8-c2c6-4040-a876-e7c7ddd4017d@group-7FA7A550F732: changes role from  FOLLOWER to FOLLOWER at term 2 for candidate:d1b20379-1bd2-4861-a9be-2c8bcc065cb9
2022-11-08 11:41:48,500 [grpc-default-executor-6] INFO  impl.RoleInfo (RoleInfo.java:shutdownFollowerState(110)) - 188713c8-c2c6-4040-a876-e7c7ddd4017d: shutdown 188713c8-c2c6-4040-a876-e7c7ddd4017d@group-7FA7A550F732-FollowerState
2022-11-08 11:41:48,508 [188713c8-c2c6-4040-a876-e7c7ddd4017d@group-D1C05AEAF764-LeaderElection34] INFO  server.RaftServer$Division (ServerState.java:setRaftConf(430)) - 188713c8-c2c6-4040-a876-e7c7ddd4017d@group-D1C05AEAF764: set configuration 0: peers:[188713c8-c2c6-4040-a876-e7c7ddd4017d|rpc:10.1.0.111:40121|dataStream:|priority:1|startupRole:FOLLOWER, d1b20379-1bd2-4861-a9be-2c8bcc065cb9|rpc:10.1.0.111:33049|dataStream:|priority:0|startupRole:FOLLOWER, f62ccb74-7881-4f2b-9330-2297662ca0ca|rpc:10.1.0.111:45879|dataStream:|priority:0|startupRole:FOLLOWER]|listeners:[], old=null
2022-11-08 11:41:48,509 [d1b20379-1bd2-4861-a9be-2c8bcc065cb9@group-7FA7A550F732-LeaderElection35] INFO  server.RaftServerConfigKeys (ConfUtils.java:logFallback(53)) - raft.server.rpc.first-election.timeout.min = 5s (fallback to raft.server.rpc.timeout.min)
2022-11-08 11:41:48,509 [d1b20379-1bd2-4861-a9be-2c8bcc065cb9@group-7FA7A550F732-LeaderElection35] INFO  server.RaftServerConfigKeys (ConfUtils.java:logFallback(53)) - raft.server.rpc.first-election.timeout.max = 5200ms (fallback to raft.server.rpc.timeout.max)
2022-11-08 11:41:48,512 [grpc-default-executor-6] INFO  impl.RoleInfo (RoleInfo.java:updateAndGet(139)) - 188713c8-c2c6-4040-a876-e7c7ddd4017d: start 188713c8-c2c6-4040-a876-e7c7ddd4017d@group-7FA7A550F732-FollowerState
2022-11-08 11:41:48,512 [188713c8-c2c6-4040-a876-e7c7ddd4017d@group-7FA7A550F732-FollowerState] INFO  impl.FollowerState (FollowerState.java:run(152)) - 188713c8-c2c6-4040-a876-e7c7ddd4017d@group-7FA7A550F732-FollowerState was interrupted
2022-11-08 11:41:48,516 [grpc-default-executor-0] INFO  server.RaftServer$Division (RaftServerImpl.java:requestVote(1218)) - f62ccb74-7881-4f2b-9330-2297662ca0ca@group-7FA7A550F732: receive requestVote(ELECTION, d1b20379-1bd2-4861-a9be-2c8bcc065cb9, group-7FA7A550F732, 2, (t:0, i:0))
2022-11-08 11:41:48,516 [grpc-default-executor-0] INFO  impl.VoteContext (VoteContext.java:log(48)) - f62ccb74-7881-4f2b-9330-2297662ca0ca@group-7FA7A550F732-FOLLOWER: accept ELECTION from d1b20379-1bd2-4861-a9be-2c8bcc065cb9: our priority 0 <= candidate's priority 1
2022-11-08 11:41:48,516 [grpc-default-executor-0] INFO  server.RaftServer$Division (RaftServerImpl.java:setRole(321)) - f62ccb74-7881-4f2b-9330-2297662ca0ca@group-7FA7A550F732: changes role from  FOLLOWER to FOLLOWER at term 2 for candidate:d1b20379-1bd2-4861-a9be-2c8bcc065cb9
2022-11-08 11:41:48,516 [grpc-default-executor-0] INFO  impl.RoleInfo (RoleInfo.java:shutdownFollowerState(110)) - f62ccb74-7881-4f2b-9330-2297662ca0ca: shutdown f62ccb74-7881-4f2b-9330-2297662ca0ca@group-7FA7A550F732-FollowerState
2022-11-08 11:41:48,517 [grpc-default-executor-0] INFO  impl.RoleInfo (RoleInfo.java:updateAndGet(139)) - f62ccb74-7881-4f2b-9330-2297662ca0ca: start f62ccb74-7881-4f2b-9330-2297662ca0ca@group-7FA7A550F732-FollowerState
2022-11-08 11:41:48,517 [f62ccb74-7881-4f2b-9330-2297662ca0ca@group-7FA7A550F732-FollowerState] INFO  impl.FollowerState (FollowerState.java:run(152)) - f62ccb74-7881-4f2b-9330-2297662ca0ca@group-7FA7A550F732-FollowerState was interrupted
2022-11-08 11:41:48,517 [188713c8-c2c6-4040-a876-e7c7ddd4017d@group-7FA7A550F732-FollowerState] INFO  server.RaftServerConfigKeys (ConfUtils.java:logFallback(53)) - raft.server.rpc.first-election.timeout.min = 5s (fallback to raft.server.rpc.timeout.min)
2022-11-08 11:41:48,517 [188713c8-c2c6-4040-a876-e7c7ddd4017d@group-7FA7A550F732-FollowerState] INFO  server.RaftServerConfigKeys (ConfUtils.java:logFallback(53)) - raft.server.rpc.first-election.timeout.max = 5200ms (fallback to raft.server.rpc.timeout.max)
2022-11-08 11:41:48,519 [grpc-default-executor-6] INFO  server.RaftServer$Division (RaftServerImpl.java:requestVote(1251)) - 188713c8-c2c6-4040-a876-e7c7ddd4017d@group-7FA7A550F732 replies to ELECTION vote request: d1b20379-1bd2-4861-a9be-2c8bcc065cb9<-188713c8-c2c6-4040-a876-e7c7ddd4017d#0:OK-t2. Peer's state: 188713c8-c2c6-4040-a876-e7c7ddd4017d@group-7FA7A550F732:t2, leader=null, voted=d1b20379-1bd2-4861-a9be-2c8bcc065cb9, raftlog=Memoized:188713c8-c2c6-4040-a876-e7c7ddd4017d@group-7FA7A550F732-SegmentedRaftLog:OPENED:c-1, conf=-1: peers:[188713c8-c2c6-4040-a876-e7c7ddd4017d|rpc:10.1.0.111:40121|priority:0|startupRole:FOLLOWER, d1b20379-1bd2-4861-a9be-2c8bcc065cb9|rpc:10.1.0.111:33049|priority:1|startupRole:FOLLOWER, f62ccb74-7881-4f2b-9330-2297662ca0ca|rpc:10.1.0.111:45879|priority:0|startupRole:FOLLOWER]|listeners:[], old=null
2022-11-08 11:41:48,520 [f62ccb74-7881-4f2b-9330-2297662ca0ca@group-7FA7A550F732-FollowerState] INFO  server.RaftServerConfigKeys (ConfUtils.java:logFallback(53)) - raft.server.rpc.first-election.timeout.min = 5s (fallback to raft.server.rpc.timeout.min)
2022-11-08 11:41:48,520 [f62ccb74-7881-4f2b-9330-2297662ca0ca@group-7FA7A550F732-FollowerState] INFO  server.RaftServerConfigKeys (ConfUtils.java:logFallback(53)) - raft.server.rpc.first-election.timeout.max = 5200ms (fallback to raft.server.rpc.timeout.max)
2022-11-08 11:41:48,528 [grpc-default-executor-0] INFO  server.RaftServer$Division (RaftServerImpl.java:requestVote(1251)) - f62ccb74-7881-4f2b-9330-2297662ca0ca@group-7FA7A550F732 replies to ELECTION vote request: d1b20379-1bd2-4861-a9be-2c8bcc065cb9<-f62ccb74-7881-4f2b-9330-2297662ca0ca#0:OK-t2. Peer's state: f62ccb74-7881-4f2b-9330-2297662ca0ca@group-7FA7A550F732:t2, leader=null, voted=d1b20379-1bd2-4861-a9be-2c8bcc065cb9, raftlog=Memoized:f62ccb74-7881-4f2b-9330-2297662ca0ca@group-7FA7A550F732-SegmentedRaftLog:OPENED:c-1, conf=-1: peers:[188713c8-c2c6-4040-a876-e7c7ddd4017d|rpc:10.1.0.111:40121|dataStream:|priority:0|startupRole:FOLLOWER, d1b20379-1bd2-4861-a9be-2c8bcc065cb9|rpc:10.1.0.111:33049|dataStream:|priority:1|startupRole:FOLLOWER, f62ccb74-7881-4f2b-9330-2297662ca0ca|rpc:10.1.0.111:45879|dataStream:|priority:0|startupRole:FOLLOWER]|listeners:[], old=null
2022-11-08 11:41:48,529 [f62ccb74-7881-4f2b-9330-2297662ca0ca-server-thread1] INFO  ratis.XceiverServerRatis (XceiverServerRatis.java:handleLeaderChangedNotification(863)) - Leader change notification received for group: group-D1C05AEAF764 with new leaderId: 188713c8-c2c6-4040-a876-e7c7ddd4017d
2022-11-08 11:41:48,529 [f62ccb74-7881-4f2b-9330-2297662ca0ca-server-thread1] INFO  server.RaftServer$Division (ServerState.java:setLeader(313)) - f62ccb74-7881-4f2b-9330-2297662ca0ca@group-D1C05AEAF764: change Leader from null to 188713c8-c2c6-4040-a876-e7c7ddd4017d at term 2 for appendEntries, leader elected after 10196ms
2022-11-08 11:41:48,541 [d1b20379-1bd2-4861-a9be-2c8bcc065cb9@group-7FA7A550F732-LeaderElection35] INFO  impl.LeaderElection (LeaderElection.java:logAndReturn(90)) - d1b20379-1bd2-4861-a9be-2c8bcc065cb9@group-7FA7A550F732-LeaderElection35: ELECTION PASSED received 1 response(s) and 0 exception(s):
2022-11-08 11:41:48,541 [d1b20379-1bd2-4861-a9be-2c8bcc065cb9@group-7FA7A550F732-LeaderElection35] INFO  impl.LeaderElection (LeaderElection.java:logAndReturn(94)) -   Response 0: d1b20379-1bd2-4861-a9be-2c8bcc065cb9<-188713c8-c2c6-4040-a876-e7c7ddd4017d#0:OK-t2
2022-11-08 11:41:48,541 [d1b20379-1bd2-4861-a9be-2c8bcc065cb9@group-7FA7A550F732-LeaderElection35] INFO  impl.LeaderElection (LeaderElection.java:askForVotes(314)) - d1b20379-1bd2-4861-a9be-2c8bcc065cb9@group-7FA7A550F732-LeaderElection35 ELECTION round 0: result PASSED
2022-11-08 11:41:48,541 [d1b20379-1bd2-4861-a9be-2c8bcc065cb9@group-7FA7A550F732-LeaderElection35] INFO  impl.RoleInfo (RoleInfo.java:shutdownLeaderElection(130)) - d1b20379-1bd2-4861-a9be-2c8bcc065cb9: shutdown d1b20379-1bd2-4861-a9be-2c8bcc065cb9@group-7FA7A550F732-LeaderElection35
2022-11-08 11:41:48,541 [d1b20379-1bd2-4861-a9be-2c8bcc065cb9@group-7FA7A550F732-LeaderElection35] INFO  server.RaftServer$Division (RaftServerImpl.java:setRole(321)) - d1b20379-1bd2-4861-a9be-2c8bcc065cb9@group-7FA7A550F732: changes role from CANDIDATE to LEADER at term 2 for changeToLeader
2022-11-08 11:41:48,541 [d1b20379-1bd2-4861-a9be-2c8bcc065cb9@group-7FA7A550F732-LeaderElection35] INFO  ratis.XceiverServerRatis (XceiverServerRatis.java:handleLeaderChangedNotification(863)) - Leader change notification received for group: group-7FA7A550F732 with new leaderId: d1b20379-1bd2-4861-a9be-2c8bcc065cb9
2022-11-08 11:41:48,541 [d1b20379-1bd2-4861-a9be-2c8bcc065cb9@group-7FA7A550F732-LeaderElection35] INFO  server.RaftServer$Division (ServerState.java:setLeader(313)) - d1b20379-1bd2-4861-a9be-2c8bcc065cb9@group-7FA7A550F732: change Leader from null to d1b20379-1bd2-4861-a9be-2c8bcc065cb9 at term 2 for becomeLeader, leader elected after 10161ms
2022-11-08 11:41:48,541 [d1b20379-1bd2-4861-a9be-2c8bcc065cb9@group-7FA7A550F732-LeaderElection35] INFO  server.RaftServerConfigKeys (ConfUtils.java:logGet(46)) - raft.server.staging.catchup.gap = 1000 (default)
2022-11-08 11:41:48,541 [d1b20379-1bd2-4861-a9be-2c8bcc065cb9@group-7FA7A550F732-LeaderElection35] INFO  server.RaftServerConfigKeys (ConfUtils.java:logGet(46)) - raft.server.write.element-limit = 1024 (custom)
2022-11-08 11:41:48,541 [d1b20379-1bd2-4861-a9be-2c8bcc065cb9@group-7FA7A550F732-LeaderElection35] INFO  server.RaftServerConfigKeys (ConfUtils.java:logGet(46)) - raft.server.write.byte-limit = 1024 M (=1073741824) (custom)
2022-11-08 11:41:48,542 [d1b20379-1bd2-4861-a9be-2c8bcc065cb9@group-7FA7A550F732-LeaderElection35] INFO  server.RaftServerConfigKeys (ConfUtils.java:logGet(46)) - raft.server.watch.timeout = 180s (custom)
2022-11-08 11:41:48,542 [d1b20379-1bd2-4861-a9be-2c8bcc065cb9@group-7FA7A550F732-LeaderElection35] INFO  server.RaftServerConfigKeys (ConfUtils.java:logGet(46)) - raft.server.watch.timeout.denomination = 1s (default)
2022-11-08 11:41:48,542 [d1b20379-1bd2-4861-a9be-2c8bcc065cb9@group-7FA7A550F732-LeaderElection35] INFO  server.RaftServerConfigKeys (ConfUtils.java:logGet(46)) - raft.server.watch.element-limit = 65536 (default)
2022-11-08 11:41:48,542 [d1b20379-1bd2-4861-a9be-2c8bcc065cb9@group-7FA7A550F732-LeaderElection35] INFO  server.RaftServerConfigKeys (ConfUtils.java:logGet(46)) - raft.server.write.element-limit = 1024 (custom)
2022-11-08 11:41:48,542 [d1b20379-1bd2-4861-a9be-2c8bcc065cb9@group-7FA7A550F732-LeaderElection35] INFO  server.RaftServerConfigKeys (ConfUtils.java:logGet(46)) - raft.server.write.follower.gap.ratio.max = -1.0 (default)
2022-11-08 11:41:48,543 [d1b20379-1bd2-4861-a9be-2c8bcc065cb9@group-7FA7A550F732-LeaderElection35] INFO  server.RaftServerConfigKeys (ConfUtils.java:logGet(46)) - raft.server.log.appender.snapshot.chunk.size.max = 16MB (=16777216) (default)
2022-11-08 11:41:48,544 [d1b20379-1bd2-4861-a9be-2c8bcc065cb9@group-7FA7A550F732-LeaderElection35] INFO  server.RaftServerConfigKeys (ConfUtils.java:logGet(46)) - raft.server.log.appender.buffer.byte-limit = 33554432 (custom)
2022-11-08 11:41:48,544 [d1b20379-1bd2-4861-a9be-2c8bcc065cb9@group-7FA7A550F732-LeaderElection35] INFO  server.RaftServerConfigKeys (ConfUtils.java:logGet(46)) - raft.server.log.appender.buffer.element-limit = 1 (custom)
2022-11-08 11:41:48,544 [d1b20379-1bd2-4861-a9be-2c8bcc065cb9@group-7FA7A550F732-LeaderElection35] INFO  grpc.GrpcConfigKeys (ConfUtils.java:logGet(46)) - raft.grpc.server.leader.outstanding.appends.max = 128 (default)
2022-11-08 11:41:48,544 [d1b20379-1bd2-4861-a9be-2c8bcc065cb9@group-7FA7A550F732-LeaderElection35] INFO  server.RaftServerConfigKeys (ConfUtils.java:logGet(46)) - raft.server.rpc.request.timeout = 60s (custom)
2022-11-08 11:41:48,544 [d1b20379-1bd2-4861-a9be-2c8bcc065cb9@group-7FA7A550F732-LeaderElection35] INFO  server.RaftServerConfigKeys (ConfUtils.java:logGet(46)) - raft.server.log.appender.install.snapshot.enabled = false (custom)
2022-11-08 11:41:48,545 [d1b20379-1bd2-4861-a9be-2c8bcc065cb9@group-7FA7A550F732-LeaderElection35] INFO  grpc.GrpcConfigKeys (ConfUtils.java:logGet(46)) - raft.grpc.server.heartbeat.channel = true (default)
2022-11-08 11:41:48,545 [d1b20379-1bd2-4861-a9be-2c8bcc065cb9@group-7FA7A550F732-LeaderElection35] INFO  server.RaftServerConfigKeys (ConfUtils.java:logGet(46)) - raft.server.log.appender.wait-time.min = 10ms (default)
2022-11-08 11:41:48,545 [EventQueue-PipelineReportForPipelineReportHandler] INFO  pipeline.PipelineManagerImpl (PipelineManagerImpl.java:openPipeline(367)) - Pipeline Pipeline[ Id: b527c441-1a51-4e1a-9a3d-7fa7a550f732, Nodes: d1b20379-1bd2-4861-a9be-2c8bcc065cb9{ip: 10.1.0.111, host: fv-az573-890.uspngagyt4suddso0aj1djjezg.dx.internal.cloudapp.net, ports: [REPLICATION=33047, RATIS=33049, RATIS_ADMIN=33049, RATIS_SERVER=33049, STANDALONE=37161], networkLocation: /default-rack, certSerialId: null, persistedOpState: IN_SERVICE, persistedOpStateExpiryEpochSec: 0}188713c8-c2c6-4040-a876-e7c7ddd4017d{ip: 10.1.0.111, host: fv-az573-890.uspngagyt4suddso0aj1djjezg.dx.internal.cloudapp.net, ports: [REPLICATION=45051, RATIS=40121, RATIS_ADMIN=40121, RATIS_SERVER=40121, STANDALONE=40641], networkLocation: /default-rack, certSerialId: null, persistedOpState: IN_SERVICE, persistedOpStateExpiryEpochSec: 0}f62ccb74-7881-4f2b-9330-2297662ca0ca{ip: 10.1.0.111, host: fv-az573-890.uspngagyt4suddso0aj1djjezg.dx.internal.cloudapp.net, ports: [REPLICATION=42249, RATIS=45879, RATIS_ADMIN=45879, RATIS_SERVER=45879, STANDALONE=42685], networkLocation: /default-rack, certSerialId: null, persistedOpState: IN_SERVICE, persistedOpStateExpiryEpochSec: 0}, ReplicationConfig: RATIS/THREE, State:ALLOCATED, leaderId:d1b20379-1bd2-4861-a9be-2c8bcc065cb9, CreationTimestamp2022-11-08T11:41:36.039Z[Etc/UTC]] moved to OPEN state
2022-11-08 11:41:48,547 [Listener at 127.0.0.1/46561] INFO  pipeline.PipelineManagerImpl (PipelineManagerImpl.java:closePipeline(442)) - Pipeline Pipeline[ Id: f3424c51-a144-49a3-b366-6b0eae512540, Nodes: 86012a26-2f7a-42b0-9674-f0c6f2d36cf9{ip: 10.1.0.111, host: fv-az573-890.uspngagyt4suddso0aj1djjezg.dx.internal.cloudapp.net, ports: [REPLICATION=46689, RATIS=45781, RATIS_ADMIN=45781, RATIS_SERVER=45781, STANDALONE=33505], networkLocation: /default-rack, certSerialId: null, persistedOpState: IN_SERVICE, persistedOpStateExpiryEpochSec: 0}69ebc52a-668b-4a1b-b1c8-adfe2408a111{ip: 10.1.0.111, host: fv-az573-890.uspngagyt4suddso0aj1djjezg.dx.internal.cloudapp.net, ports: [REPLICATION=34781, RATIS=42155, RATIS_ADMIN=42155, RATIS_SERVER=42155, STANDALONE=44789], networkLocation: /default-rack, certSerialId: null, persistedOpState: IN_SERVICE, persistedOpStateExpiryEpochSec: 0}9f6d9e32-b5ab-49ef-be08-a692056fb1f3{ip: 10.1.0.111, host: fv-az573-890.uspngagyt4suddso0aj1djjezg.dx.internal.cloudapp.net, ports: [REPLICATION=35471, RATIS=37217, RATIS_ADMIN=37217, RATIS_SERVER=37217, STANDALONE=37835], networkLocation: /default-rack, certSerialId: null, persistedOpState: IN_SERVICE, persistedOpStateExpiryEpochSec: 0}, ReplicationConfig: RATIS/THREE, State:OPEN, leaderId:86012a26-2f7a-42b0-9674-f0c6f2d36cf9, CreationTimestamp2022-11-08T11:41:34.851Z[Etc/UTC]] moved to CLOSED state
2022-11-08 11:41:48,547 [Listener at 127.0.0.1/46561] INFO  pipeline.RatisPipelineProvider (RatisPipelineProvider.java:lambda$close$1(244)) - Send pipeline:PipelineID=f3424c51-a144-49a3-b366-6b0eae512540 close command to datanode 86012a26-2f7a-42b0-9674-f0c6f2d36cf9
2022-11-08 11:41:48,547 [Listener at 127.0.0.1/46561] INFO  pipeline.RatisPipelineProvider (RatisPipelineProvider.java:lambda$close$1(244)) - Send pipeline:PipelineID=f3424c51-a144-49a3-b366-6b0eae512540 close command to datanode 69ebc52a-668b-4a1b-b1c8-adfe2408a111
2022-11-08 11:41:48,547 [Listener at 127.0.0.1/46561] INFO  pipeline.RatisPipelineProvider (RatisPipelineProvider.java:lambda$close$1(244)) - Send pipeline:PipelineID=f3424c51-a144-49a3-b366-6b0eae512540 close command to datanode 9f6d9e32-b5ab-49ef-be08-a692056fb1f3
2022-11-08 11:41:48,548 [d1b20379-1bd2-4861-a9be-2c8bcc065cb9@group-7FA7A550F732-LeaderElection35] INFO  server.RaftServerConfigKeys (ConfUtils.java:logGet(46)) - raft.server.log.appender.snapshot.chunk.size.max = 16MB (=16777216) (default)
2022-11-08 11:41:48,550 [d1b20379-1bd2-4861-a9be-2c8bcc065cb9@group-7FA7A550F732-LeaderElection35] INFO  server.RaftServerConfigKeys (ConfUtils.java:logGet(46)) - raft.server.log.appender.buffer.byte-limit = 33554432 (custom)
2022-11-08 11:41:48,550 [d1b20379-1bd2-4861-a9be-2c8bcc065cb9@group-7FA7A550F732-LeaderElection35] INFO  server.RaftServerConfigKeys (ConfUtils.java:logGet(46)) - raft.server.log.appender.buffer.element-limit = 1 (custom)
2022-11-08 11:41:48,564 [d1b20379-1bd2-4861-a9be-2c8bcc065cb9@group-7FA7A550F732-LeaderElection35] INFO  grpc.GrpcConfigKeys (ConfUtils.java:logGet(46)) - raft.grpc.server.leader.outstanding.appends.max = 128 (default)
2022-11-08 11:41:48,564 [d1b20379-1bd2-4861-a9be-2c8bcc065cb9@group-7FA7A550F732-LeaderElection35] INFO  server.RaftServerConfigKeys (ConfUtils.java:logGet(46)) - raft.server.rpc.request.timeout = 60s (custom)
2022-11-08 11:41:48,564 [d1b20379-1bd2-4861-a9be-2c8bcc065cb9@group-7FA7A550F732-LeaderElection35] INFO  server.RaftServerConfigKeys (ConfUtils.java:logGet(46)) - raft.server.log.appender.install.snapshot.enabled = false (custom)
2022-11-08 11:41:48,564 [d1b20379-1bd2-4861-a9be-2c8bcc065cb9@group-7FA7A550F732-LeaderElection35] INFO  grpc.GrpcConfigKeys (ConfUtils.java:logGet(46)) - raft.grpc.server.heartbeat.channel = true (default)
2022-11-08 11:41:48,564 [d1b20379-1bd2-4861-a9be-2c8bcc065cb9@group-7FA7A550F732-LeaderElection35] INFO  server.RaftServerConfigKeys (ConfUtils.java:logGet(46)) - raft.server.log.appender.wait-time.min = 10ms (default)
2022-11-08 11:41:48,564 [d1b20379-1bd2-4861-a9be-2c8bcc065cb9@group-7FA7A550F732-LeaderElection35] INFO  impl.RoleInfo (RoleInfo.java:updateAndGet(139)) - d1b20379-1bd2-4861-a9be-2c8bcc065cb9: start d1b20379-1bd2-4861-a9be-2c8bcc065cb9@group-7FA7A550F732-LeaderStateImpl
2022-11-08 11:41:48,565 [d1b20379-1bd2-4861-a9be-2c8bcc065cb9@group-7FA7A550F732-LeaderElection35] INFO  segmented.SegmentedRaftLogWorker (SegmentedRaftLogWorker.java:startLogSegment(452)) - d1b20379-1bd2-4861-a9be-2c8bcc065cb9@group-7FA7A550F732-SegmentedRaftLogWorker: Starting segment from index:0
2022-11-08 11:41:48,549 [d1b20379-1bd2-4861-a9be-2c8bcc065cb9-server-thread2] INFO  ratis.XceiverServerRatis (XceiverServerRatis.java:handleLeaderChangedNotification(863)) - Leader change notification received for group: group-D1C05AEAF764 with new leaderId: 188713c8-c2c6-4040-a876-e7c7ddd4017d
2022-11-08 11:41:48,565 [d1b20379-1bd2-4861-a9be-2c8bcc065cb9-server-thread2] INFO  server.RaftServer$Division (ServerState.java:setLeader(313)) - d1b20379-1bd2-4861-a9be-2c8bcc065cb9@group-D1C05AEAF764: change Leader from null to 188713c8-c2c6-4040-a876-e7c7ddd4017d at term 2 for appendEntries, leader elected after 10267ms
2022-11-08 11:41:48,550 [Listener at 127.0.0.1/46561] INFO  pipeline.PipelineStateManagerImpl (PipelineStateManagerImpl.java:removePipeline(245)) - Pipeline Pipeline[ Id: f3424c51-a144-49a3-b366-6b0eae512540, Nodes: 86012a26-2f7a-42b0-9674-f0c6f2d36cf9{ip: 10.1.0.111, host: fv-az573-890.uspngagyt4suddso0aj1djjezg.dx.internal.cloudapp.net, ports: [REPLICATION=46689, RATIS=45781, RATIS_ADMIN=45781, RATIS_SERVER=45781, STANDALONE=33505], networkLocation: /default-rack, certSerialId: null, persistedOpState: IN_SERVICE, persistedOpStateExpiryEpochSec: 0}69ebc52a-668b-4a1b-b1c8-adfe2408a111{ip: 10.1.0.111, host: fv-az573-890.uspngagyt4suddso0aj1djjezg.dx.internal.cloudapp.net, ports: [REPLICATION=34781, RATIS=42155, RATIS_ADMIN=42155, RATIS_SERVER=42155, STANDALONE=44789], networkLocation: /default-rack, certSerialId: null, persistedOpState: IN_SERVICE, persistedOpStateExpiryEpochSec: 0}9f6d9e32-b5ab-49ef-be08-a692056fb1f3{ip: 10.1.0.111, host: fv-az573-890.uspngagyt4suddso0aj1djjezg.dx.internal.cloudapp.net, ports: [REPLICATION=35471, RATIS=37217, RATIS_ADMIN=37217, RATIS_SERVER=37217, STANDALONE=37835], networkLocation: /default-rack, certSerialId: null, persistedOpState: IN_SERVICE, persistedOpStateExpiryEpochSec: 0}, ReplicationConfig: RATIS/THREE, State:CLOSED, leaderId:86012a26-2f7a-42b0-9674-f0c6f2d36cf9, CreationTimestamp2022-11-08T11:41:34.851Z[Etc/UTC]] removed.
2022-11-08 11:41:48,566 [f62ccb74-7881-4f2b-9330-2297662ca0ca-server-thread2] INFO  server.RaftServer$Division (ServerState.java:setRaftConf(430)) - f62ccb74-7881-4f2b-9330-2297662ca0ca@group-D1C05AEAF764: set configuration 0: peers:[188713c8-c2c6-4040-a876-e7c7ddd4017d|rpc:10.1.0.111:40121|dataStream:|priority:1|startupRole:FOLLOWER, d1b20379-1bd2-4861-a9be-2c8bcc065cb9|rpc:10.1.0.111:33049|dataStream:|priority:0|startupRole:FOLLOWER, f62ccb74-7881-4f2b-9330-2297662ca0ca|rpc:10.1.0.111:45879|dataStream:|priority:0|startupRole:FOLLOWER]|listeners:[], old=null
2022-11-08 11:41:48,567 [Listener at 127.0.0.1/46561] INFO  pipeline.PipelineManagerImpl (PipelineManagerImpl.java:closePipeline(442)) - Pipeline Pipeline[ Id: eaecf3a5-4596-488f-bf4f-d1c05aeaf764, Nodes: d1b20379-1bd2-4861-a9be-2c8bcc065cb9{ip: 10.1.0.111, host: fv-az573-890.uspngagyt4suddso0aj1djjezg.dx.internal.cloudapp.net, ports: [REPLICATION=33047, RATIS=33049, RATIS_ADMIN=33049, RATIS_SERVER=33049, STANDALONE=37161], networkLocation: /default-rack, certSerialId: null, persistedOpState: IN_SERVICE, persistedOpStateExpiryEpochSec: 0}f62ccb74-7881-4f2b-9330-2297662ca0ca{ip: 10.1.0.111, host: fv-az573-890.uspngagyt4suddso0aj1djjezg.dx.internal.cloudapp.net, ports: [REPLICATION=42249, RATIS=45879, RATIS_ADMIN=45879, RATIS_SERVER=45879, STANDALONE=42685], networkLocation: /default-rack, certSerialId: null, persistedOpState: IN_SERVICE, persistedOpStateExpiryEpochSec: 0}188713c8-c2c6-4040-a876-e7c7ddd4017d{ip: 10.1.0.111, host: fv-az573-890.uspngagyt4suddso0aj1djjezg.dx.internal.cloudapp.net, ports: [REPLICATION=45051, RATIS=40121, RATIS_ADMIN=40121, RATIS_SERVER=40121, STANDALONE=40641], networkLocation: /default-rack, certSerialId: null, persistedOpState: IN_SERVICE, persistedOpStateExpiryEpochSec: 0}, ReplicationConfig: RATIS/THREE, State:OPEN, leaderId:188713c8-c2c6-4040-a876-e7c7ddd4017d, CreationTimestamp2022-11-08T11:41:36.037Z[Etc/UTC]] moved to CLOSED state
2022-11-08 11:41:48,567 [f62ccb74-7881-4f2b-9330-2297662ca0ca-server-thread2] INFO  segmented.SegmentedRaftLogWorker (SegmentedRaftLogWorker.java:startLogSegment(452)) - f62ccb74-7881-4f2b-9330-2297662ca0ca@group-D1C05AEAF764-SegmentedRaftLogWorker: Starting segment from index:0
2022-11-08 11:41:48,567 [Listener at 127.0.0.1/46561] INFO  pipeline.RatisPipelineProvider (RatisPipelineProvider.java:lambda$close$1(244)) - Send pipeline:PipelineID=eaecf3a5-4596-488f-bf4f-d1c05aeaf764 close command to datanode d1b20379-1bd2-4861-a9be-2c8bcc065cb9
2022-11-08 11:41:48,567 [Listener at 127.0.0.1/46561] INFO  pipeline.RatisPipelineProvider (RatisPipelineProvider.java:lambda$close$1(244)) - Send pipeline:PipelineID=eaecf3a5-4596-488f-bf4f-d1c05aeaf764 close command to datanode f62ccb74-7881-4f2b-9330-2297662ca0ca
2022-11-08 11:41:48,567 [Listener at 127.0.0.1/46561] INFO  pipeline.RatisPipelineProvider (RatisPipelineProvider.java:lambda$close$1(244)) - Send pipeline:PipelineID=eaecf3a5-4596-488f-bf4f-d1c05aeaf764 close command to datanode 188713c8-c2c6-4040-a876-e7c7ddd4017d
2022-11-08 11:41:48,568 [Listener at 127.0.0.1/46561] INFO  pipeline.PipelineStateManagerImpl (PipelineStateManagerImpl.java:removePipeline(245)) - Pipeline Pipeline[ Id: eaecf3a5-4596-488f-bf4f-d1c05aeaf764, Nodes: d1b20379-1bd2-4861-a9be-2c8bcc065cb9{ip: 10.1.0.111, host: fv-az573-890.uspngagyt4suddso0aj1djjezg.dx.internal.cloudapp.net, ports: [REPLICATION=33047, RATIS=33049, RATIS_ADMIN=33049, RATIS_SERVER=33049, STANDALONE=37161], networkLocation: /default-rack, certSerialId: null, persistedOpState: IN_SERVICE, persistedOpStateExpiryEpochSec: 0}f62ccb74-7881-4f2b-9330-2297662ca0ca{ip: 10.1.0.111, host: fv-az573-890.uspngagyt4suddso0aj1djjezg.dx.internal.cloudapp.net, ports: [REPLICATION=42249, RATIS=45879, RATIS_ADMIN=45879, RATIS_SERVER=45879, STANDALONE=42685], networkLocation: /default-rack, certSerialId: null, persistedOpState: IN_SERVICE, persistedOpStateExpiryEpochSec: 0}188713c8-c2c6-4040-a876-e7c7ddd4017d{ip: 10.1.0.111, host: fv-az573-890.uspngagyt4suddso0aj1djjezg.dx.internal.cloudapp.net, ports: [REPLICATION=45051, RATIS=40121, RATIS_ADMIN=40121, RATIS_SERVER=40121, STANDALONE=40641], networkLocation: /default-rack, certSerialId: null, persistedOpState: IN_SERVICE, persistedOpStateExpiryEpochSec: 0}, ReplicationConfig: RATIS/THREE, State:CLOSED, leaderId:188713c8-c2c6-4040-a876-e7c7ddd4017d, CreationTimestamp2022-11-08T11:41:36.037Z[Etc/UTC]] removed.
2022-11-08 11:41:48,568 [Listener at 127.0.0.1/46561] INFO  pipeline.PipelineManagerImpl (PipelineManagerImpl.java:closePipeline(442)) - Pipeline Pipeline[ Id: b527c441-1a51-4e1a-9a3d-7fa7a550f732, Nodes: d1b20379-1bd2-4861-a9be-2c8bcc065cb9{ip: 10.1.0.111, host: fv-az573-890.uspngagyt4suddso0aj1djjezg.dx.internal.cloudapp.net, ports: [REPLICATION=33047, RATIS=33049, RATIS_ADMIN=33049, RATIS_SERVER=33049, STANDALONE=37161], networkLocation: /default-rack, certSerialId: null, persistedOpState: IN_SERVICE, persistedOpStateExpiryEpochSec: 0}188713c8-c2c6-4040-a876-e7c7ddd4017d{ip: 10.1.0.111, host: fv-az573-890.uspngagyt4suddso0aj1djjezg.dx.internal.cloudapp.net, ports: [REPLICATION=45051, RATIS=40121, RATIS_ADMIN=40121, RATIS_SERVER=40121, STANDALONE=40641], networkLocation: /default-rack, certSerialId: null, persistedOpState: IN_SERVICE, persistedOpStateExpiryEpochSec: 0}f62ccb74-7881-4f2b-9330-2297662ca0ca{ip: 10.1.0.111, host: fv-az573-890.uspngagyt4suddso0aj1djjezg.dx.internal.cloudapp.net, ports: [REPLICATION=42249, RATIS=45879, RATIS_ADMIN=45879, RATIS_SERVER=45879, STANDALONE=42685], networkLocation: /default-rack, certSerialId: null, persistedOpState: IN_SERVICE, persistedOpStateExpiryEpochSec: 0}, ReplicationConfig: RATIS/THREE, State:OPEN, leaderId:d1b20379-1bd2-4861-a9be-2c8bcc065cb9, CreationTimestamp2022-11-08T11:41:36.039Z[Etc/UTC]] moved to CLOSED state
2022-11-08 11:41:48,568 [d1b20379-1bd2-4861-a9be-2c8bcc065cb9@group-7FA7A550F732-SegmentedRaftLogWorker] INFO  segmented.SegmentedRaftLogWorker (SegmentedRaftLogWorker.java:execute(656)) - d1b20379-1bd2-4861-a9be-2c8bcc065cb9@group-7FA7A550F732-SegmentedRaftLogWorker: created new log segment /home/runner/work/ozone/ozone/hadoop-ozone/integration-test/target/test-dir/MiniOzoneClusterImpl-08243b3f-be7e-4743-8f19-be1c242049e7/datanode-5/data/ratis/b527c441-1a51-4e1a-9a3d-7fa7a550f732/current/log_inprogress_0
2022-11-08 11:41:48,569 [Listener at 127.0.0.1/46561] INFO  pipeline.RatisPipelineProvider (RatisPipelineProvider.java:lambda$close$1(244)) - Send pipeline:PipelineID=b527c441-1a51-4e1a-9a3d-7fa7a550f732 close command to datanode d1b20379-1bd2-4861-a9be-2c8bcc065cb9
2022-11-08 11:41:48,569 [Listener at 127.0.0.1/46561] INFO  pipeline.RatisPipelineProvider (RatisPipelineProvider.java:lambda$close$1(244)) - Send pipeline:PipelineID=b527c441-1a51-4e1a-9a3d-7fa7a550f732 close command to datanode 188713c8-c2c6-4040-a876-e7c7ddd4017d
2022-11-08 11:41:48,569 [Listener at 127.0.0.1/46561] INFO  pipeline.RatisPipelineProvider (RatisPipelineProvider.java:lambda$close$1(244)) - Send pipeline:PipelineID=b527c441-1a51-4e1a-9a3d-7fa7a550f732 close command to datanode f62ccb74-7881-4f2b-9330-2297662ca0ca
2022-11-08 11:41:48,569 [Listener at 127.0.0.1/46561] INFO  pipeline.PipelineStateManagerImpl (PipelineStateManagerImpl.java:removePipeline(245)) - Pipeline Pipeline[ Id: b527c441-1a51-4e1a-9a3d-7fa7a550f732, Nodes: d1b20379-1bd2-4861-a9be-2c8bcc065cb9{ip: 10.1.0.111, host: fv-az573-890.uspngagyt4suddso0aj1djjezg.dx.internal.cloudapp.net, ports: [REPLICATION=33047, RATIS=33049, RATIS_ADMIN=33049, RATIS_SERVER=33049, STANDALONE=37161], networkLocation: /default-rack, certSerialId: null, persistedOpState: IN_SERVICE, persistedOpStateExpiryEpochSec: 0}188713c8-c2c6-4040-a876-e7c7ddd4017d{ip: 10.1.0.111, host: fv-az573-890.uspngagyt4suddso0aj1djjezg.dx.internal.cloudapp.net, ports: [REPLICATION=45051, RATIS=40121, RATIS_ADMIN=40121, RATIS_SERVER=40121, STANDALONE=40641], networkLocation: /default-rack, certSerialId: null, persistedOpState: IN_SERVICE, persistedOpStateExpiryEpochSec: 0}f62ccb74-7881-4f2b-9330-2297662ca0ca{ip: 10.1.0.111, host: fv-az573-890.uspngagyt4suddso0aj1djjezg.dx.internal.cloudapp.net, ports: [REPLICATION=42249, RATIS=45879, RATIS_ADMIN=45879, RATIS_SERVER=45879, STANDALONE=42685], networkLocation: /default-rack, certSerialId: null, persistedOpState: IN_SERVICE, persistedOpStateExpiryEpochSec: 0}, ReplicationConfig: RATIS/THREE, State:CLOSED, leaderId:d1b20379-1bd2-4861-a9be-2c8bcc065cb9, CreationTimestamp2022-11-08T11:41:36.039Z[Etc/UTC]] removed.
2022-11-08 11:41:48,614 [d1b20379-1bd2-4861-a9be-2c8bcc065cb9-server-thread2] INFO  server.RaftServer$Division (ServerState.java:setRaftConf(430)) - d1b20379-1bd2-4861-a9be-2c8bcc065cb9@group-D1C05AEAF764: set configuration 0: peers:[188713c8-c2c6-4040-a876-e7c7ddd4017d|rpc:10.1.0.111:40121|dataStream:|priority:1|startupRole:FOLLOWER, d1b20379-1bd2-4861-a9be-2c8bcc065cb9|rpc:10.1.0.111:33049|dataStream:|priority:0|startupRole:FOLLOWER, f62ccb74-7881-4f2b-9330-2297662ca0ca|rpc:10.1.0.111:45879|dataStream:|priority:0|startupRole:FOLLOWER]|listeners:[], old=null
2022-11-08 11:41:48,615 [d1b20379-1bd2-4861-a9be-2c8bcc065cb9-server-thread2] INFO  segmented.SegmentedRaftLogWorker (SegmentedRaftLogWorker.java:startLogSegment(452)) - d1b20379-1bd2-4861-a9be-2c8bcc065cb9@group-D1C05AEAF764-SegmentedRaftLogWorker: Starting segment from index:0
2022-11-08 11:41:48,616 [d1b20379-1bd2-4861-a9be-2c8bcc065cb9@group-7FA7A550F732-LeaderElection35] INFO  server.RaftServer$Division (ServerState.java:setRaftConf(430)) - d1b20379-1bd2-4861-a9be-2c8bcc065cb9@group-7FA7A550F732: set configuration 0: peers:[188713c8-c2c6-4040-a876-e7c7ddd4017d|rpc:10.1.0.111:40121|dataStream:|priority:0|startupRole:FOLLOWER, d1b20379-1bd2-4861-a9be-2c8bcc065cb9|rpc:10.1.0.111:33049|dataStream:|priority:1|startupRole:FOLLOWER, f62ccb74-7881-4f2b-9330-2297662ca0ca|rpc:10.1.0.111:45879|dataStream:|priority:0|startupRole:FOLLOWER]|listeners:[], old=null
2022-11-08 11:41:48,620 [f62ccb74-7881-4f2b-9330-2297662ca0ca@group-D1C05AEAF764-SegmentedRaftLogWorker] INFO  segmented.SegmentedRaftLogWorker (SegmentedRaftLogWorker.java:execute(656)) - f62ccb74-7881-4f2b-9330-2297662ca0ca@group-D1C05AEAF764-SegmentedRaftLogWorker: created new log segment /home/runner/work/ozone/ozone/hadoop-ozone/integration-test/target/test-dir/MiniOzoneClusterImpl-08243b3f-be7e-4743-8f19-be1c242049e7/datanode-4/data/ratis/eaecf3a5-4596-488f-bf4f-d1c05aeaf764/current/log_inprogress_0
2022-11-08 11:41:48,625 [d1b20379-1bd2-4861-a9be-2c8bcc065cb9@group-D1C05AEAF764-SegmentedRaftLogWorker] INFO  segmented.SegmentedRaftLogWorker (SegmentedRaftLogWorker.java:execute(656)) - d1b20379-1bd2-4861-a9be-2c8bcc065cb9@group-D1C05AEAF764-SegmentedRaftLogWorker: created new log segment /home/runner/work/ozone/ozone/hadoop-ozone/integration-test/target/test-dir/MiniOzoneClusterImpl-08243b3f-be7e-4743-8f19-be1c242049e7/datanode-5/data/ratis/eaecf3a5-4596-488f-bf4f-d1c05aeaf764/current/log_inprogress_0
2022-11-08 11:41:48,641 [188713c8-c2c6-4040-a876-e7c7ddd4017d-server-thread2] INFO  ratis.XceiverServerRatis (XceiverServerRatis.java:handleLeaderChangedNotification(863)) - Leader change notification received for group: group-7FA7A550F732 with new leaderId: d1b20379-1bd2-4861-a9be-2c8bcc065cb9
2022-11-08 11:41:48,641 [188713c8-c2c6-4040-a876-e7c7ddd4017d-server-thread2] INFO  server.RaftServer$Division (ServerState.java:setLeader(313)) - 188713c8-c2c6-4040-a876-e7c7ddd4017d@group-7FA7A550F732: change Leader from null to d1b20379-1bd2-4861-a9be-2c8bcc065cb9 at term 2 for appendEntries, leader elected after 10291ms
2022-11-08 11:41:48,643 [188713c8-c2c6-4040-a876-e7c7ddd4017d-server-thread2] INFO  server.RaftServer$Division (ServerState.java:setRaftConf(430)) - 188713c8-c2c6-4040-a876-e7c7ddd4017d@group-7FA7A550F732: set configuration 0: peers:[188713c8-c2c6-4040-a876-e7c7ddd4017d|rpc:10.1.0.111:40121|dataStream:|priority:0|startupRole:FOLLOWER, d1b20379-1bd2-4861-a9be-2c8bcc065cb9|rpc:10.1.0.111:33049|dataStream:|priority:1|startupRole:FOLLOWER, f62ccb74-7881-4f2b-9330-2297662ca0ca|rpc:10.1.0.111:45879|dataStream:|priority:0|startupRole:FOLLOWER]|listeners:[], old=null
2022-11-08 11:41:48,644 [188713c8-c2c6-4040-a876-e7c7ddd4017d-server-thread2] INFO  segmented.SegmentedRaftLogWorker (SegmentedRaftLogWorker.java:startLogSegment(452)) - 188713c8-c2c6-4040-a876-e7c7ddd4017d@group-7FA7A550F732-SegmentedRaftLogWorker: Starting segment from index:0
2022-11-08 11:41:48,644 [f62ccb74-7881-4f2b-9330-2297662ca0ca-server-thread2] INFO  ratis.XceiverServerRatis (XceiverServerRatis.java:handleLeaderChangedNotification(863)) - Leader change notification received for group: group-7FA7A550F732 with new leaderId: d1b20379-1bd2-4861-a9be-2c8bcc065cb9
2022-11-08 11:41:48,644 [f62ccb74-7881-4f2b-9330-2297662ca0ca-server-thread2] INFO  server.RaftServer$Division (ServerState.java:setLeader(313)) - f62ccb74-7881-4f2b-9330-2297662ca0ca@group-7FA7A550F732: change Leader from null to d1b20379-1bd2-4861-a9be-2c8bcc065cb9 at term 2 for appendEntries, leader elected after 10229ms
2022-11-08 11:41:48,679 [f62ccb74-7881-4f2b-9330-2297662ca0ca-server-thread1] INFO  server.RaftServer$Division (ServerState.java:setRaftConf(430)) - f62ccb74-7881-4f2b-9330-2297662ca0ca@group-7FA7A550F732: set configuration 0: peers:[188713c8-c2c6-4040-a876-e7c7ddd4017d|rpc:10.1.0.111:40121|dataStream:|priority:0|startupRole:FOLLOWER, d1b20379-1bd2-4861-a9be-2c8bcc065cb9|rpc:10.1.0.111:33049|dataStream:|priority:1|startupRole:FOLLOWER, f62ccb74-7881-4f2b-9330-2297662ca0ca|rpc:10.1.0.111:45879|dataStream:|priority:0|startupRole:FOLLOWER]|listeners:[], old=null
2022-11-08 11:41:48,679 [f62ccb74-7881-4f2b-9330-2297662ca0ca-server-thread1] INFO  segmented.SegmentedRaftLogWorker (SegmentedRaftLogWorker.java:startLogSegment(452)) - f62ccb74-7881-4f2b-9330-2297662ca0ca@group-7FA7A550F732-SegmentedRaftLogWorker: Starting segment from index:0
2022-11-08 11:41:48,680 [188713c8-c2c6-4040-a876-e7c7ddd4017d@group-7FA7A550F732-SegmentedRaftLogWorker] INFO  segmented.SegmentedRaftLogWorker (SegmentedRaftLogWorker.java:execute(656)) - 188713c8-c2c6-4040-a876-e7c7ddd4017d@group-7FA7A550F732-SegmentedRaftLogWorker: created new log segment /home/runner/work/ozone/ozone/hadoop-ozone/integration-test/target/test-dir/MiniOzoneClusterImpl-08243b3f-be7e-4743-8f19-be1c242049e7/datanode-3/data/ratis/b527c441-1a51-4e1a-9a3d-7fa7a550f732/current/log_inprogress_0
2022-11-08 11:41:48,681 [f62ccb74-7881-4f2b-9330-2297662ca0ca@group-7FA7A550F732-SegmentedRaftLogWorker] INFO  segmented.SegmentedRaftLogWorker (SegmentedRaftLogWorker.java:execute(656)) - f62ccb74-7881-4f2b-9330-2297662ca0ca@group-7FA7A550F732-SegmentedRaftLogWorker: created new log segment /home/runner/work/ozone/ozone/hadoop-ozone/integration-test/target/test-dir/MiniOzoneClusterImpl-08243b3f-be7e-4743-8f19-be1c242049e7/datanode-4/data/ratis/b527c441-1a51-4e1a-9a3d-7fa7a550f732/current/log_inprogress_0
2022-11-08 11:41:50,197 [Command processor thread] INFO  server.RaftServer (RaftServerProxy.java:remove(107)) - 9f6d9e32-b5ab-49ef-be08-a692056fb1f3: remove  FOLLOWER 9f6d9e32-b5ab-49ef-be08-a692056fb1f3@group-6B0EAE512540:t2, leader=86012a26-2f7a-42b0-9674-f0c6f2d36cf9, voted=86012a26-2f7a-42b0-9674-f0c6f2d36cf9, raftlog=Memoized:9f6d9e32-b5ab-49ef-be08-a692056fb1f3@group-6B0EAE512540-SegmentedRaftLog:OPENED:c0, conf=0: peers:[86012a26-2f7a-42b0-9674-f0c6f2d36cf9|rpc:10.1.0.111:45781|dataStream:|priority:1|startupRole:FOLLOWER, 9f6d9e32-b5ab-49ef-be08-a692056fb1f3|rpc:10.1.0.111:37217|dataStream:|priority:0|startupRole:FOLLOWER, 69ebc52a-668b-4a1b-b1c8-adfe2408a111|rpc:10.1.0.111:42155|dataStream:|priority:0|startupRole:FOLLOWER]|listeners:[], old=null RUNNING
2022-11-08 11:41:50,197 [Command processor thread] INFO  server.RaftServer$Division (RaftServerImpl.java:lambda$close$4(458)) - 9f6d9e32-b5ab-49ef-be08-a692056fb1f3@group-6B0EAE512540: shutdown
2022-11-08 11:41:50,198 [Command processor thread] INFO  util.JmxRegister (JmxRegister.java:unregister(73)) - Successfully un-registered JMX Bean with object name Ratis:service=RaftServer,group=group-6B0EAE512540,id=9f6d9e32-b5ab-49ef-be08-a692056fb1f3
2022-11-08 11:41:50,198 [Command processor thread] INFO  impl.RoleInfo (RoleInfo.java:shutdownFollowerState(110)) - 9f6d9e32-b5ab-49ef-be08-a692056fb1f3: shutdown 9f6d9e32-b5ab-49ef-be08-a692056fb1f3@group-6B0EAE512540-FollowerState
2022-11-08 11:41:50,198 [Command processor thread] INFO  impl.StateMachineUpdater (StateMachineUpdater.java:stopAndJoin(153)) - 9f6d9e32-b5ab-49ef-be08-a692056fb1f3@group-6B0EAE512540-StateMachineUpdater: set stopIndex = 0
2022-11-08 11:41:50,198 [9f6d9e32-b5ab-49ef-be08-a692056fb1f3@group-6B0EAE512540-StateMachineUpdater] INFO  ratis.ContainerStateMachine (ContainerStateMachine.java:takeSnapshot(304)) - group-6B0EAE512540: Taking a snapshot at:(t:2, i:0) file /home/runner/work/ozone/ozone/hadoop-ozone/integration-test/target/test-dir/MiniOzoneClusterImpl-08243b3f-be7e-4743-8f19-be1c242049e7/datanode-0/data/ratis/f3424c51-a144-49a3-b366-6b0eae512540/sm/snapshot.2_0
2022-11-08 11:41:50,199 [9f6d9e32-b5ab-49ef-be08-a692056fb1f3@group-6B0EAE512540-FollowerState] INFO  impl.FollowerState (FollowerState.java:run(152)) - 9f6d9e32-b5ab-49ef-be08-a692056fb1f3@group-6B0EAE512540-FollowerState was interrupted
2022-11-08 11:41:50,200 [9f6d9e32-b5ab-49ef-be08-a692056fb1f3@group-6B0EAE512540-StateMachineUpdater] INFO  ratis.ContainerStateMachine (ContainerStateMachine.java:takeSnapshot(315)) - group-6B0EAE512540: Finished taking a snapshot at:(t:2, i:0) file:/home/runner/work/ozone/ozone/hadoop-ozone/integration-test/target/test-dir/MiniOzoneClusterImpl-08243b3f-be7e-4743-8f19-be1c242049e7/datanode-0/data/ratis/f3424c51-a144-49a3-b366-6b0eae512540/sm/snapshot.2_0 took: 2 ms
2022-11-08 11:41:50,200 [9f6d9e32-b5ab-49ef-be08-a692056fb1f3@group-6B0EAE512540-StateMachineUpdater] INFO  impl.StateMachineUpdater (StateMachineUpdater.java:takeSnapshot(287)) - 9f6d9e32-b5ab-49ef-be08-a692056fb1f3@group-6B0EAE512540-StateMachineUpdater: Took a snapshot at index 0
2022-11-08 11:41:50,200 [9f6d9e32-b5ab-49ef-be08-a692056fb1f3@group-6B0EAE512540-StateMachineUpdater] INFO  impl.StateMachineUpdater (StateMachineUpdater.java:lambda$new$0(92)) - 9f6d9e32-b5ab-49ef-be08-a692056fb1f3@group-6B0EAE512540-StateMachineUpdater: snapshotIndex: updateIncreasingly -1 -> 0
2022-11-08 11:41:50,201 [Command processor thread] INFO  server.RaftServer$Division (ServerState.java:close(466)) - 9f6d9e32-b5ab-49ef-be08-a692056fb1f3@group-6B0EAE512540: closes. applyIndex: 0
2022-11-08 11:41:50,201 [9f6d9e32-b5ab-49ef-be08-a692056fb1f3@group-6B0EAE512540-SegmentedRaftLogWorker] INFO  segmented.SegmentedRaftLogWorker (SegmentedRaftLogWorker.java:run(345)) - 9f6d9e32-b5ab-49ef-be08-a692056fb1f3@group-6B0EAE512540-SegmentedRaftLogWorker was interrupted, exiting. There are 0 tasks remaining in the queue.
2022-11-08 11:41:50,204 [Command processor thread] INFO  segmented.SegmentedRaftLogWorker (SegmentedRaftLogWorker.java:close(255)) - 9f6d9e32-b5ab-49ef-be08-a692056fb1f3@group-6B0EAE512540-SegmentedRaftLogWorker close()
2022-11-08 11:41:50,208 [Command processor thread] INFO  server.RaftServer$Division (RaftServerImpl.java:groupRemove(428)) - 9f6d9e32-b5ab-49ef-be08-a692056fb1f3@group-6B0EAE512540: Succeed to remove RaftStorageDirectory Storage Directory /home/runner/work/ozone/ozone/hadoop-ozone/integration-test/target/test-dir/MiniOzoneClusterImpl-08243b3f-be7e-4743-8f19-be1c242049e7/datanode-0/data/ratis/f3424c51-a144-49a3-b366-6b0eae512540
2022-11-08 11:41:50,208 [Command processor thread] INFO  commandhandler.ClosePipelineCommandHandler (ClosePipelineCommandHandler.java:handle(78)) - Close Pipeline PipelineID=f3424c51-a144-49a3-b366-6b0eae512540 command on datanode 9f6d9e32-b5ab-49ef-be08-a692056fb1f3.
2022-11-08 11:41:50,213 [Command processor thread] INFO  server.RaftServer (RaftServerProxy.java:remove(107)) - 86012a26-2f7a-42b0-9674-f0c6f2d36cf9: remove    LEADER 86012a26-2f7a-42b0-9674-f0c6f2d36cf9@group-6B0EAE512540:t2, leader=86012a26-2f7a-42b0-9674-f0c6f2d36cf9, voted=86012a26-2f7a-42b0-9674-f0c6f2d36cf9, raftlog=Memoized:86012a26-2f7a-42b0-9674-f0c6f2d36cf9@group-6B0EAE512540-SegmentedRaftLog:OPENED:c0, conf=0: peers:[86012a26-2f7a-42b0-9674-f0c6f2d36cf9|rpc:10.1.0.111:45781|dataStream:|priority:1|startupRole:FOLLOWER, 9f6d9e32-b5ab-49ef-be08-a692056fb1f3|rpc:10.1.0.111:37217|dataStream:|priority:0|startupRole:FOLLOWER, 69ebc52a-668b-4a1b-b1c8-adfe2408a111|rpc:10.1.0.111:42155|dataStream:|priority:0|startupRole:FOLLOWER]|listeners:[], old=null RUNNING
2022-11-08 11:41:50,213 [Command processor thread] INFO  server.RaftServer$Division (RaftServerImpl.java:lambda$close$4(458)) - 86012a26-2f7a-42b0-9674-f0c6f2d36cf9@group-6B0EAE512540: shutdown
2022-11-08 11:41:50,213 [Command processor thread] INFO  util.JmxRegister (JmxRegister.java:unregister(73)) - Successfully un-registered JMX Bean with object name Ratis:service=RaftServer,group=group-6B0EAE512540,id=86012a26-2f7a-42b0-9674-f0c6f2d36cf9
2022-11-08 11:41:50,213 [Command processor thread] INFO  impl.RoleInfo (RoleInfo.java:shutdownLeaderState(93)) - 86012a26-2f7a-42b0-9674-f0c6f2d36cf9: shutdown 86012a26-2f7a-42b0-9674-f0c6f2d36cf9@group-6B0EAE512540-LeaderStateImpl
2022-11-08 11:41:50,213 [Command processor thread] INFO  impl.PendingRequests (PendingRequests.java:sendNotLeaderResponses(282)) - 86012a26-2f7a-42b0-9674-f0c6f2d36cf9@group-6B0EAE512540-PendingRequests: sendNotLeaderResponses
2022-11-08 11:41:50,213 [86012a26-2f7a-42b0-9674-f0c6f2d36cf9@group-6B0EAE512540->9f6d9e32-b5ab-49ef-be08-a692056fb1f3-GrpcLogAppender-LogAppenderDaemon] WARN  server.GrpcLogAppender (GrpcLogAppender.java:mayWait(200)) - 86012a26-2f7a-42b0-9674-f0c6f2d36cf9@group-6B0EAE512540->9f6d9e32-b5ab-49ef-be08-a692056fb1f3-GrpcLogAppender: Wait interrupted by java.lang.InterruptedException
2022-11-08 11:41:50,214 [Command processor thread] INFO  impl.StateMachineUpdater (StateMachineUpdater.java:stopAndJoin(153)) - 86012a26-2f7a-42b0-9674-f0c6f2d36cf9@group-6B0EAE512540-StateMachineUpdater: set stopIndex = 0
2022-11-08 11:41:50,214 [86012a26-2f7a-42b0-9674-f0c6f2d36cf9@group-6B0EAE512540-StateMachineUpdater] INFO  ratis.ContainerStateMachine (ContainerStateMachine.java:takeSnapshot(304)) - group-6B0EAE512540: Taking a snapshot at:(t:2, i:0) file /home/runner/work/ozone/ozone/hadoop-ozone/integration-test/target/test-dir/MiniOzoneClusterImpl-08243b3f-be7e-4743-8f19-be1c242049e7/datanode-1/data/ratis/f3424c51-a144-49a3-b366-6b0eae512540/sm/snapshot.2_0
2022-11-08 11:41:50,215 [grpc-default-executor-6] INFO  server.GrpcServerProtocolService (GrpcServerProtocolService.java:onCompleted(145)) - 9f6d9e32-b5ab-49ef-be08-a692056fb1f3: Completed APPEND_ENTRIES, lastRequest: 86012a26-2f7a-42b0-9674-f0c6f2d36cf9->9f6d9e32-b5ab-49ef-be08-a692056fb1f3#1-t2,previous=(t:0, i:0),leaderCommit=0,initializing? true,entries: size=1, first=(t:2, i:0), CONFIGURATIONENTRY(current:id: "86012a26-2f7a-42b0-9674-f0c6f2d36cf9"
address: "10.1.0.111:45781"
priority: 1
clientAddress: "10.1.0.111:45781"
adminAddress: "10.1.0.111:45781"
startupRole: FOLLOWER
,id: "9f6d9e32-b5ab-49ef-be08-a692056fb1f3"
address: "10.1.0.111:37217"
clientAddress: "10.1.0.111:37217"
adminAddress: "10.1.0.111:37217"
startupRole: FOLLOWER
,id: "69ebc52a-668b-4a1b-b1c8-adfe2408a111"
address: "10.1.0.111:42155"
clientAddress: "10.1.0.111:42155"
adminAddress: "10.1.0.111:42155"
startupRole: FOLLOWER
, old:)
2022-11-08 11:41:50,213 [86012a26-2f7a-42b0-9674-f0c6f2d36cf9@group-6B0EAE512540->69ebc52a-668b-4a1b-b1c8-adfe2408a111-GrpcLogAppender-LogAppenderDaemon] WARN  server.GrpcLogAppender (GrpcLogAppender.java:mayWait(200)) - 86012a26-2f7a-42b0-9674-f0c6f2d36cf9@group-6B0EAE512540->69ebc52a-668b-4a1b-b1c8-adfe2408a111-GrpcLogAppender: Wait interrupted by java.lang.InterruptedException
2022-11-08 11:41:50,216 [grpc-default-executor-5] INFO  server.GrpcServerProtocolService (GrpcServerProtocolService.java:onCompleted(145)) - 9f6d9e32-b5ab-49ef-be08-a692056fb1f3: Completed APPEND_ENTRIES, lastRequest: null
2022-11-08 11:41:50,217 [grpc-default-executor-3] INFO  server.GrpcServerProtocolService (GrpcServerProtocolService.java:onCompleted(145)) - 69ebc52a-668b-4a1b-b1c8-adfe2408a111: Completed APPEND_ENTRIES, lastRequest: 86012a26-2f7a-42b0-9674-f0c6f2d36cf9->69ebc52a-668b-4a1b-b1c8-adfe2408a111#1-t2,previous=(t:0, i:0),leaderCommit=0,initializing? true,entries: size=1, first=(t:2, i:0), CONFIGURATIONENTRY(current:id: "86012a26-2f7a-42b0-9674-f0c6f2d36cf9"
address: "10.1.0.111:45781"
priority: 1
clientAddress: "10.1.0.111:45781"
adminAddress: "10.1.0.111:45781"
startupRole: FOLLOWER
,id: "9f6d9e32-b5ab-49ef-be08-a692056fb1f3"
address: "10.1.0.111:37217"
clientAddress: "10.1.0.111:37217"
adminAddress: "10.1.0.111:37217"
startupRole: FOLLOWER
,id: "69ebc52a-668b-4a1b-b1c8-adfe2408a111"
address: "10.1.0.111:42155"
clientAddress: "10.1.0.111:42155"
adminAddress: "10.1.0.111:42155"
startupRole: FOLLOWER
, old:)
2022-11-08 11:41:50,217 [grpc-default-executor-3] INFO  server.GrpcServerProtocolService (GrpcServerProtocolService.java:onCompleted(145)) - 69ebc52a-668b-4a1b-b1c8-adfe2408a111: Completed APPEND_ENTRIES, lastRequest: null
2022-11-08 11:41:50,218 [86012a26-2f7a-42b0-9674-f0c6f2d36cf9@group-6B0EAE512540-StateMachineUpdater] INFO  ratis.ContainerStateMachine (ContainerStateMachine.java:takeSnapshot(315)) - group-6B0EAE512540: Finished taking a snapshot at:(t:2, i:0) file:/home/runner/work/ozone/ozone/hadoop-ozone/integration-test/target/test-dir/MiniOzoneClusterImpl-08243b3f-be7e-4743-8f19-be1c242049e7/datanode-1/data/ratis/f3424c51-a144-49a3-b366-6b0eae512540/sm/snapshot.2_0 took: 4 ms
2022-11-08 11:41:50,218 [86012a26-2f7a-42b0-9674-f0c6f2d36cf9@group-6B0EAE512540-StateMachineUpdater] INFO  impl.StateMachineUpdater (StateMachineUpdater.java:takeSnapshot(287)) - 86012a26-2f7a-42b0-9674-f0c6f2d36cf9@group-6B0EAE512540-StateMachineUpdater: Took a snapshot at index 0
2022-11-08 11:41:50,218 [86012a26-2f7a-42b0-9674-f0c6f2d36cf9@group-6B0EAE512540-StateMachineUpdater] INFO  impl.StateMachineUpdater (StateMachineUpdater.java:lambda$new$0(92)) - 86012a26-2f7a-42b0-9674-f0c6f2d36cf9@group-6B0EAE512540-StateMachineUpdater: snapshotIndex: updateIncreasingly -1 -> 0
2022-11-08 11:41:50,218 [grpc-default-executor-0] INFO  server.GrpcLogAppender (GrpcLogAppender.java:onCompleted(415)) - 86012a26-2f7a-42b0-9674-f0c6f2d36cf9@group-6B0EAE512540->9f6d9e32-b5ab-49ef-be08-a692056fb1f3-AppendLogResponseHandler: follower responses appendEntries COMPLETED
2022-11-08 11:41:50,219 [Command processor thread] INFO  server.RaftServer$Division (ServerState.java:close(466)) - 86012a26-2f7a-42b0-9674-f0c6f2d36cf9@group-6B0EAE512540: closes. applyIndex: 0
2022-11-08 11:41:50,219 [grpc-default-executor-0] INFO  leader.FollowerInfo (FollowerInfoImpl.java:lambda$new$0(48)) - 86012a26-2f7a-42b0-9674-f0c6f2d36cf9@group-6B0EAE512540->9f6d9e32-b5ab-49ef-be08-a692056fb1f3: nextIndex: updateUnconditionally 1 -> 0
2022-11-08 11:41:50,219 [86012a26-2f7a-42b0-9674-f0c6f2d36cf9@group-6B0EAE512540-SegmentedRaftLogWorker] INFO  segmented.SegmentedRaftLogWorker (SegmentedRaftLogWorker.java:run(345)) - 86012a26-2f7a-42b0-9674-f0c6f2d36cf9@group-6B0EAE512540-SegmentedRaftLogWorker was interrupted, exiting. There are 0 tasks remaining in the queue.
2022-11-08 11:41:50,219 [grpc-default-executor-6] INFO  server.GrpcLogAppender (GrpcLogAppender.java:onCompleted(415)) - 86012a26-2f7a-42b0-9674-f0c6f2d36cf9@group-6B0EAE512540->69ebc52a-668b-4a1b-b1c8-adfe2408a111-AppendLogResponseHandler: follower responses appendEntries COMPLETED
2022-11-08 11:41:50,219 [grpc-default-executor-6] INFO  leader.FollowerInfo (FollowerInfoImpl.java:lambda$new$0(48)) - 86012a26-2f7a-42b0-9674-f0c6f2d36cf9@group-6B0EAE512540->69ebc52a-668b-4a1b-b1c8-adfe2408a111: nextIndex: updateUnconditionally 1 -> 0
2022-11-08 11:41:50,219 [grpc-default-executor-3] INFO  server.GrpcLogAppender (GrpcLogAppender.java:onCompleted(415)) - 86012a26-2f7a-42b0-9674-f0c6f2d36cf9@group-6B0EAE512540->9f6d9e32-b5ab-49ef-be08-a692056fb1f3-AppendLogResponseHandler: follower responses appendEntries COMPLETED
2022-11-08 11:41:50,220 [grpc-default-executor-3] INFO  leader.FollowerInfo (FollowerInfoImpl.java:lambda$new$0(48)) - 86012a26-2f7a-42b0-9674-f0c6f2d36cf9@group-6B0EAE512540->9f6d9e32-b5ab-49ef-be08-a692056fb1f3: nextIndex: updateUnconditionally 0 -> 0
2022-11-08 11:41:50,220 [grpc-default-executor-3] INFO  server.GrpcLogAppender (GrpcLogAppender.java:onCompleted(415)) - 86012a26-2f7a-42b0-9674-f0c6f2d36cf9@group-6B0EAE512540->69ebc52a-668b-4a1b-b1c8-adfe2408a111-AppendLogResponseHandler: follower responses appendEntries COMPLETED
2022-11-08 11:41:50,220 [grpc-default-executor-3] INFO  leader.FollowerInfo (FollowerInfoImpl.java:lambda$new$0(48)) - 86012a26-2f7a-42b0-9674-f0c6f2d36cf9@group-6B0EAE512540->69ebc52a-668b-4a1b-b1c8-adfe2408a111: nextIndex: updateUnconditionally 0 -> 0
2022-11-08 11:41:50,221 [Command processor thread] INFO  segmented.SegmentedRaftLogWorker (SegmentedRaftLogWorker.java:close(255)) - 86012a26-2f7a-42b0-9674-f0c6f2d36cf9@group-6B0EAE512540-SegmentedRaftLogWorker close()
2022-11-08 11:41:50,224 [Command processor thread] INFO  server.RaftServer$Division (RaftServerImpl.java:groupRemove(428)) - 86012a26-2f7a-42b0-9674-f0c6f2d36cf9@group-6B0EAE512540: Succeed to remove RaftStorageDirectory Storage Directory /home/runner/work/ozone/ozone/hadoop-ozone/integration-test/target/test-dir/MiniOzoneClusterImpl-08243b3f-be7e-4743-8f19-be1c242049e7/datanode-1/data/ratis/f3424c51-a144-49a3-b366-6b0eae512540
2022-11-08 11:41:50,224 [Command processor thread] INFO  commandhandler.ClosePipelineCommandHandler (ClosePipelineCommandHandler.java:handle(78)) - Close Pipeline PipelineID=f3424c51-a144-49a3-b366-6b0eae512540 command on datanode 86012a26-2f7a-42b0-9674-f0c6f2d36cf9.
2022-11-08 11:41:50,253 [Command processor thread] INFO  server.RaftServer (RaftServerProxy.java:remove(107)) - 69ebc52a-668b-4a1b-b1c8-adfe2408a111: remove  FOLLOWER 69ebc52a-668b-4a1b-b1c8-adfe2408a111@group-6B0EAE512540:t2, leader=86012a26-2f7a-42b0-9674-f0c6f2d36cf9, voted=86012a26-2f7a-42b0-9674-f0c6f2d36cf9, raftlog=Memoized:69ebc52a-668b-4a1b-b1c8-adfe2408a111@group-6B0EAE512540-SegmentedRaftLog:OPENED:c0, conf=0: peers:[86012a26-2f7a-42b0-9674-f0c6f2d36cf9|rpc:10.1.0.111:45781|dataStream:|priority:1|startupRole:FOLLOWER, 9f6d9e32-b5ab-49ef-be08-a692056fb1f3|rpc:10.1.0.111:37217|dataStream:|priority:0|startupRole:FOLLOWER, 69ebc52a-668b-4a1b-b1c8-adfe2408a111|rpc:10.1.0.111:42155|dataStream:|priority:0|startupRole:FOLLOWER]|listeners:[], old=null RUNNING
2022-11-08 11:41:50,253 [Command processor thread] INFO  server.RaftServer$Division (RaftServerImpl.java:lambda$close$4(458)) - 69ebc52a-668b-4a1b-b1c8-adfe2408a111@group-6B0EAE512540: shutdown
2022-11-08 11:41:50,253 [Command processor thread] INFO  util.JmxRegister (JmxRegister.java:unregister(73)) - Successfully un-registered JMX Bean with object name Ratis:service=RaftServer,group=group-6B0EAE512540,id=69ebc52a-668b-4a1b-b1c8-adfe2408a111
2022-11-08 11:41:50,253 [Command processor thread] INFO  impl.RoleInfo (RoleInfo.java:shutdownFollowerState(110)) - 69ebc52a-668b-4a1b-b1c8-adfe2408a111: shutdown 69ebc52a-668b-4a1b-b1c8-adfe2408a111@group-6B0EAE512540-FollowerState
2022-11-08 11:41:50,253 [Command processor thread] INFO  impl.StateMachineUpdater (StateMachineUpdater.java:stopAndJoin(153)) - 69ebc52a-668b-4a1b-b1c8-adfe2408a111@group-6B0EAE512540-StateMachineUpdater: set stopIndex = 0
2022-11-08 11:41:50,253 [69ebc52a-668b-4a1b-b1c8-adfe2408a111@group-6B0EAE512540-FollowerState] INFO  impl.FollowerState (FollowerState.java:run(152)) - 69ebc52a-668b-4a1b-b1c8-adfe2408a111@group-6B0EAE512540-FollowerState was interrupted
2022-11-08 11:41:50,255 [69ebc52a-668b-4a1b-b1c8-adfe2408a111@group-6B0EAE512540-StateMachineUpdater] INFO  ratis.ContainerStateMachine (ContainerStateMachine.java:takeSnapshot(304)) - group-6B0EAE512540: Taking a snapshot at:(t:2, i:0) file /home/runner/work/ozone/ozone/hadoop-ozone/integration-test/target/test-dir/MiniOzoneClusterImpl-08243b3f-be7e-4743-8f19-be1c242049e7/datanode-2/data/ratis/f3424c51-a144-49a3-b366-6b0eae512540/sm/snapshot.2_0
2022-11-08 11:41:50,256 [69ebc52a-668b-4a1b-b1c8-adfe2408a111@group-6B0EAE512540-StateMachineUpdater] INFO  ratis.ContainerStateMachine (ContainerStateMachine.java:takeSnapshot(315)) - group-6B0EAE512540: Finished taking a snapshot at:(t:2, i:0) file:/home/runner/work/ozone/ozone/hadoop-ozone/integration-test/target/test-dir/MiniOzoneClusterImpl-08243b3f-be7e-4743-8f19-be1c242049e7/datanode-2/data/ratis/f3424c51-a144-49a3-b366-6b0eae512540/sm/snapshot.2_0 took: 1 ms
2022-11-08 11:41:50,256 [69ebc52a-668b-4a1b-b1c8-adfe2408a111@group-6B0EAE512540-StateMachineUpdater] INFO  impl.StateMachineUpdater (StateMachineUpdater.java:takeSnapshot(287)) - 69ebc52a-668b-4a1b-b1c8-adfe2408a111@group-6B0EAE512540-StateMachineUpdater: Took a snapshot at index 0
2022-11-08 11:41:50,256 [69ebc52a-668b-4a1b-b1c8-adfe2408a111@group-6B0EAE512540-StateMachineUpdater] INFO  impl.StateMachineUpdater (StateMachineUpdater.java:lambda$new$0(92)) - 69ebc52a-668b-4a1b-b1c8-adfe2408a111@group-6B0EAE512540-StateMachineUpdater: snapshotIndex: updateIncreasingly -1 -> 0
2022-11-08 11:41:50,257 [Command processor thread] INFO  server.RaftServer$Division (ServerState.java:close(466)) - 69ebc52a-668b-4a1b-b1c8-adfe2408a111@group-6B0EAE512540: closes. applyIndex: 0
2022-11-08 11:41:50,257 [69ebc52a-668b-4a1b-b1c8-adfe2408a111@group-6B0EAE512540-SegmentedRaftLogWorker] INFO  segmented.SegmentedRaftLogWorker (SegmentedRaftLogWorker.java:run(345)) - 69ebc52a-668b-4a1b-b1c8-adfe2408a111@group-6B0EAE512540-SegmentedRaftLogWorker was interrupted, exiting. There are 0 tasks remaining in the queue.
2022-11-08 11:41:50,261 [Command processor thread] INFO  segmented.SegmentedRaftLogWorker (SegmentedRaftLogWorker.java:close(255)) - 69ebc52a-668b-4a1b-b1c8-adfe2408a111@group-6B0EAE512540-SegmentedRaftLogWorker close()
2022-11-08 11:41:50,268 [Command processor thread] INFO  server.RaftServer$Division (RaftServerImpl.java:groupRemove(428)) - 69ebc52a-668b-4a1b-b1c8-adfe2408a111@group-6B0EAE512540: Succeed to remove RaftStorageDirectory Storage Directory /home/runner/work/ozone/ozone/hadoop-ozone/integration-test/target/test-dir/MiniOzoneClusterImpl-08243b3f-be7e-4743-8f19-be1c242049e7/datanode-2/data/ratis/f3424c51-a144-49a3-b366-6b0eae512540
2022-11-08 11:41:50,268 [Command processor thread] INFO  commandhandler.ClosePipelineCommandHandler (ClosePipelineCommandHandler.java:handle(78)) - Close Pipeline PipelineID=f3424c51-a144-49a3-b366-6b0eae512540 command on datanode 69ebc52a-668b-4a1b-b1c8-adfe2408a111.
2022-11-08 11:41:51,421 [Command processor thread] INFO  server.RaftServer (RaftServerProxy.java:remove(107)) - f62ccb74-7881-4f2b-9330-2297662ca0ca: remove  FOLLOWER f62ccb74-7881-4f2b-9330-2297662ca0ca@group-D1C05AEAF764:t2, leader=188713c8-c2c6-4040-a876-e7c7ddd4017d, voted=188713c8-c2c6-4040-a876-e7c7ddd4017d, raftlog=Memoized:f62ccb74-7881-4f2b-9330-2297662ca0ca@group-D1C05AEAF764-SegmentedRaftLog:OPENED:c0, conf=0: peers:[188713c8-c2c6-4040-a876-e7c7ddd4017d|rpc:10.1.0.111:40121|dataStream:|priority:1|startupRole:FOLLOWER, d1b20379-1bd2-4861-a9be-2c8bcc065cb9|rpc:10.1.0.111:33049|dataStream:|priority:0|startupRole:FOLLOWER, f62ccb74-7881-4f2b-9330-2297662ca0ca|rpc:10.1.0.111:45879|dataStream:|priority:0|startupRole:FOLLOWER]|listeners:[], old=null RUNNING
2022-11-08 11:41:51,421 [Command processor thread] INFO  server.RaftServer$Division (RaftServerImpl.java:lambda$close$4(458)) - f62ccb74-7881-4f2b-9330-2297662ca0ca@group-D1C05AEAF764: shutdown
2022-11-08 11:41:51,422 [Command processor thread] INFO  util.JmxRegister (JmxRegister.java:unregister(73)) - Successfully un-registered JMX Bean with object name Ratis:service=RaftServer,group=group-D1C05AEAF764,id=f62ccb74-7881-4f2b-9330-2297662ca0ca
2022-11-08 11:41:51,422 [Command processor thread] INFO  impl.RoleInfo (RoleInfo.java:shutdownFollowerState(110)) - f62ccb74-7881-4f2b-9330-2297662ca0ca: shutdown f62ccb74-7881-4f2b-9330-2297662ca0ca@group-D1C05AEAF764-FollowerState
2022-11-08 11:41:51,422 [Command processor thread] INFO  impl.StateMachineUpdater (StateMachineUpdater.java:stopAndJoin(153)) - f62ccb74-7881-4f2b-9330-2297662ca0ca@group-D1C05AEAF764-StateMachineUpdater: set stopIndex = 0
2022-11-08 11:41:51,422 [f62ccb74-7881-4f2b-9330-2297662ca0ca@group-D1C05AEAF764-FollowerState] INFO  impl.FollowerState (FollowerState.java:run(152)) - f62ccb74-7881-4f2b-9330-2297662ca0ca@group-D1C05AEAF764-FollowerState was interrupted
2022-11-08 11:41:51,423 [f62ccb74-7881-4f2b-9330-2297662ca0ca@group-D1C05AEAF764-StateMachineUpdater] INFO  ratis.ContainerStateMachine (ContainerStateMachine.java:takeSnapshot(304)) - group-D1C05AEAF764: Taking a snapshot at:(t:2, i:0) file /home/runner/work/ozone/ozone/hadoop-ozone/integration-test/target/test-dir/MiniOzoneClusterImpl-08243b3f-be7e-4743-8f19-be1c242049e7/datanode-4/data/ratis/eaecf3a5-4596-488f-bf4f-d1c05aeaf764/sm/snapshot.2_0
2022-11-08 11:41:51,425 [f62ccb74-7881-4f2b-9330-2297662ca0ca@group-D1C05AEAF764-StateMachineUpdater] INFO  ratis.ContainerStateMachine (ContainerStateMachine.java:takeSnapshot(315)) - group-D1C05AEAF764: Finished taking a snapshot at:(t:2, i:0) file:/home/runner/work/ozone/ozone/hadoop-ozone/integration-test/target/test-dir/MiniOzoneClusterImpl-08243b3f-be7e-4743-8f19-be1c242049e7/datanode-4/data/ratis/eaecf3a5-4596-488f-bf4f-d1c05aeaf764/sm/snapshot.2_0 took: 1 ms
2022-11-08 11:41:51,425 [f62ccb74-7881-4f2b-9330-2297662ca0ca@group-D1C05AEAF764-StateMachineUpdater] INFO  impl.StateMachineUpdater (StateMachineUpdater.java:takeSnapshot(287)) - f62ccb74-7881-4f2b-9330-2297662ca0ca@group-D1C05AEAF764-StateMachineUpdater: Took a snapshot at index 0
2022-11-08 11:41:51,425 [f62ccb74-7881-4f2b-9330-2297662ca0ca@group-D1C05AEAF764-StateMachineUpdater] INFO  impl.StateMachineUpdater (StateMachineUpdater.java:lambda$new$0(92)) - f62ccb74-7881-4f2b-9330-2297662ca0ca@group-D1C05AEAF764-StateMachineUpdater: snapshotIndex: updateIncreasingly -1 -> 0
2022-11-08 11:41:51,425 [Command processor thread] INFO  server.RaftServer$Division (ServerState.java:close(466)) - f62ccb74-7881-4f2b-9330-2297662ca0ca@group-D1C05AEAF764: closes. applyIndex: 0
2022-11-08 11:41:51,426 [f62ccb74-7881-4f2b-9330-2297662ca0ca@group-D1C05AEAF764-SegmentedRaftLogWorker] INFO  segmented.SegmentedRaftLogWorker (SegmentedRaftLogWorker.java:run(345)) - f62ccb74-7881-4f2b-9330-2297662ca0ca@group-D1C05AEAF764-SegmentedRaftLogWorker was interrupted, exiting. There are 0 tasks remaining in the queue.
2022-11-08 11:41:51,429 [Command processor thread] INFO  segmented.SegmentedRaftLogWorker (SegmentedRaftLogWorker.java:close(255)) - f62ccb74-7881-4f2b-9330-2297662ca0ca@group-D1C05AEAF764-SegmentedRaftLogWorker close()
2022-11-08 11:41:51,432 [Command processor thread] INFO  server.RaftServer$Division (RaftServerImpl.java:groupRemove(428)) - f62ccb74-7881-4f2b-9330-2297662ca0ca@group-D1C05AEAF764: Succeed to remove RaftStorageDirectory Storage Directory /home/runner/work/ozone/ozone/hadoop-ozone/integration-test/target/test-dir/MiniOzoneClusterImpl-08243b3f-be7e-4743-8f19-be1c242049e7/datanode-4/data/ratis/eaecf3a5-4596-488f-bf4f-d1c05aeaf764
2022-11-08 11:41:51,432 [Command processor thread] INFO  commandhandler.ClosePipelineCommandHandler (ClosePipelineCommandHandler.java:handle(78)) - Close Pipeline PipelineID=eaecf3a5-4596-488f-bf4f-d1c05aeaf764 command on datanode f62ccb74-7881-4f2b-9330-2297662ca0ca.
2022-11-08 11:41:51,432 [Command processor thread] INFO  server.RaftServer (RaftServerProxy.java:remove(107)) - f62ccb74-7881-4f2b-9330-2297662ca0ca: remove  FOLLOWER f62ccb74-7881-4f2b-9330-2297662ca0ca@group-7FA7A550F732:t2, leader=d1b20379-1bd2-4861-a9be-2c8bcc065cb9, voted=d1b20379-1bd2-4861-a9be-2c8bcc065cb9, raftlog=Memoized:f62ccb74-7881-4f2b-9330-2297662ca0ca@group-7FA7A550F732-SegmentedRaftLog:OPENED:c0, conf=0: peers:[188713c8-c2c6-4040-a876-e7c7ddd4017d|rpc:10.1.0.111:40121|dataStream:|priority:0|startupRole:FOLLOWER, d1b20379-1bd2-4861-a9be-2c8bcc065cb9|rpc:10.1.0.111:33049|dataStream:|priority:1|startupRole:FOLLOWER, f62ccb74-7881-4f2b-9330-2297662ca0ca|rpc:10.1.0.111:45879|dataStream:|priority:0|startupRole:FOLLOWER]|listeners:[], old=null RUNNING
2022-11-08 11:41:51,432 [Command processor thread] INFO  server.RaftServer$Division (RaftServerImpl.java:lambda$close$4(458)) - f62ccb74-7881-4f2b-9330-2297662ca0ca@group-7FA7A550F732: shutdown
2022-11-08 11:41:51,432 [Command processor thread] INFO  util.JmxRegister (JmxRegister.java:unregister(73)) - Successfully un-registered JMX Bean with object name Ratis:service=RaftServer,group=group-7FA7A550F732,id=f62ccb74-7881-4f2b-9330-2297662ca0ca
2022-11-08 11:41:51,432 [Command processor thread] INFO  impl.RoleInfo (RoleInfo.java:shutdownFollowerState(110)) - f62ccb74-7881-4f2b-9330-2297662ca0ca: shutdown f62ccb74-7881-4f2b-9330-2297662ca0ca@group-7FA7A550F732-FollowerState
2022-11-08 11:41:51,432 [Command processor thread] INFO  impl.StateMachineUpdater (StateMachineUpdater.java:stopAndJoin(153)) - f62ccb74-7881-4f2b-9330-2297662ca0ca@group-7FA7A550F732-StateMachineUpdater: set stopIndex = 0
2022-11-08 11:41:51,432 [f62ccb74-7881-4f2b-9330-2297662ca0ca@group-7FA7A550F732-FollowerState] INFO  impl.FollowerState (FollowerState.java:run(152)) - f62ccb74-7881-4f2b-9330-2297662ca0ca@group-7FA7A550F732-FollowerState was interrupted
2022-11-08 11:41:51,434 [f62ccb74-7881-4f2b-9330-2297662ca0ca@group-7FA7A550F732-StateMachineUpdater] INFO  ratis.ContainerStateMachine (ContainerStateMachine.java:takeSnapshot(304)) - group-7FA7A550F732: Taking a snapshot at:(t:2, i:0) file /home/runner/work/ozone/ozone/hadoop-ozone/integration-test/target/test-dir/MiniOzoneClusterImpl-08243b3f-be7e-4743-8f19-be1c242049e7/datanode-4/data/ratis/b527c441-1a51-4e1a-9a3d-7fa7a550f732/sm/snapshot.2_0
2022-11-08 11:41:51,435 [f62ccb74-7881-4f2b-9330-2297662ca0ca@group-7FA7A550F732-StateMachineUpdater] INFO  ratis.ContainerStateMachine (ContainerStateMachine.java:takeSnapshot(315)) - group-7FA7A550F732: Finished taking a snapshot at:(t:2, i:0) file:/home/runner/work/ozone/ozone/hadoop-ozone/integration-test/target/test-dir/MiniOzoneClusterImpl-08243b3f-be7e-4743-8f19-be1c242049e7/datanode-4/data/ratis/b527c441-1a51-4e1a-9a3d-7fa7a550f732/sm/snapshot.2_0 took: 1 ms
2022-11-08 11:41:51,435 [f62ccb74-7881-4f2b-9330-2297662ca0ca@group-7FA7A550F732-StateMachineUpdater] INFO  impl.StateMachineUpdater (StateMachineUpdater.java:takeSnapshot(287)) - f62ccb74-7881-4f2b-9330-2297662ca0ca@group-7FA7A550F732-StateMachineUpdater: Took a snapshot at index 0
2022-11-08 11:41:51,435 [f62ccb74-7881-4f2b-9330-2297662ca0ca@group-7FA7A550F732-StateMachineUpdater] INFO  impl.StateMachineUpdater (StateMachineUpdater.java:lambda$new$0(92)) - f62ccb74-7881-4f2b-9330-2297662ca0ca@group-7FA7A550F732-StateMachineUpdater: snapshotIndex: updateIncreasingly -1 -> 0
2022-11-08 11:41:51,435 [Command processor thread] INFO  server.RaftServer$Division (ServerState.java:close(466)) - f62ccb74-7881-4f2b-9330-2297662ca0ca@group-7FA7A550F732: closes. applyIndex: 0
2022-11-08 11:41:51,436 [f62ccb74-7881-4f2b-9330-2297662ca0ca@group-7FA7A550F732-SegmentedRaftLogWorker] INFO  segmented.SegmentedRaftLogWorker (SegmentedRaftLogWorker.java:run(345)) - f62ccb74-7881-4f2b-9330-2297662ca0ca@group-7FA7A550F732-SegmentedRaftLogWorker was interrupted, exiting. There are 0 tasks remaining in the queue.
2022-11-08 11:41:51,437 [Command processor thread] INFO  segmented.SegmentedRaftLogWorker (SegmentedRaftLogWorker.java:close(255)) - f62ccb74-7881-4f2b-9330-2297662ca0ca@group-7FA7A550F732-SegmentedRaftLogWorker close()
2022-11-08 11:41:51,439 [Command processor thread] INFO  server.RaftServer$Division (RaftServerImpl.java:groupRemove(428)) - f62ccb74-7881-4f2b-9330-2297662ca0ca@group-7FA7A550F732: Succeed to remove RaftStorageDirectory Storage Directory /home/runner/work/ozone/ozone/hadoop-ozone/integration-test/target/test-dir/MiniOzoneClusterImpl-08243b3f-be7e-4743-8f19-be1c242049e7/datanode-4/data/ratis/b527c441-1a51-4e1a-9a3d-7fa7a550f732
2022-11-08 11:41:51,439 [Command processor thread] INFO  commandhandler.ClosePipelineCommandHandler (ClosePipelineCommandHandler.java:handle(78)) - Close Pipeline PipelineID=b527c441-1a51-4e1a-9a3d-7fa7a550f732 command on datanode f62ccb74-7881-4f2b-9330-2297662ca0ca.
2022-11-08 11:41:51,489 [Command processor thread] INFO  server.RaftServer (RaftServerProxy.java:remove(107)) - 188713c8-c2c6-4040-a876-e7c7ddd4017d: remove    LEADER 188713c8-c2c6-4040-a876-e7c7ddd4017d@group-D1C05AEAF764:t2, leader=188713c8-c2c6-4040-a876-e7c7ddd4017d, voted=188713c8-c2c6-4040-a876-e7c7ddd4017d, raftlog=Memoized:188713c8-c2c6-4040-a876-e7c7ddd4017d@group-D1C05AEAF764-SegmentedRaftLog:OPENED:c0, conf=0: peers:[188713c8-c2c6-4040-a876-e7c7ddd4017d|rpc:10.1.0.111:40121|dataStream:|priority:1|startupRole:FOLLOWER, d1b20379-1bd2-4861-a9be-2c8bcc065cb9|rpc:10.1.0.111:33049|dataStream:|priority:0|startupRole:FOLLOWER, f62ccb74-7881-4f2b-9330-2297662ca0ca|rpc:10.1.0.111:45879|dataStream:|priority:0|startupRole:FOLLOWER]|listeners:[], old=null RUNNING
2022-11-08 11:41:51,490 [Command processor thread] INFO  server.RaftServer$Division (RaftServerImpl.java:lambda$close$4(458)) - 188713c8-c2c6-4040-a876-e7c7ddd4017d@group-D1C05AEAF764: shutdown
2022-11-08 11:41:51,490 [Command processor thread] INFO  util.JmxRegister (JmxRegister.java:unregister(73)) - Successfully un-registered JMX Bean with object name Ratis:service=RaftServer,group=group-D1C05AEAF764,id=188713c8-c2c6-4040-a876-e7c7ddd4017d
2022-11-08 11:41:51,490 [Command processor thread] INFO  impl.RoleInfo (RoleInfo.java:shutdownLeaderState(93)) - 188713c8-c2c6-4040-a876-e7c7ddd4017d: shutdown 188713c8-c2c6-4040-a876-e7c7ddd4017d@group-D1C05AEAF764-LeaderStateImpl
2022-11-08 11:41:51,490 [188713c8-c2c6-4040-a876-e7c7ddd4017d@group-D1C05AEAF764->d1b20379-1bd2-4861-a9be-2c8bcc065cb9-GrpcLogAppender-LogAppenderDaemon] WARN  server.GrpcLogAppender (GrpcLogAppender.java:mayWait(200)) - 188713c8-c2c6-4040-a876-e7c7ddd4017d@group-D1C05AEAF764->d1b20379-1bd2-4861-a9be-2c8bcc065cb9-GrpcLogAppender: Wait interrupted by java.lang.InterruptedException
2022-11-08 11:41:51,490 [Command processor thread] INFO  impl.PendingRequests (PendingRequests.java:sendNotLeaderResponses(282)) - 188713c8-c2c6-4040-a876-e7c7ddd4017d@group-D1C05AEAF764-PendingRequests: sendNotLeaderResponses
2022-11-08 11:41:51,491 [grpc-default-executor-6] INFO  server.GrpcServerProtocolService (GrpcServerProtocolService.java:onCompleted(145)) - d1b20379-1bd2-4861-a9be-2c8bcc065cb9: Completed APPEND_ENTRIES, lastRequest: null
2022-11-08 11:41:51,491 [grpc-default-executor-3] INFO  server.GrpcServerProtocolService (GrpcServerProtocolService.java:onCompleted(145)) - d1b20379-1bd2-4861-a9be-2c8bcc065cb9: Completed APPEND_ENTRIES, lastRequest: 188713c8-c2c6-4040-a876-e7c7ddd4017d->d1b20379-1bd2-4861-a9be-2c8bcc065cb9#1-t2,previous=(t:0, i:0),leaderCommit=0,initializing? true,entries: size=1, first=(t:2, i:0), CONFIGURATIONENTRY(current:id: "188713c8-c2c6-4040-a876-e7c7ddd4017d"
address: "10.1.0.111:40121"
priority: 1
clientAddress: "10.1.0.111:40121"
adminAddress: "10.1.0.111:40121"
startupRole: FOLLOWER
,id: "d1b20379-1bd2-4861-a9be-2c8bcc065cb9"
address: "10.1.0.111:33049"
clientAddress: "10.1.0.111:33049"
adminAddress: "10.1.0.111:33049"
startupRole: FOLLOWER
,id: "f62ccb74-7881-4f2b-9330-2297662ca0ca"
address: "10.1.0.111:45879"
clientAddress: "10.1.0.111:45879"
adminAddress: "10.1.0.111:45879"
startupRole: FOLLOWER
, old:)
2022-11-08 11:41:51,491 [188713c8-c2c6-4040-a876-e7c7ddd4017d@group-D1C05AEAF764->f62ccb74-7881-4f2b-9330-2297662ca0ca-GrpcLogAppender-LogAppenderDaemon] WARN  server.GrpcLogAppender (GrpcLogAppender.java:mayWait(200)) - 188713c8-c2c6-4040-a876-e7c7ddd4017d@group-D1C05AEAF764->f62ccb74-7881-4f2b-9330-2297662ca0ca-GrpcLogAppender: Wait interrupted by java.lang.InterruptedException
2022-11-08 11:41:51,492 [grpc-default-executor-3] INFO  server.GrpcLogAppender (GrpcLogAppender.java:onCompleted(415)) - 188713c8-c2c6-4040-a876-e7c7ddd4017d@group-D1C05AEAF764->d1b20379-1bd2-4861-a9be-2c8bcc065cb9-AppendLogResponseHandler: follower responses appendEntries COMPLETED
2022-11-08 11:41:51,492 [grpc-default-executor-3] INFO  leader.FollowerInfo (FollowerInfoImpl.java:lambda$new$0(48)) - 188713c8-c2c6-4040-a876-e7c7ddd4017d@group-D1C05AEAF764->d1b20379-1bd2-4861-a9be-2c8bcc065cb9: nextIndex: updateUnconditionally 1 -> 0
2022-11-08 11:41:51,492 [grpc-default-executor-6] INFO  server.GrpcServerProtocolService (GrpcServerProtocolService.java:onCompleted(145)) - f62ccb74-7881-4f2b-9330-2297662ca0ca: Completed APPEND_ENTRIES, lastRequest: null
2022-11-08 11:41:51,492 [grpc-default-executor-3] INFO  server.GrpcLogAppender (GrpcLogAppender.java:onCompleted(415)) - 188713c8-c2c6-4040-a876-e7c7ddd4017d@group-D1C05AEAF764->d1b20379-1bd2-4861-a9be-2c8bcc065cb9-AppendLogResponseHandler: follower responses appendEntries COMPLETED
2022-11-08 11:41:51,493 [grpc-default-executor-3] INFO  leader.FollowerInfo (FollowerInfoImpl.java:lambda$new$0(48)) - 188713c8-c2c6-4040-a876-e7c7ddd4017d@group-D1C05AEAF764->d1b20379-1bd2-4861-a9be-2c8bcc065cb9: nextIndex: updateUnconditionally 0 -> 0
2022-11-08 11:41:51,493 [grpc-default-executor-5] INFO  server.GrpcServerProtocolService (GrpcServerProtocolService.java:onCompleted(145)) - f62ccb74-7881-4f2b-9330-2297662ca0ca: Completed APPEND_ENTRIES, lastRequest: 188713c8-c2c6-4040-a876-e7c7ddd4017d->f62ccb74-7881-4f2b-9330-2297662ca0ca#1-t2,previous=(t:0, i:0),leaderCommit=0,initializing? true,entries: size=1, first=(t:2, i:0), CONFIGURATIONENTRY(current:id: "188713c8-c2c6-4040-a876-e7c7ddd4017d"
address: "10.1.0.111:40121"
priority: 1
clientAddress: "10.1.0.111:40121"
adminAddress: "10.1.0.111:40121"
startupRole: FOLLOWER
,id: "d1b20379-1bd2-4861-a9be-2c8bcc065cb9"
address: "10.1.0.111:33049"
clientAddress: "10.1.0.111:33049"
adminAddress: "10.1.0.111:33049"
startupRole: FOLLOWER
,id: "f62ccb74-7881-4f2b-9330-2297662ca0ca"
address: "10.1.0.111:45879"
clientAddress: "10.1.0.111:45879"
adminAddress: "10.1.0.111:45879"
startupRole: FOLLOWER
, old:)
2022-11-08 11:41:51,493 [Command processor thread] INFO  impl.StateMachineUpdater (StateMachineUpdater.java:stopAndJoin(153)) - 188713c8-c2c6-4040-a876-e7c7ddd4017d@group-D1C05AEAF764-StateMachineUpdater: set stopIndex = 0
2022-11-08 11:41:51,494 [grpc-default-executor-5] INFO  server.GrpcLogAppender (GrpcLogAppender.java:onCompleted(415)) - 188713c8-c2c6-4040-a876-e7c7ddd4017d@group-D1C05AEAF764->f62ccb74-7881-4f2b-9330-2297662ca0ca-AppendLogResponseHandler: follower responses appendEntries COMPLETED
2022-11-08 11:41:51,494 [grpc-default-executor-5] INFO  leader.FollowerInfo (FollowerInfoImpl.java:lambda$new$0(48)) - 188713c8-c2c6-4040-a876-e7c7ddd4017d@group-D1C05AEAF764->f62ccb74-7881-4f2b-9330-2297662ca0ca: nextIndex: updateUnconditionally 1 -> 0
2022-11-08 11:41:51,495 [188713c8-c2c6-4040-a876-e7c7ddd4017d@group-D1C05AEAF764-StateMachineUpdater] INFO  ratis.ContainerStateMachine (ContainerStateMachine.java:takeSnapshot(304)) - group-D1C05AEAF764: Taking a snapshot at:(t:2, i:0) file /home/runner/work/ozone/ozone/hadoop-ozone/integration-test/target/test-dir/MiniOzoneClusterImpl-08243b3f-be7e-4743-8f19-be1c242049e7/datanode-3/data/ratis/eaecf3a5-4596-488f-bf4f-d1c05aeaf764/sm/snapshot.2_0
2022-11-08 11:41:51,495 [grpc-default-executor-5] INFO  server.GrpcLogAppender (GrpcLogAppender.java:onCompleted(415)) - 188713c8-c2c6-4040-a876-e7c7ddd4017d@group-D1C05AEAF764->f62ccb74-7881-4f2b-9330-2297662ca0ca-AppendLogResponseHandler: follower responses appendEntries COMPLETED
2022-11-08 11:41:51,495 [grpc-default-executor-5] INFO  leader.FollowerInfo (FollowerInfoImpl.java:lambda$new$0(48)) - 188713c8-c2c6-4040-a876-e7c7ddd4017d@group-D1C05AEAF764->f62ccb74-7881-4f2b-9330-2297662ca0ca: nextIndex: updateUnconditionally 0 -> 0
2022-11-08 11:41:51,496 [188713c8-c2c6-4040-a876-e7c7ddd4017d@group-D1C05AEAF764-StateMachineUpdater] INFO  ratis.ContainerStateMachine (ContainerStateMachine.java:takeSnapshot(315)) - group-D1C05AEAF764: Finished taking a snapshot at:(t:2, i:0) file:/home/runner/work/ozone/ozone/hadoop-ozone/integration-test/target/test-dir/MiniOzoneClusterImpl-08243b3f-be7e-4743-8f19-be1c242049e7/datanode-3/data/ratis/eaecf3a5-4596-488f-bf4f-d1c05aeaf764/sm/snapshot.2_0 took: 1 ms
2022-11-08 11:41:51,496 [188713c8-c2c6-4040-a876-e7c7ddd4017d@group-D1C05AEAF764-StateMachineUpdater] INFO  impl.StateMachineUpdater (StateMachineUpdater.java:takeSnapshot(287)) - 188713c8-c2c6-4040-a876-e7c7ddd4017d@group-D1C05AEAF764-StateMachineUpdater: Took a snapshot at index 0
2022-11-08 11:41:51,496 [188713c8-c2c6-4040-a876-e7c7ddd4017d@group-D1C05AEAF764-StateMachineUpdater] INFO  impl.StateMachineUpdater (StateMachineUpdater.java:lambda$new$0(92)) - 188713c8-c2c6-4040-a876-e7c7ddd4017d@group-D1C05AEAF764-StateMachineUpdater: snapshotIndex: updateIncreasingly -1 -> 0
2022-11-08 11:41:51,497 [Command processor thread] INFO  server.RaftServer$Division (ServerState.java:close(466)) - 188713c8-c2c6-4040-a876-e7c7ddd4017d@group-D1C05AEAF764: closes. applyIndex: 0
2022-11-08 11:41:51,498 [188713c8-c2c6-4040-a876-e7c7ddd4017d@group-D1C05AEAF764-SegmentedRaftLogWorker] INFO  segmented.SegmentedRaftLogWorker (SegmentedRaftLogWorker.java:run(345)) - 188713c8-c2c6-4040-a876-e7c7ddd4017d@group-D1C05AEAF764-SegmentedRaftLogWorker was interrupted, exiting. There are 0 tasks remaining in the queue.
2022-11-08 11:41:51,500 [Command processor thread] INFO  segmented.SegmentedRaftLogWorker (SegmentedRaftLogWorker.java:close(255)) - 188713c8-c2c6-4040-a876-e7c7ddd4017d@group-D1C05AEAF764-SegmentedRaftLogWorker close()
2022-11-08 11:41:51,502 [Command processor thread] INFO  server.RaftServer$Division (RaftServerImpl.java:groupRemove(428)) - 188713c8-c2c6-4040-a876-e7c7ddd4017d@group-D1C05AEAF764: Succeed to remove RaftStorageDirectory Storage Directory /home/runner/work/ozone/ozone/hadoop-ozone/integration-test/target/test-dir/MiniOzoneClusterImpl-08243b3f-be7e-4743-8f19-be1c242049e7/datanode-3/data/ratis/eaecf3a5-4596-488f-bf4f-d1c05aeaf764
2022-11-08 11:41:51,502 [Command processor thread] INFO  commandhandler.ClosePipelineCommandHandler (ClosePipelineCommandHandler.java:handle(78)) - Close Pipeline PipelineID=eaecf3a5-4596-488f-bf4f-d1c05aeaf764 command on datanode 188713c8-c2c6-4040-a876-e7c7ddd4017d.
2022-11-08 11:41:51,503 [Command processor thread] INFO  server.RaftServer (RaftServerProxy.java:remove(107)) - 188713c8-c2c6-4040-a876-e7c7ddd4017d: remove  FOLLOWER 188713c8-c2c6-4040-a876-e7c7ddd4017d@group-7FA7A550F732:t2, leader=d1b20379-1bd2-4861-a9be-2c8bcc065cb9, voted=d1b20379-1bd2-4861-a9be-2c8bcc065cb9, raftlog=Memoized:188713c8-c2c6-4040-a876-e7c7ddd4017d@group-7FA7A550F732-SegmentedRaftLog:OPENED:c0, conf=0: peers:[188713c8-c2c6-4040-a876-e7c7ddd4017d|rpc:10.1.0.111:40121|dataStream:|priority:0|startupRole:FOLLOWER, d1b20379-1bd2-4861-a9be-2c8bcc065cb9|rpc:10.1.0.111:33049|dataStream:|priority:1|startupRole:FOLLOWER, f62ccb74-7881-4f2b-9330-2297662ca0ca|rpc:10.1.0.111:45879|dataStream:|priority:0|startupRole:FOLLOWER]|listeners:[], old=null RUNNING
2022-11-08 11:41:51,503 [Command processor thread] INFO  server.RaftServer$Division (RaftServerImpl.java:lambda$close$4(458)) - 188713c8-c2c6-4040-a876-e7c7ddd4017d@group-7FA7A550F732: shutdown
2022-11-08 11:41:51,503 [Command processor thread] INFO  util.JmxRegister (JmxRegister.java:unregister(73)) - Successfully un-registered JMX Bean with object name Ratis:service=RaftServer,group=group-7FA7A550F732,id=188713c8-c2c6-4040-a876-e7c7ddd4017d
2022-11-08 11:41:51,503 [Command processor thread] INFO  impl.RoleInfo (RoleInfo.java:shutdownFollowerState(110)) - 188713c8-c2c6-4040-a876-e7c7ddd4017d: shutdown 188713c8-c2c6-4040-a876-e7c7ddd4017d@group-7FA7A550F732-FollowerState
2022-11-08 11:41:51,503 [188713c8-c2c6-4040-a876-e7c7ddd4017d@group-7FA7A550F732-FollowerState] INFO  impl.FollowerState (FollowerState.java:run(152)) - 188713c8-c2c6-4040-a876-e7c7ddd4017d@group-7FA7A550F732-FollowerState was interrupted
2022-11-08 11:41:51,503 [188713c8-c2c6-4040-a876-e7c7ddd4017d@group-7FA7A550F732-StateMachineUpdater] INFO  ratis.ContainerStateMachine (ContainerStateMachine.java:takeSnapshot(304)) - group-7FA7A550F732: Taking a snapshot at:(t:2, i:0) file /home/runner/work/ozone/ozone/hadoop-ozone/integration-test/target/test-dir/MiniOzoneClusterImpl-08243b3f-be7e-4743-8f19-be1c242049e7/datanode-3/data/ratis/b527c441-1a51-4e1a-9a3d-7fa7a550f732/sm/snapshot.2_0
2022-11-08 11:41:51,503 [Command processor thread] INFO  impl.StateMachineUpdater (StateMachineUpdater.java:stopAndJoin(153)) - 188713c8-c2c6-4040-a876-e7c7ddd4017d@group-7FA7A550F732-StateMachineUpdater: set stopIndex = 0
2022-11-08 11:41:51,504 [188713c8-c2c6-4040-a876-e7c7ddd4017d@group-7FA7A550F732-StateMachineUpdater] INFO  ratis.ContainerStateMachine (ContainerStateMachine.java:takeSnapshot(315)) - group-7FA7A550F732: Finished taking a snapshot at:(t:2, i:0) file:/home/runner/work/ozone/ozone/hadoop-ozone/integration-test/target/test-dir/MiniOzoneClusterImpl-08243b3f-be7e-4743-8f19-be1c242049e7/datanode-3/data/ratis/b527c441-1a51-4e1a-9a3d-7fa7a550f732/sm/snapshot.2_0 took: 1 ms
2022-11-08 11:41:51,505 [188713c8-c2c6-4040-a876-e7c7ddd4017d@group-7FA7A550F732-StateMachineUpdater] INFO  impl.StateMachineUpdater (StateMachineUpdater.java:takeSnapshot(287)) - 188713c8-c2c6-4040-a876-e7c7ddd4017d@group-7FA7A550F732-StateMachineUpdater: Took a snapshot at index 0
2022-11-08 11:41:51,505 [188713c8-c2c6-4040-a876-e7c7ddd4017d@group-7FA7A550F732-StateMachineUpdater] INFO  impl.StateMachineUpdater (StateMachineUpdater.java:lambda$new$0(92)) - 188713c8-c2c6-4040-a876-e7c7ddd4017d@group-7FA7A550F732-StateMachineUpdater: snapshotIndex: updateIncreasingly -1 -> 0
2022-11-08 11:41:51,505 [Command processor thread] INFO  server.RaftServer$Division (ServerState.java:close(466)) - 188713c8-c2c6-4040-a876-e7c7ddd4017d@group-7FA7A550F732: closes. applyIndex: 0
2022-11-08 11:41:51,505 [188713c8-c2c6-4040-a876-e7c7ddd4017d@group-7FA7A550F732-SegmentedRaftLogWorker] INFO  segmented.SegmentedRaftLogWorker (SegmentedRaftLogWorker.java:run(345)) - 188713c8-c2c6-4040-a876-e7c7ddd4017d@group-7FA7A550F732-SegmentedRaftLogWorker was interrupted, exiting. There are 0 tasks remaining in the queue.
2022-11-08 11:41:51,506 [Command processor thread] INFO  segmented.SegmentedRaftLogWorker (SegmentedRaftLogWorker.java:close(255)) - 188713c8-c2c6-4040-a876-e7c7ddd4017d@group-7FA7A550F732-SegmentedRaftLogWorker close()
2022-11-08 11:41:51,512 [Command processor thread] INFO  server.RaftServer$Division (RaftServerImpl.java:groupRemove(428)) - 188713c8-c2c6-4040-a876-e7c7ddd4017d@group-7FA7A550F732: Succeed to remove RaftStorageDirectory Storage Directory /home/runner/work/ozone/ozone/hadoop-ozone/integration-test/target/test-dir/MiniOzoneClusterImpl-08243b3f-be7e-4743-8f19-be1c242049e7/datanode-3/data/ratis/b527c441-1a51-4e1a-9a3d-7fa7a550f732
2022-11-08 11:41:51,512 [Command processor thread] INFO  commandhandler.ClosePipelineCommandHandler (ClosePipelineCommandHandler.java:handle(78)) - Close Pipeline PipelineID=b527c441-1a51-4e1a-9a3d-7fa7a550f732 command on datanode 188713c8-c2c6-4040-a876-e7c7ddd4017d.
2022-11-08 11:41:51,542 [Command processor thread] INFO  server.RaftServer (RaftServerProxy.java:remove(107)) - d1b20379-1bd2-4861-a9be-2c8bcc065cb9: remove  FOLLOWER d1b20379-1bd2-4861-a9be-2c8bcc065cb9@group-D1C05AEAF764:t2, leader=188713c8-c2c6-4040-a876-e7c7ddd4017d, voted=188713c8-c2c6-4040-a876-e7c7ddd4017d, raftlog=Memoized:d1b20379-1bd2-4861-a9be-2c8bcc065cb9@group-D1C05AEAF764-SegmentedRaftLog:OPENED:c0, conf=0: peers:[188713c8-c2c6-4040-a876-e7c7ddd4017d|rpc:10.1.0.111:40121|dataStream:|priority:1|startupRole:FOLLOWER, d1b20379-1bd2-4861-a9be-2c8bcc065cb9|rpc:10.1.0.111:33049|dataStream:|priority:0|startupRole:FOLLOWER, f62ccb74-7881-4f2b-9330-2297662ca0ca|rpc:10.1.0.111:45879|dataStream:|priority:0|startupRole:FOLLOWER]|listeners:[], old=null RUNNING
2022-11-08 11:41:51,542 [Command processor thread] INFO  server.RaftServer$Division (RaftServerImpl.java:lambda$close$4(458)) - d1b20379-1bd2-4861-a9be-2c8bcc065cb9@group-D1C05AEAF764: shutdown
2022-11-08 11:41:51,542 [Command processor thread] INFO  util.JmxRegister (JmxRegister.java:unregister(73)) - Successfully un-registered JMX Bean with object name Ratis:service=RaftServer,group=group-D1C05AEAF764,id=d1b20379-1bd2-4861-a9be-2c8bcc065cb9
2022-11-08 11:41:51,542 [Command processor thread] INFO  impl.RoleInfo (RoleInfo.java:shutdownFollowerState(110)) - d1b20379-1bd2-4861-a9be-2c8bcc065cb9: shutdown d1b20379-1bd2-4861-a9be-2c8bcc065cb9@group-D1C05AEAF764-FollowerState
2022-11-08 11:41:51,542 [Command processor thread] INFO  impl.StateMachineUpdater (StateMachineUpdater.java:stopAndJoin(153)) - d1b20379-1bd2-4861-a9be-2c8bcc065cb9@group-D1C05AEAF764-StateMachineUpdater: set stopIndex = 0
2022-11-08 11:41:51,542 [d1b20379-1bd2-4861-a9be-2c8bcc065cb9@group-D1C05AEAF764-FollowerState] INFO  impl.FollowerState (FollowerState.java:run(152)) - d1b20379-1bd2-4861-a9be-2c8bcc065cb9@group-D1C05AEAF764-FollowerState was interrupted
2022-11-08 11:41:51,543 [d1b20379-1bd2-4861-a9be-2c8bcc065cb9@group-D1C05AEAF764-StateMachineUpdater] INFO  ratis.ContainerStateMachine (ContainerStateMachine.java:takeSnapshot(304)) - group-D1C05AEAF764: Taking a snapshot at:(t:2, i:0) file /home/runner/work/ozone/ozone/hadoop-ozone/integration-test/target/test-dir/MiniOzoneClusterImpl-08243b3f-be7e-4743-8f19-be1c242049e7/datanode-5/data/ratis/eaecf3a5-4596-488f-bf4f-d1c05aeaf764/sm/snapshot.2_0
2022-11-08 11:41:51,544 [d1b20379-1bd2-4861-a9be-2c8bcc065cb9@group-D1C05AEAF764-StateMachineUpdater] INFO  ratis.ContainerStateMachine (ContainerStateMachine.java:takeSnapshot(315)) - group-D1C05AEAF764: Finished taking a snapshot at:(t:2, i:0) file:/home/runner/work/ozone/ozone/hadoop-ozone/integration-test/target/test-dir/MiniOzoneClusterImpl-08243b3f-be7e-4743-8f19-be1c242049e7/datanode-5/data/ratis/eaecf3a5-4596-488f-bf4f-d1c05aeaf764/sm/snapshot.2_0 took: 1 ms
2022-11-08 11:41:51,544 [d1b20379-1bd2-4861-a9be-2c8bcc065cb9@group-D1C05AEAF764-StateMachineUpdater] INFO  impl.StateMachineUpdater (StateMachineUpdater.java:takeSnapshot(287)) - d1b20379-1bd2-4861-a9be-2c8bcc065cb9@group-D1C05AEAF764-StateMachineUpdater: Took a snapshot at index 0
2022-11-08 11:41:51,544 [d1b20379-1bd2-4861-a9be-2c8bcc065cb9@group-D1C05AEAF764-StateMachineUpdater] INFO  impl.StateMachineUpdater (StateMachineUpdater.java:lambda$new$0(92)) - d1b20379-1bd2-4861-a9be-2c8bcc065cb9@group-D1C05AEAF764-StateMachineUpdater: snapshotIndex: updateIncreasingly -1 -> 0
2022-11-08 11:41:51,544 [Command processor thread] INFO  server.RaftServer$Division (ServerState.java:close(466)) - d1b20379-1bd2-4861-a9be-2c8bcc065cb9@group-D1C05AEAF764: closes. applyIndex: 0
2022-11-08 11:41:51,545 [d1b20379-1bd2-4861-a9be-2c8bcc065cb9@group-D1C05AEAF764-SegmentedRaftLogWorker] INFO  segmented.SegmentedRaftLogWorker (SegmentedRaftLogWorker.java:run(345)) - d1b20379-1bd2-4861-a9be-2c8bcc065cb9@group-D1C05AEAF764-SegmentedRaftLogWorker was interrupted, exiting. There are 0 tasks remaining in the queue.
2022-11-08 11:41:51,545 [Command processor thread] INFO  segmented.SegmentedRaftLogWorker (SegmentedRaftLogWorker.java:close(255)) - d1b20379-1bd2-4861-a9be-2c8bcc065cb9@group-D1C05AEAF764-SegmentedRaftLogWorker close()
2022-11-08 11:41:51,549 [Command processor thread] INFO  server.RaftServer$Division (RaftServerImpl.java:groupRemove(428)) - d1b20379-1bd2-4861-a9be-2c8bcc065cb9@group-D1C05AEAF764: Succeed to remove RaftStorageDirectory Storage Directory /home/runner/work/ozone/ozone/hadoop-ozone/integration-test/target/test-dir/MiniOzoneClusterImpl-08243b3f-be7e-4743-8f19-be1c242049e7/datanode-5/data/ratis/eaecf3a5-4596-488f-bf4f-d1c05aeaf764
2022-11-08 11:41:51,549 [Command processor thread] INFO  commandhandler.ClosePipelineCommandHandler (ClosePipelineCommandHandler.java:handle(78)) - Close Pipeline PipelineID=eaecf3a5-4596-488f-bf4f-d1c05aeaf764 command on datanode d1b20379-1bd2-4861-a9be-2c8bcc065cb9.
2022-11-08 11:41:51,549 [Command processor thread] INFO  server.RaftServer (RaftServerProxy.java:remove(107)) - d1b20379-1bd2-4861-a9be-2c8bcc065cb9: remove    LEADER d1b20379-1bd2-4861-a9be-2c8bcc065cb9@group-7FA7A550F732:t2, leader=d1b20379-1bd2-4861-a9be-2c8bcc065cb9, voted=d1b20379-1bd2-4861-a9be-2c8bcc065cb9, raftlog=Memoized:d1b20379-1bd2-4861-a9be-2c8bcc065cb9@group-7FA7A550F732-SegmentedRaftLog:OPENED:c0, conf=0: peers:[188713c8-c2c6-4040-a876-e7c7ddd4017d|rpc:10.1.0.111:40121|dataStream:|priority:0|startupRole:FOLLOWER, d1b20379-1bd2-4861-a9be-2c8bcc065cb9|rpc:10.1.0.111:33049|dataStream:|priority:1|startupRole:FOLLOWER, f62ccb74-7881-4f2b-9330-2297662ca0ca|rpc:10.1.0.111:45879|dataStream:|priority:0|startupRole:FOLLOWER]|listeners:[], old=null RUNNING
2022-11-08 11:41:51,549 [Command processor thread] INFO  server.RaftServer$Division (RaftServerImpl.java:lambda$close$4(458)) - d1b20379-1bd2-4861-a9be-2c8bcc065cb9@group-7FA7A550F732: shutdown
2022-11-08 11:41:51,549 [Command processor thread] INFO  util.JmxRegister (JmxRegister.java:unregister(73)) - Successfully un-registered JMX Bean with object name Ratis:service=RaftServer,group=group-7FA7A550F732,id=d1b20379-1bd2-4861-a9be-2c8bcc065cb9
2022-11-08 11:41:51,549 [Command processor thread] INFO  impl.RoleInfo (RoleInfo.java:shutdownLeaderState(93)) - d1b20379-1bd2-4861-a9be-2c8bcc065cb9: shutdown d1b20379-1bd2-4861-a9be-2c8bcc065cb9@group-7FA7A550F732-LeaderStateImpl
2022-11-08 11:41:51,550 [d1b20379-1bd2-4861-a9be-2c8bcc065cb9@group-7FA7A550F732->188713c8-c2c6-4040-a876-e7c7ddd4017d-GrpcLogAppender-LogAppenderDaemon] WARN  server.GrpcLogAppender (GrpcLogAppender.java:mayWait(200)) - d1b20379-1bd2-4861-a9be-2c8bcc065cb9@group-7FA7A550F732->188713c8-c2c6-4040-a876-e7c7ddd4017d-GrpcLogAppender: Wait interrupted by java.lang.InterruptedException
2022-11-08 11:41:51,550 [Command processor thread] INFO  impl.PendingRequests (PendingRequests.java:sendNotLeaderResponses(282)) - d1b20379-1bd2-4861-a9be-2c8bcc065cb9@group-7FA7A550F732-PendingRequests: sendNotLeaderResponses
2022-11-08 11:41:51,550 [Command processor thread] INFO  impl.StateMachineUpdater (StateMachineUpdater.java:stopAndJoin(153)) - d1b20379-1bd2-4861-a9be-2c8bcc065cb9@group-7FA7A550F732-StateMachineUpdater: set stopIndex = 0
2022-11-08 11:41:51,551 [grpc-default-executor-6] INFO  server.GrpcServerProtocolService (GrpcServerProtocolService.java:onCompleted(145)) - 188713c8-c2c6-4040-a876-e7c7ddd4017d: Completed APPEND_ENTRIES, lastRequest: d1b20379-1bd2-4861-a9be-2c8bcc065cb9->188713c8-c2c6-4040-a876-e7c7ddd4017d#1-t2,previous=(t:0, i:0),leaderCommit=0,initializing? true,entries: size=1, first=(t:2, i:0), CONFIGURATIONENTRY(current:id: "188713c8-c2c6-4040-a876-e7c7ddd4017d"
address: "10.1.0.111:40121"
clientAddress: "10.1.0.111:40121"
adminAddress: "10.1.0.111:40121"
startupRole: FOLLOWER
,id: "d1b20379-1bd2-4861-a9be-2c8bcc065cb9"
address: "10.1.0.111:33049"
priority: 1
clientAddress: "10.1.0.111:33049"
adminAddress: "10.1.0.111:33049"
startupRole: FOLLOWER
,id: "f62ccb74-7881-4f2b-9330-2297662ca0ca"
address: "10.1.0.111:45879"
clientAddress: "10.1.0.111:45879"
adminAddress: "10.1.0.111:45879"
startupRole: FOLLOWER
, old:)
2022-11-08 11:41:51,552 [grpc-default-executor-5] INFO  server.GrpcServerProtocolService (GrpcServerProtocolService.java:onCompleted(145)) - 188713c8-c2c6-4040-a876-e7c7ddd4017d: Completed APPEND_ENTRIES, lastRequest: null
2022-11-08 11:41:51,552 [d1b20379-1bd2-4861-a9be-2c8bcc065cb9@group-7FA7A550F732->f62ccb74-7881-4f2b-9330-2297662ca0ca-GrpcLogAppender-LogAppenderDaemon] WARN  server.GrpcLogAppender (GrpcLogAppender.java:mayWait(200)) - d1b20379-1bd2-4861-a9be-2c8bcc065cb9@group-7FA7A550F732->f62ccb74-7881-4f2b-9330-2297662ca0ca-GrpcLogAppender: Wait interrupted by java.lang.InterruptedException
2022-11-08 11:41:51,552 [grpc-default-executor-5] INFO  server.GrpcLogAppender (GrpcLogAppender.java:onCompleted(415)) - d1b20379-1bd2-4861-a9be-2c8bcc065cb9@group-7FA7A550F732->188713c8-c2c6-4040-a876-e7c7ddd4017d-AppendLogResponseHandler: follower responses appendEntries COMPLETED
2022-11-08 11:41:51,552 [grpc-default-executor-5] INFO  leader.FollowerInfo (FollowerInfoImpl.java:lambda$new$0(48)) - d1b20379-1bd2-4861-a9be-2c8bcc065cb9@group-7FA7A550F732->188713c8-c2c6-4040-a876-e7c7ddd4017d: nextIndex: updateUnconditionally 1 -> 0
2022-11-08 11:41:51,551 [d1b20379-1bd2-4861-a9be-2c8bcc065cb9@group-7FA7A550F732-StateMachineUpdater] INFO  ratis.ContainerStateMachine (ContainerStateMachine.java:takeSnapshot(304)) - group-7FA7A550F732: Taking a snapshot at:(t:2, i:0) file /home/runner/work/ozone/ozone/hadoop-ozone/integration-test/target/test-dir/MiniOzoneClusterImpl-08243b3f-be7e-4743-8f19-be1c242049e7/datanode-5/data/ratis/b527c441-1a51-4e1a-9a3d-7fa7a550f732/sm/snapshot.2_0
2022-11-08 11:41:51,553 [grpc-default-executor-0] INFO  server.GrpcServerProtocolService (GrpcServerProtocolService.java:onCompleted(145)) - f62ccb74-7881-4f2b-9330-2297662ca0ca: Completed APPEND_ENTRIES, lastRequest: null
2022-11-08 11:41:51,553 [grpc-default-executor-5] INFO  server.GrpcServerProtocolService (GrpcServerProtocolService.java:onCompleted(145)) - f62ccb74-7881-4f2b-9330-2297662ca0ca: Completed APPEND_ENTRIES, lastRequest: d1b20379-1bd2-4861-a9be-2c8bcc065cb9->f62ccb74-7881-4f2b-9330-2297662ca0ca#1-t2,previous=(t:0, i:0),leaderCommit=0,initializing? true,entries: size=1, first=(t:2, i:0), CONFIGURATIONENTRY(current:id: "188713c8-c2c6-4040-a876-e7c7ddd4017d"
address: "10.1.0.111:40121"
clientAddress: "10.1.0.111:40121"
adminAddress: "10.1.0.111:40121"
startupRole: FOLLOWER
,id: "d1b20379-1bd2-4861-a9be-2c8bcc065cb9"
address: "10.1.0.111:33049"
priority: 1
clientAddress: "10.1.0.111:33049"
adminAddress: "10.1.0.111:33049"
startupRole: FOLLOWER
,id: "f62ccb74-7881-4f2b-9330-2297662ca0ca"
address: "10.1.0.111:45879"
clientAddress: "10.1.0.111:45879"
adminAddress: "10.1.0.111:45879"
startupRole: FOLLOWER
, old:)
2022-11-08 11:41:51,553 [grpc-default-executor-3] INFO  server.GrpcLogAppender (GrpcLogAppender.java:onCompleted(415)) - d1b20379-1bd2-4861-a9be-2c8bcc065cb9@group-7FA7A550F732->188713c8-c2c6-4040-a876-e7c7ddd4017d-AppendLogResponseHandler: follower responses appendEntries COMPLETED
2022-11-08 11:41:51,553 [d1b20379-1bd2-4861-a9be-2c8bcc065cb9@group-7FA7A550F732-StateMachineUpdater] INFO  ratis.ContainerStateMachine (ContainerStateMachine.java:takeSnapshot(315)) - group-7FA7A550F732: Finished taking a snapshot at:(t:2, i:0) file:/home/runner/work/ozone/ozone/hadoop-ozone/integration-test/target/test-dir/MiniOzoneClusterImpl-08243b3f-be7e-4743-8f19-be1c242049e7/datanode-5/data/ratis/b527c441-1a51-4e1a-9a3d-7fa7a550f732/sm/snapshot.2_0 took: 2 ms
2022-11-08 11:41:51,553 [grpc-default-executor-3] INFO  leader.FollowerInfo (FollowerInfoImpl.java:lambda$new$0(48)) - d1b20379-1bd2-4861-a9be-2c8bcc065cb9@group-7FA7A550F732->188713c8-c2c6-4040-a876-e7c7ddd4017d: nextIndex: updateUnconditionally 0 -> 0
2022-11-08 11:41:51,553 [d1b20379-1bd2-4861-a9be-2c8bcc065cb9@group-7FA7A550F732-StateMachineUpdater] INFO  impl.StateMachineUpdater (StateMachineUpdater.java:takeSnapshot(287)) - d1b20379-1bd2-4861-a9be-2c8bcc065cb9@group-7FA7A550F732-StateMachineUpdater: Took a snapshot at index 0
2022-11-08 11:41:51,553 [d1b20379-1bd2-4861-a9be-2c8bcc065cb9@group-7FA7A550F732-StateMachineUpdater] INFO  impl.StateMachineUpdater (StateMachineUpdater.java:lambda$new$0(92)) - d1b20379-1bd2-4861-a9be-2c8bcc065cb9@group-7FA7A550F732-StateMachineUpdater: snapshotIndex: updateIncreasingly -1 -> 0
2022-11-08 11:41:51,554 [grpc-default-executor-3] INFO  server.GrpcLogAppender (GrpcLogAppender.java:onCompleted(415)) - d1b20379-1bd2-4861-a9be-2c8bcc065cb9@group-7FA7A550F732->f62ccb74-7881-4f2b-9330-2297662ca0ca-AppendLogResponseHandler: follower responses appendEntries COMPLETED
2022-11-08 11:41:51,554 [grpc-default-executor-3] INFO  leader.FollowerInfo (FollowerInfoImpl.java:lambda$new$0(48)) - d1b20379-1bd2-4861-a9be-2c8bcc065cb9@group-7FA7A550F732->f62ccb74-7881-4f2b-9330-2297662ca0ca: nextIndex: updateUnconditionally 1 -> 0
2022-11-08 11:41:51,554 [grpc-default-executor-6] INFO  server.GrpcLogAppender (GrpcLogAppender.java:onCompleted(415)) - d1b20379-1bd2-4861-a9be-2c8bcc065cb9@group-7FA7A550F732->f62ccb74-7881-4f2b-9330-2297662ca0ca-AppendLogResponseHandler: follower responses appendEntries COMPLETED
2022-11-08 11:41:51,554 [grpc-default-executor-6] INFO  leader.FollowerInfo (FollowerInfoImpl.java:lambda$new$0(48)) - d1b20379-1bd2-4861-a9be-2c8bcc065cb9@group-7FA7A550F732->f62ccb74-7881-4f2b-9330-2297662ca0ca: nextIndex: updateUnconditionally 0 -> 0
2022-11-08 11:41:51,554 [Command processor thread] INFO  server.RaftServer$Division (ServerState.java:close(466)) - d1b20379-1bd2-4861-a9be-2c8bcc065cb9@group-7FA7A550F732: closes. applyIndex: 0
2022-11-08 11:41:51,555 [d1b20379-1bd2-4861-a9be-2c8bcc065cb9@group-7FA7A550F732-SegmentedRaftLogWorker] INFO  segmented.SegmentedRaftLogWorker (SegmentedRaftLogWorker.java:run(345)) - d1b20379-1bd2-4861-a9be-2c8bcc065cb9@group-7FA7A550F732-SegmentedRaftLogWorker was interrupted, exiting. There are 0 tasks remaining in the queue.
2022-11-08 11:41:51,555 [Command processor thread] INFO  segmented.SegmentedRaftLogWorker (SegmentedRaftLogWorker.java:close(255)) - d1b20379-1bd2-4861-a9be-2c8bcc065cb9@group-7FA7A550F732-SegmentedRaftLogWorker close()
2022-11-08 11:41:51,560 [Command processor thread] INFO  server.RaftServer$Division (RaftServerImpl.java:groupRemove(428)) - d1b20379-1bd2-4861-a9be-2c8bcc065cb9@group-7FA7A550F732: Succeed to remove RaftStorageDirectory Storage Directory /home/runner/work/ozone/ozone/hadoop-ozone/integration-test/target/test-dir/MiniOzoneClusterImpl-08243b3f-be7e-4743-8f19-be1c242049e7/datanode-5/data/ratis/b527c441-1a51-4e1a-9a3d-7fa7a550f732
2022-11-08 11:41:51,560 [Command processor thread] INFO  commandhandler.ClosePipelineCommandHandler (ClosePipelineCommandHandler.java:handle(78)) - Close Pipeline PipelineID=b527c441-1a51-4e1a-9a3d-7fa7a550f732 command on datanode d1b20379-1bd2-4861-a9be-2c8bcc065cb9.
2022-11-08 11:41:52,329 [9f6d9e32-b5ab-49ef-be08-a692056fb1f3@group-7E018C2E2285-FollowerState] INFO  impl.FollowerState (FollowerState.java:run(143)) - 9f6d9e32-b5ab-49ef-be08-a692056fb1f3@group-7E018C2E2285-FollowerState: change to CANDIDATE, lastRpcElapsedTime:5011602160ns, electionTimeout:5011ms
2022-11-08 11:41:52,329 [9f6d9e32-b5ab-49ef-be08-a692056fb1f3@group-7E018C2E2285-FollowerState] INFO  impl.RoleInfo (RoleInfo.java:shutdownFollowerState(110)) - 9f6d9e32-b5ab-49ef-be08-a692056fb1f3: shutdown 9f6d9e32-b5ab-49ef-be08-a692056fb1f3@group-7E018C2E2285-FollowerState
2022-11-08 11:41:52,329 [9f6d9e32-b5ab-49ef-be08-a692056fb1f3@group-7E018C2E2285-FollowerState] INFO  server.RaftServer$Division (RaftServerImpl.java:setRole(321)) - 9f6d9e32-b5ab-49ef-be08-a692056fb1f3@group-7E018C2E2285: changes role from  FOLLOWER to CANDIDATE at term 2 for changeToCandidate
2022-11-08 11:41:52,329 [9f6d9e32-b5ab-49ef-be08-a692056fb1f3@group-7E018C2E2285-FollowerState] INFO  server.RaftServerConfigKeys (ConfUtils.java:logGet(46)) - raft.server.leaderelection.pre-vote = false (custom)
2022-11-08 11:41:52,329 [9f6d9e32-b5ab-49ef-be08-a692056fb1f3@group-7E018C2E2285-FollowerState] INFO  impl.RoleInfo (RoleInfo.java:updateAndGet(139)) - 9f6d9e32-b5ab-49ef-be08-a692056fb1f3: start 9f6d9e32-b5ab-49ef-be08-a692056fb1f3@group-7E018C2E2285-LeaderElection36
2022-11-08 11:41:52,346 [9f6d9e32-b5ab-49ef-be08-a692056fb1f3@group-7E018C2E2285-LeaderElection36] INFO  impl.LeaderElection (LeaderElection.java:askForVotes(312)) - 9f6d9e32-b5ab-49ef-be08-a692056fb1f3@group-7E018C2E2285-LeaderElection36 ELECTION round 0: submit vote requests at term 3 for -1: peers:[86012a26-2f7a-42b0-9674-f0c6f2d36cf9|rpc:10.1.0.111:45781|priority:0|startupRole:FOLLOWER, 9f6d9e32-b5ab-49ef-be08-a692056fb1f3|rpc:10.1.0.111:37217|priority:1|startupRole:FOLLOWER, 69ebc52a-668b-4a1b-b1c8-adfe2408a111|rpc:10.1.0.111:42155|priority:0|startupRole:FOLLOWER]|listeners:[], old=null
2022-11-08 11:41:52,346 [9f6d9e32-b5ab-49ef-be08-a692056fb1f3@group-7E018C2E2285-LeaderElection36] INFO  server.RaftServerConfigKeys (ConfUtils.java:logFallback(53)) - raft.server.rpc.first-election.timeout.min = 5s (fallback to raft.server.rpc.timeout.min)
2022-11-08 11:41:52,347 [9f6d9e32-b5ab-49ef-be08-a692056fb1f3@group-7E018C2E2285-LeaderElection36] INFO  server.RaftServerConfigKeys (ConfUtils.java:logFallback(53)) - raft.server.rpc.first-election.timeout.max = 5200ms (fallback to raft.server.rpc.timeout.max)
2022-11-08 11:41:52,349 [grpc-default-executor-6] INFO  server.RaftServer$Division (RaftServerImpl.java:requestVote(1218)) - 86012a26-2f7a-42b0-9674-f0c6f2d36cf9@group-7E018C2E2285: receive requestVote(ELECTION, 9f6d9e32-b5ab-49ef-be08-a692056fb1f3, group-7E018C2E2285, 3, (t:0, i:0))
2022-11-08 11:41:52,349 [grpc-default-executor-6] INFO  impl.VoteContext (VoteContext.java:log(48)) - 86012a26-2f7a-42b0-9674-f0c6f2d36cf9@group-7E018C2E2285-FOLLOWER: accept ELECTION from 9f6d9e32-b5ab-49ef-be08-a692056fb1f3: our priority 0 <= candidate's priority 1
2022-11-08 11:41:52,349 [grpc-default-executor-6] INFO  server.RaftServer$Division (RaftServerImpl.java:setRole(321)) - 86012a26-2f7a-42b0-9674-f0c6f2d36cf9@group-7E018C2E2285: changes role from  FOLLOWER to FOLLOWER at term 3 for candidate:9f6d9e32-b5ab-49ef-be08-a692056fb1f3
2022-11-08 11:41:52,350 [grpc-default-executor-6] INFO  impl.RoleInfo (RoleInfo.java:shutdownFollowerState(110)) - 86012a26-2f7a-42b0-9674-f0c6f2d36cf9: shutdown 86012a26-2f7a-42b0-9674-f0c6f2d36cf9@group-7E018C2E2285-FollowerState
2022-11-08 11:41:52,350 [grpc-default-executor-6] INFO  impl.RoleInfo (RoleInfo.java:updateAndGet(139)) - 86012a26-2f7a-42b0-9674-f0c6f2d36cf9: start 86012a26-2f7a-42b0-9674-f0c6f2d36cf9@group-7E018C2E2285-FollowerState
2022-11-08 11:41:52,350 [86012a26-2f7a-42b0-9674-f0c6f2d36cf9@group-7E018C2E2285-FollowerState] INFO  impl.FollowerState (FollowerState.java:run(152)) - 86012a26-2f7a-42b0-9674-f0c6f2d36cf9@group-7E018C2E2285-FollowerState was interrupted
2022-11-08 11:41:52,350 [grpc-default-executor-3] INFO  server.RaftServer$Division (RaftServerImpl.java:requestVote(1218)) - 69ebc52a-668b-4a1b-b1c8-adfe2408a111@group-7E018C2E2285: receive requestVote(ELECTION, 9f6d9e32-b5ab-49ef-be08-a692056fb1f3, group-7E018C2E2285, 3, (t:0, i:0))
2022-11-08 11:41:52,350 [grpc-default-executor-3] INFO  impl.VoteContext (VoteContext.java:log(48)) - 69ebc52a-668b-4a1b-b1c8-adfe2408a111@group-7E018C2E2285-FOLLOWER: accept ELECTION from 9f6d9e32-b5ab-49ef-be08-a692056fb1f3: our priority 0 <= candidate's priority 1
2022-11-08 11:41:52,350 [grpc-default-executor-3] INFO  server.RaftServer$Division (RaftServerImpl.java:setRole(321)) - 69ebc52a-668b-4a1b-b1c8-adfe2408a111@group-7E018C2E2285: changes role from  FOLLOWER to FOLLOWER at term 3 for candidate:9f6d9e32-b5ab-49ef-be08-a692056fb1f3
2022-11-08 11:41:52,350 [grpc-default-executor-3] INFO  impl.RoleInfo (RoleInfo.java:shutdownFollowerState(110)) - 69ebc52a-668b-4a1b-b1c8-adfe2408a111: shutdown 69ebc52a-668b-4a1b-b1c8-adfe2408a111@group-7E018C2E2285-FollowerState
2022-11-08 11:41:52,350 [grpc-default-executor-3] INFO  impl.RoleInfo (RoleInfo.java:updateAndGet(139)) - 69ebc52a-668b-4a1b-b1c8-adfe2408a111: start 69ebc52a-668b-4a1b-b1c8-adfe2408a111@group-7E018C2E2285-FollowerState
2022-11-08 11:41:52,351 [86012a26-2f7a-42b0-9674-f0c6f2d36cf9@group-7E018C2E2285-FollowerState] INFO  server.RaftServerConfigKeys (ConfUtils.java:logFallback(53)) - raft.server.rpc.first-election.timeout.min = 5s (fallback to raft.server.rpc.timeout.min)
2022-11-08 11:41:52,351 [69ebc52a-668b-4a1b-b1c8-adfe2408a111@group-7E018C2E2285-FollowerState] INFO  impl.FollowerState (FollowerState.java:run(152)) - 69ebc52a-668b-4a1b-b1c8-adfe2408a111@group-7E018C2E2285-FollowerState was interrupted
2022-11-08 11:41:52,351 [86012a26-2f7a-42b0-9674-f0c6f2d36cf9@group-7E018C2E2285-FollowerState] INFO  server.RaftServerConfigKeys (ConfUtils.java:logFallback(53)) - raft.server.rpc.first-election.timeout.max = 5200ms (fallback to raft.server.rpc.timeout.max)
2022-11-08 11:41:52,352 [69ebc52a-668b-4a1b-b1c8-adfe2408a111@group-7E018C2E2285-FollowerState] INFO  server.RaftServerConfigKeys (ConfUtils.java:logFallback(53)) - raft.server.rpc.first-election.timeout.min = 5s (fallback to raft.server.rpc.timeout.min)
2022-11-08 11:41:52,352 [69ebc52a-668b-4a1b-b1c8-adfe2408a111@group-7E018C2E2285-FollowerState] INFO  server.RaftServerConfigKeys (ConfUtils.java:logFallback(53)) - raft.server.rpc.first-election.timeout.max = 5200ms (fallback to raft.server.rpc.timeout.max)
2022-11-08 11:41:52,352 [grpc-default-executor-6] INFO  server.RaftServer$Division (RaftServerImpl.java:requestVote(1251)) - 86012a26-2f7a-42b0-9674-f0c6f2d36cf9@group-7E018C2E2285 replies to ELECTION vote request: 9f6d9e32-b5ab-49ef-be08-a692056fb1f3<-86012a26-2f7a-42b0-9674-f0c6f2d36cf9#0:OK-t3. Peer's state: 86012a26-2f7a-42b0-9674-f0c6f2d36cf9@group-7E018C2E2285:t3, leader=null, voted=9f6d9e32-b5ab-49ef-be08-a692056fb1f3, raftlog=Memoized:86012a26-2f7a-42b0-9674-f0c6f2d36cf9@group-7E018C2E2285-SegmentedRaftLog:OPENED:c-1, conf=-1: peers:[86012a26-2f7a-42b0-9674-f0c6f2d36cf9|rpc:10.1.0.111:45781|dataStream:|priority:0|startupRole:FOLLOWER, 9f6d9e32-b5ab-49ef-be08-a692056fb1f3|rpc:10.1.0.111:37217|dataStream:|priority:1|startupRole:FOLLOWER, 69ebc52a-668b-4a1b-b1c8-adfe2408a111|rpc:10.1.0.111:42155|dataStream:|priority:0|startupRole:FOLLOWER]|listeners:[], old=null
2022-11-08 11:41:52,354 [grpc-default-executor-3] INFO  server.RaftServer$Division (RaftServerImpl.java:requestVote(1251)) - 69ebc52a-668b-4a1b-b1c8-adfe2408a111@group-7E018C2E2285 replies to ELECTION vote request: 9f6d9e32-b5ab-49ef-be08-a692056fb1f3<-69ebc52a-668b-4a1b-b1c8-adfe2408a111#0:OK-t3. Peer's state: 69ebc52a-668b-4a1b-b1c8-adfe2408a111@group-7E018C2E2285:t3, leader=null, voted=9f6d9e32-b5ab-49ef-be08-a692056fb1f3, raftlog=Memoized:69ebc52a-668b-4a1b-b1c8-adfe2408a111@group-7E018C2E2285-SegmentedRaftLog:OPENED:c-1, conf=-1: peers:[86012a26-2f7a-42b0-9674-f0c6f2d36cf9|rpc:10.1.0.111:45781|dataStream:|priority:0|startupRole:FOLLOWER, 9f6d9e32-b5ab-49ef-be08-a692056fb1f3|rpc:10.1.0.111:37217|dataStream:|priority:1|startupRole:FOLLOWER, 69ebc52a-668b-4a1b-b1c8-adfe2408a111|rpc:10.1.0.111:42155|dataStream:|priority:0|startupRole:FOLLOWER]|listeners:[], old=null
2022-11-08 11:41:52,355 [9f6d9e32-b5ab-49ef-be08-a692056fb1f3@group-7E018C2E2285-LeaderElection36] INFO  impl.LeaderElection (LeaderElection.java:logAndReturn(90)) - 9f6d9e32-b5ab-49ef-be08-a692056fb1f3@group-7E018C2E2285-LeaderElection36: ELECTION PASSED received 1 response(s) and 0 exception(s):
2022-11-08 11:41:52,355 [9f6d9e32-b5ab-49ef-be08-a692056fb1f3@group-7E018C2E2285-LeaderElection36] INFO  impl.LeaderElection (LeaderElection.java:logAndReturn(94)) -   Response 0: 9f6d9e32-b5ab-49ef-be08-a692056fb1f3<-86012a26-2f7a-42b0-9674-f0c6f2d36cf9#0:OK-t3
2022-11-08 11:41:52,355 [9f6d9e32-b5ab-49ef-be08-a692056fb1f3@group-7E018C2E2285-LeaderElection36] INFO  impl.LeaderElection (LeaderElection.java:askForVotes(314)) - 9f6d9e32-b5ab-49ef-be08-a692056fb1f3@group-7E018C2E2285-LeaderElection36 ELECTION round 0: result PASSED
2022-11-08 11:41:52,355 [9f6d9e32-b5ab-49ef-be08-a692056fb1f3@group-7E018C2E2285-LeaderElection36] INFO  impl.RoleInfo (RoleInfo.java:shutdownLeaderElection(130)) - 9f6d9e32-b5ab-49ef-be08-a692056fb1f3: shutdown 9f6d9e32-b5ab-49ef-be08-a692056fb1f3@group-7E018C2E2285-LeaderElection36
2022-11-08 11:41:52,355 [9f6d9e32-b5ab-49ef-be08-a692056fb1f3@group-7E018C2E2285-LeaderElection36] INFO  server.RaftServer$Division (RaftServerImpl.java:setRole(321)) - 9f6d9e32-b5ab-49ef-be08-a692056fb1f3@group-7E018C2E2285: changes role from CANDIDATE to LEADER at term 3 for changeToLeader
2022-11-08 11:41:52,355 [9f6d9e32-b5ab-49ef-be08-a692056fb1f3@group-7E018C2E2285-LeaderElection36] INFO  ratis.XceiverServerRatis (XceiverServerRatis.java:handleLeaderChangedNotification(863)) - Leader change notification received for group: group-7E018C2E2285 with new leaderId: 9f6d9e32-b5ab-49ef-be08-a692056fb1f3
2022-11-08 11:41:52,355 [9f6d9e32-b5ab-49ef-be08-a692056fb1f3@group-7E018C2E2285-LeaderElection36] INFO  server.RaftServer$Division (ServerState.java:setLeader(313)) - 9f6d9e32-b5ab-49ef-be08-a692056fb1f3@group-7E018C2E2285: change Leader from null to 9f6d9e32-b5ab-49ef-be08-a692056fb1f3 at term 3 for becomeLeader, leader elected after 15166ms
2022-11-08 11:41:52,355 [9f6d9e32-b5ab-49ef-be08-a692056fb1f3@group-7E018C2E2285-LeaderElection36] INFO  server.RaftServerConfigKeys (ConfUtils.java:logGet(46)) - raft.server.staging.catchup.gap = 1000 (default)
2022-11-08 11:41:52,356 [9f6d9e32-b5ab-49ef-be08-a692056fb1f3@group-7E018C2E2285-LeaderElection36] INFO  server.RaftServerConfigKeys (ConfUtils.java:logGet(46)) - raft.server.write.element-limit = 1024 (custom)
2022-11-08 11:41:52,356 [9f6d9e32-b5ab-49ef-be08-a692056fb1f3@group-7E018C2E2285-LeaderElection36] INFO  server.RaftServerConfigKeys (ConfUtils.java:logGet(46)) - raft.server.write.byte-limit = 1024 M (=1073741824) (custom)
2022-11-08 11:41:52,356 [9f6d9e32-b5ab-49ef-be08-a692056fb1f3@group-7E018C2E2285-LeaderElection36] INFO  server.RaftServerConfigKeys (ConfUtils.java:logGet(46)) - raft.server.watch.timeout = 180s (custom)
2022-11-08 11:41:52,356 [9f6d9e32-b5ab-49ef-be08-a692056fb1f3@group-7E018C2E2285-LeaderElection36] INFO  server.RaftServerConfigKeys (ConfUtils.java:logGet(46)) - raft.server.watch.timeout.denomination = 1s (default)
2022-11-08 11:41:52,356 [9f6d9e32-b5ab-49ef-be08-a692056fb1f3@group-7E018C2E2285-LeaderElection36] INFO  server.RaftServerConfigKeys (ConfUtils.java:logGet(46)) - raft.server.watch.element-limit = 65536 (default)
2022-11-08 11:41:52,356 [9f6d9e32-b5ab-49ef-be08-a692056fb1f3@group-7E018C2E2285-LeaderElection36] INFO  server.RaftServerConfigKeys (ConfUtils.java:logGet(46)) - raft.server.write.element-limit = 1024 (custom)
2022-11-08 11:41:52,356 [9f6d9e32-b5ab-49ef-be08-a692056fb1f3@group-7E018C2E2285-LeaderElection36] INFO  server.RaftServerConfigKeys (ConfUtils.java:logGet(46)) - raft.server.write.follower.gap.ratio.max = -1.0 (default)
2022-11-08 11:41:52,357 [9f6d9e32-b5ab-49ef-be08-a692056fb1f3@group-7E018C2E2285-LeaderElection36] INFO  server.RaftServerConfigKeys (ConfUtils.java:logGet(46)) - raft.server.log.appender.snapshot.chunk.size.max = 16MB (=16777216) (default)
2022-11-08 11:41:52,357 [9f6d9e32-b5ab-49ef-be08-a692056fb1f3@group-7E018C2E2285-LeaderElection36] INFO  server.RaftServerConfigKeys (ConfUtils.java:logGet(46)) - raft.server.log.appender.buffer.byte-limit = 33554432 (custom)
2022-11-08 11:41:52,357 [9f6d9e32-b5ab-49ef-be08-a692056fb1f3@group-7E018C2E2285-LeaderElection36] INFO  server.RaftServerConfigKeys (ConfUtils.java:logGet(46)) - raft.server.log.appender.buffer.element-limit = 1 (custom)
2022-11-08 11:41:52,358 [9f6d9e32-b5ab-49ef-be08-a692056fb1f3@group-7E018C2E2285-LeaderElection36] INFO  grpc.GrpcConfigKeys (ConfUtils.java:logGet(46)) - raft.grpc.server.leader.outstanding.appends.max = 128 (default)
2022-11-08 11:41:52,358 [9f6d9e32-b5ab-49ef-be08-a692056fb1f3@group-7E018C2E2285-LeaderElection36] INFO  server.RaftServerConfigKeys (ConfUtils.java:logGet(46)) - raft.server.rpc.request.timeout = 60s (custom)
2022-11-08 11:41:52,358 [9f6d9e32-b5ab-49ef-be08-a692056fb1f3@group-7E018C2E2285-LeaderElection36] INFO  server.RaftServerConfigKeys (ConfUtils.java:logGet(46)) - raft.server.log.appender.install.snapshot.enabled = false (custom)
2022-11-08 11:41:52,358 [9f6d9e32-b5ab-49ef-be08-a692056fb1f3@group-7E018C2E2285-LeaderElection36] INFO  grpc.GrpcConfigKeys (ConfUtils.java:logGet(46)) - raft.grpc.server.heartbeat.channel = true (default)
2022-11-08 11:41:52,358 [9f6d9e32-b5ab-49ef-be08-a692056fb1f3@group-7E018C2E2285-LeaderElection36] INFO  server.RaftServerConfigKeys (ConfUtils.java:logGet(46)) - raft.server.log.appender.wait-time.min = 10ms (default)
2022-11-08 11:41:52,359 [9f6d9e32-b5ab-49ef-be08-a692056fb1f3@group-7E018C2E2285-LeaderElection36] INFO  server.RaftServerConfigKeys (ConfUtils.java:logGet(46)) - raft.server.log.appender.snapshot.chunk.size.max = 16MB (=16777216) (default)
2022-11-08 11:41:52,359 [9f6d9e32-b5ab-49ef-be08-a692056fb1f3@group-7E018C2E2285-LeaderElection36] INFO  server.RaftServerConfigKeys (ConfUtils.java:logGet(46)) - raft.server.log.appender.buffer.byte-limit = 33554432 (custom)
2022-11-08 11:41:52,359 [9f6d9e32-b5ab-49ef-be08-a692056fb1f3@group-7E018C2E2285-LeaderElection36] INFO  server.RaftServerConfigKeys (ConfUtils.java:logGet(46)) - raft.server.log.appender.buffer.element-limit = 1 (custom)
2022-11-08 11:41:52,359 [9f6d9e32-b5ab-49ef-be08-a692056fb1f3@group-7E018C2E2285-LeaderElection36] INFO  grpc.GrpcConfigKeys (ConfUtils.java:logGet(46)) - raft.grpc.server.leader.outstanding.appends.max = 128 (default)
2022-11-08 11:41:52,359 [9f6d9e32-b5ab-49ef-be08-a692056fb1f3@group-7E018C2E2285-LeaderElection36] INFO  server.RaftServerConfigKeys (ConfUtils.java:logGet(46)) - raft.server.rpc.request.timeout = 60s (custom)
2022-11-08 11:41:52,359 [9f6d9e32-b5ab-49ef-be08-a692056fb1f3@group-7E018C2E2285-LeaderElection36] INFO  server.RaftServerConfigKeys (ConfUtils.java:logGet(46)) - raft.server.log.appender.install.snapshot.enabled = false (custom)
2022-11-08 11:41:52,359 [9f6d9e32-b5ab-49ef-be08-a692056fb1f3@group-7E018C2E2285-LeaderElection36] INFO  grpc.GrpcConfigKeys (ConfUtils.java:logGet(46)) - raft.grpc.server.heartbeat.channel = true (default)
2022-11-08 11:41:52,359 [9f6d9e32-b5ab-49ef-be08-a692056fb1f3@group-7E018C2E2285-LeaderElection36] INFO  server.RaftServerConfigKeys (ConfUtils.java:logGet(46)) - raft.server.log.appender.wait-time.min = 10ms (default)
2022-11-08 11:41:52,360 [EventQueue-PipelineReportForPipelineReportHandler] INFO  pipeline.PipelineManagerImpl (PipelineManagerImpl.java:openPipeline(367)) - Pipeline Pipeline[ Id: 30f66c29-ad32-4878-972b-7e018c2e2285, Nodes: 9f6d9e32-b5ab-49ef-be08-a692056fb1f3{ip: 10.1.0.111, host: fv-az573-890.uspngagyt4suddso0aj1djjezg.dx.internal.cloudapp.net, ports: [REPLICATION=35471, RATIS=37217, RATIS_ADMIN=37217, RATIS_SERVER=37217, STANDALONE=37835], networkLocation: /default-rack, certSerialId: null, persistedOpState: IN_SERVICE, persistedOpStateExpiryEpochSec: 0}86012a26-2f7a-42b0-9674-f0c6f2d36cf9{ip: 10.1.0.111, host: fv-az573-890.uspngagyt4suddso0aj1djjezg.dx.internal.cloudapp.net, ports: [REPLICATION=46689, RATIS=45781, RATIS_ADMIN=45781, RATIS_SERVER=45781, STANDALONE=33505], networkLocation: /default-rack, certSerialId: null, persistedOpState: IN_SERVICE, persistedOpStateExpiryEpochSec: 0}69ebc52a-668b-4a1b-b1c8-adfe2408a111{ip: 10.1.0.111, host: fv-az573-890.uspngagyt4suddso0aj1djjezg.dx.internal.cloudapp.net, ports: [REPLICATION=34781, RATIS=42155, RATIS_ADMIN=42155, RATIS_SERVER=42155, STANDALONE=44789], networkLocation: /default-rack, certSerialId: null, persistedOpState: IN_SERVICE, persistedOpStateExpiryEpochSec: 0}, ReplicationConfig: RATIS/THREE, State:ALLOCATED, leaderId:9f6d9e32-b5ab-49ef-be08-a692056fb1f3, CreationTimestamp2022-11-08T11:41:34.853Z[Etc/UTC]] moved to OPEN state
2022-11-08 11:41:52,363 [9f6d9e32-b5ab-49ef-be08-a692056fb1f3@group-7E018C2E2285-LeaderElection36] INFO  impl.RoleInfo (RoleInfo.java:updateAndGet(139)) - 9f6d9e32-b5ab-49ef-be08-a692056fb1f3: start 9f6d9e32-b5ab-49ef-be08-a692056fb1f3@group-7E018C2E2285-LeaderStateImpl
2022-11-08 11:41:52,363 [9f6d9e32-b5ab-49ef-be08-a692056fb1f3@group-7E018C2E2285-LeaderElection36] INFO  segmented.SegmentedRaftLogWorker (SegmentedRaftLogWorker.java:startLogSegment(452)) - 9f6d9e32-b5ab-49ef-be08-a692056fb1f3@group-7E018C2E2285-SegmentedRaftLogWorker: Starting segment from index:0
2022-11-08 11:41:52,365 [9f6d9e32-b5ab-49ef-be08-a692056fb1f3@group-7E018C2E2285-SegmentedRaftLogWorker] INFO  segmented.SegmentedRaftLogWorker (SegmentedRaftLogWorker.java:execute(656)) - 9f6d9e32-b5ab-49ef-be08-a692056fb1f3@group-7E018C2E2285-SegmentedRaftLogWorker: created new log segment /home/runner/work/ozone/ozone/hadoop-ozone/integration-test/target/test-dir/MiniOzoneClusterImpl-08243b3f-be7e-4743-8f19-be1c242049e7/datanode-0/data/ratis/30f66c29-ad32-4878-972b-7e018c2e2285/current/log_inprogress_0
2022-11-08 11:41:52,368 [9f6d9e32-b5ab-49ef-be08-a692056fb1f3@group-7E018C2E2285-LeaderElection36] INFO  server.RaftServer$Division (ServerState.java:setRaftConf(430)) - 9f6d9e32-b5ab-49ef-be08-a692056fb1f3@group-7E018C2E2285: set configuration 0: peers:[86012a26-2f7a-42b0-9674-f0c6f2d36cf9|rpc:10.1.0.111:45781|dataStream:|priority:0|startupRole:FOLLOWER, 9f6d9e32-b5ab-49ef-be08-a692056fb1f3|rpc:10.1.0.111:37217|dataStream:|priority:1|startupRole:FOLLOWER, 69ebc52a-668b-4a1b-b1c8-adfe2408a111|rpc:10.1.0.111:42155|dataStream:|priority:0|startupRole:FOLLOWER]|listeners:[], old=null
2022-11-08 11:41:52,381 [86012a26-2f7a-42b0-9674-f0c6f2d36cf9-server-thread1] INFO  ratis.XceiverServerRatis (XceiverServerRatis.java:handleLeaderChangedNotification(863)) - Leader change notification received for group: group-7E018C2E2285 with new leaderId: 9f6d9e32-b5ab-49ef-be08-a692056fb1f3
2022-11-08 11:41:52,381 [86012a26-2f7a-42b0-9674-f0c6f2d36cf9-server-thread1] INFO  server.RaftServer$Division (ServerState.java:setLeader(313)) - 86012a26-2f7a-42b0-9674-f0c6f2d36cf9@group-7E018C2E2285: change Leader from null to 9f6d9e32-b5ab-49ef-be08-a692056fb1f3 at term 3 for appendEntries, leader elected after 15169ms
2022-11-08 11:41:52,381 [69ebc52a-668b-4a1b-b1c8-adfe2408a111-server-thread1] INFO  ratis.XceiverServerRatis (XceiverServerRatis.java:handleLeaderChangedNotification(863)) - Leader change notification received for group: group-7E018C2E2285 with new leaderId: 9f6d9e32-b5ab-49ef-be08-a692056fb1f3
2022-11-08 11:41:52,381 [69ebc52a-668b-4a1b-b1c8-adfe2408a111-server-thread1] INFO  server.RaftServer$Division (ServerState.java:setLeader(313)) - 69ebc52a-668b-4a1b-b1c8-adfe2408a111@group-7E018C2E2285: change Leader from null to 9f6d9e32-b5ab-49ef-be08-a692056fb1f3 at term 3 for appendEntries, leader elected after 15137ms
2022-11-08 11:41:52,392 [86012a26-2f7a-42b0-9674-f0c6f2d36cf9-server-thread2] INFO  server.RaftServer$Division (ServerState.java:setRaftConf(430)) - 86012a26-2f7a-42b0-9674-f0c6f2d36cf9@group-7E018C2E2285: set configuration 0: peers:[86012a26-2f7a-42b0-9674-f0c6f2d36cf9|rpc:10.1.0.111:45781|dataStream:|priority:0|startupRole:FOLLOWER, 9f6d9e32-b5ab-49ef-be08-a692056fb1f3|rpc:10.1.0.111:37217|dataStream:|priority:1|startupRole:FOLLOWER, 69ebc52a-668b-4a1b-b1c8-adfe2408a111|rpc:10.1.0.111:42155|dataStream:|priority:0|startupRole:FOLLOWER]|listeners:[], old=null
2022-11-08 11:41:52,393 [86012a26-2f7a-42b0-9674-f0c6f2d36cf9-server-thread2] INFO  segmented.SegmentedRaftLogWorker (SegmentedRaftLogWorker.java:startLogSegment(452)) - 86012a26-2f7a-42b0-9674-f0c6f2d36cf9@group-7E018C2E2285-SegmentedRaftLogWorker: Starting segment from index:0
2022-11-08 11:41:52,398 [69ebc52a-668b-4a1b-b1c8-adfe2408a111-server-thread2] INFO  server.RaftServer$Division (ServerState.java:setRaftConf(430)) - 69ebc52a-668b-4a1b-b1c8-adfe2408a111@group-7E018C2E2285: set configuration 0: peers:[86012a26-2f7a-42b0-9674-f0c6f2d36cf9|rpc:10.1.0.111:45781|dataStream:|priority:0|startupRole:FOLLOWER, 9f6d9e32-b5ab-49ef-be08-a692056fb1f3|rpc:10.1.0.111:37217|dataStream:|priority:1|startupRole:FOLLOWER, 69ebc52a-668b-4a1b-b1c8-adfe2408a111|rpc:10.1.0.111:42155|dataStream:|priority:0|startupRole:FOLLOWER]|listeners:[], old=null
2022-11-08 11:41:52,398 [69ebc52a-668b-4a1b-b1c8-adfe2408a111-server-thread2] INFO  segmented.SegmentedRaftLogWorker (SegmentedRaftLogWorker.java:startLogSegment(452)) - 69ebc52a-668b-4a1b-b1c8-adfe2408a111@group-7E018C2E2285-SegmentedRaftLogWorker: Starting segment from index:0
2022-11-08 11:41:52,399 [86012a26-2f7a-42b0-9674-f0c6f2d36cf9@group-7E018C2E2285-SegmentedRaftLogWorker] INFO  segmented.SegmentedRaftLogWorker (SegmentedRaftLogWorker.java:execute(656)) - 86012a26-2f7a-42b0-9674-f0c6f2d36cf9@group-7E018C2E2285-SegmentedRaftLogWorker: created new log segment /home/runner/work/ozone/ozone/hadoop-ozone/integration-test/target/test-dir/MiniOzoneClusterImpl-08243b3f-be7e-4743-8f19-be1c242049e7/datanode-1/data/ratis/30f66c29-ad32-4878-972b-7e018c2e2285/current/log_inprogress_0
2022-11-08 11:41:52,400 [69ebc52a-668b-4a1b-b1c8-adfe2408a111@group-7E018C2E2285-SegmentedRaftLogWorker] INFO  segmented.SegmentedRaftLogWorker (SegmentedRaftLogWorker.java:execute(656)) - 69ebc52a-668b-4a1b-b1c8-adfe2408a111@group-7E018C2E2285-SegmentedRaftLogWorker: created new log segment /home/runner/work/ozone/ozone/hadoop-ozone/integration-test/target/test-dir/MiniOzoneClusterImpl-08243b3f-be7e-4743-8f19-be1c242049e7/datanode-2/data/ratis/30f66c29-ad32-4878-972b-7e018c2e2285/current/log_inprogress_0
2022-11-08 11:41:58,512 [Over Replicated Processor] INFO  replication.OverReplicatedProcessor (OverReplicatedProcessor.java:processAll(90)) - Processed 0 over replicated containers, failed processing 0
2022-11-08 11:41:58,524 [Under Replicated Processor] INFO  replication.UnderReplicatedProcessor (UnderReplicatedProcessor.java:processAll(92)) - Processed 0 under replicated containers, failed processing 0
2022-11-08 11:42:28,512 [Over Replicated Processor] INFO  replication.OverReplicatedProcessor (OverReplicatedProcessor.java:processAll(90)) - Processed 0 over replicated containers, failed processing 0
2022-11-08 11:42:28,524 [Under Replicated Processor] INFO  replication.UnderReplicatedProcessor (UnderReplicatedProcessor.java:processAll(92)) - Processed 0 under replicated containers, failed processing 0
2022-11-08 11:42:48,612 [Listener at 127.0.0.1/46561] INFO  ozone.MiniOzoneClusterImpl (MiniOzoneClusterImpl.java:shutdown(448)) - Shutting down the Mini Ozone Cluster
2022-11-08 11:42:48,613 [Listener at 127.0.0.1/46561] INFO  ozone.MiniOzoneClusterImpl (MiniOzoneClusterImpl.java:stop(463)) - Stopping the Mini Ozone Cluster
2022-11-08 11:42:48,613 [Listener at 127.0.0.1/46561] INFO  ozone.MiniOzoneClusterImpl (MiniOzoneClusterImpl.java:stopOM(545)) - Stopping the OzoneManager
2022-11-08 11:42:48,613 [Listener at 127.0.0.1/46561] INFO  om.OzoneManager (OzoneManager.java:stop(2037)) - om1[localhost:0]: Stopping Ozone Manager
2022-11-08 11:42:48,613 [Listener at 127.0.0.1/46561] INFO  ipc.Server (Server.java:stop(3428)) - Stopping server on 46561
2022-11-08 11:42:48,620 [IPC Server Responder] INFO  ipc.Server (Server.java:run(1517)) - Stopping IPC Server Responder
2022-11-08 11:42:48,620 [IPC Server listener on 0] INFO  ipc.Server (Server.java:run(1384)) - Stopping IPC Server listener on 0
2022-11-08 11:42:48,623 [Listener at 127.0.0.1/46561] INFO  server.RaftServer (RaftServerProxy.java:lambda$close$6(409)) - om1: close
2022-11-08 11:42:48,628 [Listener at 127.0.0.1/46561] INFO  server.GrpcService (GrpcService.java:closeImpl(279)) - om1: shutdown server GrpcServerProtocolService now
2022-11-08 11:42:48,629 [Listener at 127.0.0.1/46561] INFO  server.GrpcService (GrpcService.java:closeImpl(288)) - om1: shutdown server GrpcServerProtocolService successfully
2022-11-08 11:42:48,629 [om1-impl-thread2] INFO  server.RaftServer$Division (RaftServerImpl.java:lambda$close$4(458)) - om1@group-C5BA1605619E: shutdown
2022-11-08 11:42:48,629 [om1-impl-thread2] INFO  util.JmxRegister (JmxRegister.java:unregister(73)) - Successfully un-registered JMX Bean with object name Ratis:service=RaftServer,group=group-C5BA1605619E,id=om1
2022-11-08 11:42:48,629 [om1-impl-thread2] INFO  impl.RoleInfo (RoleInfo.java:shutdownLeaderState(93)) - om1: shutdown om1@group-C5BA1605619E-LeaderStateImpl
2022-11-08 11:42:48,629 [om1-impl-thread2] INFO  impl.PendingRequests (PendingRequests.java:sendNotLeaderResponses(282)) - om1@group-C5BA1605619E-PendingRequests: sendNotLeaderResponses
2022-11-08 11:42:48,639 [om1@group-C5BA1605619E-StateMachineUpdater] INFO  ratis.OzoneManagerStateMachine (OzoneManagerStateMachine.java:takeSnapshot(445)) - Current Snapshot Index (t:1, i:2)
2022-11-08 11:42:48,640 [om1@group-C5BA1605619E-StateMachineUpdater] INFO  impl.StateMachineUpdater (StateMachineUpdater.java:takeSnapshot(287)) - om1@group-C5BA1605619E-StateMachineUpdater: Took a snapshot at index 2
2022-11-08 11:42:48,640 [om1@group-C5BA1605619E-StateMachineUpdater] INFO  impl.StateMachineUpdater (StateMachineUpdater.java:lambda$new$0(92)) - om1@group-C5BA1605619E-StateMachineUpdater: snapshotIndex: updateIncreasingly -1 -> 2
2022-11-08 11:42:48,640 [om1@group-C5BA1605619E-StateMachineUpdater] INFO  ratis.OzoneManagerStateMachine (OzoneManagerStateMachine.java:close(499)) - StateMachine has shutdown. Shutdown OzoneManager if not already shutdown.
2022-11-08 11:42:48,640 [om1@group-C5BA1605619E-StateMachineUpdater] INFO  ratis.OzoneManagerDoubleBuffer (OzoneManagerDoubleBuffer.java:stop(466)) - Stopping OMDoubleBuffer flush thread
2022-11-08 11:42:48,640 [OMDoubleBufferFlushThread] INFO  ratis.OzoneManagerDoubleBuffer (OzoneManagerDoubleBuffer.java:flushTransactions(385)) - OMDoubleBuffer flush thread OMDoubleBufferFlushThread is interrupted and will exit.
2022-11-08 11:42:48,640 [om1-impl-thread2] INFO  impl.StateMachineUpdater (StateMachineUpdater.java:stopAndJoin(153)) - om1@group-C5BA1605619E-StateMachineUpdater: set stopIndex = 2
2022-11-08 11:42:48,640 [om1-impl-thread2] INFO  server.RaftServer$Division (ServerState.java:close(466)) - om1@group-C5BA1605619E: closes. applyIndex: 2
2022-11-08 11:42:48,640 [om1@group-C5BA1605619E-SegmentedRaftLogWorker] INFO  segmented.SegmentedRaftLogWorker (SegmentedRaftLogWorker.java:run(345)) - om1@group-C5BA1605619E-SegmentedRaftLogWorker was interrupted, exiting. There are 0 tasks remaining in the queue.
2022-11-08 11:42:48,642 [om1-impl-thread2] INFO  segmented.SegmentedRaftLogWorker (SegmentedRaftLogWorker.java:close(255)) - om1@group-C5BA1605619E-SegmentedRaftLogWorker close()
2022-11-08 11:42:48,644 [JvmPauseMonitor11] INFO  util.JvmPauseMonitor (JvmPauseMonitor.java:run(111)) - JvmPauseMonitor-om1: Stopped
2022-11-08 11:42:48,644 [Listener at 127.0.0.1/46561] INFO  ratis.OzoneManagerStateMachine (OzoneManagerStateMachine.java:close(499)) - StateMachine has shutdown. Shutdown OzoneManager if not already shutdown.
2022-11-08 11:42:48,644 [Listener at 127.0.0.1/46561] INFO  ratis.OzoneManagerDoubleBuffer (OzoneManagerDoubleBuffer.java:stop(478)) - OMDoubleBuffer flush thread is not running.
2022-11-08 11:42:48,644 [Listener at 127.0.0.1/46561] INFO  utils.BackgroundService (BackgroundService.java:shutdown(141)) - Shutting down service KeyDeletingService
2022-11-08 11:42:48,644 [Listener at 127.0.0.1/46561] INFO  utils.BackgroundService (BackgroundService.java:shutdown(141)) - Shutting down service DirectoryDeletingService
2022-11-08 11:42:48,645 [Listener at 127.0.0.1/46561] INFO  utils.BackgroundService (BackgroundService.java:shutdown(141)) - Shutting down service OpenKeyCleanupService
2022-11-08 11:42:48,645 [Listener at 127.0.0.1/46561] INFO  handler.ContextHandler (ContextHandler.java:doStop(1159)) - Stopped o.e.j.w.WebAppContext@71f0098a{ozoneManager,/,null,STOPPED}{file:/home/runner/work/ozone/ozone/hadoop-ozone/integration-test/target/test-classes/webapps/ozoneManager}
2022-11-08 11:42:48,647 [Listener at 127.0.0.1/46561] INFO  server.AbstractConnector (AbstractConnector.java:doStop(383)) - Stopped ServerConnector@7ebead7f{HTTP/1.1, (http/1.1)}{0.0.0.0:0}
2022-11-08 11:42:48,647 [Listener at 127.0.0.1/46561] INFO  server.session (HouseKeeper.java:stopScavenging(149)) - node0 Stopped scavenging
2022-11-08 11:42:48,648 [Listener at 127.0.0.1/46561] INFO  handler.ContextHandler (ContextHandler.java:doStop(1159)) - Stopped o.e.j.s.ServletContextHandler@49f3c70{static,/static,file:///home/runner/work/ozone/ozone/hadoop-ozone/integration-test/target/test-classes/webapps/static,STOPPED}
2022-11-08 11:42:48,648 [Listener at 127.0.0.1/46561] INFO  handler.ContextHandler (ContextHandler.java:doStop(1159)) - Stopped o.e.j.s.ServletContextHandler@d60b700{logs,/logs,file:///home/runner/work/ozone/ozone/hadoop-ozone/integration-test/target/log,STOPPED}
2022-11-08 11:42:48,652 [Listener at 127.0.0.1/46561] INFO  ozone.MiniOzoneClusterImpl (MiniOzoneClusterImpl.java:stopDatanodes(522)) - Stopping the HddsDatanodes
2022-11-08 11:42:48,654 [Listener at 127.0.0.1/46561] INFO  ozoneimpl.OzoneContainer (OzoneContainer.java:stop(400)) - Attempting to stop container services.
2022-11-08 11:42:48,656 [Listener at 127.0.0.1/46561] INFO  server.RaftServer (RaftServerProxy.java:lambda$close$6(409)) - 188713c8-c2c6-4040-a876-e7c7ddd4017d: close
2022-11-08 11:42:48,656 [Listener at 127.0.0.1/46561] INFO  server.GrpcService (GrpcService.java:closeImpl(279)) - 188713c8-c2c6-4040-a876-e7c7ddd4017d: shutdown server GrpcServerProtocolService now
2022-11-08 11:42:48,665 [Listener at 127.0.0.1/46561] INFO  server.GrpcServerProtocolClient (GrpcServerProtocolClient.java:close(111)) - d1b20379-1bd2-4861-a9be-2c8bcc065cb9 Close channels
2022-11-08 11:42:48,677 [Listener at 127.0.0.1/46561] INFO  server.GrpcServerProtocolClient (GrpcServerProtocolClient.java:close(111)) - f62ccb74-7881-4f2b-9330-2297662ca0ca Close channels
2022-11-08 11:42:48,677 [ForkJoinPool.commonPool-worker-0] INFO  ozoneimpl.OzoneContainer (OzoneContainer.java:stop(400)) - Attempting to stop container services.
2022-11-08 11:42:48,680 [Listener at 127.0.0.1/46561] INFO  server.GrpcService (GrpcService.java:closeImpl(288)) - 188713c8-c2c6-4040-a876-e7c7ddd4017d: shutdown server GrpcServerProtocolService successfully
2022-11-08 11:42:48,680 [JvmPauseMonitor15] INFO  util.JvmPauseMonitor (JvmPauseMonitor.java:run(111)) - JvmPauseMonitor-188713c8-c2c6-4040-a876-e7c7ddd4017d: Stopped
2022-11-08 11:42:48,682 [ForkJoinPool.commonPool-worker-0] INFO  server.RaftServer (RaftServerProxy.java:lambda$close$6(409)) - 86012a26-2f7a-42b0-9674-f0c6f2d36cf9: close
2022-11-08 11:42:48,688 [86012a26-2f7a-42b0-9674-f0c6f2d36cf9-impl-thread2] INFO  server.RaftServer$Division (RaftServerImpl.java:lambda$close$4(458)) - 86012a26-2f7a-42b0-9674-f0c6f2d36cf9@group-7E018C2E2285: shutdown
2022-11-08 11:42:48,688 [86012a26-2f7a-42b0-9674-f0c6f2d36cf9-impl-thread2] INFO  util.JmxRegister (JmxRegister.java:unregister(73)) - Successfully un-registered JMX Bean with object name Ratis:service=RaftServer,group=group-7E018C2E2285,id=86012a26-2f7a-42b0-9674-f0c6f2d36cf9
2022-11-08 11:42:48,688 [86012a26-2f7a-42b0-9674-f0c6f2d36cf9-impl-thread2] INFO  impl.RoleInfo (RoleInfo.java:shutdownFollowerState(110)) - 86012a26-2f7a-42b0-9674-f0c6f2d36cf9: shutdown 86012a26-2f7a-42b0-9674-f0c6f2d36cf9@group-7E018C2E2285-FollowerState
2022-11-08 11:42:48,688 [86012a26-2f7a-42b0-9674-f0c6f2d36cf9@group-7E018C2E2285-FollowerState] INFO  impl.FollowerState (FollowerState.java:run(152)) - 86012a26-2f7a-42b0-9674-f0c6f2d36cf9@group-7E018C2E2285-FollowerState was interrupted
2022-11-08 11:42:48,688 [86012a26-2f7a-42b0-9674-f0c6f2d36cf9@group-7E018C2E2285-StateMachineUpdater] INFO  ratis.ContainerStateMachine (ContainerStateMachine.java:takeSnapshot(304)) - group-7E018C2E2285: Taking a snapshot at:(t:3, i:0) file /home/runner/work/ozone/ozone/hadoop-ozone/integration-test/target/test-dir/MiniOzoneClusterImpl-08243b3f-be7e-4743-8f19-be1c242049e7/datanode-1/data/ratis/30f66c29-ad32-4878-972b-7e018c2e2285/sm/snapshot.3_0
2022-11-08 11:42:48,689 [ForkJoinPool.commonPool-worker-0] INFO  server.GrpcService (GrpcService.java:closeImpl(279)) - 86012a26-2f7a-42b0-9674-f0c6f2d36cf9: shutdown server GrpcServerProtocolService now
2022-11-08 11:42:48,689 [86012a26-2f7a-42b0-9674-f0c6f2d36cf9-impl-thread2] INFO  impl.StateMachineUpdater (StateMachineUpdater.java:stopAndJoin(153)) - 86012a26-2f7a-42b0-9674-f0c6f2d36cf9@group-7E018C2E2285-StateMachineUpdater: set stopIndex = 0
2022-11-08 11:42:48,696 [grpc-default-executor-0] WARN  server.GrpcServerProtocolService (LogUtils.java:warn(122)) - 86012a26-2f7a-42b0-9674-f0c6f2d36cf9: installSnapshot onError, lastRequest: null: org.apache.ratis.thirdparty.io.grpc.StatusRuntimeException: CANCELLED: client cancelled
2022-11-08 11:42:48,696 [grpc-default-executor-4] WARN  server.GrpcLogAppender (LogUtils.java:warn(122)) - 9f6d9e32-b5ab-49ef-be08-a692056fb1f3@group-7E018C2E2285->86012a26-2f7a-42b0-9674-f0c6f2d36cf9-AppendLogResponseHandler: Failed appendEntries: org.apache.ratis.thirdparty.io.grpc.StatusRuntimeException: CANCELLED: RST_STREAM closed stream. HTTP/2 error code: CANCEL
2022-11-08 11:42:48,695 [grpc-default-executor-5] WARN  server.GrpcLogAppender (LogUtils.java:warn(122)) - 9f6d9e32-b5ab-49ef-be08-a692056fb1f3@group-7E018C2E2285->86012a26-2f7a-42b0-9674-f0c6f2d36cf9-AppendLogResponseHandler: Failed appendEntries: org.apache.ratis.thirdparty.io.grpc.StatusRuntimeException: CANCELLED: RST_STREAM closed stream. HTTP/2 error code: CANCEL
2022-11-08 11:42:48,697 [grpc-default-executor-5] WARN  server.GrpcLogAppender (GrpcLogAppender.java:resetClient(131)) - 9f6d9e32-b5ab-49ef-be08-a692056fb1f3@group-7E018C2E2285->86012a26-2f7a-42b0-9674-f0c6f2d36cf9-GrpcLogAppender: Leader has not got in touch with Follower 9f6d9e32-b5ab-49ef-be08-a692056fb1f3@group-7E018C2E2285->86012a26-2f7a-42b0-9674-f0c6f2d36cf9(c0,m0,n1, attendVote=true, lastRpcSendTime=1217, lastRpcResponseTime=1215) yet, just keep nextIndex unchanged and retry.
2022-11-08 11:42:48,695 [grpc-default-executor-6] WARN  server.GrpcServerProtocolService (LogUtils.java:warn(122)) - 86012a26-2f7a-42b0-9674-f0c6f2d36cf9: installSnapshot onError, lastRequest: 9f6d9e32-b5ab-49ef-be08-a692056fb1f3->86012a26-2f7a-42b0-9674-f0c6f2d36cf9#1-t3,previous=(t:0, i:0),leaderCommit=0,initializing? true,entries: size=1, first=(t:3, i:0), CONFIGURATIONENTRY(current:id: "86012a26-2f7a-42b0-9674-f0c6f2d36cf9"
address: "10.1.0.111:45781"
clientAddress: "10.1.0.111:45781"
adminAddress: "10.1.0.111:45781"
startupRole: FOLLOWER
,id: "9f6d9e32-b5ab-49ef-be08-a692056fb1f3"
address: "10.1.0.111:37217"
priority: 1
clientAddress: "10.1.0.111:37217"
adminAddress: "10.1.0.111:37217"
startupRole: FOLLOWER
,id: "69ebc52a-668b-4a1b-b1c8-adfe2408a111"
address: "10.1.0.111:42155"
clientAddress: "10.1.0.111:42155"
adminAddress: "10.1.0.111:42155"
startupRole: FOLLOWER
, old:): org.apache.ratis.thirdparty.io.grpc.StatusRuntimeException: CANCELLED: client cancelled
2022-11-08 11:42:48,694 [ForkJoinPool.commonPool-worker-0] INFO  server.GrpcServerProtocolClient (GrpcServerProtocolClient.java:close(111)) - 9f6d9e32-b5ab-49ef-be08-a692056fb1f3 Close channels
2022-11-08 11:42:48,690 [86012a26-2f7a-42b0-9674-f0c6f2d36cf9@group-7E018C2E2285-StateMachineUpdater] INFO  ratis.ContainerStateMachine (ContainerStateMachine.java:takeSnapshot(315)) - group-7E018C2E2285: Finished taking a snapshot at:(t:3, i:0) file:/home/runner/work/ozone/ozone/hadoop-ozone/integration-test/target/test-dir/MiniOzoneClusterImpl-08243b3f-be7e-4743-8f19-be1c242049e7/datanode-1/data/ratis/30f66c29-ad32-4878-972b-7e018c2e2285/sm/snapshot.3_0 took: 2 ms
2022-11-08 11:42:48,697 [86012a26-2f7a-42b0-9674-f0c6f2d36cf9@group-7E018C2E2285-StateMachineUpdater] INFO  impl.StateMachineUpdater (StateMachineUpdater.java:takeSnapshot(287)) - 86012a26-2f7a-42b0-9674-f0c6f2d36cf9@group-7E018C2E2285-StateMachineUpdater: Took a snapshot at index 0
2022-11-08 11:42:48,698 [86012a26-2f7a-42b0-9674-f0c6f2d36cf9@group-7E018C2E2285-StateMachineUpdater] INFO  impl.StateMachineUpdater (StateMachineUpdater.java:lambda$new$0(92)) - 86012a26-2f7a-42b0-9674-f0c6f2d36cf9@group-7E018C2E2285-StateMachineUpdater: snapshotIndex: updateIncreasingly -1 -> 0
2022-11-08 11:42:48,697 [grpc-default-executor-4] WARN  server.GrpcLogAppender (GrpcLogAppender.java:resetClient(131)) - 9f6d9e32-b5ab-49ef-be08-a692056fb1f3@group-7E018C2E2285->86012a26-2f7a-42b0-9674-f0c6f2d36cf9-GrpcLogAppender: Leader has not got in touch with Follower 9f6d9e32-b5ab-49ef-be08-a692056fb1f3@group-7E018C2E2285->86012a26-2f7a-42b0-9674-f0c6f2d36cf9(c0,m0,n1, attendVote=true, lastRpcSendTime=1217, lastRpcResponseTime=1215) yet, just keep nextIndex unchanged and retry.
2022-11-08 11:42:48,703 [ForkJoinPool.commonPool-worker-0] INFO  server.GrpcServerProtocolClient (GrpcServerProtocolClient.java:close(111)) - 69ebc52a-668b-4a1b-b1c8-adfe2408a111 Close channels
2022-11-08 11:42:48,709 [ForkJoinPool.commonPool-worker-0] INFO  server.GrpcService (GrpcService.java:closeImpl(288)) - 86012a26-2f7a-42b0-9674-f0c6f2d36cf9: shutdown server GrpcServerProtocolService successfully
2022-11-08 11:42:48,711 [86012a26-2f7a-42b0-9674-f0c6f2d36cf9-impl-thread2] INFO  server.RaftServer$Division (ServerState.java:close(466)) - 86012a26-2f7a-42b0-9674-f0c6f2d36cf9@group-7E018C2E2285: closes. applyIndex: 0
2022-11-08 11:42:48,712 [86012a26-2f7a-42b0-9674-f0c6f2d36cf9@group-7E018C2E2285-SegmentedRaftLogWorker] INFO  segmented.SegmentedRaftLogWorker (SegmentedRaftLogWorker.java:run(345)) - 86012a26-2f7a-42b0-9674-f0c6f2d36cf9@group-7E018C2E2285-SegmentedRaftLogWorker was interrupted, exiting. There are 0 tasks remaining in the queue.
2022-11-08 11:42:48,739 [86012a26-2f7a-42b0-9674-f0c6f2d36cf9-impl-thread2] INFO  segmented.SegmentedRaftLogWorker (SegmentedRaftLogWorker.java:close(255)) - 86012a26-2f7a-42b0-9674-f0c6f2d36cf9@group-7E018C2E2285-SegmentedRaftLogWorker close()
2022-11-08 11:42:48,745 [JvmPauseMonitor13] INFO  util.JvmPauseMonitor (JvmPauseMonitor.java:run(111)) - JvmPauseMonitor-86012a26-2f7a-42b0-9674-f0c6f2d36cf9: Stopped
2022-11-08 11:42:49,988 [grpc-default-executor-4] WARN  server.GrpcLogAppender (LogUtils.java:warn(122)) - 9f6d9e32-b5ab-49ef-be08-a692056fb1f3@group-7E018C2E2285->86012a26-2f7a-42b0-9674-f0c6f2d36cf9-AppendLogResponseHandler: Failed appendEntries: org.apache.ratis.thirdparty.io.grpc.StatusRuntimeException: UNAVAILABLE: io exception
2022-11-08 11:42:49,990 [grpc-default-executor-5] WARN  server.GrpcLogAppender (LogUtils.java:warn(122)) - 9f6d9e32-b5ab-49ef-be08-a692056fb1f3@group-7E018C2E2285->86012a26-2f7a-42b0-9674-f0c6f2d36cf9-AppendLogResponseHandler: Failed appendEntries: org.apache.ratis.thirdparty.io.grpc.StatusRuntimeException: UNAVAILABLE: io exception
2022-11-08 11:42:49,991 [grpc-default-executor-4] WARN  server.GrpcLogAppender (GrpcLogAppender.java:resetClient(131)) - 9f6d9e32-b5ab-49ef-be08-a692056fb1f3@group-7E018C2E2285->86012a26-2f7a-42b0-9674-f0c6f2d36cf9-GrpcLogAppender: Leader has not got in touch with Follower 9f6d9e32-b5ab-49ef-be08-a692056fb1f3@group-7E018C2E2285->86012a26-2f7a-42b0-9674-f0c6f2d36cf9(c0,m0,n1, attendVote=true, lastRpcSendTime=1, lastRpcResponseTime=2509) yet, just keep nextIndex unchanged and retry.
2022-11-08 11:42:49,991 [grpc-default-executor-5] WARN  server.GrpcLogAppender (GrpcLogAppender.java:resetClient(131)) - 9f6d9e32-b5ab-49ef-be08-a692056fb1f3@group-7E018C2E2285->86012a26-2f7a-42b0-9674-f0c6f2d36cf9-GrpcLogAppender: Leader has not got in touch with Follower 9f6d9e32-b5ab-49ef-be08-a692056fb1f3@group-7E018C2E2285->86012a26-2f7a-42b0-9674-f0c6f2d36cf9(c0,m0,n1, attendVote=true, lastRpcSendTime=2, lastRpcResponseTime=2510) yet, just keep nextIndex unchanged and retry.
2022-11-08 11:42:50,699 [Listener at 127.0.0.1/46561] INFO  volume.HddsVolume (HddsVolume.java:closeDbStore(338)) - SchemaV3 db is stopped at /home/runner/work/ozone/ozone/hadoop-ozone/integration-test/target/test-dir/MiniOzoneClusterImpl-08243b3f-be7e-4743-8f19-be1c242049e7/datanode-3/data-0/containers/hdds/08243b3f-be7e-4743-8f19-be1c242049e7/DS-c7fcc46c-7640-41a8-8545-4ff3bda99373/container.db for volume DS-c7fcc46c-7640-41a8-8545-4ff3bda99373
2022-11-08 11:42:50,699 [Listener at 127.0.0.1/46561] INFO  utils.BackgroundService (BackgroundService.java:shutdown(141)) - Shutting down service BlockDeletingService
2022-11-08 11:42:50,700 [Listener at 127.0.0.1/46561] INFO  utils.BackgroundService (BackgroundService.java:shutdown(141)) - Shutting down service StaleRecoveringContainerScrubbingService
2022-11-08 11:42:50,704 [Listener at 127.0.0.1/46561] INFO  statemachine.DatanodeStateMachine (DatanodeStateMachine.java:stopDaemon(593)) - Ozone container server stopped.
2022-11-08 11:42:50,717 [Listener at 127.0.0.1/46561] INFO  handler.ContextHandler (ContextHandler.java:doStop(1159)) - Stopped o.e.j.w.WebAppContext@26c19dca{hddsDatanode,/,null,STOPPED}{jar:file:/home/runner/.m2/repository/org/apache/ozone/hdds-container-service/1.3.0-SNAPSHOT/hdds-container-service-1.3.0-SNAPSHOT.jar!/webapps/hddsDatanode}
2022-11-08 11:42:50,719 [Listener at 127.0.0.1/46561] INFO  server.AbstractConnector (AbstractConnector.java:doStop(383)) - Stopped ServerConnector@701c87a0{HTTP/1.1, (http/1.1)}{0.0.0.0:0}
2022-11-08 11:42:50,719 [Listener at 127.0.0.1/46561] INFO  server.session (HouseKeeper.java:stopScavenging(149)) - node0 Stopped scavenging
2022-11-08 11:42:50,719 [Listener at 127.0.0.1/46561] INFO  handler.ContextHandler (ContextHandler.java:doStop(1159)) - Stopped o.e.j.s.ServletContextHandler@21772c6f{static,/static,jar:file:/home/runner/.m2/repository/org/apache/ozone/hdds-container-service/1.3.0-SNAPSHOT/hdds-container-service-1.3.0-SNAPSHOT.jar!/webapps/static,STOPPED}
2022-11-08 11:42:50,720 [Listener at 127.0.0.1/46561] INFO  handler.ContextHandler (ContextHandler.java:doStop(1159)) - Stopped o.e.j.s.ServletContextHandler@3bd1b11e{logs,/logs,file:///home/runner/work/ozone/ozone/hadoop-ozone/integration-test/target/log,STOPPED}
2022-11-08 11:42:50,724 [Listener at 127.0.0.1/46561] INFO  ozoneimpl.OzoneContainer (OzoneContainer.java:stop(400)) - Attempting to stop container services.
2022-11-08 11:42:50,726 [Listener at 127.0.0.1/46561] INFO  server.RaftServer (RaftServerProxy.java:lambda$close$6(409)) - d1b20379-1bd2-4861-a9be-2c8bcc065cb9: close
2022-11-08 11:42:50,728 [Listener at 127.0.0.1/46561] INFO  server.GrpcService (GrpcService.java:closeImpl(279)) - d1b20379-1bd2-4861-a9be-2c8bcc065cb9: shutdown server GrpcServerProtocolService now
2022-11-08 11:42:50,730 [Listener at 127.0.0.1/46561] INFO  server.GrpcServerProtocolClient (GrpcServerProtocolClient.java:close(111)) - 188713c8-c2c6-4040-a876-e7c7ddd4017d Close channels
2022-11-08 11:42:50,731 [Listener at 127.0.0.1/46561] INFO  server.GrpcServerProtocolClient (GrpcServerProtocolClient.java:close(111)) - f62ccb74-7881-4f2b-9330-2297662ca0ca Close channels
2022-11-08 11:42:50,733 [Listener at 127.0.0.1/46561] INFO  server.GrpcService (GrpcService.java:closeImpl(288)) - d1b20379-1bd2-4861-a9be-2c8bcc065cb9: shutdown server GrpcServerProtocolService successfully
2022-11-08 11:42:50,733 [JvmPauseMonitor17] INFO  util.JvmPauseMonitor (JvmPauseMonitor.java:run(111)) - JvmPauseMonitor-d1b20379-1bd2-4861-a9be-2c8bcc065cb9: Stopped
2022-11-08 11:42:50,771 [ForkJoinPool.commonPool-worker-0] INFO  volume.HddsVolume (HddsVolume.java:closeDbStore(338)) - SchemaV3 db is stopped at /home/runner/work/ozone/ozone/hadoop-ozone/integration-test/target/test-dir/MiniOzoneClusterImpl-08243b3f-be7e-4743-8f19-be1c242049e7/datanode-1/data-0/containers/hdds/08243b3f-be7e-4743-8f19-be1c242049e7/DS-a98a8fca-b184-4de1-9041-9f58bb04e097/container.db for volume DS-a98a8fca-b184-4de1-9041-9f58bb04e097
2022-11-08 11:42:50,772 [ForkJoinPool.commonPool-worker-0] INFO  utils.BackgroundService (BackgroundService.java:shutdown(141)) - Shutting down service BlockDeletingService
2022-11-08 11:42:50,773 [ForkJoinPool.commonPool-worker-0] INFO  utils.BackgroundService (BackgroundService.java:shutdown(141)) - Shutting down service StaleRecoveringContainerScrubbingService
2022-11-08 11:42:50,774 [ForkJoinPool.commonPool-worker-0] INFO  statemachine.DatanodeStateMachine (DatanodeStateMachine.java:stopDaemon(593)) - Ozone container server stopped.
2022-11-08 11:42:50,789 [ForkJoinPool.commonPool-worker-0] INFO  handler.ContextHandler (ContextHandler.java:doStop(1159)) - Stopped o.e.j.w.WebAppContext@3e2667e0{hddsDatanode,/,null,STOPPED}{jar:file:/home/runner/.m2/repository/org/apache/ozone/hdds-container-service/1.3.0-SNAPSHOT/hdds-container-service-1.3.0-SNAPSHOT.jar!/webapps/hddsDatanode}
2022-11-08 11:42:50,792 [ForkJoinPool.commonPool-worker-0] INFO  server.AbstractConnector (AbstractConnector.java:doStop(383)) - Stopped ServerConnector@74b39466{HTTP/1.1, (http/1.1)}{0.0.0.0:0}
2022-11-08 11:42:50,793 [ForkJoinPool.commonPool-worker-0] INFO  server.session (HouseKeeper.java:stopScavenging(149)) - node0 Stopped scavenging
2022-11-08 11:42:50,794 [ForkJoinPool.commonPool-worker-0] INFO  handler.ContextHandler (ContextHandler.java:doStop(1159)) - Stopped o.e.j.s.ServletContextHandler@195d5108{static,/static,jar:file:/home/runner/.m2/repository/org/apache/ozone/hdds-container-service/1.3.0-SNAPSHOT/hdds-container-service-1.3.0-SNAPSHOT.jar!/webapps/static,STOPPED}
2022-11-08 11:42:50,795 [ForkJoinPool.commonPool-worker-0] INFO  handler.ContextHandler (ContextHandler.java:doStop(1159)) - Stopped o.e.j.s.ServletContextHandler@721b5e52{logs,/logs,file:///home/runner/work/ozone/ozone/hadoop-ozone/integration-test/target/log,STOPPED}
2022-11-08 11:42:50,798 [ForkJoinPool.commonPool-worker-0] INFO  ozoneimpl.OzoneContainer (OzoneContainer.java:stop(400)) - Attempting to stop container services.
2022-11-08 11:42:50,801 [ForkJoinPool.commonPool-worker-0] INFO  server.RaftServer (RaftServerProxy.java:lambda$close$6(409)) - 69ebc52a-668b-4a1b-b1c8-adfe2408a111: close
2022-11-08 11:42:50,801 [ForkJoinPool.commonPool-worker-0] INFO  server.GrpcService (GrpcService.java:closeImpl(279)) - 69ebc52a-668b-4a1b-b1c8-adfe2408a111: shutdown server GrpcServerProtocolService now
2022-11-08 11:42:50,802 [ForkJoinPool.commonPool-worker-0] INFO  server.GrpcServerProtocolClient (GrpcServerProtocolClient.java:close(111)) - 86012a26-2f7a-42b0-9674-f0c6f2d36cf9 Close channels
2022-11-08 11:42:50,804 [grpc-default-executor-3] WARN  server.GrpcLogAppender (LogUtils.java:warn(122)) - 9f6d9e32-b5ab-49ef-be08-a692056fb1f3@group-7E018C2E2285->69ebc52a-668b-4a1b-b1c8-adfe2408a111-AppendLogResponseHandler: Failed appendEntries: org.apache.ratis.thirdparty.io.grpc.StatusRuntimeException: CANCELLED: RST_STREAM closed stream. HTTP/2 error code: CANCEL
2022-11-08 11:42:50,804 [grpc-default-executor-3] WARN  server.GrpcLogAppender (GrpcLogAppender.java:resetClient(131)) - 9f6d9e32-b5ab-49ef-be08-a692056fb1f3@group-7E018C2E2285->69ebc52a-668b-4a1b-b1c8-adfe2408a111-GrpcLogAppender: Leader has not got in touch with Follower 9f6d9e32-b5ab-49ef-be08-a692056fb1f3@group-7E018C2E2285->69ebc52a-668b-4a1b-b1c8-adfe2408a111(c0,m0,n1, attendVote=true, lastRpcSendTime=824, lastRpcResponseTime=821) yet, just keep nextIndex unchanged and retry.
2022-11-08 11:42:50,805 [grpc-default-executor-4] WARN  server.GrpcServerProtocolService (LogUtils.java:warn(122)) - 69ebc52a-668b-4a1b-b1c8-adfe2408a111: installSnapshot onError, lastRequest: 9f6d9e32-b5ab-49ef-be08-a692056fb1f3->69ebc52a-668b-4a1b-b1c8-adfe2408a111#1-t3,previous=(t:0, i:0),leaderCommit=0,initializing? true,entries: size=1, first=(t:3, i:0), CONFIGURATIONENTRY(current:id: "86012a26-2f7a-42b0-9674-f0c6f2d36cf9"
address: "10.1.0.111:45781"
clientAddress: "10.1.0.111:45781"
adminAddress: "10.1.0.111:45781"
startupRole: FOLLOWER
,id: "9f6d9e32-b5ab-49ef-be08-a692056fb1f3"
address: "10.1.0.111:37217"
priority: 1
clientAddress: "10.1.0.111:37217"
adminAddress: "10.1.0.111:37217"
startupRole: FOLLOWER
,id: "69ebc52a-668b-4a1b-b1c8-adfe2408a111"
address: "10.1.0.111:42155"
clientAddress: "10.1.0.111:42155"
adminAddress: "10.1.0.111:42155"
startupRole: FOLLOWER
, old:): org.apache.ratis.thirdparty.io.grpc.StatusRuntimeException: CANCELLED: client cancelled
2022-11-08 11:42:50,805 [grpc-default-executor-7] WARN  server.GrpcServerProtocolService (LogUtils.java:warn(122)) - 69ebc52a-668b-4a1b-b1c8-adfe2408a111: installSnapshot onError, lastRequest: null: org.apache.ratis.thirdparty.io.grpc.StatusRuntimeException: CANCELLED: client cancelled
2022-11-08 11:42:50,808 [ForkJoinPool.commonPool-worker-0] INFO  server.GrpcServerProtocolClient (GrpcServerProtocolClient.java:close(111)) - 9f6d9e32-b5ab-49ef-be08-a692056fb1f3 Close channels
2022-11-08 11:42:50,808 [grpc-default-executor-7] WARN  server.GrpcLogAppender (LogUtils.java:warn(122)) - 9f6d9e32-b5ab-49ef-be08-a692056fb1f3@group-7E018C2E2285->69ebc52a-668b-4a1b-b1c8-adfe2408a111-AppendLogResponseHandler: Failed appendEntries: org.apache.ratis.thirdparty.io.grpc.StatusRuntimeException: CANCELLED: RST_STREAM closed stream. HTTP/2 error code: CANCEL
2022-11-08 11:42:50,809 [grpc-default-executor-7] WARN  server.GrpcLogAppender (GrpcLogAppender.java:resetClient(131)) - 9f6d9e32-b5ab-49ef-be08-a692056fb1f3@group-7E018C2E2285->69ebc52a-668b-4a1b-b1c8-adfe2408a111-GrpcLogAppender: Leader has not got in touch with Follower 9f6d9e32-b5ab-49ef-be08-a692056fb1f3@group-7E018C2E2285->69ebc52a-668b-4a1b-b1c8-adfe2408a111(c0,m0,n1, attendVote=true, lastRpcSendTime=828, lastRpcResponseTime=825) yet, just keep nextIndex unchanged and retry.
2022-11-08 11:42:50,809 [ForkJoinPool.commonPool-worker-0] INFO  server.GrpcService (GrpcService.java:closeImpl(288)) - 69ebc52a-668b-4a1b-b1c8-adfe2408a111: shutdown server GrpcServerProtocolService successfully
2022-11-08 11:42:50,813 [69ebc52a-668b-4a1b-b1c8-adfe2408a111-impl-thread2] INFO  server.RaftServer$Division (RaftServerImpl.java:lambda$close$4(458)) - 69ebc52a-668b-4a1b-b1c8-adfe2408a111@group-7E018C2E2285: shutdown
2022-11-08 11:42:50,813 [69ebc52a-668b-4a1b-b1c8-adfe2408a111-impl-thread2] INFO  util.JmxRegister (JmxRegister.java:unregister(73)) - Successfully un-registered JMX Bean with object name Ratis:service=RaftServer,group=group-7E018C2E2285,id=69ebc52a-668b-4a1b-b1c8-adfe2408a111
2022-11-08 11:42:50,813 [69ebc52a-668b-4a1b-b1c8-adfe2408a111-impl-thread2] INFO  impl.RoleInfo (RoleInfo.java:shutdownFollowerState(110)) - 69ebc52a-668b-4a1b-b1c8-adfe2408a111: shutdown 69ebc52a-668b-4a1b-b1c8-adfe2408a111@group-7E018C2E2285-FollowerState
2022-11-08 11:42:50,814 [69ebc52a-668b-4a1b-b1c8-adfe2408a111@group-7E018C2E2285-StateMachineUpdater] INFO  ratis.ContainerStateMachine (ContainerStateMachine.java:takeSnapshot(304)) - group-7E018C2E2285: Taking a snapshot at:(t:3, i:0) file /home/runner/work/ozone/ozone/hadoop-ozone/integration-test/target/test-dir/MiniOzoneClusterImpl-08243b3f-be7e-4743-8f19-be1c242049e7/datanode-2/data/ratis/30f66c29-ad32-4878-972b-7e018c2e2285/sm/snapshot.3_0
2022-11-08 11:42:50,814 [69ebc52a-668b-4a1b-b1c8-adfe2408a111-impl-thread2] INFO  impl.StateMachineUpdater (StateMachineUpdater.java:stopAndJoin(153)) - 69ebc52a-668b-4a1b-b1c8-adfe2408a111@group-7E018C2E2285-StateMachineUpdater: set stopIndex = 0
2022-11-08 11:42:50,815 [69ebc52a-668b-4a1b-b1c8-adfe2408a111@group-7E018C2E2285-FollowerState] INFO  impl.FollowerState (FollowerState.java:run(152)) - 69ebc52a-668b-4a1b-b1c8-adfe2408a111@group-7E018C2E2285-FollowerState was interrupted
2022-11-08 11:42:50,817 [69ebc52a-668b-4a1b-b1c8-adfe2408a111@group-7E018C2E2285-StateMachineUpdater] INFO  ratis.ContainerStateMachine (ContainerStateMachine.java:takeSnapshot(315)) - group-7E018C2E2285: Finished taking a snapshot at:(t:3, i:0) file:/home/runner/work/ozone/ozone/hadoop-ozone/integration-test/target/test-dir/MiniOzoneClusterImpl-08243b3f-be7e-4743-8f19-be1c242049e7/datanode-2/data/ratis/30f66c29-ad32-4878-972b-7e018c2e2285/sm/snapshot.3_0 took: 3 ms
2022-11-08 11:42:50,817 [69ebc52a-668b-4a1b-b1c8-adfe2408a111@group-7E018C2E2285-StateMachineUpdater] INFO  impl.StateMachineUpdater (StateMachineUpdater.java:takeSnapshot(287)) - 69ebc52a-668b-4a1b-b1c8-adfe2408a111@group-7E018C2E2285-StateMachineUpdater: Took a snapshot at index 0
2022-11-08 11:42:50,817 [69ebc52a-668b-4a1b-b1c8-adfe2408a111@group-7E018C2E2285-StateMachineUpdater] INFO  impl.StateMachineUpdater (StateMachineUpdater.java:lambda$new$0(92)) - 69ebc52a-668b-4a1b-b1c8-adfe2408a111@group-7E018C2E2285-StateMachineUpdater: snapshotIndex: updateIncreasingly -1 -> 0
2022-11-08 11:42:50,822 [69ebc52a-668b-4a1b-b1c8-adfe2408a111-impl-thread2] INFO  server.RaftServer$Division (ServerState.java:close(466)) - 69ebc52a-668b-4a1b-b1c8-adfe2408a111@group-7E018C2E2285: closes. applyIndex: 0
2022-11-08 11:42:50,822 [69ebc52a-668b-4a1b-b1c8-adfe2408a111@group-7E018C2E2285-SegmentedRaftLogWorker] INFO  segmented.SegmentedRaftLogWorker (SegmentedRaftLogWorker.java:run(345)) - 69ebc52a-668b-4a1b-b1c8-adfe2408a111@group-7E018C2E2285-SegmentedRaftLogWorker was interrupted, exiting. There are 0 tasks remaining in the queue.
2022-11-08 11:42:50,834 [69ebc52a-668b-4a1b-b1c8-adfe2408a111-impl-thread2] INFO  segmented.SegmentedRaftLogWorker (SegmentedRaftLogWorker.java:close(255)) - 69ebc52a-668b-4a1b-b1c8-adfe2408a111@group-7E018C2E2285-SegmentedRaftLogWorker close()
2022-11-08 11:42:50,835 [JvmPauseMonitor14] INFO  util.JvmPauseMonitor (JvmPauseMonitor.java:run(111)) - JvmPauseMonitor-69ebc52a-668b-4a1b-b1c8-adfe2408a111: Stopped
2022-11-08 11:42:51,239 [grpc-default-executor-7] WARN  server.GrpcLogAppender (LogUtils.java:warn(122)) - 9f6d9e32-b5ab-49ef-be08-a692056fb1f3@group-7E018C2E2285->86012a26-2f7a-42b0-9674-f0c6f2d36cf9-AppendLogResponseHandler: Failed appendEntries: org.apache.ratis.thirdparty.io.grpc.StatusRuntimeException: UNAVAILABLE: io exception
2022-11-08 11:42:51,239 [grpc-default-executor-8] WARN  server.GrpcLogAppender (LogUtils.java:warn(122)) - 9f6d9e32-b5ab-49ef-be08-a692056fb1f3@group-7E018C2E2285->86012a26-2f7a-42b0-9674-f0c6f2d36cf9-AppendLogResponseHandler: Failed appendEntries: org.apache.ratis.thirdparty.io.grpc.StatusRuntimeException: UNAVAILABLE: io exception
2022-11-08 11:42:51,241 [grpc-default-executor-7] WARN  server.GrpcLogAppender (GrpcLogAppender.java:resetClient(131)) - 9f6d9e32-b5ab-49ef-be08-a692056fb1f3@group-7E018C2E2285->86012a26-2f7a-42b0-9674-f0c6f2d36cf9-GrpcLogAppender: Leader has not got in touch with Follower 9f6d9e32-b5ab-49ef-be08-a692056fb1f3@group-7E018C2E2285->86012a26-2f7a-42b0-9674-f0c6f2d36cf9(c0,m0,n1, attendVote=true, lastRpcSendTime=1251, lastRpcResponseTime=3759) yet, just keep nextIndex unchanged and retry.
2022-11-08 11:42:51,242 [grpc-default-executor-8] WARN  server.GrpcLogAppender (GrpcLogAppender.java:resetClient(131)) - 9f6d9e32-b5ab-49ef-be08-a692056fb1f3@group-7E018C2E2285->86012a26-2f7a-42b0-9674-f0c6f2d36cf9-GrpcLogAppender: Leader has not got in touch with Follower 9f6d9e32-b5ab-49ef-be08-a692056fb1f3@group-7E018C2E2285->86012a26-2f7a-42b0-9674-f0c6f2d36cf9(c0,m0,n1, attendVote=true, lastRpcSendTime=1253, lastRpcResponseTime=3760) yet, just keep nextIndex unchanged and retry.
2022-11-08 11:42:51,245 [grpc-default-executor-8] WARN  server.GrpcLogAppender (LogUtils.java:warn(122)) - 9f6d9e32-b5ab-49ef-be08-a692056fb1f3@group-7E018C2E2285->86012a26-2f7a-42b0-9674-f0c6f2d36cf9-AppendLogResponseHandler: Failed appendEntries: org.apache.ratis.thirdparty.io.grpc.StatusRuntimeException: UNAVAILABLE: io exception
2022-11-08 11:42:51,248 [grpc-default-executor-7] WARN  server.GrpcLogAppender (LogUtils.java:warn(122)) - 9f6d9e32-b5ab-49ef-be08-a692056fb1f3@group-7E018C2E2285->86012a26-2f7a-42b0-9674-f0c6f2d36cf9-AppendLogResponseHandler: Failed appendEntries: org.apache.ratis.thirdparty.io.grpc.StatusRuntimeException: UNAVAILABLE: io exception
2022-11-08 11:42:51,249 [grpc-default-executor-8] WARN  server.GrpcLogAppender (GrpcLogAppender.java:resetClient(131)) - 9f6d9e32-b5ab-49ef-be08-a692056fb1f3@group-7E018C2E2285->86012a26-2f7a-42b0-9674-f0c6f2d36cf9-GrpcLogAppender: Leader has not got in touch with Follower 9f6d9e32-b5ab-49ef-be08-a692056fb1f3@group-7E018C2E2285->86012a26-2f7a-42b0-9674-f0c6f2d36cf9(c0,m0,n1, attendVote=true, lastRpcSendTime=0, lastRpcResponseTime=3767) yet, just keep nextIndex unchanged and retry.
2022-11-08 11:42:51,250 [grpc-default-executor-7] WARN  server.GrpcLogAppender (GrpcLogAppender.java:resetClient(131)) - 9f6d9e32-b5ab-49ef-be08-a692056fb1f3@group-7E018C2E2285->86012a26-2f7a-42b0-9674-f0c6f2d36cf9-GrpcLogAppender: Leader has not got in touch with Follower 9f6d9e32-b5ab-49ef-be08-a692056fb1f3@group-7E018C2E2285->86012a26-2f7a-42b0-9674-f0c6f2d36cf9(c0,m0,n1, attendVote=true, lastRpcSendTime=1, lastRpcResponseTime=3768) yet, just keep nextIndex unchanged and retry.
2022-11-08 11:42:52,487 [grpc-default-executor-7] WARN  server.GrpcLogAppender (LogUtils.java:warn(122)) - 9f6d9e32-b5ab-49ef-be08-a692056fb1f3@group-7E018C2E2285->69ebc52a-668b-4a1b-b1c8-adfe2408a111-AppendLogResponseHandler: Failed appendEntries: org.apache.ratis.thirdparty.io.grpc.StatusRuntimeException: UNAVAILABLE: io exception
2022-11-08 11:42:52,491 [grpc-default-executor-8] WARN  server.GrpcLogAppender (LogUtils.java:warn(122)) - 9f6d9e32-b5ab-49ef-be08-a692056fb1f3@group-7E018C2E2285->69ebc52a-668b-4a1b-b1c8-adfe2408a111-AppendLogResponseHandler: Failed appendEntries: org.apache.ratis.thirdparty.io.grpc.StatusRuntimeException: UNAVAILABLE: io exception
2022-11-08 11:42:52,505 [grpc-default-executor-7] WARN  server.GrpcLogAppender (GrpcLogAppender.java:resetClient(131)) - 9f6d9e32-b5ab-49ef-be08-a692056fb1f3@group-7E018C2E2285->69ebc52a-668b-4a1b-b1c8-adfe2408a111-GrpcLogAppender: Leader has not got in touch with Follower 9f6d9e32-b5ab-49ef-be08-a692056fb1f3@group-7E018C2E2285->69ebc52a-668b-4a1b-b1c8-adfe2408a111(c0,m0,n1, attendVote=true, lastRpcSendTime=13, lastRpcResponseTime=2521) yet, just keep nextIndex unchanged and retry.
2022-11-08 11:42:52,505 [grpc-default-executor-8] WARN  server.GrpcLogAppender (GrpcLogAppender.java:resetClient(131)) - 9f6d9e32-b5ab-49ef-be08-a692056fb1f3@group-7E018C2E2285->69ebc52a-668b-4a1b-b1c8-adfe2408a111-GrpcLogAppender: Leader has not got in touch with Follower 9f6d9e32-b5ab-49ef-be08-a692056fb1f3@group-7E018C2E2285->69ebc52a-668b-4a1b-b1c8-adfe2408a111(c0,m0,n1, attendVote=true, lastRpcSendTime=13, lastRpcResponseTime=2522) yet, just keep nextIndex unchanged and retry.
2022-11-08 11:42:52,508 [grpc-default-executor-8] WARN  server.GrpcLogAppender (LogUtils.java:warn(122)) - 9f6d9e32-b5ab-49ef-be08-a692056fb1f3@group-7E018C2E2285->86012a26-2f7a-42b0-9674-f0c6f2d36cf9-AppendLogResponseHandler: Failed appendEntries: org.apache.ratis.thirdparty.io.grpc.StatusRuntimeException: UNAVAILABLE: io exception
2022-11-08 11:42:52,508 [grpc-default-executor-7] WARN  server.GrpcLogAppender (LogUtils.java:warn(122)) - 9f6d9e32-b5ab-49ef-be08-a692056fb1f3@group-7E018C2E2285->86012a26-2f7a-42b0-9674-f0c6f2d36cf9-AppendLogResponseHandler: Failed appendEntries: org.apache.ratis.thirdparty.io.grpc.StatusRuntimeException: UNAVAILABLE: io exception
2022-11-08 11:42:52,509 [grpc-default-executor-8] WARN  server.GrpcLogAppender (GrpcLogAppender.java:resetClient(131)) - 9f6d9e32-b5ab-49ef-be08-a692056fb1f3@group-7E018C2E2285->86012a26-2f7a-42b0-9674-f0c6f2d36cf9-GrpcLogAppender: Leader has not got in touch with Follower 9f6d9e32-b5ab-49ef-be08-a692056fb1f3@group-7E018C2E2285->86012a26-2f7a-42b0-9674-f0c6f2d36cf9(c0,m0,n1, attendVote=true, lastRpcSendTime=0, lastRpcResponseTime=5027) yet, just keep nextIndex unchanged and retry.
2022-11-08 11:42:52,509 [grpc-default-executor-7] WARN  server.GrpcLogAppender (GrpcLogAppender.java:resetClient(131)) - 9f6d9e32-b5ab-49ef-be08-a692056fb1f3@group-7E018C2E2285->86012a26-2f7a-42b0-9674-f0c6f2d36cf9-GrpcLogAppender: Leader has not got in touch with Follower 9f6d9e32-b5ab-49ef-be08-a692056fb1f3@group-7E018C2E2285->86012a26-2f7a-42b0-9674-f0c6f2d36cf9(c0,m0,n1, attendVote=true, lastRpcSendTime=0, lastRpcResponseTime=5027) yet, just keep nextIndex unchanged and retry.
2022-11-08 11:42:52,743 [Listener at 127.0.0.1/46561] INFO  volume.HddsVolume (HddsVolume.java:closeDbStore(338)) - SchemaV3 db is stopped at /home/runner/work/ozone/ozone/hadoop-ozone/integration-test/target/test-dir/MiniOzoneClusterImpl-08243b3f-be7e-4743-8f19-be1c242049e7/datanode-5/data-0/containers/hdds/08243b3f-be7e-4743-8f19-be1c242049e7/DS-621f1578-9667-4ad9-94ca-af82eaeeec42/container.db for volume DS-621f1578-9667-4ad9-94ca-af82eaeeec42
2022-11-08 11:42:52,749 [Listener at 127.0.0.1/46561] INFO  utils.BackgroundService (BackgroundService.java:shutdown(141)) - Shutting down service BlockDeletingService
2022-11-08 11:42:52,750 [Listener at 127.0.0.1/46561] INFO  utils.BackgroundService (BackgroundService.java:shutdown(141)) - Shutting down service StaleRecoveringContainerScrubbingService
2022-11-08 11:42:52,772 [Listener at 127.0.0.1/46561] INFO  statemachine.DatanodeStateMachine (DatanodeStateMachine.java:stopDaemon(593)) - Ozone container server stopped.
2022-11-08 11:42:52,791 [Listener at 127.0.0.1/46561] INFO  handler.ContextHandler (ContextHandler.java:doStop(1159)) - Stopped o.e.j.w.WebAppContext@de8abc9{hddsDatanode,/,null,STOPPED}{jar:file:/home/runner/.m2/repository/org/apache/ozone/hdds-container-service/1.3.0-SNAPSHOT/hdds-container-service-1.3.0-SNAPSHOT.jar!/webapps/hddsDatanode}
2022-11-08 11:42:52,797 [Listener at 127.0.0.1/46561] INFO  server.AbstractConnector (AbstractConnector.java:doStop(383)) - Stopped ServerConnector@2f31b227{HTTP/1.1, (http/1.1)}{0.0.0.0:0}
2022-11-08 11:42:52,797 [Listener at 127.0.0.1/46561] INFO  server.session (HouseKeeper.java:stopScavenging(149)) - node0 Stopped scavenging
2022-11-08 11:42:52,797 [Listener at 127.0.0.1/46561] INFO  handler.ContextHandler (ContextHandler.java:doStop(1159)) - Stopped o.e.j.s.ServletContextHandler@2b463a42{static,/static,jar:file:/home/runner/.m2/repository/org/apache/ozone/hdds-container-service/1.3.0-SNAPSHOT/hdds-container-service-1.3.0-SNAPSHOT.jar!/webapps/static,STOPPED}
2022-11-08 11:42:52,798 [Listener at 127.0.0.1/46561] INFO  handler.ContextHandler (ContextHandler.java:doStop(1159)) - Stopped o.e.j.s.ServletContextHandler@5f389d72{logs,/logs,file:///home/runner/work/ozone/ozone/hadoop-ozone/integration-test/target/log,STOPPED}
2022-11-08 11:42:52,803 [Listener at 127.0.0.1/46561] INFO  ozoneimpl.OzoneContainer (OzoneContainer.java:stop(400)) - Attempting to stop container services.
2022-11-08 11:42:52,816 [Listener at 127.0.0.1/46561] INFO  server.RaftServer (RaftServerProxy.java:lambda$close$6(409)) - f62ccb74-7881-4f2b-9330-2297662ca0ca: close
2022-11-08 11:42:52,816 [Listener at 127.0.0.1/46561] INFO  server.GrpcService (GrpcService.java:closeImpl(279)) - f62ccb74-7881-4f2b-9330-2297662ca0ca: shutdown server GrpcServerProtocolService now
2022-11-08 11:42:52,817 [Listener at 127.0.0.1/46561] INFO  server.GrpcService (GrpcService.java:closeImpl(288)) - f62ccb74-7881-4f2b-9330-2297662ca0ca: shutdown server GrpcServerProtocolService successfully
2022-11-08 11:42:52,817 [JvmPauseMonitor16] INFO  util.JvmPauseMonitor (JvmPauseMonitor.java:run(111)) - JvmPauseMonitor-f62ccb74-7881-4f2b-9330-2297662ca0ca: Stopped
2022-11-08 11:42:52,859 [ForkJoinPool.commonPool-worker-0] INFO  volume.HddsVolume (HddsVolume.java:closeDbStore(338)) - SchemaV3 db is stopped at /home/runner/work/ozone/ozone/hadoop-ozone/integration-test/target/test-dir/MiniOzoneClusterImpl-08243b3f-be7e-4743-8f19-be1c242049e7/datanode-2/data-0/containers/hdds/08243b3f-be7e-4743-8f19-be1c242049e7/DS-fa9863d9-606d-4e6e-b819-6d7b1d86ecbe/container.db for volume DS-fa9863d9-606d-4e6e-b819-6d7b1d86ecbe
2022-11-08 11:42:52,860 [ForkJoinPool.commonPool-worker-0] INFO  utils.BackgroundService (BackgroundService.java:shutdown(141)) - Shutting down service BlockDeletingService
2022-11-08 11:42:52,861 [ForkJoinPool.commonPool-worker-0] INFO  utils.BackgroundService (BackgroundService.java:shutdown(141)) - Shutting down service StaleRecoveringContainerScrubbingService
2022-11-08 11:42:52,864 [ForkJoinPool.commonPool-worker-0] INFO  statemachine.DatanodeStateMachine (DatanodeStateMachine.java:stopDaemon(593)) - Ozone container server stopped.
2022-11-08 11:42:52,896 [ForkJoinPool.commonPool-worker-0] INFO  handler.ContextHandler (ContextHandler.java:doStop(1159)) - Stopped o.e.j.w.WebAppContext@17f3d5e2{hddsDatanode,/,null,STOPPED}{jar:file:/home/runner/.m2/repository/org/apache/ozone/hdds-container-service/1.3.0-SNAPSHOT/hdds-container-service-1.3.0-SNAPSHOT.jar!/webapps/hddsDatanode}
2022-11-08 11:42:52,898 [ForkJoinPool.commonPool-worker-0] INFO  server.AbstractConnector (AbstractConnector.java:doStop(383)) - Stopped ServerConnector@4ca9c90b{HTTP/1.1, (http/1.1)}{0.0.0.0:0}
2022-11-08 11:42:52,898 [ForkJoinPool.commonPool-worker-0] INFO  server.session (HouseKeeper.java:stopScavenging(149)) - node0 Stopped scavenging
2022-11-08 11:42:52,906 [ForkJoinPool.commonPool-worker-0] INFO  handler.ContextHandler (ContextHandler.java:doStop(1159)) - Stopped o.e.j.s.ServletContextHandler@29f79c22{static,/static,jar:file:/home/runner/.m2/repository/org/apache/ozone/hdds-container-service/1.3.0-SNAPSHOT/hdds-container-service-1.3.0-SNAPSHOT.jar!/webapps/static,STOPPED}
2022-11-08 11:42:52,906 [ForkJoinPool.commonPool-worker-0] INFO  handler.ContextHandler (ContextHandler.java:doStop(1159)) - Stopped o.e.j.s.ServletContextHandler@18c6e3ac{logs,/logs,file:///home/runner/work/ozone/ozone/hadoop-ozone/integration-test/target/log,STOPPED}
2022-11-08 11:42:52,909 [ForkJoinPool.commonPool-worker-0] INFO  ozoneimpl.OzoneContainer (OzoneContainer.java:stop(400)) - Attempting to stop container services.
2022-11-08 11:42:52,912 [ForkJoinPool.commonPool-worker-0] INFO  server.RaftServer (RaftServerProxy.java:lambda$close$6(409)) - 9f6d9e32-b5ab-49ef-be08-a692056fb1f3: close
2022-11-08 11:42:52,912 [ForkJoinPool.commonPool-worker-0] INFO  server.GrpcService (GrpcService.java:closeImpl(279)) - 9f6d9e32-b5ab-49ef-be08-a692056fb1f3: shutdown server GrpcServerProtocolService now
2022-11-08 11:42:52,920 [ForkJoinPool.commonPool-worker-0] INFO  server.GrpcServerProtocolClient (GrpcServerProtocolClient.java:close(111)) - 86012a26-2f7a-42b0-9674-f0c6f2d36cf9 Close channels
2022-11-08 11:42:52,926 [9f6d9e32-b5ab-49ef-be08-a692056fb1f3-impl-thread2] INFO  server.RaftServer$Division (RaftServerImpl.java:lambda$close$4(458)) - 9f6d9e32-b5ab-49ef-be08-a692056fb1f3@group-7E018C2E2285: shutdown
2022-11-08 11:42:52,926 [9f6d9e32-b5ab-49ef-be08-a692056fb1f3-impl-thread2] INFO  util.JmxRegister (JmxRegister.java:unregister(73)) - Successfully un-registered JMX Bean with object name Ratis:service=RaftServer,group=group-7E018C2E2285,id=9f6d9e32-b5ab-49ef-be08-a692056fb1f3
2022-11-08 11:42:52,927 [9f6d9e32-b5ab-49ef-be08-a692056fb1f3-impl-thread2] INFO  impl.RoleInfo (RoleInfo.java:shutdownLeaderState(93)) - 9f6d9e32-b5ab-49ef-be08-a692056fb1f3: shutdown 9f6d9e32-b5ab-49ef-be08-a692056fb1f3@group-7E018C2E2285-LeaderStateImpl
2022-11-08 11:42:52,927 [9f6d9e32-b5ab-49ef-be08-a692056fb1f3-impl-thread2] INFO  impl.PendingRequests (PendingRequests.java:sendNotLeaderResponses(282)) - 9f6d9e32-b5ab-49ef-be08-a692056fb1f3@group-7E018C2E2285-PendingRequests: sendNotLeaderResponses
2022-11-08 11:42:52,928 [ForkJoinPool.commonPool-worker-0] INFO  server.GrpcServerProtocolClient (GrpcServerProtocolClient.java:close(111)) - 69ebc52a-668b-4a1b-b1c8-adfe2408a111 Close channels
2022-11-08 11:42:52,928 [9f6d9e32-b5ab-49ef-be08-a692056fb1f3-impl-thread2] INFO  impl.StateMachineUpdater (StateMachineUpdater.java:stopAndJoin(153)) - 9f6d9e32-b5ab-49ef-be08-a692056fb1f3@group-7E018C2E2285-StateMachineUpdater: set stopIndex = 0
2022-11-08 11:42:52,932 [9f6d9e32-b5ab-49ef-be08-a692056fb1f3@group-7E018C2E2285-StateMachineUpdater] INFO  ratis.ContainerStateMachine (ContainerStateMachine.java:takeSnapshot(304)) - group-7E018C2E2285: Taking a snapshot at:(t:3, i:0) file /home/runner/work/ozone/ozone/hadoop-ozone/integration-test/target/test-dir/MiniOzoneClusterImpl-08243b3f-be7e-4743-8f19-be1c242049e7/datanode-0/data/ratis/30f66c29-ad32-4878-972b-7e018c2e2285/sm/snapshot.3_0
2022-11-08 11:42:52,936 [9f6d9e32-b5ab-49ef-be08-a692056fb1f3@group-7E018C2E2285-StateMachineUpdater] INFO  ratis.ContainerStateMachine (ContainerStateMachine.java:takeSnapshot(315)) - group-7E018C2E2285: Finished taking a snapshot at:(t:3, i:0) file:/home/runner/work/ozone/ozone/hadoop-ozone/integration-test/target/test-dir/MiniOzoneClusterImpl-08243b3f-be7e-4743-8f19-be1c242049e7/datanode-0/data/ratis/30f66c29-ad32-4878-972b-7e018c2e2285/sm/snapshot.3_0 took: 4 ms
2022-11-08 11:42:52,936 [9f6d9e32-b5ab-49ef-be08-a692056fb1f3@group-7E018C2E2285-StateMachineUpdater] INFO  impl.StateMachineUpdater (StateMachineUpdater.java:takeSnapshot(287)) - 9f6d9e32-b5ab-49ef-be08-a692056fb1f3@group-7E018C2E2285-StateMachineUpdater: Took a snapshot at index 0
2022-11-08 11:42:52,936 [9f6d9e32-b5ab-49ef-be08-a692056fb1f3@group-7E018C2E2285-StateMachineUpdater] INFO  impl.StateMachineUpdater (StateMachineUpdater.java:lambda$new$0(92)) - 9f6d9e32-b5ab-49ef-be08-a692056fb1f3@group-7E018C2E2285-StateMachineUpdater: snapshotIndex: updateIncreasingly -1 -> 0
2022-11-08 11:42:52,936 [9f6d9e32-b5ab-49ef-be08-a692056fb1f3-impl-thread2] INFO  server.RaftServer$Division (ServerState.java:close(466)) - 9f6d9e32-b5ab-49ef-be08-a692056fb1f3@group-7E018C2E2285: closes. applyIndex: 0
2022-11-08 11:42:52,937 [ForkJoinPool.commonPool-worker-0] INFO  server.GrpcService (GrpcService.java:closeImpl(288)) - 9f6d9e32-b5ab-49ef-be08-a692056fb1f3: shutdown server GrpcServerProtocolService successfully
2022-11-08 11:42:52,938 [9f6d9e32-b5ab-49ef-be08-a692056fb1f3@group-7E018C2E2285-SegmentedRaftLogWorker] INFO  segmented.SegmentedRaftLogWorker (SegmentedRaftLogWorker.java:run(345)) - 9f6d9e32-b5ab-49ef-be08-a692056fb1f3@group-7E018C2E2285-SegmentedRaftLogWorker was interrupted, exiting. There are 0 tasks remaining in the queue.
2022-11-08 11:42:52,940 [9f6d9e32-b5ab-49ef-be08-a692056fb1f3-impl-thread2] INFO  segmented.SegmentedRaftLogWorker (SegmentedRaftLogWorker.java:close(255)) - 9f6d9e32-b5ab-49ef-be08-a692056fb1f3@group-7E018C2E2285-SegmentedRaftLogWorker close()
2022-11-08 11:42:52,941 [JvmPauseMonitor12] INFO  util.JvmPauseMonitor (JvmPauseMonitor.java:run(111)) - JvmPauseMonitor-9f6d9e32-b5ab-49ef-be08-a692056fb1f3: Stopped
2022-11-08 11:42:54,831 [Listener at 127.0.0.1/46561] INFO  volume.HddsVolume (HddsVolume.java:closeDbStore(338)) - SchemaV3 db is stopped at /home/runner/work/ozone/ozone/hadoop-ozone/integration-test/target/test-dir/MiniOzoneClusterImpl-08243b3f-be7e-4743-8f19-be1c242049e7/datanode-4/data-0/containers/hdds/08243b3f-be7e-4743-8f19-be1c242049e7/DS-c2a2d4e6-6b17-4d61-a2a8-b70d616f1a27/container.db for volume DS-c2a2d4e6-6b17-4d61-a2a8-b70d616f1a27
2022-11-08 11:42:54,831 [Listener at 127.0.0.1/46561] INFO  utils.BackgroundService (BackgroundService.java:shutdown(141)) - Shutting down service BlockDeletingService
2022-11-08 11:42:54,833 [Listener at 127.0.0.1/46561] INFO  utils.BackgroundService (BackgroundService.java:shutdown(141)) - Shutting down service StaleRecoveringContainerScrubbingService
2022-11-08 11:42:54,835 [Listener at 127.0.0.1/46561] INFO  statemachine.DatanodeStateMachine (DatanodeStateMachine.java:stopDaemon(593)) - Ozone container server stopped.
2022-11-08 11:42:54,848 [Listener at 127.0.0.1/46561] INFO  handler.ContextHandler (ContextHandler.java:doStop(1159)) - Stopped o.e.j.w.WebAppContext@578e869{hddsDatanode,/,null,STOPPED}{jar:file:/home/runner/.m2/repository/org/apache/ozone/hdds-container-service/1.3.0-SNAPSHOT/hdds-container-service-1.3.0-SNAPSHOT.jar!/webapps/hddsDatanode}
2022-11-08 11:42:54,849 [Listener at 127.0.0.1/46561] INFO  server.AbstractConnector (AbstractConnector.java:doStop(383)) - Stopped ServerConnector@1eb3b8c0{HTTP/1.1, (http/1.1)}{0.0.0.0:0}
2022-11-08 11:42:54,849 [Listener at 127.0.0.1/46561] INFO  server.session (HouseKeeper.java:stopScavenging(149)) - node0 Stopped scavenging
2022-11-08 11:42:54,849 [Listener at 127.0.0.1/46561] INFO  handler.ContextHandler (ContextHandler.java:doStop(1159)) - Stopped o.e.j.s.ServletContextHandler@3e5b1239{static,/static,jar:file:/home/runner/.m2/repository/org/apache/ozone/hdds-container-service/1.3.0-SNAPSHOT/hdds-container-service-1.3.0-SNAPSHOT.jar!/webapps/static,STOPPED}
2022-11-08 11:42:54,850 [Listener at 127.0.0.1/46561] INFO  handler.ContextHandler (ContextHandler.java:doStop(1159)) - Stopped o.e.j.s.ServletContextHandler@2b367dc3{logs,/logs,file:///home/runner/work/ozone/ozone/hadoop-ozone/integration-test/target/log,STOPPED}
2022-11-08 11:42:54,953 [ForkJoinPool.commonPool-worker-0] INFO  volume.HddsVolume (HddsVolume.java:closeDbStore(338)) - SchemaV3 db is stopped at /home/runner/work/ozone/ozone/hadoop-ozone/integration-test/target/test-dir/MiniOzoneClusterImpl-08243b3f-be7e-4743-8f19-be1c242049e7/datanode-0/data-0/containers/hdds/08243b3f-be7e-4743-8f19-be1c242049e7/DS-95b251e3-a3b5-4364-b00d-ae9f3ac9fb0a/container.db for volume DS-95b251e3-a3b5-4364-b00d-ae9f3ac9fb0a
2022-11-08 11:42:54,953 [ForkJoinPool.commonPool-worker-0] INFO  utils.BackgroundService (BackgroundService.java:shutdown(141)) - Shutting down service BlockDeletingService
2022-11-08 11:42:54,954 [ForkJoinPool.commonPool-worker-0] INFO  utils.BackgroundService (BackgroundService.java:shutdown(141)) - Shutting down service StaleRecoveringContainerScrubbingService
2022-11-08 11:42:54,955 [ForkJoinPool.commonPool-worker-0] INFO  statemachine.DatanodeStateMachine (DatanodeStateMachine.java:stopDaemon(593)) - Ozone container server stopped.
2022-11-08 11:42:54,972 [ForkJoinPool.commonPool-worker-0] INFO  handler.ContextHandler (ContextHandler.java:doStop(1159)) - Stopped o.e.j.w.WebAppContext@36987af5{hddsDatanode,/,null,STOPPED}{jar:file:/home/runner/.m2/repository/org/apache/ozone/hdds-container-service/1.3.0-SNAPSHOT/hdds-container-service-1.3.0-SNAPSHOT.jar!/webapps/hddsDatanode}
2022-11-08 11:42:54,973 [ForkJoinPool.commonPool-worker-0] INFO  server.AbstractConnector (AbstractConnector.java:doStop(383)) - Stopped ServerConnector@77ab932e{HTTP/1.1, (http/1.1)}{0.0.0.0:0}
2022-11-08 11:42:54,973 [ForkJoinPool.commonPool-worker-0] INFO  server.session (HouseKeeper.java:stopScavenging(149)) - node0 Stopped scavenging
2022-11-08 11:42:54,973 [ForkJoinPool.commonPool-worker-0] INFO  handler.ContextHandler (ContextHandler.java:doStop(1159)) - Stopped o.e.j.s.ServletContextHandler@4f3cd6f1{static,/static,jar:file:/home/runner/.m2/repository/org/apache/ozone/hdds-container-service/1.3.0-SNAPSHOT/hdds-container-service-1.3.0-SNAPSHOT.jar!/webapps/static,STOPPED}
2022-11-08 11:42:54,973 [ForkJoinPool.commonPool-worker-0] INFO  handler.ContextHandler (ContextHandler.java:doStop(1159)) - Stopped o.e.j.s.ServletContextHandler@7cfc688e{logs,/logs,file:///home/runner/work/ozone/ozone/hadoop-ozone/integration-test/target/log,STOPPED}
2022-11-08 11:42:54,975 [Listener at 127.0.0.1/46561] INFO  ozone.MiniOzoneClusterImpl (MiniOzoneClusterImpl.java:stopSCM(537)) - Stopping the StorageContainerManager
2022-11-08 11:42:54,976 [Listener at 127.0.0.1/46561] INFO  server.StorageContainerManager (StorageContainerManager.java:stop(1545)) - Container Balancer is not running.
2022-11-08 11:42:54,976 [Listener at 127.0.0.1/46561] INFO  server.StorageContainerManager (StorageContainerManager.java:stop(1552)) - Stopping Replication Manager Service.
2022-11-08 11:42:54,976 [Listener at 127.0.0.1/46561] INFO  replication.ReplicationManager (ReplicationManager.java:stop(274)) - Stopping Replication Monitor Thread.
2022-11-08 11:42:54,977 [Under Replicated Processor] WARN  replication.UnderReplicatedProcessor (UnderReplicatedProcessor.java:run(154)) - Under Replicated Processor interrupted. Exiting...
2022-11-08 11:42:54,977 [Listener at 127.0.0.1/46561] INFO  server.StorageContainerManager (StorageContainerManager.java:stop(1559)) - Stopping the Datanode Admin Monitor.
2022-11-08 11:42:54,977 [ReplicationMonitor] INFO  replication.ReplicationManager (ReplicationManager.java:run(580)) - Replication Monitor Thread is stopped
2022-11-08 11:42:54,977 [Listener at 127.0.0.1/46561] INFO  server.StorageContainerManager (StorageContainerManager.java:stop(1566)) - Stopping Lease Manager of the command watchers
2022-11-08 11:42:54,977 [Listener at 127.0.0.1/46561] INFO  server.StorageContainerManager (StorageContainerManager.java:stop(1573)) - Stopping datanode service RPC server
2022-11-08 11:42:54,977 [Listener at 127.0.0.1/46561] INFO  server.SCMDatanodeProtocolServer (SCMDatanodeProtocolServer.java:stop(414)) - Stopping the RPC server for DataNodes
2022-11-08 11:42:54,977 [Listener at 127.0.0.1/46561] INFO  ipc.Server (Server.java:stop(3428)) - Stopping server on 35447
2022-11-08 11:42:54,977 [Over Replicated Processor] WARN  replication.OverReplicatedProcessor (OverReplicatedProcessor.java:run(142)) - Over Replicated Processor interrupted. Exiting...
2022-11-08 11:42:54,979 [IPC Server listener on 0] INFO  ipc.Server (Server.java:run(1384)) - Stopping IPC Server listener on 0
2022-11-08 11:42:54,981 [IPC Server Responder] INFO  ipc.Server (Server.java:run(1517)) - Stopping IPC Server Responder
2022-11-08 11:42:55,520 [SCM Heartbeat Processing Thread - 0] WARN  node.NodeStateManager (NodeStateManager.java:scheduleNextHealthCheck(870)) - Current Thread is interrupted, shutting down HB processing thread for Node Manager.
2022-11-08 11:42:55,520 [Listener at 127.0.0.1/46561] INFO  server.StorageContainerManager (StorageContainerManager.java:stop(1581)) - Stopping block service RPC server
2022-11-08 11:42:55,520 [Listener at 127.0.0.1/46561] INFO  server.SCMBlockProtocolServer (SCMBlockProtocolServer.java:stop(161)) - Stopping the RPC server for Block Protocol
2022-11-08 11:42:55,520 [Listener at 127.0.0.1/46561] INFO  ipc.Server (Server.java:stop(3428)) - Stopping server on 44007
2022-11-08 11:42:55,523 [IPC Server listener on 0] INFO  ipc.Server (Server.java:run(1384)) - Stopping IPC Server listener on 0
2022-11-08 11:42:55,523 [IPC Server Responder] INFO  ipc.Server (Server.java:run(1517)) - Stopping IPC Server Responder
2022-11-08 11:42:55,523 [Listener at 127.0.0.1/46561] INFO  server.StorageContainerManager (StorageContainerManager.java:stop(1588)) - Stopping the StorageContainerLocationProtocol RPC server
2022-11-08 11:42:55,524 [Listener at 127.0.0.1/46561] INFO  server.SCMClientProtocolServer (SCMClientProtocolServer.java:stop(179)) - Stopping the RPC server for Client Protocol
2022-11-08 11:42:55,524 [Listener at 127.0.0.1/46561] INFO  ipc.Server (Server.java:stop(3428)) - Stopping server on 45531
2022-11-08 11:42:55,525 [IPC Server listener on 0] INFO  ipc.Server (Server.java:run(1384)) - Stopping IPC Server listener on 0
2022-11-08 11:42:55,528 [IPC Server Responder] INFO  ipc.Server (Server.java:run(1517)) - Stopping IPC Server Responder
2022-11-08 11:42:55,531 [Listener at 127.0.0.1/46561] INFO  server.StorageContainerManager (StorageContainerManager.java:stop(1595)) - Stopping Storage Container Manager HTTP server.
2022-11-08 11:42:55,532 [Listener at 127.0.0.1/46561] INFO  handler.ContextHandler (ContextHandler.java:doStop(1159)) - Stopped o.e.j.w.WebAppContext@71ee5b54{scm,/,null,STOPPED}{file:/home/runner/work/ozone/ozone/hadoop-ozone/integration-test/target/test-classes/webapps/scm}
2022-11-08 11:42:55,533 [Listener at 127.0.0.1/46561] INFO  server.AbstractConnector (AbstractConnector.java:doStop(383)) - Stopped ServerConnector@161dca1d{HTTP/1.1, (http/1.1)}{0.0.0.0:0}
2022-11-08 11:42:55,533 [Listener at 127.0.0.1/46561] INFO  server.session (HouseKeeper.java:stopScavenging(149)) - node0 Stopped scavenging
2022-11-08 11:42:55,533 [Listener at 127.0.0.1/46561] INFO  handler.ContextHandler (ContextHandler.java:doStop(1159)) - Stopped o.e.j.s.ServletContextHandler@51b1c8b9{static,/static,file:///home/runner/work/ozone/ozone/hadoop-ozone/integration-test/target/test-classes/webapps/static,STOPPED}
2022-11-08 11:42:55,534 [Listener at 127.0.0.1/46561] INFO  handler.ContextHandler (ContextHandler.java:doStop(1159)) - Stopped o.e.j.s.ServletContextHandler@1a2f12a7{logs,/logs,file:///home/runner/work/ozone/ozone/hadoop-ozone/integration-test/target/log,STOPPED}
2022-11-08 11:42:55,535 [Listener at 127.0.0.1/46561] INFO  server.StorageContainerManager (StorageContainerManager.java:stop(1601)) - Stopping SCM LayoutVersionManager Service.
2022-11-08 11:42:55,535 [Listener at 127.0.0.1/46561] INFO  server.StorageContainerManager (StorageContainerManager.java:stop(1609)) - Stopping Block Manager Service.
2022-11-08 11:42:55,535 [Listener at 127.0.0.1/46561] INFO  utils.BackgroundService (BackgroundService.java:shutdown(141)) - Shutting down service SCMBlockDeletingService
2022-11-08 11:42:55,536 [Listener at 127.0.0.1/46561] INFO  utils.BackgroundService (BackgroundService.java:shutdown(141)) - Shutting down service SCMBlockDeletingService
2022-11-08 11:42:55,536 [Listener at 127.0.0.1/46561] INFO  server.StorageContainerManager (StorageContainerManager.java:stop(1636)) - Stopping SCM Event Queue.
2022-11-08 11:42:55,539 [Listener at 127.0.0.1/46561] INFO  server.StorageContainerManager (StorageContainerManager.java:stop(1647)) - Stopping SCM HA services.
2022-11-08 11:42:55,540 [Listener at 127.0.0.1/46561] INFO  pipeline.BackgroundPipelineCreator (BackgroundPipelineCreator.java:stop(149)) - Stopping RatisPipelineUtilsThread.
2022-11-08 11:42:55,540 [RatisPipelineUtilsThread - 0] WARN  pipeline.BackgroundPipelineCreator (BackgroundPipelineCreator.java:run(180)) - RatisPipelineUtilsThread is interrupted.
2022-11-08 11:42:55,540 [BackgroundPipelineScrubberThread] WARN  BackgroundPipelineScrubber (BackgroundSCMService.java:run(115)) - BackgroundPipelineScrubber is interrupted, exit
2022-11-08 11:42:55,540 [Listener at 127.0.0.1/46561] INFO  BackgroundPipelineScrubber (BackgroundSCMService.java:stop(131)) - Stopping BackgroundPipelineScrubber Service.
2022-11-08 11:42:55,541 [Listener at 127.0.0.1/46561] INFO  impl.MetricsSystemImpl (MetricsSystemImpl.java:stop(210)) - Stopping HddsDatanode metrics system...
2022-11-08 11:42:55,547 [prometheus] INFO  impl.MetricsSinkAdapter (MetricsSinkAdapter.java:publishMetricsFromQueue(141)) - prometheus thread interrupted.
2022-11-08 11:42:55,547 [Listener at 127.0.0.1/46561] INFO  impl.MetricsSystemImpl (MetricsSystemImpl.java:stop(216)) - HddsDatanode metrics system stopped.
2022-11-08 11:42:55,547 [Listener at 127.0.0.1/46561] WARN  pipeline.BackgroundPipelineCreator (BackgroundPipelineCreator.java:stop(145)) - RatisPipelineUtilsThread is not running, just ignore.
2022-11-08 11:42:55,547 [Listener at 127.0.0.1/46561] INFO  BackgroundPipelineScrubber (BackgroundSCMService.java:stop(126)) - BackgroundPipelineScrubber Service is not running, skip stop.
2022-11-08 11:42:55,547 [Listener at 127.0.0.1/46561] INFO  ExpiredContainerReplicaOpScrubber (BackgroundSCMService.java:stop(131)) - Stopping ExpiredContainerReplicaOpScrubber Service.
2022-11-08 11:42:55,547 [ExpiredContainerReplicaOpScrubberThread] WARN  ExpiredContainerReplicaOpScrubber (BackgroundSCMService.java:run(115)) - ExpiredContainerReplicaOpScrubber is interrupted, exit
2022-11-08 11:42:55,548 [Listener at 127.0.0.1/46561] INFO  utils.BackgroundService (BackgroundService.java:shutdown(141)) - Shutting down service SCMBlockDeletingService
2022-11-08 11:42:55,548 [Listener at 127.0.0.1/46561] INFO  replication.ReplicationManager (ReplicationManager.java:stop(282)) - Replication Monitor Thread is not running.
2022-11-08 11:42:55,548 [Listener at 127.0.0.1/46561] WARN  balancer.ContainerBalancer (ContainerBalancer.java:stop(322)) - Cannot stop Container Balancer because it's not running or stopping
2022-11-08 11:42:55,548 [Listener at 127.0.0.1/46561] INFO  server.StorageContainerManager (StorageContainerManager.java:stop(1665)) - Stopping SCM MetadataStore.
]]></system-out>
  </testcase>
</testsuite>