<?xml version="1.0" encoding="UTF-8"?>
<testsuite xmlns:xsi="http://www.w3.org/2001/XMLSchema-instance" xsi:noNamespaceSchemaLocation="https://maven.apache.org/surefire/maven-surefire-plugin/xsd/surefire-test-report.xsd" name="org.apache.hadoop.ozone.client.rpc.TestWatchForCommit" time="196.766" tests="4" errors="1" skipped="0" failures="0">
  <properties>
    <property name="awt.toolkit" value="sun.awt.X11.XToolkit"/>
    <property name="file.encoding.pkg" value="sun.io"/>
    <property name="java.specification.version" value="1.8"/>
    <property name="sun.cpu.isalist" value=""/>
    <property name="sun.jnu.encoding" value="ANSI_X3.4-1968"/>
    <property name="java.class.path" value="/github/workspace/mnt/ozone/hadoop-ozone/integration-test/target/test-classes:/github/workspace/mnt/ozone/hadoop-ozone/integration-test/target/classes:/home/user/.m2/repository/org/apache/hadoop/hadoop-ozone-common/0.6.0-SNAPSHOT/hadoop-ozone-common-0.6.0-SNAPSHOT.jar:/home/user/.m2/repository/org/apache/commons/commons-compress/1.4.1/commons-compress-1.4.1.jar:/home/user/.m2/repository/org/tukaani/xz/1.0/xz-1.0.jar:/home/user/.m2/repository/org/apache/hadoop/hadoop-hdds-common/0.6.0-SNAPSHOT/hadoop-hdds-common-0.6.0-SNAPSHOT.jar:/home/user/.m2/repository/org/apache/hadoop/hadoop-hdds-hadoop-dependency-client/0.6.0-SNAPSHOT/hadoop-hdds-hadoop-dependency-client-0.6.0-SNAPSHOT.jar:/home/user/.m2/repository/info/picocli/picocli/3.9.6/picocli-3.9.6.jar:/home/user/.m2/repository/com/fasterxml/jackson/core/jackson-annotations/2.10.3/jackson-annotations-2.10.3.jar:/home/user/.m2/repository/javax/annotation/javax.annotation-api/1.2/javax.annotation-api-1.2.jar:/home/user/.m2/repository/org/apache/ratis/ratis-server/1.0.0/ratis-server-1.0.0.jar:/home/user/.m2/repository/org/apache/ratis/ratis-client/1.0.0/ratis-client-1.0.0.jar:/home/user/.m2/repository/org/apache/ratis/ratis-metrics/1.0.0/ratis-metrics-1.0.0.jar:/home/user/.m2/repository/org/apache/ratis/ratis-netty/1.0.0/ratis-netty-1.0.0.jar:/home/user/.m2/repository/org/apache/ratis/ratis-grpc/1.0.0/ratis-grpc-1.0.0.jar:/home/user/.m2/repository/org/apache/logging/log4j/log4j-api/2.11.0/log4j-api-2.11.0.jar:/home/user/.m2/repository/org/apache/logging/log4j/log4j-core/2.11.0/log4j-core-2.11.0.jar:/home/user/.m2/repository/com/lmax/disruptor/3.4.2/disruptor-3.4.2.jar:/home/user/.m2/repository/org/apache/commons/commons-pool2/2.6.0/commons-pool2-2.6.0.jar:/home/user/.m2/repository/org/bouncycastle/bcpkix-jdk15on/1.60/bcpkix-jdk15on-1.60.jar:/home/user/.m2/repository/commons-validator/commons-validator/1.6/commons-validator-1.6.jar:/home/user/.m2/repository/commons-digester/commons-digester/1.8.1/commons-digester-1.8.1.jar:/home/user/.m2/repository/io/jaegertracing/jaeger-client/1.2.0/jaeger-client-1.2.0.jar:/home/user/.m2/repository/io/jaegertracing/jaeger-thrift/1.2.0/jaeger-thrift-1.2.0.jar:/home/user/.m2/repository/org/apache/thrift/libthrift/0.13.0/libthrift-0.13.0.jar:/home/user/.m2/repository/com/squareup/okhttp3/okhttp/4.2.2/okhttp-4.2.2.jar:/home/user/.m2/repository/com/squareup/okio/okio/2.2.2/okio-2.2.2.jar:/home/user/.m2/repository/org/jetbrains/kotlin/kotlin-stdlib/1.3.50/kotlin-stdlib-1.3.50.jar:/home/user/.m2/repository/org/jetbrains/kotlin/kotlin-stdlib-common/1.3.50/kotlin-stdlib-common-1.3.50.jar:/home/user/.m2/repository/org/jetbrains/annotations/13.0/annotations-13.0.jar:/home/user/.m2/repository/io/jaegertracing/jaeger-core/1.2.0/jaeger-core-1.2.0.jar:/home/user/.m2/repository/io/jaegertracing/jaeger-tracerresolver/1.2.0/jaeger-tracerresolver-1.2.0.jar:/home/user/.m2/repository/io/opentracing/contrib/opentracing-tracerresolver/0.1.8/opentracing-tracerresolver-0.1.8.jar:/home/user/.m2/repository/io/opentracing/opentracing-util/0.33.0/opentracing-util-0.33.0.jar:/home/user/.m2/repository/io/opentracing/opentracing-api/0.33.0/opentracing-api-0.33.0.jar:/home/user/.m2/repository/io/opentracing/opentracing-noop/0.33.0/opentracing-noop-0.33.0.jar:/home/user/.m2/repository/org/apache/hadoop/hadoop-hdds-client/0.6.0-SNAPSHOT/hadoop-hdds-client-0.6.0-SNAPSHOT.jar:/home/user/.m2/repository/org/apache/hadoop/hadoop-ozone-interface-client/0.6.0-SNAPSHOT/hadoop-ozone-interface-client-0.6.0-SNAPSHOT.jar:/home/user/.m2/repository/org/apache/hadoop/hadoop-hdds-test-utils/0.6.0-SNAPSHOT/hadoop-hdds-test-utils-0.6.0-SNAPSHOT.jar:/home/user/.m2/repository/com/google/guava/guava/28.2-jre/guava-28.2-jre.jar:/home/user/.m2/repository/com/google/guava/failureaccess/1.0.1/failureaccess-1.0.1.jar:/home/user/.m2/repository/com/google/guava/listenablefuture/9999.0-empty-to-avoid-conflict-with-guava/listenablefuture-9999.0-empty-to-avoid-conflict-with-guava.jar:/home/user/.m2/repository/com/google/code/findbugs/jsr305/3.0.0/jsr305-3.0.0.jar:/home/user/.m2/repository/org/checkerframework/checker-qual/2.10.0/checker-qual-2.10.0.jar:/home/user/.m2/repository/com/google/errorprone/error_prone_annotations/2.2.0/error_prone_annotations-2.2.0.jar:/home/user/.m2/repository/com/google/j2objc/j2objc-annotations/1.3/j2objc-annotations-1.3.jar:/home/user/.m2/repository/commons-io/commons-io/2.5/commons-io-2.5.jar:/home/user/.m2/repository/commons-logging/commons-logging/1.2/commons-logging-1.2.jar:/home/user/.m2/repository/log4j/log4j/1.2.17/log4j-1.2.17.jar:/home/user/.m2/repository/org/slf4j/slf4j-api/1.7.25/slf4j-api-1.7.25.jar:/home/user/.m2/repository/org/apache/hadoop/hadoop-hdds-server-scm/0.6.0-SNAPSHOT/hadoop-hdds-server-scm-0.6.0-SNAPSHOT.jar:/home/user/.m2/repository/org/apache/hadoop/hadoop-hdds-container-service/0.6.0-SNAPSHOT/hadoop-hdds-container-service-0.6.0-SNAPSHOT.jar:/home/user/.m2/repository/org/apache/hadoop/hadoop-hdds-hadoop-dependency-server/0.6.0-SNAPSHOT/hadoop-hdds-hadoop-dependency-server-0.6.0-SNAPSHOT.jar:/home/user/.m2/repository/org/apache/hadoop/hadoop-hdds-server-framework/0.6.0-SNAPSHOT/hadoop-hdds-server-framework-0.6.0-SNAPSHOT.jar:/home/user/.m2/repository/org/apache/hadoop/hadoop-hdds-interface-server/0.6.0-SNAPSHOT/hadoop-hdds-interface-server-0.6.0-SNAPSHOT.jar:/home/user/.m2/repository/org/apache/hadoop/hadoop-hdds-interface-admin/0.6.0-SNAPSHOT/hadoop-hdds-interface-admin-0.6.0-SNAPSHOT.jar:/home/user/.m2/repository/org/rocksdb/rocksdbjni/6.8.1/rocksdbjni-6.8.1.jar:/home/user/.m2/repository/io/prometheus/simpleclient_dropwizard/0.7.0/simpleclient_dropwizard-0.7.0.jar:/home/user/.m2/repository/io/prometheus/simpleclient/0.7.0/simpleclient-0.7.0.jar:/home/user/.m2/repository/io/prometheus/simpleclient_common/0.7.0/simpleclient_common-0.7.0.jar:/home/user/.m2/repository/com/fasterxml/jackson/datatype/jackson-datatype-jsr310/2.10.3/jackson-datatype-jsr310-2.10.3.jar:/home/user/.m2/repository/org/apache/hadoop/hadoop-hdds-docs/0.6.0-SNAPSHOT/hadoop-hdds-docs-0.6.0-SNAPSHOT.jar:/home/user/.m2/repository/io/dropwizard/metrics/metrics-core/3.2.4/metrics-core-3.2.4.jar:/home/user/.m2/repository/org/apache/hadoop/hadoop-hdfs-client/3.2.1/hadoop-hdfs-client-3.2.1.jar:/home/user/.m2/repository/org/bouncycastle/bcprov-jdk15on/1.60/bcprov-jdk15on-1.60.jar:/home/user/.m2/repository/org/apache/hadoop/hadoop-ozone-ozone-manager/0.6.0-SNAPSHOT/hadoop-ozone-ozone-manager-0.6.0-SNAPSHOT.jar:/home/user/.m2/repository/org/apache/hadoop/hadoop-hdds-interface-client/0.6.0-SNAPSHOT/hadoop-hdds-interface-client-0.6.0-SNAPSHOT.jar:/home/user/.m2/repository/org/apache/ratis/ratis-thirdparty-misc/0.4.0/ratis-thirdparty-misc-0.4.0.jar:/home/user/.m2/repository/org/apache/hadoop/hadoop-minikdc/3.2.1/hadoop-minikdc-3.2.1.jar:/home/user/.m2/repository/org/apache/kerby/kerb-simplekdc/1.0.1/kerb-simplekdc-1.0.1.jar:/home/user/.m2/repository/org/apache/kerby/kerb-client/1.0.1/kerb-client-1.0.1.jar:/home/user/.m2/repository/org/apache/kerby/kerby-config/1.0.1/kerby-config-1.0.1.jar:/home/user/.m2/repository/org/apache/kerby/kerb-core/1.0.1/kerb-core-1.0.1.jar:/home/user/.m2/repository/org/apache/kerby/kerby-pkix/1.0.1/kerby-pkix-1.0.1.jar:/home/user/.m2/repository/org/apache/kerby/kerby-asn1/1.0.1/kerby-asn1-1.0.1.jar:/home/user/.m2/repository/org/apache/kerby/kerby-util/1.0.1/kerby-util-1.0.1.jar:/home/user/.m2/repository/org/apache/kerby/kerb-common/1.0.1/kerb-common-1.0.1.jar:/home/user/.m2/repository/org/apache/kerby/kerb-crypto/1.0.1/kerb-crypto-1.0.1.jar:/home/user/.m2/repository/org/apache/kerby/kerb-util/1.0.1/kerb-util-1.0.1.jar:/home/user/.m2/repository/org/apache/kerby/token-provider/1.0.1/token-provider-1.0.1.jar:/home/user/.m2/repository/org/apache/kerby/kerb-admin/1.0.1/kerb-admin-1.0.1.jar:/home/user/.m2/repository/org/apache/kerby/kerb-server/1.0.1/kerb-server-1.0.1.jar:/home/user/.m2/repository/org/apache/kerby/kerb-identity/1.0.1/kerb-identity-1.0.1.jar:/home/user/.m2/repository/org/apache/kerby/kerby-xdr/1.0.1/kerby-xdr-1.0.1.jar:/home/user/.m2/repository/org/slf4j/slf4j-log4j12/1.7.25/slf4j-log4j12-1.7.25.jar:/home/user/.m2/repository/org/apache/hadoop/hadoop-ozone-s3gateway/0.6.0-SNAPSHOT/hadoop-ozone-s3gateway-0.6.0-SNAPSHOT.jar:/home/user/.m2/repository/org/jboss/weld/servlet/weld-servlet/2.4.7.Final/weld-servlet-2.4.7.Final.jar:/home/user/.m2/repository/org/glassfish/jersey/containers/jersey-container-servlet-core/2.27/jersey-container-servlet-core-2.27.jar:/home/user/.m2/repository/org/glassfish/hk2/external/javax.inject/2.5.0-b42/javax.inject-2.5.0-b42.jar:/home/user/.m2/repository/org/glassfish/jersey/core/jersey-common/2.27/jersey-common-2.27.jar:/home/user/.m2/repository/org/glassfish/hk2/osgi-resource-locator/1.0.1/osgi-resource-locator-1.0.1.jar:/home/user/.m2/repository/javax/ws/rs/javax.ws.rs-api/2.1/javax.ws.rs-api-2.1.jar:/home/user/.m2/repository/org/glassfish/jersey/ext/cdi/jersey-cdi1x/2.27/jersey-cdi1x-2.27.jar:/home/user/.m2/repository/org/glassfish/jersey/inject/jersey-hk2/2.27/jersey-hk2-2.27.jar:/home/user/.m2/repository/org/glassfish/hk2/hk2-locator/2.5.0-b42/hk2-locator-2.5.0-b42.jar:/home/user/.m2/repository/org/javassist/javassist/3.22.0-CR2/javassist-3.22.0-CR2.jar:/home/user/.m2/repository/org/glassfish/hk2/hk2-api/2.5.0/hk2-api-2.5.0.jar:/home/user/.m2/repository/org/glassfish/hk2/external/jakarta.inject/2.5.0/jakarta.inject-2.5.0.jar:/home/user/.m2/repository/org/glassfish/hk2/hk2-utils/2.5.0/hk2-utils-2.5.0.jar:/home/user/.m2/repository/jakarta/annotation/jakarta.annotation-api/1.3.4/jakarta.annotation-api-1.3.4.jar:/home/user/.m2/repository/org/glassfish/hk2/external/aopalliance-repackaged/2.5.0/aopalliance-repackaged-2.5.0.jar:/home/user/.m2/repository/com/fasterxml/jackson/dataformat/jackson-dataformat-xml/2.10.3/jackson-dataformat-xml-2.10.3.jar:/home/user/.m2/repository/com/fasterxml/jackson/core/jackson-core/2.10.3/jackson-core-2.10.3.jar:/home/user/.m2/repository/com/fasterxml/jackson/module/jackson-module-jaxb-annotations/2.10.3/jackson-module-jaxb-annotations-2.10.3.jar:/home/user/.m2/repository/jakarta/xml/bind/jakarta.xml.bind-api/2.3.2/jakarta.xml.bind-api-2.3.2.jar:/home/user/.m2/repository/jakarta/activation/jakarta.activation-api/1.2.1/jakarta.activation-api-1.2.1.jar:/home/user/.m2/repository/org/codehaus/woodstox/stax2-api/3.1.4/stax2-api-3.1.4.jar:/home/user/.m2/repository/com/fasterxml/woodstox/woodstox-core/5.0.3/woodstox-core-5.0.3.jar:/home/user/.m2/repository/javax/enterprise/cdi-api/1.2/cdi-api-1.2.jar:/home/user/.m2/repository/javax/el/javax.el-api/3.0.0/javax.el-api-3.0.0.jar:/home/user/.m2/repository/javax/interceptor/javax.interceptor-api/1.2/javax.interceptor-api-1.2.jar:/home/user/.m2/repository/javax/inject/javax.inject/1/javax.inject-1.jar:/home/user/.m2/repository/com/sun/xml/bind/jaxb-impl/2.3.0.1/jaxb-impl-2.3.0.1.jar:/home/user/.m2/repository/com/sun/xml/bind/jaxb-core/2.3.0.1/jaxb-core-2.3.0.1.jar:/home/user/.m2/repository/javax/xml/bind/jaxb-api/2.3.0/jaxb-api-2.3.0.jar:/home/user/.m2/repository/javax/activation/activation/1.1.1/activation-1.1.1.jar:/home/user/.m2/repository/org/apache/hadoop/hadoop-ozone-csi/0.6.0-SNAPSHOT/hadoop-ozone-csi-0.6.0-SNAPSHOT.jar:/home/user/.m2/repository/com/google/protobuf/protobuf-java-util/3.11.0/protobuf-java-util-3.11.0.jar:/home/user/.m2/repository/com/google/code/gson/gson/2.2.4/gson-2.2.4.jar:/home/user/.m2/repository/org/apache/hadoop/hadoop-hdds-config/0.6.0-SNAPSHOT/hadoop-hdds-config-0.6.0-SNAPSHOT.jar:/home/user/.m2/repository/com/google/protobuf/protobuf-java/2.5.0/protobuf-java-2.5.0.jar:/home/user/.m2/repository/io/grpc/grpc-netty/1.29.0/grpc-netty-1.29.0.jar:/home/user/.m2/repository/io/grpc/grpc-core/1.29.0/grpc-core-1.29.0.jar:/home/user/.m2/repository/com/google/android/annotations/4.1.1.4/annotations-4.1.1.4.jar:/home/user/.m2/repository/io/perfmark/perfmark-api/0.19.0/perfmark-api-0.19.0.jar:/home/user/.m2/repository/io/netty/netty-codec-http2/4.1.48.Final/netty-codec-http2-4.1.48.Final.jar:/home/user/.m2/repository/io/netty/netty-codec/4.1.48.Final/netty-codec-4.1.48.Final.jar:/home/user/.m2/repository/io/netty/netty-handler/4.1.48.Final/netty-handler-4.1.48.Final.jar:/home/user/.m2/repository/io/netty/netty-codec-http/4.1.48.Final/netty-codec-http-4.1.48.Final.jar:/home/user/.m2/repository/io/netty/netty-handler-proxy/4.1.48.Final/netty-handler-proxy-4.1.48.Final.jar:/home/user/.m2/repository/io/netty/netty-codec-socks/4.1.48.Final/netty-codec-socks-4.1.48.Final.jar:/home/user/.m2/repository/io/netty/netty-transport-native-epoll/4.1.48.Final/netty-transport-native-epoll-4.1.48.Final.jar:/home/user/.m2/repository/io/netty/netty-common/4.1.48.Final/netty-common-4.1.48.Final.jar:/home/user/.m2/repository/io/netty/netty-buffer/4.1.48.Final/netty-buffer-4.1.48.Final.jar:/home/user/.m2/repository/io/netty/netty-transport/4.1.48.Final/netty-transport-4.1.48.Final.jar:/home/user/.m2/repository/io/netty/netty-resolver/4.1.48.Final/netty-resolver-4.1.48.Final.jar:/home/user/.m2/repository/io/netty/netty-transport-native-unix-common/4.1.48.Final/netty-transport-native-unix-common-4.1.48.Final.jar:/home/user/.m2/repository/io/grpc/grpc-protobuf/1.29.0/grpc-protobuf-1.29.0.jar:/home/user/.m2/repository/io/grpc/grpc-api/1.29.0/grpc-api-1.29.0.jar:/home/user/.m2/repository/io/grpc/grpc-context/1.29.0/grpc-context-1.29.0.jar:/home/user/.m2/repository/org/codehaus/mojo/animal-sniffer-annotations/1.18/animal-sniffer-annotations-1.18.jar:/home/user/.m2/repository/com/google/api/grpc/proto-google-common-protos/1.17.0/proto-google-common-protos-1.17.0.jar:/home/user/.m2/repository/io/grpc/grpc-protobuf-lite/1.29.0/grpc-protobuf-lite-1.29.0.jar:/home/user/.m2/repository/io/grpc/grpc-stub/1.29.0/grpc-stub-1.29.0.jar:/home/user/.m2/repository/org/apache/hadoop/hadoop-ozone-recon/0.6.0-SNAPSHOT/hadoop-ozone-recon-0.6.0-SNAPSHOT.jar:/home/user/.m2/repository/org/apache/hadoop/hadoop-ozone-reconcodegen/0.6.0-SNAPSHOT/hadoop-ozone-reconcodegen-0.6.0-SNAPSHOT.jar:/home/user/.m2/repository/com/google/inject/extensions/guice-multibindings/4.0/guice-multibindings-4.0.jar:/home/user/.m2/repository/com/google/inject/guice/4.0/guice-4.0.jar:/home/user/.m2/repository/aopalliance/aopalliance/1.0/aopalliance-1.0.jar:/home/user/.m2/repository/com/google/inject/extensions/guice-assistedinject/4.0/guice-assistedinject-4.0.jar:/home/user/.m2/repository/com/google/inject/extensions/guice-servlet/4.0/guice-servlet-4.0.jar:/home/user/.m2/repository/org/glassfish/jersey/containers/jersey-container-servlet/2.27/jersey-container-servlet-2.27.jar:/home/user/.m2/repository/org/glassfish/hk2/guice-bridge/2.5.0/guice-bridge-2.5.0.jar:/home/user/.m2/repository/org/glassfish/jersey/core/jersey-server/2.27/jersey-server-2.27.jar:/home/user/.m2/repository/org/glassfish/jersey/core/jersey-client/2.27/jersey-client-2.27.jar:/home/user/.m2/repository/org/glassfish/jersey/media/jersey-media-jaxb/2.27/jersey-media-jaxb-2.27.jar:/home/user/.m2/repository/javax/validation/validation-api/1.1.0.Final/validation-api-1.1.0.Final.jar:/home/user/.m2/repository/org/glassfish/jersey/media/jersey-media-json-jackson/2.27/jersey-media-json-jackson-2.27.jar:/home/user/.m2/repository/org/glassfish/jersey/ext/jersey-entity-filtering/2.27/jersey-entity-filtering-2.27.jar:/home/user/.m2/repository/org/jooq/jooq/3.11.10/jooq-3.11.10.jar:/home/user/.m2/repository/org/jooq/jooq-meta/3.11.10/jooq-meta-3.11.10.jar:/home/user/.m2/repository/org/jooq/jooq-codegen/3.11.10/jooq-codegen-3.11.10.jar:/home/user/.m2/repository/com/jolbox/bonecp/0.8.0.RELEASE/bonecp-0.8.0.RELEASE.jar:/home/user/.m2/repository/org/apache/derby/derby/10.14.2.0/derby-10.14.2.0.jar:/home/user/.m2/repository/org/xerial/sqlite-jdbc/3.25.2/sqlite-jdbc-3.25.2.jar:/home/user/.m2/repository/org/springframework/spring-jdbc/5.2.5.RELEASE/spring-jdbc-5.2.5.RELEASE.jar:/home/user/.m2/repository/org/springframework/spring-beans/5.2.5.RELEASE/spring-beans-5.2.5.RELEASE.jar:/home/user/.m2/repository/org/springframework/spring-core/5.2.5.RELEASE/spring-core-5.2.5.RELEASE.jar:/home/user/.m2/repository/org/springframework/spring-jcl/5.2.5.RELEASE/spring-jcl-5.2.5.RELEASE.jar:/home/user/.m2/repository/org/springframework/spring-tx/5.2.5.RELEASE/spring-tx-5.2.5.RELEASE.jar:/home/user/.m2/repository/org/apache/hadoop/hadoop-ozone-client/0.6.0-SNAPSHOT/hadoop-ozone-client-0.6.0-SNAPSHOT.jar:/home/user/.m2/repository/org/apache/hadoop/hadoop-ozone-filesystem/0.6.0-SNAPSHOT/hadoop-ozone-filesystem-0.6.0-SNAPSHOT.jar:/home/user/.m2/repository/org/apache/hadoop/hadoop-ozone-filesystem-common/0.6.0-SNAPSHOT/hadoop-ozone-filesystem-common-0.6.0-SNAPSHOT.jar:/home/user/.m2/repository/org/apache/hadoop/hadoop-ozone-tools/0.6.0-SNAPSHOT/hadoop-ozone-tools-0.6.0-SNAPSHOT.jar:/home/user/.m2/repository/org/apache/hadoop/hadoop-hdfs/3.2.1/hadoop-hdfs-3.2.1.jar:/home/user/.m2/repository/org/apache/ratis/ratis-tools/1.0.0/ratis-tools-1.0.0.jar:/home/user/.m2/repository/org/apache/ratis/ratis-proto/1.0.0/ratis-proto-1.0.0.jar:/home/user/.m2/repository/org/apache/ratis/ratis-common/1.0.0/ratis-common-1.0.0.jar:/home/user/.m2/repository/com/amazonaws/aws-java-sdk-core/1.11.615/aws-java-sdk-core-1.11.615.jar:/home/user/.m2/repository/org/apache/httpcomponents/httpclient/4.5.2/httpclient-4.5.2.jar:/home/user/.m2/repository/org/apache/httpcomponents/httpcore/4.4.4/httpcore-4.4.4.jar:/home/user/.m2/repository/software/amazon/ion/ion-java/1.0.2/ion-java-1.0.2.jar:/home/user/.m2/repository/com/fasterxml/jackson/dataformat/jackson-dataformat-cbor/2.10.3/jackson-dataformat-cbor-2.10.3.jar:/home/user/.m2/repository/joda-time/joda-time/2.8.1/joda-time-2.8.1.jar:/home/user/.m2/repository/com/amazonaws/aws-java-sdk-s3/1.11.615/aws-java-sdk-s3-1.11.615.jar:/home/user/.m2/repository/com/amazonaws/aws-java-sdk-kms/1.11.615/aws-java-sdk-kms-1.11.615.jar:/home/user/.m2/repository/com/amazonaws/jmespath-java/1.11.615/jmespath-java-1.11.615.jar:/home/user/.m2/repository/org/apache/hadoop/hadoop-hdds-tools/0.6.0-SNAPSHOT/hadoop-hdds-tools-0.6.0-SNAPSHOT.jar:/home/user/.m2/repository/commons-cli/commons-cli/1.2/commons-cli-1.2.jar:/home/user/.m2/repository/org/apache/commons/commons-lang3/3.7/commons-lang3-3.7.jar:/home/user/.m2/repository/org/apache/hadoop/hadoop-ozone-ozone-manager/0.6.0-SNAPSHOT/hadoop-ozone-ozone-manager-0.6.0-SNAPSHOT-tests.jar:/home/user/.m2/repository/junit/junit/4.11/junit-4.11.jar:/home/user/.m2/repository/org/hamcrest/hamcrest-core/1.3/hamcrest-core-1.3.jar:/home/user/.m2/repository/org/openjdk/jmh/jmh-core/1.19/jmh-core-1.19.jar:/home/user/.m2/repository/net/sf/jopt-simple/jopt-simple/4.6/jopt-simple-4.6.jar:/home/user/.m2/repository/org/apache/commons/commons-math3/3.1.1/commons-math3-3.1.1.jar:/home/user/.m2/repository/org/openjdk/jmh/jmh-generator-annprocess/1.19/jmh-generator-annprocess-1.19.jar:/home/user/.m2/repository/org/mockito/mockito-all/1.8.5/mockito-all-1.8.5.jar:/home/user/.m2/repository/org/apache/hadoop/hadoop-kms/3.2.1/hadoop-kms-3.2.1.jar:/home/user/.m2/repository/org/apache/hadoop/hadoop-auth/3.2.1/hadoop-auth-3.2.1.jar:/home/user/.m2/repository/com/nimbusds/nimbus-jose-jwt/7.9/nimbus-jose-jwt-7.9.jar:/home/user/.m2/repository/com/github/stephenc/jcip/jcip-annotations/1.0-1/jcip-annotations-1.0-1.jar:/home/user/.m2/repository/net/minidev/json-smart/2.3/json-smart-2.3.jar:/home/user/.m2/repository/net/minidev/accessors-smart/1.2/accessors-smart-1.2.jar:/home/user/.m2/repository/org/ow2/asm/asm/5.0.4/asm-5.0.4.jar:/home/user/.m2/repository/org/apache/zookeeper/zookeeper/3.4.13/zookeeper-3.4.13.jar:/home/user/.m2/repository/org/apache/yetus/audience-annotations/0.5.0/audience-annotations-0.5.0.jar:/home/user/.m2/repository/org/apache/curator/curator-framework/2.13.0/curator-framework-2.13.0.jar:/home/user/.m2/repository/com/sun/jersey/jersey-core/1.19/jersey-core-1.19.jar:/home/user/.m2/repository/javax/ws/rs/jsr311-api/1.1.1/jsr311-api-1.1.1.jar:/home/user/.m2/repository/com/sun/jersey/jersey-server/1.19/jersey-server-1.19.jar:/home/user/.m2/repository/javax/servlet/javax.servlet-api/3.1.0/javax.servlet-api-3.1.0.jar:/home/user/.m2/repository/org/eclipse/jetty/jetty-server/9.4.26.v20200117/jetty-server-9.4.26.v20200117.jar:/home/user/.m2/repository/org/eclipse/jetty/jetty-http/9.4.26.v20200117/jetty-http-9.4.26.v20200117.jar:/home/user/.m2/repository/org/eclipse/jetty/jetty-io/9.4.26.v20200117/jetty-io-9.4.26.v20200117.jar:/home/user/.m2/repository/org/eclipse/jetty/jetty-webapp/9.4.26.v20200117/jetty-webapp-9.4.26.v20200117.jar:/home/user/.m2/repository/org/eclipse/jetty/jetty-xml/9.4.26.v20200117/jetty-xml-9.4.26.v20200117.jar:/home/user/.m2/repository/org/eclipse/jetty/jetty-servlet/9.4.26.v20200117/jetty-servlet-9.4.26.v20200117.jar:/home/user/.m2/repository/org/eclipse/jetty/jetty-security/9.4.26.v20200117/jetty-security-9.4.26.v20200117.jar:/home/user/.m2/repository/org/apache/hadoop/hadoop-common/3.2.1/hadoop-common-3.2.1.jar:/home/user/.m2/repository/commons-net/commons-net/3.6/commons-net-3.6.jar:/home/user/.m2/repository/commons-collections/commons-collections/3.2.2/commons-collections-3.2.2.jar:/home/user/.m2/repository/com/sun/jersey/jersey-servlet/1.19/jersey-servlet-1.19.jar:/home/user/.m2/repository/com/sun/jersey/jersey-json/1.19/jersey-json-1.19.jar:/home/user/.m2/repository/org/codehaus/jettison/jettison/1.1/jettison-1.1.jar:/home/user/.m2/repository/org/codehaus/jackson/jackson-jaxrs/1.9.2/jackson-jaxrs-1.9.2.jar:/home/user/.m2/repository/org/codehaus/jackson/jackson-xc/1.9.2/jackson-xc-1.9.2.jar:/home/user/.m2/repository/commons-beanutils/commons-beanutils/1.9.4/commons-beanutils-1.9.4.jar:/home/user/.m2/repository/org/apache/commons/commons-configuration2/2.1.1/commons-configuration2-2.1.1.jar:/home/user/.m2/repository/org/apache/commons/commons-text/1.4/commons-text-1.4.jar:/home/user/.m2/repository/com/google/re2j/re2j/1.1/re2j-1.1.jar:/home/user/.m2/repository/com/jcraft/jsch/0.1.54/jsch-0.1.54.jar:/home/user/.m2/repository/org/apache/curator/curator-client/2.13.0/curator-client-2.13.0.jar:/home/user/.m2/repository/org/apache/curator/curator-recipes/2.13.0/curator-recipes-2.13.0.jar:/home/user/.m2/repository/dnsjava/dnsjava/2.1.7/dnsjava-2.1.7.jar:/home/user/.m2/repository/org/slf4j/jul-to-slf4j/1.7.25/jul-to-slf4j-1.7.25.jar:/home/user/.m2/repository/org/eclipse/jetty/jetty-util/9.4.26.v20200117/jetty-util-9.4.26.v20200117.jar:/home/user/.m2/repository/com/fasterxml/jackson/core/jackson-databind/2.10.3/jackson-databind-2.10.3.jar:/home/user/.m2/repository/org/apache/hadoop/hadoop-kms/3.2.1/hadoop-kms-3.2.1-tests.jar:/home/user/.m2/repository/org/apache/hadoop/hadoop-hdds-server-scm/0.6.0-SNAPSHOT/hadoop-hdds-server-scm-0.6.0-SNAPSHOT-tests.jar:/home/user/.m2/repository/org/apache/hadoop/hadoop-hdds-container-service/0.6.0-SNAPSHOT/hadoop-hdds-container-service-0.6.0-SNAPSHOT-tests.jar:/home/user/.m2/repository/org/apache/hadoop/hadoop-hdds-common/0.6.0-SNAPSHOT/hadoop-hdds-common-0.6.0-SNAPSHOT-tests.jar:/home/user/.m2/repository/org/yaml/snakeyaml/1.16/snakeyaml-1.16.jar:/home/user/.m2/repository/org/apache/hadoop/hadoop-hdds-hadoop-dependency-test/0.6.0-SNAPSHOT/hadoop-hdds-hadoop-dependency-test-0.6.0-SNAPSHOT.jar:/home/user/.m2/repository/org/apache/hadoop/hadoop-common/3.2.1/hadoop-common-3.2.1-tests.jar:/home/user/.m2/repository/javax/servlet/jsp/jsp-api/2.1/jsp-api-2.1.jar:/home/user/.m2/repository/org/apache/hadoop/hadoop-hdfs/3.2.1/hadoop-hdfs-3.2.1-tests.jar:/home/user/.m2/repository/org/eclipse/jetty/jetty-util-ajax/9.4.26.v20200117/jetty-util-ajax-9.4.26.v20200117.jar:/home/user/.m2/repository/commons-codec/commons-codec/1.11/commons-codec-1.11.jar:/home/user/.m2/repository/commons-daemon/commons-daemon/1.0.13/commons-daemon-1.0.13.jar:/home/user/.m2/repository/io/netty/netty/3.10.5.Final/netty-3.10.5.Final.jar:/home/user/.m2/repository/io/netty/netty-all/4.1.48.Final/netty-all-4.1.48.Final.jar:/home/user/.m2/repository/org/apache/htrace/htrace-core4/4.1.0-incubating/htrace-core4-4.1.0-incubating.jar:/home/user/.m2/repository/org/fusesource/leveldbjni/leveldbjni-all/1.8/leveldbjni-all-1.8.jar:/home/user/.m2/repository/org/apache/hadoop/hadoop-distcp/3.2.1/hadoop-distcp-3.2.1.jar:/home/user/.m2/repository/org/apache/hadoop/hadoop-mapreduce-client-jobclient/3.2.1/hadoop-mapreduce-client-jobclient-3.2.1.jar:/home/user/.m2/repository/org/apache/hadoop/hadoop-mapreduce-client-common/3.2.1/hadoop-mapreduce-client-common-3.2.1.jar:/home/user/.m2/repository/org/apache/hadoop/hadoop-yarn-common/3.2.1/hadoop-yarn-common-3.2.1.jar:/home/user/.m2/repository/org/apache/hadoop/hadoop-yarn-api/3.2.1/hadoop-yarn-api-3.2.1.jar:/home/user/.m2/repository/com/sun/jersey/jersey-client/1.19/jersey-client-1.19.jar:/home/user/.m2/repository/com/sun/jersey/contribs/jersey-guice/1.19/jersey-guice-1.19.jar:/home/user/.m2/repository/com/fasterxml/jackson/jaxrs/jackson-jaxrs-json-provider/2.10.3/jackson-jaxrs-json-provider-2.10.3.jar:/home/user/.m2/repository/com/fasterxml/jackson/jaxrs/jackson-jaxrs-base/2.10.3/jackson-jaxrs-base-2.10.3.jar:/home/user/.m2/repository/org/apache/hadoop/hadoop-yarn-client/3.2.1/hadoop-yarn-client-3.2.1.jar:/home/user/.m2/repository/org/apache/hadoop/hadoop-mapreduce-client-core/3.2.1/hadoop-mapreduce-client-core-3.2.1.jar:/home/user/.m2/repository/org/apache/avro/avro/1.7.7/avro-1.7.7.jar:/home/user/.m2/repository/org/codehaus/jackson/jackson-core-asl/1.9.13/jackson-core-asl-1.9.13.jar:/home/user/.m2/repository/org/codehaus/jackson/jackson-mapper-asl/1.9.13/jackson-mapper-asl-1.9.13.jar:/home/user/.m2/repository/com/thoughtworks/paranamer/paranamer/2.3/paranamer-2.3.jar:/home/user/.m2/repository/org/xerial/snappy/snappy-java/1.0.5/snappy-java-1.0.5.jar:/home/user/.m2/repository/org/apache/hadoop/hadoop-annotations/3.2.1/hadoop-annotations-3.2.1.jar:/usr/lib/jvm/java-1.8.0-openjdk-1.8.0.232.b09-0.el7_7.x86_64/jre/../lib/tools.jar:/home/user/.m2/repository/org/apache/hadoop/hadoop-distcp/3.2.1/hadoop-distcp-3.2.1-tests.jar:"/>
    <property name="java.vm.vendor" value="Oracle Corporation"/>
    <property name="sun.arch.data.model" value="64"/>
    <property name="test.build.dir" value="/github/workspace/mnt/ozone/hadoop-ozone/integration-test/target/test-dir"/>
    <property name="test.cache.data" value=""/>
    <property name="java.vendor.url" value="http://java.oracle.com/"/>
    <property name="user.timezone" value=""/>
    <property name="java.vm.specification.version" value="1.8"/>
    <property name="os.name" value="Linux"/>
    <property name="test.build.data" value="/github/workspace/mnt/ozone/hadoop-ozone/integration-test/target/test-dir"/>
    <property name="user.country" value="US"/>
    <property name="sun.java.launcher" value="SUN_STANDARD"/>
    <property name="sun.boot.library.path" value="/usr/lib/jvm/java-1.8.0-openjdk-1.8.0.232.b09-0.el7_7.x86_64/jre/lib/amd64"/>
    <property name="sun.java.command" value="/github/workspace/mnt/ozone/hadoop-ozone/integration-test/target/surefire/surefirebooter8694951486411487681.jar /github/workspace/mnt/ozone/hadoop-ozone/integration-test/target/surefire 2020-07-21T09-38-36_240-jvmRun1 surefire333664196437785129tmp surefire_232286449463109464809tmp"/>
    <property name="surefire.test.class.path" value="/github/workspace/mnt/ozone/hadoop-ozone/integration-test/target/test-classes:/github/workspace/mnt/ozone/hadoop-ozone/integration-test/target/classes:/home/user/.m2/repository/org/apache/hadoop/hadoop-ozone-common/0.6.0-SNAPSHOT/hadoop-ozone-common-0.6.0-SNAPSHOT.jar:/home/user/.m2/repository/org/apache/commons/commons-compress/1.4.1/commons-compress-1.4.1.jar:/home/user/.m2/repository/org/tukaani/xz/1.0/xz-1.0.jar:/home/user/.m2/repository/org/apache/hadoop/hadoop-hdds-common/0.6.0-SNAPSHOT/hadoop-hdds-common-0.6.0-SNAPSHOT.jar:/home/user/.m2/repository/org/apache/hadoop/hadoop-hdds-hadoop-dependency-client/0.6.0-SNAPSHOT/hadoop-hdds-hadoop-dependency-client-0.6.0-SNAPSHOT.jar:/home/user/.m2/repository/info/picocli/picocli/3.9.6/picocli-3.9.6.jar:/home/user/.m2/repository/com/fasterxml/jackson/core/jackson-annotations/2.10.3/jackson-annotations-2.10.3.jar:/home/user/.m2/repository/javax/annotation/javax.annotation-api/1.2/javax.annotation-api-1.2.jar:/home/user/.m2/repository/org/apache/ratis/ratis-server/1.0.0/ratis-server-1.0.0.jar:/home/user/.m2/repository/org/apache/ratis/ratis-client/1.0.0/ratis-client-1.0.0.jar:/home/user/.m2/repository/org/apache/ratis/ratis-metrics/1.0.0/ratis-metrics-1.0.0.jar:/home/user/.m2/repository/org/apache/ratis/ratis-netty/1.0.0/ratis-netty-1.0.0.jar:/home/user/.m2/repository/org/apache/ratis/ratis-grpc/1.0.0/ratis-grpc-1.0.0.jar:/home/user/.m2/repository/org/apache/logging/log4j/log4j-api/2.11.0/log4j-api-2.11.0.jar:/home/user/.m2/repository/org/apache/logging/log4j/log4j-core/2.11.0/log4j-core-2.11.0.jar:/home/user/.m2/repository/com/lmax/disruptor/3.4.2/disruptor-3.4.2.jar:/home/user/.m2/repository/org/apache/commons/commons-pool2/2.6.0/commons-pool2-2.6.0.jar:/home/user/.m2/repository/org/bouncycastle/bcpkix-jdk15on/1.60/bcpkix-jdk15on-1.60.jar:/home/user/.m2/repository/commons-validator/commons-validator/1.6/commons-validator-1.6.jar:/home/user/.m2/repository/commons-digester/commons-digester/1.8.1/commons-digester-1.8.1.jar:/home/user/.m2/repository/io/jaegertracing/jaeger-client/1.2.0/jaeger-client-1.2.0.jar:/home/user/.m2/repository/io/jaegertracing/jaeger-thrift/1.2.0/jaeger-thrift-1.2.0.jar:/home/user/.m2/repository/org/apache/thrift/libthrift/0.13.0/libthrift-0.13.0.jar:/home/user/.m2/repository/com/squareup/okhttp3/okhttp/4.2.2/okhttp-4.2.2.jar:/home/user/.m2/repository/com/squareup/okio/okio/2.2.2/okio-2.2.2.jar:/home/user/.m2/repository/org/jetbrains/kotlin/kotlin-stdlib/1.3.50/kotlin-stdlib-1.3.50.jar:/home/user/.m2/repository/org/jetbrains/kotlin/kotlin-stdlib-common/1.3.50/kotlin-stdlib-common-1.3.50.jar:/home/user/.m2/repository/org/jetbrains/annotations/13.0/annotations-13.0.jar:/home/user/.m2/repository/io/jaegertracing/jaeger-core/1.2.0/jaeger-core-1.2.0.jar:/home/user/.m2/repository/io/jaegertracing/jaeger-tracerresolver/1.2.0/jaeger-tracerresolver-1.2.0.jar:/home/user/.m2/repository/io/opentracing/contrib/opentracing-tracerresolver/0.1.8/opentracing-tracerresolver-0.1.8.jar:/home/user/.m2/repository/io/opentracing/opentracing-util/0.33.0/opentracing-util-0.33.0.jar:/home/user/.m2/repository/io/opentracing/opentracing-api/0.33.0/opentracing-api-0.33.0.jar:/home/user/.m2/repository/io/opentracing/opentracing-noop/0.33.0/opentracing-noop-0.33.0.jar:/home/user/.m2/repository/org/apache/hadoop/hadoop-hdds-client/0.6.0-SNAPSHOT/hadoop-hdds-client-0.6.0-SNAPSHOT.jar:/home/user/.m2/repository/org/apache/hadoop/hadoop-ozone-interface-client/0.6.0-SNAPSHOT/hadoop-ozone-interface-client-0.6.0-SNAPSHOT.jar:/home/user/.m2/repository/org/apache/hadoop/hadoop-hdds-test-utils/0.6.0-SNAPSHOT/hadoop-hdds-test-utils-0.6.0-SNAPSHOT.jar:/home/user/.m2/repository/com/google/guava/guava/28.2-jre/guava-28.2-jre.jar:/home/user/.m2/repository/com/google/guava/failureaccess/1.0.1/failureaccess-1.0.1.jar:/home/user/.m2/repository/com/google/guava/listenablefuture/9999.0-empty-to-avoid-conflict-with-guava/listenablefuture-9999.0-empty-to-avoid-conflict-with-guava.jar:/home/user/.m2/repository/com/google/code/findbugs/jsr305/3.0.0/jsr305-3.0.0.jar:/home/user/.m2/repository/org/checkerframework/checker-qual/2.10.0/checker-qual-2.10.0.jar:/home/user/.m2/repository/com/google/errorprone/error_prone_annotations/2.2.0/error_prone_annotations-2.2.0.jar:/home/user/.m2/repository/com/google/j2objc/j2objc-annotations/1.3/j2objc-annotations-1.3.jar:/home/user/.m2/repository/commons-io/commons-io/2.5/commons-io-2.5.jar:/home/user/.m2/repository/commons-logging/commons-logging/1.2/commons-logging-1.2.jar:/home/user/.m2/repository/log4j/log4j/1.2.17/log4j-1.2.17.jar:/home/user/.m2/repository/org/slf4j/slf4j-api/1.7.25/slf4j-api-1.7.25.jar:/home/user/.m2/repository/org/apache/hadoop/hadoop-hdds-server-scm/0.6.0-SNAPSHOT/hadoop-hdds-server-scm-0.6.0-SNAPSHOT.jar:/home/user/.m2/repository/org/apache/hadoop/hadoop-hdds-container-service/0.6.0-SNAPSHOT/hadoop-hdds-container-service-0.6.0-SNAPSHOT.jar:/home/user/.m2/repository/org/apache/hadoop/hadoop-hdds-hadoop-dependency-server/0.6.0-SNAPSHOT/hadoop-hdds-hadoop-dependency-server-0.6.0-SNAPSHOT.jar:/home/user/.m2/repository/org/apache/hadoop/hadoop-hdds-server-framework/0.6.0-SNAPSHOT/hadoop-hdds-server-framework-0.6.0-SNAPSHOT.jar:/home/user/.m2/repository/org/apache/hadoop/hadoop-hdds-interface-server/0.6.0-SNAPSHOT/hadoop-hdds-interface-server-0.6.0-SNAPSHOT.jar:/home/user/.m2/repository/org/apache/hadoop/hadoop-hdds-interface-admin/0.6.0-SNAPSHOT/hadoop-hdds-interface-admin-0.6.0-SNAPSHOT.jar:/home/user/.m2/repository/org/rocksdb/rocksdbjni/6.8.1/rocksdbjni-6.8.1.jar:/home/user/.m2/repository/io/prometheus/simpleclient_dropwizard/0.7.0/simpleclient_dropwizard-0.7.0.jar:/home/user/.m2/repository/io/prometheus/simpleclient/0.7.0/simpleclient-0.7.0.jar:/home/user/.m2/repository/io/prometheus/simpleclient_common/0.7.0/simpleclient_common-0.7.0.jar:/home/user/.m2/repository/com/fasterxml/jackson/datatype/jackson-datatype-jsr310/2.10.3/jackson-datatype-jsr310-2.10.3.jar:/home/user/.m2/repository/org/apache/hadoop/hadoop-hdds-docs/0.6.0-SNAPSHOT/hadoop-hdds-docs-0.6.0-SNAPSHOT.jar:/home/user/.m2/repository/io/dropwizard/metrics/metrics-core/3.2.4/metrics-core-3.2.4.jar:/home/user/.m2/repository/org/apache/hadoop/hadoop-hdfs-client/3.2.1/hadoop-hdfs-client-3.2.1.jar:/home/user/.m2/repository/org/bouncycastle/bcprov-jdk15on/1.60/bcprov-jdk15on-1.60.jar:/home/user/.m2/repository/org/apache/hadoop/hadoop-ozone-ozone-manager/0.6.0-SNAPSHOT/hadoop-ozone-ozone-manager-0.6.0-SNAPSHOT.jar:/home/user/.m2/repository/org/apache/hadoop/hadoop-hdds-interface-client/0.6.0-SNAPSHOT/hadoop-hdds-interface-client-0.6.0-SNAPSHOT.jar:/home/user/.m2/repository/org/apache/ratis/ratis-thirdparty-misc/0.4.0/ratis-thirdparty-misc-0.4.0.jar:/home/user/.m2/repository/org/apache/hadoop/hadoop-minikdc/3.2.1/hadoop-minikdc-3.2.1.jar:/home/user/.m2/repository/org/apache/kerby/kerb-simplekdc/1.0.1/kerb-simplekdc-1.0.1.jar:/home/user/.m2/repository/org/apache/kerby/kerb-client/1.0.1/kerb-client-1.0.1.jar:/home/user/.m2/repository/org/apache/kerby/kerby-config/1.0.1/kerby-config-1.0.1.jar:/home/user/.m2/repository/org/apache/kerby/kerb-core/1.0.1/kerb-core-1.0.1.jar:/home/user/.m2/repository/org/apache/kerby/kerby-pkix/1.0.1/kerby-pkix-1.0.1.jar:/home/user/.m2/repository/org/apache/kerby/kerby-asn1/1.0.1/kerby-asn1-1.0.1.jar:/home/user/.m2/repository/org/apache/kerby/kerby-util/1.0.1/kerby-util-1.0.1.jar:/home/user/.m2/repository/org/apache/kerby/kerb-common/1.0.1/kerb-common-1.0.1.jar:/home/user/.m2/repository/org/apache/kerby/kerb-crypto/1.0.1/kerb-crypto-1.0.1.jar:/home/user/.m2/repository/org/apache/kerby/kerb-util/1.0.1/kerb-util-1.0.1.jar:/home/user/.m2/repository/org/apache/kerby/token-provider/1.0.1/token-provider-1.0.1.jar:/home/user/.m2/repository/org/apache/kerby/kerb-admin/1.0.1/kerb-admin-1.0.1.jar:/home/user/.m2/repository/org/apache/kerby/kerb-server/1.0.1/kerb-server-1.0.1.jar:/home/user/.m2/repository/org/apache/kerby/kerb-identity/1.0.1/kerb-identity-1.0.1.jar:/home/user/.m2/repository/org/apache/kerby/kerby-xdr/1.0.1/kerby-xdr-1.0.1.jar:/home/user/.m2/repository/org/slf4j/slf4j-log4j12/1.7.25/slf4j-log4j12-1.7.25.jar:/home/user/.m2/repository/org/apache/hadoop/hadoop-ozone-s3gateway/0.6.0-SNAPSHOT/hadoop-ozone-s3gateway-0.6.0-SNAPSHOT.jar:/home/user/.m2/repository/org/jboss/weld/servlet/weld-servlet/2.4.7.Final/weld-servlet-2.4.7.Final.jar:/home/user/.m2/repository/org/glassfish/jersey/containers/jersey-container-servlet-core/2.27/jersey-container-servlet-core-2.27.jar:/home/user/.m2/repository/org/glassfish/hk2/external/javax.inject/2.5.0-b42/javax.inject-2.5.0-b42.jar:/home/user/.m2/repository/org/glassfish/jersey/core/jersey-common/2.27/jersey-common-2.27.jar:/home/user/.m2/repository/org/glassfish/hk2/osgi-resource-locator/1.0.1/osgi-resource-locator-1.0.1.jar:/home/user/.m2/repository/javax/ws/rs/javax.ws.rs-api/2.1/javax.ws.rs-api-2.1.jar:/home/user/.m2/repository/org/glassfish/jersey/ext/cdi/jersey-cdi1x/2.27/jersey-cdi1x-2.27.jar:/home/user/.m2/repository/org/glassfish/jersey/inject/jersey-hk2/2.27/jersey-hk2-2.27.jar:/home/user/.m2/repository/org/glassfish/hk2/hk2-locator/2.5.0-b42/hk2-locator-2.5.0-b42.jar:/home/user/.m2/repository/org/javassist/javassist/3.22.0-CR2/javassist-3.22.0-CR2.jar:/home/user/.m2/repository/org/glassfish/hk2/hk2-api/2.5.0/hk2-api-2.5.0.jar:/home/user/.m2/repository/org/glassfish/hk2/external/jakarta.inject/2.5.0/jakarta.inject-2.5.0.jar:/home/user/.m2/repository/org/glassfish/hk2/hk2-utils/2.5.0/hk2-utils-2.5.0.jar:/home/user/.m2/repository/jakarta/annotation/jakarta.annotation-api/1.3.4/jakarta.annotation-api-1.3.4.jar:/home/user/.m2/repository/org/glassfish/hk2/external/aopalliance-repackaged/2.5.0/aopalliance-repackaged-2.5.0.jar:/home/user/.m2/repository/com/fasterxml/jackson/dataformat/jackson-dataformat-xml/2.10.3/jackson-dataformat-xml-2.10.3.jar:/home/user/.m2/repository/com/fasterxml/jackson/core/jackson-core/2.10.3/jackson-core-2.10.3.jar:/home/user/.m2/repository/com/fasterxml/jackson/module/jackson-module-jaxb-annotations/2.10.3/jackson-module-jaxb-annotations-2.10.3.jar:/home/user/.m2/repository/jakarta/xml/bind/jakarta.xml.bind-api/2.3.2/jakarta.xml.bind-api-2.3.2.jar:/home/user/.m2/repository/jakarta/activation/jakarta.activation-api/1.2.1/jakarta.activation-api-1.2.1.jar:/home/user/.m2/repository/org/codehaus/woodstox/stax2-api/3.1.4/stax2-api-3.1.4.jar:/home/user/.m2/repository/com/fasterxml/woodstox/woodstox-core/5.0.3/woodstox-core-5.0.3.jar:/home/user/.m2/repository/javax/enterprise/cdi-api/1.2/cdi-api-1.2.jar:/home/user/.m2/repository/javax/el/javax.el-api/3.0.0/javax.el-api-3.0.0.jar:/home/user/.m2/repository/javax/interceptor/javax.interceptor-api/1.2/javax.interceptor-api-1.2.jar:/home/user/.m2/repository/javax/inject/javax.inject/1/javax.inject-1.jar:/home/user/.m2/repository/com/sun/xml/bind/jaxb-impl/2.3.0.1/jaxb-impl-2.3.0.1.jar:/home/user/.m2/repository/com/sun/xml/bind/jaxb-core/2.3.0.1/jaxb-core-2.3.0.1.jar:/home/user/.m2/repository/javax/xml/bind/jaxb-api/2.3.0/jaxb-api-2.3.0.jar:/home/user/.m2/repository/javax/activation/activation/1.1.1/activation-1.1.1.jar:/home/user/.m2/repository/org/apache/hadoop/hadoop-ozone-csi/0.6.0-SNAPSHOT/hadoop-ozone-csi-0.6.0-SNAPSHOT.jar:/home/user/.m2/repository/com/google/protobuf/protobuf-java-util/3.11.0/protobuf-java-util-3.11.0.jar:/home/user/.m2/repository/com/google/code/gson/gson/2.2.4/gson-2.2.4.jar:/home/user/.m2/repository/org/apache/hadoop/hadoop-hdds-config/0.6.0-SNAPSHOT/hadoop-hdds-config-0.6.0-SNAPSHOT.jar:/home/user/.m2/repository/com/google/protobuf/protobuf-java/2.5.0/protobuf-java-2.5.0.jar:/home/user/.m2/repository/io/grpc/grpc-netty/1.29.0/grpc-netty-1.29.0.jar:/home/user/.m2/repository/io/grpc/grpc-core/1.29.0/grpc-core-1.29.0.jar:/home/user/.m2/repository/com/google/android/annotations/4.1.1.4/annotations-4.1.1.4.jar:/home/user/.m2/repository/io/perfmark/perfmark-api/0.19.0/perfmark-api-0.19.0.jar:/home/user/.m2/repository/io/netty/netty-codec-http2/4.1.48.Final/netty-codec-http2-4.1.48.Final.jar:/home/user/.m2/repository/io/netty/netty-codec/4.1.48.Final/netty-codec-4.1.48.Final.jar:/home/user/.m2/repository/io/netty/netty-handler/4.1.48.Final/netty-handler-4.1.48.Final.jar:/home/user/.m2/repository/io/netty/netty-codec-http/4.1.48.Final/netty-codec-http-4.1.48.Final.jar:/home/user/.m2/repository/io/netty/netty-handler-proxy/4.1.48.Final/netty-handler-proxy-4.1.48.Final.jar:/home/user/.m2/repository/io/netty/netty-codec-socks/4.1.48.Final/netty-codec-socks-4.1.48.Final.jar:/home/user/.m2/repository/io/netty/netty-transport-native-epoll/4.1.48.Final/netty-transport-native-epoll-4.1.48.Final.jar:/home/user/.m2/repository/io/netty/netty-common/4.1.48.Final/netty-common-4.1.48.Final.jar:/home/user/.m2/repository/io/netty/netty-buffer/4.1.48.Final/netty-buffer-4.1.48.Final.jar:/home/user/.m2/repository/io/netty/netty-transport/4.1.48.Final/netty-transport-4.1.48.Final.jar:/home/user/.m2/repository/io/netty/netty-resolver/4.1.48.Final/netty-resolver-4.1.48.Final.jar:/home/user/.m2/repository/io/netty/netty-transport-native-unix-common/4.1.48.Final/netty-transport-native-unix-common-4.1.48.Final.jar:/home/user/.m2/repository/io/grpc/grpc-protobuf/1.29.0/grpc-protobuf-1.29.0.jar:/home/user/.m2/repository/io/grpc/grpc-api/1.29.0/grpc-api-1.29.0.jar:/home/user/.m2/repository/io/grpc/grpc-context/1.29.0/grpc-context-1.29.0.jar:/home/user/.m2/repository/org/codehaus/mojo/animal-sniffer-annotations/1.18/animal-sniffer-annotations-1.18.jar:/home/user/.m2/repository/com/google/api/grpc/proto-google-common-protos/1.17.0/proto-google-common-protos-1.17.0.jar:/home/user/.m2/repository/io/grpc/grpc-protobuf-lite/1.29.0/grpc-protobuf-lite-1.29.0.jar:/home/user/.m2/repository/io/grpc/grpc-stub/1.29.0/grpc-stub-1.29.0.jar:/home/user/.m2/repository/org/apache/hadoop/hadoop-ozone-recon/0.6.0-SNAPSHOT/hadoop-ozone-recon-0.6.0-SNAPSHOT.jar:/home/user/.m2/repository/org/apache/hadoop/hadoop-ozone-reconcodegen/0.6.0-SNAPSHOT/hadoop-ozone-reconcodegen-0.6.0-SNAPSHOT.jar:/home/user/.m2/repository/com/google/inject/extensions/guice-multibindings/4.0/guice-multibindings-4.0.jar:/home/user/.m2/repository/com/google/inject/guice/4.0/guice-4.0.jar:/home/user/.m2/repository/aopalliance/aopalliance/1.0/aopalliance-1.0.jar:/home/user/.m2/repository/com/google/inject/extensions/guice-assistedinject/4.0/guice-assistedinject-4.0.jar:/home/user/.m2/repository/com/google/inject/extensions/guice-servlet/4.0/guice-servlet-4.0.jar:/home/user/.m2/repository/org/glassfish/jersey/containers/jersey-container-servlet/2.27/jersey-container-servlet-2.27.jar:/home/user/.m2/repository/org/glassfish/hk2/guice-bridge/2.5.0/guice-bridge-2.5.0.jar:/home/user/.m2/repository/org/glassfish/jersey/core/jersey-server/2.27/jersey-server-2.27.jar:/home/user/.m2/repository/org/glassfish/jersey/core/jersey-client/2.27/jersey-client-2.27.jar:/home/user/.m2/repository/org/glassfish/jersey/media/jersey-media-jaxb/2.27/jersey-media-jaxb-2.27.jar:/home/user/.m2/repository/javax/validation/validation-api/1.1.0.Final/validation-api-1.1.0.Final.jar:/home/user/.m2/repository/org/glassfish/jersey/media/jersey-media-json-jackson/2.27/jersey-media-json-jackson-2.27.jar:/home/user/.m2/repository/org/glassfish/jersey/ext/jersey-entity-filtering/2.27/jersey-entity-filtering-2.27.jar:/home/user/.m2/repository/org/jooq/jooq/3.11.10/jooq-3.11.10.jar:/home/user/.m2/repository/org/jooq/jooq-meta/3.11.10/jooq-meta-3.11.10.jar:/home/user/.m2/repository/org/jooq/jooq-codegen/3.11.10/jooq-codegen-3.11.10.jar:/home/user/.m2/repository/com/jolbox/bonecp/0.8.0.RELEASE/bonecp-0.8.0.RELEASE.jar:/home/user/.m2/repository/org/apache/derby/derby/10.14.2.0/derby-10.14.2.0.jar:/home/user/.m2/repository/org/xerial/sqlite-jdbc/3.25.2/sqlite-jdbc-3.25.2.jar:/home/user/.m2/repository/org/springframework/spring-jdbc/5.2.5.RELEASE/spring-jdbc-5.2.5.RELEASE.jar:/home/user/.m2/repository/org/springframework/spring-beans/5.2.5.RELEASE/spring-beans-5.2.5.RELEASE.jar:/home/user/.m2/repository/org/springframework/spring-core/5.2.5.RELEASE/spring-core-5.2.5.RELEASE.jar:/home/user/.m2/repository/org/springframework/spring-jcl/5.2.5.RELEASE/spring-jcl-5.2.5.RELEASE.jar:/home/user/.m2/repository/org/springframework/spring-tx/5.2.5.RELEASE/spring-tx-5.2.5.RELEASE.jar:/home/user/.m2/repository/org/apache/hadoop/hadoop-ozone-client/0.6.0-SNAPSHOT/hadoop-ozone-client-0.6.0-SNAPSHOT.jar:/home/user/.m2/repository/org/apache/hadoop/hadoop-ozone-filesystem/0.6.0-SNAPSHOT/hadoop-ozone-filesystem-0.6.0-SNAPSHOT.jar:/home/user/.m2/repository/org/apache/hadoop/hadoop-ozone-filesystem-common/0.6.0-SNAPSHOT/hadoop-ozone-filesystem-common-0.6.0-SNAPSHOT.jar:/home/user/.m2/repository/org/apache/hadoop/hadoop-ozone-tools/0.6.0-SNAPSHOT/hadoop-ozone-tools-0.6.0-SNAPSHOT.jar:/home/user/.m2/repository/org/apache/hadoop/hadoop-hdfs/3.2.1/hadoop-hdfs-3.2.1.jar:/home/user/.m2/repository/org/apache/ratis/ratis-tools/1.0.0/ratis-tools-1.0.0.jar:/home/user/.m2/repository/org/apache/ratis/ratis-proto/1.0.0/ratis-proto-1.0.0.jar:/home/user/.m2/repository/org/apache/ratis/ratis-common/1.0.0/ratis-common-1.0.0.jar:/home/user/.m2/repository/com/amazonaws/aws-java-sdk-core/1.11.615/aws-java-sdk-core-1.11.615.jar:/home/user/.m2/repository/org/apache/httpcomponents/httpclient/4.5.2/httpclient-4.5.2.jar:/home/user/.m2/repository/org/apache/httpcomponents/httpcore/4.4.4/httpcore-4.4.4.jar:/home/user/.m2/repository/software/amazon/ion/ion-java/1.0.2/ion-java-1.0.2.jar:/home/user/.m2/repository/com/fasterxml/jackson/dataformat/jackson-dataformat-cbor/2.10.3/jackson-dataformat-cbor-2.10.3.jar:/home/user/.m2/repository/joda-time/joda-time/2.8.1/joda-time-2.8.1.jar:/home/user/.m2/repository/com/amazonaws/aws-java-sdk-s3/1.11.615/aws-java-sdk-s3-1.11.615.jar:/home/user/.m2/repository/com/amazonaws/aws-java-sdk-kms/1.11.615/aws-java-sdk-kms-1.11.615.jar:/home/user/.m2/repository/com/amazonaws/jmespath-java/1.11.615/jmespath-java-1.11.615.jar:/home/user/.m2/repository/org/apache/hadoop/hadoop-hdds-tools/0.6.0-SNAPSHOT/hadoop-hdds-tools-0.6.0-SNAPSHOT.jar:/home/user/.m2/repository/commons-cli/commons-cli/1.2/commons-cli-1.2.jar:/home/user/.m2/repository/org/apache/commons/commons-lang3/3.7/commons-lang3-3.7.jar:/home/user/.m2/repository/org/apache/hadoop/hadoop-ozone-ozone-manager/0.6.0-SNAPSHOT/hadoop-ozone-ozone-manager-0.6.0-SNAPSHOT-tests.jar:/home/user/.m2/repository/junit/junit/4.11/junit-4.11.jar:/home/user/.m2/repository/org/hamcrest/hamcrest-core/1.3/hamcrest-core-1.3.jar:/home/user/.m2/repository/org/openjdk/jmh/jmh-core/1.19/jmh-core-1.19.jar:/home/user/.m2/repository/net/sf/jopt-simple/jopt-simple/4.6/jopt-simple-4.6.jar:/home/user/.m2/repository/org/apache/commons/commons-math3/3.1.1/commons-math3-3.1.1.jar:/home/user/.m2/repository/org/openjdk/jmh/jmh-generator-annprocess/1.19/jmh-generator-annprocess-1.19.jar:/home/user/.m2/repository/org/mockito/mockito-all/1.8.5/mockito-all-1.8.5.jar:/home/user/.m2/repository/org/apache/hadoop/hadoop-kms/3.2.1/hadoop-kms-3.2.1.jar:/home/user/.m2/repository/org/apache/hadoop/hadoop-auth/3.2.1/hadoop-auth-3.2.1.jar:/home/user/.m2/repository/com/nimbusds/nimbus-jose-jwt/7.9/nimbus-jose-jwt-7.9.jar:/home/user/.m2/repository/com/github/stephenc/jcip/jcip-annotations/1.0-1/jcip-annotations-1.0-1.jar:/home/user/.m2/repository/net/minidev/json-smart/2.3/json-smart-2.3.jar:/home/user/.m2/repository/net/minidev/accessors-smart/1.2/accessors-smart-1.2.jar:/home/user/.m2/repository/org/ow2/asm/asm/5.0.4/asm-5.0.4.jar:/home/user/.m2/repository/org/apache/zookeeper/zookeeper/3.4.13/zookeeper-3.4.13.jar:/home/user/.m2/repository/org/apache/yetus/audience-annotations/0.5.0/audience-annotations-0.5.0.jar:/home/user/.m2/repository/org/apache/curator/curator-framework/2.13.0/curator-framework-2.13.0.jar:/home/user/.m2/repository/com/sun/jersey/jersey-core/1.19/jersey-core-1.19.jar:/home/user/.m2/repository/javax/ws/rs/jsr311-api/1.1.1/jsr311-api-1.1.1.jar:/home/user/.m2/repository/com/sun/jersey/jersey-server/1.19/jersey-server-1.19.jar:/home/user/.m2/repository/javax/servlet/javax.servlet-api/3.1.0/javax.servlet-api-3.1.0.jar:/home/user/.m2/repository/org/eclipse/jetty/jetty-server/9.4.26.v20200117/jetty-server-9.4.26.v20200117.jar:/home/user/.m2/repository/org/eclipse/jetty/jetty-http/9.4.26.v20200117/jetty-http-9.4.26.v20200117.jar:/home/user/.m2/repository/org/eclipse/jetty/jetty-io/9.4.26.v20200117/jetty-io-9.4.26.v20200117.jar:/home/user/.m2/repository/org/eclipse/jetty/jetty-webapp/9.4.26.v20200117/jetty-webapp-9.4.26.v20200117.jar:/home/user/.m2/repository/org/eclipse/jetty/jetty-xml/9.4.26.v20200117/jetty-xml-9.4.26.v20200117.jar:/home/user/.m2/repository/org/eclipse/jetty/jetty-servlet/9.4.26.v20200117/jetty-servlet-9.4.26.v20200117.jar:/home/user/.m2/repository/org/eclipse/jetty/jetty-security/9.4.26.v20200117/jetty-security-9.4.26.v20200117.jar:/home/user/.m2/repository/org/apache/hadoop/hadoop-common/3.2.1/hadoop-common-3.2.1.jar:/home/user/.m2/repository/commons-net/commons-net/3.6/commons-net-3.6.jar:/home/user/.m2/repository/commons-collections/commons-collections/3.2.2/commons-collections-3.2.2.jar:/home/user/.m2/repository/com/sun/jersey/jersey-servlet/1.19/jersey-servlet-1.19.jar:/home/user/.m2/repository/com/sun/jersey/jersey-json/1.19/jersey-json-1.19.jar:/home/user/.m2/repository/org/codehaus/jettison/jettison/1.1/jettison-1.1.jar:/home/user/.m2/repository/org/codehaus/jackson/jackson-jaxrs/1.9.2/jackson-jaxrs-1.9.2.jar:/home/user/.m2/repository/org/codehaus/jackson/jackson-xc/1.9.2/jackson-xc-1.9.2.jar:/home/user/.m2/repository/commons-beanutils/commons-beanutils/1.9.4/commons-beanutils-1.9.4.jar:/home/user/.m2/repository/org/apache/commons/commons-configuration2/2.1.1/commons-configuration2-2.1.1.jar:/home/user/.m2/repository/org/apache/commons/commons-text/1.4/commons-text-1.4.jar:/home/user/.m2/repository/com/google/re2j/re2j/1.1/re2j-1.1.jar:/home/user/.m2/repository/com/jcraft/jsch/0.1.54/jsch-0.1.54.jar:/home/user/.m2/repository/org/apache/curator/curator-client/2.13.0/curator-client-2.13.0.jar:/home/user/.m2/repository/org/apache/curator/curator-recipes/2.13.0/curator-recipes-2.13.0.jar:/home/user/.m2/repository/dnsjava/dnsjava/2.1.7/dnsjava-2.1.7.jar:/home/user/.m2/repository/org/slf4j/jul-to-slf4j/1.7.25/jul-to-slf4j-1.7.25.jar:/home/user/.m2/repository/org/eclipse/jetty/jetty-util/9.4.26.v20200117/jetty-util-9.4.26.v20200117.jar:/home/user/.m2/repository/com/fasterxml/jackson/core/jackson-databind/2.10.3/jackson-databind-2.10.3.jar:/home/user/.m2/repository/org/apache/hadoop/hadoop-kms/3.2.1/hadoop-kms-3.2.1-tests.jar:/home/user/.m2/repository/org/apache/hadoop/hadoop-hdds-server-scm/0.6.0-SNAPSHOT/hadoop-hdds-server-scm-0.6.0-SNAPSHOT-tests.jar:/home/user/.m2/repository/org/apache/hadoop/hadoop-hdds-container-service/0.6.0-SNAPSHOT/hadoop-hdds-container-service-0.6.0-SNAPSHOT-tests.jar:/home/user/.m2/repository/org/apache/hadoop/hadoop-hdds-common/0.6.0-SNAPSHOT/hadoop-hdds-common-0.6.0-SNAPSHOT-tests.jar:/home/user/.m2/repository/org/yaml/snakeyaml/1.16/snakeyaml-1.16.jar:/home/user/.m2/repository/org/apache/hadoop/hadoop-hdds-hadoop-dependency-test/0.6.0-SNAPSHOT/hadoop-hdds-hadoop-dependency-test-0.6.0-SNAPSHOT.jar:/home/user/.m2/repository/org/apache/hadoop/hadoop-common/3.2.1/hadoop-common-3.2.1-tests.jar:/home/user/.m2/repository/javax/servlet/jsp/jsp-api/2.1/jsp-api-2.1.jar:/home/user/.m2/repository/org/apache/hadoop/hadoop-hdfs/3.2.1/hadoop-hdfs-3.2.1-tests.jar:/home/user/.m2/repository/org/eclipse/jetty/jetty-util-ajax/9.4.26.v20200117/jetty-util-ajax-9.4.26.v20200117.jar:/home/user/.m2/repository/commons-codec/commons-codec/1.11/commons-codec-1.11.jar:/home/user/.m2/repository/commons-daemon/commons-daemon/1.0.13/commons-daemon-1.0.13.jar:/home/user/.m2/repository/io/netty/netty/3.10.5.Final/netty-3.10.5.Final.jar:/home/user/.m2/repository/io/netty/netty-all/4.1.48.Final/netty-all-4.1.48.Final.jar:/home/user/.m2/repository/org/apache/htrace/htrace-core4/4.1.0-incubating/htrace-core4-4.1.0-incubating.jar:/home/user/.m2/repository/org/fusesource/leveldbjni/leveldbjni-all/1.8/leveldbjni-all-1.8.jar:/home/user/.m2/repository/org/apache/hadoop/hadoop-distcp/3.2.1/hadoop-distcp-3.2.1.jar:/home/user/.m2/repository/org/apache/hadoop/hadoop-mapreduce-client-jobclient/3.2.1/hadoop-mapreduce-client-jobclient-3.2.1.jar:/home/user/.m2/repository/org/apache/hadoop/hadoop-mapreduce-client-common/3.2.1/hadoop-mapreduce-client-common-3.2.1.jar:/home/user/.m2/repository/org/apache/hadoop/hadoop-yarn-common/3.2.1/hadoop-yarn-common-3.2.1.jar:/home/user/.m2/repository/org/apache/hadoop/hadoop-yarn-api/3.2.1/hadoop-yarn-api-3.2.1.jar:/home/user/.m2/repository/com/sun/jersey/jersey-client/1.19/jersey-client-1.19.jar:/home/user/.m2/repository/com/sun/jersey/contribs/jersey-guice/1.19/jersey-guice-1.19.jar:/home/user/.m2/repository/com/fasterxml/jackson/jaxrs/jackson-jaxrs-json-provider/2.10.3/jackson-jaxrs-json-provider-2.10.3.jar:/home/user/.m2/repository/com/fasterxml/jackson/jaxrs/jackson-jaxrs-base/2.10.3/jackson-jaxrs-base-2.10.3.jar:/home/user/.m2/repository/org/apache/hadoop/hadoop-yarn-client/3.2.1/hadoop-yarn-client-3.2.1.jar:/home/user/.m2/repository/org/apache/hadoop/hadoop-mapreduce-client-core/3.2.1/hadoop-mapreduce-client-core-3.2.1.jar:/home/user/.m2/repository/org/apache/avro/avro/1.7.7/avro-1.7.7.jar:/home/user/.m2/repository/org/codehaus/jackson/jackson-core-asl/1.9.13/jackson-core-asl-1.9.13.jar:/home/user/.m2/repository/org/codehaus/jackson/jackson-mapper-asl/1.9.13/jackson-mapper-asl-1.9.13.jar:/home/user/.m2/repository/com/thoughtworks/paranamer/paranamer/2.3/paranamer-2.3.jar:/home/user/.m2/repository/org/xerial/snappy/snappy-java/1.0.5/snappy-java-1.0.5.jar:/home/user/.m2/repository/org/apache/hadoop/hadoop-annotations/3.2.1/hadoop-annotations-3.2.1.jar:/usr/lib/jvm/java-1.8.0-openjdk-1.8.0.232.b09-0.el7_7.x86_64/jre/../lib/tools.jar:/home/user/.m2/repository/org/apache/hadoop/hadoop-distcp/3.2.1/hadoop-distcp-3.2.1-tests.jar:"/>
    <property name="sun.cpu.endian" value="little"/>
    <property name="user.home" value="/home/user"/>
    <property name="user.language" value="en"/>
    <property name="java.specification.vendor" value="Oracle Corporation"/>
    <property name="java.home" value="/usr/lib/jvm/java-1.8.0-openjdk-1.8.0.232.b09-0.el7_7.x86_64/jre"/>
    <property name="java.security.krb5.conf" value="/github/workspace/mnt/ozone/hadoop-ozone/integration-test/target/test-classes/krb5.conf"/>
    <property name="basedir" value="/github/workspace/mnt/ozone/hadoop-ozone/integration-test"/>
    <property name="file.separator" value="/"/>
    <property name="line.separator" value="&#10;"/>
    <property name="java.vm.specification.vendor" value="Oracle Corporation"/>
    <property name="java.specification.name" value="Java Platform API Specification"/>
    <property name="java.awt.graphicsenv" value="sun.awt.X11GraphicsEnvironment"/>
    <property name="skip.installnpx" value="true"/>
    <property name="surefire.real.class.path" value="/github/workspace/mnt/ozone/hadoop-ozone/integration-test/target/surefire/surefirebooter8694951486411487681.jar:/home/user/.m2/repository/org/jacoco/org.jacoco.agent/0.8.5/org.jacoco.agent-0.8.5-runtime.jar"/>
    <property name="hadoop.log.dir" value="/github/workspace/mnt/ozone/hadoop-ozone/integration-test/target/log"/>
    <property name="sun.boot.class.path" value="/usr/lib/jvm/java-1.8.0-openjdk-1.8.0.232.b09-0.el7_7.x86_64/jre/lib/resources.jar:/usr/lib/jvm/java-1.8.0-openjdk-1.8.0.232.b09-0.el7_7.x86_64/jre/lib/rt.jar:/usr/lib/jvm/java-1.8.0-openjdk-1.8.0.232.b09-0.el7_7.x86_64/jre/lib/sunrsasign.jar:/usr/lib/jvm/java-1.8.0-openjdk-1.8.0.232.b09-0.el7_7.x86_64/jre/lib/jsse.jar:/usr/lib/jvm/java-1.8.0-openjdk-1.8.0.232.b09-0.el7_7.x86_64/jre/lib/jce.jar:/usr/lib/jvm/java-1.8.0-openjdk-1.8.0.232.b09-0.el7_7.x86_64/jre/lib/charsets.jar:/usr/lib/jvm/java-1.8.0-openjdk-1.8.0.232.b09-0.el7_7.x86_64/jre/lib/jfr.jar:/usr/lib/jvm/java-1.8.0-openjdk-1.8.0.232.b09-0.el7_7.x86_64/jre/classes"/>
    <property name="sun.management.compiler" value="HotSpot 64-Bit Tiered Compilers"/>
    <property name="skip.npx" value="true"/>
    <property name="java.runtime.version" value="1.8.0_232-b09"/>
    <property name="java.net.preferIPv4Stack" value="true"/>
    <property name="user.name" value="jenkins1001"/>
    <property name="path.separator" value=":"/>
    <property name="java.security.egd" value="file:///dev/urandom"/>
    <property name="os.version" value="5.3.0-1032-azure"/>
    <property name="java.endorsed.dirs" value="/usr/lib/jvm/java-1.8.0-openjdk-1.8.0.232.b09-0.el7_7.x86_64/jre/lib/endorsed"/>
    <property name="java.runtime.name" value="OpenJDK Runtime Environment"/>
    <property name="file.encoding" value="ANSI_X3.4-1968"/>
    <property name="java.vm.name" value="OpenJDK 64-Bit Server VM"/>
    <property name="test.build.webapps" value=""/>
    <property name="localRepository" value="/home/user/.m2/repository"/>
    <property name="java.vendor.url.bug" value="http://bugreport.sun.com/bugreport/"/>
    <property name="java.io.tmpdir" value="/tmp"/>
    <property name="require.test.libhadoop" value=""/>
    <property name="java.version" value="1.8.0_232"/>
    <property name="user.dir" value="/github/workspace/mnt/ozone/hadoop-ozone/integration-test"/>
    <property name="os.arch" value="amd64"/>
    <property name="java.vm.specification.name" value="Java Virtual Machine Specification"/>
    <property name="test.build.classes" value="/github/workspace/mnt/ozone/hadoop-ozone/integration-test/target/test-classes"/>
    <property name="java.awt.printerjob" value="sun.print.PSPrinterJob"/>
    <property name="sun.os.patch.level" value="unknown"/>
    <property name="hadoop.tmp.dir" value="/github/workspace/mnt/ozone/hadoop-ozone/integration-test/target/tmp"/>
    <property name="java.library.path" value="/usr/lib:/usr/java/packages/lib/amd64:/usr/lib64:/lib64:/lib:/usr/lib"/>
    <property name="java.vm.info" value="mixed mode"/>
    <property name="java.vendor" value="Oracle Corporation"/>
    <property name="java.vm.version" value="25.232-b09"/>
    <property name="java.ext.dirs" value="/usr/lib/jvm/java-1.8.0-openjdk-1.8.0.232.b09-0.el7_7.x86_64/jre/lib/ext:/usr/java/packages/lib/ext"/>
    <property name="sun.io.unicode.encoding" value="UnicodeLittle"/>
    <property name="java.class.version" value="52.0"/>
  </properties>
  <testcase name="testWatchForCommitWithKeyWrite" classname="org.apache.hadoop.ozone.client.rpc.TestWatchForCommit" time="67.651"/>
  <testcase name="testWatchForCommitForRetryfailure" classname="org.apache.hadoop.ozone.client.rpc.TestWatchForCommit" time="51.199"/>
  <testcase name="testWatchForCommitForGroupMismatchException" classname="org.apache.hadoop.ozone.client.rpc.TestWatchForCommit" time="38.973"/>
  <testcase name="test2WayCommitForTimeoutException" classname="org.apache.hadoop.ozone.client.rpc.TestWatchForCommit" time="38.807">
    <error message="51d43626-bb24-4602-b224-4a15530a8e55: group-5CC394ACB85F not found." type="org.apache.ratis.protocol.GroupMismatchException">org.apache.ratis.protocol.GroupMismatchException: 51d43626-bb24-4602-b224-4a15530a8e55: group-5CC394ACB85F not found.
	at org.apache.ratis.server.impl.RaftServerProxy$ImplMap.get(RaftServerProxy.java:127)
	at org.apache.ratis.server.impl.RaftServerProxy.getImplFuture(RaftServerProxy.java:274)
	at org.apache.ratis.server.impl.RaftServerProxy.getImpl(RaftServerProxy.java:283)
	at org.apache.hadoop.ozone.container.ContainerTestHelper.getRaftServerImpl(ContainerTestHelper.java:593)
	at org.apache.hadoop.ozone.container.ContainerTestHelper.isRatisFollower(ContainerTestHelper.java:608)
	at org.apache.hadoop.ozone.client.rpc.TestWatchForCommit.test2WayCommitForTimeoutException(TestWatchForCommit.java:302)
	at sun.reflect.NativeMethodAccessorImpl.invoke0(Native Method)
	at sun.reflect.NativeMethodAccessorImpl.invoke(NativeMethodAccessorImpl.java:62)
	at sun.reflect.DelegatingMethodAccessorImpl.invoke(DelegatingMethodAccessorImpl.java:43)
	at java.lang.reflect.Method.invoke(Method.java:498)
	at org.junit.runners.model.FrameworkMethod$1.runReflectiveCall(FrameworkMethod.java:47)
	at org.junit.internal.runners.model.ReflectiveCallable.run(ReflectiveCallable.java:12)
	at org.junit.runners.model.FrameworkMethod.invokeExplosively(FrameworkMethod.java:44)
	at org.junit.internal.runners.statements.InvokeMethod.evaluate(InvokeMethod.java:17)
	at org.junit.internal.runners.statements.RunBefores.evaluate(RunBefores.java:26)
	at org.junit.internal.runners.statements.RunAfters.evaluate(RunAfters.java:27)
	at org.junit.runners.ParentRunner.runLeaf(ParentRunner.java:271)
	at org.junit.runners.BlockJUnit4ClassRunner.runChild(BlockJUnit4ClassRunner.java:70)
	at org.junit.runners.BlockJUnit4ClassRunner.runChild(BlockJUnit4ClassRunner.java:50)
	at org.junit.runners.ParentRunner$3.run(ParentRunner.java:238)
	at org.junit.runners.ParentRunner$1.schedule(ParentRunner.java:63)
	at org.junit.runners.ParentRunner.runChildren(ParentRunner.java:236)
	at org.junit.runners.ParentRunner.access$000(ParentRunner.java:53)
	at org.junit.runners.ParentRunner$2.evaluate(ParentRunner.java:229)
	at org.junit.runners.ParentRunner.run(ParentRunner.java:309)
	at org.apache.maven.surefire.junit4.JUnit4Provider.execute(JUnit4Provider.java:365)
	at org.apache.maven.surefire.junit4.JUnit4Provider.executeWithRerun(JUnit4Provider.java:273)
	at org.apache.maven.surefire.junit4.JUnit4Provider.executeTestSet(JUnit4Provider.java:238)
	at org.apache.maven.surefire.junit4.JUnit4Provider.invoke(JUnit4Provider.java:159)
	at org.apache.maven.surefire.booter.ForkedBooter.invokeProviderInSameClassLoader(ForkedBooter.java:384)
	at org.apache.maven.surefire.booter.ForkedBooter.runSuitesInProcess(ForkedBooter.java:345)
	at org.apache.maven.surefire.booter.ForkedBooter.execute(ForkedBooter.java:126)
	at org.apache.maven.surefire.booter.ForkedBooter.main(ForkedBooter.java:418)
</error>
    <system-out><![CDATA[2020-07-21 10:22:40,617 [Listener at 127.0.0.1/36761] WARN  server.ServerUtils (ServerUtils.java:getScmDbDir(148)) - ozone.scm.db.dirs is not configured. We recommend adding this setting. Falling back to ozone.metadata.dirs instead.
2020-07-21 10:22:40,618 [Listener at 127.0.0.1/36761] WARN  server.ServerUtils (ServerUtils.java:getScmDbDir(148)) - ozone.scm.db.dirs is not configured. We recommend adding this setting. Falling back to ozone.metadata.dirs instead.
2020-07-21 10:22:40,618 [Listener at 127.0.0.1/36761] WARN  db.DBStoreBuilder (DBStoreBuilder.java:createDBStoreBuilder(277)) - ozone.scm.db.dirs is not configured. We recommend adding this setting. Falling back to ozone.metadata.dirs instead.
2020-07-21 10:22:40,646 [Listener at 127.0.0.1/36761] INFO  net.NodeSchemaLoader (NodeSchemaLoader.java:loadSchemaFromFile(126)) - Loading file from sun.misc.CompoundEnumeration@232fc6a6
2020-07-21 10:22:40,646 [Listener at 127.0.0.1/36761] INFO  net.NodeSchemaLoader (NodeSchemaLoader.java:loadSchema(172)) - Loading network topology layer schema file
2020-07-21 10:22:40,649 [Listener at 127.0.0.1/36761] INFO  node.SCMNodeManager (SCMNodeManager.java:<init>(116)) - Entering startup safe mode.
2020-07-21 10:22:40,649 [Listener at 127.0.0.1/36761] INFO  algorithms.ContainerPlacementPolicyFactory (ContainerPlacementPolicyFactory.java:getPolicy(60)) - Create container placement policy of type org.apache.hadoop.hdds.scm.container.placement.algorithms.SCMContainerPlacementRandom
2020-07-21 10:22:40,650 [Listener at 127.0.0.1/36761] INFO  pipeline.SCMPipelineManager (SCMPipelineManager.java:initializePipelineState(158)) - No pipeline exists in current db
2020-07-21 10:22:40,651 [Listener at 127.0.0.1/36761] INFO  safemode.HealthyPipelineSafeModeRule (HealthyPipelineSafeModeRule.java:<init>(89)) - Total pipeline count is 0, healthy pipeline threshold count is 0
2020-07-21 10:22:40,651 [Listener at 127.0.0.1/36761] INFO  safemode.OneReplicaPipelineSafeModeRule (OneReplicaPipelineSafeModeRule.java:<init>(79)) - Total pipeline count is 0, pipeline's with at least one datanode reported threshold count is 0
2020-07-21 10:22:40,652 [Listener at 127.0.0.1/36761] INFO  ipc.CallQueueManager (CallQueueManager.java:<init>(84)) - Using callQueue: class java.util.concurrent.LinkedBlockingQueue, queueCapacity: 2000, scheduler: class org.apache.hadoop.ipc.DefaultRpcScheduler, ipcBackoff: false.
2020-07-21 10:22:40,652 [Socket Reader #1 for port 0] INFO  ipc.Server (Server.java:run(1219)) - Starting Socket Reader #1 for port 0
2020-07-21 10:22:40,652 [RatisPipelineUtilsThread] ERROR pipeline.SCMPipelineManager (SCMPipelineManager.java:createPipeline(275)) - Failed to create pipeline of type RATIS and factor ONE. Exception: Cannot create pipeline of factor 1 using 0 nodes. Used 0 nodes. Healthy nodes 0
2020-07-21 10:22:40,657 [Listener at 0.0.0.0/38247] INFO  ipc.CallQueueManager (CallQueueManager.java:<init>(84)) - Using callQueue: class java.util.concurrent.LinkedBlockingQueue, queueCapacity: 2000, scheduler: class org.apache.hadoop.ipc.DefaultRpcScheduler, ipcBackoff: false.
2020-07-21 10:22:40,658 [Socket Reader #1 for port 0] INFO  ipc.Server (Server.java:run(1219)) - Starting Socket Reader #1 for port 0
2020-07-21 10:22:40,660 [Listener at 0.0.0.0/42251] INFO  ipc.CallQueueManager (CallQueueManager.java:<init>(84)) - Using callQueue: class java.util.concurrent.LinkedBlockingQueue, queueCapacity: 2000, scheduler: class org.apache.hadoop.ipc.DefaultRpcScheduler, ipcBackoff: false.
2020-07-21 10:22:40,660 [Socket Reader #1 for port 0] INFO  ipc.Server (Server.java:run(1219)) - Starting Socket Reader #1 for port 0
2020-07-21 10:22:40,668 [Listener at 0.0.0.0/42143] INFO  http.BaseHttpServer (BaseHttpServer.java:newHttpServer2BuilderForOzone(207)) - Starting Web-server for scm at: http://0.0.0.0:0
2020-07-21 10:22:40,668 [Listener at 0.0.0.0/42143] INFO  http.BaseHttpServer (BaseHttpServer.java:<init>(106)) - Hadoop Security Enabled: false Ozone Security Enabled: false Ozone HTTP Security Enabled: false 
2020-07-21 10:22:40,669 [Listener at 0.0.0.0/42143] INFO  server.AuthenticationFilter (AuthenticationFilter.java:constructSecretProvider(240)) - Unable to initialize FileSignerSecretProvider, falling back to use random secrets.
2020-07-21 10:22:40,669 [Listener at 0.0.0.0/42143] WARN  http.HttpRequestLog (HttpRequestLog.java:getRequestLog(103)) - Jetty request log can only be enabled using Log4j
2020-07-21 10:22:40,670 [Listener at 0.0.0.0/42143] INFO  http.HttpServer2 (HttpServer2.java:addGlobalFilter(998)) - Added global filter 'safety' (class=org.apache.hadoop.hdds.server.http.HttpServer2$QuotingInputFilter)
2020-07-21 10:22:40,670 [Listener at 0.0.0.0/42143] INFO  http.HttpServer2 (HttpServer2.java:addFilter(974)) - Added filter static_user_filter (class=org.apache.hadoop.http.lib.StaticUserWebFilter$StaticUserFilter) to context scm
2020-07-21 10:22:40,670 [Listener at 0.0.0.0/42143] INFO  http.HttpServer2 (HttpServer2.java:addFilter(982)) - Added filter static_user_filter (class=org.apache.hadoop.http.lib.StaticUserWebFilter$StaticUserFilter) to context logs
2020-07-21 10:22:40,670 [Listener at 0.0.0.0/42143] INFO  http.HttpServer2 (HttpServer2.java:addFilter(982)) - Added filter static_user_filter (class=org.apache.hadoop.http.lib.StaticUserWebFilter$StaticUserFilter) to context static
2020-07-21 10:22:40,677 [Listener at 0.0.0.0/42143] INFO  server.StorageContainerManager (StorageContainerManager.java:start(784)) - StorageContainerLocationProtocol RPC server is listening at /0.0.0.0:42143
2020-07-21 10:22:40,678 [Listener at 0.0.0.0/42143] WARN  impl.MetricsConfig (MetricsConfig.java:loadFirst(134)) - Cannot locate configuration: tried hadoop-metrics2-storagecontainermanager.properties,hadoop-metrics2.properties
2020-07-21 10:22:40,679 [Listener at 0.0.0.0/42143] INFO  impl.MetricsSystemImpl (MetricsSystemImpl.java:startTimer(374)) - Scheduled Metric snapshot period at 10 second(s).
2020-07-21 10:22:40,679 [Listener at 0.0.0.0/42143] INFO  impl.MetricsSystemImpl (MetricsSystemImpl.java:start(191)) - StorageContainerManager metrics system started
2020-07-21 10:22:40,701 [Listener at 0.0.0.0/42143] WARN  impl.MetricsSystemImpl (MetricsSystemImpl.java:register(276)) - Sink prometheus already exists!
2020-07-21 10:22:40,704 [Listener at 0.0.0.0/42143] INFO  server.SCMClientProtocolServer (SCMClientProtocolServer.java:start(156)) - RPC server for Client  is listening at /0.0.0.0:42143
2020-07-21 10:22:40,709 [IPC Server Responder] INFO  ipc.Server (Server.java:run(1460)) - IPC Server Responder: starting
2020-07-21 10:22:40,713 [IPC Server listener on 0] INFO  ipc.Server (Server.java:run(1298)) - IPC Server listener on 0: starting
2020-07-21 10:22:40,717 [Listener at 0.0.0.0/42143] INFO  server.StorageContainerManager (StorageContainerManager.java:start(796)) - ScmBlockLocationProtocol RPC server is listening at /0.0.0.0:42251
2020-07-21 10:22:40,718 [Listener at 0.0.0.0/42143] INFO  server.SCMBlockProtocolServer (SCMBlockProtocolServer.java:start(149)) - RPC server for Block Protocol is listening at /0.0.0.0:42251
2020-07-21 10:22:40,718 [IPC Server Responder] INFO  ipc.Server (Server.java:run(1460)) - IPC Server Responder: starting
2020-07-21 10:22:40,723 [IPC Server listener on 0] INFO  ipc.Server (Server.java:run(1298)) - IPC Server listener on 0: starting
2020-07-21 10:22:40,724 [Listener at 0.0.0.0/42143] INFO  server.StorageContainerManager (StorageContainerManager.java:start(802)) - ScmDatanodeProtocl RPC server is listening at /0.0.0.0:38247
2020-07-21 10:22:40,724 [Listener at 0.0.0.0/42143] INFO  server.SCMDatanodeProtocolServer (SCMDatanodeProtocolServer.java:start(172)) - RPC server for DataNodes is listening at /0.0.0.0:38247
2020-07-21 10:22:40,725 [IPC Server Responder] INFO  ipc.Server (Server.java:run(1460)) - IPC Server Responder: starting
2020-07-21 10:22:40,725 [IPC Server listener on 0] INFO  ipc.Server (Server.java:run(1298)) - IPC Server listener on 0: starting
2020-07-21 10:22:40,727 [Listener at 0.0.0.0/42143] INFO  http.HttpServer2 (HttpServer2.java:bindListener(1216)) - Jetty bound to port 35757
2020-07-21 10:22:40,727 [Listener at 0.0.0.0/42143] INFO  server.Server (Server.java:doStart(359)) - jetty-9.4.26.v20200117; built: 2020-01-17T12:35:33.676Z; git: 7b38981d25d14afb4a12ff1f2596756144edf695; jvm 1.8.0_232-b09
2020-07-21 10:22:40,728 [Listener at 0.0.0.0/42143] INFO  server.session (DefaultSessionIdManager.java:doStart(333)) - DefaultSessionIdManager workerName=node0
2020-07-21 10:22:40,728 [Listener at 0.0.0.0/42143] INFO  server.session (DefaultSessionIdManager.java:doStart(338)) - No SessionScavenger set, using defaults
2020-07-21 10:22:40,728 [Listener at 0.0.0.0/42143] INFO  server.session (HouseKeeper.java:startScavenging(140)) - node0 Scavenging every 660000ms
2020-07-21 10:22:40,728 [Listener at 0.0.0.0/42143] INFO  handler.ContextHandler (ContextHandler.java:doStart(825)) - Started o.e.j.s.ServletContextHandler@2968ff7a{logs,/logs,file:///github/workspace/mnt/ozone/hadoop-ozone/integration-test/target/log,AVAILABLE}
2020-07-21 10:22:40,729 [Listener at 0.0.0.0/42143] INFO  handler.ContextHandler (ContextHandler.java:doStart(825)) - Started o.e.j.s.ServletContextHandler@29923d3d{static,/static,file:///github/workspace/mnt/ozone/hadoop-ozone/integration-test/target/test-classes/webapps/static,AVAILABLE}
2020-07-21 10:22:40,731 [Listener at 0.0.0.0/42143] INFO  handler.ContextHandler (ContextHandler.java:doStart(825)) - Started o.e.j.w.WebAppContext@153e2f2f{scm,/,file:///github/workspace/mnt/ozone/hadoop-ozone/integration-test/target/test-classes/webapps/scm/,AVAILABLE}{file:/github/workspace/mnt/ozone/hadoop-ozone/integration-test/target/test-classes/webapps/scm}
2020-07-21 10:22:40,741 [Listener at 0.0.0.0/42143] INFO  server.AbstractConnector (AbstractConnector.java:doStart(330)) - Started ServerConnector@41c6dbac{HTTP/1.1,[http/1.1]}{0.0.0.0:35757}
2020-07-21 10:22:40,741 [Listener at 0.0.0.0/42143] INFO  server.Server (Server.java:doStart(399)) - Started @158690ms
2020-07-21 10:22:40,741 [Listener at 0.0.0.0/42143] WARN  impl.MetricsSystemImpl (MetricsSystemImpl.java:register(276)) - Sink prometheus already exists!
2020-07-21 10:22:40,744 [Listener at 0.0.0.0/42143] INFO  http.BaseHttpServer (BaseHttpServer.java:updateConnectorAddress(327)) - HTTP server of scm listening at http://0.0.0.0:35757
2020-07-21 10:22:40,744 [Listener at 0.0.0.0/42143] WARN  server.ServerUtils (ServerUtils.java:getDBPath(225)) - ozone.om.db.dirs is not configured. We recommend adding this setting. Falling back to ozone.metadata.dirs instead.
2020-07-21 10:22:40,745 [org.apache.hadoop.util.JvmPauseMonitor$Monitor@5f914d68] INFO  util.JvmPauseMonitor (JvmPauseMonitor.java:run(188)) - Starting JVM pause monitor
2020-07-21 10:22:40,746 [Listener at 0.0.0.0/42143] INFO  ha.OMHANodeDetails (OMHANodeDetails.java:loadOMHAConfig(104)) - ozone.om.internal.service.id is not defined, falling back to ozone.om.service.ids to find serviceID for OzoneManager if it is HA enabled cluster
2020-07-21 10:22:40,746 [Listener at 0.0.0.0/42143] INFO  ha.OMHANodeDetails (OMHANodeDetails.java:loadOMHAConfig(213)) - Configuration either no ozone.om.address set. Falling back to the default OM address /127.0.0.1:0
2020-07-21 10:22:40,746 [Listener at 0.0.0.0/42143] INFO  ha.OMHANodeDetails (OMHANodeDetails.java:getOMNodeDetails(241)) - OM Service ID is not set. Setting it to the default ID: omServiceIdDefault
2020-07-21 10:22:40,746 [Listener at 0.0.0.0/42143] WARN  server.ServerUtils (ServerUtils.java:getDBPath(225)) - ozone.om.db.dirs is not configured. We recommend adding this setting. Falling back to ozone.metadata.dirs instead.
2020-07-21 10:22:40,746 [Listener at 0.0.0.0/42143] WARN  server.ServerUtils (ServerUtils.java:getDBPath(225)) - ozone.om.db.dirs is not configured. We recommend adding this setting. Falling back to ozone.metadata.dirs instead.
2020-07-21 10:22:40,753 [Listener at 0.0.0.0/42143] WARN  server.ServerUtils (ServerUtils.java:getDBPath(225)) - ozone.om.db.dirs is not configured. We recommend adding this setting. Falling back to ozone.metadata.dirs instead.
2020-07-21 10:22:40,801 [Listener at 0.0.0.0/42143] INFO  ipc.CallQueueManager (CallQueueManager.java:<init>(84)) - Using callQueue: class java.util.concurrent.LinkedBlockingQueue, queueCapacity: 2000, scheduler: class org.apache.hadoop.ipc.DefaultRpcScheduler, ipcBackoff: false.
2020-07-21 10:22:40,804 [Socket Reader #1 for port 0] INFO  ipc.Server (Server.java:run(1219)) - Starting Socket Reader #1 for port 0
2020-07-21 10:22:40,815 [Listener at 127.0.0.1/37905] INFO  impl.MetricsSystemImpl (MetricsSystemImpl.java:init(158)) - OzoneManager metrics system started (again)
2020-07-21 10:22:40,816 [Listener at 127.0.0.1/37905] INFO  om.OzoneManager (OzoneManager.java:start(1101)) - OzoneManager RPC server is listening at localhost/127.0.0.1:37905
2020-07-21 10:22:40,817 [IPC Server Responder] INFO  ipc.Server (Server.java:run(1460)) - IPC Server Responder: starting
2020-07-21 10:22:40,817 [IPC Server listener on 0] INFO  ipc.Server (Server.java:run(1298)) - IPC Server listener on 0: starting
2020-07-21 10:22:40,822 [Listener at 127.0.0.1/37905] INFO  http.BaseHttpServer (BaseHttpServer.java:newHttpServer2BuilderForOzone(207)) - Starting Web-server for ozoneManager at: http://0.0.0.0:0
2020-07-21 10:22:40,822 [Listener at 127.0.0.1/37905] INFO  http.BaseHttpServer (BaseHttpServer.java:<init>(106)) - Hadoop Security Enabled: false Ozone Security Enabled: false Ozone HTTP Security Enabled: false 
2020-07-21 10:22:40,823 [Listener at 127.0.0.1/37905] INFO  server.AuthenticationFilter (AuthenticationFilter.java:constructSecretProvider(240)) - Unable to initialize FileSignerSecretProvider, falling back to use random secrets.
2020-07-21 10:22:40,823 [Listener at 127.0.0.1/37905] WARN  http.HttpRequestLog (HttpRequestLog.java:getRequestLog(103)) - Jetty request log can only be enabled using Log4j
2020-07-21 10:22:40,824 [Listener at 127.0.0.1/37905] INFO  http.HttpServer2 (HttpServer2.java:addGlobalFilter(998)) - Added global filter 'safety' (class=org.apache.hadoop.hdds.server.http.HttpServer2$QuotingInputFilter)
2020-07-21 10:22:40,824 [Listener at 127.0.0.1/37905] INFO  http.HttpServer2 (HttpServer2.java:addFilter(974)) - Added filter static_user_filter (class=org.apache.hadoop.http.lib.StaticUserWebFilter$StaticUserFilter) to context ozoneManager
2020-07-21 10:22:40,824 [Listener at 127.0.0.1/37905] INFO  http.HttpServer2 (HttpServer2.java:addFilter(982)) - Added filter static_user_filter (class=org.apache.hadoop.http.lib.StaticUserWebFilter$StaticUserFilter) to context static
2020-07-21 10:22:40,824 [Listener at 127.0.0.1/37905] INFO  http.HttpServer2 (HttpServer2.java:addFilter(982)) - Added filter static_user_filter (class=org.apache.hadoop.http.lib.StaticUserWebFilter$StaticUserFilter) to context logs
2020-07-21 10:22:40,825 [Listener at 127.0.0.1/37905] INFO  http.HttpServer2 (HttpServer2.java:bindListener(1216)) - Jetty bound to port 38427
2020-07-21 10:22:40,825 [Listener at 127.0.0.1/37905] INFO  server.Server (Server.java:doStart(359)) - jetty-9.4.26.v20200117; built: 2020-01-17T12:35:33.676Z; git: 7b38981d25d14afb4a12ff1f2596756144edf695; jvm 1.8.0_232-b09
2020-07-21 10:22:40,826 [Listener at 127.0.0.1/37905] INFO  server.session (DefaultSessionIdManager.java:doStart(333)) - DefaultSessionIdManager workerName=node0
2020-07-21 10:22:40,826 [Listener at 127.0.0.1/37905] INFO  server.session (DefaultSessionIdManager.java:doStart(338)) - No SessionScavenger set, using defaults
2020-07-21 10:22:40,826 [Listener at 127.0.0.1/37905] INFO  server.session (HouseKeeper.java:startScavenging(140)) - node0 Scavenging every 660000ms
2020-07-21 10:22:40,826 [Listener at 127.0.0.1/37905] INFO  handler.ContextHandler (ContextHandler.java:doStart(825)) - Started o.e.j.s.ServletContextHandler@4ddeada6{logs,/logs,file:///github/workspace/mnt/ozone/hadoop-ozone/integration-test/target/log,AVAILABLE}
2020-07-21 10:22:40,827 [Listener at 127.0.0.1/37905] INFO  handler.ContextHandler (ContextHandler.java:doStart(825)) - Started o.e.j.s.ServletContextHandler@b0e7bde{static,/static,file:///github/workspace/mnt/ozone/hadoop-ozone/integration-test/target/test-classes/webapps/static,AVAILABLE}
2020-07-21 10:22:40,829 [Listener at 127.0.0.1/37905] INFO  handler.ContextHandler (ContextHandler.java:doStart(825)) - Started o.e.j.w.WebAppContext@4468deb7{ozoneManager,/,file:///github/workspace/mnt/ozone/hadoop-ozone/integration-test/target/test-classes/webapps/ozoneManager/,AVAILABLE}{file:/github/workspace/mnt/ozone/hadoop-ozone/integration-test/target/test-classes/webapps/ozoneManager}
2020-07-21 10:22:40,831 [Listener at 127.0.0.1/37905] INFO  server.AbstractConnector (AbstractConnector.java:doStart(330)) - Started ServerConnector@11b0cf30{HTTP/1.1,[http/1.1]}{0.0.0.0:38427}
2020-07-21 10:22:40,831 [Listener at 127.0.0.1/37905] INFO  server.Server (Server.java:doStart(399)) - Started @158781ms
2020-07-21 10:22:40,831 [Listener at 127.0.0.1/37905] WARN  impl.MetricsSystemImpl (MetricsSystemImpl.java:register(276)) - Sink prometheus already exists!
2020-07-21 10:22:40,834 [Listener at 127.0.0.1/37905] INFO  http.BaseHttpServer (BaseHttpServer.java:updateConnectorAddress(327)) - HTTP server of ozoneManager listening at http://0.0.0.0:38427
2020-07-21 10:22:40,834 [org.apache.hadoop.util.JvmPauseMonitor$Monitor@1ea786bd] INFO  util.JvmPauseMonitor (JvmPauseMonitor.java:run(188)) - Starting JVM pause monitor
2020-07-21 10:22:40,860 [Listener at 127.0.0.1/37905] INFO  impl.MetricsSystemImpl (MetricsSystemImpl.java:init(158)) - HddsDatanode metrics system started (again)
2020-07-21 10:22:40,862 [Listener at 127.0.0.1/37905] INFO  ozone.HddsDatanodeService (HddsDatanodeService.java:start(214)) - HddsDatanodeService host:f401945b6f42 ip:172.17.0.2
2020-07-21 10:22:40,865 [Listener at 127.0.0.1/37905] INFO  volume.HddsVolume (HddsVolume.java:<init>(176)) - Creating Volume: /github/workspace/mnt/ozone/hadoop-ozone/integration-test/target/test-dir/MiniOzoneClusterImpl-26aa3f93-67e0-4cbe-8624-cf0efb7a6165/datanode-0/data-0/containers/hdds of storage type : DISK and capacity : 9223372036854775807
2020-07-21 10:22:40,866 [Listener at 127.0.0.1/37905] INFO  volume.MutableVolumeSet (MutableVolumeSet.java:initializeVolumeSet(179)) - Added Volume : /github/workspace/mnt/ozone/hadoop-ozone/integration-test/target/test-dir/MiniOzoneClusterImpl-26aa3f93-67e0-4cbe-8624-cf0efb7a6165/datanode-0/data-0/containers/hdds to VolumeSet
2020-07-21 10:22:40,867 [Listener at 127.0.0.1/37905] INFO  volume.ThrottledAsyncChecker (ThrottledAsyncChecker.java:schedule(141)) - Scheduling a check for /github/workspace/mnt/ozone/hadoop-ozone/integration-test/target/test-dir/MiniOzoneClusterImpl-26aa3f93-67e0-4cbe-8624-cf0efb7a6165/datanode-0/data-0/containers/hdds
2020-07-21 10:22:40,867 [Listener at 127.0.0.1/37905] INFO  volume.HddsVolumeChecker (HddsVolumeChecker.java:checkAllVolumes(200)) - Scheduled health check for volume /github/workspace/mnt/ozone/hadoop-ozone/integration-test/target/test-dir/MiniOzoneClusterImpl-26aa3f93-67e0-4cbe-8624-cf0efb7a6165/datanode-0/data-0/containers/hdds
2020-07-21 10:22:40,881 [Listener at 127.0.0.1/37905] INFO  impl.RaftServerProxy (ConfUtils.java:logGet(44)) - raft.rpc.type = GRPC (default)
2020-07-21 10:22:40,881 [Listener at 127.0.0.1/37905] INFO  grpc.GrpcFactory (GrpcFactory.java:checkPooledByteBufAllocatorUseCacheForAllThreads(45)) - PERFORMANCE WARNING: useCacheForAllThreads is true that may cause Netty to create a lot garbage objects and, as a result, trigger GC.
	It is recommended to disable useCacheForAllThreads by setting -Dorg.apache.ratis.thirdparty.io.netty.allocator.useCacheForAllThreads=false in command line.
2020-07-21 10:22:40,881 [Listener at 127.0.0.1/37905] INFO  grpc.GrpcConfigKeys (ConfUtils.java:logGet(44)) - raft.grpc.server.port = 0 (default)
2020-07-21 10:22:40,881 [Listener at 127.0.0.1/37905] INFO  server.GrpcService (ConfUtils.java:logGet(44)) - raft.grpc.message.size.max = 32MB (=33554432) (custom)
2020-07-21 10:22:40,881 [Listener at 127.0.0.1/37905] INFO  server.RaftServerConfigKeys (ConfUtils.java:logGet(44)) - raft.server.log.appender.buffer.byte-limit = 33554432 (custom)
2020-07-21 10:22:40,882 [Listener at 127.0.0.1/37905] INFO  server.GrpcService (ConfUtils.java:logGet(44)) - raft.grpc.flow.control.window = 5MB (=5242880) (custom)
2020-07-21 10:22:40,882 [Listener at 127.0.0.1/37905] INFO  server.RaftServerConfigKeys (ConfUtils.java:logGet(44)) - raft.server.rpc.request.timeout = 3000ms (default)
2020-07-21 10:22:40,882 [Listener at 127.0.0.1/37905] INFO  server.RaftServerConfigKeys (ConfUtils.java:logGet(44)) - raft.server.storage.dir = [/github/workspace/mnt/ozone/hadoop-ozone/integration-test/target/test-dir/MiniOzoneClusterImpl-26aa3f93-67e0-4cbe-8624-cf0efb7a6165/datanode-0/data/ratis] (custom)
2020-07-21 10:22:40,890 [Listener at 127.0.0.1/37905] INFO  http.BaseHttpServer (BaseHttpServer.java:newHttpServer2BuilderForOzone(207)) - Starting Web-server for hddsDatanode at: http://0.0.0.0:0
2020-07-21 10:22:40,891 [Listener at 127.0.0.1/37905] INFO  http.BaseHttpServer (BaseHttpServer.java:<init>(106)) - Hadoop Security Enabled: false Ozone Security Enabled: false Ozone HTTP Security Enabled: false 
2020-07-21 10:22:40,891 [Listener at 127.0.0.1/37905] INFO  server.AuthenticationFilter (AuthenticationFilter.java:constructSecretProvider(240)) - Unable to initialize FileSignerSecretProvider, falling back to use random secrets.
2020-07-21 10:22:40,892 [Listener at 127.0.0.1/37905] WARN  http.HttpRequestLog (HttpRequestLog.java:getRequestLog(103)) - Jetty request log can only be enabled using Log4j
2020-07-21 10:22:40,892 [Listener at 127.0.0.1/37905] INFO  http.HttpServer2 (HttpServer2.java:addGlobalFilter(998)) - Added global filter 'safety' (class=org.apache.hadoop.hdds.server.http.HttpServer2$QuotingInputFilter)
2020-07-21 10:22:40,893 [Listener at 127.0.0.1/37905] INFO  http.HttpServer2 (HttpServer2.java:addFilter(974)) - Added filter static_user_filter (class=org.apache.hadoop.http.lib.StaticUserWebFilter$StaticUserFilter) to context hddsDatanode
2020-07-21 10:22:40,893 [Listener at 127.0.0.1/37905] INFO  http.HttpServer2 (HttpServer2.java:addFilter(982)) - Added filter static_user_filter (class=org.apache.hadoop.http.lib.StaticUserWebFilter$StaticUserFilter) to context logs
2020-07-21 10:22:40,893 [Listener at 127.0.0.1/37905] INFO  http.HttpServer2 (HttpServer2.java:addFilter(982)) - Added filter static_user_filter (class=org.apache.hadoop.http.lib.StaticUserWebFilter$StaticUserFilter) to context static
2020-07-21 10:22:40,893 [Listener at 127.0.0.1/37905] INFO  http.HttpServer2 (HttpServer2.java:bindListener(1216)) - Jetty bound to port 42351
2020-07-21 10:22:40,893 [Listener at 127.0.0.1/37905] INFO  server.Server (Server.java:doStart(359)) - jetty-9.4.26.v20200117; built: 2020-01-17T12:35:33.676Z; git: 7b38981d25d14afb4a12ff1f2596756144edf695; jvm 1.8.0_232-b09
2020-07-21 10:22:40,897 [Listener at 127.0.0.1/37905] INFO  server.session (DefaultSessionIdManager.java:doStart(333)) - DefaultSessionIdManager workerName=node0
2020-07-21 10:22:40,897 [Listener at 127.0.0.1/37905] INFO  server.session (DefaultSessionIdManager.java:doStart(338)) - No SessionScavenger set, using defaults
2020-07-21 10:22:40,897 [Listener at 127.0.0.1/37905] INFO  server.session (HouseKeeper.java:startScavenging(140)) - node0 Scavenging every 600000ms
2020-07-21 10:22:40,898 [Listener at 127.0.0.1/37905] INFO  handler.ContextHandler (ContextHandler.java:doStart(825)) - Started o.e.j.s.ServletContextHandler@2c3c36df{logs,/logs,file:///github/workspace/mnt/ozone/hadoop-ozone/integration-test/target/log,AVAILABLE}
2020-07-21 10:22:40,898 [Listener at 127.0.0.1/37905] INFO  handler.ContextHandler (ContextHandler.java:doStart(825)) - Started o.e.j.s.ServletContextHandler@6edbdbed{static,/static,jar:file:/home/user/.m2/repository/org/apache/hadoop/hadoop-hdds-container-service/0.6.0-SNAPSHOT/hadoop-hdds-container-service-0.6.0-SNAPSHOT.jar!/webapps/static,AVAILABLE}
2020-07-21 10:22:40,960 [Listener at 127.0.0.1/37905] INFO  handler.ContextHandler (ContextHandler.java:doStart(825)) - Started o.e.j.w.WebAppContext@68955382{hddsDatanode,/,file:///tmp/jetty-0_0_0_0-42351-hadoop-hdds-container-service-0_6_0-SNAPSHOT_jar-_-any-6331895688568109780.dir/webapp/,AVAILABLE}{jar:file:/home/user/.m2/repository/org/apache/hadoop/hadoop-hdds-container-service/0.6.0-SNAPSHOT/hadoop-hdds-container-service-0.6.0-SNAPSHOT.jar!/webapps/hddsDatanode}
2020-07-21 10:22:40,960 [Listener at 127.0.0.1/37905] INFO  server.AbstractConnector (AbstractConnector.java:doStart(330)) - Started ServerConnector@3833a045{HTTP/1.1,[http/1.1]}{0.0.0.0:42351}
2020-07-21 10:22:40,961 [Listener at 127.0.0.1/37905] INFO  server.Server (Server.java:doStart(399)) - Started @158910ms
2020-07-21 10:22:40,961 [Listener at 127.0.0.1/37905] WARN  impl.MetricsSystemImpl (MetricsSystemImpl.java:register(276)) - Sink prometheus already exists!
2020-07-21 10:22:40,964 [Listener at 127.0.0.1/37905] INFO  http.BaseHttpServer (BaseHttpServer.java:updateConnectorAddress(327)) - HTTP server of hddsDatanode listening at http://0.0.0.0:42351
2020-07-21 10:22:40,965 [Listener at 127.0.0.1/37905] INFO  impl.MetricsSystemImpl (MetricsSystemImpl.java:init(158)) - HddsDatanode metrics system started (again)
2020-07-21 10:22:40,966 [Datanode State Machine Thread - 0] INFO  datanode.InitDatanodeState (InitDatanodeState.java:persistContainerDatanodeDetails(145)) - DatanodeDetails is persisted to /github/workspace/mnt/ozone/hadoop-ozone/integration-test/target/test-dir/MiniOzoneClusterImpl-26aa3f93-67e0-4cbe-8624-cf0efb7a6165/datanode-0/meta/datanode.id
2020-07-21 10:22:40,966 [org.apache.hadoop.util.JvmPauseMonitor$Monitor@1627ee7e] INFO  util.JvmPauseMonitor (JvmPauseMonitor.java:run(188)) - Starting JVM pause monitor
2020-07-21 10:22:40,966 [Listener at 127.0.0.1/37905] INFO  ozone.HddsDatanodeService (HddsDatanodeService.java:start(214)) - HddsDatanodeService host:f401945b6f42 ip:172.17.0.2
2020-07-21 10:22:40,967 [Listener at 127.0.0.1/37905] INFO  volume.HddsVolume (HddsVolume.java:<init>(176)) - Creating Volume: /github/workspace/mnt/ozone/hadoop-ozone/integration-test/target/test-dir/MiniOzoneClusterImpl-26aa3f93-67e0-4cbe-8624-cf0efb7a6165/datanode-1/data-0/containers/hdds of storage type : DISK and capacity : 9223372036854775807
2020-07-21 10:22:40,967 [Listener at 127.0.0.1/37905] INFO  volume.MutableVolumeSet (MutableVolumeSet.java:initializeVolumeSet(179)) - Added Volume : /github/workspace/mnt/ozone/hadoop-ozone/integration-test/target/test-dir/MiniOzoneClusterImpl-26aa3f93-67e0-4cbe-8624-cf0efb7a6165/datanode-1/data-0/containers/hdds to VolumeSet
2020-07-21 10:22:40,967 [Listener at 127.0.0.1/37905] INFO  volume.ThrottledAsyncChecker (ThrottledAsyncChecker.java:schedule(141)) - Scheduling a check for /github/workspace/mnt/ozone/hadoop-ozone/integration-test/target/test-dir/MiniOzoneClusterImpl-26aa3f93-67e0-4cbe-8624-cf0efb7a6165/datanode-1/data-0/containers/hdds
2020-07-21 10:22:40,968 [Listener at 127.0.0.1/37905] INFO  volume.HddsVolumeChecker (HddsVolumeChecker.java:checkAllVolumes(200)) - Scheduled health check for volume /github/workspace/mnt/ozone/hadoop-ozone/integration-test/target/test-dir/MiniOzoneClusterImpl-26aa3f93-67e0-4cbe-8624-cf0efb7a6165/datanode-1/data-0/containers/hdds
2020-07-21 10:22:40,982 [Listener at 127.0.0.1/37905] INFO  impl.RaftServerProxy (ConfUtils.java:logGet(44)) - raft.rpc.type = GRPC (default)
2020-07-21 10:22:40,982 [Listener at 127.0.0.1/37905] INFO  grpc.GrpcFactory (GrpcFactory.java:checkPooledByteBufAllocatorUseCacheForAllThreads(45)) - PERFORMANCE WARNING: useCacheForAllThreads is true that may cause Netty to create a lot garbage objects and, as a result, trigger GC.
	It is recommended to disable useCacheForAllThreads by setting -Dorg.apache.ratis.thirdparty.io.netty.allocator.useCacheForAllThreads=false in command line.
2020-07-21 10:22:40,982 [Listener at 127.0.0.1/37905] INFO  grpc.GrpcConfigKeys (ConfUtils.java:logGet(44)) - raft.grpc.server.port = 0 (default)
2020-07-21 10:22:40,982 [Listener at 127.0.0.1/37905] INFO  server.GrpcService (ConfUtils.java:logGet(44)) - raft.grpc.message.size.max = 32MB (=33554432) (custom)
2020-07-21 10:22:40,982 [Listener at 127.0.0.1/37905] INFO  server.RaftServerConfigKeys (ConfUtils.java:logGet(44)) - raft.server.log.appender.buffer.byte-limit = 33554432 (custom)
2020-07-21 10:22:40,982 [Listener at 127.0.0.1/37905] INFO  server.GrpcService (ConfUtils.java:logGet(44)) - raft.grpc.flow.control.window = 5MB (=5242880) (custom)
2020-07-21 10:22:40,982 [Listener at 127.0.0.1/37905] INFO  server.RaftServerConfigKeys (ConfUtils.java:logGet(44)) - raft.server.rpc.request.timeout = 3000ms (default)
2020-07-21 10:22:40,983 [Listener at 127.0.0.1/37905] INFO  server.RaftServerConfigKeys (ConfUtils.java:logGet(44)) - raft.server.storage.dir = [/github/workspace/mnt/ozone/hadoop-ozone/integration-test/target/test-dir/MiniOzoneClusterImpl-26aa3f93-67e0-4cbe-8624-cf0efb7a6165/datanode-1/data/ratis] (custom)
2020-07-21 10:22:40,987 [Listener at 127.0.0.1/37905] INFO  http.BaseHttpServer (BaseHttpServer.java:newHttpServer2BuilderForOzone(207)) - Starting Web-server for hddsDatanode at: http://0.0.0.0:0
2020-07-21 10:22:40,987 [Listener at 127.0.0.1/37905] INFO  http.BaseHttpServer (BaseHttpServer.java:<init>(106)) - Hadoop Security Enabled: false Ozone Security Enabled: false Ozone HTTP Security Enabled: false 
2020-07-21 10:22:40,987 [Listener at 127.0.0.1/37905] INFO  server.AuthenticationFilter (AuthenticationFilter.java:constructSecretProvider(240)) - Unable to initialize FileSignerSecretProvider, falling back to use random secrets.
2020-07-21 10:22:40,988 [Listener at 127.0.0.1/37905] WARN  http.HttpRequestLog (HttpRequestLog.java:getRequestLog(103)) - Jetty request log can only be enabled using Log4j
2020-07-21 10:22:40,988 [Listener at 127.0.0.1/37905] INFO  http.HttpServer2 (HttpServer2.java:addGlobalFilter(998)) - Added global filter 'safety' (class=org.apache.hadoop.hdds.server.http.HttpServer2$QuotingInputFilter)
2020-07-21 10:22:40,989 [Listener at 127.0.0.1/37905] INFO  http.HttpServer2 (HttpServer2.java:addFilter(974)) - Added filter static_user_filter (class=org.apache.hadoop.http.lib.StaticUserWebFilter$StaticUserFilter) to context hddsDatanode
2020-07-21 10:22:40,989 [Listener at 127.0.0.1/37905] INFO  http.HttpServer2 (HttpServer2.java:addFilter(982)) - Added filter static_user_filter (class=org.apache.hadoop.http.lib.StaticUserWebFilter$StaticUserFilter) to context logs
2020-07-21 10:22:40,989 [Listener at 127.0.0.1/37905] INFO  http.HttpServer2 (HttpServer2.java:addFilter(982)) - Added filter static_user_filter (class=org.apache.hadoop.http.lib.StaticUserWebFilter$StaticUserFilter) to context static
2020-07-21 10:22:40,989 [Listener at 127.0.0.1/37905] INFO  http.HttpServer2 (HttpServer2.java:bindListener(1216)) - Jetty bound to port 37267
2020-07-21 10:22:40,989 [Listener at 127.0.0.1/37905] INFO  server.Server (Server.java:doStart(359)) - jetty-9.4.26.v20200117; built: 2020-01-17T12:35:33.676Z; git: 7b38981d25d14afb4a12ff1f2596756144edf695; jvm 1.8.0_232-b09
2020-07-21 10:22:40,990 [Listener at 127.0.0.1/37905] INFO  server.session (DefaultSessionIdManager.java:doStart(333)) - DefaultSessionIdManager workerName=node0
2020-07-21 10:22:40,990 [Listener at 127.0.0.1/37905] INFO  server.session (DefaultSessionIdManager.java:doStart(338)) - No SessionScavenger set, using defaults
2020-07-21 10:22:40,991 [Listener at 127.0.0.1/37905] INFO  server.session (HouseKeeper.java:startScavenging(140)) - node0 Scavenging every 600000ms
2020-07-21 10:22:40,991 [Listener at 127.0.0.1/37905] INFO  handler.ContextHandler (ContextHandler.java:doStart(825)) - Started o.e.j.s.ServletContextHandler@63dc973e{logs,/logs,file:///github/workspace/mnt/ozone/hadoop-ozone/integration-test/target/log,AVAILABLE}
2020-07-21 10:22:40,991 [Listener at 127.0.0.1/37905] INFO  handler.ContextHandler (ContextHandler.java:doStart(825)) - Started o.e.j.s.ServletContextHandler@793dbe67{static,/static,jar:file:/home/user/.m2/repository/org/apache/hadoop/hadoop-hdds-container-service/0.6.0-SNAPSHOT/hadoop-hdds-container-service-0.6.0-SNAPSHOT.jar!/webapps/static,AVAILABLE}
2020-07-21 10:22:41,068 [Listener at 127.0.0.1/37905] INFO  handler.ContextHandler (ContextHandler.java:doStart(825)) - Started o.e.j.w.WebAppContext@1d0544b3{hddsDatanode,/,file:///tmp/jetty-0_0_0_0-37267-hadoop-hdds-container-service-0_6_0-SNAPSHOT_jar-_-any-3021331384337652809.dir/webapp/,AVAILABLE}{jar:file:/home/user/.m2/repository/org/apache/hadoop/hadoop-hdds-container-service/0.6.0-SNAPSHOT/hadoop-hdds-container-service-0.6.0-SNAPSHOT.jar!/webapps/hddsDatanode}
2020-07-21 10:22:41,070 [Listener at 127.0.0.1/37905] INFO  server.AbstractConnector (AbstractConnector.java:doStart(330)) - Started ServerConnector@784bb800{HTTP/1.1,[http/1.1]}{0.0.0.0:37267}
2020-07-21 10:22:41,070 [Listener at 127.0.0.1/37905] INFO  server.Server (Server.java:doStart(399)) - Started @159019ms
2020-07-21 10:22:41,070 [Listener at 127.0.0.1/37905] WARN  impl.MetricsSystemImpl (MetricsSystemImpl.java:register(276)) - Sink prometheus already exists!
2020-07-21 10:22:41,073 [Listener at 127.0.0.1/37905] INFO  http.BaseHttpServer (BaseHttpServer.java:updateConnectorAddress(327)) - HTTP server of hddsDatanode listening at http://0.0.0.0:37267
2020-07-21 10:22:41,073 [Listener at 127.0.0.1/37905] INFO  impl.MetricsSystemImpl (MetricsSystemImpl.java:init(158)) - HddsDatanode metrics system started (again)
2020-07-21 10:22:41,074 [Listener at 127.0.0.1/37905] INFO  ozone.HddsDatanodeService (HddsDatanodeService.java:start(214)) - HddsDatanodeService host:f401945b6f42 ip:172.17.0.2
2020-07-21 10:22:41,077 [org.apache.hadoop.util.JvmPauseMonitor$Monitor@36eecd57] INFO  util.JvmPauseMonitor (JvmPauseMonitor.java:run(188)) - Starting JVM pause monitor
2020-07-21 10:22:41,077 [Datanode State Machine Thread - 0] INFO  datanode.InitDatanodeState (InitDatanodeState.java:persistContainerDatanodeDetails(145)) - DatanodeDetails is persisted to /github/workspace/mnt/ozone/hadoop-ozone/integration-test/target/test-dir/MiniOzoneClusterImpl-26aa3f93-67e0-4cbe-8624-cf0efb7a6165/datanode-1/meta/datanode.id
2020-07-21 10:22:41,078 [Listener at 127.0.0.1/37905] INFO  volume.HddsVolume (HddsVolume.java:<init>(176)) - Creating Volume: /github/workspace/mnt/ozone/hadoop-ozone/integration-test/target/test-dir/MiniOzoneClusterImpl-26aa3f93-67e0-4cbe-8624-cf0efb7a6165/datanode-2/data-0/containers/hdds of storage type : DISK and capacity : 9223372036854775807
2020-07-21 10:22:41,078 [Listener at 127.0.0.1/37905] INFO  volume.MutableVolumeSet (MutableVolumeSet.java:initializeVolumeSet(179)) - Added Volume : /github/workspace/mnt/ozone/hadoop-ozone/integration-test/target/test-dir/MiniOzoneClusterImpl-26aa3f93-67e0-4cbe-8624-cf0efb7a6165/datanode-2/data-0/containers/hdds to VolumeSet
2020-07-21 10:22:41,078 [Listener at 127.0.0.1/37905] INFO  volume.ThrottledAsyncChecker (ThrottledAsyncChecker.java:schedule(141)) - Scheduling a check for /github/workspace/mnt/ozone/hadoop-ozone/integration-test/target/test-dir/MiniOzoneClusterImpl-26aa3f93-67e0-4cbe-8624-cf0efb7a6165/datanode-2/data-0/containers/hdds
2020-07-21 10:22:41,079 [Listener at 127.0.0.1/37905] INFO  volume.HddsVolumeChecker (HddsVolumeChecker.java:checkAllVolumes(200)) - Scheduled health check for volume /github/workspace/mnt/ozone/hadoop-ozone/integration-test/target/test-dir/MiniOzoneClusterImpl-26aa3f93-67e0-4cbe-8624-cf0efb7a6165/datanode-2/data-0/containers/hdds
2020-07-21 10:22:41,092 [Listener at 127.0.0.1/37905] INFO  impl.RaftServerProxy (ConfUtils.java:logGet(44)) - raft.rpc.type = GRPC (default)
2020-07-21 10:22:41,092 [Listener at 127.0.0.1/37905] INFO  grpc.GrpcFactory (GrpcFactory.java:checkPooledByteBufAllocatorUseCacheForAllThreads(45)) - PERFORMANCE WARNING: useCacheForAllThreads is true that may cause Netty to create a lot garbage objects and, as a result, trigger GC.
	It is recommended to disable useCacheForAllThreads by setting -Dorg.apache.ratis.thirdparty.io.netty.allocator.useCacheForAllThreads=false in command line.
2020-07-21 10:22:41,092 [Listener at 127.0.0.1/37905] INFO  grpc.GrpcConfigKeys (ConfUtils.java:logGet(44)) - raft.grpc.server.port = 0 (default)
2020-07-21 10:22:41,092 [Listener at 127.0.0.1/37905] INFO  server.GrpcService (ConfUtils.java:logGet(44)) - raft.grpc.message.size.max = 32MB (=33554432) (custom)
2020-07-21 10:22:41,092 [Listener at 127.0.0.1/37905] INFO  server.RaftServerConfigKeys (ConfUtils.java:logGet(44)) - raft.server.log.appender.buffer.byte-limit = 33554432 (custom)
2020-07-21 10:22:41,092 [Listener at 127.0.0.1/37905] INFO  server.GrpcService (ConfUtils.java:logGet(44)) - raft.grpc.flow.control.window = 5MB (=5242880) (custom)
2020-07-21 10:22:41,092 [Listener at 127.0.0.1/37905] INFO  server.RaftServerConfigKeys (ConfUtils.java:logGet(44)) - raft.server.rpc.request.timeout = 3000ms (default)
2020-07-21 10:22:41,093 [Listener at 127.0.0.1/37905] INFO  server.RaftServerConfigKeys (ConfUtils.java:logGet(44)) - raft.server.storage.dir = [/github/workspace/mnt/ozone/hadoop-ozone/integration-test/target/test-dir/MiniOzoneClusterImpl-26aa3f93-67e0-4cbe-8624-cf0efb7a6165/datanode-2/data/ratis] (custom)
2020-07-21 10:22:41,097 [Listener at 127.0.0.1/37905] INFO  http.BaseHttpServer (BaseHttpServer.java:newHttpServer2BuilderForOzone(207)) - Starting Web-server for hddsDatanode at: http://0.0.0.0:0
2020-07-21 10:22:41,098 [Listener at 127.0.0.1/37905] INFO  http.BaseHttpServer (BaseHttpServer.java:<init>(106)) - Hadoop Security Enabled: false Ozone Security Enabled: false Ozone HTTP Security Enabled: false 
2020-07-21 10:22:41,098 [Listener at 127.0.0.1/37905] INFO  server.AuthenticationFilter (AuthenticationFilter.java:constructSecretProvider(240)) - Unable to initialize FileSignerSecretProvider, falling back to use random secrets.
2020-07-21 10:22:41,099 [Listener at 127.0.0.1/37905] WARN  http.HttpRequestLog (HttpRequestLog.java:getRequestLog(103)) - Jetty request log can only be enabled using Log4j
2020-07-21 10:22:41,099 [Listener at 127.0.0.1/37905] INFO  http.HttpServer2 (HttpServer2.java:addGlobalFilter(998)) - Added global filter 'safety' (class=org.apache.hadoop.hdds.server.http.HttpServer2$QuotingInputFilter)
2020-07-21 10:22:41,100 [Listener at 127.0.0.1/37905] INFO  http.HttpServer2 (HttpServer2.java:addFilter(974)) - Added filter static_user_filter (class=org.apache.hadoop.http.lib.StaticUserWebFilter$StaticUserFilter) to context hddsDatanode
2020-07-21 10:22:41,100 [Listener at 127.0.0.1/37905] INFO  http.HttpServer2 (HttpServer2.java:addFilter(982)) - Added filter static_user_filter (class=org.apache.hadoop.http.lib.StaticUserWebFilter$StaticUserFilter) to context static
2020-07-21 10:22:41,100 [Listener at 127.0.0.1/37905] INFO  http.HttpServer2 (HttpServer2.java:addFilter(982)) - Added filter static_user_filter (class=org.apache.hadoop.http.lib.StaticUserWebFilter$StaticUserFilter) to context logs
2020-07-21 10:22:41,101 [Listener at 127.0.0.1/37905] INFO  http.HttpServer2 (HttpServer2.java:bindListener(1216)) - Jetty bound to port 38377
2020-07-21 10:22:41,101 [Listener at 127.0.0.1/37905] INFO  server.Server (Server.java:doStart(359)) - jetty-9.4.26.v20200117; built: 2020-01-17T12:35:33.676Z; git: 7b38981d25d14afb4a12ff1f2596756144edf695; jvm 1.8.0_232-b09
2020-07-21 10:22:41,102 [Listener at 127.0.0.1/37905] INFO  server.session (DefaultSessionIdManager.java:doStart(333)) - DefaultSessionIdManager workerName=node0
2020-07-21 10:22:41,102 [Listener at 127.0.0.1/37905] INFO  server.session (DefaultSessionIdManager.java:doStart(338)) - No SessionScavenger set, using defaults
2020-07-21 10:22:41,102 [Listener at 127.0.0.1/37905] INFO  server.session (HouseKeeper.java:startScavenging(140)) - node0 Scavenging every 660000ms
2020-07-21 10:22:41,103 [Listener at 127.0.0.1/37905] INFO  handler.ContextHandler (ContextHandler.java:doStart(825)) - Started o.e.j.s.ServletContextHandler@e80fc9d{logs,/logs,file:///github/workspace/mnt/ozone/hadoop-ozone/integration-test/target/log,AVAILABLE}
2020-07-21 10:22:41,103 [Listener at 127.0.0.1/37905] INFO  handler.ContextHandler (ContextHandler.java:doStart(825)) - Started o.e.j.s.ServletContextHandler@2fe19bda{static,/static,jar:file:/home/user/.m2/repository/org/apache/hadoop/hadoop-hdds-container-service/0.6.0-SNAPSHOT/hadoop-hdds-container-service-0.6.0-SNAPSHOT.jar!/webapps/static,AVAILABLE}
2020-07-21 10:22:41,173 [Listener at 127.0.0.1/37905] INFO  handler.ContextHandler (ContextHandler.java:doStart(825)) - Started o.e.j.w.WebAppContext@7de752dd{hddsDatanode,/,file:///tmp/jetty-0_0_0_0-38377-hadoop-hdds-container-service-0_6_0-SNAPSHOT_jar-_-any-2673241141685028171.dir/webapp/,AVAILABLE}{jar:file:/home/user/.m2/repository/org/apache/hadoop/hadoop-hdds-container-service/0.6.0-SNAPSHOT/hadoop-hdds-container-service-0.6.0-SNAPSHOT.jar!/webapps/hddsDatanode}
2020-07-21 10:22:41,174 [Listener at 127.0.0.1/37905] INFO  server.AbstractConnector (AbstractConnector.java:doStart(330)) - Started ServerConnector@76db7ef0{HTTP/1.1,[http/1.1]}{0.0.0.0:38377}
2020-07-21 10:22:41,174 [Listener at 127.0.0.1/37905] INFO  server.Server (Server.java:doStart(399)) - Started @159123ms
2020-07-21 10:22:41,174 [Listener at 127.0.0.1/37905] WARN  impl.MetricsSystemImpl (MetricsSystemImpl.java:register(276)) - Sink prometheus already exists!
2020-07-21 10:22:41,182 [Listener at 127.0.0.1/37905] INFO  http.BaseHttpServer (BaseHttpServer.java:updateConnectorAddress(327)) - HTTP server of hddsDatanode listening at http://0.0.0.0:38377
2020-07-21 10:22:41,183 [Listener at 127.0.0.1/37905] INFO  impl.MetricsSystemImpl (MetricsSystemImpl.java:init(158)) - HddsDatanode metrics system started (again)
2020-07-21 10:22:41,184 [Listener at 127.0.0.1/37905] INFO  ozone.HddsDatanodeService (HddsDatanodeService.java:start(214)) - HddsDatanodeService host:f401945b6f42 ip:172.17.0.2
2020-07-21 10:22:41,185 [org.apache.hadoop.util.JvmPauseMonitor$Monitor@3bfb5d9] INFO  util.JvmPauseMonitor (JvmPauseMonitor.java:run(188)) - Starting JVM pause monitor
2020-07-21 10:22:41,185 [Listener at 127.0.0.1/37905] INFO  volume.HddsVolume (HddsVolume.java:<init>(176)) - Creating Volume: /github/workspace/mnt/ozone/hadoop-ozone/integration-test/target/test-dir/MiniOzoneClusterImpl-26aa3f93-67e0-4cbe-8624-cf0efb7a6165/datanode-3/data-0/containers/hdds of storage type : DISK and capacity : 9223372036854775807
2020-07-21 10:22:41,185 [Listener at 127.0.0.1/37905] INFO  volume.MutableVolumeSet (MutableVolumeSet.java:initializeVolumeSet(179)) - Added Volume : /github/workspace/mnt/ozone/hadoop-ozone/integration-test/target/test-dir/MiniOzoneClusterImpl-26aa3f93-67e0-4cbe-8624-cf0efb7a6165/datanode-3/data-0/containers/hdds to VolumeSet
2020-07-21 10:22:41,185 [Listener at 127.0.0.1/37905] INFO  volume.ThrottledAsyncChecker (ThrottledAsyncChecker.java:schedule(141)) - Scheduling a check for /github/workspace/mnt/ozone/hadoop-ozone/integration-test/target/test-dir/MiniOzoneClusterImpl-26aa3f93-67e0-4cbe-8624-cf0efb7a6165/datanode-3/data-0/containers/hdds
2020-07-21 10:22:41,186 [Listener at 127.0.0.1/37905] INFO  volume.HddsVolumeChecker (HddsVolumeChecker.java:checkAllVolumes(200)) - Scheduled health check for volume /github/workspace/mnt/ozone/hadoop-ozone/integration-test/target/test-dir/MiniOzoneClusterImpl-26aa3f93-67e0-4cbe-8624-cf0efb7a6165/datanode-3/data-0/containers/hdds
2020-07-21 10:22:41,186 [Datanode State Machine Thread - 0] INFO  datanode.InitDatanodeState (InitDatanodeState.java:persistContainerDatanodeDetails(145)) - DatanodeDetails is persisted to /github/workspace/mnt/ozone/hadoop-ozone/integration-test/target/test-dir/MiniOzoneClusterImpl-26aa3f93-67e0-4cbe-8624-cf0efb7a6165/datanode-2/meta/datanode.id
2020-07-21 10:22:41,201 [Listener at 127.0.0.1/37905] INFO  impl.RaftServerProxy (ConfUtils.java:logGet(44)) - raft.rpc.type = GRPC (default)
2020-07-21 10:22:41,201 [Listener at 127.0.0.1/37905] INFO  grpc.GrpcFactory (GrpcFactory.java:checkPooledByteBufAllocatorUseCacheForAllThreads(45)) - PERFORMANCE WARNING: useCacheForAllThreads is true that may cause Netty to create a lot garbage objects and, as a result, trigger GC.
	It is recommended to disable useCacheForAllThreads by setting -Dorg.apache.ratis.thirdparty.io.netty.allocator.useCacheForAllThreads=false in command line.
2020-07-21 10:22:41,201 [Listener at 127.0.0.1/37905] INFO  grpc.GrpcConfigKeys (ConfUtils.java:logGet(44)) - raft.grpc.server.port = 0 (default)
2020-07-21 10:22:41,202 [Listener at 127.0.0.1/37905] INFO  server.GrpcService (ConfUtils.java:logGet(44)) - raft.grpc.message.size.max = 32MB (=33554432) (custom)
2020-07-21 10:22:41,202 [Listener at 127.0.0.1/37905] INFO  server.RaftServerConfigKeys (ConfUtils.java:logGet(44)) - raft.server.log.appender.buffer.byte-limit = 33554432 (custom)
2020-07-21 10:22:41,202 [Listener at 127.0.0.1/37905] INFO  server.GrpcService (ConfUtils.java:logGet(44)) - raft.grpc.flow.control.window = 5MB (=5242880) (custom)
2020-07-21 10:22:41,202 [Listener at 127.0.0.1/37905] INFO  server.RaftServerConfigKeys (ConfUtils.java:logGet(44)) - raft.server.rpc.request.timeout = 3000ms (default)
2020-07-21 10:22:41,203 [Listener at 127.0.0.1/37905] INFO  server.RaftServerConfigKeys (ConfUtils.java:logGet(44)) - raft.server.storage.dir = [/github/workspace/mnt/ozone/hadoop-ozone/integration-test/target/test-dir/MiniOzoneClusterImpl-26aa3f93-67e0-4cbe-8624-cf0efb7a6165/datanode-3/data/ratis] (custom)
2020-07-21 10:22:41,206 [Listener at 127.0.0.1/37905] INFO  http.BaseHttpServer (BaseHttpServer.java:newHttpServer2BuilderForOzone(207)) - Starting Web-server for hddsDatanode at: http://0.0.0.0:0
2020-07-21 10:22:41,206 [Listener at 127.0.0.1/37905] INFO  http.BaseHttpServer (BaseHttpServer.java:<init>(106)) - Hadoop Security Enabled: false Ozone Security Enabled: false Ozone HTTP Security Enabled: false 
2020-07-21 10:22:41,207 [Listener at 127.0.0.1/37905] INFO  server.AuthenticationFilter (AuthenticationFilter.java:constructSecretProvider(240)) - Unable to initialize FileSignerSecretProvider, falling back to use random secrets.
2020-07-21 10:22:41,207 [Listener at 127.0.0.1/37905] WARN  http.HttpRequestLog (HttpRequestLog.java:getRequestLog(103)) - Jetty request log can only be enabled using Log4j
2020-07-21 10:22:41,208 [Listener at 127.0.0.1/37905] INFO  http.HttpServer2 (HttpServer2.java:addGlobalFilter(998)) - Added global filter 'safety' (class=org.apache.hadoop.hdds.server.http.HttpServer2$QuotingInputFilter)
2020-07-21 10:22:41,209 [Listener at 127.0.0.1/37905] INFO  http.HttpServer2 (HttpServer2.java:addFilter(974)) - Added filter static_user_filter (class=org.apache.hadoop.http.lib.StaticUserWebFilter$StaticUserFilter) to context hddsDatanode
2020-07-21 10:22:41,209 [Listener at 127.0.0.1/37905] INFO  http.HttpServer2 (HttpServer2.java:addFilter(982)) - Added filter static_user_filter (class=org.apache.hadoop.http.lib.StaticUserWebFilter$StaticUserFilter) to context logs
2020-07-21 10:22:41,209 [Listener at 127.0.0.1/37905] INFO  http.HttpServer2 (HttpServer2.java:addFilter(982)) - Added filter static_user_filter (class=org.apache.hadoop.http.lib.StaticUserWebFilter$StaticUserFilter) to context static
2020-07-21 10:22:41,209 [Listener at 127.0.0.1/37905] INFO  http.HttpServer2 (HttpServer2.java:bindListener(1216)) - Jetty bound to port 34477
2020-07-21 10:22:41,209 [Listener at 127.0.0.1/37905] INFO  server.Server (Server.java:doStart(359)) - jetty-9.4.26.v20200117; built: 2020-01-17T12:35:33.676Z; git: 7b38981d25d14afb4a12ff1f2596756144edf695; jvm 1.8.0_232-b09
2020-07-21 10:22:41,213 [Listener at 127.0.0.1/37905] INFO  server.session (DefaultSessionIdManager.java:doStart(333)) - DefaultSessionIdManager workerName=node0
2020-07-21 10:22:41,213 [Listener at 127.0.0.1/37905] INFO  server.session (DefaultSessionIdManager.java:doStart(338)) - No SessionScavenger set, using defaults
2020-07-21 10:22:41,213 [Listener at 127.0.0.1/37905] INFO  server.session (HouseKeeper.java:startScavenging(140)) - node0 Scavenging every 600000ms
2020-07-21 10:22:41,214 [Listener at 127.0.0.1/37905] INFO  handler.ContextHandler (ContextHandler.java:doStart(825)) - Started o.e.j.s.ServletContextHandler@789f27e5{logs,/logs,file:///github/workspace/mnt/ozone/hadoop-ozone/integration-test/target/log,AVAILABLE}
2020-07-21 10:22:41,214 [Listener at 127.0.0.1/37905] INFO  handler.ContextHandler (ContextHandler.java:doStart(825)) - Started o.e.j.s.ServletContextHandler@7dfe23c2{static,/static,jar:file:/home/user/.m2/repository/org/apache/hadoop/hadoop-hdds-container-service/0.6.0-SNAPSHOT/hadoop-hdds-container-service-0.6.0-SNAPSHOT.jar!/webapps/static,AVAILABLE}
2020-07-21 10:22:41,285 [Listener at 127.0.0.1/37905] INFO  handler.ContextHandler (ContextHandler.java:doStart(825)) - Started o.e.j.w.WebAppContext@39eab380{hddsDatanode,/,file:///tmp/jetty-0_0_0_0-34477-hadoop-hdds-container-service-0_6_0-SNAPSHOT_jar-_-any-4342452101970728030.dir/webapp/,AVAILABLE}{jar:file:/home/user/.m2/repository/org/apache/hadoop/hadoop-hdds-container-service/0.6.0-SNAPSHOT/hadoop-hdds-container-service-0.6.0-SNAPSHOT.jar!/webapps/hddsDatanode}
2020-07-21 10:22:41,286 [Listener at 127.0.0.1/37905] INFO  server.AbstractConnector (AbstractConnector.java:doStart(330)) - Started ServerConnector@647b7f63{HTTP/1.1,[http/1.1]}{0.0.0.0:34477}
2020-07-21 10:22:41,286 [Listener at 127.0.0.1/37905] INFO  server.Server (Server.java:doStart(399)) - Started @159236ms
2020-07-21 10:22:41,287 [Listener at 127.0.0.1/37905] WARN  impl.MetricsSystemImpl (MetricsSystemImpl.java:register(276)) - Sink prometheus already exists!
2020-07-21 10:22:41,289 [Listener at 127.0.0.1/37905] INFO  http.BaseHttpServer (BaseHttpServer.java:updateConnectorAddress(327)) - HTTP server of hddsDatanode listening at http://0.0.0.0:34477
2020-07-21 10:22:41,290 [Listener at 127.0.0.1/37905] INFO  impl.MetricsSystemImpl (MetricsSystemImpl.java:init(158)) - HddsDatanode metrics system started (again)
2020-07-21 10:22:41,291 [Listener at 127.0.0.1/37905] INFO  ozone.HddsDatanodeService (HddsDatanodeService.java:start(214)) - HddsDatanodeService host:f401945b6f42 ip:172.17.0.2
2020-07-21 10:22:41,292 [Listener at 127.0.0.1/37905] INFO  volume.HddsVolume (HddsVolume.java:<init>(176)) - Creating Volume: /github/workspace/mnt/ozone/hadoop-ozone/integration-test/target/test-dir/MiniOzoneClusterImpl-26aa3f93-67e0-4cbe-8624-cf0efb7a6165/datanode-4/data-0/containers/hdds of storage type : DISK and capacity : 9223372036854775807
2020-07-21 10:22:41,292 [Listener at 127.0.0.1/37905] INFO  volume.MutableVolumeSet (MutableVolumeSet.java:initializeVolumeSet(179)) - Added Volume : /github/workspace/mnt/ozone/hadoop-ozone/integration-test/target/test-dir/MiniOzoneClusterImpl-26aa3f93-67e0-4cbe-8624-cf0efb7a6165/datanode-4/data-0/containers/hdds to VolumeSet
2020-07-21 10:22:41,292 [Listener at 127.0.0.1/37905] INFO  volume.ThrottledAsyncChecker (ThrottledAsyncChecker.java:schedule(141)) - Scheduling a check for /github/workspace/mnt/ozone/hadoop-ozone/integration-test/target/test-dir/MiniOzoneClusterImpl-26aa3f93-67e0-4cbe-8624-cf0efb7a6165/datanode-4/data-0/containers/hdds
2020-07-21 10:22:41,293 [Listener at 127.0.0.1/37905] INFO  volume.HddsVolumeChecker (HddsVolumeChecker.java:checkAllVolumes(200)) - Scheduled health check for volume /github/workspace/mnt/ozone/hadoop-ozone/integration-test/target/test-dir/MiniOzoneClusterImpl-26aa3f93-67e0-4cbe-8624-cf0efb7a6165/datanode-4/data-0/containers/hdds
2020-07-21 10:22:41,305 [org.apache.hadoop.util.JvmPauseMonitor$Monitor@27d42e48] INFO  util.JvmPauseMonitor (JvmPauseMonitor.java:run(188)) - Starting JVM pause monitor
2020-07-21 10:22:41,306 [Datanode State Machine Thread - 0] INFO  datanode.InitDatanodeState (InitDatanodeState.java:persistContainerDatanodeDetails(145)) - DatanodeDetails is persisted to /github/workspace/mnt/ozone/hadoop-ozone/integration-test/target/test-dir/MiniOzoneClusterImpl-26aa3f93-67e0-4cbe-8624-cf0efb7a6165/datanode-3/meta/datanode.id
2020-07-21 10:22:41,309 [Listener at 127.0.0.1/37905] INFO  impl.RaftServerProxy (ConfUtils.java:logGet(44)) - raft.rpc.type = GRPC (default)
2020-07-21 10:22:41,309 [Listener at 127.0.0.1/37905] INFO  grpc.GrpcFactory (GrpcFactory.java:checkPooledByteBufAllocatorUseCacheForAllThreads(45)) - PERFORMANCE WARNING: useCacheForAllThreads is true that may cause Netty to create a lot garbage objects and, as a result, trigger GC.
	It is recommended to disable useCacheForAllThreads by setting -Dorg.apache.ratis.thirdparty.io.netty.allocator.useCacheForAllThreads=false in command line.
2020-07-21 10:22:41,309 [Listener at 127.0.0.1/37905] INFO  grpc.GrpcConfigKeys (ConfUtils.java:logGet(44)) - raft.grpc.server.port = 0 (default)
2020-07-21 10:22:41,309 [Listener at 127.0.0.1/37905] INFO  server.GrpcService (ConfUtils.java:logGet(44)) - raft.grpc.message.size.max = 32MB (=33554432) (custom)
2020-07-21 10:22:41,309 [Listener at 127.0.0.1/37905] INFO  server.RaftServerConfigKeys (ConfUtils.java:logGet(44)) - raft.server.log.appender.buffer.byte-limit = 33554432 (custom)
2020-07-21 10:22:41,309 [Listener at 127.0.0.1/37905] INFO  server.GrpcService (ConfUtils.java:logGet(44)) - raft.grpc.flow.control.window = 5MB (=5242880) (custom)
2020-07-21 10:22:41,309 [Listener at 127.0.0.1/37905] INFO  server.RaftServerConfigKeys (ConfUtils.java:logGet(44)) - raft.server.rpc.request.timeout = 3000ms (default)
2020-07-21 10:22:41,310 [Listener at 127.0.0.1/37905] INFO  server.RaftServerConfigKeys (ConfUtils.java:logGet(44)) - raft.server.storage.dir = [/github/workspace/mnt/ozone/hadoop-ozone/integration-test/target/test-dir/MiniOzoneClusterImpl-26aa3f93-67e0-4cbe-8624-cf0efb7a6165/datanode-4/data/ratis] (custom)
2020-07-21 10:22:41,314 [Listener at 127.0.0.1/37905] INFO  http.BaseHttpServer (BaseHttpServer.java:newHttpServer2BuilderForOzone(207)) - Starting Web-server for hddsDatanode at: http://0.0.0.0:0
2020-07-21 10:22:41,314 [Listener at 127.0.0.1/37905] INFO  http.BaseHttpServer (BaseHttpServer.java:<init>(106)) - Hadoop Security Enabled: false Ozone Security Enabled: false Ozone HTTP Security Enabled: false 
2020-07-21 10:22:41,315 [Listener at 127.0.0.1/37905] INFO  server.AuthenticationFilter (AuthenticationFilter.java:constructSecretProvider(240)) - Unable to initialize FileSignerSecretProvider, falling back to use random secrets.
2020-07-21 10:22:41,315 [Listener at 127.0.0.1/37905] WARN  http.HttpRequestLog (HttpRequestLog.java:getRequestLog(103)) - Jetty request log can only be enabled using Log4j
2020-07-21 10:22:41,316 [Listener at 127.0.0.1/37905] INFO  http.HttpServer2 (HttpServer2.java:addGlobalFilter(998)) - Added global filter 'safety' (class=org.apache.hadoop.hdds.server.http.HttpServer2$QuotingInputFilter)
2020-07-21 10:22:41,316 [Listener at 127.0.0.1/37905] INFO  http.HttpServer2 (HttpServer2.java:addFilter(974)) - Added filter static_user_filter (class=org.apache.hadoop.http.lib.StaticUserWebFilter$StaticUserFilter) to context hddsDatanode
2020-07-21 10:22:41,317 [Listener at 127.0.0.1/37905] INFO  http.HttpServer2 (HttpServer2.java:addFilter(982)) - Added filter static_user_filter (class=org.apache.hadoop.http.lib.StaticUserWebFilter$StaticUserFilter) to context static
2020-07-21 10:22:41,317 [Listener at 127.0.0.1/37905] INFO  http.HttpServer2 (HttpServer2.java:addFilter(982)) - Added filter static_user_filter (class=org.apache.hadoop.http.lib.StaticUserWebFilter$StaticUserFilter) to context logs
2020-07-21 10:22:41,317 [Listener at 127.0.0.1/37905] INFO  http.HttpServer2 (HttpServer2.java:bindListener(1216)) - Jetty bound to port 41755
2020-07-21 10:22:41,317 [Listener at 127.0.0.1/37905] INFO  server.Server (Server.java:doStart(359)) - jetty-9.4.26.v20200117; built: 2020-01-17T12:35:33.676Z; git: 7b38981d25d14afb4a12ff1f2596756144edf695; jvm 1.8.0_232-b09
2020-07-21 10:22:41,318 [Listener at 127.0.0.1/37905] INFO  server.session (DefaultSessionIdManager.java:doStart(333)) - DefaultSessionIdManager workerName=node0
2020-07-21 10:22:41,319 [Listener at 127.0.0.1/37905] INFO  server.session (DefaultSessionIdManager.java:doStart(338)) - No SessionScavenger set, using defaults
2020-07-21 10:22:41,319 [Listener at 127.0.0.1/37905] INFO  server.session (HouseKeeper.java:startScavenging(140)) - node0 Scavenging every 600000ms
2020-07-21 10:22:41,320 [Listener at 127.0.0.1/37905] INFO  handler.ContextHandler (ContextHandler.java:doStart(825)) - Started o.e.j.s.ServletContextHandler@129b75c{logs,/logs,file:///github/workspace/mnt/ozone/hadoop-ozone/integration-test/target/log,AVAILABLE}
2020-07-21 10:22:41,320 [Listener at 127.0.0.1/37905] INFO  handler.ContextHandler (ContextHandler.java:doStart(825)) - Started o.e.j.s.ServletContextHandler@7476c5c2{static,/static,jar:file:/home/user/.m2/repository/org/apache/hadoop/hadoop-hdds-container-service/0.6.0-SNAPSHOT/hadoop-hdds-container-service-0.6.0-SNAPSHOT.jar!/webapps/static,AVAILABLE}
2020-07-21 10:22:41,388 [Listener at 127.0.0.1/37905] INFO  handler.ContextHandler (ContextHandler.java:doStart(825)) - Started o.e.j.w.WebAppContext@386643e{hddsDatanode,/,file:///tmp/jetty-0_0_0_0-41755-hadoop-hdds-container-service-0_6_0-SNAPSHOT_jar-_-any-1020279652159029871.dir/webapp/,AVAILABLE}{jar:file:/home/user/.m2/repository/org/apache/hadoop/hadoop-hdds-container-service/0.6.0-SNAPSHOT/hadoop-hdds-container-service-0.6.0-SNAPSHOT.jar!/webapps/hddsDatanode}
2020-07-21 10:22:41,390 [Listener at 127.0.0.1/37905] INFO  server.AbstractConnector (AbstractConnector.java:doStart(330)) - Started ServerConnector@512542aa{HTTP/1.1,[http/1.1]}{0.0.0.0:41755}
2020-07-21 10:22:41,390 [Listener at 127.0.0.1/37905] INFO  server.Server (Server.java:doStart(399)) - Started @159339ms
2020-07-21 10:22:41,390 [Listener at 127.0.0.1/37905] WARN  impl.MetricsSystemImpl (MetricsSystemImpl.java:register(276)) - Sink prometheus already exists!
2020-07-21 10:22:41,393 [Listener at 127.0.0.1/37905] INFO  http.BaseHttpServer (BaseHttpServer.java:updateConnectorAddress(327)) - HTTP server of hddsDatanode listening at http://0.0.0.0:41755
2020-07-21 10:22:41,393 [Listener at 127.0.0.1/37905] INFO  impl.MetricsSystemImpl (MetricsSystemImpl.java:init(158)) - HddsDatanode metrics system started (again)
2020-07-21 10:22:41,394 [Listener at 127.0.0.1/37905] INFO  ozone.HddsDatanodeService (HddsDatanodeService.java:start(214)) - HddsDatanodeService host:f401945b6f42 ip:172.17.0.2
2020-07-21 10:22:41,395 [org.apache.hadoop.util.JvmPauseMonitor$Monitor@56718f20] INFO  util.JvmPauseMonitor (JvmPauseMonitor.java:run(188)) - Starting JVM pause monitor
2020-07-21 10:22:41,395 [Listener at 127.0.0.1/37905] INFO  volume.HddsVolume (HddsVolume.java:<init>(176)) - Creating Volume: /github/workspace/mnt/ozone/hadoop-ozone/integration-test/target/test-dir/MiniOzoneClusterImpl-26aa3f93-67e0-4cbe-8624-cf0efb7a6165/datanode-5/data-0/containers/hdds of storage type : DISK and capacity : 9223372036854775807
2020-07-21 10:22:41,396 [Listener at 127.0.0.1/37905] INFO  volume.MutableVolumeSet (MutableVolumeSet.java:initializeVolumeSet(179)) - Added Volume : /github/workspace/mnt/ozone/hadoop-ozone/integration-test/target/test-dir/MiniOzoneClusterImpl-26aa3f93-67e0-4cbe-8624-cf0efb7a6165/datanode-5/data-0/containers/hdds to VolumeSet
2020-07-21 10:22:41,396 [Datanode State Machine Thread - 0] INFO  datanode.InitDatanodeState (InitDatanodeState.java:persistContainerDatanodeDetails(145)) - DatanodeDetails is persisted to /github/workspace/mnt/ozone/hadoop-ozone/integration-test/target/test-dir/MiniOzoneClusterImpl-26aa3f93-67e0-4cbe-8624-cf0efb7a6165/datanode-4/meta/datanode.id
2020-07-21 10:22:41,396 [Listener at 127.0.0.1/37905] INFO  volume.ThrottledAsyncChecker (ThrottledAsyncChecker.java:schedule(141)) - Scheduling a check for /github/workspace/mnt/ozone/hadoop-ozone/integration-test/target/test-dir/MiniOzoneClusterImpl-26aa3f93-67e0-4cbe-8624-cf0efb7a6165/datanode-5/data-0/containers/hdds
2020-07-21 10:22:41,396 [Listener at 127.0.0.1/37905] INFO  volume.HddsVolumeChecker (HddsVolumeChecker.java:checkAllVolumes(200)) - Scheduled health check for volume /github/workspace/mnt/ozone/hadoop-ozone/integration-test/target/test-dir/MiniOzoneClusterImpl-26aa3f93-67e0-4cbe-8624-cf0efb7a6165/datanode-5/data-0/containers/hdds
2020-07-21 10:22:41,412 [Listener at 127.0.0.1/37905] INFO  impl.RaftServerProxy (ConfUtils.java:logGet(44)) - raft.rpc.type = GRPC (default)
2020-07-21 10:22:41,412 [Listener at 127.0.0.1/37905] INFO  grpc.GrpcFactory (GrpcFactory.java:checkPooledByteBufAllocatorUseCacheForAllThreads(45)) - PERFORMANCE WARNING: useCacheForAllThreads is true that may cause Netty to create a lot garbage objects and, as a result, trigger GC.
	It is recommended to disable useCacheForAllThreads by setting -Dorg.apache.ratis.thirdparty.io.netty.allocator.useCacheForAllThreads=false in command line.
2020-07-21 10:22:41,412 [Listener at 127.0.0.1/37905] INFO  grpc.GrpcConfigKeys (ConfUtils.java:logGet(44)) - raft.grpc.server.port = 0 (default)
2020-07-21 10:22:41,412 [Listener at 127.0.0.1/37905] INFO  server.GrpcService (ConfUtils.java:logGet(44)) - raft.grpc.message.size.max = 32MB (=33554432) (custom)
2020-07-21 10:22:41,412 [Listener at 127.0.0.1/37905] INFO  server.RaftServerConfigKeys (ConfUtils.java:logGet(44)) - raft.server.log.appender.buffer.byte-limit = 33554432 (custom)
2020-07-21 10:22:41,412 [Listener at 127.0.0.1/37905] INFO  server.GrpcService (ConfUtils.java:logGet(44)) - raft.grpc.flow.control.window = 5MB (=5242880) (custom)
2020-07-21 10:22:41,412 [Listener at 127.0.0.1/37905] INFO  server.RaftServerConfigKeys (ConfUtils.java:logGet(44)) - raft.server.rpc.request.timeout = 3000ms (default)
2020-07-21 10:22:41,413 [Listener at 127.0.0.1/37905] INFO  server.RaftServerConfigKeys (ConfUtils.java:logGet(44)) - raft.server.storage.dir = [/github/workspace/mnt/ozone/hadoop-ozone/integration-test/target/test-dir/MiniOzoneClusterImpl-26aa3f93-67e0-4cbe-8624-cf0efb7a6165/datanode-5/data/ratis] (custom)
2020-07-21 10:22:41,432 [Listener at 127.0.0.1/37905] INFO  http.BaseHttpServer (BaseHttpServer.java:newHttpServer2BuilderForOzone(207)) - Starting Web-server for hddsDatanode at: http://0.0.0.0:0
2020-07-21 10:22:41,433 [Listener at 127.0.0.1/37905] INFO  http.BaseHttpServer (BaseHttpServer.java:<init>(106)) - Hadoop Security Enabled: false Ozone Security Enabled: false Ozone HTTP Security Enabled: false 
2020-07-21 10:22:41,434 [Listener at 127.0.0.1/37905] INFO  server.AuthenticationFilter (AuthenticationFilter.java:constructSecretProvider(240)) - Unable to initialize FileSignerSecretProvider, falling back to use random secrets.
2020-07-21 10:22:41,434 [Listener at 127.0.0.1/37905] WARN  http.HttpRequestLog (HttpRequestLog.java:getRequestLog(103)) - Jetty request log can only be enabled using Log4j
2020-07-21 10:22:41,435 [Listener at 127.0.0.1/37905] INFO  http.HttpServer2 (HttpServer2.java:addGlobalFilter(998)) - Added global filter 'safety' (class=org.apache.hadoop.hdds.server.http.HttpServer2$QuotingInputFilter)
2020-07-21 10:22:41,436 [Listener at 127.0.0.1/37905] INFO  http.HttpServer2 (HttpServer2.java:addFilter(974)) - Added filter static_user_filter (class=org.apache.hadoop.http.lib.StaticUserWebFilter$StaticUserFilter) to context hddsDatanode
2020-07-21 10:22:41,436 [Listener at 127.0.0.1/37905] INFO  http.HttpServer2 (HttpServer2.java:addFilter(982)) - Added filter static_user_filter (class=org.apache.hadoop.http.lib.StaticUserWebFilter$StaticUserFilter) to context static
2020-07-21 10:22:41,436 [Listener at 127.0.0.1/37905] INFO  http.HttpServer2 (HttpServer2.java:addFilter(982)) - Added filter static_user_filter (class=org.apache.hadoop.http.lib.StaticUserWebFilter$StaticUserFilter) to context logs
2020-07-21 10:22:41,437 [Listener at 127.0.0.1/37905] INFO  http.HttpServer2 (HttpServer2.java:bindListener(1216)) - Jetty bound to port 39843
2020-07-21 10:22:41,437 [Listener at 127.0.0.1/37905] INFO  server.Server (Server.java:doStart(359)) - jetty-9.4.26.v20200117; built: 2020-01-17T12:35:33.676Z; git: 7b38981d25d14afb4a12ff1f2596756144edf695; jvm 1.8.0_232-b09
2020-07-21 10:22:41,439 [Listener at 127.0.0.1/37905] INFO  server.session (DefaultSessionIdManager.java:doStart(333)) - DefaultSessionIdManager workerName=node0
2020-07-21 10:22:41,439 [Listener at 127.0.0.1/37905] INFO  server.session (DefaultSessionIdManager.java:doStart(338)) - No SessionScavenger set, using defaults
2020-07-21 10:22:41,439 [Listener at 127.0.0.1/37905] INFO  server.session (HouseKeeper.java:startScavenging(140)) - node0 Scavenging every 600000ms
2020-07-21 10:22:41,440 [Listener at 127.0.0.1/37905] INFO  handler.ContextHandler (ContextHandler.java:doStart(825)) - Started o.e.j.s.ServletContextHandler@30082a5e{logs,/logs,file:///github/workspace/mnt/ozone/hadoop-ozone/integration-test/target/log,AVAILABLE}
2020-07-21 10:22:41,440 [Listener at 127.0.0.1/37905] INFO  handler.ContextHandler (ContextHandler.java:doStart(825)) - Started o.e.j.s.ServletContextHandler@5c512d91{static,/static,jar:file:/home/user/.m2/repository/org/apache/hadoop/hadoop-hdds-container-service/0.6.0-SNAPSHOT/hadoop-hdds-container-service-0.6.0-SNAPSHOT.jar!/webapps/static,AVAILABLE}
2020-07-21 10:22:41,562 [Listener at 127.0.0.1/37905] INFO  handler.ContextHandler (ContextHandler.java:doStart(825)) - Started o.e.j.w.WebAppContext@79ed43f8{hddsDatanode,/,file:///tmp/jetty-0_0_0_0-39843-hadoop-hdds-container-service-0_6_0-SNAPSHOT_jar-_-any-549894685749417240.dir/webapp/,AVAILABLE}{jar:file:/home/user/.m2/repository/org/apache/hadoop/hadoop-hdds-container-service/0.6.0-SNAPSHOT/hadoop-hdds-container-service-0.6.0-SNAPSHOT.jar!/webapps/hddsDatanode}
2020-07-21 10:22:41,565 [Listener at 127.0.0.1/37905] INFO  server.AbstractConnector (AbstractConnector.java:doStart(330)) - Started ServerConnector@5ecad860{HTTP/1.1,[http/1.1]}{0.0.0.0:39843}
2020-07-21 10:22:41,565 [Listener at 127.0.0.1/37905] INFO  server.Server (Server.java:doStart(399)) - Started @159514ms
2020-07-21 10:22:41,565 [Listener at 127.0.0.1/37905] WARN  impl.MetricsSystemImpl (MetricsSystemImpl.java:register(276)) - Sink prometheus already exists!
2020-07-21 10:22:41,568 [Listener at 127.0.0.1/37905] INFO  http.BaseHttpServer (BaseHttpServer.java:updateConnectorAddress(327)) - HTTP server of hddsDatanode listening at http://0.0.0.0:39843
2020-07-21 10:22:41,569 [Listener at 127.0.0.1/37905] INFO  impl.MetricsSystemImpl (MetricsSystemImpl.java:init(158)) - HddsDatanode metrics system started (again)
2020-07-21 10:22:41,571 [org.apache.hadoop.util.JvmPauseMonitor$Monitor@3dcee337] INFO  util.JvmPauseMonitor (JvmPauseMonitor.java:run(188)) - Starting JVM pause monitor
2020-07-21 10:22:41,571 [Listener at 127.0.0.1/37905] INFO  ozone.HddsDatanodeService (HddsDatanodeService.java:start(214)) - HddsDatanodeService host:f401945b6f42 ip:172.17.0.2
2020-07-21 10:22:41,572 [Listener at 127.0.0.1/37905] INFO  volume.HddsVolume (HddsVolume.java:<init>(176)) - Creating Volume: /github/workspace/mnt/ozone/hadoop-ozone/integration-test/target/test-dir/MiniOzoneClusterImpl-26aa3f93-67e0-4cbe-8624-cf0efb7a6165/datanode-6/data-0/containers/hdds of storage type : DISK and capacity : 9223372036854775807
2020-07-21 10:22:41,572 [Listener at 127.0.0.1/37905] INFO  volume.MutableVolumeSet (MutableVolumeSet.java:initializeVolumeSet(179)) - Added Volume : /github/workspace/mnt/ozone/hadoop-ozone/integration-test/target/test-dir/MiniOzoneClusterImpl-26aa3f93-67e0-4cbe-8624-cf0efb7a6165/datanode-6/data-0/containers/hdds to VolumeSet
2020-07-21 10:22:41,572 [Listener at 127.0.0.1/37905] INFO  volume.ThrottledAsyncChecker (ThrottledAsyncChecker.java:schedule(141)) - Scheduling a check for /github/workspace/mnt/ozone/hadoop-ozone/integration-test/target/test-dir/MiniOzoneClusterImpl-26aa3f93-67e0-4cbe-8624-cf0efb7a6165/datanode-6/data-0/containers/hdds
2020-07-21 10:22:41,573 [Datanode State Machine Thread - 0] INFO  datanode.InitDatanodeState (InitDatanodeState.java:persistContainerDatanodeDetails(145)) - DatanodeDetails is persisted to /github/workspace/mnt/ozone/hadoop-ozone/integration-test/target/test-dir/MiniOzoneClusterImpl-26aa3f93-67e0-4cbe-8624-cf0efb7a6165/datanode-5/meta/datanode.id
2020-07-21 10:22:41,573 [Listener at 127.0.0.1/37905] INFO  volume.HddsVolumeChecker (HddsVolumeChecker.java:checkAllVolumes(200)) - Scheduled health check for volume /github/workspace/mnt/ozone/hadoop-ozone/integration-test/target/test-dir/MiniOzoneClusterImpl-26aa3f93-67e0-4cbe-8624-cf0efb7a6165/datanode-6/data-0/containers/hdds
2020-07-21 10:22:41,586 [Listener at 127.0.0.1/37905] INFO  impl.RaftServerProxy (ConfUtils.java:logGet(44)) - raft.rpc.type = GRPC (default)
2020-07-21 10:22:41,586 [Listener at 127.0.0.1/37905] INFO  grpc.GrpcFactory (GrpcFactory.java:checkPooledByteBufAllocatorUseCacheForAllThreads(45)) - PERFORMANCE WARNING: useCacheForAllThreads is true that may cause Netty to create a lot garbage objects and, as a result, trigger GC.
	It is recommended to disable useCacheForAllThreads by setting -Dorg.apache.ratis.thirdparty.io.netty.allocator.useCacheForAllThreads=false in command line.
2020-07-21 10:22:41,587 [Listener at 127.0.0.1/37905] INFO  grpc.GrpcConfigKeys (ConfUtils.java:logGet(44)) - raft.grpc.server.port = 0 (default)
2020-07-21 10:22:41,587 [Listener at 127.0.0.1/37905] INFO  server.GrpcService (ConfUtils.java:logGet(44)) - raft.grpc.message.size.max = 32MB (=33554432) (custom)
2020-07-21 10:22:41,587 [Listener at 127.0.0.1/37905] INFO  server.RaftServerConfigKeys (ConfUtils.java:logGet(44)) - raft.server.log.appender.buffer.byte-limit = 33554432 (custom)
2020-07-21 10:22:41,587 [Listener at 127.0.0.1/37905] INFO  server.GrpcService (ConfUtils.java:logGet(44)) - raft.grpc.flow.control.window = 5MB (=5242880) (custom)
2020-07-21 10:22:41,587 [Listener at 127.0.0.1/37905] INFO  server.RaftServerConfigKeys (ConfUtils.java:logGet(44)) - raft.server.rpc.request.timeout = 3000ms (default)
2020-07-21 10:22:41,588 [Listener at 127.0.0.1/37905] INFO  server.RaftServerConfigKeys (ConfUtils.java:logGet(44)) - raft.server.storage.dir = [/github/workspace/mnt/ozone/hadoop-ozone/integration-test/target/test-dir/MiniOzoneClusterImpl-26aa3f93-67e0-4cbe-8624-cf0efb7a6165/datanode-6/data/ratis] (custom)
2020-07-21 10:22:41,592 [Listener at 127.0.0.1/37905] INFO  http.BaseHttpServer (BaseHttpServer.java:newHttpServer2BuilderForOzone(207)) - Starting Web-server for hddsDatanode at: http://0.0.0.0:0
2020-07-21 10:22:41,592 [Listener at 127.0.0.1/37905] INFO  http.BaseHttpServer (BaseHttpServer.java:<init>(106)) - Hadoop Security Enabled: false Ozone Security Enabled: false Ozone HTTP Security Enabled: false 
2020-07-21 10:22:41,595 [Listener at 127.0.0.1/37905] INFO  server.AuthenticationFilter (AuthenticationFilter.java:constructSecretProvider(240)) - Unable to initialize FileSignerSecretProvider, falling back to use random secrets.
2020-07-21 10:22:41,596 [Listener at 127.0.0.1/37905] WARN  http.HttpRequestLog (HttpRequestLog.java:getRequestLog(103)) - Jetty request log can only be enabled using Log4j
2020-07-21 10:22:41,596 [Listener at 127.0.0.1/37905] INFO  http.HttpServer2 (HttpServer2.java:addGlobalFilter(998)) - Added global filter 'safety' (class=org.apache.hadoop.hdds.server.http.HttpServer2$QuotingInputFilter)
2020-07-21 10:22:41,597 [Listener at 127.0.0.1/37905] INFO  http.HttpServer2 (HttpServer2.java:addFilter(974)) - Added filter static_user_filter (class=org.apache.hadoop.http.lib.StaticUserWebFilter$StaticUserFilter) to context hddsDatanode
2020-07-21 10:22:41,597 [Listener at 127.0.0.1/37905] INFO  http.HttpServer2 (HttpServer2.java:addFilter(982)) - Added filter static_user_filter (class=org.apache.hadoop.http.lib.StaticUserWebFilter$StaticUserFilter) to context logs
2020-07-21 10:22:41,597 [Listener at 127.0.0.1/37905] INFO  http.HttpServer2 (HttpServer2.java:addFilter(982)) - Added filter static_user_filter (class=org.apache.hadoop.http.lib.StaticUserWebFilter$StaticUserFilter) to context static
2020-07-21 10:22:41,597 [Listener at 127.0.0.1/37905] INFO  http.HttpServer2 (HttpServer2.java:bindListener(1216)) - Jetty bound to port 37131
2020-07-21 10:22:41,598 [Listener at 127.0.0.1/37905] INFO  server.Server (Server.java:doStart(359)) - jetty-9.4.26.v20200117; built: 2020-01-17T12:35:33.676Z; git: 7b38981d25d14afb4a12ff1f2596756144edf695; jvm 1.8.0_232-b09
2020-07-21 10:22:41,599 [Listener at 127.0.0.1/37905] INFO  server.session (DefaultSessionIdManager.java:doStart(333)) - DefaultSessionIdManager workerName=node0
2020-07-21 10:22:41,599 [Listener at 127.0.0.1/37905] INFO  server.session (DefaultSessionIdManager.java:doStart(338)) - No SessionScavenger set, using defaults
2020-07-21 10:22:41,599 [Listener at 127.0.0.1/37905] INFO  server.session (HouseKeeper.java:startScavenging(140)) - node0 Scavenging every 600000ms
2020-07-21 10:22:41,599 [Listener at 127.0.0.1/37905] INFO  handler.ContextHandler (ContextHandler.java:doStart(825)) - Started o.e.j.s.ServletContextHandler@51c316cb{logs,/logs,file:///github/workspace/mnt/ozone/hadoop-ozone/integration-test/target/log,AVAILABLE}
2020-07-21 10:22:41,600 [Listener at 127.0.0.1/37905] INFO  handler.ContextHandler (ContextHandler.java:doStart(825)) - Started o.e.j.s.ServletContextHandler@29cbdd86{static,/static,jar:file:/home/user/.m2/repository/org/apache/hadoop/hadoop-hdds-container-service/0.6.0-SNAPSHOT/hadoop-hdds-container-service-0.6.0-SNAPSHOT.jar!/webapps/static,AVAILABLE}
2020-07-21 10:22:41,665 [Listener at 127.0.0.1/37905] INFO  handler.ContextHandler (ContextHandler.java:doStart(825)) - Started o.e.j.w.WebAppContext@3f3b50df{hddsDatanode,/,file:///tmp/jetty-0_0_0_0-37131-hadoop-hdds-container-service-0_6_0-SNAPSHOT_jar-_-any-2136038043298731182.dir/webapp/,AVAILABLE}{jar:file:/home/user/.m2/repository/org/apache/hadoop/hadoop-hdds-container-service/0.6.0-SNAPSHOT/hadoop-hdds-container-service-0.6.0-SNAPSHOT.jar!/webapps/hddsDatanode}
2020-07-21 10:22:41,670 [Listener at 127.0.0.1/37905] INFO  server.AbstractConnector (AbstractConnector.java:doStart(330)) - Started ServerConnector@206100aa{HTTP/1.1,[http/1.1]}{0.0.0.0:37131}
2020-07-21 10:22:41,670 [Listener at 127.0.0.1/37905] INFO  server.Server (Server.java:doStart(399)) - Started @159619ms
2020-07-21 10:22:41,670 [Listener at 127.0.0.1/37905] WARN  impl.MetricsSystemImpl (MetricsSystemImpl.java:register(276)) - Sink prometheus already exists!
2020-07-21 10:22:41,673 [Listener at 127.0.0.1/37905] INFO  http.BaseHttpServer (BaseHttpServer.java:updateConnectorAddress(327)) - HTTP server of hddsDatanode listening at http://0.0.0.0:37131
2020-07-21 10:22:41,673 [Listener at 127.0.0.1/37905] INFO  impl.MetricsSystemImpl (MetricsSystemImpl.java:init(158)) - HddsDatanode metrics system started (again)
2020-07-21 10:22:41,675 [Listener at 127.0.0.1/37905] INFO  ozone.HddsDatanodeService (HddsDatanodeService.java:start(214)) - HddsDatanodeService host:f401945b6f42 ip:172.17.0.2
2020-07-21 10:22:41,677 [org.apache.hadoop.util.JvmPauseMonitor$Monitor@306e378e] INFO  util.JvmPauseMonitor (JvmPauseMonitor.java:run(188)) - Starting JVM pause monitor
2020-07-21 10:22:41,677 [Listener at 127.0.0.1/37905] INFO  volume.HddsVolume (HddsVolume.java:<init>(176)) - Creating Volume: /github/workspace/mnt/ozone/hadoop-ozone/integration-test/target/test-dir/MiniOzoneClusterImpl-26aa3f93-67e0-4cbe-8624-cf0efb7a6165/datanode-7/data-0/containers/hdds of storage type : DISK and capacity : 9223372036854775807
2020-07-21 10:22:41,677 [Listener at 127.0.0.1/37905] INFO  volume.MutableVolumeSet (MutableVolumeSet.java:initializeVolumeSet(179)) - Added Volume : /github/workspace/mnt/ozone/hadoop-ozone/integration-test/target/test-dir/MiniOzoneClusterImpl-26aa3f93-67e0-4cbe-8624-cf0efb7a6165/datanode-7/data-0/containers/hdds to VolumeSet
2020-07-21 10:22:41,677 [Listener at 127.0.0.1/37905] INFO  volume.ThrottledAsyncChecker (ThrottledAsyncChecker.java:schedule(141)) - Scheduling a check for /github/workspace/mnt/ozone/hadoop-ozone/integration-test/target/test-dir/MiniOzoneClusterImpl-26aa3f93-67e0-4cbe-8624-cf0efb7a6165/datanode-7/data-0/containers/hdds
2020-07-21 10:22:41,678 [Datanode State Machine Thread - 0] INFO  datanode.InitDatanodeState (InitDatanodeState.java:persistContainerDatanodeDetails(145)) - DatanodeDetails is persisted to /github/workspace/mnt/ozone/hadoop-ozone/integration-test/target/test-dir/MiniOzoneClusterImpl-26aa3f93-67e0-4cbe-8624-cf0efb7a6165/datanode-6/meta/datanode.id
2020-07-21 10:22:41,678 [Listener at 127.0.0.1/37905] INFO  volume.HddsVolumeChecker (HddsVolumeChecker.java:checkAllVolumes(200)) - Scheduled health check for volume /github/workspace/mnt/ozone/hadoop-ozone/integration-test/target/test-dir/MiniOzoneClusterImpl-26aa3f93-67e0-4cbe-8624-cf0efb7a6165/datanode-7/data-0/containers/hdds
2020-07-21 10:22:41,691 [Listener at 127.0.0.1/37905] INFO  impl.RaftServerProxy (ConfUtils.java:logGet(44)) - raft.rpc.type = GRPC (default)
2020-07-21 10:22:41,691 [Listener at 127.0.0.1/37905] INFO  grpc.GrpcFactory (GrpcFactory.java:checkPooledByteBufAllocatorUseCacheForAllThreads(45)) - PERFORMANCE WARNING: useCacheForAllThreads is true that may cause Netty to create a lot garbage objects and, as a result, trigger GC.
	It is recommended to disable useCacheForAllThreads by setting -Dorg.apache.ratis.thirdparty.io.netty.allocator.useCacheForAllThreads=false in command line.
2020-07-21 10:22:41,691 [Listener at 127.0.0.1/37905] INFO  grpc.GrpcConfigKeys (ConfUtils.java:logGet(44)) - raft.grpc.server.port = 0 (default)
2020-07-21 10:22:41,691 [Listener at 127.0.0.1/37905] INFO  server.GrpcService (ConfUtils.java:logGet(44)) - raft.grpc.message.size.max = 32MB (=33554432) (custom)
2020-07-21 10:22:41,691 [Listener at 127.0.0.1/37905] INFO  server.RaftServerConfigKeys (ConfUtils.java:logGet(44)) - raft.server.log.appender.buffer.byte-limit = 33554432 (custom)
2020-07-21 10:22:41,691 [Listener at 127.0.0.1/37905] INFO  server.GrpcService (ConfUtils.java:logGet(44)) - raft.grpc.flow.control.window = 5MB (=5242880) (custom)
2020-07-21 10:22:41,691 [Listener at 127.0.0.1/37905] INFO  server.RaftServerConfigKeys (ConfUtils.java:logGet(44)) - raft.server.rpc.request.timeout = 3000ms (default)
2020-07-21 10:22:41,692 [Listener at 127.0.0.1/37905] INFO  server.RaftServerConfigKeys (ConfUtils.java:logGet(44)) - raft.server.storage.dir = [/github/workspace/mnt/ozone/hadoop-ozone/integration-test/target/test-dir/MiniOzoneClusterImpl-26aa3f93-67e0-4cbe-8624-cf0efb7a6165/datanode-7/data/ratis] (custom)
2020-07-21 10:22:41,695 [Listener at 127.0.0.1/37905] INFO  http.BaseHttpServer (BaseHttpServer.java:newHttpServer2BuilderForOzone(207)) - Starting Web-server for hddsDatanode at: http://0.0.0.0:0
2020-07-21 10:22:41,695 [Listener at 127.0.0.1/37905] INFO  http.BaseHttpServer (BaseHttpServer.java:<init>(106)) - Hadoop Security Enabled: false Ozone Security Enabled: false Ozone HTTP Security Enabled: false 
2020-07-21 10:22:41,696 [Listener at 127.0.0.1/37905] INFO  server.AuthenticationFilter (AuthenticationFilter.java:constructSecretProvider(240)) - Unable to initialize FileSignerSecretProvider, falling back to use random secrets.
2020-07-21 10:22:41,696 [Listener at 127.0.0.1/37905] WARN  http.HttpRequestLog (HttpRequestLog.java:getRequestLog(103)) - Jetty request log can only be enabled using Log4j
2020-07-21 10:22:41,697 [Listener at 127.0.0.1/37905] INFO  http.HttpServer2 (HttpServer2.java:addGlobalFilter(998)) - Added global filter 'safety' (class=org.apache.hadoop.hdds.server.http.HttpServer2$QuotingInputFilter)
2020-07-21 10:22:41,698 [Listener at 127.0.0.1/37905] INFO  http.HttpServer2 (HttpServer2.java:addFilter(974)) - Added filter static_user_filter (class=org.apache.hadoop.http.lib.StaticUserWebFilter$StaticUserFilter) to context hddsDatanode
2020-07-21 10:22:41,698 [Listener at 127.0.0.1/37905] INFO  http.HttpServer2 (HttpServer2.java:addFilter(982)) - Added filter static_user_filter (class=org.apache.hadoop.http.lib.StaticUserWebFilter$StaticUserFilter) to context static
2020-07-21 10:22:41,698 [Listener at 127.0.0.1/37905] INFO  http.HttpServer2 (HttpServer2.java:addFilter(982)) - Added filter static_user_filter (class=org.apache.hadoop.http.lib.StaticUserWebFilter$StaticUserFilter) to context logs
2020-07-21 10:22:41,698 [Listener at 127.0.0.1/37905] INFO  http.HttpServer2 (HttpServer2.java:bindListener(1216)) - Jetty bound to port 45891
2020-07-21 10:22:41,698 [Listener at 127.0.0.1/37905] INFO  server.Server (Server.java:doStart(359)) - jetty-9.4.26.v20200117; built: 2020-01-17T12:35:33.676Z; git: 7b38981d25d14afb4a12ff1f2596756144edf695; jvm 1.8.0_232-b09
2020-07-21 10:22:41,699 [Listener at 127.0.0.1/37905] INFO  server.session (DefaultSessionIdManager.java:doStart(333)) - DefaultSessionIdManager workerName=node0
2020-07-21 10:22:41,699 [Listener at 127.0.0.1/37905] INFO  server.session (DefaultSessionIdManager.java:doStart(338)) - No SessionScavenger set, using defaults
2020-07-21 10:22:41,699 [Listener at 127.0.0.1/37905] INFO  server.session (HouseKeeper.java:startScavenging(140)) - node0 Scavenging every 600000ms
2020-07-21 10:22:41,700 [Listener at 127.0.0.1/37905] INFO  handler.ContextHandler (ContextHandler.java:doStart(825)) - Started o.e.j.s.ServletContextHandler@2540ad71{logs,/logs,file:///github/workspace/mnt/ozone/hadoop-ozone/integration-test/target/log,AVAILABLE}
2020-07-21 10:22:41,700 [Listener at 127.0.0.1/37905] INFO  handler.ContextHandler (ContextHandler.java:doStart(825)) - Started o.e.j.s.ServletContextHandler@68068736{static,/static,jar:file:/home/user/.m2/repository/org/apache/hadoop/hadoop-hdds-container-service/0.6.0-SNAPSHOT/hadoop-hdds-container-service-0.6.0-SNAPSHOT.jar!/webapps/static,AVAILABLE}
2020-07-21 10:22:41,763 [Listener at 127.0.0.1/37905] INFO  handler.ContextHandler (ContextHandler.java:doStart(825)) - Started o.e.j.w.WebAppContext@40ccaefa{hddsDatanode,/,file:///tmp/jetty-0_0_0_0-45891-hadoop-hdds-container-service-0_6_0-SNAPSHOT_jar-_-any-81039940642650637.dir/webapp/,AVAILABLE}{jar:file:/home/user/.m2/repository/org/apache/hadoop/hadoop-hdds-container-service/0.6.0-SNAPSHOT/hadoop-hdds-container-service-0.6.0-SNAPSHOT.jar!/webapps/hddsDatanode}
2020-07-21 10:22:41,765 [Listener at 127.0.0.1/37905] INFO  server.AbstractConnector (AbstractConnector.java:doStart(330)) - Started ServerConnector@9628240{HTTP/1.1,[http/1.1]}{0.0.0.0:45891}
2020-07-21 10:22:41,765 [Listener at 127.0.0.1/37905] INFO  server.Server (Server.java:doStart(399)) - Started @159714ms
2020-07-21 10:22:41,765 [Listener at 127.0.0.1/37905] WARN  impl.MetricsSystemImpl (MetricsSystemImpl.java:register(276)) - Sink prometheus already exists!
2020-07-21 10:22:41,767 [Listener at 127.0.0.1/37905] INFO  http.BaseHttpServer (BaseHttpServer.java:updateConnectorAddress(327)) - HTTP server of hddsDatanode listening at http://0.0.0.0:45891
2020-07-21 10:22:41,768 [Listener at 127.0.0.1/37905] INFO  impl.MetricsSystemImpl (MetricsSystemImpl.java:init(158)) - HddsDatanode metrics system started (again)
2020-07-21 10:22:41,769 [Listener at 127.0.0.1/37905] INFO  ozone.HddsDatanodeService (HddsDatanodeService.java:start(214)) - HddsDatanodeService host:f401945b6f42 ip:172.17.0.2
2020-07-21 10:22:41,770 [org.apache.hadoop.util.JvmPauseMonitor$Monitor@1b4a3823] INFO  util.JvmPauseMonitor (JvmPauseMonitor.java:run(188)) - Starting JVM pause monitor
2020-07-21 10:22:41,770 [Listener at 127.0.0.1/37905] INFO  volume.HddsVolume (HddsVolume.java:<init>(176)) - Creating Volume: /github/workspace/mnt/ozone/hadoop-ozone/integration-test/target/test-dir/MiniOzoneClusterImpl-26aa3f93-67e0-4cbe-8624-cf0efb7a6165/datanode-8/data-0/containers/hdds of storage type : DISK and capacity : 9223372036854775807
2020-07-21 10:22:41,770 [Listener at 127.0.0.1/37905] INFO  volume.MutableVolumeSet (MutableVolumeSet.java:initializeVolumeSet(179)) - Added Volume : /github/workspace/mnt/ozone/hadoop-ozone/integration-test/target/test-dir/MiniOzoneClusterImpl-26aa3f93-67e0-4cbe-8624-cf0efb7a6165/datanode-8/data-0/containers/hdds to VolumeSet
2020-07-21 10:22:41,770 [Listener at 127.0.0.1/37905] INFO  volume.ThrottledAsyncChecker (ThrottledAsyncChecker.java:schedule(141)) - Scheduling a check for /github/workspace/mnt/ozone/hadoop-ozone/integration-test/target/test-dir/MiniOzoneClusterImpl-26aa3f93-67e0-4cbe-8624-cf0efb7a6165/datanode-8/data-0/containers/hdds
2020-07-21 10:22:41,771 [Listener at 127.0.0.1/37905] INFO  volume.HddsVolumeChecker (HddsVolumeChecker.java:checkAllVolumes(200)) - Scheduled health check for volume /github/workspace/mnt/ozone/hadoop-ozone/integration-test/target/test-dir/MiniOzoneClusterImpl-26aa3f93-67e0-4cbe-8624-cf0efb7a6165/datanode-8/data-0/containers/hdds
2020-07-21 10:22:41,773 [Datanode State Machine Thread - 0] INFO  datanode.InitDatanodeState (InitDatanodeState.java:persistContainerDatanodeDetails(145)) - DatanodeDetails is persisted to /github/workspace/mnt/ozone/hadoop-ozone/integration-test/target/test-dir/MiniOzoneClusterImpl-26aa3f93-67e0-4cbe-8624-cf0efb7a6165/datanode-7/meta/datanode.id
2020-07-21 10:22:41,783 [Listener at 127.0.0.1/37905] INFO  impl.RaftServerProxy (ConfUtils.java:logGet(44)) - raft.rpc.type = GRPC (default)
2020-07-21 10:22:41,783 [Listener at 127.0.0.1/37905] INFO  grpc.GrpcFactory (GrpcFactory.java:checkPooledByteBufAllocatorUseCacheForAllThreads(45)) - PERFORMANCE WARNING: useCacheForAllThreads is true that may cause Netty to create a lot garbage objects and, as a result, trigger GC.
	It is recommended to disable useCacheForAllThreads by setting -Dorg.apache.ratis.thirdparty.io.netty.allocator.useCacheForAllThreads=false in command line.
2020-07-21 10:22:41,783 [Listener at 127.0.0.1/37905] INFO  grpc.GrpcConfigKeys (ConfUtils.java:logGet(44)) - raft.grpc.server.port = 0 (default)
2020-07-21 10:22:41,784 [Listener at 127.0.0.1/37905] INFO  server.GrpcService (ConfUtils.java:logGet(44)) - raft.grpc.message.size.max = 32MB (=33554432) (custom)
2020-07-21 10:22:41,784 [Listener at 127.0.0.1/37905] INFO  server.RaftServerConfigKeys (ConfUtils.java:logGet(44)) - raft.server.log.appender.buffer.byte-limit = 33554432 (custom)
2020-07-21 10:22:41,784 [Listener at 127.0.0.1/37905] INFO  server.GrpcService (ConfUtils.java:logGet(44)) - raft.grpc.flow.control.window = 5MB (=5242880) (custom)
2020-07-21 10:22:41,784 [Listener at 127.0.0.1/37905] INFO  server.RaftServerConfigKeys (ConfUtils.java:logGet(44)) - raft.server.rpc.request.timeout = 3000ms (default)
2020-07-21 10:22:41,784 [Listener at 127.0.0.1/37905] INFO  server.RaftServerConfigKeys (ConfUtils.java:logGet(44)) - raft.server.storage.dir = [/github/workspace/mnt/ozone/hadoop-ozone/integration-test/target/test-dir/MiniOzoneClusterImpl-26aa3f93-67e0-4cbe-8624-cf0efb7a6165/datanode-8/data/ratis] (custom)
2020-07-21 10:22:41,789 [Listener at 127.0.0.1/37905] INFO  http.BaseHttpServer (BaseHttpServer.java:newHttpServer2BuilderForOzone(207)) - Starting Web-server for hddsDatanode at: http://0.0.0.0:0
2020-07-21 10:22:41,789 [Listener at 127.0.0.1/37905] INFO  http.BaseHttpServer (BaseHttpServer.java:<init>(106)) - Hadoop Security Enabled: false Ozone Security Enabled: false Ozone HTTP Security Enabled: false 
2020-07-21 10:22:41,790 [Listener at 127.0.0.1/37905] INFO  server.AuthenticationFilter (AuthenticationFilter.java:constructSecretProvider(240)) - Unable to initialize FileSignerSecretProvider, falling back to use random secrets.
2020-07-21 10:22:41,790 [Listener at 127.0.0.1/37905] WARN  http.HttpRequestLog (HttpRequestLog.java:getRequestLog(103)) - Jetty request log can only be enabled using Log4j
2020-07-21 10:22:41,791 [Listener at 127.0.0.1/37905] INFO  http.HttpServer2 (HttpServer2.java:addGlobalFilter(998)) - Added global filter 'safety' (class=org.apache.hadoop.hdds.server.http.HttpServer2$QuotingInputFilter)
2020-07-21 10:22:41,791 [Listener at 127.0.0.1/37905] INFO  http.HttpServer2 (HttpServer2.java:addFilter(974)) - Added filter static_user_filter (class=org.apache.hadoop.http.lib.StaticUserWebFilter$StaticUserFilter) to context hddsDatanode
2020-07-21 10:22:41,791 [Listener at 127.0.0.1/37905] INFO  http.HttpServer2 (HttpServer2.java:addFilter(982)) - Added filter static_user_filter (class=org.apache.hadoop.http.lib.StaticUserWebFilter$StaticUserFilter) to context static
2020-07-21 10:22:41,791 [Listener at 127.0.0.1/37905] INFO  http.HttpServer2 (HttpServer2.java:addFilter(982)) - Added filter static_user_filter (class=org.apache.hadoop.http.lib.StaticUserWebFilter$StaticUserFilter) to context logs
2020-07-21 10:22:41,792 [Listener at 127.0.0.1/37905] INFO  http.HttpServer2 (HttpServer2.java:bindListener(1216)) - Jetty bound to port 41025
2020-07-21 10:22:41,792 [Listener at 127.0.0.1/37905] INFO  server.Server (Server.java:doStart(359)) - jetty-9.4.26.v20200117; built: 2020-01-17T12:35:33.676Z; git: 7b38981d25d14afb4a12ff1f2596756144edf695; jvm 1.8.0_232-b09
2020-07-21 10:22:41,793 [Listener at 127.0.0.1/37905] INFO  server.session (DefaultSessionIdManager.java:doStart(333)) - DefaultSessionIdManager workerName=node0
2020-07-21 10:22:41,793 [Listener at 127.0.0.1/37905] INFO  server.session (DefaultSessionIdManager.java:doStart(338)) - No SessionScavenger set, using defaults
2020-07-21 10:22:41,793 [Listener at 127.0.0.1/37905] INFO  server.session (HouseKeeper.java:startScavenging(140)) - node0 Scavenging every 600000ms
2020-07-21 10:22:41,793 [Listener at 127.0.0.1/37905] INFO  handler.ContextHandler (ContextHandler.java:doStart(825)) - Started o.e.j.s.ServletContextHandler@986deaf{logs,/logs,file:///github/workspace/mnt/ozone/hadoop-ozone/integration-test/target/log,AVAILABLE}
2020-07-21 10:22:41,794 [Listener at 127.0.0.1/37905] INFO  handler.ContextHandler (ContextHandler.java:doStart(825)) - Started o.e.j.s.ServletContextHandler@3bf572e0{static,/static,jar:file:/home/user/.m2/repository/org/apache/hadoop/hadoop-hdds-container-service/0.6.0-SNAPSHOT/hadoop-hdds-container-service-0.6.0-SNAPSHOT.jar!/webapps/static,AVAILABLE}
2020-07-21 10:22:41,857 [Listener at 127.0.0.1/37905] INFO  handler.ContextHandler (ContextHandler.java:doStart(825)) - Started o.e.j.w.WebAppContext@38511687{hddsDatanode,/,file:///tmp/jetty-0_0_0_0-41025-hadoop-hdds-container-service-0_6_0-SNAPSHOT_jar-_-any-2149752217194254278.dir/webapp/,AVAILABLE}{jar:file:/home/user/.m2/repository/org/apache/hadoop/hadoop-hdds-container-service/0.6.0-SNAPSHOT/hadoop-hdds-container-service-0.6.0-SNAPSHOT.jar!/webapps/hddsDatanode}
2020-07-21 10:22:41,859 [Listener at 127.0.0.1/37905] INFO  server.AbstractConnector (AbstractConnector.java:doStart(330)) - Started ServerConnector@12bc9450{HTTP/1.1,[http/1.1]}{0.0.0.0:41025}
2020-07-21 10:22:41,859 [Listener at 127.0.0.1/37905] INFO  server.Server (Server.java:doStart(399)) - Started @159808ms
2020-07-21 10:22:41,859 [Listener at 127.0.0.1/37905] WARN  impl.MetricsSystemImpl (MetricsSystemImpl.java:register(276)) - Sink prometheus already exists!
2020-07-21 10:22:41,861 [Listener at 127.0.0.1/37905] INFO  http.BaseHttpServer (BaseHttpServer.java:updateConnectorAddress(327)) - HTTP server of hddsDatanode listening at http://0.0.0.0:41025
2020-07-21 10:22:41,862 [Listener at 127.0.0.1/37905] INFO  ozone.MiniOzoneClusterImpl (MiniOzoneClusterImpl.java:lambda$waitForClusterToBeReady$0(177)) - Waiting for nodes to be ready. Got 0 of 9 DN Heartbeats.
2020-07-21 10:22:41,862 [Listener at 127.0.0.1/37905] INFO  ozone.MiniOzoneClusterImpl (MiniOzoneClusterImpl.java:lambda$waitForClusterToBeReady$0(180)) - Waiting for cluster to exit safe mode
2020-07-21 10:22:41,865 [org.apache.hadoop.util.JvmPauseMonitor$Monitor@1236f8c2] INFO  util.JvmPauseMonitor (JvmPauseMonitor.java:run(188)) - Starting JVM pause monitor
2020-07-21 10:22:41,866 [Datanode State Machine Thread - 0] INFO  datanode.InitDatanodeState (InitDatanodeState.java:persistContainerDatanodeDetails(145)) - DatanodeDetails is persisted to /github/workspace/mnt/ozone/hadoop-ozone/integration-test/target/test-dir/MiniOzoneClusterImpl-26aa3f93-67e0-4cbe-8624-cf0efb7a6165/datanode-8/meta/datanode.id
2020-07-21 10:22:42,862 [Listener at 127.0.0.1/37905] INFO  ozone.MiniOzoneClusterImpl (MiniOzoneClusterImpl.java:lambda$waitForClusterToBeReady$0(177)) - Waiting for nodes to be ready. Got 0 of 9 DN Heartbeats.
2020-07-21 10:22:42,863 [Listener at 127.0.0.1/37905] INFO  ozone.MiniOzoneClusterImpl (MiniOzoneClusterImpl.java:lambda$waitForClusterToBeReady$0(180)) - Waiting for cluster to exit safe mode
2020-07-21 10:22:42,972 [Datanode State Machine Thread - 0] INFO  ozoneimpl.OzoneContainer (OzoneContainer.java:start(233)) - Attempting to start container services.
2020-07-21 10:22:42,972 [Datanode State Machine Thread - 0] INFO  ozoneimpl.OzoneContainer (OzoneContainer.java:startContainerScrub(197)) - Background container scanner has been disabled.
2020-07-21 10:22:42,972 [Datanode State Machine Thread - 0] INFO  ratis.XceiverServerRatis (XceiverServerRatis.java:start(438)) - Starting XceiverServerRatis 51d43626-bb24-4602-b224-4a15530a8e55 at port 0
2020-07-21 10:22:42,974 [Datanode State Machine Thread - 0] INFO  impl.RaftServerProxy (RaftServerProxy.java:lambda$start$3(304)) - 51d43626-bb24-4602-b224-4a15530a8e55: start RPC server
2020-07-21 10:22:42,974 [Datanode State Machine Thread - 0] INFO  server.GrpcService (GrpcService.java:startImpl(160)) - 51d43626-bb24-4602-b224-4a15530a8e55: GrpcService started, listening on 0.0.0.0/0.0.0.0:44023
2020-07-21 10:22:42,974 [Datanode State Machine Thread - 0] INFO  ratis.XceiverServerRatis (XceiverServerRatis.java:start(450)) - XceiverServerRatis 51d43626-bb24-4602-b224-4a15530a8e55 is started using port 44023
2020-07-21 10:22:42,977 [Datanode State Machine Thread - 0] INFO  server.XceiverServerGrpc (XceiverServerGrpc.java:start(145)) - XceiverServerGrpc 51d43626-bb24-4602-b224-4a15530a8e55 is started using port 46135
2020-07-21 10:22:43,081 [Datanode State Machine Thread - 0] INFO  ozoneimpl.OzoneContainer (OzoneContainer.java:start(233)) - Attempting to start container services.
2020-07-21 10:22:43,081 [Datanode State Machine Thread - 0] INFO  ozoneimpl.OzoneContainer (OzoneContainer.java:startContainerScrub(197)) - Background container scanner has been disabled.
2020-07-21 10:22:43,081 [Datanode State Machine Thread - 0] INFO  ratis.XceiverServerRatis (XceiverServerRatis.java:start(438)) - Starting XceiverServerRatis f358e290-f705-4636-941e-77012e86de6c at port 0
2020-07-21 10:22:43,084 [Datanode State Machine Thread - 0] INFO  impl.RaftServerProxy (RaftServerProxy.java:lambda$start$3(304)) - f358e290-f705-4636-941e-77012e86de6c: start RPC server
2020-07-21 10:22:43,084 [Datanode State Machine Thread - 0] INFO  server.GrpcService (GrpcService.java:startImpl(160)) - f358e290-f705-4636-941e-77012e86de6c: GrpcService started, listening on 0.0.0.0/0.0.0.0:46351
2020-07-21 10:22:43,085 [Datanode State Machine Thread - 0] INFO  ratis.XceiverServerRatis (XceiverServerRatis.java:start(450)) - XceiverServerRatis f358e290-f705-4636-941e-77012e86de6c is started using port 46351
2020-07-21 10:22:43,085 [Datanode State Machine Thread - 0] INFO  server.XceiverServerGrpc (XceiverServerGrpc.java:start(145)) - XceiverServerGrpc f358e290-f705-4636-941e-77012e86de6c is started using port 33197
2020-07-21 10:22:43,187 [Datanode State Machine Thread - 0] INFO  ozoneimpl.OzoneContainer (OzoneContainer.java:start(233)) - Attempting to start container services.
2020-07-21 10:22:43,187 [Datanode State Machine Thread - 0] INFO  ozoneimpl.OzoneContainer (OzoneContainer.java:startContainerScrub(197)) - Background container scanner has been disabled.
2020-07-21 10:22:43,187 [Datanode State Machine Thread - 0] INFO  ratis.XceiverServerRatis (XceiverServerRatis.java:start(438)) - Starting XceiverServerRatis cb99a555-5d60-49aa-ac43-e029c79e7f63 at port 0
2020-07-21 10:22:43,188 [Datanode State Machine Thread - 0] INFO  impl.RaftServerProxy (RaftServerProxy.java:lambda$start$3(304)) - cb99a555-5d60-49aa-ac43-e029c79e7f63: start RPC server
2020-07-21 10:22:43,189 [Datanode State Machine Thread - 0] INFO  server.GrpcService (GrpcService.java:startImpl(160)) - cb99a555-5d60-49aa-ac43-e029c79e7f63: GrpcService started, listening on 0.0.0.0/0.0.0.0:44593
2020-07-21 10:22:43,189 [Datanode State Machine Thread - 0] INFO  ratis.XceiverServerRatis (XceiverServerRatis.java:start(450)) - XceiverServerRatis cb99a555-5d60-49aa-ac43-e029c79e7f63 is started using port 44593
2020-07-21 10:22:43,193 [Datanode State Machine Thread - 0] INFO  server.XceiverServerGrpc (XceiverServerGrpc.java:start(145)) - XceiverServerGrpc cb99a555-5d60-49aa-ac43-e029c79e7f63 is started using port 38115
2020-07-21 10:22:43,308 [Datanode State Machine Thread - 0] INFO  ozoneimpl.OzoneContainer (OzoneContainer.java:start(233)) - Attempting to start container services.
2020-07-21 10:22:43,308 [Datanode State Machine Thread - 0] INFO  ozoneimpl.OzoneContainer (OzoneContainer.java:startContainerScrub(197)) - Background container scanner has been disabled.
2020-07-21 10:22:43,308 [Datanode State Machine Thread - 0] INFO  ratis.XceiverServerRatis (XceiverServerRatis.java:start(438)) - Starting XceiverServerRatis c07c5c06-eb2e-4fff-9225-845a4954e246 at port 0
2020-07-21 10:22:43,309 [Datanode State Machine Thread - 0] INFO  impl.RaftServerProxy (RaftServerProxy.java:lambda$start$3(304)) - c07c5c06-eb2e-4fff-9225-845a4954e246: start RPC server
2020-07-21 10:22:43,310 [Datanode State Machine Thread - 0] INFO  server.GrpcService (GrpcService.java:startImpl(160)) - c07c5c06-eb2e-4fff-9225-845a4954e246: GrpcService started, listening on 0.0.0.0/0.0.0.0:39799
2020-07-21 10:22:43,310 [Datanode State Machine Thread - 0] INFO  ratis.XceiverServerRatis (XceiverServerRatis.java:start(450)) - XceiverServerRatis c07c5c06-eb2e-4fff-9225-845a4954e246 is started using port 39799
2020-07-21 10:22:43,310 [Datanode State Machine Thread - 0] INFO  server.XceiverServerGrpc (XceiverServerGrpc.java:start(145)) - XceiverServerGrpc c07c5c06-eb2e-4fff-9225-845a4954e246 is started using port 44607
2020-07-21 10:22:43,397 [Datanode State Machine Thread - 0] INFO  ozoneimpl.OzoneContainer (OzoneContainer.java:start(233)) - Attempting to start container services.
2020-07-21 10:22:43,397 [Datanode State Machine Thread - 0] INFO  ozoneimpl.OzoneContainer (OzoneContainer.java:startContainerScrub(197)) - Background container scanner has been disabled.
2020-07-21 10:22:43,397 [Datanode State Machine Thread - 0] INFO  ratis.XceiverServerRatis (XceiverServerRatis.java:start(438)) - Starting XceiverServerRatis 73f9b6d6-78ac-4cc6-953d-c7a8a2f9ddd0 at port 0
2020-07-21 10:22:43,398 [Datanode State Machine Thread - 0] INFO  impl.RaftServerProxy (RaftServerProxy.java:lambda$start$3(304)) - 73f9b6d6-78ac-4cc6-953d-c7a8a2f9ddd0: start RPC server
2020-07-21 10:22:43,398 [Datanode State Machine Thread - 0] INFO  server.GrpcService (GrpcService.java:startImpl(160)) - 73f9b6d6-78ac-4cc6-953d-c7a8a2f9ddd0: GrpcService started, listening on 0.0.0.0/0.0.0.0:40125
2020-07-21 10:22:43,399 [Datanode State Machine Thread - 0] INFO  ratis.XceiverServerRatis (XceiverServerRatis.java:start(450)) - XceiverServerRatis 73f9b6d6-78ac-4cc6-953d-c7a8a2f9ddd0 is started using port 40125
2020-07-21 10:22:43,400 [Datanode State Machine Thread - 0] INFO  server.XceiverServerGrpc (XceiverServerGrpc.java:start(145)) - XceiverServerGrpc 73f9b6d6-78ac-4cc6-953d-c7a8a2f9ddd0 is started using port 34535
2020-07-21 10:22:43,572 [Datanode State Machine Thread - 0] INFO  ozoneimpl.OzoneContainer (OzoneContainer.java:start(233)) - Attempting to start container services.
2020-07-21 10:22:43,572 [Datanode State Machine Thread - 0] INFO  ozoneimpl.OzoneContainer (OzoneContainer.java:startContainerScrub(197)) - Background container scanner has been disabled.
2020-07-21 10:22:43,572 [Datanode State Machine Thread - 0] INFO  ratis.XceiverServerRatis (XceiverServerRatis.java:start(438)) - Starting XceiverServerRatis b539c339-7771-4951-b0e8-e5cec13be09d at port 0
2020-07-21 10:22:43,573 [Datanode State Machine Thread - 0] INFO  impl.RaftServerProxy (RaftServerProxy.java:lambda$start$3(304)) - b539c339-7771-4951-b0e8-e5cec13be09d: start RPC server
2020-07-21 10:22:43,574 [Datanode State Machine Thread - 0] INFO  server.GrpcService (GrpcService.java:startImpl(160)) - b539c339-7771-4951-b0e8-e5cec13be09d: GrpcService started, listening on 0.0.0.0/0.0.0.0:35681
2020-07-21 10:22:43,574 [Datanode State Machine Thread - 0] INFO  ratis.XceiverServerRatis (XceiverServerRatis.java:start(450)) - XceiverServerRatis b539c339-7771-4951-b0e8-e5cec13be09d is started using port 35681
2020-07-21 10:22:43,575 [Datanode State Machine Thread - 0] INFO  server.XceiverServerGrpc (XceiverServerGrpc.java:start(145)) - XceiverServerGrpc b539c339-7771-4951-b0e8-e5cec13be09d is started using port 39847
2020-07-21 10:22:43,679 [Datanode State Machine Thread - 0] INFO  ozoneimpl.OzoneContainer (OzoneContainer.java:start(233)) - Attempting to start container services.
2020-07-21 10:22:43,679 [Datanode State Machine Thread - 0] INFO  ozoneimpl.OzoneContainer (OzoneContainer.java:startContainerScrub(197)) - Background container scanner has been disabled.
2020-07-21 10:22:43,679 [Datanode State Machine Thread - 0] INFO  ratis.XceiverServerRatis (XceiverServerRatis.java:start(438)) - Starting XceiverServerRatis 8b103efb-4bcc-46ba-8a16-605357281583 at port 0
2020-07-21 10:22:43,680 [Datanode State Machine Thread - 0] INFO  impl.RaftServerProxy (RaftServerProxy.java:lambda$start$3(304)) - 8b103efb-4bcc-46ba-8a16-605357281583: start RPC server
2020-07-21 10:22:43,681 [Datanode State Machine Thread - 0] INFO  server.GrpcService (GrpcService.java:startImpl(160)) - 8b103efb-4bcc-46ba-8a16-605357281583: GrpcService started, listening on 0.0.0.0/0.0.0.0:34397
2020-07-21 10:22:43,681 [Datanode State Machine Thread - 0] INFO  ratis.XceiverServerRatis (XceiverServerRatis.java:start(450)) - XceiverServerRatis 8b103efb-4bcc-46ba-8a16-605357281583 is started using port 34397
2020-07-21 10:22:43,681 [Datanode State Machine Thread - 0] INFO  server.XceiverServerGrpc (XceiverServerGrpc.java:start(145)) - XceiverServerGrpc 8b103efb-4bcc-46ba-8a16-605357281583 is started using port 42029
2020-07-21 10:22:43,771 [Datanode State Machine Thread - 0] INFO  ozoneimpl.OzoneContainer (OzoneContainer.java:start(233)) - Attempting to start container services.
2020-07-21 10:22:43,772 [Datanode State Machine Thread - 0] INFO  ozoneimpl.OzoneContainer (OzoneContainer.java:startContainerScrub(197)) - Background container scanner has been disabled.
2020-07-21 10:22:43,772 [Datanode State Machine Thread - 0] INFO  ratis.XceiverServerRatis (XceiverServerRatis.java:start(438)) - Starting XceiverServerRatis dc1ecc86-b233-440d-8be3-38a10f678b98 at port 0
2020-07-21 10:22:43,773 [Datanode State Machine Thread - 0] INFO  impl.RaftServerProxy (RaftServerProxy.java:lambda$start$3(304)) - dc1ecc86-b233-440d-8be3-38a10f678b98: start RPC server
2020-07-21 10:22:43,773 [Datanode State Machine Thread - 0] INFO  server.GrpcService (GrpcService.java:startImpl(160)) - dc1ecc86-b233-440d-8be3-38a10f678b98: GrpcService started, listening on 0.0.0.0/0.0.0.0:36481
2020-07-21 10:22:43,773 [Datanode State Machine Thread - 0] INFO  ratis.XceiverServerRatis (XceiverServerRatis.java:start(450)) - XceiverServerRatis dc1ecc86-b233-440d-8be3-38a10f678b98 is started using port 36481
2020-07-21 10:22:43,774 [Datanode State Machine Thread - 0] INFO  server.XceiverServerGrpc (XceiverServerGrpc.java:start(145)) - XceiverServerGrpc dc1ecc86-b233-440d-8be3-38a10f678b98 is started using port 39855
2020-07-21 10:22:43,863 [Listener at 127.0.0.1/37905] INFO  ozone.MiniOzoneClusterImpl (MiniOzoneClusterImpl.java:lambda$waitForClusterToBeReady$0(177)) - Waiting for nodes to be ready. Got 0 of 9 DN Heartbeats.
2020-07-21 10:22:43,863 [Listener at 127.0.0.1/37905] INFO  ozone.MiniOzoneClusterImpl (MiniOzoneClusterImpl.java:lambda$waitForClusterToBeReady$0(180)) - Waiting for cluster to exit safe mode
2020-07-21 10:22:43,866 [Datanode State Machine Thread - 0] INFO  ozoneimpl.OzoneContainer (OzoneContainer.java:start(233)) - Attempting to start container services.
2020-07-21 10:22:43,866 [Datanode State Machine Thread - 0] INFO  ozoneimpl.OzoneContainer (OzoneContainer.java:startContainerScrub(197)) - Background container scanner has been disabled.
2020-07-21 10:22:43,866 [Datanode State Machine Thread - 0] INFO  ratis.XceiverServerRatis (XceiverServerRatis.java:start(438)) - Starting XceiverServerRatis 1e765541-286b-46a5-8366-eef195687e41 at port 0
2020-07-21 10:22:43,867 [Datanode State Machine Thread - 0] INFO  impl.RaftServerProxy (RaftServerProxy.java:lambda$start$3(304)) - 1e765541-286b-46a5-8366-eef195687e41: start RPC server
2020-07-21 10:22:43,868 [Datanode State Machine Thread - 0] INFO  server.GrpcService (GrpcService.java:startImpl(160)) - 1e765541-286b-46a5-8366-eef195687e41: GrpcService started, listening on 0.0.0.0/0.0.0.0:37839
2020-07-21 10:22:43,868 [Datanode State Machine Thread - 0] INFO  ratis.XceiverServerRatis (XceiverServerRatis.java:start(450)) - XceiverServerRatis 1e765541-286b-46a5-8366-eef195687e41 is started using port 37839
2020-07-21 10:22:43,868 [Datanode State Machine Thread - 0] INFO  server.XceiverServerGrpc (XceiverServerGrpc.java:start(145)) - XceiverServerGrpc 1e765541-286b-46a5-8366-eef195687e41 is started using port 40507
2020-07-21 10:22:44,864 [Listener at 127.0.0.1/37905] INFO  ozone.MiniOzoneClusterImpl (MiniOzoneClusterImpl.java:lambda$waitForClusterToBeReady$0(177)) - Waiting for nodes to be ready. Got 0 of 9 DN Heartbeats.
2020-07-21 10:22:44,864 [Listener at 127.0.0.1/37905] INFO  ozone.MiniOzoneClusterImpl (MiniOzoneClusterImpl.java:lambda$waitForClusterToBeReady$0(180)) - Waiting for cluster to exit safe mode
2020-07-21 10:22:44,966 [IPC Server handler 2 on default port 38247] INFO  net.NetworkTopology (NetworkTopologyImpl.java:add(111)) - Added a new node: /default-rack/51d43626-bb24-4602-b224-4a15530a8e55
2020-07-21 10:22:44,968 [IPC Server handler 2 on default port 38247] INFO  node.SCMNodeManager (SCMNodeManager.java:register(273)) - Registered Data node : 51d43626-bb24-4602-b224-4a15530a8e55{ip: 172.17.0.2, host: f401945b6f42, networkLocation: /default-rack, certSerialId: null}
2020-07-21 10:22:44,969 [RatisPipelineUtilsThread] INFO  pipeline.RatisPipelineProvider (RatisPipelineProvider.java:lambda$create$0(138)) - Sending CreatePipelineCommand for pipeline:PipelineID=0aeb9b49-0770-4edc-877c-94fbfebb8208 to datanode:51d43626-bb24-4602-b224-4a15530a8e55
2020-07-21 10:22:44,969 [EventQueue-NodeRegistrationContainerReportForContainerSafeModeRule] INFO  safemode.SCMSafeModeManager (SCMSafeModeManager.java:validateSafeModeExitRules(214)) - ContainerSafeModeRule rule is successfully validated
2020-07-21 10:22:44,970 [RatisPipelineUtilsThread] INFO  pipeline.PipelineStateManager (PipelineStateManager.java:addPipeline(54)) - Created pipeline Pipeline[ Id: 0aeb9b49-0770-4edc-877c-94fbfebb8208, Nodes: 51d43626-bb24-4602-b224-4a15530a8e55{ip: 172.17.0.2, host: f401945b6f42, networkLocation: /default-rack, certSerialId: null}, Type:RATIS, Factor:ONE, State:ALLOCATED, leaderId:, CreationTimestamp2020-07-21T10:22:44.969Z]
2020-07-21 10:22:44,970 [RatisPipelineUtilsThread] ERROR pipeline.SCMPipelineManager (SCMPipelineManager.java:createPipeline(275)) - Failed to create pipeline of type RATIS and factor ONE. Exception: Cannot create pipeline of factor 1 using 0 nodes. Used 1 nodes. Healthy nodes 1
2020-07-21 10:22:44,970 [EventQueue-NodeRegistrationContainerReportForDataNodeSafeModeRule] INFO  safemode.SCMSafeModeManager (DataNodeSafeModeRule.java:process(71)) - SCM in safe mode. 1 DataNodes registered, 1 required.
2020-07-21 10:22:44,974 [EventQueue-NodeRegistrationContainerReportForDataNodeSafeModeRule] INFO  safemode.SCMSafeModeManager (SCMSafeModeManager.java:validateSafeModeExitRules(214)) - DataNodeSafeModeRule rule is successfully validated
2020-07-21 10:22:44,974 [EventQueue-NodeRegistrationContainerReportForDataNodeSafeModeRule] INFO  safemode.SCMSafeModeManager (SCMSafeModeManager.java:completePreCheck(242)) - All SCM safe mode pre check rules have passed
2020-07-21 10:22:44,974 [RatisPipelineUtilsThread] ERROR pipeline.SCMPipelineManager (SCMPipelineManager.java:createPipeline(275)) - Failed to create pipeline of type RATIS and factor ONE. Exception: Cannot create pipeline of factor 1 using 0 nodes. Used 1 nodes. Healthy nodes 1
2020-07-21 10:22:44,974 [RatisPipelineUtilsThread] WARN  pipeline.PipelinePlacementPolicy (PipelinePlacementPolicy.java:filterViableNodes(133)) - Pipeline creation failed due to no sufficient healthy datanodes. Required 3. Found 1.
2020-07-21 10:22:44,975 [RatisPipelineUtilsThread] ERROR pipeline.SCMPipelineManager (SCMPipelineManager.java:createPipeline(275)) - Failed to create pipeline of type RATIS and factor THREE. Exception: Pipeline creation failed due to no sufficient healthy datanodes. Required 3. Found 1.
2020-07-21 10:22:45,077 [IPC Server handler 3 on default port 38247] INFO  net.NetworkTopology (NetworkTopologyImpl.java:add(111)) - Added a new node: /default-rack/f358e290-f705-4636-941e-77012e86de6c
2020-07-21 10:22:45,078 [IPC Server handler 3 on default port 38247] INFO  node.SCMNodeManager (SCMNodeManager.java:register(273)) - Registered Data node : f358e290-f705-4636-941e-77012e86de6c{ip: 172.17.0.2, host: f401945b6f42, networkLocation: /default-rack, certSerialId: null}
2020-07-21 10:22:45,078 [EventQueue-NodeRegistrationContainerReportForDataNodeSafeModeRule] INFO  safemode.SCMSafeModeManager (SCMSafeModeManager.java:validateSafeModeExitRules(214)) - DataNodeSafeModeRule rule is successfully validated
2020-07-21 10:22:45,078 [EventQueue-NodeRegistrationContainerReportForContainerSafeModeRule] INFO  safemode.SCMSafeModeManager (SCMSafeModeManager.java:validateSafeModeExitRules(214)) - ContainerSafeModeRule rule is successfully validated
2020-07-21 10:22:45,078 [RatisPipelineUtilsThread] INFO  pipeline.RatisPipelineProvider (RatisPipelineProvider.java:lambda$create$0(138)) - Sending CreatePipelineCommand for pipeline:PipelineID=393406bf-9c39-46ea-a3fa-b3faea38208e to datanode:f358e290-f705-4636-941e-77012e86de6c
2020-07-21 10:22:45,079 [RatisPipelineUtilsThread] INFO  pipeline.PipelineStateManager (PipelineStateManager.java:addPipeline(54)) - Created pipeline Pipeline[ Id: 393406bf-9c39-46ea-a3fa-b3faea38208e, Nodes: f358e290-f705-4636-941e-77012e86de6c{ip: 172.17.0.2, host: f401945b6f42, networkLocation: /default-rack, certSerialId: null}, Type:RATIS, Factor:ONE, State:ALLOCATED, leaderId:, CreationTimestamp2020-07-21T10:22:45.078Z]
2020-07-21 10:22:45,079 [RatisPipelineUtilsThread] ERROR pipeline.SCMPipelineManager (SCMPipelineManager.java:createPipeline(275)) - Failed to create pipeline of type RATIS and factor ONE. Exception: Cannot create pipeline of factor 1 using 0 nodes. Used 2 nodes. Healthy nodes 2
2020-07-21 10:22:45,079 [RatisPipelineUtilsThread] WARN  pipeline.PipelinePlacementPolicy (PipelinePlacementPolicy.java:filterViableNodes(133)) - Pipeline creation failed due to no sufficient healthy datanodes. Required 3. Found 2.
2020-07-21 10:22:45,079 [RatisPipelineUtilsThread] ERROR pipeline.SCMPipelineManager (SCMPipelineManager.java:createPipeline(275)) - Failed to create pipeline of type RATIS and factor THREE. Exception: Pipeline creation failed due to no sufficient healthy datanodes. Required 3. Found 2.
2020-07-21 10:22:45,185 [IPC Server handler 4 on default port 38247] INFO  net.NetworkTopology (NetworkTopologyImpl.java:add(111)) - Added a new node: /default-rack/cb99a555-5d60-49aa-ac43-e029c79e7f63
2020-07-21 10:22:45,186 [IPC Server handler 4 on default port 38247] INFO  node.SCMNodeManager (SCMNodeManager.java:register(273)) - Registered Data node : cb99a555-5d60-49aa-ac43-e029c79e7f63{ip: 172.17.0.2, host: f401945b6f42, networkLocation: /default-rack, certSerialId: null}
2020-07-21 10:22:45,186 [RatisPipelineUtilsThread] INFO  pipeline.RatisPipelineProvider (RatisPipelineProvider.java:lambda$create$0(138)) - Sending CreatePipelineCommand for pipeline:PipelineID=50cad3eb-d542-4ff2-9018-f2504f3a8000 to datanode:cb99a555-5d60-49aa-ac43-e029c79e7f63
2020-07-21 10:22:45,186 [EventQueue-NodeRegistrationContainerReportForContainerSafeModeRule] INFO  safemode.SCMSafeModeManager (SCMSafeModeManager.java:validateSafeModeExitRules(214)) - ContainerSafeModeRule rule is successfully validated
2020-07-21 10:22:45,186 [EventQueue-NodeRegistrationContainerReportForDataNodeSafeModeRule] INFO  safemode.SCMSafeModeManager (SCMSafeModeManager.java:validateSafeModeExitRules(214)) - DataNodeSafeModeRule rule is successfully validated
2020-07-21 10:22:45,186 [RatisPipelineUtilsThread] INFO  pipeline.PipelineStateManager (PipelineStateManager.java:addPipeline(54)) - Created pipeline Pipeline[ Id: 50cad3eb-d542-4ff2-9018-f2504f3a8000, Nodes: cb99a555-5d60-49aa-ac43-e029c79e7f63{ip: 172.17.0.2, host: f401945b6f42, networkLocation: /default-rack, certSerialId: null}, Type:RATIS, Factor:ONE, State:ALLOCATED, leaderId:, CreationTimestamp2020-07-21T10:22:45.186Z]
2020-07-21 10:22:45,188 [RatisPipelineUtilsThread] ERROR pipeline.SCMPipelineManager (SCMPipelineManager.java:createPipeline(275)) - Failed to create pipeline of type RATIS and factor ONE. Exception: Cannot create pipeline of factor 1 using 0 nodes. Used 3 nodes. Healthy nodes 3
2020-07-21 10:22:45,188 [RatisPipelineUtilsThread] INFO  pipeline.RatisPipelineProvider (RatisPipelineProvider.java:lambda$create$0(138)) - Sending CreatePipelineCommand for pipeline:PipelineID=c07308eb-0ade-4505-8c4f-961dfa348bc2 to datanode:cb99a555-5d60-49aa-ac43-e029c79e7f63
2020-07-21 10:22:45,188 [RatisPipelineUtilsThread] INFO  pipeline.RatisPipelineProvider (RatisPipelineProvider.java:lambda$create$0(138)) - Sending CreatePipelineCommand for pipeline:PipelineID=c07308eb-0ade-4505-8c4f-961dfa348bc2 to datanode:51d43626-bb24-4602-b224-4a15530a8e55
2020-07-21 10:22:45,188 [RatisPipelineUtilsThread] INFO  pipeline.RatisPipelineProvider (RatisPipelineProvider.java:lambda$create$0(138)) - Sending CreatePipelineCommand for pipeline:PipelineID=c07308eb-0ade-4505-8c4f-961dfa348bc2 to datanode:f358e290-f705-4636-941e-77012e86de6c
2020-07-21 10:22:45,189 [RatisPipelineUtilsThread] INFO  pipeline.PipelineStateManager (PipelineStateManager.java:addPipeline(54)) - Created pipeline Pipeline[ Id: c07308eb-0ade-4505-8c4f-961dfa348bc2, Nodes: cb99a555-5d60-49aa-ac43-e029c79e7f63{ip: 172.17.0.2, host: f401945b6f42, networkLocation: /default-rack, certSerialId: null}51d43626-bb24-4602-b224-4a15530a8e55{ip: 172.17.0.2, host: f401945b6f42, networkLocation: /default-rack, certSerialId: null}f358e290-f705-4636-941e-77012e86de6c{ip: 172.17.0.2, host: f401945b6f42, networkLocation: /default-rack, certSerialId: null}, Type:RATIS, Factor:THREE, State:ALLOCATED, leaderId:, CreationTimestamp2020-07-21T10:22:45.188Z]
2020-07-21 10:22:45,189 [RatisPipelineUtilsThread] ERROR pipeline.SCMPipelineManager (SCMPipelineManager.java:createPipeline(275)) - Failed to create pipeline of type RATIS and factor THREE. Exception: Pipeline creation failed because nodes are engaged in other pipelines and every node can only be engaged in max 2 pipelines. Required 3. Found 0
2020-07-21 10:22:45,306 [IPC Server handler 5 on default port 38247] INFO  net.NetworkTopology (NetworkTopologyImpl.java:add(111)) - Added a new node: /default-rack/c07c5c06-eb2e-4fff-9225-845a4954e246
2020-07-21 10:22:45,308 [IPC Server handler 5 on default port 38247] INFO  node.SCMNodeManager (SCMNodeManager.java:register(273)) - Registered Data node : c07c5c06-eb2e-4fff-9225-845a4954e246{ip: 172.17.0.2, host: f401945b6f42, networkLocation: /default-rack, certSerialId: null}
2020-07-21 10:22:45,308 [EventQueue-NodeRegistrationContainerReportForContainerSafeModeRule] INFO  safemode.SCMSafeModeManager (SCMSafeModeManager.java:validateSafeModeExitRules(214)) - ContainerSafeModeRule rule is successfully validated
2020-07-21 10:22:45,308 [EventQueue-NodeRegistrationContainerReportForDataNodeSafeModeRule] INFO  safemode.SCMSafeModeManager (SCMSafeModeManager.java:validateSafeModeExitRules(214)) - DataNodeSafeModeRule rule is successfully validated
2020-07-21 10:22:45,309 [RatisPipelineUtilsThread] INFO  pipeline.RatisPipelineProvider (RatisPipelineProvider.java:lambda$create$0(138)) - Sending CreatePipelineCommand for pipeline:PipelineID=2afd5106-3140-457f-8644-cc3d97c0f88d to datanode:c07c5c06-eb2e-4fff-9225-845a4954e246
2020-07-21 10:22:45,309 [RatisPipelineUtilsThread] INFO  pipeline.PipelineStateManager (PipelineStateManager.java:addPipeline(54)) - Created pipeline Pipeline[ Id: 2afd5106-3140-457f-8644-cc3d97c0f88d, Nodes: c07c5c06-eb2e-4fff-9225-845a4954e246{ip: 172.17.0.2, host: f401945b6f42, networkLocation: /default-rack, certSerialId: null}, Type:RATIS, Factor:ONE, State:ALLOCATED, leaderId:, CreationTimestamp2020-07-21T10:22:45.309Z]
2020-07-21 10:22:45,309 [RatisPipelineUtilsThread] ERROR pipeline.SCMPipelineManager (SCMPipelineManager.java:createPipeline(275)) - Failed to create pipeline of type RATIS and factor ONE. Exception: Cannot create pipeline of factor 1 using 0 nodes. Used 4 nodes. Healthy nodes 4
2020-07-21 10:22:45,310 [RatisPipelineUtilsThread] ERROR pipeline.SCMPipelineManager (SCMPipelineManager.java:createPipeline(275)) - Failed to create pipeline of type RATIS and factor THREE. Exception: Pipeline creation failed because nodes are engaged in other pipelines and every node can only be engaged in max 2 pipelines. Required 3. Found 1
2020-07-21 10:22:45,397 [IPC Server handler 6 on default port 38247] INFO  net.NetworkTopology (NetworkTopologyImpl.java:add(111)) - Added a new node: /default-rack/73f9b6d6-78ac-4cc6-953d-c7a8a2f9ddd0
2020-07-21 10:22:45,397 [IPC Server handler 6 on default port 38247] INFO  node.SCMNodeManager (SCMNodeManager.java:register(273)) - Registered Data node : 73f9b6d6-78ac-4cc6-953d-c7a8a2f9ddd0{ip: 172.17.0.2, host: f401945b6f42, networkLocation: /default-rack, certSerialId: null}
2020-07-21 10:22:45,398 [EventQueue-NodeRegistrationContainerReportForDataNodeSafeModeRule] INFO  safemode.SCMSafeModeManager (SCMSafeModeManager.java:validateSafeModeExitRules(214)) - DataNodeSafeModeRule rule is successfully validated
2020-07-21 10:22:45,398 [EventQueue-NodeRegistrationContainerReportForContainerSafeModeRule] INFO  safemode.SCMSafeModeManager (SCMSafeModeManager.java:validateSafeModeExitRules(214)) - ContainerSafeModeRule rule is successfully validated
2020-07-21 10:22:45,399 [RatisPipelineUtilsThread] INFO  pipeline.RatisPipelineProvider (RatisPipelineProvider.java:lambda$create$0(138)) - Sending CreatePipelineCommand for pipeline:PipelineID=f8453eb1-81f8-47f0-953b-a66e0f371b3f to datanode:73f9b6d6-78ac-4cc6-953d-c7a8a2f9ddd0
2020-07-21 10:22:45,399 [RatisPipelineUtilsThread] INFO  pipeline.PipelineStateManager (PipelineStateManager.java:addPipeline(54)) - Created pipeline Pipeline[ Id: f8453eb1-81f8-47f0-953b-a66e0f371b3f, Nodes: 73f9b6d6-78ac-4cc6-953d-c7a8a2f9ddd0{ip: 172.17.0.2, host: f401945b6f42, networkLocation: /default-rack, certSerialId: null}, Type:RATIS, Factor:ONE, State:ALLOCATED, leaderId:, CreationTimestamp2020-07-21T10:22:45.398Z]
2020-07-21 10:22:45,400 [RatisPipelineUtilsThread] ERROR pipeline.SCMPipelineManager (SCMPipelineManager.java:createPipeline(275)) - Failed to create pipeline of type RATIS and factor ONE. Exception: Cannot create pipeline of factor 1 using 0 nodes. Used 5 nodes. Healthy nodes 5
2020-07-21 10:22:45,400 [RatisPipelineUtilsThread] ERROR pipeline.SCMPipelineManager (SCMPipelineManager.java:createPipeline(275)) - Failed to create pipeline of type RATIS and factor THREE. Exception: Pipeline creation failed because nodes are engaged in other pipelines and every node can only be engaged in max 2 pipelines. Required 3. Found 2
2020-07-21 10:22:45,570 [IPC Server handler 7 on default port 38247] INFO  net.NetworkTopology (NetworkTopologyImpl.java:add(111)) - Added a new node: /default-rack/b539c339-7771-4951-b0e8-e5cec13be09d
2020-07-21 10:22:45,571 [IPC Server handler 7 on default port 38247] INFO  node.SCMNodeManager (SCMNodeManager.java:register(273)) - Registered Data node : b539c339-7771-4951-b0e8-e5cec13be09d{ip: 172.17.0.2, host: f401945b6f42, networkLocation: /default-rack, certSerialId: null}
2020-07-21 10:22:45,571 [EventQueue-NodeRegistrationContainerReportForContainerSafeModeRule] INFO  safemode.SCMSafeModeManager (SCMSafeModeManager.java:validateSafeModeExitRules(214)) - ContainerSafeModeRule rule is successfully validated
2020-07-21 10:22:45,571 [EventQueue-NodeRegistrationContainerReportForDataNodeSafeModeRule] INFO  safemode.SCMSafeModeManager (SCMSafeModeManager.java:validateSafeModeExitRules(214)) - DataNodeSafeModeRule rule is successfully validated
2020-07-21 10:22:45,571 [RatisPipelineUtilsThread] INFO  pipeline.RatisPipelineProvider (RatisPipelineProvider.java:lambda$create$0(138)) - Sending CreatePipelineCommand for pipeline:PipelineID=a3e31c5c-04bd-49a1-9d1d-6017cbf3a321 to datanode:b539c339-7771-4951-b0e8-e5cec13be09d
2020-07-21 10:22:45,572 [RatisPipelineUtilsThread] INFO  pipeline.PipelineStateManager (PipelineStateManager.java:addPipeline(54)) - Created pipeline Pipeline[ Id: a3e31c5c-04bd-49a1-9d1d-6017cbf3a321, Nodes: b539c339-7771-4951-b0e8-e5cec13be09d{ip: 172.17.0.2, host: f401945b6f42, networkLocation: /default-rack, certSerialId: null}, Type:RATIS, Factor:ONE, State:ALLOCATED, leaderId:, CreationTimestamp2020-07-21T10:22:45.571Z]
2020-07-21 10:22:45,572 [RatisPipelineUtilsThread] ERROR pipeline.SCMPipelineManager (SCMPipelineManager.java:createPipeline(275)) - Failed to create pipeline of type RATIS and factor ONE. Exception: Cannot create pipeline of factor 1 using 0 nodes. Used 6 nodes. Healthy nodes 6
2020-07-21 10:22:45,572 [RatisPipelineUtilsThread] INFO  pipeline.RatisPipelineProvider (RatisPipelineProvider.java:lambda$create$0(138)) - Sending CreatePipelineCommand for pipeline:PipelineID=c5e9f63b-de00-4a03-a3d7-5cc394acb85f to datanode:b539c339-7771-4951-b0e8-e5cec13be09d
2020-07-21 10:22:45,574 [RatisPipelineUtilsThread] INFO  pipeline.RatisPipelineProvider (RatisPipelineProvider.java:lambda$create$0(138)) - Sending CreatePipelineCommand for pipeline:PipelineID=c5e9f63b-de00-4a03-a3d7-5cc394acb85f to datanode:c07c5c06-eb2e-4fff-9225-845a4954e246
2020-07-21 10:22:45,574 [RatisPipelineUtilsThread] INFO  pipeline.RatisPipelineProvider (RatisPipelineProvider.java:lambda$create$0(138)) - Sending CreatePipelineCommand for pipeline:PipelineID=c5e9f63b-de00-4a03-a3d7-5cc394acb85f to datanode:73f9b6d6-78ac-4cc6-953d-c7a8a2f9ddd0
2020-07-21 10:22:45,574 [RatisPipelineUtilsThread] INFO  pipeline.PipelineStateManager (PipelineStateManager.java:addPipeline(54)) - Created pipeline Pipeline[ Id: c5e9f63b-de00-4a03-a3d7-5cc394acb85f, Nodes: b539c339-7771-4951-b0e8-e5cec13be09d{ip: 172.17.0.2, host: f401945b6f42, networkLocation: /default-rack, certSerialId: null}c07c5c06-eb2e-4fff-9225-845a4954e246{ip: 172.17.0.2, host: f401945b6f42, networkLocation: /default-rack, certSerialId: null}73f9b6d6-78ac-4cc6-953d-c7a8a2f9ddd0{ip: 172.17.0.2, host: f401945b6f42, networkLocation: /default-rack, certSerialId: null}, Type:RATIS, Factor:THREE, State:ALLOCATED, leaderId:, CreationTimestamp2020-07-21T10:22:45.572Z]
2020-07-21 10:22:45,574 [RatisPipelineUtilsThread] ERROR pipeline.SCMPipelineManager (SCMPipelineManager.java:createPipeline(275)) - Failed to create pipeline of type RATIS and factor THREE. Exception: Pipeline creation failed because nodes are engaged in other pipelines and every node can only be engaged in max 2 pipelines. Required 3. Found 0
2020-07-21 10:22:45,677 [IPC Server handler 8 on default port 38247] INFO  net.NetworkTopology (NetworkTopologyImpl.java:add(111)) - Added a new node: /default-rack/8b103efb-4bcc-46ba-8a16-605357281583
2020-07-21 10:22:45,679 [IPC Server handler 8 on default port 38247] INFO  node.SCMNodeManager (SCMNodeManager.java:register(273)) - Registered Data node : 8b103efb-4bcc-46ba-8a16-605357281583{ip: 172.17.0.2, host: f401945b6f42, networkLocation: /default-rack, certSerialId: null}
2020-07-21 10:22:45,679 [RatisPipelineUtilsThread] INFO  pipeline.RatisPipelineProvider (RatisPipelineProvider.java:lambda$create$0(138)) - Sending CreatePipelineCommand for pipeline:PipelineID=e17637be-65a6-4941-b1ee-f2587c5be973 to datanode:8b103efb-4bcc-46ba-8a16-605357281583
2020-07-21 10:22:45,679 [EventQueue-NodeRegistrationContainerReportForContainerSafeModeRule] INFO  safemode.SCMSafeModeManager (SCMSafeModeManager.java:validateSafeModeExitRules(214)) - ContainerSafeModeRule rule is successfully validated
2020-07-21 10:22:45,680 [EventQueue-NodeRegistrationContainerReportForDataNodeSafeModeRule] INFO  safemode.SCMSafeModeManager (SCMSafeModeManager.java:validateSafeModeExitRules(214)) - DataNodeSafeModeRule rule is successfully validated
2020-07-21 10:22:45,680 [RatisPipelineUtilsThread] INFO  pipeline.PipelineStateManager (PipelineStateManager.java:addPipeline(54)) - Created pipeline Pipeline[ Id: e17637be-65a6-4941-b1ee-f2587c5be973, Nodes: 8b103efb-4bcc-46ba-8a16-605357281583{ip: 172.17.0.2, host: f401945b6f42, networkLocation: /default-rack, certSerialId: null}, Type:RATIS, Factor:ONE, State:ALLOCATED, leaderId:, CreationTimestamp2020-07-21T10:22:45.679Z]
2020-07-21 10:22:45,680 [RatisPipelineUtilsThread] ERROR pipeline.SCMPipelineManager (SCMPipelineManager.java:createPipeline(275)) - Failed to create pipeline of type RATIS and factor ONE. Exception: Cannot create pipeline of factor 1 using 0 nodes. Used 7 nodes. Healthy nodes 7
2020-07-21 10:22:45,681 [RatisPipelineUtilsThread] ERROR pipeline.SCMPipelineManager (SCMPipelineManager.java:createPipeline(275)) - Failed to create pipeline of type RATIS and factor THREE. Exception: Pipeline creation failed because nodes are engaged in other pipelines and every node can only be engaged in max 2 pipelines. Required 3. Found 1
2020-07-21 10:22:45,770 [IPC Server handler 0 on default port 38247] INFO  net.NetworkTopology (NetworkTopologyImpl.java:add(111)) - Added a new node: /default-rack/dc1ecc86-b233-440d-8be3-38a10f678b98
2020-07-21 10:22:45,771 [IPC Server handler 0 on default port 38247] INFO  node.SCMNodeManager (SCMNodeManager.java:register(273)) - Registered Data node : dc1ecc86-b233-440d-8be3-38a10f678b98{ip: 172.17.0.2, host: f401945b6f42, networkLocation: /default-rack, certSerialId: null}
2020-07-21 10:22:45,771 [RatisPipelineUtilsThread] INFO  pipeline.RatisPipelineProvider (RatisPipelineProvider.java:lambda$create$0(138)) - Sending CreatePipelineCommand for pipeline:PipelineID=c679784b-200d-4d82-839c-0a936faad4a1 to datanode:dc1ecc86-b233-440d-8be3-38a10f678b98
2020-07-21 10:22:45,771 [EventQueue-NodeRegistrationContainerReportForContainerSafeModeRule] INFO  safemode.SCMSafeModeManager (SCMSafeModeManager.java:validateSafeModeExitRules(214)) - ContainerSafeModeRule rule is successfully validated
2020-07-21 10:22:45,771 [EventQueue-NodeRegistrationContainerReportForDataNodeSafeModeRule] INFO  safemode.SCMSafeModeManager (SCMSafeModeManager.java:validateSafeModeExitRules(214)) - DataNodeSafeModeRule rule is successfully validated
2020-07-21 10:22:45,772 [RatisPipelineUtilsThread] INFO  pipeline.PipelineStateManager (PipelineStateManager.java:addPipeline(54)) - Created pipeline Pipeline[ Id: c679784b-200d-4d82-839c-0a936faad4a1, Nodes: dc1ecc86-b233-440d-8be3-38a10f678b98{ip: 172.17.0.2, host: f401945b6f42, networkLocation: /default-rack, certSerialId: null}, Type:RATIS, Factor:ONE, State:ALLOCATED, leaderId:, CreationTimestamp2020-07-21T10:22:45.771Z]
2020-07-21 10:22:45,773 [RatisPipelineUtilsThread] ERROR pipeline.SCMPipelineManager (SCMPipelineManager.java:createPipeline(275)) - Failed to create pipeline of type RATIS and factor ONE. Exception: Cannot create pipeline of factor 1 using 0 nodes. Used 8 nodes. Healthy nodes 8
2020-07-21 10:22:45,773 [RatisPipelineUtilsThread] ERROR pipeline.SCMPipelineManager (SCMPipelineManager.java:createPipeline(275)) - Failed to create pipeline of type RATIS and factor THREE. Exception: Pipeline creation failed because nodes are engaged in other pipelines and every node can only be engaged in max 2 pipelines. Required 3. Found 2
2020-07-21 10:22:45,864 [Listener at 127.0.0.1/37905] INFO  ozone.MiniOzoneClusterImpl (MiniOzoneClusterImpl.java:lambda$waitForClusterToBeReady$0(177)) - Waiting for nodes to be ready. Got 8 of 9 DN Heartbeats.
2020-07-21 10:22:45,864 [Listener at 127.0.0.1/37905] INFO  ozone.MiniOzoneClusterImpl (MiniOzoneClusterImpl.java:lambda$waitForClusterToBeReady$0(180)) - Waiting for cluster to exit safe mode
2020-07-21 10:22:45,865 [IPC Server handler 2 on default port 38247] INFO  net.NetworkTopology (NetworkTopologyImpl.java:add(111)) - Added a new node: /default-rack/1e765541-286b-46a5-8366-eef195687e41
2020-07-21 10:22:45,866 [IPC Server handler 2 on default port 38247] INFO  node.SCMNodeManager (SCMNodeManager.java:register(273)) - Registered Data node : 1e765541-286b-46a5-8366-eef195687e41{ip: 172.17.0.2, host: f401945b6f42, networkLocation: /default-rack, certSerialId: null}
2020-07-21 10:22:45,866 [EventQueue-NodeRegistrationContainerReportForContainerSafeModeRule] INFO  safemode.SCMSafeModeManager (SCMSafeModeManager.java:validateSafeModeExitRules(214)) - ContainerSafeModeRule rule is successfully validated
2020-07-21 10:22:45,866 [EventQueue-NodeRegistrationContainerReportForDataNodeSafeModeRule] INFO  safemode.SCMSafeModeManager (SCMSafeModeManager.java:validateSafeModeExitRules(214)) - DataNodeSafeModeRule rule is successfully validated
2020-07-21 10:22:45,867 [RatisPipelineUtilsThread] INFO  pipeline.RatisPipelineProvider (RatisPipelineProvider.java:lambda$create$0(138)) - Sending CreatePipelineCommand for pipeline:PipelineID=ef472ca4-0449-4fe3-8364-341c4feff166 to datanode:1e765541-286b-46a5-8366-eef195687e41
2020-07-21 10:22:45,867 [RatisPipelineUtilsThread] INFO  pipeline.PipelineStateManager (PipelineStateManager.java:addPipeline(54)) - Created pipeline Pipeline[ Id: ef472ca4-0449-4fe3-8364-341c4feff166, Nodes: 1e765541-286b-46a5-8366-eef195687e41{ip: 172.17.0.2, host: f401945b6f42, networkLocation: /default-rack, certSerialId: null}, Type:RATIS, Factor:ONE, State:ALLOCATED, leaderId:, CreationTimestamp2020-07-21T10:22:45.867Z]
2020-07-21 10:22:45,868 [RatisPipelineUtilsThread] ERROR pipeline.SCMPipelineManager (SCMPipelineManager.java:createPipeline(275)) - Failed to create pipeline of type RATIS and factor ONE. Exception: Cannot create pipeline of factor 1 using 0 nodes. Used 9 nodes. Healthy nodes 9
2020-07-21 10:22:45,868 [RatisPipelineUtilsThread] INFO  pipeline.RatisPipelineProvider (RatisPipelineProvider.java:lambda$create$0(138)) - Sending CreatePipelineCommand for pipeline:PipelineID=876f53f7-c042-4df6-84d9-4ba1fcfd4eb6 to datanode:8b103efb-4bcc-46ba-8a16-605357281583
2020-07-21 10:22:45,869 [RatisPipelineUtilsThread] INFO  pipeline.RatisPipelineProvider (RatisPipelineProvider.java:lambda$create$0(138)) - Sending CreatePipelineCommand for pipeline:PipelineID=876f53f7-c042-4df6-84d9-4ba1fcfd4eb6 to datanode:1e765541-286b-46a5-8366-eef195687e41
2020-07-21 10:22:45,869 [RatisPipelineUtilsThread] INFO  pipeline.RatisPipelineProvider (RatisPipelineProvider.java:lambda$create$0(138)) - Sending CreatePipelineCommand for pipeline:PipelineID=876f53f7-c042-4df6-84d9-4ba1fcfd4eb6 to datanode:dc1ecc86-b233-440d-8be3-38a10f678b98
2020-07-21 10:22:45,869 [RatisPipelineUtilsThread] INFO  pipeline.PipelineStateManager (PipelineStateManager.java:addPipeline(54)) - Created pipeline Pipeline[ Id: 876f53f7-c042-4df6-84d9-4ba1fcfd4eb6, Nodes: 8b103efb-4bcc-46ba-8a16-605357281583{ip: 172.17.0.2, host: f401945b6f42, networkLocation: /default-rack, certSerialId: null}1e765541-286b-46a5-8366-eef195687e41{ip: 172.17.0.2, host: f401945b6f42, networkLocation: /default-rack, certSerialId: null}dc1ecc86-b233-440d-8be3-38a10f678b98{ip: 172.17.0.2, host: f401945b6f42, networkLocation: /default-rack, certSerialId: null}, Type:RATIS, Factor:THREE, State:ALLOCATED, leaderId:, CreationTimestamp2020-07-21T10:22:45.868Z]
2020-07-21 10:22:45,870 [RatisPipelineUtilsThread] ERROR pipeline.SCMPipelineManager (SCMPipelineManager.java:createPipeline(275)) - Failed to create pipeline of type RATIS and factor THREE. Exception: Pipeline creation failed because nodes are engaged in other pipelines and every node can only be engaged in max 2 pipelines. Required 3. Found 0
2020-07-21 10:22:46,865 [Listener at 127.0.0.1/37905] INFO  ozone.MiniOzoneClusterImpl (MiniOzoneClusterImpl.java:lambda$waitForClusterToBeReady$0(177)) - Nodes are ready. Got 9 of 9 DN Heartbeats.
2020-07-21 10:22:46,866 [Listener at 127.0.0.1/37905] INFO  ozone.MiniOzoneClusterImpl (MiniOzoneClusterImpl.java:lambda$waitForClusterToBeReady$0(180)) - Waiting for cluster to exit safe mode
2020-07-21 10:22:47,867 [Listener at 127.0.0.1/37905] INFO  ozone.MiniOzoneClusterImpl (MiniOzoneClusterImpl.java:lambda$waitForClusterToBeReady$0(177)) - Nodes are ready. Got 9 of 9 DN Heartbeats.
2020-07-21 10:22:47,867 [Listener at 127.0.0.1/37905] INFO  ozone.MiniOzoneClusterImpl (MiniOzoneClusterImpl.java:lambda$waitForClusterToBeReady$0(180)) - Waiting for cluster to exit safe mode
2020-07-21 10:22:47,967 [Command processor thread] INFO  impl.RaftServerProxy (RaftServerProxy.java:addNew(89)) - 51d43626-bb24-4602-b224-4a15530a8e55: addNew group-94FBFEBB8208:[51d43626-bb24-4602-b224-4a15530a8e55:172.17.0.2:44023] returns group-94FBFEBB8208:java.util.concurrent.CompletableFuture@45202ae8[Not completed]
2020-07-21 10:22:47,968 [pool-502-thread-1] INFO  impl.RaftServerImpl (RaftServerImpl.java:<init>(107)) - 51d43626-bb24-4602-b224-4a15530a8e55: new RaftServerImpl for group-94FBFEBB8208:[51d43626-bb24-4602-b224-4a15530a8e55:172.17.0.2:44023] with ContainerStateMachine:uninitialized
2020-07-21 10:22:47,968 [pool-502-thread-1] INFO  server.RaftServerConfigKeys (ConfUtils.java:logGet(44)) - raft.server.rpc.timeout.min = 5s (custom)
2020-07-21 10:22:47,969 [pool-502-thread-1] INFO  server.RaftServerConfigKeys (ConfUtils.java:logGet(44)) - raft.server.rpc.timeout.max = 5200ms (custom)
2020-07-21 10:22:47,969 [pool-502-thread-1] INFO  server.RaftServerConfigKeys (ConfUtils.java:logGet(44)) - raft.server.rpcslowness.timeout = 300000ms (custom)
2020-07-21 10:22:47,969 [pool-502-thread-1] INFO  server.RaftServerConfigKeys (ConfUtils.java:logGet(44)) - raft.server.sleep.deviation.threshold = 300 (default)
2020-07-21 10:22:47,969 [pool-502-thread-1] INFO  server.RaftServerConfigKeys (ConfUtils.java:logGet(44)) - raft.server.log.appender.install.snapshot.enabled = false (custom)
2020-07-21 10:22:47,969 [pool-502-thread-1] INFO  impl.RaftServerImpl (ServerState.java:<init>(103)) - 51d43626-bb24-4602-b224-4a15530a8e55@group-94FBFEBB8208: ConfigurationManager, init=-1: [51d43626-bb24-4602-b224-4a15530a8e55:172.17.0.2:44023], old=null, confs=<EMPTY_MAP>
2020-07-21 10:22:47,969 [pool-502-thread-1] INFO  server.RaftServerConfigKeys (ConfUtils.java:logGet(44)) - raft.server.storage.dir = [/github/workspace/mnt/ozone/hadoop-ozone/integration-test/target/test-dir/MiniOzoneClusterImpl-26aa3f93-67e0-4cbe-8624-cf0efb7a6165/datanode-0/data/ratis] (custom)
2020-07-21 10:22:47,970 [pool-502-thread-1] INFO  server.RaftServerConfigKeys (ConfUtils.java:logGet(44)) - raft.server.log.corruption.policy = EXCEPTION (default)
2020-07-21 10:22:47,970 [pool-502-thread-1] INFO  storage.RaftStorageDirectory (RaftStorageDirectory.java:analyzeStorage(261)) - The storage directory /github/workspace/mnt/ozone/hadoop-ozone/integration-test/target/test-dir/MiniOzoneClusterImpl-26aa3f93-67e0-4cbe-8624-cf0efb7a6165/datanode-0/data/ratis/0aeb9b49-0770-4edc-877c-94fbfebb8208 does not exist. Creating ...
2020-07-21 10:22:47,972 [pool-502-thread-1] INFO  storage.RaftStorageDirectory (RaftStorageDirectory.java:tryLock(343)) - Lock on /github/workspace/mnt/ozone/hadoop-ozone/integration-test/target/test-dir/MiniOzoneClusterImpl-26aa3f93-67e0-4cbe-8624-cf0efb7a6165/datanode-0/data/ratis/0aeb9b49-0770-4edc-877c-94fbfebb8208/in_use.lock acquired by nodename 44496@f401945b6f42
2020-07-21 10:22:47,973 [pool-502-thread-1] INFO  storage.RaftStorage (RaftStorage.java:format(84)) - Storage directory /github/workspace/mnt/ozone/hadoop-ozone/integration-test/target/test-dir/MiniOzoneClusterImpl-26aa3f93-67e0-4cbe-8624-cf0efb7a6165/datanode-0/data/ratis/0aeb9b49-0770-4edc-877c-94fbfebb8208 has been successfully formatted.
2020-07-21 10:22:47,975 [pool-502-thread-1] INFO  ratis.ContainerStateMachine (ContainerStateMachine.java:loadSnapshot(225)) - group-94FBFEBB8208: The snapshot info is null. Setting the last applied indexto:(t:0, i:~)
2020-07-21 10:22:47,975 [pool-502-thread-1] INFO  server.RaftServerConfigKeys (ConfUtils.java:logGet(44)) - raft.server.notification.no-leader.timeout = 300000ms (custom)
2020-07-21 10:22:47,975 [pool-502-thread-1] INFO  server.RaftServerConfigKeys (ConfUtils.java:logGet(44)) - raft.server.log.use.memory = false (default)
2020-07-21 10:22:47,975 [pool-502-thread-1] INFO  server.RaftServerConfigKeys (ConfUtils.java:logGet(44)) - raft.server.log.purge.gap = 1000000 (custom)
2020-07-21 10:22:47,975 [pool-502-thread-1] INFO  metrics.RatisMetrics (RatisMetrics.java:lambda$create$0(36)) - Creating Metrics Registry : ratis.log_worker.51d43626-bb24-4602-b224-4a15530a8e55@group-94FBFEBB8208
2020-07-21 10:22:47,975 [EventQueue-PipelineReportForPipelineReportHandler] INFO  pipeline.PipelineStateManager (PipelineStateManager.java:openPipeline(131)) - Pipeline Pipeline[ Id: 0aeb9b49-0770-4edc-877c-94fbfebb8208, Nodes: 51d43626-bb24-4602-b224-4a15530a8e55{ip: 172.17.0.2, host: f401945b6f42, networkLocation: /default-rack, certSerialId: null}, Type:RATIS, Factor:ONE, State:ALLOCATED, leaderId:51d43626-bb24-4602-b224-4a15530a8e55, CreationTimestamp2020-07-21T10:22:44.969Z] moved to OPEN state
2020-07-21 10:22:47,975 [pool-502-thread-1] INFO  server.RaftServerConfigKeys (ConfUtils.java:logGet(44)) - raft.server.log.appender.buffer.byte-limit = 33554432 (custom)
2020-07-21 10:22:47,975 [pool-502-thread-1] INFO  server.RaftServerConfigKeys (ConfUtils.java:logGet(44)) - raft.server.log.segment.size.max = 1048576 (custom)
2020-07-21 10:22:47,976 [EventQueue-OpenPipelineForOneReplicaPipelineSafeModeRule] INFO  safemode.SCMSafeModeManager (SCMSafeModeManager.java:validateSafeModeExitRules(214)) - AtleastOneDatanodeReportedRule rule is successfully validated
2020-07-21 10:22:47,977 [pool-502-thread-1] INFO  server.RaftServerConfigKeys (ConfUtils.java:logGet(44)) - raft.server.log.segment.cache.num.max = 2 (custom)
2020-07-21 10:22:47,977 [pool-502-thread-1] INFO  segmented.SegmentedRaftLogWorker (SegmentedRaftLogWorker.java:<init>(180)) - new 51d43626-bb24-4602-b224-4a15530a8e55@group-94FBFEBB8208-SegmentedRaftLogWorker for RaftStorage:Storage Directory /github/workspace/mnt/ozone/hadoop-ozone/integration-test/target/test-dir/MiniOzoneClusterImpl-26aa3f93-67e0-4cbe-8624-cf0efb7a6165/datanode-0/data/ratis/0aeb9b49-0770-4edc-877c-94fbfebb8208
2020-07-21 10:22:47,977 [pool-502-thread-1] INFO  server.RaftServerConfigKeys (ConfUtils.java:logGet(44)) - raft.server.log.queue.byte-limit = 2147483647 (custom)
2020-07-21 10:22:47,977 [pool-502-thread-1] INFO  server.RaftServerConfigKeys (ConfUtils.java:logGet(44)) - raft.server.log.queue.element-limit = 1024 (custom)
2020-07-21 10:22:47,977 [pool-502-thread-1] INFO  server.RaftServerConfigKeys (ConfUtils.java:logGet(44)) - raft.server.log.segment.size.max = 1048576 (custom)
2020-07-21 10:22:47,977 [pool-502-thread-1] INFO  server.RaftServerConfigKeys (ConfUtils.java:logGet(44)) - raft.server.log.preallocated.size = 16384 (custom)
2020-07-21 10:22:47,977 [pool-502-thread-1] INFO  server.RaftServerConfigKeys (ConfUtils.java:logGet(44)) - raft.server.log.write.buffer.size = 1048576 (custom)
2020-07-21 10:22:47,977 [pool-502-thread-1] INFO  server.RaftServerConfigKeys (ConfUtils.java:logGet(44)) - raft.server.log.force.sync.num = 128 (default)
2020-07-21 10:22:47,977 [pool-502-thread-1] INFO  server.RaftServerConfigKeys (ConfUtils.java:logGet(44)) - raft.server.log.statemachine.data.sync = true (default)
2020-07-21 10:22:47,977 [pool-502-thread-1] INFO  server.RaftServerConfigKeys (ConfUtils.java:logGet(44)) - raft.server.log.statemachine.data.sync.timeout = 10s (default)
2020-07-21 10:22:47,977 [pool-502-thread-1] INFO  server.RaftServerConfigKeys (ConfUtils.java:logGet(44)) - raft.server.log.statemachine.data.sync.timeout.retry = -1 (default)
2020-07-21 10:22:47,979 [pool-502-thread-1] INFO  server.RaftServerConfigKeys (ConfUtils.java:logGet(44)) - raft.server.log.statemachine.data.caching.enabled = true (custom)
2020-07-21 10:22:47,980 [pool-502-thread-1] INFO  segmented.SegmentedRaftLogWorker (SegmentedRaftLogWorker.java:lambda$new$0(129)) - 51d43626-bb24-4602-b224-4a15530a8e55@group-94FBFEBB8208-SegmentedRaftLogWorker: flushIndex: setUnconditionally 0 -> -1
2020-07-21 10:22:47,980 [pool-502-thread-1] INFO  segmented.SegmentedRaftLogWorker (SegmentedRaftLogWorker.java:lambda$new$0(129)) - 51d43626-bb24-4602-b224-4a15530a8e55@group-94FBFEBB8208-SegmentedRaftLogWorker: safeCacheEvictIndex: setUnconditionally 0 -> -1
2020-07-21 10:22:47,980 [pool-502-thread-1] INFO  server.RaftServerConfigKeys (ConfUtils.java:logGet(44)) - raft.server.snapshot.auto.trigger.enabled = true (custom)
2020-07-21 10:22:47,980 [pool-502-thread-1] INFO  server.RaftServerConfigKeys (ConfUtils.java:logGet(44)) - raft.server.snapshot.auto.trigger.threshold = 10000 (custom)
2020-07-21 10:22:47,980 [pool-502-thread-1] INFO  server.RaftServerConfigKeys (ConfUtils.java:logGet(44)) - raft.server.snapshot.retention.file.num = 5 (custom)
2020-07-21 10:22:47,980 [pool-502-thread-1] INFO  server.RaftServerConfigKeys (ConfUtils.java:logGet(44)) - raft.server.log.purge.upto.snapshot.index = false (default)
2020-07-21 10:22:47,980 [pool-502-thread-1] INFO  server.RaftServerConfigKeys (ConfUtils.java:logGet(44)) - raft.server.retrycache.expirytime = 600000ms (custom)
2020-07-21 10:22:47,980 [pool-502-thread-1] INFO  metrics.RatisMetrics (RatisMetrics.java:lambda$create$0(36)) - Creating Metrics Registry : ratis.leader_election.51d43626-bb24-4602-b224-4a15530a8e55@group-94FBFEBB8208
2020-07-21 10:22:47,981 [pool-502-thread-1] INFO  metrics.RatisMetrics (RatisMetrics.java:lambda$create$0(36)) - Creating Metrics Registry : ratis.server.51d43626-bb24-4602-b224-4a15530a8e55@group-94FBFEBB8208
2020-07-21 10:22:47,981 [EventQueue-OpenPipelineForHealthyPipelineSafeModeRule] INFO  safemode.SCMSafeModeManager (HealthyPipelineSafeModeRule.java:process(129)) - SCM in safe mode. Healthy pipelines reported count is 0, required healthy pipeline reported count is 1
2020-07-21 10:22:47,983 [pool-502-thread-1] INFO  impl.RaftServerImpl (RaftServerImpl.java:start(196)) - 51d43626-bb24-4602-b224-4a15530a8e55@group-94FBFEBB8208: start as a follower, conf=-1: [51d43626-bb24-4602-b224-4a15530a8e55:172.17.0.2:44023], old=null
2020-07-21 10:22:47,983 [pool-502-thread-1] INFO  impl.RaftServerImpl (RaftServerImpl.java:setRole(185)) - 51d43626-bb24-4602-b224-4a15530a8e55@group-94FBFEBB8208: changes role from      null to FOLLOWER at term 0 for startAsFollower
2020-07-21 10:22:47,983 [pool-502-thread-1] INFO  impl.RoleInfo (RoleInfo.java:updateAndGet(143)) - 51d43626-bb24-4602-b224-4a15530a8e55: start FollowerState
2020-07-21 10:22:47,983 [pool-502-thread-1] INFO  util.JmxRegister (JmxRegister.java:tryRegister(44)) - Successfully registered JMX Bean with object name Ratis:service=RaftServer,group=group-94FBFEBB8208,id=51d43626-bb24-4602-b224-4a15530a8e55
2020-07-21 10:22:47,983 [pool-502-thread-1] INFO  metrics.RatisMetrics (RatisMetrics.java:lambda$create$0(36)) - Creating Metrics Registry : ratis.state_machine.51d43626-bb24-4602-b224-4a15530a8e55@group-94FBFEBB8208
2020-07-21 10:22:47,984 [Command processor thread] INFO  commandhandler.CreatePipelineCommandHandler (CreatePipelineCommandHandler.java:handle(109)) - Created Pipeline RATIS ONE #id: "0aeb9b49-0770-4edc-877c-94fbfebb8208"
uuid128 {
  mostSigBits: 786893297866002140
  leastSigBits: -8683902171445755384
}
.
2020-07-21 10:22:47,985 [Command processor thread] INFO  impl.RaftServerProxy (RaftServerProxy.java:addNew(89)) - 51d43626-bb24-4602-b224-4a15530a8e55: addNew group-961DFA348BC2:[cb99a555-5d60-49aa-ac43-e029c79e7f63:172.17.0.2:44593, f358e290-f705-4636-941e-77012e86de6c:172.17.0.2:46351, 51d43626-bb24-4602-b224-4a15530a8e55:172.17.0.2:44023] returns group-961DFA348BC2:java.util.concurrent.CompletableFuture@411fa694[Not completed]
2020-07-21 10:22:47,987 [pool-502-thread-1] INFO  impl.RaftServerImpl (RaftServerImpl.java:<init>(107)) - 51d43626-bb24-4602-b224-4a15530a8e55: new RaftServerImpl for group-961DFA348BC2:[cb99a555-5d60-49aa-ac43-e029c79e7f63:172.17.0.2:44593, f358e290-f705-4636-941e-77012e86de6c:172.17.0.2:46351, 51d43626-bb24-4602-b224-4a15530a8e55:172.17.0.2:44023] with ContainerStateMachine:uninitialized
2020-07-21 10:22:47,987 [pool-502-thread-1] INFO  server.RaftServerConfigKeys (ConfUtils.java:logGet(44)) - raft.server.rpc.timeout.min = 5s (custom)
2020-07-21 10:22:47,987 [pool-502-thread-1] INFO  server.RaftServerConfigKeys (ConfUtils.java:logGet(44)) - raft.server.rpc.timeout.max = 5200ms (custom)
2020-07-21 10:22:47,987 [pool-502-thread-1] INFO  server.RaftServerConfigKeys (ConfUtils.java:logGet(44)) - raft.server.rpcslowness.timeout = 300000ms (custom)
2020-07-21 10:22:47,987 [pool-502-thread-1] INFO  server.RaftServerConfigKeys (ConfUtils.java:logGet(44)) - raft.server.sleep.deviation.threshold = 300 (default)
2020-07-21 10:22:47,987 [pool-502-thread-1] INFO  server.RaftServerConfigKeys (ConfUtils.java:logGet(44)) - raft.server.log.appender.install.snapshot.enabled = false (custom)
2020-07-21 10:22:47,987 [pool-502-thread-1] INFO  impl.RaftServerImpl (ServerState.java:<init>(103)) - 51d43626-bb24-4602-b224-4a15530a8e55@group-961DFA348BC2: ConfigurationManager, init=-1: [cb99a555-5d60-49aa-ac43-e029c79e7f63:172.17.0.2:44593, f358e290-f705-4636-941e-77012e86de6c:172.17.0.2:46351, 51d43626-bb24-4602-b224-4a15530a8e55:172.17.0.2:44023], old=null, confs=<EMPTY_MAP>
2020-07-21 10:22:47,987 [pool-502-thread-1] INFO  server.RaftServerConfigKeys (ConfUtils.java:logGet(44)) - raft.server.storage.dir = [/github/workspace/mnt/ozone/hadoop-ozone/integration-test/target/test-dir/MiniOzoneClusterImpl-26aa3f93-67e0-4cbe-8624-cf0efb7a6165/datanode-0/data/ratis] (custom)
2020-07-21 10:22:47,987 [pool-502-thread-1] INFO  server.RaftServerConfigKeys (ConfUtils.java:logGet(44)) - raft.server.log.corruption.policy = EXCEPTION (default)
2020-07-21 10:22:47,987 [pool-502-thread-1] INFO  storage.RaftStorageDirectory (RaftStorageDirectory.java:analyzeStorage(261)) - The storage directory /github/workspace/mnt/ozone/hadoop-ozone/integration-test/target/test-dir/MiniOzoneClusterImpl-26aa3f93-67e0-4cbe-8624-cf0efb7a6165/datanode-0/data/ratis/c07308eb-0ade-4505-8c4f-961dfa348bc2 does not exist. Creating ...
2020-07-21 10:22:47,988 [pool-502-thread-1] INFO  storage.RaftStorageDirectory (RaftStorageDirectory.java:tryLock(343)) - Lock on /github/workspace/mnt/ozone/hadoop-ozone/integration-test/target/test-dir/MiniOzoneClusterImpl-26aa3f93-67e0-4cbe-8624-cf0efb7a6165/datanode-0/data/ratis/c07308eb-0ade-4505-8c4f-961dfa348bc2/in_use.lock acquired by nodename 44496@f401945b6f42
2020-07-21 10:22:47,989 [pool-502-thread-1] INFO  storage.RaftStorage (RaftStorage.java:format(84)) - Storage directory /github/workspace/mnt/ozone/hadoop-ozone/integration-test/target/test-dir/MiniOzoneClusterImpl-26aa3f93-67e0-4cbe-8624-cf0efb7a6165/datanode-0/data/ratis/c07308eb-0ade-4505-8c4f-961dfa348bc2 has been successfully formatted.
2020-07-21 10:22:47,990 [pool-502-thread-1] INFO  ratis.ContainerStateMachine (ContainerStateMachine.java:loadSnapshot(225)) - group-961DFA348BC2: The snapshot info is null. Setting the last applied indexto:(t:0, i:~)
2020-07-21 10:22:47,990 [pool-502-thread-1] INFO  server.RaftServerConfigKeys (ConfUtils.java:logGet(44)) - raft.server.notification.no-leader.timeout = 300000ms (custom)
2020-07-21 10:22:47,990 [pool-502-thread-1] INFO  server.RaftServerConfigKeys (ConfUtils.java:logGet(44)) - raft.server.log.use.memory = false (default)
2020-07-21 10:22:47,990 [pool-502-thread-1] INFO  server.RaftServerConfigKeys (ConfUtils.java:logGet(44)) - raft.server.log.purge.gap = 1000000 (custom)
2020-07-21 10:22:47,990 [pool-502-thread-1] INFO  metrics.RatisMetrics (RatisMetrics.java:lambda$create$0(36)) - Creating Metrics Registry : ratis.log_worker.51d43626-bb24-4602-b224-4a15530a8e55@group-961DFA348BC2
2020-07-21 10:22:47,990 [pool-502-thread-1] INFO  server.RaftServerConfigKeys (ConfUtils.java:logGet(44)) - raft.server.log.appender.buffer.byte-limit = 33554432 (custom)
2020-07-21 10:22:47,990 [pool-502-thread-1] INFO  server.RaftServerConfigKeys (ConfUtils.java:logGet(44)) - raft.server.log.segment.size.max = 1048576 (custom)
2020-07-21 10:22:47,991 [pool-502-thread-1] INFO  server.RaftServerConfigKeys (ConfUtils.java:logGet(44)) - raft.server.log.segment.cache.num.max = 2 (custom)
2020-07-21 10:22:47,991 [pool-502-thread-1] INFO  segmented.SegmentedRaftLogWorker (SegmentedRaftLogWorker.java:<init>(180)) - new 51d43626-bb24-4602-b224-4a15530a8e55@group-961DFA348BC2-SegmentedRaftLogWorker for RaftStorage:Storage Directory /github/workspace/mnt/ozone/hadoop-ozone/integration-test/target/test-dir/MiniOzoneClusterImpl-26aa3f93-67e0-4cbe-8624-cf0efb7a6165/datanode-0/data/ratis/c07308eb-0ade-4505-8c4f-961dfa348bc2
2020-07-21 10:22:47,991 [pool-502-thread-1] INFO  server.RaftServerConfigKeys (ConfUtils.java:logGet(44)) - raft.server.log.queue.byte-limit = 2147483647 (custom)
2020-07-21 10:22:47,991 [pool-502-thread-1] INFO  server.RaftServerConfigKeys (ConfUtils.java:logGet(44)) - raft.server.log.queue.element-limit = 1024 (custom)
2020-07-21 10:22:47,991 [pool-502-thread-1] INFO  server.RaftServerConfigKeys (ConfUtils.java:logGet(44)) - raft.server.log.segment.size.max = 1048576 (custom)
2020-07-21 10:22:47,992 [pool-502-thread-1] INFO  server.RaftServerConfigKeys (ConfUtils.java:logGet(44)) - raft.server.log.preallocated.size = 16384 (custom)
2020-07-21 10:22:47,992 [pool-502-thread-1] INFO  server.RaftServerConfigKeys (ConfUtils.java:logGet(44)) - raft.server.log.write.buffer.size = 1048576 (custom)
2020-07-21 10:22:47,992 [pool-502-thread-1] INFO  server.RaftServerConfigKeys (ConfUtils.java:logGet(44)) - raft.server.log.force.sync.num = 128 (default)
2020-07-21 10:22:47,992 [pool-502-thread-1] INFO  server.RaftServerConfigKeys (ConfUtils.java:logGet(44)) - raft.server.log.statemachine.data.sync = true (default)
2020-07-21 10:22:47,992 [pool-502-thread-1] INFO  server.RaftServerConfigKeys (ConfUtils.java:logGet(44)) - raft.server.log.statemachine.data.sync.timeout = 10s (default)
2020-07-21 10:22:47,992 [pool-502-thread-1] INFO  server.RaftServerConfigKeys (ConfUtils.java:logGet(44)) - raft.server.log.statemachine.data.sync.timeout.retry = -1 (default)
2020-07-21 10:22:47,994 [pool-502-thread-1] INFO  server.RaftServerConfigKeys (ConfUtils.java:logGet(44)) - raft.server.log.statemachine.data.caching.enabled = true (custom)
2020-07-21 10:22:47,994 [pool-502-thread-1] INFO  segmented.SegmentedRaftLogWorker (SegmentedRaftLogWorker.java:lambda$new$0(129)) - 51d43626-bb24-4602-b224-4a15530a8e55@group-961DFA348BC2-SegmentedRaftLogWorker: flushIndex: setUnconditionally 0 -> -1
2020-07-21 10:22:47,994 [pool-502-thread-1] INFO  segmented.SegmentedRaftLogWorker (SegmentedRaftLogWorker.java:lambda$new$0(129)) - 51d43626-bb24-4602-b224-4a15530a8e55@group-961DFA348BC2-SegmentedRaftLogWorker: safeCacheEvictIndex: setUnconditionally 0 -> -1
2020-07-21 10:22:47,995 [pool-502-thread-1] INFO  server.RaftServerConfigKeys (ConfUtils.java:logGet(44)) - raft.server.snapshot.auto.trigger.enabled = true (custom)
2020-07-21 10:22:47,995 [pool-502-thread-1] INFO  server.RaftServerConfigKeys (ConfUtils.java:logGet(44)) - raft.server.snapshot.auto.trigger.threshold = 10000 (custom)
2020-07-21 10:22:47,995 [pool-502-thread-1] INFO  server.RaftServerConfigKeys (ConfUtils.java:logGet(44)) - raft.server.snapshot.retention.file.num = 5 (custom)
2020-07-21 10:22:47,995 [pool-502-thread-1] INFO  server.RaftServerConfigKeys (ConfUtils.java:logGet(44)) - raft.server.log.purge.upto.snapshot.index = false (default)
2020-07-21 10:22:47,995 [pool-502-thread-1] INFO  server.RaftServerConfigKeys (ConfUtils.java:logGet(44)) - raft.server.retrycache.expirytime = 600000ms (custom)
2020-07-21 10:22:47,995 [pool-502-thread-1] INFO  metrics.RatisMetrics (RatisMetrics.java:lambda$create$0(36)) - Creating Metrics Registry : ratis.leader_election.51d43626-bb24-4602-b224-4a15530a8e55@group-961DFA348BC2
2020-07-21 10:22:47,995 [pool-502-thread-1] INFO  metrics.RatisMetrics (RatisMetrics.java:lambda$create$0(36)) - Creating Metrics Registry : ratis.server.51d43626-bb24-4602-b224-4a15530a8e55@group-961DFA348BC2
2020-07-21 10:22:47,997 [pool-502-thread-1] INFO  impl.RaftServerImpl (RaftServerImpl.java:start(196)) - 51d43626-bb24-4602-b224-4a15530a8e55@group-961DFA348BC2: start as a follower, conf=-1: [cb99a555-5d60-49aa-ac43-e029c79e7f63:172.17.0.2:44593, f358e290-f705-4636-941e-77012e86de6c:172.17.0.2:46351, 51d43626-bb24-4602-b224-4a15530a8e55:172.17.0.2:44023], old=null
2020-07-21 10:22:47,997 [pool-502-thread-1] INFO  impl.RaftServerImpl (RaftServerImpl.java:setRole(185)) - 51d43626-bb24-4602-b224-4a15530a8e55@group-961DFA348BC2: changes role from      null to FOLLOWER at term 0 for startAsFollower
2020-07-21 10:22:47,997 [pool-502-thread-1] INFO  impl.RoleInfo (RoleInfo.java:updateAndGet(143)) - 51d43626-bb24-4602-b224-4a15530a8e55: start FollowerState
2020-07-21 10:22:47,997 [pool-502-thread-1] INFO  util.JmxRegister (JmxRegister.java:tryRegister(44)) - Successfully registered JMX Bean with object name Ratis:service=RaftServer,group=group-961DFA348BC2,id=51d43626-bb24-4602-b224-4a15530a8e55
2020-07-21 10:22:47,997 [pool-502-thread-1] INFO  metrics.RatisMetrics (RatisMetrics.java:lambda$create$0(36)) - Creating Metrics Registry : ratis.state_machine.51d43626-bb24-4602-b224-4a15530a8e55@group-961DFA348BC2
2020-07-21 10:22:48,007 [grpc-default-executor-1] INFO  impl.RaftServerProxy (RaftServerProxy.java:addNew(89)) - cb99a555-5d60-49aa-ac43-e029c79e7f63: addNew group-961DFA348BC2:[cb99a555-5d60-49aa-ac43-e029c79e7f63:172.17.0.2:44593, f358e290-f705-4636-941e-77012e86de6c:172.17.0.2:46351, 51d43626-bb24-4602-b224-4a15530a8e55:172.17.0.2:44023] returns group-961DFA348BC2:java.util.concurrent.CompletableFuture@1aeb32c[Not completed]
2020-07-21 10:22:48,008 [pool-532-thread-1] INFO  impl.RaftServerImpl (RaftServerImpl.java:<init>(107)) - cb99a555-5d60-49aa-ac43-e029c79e7f63: new RaftServerImpl for group-961DFA348BC2:[cb99a555-5d60-49aa-ac43-e029c79e7f63:172.17.0.2:44593, f358e290-f705-4636-941e-77012e86de6c:172.17.0.2:46351, 51d43626-bb24-4602-b224-4a15530a8e55:172.17.0.2:44023] with ContainerStateMachine:uninitialized
2020-07-21 10:22:48,008 [pool-532-thread-1] INFO  server.RaftServerConfigKeys (ConfUtils.java:logGet(44)) - raft.server.rpc.timeout.min = 5s (custom)
2020-07-21 10:22:48,008 [pool-532-thread-1] INFO  server.RaftServerConfigKeys (ConfUtils.java:logGet(44)) - raft.server.rpc.timeout.max = 5200ms (custom)
2020-07-21 10:22:48,008 [pool-532-thread-1] INFO  server.RaftServerConfigKeys (ConfUtils.java:logGet(44)) - raft.server.rpcslowness.timeout = 300000ms (custom)
2020-07-21 10:22:48,008 [pool-532-thread-1] INFO  server.RaftServerConfigKeys (ConfUtils.java:logGet(44)) - raft.server.sleep.deviation.threshold = 300 (default)
2020-07-21 10:22:48,008 [pool-532-thread-1] INFO  server.RaftServerConfigKeys (ConfUtils.java:logGet(44)) - raft.server.log.appender.install.snapshot.enabled = false (custom)
2020-07-21 10:22:48,008 [pool-532-thread-1] INFO  impl.RaftServerImpl (ServerState.java:<init>(103)) - cb99a555-5d60-49aa-ac43-e029c79e7f63@group-961DFA348BC2: ConfigurationManager, init=-1: [cb99a555-5d60-49aa-ac43-e029c79e7f63:172.17.0.2:44593, f358e290-f705-4636-941e-77012e86de6c:172.17.0.2:46351, 51d43626-bb24-4602-b224-4a15530a8e55:172.17.0.2:44023], old=null, confs=<EMPTY_MAP>
2020-07-21 10:22:48,008 [pool-532-thread-1] INFO  server.RaftServerConfigKeys (ConfUtils.java:logGet(44)) - raft.server.storage.dir = [/github/workspace/mnt/ozone/hadoop-ozone/integration-test/target/test-dir/MiniOzoneClusterImpl-26aa3f93-67e0-4cbe-8624-cf0efb7a6165/datanode-2/data/ratis] (custom)
2020-07-21 10:22:48,008 [pool-532-thread-1] INFO  server.RaftServerConfigKeys (ConfUtils.java:logGet(44)) - raft.server.log.corruption.policy = EXCEPTION (default)
2020-07-21 10:22:48,008 [pool-532-thread-1] INFO  storage.RaftStorageDirectory (RaftStorageDirectory.java:analyzeStorage(261)) - The storage directory /github/workspace/mnt/ozone/hadoop-ozone/integration-test/target/test-dir/MiniOzoneClusterImpl-26aa3f93-67e0-4cbe-8624-cf0efb7a6165/datanode-2/data/ratis/c07308eb-0ade-4505-8c4f-961dfa348bc2 does not exist. Creating ...
2020-07-21 10:22:48,009 [pool-532-thread-1] INFO  storage.RaftStorageDirectory (RaftStorageDirectory.java:tryLock(343)) - Lock on /github/workspace/mnt/ozone/hadoop-ozone/integration-test/target/test-dir/MiniOzoneClusterImpl-26aa3f93-67e0-4cbe-8624-cf0efb7a6165/datanode-2/data/ratis/c07308eb-0ade-4505-8c4f-961dfa348bc2/in_use.lock acquired by nodename 44496@f401945b6f42
2020-07-21 10:22:48,010 [pool-532-thread-1] INFO  storage.RaftStorage (RaftStorage.java:format(84)) - Storage directory /github/workspace/mnt/ozone/hadoop-ozone/integration-test/target/test-dir/MiniOzoneClusterImpl-26aa3f93-67e0-4cbe-8624-cf0efb7a6165/datanode-2/data/ratis/c07308eb-0ade-4505-8c4f-961dfa348bc2 has been successfully formatted.
2020-07-21 10:22:48,011 [pool-532-thread-1] INFO  ratis.ContainerStateMachine (ContainerStateMachine.java:loadSnapshot(225)) - group-961DFA348BC2: The snapshot info is null. Setting the last applied indexto:(t:0, i:~)
2020-07-21 10:22:48,011 [pool-532-thread-1] INFO  server.RaftServerConfigKeys (ConfUtils.java:logGet(44)) - raft.server.notification.no-leader.timeout = 300000ms (custom)
2020-07-21 10:22:48,011 [pool-532-thread-1] INFO  server.RaftServerConfigKeys (ConfUtils.java:logGet(44)) - raft.server.log.use.memory = false (default)
2020-07-21 10:22:48,011 [pool-532-thread-1] INFO  server.RaftServerConfigKeys (ConfUtils.java:logGet(44)) - raft.server.log.purge.gap = 1000000 (custom)
2020-07-21 10:22:48,011 [pool-532-thread-1] INFO  metrics.RatisMetrics (RatisMetrics.java:lambda$create$0(36)) - Creating Metrics Registry : ratis.log_worker.cb99a555-5d60-49aa-ac43-e029c79e7f63@group-961DFA348BC2
2020-07-21 10:22:48,011 [pool-532-thread-1] INFO  server.RaftServerConfigKeys (ConfUtils.java:logGet(44)) - raft.server.log.appender.buffer.byte-limit = 33554432 (custom)
2020-07-21 10:22:48,012 [pool-532-thread-1] INFO  server.RaftServerConfigKeys (ConfUtils.java:logGet(44)) - raft.server.log.segment.size.max = 1048576 (custom)
2020-07-21 10:22:48,012 [pool-532-thread-1] INFO  server.RaftServerConfigKeys (ConfUtils.java:logGet(44)) - raft.server.log.segment.cache.num.max = 2 (custom)
2020-07-21 10:22:48,012 [pool-532-thread-1] INFO  segmented.SegmentedRaftLogWorker (SegmentedRaftLogWorker.java:<init>(180)) - new cb99a555-5d60-49aa-ac43-e029c79e7f63@group-961DFA348BC2-SegmentedRaftLogWorker for RaftStorage:Storage Directory /github/workspace/mnt/ozone/hadoop-ozone/integration-test/target/test-dir/MiniOzoneClusterImpl-26aa3f93-67e0-4cbe-8624-cf0efb7a6165/datanode-2/data/ratis/c07308eb-0ade-4505-8c4f-961dfa348bc2
2020-07-21 10:22:48,012 [pool-532-thread-1] INFO  server.RaftServerConfigKeys (ConfUtils.java:logGet(44)) - raft.server.log.queue.byte-limit = 2147483647 (custom)
2020-07-21 10:22:48,012 [pool-532-thread-1] INFO  server.RaftServerConfigKeys (ConfUtils.java:logGet(44)) - raft.server.log.queue.element-limit = 1024 (custom)
2020-07-21 10:22:48,012 [pool-532-thread-1] INFO  server.RaftServerConfigKeys (ConfUtils.java:logGet(44)) - raft.server.log.segment.size.max = 1048576 (custom)
2020-07-21 10:22:48,012 [pool-532-thread-1] INFO  server.RaftServerConfigKeys (ConfUtils.java:logGet(44)) - raft.server.log.preallocated.size = 16384 (custom)
2020-07-21 10:22:48,013 [pool-532-thread-1] INFO  server.RaftServerConfigKeys (ConfUtils.java:logGet(44)) - raft.server.log.write.buffer.size = 1048576 (custom)
2020-07-21 10:22:48,013 [pool-532-thread-1] INFO  server.RaftServerConfigKeys (ConfUtils.java:logGet(44)) - raft.server.log.force.sync.num = 128 (default)
2020-07-21 10:22:48,013 [pool-532-thread-1] INFO  server.RaftServerConfigKeys (ConfUtils.java:logGet(44)) - raft.server.log.statemachine.data.sync = true (default)
2020-07-21 10:22:48,013 [pool-532-thread-1] INFO  server.RaftServerConfigKeys (ConfUtils.java:logGet(44)) - raft.server.log.statemachine.data.sync.timeout = 10s (default)
2020-07-21 10:22:48,014 [pool-532-thread-1] INFO  server.RaftServerConfigKeys (ConfUtils.java:logGet(44)) - raft.server.log.statemachine.data.sync.timeout.retry = -1 (default)
2020-07-21 10:22:48,016 [pool-532-thread-1] INFO  server.RaftServerConfigKeys (ConfUtils.java:logGet(44)) - raft.server.log.statemachine.data.caching.enabled = true (custom)
2020-07-21 10:22:48,016 [pool-532-thread-1] INFO  segmented.SegmentedRaftLogWorker (SegmentedRaftLogWorker.java:lambda$new$0(129)) - cb99a555-5d60-49aa-ac43-e029c79e7f63@group-961DFA348BC2-SegmentedRaftLogWorker: flushIndex: setUnconditionally 0 -> -1
2020-07-21 10:22:48,016 [pool-532-thread-1] INFO  segmented.SegmentedRaftLogWorker (SegmentedRaftLogWorker.java:lambda$new$0(129)) - cb99a555-5d60-49aa-ac43-e029c79e7f63@group-961DFA348BC2-SegmentedRaftLogWorker: safeCacheEvictIndex: setUnconditionally 0 -> -1
2020-07-21 10:22:48,018 [pool-532-thread-1] INFO  server.RaftServerConfigKeys (ConfUtils.java:logGet(44)) - raft.server.snapshot.auto.trigger.enabled = true (custom)
2020-07-21 10:22:48,018 [pool-532-thread-1] INFO  server.RaftServerConfigKeys (ConfUtils.java:logGet(44)) - raft.server.snapshot.auto.trigger.threshold = 10000 (custom)
2020-07-21 10:22:48,018 [pool-532-thread-1] INFO  server.RaftServerConfigKeys (ConfUtils.java:logGet(44)) - raft.server.snapshot.retention.file.num = 5 (custom)
2020-07-21 10:22:48,018 [pool-532-thread-1] INFO  server.RaftServerConfigKeys (ConfUtils.java:logGet(44)) - raft.server.log.purge.upto.snapshot.index = false (default)
2020-07-21 10:22:48,018 [pool-532-thread-1] INFO  server.RaftServerConfigKeys (ConfUtils.java:logGet(44)) - raft.server.retrycache.expirytime = 600000ms (custom)
2020-07-21 10:22:48,018 [pool-532-thread-1] INFO  metrics.RatisMetrics (RatisMetrics.java:lambda$create$0(36)) - Creating Metrics Registry : ratis.leader_election.cb99a555-5d60-49aa-ac43-e029c79e7f63@group-961DFA348BC2
2020-07-21 10:22:48,019 [pool-532-thread-1] INFO  metrics.RatisMetrics (RatisMetrics.java:lambda$create$0(36)) - Creating Metrics Registry : ratis.server.cb99a555-5d60-49aa-ac43-e029c79e7f63@group-961DFA348BC2
2020-07-21 10:22:48,020 [pool-532-thread-1] INFO  impl.RaftServerImpl (RaftServerImpl.java:start(196)) - cb99a555-5d60-49aa-ac43-e029c79e7f63@group-961DFA348BC2: start as a follower, conf=-1: [cb99a555-5d60-49aa-ac43-e029c79e7f63:172.17.0.2:44593, f358e290-f705-4636-941e-77012e86de6c:172.17.0.2:46351, 51d43626-bb24-4602-b224-4a15530a8e55:172.17.0.2:44023], old=null
2020-07-21 10:22:48,020 [pool-532-thread-1] INFO  impl.RaftServerImpl (RaftServerImpl.java:setRole(185)) - cb99a555-5d60-49aa-ac43-e029c79e7f63@group-961DFA348BC2: changes role from      null to FOLLOWER at term 0 for startAsFollower
2020-07-21 10:22:48,020 [pool-532-thread-1] INFO  impl.RoleInfo (RoleInfo.java:updateAndGet(143)) - cb99a555-5d60-49aa-ac43-e029c79e7f63: start FollowerState
2020-07-21 10:22:48,021 [pool-532-thread-1] INFO  util.JmxRegister (JmxRegister.java:tryRegister(44)) - Successfully registered JMX Bean with object name Ratis:service=RaftServer,group=group-961DFA348BC2,id=cb99a555-5d60-49aa-ac43-e029c79e7f63
2020-07-21 10:22:48,021 [pool-532-thread-1] INFO  metrics.RatisMetrics (RatisMetrics.java:lambda$create$0(36)) - Creating Metrics Registry : ratis.state_machine.cb99a555-5d60-49aa-ac43-e029c79e7f63@group-961DFA348BC2
2020-07-21 10:22:48,031 [grpc-default-executor-1] INFO  impl.RaftServerProxy (RaftServerProxy.java:addNew(89)) - f358e290-f705-4636-941e-77012e86de6c: addNew group-961DFA348BC2:[cb99a555-5d60-49aa-ac43-e029c79e7f63:172.17.0.2:44593, f358e290-f705-4636-941e-77012e86de6c:172.17.0.2:46351, 51d43626-bb24-4602-b224-4a15530a8e55:172.17.0.2:44023] returns group-961DFA348BC2:java.util.concurrent.CompletableFuture@6e59b807[Not completed]
2020-07-21 10:22:48,031 [pool-517-thread-1] INFO  impl.RaftServerImpl (RaftServerImpl.java:<init>(107)) - f358e290-f705-4636-941e-77012e86de6c: new RaftServerImpl for group-961DFA348BC2:[cb99a555-5d60-49aa-ac43-e029c79e7f63:172.17.0.2:44593, f358e290-f705-4636-941e-77012e86de6c:172.17.0.2:46351, 51d43626-bb24-4602-b224-4a15530a8e55:172.17.0.2:44023] with ContainerStateMachine:uninitialized
2020-07-21 10:22:48,031 [pool-517-thread-1] INFO  server.RaftServerConfigKeys (ConfUtils.java:logGet(44)) - raft.server.rpc.timeout.min = 5s (custom)
2020-07-21 10:22:48,031 [pool-517-thread-1] INFO  server.RaftServerConfigKeys (ConfUtils.java:logGet(44)) - raft.server.rpc.timeout.max = 5200ms (custom)
2020-07-21 10:22:48,032 [pool-517-thread-1] INFO  server.RaftServerConfigKeys (ConfUtils.java:logGet(44)) - raft.server.rpcslowness.timeout = 300000ms (custom)
2020-07-21 10:22:48,032 [pool-517-thread-1] INFO  server.RaftServerConfigKeys (ConfUtils.java:logGet(44)) - raft.server.sleep.deviation.threshold = 300 (default)
2020-07-21 10:22:48,032 [pool-517-thread-1] INFO  server.RaftServerConfigKeys (ConfUtils.java:logGet(44)) - raft.server.log.appender.install.snapshot.enabled = false (custom)
2020-07-21 10:22:48,032 [pool-517-thread-1] INFO  impl.RaftServerImpl (ServerState.java:<init>(103)) - f358e290-f705-4636-941e-77012e86de6c@group-961DFA348BC2: ConfigurationManager, init=-1: [cb99a555-5d60-49aa-ac43-e029c79e7f63:172.17.0.2:44593, f358e290-f705-4636-941e-77012e86de6c:172.17.0.2:46351, 51d43626-bb24-4602-b224-4a15530a8e55:172.17.0.2:44023], old=null, confs=<EMPTY_MAP>
2020-07-21 10:22:48,032 [pool-517-thread-1] INFO  server.RaftServerConfigKeys (ConfUtils.java:logGet(44)) - raft.server.storage.dir = [/github/workspace/mnt/ozone/hadoop-ozone/integration-test/target/test-dir/MiniOzoneClusterImpl-26aa3f93-67e0-4cbe-8624-cf0efb7a6165/datanode-1/data/ratis] (custom)
2020-07-21 10:22:48,032 [pool-517-thread-1] INFO  server.RaftServerConfigKeys (ConfUtils.java:logGet(44)) - raft.server.log.corruption.policy = EXCEPTION (default)
2020-07-21 10:22:48,032 [pool-517-thread-1] INFO  storage.RaftStorageDirectory (RaftStorageDirectory.java:analyzeStorage(261)) - The storage directory /github/workspace/mnt/ozone/hadoop-ozone/integration-test/target/test-dir/MiniOzoneClusterImpl-26aa3f93-67e0-4cbe-8624-cf0efb7a6165/datanode-1/data/ratis/c07308eb-0ade-4505-8c4f-961dfa348bc2 does not exist. Creating ...
2020-07-21 10:22:48,033 [pool-517-thread-1] INFO  storage.RaftStorageDirectory (RaftStorageDirectory.java:tryLock(343)) - Lock on /github/workspace/mnt/ozone/hadoop-ozone/integration-test/target/test-dir/MiniOzoneClusterImpl-26aa3f93-67e0-4cbe-8624-cf0efb7a6165/datanode-1/data/ratis/c07308eb-0ade-4505-8c4f-961dfa348bc2/in_use.lock acquired by nodename 44496@f401945b6f42
2020-07-21 10:22:48,034 [pool-517-thread-1] INFO  storage.RaftStorage (RaftStorage.java:format(84)) - Storage directory /github/workspace/mnt/ozone/hadoop-ozone/integration-test/target/test-dir/MiniOzoneClusterImpl-26aa3f93-67e0-4cbe-8624-cf0efb7a6165/datanode-1/data/ratis/c07308eb-0ade-4505-8c4f-961dfa348bc2 has been successfully formatted.
2020-07-21 10:22:48,035 [pool-517-thread-1] INFO  ratis.ContainerStateMachine (ContainerStateMachine.java:loadSnapshot(225)) - group-961DFA348BC2: The snapshot info is null. Setting the last applied indexto:(t:0, i:~)
2020-07-21 10:22:48,035 [pool-517-thread-1] INFO  server.RaftServerConfigKeys (ConfUtils.java:logGet(44)) - raft.server.notification.no-leader.timeout = 300000ms (custom)
2020-07-21 10:22:48,036 [pool-517-thread-1] INFO  server.RaftServerConfigKeys (ConfUtils.java:logGet(44)) - raft.server.log.use.memory = false (default)
2020-07-21 10:22:48,036 [pool-517-thread-1] INFO  server.RaftServerConfigKeys (ConfUtils.java:logGet(44)) - raft.server.log.purge.gap = 1000000 (custom)
2020-07-21 10:22:48,036 [pool-517-thread-1] INFO  metrics.RatisMetrics (RatisMetrics.java:lambda$create$0(36)) - Creating Metrics Registry : ratis.log_worker.f358e290-f705-4636-941e-77012e86de6c@group-961DFA348BC2
2020-07-21 10:22:48,036 [pool-517-thread-1] INFO  server.RaftServerConfigKeys (ConfUtils.java:logGet(44)) - raft.server.log.appender.buffer.byte-limit = 33554432 (custom)
2020-07-21 10:22:48,036 [pool-517-thread-1] INFO  server.RaftServerConfigKeys (ConfUtils.java:logGet(44)) - raft.server.log.segment.size.max = 1048576 (custom)
2020-07-21 10:22:48,037 [pool-517-thread-1] INFO  server.RaftServerConfigKeys (ConfUtils.java:logGet(44)) - raft.server.log.segment.cache.num.max = 2 (custom)
2020-07-21 10:22:48,037 [pool-517-thread-1] INFO  segmented.SegmentedRaftLogWorker (SegmentedRaftLogWorker.java:<init>(180)) - new f358e290-f705-4636-941e-77012e86de6c@group-961DFA348BC2-SegmentedRaftLogWorker for RaftStorage:Storage Directory /github/workspace/mnt/ozone/hadoop-ozone/integration-test/target/test-dir/MiniOzoneClusterImpl-26aa3f93-67e0-4cbe-8624-cf0efb7a6165/datanode-1/data/ratis/c07308eb-0ade-4505-8c4f-961dfa348bc2
2020-07-21 10:22:48,037 [pool-517-thread-1] INFO  server.RaftServerConfigKeys (ConfUtils.java:logGet(44)) - raft.server.log.queue.byte-limit = 2147483647 (custom)
2020-07-21 10:22:48,037 [pool-517-thread-1] INFO  server.RaftServerConfigKeys (ConfUtils.java:logGet(44)) - raft.server.log.queue.element-limit = 1024 (custom)
2020-07-21 10:22:48,037 [pool-517-thread-1] INFO  server.RaftServerConfigKeys (ConfUtils.java:logGet(44)) - raft.server.log.segment.size.max = 1048576 (custom)
2020-07-21 10:22:48,037 [pool-517-thread-1] INFO  server.RaftServerConfigKeys (ConfUtils.java:logGet(44)) - raft.server.log.preallocated.size = 16384 (custom)
2020-07-21 10:22:48,037 [pool-517-thread-1] INFO  server.RaftServerConfigKeys (ConfUtils.java:logGet(44)) - raft.server.log.write.buffer.size = 1048576 (custom)
2020-07-21 10:22:48,037 [pool-517-thread-1] INFO  server.RaftServerConfigKeys (ConfUtils.java:logGet(44)) - raft.server.log.force.sync.num = 128 (default)
2020-07-21 10:22:48,037 [pool-517-thread-1] INFO  server.RaftServerConfigKeys (ConfUtils.java:logGet(44)) - raft.server.log.statemachine.data.sync = true (default)
2020-07-21 10:22:48,037 [pool-517-thread-1] INFO  server.RaftServerConfigKeys (ConfUtils.java:logGet(44)) - raft.server.log.statemachine.data.sync.timeout = 10s (default)
2020-07-21 10:22:48,037 [pool-517-thread-1] INFO  server.RaftServerConfigKeys (ConfUtils.java:logGet(44)) - raft.server.log.statemachine.data.sync.timeout.retry = -1 (default)
2020-07-21 10:22:48,039 [pool-517-thread-1] INFO  server.RaftServerConfigKeys (ConfUtils.java:logGet(44)) - raft.server.log.statemachine.data.caching.enabled = true (custom)
2020-07-21 10:22:48,039 [pool-517-thread-1] INFO  segmented.SegmentedRaftLogWorker (SegmentedRaftLogWorker.java:lambda$new$0(129)) - f358e290-f705-4636-941e-77012e86de6c@group-961DFA348BC2-SegmentedRaftLogWorker: flushIndex: setUnconditionally 0 -> -1
2020-07-21 10:22:48,039 [pool-517-thread-1] INFO  segmented.SegmentedRaftLogWorker (SegmentedRaftLogWorker.java:lambda$new$0(129)) - f358e290-f705-4636-941e-77012e86de6c@group-961DFA348BC2-SegmentedRaftLogWorker: safeCacheEvictIndex: setUnconditionally 0 -> -1
2020-07-21 10:22:48,040 [pool-517-thread-1] INFO  server.RaftServerConfigKeys (ConfUtils.java:logGet(44)) - raft.server.snapshot.auto.trigger.enabled = true (custom)
2020-07-21 10:22:48,040 [pool-517-thread-1] INFO  server.RaftServerConfigKeys (ConfUtils.java:logGet(44)) - raft.server.snapshot.auto.trigger.threshold = 10000 (custom)
2020-07-21 10:22:48,040 [pool-517-thread-1] INFO  server.RaftServerConfigKeys (ConfUtils.java:logGet(44)) - raft.server.snapshot.retention.file.num = 5 (custom)
2020-07-21 10:22:48,040 [pool-517-thread-1] INFO  server.RaftServerConfigKeys (ConfUtils.java:logGet(44)) - raft.server.log.purge.upto.snapshot.index = false (default)
2020-07-21 10:22:48,040 [pool-517-thread-1] INFO  server.RaftServerConfigKeys (ConfUtils.java:logGet(44)) - raft.server.retrycache.expirytime = 600000ms (custom)
2020-07-21 10:22:48,040 [pool-517-thread-1] INFO  metrics.RatisMetrics (RatisMetrics.java:lambda$create$0(36)) - Creating Metrics Registry : ratis.leader_election.f358e290-f705-4636-941e-77012e86de6c@group-961DFA348BC2
2020-07-21 10:22:48,041 [pool-517-thread-1] INFO  metrics.RatisMetrics (RatisMetrics.java:lambda$create$0(36)) - Creating Metrics Registry : ratis.server.f358e290-f705-4636-941e-77012e86de6c@group-961DFA348BC2
2020-07-21 10:22:48,042 [pool-517-thread-1] INFO  impl.RaftServerImpl (RaftServerImpl.java:start(196)) - f358e290-f705-4636-941e-77012e86de6c@group-961DFA348BC2: start as a follower, conf=-1: [cb99a555-5d60-49aa-ac43-e029c79e7f63:172.17.0.2:44593, f358e290-f705-4636-941e-77012e86de6c:172.17.0.2:46351, 51d43626-bb24-4602-b224-4a15530a8e55:172.17.0.2:44023], old=null
2020-07-21 10:22:48,042 [pool-517-thread-1] INFO  impl.RaftServerImpl (RaftServerImpl.java:setRole(185)) - f358e290-f705-4636-941e-77012e86de6c@group-961DFA348BC2: changes role from      null to FOLLOWER at term 0 for startAsFollower
2020-07-21 10:22:48,042 [pool-517-thread-1] INFO  impl.RoleInfo (RoleInfo.java:updateAndGet(143)) - f358e290-f705-4636-941e-77012e86de6c: start FollowerState
2020-07-21 10:22:48,042 [pool-517-thread-1] INFO  util.JmxRegister (JmxRegister.java:tryRegister(44)) - Successfully registered JMX Bean with object name Ratis:service=RaftServer,group=group-961DFA348BC2,id=f358e290-f705-4636-941e-77012e86de6c
2020-07-21 10:22:48,042 [pool-517-thread-1] INFO  metrics.RatisMetrics (RatisMetrics.java:lambda$create$0(36)) - Creating Metrics Registry : ratis.state_machine.f358e290-f705-4636-941e-77012e86de6c@group-961DFA348BC2
2020-07-21 10:22:48,051 [Command processor thread] INFO  commandhandler.CreatePipelineCommandHandler (CreatePipelineCommandHandler.java:handle(109)) - Created Pipeline RATIS THREE #id: "c07308eb-0ade-4505-8c4f-961dfa348bc2"
uuid128 {
  mostSigBits: -4579306590512986875
  leastSigBits: -8336279329743533118
}
.
2020-07-21 10:22:48,076 [Command processor thread] INFO  impl.RaftServerProxy (RaftServerProxy.java:addNew(89)) - f358e290-f705-4636-941e-77012e86de6c: addNew group-B3FAEA38208E:[f358e290-f705-4636-941e-77012e86de6c:172.17.0.2:46351] returns group-B3FAEA38208E:java.util.concurrent.CompletableFuture@4a3f2f5e[Not completed]
2020-07-21 10:22:48,077 [pool-517-thread-1] INFO  impl.RaftServerImpl (RaftServerImpl.java:<init>(107)) - f358e290-f705-4636-941e-77012e86de6c: new RaftServerImpl for group-B3FAEA38208E:[f358e290-f705-4636-941e-77012e86de6c:172.17.0.2:46351] with ContainerStateMachine:uninitialized
2020-07-21 10:22:48,077 [pool-517-thread-1] INFO  server.RaftServerConfigKeys (ConfUtils.java:logGet(44)) - raft.server.rpc.timeout.min = 5s (custom)
2020-07-21 10:22:48,077 [pool-517-thread-1] INFO  server.RaftServerConfigKeys (ConfUtils.java:logGet(44)) - raft.server.rpc.timeout.max = 5200ms (custom)
2020-07-21 10:22:48,077 [pool-517-thread-1] INFO  server.RaftServerConfigKeys (ConfUtils.java:logGet(44)) - raft.server.rpcslowness.timeout = 300000ms (custom)
2020-07-21 10:22:48,077 [pool-517-thread-1] INFO  server.RaftServerConfigKeys (ConfUtils.java:logGet(44)) - raft.server.sleep.deviation.threshold = 300 (default)
2020-07-21 10:22:48,077 [pool-517-thread-1] INFO  server.RaftServerConfigKeys (ConfUtils.java:logGet(44)) - raft.server.log.appender.install.snapshot.enabled = false (custom)
2020-07-21 10:22:48,077 [pool-517-thread-1] INFO  impl.RaftServerImpl (ServerState.java:<init>(103)) - f358e290-f705-4636-941e-77012e86de6c@group-B3FAEA38208E: ConfigurationManager, init=-1: [f358e290-f705-4636-941e-77012e86de6c:172.17.0.2:46351], old=null, confs=<EMPTY_MAP>
2020-07-21 10:22:48,077 [pool-517-thread-1] INFO  server.RaftServerConfigKeys (ConfUtils.java:logGet(44)) - raft.server.storage.dir = [/github/workspace/mnt/ozone/hadoop-ozone/integration-test/target/test-dir/MiniOzoneClusterImpl-26aa3f93-67e0-4cbe-8624-cf0efb7a6165/datanode-1/data/ratis] (custom)
2020-07-21 10:22:48,077 [pool-517-thread-1] INFO  server.RaftServerConfigKeys (ConfUtils.java:logGet(44)) - raft.server.log.corruption.policy = EXCEPTION (default)
2020-07-21 10:22:48,077 [pool-517-thread-1] INFO  storage.RaftStorageDirectory (RaftStorageDirectory.java:analyzeStorage(261)) - The storage directory /github/workspace/mnt/ozone/hadoop-ozone/integration-test/target/test-dir/MiniOzoneClusterImpl-26aa3f93-67e0-4cbe-8624-cf0efb7a6165/datanode-1/data/ratis/393406bf-9c39-46ea-a3fa-b3faea38208e does not exist. Creating ...
2020-07-21 10:22:48,079 [pool-517-thread-1] INFO  storage.RaftStorageDirectory (RaftStorageDirectory.java:tryLock(343)) - Lock on /github/workspace/mnt/ozone/hadoop-ozone/integration-test/target/test-dir/MiniOzoneClusterImpl-26aa3f93-67e0-4cbe-8624-cf0efb7a6165/datanode-1/data/ratis/393406bf-9c39-46ea-a3fa-b3faea38208e/in_use.lock acquired by nodename 44496@f401945b6f42
2020-07-21 10:22:48,080 [pool-517-thread-1] INFO  storage.RaftStorage (RaftStorage.java:format(84)) - Storage directory /github/workspace/mnt/ozone/hadoop-ozone/integration-test/target/test-dir/MiniOzoneClusterImpl-26aa3f93-67e0-4cbe-8624-cf0efb7a6165/datanode-1/data/ratis/393406bf-9c39-46ea-a3fa-b3faea38208e has been successfully formatted.
2020-07-21 10:22:48,080 [pool-517-thread-1] INFO  ratis.ContainerStateMachine (ContainerStateMachine.java:loadSnapshot(225)) - group-B3FAEA38208E: The snapshot info is null. Setting the last applied indexto:(t:0, i:~)
2020-07-21 10:22:48,080 [pool-517-thread-1] INFO  server.RaftServerConfigKeys (ConfUtils.java:logGet(44)) - raft.server.notification.no-leader.timeout = 300000ms (custom)
2020-07-21 10:22:48,080 [pool-517-thread-1] INFO  server.RaftServerConfigKeys (ConfUtils.java:logGet(44)) - raft.server.log.use.memory = false (default)
2020-07-21 10:22:48,080 [pool-517-thread-1] INFO  server.RaftServerConfigKeys (ConfUtils.java:logGet(44)) - raft.server.log.purge.gap = 1000000 (custom)
2020-07-21 10:22:48,080 [pool-517-thread-1] INFO  metrics.RatisMetrics (RatisMetrics.java:lambda$create$0(36)) - Creating Metrics Registry : ratis.log_worker.f358e290-f705-4636-941e-77012e86de6c@group-B3FAEA38208E
2020-07-21 10:22:48,081 [EventQueue-PipelineReportForPipelineReportHandler] INFO  pipeline.PipelineStateManager (PipelineStateManager.java:openPipeline(131)) - Pipeline Pipeline[ Id: 393406bf-9c39-46ea-a3fa-b3faea38208e, Nodes: f358e290-f705-4636-941e-77012e86de6c{ip: 172.17.0.2, host: f401945b6f42, networkLocation: /default-rack, certSerialId: null}, Type:RATIS, Factor:ONE, State:ALLOCATED, leaderId:f358e290-f705-4636-941e-77012e86de6c, CreationTimestamp2020-07-21T10:22:45.078Z] moved to OPEN state
2020-07-21 10:22:48,081 [EventQueue-OpenPipelineForHealthyPipelineSafeModeRule] INFO  safemode.SCMSafeModeManager (HealthyPipelineSafeModeRule.java:process(129)) - SCM in safe mode. Healthy pipelines reported count is 0, required healthy pipeline reported count is 1
2020-07-21 10:22:48,081 [EventQueue-OpenPipelineForOneReplicaPipelineSafeModeRule] INFO  safemode.SCMSafeModeManager (SCMSafeModeManager.java:validateSafeModeExitRules(214)) - AtleastOneDatanodeReportedRule rule is successfully validated
2020-07-21 10:22:48,081 [pool-517-thread-1] INFO  server.RaftServerConfigKeys (ConfUtils.java:logGet(44)) - raft.server.log.appender.buffer.byte-limit = 33554432 (custom)
2020-07-21 10:22:48,081 [pool-517-thread-1] INFO  server.RaftServerConfigKeys (ConfUtils.java:logGet(44)) - raft.server.log.segment.size.max = 1048576 (custom)
2020-07-21 10:22:48,082 [pool-517-thread-1] INFO  server.RaftServerConfigKeys (ConfUtils.java:logGet(44)) - raft.server.log.segment.cache.num.max = 2 (custom)
2020-07-21 10:22:48,082 [pool-517-thread-1] INFO  segmented.SegmentedRaftLogWorker (SegmentedRaftLogWorker.java:<init>(180)) - new f358e290-f705-4636-941e-77012e86de6c@group-B3FAEA38208E-SegmentedRaftLogWorker for RaftStorage:Storage Directory /github/workspace/mnt/ozone/hadoop-ozone/integration-test/target/test-dir/MiniOzoneClusterImpl-26aa3f93-67e0-4cbe-8624-cf0efb7a6165/datanode-1/data/ratis/393406bf-9c39-46ea-a3fa-b3faea38208e
2020-07-21 10:22:48,082 [pool-517-thread-1] INFO  server.RaftServerConfigKeys (ConfUtils.java:logGet(44)) - raft.server.log.queue.byte-limit = 2147483647 (custom)
2020-07-21 10:22:48,082 [pool-517-thread-1] INFO  server.RaftServerConfigKeys (ConfUtils.java:logGet(44)) - raft.server.log.queue.element-limit = 1024 (custom)
2020-07-21 10:22:48,082 [pool-517-thread-1] INFO  server.RaftServerConfigKeys (ConfUtils.java:logGet(44)) - raft.server.log.segment.size.max = 1048576 (custom)
2020-07-21 10:22:48,082 [pool-517-thread-1] INFO  server.RaftServerConfigKeys (ConfUtils.java:logGet(44)) - raft.server.log.preallocated.size = 16384 (custom)
2020-07-21 10:22:48,082 [pool-517-thread-1] INFO  server.RaftServerConfigKeys (ConfUtils.java:logGet(44)) - raft.server.log.write.buffer.size = 1048576 (custom)
2020-07-21 10:22:48,082 [pool-517-thread-1] INFO  server.RaftServerConfigKeys (ConfUtils.java:logGet(44)) - raft.server.log.force.sync.num = 128 (default)
2020-07-21 10:22:48,082 [pool-517-thread-1] INFO  server.RaftServerConfigKeys (ConfUtils.java:logGet(44)) - raft.server.log.statemachine.data.sync = true (default)
2020-07-21 10:22:48,082 [pool-517-thread-1] INFO  server.RaftServerConfigKeys (ConfUtils.java:logGet(44)) - raft.server.log.statemachine.data.sync.timeout = 10s (default)
2020-07-21 10:22:48,082 [pool-517-thread-1] INFO  server.RaftServerConfigKeys (ConfUtils.java:logGet(44)) - raft.server.log.statemachine.data.sync.timeout.retry = -1 (default)
2020-07-21 10:22:48,084 [pool-517-thread-1] INFO  server.RaftServerConfigKeys (ConfUtils.java:logGet(44)) - raft.server.log.statemachine.data.caching.enabled = true (custom)
2020-07-21 10:22:48,084 [pool-517-thread-1] INFO  segmented.SegmentedRaftLogWorker (SegmentedRaftLogWorker.java:lambda$new$0(129)) - f358e290-f705-4636-941e-77012e86de6c@group-B3FAEA38208E-SegmentedRaftLogWorker: flushIndex: setUnconditionally 0 -> -1
2020-07-21 10:22:48,084 [pool-517-thread-1] INFO  segmented.SegmentedRaftLogWorker (SegmentedRaftLogWorker.java:lambda$new$0(129)) - f358e290-f705-4636-941e-77012e86de6c@group-B3FAEA38208E-SegmentedRaftLogWorker: safeCacheEvictIndex: setUnconditionally 0 -> -1
2020-07-21 10:22:48,085 [pool-517-thread-1] INFO  server.RaftServerConfigKeys (ConfUtils.java:logGet(44)) - raft.server.snapshot.auto.trigger.enabled = true (custom)
2020-07-21 10:22:48,085 [pool-517-thread-1] INFO  server.RaftServerConfigKeys (ConfUtils.java:logGet(44)) - raft.server.snapshot.auto.trigger.threshold = 10000 (custom)
2020-07-21 10:22:48,085 [pool-517-thread-1] INFO  server.RaftServerConfigKeys (ConfUtils.java:logGet(44)) - raft.server.snapshot.retention.file.num = 5 (custom)
2020-07-21 10:22:48,085 [pool-517-thread-1] INFO  server.RaftServerConfigKeys (ConfUtils.java:logGet(44)) - raft.server.log.purge.upto.snapshot.index = false (default)
2020-07-21 10:22:48,085 [pool-517-thread-1] INFO  server.RaftServerConfigKeys (ConfUtils.java:logGet(44)) - raft.server.retrycache.expirytime = 600000ms (custom)
2020-07-21 10:22:48,085 [pool-517-thread-1] INFO  metrics.RatisMetrics (RatisMetrics.java:lambda$create$0(36)) - Creating Metrics Registry : ratis.leader_election.f358e290-f705-4636-941e-77012e86de6c@group-B3FAEA38208E
2020-07-21 10:22:48,086 [pool-517-thread-1] INFO  metrics.RatisMetrics (RatisMetrics.java:lambda$create$0(36)) - Creating Metrics Registry : ratis.server.f358e290-f705-4636-941e-77012e86de6c@group-B3FAEA38208E
2020-07-21 10:22:48,087 [pool-517-thread-1] INFO  impl.RaftServerImpl (RaftServerImpl.java:start(196)) - f358e290-f705-4636-941e-77012e86de6c@group-B3FAEA38208E: start as a follower, conf=-1: [f358e290-f705-4636-941e-77012e86de6c:172.17.0.2:46351], old=null
2020-07-21 10:22:48,087 [pool-517-thread-1] INFO  impl.RaftServerImpl (RaftServerImpl.java:setRole(185)) - f358e290-f705-4636-941e-77012e86de6c@group-B3FAEA38208E: changes role from      null to FOLLOWER at term 0 for startAsFollower
2020-07-21 10:22:48,087 [pool-517-thread-1] INFO  impl.RoleInfo (RoleInfo.java:updateAndGet(143)) - f358e290-f705-4636-941e-77012e86de6c: start FollowerState
2020-07-21 10:22:48,088 [pool-517-thread-1] INFO  util.JmxRegister (JmxRegister.java:tryRegister(44)) - Successfully registered JMX Bean with object name Ratis:service=RaftServer,group=group-B3FAEA38208E,id=f358e290-f705-4636-941e-77012e86de6c
2020-07-21 10:22:48,088 [pool-517-thread-1] INFO  metrics.RatisMetrics (RatisMetrics.java:lambda$create$0(36)) - Creating Metrics Registry : ratis.state_machine.f358e290-f705-4636-941e-77012e86de6c@group-B3FAEA38208E
2020-07-21 10:22:48,089 [Command processor thread] INFO  commandhandler.CreatePipelineCommandHandler (CreatePipelineCommandHandler.java:handle(109)) - Created Pipeline RATIS ONE #id: "393406bf-9c39-46ea-a3fa-b3faea38208e"
uuid128 {
  mostSigBits: 4121926978980366058
  leastSigBits: -6630789611096891250
}
.
2020-07-21 10:22:48,185 [Command processor thread] INFO  impl.RaftServerProxy (RaftServerProxy.java:addNew(89)) - cb99a555-5d60-49aa-ac43-e029c79e7f63: addNew group-F2504F3A8000:[cb99a555-5d60-49aa-ac43-e029c79e7f63:172.17.0.2:44593] returns group-F2504F3A8000:java.util.concurrent.CompletableFuture@398f2f70[Not completed]
2020-07-21 10:22:48,186 [pool-532-thread-1] INFO  impl.RaftServerImpl (RaftServerImpl.java:<init>(107)) - cb99a555-5d60-49aa-ac43-e029c79e7f63: new RaftServerImpl for group-F2504F3A8000:[cb99a555-5d60-49aa-ac43-e029c79e7f63:172.17.0.2:44593] with ContainerStateMachine:uninitialized
2020-07-21 10:22:48,186 [pool-532-thread-1] INFO  server.RaftServerConfigKeys (ConfUtils.java:logGet(44)) - raft.server.rpc.timeout.min = 5s (custom)
2020-07-21 10:22:48,186 [pool-532-thread-1] INFO  server.RaftServerConfigKeys (ConfUtils.java:logGet(44)) - raft.server.rpc.timeout.max = 5200ms (custom)
2020-07-21 10:22:48,186 [pool-532-thread-1] INFO  server.RaftServerConfigKeys (ConfUtils.java:logGet(44)) - raft.server.rpcslowness.timeout = 300000ms (custom)
2020-07-21 10:22:48,186 [pool-532-thread-1] INFO  server.RaftServerConfigKeys (ConfUtils.java:logGet(44)) - raft.server.sleep.deviation.threshold = 300 (default)
2020-07-21 10:22:48,186 [pool-532-thread-1] INFO  server.RaftServerConfigKeys (ConfUtils.java:logGet(44)) - raft.server.log.appender.install.snapshot.enabled = false (custom)
2020-07-21 10:22:48,186 [pool-532-thread-1] INFO  impl.RaftServerImpl (ServerState.java:<init>(103)) - cb99a555-5d60-49aa-ac43-e029c79e7f63@group-F2504F3A8000: ConfigurationManager, init=-1: [cb99a555-5d60-49aa-ac43-e029c79e7f63:172.17.0.2:44593], old=null, confs=<EMPTY_MAP>
2020-07-21 10:22:48,187 [pool-532-thread-1] INFO  server.RaftServerConfigKeys (ConfUtils.java:logGet(44)) - raft.server.storage.dir = [/github/workspace/mnt/ozone/hadoop-ozone/integration-test/target/test-dir/MiniOzoneClusterImpl-26aa3f93-67e0-4cbe-8624-cf0efb7a6165/datanode-2/data/ratis] (custom)
2020-07-21 10:22:48,187 [pool-532-thread-1] INFO  server.RaftServerConfigKeys (ConfUtils.java:logGet(44)) - raft.server.log.corruption.policy = EXCEPTION (default)
2020-07-21 10:22:48,187 [pool-532-thread-1] INFO  storage.RaftStorageDirectory (RaftStorageDirectory.java:analyzeStorage(261)) - The storage directory /github/workspace/mnt/ozone/hadoop-ozone/integration-test/target/test-dir/MiniOzoneClusterImpl-26aa3f93-67e0-4cbe-8624-cf0efb7a6165/datanode-2/data/ratis/50cad3eb-d542-4ff2-9018-f2504f3a8000 does not exist. Creating ...
2020-07-21 10:22:48,188 [pool-532-thread-1] INFO  storage.RaftStorageDirectory (RaftStorageDirectory.java:tryLock(343)) - Lock on /github/workspace/mnt/ozone/hadoop-ozone/integration-test/target/test-dir/MiniOzoneClusterImpl-26aa3f93-67e0-4cbe-8624-cf0efb7a6165/datanode-2/data/ratis/50cad3eb-d542-4ff2-9018-f2504f3a8000/in_use.lock acquired by nodename 44496@f401945b6f42
2020-07-21 10:22:48,189 [pool-532-thread-1] INFO  storage.RaftStorage (RaftStorage.java:format(84)) - Storage directory /github/workspace/mnt/ozone/hadoop-ozone/integration-test/target/test-dir/MiniOzoneClusterImpl-26aa3f93-67e0-4cbe-8624-cf0efb7a6165/datanode-2/data/ratis/50cad3eb-d542-4ff2-9018-f2504f3a8000 has been successfully formatted.
2020-07-21 10:22:48,189 [pool-532-thread-1] INFO  ratis.ContainerStateMachine (ContainerStateMachine.java:loadSnapshot(225)) - group-F2504F3A8000: The snapshot info is null. Setting the last applied indexto:(t:0, i:~)
2020-07-21 10:22:48,189 [pool-532-thread-1] INFO  server.RaftServerConfigKeys (ConfUtils.java:logGet(44)) - raft.server.notification.no-leader.timeout = 300000ms (custom)
2020-07-21 10:22:48,189 [pool-532-thread-1] INFO  server.RaftServerConfigKeys (ConfUtils.java:logGet(44)) - raft.server.log.use.memory = false (default)
2020-07-21 10:22:48,190 [pool-532-thread-1] INFO  server.RaftServerConfigKeys (ConfUtils.java:logGet(44)) - raft.server.log.purge.gap = 1000000 (custom)
2020-07-21 10:22:48,190 [pool-532-thread-1] INFO  metrics.RatisMetrics (RatisMetrics.java:lambda$create$0(36)) - Creating Metrics Registry : ratis.log_worker.cb99a555-5d60-49aa-ac43-e029c79e7f63@group-F2504F3A8000
2020-07-21 10:22:48,190 [EventQueue-PipelineReportForPipelineReportHandler] INFO  pipeline.PipelineStateManager (PipelineStateManager.java:openPipeline(131)) - Pipeline Pipeline[ Id: 50cad3eb-d542-4ff2-9018-f2504f3a8000, Nodes: cb99a555-5d60-49aa-ac43-e029c79e7f63{ip: 172.17.0.2, host: f401945b6f42, networkLocation: /default-rack, certSerialId: null}, Type:RATIS, Factor:ONE, State:ALLOCATED, leaderId:cb99a555-5d60-49aa-ac43-e029c79e7f63, CreationTimestamp2020-07-21T10:22:45.186Z] moved to OPEN state
2020-07-21 10:22:48,190 [pool-532-thread-1] INFO  server.RaftServerConfigKeys (ConfUtils.java:logGet(44)) - raft.server.log.appender.buffer.byte-limit = 33554432 (custom)
2020-07-21 10:22:48,190 [EventQueue-OpenPipelineForHealthyPipelineSafeModeRule] INFO  safemode.SCMSafeModeManager (HealthyPipelineSafeModeRule.java:process(129)) - SCM in safe mode. Healthy pipelines reported count is 0, required healthy pipeline reported count is 1
2020-07-21 10:22:48,190 [EventQueue-OpenPipelineForOneReplicaPipelineSafeModeRule] INFO  safemode.SCMSafeModeManager (SCMSafeModeManager.java:validateSafeModeExitRules(214)) - AtleastOneDatanodeReportedRule rule is successfully validated
2020-07-21 10:22:48,190 [pool-532-thread-1] INFO  server.RaftServerConfigKeys (ConfUtils.java:logGet(44)) - raft.server.log.segment.size.max = 1048576 (custom)
2020-07-21 10:22:48,191 [pool-532-thread-1] INFO  server.RaftServerConfigKeys (ConfUtils.java:logGet(44)) - raft.server.log.segment.cache.num.max = 2 (custom)
2020-07-21 10:22:48,191 [pool-532-thread-1] INFO  segmented.SegmentedRaftLogWorker (SegmentedRaftLogWorker.java:<init>(180)) - new cb99a555-5d60-49aa-ac43-e029c79e7f63@group-F2504F3A8000-SegmentedRaftLogWorker for RaftStorage:Storage Directory /github/workspace/mnt/ozone/hadoop-ozone/integration-test/target/test-dir/MiniOzoneClusterImpl-26aa3f93-67e0-4cbe-8624-cf0efb7a6165/datanode-2/data/ratis/50cad3eb-d542-4ff2-9018-f2504f3a8000
2020-07-21 10:22:48,192 [pool-532-thread-1] INFO  server.RaftServerConfigKeys (ConfUtils.java:logGet(44)) - raft.server.log.queue.byte-limit = 2147483647 (custom)
2020-07-21 10:22:48,192 [pool-532-thread-1] INFO  server.RaftServerConfigKeys (ConfUtils.java:logGet(44)) - raft.server.log.queue.element-limit = 1024 (custom)
2020-07-21 10:22:48,192 [pool-532-thread-1] INFO  server.RaftServerConfigKeys (ConfUtils.java:logGet(44)) - raft.server.log.segment.size.max = 1048576 (custom)
2020-07-21 10:22:48,192 [pool-532-thread-1] INFO  server.RaftServerConfigKeys (ConfUtils.java:logGet(44)) - raft.server.log.preallocated.size = 16384 (custom)
2020-07-21 10:22:48,192 [pool-532-thread-1] INFO  server.RaftServerConfigKeys (ConfUtils.java:logGet(44)) - raft.server.log.write.buffer.size = 1048576 (custom)
2020-07-21 10:22:48,192 [pool-532-thread-1] INFO  server.RaftServerConfigKeys (ConfUtils.java:logGet(44)) - raft.server.log.force.sync.num = 128 (default)
2020-07-21 10:22:48,192 [pool-532-thread-1] INFO  server.RaftServerConfigKeys (ConfUtils.java:logGet(44)) - raft.server.log.statemachine.data.sync = true (default)
2020-07-21 10:22:48,192 [pool-532-thread-1] INFO  server.RaftServerConfigKeys (ConfUtils.java:logGet(44)) - raft.server.log.statemachine.data.sync.timeout = 10s (default)
2020-07-21 10:22:48,192 [pool-532-thread-1] INFO  server.RaftServerConfigKeys (ConfUtils.java:logGet(44)) - raft.server.log.statemachine.data.sync.timeout.retry = -1 (default)
2020-07-21 10:22:48,194 [pool-532-thread-1] INFO  server.RaftServerConfigKeys (ConfUtils.java:logGet(44)) - raft.server.log.statemachine.data.caching.enabled = true (custom)
2020-07-21 10:22:48,195 [pool-532-thread-1] INFO  segmented.SegmentedRaftLogWorker (SegmentedRaftLogWorker.java:lambda$new$0(129)) - cb99a555-5d60-49aa-ac43-e029c79e7f63@group-F2504F3A8000-SegmentedRaftLogWorker: flushIndex: setUnconditionally 0 -> -1
2020-07-21 10:22:48,195 [pool-532-thread-1] INFO  segmented.SegmentedRaftLogWorker (SegmentedRaftLogWorker.java:lambda$new$0(129)) - cb99a555-5d60-49aa-ac43-e029c79e7f63@group-F2504F3A8000-SegmentedRaftLogWorker: safeCacheEvictIndex: setUnconditionally 0 -> -1
2020-07-21 10:22:48,196 [pool-532-thread-1] INFO  server.RaftServerConfigKeys (ConfUtils.java:logGet(44)) - raft.server.snapshot.auto.trigger.enabled = true (custom)
2020-07-21 10:22:48,197 [pool-532-thread-1] INFO  server.RaftServerConfigKeys (ConfUtils.java:logGet(44)) - raft.server.snapshot.auto.trigger.threshold = 10000 (custom)
2020-07-21 10:22:48,197 [pool-532-thread-1] INFO  server.RaftServerConfigKeys (ConfUtils.java:logGet(44)) - raft.server.snapshot.retention.file.num = 5 (custom)
2020-07-21 10:22:48,197 [pool-532-thread-1] INFO  server.RaftServerConfigKeys (ConfUtils.java:logGet(44)) - raft.server.log.purge.upto.snapshot.index = false (default)
2020-07-21 10:22:48,197 [pool-532-thread-1] INFO  server.RaftServerConfigKeys (ConfUtils.java:logGet(44)) - raft.server.retrycache.expirytime = 600000ms (custom)
2020-07-21 10:22:48,197 [pool-532-thread-1] INFO  metrics.RatisMetrics (RatisMetrics.java:lambda$create$0(36)) - Creating Metrics Registry : ratis.leader_election.cb99a555-5d60-49aa-ac43-e029c79e7f63@group-F2504F3A8000
2020-07-21 10:22:48,198 [pool-532-thread-1] INFO  metrics.RatisMetrics (RatisMetrics.java:lambda$create$0(36)) - Creating Metrics Registry : ratis.server.cb99a555-5d60-49aa-ac43-e029c79e7f63@group-F2504F3A8000
2020-07-21 10:22:48,200 [pool-532-thread-1] INFO  impl.RaftServerImpl (RaftServerImpl.java:start(196)) - cb99a555-5d60-49aa-ac43-e029c79e7f63@group-F2504F3A8000: start as a follower, conf=-1: [cb99a555-5d60-49aa-ac43-e029c79e7f63:172.17.0.2:44593], old=null
2020-07-21 10:22:48,200 [pool-532-thread-1] INFO  impl.RaftServerImpl (RaftServerImpl.java:setRole(185)) - cb99a555-5d60-49aa-ac43-e029c79e7f63@group-F2504F3A8000: changes role from      null to FOLLOWER at term 0 for startAsFollower
2020-07-21 10:22:48,200 [pool-532-thread-1] INFO  impl.RoleInfo (RoleInfo.java:updateAndGet(143)) - cb99a555-5d60-49aa-ac43-e029c79e7f63: start FollowerState
2020-07-21 10:22:48,201 [pool-532-thread-1] INFO  util.JmxRegister (JmxRegister.java:tryRegister(44)) - Successfully registered JMX Bean with object name Ratis:service=RaftServer,group=group-F2504F3A8000,id=cb99a555-5d60-49aa-ac43-e029c79e7f63
2020-07-21 10:22:48,201 [pool-532-thread-1] INFO  metrics.RatisMetrics (RatisMetrics.java:lambda$create$0(36)) - Creating Metrics Registry : ratis.state_machine.cb99a555-5d60-49aa-ac43-e029c79e7f63@group-F2504F3A8000
2020-07-21 10:22:48,202 [Command processor thread] INFO  commandhandler.CreatePipelineCommandHandler (CreatePipelineCommandHandler.java:handle(109)) - Created Pipeline RATIS ONE #id: "50cad3eb-d542-4ff2-9018-f2504f3a8000"
uuid128 {
  mostSigBits: 5821698478178455538
  leastSigBits: -8063428706066333696
}
.
2020-07-21 10:22:48,307 [Command processor thread] INFO  impl.RaftServerProxy (RaftServerProxy.java:addNew(89)) - c07c5c06-eb2e-4fff-9225-845a4954e246: addNew group-CC3D97C0F88D:[c07c5c06-eb2e-4fff-9225-845a4954e246:172.17.0.2:39799] returns group-CC3D97C0F88D:java.util.concurrent.CompletableFuture@53448ea6[Not completed]
2020-07-21 10:22:48,309 [pool-547-thread-1] INFO  impl.RaftServerImpl (RaftServerImpl.java:<init>(107)) - c07c5c06-eb2e-4fff-9225-845a4954e246: new RaftServerImpl for group-CC3D97C0F88D:[c07c5c06-eb2e-4fff-9225-845a4954e246:172.17.0.2:39799] with ContainerStateMachine:uninitialized
2020-07-21 10:22:48,309 [pool-547-thread-1] INFO  server.RaftServerConfigKeys (ConfUtils.java:logGet(44)) - raft.server.rpc.timeout.min = 5s (custom)
2020-07-21 10:22:48,309 [pool-547-thread-1] INFO  server.RaftServerConfigKeys (ConfUtils.java:logGet(44)) - raft.server.rpc.timeout.max = 5200ms (custom)
2020-07-21 10:22:48,310 [pool-547-thread-1] INFO  server.RaftServerConfigKeys (ConfUtils.java:logGet(44)) - raft.server.rpcslowness.timeout = 300000ms (custom)
2020-07-21 10:22:48,310 [pool-547-thread-1] INFO  server.RaftServerConfigKeys (ConfUtils.java:logGet(44)) - raft.server.sleep.deviation.threshold = 300 (default)
2020-07-21 10:22:48,310 [pool-547-thread-1] INFO  server.RaftServerConfigKeys (ConfUtils.java:logGet(44)) - raft.server.log.appender.install.snapshot.enabled = false (custom)
2020-07-21 10:22:48,310 [pool-547-thread-1] INFO  impl.RaftServerImpl (ServerState.java:<init>(103)) - c07c5c06-eb2e-4fff-9225-845a4954e246@group-CC3D97C0F88D: ConfigurationManager, init=-1: [c07c5c06-eb2e-4fff-9225-845a4954e246:172.17.0.2:39799], old=null, confs=<EMPTY_MAP>
2020-07-21 10:22:48,310 [pool-547-thread-1] INFO  server.RaftServerConfigKeys (ConfUtils.java:logGet(44)) - raft.server.storage.dir = [/github/workspace/mnt/ozone/hadoop-ozone/integration-test/target/test-dir/MiniOzoneClusterImpl-26aa3f93-67e0-4cbe-8624-cf0efb7a6165/datanode-3/data/ratis] (custom)
2020-07-21 10:22:48,310 [pool-547-thread-1] INFO  server.RaftServerConfigKeys (ConfUtils.java:logGet(44)) - raft.server.log.corruption.policy = EXCEPTION (default)
2020-07-21 10:22:48,310 [pool-547-thread-1] INFO  storage.RaftStorageDirectory (RaftStorageDirectory.java:analyzeStorage(261)) - The storage directory /github/workspace/mnt/ozone/hadoop-ozone/integration-test/target/test-dir/MiniOzoneClusterImpl-26aa3f93-67e0-4cbe-8624-cf0efb7a6165/datanode-3/data/ratis/2afd5106-3140-457f-8644-cc3d97c0f88d does not exist. Creating ...
2020-07-21 10:22:48,312 [pool-547-thread-1] INFO  storage.RaftStorageDirectory (RaftStorageDirectory.java:tryLock(343)) - Lock on /github/workspace/mnt/ozone/hadoop-ozone/integration-test/target/test-dir/MiniOzoneClusterImpl-26aa3f93-67e0-4cbe-8624-cf0efb7a6165/datanode-3/data/ratis/2afd5106-3140-457f-8644-cc3d97c0f88d/in_use.lock acquired by nodename 44496@f401945b6f42
2020-07-21 10:22:48,313 [pool-547-thread-1] INFO  storage.RaftStorage (RaftStorage.java:format(84)) - Storage directory /github/workspace/mnt/ozone/hadoop-ozone/integration-test/target/test-dir/MiniOzoneClusterImpl-26aa3f93-67e0-4cbe-8624-cf0efb7a6165/datanode-3/data/ratis/2afd5106-3140-457f-8644-cc3d97c0f88d has been successfully formatted.
2020-07-21 10:22:48,315 [pool-547-thread-1] INFO  ratis.ContainerStateMachine (ContainerStateMachine.java:loadSnapshot(225)) - group-CC3D97C0F88D: The snapshot info is null. Setting the last applied indexto:(t:0, i:~)
2020-07-21 10:22:48,315 [pool-547-thread-1] INFO  server.RaftServerConfigKeys (ConfUtils.java:logGet(44)) - raft.server.notification.no-leader.timeout = 300000ms (custom)
2020-07-21 10:22:48,315 [pool-547-thread-1] INFO  server.RaftServerConfigKeys (ConfUtils.java:logGet(44)) - raft.server.log.use.memory = false (default)
2020-07-21 10:22:48,316 [pool-547-thread-1] INFO  server.RaftServerConfigKeys (ConfUtils.java:logGet(44)) - raft.server.log.purge.gap = 1000000 (custom)
2020-07-21 10:22:48,316 [pool-547-thread-1] INFO  metrics.RatisMetrics (RatisMetrics.java:lambda$create$0(36)) - Creating Metrics Registry : ratis.log_worker.c07c5c06-eb2e-4fff-9225-845a4954e246@group-CC3D97C0F88D
2020-07-21 10:22:48,316 [EventQueue-PipelineReportForPipelineReportHandler] INFO  pipeline.PipelineStateManager (PipelineStateManager.java:openPipeline(131)) - Pipeline Pipeline[ Id: 2afd5106-3140-457f-8644-cc3d97c0f88d, Nodes: c07c5c06-eb2e-4fff-9225-845a4954e246{ip: 172.17.0.2, host: f401945b6f42, networkLocation: /default-rack, certSerialId: null}, Type:RATIS, Factor:ONE, State:ALLOCATED, leaderId:c07c5c06-eb2e-4fff-9225-845a4954e246, CreationTimestamp2020-07-21T10:22:45.309Z] moved to OPEN state
2020-07-21 10:22:48,316 [EventQueue-OpenPipelineForOneReplicaPipelineSafeModeRule] INFO  safemode.SCMSafeModeManager (SCMSafeModeManager.java:validateSafeModeExitRules(214)) - AtleastOneDatanodeReportedRule rule is successfully validated
2020-07-21 10:22:48,316 [pool-547-thread-1] INFO  server.RaftServerConfigKeys (ConfUtils.java:logGet(44)) - raft.server.log.appender.buffer.byte-limit = 33554432 (custom)
2020-07-21 10:22:48,316 [EventQueue-OpenPipelineForHealthyPipelineSafeModeRule] INFO  safemode.SCMSafeModeManager (HealthyPipelineSafeModeRule.java:process(129)) - SCM in safe mode. Healthy pipelines reported count is 0, required healthy pipeline reported count is 1
2020-07-21 10:22:48,317 [pool-547-thread-1] INFO  server.RaftServerConfigKeys (ConfUtils.java:logGet(44)) - raft.server.log.segment.size.max = 1048576 (custom)
2020-07-21 10:22:48,318 [pool-547-thread-1] INFO  server.RaftServerConfigKeys (ConfUtils.java:logGet(44)) - raft.server.log.segment.cache.num.max = 2 (custom)
2020-07-21 10:22:48,318 [pool-547-thread-1] INFO  segmented.SegmentedRaftLogWorker (SegmentedRaftLogWorker.java:<init>(180)) - new c07c5c06-eb2e-4fff-9225-845a4954e246@group-CC3D97C0F88D-SegmentedRaftLogWorker for RaftStorage:Storage Directory /github/workspace/mnt/ozone/hadoop-ozone/integration-test/target/test-dir/MiniOzoneClusterImpl-26aa3f93-67e0-4cbe-8624-cf0efb7a6165/datanode-3/data/ratis/2afd5106-3140-457f-8644-cc3d97c0f88d
2020-07-21 10:22:48,318 [pool-547-thread-1] INFO  server.RaftServerConfigKeys (ConfUtils.java:logGet(44)) - raft.server.log.queue.byte-limit = 2147483647 (custom)
2020-07-21 10:22:48,318 [pool-547-thread-1] INFO  server.RaftServerConfigKeys (ConfUtils.java:logGet(44)) - raft.server.log.queue.element-limit = 1024 (custom)
2020-07-21 10:22:48,318 [pool-547-thread-1] INFO  server.RaftServerConfigKeys (ConfUtils.java:logGet(44)) - raft.server.log.segment.size.max = 1048576 (custom)
2020-07-21 10:22:48,318 [pool-547-thread-1] INFO  server.RaftServerConfigKeys (ConfUtils.java:logGet(44)) - raft.server.log.preallocated.size = 16384 (custom)
2020-07-21 10:22:48,319 [pool-547-thread-1] INFO  server.RaftServerConfigKeys (ConfUtils.java:logGet(44)) - raft.server.log.write.buffer.size = 1048576 (custom)
2020-07-21 10:22:48,319 [pool-547-thread-1] INFO  server.RaftServerConfigKeys (ConfUtils.java:logGet(44)) - raft.server.log.force.sync.num = 128 (default)
2020-07-21 10:22:48,319 [pool-547-thread-1] INFO  server.RaftServerConfigKeys (ConfUtils.java:logGet(44)) - raft.server.log.statemachine.data.sync = true (default)
2020-07-21 10:22:48,319 [pool-547-thread-1] INFO  server.RaftServerConfigKeys (ConfUtils.java:logGet(44)) - raft.server.log.statemachine.data.sync.timeout = 10s (default)
2020-07-21 10:22:48,319 [pool-547-thread-1] INFO  server.RaftServerConfigKeys (ConfUtils.java:logGet(44)) - raft.server.log.statemachine.data.sync.timeout.retry = -1 (default)
2020-07-21 10:22:48,322 [pool-547-thread-1] INFO  server.RaftServerConfigKeys (ConfUtils.java:logGet(44)) - raft.server.log.statemachine.data.caching.enabled = true (custom)
2020-07-21 10:22:48,322 [pool-547-thread-1] INFO  segmented.SegmentedRaftLogWorker (SegmentedRaftLogWorker.java:lambda$new$0(129)) - c07c5c06-eb2e-4fff-9225-845a4954e246@group-CC3D97C0F88D-SegmentedRaftLogWorker: flushIndex: setUnconditionally 0 -> -1
2020-07-21 10:22:48,322 [pool-547-thread-1] INFO  segmented.SegmentedRaftLogWorker (SegmentedRaftLogWorker.java:lambda$new$0(129)) - c07c5c06-eb2e-4fff-9225-845a4954e246@group-CC3D97C0F88D-SegmentedRaftLogWorker: safeCacheEvictIndex: setUnconditionally 0 -> -1
2020-07-21 10:22:48,322 [pool-547-thread-1] INFO  server.RaftServerConfigKeys (ConfUtils.java:logGet(44)) - raft.server.snapshot.auto.trigger.enabled = true (custom)
2020-07-21 10:22:48,322 [pool-547-thread-1] INFO  server.RaftServerConfigKeys (ConfUtils.java:logGet(44)) - raft.server.snapshot.auto.trigger.threshold = 10000 (custom)
2020-07-21 10:22:48,323 [pool-547-thread-1] INFO  server.RaftServerConfigKeys (ConfUtils.java:logGet(44)) - raft.server.snapshot.retention.file.num = 5 (custom)
2020-07-21 10:22:48,323 [pool-547-thread-1] INFO  server.RaftServerConfigKeys (ConfUtils.java:logGet(44)) - raft.server.log.purge.upto.snapshot.index = false (default)
2020-07-21 10:22:48,323 [pool-547-thread-1] INFO  server.RaftServerConfigKeys (ConfUtils.java:logGet(44)) - raft.server.retrycache.expirytime = 600000ms (custom)
2020-07-21 10:22:48,323 [pool-547-thread-1] INFO  metrics.RatisMetrics (RatisMetrics.java:lambda$create$0(36)) - Creating Metrics Registry : ratis.leader_election.c07c5c06-eb2e-4fff-9225-845a4954e246@group-CC3D97C0F88D
2020-07-21 10:22:48,323 [pool-547-thread-1] INFO  metrics.RatisMetrics (RatisMetrics.java:lambda$create$0(36)) - Creating Metrics Registry : ratis.server.c07c5c06-eb2e-4fff-9225-845a4954e246@group-CC3D97C0F88D
2020-07-21 10:22:48,325 [pool-547-thread-1] INFO  impl.RaftServerImpl (RaftServerImpl.java:start(196)) - c07c5c06-eb2e-4fff-9225-845a4954e246@group-CC3D97C0F88D: start as a follower, conf=-1: [c07c5c06-eb2e-4fff-9225-845a4954e246:172.17.0.2:39799], old=null
2020-07-21 10:22:48,325 [pool-547-thread-1] INFO  impl.RaftServerImpl (RaftServerImpl.java:setRole(185)) - c07c5c06-eb2e-4fff-9225-845a4954e246@group-CC3D97C0F88D: changes role from      null to FOLLOWER at term 0 for startAsFollower
2020-07-21 10:22:48,325 [pool-547-thread-1] INFO  impl.RoleInfo (RoleInfo.java:updateAndGet(143)) - c07c5c06-eb2e-4fff-9225-845a4954e246: start FollowerState
2020-07-21 10:22:48,325 [pool-547-thread-1] INFO  util.JmxRegister (JmxRegister.java:tryRegister(44)) - Successfully registered JMX Bean with object name Ratis:service=RaftServer,group=group-CC3D97C0F88D,id=c07c5c06-eb2e-4fff-9225-845a4954e246
2020-07-21 10:22:48,326 [pool-547-thread-1] INFO  metrics.RatisMetrics (RatisMetrics.java:lambda$create$0(36)) - Creating Metrics Registry : ratis.state_machine.c07c5c06-eb2e-4fff-9225-845a4954e246@group-CC3D97C0F88D
2020-07-21 10:22:48,327 [Command processor thread] INFO  commandhandler.CreatePipelineCommandHandler (CreatePipelineCommandHandler.java:handle(109)) - Created Pipeline RATIS ONE #id: "2afd5106-3140-457f-8644-cc3d97c0f88d"
uuid128 {
  mostSigBits: 3097721205738718591
  leastSigBits: -8771661609299806067
}
.
2020-07-21 10:22:48,327 [Command processor thread] INFO  impl.RaftServerProxy (RaftServerProxy.java:addNew(89)) - c07c5c06-eb2e-4fff-9225-845a4954e246: addNew group-5CC394ACB85F:[73f9b6d6-78ac-4cc6-953d-c7a8a2f9ddd0:172.17.0.2:40125, b539c339-7771-4951-b0e8-e5cec13be09d:172.17.0.2:35681, c07c5c06-eb2e-4fff-9225-845a4954e246:172.17.0.2:39799] returns group-5CC394ACB85F:java.util.concurrent.CompletableFuture@577b1016[Not completed]
2020-07-21 10:22:48,328 [pool-547-thread-1] INFO  impl.RaftServerImpl (RaftServerImpl.java:<init>(107)) - c07c5c06-eb2e-4fff-9225-845a4954e246: new RaftServerImpl for group-5CC394ACB85F:[73f9b6d6-78ac-4cc6-953d-c7a8a2f9ddd0:172.17.0.2:40125, b539c339-7771-4951-b0e8-e5cec13be09d:172.17.0.2:35681, c07c5c06-eb2e-4fff-9225-845a4954e246:172.17.0.2:39799] with ContainerStateMachine:uninitialized
2020-07-21 10:22:48,328 [pool-547-thread-1] INFO  server.RaftServerConfigKeys (ConfUtils.java:logGet(44)) - raft.server.rpc.timeout.min = 5s (custom)
2020-07-21 10:22:48,328 [pool-547-thread-1] INFO  server.RaftServerConfigKeys (ConfUtils.java:logGet(44)) - raft.server.rpc.timeout.max = 5200ms (custom)
2020-07-21 10:22:48,328 [pool-547-thread-1] INFO  server.RaftServerConfigKeys (ConfUtils.java:logGet(44)) - raft.server.rpcslowness.timeout = 300000ms (custom)
2020-07-21 10:22:48,328 [pool-547-thread-1] INFO  server.RaftServerConfigKeys (ConfUtils.java:logGet(44)) - raft.server.sleep.deviation.threshold = 300 (default)
2020-07-21 10:22:48,328 [pool-547-thread-1] INFO  server.RaftServerConfigKeys (ConfUtils.java:logGet(44)) - raft.server.log.appender.install.snapshot.enabled = false (custom)
2020-07-21 10:22:48,328 [pool-547-thread-1] INFO  impl.RaftServerImpl (ServerState.java:<init>(103)) - c07c5c06-eb2e-4fff-9225-845a4954e246@group-5CC394ACB85F: ConfigurationManager, init=-1: [73f9b6d6-78ac-4cc6-953d-c7a8a2f9ddd0:172.17.0.2:40125, b539c339-7771-4951-b0e8-e5cec13be09d:172.17.0.2:35681, c07c5c06-eb2e-4fff-9225-845a4954e246:172.17.0.2:39799], old=null, confs=<EMPTY_MAP>
2020-07-21 10:22:48,328 [pool-547-thread-1] INFO  server.RaftServerConfigKeys (ConfUtils.java:logGet(44)) - raft.server.storage.dir = [/github/workspace/mnt/ozone/hadoop-ozone/integration-test/target/test-dir/MiniOzoneClusterImpl-26aa3f93-67e0-4cbe-8624-cf0efb7a6165/datanode-3/data/ratis] (custom)
2020-07-21 10:22:48,328 [pool-547-thread-1] INFO  server.RaftServerConfigKeys (ConfUtils.java:logGet(44)) - raft.server.log.corruption.policy = EXCEPTION (default)
2020-07-21 10:22:48,329 [pool-547-thread-1] INFO  storage.RaftStorageDirectory (RaftStorageDirectory.java:analyzeStorage(261)) - The storage directory /github/workspace/mnt/ozone/hadoop-ozone/integration-test/target/test-dir/MiniOzoneClusterImpl-26aa3f93-67e0-4cbe-8624-cf0efb7a6165/datanode-3/data/ratis/c5e9f63b-de00-4a03-a3d7-5cc394acb85f does not exist. Creating ...
2020-07-21 10:22:48,329 [pool-547-thread-1] INFO  storage.RaftStorageDirectory (RaftStorageDirectory.java:tryLock(343)) - Lock on /github/workspace/mnt/ozone/hadoop-ozone/integration-test/target/test-dir/MiniOzoneClusterImpl-26aa3f93-67e0-4cbe-8624-cf0efb7a6165/datanode-3/data/ratis/c5e9f63b-de00-4a03-a3d7-5cc394acb85f/in_use.lock acquired by nodename 44496@f401945b6f42
2020-07-21 10:22:48,330 [pool-547-thread-1] INFO  storage.RaftStorage (RaftStorage.java:format(84)) - Storage directory /github/workspace/mnt/ozone/hadoop-ozone/integration-test/target/test-dir/MiniOzoneClusterImpl-26aa3f93-67e0-4cbe-8624-cf0efb7a6165/datanode-3/data/ratis/c5e9f63b-de00-4a03-a3d7-5cc394acb85f has been successfully formatted.
2020-07-21 10:22:48,331 [pool-547-thread-1] INFO  ratis.ContainerStateMachine (ContainerStateMachine.java:loadSnapshot(225)) - group-5CC394ACB85F: The snapshot info is null. Setting the last applied indexto:(t:0, i:~)
2020-07-21 10:22:48,331 [pool-547-thread-1] INFO  server.RaftServerConfigKeys (ConfUtils.java:logGet(44)) - raft.server.notification.no-leader.timeout = 300000ms (custom)
2020-07-21 10:22:48,331 [pool-547-thread-1] INFO  server.RaftServerConfigKeys (ConfUtils.java:logGet(44)) - raft.server.log.use.memory = false (default)
2020-07-21 10:22:48,331 [pool-547-thread-1] INFO  server.RaftServerConfigKeys (ConfUtils.java:logGet(44)) - raft.server.log.purge.gap = 1000000 (custom)
2020-07-21 10:22:48,331 [pool-547-thread-1] INFO  metrics.RatisMetrics (RatisMetrics.java:lambda$create$0(36)) - Creating Metrics Registry : ratis.log_worker.c07c5c06-eb2e-4fff-9225-845a4954e246@group-5CC394ACB85F
2020-07-21 10:22:48,331 [pool-547-thread-1] INFO  server.RaftServerConfigKeys (ConfUtils.java:logGet(44)) - raft.server.log.appender.buffer.byte-limit = 33554432 (custom)
2020-07-21 10:22:48,332 [pool-547-thread-1] INFO  server.RaftServerConfigKeys (ConfUtils.java:logGet(44)) - raft.server.log.segment.size.max = 1048576 (custom)
2020-07-21 10:22:48,332 [pool-547-thread-1] INFO  server.RaftServerConfigKeys (ConfUtils.java:logGet(44)) - raft.server.log.segment.cache.num.max = 2 (custom)
2020-07-21 10:22:48,333 [pool-547-thread-1] INFO  segmented.SegmentedRaftLogWorker (SegmentedRaftLogWorker.java:<init>(180)) - new c07c5c06-eb2e-4fff-9225-845a4954e246@group-5CC394ACB85F-SegmentedRaftLogWorker for RaftStorage:Storage Directory /github/workspace/mnt/ozone/hadoop-ozone/integration-test/target/test-dir/MiniOzoneClusterImpl-26aa3f93-67e0-4cbe-8624-cf0efb7a6165/datanode-3/data/ratis/c5e9f63b-de00-4a03-a3d7-5cc394acb85f
2020-07-21 10:22:48,333 [pool-547-thread-1] INFO  server.RaftServerConfigKeys (ConfUtils.java:logGet(44)) - raft.server.log.queue.byte-limit = 2147483647 (custom)
2020-07-21 10:22:48,333 [pool-547-thread-1] INFO  server.RaftServerConfigKeys (ConfUtils.java:logGet(44)) - raft.server.log.queue.element-limit = 1024 (custom)
2020-07-21 10:22:48,333 [pool-547-thread-1] INFO  server.RaftServerConfigKeys (ConfUtils.java:logGet(44)) - raft.server.log.segment.size.max = 1048576 (custom)
2020-07-21 10:22:48,333 [pool-547-thread-1] INFO  server.RaftServerConfigKeys (ConfUtils.java:logGet(44)) - raft.server.log.preallocated.size = 16384 (custom)
2020-07-21 10:22:48,333 [pool-547-thread-1] INFO  server.RaftServerConfigKeys (ConfUtils.java:logGet(44)) - raft.server.log.write.buffer.size = 1048576 (custom)
2020-07-21 10:22:48,333 [pool-547-thread-1] INFO  server.RaftServerConfigKeys (ConfUtils.java:logGet(44)) - raft.server.log.force.sync.num = 128 (default)
2020-07-21 10:22:48,333 [pool-547-thread-1] INFO  server.RaftServerConfigKeys (ConfUtils.java:logGet(44)) - raft.server.log.statemachine.data.sync = true (default)
2020-07-21 10:22:48,333 [pool-547-thread-1] INFO  server.RaftServerConfigKeys (ConfUtils.java:logGet(44)) - raft.server.log.statemachine.data.sync.timeout = 10s (default)
2020-07-21 10:22:48,333 [pool-547-thread-1] INFO  server.RaftServerConfigKeys (ConfUtils.java:logGet(44)) - raft.server.log.statemachine.data.sync.timeout.retry = -1 (default)
2020-07-21 10:22:48,336 [pool-547-thread-1] INFO  server.RaftServerConfigKeys (ConfUtils.java:logGet(44)) - raft.server.log.statemachine.data.caching.enabled = true (custom)
2020-07-21 10:22:48,336 [pool-547-thread-1] INFO  segmented.SegmentedRaftLogWorker (SegmentedRaftLogWorker.java:lambda$new$0(129)) - c07c5c06-eb2e-4fff-9225-845a4954e246@group-5CC394ACB85F-SegmentedRaftLogWorker: flushIndex: setUnconditionally 0 -> -1
2020-07-21 10:22:48,336 [pool-547-thread-1] INFO  segmented.SegmentedRaftLogWorker (SegmentedRaftLogWorker.java:lambda$new$0(129)) - c07c5c06-eb2e-4fff-9225-845a4954e246@group-5CC394ACB85F-SegmentedRaftLogWorker: safeCacheEvictIndex: setUnconditionally 0 -> -1
2020-07-21 10:22:48,336 [pool-547-thread-1] INFO  server.RaftServerConfigKeys (ConfUtils.java:logGet(44)) - raft.server.snapshot.auto.trigger.enabled = true (custom)
2020-07-21 10:22:48,336 [pool-547-thread-1] INFO  server.RaftServerConfigKeys (ConfUtils.java:logGet(44)) - raft.server.snapshot.auto.trigger.threshold = 10000 (custom)
2020-07-21 10:22:48,336 [pool-547-thread-1] INFO  server.RaftServerConfigKeys (ConfUtils.java:logGet(44)) - raft.server.snapshot.retention.file.num = 5 (custom)
2020-07-21 10:22:48,336 [pool-547-thread-1] INFO  server.RaftServerConfigKeys (ConfUtils.java:logGet(44)) - raft.server.log.purge.upto.snapshot.index = false (default)
2020-07-21 10:22:48,336 [pool-547-thread-1] INFO  server.RaftServerConfigKeys (ConfUtils.java:logGet(44)) - raft.server.retrycache.expirytime = 600000ms (custom)
2020-07-21 10:22:48,336 [pool-547-thread-1] INFO  metrics.RatisMetrics (RatisMetrics.java:lambda$create$0(36)) - Creating Metrics Registry : ratis.leader_election.c07c5c06-eb2e-4fff-9225-845a4954e246@group-5CC394ACB85F
2020-07-21 10:22:48,337 [pool-547-thread-1] INFO  metrics.RatisMetrics (RatisMetrics.java:lambda$create$0(36)) - Creating Metrics Registry : ratis.server.c07c5c06-eb2e-4fff-9225-845a4954e246@group-5CC394ACB85F
2020-07-21 10:22:48,339 [pool-547-thread-1] INFO  impl.RaftServerImpl (RaftServerImpl.java:start(196)) - c07c5c06-eb2e-4fff-9225-845a4954e246@group-5CC394ACB85F: start as a follower, conf=-1: [73f9b6d6-78ac-4cc6-953d-c7a8a2f9ddd0:172.17.0.2:40125, b539c339-7771-4951-b0e8-e5cec13be09d:172.17.0.2:35681, c07c5c06-eb2e-4fff-9225-845a4954e246:172.17.0.2:39799], old=null
2020-07-21 10:22:48,339 [pool-547-thread-1] INFO  impl.RaftServerImpl (RaftServerImpl.java:setRole(185)) - c07c5c06-eb2e-4fff-9225-845a4954e246@group-5CC394ACB85F: changes role from      null to FOLLOWER at term 0 for startAsFollower
2020-07-21 10:22:48,339 [pool-547-thread-1] INFO  impl.RoleInfo (RoleInfo.java:updateAndGet(143)) - c07c5c06-eb2e-4fff-9225-845a4954e246: start FollowerState
2020-07-21 10:22:48,339 [pool-547-thread-1] INFO  util.JmxRegister (JmxRegister.java:tryRegister(44)) - Successfully registered JMX Bean with object name Ratis:service=RaftServer,group=group-5CC394ACB85F,id=c07c5c06-eb2e-4fff-9225-845a4954e246
2020-07-21 10:22:48,339 [pool-547-thread-1] INFO  metrics.RatisMetrics (RatisMetrics.java:lambda$create$0(36)) - Creating Metrics Registry : ratis.state_machine.c07c5c06-eb2e-4fff-9225-845a4954e246@group-5CC394ACB85F
2020-07-21 10:22:48,348 [grpc-default-executor-1] INFO  impl.RaftServerProxy (RaftServerProxy.java:addNew(89)) - b539c339-7771-4951-b0e8-e5cec13be09d: addNew group-5CC394ACB85F:[73f9b6d6-78ac-4cc6-953d-c7a8a2f9ddd0:172.17.0.2:40125, b539c339-7771-4951-b0e8-e5cec13be09d:172.17.0.2:35681, c07c5c06-eb2e-4fff-9225-845a4954e246:172.17.0.2:39799] returns group-5CC394ACB85F:java.util.concurrent.CompletableFuture@e6a61a6[Not completed]
2020-07-21 10:22:48,350 [pool-577-thread-1] INFO  impl.RaftServerImpl (RaftServerImpl.java:<init>(107)) - b539c339-7771-4951-b0e8-e5cec13be09d: new RaftServerImpl for group-5CC394ACB85F:[73f9b6d6-78ac-4cc6-953d-c7a8a2f9ddd0:172.17.0.2:40125, b539c339-7771-4951-b0e8-e5cec13be09d:172.17.0.2:35681, c07c5c06-eb2e-4fff-9225-845a4954e246:172.17.0.2:39799] with ContainerStateMachine:uninitialized
2020-07-21 10:22:48,350 [pool-577-thread-1] INFO  server.RaftServerConfigKeys (ConfUtils.java:logGet(44)) - raft.server.rpc.timeout.min = 5s (custom)
2020-07-21 10:22:48,350 [pool-577-thread-1] INFO  server.RaftServerConfigKeys (ConfUtils.java:logGet(44)) - raft.server.rpc.timeout.max = 5200ms (custom)
2020-07-21 10:22:48,350 [pool-577-thread-1] INFO  server.RaftServerConfigKeys (ConfUtils.java:logGet(44)) - raft.server.rpcslowness.timeout = 300000ms (custom)
2020-07-21 10:22:48,350 [pool-577-thread-1] INFO  server.RaftServerConfigKeys (ConfUtils.java:logGet(44)) - raft.server.sleep.deviation.threshold = 300 (default)
2020-07-21 10:22:48,350 [pool-577-thread-1] INFO  server.RaftServerConfigKeys (ConfUtils.java:logGet(44)) - raft.server.log.appender.install.snapshot.enabled = false (custom)
2020-07-21 10:22:48,350 [pool-577-thread-1] INFO  impl.RaftServerImpl (ServerState.java:<init>(103)) - b539c339-7771-4951-b0e8-e5cec13be09d@group-5CC394ACB85F: ConfigurationManager, init=-1: [73f9b6d6-78ac-4cc6-953d-c7a8a2f9ddd0:172.17.0.2:40125, b539c339-7771-4951-b0e8-e5cec13be09d:172.17.0.2:35681, c07c5c06-eb2e-4fff-9225-845a4954e246:172.17.0.2:39799], old=null, confs=<EMPTY_MAP>
2020-07-21 10:22:48,350 [pool-577-thread-1] INFO  server.RaftServerConfigKeys (ConfUtils.java:logGet(44)) - raft.server.storage.dir = [/github/workspace/mnt/ozone/hadoop-ozone/integration-test/target/test-dir/MiniOzoneClusterImpl-26aa3f93-67e0-4cbe-8624-cf0efb7a6165/datanode-5/data/ratis] (custom)
2020-07-21 10:22:48,350 [pool-577-thread-1] INFO  server.RaftServerConfigKeys (ConfUtils.java:logGet(44)) - raft.server.log.corruption.policy = EXCEPTION (default)
2020-07-21 10:22:48,351 [pool-577-thread-1] INFO  storage.RaftStorageDirectory (RaftStorageDirectory.java:analyzeStorage(261)) - The storage directory /github/workspace/mnt/ozone/hadoop-ozone/integration-test/target/test-dir/MiniOzoneClusterImpl-26aa3f93-67e0-4cbe-8624-cf0efb7a6165/datanode-5/data/ratis/c5e9f63b-de00-4a03-a3d7-5cc394acb85f does not exist. Creating ...
2020-07-21 10:22:48,352 [pool-577-thread-1] INFO  storage.RaftStorageDirectory (RaftStorageDirectory.java:tryLock(343)) - Lock on /github/workspace/mnt/ozone/hadoop-ozone/integration-test/target/test-dir/MiniOzoneClusterImpl-26aa3f93-67e0-4cbe-8624-cf0efb7a6165/datanode-5/data/ratis/c5e9f63b-de00-4a03-a3d7-5cc394acb85f/in_use.lock acquired by nodename 44496@f401945b6f42
2020-07-21 10:22:48,352 [pool-577-thread-1] INFO  storage.RaftStorage (RaftStorage.java:format(84)) - Storage directory /github/workspace/mnt/ozone/hadoop-ozone/integration-test/target/test-dir/MiniOzoneClusterImpl-26aa3f93-67e0-4cbe-8624-cf0efb7a6165/datanode-5/data/ratis/c5e9f63b-de00-4a03-a3d7-5cc394acb85f has been successfully formatted.
2020-07-21 10:22:48,353 [pool-577-thread-1] INFO  ratis.ContainerStateMachine (ContainerStateMachine.java:loadSnapshot(225)) - group-5CC394ACB85F: The snapshot info is null. Setting the last applied indexto:(t:0, i:~)
2020-07-21 10:22:48,353 [pool-577-thread-1] INFO  server.RaftServerConfigKeys (ConfUtils.java:logGet(44)) - raft.server.notification.no-leader.timeout = 300000ms (custom)
2020-07-21 10:22:48,353 [pool-577-thread-1] INFO  server.RaftServerConfigKeys (ConfUtils.java:logGet(44)) - raft.server.log.use.memory = false (default)
2020-07-21 10:22:48,354 [pool-577-thread-1] INFO  server.RaftServerConfigKeys (ConfUtils.java:logGet(44)) - raft.server.log.purge.gap = 1000000 (custom)
2020-07-21 10:22:48,354 [pool-577-thread-1] INFO  metrics.RatisMetrics (RatisMetrics.java:lambda$create$0(36)) - Creating Metrics Registry : ratis.log_worker.b539c339-7771-4951-b0e8-e5cec13be09d@group-5CC394ACB85F
2020-07-21 10:22:48,354 [pool-577-thread-1] INFO  server.RaftServerConfigKeys (ConfUtils.java:logGet(44)) - raft.server.log.appender.buffer.byte-limit = 33554432 (custom)
2020-07-21 10:22:48,354 [pool-577-thread-1] INFO  server.RaftServerConfigKeys (ConfUtils.java:logGet(44)) - raft.server.log.segment.size.max = 1048576 (custom)
2020-07-21 10:22:48,355 [pool-577-thread-1] INFO  server.RaftServerConfigKeys (ConfUtils.java:logGet(44)) - raft.server.log.segment.cache.num.max = 2 (custom)
2020-07-21 10:22:48,355 [pool-577-thread-1] INFO  segmented.SegmentedRaftLogWorker (SegmentedRaftLogWorker.java:<init>(180)) - new b539c339-7771-4951-b0e8-e5cec13be09d@group-5CC394ACB85F-SegmentedRaftLogWorker for RaftStorage:Storage Directory /github/workspace/mnt/ozone/hadoop-ozone/integration-test/target/test-dir/MiniOzoneClusterImpl-26aa3f93-67e0-4cbe-8624-cf0efb7a6165/datanode-5/data/ratis/c5e9f63b-de00-4a03-a3d7-5cc394acb85f
2020-07-21 10:22:48,355 [pool-577-thread-1] INFO  server.RaftServerConfigKeys (ConfUtils.java:logGet(44)) - raft.server.log.queue.byte-limit = 2147483647 (custom)
2020-07-21 10:22:48,355 [pool-577-thread-1] INFO  server.RaftServerConfigKeys (ConfUtils.java:logGet(44)) - raft.server.log.queue.element-limit = 1024 (custom)
2020-07-21 10:22:48,355 [pool-577-thread-1] INFO  server.RaftServerConfigKeys (ConfUtils.java:logGet(44)) - raft.server.log.segment.size.max = 1048576 (custom)
2020-07-21 10:22:48,355 [pool-577-thread-1] INFO  server.RaftServerConfigKeys (ConfUtils.java:logGet(44)) - raft.server.log.preallocated.size = 16384 (custom)
2020-07-21 10:22:48,355 [pool-577-thread-1] INFO  server.RaftServerConfigKeys (ConfUtils.java:logGet(44)) - raft.server.log.write.buffer.size = 1048576 (custom)
2020-07-21 10:22:48,355 [pool-577-thread-1] INFO  server.RaftServerConfigKeys (ConfUtils.java:logGet(44)) - raft.server.log.force.sync.num = 128 (default)
2020-07-21 10:22:48,355 [pool-577-thread-1] INFO  server.RaftServerConfigKeys (ConfUtils.java:logGet(44)) - raft.server.log.statemachine.data.sync = true (default)
2020-07-21 10:22:48,356 [pool-577-thread-1] INFO  server.RaftServerConfigKeys (ConfUtils.java:logGet(44)) - raft.server.log.statemachine.data.sync.timeout = 10s (default)
2020-07-21 10:22:48,356 [pool-577-thread-1] INFO  server.RaftServerConfigKeys (ConfUtils.java:logGet(44)) - raft.server.log.statemachine.data.sync.timeout.retry = -1 (default)
2020-07-21 10:22:48,358 [pool-577-thread-1] INFO  server.RaftServerConfigKeys (ConfUtils.java:logGet(44)) - raft.server.log.statemachine.data.caching.enabled = true (custom)
2020-07-21 10:22:48,358 [pool-577-thread-1] INFO  segmented.SegmentedRaftLogWorker (SegmentedRaftLogWorker.java:lambda$new$0(129)) - b539c339-7771-4951-b0e8-e5cec13be09d@group-5CC394ACB85F-SegmentedRaftLogWorker: flushIndex: setUnconditionally 0 -> -1
2020-07-21 10:22:48,358 [pool-577-thread-1] INFO  segmented.SegmentedRaftLogWorker (SegmentedRaftLogWorker.java:lambda$new$0(129)) - b539c339-7771-4951-b0e8-e5cec13be09d@group-5CC394ACB85F-SegmentedRaftLogWorker: safeCacheEvictIndex: setUnconditionally 0 -> -1
2020-07-21 10:22:48,358 [pool-577-thread-1] INFO  server.RaftServerConfigKeys (ConfUtils.java:logGet(44)) - raft.server.snapshot.auto.trigger.enabled = true (custom)
2020-07-21 10:22:48,358 [pool-577-thread-1] INFO  server.RaftServerConfigKeys (ConfUtils.java:logGet(44)) - raft.server.snapshot.auto.trigger.threshold = 10000 (custom)
2020-07-21 10:22:48,359 [pool-577-thread-1] INFO  server.RaftServerConfigKeys (ConfUtils.java:logGet(44)) - raft.server.snapshot.retention.file.num = 5 (custom)
2020-07-21 10:22:48,359 [pool-577-thread-1] INFO  server.RaftServerConfigKeys (ConfUtils.java:logGet(44)) - raft.server.log.purge.upto.snapshot.index = false (default)
2020-07-21 10:22:48,359 [pool-577-thread-1] INFO  server.RaftServerConfigKeys (ConfUtils.java:logGet(44)) - raft.server.retrycache.expirytime = 600000ms (custom)
2020-07-21 10:22:48,359 [pool-577-thread-1] INFO  metrics.RatisMetrics (RatisMetrics.java:lambda$create$0(36)) - Creating Metrics Registry : ratis.leader_election.b539c339-7771-4951-b0e8-e5cec13be09d@group-5CC394ACB85F
2020-07-21 10:22:48,359 [pool-577-thread-1] INFO  metrics.RatisMetrics (RatisMetrics.java:lambda$create$0(36)) - Creating Metrics Registry : ratis.server.b539c339-7771-4951-b0e8-e5cec13be09d@group-5CC394ACB85F
2020-07-21 10:22:48,361 [pool-577-thread-1] INFO  impl.RaftServerImpl (RaftServerImpl.java:start(196)) - b539c339-7771-4951-b0e8-e5cec13be09d@group-5CC394ACB85F: start as a follower, conf=-1: [73f9b6d6-78ac-4cc6-953d-c7a8a2f9ddd0:172.17.0.2:40125, b539c339-7771-4951-b0e8-e5cec13be09d:172.17.0.2:35681, c07c5c06-eb2e-4fff-9225-845a4954e246:172.17.0.2:39799], old=null
2020-07-21 10:22:48,361 [pool-577-thread-1] INFO  impl.RaftServerImpl (RaftServerImpl.java:setRole(185)) - b539c339-7771-4951-b0e8-e5cec13be09d@group-5CC394ACB85F: changes role from      null to FOLLOWER at term 0 for startAsFollower
2020-07-21 10:22:48,361 [pool-577-thread-1] INFO  impl.RoleInfo (RoleInfo.java:updateAndGet(143)) - b539c339-7771-4951-b0e8-e5cec13be09d: start FollowerState
2020-07-21 10:22:48,361 [pool-577-thread-1] INFO  util.JmxRegister (JmxRegister.java:tryRegister(44)) - Successfully registered JMX Bean with object name Ratis:service=RaftServer,group=group-5CC394ACB85F,id=b539c339-7771-4951-b0e8-e5cec13be09d
2020-07-21 10:22:48,361 [pool-577-thread-1] INFO  metrics.RatisMetrics (RatisMetrics.java:lambda$create$0(36)) - Creating Metrics Registry : ratis.state_machine.b539c339-7771-4951-b0e8-e5cec13be09d@group-5CC394ACB85F
2020-07-21 10:22:48,372 [grpc-default-executor-1] INFO  impl.RaftServerProxy (RaftServerProxy.java:addNew(89)) - 73f9b6d6-78ac-4cc6-953d-c7a8a2f9ddd0: addNew group-5CC394ACB85F:[73f9b6d6-78ac-4cc6-953d-c7a8a2f9ddd0:172.17.0.2:40125, b539c339-7771-4951-b0e8-e5cec13be09d:172.17.0.2:35681, c07c5c06-eb2e-4fff-9225-845a4954e246:172.17.0.2:39799] returns group-5CC394ACB85F:java.util.concurrent.CompletableFuture@16c732a9[Not completed]
2020-07-21 10:22:48,373 [pool-562-thread-1] INFO  impl.RaftServerImpl (RaftServerImpl.java:<init>(107)) - 73f9b6d6-78ac-4cc6-953d-c7a8a2f9ddd0: new RaftServerImpl for group-5CC394ACB85F:[73f9b6d6-78ac-4cc6-953d-c7a8a2f9ddd0:172.17.0.2:40125, b539c339-7771-4951-b0e8-e5cec13be09d:172.17.0.2:35681, c07c5c06-eb2e-4fff-9225-845a4954e246:172.17.0.2:39799] with ContainerStateMachine:uninitialized
2020-07-21 10:22:48,373 [pool-562-thread-1] INFO  server.RaftServerConfigKeys (ConfUtils.java:logGet(44)) - raft.server.rpc.timeout.min = 5s (custom)
2020-07-21 10:22:48,373 [pool-562-thread-1] INFO  server.RaftServerConfigKeys (ConfUtils.java:logGet(44)) - raft.server.rpc.timeout.max = 5200ms (custom)
2020-07-21 10:22:48,373 [pool-562-thread-1] INFO  server.RaftServerConfigKeys (ConfUtils.java:logGet(44)) - raft.server.rpcslowness.timeout = 300000ms (custom)
2020-07-21 10:22:48,373 [pool-562-thread-1] INFO  server.RaftServerConfigKeys (ConfUtils.java:logGet(44)) - raft.server.sleep.deviation.threshold = 300 (default)
2020-07-21 10:22:48,373 [pool-562-thread-1] INFO  server.RaftServerConfigKeys (ConfUtils.java:logGet(44)) - raft.server.log.appender.install.snapshot.enabled = false (custom)
2020-07-21 10:22:48,374 [pool-562-thread-1] INFO  impl.RaftServerImpl (ServerState.java:<init>(103)) - 73f9b6d6-78ac-4cc6-953d-c7a8a2f9ddd0@group-5CC394ACB85F: ConfigurationManager, init=-1: [73f9b6d6-78ac-4cc6-953d-c7a8a2f9ddd0:172.17.0.2:40125, b539c339-7771-4951-b0e8-e5cec13be09d:172.17.0.2:35681, c07c5c06-eb2e-4fff-9225-845a4954e246:172.17.0.2:39799], old=null, confs=<EMPTY_MAP>
2020-07-21 10:22:48,374 [pool-562-thread-1] INFO  server.RaftServerConfigKeys (ConfUtils.java:logGet(44)) - raft.server.storage.dir = [/github/workspace/mnt/ozone/hadoop-ozone/integration-test/target/test-dir/MiniOzoneClusterImpl-26aa3f93-67e0-4cbe-8624-cf0efb7a6165/datanode-4/data/ratis] (custom)
2020-07-21 10:22:48,374 [pool-562-thread-1] INFO  server.RaftServerConfigKeys (ConfUtils.java:logGet(44)) - raft.server.log.corruption.policy = EXCEPTION (default)
2020-07-21 10:22:48,374 [pool-562-thread-1] INFO  storage.RaftStorageDirectory (RaftStorageDirectory.java:analyzeStorage(261)) - The storage directory /github/workspace/mnt/ozone/hadoop-ozone/integration-test/target/test-dir/MiniOzoneClusterImpl-26aa3f93-67e0-4cbe-8624-cf0efb7a6165/datanode-4/data/ratis/c5e9f63b-de00-4a03-a3d7-5cc394acb85f does not exist. Creating ...
2020-07-21 10:22:48,375 [pool-562-thread-1] INFO  storage.RaftStorageDirectory (RaftStorageDirectory.java:tryLock(343)) - Lock on /github/workspace/mnt/ozone/hadoop-ozone/integration-test/target/test-dir/MiniOzoneClusterImpl-26aa3f93-67e0-4cbe-8624-cf0efb7a6165/datanode-4/data/ratis/c5e9f63b-de00-4a03-a3d7-5cc394acb85f/in_use.lock acquired by nodename 44496@f401945b6f42
2020-07-21 10:22:48,376 [pool-562-thread-1] INFO  storage.RaftStorage (RaftStorage.java:format(84)) - Storage directory /github/workspace/mnt/ozone/hadoop-ozone/integration-test/target/test-dir/MiniOzoneClusterImpl-26aa3f93-67e0-4cbe-8624-cf0efb7a6165/datanode-4/data/ratis/c5e9f63b-de00-4a03-a3d7-5cc394acb85f has been successfully formatted.
2020-07-21 10:22:48,377 [pool-562-thread-1] INFO  ratis.ContainerStateMachine (ContainerStateMachine.java:loadSnapshot(225)) - group-5CC394ACB85F: The snapshot info is null. Setting the last applied indexto:(t:0, i:~)
2020-07-21 10:22:48,377 [pool-562-thread-1] INFO  server.RaftServerConfigKeys (ConfUtils.java:logGet(44)) - raft.server.notification.no-leader.timeout = 300000ms (custom)
2020-07-21 10:22:48,377 [pool-562-thread-1] INFO  server.RaftServerConfigKeys (ConfUtils.java:logGet(44)) - raft.server.log.use.memory = false (default)
2020-07-21 10:22:48,377 [pool-562-thread-1] INFO  server.RaftServerConfigKeys (ConfUtils.java:logGet(44)) - raft.server.log.purge.gap = 1000000 (custom)
2020-07-21 10:22:48,377 [pool-562-thread-1] INFO  metrics.RatisMetrics (RatisMetrics.java:lambda$create$0(36)) - Creating Metrics Registry : ratis.log_worker.73f9b6d6-78ac-4cc6-953d-c7a8a2f9ddd0@group-5CC394ACB85F
2020-07-21 10:22:48,377 [pool-562-thread-1] INFO  server.RaftServerConfigKeys (ConfUtils.java:logGet(44)) - raft.server.log.appender.buffer.byte-limit = 33554432 (custom)
2020-07-21 10:22:48,377 [pool-562-thread-1] INFO  server.RaftServerConfigKeys (ConfUtils.java:logGet(44)) - raft.server.log.segment.size.max = 1048576 (custom)
2020-07-21 10:22:48,378 [pool-562-thread-1] INFO  server.RaftServerConfigKeys (ConfUtils.java:logGet(44)) - raft.server.log.segment.cache.num.max = 2 (custom)
2020-07-21 10:22:48,378 [pool-562-thread-1] INFO  segmented.SegmentedRaftLogWorker (SegmentedRaftLogWorker.java:<init>(180)) - new 73f9b6d6-78ac-4cc6-953d-c7a8a2f9ddd0@group-5CC394ACB85F-SegmentedRaftLogWorker for RaftStorage:Storage Directory /github/workspace/mnt/ozone/hadoop-ozone/integration-test/target/test-dir/MiniOzoneClusterImpl-26aa3f93-67e0-4cbe-8624-cf0efb7a6165/datanode-4/data/ratis/c5e9f63b-de00-4a03-a3d7-5cc394acb85f
2020-07-21 10:22:48,378 [pool-562-thread-1] INFO  server.RaftServerConfigKeys (ConfUtils.java:logGet(44)) - raft.server.log.queue.byte-limit = 2147483647 (custom)
2020-07-21 10:22:48,378 [pool-562-thread-1] INFO  server.RaftServerConfigKeys (ConfUtils.java:logGet(44)) - raft.server.log.queue.element-limit = 1024 (custom)
2020-07-21 10:22:48,378 [pool-562-thread-1] INFO  server.RaftServerConfigKeys (ConfUtils.java:logGet(44)) - raft.server.log.segment.size.max = 1048576 (custom)
2020-07-21 10:22:48,378 [pool-562-thread-1] INFO  server.RaftServerConfigKeys (ConfUtils.java:logGet(44)) - raft.server.log.preallocated.size = 16384 (custom)
2020-07-21 10:22:48,379 [pool-562-thread-1] INFO  server.RaftServerConfigKeys (ConfUtils.java:logGet(44)) - raft.server.log.write.buffer.size = 1048576 (custom)
2020-07-21 10:22:48,379 [pool-562-thread-1] INFO  server.RaftServerConfigKeys (ConfUtils.java:logGet(44)) - raft.server.log.force.sync.num = 128 (default)
2020-07-21 10:22:48,379 [pool-562-thread-1] INFO  server.RaftServerConfigKeys (ConfUtils.java:logGet(44)) - raft.server.log.statemachine.data.sync = true (default)
2020-07-21 10:22:48,379 [pool-562-thread-1] INFO  server.RaftServerConfigKeys (ConfUtils.java:logGet(44)) - raft.server.log.statemachine.data.sync.timeout = 10s (default)
2020-07-21 10:22:48,379 [pool-562-thread-1] INFO  server.RaftServerConfigKeys (ConfUtils.java:logGet(44)) - raft.server.log.statemachine.data.sync.timeout.retry = -1 (default)
2020-07-21 10:22:48,381 [pool-562-thread-1] INFO  server.RaftServerConfigKeys (ConfUtils.java:logGet(44)) - raft.server.log.statemachine.data.caching.enabled = true (custom)
2020-07-21 10:22:48,381 [pool-562-thread-1] INFO  segmented.SegmentedRaftLogWorker (SegmentedRaftLogWorker.java:lambda$new$0(129)) - 73f9b6d6-78ac-4cc6-953d-c7a8a2f9ddd0@group-5CC394ACB85F-SegmentedRaftLogWorker: flushIndex: setUnconditionally 0 -> -1
2020-07-21 10:22:48,381 [pool-562-thread-1] INFO  segmented.SegmentedRaftLogWorker (SegmentedRaftLogWorker.java:lambda$new$0(129)) - 73f9b6d6-78ac-4cc6-953d-c7a8a2f9ddd0@group-5CC394ACB85F-SegmentedRaftLogWorker: safeCacheEvictIndex: setUnconditionally 0 -> -1
2020-07-21 10:22:48,382 [pool-562-thread-1] INFO  server.RaftServerConfigKeys (ConfUtils.java:logGet(44)) - raft.server.snapshot.auto.trigger.enabled = true (custom)
2020-07-21 10:22:48,382 [pool-562-thread-1] INFO  server.RaftServerConfigKeys (ConfUtils.java:logGet(44)) - raft.server.snapshot.auto.trigger.threshold = 10000 (custom)
2020-07-21 10:22:48,382 [pool-562-thread-1] INFO  server.RaftServerConfigKeys (ConfUtils.java:logGet(44)) - raft.server.snapshot.retention.file.num = 5 (custom)
2020-07-21 10:22:48,382 [pool-562-thread-1] INFO  server.RaftServerConfigKeys (ConfUtils.java:logGet(44)) - raft.server.log.purge.upto.snapshot.index = false (default)
2020-07-21 10:22:48,382 [pool-562-thread-1] INFO  server.RaftServerConfigKeys (ConfUtils.java:logGet(44)) - raft.server.retrycache.expirytime = 600000ms (custom)
2020-07-21 10:22:48,382 [pool-562-thread-1] INFO  metrics.RatisMetrics (RatisMetrics.java:lambda$create$0(36)) - Creating Metrics Registry : ratis.leader_election.73f9b6d6-78ac-4cc6-953d-c7a8a2f9ddd0@group-5CC394ACB85F
2020-07-21 10:22:48,383 [pool-562-thread-1] INFO  metrics.RatisMetrics (RatisMetrics.java:lambda$create$0(36)) - Creating Metrics Registry : ratis.server.73f9b6d6-78ac-4cc6-953d-c7a8a2f9ddd0@group-5CC394ACB85F
2020-07-21 10:22:48,384 [pool-562-thread-1] INFO  impl.RaftServerImpl (RaftServerImpl.java:start(196)) - 73f9b6d6-78ac-4cc6-953d-c7a8a2f9ddd0@group-5CC394ACB85F: start as a follower, conf=-1: [73f9b6d6-78ac-4cc6-953d-c7a8a2f9ddd0:172.17.0.2:40125, b539c339-7771-4951-b0e8-e5cec13be09d:172.17.0.2:35681, c07c5c06-eb2e-4fff-9225-845a4954e246:172.17.0.2:39799], old=null
2020-07-21 10:22:48,384 [pool-562-thread-1] INFO  impl.RaftServerImpl (RaftServerImpl.java:setRole(185)) - 73f9b6d6-78ac-4cc6-953d-c7a8a2f9ddd0@group-5CC394ACB85F: changes role from      null to FOLLOWER at term 0 for startAsFollower
2020-07-21 10:22:48,384 [pool-562-thread-1] INFO  impl.RoleInfo (RoleInfo.java:updateAndGet(143)) - 73f9b6d6-78ac-4cc6-953d-c7a8a2f9ddd0: start FollowerState
2020-07-21 10:22:48,384 [pool-562-thread-1] INFO  util.JmxRegister (JmxRegister.java:tryRegister(44)) - Successfully registered JMX Bean with object name Ratis:service=RaftServer,group=group-5CC394ACB85F,id=73f9b6d6-78ac-4cc6-953d-c7a8a2f9ddd0
2020-07-21 10:22:48,385 [pool-562-thread-1] INFO  metrics.RatisMetrics (RatisMetrics.java:lambda$create$0(36)) - Creating Metrics Registry : ratis.state_machine.73f9b6d6-78ac-4cc6-953d-c7a8a2f9ddd0@group-5CC394ACB85F
2020-07-21 10:22:48,388 [Command processor thread] INFO  commandhandler.CreatePipelineCommandHandler (CreatePipelineCommandHandler.java:handle(109)) - Created Pipeline RATIS THREE #id: "c5e9f63b-de00-4a03-a3d7-5cc394acb85f"
uuid128 {
  mostSigBits: -4185543641676101117
  leastSigBits: -6640737130451781537
}
.
2020-07-21 10:22:48,396 [Command processor thread] INFO  impl.RaftServerProxy (RaftServerProxy.java:addNew(89)) - 73f9b6d6-78ac-4cc6-953d-c7a8a2f9ddd0: addNew group-A66E0F371B3F:[73f9b6d6-78ac-4cc6-953d-c7a8a2f9ddd0:172.17.0.2:40125] returns group-A66E0F371B3F:java.util.concurrent.CompletableFuture@1a499db2[Not completed]
2020-07-21 10:22:48,396 [pool-562-thread-1] INFO  impl.RaftServerImpl (RaftServerImpl.java:<init>(107)) - 73f9b6d6-78ac-4cc6-953d-c7a8a2f9ddd0: new RaftServerImpl for group-A66E0F371B3F:[73f9b6d6-78ac-4cc6-953d-c7a8a2f9ddd0:172.17.0.2:40125] with ContainerStateMachine:uninitialized
2020-07-21 10:22:48,396 [pool-562-thread-1] INFO  server.RaftServerConfigKeys (ConfUtils.java:logGet(44)) - raft.server.rpc.timeout.min = 5s (custom)
2020-07-21 10:22:48,396 [pool-562-thread-1] INFO  server.RaftServerConfigKeys (ConfUtils.java:logGet(44)) - raft.server.rpc.timeout.max = 5200ms (custom)
2020-07-21 10:22:48,396 [pool-562-thread-1] INFO  server.RaftServerConfigKeys (ConfUtils.java:logGet(44)) - raft.server.rpcslowness.timeout = 300000ms (custom)
2020-07-21 10:22:48,396 [pool-562-thread-1] INFO  server.RaftServerConfigKeys (ConfUtils.java:logGet(44)) - raft.server.sleep.deviation.threshold = 300 (default)
2020-07-21 10:22:48,396 [pool-562-thread-1] INFO  server.RaftServerConfigKeys (ConfUtils.java:logGet(44)) - raft.server.log.appender.install.snapshot.enabled = false (custom)
2020-07-21 10:22:48,397 [pool-562-thread-1] INFO  impl.RaftServerImpl (ServerState.java:<init>(103)) - 73f9b6d6-78ac-4cc6-953d-c7a8a2f9ddd0@group-A66E0F371B3F: ConfigurationManager, init=-1: [73f9b6d6-78ac-4cc6-953d-c7a8a2f9ddd0:172.17.0.2:40125], old=null, confs=<EMPTY_MAP>
2020-07-21 10:22:48,397 [pool-562-thread-1] INFO  server.RaftServerConfigKeys (ConfUtils.java:logGet(44)) - raft.server.storage.dir = [/github/workspace/mnt/ozone/hadoop-ozone/integration-test/target/test-dir/MiniOzoneClusterImpl-26aa3f93-67e0-4cbe-8624-cf0efb7a6165/datanode-4/data/ratis] (custom)
2020-07-21 10:22:48,397 [pool-562-thread-1] INFO  server.RaftServerConfigKeys (ConfUtils.java:logGet(44)) - raft.server.log.corruption.policy = EXCEPTION (default)
2020-07-21 10:22:48,397 [pool-562-thread-1] INFO  storage.RaftStorageDirectory (RaftStorageDirectory.java:analyzeStorage(261)) - The storage directory /github/workspace/mnt/ozone/hadoop-ozone/integration-test/target/test-dir/MiniOzoneClusterImpl-26aa3f93-67e0-4cbe-8624-cf0efb7a6165/datanode-4/data/ratis/f8453eb1-81f8-47f0-953b-a66e0f371b3f does not exist. Creating ...
2020-07-21 10:22:48,398 [pool-562-thread-1] INFO  storage.RaftStorageDirectory (RaftStorageDirectory.java:tryLock(343)) - Lock on /github/workspace/mnt/ozone/hadoop-ozone/integration-test/target/test-dir/MiniOzoneClusterImpl-26aa3f93-67e0-4cbe-8624-cf0efb7a6165/datanode-4/data/ratis/f8453eb1-81f8-47f0-953b-a66e0f371b3f/in_use.lock acquired by nodename 44496@f401945b6f42
2020-07-21 10:22:48,399 [pool-562-thread-1] INFO  storage.RaftStorage (RaftStorage.java:format(84)) - Storage directory /github/workspace/mnt/ozone/hadoop-ozone/integration-test/target/test-dir/MiniOzoneClusterImpl-26aa3f93-67e0-4cbe-8624-cf0efb7a6165/datanode-4/data/ratis/f8453eb1-81f8-47f0-953b-a66e0f371b3f has been successfully formatted.
2020-07-21 10:22:48,399 [pool-562-thread-1] INFO  ratis.ContainerStateMachine (ContainerStateMachine.java:loadSnapshot(225)) - group-A66E0F371B3F: The snapshot info is null. Setting the last applied indexto:(t:0, i:~)
2020-07-21 10:22:48,399 [pool-562-thread-1] INFO  server.RaftServerConfigKeys (ConfUtils.java:logGet(44)) - raft.server.notification.no-leader.timeout = 300000ms (custom)
2020-07-21 10:22:48,399 [pool-562-thread-1] INFO  server.RaftServerConfigKeys (ConfUtils.java:logGet(44)) - raft.server.log.use.memory = false (default)
2020-07-21 10:22:48,400 [pool-562-thread-1] INFO  server.RaftServerConfigKeys (ConfUtils.java:logGet(44)) - raft.server.log.purge.gap = 1000000 (custom)
2020-07-21 10:22:48,400 [pool-562-thread-1] INFO  metrics.RatisMetrics (RatisMetrics.java:lambda$create$0(36)) - Creating Metrics Registry : ratis.log_worker.73f9b6d6-78ac-4cc6-953d-c7a8a2f9ddd0@group-A66E0F371B3F
2020-07-21 10:22:48,400 [pool-562-thread-1] INFO  server.RaftServerConfigKeys (ConfUtils.java:logGet(44)) - raft.server.log.appender.buffer.byte-limit = 33554432 (custom)
2020-07-21 10:22:48,400 [EventQueue-PipelineReportForPipelineReportHandler] INFO  pipeline.PipelineStateManager (PipelineStateManager.java:openPipeline(131)) - Pipeline Pipeline[ Id: f8453eb1-81f8-47f0-953b-a66e0f371b3f, Nodes: 73f9b6d6-78ac-4cc6-953d-c7a8a2f9ddd0{ip: 172.17.0.2, host: f401945b6f42, networkLocation: /default-rack, certSerialId: null}, Type:RATIS, Factor:ONE, State:ALLOCATED, leaderId:73f9b6d6-78ac-4cc6-953d-c7a8a2f9ddd0, CreationTimestamp2020-07-21T10:22:45.398Z] moved to OPEN state
2020-07-21 10:22:48,400 [pool-562-thread-1] INFO  server.RaftServerConfigKeys (ConfUtils.java:logGet(44)) - raft.server.log.segment.size.max = 1048576 (custom)
2020-07-21 10:22:48,400 [EventQueue-OpenPipelineForHealthyPipelineSafeModeRule] INFO  safemode.SCMSafeModeManager (HealthyPipelineSafeModeRule.java:process(129)) - SCM in safe mode. Healthy pipelines reported count is 0, required healthy pipeline reported count is 1
2020-07-21 10:22:48,400 [EventQueue-OpenPipelineForOneReplicaPipelineSafeModeRule] INFO  safemode.SCMSafeModeManager (SCMSafeModeManager.java:validateSafeModeExitRules(214)) - AtleastOneDatanodeReportedRule rule is successfully validated
2020-07-21 10:22:48,401 [pool-562-thread-1] INFO  server.RaftServerConfigKeys (ConfUtils.java:logGet(44)) - raft.server.log.segment.cache.num.max = 2 (custom)
2020-07-21 10:22:48,401 [pool-562-thread-1] INFO  segmented.SegmentedRaftLogWorker (SegmentedRaftLogWorker.java:<init>(180)) - new 73f9b6d6-78ac-4cc6-953d-c7a8a2f9ddd0@group-A66E0F371B3F-SegmentedRaftLogWorker for RaftStorage:Storage Directory /github/workspace/mnt/ozone/hadoop-ozone/integration-test/target/test-dir/MiniOzoneClusterImpl-26aa3f93-67e0-4cbe-8624-cf0efb7a6165/datanode-4/data/ratis/f8453eb1-81f8-47f0-953b-a66e0f371b3f
2020-07-21 10:22:48,401 [pool-562-thread-1] INFO  server.RaftServerConfigKeys (ConfUtils.java:logGet(44)) - raft.server.log.queue.byte-limit = 2147483647 (custom)
2020-07-21 10:22:48,401 [pool-562-thread-1] INFO  server.RaftServerConfigKeys (ConfUtils.java:logGet(44)) - raft.server.log.queue.element-limit = 1024 (custom)
2020-07-21 10:22:48,401 [pool-562-thread-1] INFO  server.RaftServerConfigKeys (ConfUtils.java:logGet(44)) - raft.server.log.segment.size.max = 1048576 (custom)
2020-07-21 10:22:48,401 [pool-562-thread-1] INFO  server.RaftServerConfigKeys (ConfUtils.java:logGet(44)) - raft.server.log.preallocated.size = 16384 (custom)
2020-07-21 10:22:48,401 [pool-562-thread-1] INFO  server.RaftServerConfigKeys (ConfUtils.java:logGet(44)) - raft.server.log.write.buffer.size = 1048576 (custom)
2020-07-21 10:22:48,401 [pool-562-thread-1] INFO  server.RaftServerConfigKeys (ConfUtils.java:logGet(44)) - raft.server.log.force.sync.num = 128 (default)
2020-07-21 10:22:48,401 [pool-562-thread-1] INFO  server.RaftServerConfigKeys (ConfUtils.java:logGet(44)) - raft.server.log.statemachine.data.sync = true (default)
2020-07-21 10:22:48,401 [pool-562-thread-1] INFO  server.RaftServerConfigKeys (ConfUtils.java:logGet(44)) - raft.server.log.statemachine.data.sync.timeout = 10s (default)
2020-07-21 10:22:48,402 [pool-562-thread-1] INFO  server.RaftServerConfigKeys (ConfUtils.java:logGet(44)) - raft.server.log.statemachine.data.sync.timeout.retry = -1 (default)
2020-07-21 10:22:48,404 [pool-562-thread-1] INFO  server.RaftServerConfigKeys (ConfUtils.java:logGet(44)) - raft.server.log.statemachine.data.caching.enabled = true (custom)
2020-07-21 10:22:48,404 [pool-562-thread-1] INFO  segmented.SegmentedRaftLogWorker (SegmentedRaftLogWorker.java:lambda$new$0(129)) - 73f9b6d6-78ac-4cc6-953d-c7a8a2f9ddd0@group-A66E0F371B3F-SegmentedRaftLogWorker: flushIndex: setUnconditionally 0 -> -1
2020-07-21 10:22:48,404 [pool-562-thread-1] INFO  segmented.SegmentedRaftLogWorker (SegmentedRaftLogWorker.java:lambda$new$0(129)) - 73f9b6d6-78ac-4cc6-953d-c7a8a2f9ddd0@group-A66E0F371B3F-SegmentedRaftLogWorker: safeCacheEvictIndex: setUnconditionally 0 -> -1
2020-07-21 10:22:48,404 [pool-562-thread-1] INFO  server.RaftServerConfigKeys (ConfUtils.java:logGet(44)) - raft.server.snapshot.auto.trigger.enabled = true (custom)
2020-07-21 10:22:48,404 [pool-562-thread-1] INFO  server.RaftServerConfigKeys (ConfUtils.java:logGet(44)) - raft.server.snapshot.auto.trigger.threshold = 10000 (custom)
2020-07-21 10:22:48,405 [pool-562-thread-1] INFO  server.RaftServerConfigKeys (ConfUtils.java:logGet(44)) - raft.server.snapshot.retention.file.num = 5 (custom)
2020-07-21 10:22:48,405 [pool-562-thread-1] INFO  server.RaftServerConfigKeys (ConfUtils.java:logGet(44)) - raft.server.log.purge.upto.snapshot.index = false (default)
2020-07-21 10:22:48,405 [pool-562-thread-1] INFO  server.RaftServerConfigKeys (ConfUtils.java:logGet(44)) - raft.server.retrycache.expirytime = 600000ms (custom)
2020-07-21 10:22:48,405 [pool-562-thread-1] INFO  metrics.RatisMetrics (RatisMetrics.java:lambda$create$0(36)) - Creating Metrics Registry : ratis.leader_election.73f9b6d6-78ac-4cc6-953d-c7a8a2f9ddd0@group-A66E0F371B3F
2020-07-21 10:22:48,405 [pool-562-thread-1] INFO  metrics.RatisMetrics (RatisMetrics.java:lambda$create$0(36)) - Creating Metrics Registry : ratis.server.73f9b6d6-78ac-4cc6-953d-c7a8a2f9ddd0@group-A66E0F371B3F
2020-07-21 10:22:48,407 [pool-562-thread-1] INFO  impl.RaftServerImpl (RaftServerImpl.java:start(196)) - 73f9b6d6-78ac-4cc6-953d-c7a8a2f9ddd0@group-A66E0F371B3F: start as a follower, conf=-1: [73f9b6d6-78ac-4cc6-953d-c7a8a2f9ddd0:172.17.0.2:40125], old=null
2020-07-21 10:22:48,407 [pool-562-thread-1] INFO  impl.RaftServerImpl (RaftServerImpl.java:setRole(185)) - 73f9b6d6-78ac-4cc6-953d-c7a8a2f9ddd0@group-A66E0F371B3F: changes role from      null to FOLLOWER at term 0 for startAsFollower
2020-07-21 10:22:48,407 [pool-562-thread-1] INFO  impl.RoleInfo (RoleInfo.java:updateAndGet(143)) - 73f9b6d6-78ac-4cc6-953d-c7a8a2f9ddd0: start FollowerState
2020-07-21 10:22:48,408 [pool-562-thread-1] INFO  util.JmxRegister (JmxRegister.java:tryRegister(44)) - Successfully registered JMX Bean with object name Ratis:service=RaftServer,group=group-A66E0F371B3F,id=73f9b6d6-78ac-4cc6-953d-c7a8a2f9ddd0
2020-07-21 10:22:48,408 [pool-562-thread-1] INFO  metrics.RatisMetrics (RatisMetrics.java:lambda$create$0(36)) - Creating Metrics Registry : ratis.state_machine.73f9b6d6-78ac-4cc6-953d-c7a8a2f9ddd0@group-A66E0F371B3F
2020-07-21 10:22:48,409 [Command processor thread] INFO  commandhandler.CreatePipelineCommandHandler (CreatePipelineCommandHandler.java:handle(109)) - Created Pipeline RATIS ONE #id: "f8453eb1-81f8-47f0-953b-a66e0f371b3f"
uuid128 {
  mostSigBits: -556970046799722512
  leastSigBits: -7693372546800477377
}
.
2020-07-21 10:22:48,569 [Command processor thread] INFO  impl.RaftServerProxy (RaftServerProxy.java:addNew(89)) - b539c339-7771-4951-b0e8-e5cec13be09d: addNew group-6017CBF3A321:[b539c339-7771-4951-b0e8-e5cec13be09d:172.17.0.2:35681] returns group-6017CBF3A321:java.util.concurrent.CompletableFuture@45bf37d5[Not completed]
2020-07-21 10:22:48,570 [pool-577-thread-1] INFO  impl.RaftServerImpl (RaftServerImpl.java:<init>(107)) - b539c339-7771-4951-b0e8-e5cec13be09d: new RaftServerImpl for group-6017CBF3A321:[b539c339-7771-4951-b0e8-e5cec13be09d:172.17.0.2:35681] with ContainerStateMachine:uninitialized
2020-07-21 10:22:48,571 [pool-577-thread-1] INFO  server.RaftServerConfigKeys (ConfUtils.java:logGet(44)) - raft.server.rpc.timeout.min = 5s (custom)
2020-07-21 10:22:48,571 [pool-577-thread-1] INFO  server.RaftServerConfigKeys (ConfUtils.java:logGet(44)) - raft.server.rpc.timeout.max = 5200ms (custom)
2020-07-21 10:22:48,571 [pool-577-thread-1] INFO  server.RaftServerConfigKeys (ConfUtils.java:logGet(44)) - raft.server.rpcslowness.timeout = 300000ms (custom)
2020-07-21 10:22:48,571 [pool-577-thread-1] INFO  server.RaftServerConfigKeys (ConfUtils.java:logGet(44)) - raft.server.sleep.deviation.threshold = 300 (default)
2020-07-21 10:22:48,571 [pool-577-thread-1] INFO  server.RaftServerConfigKeys (ConfUtils.java:logGet(44)) - raft.server.log.appender.install.snapshot.enabled = false (custom)
2020-07-21 10:22:48,571 [pool-577-thread-1] INFO  impl.RaftServerImpl (ServerState.java:<init>(103)) - b539c339-7771-4951-b0e8-e5cec13be09d@group-6017CBF3A321: ConfigurationManager, init=-1: [b539c339-7771-4951-b0e8-e5cec13be09d:172.17.0.2:35681], old=null, confs=<EMPTY_MAP>
2020-07-21 10:22:48,571 [pool-577-thread-1] INFO  server.RaftServerConfigKeys (ConfUtils.java:logGet(44)) - raft.server.storage.dir = [/github/workspace/mnt/ozone/hadoop-ozone/integration-test/target/test-dir/MiniOzoneClusterImpl-26aa3f93-67e0-4cbe-8624-cf0efb7a6165/datanode-5/data/ratis] (custom)
2020-07-21 10:22:48,571 [pool-577-thread-1] INFO  server.RaftServerConfigKeys (ConfUtils.java:logGet(44)) - raft.server.log.corruption.policy = EXCEPTION (default)
2020-07-21 10:22:48,572 [pool-577-thread-1] INFO  storage.RaftStorageDirectory (RaftStorageDirectory.java:analyzeStorage(261)) - The storage directory /github/workspace/mnt/ozone/hadoop-ozone/integration-test/target/test-dir/MiniOzoneClusterImpl-26aa3f93-67e0-4cbe-8624-cf0efb7a6165/datanode-5/data/ratis/a3e31c5c-04bd-49a1-9d1d-6017cbf3a321 does not exist. Creating ...
2020-07-21 10:22:48,573 [pool-577-thread-1] INFO  storage.RaftStorageDirectory (RaftStorageDirectory.java:tryLock(343)) - Lock on /github/workspace/mnt/ozone/hadoop-ozone/integration-test/target/test-dir/MiniOzoneClusterImpl-26aa3f93-67e0-4cbe-8624-cf0efb7a6165/datanode-5/data/ratis/a3e31c5c-04bd-49a1-9d1d-6017cbf3a321/in_use.lock acquired by nodename 44496@f401945b6f42
2020-07-21 10:22:48,574 [pool-577-thread-1] INFO  storage.RaftStorage (RaftStorage.java:format(84)) - Storage directory /github/workspace/mnt/ozone/hadoop-ozone/integration-test/target/test-dir/MiniOzoneClusterImpl-26aa3f93-67e0-4cbe-8624-cf0efb7a6165/datanode-5/data/ratis/a3e31c5c-04bd-49a1-9d1d-6017cbf3a321 has been successfully formatted.
2020-07-21 10:22:48,574 [pool-577-thread-1] INFO  ratis.ContainerStateMachine (ContainerStateMachine.java:loadSnapshot(225)) - group-6017CBF3A321: The snapshot info is null. Setting the last applied indexto:(t:0, i:~)
2020-07-21 10:22:48,574 [pool-577-thread-1] INFO  server.RaftServerConfigKeys (ConfUtils.java:logGet(44)) - raft.server.notification.no-leader.timeout = 300000ms (custom)
2020-07-21 10:22:48,574 [pool-577-thread-1] INFO  server.RaftServerConfigKeys (ConfUtils.java:logGet(44)) - raft.server.log.use.memory = false (default)
2020-07-21 10:22:48,574 [pool-577-thread-1] INFO  server.RaftServerConfigKeys (ConfUtils.java:logGet(44)) - raft.server.log.purge.gap = 1000000 (custom)
2020-07-21 10:22:48,574 [pool-577-thread-1] INFO  metrics.RatisMetrics (RatisMetrics.java:lambda$create$0(36)) - Creating Metrics Registry : ratis.log_worker.b539c339-7771-4951-b0e8-e5cec13be09d@group-6017CBF3A321
2020-07-21 10:22:48,574 [pool-577-thread-1] INFO  server.RaftServerConfigKeys (ConfUtils.java:logGet(44)) - raft.server.log.appender.buffer.byte-limit = 33554432 (custom)
2020-07-21 10:22:48,574 [pool-577-thread-1] INFO  server.RaftServerConfigKeys (ConfUtils.java:logGet(44)) - raft.server.log.segment.size.max = 1048576 (custom)
2020-07-21 10:22:48,575 [EventQueue-PipelineReportForPipelineReportHandler] INFO  pipeline.PipelineStateManager (PipelineStateManager.java:openPipeline(131)) - Pipeline Pipeline[ Id: a3e31c5c-04bd-49a1-9d1d-6017cbf3a321, Nodes: b539c339-7771-4951-b0e8-e5cec13be09d{ip: 172.17.0.2, host: f401945b6f42, networkLocation: /default-rack, certSerialId: null}, Type:RATIS, Factor:ONE, State:ALLOCATED, leaderId:b539c339-7771-4951-b0e8-e5cec13be09d, CreationTimestamp2020-07-21T10:22:45.571Z] moved to OPEN state
2020-07-21 10:22:48,575 [EventQueue-OpenPipelineForOneReplicaPipelineSafeModeRule] INFO  safemode.SCMSafeModeManager (SCMSafeModeManager.java:validateSafeModeExitRules(214)) - AtleastOneDatanodeReportedRule rule is successfully validated
2020-07-21 10:22:48,575 [EventQueue-OpenPipelineForHealthyPipelineSafeModeRule] INFO  safemode.SCMSafeModeManager (HealthyPipelineSafeModeRule.java:process(129)) - SCM in safe mode. Healthy pipelines reported count is 0, required healthy pipeline reported count is 1
2020-07-21 10:22:48,575 [pool-577-thread-1] INFO  server.RaftServerConfigKeys (ConfUtils.java:logGet(44)) - raft.server.log.segment.cache.num.max = 2 (custom)
2020-07-21 10:22:48,575 [pool-577-thread-1] INFO  segmented.SegmentedRaftLogWorker (SegmentedRaftLogWorker.java:<init>(180)) - new b539c339-7771-4951-b0e8-e5cec13be09d@group-6017CBF3A321-SegmentedRaftLogWorker for RaftStorage:Storage Directory /github/workspace/mnt/ozone/hadoop-ozone/integration-test/target/test-dir/MiniOzoneClusterImpl-26aa3f93-67e0-4cbe-8624-cf0efb7a6165/datanode-5/data/ratis/a3e31c5c-04bd-49a1-9d1d-6017cbf3a321
2020-07-21 10:22:48,575 [pool-577-thread-1] INFO  server.RaftServerConfigKeys (ConfUtils.java:logGet(44)) - raft.server.log.queue.byte-limit = 2147483647 (custom)
2020-07-21 10:22:48,575 [pool-577-thread-1] INFO  server.RaftServerConfigKeys (ConfUtils.java:logGet(44)) - raft.server.log.queue.element-limit = 1024 (custom)
2020-07-21 10:22:48,575 [pool-577-thread-1] INFO  server.RaftServerConfigKeys (ConfUtils.java:logGet(44)) - raft.server.log.segment.size.max = 1048576 (custom)
2020-07-21 10:22:48,575 [pool-577-thread-1] INFO  server.RaftServerConfigKeys (ConfUtils.java:logGet(44)) - raft.server.log.preallocated.size = 16384 (custom)
2020-07-21 10:22:48,575 [pool-577-thread-1] INFO  server.RaftServerConfigKeys (ConfUtils.java:logGet(44)) - raft.server.log.write.buffer.size = 1048576 (custom)
2020-07-21 10:22:48,576 [pool-577-thread-1] INFO  server.RaftServerConfigKeys (ConfUtils.java:logGet(44)) - raft.server.log.force.sync.num = 128 (default)
2020-07-21 10:22:48,576 [pool-577-thread-1] INFO  server.RaftServerConfigKeys (ConfUtils.java:logGet(44)) - raft.server.log.statemachine.data.sync = true (default)
2020-07-21 10:22:48,576 [pool-577-thread-1] INFO  server.RaftServerConfigKeys (ConfUtils.java:logGet(44)) - raft.server.log.statemachine.data.sync.timeout = 10s (default)
2020-07-21 10:22:48,576 [pool-577-thread-1] INFO  server.RaftServerConfigKeys (ConfUtils.java:logGet(44)) - raft.server.log.statemachine.data.sync.timeout.retry = -1 (default)
2020-07-21 10:22:48,578 [pool-577-thread-1] INFO  server.RaftServerConfigKeys (ConfUtils.java:logGet(44)) - raft.server.log.statemachine.data.caching.enabled = true (custom)
2020-07-21 10:22:48,578 [pool-577-thread-1] INFO  segmented.SegmentedRaftLogWorker (SegmentedRaftLogWorker.java:lambda$new$0(129)) - b539c339-7771-4951-b0e8-e5cec13be09d@group-6017CBF3A321-SegmentedRaftLogWorker: flushIndex: setUnconditionally 0 -> -1
2020-07-21 10:22:48,578 [pool-577-thread-1] INFO  segmented.SegmentedRaftLogWorker (SegmentedRaftLogWorker.java:lambda$new$0(129)) - b539c339-7771-4951-b0e8-e5cec13be09d@group-6017CBF3A321-SegmentedRaftLogWorker: safeCacheEvictIndex: setUnconditionally 0 -> -1
2020-07-21 10:22:48,579 [pool-577-thread-1] INFO  server.RaftServerConfigKeys (ConfUtils.java:logGet(44)) - raft.server.snapshot.auto.trigger.enabled = true (custom)
2020-07-21 10:22:48,579 [pool-577-thread-1] INFO  server.RaftServerConfigKeys (ConfUtils.java:logGet(44)) - raft.server.snapshot.auto.trigger.threshold = 10000 (custom)
2020-07-21 10:22:48,579 [pool-577-thread-1] INFO  server.RaftServerConfigKeys (ConfUtils.java:logGet(44)) - raft.server.snapshot.retention.file.num = 5 (custom)
2020-07-21 10:22:48,579 [pool-577-thread-1] INFO  server.RaftServerConfigKeys (ConfUtils.java:logGet(44)) - raft.server.log.purge.upto.snapshot.index = false (default)
2020-07-21 10:22:48,579 [pool-577-thread-1] INFO  server.RaftServerConfigKeys (ConfUtils.java:logGet(44)) - raft.server.retrycache.expirytime = 600000ms (custom)
2020-07-21 10:22:48,579 [pool-577-thread-1] INFO  metrics.RatisMetrics (RatisMetrics.java:lambda$create$0(36)) - Creating Metrics Registry : ratis.leader_election.b539c339-7771-4951-b0e8-e5cec13be09d@group-6017CBF3A321
2020-07-21 10:22:48,580 [pool-577-thread-1] INFO  metrics.RatisMetrics (RatisMetrics.java:lambda$create$0(36)) - Creating Metrics Registry : ratis.server.b539c339-7771-4951-b0e8-e5cec13be09d@group-6017CBF3A321
2020-07-21 10:22:48,581 [pool-577-thread-1] INFO  impl.RaftServerImpl (RaftServerImpl.java:start(196)) - b539c339-7771-4951-b0e8-e5cec13be09d@group-6017CBF3A321: start as a follower, conf=-1: [b539c339-7771-4951-b0e8-e5cec13be09d:172.17.0.2:35681], old=null
2020-07-21 10:22:48,582 [pool-577-thread-1] INFO  impl.RaftServerImpl (RaftServerImpl.java:setRole(185)) - b539c339-7771-4951-b0e8-e5cec13be09d@group-6017CBF3A321: changes role from      null to FOLLOWER at term 0 for startAsFollower
2020-07-21 10:22:48,582 [pool-577-thread-1] INFO  impl.RoleInfo (RoleInfo.java:updateAndGet(143)) - b539c339-7771-4951-b0e8-e5cec13be09d: start FollowerState
2020-07-21 10:22:48,582 [pool-577-thread-1] INFO  util.JmxRegister (JmxRegister.java:tryRegister(44)) - Successfully registered JMX Bean with object name Ratis:service=RaftServer,group=group-6017CBF3A321,id=b539c339-7771-4951-b0e8-e5cec13be09d
2020-07-21 10:22:48,582 [pool-577-thread-1] INFO  metrics.RatisMetrics (RatisMetrics.java:lambda$create$0(36)) - Creating Metrics Registry : ratis.state_machine.b539c339-7771-4951-b0e8-e5cec13be09d@group-6017CBF3A321
2020-07-21 10:22:48,583 [Command processor thread] INFO  commandhandler.CreatePipelineCommandHandler (CreatePipelineCommandHandler.java:handle(109)) - Created Pipeline RATIS ONE #id: "a3e31c5c-04bd-49a1-9d1d-6017cbf3a321"
uuid128 {
  mostSigBits: -6637430244271896159
  leastSigBits: -7125433380108000479
}
.
2020-07-21 10:22:48,678 [Command processor thread] INFO  impl.RaftServerProxy (RaftServerProxy.java:addNew(89)) - 8b103efb-4bcc-46ba-8a16-605357281583: addNew group-F2587C5BE973:[8b103efb-4bcc-46ba-8a16-605357281583:172.17.0.2:34397] returns group-F2587C5BE973:java.util.concurrent.CompletableFuture@705bd1a1[Not completed]
2020-07-21 10:22:48,679 [pool-592-thread-1] INFO  impl.RaftServerImpl (RaftServerImpl.java:<init>(107)) - 8b103efb-4bcc-46ba-8a16-605357281583: new RaftServerImpl for group-F2587C5BE973:[8b103efb-4bcc-46ba-8a16-605357281583:172.17.0.2:34397] with ContainerStateMachine:uninitialized
2020-07-21 10:22:48,680 [pool-592-thread-1] INFO  server.RaftServerConfigKeys (ConfUtils.java:logGet(44)) - raft.server.rpc.timeout.min = 5s (custom)
2020-07-21 10:22:48,680 [pool-592-thread-1] INFO  server.RaftServerConfigKeys (ConfUtils.java:logGet(44)) - raft.server.rpc.timeout.max = 5200ms (custom)
2020-07-21 10:22:48,680 [pool-592-thread-1] INFO  server.RaftServerConfigKeys (ConfUtils.java:logGet(44)) - raft.server.rpcslowness.timeout = 300000ms (custom)
2020-07-21 10:22:48,680 [pool-592-thread-1] INFO  server.RaftServerConfigKeys (ConfUtils.java:logGet(44)) - raft.server.sleep.deviation.threshold = 300 (default)
2020-07-21 10:22:48,680 [pool-592-thread-1] INFO  server.RaftServerConfigKeys (ConfUtils.java:logGet(44)) - raft.server.log.appender.install.snapshot.enabled = false (custom)
2020-07-21 10:22:48,680 [pool-592-thread-1] INFO  impl.RaftServerImpl (ServerState.java:<init>(103)) - 8b103efb-4bcc-46ba-8a16-605357281583@group-F2587C5BE973: ConfigurationManager, init=-1: [8b103efb-4bcc-46ba-8a16-605357281583:172.17.0.2:34397], old=null, confs=<EMPTY_MAP>
2020-07-21 10:22:48,680 [pool-592-thread-1] INFO  server.RaftServerConfigKeys (ConfUtils.java:logGet(44)) - raft.server.storage.dir = [/github/workspace/mnt/ozone/hadoop-ozone/integration-test/target/test-dir/MiniOzoneClusterImpl-26aa3f93-67e0-4cbe-8624-cf0efb7a6165/datanode-6/data/ratis] (custom)
2020-07-21 10:22:48,681 [pool-592-thread-1] INFO  server.RaftServerConfigKeys (ConfUtils.java:logGet(44)) - raft.server.log.corruption.policy = EXCEPTION (default)
2020-07-21 10:22:48,681 [pool-592-thread-1] INFO  storage.RaftStorageDirectory (RaftStorageDirectory.java:analyzeStorage(261)) - The storage directory /github/workspace/mnt/ozone/hadoop-ozone/integration-test/target/test-dir/MiniOzoneClusterImpl-26aa3f93-67e0-4cbe-8624-cf0efb7a6165/datanode-6/data/ratis/e17637be-65a6-4941-b1ee-f2587c5be973 does not exist. Creating ...
2020-07-21 10:22:48,682 [pool-592-thread-1] INFO  storage.RaftStorageDirectory (RaftStorageDirectory.java:tryLock(343)) - Lock on /github/workspace/mnt/ozone/hadoop-ozone/integration-test/target/test-dir/MiniOzoneClusterImpl-26aa3f93-67e0-4cbe-8624-cf0efb7a6165/datanode-6/data/ratis/e17637be-65a6-4941-b1ee-f2587c5be973/in_use.lock acquired by nodename 44496@f401945b6f42
2020-07-21 10:22:48,684 [pool-592-thread-1] INFO  storage.RaftStorage (RaftStorage.java:format(84)) - Storage directory /github/workspace/mnt/ozone/hadoop-ozone/integration-test/target/test-dir/MiniOzoneClusterImpl-26aa3f93-67e0-4cbe-8624-cf0efb7a6165/datanode-6/data/ratis/e17637be-65a6-4941-b1ee-f2587c5be973 has been successfully formatted.
2020-07-21 10:22:48,685 [pool-592-thread-1] INFO  ratis.ContainerStateMachine (ContainerStateMachine.java:loadSnapshot(225)) - group-F2587C5BE973: The snapshot info is null. Setting the last applied indexto:(t:0, i:~)
2020-07-21 10:22:48,685 [pool-592-thread-1] INFO  server.RaftServerConfigKeys (ConfUtils.java:logGet(44)) - raft.server.notification.no-leader.timeout = 300000ms (custom)
2020-07-21 10:22:48,685 [pool-592-thread-1] INFO  server.RaftServerConfigKeys (ConfUtils.java:logGet(44)) - raft.server.log.use.memory = false (default)
2020-07-21 10:22:48,685 [pool-592-thread-1] INFO  server.RaftServerConfigKeys (ConfUtils.java:logGet(44)) - raft.server.log.purge.gap = 1000000 (custom)
2020-07-21 10:22:48,685 [pool-592-thread-1] INFO  metrics.RatisMetrics (RatisMetrics.java:lambda$create$0(36)) - Creating Metrics Registry : ratis.log_worker.8b103efb-4bcc-46ba-8a16-605357281583@group-F2587C5BE973
2020-07-21 10:22:48,685 [EventQueue-PipelineReportForPipelineReportHandler] INFO  pipeline.PipelineStateManager (PipelineStateManager.java:openPipeline(131)) - Pipeline Pipeline[ Id: e17637be-65a6-4941-b1ee-f2587c5be973, Nodes: 8b103efb-4bcc-46ba-8a16-605357281583{ip: 172.17.0.2, host: f401945b6f42, networkLocation: /default-rack, certSerialId: null}, Type:RATIS, Factor:ONE, State:ALLOCATED, leaderId:8b103efb-4bcc-46ba-8a16-605357281583, CreationTimestamp2020-07-21T10:22:45.679Z] moved to OPEN state
2020-07-21 10:22:48,685 [EventQueue-OpenPipelineForOneReplicaPipelineSafeModeRule] INFO  safemode.SCMSafeModeManager (SCMSafeModeManager.java:validateSafeModeExitRules(214)) - AtleastOneDatanodeReportedRule rule is successfully validated
2020-07-21 10:22:48,685 [EventQueue-OpenPipelineForHealthyPipelineSafeModeRule] INFO  safemode.SCMSafeModeManager (HealthyPipelineSafeModeRule.java:process(129)) - SCM in safe mode. Healthy pipelines reported count is 0, required healthy pipeline reported count is 1
2020-07-21 10:22:48,686 [pool-592-thread-1] INFO  server.RaftServerConfigKeys (ConfUtils.java:logGet(44)) - raft.server.log.appender.buffer.byte-limit = 33554432 (custom)
2020-07-21 10:22:48,686 [pool-592-thread-1] INFO  server.RaftServerConfigKeys (ConfUtils.java:logGet(44)) - raft.server.log.segment.size.max = 1048576 (custom)
2020-07-21 10:22:48,686 [pool-592-thread-1] INFO  server.RaftServerConfigKeys (ConfUtils.java:logGet(44)) - raft.server.log.segment.cache.num.max = 2 (custom)
2020-07-21 10:22:48,686 [pool-592-thread-1] INFO  segmented.SegmentedRaftLogWorker (SegmentedRaftLogWorker.java:<init>(180)) - new 8b103efb-4bcc-46ba-8a16-605357281583@group-F2587C5BE973-SegmentedRaftLogWorker for RaftStorage:Storage Directory /github/workspace/mnt/ozone/hadoop-ozone/integration-test/target/test-dir/MiniOzoneClusterImpl-26aa3f93-67e0-4cbe-8624-cf0efb7a6165/datanode-6/data/ratis/e17637be-65a6-4941-b1ee-f2587c5be973
2020-07-21 10:22:48,686 [pool-592-thread-1] INFO  server.RaftServerConfigKeys (ConfUtils.java:logGet(44)) - raft.server.log.queue.byte-limit = 2147483647 (custom)
2020-07-21 10:22:48,686 [pool-592-thread-1] INFO  server.RaftServerConfigKeys (ConfUtils.java:logGet(44)) - raft.server.log.queue.element-limit = 1024 (custom)
2020-07-21 10:22:48,687 [pool-592-thread-1] INFO  server.RaftServerConfigKeys (ConfUtils.java:logGet(44)) - raft.server.log.segment.size.max = 1048576 (custom)
2020-07-21 10:22:48,687 [pool-592-thread-1] INFO  server.RaftServerConfigKeys (ConfUtils.java:logGet(44)) - raft.server.log.preallocated.size = 16384 (custom)
2020-07-21 10:22:48,687 [pool-592-thread-1] INFO  server.RaftServerConfigKeys (ConfUtils.java:logGet(44)) - raft.server.log.write.buffer.size = 1048576 (custom)
2020-07-21 10:22:48,687 [pool-592-thread-1] INFO  server.RaftServerConfigKeys (ConfUtils.java:logGet(44)) - raft.server.log.force.sync.num = 128 (default)
2020-07-21 10:22:48,687 [pool-592-thread-1] INFO  server.RaftServerConfigKeys (ConfUtils.java:logGet(44)) - raft.server.log.statemachine.data.sync = true (default)
2020-07-21 10:22:48,687 [pool-592-thread-1] INFO  server.RaftServerConfigKeys (ConfUtils.java:logGet(44)) - raft.server.log.statemachine.data.sync.timeout = 10s (default)
2020-07-21 10:22:48,687 [pool-592-thread-1] INFO  server.RaftServerConfigKeys (ConfUtils.java:logGet(44)) - raft.server.log.statemachine.data.sync.timeout.retry = -1 (default)
2020-07-21 10:22:48,689 [pool-592-thread-1] INFO  server.RaftServerConfigKeys (ConfUtils.java:logGet(44)) - raft.server.log.statemachine.data.caching.enabled = true (custom)
2020-07-21 10:22:48,690 [pool-592-thread-1] INFO  segmented.SegmentedRaftLogWorker (SegmentedRaftLogWorker.java:lambda$new$0(129)) - 8b103efb-4bcc-46ba-8a16-605357281583@group-F2587C5BE973-SegmentedRaftLogWorker: flushIndex: setUnconditionally 0 -> -1
2020-07-21 10:22:48,690 [pool-592-thread-1] INFO  segmented.SegmentedRaftLogWorker (SegmentedRaftLogWorker.java:lambda$new$0(129)) - 8b103efb-4bcc-46ba-8a16-605357281583@group-F2587C5BE973-SegmentedRaftLogWorker: safeCacheEvictIndex: setUnconditionally 0 -> -1
2020-07-21 10:22:48,690 [pool-592-thread-1] INFO  server.RaftServerConfigKeys (ConfUtils.java:logGet(44)) - raft.server.snapshot.auto.trigger.enabled = true (custom)
2020-07-21 10:22:48,690 [pool-592-thread-1] INFO  server.RaftServerConfigKeys (ConfUtils.java:logGet(44)) - raft.server.snapshot.auto.trigger.threshold = 10000 (custom)
2020-07-21 10:22:48,690 [pool-592-thread-1] INFO  server.RaftServerConfigKeys (ConfUtils.java:logGet(44)) - raft.server.snapshot.retention.file.num = 5 (custom)
2020-07-21 10:22:48,690 [pool-592-thread-1] INFO  server.RaftServerConfigKeys (ConfUtils.java:logGet(44)) - raft.server.log.purge.upto.snapshot.index = false (default)
2020-07-21 10:22:48,690 [pool-592-thread-1] INFO  server.RaftServerConfigKeys (ConfUtils.java:logGet(44)) - raft.server.retrycache.expirytime = 600000ms (custom)
2020-07-21 10:22:48,690 [pool-592-thread-1] INFO  metrics.RatisMetrics (RatisMetrics.java:lambda$create$0(36)) - Creating Metrics Registry : ratis.leader_election.8b103efb-4bcc-46ba-8a16-605357281583@group-F2587C5BE973
2020-07-21 10:22:48,691 [pool-592-thread-1] INFO  metrics.RatisMetrics (RatisMetrics.java:lambda$create$0(36)) - Creating Metrics Registry : ratis.server.8b103efb-4bcc-46ba-8a16-605357281583@group-F2587C5BE973
2020-07-21 10:22:48,692 [pool-592-thread-1] INFO  impl.RaftServerImpl (RaftServerImpl.java:start(196)) - 8b103efb-4bcc-46ba-8a16-605357281583@group-F2587C5BE973: start as a follower, conf=-1: [8b103efb-4bcc-46ba-8a16-605357281583:172.17.0.2:34397], old=null
2020-07-21 10:22:48,692 [pool-592-thread-1] INFO  impl.RaftServerImpl (RaftServerImpl.java:setRole(185)) - 8b103efb-4bcc-46ba-8a16-605357281583@group-F2587C5BE973: changes role from      null to FOLLOWER at term 0 for startAsFollower
2020-07-21 10:22:48,692 [pool-592-thread-1] INFO  impl.RoleInfo (RoleInfo.java:updateAndGet(143)) - 8b103efb-4bcc-46ba-8a16-605357281583: start FollowerState
2020-07-21 10:22:48,692 [pool-592-thread-1] INFO  util.JmxRegister (JmxRegister.java:tryRegister(44)) - Successfully registered JMX Bean with object name Ratis:service=RaftServer,group=group-F2587C5BE973,id=8b103efb-4bcc-46ba-8a16-605357281583
2020-07-21 10:22:48,692 [pool-592-thread-1] INFO  metrics.RatisMetrics (RatisMetrics.java:lambda$create$0(36)) - Creating Metrics Registry : ratis.state_machine.8b103efb-4bcc-46ba-8a16-605357281583@group-F2587C5BE973
2020-07-21 10:22:48,693 [Command processor thread] INFO  commandhandler.CreatePipelineCommandHandler (CreatePipelineCommandHandler.java:handle(109)) - Created Pipeline RATIS ONE #id: "e17637be-65a6-4941-b1ee-f2587c5be973"
uuid128 {
  mostSigBits: -2200510077035198143
  leastSigBits: -5625292422681728653
}
.
2020-07-21 10:22:48,693 [Command processor thread] INFO  impl.RaftServerProxy (RaftServerProxy.java:addNew(89)) - 8b103efb-4bcc-46ba-8a16-605357281583: addNew group-4BA1FCFD4EB6:[8b103efb-4bcc-46ba-8a16-605357281583:172.17.0.2:34397, 1e765541-286b-46a5-8366-eef195687e41:172.17.0.2:37839, dc1ecc86-b233-440d-8be3-38a10f678b98:172.17.0.2:36481] returns group-4BA1FCFD4EB6:java.util.concurrent.CompletableFuture@74644b72[Not completed]
2020-07-21 10:22:48,694 [pool-592-thread-1] INFO  impl.RaftServerImpl (RaftServerImpl.java:<init>(107)) - 8b103efb-4bcc-46ba-8a16-605357281583: new RaftServerImpl for group-4BA1FCFD4EB6:[8b103efb-4bcc-46ba-8a16-605357281583:172.17.0.2:34397, 1e765541-286b-46a5-8366-eef195687e41:172.17.0.2:37839, dc1ecc86-b233-440d-8be3-38a10f678b98:172.17.0.2:36481] with ContainerStateMachine:uninitialized
2020-07-21 10:22:48,694 [pool-592-thread-1] INFO  server.RaftServerConfigKeys (ConfUtils.java:logGet(44)) - raft.server.rpc.timeout.min = 5s (custom)
2020-07-21 10:22:48,694 [pool-592-thread-1] INFO  server.RaftServerConfigKeys (ConfUtils.java:logGet(44)) - raft.server.rpc.timeout.max = 5200ms (custom)
2020-07-21 10:22:48,694 [pool-592-thread-1] INFO  server.RaftServerConfigKeys (ConfUtils.java:logGet(44)) - raft.server.rpcslowness.timeout = 300000ms (custom)
2020-07-21 10:22:48,694 [pool-592-thread-1] INFO  server.RaftServerConfigKeys (ConfUtils.java:logGet(44)) - raft.server.sleep.deviation.threshold = 300 (default)
2020-07-21 10:22:48,694 [pool-592-thread-1] INFO  server.RaftServerConfigKeys (ConfUtils.java:logGet(44)) - raft.server.log.appender.install.snapshot.enabled = false (custom)
2020-07-21 10:22:48,694 [pool-592-thread-1] INFO  impl.RaftServerImpl (ServerState.java:<init>(103)) - 8b103efb-4bcc-46ba-8a16-605357281583@group-4BA1FCFD4EB6: ConfigurationManager, init=-1: [8b103efb-4bcc-46ba-8a16-605357281583:172.17.0.2:34397, 1e765541-286b-46a5-8366-eef195687e41:172.17.0.2:37839, dc1ecc86-b233-440d-8be3-38a10f678b98:172.17.0.2:36481], old=null, confs=<EMPTY_MAP>
2020-07-21 10:22:48,695 [pool-592-thread-1] INFO  server.RaftServerConfigKeys (ConfUtils.java:logGet(44)) - raft.server.storage.dir = [/github/workspace/mnt/ozone/hadoop-ozone/integration-test/target/test-dir/MiniOzoneClusterImpl-26aa3f93-67e0-4cbe-8624-cf0efb7a6165/datanode-6/data/ratis] (custom)
2020-07-21 10:22:48,695 [pool-592-thread-1] INFO  server.RaftServerConfigKeys (ConfUtils.java:logGet(44)) - raft.server.log.corruption.policy = EXCEPTION (default)
2020-07-21 10:22:48,695 [pool-592-thread-1] INFO  storage.RaftStorageDirectory (RaftStorageDirectory.java:analyzeStorage(261)) - The storage directory /github/workspace/mnt/ozone/hadoop-ozone/integration-test/target/test-dir/MiniOzoneClusterImpl-26aa3f93-67e0-4cbe-8624-cf0efb7a6165/datanode-6/data/ratis/876f53f7-c042-4df6-84d9-4ba1fcfd4eb6 does not exist. Creating ...
2020-07-21 10:22:48,696 [pool-592-thread-1] INFO  storage.RaftStorageDirectory (RaftStorageDirectory.java:tryLock(343)) - Lock on /github/workspace/mnt/ozone/hadoop-ozone/integration-test/target/test-dir/MiniOzoneClusterImpl-26aa3f93-67e0-4cbe-8624-cf0efb7a6165/datanode-6/data/ratis/876f53f7-c042-4df6-84d9-4ba1fcfd4eb6/in_use.lock acquired by nodename 44496@f401945b6f42
2020-07-21 10:22:48,697 [pool-592-thread-1] INFO  storage.RaftStorage (RaftStorage.java:format(84)) - Storage directory /github/workspace/mnt/ozone/hadoop-ozone/integration-test/target/test-dir/MiniOzoneClusterImpl-26aa3f93-67e0-4cbe-8624-cf0efb7a6165/datanode-6/data/ratis/876f53f7-c042-4df6-84d9-4ba1fcfd4eb6 has been successfully formatted.
2020-07-21 10:22:48,697 [pool-592-thread-1] INFO  ratis.ContainerStateMachine (ContainerStateMachine.java:loadSnapshot(225)) - group-4BA1FCFD4EB6: The snapshot info is null. Setting the last applied indexto:(t:0, i:~)
2020-07-21 10:22:48,697 [pool-592-thread-1] INFO  server.RaftServerConfigKeys (ConfUtils.java:logGet(44)) - raft.server.notification.no-leader.timeout = 300000ms (custom)
2020-07-21 10:22:48,697 [pool-592-thread-1] INFO  server.RaftServerConfigKeys (ConfUtils.java:logGet(44)) - raft.server.log.use.memory = false (default)
2020-07-21 10:22:48,697 [pool-592-thread-1] INFO  server.RaftServerConfigKeys (ConfUtils.java:logGet(44)) - raft.server.log.purge.gap = 1000000 (custom)
2020-07-21 10:22:48,697 [pool-592-thread-1] INFO  metrics.RatisMetrics (RatisMetrics.java:lambda$create$0(36)) - Creating Metrics Registry : ratis.log_worker.8b103efb-4bcc-46ba-8a16-605357281583@group-4BA1FCFD4EB6
2020-07-21 10:22:48,697 [pool-592-thread-1] INFO  server.RaftServerConfigKeys (ConfUtils.java:logGet(44)) - raft.server.log.appender.buffer.byte-limit = 33554432 (custom)
2020-07-21 10:22:48,698 [pool-592-thread-1] INFO  server.RaftServerConfigKeys (ConfUtils.java:logGet(44)) - raft.server.log.segment.size.max = 1048576 (custom)
2020-07-21 10:22:48,698 [pool-592-thread-1] INFO  server.RaftServerConfigKeys (ConfUtils.java:logGet(44)) - raft.server.log.segment.cache.num.max = 2 (custom)
2020-07-21 10:22:48,698 [pool-592-thread-1] INFO  segmented.SegmentedRaftLogWorker (SegmentedRaftLogWorker.java:<init>(180)) - new 8b103efb-4bcc-46ba-8a16-605357281583@group-4BA1FCFD4EB6-SegmentedRaftLogWorker for RaftStorage:Storage Directory /github/workspace/mnt/ozone/hadoop-ozone/integration-test/target/test-dir/MiniOzoneClusterImpl-26aa3f93-67e0-4cbe-8624-cf0efb7a6165/datanode-6/data/ratis/876f53f7-c042-4df6-84d9-4ba1fcfd4eb6
2020-07-21 10:22:48,698 [pool-592-thread-1] INFO  server.RaftServerConfigKeys (ConfUtils.java:logGet(44)) - raft.server.log.queue.byte-limit = 2147483647 (custom)
2020-07-21 10:22:48,698 [pool-592-thread-1] INFO  server.RaftServerConfigKeys (ConfUtils.java:logGet(44)) - raft.server.log.queue.element-limit = 1024 (custom)
2020-07-21 10:22:48,699 [pool-592-thread-1] INFO  server.RaftServerConfigKeys (ConfUtils.java:logGet(44)) - raft.server.log.segment.size.max = 1048576 (custom)
2020-07-21 10:22:48,699 [pool-592-thread-1] INFO  server.RaftServerConfigKeys (ConfUtils.java:logGet(44)) - raft.server.log.preallocated.size = 16384 (custom)
2020-07-21 10:22:48,699 [pool-592-thread-1] INFO  server.RaftServerConfigKeys (ConfUtils.java:logGet(44)) - raft.server.log.write.buffer.size = 1048576 (custom)
2020-07-21 10:22:48,699 [pool-592-thread-1] INFO  server.RaftServerConfigKeys (ConfUtils.java:logGet(44)) - raft.server.log.force.sync.num = 128 (default)
2020-07-21 10:22:48,699 [pool-592-thread-1] INFO  server.RaftServerConfigKeys (ConfUtils.java:logGet(44)) - raft.server.log.statemachine.data.sync = true (default)
2020-07-21 10:22:48,699 [pool-592-thread-1] INFO  server.RaftServerConfigKeys (ConfUtils.java:logGet(44)) - raft.server.log.statemachine.data.sync.timeout = 10s (default)
2020-07-21 10:22:48,699 [pool-592-thread-1] INFO  server.RaftServerConfigKeys (ConfUtils.java:logGet(44)) - raft.server.log.statemachine.data.sync.timeout.retry = -1 (default)
2020-07-21 10:22:48,701 [pool-592-thread-1] INFO  server.RaftServerConfigKeys (ConfUtils.java:logGet(44)) - raft.server.log.statemachine.data.caching.enabled = true (custom)
2020-07-21 10:22:48,701 [pool-592-thread-1] INFO  segmented.SegmentedRaftLogWorker (SegmentedRaftLogWorker.java:lambda$new$0(129)) - 8b103efb-4bcc-46ba-8a16-605357281583@group-4BA1FCFD4EB6-SegmentedRaftLogWorker: flushIndex: setUnconditionally 0 -> -1
2020-07-21 10:22:48,701 [pool-592-thread-1] INFO  segmented.SegmentedRaftLogWorker (SegmentedRaftLogWorker.java:lambda$new$0(129)) - 8b103efb-4bcc-46ba-8a16-605357281583@group-4BA1FCFD4EB6-SegmentedRaftLogWorker: safeCacheEvictIndex: setUnconditionally 0 -> -1
2020-07-21 10:22:48,702 [pool-592-thread-1] INFO  server.RaftServerConfigKeys (ConfUtils.java:logGet(44)) - raft.server.snapshot.auto.trigger.enabled = true (custom)
2020-07-21 10:22:48,702 [pool-592-thread-1] INFO  server.RaftServerConfigKeys (ConfUtils.java:logGet(44)) - raft.server.snapshot.auto.trigger.threshold = 10000 (custom)
2020-07-21 10:22:48,702 [pool-592-thread-1] INFO  server.RaftServerConfigKeys (ConfUtils.java:logGet(44)) - raft.server.snapshot.retention.file.num = 5 (custom)
2020-07-21 10:22:48,702 [pool-592-thread-1] INFO  server.RaftServerConfigKeys (ConfUtils.java:logGet(44)) - raft.server.log.purge.upto.snapshot.index = false (default)
2020-07-21 10:22:48,702 [pool-592-thread-1] INFO  server.RaftServerConfigKeys (ConfUtils.java:logGet(44)) - raft.server.retrycache.expirytime = 600000ms (custom)
2020-07-21 10:22:48,702 [pool-592-thread-1] INFO  metrics.RatisMetrics (RatisMetrics.java:lambda$create$0(36)) - Creating Metrics Registry : ratis.leader_election.8b103efb-4bcc-46ba-8a16-605357281583@group-4BA1FCFD4EB6
2020-07-21 10:22:48,702 [pool-592-thread-1] INFO  metrics.RatisMetrics (RatisMetrics.java:lambda$create$0(36)) - Creating Metrics Registry : ratis.server.8b103efb-4bcc-46ba-8a16-605357281583@group-4BA1FCFD4EB6
2020-07-21 10:22:48,704 [pool-592-thread-1] INFO  impl.RaftServerImpl (RaftServerImpl.java:start(196)) - 8b103efb-4bcc-46ba-8a16-605357281583@group-4BA1FCFD4EB6: start as a follower, conf=-1: [8b103efb-4bcc-46ba-8a16-605357281583:172.17.0.2:34397, 1e765541-286b-46a5-8366-eef195687e41:172.17.0.2:37839, dc1ecc86-b233-440d-8be3-38a10f678b98:172.17.0.2:36481], old=null
2020-07-21 10:22:48,704 [pool-592-thread-1] INFO  impl.RaftServerImpl (RaftServerImpl.java:setRole(185)) - 8b103efb-4bcc-46ba-8a16-605357281583@group-4BA1FCFD4EB6: changes role from      null to FOLLOWER at term 0 for startAsFollower
2020-07-21 10:22:48,704 [pool-592-thread-1] INFO  impl.RoleInfo (RoleInfo.java:updateAndGet(143)) - 8b103efb-4bcc-46ba-8a16-605357281583: start FollowerState
2020-07-21 10:22:48,704 [pool-592-thread-1] INFO  util.JmxRegister (JmxRegister.java:tryRegister(44)) - Successfully registered JMX Bean with object name Ratis:service=RaftServer,group=group-4BA1FCFD4EB6,id=8b103efb-4bcc-46ba-8a16-605357281583
2020-07-21 10:22:48,704 [pool-592-thread-1] INFO  metrics.RatisMetrics (RatisMetrics.java:lambda$create$0(36)) - Creating Metrics Registry : ratis.state_machine.8b103efb-4bcc-46ba-8a16-605357281583@group-4BA1FCFD4EB6
2020-07-21 10:22:48,714 [grpc-default-executor-1] INFO  impl.RaftServerProxy (RaftServerProxy.java:addNew(89)) - 1e765541-286b-46a5-8366-eef195687e41: addNew group-4BA1FCFD4EB6:[8b103efb-4bcc-46ba-8a16-605357281583:172.17.0.2:34397, 1e765541-286b-46a5-8366-eef195687e41:172.17.0.2:37839, dc1ecc86-b233-440d-8be3-38a10f678b98:172.17.0.2:36481] returns group-4BA1FCFD4EB6:java.util.concurrent.CompletableFuture@5d4afd5f[Not completed]
2020-07-21 10:22:48,714 [pool-622-thread-1] INFO  impl.RaftServerImpl (RaftServerImpl.java:<init>(107)) - 1e765541-286b-46a5-8366-eef195687e41: new RaftServerImpl for group-4BA1FCFD4EB6:[8b103efb-4bcc-46ba-8a16-605357281583:172.17.0.2:34397, 1e765541-286b-46a5-8366-eef195687e41:172.17.0.2:37839, dc1ecc86-b233-440d-8be3-38a10f678b98:172.17.0.2:36481] with ContainerStateMachine:uninitialized
2020-07-21 10:22:48,715 [pool-622-thread-1] INFO  server.RaftServerConfigKeys (ConfUtils.java:logGet(44)) - raft.server.rpc.timeout.min = 5s (custom)
2020-07-21 10:22:48,715 [pool-622-thread-1] INFO  server.RaftServerConfigKeys (ConfUtils.java:logGet(44)) - raft.server.rpc.timeout.max = 5200ms (custom)
2020-07-21 10:22:48,715 [pool-622-thread-1] INFO  server.RaftServerConfigKeys (ConfUtils.java:logGet(44)) - raft.server.rpcslowness.timeout = 300000ms (custom)
2020-07-21 10:22:48,715 [pool-622-thread-1] INFO  server.RaftServerConfigKeys (ConfUtils.java:logGet(44)) - raft.server.sleep.deviation.threshold = 300 (default)
2020-07-21 10:22:48,715 [pool-622-thread-1] INFO  server.RaftServerConfigKeys (ConfUtils.java:logGet(44)) - raft.server.log.appender.install.snapshot.enabled = false (custom)
2020-07-21 10:22:48,715 [pool-622-thread-1] INFO  impl.RaftServerImpl (ServerState.java:<init>(103)) - 1e765541-286b-46a5-8366-eef195687e41@group-4BA1FCFD4EB6: ConfigurationManager, init=-1: [8b103efb-4bcc-46ba-8a16-605357281583:172.17.0.2:34397, 1e765541-286b-46a5-8366-eef195687e41:172.17.0.2:37839, dc1ecc86-b233-440d-8be3-38a10f678b98:172.17.0.2:36481], old=null, confs=<EMPTY_MAP>
2020-07-21 10:22:48,715 [pool-622-thread-1] INFO  server.RaftServerConfigKeys (ConfUtils.java:logGet(44)) - raft.server.storage.dir = [/github/workspace/mnt/ozone/hadoop-ozone/integration-test/target/test-dir/MiniOzoneClusterImpl-26aa3f93-67e0-4cbe-8624-cf0efb7a6165/datanode-8/data/ratis] (custom)
2020-07-21 10:22:48,715 [pool-622-thread-1] INFO  server.RaftServerConfigKeys (ConfUtils.java:logGet(44)) - raft.server.log.corruption.policy = EXCEPTION (default)
2020-07-21 10:22:48,715 [pool-622-thread-1] INFO  storage.RaftStorageDirectory (RaftStorageDirectory.java:analyzeStorage(261)) - The storage directory /github/workspace/mnt/ozone/hadoop-ozone/integration-test/target/test-dir/MiniOzoneClusterImpl-26aa3f93-67e0-4cbe-8624-cf0efb7a6165/datanode-8/data/ratis/876f53f7-c042-4df6-84d9-4ba1fcfd4eb6 does not exist. Creating ...
2020-07-21 10:22:48,716 [pool-622-thread-1] INFO  storage.RaftStorageDirectory (RaftStorageDirectory.java:tryLock(343)) - Lock on /github/workspace/mnt/ozone/hadoop-ozone/integration-test/target/test-dir/MiniOzoneClusterImpl-26aa3f93-67e0-4cbe-8624-cf0efb7a6165/datanode-8/data/ratis/876f53f7-c042-4df6-84d9-4ba1fcfd4eb6/in_use.lock acquired by nodename 44496@f401945b6f42
2020-07-21 10:22:48,717 [pool-622-thread-1] INFO  storage.RaftStorage (RaftStorage.java:format(84)) - Storage directory /github/workspace/mnt/ozone/hadoop-ozone/integration-test/target/test-dir/MiniOzoneClusterImpl-26aa3f93-67e0-4cbe-8624-cf0efb7a6165/datanode-8/data/ratis/876f53f7-c042-4df6-84d9-4ba1fcfd4eb6 has been successfully formatted.
2020-07-21 10:22:48,718 [pool-622-thread-1] INFO  ratis.ContainerStateMachine (ContainerStateMachine.java:loadSnapshot(225)) - group-4BA1FCFD4EB6: The snapshot info is null. Setting the last applied indexto:(t:0, i:~)
2020-07-21 10:22:48,718 [pool-622-thread-1] INFO  server.RaftServerConfigKeys (ConfUtils.java:logGet(44)) - raft.server.notification.no-leader.timeout = 300000ms (custom)
2020-07-21 10:22:48,718 [pool-622-thread-1] INFO  server.RaftServerConfigKeys (ConfUtils.java:logGet(44)) - raft.server.log.use.memory = false (default)
2020-07-21 10:22:48,718 [pool-622-thread-1] INFO  server.RaftServerConfigKeys (ConfUtils.java:logGet(44)) - raft.server.log.purge.gap = 1000000 (custom)
2020-07-21 10:22:48,718 [pool-622-thread-1] INFO  metrics.RatisMetrics (RatisMetrics.java:lambda$create$0(36)) - Creating Metrics Registry : ratis.log_worker.1e765541-286b-46a5-8366-eef195687e41@group-4BA1FCFD4EB6
2020-07-21 10:22:48,719 [pool-622-thread-1] INFO  server.RaftServerConfigKeys (ConfUtils.java:logGet(44)) - raft.server.log.appender.buffer.byte-limit = 33554432 (custom)
2020-07-21 10:22:48,719 [pool-622-thread-1] INFO  server.RaftServerConfigKeys (ConfUtils.java:logGet(44)) - raft.server.log.segment.size.max = 1048576 (custom)
2020-07-21 10:22:48,720 [pool-622-thread-1] INFO  server.RaftServerConfigKeys (ConfUtils.java:logGet(44)) - raft.server.log.segment.cache.num.max = 2 (custom)
2020-07-21 10:22:48,720 [pool-622-thread-1] INFO  segmented.SegmentedRaftLogWorker (SegmentedRaftLogWorker.java:<init>(180)) - new 1e765541-286b-46a5-8366-eef195687e41@group-4BA1FCFD4EB6-SegmentedRaftLogWorker for RaftStorage:Storage Directory /github/workspace/mnt/ozone/hadoop-ozone/integration-test/target/test-dir/MiniOzoneClusterImpl-26aa3f93-67e0-4cbe-8624-cf0efb7a6165/datanode-8/data/ratis/876f53f7-c042-4df6-84d9-4ba1fcfd4eb6
2020-07-21 10:22:48,720 [pool-622-thread-1] INFO  server.RaftServerConfigKeys (ConfUtils.java:logGet(44)) - raft.server.log.queue.byte-limit = 2147483647 (custom)
2020-07-21 10:22:48,720 [pool-622-thread-1] INFO  server.RaftServerConfigKeys (ConfUtils.java:logGet(44)) - raft.server.log.queue.element-limit = 1024 (custom)
2020-07-21 10:22:48,720 [pool-622-thread-1] INFO  server.RaftServerConfigKeys (ConfUtils.java:logGet(44)) - raft.server.log.segment.size.max = 1048576 (custom)
2020-07-21 10:22:48,720 [pool-622-thread-1] INFO  server.RaftServerConfigKeys (ConfUtils.java:logGet(44)) - raft.server.log.preallocated.size = 16384 (custom)
2020-07-21 10:22:48,720 [pool-622-thread-1] INFO  server.RaftServerConfigKeys (ConfUtils.java:logGet(44)) - raft.server.log.write.buffer.size = 1048576 (custom)
2020-07-21 10:22:48,720 [pool-622-thread-1] INFO  server.RaftServerConfigKeys (ConfUtils.java:logGet(44)) - raft.server.log.force.sync.num = 128 (default)
2020-07-21 10:22:48,720 [pool-622-thread-1] INFO  server.RaftServerConfigKeys (ConfUtils.java:logGet(44)) - raft.server.log.statemachine.data.sync = true (default)
2020-07-21 10:22:48,720 [pool-622-thread-1] INFO  server.RaftServerConfigKeys (ConfUtils.java:logGet(44)) - raft.server.log.statemachine.data.sync.timeout = 10s (default)
2020-07-21 10:22:48,720 [pool-622-thread-1] INFO  server.RaftServerConfigKeys (ConfUtils.java:logGet(44)) - raft.server.log.statemachine.data.sync.timeout.retry = -1 (default)
2020-07-21 10:22:48,722 [pool-622-thread-1] INFO  server.RaftServerConfigKeys (ConfUtils.java:logGet(44)) - raft.server.log.statemachine.data.caching.enabled = true (custom)
2020-07-21 10:22:48,722 [pool-622-thread-1] INFO  segmented.SegmentedRaftLogWorker (SegmentedRaftLogWorker.java:lambda$new$0(129)) - 1e765541-286b-46a5-8366-eef195687e41@group-4BA1FCFD4EB6-SegmentedRaftLogWorker: flushIndex: setUnconditionally 0 -> -1
2020-07-21 10:22:48,722 [pool-622-thread-1] INFO  segmented.SegmentedRaftLogWorker (SegmentedRaftLogWorker.java:lambda$new$0(129)) - 1e765541-286b-46a5-8366-eef195687e41@group-4BA1FCFD4EB6-SegmentedRaftLogWorker: safeCacheEvictIndex: setUnconditionally 0 -> -1
2020-07-21 10:22:48,722 [pool-622-thread-1] INFO  server.RaftServerConfigKeys (ConfUtils.java:logGet(44)) - raft.server.snapshot.auto.trigger.enabled = true (custom)
2020-07-21 10:22:48,722 [pool-622-thread-1] INFO  server.RaftServerConfigKeys (ConfUtils.java:logGet(44)) - raft.server.snapshot.auto.trigger.threshold = 10000 (custom)
2020-07-21 10:22:48,722 [pool-622-thread-1] INFO  server.RaftServerConfigKeys (ConfUtils.java:logGet(44)) - raft.server.snapshot.retention.file.num = 5 (custom)
2020-07-21 10:22:48,723 [pool-622-thread-1] INFO  server.RaftServerConfigKeys (ConfUtils.java:logGet(44)) - raft.server.log.purge.upto.snapshot.index = false (default)
2020-07-21 10:22:48,723 [pool-622-thread-1] INFO  server.RaftServerConfigKeys (ConfUtils.java:logGet(44)) - raft.server.retrycache.expirytime = 600000ms (custom)
2020-07-21 10:22:48,723 [pool-622-thread-1] INFO  metrics.RatisMetrics (RatisMetrics.java:lambda$create$0(36)) - Creating Metrics Registry : ratis.leader_election.1e765541-286b-46a5-8366-eef195687e41@group-4BA1FCFD4EB6
2020-07-21 10:22:48,723 [pool-622-thread-1] INFO  metrics.RatisMetrics (RatisMetrics.java:lambda$create$0(36)) - Creating Metrics Registry : ratis.server.1e765541-286b-46a5-8366-eef195687e41@group-4BA1FCFD4EB6
2020-07-21 10:22:48,724 [pool-622-thread-1] INFO  impl.RaftServerImpl (RaftServerImpl.java:start(196)) - 1e765541-286b-46a5-8366-eef195687e41@group-4BA1FCFD4EB6: start as a follower, conf=-1: [8b103efb-4bcc-46ba-8a16-605357281583:172.17.0.2:34397, 1e765541-286b-46a5-8366-eef195687e41:172.17.0.2:37839, dc1ecc86-b233-440d-8be3-38a10f678b98:172.17.0.2:36481], old=null
2020-07-21 10:22:48,724 [pool-622-thread-1] INFO  impl.RaftServerImpl (RaftServerImpl.java:setRole(185)) - 1e765541-286b-46a5-8366-eef195687e41@group-4BA1FCFD4EB6: changes role from      null to FOLLOWER at term 0 for startAsFollower
2020-07-21 10:22:48,724 [pool-622-thread-1] INFO  impl.RoleInfo (RoleInfo.java:updateAndGet(143)) - 1e765541-286b-46a5-8366-eef195687e41: start FollowerState
2020-07-21 10:22:48,724 [pool-622-thread-1] INFO  util.JmxRegister (JmxRegister.java:tryRegister(44)) - Successfully registered JMX Bean with object name Ratis:service=RaftServer,group=group-4BA1FCFD4EB6,id=1e765541-286b-46a5-8366-eef195687e41
2020-07-21 10:22:48,725 [pool-622-thread-1] INFO  metrics.RatisMetrics (RatisMetrics.java:lambda$create$0(36)) - Creating Metrics Registry : ratis.state_machine.1e765541-286b-46a5-8366-eef195687e41@group-4BA1FCFD4EB6
2020-07-21 10:22:48,741 [grpc-default-executor-1] INFO  impl.RaftServerProxy (RaftServerProxy.java:addNew(89)) - dc1ecc86-b233-440d-8be3-38a10f678b98: addNew group-4BA1FCFD4EB6:[8b103efb-4bcc-46ba-8a16-605357281583:172.17.0.2:34397, 1e765541-286b-46a5-8366-eef195687e41:172.17.0.2:37839, dc1ecc86-b233-440d-8be3-38a10f678b98:172.17.0.2:36481] returns group-4BA1FCFD4EB6:java.util.concurrent.CompletableFuture@54dcd88d[Not completed]
2020-07-21 10:22:48,741 [pool-607-thread-1] INFO  impl.RaftServerImpl (RaftServerImpl.java:<init>(107)) - dc1ecc86-b233-440d-8be3-38a10f678b98: new RaftServerImpl for group-4BA1FCFD4EB6:[8b103efb-4bcc-46ba-8a16-605357281583:172.17.0.2:34397, 1e765541-286b-46a5-8366-eef195687e41:172.17.0.2:37839, dc1ecc86-b233-440d-8be3-38a10f678b98:172.17.0.2:36481] with ContainerStateMachine:uninitialized
2020-07-21 10:22:48,741 [pool-607-thread-1] INFO  server.RaftServerConfigKeys (ConfUtils.java:logGet(44)) - raft.server.rpc.timeout.min = 5s (custom)
2020-07-21 10:22:48,741 [pool-607-thread-1] INFO  server.RaftServerConfigKeys (ConfUtils.java:logGet(44)) - raft.server.rpc.timeout.max = 5200ms (custom)
2020-07-21 10:22:48,741 [pool-607-thread-1] INFO  server.RaftServerConfigKeys (ConfUtils.java:logGet(44)) - raft.server.rpcslowness.timeout = 300000ms (custom)
2020-07-21 10:22:48,742 [pool-607-thread-1] INFO  server.RaftServerConfigKeys (ConfUtils.java:logGet(44)) - raft.server.sleep.deviation.threshold = 300 (default)
2020-07-21 10:22:48,742 [pool-607-thread-1] INFO  server.RaftServerConfigKeys (ConfUtils.java:logGet(44)) - raft.server.log.appender.install.snapshot.enabled = false (custom)
2020-07-21 10:22:48,742 [pool-607-thread-1] INFO  impl.RaftServerImpl (ServerState.java:<init>(103)) - dc1ecc86-b233-440d-8be3-38a10f678b98@group-4BA1FCFD4EB6: ConfigurationManager, init=-1: [8b103efb-4bcc-46ba-8a16-605357281583:172.17.0.2:34397, 1e765541-286b-46a5-8366-eef195687e41:172.17.0.2:37839, dc1ecc86-b233-440d-8be3-38a10f678b98:172.17.0.2:36481], old=null, confs=<EMPTY_MAP>
2020-07-21 10:22:48,742 [pool-607-thread-1] INFO  server.RaftServerConfigKeys (ConfUtils.java:logGet(44)) - raft.server.storage.dir = [/github/workspace/mnt/ozone/hadoop-ozone/integration-test/target/test-dir/MiniOzoneClusterImpl-26aa3f93-67e0-4cbe-8624-cf0efb7a6165/datanode-7/data/ratis] (custom)
2020-07-21 10:22:48,742 [pool-607-thread-1] INFO  server.RaftServerConfigKeys (ConfUtils.java:logGet(44)) - raft.server.log.corruption.policy = EXCEPTION (default)
2020-07-21 10:22:48,742 [pool-607-thread-1] INFO  storage.RaftStorageDirectory (RaftStorageDirectory.java:analyzeStorage(261)) - The storage directory /github/workspace/mnt/ozone/hadoop-ozone/integration-test/target/test-dir/MiniOzoneClusterImpl-26aa3f93-67e0-4cbe-8624-cf0efb7a6165/datanode-7/data/ratis/876f53f7-c042-4df6-84d9-4ba1fcfd4eb6 does not exist. Creating ...
2020-07-21 10:22:48,743 [pool-607-thread-1] INFO  storage.RaftStorageDirectory (RaftStorageDirectory.java:tryLock(343)) - Lock on /github/workspace/mnt/ozone/hadoop-ozone/integration-test/target/test-dir/MiniOzoneClusterImpl-26aa3f93-67e0-4cbe-8624-cf0efb7a6165/datanode-7/data/ratis/876f53f7-c042-4df6-84d9-4ba1fcfd4eb6/in_use.lock acquired by nodename 44496@f401945b6f42
2020-07-21 10:22:48,744 [pool-607-thread-1] INFO  storage.RaftStorage (RaftStorage.java:format(84)) - Storage directory /github/workspace/mnt/ozone/hadoop-ozone/integration-test/target/test-dir/MiniOzoneClusterImpl-26aa3f93-67e0-4cbe-8624-cf0efb7a6165/datanode-7/data/ratis/876f53f7-c042-4df6-84d9-4ba1fcfd4eb6 has been successfully formatted.
2020-07-21 10:22:48,746 [pool-607-thread-1] INFO  ratis.ContainerStateMachine (ContainerStateMachine.java:loadSnapshot(225)) - group-4BA1FCFD4EB6: The snapshot info is null. Setting the last applied indexto:(t:0, i:~)
2020-07-21 10:22:48,748 [pool-607-thread-1] INFO  server.RaftServerConfigKeys (ConfUtils.java:logGet(44)) - raft.server.notification.no-leader.timeout = 300000ms (custom)
2020-07-21 10:22:48,748 [pool-607-thread-1] INFO  server.RaftServerConfigKeys (ConfUtils.java:logGet(44)) - raft.server.log.use.memory = false (default)
2020-07-21 10:22:48,749 [pool-607-thread-1] INFO  server.RaftServerConfigKeys (ConfUtils.java:logGet(44)) - raft.server.log.purge.gap = 1000000 (custom)
2020-07-21 10:22:48,749 [pool-607-thread-1] INFO  metrics.RatisMetrics (RatisMetrics.java:lambda$create$0(36)) - Creating Metrics Registry : ratis.log_worker.dc1ecc86-b233-440d-8be3-38a10f678b98@group-4BA1FCFD4EB6
2020-07-21 10:22:48,749 [pool-607-thread-1] INFO  server.RaftServerConfigKeys (ConfUtils.java:logGet(44)) - raft.server.log.appender.buffer.byte-limit = 33554432 (custom)
2020-07-21 10:22:48,749 [pool-607-thread-1] INFO  server.RaftServerConfigKeys (ConfUtils.java:logGet(44)) - raft.server.log.segment.size.max = 1048576 (custom)
2020-07-21 10:22:48,750 [pool-607-thread-1] INFO  server.RaftServerConfigKeys (ConfUtils.java:logGet(44)) - raft.server.log.segment.cache.num.max = 2 (custom)
2020-07-21 10:22:48,750 [pool-607-thread-1] INFO  segmented.SegmentedRaftLogWorker (SegmentedRaftLogWorker.java:<init>(180)) - new dc1ecc86-b233-440d-8be3-38a10f678b98@group-4BA1FCFD4EB6-SegmentedRaftLogWorker for RaftStorage:Storage Directory /github/workspace/mnt/ozone/hadoop-ozone/integration-test/target/test-dir/MiniOzoneClusterImpl-26aa3f93-67e0-4cbe-8624-cf0efb7a6165/datanode-7/data/ratis/876f53f7-c042-4df6-84d9-4ba1fcfd4eb6
2020-07-21 10:22:48,750 [pool-607-thread-1] INFO  server.RaftServerConfigKeys (ConfUtils.java:logGet(44)) - raft.server.log.queue.byte-limit = 2147483647 (custom)
2020-07-21 10:22:48,750 [pool-607-thread-1] INFO  server.RaftServerConfigKeys (ConfUtils.java:logGet(44)) - raft.server.log.queue.element-limit = 1024 (custom)
2020-07-21 10:22:48,750 [pool-607-thread-1] INFO  server.RaftServerConfigKeys (ConfUtils.java:logGet(44)) - raft.server.log.segment.size.max = 1048576 (custom)
2020-07-21 10:22:48,750 [pool-607-thread-1] INFO  server.RaftServerConfigKeys (ConfUtils.java:logGet(44)) - raft.server.log.preallocated.size = 16384 (custom)
2020-07-21 10:22:48,750 [pool-607-thread-1] INFO  server.RaftServerConfigKeys (ConfUtils.java:logGet(44)) - raft.server.log.write.buffer.size = 1048576 (custom)
2020-07-21 10:22:48,750 [pool-607-thread-1] INFO  server.RaftServerConfigKeys (ConfUtils.java:logGet(44)) - raft.server.log.force.sync.num = 128 (default)
2020-07-21 10:22:48,750 [pool-607-thread-1] INFO  server.RaftServerConfigKeys (ConfUtils.java:logGet(44)) - raft.server.log.statemachine.data.sync = true (default)
2020-07-21 10:22:48,750 [pool-607-thread-1] INFO  server.RaftServerConfigKeys (ConfUtils.java:logGet(44)) - raft.server.log.statemachine.data.sync.timeout = 10s (default)
2020-07-21 10:22:48,750 [pool-607-thread-1] INFO  server.RaftServerConfigKeys (ConfUtils.java:logGet(44)) - raft.server.log.statemachine.data.sync.timeout.retry = -1 (default)
2020-07-21 10:22:48,752 [pool-607-thread-1] INFO  server.RaftServerConfigKeys (ConfUtils.java:logGet(44)) - raft.server.log.statemachine.data.caching.enabled = true (custom)
2020-07-21 10:22:48,753 [pool-607-thread-1] INFO  segmented.SegmentedRaftLogWorker (SegmentedRaftLogWorker.java:lambda$new$0(129)) - dc1ecc86-b233-440d-8be3-38a10f678b98@group-4BA1FCFD4EB6-SegmentedRaftLogWorker: flushIndex: setUnconditionally 0 -> -1
2020-07-21 10:22:48,753 [pool-607-thread-1] INFO  segmented.SegmentedRaftLogWorker (SegmentedRaftLogWorker.java:lambda$new$0(129)) - dc1ecc86-b233-440d-8be3-38a10f678b98@group-4BA1FCFD4EB6-SegmentedRaftLogWorker: safeCacheEvictIndex: setUnconditionally 0 -> -1
2020-07-21 10:22:48,753 [pool-607-thread-1] INFO  server.RaftServerConfigKeys (ConfUtils.java:logGet(44)) - raft.server.snapshot.auto.trigger.enabled = true (custom)
2020-07-21 10:22:48,753 [pool-607-thread-1] INFO  server.RaftServerConfigKeys (ConfUtils.java:logGet(44)) - raft.server.snapshot.auto.trigger.threshold = 10000 (custom)
2020-07-21 10:22:48,753 [pool-607-thread-1] INFO  server.RaftServerConfigKeys (ConfUtils.java:logGet(44)) - raft.server.snapshot.retention.file.num = 5 (custom)
2020-07-21 10:22:48,753 [pool-607-thread-1] INFO  server.RaftServerConfigKeys (ConfUtils.java:logGet(44)) - raft.server.log.purge.upto.snapshot.index = false (default)
2020-07-21 10:22:48,753 [pool-607-thread-1] INFO  server.RaftServerConfigKeys (ConfUtils.java:logGet(44)) - raft.server.retrycache.expirytime = 600000ms (custom)
2020-07-21 10:22:48,753 [pool-607-thread-1] INFO  metrics.RatisMetrics (RatisMetrics.java:lambda$create$0(36)) - Creating Metrics Registry : ratis.leader_election.dc1ecc86-b233-440d-8be3-38a10f678b98@group-4BA1FCFD4EB6
2020-07-21 10:22:48,754 [pool-607-thread-1] INFO  metrics.RatisMetrics (RatisMetrics.java:lambda$create$0(36)) - Creating Metrics Registry : ratis.server.dc1ecc86-b233-440d-8be3-38a10f678b98@group-4BA1FCFD4EB6
2020-07-21 10:22:48,755 [pool-607-thread-1] INFO  impl.RaftServerImpl (RaftServerImpl.java:start(196)) - dc1ecc86-b233-440d-8be3-38a10f678b98@group-4BA1FCFD4EB6: start as a follower, conf=-1: [8b103efb-4bcc-46ba-8a16-605357281583:172.17.0.2:34397, 1e765541-286b-46a5-8366-eef195687e41:172.17.0.2:37839, dc1ecc86-b233-440d-8be3-38a10f678b98:172.17.0.2:36481], old=null
2020-07-21 10:22:48,755 [pool-607-thread-1] INFO  impl.RaftServerImpl (RaftServerImpl.java:setRole(185)) - dc1ecc86-b233-440d-8be3-38a10f678b98@group-4BA1FCFD4EB6: changes role from      null to FOLLOWER at term 0 for startAsFollower
2020-07-21 10:22:48,755 [pool-607-thread-1] INFO  impl.RoleInfo (RoleInfo.java:updateAndGet(143)) - dc1ecc86-b233-440d-8be3-38a10f678b98: start FollowerState
2020-07-21 10:22:48,755 [pool-607-thread-1] INFO  util.JmxRegister (JmxRegister.java:tryRegister(44)) - Successfully registered JMX Bean with object name Ratis:service=RaftServer,group=group-4BA1FCFD4EB6,id=dc1ecc86-b233-440d-8be3-38a10f678b98
2020-07-21 10:22:48,756 [pool-607-thread-1] INFO  metrics.RatisMetrics (RatisMetrics.java:lambda$create$0(36)) - Creating Metrics Registry : ratis.state_machine.dc1ecc86-b233-440d-8be3-38a10f678b98@group-4BA1FCFD4EB6
2020-07-21 10:22:48,759 [Command processor thread] INFO  commandhandler.CreatePipelineCommandHandler (CreatePipelineCommandHandler.java:handle(109)) - Created Pipeline RATIS THREE #id: "876f53f7-c042-4df6-84d9-4ba1fcfd4eb6"
uuid128 {
  mostSigBits: -8687632832626799114
  leastSigBits: -8873978431650574666
}
.
2020-07-21 10:22:48,769 [Command processor thread] INFO  impl.RaftServerProxy (RaftServerProxy.java:addNew(89)) - dc1ecc86-b233-440d-8be3-38a10f678b98: addNew group-0A936FAAD4A1:[dc1ecc86-b233-440d-8be3-38a10f678b98:172.17.0.2:36481] returns group-0A936FAAD4A1:java.util.concurrent.CompletableFuture@5f6b46a0[Not completed]
2020-07-21 10:22:48,770 [pool-607-thread-1] INFO  impl.RaftServerImpl (RaftServerImpl.java:<init>(107)) - dc1ecc86-b233-440d-8be3-38a10f678b98: new RaftServerImpl for group-0A936FAAD4A1:[dc1ecc86-b233-440d-8be3-38a10f678b98:172.17.0.2:36481] with ContainerStateMachine:uninitialized
2020-07-21 10:22:48,770 [pool-607-thread-1] INFO  server.RaftServerConfigKeys (ConfUtils.java:logGet(44)) - raft.server.rpc.timeout.min = 5s (custom)
2020-07-21 10:22:48,770 [pool-607-thread-1] INFO  server.RaftServerConfigKeys (ConfUtils.java:logGet(44)) - raft.server.rpc.timeout.max = 5200ms (custom)
2020-07-21 10:22:48,770 [pool-607-thread-1] INFO  server.RaftServerConfigKeys (ConfUtils.java:logGet(44)) - raft.server.rpcslowness.timeout = 300000ms (custom)
2020-07-21 10:22:48,770 [pool-607-thread-1] INFO  server.RaftServerConfigKeys (ConfUtils.java:logGet(44)) - raft.server.sleep.deviation.threshold = 300 (default)
2020-07-21 10:22:48,770 [pool-607-thread-1] INFO  server.RaftServerConfigKeys (ConfUtils.java:logGet(44)) - raft.server.log.appender.install.snapshot.enabled = false (custom)
2020-07-21 10:22:48,770 [pool-607-thread-1] INFO  impl.RaftServerImpl (ServerState.java:<init>(103)) - dc1ecc86-b233-440d-8be3-38a10f678b98@group-0A936FAAD4A1: ConfigurationManager, init=-1: [dc1ecc86-b233-440d-8be3-38a10f678b98:172.17.0.2:36481], old=null, confs=<EMPTY_MAP>
2020-07-21 10:22:48,770 [pool-607-thread-1] INFO  server.RaftServerConfigKeys (ConfUtils.java:logGet(44)) - raft.server.storage.dir = [/github/workspace/mnt/ozone/hadoop-ozone/integration-test/target/test-dir/MiniOzoneClusterImpl-26aa3f93-67e0-4cbe-8624-cf0efb7a6165/datanode-7/data/ratis] (custom)
2020-07-21 10:22:48,770 [pool-607-thread-1] INFO  server.RaftServerConfigKeys (ConfUtils.java:logGet(44)) - raft.server.log.corruption.policy = EXCEPTION (default)
2020-07-21 10:22:48,770 [pool-607-thread-1] INFO  storage.RaftStorageDirectory (RaftStorageDirectory.java:analyzeStorage(261)) - The storage directory /github/workspace/mnt/ozone/hadoop-ozone/integration-test/target/test-dir/MiniOzoneClusterImpl-26aa3f93-67e0-4cbe-8624-cf0efb7a6165/datanode-7/data/ratis/c679784b-200d-4d82-839c-0a936faad4a1 does not exist. Creating ...
2020-07-21 10:22:48,771 [pool-607-thread-1] INFO  storage.RaftStorageDirectory (RaftStorageDirectory.java:tryLock(343)) - Lock on /github/workspace/mnt/ozone/hadoop-ozone/integration-test/target/test-dir/MiniOzoneClusterImpl-26aa3f93-67e0-4cbe-8624-cf0efb7a6165/datanode-7/data/ratis/c679784b-200d-4d82-839c-0a936faad4a1/in_use.lock acquired by nodename 44496@f401945b6f42
2020-07-21 10:22:48,772 [pool-607-thread-1] INFO  storage.RaftStorage (RaftStorage.java:format(84)) - Storage directory /github/workspace/mnt/ozone/hadoop-ozone/integration-test/target/test-dir/MiniOzoneClusterImpl-26aa3f93-67e0-4cbe-8624-cf0efb7a6165/datanode-7/data/ratis/c679784b-200d-4d82-839c-0a936faad4a1 has been successfully formatted.
2020-07-21 10:22:48,772 [pool-607-thread-1] INFO  ratis.ContainerStateMachine (ContainerStateMachine.java:loadSnapshot(225)) - group-0A936FAAD4A1: The snapshot info is null. Setting the last applied indexto:(t:0, i:~)
2020-07-21 10:22:48,772 [pool-607-thread-1] INFO  server.RaftServerConfigKeys (ConfUtils.java:logGet(44)) - raft.server.notification.no-leader.timeout = 300000ms (custom)
2020-07-21 10:22:48,772 [pool-607-thread-1] INFO  server.RaftServerConfigKeys (ConfUtils.java:logGet(44)) - raft.server.log.use.memory = false (default)
2020-07-21 10:22:48,772 [pool-607-thread-1] INFO  server.RaftServerConfigKeys (ConfUtils.java:logGet(44)) - raft.server.log.purge.gap = 1000000 (custom)
2020-07-21 10:22:48,772 [pool-607-thread-1] INFO  metrics.RatisMetrics (RatisMetrics.java:lambda$create$0(36)) - Creating Metrics Registry : ratis.log_worker.dc1ecc86-b233-440d-8be3-38a10f678b98@group-0A936FAAD4A1
2020-07-21 10:22:48,773 [pool-607-thread-1] INFO  server.RaftServerConfigKeys (ConfUtils.java:logGet(44)) - raft.server.log.appender.buffer.byte-limit = 33554432 (custom)
2020-07-21 10:22:48,773 [pool-607-thread-1] INFO  server.RaftServerConfigKeys (ConfUtils.java:logGet(44)) - raft.server.log.segment.size.max = 1048576 (custom)
2020-07-21 10:22:48,773 [EventQueue-PipelineReportForPipelineReportHandler] INFO  pipeline.PipelineStateManager (PipelineStateManager.java:openPipeline(131)) - Pipeline Pipeline[ Id: c679784b-200d-4d82-839c-0a936faad4a1, Nodes: dc1ecc86-b233-440d-8be3-38a10f678b98{ip: 172.17.0.2, host: f401945b6f42, networkLocation: /default-rack, certSerialId: null}, Type:RATIS, Factor:ONE, State:ALLOCATED, leaderId:dc1ecc86-b233-440d-8be3-38a10f678b98, CreationTimestamp2020-07-21T10:22:45.771Z] moved to OPEN state
2020-07-21 10:22:48,773 [EventQueue-OpenPipelineForOneReplicaPipelineSafeModeRule] INFO  safemode.SCMSafeModeManager (SCMSafeModeManager.java:validateSafeModeExitRules(214)) - AtleastOneDatanodeReportedRule rule is successfully validated
2020-07-21 10:22:48,773 [EventQueue-OpenPipelineForHealthyPipelineSafeModeRule] INFO  safemode.SCMSafeModeManager (HealthyPipelineSafeModeRule.java:process(129)) - SCM in safe mode. Healthy pipelines reported count is 0, required healthy pipeline reported count is 1
2020-07-21 10:22:48,773 [pool-607-thread-1] INFO  server.RaftServerConfigKeys (ConfUtils.java:logGet(44)) - raft.server.log.segment.cache.num.max = 2 (custom)
2020-07-21 10:22:48,773 [pool-607-thread-1] INFO  segmented.SegmentedRaftLogWorker (SegmentedRaftLogWorker.java:<init>(180)) - new dc1ecc86-b233-440d-8be3-38a10f678b98@group-0A936FAAD4A1-SegmentedRaftLogWorker for RaftStorage:Storage Directory /github/workspace/mnt/ozone/hadoop-ozone/integration-test/target/test-dir/MiniOzoneClusterImpl-26aa3f93-67e0-4cbe-8624-cf0efb7a6165/datanode-7/data/ratis/c679784b-200d-4d82-839c-0a936faad4a1
2020-07-21 10:22:48,773 [pool-607-thread-1] INFO  server.RaftServerConfigKeys (ConfUtils.java:logGet(44)) - raft.server.log.queue.byte-limit = 2147483647 (custom)
2020-07-21 10:22:48,773 [pool-607-thread-1] INFO  server.RaftServerConfigKeys (ConfUtils.java:logGet(44)) - raft.server.log.queue.element-limit = 1024 (custom)
2020-07-21 10:22:48,773 [pool-607-thread-1] INFO  server.RaftServerConfigKeys (ConfUtils.java:logGet(44)) - raft.server.log.segment.size.max = 1048576 (custom)
2020-07-21 10:22:48,773 [pool-607-thread-1] INFO  server.RaftServerConfigKeys (ConfUtils.java:logGet(44)) - raft.server.log.preallocated.size = 16384 (custom)
2020-07-21 10:22:48,773 [pool-607-thread-1] INFO  server.RaftServerConfigKeys (ConfUtils.java:logGet(44)) - raft.server.log.write.buffer.size = 1048576 (custom)
2020-07-21 10:22:48,774 [pool-607-thread-1] INFO  server.RaftServerConfigKeys (ConfUtils.java:logGet(44)) - raft.server.log.force.sync.num = 128 (default)
2020-07-21 10:22:48,774 [pool-607-thread-1] INFO  server.RaftServerConfigKeys (ConfUtils.java:logGet(44)) - raft.server.log.statemachine.data.sync = true (default)
2020-07-21 10:22:48,774 [pool-607-thread-1] INFO  server.RaftServerConfigKeys (ConfUtils.java:logGet(44)) - raft.server.log.statemachine.data.sync.timeout = 10s (default)
2020-07-21 10:22:48,774 [pool-607-thread-1] INFO  server.RaftServerConfigKeys (ConfUtils.java:logGet(44)) - raft.server.log.statemachine.data.sync.timeout.retry = -1 (default)
2020-07-21 10:22:48,776 [pool-607-thread-1] INFO  server.RaftServerConfigKeys (ConfUtils.java:logGet(44)) - raft.server.log.statemachine.data.caching.enabled = true (custom)
2020-07-21 10:22:48,776 [pool-607-thread-1] INFO  segmented.SegmentedRaftLogWorker (SegmentedRaftLogWorker.java:lambda$new$0(129)) - dc1ecc86-b233-440d-8be3-38a10f678b98@group-0A936FAAD4A1-SegmentedRaftLogWorker: flushIndex: setUnconditionally 0 -> -1
2020-07-21 10:22:48,776 [pool-607-thread-1] INFO  segmented.SegmentedRaftLogWorker (SegmentedRaftLogWorker.java:lambda$new$0(129)) - dc1ecc86-b233-440d-8be3-38a10f678b98@group-0A936FAAD4A1-SegmentedRaftLogWorker: safeCacheEvictIndex: setUnconditionally 0 -> -1
2020-07-21 10:22:48,776 [pool-607-thread-1] INFO  server.RaftServerConfigKeys (ConfUtils.java:logGet(44)) - raft.server.snapshot.auto.trigger.enabled = true (custom)
2020-07-21 10:22:48,776 [pool-607-thread-1] INFO  server.RaftServerConfigKeys (ConfUtils.java:logGet(44)) - raft.server.snapshot.auto.trigger.threshold = 10000 (custom)
2020-07-21 10:22:48,776 [pool-607-thread-1] INFO  server.RaftServerConfigKeys (ConfUtils.java:logGet(44)) - raft.server.snapshot.retention.file.num = 5 (custom)
2020-07-21 10:22:48,776 [pool-607-thread-1] INFO  server.RaftServerConfigKeys (ConfUtils.java:logGet(44)) - raft.server.log.purge.upto.snapshot.index = false (default)
2020-07-21 10:22:48,776 [pool-607-thread-1] INFO  server.RaftServerConfigKeys (ConfUtils.java:logGet(44)) - raft.server.retrycache.expirytime = 600000ms (custom)
2020-07-21 10:22:48,776 [pool-607-thread-1] INFO  metrics.RatisMetrics (RatisMetrics.java:lambda$create$0(36)) - Creating Metrics Registry : ratis.leader_election.dc1ecc86-b233-440d-8be3-38a10f678b98@group-0A936FAAD4A1
2020-07-21 10:22:48,777 [pool-607-thread-1] INFO  metrics.RatisMetrics (RatisMetrics.java:lambda$create$0(36)) - Creating Metrics Registry : ratis.server.dc1ecc86-b233-440d-8be3-38a10f678b98@group-0A936FAAD4A1
2020-07-21 10:22:48,778 [pool-607-thread-1] INFO  impl.RaftServerImpl (RaftServerImpl.java:start(196)) - dc1ecc86-b233-440d-8be3-38a10f678b98@group-0A936FAAD4A1: start as a follower, conf=-1: [dc1ecc86-b233-440d-8be3-38a10f678b98:172.17.0.2:36481], old=null
2020-07-21 10:22:48,778 [pool-607-thread-1] INFO  impl.RaftServerImpl (RaftServerImpl.java:setRole(185)) - dc1ecc86-b233-440d-8be3-38a10f678b98@group-0A936FAAD4A1: changes role from      null to FOLLOWER at term 0 for startAsFollower
2020-07-21 10:22:48,778 [pool-607-thread-1] INFO  impl.RoleInfo (RoleInfo.java:updateAndGet(143)) - dc1ecc86-b233-440d-8be3-38a10f678b98: start FollowerState
2020-07-21 10:22:48,778 [pool-607-thread-1] INFO  util.JmxRegister (JmxRegister.java:tryRegister(44)) - Successfully registered JMX Bean with object name Ratis:service=RaftServer,group=group-0A936FAAD4A1,id=dc1ecc86-b233-440d-8be3-38a10f678b98
2020-07-21 10:22:48,779 [pool-607-thread-1] INFO  metrics.RatisMetrics (RatisMetrics.java:lambda$create$0(36)) - Creating Metrics Registry : ratis.state_machine.dc1ecc86-b233-440d-8be3-38a10f678b98@group-0A936FAAD4A1
2020-07-21 10:22:48,779 [Command processor thread] INFO  commandhandler.CreatePipelineCommandHandler (CreatePipelineCommandHandler.java:handle(109)) - Created Pipeline RATIS ONE #id: "c679784b-200d-4d82-839c-0a936faad4a1"
uuid128 {
  mostSigBits: -4145149717962207870
  leastSigBits: -8963277530024192863
}
.
2020-07-21 10:22:48,864 [Command processor thread] INFO  impl.RaftServerProxy (RaftServerProxy.java:addNew(89)) - 1e765541-286b-46a5-8366-eef195687e41: addNew group-341C4FEFF166:[1e765541-286b-46a5-8366-eef195687e41:172.17.0.2:37839] returns group-341C4FEFF166:java.util.concurrent.CompletableFuture@27a036dd[Not completed]
2020-07-21 10:22:48,865 [pool-622-thread-1] INFO  impl.RaftServerImpl (RaftServerImpl.java:<init>(107)) - 1e765541-286b-46a5-8366-eef195687e41: new RaftServerImpl for group-341C4FEFF166:[1e765541-286b-46a5-8366-eef195687e41:172.17.0.2:37839] with ContainerStateMachine:uninitialized
2020-07-21 10:22:48,865 [pool-622-thread-1] INFO  server.RaftServerConfigKeys (ConfUtils.java:logGet(44)) - raft.server.rpc.timeout.min = 5s (custom)
2020-07-21 10:22:48,865 [pool-622-thread-1] INFO  server.RaftServerConfigKeys (ConfUtils.java:logGet(44)) - raft.server.rpc.timeout.max = 5200ms (custom)
2020-07-21 10:22:48,865 [pool-622-thread-1] INFO  server.RaftServerConfigKeys (ConfUtils.java:logGet(44)) - raft.server.rpcslowness.timeout = 300000ms (custom)
2020-07-21 10:22:48,865 [pool-622-thread-1] INFO  server.RaftServerConfigKeys (ConfUtils.java:logGet(44)) - raft.server.sleep.deviation.threshold = 300 (default)
2020-07-21 10:22:48,866 [pool-622-thread-1] INFO  server.RaftServerConfigKeys (ConfUtils.java:logGet(44)) - raft.server.log.appender.install.snapshot.enabled = false (custom)
2020-07-21 10:22:48,866 [pool-622-thread-1] INFO  impl.RaftServerImpl (ServerState.java:<init>(103)) - 1e765541-286b-46a5-8366-eef195687e41@group-341C4FEFF166: ConfigurationManager, init=-1: [1e765541-286b-46a5-8366-eef195687e41:172.17.0.2:37839], old=null, confs=<EMPTY_MAP>
2020-07-21 10:22:48,866 [pool-622-thread-1] INFO  server.RaftServerConfigKeys (ConfUtils.java:logGet(44)) - raft.server.storage.dir = [/github/workspace/mnt/ozone/hadoop-ozone/integration-test/target/test-dir/MiniOzoneClusterImpl-26aa3f93-67e0-4cbe-8624-cf0efb7a6165/datanode-8/data/ratis] (custom)
2020-07-21 10:22:48,866 [pool-622-thread-1] INFO  server.RaftServerConfigKeys (ConfUtils.java:logGet(44)) - raft.server.log.corruption.policy = EXCEPTION (default)
2020-07-21 10:22:48,866 [pool-622-thread-1] INFO  storage.RaftStorageDirectory (RaftStorageDirectory.java:analyzeStorage(261)) - The storage directory /github/workspace/mnt/ozone/hadoop-ozone/integration-test/target/test-dir/MiniOzoneClusterImpl-26aa3f93-67e0-4cbe-8624-cf0efb7a6165/datanode-8/data/ratis/ef472ca4-0449-4fe3-8364-341c4feff166 does not exist. Creating ...
2020-07-21 10:22:48,867 [pool-622-thread-1] INFO  storage.RaftStorageDirectory (RaftStorageDirectory.java:tryLock(343)) - Lock on /github/workspace/mnt/ozone/hadoop-ozone/integration-test/target/test-dir/MiniOzoneClusterImpl-26aa3f93-67e0-4cbe-8624-cf0efb7a6165/datanode-8/data/ratis/ef472ca4-0449-4fe3-8364-341c4feff166/in_use.lock acquired by nodename 44496@f401945b6f42
2020-07-21 10:22:48,868 [Listener at 127.0.0.1/37905] INFO  ozone.MiniOzoneClusterImpl (MiniOzoneClusterImpl.java:lambda$waitForClusterToBeReady$0(177)) - Nodes are ready. Got 9 of 9 DN Heartbeats.
2020-07-21 10:22:48,868 [Listener at 127.0.0.1/37905] INFO  ozone.MiniOzoneClusterImpl (MiniOzoneClusterImpl.java:lambda$waitForClusterToBeReady$0(180)) - Waiting for cluster to exit safe mode
2020-07-21 10:22:48,868 [pool-622-thread-1] INFO  storage.RaftStorage (RaftStorage.java:format(84)) - Storage directory /github/workspace/mnt/ozone/hadoop-ozone/integration-test/target/test-dir/MiniOzoneClusterImpl-26aa3f93-67e0-4cbe-8624-cf0efb7a6165/datanode-8/data/ratis/ef472ca4-0449-4fe3-8364-341c4feff166 has been successfully formatted.
2020-07-21 10:22:48,869 [pool-622-thread-1] INFO  ratis.ContainerStateMachine (ContainerStateMachine.java:loadSnapshot(225)) - group-341C4FEFF166: The snapshot info is null. Setting the last applied indexto:(t:0, i:~)
2020-07-21 10:22:48,869 [pool-622-thread-1] INFO  server.RaftServerConfigKeys (ConfUtils.java:logGet(44)) - raft.server.notification.no-leader.timeout = 300000ms (custom)
2020-07-21 10:22:48,869 [EventQueue-PipelineReportForPipelineReportHandler] INFO  pipeline.PipelineStateManager (PipelineStateManager.java:openPipeline(131)) - Pipeline Pipeline[ Id: ef472ca4-0449-4fe3-8364-341c4feff166, Nodes: 1e765541-286b-46a5-8366-eef195687e41{ip: 172.17.0.2, host: f401945b6f42, networkLocation: /default-rack, certSerialId: null}, Type:RATIS, Factor:ONE, State:ALLOCATED, leaderId:1e765541-286b-46a5-8366-eef195687e41, CreationTimestamp2020-07-21T10:22:45.867Z] moved to OPEN state
2020-07-21 10:22:48,870 [EventQueue-OpenPipelineForOneReplicaPipelineSafeModeRule] INFO  safemode.SCMSafeModeManager (SCMSafeModeManager.java:validateSafeModeExitRules(214)) - AtleastOneDatanodeReportedRule rule is successfully validated
2020-07-21 10:22:48,870 [pool-622-thread-1] INFO  server.RaftServerConfigKeys (ConfUtils.java:logGet(44)) - raft.server.log.use.memory = false (default)
2020-07-21 10:22:48,870 [EventQueue-OpenPipelineForHealthyPipelineSafeModeRule] INFO  safemode.SCMSafeModeManager (HealthyPipelineSafeModeRule.java:process(129)) - SCM in safe mode. Healthy pipelines reported count is 0, required healthy pipeline reported count is 1
2020-07-21 10:22:48,870 [pool-622-thread-1] INFO  server.RaftServerConfigKeys (ConfUtils.java:logGet(44)) - raft.server.log.purge.gap = 1000000 (custom)
2020-07-21 10:22:48,870 [pool-622-thread-1] INFO  metrics.RatisMetrics (RatisMetrics.java:lambda$create$0(36)) - Creating Metrics Registry : ratis.log_worker.1e765541-286b-46a5-8366-eef195687e41@group-341C4FEFF166
2020-07-21 10:22:48,870 [pool-622-thread-1] INFO  server.RaftServerConfigKeys (ConfUtils.java:logGet(44)) - raft.server.log.appender.buffer.byte-limit = 33554432 (custom)
2020-07-21 10:22:48,871 [pool-622-thread-1] INFO  server.RaftServerConfigKeys (ConfUtils.java:logGet(44)) - raft.server.log.segment.size.max = 1048576 (custom)
2020-07-21 10:22:48,872 [pool-622-thread-1] INFO  server.RaftServerConfigKeys (ConfUtils.java:logGet(44)) - raft.server.log.segment.cache.num.max = 2 (custom)
2020-07-21 10:22:48,872 [pool-622-thread-1] INFO  segmented.SegmentedRaftLogWorker (SegmentedRaftLogWorker.java:<init>(180)) - new 1e765541-286b-46a5-8366-eef195687e41@group-341C4FEFF166-SegmentedRaftLogWorker for RaftStorage:Storage Directory /github/workspace/mnt/ozone/hadoop-ozone/integration-test/target/test-dir/MiniOzoneClusterImpl-26aa3f93-67e0-4cbe-8624-cf0efb7a6165/datanode-8/data/ratis/ef472ca4-0449-4fe3-8364-341c4feff166
2020-07-21 10:22:48,872 [pool-622-thread-1] INFO  server.RaftServerConfigKeys (ConfUtils.java:logGet(44)) - raft.server.log.queue.byte-limit = 2147483647 (custom)
2020-07-21 10:22:48,872 [pool-622-thread-1] INFO  server.RaftServerConfigKeys (ConfUtils.java:logGet(44)) - raft.server.log.queue.element-limit = 1024 (custom)
2020-07-21 10:22:48,872 [pool-622-thread-1] INFO  server.RaftServerConfigKeys (ConfUtils.java:logGet(44)) - raft.server.log.segment.size.max = 1048576 (custom)
2020-07-21 10:22:48,873 [pool-622-thread-1] INFO  server.RaftServerConfigKeys (ConfUtils.java:logGet(44)) - raft.server.log.preallocated.size = 16384 (custom)
2020-07-21 10:22:48,873 [pool-622-thread-1] INFO  server.RaftServerConfigKeys (ConfUtils.java:logGet(44)) - raft.server.log.write.buffer.size = 1048576 (custom)
2020-07-21 10:22:48,873 [pool-622-thread-1] INFO  server.RaftServerConfigKeys (ConfUtils.java:logGet(44)) - raft.server.log.force.sync.num = 128 (default)
2020-07-21 10:22:48,873 [pool-622-thread-1] INFO  server.RaftServerConfigKeys (ConfUtils.java:logGet(44)) - raft.server.log.statemachine.data.sync = true (default)
2020-07-21 10:22:48,873 [pool-622-thread-1] INFO  server.RaftServerConfigKeys (ConfUtils.java:logGet(44)) - raft.server.log.statemachine.data.sync.timeout = 10s (default)
2020-07-21 10:22:48,873 [pool-622-thread-1] INFO  server.RaftServerConfigKeys (ConfUtils.java:logGet(44)) - raft.server.log.statemachine.data.sync.timeout.retry = -1 (default)
2020-07-21 10:22:48,876 [pool-622-thread-1] INFO  server.RaftServerConfigKeys (ConfUtils.java:logGet(44)) - raft.server.log.statemachine.data.caching.enabled = true (custom)
2020-07-21 10:22:48,876 [pool-622-thread-1] INFO  segmented.SegmentedRaftLogWorker (SegmentedRaftLogWorker.java:lambda$new$0(129)) - 1e765541-286b-46a5-8366-eef195687e41@group-341C4FEFF166-SegmentedRaftLogWorker: flushIndex: setUnconditionally 0 -> -1
2020-07-21 10:22:48,876 [pool-622-thread-1] INFO  segmented.SegmentedRaftLogWorker (SegmentedRaftLogWorker.java:lambda$new$0(129)) - 1e765541-286b-46a5-8366-eef195687e41@group-341C4FEFF166-SegmentedRaftLogWorker: safeCacheEvictIndex: setUnconditionally 0 -> -1
2020-07-21 10:22:48,877 [pool-622-thread-1] INFO  server.RaftServerConfigKeys (ConfUtils.java:logGet(44)) - raft.server.snapshot.auto.trigger.enabled = true (custom)
2020-07-21 10:22:48,877 [pool-622-thread-1] INFO  server.RaftServerConfigKeys (ConfUtils.java:logGet(44)) - raft.server.snapshot.auto.trigger.threshold = 10000 (custom)
2020-07-21 10:22:48,877 [pool-622-thread-1] INFO  server.RaftServerConfigKeys (ConfUtils.java:logGet(44)) - raft.server.snapshot.retention.file.num = 5 (custom)
2020-07-21 10:22:48,877 [pool-622-thread-1] INFO  server.RaftServerConfigKeys (ConfUtils.java:logGet(44)) - raft.server.log.purge.upto.snapshot.index = false (default)
2020-07-21 10:22:48,877 [pool-622-thread-1] INFO  server.RaftServerConfigKeys (ConfUtils.java:logGet(44)) - raft.server.retrycache.expirytime = 600000ms (custom)
2020-07-21 10:22:48,877 [pool-622-thread-1] INFO  metrics.RatisMetrics (RatisMetrics.java:lambda$create$0(36)) - Creating Metrics Registry : ratis.leader_election.1e765541-286b-46a5-8366-eef195687e41@group-341C4FEFF166
2020-07-21 10:22:48,877 [pool-622-thread-1] INFO  metrics.RatisMetrics (RatisMetrics.java:lambda$create$0(36)) - Creating Metrics Registry : ratis.server.1e765541-286b-46a5-8366-eef195687e41@group-341C4FEFF166
2020-07-21 10:22:48,878 [pool-622-thread-1] INFO  impl.RaftServerImpl (RaftServerImpl.java:start(196)) - 1e765541-286b-46a5-8366-eef195687e41@group-341C4FEFF166: start as a follower, conf=-1: [1e765541-286b-46a5-8366-eef195687e41:172.17.0.2:37839], old=null
2020-07-21 10:22:48,878 [pool-622-thread-1] INFO  impl.RaftServerImpl (RaftServerImpl.java:setRole(185)) - 1e765541-286b-46a5-8366-eef195687e41@group-341C4FEFF166: changes role from      null to FOLLOWER at term 0 for startAsFollower
2020-07-21 10:22:48,879 [pool-622-thread-1] INFO  impl.RoleInfo (RoleInfo.java:updateAndGet(143)) - 1e765541-286b-46a5-8366-eef195687e41: start FollowerState
2020-07-21 10:22:48,884 [pool-622-thread-1] INFO  util.JmxRegister (JmxRegister.java:tryRegister(44)) - Successfully registered JMX Bean with object name Ratis:service=RaftServer,group=group-341C4FEFF166,id=1e765541-286b-46a5-8366-eef195687e41
2020-07-21 10:22:48,884 [pool-622-thread-1] INFO  metrics.RatisMetrics (RatisMetrics.java:lambda$create$0(36)) - Creating Metrics Registry : ratis.state_machine.1e765541-286b-46a5-8366-eef195687e41@group-341C4FEFF166
2020-07-21 10:22:48,885 [Command processor thread] INFO  commandhandler.CreatePipelineCommandHandler (CreatePipelineCommandHandler.java:handle(109)) - Created Pipeline RATIS ONE #id: "ef472ca4-0449-4fe3-8364-341c4feff166"
uuid128 {
  mostSigBits: -1204945292340146205
  leastSigBits: -8978994460865072794
}
.
2020-07-21 10:22:49,868 [Listener at 127.0.0.1/37905] INFO  ozone.MiniOzoneClusterImpl (MiniOzoneClusterImpl.java:lambda$waitForClusterToBeReady$0(177)) - Nodes are ready. Got 9 of 9 DN Heartbeats.
2020-07-21 10:22:49,868 [Listener at 127.0.0.1/37905] INFO  ozone.MiniOzoneClusterImpl (MiniOzoneClusterImpl.java:lambda$waitForClusterToBeReady$0(180)) - Waiting for cluster to exit safe mode
2020-07-21 10:22:50,869 [Listener at 127.0.0.1/37905] INFO  ozone.MiniOzoneClusterImpl (MiniOzoneClusterImpl.java:lambda$waitForClusterToBeReady$0(177)) - Nodes are ready. Got 9 of 9 DN Heartbeats.
2020-07-21 10:22:50,869 [Listener at 127.0.0.1/37905] INFO  ozone.MiniOzoneClusterImpl (MiniOzoneClusterImpl.java:lambda$waitForClusterToBeReady$0(180)) - Waiting for cluster to exit safe mode
2020-07-21 10:22:51,869 [Listener at 127.0.0.1/37905] INFO  ozone.MiniOzoneClusterImpl (MiniOzoneClusterImpl.java:lambda$waitForClusterToBeReady$0(177)) - Nodes are ready. Got 9 of 9 DN Heartbeats.
2020-07-21 10:22:51,869 [Listener at 127.0.0.1/37905] INFO  ozone.MiniOzoneClusterImpl (MiniOzoneClusterImpl.java:lambda$waitForClusterToBeReady$0(180)) - Waiting for cluster to exit safe mode
2020-07-21 10:22:52,870 [Listener at 127.0.0.1/37905] INFO  ozone.MiniOzoneClusterImpl (MiniOzoneClusterImpl.java:lambda$waitForClusterToBeReady$0(177)) - Nodes are ready. Got 9 of 9 DN Heartbeats.
2020-07-21 10:22:52,870 [Listener at 127.0.0.1/37905] INFO  ozone.MiniOzoneClusterImpl (MiniOzoneClusterImpl.java:lambda$waitForClusterToBeReady$0(180)) - Waiting for cluster to exit safe mode
2020-07-21 10:22:53,057 [Thread-1624] INFO  impl.FollowerState (FollowerState.java:run(108)) - cb99a555-5d60-49aa-ac43-e029c79e7f63@group-961DFA348BC2-FollowerState: change to CANDIDATE, lastRpcTime:5036ms, electionTimeout:5035ms
2020-07-21 10:22:53,058 [Thread-1624] INFO  impl.RoleInfo (RoleInfo.java:shutdownFollowerState(121)) - cb99a555-5d60-49aa-ac43-e029c79e7f63: shutdown FollowerState
2020-07-21 10:22:53,058 [Thread-1624] INFO  impl.RaftServerImpl (RaftServerImpl.java:setRole(185)) - cb99a555-5d60-49aa-ac43-e029c79e7f63@group-961DFA348BC2: changes role from  FOLLOWER to CANDIDATE at term 0 for changeToCandidate
2020-07-21 10:22:53,058 [Thread-1624] INFO  impl.RoleInfo (RoleInfo.java:updateAndGet(143)) - cb99a555-5d60-49aa-ac43-e029c79e7f63: start LeaderElection
2020-07-21 10:22:53,068 [Thread-1620] INFO  impl.FollowerState (FollowerState.java:run(108)) - 51d43626-bb24-4602-b224-4a15530a8e55@group-94FBFEBB8208-FollowerState: change to CANDIDATE, lastRpcTime:5084ms, electionTimeout:5084ms
2020-07-21 10:22:53,068 [Thread-1620] INFO  impl.RoleInfo (RoleInfo.java:shutdownFollowerState(121)) - 51d43626-bb24-4602-b224-4a15530a8e55: shutdown FollowerState
2020-07-21 10:22:53,068 [Thread-1620] INFO  impl.RaftServerImpl (RaftServerImpl.java:setRole(185)) - 51d43626-bb24-4602-b224-4a15530a8e55@group-94FBFEBB8208: changes role from  FOLLOWER to CANDIDATE at term 0 for changeToCandidate
2020-07-21 10:22:53,068 [Thread-1620] INFO  impl.RoleInfo (RoleInfo.java:updateAndGet(143)) - 51d43626-bb24-4602-b224-4a15530a8e55: start LeaderElection
2020-07-21 10:22:53,071 [cb99a555-5d60-49aa-ac43-e029c79e7f63@group-961DFA348BC2-LeaderElection43] INFO  impl.LeaderElection (LeaderElection.java:askForVotes(209)) - cb99a555-5d60-49aa-ac43-e029c79e7f63@group-961DFA348BC2-LeaderElection43: begin an election at term 1 for -1: [cb99a555-5d60-49aa-ac43-e029c79e7f63:172.17.0.2:44593, f358e290-f705-4636-941e-77012e86de6c:172.17.0.2:46351, 51d43626-bb24-4602-b224-4a15530a8e55:172.17.0.2:44023], old=null
2020-07-21 10:22:53,072 [51d43626-bb24-4602-b224-4a15530a8e55@group-94FBFEBB8208-LeaderElection44] INFO  impl.LeaderElection (LeaderElection.java:askForVotes(209)) - 51d43626-bb24-4602-b224-4a15530a8e55@group-94FBFEBB8208-LeaderElection44: begin an election at term 1 for -1: [51d43626-bb24-4602-b224-4a15530a8e55:172.17.0.2:44023], old=null
2020-07-21 10:22:53,072 [51d43626-bb24-4602-b224-4a15530a8e55@group-94FBFEBB8208-LeaderElection44] INFO  impl.RoleInfo (RoleInfo.java:shutdownLeaderElection(134)) - 51d43626-bb24-4602-b224-4a15530a8e55: shutdown LeaderElection
2020-07-21 10:22:53,072 [51d43626-bb24-4602-b224-4a15530a8e55@group-94FBFEBB8208-LeaderElection44] INFO  impl.RaftServerImpl (RaftServerImpl.java:setRole(185)) - 51d43626-bb24-4602-b224-4a15530a8e55@group-94FBFEBB8208: changes role from CANDIDATE to LEADER at term 1 for changeToLeader
2020-07-21 10:22:53,072 [51d43626-bb24-4602-b224-4a15530a8e55@group-94FBFEBB8208-LeaderElection44] INFO  ratis.XceiverServerRatis (XceiverServerRatis.java:handleLeaderChangedNotification(820)) - Leader change notification received for group: group-94FBFEBB8208 with new leaderId: 51d43626-bb24-4602-b224-4a15530a8e55
2020-07-21 10:22:53,072 [Thread-1627] INFO  impl.FollowerState (FollowerState.java:run(108)) - f358e290-f705-4636-941e-77012e86de6c@group-961DFA348BC2-FollowerState: change to CANDIDATE, lastRpcTime:5030ms, electionTimeout:5030ms
2020-07-21 10:22:53,073 [Thread-1627] INFO  impl.RoleInfo (RoleInfo.java:shutdownFollowerState(121)) - f358e290-f705-4636-941e-77012e86de6c: shutdown FollowerState
2020-07-21 10:22:53,073 [Thread-1627] INFO  impl.RaftServerImpl (RaftServerImpl.java:setRole(185)) - f358e290-f705-4636-941e-77012e86de6c@group-961DFA348BC2: changes role from  FOLLOWER to CANDIDATE at term 0 for changeToCandidate
2020-07-21 10:22:53,077 [Thread-1622] INFO  impl.FollowerState (FollowerState.java:run(108)) - 51d43626-bb24-4602-b224-4a15530a8e55@group-961DFA348BC2-FollowerState: change to CANDIDATE, lastRpcTime:5079ms, electionTimeout:5079ms
2020-07-21 10:22:53,077 [Thread-1622] INFO  impl.RoleInfo (RoleInfo.java:shutdownFollowerState(121)) - 51d43626-bb24-4602-b224-4a15530a8e55: shutdown FollowerState
2020-07-21 10:22:53,077 [Thread-1622] INFO  impl.RaftServerImpl (RaftServerImpl.java:setRole(185)) - 51d43626-bb24-4602-b224-4a15530a8e55@group-961DFA348BC2: changes role from  FOLLOWER to CANDIDATE at term 0 for changeToCandidate
2020-07-21 10:22:53,079 [Thread-1622] INFO  impl.RoleInfo (RoleInfo.java:updateAndGet(143)) - 51d43626-bb24-4602-b224-4a15530a8e55: start LeaderElection
2020-07-21 10:22:53,089 [51d43626-bb24-4602-b224-4a15530a8e55@group-94FBFEBB8208-LeaderElection44] INFO  impl.RaftServerImpl (ServerState.java:setLeader(255)) - 51d43626-bb24-4602-b224-4a15530a8e55@group-94FBFEBB8208: change Leader from null to 51d43626-bb24-4602-b224-4a15530a8e55 at term 1 for becomeLeader, leader elected after 5097ms
2020-07-21 10:22:53,089 [51d43626-bb24-4602-b224-4a15530a8e55@group-94FBFEBB8208-LeaderElection44] INFO  server.RaftServerConfigKeys (ConfUtils.java:logGet(44)) - raft.server.staging.catchup.gap = 1000 (default)
2020-07-21 10:22:53,090 [51d43626-bb24-4602-b224-4a15530a8e55@group-94FBFEBB8208-LeaderElection44] INFO  server.RaftServerConfigKeys (ConfUtils.java:logGet(44)) - raft.server.rpc.sleep.time = 25ms (default)
2020-07-21 10:22:53,089 [Thread-1627] INFO  impl.RoleInfo (RoleInfo.java:updateAndGet(143)) - f358e290-f705-4636-941e-77012e86de6c: start LeaderElection
2020-07-21 10:22:53,090 [51d43626-bb24-4602-b224-4a15530a8e55@group-94FBFEBB8208-LeaderElection44] INFO  metrics.RatisMetrics (RatisMetrics.java:lambda$create$0(36)) - Creating Metrics Registry : ratis.log_appender.51d43626-bb24-4602-b224-4a15530a8e55@group-94FBFEBB8208
2020-07-21 10:22:53,090 [51d43626-bb24-4602-b224-4a15530a8e55@group-94FBFEBB8208-LeaderElection44] INFO  server.RaftServerConfigKeys (ConfUtils.java:logGet(44)) - raft.server.write.element-limit = 1024 (custom)
2020-07-21 10:22:53,090 [51d43626-bb24-4602-b224-4a15530a8e55@group-94FBFEBB8208-LeaderElection44] INFO  server.RaftServerConfigKeys (ConfUtils.java:logGet(44)) - raft.server.write.byte-limit = 1073741824 (custom)
2020-07-21 10:22:53,092 [Thread-1630] INFO  impl.FollowerState (FollowerState.java:run(108)) - f358e290-f705-4636-941e-77012e86de6c@group-B3FAEA38208E-FollowerState: change to CANDIDATE, lastRpcTime:5004ms, electionTimeout:5004ms
2020-07-21 10:22:53,099 [51d43626-bb24-4602-b224-4a15530a8e55@group-961DFA348BC2-LeaderElection46] INFO  impl.LeaderElection (LeaderElection.java:askForVotes(209)) - 51d43626-bb24-4602-b224-4a15530a8e55@group-961DFA348BC2-LeaderElection46: begin an election at term 1 for -1: [cb99a555-5d60-49aa-ac43-e029c79e7f63:172.17.0.2:44593, f358e290-f705-4636-941e-77012e86de6c:172.17.0.2:46351, 51d43626-bb24-4602-b224-4a15530a8e55:172.17.0.2:44023], old=null
2020-07-21 10:22:53,103 [51d43626-bb24-4602-b224-4a15530a8e55@group-94FBFEBB8208-LeaderElection44] INFO  server.RaftServerConfigKeys (ConfUtils.java:logGet(44)) - raft.server.watch.timeout = 3000ms (custom)
2020-07-21 10:22:53,103 [Thread-1630] INFO  impl.RoleInfo (RoleInfo.java:shutdownFollowerState(121)) - f358e290-f705-4636-941e-77012e86de6c: shutdown FollowerState
2020-07-21 10:22:53,103 [51d43626-bb24-4602-b224-4a15530a8e55@group-94FBFEBB8208-LeaderElection44] INFO  server.RaftServerConfigKeys (ConfUtils.java:logGet(44)) - raft.server.watch.timeout.denomination = 1s (default)
2020-07-21 10:22:53,103 [Thread-1630] INFO  impl.RaftServerImpl (RaftServerImpl.java:setRole(185)) - f358e290-f705-4636-941e-77012e86de6c@group-B3FAEA38208E: changes role from  FOLLOWER to CANDIDATE at term 0 for changeToCandidate
2020-07-21 10:22:53,103 [51d43626-bb24-4602-b224-4a15530a8e55@group-94FBFEBB8208-LeaderElection44] INFO  server.RaftServerConfigKeys (ConfUtils.java:logGet(44)) - raft.server.watch.element-limit = 65536 (default)
2020-07-21 10:22:53,103 [51d43626-bb24-4602-b224-4a15530a8e55@group-94FBFEBB8208-LeaderElection44] INFO  impl.RoleInfo (RoleInfo.java:updateAndGet(143)) - 51d43626-bb24-4602-b224-4a15530a8e55: start LeaderState
2020-07-21 10:22:53,103 [51d43626-bb24-4602-b224-4a15530a8e55@group-94FBFEBB8208-LeaderElection44] INFO  segmented.SegmentedRaftLogWorker (SegmentedRaftLogWorker.java:startLogSegment(397)) - 51d43626-bb24-4602-b224-4a15530a8e55@group-94FBFEBB8208-SegmentedRaftLogWorker: Starting segment from index:0
2020-07-21 10:22:53,104 [Thread-1630] INFO  impl.RoleInfo (RoleInfo.java:updateAndGet(143)) - f358e290-f705-4636-941e-77012e86de6c: start LeaderElection
2020-07-21 10:22:53,109 [51d43626-bb24-4602-b224-4a15530a8e55@group-94FBFEBB8208-LeaderElection44] INFO  impl.RaftServerImpl (ServerState.java:setRaftConf(356)) - 51d43626-bb24-4602-b224-4a15530a8e55@group-94FBFEBB8208: set configuration 0: [51d43626-bb24-4602-b224-4a15530a8e55:172.17.0.2:44023], old=null at 0
2020-07-21 10:22:53,112 [51d43626-bb24-4602-b224-4a15530a8e55@group-94FBFEBB8208-SegmentedRaftLogWorker] INFO  segmented.SegmentedRaftLogWorker (SegmentedRaftLogWorker.java:execute(596)) - 51d43626-bb24-4602-b224-4a15530a8e55@group-94FBFEBB8208-SegmentedRaftLogWorker: created new log segment /github/workspace/mnt/ozone/hadoop-ozone/integration-test/target/test-dir/MiniOzoneClusterImpl-26aa3f93-67e0-4cbe-8624-cf0efb7a6165/datanode-0/data/ratis/0aeb9b49-0770-4edc-877c-94fbfebb8208/current/log_inprogress_0
2020-07-21 10:22:53,113 [f358e290-f705-4636-941e-77012e86de6c@group-961DFA348BC2-LeaderElection45] INFO  impl.LeaderElection (LeaderElection.java:askForVotes(209)) - f358e290-f705-4636-941e-77012e86de6c@group-961DFA348BC2-LeaderElection45: begin an election at term 1 for -1: [cb99a555-5d60-49aa-ac43-e029c79e7f63:172.17.0.2:44593, f358e290-f705-4636-941e-77012e86de6c:172.17.0.2:46351, 51d43626-bb24-4602-b224-4a15530a8e55:172.17.0.2:44023], old=null
2020-07-21 10:22:53,121 [cb99a555-5d60-49aa-ac43-e029c79e7f63@group-961DFA348BC2-LeaderElection43] INFO  impl.LeaderElection (LeaderElection.java:logAndReturn(61)) - cb99a555-5d60-49aa-ac43-e029c79e7f63@group-961DFA348BC2-LeaderElection43: Election REJECTED; received 2 response(s) [cb99a555-5d60-49aa-ac43-e029c79e7f63<-f358e290-f705-4636-941e-77012e86de6c#0:FAIL-t1, cb99a555-5d60-49aa-ac43-e029c79e7f63<-51d43626-bb24-4602-b224-4a15530a8e55#0:FAIL-t1] and 0 exception(s); cb99a555-5d60-49aa-ac43-e029c79e7f63@group-961DFA348BC2:t1, leader=null, voted=cb99a555-5d60-49aa-ac43-e029c79e7f63, raftlog=cb99a555-5d60-49aa-ac43-e029c79e7f63@group-961DFA348BC2-SegmentedRaftLog:OPENED:c-1,f-1,i0, conf=-1: [cb99a555-5d60-49aa-ac43-e029c79e7f63:172.17.0.2:44593, f358e290-f705-4636-941e-77012e86de6c:172.17.0.2:46351, 51d43626-bb24-4602-b224-4a15530a8e55:172.17.0.2:44023], old=null
2020-07-21 10:22:53,121 [cb99a555-5d60-49aa-ac43-e029c79e7f63@group-961DFA348BC2-LeaderElection43] INFO  impl.RaftServerImpl (RaftServerImpl.java:setRole(185)) - cb99a555-5d60-49aa-ac43-e029c79e7f63@group-961DFA348BC2: changes role from CANDIDATE to FOLLOWER at term 1 for DISCOVERED_A_NEW_TERM
2020-07-21 10:22:53,121 [cb99a555-5d60-49aa-ac43-e029c79e7f63@group-961DFA348BC2-LeaderElection43] INFO  impl.RoleInfo (RoleInfo.java:shutdownLeaderElection(134)) - cb99a555-5d60-49aa-ac43-e029c79e7f63: shutdown LeaderElection
2020-07-21 10:22:53,121 [cb99a555-5d60-49aa-ac43-e029c79e7f63@group-961DFA348BC2-LeaderElection43] INFO  impl.RoleInfo (RoleInfo.java:updateAndGet(143)) - cb99a555-5d60-49aa-ac43-e029c79e7f63: start FollowerState
2020-07-21 10:22:53,127 [f358e290-f705-4636-941e-77012e86de6c@group-B3FAEA38208E-LeaderElection47] INFO  impl.LeaderElection (LeaderElection.java:askForVotes(209)) - f358e290-f705-4636-941e-77012e86de6c@group-B3FAEA38208E-LeaderElection47: begin an election at term 1 for -1: [f358e290-f705-4636-941e-77012e86de6c:172.17.0.2:46351], old=null
2020-07-21 10:22:53,128 [f358e290-f705-4636-941e-77012e86de6c@group-B3FAEA38208E-LeaderElection47] INFO  impl.RoleInfo (RoleInfo.java:shutdownLeaderElection(134)) - f358e290-f705-4636-941e-77012e86de6c: shutdown LeaderElection
2020-07-21 10:22:53,128 [f358e290-f705-4636-941e-77012e86de6c@group-B3FAEA38208E-LeaderElection47] INFO  impl.RaftServerImpl (RaftServerImpl.java:setRole(185)) - f358e290-f705-4636-941e-77012e86de6c@group-B3FAEA38208E: changes role from CANDIDATE to LEADER at term 1 for changeToLeader
2020-07-21 10:22:53,128 [f358e290-f705-4636-941e-77012e86de6c@group-B3FAEA38208E-LeaderElection47] INFO  ratis.XceiverServerRatis (XceiverServerRatis.java:handleLeaderChangedNotification(820)) - Leader change notification received for group: group-B3FAEA38208E with new leaderId: f358e290-f705-4636-941e-77012e86de6c
2020-07-21 10:22:53,128 [f358e290-f705-4636-941e-77012e86de6c@group-B3FAEA38208E-LeaderElection47] INFO  impl.RaftServerImpl (ServerState.java:setLeader(255)) - f358e290-f705-4636-941e-77012e86de6c@group-B3FAEA38208E: change Leader from null to f358e290-f705-4636-941e-77012e86de6c at term 1 for becomeLeader, leader elected after 5047ms
2020-07-21 10:22:53,128 [f358e290-f705-4636-941e-77012e86de6c@group-B3FAEA38208E-LeaderElection47] INFO  server.RaftServerConfigKeys (ConfUtils.java:logGet(44)) - raft.server.staging.catchup.gap = 1000 (default)
2020-07-21 10:22:53,128 [f358e290-f705-4636-941e-77012e86de6c@group-B3FAEA38208E-LeaderElection47] INFO  server.RaftServerConfigKeys (ConfUtils.java:logGet(44)) - raft.server.rpc.sleep.time = 25ms (default)
2020-07-21 10:22:53,128 [f358e290-f705-4636-941e-77012e86de6c@group-B3FAEA38208E-LeaderElection47] INFO  metrics.RatisMetrics (RatisMetrics.java:lambda$create$0(36)) - Creating Metrics Registry : ratis.log_appender.f358e290-f705-4636-941e-77012e86de6c@group-B3FAEA38208E
2020-07-21 10:22:53,129 [f358e290-f705-4636-941e-77012e86de6c@group-B3FAEA38208E-LeaderElection47] INFO  server.RaftServerConfigKeys (ConfUtils.java:logGet(44)) - raft.server.write.element-limit = 1024 (custom)
2020-07-21 10:22:53,129 [f358e290-f705-4636-941e-77012e86de6c@group-B3FAEA38208E-LeaderElection47] INFO  server.RaftServerConfigKeys (ConfUtils.java:logGet(44)) - raft.server.write.byte-limit = 1073741824 (custom)
2020-07-21 10:22:53,129 [f358e290-f705-4636-941e-77012e86de6c@group-B3FAEA38208E-LeaderElection47] INFO  server.RaftServerConfigKeys (ConfUtils.java:logGet(44)) - raft.server.watch.timeout = 3000ms (custom)
2020-07-21 10:22:53,129 [f358e290-f705-4636-941e-77012e86de6c@group-B3FAEA38208E-LeaderElection47] INFO  server.RaftServerConfigKeys (ConfUtils.java:logGet(44)) - raft.server.watch.timeout.denomination = 1s (default)
2020-07-21 10:22:53,129 [f358e290-f705-4636-941e-77012e86de6c@group-B3FAEA38208E-LeaderElection47] INFO  server.RaftServerConfigKeys (ConfUtils.java:logGet(44)) - raft.server.watch.element-limit = 65536 (default)
2020-07-21 10:22:53,129 [f358e290-f705-4636-941e-77012e86de6c@group-B3FAEA38208E-LeaderElection47] INFO  impl.RoleInfo (RoleInfo.java:updateAndGet(143)) - f358e290-f705-4636-941e-77012e86de6c: start LeaderState
2020-07-21 10:22:53,130 [f358e290-f705-4636-941e-77012e86de6c@group-B3FAEA38208E-LeaderElection47] INFO  segmented.SegmentedRaftLogWorker (SegmentedRaftLogWorker.java:startLogSegment(397)) - f358e290-f705-4636-941e-77012e86de6c@group-B3FAEA38208E-SegmentedRaftLogWorker: Starting segment from index:0
2020-07-21 10:22:53,132 [f358e290-f705-4636-941e-77012e86de6c@group-B3FAEA38208E-SegmentedRaftLogWorker] INFO  segmented.SegmentedRaftLogWorker (SegmentedRaftLogWorker.java:execute(596)) - f358e290-f705-4636-941e-77012e86de6c@group-B3FAEA38208E-SegmentedRaftLogWorker: created new log segment /github/workspace/mnt/ozone/hadoop-ozone/integration-test/target/test-dir/MiniOzoneClusterImpl-26aa3f93-67e0-4cbe-8624-cf0efb7a6165/datanode-1/data/ratis/393406bf-9c39-46ea-a3fa-b3faea38208e/current/log_inprogress_0
2020-07-21 10:22:53,132 [f358e290-f705-4636-941e-77012e86de6c@group-B3FAEA38208E-LeaderElection47] INFO  impl.RaftServerImpl (ServerState.java:setRaftConf(356)) - f358e290-f705-4636-941e-77012e86de6c@group-B3FAEA38208E: set configuration 0: [f358e290-f705-4636-941e-77012e86de6c:172.17.0.2:46351], old=null at 0
2020-07-21 10:22:53,136 [51d43626-bb24-4602-b224-4a15530a8e55@group-961DFA348BC2-LeaderElection46] INFO  impl.LeaderElection (LeaderElection.java:logAndReturn(61)) - 51d43626-bb24-4602-b224-4a15530a8e55@group-961DFA348BC2-LeaderElection46: Election REJECTED; received 2 response(s) [51d43626-bb24-4602-b224-4a15530a8e55<-cb99a555-5d60-49aa-ac43-e029c79e7f63#0:FAIL-t1, 51d43626-bb24-4602-b224-4a15530a8e55<-f358e290-f705-4636-941e-77012e86de6c#0:FAIL-t1] and 0 exception(s); 51d43626-bb24-4602-b224-4a15530a8e55@group-961DFA348BC2:t1, leader=null, voted=51d43626-bb24-4602-b224-4a15530a8e55, raftlog=51d43626-bb24-4602-b224-4a15530a8e55@group-961DFA348BC2-SegmentedRaftLog:OPENED:c-1,f-1,i0, conf=-1: [cb99a555-5d60-49aa-ac43-e029c79e7f63:172.17.0.2:44593, f358e290-f705-4636-941e-77012e86de6c:172.17.0.2:46351, 51d43626-bb24-4602-b224-4a15530a8e55:172.17.0.2:44023], old=null
2020-07-21 10:22:53,137 [51d43626-bb24-4602-b224-4a15530a8e55@group-961DFA348BC2-LeaderElection46] INFO  impl.RaftServerImpl (RaftServerImpl.java:setRole(185)) - 51d43626-bb24-4602-b224-4a15530a8e55@group-961DFA348BC2: changes role from CANDIDATE to FOLLOWER at term 1 for DISCOVERED_A_NEW_TERM
2020-07-21 10:22:53,137 [51d43626-bb24-4602-b224-4a15530a8e55@group-961DFA348BC2-LeaderElection46] INFO  impl.RoleInfo (RoleInfo.java:shutdownLeaderElection(134)) - 51d43626-bb24-4602-b224-4a15530a8e55: shutdown LeaderElection
2020-07-21 10:22:53,137 [51d43626-bb24-4602-b224-4a15530a8e55@group-961DFA348BC2-LeaderElection46] INFO  impl.RoleInfo (RoleInfo.java:updateAndGet(143)) - 51d43626-bb24-4602-b224-4a15530a8e55: start FollowerState
2020-07-21 10:22:53,148 [f358e290-f705-4636-941e-77012e86de6c@group-961DFA348BC2-LeaderElection45] INFO  impl.LeaderElection (LeaderElection.java:logAndReturn(61)) - f358e290-f705-4636-941e-77012e86de6c@group-961DFA348BC2-LeaderElection45: Election REJECTED; received 2 response(s) [f358e290-f705-4636-941e-77012e86de6c<-cb99a555-5d60-49aa-ac43-e029c79e7f63#0:FAIL-t1, f358e290-f705-4636-941e-77012e86de6c<-51d43626-bb24-4602-b224-4a15530a8e55#0:FAIL-t1] and 0 exception(s); f358e290-f705-4636-941e-77012e86de6c@group-961DFA348BC2:t1, leader=null, voted=f358e290-f705-4636-941e-77012e86de6c, raftlog=f358e290-f705-4636-941e-77012e86de6c@group-961DFA348BC2-SegmentedRaftLog:OPENED:c-1,f-1,i0, conf=-1: [cb99a555-5d60-49aa-ac43-e029c79e7f63:172.17.0.2:44593, f358e290-f705-4636-941e-77012e86de6c:172.17.0.2:46351, 51d43626-bb24-4602-b224-4a15530a8e55:172.17.0.2:44023], old=null
2020-07-21 10:22:53,148 [f358e290-f705-4636-941e-77012e86de6c@group-961DFA348BC2-LeaderElection45] INFO  impl.RaftServerImpl (RaftServerImpl.java:setRole(185)) - f358e290-f705-4636-941e-77012e86de6c@group-961DFA348BC2: changes role from CANDIDATE to FOLLOWER at term 1 for DISCOVERED_A_NEW_TERM
2020-07-21 10:22:53,148 [f358e290-f705-4636-941e-77012e86de6c@group-961DFA348BC2-LeaderElection45] INFO  impl.RoleInfo (RoleInfo.java:shutdownLeaderElection(134)) - f358e290-f705-4636-941e-77012e86de6c: shutdown LeaderElection
2020-07-21 10:22:53,149 [f358e290-f705-4636-941e-77012e86de6c@group-961DFA348BC2-LeaderElection45] INFO  impl.RoleInfo (RoleInfo.java:updateAndGet(143)) - f358e290-f705-4636-941e-77012e86de6c: start FollowerState
2020-07-21 10:22:53,214 [Thread-1632] INFO  impl.FollowerState (FollowerState.java:run(108)) - cb99a555-5d60-49aa-ac43-e029c79e7f63@group-F2504F3A8000-FollowerState: change to CANDIDATE, lastRpcTime:5013ms, electionTimeout:5013ms
2020-07-21 10:22:53,216 [Thread-1632] INFO  impl.RoleInfo (RoleInfo.java:shutdownFollowerState(121)) - cb99a555-5d60-49aa-ac43-e029c79e7f63: shutdown FollowerState
2020-07-21 10:22:53,216 [Thread-1632] INFO  impl.RaftServerImpl (RaftServerImpl.java:setRole(185)) - cb99a555-5d60-49aa-ac43-e029c79e7f63@group-F2504F3A8000: changes role from  FOLLOWER to CANDIDATE at term 0 for changeToCandidate
2020-07-21 10:22:53,216 [Thread-1632] INFO  impl.RoleInfo (RoleInfo.java:updateAndGet(143)) - cb99a555-5d60-49aa-ac43-e029c79e7f63: start LeaderElection
2020-07-21 10:22:53,220 [cb99a555-5d60-49aa-ac43-e029c79e7f63@group-F2504F3A8000-LeaderElection48] INFO  impl.LeaderElection (LeaderElection.java:askForVotes(209)) - cb99a555-5d60-49aa-ac43-e029c79e7f63@group-F2504F3A8000-LeaderElection48: begin an election at term 1 for -1: [cb99a555-5d60-49aa-ac43-e029c79e7f63:172.17.0.2:44593], old=null
2020-07-21 10:22:53,220 [cb99a555-5d60-49aa-ac43-e029c79e7f63@group-F2504F3A8000-LeaderElection48] INFO  impl.RoleInfo (RoleInfo.java:shutdownLeaderElection(134)) - cb99a555-5d60-49aa-ac43-e029c79e7f63: shutdown LeaderElection
2020-07-21 10:22:53,221 [cb99a555-5d60-49aa-ac43-e029c79e7f63@group-F2504F3A8000-LeaderElection48] INFO  impl.RaftServerImpl (RaftServerImpl.java:setRole(185)) - cb99a555-5d60-49aa-ac43-e029c79e7f63@group-F2504F3A8000: changes role from CANDIDATE to LEADER at term 1 for changeToLeader
2020-07-21 10:22:53,221 [cb99a555-5d60-49aa-ac43-e029c79e7f63@group-F2504F3A8000-LeaderElection48] INFO  ratis.XceiverServerRatis (XceiverServerRatis.java:handleLeaderChangedNotification(820)) - Leader change notification received for group: group-F2504F3A8000 with new leaderId: cb99a555-5d60-49aa-ac43-e029c79e7f63
2020-07-21 10:22:53,221 [cb99a555-5d60-49aa-ac43-e029c79e7f63@group-F2504F3A8000-LeaderElection48] INFO  impl.RaftServerImpl (ServerState.java:setLeader(255)) - cb99a555-5d60-49aa-ac43-e029c79e7f63@group-F2504F3A8000: change Leader from null to cb99a555-5d60-49aa-ac43-e029c79e7f63 at term 1 for becomeLeader, leader elected after 5031ms
2020-07-21 10:22:53,221 [cb99a555-5d60-49aa-ac43-e029c79e7f63@group-F2504F3A8000-LeaderElection48] INFO  server.RaftServerConfigKeys (ConfUtils.java:logGet(44)) - raft.server.staging.catchup.gap = 1000 (default)
2020-07-21 10:22:53,222 [cb99a555-5d60-49aa-ac43-e029c79e7f63@group-F2504F3A8000-LeaderElection48] INFO  server.RaftServerConfigKeys (ConfUtils.java:logGet(44)) - raft.server.rpc.sleep.time = 25ms (default)
2020-07-21 10:22:53,222 [cb99a555-5d60-49aa-ac43-e029c79e7f63@group-F2504F3A8000-LeaderElection48] INFO  metrics.RatisMetrics (RatisMetrics.java:lambda$create$0(36)) - Creating Metrics Registry : ratis.log_appender.cb99a555-5d60-49aa-ac43-e029c79e7f63@group-F2504F3A8000
2020-07-21 10:22:53,226 [cb99a555-5d60-49aa-ac43-e029c79e7f63@group-F2504F3A8000-LeaderElection48] INFO  server.RaftServerConfigKeys (ConfUtils.java:logGet(44)) - raft.server.write.element-limit = 1024 (custom)
2020-07-21 10:22:53,227 [cb99a555-5d60-49aa-ac43-e029c79e7f63@group-F2504F3A8000-LeaderElection48] INFO  server.RaftServerConfigKeys (ConfUtils.java:logGet(44)) - raft.server.write.byte-limit = 1073741824 (custom)
2020-07-21 10:22:53,227 [cb99a555-5d60-49aa-ac43-e029c79e7f63@group-F2504F3A8000-LeaderElection48] INFO  server.RaftServerConfigKeys (ConfUtils.java:logGet(44)) - raft.server.watch.timeout = 3000ms (custom)
2020-07-21 10:22:53,227 [cb99a555-5d60-49aa-ac43-e029c79e7f63@group-F2504F3A8000-LeaderElection48] INFO  server.RaftServerConfigKeys (ConfUtils.java:logGet(44)) - raft.server.watch.timeout.denomination = 1s (default)
2020-07-21 10:22:53,227 [cb99a555-5d60-49aa-ac43-e029c79e7f63@group-F2504F3A8000-LeaderElection48] INFO  server.RaftServerConfigKeys (ConfUtils.java:logGet(44)) - raft.server.watch.element-limit = 65536 (default)
2020-07-21 10:22:53,227 [cb99a555-5d60-49aa-ac43-e029c79e7f63@group-F2504F3A8000-LeaderElection48] INFO  impl.RoleInfo (RoleInfo.java:updateAndGet(143)) - cb99a555-5d60-49aa-ac43-e029c79e7f63: start LeaderState
2020-07-21 10:22:53,228 [cb99a555-5d60-49aa-ac43-e029c79e7f63@group-F2504F3A8000-LeaderElection48] INFO  segmented.SegmentedRaftLogWorker (SegmentedRaftLogWorker.java:startLogSegment(397)) - cb99a555-5d60-49aa-ac43-e029c79e7f63@group-F2504F3A8000-SegmentedRaftLogWorker: Starting segment from index:0
2020-07-21 10:22:53,228 [cb99a555-5d60-49aa-ac43-e029c79e7f63@group-F2504F3A8000-LeaderElection48] INFO  impl.RaftServerImpl (ServerState.java:setRaftConf(356)) - cb99a555-5d60-49aa-ac43-e029c79e7f63@group-F2504F3A8000: set configuration 0: [cb99a555-5d60-49aa-ac43-e029c79e7f63:172.17.0.2:44593], old=null at 0
2020-07-21 10:22:53,229 [cb99a555-5d60-49aa-ac43-e029c79e7f63@group-F2504F3A8000-SegmentedRaftLogWorker] INFO  segmented.SegmentedRaftLogWorker (SegmentedRaftLogWorker.java:execute(596)) - cb99a555-5d60-49aa-ac43-e029c79e7f63@group-F2504F3A8000-SegmentedRaftLogWorker: created new log segment /github/workspace/mnt/ozone/hadoop-ozone/integration-test/target/test-dir/MiniOzoneClusterImpl-26aa3f93-67e0-4cbe-8624-cf0efb7a6165/datanode-2/data/ratis/50cad3eb-d542-4ff2-9018-f2504f3a8000/current/log_inprogress_0
2020-07-21 10:22:53,409 [Thread-1634] INFO  impl.FollowerState (FollowerState.java:run(108)) - c07c5c06-eb2e-4fff-9225-845a4954e246@group-CC3D97C0F88D-FollowerState: change to CANDIDATE, lastRpcTime:5083ms, electionTimeout:5083ms
2020-07-21 10:22:53,409 [Thread-1634] INFO  impl.RoleInfo (RoleInfo.java:shutdownFollowerState(121)) - c07c5c06-eb2e-4fff-9225-845a4954e246: shutdown FollowerState
2020-07-21 10:22:53,409 [Thread-1634] INFO  impl.RaftServerImpl (RaftServerImpl.java:setRole(185)) - c07c5c06-eb2e-4fff-9225-845a4954e246@group-CC3D97C0F88D: changes role from  FOLLOWER to CANDIDATE at term 0 for changeToCandidate
2020-07-21 10:22:53,409 [Thread-1634] INFO  impl.RoleInfo (RoleInfo.java:updateAndGet(143)) - c07c5c06-eb2e-4fff-9225-845a4954e246: start LeaderElection
2020-07-21 10:22:53,423 [c07c5c06-eb2e-4fff-9225-845a4954e246@group-CC3D97C0F88D-LeaderElection49] INFO  impl.LeaderElection (LeaderElection.java:askForVotes(209)) - c07c5c06-eb2e-4fff-9225-845a4954e246@group-CC3D97C0F88D-LeaderElection49: begin an election at term 1 for -1: [c07c5c06-eb2e-4fff-9225-845a4954e246:172.17.0.2:39799], old=null
2020-07-21 10:22:53,423 [c07c5c06-eb2e-4fff-9225-845a4954e246@group-CC3D97C0F88D-LeaderElection49] INFO  impl.RoleInfo (RoleInfo.java:shutdownLeaderElection(134)) - c07c5c06-eb2e-4fff-9225-845a4954e246: shutdown LeaderElection
2020-07-21 10:22:53,423 [c07c5c06-eb2e-4fff-9225-845a4954e246@group-CC3D97C0F88D-LeaderElection49] INFO  impl.RaftServerImpl (RaftServerImpl.java:setRole(185)) - c07c5c06-eb2e-4fff-9225-845a4954e246@group-CC3D97C0F88D: changes role from CANDIDATE to LEADER at term 1 for changeToLeader
2020-07-21 10:22:53,423 [c07c5c06-eb2e-4fff-9225-845a4954e246@group-CC3D97C0F88D-LeaderElection49] INFO  ratis.XceiverServerRatis (XceiverServerRatis.java:handleLeaderChangedNotification(820)) - Leader change notification received for group: group-CC3D97C0F88D with new leaderId: c07c5c06-eb2e-4fff-9225-845a4954e246
2020-07-21 10:22:53,423 [c07c5c06-eb2e-4fff-9225-845a4954e246@group-CC3D97C0F88D-LeaderElection49] INFO  impl.RaftServerImpl (ServerState.java:setLeader(255)) - c07c5c06-eb2e-4fff-9225-845a4954e246@group-CC3D97C0F88D: change Leader from null to c07c5c06-eb2e-4fff-9225-845a4954e246 at term 1 for becomeLeader, leader elected after 5108ms
2020-07-21 10:22:53,423 [c07c5c06-eb2e-4fff-9225-845a4954e246@group-CC3D97C0F88D-LeaderElection49] INFO  server.RaftServerConfigKeys (ConfUtils.java:logGet(44)) - raft.server.staging.catchup.gap = 1000 (default)
2020-07-21 10:22:53,423 [c07c5c06-eb2e-4fff-9225-845a4954e246@group-CC3D97C0F88D-LeaderElection49] INFO  server.RaftServerConfigKeys (ConfUtils.java:logGet(44)) - raft.server.rpc.sleep.time = 25ms (default)
2020-07-21 10:22:53,426 [Thread-1636] INFO  impl.FollowerState (FollowerState.java:run(108)) - c07c5c06-eb2e-4fff-9225-845a4954e246@group-5CC394ACB85F-FollowerState: change to CANDIDATE, lastRpcTime:5087ms, electionTimeout:5087ms
2020-07-21 10:22:53,426 [Thread-1636] INFO  impl.RoleInfo (RoleInfo.java:shutdownFollowerState(121)) - c07c5c06-eb2e-4fff-9225-845a4954e246: shutdown FollowerState
2020-07-21 10:22:53,426 [Thread-1636] INFO  impl.RaftServerImpl (RaftServerImpl.java:setRole(185)) - c07c5c06-eb2e-4fff-9225-845a4954e246@group-5CC394ACB85F: changes role from  FOLLOWER to CANDIDATE at term 0 for changeToCandidate
2020-07-21 10:22:53,427 [Thread-1636] INFO  impl.RoleInfo (RoleInfo.java:updateAndGet(143)) - c07c5c06-eb2e-4fff-9225-845a4954e246: start LeaderElection
2020-07-21 10:22:53,428 [c07c5c06-eb2e-4fff-9225-845a4954e246@group-CC3D97C0F88D-LeaderElection49] INFO  metrics.RatisMetrics (RatisMetrics.java:lambda$create$0(36)) - Creating Metrics Registry : ratis.log_appender.c07c5c06-eb2e-4fff-9225-845a4954e246@group-CC3D97C0F88D
2020-07-21 10:22:53,429 [c07c5c06-eb2e-4fff-9225-845a4954e246@group-CC3D97C0F88D-LeaderElection49] INFO  server.RaftServerConfigKeys (ConfUtils.java:logGet(44)) - raft.server.write.element-limit = 1024 (custom)
2020-07-21 10:22:53,429 [c07c5c06-eb2e-4fff-9225-845a4954e246@group-CC3D97C0F88D-LeaderElection49] INFO  server.RaftServerConfigKeys (ConfUtils.java:logGet(44)) - raft.server.write.byte-limit = 1073741824 (custom)
2020-07-21 10:22:53,429 [c07c5c06-eb2e-4fff-9225-845a4954e246@group-CC3D97C0F88D-LeaderElection49] INFO  server.RaftServerConfigKeys (ConfUtils.java:logGet(44)) - raft.server.watch.timeout = 3000ms (custom)
2020-07-21 10:22:53,429 [c07c5c06-eb2e-4fff-9225-845a4954e246@group-CC3D97C0F88D-LeaderElection49] INFO  server.RaftServerConfigKeys (ConfUtils.java:logGet(44)) - raft.server.watch.timeout.denomination = 1s (default)
2020-07-21 10:22:53,429 [c07c5c06-eb2e-4fff-9225-845a4954e246@group-CC3D97C0F88D-LeaderElection49] INFO  server.RaftServerConfigKeys (ConfUtils.java:logGet(44)) - raft.server.watch.element-limit = 65536 (default)
2020-07-21 10:22:53,429 [c07c5c06-eb2e-4fff-9225-845a4954e246@group-CC3D97C0F88D-LeaderElection49] INFO  impl.RoleInfo (RoleInfo.java:updateAndGet(143)) - c07c5c06-eb2e-4fff-9225-845a4954e246: start LeaderState
2020-07-21 10:22:53,430 [c07c5c06-eb2e-4fff-9225-845a4954e246@group-CC3D97C0F88D-LeaderElection49] INFO  segmented.SegmentedRaftLogWorker (SegmentedRaftLogWorker.java:startLogSegment(397)) - c07c5c06-eb2e-4fff-9225-845a4954e246@group-CC3D97C0F88D-SegmentedRaftLogWorker: Starting segment from index:0
2020-07-21 10:22:53,433 [c07c5c06-eb2e-4fff-9225-845a4954e246@group-CC3D97C0F88D-LeaderElection49] INFO  impl.RaftServerImpl (ServerState.java:setRaftConf(356)) - c07c5c06-eb2e-4fff-9225-845a4954e246@group-CC3D97C0F88D: set configuration 0: [c07c5c06-eb2e-4fff-9225-845a4954e246:172.17.0.2:39799], old=null at 0
2020-07-21 10:22:53,434 [c07c5c06-eb2e-4fff-9225-845a4954e246@group-CC3D97C0F88D-SegmentedRaftLogWorker] INFO  segmented.SegmentedRaftLogWorker (SegmentedRaftLogWorker.java:execute(596)) - c07c5c06-eb2e-4fff-9225-845a4954e246@group-CC3D97C0F88D-SegmentedRaftLogWorker: created new log segment /github/workspace/mnt/ozone/hadoop-ozone/integration-test/target/test-dir/MiniOzoneClusterImpl-26aa3f93-67e0-4cbe-8624-cf0efb7a6165/datanode-3/data/ratis/2afd5106-3140-457f-8644-cc3d97c0f88d/current/log_inprogress_0
2020-07-21 10:22:53,434 [Thread-1638] INFO  impl.FollowerState (FollowerState.java:run(108)) - b539c339-7771-4951-b0e8-e5cec13be09d@group-5CC394ACB85F-FollowerState: change to CANDIDATE, lastRpcTime:5073ms, electionTimeout:5070ms
2020-07-21 10:22:53,435 [c07c5c06-eb2e-4fff-9225-845a4954e246@group-5CC394ACB85F-LeaderElection50] INFO  impl.LeaderElection (LeaderElection.java:askForVotes(209)) - c07c5c06-eb2e-4fff-9225-845a4954e246@group-5CC394ACB85F-LeaderElection50: begin an election at term 1 for -1: [73f9b6d6-78ac-4cc6-953d-c7a8a2f9ddd0:172.17.0.2:40125, b539c339-7771-4951-b0e8-e5cec13be09d:172.17.0.2:35681, c07c5c06-eb2e-4fff-9225-845a4954e246:172.17.0.2:39799], old=null
2020-07-21 10:22:53,436 [Thread-1638] INFO  impl.RoleInfo (RoleInfo.java:shutdownFollowerState(121)) - b539c339-7771-4951-b0e8-e5cec13be09d: shutdown FollowerState
2020-07-21 10:22:53,436 [Thread-1638] INFO  impl.RaftServerImpl (RaftServerImpl.java:setRole(185)) - b539c339-7771-4951-b0e8-e5cec13be09d@group-5CC394ACB85F: changes role from  FOLLOWER to CANDIDATE at term 0 for changeToCandidate
2020-07-21 10:22:53,436 [Thread-1638] INFO  impl.RoleInfo (RoleInfo.java:updateAndGet(143)) - b539c339-7771-4951-b0e8-e5cec13be09d: start LeaderElection
2020-07-21 10:22:53,448 [b539c339-7771-4951-b0e8-e5cec13be09d@group-5CC394ACB85F-LeaderElection51] INFO  impl.LeaderElection (LeaderElection.java:askForVotes(209)) - b539c339-7771-4951-b0e8-e5cec13be09d@group-5CC394ACB85F-LeaderElection51: begin an election at term 1 for -1: [73f9b6d6-78ac-4cc6-953d-c7a8a2f9ddd0:172.17.0.2:40125, b539c339-7771-4951-b0e8-e5cec13be09d:172.17.0.2:35681, c07c5c06-eb2e-4fff-9225-845a4954e246:172.17.0.2:39799], old=null
2020-07-21 10:22:53,463 [grpc-default-executor-4] INFO  impl.RaftServerImpl (RaftServerImpl.java:setRole(185)) - 73f9b6d6-78ac-4cc6-953d-c7a8a2f9ddd0@group-5CC394ACB85F: changes role from  FOLLOWER to FOLLOWER at term 1 for recognizeCandidate:c07c5c06-eb2e-4fff-9225-845a4954e246
2020-07-21 10:22:53,463 [grpc-default-executor-4] INFO  impl.RoleInfo (RoleInfo.java:shutdownFollowerState(121)) - 73f9b6d6-78ac-4cc6-953d-c7a8a2f9ddd0: shutdown FollowerState
2020-07-21 10:22:53,464 [grpc-default-executor-4] INFO  impl.RoleInfo (RoleInfo.java:updateAndGet(143)) - 73f9b6d6-78ac-4cc6-953d-c7a8a2f9ddd0: start FollowerState
2020-07-21 10:22:53,464 [Thread-1641] INFO  impl.FollowerState (FollowerState.java:run(117)) - 73f9b6d6-78ac-4cc6-953d-c7a8a2f9ddd0@group-5CC394ACB85F-FollowerState was interrupted: java.lang.InterruptedException: sleep interrupted
2020-07-21 10:22:53,474 [c07c5c06-eb2e-4fff-9225-845a4954e246@group-5CC394ACB85F-LeaderElection50] INFO  impl.LeaderElection (LeaderElection.java:logAndReturn(61)) - c07c5c06-eb2e-4fff-9225-845a4954e246@group-5CC394ACB85F-LeaderElection50: Election PASSED; received 2 response(s) [c07c5c06-eb2e-4fff-9225-845a4954e246<-73f9b6d6-78ac-4cc6-953d-c7a8a2f9ddd0#0:OK-t1, c07c5c06-eb2e-4fff-9225-845a4954e246<-b539c339-7771-4951-b0e8-e5cec13be09d#0:FAIL-t1] and 0 exception(s); c07c5c06-eb2e-4fff-9225-845a4954e246@group-5CC394ACB85F:t1, leader=null, voted=c07c5c06-eb2e-4fff-9225-845a4954e246, raftlog=c07c5c06-eb2e-4fff-9225-845a4954e246@group-5CC394ACB85F-SegmentedRaftLog:OPENED:c-1,f-1,i0, conf=-1: [73f9b6d6-78ac-4cc6-953d-c7a8a2f9ddd0:172.17.0.2:40125, b539c339-7771-4951-b0e8-e5cec13be09d:172.17.0.2:35681, c07c5c06-eb2e-4fff-9225-845a4954e246:172.17.0.2:39799], old=null
2020-07-21 10:22:53,474 [c07c5c06-eb2e-4fff-9225-845a4954e246@group-5CC394ACB85F-LeaderElection50] INFO  impl.RoleInfo (RoleInfo.java:shutdownLeaderElection(134)) - c07c5c06-eb2e-4fff-9225-845a4954e246: shutdown LeaderElection
2020-07-21 10:22:53,475 [c07c5c06-eb2e-4fff-9225-845a4954e246@group-5CC394ACB85F-LeaderElection50] INFO  impl.RaftServerImpl (RaftServerImpl.java:setRole(185)) - c07c5c06-eb2e-4fff-9225-845a4954e246@group-5CC394ACB85F: changes role from CANDIDATE to LEADER at term 1 for changeToLeader
2020-07-21 10:22:53,475 [c07c5c06-eb2e-4fff-9225-845a4954e246@group-5CC394ACB85F-LeaderElection50] INFO  ratis.XceiverServerRatis (XceiverServerRatis.java:handleLeaderChangedNotification(820)) - Leader change notification received for group: group-5CC394ACB85F with new leaderId: c07c5c06-eb2e-4fff-9225-845a4954e246
2020-07-21 10:22:53,475 [c07c5c06-eb2e-4fff-9225-845a4954e246@group-5CC394ACB85F-LeaderElection50] INFO  impl.RaftServerImpl (ServerState.java:setLeader(255)) - c07c5c06-eb2e-4fff-9225-845a4954e246@group-5CC394ACB85F: change Leader from null to c07c5c06-eb2e-4fff-9225-845a4954e246 at term 1 for becomeLeader, leader elected after 5143ms
2020-07-21 10:22:53,475 [c07c5c06-eb2e-4fff-9225-845a4954e246@group-5CC394ACB85F-LeaderElection50] INFO  server.RaftServerConfigKeys (ConfUtils.java:logGet(44)) - raft.server.staging.catchup.gap = 1000 (default)
2020-07-21 10:22:53,475 [c07c5c06-eb2e-4fff-9225-845a4954e246@group-5CC394ACB85F-LeaderElection50] INFO  server.RaftServerConfigKeys (ConfUtils.java:logGet(44)) - raft.server.rpc.sleep.time = 25ms (default)
2020-07-21 10:22:53,475 [c07c5c06-eb2e-4fff-9225-845a4954e246@group-5CC394ACB85F-LeaderElection50] INFO  metrics.RatisMetrics (RatisMetrics.java:lambda$create$0(36)) - Creating Metrics Registry : ratis.log_appender.c07c5c06-eb2e-4fff-9225-845a4954e246@group-5CC394ACB85F
2020-07-21 10:22:53,475 [c07c5c06-eb2e-4fff-9225-845a4954e246@group-5CC394ACB85F-LeaderElection50] INFO  server.RaftServerConfigKeys (ConfUtils.java:logGet(44)) - raft.server.write.element-limit = 1024 (custom)
2020-07-21 10:22:53,475 [c07c5c06-eb2e-4fff-9225-845a4954e246@group-5CC394ACB85F-LeaderElection50] INFO  server.RaftServerConfigKeys (ConfUtils.java:logGet(44)) - raft.server.write.byte-limit = 1073741824 (custom)
2020-07-21 10:22:53,476 [c07c5c06-eb2e-4fff-9225-845a4954e246@group-5CC394ACB85F-LeaderElection50] INFO  server.RaftServerConfigKeys (ConfUtils.java:logGet(44)) - raft.server.watch.timeout = 3000ms (custom)
2020-07-21 10:22:53,476 [c07c5c06-eb2e-4fff-9225-845a4954e246@group-5CC394ACB85F-LeaderElection50] INFO  server.RaftServerConfigKeys (ConfUtils.java:logGet(44)) - raft.server.watch.timeout.denomination = 1s (default)
2020-07-21 10:22:53,476 [c07c5c06-eb2e-4fff-9225-845a4954e246@group-5CC394ACB85F-LeaderElection50] INFO  server.RaftServerConfigKeys (ConfUtils.java:logGet(44)) - raft.server.watch.element-limit = 65536 (default)
2020-07-21 10:22:53,476 [c07c5c06-eb2e-4fff-9225-845a4954e246@group-5CC394ACB85F-LeaderElection50] INFO  server.RaftServerConfigKeys (ConfUtils.java:logGet(44)) - raft.server.log.appender.snapshot.chunk.size.max = 16MB (=16777216) (default)
2020-07-21 10:22:53,476 [c07c5c06-eb2e-4fff-9225-845a4954e246@group-5CC394ACB85F-LeaderElection50] INFO  server.RaftServerConfigKeys (ConfUtils.java:logGet(44)) - raft.server.log.appender.buffer.byte-limit = 33554432 (custom)
2020-07-21 10:22:53,476 [c07c5c06-eb2e-4fff-9225-845a4954e246@group-5CC394ACB85F-LeaderElection50] INFO  server.RaftServerConfigKeys (ConfUtils.java:logGet(44)) - raft.server.log.appender.buffer.element-limit = 1 (custom)
2020-07-21 10:22:53,476 [c07c5c06-eb2e-4fff-9225-845a4954e246@group-5CC394ACB85F-LeaderElection50] INFO  grpc.GrpcConfigKeys (ConfUtils.java:logGet(44)) - raft.grpc.server.leader.outstanding.appends.max = 128 (default)
2020-07-21 10:22:53,477 [c07c5c06-eb2e-4fff-9225-845a4954e246@group-5CC394ACB85F-LeaderElection50] INFO  server.RaftServerConfigKeys (ConfUtils.java:logGet(44)) - raft.server.rpc.request.timeout = 3000ms (default)
2020-07-21 10:22:53,478 [c07c5c06-eb2e-4fff-9225-845a4954e246@group-5CC394ACB85F-LeaderElection50] INFO  server.RaftServerConfigKeys (ConfUtils.java:logGet(44)) - raft.server.log.appender.install.snapshot.enabled = false (custom)
2020-07-21 10:22:53,478 [c07c5c06-eb2e-4fff-9225-845a4954e246@group-5CC394ACB85F-LeaderElection50] INFO  metrics.RatisMetrics (RatisMetrics.java:lambda$create$0(36)) - Creating Metrics Registry : ratis_grpc.log_appender.c07c5c06-eb2e-4fff-9225-845a4954e246@group-5CC394ACB85F
2020-07-21 10:22:53,478 [EventQueue-PipelineReportForPipelineReportHandler] INFO  pipeline.PipelineStateManager (PipelineStateManager.java:openPipeline(131)) - Pipeline Pipeline[ Id: c5e9f63b-de00-4a03-a3d7-5cc394acb85f, Nodes: b539c339-7771-4951-b0e8-e5cec13be09d{ip: 172.17.0.2, host: f401945b6f42, networkLocation: /default-rack, certSerialId: null}c07c5c06-eb2e-4fff-9225-845a4954e246{ip: 172.17.0.2, host: f401945b6f42, networkLocation: /default-rack, certSerialId: null}73f9b6d6-78ac-4cc6-953d-c7a8a2f9ddd0{ip: 172.17.0.2, host: f401945b6f42, networkLocation: /default-rack, certSerialId: null}, Type:RATIS, Factor:THREE, State:ALLOCATED, leaderId:c07c5c06-eb2e-4fff-9225-845a4954e246, CreationTimestamp2020-07-21T10:22:45.572Z] moved to OPEN state
2020-07-21 10:22:53,480 [c07c5c06-eb2e-4fff-9225-845a4954e246@group-5CC394ACB85F-LeaderElection50] INFO  server.RaftServerConfigKeys (ConfUtils.java:logGet(44)) - raft.server.log.appender.snapshot.chunk.size.max = 16MB (=16777216) (default)
2020-07-21 10:22:53,482 [EventQueue-OpenPipelineForHealthyPipelineSafeModeRule] INFO  safemode.SCMSafeModeManager (HealthyPipelineSafeModeRule.java:process(129)) - SCM in safe mode. Healthy pipelines reported count is 1, required healthy pipeline reported count is 1
2020-07-21 10:22:53,482 [EventQueue-OpenPipelineForOneReplicaPipelineSafeModeRule] INFO  safemode.SCMSafeModeManager (SCMSafeModeManager.java:validateSafeModeExitRules(214)) - AtleastOneDatanodeReportedRule rule is successfully validated
2020-07-21 10:22:53,483 [EventQueue-OpenPipelineForHealthyPipelineSafeModeRule] INFO  safemode.SCMSafeModeManager (SCMSafeModeManager.java:validateSafeModeExitRules(214)) - HealthyPipelineSafeModeRule rule is successfully validated
2020-07-21 10:22:53,483 [EventQueue-OpenPipelineForHealthyPipelineSafeModeRule] INFO  safemode.SCMSafeModeManager (SCMSafeModeManager.java:validateSafeModeExitRules(228)) - ScmSafeModeManager, all rules are successfully validated
2020-07-21 10:22:53,484 [EventQueue-OpenPipelineForHealthyPipelineSafeModeRule] INFO  safemode.SCMSafeModeManager (SCMSafeModeManager.java:exitSafeMode(257)) - SCM exiting safe mode.
2020-07-21 10:22:53,483 [c07c5c06-eb2e-4fff-9225-845a4954e246@group-5CC394ACB85F-LeaderElection50] INFO  server.RaftServerConfigKeys (ConfUtils.java:logGet(44)) - raft.server.log.appender.buffer.byte-limit = 33554432 (custom)
2020-07-21 10:22:53,484 [c07c5c06-eb2e-4fff-9225-845a4954e246@group-5CC394ACB85F-LeaderElection50] INFO  server.RaftServerConfigKeys (ConfUtils.java:logGet(44)) - raft.server.log.appender.buffer.element-limit = 1 (custom)
2020-07-21 10:22:53,484 [c07c5c06-eb2e-4fff-9225-845a4954e246@group-5CC394ACB85F-LeaderElection50] INFO  grpc.GrpcConfigKeys (ConfUtils.java:logGet(44)) - raft.grpc.server.leader.outstanding.appends.max = 128 (default)
2020-07-21 10:22:53,484 [c07c5c06-eb2e-4fff-9225-845a4954e246@group-5CC394ACB85F-LeaderElection50] INFO  server.RaftServerConfigKeys (ConfUtils.java:logGet(44)) - raft.server.rpc.request.timeout = 3000ms (default)
2020-07-21 10:22:53,484 [c07c5c06-eb2e-4fff-9225-845a4954e246@group-5CC394ACB85F-LeaderElection50] INFO  server.RaftServerConfigKeys (ConfUtils.java:logGet(44)) - raft.server.log.appender.install.snapshot.enabled = false (custom)
2020-07-21 10:22:53,486 [c07c5c06-eb2e-4fff-9225-845a4954e246@group-5CC394ACB85F-LeaderElection50] INFO  impl.RoleInfo (RoleInfo.java:updateAndGet(143)) - c07c5c06-eb2e-4fff-9225-845a4954e246: start LeaderState
2020-07-21 10:22:53,486 [c07c5c06-eb2e-4fff-9225-845a4954e246@group-5CC394ACB85F-LeaderElection50] INFO  segmented.SegmentedRaftLogWorker (SegmentedRaftLogWorker.java:startLogSegment(397)) - c07c5c06-eb2e-4fff-9225-845a4954e246@group-5CC394ACB85F-SegmentedRaftLogWorker: Starting segment from index:0
2020-07-21 10:22:53,487 [c07c5c06-eb2e-4fff-9225-845a4954e246@group-5CC394ACB85F-LeaderElection50] INFO  impl.RaftServerImpl (ServerState.java:setRaftConf(356)) - c07c5c06-eb2e-4fff-9225-845a4954e246@group-5CC394ACB85F: set configuration 0: [73f9b6d6-78ac-4cc6-953d-c7a8a2f9ddd0:172.17.0.2:40125, b539c339-7771-4951-b0e8-e5cec13be09d:172.17.0.2:35681, c07c5c06-eb2e-4fff-9225-845a4954e246:172.17.0.2:39799], old=null at 0
2020-07-21 10:22:53,488 [c07c5c06-eb2e-4fff-9225-845a4954e246@group-5CC394ACB85F-SegmentedRaftLogWorker] INFO  segmented.SegmentedRaftLogWorker (SegmentedRaftLogWorker.java:execute(596)) - c07c5c06-eb2e-4fff-9225-845a4954e246@group-5CC394ACB85F-SegmentedRaftLogWorker: created new log segment /github/workspace/mnt/ozone/hadoop-ozone/integration-test/target/test-dir/MiniOzoneClusterImpl-26aa3f93-67e0-4cbe-8624-cf0efb7a6165/datanode-3/data/ratis/c5e9f63b-de00-4a03-a3d7-5cc394acb85f/current/log_inprogress_0
2020-07-21 10:22:53,488 [grpc-default-executor-4] INFO  impl.RaftServerImpl (RaftServerImpl.java:requestVote(843)) - c07c5c06-eb2e-4fff-9225-845a4954e246@group-5CC394ACB85F-   LEADER: Withhold vote from candidate b539c339-7771-4951-b0e8-e5cec13be09d with term 1. State: leader=c07c5c06-eb2e-4fff-9225-845a4954e246, term=1, lastRpcElapsed=null
2020-07-21 10:22:53,493 [b539c339-7771-4951-b0e8-e5cec13be09d@group-5CC394ACB85F-LeaderElection51] INFO  impl.LeaderElection (LeaderElection.java:logAndReturn(61)) - b539c339-7771-4951-b0e8-e5cec13be09d@group-5CC394ACB85F-LeaderElection51: Election REJECTED; received 2 response(s) [b539c339-7771-4951-b0e8-e5cec13be09d<-73f9b6d6-78ac-4cc6-953d-c7a8a2f9ddd0#0:FAIL-t1, b539c339-7771-4951-b0e8-e5cec13be09d<-c07c5c06-eb2e-4fff-9225-845a4954e246#0:FAIL-t1] and 0 exception(s); b539c339-7771-4951-b0e8-e5cec13be09d@group-5CC394ACB85F:t1, leader=null, voted=b539c339-7771-4951-b0e8-e5cec13be09d, raftlog=b539c339-7771-4951-b0e8-e5cec13be09d@group-5CC394ACB85F-SegmentedRaftLog:OPENED:c-1,f-1,i0, conf=-1: [73f9b6d6-78ac-4cc6-953d-c7a8a2f9ddd0:172.17.0.2:40125, b539c339-7771-4951-b0e8-e5cec13be09d:172.17.0.2:35681, c07c5c06-eb2e-4fff-9225-845a4954e246:172.17.0.2:39799], old=null
2020-07-21 10:22:53,493 [b539c339-7771-4951-b0e8-e5cec13be09d@group-5CC394ACB85F-LeaderElection51] INFO  impl.RaftServerImpl (RaftServerImpl.java:setRole(185)) - b539c339-7771-4951-b0e8-e5cec13be09d@group-5CC394ACB85F: changes role from CANDIDATE to FOLLOWER at term 1 for DISCOVERED_A_NEW_TERM
2020-07-21 10:22:53,493 [b539c339-7771-4951-b0e8-e5cec13be09d@group-5CC394ACB85F-LeaderElection51] INFO  impl.RoleInfo (RoleInfo.java:shutdownLeaderElection(134)) - b539c339-7771-4951-b0e8-e5cec13be09d: shutdown LeaderElection
2020-07-21 10:22:53,493 [b539c339-7771-4951-b0e8-e5cec13be09d@group-5CC394ACB85F-LeaderElection51] INFO  impl.RoleInfo (RoleInfo.java:updateAndGet(143)) - b539c339-7771-4951-b0e8-e5cec13be09d: start FollowerState
2020-07-21 10:22:53,503 [grpc-default-executor-1] INFO  ratis.XceiverServerRatis (XceiverServerRatis.java:handleLeaderChangedNotification(820)) - Leader change notification received for group: group-5CC394ACB85F with new leaderId: c07c5c06-eb2e-4fff-9225-845a4954e246
2020-07-21 10:22:53,505 [grpc-default-executor-1] INFO  impl.RaftServerImpl (ServerState.java:setLeader(255)) - 73f9b6d6-78ac-4cc6-953d-c7a8a2f9ddd0@group-5CC394ACB85F: change Leader from null to c07c5c06-eb2e-4fff-9225-845a4954e246 at term 1 for appendEntries, leader elected after 5126ms
2020-07-21 10:22:53,504 [grpc-default-executor-0] INFO  ratis.XceiverServerRatis (XceiverServerRatis.java:handleLeaderChangedNotification(820)) - Leader change notification received for group: group-5CC394ACB85F with new leaderId: c07c5c06-eb2e-4fff-9225-845a4954e246
2020-07-21 10:22:53,505 [grpc-default-executor-0] INFO  impl.RaftServerImpl (ServerState.java:setLeader(255)) - b539c339-7771-4951-b0e8-e5cec13be09d@group-5CC394ACB85F: change Leader from null to c07c5c06-eb2e-4fff-9225-845a4954e246 at term 1 for appendEntries, leader elected after 5150ms
2020-07-21 10:22:53,506 [grpc-default-executor-1] INFO  impl.RaftServerImpl (ServerState.java:setRaftConf(356)) - 73f9b6d6-78ac-4cc6-953d-c7a8a2f9ddd0@group-5CC394ACB85F: set configuration 0: [73f9b6d6-78ac-4cc6-953d-c7a8a2f9ddd0:172.17.0.2:40125, b539c339-7771-4951-b0e8-e5cec13be09d:172.17.0.2:35681, c07c5c06-eb2e-4fff-9225-845a4954e246:172.17.0.2:39799], old=null at 0
2020-07-21 10:22:53,507 [grpc-default-executor-1] INFO  segmented.SegmentedRaftLogWorker (SegmentedRaftLogWorker.java:startLogSegment(397)) - 73f9b6d6-78ac-4cc6-953d-c7a8a2f9ddd0@group-5CC394ACB85F-SegmentedRaftLogWorker: Starting segment from index:0
2020-07-21 10:22:53,509 [73f9b6d6-78ac-4cc6-953d-c7a8a2f9ddd0@group-5CC394ACB85F-SegmentedRaftLogWorker] INFO  segmented.SegmentedRaftLogWorker (SegmentedRaftLogWorker.java:execute(596)) - 73f9b6d6-78ac-4cc6-953d-c7a8a2f9ddd0@group-5CC394ACB85F-SegmentedRaftLogWorker: created new log segment /github/workspace/mnt/ozone/hadoop-ozone/integration-test/target/test-dir/MiniOzoneClusterImpl-26aa3f93-67e0-4cbe-8624-cf0efb7a6165/datanode-4/data/ratis/c5e9f63b-de00-4a03-a3d7-5cc394acb85f/current/log_inprogress_0
2020-07-21 10:22:53,509 [grpc-default-executor-1] INFO  impl.RaftServerImpl (ServerState.java:setRaftConf(356)) - b539c339-7771-4951-b0e8-e5cec13be09d@group-5CC394ACB85F: set configuration 0: [73f9b6d6-78ac-4cc6-953d-c7a8a2f9ddd0:172.17.0.2:40125, b539c339-7771-4951-b0e8-e5cec13be09d:172.17.0.2:35681, c07c5c06-eb2e-4fff-9225-845a4954e246:172.17.0.2:39799], old=null at 0
2020-07-21 10:22:53,511 [grpc-default-executor-1] INFO  segmented.SegmentedRaftLogWorker (SegmentedRaftLogWorker.java:startLogSegment(397)) - b539c339-7771-4951-b0e8-e5cec13be09d@group-5CC394ACB85F-SegmentedRaftLogWorker: Starting segment from index:0
2020-07-21 10:22:53,512 [b539c339-7771-4951-b0e8-e5cec13be09d@group-5CC394ACB85F-SegmentedRaftLogWorker] INFO  segmented.SegmentedRaftLogWorker (SegmentedRaftLogWorker.java:execute(596)) - b539c339-7771-4951-b0e8-e5cec13be09d@group-5CC394ACB85F-SegmentedRaftLogWorker: created new log segment /github/workspace/mnt/ozone/hadoop-ozone/integration-test/target/test-dir/MiniOzoneClusterImpl-26aa3f93-67e0-4cbe-8624-cf0efb7a6165/datanode-5/data/ratis/c5e9f63b-de00-4a03-a3d7-5cc394acb85f/current/log_inprogress_0
2020-07-21 10:22:53,516 [Thread-1644] INFO  impl.FollowerState (FollowerState.java:run(108)) - 73f9b6d6-78ac-4cc6-953d-c7a8a2f9ddd0@group-A66E0F371B3F-FollowerState: change to CANDIDATE, lastRpcTime:5108ms, electionTimeout:5106ms
2020-07-21 10:22:53,518 [Thread-1644] INFO  impl.RoleInfo (RoleInfo.java:shutdownFollowerState(121)) - 73f9b6d6-78ac-4cc6-953d-c7a8a2f9ddd0: shutdown FollowerState
2020-07-21 10:22:53,519 [Thread-1644] INFO  impl.RaftServerImpl (RaftServerImpl.java:setRole(185)) - 73f9b6d6-78ac-4cc6-953d-c7a8a2f9ddd0@group-A66E0F371B3F: changes role from  FOLLOWER to CANDIDATE at term 0 for changeToCandidate
2020-07-21 10:22:53,519 [Thread-1644] INFO  impl.RoleInfo (RoleInfo.java:updateAndGet(143)) - 73f9b6d6-78ac-4cc6-953d-c7a8a2f9ddd0: start LeaderElection
2020-07-21 10:22:53,528 [73f9b6d6-78ac-4cc6-953d-c7a8a2f9ddd0@group-A66E0F371B3F-LeaderElection52] INFO  impl.LeaderElection (LeaderElection.java:askForVotes(209)) - 73f9b6d6-78ac-4cc6-953d-c7a8a2f9ddd0@group-A66E0F371B3F-LeaderElection52: begin an election at term 1 for -1: [73f9b6d6-78ac-4cc6-953d-c7a8a2f9ddd0:172.17.0.2:40125], old=null
2020-07-21 10:22:53,528 [73f9b6d6-78ac-4cc6-953d-c7a8a2f9ddd0@group-A66E0F371B3F-LeaderElection52] INFO  impl.RoleInfo (RoleInfo.java:shutdownLeaderElection(134)) - 73f9b6d6-78ac-4cc6-953d-c7a8a2f9ddd0: shutdown LeaderElection
2020-07-21 10:22:53,528 [73f9b6d6-78ac-4cc6-953d-c7a8a2f9ddd0@group-A66E0F371B3F-LeaderElection52] INFO  impl.RaftServerImpl (RaftServerImpl.java:setRole(185)) - 73f9b6d6-78ac-4cc6-953d-c7a8a2f9ddd0@group-A66E0F371B3F: changes role from CANDIDATE to LEADER at term 1 for changeToLeader
2020-07-21 10:22:53,528 [73f9b6d6-78ac-4cc6-953d-c7a8a2f9ddd0@group-A66E0F371B3F-LeaderElection52] INFO  ratis.XceiverServerRatis (XceiverServerRatis.java:handleLeaderChangedNotification(820)) - Leader change notification received for group: group-A66E0F371B3F with new leaderId: 73f9b6d6-78ac-4cc6-953d-c7a8a2f9ddd0
2020-07-21 10:22:53,528 [73f9b6d6-78ac-4cc6-953d-c7a8a2f9ddd0@group-A66E0F371B3F-LeaderElection52] INFO  impl.RaftServerImpl (ServerState.java:setLeader(255)) - 73f9b6d6-78ac-4cc6-953d-c7a8a2f9ddd0@group-A66E0F371B3F: change Leader from null to 73f9b6d6-78ac-4cc6-953d-c7a8a2f9ddd0 at term 1 for becomeLeader, leader elected after 5128ms
2020-07-21 10:22:53,528 [73f9b6d6-78ac-4cc6-953d-c7a8a2f9ddd0@group-A66E0F371B3F-LeaderElection52] INFO  server.RaftServerConfigKeys (ConfUtils.java:logGet(44)) - raft.server.staging.catchup.gap = 1000 (default)
2020-07-21 10:22:53,528 [73f9b6d6-78ac-4cc6-953d-c7a8a2f9ddd0@group-A66E0F371B3F-LeaderElection52] INFO  server.RaftServerConfigKeys (ConfUtils.java:logGet(44)) - raft.server.rpc.sleep.time = 25ms (default)
2020-07-21 10:22:53,528 [73f9b6d6-78ac-4cc6-953d-c7a8a2f9ddd0@group-A66E0F371B3F-LeaderElection52] INFO  metrics.RatisMetrics (RatisMetrics.java:lambda$create$0(36)) - Creating Metrics Registry : ratis.log_appender.73f9b6d6-78ac-4cc6-953d-c7a8a2f9ddd0@group-A66E0F371B3F
2020-07-21 10:22:53,529 [73f9b6d6-78ac-4cc6-953d-c7a8a2f9ddd0@group-A66E0F371B3F-LeaderElection52] INFO  server.RaftServerConfigKeys (ConfUtils.java:logGet(44)) - raft.server.write.element-limit = 1024 (custom)
2020-07-21 10:22:53,529 [73f9b6d6-78ac-4cc6-953d-c7a8a2f9ddd0@group-A66E0F371B3F-LeaderElection52] INFO  server.RaftServerConfigKeys (ConfUtils.java:logGet(44)) - raft.server.write.byte-limit = 1073741824 (custom)
2020-07-21 10:22:53,529 [73f9b6d6-78ac-4cc6-953d-c7a8a2f9ddd0@group-A66E0F371B3F-LeaderElection52] INFO  server.RaftServerConfigKeys (ConfUtils.java:logGet(44)) - raft.server.watch.timeout = 3000ms (custom)
2020-07-21 10:22:53,529 [73f9b6d6-78ac-4cc6-953d-c7a8a2f9ddd0@group-A66E0F371B3F-LeaderElection52] INFO  server.RaftServerConfigKeys (ConfUtils.java:logGet(44)) - raft.server.watch.timeout.denomination = 1s (default)
2020-07-21 10:22:53,530 [73f9b6d6-78ac-4cc6-953d-c7a8a2f9ddd0@group-A66E0F371B3F-LeaderElection52] INFO  server.RaftServerConfigKeys (ConfUtils.java:logGet(44)) - raft.server.watch.element-limit = 65536 (default)
2020-07-21 10:22:53,530 [73f9b6d6-78ac-4cc6-953d-c7a8a2f9ddd0@group-A66E0F371B3F-LeaderElection52] INFO  impl.RoleInfo (RoleInfo.java:updateAndGet(143)) - 73f9b6d6-78ac-4cc6-953d-c7a8a2f9ddd0: start LeaderState
2020-07-21 10:22:53,530 [73f9b6d6-78ac-4cc6-953d-c7a8a2f9ddd0@group-A66E0F371B3F-LeaderElection52] INFO  segmented.SegmentedRaftLogWorker (SegmentedRaftLogWorker.java:startLogSegment(397)) - 73f9b6d6-78ac-4cc6-953d-c7a8a2f9ddd0@group-A66E0F371B3F-SegmentedRaftLogWorker: Starting segment from index:0
2020-07-21 10:22:53,531 [73f9b6d6-78ac-4cc6-953d-c7a8a2f9ddd0@group-A66E0F371B3F-SegmentedRaftLogWorker] INFO  segmented.SegmentedRaftLogWorker (SegmentedRaftLogWorker.java:execute(596)) - 73f9b6d6-78ac-4cc6-953d-c7a8a2f9ddd0@group-A66E0F371B3F-SegmentedRaftLogWorker: created new log segment /github/workspace/mnt/ozone/hadoop-ozone/integration-test/target/test-dir/MiniOzoneClusterImpl-26aa3f93-67e0-4cbe-8624-cf0efb7a6165/datanode-4/data/ratis/f8453eb1-81f8-47f0-953b-a66e0f371b3f/current/log_inprogress_0
2020-07-21 10:22:53,533 [73f9b6d6-78ac-4cc6-953d-c7a8a2f9ddd0@group-A66E0F371B3F-LeaderElection52] INFO  impl.RaftServerImpl (ServerState.java:setRaftConf(356)) - 73f9b6d6-78ac-4cc6-953d-c7a8a2f9ddd0@group-A66E0F371B3F: set configuration 0: [73f9b6d6-78ac-4cc6-953d-c7a8a2f9ddd0:172.17.0.2:40125], old=null at 0
2020-07-21 10:22:53,752 [Thread-1646] INFO  impl.FollowerState (FollowerState.java:run(108)) - b539c339-7771-4951-b0e8-e5cec13be09d@group-6017CBF3A321-FollowerState: change to CANDIDATE, lastRpcTime:5170ms, electionTimeout:5170ms
2020-07-21 10:22:53,753 [Thread-1646] INFO  impl.RoleInfo (RoleInfo.java:shutdownFollowerState(121)) - b539c339-7771-4951-b0e8-e5cec13be09d: shutdown FollowerState
2020-07-21 10:22:53,753 [Thread-1646] INFO  impl.RaftServerImpl (RaftServerImpl.java:setRole(185)) - b539c339-7771-4951-b0e8-e5cec13be09d@group-6017CBF3A321: changes role from  FOLLOWER to CANDIDATE at term 0 for changeToCandidate
2020-07-21 10:22:53,753 [Thread-1646] INFO  impl.RoleInfo (RoleInfo.java:updateAndGet(143)) - b539c339-7771-4951-b0e8-e5cec13be09d: start LeaderElection
2020-07-21 10:22:53,754 [Thread-1652] INFO  impl.FollowerState (FollowerState.java:run(108)) - 1e765541-286b-46a5-8366-eef195687e41@group-4BA1FCFD4EB6-FollowerState: change to CANDIDATE, lastRpcTime:5030ms, electionTimeout:5028ms
2020-07-21 10:22:53,755 [Thread-1652] INFO  impl.RoleInfo (RoleInfo.java:shutdownFollowerState(121)) - 1e765541-286b-46a5-8366-eef195687e41: shutdown FollowerState
2020-07-21 10:22:53,755 [Thread-1652] INFO  impl.RaftServerImpl (RaftServerImpl.java:setRole(185)) - 1e765541-286b-46a5-8366-eef195687e41@group-4BA1FCFD4EB6: changes role from  FOLLOWER to CANDIDATE at term 0 for changeToCandidate
2020-07-21 10:22:53,755 [Thread-1652] INFO  impl.RoleInfo (RoleInfo.java:updateAndGet(143)) - 1e765541-286b-46a5-8366-eef195687e41: start LeaderElection
2020-07-21 10:22:53,762 [1e765541-286b-46a5-8366-eef195687e41@group-4BA1FCFD4EB6-LeaderElection54] INFO  impl.LeaderElection (LeaderElection.java:askForVotes(209)) - 1e765541-286b-46a5-8366-eef195687e41@group-4BA1FCFD4EB6-LeaderElection54: begin an election at term 1 for -1: [8b103efb-4bcc-46ba-8a16-605357281583:172.17.0.2:34397, 1e765541-286b-46a5-8366-eef195687e41:172.17.0.2:37839, dc1ecc86-b233-440d-8be3-38a10f678b98:172.17.0.2:36481], old=null
2020-07-21 10:22:53,762 [b539c339-7771-4951-b0e8-e5cec13be09d@group-6017CBF3A321-LeaderElection53] INFO  impl.LeaderElection (LeaderElection.java:askForVotes(209)) - b539c339-7771-4951-b0e8-e5cec13be09d@group-6017CBF3A321-LeaderElection53: begin an election at term 1 for -1: [b539c339-7771-4951-b0e8-e5cec13be09d:172.17.0.2:35681], old=null
2020-07-21 10:22:53,762 [b539c339-7771-4951-b0e8-e5cec13be09d@group-6017CBF3A321-LeaderElection53] INFO  impl.RoleInfo (RoleInfo.java:shutdownLeaderElection(134)) - b539c339-7771-4951-b0e8-e5cec13be09d: shutdown LeaderElection
2020-07-21 10:22:53,763 [b539c339-7771-4951-b0e8-e5cec13be09d@group-6017CBF3A321-LeaderElection53] INFO  impl.RaftServerImpl (RaftServerImpl.java:setRole(185)) - b539c339-7771-4951-b0e8-e5cec13be09d@group-6017CBF3A321: changes role from CANDIDATE to LEADER at term 1 for changeToLeader
2020-07-21 10:22:53,763 [b539c339-7771-4951-b0e8-e5cec13be09d@group-6017CBF3A321-LeaderElection53] INFO  ratis.XceiverServerRatis (XceiverServerRatis.java:handleLeaderChangedNotification(820)) - Leader change notification received for group: group-6017CBF3A321 with new leaderId: b539c339-7771-4951-b0e8-e5cec13be09d
2020-07-21 10:22:53,763 [b539c339-7771-4951-b0e8-e5cec13be09d@group-6017CBF3A321-LeaderElection53] INFO  impl.RaftServerImpl (ServerState.java:setLeader(255)) - b539c339-7771-4951-b0e8-e5cec13be09d@group-6017CBF3A321: change Leader from null to b539c339-7771-4951-b0e8-e5cec13be09d at term 1 for becomeLeader, leader elected after 5188ms
2020-07-21 10:22:53,763 [b539c339-7771-4951-b0e8-e5cec13be09d@group-6017CBF3A321-LeaderElection53] INFO  server.RaftServerConfigKeys (ConfUtils.java:logGet(44)) - raft.server.staging.catchup.gap = 1000 (default)
2020-07-21 10:22:53,763 [b539c339-7771-4951-b0e8-e5cec13be09d@group-6017CBF3A321-LeaderElection53] INFO  server.RaftServerConfigKeys (ConfUtils.java:logGet(44)) - raft.server.rpc.sleep.time = 25ms (default)
2020-07-21 10:22:53,763 [b539c339-7771-4951-b0e8-e5cec13be09d@group-6017CBF3A321-LeaderElection53] INFO  metrics.RatisMetrics (RatisMetrics.java:lambda$create$0(36)) - Creating Metrics Registry : ratis.log_appender.b539c339-7771-4951-b0e8-e5cec13be09d@group-6017CBF3A321
2020-07-21 10:22:53,763 [b539c339-7771-4951-b0e8-e5cec13be09d@group-6017CBF3A321-LeaderElection53] INFO  server.RaftServerConfigKeys (ConfUtils.java:logGet(44)) - raft.server.write.element-limit = 1024 (custom)
2020-07-21 10:22:53,763 [b539c339-7771-4951-b0e8-e5cec13be09d@group-6017CBF3A321-LeaderElection53] INFO  server.RaftServerConfigKeys (ConfUtils.java:logGet(44)) - raft.server.write.byte-limit = 1073741824 (custom)
2020-07-21 10:22:53,764 [b539c339-7771-4951-b0e8-e5cec13be09d@group-6017CBF3A321-LeaderElection53] INFO  server.RaftServerConfigKeys (ConfUtils.java:logGet(44)) - raft.server.watch.timeout = 3000ms (custom)
2020-07-21 10:22:53,764 [b539c339-7771-4951-b0e8-e5cec13be09d@group-6017CBF3A321-LeaderElection53] INFO  server.RaftServerConfigKeys (ConfUtils.java:logGet(44)) - raft.server.watch.timeout.denomination = 1s (default)
2020-07-21 10:22:53,764 [b539c339-7771-4951-b0e8-e5cec13be09d@group-6017CBF3A321-LeaderElection53] INFO  server.RaftServerConfigKeys (ConfUtils.java:logGet(44)) - raft.server.watch.element-limit = 65536 (default)
2020-07-21 10:22:53,764 [b539c339-7771-4951-b0e8-e5cec13be09d@group-6017CBF3A321-LeaderElection53] INFO  impl.RoleInfo (RoleInfo.java:updateAndGet(143)) - b539c339-7771-4951-b0e8-e5cec13be09d: start LeaderState
2020-07-21 10:22:53,765 [b539c339-7771-4951-b0e8-e5cec13be09d@group-6017CBF3A321-LeaderElection53] INFO  segmented.SegmentedRaftLogWorker (SegmentedRaftLogWorker.java:startLogSegment(397)) - b539c339-7771-4951-b0e8-e5cec13be09d@group-6017CBF3A321-SegmentedRaftLogWorker: Starting segment from index:0
2020-07-21 10:22:53,767 [b539c339-7771-4951-b0e8-e5cec13be09d@group-6017CBF3A321-SegmentedRaftLogWorker] INFO  segmented.SegmentedRaftLogWorker (SegmentedRaftLogWorker.java:execute(596)) - b539c339-7771-4951-b0e8-e5cec13be09d@group-6017CBF3A321-SegmentedRaftLogWorker: created new log segment /github/workspace/mnt/ozone/hadoop-ozone/integration-test/target/test-dir/MiniOzoneClusterImpl-26aa3f93-67e0-4cbe-8624-cf0efb7a6165/datanode-5/data/ratis/a3e31c5c-04bd-49a1-9d1d-6017cbf3a321/current/log_inprogress_0
2020-07-21 10:22:53,770 [b539c339-7771-4951-b0e8-e5cec13be09d@group-6017CBF3A321-LeaderElection53] INFO  impl.RaftServerImpl (ServerState.java:setRaftConf(356)) - b539c339-7771-4951-b0e8-e5cec13be09d@group-6017CBF3A321: set configuration 0: [b539c339-7771-4951-b0e8-e5cec13be09d:172.17.0.2:35681], old=null at 0
2020-07-21 10:22:53,796 [grpc-default-executor-1] INFO  impl.RaftServerImpl (RaftServerImpl.java:setRole(185)) - dc1ecc86-b233-440d-8be3-38a10f678b98@group-4BA1FCFD4EB6: changes role from  FOLLOWER to FOLLOWER at term 1 for recognizeCandidate:1e765541-286b-46a5-8366-eef195687e41
2020-07-21 10:22:53,796 [grpc-default-executor-1] INFO  impl.RoleInfo (RoleInfo.java:shutdownFollowerState(121)) - dc1ecc86-b233-440d-8be3-38a10f678b98: shutdown FollowerState
2020-07-21 10:22:53,796 [grpc-default-executor-1] INFO  impl.RoleInfo (RoleInfo.java:updateAndGet(143)) - dc1ecc86-b233-440d-8be3-38a10f678b98: start FollowerState
2020-07-21 10:22:53,800 [grpc-default-executor-0] INFO  impl.RaftServerImpl (RaftServerImpl.java:setRole(185)) - 8b103efb-4bcc-46ba-8a16-605357281583@group-4BA1FCFD4EB6: changes role from  FOLLOWER to FOLLOWER at term 1 for recognizeCandidate:1e765541-286b-46a5-8366-eef195687e41
2020-07-21 10:22:53,801 [grpc-default-executor-0] INFO  impl.RoleInfo (RoleInfo.java:shutdownFollowerState(121)) - 8b103efb-4bcc-46ba-8a16-605357281583: shutdown FollowerState
2020-07-21 10:22:53,801 [grpc-default-executor-0] INFO  impl.RoleInfo (RoleInfo.java:updateAndGet(143)) - 8b103efb-4bcc-46ba-8a16-605357281583: start FollowerState
2020-07-21 10:22:53,801 [Thread-1650] INFO  impl.FollowerState (FollowerState.java:run(117)) - 8b103efb-4bcc-46ba-8a16-605357281583@group-4BA1FCFD4EB6-FollowerState was interrupted: java.lang.InterruptedException: sleep interrupted
2020-07-21 10:22:53,814 [1e765541-286b-46a5-8366-eef195687e41@group-4BA1FCFD4EB6-LeaderElection54] INFO  impl.LeaderElection (LeaderElection.java:logAndReturn(61)) - 1e765541-286b-46a5-8366-eef195687e41@group-4BA1FCFD4EB6-LeaderElection54: Election PASSED; received 1 response(s) [1e765541-286b-46a5-8366-eef195687e41<-dc1ecc86-b233-440d-8be3-38a10f678b98#0:OK-t1] and 0 exception(s); 1e765541-286b-46a5-8366-eef195687e41@group-4BA1FCFD4EB6:t1, leader=null, voted=1e765541-286b-46a5-8366-eef195687e41, raftlog=1e765541-286b-46a5-8366-eef195687e41@group-4BA1FCFD4EB6-SegmentedRaftLog:OPENED:c-1,f-1,i0, conf=-1: [8b103efb-4bcc-46ba-8a16-605357281583:172.17.0.2:34397, 1e765541-286b-46a5-8366-eef195687e41:172.17.0.2:37839, dc1ecc86-b233-440d-8be3-38a10f678b98:172.17.0.2:36481], old=null
2020-07-21 10:22:53,814 [1e765541-286b-46a5-8366-eef195687e41@group-4BA1FCFD4EB6-LeaderElection54] INFO  impl.RoleInfo (RoleInfo.java:shutdownLeaderElection(134)) - 1e765541-286b-46a5-8366-eef195687e41: shutdown LeaderElection
2020-07-21 10:22:53,814 [1e765541-286b-46a5-8366-eef195687e41@group-4BA1FCFD4EB6-LeaderElection54] INFO  impl.RaftServerImpl (RaftServerImpl.java:setRole(185)) - 1e765541-286b-46a5-8366-eef195687e41@group-4BA1FCFD4EB6: changes role from CANDIDATE to LEADER at term 1 for changeToLeader
2020-07-21 10:22:53,815 [1e765541-286b-46a5-8366-eef195687e41@group-4BA1FCFD4EB6-LeaderElection54] INFO  ratis.XceiverServerRatis (XceiverServerRatis.java:handleLeaderChangedNotification(820)) - Leader change notification received for group: group-4BA1FCFD4EB6 with new leaderId: 1e765541-286b-46a5-8366-eef195687e41
2020-07-21 10:22:53,815 [1e765541-286b-46a5-8366-eef195687e41@group-4BA1FCFD4EB6-LeaderElection54] INFO  impl.RaftServerImpl (ServerState.java:setLeader(255)) - 1e765541-286b-46a5-8366-eef195687e41@group-4BA1FCFD4EB6: change Leader from null to 1e765541-286b-46a5-8366-eef195687e41 at term 1 for becomeLeader, leader elected after 5097ms
2020-07-21 10:22:53,815 [1e765541-286b-46a5-8366-eef195687e41@group-4BA1FCFD4EB6-LeaderElection54] INFO  server.RaftServerConfigKeys (ConfUtils.java:logGet(44)) - raft.server.staging.catchup.gap = 1000 (default)
2020-07-21 10:22:53,815 [1e765541-286b-46a5-8366-eef195687e41@group-4BA1FCFD4EB6-LeaderElection54] INFO  server.RaftServerConfigKeys (ConfUtils.java:logGet(44)) - raft.server.rpc.sleep.time = 25ms (default)
2020-07-21 10:22:53,815 [1e765541-286b-46a5-8366-eef195687e41@group-4BA1FCFD4EB6-LeaderElection54] INFO  metrics.RatisMetrics (RatisMetrics.java:lambda$create$0(36)) - Creating Metrics Registry : ratis.log_appender.1e765541-286b-46a5-8366-eef195687e41@group-4BA1FCFD4EB6
2020-07-21 10:22:53,816 [1e765541-286b-46a5-8366-eef195687e41@group-4BA1FCFD4EB6-LeaderElection54] INFO  server.RaftServerConfigKeys (ConfUtils.java:logGet(44)) - raft.server.write.element-limit = 1024 (custom)
2020-07-21 10:22:53,816 [1e765541-286b-46a5-8366-eef195687e41@group-4BA1FCFD4EB6-LeaderElection54] INFO  server.RaftServerConfigKeys (ConfUtils.java:logGet(44)) - raft.server.write.byte-limit = 1073741824 (custom)
2020-07-21 10:22:53,818 [1e765541-286b-46a5-8366-eef195687e41@group-4BA1FCFD4EB6-LeaderElection54] INFO  server.RaftServerConfigKeys (ConfUtils.java:logGet(44)) - raft.server.watch.timeout = 3000ms (custom)
2020-07-21 10:22:53,818 [1e765541-286b-46a5-8366-eef195687e41@group-4BA1FCFD4EB6-LeaderElection54] INFO  server.RaftServerConfigKeys (ConfUtils.java:logGet(44)) - raft.server.watch.timeout.denomination = 1s (default)
2020-07-21 10:22:53,818 [1e765541-286b-46a5-8366-eef195687e41@group-4BA1FCFD4EB6-LeaderElection54] INFO  server.RaftServerConfigKeys (ConfUtils.java:logGet(44)) - raft.server.watch.element-limit = 65536 (default)
2020-07-21 10:22:53,818 [EventQueue-PipelineReportForPipelineReportHandler] INFO  pipeline.PipelineStateManager (PipelineStateManager.java:openPipeline(131)) - Pipeline Pipeline[ Id: 876f53f7-c042-4df6-84d9-4ba1fcfd4eb6, Nodes: 8b103efb-4bcc-46ba-8a16-605357281583{ip: 172.17.0.2, host: f401945b6f42, networkLocation: /default-rack, certSerialId: null}1e765541-286b-46a5-8366-eef195687e41{ip: 172.17.0.2, host: f401945b6f42, networkLocation: /default-rack, certSerialId: null}dc1ecc86-b233-440d-8be3-38a10f678b98{ip: 172.17.0.2, host: f401945b6f42, networkLocation: /default-rack, certSerialId: null}, Type:RATIS, Factor:THREE, State:ALLOCATED, leaderId:1e765541-286b-46a5-8366-eef195687e41, CreationTimestamp2020-07-21T10:22:45.868Z] moved to OPEN state
2020-07-21 10:22:53,818 [1e765541-286b-46a5-8366-eef195687e41@group-4BA1FCFD4EB6-LeaderElection54] INFO  server.RaftServerConfigKeys (ConfUtils.java:logGet(44)) - raft.server.log.appender.snapshot.chunk.size.max = 16MB (=16777216) (default)
2020-07-21 10:22:53,820 [1e765541-286b-46a5-8366-eef195687e41@group-4BA1FCFD4EB6-LeaderElection54] INFO  server.RaftServerConfigKeys (ConfUtils.java:logGet(44)) - raft.server.log.appender.buffer.byte-limit = 33554432 (custom)
2020-07-21 10:22:53,820 [1e765541-286b-46a5-8366-eef195687e41@group-4BA1FCFD4EB6-LeaderElection54] INFO  server.RaftServerConfigKeys (ConfUtils.java:logGet(44)) - raft.server.log.appender.buffer.element-limit = 1 (custom)
2020-07-21 10:22:53,820 [1e765541-286b-46a5-8366-eef195687e41@group-4BA1FCFD4EB6-LeaderElection54] INFO  grpc.GrpcConfigKeys (ConfUtils.java:logGet(44)) - raft.grpc.server.leader.outstanding.appends.max = 128 (default)
2020-07-21 10:22:53,820 [1e765541-286b-46a5-8366-eef195687e41@group-4BA1FCFD4EB6-LeaderElection54] INFO  server.RaftServerConfigKeys (ConfUtils.java:logGet(44)) - raft.server.rpc.request.timeout = 3000ms (default)
2020-07-21 10:22:53,820 [1e765541-286b-46a5-8366-eef195687e41@group-4BA1FCFD4EB6-LeaderElection54] INFO  server.RaftServerConfigKeys (ConfUtils.java:logGet(44)) - raft.server.log.appender.install.snapshot.enabled = false (custom)
2020-07-21 10:22:53,821 [1e765541-286b-46a5-8366-eef195687e41@group-4BA1FCFD4EB6-LeaderElection54] INFO  metrics.RatisMetrics (RatisMetrics.java:lambda$create$0(36)) - Creating Metrics Registry : ratis_grpc.log_appender.1e765541-286b-46a5-8366-eef195687e41@group-4BA1FCFD4EB6
2020-07-21 10:22:53,822 [1e765541-286b-46a5-8366-eef195687e41@group-4BA1FCFD4EB6-LeaderElection54] INFO  server.RaftServerConfigKeys (ConfUtils.java:logGet(44)) - raft.server.log.appender.snapshot.chunk.size.max = 16MB (=16777216) (default)
2020-07-21 10:22:53,822 [1e765541-286b-46a5-8366-eef195687e41@group-4BA1FCFD4EB6-LeaderElection54] INFO  server.RaftServerConfigKeys (ConfUtils.java:logGet(44)) - raft.server.log.appender.buffer.byte-limit = 33554432 (custom)
2020-07-21 10:22:53,823 [1e765541-286b-46a5-8366-eef195687e41@group-4BA1FCFD4EB6-LeaderElection54] INFO  server.RaftServerConfigKeys (ConfUtils.java:logGet(44)) - raft.server.log.appender.buffer.element-limit = 1 (custom)
2020-07-21 10:22:53,823 [1e765541-286b-46a5-8366-eef195687e41@group-4BA1FCFD4EB6-LeaderElection54] INFO  grpc.GrpcConfigKeys (ConfUtils.java:logGet(44)) - raft.grpc.server.leader.outstanding.appends.max = 128 (default)
2020-07-21 10:22:53,823 [1e765541-286b-46a5-8366-eef195687e41@group-4BA1FCFD4EB6-LeaderElection54] INFO  server.RaftServerConfigKeys (ConfUtils.java:logGet(44)) - raft.server.rpc.request.timeout = 3000ms (default)
2020-07-21 10:22:53,823 [1e765541-286b-46a5-8366-eef195687e41@group-4BA1FCFD4EB6-LeaderElection54] INFO  server.RaftServerConfigKeys (ConfUtils.java:logGet(44)) - raft.server.log.appender.install.snapshot.enabled = false (custom)
2020-07-21 10:22:53,825 [1e765541-286b-46a5-8366-eef195687e41@group-4BA1FCFD4EB6-LeaderElection54] INFO  impl.RoleInfo (RoleInfo.java:updateAndGet(143)) - 1e765541-286b-46a5-8366-eef195687e41: start LeaderState
2020-07-21 10:22:53,825 [1e765541-286b-46a5-8366-eef195687e41@group-4BA1FCFD4EB6-LeaderElection54] INFO  segmented.SegmentedRaftLogWorker (SegmentedRaftLogWorker.java:startLogSegment(397)) - 1e765541-286b-46a5-8366-eef195687e41@group-4BA1FCFD4EB6-SegmentedRaftLogWorker: Starting segment from index:0
2020-07-21 10:22:53,838 [1e765541-286b-46a5-8366-eef195687e41@group-4BA1FCFD4EB6-SegmentedRaftLogWorker] INFO  segmented.SegmentedRaftLogWorker (SegmentedRaftLogWorker.java:execute(596)) - 1e765541-286b-46a5-8366-eef195687e41@group-4BA1FCFD4EB6-SegmentedRaftLogWorker: created new log segment /github/workspace/mnt/ozone/hadoop-ozone/integration-test/target/test-dir/MiniOzoneClusterImpl-26aa3f93-67e0-4cbe-8624-cf0efb7a6165/datanode-8/data/ratis/876f53f7-c042-4df6-84d9-4ba1fcfd4eb6/current/log_inprogress_0
2020-07-21 10:22:53,838 [1e765541-286b-46a5-8366-eef195687e41@group-4BA1FCFD4EB6-LeaderElection54] INFO  impl.RaftServerImpl (ServerState.java:setRaftConf(356)) - 1e765541-286b-46a5-8366-eef195687e41@group-4BA1FCFD4EB6: set configuration 0: [8b103efb-4bcc-46ba-8a16-605357281583:172.17.0.2:34397, 1e765541-286b-46a5-8366-eef195687e41:172.17.0.2:37839, dc1ecc86-b233-440d-8be3-38a10f678b98:172.17.0.2:36481], old=null at 0
2020-07-21 10:22:53,848 [grpc-default-executor-0] INFO  ratis.XceiverServerRatis (XceiverServerRatis.java:handleLeaderChangedNotification(820)) - Leader change notification received for group: group-4BA1FCFD4EB6 with new leaderId: 1e765541-286b-46a5-8366-eef195687e41
2020-07-21 10:22:53,848 [grpc-default-executor-0] INFO  impl.RaftServerImpl (ServerState.java:setLeader(255)) - dc1ecc86-b233-440d-8be3-38a10f678b98@group-4BA1FCFD4EB6: change Leader from null to 1e765541-286b-46a5-8366-eef195687e41 at term 1 for appendEntries, leader elected after 5099ms
2020-07-21 10:22:53,857 [grpc-default-executor-2] INFO  ratis.XceiverServerRatis (XceiverServerRatis.java:handleLeaderChangedNotification(820)) - Leader change notification received for group: group-4BA1FCFD4EB6 with new leaderId: 1e765541-286b-46a5-8366-eef195687e41
2020-07-21 10:22:53,857 [grpc-default-executor-2] INFO  impl.RaftServerImpl (ServerState.java:setLeader(255)) - 8b103efb-4bcc-46ba-8a16-605357281583@group-4BA1FCFD4EB6: change Leader from null to 1e765541-286b-46a5-8366-eef195687e41 at term 1 for appendEntries, leader elected after 5160ms
2020-07-21 10:22:53,860 [grpc-default-executor-0] INFO  impl.RaftServerImpl (ServerState.java:setRaftConf(356)) - dc1ecc86-b233-440d-8be3-38a10f678b98@group-4BA1FCFD4EB6: set configuration 0: [8b103efb-4bcc-46ba-8a16-605357281583:172.17.0.2:34397, 1e765541-286b-46a5-8366-eef195687e41:172.17.0.2:37839, dc1ecc86-b233-440d-8be3-38a10f678b98:172.17.0.2:36481], old=null at 0
2020-07-21 10:22:53,860 [grpc-default-executor-0] INFO  segmented.SegmentedRaftLogWorker (SegmentedRaftLogWorker.java:startLogSegment(397)) - dc1ecc86-b233-440d-8be3-38a10f678b98@group-4BA1FCFD4EB6-SegmentedRaftLogWorker: Starting segment from index:0
2020-07-21 10:22:53,865 [grpc-default-executor-2] INFO  impl.RaftServerImpl (ServerState.java:setRaftConf(356)) - 8b103efb-4bcc-46ba-8a16-605357281583@group-4BA1FCFD4EB6: set configuration 0: [8b103efb-4bcc-46ba-8a16-605357281583:172.17.0.2:34397, 1e765541-286b-46a5-8366-eef195687e41:172.17.0.2:37839, dc1ecc86-b233-440d-8be3-38a10f678b98:172.17.0.2:36481], old=null at 0
2020-07-21 10:22:53,866 [grpc-default-executor-2] INFO  segmented.SegmentedRaftLogWorker (SegmentedRaftLogWorker.java:startLogSegment(397)) - 8b103efb-4bcc-46ba-8a16-605357281583@group-4BA1FCFD4EB6-SegmentedRaftLogWorker: Starting segment from index:0
2020-07-21 10:22:53,870 [Listener at 127.0.0.1/37905] INFO  ozone.MiniOzoneClusterImpl (MiniOzoneClusterImpl.java:lambda$waitForClusterToBeReady$0(177)) - Nodes are ready. Got 9 of 9 DN Heartbeats.
2020-07-21 10:22:53,870 [Listener at 127.0.0.1/37905] INFO  ozone.MiniOzoneClusterImpl (MiniOzoneClusterImpl.java:lambda$waitForClusterToBeReady$0(180)) - Cluster exits safe mode
2020-07-21 10:22:53,872 [Thread-1648] INFO  impl.FollowerState (FollowerState.java:run(108)) - 8b103efb-4bcc-46ba-8a16-605357281583@group-F2587C5BE973-FollowerState: change to CANDIDATE, lastRpcTime:5180ms, electionTimeout:5180ms
2020-07-21 10:22:53,873 [Thread-1648] INFO  impl.RoleInfo (RoleInfo.java:shutdownFollowerState(121)) - 8b103efb-4bcc-46ba-8a16-605357281583: shutdown FollowerState
2020-07-21 10:22:53,873 [Thread-1648] INFO  impl.RaftServerImpl (RaftServerImpl.java:setRole(185)) - 8b103efb-4bcc-46ba-8a16-605357281583@group-F2587C5BE973: changes role from  FOLLOWER to CANDIDATE at term 0 for changeToCandidate
2020-07-21 10:22:53,873 [dc1ecc86-b233-440d-8be3-38a10f678b98@group-4BA1FCFD4EB6-SegmentedRaftLogWorker] INFO  segmented.SegmentedRaftLogWorker (SegmentedRaftLogWorker.java:execute(596)) - dc1ecc86-b233-440d-8be3-38a10f678b98@group-4BA1FCFD4EB6-SegmentedRaftLogWorker: created new log segment /github/workspace/mnt/ozone/hadoop-ozone/integration-test/target/test-dir/MiniOzoneClusterImpl-26aa3f93-67e0-4cbe-8624-cf0efb7a6165/datanode-7/data/ratis/876f53f7-c042-4df6-84d9-4ba1fcfd4eb6/current/log_inprogress_0
2020-07-21 10:22:53,874 [8b103efb-4bcc-46ba-8a16-605357281583@group-4BA1FCFD4EB6-SegmentedRaftLogWorker] INFO  segmented.SegmentedRaftLogWorker (SegmentedRaftLogWorker.java:execute(596)) - 8b103efb-4bcc-46ba-8a16-605357281583@group-4BA1FCFD4EB6-SegmentedRaftLogWorker: created new log segment /github/workspace/mnt/ozone/hadoop-ozone/integration-test/target/test-dir/MiniOzoneClusterImpl-26aa3f93-67e0-4cbe-8624-cf0efb7a6165/datanode-6/data/ratis/876f53f7-c042-4df6-84d9-4ba1fcfd4eb6/current/log_inprogress_0
2020-07-21 10:22:53,880 [Thread-1648] INFO  impl.RoleInfo (RoleInfo.java:updateAndGet(143)) - 8b103efb-4bcc-46ba-8a16-605357281583: start LeaderElection
2020-07-21 10:22:53,895 [Thread-1658] INFO  impl.FollowerState (FollowerState.java:run(108)) - dc1ecc86-b233-440d-8be3-38a10f678b98@group-0A936FAAD4A1-FollowerState: change to CANDIDATE, lastRpcTime:5116ms, electionTimeout:5115ms
2020-07-21 10:22:53,895 [Thread-1658] INFO  impl.RoleInfo (RoleInfo.java:shutdownFollowerState(121)) - dc1ecc86-b233-440d-8be3-38a10f678b98: shutdown FollowerState
2020-07-21 10:22:53,895 [Thread-1658] INFO  impl.RaftServerImpl (RaftServerImpl.java:setRole(185)) - dc1ecc86-b233-440d-8be3-38a10f678b98@group-0A936FAAD4A1: changes role from  FOLLOWER to CANDIDATE at term 0 for changeToCandidate
2020-07-21 10:22:53,895 [Thread-1658] INFO  impl.RoleInfo (RoleInfo.java:updateAndGet(143)) - dc1ecc86-b233-440d-8be3-38a10f678b98: start LeaderElection
2020-07-21 10:22:53,908 [8b103efb-4bcc-46ba-8a16-605357281583@group-F2587C5BE973-LeaderElection55] INFO  impl.LeaderElection (LeaderElection.java:askForVotes(209)) - 8b103efb-4bcc-46ba-8a16-605357281583@group-F2587C5BE973-LeaderElection55: begin an election at term 1 for -1: [8b103efb-4bcc-46ba-8a16-605357281583:172.17.0.2:34397], old=null
2020-07-21 10:22:53,908 [8b103efb-4bcc-46ba-8a16-605357281583@group-F2587C5BE973-LeaderElection55] INFO  impl.RoleInfo (RoleInfo.java:shutdownLeaderElection(134)) - 8b103efb-4bcc-46ba-8a16-605357281583: shutdown LeaderElection
2020-07-21 10:22:53,909 [8b103efb-4bcc-46ba-8a16-605357281583@group-F2587C5BE973-LeaderElection55] INFO  impl.RaftServerImpl (RaftServerImpl.java:setRole(185)) - 8b103efb-4bcc-46ba-8a16-605357281583@group-F2587C5BE973: changes role from CANDIDATE to LEADER at term 1 for changeToLeader
2020-07-21 10:22:53,909 [8b103efb-4bcc-46ba-8a16-605357281583@group-F2587C5BE973-LeaderElection55] INFO  ratis.XceiverServerRatis (XceiverServerRatis.java:handleLeaderChangedNotification(820)) - Leader change notification received for group: group-F2587C5BE973 with new leaderId: 8b103efb-4bcc-46ba-8a16-605357281583
2020-07-21 10:22:53,909 [8b103efb-4bcc-46ba-8a16-605357281583@group-F2587C5BE973-LeaderElection55] INFO  impl.RaftServerImpl (ServerState.java:setLeader(255)) - 8b103efb-4bcc-46ba-8a16-605357281583@group-F2587C5BE973: change Leader from null to 8b103efb-4bcc-46ba-8a16-605357281583 at term 1 for becomeLeader, leader elected after 5223ms
2020-07-21 10:22:53,909 [8b103efb-4bcc-46ba-8a16-605357281583@group-F2587C5BE973-LeaderElection55] INFO  server.RaftServerConfigKeys (ConfUtils.java:logGet(44)) - raft.server.staging.catchup.gap = 1000 (default)
2020-07-21 10:22:53,909 [8b103efb-4bcc-46ba-8a16-605357281583@group-F2587C5BE973-LeaderElection55] INFO  server.RaftServerConfigKeys (ConfUtils.java:logGet(44)) - raft.server.rpc.sleep.time = 25ms (default)
2020-07-21 10:22:53,909 [8b103efb-4bcc-46ba-8a16-605357281583@group-F2587C5BE973-LeaderElection55] INFO  metrics.RatisMetrics (RatisMetrics.java:lambda$create$0(36)) - Creating Metrics Registry : ratis.log_appender.8b103efb-4bcc-46ba-8a16-605357281583@group-F2587C5BE973
2020-07-21 10:22:53,909 [8b103efb-4bcc-46ba-8a16-605357281583@group-F2587C5BE973-LeaderElection55] INFO  server.RaftServerConfigKeys (ConfUtils.java:logGet(44)) - raft.server.write.element-limit = 1024 (custom)
2020-07-21 10:22:53,909 [8b103efb-4bcc-46ba-8a16-605357281583@group-F2587C5BE973-LeaderElection55] INFO  server.RaftServerConfigKeys (ConfUtils.java:logGet(44)) - raft.server.write.byte-limit = 1073741824 (custom)
2020-07-21 10:22:53,910 [8b103efb-4bcc-46ba-8a16-605357281583@group-F2587C5BE973-LeaderElection55] INFO  server.RaftServerConfigKeys (ConfUtils.java:logGet(44)) - raft.server.watch.timeout = 3000ms (custom)
2020-07-21 10:22:53,910 [8b103efb-4bcc-46ba-8a16-605357281583@group-F2587C5BE973-LeaderElection55] INFO  server.RaftServerConfigKeys (ConfUtils.java:logGet(44)) - raft.server.watch.timeout.denomination = 1s (default)
2020-07-21 10:22:53,910 [8b103efb-4bcc-46ba-8a16-605357281583@group-F2587C5BE973-LeaderElection55] INFO  server.RaftServerConfigKeys (ConfUtils.java:logGet(44)) - raft.server.watch.element-limit = 65536 (default)
2020-07-21 10:22:53,910 [8b103efb-4bcc-46ba-8a16-605357281583@group-F2587C5BE973-LeaderElection55] INFO  impl.RoleInfo (RoleInfo.java:updateAndGet(143)) - 8b103efb-4bcc-46ba-8a16-605357281583: start LeaderState
2020-07-21 10:22:53,910 [8b103efb-4bcc-46ba-8a16-605357281583@group-F2587C5BE973-LeaderElection55] INFO  segmented.SegmentedRaftLogWorker (SegmentedRaftLogWorker.java:startLogSegment(397)) - 8b103efb-4bcc-46ba-8a16-605357281583@group-F2587C5BE973-SegmentedRaftLogWorker: Starting segment from index:0
2020-07-21 10:22:53,914 [Listener at 127.0.0.1/37905] INFO  rpc.RpcClient (RpcClient.java:createVolume(314)) - Creating Volume: watchforcommithandlingtest, with jenkins1001 as owner.
2020-07-21 10:22:53,914 [8b103efb-4bcc-46ba-8a16-605357281583@group-F2587C5BE973-SegmentedRaftLogWorker] INFO  segmented.SegmentedRaftLogWorker (SegmentedRaftLogWorker.java:execute(596)) - 8b103efb-4bcc-46ba-8a16-605357281583@group-F2587C5BE973-SegmentedRaftLogWorker: created new log segment /github/workspace/mnt/ozone/hadoop-ozone/integration-test/target/test-dir/MiniOzoneClusterImpl-26aa3f93-67e0-4cbe-8624-cf0efb7a6165/datanode-6/data/ratis/e17637be-65a6-4941-b1ee-f2587c5be973/current/log_inprogress_0
2020-07-21 10:22:53,915 [dc1ecc86-b233-440d-8be3-38a10f678b98@group-0A936FAAD4A1-LeaderElection56] INFO  impl.LeaderElection (LeaderElection.java:askForVotes(209)) - dc1ecc86-b233-440d-8be3-38a10f678b98@group-0A936FAAD4A1-LeaderElection56: begin an election at term 1 for -1: [dc1ecc86-b233-440d-8be3-38a10f678b98:172.17.0.2:36481], old=null
2020-07-21 10:22:53,915 [dc1ecc86-b233-440d-8be3-38a10f678b98@group-0A936FAAD4A1-LeaderElection56] INFO  impl.RoleInfo (RoleInfo.java:shutdownLeaderElection(134)) - dc1ecc86-b233-440d-8be3-38a10f678b98: shutdown LeaderElection
2020-07-21 10:22:53,915 [dc1ecc86-b233-440d-8be3-38a10f678b98@group-0A936FAAD4A1-LeaderElection56] INFO  impl.RaftServerImpl (RaftServerImpl.java:setRole(185)) - dc1ecc86-b233-440d-8be3-38a10f678b98@group-0A936FAAD4A1: changes role from CANDIDATE to LEADER at term 1 for changeToLeader
2020-07-21 10:22:53,915 [dc1ecc86-b233-440d-8be3-38a10f678b98@group-0A936FAAD4A1-LeaderElection56] INFO  ratis.XceiverServerRatis (XceiverServerRatis.java:handleLeaderChangedNotification(820)) - Leader change notification received for group: group-0A936FAAD4A1 with new leaderId: dc1ecc86-b233-440d-8be3-38a10f678b98
2020-07-21 10:22:53,916 [IPC Server handler 11 on default port 37905] INFO  volume.OMVolumeCreateRequest (OMVolumeCreateRequest.java:validateAndUpdateCache(195)) - created volume:watchforcommithandlingtest for user:jenkins1001
2020-07-21 10:22:53,916 [8b103efb-4bcc-46ba-8a16-605357281583@group-F2587C5BE973-LeaderElection55] INFO  impl.RaftServerImpl (ServerState.java:setRaftConf(356)) - 8b103efb-4bcc-46ba-8a16-605357281583@group-F2587C5BE973: set configuration 0: [8b103efb-4bcc-46ba-8a16-605357281583:172.17.0.2:34397], old=null at 0
2020-07-21 10:22:53,917 [dc1ecc86-b233-440d-8be3-38a10f678b98@group-0A936FAAD4A1-LeaderElection56] INFO  impl.RaftServerImpl (ServerState.java:setLeader(255)) - dc1ecc86-b233-440d-8be3-38a10f678b98@group-0A936FAAD4A1: change Leader from null to dc1ecc86-b233-440d-8be3-38a10f678b98 at term 1 for becomeLeader, leader elected after 5142ms
2020-07-21 10:22:53,917 [dc1ecc86-b233-440d-8be3-38a10f678b98@group-0A936FAAD4A1-LeaderElection56] INFO  server.RaftServerConfigKeys (ConfUtils.java:logGet(44)) - raft.server.staging.catchup.gap = 1000 (default)
2020-07-21 10:22:53,917 [dc1ecc86-b233-440d-8be3-38a10f678b98@group-0A936FAAD4A1-LeaderElection56] INFO  server.RaftServerConfigKeys (ConfUtils.java:logGet(44)) - raft.server.rpc.sleep.time = 25ms (default)
2020-07-21 10:22:53,926 [dc1ecc86-b233-440d-8be3-38a10f678b98@group-0A936FAAD4A1-LeaderElection56] INFO  metrics.RatisMetrics (RatisMetrics.java:lambda$create$0(36)) - Creating Metrics Registry : ratis.log_appender.dc1ecc86-b233-440d-8be3-38a10f678b98@group-0A936FAAD4A1
2020-07-21 10:22:53,926 [dc1ecc86-b233-440d-8be3-38a10f678b98@group-0A936FAAD4A1-LeaderElection56] INFO  server.RaftServerConfigKeys (ConfUtils.java:logGet(44)) - raft.server.write.element-limit = 1024 (custom)
2020-07-21 10:22:53,926 [dc1ecc86-b233-440d-8be3-38a10f678b98@group-0A936FAAD4A1-LeaderElection56] INFO  server.RaftServerConfigKeys (ConfUtils.java:logGet(44)) - raft.server.write.byte-limit = 1073741824 (custom)
2020-07-21 10:22:53,935 [Listener at 127.0.0.1/37905] INFO  rpc.RpcClient (RpcClient.java:createBucket(459)) - Creating Bucket: watchforcommithandlingtest/watchforcommithandlingtest, with Versioning false and Storage Type set to DISK and Encryption set to false 
2020-07-21 10:22:53,939 [Listener at 127.0.0.1/37905] INFO  ozone.MiniOzoneClusterImpl (MiniOzoneClusterImpl.java:getStorageContainerLocationClient(289)) - Creating StorageContainerLocationProtocol RPC client with address /0.0.0.0:42143
2020-07-21 10:22:53,943 [dc1ecc86-b233-440d-8be3-38a10f678b98@group-0A936FAAD4A1-LeaderElection56] INFO  server.RaftServerConfigKeys (ConfUtils.java:logGet(44)) - raft.server.watch.timeout = 3000ms (custom)
2020-07-21 10:22:53,943 [dc1ecc86-b233-440d-8be3-38a10f678b98@group-0A936FAAD4A1-LeaderElection56] INFO  server.RaftServerConfigKeys (ConfUtils.java:logGet(44)) - raft.server.watch.timeout.denomination = 1s (default)
2020-07-21 10:22:53,943 [dc1ecc86-b233-440d-8be3-38a10f678b98@group-0A936FAAD4A1-LeaderElection56] INFO  server.RaftServerConfigKeys (ConfUtils.java:logGet(44)) - raft.server.watch.element-limit = 65536 (default)
2020-07-21 10:22:53,943 [dc1ecc86-b233-440d-8be3-38a10f678b98@group-0A936FAAD4A1-LeaderElection56] INFO  impl.RoleInfo (RoleInfo.java:updateAndGet(143)) - dc1ecc86-b233-440d-8be3-38a10f678b98: start LeaderState
2020-07-21 10:22:53,944 [dc1ecc86-b233-440d-8be3-38a10f678b98@group-0A936FAAD4A1-LeaderElection56] INFO  segmented.SegmentedRaftLogWorker (SegmentedRaftLogWorker.java:startLogSegment(397)) - dc1ecc86-b233-440d-8be3-38a10f678b98@group-0A936FAAD4A1-SegmentedRaftLogWorker: Starting segment from index:0
2020-07-21 10:22:53,953 [dc1ecc86-b233-440d-8be3-38a10f678b98@group-0A936FAAD4A1-LeaderElection56] INFO  impl.RaftServerImpl (ServerState.java:setRaftConf(356)) - dc1ecc86-b233-440d-8be3-38a10f678b98@group-0A936FAAD4A1: set configuration 0: [dc1ecc86-b233-440d-8be3-38a10f678b98:172.17.0.2:36481], old=null at 0
2020-07-21 10:22:53,954 [dc1ecc86-b233-440d-8be3-38a10f678b98@group-0A936FAAD4A1-SegmentedRaftLogWorker] INFO  segmented.SegmentedRaftLogWorker (SegmentedRaftLogWorker.java:execute(596)) - dc1ecc86-b233-440d-8be3-38a10f678b98@group-0A936FAAD4A1-SegmentedRaftLogWorker: created new log segment /github/workspace/mnt/ozone/hadoop-ozone/integration-test/target/test-dir/MiniOzoneClusterImpl-26aa3f93-67e0-4cbe-8624-cf0efb7a6165/datanode-7/data/ratis/c679784b-200d-4d82-839c-0a936faad4a1/current/log_inprogress_0
2020-07-21 10:22:54,031 [Thread-1660] INFO  impl.FollowerState (FollowerState.java:run(108)) - 1e765541-286b-46a5-8366-eef195687e41@group-341C4FEFF166-FollowerState: change to CANDIDATE, lastRpcTime:5152ms, electionTimeout:5147ms
2020-07-21 10:22:54,031 [Thread-1660] INFO  impl.RoleInfo (RoleInfo.java:shutdownFollowerState(121)) - 1e765541-286b-46a5-8366-eef195687e41: shutdown FollowerState
2020-07-21 10:22:54,032 [Thread-1660] INFO  impl.RaftServerImpl (RaftServerImpl.java:setRole(185)) - 1e765541-286b-46a5-8366-eef195687e41@group-341C4FEFF166: changes role from  FOLLOWER to CANDIDATE at term 0 for changeToCandidate
2020-07-21 10:22:54,036 [Thread-1660] INFO  impl.RoleInfo (RoleInfo.java:updateAndGet(143)) - 1e765541-286b-46a5-8366-eef195687e41: start LeaderElection
2020-07-21 10:22:54,063 [Listener at 127.0.0.1/37905] INFO  ozone.MiniOzoneClusterImpl (MiniOzoneClusterImpl.java:shutdown(387)) - Shutting down the Mini Ozone Cluster
2020-07-21 10:22:54,063 [Listener at 127.0.0.1/37905] INFO  ozone.MiniOzoneClusterImpl (MiniOzoneClusterImpl.java:stop(402)) - Stopping the Mini Ozone Cluster
2020-07-21 10:22:54,063 [Listener at 127.0.0.1/37905] INFO  ozone.MiniOzoneClusterImpl (MiniOzoneClusterImpl.java:stopOM(484)) - Stopping the OzoneManager
2020-07-21 10:22:54,063 [Listener at 127.0.0.1/37905] INFO  ipc.Server (Server.java:stop(3359)) - Stopping server on 37905
2020-07-21 10:22:54,071 [IPC Server Responder] INFO  ipc.Server (Server.java:run(1465)) - Stopping IPC Server Responder
2020-07-21 10:22:54,071 [Listener at 127.0.0.1/37905] INFO  ratis.OzoneManagerDoubleBuffer (OzoneManagerDoubleBuffer.java:stop(458)) - Stopping OMDoubleBuffer flush thread
2020-07-21 10:22:54,072 [OMDoubleBufferFlushThread] INFO  ratis.OzoneManagerDoubleBuffer (OzoneManagerDoubleBuffer.java:flushTransactions(357)) - OMDoubleBuffer flush thread OMDoubleBufferFlushThread is interrupted and will exit. OMDoubleBufferFlushThread
2020-07-21 10:22:54,072 [IPC Server listener on 0] INFO  ipc.Server (Server.java:run(1330)) - Stopping IPC Server listener on 0
2020-07-21 10:22:54,076 [Listener at 127.0.0.1/37905] INFO  utils.BackgroundService (BackgroundService.java:shutdown(157)) - Shutting down service KeyDeletingService
2020-07-21 10:22:54,077 [1e765541-286b-46a5-8366-eef195687e41@group-341C4FEFF166-LeaderElection57] INFO  impl.LeaderElection (LeaderElection.java:askForVotes(209)) - 1e765541-286b-46a5-8366-eef195687e41@group-341C4FEFF166-LeaderElection57: begin an election at term 1 for -1: [1e765541-286b-46a5-8366-eef195687e41:172.17.0.2:37839], old=null
2020-07-21 10:22:54,077 [1e765541-286b-46a5-8366-eef195687e41@group-341C4FEFF166-LeaderElection57] INFO  impl.RoleInfo (RoleInfo.java:shutdownLeaderElection(134)) - 1e765541-286b-46a5-8366-eef195687e41: shutdown LeaderElection
2020-07-21 10:22:54,077 [1e765541-286b-46a5-8366-eef195687e41@group-341C4FEFF166-LeaderElection57] INFO  impl.RaftServerImpl (RaftServerImpl.java:setRole(185)) - 1e765541-286b-46a5-8366-eef195687e41@group-341C4FEFF166: changes role from CANDIDATE to LEADER at term 1 for changeToLeader
2020-07-21 10:22:54,077 [1e765541-286b-46a5-8366-eef195687e41@group-341C4FEFF166-LeaderElection57] INFO  ratis.XceiverServerRatis (XceiverServerRatis.java:handleLeaderChangedNotification(820)) - Leader change notification received for group: group-341C4FEFF166 with new leaderId: 1e765541-286b-46a5-8366-eef195687e41
2020-07-21 10:22:54,077 [1e765541-286b-46a5-8366-eef195687e41@group-341C4FEFF166-LeaderElection57] INFO  impl.RaftServerImpl (ServerState.java:setLeader(255)) - 1e765541-286b-46a5-8366-eef195687e41@group-341C4FEFF166: change Leader from null to 1e765541-286b-46a5-8366-eef195687e41 at term 1 for becomeLeader, leader elected after 5207ms
2020-07-21 10:22:54,077 [1e765541-286b-46a5-8366-eef195687e41@group-341C4FEFF166-LeaderElection57] INFO  server.RaftServerConfigKeys (ConfUtils.java:logGet(44)) - raft.server.staging.catchup.gap = 1000 (default)
2020-07-21 10:22:54,077 [1e765541-286b-46a5-8366-eef195687e41@group-341C4FEFF166-LeaderElection57] INFO  server.RaftServerConfigKeys (ConfUtils.java:logGet(44)) - raft.server.rpc.sleep.time = 25ms (default)
2020-07-21 10:22:54,077 [1e765541-286b-46a5-8366-eef195687e41@group-341C4FEFF166-LeaderElection57] INFO  metrics.RatisMetrics (RatisMetrics.java:lambda$create$0(36)) - Creating Metrics Registry : ratis.log_appender.1e765541-286b-46a5-8366-eef195687e41@group-341C4FEFF166
2020-07-21 10:22:54,077 [1e765541-286b-46a5-8366-eef195687e41@group-341C4FEFF166-LeaderElection57] INFO  server.RaftServerConfigKeys (ConfUtils.java:logGet(44)) - raft.server.write.element-limit = 1024 (custom)
2020-07-21 10:22:54,077 [1e765541-286b-46a5-8366-eef195687e41@group-341C4FEFF166-LeaderElection57] INFO  server.RaftServerConfigKeys (ConfUtils.java:logGet(44)) - raft.server.write.byte-limit = 1073741824 (custom)
2020-07-21 10:22:54,078 [1e765541-286b-46a5-8366-eef195687e41@group-341C4FEFF166-LeaderElection57] INFO  server.RaftServerConfigKeys (ConfUtils.java:logGet(44)) - raft.server.watch.timeout = 3000ms (custom)
2020-07-21 10:22:54,078 [1e765541-286b-46a5-8366-eef195687e41@group-341C4FEFF166-LeaderElection57] INFO  server.RaftServerConfigKeys (ConfUtils.java:logGet(44)) - raft.server.watch.timeout.denomination = 1s (default)
2020-07-21 10:22:54,078 [1e765541-286b-46a5-8366-eef195687e41@group-341C4FEFF166-LeaderElection57] INFO  server.RaftServerConfigKeys (ConfUtils.java:logGet(44)) - raft.server.watch.element-limit = 65536 (default)
2020-07-21 10:22:54,078 [1e765541-286b-46a5-8366-eef195687e41@group-341C4FEFF166-LeaderElection57] INFO  impl.RoleInfo (RoleInfo.java:updateAndGet(143)) - 1e765541-286b-46a5-8366-eef195687e41: start LeaderState
2020-07-21 10:22:54,078 [1e765541-286b-46a5-8366-eef195687e41@group-341C4FEFF166-LeaderElection57] INFO  segmented.SegmentedRaftLogWorker (SegmentedRaftLogWorker.java:startLogSegment(397)) - 1e765541-286b-46a5-8366-eef195687e41@group-341C4FEFF166-SegmentedRaftLogWorker: Starting segment from index:0
2020-07-21 10:22:54,080 [1e765541-286b-46a5-8366-eef195687e41@group-341C4FEFF166-LeaderElection57] INFO  impl.RaftServerImpl (ServerState.java:setRaftConf(356)) - 1e765541-286b-46a5-8366-eef195687e41@group-341C4FEFF166: set configuration 0: [1e765541-286b-46a5-8366-eef195687e41:172.17.0.2:37839], old=null at 0
2020-07-21 10:22:54,080 [Listener at 127.0.0.1/37905] INFO  handler.ContextHandler (ContextHandler.java:doStop(1016)) - Stopped o.e.j.w.WebAppContext@4468deb7{ozoneManager,/,null,UNAVAILABLE}{file:/github/workspace/mnt/ozone/hadoop-ozone/integration-test/target/test-classes/webapps/ozoneManager}
2020-07-21 10:22:54,080 [1e765541-286b-46a5-8366-eef195687e41@group-341C4FEFF166-SegmentedRaftLogWorker] INFO  segmented.SegmentedRaftLogWorker (SegmentedRaftLogWorker.java:execute(596)) - 1e765541-286b-46a5-8366-eef195687e41@group-341C4FEFF166-SegmentedRaftLogWorker: created new log segment /github/workspace/mnt/ozone/hadoop-ozone/integration-test/target/test-dir/MiniOzoneClusterImpl-26aa3f93-67e0-4cbe-8624-cf0efb7a6165/datanode-8/data/ratis/ef472ca4-0449-4fe3-8364-341c4feff166/current/log_inprogress_0
2020-07-21 10:22:54,080 [Listener at 127.0.0.1/37905] INFO  server.AbstractConnector (AbstractConnector.java:doStop(380)) - Stopped ServerConnector@11b0cf30{HTTP/1.1,[http/1.1]}{0.0.0.0:0}
2020-07-21 10:22:54,081 [Listener at 127.0.0.1/37905] INFO  server.session (HouseKeeper.java:stopScavenging(158)) - node0 Stopped scavenging
2020-07-21 10:22:54,081 [Listener at 127.0.0.1/37905] INFO  handler.ContextHandler (ContextHandler.java:doStop(1016)) - Stopped o.e.j.s.ServletContextHandler@b0e7bde{static,/static,file:///github/workspace/mnt/ozone/hadoop-ozone/integration-test/target/test-classes/webapps/static,UNAVAILABLE}
2020-07-21 10:22:54,081 [Listener at 127.0.0.1/37905] INFO  handler.ContextHandler (ContextHandler.java:doStop(1016)) - Stopped o.e.j.s.ServletContextHandler@4ddeada6{logs,/logs,file:///github/workspace/mnt/ozone/hadoop-ozone/integration-test/target/log,UNAVAILABLE}
2020-07-21 10:22:54,083 [Listener at 127.0.0.1/37905] INFO  ozone.MiniOzoneClusterImpl (MiniOzoneClusterImpl.java:stopDatanodes(461)) - Stopping the HddsDatanodes
2020-07-21 10:22:54,221 [Datanode State Machine Thread - 0] INFO  statemachine.DatanodeStateMachine (DatanodeStateMachine.java:lambda$startDaemon$0(380)) - Ozone container server started.
2020-07-21 10:22:55,049 [Datanode State Machine Thread - 0] INFO  statemachine.DatanodeStateMachine (DatanodeStateMachine.java:lambda$startDaemon$0(380)) - Ozone container server started.
2020-07-21 10:22:56,486 [EventQueue-Delayed safe mode statusForReplicationManager] INFO  container.ReplicationManager (ReplicationManager.java:start(177)) - Starting Replication Monitor Thread.
2020-07-21 10:22:56,489 [ReplicationMonitor] INFO  container.ReplicationManager (ReplicationManager.java:run(241)) - Replication Monitor Thread took 0 milliseconds for processing 1 containers.
2020-07-21 10:22:58,134 [Thread-1673] INFO  impl.FollowerState (FollowerState.java:run(108)) - cb99a555-5d60-49aa-ac43-e029c79e7f63@group-961DFA348BC2-FollowerState: change to CANDIDATE, lastRpcTime:5013ms, electionTimeout:5011ms
2020-07-21 10:22:58,135 [Thread-1673] INFO  impl.RoleInfo (RoleInfo.java:shutdownFollowerState(121)) - cb99a555-5d60-49aa-ac43-e029c79e7f63: shutdown FollowerState
2020-07-21 10:22:58,135 [Thread-1673] INFO  impl.RaftServerImpl (RaftServerImpl.java:setRole(185)) - cb99a555-5d60-49aa-ac43-e029c79e7f63@group-961DFA348BC2: changes role from  FOLLOWER to CANDIDATE at term 1 for changeToCandidate
2020-07-21 10:22:58,135 [Thread-1673] INFO  impl.RoleInfo (RoleInfo.java:updateAndGet(143)) - cb99a555-5d60-49aa-ac43-e029c79e7f63: start LeaderElection
2020-07-21 10:22:58,137 [cb99a555-5d60-49aa-ac43-e029c79e7f63@group-961DFA348BC2-LeaderElection58] INFO  impl.LeaderElection (LeaderElection.java:askForVotes(209)) - cb99a555-5d60-49aa-ac43-e029c79e7f63@group-961DFA348BC2-LeaderElection58: begin an election at term 2 for -1: [cb99a555-5d60-49aa-ac43-e029c79e7f63:172.17.0.2:44593, f358e290-f705-4636-941e-77012e86de6c:172.17.0.2:46351, 51d43626-bb24-4602-b224-4a15530a8e55:172.17.0.2:44023], old=null
2020-07-21 10:22:58,140 [grpc-default-executor-0] INFO  impl.RaftServerImpl (RaftServerImpl.java:setRole(185)) - f358e290-f705-4636-941e-77012e86de6c@group-961DFA348BC2: changes role from  FOLLOWER to FOLLOWER at term 2 for recognizeCandidate:cb99a555-5d60-49aa-ac43-e029c79e7f63
2020-07-21 10:22:58,140 [grpc-default-executor-0] INFO  impl.RoleInfo (RoleInfo.java:shutdownFollowerState(121)) - f358e290-f705-4636-941e-77012e86de6c: shutdown FollowerState
2020-07-21 10:22:58,140 [grpc-default-executor-0] INFO  impl.RoleInfo (RoleInfo.java:updateAndGet(143)) - f358e290-f705-4636-941e-77012e86de6c: start FollowerState
2020-07-21 10:22:58,140 [Thread-1676] INFO  impl.FollowerState (FollowerState.java:run(117)) - f358e290-f705-4636-941e-77012e86de6c@group-961DFA348BC2-FollowerState was interrupted: java.lang.InterruptedException: sleep interrupted
2020-07-21 10:22:58,148 [grpc-default-executor-2] INFO  impl.RaftServerImpl (RaftServerImpl.java:setRole(185)) - 51d43626-bb24-4602-b224-4a15530a8e55@group-961DFA348BC2: changes role from  FOLLOWER to FOLLOWER at term 2 for recognizeCandidate:cb99a555-5d60-49aa-ac43-e029c79e7f63
2020-07-21 10:22:58,149 [grpc-default-executor-2] INFO  impl.RoleInfo (RoleInfo.java:shutdownFollowerState(121)) - 51d43626-bb24-4602-b224-4a15530a8e55: shutdown FollowerState
2020-07-21 10:22:58,149 [grpc-default-executor-2] INFO  impl.RoleInfo (RoleInfo.java:updateAndGet(143)) - 51d43626-bb24-4602-b224-4a15530a8e55: start FollowerState
2020-07-21 10:22:58,149 [Thread-1675] INFO  impl.FollowerState (FollowerState.java:run(117)) - 51d43626-bb24-4602-b224-4a15530a8e55@group-961DFA348BC2-FollowerState was interrupted: java.lang.InterruptedException: sleep interrupted
2020-07-21 10:22:58,150 [cb99a555-5d60-49aa-ac43-e029c79e7f63@group-961DFA348BC2-LeaderElection58] INFO  impl.LeaderElection (LeaderElection.java:logAndReturn(61)) - cb99a555-5d60-49aa-ac43-e029c79e7f63@group-961DFA348BC2-LeaderElection58: Election PASSED; received 1 response(s) [cb99a555-5d60-49aa-ac43-e029c79e7f63<-f358e290-f705-4636-941e-77012e86de6c#0:OK-t2] and 0 exception(s); cb99a555-5d60-49aa-ac43-e029c79e7f63@group-961DFA348BC2:t2, leader=null, voted=cb99a555-5d60-49aa-ac43-e029c79e7f63, raftlog=cb99a555-5d60-49aa-ac43-e029c79e7f63@group-961DFA348BC2-SegmentedRaftLog:OPENED:c-1,f-1,i0, conf=-1: [cb99a555-5d60-49aa-ac43-e029c79e7f63:172.17.0.2:44593, f358e290-f705-4636-941e-77012e86de6c:172.17.0.2:46351, 51d43626-bb24-4602-b224-4a15530a8e55:172.17.0.2:44023], old=null
2020-07-21 10:22:58,150 [cb99a555-5d60-49aa-ac43-e029c79e7f63@group-961DFA348BC2-LeaderElection58] INFO  impl.RoleInfo (RoleInfo.java:shutdownLeaderElection(134)) - cb99a555-5d60-49aa-ac43-e029c79e7f63: shutdown LeaderElection
2020-07-21 10:22:58,150 [cb99a555-5d60-49aa-ac43-e029c79e7f63@group-961DFA348BC2-LeaderElection58] INFO  impl.RaftServerImpl (RaftServerImpl.java:setRole(185)) - cb99a555-5d60-49aa-ac43-e029c79e7f63@group-961DFA348BC2: changes role from CANDIDATE to LEADER at term 2 for changeToLeader
2020-07-21 10:22:58,150 [cb99a555-5d60-49aa-ac43-e029c79e7f63@group-961DFA348BC2-LeaderElection58] INFO  ratis.XceiverServerRatis (XceiverServerRatis.java:handleLeaderChangedNotification(820)) - Leader change notification received for group: group-961DFA348BC2 with new leaderId: cb99a555-5d60-49aa-ac43-e029c79e7f63
2020-07-21 10:22:58,150 [cb99a555-5d60-49aa-ac43-e029c79e7f63@group-961DFA348BC2-LeaderElection58] INFO  impl.RaftServerImpl (ServerState.java:setLeader(255)) - cb99a555-5d60-49aa-ac43-e029c79e7f63@group-961DFA348BC2: change Leader from null to cb99a555-5d60-49aa-ac43-e029c79e7f63 at term 2 for becomeLeader, leader elected after 10139ms
2020-07-21 10:22:58,150 [cb99a555-5d60-49aa-ac43-e029c79e7f63@group-961DFA348BC2-LeaderElection58] INFO  server.RaftServerConfigKeys (ConfUtils.java:logGet(44)) - raft.server.staging.catchup.gap = 1000 (default)
2020-07-21 10:22:58,150 [cb99a555-5d60-49aa-ac43-e029c79e7f63@group-961DFA348BC2-LeaderElection58] INFO  server.RaftServerConfigKeys (ConfUtils.java:logGet(44)) - raft.server.rpc.sleep.time = 25ms (default)
2020-07-21 10:22:58,150 [cb99a555-5d60-49aa-ac43-e029c79e7f63@group-961DFA348BC2-LeaderElection58] INFO  metrics.RatisMetrics (RatisMetrics.java:lambda$create$0(36)) - Creating Metrics Registry : ratis.log_appender.cb99a555-5d60-49aa-ac43-e029c79e7f63@group-961DFA348BC2
2020-07-21 10:22:58,151 [cb99a555-5d60-49aa-ac43-e029c79e7f63@group-961DFA348BC2-LeaderElection58] INFO  server.RaftServerConfigKeys (ConfUtils.java:logGet(44)) - raft.server.write.element-limit = 1024 (custom)
2020-07-21 10:22:58,151 [cb99a555-5d60-49aa-ac43-e029c79e7f63@group-961DFA348BC2-LeaderElection58] INFO  server.RaftServerConfigKeys (ConfUtils.java:logGet(44)) - raft.server.write.byte-limit = 1073741824 (custom)
2020-07-21 10:22:58,151 [cb99a555-5d60-49aa-ac43-e029c79e7f63@group-961DFA348BC2-LeaderElection58] INFO  server.RaftServerConfigKeys (ConfUtils.java:logGet(44)) - raft.server.watch.timeout = 3000ms (custom)
2020-07-21 10:22:58,151 [cb99a555-5d60-49aa-ac43-e029c79e7f63@group-961DFA348BC2-LeaderElection58] INFO  server.RaftServerConfigKeys (ConfUtils.java:logGet(44)) - raft.server.watch.timeout.denomination = 1s (default)
2020-07-21 10:22:58,151 [cb99a555-5d60-49aa-ac43-e029c79e7f63@group-961DFA348BC2-LeaderElection58] INFO  server.RaftServerConfigKeys (ConfUtils.java:logGet(44)) - raft.server.watch.element-limit = 65536 (default)
2020-07-21 10:22:58,151 [cb99a555-5d60-49aa-ac43-e029c79e7f63@group-961DFA348BC2-LeaderElection58] INFO  server.RaftServerConfigKeys (ConfUtils.java:logGet(44)) - raft.server.log.appender.snapshot.chunk.size.max = 16MB (=16777216) (default)
2020-07-21 10:22:58,151 [cb99a555-5d60-49aa-ac43-e029c79e7f63@group-961DFA348BC2-LeaderElection58] INFO  server.RaftServerConfigKeys (ConfUtils.java:logGet(44)) - raft.server.log.appender.buffer.byte-limit = 33554432 (custom)
2020-07-21 10:22:58,151 [cb99a555-5d60-49aa-ac43-e029c79e7f63@group-961DFA348BC2-LeaderElection58] INFO  server.RaftServerConfigKeys (ConfUtils.java:logGet(44)) - raft.server.log.appender.buffer.element-limit = 1 (custom)
2020-07-21 10:22:58,152 [cb99a555-5d60-49aa-ac43-e029c79e7f63@group-961DFA348BC2-LeaderElection58] INFO  grpc.GrpcConfigKeys (ConfUtils.java:logGet(44)) - raft.grpc.server.leader.outstanding.appends.max = 128 (default)
2020-07-21 10:22:58,152 [cb99a555-5d60-49aa-ac43-e029c79e7f63@group-961DFA348BC2-LeaderElection58] INFO  server.RaftServerConfigKeys (ConfUtils.java:logGet(44)) - raft.server.rpc.request.timeout = 3000ms (default)
2020-07-21 10:22:58,152 [cb99a555-5d60-49aa-ac43-e029c79e7f63@group-961DFA348BC2-LeaderElection58] INFO  server.RaftServerConfigKeys (ConfUtils.java:logGet(44)) - raft.server.log.appender.install.snapshot.enabled = false (custom)
2020-07-21 10:22:58,152 [cb99a555-5d60-49aa-ac43-e029c79e7f63@group-961DFA348BC2-LeaderElection58] INFO  metrics.RatisMetrics (RatisMetrics.java:lambda$create$0(36)) - Creating Metrics Registry : ratis_grpc.log_appender.cb99a555-5d60-49aa-ac43-e029c79e7f63@group-961DFA348BC2
2020-07-21 10:22:58,153 [cb99a555-5d60-49aa-ac43-e029c79e7f63@group-961DFA348BC2-LeaderElection58] INFO  server.RaftServerConfigKeys (ConfUtils.java:logGet(44)) - raft.server.log.appender.snapshot.chunk.size.max = 16MB (=16777216) (default)
2020-07-21 10:22:58,154 [cb99a555-5d60-49aa-ac43-e029c79e7f63@group-961DFA348BC2-LeaderElection58] INFO  server.RaftServerConfigKeys (ConfUtils.java:logGet(44)) - raft.server.log.appender.buffer.byte-limit = 33554432 (custom)
2020-07-21 10:22:58,154 [cb99a555-5d60-49aa-ac43-e029c79e7f63@group-961DFA348BC2-LeaderElection58] INFO  server.RaftServerConfigKeys (ConfUtils.java:logGet(44)) - raft.server.log.appender.buffer.element-limit = 1 (custom)
2020-07-21 10:22:58,154 [cb99a555-5d60-49aa-ac43-e029c79e7f63@group-961DFA348BC2-LeaderElection58] INFO  grpc.GrpcConfigKeys (ConfUtils.java:logGet(44)) - raft.grpc.server.leader.outstanding.appends.max = 128 (default)
2020-07-21 10:22:58,154 [cb99a555-5d60-49aa-ac43-e029c79e7f63@group-961DFA348BC2-LeaderElection58] INFO  server.RaftServerConfigKeys (ConfUtils.java:logGet(44)) - raft.server.rpc.request.timeout = 3000ms (default)
2020-07-21 10:22:58,154 [cb99a555-5d60-49aa-ac43-e029c79e7f63@group-961DFA348BC2-LeaderElection58] INFO  server.RaftServerConfigKeys (ConfUtils.java:logGet(44)) - raft.server.log.appender.install.snapshot.enabled = false (custom)
2020-07-21 10:22:58,155 [cb99a555-5d60-49aa-ac43-e029c79e7f63@group-961DFA348BC2-LeaderElection58] INFO  impl.RoleInfo (RoleInfo.java:updateAndGet(143)) - cb99a555-5d60-49aa-ac43-e029c79e7f63: start LeaderState
2020-07-21 10:22:58,156 [cb99a555-5d60-49aa-ac43-e029c79e7f63@group-961DFA348BC2-LeaderElection58] INFO  segmented.SegmentedRaftLogWorker (SegmentedRaftLogWorker.java:startLogSegment(397)) - cb99a555-5d60-49aa-ac43-e029c79e7f63@group-961DFA348BC2-SegmentedRaftLogWorker: Starting segment from index:0
2020-07-21 10:22:58,157 [cb99a555-5d60-49aa-ac43-e029c79e7f63@group-961DFA348BC2-SegmentedRaftLogWorker] INFO  segmented.SegmentedRaftLogWorker (SegmentedRaftLogWorker.java:execute(596)) - cb99a555-5d60-49aa-ac43-e029c79e7f63@group-961DFA348BC2-SegmentedRaftLogWorker: created new log segment /github/workspace/mnt/ozone/hadoop-ozone/integration-test/target/test-dir/MiniOzoneClusterImpl-26aa3f93-67e0-4cbe-8624-cf0efb7a6165/datanode-2/data/ratis/c07308eb-0ade-4505-8c4f-961dfa348bc2/current/log_inprogress_0
2020-07-21 10:22:58,177 [cb99a555-5d60-49aa-ac43-e029c79e7f63@group-961DFA348BC2-LeaderElection58] INFO  impl.RaftServerImpl (ServerState.java:setRaftConf(356)) - cb99a555-5d60-49aa-ac43-e029c79e7f63@group-961DFA348BC2: set configuration 0: [cb99a555-5d60-49aa-ac43-e029c79e7f63:172.17.0.2:44593, f358e290-f705-4636-941e-77012e86de6c:172.17.0.2:46351, 51d43626-bb24-4602-b224-4a15530a8e55:172.17.0.2:44023], old=null at 0
2020-07-21 10:22:58,179 [grpc-default-executor-0] INFO  ratis.XceiverServerRatis (XceiverServerRatis.java:handleLeaderChangedNotification(820)) - Leader change notification received for group: group-961DFA348BC2 with new leaderId: cb99a555-5d60-49aa-ac43-e029c79e7f63
2020-07-21 10:22:58,180 [grpc-default-executor-0] INFO  impl.RaftServerImpl (ServerState.java:setLeader(255)) - f358e290-f705-4636-941e-77012e86de6c@group-961DFA348BC2: change Leader from null to cb99a555-5d60-49aa-ac43-e029c79e7f63 at term 2 for appendEntries, leader elected after 10144ms
2020-07-21 10:22:58,184 [grpc-default-executor-1] INFO  ratis.XceiverServerRatis (XceiverServerRatis.java:handleLeaderChangedNotification(820)) - Leader change notification received for group: group-961DFA348BC2 with new leaderId: cb99a555-5d60-49aa-ac43-e029c79e7f63
2020-07-21 10:22:58,184 [grpc-default-executor-1] INFO  impl.RaftServerImpl (ServerState.java:setLeader(255)) - 51d43626-bb24-4602-b224-4a15530a8e55@group-961DFA348BC2: change Leader from null to cb99a555-5d60-49aa-ac43-e029c79e7f63 at term 2 for appendEntries, leader elected after 10193ms
2020-07-21 10:22:58,184 [grpc-default-executor-0] INFO  impl.RaftServerImpl (ServerState.java:setRaftConf(356)) - f358e290-f705-4636-941e-77012e86de6c@group-961DFA348BC2: set configuration 0: [cb99a555-5d60-49aa-ac43-e029c79e7f63:172.17.0.2:44593, f358e290-f705-4636-941e-77012e86de6c:172.17.0.2:46351, 51d43626-bb24-4602-b224-4a15530a8e55:172.17.0.2:44023], old=null at 0
2020-07-21 10:22:58,185 [grpc-default-executor-0] INFO  segmented.SegmentedRaftLogWorker (SegmentedRaftLogWorker.java:startLogSegment(397)) - f358e290-f705-4636-941e-77012e86de6c@group-961DFA348BC2-SegmentedRaftLogWorker: Starting segment from index:0
2020-07-21 10:22:58,194 [grpc-default-executor-1] INFO  impl.RaftServerImpl (ServerState.java:setRaftConf(356)) - 51d43626-bb24-4602-b224-4a15530a8e55@group-961DFA348BC2: set configuration 0: [cb99a555-5d60-49aa-ac43-e029c79e7f63:172.17.0.2:44593, f358e290-f705-4636-941e-77012e86de6c:172.17.0.2:46351, 51d43626-bb24-4602-b224-4a15530a8e55:172.17.0.2:44023], old=null at 0
2020-07-21 10:22:58,195 [grpc-default-executor-1] INFO  segmented.SegmentedRaftLogWorker (SegmentedRaftLogWorker.java:startLogSegment(397)) - 51d43626-bb24-4602-b224-4a15530a8e55@group-961DFA348BC2-SegmentedRaftLogWorker: Starting segment from index:0
2020-07-21 10:22:58,195 [f358e290-f705-4636-941e-77012e86de6c@group-961DFA348BC2-SegmentedRaftLogWorker] INFO  segmented.SegmentedRaftLogWorker (SegmentedRaftLogWorker.java:execute(596)) - f358e290-f705-4636-941e-77012e86de6c@group-961DFA348BC2-SegmentedRaftLogWorker: created new log segment /github/workspace/mnt/ozone/hadoop-ozone/integration-test/target/test-dir/MiniOzoneClusterImpl-26aa3f93-67e0-4cbe-8624-cf0efb7a6165/datanode-1/data/ratis/c07308eb-0ade-4505-8c4f-961dfa348bc2/current/log_inprogress_0
2020-07-21 10:22:58,199 [51d43626-bb24-4602-b224-4a15530a8e55@group-961DFA348BC2-SegmentedRaftLogWorker] INFO  segmented.SegmentedRaftLogWorker (SegmentedRaftLogWorker.java:execute(596)) - 51d43626-bb24-4602-b224-4a15530a8e55@group-961DFA348BC2-SegmentedRaftLogWorker: created new log segment /github/workspace/mnt/ozone/hadoop-ozone/integration-test/target/test-dir/MiniOzoneClusterImpl-26aa3f93-67e0-4cbe-8624-cf0efb7a6165/datanode-0/data/ratis/c07308eb-0ade-4505-8c4f-961dfa348bc2/current/log_inprogress_0
2020-07-21 10:22:59,083 [Listener at 127.0.0.1/37905] INFO  ozoneimpl.OzoneContainer (OzoneContainer.java:stop(247)) - Attempting to stop container services.
2020-07-21 10:22:59,084 [ForkJoinPool.commonPool-worker-0] INFO  ozoneimpl.OzoneContainer (OzoneContainer.java:stop(247)) - Attempting to stop container services.
2020-07-21 10:22:59,084 [Listener at 127.0.0.1/37905] INFO  impl.RaftServerProxy (RaftServerProxy.java:lambda$close$4(319)) - 73f9b6d6-78ac-4cc6-953d-c7a8a2f9ddd0: close
2020-07-21 10:22:59,085 [Listener at 127.0.0.1/37905] INFO  impl.RaftServerImpl (RaftServerImpl.java:lambda$shutdown$3(263)) - 73f9b6d6-78ac-4cc6-953d-c7a8a2f9ddd0@group-A66E0F371B3F: shutdown
2020-07-21 10:22:59,085 [Listener at 127.0.0.1/37905] INFO  util.JmxRegister (JmxRegister.java:unregister(73)) - Successfully un-registered JMX Bean with object name Ratis:service=RaftServer,group=group-A66E0F371B3F,id=73f9b6d6-78ac-4cc6-953d-c7a8a2f9ddd0
2020-07-21 10:22:59,085 [Listener at 127.0.0.1/37905] INFO  impl.RoleInfo (RoleInfo.java:shutdownLeaderState(104)) - 73f9b6d6-78ac-4cc6-953d-c7a8a2f9ddd0: shutdown LeaderState
2020-07-21 10:22:59,085 [Listener at 127.0.0.1/37905] INFO  impl.PendingRequests (PendingRequests.java:sendNotLeaderResponses(249)) - 73f9b6d6-78ac-4cc6-953d-c7a8a2f9ddd0@group-A66E0F371B3F-PendingRequests: sendNotLeaderResponses
2020-07-21 10:22:59,085 [Listener at 127.0.0.1/37905] INFO  metrics.RatisMetrics (RatisMetrics.java:unregister(43)) - Unregistering Metrics Registry : ratis.log_appender.73f9b6d6-78ac-4cc6-953d-c7a8a2f9ddd0@group-A66E0F371B3F
2020-07-21 10:22:59,085 [Listener at 127.0.0.1/37905] INFO  metrics.RatisMetrics (RatisMetrics.java:unregister(43)) - Unregistering Metrics Registry : ratis.server.73f9b6d6-78ac-4cc6-953d-c7a8a2f9ddd0@group-A66E0F371B3F
2020-07-21 10:22:59,087 [73f9b6d6-78ac-4cc6-953d-c7a8a2f9ddd0@group-A66E0F371B3F-StateMachineUpdater] INFO  ratis.ContainerStateMachine (ContainerStateMachine.java:takeSnapshot(293)) - group-A66E0F371B3F: Taking a snapshot at:(t:1, i:0) file /github/workspace/mnt/ozone/hadoop-ozone/integration-test/target/test-dir/MiniOzoneClusterImpl-26aa3f93-67e0-4cbe-8624-cf0efb7a6165/datanode-4/data/ratis/f8453eb1-81f8-47f0-953b-a66e0f371b3f/sm/snapshot.1_0
2020-07-21 10:22:59,087 [ForkJoinPool.commonPool-worker-0] INFO  impl.RaftServerProxy (RaftServerProxy.java:lambda$close$4(319)) - cb99a555-5d60-49aa-ac43-e029c79e7f63: close
2020-07-21 10:22:59,088 [ForkJoinPool.commonPool-worker-0] INFO  impl.RaftServerImpl (RaftServerImpl.java:lambda$shutdown$3(263)) - cb99a555-5d60-49aa-ac43-e029c79e7f63@group-F2504F3A8000: shutdown
2020-07-21 10:22:59,088 [Listener at 127.0.0.1/37905] INFO  impl.StateMachineUpdater (StateMachineUpdater.java:stopAndJoin(142)) - 73f9b6d6-78ac-4cc6-953d-c7a8a2f9ddd0@group-A66E0F371B3F-StateMachineUpdater: set stopIndex = 0
2020-07-21 10:22:59,088 [ForkJoinPool.commonPool-worker-0] INFO  util.JmxRegister (JmxRegister.java:unregister(73)) - Successfully un-registered JMX Bean with object name Ratis:service=RaftServer,group=group-F2504F3A8000,id=cb99a555-5d60-49aa-ac43-e029c79e7f63
2020-07-21 10:22:59,088 [ForkJoinPool.commonPool-worker-0] INFO  impl.RoleInfo (RoleInfo.java:shutdownLeaderState(104)) - cb99a555-5d60-49aa-ac43-e029c79e7f63: shutdown LeaderState
2020-07-21 10:22:59,089 [ForkJoinPool.commonPool-worker-0] INFO  impl.PendingRequests (PendingRequests.java:sendNotLeaderResponses(249)) - cb99a555-5d60-49aa-ac43-e029c79e7f63@group-F2504F3A8000-PendingRequests: sendNotLeaderResponses
2020-07-21 10:22:59,089 [ForkJoinPool.commonPool-worker-0] INFO  metrics.RatisMetrics (RatisMetrics.java:unregister(43)) - Unregistering Metrics Registry : ratis.log_appender.cb99a555-5d60-49aa-ac43-e029c79e7f63@group-F2504F3A8000
2020-07-21 10:22:59,089 [ForkJoinPool.commonPool-worker-0] INFO  metrics.RatisMetrics (RatisMetrics.java:unregister(43)) - Unregistering Metrics Registry : ratis.server.cb99a555-5d60-49aa-ac43-e029c79e7f63@group-F2504F3A8000
2020-07-21 10:22:59,092 [73f9b6d6-78ac-4cc6-953d-c7a8a2f9ddd0@group-A66E0F371B3F-StateMachineUpdater] INFO  ratis.ContainerStateMachine (ContainerStateMachine.java:takeSnapshot(304)) - group-A66E0F371B3F: Finished taking a snapshot at:(t:1, i:0) file:/github/workspace/mnt/ozone/hadoop-ozone/integration-test/target/test-dir/MiniOzoneClusterImpl-26aa3f93-67e0-4cbe-8624-cf0efb7a6165/datanode-4/data/ratis/f8453eb1-81f8-47f0-953b-a66e0f371b3f/sm/snapshot.1_0 time:5
2020-07-21 10:22:59,092 [73f9b6d6-78ac-4cc6-953d-c7a8a2f9ddd0@group-A66E0F371B3F-StateMachineUpdater] INFO  impl.StateMachineUpdater (StateMachineUpdater.java:takeSnapshot(277)) - 73f9b6d6-78ac-4cc6-953d-c7a8a2f9ddd0@group-A66E0F371B3F-StateMachineUpdater: Took a snapshot at index 0
2020-07-21 10:22:59,092 [73f9b6d6-78ac-4cc6-953d-c7a8a2f9ddd0@group-A66E0F371B3F-StateMachineUpdater] INFO  impl.StateMachineUpdater (StateMachineUpdater.java:lambda$new$0(87)) - 73f9b6d6-78ac-4cc6-953d-c7a8a2f9ddd0@group-A66E0F371B3F-StateMachineUpdater: snapshotIndex: updateIncreasingly -1 -> 0
2020-07-21 10:22:59,092 [73f9b6d6-78ac-4cc6-953d-c7a8a2f9ddd0@group-A66E0F371B3F-StateMachineUpdater] INFO  metrics.RatisMetrics (RatisMetrics.java:unregister(43)) - Unregistering Metrics Registry : ratis.state_machine.73f9b6d6-78ac-4cc6-953d-c7a8a2f9ddd0@group-A66E0F371B3F
2020-07-21 10:22:59,092 [Listener at 127.0.0.1/37905] INFO  impl.RaftServerImpl (ServerState.java:close(387)) - 73f9b6d6-78ac-4cc6-953d-c7a8a2f9ddd0@group-A66E0F371B3F: closes. applyIndex: 0
2020-07-21 10:22:59,093 [73f9b6d6-78ac-4cc6-953d-c7a8a2f9ddd0@group-A66E0F371B3F-SegmentedRaftLogWorker] INFO  segmented.SegmentedRaftLogWorker (SegmentedRaftLogWorker.java:run(327)) - 73f9b6d6-78ac-4cc6-953d-c7a8a2f9ddd0@group-A66E0F371B3F-SegmentedRaftLogWorker was interrupted, exiting. There are 0 tasks remaining in the queue.
2020-07-21 10:22:59,094 [ForkJoinPool.commonPool-worker-0] INFO  impl.StateMachineUpdater (StateMachineUpdater.java:stopAndJoin(142)) - cb99a555-5d60-49aa-ac43-e029c79e7f63@group-F2504F3A8000-StateMachineUpdater: set stopIndex = 0
2020-07-21 10:22:59,094 [cb99a555-5d60-49aa-ac43-e029c79e7f63@group-F2504F3A8000-StateMachineUpdater] INFO  ratis.ContainerStateMachine (ContainerStateMachine.java:takeSnapshot(293)) - group-F2504F3A8000: Taking a snapshot at:(t:1, i:0) file /github/workspace/mnt/ozone/hadoop-ozone/integration-test/target/test-dir/MiniOzoneClusterImpl-26aa3f93-67e0-4cbe-8624-cf0efb7a6165/datanode-2/data/ratis/50cad3eb-d542-4ff2-9018-f2504f3a8000/sm/snapshot.1_0
2020-07-21 10:22:59,095 [Listener at 127.0.0.1/37905] INFO  segmented.SegmentedRaftLogWorker (SegmentedRaftLogWorker.java:close(234)) - 73f9b6d6-78ac-4cc6-953d-c7a8a2f9ddd0@group-A66E0F371B3F-SegmentedRaftLogWorker close()
2020-07-21 10:22:59,095 [cb99a555-5d60-49aa-ac43-e029c79e7f63@group-F2504F3A8000-StateMachineUpdater] INFO  ratis.ContainerStateMachine (ContainerStateMachine.java:takeSnapshot(304)) - group-F2504F3A8000: Finished taking a snapshot at:(t:1, i:0) file:/github/workspace/mnt/ozone/hadoop-ozone/integration-test/target/test-dir/MiniOzoneClusterImpl-26aa3f93-67e0-4cbe-8624-cf0efb7a6165/datanode-2/data/ratis/50cad3eb-d542-4ff2-9018-f2504f3a8000/sm/snapshot.1_0 time:1
2020-07-21 10:22:59,098 [cb99a555-5d60-49aa-ac43-e029c79e7f63@group-F2504F3A8000-StateMachineUpdater] INFO  impl.StateMachineUpdater (StateMachineUpdater.java:takeSnapshot(277)) - cb99a555-5d60-49aa-ac43-e029c79e7f63@group-F2504F3A8000-StateMachineUpdater: Took a snapshot at index 0
2020-07-21 10:22:59,098 [cb99a555-5d60-49aa-ac43-e029c79e7f63@group-F2504F3A8000-StateMachineUpdater] INFO  impl.StateMachineUpdater (StateMachineUpdater.java:lambda$new$0(87)) - cb99a555-5d60-49aa-ac43-e029c79e7f63@group-F2504F3A8000-StateMachineUpdater: snapshotIndex: updateIncreasingly -1 -> 0
2020-07-21 10:22:59,098 [cb99a555-5d60-49aa-ac43-e029c79e7f63@group-F2504F3A8000-StateMachineUpdater] INFO  metrics.RatisMetrics (RatisMetrics.java:unregister(43)) - Unregistering Metrics Registry : ratis.state_machine.cb99a555-5d60-49aa-ac43-e029c79e7f63@group-F2504F3A8000
2020-07-21 10:22:59,099 [Listener at 127.0.0.1/37905] INFO  metrics.RatisMetrics (RatisMetrics.java:unregister(43)) - Unregistering Metrics Registry : ratis.log_worker.73f9b6d6-78ac-4cc6-953d-c7a8a2f9ddd0@group-A66E0F371B3F
2020-07-21 10:22:59,099 [Listener at 127.0.0.1/37905] INFO  metrics.RatisMetrics (RatisMetrics.java:unregister(43)) - Unregistering Metrics Registry : ratis.leader_election.73f9b6d6-78ac-4cc6-953d-c7a8a2f9ddd0@group-A66E0F371B3F
2020-07-21 10:22:59,099 [Listener at 127.0.0.1/37905] INFO  metrics.RatisMetrics (RatisMetrics.java:unregister(43)) - Unregistering Metrics Registry : ratis.server.73f9b6d6-78ac-4cc6-953d-c7a8a2f9ddd0@group-A66E0F371B3F
2020-07-21 10:22:59,099 [Listener at 127.0.0.1/37905] INFO  impl.RaftServerImpl (RaftServerImpl.java:lambda$shutdown$3(263)) - 73f9b6d6-78ac-4cc6-953d-c7a8a2f9ddd0@group-5CC394ACB85F: shutdown
2020-07-21 10:22:59,099 [ForkJoinPool.commonPool-worker-0] INFO  impl.RaftServerImpl (ServerState.java:close(387)) - cb99a555-5d60-49aa-ac43-e029c79e7f63@group-F2504F3A8000: closes. applyIndex: 0
2020-07-21 10:22:59,100 [Listener at 127.0.0.1/37905] INFO  util.JmxRegister (JmxRegister.java:unregister(73)) - Successfully un-registered JMX Bean with object name Ratis:service=RaftServer,group=group-5CC394ACB85F,id=73f9b6d6-78ac-4cc6-953d-c7a8a2f9ddd0
2020-07-21 10:22:59,101 [Listener at 127.0.0.1/37905] INFO  impl.RoleInfo (RoleInfo.java:shutdownFollowerState(121)) - 73f9b6d6-78ac-4cc6-953d-c7a8a2f9ddd0: shutdown FollowerState
2020-07-21 10:22:59,100 [cb99a555-5d60-49aa-ac43-e029c79e7f63@group-F2504F3A8000-SegmentedRaftLogWorker] INFO  segmented.SegmentedRaftLogWorker (SegmentedRaftLogWorker.java:run(327)) - cb99a555-5d60-49aa-ac43-e029c79e7f63@group-F2504F3A8000-SegmentedRaftLogWorker was interrupted, exiting. There are 0 tasks remaining in the queue.
2020-07-21 10:22:59,101 [Thread-1687] INFO  impl.FollowerState (FollowerState.java:run(117)) - 73f9b6d6-78ac-4cc6-953d-c7a8a2f9ddd0@group-5CC394ACB85F-FollowerState was interrupted: java.lang.InterruptedException: sleep interrupted
2020-07-21 10:22:59,102 [Listener at 127.0.0.1/37905] INFO  impl.StateMachineUpdater (StateMachineUpdater.java:stopAndJoin(142)) - 73f9b6d6-78ac-4cc6-953d-c7a8a2f9ddd0@group-5CC394ACB85F-StateMachineUpdater: set stopIndex = 2
2020-07-21 10:22:59,103 [73f9b6d6-78ac-4cc6-953d-c7a8a2f9ddd0@group-5CC394ACB85F-StateMachineUpdater] INFO  ratis.ContainerStateMachine (ContainerStateMachine.java:takeSnapshot(293)) - group-5CC394ACB85F: Taking a snapshot at:(t:1, i:2) file /github/workspace/mnt/ozone/hadoop-ozone/integration-test/target/test-dir/MiniOzoneClusterImpl-26aa3f93-67e0-4cbe-8624-cf0efb7a6165/datanode-4/data/ratis/c5e9f63b-de00-4a03-a3d7-5cc394acb85f/sm/snapshot.1_2
2020-07-21 10:22:59,103 [ForkJoinPool.commonPool-worker-0] INFO  segmented.SegmentedRaftLogWorker (SegmentedRaftLogWorker.java:close(234)) - cb99a555-5d60-49aa-ac43-e029c79e7f63@group-F2504F3A8000-SegmentedRaftLogWorker close()
2020-07-21 10:22:59,104 [73f9b6d6-78ac-4cc6-953d-c7a8a2f9ddd0@group-5CC394ACB85F-StateMachineUpdater] INFO  ratis.ContainerStateMachine (ContainerStateMachine.java:takeSnapshot(304)) - group-5CC394ACB85F: Finished taking a snapshot at:(t:1, i:2) file:/github/workspace/mnt/ozone/hadoop-ozone/integration-test/target/test-dir/MiniOzoneClusterImpl-26aa3f93-67e0-4cbe-8624-cf0efb7a6165/datanode-4/data/ratis/c5e9f63b-de00-4a03-a3d7-5cc394acb85f/sm/snapshot.1_2 time:1
2020-07-21 10:22:59,104 [ForkJoinPool.commonPool-worker-0] INFO  metrics.RatisMetrics (RatisMetrics.java:unregister(43)) - Unregistering Metrics Registry : ratis.log_worker.cb99a555-5d60-49aa-ac43-e029c79e7f63@group-F2504F3A8000
2020-07-21 10:22:59,104 [73f9b6d6-78ac-4cc6-953d-c7a8a2f9ddd0@group-5CC394ACB85F-StateMachineUpdater] INFO  impl.StateMachineUpdater (StateMachineUpdater.java:takeSnapshot(277)) - 73f9b6d6-78ac-4cc6-953d-c7a8a2f9ddd0@group-5CC394ACB85F-StateMachineUpdater: Took a snapshot at index 2
2020-07-21 10:22:59,104 [73f9b6d6-78ac-4cc6-953d-c7a8a2f9ddd0@group-5CC394ACB85F-StateMachineUpdater] INFO  impl.StateMachineUpdater (StateMachineUpdater.java:lambda$new$0(87)) - 73f9b6d6-78ac-4cc6-953d-c7a8a2f9ddd0@group-5CC394ACB85F-StateMachineUpdater: snapshotIndex: updateIncreasingly -1 -> 2
2020-07-21 10:22:59,104 [ForkJoinPool.commonPool-worker-0] INFO  metrics.RatisMetrics (RatisMetrics.java:unregister(43)) - Unregistering Metrics Registry : ratis.leader_election.cb99a555-5d60-49aa-ac43-e029c79e7f63@group-F2504F3A8000
2020-07-21 10:22:59,105 [73f9b6d6-78ac-4cc6-953d-c7a8a2f9ddd0@group-5CC394ACB85F-StateMachineUpdater] INFO  metrics.RatisMetrics (RatisMetrics.java:unregister(43)) - Unregistering Metrics Registry : ratis.state_machine.73f9b6d6-78ac-4cc6-953d-c7a8a2f9ddd0@group-5CC394ACB85F
2020-07-21 10:22:59,105 [ForkJoinPool.commonPool-worker-0] INFO  metrics.RatisMetrics (RatisMetrics.java:unregister(43)) - Unregistering Metrics Registry : ratis.server.cb99a555-5d60-49aa-ac43-e029c79e7f63@group-F2504F3A8000
2020-07-21 10:22:59,105 [ForkJoinPool.commonPool-worker-0] INFO  impl.RaftServerImpl (RaftServerImpl.java:lambda$shutdown$3(263)) - cb99a555-5d60-49aa-ac43-e029c79e7f63@group-961DFA348BC2: shutdown
2020-07-21 10:22:59,105 [ForkJoinPool.commonPool-worker-0] INFO  util.JmxRegister (JmxRegister.java:unregister(73)) - Successfully un-registered JMX Bean with object name Ratis:service=RaftServer,group=group-961DFA348BC2,id=cb99a555-5d60-49aa-ac43-e029c79e7f63
2020-07-21 10:22:59,105 [ForkJoinPool.commonPool-worker-0] INFO  impl.RoleInfo (RoleInfo.java:shutdownLeaderState(104)) - cb99a555-5d60-49aa-ac43-e029c79e7f63: shutdown LeaderState
2020-07-21 10:22:59,105 [ForkJoinPool.commonPool-worker-0] INFO  metrics.RatisMetrics (RatisMetrics.java:unregister(43)) - Unregistering Metrics Registry : ratis_grpc.log_appender.cb99a555-5d60-49aa-ac43-e029c79e7f63@group-961DFA348BC2
2020-07-21 10:22:59,105 [Listener at 127.0.0.1/37905] INFO  impl.RaftServerImpl (ServerState.java:close(387)) - 73f9b6d6-78ac-4cc6-953d-c7a8a2f9ddd0@group-5CC394ACB85F: closes. applyIndex: 2
2020-07-21 10:22:59,105 [ForkJoinPool.commonPool-worker-0] INFO  metrics.RatisMetrics (RatisMetrics.java:unregister(43)) - Unregistering Metrics Registry : ratis_grpc.log_appender.cb99a555-5d60-49aa-ac43-e029c79e7f63@group-961DFA348BC2
2020-07-21 10:22:59,105 [org.apache.ratis.server.impl.LogAppender$AppenderDaemon$$Lambda$473/327584033@7c98b51a] WARN  server.GrpcLogAppender (GrpcLogAppender.java:mayWait(153)) - cb99a555-5d60-49aa-ac43-e029c79e7f63@group-961DFA348BC2->f358e290-f705-4636-941e-77012e86de6c-GrpcLogAppender: Wait interrupted by java.lang.InterruptedException
2020-07-21 10:22:59,105 [73f9b6d6-78ac-4cc6-953d-c7a8a2f9ddd0@group-5CC394ACB85F-SegmentedRaftLogWorker] INFO  segmented.SegmentedRaftLogWorker (SegmentedRaftLogWorker.java:run(327)) - 73f9b6d6-78ac-4cc6-953d-c7a8a2f9ddd0@group-5CC394ACB85F-SegmentedRaftLogWorker was interrupted, exiting. There are 0 tasks remaining in the queue.
2020-07-21 10:22:59,106 [ForkJoinPool.commonPool-worker-0] INFO  impl.PendingRequests (PendingRequests.java:sendNotLeaderResponses(249)) - cb99a555-5d60-49aa-ac43-e029c79e7f63@group-961DFA348BC2-PendingRequests: sendNotLeaderResponses
2020-07-21 10:22:59,106 [org.apache.ratis.server.impl.LogAppender$AppenderDaemon$$Lambda$473/327584033@52144e7c] WARN  server.GrpcLogAppender (GrpcLogAppender.java:mayWait(153)) - cb99a555-5d60-49aa-ac43-e029c79e7f63@group-961DFA348BC2->51d43626-bb24-4602-b224-4a15530a8e55-GrpcLogAppender: Wait interrupted by java.lang.InterruptedException
2020-07-21 10:22:59,106 [grpc-default-executor-2] INFO  server.GrpcServerProtocolService (GrpcServerProtocolService.java:onCompleted(138)) - f358e290-f705-4636-941e-77012e86de6c: Completed APPEND_ENTRIES, lastRequest: cb99a555-5d60-49aa-ac43-e029c79e7f63->f358e290-f705-4636-941e-77012e86de6c#1-t2, previous=(t:0, i:0), leaderCommit=0, initializing? false, entries: size=1, first=(t:2, i:0), CONFIGURATIONENTRY
2020-07-21 10:22:59,107 [grpc-default-executor-1] INFO  server.GrpcLogAppender (GrpcLogAppender.java:onCompleted(319)) - cb99a555-5d60-49aa-ac43-e029c79e7f63@group-961DFA348BC2->f358e290-f705-4636-941e-77012e86de6c-AppendLogResponseHandler: follower responses appendEntries COMPLETED
2020-07-21 10:22:59,107 [grpc-default-executor-0] INFO  server.GrpcServerProtocolService (GrpcServerProtocolService.java:onCompleted(138)) - 51d43626-bb24-4602-b224-4a15530a8e55: Completed APPEND_ENTRIES, lastRequest: cb99a555-5d60-49aa-ac43-e029c79e7f63->51d43626-bb24-4602-b224-4a15530a8e55#1-t2, previous=(t:0, i:0), leaderCommit=0, initializing? false, entries: size=1, first=(t:2, i:0), CONFIGURATIONENTRY
2020-07-21 10:22:59,106 [ForkJoinPool.commonPool-worker-0] INFO  metrics.RatisMetrics (RatisMetrics.java:unregister(43)) - Unregistering Metrics Registry : ratis.log_appender.cb99a555-5d60-49aa-ac43-e029c79e7f63@group-961DFA348BC2
2020-07-21 10:22:59,108 [grpc-default-executor-2] INFO  server.GrpcLogAppender (GrpcLogAppender.java:onCompleted(319)) - cb99a555-5d60-49aa-ac43-e029c79e7f63@group-961DFA348BC2->51d43626-bb24-4602-b224-4a15530a8e55-AppendLogResponseHandler: follower responses appendEntries COMPLETED
2020-07-21 10:22:59,109 [ForkJoinPool.commonPool-worker-0] INFO  metrics.RatisMetrics (RatisMetrics.java:unregister(43)) - Unregistering Metrics Registry : ratis.server.cb99a555-5d60-49aa-ac43-e029c79e7f63@group-961DFA348BC2
2020-07-21 10:22:59,109 [grpc-default-executor-1] INFO  impl.FollowerInfo (FollowerInfo.java:lambda$new$0(51)) - cb99a555-5d60-49aa-ac43-e029c79e7f63@group-961DFA348BC2->f358e290-f705-4636-941e-77012e86de6c: nextIndex: updateUnconditionally 1 -> 0
2020-07-21 10:22:59,110 [Listener at 127.0.0.1/37905] INFO  segmented.SegmentedRaftLogWorker (SegmentedRaftLogWorker.java:close(234)) - 73f9b6d6-78ac-4cc6-953d-c7a8a2f9ddd0@group-5CC394ACB85F-SegmentedRaftLogWorker close()
2020-07-21 10:22:59,111 [ForkJoinPool.commonPool-worker-0] INFO  impl.StateMachineUpdater (StateMachineUpdater.java:stopAndJoin(142)) - cb99a555-5d60-49aa-ac43-e029c79e7f63@group-961DFA348BC2-StateMachineUpdater: set stopIndex = 0
2020-07-21 10:22:59,111 [cb99a555-5d60-49aa-ac43-e029c79e7f63@group-961DFA348BC2-StateMachineUpdater] INFO  ratis.ContainerStateMachine (ContainerStateMachine.java:takeSnapshot(293)) - group-961DFA348BC2: Taking a snapshot at:(t:2, i:0) file /github/workspace/mnt/ozone/hadoop-ozone/integration-test/target/test-dir/MiniOzoneClusterImpl-26aa3f93-67e0-4cbe-8624-cf0efb7a6165/datanode-2/data/ratis/c07308eb-0ade-4505-8c4f-961dfa348bc2/sm/snapshot.2_0
2020-07-21 10:22:59,112 [grpc-default-executor-2] INFO  impl.FollowerInfo (FollowerInfo.java:lambda$new$0(51)) - cb99a555-5d60-49aa-ac43-e029c79e7f63@group-961DFA348BC2->51d43626-bb24-4602-b224-4a15530a8e55: nextIndex: updateUnconditionally 1 -> 0
2020-07-21 10:22:59,112 [cb99a555-5d60-49aa-ac43-e029c79e7f63@group-961DFA348BC2-StateMachineUpdater] INFO  ratis.ContainerStateMachine (ContainerStateMachine.java:takeSnapshot(304)) - group-961DFA348BC2: Finished taking a snapshot at:(t:2, i:0) file:/github/workspace/mnt/ozone/hadoop-ozone/integration-test/target/test-dir/MiniOzoneClusterImpl-26aa3f93-67e0-4cbe-8624-cf0efb7a6165/datanode-2/data/ratis/c07308eb-0ade-4505-8c4f-961dfa348bc2/sm/snapshot.2_0 time:1
2020-07-21 10:22:59,113 [Listener at 127.0.0.1/37905] INFO  metrics.RatisMetrics (RatisMetrics.java:unregister(43)) - Unregistering Metrics Registry : ratis.log_worker.73f9b6d6-78ac-4cc6-953d-c7a8a2f9ddd0@group-5CC394ACB85F
2020-07-21 10:22:59,113 [Listener at 127.0.0.1/37905] INFO  metrics.RatisMetrics (RatisMetrics.java:unregister(43)) - Unregistering Metrics Registry : ratis.leader_election.73f9b6d6-78ac-4cc6-953d-c7a8a2f9ddd0@group-5CC394ACB85F
2020-07-21 10:22:59,113 [Listener at 127.0.0.1/37905] INFO  metrics.RatisMetrics (RatisMetrics.java:unregister(43)) - Unregistering Metrics Registry : ratis.server.73f9b6d6-78ac-4cc6-953d-c7a8a2f9ddd0@group-5CC394ACB85F
2020-07-21 10:22:59,113 [Listener at 127.0.0.1/37905] INFO  server.GrpcService (GrpcService.java:closeImpl(166)) - 73f9b6d6-78ac-4cc6-953d-c7a8a2f9ddd0: shutdown server with port 40125 now
2020-07-21 10:22:59,113 [cb99a555-5d60-49aa-ac43-e029c79e7f63@group-961DFA348BC2-StateMachineUpdater] INFO  impl.StateMachineUpdater (StateMachineUpdater.java:takeSnapshot(277)) - cb99a555-5d60-49aa-ac43-e029c79e7f63@group-961DFA348BC2-StateMachineUpdater: Took a snapshot at index 0
2020-07-21 10:22:59,114 [cb99a555-5d60-49aa-ac43-e029c79e7f63@group-961DFA348BC2-StateMachineUpdater] INFO  impl.StateMachineUpdater (StateMachineUpdater.java:lambda$new$0(87)) - cb99a555-5d60-49aa-ac43-e029c79e7f63@group-961DFA348BC2-StateMachineUpdater: snapshotIndex: updateIncreasingly -1 -> 0
2020-07-21 10:22:59,114 [cb99a555-5d60-49aa-ac43-e029c79e7f63@group-961DFA348BC2-StateMachineUpdater] INFO  metrics.RatisMetrics (RatisMetrics.java:unregister(43)) - Unregistering Metrics Registry : ratis.state_machine.cb99a555-5d60-49aa-ac43-e029c79e7f63@group-961DFA348BC2
2020-07-21 10:22:59,114 [grpc-default-executor-2] WARN  server.GrpcServerProtocolService (LogUtils.java:warn(122)) - 73f9b6d6-78ac-4cc6-953d-c7a8a2f9ddd0: installSnapshot onError, lastRequest: c07c5c06-eb2e-4fff-9225-845a4954e246->73f9b6d6-78ac-4cc6-953d-c7a8a2f9ddd0#3-t1, previous=(t:1, i:1), leaderCommit=1, initializing? false, entries: size=1, first=(t:1, i:2), METADATAENTRY(c:1): org.apache.ratis.thirdparty.io.grpc.StatusRuntimeException: CANCELLED: cancelled before receiving half close
2020-07-21 10:22:59,115 [grpc-default-executor-2] WARN  server.GrpcLogAppender (LogUtils.java:warn(122)) - c07c5c06-eb2e-4fff-9225-845a4954e246@group-5CC394ACB85F->73f9b6d6-78ac-4cc6-953d-c7a8a2f9ddd0-AppendLogResponseHandler: Failed appendEntries: org.apache.ratis.thirdparty.io.grpc.StatusRuntimeException: CANCELLED: HTTP/2 error code: CANCEL
Received Rst Stream
2020-07-21 10:22:59,115 [ForkJoinPool.commonPool-worker-0] INFO  impl.RaftServerImpl (ServerState.java:close(387)) - cb99a555-5d60-49aa-ac43-e029c79e7f63@group-961DFA348BC2: closes. applyIndex: 0
2020-07-21 10:22:59,115 [cb99a555-5d60-49aa-ac43-e029c79e7f63@group-961DFA348BC2-SegmentedRaftLogWorker] INFO  segmented.SegmentedRaftLogWorker (SegmentedRaftLogWorker.java:run(327)) - cb99a555-5d60-49aa-ac43-e029c79e7f63@group-961DFA348BC2-SegmentedRaftLogWorker was interrupted, exiting. There are 0 tasks remaining in the queue.
2020-07-21 10:22:59,116 [Listener at 127.0.0.1/37905] INFO  server.GrpcService (GrpcService.java:closeImpl(174)) - 73f9b6d6-78ac-4cc6-953d-c7a8a2f9ddd0: shutdown server with port 40125 successfully
2020-07-21 10:22:59,123 [grpc-default-executor-2] INFO  impl.FollowerInfo (FollowerInfo.java:lambda$new$0(51)) - c07c5c06-eb2e-4fff-9225-845a4954e246@group-5CC394ACB85F->73f9b6d6-78ac-4cc6-953d-c7a8a2f9ddd0: nextIndex: updateUnconditionally 3 -> 2
2020-07-21 10:22:59,124 [ForkJoinPool.commonPool-worker-0] INFO  segmented.SegmentedRaftLogWorker (SegmentedRaftLogWorker.java:close(234)) - cb99a555-5d60-49aa-ac43-e029c79e7f63@group-961DFA348BC2-SegmentedRaftLogWorker close()
2020-07-21 10:22:59,137 [ForkJoinPool.commonPool-worker-0] INFO  metrics.RatisMetrics (RatisMetrics.java:unregister(43)) - Unregistering Metrics Registry : ratis.log_worker.cb99a555-5d60-49aa-ac43-e029c79e7f63@group-961DFA348BC2
2020-07-21 10:22:59,137 [ForkJoinPool.commonPool-worker-0] INFO  metrics.RatisMetrics (RatisMetrics.java:unregister(43)) - Unregistering Metrics Registry : ratis.leader_election.cb99a555-5d60-49aa-ac43-e029c79e7f63@group-961DFA348BC2
2020-07-21 10:22:59,137 [ForkJoinPool.commonPool-worker-0] INFO  metrics.RatisMetrics (RatisMetrics.java:unregister(43)) - Unregistering Metrics Registry : ratis.server.cb99a555-5d60-49aa-ac43-e029c79e7f63@group-961DFA348BC2
2020-07-21 10:22:59,137 [Listener at 127.0.0.1/37905] INFO  utils.BackgroundService (BackgroundService.java:shutdown(157)) - Shutting down service BlockDeletingService
2020-07-21 10:22:59,138 [ForkJoinPool.commonPool-worker-0] INFO  server.GrpcService (GrpcService.java:closeImpl(166)) - cb99a555-5d60-49aa-ac43-e029c79e7f63: shutdown server with port 44593 now
2020-07-21 10:22:59,139 [ForkJoinPool.commonPool-worker-0] INFO  server.GrpcService (GrpcService.java:closeImpl(174)) - cb99a555-5d60-49aa-ac43-e029c79e7f63: shutdown server with port 44593 successfully
2020-07-21 10:22:59,144 [ForkJoinPool.commonPool-worker-0] INFO  utils.BackgroundService (BackgroundService.java:shutdown(157)) - Shutting down service BlockDeletingService
2020-07-21 10:22:59,146 [ForkJoinPool.commonPool-worker-0] INFO  statemachine.DatanodeStateMachine (DatanodeStateMachine.java:stopDaemon(428)) - Ozone container server stopped.
2020-07-21 10:22:59,147 [Listener at 127.0.0.1/37905] INFO  statemachine.DatanodeStateMachine (DatanodeStateMachine.java:stopDaemon(428)) - Ozone container server stopped.
2020-07-21 10:22:59,153 [Listener at 127.0.0.1/37905] INFO  handler.ContextHandler (ContextHandler.java:doStop(1016)) - Stopped o.e.j.w.WebAppContext@386643e{hddsDatanode,/,null,UNAVAILABLE}{jar:file:/home/user/.m2/repository/org/apache/hadoop/hadoop-hdds-container-service/0.6.0-SNAPSHOT/hadoop-hdds-container-service-0.6.0-SNAPSHOT.jar!/webapps/hddsDatanode}
2020-07-21 10:22:59,154 [Listener at 127.0.0.1/37905] INFO  server.AbstractConnector (AbstractConnector.java:doStop(380)) - Stopped ServerConnector@512542aa{HTTP/1.1,[http/1.1]}{0.0.0.0:0}
2020-07-21 10:22:59,154 [Listener at 127.0.0.1/37905] INFO  server.session (HouseKeeper.java:stopScavenging(158)) - node0 Stopped scavenging
2020-07-21 10:22:59,154 [Listener at 127.0.0.1/37905] INFO  handler.ContextHandler (ContextHandler.java:doStop(1016)) - Stopped o.e.j.s.ServletContextHandler@7476c5c2{static,/static,jar:file:/home/user/.m2/repository/org/apache/hadoop/hadoop-hdds-container-service/0.6.0-SNAPSHOT/hadoop-hdds-container-service-0.6.0-SNAPSHOT.jar!/webapps/static,UNAVAILABLE}
2020-07-21 10:22:59,154 [Listener at 127.0.0.1/37905] INFO  handler.ContextHandler (ContextHandler.java:doStop(1016)) - Stopped o.e.j.s.ServletContextHandler@129b75c{logs,/logs,file:///github/workspace/mnt/ozone/hadoop-ozone/integration-test/target/log,UNAVAILABLE}
2020-07-21 10:22:59,161 [ForkJoinPool.commonPool-worker-0] INFO  handler.ContextHandler (ContextHandler.java:doStop(1016)) - Stopped o.e.j.w.WebAppContext@7de752dd{hddsDatanode,/,null,UNAVAILABLE}{jar:file:/home/user/.m2/repository/org/apache/hadoop/hadoop-hdds-container-service/0.6.0-SNAPSHOT/hadoop-hdds-container-service-0.6.0-SNAPSHOT.jar!/webapps/hddsDatanode}
2020-07-21 10:22:59,162 [ForkJoinPool.commonPool-worker-0] INFO  server.AbstractConnector (AbstractConnector.java:doStop(380)) - Stopped ServerConnector@76db7ef0{HTTP/1.1,[http/1.1]}{0.0.0.0:0}
2020-07-21 10:22:59,162 [ForkJoinPool.commonPool-worker-0] INFO  server.session (HouseKeeper.java:stopScavenging(158)) - node0 Stopped scavenging
2020-07-21 10:22:59,163 [ForkJoinPool.commonPool-worker-0] INFO  handler.ContextHandler (ContextHandler.java:doStop(1016)) - Stopped o.e.j.s.ServletContextHandler@2fe19bda{static,/static,jar:file:/home/user/.m2/repository/org/apache/hadoop/hadoop-hdds-container-service/0.6.0-SNAPSHOT/hadoop-hdds-container-service-0.6.0-SNAPSHOT.jar!/webapps/static,UNAVAILABLE}
2020-07-21 10:22:59,163 [ForkJoinPool.commonPool-worker-0] INFO  handler.ContextHandler (ContextHandler.java:doStop(1016)) - Stopped o.e.j.s.ServletContextHandler@e80fc9d{logs,/logs,file:///github/workspace/mnt/ozone/hadoop-ozone/integration-test/target/log,UNAVAILABLE}
2020-07-21 10:23:00,028 [Datanode State Machine Thread - 0] INFO  statemachine.DatanodeStateMachine (DatanodeStateMachine.java:lambda$startDaemon$0(380)) - Ozone container server started.
2020-07-21 10:23:00,072 [Datanode State Machine Thread - 0] INFO  statemachine.DatanodeStateMachine (DatanodeStateMachine.java:lambda$startDaemon$0(380)) - Ozone container server started.
2020-07-21 10:23:01,533 [grpc-default-executor-1] WARN  server.GrpcLogAppender (LogUtils.java:warn(122)) - c07c5c06-eb2e-4fff-9225-845a4954e246@group-5CC394ACB85F->73f9b6d6-78ac-4cc6-953d-c7a8a2f9ddd0-AppendLogResponseHandler: Failed appendEntries: org.apache.ratis.thirdparty.io.grpc.StatusRuntimeException: UNAVAILABLE: io exception
2020-07-21 10:23:01,535 [grpc-default-executor-1] INFO  impl.FollowerInfo (FollowerInfo.java:lambda$new$0(51)) - c07c5c06-eb2e-4fff-9225-845a4954e246@group-5CC394ACB85F->73f9b6d6-78ac-4cc6-953d-c7a8a2f9ddd0: nextIndex: updateUnconditionally 3 -> 2
2020-07-21 10:23:04,034 [grpc-default-executor-1] WARN  server.GrpcLogAppender (LogUtils.java:warn(122)) - c07c5c06-eb2e-4fff-9225-845a4954e246@group-5CC394ACB85F->73f9b6d6-78ac-4cc6-953d-c7a8a2f9ddd0-AppendLogResponseHandler: Failed appendEntries: org.apache.ratis.thirdparty.io.grpc.StatusRuntimeException: UNAVAILABLE: io exception
2020-07-21 10:23:04,035 [grpc-default-executor-1] INFO  impl.FollowerInfo (FollowerInfo.java:lambda$new$0(51)) - c07c5c06-eb2e-4fff-9225-845a4954e246@group-5CC394ACB85F->73f9b6d6-78ac-4cc6-953d-c7a8a2f9ddd0: nextIndex: updateUnconditionally 3 -> 2
2020-07-21 10:23:04,156 [Listener at 127.0.0.1/37905] INFO  ozoneimpl.OzoneContainer (OzoneContainer.java:stop(247)) - Attempting to stop container services.
2020-07-21 10:23:04,156 [Listener at 127.0.0.1/37905] INFO  impl.RaftServerProxy (RaftServerProxy.java:lambda$close$4(319)) - b539c339-7771-4951-b0e8-e5cec13be09d: close
2020-07-21 10:23:04,157 [Listener at 127.0.0.1/37905] INFO  impl.RaftServerImpl (RaftServerImpl.java:lambda$shutdown$3(263)) - b539c339-7771-4951-b0e8-e5cec13be09d@group-5CC394ACB85F: shutdown
2020-07-21 10:23:04,157 [Listener at 127.0.0.1/37905] INFO  util.JmxRegister (JmxRegister.java:unregister(73)) - Successfully un-registered JMX Bean with object name Ratis:service=RaftServer,group=group-5CC394ACB85F,id=b539c339-7771-4951-b0e8-e5cec13be09d
2020-07-21 10:23:04,157 [Listener at 127.0.0.1/37905] INFO  impl.RoleInfo (RoleInfo.java:shutdownFollowerState(121)) - b539c339-7771-4951-b0e8-e5cec13be09d: shutdown FollowerState
2020-07-21 10:23:04,157 [Listener at 127.0.0.1/37905] INFO  impl.StateMachineUpdater (StateMachineUpdater.java:stopAndJoin(142)) - b539c339-7771-4951-b0e8-e5cec13be09d@group-5CC394ACB85F-StateMachineUpdater: set stopIndex = 2
2020-07-21 10:23:04,157 [Thread-1692] INFO  impl.FollowerState (FollowerState.java:run(117)) - b539c339-7771-4951-b0e8-e5cec13be09d@group-5CC394ACB85F-FollowerState was interrupted: java.lang.InterruptedException: sleep interrupted
2020-07-21 10:23:04,158 [b539c339-7771-4951-b0e8-e5cec13be09d@group-5CC394ACB85F-StateMachineUpdater] INFO  ratis.ContainerStateMachine (ContainerStateMachine.java:takeSnapshot(293)) - group-5CC394ACB85F: Taking a snapshot at:(t:1, i:2) file /github/workspace/mnt/ozone/hadoop-ozone/integration-test/target/test-dir/MiniOzoneClusterImpl-26aa3f93-67e0-4cbe-8624-cf0efb7a6165/datanode-5/data/ratis/c5e9f63b-de00-4a03-a3d7-5cc394acb85f/sm/snapshot.1_2
2020-07-21 10:23:04,160 [b539c339-7771-4951-b0e8-e5cec13be09d@group-5CC394ACB85F-StateMachineUpdater] INFO  ratis.ContainerStateMachine (ContainerStateMachine.java:takeSnapshot(304)) - group-5CC394ACB85F: Finished taking a snapshot at:(t:1, i:2) file:/github/workspace/mnt/ozone/hadoop-ozone/integration-test/target/test-dir/MiniOzoneClusterImpl-26aa3f93-67e0-4cbe-8624-cf0efb7a6165/datanode-5/data/ratis/c5e9f63b-de00-4a03-a3d7-5cc394acb85f/sm/snapshot.1_2 time:2
2020-07-21 10:23:04,160 [b539c339-7771-4951-b0e8-e5cec13be09d@group-5CC394ACB85F-StateMachineUpdater] INFO  impl.StateMachineUpdater (StateMachineUpdater.java:takeSnapshot(277)) - b539c339-7771-4951-b0e8-e5cec13be09d@group-5CC394ACB85F-StateMachineUpdater: Took a snapshot at index 2
2020-07-21 10:23:04,160 [b539c339-7771-4951-b0e8-e5cec13be09d@group-5CC394ACB85F-StateMachineUpdater] INFO  impl.StateMachineUpdater (StateMachineUpdater.java:lambda$new$0(87)) - b539c339-7771-4951-b0e8-e5cec13be09d@group-5CC394ACB85F-StateMachineUpdater: snapshotIndex: updateIncreasingly -1 -> 2
2020-07-21 10:23:04,160 [b539c339-7771-4951-b0e8-e5cec13be09d@group-5CC394ACB85F-StateMachineUpdater] INFO  metrics.RatisMetrics (RatisMetrics.java:unregister(43)) - Unregistering Metrics Registry : ratis.state_machine.b539c339-7771-4951-b0e8-e5cec13be09d@group-5CC394ACB85F
2020-07-21 10:23:04,161 [Listener at 127.0.0.1/37905] INFO  impl.RaftServerImpl (ServerState.java:close(387)) - b539c339-7771-4951-b0e8-e5cec13be09d@group-5CC394ACB85F: closes. applyIndex: 2
2020-07-21 10:23:04,161 [b539c339-7771-4951-b0e8-e5cec13be09d@group-5CC394ACB85F-SegmentedRaftLogWorker] INFO  segmented.SegmentedRaftLogWorker (SegmentedRaftLogWorker.java:run(327)) - b539c339-7771-4951-b0e8-e5cec13be09d@group-5CC394ACB85F-SegmentedRaftLogWorker was interrupted, exiting. There are 0 tasks remaining in the queue.
2020-07-21 10:23:04,162 [Listener at 127.0.0.1/37905] INFO  segmented.SegmentedRaftLogWorker (SegmentedRaftLogWorker.java:close(234)) - b539c339-7771-4951-b0e8-e5cec13be09d@group-5CC394ACB85F-SegmentedRaftLogWorker close()
2020-07-21 10:23:04,164 [Listener at 127.0.0.1/37905] INFO  metrics.RatisMetrics (RatisMetrics.java:unregister(43)) - Unregistering Metrics Registry : ratis.log_worker.b539c339-7771-4951-b0e8-e5cec13be09d@group-5CC394ACB85F
2020-07-21 10:23:04,164 [Listener at 127.0.0.1/37905] INFO  metrics.RatisMetrics (RatisMetrics.java:unregister(43)) - Unregistering Metrics Registry : ratis.leader_election.b539c339-7771-4951-b0e8-e5cec13be09d@group-5CC394ACB85F
2020-07-21 10:23:04,165 [Listener at 127.0.0.1/37905] INFO  metrics.RatisMetrics (RatisMetrics.java:unregister(43)) - Unregistering Metrics Registry : ratis.server.b539c339-7771-4951-b0e8-e5cec13be09d@group-5CC394ACB85F
2020-07-21 10:23:04,165 [Listener at 127.0.0.1/37905] INFO  impl.RaftServerImpl (RaftServerImpl.java:lambda$shutdown$3(263)) - b539c339-7771-4951-b0e8-e5cec13be09d@group-6017CBF3A321: shutdown
2020-07-21 10:23:04,165 [Listener at 127.0.0.1/37905] INFO  util.JmxRegister (JmxRegister.java:unregister(73)) - Successfully un-registered JMX Bean with object name Ratis:service=RaftServer,group=group-6017CBF3A321,id=b539c339-7771-4951-b0e8-e5cec13be09d
2020-07-21 10:23:04,165 [Listener at 127.0.0.1/37905] INFO  impl.RoleInfo (RoleInfo.java:shutdownLeaderState(104)) - b539c339-7771-4951-b0e8-e5cec13be09d: shutdown LeaderState
2020-07-21 10:23:04,165 [ForkJoinPool.commonPool-worker-0] INFO  ozoneimpl.OzoneContainer (OzoneContainer.java:stop(247)) - Attempting to stop container services.
2020-07-21 10:23:04,165 [ForkJoinPool.commonPool-worker-0] INFO  impl.RaftServerProxy (RaftServerProxy.java:lambda$close$4(319)) - c07c5c06-eb2e-4fff-9225-845a4954e246: close
2020-07-21 10:23:04,166 [ForkJoinPool.commonPool-worker-0] INFO  impl.RaftServerImpl (RaftServerImpl.java:lambda$shutdown$3(263)) - c07c5c06-eb2e-4fff-9225-845a4954e246@group-CC3D97C0F88D: shutdown
2020-07-21 10:23:04,166 [ForkJoinPool.commonPool-worker-0] INFO  util.JmxRegister (JmxRegister.java:unregister(73)) - Successfully un-registered JMX Bean with object name Ratis:service=RaftServer,group=group-CC3D97C0F88D,id=c07c5c06-eb2e-4fff-9225-845a4954e246
2020-07-21 10:23:04,166 [ForkJoinPool.commonPool-worker-0] INFO  impl.RoleInfo (RoleInfo.java:shutdownLeaderState(104)) - c07c5c06-eb2e-4fff-9225-845a4954e246: shutdown LeaderState
2020-07-21 10:23:04,166 [ForkJoinPool.commonPool-worker-0] INFO  impl.PendingRequests (PendingRequests.java:sendNotLeaderResponses(249)) - c07c5c06-eb2e-4fff-9225-845a4954e246@group-CC3D97C0F88D-PendingRequests: sendNotLeaderResponses
2020-07-21 10:23:04,166 [ForkJoinPool.commonPool-worker-0] INFO  metrics.RatisMetrics (RatisMetrics.java:unregister(43)) - Unregistering Metrics Registry : ratis.log_appender.c07c5c06-eb2e-4fff-9225-845a4954e246@group-CC3D97C0F88D
2020-07-21 10:23:04,166 [ForkJoinPool.commonPool-worker-0] INFO  metrics.RatisMetrics (RatisMetrics.java:unregister(43)) - Unregistering Metrics Registry : ratis.server.c07c5c06-eb2e-4fff-9225-845a4954e246@group-CC3D97C0F88D
2020-07-21 10:23:04,167 [ForkJoinPool.commonPool-worker-0] INFO  impl.StateMachineUpdater (StateMachineUpdater.java:stopAndJoin(142)) - c07c5c06-eb2e-4fff-9225-845a4954e246@group-CC3D97C0F88D-StateMachineUpdater: set stopIndex = 0
2020-07-21 10:23:04,167 [c07c5c06-eb2e-4fff-9225-845a4954e246@group-CC3D97C0F88D-StateMachineUpdater] INFO  ratis.ContainerStateMachine (ContainerStateMachine.java:takeSnapshot(293)) - group-CC3D97C0F88D: Taking a snapshot at:(t:1, i:0) file /github/workspace/mnt/ozone/hadoop-ozone/integration-test/target/test-dir/MiniOzoneClusterImpl-26aa3f93-67e0-4cbe-8624-cf0efb7a6165/datanode-3/data/ratis/2afd5106-3140-457f-8644-cc3d97c0f88d/sm/snapshot.1_0
2020-07-21 10:23:04,168 [c07c5c06-eb2e-4fff-9225-845a4954e246@group-CC3D97C0F88D-StateMachineUpdater] INFO  ratis.ContainerStateMachine (ContainerStateMachine.java:takeSnapshot(304)) - group-CC3D97C0F88D: Finished taking a snapshot at:(t:1, i:0) file:/github/workspace/mnt/ozone/hadoop-ozone/integration-test/target/test-dir/MiniOzoneClusterImpl-26aa3f93-67e0-4cbe-8624-cf0efb7a6165/datanode-3/data/ratis/2afd5106-3140-457f-8644-cc3d97c0f88d/sm/snapshot.1_0 time:1
2020-07-21 10:23:04,168 [c07c5c06-eb2e-4fff-9225-845a4954e246@group-CC3D97C0F88D-StateMachineUpdater] INFO  impl.StateMachineUpdater (StateMachineUpdater.java:takeSnapshot(277)) - c07c5c06-eb2e-4fff-9225-845a4954e246@group-CC3D97C0F88D-StateMachineUpdater: Took a snapshot at index 0
2020-07-21 10:23:04,168 [c07c5c06-eb2e-4fff-9225-845a4954e246@group-CC3D97C0F88D-StateMachineUpdater] INFO  impl.StateMachineUpdater (StateMachineUpdater.java:lambda$new$0(87)) - c07c5c06-eb2e-4fff-9225-845a4954e246@group-CC3D97C0F88D-StateMachineUpdater: snapshotIndex: updateIncreasingly -1 -> 0
2020-07-21 10:23:04,168 [c07c5c06-eb2e-4fff-9225-845a4954e246@group-CC3D97C0F88D-StateMachineUpdater] INFO  metrics.RatisMetrics (RatisMetrics.java:unregister(43)) - Unregistering Metrics Registry : ratis.state_machine.c07c5c06-eb2e-4fff-9225-845a4954e246@group-CC3D97C0F88D
2020-07-21 10:23:04,169 [ForkJoinPool.commonPool-worker-0] INFO  impl.RaftServerImpl (ServerState.java:close(387)) - c07c5c06-eb2e-4fff-9225-845a4954e246@group-CC3D97C0F88D: closes. applyIndex: 0
2020-07-21 10:23:04,169 [c07c5c06-eb2e-4fff-9225-845a4954e246@group-CC3D97C0F88D-SegmentedRaftLogWorker] INFO  segmented.SegmentedRaftLogWorker (SegmentedRaftLogWorker.java:run(327)) - c07c5c06-eb2e-4fff-9225-845a4954e246@group-CC3D97C0F88D-SegmentedRaftLogWorker was interrupted, exiting. There are 0 tasks remaining in the queue.
2020-07-21 10:23:04,169 [Listener at 127.0.0.1/37905] INFO  impl.PendingRequests (PendingRequests.java:sendNotLeaderResponses(249)) - b539c339-7771-4951-b0e8-e5cec13be09d@group-6017CBF3A321-PendingRequests: sendNotLeaderResponses
2020-07-21 10:23:04,170 [Listener at 127.0.0.1/37905] INFO  metrics.RatisMetrics (RatisMetrics.java:unregister(43)) - Unregistering Metrics Registry : ratis.log_appender.b539c339-7771-4951-b0e8-e5cec13be09d@group-6017CBF3A321
2020-07-21 10:23:04,170 [Listener at 127.0.0.1/37905] INFO  metrics.RatisMetrics (RatisMetrics.java:unregister(43)) - Unregistering Metrics Registry : ratis.server.b539c339-7771-4951-b0e8-e5cec13be09d@group-6017CBF3A321
2020-07-21 10:23:04,171 [Listener at 127.0.0.1/37905] INFO  impl.StateMachineUpdater (StateMachineUpdater.java:stopAndJoin(142)) - b539c339-7771-4951-b0e8-e5cec13be09d@group-6017CBF3A321-StateMachineUpdater: set stopIndex = 0
2020-07-21 10:23:04,170 [ForkJoinPool.commonPool-worker-0] INFO  segmented.SegmentedRaftLogWorker (SegmentedRaftLogWorker.java:close(234)) - c07c5c06-eb2e-4fff-9225-845a4954e246@group-CC3D97C0F88D-SegmentedRaftLogWorker close()
2020-07-21 10:23:04,171 [b539c339-7771-4951-b0e8-e5cec13be09d@group-6017CBF3A321-StateMachineUpdater] INFO  ratis.ContainerStateMachine (ContainerStateMachine.java:takeSnapshot(293)) - group-6017CBF3A321: Taking a snapshot at:(t:1, i:0) file /github/workspace/mnt/ozone/hadoop-ozone/integration-test/target/test-dir/MiniOzoneClusterImpl-26aa3f93-67e0-4cbe-8624-cf0efb7a6165/datanode-5/data/ratis/a3e31c5c-04bd-49a1-9d1d-6017cbf3a321/sm/snapshot.1_0
2020-07-21 10:23:04,172 [b539c339-7771-4951-b0e8-e5cec13be09d@group-6017CBF3A321-StateMachineUpdater] INFO  ratis.ContainerStateMachine (ContainerStateMachine.java:takeSnapshot(304)) - group-6017CBF3A321: Finished taking a snapshot at:(t:1, i:0) file:/github/workspace/mnt/ozone/hadoop-ozone/integration-test/target/test-dir/MiniOzoneClusterImpl-26aa3f93-67e0-4cbe-8624-cf0efb7a6165/datanode-5/data/ratis/a3e31c5c-04bd-49a1-9d1d-6017cbf3a321/sm/snapshot.1_0 time:1
2020-07-21 10:23:04,172 [b539c339-7771-4951-b0e8-e5cec13be09d@group-6017CBF3A321-StateMachineUpdater] INFO  impl.StateMachineUpdater (StateMachineUpdater.java:takeSnapshot(277)) - b539c339-7771-4951-b0e8-e5cec13be09d@group-6017CBF3A321-StateMachineUpdater: Took a snapshot at index 0
2020-07-21 10:23:04,172 [b539c339-7771-4951-b0e8-e5cec13be09d@group-6017CBF3A321-StateMachineUpdater] INFO  impl.StateMachineUpdater (StateMachineUpdater.java:lambda$new$0(87)) - b539c339-7771-4951-b0e8-e5cec13be09d@group-6017CBF3A321-StateMachineUpdater: snapshotIndex: updateIncreasingly -1 -> 0
2020-07-21 10:23:04,172 [b539c339-7771-4951-b0e8-e5cec13be09d@group-6017CBF3A321-StateMachineUpdater] INFO  metrics.RatisMetrics (RatisMetrics.java:unregister(43)) - Unregistering Metrics Registry : ratis.state_machine.b539c339-7771-4951-b0e8-e5cec13be09d@group-6017CBF3A321
2020-07-21 10:23:04,173 [Listener at 127.0.0.1/37905] INFO  impl.RaftServerImpl (ServerState.java:close(387)) - b539c339-7771-4951-b0e8-e5cec13be09d@group-6017CBF3A321: closes. applyIndex: 0
2020-07-21 10:23:04,173 [ForkJoinPool.commonPool-worker-0] INFO  metrics.RatisMetrics (RatisMetrics.java:unregister(43)) - Unregistering Metrics Registry : ratis.log_worker.c07c5c06-eb2e-4fff-9225-845a4954e246@group-CC3D97C0F88D
2020-07-21 10:23:04,173 [b539c339-7771-4951-b0e8-e5cec13be09d@group-6017CBF3A321-SegmentedRaftLogWorker] INFO  segmented.SegmentedRaftLogWorker (SegmentedRaftLogWorker.java:run(327)) - b539c339-7771-4951-b0e8-e5cec13be09d@group-6017CBF3A321-SegmentedRaftLogWorker was interrupted, exiting. There are 0 tasks remaining in the queue.
2020-07-21 10:23:04,174 [ForkJoinPool.commonPool-worker-0] INFO  metrics.RatisMetrics (RatisMetrics.java:unregister(43)) - Unregistering Metrics Registry : ratis.leader_election.c07c5c06-eb2e-4fff-9225-845a4954e246@group-CC3D97C0F88D
2020-07-21 10:23:04,174 [ForkJoinPool.commonPool-worker-0] INFO  metrics.RatisMetrics (RatisMetrics.java:unregister(43)) - Unregistering Metrics Registry : ratis.server.c07c5c06-eb2e-4fff-9225-845a4954e246@group-CC3D97C0F88D
2020-07-21 10:23:04,174 [ForkJoinPool.commonPool-worker-0] INFO  impl.RaftServerImpl (RaftServerImpl.java:lambda$shutdown$3(263)) - c07c5c06-eb2e-4fff-9225-845a4954e246@group-5CC394ACB85F: shutdown
2020-07-21 10:23:04,174 [ForkJoinPool.commonPool-worker-0] INFO  util.JmxRegister (JmxRegister.java:unregister(73)) - Successfully un-registered JMX Bean with object name Ratis:service=RaftServer,group=group-5CC394ACB85F,id=c07c5c06-eb2e-4fff-9225-845a4954e246
2020-07-21 10:23:04,174 [ForkJoinPool.commonPool-worker-0] INFO  impl.RoleInfo (RoleInfo.java:shutdownLeaderState(104)) - c07c5c06-eb2e-4fff-9225-845a4954e246: shutdown LeaderState
2020-07-21 10:23:04,174 [ForkJoinPool.commonPool-worker-0] INFO  metrics.RatisMetrics (RatisMetrics.java:unregister(43)) - Unregistering Metrics Registry : ratis_grpc.log_appender.c07c5c06-eb2e-4fff-9225-845a4954e246@group-5CC394ACB85F
2020-07-21 10:23:04,175 [ForkJoinPool.commonPool-worker-0] INFO  metrics.RatisMetrics (RatisMetrics.java:unregister(43)) - Unregistering Metrics Registry : ratis_grpc.log_appender.c07c5c06-eb2e-4fff-9225-845a4954e246@group-5CC394ACB85F
2020-07-21 10:23:04,175 [ForkJoinPool.commonPool-worker-0] INFO  impl.PendingRequests (PendingRequests.java:sendNotLeaderResponses(249)) - c07c5c06-eb2e-4fff-9225-845a4954e246@group-5CC394ACB85F-PendingRequests: sendNotLeaderResponses
2020-07-21 10:23:04,175 [org.apache.ratis.server.impl.LogAppender$AppenderDaemon$$Lambda$473/327584033@3ee45896] WARN  server.GrpcLogAppender (GrpcLogAppender.java:mayWait(153)) - c07c5c06-eb2e-4fff-9225-845a4954e246@group-5CC394ACB85F->b539c339-7771-4951-b0e8-e5cec13be09d-GrpcLogAppender: Wait interrupted by java.lang.InterruptedException
2020-07-21 10:23:04,175 [org.apache.ratis.server.impl.LogAppender$AppenderDaemon$$Lambda$473/327584033@3886115d] WARN  server.GrpcLogAppender (GrpcLogAppender.java:mayWait(153)) - c07c5c06-eb2e-4fff-9225-845a4954e246@group-5CC394ACB85F->73f9b6d6-78ac-4cc6-953d-c7a8a2f9ddd0-GrpcLogAppender: Wait interrupted by java.lang.InterruptedException
2020-07-21 10:23:04,176 [grpc-default-executor-1] INFO  server.GrpcServerProtocolService (GrpcServerProtocolService.java:onCompleted(138)) - b539c339-7771-4951-b0e8-e5cec13be09d: Completed APPEND_ENTRIES, lastRequest: c07c5c06-eb2e-4fff-9225-845a4954e246->b539c339-7771-4951-b0e8-e5cec13be09d#3-t1, previous=(t:1, i:1), leaderCommit=1, initializing? false, entries: size=1, first=(t:1, i:2), METADATAENTRY(c:1)
2020-07-21 10:23:04,177 [Listener at 127.0.0.1/37905] INFO  segmented.SegmentedRaftLogWorker (SegmentedRaftLogWorker.java:close(234)) - b539c339-7771-4951-b0e8-e5cec13be09d@group-6017CBF3A321-SegmentedRaftLogWorker close()
2020-07-21 10:23:04,180 [grpc-default-executor-1] INFO  server.GrpcLogAppender (GrpcLogAppender.java:onCompleted(319)) - c07c5c06-eb2e-4fff-9225-845a4954e246@group-5CC394ACB85F->b539c339-7771-4951-b0e8-e5cec13be09d-AppendLogResponseHandler: follower responses appendEntries COMPLETED
2020-07-21 10:23:04,181 [Listener at 127.0.0.1/37905] INFO  metrics.RatisMetrics (RatisMetrics.java:unregister(43)) - Unregistering Metrics Registry : ratis.log_worker.b539c339-7771-4951-b0e8-e5cec13be09d@group-6017CBF3A321
2020-07-21 10:23:04,181 [Listener at 127.0.0.1/37905] INFO  metrics.RatisMetrics (RatisMetrics.java:unregister(43)) - Unregistering Metrics Registry : ratis.leader_election.b539c339-7771-4951-b0e8-e5cec13be09d@group-6017CBF3A321
2020-07-21 10:23:04,182 [Listener at 127.0.0.1/37905] INFO  metrics.RatisMetrics (RatisMetrics.java:unregister(43)) - Unregistering Metrics Registry : ratis.server.b539c339-7771-4951-b0e8-e5cec13be09d@group-6017CBF3A321
2020-07-21 10:23:04,182 [Listener at 127.0.0.1/37905] INFO  server.GrpcService (GrpcService.java:closeImpl(166)) - b539c339-7771-4951-b0e8-e5cec13be09d: shutdown server with port 35681 now
2020-07-21 10:23:04,182 [ForkJoinPool.commonPool-worker-0] INFO  metrics.RatisMetrics (RatisMetrics.java:unregister(43)) - Unregistering Metrics Registry : ratis.log_appender.c07c5c06-eb2e-4fff-9225-845a4954e246@group-5CC394ACB85F
2020-07-21 10:23:04,182 [ForkJoinPool.commonPool-worker-0] INFO  metrics.RatisMetrics (RatisMetrics.java:unregister(43)) - Unregistering Metrics Registry : ratis.server.c07c5c06-eb2e-4fff-9225-845a4954e246@group-5CC394ACB85F
2020-07-21 10:23:04,183 [c07c5c06-eb2e-4fff-9225-845a4954e246@group-5CC394ACB85F-StateMachineUpdater] INFO  ratis.ContainerStateMachine (ContainerStateMachine.java:takeSnapshot(293)) - group-5CC394ACB85F: Taking a snapshot at:(t:1, i:2) file /github/workspace/mnt/ozone/hadoop-ozone/integration-test/target/test-dir/MiniOzoneClusterImpl-26aa3f93-67e0-4cbe-8624-cf0efb7a6165/datanode-3/data/ratis/c5e9f63b-de00-4a03-a3d7-5cc394acb85f/sm/snapshot.1_2
2020-07-21 10:23:04,183 [ForkJoinPool.commonPool-worker-0] INFO  impl.StateMachineUpdater (StateMachineUpdater.java:stopAndJoin(142)) - c07c5c06-eb2e-4fff-9225-845a4954e246@group-5CC394ACB85F-StateMachineUpdater: set stopIndex = 2
2020-07-21 10:23:04,184 [c07c5c06-eb2e-4fff-9225-845a4954e246@group-5CC394ACB85F-StateMachineUpdater] INFO  ratis.ContainerStateMachine (ContainerStateMachine.java:takeSnapshot(304)) - group-5CC394ACB85F: Finished taking a snapshot at:(t:1, i:2) file:/github/workspace/mnt/ozone/hadoop-ozone/integration-test/target/test-dir/MiniOzoneClusterImpl-26aa3f93-67e0-4cbe-8624-cf0efb7a6165/datanode-3/data/ratis/c5e9f63b-de00-4a03-a3d7-5cc394acb85f/sm/snapshot.1_2 time:1
2020-07-21 10:23:04,184 [c07c5c06-eb2e-4fff-9225-845a4954e246@group-5CC394ACB85F-StateMachineUpdater] INFO  impl.StateMachineUpdater (StateMachineUpdater.java:takeSnapshot(277)) - c07c5c06-eb2e-4fff-9225-845a4954e246@group-5CC394ACB85F-StateMachineUpdater: Took a snapshot at index 2
2020-07-21 10:23:04,184 [c07c5c06-eb2e-4fff-9225-845a4954e246@group-5CC394ACB85F-StateMachineUpdater] INFO  impl.StateMachineUpdater (StateMachineUpdater.java:lambda$new$0(87)) - c07c5c06-eb2e-4fff-9225-845a4954e246@group-5CC394ACB85F-StateMachineUpdater: snapshotIndex: updateIncreasingly -1 -> 2
2020-07-21 10:23:04,184 [c07c5c06-eb2e-4fff-9225-845a4954e246@group-5CC394ACB85F-StateMachineUpdater] INFO  metrics.RatisMetrics (RatisMetrics.java:unregister(43)) - Unregistering Metrics Registry : ratis.state_machine.c07c5c06-eb2e-4fff-9225-845a4954e246@group-5CC394ACB85F
2020-07-21 10:23:04,184 [grpc-default-executor-1] INFO  impl.FollowerInfo (FollowerInfo.java:lambda$new$0(51)) - c07c5c06-eb2e-4fff-9225-845a4954e246@group-5CC394ACB85F->b539c339-7771-4951-b0e8-e5cec13be09d: nextIndex: updateUnconditionally 3 -> 2
2020-07-21 10:23:04,185 [ForkJoinPool.commonPool-worker-0] INFO  impl.RaftServerImpl (ServerState.java:close(387)) - c07c5c06-eb2e-4fff-9225-845a4954e246@group-5CC394ACB85F: closes. applyIndex: 2
2020-07-21 10:23:04,185 [c07c5c06-eb2e-4fff-9225-845a4954e246@group-5CC394ACB85F-SegmentedRaftLogWorker] INFO  segmented.SegmentedRaftLogWorker (SegmentedRaftLogWorker.java:run(327)) - c07c5c06-eb2e-4fff-9225-845a4954e246@group-5CC394ACB85F-SegmentedRaftLogWorker was interrupted, exiting. There are 0 tasks remaining in the queue.
2020-07-21 10:23:04,189 [ForkJoinPool.commonPool-worker-0] INFO  segmented.SegmentedRaftLogWorker (SegmentedRaftLogWorker.java:close(234)) - c07c5c06-eb2e-4fff-9225-845a4954e246@group-5CC394ACB85F-SegmentedRaftLogWorker close()
2020-07-21 10:23:04,191 [ForkJoinPool.commonPool-worker-0] INFO  metrics.RatisMetrics (RatisMetrics.java:unregister(43)) - Unregistering Metrics Registry : ratis.log_worker.c07c5c06-eb2e-4fff-9225-845a4954e246@group-5CC394ACB85F
2020-07-21 10:23:04,191 [ForkJoinPool.commonPool-worker-0] INFO  metrics.RatisMetrics (RatisMetrics.java:unregister(43)) - Unregistering Metrics Registry : ratis.leader_election.c07c5c06-eb2e-4fff-9225-845a4954e246@group-5CC394ACB85F
2020-07-21 10:23:04,191 [ForkJoinPool.commonPool-worker-0] INFO  metrics.RatisMetrics (RatisMetrics.java:unregister(43)) - Unregistering Metrics Registry : ratis.server.c07c5c06-eb2e-4fff-9225-845a4954e246@group-5CC394ACB85F
2020-07-21 10:23:04,191 [ForkJoinPool.commonPool-worker-0] INFO  server.GrpcService (GrpcService.java:closeImpl(166)) - c07c5c06-eb2e-4fff-9225-845a4954e246: shutdown server with port 39799 now
2020-07-21 10:23:04,191 [Listener at 127.0.0.1/37905] INFO  server.GrpcService (GrpcService.java:closeImpl(174)) - b539c339-7771-4951-b0e8-e5cec13be09d: shutdown server with port 35681 successfully
2020-07-21 10:23:04,193 [ForkJoinPool.commonPool-worker-0] INFO  server.GrpcService (GrpcService.java:closeImpl(174)) - c07c5c06-eb2e-4fff-9225-845a4954e246: shutdown server with port 39799 successfully
2020-07-21 10:23:04,193 [Listener at 127.0.0.1/37905] INFO  utils.BackgroundService (BackgroundService.java:shutdown(157)) - Shutting down service BlockDeletingService
2020-07-21 10:23:04,194 [ForkJoinPool.commonPool-worker-0] INFO  utils.BackgroundService (BackgroundService.java:shutdown(157)) - Shutting down service BlockDeletingService
2020-07-21 10:23:04,196 [Listener at 127.0.0.1/37905] INFO  statemachine.DatanodeStateMachine (DatanodeStateMachine.java:stopDaemon(428)) - Ozone container server stopped.
2020-07-21 10:23:04,196 [ForkJoinPool.commonPool-worker-0] INFO  statemachine.DatanodeStateMachine (DatanodeStateMachine.java:stopDaemon(428)) - Ozone container server stopped.
2020-07-21 10:23:04,207 [ForkJoinPool.commonPool-worker-0] INFO  handler.ContextHandler (ContextHandler.java:doStop(1016)) - Stopped o.e.j.w.WebAppContext@39eab380{hddsDatanode,/,null,UNAVAILABLE}{jar:file:/home/user/.m2/repository/org/apache/hadoop/hadoop-hdds-container-service/0.6.0-SNAPSHOT/hadoop-hdds-container-service-0.6.0-SNAPSHOT.jar!/webapps/hddsDatanode}
2020-07-21 10:23:04,209 [Listener at 127.0.0.1/37905] INFO  handler.ContextHandler (ContextHandler.java:doStop(1016)) - Stopped o.e.j.w.WebAppContext@79ed43f8{hddsDatanode,/,null,UNAVAILABLE}{jar:file:/home/user/.m2/repository/org/apache/hadoop/hadoop-hdds-container-service/0.6.0-SNAPSHOT/hadoop-hdds-container-service-0.6.0-SNAPSHOT.jar!/webapps/hddsDatanode}
2020-07-21 10:23:04,209 [ForkJoinPool.commonPool-worker-0] INFO  server.AbstractConnector (AbstractConnector.java:doStop(380)) - Stopped ServerConnector@647b7f63{HTTP/1.1,[http/1.1]}{0.0.0.0:0}
2020-07-21 10:23:04,209 [ForkJoinPool.commonPool-worker-0] INFO  server.session (HouseKeeper.java:stopScavenging(158)) - node0 Stopped scavenging
2020-07-21 10:23:04,209 [Listener at 127.0.0.1/37905] INFO  server.AbstractConnector (AbstractConnector.java:doStop(380)) - Stopped ServerConnector@5ecad860{HTTP/1.1,[http/1.1]}{0.0.0.0:0}
2020-07-21 10:23:04,210 [Listener at 127.0.0.1/37905] INFO  server.session (HouseKeeper.java:stopScavenging(158)) - node0 Stopped scavenging
2020-07-21 10:23:04,210 [ForkJoinPool.commonPool-worker-0] INFO  handler.ContextHandler (ContextHandler.java:doStop(1016)) - Stopped o.e.j.s.ServletContextHandler@7dfe23c2{static,/static,jar:file:/home/user/.m2/repository/org/apache/hadoop/hadoop-hdds-container-service/0.6.0-SNAPSHOT/hadoop-hdds-container-service-0.6.0-SNAPSHOT.jar!/webapps/static,UNAVAILABLE}
2020-07-21 10:23:04,211 [ForkJoinPool.commonPool-worker-0] INFO  handler.ContextHandler (ContextHandler.java:doStop(1016)) - Stopped o.e.j.s.ServletContextHandler@789f27e5{logs,/logs,file:///github/workspace/mnt/ozone/hadoop-ozone/integration-test/target/log,UNAVAILABLE}
2020-07-21 10:23:04,212 [Listener at 127.0.0.1/37905] INFO  handler.ContextHandler (ContextHandler.java:doStop(1016)) - Stopped o.e.j.s.ServletContextHandler@5c512d91{static,/static,jar:file:/home/user/.m2/repository/org/apache/hadoop/hadoop-hdds-container-service/0.6.0-SNAPSHOT/hadoop-hdds-container-service-0.6.0-SNAPSHOT.jar!/webapps/static,UNAVAILABLE}
2020-07-21 10:23:04,214 [Listener at 127.0.0.1/37905] INFO  handler.ContextHandler (ContextHandler.java:doStop(1016)) - Stopped o.e.j.s.ServletContextHandler@30082a5e{logs,/logs,file:///github/workspace/mnt/ozone/hadoop-ozone/integration-test/target/log,UNAVAILABLE}
2020-07-21 10:23:04,918 [Datanode State Machine Thread - 0] INFO  statemachine.DatanodeStateMachine (DatanodeStateMachine.java:lambda$startDaemon$0(380)) - Ozone container server started.
2020-07-21 10:23:05,090 [Datanode State Machine Thread - 0] INFO  statemachine.DatanodeStateMachine (DatanodeStateMachine.java:lambda$startDaemon$0(380)) - Ozone container server started.
2020-07-21 10:23:08,286 [Thread-1740] INFO  impl.FollowerState (FollowerState.java:run(108)) - f358e290-f705-4636-941e-77012e86de6c@group-961DFA348BC2-FollowerState: change to CANDIDATE, lastRpcTime:10087ms, electionTimeout:5042ms
2020-07-21 10:23:08,286 [Thread-1740] INFO  impl.RoleInfo (RoleInfo.java:shutdownFollowerState(121)) - f358e290-f705-4636-941e-77012e86de6c: shutdown FollowerState
2020-07-21 10:23:08,286 [Thread-1740] INFO  impl.RaftServerImpl (RaftServerImpl.java:setRole(185)) - f358e290-f705-4636-941e-77012e86de6c@group-961DFA348BC2: changes role from  FOLLOWER to CANDIDATE at term 2 for changeToCandidate
2020-07-21 10:23:08,286 [Thread-1740] INFO  impl.RoleInfo (RoleInfo.java:updateAndGet(143)) - f358e290-f705-4636-941e-77012e86de6c: start LeaderElection
2020-07-21 10:23:08,287 [f358e290-f705-4636-941e-77012e86de6c@group-961DFA348BC2-LeaderElection59] INFO  impl.RaftServerImpl (ServerState.java:setLeader(255)) - f358e290-f705-4636-941e-77012e86de6c@group-961DFA348BC2: change Leader from cb99a555-5d60-49aa-ac43-e029c79e7f63 to null at term 2 for initElection
2020-07-21 10:23:08,288 [f358e290-f705-4636-941e-77012e86de6c@group-961DFA348BC2-LeaderElection59] INFO  impl.LeaderElection (LeaderElection.java:askForVotes(209)) - f358e290-f705-4636-941e-77012e86de6c@group-961DFA348BC2-LeaderElection59: begin an election at term 3 for 0: [cb99a555-5d60-49aa-ac43-e029c79e7f63:172.17.0.2:44593, f358e290-f705-4636-941e-77012e86de6c:172.17.0.2:46351, 51d43626-bb24-4602-b224-4a15530a8e55:172.17.0.2:44023], old=null
2020-07-21 10:23:08,294 [grpc-default-executor-2] INFO  impl.RaftServerImpl (ServerState.java:setLeader(255)) - 51d43626-bb24-4602-b224-4a15530a8e55@group-961DFA348BC2: change Leader from cb99a555-5d60-49aa-ac43-e029c79e7f63 to null at term 3 for updateCurrentTerm
2020-07-21 10:23:08,294 [grpc-default-executor-2] INFO  impl.RaftServerImpl (RaftServerImpl.java:setRole(185)) - 51d43626-bb24-4602-b224-4a15530a8e55@group-961DFA348BC2: changes role from  FOLLOWER to FOLLOWER at term 3 for recognizeCandidate:f358e290-f705-4636-941e-77012e86de6c
2020-07-21 10:23:08,294 [grpc-default-executor-2] INFO  impl.RoleInfo (RoleInfo.java:shutdownFollowerState(121)) - 51d43626-bb24-4602-b224-4a15530a8e55: shutdown FollowerState
2020-07-21 10:23:08,294 [grpc-default-executor-2] INFO  impl.RoleInfo (RoleInfo.java:updateAndGet(143)) - 51d43626-bb24-4602-b224-4a15530a8e55: start FollowerState
2020-07-21 10:23:08,294 [Thread-1741] INFO  impl.FollowerState (FollowerState.java:run(117)) - 51d43626-bb24-4602-b224-4a15530a8e55@group-961DFA348BC2-FollowerState was interrupted: java.lang.InterruptedException: sleep interrupted
2020-07-21 10:23:08,297 [f358e290-f705-4636-941e-77012e86de6c@group-961DFA348BC2-LeaderElection59] INFO  impl.LeaderElection (LogUtils.java:infoOrTrace(137)) - f358e290-f705-4636-941e-77012e86de6c@group-961DFA348BC2-LeaderElection59 got exception when requesting votes: java.util.concurrent.ExecutionException: org.apache.ratis.thirdparty.io.grpc.StatusRuntimeException: UNAVAILABLE: io exception
2020-07-21 10:23:08,298 [f358e290-f705-4636-941e-77012e86de6c@group-961DFA348BC2-LeaderElection59] INFO  impl.LeaderElection (LeaderElection.java:logAndReturn(61)) - f358e290-f705-4636-941e-77012e86de6c@group-961DFA348BC2-LeaderElection59: Election PASSED; received 1 response(s) [f358e290-f705-4636-941e-77012e86de6c<-51d43626-bb24-4602-b224-4a15530a8e55#0:OK-t3] and 1 exception(s); f358e290-f705-4636-941e-77012e86de6c@group-961DFA348BC2:t3, leader=null, voted=f358e290-f705-4636-941e-77012e86de6c, raftlog=f358e290-f705-4636-941e-77012e86de6c@group-961DFA348BC2-SegmentedRaftLog:OPENED:c0,f0,i0, conf=0: [cb99a555-5d60-49aa-ac43-e029c79e7f63:172.17.0.2:44593, f358e290-f705-4636-941e-77012e86de6c:172.17.0.2:46351, 51d43626-bb24-4602-b224-4a15530a8e55:172.17.0.2:44023], old=null
2020-07-21 10:23:08,298 [f358e290-f705-4636-941e-77012e86de6c@group-961DFA348BC2-LeaderElection59] INFO  impl.LeaderElection (LogUtils.java:infoOrTrace(137)) -   Exception 0: java.util.concurrent.ExecutionException: org.apache.ratis.thirdparty.io.grpc.StatusRuntimeException: UNAVAILABLE: io exception
2020-07-21 10:23:08,298 [f358e290-f705-4636-941e-77012e86de6c@group-961DFA348BC2-LeaderElection59] INFO  impl.RoleInfo (RoleInfo.java:shutdownLeaderElection(134)) - f358e290-f705-4636-941e-77012e86de6c: shutdown LeaderElection
2020-07-21 10:23:08,298 [f358e290-f705-4636-941e-77012e86de6c@group-961DFA348BC2-LeaderElection59] INFO  impl.RaftServerImpl (RaftServerImpl.java:setRole(185)) - f358e290-f705-4636-941e-77012e86de6c@group-961DFA348BC2: changes role from CANDIDATE to LEADER at term 3 for changeToLeader
2020-07-21 10:23:08,298 [f358e290-f705-4636-941e-77012e86de6c@group-961DFA348BC2-LeaderElection59] INFO  ratis.XceiverServerRatis (XceiverServerRatis.java:handleLeaderChangedNotification(820)) - Leader change notification received for group: group-961DFA348BC2 with new leaderId: f358e290-f705-4636-941e-77012e86de6c
2020-07-21 10:23:08,298 [f358e290-f705-4636-941e-77012e86de6c@group-961DFA348BC2-LeaderElection59] INFO  impl.RaftServerImpl (ServerState.java:setLeader(255)) - f358e290-f705-4636-941e-77012e86de6c@group-961DFA348BC2: change Leader from null to f358e290-f705-4636-941e-77012e86de6c at term 3 for becomeLeader, leader elected after 11ms
2020-07-21 10:23:08,298 [f358e290-f705-4636-941e-77012e86de6c@group-961DFA348BC2-LeaderElection59] INFO  server.RaftServerConfigKeys (ConfUtils.java:logGet(44)) - raft.server.staging.catchup.gap = 1000 (default)
2020-07-21 10:23:08,298 [f358e290-f705-4636-941e-77012e86de6c@group-961DFA348BC2-LeaderElection59] INFO  server.RaftServerConfigKeys (ConfUtils.java:logGet(44)) - raft.server.rpc.sleep.time = 25ms (default)
2020-07-21 10:23:08,298 [f358e290-f705-4636-941e-77012e86de6c@group-961DFA348BC2-LeaderElection59] INFO  metrics.RatisMetrics (RatisMetrics.java:lambda$create$0(36)) - Creating Metrics Registry : ratis.log_appender.f358e290-f705-4636-941e-77012e86de6c@group-961DFA348BC2
2020-07-21 10:23:08,298 [f358e290-f705-4636-941e-77012e86de6c@group-961DFA348BC2-LeaderElection59] INFO  server.RaftServerConfigKeys (ConfUtils.java:logGet(44)) - raft.server.write.element-limit = 1024 (custom)
2020-07-21 10:23:08,298 [f358e290-f705-4636-941e-77012e86de6c@group-961DFA348BC2-LeaderElection59] INFO  server.RaftServerConfigKeys (ConfUtils.java:logGet(44)) - raft.server.write.byte-limit = 1073741824 (custom)
2020-07-21 10:23:08,299 [f358e290-f705-4636-941e-77012e86de6c@group-961DFA348BC2-LeaderElection59] INFO  server.RaftServerConfigKeys (ConfUtils.java:logGet(44)) - raft.server.watch.timeout = 3000ms (custom)
2020-07-21 10:23:08,299 [f358e290-f705-4636-941e-77012e86de6c@group-961DFA348BC2-LeaderElection59] INFO  server.RaftServerConfigKeys (ConfUtils.java:logGet(44)) - raft.server.watch.timeout.denomination = 1s (default)
2020-07-21 10:23:08,299 [f358e290-f705-4636-941e-77012e86de6c@group-961DFA348BC2-LeaderElection59] INFO  server.RaftServerConfigKeys (ConfUtils.java:logGet(44)) - raft.server.watch.element-limit = 65536 (default)
2020-07-21 10:23:08,299 [f358e290-f705-4636-941e-77012e86de6c@group-961DFA348BC2-LeaderElection59] INFO  server.RaftServerConfigKeys (ConfUtils.java:logGet(44)) - raft.server.log.appender.snapshot.chunk.size.max = 16MB (=16777216) (default)
2020-07-21 10:23:08,299 [f358e290-f705-4636-941e-77012e86de6c@group-961DFA348BC2-LeaderElection59] INFO  server.RaftServerConfigKeys (ConfUtils.java:logGet(44)) - raft.server.log.appender.buffer.byte-limit = 33554432 (custom)
2020-07-21 10:23:08,299 [f358e290-f705-4636-941e-77012e86de6c@group-961DFA348BC2-LeaderElection59] INFO  server.RaftServerConfigKeys (ConfUtils.java:logGet(44)) - raft.server.log.appender.buffer.element-limit = 1 (custom)
2020-07-21 10:23:08,299 [f358e290-f705-4636-941e-77012e86de6c@group-961DFA348BC2-LeaderElection59] INFO  grpc.GrpcConfigKeys (ConfUtils.java:logGet(44)) - raft.grpc.server.leader.outstanding.appends.max = 128 (default)
2020-07-21 10:23:08,299 [f358e290-f705-4636-941e-77012e86de6c@group-961DFA348BC2-LeaderElection59] INFO  server.RaftServerConfigKeys (ConfUtils.java:logGet(44)) - raft.server.rpc.request.timeout = 3000ms (default)
2020-07-21 10:23:08,299 [f358e290-f705-4636-941e-77012e86de6c@group-961DFA348BC2-LeaderElection59] INFO  server.RaftServerConfigKeys (ConfUtils.java:logGet(44)) - raft.server.log.appender.install.snapshot.enabled = false (custom)
2020-07-21 10:23:08,300 [f358e290-f705-4636-941e-77012e86de6c@group-961DFA348BC2-LeaderElection59] INFO  metrics.RatisMetrics (RatisMetrics.java:lambda$create$0(36)) - Creating Metrics Registry : ratis_grpc.log_appender.f358e290-f705-4636-941e-77012e86de6c@group-961DFA348BC2
2020-07-21 10:23:08,301 [EventQueue-PipelineReportForPipelineReportHandler] INFO  pipeline.PipelineStateManager (PipelineStateManager.java:openPipeline(131)) - Pipeline Pipeline[ Id: c07308eb-0ade-4505-8c4f-961dfa348bc2, Nodes: cb99a555-5d60-49aa-ac43-e029c79e7f63{ip: 172.17.0.2, host: f401945b6f42, networkLocation: /default-rack, certSerialId: null}51d43626-bb24-4602-b224-4a15530a8e55{ip: 172.17.0.2, host: f401945b6f42, networkLocation: /default-rack, certSerialId: null}f358e290-f705-4636-941e-77012e86de6c{ip: 172.17.0.2, host: f401945b6f42, networkLocation: /default-rack, certSerialId: null}, Type:RATIS, Factor:THREE, State:ALLOCATED, leaderId:f358e290-f705-4636-941e-77012e86de6c, CreationTimestamp2020-07-21T10:22:45.188Z] moved to OPEN state
2020-07-21 10:23:08,302 [f358e290-f705-4636-941e-77012e86de6c@group-961DFA348BC2-LeaderElection59] INFO  server.RaftServerConfigKeys (ConfUtils.java:logGet(44)) - raft.server.log.appender.snapshot.chunk.size.max = 16MB (=16777216) (default)
2020-07-21 10:23:08,303 [f358e290-f705-4636-941e-77012e86de6c@group-961DFA348BC2-LeaderElection59] INFO  server.RaftServerConfigKeys (ConfUtils.java:logGet(44)) - raft.server.log.appender.buffer.byte-limit = 33554432 (custom)
2020-07-21 10:23:08,303 [f358e290-f705-4636-941e-77012e86de6c@group-961DFA348BC2-LeaderElection59] INFO  server.RaftServerConfigKeys (ConfUtils.java:logGet(44)) - raft.server.log.appender.buffer.element-limit = 1 (custom)
2020-07-21 10:23:08,303 [f358e290-f705-4636-941e-77012e86de6c@group-961DFA348BC2-LeaderElection59] INFO  grpc.GrpcConfigKeys (ConfUtils.java:logGet(44)) - raft.grpc.server.leader.outstanding.appends.max = 128 (default)
2020-07-21 10:23:08,303 [f358e290-f705-4636-941e-77012e86de6c@group-961DFA348BC2-LeaderElection59] INFO  server.RaftServerConfigKeys (ConfUtils.java:logGet(44)) - raft.server.rpc.request.timeout = 3000ms (default)
2020-07-21 10:23:08,303 [f358e290-f705-4636-941e-77012e86de6c@group-961DFA348BC2-LeaderElection59] INFO  server.RaftServerConfigKeys (ConfUtils.java:logGet(44)) - raft.server.log.appender.install.snapshot.enabled = false (custom)
2020-07-21 10:23:08,305 [f358e290-f705-4636-941e-77012e86de6c@group-961DFA348BC2-LeaderElection59] INFO  impl.RoleInfo (RoleInfo.java:updateAndGet(143)) - f358e290-f705-4636-941e-77012e86de6c: start LeaderState
2020-07-21 10:23:08,305 [f358e290-f705-4636-941e-77012e86de6c@group-961DFA348BC2-LeaderElection59] INFO  segmented.SegmentedRaftLogWorker (SegmentedRaftLogWorker.java:rollLogSegment(402)) - f358e290-f705-4636-941e-77012e86de6c@group-961DFA348BC2-SegmentedRaftLogWorker: Rolling segment log-0_0 to index:0
2020-07-21 10:23:08,306 [f358e290-f705-4636-941e-77012e86de6c@group-961DFA348BC2-SegmentedRaftLogWorker] INFO  segmented.SegmentedRaftLogWorker (SegmentedRaftLogWorker.java:execute(553)) - f358e290-f705-4636-941e-77012e86de6c@group-961DFA348BC2-SegmentedRaftLogWorker: Rolled log segment from /github/workspace/mnt/ozone/hadoop-ozone/integration-test/target/test-dir/MiniOzoneClusterImpl-26aa3f93-67e0-4cbe-8624-cf0efb7a6165/datanode-1/data/ratis/c07308eb-0ade-4505-8c4f-961dfa348bc2/current/log_inprogress_0 to /github/workspace/mnt/ozone/hadoop-ozone/integration-test/target/test-dir/MiniOzoneClusterImpl-26aa3f93-67e0-4cbe-8624-cf0efb7a6165/datanode-1/data/ratis/c07308eb-0ade-4505-8c4f-961dfa348bc2/current/log_0-0
2020-07-21 10:23:08,315 [f358e290-f705-4636-941e-77012e86de6c@group-961DFA348BC2-LeaderElection59] INFO  impl.RaftServerImpl (ServerState.java:setRaftConf(356)) - f358e290-f705-4636-941e-77012e86de6c@group-961DFA348BC2: set configuration 1: [cb99a555-5d60-49aa-ac43-e029c79e7f63:172.17.0.2:44593, f358e290-f705-4636-941e-77012e86de6c:172.17.0.2:46351, 51d43626-bb24-4602-b224-4a15530a8e55:172.17.0.2:44023], old=null at 1
2020-07-21 10:23:08,316 [f358e290-f705-4636-941e-77012e86de6c@group-961DFA348BC2-SegmentedRaftLogWorker] INFO  segmented.SegmentedRaftLogWorker (SegmentedRaftLogWorker.java:execute(596)) - f358e290-f705-4636-941e-77012e86de6c@group-961DFA348BC2-SegmentedRaftLogWorker: created new log segment /github/workspace/mnt/ozone/hadoop-ozone/integration-test/target/test-dir/MiniOzoneClusterImpl-26aa3f93-67e0-4cbe-8624-cf0efb7a6165/datanode-1/data/ratis/c07308eb-0ade-4505-8c4f-961dfa348bc2/current/log_inprogress_1
2020-07-21 10:23:08,317 [grpc-default-executor-2] WARN  server.GrpcLogAppender (LogUtils.java:warn(122)) - f358e290-f705-4636-941e-77012e86de6c@group-961DFA348BC2->cb99a555-5d60-49aa-ac43-e029c79e7f63-AppendLogResponseHandler: Failed appendEntries: org.apache.ratis.thirdparty.io.grpc.StatusRuntimeException: UNAVAILABLE: io exception
2020-07-21 10:23:08,320 [grpc-default-executor-0] INFO  ratis.XceiverServerRatis (XceiverServerRatis.java:handleLeaderChangedNotification(820)) - Leader change notification received for group: group-961DFA348BC2 with new leaderId: f358e290-f705-4636-941e-77012e86de6c
2020-07-21 10:23:08,320 [grpc-default-executor-0] INFO  impl.RaftServerImpl (ServerState.java:setLeader(255)) - 51d43626-bb24-4602-b224-4a15530a8e55@group-961DFA348BC2: change Leader from null to f358e290-f705-4636-941e-77012e86de6c at term 3 for appendEntries, leader elected after 25ms
2020-07-21 10:23:08,321 [grpc-default-executor-0] INFO  impl.RaftServerImpl (ServerState.java:setRaftConf(356)) - 51d43626-bb24-4602-b224-4a15530a8e55@group-961DFA348BC2: set configuration 1: [cb99a555-5d60-49aa-ac43-e029c79e7f63:172.17.0.2:44593, f358e290-f705-4636-941e-77012e86de6c:172.17.0.2:46351, 51d43626-bb24-4602-b224-4a15530a8e55:172.17.0.2:44023], old=null at 1
2020-07-21 10:23:08,321 [grpc-default-executor-0] INFO  segmented.SegmentedRaftLogWorker (SegmentedRaftLogWorker.java:rollLogSegment(402)) - 51d43626-bb24-4602-b224-4a15530a8e55@group-961DFA348BC2-SegmentedRaftLogWorker: Rolling segment log-0_0 to index:0
2020-07-21 10:23:08,322 [grpc-default-executor-2] INFO  impl.FollowerInfo (FollowerInfo.java:lambda$new$0(51)) - f358e290-f705-4636-941e-77012e86de6c@group-961DFA348BC2->cb99a555-5d60-49aa-ac43-e029c79e7f63: nextIndex: updateUnconditionally 2 -> 1
2020-07-21 10:23:08,323 [51d43626-bb24-4602-b224-4a15530a8e55@group-961DFA348BC2-SegmentedRaftLogWorker] INFO  segmented.SegmentedRaftLogWorker (SegmentedRaftLogWorker.java:execute(553)) - 51d43626-bb24-4602-b224-4a15530a8e55@group-961DFA348BC2-SegmentedRaftLogWorker: Rolled log segment from /github/workspace/mnt/ozone/hadoop-ozone/integration-test/target/test-dir/MiniOzoneClusterImpl-26aa3f93-67e0-4cbe-8624-cf0efb7a6165/datanode-0/data/ratis/c07308eb-0ade-4505-8c4f-961dfa348bc2/current/log_inprogress_0 to /github/workspace/mnt/ozone/hadoop-ozone/integration-test/target/test-dir/MiniOzoneClusterImpl-26aa3f93-67e0-4cbe-8624-cf0efb7a6165/datanode-0/data/ratis/c07308eb-0ade-4505-8c4f-961dfa348bc2/current/log_0-0
2020-07-21 10:23:08,324 [51d43626-bb24-4602-b224-4a15530a8e55@group-961DFA348BC2-SegmentedRaftLogWorker] INFO  segmented.SegmentedRaftLogWorker (SegmentedRaftLogWorker.java:execute(596)) - 51d43626-bb24-4602-b224-4a15530a8e55@group-961DFA348BC2-SegmentedRaftLogWorker: created new log segment /github/workspace/mnt/ozone/hadoop-ozone/integration-test/target/test-dir/MiniOzoneClusterImpl-26aa3f93-67e0-4cbe-8624-cf0efb7a6165/datanode-0/data/ratis/c07308eb-0ade-4505-8c4f-961dfa348bc2/current/log_inprogress_1
2020-07-21 10:23:08,329 [grpc-default-executor-0] WARN  server.GrpcLogAppender (LogUtils.java:warn(122)) - f358e290-f705-4636-941e-77012e86de6c@group-961DFA348BC2->cb99a555-5d60-49aa-ac43-e029c79e7f63-AppendLogResponseHandler: Failed appendEntries: org.apache.ratis.thirdparty.io.grpc.StatusRuntimeException: UNAVAILABLE: io exception
2020-07-21 10:23:08,335 [grpc-default-executor-0] INFO  impl.FollowerInfo (FollowerInfo.java:lambda$new$0(51)) - f358e290-f705-4636-941e-77012e86de6c@group-961DFA348BC2->cb99a555-5d60-49aa-ac43-e029c79e7f63: nextIndex: updateUnconditionally 2 -> 1
2020-07-21 10:23:08,338 [grpc-default-executor-2] WARN  server.GrpcLogAppender (LogUtils.java:warn(122)) - f358e290-f705-4636-941e-77012e86de6c@group-961DFA348BC2->cb99a555-5d60-49aa-ac43-e029c79e7f63-AppendLogResponseHandler: Failed appendEntries: org.apache.ratis.thirdparty.io.grpc.StatusRuntimeException: UNAVAILABLE: io exception
2020-07-21 10:23:08,338 [grpc-default-executor-2] INFO  impl.FollowerInfo (FollowerInfo.java:lambda$new$0(51)) - f358e290-f705-4636-941e-77012e86de6c@group-961DFA348BC2->cb99a555-5d60-49aa-ac43-e029c79e7f63: nextIndex: updateUnconditionally 2 -> 1
2020-07-21 10:23:09,215 [ForkJoinPool.commonPool-worker-0] INFO  ozoneimpl.OzoneContainer (OzoneContainer.java:stop(247)) - Attempting to stop container services.
2020-07-21 10:23:09,215 [ForkJoinPool.commonPool-worker-0] INFO  impl.RaftServerProxy (RaftServerProxy.java:lambda$close$4(319)) - 51d43626-bb24-4602-b224-4a15530a8e55: close
2020-07-21 10:23:09,215 [Listener at 127.0.0.1/37905] INFO  ozoneimpl.OzoneContainer (OzoneContainer.java:stop(247)) - Attempting to stop container services.
2020-07-21 10:23:09,215 [Listener at 127.0.0.1/37905] INFO  impl.RaftServerProxy (RaftServerProxy.java:lambda$close$4(319)) - dc1ecc86-b233-440d-8be3-38a10f678b98: close
2020-07-21 10:23:09,216 [Listener at 127.0.0.1/37905] INFO  impl.RaftServerImpl (RaftServerImpl.java:lambda$shutdown$3(263)) - dc1ecc86-b233-440d-8be3-38a10f678b98@group-0A936FAAD4A1: shutdown
2020-07-21 10:23:09,216 [Listener at 127.0.0.1/37905] INFO  util.JmxRegister (JmxRegister.java:unregister(73)) - Successfully un-registered JMX Bean with object name Ratis:service=RaftServer,group=group-0A936FAAD4A1,id=dc1ecc86-b233-440d-8be3-38a10f678b98
2020-07-21 10:23:09,216 [Listener at 127.0.0.1/37905] INFO  impl.RoleInfo (RoleInfo.java:shutdownLeaderState(104)) - dc1ecc86-b233-440d-8be3-38a10f678b98: shutdown LeaderState
2020-07-21 10:23:09,215 [ForkJoinPool.commonPool-worker-0] INFO  impl.RaftServerImpl (RaftServerImpl.java:lambda$shutdown$3(263)) - 51d43626-bb24-4602-b224-4a15530a8e55@group-961DFA348BC2: shutdown
2020-07-21 10:23:09,217 [ForkJoinPool.commonPool-worker-0] INFO  util.JmxRegister (JmxRegister.java:unregister(73)) - Successfully un-registered JMX Bean with object name Ratis:service=RaftServer,group=group-961DFA348BC2,id=51d43626-bb24-4602-b224-4a15530a8e55
2020-07-21 10:23:09,217 [ForkJoinPool.commonPool-worker-0] INFO  impl.RoleInfo (RoleInfo.java:shutdownFollowerState(121)) - 51d43626-bb24-4602-b224-4a15530a8e55: shutdown FollowerState
2020-07-21 10:23:09,217 [ForkJoinPool.commonPool-worker-0] INFO  impl.StateMachineUpdater (StateMachineUpdater.java:stopAndJoin(142)) - 51d43626-bb24-4602-b224-4a15530a8e55@group-961DFA348BC2-StateMachineUpdater: set stopIndex = 1
2020-07-21 10:23:09,217 [51d43626-bb24-4602-b224-4a15530a8e55@group-961DFA348BC2-StateMachineUpdater] INFO  ratis.ContainerStateMachine (ContainerStateMachine.java:takeSnapshot(293)) - group-961DFA348BC2: Taking a snapshot at:(t:3, i:1) file /github/workspace/mnt/ozone/hadoop-ozone/integration-test/target/test-dir/MiniOzoneClusterImpl-26aa3f93-67e0-4cbe-8624-cf0efb7a6165/datanode-0/data/ratis/c07308eb-0ade-4505-8c4f-961dfa348bc2/sm/snapshot.3_1
2020-07-21 10:23:09,216 [Listener at 127.0.0.1/37905] INFO  impl.PendingRequests (PendingRequests.java:sendNotLeaderResponses(249)) - dc1ecc86-b233-440d-8be3-38a10f678b98@group-0A936FAAD4A1-PendingRequests: sendNotLeaderResponses
2020-07-21 10:23:09,218 [Listener at 127.0.0.1/37905] INFO  metrics.RatisMetrics (RatisMetrics.java:unregister(43)) - Unregistering Metrics Registry : ratis.log_appender.dc1ecc86-b233-440d-8be3-38a10f678b98@group-0A936FAAD4A1
2020-07-21 10:23:09,217 [Thread-1764] INFO  impl.FollowerState (FollowerState.java:run(117)) - 51d43626-bb24-4602-b224-4a15530a8e55@group-961DFA348BC2-FollowerState was interrupted: java.lang.InterruptedException: sleep interrupted
2020-07-21 10:23:09,218 [Listener at 127.0.0.1/37905] INFO  metrics.RatisMetrics (RatisMetrics.java:unregister(43)) - Unregistering Metrics Registry : ratis.server.dc1ecc86-b233-440d-8be3-38a10f678b98@group-0A936FAAD4A1
2020-07-21 10:23:09,221 [Listener at 127.0.0.1/37905] INFO  impl.StateMachineUpdater (StateMachineUpdater.java:stopAndJoin(142)) - dc1ecc86-b233-440d-8be3-38a10f678b98@group-0A936FAAD4A1-StateMachineUpdater: set stopIndex = 0
2020-07-21 10:23:09,219 [51d43626-bb24-4602-b224-4a15530a8e55@group-961DFA348BC2-StateMachineUpdater] INFO  ratis.ContainerStateMachine (ContainerStateMachine.java:takeSnapshot(304)) - group-961DFA348BC2: Finished taking a snapshot at:(t:3, i:1) file:/github/workspace/mnt/ozone/hadoop-ozone/integration-test/target/test-dir/MiniOzoneClusterImpl-26aa3f93-67e0-4cbe-8624-cf0efb7a6165/datanode-0/data/ratis/c07308eb-0ade-4505-8c4f-961dfa348bc2/sm/snapshot.3_1 time:2
2020-07-21 10:23:09,221 [dc1ecc86-b233-440d-8be3-38a10f678b98@group-0A936FAAD4A1-StateMachineUpdater] INFO  ratis.ContainerStateMachine (ContainerStateMachine.java:takeSnapshot(293)) - group-0A936FAAD4A1: Taking a snapshot at:(t:1, i:0) file /github/workspace/mnt/ozone/hadoop-ozone/integration-test/target/test-dir/MiniOzoneClusterImpl-26aa3f93-67e0-4cbe-8624-cf0efb7a6165/datanode-7/data/ratis/c679784b-200d-4d82-839c-0a936faad4a1/sm/snapshot.1_0
2020-07-21 10:23:09,221 [51d43626-bb24-4602-b224-4a15530a8e55@group-961DFA348BC2-StateMachineUpdater] INFO  impl.StateMachineUpdater (StateMachineUpdater.java:takeSnapshot(277)) - 51d43626-bb24-4602-b224-4a15530a8e55@group-961DFA348BC2-StateMachineUpdater: Took a snapshot at index 1
2020-07-21 10:23:09,221 [51d43626-bb24-4602-b224-4a15530a8e55@group-961DFA348BC2-StateMachineUpdater] INFO  impl.StateMachineUpdater (StateMachineUpdater.java:lambda$new$0(87)) - 51d43626-bb24-4602-b224-4a15530a8e55@group-961DFA348BC2-StateMachineUpdater: snapshotIndex: updateIncreasingly -1 -> 1
2020-07-21 10:23:09,222 [51d43626-bb24-4602-b224-4a15530a8e55@group-961DFA348BC2-StateMachineUpdater] INFO  metrics.RatisMetrics (RatisMetrics.java:unregister(43)) - Unregistering Metrics Registry : ratis.state_machine.51d43626-bb24-4602-b224-4a15530a8e55@group-961DFA348BC2
2020-07-21 10:23:09,222 [ForkJoinPool.commonPool-worker-0] INFO  impl.RaftServerImpl (ServerState.java:close(387)) - 51d43626-bb24-4602-b224-4a15530a8e55@group-961DFA348BC2: closes. applyIndex: 1
2020-07-21 10:23:09,222 [51d43626-bb24-4602-b224-4a15530a8e55@group-961DFA348BC2-SegmentedRaftLogWorker] INFO  segmented.SegmentedRaftLogWorker (SegmentedRaftLogWorker.java:run(327)) - 51d43626-bb24-4602-b224-4a15530a8e55@group-961DFA348BC2-SegmentedRaftLogWorker was interrupted, exiting. There are 0 tasks remaining in the queue.
2020-07-21 10:23:09,222 [dc1ecc86-b233-440d-8be3-38a10f678b98@group-0A936FAAD4A1-StateMachineUpdater] INFO  ratis.ContainerStateMachine (ContainerStateMachine.java:takeSnapshot(304)) - group-0A936FAAD4A1: Finished taking a snapshot at:(t:1, i:0) file:/github/workspace/mnt/ozone/hadoop-ozone/integration-test/target/test-dir/MiniOzoneClusterImpl-26aa3f93-67e0-4cbe-8624-cf0efb7a6165/datanode-7/data/ratis/c679784b-200d-4d82-839c-0a936faad4a1/sm/snapshot.1_0 time:1
2020-07-21 10:23:09,222 [dc1ecc86-b233-440d-8be3-38a10f678b98@group-0A936FAAD4A1-StateMachineUpdater] INFO  impl.StateMachineUpdater (StateMachineUpdater.java:takeSnapshot(277)) - dc1ecc86-b233-440d-8be3-38a10f678b98@group-0A936FAAD4A1-StateMachineUpdater: Took a snapshot at index 0
2020-07-21 10:23:09,222 [dc1ecc86-b233-440d-8be3-38a10f678b98@group-0A936FAAD4A1-StateMachineUpdater] INFO  impl.StateMachineUpdater (StateMachineUpdater.java:lambda$new$0(87)) - dc1ecc86-b233-440d-8be3-38a10f678b98@group-0A936FAAD4A1-StateMachineUpdater: snapshotIndex: updateIncreasingly -1 -> 0
2020-07-21 10:23:09,222 [dc1ecc86-b233-440d-8be3-38a10f678b98@group-0A936FAAD4A1-StateMachineUpdater] INFO  metrics.RatisMetrics (RatisMetrics.java:unregister(43)) - Unregistering Metrics Registry : ratis.state_machine.dc1ecc86-b233-440d-8be3-38a10f678b98@group-0A936FAAD4A1
2020-07-21 10:23:09,223 [Listener at 127.0.0.1/37905] INFO  impl.RaftServerImpl (ServerState.java:close(387)) - dc1ecc86-b233-440d-8be3-38a10f678b98@group-0A936FAAD4A1: closes. applyIndex: 0
2020-07-21 10:23:09,223 [dc1ecc86-b233-440d-8be3-38a10f678b98@group-0A936FAAD4A1-SegmentedRaftLogWorker] INFO  segmented.SegmentedRaftLogWorker (SegmentedRaftLogWorker.java:run(327)) - dc1ecc86-b233-440d-8be3-38a10f678b98@group-0A936FAAD4A1-SegmentedRaftLogWorker was interrupted, exiting. There are 0 tasks remaining in the queue.
2020-07-21 10:23:09,225 [ForkJoinPool.commonPool-worker-0] INFO  segmented.SegmentedRaftLogWorker (SegmentedRaftLogWorker.java:close(234)) - 51d43626-bb24-4602-b224-4a15530a8e55@group-961DFA348BC2-SegmentedRaftLogWorker close()
2020-07-21 10:23:09,225 [Listener at 127.0.0.1/37905] INFO  segmented.SegmentedRaftLogWorker (SegmentedRaftLogWorker.java:close(234)) - dc1ecc86-b233-440d-8be3-38a10f678b98@group-0A936FAAD4A1-SegmentedRaftLogWorker close()
2020-07-21 10:23:09,228 [ForkJoinPool.commonPool-worker-0] INFO  metrics.RatisMetrics (RatisMetrics.java:unregister(43)) - Unregistering Metrics Registry : ratis.log_worker.51d43626-bb24-4602-b224-4a15530a8e55@group-961DFA348BC2
2020-07-21 10:23:09,228 [ForkJoinPool.commonPool-worker-0] INFO  metrics.RatisMetrics (RatisMetrics.java:unregister(43)) - Unregistering Metrics Registry : ratis.leader_election.51d43626-bb24-4602-b224-4a15530a8e55@group-961DFA348BC2
2020-07-21 10:23:09,228 [ForkJoinPool.commonPool-worker-0] INFO  metrics.RatisMetrics (RatisMetrics.java:unregister(43)) - Unregistering Metrics Registry : ratis.server.51d43626-bb24-4602-b224-4a15530a8e55@group-961DFA348BC2
2020-07-21 10:23:09,228 [ForkJoinPool.commonPool-worker-0] INFO  impl.RaftServerImpl (RaftServerImpl.java:lambda$shutdown$3(263)) - 51d43626-bb24-4602-b224-4a15530a8e55@group-94FBFEBB8208: shutdown
2020-07-21 10:23:09,228 [ForkJoinPool.commonPool-worker-0] INFO  util.JmxRegister (JmxRegister.java:unregister(73)) - Successfully un-registered JMX Bean with object name Ratis:service=RaftServer,group=group-94FBFEBB8208,id=51d43626-bb24-4602-b224-4a15530a8e55
2020-07-21 10:23:09,228 [ForkJoinPool.commonPool-worker-0] INFO  impl.RoleInfo (RoleInfo.java:shutdownLeaderState(104)) - 51d43626-bb24-4602-b224-4a15530a8e55: shutdown LeaderState
2020-07-21 10:23:09,228 [ForkJoinPool.commonPool-worker-0] INFO  impl.PendingRequests (PendingRequests.java:sendNotLeaderResponses(249)) - 51d43626-bb24-4602-b224-4a15530a8e55@group-94FBFEBB8208-PendingRequests: sendNotLeaderResponses
2020-07-21 10:23:09,229 [ForkJoinPool.commonPool-worker-0] INFO  metrics.RatisMetrics (RatisMetrics.java:unregister(43)) - Unregistering Metrics Registry : ratis.log_appender.51d43626-bb24-4602-b224-4a15530a8e55@group-94FBFEBB8208
2020-07-21 10:23:09,229 [ForkJoinPool.commonPool-worker-0] INFO  metrics.RatisMetrics (RatisMetrics.java:unregister(43)) - Unregistering Metrics Registry : ratis.server.51d43626-bb24-4602-b224-4a15530a8e55@group-94FBFEBB8208
2020-07-21 10:23:09,229 [ForkJoinPool.commonPool-worker-0] INFO  impl.StateMachineUpdater (StateMachineUpdater.java:stopAndJoin(142)) - 51d43626-bb24-4602-b224-4a15530a8e55@group-94FBFEBB8208-StateMachineUpdater: set stopIndex = 0
2020-07-21 10:23:09,228 [Listener at 127.0.0.1/37905] INFO  metrics.RatisMetrics (RatisMetrics.java:unregister(43)) - Unregistering Metrics Registry : ratis.log_worker.dc1ecc86-b233-440d-8be3-38a10f678b98@group-0A936FAAD4A1
2020-07-21 10:23:09,230 [Listener at 127.0.0.1/37905] INFO  metrics.RatisMetrics (RatisMetrics.java:unregister(43)) - Unregistering Metrics Registry : ratis.leader_election.dc1ecc86-b233-440d-8be3-38a10f678b98@group-0A936FAAD4A1
2020-07-21 10:23:09,230 [51d43626-bb24-4602-b224-4a15530a8e55@group-94FBFEBB8208-StateMachineUpdater] INFO  ratis.ContainerStateMachine (ContainerStateMachine.java:takeSnapshot(293)) - group-94FBFEBB8208: Taking a snapshot at:(t:1, i:0) file /github/workspace/mnt/ozone/hadoop-ozone/integration-test/target/test-dir/MiniOzoneClusterImpl-26aa3f93-67e0-4cbe-8624-cf0efb7a6165/datanode-0/data/ratis/0aeb9b49-0770-4edc-877c-94fbfebb8208/sm/snapshot.1_0
2020-07-21 10:23:09,230 [Listener at 127.0.0.1/37905] INFO  metrics.RatisMetrics (RatisMetrics.java:unregister(43)) - Unregistering Metrics Registry : ratis.server.dc1ecc86-b233-440d-8be3-38a10f678b98@group-0A936FAAD4A1
2020-07-21 10:23:09,230 [Listener at 127.0.0.1/37905] INFO  impl.RaftServerImpl (RaftServerImpl.java:lambda$shutdown$3(263)) - dc1ecc86-b233-440d-8be3-38a10f678b98@group-4BA1FCFD4EB6: shutdown
2020-07-21 10:23:09,230 [Listener at 127.0.0.1/37905] INFO  util.JmxRegister (JmxRegister.java:unregister(73)) - Successfully un-registered JMX Bean with object name Ratis:service=RaftServer,group=group-4BA1FCFD4EB6,id=dc1ecc86-b233-440d-8be3-38a10f678b98
2020-07-21 10:23:09,231 [51d43626-bb24-4602-b224-4a15530a8e55@group-94FBFEBB8208-StateMachineUpdater] INFO  ratis.ContainerStateMachine (ContainerStateMachine.java:takeSnapshot(304)) - group-94FBFEBB8208: Finished taking a snapshot at:(t:1, i:0) file:/github/workspace/mnt/ozone/hadoop-ozone/integration-test/target/test-dir/MiniOzoneClusterImpl-26aa3f93-67e0-4cbe-8624-cf0efb7a6165/datanode-0/data/ratis/0aeb9b49-0770-4edc-877c-94fbfebb8208/sm/snapshot.1_0 time:0
2020-07-21 10:23:09,231 [51d43626-bb24-4602-b224-4a15530a8e55@group-94FBFEBB8208-StateMachineUpdater] INFO  impl.StateMachineUpdater (StateMachineUpdater.java:takeSnapshot(277)) - 51d43626-bb24-4602-b224-4a15530a8e55@group-94FBFEBB8208-StateMachineUpdater: Took a snapshot at index 0
2020-07-21 10:23:09,231 [51d43626-bb24-4602-b224-4a15530a8e55@group-94FBFEBB8208-StateMachineUpdater] INFO  impl.StateMachineUpdater (StateMachineUpdater.java:lambda$new$0(87)) - 51d43626-bb24-4602-b224-4a15530a8e55@group-94FBFEBB8208-StateMachineUpdater: snapshotIndex: updateIncreasingly -1 -> 0
2020-07-21 10:23:09,231 [51d43626-bb24-4602-b224-4a15530a8e55@group-94FBFEBB8208-StateMachineUpdater] INFO  metrics.RatisMetrics (RatisMetrics.java:unregister(43)) - Unregistering Metrics Registry : ratis.state_machine.51d43626-bb24-4602-b224-4a15530a8e55@group-94FBFEBB8208
2020-07-21 10:23:09,231 [Listener at 127.0.0.1/37905] INFO  impl.RoleInfo (RoleInfo.java:shutdownFollowerState(121)) - dc1ecc86-b233-440d-8be3-38a10f678b98: shutdown FollowerState
2020-07-21 10:23:09,232 [Thread-1705] INFO  impl.FollowerState (FollowerState.java:run(117)) - dc1ecc86-b233-440d-8be3-38a10f678b98@group-4BA1FCFD4EB6-FollowerState was interrupted: java.lang.InterruptedException: sleep interrupted
2020-07-21 10:23:09,232 [Listener at 127.0.0.1/37905] INFO  impl.StateMachineUpdater (StateMachineUpdater.java:stopAndJoin(142)) - dc1ecc86-b233-440d-8be3-38a10f678b98@group-4BA1FCFD4EB6-StateMachineUpdater: set stopIndex = 0
2020-07-21 10:23:09,232 [dc1ecc86-b233-440d-8be3-38a10f678b98@group-4BA1FCFD4EB6-StateMachineUpdater] INFO  ratis.ContainerStateMachine (ContainerStateMachine.java:takeSnapshot(293)) - group-4BA1FCFD4EB6: Taking a snapshot at:(t:1, i:0) file /github/workspace/mnt/ozone/hadoop-ozone/integration-test/target/test-dir/MiniOzoneClusterImpl-26aa3f93-67e0-4cbe-8624-cf0efb7a6165/datanode-7/data/ratis/876f53f7-c042-4df6-84d9-4ba1fcfd4eb6/sm/snapshot.1_0
2020-07-21 10:23:09,233 [dc1ecc86-b233-440d-8be3-38a10f678b98@group-4BA1FCFD4EB6-StateMachineUpdater] INFO  ratis.ContainerStateMachine (ContainerStateMachine.java:takeSnapshot(304)) - group-4BA1FCFD4EB6: Finished taking a snapshot at:(t:1, i:0) file:/github/workspace/mnt/ozone/hadoop-ozone/integration-test/target/test-dir/MiniOzoneClusterImpl-26aa3f93-67e0-4cbe-8624-cf0efb7a6165/datanode-7/data/ratis/876f53f7-c042-4df6-84d9-4ba1fcfd4eb6/sm/snapshot.1_0 time:0
2020-07-21 10:23:09,233 [dc1ecc86-b233-440d-8be3-38a10f678b98@group-4BA1FCFD4EB6-StateMachineUpdater] INFO  impl.StateMachineUpdater (StateMachineUpdater.java:takeSnapshot(277)) - dc1ecc86-b233-440d-8be3-38a10f678b98@group-4BA1FCFD4EB6-StateMachineUpdater: Took a snapshot at index 0
2020-07-21 10:23:09,233 [dc1ecc86-b233-440d-8be3-38a10f678b98@group-4BA1FCFD4EB6-StateMachineUpdater] INFO  impl.StateMachineUpdater (StateMachineUpdater.java:lambda$new$0(87)) - dc1ecc86-b233-440d-8be3-38a10f678b98@group-4BA1FCFD4EB6-StateMachineUpdater: snapshotIndex: updateIncreasingly -1 -> 0
2020-07-21 10:23:09,233 [dc1ecc86-b233-440d-8be3-38a10f678b98@group-4BA1FCFD4EB6-StateMachineUpdater] INFO  metrics.RatisMetrics (RatisMetrics.java:unregister(43)) - Unregistering Metrics Registry : ratis.state_machine.dc1ecc86-b233-440d-8be3-38a10f678b98@group-4BA1FCFD4EB6
2020-07-21 10:23:09,233 [Listener at 127.0.0.1/37905] INFO  impl.RaftServerImpl (ServerState.java:close(387)) - dc1ecc86-b233-440d-8be3-38a10f678b98@group-4BA1FCFD4EB6: closes. applyIndex: 0
2020-07-21 10:23:09,233 [ForkJoinPool.commonPool-worker-0] INFO  impl.RaftServerImpl (ServerState.java:close(387)) - 51d43626-bb24-4602-b224-4a15530a8e55@group-94FBFEBB8208: closes. applyIndex: 0
2020-07-21 10:23:09,233 [dc1ecc86-b233-440d-8be3-38a10f678b98@group-4BA1FCFD4EB6-SegmentedRaftLogWorker] INFO  segmented.SegmentedRaftLogWorker (SegmentedRaftLogWorker.java:run(327)) - dc1ecc86-b233-440d-8be3-38a10f678b98@group-4BA1FCFD4EB6-SegmentedRaftLogWorker was interrupted, exiting. There are 0 tasks remaining in the queue.
2020-07-21 10:23:09,234 [Listener at 127.0.0.1/37905] INFO  segmented.SegmentedRaftLogWorker (SegmentedRaftLogWorker.java:close(234)) - dc1ecc86-b233-440d-8be3-38a10f678b98@group-4BA1FCFD4EB6-SegmentedRaftLogWorker close()
2020-07-21 10:23:09,234 [51d43626-bb24-4602-b224-4a15530a8e55@group-94FBFEBB8208-SegmentedRaftLogWorker] INFO  segmented.SegmentedRaftLogWorker (SegmentedRaftLogWorker.java:run(327)) - 51d43626-bb24-4602-b224-4a15530a8e55@group-94FBFEBB8208-SegmentedRaftLogWorker was interrupted, exiting. There are 0 tasks remaining in the queue.
2020-07-21 10:23:09,235 [Listener at 127.0.0.1/37905] INFO  metrics.RatisMetrics (RatisMetrics.java:unregister(43)) - Unregistering Metrics Registry : ratis.log_worker.dc1ecc86-b233-440d-8be3-38a10f678b98@group-4BA1FCFD4EB6
2020-07-21 10:23:09,235 [Listener at 127.0.0.1/37905] INFO  metrics.RatisMetrics (RatisMetrics.java:unregister(43)) - Unregistering Metrics Registry : ratis.leader_election.dc1ecc86-b233-440d-8be3-38a10f678b98@group-4BA1FCFD4EB6
2020-07-21 10:23:09,235 [Listener at 127.0.0.1/37905] INFO  metrics.RatisMetrics (RatisMetrics.java:unregister(43)) - Unregistering Metrics Registry : ratis.server.dc1ecc86-b233-440d-8be3-38a10f678b98@group-4BA1FCFD4EB6
2020-07-21 10:23:09,235 [Listener at 127.0.0.1/37905] INFO  server.GrpcService (GrpcService.java:closeImpl(166)) - dc1ecc86-b233-440d-8be3-38a10f678b98: shutdown server with port 36481 now
2020-07-21 10:23:09,238 [ForkJoinPool.commonPool-worker-0] INFO  segmented.SegmentedRaftLogWorker (SegmentedRaftLogWorker.java:close(234)) - 51d43626-bb24-4602-b224-4a15530a8e55@group-94FBFEBB8208-SegmentedRaftLogWorker close()
2020-07-21 10:23:09,238 [ForkJoinPool.commonPool-worker-0] INFO  metrics.RatisMetrics (RatisMetrics.java:unregister(43)) - Unregistering Metrics Registry : ratis.log_worker.51d43626-bb24-4602-b224-4a15530a8e55@group-94FBFEBB8208
2020-07-21 10:23:09,238 [ForkJoinPool.commonPool-worker-0] INFO  metrics.RatisMetrics (RatisMetrics.java:unregister(43)) - Unregistering Metrics Registry : ratis.leader_election.51d43626-bb24-4602-b224-4a15530a8e55@group-94FBFEBB8208
2020-07-21 10:23:09,239 [ForkJoinPool.commonPool-worker-0] INFO  metrics.RatisMetrics (RatisMetrics.java:unregister(43)) - Unregistering Metrics Registry : ratis.server.51d43626-bb24-4602-b224-4a15530a8e55@group-94FBFEBB8208
2020-07-21 10:23:09,239 [ForkJoinPool.commonPool-worker-0] INFO  server.GrpcService (GrpcService.java:closeImpl(166)) - 51d43626-bb24-4602-b224-4a15530a8e55: shutdown server with port 44023 now
2020-07-21 10:23:09,240 [Listener at 127.0.0.1/37905] INFO  server.GrpcService (GrpcService.java:closeImpl(174)) - dc1ecc86-b233-440d-8be3-38a10f678b98: shutdown server with port 36481 successfully
2020-07-21 10:23:09,240 [grpc-default-executor-1] WARN  server.GrpcLogAppender (LogUtils.java:warn(122)) - 1e765541-286b-46a5-8366-eef195687e41@group-4BA1FCFD4EB6->dc1ecc86-b233-440d-8be3-38a10f678b98-AppendLogResponseHandler: Failed appendEntries: org.apache.ratis.thirdparty.io.grpc.StatusRuntimeException: CANCELLED: HTTP/2 error code: CANCEL
Received Rst Stream
2020-07-21 10:23:09,241 [grpc-default-executor-2] WARN  server.GrpcServerProtocolService (LogUtils.java:warn(122)) - dc1ecc86-b233-440d-8be3-38a10f678b98: installSnapshot onError, lastRequest: 1e765541-286b-46a5-8366-eef195687e41->dc1ecc86-b233-440d-8be3-38a10f678b98#1-t1, previous=(t:0, i:0), leaderCommit=-1, initializing? false, entries: size=1, first=(t:1, i:0), CONFIGURATIONENTRY: org.apache.ratis.thirdparty.io.grpc.StatusRuntimeException: CANCELLED: cancelled before receiving half close
2020-07-21 10:23:09,242 [grpc-default-executor-1] INFO  impl.FollowerInfo (FollowerInfo.java:lambda$new$0(51)) - 1e765541-286b-46a5-8366-eef195687e41@group-4BA1FCFD4EB6->dc1ecc86-b233-440d-8be3-38a10f678b98: nextIndex: updateUnconditionally 1 -> 0
2020-07-21 10:23:09,242 [grpc-default-executor-4] WARN  server.GrpcServerProtocolService (LogUtils.java:warn(122)) - 51d43626-bb24-4602-b224-4a15530a8e55: installSnapshot onError, lastRequest: f358e290-f705-4636-941e-77012e86de6c->51d43626-bb24-4602-b224-4a15530a8e55#2-t3, previous=(t:3, i:1), leaderCommit=1, initializing? false, entries: size=1, first=(t:3, i:2), METADATAENTRY(c:1): org.apache.ratis.thirdparty.io.grpc.StatusRuntimeException: CANCELLED: cancelled before receiving half close
2020-07-21 10:23:09,249 [Listener at 127.0.0.1/37905] INFO  utils.BackgroundService (BackgroundService.java:shutdown(157)) - Shutting down service BlockDeletingService
2020-07-21 10:23:09,250 [grpc-default-executor-4] WARN  server.GrpcLogAppender (LogUtils.java:warn(122)) - f358e290-f705-4636-941e-77012e86de6c@group-961DFA348BC2->51d43626-bb24-4602-b224-4a15530a8e55-AppendLogResponseHandler: Failed appendEntries: org.apache.ratis.thirdparty.io.grpc.StatusRuntimeException: CANCELLED: HTTP/2 error code: CANCEL
Received Rst Stream
2020-07-21 10:23:09,250 [ForkJoinPool.commonPool-worker-0] INFO  server.GrpcService (GrpcService.java:closeImpl(174)) - 51d43626-bb24-4602-b224-4a15530a8e55: shutdown server with port 44023 successfully
2020-07-21 10:23:09,253 [grpc-default-executor-4] INFO  impl.FollowerInfo (FollowerInfo.java:lambda$new$0(51)) - f358e290-f705-4636-941e-77012e86de6c@group-961DFA348BC2->51d43626-bb24-4602-b224-4a15530a8e55: nextIndex: updateUnconditionally 3 -> 2
2020-07-21 10:23:09,253 [ForkJoinPool.commonPool-worker-0] INFO  utils.BackgroundService (BackgroundService.java:shutdown(157)) - Shutting down service BlockDeletingService
2020-07-21 10:23:09,254 [Listener at 127.0.0.1/37905] INFO  statemachine.DatanodeStateMachine (DatanodeStateMachine.java:stopDaemon(428)) - Ozone container server stopped.
2020-07-21 10:23:09,260 [Listener at 127.0.0.1/37905] INFO  handler.ContextHandler (ContextHandler.java:doStop(1016)) - Stopped o.e.j.w.WebAppContext@40ccaefa{hddsDatanode,/,null,UNAVAILABLE}{jar:file:/home/user/.m2/repository/org/apache/hadoop/hadoop-hdds-container-service/0.6.0-SNAPSHOT/hadoop-hdds-container-service-0.6.0-SNAPSHOT.jar!/webapps/hddsDatanode}
2020-07-21 10:23:09,260 [Listener at 127.0.0.1/37905] INFO  server.AbstractConnector (AbstractConnector.java:doStop(380)) - Stopped ServerConnector@9628240{HTTP/1.1,[http/1.1]}{0.0.0.0:0}
2020-07-21 10:23:09,260 [Listener at 127.0.0.1/37905] INFO  server.session (HouseKeeper.java:stopScavenging(158)) - node0 Stopped scavenging
2020-07-21 10:23:09,261 [Listener at 127.0.0.1/37905] INFO  handler.ContextHandler (ContextHandler.java:doStop(1016)) - Stopped o.e.j.s.ServletContextHandler@68068736{static,/static,jar:file:/home/user/.m2/repository/org/apache/hadoop/hadoop-hdds-container-service/0.6.0-SNAPSHOT/hadoop-hdds-container-service-0.6.0-SNAPSHOT.jar!/webapps/static,UNAVAILABLE}
2020-07-21 10:23:09,261 [Listener at 127.0.0.1/37905] INFO  handler.ContextHandler (ContextHandler.java:doStop(1016)) - Stopped o.e.j.s.ServletContextHandler@2540ad71{logs,/logs,file:///github/workspace/mnt/ozone/hadoop-ozone/integration-test/target/log,UNAVAILABLE}
2020-07-21 10:23:09,262 [ForkJoinPool.commonPool-worker-0] INFO  statemachine.DatanodeStateMachine (DatanodeStateMachine.java:stopDaemon(428)) - Ozone container server stopped.
2020-07-21 10:23:09,276 [ForkJoinPool.commonPool-worker-0] INFO  handler.ContextHandler (ContextHandler.java:doStop(1016)) - Stopped o.e.j.w.WebAppContext@68955382{hddsDatanode,/,null,UNAVAILABLE}{jar:file:/home/user/.m2/repository/org/apache/hadoop/hadoop-hdds-container-service/0.6.0-SNAPSHOT/hadoop-hdds-container-service-0.6.0-SNAPSHOT.jar!/webapps/hddsDatanode}
2020-07-21 10:23:09,277 [ForkJoinPool.commonPool-worker-0] INFO  server.AbstractConnector (AbstractConnector.java:doStop(380)) - Stopped ServerConnector@3833a045{HTTP/1.1,[http/1.1]}{0.0.0.0:0}
2020-07-21 10:23:09,277 [ForkJoinPool.commonPool-worker-0] INFO  server.session (HouseKeeper.java:stopScavenging(158)) - node0 Stopped scavenging
2020-07-21 10:23:09,281 [ForkJoinPool.commonPool-worker-0] INFO  handler.ContextHandler (ContextHandler.java:doStop(1016)) - Stopped o.e.j.s.ServletContextHandler@6edbdbed{static,/static,jar:file:/home/user/.m2/repository/org/apache/hadoop/hadoop-hdds-container-service/0.6.0-SNAPSHOT/hadoop-hdds-container-service-0.6.0-SNAPSHOT.jar!/webapps/static,UNAVAILABLE}
2020-07-21 10:23:09,282 [ForkJoinPool.commonPool-worker-0] INFO  handler.ContextHandler (ContextHandler.java:doStop(1016)) - Stopped o.e.j.s.ServletContextHandler@2c3c36df{logs,/logs,file:///github/workspace/mnt/ozone/hadoop-ozone/integration-test/target/log,UNAVAILABLE}
2020-07-21 10:23:09,299 [Datanode State Machine Thread - 0] INFO  statemachine.DatanodeStateMachine (DatanodeStateMachine.java:lambda$startDaemon$0(380)) - Ozone container server started.
2020-07-21 10:23:10,078 [Datanode State Machine Thread - 0] INFO  statemachine.DatanodeStateMachine (DatanodeStateMachine.java:lambda$startDaemon$0(380)) - Ozone container server started.
2020-07-21 10:23:10,840 [grpc-default-executor-2] WARN  server.GrpcLogAppender (LogUtils.java:warn(122)) - f358e290-f705-4636-941e-77012e86de6c@group-961DFA348BC2->cb99a555-5d60-49aa-ac43-e029c79e7f63-AppendLogResponseHandler: Failed appendEntries: org.apache.ratis.thirdparty.io.grpc.StatusRuntimeException: UNAVAILABLE: io exception
2020-07-21 10:23:10,841 [grpc-default-executor-2] INFO  impl.FollowerInfo (FollowerInfo.java:lambda$new$0(51)) - f358e290-f705-4636-941e-77012e86de6c@group-961DFA348BC2->cb99a555-5d60-49aa-ac43-e029c79e7f63: nextIndex: updateUnconditionally 2 -> 1
2020-07-21 10:23:10,841 [grpc-default-executor-4] WARN  server.GrpcLogAppender (LogUtils.java:warn(122)) - f358e290-f705-4636-941e-77012e86de6c@group-961DFA348BC2->51d43626-bb24-4602-b224-4a15530a8e55-AppendLogResponseHandler: Failed appendEntries: org.apache.ratis.thirdparty.io.grpc.StatusRuntimeException: UNAVAILABLE: io exception
2020-07-21 10:23:10,842 [grpc-default-executor-4] INFO  impl.FollowerInfo (FollowerInfo.java:lambda$new$0(51)) - f358e290-f705-4636-941e-77012e86de6c@group-961DFA348BC2->51d43626-bb24-4602-b224-4a15530a8e55: nextIndex: updateUnconditionally 3 -> 2
2020-07-21 10:23:11,420 [grpc-default-executor-2] WARN  server.GrpcLogAppender (LogUtils.java:warn(122)) - 1e765541-286b-46a5-8366-eef195687e41@group-4BA1FCFD4EB6->dc1ecc86-b233-440d-8be3-38a10f678b98-AppendLogResponseHandler: Failed appendEntries: org.apache.ratis.thirdparty.io.grpc.StatusRuntimeException: UNAVAILABLE: io exception
2020-07-21 10:23:11,421 [grpc-default-executor-2] INFO  impl.FollowerInfo (FollowerInfo.java:lambda$new$0(51)) - 1e765541-286b-46a5-8366-eef195687e41@group-4BA1FCFD4EB6->dc1ecc86-b233-440d-8be3-38a10f678b98: nextIndex: updateUnconditionally 1 -> 0
2020-07-21 10:23:13,342 [grpc-default-executor-4] WARN  server.GrpcLogAppender (LogUtils.java:warn(122)) - f358e290-f705-4636-941e-77012e86de6c@group-961DFA348BC2->cb99a555-5d60-49aa-ac43-e029c79e7f63-AppendLogResponseHandler: Failed appendEntries: org.apache.ratis.thirdparty.io.grpc.StatusRuntimeException: UNAVAILABLE: io exception
2020-07-21 10:23:13,343 [grpc-default-executor-4] INFO  impl.FollowerInfo (FollowerInfo.java:lambda$new$0(51)) - f358e290-f705-4636-941e-77012e86de6c@group-961DFA348BC2->cb99a555-5d60-49aa-ac43-e029c79e7f63: nextIndex: updateUnconditionally 2 -> 1
2020-07-21 10:23:13,345 [grpc-default-executor-2] WARN  server.GrpcLogAppender (LogUtils.java:warn(122)) - f358e290-f705-4636-941e-77012e86de6c@group-961DFA348BC2->51d43626-bb24-4602-b224-4a15530a8e55-AppendLogResponseHandler: Failed appendEntries: org.apache.ratis.thirdparty.io.grpc.StatusRuntimeException: UNAVAILABLE: io exception
2020-07-21 10:23:13,345 [grpc-default-executor-2] INFO  impl.FollowerInfo (FollowerInfo.java:lambda$new$0(51)) - f358e290-f705-4636-941e-77012e86de6c@group-961DFA348BC2->51d43626-bb24-4602-b224-4a15530a8e55: nextIndex: updateUnconditionally 3 -> 2
2020-07-21 10:23:13,922 [grpc-default-executor-4] WARN  server.GrpcLogAppender (LogUtils.java:warn(122)) - 1e765541-286b-46a5-8366-eef195687e41@group-4BA1FCFD4EB6->dc1ecc86-b233-440d-8be3-38a10f678b98-AppendLogResponseHandler: Failed appendEntries: org.apache.ratis.thirdparty.io.grpc.StatusRuntimeException: UNAVAILABLE: io exception
2020-07-21 10:23:13,922 [grpc-default-executor-4] INFO  impl.FollowerInfo (FollowerInfo.java:lambda$new$0(51)) - 1e765541-286b-46a5-8366-eef195687e41@group-4BA1FCFD4EB6->dc1ecc86-b233-440d-8be3-38a10f678b98: nextIndex: updateUnconditionally 1 -> 0
2020-07-21 10:23:14,263 [Listener at 127.0.0.1/37905] INFO  ozoneimpl.OzoneContainer (OzoneContainer.java:stop(247)) - Attempting to stop container services.
2020-07-21 10:23:14,264 [Listener at 127.0.0.1/37905] INFO  impl.RaftServerProxy (RaftServerProxy.java:lambda$close$4(319)) - 1e765541-286b-46a5-8366-eef195687e41: close
2020-07-21 10:23:14,264 [Listener at 127.0.0.1/37905] INFO  impl.RaftServerImpl (RaftServerImpl.java:lambda$shutdown$3(263)) - 1e765541-286b-46a5-8366-eef195687e41@group-341C4FEFF166: shutdown
2020-07-21 10:23:14,264 [Listener at 127.0.0.1/37905] INFO  util.JmxRegister (JmxRegister.java:unregister(73)) - Successfully un-registered JMX Bean with object name Ratis:service=RaftServer,group=group-341C4FEFF166,id=1e765541-286b-46a5-8366-eef195687e41
2020-07-21 10:23:14,265 [Listener at 127.0.0.1/37905] INFO  impl.RoleInfo (RoleInfo.java:shutdownLeaderState(104)) - 1e765541-286b-46a5-8366-eef195687e41: shutdown LeaderState
2020-07-21 10:23:14,265 [Listener at 127.0.0.1/37905] INFO  impl.PendingRequests (PendingRequests.java:sendNotLeaderResponses(249)) - 1e765541-286b-46a5-8366-eef195687e41@group-341C4FEFF166-PendingRequests: sendNotLeaderResponses
2020-07-21 10:23:14,265 [Listener at 127.0.0.1/37905] INFO  metrics.RatisMetrics (RatisMetrics.java:unregister(43)) - Unregistering Metrics Registry : ratis.log_appender.1e765541-286b-46a5-8366-eef195687e41@group-341C4FEFF166
2020-07-21 10:23:14,265 [Listener at 127.0.0.1/37905] INFO  metrics.RatisMetrics (RatisMetrics.java:unregister(43)) - Unregistering Metrics Registry : ratis.server.1e765541-286b-46a5-8366-eef195687e41@group-341C4FEFF166
2020-07-21 10:23:14,266 [Listener at 127.0.0.1/37905] INFO  impl.StateMachineUpdater (StateMachineUpdater.java:stopAndJoin(142)) - 1e765541-286b-46a5-8366-eef195687e41@group-341C4FEFF166-StateMachineUpdater: set stopIndex = 0
2020-07-21 10:23:14,267 [1e765541-286b-46a5-8366-eef195687e41@group-341C4FEFF166-StateMachineUpdater] INFO  ratis.ContainerStateMachine (ContainerStateMachine.java:takeSnapshot(293)) - group-341C4FEFF166: Taking a snapshot at:(t:1, i:0) file /github/workspace/mnt/ozone/hadoop-ozone/integration-test/target/test-dir/MiniOzoneClusterImpl-26aa3f93-67e0-4cbe-8624-cf0efb7a6165/datanode-8/data/ratis/ef472ca4-0449-4fe3-8364-341c4feff166/sm/snapshot.1_0
2020-07-21 10:23:14,268 [1e765541-286b-46a5-8366-eef195687e41@group-341C4FEFF166-StateMachineUpdater] INFO  ratis.ContainerStateMachine (ContainerStateMachine.java:takeSnapshot(304)) - group-341C4FEFF166: Finished taking a snapshot at:(t:1, i:0) file:/github/workspace/mnt/ozone/hadoop-ozone/integration-test/target/test-dir/MiniOzoneClusterImpl-26aa3f93-67e0-4cbe-8624-cf0efb7a6165/datanode-8/data/ratis/ef472ca4-0449-4fe3-8364-341c4feff166/sm/snapshot.1_0 time:0
2020-07-21 10:23:14,268 [1e765541-286b-46a5-8366-eef195687e41@group-341C4FEFF166-StateMachineUpdater] INFO  impl.StateMachineUpdater (StateMachineUpdater.java:takeSnapshot(277)) - 1e765541-286b-46a5-8366-eef195687e41@group-341C4FEFF166-StateMachineUpdater: Took a snapshot at index 0
2020-07-21 10:23:14,268 [1e765541-286b-46a5-8366-eef195687e41@group-341C4FEFF166-StateMachineUpdater] INFO  impl.StateMachineUpdater (StateMachineUpdater.java:lambda$new$0(87)) - 1e765541-286b-46a5-8366-eef195687e41@group-341C4FEFF166-StateMachineUpdater: snapshotIndex: updateIncreasingly -1 -> 0
2020-07-21 10:23:14,268 [1e765541-286b-46a5-8366-eef195687e41@group-341C4FEFF166-StateMachineUpdater] INFO  metrics.RatisMetrics (RatisMetrics.java:unregister(43)) - Unregistering Metrics Registry : ratis.state_machine.1e765541-286b-46a5-8366-eef195687e41@group-341C4FEFF166
2020-07-21 10:23:14,268 [Listener at 127.0.0.1/37905] INFO  impl.RaftServerImpl (ServerState.java:close(387)) - 1e765541-286b-46a5-8366-eef195687e41@group-341C4FEFF166: closes. applyIndex: 0
2020-07-21 10:23:14,269 [1e765541-286b-46a5-8366-eef195687e41@group-341C4FEFF166-SegmentedRaftLogWorker] INFO  segmented.SegmentedRaftLogWorker (SegmentedRaftLogWorker.java:run(327)) - 1e765541-286b-46a5-8366-eef195687e41@group-341C4FEFF166-SegmentedRaftLogWorker was interrupted, exiting. There are 0 tasks remaining in the queue.
2020-07-21 10:23:14,269 [Listener at 127.0.0.1/37905] INFO  segmented.SegmentedRaftLogWorker (SegmentedRaftLogWorker.java:close(234)) - 1e765541-286b-46a5-8366-eef195687e41@group-341C4FEFF166-SegmentedRaftLogWorker close()
2020-07-21 10:23:14,273 [Listener at 127.0.0.1/37905] INFO  metrics.RatisMetrics (RatisMetrics.java:unregister(43)) - Unregistering Metrics Registry : ratis.log_worker.1e765541-286b-46a5-8366-eef195687e41@group-341C4FEFF166
2020-07-21 10:23:14,273 [Listener at 127.0.0.1/37905] INFO  metrics.RatisMetrics (RatisMetrics.java:unregister(43)) - Unregistering Metrics Registry : ratis.leader_election.1e765541-286b-46a5-8366-eef195687e41@group-341C4FEFF166
2020-07-21 10:23:14,273 [Listener at 127.0.0.1/37905] INFO  metrics.RatisMetrics (RatisMetrics.java:unregister(43)) - Unregistering Metrics Registry : ratis.server.1e765541-286b-46a5-8366-eef195687e41@group-341C4FEFF166
2020-07-21 10:23:14,273 [Listener at 127.0.0.1/37905] INFO  impl.RaftServerImpl (RaftServerImpl.java:lambda$shutdown$3(263)) - 1e765541-286b-46a5-8366-eef195687e41@group-4BA1FCFD4EB6: shutdown
2020-07-21 10:23:14,273 [Listener at 127.0.0.1/37905] INFO  util.JmxRegister (JmxRegister.java:unregister(73)) - Successfully un-registered JMX Bean with object name Ratis:service=RaftServer,group=group-4BA1FCFD4EB6,id=1e765541-286b-46a5-8366-eef195687e41
2020-07-21 10:23:14,274 [Listener at 127.0.0.1/37905] INFO  impl.RoleInfo (RoleInfo.java:shutdownLeaderState(104)) - 1e765541-286b-46a5-8366-eef195687e41: shutdown LeaderState
2020-07-21 10:23:14,274 [Listener at 127.0.0.1/37905] INFO  metrics.RatisMetrics (RatisMetrics.java:unregister(43)) - Unregistering Metrics Registry : ratis_grpc.log_appender.1e765541-286b-46a5-8366-eef195687e41@group-4BA1FCFD4EB6
2020-07-21 10:23:14,274 [Listener at 127.0.0.1/37905] INFO  metrics.RatisMetrics (RatisMetrics.java:unregister(43)) - Unregistering Metrics Registry : ratis_grpc.log_appender.1e765541-286b-46a5-8366-eef195687e41@group-4BA1FCFD4EB6
2020-07-21 10:23:14,274 [org.apache.ratis.server.impl.LogAppender$AppenderDaemon$$Lambda$473/327584033@217d8ed3] WARN  server.GrpcLogAppender (GrpcLogAppender.java:mayWait(153)) - 1e765541-286b-46a5-8366-eef195687e41@group-4BA1FCFD4EB6->8b103efb-4bcc-46ba-8a16-605357281583-GrpcLogAppender: Wait interrupted by java.lang.InterruptedException
2020-07-21 10:23:14,274 [Listener at 127.0.0.1/37905] INFO  impl.PendingRequests (PendingRequests.java:sendNotLeaderResponses(249)) - 1e765541-286b-46a5-8366-eef195687e41@group-4BA1FCFD4EB6-PendingRequests: sendNotLeaderResponses
2020-07-21 10:23:14,275 [Listener at 127.0.0.1/37905] INFO  metrics.RatisMetrics (RatisMetrics.java:unregister(43)) - Unregistering Metrics Registry : ratis.log_appender.1e765541-286b-46a5-8366-eef195687e41@group-4BA1FCFD4EB6
2020-07-21 10:23:14,275 [Listener at 127.0.0.1/37905] INFO  metrics.RatisMetrics (RatisMetrics.java:unregister(43)) - Unregistering Metrics Registry : ratis.server.1e765541-286b-46a5-8366-eef195687e41@group-4BA1FCFD4EB6
2020-07-21 10:23:14,275 [grpc-default-executor-4] INFO  server.GrpcServerProtocolService (GrpcServerProtocolService.java:onCompleted(138)) - 8b103efb-4bcc-46ba-8a16-605357281583: Completed APPEND_ENTRIES, lastRequest: 1e765541-286b-46a5-8366-eef195687e41->8b103efb-4bcc-46ba-8a16-605357281583#1-t1, previous=(t:0, i:0), leaderCommit=-1, initializing? false, entries: size=1, first=(t:1, i:0), CONFIGURATIONENTRY
2020-07-21 10:23:14,276 [grpc-default-executor-2] INFO  server.GrpcLogAppender (GrpcLogAppender.java:onCompleted(319)) - 1e765541-286b-46a5-8366-eef195687e41@group-4BA1FCFD4EB6->8b103efb-4bcc-46ba-8a16-605357281583-AppendLogResponseHandler: follower responses appendEntries COMPLETED
2020-07-21 10:23:14,274 [org.apache.ratis.server.impl.LogAppender$AppenderDaemon$$Lambda$473/327584033@15163fa9] WARN  server.GrpcLogAppender (GrpcLogAppender.java:mayWait(153)) - 1e765541-286b-46a5-8366-eef195687e41@group-4BA1FCFD4EB6->dc1ecc86-b233-440d-8be3-38a10f678b98-GrpcLogAppender: Wait interrupted by java.lang.InterruptedException
2020-07-21 10:23:14,277 [1e765541-286b-46a5-8366-eef195687e41@group-4BA1FCFD4EB6-StateMachineUpdater] INFO  ratis.ContainerStateMachine (ContainerStateMachine.java:takeSnapshot(293)) - group-4BA1FCFD4EB6: Taking a snapshot at:(t:1, i:0) file /github/workspace/mnt/ozone/hadoop-ozone/integration-test/target/test-dir/MiniOzoneClusterImpl-26aa3f93-67e0-4cbe-8624-cf0efb7a6165/datanode-8/data/ratis/876f53f7-c042-4df6-84d9-4ba1fcfd4eb6/sm/snapshot.1_0
2020-07-21 10:23:14,277 [grpc-default-executor-2] INFO  impl.FollowerInfo (FollowerInfo.java:lambda$new$0(51)) - 1e765541-286b-46a5-8366-eef195687e41@group-4BA1FCFD4EB6->8b103efb-4bcc-46ba-8a16-605357281583: nextIndex: updateUnconditionally 1 -> 0
2020-07-21 10:23:14,277 [1e765541-286b-46a5-8366-eef195687e41@group-4BA1FCFD4EB6-StateMachineUpdater] INFO  ratis.ContainerStateMachine (ContainerStateMachine.java:takeSnapshot(304)) - group-4BA1FCFD4EB6: Finished taking a snapshot at:(t:1, i:0) file:/github/workspace/mnt/ozone/hadoop-ozone/integration-test/target/test-dir/MiniOzoneClusterImpl-26aa3f93-67e0-4cbe-8624-cf0efb7a6165/datanode-8/data/ratis/876f53f7-c042-4df6-84d9-4ba1fcfd4eb6/sm/snapshot.1_0 time:0
2020-07-21 10:23:14,278 [1e765541-286b-46a5-8366-eef195687e41@group-4BA1FCFD4EB6-StateMachineUpdater] INFO  impl.StateMachineUpdater (StateMachineUpdater.java:takeSnapshot(277)) - 1e765541-286b-46a5-8366-eef195687e41@group-4BA1FCFD4EB6-StateMachineUpdater: Took a snapshot at index 0
2020-07-21 10:23:14,278 [1e765541-286b-46a5-8366-eef195687e41@group-4BA1FCFD4EB6-StateMachineUpdater] INFO  impl.StateMachineUpdater (StateMachineUpdater.java:lambda$new$0(87)) - 1e765541-286b-46a5-8366-eef195687e41@group-4BA1FCFD4EB6-StateMachineUpdater: snapshotIndex: updateIncreasingly -1 -> 0
2020-07-21 10:23:14,278 [1e765541-286b-46a5-8366-eef195687e41@group-4BA1FCFD4EB6-StateMachineUpdater] INFO  metrics.RatisMetrics (RatisMetrics.java:unregister(43)) - Unregistering Metrics Registry : ratis.state_machine.1e765541-286b-46a5-8366-eef195687e41@group-4BA1FCFD4EB6
2020-07-21 10:23:14,278 [Listener at 127.0.0.1/37905] INFO  impl.StateMachineUpdater (StateMachineUpdater.java:stopAndJoin(142)) - 1e765541-286b-46a5-8366-eef195687e41@group-4BA1FCFD4EB6-StateMachineUpdater: set stopIndex = 0
2020-07-21 10:23:14,279 [Listener at 127.0.0.1/37905] INFO  impl.RaftServerImpl (ServerState.java:close(387)) - 1e765541-286b-46a5-8366-eef195687e41@group-4BA1FCFD4EB6: closes. applyIndex: 0
2020-07-21 10:23:14,280 [1e765541-286b-46a5-8366-eef195687e41@group-4BA1FCFD4EB6-SegmentedRaftLogWorker] INFO  segmented.SegmentedRaftLogWorker (SegmentedRaftLogWorker.java:run(327)) - 1e765541-286b-46a5-8366-eef195687e41@group-4BA1FCFD4EB6-SegmentedRaftLogWorker was interrupted, exiting. There are 0 tasks remaining in the queue.
2020-07-21 10:23:14,280 [Listener at 127.0.0.1/37905] INFO  segmented.SegmentedRaftLogWorker (SegmentedRaftLogWorker.java:close(234)) - 1e765541-286b-46a5-8366-eef195687e41@group-4BA1FCFD4EB6-SegmentedRaftLogWorker close()
2020-07-21 10:23:14,280 [Listener at 127.0.0.1/37905] INFO  metrics.RatisMetrics (RatisMetrics.java:unregister(43)) - Unregistering Metrics Registry : ratis.log_worker.1e765541-286b-46a5-8366-eef195687e41@group-4BA1FCFD4EB6
2020-07-21 10:23:14,280 [Listener at 127.0.0.1/37905] INFO  metrics.RatisMetrics (RatisMetrics.java:unregister(43)) - Unregistering Metrics Registry : ratis.leader_election.1e765541-286b-46a5-8366-eef195687e41@group-4BA1FCFD4EB6
2020-07-21 10:23:14,281 [Listener at 127.0.0.1/37905] INFO  metrics.RatisMetrics (RatisMetrics.java:unregister(43)) - Unregistering Metrics Registry : ratis.server.1e765541-286b-46a5-8366-eef195687e41@group-4BA1FCFD4EB6
2020-07-21 10:23:14,281 [Listener at 127.0.0.1/37905] INFO  server.GrpcService (GrpcService.java:closeImpl(166)) - 1e765541-286b-46a5-8366-eef195687e41: shutdown server with port 37839 now
2020-07-21 10:23:14,281 [Listener at 127.0.0.1/37905] INFO  server.GrpcService (GrpcService.java:closeImpl(174)) - 1e765541-286b-46a5-8366-eef195687e41: shutdown server with port 37839 successfully
2020-07-21 10:23:14,282 [Listener at 127.0.0.1/37905] INFO  utils.BackgroundService (BackgroundService.java:shutdown(157)) - Shutting down service BlockDeletingService
2020-07-21 10:23:14,283 [Listener at 127.0.0.1/37905] INFO  statemachine.DatanodeStateMachine (DatanodeStateMachine.java:stopDaemon(428)) - Ozone container server stopped.
2020-07-21 10:23:14,283 [ForkJoinPool.commonPool-worker-0] INFO  ozoneimpl.OzoneContainer (OzoneContainer.java:stop(247)) - Attempting to stop container services.
2020-07-21 10:23:14,284 [ForkJoinPool.commonPool-worker-0] INFO  impl.RaftServerProxy (RaftServerProxy.java:lambda$close$4(319)) - f358e290-f705-4636-941e-77012e86de6c: close
2020-07-21 10:23:14,284 [ForkJoinPool.commonPool-worker-0] INFO  impl.RaftServerImpl (RaftServerImpl.java:lambda$shutdown$3(263)) - f358e290-f705-4636-941e-77012e86de6c@group-961DFA348BC2: shutdown
2020-07-21 10:23:14,284 [ForkJoinPool.commonPool-worker-0] INFO  util.JmxRegister (JmxRegister.java:unregister(73)) - Successfully un-registered JMX Bean with object name Ratis:service=RaftServer,group=group-961DFA348BC2,id=f358e290-f705-4636-941e-77012e86de6c
2020-07-21 10:23:14,284 [ForkJoinPool.commonPool-worker-0] INFO  impl.RoleInfo (RoleInfo.java:shutdownLeaderState(104)) - f358e290-f705-4636-941e-77012e86de6c: shutdown LeaderState
2020-07-21 10:23:14,284 [ForkJoinPool.commonPool-worker-0] INFO  metrics.RatisMetrics (RatisMetrics.java:unregister(43)) - Unregistering Metrics Registry : ratis_grpc.log_appender.f358e290-f705-4636-941e-77012e86de6c@group-961DFA348BC2
2020-07-21 10:23:14,284 [ForkJoinPool.commonPool-worker-0] INFO  metrics.RatisMetrics (RatisMetrics.java:unregister(43)) - Unregistering Metrics Registry : ratis_grpc.log_appender.f358e290-f705-4636-941e-77012e86de6c@group-961DFA348BC2
2020-07-21 10:23:14,284 [org.apache.ratis.server.impl.LogAppender$AppenderDaemon$$Lambda$473/327584033@2a6a7c69] WARN  server.GrpcLogAppender (GrpcLogAppender.java:mayWait(153)) - f358e290-f705-4636-941e-77012e86de6c@group-961DFA348BC2->cb99a555-5d60-49aa-ac43-e029c79e7f63-GrpcLogAppender: Wait interrupted by java.lang.InterruptedException
2020-07-21 10:23:14,285 [org.apache.ratis.server.impl.LogAppender$AppenderDaemon$$Lambda$473/327584033@1e7173d9] WARN  server.GrpcLogAppender (GrpcLogAppender.java:mayWait(153)) - f358e290-f705-4636-941e-77012e86de6c@group-961DFA348BC2->51d43626-bb24-4602-b224-4a15530a8e55-GrpcLogAppender: Wait interrupted by java.lang.InterruptedException
2020-07-21 10:23:14,284 [ForkJoinPool.commonPool-worker-0] INFO  impl.PendingRequests (PendingRequests.java:sendNotLeaderResponses(249)) - f358e290-f705-4636-941e-77012e86de6c@group-961DFA348BC2-PendingRequests: sendNotLeaderResponses
2020-07-21 10:23:14,285 [ForkJoinPool.commonPool-worker-0] INFO  metrics.RatisMetrics (RatisMetrics.java:unregister(43)) - Unregistering Metrics Registry : ratis.log_appender.f358e290-f705-4636-941e-77012e86de6c@group-961DFA348BC2
2020-07-21 10:23:14,286 [ForkJoinPool.commonPool-worker-0] INFO  metrics.RatisMetrics (RatisMetrics.java:unregister(43)) - Unregistering Metrics Registry : ratis.server.f358e290-f705-4636-941e-77012e86de6c@group-961DFA348BC2
2020-07-21 10:23:14,290 [Listener at 127.0.0.1/37905] INFO  handler.ContextHandler (ContextHandler.java:doStop(1016)) - Stopped o.e.j.w.WebAppContext@38511687{hddsDatanode,/,null,UNAVAILABLE}{jar:file:/home/user/.m2/repository/org/apache/hadoop/hadoop-hdds-container-service/0.6.0-SNAPSHOT/hadoop-hdds-container-service-0.6.0-SNAPSHOT.jar!/webapps/hddsDatanode}
2020-07-21 10:23:14,291 [f358e290-f705-4636-941e-77012e86de6c@group-961DFA348BC2-StateMachineUpdater] INFO  ratis.ContainerStateMachine (ContainerStateMachine.java:takeSnapshot(293)) - group-961DFA348BC2: Taking a snapshot at:(t:3, i:2) file /github/workspace/mnt/ozone/hadoop-ozone/integration-test/target/test-dir/MiniOzoneClusterImpl-26aa3f93-67e0-4cbe-8624-cf0efb7a6165/datanode-1/data/ratis/c07308eb-0ade-4505-8c4f-961dfa348bc2/sm/snapshot.3_2
2020-07-21 10:23:14,291 [ForkJoinPool.commonPool-worker-0] INFO  impl.StateMachineUpdater (StateMachineUpdater.java:stopAndJoin(142)) - f358e290-f705-4636-941e-77012e86de6c@group-961DFA348BC2-StateMachineUpdater: set stopIndex = 2
2020-07-21 10:23:14,292 [f358e290-f705-4636-941e-77012e86de6c@group-961DFA348BC2-StateMachineUpdater] INFO  ratis.ContainerStateMachine (ContainerStateMachine.java:takeSnapshot(304)) - group-961DFA348BC2: Finished taking a snapshot at:(t:3, i:2) file:/github/workspace/mnt/ozone/hadoop-ozone/integration-test/target/test-dir/MiniOzoneClusterImpl-26aa3f93-67e0-4cbe-8624-cf0efb7a6165/datanode-1/data/ratis/c07308eb-0ade-4505-8c4f-961dfa348bc2/sm/snapshot.3_2 time:1
2020-07-21 10:23:14,292 [f358e290-f705-4636-941e-77012e86de6c@group-961DFA348BC2-StateMachineUpdater] INFO  impl.StateMachineUpdater (StateMachineUpdater.java:takeSnapshot(277)) - f358e290-f705-4636-941e-77012e86de6c@group-961DFA348BC2-StateMachineUpdater: Took a snapshot at index 2
2020-07-21 10:23:14,292 [f358e290-f705-4636-941e-77012e86de6c@group-961DFA348BC2-StateMachineUpdater] INFO  impl.StateMachineUpdater (StateMachineUpdater.java:lambda$new$0(87)) - f358e290-f705-4636-941e-77012e86de6c@group-961DFA348BC2-StateMachineUpdater: snapshotIndex: updateIncreasingly -1 -> 2
2020-07-21 10:23:14,292 [f358e290-f705-4636-941e-77012e86de6c@group-961DFA348BC2-StateMachineUpdater] INFO  metrics.RatisMetrics (RatisMetrics.java:unregister(43)) - Unregistering Metrics Registry : ratis.state_machine.f358e290-f705-4636-941e-77012e86de6c@group-961DFA348BC2
2020-07-21 10:23:14,292 [ForkJoinPool.commonPool-worker-0] INFO  impl.RaftServerImpl (ServerState.java:close(387)) - f358e290-f705-4636-941e-77012e86de6c@group-961DFA348BC2: closes. applyIndex: 2
2020-07-21 10:23:14,292 [f358e290-f705-4636-941e-77012e86de6c@group-961DFA348BC2-SegmentedRaftLogWorker] INFO  segmented.SegmentedRaftLogWorker (SegmentedRaftLogWorker.java:run(327)) - f358e290-f705-4636-941e-77012e86de6c@group-961DFA348BC2-SegmentedRaftLogWorker was interrupted, exiting. There are 0 tasks remaining in the queue.
2020-07-21 10:23:14,292 [ForkJoinPool.commonPool-worker-0] INFO  segmented.SegmentedRaftLogWorker (SegmentedRaftLogWorker.java:close(234)) - f358e290-f705-4636-941e-77012e86de6c@group-961DFA348BC2-SegmentedRaftLogWorker close()
2020-07-21 10:23:14,293 [ForkJoinPool.commonPool-worker-0] INFO  metrics.RatisMetrics (RatisMetrics.java:unregister(43)) - Unregistering Metrics Registry : ratis.log_worker.f358e290-f705-4636-941e-77012e86de6c@group-961DFA348BC2
2020-07-21 10:23:14,293 [ForkJoinPool.commonPool-worker-0] INFO  metrics.RatisMetrics (RatisMetrics.java:unregister(43)) - Unregistering Metrics Registry : ratis.leader_election.f358e290-f705-4636-941e-77012e86de6c@group-961DFA348BC2
2020-07-21 10:23:14,293 [ForkJoinPool.commonPool-worker-0] INFO  metrics.RatisMetrics (RatisMetrics.java:unregister(43)) - Unregistering Metrics Registry : ratis.server.f358e290-f705-4636-941e-77012e86de6c@group-961DFA348BC2
2020-07-21 10:23:14,293 [ForkJoinPool.commonPool-worker-0] INFO  impl.RaftServerImpl (RaftServerImpl.java:lambda$shutdown$3(263)) - f358e290-f705-4636-941e-77012e86de6c@group-B3FAEA38208E: shutdown
2020-07-21 10:23:14,293 [ForkJoinPool.commonPool-worker-0] INFO  util.JmxRegister (JmxRegister.java:unregister(73)) - Successfully un-registered JMX Bean with object name Ratis:service=RaftServer,group=group-B3FAEA38208E,id=f358e290-f705-4636-941e-77012e86de6c
2020-07-21 10:23:14,294 [ForkJoinPool.commonPool-worker-0] INFO  impl.RoleInfo (RoleInfo.java:shutdownLeaderState(104)) - f358e290-f705-4636-941e-77012e86de6c: shutdown LeaderState
2020-07-21 10:23:14,294 [ForkJoinPool.commonPool-worker-0] INFO  impl.PendingRequests (PendingRequests.java:sendNotLeaderResponses(249)) - f358e290-f705-4636-941e-77012e86de6c@group-B3FAEA38208E-PendingRequests: sendNotLeaderResponses
2020-07-21 10:23:14,294 [ForkJoinPool.commonPool-worker-0] INFO  metrics.RatisMetrics (RatisMetrics.java:unregister(43)) - Unregistering Metrics Registry : ratis.log_appender.f358e290-f705-4636-941e-77012e86de6c@group-B3FAEA38208E
2020-07-21 10:23:14,294 [ForkJoinPool.commonPool-worker-0] INFO  metrics.RatisMetrics (RatisMetrics.java:unregister(43)) - Unregistering Metrics Registry : ratis.server.f358e290-f705-4636-941e-77012e86de6c@group-B3FAEA38208E
2020-07-21 10:23:14,295 [f358e290-f705-4636-941e-77012e86de6c@group-B3FAEA38208E-StateMachineUpdater] INFO  ratis.ContainerStateMachine (ContainerStateMachine.java:takeSnapshot(293)) - group-B3FAEA38208E: Taking a snapshot at:(t:1, i:0) file /github/workspace/mnt/ozone/hadoop-ozone/integration-test/target/test-dir/MiniOzoneClusterImpl-26aa3f93-67e0-4cbe-8624-cf0efb7a6165/datanode-1/data/ratis/393406bf-9c39-46ea-a3fa-b3faea38208e/sm/snapshot.1_0
2020-07-21 10:23:14,295 [ForkJoinPool.commonPool-worker-0] INFO  impl.StateMachineUpdater (StateMachineUpdater.java:stopAndJoin(142)) - f358e290-f705-4636-941e-77012e86de6c@group-B3FAEA38208E-StateMachineUpdater: set stopIndex = 0
2020-07-21 10:23:14,296 [f358e290-f705-4636-941e-77012e86de6c@group-B3FAEA38208E-StateMachineUpdater] INFO  ratis.ContainerStateMachine (ContainerStateMachine.java:takeSnapshot(304)) - group-B3FAEA38208E: Finished taking a snapshot at:(t:1, i:0) file:/github/workspace/mnt/ozone/hadoop-ozone/integration-test/target/test-dir/MiniOzoneClusterImpl-26aa3f93-67e0-4cbe-8624-cf0efb7a6165/datanode-1/data/ratis/393406bf-9c39-46ea-a3fa-b3faea38208e/sm/snapshot.1_0 time:0
2020-07-21 10:23:14,296 [f358e290-f705-4636-941e-77012e86de6c@group-B3FAEA38208E-StateMachineUpdater] INFO  impl.StateMachineUpdater (StateMachineUpdater.java:takeSnapshot(277)) - f358e290-f705-4636-941e-77012e86de6c@group-B3FAEA38208E-StateMachineUpdater: Took a snapshot at index 0
2020-07-21 10:23:14,296 [f358e290-f705-4636-941e-77012e86de6c@group-B3FAEA38208E-StateMachineUpdater] INFO  impl.StateMachineUpdater (StateMachineUpdater.java:lambda$new$0(87)) - f358e290-f705-4636-941e-77012e86de6c@group-B3FAEA38208E-StateMachineUpdater: snapshotIndex: updateIncreasingly -1 -> 0
2020-07-21 10:23:14,296 [f358e290-f705-4636-941e-77012e86de6c@group-B3FAEA38208E-StateMachineUpdater] INFO  metrics.RatisMetrics (RatisMetrics.java:unregister(43)) - Unregistering Metrics Registry : ratis.state_machine.f358e290-f705-4636-941e-77012e86de6c@group-B3FAEA38208E
2020-07-21 10:23:14,296 [ForkJoinPool.commonPool-worker-0] INFO  impl.RaftServerImpl (ServerState.java:close(387)) - f358e290-f705-4636-941e-77012e86de6c@group-B3FAEA38208E: closes. applyIndex: 0
2020-07-21 10:23:14,297 [f358e290-f705-4636-941e-77012e86de6c@group-B3FAEA38208E-SegmentedRaftLogWorker] INFO  segmented.SegmentedRaftLogWorker (SegmentedRaftLogWorker.java:run(327)) - f358e290-f705-4636-941e-77012e86de6c@group-B3FAEA38208E-SegmentedRaftLogWorker was interrupted, exiting. There are 0 tasks remaining in the queue.
2020-07-21 10:23:14,297 [ForkJoinPool.commonPool-worker-0] INFO  segmented.SegmentedRaftLogWorker (SegmentedRaftLogWorker.java:close(234)) - f358e290-f705-4636-941e-77012e86de6c@group-B3FAEA38208E-SegmentedRaftLogWorker close()
2020-07-21 10:23:14,297 [Listener at 127.0.0.1/37905] INFO  server.AbstractConnector (AbstractConnector.java:doStop(380)) - Stopped ServerConnector@12bc9450{HTTP/1.1,[http/1.1]}{0.0.0.0:0}
2020-07-21 10:23:14,297 [Listener at 127.0.0.1/37905] INFO  server.session (HouseKeeper.java:stopScavenging(158)) - node0 Stopped scavenging
2020-07-21 10:23:14,298 [Listener at 127.0.0.1/37905] INFO  handler.ContextHandler (ContextHandler.java:doStop(1016)) - Stopped o.e.j.s.ServletContextHandler@3bf572e0{static,/static,jar:file:/home/user/.m2/repository/org/apache/hadoop/hadoop-hdds-container-service/0.6.0-SNAPSHOT/hadoop-hdds-container-service-0.6.0-SNAPSHOT.jar!/webapps/static,UNAVAILABLE}
2020-07-21 10:23:14,297 [ForkJoinPool.commonPool-worker-0] INFO  metrics.RatisMetrics (RatisMetrics.java:unregister(43)) - Unregistering Metrics Registry : ratis.log_worker.f358e290-f705-4636-941e-77012e86de6c@group-B3FAEA38208E
2020-07-21 10:23:14,298 [ForkJoinPool.commonPool-worker-0] INFO  metrics.RatisMetrics (RatisMetrics.java:unregister(43)) - Unregistering Metrics Registry : ratis.leader_election.f358e290-f705-4636-941e-77012e86de6c@group-B3FAEA38208E
2020-07-21 10:23:14,298 [ForkJoinPool.commonPool-worker-0] INFO  metrics.RatisMetrics (RatisMetrics.java:unregister(43)) - Unregistering Metrics Registry : ratis.server.f358e290-f705-4636-941e-77012e86de6c@group-B3FAEA38208E
2020-07-21 10:23:14,298 [ForkJoinPool.commonPool-worker-0] INFO  server.GrpcService (GrpcService.java:closeImpl(166)) - f358e290-f705-4636-941e-77012e86de6c: shutdown server with port 46351 now
2020-07-21 10:23:14,299 [ForkJoinPool.commonPool-worker-0] INFO  server.GrpcService (GrpcService.java:closeImpl(174)) - f358e290-f705-4636-941e-77012e86de6c: shutdown server with port 46351 successfully
2020-07-21 10:23:14,298 [Listener at 127.0.0.1/37905] INFO  handler.ContextHandler (ContextHandler.java:doStop(1016)) - Stopped o.e.j.s.ServletContextHandler@986deaf{logs,/logs,file:///github/workspace/mnt/ozone/hadoop-ozone/integration-test/target/log,UNAVAILABLE}
2020-07-21 10:23:14,300 [ForkJoinPool.commonPool-worker-0] INFO  utils.BackgroundService (BackgroundService.java:shutdown(157)) - Shutting down service BlockDeletingService
2020-07-21 10:23:14,301 [ForkJoinPool.commonPool-worker-0] INFO  statemachine.DatanodeStateMachine (DatanodeStateMachine.java:stopDaemon(428)) - Ozone container server stopped.
2020-07-21 10:23:14,308 [ForkJoinPool.commonPool-worker-0] INFO  handler.ContextHandler (ContextHandler.java:doStop(1016)) - Stopped o.e.j.w.WebAppContext@1d0544b3{hddsDatanode,/,null,UNAVAILABLE}{jar:file:/home/user/.m2/repository/org/apache/hadoop/hadoop-hdds-container-service/0.6.0-SNAPSHOT/hadoop-hdds-container-service-0.6.0-SNAPSHOT.jar!/webapps/hddsDatanode}
2020-07-21 10:23:14,316 [ForkJoinPool.commonPool-worker-0] INFO  server.AbstractConnector (AbstractConnector.java:doStop(380)) - Stopped ServerConnector@784bb800{HTTP/1.1,[http/1.1]}{0.0.0.0:0}
2020-07-21 10:23:14,317 [ForkJoinPool.commonPool-worker-0] INFO  server.session (HouseKeeper.java:stopScavenging(158)) - node0 Stopped scavenging
2020-07-21 10:23:14,317 [ForkJoinPool.commonPool-worker-0] INFO  handler.ContextHandler (ContextHandler.java:doStop(1016)) - Stopped o.e.j.s.ServletContextHandler@793dbe67{static,/static,jar:file:/home/user/.m2/repository/org/apache/hadoop/hadoop-hdds-container-service/0.6.0-SNAPSHOT/hadoop-hdds-container-service-0.6.0-SNAPSHOT.jar!/webapps/static,UNAVAILABLE}
2020-07-21 10:23:14,318 [ForkJoinPool.commonPool-worker-0] INFO  handler.ContextHandler (ContextHandler.java:doStop(1016)) - Stopped o.e.j.s.ServletContextHandler@63dc973e{logs,/logs,file:///github/workspace/mnt/ozone/hadoop-ozone/integration-test/target/log,UNAVAILABLE}
2020-07-21 10:23:14,913 [Datanode State Machine Thread - 0] INFO  statemachine.DatanodeStateMachine (DatanodeStateMachine.java:lambda$startDaemon$0(380)) - Ozone container server started.
2020-07-21 10:23:19,305 [Listener at 127.0.0.1/37905] INFO  ozoneimpl.OzoneContainer (OzoneContainer.java:stop(247)) - Attempting to stop container services.
2020-07-21 10:23:19,306 [Listener at 127.0.0.1/37905] INFO  impl.RaftServerProxy (RaftServerProxy.java:lambda$close$4(319)) - 8b103efb-4bcc-46ba-8a16-605357281583: close
2020-07-21 10:23:19,307 [Listener at 127.0.0.1/37905] INFO  impl.RaftServerImpl (RaftServerImpl.java:lambda$shutdown$3(263)) - 8b103efb-4bcc-46ba-8a16-605357281583@group-F2587C5BE973: shutdown
2020-07-21 10:23:19,307 [ForkJoinPool.commonPool-worker-1] INFO  impl.RaftServerImpl (RaftServerImpl.java:lambda$shutdown$3(263)) - 8b103efb-4bcc-46ba-8a16-605357281583@group-4BA1FCFD4EB6: shutdown
2020-07-21 10:23:19,307 [Listener at 127.0.0.1/37905] INFO  util.JmxRegister (JmxRegister.java:unregister(73)) - Successfully un-registered JMX Bean with object name Ratis:service=RaftServer,group=group-F2587C5BE973,id=8b103efb-4bcc-46ba-8a16-605357281583
2020-07-21 10:23:19,307 [Listener at 127.0.0.1/37905] INFO  impl.RoleInfo (RoleInfo.java:shutdownLeaderState(104)) - 8b103efb-4bcc-46ba-8a16-605357281583: shutdown LeaderState
2020-07-21 10:23:19,308 [Listener at 127.0.0.1/37905] INFO  impl.PendingRequests (PendingRequests.java:sendNotLeaderResponses(249)) - 8b103efb-4bcc-46ba-8a16-605357281583@group-F2587C5BE973-PendingRequests: sendNotLeaderResponses
2020-07-21 10:23:19,308 [Listener at 127.0.0.1/37905] INFO  metrics.RatisMetrics (RatisMetrics.java:unregister(43)) - Unregistering Metrics Registry : ratis.log_appender.8b103efb-4bcc-46ba-8a16-605357281583@group-F2587C5BE973
2020-07-21 10:23:19,308 [Listener at 127.0.0.1/37905] INFO  metrics.RatisMetrics (RatisMetrics.java:unregister(43)) - Unregistering Metrics Registry : ratis.server.8b103efb-4bcc-46ba-8a16-605357281583@group-F2587C5BE973
2020-07-21 10:23:19,310 [Listener at 127.0.0.1/37905] INFO  impl.StateMachineUpdater (StateMachineUpdater.java:stopAndJoin(142)) - 8b103efb-4bcc-46ba-8a16-605357281583@group-F2587C5BE973-StateMachineUpdater: set stopIndex = 0
2020-07-21 10:23:19,307 [ForkJoinPool.commonPool-worker-1] INFO  util.JmxRegister (JmxRegister.java:unregister(73)) - Successfully un-registered JMX Bean with object name Ratis:service=RaftServer,group=group-4BA1FCFD4EB6,id=8b103efb-4bcc-46ba-8a16-605357281583
2020-07-21 10:23:19,310 [ForkJoinPool.commonPool-worker-1] INFO  impl.RoleInfo (RoleInfo.java:shutdownFollowerState(121)) - 8b103efb-4bcc-46ba-8a16-605357281583: shutdown FollowerState
2020-07-21 10:23:19,310 [Thread-1706] INFO  impl.FollowerState (FollowerState.java:run(117)) - 8b103efb-4bcc-46ba-8a16-605357281583@group-4BA1FCFD4EB6-FollowerState was interrupted: java.lang.InterruptedException: sleep interrupted
2020-07-21 10:23:19,310 [8b103efb-4bcc-46ba-8a16-605357281583@group-F2587C5BE973-StateMachineUpdater] INFO  ratis.ContainerStateMachine (ContainerStateMachine.java:takeSnapshot(293)) - group-F2587C5BE973: Taking a snapshot at:(t:1, i:0) file /github/workspace/mnt/ozone/hadoop-ozone/integration-test/target/test-dir/MiniOzoneClusterImpl-26aa3f93-67e0-4cbe-8624-cf0efb7a6165/datanode-6/data/ratis/e17637be-65a6-4941-b1ee-f2587c5be973/sm/snapshot.1_0
2020-07-21 10:23:19,311 [8b103efb-4bcc-46ba-8a16-605357281583@group-4BA1FCFD4EB6-StateMachineUpdater] INFO  ratis.ContainerStateMachine (ContainerStateMachine.java:takeSnapshot(293)) - group-4BA1FCFD4EB6: Taking a snapshot at:(t:1, i:0) file /github/workspace/mnt/ozone/hadoop-ozone/integration-test/target/test-dir/MiniOzoneClusterImpl-26aa3f93-67e0-4cbe-8624-cf0efb7a6165/datanode-6/data/ratis/876f53f7-c042-4df6-84d9-4ba1fcfd4eb6/sm/snapshot.1_0
2020-07-21 10:23:19,311 [ForkJoinPool.commonPool-worker-1] INFO  impl.StateMachineUpdater (StateMachineUpdater.java:stopAndJoin(142)) - 8b103efb-4bcc-46ba-8a16-605357281583@group-4BA1FCFD4EB6-StateMachineUpdater: set stopIndex = 0
2020-07-21 10:23:19,312 [8b103efb-4bcc-46ba-8a16-605357281583@group-F2587C5BE973-StateMachineUpdater] INFO  ratis.ContainerStateMachine (ContainerStateMachine.java:takeSnapshot(304)) - group-F2587C5BE973: Finished taking a snapshot at:(t:1, i:0) file:/github/workspace/mnt/ozone/hadoop-ozone/integration-test/target/test-dir/MiniOzoneClusterImpl-26aa3f93-67e0-4cbe-8624-cf0efb7a6165/datanode-6/data/ratis/e17637be-65a6-4941-b1ee-f2587c5be973/sm/snapshot.1_0 time:1
2020-07-21 10:23:19,312 [8b103efb-4bcc-46ba-8a16-605357281583@group-F2587C5BE973-StateMachineUpdater] INFO  impl.StateMachineUpdater (StateMachineUpdater.java:takeSnapshot(277)) - 8b103efb-4bcc-46ba-8a16-605357281583@group-F2587C5BE973-StateMachineUpdater: Took a snapshot at index 0
2020-07-21 10:23:19,312 [8b103efb-4bcc-46ba-8a16-605357281583@group-F2587C5BE973-StateMachineUpdater] INFO  impl.StateMachineUpdater (StateMachineUpdater.java:lambda$new$0(87)) - 8b103efb-4bcc-46ba-8a16-605357281583@group-F2587C5BE973-StateMachineUpdater: snapshotIndex: updateIncreasingly -1 -> 0
2020-07-21 10:23:19,312 [8b103efb-4bcc-46ba-8a16-605357281583@group-F2587C5BE973-StateMachineUpdater] INFO  metrics.RatisMetrics (RatisMetrics.java:unregister(43)) - Unregistering Metrics Registry : ratis.state_machine.8b103efb-4bcc-46ba-8a16-605357281583@group-F2587C5BE973
2020-07-21 10:23:19,312 [Listener at 127.0.0.1/37905] INFO  impl.RaftServerImpl (ServerState.java:close(387)) - 8b103efb-4bcc-46ba-8a16-605357281583@group-F2587C5BE973: closes. applyIndex: 0
2020-07-21 10:23:19,313 [8b103efb-4bcc-46ba-8a16-605357281583@group-4BA1FCFD4EB6-StateMachineUpdater] INFO  ratis.ContainerStateMachine (ContainerStateMachine.java:takeSnapshot(304)) - group-4BA1FCFD4EB6: Finished taking a snapshot at:(t:1, i:0) file:/github/workspace/mnt/ozone/hadoop-ozone/integration-test/target/test-dir/MiniOzoneClusterImpl-26aa3f93-67e0-4cbe-8624-cf0efb7a6165/datanode-6/data/ratis/876f53f7-c042-4df6-84d9-4ba1fcfd4eb6/sm/snapshot.1_0 time:1
2020-07-21 10:23:19,313 [8b103efb-4bcc-46ba-8a16-605357281583@group-4BA1FCFD4EB6-StateMachineUpdater] INFO  impl.StateMachineUpdater (StateMachineUpdater.java:takeSnapshot(277)) - 8b103efb-4bcc-46ba-8a16-605357281583@group-4BA1FCFD4EB6-StateMachineUpdater: Took a snapshot at index 0
2020-07-21 10:23:19,313 [8b103efb-4bcc-46ba-8a16-605357281583@group-4BA1FCFD4EB6-StateMachineUpdater] INFO  impl.StateMachineUpdater (StateMachineUpdater.java:lambda$new$0(87)) - 8b103efb-4bcc-46ba-8a16-605357281583@group-4BA1FCFD4EB6-StateMachineUpdater: snapshotIndex: updateIncreasingly -1 -> 0
2020-07-21 10:23:19,313 [8b103efb-4bcc-46ba-8a16-605357281583@group-4BA1FCFD4EB6-StateMachineUpdater] INFO  metrics.RatisMetrics (RatisMetrics.java:unregister(43)) - Unregistering Metrics Registry : ratis.state_machine.8b103efb-4bcc-46ba-8a16-605357281583@group-4BA1FCFD4EB6
2020-07-21 10:23:19,314 [ForkJoinPool.commonPool-worker-1] INFO  impl.RaftServerImpl (ServerState.java:close(387)) - 8b103efb-4bcc-46ba-8a16-605357281583@group-4BA1FCFD4EB6: closes. applyIndex: 0
2020-07-21 10:23:19,314 [8b103efb-4bcc-46ba-8a16-605357281583@group-F2587C5BE973-SegmentedRaftLogWorker] INFO  segmented.SegmentedRaftLogWorker (SegmentedRaftLogWorker.java:run(327)) - 8b103efb-4bcc-46ba-8a16-605357281583@group-F2587C5BE973-SegmentedRaftLogWorker was interrupted, exiting. There are 0 tasks remaining in the queue.
2020-07-21 10:23:19,314 [8b103efb-4bcc-46ba-8a16-605357281583@group-4BA1FCFD4EB6-SegmentedRaftLogWorker] INFO  segmented.SegmentedRaftLogWorker (SegmentedRaftLogWorker.java:run(327)) - 8b103efb-4bcc-46ba-8a16-605357281583@group-4BA1FCFD4EB6-SegmentedRaftLogWorker was interrupted, exiting. There are 0 tasks remaining in the queue.
2020-07-21 10:23:19,314 [ForkJoinPool.commonPool-worker-1] INFO  segmented.SegmentedRaftLogWorker (SegmentedRaftLogWorker.java:close(234)) - 8b103efb-4bcc-46ba-8a16-605357281583@group-4BA1FCFD4EB6-SegmentedRaftLogWorker close()
2020-07-21 10:23:19,314 [Listener at 127.0.0.1/37905] INFO  segmented.SegmentedRaftLogWorker (SegmentedRaftLogWorker.java:close(234)) - 8b103efb-4bcc-46ba-8a16-605357281583@group-F2587C5BE973-SegmentedRaftLogWorker close()
2020-07-21 10:23:19,315 [ForkJoinPool.commonPool-worker-1] INFO  metrics.RatisMetrics (RatisMetrics.java:unregister(43)) - Unregistering Metrics Registry : ratis.log_worker.8b103efb-4bcc-46ba-8a16-605357281583@group-4BA1FCFD4EB6
2020-07-21 10:23:19,315 [Listener at 127.0.0.1/37905] INFO  metrics.RatisMetrics (RatisMetrics.java:unregister(43)) - Unregistering Metrics Registry : ratis.log_worker.8b103efb-4bcc-46ba-8a16-605357281583@group-F2587C5BE973
2020-07-21 10:23:19,316 [ForkJoinPool.commonPool-worker-1] INFO  metrics.RatisMetrics (RatisMetrics.java:unregister(43)) - Unregistering Metrics Registry : ratis.leader_election.8b103efb-4bcc-46ba-8a16-605357281583@group-4BA1FCFD4EB6
2020-07-21 10:23:19,316 [Listener at 127.0.0.1/37905] INFO  metrics.RatisMetrics (RatisMetrics.java:unregister(43)) - Unregistering Metrics Registry : ratis.leader_election.8b103efb-4bcc-46ba-8a16-605357281583@group-F2587C5BE973
2020-07-21 10:23:19,316 [ForkJoinPool.commonPool-worker-1] INFO  metrics.RatisMetrics (RatisMetrics.java:unregister(43)) - Unregistering Metrics Registry : ratis.server.8b103efb-4bcc-46ba-8a16-605357281583@group-4BA1FCFD4EB6
2020-07-21 10:23:19,316 [Listener at 127.0.0.1/37905] INFO  metrics.RatisMetrics (RatisMetrics.java:unregister(43)) - Unregistering Metrics Registry : ratis.server.8b103efb-4bcc-46ba-8a16-605357281583@group-F2587C5BE973
2020-07-21 10:23:19,316 [Listener at 127.0.0.1/37905] INFO  server.GrpcService (GrpcService.java:closeImpl(166)) - 8b103efb-4bcc-46ba-8a16-605357281583: shutdown server with port 34397 now
2020-07-21 10:23:19,317 [Listener at 127.0.0.1/37905] INFO  server.GrpcService (GrpcService.java:closeImpl(174)) - 8b103efb-4bcc-46ba-8a16-605357281583: shutdown server with port 34397 successfully
2020-07-21 10:23:19,318 [Listener at 127.0.0.1/37905] INFO  utils.BackgroundService (BackgroundService.java:shutdown(157)) - Shutting down service BlockDeletingService
2020-07-21 10:23:19,319 [Listener at 127.0.0.1/37905] INFO  statemachine.DatanodeStateMachine (DatanodeStateMachine.java:stopDaemon(428)) - Ozone container server stopped.
2020-07-21 10:23:19,325 [Listener at 127.0.0.1/37905] INFO  handler.ContextHandler (ContextHandler.java:doStop(1016)) - Stopped o.e.j.w.WebAppContext@3f3b50df{hddsDatanode,/,null,UNAVAILABLE}{jar:file:/home/user/.m2/repository/org/apache/hadoop/hadoop-hdds-container-service/0.6.0-SNAPSHOT/hadoop-hdds-container-service-0.6.0-SNAPSHOT.jar!/webapps/hddsDatanode}
2020-07-21 10:23:19,326 [Listener at 127.0.0.1/37905] INFO  server.AbstractConnector (AbstractConnector.java:doStop(380)) - Stopped ServerConnector@206100aa{HTTP/1.1,[http/1.1]}{0.0.0.0:0}
2020-07-21 10:23:19,326 [Listener at 127.0.0.1/37905] INFO  server.session (HouseKeeper.java:stopScavenging(158)) - node0 Stopped scavenging
2020-07-21 10:23:19,327 [Listener at 127.0.0.1/37905] INFO  handler.ContextHandler (ContextHandler.java:doStop(1016)) - Stopped o.e.j.s.ServletContextHandler@29cbdd86{static,/static,jar:file:/home/user/.m2/repository/org/apache/hadoop/hadoop-hdds-container-service/0.6.0-SNAPSHOT/hadoop-hdds-container-service-0.6.0-SNAPSHOT.jar!/webapps/static,UNAVAILABLE}
2020-07-21 10:23:19,327 [Listener at 127.0.0.1/37905] INFO  handler.ContextHandler (ContextHandler.java:doStop(1016)) - Stopped o.e.j.s.ServletContextHandler@51c316cb{logs,/logs,file:///github/workspace/mnt/ozone/hadoop-ozone/integration-test/target/log,UNAVAILABLE}
2020-07-21 10:23:19,328 [Listener at 127.0.0.1/37905] INFO  ozone.MiniOzoneClusterImpl (MiniOzoneClusterImpl.java:stopSCM(476)) - Stopping the StorageContainerManager
2020-07-21 10:23:19,328 [Listener at 127.0.0.1/37905] INFO  server.StorageContainerManager (StorageContainerManager.java:stop(827)) - Stopping Replication Manager Service.
2020-07-21 10:23:19,328 [Listener at 127.0.0.1/37905] INFO  container.ReplicationManager (ReplicationManager.java:stop(218)) - Stopping Replication Monitor Thread.
2020-07-21 10:23:19,329 [Listener at 127.0.0.1/37905] INFO  server.StorageContainerManager (StorageContainerManager.java:stop(834)) - Stopping Lease Manager of the command watchers
2020-07-21 10:23:19,329 [Listener at 127.0.0.1/37905] INFO  server.StorageContainerManager (StorageContainerManager.java:stop(841)) - Stopping datanode service RPC server
2020-07-21 10:23:19,329 [CommandWatcher-LeaseManager#LeaseMonitor] ERROR lease.LeaseManager (LeaseManager.java:run(238)) - Execution was interrupted 
java.lang.InterruptedException: sleep interrupted
	at java.lang.Thread.sleep(Native Method)
	at org.apache.hadoop.ozone.lease.LeaseManager$LeaseMonitor.run(LeaseManager.java:234)
	at java.lang.Thread.run(Thread.java:748)
2020-07-21 10:23:19,329 [Listener at 127.0.0.1/37905] INFO  server.SCMDatanodeProtocolServer (SCMDatanodeProtocolServer.java:stop(361)) - Stopping the RPC server for DataNodes
2020-07-21 10:23:19,329 [Listener at 127.0.0.1/37905] INFO  ipc.Server (Server.java:stop(3359)) - Stopping server on 38247
2020-07-21 10:23:19,331 [IPC Server listener on 0] INFO  ipc.Server (Server.java:run(1330)) - Stopping IPC Server listener on 0
2020-07-21 10:23:19,331 [IPC Server Responder] INFO  ipc.Server (Server.java:run(1465)) - Stopping IPC Server Responder
2020-07-21 10:23:19,369 [SCM Heartbeat Processing Thread - 0] WARN  node.NodeStateManager (NodeStateManager.java:scheduleNextHealthCheck(661)) - Current Thread is interrupted, shutting down HB processing thread for Node Manager.
2020-07-21 10:23:19,369 [Listener at 127.0.0.1/37905] INFO  server.StorageContainerManager (StorageContainerManager.java:stop(849)) - Stopping block service RPC server
2020-07-21 10:23:19,370 [Listener at 127.0.0.1/37905] INFO  server.SCMBlockProtocolServer (SCMBlockProtocolServer.java:stop(158)) - Stopping the RPC server for Block Protocol
2020-07-21 10:23:19,370 [Listener at 127.0.0.1/37905] INFO  ipc.Server (Server.java:stop(3359)) - Stopping server on 42251
2020-07-21 10:23:19,372 [IPC Server listener on 0] INFO  ipc.Server (Server.java:run(1330)) - Stopping IPC Server listener on 0
2020-07-21 10:23:19,373 [IPC Server Responder] INFO  ipc.Server (Server.java:run(1465)) - Stopping IPC Server Responder
2020-07-21 10:23:19,373 [Listener at 127.0.0.1/37905] INFO  server.StorageContainerManager (StorageContainerManager.java:stop(856)) - Stopping the StorageContainerLocationProtocol RPC server
2020-07-21 10:23:19,373 [Listener at 127.0.0.1/37905] INFO  server.SCMClientProtocolServer (SCMClientProtocolServer.java:stop(165)) - Stopping the RPC server for Client Protocol
2020-07-21 10:23:19,373 [Listener at 127.0.0.1/37905] INFO  ipc.Server (Server.java:stop(3359)) - Stopping server on 42143
2020-07-21 10:23:19,375 [IPC Server listener on 0] INFO  ipc.Server (Server.java:run(1330)) - Stopping IPC Server listener on 0
2020-07-21 10:23:19,379 [Listener at 127.0.0.1/37905] INFO  server.StorageContainerManager (StorageContainerManager.java:stop(863)) - Stopping Storage Container Manager HTTP server.
2020-07-21 10:23:19,379 [IPC Server Responder] INFO  ipc.Server (Server.java:run(1465)) - Stopping IPC Server Responder
2020-07-21 10:23:19,380 [Listener at 127.0.0.1/37905] INFO  handler.ContextHandler (ContextHandler.java:doStop(1016)) - Stopped o.e.j.w.WebAppContext@153e2f2f{scm,/,null,UNAVAILABLE}{file:/github/workspace/mnt/ozone/hadoop-ozone/integration-test/target/test-classes/webapps/scm}
2020-07-21 10:23:19,380 [Listener at 127.0.0.1/37905] INFO  server.AbstractConnector (AbstractConnector.java:doStop(380)) - Stopped ServerConnector@41c6dbac{HTTP/1.1,[http/1.1]}{0.0.0.0:0}
2020-07-21 10:23:19,380 [Listener at 127.0.0.1/37905] INFO  server.session (HouseKeeper.java:stopScavenging(158)) - node0 Stopped scavenging
2020-07-21 10:23:19,380 [Listener at 127.0.0.1/37905] INFO  handler.ContextHandler (ContextHandler.java:doStop(1016)) - Stopped o.e.j.s.ServletContextHandler@29923d3d{static,/static,file:///github/workspace/mnt/ozone/hadoop-ozone/integration-test/target/test-classes/webapps/static,UNAVAILABLE}
2020-07-21 10:23:19,380 [Listener at 127.0.0.1/37905] INFO  handler.ContextHandler (ContextHandler.java:doStop(1016)) - Stopped o.e.j.s.ServletContextHandler@2968ff7a{logs,/logs,file:///github/workspace/mnt/ozone/hadoop-ozone/integration-test/target/log,UNAVAILABLE}
2020-07-21 10:23:19,381 [Listener at 127.0.0.1/37905] INFO  server.StorageContainerManager (StorageContainerManager.java:stop(874)) - Stopping Block Manager Service.
2020-07-21 10:23:19,381 [Listener at 127.0.0.1/37905] INFO  utils.BackgroundService (BackgroundService.java:shutdown(157)) - Shutting down service SCMBlockDeletingService
2020-07-21 10:23:19,381 [Listener at 127.0.0.1/37905] INFO  utils.BackgroundService (BackgroundService.java:shutdown(157)) - Shutting down service SCMBlockDeletingService
2020-07-21 10:23:19,382 [Listener at 127.0.0.1/37905] INFO  server.StorageContainerManager (StorageContainerManager.java:stop(899)) - Stopping SCM Event Queue.
2020-07-21 10:23:19,384 [Listener at 127.0.0.1/37905] INFO  impl.MetricsSystemImpl (MetricsSystemImpl.java:stop(210)) - Stopping HddsDatanode metrics system...
2020-07-21 10:23:19,389 [Listener at 127.0.0.1/37905] INFO  impl.MetricsSystemImpl (MetricsSystemImpl.java:stop(216)) - HddsDatanode metrics system stopped.
]]></system-out>
    <system-err><![CDATA[Jul 21, 2020 10:22:48 AM org.apache.ratis.thirdparty.io.grpc.internal.ManagedChannelOrphanWrapper$ManagedChannelReference cleanQueue
SEVERE: *~*~*~ Channel ManagedChannelImpl{logId=655, target=172.17.0.2:37467} was not shutdown properly!!! ~*~*~*
    Make sure to call shutdown()/shutdownNow() and wait until awaitTermination() returns true.
java.lang.RuntimeException: ManagedChannel allocation site
	at org.apache.ratis.thirdparty.io.grpc.internal.ManagedChannelOrphanWrapper$ManagedChannelReference.<init>(ManagedChannelOrphanWrapper.java:94)
	at org.apache.ratis.thirdparty.io.grpc.internal.ManagedChannelOrphanWrapper.<init>(ManagedChannelOrphanWrapper.java:52)
	at org.apache.ratis.thirdparty.io.grpc.internal.ManagedChannelOrphanWrapper.<init>(ManagedChannelOrphanWrapper.java:43)
	at org.apache.ratis.thirdparty.io.grpc.internal.AbstractManagedChannelImplBuilder.build(AbstractManagedChannelImplBuilder.java:518)
	at org.apache.ratis.grpc.client.GrpcClientProtocolClient.<init>(GrpcClientProtocolClient.java:128)
	at org.apache.ratis.grpc.client.GrpcClientRpc.lambda$new$0(GrpcClientRpc.java:55)
	at org.apache.ratis.util.PeerProxyMap$PeerAndProxy.lambda$getProxy$0(PeerProxyMap.java:62)
	at org.apache.ratis.util.LifeCycle.startAndTransition(LifeCycle.java:214)
	at org.apache.ratis.util.PeerProxyMap$PeerAndProxy.getProxy(PeerProxyMap.java:61)
	at org.apache.ratis.util.PeerProxyMap.getProxy(PeerProxyMap.java:109)
	at org.apache.ratis.grpc.client.GrpcClientRpc.sendRequestAsync(GrpcClientRpc.java:66)
	at org.apache.ratis.client.impl.OrderedAsync.sendRequest(OrderedAsync.java:233)
	at org.apache.ratis.client.impl.OrderedAsync.sendRequestWithRetry(OrderedAsync.java:187)
	at org.apache.ratis.util.SlidingWindow$Client.sendOrDelayRequest(SlidingWindow.java:278)
	at org.apache.ratis.util.SlidingWindow$Client.submitNewRequest(SlidingWindow.java:257)
	at org.apache.ratis.client.impl.OrderedAsync.send(OrderedAsync.java:168)
	at org.apache.ratis.client.impl.OrderedAsync.newInstance(OrderedAsync.java:117)
	at org.apache.ratis.client.impl.RaftClientImpl.lambda$new$0(RaftClientImpl.java:127)
	at org.apache.ratis.util.MemoizedSupplier.get(MemoizedSupplier.java:62)
	at org.apache.ratis.client.impl.RaftClientImpl.getOrderedAsync(RaftClientImpl.java:150)
	at org.apache.ratis.client.impl.RaftClientImpl.sendAsync(RaftClientImpl.java:188)
	at org.apache.ratis.client.impl.RaftClientImpl.sendAsync(RaftClientImpl.java:160)
	at org.apache.hadoop.hdds.scm.XceiverClientRatis.lambda$sendRequestAsync$3(XceiverClientRatis.java:224)
	at org.apache.hadoop.hdds.tracing.TracingUtil.executeInNewSpan(TracingUtil.java:159)
	at org.apache.hadoop.hdds.scm.XceiverClientRatis.sendRequestAsync(XceiverClientRatis.java:209)
	at org.apache.hadoop.hdds.scm.XceiverClientRatis.sendCommandAsync(XceiverClientRatis.java:305)
	at org.apache.hadoop.ozone.client.rpc.TestWatchForCommit.testWatchForCommitForGroupMismatchException(TestWatchForCommit.java:337)
	at sun.reflect.NativeMethodAccessorImpl.invoke0(Native Method)
	at sun.reflect.NativeMethodAccessorImpl.invoke(NativeMethodAccessorImpl.java:62)
	at sun.reflect.DelegatingMethodAccessorImpl.invoke(DelegatingMethodAccessorImpl.java:43)
	at java.lang.reflect.Method.invoke(Method.java:498)
	at org.junit.runners.model.FrameworkMethod$1.runReflectiveCall(FrameworkMethod.java:47)
	at org.junit.internal.runners.model.ReflectiveCallable.run(ReflectiveCallable.java:12)
	at org.junit.runners.model.FrameworkMethod.invokeExplosively(FrameworkMethod.java:44)
	at org.junit.internal.runners.statements.InvokeMethod.evaluate(InvokeMethod.java:17)
	at org.junit.internal.runners.statements.RunBefores.evaluate(RunBefores.java:26)
	at org.junit.internal.runners.statements.RunAfters.evaluate(RunAfters.java:27)
	at org.junit.runners.ParentRunner.runLeaf(ParentRunner.java:271)
	at org.junit.runners.BlockJUnit4ClassRunner.runChild(BlockJUnit4ClassRunner.java:70)
	at org.junit.runners.BlockJUnit4ClassRunner.runChild(BlockJUnit4ClassRunner.java:50)
	at org.junit.runners.ParentRunner$3.run(ParentRunner.java:238)
	at org.junit.runners.ParentRunner$1.schedule(ParentRunner.java:63)
	at org.junit.runners.ParentRunner.runChildren(ParentRunner.java:236)
	at org.junit.runners.ParentRunner.access$000(ParentRunner.java:53)
	at org.junit.runners.ParentRunner$2.evaluate(ParentRunner.java:229)
	at org.junit.runners.ParentRunner.run(ParentRunner.java:309)
	at org.apache.maven.surefire.junit4.JUnit4Provider.execute(JUnit4Provider.java:365)
	at org.apache.maven.surefire.junit4.JUnit4Provider.executeWithRerun(JUnit4Provider.java:273)
	at org.apache.maven.surefire.junit4.JUnit4Provider.executeTestSet(JUnit4Provider.java:238)
	at org.apache.maven.surefire.junit4.JUnit4Provider.invoke(JUnit4Provider.java:159)
	at org.apache.maven.surefire.booter.ForkedBooter.invokeProviderInSameClassLoader(ForkedBooter.java:384)
	at org.apache.maven.surefire.booter.ForkedBooter.runSuitesInProcess(ForkedBooter.java:345)
	at org.apache.maven.surefire.booter.ForkedBooter.execute(ForkedBooter.java:126)
	at org.apache.maven.surefire.booter.ForkedBooter.main(ForkedBooter.java:418)

]]></system-err>
  </testcase>
</testsuite>