<?xml version="1.0" encoding="UTF-8"?>
<testsuite xmlns:xsi="http://www.w3.org/2001/XMLSchema-instance" xsi:noNamespaceSchemaLocation="https://maven.apache.org/surefire/maven-surefire-plugin/xsd/surefire-test-report-3.0.xsd" version="3.0" name="org.apache.hadoop.ozone.om.TestOzoneManagerPrepare" time="182.027" tests="1" errors="1" skipped="0" failures="0">
  <properties>
    <property name="awt.toolkit" value="sun.awt.X11.XToolkit"/>
    <property name="file.encoding.pkg" value="sun.io"/>
    <property name="java.specification.version" value="1.8"/>
    <property name="sun.cpu.isalist" value=""/>
    <property name="sun.jnu.encoding" value="UTF-8"/>
    <property name="java.class.path" value="/home/runner/work/ozone/ozone/hadoop-ozone/integration-test/target/test-classes:/home/runner/work/ozone/ozone/hadoop-ozone/integration-test/target/classes:/home/runner/.m2/repository/org/apache/ozone/ozone-common/1.3.0-SNAPSHOT/ozone-common-1.3.0-SNAPSHOT.jar:/home/runner/.m2/repository/io/grpc/grpc-netty/1.48.1/grpc-netty-1.48.1.jar:/home/runner/.m2/repository/io/grpc/grpc-core/1.48.1/grpc-core-1.48.1.jar:/home/runner/.m2/repository/com/google/android/annotations/4.1.1.4/annotations-4.1.1.4.jar:/home/runner/.m2/repository/org/codehaus/mojo/animal-sniffer-annotations/1.21/animal-sniffer-annotations-1.21.jar:/home/runner/.m2/repository/com/google/errorprone/error_prone_annotations/2.2.0/error_prone_annotations-2.2.0.jar:/home/runner/.m2/repository/io/perfmark/perfmark-api/0.25.0/perfmark-api-0.25.0.jar:/home/runner/.m2/repository/io/netty/netty-codec-http2/4.1.79.Final/netty-codec-http2-4.1.79.Final.jar:/home/runner/.m2/repository/io/netty/netty-common/4.1.79.Final/netty-common-4.1.79.Final.jar:/home/runner/.m2/repository/io/netty/netty-buffer/4.1.79.Final/netty-buffer-4.1.79.Final.jar:/home/runner/.m2/repository/io/netty/netty-codec-http/4.1.79.Final/netty-codec-http-4.1.79.Final.jar:/home/runner/.m2/repository/io/netty/netty-handler-proxy/4.1.79.Final/netty-handler-proxy-4.1.79.Final.jar:/home/runner/.m2/repository/io/netty/netty-codec-socks/4.1.79.Final/netty-codec-socks-4.1.79.Final.jar:/home/runner/.m2/repository/io/netty/netty-tcnative-boringssl-static/2.0.53.Final/netty-tcnative-boringssl-static-2.0.53.Final.jar:/home/runner/.m2/repository/io/netty/netty-tcnative-classes/2.0.53.Final/netty-tcnative-classes-2.0.53.Final.jar:/home/runner/.m2/repository/io/netty/netty-tcnative-boringssl-static/2.0.53.Final/netty-tcnative-boringssl-static-2.0.53.Final-linux-x86_64.jar:/home/runner/.m2/repository/io/netty/netty-tcnative-boringssl-static/2.0.53.Final/netty-tcnative-boringssl-static-2.0.53.Final-linux-aarch_64.jar:/home/runner/.m2/repository/io/netty/netty-tcnative-boringssl-static/2.0.53.Final/netty-tcnative-boringssl-static-2.0.53.Final-osx-x86_64.jar:/home/runner/.m2/repository/io/netty/netty-tcnative-boringssl-static/2.0.53.Final/netty-tcnative-boringssl-static-2.0.53.Final-osx-aarch_64.jar:/home/runner/.m2/repository/io/netty/netty-tcnative-boringssl-static/2.0.53.Final/netty-tcnative-boringssl-static-2.0.53.Final-windows-x86_64.jar:/home/runner/.m2/repository/org/apache/commons/commons-compress/1.21/commons-compress-1.21.jar:/home/runner/.m2/repository/org/apache/ozone/hdds-common/1.3.0-SNAPSHOT/hdds-common-1.3.0-SNAPSHOT.jar:/home/runner/.m2/repository/org/apache/ozone/hdds-client/1.3.0-SNAPSHOT/hdds-client-1.3.0-SNAPSHOT.jar:/home/runner/.m2/repository/org/apache/ozone/ozone-interface-client/1.3.0-SNAPSHOT/ozone-interface-client-1.3.0-SNAPSHOT.jar:/home/runner/.m2/repository/org/apache/ozone/hdds-test-utils/1.3.0-SNAPSHOT/hdds-test-utils-1.3.0-SNAPSHOT.jar:/home/runner/.m2/repository/com/google/guava/guava/31.1-jre/guava-31.1-jre.jar:/home/runner/.m2/repository/com/google/guava/failureaccess/1.0.1/failureaccess-1.0.1.jar:/home/runner/.m2/repository/com/google/guava/listenablefuture/9999.0-empty-to-avoid-conflict-with-guava/listenablefuture-9999.0-empty-to-avoid-conflict-with-guava.jar:/home/runner/.m2/repository/com/google/code/findbugs/jsr305/3.0.0/jsr305-3.0.0.jar:/home/runner/.m2/repository/org/checkerframework/checker-qual/3.12.0/checker-qual-3.12.0.jar:/home/runner/.m2/repository/com/google/j2objc/j2objc-annotations/1.3/j2objc-annotations-1.3.jar:/home/runner/.m2/repository/commons-io/commons-io/2.11.0/commons-io-2.11.0.jar:/home/runner/.m2/repository/commons-logging/commons-logging/1.2/commons-logging-1.2.jar:/home/runner/.m2/repository/log4j/log4j/1.2.17/log4j-1.2.17.jar:/home/runner/.m2/repository/org/slf4j/slf4j-api/1.7.30/slf4j-api-1.7.30.jar:/home/runner/.m2/repository/org/apache/ozone/hdds-server-scm/1.3.0-SNAPSHOT/hdds-server-scm-1.3.0-SNAPSHOT.jar:/home/runner/.m2/repository/org/apache/ozone/hdds-container-service/1.3.0-SNAPSHOT/hdds-container-service-1.3.0-SNAPSHOT.jar:/home/runner/.m2/repository/org/apache/ozone/hdds-hadoop-dependency-server/1.3.0-SNAPSHOT/hdds-hadoop-dependency-server-1.3.0-SNAPSHOT.jar:/home/runner/.m2/repository/org/apache/hadoop/hadoop-hdfs/3.3.1/hadoop-hdfs-3.3.1.jar:/home/runner/.m2/repository/org/apache/ozone/hdds-server-framework/1.3.0-SNAPSHOT/hdds-server-framework-1.3.0-SNAPSHOT.jar:/home/runner/.m2/repository/org/apache/ozone/hdds-interface-server/1.3.0-SNAPSHOT/hdds-interface-server-1.3.0-SNAPSHOT.jar:/home/runner/.m2/repository/org/apache/logging/log4j/log4j-core/2.17.1/log4j-core-2.17.1.jar:/home/runner/.m2/repository/com/lmax/disruptor/3.4.2/disruptor-3.4.2.jar:/home/runner/.m2/repository/org/eclipse/jetty/jetty-servlet/9.4.43.v20210629/jetty-servlet-9.4.43.v20210629.jar:/home/runner/.m2/repository/org/eclipse/jetty/jetty-security/9.4.43.v20210629/jetty-security-9.4.43.v20210629.jar:/home/runner/.m2/repository/org/rocksdb/rocksdbjni/6.29.5/rocksdbjni-6.29.5.jar:/home/runner/.m2/repository/io/prometheus/simpleclient_dropwizard/0.7.0/simpleclient_dropwizard-0.7.0.jar:/home/runner/.m2/repository/io/prometheus/simpleclient/0.7.0/simpleclient-0.7.0.jar:/home/runner/.m2/repository/io/prometheus/simpleclient_common/0.7.0/simpleclient_common-0.7.0.jar:/home/runner/.m2/repository/io/dropwizard/metrics/metrics-core/3.2.4/metrics-core-3.2.4.jar:/home/runner/.m2/repository/org/apache/hadoop/hadoop-hdfs-client/3.3.1/hadoop-hdfs-client-3.3.1.jar:/home/runner/.m2/repository/org/bouncycastle/bcprov-jdk15on/1.67/bcprov-jdk15on-1.67.jar:/home/runner/.m2/repository/com/google/protobuf/protobuf-java/2.5.0/protobuf-java-2.5.0.jar:/home/runner/.m2/repository/org/apache/ozone/ozone-manager/1.3.0-SNAPSHOT/ozone-manager-1.3.0-SNAPSHOT.jar:/home/runner/.m2/repository/org/aspectj/aspectjrt/1.9.7/aspectjrt-1.9.7.jar:/home/runner/.m2/repository/org/aspectj/aspectjweaver/1.9.7/aspectjweaver-1.9.7.jar:/home/runner/.m2/repository/org/apache/ozone/hdds-interface-client/1.3.0-SNAPSHOT/hdds-interface-client-1.3.0-SNAPSHOT.jar:/home/runner/.m2/repository/org/apache/hadoop/thirdparty/hadoop-shaded-protobuf_3_7/1.1.1/hadoop-shaded-protobuf_3_7-1.1.1.jar:/home/runner/.m2/repository/org/apache/ozone/ozone-interface-storage/1.3.0-SNAPSHOT/ozone-interface-storage-1.3.0-SNAPSHOT.jar:/home/runner/.m2/repository/org/reflections/reflections/0.9.11/reflections-0.9.11.jar:/home/runner/.m2/repository/com/sun/jersey/jersey-client/1.19/jersey-client-1.19.jar:/home/runner/.m2/repository/org/apache/ranger/ranger-intg/2.3.0/ranger-intg-2.3.0.jar:/home/runner/.m2/repository/org/apache/ranger/ranger-plugins-common/2.3.0/ranger-plugins-common-2.3.0.jar:/home/runner/.m2/repository/commons-lang/commons-lang/2.6/commons-lang-2.6.jar:/home/runner/.m2/repository/org/codehaus/jackson/jackson-jaxrs/1.9.13/jackson-jaxrs-1.9.13.jar:/home/runner/.m2/repository/org/apache/ranger/ranger-plugins-cred/2.3.0/ranger-plugins-cred-2.3.0.jar:/home/runner/.m2/repository/org/apache/ranger/ranger-plugins-audit/2.3.0/ranger-plugins-audit-2.3.0.jar:/home/runner/.m2/repository/org/eclipse/jetty/jetty-client/9.4.31.v20200723/jetty-client-9.4.31.v20200723.jar:/home/runner/.m2/repository/org/apache/httpcomponents/httpmime/4.5.6/httpmime-4.5.6.jar:/home/runner/.m2/repository/org/apache/httpcomponents/httpcore-nio/4.4.6/httpcore-nio-4.4.6.jar:/home/runner/.m2/repository/org/apache/httpcomponents/httpasyncclient/4.1.3/httpasyncclient-4.1.3.jar:/home/runner/.m2/repository/com/carrotsearch/hppc/0.8.0/hppc-0.8.0.jar:/home/runner/.m2/repository/org/apache/orc/orc-core/1.5.8/orc-core-1.5.8.jar:/home/runner/.m2/repository/net/java/dev/jna/jna/5.2.0/jna-5.2.0.jar:/home/runner/.m2/repository/net/java/dev/jna/jna-platform/5.2.0/jna-platform-5.2.0.jar:/home/runner/.m2/repository/com/kstruct/gethostname4j/0.0.2/gethostname4j-0.0.2.jar:/home/runner/.m2/repository/org/apache/ranger/ranger-plugin-classloader/2.3.0/ranger-plugin-classloader-2.3.0.jar:/home/runner/.m2/repository/org/apache/hadoop/hadoop-minikdc/3.3.1/hadoop-minikdc-3.3.1.jar:/home/runner/.m2/repository/org/apache/kerby/kerb-simplekdc/1.0.1/kerb-simplekdc-1.0.1.jar:/home/runner/.m2/repository/org/apache/kerby/kerb-client/1.0.1/kerb-client-1.0.1.jar:/home/runner/.m2/repository/org/apache/kerby/kerby-config/1.0.1/kerby-config-1.0.1.jar:/home/runner/.m2/repository/org/apache/kerby/kerb-common/1.0.1/kerb-common-1.0.1.jar:/home/runner/.m2/repository/org/apache/kerby/kerb-crypto/1.0.1/kerb-crypto-1.0.1.jar:/home/runner/.m2/repository/org/apache/kerby/kerb-util/1.0.1/kerb-util-1.0.1.jar:/home/runner/.m2/repository/org/apache/kerby/token-provider/1.0.1/token-provider-1.0.1.jar:/home/runner/.m2/repository/org/apache/kerby/kerb-admin/1.0.1/kerb-admin-1.0.1.jar:/home/runner/.m2/repository/org/apache/kerby/kerb-server/1.0.1/kerb-server-1.0.1.jar:/home/runner/.m2/repository/org/apache/kerby/kerb-identity/1.0.1/kerb-identity-1.0.1.jar:/home/runner/.m2/repository/org/apache/kerby/kerby-xdr/1.0.1/kerby-xdr-1.0.1.jar:/home/runner/.m2/repository/org/slf4j/slf4j-log4j12/1.7.30/slf4j-log4j12-1.7.30.jar:/home/runner/.m2/repository/org/apache/ozone/ozone-s3gateway/1.3.0-SNAPSHOT/ozone-s3gateway-1.3.0-SNAPSHOT.jar:/home/runner/.m2/repository/org/javassist/javassist/3.21.0-GA/javassist-3.21.0-GA.jar:/home/runner/.m2/repository/org/jboss/weld/servlet/weld-servlet/2.4.7.Final/weld-servlet-2.4.7.Final.jar:/home/runner/.m2/repository/org/glassfish/jersey/containers/jersey-container-servlet-core/2.33/jersey-container-servlet-core-2.33.jar:/home/runner/.m2/repository/org/glassfish/hk2/external/jakarta.inject/2.6.1/jakarta.inject-2.6.1.jar:/home/runner/.m2/repository/org/glassfish/jersey/core/jersey-common/2.33/jersey-common-2.33.jar:/home/runner/.m2/repository/jakarta/ws/rs/jakarta.ws.rs-api/2.1.6/jakarta.ws.rs-api-2.1.6.jar:/home/runner/.m2/repository/org/glassfish/jersey/ext/cdi/jersey-cdi1x/2.33/jersey-cdi1x-2.33.jar:/home/runner/.m2/repository/org/glassfish/jersey/inject/jersey-hk2/2.33/jersey-hk2-2.33.jar:/home/runner/.m2/repository/org/glassfish/hk2/hk2-locator/2.6.1/hk2-locator-2.6.1.jar:/home/runner/.m2/repository/org/glassfish/jersey/media/jersey-media-jaxb/2.33/jersey-media-jaxb-2.33.jar:/home/runner/.m2/repository/org/glassfish/hk2/osgi-resource-locator/1.0.3/osgi-resource-locator-1.0.3.jar:/home/runner/.m2/repository/org/glassfish/hk2/hk2-api/2.5.0/hk2-api-2.5.0.jar:/home/runner/.m2/repository/org/glassfish/hk2/hk2-utils/2.5.0/hk2-utils-2.5.0.jar:/home/runner/.m2/repository/org/glassfish/hk2/external/aopalliance-repackaged/2.5.0/aopalliance-repackaged-2.5.0.jar:/home/runner/.m2/repository/com/fasterxml/jackson/dataformat/jackson-dataformat-xml/2.13.2/jackson-dataformat-xml-2.13.2.jar:/home/runner/.m2/repository/com/fasterxml/jackson/core/jackson-core/2.13.2/jackson-core-2.13.2.jar:/home/runner/.m2/repository/org/codehaus/woodstox/stax2-api/3.1.4/stax2-api-3.1.4.jar:/home/runner/.m2/repository/com/fasterxml/woodstox/woodstox-core/5.0.3/woodstox-core-5.0.3.jar:/home/runner/.m2/repository/com/fasterxml/jackson/module/jackson-module-jaxb-annotations/2.13.2/jackson-module-jaxb-annotations-2.13.2.jar:/home/runner/.m2/repository/jakarta/xml/bind/jakarta.xml.bind-api/2.3.3/jakarta.xml.bind-api-2.3.3.jar:/home/runner/.m2/repository/jakarta/activation/jakarta.activation-api/1.2.1/jakarta.activation-api-1.2.1.jar:/home/runner/.m2/repository/javax/enterprise/cdi-api/1.2/cdi-api-1.2.jar:/home/runner/.m2/repository/javax/el/javax.el-api/3.0.0/javax.el-api-3.0.0.jar:/home/runner/.m2/repository/javax/interceptor/javax.interceptor-api/1.2/javax.interceptor-api-1.2.jar:/home/runner/.m2/repository/javax/inject/javax.inject/1/javax.inject-1.jar:/home/runner/.m2/repository/javax/xml/bind/jaxb-api/2.3.0/jaxb-api-2.3.0.jar:/home/runner/.m2/repository/org/glassfish/jaxb/jaxb-runtime/2.3.0.1/jaxb-runtime-2.3.0.1.jar:/home/runner/.m2/repository/org/glassfish/jaxb/jaxb-core/2.3.0.1/jaxb-core-2.3.0.1.jar:/home/runner/.m2/repository/org/glassfish/jaxb/txw2/2.3.0.1/txw2-2.3.0.1.jar:/home/runner/.m2/repository/com/sun/istack/istack-commons-runtime/3.0.5/istack-commons-runtime-3.0.5.jar:/home/runner/.m2/repository/org/jvnet/staxex/stax-ex/1.7.8/stax-ex-1.7.8.jar:/home/runner/.m2/repository/com/sun/xml/fastinfoset/FastInfoset/1.2.13/FastInfoset-1.2.13.jar:/home/runner/.m2/repository/javax/activation/activation/1.1.1/activation-1.1.1.jar:/home/runner/.m2/repository/io/grpc/grpc-protobuf/1.48.1/grpc-protobuf-1.48.1.jar:/home/runner/.m2/repository/io/grpc/grpc-api/1.48.1/grpc-api-1.48.1.jar:/home/runner/.m2/repository/io/grpc/grpc-context/1.48.1/grpc-context-1.48.1.jar:/home/runner/.m2/repository/com/google/api/grpc/proto-google-common-protos/2.9.0/proto-google-common-protos-2.9.0.jar:/home/runner/.m2/repository/io/grpc/grpc-protobuf-lite/1.48.1/grpc-protobuf-lite-1.48.1.jar:/home/runner/.m2/repository/io/grpc/grpc-stub/1.48.1/grpc-stub-1.48.1.jar:/home/runner/.m2/repository/io/netty/netty-transport/4.1.79.Final/netty-transport-4.1.79.Final.jar:/home/runner/.m2/repository/io/netty/netty-resolver/4.1.79.Final/netty-resolver-4.1.79.Final.jar:/home/runner/.m2/repository/org/apache/ozone/ozone-csi/1.3.0-SNAPSHOT/ozone-csi-1.3.0-SNAPSHOT.jar:/home/runner/.m2/repository/com/google/protobuf/protobuf-java-util/3.19.2/protobuf-java-util-3.19.2.jar:/home/runner/.m2/repository/com/google/code/gson/gson/2.9.0/gson-2.9.0.jar:/home/runner/.m2/repository/org/apache/ozone/hdds-config/1.3.0-SNAPSHOT/hdds-config-1.3.0-SNAPSHOT.jar:/home/runner/.m2/repository/io/netty/netty-transport-native-epoll/4.1.79.Final/netty-transport-native-epoll-4.1.79.Final-linux-x86_64.jar:/home/runner/.m2/repository/io/netty/netty-transport-classes-epoll/4.1.79.Final/netty-transport-classes-epoll-4.1.79.Final.jar:/home/runner/.m2/repository/io/netty/netty-transport-native-unix-common/4.1.79.Final/netty-transport-native-unix-common-4.1.79.Final.jar:/home/runner/.m2/repository/org/apache/ozone/ozone-recon/1.3.0-SNAPSHOT/ozone-recon-1.3.0-SNAPSHOT.jar:/home/runner/.m2/repository/org/apache/ozone/ozone-reconcodegen/1.3.0-SNAPSHOT/ozone-reconcodegen-1.3.0-SNAPSHOT.jar:/home/runner/.m2/repository/com/google/inject/extensions/guice-multibindings/4.0/guice-multibindings-4.0.jar:/home/runner/.m2/repository/com/google/inject/guice/4.0/guice-4.0.jar:/home/runner/.m2/repository/aopalliance/aopalliance/1.0/aopalliance-1.0.jar:/home/runner/.m2/repository/com/google/inject/extensions/guice-assistedinject/4.0/guice-assistedinject-4.0.jar:/home/runner/.m2/repository/com/google/inject/extensions/guice-servlet/4.0/guice-servlet-4.0.jar:/home/runner/.m2/repository/org/glassfish/jersey/containers/jersey-container-servlet/2.33/jersey-container-servlet-2.33.jar:/home/runner/.m2/repository/org/glassfish/hk2/guice-bridge/2.5.0/guice-bridge-2.5.0.jar:/home/runner/.m2/repository/org/glassfish/jersey/core/jersey-server/2.33/jersey-server-2.33.jar:/home/runner/.m2/repository/org/glassfish/jersey/core/jersey-client/2.33/jersey-client-2.33.jar:/home/runner/.m2/repository/jakarta/annotation/jakarta.annotation-api/1.3.5/jakarta.annotation-api-1.3.5.jar:/home/runner/.m2/repository/jakarta/validation/jakarta.validation-api/2.0.2/jakarta.validation-api-2.0.2.jar:/home/runner/.m2/repository/org/glassfish/jersey/media/jersey-media-json-jackson/2.33/jersey-media-json-jackson-2.33.jar:/home/runner/.m2/repository/org/glassfish/jersey/ext/jersey-entity-filtering/2.33/jersey-entity-filtering-2.33.jar:/home/runner/.m2/repository/org/jooq/jooq/3.11.10/jooq-3.11.10.jar:/home/runner/.m2/repository/org/jooq/jooq-meta/3.11.10/jooq-meta-3.11.10.jar:/home/runner/.m2/repository/org/jooq/jooq-codegen/3.11.10/jooq-codegen-3.11.10.jar:/home/runner/.m2/repository/com/jolbox/bonecp/0.8.0.RELEASE/bonecp-0.8.0.RELEASE.jar:/home/runner/.m2/repository/org/apache/derby/derby/10.14.2.0/derby-10.14.2.0.jar:/home/runner/.m2/repository/org/xerial/sqlite-jdbc/3.25.2/sqlite-jdbc-3.25.2.jar:/home/runner/.m2/repository/org/springframework/spring-jdbc/5.2.20.RELEASE/spring-jdbc-5.2.20.RELEASE.jar:/home/runner/.m2/repository/org/springframework/spring-beans/5.2.20.RELEASE/spring-beans-5.2.20.RELEASE.jar:/home/runner/.m2/repository/org/springframework/spring-core/5.2.20.RELEASE/spring-core-5.2.20.RELEASE.jar:/home/runner/.m2/repository/org/springframework/spring-jcl/5.2.20.RELEASE/spring-jcl-5.2.20.RELEASE.jar:/home/runner/.m2/repository/org/springframework/spring-tx/5.2.20.RELEASE/spring-tx-5.2.20.RELEASE.jar:/home/runner/.m2/repository/org/apache/ozone/ozone-client/1.3.0-SNAPSHOT/ozone-client-1.3.0-SNAPSHOT.jar:/home/runner/.m2/repository/org/apache/ozone/hdds-erasurecode/1.3.0-SNAPSHOT/hdds-erasurecode-1.3.0-SNAPSHOT.jar:/home/runner/.m2/repository/com/github/spotbugs/spotbugs-annotations/3.1.12/spotbugs-annotations-3.1.12.jar:/home/runner/.m2/repository/org/apache/ozone/ozone-filesystem/1.3.0-SNAPSHOT/ozone-filesystem-1.3.0-SNAPSHOT.jar:/home/runner/.m2/repository/org/apache/ozone/ozone-filesystem-common/1.3.0-SNAPSHOT/ozone-filesystem-common-1.3.0-SNAPSHOT.jar:/home/runner/.m2/repository/org/apache/ozone/ozone-tools/1.3.0-SNAPSHOT/ozone-tools-1.3.0-SNAPSHOT.jar:/home/runner/.m2/repository/org/apache/ratis/ratis-tools/2.3.0/ratis-tools-2.3.0.jar:/home/runner/.m2/repository/com/amazonaws/aws-java-sdk-core/1.12.261/aws-java-sdk-core-1.12.261.jar:/home/runner/.m2/repository/org/apache/httpcomponents/httpclient/4.5.13/httpclient-4.5.13.jar:/home/runner/.m2/repository/org/apache/httpcomponents/httpcore/4.4.13/httpcore-4.4.13.jar:/home/runner/.m2/repository/software/amazon/ion/ion-java/1.0.2/ion-java-1.0.2.jar:/home/runner/.m2/repository/com/fasterxml/jackson/dataformat/jackson-dataformat-cbor/2.13.2/jackson-dataformat-cbor-2.13.2.jar:/home/runner/.m2/repository/joda-time/joda-time/2.8.1/joda-time-2.8.1.jar:/home/runner/.m2/repository/com/amazonaws/aws-java-sdk-s3/1.12.261/aws-java-sdk-s3-1.12.261.jar:/home/runner/.m2/repository/com/amazonaws/aws-java-sdk-kms/1.12.261/aws-java-sdk-kms-1.12.261.jar:/home/runner/.m2/repository/com/amazonaws/jmespath-java/1.12.261/jmespath-java-1.12.261.jar:/home/runner/.m2/repository/org/kohsuke/metainf-services/metainf-services/1.8/metainf-services-1.8.jar:/home/runner/.m2/repository/org/apache/ozone/hdds-tools/1.3.0-SNAPSHOT/hdds-tools-1.3.0-SNAPSHOT.jar:/home/runner/.m2/repository/commons-cli/commons-cli/1.2/commons-cli-1.2.jar:/home/runner/.m2/repository/org/apache/commons/commons-lang3/3.7/commons-lang3-3.7.jar:/home/runner/.m2/repository/org/apache/ozone/ozone-manager/1.3.0-SNAPSHOT/ozone-manager-1.3.0-SNAPSHOT-tests.jar:/home/runner/.m2/repository/org/apache/ozone/hdds-common/1.3.0-SNAPSHOT/hdds-common-1.3.0-SNAPSHOT-tests.jar:/home/runner/.m2/repository/org/apache/ozone/hdds-hadoop-dependency-client/1.3.0-SNAPSHOT/hdds-hadoop-dependency-client-1.3.0-SNAPSHOT.jar:/home/runner/.m2/repository/info/picocli/picocli/4.6.1/picocli-4.6.1.jar:/home/runner/.m2/repository/com/fasterxml/jackson/core/jackson-annotations/2.13.2/jackson-annotations-2.13.2.jar:/home/runner/.m2/repository/com/fasterxml/jackson/datatype/jackson-datatype-jsr310/2.13.2/jackson-datatype-jsr310-2.13.2.jar:/home/runner/.m2/repository/javax/annotation/javax.annotation-api/1.2/javax.annotation-api-1.2.jar:/home/runner/.m2/repository/org/apache/ratis/ratis-server/2.3.0/ratis-server-2.3.0.jar:/home/runner/.m2/repository/org/apache/ratis/ratis-client/2.3.0/ratis-client-2.3.0.jar:/home/runner/.m2/repository/org/apache/ratis/ratis-server-api/2.3.0/ratis-server-api-2.3.0.jar:/home/runner/.m2/repository/org/apache/ratis/ratis-metrics/2.3.0/ratis-metrics-2.3.0.jar:/home/runner/.m2/repository/org/apache/ratis/ratis-netty/2.3.0/ratis-netty-2.3.0.jar:/home/runner/.m2/repository/org/apache/ratis/ratis-grpc/2.3.0/ratis-grpc-2.3.0.jar:/home/runner/.m2/repository/org/apache/logging/log4j/log4j-api/2.17.1/log4j-api-2.17.1.jar:/home/runner/.m2/repository/org/apache/commons/commons-pool2/2.6.0/commons-pool2-2.6.0.jar:/home/runner/.m2/repository/org/bouncycastle/bcpkix-jdk15on/1.67/bcpkix-jdk15on-1.67.jar:/home/runner/.m2/repository/commons-validator/commons-validator/1.6/commons-validator-1.6.jar:/home/runner/.m2/repository/commons-beanutils/commons-beanutils/1.9.4/commons-beanutils-1.9.4.jar:/home/runner/.m2/repository/commons-digester/commons-digester/1.8.1/commons-digester-1.8.1.jar:/home/runner/.m2/repository/commons-collections/commons-collections/3.2.2/commons-collections-3.2.2.jar:/home/runner/.m2/repository/io/jaegertracing/jaeger-client/1.6.0/jaeger-client-1.6.0.jar:/home/runner/.m2/repository/io/jaegertracing/jaeger-thrift/1.6.0/jaeger-thrift-1.6.0.jar:/home/runner/.m2/repository/org/apache/thrift/libthrift/0.14.1/libthrift-0.14.1.jar:/home/runner/.m2/repository/com/squareup/okhttp3/okhttp/4.9.0/okhttp-4.9.0.jar:/home/runner/.m2/repository/com/squareup/okio/okio/2.8.0/okio-2.8.0.jar:/home/runner/.m2/repository/io/jaegertracing/jaeger-core/1.6.0/jaeger-core-1.6.0.jar:/home/runner/.m2/repository/io/jaegertracing/jaeger-tracerresolver/1.6.0/jaeger-tracerresolver-1.6.0.jar:/home/runner/.m2/repository/io/opentracing/contrib/opentracing-tracerresolver/0.1.8/opentracing-tracerresolver-0.1.8.jar:/home/runner/.m2/repository/org/jetbrains/kotlin/kotlin-stdlib/1.6.21/kotlin-stdlib-1.6.21.jar:/home/runner/.m2/repository/org/jetbrains/kotlin/kotlin-stdlib-common/1.6.21/kotlin-stdlib-common-1.6.21.jar:/home/runner/.m2/repository/org/jetbrains/annotations/13.0/annotations-13.0.jar:/home/runner/.m2/repository/io/opentracing/opentracing-util/0.33.0/opentracing-util-0.33.0.jar:/home/runner/.m2/repository/io/opentracing/opentracing-api/0.33.0/opentracing-api-0.33.0.jar:/home/runner/.m2/repository/io/opentracing/opentracing-noop/0.33.0/opentracing-noop-0.33.0.jar:/home/runner/.m2/repository/org/yaml/snakeyaml/1.26/snakeyaml-1.26.jar:/home/runner/.m2/repository/org/apache/ozone/hdds-interface-admin/1.3.0-SNAPSHOT/hdds-interface-admin-1.3.0-SNAPSHOT.jar:/home/runner/.m2/repository/junit/junit/4.13.1/junit-4.13.1.jar:/home/runner/.m2/repository/org/hamcrest/hamcrest-core/1.3/hamcrest-core-1.3.jar:/home/runner/.m2/repository/org/junit/jupiter/junit-jupiter-api/5.8.2/junit-jupiter-api-5.8.2.jar:/home/runner/.m2/repository/org/opentest4j/opentest4j/1.2.0/opentest4j-1.2.0.jar:/home/runner/.m2/repository/org/junit/platform/junit-platform-commons/1.8.2/junit-platform-commons-1.8.2.jar:/home/runner/.m2/repository/org/apiguardian/apiguardian-api/1.1.2/apiguardian-api-1.1.2.jar:/home/runner/.m2/repository/org/junit/jupiter/junit-jupiter-params/5.8.2/junit-jupiter-params-5.8.2.jar:/home/runner/.m2/repository/org/junit/jupiter/junit-jupiter-migrationsupport/5.8.2/junit-jupiter-migrationsupport-5.8.2.jar:/home/runner/.m2/repository/org/junit/jupiter/junit-jupiter-engine/5.8.2/junit-jupiter-engine-5.8.2.jar:/home/runner/.m2/repository/org/junit/platform/junit-platform-engine/1.8.2/junit-platform-engine-1.8.2.jar:/home/runner/.m2/repository/org/junit/vintage/junit-vintage-engine/5.8.2/junit-vintage-engine-5.8.2.jar:/home/runner/.m2/repository/org/junit/platform/junit-platform-launcher/1.8.2/junit-platform-launcher-1.8.2.jar:/home/runner/.m2/repository/org/mockito/mockito-core/2.28.2/mockito-core-2.28.2.jar:/home/runner/.m2/repository/net/bytebuddy/byte-buddy/1.9.10/byte-buddy-1.9.10.jar:/home/runner/.m2/repository/net/bytebuddy/byte-buddy-agent/1.9.10/byte-buddy-agent-1.9.10.jar:/home/runner/.m2/repository/org/objenesis/objenesis/1.0/objenesis-1.0.jar:/home/runner/.m2/repository/org/apache/hadoop/hadoop-kms/3.3.1/hadoop-kms-3.3.1.jar:/home/runner/.m2/repository/org/apache/hadoop/hadoop-auth/3.3.1/hadoop-auth-3.3.1.jar:/home/runner/.m2/repository/com/nimbusds/nimbus-jose-jwt/7.9/nimbus-jose-jwt-7.9.jar:/home/runner/.m2/repository/com/github/stephenc/jcip/jcip-annotations/1.0-1/jcip-annotations-1.0-1.jar:/home/runner/.m2/repository/net/minidev/json-smart/2.4.7/json-smart-2.4.7.jar:/home/runner/.m2/repository/net/minidev/accessors-smart/2.4.7/accessors-smart-2.4.7.jar:/home/runner/.m2/repository/org/ow2/asm/asm/5.0.4/asm-5.0.4.jar:/home/runner/.m2/repository/org/apache/zookeeper/zookeeper/3.5.6/zookeeper-3.5.6.jar:/home/runner/.m2/repository/org/apache/zookeeper/zookeeper-jute/3.5.6/zookeeper-jute-3.5.6.jar:/home/runner/.m2/repository/org/apache/yetus/audience-annotations/0.5.0/audience-annotations-0.5.0.jar:/home/runner/.m2/repository/org/apache/curator/curator-framework/4.2.0/curator-framework-4.2.0.jar:/home/runner/.m2/repository/org/apache/hadoop/thirdparty/hadoop-shaded-guava/1.1.1/hadoop-shaded-guava-1.1.1.jar:/home/runner/.m2/repository/com/sun/jersey/jersey-core/1.19/jersey-core-1.19.jar:/home/runner/.m2/repository/javax/ws/rs/jsr311-api/1.1.1/jsr311-api-1.1.1.jar:/home/runner/.m2/repository/com/sun/jersey/jersey-server/1.19/jersey-server-1.19.jar:/home/runner/.m2/repository/javax/servlet/javax.servlet-api/3.1.0/javax.servlet-api-3.1.0.jar:/home/runner/.m2/repository/org/eclipse/jetty/jetty-server/9.4.43.v20210629/jetty-server-9.4.43.v20210629.jar:/home/runner/.m2/repository/org/eclipse/jetty/jetty-http/9.4.43.v20210629/jetty-http-9.4.43.v20210629.jar:/home/runner/.m2/repository/org/eclipse/jetty/jetty-io/9.4.43.v20210629/jetty-io-9.4.43.v20210629.jar:/home/runner/.m2/repository/org/eclipse/jetty/jetty-webapp/9.4.43.v20210629/jetty-webapp-9.4.43.v20210629.jar:/home/runner/.m2/repository/org/eclipse/jetty/jetty-xml/9.4.43.v20210629/jetty-xml-9.4.43.v20210629.jar:/home/runner/.m2/repository/org/apache/hadoop/hadoop-common/3.3.1/hadoop-common-3.3.1.jar:/home/runner/.m2/repository/org/apache/commons/commons-math3/3.1.1/commons-math3-3.1.1.jar:/home/runner/.m2/repository/commons-net/commons-net/3.6/commons-net-3.6.jar:/home/runner/.m2/repository/com/sun/jersey/jersey-servlet/1.19/jersey-servlet-1.19.jar:/home/runner/.m2/repository/com/sun/jersey/jersey-json/1.19/jersey-json-1.19.jar:/home/runner/.m2/repository/org/codehaus/jettison/jettison/1.1/jettison-1.1.jar:/home/runner/.m2/repository/com/sun/xml/bind/jaxb-impl/2.2.3-1/jaxb-impl-2.2.3-1.jar:/home/runner/.m2/repository/org/codehaus/jackson/jackson-xc/1.9.2/jackson-xc-1.9.2.jar:/home/runner/.m2/repository/org/apache/commons/commons-configuration2/2.1.1/commons-configuration2-2.1.1.jar:/home/runner/.m2/repository/org/apache/commons/commons-text/1.4/commons-text-1.4.jar:/home/runner/.m2/repository/com/google/re2j/re2j/1.1/re2j-1.1.jar:/home/runner/.m2/repository/com/jcraft/jsch/0.1.54/jsch-0.1.54.jar:/home/runner/.m2/repository/org/apache/curator/curator-client/4.2.0/curator-client-4.2.0.jar:/home/runner/.m2/repository/org/apache/curator/curator-recipes/4.2.0/curator-recipes-4.2.0.jar:/home/runner/.m2/repository/org/apache/kerby/kerb-core/1.0.1/kerb-core-1.0.1.jar:/home/runner/.m2/repository/org/apache/kerby/kerby-pkix/1.0.1/kerby-pkix-1.0.1.jar:/home/runner/.m2/repository/org/apache/kerby/kerby-asn1/1.0.1/kerby-asn1-1.0.1.jar:/home/runner/.m2/repository/org/apache/kerby/kerby-util/1.0.1/kerby-util-1.0.1.jar:/home/runner/.m2/repository/dnsjava/dnsjava/2.1.7/dnsjava-2.1.7.jar:/home/runner/.m2/repository/org/xerial/snappy/snappy-java/1.1.8.2/snappy-java-1.1.8.2.jar:/home/runner/.m2/repository/org/slf4j/jul-to-slf4j/1.7.30/jul-to-slf4j-1.7.30.jar:/home/runner/.m2/repository/org/eclipse/jetty/jetty-util/9.4.43.v20210629/jetty-util-9.4.43.v20210629.jar:/home/runner/.m2/repository/com/fasterxml/jackson/core/jackson-databind/2.13.2.2/jackson-databind-2.13.2.2.jar:/home/runner/.m2/repository/org/apache/hadoop/hadoop-kms/3.3.1/hadoop-kms-3.3.1-tests.jar:/home/runner/.m2/repository/org/apache/ozone/hdds-server-scm/1.3.0-SNAPSHOT/hdds-server-scm-1.3.0-SNAPSHOT-tests.jar:/home/runner/.m2/repository/org/apache/ozone/hdds-container-service/1.3.0-SNAPSHOT/hdds-container-service-1.3.0-SNAPSHOT-tests.jar:/home/runner/.m2/repository/commons-codec/commons-codec/1.11/commons-codec-1.11.jar:/home/runner/.m2/repository/io/netty/netty-codec/4.1.79.Final/netty-codec-4.1.79.Final.jar:/home/runner/.m2/repository/io/netty/netty-handler/4.1.79.Final/netty-handler-4.1.79.Final.jar:/home/runner/.m2/repository/org/apache/ozone/hdds-hadoop-dependency-test/1.3.0-SNAPSHOT/hdds-hadoop-dependency-test-1.3.0-SNAPSHOT.jar:/home/runner/.m2/repository/org/apache/hadoop/hadoop-common/3.3.1/hadoop-common-3.3.1-tests.jar:/home/runner/.m2/repository/org/assertj/assertj-core/3.12.2/assertj-core-3.12.2.jar:/home/runner/.m2/repository/org/apache/hadoop/hadoop-hdfs/3.3.1/hadoop-hdfs-3.3.1-tests.jar:/home/runner/.m2/repository/org/eclipse/jetty/jetty-util-ajax/9.4.43.v20210629/jetty-util-ajax-9.4.43.v20210629.jar:/home/runner/.m2/repository/commons-daemon/commons-daemon/1.0.13/commons-daemon-1.0.13.jar:/home/runner/.m2/repository/io/netty/netty/3.10.6.Final/netty-3.10.6.Final.jar:/home/runner/.m2/repository/io/netty/netty-all/4.1.79.Final/netty-all-4.1.79.Final.jar:/home/runner/.m2/repository/io/netty/netty-codec-dns/4.1.79.Final/netty-codec-dns-4.1.79.Final.jar:/home/runner/.m2/repository/io/netty/netty-codec-haproxy/4.1.79.Final/netty-codec-haproxy-4.1.79.Final.jar:/home/runner/.m2/repository/io/netty/netty-codec-memcache/4.1.79.Final/netty-codec-memcache-4.1.79.Final.jar:/home/runner/.m2/repository/io/netty/netty-codec-mqtt/4.1.79.Final/netty-codec-mqtt-4.1.79.Final.jar:/home/runner/.m2/repository/io/netty/netty-codec-redis/4.1.79.Final/netty-codec-redis-4.1.79.Final.jar:/home/runner/.m2/repository/io/netty/netty-codec-smtp/4.1.79.Final/netty-codec-smtp-4.1.79.Final.jar:/home/runner/.m2/repository/io/netty/netty-codec-stomp/4.1.79.Final/netty-codec-stomp-4.1.79.Final.jar:/home/runner/.m2/repository/io/netty/netty-codec-xml/4.1.79.Final/netty-codec-xml-4.1.79.Final.jar:/home/runner/.m2/repository/io/netty/netty-resolver-dns/4.1.79.Final/netty-resolver-dns-4.1.79.Final.jar:/home/runner/.m2/repository/io/netty/netty-transport-rxtx/4.1.79.Final/netty-transport-rxtx-4.1.79.Final.jar:/home/runner/.m2/repository/io/netty/netty-transport-sctp/4.1.79.Final/netty-transport-sctp-4.1.79.Final.jar:/home/runner/.m2/repository/io/netty/netty-transport-udt/4.1.79.Final/netty-transport-udt-4.1.79.Final.jar:/home/runner/.m2/repository/io/netty/netty-transport-classes-kqueue/4.1.79.Final/netty-transport-classes-kqueue-4.1.79.Final.jar:/home/runner/.m2/repository/io/netty/netty-resolver-dns-classes-macos/4.1.79.Final/netty-resolver-dns-classes-macos-4.1.79.Final.jar:/home/runner/.m2/repository/io/netty/netty-transport-native-epoll/4.1.79.Final/netty-transport-native-epoll-4.1.79.Final-linux-aarch_64.jar:/home/runner/.m2/repository/io/netty/netty-transport-native-kqueue/4.1.79.Final/netty-transport-native-kqueue-4.1.79.Final-osx-x86_64.jar:/home/runner/.m2/repository/io/netty/netty-transport-native-kqueue/4.1.79.Final/netty-transport-native-kqueue-4.1.79.Final-osx-aarch_64.jar:/home/runner/.m2/repository/io/netty/netty-resolver-dns-native-macos/4.1.79.Final/netty-resolver-dns-native-macos-4.1.79.Final-osx-x86_64.jar:/home/runner/.m2/repository/io/netty/netty-resolver-dns-native-macos/4.1.79.Final/netty-resolver-dns-native-macos-4.1.79.Final-osx-aarch_64.jar:/home/runner/.m2/repository/org/apache/htrace/htrace-core4/4.1.0-incubating/htrace-core4-4.1.0-incubating.jar:/home/runner/.m2/repository/org/fusesource/leveldbjni/leveldbjni-all/1.8/leveldbjni-all-1.8.jar:/home/runner/.m2/repository/org/apache/hadoop/hadoop-distcp/3.3.1/hadoop-distcp-3.3.1.jar:/home/runner/.m2/repository/org/apache/hadoop/hadoop-mapreduce-client-jobclient/3.3.1/hadoop-mapreduce-client-jobclient-3.3.1.jar:/home/runner/.m2/repository/org/apache/hadoop/hadoop-mapreduce-client-common/3.3.1/hadoop-mapreduce-client-common-3.3.1.jar:/home/runner/.m2/repository/org/apache/hadoop/hadoop-yarn-common/3.3.1/hadoop-yarn-common-3.3.1.jar:/home/runner/.m2/repository/org/apache/hadoop/hadoop-yarn-api/3.3.1/hadoop-yarn-api-3.3.1.jar:/home/runner/.m2/repository/com/sun/jersey/contribs/jersey-guice/1.19/jersey-guice-1.19.jar:/home/runner/.m2/repository/com/fasterxml/jackson/jaxrs/jackson-jaxrs-json-provider/2.13.2/jackson-jaxrs-json-provider-2.13.2.jar:/home/runner/.m2/repository/com/fasterxml/jackson/jaxrs/jackson-jaxrs-base/2.13.2/jackson-jaxrs-base-2.13.2.jar:/home/runner/.m2/repository/org/apache/hadoop/hadoop-yarn-client/3.3.1/hadoop-yarn-client-3.3.1.jar:/home/runner/.m2/repository/org/eclipse/jetty/websocket/websocket-client/9.4.40.v20210413/websocket-client-9.4.40.v20210413.jar:/home/runner/.m2/repository/org/eclipse/jetty/websocket/websocket-common/9.4.40.v20210413/websocket-common-9.4.40.v20210413.jar:/home/runner/.m2/repository/org/eclipse/jetty/websocket/websocket-api/9.4.40.v20210413/websocket-api-9.4.40.v20210413.jar:/home/runner/.m2/repository/org/jline/jline/3.9.0/jline-3.9.0.jar:/home/runner/.m2/repository/org/apache/hadoop/hadoop-mapreduce-client-core/3.3.1/hadoop-mapreduce-client-core-3.3.1.jar:/home/runner/.m2/repository/org/apache/avro/avro/1.7.7/avro-1.7.7.jar:/home/runner/.m2/repository/org/codehaus/jackson/jackson-core-asl/1.9.13/jackson-core-asl-1.9.13.jar:/home/runner/.m2/repository/org/codehaus/jackson/jackson-mapper-asl/1.9.13/jackson-mapper-asl-1.9.13.jar:/home/runner/.m2/repository/com/thoughtworks/paranamer/paranamer/2.3/paranamer-2.3.jar:/home/runner/.m2/repository/org/apache/hadoop/hadoop-annotations/3.3.1/hadoop-annotations-3.3.1.jar:/usr/lib/jvm/temurin-8-jdk-amd64/jre/../lib/tools.jar:/home/runner/.m2/repository/org/apache/hadoop/hadoop-distcp/3.3.1/hadoop-distcp-3.3.1-tests.jar:/home/runner/.m2/repository/org/apache/ratis/ratis-common/2.3.0/ratis-common-2.3.0.jar:/home/runner/.m2/repository/org/apache/ratis/ratis-thirdparty-misc/1.0.0/ratis-thirdparty-misc-1.0.0.jar:/home/runner/.m2/repository/org/apache/ratis/ratis-proto/2.3.0/ratis-proto-2.3.0.jar:/home/runner/.m2/repository/org/apache/ozone/ozone-annotation-processing/1.3.0-SNAPSHOT/ozone-annotation-processing-1.3.0-SNAPSHOT.jar:"/>
    <property name="java.vm.vendor" value="Temurin"/>
    <property name="sun.arch.data.model" value="64"/>
    <property name="test.build.dir" value="/home/runner/work/ozone/ozone/hadoop-ozone/integration-test/target/test-dir"/>
    <property name="test.cache.data" value=""/>
    <property name="java.vendor.url" value="https://adoptium.net/"/>
    <property name="user.timezone" value="Etc/UTC"/>
    <property name="java.vm.specification.version" value="1.8"/>
    <property name="os.name" value="Linux"/>
    <property name="test.build.data" value="/home/runner/work/ozone/ozone/hadoop-ozone/integration-test/target/test-dir"/>
    <property name="sun.java.launcher" value="SUN_STANDARD"/>
    <property name="sun.boot.library.path" value="/usr/lib/jvm/temurin-8-jdk-amd64/jre/lib/amd64"/>
    <property name="sun.java.command" value="/home/runner/work/ozone/ozone/hadoop-ozone/integration-test/target/surefire/surefirebooter2538336917085752095.jar /home/runner/work/ozone/ozone/hadoop-ozone/integration-test/target/surefire 2022-08-20T00-55-41_197-jvmRun1 surefire2330161849942922512tmp surefire_45423556520996447425tmp"/>
    <property name="surefire.test.class.path" value="/home/runner/work/ozone/ozone/hadoop-ozone/integration-test/target/test-classes:/home/runner/work/ozone/ozone/hadoop-ozone/integration-test/target/classes:/home/runner/.m2/repository/org/apache/ozone/ozone-common/1.3.0-SNAPSHOT/ozone-common-1.3.0-SNAPSHOT.jar:/home/runner/.m2/repository/io/grpc/grpc-netty/1.48.1/grpc-netty-1.48.1.jar:/home/runner/.m2/repository/io/grpc/grpc-core/1.48.1/grpc-core-1.48.1.jar:/home/runner/.m2/repository/com/google/android/annotations/4.1.1.4/annotations-4.1.1.4.jar:/home/runner/.m2/repository/org/codehaus/mojo/animal-sniffer-annotations/1.21/animal-sniffer-annotations-1.21.jar:/home/runner/.m2/repository/com/google/errorprone/error_prone_annotations/2.2.0/error_prone_annotations-2.2.0.jar:/home/runner/.m2/repository/io/perfmark/perfmark-api/0.25.0/perfmark-api-0.25.0.jar:/home/runner/.m2/repository/io/netty/netty-codec-http2/4.1.79.Final/netty-codec-http2-4.1.79.Final.jar:/home/runner/.m2/repository/io/netty/netty-common/4.1.79.Final/netty-common-4.1.79.Final.jar:/home/runner/.m2/repository/io/netty/netty-buffer/4.1.79.Final/netty-buffer-4.1.79.Final.jar:/home/runner/.m2/repository/io/netty/netty-codec-http/4.1.79.Final/netty-codec-http-4.1.79.Final.jar:/home/runner/.m2/repository/io/netty/netty-handler-proxy/4.1.79.Final/netty-handler-proxy-4.1.79.Final.jar:/home/runner/.m2/repository/io/netty/netty-codec-socks/4.1.79.Final/netty-codec-socks-4.1.79.Final.jar:/home/runner/.m2/repository/io/netty/netty-tcnative-boringssl-static/2.0.53.Final/netty-tcnative-boringssl-static-2.0.53.Final.jar:/home/runner/.m2/repository/io/netty/netty-tcnative-classes/2.0.53.Final/netty-tcnative-classes-2.0.53.Final.jar:/home/runner/.m2/repository/io/netty/netty-tcnative-boringssl-static/2.0.53.Final/netty-tcnative-boringssl-static-2.0.53.Final-linux-x86_64.jar:/home/runner/.m2/repository/io/netty/netty-tcnative-boringssl-static/2.0.53.Final/netty-tcnative-boringssl-static-2.0.53.Final-linux-aarch_64.jar:/home/runner/.m2/repository/io/netty/netty-tcnative-boringssl-static/2.0.53.Final/netty-tcnative-boringssl-static-2.0.53.Final-osx-x86_64.jar:/home/runner/.m2/repository/io/netty/netty-tcnative-boringssl-static/2.0.53.Final/netty-tcnative-boringssl-static-2.0.53.Final-osx-aarch_64.jar:/home/runner/.m2/repository/io/netty/netty-tcnative-boringssl-static/2.0.53.Final/netty-tcnative-boringssl-static-2.0.53.Final-windows-x86_64.jar:/home/runner/.m2/repository/org/apache/commons/commons-compress/1.21/commons-compress-1.21.jar:/home/runner/.m2/repository/org/apache/ozone/hdds-common/1.3.0-SNAPSHOT/hdds-common-1.3.0-SNAPSHOT.jar:/home/runner/.m2/repository/org/apache/ozone/hdds-client/1.3.0-SNAPSHOT/hdds-client-1.3.0-SNAPSHOT.jar:/home/runner/.m2/repository/org/apache/ozone/ozone-interface-client/1.3.0-SNAPSHOT/ozone-interface-client-1.3.0-SNAPSHOT.jar:/home/runner/.m2/repository/org/apache/ozone/hdds-test-utils/1.3.0-SNAPSHOT/hdds-test-utils-1.3.0-SNAPSHOT.jar:/home/runner/.m2/repository/com/google/guava/guava/31.1-jre/guava-31.1-jre.jar:/home/runner/.m2/repository/com/google/guava/failureaccess/1.0.1/failureaccess-1.0.1.jar:/home/runner/.m2/repository/com/google/guava/listenablefuture/9999.0-empty-to-avoid-conflict-with-guava/listenablefuture-9999.0-empty-to-avoid-conflict-with-guava.jar:/home/runner/.m2/repository/com/google/code/findbugs/jsr305/3.0.0/jsr305-3.0.0.jar:/home/runner/.m2/repository/org/checkerframework/checker-qual/3.12.0/checker-qual-3.12.0.jar:/home/runner/.m2/repository/com/google/j2objc/j2objc-annotations/1.3/j2objc-annotations-1.3.jar:/home/runner/.m2/repository/commons-io/commons-io/2.11.0/commons-io-2.11.0.jar:/home/runner/.m2/repository/commons-logging/commons-logging/1.2/commons-logging-1.2.jar:/home/runner/.m2/repository/log4j/log4j/1.2.17/log4j-1.2.17.jar:/home/runner/.m2/repository/org/slf4j/slf4j-api/1.7.30/slf4j-api-1.7.30.jar:/home/runner/.m2/repository/org/apache/ozone/hdds-server-scm/1.3.0-SNAPSHOT/hdds-server-scm-1.3.0-SNAPSHOT.jar:/home/runner/.m2/repository/org/apache/ozone/hdds-container-service/1.3.0-SNAPSHOT/hdds-container-service-1.3.0-SNAPSHOT.jar:/home/runner/.m2/repository/org/apache/ozone/hdds-hadoop-dependency-server/1.3.0-SNAPSHOT/hdds-hadoop-dependency-server-1.3.0-SNAPSHOT.jar:/home/runner/.m2/repository/org/apache/hadoop/hadoop-hdfs/3.3.1/hadoop-hdfs-3.3.1.jar:/home/runner/.m2/repository/org/apache/ozone/hdds-server-framework/1.3.0-SNAPSHOT/hdds-server-framework-1.3.0-SNAPSHOT.jar:/home/runner/.m2/repository/org/apache/ozone/hdds-interface-server/1.3.0-SNAPSHOT/hdds-interface-server-1.3.0-SNAPSHOT.jar:/home/runner/.m2/repository/org/apache/logging/log4j/log4j-core/2.17.1/log4j-core-2.17.1.jar:/home/runner/.m2/repository/com/lmax/disruptor/3.4.2/disruptor-3.4.2.jar:/home/runner/.m2/repository/org/eclipse/jetty/jetty-servlet/9.4.43.v20210629/jetty-servlet-9.4.43.v20210629.jar:/home/runner/.m2/repository/org/eclipse/jetty/jetty-security/9.4.43.v20210629/jetty-security-9.4.43.v20210629.jar:/home/runner/.m2/repository/org/rocksdb/rocksdbjni/6.29.5/rocksdbjni-6.29.5.jar:/home/runner/.m2/repository/io/prometheus/simpleclient_dropwizard/0.7.0/simpleclient_dropwizard-0.7.0.jar:/home/runner/.m2/repository/io/prometheus/simpleclient/0.7.0/simpleclient-0.7.0.jar:/home/runner/.m2/repository/io/prometheus/simpleclient_common/0.7.0/simpleclient_common-0.7.0.jar:/home/runner/.m2/repository/io/dropwizard/metrics/metrics-core/3.2.4/metrics-core-3.2.4.jar:/home/runner/.m2/repository/org/apache/hadoop/hadoop-hdfs-client/3.3.1/hadoop-hdfs-client-3.3.1.jar:/home/runner/.m2/repository/org/bouncycastle/bcprov-jdk15on/1.67/bcprov-jdk15on-1.67.jar:/home/runner/.m2/repository/com/google/protobuf/protobuf-java/2.5.0/protobuf-java-2.5.0.jar:/home/runner/.m2/repository/org/apache/ozone/ozone-manager/1.3.0-SNAPSHOT/ozone-manager-1.3.0-SNAPSHOT.jar:/home/runner/.m2/repository/org/aspectj/aspectjrt/1.9.7/aspectjrt-1.9.7.jar:/home/runner/.m2/repository/org/aspectj/aspectjweaver/1.9.7/aspectjweaver-1.9.7.jar:/home/runner/.m2/repository/org/apache/ozone/hdds-interface-client/1.3.0-SNAPSHOT/hdds-interface-client-1.3.0-SNAPSHOT.jar:/home/runner/.m2/repository/org/apache/hadoop/thirdparty/hadoop-shaded-protobuf_3_7/1.1.1/hadoop-shaded-protobuf_3_7-1.1.1.jar:/home/runner/.m2/repository/org/apache/ozone/ozone-interface-storage/1.3.0-SNAPSHOT/ozone-interface-storage-1.3.0-SNAPSHOT.jar:/home/runner/.m2/repository/org/reflections/reflections/0.9.11/reflections-0.9.11.jar:/home/runner/.m2/repository/com/sun/jersey/jersey-client/1.19/jersey-client-1.19.jar:/home/runner/.m2/repository/org/apache/ranger/ranger-intg/2.3.0/ranger-intg-2.3.0.jar:/home/runner/.m2/repository/org/apache/ranger/ranger-plugins-common/2.3.0/ranger-plugins-common-2.3.0.jar:/home/runner/.m2/repository/commons-lang/commons-lang/2.6/commons-lang-2.6.jar:/home/runner/.m2/repository/org/codehaus/jackson/jackson-jaxrs/1.9.13/jackson-jaxrs-1.9.13.jar:/home/runner/.m2/repository/org/apache/ranger/ranger-plugins-cred/2.3.0/ranger-plugins-cred-2.3.0.jar:/home/runner/.m2/repository/org/apache/ranger/ranger-plugins-audit/2.3.0/ranger-plugins-audit-2.3.0.jar:/home/runner/.m2/repository/org/eclipse/jetty/jetty-client/9.4.31.v20200723/jetty-client-9.4.31.v20200723.jar:/home/runner/.m2/repository/org/apache/httpcomponents/httpmime/4.5.6/httpmime-4.5.6.jar:/home/runner/.m2/repository/org/apache/httpcomponents/httpcore-nio/4.4.6/httpcore-nio-4.4.6.jar:/home/runner/.m2/repository/org/apache/httpcomponents/httpasyncclient/4.1.3/httpasyncclient-4.1.3.jar:/home/runner/.m2/repository/com/carrotsearch/hppc/0.8.0/hppc-0.8.0.jar:/home/runner/.m2/repository/org/apache/orc/orc-core/1.5.8/orc-core-1.5.8.jar:/home/runner/.m2/repository/net/java/dev/jna/jna/5.2.0/jna-5.2.0.jar:/home/runner/.m2/repository/net/java/dev/jna/jna-platform/5.2.0/jna-platform-5.2.0.jar:/home/runner/.m2/repository/com/kstruct/gethostname4j/0.0.2/gethostname4j-0.0.2.jar:/home/runner/.m2/repository/org/apache/ranger/ranger-plugin-classloader/2.3.0/ranger-plugin-classloader-2.3.0.jar:/home/runner/.m2/repository/org/apache/hadoop/hadoop-minikdc/3.3.1/hadoop-minikdc-3.3.1.jar:/home/runner/.m2/repository/org/apache/kerby/kerb-simplekdc/1.0.1/kerb-simplekdc-1.0.1.jar:/home/runner/.m2/repository/org/apache/kerby/kerb-client/1.0.1/kerb-client-1.0.1.jar:/home/runner/.m2/repository/org/apache/kerby/kerby-config/1.0.1/kerby-config-1.0.1.jar:/home/runner/.m2/repository/org/apache/kerby/kerb-common/1.0.1/kerb-common-1.0.1.jar:/home/runner/.m2/repository/org/apache/kerby/kerb-crypto/1.0.1/kerb-crypto-1.0.1.jar:/home/runner/.m2/repository/org/apache/kerby/kerb-util/1.0.1/kerb-util-1.0.1.jar:/home/runner/.m2/repository/org/apache/kerby/token-provider/1.0.1/token-provider-1.0.1.jar:/home/runner/.m2/repository/org/apache/kerby/kerb-admin/1.0.1/kerb-admin-1.0.1.jar:/home/runner/.m2/repository/org/apache/kerby/kerb-server/1.0.1/kerb-server-1.0.1.jar:/home/runner/.m2/repository/org/apache/kerby/kerb-identity/1.0.1/kerb-identity-1.0.1.jar:/home/runner/.m2/repository/org/apache/kerby/kerby-xdr/1.0.1/kerby-xdr-1.0.1.jar:/home/runner/.m2/repository/org/slf4j/slf4j-log4j12/1.7.30/slf4j-log4j12-1.7.30.jar:/home/runner/.m2/repository/org/apache/ozone/ozone-s3gateway/1.3.0-SNAPSHOT/ozone-s3gateway-1.3.0-SNAPSHOT.jar:/home/runner/.m2/repository/org/javassist/javassist/3.21.0-GA/javassist-3.21.0-GA.jar:/home/runner/.m2/repository/org/jboss/weld/servlet/weld-servlet/2.4.7.Final/weld-servlet-2.4.7.Final.jar:/home/runner/.m2/repository/org/glassfish/jersey/containers/jersey-container-servlet-core/2.33/jersey-container-servlet-core-2.33.jar:/home/runner/.m2/repository/org/glassfish/hk2/external/jakarta.inject/2.6.1/jakarta.inject-2.6.1.jar:/home/runner/.m2/repository/org/glassfish/jersey/core/jersey-common/2.33/jersey-common-2.33.jar:/home/runner/.m2/repository/jakarta/ws/rs/jakarta.ws.rs-api/2.1.6/jakarta.ws.rs-api-2.1.6.jar:/home/runner/.m2/repository/org/glassfish/jersey/ext/cdi/jersey-cdi1x/2.33/jersey-cdi1x-2.33.jar:/home/runner/.m2/repository/org/glassfish/jersey/inject/jersey-hk2/2.33/jersey-hk2-2.33.jar:/home/runner/.m2/repository/org/glassfish/hk2/hk2-locator/2.6.1/hk2-locator-2.6.1.jar:/home/runner/.m2/repository/org/glassfish/jersey/media/jersey-media-jaxb/2.33/jersey-media-jaxb-2.33.jar:/home/runner/.m2/repository/org/glassfish/hk2/osgi-resource-locator/1.0.3/osgi-resource-locator-1.0.3.jar:/home/runner/.m2/repository/org/glassfish/hk2/hk2-api/2.5.0/hk2-api-2.5.0.jar:/home/runner/.m2/repository/org/glassfish/hk2/hk2-utils/2.5.0/hk2-utils-2.5.0.jar:/home/runner/.m2/repository/org/glassfish/hk2/external/aopalliance-repackaged/2.5.0/aopalliance-repackaged-2.5.0.jar:/home/runner/.m2/repository/com/fasterxml/jackson/dataformat/jackson-dataformat-xml/2.13.2/jackson-dataformat-xml-2.13.2.jar:/home/runner/.m2/repository/com/fasterxml/jackson/core/jackson-core/2.13.2/jackson-core-2.13.2.jar:/home/runner/.m2/repository/org/codehaus/woodstox/stax2-api/3.1.4/stax2-api-3.1.4.jar:/home/runner/.m2/repository/com/fasterxml/woodstox/woodstox-core/5.0.3/woodstox-core-5.0.3.jar:/home/runner/.m2/repository/com/fasterxml/jackson/module/jackson-module-jaxb-annotations/2.13.2/jackson-module-jaxb-annotations-2.13.2.jar:/home/runner/.m2/repository/jakarta/xml/bind/jakarta.xml.bind-api/2.3.3/jakarta.xml.bind-api-2.3.3.jar:/home/runner/.m2/repository/jakarta/activation/jakarta.activation-api/1.2.1/jakarta.activation-api-1.2.1.jar:/home/runner/.m2/repository/javax/enterprise/cdi-api/1.2/cdi-api-1.2.jar:/home/runner/.m2/repository/javax/el/javax.el-api/3.0.0/javax.el-api-3.0.0.jar:/home/runner/.m2/repository/javax/interceptor/javax.interceptor-api/1.2/javax.interceptor-api-1.2.jar:/home/runner/.m2/repository/javax/inject/javax.inject/1/javax.inject-1.jar:/home/runner/.m2/repository/javax/xml/bind/jaxb-api/2.3.0/jaxb-api-2.3.0.jar:/home/runner/.m2/repository/org/glassfish/jaxb/jaxb-runtime/2.3.0.1/jaxb-runtime-2.3.0.1.jar:/home/runner/.m2/repository/org/glassfish/jaxb/jaxb-core/2.3.0.1/jaxb-core-2.3.0.1.jar:/home/runner/.m2/repository/org/glassfish/jaxb/txw2/2.3.0.1/txw2-2.3.0.1.jar:/home/runner/.m2/repository/com/sun/istack/istack-commons-runtime/3.0.5/istack-commons-runtime-3.0.5.jar:/home/runner/.m2/repository/org/jvnet/staxex/stax-ex/1.7.8/stax-ex-1.7.8.jar:/home/runner/.m2/repository/com/sun/xml/fastinfoset/FastInfoset/1.2.13/FastInfoset-1.2.13.jar:/home/runner/.m2/repository/javax/activation/activation/1.1.1/activation-1.1.1.jar:/home/runner/.m2/repository/io/grpc/grpc-protobuf/1.48.1/grpc-protobuf-1.48.1.jar:/home/runner/.m2/repository/io/grpc/grpc-api/1.48.1/grpc-api-1.48.1.jar:/home/runner/.m2/repository/io/grpc/grpc-context/1.48.1/grpc-context-1.48.1.jar:/home/runner/.m2/repository/com/google/api/grpc/proto-google-common-protos/2.9.0/proto-google-common-protos-2.9.0.jar:/home/runner/.m2/repository/io/grpc/grpc-protobuf-lite/1.48.1/grpc-protobuf-lite-1.48.1.jar:/home/runner/.m2/repository/io/grpc/grpc-stub/1.48.1/grpc-stub-1.48.1.jar:/home/runner/.m2/repository/io/netty/netty-transport/4.1.79.Final/netty-transport-4.1.79.Final.jar:/home/runner/.m2/repository/io/netty/netty-resolver/4.1.79.Final/netty-resolver-4.1.79.Final.jar:/home/runner/.m2/repository/org/apache/ozone/ozone-csi/1.3.0-SNAPSHOT/ozone-csi-1.3.0-SNAPSHOT.jar:/home/runner/.m2/repository/com/google/protobuf/protobuf-java-util/3.19.2/protobuf-java-util-3.19.2.jar:/home/runner/.m2/repository/com/google/code/gson/gson/2.9.0/gson-2.9.0.jar:/home/runner/.m2/repository/org/apache/ozone/hdds-config/1.3.0-SNAPSHOT/hdds-config-1.3.0-SNAPSHOT.jar:/home/runner/.m2/repository/io/netty/netty-transport-native-epoll/4.1.79.Final/netty-transport-native-epoll-4.1.79.Final-linux-x86_64.jar:/home/runner/.m2/repository/io/netty/netty-transport-classes-epoll/4.1.79.Final/netty-transport-classes-epoll-4.1.79.Final.jar:/home/runner/.m2/repository/io/netty/netty-transport-native-unix-common/4.1.79.Final/netty-transport-native-unix-common-4.1.79.Final.jar:/home/runner/.m2/repository/org/apache/ozone/ozone-recon/1.3.0-SNAPSHOT/ozone-recon-1.3.0-SNAPSHOT.jar:/home/runner/.m2/repository/org/apache/ozone/ozone-reconcodegen/1.3.0-SNAPSHOT/ozone-reconcodegen-1.3.0-SNAPSHOT.jar:/home/runner/.m2/repository/com/google/inject/extensions/guice-multibindings/4.0/guice-multibindings-4.0.jar:/home/runner/.m2/repository/com/google/inject/guice/4.0/guice-4.0.jar:/home/runner/.m2/repository/aopalliance/aopalliance/1.0/aopalliance-1.0.jar:/home/runner/.m2/repository/com/google/inject/extensions/guice-assistedinject/4.0/guice-assistedinject-4.0.jar:/home/runner/.m2/repository/com/google/inject/extensions/guice-servlet/4.0/guice-servlet-4.0.jar:/home/runner/.m2/repository/org/glassfish/jersey/containers/jersey-container-servlet/2.33/jersey-container-servlet-2.33.jar:/home/runner/.m2/repository/org/glassfish/hk2/guice-bridge/2.5.0/guice-bridge-2.5.0.jar:/home/runner/.m2/repository/org/glassfish/jersey/core/jersey-server/2.33/jersey-server-2.33.jar:/home/runner/.m2/repository/org/glassfish/jersey/core/jersey-client/2.33/jersey-client-2.33.jar:/home/runner/.m2/repository/jakarta/annotation/jakarta.annotation-api/1.3.5/jakarta.annotation-api-1.3.5.jar:/home/runner/.m2/repository/jakarta/validation/jakarta.validation-api/2.0.2/jakarta.validation-api-2.0.2.jar:/home/runner/.m2/repository/org/glassfish/jersey/media/jersey-media-json-jackson/2.33/jersey-media-json-jackson-2.33.jar:/home/runner/.m2/repository/org/glassfish/jersey/ext/jersey-entity-filtering/2.33/jersey-entity-filtering-2.33.jar:/home/runner/.m2/repository/org/jooq/jooq/3.11.10/jooq-3.11.10.jar:/home/runner/.m2/repository/org/jooq/jooq-meta/3.11.10/jooq-meta-3.11.10.jar:/home/runner/.m2/repository/org/jooq/jooq-codegen/3.11.10/jooq-codegen-3.11.10.jar:/home/runner/.m2/repository/com/jolbox/bonecp/0.8.0.RELEASE/bonecp-0.8.0.RELEASE.jar:/home/runner/.m2/repository/org/apache/derby/derby/10.14.2.0/derby-10.14.2.0.jar:/home/runner/.m2/repository/org/xerial/sqlite-jdbc/3.25.2/sqlite-jdbc-3.25.2.jar:/home/runner/.m2/repository/org/springframework/spring-jdbc/5.2.20.RELEASE/spring-jdbc-5.2.20.RELEASE.jar:/home/runner/.m2/repository/org/springframework/spring-beans/5.2.20.RELEASE/spring-beans-5.2.20.RELEASE.jar:/home/runner/.m2/repository/org/springframework/spring-core/5.2.20.RELEASE/spring-core-5.2.20.RELEASE.jar:/home/runner/.m2/repository/org/springframework/spring-jcl/5.2.20.RELEASE/spring-jcl-5.2.20.RELEASE.jar:/home/runner/.m2/repository/org/springframework/spring-tx/5.2.20.RELEASE/spring-tx-5.2.20.RELEASE.jar:/home/runner/.m2/repository/org/apache/ozone/ozone-client/1.3.0-SNAPSHOT/ozone-client-1.3.0-SNAPSHOT.jar:/home/runner/.m2/repository/org/apache/ozone/hdds-erasurecode/1.3.0-SNAPSHOT/hdds-erasurecode-1.3.0-SNAPSHOT.jar:/home/runner/.m2/repository/com/github/spotbugs/spotbugs-annotations/3.1.12/spotbugs-annotations-3.1.12.jar:/home/runner/.m2/repository/org/apache/ozone/ozone-filesystem/1.3.0-SNAPSHOT/ozone-filesystem-1.3.0-SNAPSHOT.jar:/home/runner/.m2/repository/org/apache/ozone/ozone-filesystem-common/1.3.0-SNAPSHOT/ozone-filesystem-common-1.3.0-SNAPSHOT.jar:/home/runner/.m2/repository/org/apache/ozone/ozone-tools/1.3.0-SNAPSHOT/ozone-tools-1.3.0-SNAPSHOT.jar:/home/runner/.m2/repository/org/apache/ratis/ratis-tools/2.3.0/ratis-tools-2.3.0.jar:/home/runner/.m2/repository/com/amazonaws/aws-java-sdk-core/1.12.261/aws-java-sdk-core-1.12.261.jar:/home/runner/.m2/repository/org/apache/httpcomponents/httpclient/4.5.13/httpclient-4.5.13.jar:/home/runner/.m2/repository/org/apache/httpcomponents/httpcore/4.4.13/httpcore-4.4.13.jar:/home/runner/.m2/repository/software/amazon/ion/ion-java/1.0.2/ion-java-1.0.2.jar:/home/runner/.m2/repository/com/fasterxml/jackson/dataformat/jackson-dataformat-cbor/2.13.2/jackson-dataformat-cbor-2.13.2.jar:/home/runner/.m2/repository/joda-time/joda-time/2.8.1/joda-time-2.8.1.jar:/home/runner/.m2/repository/com/amazonaws/aws-java-sdk-s3/1.12.261/aws-java-sdk-s3-1.12.261.jar:/home/runner/.m2/repository/com/amazonaws/aws-java-sdk-kms/1.12.261/aws-java-sdk-kms-1.12.261.jar:/home/runner/.m2/repository/com/amazonaws/jmespath-java/1.12.261/jmespath-java-1.12.261.jar:/home/runner/.m2/repository/org/kohsuke/metainf-services/metainf-services/1.8/metainf-services-1.8.jar:/home/runner/.m2/repository/org/apache/ozone/hdds-tools/1.3.0-SNAPSHOT/hdds-tools-1.3.0-SNAPSHOT.jar:/home/runner/.m2/repository/commons-cli/commons-cli/1.2/commons-cli-1.2.jar:/home/runner/.m2/repository/org/apache/commons/commons-lang3/3.7/commons-lang3-3.7.jar:/home/runner/.m2/repository/org/apache/ozone/ozone-manager/1.3.0-SNAPSHOT/ozone-manager-1.3.0-SNAPSHOT-tests.jar:/home/runner/.m2/repository/org/apache/ozone/hdds-common/1.3.0-SNAPSHOT/hdds-common-1.3.0-SNAPSHOT-tests.jar:/home/runner/.m2/repository/org/apache/ozone/hdds-hadoop-dependency-client/1.3.0-SNAPSHOT/hdds-hadoop-dependency-client-1.3.0-SNAPSHOT.jar:/home/runner/.m2/repository/info/picocli/picocli/4.6.1/picocli-4.6.1.jar:/home/runner/.m2/repository/com/fasterxml/jackson/core/jackson-annotations/2.13.2/jackson-annotations-2.13.2.jar:/home/runner/.m2/repository/com/fasterxml/jackson/datatype/jackson-datatype-jsr310/2.13.2/jackson-datatype-jsr310-2.13.2.jar:/home/runner/.m2/repository/javax/annotation/javax.annotation-api/1.2/javax.annotation-api-1.2.jar:/home/runner/.m2/repository/org/apache/ratis/ratis-server/2.3.0/ratis-server-2.3.0.jar:/home/runner/.m2/repository/org/apache/ratis/ratis-client/2.3.0/ratis-client-2.3.0.jar:/home/runner/.m2/repository/org/apache/ratis/ratis-server-api/2.3.0/ratis-server-api-2.3.0.jar:/home/runner/.m2/repository/org/apache/ratis/ratis-metrics/2.3.0/ratis-metrics-2.3.0.jar:/home/runner/.m2/repository/org/apache/ratis/ratis-netty/2.3.0/ratis-netty-2.3.0.jar:/home/runner/.m2/repository/org/apache/ratis/ratis-grpc/2.3.0/ratis-grpc-2.3.0.jar:/home/runner/.m2/repository/org/apache/logging/log4j/log4j-api/2.17.1/log4j-api-2.17.1.jar:/home/runner/.m2/repository/org/apache/commons/commons-pool2/2.6.0/commons-pool2-2.6.0.jar:/home/runner/.m2/repository/org/bouncycastle/bcpkix-jdk15on/1.67/bcpkix-jdk15on-1.67.jar:/home/runner/.m2/repository/commons-validator/commons-validator/1.6/commons-validator-1.6.jar:/home/runner/.m2/repository/commons-beanutils/commons-beanutils/1.9.4/commons-beanutils-1.9.4.jar:/home/runner/.m2/repository/commons-digester/commons-digester/1.8.1/commons-digester-1.8.1.jar:/home/runner/.m2/repository/commons-collections/commons-collections/3.2.2/commons-collections-3.2.2.jar:/home/runner/.m2/repository/io/jaegertracing/jaeger-client/1.6.0/jaeger-client-1.6.0.jar:/home/runner/.m2/repository/io/jaegertracing/jaeger-thrift/1.6.0/jaeger-thrift-1.6.0.jar:/home/runner/.m2/repository/org/apache/thrift/libthrift/0.14.1/libthrift-0.14.1.jar:/home/runner/.m2/repository/com/squareup/okhttp3/okhttp/4.9.0/okhttp-4.9.0.jar:/home/runner/.m2/repository/com/squareup/okio/okio/2.8.0/okio-2.8.0.jar:/home/runner/.m2/repository/io/jaegertracing/jaeger-core/1.6.0/jaeger-core-1.6.0.jar:/home/runner/.m2/repository/io/jaegertracing/jaeger-tracerresolver/1.6.0/jaeger-tracerresolver-1.6.0.jar:/home/runner/.m2/repository/io/opentracing/contrib/opentracing-tracerresolver/0.1.8/opentracing-tracerresolver-0.1.8.jar:/home/runner/.m2/repository/org/jetbrains/kotlin/kotlin-stdlib/1.6.21/kotlin-stdlib-1.6.21.jar:/home/runner/.m2/repository/org/jetbrains/kotlin/kotlin-stdlib-common/1.6.21/kotlin-stdlib-common-1.6.21.jar:/home/runner/.m2/repository/org/jetbrains/annotations/13.0/annotations-13.0.jar:/home/runner/.m2/repository/io/opentracing/opentracing-util/0.33.0/opentracing-util-0.33.0.jar:/home/runner/.m2/repository/io/opentracing/opentracing-api/0.33.0/opentracing-api-0.33.0.jar:/home/runner/.m2/repository/io/opentracing/opentracing-noop/0.33.0/opentracing-noop-0.33.0.jar:/home/runner/.m2/repository/org/yaml/snakeyaml/1.26/snakeyaml-1.26.jar:/home/runner/.m2/repository/org/apache/ozone/hdds-interface-admin/1.3.0-SNAPSHOT/hdds-interface-admin-1.3.0-SNAPSHOT.jar:/home/runner/.m2/repository/junit/junit/4.13.1/junit-4.13.1.jar:/home/runner/.m2/repository/org/hamcrest/hamcrest-core/1.3/hamcrest-core-1.3.jar:/home/runner/.m2/repository/org/junit/jupiter/junit-jupiter-api/5.8.2/junit-jupiter-api-5.8.2.jar:/home/runner/.m2/repository/org/opentest4j/opentest4j/1.2.0/opentest4j-1.2.0.jar:/home/runner/.m2/repository/org/junit/platform/junit-platform-commons/1.8.2/junit-platform-commons-1.8.2.jar:/home/runner/.m2/repository/org/apiguardian/apiguardian-api/1.1.2/apiguardian-api-1.1.2.jar:/home/runner/.m2/repository/org/junit/jupiter/junit-jupiter-params/5.8.2/junit-jupiter-params-5.8.2.jar:/home/runner/.m2/repository/org/junit/jupiter/junit-jupiter-migrationsupport/5.8.2/junit-jupiter-migrationsupport-5.8.2.jar:/home/runner/.m2/repository/org/junit/jupiter/junit-jupiter-engine/5.8.2/junit-jupiter-engine-5.8.2.jar:/home/runner/.m2/repository/org/junit/platform/junit-platform-engine/1.8.2/junit-platform-engine-1.8.2.jar:/home/runner/.m2/repository/org/junit/vintage/junit-vintage-engine/5.8.2/junit-vintage-engine-5.8.2.jar:/home/runner/.m2/repository/org/junit/platform/junit-platform-launcher/1.8.2/junit-platform-launcher-1.8.2.jar:/home/runner/.m2/repository/org/mockito/mockito-core/2.28.2/mockito-core-2.28.2.jar:/home/runner/.m2/repository/net/bytebuddy/byte-buddy/1.9.10/byte-buddy-1.9.10.jar:/home/runner/.m2/repository/net/bytebuddy/byte-buddy-agent/1.9.10/byte-buddy-agent-1.9.10.jar:/home/runner/.m2/repository/org/objenesis/objenesis/1.0/objenesis-1.0.jar:/home/runner/.m2/repository/org/apache/hadoop/hadoop-kms/3.3.1/hadoop-kms-3.3.1.jar:/home/runner/.m2/repository/org/apache/hadoop/hadoop-auth/3.3.1/hadoop-auth-3.3.1.jar:/home/runner/.m2/repository/com/nimbusds/nimbus-jose-jwt/7.9/nimbus-jose-jwt-7.9.jar:/home/runner/.m2/repository/com/github/stephenc/jcip/jcip-annotations/1.0-1/jcip-annotations-1.0-1.jar:/home/runner/.m2/repository/net/minidev/json-smart/2.4.7/json-smart-2.4.7.jar:/home/runner/.m2/repository/net/minidev/accessors-smart/2.4.7/accessors-smart-2.4.7.jar:/home/runner/.m2/repository/org/ow2/asm/asm/5.0.4/asm-5.0.4.jar:/home/runner/.m2/repository/org/apache/zookeeper/zookeeper/3.5.6/zookeeper-3.5.6.jar:/home/runner/.m2/repository/org/apache/zookeeper/zookeeper-jute/3.5.6/zookeeper-jute-3.5.6.jar:/home/runner/.m2/repository/org/apache/yetus/audience-annotations/0.5.0/audience-annotations-0.5.0.jar:/home/runner/.m2/repository/org/apache/curator/curator-framework/4.2.0/curator-framework-4.2.0.jar:/home/runner/.m2/repository/org/apache/hadoop/thirdparty/hadoop-shaded-guava/1.1.1/hadoop-shaded-guava-1.1.1.jar:/home/runner/.m2/repository/com/sun/jersey/jersey-core/1.19/jersey-core-1.19.jar:/home/runner/.m2/repository/javax/ws/rs/jsr311-api/1.1.1/jsr311-api-1.1.1.jar:/home/runner/.m2/repository/com/sun/jersey/jersey-server/1.19/jersey-server-1.19.jar:/home/runner/.m2/repository/javax/servlet/javax.servlet-api/3.1.0/javax.servlet-api-3.1.0.jar:/home/runner/.m2/repository/org/eclipse/jetty/jetty-server/9.4.43.v20210629/jetty-server-9.4.43.v20210629.jar:/home/runner/.m2/repository/org/eclipse/jetty/jetty-http/9.4.43.v20210629/jetty-http-9.4.43.v20210629.jar:/home/runner/.m2/repository/org/eclipse/jetty/jetty-io/9.4.43.v20210629/jetty-io-9.4.43.v20210629.jar:/home/runner/.m2/repository/org/eclipse/jetty/jetty-webapp/9.4.43.v20210629/jetty-webapp-9.4.43.v20210629.jar:/home/runner/.m2/repository/org/eclipse/jetty/jetty-xml/9.4.43.v20210629/jetty-xml-9.4.43.v20210629.jar:/home/runner/.m2/repository/org/apache/hadoop/hadoop-common/3.3.1/hadoop-common-3.3.1.jar:/home/runner/.m2/repository/org/apache/commons/commons-math3/3.1.1/commons-math3-3.1.1.jar:/home/runner/.m2/repository/commons-net/commons-net/3.6/commons-net-3.6.jar:/home/runner/.m2/repository/com/sun/jersey/jersey-servlet/1.19/jersey-servlet-1.19.jar:/home/runner/.m2/repository/com/sun/jersey/jersey-json/1.19/jersey-json-1.19.jar:/home/runner/.m2/repository/org/codehaus/jettison/jettison/1.1/jettison-1.1.jar:/home/runner/.m2/repository/com/sun/xml/bind/jaxb-impl/2.2.3-1/jaxb-impl-2.2.3-1.jar:/home/runner/.m2/repository/org/codehaus/jackson/jackson-xc/1.9.2/jackson-xc-1.9.2.jar:/home/runner/.m2/repository/org/apache/commons/commons-configuration2/2.1.1/commons-configuration2-2.1.1.jar:/home/runner/.m2/repository/org/apache/commons/commons-text/1.4/commons-text-1.4.jar:/home/runner/.m2/repository/com/google/re2j/re2j/1.1/re2j-1.1.jar:/home/runner/.m2/repository/com/jcraft/jsch/0.1.54/jsch-0.1.54.jar:/home/runner/.m2/repository/org/apache/curator/curator-client/4.2.0/curator-client-4.2.0.jar:/home/runner/.m2/repository/org/apache/curator/curator-recipes/4.2.0/curator-recipes-4.2.0.jar:/home/runner/.m2/repository/org/apache/kerby/kerb-core/1.0.1/kerb-core-1.0.1.jar:/home/runner/.m2/repository/org/apache/kerby/kerby-pkix/1.0.1/kerby-pkix-1.0.1.jar:/home/runner/.m2/repository/org/apache/kerby/kerby-asn1/1.0.1/kerby-asn1-1.0.1.jar:/home/runner/.m2/repository/org/apache/kerby/kerby-util/1.0.1/kerby-util-1.0.1.jar:/home/runner/.m2/repository/dnsjava/dnsjava/2.1.7/dnsjava-2.1.7.jar:/home/runner/.m2/repository/org/xerial/snappy/snappy-java/1.1.8.2/snappy-java-1.1.8.2.jar:/home/runner/.m2/repository/org/slf4j/jul-to-slf4j/1.7.30/jul-to-slf4j-1.7.30.jar:/home/runner/.m2/repository/org/eclipse/jetty/jetty-util/9.4.43.v20210629/jetty-util-9.4.43.v20210629.jar:/home/runner/.m2/repository/com/fasterxml/jackson/core/jackson-databind/2.13.2.2/jackson-databind-2.13.2.2.jar:/home/runner/.m2/repository/org/apache/hadoop/hadoop-kms/3.3.1/hadoop-kms-3.3.1-tests.jar:/home/runner/.m2/repository/org/apache/ozone/hdds-server-scm/1.3.0-SNAPSHOT/hdds-server-scm-1.3.0-SNAPSHOT-tests.jar:/home/runner/.m2/repository/org/apache/ozone/hdds-container-service/1.3.0-SNAPSHOT/hdds-container-service-1.3.0-SNAPSHOT-tests.jar:/home/runner/.m2/repository/commons-codec/commons-codec/1.11/commons-codec-1.11.jar:/home/runner/.m2/repository/io/netty/netty-codec/4.1.79.Final/netty-codec-4.1.79.Final.jar:/home/runner/.m2/repository/io/netty/netty-handler/4.1.79.Final/netty-handler-4.1.79.Final.jar:/home/runner/.m2/repository/org/apache/ozone/hdds-hadoop-dependency-test/1.3.0-SNAPSHOT/hdds-hadoop-dependency-test-1.3.0-SNAPSHOT.jar:/home/runner/.m2/repository/org/apache/hadoop/hadoop-common/3.3.1/hadoop-common-3.3.1-tests.jar:/home/runner/.m2/repository/org/assertj/assertj-core/3.12.2/assertj-core-3.12.2.jar:/home/runner/.m2/repository/org/apache/hadoop/hadoop-hdfs/3.3.1/hadoop-hdfs-3.3.1-tests.jar:/home/runner/.m2/repository/org/eclipse/jetty/jetty-util-ajax/9.4.43.v20210629/jetty-util-ajax-9.4.43.v20210629.jar:/home/runner/.m2/repository/commons-daemon/commons-daemon/1.0.13/commons-daemon-1.0.13.jar:/home/runner/.m2/repository/io/netty/netty/3.10.6.Final/netty-3.10.6.Final.jar:/home/runner/.m2/repository/io/netty/netty-all/4.1.79.Final/netty-all-4.1.79.Final.jar:/home/runner/.m2/repository/io/netty/netty-codec-dns/4.1.79.Final/netty-codec-dns-4.1.79.Final.jar:/home/runner/.m2/repository/io/netty/netty-codec-haproxy/4.1.79.Final/netty-codec-haproxy-4.1.79.Final.jar:/home/runner/.m2/repository/io/netty/netty-codec-memcache/4.1.79.Final/netty-codec-memcache-4.1.79.Final.jar:/home/runner/.m2/repository/io/netty/netty-codec-mqtt/4.1.79.Final/netty-codec-mqtt-4.1.79.Final.jar:/home/runner/.m2/repository/io/netty/netty-codec-redis/4.1.79.Final/netty-codec-redis-4.1.79.Final.jar:/home/runner/.m2/repository/io/netty/netty-codec-smtp/4.1.79.Final/netty-codec-smtp-4.1.79.Final.jar:/home/runner/.m2/repository/io/netty/netty-codec-stomp/4.1.79.Final/netty-codec-stomp-4.1.79.Final.jar:/home/runner/.m2/repository/io/netty/netty-codec-xml/4.1.79.Final/netty-codec-xml-4.1.79.Final.jar:/home/runner/.m2/repository/io/netty/netty-resolver-dns/4.1.79.Final/netty-resolver-dns-4.1.79.Final.jar:/home/runner/.m2/repository/io/netty/netty-transport-rxtx/4.1.79.Final/netty-transport-rxtx-4.1.79.Final.jar:/home/runner/.m2/repository/io/netty/netty-transport-sctp/4.1.79.Final/netty-transport-sctp-4.1.79.Final.jar:/home/runner/.m2/repository/io/netty/netty-transport-udt/4.1.79.Final/netty-transport-udt-4.1.79.Final.jar:/home/runner/.m2/repository/io/netty/netty-transport-classes-kqueue/4.1.79.Final/netty-transport-classes-kqueue-4.1.79.Final.jar:/home/runner/.m2/repository/io/netty/netty-resolver-dns-classes-macos/4.1.79.Final/netty-resolver-dns-classes-macos-4.1.79.Final.jar:/home/runner/.m2/repository/io/netty/netty-transport-native-epoll/4.1.79.Final/netty-transport-native-epoll-4.1.79.Final-linux-aarch_64.jar:/home/runner/.m2/repository/io/netty/netty-transport-native-kqueue/4.1.79.Final/netty-transport-native-kqueue-4.1.79.Final-osx-x86_64.jar:/home/runner/.m2/repository/io/netty/netty-transport-native-kqueue/4.1.79.Final/netty-transport-native-kqueue-4.1.79.Final-osx-aarch_64.jar:/home/runner/.m2/repository/io/netty/netty-resolver-dns-native-macos/4.1.79.Final/netty-resolver-dns-native-macos-4.1.79.Final-osx-x86_64.jar:/home/runner/.m2/repository/io/netty/netty-resolver-dns-native-macos/4.1.79.Final/netty-resolver-dns-native-macos-4.1.79.Final-osx-aarch_64.jar:/home/runner/.m2/repository/org/apache/htrace/htrace-core4/4.1.0-incubating/htrace-core4-4.1.0-incubating.jar:/home/runner/.m2/repository/org/fusesource/leveldbjni/leveldbjni-all/1.8/leveldbjni-all-1.8.jar:/home/runner/.m2/repository/org/apache/hadoop/hadoop-distcp/3.3.1/hadoop-distcp-3.3.1.jar:/home/runner/.m2/repository/org/apache/hadoop/hadoop-mapreduce-client-jobclient/3.3.1/hadoop-mapreduce-client-jobclient-3.3.1.jar:/home/runner/.m2/repository/org/apache/hadoop/hadoop-mapreduce-client-common/3.3.1/hadoop-mapreduce-client-common-3.3.1.jar:/home/runner/.m2/repository/org/apache/hadoop/hadoop-yarn-common/3.3.1/hadoop-yarn-common-3.3.1.jar:/home/runner/.m2/repository/org/apache/hadoop/hadoop-yarn-api/3.3.1/hadoop-yarn-api-3.3.1.jar:/home/runner/.m2/repository/com/sun/jersey/contribs/jersey-guice/1.19/jersey-guice-1.19.jar:/home/runner/.m2/repository/com/fasterxml/jackson/jaxrs/jackson-jaxrs-json-provider/2.13.2/jackson-jaxrs-json-provider-2.13.2.jar:/home/runner/.m2/repository/com/fasterxml/jackson/jaxrs/jackson-jaxrs-base/2.13.2/jackson-jaxrs-base-2.13.2.jar:/home/runner/.m2/repository/org/apache/hadoop/hadoop-yarn-client/3.3.1/hadoop-yarn-client-3.3.1.jar:/home/runner/.m2/repository/org/eclipse/jetty/websocket/websocket-client/9.4.40.v20210413/websocket-client-9.4.40.v20210413.jar:/home/runner/.m2/repository/org/eclipse/jetty/websocket/websocket-common/9.4.40.v20210413/websocket-common-9.4.40.v20210413.jar:/home/runner/.m2/repository/org/eclipse/jetty/websocket/websocket-api/9.4.40.v20210413/websocket-api-9.4.40.v20210413.jar:/home/runner/.m2/repository/org/jline/jline/3.9.0/jline-3.9.0.jar:/home/runner/.m2/repository/org/apache/hadoop/hadoop-mapreduce-client-core/3.3.1/hadoop-mapreduce-client-core-3.3.1.jar:/home/runner/.m2/repository/org/apache/avro/avro/1.7.7/avro-1.7.7.jar:/home/runner/.m2/repository/org/codehaus/jackson/jackson-core-asl/1.9.13/jackson-core-asl-1.9.13.jar:/home/runner/.m2/repository/org/codehaus/jackson/jackson-mapper-asl/1.9.13/jackson-mapper-asl-1.9.13.jar:/home/runner/.m2/repository/com/thoughtworks/paranamer/paranamer/2.3/paranamer-2.3.jar:/home/runner/.m2/repository/org/apache/hadoop/hadoop-annotations/3.3.1/hadoop-annotations-3.3.1.jar:/usr/lib/jvm/temurin-8-jdk-amd64/jre/../lib/tools.jar:/home/runner/.m2/repository/org/apache/hadoop/hadoop-distcp/3.3.1/hadoop-distcp-3.3.1-tests.jar:/home/runner/.m2/repository/org/apache/ratis/ratis-common/2.3.0/ratis-common-2.3.0.jar:/home/runner/.m2/repository/org/apache/ratis/ratis-thirdparty-misc/1.0.0/ratis-thirdparty-misc-1.0.0.jar:/home/runner/.m2/repository/org/apache/ratis/ratis-proto/2.3.0/ratis-proto-2.3.0.jar:/home/runner/.m2/repository/org/apache/ozone/ozone-annotation-processing/1.3.0-SNAPSHOT/ozone-annotation-processing-1.3.0-SNAPSHOT.jar:"/>
    <property name="sun.cpu.endian" value="little"/>
    <property name="user.home" value="/home/runner"/>
    <property name="user.language" value="en"/>
    <property name="java.specification.vendor" value="Oracle Corporation"/>
    <property name="java.home" value="/usr/lib/jvm/temurin-8-jdk-amd64/jre"/>
    <property name="java.security.krb5.conf" value="/home/runner/work/ozone/ozone/hadoop-ozone/integration-test/target/test-classes/krb5.conf"/>
    <property name="basedir" value="/home/runner/work/ozone/ozone/hadoop-ozone/integration-test"/>
    <property name="file.separator" value="/"/>
    <property name="line.separator" value="&#10;"/>
    <property name="java.vm.specification.vendor" value="Oracle Corporation"/>
    <property name="java.specification.name" value="Java Platform API Specification"/>
    <property name="java.awt.graphicsenv" value="sun.awt.X11GraphicsEnvironment"/>
    <property name="skip.installnpx" value="true"/>
    <property name="surefire.fork.timeout" value="3600"/>
    <property name="surefire.real.class.path" value="/home/runner/work/ozone/ozone/hadoop-ozone/integration-test/target/surefire/surefirebooter2538336917085752095.jar:/home/runner/.m2/repository/org/jacoco/org.jacoco.agent/0.8.5/org.jacoco.agent-0.8.5-runtime.jar"/>
    <property name="hadoop.log.dir" value="/home/runner/work/ozone/ozone/hadoop-ozone/integration-test/target/log"/>
    <property name="sun.boot.class.path" value="/usr/lib/jvm/temurin-8-jdk-amd64/jre/lib/resources.jar:/usr/lib/jvm/temurin-8-jdk-amd64/jre/lib/rt.jar:/usr/lib/jvm/temurin-8-jdk-amd64/jre/lib/sunrsasign.jar:/usr/lib/jvm/temurin-8-jdk-amd64/jre/lib/jsse.jar:/usr/lib/jvm/temurin-8-jdk-amd64/jre/lib/jce.jar:/usr/lib/jvm/temurin-8-jdk-amd64/jre/lib/charsets.jar:/usr/lib/jvm/temurin-8-jdk-amd64/jre/lib/jfr.jar:/usr/lib/jvm/temurin-8-jdk-amd64/jre/classes"/>
    <property name="sun.management.compiler" value="HotSpot 64-Bit Tiered Compilers"/>
    <property name="skip.npx" value="true"/>
    <property name="java.runtime.version" value="1.8.0_332-b09"/>
    <property name="java.net.preferIPv4Stack" value="true"/>
    <property name="user.name" value="runner"/>
    <property name="path.separator" value=":"/>
    <property name="java.security.egd" value="file:///dev/urandom"/>
    <property name="os.version" value="5.4.0-1086-azure"/>
    <property name="java.endorsed.dirs" value="/usr/lib/jvm/temurin-8-jdk-amd64/jre/lib/endorsed"/>
    <property name="java.runtime.name" value="OpenJDK Runtime Environment"/>
    <property name="file.encoding" value="UTF-8"/>
    <property name="java.vm.name" value="OpenJDK 64-Bit Server VM"/>
    <property name="test.build.webapps" value=""/>
    <property name="localRepository" value="/home/runner/.m2/repository"/>
    <property name="jetty.git.hash" value="526006ecfa3af7f1a27ef3a288e2bef7ea9dd7e8"/>
    <property name="java.vendor.url.bug" value="https://github.com/adoptium/adoptium-support/issues"/>
    <property name="java.io.tmpdir" value="/tmp"/>
    <property name="require.test.libhadoop" value=""/>
    <property name="surefire.rerunFailingTestsCount" value="5"/>
    <property name="java.version" value="1.8.0_332"/>
    <property name="user.dir" value="/home/runner/work/ozone/ozone/hadoop-ozone/integration-test"/>
    <property name="os.arch" value="amd64"/>
    <property name="java.vm.specification.name" value="Java Virtual Machine Specification"/>
    <property name="test.build.classes" value="/home/runner/work/ozone/ozone/hadoop-ozone/integration-test/target/test-classes"/>
    <property name="java.awt.printerjob" value="sun.print.PSPrinterJob"/>
    <property name="sun.os.patch.level" value="unknown"/>
    <property name="hadoop.tmp.dir" value="/home/runner/work/ozone/ozone/hadoop-ozone/integration-test/target/tmp"/>
    <property name="java.library.path" value="/usr/java/packages/lib/amd64:/usr/lib64:/lib64:/lib:/usr/lib"/>
    <property name="java.vm.info" value="mixed mode"/>
    <property name="java.vendor" value="Temurin"/>
    <property name="java.vm.version" value="25.332-b09"/>
    <property name="java.ext.dirs" value="/usr/lib/jvm/temurin-8-jdk-amd64/jre/lib/ext:/usr/java/packages/lib/ext"/>
    <property name="sun.io.unicode.encoding" value="UnicodeLittle"/>
    <property name="java.class.version" value="52.0"/>
  </properties>
  <testcase name="testPrepareWithMultipleThreads" classname="org.apache.hadoop.ozone.om.TestOzoneManagerPrepare" time="11.12"/>
  <testcase name="testCancelPrepare" classname="org.apache.hadoop.ozone.om.TestOzoneManagerPrepare" time="123.625">
    <error type="java.util.concurrent.TimeoutException"><![CDATA[java.util.concurrent.TimeoutException: timeout: after 120000 millis
	at org.apache.ozone.test.LambdaTestUtils$GenerateTimeout.evaluate(LambdaTestUtils.java:677)
	at org.apache.ozone.test.LambdaTestUtils.await(LambdaTestUtils.java:154)
	at org.apache.ozone.test.LambdaTestUtils.await(LambdaTestUtils.java:192)
	at org.apache.hadoop.ozone.om.TestOzoneManagerPrepare.assertClusterNotPrepared(TestOzoneManagerPrepare.java:494)
	at org.apache.hadoop.ozone.om.TestOzoneManagerPrepare.assertClusterNotPrepared(TestOzoneManagerPrepare.java:488)
	at org.apache.hadoop.ozone.om.TestOzoneManagerPrepare.initOM(TestOzoneManagerPrepare.java:99)
	at sun.reflect.NativeMethodAccessorImpl.invoke0(Native Method)
	at sun.reflect.NativeMethodAccessorImpl.invoke(NativeMethodAccessorImpl.java:62)
	at sun.reflect.DelegatingMethodAccessorImpl.invoke(DelegatingMethodAccessorImpl.java:43)
	at java.lang.reflect.Method.invoke(Method.java:498)
	at org.junit.platform.commons.util.ReflectionUtils.invokeMethod(ReflectionUtils.java:725)
	at org.junit.jupiter.engine.execution.MethodInvocation.proceed(MethodInvocation.java:60)
	at org.junit.jupiter.engine.execution.InvocationInterceptorChain$ValidatingInvocation.proceed(InvocationInterceptorChain.java:131)
	at org.junit.jupiter.engine.extension.TimeoutExtension.intercept(TimeoutExtension.java:149)
	at org.junit.jupiter.engine.extension.TimeoutExtension.interceptLifecycleMethod(TimeoutExtension.java:126)
	at org.junit.jupiter.engine.extension.TimeoutExtension.interceptBeforeEachMethod(TimeoutExtension.java:76)
	at org.junit.jupiter.engine.execution.ExecutableInvoker$ReflectiveInterceptorCall.lambda$ofVoidMethod$0(ExecutableInvoker.java:115)
	at org.junit.jupiter.engine.execution.ExecutableInvoker.lambda$invoke$0(ExecutableInvoker.java:105)
	at org.junit.jupiter.engine.execution.InvocationInterceptorChain$InterceptedInvocation.proceed(InvocationInterceptorChain.java:106)
	at org.junit.jupiter.engine.execution.InvocationInterceptorChain.proceed(InvocationInterceptorChain.java:64)
	at org.junit.jupiter.engine.execution.InvocationInterceptorChain.chainAndInvoke(InvocationInterceptorChain.java:45)
	at org.junit.jupiter.engine.execution.InvocationInterceptorChain.invoke(InvocationInterceptorChain.java:37)
	at org.junit.jupiter.engine.execution.ExecutableInvoker.invoke(ExecutableInvoker.java:104)
	at org.junit.jupiter.engine.execution.ExecutableInvoker.invoke(ExecutableInvoker.java:98)
	at org.junit.jupiter.engine.descriptor.ClassBasedTestDescriptor.invokeMethodInExtensionContext(ClassBasedTestDescriptor.java:506)
	at org.junit.jupiter.engine.descriptor.ClassBasedTestDescriptor.lambda$synthesizeBeforeEachMethodAdapter$21(ClassBasedTestDescriptor.java:491)
	at org.junit.jupiter.engine.descriptor.TestMethodTestDescriptor.lambda$invokeBeforeEachMethods$3(TestMethodTestDescriptor.java:171)
	at org.junit.jupiter.engine.descriptor.TestMethodTestDescriptor.lambda$invokeBeforeMethodsOrCallbacksUntilExceptionOccurs$6(TestMethodTestDescriptor.java:199)
	at org.junit.platform.engine.support.hierarchical.ThrowableCollector.execute(ThrowableCollector.java:73)
	at org.junit.jupiter.engine.descriptor.TestMethodTestDescriptor.invokeBeforeMethodsOrCallbacksUntilExceptionOccurs(TestMethodTestDescriptor.java:199)
	at org.junit.jupiter.engine.descriptor.TestMethodTestDescriptor.invokeBeforeEachMethods(TestMethodTestDescriptor.java:168)
	at org.junit.jupiter.engine.descriptor.TestMethodTestDescriptor.execute(TestMethodTestDescriptor.java:131)
	at org.junit.jupiter.engine.descriptor.TestMethodTestDescriptor.execute(TestMethodTestDescriptor.java:66)
	at org.junit.platform.engine.support.hierarchical.NodeTestTask.lambda$executeRecursively$6(NodeTestTask.java:151)
	at org.junit.platform.engine.support.hierarchical.ThrowableCollector.execute(ThrowableCollector.java:73)
	at org.junit.platform.engine.support.hierarchical.NodeTestTask.lambda$executeRecursively$8(NodeTestTask.java:141)
	at org.junit.platform.engine.support.hierarchical.Node.around(Node.java:137)
	at org.junit.platform.engine.support.hierarchical.NodeTestTask.lambda$executeRecursively$9(NodeTestTask.java:139)
	at org.junit.platform.engine.support.hierarchical.ThrowableCollector.execute(ThrowableCollector.java:73)
	at org.junit.platform.engine.support.hierarchical.NodeTestTask.executeRecursively(NodeTestTask.java:138)
	at org.junit.platform.engine.support.hierarchical.NodeTestTask.execute(NodeTestTask.java:95)
	at java.util.ArrayList.forEach(ArrayList.java:1259)
	at org.junit.platform.engine.support.hierarchical.SameThreadHierarchicalTestExecutorService.invokeAll(SameThreadHierarchicalTestExecutorService.java:41)
	at org.junit.platform.engine.support.hierarchical.NodeTestTask.lambda$executeRecursively$6(NodeTestTask.java:155)
	at org.junit.platform.engine.support.hierarchical.ThrowableCollector.execute(ThrowableCollector.java:73)
	at org.junit.platform.engine.support.hierarchical.NodeTestTask.lambda$executeRecursively$8(NodeTestTask.java:141)
	at org.junit.platform.engine.support.hierarchical.Node.around(Node.java:137)
	at org.junit.platform.engine.support.hierarchical.NodeTestTask.lambda$executeRecursively$9(NodeTestTask.java:139)
	at org.junit.platform.engine.support.hierarchical.ThrowableCollector.execute(ThrowableCollector.java:73)
	at org.junit.platform.engine.support.hierarchical.NodeTestTask.executeRecursively(NodeTestTask.java:138)
	at org.junit.platform.engine.support.hierarchical.NodeTestTask.execute(NodeTestTask.java:95)
	at java.util.ArrayList.forEach(ArrayList.java:1259)
	at org.junit.platform.engine.support.hierarchical.SameThreadHierarchicalTestExecutorService.invokeAll(SameThreadHierarchicalTestExecutorService.java:41)
	at org.junit.platform.engine.support.hierarchical.NodeTestTask.lambda$executeRecursively$6(NodeTestTask.java:155)
	at org.junit.platform.engine.support.hierarchical.ThrowableCollector.execute(ThrowableCollector.java:73)
	at org.junit.platform.engine.support.hierarchical.NodeTestTask.lambda$executeRecursively$8(NodeTestTask.java:141)
	at org.junit.platform.engine.support.hierarchical.Node.around(Node.java:137)
	at org.junit.platform.engine.support.hierarchical.NodeTestTask.lambda$executeRecursively$9(NodeTestTask.java:139)
	at org.junit.platform.engine.support.hierarchical.ThrowableCollector.execute(ThrowableCollector.java:73)
	at org.junit.platform.engine.support.hierarchical.NodeTestTask.executeRecursively(NodeTestTask.java:138)
	at org.junit.platform.engine.support.hierarchical.NodeTestTask.execute(NodeTestTask.java:95)
	at org.junit.platform.engine.support.hierarchical.SameThreadHierarchicalTestExecutorService.submit(SameThreadHierarchicalTestExecutorService.java:35)
	at org.junit.platform.engine.support.hierarchical.HierarchicalTestExecutor.execute(HierarchicalTestExecutor.java:57)
	at org.junit.platform.engine.support.hierarchical.HierarchicalTestEngine.execute(HierarchicalTestEngine.java:54)
	at org.junit.platform.launcher.core.EngineExecutionOrchestrator.execute(EngineExecutionOrchestrator.java:107)
	at org.junit.platform.launcher.core.EngineExecutionOrchestrator.execute(EngineExecutionOrchestrator.java:88)
	at org.junit.platform.launcher.core.EngineExecutionOrchestrator.lambda$execute$0(EngineExecutionOrchestrator.java:54)
	at org.junit.platform.launcher.core.EngineExecutionOrchestrator.withInterceptedStreams(EngineExecutionOrchestrator.java:67)
	at org.junit.platform.launcher.core.EngineExecutionOrchestrator.execute(EngineExecutionOrchestrator.java:52)
	at org.junit.platform.launcher.core.DefaultLauncher.execute(DefaultLauncher.java:114)
	at org.junit.platform.launcher.core.DefaultLauncher.execute(DefaultLauncher.java:86)
	at org.junit.platform.launcher.core.DefaultLauncherSession$DelegatingLauncher.execute(DefaultLauncherSession.java:86)
	at org.junit.platform.launcher.core.SessionPerRequestLauncher.execute(SessionPerRequestLauncher.java:53)
	at org.apache.maven.surefire.junitplatform.JUnitPlatformProvider.execute(JUnitPlatformProvider.java:188)
	at org.apache.maven.surefire.junitplatform.JUnitPlatformProvider.invokeAllTests(JUnitPlatformProvider.java:154)
	at org.apache.maven.surefire.junitplatform.JUnitPlatformProvider.invoke(JUnitPlatformProvider.java:124)
	at org.apache.maven.surefire.booter.ForkedBooter.runSuitesInProcess(ForkedBooter.java:428)
	at org.apache.maven.surefire.booter.ForkedBooter.execute(ForkedBooter.java:162)
	at org.apache.maven.surefire.booter.ForkedBooter.run(ForkedBooter.java:562)
	at org.apache.maven.surefire.booter.ForkedBooter.main(ForkedBooter.java:548)
]]></error>
    <system-out><![CDATA[2022-08-20 01:09:00,315 [Listener at localhost/37097] INFO  om.TestOzoneManagerPrepare (TestOzoneManagerPrepare.java:initOM(95)) - Waiting for OM leader election
2022-08-20 01:09:00,334 [omNode-1@group-523986131536-FollowerState] INFO  impl.FollowerState (FollowerState.java:run(143)) - omNode-1@group-523986131536-FollowerState: change to CANDIDATE, lastRpcElapsedTime:1009361892ns, electionTimeout:1006ms
2022-08-20 01:09:00,334 [omNode-1@group-523986131536-FollowerState] INFO  impl.RoleInfo (RoleInfo.java:shutdownFollowerState(110)) - omNode-1: shutdown omNode-1@group-523986131536-FollowerState
2022-08-20 01:09:00,334 [omNode-1@group-523986131536-FollowerState] INFO  server.RaftServer$Division (RaftServerImpl.java:setRole(299)) - omNode-1@group-523986131536: changes role from  FOLLOWER to CANDIDATE at term 1 for changeToCandidate
2022-08-20 01:09:00,334 [omNode-1@group-523986131536-FollowerState] INFO  server.RaftServerConfigKeys (ConfUtils.java:logGet(46)) - raft.server.leaderelection.pre-vote = false (custom)
2022-08-20 01:09:00,334 [omNode-1@group-523986131536-FollowerState] INFO  impl.RoleInfo (RoleInfo.java:updateAndGet(139)) - omNode-1: start omNode-1@group-523986131536-LeaderElection12
2022-08-20 01:09:00,343 [omNode-1@group-523986131536-LeaderElection12] INFO  impl.LeaderElection (LeaderElection.java:askForVotes(310)) - omNode-1@group-523986131536-LeaderElection12 ELECTION round 0: submit vote requests at term 2 for 0: [omNode-3|rpc:localhost:35203|admin:|client:|dataStream:|priority:0, omNode-1|rpc:localhost:36801|admin:|client:|dataStream:|priority:0, omNode-2|rpc:localhost:43573|admin:|client:|dataStream:|priority:0], old=null
2022-08-20 01:09:00,354 [grpc-default-executor-2] INFO  server.RaftServer$Division (RaftServerImpl.java:requestVote(1152)) - omNode-3@group-523986131536: receive requestVote(ELECTION, omNode-1, group-523986131536, 2, (t:1, i:22))
2022-08-20 01:09:00,354 [grpc-default-executor-2] INFO  impl.VoteContext (VoteContext.java:log(48)) - omNode-3@group-523986131536-FOLLOWER: reject ELECTION from omNode-1: already has voted for omNode-2 at current term 2
2022-08-20 01:09:00,354 [grpc-default-executor-2] INFO  server.RaftServer$Division (RaftServerImpl.java:requestVote(1184)) - omNode-3@group-523986131536 replies to ELECTION vote request: omNode-1<-omNode-3#0:FAIL-t2. Peer's state: omNode-3@group-523986131536:t2, leader=omNode-2, voted=omNode-2, raftlog=omNode-3@group-523986131536-SegmentedRaftLog:OPENED:c24, conf=23: [omNode-3|rpc:localhost:35203|admin:|client:|dataStream:|priority:0, omNode-1|rpc:localhost:36801|admin:|client:|dataStream:|priority:0, omNode-2|rpc:localhost:43573|admin:|client:|dataStream:|priority:0], old=null
2022-08-20 01:09:00,359 [grpc-default-executor-2] INFO  server.RaftServer$Division (RaftServerImpl.java:requestVote(1152)) - omNode-2@group-523986131536: receive requestVote(ELECTION, omNode-1, group-523986131536, 2, (t:1, i:22))
2022-08-20 01:09:00,359 [grpc-default-executor-2] INFO  impl.VoteContext (VoteContext.java:log(48)) - omNode-2@group-523986131536-FOLLOWER: reject ELECTION from omNode-1: already has voted for omNode-2 at current term 2
2022-08-20 01:09:00,360 [grpc-default-executor-2] INFO  server.RaftServer$Division (RaftServerImpl.java:requestVote(1184)) - omNode-2@group-523986131536 replies to ELECTION vote request: omNode-1<-omNode-2#0:FAIL-t2. Peer's state: omNode-2@group-523986131536:t2, leader=null, voted=omNode-2, raftlog=omNode-2@group-523986131536-SegmentedRaftLog:OPENED:c24, conf=23: [omNode-3|rpc:localhost:35203|admin:|client:|dataStream:|priority:0, omNode-1|rpc:localhost:36801|admin:|client:|dataStream:|priority:0, omNode-2|rpc:localhost:43573|admin:|client:|dataStream:|priority:0], old=null
2022-08-20 01:09:00,361 [omNode-1@group-523986131536-LeaderElection12] INFO  impl.LeaderElection (LeaderElection.java:logAndReturn(90)) - omNode-1@group-523986131536-LeaderElection12: ELECTION REJECTED received 2 response(s) and 0 exception(s):
2022-08-20 01:09:00,361 [omNode-1@group-523986131536-LeaderElection12] INFO  impl.LeaderElection (LeaderElection.java:logAndReturn(94)) -   Response 0: omNode-1<-omNode-3#0:FAIL-t2
2022-08-20 01:09:00,362 [omNode-1@group-523986131536-LeaderElection12] INFO  impl.LeaderElection (LeaderElection.java:logAndReturn(94)) -   Response 1: omNode-1<-omNode-2#0:FAIL-t2
2022-08-20 01:09:00,362 [omNode-1@group-523986131536-LeaderElection12] INFO  impl.LeaderElection (LeaderElection.java:askForVotes(312)) - omNode-1@group-523986131536-LeaderElection12 ELECTION round 0: result REJECTED
2022-08-20 01:09:00,362 [omNode-1@group-523986131536-LeaderElection12] INFO  server.RaftServer$Division (RaftServerImpl.java:setRole(299)) - omNode-1@group-523986131536: changes role from CANDIDATE to FOLLOWER at term 2 for REJECTED
2022-08-20 01:09:00,362 [omNode-1@group-523986131536-LeaderElection12] INFO  impl.RoleInfo (RoleInfo.java:shutdownLeaderElection(130)) - omNode-1: shutdown omNode-1@group-523986131536-LeaderElection12
2022-08-20 01:09:00,362 [omNode-1@group-523986131536-LeaderElection12] INFO  impl.RoleInfo (RoleInfo.java:updateAndGet(139)) - omNode-1: start omNode-1@group-523986131536-FollowerState
2022-08-20 01:09:00,935 [omNode-2@group-523986131536-FollowerState] INFO  impl.FollowerState (FollowerState.java:run(143)) - omNode-2@group-523986131536-FollowerState: change to CANDIDATE, lastRpcElapsedTime:1054191697ns, electionTimeout:1053ms
2022-08-20 01:09:00,936 [omNode-2@group-523986131536-FollowerState] INFO  impl.RoleInfo (RoleInfo.java:shutdownFollowerState(110)) - omNode-2: shutdown omNode-2@group-523986131536-FollowerState
2022-08-20 01:09:00,936 [omNode-2@group-523986131536-FollowerState] INFO  server.RaftServer$Division (RaftServerImpl.java:setRole(299)) - omNode-2@group-523986131536: changes role from  FOLLOWER to CANDIDATE at term 2 for changeToCandidate
2022-08-20 01:09:00,936 [omNode-2@group-523986131536-FollowerState] INFO  server.RaftServerConfigKeys (ConfUtils.java:logGet(46)) - raft.server.leaderelection.pre-vote = false (custom)
2022-08-20 01:09:00,937 [omNode-2@group-523986131536-FollowerState] INFO  impl.RoleInfo (RoleInfo.java:updateAndGet(139)) - omNode-2: start omNode-2@group-523986131536-LeaderElection13
2022-08-20 01:09:00,951 [omNode-2@group-523986131536-LeaderElection13] INFO  impl.LeaderElection (LeaderElection.java:askForVotes(310)) - omNode-2@group-523986131536-LeaderElection13 ELECTION round 0: submit vote requests at term 3 for 23: [omNode-3|rpc:localhost:35203|admin:|client:|dataStream:|priority:0, omNode-1|rpc:localhost:36801|admin:|client:|dataStream:|priority:0, omNode-2|rpc:localhost:43573|admin:|client:|dataStream:|priority:0], old=null
2022-08-20 01:09:00,978 [grpc-default-executor-0] INFO  server.RaftServer$Division (RaftServerImpl.java:requestVote(1152)) - omNode-1@group-523986131536: receive requestVote(ELECTION, omNode-2, group-523986131536, 3, (t:2, i:24))
2022-08-20 01:09:00,978 [grpc-default-executor-0] INFO  impl.VoteContext (VoteContext.java:log(48)) - omNode-1@group-523986131536-FOLLOWER: accept ELECTION from omNode-2: our last entry (t:1, i:22) < candidate's last entry (t:2, i:24)
2022-08-20 01:09:00,978 [grpc-default-executor-0] INFO  server.RaftServer$Division (RaftServerImpl.java:setRole(299)) - omNode-1@group-523986131536: changes role from  FOLLOWER to FOLLOWER at term 3 for candidate:omNode-2
2022-08-20 01:09:00,978 [grpc-default-executor-0] INFO  impl.RoleInfo (RoleInfo.java:shutdownFollowerState(110)) - omNode-1: shutdown omNode-1@group-523986131536-FollowerState
2022-08-20 01:09:00,978 [grpc-default-executor-0] INFO  impl.RoleInfo (RoleInfo.java:updateAndGet(139)) - omNode-1: start omNode-1@group-523986131536-FollowerState
2022-08-20 01:09:00,978 [omNode-1@group-523986131536-FollowerState] INFO  impl.FollowerState (FollowerState.java:run(152)) - omNode-1@group-523986131536-FollowerState was interrupted
2022-08-20 01:09:00,978 [grpc-default-executor-2] INFO  server.RaftServer$Division (RaftServerImpl.java:requestVote(1152)) - omNode-3@group-523986131536: receive requestVote(ELECTION, omNode-2, group-523986131536, 3, (t:2, i:24))
2022-08-20 01:09:00,979 [grpc-default-executor-2] INFO  impl.VoteContext (VoteContext.java:log(48)) - omNode-3@group-523986131536-FOLLOWER: accept ELECTION from omNode-2: our priority 0 <= candidate's priority 0
2022-08-20 01:09:00,979 [grpc-default-executor-2] INFO  server.RaftServer$Division (ServerState.java:setLeader(287)) - omNode-3@group-523986131536: change Leader from omNode-2 to null at term 3 for updateCurrentTerm
2022-08-20 01:09:00,979 [grpc-default-executor-2] INFO  server.RaftServer$Division (RaftServerImpl.java:setRole(299)) - omNode-3@group-523986131536: changes role from  FOLLOWER to FOLLOWER at term 3 for candidate:omNode-2
2022-08-20 01:09:00,979 [grpc-default-executor-2] INFO  impl.RoleInfo (RoleInfo.java:shutdownFollowerState(110)) - omNode-3: shutdown omNode-3@group-523986131536-FollowerState
2022-08-20 01:09:00,979 [grpc-default-executor-2] INFO  impl.RoleInfo (RoleInfo.java:updateAndGet(139)) - omNode-3: start omNode-3@group-523986131536-FollowerState
2022-08-20 01:09:00,979 [omNode-3@group-523986131536-FollowerState] INFO  impl.FollowerState (FollowerState.java:run(152)) - omNode-3@group-523986131536-FollowerState was interrupted
2022-08-20 01:09:00,980 [grpc-default-executor-0] INFO  server.RaftServer$Division (RaftServerImpl.java:requestVote(1184)) - omNode-1@group-523986131536 replies to ELECTION vote request: omNode-2<-omNode-1#0:OK-t3. Peer's state: omNode-1@group-523986131536:t3, leader=null, voted=omNode-2, raftlog=omNode-1@group-523986131536-SegmentedRaftLog:OPENED:c22, conf=0: [omNode-3|rpc:localhost:35203|admin:|client:|dataStream:|priority:0, omNode-1|rpc:localhost:36801|admin:|client:|dataStream:|priority:0, omNode-2|rpc:localhost:43573|admin:|client:|dataStream:|priority:0], old=null
2022-08-20 01:09:00,985 [grpc-default-executor-2] INFO  server.RaftServer$Division (RaftServerImpl.java:requestVote(1184)) - omNode-3@group-523986131536 replies to ELECTION vote request: omNode-2<-omNode-3#0:OK-t3. Peer's state: omNode-3@group-523986131536:t3, leader=null, voted=omNode-2, raftlog=omNode-3@group-523986131536-SegmentedRaftLog:OPENED:c24, conf=23: [omNode-3|rpc:localhost:35203|admin:|client:|dataStream:|priority:0, omNode-1|rpc:localhost:36801|admin:|client:|dataStream:|priority:0, omNode-2|rpc:localhost:43573|admin:|client:|dataStream:|priority:0], old=null
2022-08-20 01:09:00,986 [omNode-2@group-523986131536-LeaderElection13] INFO  impl.LeaderElection (LeaderElection.java:logAndReturn(90)) - omNode-2@group-523986131536-LeaderElection13: ELECTION PASSED received 1 response(s) and 0 exception(s):
2022-08-20 01:09:00,987 [omNode-2@group-523986131536-LeaderElection13] INFO  impl.LeaderElection (LeaderElection.java:logAndReturn(94)) -   Response 0: omNode-2<-omNode-1#0:OK-t3
2022-08-20 01:09:00,987 [omNode-2@group-523986131536-LeaderElection13] INFO  impl.LeaderElection (LeaderElection.java:askForVotes(312)) - omNode-2@group-523986131536-LeaderElection13 ELECTION round 0: result PASSED
2022-08-20 01:09:00,987 [omNode-2@group-523986131536-LeaderElection13] INFO  impl.RoleInfo (RoleInfo.java:shutdownLeaderElection(130)) - omNode-2: shutdown omNode-2@group-523986131536-LeaderElection13
2022-08-20 01:09:00,987 [omNode-2@group-523986131536-LeaderElection13] INFO  server.RaftServer$Division (RaftServerImpl.java:setRole(299)) - omNode-2@group-523986131536: changes role from CANDIDATE to LEADER at term 3 for changeToLeader
2022-08-20 01:09:00,987 [omNode-2@group-523986131536-LeaderElection13] INFO  server.RaftServer$Division (ServerState.java:setLeader(287)) - omNode-2@group-523986131536: change Leader from null to omNode-2 at term 3 for becomeLeader, leader elected after 1116ms
2022-08-20 01:09:00,987 [omNode-2@group-523986131536-LeaderElection13] INFO  server.RaftServerConfigKeys (ConfUtils.java:logGet(46)) - raft.server.staging.catchup.gap = 1000 (default)
2022-08-20 01:09:00,987 [omNode-2@group-523986131536-LeaderElection13] INFO  server.RaftServerConfigKeys (ConfUtils.java:logGet(46)) - raft.server.write.element-limit = 4096 (default)
2022-08-20 01:09:00,987 [omNode-2@group-523986131536-LeaderElection13] INFO  server.RaftServerConfigKeys (ConfUtils.java:logGet(46)) - raft.server.write.byte-limit = 64MB (=67108864) (default)
2022-08-20 01:09:00,988 [omNode-2@group-523986131536-LeaderElection13] INFO  server.RaftServerConfigKeys (ConfUtils.java:logGet(46)) - raft.server.watch.timeout = 10s (default)
2022-08-20 01:09:00,988 [omNode-2@group-523986131536-LeaderElection13] INFO  server.RaftServerConfigKeys (ConfUtils.java:logGet(46)) - raft.server.watch.timeout.denomination = 1s (default)
2022-08-20 01:09:00,988 [omNode-2@group-523986131536-LeaderElection13] INFO  server.RaftServerConfigKeys (ConfUtils.java:logGet(46)) - raft.server.watch.element-limit = 65536 (default)
2022-08-20 01:09:00,988 [omNode-2@group-523986131536-LeaderElection13] INFO  server.RaftServerConfigKeys (ConfUtils.java:logGet(46)) - raft.server.write.element-limit = 4096 (default)
2022-08-20 01:09:00,988 [omNode-2@group-523986131536-LeaderElection13] INFO  server.RaftServerConfigKeys (ConfUtils.java:logGet(46)) - raft.server.write.follower.gap.ratio.max = -1.0 (default)
2022-08-20 01:09:00,988 [omNode-2@group-523986131536-LeaderElection13] INFO  server.RaftServerConfigKeys (ConfUtils.java:logGet(46)) - raft.server.log.appender.snapshot.chunk.size.max = 16MB (=16777216) (default)
2022-08-20 01:09:00,988 [omNode-2@group-523986131536-LeaderElection13] INFO  server.RaftServerConfigKeys (ConfUtils.java:logGet(46)) - raft.server.log.appender.buffer.byte-limit = 33554432 (custom)
2022-08-20 01:09:00,988 [omNode-2@group-523986131536-LeaderElection13] INFO  server.RaftServerConfigKeys (ConfUtils.java:logGet(46)) - raft.server.log.appender.buffer.element-limit = 1024 (custom)
2022-08-20 01:09:00,989 [omNode-2@group-523986131536-LeaderElection13] INFO  grpc.GrpcConfigKeys (ConfUtils.java:logGet(46)) - raft.grpc.server.leader.outstanding.appends.max = 128 (default)
2022-08-20 01:09:00,989 [omNode-2@group-523986131536-LeaderElection13] INFO  server.RaftServerConfigKeys (ConfUtils.java:logGet(46)) - raft.server.rpc.request.timeout = 3000ms (default)
2022-08-20 01:09:00,989 [omNode-2@group-523986131536-LeaderElection13] INFO  server.RaftServerConfigKeys (ConfUtils.java:logGet(46)) - raft.server.log.appender.install.snapshot.enabled = false (custom)
2022-08-20 01:09:00,989 [omNode-2@group-523986131536-LeaderElection13] INFO  server.RaftServerConfigKeys (ConfUtils.java:logGet(46)) - raft.server.log.appender.snapshot.chunk.size.max = 16MB (=16777216) (default)
2022-08-20 01:09:00,989 [omNode-2@group-523986131536-LeaderElection13] INFO  server.RaftServerConfigKeys (ConfUtils.java:logGet(46)) - raft.server.log.appender.buffer.byte-limit = 33554432 (custom)
2022-08-20 01:09:00,989 [omNode-2@group-523986131536-LeaderElection13] INFO  server.RaftServerConfigKeys (ConfUtils.java:logGet(46)) - raft.server.log.appender.buffer.element-limit = 1024 (custom)
2022-08-20 01:09:00,989 [omNode-2@group-523986131536-LeaderElection13] INFO  grpc.GrpcConfigKeys (ConfUtils.java:logGet(46)) - raft.grpc.server.leader.outstanding.appends.max = 128 (default)
2022-08-20 01:09:00,990 [omNode-2@group-523986131536-LeaderElection13] INFO  server.RaftServerConfigKeys (ConfUtils.java:logGet(46)) - raft.server.rpc.request.timeout = 3000ms (default)
2022-08-20 01:09:00,990 [omNode-2@group-523986131536-LeaderElection13] INFO  server.RaftServerConfigKeys (ConfUtils.java:logGet(46)) - raft.server.log.appender.install.snapshot.enabled = false (custom)
2022-08-20 01:09:00,990 [omNode-2@group-523986131536-LeaderElection13] INFO  impl.RoleInfo (RoleInfo.java:updateAndGet(139)) - omNode-2: start omNode-2@group-523986131536-LeaderStateImpl
2022-08-20 01:09:00,991 [omNode-2@group-523986131536-LeaderElection13] INFO  segmented.SegmentedRaftLogWorker (SegmentedRaftLogWorker.java:rollLogSegment(430)) - omNode-2@group-523986131536-SegmentedRaftLogWorker: Rolling segment log-23_24 to index:24
2022-08-20 01:09:01,003 [omNode-3-server-thread1] INFO  server.RaftServer$Division (ServerState.java:setLeader(287)) - omNode-3@group-523986131536: change Leader from null to omNode-2 at term 3 for appendEntries, leader elected after 24ms
2022-08-20 01:09:01,004 [omNode-2@group-523986131536-LeaderElection13] INFO  server.RaftServer$Division (ServerState.java:setRaftConf(393)) - omNode-2@group-523986131536: set configuration 25: [omNode-3|rpc:localhost:35203|admin:|client:|dataStream:|priority:0, omNode-1|rpc:localhost:36801|admin:|client:|dataStream:|priority:0, omNode-2|rpc:localhost:43573|admin:|client:|dataStream:|priority:0], old=null
2022-08-20 01:09:01,004 [omNode-2@group-523986131536-SegmentedRaftLogWorker] INFO  segmented.SegmentedRaftLogWorker (SegmentedRaftLogWorker.java:execute(586)) - omNode-2@group-523986131536-SegmentedRaftLogWorker: Rolled log segment from /home/runner/work/ozone/ozone/hadoop-ozone/integration-test/target/test-dir/MiniOzoneClusterImpl-306a21b8-6709-48a1-b079-68f3908e87f8/omNode-2/ratis/c9bc4cf4-3bc3-3c60-a66b-523986131536/current/log_inprogress_23 to /home/runner/work/ozone/ozone/hadoop-ozone/integration-test/target/test-dir/MiniOzoneClusterImpl-306a21b8-6709-48a1-b079-68f3908e87f8/omNode-2/ratis/c9bc4cf4-3bc3-3c60-a66b-523986131536/current/log_23-24
2022-08-20 01:09:01,011 [omNode-3-server-thread1] INFO  server.RaftServer$Division (ServerState.java:setRaftConf(393)) - omNode-3@group-523986131536: set configuration 25: [omNode-3|rpc:localhost:35203|admin:|client:|dataStream:|priority:0, omNode-1|rpc:localhost:36801|admin:|client:|dataStream:|priority:0, omNode-2|rpc:localhost:43573|admin:|client:|dataStream:|priority:0], old=null
2022-08-20 01:09:01,011 [omNode-3-server-thread1] INFO  segmented.SegmentedRaftLogWorker (SegmentedRaftLogWorker.java:rollLogSegment(430)) - omNode-3@group-523986131536-SegmentedRaftLogWorker: Rolling segment log-23_24 to index:24
2022-08-20 01:09:01,012 [omNode-3@group-523986131536-SegmentedRaftLogWorker] INFO  segmented.SegmentedRaftLogWorker (SegmentedRaftLogWorker.java:execute(586)) - omNode-3@group-523986131536-SegmentedRaftLogWorker: Rolled log segment from /home/runner/work/ozone/ozone/hadoop-ozone/integration-test/target/test-dir/MiniOzoneClusterImpl-306a21b8-6709-48a1-b079-68f3908e87f8/omNode-3/ratis/c9bc4cf4-3bc3-3c60-a66b-523986131536/current/log_inprogress_23 to /home/runner/work/ozone/ozone/hadoop-ozone/integration-test/target/test-dir/MiniOzoneClusterImpl-306a21b8-6709-48a1-b079-68f3908e87f8/omNode-3/ratis/c9bc4cf4-3bc3-3c60-a66b-523986131536/current/log_23-24
2022-08-20 01:09:01,018 [omNode-1-server-thread1] INFO  server.RaftServer$Division (ServerState.java:setLeader(287)) - omNode-1@group-523986131536: change Leader from null to omNode-2 at term 3 for appendEntries, leader elected after 1699ms
2022-08-20 01:09:01,024 [omNode-1-server-thread1] INFO  server.RaftServer$Division (RaftServerImpl.java:checkInconsistentAppendEntries(1424)) - omNode-1@group-523986131536: Failed appendEntries as previous log entry ((t:2, i:24)) is not found
2022-08-20 01:09:01,024 [omNode-1-server-thread1] INFO  server.RaftServer$Division (RaftServerImpl.java:checkInconsistentAppendEntries(1394)) - omNode-1@group-523986131536: inconsistency entries. Reply:omNode-2<-omNode-1#0:FAIL-t3,INCONSISTENCY,nextIndex=23,followerCommit=22
2022-08-20 01:09:01,026 [omNode-2@group-523986131536-SegmentedRaftLogWorker] INFO  segmented.SegmentedRaftLogWorker (SegmentedRaftLogWorker.java:execute(629)) - omNode-2@group-523986131536-SegmentedRaftLogWorker: created new log segment /home/runner/work/ozone/ozone/hadoop-ozone/integration-test/target/test-dir/MiniOzoneClusterImpl-306a21b8-6709-48a1-b079-68f3908e87f8/omNode-2/ratis/c9bc4cf4-3bc3-3c60-a66b-523986131536/current/log_inprogress_25
2022-08-20 01:09:01,028 [grpc-default-executor-0] INFO  leader.FollowerInfo (FollowerInfoImpl.java:lambda$new$0(48)) - omNode-2@group-523986131536->omNode-1: nextIndex: updateUnconditionally 26 -> 23
2022-08-20 01:09:01,036 [omNode-2@group-523986131536->omNode-1-GrpcLogAppender-LogAppenderDaemon] ERROR leader.LogAppenderDaemon (LogAppenderDaemon.java:run(86)) - omNode-2@group-523986131536->omNode-1-GrpcLogAppender-LogAppenderDaemon failed
java.lang.NullPointerException: omNode-2@group-523986131536->omNode-1: Previous TermIndex not found for firstIndex = 23
	at java.util.Objects.requireNonNull(Objects.java:290)
	at org.apache.ratis.server.leader.LogAppenderBase.assertProtos(LogAppenderBase.java:176)
	at org.apache.ratis.server.leader.LogAppenderBase.newAppendEntriesRequest(LogAppenderBase.java:161)
	at org.apache.ratis.grpc.server.GrpcLogAppender.appendLog(GrpcLogAppender.java:206)
	at org.apache.ratis.grpc.server.GrpcLogAppender.run(GrpcLogAppender.java:148)
	at org.apache.ratis.server.leader.LogAppenderDaemon.run(LogAppenderDaemon.java:77)
	at java.lang.Thread.run(Thread.java:750)
2022-08-20 01:09:01,038 [omNode-2@group-523986131536->omNode-1-GrpcLogAppender-LogAppenderDaemon] INFO  server.RaftServer$Division (LeaderStateImpl.java:restart(532)) - omNode-2@group-523986131536-LeaderStateImpl: Restarting GrpcLogAppender for omNode-2@group-523986131536->omNode-1
2022-08-20 01:09:01,038 [omNode-2@group-523986131536->omNode-1-GrpcLogAppender-LogAppenderDaemon] INFO  server.RaftServerConfigKeys (ConfUtils.java:logGet(46)) - raft.server.log.appender.snapshot.chunk.size.max = 16MB (=16777216) (default)
2022-08-20 01:09:01,038 [omNode-2@group-523986131536->omNode-1-GrpcLogAppender-LogAppenderDaemon] INFO  server.RaftServerConfigKeys (ConfUtils.java:logGet(46)) - raft.server.log.appender.buffer.byte-limit = 33554432 (custom)
2022-08-20 01:09:01,039 [omNode-2@group-523986131536->omNode-1-GrpcLogAppender-LogAppenderDaemon] INFO  server.RaftServerConfigKeys (ConfUtils.java:logGet(46)) - raft.server.log.appender.buffer.element-limit = 1024 (custom)
2022-08-20 01:09:01,039 [omNode-2@group-523986131536->omNode-1-GrpcLogAppender-LogAppenderDaemon] INFO  grpc.GrpcConfigKeys (ConfUtils.java:logGet(46)) - raft.grpc.server.leader.outstanding.appends.max = 128 (default)
2022-08-20 01:09:01,039 [omNode-2@group-523986131536->omNode-1-GrpcLogAppender-LogAppenderDaemon] INFO  server.RaftServerConfigKeys (ConfUtils.java:logGet(46)) - raft.server.rpc.request.timeout = 3000ms (default)
2022-08-20 01:09:01,039 [omNode-2@group-523986131536->omNode-1-GrpcLogAppender-LogAppenderDaemon] INFO  server.RaftServerConfigKeys (ConfUtils.java:logGet(46)) - raft.server.log.appender.install.snapshot.enabled = false (custom)
2022-08-20 01:09:01,037 [omNode-1-server-thread2] INFO  server.RaftServer$Division (RaftServerImpl.java:checkInconsistentAppendEntries(1424)) - omNode-1@group-523986131536: Failed appendEntries as previous log entry ((t:2, i:24)) is not found
2022-08-20 01:09:01,039 [omNode-3@group-523986131536-SegmentedRaftLogWorker] INFO  segmented.SegmentedRaftLogWorker (SegmentedRaftLogWorker.java:execute(629)) - omNode-3@group-523986131536-SegmentedRaftLogWorker: created new log segment /home/runner/work/ozone/ozone/hadoop-ozone/integration-test/target/test-dir/MiniOzoneClusterImpl-306a21b8-6709-48a1-b079-68f3908e87f8/omNode-3/ratis/c9bc4cf4-3bc3-3c60-a66b-523986131536/current/log_inprogress_25
2022-08-20 01:09:01,045 [omNode-2@group-523986131536->omNode-1-GrpcLogAppender-LogAppenderDaemon] INFO  server.GrpcLogAppender (GrpcLogAppender.java:installSnapshot(541)) - omNode-2@group-523986131536->omNode-1-GrpcLogAppender: followerNextIndex = 0 but logStartIndex = 23, notify follower to install snapshot-(t:2, i:23)
2022-08-20 01:09:01,046 [omNode-2@group-523986131536->omNode-1-GrpcLogAppender-LogAppenderDaemon] INFO  server.GrpcLogAppender (GrpcLogAppender.java:installSnapshot(549)) - omNode-2@group-523986131536->omNode-1-GrpcLogAppender: send omNode-2->omNode-1#0-t3,notify:(t:2, i:23)
2022-08-20 01:09:01,046 [omNode-1-server-thread2] INFO  server.RaftServer$Division (RaftServerImpl.java:checkInconsistentAppendEntries(1394)) - omNode-1@group-523986131536: inconsistency entries. Reply:omNode-2<-omNode-1#1:FAIL-t3,INCONSISTENCY,nextIndex=23,followerCommit=22
2022-08-20 01:09:01,047 [grpc-default-executor-1] INFO  leader.FollowerInfo (FollowerInfoImpl.java:lambda$new$0(48)) - omNode-2@group-523986131536->omNode-1: nextIndex: updateUnconditionally 23 -> 23
2022-08-20 01:09:01,048 [omNode-1-server-thread1] INFO  server.RaftServer$Division (RaftServerImpl.java:checkInconsistentAppendEntries(1424)) - omNode-1@group-523986131536: Failed appendEntries as previous log entry ((t:3, i:25)) is not found
2022-08-20 01:09:01,048 [omNode-1-server-thread1] INFO  server.RaftServer$Division (RaftServerImpl.java:checkInconsistentAppendEntries(1394)) - omNode-1@group-523986131536: inconsistency entries. Reply:omNode-2<-omNode-1#2:FAIL-t3,INCONSISTENCY,nextIndex=23,followerCommit=22
2022-08-20 01:09:01,051 [grpc-default-executor-1] INFO  impl.SnapshotInstallationHandler (SnapshotInstallationHandler.java:installSnapshot(84)) - omNode-1@group-523986131536: receive installSnapshot: omNode-2->omNode-1#0-t3,notify:(t:2, i:23)
2022-08-20 01:09:01,051 [grpc-default-executor-1] INFO  impl.SnapshotInstallationHandler (SnapshotInstallationHandler.java:notifyStateMachineToInstallSnapshot(215)) - omNode-1@group-523986131536: Received notification to install snapshot at index 23
2022-08-20 01:09:01,051 [grpc-default-executor-1] INFO  impl.SnapshotInstallationHandler (SnapshotInstallationHandler.java:notifyStateMachineToInstallSnapshot(224)) - omNode-1@group-523986131536: InstallSnapshot notification result: ALREADY_INSTALLED, current snapshot index: 22
2022-08-20 01:09:01,053 [grpc-default-executor-2] INFO  leader.FollowerInfo (FollowerInfoImpl.java:lambda$new$0(48)) - omNode-2@group-523986131536->omNode-1: nextIndex: updateUnconditionally 23 -> 23
2022-08-20 01:09:01,058 [omNode-2@group-523986131536-StateMachineUpdater] INFO  ratis.OzoneManagerStateMachine (OzoneManagerStateMachine.java:notifyConfigurationChanged(192)) - Received Configuration change notification from Ratis. New Peer list:
[id: "omNode-3"
address: "localhost:35203"
, id: "omNode-1"
address: "localhost:36801"
, id: "omNode-2"
address: "localhost:43573"
]
2022-08-20 01:09:01,059 [grpc-default-executor-1] INFO  impl.SnapshotInstallationHandler (SnapshotInstallationHandler.java:installSnapshotImpl(129)) - omNode-1@group-523986131536: set new configuration index: 25
configurationEntry {
  peers {
    id: "omNode-3"
    address: "localhost:35203"
  }
  peers {
    id: "omNode-1"
    address: "localhost:36801"
  }
  peers {
    id: "omNode-2"
    address: "localhost:43573"
  }
}
 from snapshot
2022-08-20 01:09:01,060 [grpc-default-executor-1] INFO  server.RaftServer$Division (ServerState.java:setRaftConf(393)) - omNode-1@group-523986131536: set configuration 25: [omNode-3|rpc:localhost:35203|admin:|client:|dataStream:|priority:0, omNode-1|rpc:localhost:36801|admin:|client:|dataStream:|priority:0, omNode-2|rpc:localhost:43573|admin:|client:|dataStream:|priority:0], old=null
2022-08-20 01:09:01,060 [grpc-default-executor-1] INFO  ratis.OzoneManagerStateMachine (OzoneManagerStateMachine.java:notifyConfigurationChanged(192)) - Received Configuration change notification from Ratis. New Peer list:
[id: "omNode-3"
address: "localhost:35203"
, id: "omNode-1"
address: "localhost:36801"
, id: "omNode-2"
address: "localhost:43573"
]
2022-08-20 01:09:01,060 [grpc-default-executor-1] INFO  impl.SnapshotInstallationHandler (SnapshotInstallationHandler.java:installSnapshot(95)) - omNode-1@group-523986131536: reply installSnapshot: omNode-2<-omNode-1#0:FAIL-t3,ALREADY_INSTALLED,snapshotIndex=22
2022-08-20 01:09:01,060 [grpc-default-executor-1] INFO  server.GrpcServerProtocolService (GrpcServerProtocolService.java:onCompleted(140)) - omNode-1: Completed INSTALL_SNAPSHOT, lastRequest: omNode-2->omNode-1#0-t3,notify:(t:2, i:23)
2022-08-20 01:09:01,061 [grpc-default-executor-1] INFO  server.GrpcLogAppender (GrpcLogAppender.java:onNext(403)) - omNode-2@group-523986131536->omNode-1-InstallSnapshotResponseHandler: received the first reply omNode-2<-omNode-1#0:FAIL-t3,ALREADY_INSTALLED,snapshotIndex=22
2022-08-20 01:09:01,061 [grpc-default-executor-1] INFO  server.GrpcLogAppender (GrpcLogAppender.java:onNext(426)) - omNode-2@group-523986131536->omNode-1-InstallSnapshotResponseHandler: Follower snapshot is already at index 22.
2022-08-20 01:09:01,061 [grpc-default-executor-1] INFO  leader.FollowerInfo (FollowerInfoImpl.java:lambda$new$0(48)) - omNode-2@group-523986131536->omNode-1: snapshotIndex: setUnconditionally 0 -> 22
2022-08-20 01:09:01,061 [grpc-default-executor-1] INFO  leader.FollowerInfo (FollowerInfoImpl.java:lambda$new$0(48)) - omNode-2@group-523986131536->omNode-1: matchIndex: setUnconditionally 0 -> 22
2022-08-20 01:09:01,061 [grpc-default-executor-1] INFO  leader.FollowerInfo (FollowerInfoImpl.java:lambda$new$0(48)) - omNode-2@group-523986131536->omNode-1: nextIndex: setUnconditionally 0 -> 23
2022-08-20 01:09:01,061 [grpc-default-executor-1] INFO  leader.FollowerInfo (FollowerInfoImpl.java:setAttemptedToInstallSnapshot(118)) - Follower omNode-2@group-523986131536->omNode-1 acknowledged installing snapshot
2022-08-20 01:09:01,061 [grpc-default-executor-1] INFO  leader.FollowerInfo (FollowerInfoImpl.java:lambda$new$0(48)) - omNode-2@group-523986131536->omNode-1: nextIndex: updateToMax old=23, new=23, updated? false
2022-08-20 01:09:01,066 [omNode-3@group-523986131536-StateMachineUpdater] INFO  ratis.OzoneManagerStateMachine (OzoneManagerStateMachine.java:notifyConfigurationChanged(192)) - Received Configuration change notification from Ratis. New Peer list:
[id: "omNode-3"
address: "localhost:35203"
, id: "omNode-1"
address: "localhost:36801"
, id: "omNode-2"
address: "localhost:43573"
]
2022-08-20 01:09:01,321 [Listener at localhost/37097] INFO  retry.RetryInvocationHandler (RetryInvocationHandler.java:log(411)) - com.google.protobuf.ServiceException: java.io.EOFException: End of File Exception between local host is: "fv-az242-328/10.1.0.5"; destination host is: "localhost":36709; : java.io.EOFException; For more details see:  http://wiki.apache.org/hadoop/EOFException, while invoking $Proxy58.submitRequest over nodeId=omNode-1,nodeAddress=127.0.0.1:36709. Trying to failover immediately.
2022-08-20 01:09:01,329 [omNode-1-server-thread1] INFO  server.RaftServer$Division (RaftServerImpl.java:checkInconsistentAppendEntries(1424)) - omNode-1@group-523986131536: Failed appendEntries as previous log entry ((t:3, i:26)) is not found
2022-08-20 01:09:01,329 [omNode-1-server-thread1] INFO  server.RaftServer$Division (RaftServerImpl.java:checkInconsistentAppendEntries(1394)) - omNode-1@group-523986131536: inconsistency entries. Reply:omNode-2<-omNode-1#30:FAIL-t3,INCONSISTENCY,nextIndex=23,followerCommit=22
2022-08-20 01:09:01,331 [omNode-1-server-thread1] INFO  server.RaftServer$Division (RaftServerImpl.java:checkInconsistentAppendEntries(1424)) - omNode-1@group-523986131536: Failed appendEntries as previous log entry ((t:3, i:27)) is not found
2022-08-20 01:09:01,331 [omNode-1-server-thread1] INFO  server.RaftServer$Division (RaftServerImpl.java:checkInconsistentAppendEntries(1394)) - omNode-1@group-523986131536: inconsistency entries. Reply:omNode-2<-omNode-1#32:FAIL-t3,INCONSISTENCY,nextIndex=23,followerCommit=22
2022-08-20 01:09:01,335 [OM StateMachine ApplyTransaction Thread - 0] INFO  upgrade.OMCancelPrepareRequest (OMCancelPrepareRequest.java:validateAndUpdateCache(55)) - OM omNode-2 Received cancel prepare request with log index 27
2022-08-20 01:09:01,336 [OM StateMachine ApplyTransaction Thread - 0] INFO  upgrade.OMCancelPrepareRequest (OMCancelPrepareRequest.java:validateAndUpdateCache(55)) - OM omNode-3 Received cancel prepare request with log index 27
2022-08-20 01:09:01,337 [OM StateMachine ApplyTransaction Thread - 0] INFO  om.OzoneManagerPrepareState (OzoneManagerPrepareState.java:deletePrepareMarkerFile(271)) - Deleted prepare marker file: /home/runner/work/ozone/ozone/hadoop-ozone/integration-test/target/test-dir/MiniOzoneClusterImpl-306a21b8-6709-48a1-b079-68f3908e87f8/omNode-2/current/prepareMarker
2022-08-20 01:09:01,338 [OM StateMachine ApplyTransaction Thread - 0] INFO  upgrade.OMCancelPrepareRequest (OMCancelPrepareRequest.java:validateAndUpdateCache(84)) - OM omNode-2 prepare state cancelled at log index 27. Returning response 
2022-08-20 01:09:01,340 [OM StateMachine ApplyTransaction Thread - 0] INFO  om.OzoneManagerPrepareState (OzoneManagerPrepareState.java:deletePrepareMarkerFile(271)) - Deleted prepare marker file: /home/runner/work/ozone/ozone/hadoop-ozone/integration-test/target/test-dir/MiniOzoneClusterImpl-306a21b8-6709-48a1-b079-68f3908e87f8/omNode-3/current/prepareMarker
2022-08-20 01:09:01,340 [OM StateMachine ApplyTransaction Thread - 0] INFO  upgrade.OMCancelPrepareRequest (OMCancelPrepareRequest.java:validateAndUpdateCache(84)) - OM omNode-3 prepare state cancelled at log index 27. Returning response 
2022-08-20 01:09:01,571 [omNode-1-server-thread1] INFO  server.RaftServer$Division (RaftServerImpl.java:checkInconsistentAppendEntries(1424)) - omNode-1@group-523986131536: Failed appendEntries as previous log entry ((t:3, i:28)) is not found
2022-08-20 01:09:01,572 [omNode-1-server-thread1] INFO  server.RaftServer$Division (RaftServerImpl.java:checkInconsistentAppendEntries(1394)) - omNode-1@group-523986131536: inconsistency entries. Reply:omNode-2<-omNode-1#57:FAIL-t3,INCONSISTENCY,nextIndex=23,followerCommit=22
2022-08-20 01:09:01,573 [grpc-default-executor-0] INFO  leader.FollowerInfo (FollowerInfoImpl.java:lambda$new$0(48)) - omNode-2@group-523986131536->omNode-1: nextIndex: updateUnconditionally 29 -> 23
2022-08-20 01:09:02,075 [omNode-1-server-thread1] INFO  server.RaftServer$Division (RaftServerImpl.java:checkInconsistentAppendEntries(1424)) - omNode-1@group-523986131536: Failed appendEntries as previous log entry ((t:3, i:28)) is not found
2022-08-20 01:09:02,075 [omNode-1-server-thread1] INFO  server.RaftServer$Division (RaftServerImpl.java:checkInconsistentAppendEntries(1394)) - omNode-1@group-523986131536: inconsistency entries. Reply:omNode-2<-omNode-1#108:FAIL-t3,INCONSISTENCY,nextIndex=23,followerCommit=22
2022-08-20 01:09:02,075 [grpc-default-executor-0] INFO  leader.FollowerInfo (FollowerInfoImpl.java:lambda$new$0(48)) - omNode-2@group-523986131536->omNode-1: nextIndex: updateUnconditionally 29 -> 23
2022-08-20 01:09:02,576 [omNode-1-server-thread1] INFO  server.RaftServer$Division (RaftServerImpl.java:checkInconsistentAppendEntries(1424)) - omNode-1@group-523986131536: Failed appendEntries as previous log entry ((t:3, i:28)) is not found
2022-08-20 01:09:02,577 [omNode-1-server-thread1] INFO  server.RaftServer$Division (RaftServerImpl.java:checkInconsistentAppendEntries(1394)) - omNode-1@group-523986131536: inconsistency entries. Reply:omNode-2<-omNode-1#159:FAIL-t3,INCONSISTENCY,nextIndex=23,followerCommit=22
2022-08-20 01:09:02,577 [grpc-default-executor-0] INFO  leader.FollowerInfo (FollowerInfoImpl.java:lambda$new$0(48)) - omNode-2@group-523986131536->omNode-1: nextIndex: updateUnconditionally 29 -> 23
2022-08-20 01:09:03,079 [omNode-1-server-thread1] INFO  server.RaftServer$Division (RaftServerImpl.java:checkInconsistentAppendEntries(1424)) - omNode-1@group-523986131536: Failed appendEntries as previous log entry ((t:3, i:28)) is not found
2022-08-20 01:09:03,079 [omNode-1-server-thread1] INFO  server.RaftServer$Division (RaftServerImpl.java:checkInconsistentAppendEntries(1394)) - omNode-1@group-523986131536: inconsistency entries. Reply:omNode-2<-omNode-1#210:FAIL-t3,INCONSISTENCY,nextIndex=23,followerCommit=22
2022-08-20 01:09:03,079 [grpc-default-executor-0] INFO  leader.FollowerInfo (FollowerInfoImpl.java:lambda$new$0(48)) - omNode-2@group-523986131536->omNode-1: nextIndex: updateUnconditionally 29 -> 23
2022-08-20 01:09:03,580 [omNode-1-server-thread1] INFO  server.RaftServer$Division (RaftServerImpl.java:checkInconsistentAppendEntries(1424)) - omNode-1@group-523986131536: Failed appendEntries as previous log entry ((t:3, i:28)) is not found
2022-08-20 01:09:03,580 [omNode-1-server-thread1] INFO  server.RaftServer$Division (RaftServerImpl.java:checkInconsistentAppendEntries(1394)) - omNode-1@group-523986131536: inconsistency entries. Reply:omNode-2<-omNode-1#260:FAIL-t3,INCONSISTENCY,nextIndex=23,followerCommit=22
2022-08-20 01:09:03,581 [grpc-default-executor-0] INFO  leader.FollowerInfo (FollowerInfoImpl.java:lambda$new$0(48)) - omNode-2@group-523986131536->omNode-1: nextIndex: updateUnconditionally 29 -> 23
2022-08-20 01:09:04,082 [omNode-1-server-thread1] INFO  server.RaftServer$Division (RaftServerImpl.java:checkInconsistentAppendEntries(1424)) - omNode-1@group-523986131536: Failed appendEntries as previous log entry ((t:3, i:28)) is not found
2022-08-20 01:09:04,082 [omNode-1-server-thread1] INFO  server.RaftServer$Division (RaftServerImpl.java:checkInconsistentAppendEntries(1394)) - omNode-1@group-523986131536: inconsistency entries. Reply:omNode-2<-omNode-1#311:FAIL-t3,INCONSISTENCY,nextIndex=23,followerCommit=22
2022-08-20 01:09:04,083 [grpc-default-executor-0] INFO  leader.FollowerInfo (FollowerInfoImpl.java:lambda$new$0(48)) - omNode-2@group-523986131536->omNode-1: nextIndex: updateUnconditionally 29 -> 23
2022-08-20 01:09:04,584 [omNode-1-server-thread1] INFO  server.RaftServer$Division (RaftServerImpl.java:checkInconsistentAppendEntries(1424)) - omNode-1@group-523986131536: Failed appendEntries as previous log entry ((t:3, i:28)) is not found
2022-08-20 01:09:04,584 [omNode-1-server-thread1] INFO  server.RaftServer$Division (RaftServerImpl.java:checkInconsistentAppendEntries(1394)) - omNode-1@group-523986131536: inconsistency entries. Reply:omNode-2<-omNode-1#362:FAIL-t3,INCONSISTENCY,nextIndex=23,followerCommit=22
2022-08-20 01:09:04,585 [grpc-default-executor-0] INFO  leader.FollowerInfo (FollowerInfoImpl.java:lambda$new$0(48)) - omNode-2@group-523986131536->omNode-1: nextIndex: updateUnconditionally 29 -> 23
2022-08-20 01:09:05,087 [omNode-1-server-thread1] INFO  server.RaftServer$Division (RaftServerImpl.java:checkInconsistentAppendEntries(1424)) - omNode-1@group-523986131536: Failed appendEntries as previous log entry ((t:3, i:28)) is not found
2022-08-20 01:09:05,087 [omNode-1-server-thread1] INFO  server.RaftServer$Division (RaftServerImpl.java:checkInconsistentAppendEntries(1394)) - omNode-1@group-523986131536: inconsistency entries. Reply:omNode-2<-omNode-1#413:FAIL-t3,INCONSISTENCY,nextIndex=23,followerCommit=22
2022-08-20 01:09:05,087 [grpc-default-executor-0] INFO  leader.FollowerInfo (FollowerInfoImpl.java:lambda$new$0(48)) - omNode-2@group-523986131536->omNode-1: nextIndex: updateUnconditionally 29 -> 23
2022-08-20 01:09:05,589 [omNode-1-server-thread1] INFO  server.RaftServer$Division (RaftServerImpl.java:checkInconsistentAppendEntries(1424)) - omNode-1@group-523986131536: Failed appendEntries as previous log entry ((t:3, i:28)) is not found
2022-08-20 01:09:05,589 [omNode-1-server-thread1] INFO  server.RaftServer$Division (RaftServerImpl.java:checkInconsistentAppendEntries(1394)) - omNode-1@group-523986131536: inconsistency entries. Reply:omNode-2<-omNode-1#464:FAIL-t3,INCONSISTENCY,nextIndex=23,followerCommit=22
2022-08-20 01:09:05,589 [grpc-default-executor-0] INFO  leader.FollowerInfo (FollowerInfoImpl.java:lambda$new$0(48)) - omNode-2@group-523986131536->omNode-1: nextIndex: updateUnconditionally 29 -> 23
2022-08-20 01:09:06,091 [omNode-1-server-thread1] INFO  server.RaftServer$Division (RaftServerImpl.java:checkInconsistentAppendEntries(1424)) - omNode-1@group-523986131536: Failed appendEntries as previous log entry ((t:3, i:28)) is not found
2022-08-20 01:09:06,091 [omNode-1-server-thread1] INFO  server.RaftServer$Division (RaftServerImpl.java:checkInconsistentAppendEntries(1394)) - omNode-1@group-523986131536: inconsistency entries. Reply:omNode-2<-omNode-1#515:FAIL-t3,INCONSISTENCY,nextIndex=23,followerCommit=22
2022-08-20 01:09:06,091 [grpc-default-executor-0] INFO  leader.FollowerInfo (FollowerInfoImpl.java:lambda$new$0(48)) - omNode-2@group-523986131536->omNode-1: nextIndex: updateUnconditionally 29 -> 23
2022-08-20 01:09:06,593 [omNode-1-server-thread1] INFO  server.RaftServer$Division (RaftServerImpl.java:checkInconsistentAppendEntries(1424)) - omNode-1@group-523986131536: Failed appendEntries as previous log entry ((t:3, i:28)) is not found
2022-08-20 01:09:06,593 [omNode-1-server-thread1] INFO  server.RaftServer$Division (RaftServerImpl.java:checkInconsistentAppendEntries(1394)) - omNode-1@group-523986131536: inconsistency entries. Reply:omNode-2<-omNode-1#566:FAIL-t3,INCONSISTENCY,nextIndex=23,followerCommit=22
2022-08-20 01:09:06,593 [grpc-default-executor-0] INFO  leader.FollowerInfo (FollowerInfoImpl.java:lambda$new$0(48)) - omNode-2@group-523986131536->omNode-1: nextIndex: updateUnconditionally 29 -> 23
2022-08-20 01:09:07,095 [omNode-1-server-thread1] INFO  server.RaftServer$Division (RaftServerImpl.java:checkInconsistentAppendEntries(1424)) - omNode-1@group-523986131536: Failed appendEntries as previous log entry ((t:3, i:28)) is not found
2022-08-20 01:09:07,095 [omNode-1-server-thread1] INFO  server.RaftServer$Division (RaftServerImpl.java:checkInconsistentAppendEntries(1394)) - omNode-1@group-523986131536: inconsistency entries. Reply:omNode-2<-omNode-1#617:FAIL-t3,INCONSISTENCY,nextIndex=23,followerCommit=22
2022-08-20 01:09:07,095 [grpc-default-executor-0] INFO  leader.FollowerInfo (FollowerInfoImpl.java:lambda$new$0(48)) - omNode-2@group-523986131536->omNode-1: nextIndex: updateUnconditionally 29 -> 23
2022-08-20 01:09:07,597 [omNode-1-server-thread1] INFO  server.RaftServer$Division (RaftServerImpl.java:checkInconsistentAppendEntries(1424)) - omNode-1@group-523986131536: Failed appendEntries as previous log entry ((t:3, i:28)) is not found
2022-08-20 01:09:07,597 [omNode-1-server-thread1] INFO  server.RaftServer$Division (RaftServerImpl.java:checkInconsistentAppendEntries(1394)) - omNode-1@group-523986131536: inconsistency entries. Reply:omNode-2<-omNode-1#668:FAIL-t3,INCONSISTENCY,nextIndex=23,followerCommit=22
2022-08-20 01:09:07,598 [grpc-default-executor-0] INFO  leader.FollowerInfo (FollowerInfoImpl.java:lambda$new$0(48)) - omNode-2@group-523986131536->omNode-1: nextIndex: updateUnconditionally 29 -> 23
2022-08-20 01:09:08,100 [omNode-1-server-thread1] INFO  server.RaftServer$Division (RaftServerImpl.java:checkInconsistentAppendEntries(1424)) - omNode-1@group-523986131536: Failed appendEntries as previous log entry ((t:3, i:28)) is not found
2022-08-20 01:09:08,100 [omNode-1-server-thread1] INFO  server.RaftServer$Division (RaftServerImpl.java:checkInconsistentAppendEntries(1394)) - omNode-1@group-523986131536: inconsistency entries. Reply:omNode-2<-omNode-1#719:FAIL-t3,INCONSISTENCY,nextIndex=23,followerCommit=22
2022-08-20 01:09:08,101 [grpc-default-executor-0] INFO  leader.FollowerInfo (FollowerInfoImpl.java:lambda$new$0(48)) - omNode-2@group-523986131536->omNode-1: nextIndex: updateUnconditionally 29 -> 23
2022-08-20 01:09:08,603 [omNode-1-server-thread1] INFO  server.RaftServer$Division (RaftServerImpl.java:checkInconsistentAppendEntries(1424)) - omNode-1@group-523986131536: Failed appendEntries as previous log entry ((t:3, i:28)) is not found
2022-08-20 01:09:08,603 [omNode-1-server-thread1] INFO  server.RaftServer$Division (RaftServerImpl.java:checkInconsistentAppendEntries(1394)) - omNode-1@group-523986131536: inconsistency entries. Reply:omNode-2<-omNode-1#770:FAIL-t3,INCONSISTENCY,nextIndex=23,followerCommit=22
2022-08-20 01:09:08,603 [grpc-default-executor-0] INFO  leader.FollowerInfo (FollowerInfoImpl.java:lambda$new$0(48)) - omNode-2@group-523986131536->omNode-1: nextIndex: updateUnconditionally 29 -> 23
2022-08-20 01:09:09,105 [omNode-1-server-thread1] INFO  server.RaftServer$Division (RaftServerImpl.java:checkInconsistentAppendEntries(1424)) - omNode-1@group-523986131536: Failed appendEntries as previous log entry ((t:3, i:28)) is not found
2022-08-20 01:09:09,105 [omNode-1-server-thread1] INFO  server.RaftServer$Division (RaftServerImpl.java:checkInconsistentAppendEntries(1394)) - omNode-1@group-523986131536: inconsistency entries. Reply:omNode-2<-omNode-1#821:FAIL-t3,INCONSISTENCY,nextIndex=23,followerCommit=22
2022-08-20 01:09:09,106 [grpc-default-executor-0] INFO  leader.FollowerInfo (FollowerInfoImpl.java:lambda$new$0(48)) - omNode-2@group-523986131536->omNode-1: nextIndex: updateUnconditionally 29 -> 23
2022-08-20 01:09:09,607 [omNode-1-server-thread1] INFO  server.RaftServer$Division (RaftServerImpl.java:checkInconsistentAppendEntries(1424)) - omNode-1@group-523986131536: Failed appendEntries as previous log entry ((t:3, i:28)) is not found
2022-08-20 01:09:09,607 [omNode-1-server-thread1] INFO  server.RaftServer$Division (RaftServerImpl.java:checkInconsistentAppendEntries(1394)) - omNode-1@group-523986131536: inconsistency entries. Reply:omNode-2<-omNode-1#872:FAIL-t3,INCONSISTENCY,nextIndex=23,followerCommit=22
2022-08-20 01:09:09,608 [grpc-default-executor-0] INFO  leader.FollowerInfo (FollowerInfoImpl.java:lambda$new$0(48)) - omNode-2@group-523986131536->omNode-1: nextIndex: updateUnconditionally 29 -> 23
2022-08-20 01:09:10,109 [omNode-1-server-thread1] INFO  server.RaftServer$Division (RaftServerImpl.java:checkInconsistentAppendEntries(1424)) - omNode-1@group-523986131536: Failed appendEntries as previous log entry ((t:3, i:28)) is not found
2022-08-20 01:09:10,109 [omNode-1-server-thread1] INFO  server.RaftServer$Division (RaftServerImpl.java:checkInconsistentAppendEntries(1394)) - omNode-1@group-523986131536: inconsistency entries. Reply:omNode-2<-omNode-1#923:FAIL-t3,INCONSISTENCY,nextIndex=23,followerCommit=22
2022-08-20 01:09:10,110 [grpc-default-executor-0] INFO  leader.FollowerInfo (FollowerInfoImpl.java:lambda$new$0(48)) - omNode-2@group-523986131536->omNode-1: nextIndex: updateUnconditionally 29 -> 23
2022-08-20 01:09:10,611 [omNode-1-server-thread1] INFO  server.RaftServer$Division (RaftServerImpl.java:checkInconsistentAppendEntries(1424)) - omNode-1@group-523986131536: Failed appendEntries as previous log entry ((t:3, i:28)) is not found
2022-08-20 01:09:10,611 [omNode-1-server-thread1] INFO  server.RaftServer$Division (RaftServerImpl.java:checkInconsistentAppendEntries(1394)) - omNode-1@group-523986131536: inconsistency entries. Reply:omNode-2<-omNode-1#973:FAIL-t3,INCONSISTENCY,nextIndex=23,followerCommit=22
2022-08-20 01:09:10,611 [grpc-default-executor-0] INFO  leader.FollowerInfo (FollowerInfoImpl.java:lambda$new$0(48)) - omNode-2@group-523986131536->omNode-1: nextIndex: updateUnconditionally 29 -> 23
2022-08-20 01:09:11,113 [omNode-1-server-thread1] INFO  server.RaftServer$Division (RaftServerImpl.java:checkInconsistentAppendEntries(1424)) - omNode-1@group-523986131536: Failed appendEntries as previous log entry ((t:3, i:28)) is not found
2022-08-20 01:09:11,113 [omNode-1-server-thread1] INFO  server.RaftServer$Division (RaftServerImpl.java:checkInconsistentAppendEntries(1394)) - omNode-1@group-523986131536: inconsistency entries. Reply:omNode-2<-omNode-1#1024:FAIL-t3,INCONSISTENCY,nextIndex=23,followerCommit=22
2022-08-20 01:09:11,113 [grpc-default-executor-0] INFO  leader.FollowerInfo (FollowerInfoImpl.java:lambda$new$0(48)) - omNode-2@group-523986131536->omNode-1: nextIndex: updateUnconditionally 29 -> 23
2022-08-20 01:09:11,614 [omNode-1-server-thread1] INFO  server.RaftServer$Division (RaftServerImpl.java:checkInconsistentAppendEntries(1424)) - omNode-1@group-523986131536: Failed appendEntries as previous log entry ((t:3, i:28)) is not found
2022-08-20 01:09:11,614 [omNode-1-server-thread1] INFO  server.RaftServer$Division (RaftServerImpl.java:checkInconsistentAppendEntries(1394)) - omNode-1@group-523986131536: inconsistency entries. Reply:omNode-2<-omNode-1#1075:FAIL-t3,INCONSISTENCY,nextIndex=23,followerCommit=22
2022-08-20 01:09:11,615 [grpc-default-executor-0] INFO  leader.FollowerInfo (FollowerInfoImpl.java:lambda$new$0(48)) - omNode-2@group-523986131536->omNode-1: nextIndex: updateUnconditionally 29 -> 23
2022-08-20 01:09:12,117 [omNode-1-server-thread1] INFO  server.RaftServer$Division (RaftServerImpl.java:checkInconsistentAppendEntries(1424)) - omNode-1@group-523986131536: Failed appendEntries as previous log entry ((t:3, i:28)) is not found
2022-08-20 01:09:12,117 [omNode-1-server-thread1] INFO  server.RaftServer$Division (RaftServerImpl.java:checkInconsistentAppendEntries(1394)) - omNode-1@group-523986131536: inconsistency entries. Reply:omNode-2<-omNode-1#1126:FAIL-t3,INCONSISTENCY,nextIndex=23,followerCommit=22
2022-08-20 01:09:12,118 [grpc-default-executor-0] INFO  leader.FollowerInfo (FollowerInfoImpl.java:lambda$new$0(48)) - omNode-2@group-523986131536->omNode-1: nextIndex: updateUnconditionally 29 -> 23
2022-08-20 01:09:12,620 [omNode-1-server-thread1] INFO  server.RaftServer$Division (RaftServerImpl.java:checkInconsistentAppendEntries(1424)) - omNode-1@group-523986131536: Failed appendEntries as previous log entry ((t:3, i:28)) is not found
2022-08-20 01:09:12,620 [omNode-1-server-thread1] INFO  server.RaftServer$Division (RaftServerImpl.java:checkInconsistentAppendEntries(1394)) - omNode-1@group-523986131536: inconsistency entries. Reply:omNode-2<-omNode-1#1177:FAIL-t3,INCONSISTENCY,nextIndex=23,followerCommit=22
2022-08-20 01:09:12,621 [grpc-default-executor-0] INFO  leader.FollowerInfo (FollowerInfoImpl.java:lambda$new$0(48)) - omNode-2@group-523986131536->omNode-1: nextIndex: updateUnconditionally 29 -> 23
2022-08-20 01:09:13,122 [omNode-1-server-thread1] INFO  server.RaftServer$Division (RaftServerImpl.java:checkInconsistentAppendEntries(1424)) - omNode-1@group-523986131536: Failed appendEntries as previous log entry ((t:3, i:28)) is not found
2022-08-20 01:09:13,123 [omNode-1-server-thread1] INFO  server.RaftServer$Division (RaftServerImpl.java:checkInconsistentAppendEntries(1394)) - omNode-1@group-523986131536: inconsistency entries. Reply:omNode-2<-omNode-1#1228:FAIL-t3,INCONSISTENCY,nextIndex=23,followerCommit=22
2022-08-20 01:09:13,123 [grpc-default-executor-0] INFO  leader.FollowerInfo (FollowerInfoImpl.java:lambda$new$0(48)) - omNode-2@group-523986131536->omNode-1: nextIndex: updateUnconditionally 29 -> 23
2022-08-20 01:09:13,624 [omNode-1-server-thread1] INFO  server.RaftServer$Division (RaftServerImpl.java:checkInconsistentAppendEntries(1424)) - omNode-1@group-523986131536: Failed appendEntries as previous log entry ((t:3, i:28)) is not found
2022-08-20 01:09:13,624 [omNode-1-server-thread1] INFO  server.RaftServer$Division (RaftServerImpl.java:checkInconsistentAppendEntries(1394)) - omNode-1@group-523986131536: inconsistency entries. Reply:omNode-2<-omNode-1#1279:FAIL-t3,INCONSISTENCY,nextIndex=23,followerCommit=22
2022-08-20 01:09:13,624 [grpc-default-executor-0] INFO  leader.FollowerInfo (FollowerInfoImpl.java:lambda$new$0(48)) - omNode-2@group-523986131536->omNode-1: nextIndex: updateUnconditionally 29 -> 23
2022-08-20 01:09:14,127 [omNode-1-server-thread1] INFO  server.RaftServer$Division (RaftServerImpl.java:checkInconsistentAppendEntries(1424)) - omNode-1@group-523986131536: Failed appendEntries as previous log entry ((t:3, i:28)) is not found
2022-08-20 01:09:14,127 [omNode-1-server-thread1] INFO  server.RaftServer$Division (RaftServerImpl.java:checkInconsistentAppendEntries(1394)) - omNode-1@group-523986131536: inconsistency entries. Reply:omNode-2<-omNode-1#1330:FAIL-t3,INCONSISTENCY,nextIndex=23,followerCommit=22
2022-08-20 01:09:14,127 [grpc-default-executor-0] INFO  leader.FollowerInfo (FollowerInfoImpl.java:lambda$new$0(48)) - omNode-2@group-523986131536->omNode-1: nextIndex: updateUnconditionally 29 -> 23
2022-08-20 01:09:14,629 [omNode-1-server-thread1] INFO  server.RaftServer$Division (RaftServerImpl.java:checkInconsistentAppendEntries(1424)) - omNode-1@group-523986131536: Failed appendEntries as previous log entry ((t:3, i:28)) is not found
2022-08-20 01:09:14,629 [omNode-1-server-thread1] INFO  server.RaftServer$Division (RaftServerImpl.java:checkInconsistentAppendEntries(1394)) - omNode-1@group-523986131536: inconsistency entries. Reply:omNode-2<-omNode-1#1381:FAIL-t3,INCONSISTENCY,nextIndex=23,followerCommit=22
2022-08-20 01:09:14,630 [grpc-default-executor-0] INFO  leader.FollowerInfo (FollowerInfoImpl.java:lambda$new$0(48)) - omNode-2@group-523986131536->omNode-1: nextIndex: updateUnconditionally 29 -> 23
2022-08-20 01:09:15,131 [omNode-1-server-thread1] INFO  server.RaftServer$Division (RaftServerImpl.java:checkInconsistentAppendEntries(1424)) - omNode-1@group-523986131536: Failed appendEntries as previous log entry ((t:3, i:28)) is not found
2022-08-20 01:09:15,131 [omNode-1-server-thread1] INFO  server.RaftServer$Division (RaftServerImpl.java:checkInconsistentAppendEntries(1394)) - omNode-1@group-523986131536: inconsistency entries. Reply:omNode-2<-omNode-1#1432:FAIL-t3,INCONSISTENCY,nextIndex=23,followerCommit=22
2022-08-20 01:09:15,132 [grpc-default-executor-0] INFO  leader.FollowerInfo (FollowerInfoImpl.java:lambda$new$0(48)) - omNode-2@group-523986131536->omNode-1: nextIndex: updateUnconditionally 29 -> 23
2022-08-20 01:09:15,633 [omNode-1-server-thread1] INFO  server.RaftServer$Division (RaftServerImpl.java:checkInconsistentAppendEntries(1424)) - omNode-1@group-523986131536: Failed appendEntries as previous log entry ((t:3, i:28)) is not found
2022-08-20 01:09:15,633 [omNode-1-server-thread1] INFO  server.RaftServer$Division (RaftServerImpl.java:checkInconsistentAppendEntries(1394)) - omNode-1@group-523986131536: inconsistency entries. Reply:omNode-2<-omNode-1#1483:FAIL-t3,INCONSISTENCY,nextIndex=23,followerCommit=22
2022-08-20 01:09:15,634 [grpc-default-executor-0] INFO  leader.FollowerInfo (FollowerInfoImpl.java:lambda$new$0(48)) - omNode-2@group-523986131536->omNode-1: nextIndex: updateUnconditionally 29 -> 23
2022-08-20 01:09:16,134 [omNode-1-server-thread1] INFO  server.RaftServer$Division (RaftServerImpl.java:checkInconsistentAppendEntries(1424)) - omNode-1@group-523986131536: Failed appendEntries as previous log entry ((t:3, i:28)) is not found
2022-08-20 01:09:16,135 [omNode-1-server-thread1] INFO  server.RaftServer$Division (RaftServerImpl.java:checkInconsistentAppendEntries(1394)) - omNode-1@group-523986131536: inconsistency entries. Reply:omNode-2<-omNode-1#1534:FAIL-t3,INCONSISTENCY,nextIndex=23,followerCommit=22
2022-08-20 01:09:16,135 [grpc-default-executor-0] INFO  leader.FollowerInfo (FollowerInfoImpl.java:lambda$new$0(48)) - omNode-2@group-523986131536->omNode-1: nextIndex: updateUnconditionally 29 -> 23
2022-08-20 01:09:16,636 [omNode-1-server-thread1] INFO  server.RaftServer$Division (RaftServerImpl.java:checkInconsistentAppendEntries(1424)) - omNode-1@group-523986131536: Failed appendEntries as previous log entry ((t:3, i:28)) is not found
2022-08-20 01:09:16,636 [omNode-1-server-thread1] INFO  server.RaftServer$Division (RaftServerImpl.java:checkInconsistentAppendEntries(1394)) - omNode-1@group-523986131536: inconsistency entries. Reply:omNode-2<-omNode-1#1585:FAIL-t3,INCONSISTENCY,nextIndex=23,followerCommit=22
2022-08-20 01:09:16,637 [grpc-default-executor-0] INFO  leader.FollowerInfo (FollowerInfoImpl.java:lambda$new$0(48)) - omNode-2@group-523986131536->omNode-1: nextIndex: updateUnconditionally 29 -> 23
2022-08-20 01:09:17,139 [omNode-1-server-thread1] INFO  server.RaftServer$Division (RaftServerImpl.java:checkInconsistentAppendEntries(1424)) - omNode-1@group-523986131536: Failed appendEntries as previous log entry ((t:3, i:28)) is not found
2022-08-20 01:09:17,139 [omNode-1-server-thread1] INFO  server.RaftServer$Division (RaftServerImpl.java:checkInconsistentAppendEntries(1394)) - omNode-1@group-523986131536: inconsistency entries. Reply:omNode-2<-omNode-1#1636:FAIL-t3,INCONSISTENCY,nextIndex=23,followerCommit=22
2022-08-20 01:09:17,140 [grpc-default-executor-0] INFO  leader.FollowerInfo (FollowerInfoImpl.java:lambda$new$0(48)) - omNode-2@group-523986131536->omNode-1: nextIndex: updateUnconditionally 29 -> 23
2022-08-20 01:09:17,642 [omNode-1-server-thread1] INFO  server.RaftServer$Division (RaftServerImpl.java:checkInconsistentAppendEntries(1424)) - omNode-1@group-523986131536: Failed appendEntries as previous log entry ((t:3, i:28)) is not found
2022-08-20 01:09:17,642 [omNode-1-server-thread1] INFO  server.RaftServer$Division (RaftServerImpl.java:checkInconsistentAppendEntries(1394)) - omNode-1@group-523986131536: inconsistency entries. Reply:omNode-2<-omNode-1#1687:FAIL-t3,INCONSISTENCY,nextIndex=23,followerCommit=22
2022-08-20 01:09:17,642 [grpc-default-executor-0] INFO  leader.FollowerInfo (FollowerInfoImpl.java:lambda$new$0(48)) - omNode-2@group-523986131536->omNode-1: nextIndex: updateUnconditionally 29 -> 23
2022-08-20 01:09:18,144 [omNode-1-server-thread1] INFO  server.RaftServer$Division (RaftServerImpl.java:checkInconsistentAppendEntries(1424)) - omNode-1@group-523986131536: Failed appendEntries as previous log entry ((t:3, i:28)) is not found
2022-08-20 01:09:18,144 [omNode-1-server-thread1] INFO  server.RaftServer$Division (RaftServerImpl.java:checkInconsistentAppendEntries(1394)) - omNode-1@group-523986131536: inconsistency entries. Reply:omNode-2<-omNode-1#1738:FAIL-t3,INCONSISTENCY,nextIndex=23,followerCommit=22
2022-08-20 01:09:18,146 [grpc-default-executor-0] INFO  leader.FollowerInfo (FollowerInfoImpl.java:lambda$new$0(48)) - omNode-2@group-523986131536->omNode-1: nextIndex: updateUnconditionally 29 -> 23
2022-08-20 01:09:18,647 [omNode-1-server-thread1] INFO  server.RaftServer$Division (RaftServerImpl.java:checkInconsistentAppendEntries(1424)) - omNode-1@group-523986131536: Failed appendEntries as previous log entry ((t:3, i:28)) is not found
2022-08-20 01:09:18,647 [omNode-1-server-thread1] INFO  server.RaftServer$Division (RaftServerImpl.java:checkInconsistentAppendEntries(1394)) - omNode-1@group-523986131536: inconsistency entries. Reply:omNode-2<-omNode-1#1789:FAIL-t3,INCONSISTENCY,nextIndex=23,followerCommit=22
2022-08-20 01:09:18,648 [grpc-default-executor-0] INFO  leader.FollowerInfo (FollowerInfoImpl.java:lambda$new$0(48)) - omNode-2@group-523986131536->omNode-1: nextIndex: updateUnconditionally 29 -> 23
2022-08-20 01:09:19,149 [omNode-1-server-thread1] INFO  server.RaftServer$Division (RaftServerImpl.java:checkInconsistentAppendEntries(1424)) - omNode-1@group-523986131536: Failed appendEntries as previous log entry ((t:3, i:28)) is not found
2022-08-20 01:09:19,149 [omNode-1-server-thread1] INFO  server.RaftServer$Division (RaftServerImpl.java:checkInconsistentAppendEntries(1394)) - omNode-1@group-523986131536: inconsistency entries. Reply:omNode-2<-omNode-1#1840:FAIL-t3,INCONSISTENCY,nextIndex=23,followerCommit=22
2022-08-20 01:09:19,150 [grpc-default-executor-0] INFO  leader.FollowerInfo (FollowerInfoImpl.java:lambda$new$0(48)) - omNode-2@group-523986131536->omNode-1: nextIndex: updateUnconditionally 29 -> 23
2022-08-20 01:09:19,652 [omNode-1-server-thread1] INFO  server.RaftServer$Division (RaftServerImpl.java:checkInconsistentAppendEntries(1424)) - omNode-1@group-523986131536: Failed appendEntries as previous log entry ((t:3, i:28)) is not found
2022-08-20 01:09:19,652 [omNode-1-server-thread1] INFO  server.RaftServer$Division (RaftServerImpl.java:checkInconsistentAppendEntries(1394)) - omNode-1@group-523986131536: inconsistency entries. Reply:omNode-2<-omNode-1#1891:FAIL-t3,INCONSISTENCY,nextIndex=23,followerCommit=22
2022-08-20 01:09:19,653 [grpc-default-executor-0] INFO  leader.FollowerInfo (FollowerInfoImpl.java:lambda$new$0(48)) - omNode-2@group-523986131536->omNode-1: nextIndex: updateUnconditionally 29 -> 23
2022-08-20 01:09:20,154 [omNode-1-server-thread1] INFO  server.RaftServer$Division (RaftServerImpl.java:checkInconsistentAppendEntries(1424)) - omNode-1@group-523986131536: Failed appendEntries as previous log entry ((t:3, i:28)) is not found
2022-08-20 01:09:20,154 [omNode-1-server-thread1] INFO  server.RaftServer$Division (RaftServerImpl.java:checkInconsistentAppendEntries(1394)) - omNode-1@group-523986131536: inconsistency entries. Reply:omNode-2<-omNode-1#1942:FAIL-t3,INCONSISTENCY,nextIndex=23,followerCommit=22
2022-08-20 01:09:20,155 [grpc-default-executor-0] INFO  leader.FollowerInfo (FollowerInfoImpl.java:lambda$new$0(48)) - omNode-2@group-523986131536->omNode-1: nextIndex: updateUnconditionally 29 -> 23
2022-08-20 01:09:20,656 [omNode-1-server-thread1] INFO  server.RaftServer$Division (RaftServerImpl.java:checkInconsistentAppendEntries(1424)) - omNode-1@group-523986131536: Failed appendEntries as previous log entry ((t:3, i:28)) is not found
2022-08-20 01:09:20,656 [omNode-1-server-thread1] INFO  server.RaftServer$Division (RaftServerImpl.java:checkInconsistentAppendEntries(1394)) - omNode-1@group-523986131536: inconsistency entries. Reply:omNode-2<-omNode-1#1993:FAIL-t3,INCONSISTENCY,nextIndex=23,followerCommit=22
2022-08-20 01:09:20,656 [grpc-default-executor-0] INFO  leader.FollowerInfo (FollowerInfoImpl.java:lambda$new$0(48)) - omNode-2@group-523986131536->omNode-1: nextIndex: updateUnconditionally 29 -> 23
2022-08-20 01:09:21,158 [omNode-1-server-thread1] INFO  server.RaftServer$Division (RaftServerImpl.java:checkInconsistentAppendEntries(1424)) - omNode-1@group-523986131536: Failed appendEntries as previous log entry ((t:3, i:28)) is not found
2022-08-20 01:09:21,158 [omNode-1-server-thread1] INFO  server.RaftServer$Division (RaftServerImpl.java:checkInconsistentAppendEntries(1394)) - omNode-1@group-523986131536: inconsistency entries. Reply:omNode-2<-omNode-1#2044:FAIL-t3,INCONSISTENCY,nextIndex=23,followerCommit=22
2022-08-20 01:09:21,159 [grpc-default-executor-0] INFO  leader.FollowerInfo (FollowerInfoImpl.java:lambda$new$0(48)) - omNode-2@group-523986131536->omNode-1: nextIndex: updateUnconditionally 29 -> 23
2022-08-20 01:09:21,660 [omNode-1-server-thread1] INFO  server.RaftServer$Division (RaftServerImpl.java:checkInconsistentAppendEntries(1424)) - omNode-1@group-523986131536: Failed appendEntries as previous log entry ((t:3, i:28)) is not found
2022-08-20 01:09:21,661 [omNode-1-server-thread1] INFO  server.RaftServer$Division (RaftServerImpl.java:checkInconsistentAppendEntries(1394)) - omNode-1@group-523986131536: inconsistency entries. Reply:omNode-2<-omNode-1#2095:FAIL-t3,INCONSISTENCY,nextIndex=23,followerCommit=22
2022-08-20 01:09:21,661 [grpc-default-executor-0] INFO  leader.FollowerInfo (FollowerInfoImpl.java:lambda$new$0(48)) - omNode-2@group-523986131536->omNode-1: nextIndex: updateUnconditionally 29 -> 23
2022-08-20 01:09:22,163 [omNode-1-server-thread1] INFO  server.RaftServer$Division (RaftServerImpl.java:checkInconsistentAppendEntries(1424)) - omNode-1@group-523986131536: Failed appendEntries as previous log entry ((t:3, i:28)) is not found
2022-08-20 01:09:22,163 [omNode-1-server-thread1] INFO  server.RaftServer$Division (RaftServerImpl.java:checkInconsistentAppendEntries(1394)) - omNode-1@group-523986131536: inconsistency entries. Reply:omNode-2<-omNode-1#2146:FAIL-t3,INCONSISTENCY,nextIndex=23,followerCommit=22
2022-08-20 01:09:22,163 [grpc-default-executor-0] INFO  leader.FollowerInfo (FollowerInfoImpl.java:lambda$new$0(48)) - omNode-2@group-523986131536->omNode-1: nextIndex: updateUnconditionally 29 -> 23
2022-08-20 01:09:22,664 [omNode-1-server-thread1] INFO  server.RaftServer$Division (RaftServerImpl.java:checkInconsistentAppendEntries(1424)) - omNode-1@group-523986131536: Failed appendEntries as previous log entry ((t:3, i:28)) is not found
2022-08-20 01:09:22,665 [omNode-1-server-thread1] INFO  server.RaftServer$Division (RaftServerImpl.java:checkInconsistentAppendEntries(1394)) - omNode-1@group-523986131536: inconsistency entries. Reply:omNode-2<-omNode-1#2197:FAIL-t3,INCONSISTENCY,nextIndex=23,followerCommit=22
2022-08-20 01:09:22,665 [grpc-default-executor-0] INFO  leader.FollowerInfo (FollowerInfoImpl.java:lambda$new$0(48)) - omNode-2@group-523986131536->omNode-1: nextIndex: updateUnconditionally 29 -> 23
2022-08-20 01:09:23,167 [omNode-1-server-thread1] INFO  server.RaftServer$Division (RaftServerImpl.java:checkInconsistentAppendEntries(1424)) - omNode-1@group-523986131536: Failed appendEntries as previous log entry ((t:3, i:28)) is not found
2022-08-20 01:09:23,167 [omNode-1-server-thread1] INFO  server.RaftServer$Division (RaftServerImpl.java:checkInconsistentAppendEntries(1394)) - omNode-1@group-523986131536: inconsistency entries. Reply:omNode-2<-omNode-1#2248:FAIL-t3,INCONSISTENCY,nextIndex=23,followerCommit=22
2022-08-20 01:09:23,168 [grpc-default-executor-0] INFO  leader.FollowerInfo (FollowerInfoImpl.java:lambda$new$0(48)) - omNode-2@group-523986131536->omNode-1: nextIndex: updateUnconditionally 29 -> 23
2022-08-20 01:09:23,669 [omNode-1-server-thread1] INFO  server.RaftServer$Division (RaftServerImpl.java:checkInconsistentAppendEntries(1424)) - omNode-1@group-523986131536: Failed appendEntries as previous log entry ((t:3, i:28)) is not found
2022-08-20 01:09:23,669 [omNode-1-server-thread1] INFO  server.RaftServer$Division (RaftServerImpl.java:checkInconsistentAppendEntries(1394)) - omNode-1@group-523986131536: inconsistency entries. Reply:omNode-2<-omNode-1#2299:FAIL-t3,INCONSISTENCY,nextIndex=23,followerCommit=22
2022-08-20 01:09:23,670 [grpc-default-executor-0] INFO  leader.FollowerInfo (FollowerInfoImpl.java:lambda$new$0(48)) - omNode-2@group-523986131536->omNode-1: nextIndex: updateUnconditionally 29 -> 23
2022-08-20 01:09:24,171 [omNode-1-server-thread1] INFO  server.RaftServer$Division (RaftServerImpl.java:checkInconsistentAppendEntries(1424)) - omNode-1@group-523986131536: Failed appendEntries as previous log entry ((t:3, i:28)) is not found
2022-08-20 01:09:24,172 [omNode-1-server-thread1] INFO  server.RaftServer$Division (RaftServerImpl.java:checkInconsistentAppendEntries(1394)) - omNode-1@group-523986131536: inconsistency entries. Reply:omNode-2<-omNode-1#2350:FAIL-t3,INCONSISTENCY,nextIndex=23,followerCommit=22
2022-08-20 01:09:24,173 [grpc-default-executor-0] INFO  leader.FollowerInfo (FollowerInfoImpl.java:lambda$new$0(48)) - omNode-2@group-523986131536->omNode-1: nextIndex: updateUnconditionally 29 -> 23
2022-08-20 01:09:24,674 [omNode-1-server-thread1] INFO  server.RaftServer$Division (RaftServerImpl.java:checkInconsistentAppendEntries(1424)) - omNode-1@group-523986131536: Failed appendEntries as previous log entry ((t:3, i:28)) is not found
2022-08-20 01:09:24,675 [omNode-1-server-thread1] INFO  server.RaftServer$Division (RaftServerImpl.java:checkInconsistentAppendEntries(1394)) - omNode-1@group-523986131536: inconsistency entries. Reply:omNode-2<-omNode-1#2401:FAIL-t3,INCONSISTENCY,nextIndex=23,followerCommit=22
2022-08-20 01:09:24,675 [grpc-default-executor-0] INFO  leader.FollowerInfo (FollowerInfoImpl.java:lambda$new$0(48)) - omNode-2@group-523986131536->omNode-1: nextIndex: updateUnconditionally 29 -> 23
2022-08-20 01:09:25,176 [omNode-1-server-thread1] INFO  server.RaftServer$Division (RaftServerImpl.java:checkInconsistentAppendEntries(1424)) - omNode-1@group-523986131536: Failed appendEntries as previous log entry ((t:3, i:28)) is not found
2022-08-20 01:09:25,176 [omNode-1-server-thread1] INFO  server.RaftServer$Division (RaftServerImpl.java:checkInconsistentAppendEntries(1394)) - omNode-1@group-523986131536: inconsistency entries. Reply:omNode-2<-omNode-1#2452:FAIL-t3,INCONSISTENCY,nextIndex=23,followerCommit=22
2022-08-20 01:09:25,177 [grpc-default-executor-0] INFO  leader.FollowerInfo (FollowerInfoImpl.java:lambda$new$0(48)) - omNode-2@group-523986131536->omNode-1: nextIndex: updateUnconditionally 29 -> 23
2022-08-20 01:09:25,679 [omNode-1-server-thread1] INFO  server.RaftServer$Division (RaftServerImpl.java:checkInconsistentAppendEntries(1424)) - omNode-1@group-523986131536: Failed appendEntries as previous log entry ((t:3, i:28)) is not found
2022-08-20 01:09:25,679 [omNode-1-server-thread1] INFO  server.RaftServer$Division (RaftServerImpl.java:checkInconsistentAppendEntries(1394)) - omNode-1@group-523986131536: inconsistency entries. Reply:omNode-2<-omNode-1#2503:FAIL-t3,INCONSISTENCY,nextIndex=23,followerCommit=22
2022-08-20 01:09:25,680 [grpc-default-executor-0] INFO  leader.FollowerInfo (FollowerInfoImpl.java:lambda$new$0(48)) - omNode-2@group-523986131536->omNode-1: nextIndex: updateUnconditionally 29 -> 23
2022-08-20 01:09:26,181 [omNode-1-server-thread1] INFO  server.RaftServer$Division (RaftServerImpl.java:checkInconsistentAppendEntries(1424)) - omNode-1@group-523986131536: Failed appendEntries as previous log entry ((t:3, i:28)) is not found
2022-08-20 01:09:26,182 [omNode-1-server-thread1] INFO  server.RaftServer$Division (RaftServerImpl.java:checkInconsistentAppendEntries(1394)) - omNode-1@group-523986131536: inconsistency entries. Reply:omNode-2<-omNode-1#2554:FAIL-t3,INCONSISTENCY,nextIndex=23,followerCommit=22
2022-08-20 01:09:26,182 [grpc-default-executor-0] INFO  leader.FollowerInfo (FollowerInfoImpl.java:lambda$new$0(48)) - omNode-2@group-523986131536->omNode-1: nextIndex: updateUnconditionally 29 -> 23
2022-08-20 01:09:26,684 [omNode-1-server-thread1] INFO  server.RaftServer$Division (RaftServerImpl.java:checkInconsistentAppendEntries(1424)) - omNode-1@group-523986131536: Failed appendEntries as previous log entry ((t:3, i:28)) is not found
2022-08-20 01:09:26,684 [omNode-1-server-thread1] INFO  server.RaftServer$Division (RaftServerImpl.java:checkInconsistentAppendEntries(1394)) - omNode-1@group-523986131536: inconsistency entries. Reply:omNode-2<-omNode-1#2605:FAIL-t3,INCONSISTENCY,nextIndex=23,followerCommit=22
2022-08-20 01:09:26,684 [grpc-default-executor-0] INFO  leader.FollowerInfo (FollowerInfoImpl.java:lambda$new$0(48)) - omNode-2@group-523986131536->omNode-1: nextIndex: updateUnconditionally 29 -> 23
2022-08-20 01:09:27,186 [omNode-1-server-thread1] INFO  server.RaftServer$Division (RaftServerImpl.java:checkInconsistentAppendEntries(1424)) - omNode-1@group-523986131536: Failed appendEntries as previous log entry ((t:3, i:28)) is not found
2022-08-20 01:09:27,186 [omNode-1-server-thread1] INFO  server.RaftServer$Division (RaftServerImpl.java:checkInconsistentAppendEntries(1394)) - omNode-1@group-523986131536: inconsistency entries. Reply:omNode-2<-omNode-1#2656:FAIL-t3,INCONSISTENCY,nextIndex=23,followerCommit=22
2022-08-20 01:09:27,186 [grpc-default-executor-0] INFO  leader.FollowerInfo (FollowerInfoImpl.java:lambda$new$0(48)) - omNode-2@group-523986131536->omNode-1: nextIndex: updateUnconditionally 29 -> 23
2022-08-20 01:09:27,688 [omNode-1-server-thread1] INFO  server.RaftServer$Division (RaftServerImpl.java:checkInconsistentAppendEntries(1424)) - omNode-1@group-523986131536: Failed appendEntries as previous log entry ((t:3, i:28)) is not found
2022-08-20 01:09:27,688 [omNode-1-server-thread1] INFO  server.RaftServer$Division (RaftServerImpl.java:checkInconsistentAppendEntries(1394)) - omNode-1@group-523986131536: inconsistency entries. Reply:omNode-2<-omNode-1#2707:FAIL-t3,INCONSISTENCY,nextIndex=23,followerCommit=22
2022-08-20 01:09:27,688 [grpc-default-executor-0] INFO  leader.FollowerInfo (FollowerInfoImpl.java:lambda$new$0(48)) - omNode-2@group-523986131536->omNode-1: nextIndex: updateUnconditionally 29 -> 23
2022-08-20 01:09:28,190 [omNode-1-server-thread1] INFO  server.RaftServer$Division (RaftServerImpl.java:checkInconsistentAppendEntries(1424)) - omNode-1@group-523986131536: Failed appendEntries as previous log entry ((t:3, i:28)) is not found
2022-08-20 01:09:28,190 [omNode-1-server-thread1] INFO  server.RaftServer$Division (RaftServerImpl.java:checkInconsistentAppendEntries(1394)) - omNode-1@group-523986131536: inconsistency entries. Reply:omNode-2<-omNode-1#2758:FAIL-t3,INCONSISTENCY,nextIndex=23,followerCommit=22
2022-08-20 01:09:28,191 [grpc-default-executor-0] INFO  leader.FollowerInfo (FollowerInfoImpl.java:lambda$new$0(48)) - omNode-2@group-523986131536->omNode-1: nextIndex: updateUnconditionally 29 -> 23
2022-08-20 01:09:28,691 [omNode-1-server-thread1] INFO  server.RaftServer$Division (RaftServerImpl.java:checkInconsistentAppendEntries(1424)) - omNode-1@group-523986131536: Failed appendEntries as previous log entry ((t:3, i:28)) is not found
2022-08-20 01:09:28,692 [omNode-1-server-thread1] INFO  server.RaftServer$Division (RaftServerImpl.java:checkInconsistentAppendEntries(1394)) - omNode-1@group-523986131536: inconsistency entries. Reply:omNode-2<-omNode-1#2809:FAIL-t3,INCONSISTENCY,nextIndex=23,followerCommit=22
2022-08-20 01:09:28,692 [grpc-default-executor-0] INFO  leader.FollowerInfo (FollowerInfoImpl.java:lambda$new$0(48)) - omNode-2@group-523986131536->omNode-1: nextIndex: updateUnconditionally 29 -> 23
2022-08-20 01:09:29,194 [omNode-1-server-thread1] INFO  server.RaftServer$Division (RaftServerImpl.java:checkInconsistentAppendEntries(1424)) - omNode-1@group-523986131536: Failed appendEntries as previous log entry ((t:3, i:28)) is not found
2022-08-20 01:09:29,194 [omNode-1-server-thread1] INFO  server.RaftServer$Division (RaftServerImpl.java:checkInconsistentAppendEntries(1394)) - omNode-1@group-523986131536: inconsistency entries. Reply:omNode-2<-omNode-1#2860:FAIL-t3,INCONSISTENCY,nextIndex=23,followerCommit=22
2022-08-20 01:09:29,195 [grpc-default-executor-0] INFO  leader.FollowerInfo (FollowerInfoImpl.java:lambda$new$0(48)) - omNode-2@group-523986131536->omNode-1: nextIndex: updateUnconditionally 29 -> 23
2022-08-20 01:09:29,292 [UnderReplicatedQueueThreadThread] INFO  replication.UnderReplicatedProcessor (UnderReplicatedProcessor.java:processAll(85)) - Processed 0 under replicated containers, failed processing 0
2022-08-20 01:09:29,304 [OverReplicatedQueueThreadThread] INFO  replication.OverReplicatedProcessor (OverReplicatedProcessor.java:processAll(83)) - Processed 0 over replicated containers, failed processing 0
2022-08-20 01:09:29,696 [omNode-1-server-thread1] INFO  server.RaftServer$Division (RaftServerImpl.java:checkInconsistentAppendEntries(1424)) - omNode-1@group-523986131536: Failed appendEntries as previous log entry ((t:3, i:28)) is not found
2022-08-20 01:09:29,696 [omNode-1-server-thread1] INFO  server.RaftServer$Division (RaftServerImpl.java:checkInconsistentAppendEntries(1394)) - omNode-1@group-523986131536: inconsistency entries. Reply:omNode-2<-omNode-1#2911:FAIL-t3,INCONSISTENCY,nextIndex=23,followerCommit=22
2022-08-20 01:09:29,697 [grpc-default-executor-0] INFO  leader.FollowerInfo (FollowerInfoImpl.java:lambda$new$0(48)) - omNode-2@group-523986131536->omNode-1: nextIndex: updateUnconditionally 29 -> 23
2022-08-20 01:09:30,198 [omNode-1-server-thread1] INFO  server.RaftServer$Division (RaftServerImpl.java:checkInconsistentAppendEntries(1424)) - omNode-1@group-523986131536: Failed appendEntries as previous log entry ((t:3, i:28)) is not found
2022-08-20 01:09:30,198 [omNode-1-server-thread1] INFO  server.RaftServer$Division (RaftServerImpl.java:checkInconsistentAppendEntries(1394)) - omNode-1@group-523986131536: inconsistency entries. Reply:omNode-2<-omNode-1#2961:FAIL-t3,INCONSISTENCY,nextIndex=23,followerCommit=22
2022-08-20 01:09:30,198 [grpc-default-executor-0] INFO  leader.FollowerInfo (FollowerInfoImpl.java:lambda$new$0(48)) - omNode-2@group-523986131536->omNode-1: nextIndex: updateUnconditionally 29 -> 23
2022-08-20 01:09:30,700 [omNode-1-server-thread1] INFO  server.RaftServer$Division (RaftServerImpl.java:checkInconsistentAppendEntries(1424)) - omNode-1@group-523986131536: Failed appendEntries as previous log entry ((t:3, i:28)) is not found
2022-08-20 01:09:30,700 [omNode-1-server-thread1] INFO  server.RaftServer$Division (RaftServerImpl.java:checkInconsistentAppendEntries(1394)) - omNode-1@group-523986131536: inconsistency entries. Reply:omNode-2<-omNode-1#3012:FAIL-t3,INCONSISTENCY,nextIndex=23,followerCommit=22
2022-08-20 01:09:30,700 [grpc-default-executor-0] INFO  leader.FollowerInfo (FollowerInfoImpl.java:lambda$new$0(48)) - omNode-2@group-523986131536->omNode-1: nextIndex: updateUnconditionally 29 -> 23
2022-08-20 01:09:31,202 [omNode-1-server-thread1] INFO  server.RaftServer$Division (RaftServerImpl.java:checkInconsistentAppendEntries(1424)) - omNode-1@group-523986131536: Failed appendEntries as previous log entry ((t:3, i:28)) is not found
2022-08-20 01:09:31,202 [omNode-1-server-thread1] INFO  server.RaftServer$Division (RaftServerImpl.java:checkInconsistentAppendEntries(1394)) - omNode-1@group-523986131536: inconsistency entries. Reply:omNode-2<-omNode-1#3063:FAIL-t3,INCONSISTENCY,nextIndex=23,followerCommit=22
2022-08-20 01:09:31,202 [grpc-default-executor-0] INFO  leader.FollowerInfo (FollowerInfoImpl.java:lambda$new$0(48)) - omNode-2@group-523986131536->omNode-1: nextIndex: updateUnconditionally 29 -> 23
2022-08-20 01:09:31,704 [omNode-1-server-thread1] INFO  server.RaftServer$Division (RaftServerImpl.java:checkInconsistentAppendEntries(1424)) - omNode-1@group-523986131536: Failed appendEntries as previous log entry ((t:3, i:28)) is not found
2022-08-20 01:09:31,704 [omNode-1-server-thread1] INFO  server.RaftServer$Division (RaftServerImpl.java:checkInconsistentAppendEntries(1394)) - omNode-1@group-523986131536: inconsistency entries. Reply:omNode-2<-omNode-1#3114:FAIL-t3,INCONSISTENCY,nextIndex=23,followerCommit=22
2022-08-20 01:09:31,704 [grpc-default-executor-0] INFO  leader.FollowerInfo (FollowerInfoImpl.java:lambda$new$0(48)) - omNode-2@group-523986131536->omNode-1: nextIndex: updateUnconditionally 29 -> 23
2022-08-20 01:09:32,206 [omNode-1-server-thread1] INFO  server.RaftServer$Division (RaftServerImpl.java:checkInconsistentAppendEntries(1424)) - omNode-1@group-523986131536: Failed appendEntries as previous log entry ((t:3, i:28)) is not found
2022-08-20 01:09:32,206 [omNode-1-server-thread1] INFO  server.RaftServer$Division (RaftServerImpl.java:checkInconsistentAppendEntries(1394)) - omNode-1@group-523986131536: inconsistency entries. Reply:omNode-2<-omNode-1#3165:FAIL-t3,INCONSISTENCY,nextIndex=23,followerCommit=22
2022-08-20 01:09:32,207 [grpc-default-executor-0] INFO  leader.FollowerInfo (FollowerInfoImpl.java:lambda$new$0(48)) - omNode-2@group-523986131536->omNode-1: nextIndex: updateUnconditionally 29 -> 23
2022-08-20 01:09:32,708 [omNode-1-server-thread1] INFO  server.RaftServer$Division (RaftServerImpl.java:checkInconsistentAppendEntries(1424)) - omNode-1@group-523986131536: Failed appendEntries as previous log entry ((t:3, i:28)) is not found
2022-08-20 01:09:32,708 [omNode-1-server-thread1] INFO  server.RaftServer$Division (RaftServerImpl.java:checkInconsistentAppendEntries(1394)) - omNode-1@group-523986131536: inconsistency entries. Reply:omNode-2<-omNode-1#3216:FAIL-t3,INCONSISTENCY,nextIndex=23,followerCommit=22
2022-08-20 01:09:32,708 [grpc-default-executor-0] INFO  leader.FollowerInfo (FollowerInfoImpl.java:lambda$new$0(48)) - omNode-2@group-523986131536->omNode-1: nextIndex: updateUnconditionally 29 -> 23
2022-08-20 01:09:33,209 [omNode-1-server-thread1] INFO  server.RaftServer$Division (RaftServerImpl.java:checkInconsistentAppendEntries(1424)) - omNode-1@group-523986131536: Failed appendEntries as previous log entry ((t:3, i:28)) is not found
2022-08-20 01:09:33,210 [omNode-1-server-thread1] INFO  server.RaftServer$Division (RaftServerImpl.java:checkInconsistentAppendEntries(1394)) - omNode-1@group-523986131536: inconsistency entries. Reply:omNode-2<-omNode-1#3267:FAIL-t3,INCONSISTENCY,nextIndex=23,followerCommit=22
2022-08-20 01:09:33,210 [grpc-default-executor-0] INFO  leader.FollowerInfo (FollowerInfoImpl.java:lambda$new$0(48)) - omNode-2@group-523986131536->omNode-1: nextIndex: updateUnconditionally 29 -> 23
2022-08-20 01:09:33,711 [omNode-1-server-thread1] INFO  server.RaftServer$Division (RaftServerImpl.java:checkInconsistentAppendEntries(1424)) - omNode-1@group-523986131536: Failed appendEntries as previous log entry ((t:3, i:28)) is not found
2022-08-20 01:09:33,711 [omNode-1-server-thread1] INFO  server.RaftServer$Division (RaftServerImpl.java:checkInconsistentAppendEntries(1394)) - omNode-1@group-523986131536: inconsistency entries. Reply:omNode-2<-omNode-1#3318:FAIL-t3,INCONSISTENCY,nextIndex=23,followerCommit=22
2022-08-20 01:09:33,712 [grpc-default-executor-0] INFO  leader.FollowerInfo (FollowerInfoImpl.java:lambda$new$0(48)) - omNode-2@group-523986131536->omNode-1: nextIndex: updateUnconditionally 29 -> 23
2022-08-20 01:09:34,213 [omNode-1-server-thread1] INFO  server.RaftServer$Division (RaftServerImpl.java:checkInconsistentAppendEntries(1424)) - omNode-1@group-523986131536: Failed appendEntries as previous log entry ((t:3, i:28)) is not found
2022-08-20 01:09:34,213 [omNode-1-server-thread1] INFO  server.RaftServer$Division (RaftServerImpl.java:checkInconsistentAppendEntries(1394)) - omNode-1@group-523986131536: inconsistency entries. Reply:omNode-2<-omNode-1#3369:FAIL-t3,INCONSISTENCY,nextIndex=23,followerCommit=22
2022-08-20 01:09:34,214 [grpc-default-executor-0] INFO  leader.FollowerInfo (FollowerInfoImpl.java:lambda$new$0(48)) - omNode-2@group-523986131536->omNode-1: nextIndex: updateUnconditionally 29 -> 23
2022-08-20 01:09:34,715 [omNode-1-server-thread1] INFO  server.RaftServer$Division (RaftServerImpl.java:checkInconsistentAppendEntries(1424)) - omNode-1@group-523986131536: Failed appendEntries as previous log entry ((t:3, i:28)) is not found
2022-08-20 01:09:34,715 [omNode-1-server-thread1] INFO  server.RaftServer$Division (RaftServerImpl.java:checkInconsistentAppendEntries(1394)) - omNode-1@group-523986131536: inconsistency entries. Reply:omNode-2<-omNode-1#3420:FAIL-t3,INCONSISTENCY,nextIndex=23,followerCommit=22
2022-08-20 01:09:34,716 [grpc-default-executor-0] INFO  leader.FollowerInfo (FollowerInfoImpl.java:lambda$new$0(48)) - omNode-2@group-523986131536->omNode-1: nextIndex: updateUnconditionally 29 -> 23
2022-08-20 01:09:35,217 [omNode-1-server-thread1] INFO  server.RaftServer$Division (RaftServerImpl.java:checkInconsistentAppendEntries(1424)) - omNode-1@group-523986131536: Failed appendEntries as previous log entry ((t:3, i:28)) is not found
2022-08-20 01:09:35,218 [omNode-1-server-thread1] INFO  server.RaftServer$Division (RaftServerImpl.java:checkInconsistentAppendEntries(1394)) - omNode-1@group-523986131536: inconsistency entries. Reply:omNode-2<-omNode-1#3471:FAIL-t3,INCONSISTENCY,nextIndex=23,followerCommit=22
2022-08-20 01:09:35,218 [grpc-default-executor-0] INFO  leader.FollowerInfo (FollowerInfoImpl.java:lambda$new$0(48)) - omNode-2@group-523986131536->omNode-1: nextIndex: updateUnconditionally 29 -> 23
2022-08-20 01:09:35,720 [omNode-1-server-thread1] INFO  server.RaftServer$Division (RaftServerImpl.java:checkInconsistentAppendEntries(1424)) - omNode-1@group-523986131536: Failed appendEntries as previous log entry ((t:3, i:28)) is not found
2022-08-20 01:09:35,720 [omNode-1-server-thread1] INFO  server.RaftServer$Division (RaftServerImpl.java:checkInconsistentAppendEntries(1394)) - omNode-1@group-523986131536: inconsistency entries. Reply:omNode-2<-omNode-1#3522:FAIL-t3,INCONSISTENCY,nextIndex=23,followerCommit=22
2022-08-20 01:09:35,720 [grpc-default-executor-0] INFO  leader.FollowerInfo (FollowerInfoImpl.java:lambda$new$0(48)) - omNode-2@group-523986131536->omNode-1: nextIndex: updateUnconditionally 29 -> 23
2022-08-20 01:09:36,222 [omNode-1-server-thread1] INFO  server.RaftServer$Division (RaftServerImpl.java:checkInconsistentAppendEntries(1424)) - omNode-1@group-523986131536: Failed appendEntries as previous log entry ((t:3, i:28)) is not found
2022-08-20 01:09:36,222 [omNode-1-server-thread1] INFO  server.RaftServer$Division (RaftServerImpl.java:checkInconsistentAppendEntries(1394)) - omNode-1@group-523986131536: inconsistency entries. Reply:omNode-2<-omNode-1#3569:FAIL-t3,INCONSISTENCY,nextIndex=23,followerCommit=22
2022-08-20 01:09:36,222 [grpc-default-executor-0] INFO  leader.FollowerInfo (FollowerInfoImpl.java:lambda$new$0(48)) - omNode-2@group-523986131536->omNode-1: nextIndex: updateUnconditionally 29 -> 23
2022-08-20 01:09:36,724 [omNode-1-server-thread1] INFO  server.RaftServer$Division (RaftServerImpl.java:checkInconsistentAppendEntries(1424)) - omNode-1@group-523986131536: Failed appendEntries as previous log entry ((t:3, i:28)) is not found
2022-08-20 01:09:36,724 [omNode-1-server-thread1] INFO  server.RaftServer$Division (RaftServerImpl.java:checkInconsistentAppendEntries(1394)) - omNode-1@group-523986131536: inconsistency entries. Reply:omNode-2<-omNode-1#3620:FAIL-t3,INCONSISTENCY,nextIndex=23,followerCommit=22
2022-08-20 01:09:36,725 [grpc-default-executor-0] INFO  leader.FollowerInfo (FollowerInfoImpl.java:lambda$new$0(48)) - omNode-2@group-523986131536->omNode-1: nextIndex: updateUnconditionally 29 -> 23
2022-08-20 01:09:37,227 [omNode-1-server-thread1] INFO  server.RaftServer$Division (RaftServerImpl.java:checkInconsistentAppendEntries(1424)) - omNode-1@group-523986131536: Failed appendEntries as previous log entry ((t:3, i:28)) is not found
2022-08-20 01:09:37,227 [omNode-1-server-thread1] INFO  server.RaftServer$Division (RaftServerImpl.java:checkInconsistentAppendEntries(1394)) - omNode-1@group-523986131536: inconsistency entries. Reply:omNode-2<-omNode-1#3671:FAIL-t3,INCONSISTENCY,nextIndex=23,followerCommit=22
2022-08-20 01:09:37,230 [grpc-default-executor-0] INFO  leader.FollowerInfo (FollowerInfoImpl.java:lambda$new$0(48)) - omNode-2@group-523986131536->omNode-1: nextIndex: updateUnconditionally 29 -> 23
2022-08-20 01:09:37,732 [omNode-1-server-thread1] INFO  server.RaftServer$Division (RaftServerImpl.java:checkInconsistentAppendEntries(1424)) - omNode-1@group-523986131536: Failed appendEntries as previous log entry ((t:3, i:28)) is not found
2022-08-20 01:09:37,732 [omNode-1-server-thread1] INFO  server.RaftServer$Division (RaftServerImpl.java:checkInconsistentAppendEntries(1394)) - omNode-1@group-523986131536: inconsistency entries. Reply:omNode-2<-omNode-1#3722:FAIL-t3,INCONSISTENCY,nextIndex=23,followerCommit=22
2022-08-20 01:09:37,732 [grpc-default-executor-0] INFO  leader.FollowerInfo (FollowerInfoImpl.java:lambda$new$0(48)) - omNode-2@group-523986131536->omNode-1: nextIndex: updateUnconditionally 29 -> 23
2022-08-20 01:09:38,233 [omNode-1-server-thread1] INFO  server.RaftServer$Division (RaftServerImpl.java:checkInconsistentAppendEntries(1424)) - omNode-1@group-523986131536: Failed appendEntries as previous log entry ((t:3, i:28)) is not found
2022-08-20 01:09:38,234 [omNode-1-server-thread1] INFO  server.RaftServer$Division (RaftServerImpl.java:checkInconsistentAppendEntries(1394)) - omNode-1@group-523986131536: inconsistency entries. Reply:omNode-2<-omNode-1#3773:FAIL-t3,INCONSISTENCY,nextIndex=23,followerCommit=22
2022-08-20 01:09:38,234 [grpc-default-executor-0] INFO  leader.FollowerInfo (FollowerInfoImpl.java:lambda$new$0(48)) - omNode-2@group-523986131536->omNode-1: nextIndex: updateUnconditionally 29 -> 23
2022-08-20 01:09:38,735 [omNode-1-server-thread1] INFO  server.RaftServer$Division (RaftServerImpl.java:checkInconsistentAppendEntries(1424)) - omNode-1@group-523986131536: Failed appendEntries as previous log entry ((t:3, i:28)) is not found
2022-08-20 01:09:38,736 [omNode-1-server-thread1] INFO  server.RaftServer$Division (RaftServerImpl.java:checkInconsistentAppendEntries(1394)) - omNode-1@group-523986131536: inconsistency entries. Reply:omNode-2<-omNode-1#3824:FAIL-t3,INCONSISTENCY,nextIndex=23,followerCommit=22
2022-08-20 01:09:38,736 [grpc-default-executor-0] INFO  leader.FollowerInfo (FollowerInfoImpl.java:lambda$new$0(48)) - omNode-2@group-523986131536->omNode-1: nextIndex: updateUnconditionally 29 -> 23
2022-08-20 01:09:39,237 [omNode-1-server-thread1] INFO  server.RaftServer$Division (RaftServerImpl.java:checkInconsistentAppendEntries(1424)) - omNode-1@group-523986131536: Failed appendEntries as previous log entry ((t:3, i:28)) is not found
2022-08-20 01:09:39,237 [omNode-1-server-thread1] INFO  server.RaftServer$Division (RaftServerImpl.java:checkInconsistentAppendEntries(1394)) - omNode-1@group-523986131536: inconsistency entries. Reply:omNode-2<-omNode-1#3875:FAIL-t3,INCONSISTENCY,nextIndex=23,followerCommit=22
2022-08-20 01:09:39,238 [grpc-default-executor-0] INFO  leader.FollowerInfo (FollowerInfoImpl.java:lambda$new$0(48)) - omNode-2@group-523986131536->omNode-1: nextIndex: updateUnconditionally 29 -> 23
2022-08-20 01:09:39,740 [omNode-1-server-thread1] INFO  server.RaftServer$Division (RaftServerImpl.java:checkInconsistentAppendEntries(1424)) - omNode-1@group-523986131536: Failed appendEntries as previous log entry ((t:3, i:28)) is not found
2022-08-20 01:09:39,740 [omNode-1-server-thread1] INFO  server.RaftServer$Division (RaftServerImpl.java:checkInconsistentAppendEntries(1394)) - omNode-1@group-523986131536: inconsistency entries. Reply:omNode-2<-omNode-1#3926:FAIL-t3,INCONSISTENCY,nextIndex=23,followerCommit=22
2022-08-20 01:09:39,740 [grpc-default-executor-0] INFO  leader.FollowerInfo (FollowerInfoImpl.java:lambda$new$0(48)) - omNode-2@group-523986131536->omNode-1: nextIndex: updateUnconditionally 29 -> 23
2022-08-20 01:09:40,242 [omNode-1-server-thread1] INFO  server.RaftServer$Division (RaftServerImpl.java:checkInconsistentAppendEntries(1424)) - omNode-1@group-523986131536: Failed appendEntries as previous log entry ((t:3, i:28)) is not found
2022-08-20 01:09:40,242 [omNode-1-server-thread1] INFO  server.RaftServer$Division (RaftServerImpl.java:checkInconsistentAppendEntries(1394)) - omNode-1@group-523986131536: inconsistency entries. Reply:omNode-2<-omNode-1#3977:FAIL-t3,INCONSISTENCY,nextIndex=23,followerCommit=22
2022-08-20 01:09:40,243 [grpc-default-executor-0] INFO  leader.FollowerInfo (FollowerInfoImpl.java:lambda$new$0(48)) - omNode-2@group-523986131536->omNode-1: nextIndex: updateUnconditionally 29 -> 23
2022-08-20 01:09:40,744 [omNode-1-server-thread1] INFO  server.RaftServer$Division (RaftServerImpl.java:checkInconsistentAppendEntries(1424)) - omNode-1@group-523986131536: Failed appendEntries as previous log entry ((t:3, i:28)) is not found
2022-08-20 01:09:40,744 [omNode-1-server-thread1] INFO  server.RaftServer$Division (RaftServerImpl.java:checkInconsistentAppendEntries(1394)) - omNode-1@group-523986131536: inconsistency entries. Reply:omNode-2<-omNode-1#4028:FAIL-t3,INCONSISTENCY,nextIndex=23,followerCommit=22
2022-08-20 01:09:40,745 [grpc-default-executor-0] INFO  leader.FollowerInfo (FollowerInfoImpl.java:lambda$new$0(48)) - omNode-2@group-523986131536->omNode-1: nextIndex: updateUnconditionally 29 -> 23
2022-08-20 01:09:41,246 [omNode-1-server-thread1] INFO  server.RaftServer$Division (RaftServerImpl.java:checkInconsistentAppendEntries(1424)) - omNode-1@group-523986131536: Failed appendEntries as previous log entry ((t:3, i:28)) is not found
2022-08-20 01:09:41,247 [omNode-1-server-thread1] INFO  server.RaftServer$Division (RaftServerImpl.java:checkInconsistentAppendEntries(1394)) - omNode-1@group-523986131536: inconsistency entries. Reply:omNode-2<-omNode-1#4079:FAIL-t3,INCONSISTENCY,nextIndex=23,followerCommit=22
2022-08-20 01:09:41,247 [grpc-default-executor-0] INFO  leader.FollowerInfo (FollowerInfoImpl.java:lambda$new$0(48)) - omNode-2@group-523986131536->omNode-1: nextIndex: updateUnconditionally 29 -> 23
2022-08-20 01:09:41,748 [omNode-1-server-thread1] INFO  server.RaftServer$Division (RaftServerImpl.java:checkInconsistentAppendEntries(1424)) - omNode-1@group-523986131536: Failed appendEntries as previous log entry ((t:3, i:28)) is not found
2022-08-20 01:09:41,748 [omNode-1-server-thread1] INFO  server.RaftServer$Division (RaftServerImpl.java:checkInconsistentAppendEntries(1394)) - omNode-1@group-523986131536: inconsistency entries. Reply:omNode-2<-omNode-1#4130:FAIL-t3,INCONSISTENCY,nextIndex=23,followerCommit=22
2022-08-20 01:09:41,749 [grpc-default-executor-0] INFO  leader.FollowerInfo (FollowerInfoImpl.java:lambda$new$0(48)) - omNode-2@group-523986131536->omNode-1: nextIndex: updateUnconditionally 29 -> 23
2022-08-20 01:09:42,251 [omNode-1-server-thread1] INFO  server.RaftServer$Division (RaftServerImpl.java:checkInconsistentAppendEntries(1424)) - omNode-1@group-523986131536: Failed appendEntries as previous log entry ((t:3, i:28)) is not found
2022-08-20 01:09:42,251 [omNode-1-server-thread1] INFO  server.RaftServer$Division (RaftServerImpl.java:checkInconsistentAppendEntries(1394)) - omNode-1@group-523986131536: inconsistency entries. Reply:omNode-2<-omNode-1#4181:FAIL-t3,INCONSISTENCY,nextIndex=23,followerCommit=22
2022-08-20 01:09:42,251 [grpc-default-executor-0] INFO  leader.FollowerInfo (FollowerInfoImpl.java:lambda$new$0(48)) - omNode-2@group-523986131536->omNode-1: nextIndex: updateUnconditionally 29 -> 23
2022-08-20 01:09:42,752 [omNode-1-server-thread1] INFO  server.RaftServer$Division (RaftServerImpl.java:checkInconsistentAppendEntries(1424)) - omNode-1@group-523986131536: Failed appendEntries as previous log entry ((t:3, i:28)) is not found
2022-08-20 01:09:42,752 [omNode-1-server-thread1] INFO  server.RaftServer$Division (RaftServerImpl.java:checkInconsistentAppendEntries(1394)) - omNode-1@group-523986131536: inconsistency entries. Reply:omNode-2<-omNode-1#4232:FAIL-t3,INCONSISTENCY,nextIndex=23,followerCommit=22
2022-08-20 01:09:42,753 [grpc-default-executor-0] INFO  leader.FollowerInfo (FollowerInfoImpl.java:lambda$new$0(48)) - omNode-2@group-523986131536->omNode-1: nextIndex: updateUnconditionally 29 -> 23
2022-08-20 01:09:43,254 [omNode-1-server-thread1] INFO  server.RaftServer$Division (RaftServerImpl.java:checkInconsistentAppendEntries(1424)) - omNode-1@group-523986131536: Failed appendEntries as previous log entry ((t:3, i:28)) is not found
2022-08-20 01:09:43,254 [omNode-1-server-thread1] INFO  server.RaftServer$Division (RaftServerImpl.java:checkInconsistentAppendEntries(1394)) - omNode-1@group-523986131536: inconsistency entries. Reply:omNode-2<-omNode-1#4283:FAIL-t3,INCONSISTENCY,nextIndex=23,followerCommit=22
2022-08-20 01:09:43,255 [grpc-default-executor-0] INFO  leader.FollowerInfo (FollowerInfoImpl.java:lambda$new$0(48)) - omNode-2@group-523986131536->omNode-1: nextIndex: updateUnconditionally 29 -> 23
2022-08-20 01:09:43,756 [omNode-1-server-thread1] INFO  server.RaftServer$Division (RaftServerImpl.java:checkInconsistentAppendEntries(1424)) - omNode-1@group-523986131536: Failed appendEntries as previous log entry ((t:3, i:28)) is not found
2022-08-20 01:09:43,756 [omNode-1-server-thread1] INFO  server.RaftServer$Division (RaftServerImpl.java:checkInconsistentAppendEntries(1394)) - omNode-1@group-523986131536: inconsistency entries. Reply:omNode-2<-omNode-1#4334:FAIL-t3,INCONSISTENCY,nextIndex=23,followerCommit=22
2022-08-20 01:09:43,757 [grpc-default-executor-0] INFO  leader.FollowerInfo (FollowerInfoImpl.java:lambda$new$0(48)) - omNode-2@group-523986131536->omNode-1: nextIndex: updateUnconditionally 29 -> 23
2022-08-20 01:09:44,258 [omNode-1-server-thread1] INFO  server.RaftServer$Division (RaftServerImpl.java:checkInconsistentAppendEntries(1424)) - omNode-1@group-523986131536: Failed appendEntries as previous log entry ((t:3, i:28)) is not found
2022-08-20 01:09:44,258 [omNode-1-server-thread1] INFO  server.RaftServer$Division (RaftServerImpl.java:checkInconsistentAppendEntries(1394)) - omNode-1@group-523986131536: inconsistency entries. Reply:omNode-2<-omNode-1#4385:FAIL-t3,INCONSISTENCY,nextIndex=23,followerCommit=22
2022-08-20 01:09:44,258 [grpc-default-executor-0] INFO  leader.FollowerInfo (FollowerInfoImpl.java:lambda$new$0(48)) - omNode-2@group-523986131536->omNode-1: nextIndex: updateUnconditionally 29 -> 23
2022-08-20 01:09:44,759 [omNode-1-server-thread1] INFO  server.RaftServer$Division (RaftServerImpl.java:checkInconsistentAppendEntries(1424)) - omNode-1@group-523986131536: Failed appendEntries as previous log entry ((t:3, i:28)) is not found
2022-08-20 01:09:44,759 [omNode-1-server-thread1] INFO  server.RaftServer$Division (RaftServerImpl.java:checkInconsistentAppendEntries(1394)) - omNode-1@group-523986131536: inconsistency entries. Reply:omNode-2<-omNode-1#4436:FAIL-t3,INCONSISTENCY,nextIndex=23,followerCommit=22
2022-08-20 01:09:44,760 [grpc-default-executor-0] INFO  leader.FollowerInfo (FollowerInfoImpl.java:lambda$new$0(48)) - omNode-2@group-523986131536->omNode-1: nextIndex: updateUnconditionally 29 -> 23
2022-08-20 01:09:45,261 [omNode-1-server-thread1] INFO  server.RaftServer$Division (RaftServerImpl.java:checkInconsistentAppendEntries(1424)) - omNode-1@group-523986131536: Failed appendEntries as previous log entry ((t:3, i:28)) is not found
2022-08-20 01:09:45,262 [omNode-1-server-thread1] INFO  server.RaftServer$Division (RaftServerImpl.java:checkInconsistentAppendEntries(1394)) - omNode-1@group-523986131536: inconsistency entries. Reply:omNode-2<-omNode-1#4487:FAIL-t3,INCONSISTENCY,nextIndex=23,followerCommit=22
2022-08-20 01:09:45,262 [grpc-default-executor-0] INFO  leader.FollowerInfo (FollowerInfoImpl.java:lambda$new$0(48)) - omNode-2@group-523986131536->omNode-1: nextIndex: updateUnconditionally 29 -> 23
2022-08-20 01:09:45,763 [omNode-1-server-thread1] INFO  server.RaftServer$Division (RaftServerImpl.java:checkInconsistentAppendEntries(1424)) - omNode-1@group-523986131536: Failed appendEntries as previous log entry ((t:3, i:28)) is not found
2022-08-20 01:09:45,763 [omNode-1-server-thread1] INFO  server.RaftServer$Division (RaftServerImpl.java:checkInconsistentAppendEntries(1394)) - omNode-1@group-523986131536: inconsistency entries. Reply:omNode-2<-omNode-1#4538:FAIL-t3,INCONSISTENCY,nextIndex=23,followerCommit=22
2022-08-20 01:09:45,764 [grpc-default-executor-0] INFO  leader.FollowerInfo (FollowerInfoImpl.java:lambda$new$0(48)) - omNode-2@group-523986131536->omNode-1: nextIndex: updateUnconditionally 29 -> 23
2022-08-20 01:09:46,265 [omNode-1-server-thread1] INFO  server.RaftServer$Division (RaftServerImpl.java:checkInconsistentAppendEntries(1424)) - omNode-1@group-523986131536: Failed appendEntries as previous log entry ((t:3, i:28)) is not found
2022-08-20 01:09:46,266 [omNode-1-server-thread1] INFO  server.RaftServer$Division (RaftServerImpl.java:checkInconsistentAppendEntries(1394)) - omNode-1@group-523986131536: inconsistency entries. Reply:omNode-2<-omNode-1#4589:FAIL-t3,INCONSISTENCY,nextIndex=23,followerCommit=22
2022-08-20 01:09:46,266 [grpc-default-executor-0] INFO  leader.FollowerInfo (FollowerInfoImpl.java:lambda$new$0(48)) - omNode-2@group-523986131536->omNode-1: nextIndex: updateUnconditionally 29 -> 23
2022-08-20 01:09:46,768 [omNode-1-server-thread1] INFO  server.RaftServer$Division (RaftServerImpl.java:checkInconsistentAppendEntries(1424)) - omNode-1@group-523986131536: Failed appendEntries as previous log entry ((t:3, i:28)) is not found
2022-08-20 01:09:46,768 [omNode-1-server-thread1] INFO  server.RaftServer$Division (RaftServerImpl.java:checkInconsistentAppendEntries(1394)) - omNode-1@group-523986131536: inconsistency entries. Reply:omNode-2<-omNode-1#4640:FAIL-t3,INCONSISTENCY,nextIndex=23,followerCommit=22
2022-08-20 01:09:46,768 [grpc-default-executor-0] INFO  leader.FollowerInfo (FollowerInfoImpl.java:lambda$new$0(48)) - omNode-2@group-523986131536->omNode-1: nextIndex: updateUnconditionally 29 -> 23
2022-08-20 01:09:47,269 [omNode-1-server-thread1] INFO  server.RaftServer$Division (RaftServerImpl.java:checkInconsistentAppendEntries(1424)) - omNode-1@group-523986131536: Failed appendEntries as previous log entry ((t:3, i:28)) is not found
2022-08-20 01:09:47,270 [omNode-1-server-thread1] INFO  server.RaftServer$Division (RaftServerImpl.java:checkInconsistentAppendEntries(1394)) - omNode-1@group-523986131536: inconsistency entries. Reply:omNode-2<-omNode-1#4691:FAIL-t3,INCONSISTENCY,nextIndex=23,followerCommit=22
2022-08-20 01:09:47,270 [grpc-default-executor-0] INFO  leader.FollowerInfo (FollowerInfoImpl.java:lambda$new$0(48)) - omNode-2@group-523986131536->omNode-1: nextIndex: updateUnconditionally 29 -> 23
2022-08-20 01:09:47,771 [omNode-1-server-thread1] INFO  server.RaftServer$Division (RaftServerImpl.java:checkInconsistentAppendEntries(1424)) - omNode-1@group-523986131536: Failed appendEntries as previous log entry ((t:3, i:28)) is not found
2022-08-20 01:09:47,771 [omNode-1-server-thread1] INFO  server.RaftServer$Division (RaftServerImpl.java:checkInconsistentAppendEntries(1394)) - omNode-1@group-523986131536: inconsistency entries. Reply:omNode-2<-omNode-1#4742:FAIL-t3,INCONSISTENCY,nextIndex=23,followerCommit=22
2022-08-20 01:09:47,772 [grpc-default-executor-0] INFO  leader.FollowerInfo (FollowerInfoImpl.java:lambda$new$0(48)) - omNode-2@group-523986131536->omNode-1: nextIndex: updateUnconditionally 29 -> 23
2022-08-20 01:09:48,273 [omNode-1-server-thread1] INFO  server.RaftServer$Division (RaftServerImpl.java:checkInconsistentAppendEntries(1424)) - omNode-1@group-523986131536: Failed appendEntries as previous log entry ((t:3, i:28)) is not found
2022-08-20 01:09:48,273 [omNode-1-server-thread1] INFO  server.RaftServer$Division (RaftServerImpl.java:checkInconsistentAppendEntries(1394)) - omNode-1@group-523986131536: inconsistency entries. Reply:omNode-2<-omNode-1#4792:FAIL-t3,INCONSISTENCY,nextIndex=23,followerCommit=22
2022-08-20 01:09:48,273 [grpc-default-executor-0] INFO  leader.FollowerInfo (FollowerInfoImpl.java:lambda$new$0(48)) - omNode-2@group-523986131536->omNode-1: nextIndex: updateUnconditionally 29 -> 23
2022-08-20 01:09:48,774 [omNode-1-server-thread1] INFO  server.RaftServer$Division (RaftServerImpl.java:checkInconsistentAppendEntries(1424)) - omNode-1@group-523986131536: Failed appendEntries as previous log entry ((t:3, i:28)) is not found
2022-08-20 01:09:48,775 [omNode-1-server-thread1] INFO  server.RaftServer$Division (RaftServerImpl.java:checkInconsistentAppendEntries(1394)) - omNode-1@group-523986131536: inconsistency entries. Reply:omNode-2<-omNode-1#4843:FAIL-t3,INCONSISTENCY,nextIndex=23,followerCommit=22
2022-08-20 01:09:48,775 [grpc-default-executor-0] INFO  leader.FollowerInfo (FollowerInfoImpl.java:lambda$new$0(48)) - omNode-2@group-523986131536->omNode-1: nextIndex: updateUnconditionally 29 -> 23
2022-08-20 01:09:49,276 [omNode-1-server-thread1] INFO  server.RaftServer$Division (RaftServerImpl.java:checkInconsistentAppendEntries(1424)) - omNode-1@group-523986131536: Failed appendEntries as previous log entry ((t:3, i:28)) is not found
2022-08-20 01:09:49,276 [omNode-1-server-thread1] INFO  server.RaftServer$Division (RaftServerImpl.java:checkInconsistentAppendEntries(1394)) - omNode-1@group-523986131536: inconsistency entries. Reply:omNode-2<-omNode-1#4894:FAIL-t3,INCONSISTENCY,nextIndex=23,followerCommit=22
2022-08-20 01:09:49,276 [grpc-default-executor-0] INFO  leader.FollowerInfo (FollowerInfoImpl.java:lambda$new$0(48)) - omNode-2@group-523986131536->omNode-1: nextIndex: updateUnconditionally 29 -> 23
2022-08-20 01:09:49,777 [omNode-1-server-thread1] INFO  server.RaftServer$Division (RaftServerImpl.java:checkInconsistentAppendEntries(1424)) - omNode-1@group-523986131536: Failed appendEntries as previous log entry ((t:3, i:28)) is not found
2022-08-20 01:09:49,778 [omNode-1-server-thread1] INFO  server.RaftServer$Division (RaftServerImpl.java:checkInconsistentAppendEntries(1394)) - omNode-1@group-523986131536: inconsistency entries. Reply:omNode-2<-omNode-1#4944:FAIL-t3,INCONSISTENCY,nextIndex=23,followerCommit=22
2022-08-20 01:09:49,778 [grpc-default-executor-0] INFO  leader.FollowerInfo (FollowerInfoImpl.java:lambda$new$0(48)) - omNode-2@group-523986131536->omNode-1: nextIndex: updateUnconditionally 29 -> 23
2022-08-20 01:09:50,279 [omNode-1-server-thread1] INFO  server.RaftServer$Division (RaftServerImpl.java:checkInconsistentAppendEntries(1424)) - omNode-1@group-523986131536: Failed appendEntries as previous log entry ((t:3, i:28)) is not found
2022-08-20 01:09:50,279 [omNode-1-server-thread1] INFO  server.RaftServer$Division (RaftServerImpl.java:checkInconsistentAppendEntries(1394)) - omNode-1@group-523986131536: inconsistency entries. Reply:omNode-2<-omNode-1#4994:FAIL-t3,INCONSISTENCY,nextIndex=23,followerCommit=22
2022-08-20 01:09:50,279 [grpc-default-executor-0] INFO  leader.FollowerInfo (FollowerInfoImpl.java:lambda$new$0(48)) - omNode-2@group-523986131536->omNode-1: nextIndex: updateUnconditionally 29 -> 23
2022-08-20 01:09:50,781 [omNode-1-server-thread1] INFO  server.RaftServer$Division (RaftServerImpl.java:checkInconsistentAppendEntries(1424)) - omNode-1@group-523986131536: Failed appendEntries as previous log entry ((t:3, i:28)) is not found
2022-08-20 01:09:50,781 [omNode-1-server-thread1] INFO  server.RaftServer$Division (RaftServerImpl.java:checkInconsistentAppendEntries(1394)) - omNode-1@group-523986131536: inconsistency entries. Reply:omNode-2<-omNode-1#5045:FAIL-t3,INCONSISTENCY,nextIndex=23,followerCommit=22
2022-08-20 01:09:50,781 [grpc-default-executor-0] INFO  leader.FollowerInfo (FollowerInfoImpl.java:lambda$new$0(48)) - omNode-2@group-523986131536->omNode-1: nextIndex: updateUnconditionally 29 -> 23
2022-08-20 01:09:51,283 [omNode-1-server-thread1] INFO  server.RaftServer$Division (RaftServerImpl.java:checkInconsistentAppendEntries(1424)) - omNode-1@group-523986131536: Failed appendEntries as previous log entry ((t:3, i:28)) is not found
2022-08-20 01:09:51,283 [omNode-1-server-thread1] INFO  server.RaftServer$Division (RaftServerImpl.java:checkInconsistentAppendEntries(1394)) - omNode-1@group-523986131536: inconsistency entries. Reply:omNode-2<-omNode-1#5096:FAIL-t3,INCONSISTENCY,nextIndex=23,followerCommit=22
2022-08-20 01:09:51,284 [grpc-default-executor-0] INFO  leader.FollowerInfo (FollowerInfoImpl.java:lambda$new$0(48)) - omNode-2@group-523986131536->omNode-1: nextIndex: updateUnconditionally 29 -> 23
2022-08-20 01:09:51,785 [omNode-1-server-thread1] INFO  server.RaftServer$Division (RaftServerImpl.java:checkInconsistentAppendEntries(1424)) - omNode-1@group-523986131536: Failed appendEntries as previous log entry ((t:3, i:28)) is not found
2022-08-20 01:09:51,785 [omNode-1-server-thread1] INFO  server.RaftServer$Division (RaftServerImpl.java:checkInconsistentAppendEntries(1394)) - omNode-1@group-523986131536: inconsistency entries. Reply:omNode-2<-omNode-1#5147:FAIL-t3,INCONSISTENCY,nextIndex=23,followerCommit=22
2022-08-20 01:09:51,787 [grpc-default-executor-0] INFO  leader.FollowerInfo (FollowerInfoImpl.java:lambda$new$0(48)) - omNode-2@group-523986131536->omNode-1: nextIndex: updateUnconditionally 29 -> 23
2022-08-20 01:09:52,288 [omNode-1-server-thread1] INFO  server.RaftServer$Division (RaftServerImpl.java:checkInconsistentAppendEntries(1424)) - omNode-1@group-523986131536: Failed appendEntries as previous log entry ((t:3, i:28)) is not found
2022-08-20 01:09:52,288 [omNode-1-server-thread1] INFO  server.RaftServer$Division (RaftServerImpl.java:checkInconsistentAppendEntries(1394)) - omNode-1@group-523986131536: inconsistency entries. Reply:omNode-2<-omNode-1#5198:FAIL-t3,INCONSISTENCY,nextIndex=23,followerCommit=22
2022-08-20 01:09:52,288 [grpc-default-executor-0] INFO  leader.FollowerInfo (FollowerInfoImpl.java:lambda$new$0(48)) - omNode-2@group-523986131536->omNode-1: nextIndex: updateUnconditionally 29 -> 23
2022-08-20 01:09:52,790 [omNode-1-server-thread1] INFO  server.RaftServer$Division (RaftServerImpl.java:checkInconsistentAppendEntries(1424)) - omNode-1@group-523986131536: Failed appendEntries as previous log entry ((t:3, i:28)) is not found
2022-08-20 01:09:52,790 [omNode-1-server-thread1] INFO  server.RaftServer$Division (RaftServerImpl.java:checkInconsistentAppendEntries(1394)) - omNode-1@group-523986131536: inconsistency entries. Reply:omNode-2<-omNode-1#5249:FAIL-t3,INCONSISTENCY,nextIndex=23,followerCommit=22
2022-08-20 01:09:52,791 [grpc-default-executor-0] INFO  leader.FollowerInfo (FollowerInfoImpl.java:lambda$new$0(48)) - omNode-2@group-523986131536->omNode-1: nextIndex: updateUnconditionally 29 -> 23
2022-08-20 01:09:53,292 [omNode-1-server-thread1] INFO  server.RaftServer$Division (RaftServerImpl.java:checkInconsistentAppendEntries(1424)) - omNode-1@group-523986131536: Failed appendEntries as previous log entry ((t:3, i:28)) is not found
2022-08-20 01:09:53,292 [omNode-1-server-thread1] INFO  server.RaftServer$Division (RaftServerImpl.java:checkInconsistentAppendEntries(1394)) - omNode-1@group-523986131536: inconsistency entries. Reply:omNode-2<-omNode-1#5300:FAIL-t3,INCONSISTENCY,nextIndex=23,followerCommit=22
2022-08-20 01:09:53,292 [grpc-default-executor-0] INFO  leader.FollowerInfo (FollowerInfoImpl.java:lambda$new$0(48)) - omNode-2@group-523986131536->omNode-1: nextIndex: updateUnconditionally 29 -> 23
2022-08-20 01:09:53,793 [omNode-1-server-thread1] INFO  server.RaftServer$Division (RaftServerImpl.java:checkInconsistentAppendEntries(1424)) - omNode-1@group-523986131536: Failed appendEntries as previous log entry ((t:3, i:28)) is not found
2022-08-20 01:09:53,794 [omNode-1-server-thread1] INFO  server.RaftServer$Division (RaftServerImpl.java:checkInconsistentAppendEntries(1394)) - omNode-1@group-523986131536: inconsistency entries. Reply:omNode-2<-omNode-1#5351:FAIL-t3,INCONSISTENCY,nextIndex=23,followerCommit=22
2022-08-20 01:09:53,794 [grpc-default-executor-0] INFO  leader.FollowerInfo (FollowerInfoImpl.java:lambda$new$0(48)) - omNode-2@group-523986131536->omNode-1: nextIndex: updateUnconditionally 29 -> 23
2022-08-20 01:09:54,295 [omNode-1-server-thread1] INFO  server.RaftServer$Division (RaftServerImpl.java:checkInconsistentAppendEntries(1424)) - omNode-1@group-523986131536: Failed appendEntries as previous log entry ((t:3, i:28)) is not found
2022-08-20 01:09:54,295 [omNode-1-server-thread1] INFO  server.RaftServer$Division (RaftServerImpl.java:checkInconsistentAppendEntries(1394)) - omNode-1@group-523986131536: inconsistency entries. Reply:omNode-2<-omNode-1#5402:FAIL-t3,INCONSISTENCY,nextIndex=23,followerCommit=22
2022-08-20 01:09:54,296 [grpc-default-executor-0] INFO  leader.FollowerInfo (FollowerInfoImpl.java:lambda$new$0(48)) - omNode-2@group-523986131536->omNode-1: nextIndex: updateUnconditionally 29 -> 23
2022-08-20 01:09:54,797 [omNode-1-server-thread1] INFO  server.RaftServer$Division (RaftServerImpl.java:checkInconsistentAppendEntries(1424)) - omNode-1@group-523986131536: Failed appendEntries as previous log entry ((t:3, i:28)) is not found
2022-08-20 01:09:54,797 [omNode-1-server-thread1] INFO  server.RaftServer$Division (RaftServerImpl.java:checkInconsistentAppendEntries(1394)) - omNode-1@group-523986131536: inconsistency entries. Reply:omNode-2<-omNode-1#5453:FAIL-t3,INCONSISTENCY,nextIndex=23,followerCommit=22
2022-08-20 01:09:54,798 [grpc-default-executor-0] INFO  leader.FollowerInfo (FollowerInfoImpl.java:lambda$new$0(48)) - omNode-2@group-523986131536->omNode-1: nextIndex: updateUnconditionally 29 -> 23
2022-08-20 01:09:55,299 [omNode-1-server-thread1] INFO  server.RaftServer$Division (RaftServerImpl.java:checkInconsistentAppendEntries(1424)) - omNode-1@group-523986131536: Failed appendEntries as previous log entry ((t:3, i:28)) is not found
2022-08-20 01:09:55,299 [omNode-1-server-thread1] INFO  server.RaftServer$Division (RaftServerImpl.java:checkInconsistentAppendEntries(1394)) - omNode-1@group-523986131536: inconsistency entries. Reply:omNode-2<-omNode-1#5504:FAIL-t3,INCONSISTENCY,nextIndex=23,followerCommit=22
2022-08-20 01:09:55,299 [grpc-default-executor-0] INFO  leader.FollowerInfo (FollowerInfoImpl.java:lambda$new$0(48)) - omNode-2@group-523986131536->omNode-1: nextIndex: updateUnconditionally 29 -> 23
2022-08-20 01:09:55,801 [omNode-1-server-thread1] INFO  server.RaftServer$Division (RaftServerImpl.java:checkInconsistentAppendEntries(1424)) - omNode-1@group-523986131536: Failed appendEntries as previous log entry ((t:3, i:28)) is not found
2022-08-20 01:09:55,801 [omNode-1-server-thread1] INFO  server.RaftServer$Division (RaftServerImpl.java:checkInconsistentAppendEntries(1394)) - omNode-1@group-523986131536: inconsistency entries. Reply:omNode-2<-omNode-1#5555:FAIL-t3,INCONSISTENCY,nextIndex=23,followerCommit=22
2022-08-20 01:09:55,801 [grpc-default-executor-0] INFO  leader.FollowerInfo (FollowerInfoImpl.java:lambda$new$0(48)) - omNode-2@group-523986131536->omNode-1: nextIndex: updateUnconditionally 29 -> 23
2022-08-20 01:09:56,303 [omNode-1-server-thread1] INFO  server.RaftServer$Division (RaftServerImpl.java:checkInconsistentAppendEntries(1424)) - omNode-1@group-523986131536: Failed appendEntries as previous log entry ((t:3, i:28)) is not found
2022-08-20 01:09:56,303 [omNode-1-server-thread1] INFO  server.RaftServer$Division (RaftServerImpl.java:checkInconsistentAppendEntries(1394)) - omNode-1@group-523986131536: inconsistency entries. Reply:omNode-2<-omNode-1#5606:FAIL-t3,INCONSISTENCY,nextIndex=23,followerCommit=22
2022-08-20 01:09:56,303 [grpc-default-executor-0] INFO  leader.FollowerInfo (FollowerInfoImpl.java:lambda$new$0(48)) - omNode-2@group-523986131536->omNode-1: nextIndex: updateUnconditionally 29 -> 23
2022-08-20 01:09:56,805 [omNode-1-server-thread1] INFO  server.RaftServer$Division (RaftServerImpl.java:checkInconsistentAppendEntries(1424)) - omNode-1@group-523986131536: Failed appendEntries as previous log entry ((t:3, i:28)) is not found
2022-08-20 01:09:56,805 [omNode-1-server-thread1] INFO  server.RaftServer$Division (RaftServerImpl.java:checkInconsistentAppendEntries(1394)) - omNode-1@group-523986131536: inconsistency entries. Reply:omNode-2<-omNode-1#5657:FAIL-t3,INCONSISTENCY,nextIndex=23,followerCommit=22
2022-08-20 01:09:56,805 [grpc-default-executor-0] INFO  leader.FollowerInfo (FollowerInfoImpl.java:lambda$new$0(48)) - omNode-2@group-523986131536->omNode-1: nextIndex: updateUnconditionally 29 -> 23
2022-08-20 01:09:57,306 [omNode-1-server-thread1] INFO  server.RaftServer$Division (RaftServerImpl.java:checkInconsistentAppendEntries(1424)) - omNode-1@group-523986131536: Failed appendEntries as previous log entry ((t:3, i:28)) is not found
2022-08-20 01:09:57,307 [omNode-1-server-thread1] INFO  server.RaftServer$Division (RaftServerImpl.java:checkInconsistentAppendEntries(1394)) - omNode-1@group-523986131536: inconsistency entries. Reply:omNode-2<-omNode-1#5708:FAIL-t3,INCONSISTENCY,nextIndex=23,followerCommit=22
2022-08-20 01:09:57,307 [grpc-default-executor-0] INFO  leader.FollowerInfo (FollowerInfoImpl.java:lambda$new$0(48)) - omNode-2@group-523986131536->omNode-1: nextIndex: updateUnconditionally 29 -> 23
2022-08-20 01:09:57,808 [omNode-1-server-thread1] INFO  server.RaftServer$Division (RaftServerImpl.java:checkInconsistentAppendEntries(1424)) - omNode-1@group-523986131536: Failed appendEntries as previous log entry ((t:3, i:28)) is not found
2022-08-20 01:09:57,808 [omNode-1-server-thread1] INFO  server.RaftServer$Division (RaftServerImpl.java:checkInconsistentAppendEntries(1394)) - omNode-1@group-523986131536: inconsistency entries. Reply:omNode-2<-omNode-1#5759:FAIL-t3,INCONSISTENCY,nextIndex=23,followerCommit=22
2022-08-20 01:09:57,809 [grpc-default-executor-0] INFO  leader.FollowerInfo (FollowerInfoImpl.java:lambda$new$0(48)) - omNode-2@group-523986131536->omNode-1: nextIndex: updateUnconditionally 29 -> 23
2022-08-20 01:09:58,310 [omNode-1-server-thread1] INFO  server.RaftServer$Division (RaftServerImpl.java:checkInconsistentAppendEntries(1424)) - omNode-1@group-523986131536: Failed appendEntries as previous log entry ((t:3, i:28)) is not found
2022-08-20 01:09:58,310 [omNode-1-server-thread1] INFO  server.RaftServer$Division (RaftServerImpl.java:checkInconsistentAppendEntries(1394)) - omNode-1@group-523986131536: inconsistency entries. Reply:omNode-2<-omNode-1#5810:FAIL-t3,INCONSISTENCY,nextIndex=23,followerCommit=22
2022-08-20 01:09:58,310 [grpc-default-executor-0] INFO  leader.FollowerInfo (FollowerInfoImpl.java:lambda$new$0(48)) - omNode-2@group-523986131536->omNode-1: nextIndex: updateUnconditionally 29 -> 23
2022-08-20 01:09:58,812 [omNode-1-server-thread1] INFO  server.RaftServer$Division (RaftServerImpl.java:checkInconsistentAppendEntries(1424)) - omNode-1@group-523986131536: Failed appendEntries as previous log entry ((t:3, i:28)) is not found
2022-08-20 01:09:58,812 [omNode-1-server-thread1] INFO  server.RaftServer$Division (RaftServerImpl.java:checkInconsistentAppendEntries(1394)) - omNode-1@group-523986131536: inconsistency entries. Reply:omNode-2<-omNode-1#5861:FAIL-t3,INCONSISTENCY,nextIndex=23,followerCommit=22
2022-08-20 01:09:58,814 [grpc-default-executor-0] INFO  leader.FollowerInfo (FollowerInfoImpl.java:lambda$new$0(48)) - omNode-2@group-523986131536->omNode-1: nextIndex: updateUnconditionally 29 -> 23
2022-08-20 01:09:59,292 [UnderReplicatedQueueThreadThread] INFO  replication.UnderReplicatedProcessor (UnderReplicatedProcessor.java:processAll(85)) - Processed 0 under replicated containers, failed processing 0
2022-08-20 01:09:59,305 [OverReplicatedQueueThreadThread] INFO  replication.OverReplicatedProcessor (OverReplicatedProcessor.java:processAll(83)) - Processed 0 over replicated containers, failed processing 0
2022-08-20 01:09:59,316 [omNode-1-server-thread1] INFO  server.RaftServer$Division (RaftServerImpl.java:checkInconsistentAppendEntries(1424)) - omNode-1@group-523986131536: Failed appendEntries as previous log entry ((t:3, i:28)) is not found
2022-08-20 01:09:59,316 [omNode-1-server-thread1] INFO  server.RaftServer$Division (RaftServerImpl.java:checkInconsistentAppendEntries(1394)) - omNode-1@group-523986131536: inconsistency entries. Reply:omNode-2<-omNode-1#5912:FAIL-t3,INCONSISTENCY,nextIndex=23,followerCommit=22
2022-08-20 01:09:59,317 [grpc-default-executor-0] INFO  leader.FollowerInfo (FollowerInfoImpl.java:lambda$new$0(48)) - omNode-2@group-523986131536->omNode-1: nextIndex: updateUnconditionally 29 -> 23
2022-08-20 01:09:59,818 [omNode-1-server-thread1] INFO  server.RaftServer$Division (RaftServerImpl.java:checkInconsistentAppendEntries(1424)) - omNode-1@group-523986131536: Failed appendEntries as previous log entry ((t:3, i:28)) is not found
2022-08-20 01:09:59,818 [omNode-1-server-thread1] INFO  server.RaftServer$Division (RaftServerImpl.java:checkInconsistentAppendEntries(1394)) - omNode-1@group-523986131536: inconsistency entries. Reply:omNode-2<-omNode-1#5963:FAIL-t3,INCONSISTENCY,nextIndex=23,followerCommit=22
2022-08-20 01:09:59,819 [grpc-default-executor-0] INFO  leader.FollowerInfo (FollowerInfoImpl.java:lambda$new$0(48)) - omNode-2@group-523986131536->omNode-1: nextIndex: updateUnconditionally 29 -> 23
2022-08-20 01:10:00,320 [omNode-1-server-thread1] INFO  server.RaftServer$Division (RaftServerImpl.java:checkInconsistentAppendEntries(1424)) - omNode-1@group-523986131536: Failed appendEntries as previous log entry ((t:3, i:28)) is not found
2022-08-20 01:10:00,320 [omNode-1-server-thread1] INFO  server.RaftServer$Division (RaftServerImpl.java:checkInconsistentAppendEntries(1394)) - omNode-1@group-523986131536: inconsistency entries. Reply:omNode-2<-omNode-1#6014:FAIL-t3,INCONSISTENCY,nextIndex=23,followerCommit=22
2022-08-20 01:10:00,322 [grpc-default-executor-0] INFO  leader.FollowerInfo (FollowerInfoImpl.java:lambda$new$0(48)) - omNode-2@group-523986131536->omNode-1: nextIndex: updateUnconditionally 29 -> 23
2022-08-20 01:10:00,823 [omNode-1-server-thread1] INFO  server.RaftServer$Division (RaftServerImpl.java:checkInconsistentAppendEntries(1424)) - omNode-1@group-523986131536: Failed appendEntries as previous log entry ((t:3, i:28)) is not found
2022-08-20 01:10:00,823 [omNode-1-server-thread1] INFO  server.RaftServer$Division (RaftServerImpl.java:checkInconsistentAppendEntries(1394)) - omNode-1@group-523986131536: inconsistency entries. Reply:omNode-2<-omNode-1#6065:FAIL-t3,INCONSISTENCY,nextIndex=23,followerCommit=22
2022-08-20 01:10:00,823 [grpc-default-executor-0] INFO  leader.FollowerInfo (FollowerInfoImpl.java:lambda$new$0(48)) - omNode-2@group-523986131536->omNode-1: nextIndex: updateUnconditionally 29 -> 23
2022-08-20 01:10:01,325 [omNode-1-server-thread1] INFO  server.RaftServer$Division (RaftServerImpl.java:checkInconsistentAppendEntries(1424)) - omNode-1@group-523986131536: Failed appendEntries as previous log entry ((t:3, i:28)) is not found
2022-08-20 01:10:01,325 [omNode-1-server-thread1] INFO  server.RaftServer$Division (RaftServerImpl.java:checkInconsistentAppendEntries(1394)) - omNode-1@group-523986131536: inconsistency entries. Reply:omNode-2<-omNode-1#6116:FAIL-t3,INCONSISTENCY,nextIndex=23,followerCommit=22
2022-08-20 01:10:01,327 [grpc-default-executor-0] INFO  leader.FollowerInfo (FollowerInfoImpl.java:lambda$new$0(48)) - omNode-2@group-523986131536->omNode-1: nextIndex: updateUnconditionally 29 -> 23
2022-08-20 01:10:01,828 [omNode-1-server-thread1] INFO  server.RaftServer$Division (RaftServerImpl.java:checkInconsistentAppendEntries(1424)) - omNode-1@group-523986131536: Failed appendEntries as previous log entry ((t:3, i:28)) is not found
2022-08-20 01:10:01,828 [omNode-1-server-thread1] INFO  server.RaftServer$Division (RaftServerImpl.java:checkInconsistentAppendEntries(1394)) - omNode-1@group-523986131536: inconsistency entries. Reply:omNode-2<-omNode-1#6167:FAIL-t3,INCONSISTENCY,nextIndex=23,followerCommit=22
2022-08-20 01:10:01,828 [grpc-default-executor-0] INFO  leader.FollowerInfo (FollowerInfoImpl.java:lambda$new$0(48)) - omNode-2@group-523986131536->omNode-1: nextIndex: updateUnconditionally 29 -> 23
2022-08-20 01:10:02,330 [omNode-1-server-thread1] INFO  server.RaftServer$Division (RaftServerImpl.java:checkInconsistentAppendEntries(1424)) - omNode-1@group-523986131536: Failed appendEntries as previous log entry ((t:3, i:28)) is not found
2022-08-20 01:10:02,330 [omNode-1-server-thread1] INFO  server.RaftServer$Division (RaftServerImpl.java:checkInconsistentAppendEntries(1394)) - omNode-1@group-523986131536: inconsistency entries. Reply:omNode-2<-omNode-1#6218:FAIL-t3,INCONSISTENCY,nextIndex=23,followerCommit=22
2022-08-20 01:10:02,331 [grpc-default-executor-0] INFO  leader.FollowerInfo (FollowerInfoImpl.java:lambda$new$0(48)) - omNode-2@group-523986131536->omNode-1: nextIndex: updateUnconditionally 29 -> 23
2022-08-20 01:10:02,832 [omNode-1-server-thread1] INFO  server.RaftServer$Division (RaftServerImpl.java:checkInconsistentAppendEntries(1424)) - omNode-1@group-523986131536: Failed appendEntries as previous log entry ((t:3, i:28)) is not found
2022-08-20 01:10:02,832 [omNode-1-server-thread1] INFO  server.RaftServer$Division (RaftServerImpl.java:checkInconsistentAppendEntries(1394)) - omNode-1@group-523986131536: inconsistency entries. Reply:omNode-2<-omNode-1#6269:FAIL-t3,INCONSISTENCY,nextIndex=23,followerCommit=22
2022-08-20 01:10:02,833 [grpc-default-executor-0] INFO  leader.FollowerInfo (FollowerInfoImpl.java:lambda$new$0(48)) - omNode-2@group-523986131536->omNode-1: nextIndex: updateUnconditionally 29 -> 23
2022-08-20 01:10:03,334 [omNode-1-server-thread1] INFO  server.RaftServer$Division (RaftServerImpl.java:checkInconsistentAppendEntries(1424)) - omNode-1@group-523986131536: Failed appendEntries as previous log entry ((t:3, i:28)) is not found
2022-08-20 01:10:03,334 [omNode-1-server-thread1] INFO  server.RaftServer$Division (RaftServerImpl.java:checkInconsistentAppendEntries(1394)) - omNode-1@group-523986131536: inconsistency entries. Reply:omNode-2<-omNode-1#6320:FAIL-t3,INCONSISTENCY,nextIndex=23,followerCommit=22
2022-08-20 01:10:03,335 [grpc-default-executor-0] INFO  leader.FollowerInfo (FollowerInfoImpl.java:lambda$new$0(48)) - omNode-2@group-523986131536->omNode-1: nextIndex: updateUnconditionally 29 -> 23
2022-08-20 01:10:03,836 [omNode-1-server-thread1] INFO  server.RaftServer$Division (RaftServerImpl.java:checkInconsistentAppendEntries(1424)) - omNode-1@group-523986131536: Failed appendEntries as previous log entry ((t:3, i:28)) is not found
2022-08-20 01:10:03,836 [omNode-1-server-thread1] INFO  server.RaftServer$Division (RaftServerImpl.java:checkInconsistentAppendEntries(1394)) - omNode-1@group-523986131536: inconsistency entries. Reply:omNode-2<-omNode-1#6371:FAIL-t3,INCONSISTENCY,nextIndex=23,followerCommit=22
2022-08-20 01:10:03,836 [grpc-default-executor-0] INFO  leader.FollowerInfo (FollowerInfoImpl.java:lambda$new$0(48)) - omNode-2@group-523986131536->omNode-1: nextIndex: updateUnconditionally 29 -> 23
2022-08-20 01:10:04,338 [omNode-1-server-thread1] INFO  server.RaftServer$Division (RaftServerImpl.java:checkInconsistentAppendEntries(1424)) - omNode-1@group-523986131536: Failed appendEntries as previous log entry ((t:3, i:28)) is not found
2022-08-20 01:10:04,338 [omNode-1-server-thread1] INFO  server.RaftServer$Division (RaftServerImpl.java:checkInconsistentAppendEntries(1394)) - omNode-1@group-523986131536: inconsistency entries. Reply:omNode-2<-omNode-1#6422:FAIL-t3,INCONSISTENCY,nextIndex=23,followerCommit=22
2022-08-20 01:10:04,338 [grpc-default-executor-0] INFO  leader.FollowerInfo (FollowerInfoImpl.java:lambda$new$0(48)) - omNode-2@group-523986131536->omNode-1: nextIndex: updateUnconditionally 29 -> 23
2022-08-20 01:10:04,840 [omNode-1-server-thread1] INFO  server.RaftServer$Division (RaftServerImpl.java:checkInconsistentAppendEntries(1424)) - omNode-1@group-523986131536: Failed appendEntries as previous log entry ((t:3, i:28)) is not found
2022-08-20 01:10:04,840 [omNode-1-server-thread1] INFO  server.RaftServer$Division (RaftServerImpl.java:checkInconsistentAppendEntries(1394)) - omNode-1@group-523986131536: inconsistency entries. Reply:omNode-2<-omNode-1#6473:FAIL-t3,INCONSISTENCY,nextIndex=23,followerCommit=22
2022-08-20 01:10:04,841 [grpc-default-executor-0] INFO  leader.FollowerInfo (FollowerInfoImpl.java:lambda$new$0(48)) - omNode-2@group-523986131536->omNode-1: nextIndex: updateUnconditionally 29 -> 23
2022-08-20 01:10:05,342 [omNode-1-server-thread1] INFO  server.RaftServer$Division (RaftServerImpl.java:checkInconsistentAppendEntries(1424)) - omNode-1@group-523986131536: Failed appendEntries as previous log entry ((t:3, i:28)) is not found
2022-08-20 01:10:05,342 [omNode-1-server-thread1] INFO  server.RaftServer$Division (RaftServerImpl.java:checkInconsistentAppendEntries(1394)) - omNode-1@group-523986131536: inconsistency entries. Reply:omNode-2<-omNode-1#6524:FAIL-t3,INCONSISTENCY,nextIndex=23,followerCommit=22
2022-08-20 01:10:05,343 [grpc-default-executor-0] INFO  leader.FollowerInfo (FollowerInfoImpl.java:lambda$new$0(48)) - omNode-2@group-523986131536->omNode-1: nextIndex: updateUnconditionally 29 -> 23
2022-08-20 01:10:05,844 [omNode-1-server-thread1] INFO  server.RaftServer$Division (RaftServerImpl.java:checkInconsistentAppendEntries(1424)) - omNode-1@group-523986131536: Failed appendEntries as previous log entry ((t:3, i:28)) is not found
2022-08-20 01:10:05,844 [omNode-1-server-thread1] INFO  server.RaftServer$Division (RaftServerImpl.java:checkInconsistentAppendEntries(1394)) - omNode-1@group-523986131536: inconsistency entries. Reply:omNode-2<-omNode-1#6575:FAIL-t3,INCONSISTENCY,nextIndex=23,followerCommit=22
2022-08-20 01:10:05,844 [grpc-default-executor-0] INFO  leader.FollowerInfo (FollowerInfoImpl.java:lambda$new$0(48)) - omNode-2@group-523986131536->omNode-1: nextIndex: updateUnconditionally 29 -> 23
2022-08-20 01:10:06,345 [omNode-1-server-thread1] INFO  server.RaftServer$Division (RaftServerImpl.java:checkInconsistentAppendEntries(1424)) - omNode-1@group-523986131536: Failed appendEntries as previous log entry ((t:3, i:28)) is not found
2022-08-20 01:10:06,345 [omNode-1-server-thread1] INFO  server.RaftServer$Division (RaftServerImpl.java:checkInconsistentAppendEntries(1394)) - omNode-1@group-523986131536: inconsistency entries. Reply:omNode-2<-omNode-1#6626:FAIL-t3,INCONSISTENCY,nextIndex=23,followerCommit=22
2022-08-20 01:10:06,346 [grpc-default-executor-0] INFO  leader.FollowerInfo (FollowerInfoImpl.java:lambda$new$0(48)) - omNode-2@group-523986131536->omNode-1: nextIndex: updateUnconditionally 29 -> 23
2022-08-20 01:10:06,846 [omNode-1-server-thread1] INFO  server.RaftServer$Division (RaftServerImpl.java:checkInconsistentAppendEntries(1424)) - omNode-1@group-523986131536: Failed appendEntries as previous log entry ((t:3, i:28)) is not found
2022-08-20 01:10:06,846 [omNode-1-server-thread1] INFO  server.RaftServer$Division (RaftServerImpl.java:checkInconsistentAppendEntries(1394)) - omNode-1@group-523986131536: inconsistency entries. Reply:omNode-2<-omNode-1#6677:FAIL-t3,INCONSISTENCY,nextIndex=23,followerCommit=22
2022-08-20 01:10:06,847 [grpc-default-executor-0] INFO  leader.FollowerInfo (FollowerInfoImpl.java:lambda$new$0(48)) - omNode-2@group-523986131536->omNode-1: nextIndex: updateUnconditionally 29 -> 23
2022-08-20 01:10:07,348 [omNode-1-server-thread1] INFO  server.RaftServer$Division (RaftServerImpl.java:checkInconsistentAppendEntries(1424)) - omNode-1@group-523986131536: Failed appendEntries as previous log entry ((t:3, i:28)) is not found
2022-08-20 01:10:07,348 [omNode-1-server-thread1] INFO  server.RaftServer$Division (RaftServerImpl.java:checkInconsistentAppendEntries(1394)) - omNode-1@group-523986131536: inconsistency entries. Reply:omNode-2<-omNode-1#6727:FAIL-t3,INCONSISTENCY,nextIndex=23,followerCommit=22
2022-08-20 01:10:07,348 [grpc-default-executor-0] INFO  leader.FollowerInfo (FollowerInfoImpl.java:lambda$new$0(48)) - omNode-2@group-523986131536->omNode-1: nextIndex: updateUnconditionally 29 -> 23
2022-08-20 01:10:07,849 [omNode-1-server-thread1] INFO  server.RaftServer$Division (RaftServerImpl.java:checkInconsistentAppendEntries(1424)) - omNode-1@group-523986131536: Failed appendEntries as previous log entry ((t:3, i:28)) is not found
2022-08-20 01:10:07,849 [omNode-1-server-thread1] INFO  server.RaftServer$Division (RaftServerImpl.java:checkInconsistentAppendEntries(1394)) - omNode-1@group-523986131536: inconsistency entries. Reply:omNode-2<-omNode-1#6778:FAIL-t3,INCONSISTENCY,nextIndex=23,followerCommit=22
2022-08-20 01:10:07,850 [grpc-default-executor-0] INFO  leader.FollowerInfo (FollowerInfoImpl.java:lambda$new$0(48)) - omNode-2@group-523986131536->omNode-1: nextIndex: updateUnconditionally 29 -> 23
2022-08-20 01:10:08,351 [omNode-1-server-thread1] INFO  server.RaftServer$Division (RaftServerImpl.java:checkInconsistentAppendEntries(1424)) - omNode-1@group-523986131536: Failed appendEntries as previous log entry ((t:3, i:28)) is not found
2022-08-20 01:10:08,351 [omNode-1-server-thread1] INFO  server.RaftServer$Division (RaftServerImpl.java:checkInconsistentAppendEntries(1394)) - omNode-1@group-523986131536: inconsistency entries. Reply:omNode-2<-omNode-1#6829:FAIL-t3,INCONSISTENCY,nextIndex=23,followerCommit=22
2022-08-20 01:10:08,351 [grpc-default-executor-0] INFO  leader.FollowerInfo (FollowerInfoImpl.java:lambda$new$0(48)) - omNode-2@group-523986131536->omNode-1: nextIndex: updateUnconditionally 29 -> 23
2022-08-20 01:10:08,853 [omNode-1-server-thread1] INFO  server.RaftServer$Division (RaftServerImpl.java:checkInconsistentAppendEntries(1424)) - omNode-1@group-523986131536: Failed appendEntries as previous log entry ((t:3, i:28)) is not found
2022-08-20 01:10:08,853 [omNode-1-server-thread1] INFO  server.RaftServer$Division (RaftServerImpl.java:checkInconsistentAppendEntries(1394)) - omNode-1@group-523986131536: inconsistency entries. Reply:omNode-2<-omNode-1#6880:FAIL-t3,INCONSISTENCY,nextIndex=23,followerCommit=22
2022-08-20 01:10:08,854 [grpc-default-executor-0] INFO  leader.FollowerInfo (FollowerInfoImpl.java:lambda$new$0(48)) - omNode-2@group-523986131536->omNode-1: nextIndex: updateUnconditionally 29 -> 23
2022-08-20 01:10:09,355 [omNode-1-server-thread1] INFO  server.RaftServer$Division (RaftServerImpl.java:checkInconsistentAppendEntries(1424)) - omNode-1@group-523986131536: Failed appendEntries as previous log entry ((t:3, i:28)) is not found
2022-08-20 01:10:09,356 [omNode-1-server-thread1] INFO  server.RaftServer$Division (RaftServerImpl.java:checkInconsistentAppendEntries(1394)) - omNode-1@group-523986131536: inconsistency entries. Reply:omNode-2<-omNode-1#6931:FAIL-t3,INCONSISTENCY,nextIndex=23,followerCommit=22
2022-08-20 01:10:09,356 [grpc-default-executor-0] INFO  leader.FollowerInfo (FollowerInfoImpl.java:lambda$new$0(48)) - omNode-2@group-523986131536->omNode-1: nextIndex: updateUnconditionally 29 -> 23
2022-08-20 01:10:09,857 [omNode-1-server-thread1] INFO  server.RaftServer$Division (RaftServerImpl.java:checkInconsistentAppendEntries(1424)) - omNode-1@group-523986131536: Failed appendEntries as previous log entry ((t:3, i:28)) is not found
2022-08-20 01:10:09,857 [omNode-1-server-thread1] INFO  server.RaftServer$Division (RaftServerImpl.java:checkInconsistentAppendEntries(1394)) - omNode-1@group-523986131536: inconsistency entries. Reply:omNode-2<-omNode-1#6982:FAIL-t3,INCONSISTENCY,nextIndex=23,followerCommit=22
2022-08-20 01:10:09,857 [grpc-default-executor-0] INFO  leader.FollowerInfo (FollowerInfoImpl.java:lambda$new$0(48)) - omNode-2@group-523986131536->omNode-1: nextIndex: updateUnconditionally 29 -> 23
2022-08-20 01:10:10,359 [omNode-1-server-thread1] INFO  server.RaftServer$Division (RaftServerImpl.java:checkInconsistentAppendEntries(1424)) - omNode-1@group-523986131536: Failed appendEntries as previous log entry ((t:3, i:28)) is not found
2022-08-20 01:10:10,359 [omNode-1-server-thread1] INFO  server.RaftServer$Division (RaftServerImpl.java:checkInconsistentAppendEntries(1394)) - omNode-1@group-523986131536: inconsistency entries. Reply:omNode-2<-omNode-1#7033:FAIL-t3,INCONSISTENCY,nextIndex=23,followerCommit=22
2022-08-20 01:10:10,359 [grpc-default-executor-0] INFO  leader.FollowerInfo (FollowerInfoImpl.java:lambda$new$0(48)) - omNode-2@group-523986131536->omNode-1: nextIndex: updateUnconditionally 29 -> 23
2022-08-20 01:10:10,860 [omNode-1-server-thread1] INFO  server.RaftServer$Division (RaftServerImpl.java:checkInconsistentAppendEntries(1424)) - omNode-1@group-523986131536: Failed appendEntries as previous log entry ((t:3, i:28)) is not found
2022-08-20 01:10:10,860 [omNode-1-server-thread1] INFO  server.RaftServer$Division (RaftServerImpl.java:checkInconsistentAppendEntries(1394)) - omNode-1@group-523986131536: inconsistency entries. Reply:omNode-2<-omNode-1#7084:FAIL-t3,INCONSISTENCY,nextIndex=23,followerCommit=22
2022-08-20 01:10:10,861 [grpc-default-executor-0] INFO  leader.FollowerInfo (FollowerInfoImpl.java:lambda$new$0(48)) - omNode-2@group-523986131536->omNode-1: nextIndex: updateUnconditionally 29 -> 23
2022-08-20 01:10:11,362 [omNode-1-server-thread1] INFO  server.RaftServer$Division (RaftServerImpl.java:checkInconsistentAppendEntries(1424)) - omNode-1@group-523986131536: Failed appendEntries as previous log entry ((t:3, i:28)) is not found
2022-08-20 01:10:11,363 [omNode-1-server-thread1] INFO  server.RaftServer$Division (RaftServerImpl.java:checkInconsistentAppendEntries(1394)) - omNode-1@group-523986131536: inconsistency entries. Reply:omNode-2<-omNode-1#7135:FAIL-t3,INCONSISTENCY,nextIndex=23,followerCommit=22
2022-08-20 01:10:11,363 [grpc-default-executor-0] INFO  leader.FollowerInfo (FollowerInfoImpl.java:lambda$new$0(48)) - omNode-2@group-523986131536->omNode-1: nextIndex: updateUnconditionally 29 -> 23
2022-08-20 01:10:11,864 [omNode-1-server-thread1] INFO  server.RaftServer$Division (RaftServerImpl.java:checkInconsistentAppendEntries(1424)) - omNode-1@group-523986131536: Failed appendEntries as previous log entry ((t:3, i:28)) is not found
2022-08-20 01:10:11,865 [omNode-1-server-thread1] INFO  server.RaftServer$Division (RaftServerImpl.java:checkInconsistentAppendEntries(1394)) - omNode-1@group-523986131536: inconsistency entries. Reply:omNode-2<-omNode-1#7186:FAIL-t3,INCONSISTENCY,nextIndex=23,followerCommit=22
2022-08-20 01:10:11,865 [grpc-default-executor-0] INFO  leader.FollowerInfo (FollowerInfoImpl.java:lambda$new$0(48)) - omNode-2@group-523986131536->omNode-1: nextIndex: updateUnconditionally 29 -> 23
2022-08-20 01:10:12,366 [omNode-1-server-thread1] INFO  server.RaftServer$Division (RaftServerImpl.java:checkInconsistentAppendEntries(1424)) - omNode-1@group-523986131536: Failed appendEntries as previous log entry ((t:3, i:28)) is not found
2022-08-20 01:10:12,366 [omNode-1-server-thread1] INFO  server.RaftServer$Division (RaftServerImpl.java:checkInconsistentAppendEntries(1394)) - omNode-1@group-523986131536: inconsistency entries. Reply:omNode-2<-omNode-1#7237:FAIL-t3,INCONSISTENCY,nextIndex=23,followerCommit=22
2022-08-20 01:10:12,366 [grpc-default-executor-0] INFO  leader.FollowerInfo (FollowerInfoImpl.java:lambda$new$0(48)) - omNode-2@group-523986131536->omNode-1: nextIndex: updateUnconditionally 29 -> 23
2022-08-20 01:10:12,868 [omNode-1-server-thread1] INFO  server.RaftServer$Division (RaftServerImpl.java:checkInconsistentAppendEntries(1424)) - omNode-1@group-523986131536: Failed appendEntries as previous log entry ((t:3, i:28)) is not found
2022-08-20 01:10:12,868 [omNode-1-server-thread1] INFO  server.RaftServer$Division (RaftServerImpl.java:checkInconsistentAppendEntries(1394)) - omNode-1@group-523986131536: inconsistency entries. Reply:omNode-2<-omNode-1#7288:FAIL-t3,INCONSISTENCY,nextIndex=23,followerCommit=22
2022-08-20 01:10:12,868 [grpc-default-executor-0] INFO  leader.FollowerInfo (FollowerInfoImpl.java:lambda$new$0(48)) - omNode-2@group-523986131536->omNode-1: nextIndex: updateUnconditionally 29 -> 23
2022-08-20 01:10:13,370 [omNode-1-server-thread1] INFO  server.RaftServer$Division (RaftServerImpl.java:checkInconsistentAppendEntries(1424)) - omNode-1@group-523986131536: Failed appendEntries as previous log entry ((t:3, i:28)) is not found
2022-08-20 01:10:13,370 [omNode-1-server-thread1] INFO  server.RaftServer$Division (RaftServerImpl.java:checkInconsistentAppendEntries(1394)) - omNode-1@group-523986131536: inconsistency entries. Reply:omNode-2<-omNode-1#7339:FAIL-t3,INCONSISTENCY,nextIndex=23,followerCommit=22
2022-08-20 01:10:13,370 [grpc-default-executor-0] INFO  leader.FollowerInfo (FollowerInfoImpl.java:lambda$new$0(48)) - omNode-2@group-523986131536->omNode-1: nextIndex: updateUnconditionally 29 -> 23
2022-08-20 01:10:13,872 [omNode-1-server-thread1] INFO  server.RaftServer$Division (RaftServerImpl.java:checkInconsistentAppendEntries(1424)) - omNode-1@group-523986131536: Failed appendEntries as previous log entry ((t:3, i:28)) is not found
2022-08-20 01:10:13,872 [omNode-1-server-thread1] INFO  server.RaftServer$Division (RaftServerImpl.java:checkInconsistentAppendEntries(1394)) - omNode-1@group-523986131536: inconsistency entries. Reply:omNode-2<-omNode-1#7390:FAIL-t3,INCONSISTENCY,nextIndex=23,followerCommit=22
2022-08-20 01:10:13,872 [grpc-default-executor-0] INFO  leader.FollowerInfo (FollowerInfoImpl.java:lambda$new$0(48)) - omNode-2@group-523986131536->omNode-1: nextIndex: updateUnconditionally 29 -> 23
2022-08-20 01:10:14,373 [omNode-1-server-thread1] INFO  server.RaftServer$Division (RaftServerImpl.java:checkInconsistentAppendEntries(1424)) - omNode-1@group-523986131536: Failed appendEntries as previous log entry ((t:3, i:28)) is not found
2022-08-20 01:10:14,373 [omNode-1-server-thread1] INFO  server.RaftServer$Division (RaftServerImpl.java:checkInconsistentAppendEntries(1394)) - omNode-1@group-523986131536: inconsistency entries. Reply:omNode-2<-omNode-1#7441:FAIL-t3,INCONSISTENCY,nextIndex=23,followerCommit=22
2022-08-20 01:10:14,375 [grpc-default-executor-0] INFO  leader.FollowerInfo (FollowerInfoImpl.java:lambda$new$0(48)) - omNode-2@group-523986131536->omNode-1: nextIndex: updateUnconditionally 29 -> 23
2022-08-20 01:10:14,877 [omNode-1-server-thread1] INFO  server.RaftServer$Division (RaftServerImpl.java:checkInconsistentAppendEntries(1424)) - omNode-1@group-523986131536: Failed appendEntries as previous log entry ((t:3, i:28)) is not found
2022-08-20 01:10:14,877 [omNode-1-server-thread1] INFO  server.RaftServer$Division (RaftServerImpl.java:checkInconsistentAppendEntries(1394)) - omNode-1@group-523986131536: inconsistency entries. Reply:omNode-2<-omNode-1#7492:FAIL-t3,INCONSISTENCY,nextIndex=23,followerCommit=22
2022-08-20 01:10:14,877 [grpc-default-executor-0] INFO  leader.FollowerInfo (FollowerInfoImpl.java:lambda$new$0(48)) - omNode-2@group-523986131536->omNode-1: nextIndex: updateUnconditionally 29 -> 23
2022-08-20 01:10:15,379 [omNode-1-server-thread1] INFO  server.RaftServer$Division (RaftServerImpl.java:checkInconsistentAppendEntries(1424)) - omNode-1@group-523986131536: Failed appendEntries as previous log entry ((t:3, i:28)) is not found
2022-08-20 01:10:15,379 [omNode-1-server-thread1] INFO  server.RaftServer$Division (RaftServerImpl.java:checkInconsistentAppendEntries(1394)) - omNode-1@group-523986131536: inconsistency entries. Reply:omNode-2<-omNode-1#7543:FAIL-t3,INCONSISTENCY,nextIndex=23,followerCommit=22
2022-08-20 01:10:15,379 [grpc-default-executor-0] INFO  leader.FollowerInfo (FollowerInfoImpl.java:lambda$new$0(48)) - omNode-2@group-523986131536->omNode-1: nextIndex: updateUnconditionally 29 -> 23
2022-08-20 01:10:15,881 [omNode-1-server-thread1] INFO  server.RaftServer$Division (RaftServerImpl.java:checkInconsistentAppendEntries(1424)) - omNode-1@group-523986131536: Failed appendEntries as previous log entry ((t:3, i:28)) is not found
2022-08-20 01:10:15,881 [omNode-1-server-thread1] INFO  server.RaftServer$Division (RaftServerImpl.java:checkInconsistentAppendEntries(1394)) - omNode-1@group-523986131536: inconsistency entries. Reply:omNode-2<-omNode-1#7594:FAIL-t3,INCONSISTENCY,nextIndex=23,followerCommit=22
2022-08-20 01:10:15,882 [grpc-default-executor-0] INFO  leader.FollowerInfo (FollowerInfoImpl.java:lambda$new$0(48)) - omNode-2@group-523986131536->omNode-1: nextIndex: updateUnconditionally 29 -> 23
2022-08-20 01:10:16,383 [omNode-1-server-thread1] INFO  server.RaftServer$Division (RaftServerImpl.java:checkInconsistentAppendEntries(1424)) - omNode-1@group-523986131536: Failed appendEntries as previous log entry ((t:3, i:28)) is not found
2022-08-20 01:10:16,383 [omNode-1-server-thread1] INFO  server.RaftServer$Division (RaftServerImpl.java:checkInconsistentAppendEntries(1394)) - omNode-1@group-523986131536: inconsistency entries. Reply:omNode-2<-omNode-1#7645:FAIL-t3,INCONSISTENCY,nextIndex=23,followerCommit=22
2022-08-20 01:10:16,384 [grpc-default-executor-0] INFO  leader.FollowerInfo (FollowerInfoImpl.java:lambda$new$0(48)) - omNode-2@group-523986131536->omNode-1: nextIndex: updateUnconditionally 29 -> 23
2022-08-20 01:10:16,885 [omNode-1-server-thread1] INFO  server.RaftServer$Division (RaftServerImpl.java:checkInconsistentAppendEntries(1424)) - omNode-1@group-523986131536: Failed appendEntries as previous log entry ((t:3, i:28)) is not found
2022-08-20 01:10:16,885 [omNode-1-server-thread1] INFO  server.RaftServer$Division (RaftServerImpl.java:checkInconsistentAppendEntries(1394)) - omNode-1@group-523986131536: inconsistency entries. Reply:omNode-2<-omNode-1#7696:FAIL-t3,INCONSISTENCY,nextIndex=23,followerCommit=22
2022-08-20 01:10:16,886 [grpc-default-executor-0] INFO  leader.FollowerInfo (FollowerInfoImpl.java:lambda$new$0(48)) - omNode-2@group-523986131536->omNode-1: nextIndex: updateUnconditionally 29 -> 23
2022-08-20 01:10:17,387 [omNode-1-server-thread1] INFO  server.RaftServer$Division (RaftServerImpl.java:checkInconsistentAppendEntries(1424)) - omNode-1@group-523986131536: Failed appendEntries as previous log entry ((t:3, i:28)) is not found
2022-08-20 01:10:17,387 [omNode-1-server-thread1] INFO  server.RaftServer$Division (RaftServerImpl.java:checkInconsistentAppendEntries(1394)) - omNode-1@group-523986131536: inconsistency entries. Reply:omNode-2<-omNode-1#7747:FAIL-t3,INCONSISTENCY,nextIndex=23,followerCommit=22
2022-08-20 01:10:17,388 [grpc-default-executor-0] INFO  leader.FollowerInfo (FollowerInfoImpl.java:lambda$new$0(48)) - omNode-2@group-523986131536->omNode-1: nextIndex: updateUnconditionally 29 -> 23
2022-08-20 01:10:17,889 [omNode-1-server-thread1] INFO  server.RaftServer$Division (RaftServerImpl.java:checkInconsistentAppendEntries(1424)) - omNode-1@group-523986131536: Failed appendEntries as previous log entry ((t:3, i:28)) is not found
2022-08-20 01:10:17,889 [omNode-1-server-thread1] INFO  server.RaftServer$Division (RaftServerImpl.java:checkInconsistentAppendEntries(1394)) - omNode-1@group-523986131536: inconsistency entries. Reply:omNode-2<-omNode-1#7798:FAIL-t3,INCONSISTENCY,nextIndex=23,followerCommit=22
2022-08-20 01:10:17,889 [grpc-default-executor-0] INFO  leader.FollowerInfo (FollowerInfoImpl.java:lambda$new$0(48)) - omNode-2@group-523986131536->omNode-1: nextIndex: updateUnconditionally 29 -> 23
2022-08-20 01:10:18,391 [omNode-1-server-thread1] INFO  server.RaftServer$Division (RaftServerImpl.java:checkInconsistentAppendEntries(1424)) - omNode-1@group-523986131536: Failed appendEntries as previous log entry ((t:3, i:28)) is not found
2022-08-20 01:10:18,391 [omNode-1-server-thread1] INFO  server.RaftServer$Division (RaftServerImpl.java:checkInconsistentAppendEntries(1394)) - omNode-1@group-523986131536: inconsistency entries. Reply:omNode-2<-omNode-1#7849:FAIL-t3,INCONSISTENCY,nextIndex=23,followerCommit=22
2022-08-20 01:10:18,391 [grpc-default-executor-0] INFO  leader.FollowerInfo (FollowerInfoImpl.java:lambda$new$0(48)) - omNode-2@group-523986131536->omNode-1: nextIndex: updateUnconditionally 29 -> 23
2022-08-20 01:10:18,893 [omNode-1-server-thread1] INFO  server.RaftServer$Division (RaftServerImpl.java:checkInconsistentAppendEntries(1424)) - omNode-1@group-523986131536: Failed appendEntries as previous log entry ((t:3, i:28)) is not found
2022-08-20 01:10:18,893 [omNode-1-server-thread1] INFO  server.RaftServer$Division (RaftServerImpl.java:checkInconsistentAppendEntries(1394)) - omNode-1@group-523986131536: inconsistency entries. Reply:omNode-2<-omNode-1#7900:FAIL-t3,INCONSISTENCY,nextIndex=23,followerCommit=22
2022-08-20 01:10:18,893 [grpc-default-executor-0] INFO  leader.FollowerInfo (FollowerInfoImpl.java:lambda$new$0(48)) - omNode-2@group-523986131536->omNode-1: nextIndex: updateUnconditionally 29 -> 23
2022-08-20 01:10:19,394 [omNode-1-server-thread1] INFO  server.RaftServer$Division (RaftServerImpl.java:checkInconsistentAppendEntries(1424)) - omNode-1@group-523986131536: Failed appendEntries as previous log entry ((t:3, i:28)) is not found
2022-08-20 01:10:19,395 [omNode-1-server-thread1] INFO  server.RaftServer$Division (RaftServerImpl.java:checkInconsistentAppendEntries(1394)) - omNode-1@group-523986131536: inconsistency entries. Reply:omNode-2<-omNode-1#7951:FAIL-t3,INCONSISTENCY,nextIndex=23,followerCommit=22
2022-08-20 01:10:19,396 [grpc-default-executor-0] INFO  leader.FollowerInfo (FollowerInfoImpl.java:lambda$new$0(48)) - omNode-2@group-523986131536->omNode-1: nextIndex: updateUnconditionally 29 -> 23
2022-08-20 01:10:19,896 [omNode-1-server-thread1] INFO  server.RaftServer$Division (RaftServerImpl.java:checkInconsistentAppendEntries(1424)) - omNode-1@group-523986131536: Failed appendEntries as previous log entry ((t:3, i:28)) is not found
2022-08-20 01:10:19,897 [omNode-1-server-thread1] INFO  server.RaftServer$Division (RaftServerImpl.java:checkInconsistentAppendEntries(1394)) - omNode-1@group-523986131536: inconsistency entries. Reply:omNode-2<-omNode-1#8002:FAIL-t3,INCONSISTENCY,nextIndex=23,followerCommit=22
2022-08-20 01:10:19,897 [grpc-default-executor-0] INFO  leader.FollowerInfo (FollowerInfoImpl.java:lambda$new$0(48)) - omNode-2@group-523986131536->omNode-1: nextIndex: updateUnconditionally 29 -> 23
2022-08-20 01:10:20,398 [omNode-1-server-thread1] INFO  server.RaftServer$Division (RaftServerImpl.java:checkInconsistentAppendEntries(1424)) - omNode-1@group-523986131536: Failed appendEntries as previous log entry ((t:3, i:28)) is not found
2022-08-20 01:10:20,398 [omNode-1-server-thread1] INFO  server.RaftServer$Division (RaftServerImpl.java:checkInconsistentAppendEntries(1394)) - omNode-1@group-523986131536: inconsistency entries. Reply:omNode-2<-omNode-1#8052:FAIL-t3,INCONSISTENCY,nextIndex=23,followerCommit=22
2022-08-20 01:10:20,398 [grpc-default-executor-0] INFO  leader.FollowerInfo (FollowerInfoImpl.java:lambda$new$0(48)) - omNode-2@group-523986131536->omNode-1: nextIndex: updateUnconditionally 29 -> 23
2022-08-20 01:10:20,900 [omNode-1-server-thread1] INFO  server.RaftServer$Division (RaftServerImpl.java:checkInconsistentAppendEntries(1424)) - omNode-1@group-523986131536: Failed appendEntries as previous log entry ((t:3, i:28)) is not found
2022-08-20 01:10:20,900 [omNode-1-server-thread1] INFO  server.RaftServer$Division (RaftServerImpl.java:checkInconsistentAppendEntries(1394)) - omNode-1@group-523986131536: inconsistency entries. Reply:omNode-2<-omNode-1#8103:FAIL-t3,INCONSISTENCY,nextIndex=23,followerCommit=22
2022-08-20 01:10:20,900 [grpc-default-executor-0] INFO  leader.FollowerInfo (FollowerInfoImpl.java:lambda$new$0(48)) - omNode-2@group-523986131536->omNode-1: nextIndex: updateUnconditionally 29 -> 23
2022-08-20 01:10:21,402 [omNode-1-server-thread1] INFO  server.RaftServer$Division (RaftServerImpl.java:checkInconsistentAppendEntries(1424)) - omNode-1@group-523986131536: Failed appendEntries as previous log entry ((t:3, i:28)) is not found
2022-08-20 01:10:21,402 [omNode-1-server-thread1] INFO  server.RaftServer$Division (RaftServerImpl.java:checkInconsistentAppendEntries(1394)) - omNode-1@group-523986131536: inconsistency entries. Reply:omNode-2<-omNode-1#8154:FAIL-t3,INCONSISTENCY,nextIndex=23,followerCommit=22
2022-08-20 01:10:21,402 [grpc-default-executor-0] INFO  leader.FollowerInfo (FollowerInfoImpl.java:lambda$new$0(48)) - omNode-2@group-523986131536->omNode-1: nextIndex: updateUnconditionally 29 -> 23
2022-08-20 01:10:21,903 [omNode-1-server-thread1] INFO  server.RaftServer$Division (RaftServerImpl.java:checkInconsistentAppendEntries(1424)) - omNode-1@group-523986131536: Failed appendEntries as previous log entry ((t:3, i:28)) is not found
2022-08-20 01:10:21,904 [omNode-1-server-thread1] INFO  server.RaftServer$Division (RaftServerImpl.java:checkInconsistentAppendEntries(1394)) - omNode-1@group-523986131536: inconsistency entries. Reply:omNode-2<-omNode-1#8205:FAIL-t3,INCONSISTENCY,nextIndex=23,followerCommit=22
2022-08-20 01:10:21,904 [grpc-default-executor-0] INFO  leader.FollowerInfo (FollowerInfoImpl.java:lambda$new$0(48)) - omNode-2@group-523986131536->omNode-1: nextIndex: updateUnconditionally 29 -> 23
2022-08-20 01:10:22,405 [omNode-1-server-thread1] INFO  server.RaftServer$Division (RaftServerImpl.java:checkInconsistentAppendEntries(1424)) - omNode-1@group-523986131536: Failed appendEntries as previous log entry ((t:3, i:28)) is not found
2022-08-20 01:10:22,406 [omNode-1-server-thread1] INFO  server.RaftServer$Division (RaftServerImpl.java:checkInconsistentAppendEntries(1394)) - omNode-1@group-523986131536: inconsistency entries. Reply:omNode-2<-omNode-1#8256:FAIL-t3,INCONSISTENCY,nextIndex=23,followerCommit=22
2022-08-20 01:10:22,406 [grpc-default-executor-0] INFO  leader.FollowerInfo (FollowerInfoImpl.java:lambda$new$0(48)) - omNode-2@group-523986131536->omNode-1: nextIndex: updateUnconditionally 29 -> 23
2022-08-20 01:10:22,907 [omNode-1-server-thread1] INFO  server.RaftServer$Division (RaftServerImpl.java:checkInconsistentAppendEntries(1424)) - omNode-1@group-523986131536: Failed appendEntries as previous log entry ((t:3, i:28)) is not found
2022-08-20 01:10:22,907 [omNode-1-server-thread1] INFO  server.RaftServer$Division (RaftServerImpl.java:checkInconsistentAppendEntries(1394)) - omNode-1@group-523986131536: inconsistency entries. Reply:omNode-2<-omNode-1#8307:FAIL-t3,INCONSISTENCY,nextIndex=23,followerCommit=22
2022-08-20 01:10:22,908 [grpc-default-executor-0] INFO  leader.FollowerInfo (FollowerInfoImpl.java:lambda$new$0(48)) - omNode-2@group-523986131536->omNode-1: nextIndex: updateUnconditionally 29 -> 23
2022-08-20 01:10:23,409 [omNode-1-server-thread1] INFO  server.RaftServer$Division (RaftServerImpl.java:checkInconsistentAppendEntries(1424)) - omNode-1@group-523986131536: Failed appendEntries as previous log entry ((t:3, i:28)) is not found
2022-08-20 01:10:23,409 [omNode-1-server-thread1] INFO  server.RaftServer$Division (RaftServerImpl.java:checkInconsistentAppendEntries(1394)) - omNode-1@group-523986131536: inconsistency entries. Reply:omNode-2<-omNode-1#8358:FAIL-t3,INCONSISTENCY,nextIndex=23,followerCommit=22
2022-08-20 01:10:23,410 [grpc-default-executor-0] INFO  leader.FollowerInfo (FollowerInfoImpl.java:lambda$new$0(48)) - omNode-2@group-523986131536->omNode-1: nextIndex: updateUnconditionally 29 -> 23
2022-08-20 01:10:23,910 [omNode-1-server-thread1] INFO  server.RaftServer$Division (RaftServerImpl.java:checkInconsistentAppendEntries(1424)) - omNode-1@group-523986131536: Failed appendEntries as previous log entry ((t:3, i:28)) is not found
2022-08-20 01:10:23,910 [omNode-1-server-thread1] INFO  server.RaftServer$Division (RaftServerImpl.java:checkInconsistentAppendEntries(1394)) - omNode-1@group-523986131536: inconsistency entries. Reply:omNode-2<-omNode-1#8409:FAIL-t3,INCONSISTENCY,nextIndex=23,followerCommit=22
2022-08-20 01:10:23,910 [grpc-default-executor-0] INFO  leader.FollowerInfo (FollowerInfoImpl.java:lambda$new$0(48)) - omNode-2@group-523986131536->omNode-1: nextIndex: updateUnconditionally 29 -> 23
2022-08-20 01:10:24,412 [omNode-1-server-thread1] INFO  server.RaftServer$Division (RaftServerImpl.java:checkInconsistentAppendEntries(1424)) - omNode-1@group-523986131536: Failed appendEntries as previous log entry ((t:3, i:28)) is not found
2022-08-20 01:10:24,412 [omNode-1-server-thread1] INFO  server.RaftServer$Division (RaftServerImpl.java:checkInconsistentAppendEntries(1394)) - omNode-1@group-523986131536: inconsistency entries. Reply:omNode-2<-omNode-1#8460:FAIL-t3,INCONSISTENCY,nextIndex=23,followerCommit=22
2022-08-20 01:10:24,413 [grpc-default-executor-0] INFO  leader.FollowerInfo (FollowerInfoImpl.java:lambda$new$0(48)) - omNode-2@group-523986131536->omNode-1: nextIndex: updateUnconditionally 29 -> 23
2022-08-20 01:10:24,914 [omNode-1-server-thread1] INFO  server.RaftServer$Division (RaftServerImpl.java:checkInconsistentAppendEntries(1424)) - omNode-1@group-523986131536: Failed appendEntries as previous log entry ((t:3, i:28)) is not found
2022-08-20 01:10:24,914 [omNode-1-server-thread1] INFO  server.RaftServer$Division (RaftServerImpl.java:checkInconsistentAppendEntries(1394)) - omNode-1@group-523986131536: inconsistency entries. Reply:omNode-2<-omNode-1#8511:FAIL-t3,INCONSISTENCY,nextIndex=23,followerCommit=22
2022-08-20 01:10:24,914 [grpc-default-executor-0] INFO  leader.FollowerInfo (FollowerInfoImpl.java:lambda$new$0(48)) - omNode-2@group-523986131536->omNode-1: nextIndex: updateUnconditionally 29 -> 23
2022-08-20 01:10:25,416 [omNode-1-server-thread1] INFO  server.RaftServer$Division (RaftServerImpl.java:checkInconsistentAppendEntries(1424)) - omNode-1@group-523986131536: Failed appendEntries as previous log entry ((t:3, i:28)) is not found
2022-08-20 01:10:25,416 [omNode-1-server-thread1] INFO  server.RaftServer$Division (RaftServerImpl.java:checkInconsistentAppendEntries(1394)) - omNode-1@group-523986131536: inconsistency entries. Reply:omNode-2<-omNode-1#8562:FAIL-t3,INCONSISTENCY,nextIndex=23,followerCommit=22
2022-08-20 01:10:25,416 [grpc-default-executor-0] INFO  leader.FollowerInfo (FollowerInfoImpl.java:lambda$new$0(48)) - omNode-2@group-523986131536->omNode-1: nextIndex: updateUnconditionally 29 -> 23
2022-08-20 01:10:25,917 [omNode-1-server-thread1] INFO  server.RaftServer$Division (RaftServerImpl.java:checkInconsistentAppendEntries(1424)) - omNode-1@group-523986131536: Failed appendEntries as previous log entry ((t:3, i:28)) is not found
2022-08-20 01:10:25,917 [omNode-1-server-thread1] INFO  server.RaftServer$Division (RaftServerImpl.java:checkInconsistentAppendEntries(1394)) - omNode-1@group-523986131536: inconsistency entries. Reply:omNode-2<-omNode-1#8613:FAIL-t3,INCONSISTENCY,nextIndex=23,followerCommit=22
2022-08-20 01:10:25,917 [grpc-default-executor-0] INFO  leader.FollowerInfo (FollowerInfoImpl.java:lambda$new$0(48)) - omNode-2@group-523986131536->omNode-1: nextIndex: updateUnconditionally 29 -> 23
2022-08-20 01:10:26,418 [omNode-1-server-thread1] INFO  server.RaftServer$Division (RaftServerImpl.java:checkInconsistentAppendEntries(1424)) - omNode-1@group-523986131536: Failed appendEntries as previous log entry ((t:3, i:28)) is not found
2022-08-20 01:10:26,418 [omNode-1-server-thread1] INFO  server.RaftServer$Division (RaftServerImpl.java:checkInconsistentAppendEntries(1394)) - omNode-1@group-523986131536: inconsistency entries. Reply:omNode-2<-omNode-1#8664:FAIL-t3,INCONSISTENCY,nextIndex=23,followerCommit=22
2022-08-20 01:10:26,419 [grpc-default-executor-0] INFO  leader.FollowerInfo (FollowerInfoImpl.java:lambda$new$0(48)) - omNode-2@group-523986131536->omNode-1: nextIndex: updateUnconditionally 29 -> 23
2022-08-20 01:10:26,920 [omNode-1-server-thread1] INFO  server.RaftServer$Division (RaftServerImpl.java:checkInconsistentAppendEntries(1424)) - omNode-1@group-523986131536: Failed appendEntries as previous log entry ((t:3, i:28)) is not found
2022-08-20 01:10:26,920 [omNode-1-server-thread1] INFO  server.RaftServer$Division (RaftServerImpl.java:checkInconsistentAppendEntries(1394)) - omNode-1@group-523986131536: inconsistency entries. Reply:omNode-2<-omNode-1#8715:FAIL-t3,INCONSISTENCY,nextIndex=23,followerCommit=22
2022-08-20 01:10:26,920 [grpc-default-executor-0] INFO  leader.FollowerInfo (FollowerInfoImpl.java:lambda$new$0(48)) - omNode-2@group-523986131536->omNode-1: nextIndex: updateUnconditionally 29 -> 23
2022-08-20 01:10:27,422 [omNode-1-server-thread1] INFO  server.RaftServer$Division (RaftServerImpl.java:checkInconsistentAppendEntries(1424)) - omNode-1@group-523986131536: Failed appendEntries as previous log entry ((t:3, i:28)) is not found
2022-08-20 01:10:27,422 [omNode-1-server-thread1] INFO  server.RaftServer$Division (RaftServerImpl.java:checkInconsistentAppendEntries(1394)) - omNode-1@group-523986131536: inconsistency entries. Reply:omNode-2<-omNode-1#8766:FAIL-t3,INCONSISTENCY,nextIndex=23,followerCommit=22
2022-08-20 01:10:27,423 [grpc-default-executor-0] INFO  leader.FollowerInfo (FollowerInfoImpl.java:lambda$new$0(48)) - omNode-2@group-523986131536->omNode-1: nextIndex: updateUnconditionally 29 -> 23
2022-08-20 01:10:27,923 [omNode-1-server-thread1] INFO  server.RaftServer$Division (RaftServerImpl.java:checkInconsistentAppendEntries(1424)) - omNode-1@group-523986131536: Failed appendEntries as previous log entry ((t:3, i:28)) is not found
2022-08-20 01:10:27,924 [omNode-1-server-thread1] INFO  server.RaftServer$Division (RaftServerImpl.java:checkInconsistentAppendEntries(1394)) - omNode-1@group-523986131536: inconsistency entries. Reply:omNode-2<-omNode-1#8817:FAIL-t3,INCONSISTENCY,nextIndex=23,followerCommit=22
2022-08-20 01:10:27,924 [grpc-default-executor-0] INFO  leader.FollowerInfo (FollowerInfoImpl.java:lambda$new$0(48)) - omNode-2@group-523986131536->omNode-1: nextIndex: updateUnconditionally 29 -> 23
2022-08-20 01:10:28,425 [omNode-1-server-thread1] INFO  server.RaftServer$Division (RaftServerImpl.java:checkInconsistentAppendEntries(1424)) - omNode-1@group-523986131536: Failed appendEntries as previous log entry ((t:3, i:28)) is not found
2022-08-20 01:10:28,425 [omNode-1-server-thread1] INFO  server.RaftServer$Division (RaftServerImpl.java:checkInconsistentAppendEntries(1394)) - omNode-1@group-523986131536: inconsistency entries. Reply:omNode-2<-omNode-1#8868:FAIL-t3,INCONSISTENCY,nextIndex=23,followerCommit=22
2022-08-20 01:10:28,425 [grpc-default-executor-0] INFO  leader.FollowerInfo (FollowerInfoImpl.java:lambda$new$0(48)) - omNode-2@group-523986131536->omNode-1: nextIndex: updateUnconditionally 29 -> 23
2022-08-20 01:10:28,927 [omNode-1-server-thread1] INFO  server.RaftServer$Division (RaftServerImpl.java:checkInconsistentAppendEntries(1424)) - omNode-1@group-523986131536: Failed appendEntries as previous log entry ((t:3, i:28)) is not found
2022-08-20 01:10:28,927 [omNode-1-server-thread1] INFO  server.RaftServer$Division (RaftServerImpl.java:checkInconsistentAppendEntries(1394)) - omNode-1@group-523986131536: inconsistency entries. Reply:omNode-2<-omNode-1#8919:FAIL-t3,INCONSISTENCY,nextIndex=23,followerCommit=22
2022-08-20 01:10:28,927 [grpc-default-executor-0] INFO  leader.FollowerInfo (FollowerInfoImpl.java:lambda$new$0(48)) - omNode-2@group-523986131536->omNode-1: nextIndex: updateUnconditionally 29 -> 23
2022-08-20 01:10:29,292 [UnderReplicatedQueueThreadThread] INFO  replication.UnderReplicatedProcessor (UnderReplicatedProcessor.java:processAll(85)) - Processed 0 under replicated containers, failed processing 0
2022-08-20 01:10:29,305 [OverReplicatedQueueThreadThread] INFO  replication.OverReplicatedProcessor (OverReplicatedProcessor.java:processAll(83)) - Processed 0 over replicated containers, failed processing 0
2022-08-20 01:10:29,428 [omNode-1-server-thread1] INFO  server.RaftServer$Division (RaftServerImpl.java:checkInconsistentAppendEntries(1424)) - omNode-1@group-523986131536: Failed appendEntries as previous log entry ((t:3, i:28)) is not found
2022-08-20 01:10:29,428 [omNode-1-server-thread1] INFO  server.RaftServer$Division (RaftServerImpl.java:checkInconsistentAppendEntries(1394)) - omNode-1@group-523986131536: inconsistency entries. Reply:omNode-2<-omNode-1#8970:FAIL-t3,INCONSISTENCY,nextIndex=23,followerCommit=22
2022-08-20 01:10:29,429 [grpc-default-executor-0] INFO  leader.FollowerInfo (FollowerInfoImpl.java:lambda$new$0(48)) - omNode-2@group-523986131536->omNode-1: nextIndex: updateUnconditionally 29 -> 23
2022-08-20 01:10:29,930 [omNode-1-server-thread1] INFO  server.RaftServer$Division (RaftServerImpl.java:checkInconsistentAppendEntries(1424)) - omNode-1@group-523986131536: Failed appendEntries as previous log entry ((t:3, i:28)) is not found
2022-08-20 01:10:29,930 [omNode-1-server-thread1] INFO  server.RaftServer$Division (RaftServerImpl.java:checkInconsistentAppendEntries(1394)) - omNode-1@group-523986131536: inconsistency entries. Reply:omNode-2<-omNode-1#9021:FAIL-t3,INCONSISTENCY,nextIndex=23,followerCommit=22
2022-08-20 01:10:29,931 [grpc-default-executor-0] INFO  leader.FollowerInfo (FollowerInfoImpl.java:lambda$new$0(48)) - omNode-2@group-523986131536->omNode-1: nextIndex: updateUnconditionally 29 -> 23
2022-08-20 01:10:30,432 [omNode-1-server-thread1] INFO  server.RaftServer$Division (RaftServerImpl.java:checkInconsistentAppendEntries(1424)) - omNode-1@group-523986131536: Failed appendEntries as previous log entry ((t:3, i:28)) is not found
2022-08-20 01:10:30,432 [omNode-1-server-thread1] INFO  server.RaftServer$Division (RaftServerImpl.java:checkInconsistentAppendEntries(1394)) - omNode-1@group-523986131536: inconsistency entries. Reply:omNode-2<-omNode-1#9072:FAIL-t3,INCONSISTENCY,nextIndex=23,followerCommit=22
2022-08-20 01:10:30,433 [grpc-default-executor-0] INFO  leader.FollowerInfo (FollowerInfoImpl.java:lambda$new$0(48)) - omNode-2@group-523986131536->omNode-1: nextIndex: updateUnconditionally 29 -> 23
2022-08-20 01:10:30,934 [omNode-1-server-thread1] INFO  server.RaftServer$Division (RaftServerImpl.java:checkInconsistentAppendEntries(1424)) - omNode-1@group-523986131536: Failed appendEntries as previous log entry ((t:3, i:28)) is not found
2022-08-20 01:10:30,934 [omNode-1-server-thread1] INFO  server.RaftServer$Division (RaftServerImpl.java:checkInconsistentAppendEntries(1394)) - omNode-1@group-523986131536: inconsistency entries. Reply:omNode-2<-omNode-1#9123:FAIL-t3,INCONSISTENCY,nextIndex=23,followerCommit=22
2022-08-20 01:10:30,935 [grpc-default-executor-0] INFO  leader.FollowerInfo (FollowerInfoImpl.java:lambda$new$0(48)) - omNode-2@group-523986131536->omNode-1: nextIndex: updateUnconditionally 29 -> 23
2022-08-20 01:10:31,436 [omNode-1-server-thread1] INFO  server.RaftServer$Division (RaftServerImpl.java:checkInconsistentAppendEntries(1424)) - omNode-1@group-523986131536: Failed appendEntries as previous log entry ((t:3, i:28)) is not found
2022-08-20 01:10:31,436 [omNode-1-server-thread1] INFO  server.RaftServer$Division (RaftServerImpl.java:checkInconsistentAppendEntries(1394)) - omNode-1@group-523986131536: inconsistency entries. Reply:omNode-2<-omNode-1#9174:FAIL-t3,INCONSISTENCY,nextIndex=23,followerCommit=22
2022-08-20 01:10:31,436 [grpc-default-executor-0] INFO  leader.FollowerInfo (FollowerInfoImpl.java:lambda$new$0(48)) - omNode-2@group-523986131536->omNode-1: nextIndex: updateUnconditionally 29 -> 23
2022-08-20 01:10:31,937 [omNode-1-server-thread1] INFO  server.RaftServer$Division (RaftServerImpl.java:checkInconsistentAppendEntries(1424)) - omNode-1@group-523986131536: Failed appendEntries as previous log entry ((t:3, i:28)) is not found
2022-08-20 01:10:31,938 [omNode-1-server-thread1] INFO  server.RaftServer$Division (RaftServerImpl.java:checkInconsistentAppendEntries(1394)) - omNode-1@group-523986131536: inconsistency entries. Reply:omNode-2<-omNode-1#9225:FAIL-t3,INCONSISTENCY,nextIndex=23,followerCommit=22
2022-08-20 01:10:31,938 [grpc-default-executor-0] INFO  leader.FollowerInfo (FollowerInfoImpl.java:lambda$new$0(48)) - omNode-2@group-523986131536->omNode-1: nextIndex: updateUnconditionally 29 -> 23
2022-08-20 01:10:32,439 [omNode-1-server-thread1] INFO  server.RaftServer$Division (RaftServerImpl.java:checkInconsistentAppendEntries(1424)) - omNode-1@group-523986131536: Failed appendEntries as previous log entry ((t:3, i:28)) is not found
2022-08-20 01:10:32,439 [omNode-1-server-thread1] INFO  server.RaftServer$Division (RaftServerImpl.java:checkInconsistentAppendEntries(1394)) - omNode-1@group-523986131536: inconsistency entries. Reply:omNode-2<-omNode-1#9276:FAIL-t3,INCONSISTENCY,nextIndex=23,followerCommit=22
2022-08-20 01:10:32,440 [grpc-default-executor-0] INFO  leader.FollowerInfo (FollowerInfoImpl.java:lambda$new$0(48)) - omNode-2@group-523986131536->omNode-1: nextIndex: updateUnconditionally 29 -> 23
2022-08-20 01:10:32,941 [omNode-1-server-thread1] INFO  server.RaftServer$Division (RaftServerImpl.java:checkInconsistentAppendEntries(1424)) - omNode-1@group-523986131536: Failed appendEntries as previous log entry ((t:3, i:28)) is not found
2022-08-20 01:10:32,941 [omNode-1-server-thread1] INFO  server.RaftServer$Division (RaftServerImpl.java:checkInconsistentAppendEntries(1394)) - omNode-1@group-523986131536: inconsistency entries. Reply:omNode-2<-omNode-1#9327:FAIL-t3,INCONSISTENCY,nextIndex=23,followerCommit=22
2022-08-20 01:10:32,941 [grpc-default-executor-0] INFO  leader.FollowerInfo (FollowerInfoImpl.java:lambda$new$0(48)) - omNode-2@group-523986131536->omNode-1: nextIndex: updateUnconditionally 29 -> 23
2022-08-20 01:10:33,442 [omNode-1-server-thread1] INFO  server.RaftServer$Division (RaftServerImpl.java:checkInconsistentAppendEntries(1424)) - omNode-1@group-523986131536: Failed appendEntries as previous log entry ((t:3, i:28)) is not found
2022-08-20 01:10:33,443 [omNode-1-server-thread1] INFO  server.RaftServer$Division (RaftServerImpl.java:checkInconsistentAppendEntries(1394)) - omNode-1@group-523986131536: inconsistency entries. Reply:omNode-2<-omNode-1#9378:FAIL-t3,INCONSISTENCY,nextIndex=23,followerCommit=22
2022-08-20 01:10:33,443 [grpc-default-executor-0] INFO  leader.FollowerInfo (FollowerInfoImpl.java:lambda$new$0(48)) - omNode-2@group-523986131536->omNode-1: nextIndex: updateUnconditionally 29 -> 23
2022-08-20 01:10:33,944 [omNode-1-server-thread1] INFO  server.RaftServer$Division (RaftServerImpl.java:checkInconsistentAppendEntries(1424)) - omNode-1@group-523986131536: Failed appendEntries as previous log entry ((t:3, i:28)) is not found
2022-08-20 01:10:33,944 [omNode-1-server-thread1] INFO  server.RaftServer$Division (RaftServerImpl.java:checkInconsistentAppendEntries(1394)) - omNode-1@group-523986131536: inconsistency entries. Reply:omNode-2<-omNode-1#9428:FAIL-t3,INCONSISTENCY,nextIndex=23,followerCommit=22
2022-08-20 01:10:33,945 [grpc-default-executor-0] INFO  leader.FollowerInfo (FollowerInfoImpl.java:lambda$new$0(48)) - omNode-2@group-523986131536->omNode-1: nextIndex: updateUnconditionally 29 -> 23
2022-08-20 01:10:34,446 [omNode-1-server-thread1] INFO  server.RaftServer$Division (RaftServerImpl.java:checkInconsistentAppendEntries(1424)) - omNode-1@group-523986131536: Failed appendEntries as previous log entry ((t:3, i:28)) is not found
2022-08-20 01:10:34,446 [omNode-1-server-thread1] INFO  server.RaftServer$Division (RaftServerImpl.java:checkInconsistentAppendEntries(1394)) - omNode-1@group-523986131536: inconsistency entries. Reply:omNode-2<-omNode-1#9479:FAIL-t3,INCONSISTENCY,nextIndex=23,followerCommit=22
2022-08-20 01:10:34,446 [grpc-default-executor-0] INFO  leader.FollowerInfo (FollowerInfoImpl.java:lambda$new$0(48)) - omNode-2@group-523986131536->omNode-1: nextIndex: updateUnconditionally 29 -> 23
2022-08-20 01:10:34,948 [omNode-1-server-thread1] INFO  server.RaftServer$Division (RaftServerImpl.java:checkInconsistentAppendEntries(1424)) - omNode-1@group-523986131536: Failed appendEntries as previous log entry ((t:3, i:28)) is not found
2022-08-20 01:10:34,948 [omNode-1-server-thread1] INFO  server.RaftServer$Division (RaftServerImpl.java:checkInconsistentAppendEntries(1394)) - omNode-1@group-523986131536: inconsistency entries. Reply:omNode-2<-omNode-1#9530:FAIL-t3,INCONSISTENCY,nextIndex=23,followerCommit=22
2022-08-20 01:10:34,948 [grpc-default-executor-0] INFO  leader.FollowerInfo (FollowerInfoImpl.java:lambda$new$0(48)) - omNode-2@group-523986131536->omNode-1: nextIndex: updateUnconditionally 29 -> 23
2022-08-20 01:10:35,449 [omNode-1-server-thread1] INFO  server.RaftServer$Division (RaftServerImpl.java:checkInconsistentAppendEntries(1424)) - omNode-1@group-523986131536: Failed appendEntries as previous log entry ((t:3, i:28)) is not found
2022-08-20 01:10:35,449 [omNode-1-server-thread1] INFO  server.RaftServer$Division (RaftServerImpl.java:checkInconsistentAppendEntries(1394)) - omNode-1@group-523986131536: inconsistency entries. Reply:omNode-2<-omNode-1#9581:FAIL-t3,INCONSISTENCY,nextIndex=23,followerCommit=22
2022-08-20 01:10:35,450 [grpc-default-executor-0] INFO  leader.FollowerInfo (FollowerInfoImpl.java:lambda$new$0(48)) - omNode-2@group-523986131536->omNode-1: nextIndex: updateUnconditionally 29 -> 23
2022-08-20 01:10:35,951 [omNode-1-server-thread1] INFO  server.RaftServer$Division (RaftServerImpl.java:checkInconsistentAppendEntries(1424)) - omNode-1@group-523986131536: Failed appendEntries as previous log entry ((t:3, i:28)) is not found
2022-08-20 01:10:35,951 [omNode-1-server-thread1] INFO  server.RaftServer$Division (RaftServerImpl.java:checkInconsistentAppendEntries(1394)) - omNode-1@group-523986131536: inconsistency entries. Reply:omNode-2<-omNode-1#9632:FAIL-t3,INCONSISTENCY,nextIndex=23,followerCommit=22
2022-08-20 01:10:35,951 [grpc-default-executor-0] INFO  leader.FollowerInfo (FollowerInfoImpl.java:lambda$new$0(48)) - omNode-2@group-523986131536->omNode-1: nextIndex: updateUnconditionally 29 -> 23
2022-08-20 01:10:36,452 [omNode-1-server-thread1] INFO  server.RaftServer$Division (RaftServerImpl.java:checkInconsistentAppendEntries(1424)) - omNode-1@group-523986131536: Failed appendEntries as previous log entry ((t:3, i:28)) is not found
2022-08-20 01:10:36,453 [omNode-1-server-thread1] INFO  server.RaftServer$Division (RaftServerImpl.java:checkInconsistentAppendEntries(1394)) - omNode-1@group-523986131536: inconsistency entries. Reply:omNode-2<-omNode-1#9683:FAIL-t3,INCONSISTENCY,nextIndex=23,followerCommit=22
2022-08-20 01:10:36,454 [grpc-default-executor-0] INFO  leader.FollowerInfo (FollowerInfoImpl.java:lambda$new$0(48)) - omNode-2@group-523986131536->omNode-1: nextIndex: updateUnconditionally 29 -> 23
2022-08-20 01:10:36,955 [omNode-1-server-thread1] INFO  server.RaftServer$Division (RaftServerImpl.java:checkInconsistentAppendEntries(1424)) - omNode-1@group-523986131536: Failed appendEntries as previous log entry ((t:3, i:28)) is not found
2022-08-20 01:10:36,955 [omNode-1-server-thread1] INFO  server.RaftServer$Division (RaftServerImpl.java:checkInconsistentAppendEntries(1394)) - omNode-1@group-523986131536: inconsistency entries. Reply:omNode-2<-omNode-1#9734:FAIL-t3,INCONSISTENCY,nextIndex=23,followerCommit=22
2022-08-20 01:10:36,955 [grpc-default-executor-0] INFO  leader.FollowerInfo (FollowerInfoImpl.java:lambda$new$0(48)) - omNode-2@group-523986131536->omNode-1: nextIndex: updateUnconditionally 29 -> 23
2022-08-20 01:10:37,457 [omNode-1-server-thread1] INFO  server.RaftServer$Division (RaftServerImpl.java:checkInconsistentAppendEntries(1424)) - omNode-1@group-523986131536: Failed appendEntries as previous log entry ((t:3, i:28)) is not found
2022-08-20 01:10:37,457 [omNode-1-server-thread1] INFO  server.RaftServer$Division (RaftServerImpl.java:checkInconsistentAppendEntries(1394)) - omNode-1@group-523986131536: inconsistency entries. Reply:omNode-2<-omNode-1#9785:FAIL-t3,INCONSISTENCY,nextIndex=23,followerCommit=22
2022-08-20 01:10:37,457 [grpc-default-executor-0] INFO  leader.FollowerInfo (FollowerInfoImpl.java:lambda$new$0(48)) - omNode-2@group-523986131536->omNode-1: nextIndex: updateUnconditionally 29 -> 23
2022-08-20 01:10:37,958 [omNode-1-server-thread1] INFO  server.RaftServer$Division (RaftServerImpl.java:checkInconsistentAppendEntries(1424)) - omNode-1@group-523986131536: Failed appendEntries as previous log entry ((t:3, i:28)) is not found
2022-08-20 01:10:37,958 [omNode-1-server-thread1] INFO  server.RaftServer$Division (RaftServerImpl.java:checkInconsistentAppendEntries(1394)) - omNode-1@group-523986131536: inconsistency entries. Reply:omNode-2<-omNode-1#9836:FAIL-t3,INCONSISTENCY,nextIndex=23,followerCommit=22
2022-08-20 01:10:37,959 [grpc-default-executor-0] INFO  leader.FollowerInfo (FollowerInfoImpl.java:lambda$new$0(48)) - omNode-2@group-523986131536->omNode-1: nextIndex: updateUnconditionally 29 -> 23
2022-08-20 01:10:38,460 [omNode-1-server-thread1] INFO  server.RaftServer$Division (RaftServerImpl.java:checkInconsistentAppendEntries(1424)) - omNode-1@group-523986131536: Failed appendEntries as previous log entry ((t:3, i:28)) is not found
2022-08-20 01:10:38,460 [omNode-1-server-thread1] INFO  server.RaftServer$Division (RaftServerImpl.java:checkInconsistentAppendEntries(1394)) - omNode-1@group-523986131536: inconsistency entries. Reply:omNode-2<-omNode-1#9886:FAIL-t3,INCONSISTENCY,nextIndex=23,followerCommit=22
2022-08-20 01:10:38,461 [grpc-default-executor-0] INFO  leader.FollowerInfo (FollowerInfoImpl.java:lambda$new$0(48)) - omNode-2@group-523986131536->omNode-1: nextIndex: updateUnconditionally 29 -> 23
2022-08-20 01:10:38,962 [omNode-1-server-thread1] INFO  server.RaftServer$Division (RaftServerImpl.java:checkInconsistentAppendEntries(1424)) - omNode-1@group-523986131536: Failed appendEntries as previous log entry ((t:3, i:28)) is not found
2022-08-20 01:10:38,962 [omNode-1-server-thread1] INFO  server.RaftServer$Division (RaftServerImpl.java:checkInconsistentAppendEntries(1394)) - omNode-1@group-523986131536: inconsistency entries. Reply:omNode-2<-omNode-1#9937:FAIL-t3,INCONSISTENCY,nextIndex=23,followerCommit=22
2022-08-20 01:10:38,963 [grpc-default-executor-0] INFO  leader.FollowerInfo (FollowerInfoImpl.java:lambda$new$0(48)) - omNode-2@group-523986131536->omNode-1: nextIndex: updateUnconditionally 29 -> 23
2022-08-20 01:10:39,464 [omNode-1-server-thread1] INFO  server.RaftServer$Division (RaftServerImpl.java:checkInconsistentAppendEntries(1424)) - omNode-1@group-523986131536: Failed appendEntries as previous log entry ((t:3, i:28)) is not found
2022-08-20 01:10:39,464 [omNode-1-server-thread1] INFO  server.RaftServer$Division (RaftServerImpl.java:checkInconsistentAppendEntries(1394)) - omNode-1@group-523986131536: inconsistency entries. Reply:omNode-2<-omNode-1#9988:FAIL-t3,INCONSISTENCY,nextIndex=23,followerCommit=22
2022-08-20 01:10:39,464 [grpc-default-executor-0] INFO  leader.FollowerInfo (FollowerInfoImpl.java:lambda$new$0(48)) - omNode-2@group-523986131536->omNode-1: nextIndex: updateUnconditionally 29 -> 23
2022-08-20 01:10:39,965 [omNode-1-server-thread1] INFO  server.RaftServer$Division (RaftServerImpl.java:checkInconsistentAppendEntries(1424)) - omNode-1@group-523986131536: Failed appendEntries as previous log entry ((t:3, i:28)) is not found
2022-08-20 01:10:39,965 [omNode-1-server-thread1] INFO  server.RaftServer$Division (RaftServerImpl.java:checkInconsistentAppendEntries(1394)) - omNode-1@group-523986131536: inconsistency entries. Reply:omNode-2<-omNode-1#10039:FAIL-t3,INCONSISTENCY,nextIndex=23,followerCommit=22
2022-08-20 01:10:39,967 [grpc-default-executor-0] INFO  leader.FollowerInfo (FollowerInfoImpl.java:lambda$new$0(48)) - omNode-2@group-523986131536->omNode-1: nextIndex: updateUnconditionally 29 -> 23
2022-08-20 01:10:40,468 [omNode-1-server-thread1] INFO  server.RaftServer$Division (RaftServerImpl.java:checkInconsistentAppendEntries(1424)) - omNode-1@group-523986131536: Failed appendEntries as previous log entry ((t:3, i:28)) is not found
2022-08-20 01:10:40,468 [omNode-1-server-thread1] INFO  server.RaftServer$Division (RaftServerImpl.java:checkInconsistentAppendEntries(1394)) - omNode-1@group-523986131536: inconsistency entries. Reply:omNode-2<-omNode-1#10090:FAIL-t3,INCONSISTENCY,nextIndex=23,followerCommit=22
2022-08-20 01:10:40,468 [grpc-default-executor-0] INFO  leader.FollowerInfo (FollowerInfoImpl.java:lambda$new$0(48)) - omNode-2@group-523986131536->omNode-1: nextIndex: updateUnconditionally 29 -> 23
2022-08-20 01:10:40,970 [omNode-1-server-thread1] INFO  server.RaftServer$Division (RaftServerImpl.java:checkInconsistentAppendEntries(1424)) - omNode-1@group-523986131536: Failed appendEntries as previous log entry ((t:3, i:28)) is not found
2022-08-20 01:10:40,970 [omNode-1-server-thread1] INFO  server.RaftServer$Division (RaftServerImpl.java:checkInconsistentAppendEntries(1394)) - omNode-1@group-523986131536: inconsistency entries. Reply:omNode-2<-omNode-1#10141:FAIL-t3,INCONSISTENCY,nextIndex=23,followerCommit=22
2022-08-20 01:10:40,971 [grpc-default-executor-0] INFO  leader.FollowerInfo (FollowerInfoImpl.java:lambda$new$0(48)) - omNode-2@group-523986131536->omNode-1: nextIndex: updateUnconditionally 29 -> 23
2022-08-20 01:10:41,471 [omNode-1-server-thread1] INFO  server.RaftServer$Division (RaftServerImpl.java:checkInconsistentAppendEntries(1424)) - omNode-1@group-523986131536: Failed appendEntries as previous log entry ((t:3, i:28)) is not found
2022-08-20 01:10:41,472 [omNode-1-server-thread1] INFO  server.RaftServer$Division (RaftServerImpl.java:checkInconsistentAppendEntries(1394)) - omNode-1@group-523986131536: inconsistency entries. Reply:omNode-2<-omNode-1#10192:FAIL-t3,INCONSISTENCY,nextIndex=23,followerCommit=22
2022-08-20 01:10:41,472 [grpc-default-executor-0] INFO  leader.FollowerInfo (FollowerInfoImpl.java:lambda$new$0(48)) - omNode-2@group-523986131536->omNode-1: nextIndex: updateUnconditionally 29 -> 23
2022-08-20 01:10:41,973 [omNode-1-server-thread1] INFO  server.RaftServer$Division (RaftServerImpl.java:checkInconsistentAppendEntries(1424)) - omNode-1@group-523986131536: Failed appendEntries as previous log entry ((t:3, i:28)) is not found
2022-08-20 01:10:41,973 [omNode-1-server-thread1] INFO  server.RaftServer$Division (RaftServerImpl.java:checkInconsistentAppendEntries(1394)) - omNode-1@group-523986131536: inconsistency entries. Reply:omNode-2<-omNode-1#10243:FAIL-t3,INCONSISTENCY,nextIndex=23,followerCommit=22
2022-08-20 01:10:41,974 [grpc-default-executor-0] INFO  leader.FollowerInfo (FollowerInfoImpl.java:lambda$new$0(48)) - omNode-2@group-523986131536->omNode-1: nextIndex: updateUnconditionally 29 -> 23
2022-08-20 01:10:42,475 [omNode-1-server-thread1] INFO  server.RaftServer$Division (RaftServerImpl.java:checkInconsistentAppendEntries(1424)) - omNode-1@group-523986131536: Failed appendEntries as previous log entry ((t:3, i:28)) is not found
2022-08-20 01:10:42,475 [omNode-1-server-thread1] INFO  server.RaftServer$Division (RaftServerImpl.java:checkInconsistentAppendEntries(1394)) - omNode-1@group-523986131536: inconsistency entries. Reply:omNode-2<-omNode-1#10294:FAIL-t3,INCONSISTENCY,nextIndex=23,followerCommit=22
2022-08-20 01:10:42,475 [grpc-default-executor-0] INFO  leader.FollowerInfo (FollowerInfoImpl.java:lambda$new$0(48)) - omNode-2@group-523986131536->omNode-1: nextIndex: updateUnconditionally 29 -> 23
2022-08-20 01:10:42,976 [omNode-1-server-thread1] INFO  server.RaftServer$Division (RaftServerImpl.java:checkInconsistentAppendEntries(1424)) - omNode-1@group-523986131536: Failed appendEntries as previous log entry ((t:3, i:28)) is not found
2022-08-20 01:10:42,976 [omNode-1-server-thread1] INFO  server.RaftServer$Division (RaftServerImpl.java:checkInconsistentAppendEntries(1394)) - omNode-1@group-523986131536: inconsistency entries. Reply:omNode-2<-omNode-1#10344:FAIL-t3,INCONSISTENCY,nextIndex=23,followerCommit=22
2022-08-20 01:10:42,976 [grpc-default-executor-0] INFO  leader.FollowerInfo (FollowerInfoImpl.java:lambda$new$0(48)) - omNode-2@group-523986131536->omNode-1: nextIndex: updateUnconditionally 29 -> 23
2022-08-20 01:10:43,478 [omNode-1-server-thread1] INFO  server.RaftServer$Division (RaftServerImpl.java:checkInconsistentAppendEntries(1424)) - omNode-1@group-523986131536: Failed appendEntries as previous log entry ((t:3, i:28)) is not found
2022-08-20 01:10:43,478 [omNode-1-server-thread1] INFO  server.RaftServer$Division (RaftServerImpl.java:checkInconsistentAppendEntries(1394)) - omNode-1@group-523986131536: inconsistency entries. Reply:omNode-2<-omNode-1#10395:FAIL-t3,INCONSISTENCY,nextIndex=23,followerCommit=22
2022-08-20 01:10:43,478 [grpc-default-executor-0] INFO  leader.FollowerInfo (FollowerInfoImpl.java:lambda$new$0(48)) - omNode-2@group-523986131536->omNode-1: nextIndex: updateUnconditionally 29 -> 23
2022-08-20 01:10:43,980 [omNode-1-server-thread1] INFO  server.RaftServer$Division (RaftServerImpl.java:checkInconsistentAppendEntries(1424)) - omNode-1@group-523986131536: Failed appendEntries as previous log entry ((t:3, i:28)) is not found
2022-08-20 01:10:43,980 [omNode-1-server-thread1] INFO  server.RaftServer$Division (RaftServerImpl.java:checkInconsistentAppendEntries(1394)) - omNode-1@group-523986131536: inconsistency entries. Reply:omNode-2<-omNode-1#10446:FAIL-t3,INCONSISTENCY,nextIndex=23,followerCommit=22
2022-08-20 01:10:43,980 [grpc-default-executor-0] INFO  leader.FollowerInfo (FollowerInfoImpl.java:lambda$new$0(48)) - omNode-2@group-523986131536->omNode-1: nextIndex: updateUnconditionally 29 -> 23
2022-08-20 01:10:44,481 [omNode-1-server-thread1] INFO  server.RaftServer$Division (RaftServerImpl.java:checkInconsistentAppendEntries(1424)) - omNode-1@group-523986131536: Failed appendEntries as previous log entry ((t:3, i:28)) is not found
2022-08-20 01:10:44,481 [omNode-1-server-thread1] INFO  server.RaftServer$Division (RaftServerImpl.java:checkInconsistentAppendEntries(1394)) - omNode-1@group-523986131536: inconsistency entries. Reply:omNode-2<-omNode-1#10497:FAIL-t3,INCONSISTENCY,nextIndex=23,followerCommit=22
2022-08-20 01:10:44,481 [grpc-default-executor-0] INFO  leader.FollowerInfo (FollowerInfoImpl.java:lambda$new$0(48)) - omNode-2@group-523986131536->omNode-1: nextIndex: updateUnconditionally 29 -> 23
2022-08-20 01:10:44,983 [omNode-1-server-thread1] INFO  server.RaftServer$Division (RaftServerImpl.java:checkInconsistentAppendEntries(1424)) - omNode-1@group-523986131536: Failed appendEntries as previous log entry ((t:3, i:28)) is not found
2022-08-20 01:10:44,983 [omNode-1-server-thread1] INFO  server.RaftServer$Division (RaftServerImpl.java:checkInconsistentAppendEntries(1394)) - omNode-1@group-523986131536: inconsistency entries. Reply:omNode-2<-omNode-1#10548:FAIL-t3,INCONSISTENCY,nextIndex=23,followerCommit=22
2022-08-20 01:10:44,984 [grpc-default-executor-0] INFO  leader.FollowerInfo (FollowerInfoImpl.java:lambda$new$0(48)) - omNode-2@group-523986131536->omNode-1: nextIndex: updateUnconditionally 29 -> 23
2022-08-20 01:10:45,486 [omNode-1-server-thread1] INFO  server.RaftServer$Division (RaftServerImpl.java:checkInconsistentAppendEntries(1424)) - omNode-1@group-523986131536: Failed appendEntries as previous log entry ((t:3, i:28)) is not found
2022-08-20 01:10:45,486 [omNode-1-server-thread1] INFO  server.RaftServer$Division (RaftServerImpl.java:checkInconsistentAppendEntries(1394)) - omNode-1@group-523986131536: inconsistency entries. Reply:omNode-2<-omNode-1#10599:FAIL-t3,INCONSISTENCY,nextIndex=23,followerCommit=22
2022-08-20 01:10:45,486 [grpc-default-executor-0] INFO  leader.FollowerInfo (FollowerInfoImpl.java:lambda$new$0(48)) - omNode-2@group-523986131536->omNode-1: nextIndex: updateUnconditionally 29 -> 23
2022-08-20 01:10:45,987 [omNode-1-server-thread1] INFO  server.RaftServer$Division (RaftServerImpl.java:checkInconsistentAppendEntries(1424)) - omNode-1@group-523986131536: Failed appendEntries as previous log entry ((t:3, i:28)) is not found
2022-08-20 01:10:45,987 [omNode-1-server-thread1] INFO  server.RaftServer$Division (RaftServerImpl.java:checkInconsistentAppendEntries(1394)) - omNode-1@group-523986131536: inconsistency entries. Reply:omNode-2<-omNode-1#10650:FAIL-t3,INCONSISTENCY,nextIndex=23,followerCommit=22
2022-08-20 01:10:45,987 [grpc-default-executor-0] INFO  leader.FollowerInfo (FollowerInfoImpl.java:lambda$new$0(48)) - omNode-2@group-523986131536->omNode-1: nextIndex: updateUnconditionally 29 -> 23
2022-08-20 01:10:46,489 [omNode-1-server-thread1] INFO  server.RaftServer$Division (RaftServerImpl.java:checkInconsistentAppendEntries(1424)) - omNode-1@group-523986131536: Failed appendEntries as previous log entry ((t:3, i:28)) is not found
2022-08-20 01:10:46,489 [omNode-1-server-thread1] INFO  server.RaftServer$Division (RaftServerImpl.java:checkInconsistentAppendEntries(1394)) - omNode-1@group-523986131536: inconsistency entries. Reply:omNode-2<-omNode-1#10701:FAIL-t3,INCONSISTENCY,nextIndex=23,followerCommit=22
2022-08-20 01:10:46,490 [grpc-default-executor-0] INFO  leader.FollowerInfo (FollowerInfoImpl.java:lambda$new$0(48)) - omNode-2@group-523986131536->omNode-1: nextIndex: updateUnconditionally 29 -> 23
2022-08-20 01:10:46,991 [omNode-1-server-thread1] INFO  server.RaftServer$Division (RaftServerImpl.java:checkInconsistentAppendEntries(1424)) - omNode-1@group-523986131536: Failed appendEntries as previous log entry ((t:3, i:28)) is not found
2022-08-20 01:10:46,991 [omNode-1-server-thread1] INFO  server.RaftServer$Division (RaftServerImpl.java:checkInconsistentAppendEntries(1394)) - omNode-1@group-523986131536: inconsistency entries. Reply:omNode-2<-omNode-1#10752:FAIL-t3,INCONSISTENCY,nextIndex=23,followerCommit=22
2022-08-20 01:10:46,991 [grpc-default-executor-0] INFO  leader.FollowerInfo (FollowerInfoImpl.java:lambda$new$0(48)) - omNode-2@group-523986131536->omNode-1: nextIndex: updateUnconditionally 29 -> 23
2022-08-20 01:10:47,493 [omNode-1-server-thread1] INFO  server.RaftServer$Division (RaftServerImpl.java:checkInconsistentAppendEntries(1424)) - omNode-1@group-523986131536: Failed appendEntries as previous log entry ((t:3, i:28)) is not found
2022-08-20 01:10:47,493 [omNode-1-server-thread1] INFO  server.RaftServer$Division (RaftServerImpl.java:checkInconsistentAppendEntries(1394)) - omNode-1@group-523986131536: inconsistency entries. Reply:omNode-2<-omNode-1#10803:FAIL-t3,INCONSISTENCY,nextIndex=23,followerCommit=22
2022-08-20 01:10:47,494 [grpc-default-executor-0] INFO  leader.FollowerInfo (FollowerInfoImpl.java:lambda$new$0(48)) - omNode-2@group-523986131536->omNode-1: nextIndex: updateUnconditionally 29 -> 23
2022-08-20 01:10:47,995 [omNode-1-server-thread1] INFO  server.RaftServer$Division (RaftServerImpl.java:checkInconsistentAppendEntries(1424)) - omNode-1@group-523986131536: Failed appendEntries as previous log entry ((t:3, i:28)) is not found
2022-08-20 01:10:47,995 [omNode-1-server-thread1] INFO  server.RaftServer$Division (RaftServerImpl.java:checkInconsistentAppendEntries(1394)) - omNode-1@group-523986131536: inconsistency entries. Reply:omNode-2<-omNode-1#10854:FAIL-t3,INCONSISTENCY,nextIndex=23,followerCommit=22
2022-08-20 01:10:47,995 [grpc-default-executor-0] INFO  leader.FollowerInfo (FollowerInfoImpl.java:lambda$new$0(48)) - omNode-2@group-523986131536->omNode-1: nextIndex: updateUnconditionally 29 -> 23
2022-08-20 01:10:48,496 [omNode-1-server-thread1] INFO  server.RaftServer$Division (RaftServerImpl.java:checkInconsistentAppendEntries(1424)) - omNode-1@group-523986131536: Failed appendEntries as previous log entry ((t:3, i:28)) is not found
2022-08-20 01:10:48,496 [omNode-1-server-thread1] INFO  server.RaftServer$Division (RaftServerImpl.java:checkInconsistentAppendEntries(1394)) - omNode-1@group-523986131536: inconsistency entries. Reply:omNode-2<-omNode-1#10905:FAIL-t3,INCONSISTENCY,nextIndex=23,followerCommit=22
2022-08-20 01:10:48,496 [grpc-default-executor-0] INFO  leader.FollowerInfo (FollowerInfoImpl.java:lambda$new$0(48)) - omNode-2@group-523986131536->omNode-1: nextIndex: updateUnconditionally 29 -> 23
2022-08-20 01:10:48,997 [omNode-1-server-thread1] INFO  server.RaftServer$Division (RaftServerImpl.java:checkInconsistentAppendEntries(1424)) - omNode-1@group-523986131536: Failed appendEntries as previous log entry ((t:3, i:28)) is not found
2022-08-20 01:10:48,998 [omNode-1-server-thread1] INFO  server.RaftServer$Division (RaftServerImpl.java:checkInconsistentAppendEntries(1394)) - omNode-1@group-523986131536: inconsistency entries. Reply:omNode-2<-omNode-1#10955:FAIL-t3,INCONSISTENCY,nextIndex=23,followerCommit=22
2022-08-20 01:10:48,998 [grpc-default-executor-0] INFO  leader.FollowerInfo (FollowerInfoImpl.java:lambda$new$0(48)) - omNode-2@group-523986131536->omNode-1: nextIndex: updateUnconditionally 29 -> 23
2022-08-20 01:10:49,499 [omNode-1-server-thread1] INFO  server.RaftServer$Division (RaftServerImpl.java:checkInconsistentAppendEntries(1424)) - omNode-1@group-523986131536: Failed appendEntries as previous log entry ((t:3, i:28)) is not found
2022-08-20 01:10:49,500 [omNode-1-server-thread1] INFO  server.RaftServer$Division (RaftServerImpl.java:checkInconsistentAppendEntries(1394)) - omNode-1@group-523986131536: inconsistency entries. Reply:omNode-2<-omNode-1#11006:FAIL-t3,INCONSISTENCY,nextIndex=23,followerCommit=22
2022-08-20 01:10:49,500 [grpc-default-executor-0] INFO  leader.FollowerInfo (FollowerInfoImpl.java:lambda$new$0(48)) - omNode-2@group-523986131536->omNode-1: nextIndex: updateUnconditionally 29 -> 23
2022-08-20 01:10:50,001 [omNode-1-server-thread1] INFO  server.RaftServer$Division (RaftServerImpl.java:checkInconsistentAppendEntries(1424)) - omNode-1@group-523986131536: Failed appendEntries as previous log entry ((t:3, i:28)) is not found
2022-08-20 01:10:50,001 [omNode-1-server-thread1] INFO  server.RaftServer$Division (RaftServerImpl.java:checkInconsistentAppendEntries(1394)) - omNode-1@group-523986131536: inconsistency entries. Reply:omNode-2<-omNode-1#11057:FAIL-t3,INCONSISTENCY,nextIndex=23,followerCommit=22
2022-08-20 01:10:50,002 [grpc-default-executor-0] INFO  leader.FollowerInfo (FollowerInfoImpl.java:lambda$new$0(48)) - omNode-2@group-523986131536->omNode-1: nextIndex: updateUnconditionally 29 -> 23
2022-08-20 01:10:50,503 [omNode-1-server-thread1] INFO  server.RaftServer$Division (RaftServerImpl.java:checkInconsistentAppendEntries(1424)) - omNode-1@group-523986131536: Failed appendEntries as previous log entry ((t:3, i:28)) is not found
2022-08-20 01:10:50,504 [omNode-1-server-thread1] INFO  server.RaftServer$Division (RaftServerImpl.java:checkInconsistentAppendEntries(1394)) - omNode-1@group-523986131536: inconsistency entries. Reply:omNode-2<-omNode-1#11107:FAIL-t3,INCONSISTENCY,nextIndex=23,followerCommit=22
2022-08-20 01:10:50,504 [grpc-default-executor-0] INFO  leader.FollowerInfo (FollowerInfoImpl.java:lambda$new$0(48)) - omNode-2@group-523986131536->omNode-1: nextIndex: updateUnconditionally 29 -> 23
2022-08-20 01:10:51,005 [omNode-1-server-thread1] INFO  server.RaftServer$Division (RaftServerImpl.java:checkInconsistentAppendEntries(1424)) - omNode-1@group-523986131536: Failed appendEntries as previous log entry ((t:3, i:28)) is not found
2022-08-20 01:10:51,005 [omNode-1-server-thread1] INFO  server.RaftServer$Division (RaftServerImpl.java:checkInconsistentAppendEntries(1394)) - omNode-1@group-523986131536: inconsistency entries. Reply:omNode-2<-omNode-1#11158:FAIL-t3,INCONSISTENCY,nextIndex=23,followerCommit=22
2022-08-20 01:10:51,005 [grpc-default-executor-0] INFO  leader.FollowerInfo (FollowerInfoImpl.java:lambda$new$0(48)) - omNode-2@group-523986131536->omNode-1: nextIndex: updateUnconditionally 29 -> 23
2022-08-20 01:10:51,506 [omNode-1-server-thread1] INFO  server.RaftServer$Division (RaftServerImpl.java:checkInconsistentAppendEntries(1424)) - omNode-1@group-523986131536: Failed appendEntries as previous log entry ((t:3, i:28)) is not found
2022-08-20 01:10:51,506 [omNode-1-server-thread1] INFO  server.RaftServer$Division (RaftServerImpl.java:checkInconsistentAppendEntries(1394)) - omNode-1@group-523986131536: inconsistency entries. Reply:omNode-2<-omNode-1#11209:FAIL-t3,INCONSISTENCY,nextIndex=23,followerCommit=22
2022-08-20 01:10:51,507 [grpc-default-executor-0] INFO  leader.FollowerInfo (FollowerInfoImpl.java:lambda$new$0(48)) - omNode-2@group-523986131536->omNode-1: nextIndex: updateUnconditionally 29 -> 23
2022-08-20 01:10:52,008 [omNode-1-server-thread1] INFO  server.RaftServer$Division (RaftServerImpl.java:checkInconsistentAppendEntries(1424)) - omNode-1@group-523986131536: Failed appendEntries as previous log entry ((t:3, i:28)) is not found
2022-08-20 01:10:52,008 [omNode-1-server-thread1] INFO  server.RaftServer$Division (RaftServerImpl.java:checkInconsistentAppendEntries(1394)) - omNode-1@group-523986131536: inconsistency entries. Reply:omNode-2<-omNode-1#11260:FAIL-t3,INCONSISTENCY,nextIndex=23,followerCommit=22
2022-08-20 01:10:52,009 [grpc-default-executor-0] INFO  leader.FollowerInfo (FollowerInfoImpl.java:lambda$new$0(48)) - omNode-2@group-523986131536->omNode-1: nextIndex: updateUnconditionally 29 -> 23
2022-08-20 01:10:52,509 [omNode-1-server-thread1] INFO  server.RaftServer$Division (RaftServerImpl.java:checkInconsistentAppendEntries(1424)) - omNode-1@group-523986131536: Failed appendEntries as previous log entry ((t:3, i:28)) is not found
2022-08-20 01:10:52,510 [omNode-1-server-thread1] INFO  server.RaftServer$Division (RaftServerImpl.java:checkInconsistentAppendEntries(1394)) - omNode-1@group-523986131536: inconsistency entries. Reply:omNode-2<-omNode-1#11311:FAIL-t3,INCONSISTENCY,nextIndex=23,followerCommit=22
2022-08-20 01:10:52,510 [grpc-default-executor-0] INFO  leader.FollowerInfo (FollowerInfoImpl.java:lambda$new$0(48)) - omNode-2@group-523986131536->omNode-1: nextIndex: updateUnconditionally 29 -> 23
2022-08-20 01:10:53,011 [omNode-1-server-thread1] INFO  server.RaftServer$Division (RaftServerImpl.java:checkInconsistentAppendEntries(1424)) - omNode-1@group-523986131536: Failed appendEntries as previous log entry ((t:3, i:28)) is not found
2022-08-20 01:10:53,011 [omNode-1-server-thread1] INFO  server.RaftServer$Division (RaftServerImpl.java:checkInconsistentAppendEntries(1394)) - omNode-1@group-523986131536: inconsistency entries. Reply:omNode-2<-omNode-1#11362:FAIL-t3,INCONSISTENCY,nextIndex=23,followerCommit=22
2022-08-20 01:10:53,012 [grpc-default-executor-0] INFO  leader.FollowerInfo (FollowerInfoImpl.java:lambda$new$0(48)) - omNode-2@group-523986131536->omNode-1: nextIndex: updateUnconditionally 29 -> 23
2022-08-20 01:10:53,512 [omNode-1-server-thread1] INFO  server.RaftServer$Division (RaftServerImpl.java:checkInconsistentAppendEntries(1424)) - omNode-1@group-523986131536: Failed appendEntries as previous log entry ((t:3, i:28)) is not found
2022-08-20 01:10:53,513 [omNode-1-server-thread1] INFO  server.RaftServer$Division (RaftServerImpl.java:checkInconsistentAppendEntries(1394)) - omNode-1@group-523986131536: inconsistency entries. Reply:omNode-2<-omNode-1#11413:FAIL-t3,INCONSISTENCY,nextIndex=23,followerCommit=22
2022-08-20 01:10:53,513 [grpc-default-executor-0] INFO  leader.FollowerInfo (FollowerInfoImpl.java:lambda$new$0(48)) - omNode-2@group-523986131536->omNode-1: nextIndex: updateUnconditionally 29 -> 23
2022-08-20 01:10:54,014 [omNode-1-server-thread1] INFO  server.RaftServer$Division (RaftServerImpl.java:checkInconsistentAppendEntries(1424)) - omNode-1@group-523986131536: Failed appendEntries as previous log entry ((t:3, i:28)) is not found
2022-08-20 01:10:54,014 [omNode-1-server-thread1] INFO  server.RaftServer$Division (RaftServerImpl.java:checkInconsistentAppendEntries(1394)) - omNode-1@group-523986131536: inconsistency entries. Reply:omNode-2<-omNode-1#11464:FAIL-t3,INCONSISTENCY,nextIndex=23,followerCommit=22
2022-08-20 01:10:54,014 [grpc-default-executor-0] INFO  leader.FollowerInfo (FollowerInfoImpl.java:lambda$new$0(48)) - omNode-2@group-523986131536->omNode-1: nextIndex: updateUnconditionally 29 -> 23
2022-08-20 01:10:54,516 [omNode-1-server-thread1] INFO  server.RaftServer$Division (RaftServerImpl.java:checkInconsistentAppendEntries(1424)) - omNode-1@group-523986131536: Failed appendEntries as previous log entry ((t:3, i:28)) is not found
2022-08-20 01:10:54,516 [omNode-1-server-thread1] INFO  server.RaftServer$Division (RaftServerImpl.java:checkInconsistentAppendEntries(1394)) - omNode-1@group-523986131536: inconsistency entries. Reply:omNode-2<-omNode-1#11515:FAIL-t3,INCONSISTENCY,nextIndex=23,followerCommit=22
2022-08-20 01:10:54,516 [grpc-default-executor-0] INFO  leader.FollowerInfo (FollowerInfoImpl.java:lambda$new$0(48)) - omNode-2@group-523986131536->omNode-1: nextIndex: updateUnconditionally 29 -> 23
2022-08-20 01:10:55,017 [omNode-1-server-thread1] INFO  server.RaftServer$Division (RaftServerImpl.java:checkInconsistentAppendEntries(1424)) - omNode-1@group-523986131536: Failed appendEntries as previous log entry ((t:3, i:28)) is not found
2022-08-20 01:10:55,017 [omNode-1-server-thread1] INFO  server.RaftServer$Division (RaftServerImpl.java:checkInconsistentAppendEntries(1394)) - omNode-1@group-523986131536: inconsistency entries. Reply:omNode-2<-omNode-1#11566:FAIL-t3,INCONSISTENCY,nextIndex=23,followerCommit=22
2022-08-20 01:10:55,018 [grpc-default-executor-0] INFO  leader.FollowerInfo (FollowerInfoImpl.java:lambda$new$0(48)) - omNode-2@group-523986131536->omNode-1: nextIndex: updateUnconditionally 29 -> 23
2022-08-20 01:10:55,519 [omNode-1-server-thread1] INFO  server.RaftServer$Division (RaftServerImpl.java:checkInconsistentAppendEntries(1424)) - omNode-1@group-523986131536: Failed appendEntries as previous log entry ((t:3, i:28)) is not found
2022-08-20 01:10:55,519 [omNode-1-server-thread1] INFO  server.RaftServer$Division (RaftServerImpl.java:checkInconsistentAppendEntries(1394)) - omNode-1@group-523986131536: inconsistency entries. Reply:omNode-2<-omNode-1#11617:FAIL-t3,INCONSISTENCY,nextIndex=23,followerCommit=22
2022-08-20 01:10:55,519 [grpc-default-executor-0] INFO  leader.FollowerInfo (FollowerInfoImpl.java:lambda$new$0(48)) - omNode-2@group-523986131536->omNode-1: nextIndex: updateUnconditionally 29 -> 23
2022-08-20 01:10:56,020 [omNode-1-server-thread1] INFO  server.RaftServer$Division (RaftServerImpl.java:checkInconsistentAppendEntries(1424)) - omNode-1@group-523986131536: Failed appendEntries as previous log entry ((t:3, i:28)) is not found
2022-08-20 01:10:56,020 [omNode-1-server-thread1] INFO  server.RaftServer$Division (RaftServerImpl.java:checkInconsistentAppendEntries(1394)) - omNode-1@group-523986131536: inconsistency entries. Reply:omNode-2<-omNode-1#11668:FAIL-t3,INCONSISTENCY,nextIndex=23,followerCommit=22
2022-08-20 01:10:56,021 [grpc-default-executor-0] INFO  leader.FollowerInfo (FollowerInfoImpl.java:lambda$new$0(48)) - omNode-2@group-523986131536->omNode-1: nextIndex: updateUnconditionally 29 -> 23
2022-08-20 01:10:56,522 [omNode-1-server-thread1] INFO  server.RaftServer$Division (RaftServerImpl.java:checkInconsistentAppendEntries(1424)) - omNode-1@group-523986131536: Failed appendEntries as previous log entry ((t:3, i:28)) is not found
2022-08-20 01:10:56,522 [omNode-1-server-thread1] INFO  server.RaftServer$Division (RaftServerImpl.java:checkInconsistentAppendEntries(1394)) - omNode-1@group-523986131536: inconsistency entries. Reply:omNode-2<-omNode-1#11719:FAIL-t3,INCONSISTENCY,nextIndex=23,followerCommit=22
2022-08-20 01:10:56,522 [grpc-default-executor-0] INFO  leader.FollowerInfo (FollowerInfoImpl.java:lambda$new$0(48)) - omNode-2@group-523986131536->omNode-1: nextIndex: updateUnconditionally 29 -> 23
2022-08-20 01:10:57,023 [omNode-1-server-thread1] INFO  server.RaftServer$Division (RaftServerImpl.java:checkInconsistentAppendEntries(1424)) - omNode-1@group-523986131536: Failed appendEntries as previous log entry ((t:3, i:28)) is not found
2022-08-20 01:10:57,023 [omNode-1-server-thread1] INFO  server.RaftServer$Division (RaftServerImpl.java:checkInconsistentAppendEntries(1394)) - omNode-1@group-523986131536: inconsistency entries. Reply:omNode-2<-omNode-1#11770:FAIL-t3,INCONSISTENCY,nextIndex=23,followerCommit=22
2022-08-20 01:10:57,024 [grpc-default-executor-0] INFO  leader.FollowerInfo (FollowerInfoImpl.java:lambda$new$0(48)) - omNode-2@group-523986131536->omNode-1: nextIndex: updateUnconditionally 29 -> 23
2022-08-20 01:10:57,525 [omNode-1-server-thread1] INFO  server.RaftServer$Division (RaftServerImpl.java:checkInconsistentAppendEntries(1424)) - omNode-1@group-523986131536: Failed appendEntries as previous log entry ((t:3, i:28)) is not found
2022-08-20 01:10:57,525 [omNode-1-server-thread1] INFO  server.RaftServer$Division (RaftServerImpl.java:checkInconsistentAppendEntries(1394)) - omNode-1@group-523986131536: inconsistency entries. Reply:omNode-2<-omNode-1#11821:FAIL-t3,INCONSISTENCY,nextIndex=23,followerCommit=22
2022-08-20 01:10:57,526 [grpc-default-executor-0] INFO  leader.FollowerInfo (FollowerInfoImpl.java:lambda$new$0(48)) - omNode-2@group-523986131536->omNode-1: nextIndex: updateUnconditionally 29 -> 23
2022-08-20 01:10:58,026 [omNode-1-server-thread1] INFO  server.RaftServer$Division (RaftServerImpl.java:checkInconsistentAppendEntries(1424)) - omNode-1@group-523986131536: Failed appendEntries as previous log entry ((t:3, i:28)) is not found
2022-08-20 01:10:58,026 [omNode-1-server-thread1] INFO  server.RaftServer$Division (RaftServerImpl.java:checkInconsistentAppendEntries(1394)) - omNode-1@group-523986131536: inconsistency entries. Reply:omNode-2<-omNode-1#11871:FAIL-t3,INCONSISTENCY,nextIndex=23,followerCommit=22
2022-08-20 01:10:58,027 [grpc-default-executor-0] INFO  leader.FollowerInfo (FollowerInfoImpl.java:lambda$new$0(48)) - omNode-2@group-523986131536->omNode-1: nextIndex: updateUnconditionally 29 -> 23
2022-08-20 01:10:58,528 [omNode-1-server-thread1] INFO  server.RaftServer$Division (RaftServerImpl.java:checkInconsistentAppendEntries(1424)) - omNode-1@group-523986131536: Failed appendEntries as previous log entry ((t:3, i:28)) is not found
2022-08-20 01:10:58,528 [omNode-1-server-thread1] INFO  server.RaftServer$Division (RaftServerImpl.java:checkInconsistentAppendEntries(1394)) - omNode-1@group-523986131536: inconsistency entries. Reply:omNode-2<-omNode-1#11922:FAIL-t3,INCONSISTENCY,nextIndex=23,followerCommit=22
2022-08-20 01:10:58,529 [grpc-default-executor-0] INFO  leader.FollowerInfo (FollowerInfoImpl.java:lambda$new$0(48)) - omNode-2@group-523986131536->omNode-1: nextIndex: updateUnconditionally 29 -> 23
2022-08-20 01:10:59,030 [omNode-1-server-thread1] INFO  server.RaftServer$Division (RaftServerImpl.java:checkInconsistentAppendEntries(1424)) - omNode-1@group-523986131536: Failed appendEntries as previous log entry ((t:3, i:28)) is not found
2022-08-20 01:10:59,030 [omNode-1-server-thread1] INFO  server.RaftServer$Division (RaftServerImpl.java:checkInconsistentAppendEntries(1394)) - omNode-1@group-523986131536: inconsistency entries. Reply:omNode-2<-omNode-1#11973:FAIL-t3,INCONSISTENCY,nextIndex=23,followerCommit=22
2022-08-20 01:10:59,031 [grpc-default-executor-0] INFO  leader.FollowerInfo (FollowerInfoImpl.java:lambda$new$0(48)) - omNode-2@group-523986131536->omNode-1: nextIndex: updateUnconditionally 29 -> 23
2022-08-20 01:10:59,293 [UnderReplicatedQueueThreadThread] INFO  replication.UnderReplicatedProcessor (UnderReplicatedProcessor.java:processAll(85)) - Processed 0 under replicated containers, failed processing 0
2022-08-20 01:10:59,305 [OverReplicatedQueueThreadThread] INFO  replication.OverReplicatedProcessor (OverReplicatedProcessor.java:processAll(83)) - Processed 0 over replicated containers, failed processing 0
2022-08-20 01:10:59,532 [omNode-1-server-thread1] INFO  server.RaftServer$Division (RaftServerImpl.java:checkInconsistentAppendEntries(1424)) - omNode-1@group-523986131536: Failed appendEntries as previous log entry ((t:3, i:28)) is not found
2022-08-20 01:10:59,532 [omNode-1-server-thread1] INFO  server.RaftServer$Division (RaftServerImpl.java:checkInconsistentAppendEntries(1394)) - omNode-1@group-523986131536: inconsistency entries. Reply:omNode-2<-omNode-1#12024:FAIL-t3,INCONSISTENCY,nextIndex=23,followerCommit=22
2022-08-20 01:10:59,533 [grpc-default-executor-0] INFO  leader.FollowerInfo (FollowerInfoImpl.java:lambda$new$0(48)) - omNode-2@group-523986131536->omNode-1: nextIndex: updateUnconditionally 29 -> 23
2022-08-20 01:11:00,035 [omNode-1-server-thread1] INFO  server.RaftServer$Division (RaftServerImpl.java:checkInconsistentAppendEntries(1424)) - omNode-1@group-523986131536: Failed appendEntries as previous log entry ((t:3, i:28)) is not found
2022-08-20 01:11:00,035 [omNode-1-server-thread1] INFO  server.RaftServer$Division (RaftServerImpl.java:checkInconsistentAppendEntries(1394)) - omNode-1@group-523986131536: inconsistency entries. Reply:omNode-2<-omNode-1#12075:FAIL-t3,INCONSISTENCY,nextIndex=23,followerCommit=22
2022-08-20 01:11:00,035 [grpc-default-executor-0] INFO  leader.FollowerInfo (FollowerInfoImpl.java:lambda$new$0(48)) - omNode-2@group-523986131536->omNode-1: nextIndex: updateUnconditionally 29 -> 23
2022-08-20 01:11:00,536 [omNode-1-server-thread1] INFO  server.RaftServer$Division (RaftServerImpl.java:checkInconsistentAppendEntries(1424)) - omNode-1@group-523986131536: Failed appendEntries as previous log entry ((t:3, i:28)) is not found
2022-08-20 01:11:00,536 [omNode-1-server-thread1] INFO  server.RaftServer$Division (RaftServerImpl.java:checkInconsistentAppendEntries(1394)) - omNode-1@group-523986131536: inconsistency entries. Reply:omNode-2<-omNode-1#12126:FAIL-t3,INCONSISTENCY,nextIndex=23,followerCommit=22
2022-08-20 01:11:00,537 [grpc-default-executor-0] INFO  leader.FollowerInfo (FollowerInfoImpl.java:lambda$new$0(48)) - omNode-2@group-523986131536->omNode-1: nextIndex: updateUnconditionally 29 -> 23
2022-08-20 01:11:01,038 [omNode-1-server-thread1] INFO  server.RaftServer$Division (RaftServerImpl.java:checkInconsistentAppendEntries(1424)) - omNode-1@group-523986131536: Failed appendEntries as previous log entry ((t:3, i:28)) is not found
2022-08-20 01:11:01,039 [omNode-1-server-thread1] INFO  server.RaftServer$Division (RaftServerImpl.java:checkInconsistentAppendEntries(1394)) - omNode-1@group-523986131536: inconsistency entries. Reply:omNode-2<-omNode-1#12177:FAIL-t3,INCONSISTENCY,nextIndex=23,followerCommit=22
2022-08-20 01:11:01,039 [grpc-default-executor-0] INFO  leader.FollowerInfo (FollowerInfoImpl.java:lambda$new$0(48)) - omNode-2@group-523986131536->omNode-1: nextIndex: updateUnconditionally 29 -> 23
2022-08-20 01:11:01,540 [omNode-1-server-thread1] INFO  server.RaftServer$Division (RaftServerImpl.java:checkInconsistentAppendEntries(1424)) - omNode-1@group-523986131536: Failed appendEntries as previous log entry ((t:3, i:28)) is not found
2022-08-20 01:11:01,540 [omNode-1-server-thread1] INFO  server.RaftServer$Division (RaftServerImpl.java:checkInconsistentAppendEntries(1394)) - omNode-1@group-523986131536: inconsistency entries. Reply:omNode-2<-omNode-1#12228:FAIL-t3,INCONSISTENCY,nextIndex=23,followerCommit=22
2022-08-20 01:11:01,540 [grpc-default-executor-0] INFO  leader.FollowerInfo (FollowerInfoImpl.java:lambda$new$0(48)) - omNode-2@group-523986131536->omNode-1: nextIndex: updateUnconditionally 29 -> 23
2022-08-20 01:11:02,041 [omNode-1-server-thread1] INFO  server.RaftServer$Division (RaftServerImpl.java:checkInconsistentAppendEntries(1424)) - omNode-1@group-523986131536: Failed appendEntries as previous log entry ((t:3, i:28)) is not found
2022-08-20 01:11:02,041 [omNode-1-server-thread1] INFO  server.RaftServer$Division (RaftServerImpl.java:checkInconsistentAppendEntries(1394)) - omNode-1@group-523986131536: inconsistency entries. Reply:omNode-2<-omNode-1#12278:FAIL-t3,INCONSISTENCY,nextIndex=23,followerCommit=22
2022-08-20 01:11:02,042 [grpc-default-executor-0] INFO  leader.FollowerInfo (FollowerInfoImpl.java:lambda$new$0(48)) - omNode-2@group-523986131536->omNode-1: nextIndex: updateUnconditionally 29 -> 23
2022-08-20 01:11:02,360 [Listener at localhost/37097] INFO  om.OzoneManager (OzoneManager.java:stop(2022)) - omNode-3[localhost:37871]: Stopping Ozone Manager
2022-08-20 01:11:02,361 [Listener at localhost/37097] INFO  ipc.Server (Server.java:stop(3414)) - Stopping server on 37871
2022-08-20 01:11:02,366 [IPC Server listener on 37871] INFO  ipc.Server (Server.java:run(1376)) - Stopping IPC Server listener on 37871
2022-08-20 01:11:02,366 [IPC Server Responder] INFO  ipc.Server (Server.java:run(1512)) - Stopping IPC Server Responder
2022-08-20 01:11:02,367 [Listener at localhost/37097] INFO  server.RaftServer (RaftServerProxy.java:lambda$close$7(398)) - omNode-3: close
2022-08-20 01:11:02,367 [Listener at localhost/37097] INFO  server.RaftServer$Division (RaftServerImpl.java:lambda$close$4(434)) - omNode-3@group-523986131536: shutdown
2022-08-20 01:11:02,367 [Listener at localhost/37097] INFO  util.JmxRegister (JmxRegister.java:unregister(73)) - Successfully un-registered JMX Bean with object name Ratis:service=RaftServer,group=group-523986131536,id=omNode-3
2022-08-20 01:11:02,367 [Listener at localhost/37097] INFO  impl.RoleInfo (RoleInfo.java:shutdownFollowerState(110)) - omNode-3: shutdown omNode-3@group-523986131536-FollowerState
2022-08-20 01:11:02,368 [omNode-3@group-523986131536-FollowerState] INFO  impl.FollowerState (FollowerState.java:run(152)) - omNode-3@group-523986131536-FollowerState was interrupted
2022-08-20 01:11:02,368 [omNode-3@group-523986131536-StateMachineUpdater] INFO  ratis.OzoneManagerStateMachine (OzoneManagerStateMachine.java:takeSnapshot(441)) - Current Snapshot Index (t:3, i:28)
2022-08-20 01:11:02,368 [omNode-3@group-523986131536-StateMachineUpdater] INFO  impl.StateMachineUpdater (StateMachineUpdater.java:takeSnapshot(287)) - omNode-3@group-523986131536-StateMachineUpdater: Took a snapshot at index 28
2022-08-20 01:11:02,368 [omNode-3@group-523986131536-StateMachineUpdater] INFO  impl.StateMachineUpdater (StateMachineUpdater.java:lambda$new$0(92)) - omNode-3@group-523986131536-StateMachineUpdater: snapshotIndex: updateIncreasingly 22 -> 28
2022-08-20 01:11:02,368 [omNode-3@group-523986131536-StateMachineUpdater] INFO  ratis.OzoneManagerStateMachine (OzoneManagerStateMachine.java:close(495)) - StateMachine has shutdown. Shutdown OzoneManager if not already shutdown.
2022-08-20 01:11:02,368 [omNode-3@group-523986131536-StateMachineUpdater] INFO  ratis.OzoneManagerDoubleBuffer (OzoneManagerDoubleBuffer.java:stop(466)) - Stopping OMDoubleBuffer flush thread
2022-08-20 01:11:02,368 [OMDoubleBufferFlushThread] INFO  ratis.OzoneManagerDoubleBuffer (OzoneManagerDoubleBuffer.java:flushTransactions(385)) - OMDoubleBuffer flush thread OMDoubleBufferFlushThread is interrupted and will exit.
2022-08-20 01:11:02,369 [Listener at localhost/37097] INFO  impl.StateMachineUpdater (StateMachineUpdater.java:stopAndJoin(153)) - omNode-3@group-523986131536-StateMachineUpdater: set stopIndex = 28
2022-08-20 01:11:02,369 [Listener at localhost/37097] INFO  server.RaftServer$Division (ServerState.java:close(429)) - omNode-3@group-523986131536: closes. applyIndex: 28
2022-08-20 01:11:02,369 [omNode-3@group-523986131536-SegmentedRaftLogWorker] INFO  segmented.SegmentedRaftLogWorker (SegmentedRaftLogWorker.java:run(336)) - omNode-3@group-523986131536-SegmentedRaftLogWorker was interrupted, exiting. There are 0 tasks remaining in the queue.
2022-08-20 01:11:02,371 [Listener at localhost/37097] INFO  segmented.SegmentedRaftLogWorker (SegmentedRaftLogWorker.java:close(246)) - omNode-3@group-523986131536-SegmentedRaftLogWorker close()
2022-08-20 01:11:02,372 [Listener at localhost/37097] INFO  server.GrpcService (GrpcService.java:closeImpl(269)) - omNode-3: shutdown server with port 35203 now
2022-08-20 01:11:02,373 [grpc-default-executor-0] WARN  server.GrpcServerProtocolService (LogUtils.java:warn(122)) - omNode-3: installSnapshot onError, lastRequest: omNode-2->omNode-3#32-t3,previous=(t:3, i:27),leaderCommit=27,initializing? true,entries: size=1, first=(t:3, i:28), METADATAENTRY(c:27): org.apache.ratis.thirdparty.io.grpc.StatusRuntimeException: CANCELLED: client cancelled
2022-08-20 01:11:02,378 [Listener at localhost/37097] INFO  server.GrpcService (GrpcService.java:closeImpl(278)) - omNode-3: shutdown server with port 35203 successfully
2022-08-20 01:11:02,379 [org.apache.ratis.util.JvmPauseMonitor$$Lambda$708/915414905@1e22c706] INFO  util.JvmPauseMonitor (JvmPauseMonitor.java:run(109)) - JvmPauseMonitor-omNode-3: Stopped
2022-08-20 01:11:02,379 [Listener at localhost/37097] INFO  ratis.OzoneManagerStateMachine (OzoneManagerStateMachine.java:close(495)) - StateMachine has shutdown. Shutdown OzoneManager if not already shutdown.
2022-08-20 01:11:02,379 [Listener at localhost/37097] INFO  ratis.OzoneManagerDoubleBuffer (OzoneManagerDoubleBuffer.java:stop(478)) - OMDoubleBuffer flush thread is not running.
2022-08-20 01:11:02,379 [Listener at localhost/37097] INFO  handler.ContextHandler (ContextHandler.java:doStop(1153)) - Stopped o.e.j.w.WebAppContext@4429383b{ozoneManager,/,null,STOPPED}{file:/home/runner/work/ozone/ozone/hadoop-ozone/integration-test/target/test-classes/webapps/ozoneManager}
2022-08-20 01:11:02,380 [Listener at localhost/37097] INFO  server.AbstractConnector (AbstractConnector.java:doStop(381)) - Stopped ServerConnector@10a2f485{HTTP/1.1, (http/1.1)}{0.0.0.0:43387}
2022-08-20 01:11:02,380 [Listener at localhost/37097] INFO  server.session (HouseKeeper.java:stopScavenging(149)) - node0 Stopped scavenging
2022-08-20 01:11:02,380 [Listener at localhost/37097] INFO  handler.ContextHandler (ContextHandler.java:doStop(1153)) - Stopped o.e.j.s.ServletContextHandler@410e2efc{static,/static,file:///home/runner/work/ozone/ozone/hadoop-ozone/integration-test/target/test-classes/webapps/static,STOPPED}
2022-08-20 01:11:02,382 [Listener at localhost/37097] INFO  handler.ContextHandler (ContextHandler.java:doStop(1153)) - Stopped o.e.j.s.ServletContextHandler@3d70ecb6{logs,/logs,file:///home/runner/work/ozone/ozone/hadoop-ozone/integration-test/target/log,STOPPED}
2022-08-20 01:11:02,388 [grpc-default-executor-0] WARN  server.GrpcLogAppender (LogUtils.java:warn(122)) - omNode-2@group-523986131536->omNode-3-AppendLogResponseHandler: Failed appendEntries: org.apache.ratis.thirdparty.io.grpc.StatusRuntimeException: CANCELLED: RST_STREAM closed stream. HTTP/2 error code: CANCEL
2022-08-20 01:11:02,388 [Listener at localhost/37097] INFO  om.OzoneManager (OzoneManager.java:restart(1559)) - OzoneManager RPC server is listening at localhost/127.0.0.1:37871
2022-08-20 01:11:02,388 [Listener at localhost/37097] INFO  impl.MetricsSystemImpl (MetricsSystemImpl.java:init(158)) - OzoneManager metrics system started (again)
2022-08-20 01:11:02,388 [grpc-default-executor-0] INFO  leader.FollowerInfo (FollowerInfoImpl.java:lambda$new$0(48)) - omNode-2@group-523986131536->omNode-3: nextIndex: updateUnconditionally 29 -> 28
2022-08-20 01:11:02,396 [grpc-default-executor-4] WARN  server.GrpcLogAppender (LogUtils.java:warn(122)) - omNode-2@group-523986131536->omNode-3-AppendLogResponseHandler: Failed appendEntries: org.apache.ratis.thirdparty.io.grpc.StatusRuntimeException: UNAVAILABLE: io exception
2022-08-20 01:11:02,397 [grpc-default-executor-4] INFO  leader.FollowerInfo (FollowerInfoImpl.java:lambda$new$0(48)) - omNode-2@group-523986131536->omNode-3: nextIndex: updateUnconditionally 29 -> 28
2022-08-20 01:11:02,402 [Listener at localhost/37097] WARN  server.ServerUtils (ServerUtils.java:getDBPath(225)) - ozone.om.db.dirs is not configured. We recommend adding this setting. Falling back to ozone.metadata.dirs instead.
2022-08-20 01:11:02,403 [Listener at localhost/37097] INFO  codec.OmKeyInfoCodec (OmKeyInfoCodec.java:<init>(49)) - OmKeyInfoCodec ignorePipeline = true
2022-08-20 01:11:02,403 [Listener at localhost/37097] INFO  codec.RepeatedOmKeyInfoCodec (RepeatedOmKeyInfoCodec.java:<init>(41)) - RepeatedOmKeyInfoCodec ignorePipeline = true
2022-08-20 01:11:02,433 [Listener at localhost/37097] INFO  om.OzoneManager (OzoneManager.java:instantiateServices(697)) - S3 Multi-Tenancy is disabled
2022-08-20 01:11:02,435 [Listener at localhost/37097] WARN  impl.MetricRegistriesImpl (MetricRegistriesImpl.java:addReporterRegistration(111)) - New reporters are added after registries were created. Some metrics will be missing from the reporter. Please add reporter before adding any new registry.
2022-08-20 01:11:02,435 [Listener at localhost/37097] WARN  impl.MetricRegistriesImpl (MetricRegistriesImpl.java:addReporterRegistration(111)) - New reporters are added after registries were created. Some metrics will be missing from the reporter. Please add reporter before adding any new registry.
2022-08-20 01:11:02,435 [Listener at localhost/37097] WARN  server.ServerUtils (ServerUtils.java:getDefaultRatisDirectory(237)) - Storage directory for Ratis is not configured. It is a good idea to map this to an SSD disk. Falling back to ozone.metadata.dirs
2022-08-20 01:11:02,436 [Listener at localhost/37097] INFO  ratis.OzoneManagerRatisServer (OzoneManagerRatisServer.java:<init>(159)) - Instantiating OM Ratis server with groupID: om-service-test1 and peers: localhost:35203, localhost:36801, localhost:43573
2022-08-20 01:11:02,436 [Listener at localhost/37097] INFO  ratis.OzoneManagerStateMachine (OzoneManagerStateMachine.java:loadSnapshotInfoFromDB(632)) - LastAppliedIndex is set from TransactionInfo from OM DB as (t:3, i:28)
2022-08-20 01:11:02,438 [Listener at localhost/37097] INFO  server.RaftServer (ConfUtils.java:logGet(46)) - raft.rpc.type = GRPC (default)
2022-08-20 01:11:02,438 [Listener at localhost/37097] INFO  grpc.GrpcFactory (GrpcFactory.java:checkPooledByteBufAllocatorUseCacheForAllThreads(48)) - PERFORMANCE WARNING: useCacheForAllThreads is true that may cause Netty to create a lot garbage objects and, as a result, trigger GC.
	It is recommended to disable useCacheForAllThreads by setting -Dorg.apache.ratis.thirdparty.io.netty.allocator.useCacheForAllThreads=false in command line.
2022-08-20 01:11:02,439 [Listener at localhost/37097] INFO  grpc.GrpcConfigKeys (ConfUtils.java:logGet(46)) - raft.grpc.admin.port = -1 (default)
2022-08-20 01:11:02,439 [Listener at localhost/37097] INFO  grpc.GrpcConfigKeys (ConfUtils.java:logGet(46)) - raft.grpc.server.port = 35203 (custom)
2022-08-20 01:11:02,439 [Listener at localhost/37097] INFO  grpc.GrpcConfigKeys (ConfUtils.java:logGet(46)) - raft.grpc.client.port = -1 (default)
2022-08-20 01:11:02,439 [Listener at localhost/37097] INFO  grpc.GrpcConfigKeys (ConfUtils.java:logGet(46)) - raft.grpc.server.port = 35203 (custom)
2022-08-20 01:11:02,439 [Listener at localhost/37097] INFO  grpc.GrpcConfigKeys (ConfUtils.java:logGet(46)) - raft.grpc.server.port = 35203 (custom)
2022-08-20 01:11:02,439 [Listener at localhost/37097] INFO  server.GrpcService (ConfUtils.java:logGet(46)) - raft.grpc.message.size.max = 33554432 (custom)
2022-08-20 01:11:02,439 [Listener at localhost/37097] INFO  server.RaftServerConfigKeys (ConfUtils.java:logGet(46)) - raft.server.log.appender.buffer.byte-limit = 33554432 (custom)
2022-08-20 01:11:02,439 [Listener at localhost/37097] INFO  server.GrpcService (ConfUtils.java:logGet(46)) - raft.grpc.flow.control.window = 1MB (=1048576) (default)
2022-08-20 01:11:02,440 [Listener at localhost/37097] INFO  server.RaftServerConfigKeys (ConfUtils.java:logGet(46)) - raft.server.rpc.request.timeout = 3000ms (default)
2022-08-20 01:11:02,440 [Listener at localhost/37097] INFO  grpc.GrpcConfigKeys (ConfUtils.java:logGet(46)) - raft.grpc.server.async.request.thread.pool.cached = true (default)
2022-08-20 01:11:02,440 [Listener at localhost/37097] INFO  grpc.GrpcConfigKeys (ConfUtils.java:logGet(46)) - raft.grpc.server.async.request.thread.pool.size = 32 (default)
2022-08-20 01:11:02,441 [Listener at localhost/37097] INFO  impl.DataStreamServerImpl (ConfUtils.java:logGet(46)) - raft.datastream.type = DISABLED (default)
2022-08-20 01:11:02,441 [Listener at localhost/37097] INFO  server.RaftServerConfigKeys (ConfUtils.java:logGet(46)) - raft.server.threadpool.proxy.cached = true (default)
2022-08-20 01:11:02,441 [Listener at localhost/37097] INFO  server.RaftServerConfigKeys (ConfUtils.java:logGet(46)) - raft.server.threadpool.proxy.size = 0 (default)
2022-08-20 01:11:02,441 [Listener at localhost/37097] INFO  server.RaftServerConfigKeys (ConfUtils.java:logGet(46)) - raft.server.rpc.slowness.timeout = 2s (custom)
2022-08-20 01:11:02,441 [Listener at localhost/37097] INFO  server.RaftServerConfigKeys (ConfUtils.java:logGet(46)) - raft.server.leaderelection.leader.step-down.wait-time = 10s (default)
2022-08-20 01:11:02,442 [Listener at localhost/37097] INFO  server.RaftServerConfigKeys (ConfUtils.java:logGet(46)) - raft.server.storage.dir = [/home/runner/work/ozone/ozone/hadoop-ozone/integration-test/target/test-dir/MiniOzoneClusterImpl-306a21b8-6709-48a1-b079-68f3908e87f8/omNode-3/ratis] (custom)
2022-08-20 01:11:02,442 [omNode-3-impl-thread1] INFO  server.RaftServer (RaftServerProxy.java:initGroupDir(247)) - omNode-3: found a subdirectory /home/runner/work/ozone/ozone/hadoop-ozone/integration-test/target/test-dir/MiniOzoneClusterImpl-306a21b8-6709-48a1-b079-68f3908e87f8/omNode-3/ratis/c9bc4cf4-3bc3-3c60-a66b-523986131536
2022-08-20 01:11:02,443 [Listener at localhost/37097] INFO  server.RaftServer (RaftServerProxy.java:addNew(96)) - omNode-3: addNew group-523986131536:[omNode-3|rpc:localhost:35203|priority:0, omNode-1|rpc:localhost:36801|priority:0, omNode-2|rpc:localhost:43573|priority:0] returns group-523986131536:java.util.concurrent.CompletableFuture@40df07fc[Not completed]
2022-08-20 01:11:02,443 [Listener at localhost/37097] INFO  om.OzoneManager (OzoneManager.java:initializeRatisServer(1963)) - OzoneManager Ratis server initialized at port 35203
2022-08-20 01:11:02,443 [Listener at localhost/37097] INFO  ratis.OzoneManagerRatisServer (OzoneManagerRatisServer.java:start(554)) - Starting OzoneManagerRatisServer omNode-3 at port 35203
2022-08-20 01:11:02,443 [pool-295-thread-1] INFO  server.RaftServer$Division (RaftServerImpl.java:<init>(190)) - omNode-3: new RaftServerImpl for group-523986131536:[omNode-3|rpc:localhost:35203|priority:0, omNode-1|rpc:localhost:36801|priority:0, omNode-2|rpc:localhost:43573|priority:0] with OzoneManagerStateMachine:uninitialized
2022-08-20 01:11:02,443 [pool-295-thread-1] INFO  server.RaftServerConfigKeys (ConfUtils.java:logGet(46)) - raft.server.rpc.timeout.min = 1s (custom)
2022-08-20 01:11:02,443 [pool-295-thread-1] INFO  server.RaftServerConfigKeys (ConfUtils.java:logGet(46)) - raft.server.rpc.timeout.max = 1200ms (custom)
2022-08-20 01:11:02,443 [pool-295-thread-1] INFO  server.RaftServerConfigKeys (ConfUtils.java:logGet(46)) - raft.server.rpc.sleep.time = 25ms (default)
2022-08-20 01:11:02,443 [pool-295-thread-1] INFO  server.RaftServerConfigKeys (ConfUtils.java:logGet(46)) - raft.server.rpc.slowness.timeout = 2s (custom)
2022-08-20 01:11:02,443 [pool-295-thread-1] INFO  server.RaftServerConfigKeys (ConfUtils.java:logGet(46)) - raft.server.leaderelection.leader.step-down.wait-time = 10s (default)
2022-08-20 01:11:02,443 [pool-295-thread-1] INFO  server.RaftServerConfigKeys (ConfUtils.java:logGet(46)) - raft.server.sleep.deviation.threshold = 300ms (default)
2022-08-20 01:11:02,443 [pool-295-thread-1] INFO  server.RaftServer$Division (ServerState.java:<init>(107)) - omNode-3@group-523986131536: ConfigurationManager, init=-1: [omNode-3|rpc:localhost:35203|priority:0, omNode-1|rpc:localhost:36801|priority:0, omNode-2|rpc:localhost:43573|priority:0], old=null, confs=<EMPTY_MAP>
2022-08-20 01:11:02,443 [pool-295-thread-1] INFO  server.RaftServerConfigKeys (ConfUtils.java:logGet(46)) - raft.server.storage.dir = [/home/runner/work/ozone/ozone/hadoop-ozone/integration-test/target/test-dir/MiniOzoneClusterImpl-306a21b8-6709-48a1-b079-68f3908e87f8/omNode-3/ratis] (custom)
2022-08-20 01:11:02,444 [pool-295-thread-1] INFO  server.RaftServerConfigKeys (ConfUtils.java:logGet(46)) - raft.server.log.corruption.policy = EXCEPTION (default)
2022-08-20 01:11:02,444 [pool-295-thread-1] INFO  server.RaftServerConfigKeys (ConfUtils.java:logGet(46)) - raft.server.storage.free-space.min = 0MB (=0) (default)
2022-08-20 01:11:02,445 [pool-295-thread-1] INFO  storage.RaftStorageDirectory (RaftStorageDirectoryImpl.java:tryLock(230)) - Lock on /home/runner/work/ozone/ozone/hadoop-ozone/integration-test/target/test-dir/MiniOzoneClusterImpl-306a21b8-6709-48a1-b079-68f3908e87f8/omNode-3/ratis/c9bc4cf4-3bc3-3c60-a66b-523986131536/in_use.lock acquired by nodename 18539@fv-az242-328
2022-08-20 01:11:02,445 [pool-295-thread-1] INFO  storage.RaftStorage (RaftStorageImpl.java:analyzeAndRecoverStorage(110)) - Read RaftStorageMetadata{term=3, votedFor=omNode-2} from /home/runner/work/ozone/ozone/hadoop-ozone/integration-test/target/test-dir/MiniOzoneClusterImpl-306a21b8-6709-48a1-b079-68f3908e87f8/omNode-3/ratis/c9bc4cf4-3bc3-3c60-a66b-523986131536/current/raft-meta
2022-08-20 01:11:02,445 [pool-295-thread-1] INFO  server.RaftServer$Division (ServerState.java:setRaftConf(393)) - omNode-3@group-523986131536: set configuration 25: [omNode-3|rpc:localhost:35203|admin:|client:|dataStream:|priority:0, omNode-1|rpc:localhost:36801|admin:|client:|dataStream:|priority:0, omNode-2|rpc:localhost:43573|admin:|client:|dataStream:|priority:0], old=null
2022-08-20 01:11:02,445 [pool-295-thread-1] INFO  server.RaftServerConfigKeys (ConfUtils.java:logGet(46)) - raft.server.notification.no-leader.timeout = 2s (custom)
2022-08-20 01:11:02,445 [pool-295-thread-1] INFO  server.RaftServerConfigKeys (ConfUtils.java:logGet(46)) - raft.server.log.use.memory = false (default)
2022-08-20 01:11:02,446 [pool-295-thread-1] INFO  server.RaftServerConfigKeys (ConfUtils.java:logGet(46)) - raft.server.log.purge.gap = 50 (custom)
2022-08-20 01:11:02,446 [pool-295-thread-1] INFO  server.RaftServerConfigKeys (ConfUtils.java:logGet(46)) - raft.server.log.appender.buffer.byte-limit = 33554432 (custom)
2022-08-20 01:11:02,446 [pool-295-thread-1] INFO  server.RaftServerConfigKeys (ConfUtils.java:logGet(46)) - raft.server.log.statemachine.data.read.timeout = 1000ms (default)
2022-08-20 01:11:02,446 [pool-295-thread-1] INFO  server.RaftServerConfigKeys (ConfUtils.java:logGet(46)) - raft.server.log.segment.size.max = 4194304 (custom)
2022-08-20 01:11:02,446 [pool-295-thread-1] INFO  server.RaftServerConfigKeys (ConfUtils.java:logGet(46)) - raft.server.log.segment.cache.num.max = 2 (custom)
2022-08-20 01:11:02,446 [pool-295-thread-1] INFO  server.RaftServerConfigKeys (ConfUtils.java:logGet(46)) - raft.server.log.segment.cache.size.max = 200MB (=209715200) (default)
2022-08-20 01:11:02,446 [pool-295-thread-1] INFO  segmented.SegmentedRaftLogWorker (SegmentedRaftLogWorker.java:<init>(187)) - new omNode-3@group-523986131536-SegmentedRaftLogWorker for RaftStorageImpl:Storage Directory /home/runner/work/ozone/ozone/hadoop-ozone/integration-test/target/test-dir/MiniOzoneClusterImpl-306a21b8-6709-48a1-b079-68f3908e87f8/omNode-3/ratis/c9bc4cf4-3bc3-3c60-a66b-523986131536
2022-08-20 01:11:02,446 [pool-295-thread-1] INFO  server.RaftServerConfigKeys (ConfUtils.java:logGet(46)) - raft.server.log.queue.byte-limit = 64MB (=67108864) (default)
2022-08-20 01:11:02,446 [pool-295-thread-1] INFO  server.RaftServerConfigKeys (ConfUtils.java:logGet(46)) - raft.server.log.queue.element-limit = 4096 (default)
2022-08-20 01:11:02,447 [pool-295-thread-1] INFO  server.RaftServerConfigKeys (ConfUtils.java:logGet(46)) - raft.server.log.segment.size.max = 4194304 (custom)
2022-08-20 01:11:02,447 [pool-295-thread-1] INFO  server.RaftServerConfigKeys (ConfUtils.java:logGet(46)) - raft.server.log.preallocated.size = 4194304 (custom)
2022-08-20 01:11:02,447 [pool-295-thread-1] INFO  server.RaftServerConfigKeys (ConfUtils.java:logGet(46)) - raft.server.log.force.sync.num = 128 (default)
2022-08-20 01:11:02,447 [pool-295-thread-1] INFO  server.RaftServerConfigKeys (ConfUtils.java:logGet(46)) - raft.server.log.statemachine.data.sync = true (default)
2022-08-20 01:11:02,447 [pool-295-thread-1] INFO  server.RaftServerConfigKeys (ConfUtils.java:logGet(46)) - raft.server.log.statemachine.data.sync.timeout = 10s (default)
2022-08-20 01:11:02,447 [pool-295-thread-1] INFO  server.RaftServerConfigKeys (ConfUtils.java:logGet(46)) - raft.server.log.statemachine.data.sync.timeout.retry = -1 (default)
2022-08-20 01:11:02,447 [pool-295-thread-1] INFO  server.RaftServerConfigKeys (ConfUtils.java:logGet(46)) - raft.server.log.write.buffer.size = 64KB (=65536) (default)
2022-08-20 01:11:02,447 [pool-295-thread-1] INFO  server.RaftServerConfigKeys (ConfUtils.java:logGet(46)) - raft.server.log.unsafe-flush.enabled = false (default)
2022-08-20 01:11:02,447 [pool-295-thread-1] INFO  server.RaftServerConfigKeys (ConfUtils.java:logGet(46)) - raft.server.log.statemachine.data.caching.enabled = false (default)
2022-08-20 01:11:02,449 [pool-295-thread-1] INFO  server.RaftServer$Division (ServerState.java:setRaftConf(393)) - omNode-3@group-523986131536: set configuration 23: [omNode-3|rpc:localhost:35203|admin:|client:|dataStream:|priority:0, omNode-1|rpc:localhost:36801|admin:|client:|dataStream:|priority:0, omNode-2|rpc:localhost:43573|admin:|client:|dataStream:|priority:0], old=null
2022-08-20 01:11:02,449 [pool-295-thread-1] INFO  segmented.LogSegment (LogSegment.java:loadSegment(173)) - Successfully read 2 entries from segment file /home/runner/work/ozone/ozone/hadoop-ozone/integration-test/target/test-dir/MiniOzoneClusterImpl-306a21b8-6709-48a1-b079-68f3908e87f8/omNode-3/ratis/c9bc4cf4-3bc3-3c60-a66b-523986131536/current/log_23-24
2022-08-20 01:11:02,449 [pool-295-thread-1] INFO  server.RaftServer$Division (ServerState.java:setRaftConf(393)) - omNode-3@group-523986131536: set configuration 25: [omNode-3|rpc:localhost:35203|admin:|client:|dataStream:|priority:0, omNode-1|rpc:localhost:36801|admin:|client:|dataStream:|priority:0, omNode-2|rpc:localhost:43573|admin:|client:|dataStream:|priority:0], old=null
2022-08-20 01:11:02,449 [pool-295-thread-1] INFO  segmented.LogSegment (LogSegment.java:loadSegment(173)) - Successfully read 4 entries from segment file /home/runner/work/ozone/ozone/hadoop-ozone/integration-test/target/test-dir/MiniOzoneClusterImpl-306a21b8-6709-48a1-b079-68f3908e87f8/omNode-3/ratis/c9bc4cf4-3bc3-3c60-a66b-523986131536/current/log_inprogress_25
2022-08-20 01:11:02,450 [pool-295-thread-1] INFO  segmented.SegmentedRaftLogWorker (SegmentedRaftLogWorker.java:lambda$new$0(135)) - omNode-3@group-523986131536-SegmentedRaftLogWorker: flushIndex: setUnconditionally 0 -> 28
2022-08-20 01:11:02,450 [pool-295-thread-1] INFO  segmented.SegmentedRaftLogWorker (SegmentedRaftLogWorker.java:lambda$new$0(135)) - omNode-3@group-523986131536-SegmentedRaftLogWorker: safeCacheEvictIndex: setUnconditionally 0 -> 24
2022-08-20 01:11:02,450 [pool-295-thread-1] INFO  raftlog.RaftLog (RaftLogBase.java:lambda$new$0(53)) - omNode-3@group-523986131536-SegmentedRaftLog: commitIndex: updateToMax old=28, new=27, updated? false
2022-08-20 01:11:02,450 [pool-295-thread-1] INFO  raftlog.RaftLog (RaftLogBase.java:lambda$new$0(53)) - omNode-3@group-523986131536-SegmentedRaftLog: purgeIndex: updateIncreasingly -1 -> 22
2022-08-20 01:11:02,450 [pool-295-thread-1] INFO  server.RaftServerConfigKeys (ConfUtils.java:logGet(46)) - raft.server.snapshot.auto.trigger.enabled = true (custom)
2022-08-20 01:11:02,450 [pool-295-thread-1] INFO  server.RaftServerConfigKeys (ConfUtils.java:logGet(46)) - raft.server.snapshot.auto.trigger.threshold = 50 (custom)
2022-08-20 01:11:02,450 [pool-295-thread-1] INFO  server.RaftServerConfigKeys (ConfUtils.java:logGet(46)) - raft.server.snapshot.retention.file.num = -1 (default)
2022-08-20 01:11:02,450 [pool-295-thread-1] INFO  server.RaftServerConfigKeys (ConfUtils.java:logGet(46)) - raft.server.log.purge.upto.snapshot.index = true (custom)
2022-08-20 01:11:02,450 [pool-295-thread-1] INFO  server.RaftServerConfigKeys (ConfUtils.java:logGet(46)) - raft.server.retrycache.expirytime = 30000ms (custom)
2022-08-20 01:11:02,450 [pool-295-thread-1] INFO  server.RaftServerConfigKeys (ConfUtils.java:logGet(46)) - raft.server.retrycache.statistics.expirytime = 100μs (default)
2022-08-20 01:11:02,451 [pool-295-thread-1] INFO  server.RaftServerConfigKeys (ConfUtils.java:logGet(46)) - raft.server.log.appender.install.snapshot.enabled = false (custom)
2022-08-20 01:11:02,451 [pool-295-thread-1] INFO  server.RaftServerConfigKeys (ConfUtils.java:logGet(46)) - raft.server.threadpool.server.cached = true (default)
2022-08-20 01:11:02,451 [pool-295-thread-1] INFO  server.RaftServerConfigKeys (ConfUtils.java:logGet(46)) - raft.server.threadpool.server.size = 0 (default)
2022-08-20 01:11:02,452 [pool-295-thread-1] INFO  server.RaftServerConfigKeys (ConfUtils.java:logGet(46)) - raft.server.threadpool.client.cached = true (default)
2022-08-20 01:11:02,452 [pool-295-thread-1] INFO  server.RaftServerConfigKeys (ConfUtils.java:logGet(46)) - raft.server.threadpool.client.size = 0 (default)
2022-08-20 01:11:02,453 [omNode-3-impl-thread1] INFO  server.RaftServer$Division (RaftServerImpl.java:start(310)) - omNode-3@group-523986131536: start as a follower, conf=25: [omNode-3|rpc:localhost:35203|admin:|client:|dataStream:|priority:0, omNode-1|rpc:localhost:36801|admin:|client:|dataStream:|priority:0, omNode-2|rpc:localhost:43573|admin:|client:|dataStream:|priority:0], old=null
2022-08-20 01:11:02,453 [omNode-3-impl-thread1] INFO  server.RaftServer$Division (RaftServerImpl.java:setRole(299)) - omNode-3@group-523986131536: changes role from      null to FOLLOWER at term 3 for startAsFollower
2022-08-20 01:11:02,453 [omNode-3-impl-thread1] INFO  impl.RoleInfo (RoleInfo.java:updateAndGet(139)) - omNode-3: start omNode-3@group-523986131536-FollowerState
2022-08-20 01:11:02,454 [omNode-3-impl-thread1] INFO  util.JmxRegister (JmxRegister.java:tryRegister(44)) - Successfully registered JMX Bean with object name Ratis:service=RaftServer,group=group-523986131536,id=omNode-3
2022-08-20 01:11:02,456 [Listener at localhost/37097] INFO  server.RaftServer (RaftServerProxy.java:lambda$start$6(382)) - omNode-3: start RPC server
2022-08-20 01:11:02,459 [Listener at localhost/37097] INFO  server.GrpcService (GrpcService.java:startImpl(260)) - omNode-3: GrpcService started, listening on 35203
2022-08-20 01:11:02,459 [Listener at localhost/37097] INFO  om.OzoneManager (OzoneManager.java:getRpcServer(1086)) - Creating RPC Server
2022-08-20 01:11:02,459 [org.apache.ratis.util.JvmPauseMonitor$$Lambda$708/915414905@5decdb3] INFO  util.JvmPauseMonitor (JvmPauseMonitor.java:run(103)) - JvmPauseMonitor-omNode-3: Started
2022-08-20 01:11:02,543 [omNode-1-server-thread1] INFO  server.RaftServer$Division (RaftServerImpl.java:checkInconsistentAppendEntries(1424)) - omNode-1@group-523986131536: Failed appendEntries as previous log entry ((t:3, i:28)) is not found
2022-08-20 01:11:02,543 [omNode-1-server-thread1] INFO  server.RaftServer$Division (RaftServerImpl.java:checkInconsistentAppendEntries(1394)) - omNode-1@group-523986131536: inconsistency entries. Reply:omNode-2<-omNode-1#12329:FAIL-t3,INCONSISTENCY,nextIndex=23,followerCommit=22
2022-08-20 01:11:02,543 [grpc-default-executor-4] INFO  leader.FollowerInfo (FollowerInfoImpl.java:lambda$new$0(48)) - omNode-2@group-523986131536->omNode-1: nextIndex: updateUnconditionally 29 -> 23
2022-08-20 01:11:02,624 [grpc-default-executor-4] WARN  server.GrpcLogAppender (LogUtils.java:warn(122)) - omNode-2@group-523986131536->omNode-3-AppendLogResponseHandler: Failed appendEntries: org.apache.ratis.thirdparty.io.grpc.StatusRuntimeException: UNAVAILABLE: io exception
2022-08-20 01:11:02,624 [grpc-default-executor-4] INFO  leader.FollowerInfo (FollowerInfoImpl.java:lambda$new$0(48)) - omNode-2@group-523986131536->omNode-3: nextIndex: updateUnconditionally 29 -> 28
2022-08-20 01:11:02,974 [omNode-3-server-thread1] INFO  server.RaftServer$Division (ServerState.java:setLeader(287)) - omNode-3@group-523986131536: change Leader from null to omNode-2 at term 3 for appendEntries, leader elected after 528ms
2022-08-20 01:11:02,974 [omNode-3-server-thread1] INFO  server.RaftServer$Division (RaftServerImpl.java:checkInconsistentAppendEntries(1414)) - omNode-3@group-523986131536: Failed appendEntries as the first entry (index 28) already exists (snapshotIndex: 28, commitIndex: 28)
2022-08-20 01:11:02,974 [omNode-3-server-thread1] INFO  server.RaftServer$Division (RaftServerImpl.java:checkInconsistentAppendEntries(1394)) - omNode-3@group-523986131536: inconsistency entries. Reply:omNode-2<-omNode-3#327:FAIL-t3,INCONSISTENCY,nextIndex=29,followerCommit=28
2022-08-20 01:11:02,975 [grpc-default-executor-4] INFO  leader.FollowerInfo (FollowerInfoImpl.java:lambda$new$0(48)) - omNode-2@group-523986131536->omNode-3: nextIndex: updateUnconditionally 29 -> 29
2022-08-20 01:11:03,008 [Listener at localhost/37097] INFO  reflections.Reflections (Reflections.java:scan(232)) - Reflections took 548 ms to scan 19 urls, producing 67 keys and 4157 values [using 2 cores]
2022-08-20 01:11:03,010 [Listener at localhost/37097] INFO  ipc.CallQueueManager (CallQueueManager.java:<init>(90)) - Using callQueue: class java.util.concurrent.LinkedBlockingQueue, queueCapacity: 2000, scheduler: class org.apache.hadoop.ipc.DefaultRpcScheduler, ipcBackoff: false.
2022-08-20 01:11:03,010 [Socket Reader #1 for port 37871] INFO  ipc.Server (Server.java:run(1265)) - Starting Socket Reader #1 for port 37871
2022-08-20 01:11:03,013 [Listener at localhost/37871] INFO  http.BaseHttpServer (BaseHttpServer.java:newHttpServer2BuilderForOzone(209)) - Starting Web-server for ozoneManager at: http://0.0.0.0:43387
2022-08-20 01:11:03,013 [Listener at localhost/37871] INFO  http.BaseHttpServer (BaseHttpServer.java:<init>(107)) - Hadoop Security Enabled: false Ozone Security Enabled: false Ozone HTTP Security Enabled: false 
2022-08-20 01:11:03,015 [Listener at localhost/37871] INFO  server.AuthenticationFilter (AuthenticationFilter.java:constructSecretProvider(240)) - Unable to initialize FileSignerSecretProvider, falling back to use random secrets.
2022-08-20 01:11:03,015 [Listener at localhost/37871] WARN  http.HttpRequestLog (HttpRequestLog.java:getRequestLog(103)) - Jetty request log can only be enabled using Log4j
2022-08-20 01:11:03,017 [Listener at localhost/37871] INFO  http.HttpServer2 (HttpServer2.java:addGlobalFilter(1029)) - Added global filter 'safety' (class=org.apache.hadoop.hdds.server.http.HttpServer2$QuotingInputFilter)
2022-08-20 01:11:03,017 [Listener at localhost/37871] INFO  http.HttpServer2 (HttpServer2.java:addFilter(1005)) - Added filter static_user_filter (class=org.apache.hadoop.http.lib.StaticUserWebFilter$StaticUserFilter) to context ozoneManager
2022-08-20 01:11:03,018 [Listener at localhost/37871] INFO  http.HttpServer2 (HttpServer2.java:addFilter(1013)) - Added filter static_user_filter (class=org.apache.hadoop.http.lib.StaticUserWebFilter$StaticUserFilter) to context static
2022-08-20 01:11:03,018 [Listener at localhost/37871] INFO  http.HttpServer2 (HttpServer2.java:addFilter(1013)) - Added filter static_user_filter (class=org.apache.hadoop.http.lib.StaticUserWebFilter$StaticUserFilter) to context logs
2022-08-20 01:11:03,018 [Listener at localhost/37871] INFO  http.HttpServer2 (HttpServer2.java:bindListener(1248)) - Jetty bound to port 43387
2022-08-20 01:11:03,018 [Listener at localhost/37871] INFO  server.Server (Server.java:doStart(375)) - jetty-9.4.43.v20210629; built: 2021-06-30T11:07:22.254Z; git: 526006ecfa3af7f1a27ef3a288e2bef7ea9dd7e8; jvm 1.8.0_332-b09
2022-08-20 01:11:03,019 [Listener at localhost/37871] INFO  server.session (DefaultSessionIdManager.java:doStart(334)) - DefaultSessionIdManager workerName=node0
2022-08-20 01:11:03,020 [Listener at localhost/37871] INFO  server.session (DefaultSessionIdManager.java:doStart(339)) - No SessionScavenger set, using defaults
2022-08-20 01:11:03,020 [Listener at localhost/37871] INFO  server.session (HouseKeeper.java:startScavenging(132)) - node0 Scavenging every 660000ms
2022-08-20 01:11:03,020 [Listener at localhost/37871] INFO  handler.ContextHandler (ContextHandler.java:doStart(915)) - Started o.e.j.s.ServletContextHandler@55ec97c6{logs,/logs,file:///home/runner/work/ozone/ozone/hadoop-ozone/integration-test/target/log,AVAILABLE}
2022-08-20 01:11:03,021 [Listener at localhost/37871] INFO  handler.ContextHandler (ContextHandler.java:doStart(915)) - Started o.e.j.s.ServletContextHandler@3baf972e{static,/static,file:///home/runner/work/ozone/ozone/hadoop-ozone/integration-test/target/test-classes/webapps/static,AVAILABLE}
2022-08-20 01:11:03,024 [Listener at localhost/37871] INFO  handler.ContextHandler (ContextHandler.java:doStart(915)) - Started o.e.j.w.WebAppContext@d8156ac{ozoneManager,/,file:///home/runner/work/ozone/ozone/hadoop-ozone/integration-test/target/test-classes/webapps/ozoneManager/,AVAILABLE}{file:/home/runner/work/ozone/ozone/hadoop-ozone/integration-test/target/test-classes/webapps/ozoneManager}
2022-08-20 01:11:03,030 [Listener at localhost/37871] INFO  server.AbstractConnector (AbstractConnector.java:doStart(331)) - Started ServerConnector@79237865{HTTP/1.1, (http/1.1)}{0.0.0.0:43387}
2022-08-20 01:11:03,030 [Listener at localhost/37871] INFO  server.Server (Server.java:doStart(415)) - Started @156864ms
2022-08-20 01:11:03,030 [Listener at localhost/37871] WARN  impl.MetricsSystemImpl (MetricsSystemImpl.java:register(279)) - Sink prometheus already exists!
2022-08-20 01:11:03,031 [Listener at localhost/37871] INFO  http.BaseHttpServer (BaseHttpServer.java:updateConnectorAddress(329)) - HTTP server of ozoneManager listening at http://0.0.0.0:43387
2022-08-20 01:11:03,033 [IPC Server Responder] INFO  ipc.Server (Server.java:run(1507)) - IPC Server Responder: starting
2022-08-20 01:11:03,035 [IPC Server listener on 37871] INFO  ipc.Server (Server.java:run(1344)) - IPC Server listener on 37871: starting
2022-08-20 01:11:03,043 [Listener at localhost/37871] INFO  om.OzoneManager (OzoneManager.java:startTrashEmptier(1907)) - Trash Interval set to 0. Files deleted won't move to trash
2022-08-20 01:11:03,044 [Listener at localhost/37871] INFO  om.OzoneManager (OzoneManager.java:stop(2022)) - omNode-1[localhost:36709]: Stopping Ozone Manager
2022-08-20 01:11:03,044 [Listener at localhost/37871] INFO  ipc.Server (Server.java:stop(3414)) - Stopping server on 36709
2022-08-20 01:11:03,045 [omNode-1-server-thread1] INFO  server.RaftServer$Division (RaftServerImpl.java:checkInconsistentAppendEntries(1424)) - omNode-1@group-523986131536: Failed appendEntries as previous log entry ((t:3, i:28)) is not found
2022-08-20 01:11:03,045 [omNode-1-server-thread1] INFO  server.RaftServer$Division (RaftServerImpl.java:checkInconsistentAppendEntries(1394)) - omNode-1@group-523986131536: inconsistency entries. Reply:omNode-2<-omNode-1#12358:FAIL-t3,INCONSISTENCY,nextIndex=23,followerCommit=22
2022-08-20 01:11:03,046 [IPC Server Responder] INFO  ipc.Server (Server.java:run(1512)) - Stopping IPC Server Responder
2022-08-20 01:11:03,046 [IPC Server listener on 36709] INFO  ipc.Server (Server.java:run(1376)) - Stopping IPC Server listener on 36709
2022-08-20 01:11:03,046 [Listener at localhost/37871] INFO  server.RaftServer (RaftServerProxy.java:lambda$close$7(398)) - omNode-1: close
2022-08-20 01:11:03,046 [grpc-default-executor-4] INFO  leader.FollowerInfo (FollowerInfoImpl.java:lambda$new$0(48)) - omNode-2@group-523986131536->omNode-1: nextIndex: updateUnconditionally 29 -> 23
2022-08-20 01:11:03,047 [org.apache.hadoop.util.JvmPauseMonitor$Monitor@3d8c8ca2] INFO  util.JvmPauseMonitor (JvmPauseMonitor.java:run(188)) - Starting JVM pause monitor
2022-08-20 01:11:03,046 [Listener at localhost/37871] INFO  server.RaftServer$Division (RaftServerImpl.java:lambda$close$4(434)) - omNode-1@group-523986131536: shutdown
2022-08-20 01:11:03,050 [Listener at localhost/37871] INFO  util.JmxRegister (JmxRegister.java:unregister(73)) - Successfully un-registered JMX Bean with object name Ratis:service=RaftServer,group=group-523986131536,id=omNode-1
2022-08-20 01:11:03,051 [Listener at localhost/37871] INFO  impl.RoleInfo (RoleInfo.java:shutdownFollowerState(110)) - omNode-1: shutdown omNode-1@group-523986131536-FollowerState
2022-08-20 01:11:03,051 [Listener at localhost/37871] INFO  impl.StateMachineUpdater (StateMachineUpdater.java:stopAndJoin(153)) - omNode-1@group-523986131536-StateMachineUpdater: set stopIndex = 22
2022-08-20 01:11:03,051 [omNode-1@group-523986131536-StateMachineUpdater] INFO  ratis.OzoneManagerStateMachine (OzoneManagerStateMachine.java:close(495)) - StateMachine has shutdown. Shutdown OzoneManager if not already shutdown.
2022-08-20 01:11:03,051 [omNode-1@group-523986131536-StateMachineUpdater] INFO  ratis.OzoneManagerDoubleBuffer (OzoneManagerDoubleBuffer.java:stop(466)) - Stopping OMDoubleBuffer flush thread
2022-08-20 01:11:03,051 [omNode-1@group-523986131536-FollowerState] INFO  impl.FollowerState (FollowerState.java:run(152)) - omNode-1@group-523986131536-FollowerState was interrupted
2022-08-20 01:11:03,051 [OMDoubleBufferFlushThread] INFO  ratis.OzoneManagerDoubleBuffer (OzoneManagerDoubleBuffer.java:flushTransactions(385)) - OMDoubleBuffer flush thread OMDoubleBufferFlushThread is interrupted and will exit.
2022-08-20 01:11:03,053 [Listener at localhost/37871] INFO  server.RaftServer$Division (ServerState.java:close(429)) - omNode-1@group-523986131536: closes. applyIndex: 22
2022-08-20 01:11:03,054 [omNode-1@group-523986131536-SegmentedRaftLogWorker] INFO  segmented.SegmentedRaftLogWorker (SegmentedRaftLogWorker.java:run(336)) - omNode-1@group-523986131536-SegmentedRaftLogWorker was interrupted, exiting. There are 0 tasks remaining in the queue.
2022-08-20 01:11:03,054 [Listener at localhost/37871] INFO  segmented.SegmentedRaftLogWorker (SegmentedRaftLogWorker.java:close(246)) - omNode-1@group-523986131536-SegmentedRaftLogWorker close()
2022-08-20 01:11:03,057 [Listener at localhost/37871] INFO  server.GrpcService (GrpcService.java:closeImpl(269)) - omNode-1: shutdown server with port 36801 now
2022-08-20 01:11:03,058 [grpc-default-executor-0] WARN  server.GrpcServerProtocolService (LogUtils.java:warn(122)) - omNode-1: installSnapshot onError, lastRequest: omNode-2->omNode-1#1-t3,previous=(t:2, i:24),leaderCommit=24,initializing? true,entries: size=1, first=(t:3, i:25), CONFIGURATIONENTRY: org.apache.ratis.thirdparty.io.grpc.StatusRuntimeException: CANCELLED: client cancelled
2022-08-20 01:11:03,064 [grpc-default-executor-6] WARN  server.GrpcServerProtocolService (LogUtils.java:warn(122)) - omNode-1: installSnapshot onError, lastRequest: omNode-2->omNode-1#12359-t3,previous=(t:0, i:0),leaderCommit=6,initializing? false,entries: size=6, first=(t:2, i:23), CONFIGURATIONENTRY: org.apache.ratis.thirdparty.io.grpc.StatusRuntimeException: CANCELLED: client cancelled
2022-08-20 01:11:03,065 [Listener at localhost/37871] INFO  server.GrpcService (GrpcService.java:closeImpl(278)) - omNode-1: shutdown server with port 36801 successfully
2022-08-20 01:11:03,066 [org.apache.ratis.util.JvmPauseMonitor$$Lambda$708/915414905@e10be0b] INFO  util.JvmPauseMonitor (JvmPauseMonitor.java:run(109)) - JvmPauseMonitor-omNode-1: Stopped
2022-08-20 01:11:03,066 [Listener at localhost/37871] INFO  ratis.OzoneManagerStateMachine (OzoneManagerStateMachine.java:close(495)) - StateMachine has shutdown. Shutdown OzoneManager if not already shutdown.
2022-08-20 01:11:03,066 [Listener at localhost/37871] INFO  ratis.OzoneManagerDoubleBuffer (OzoneManagerDoubleBuffer.java:stop(478)) - OMDoubleBuffer flush thread is not running.
2022-08-20 01:11:03,068 [grpc-default-executor-0] WARN  server.GrpcLogAppender (LogUtils.java:warn(122)) - omNode-2@group-523986131536->omNode-1-AppendLogResponseHandler: Failed appendEntries: org.apache.ratis.thirdparty.io.grpc.StatusRuntimeException: CANCELLED: RST_STREAM closed stream. HTTP/2 error code: CANCEL
2022-08-20 01:11:03,068 [grpc-default-executor-0] INFO  leader.FollowerInfo (FollowerInfoImpl.java:lambda$new$0(48)) - omNode-2@group-523986131536->omNode-1: nextIndex: updateUnconditionally 29 -> 23
2022-08-20 01:11:03,068 [grpc-default-executor-5] INFO  server.GrpcLogAppender (GrpcLogAppender.java:onError(328)) - omNode-2@group-523986131536->omNode-1-GrpcLogAppender is stopped
2022-08-20 01:11:03,070 [Listener at localhost/37871] INFO  handler.ContextHandler (ContextHandler.java:doStop(1153)) - Stopped o.e.j.w.WebAppContext@6a279d9e{ozoneManager,/,null,STOPPED}{file:/home/runner/work/ozone/ozone/hadoop-ozone/integration-test/target/test-classes/webapps/ozoneManager}
2022-08-20 01:11:03,071 [Listener at localhost/37871] INFO  server.AbstractConnector (AbstractConnector.java:doStop(381)) - Stopped ServerConnector@5f8c60f0{HTTP/1.1, (http/1.1)}{0.0.0.0:46185}
2022-08-20 01:11:03,071 [Listener at localhost/37871] INFO  server.session (HouseKeeper.java:stopScavenging(149)) - node0 Stopped scavenging
2022-08-20 01:11:03,071 [Listener at localhost/37871] INFO  handler.ContextHandler (ContextHandler.java:doStop(1153)) - Stopped o.e.j.s.ServletContextHandler@2d80cec3{static,/static,file:///home/runner/work/ozone/ozone/hadoop-ozone/integration-test/target/test-classes/webapps/static,STOPPED}
2022-08-20 01:11:03,071 [Listener at localhost/37871] INFO  handler.ContextHandler (ContextHandler.java:doStop(1153)) - Stopped o.e.j.s.ServletContextHandler@5925f653{logs,/logs,file:///home/runner/work/ozone/ozone/hadoop-ozone/integration-test/target/log,STOPPED}
2022-08-20 01:11:03,074 [Listener at localhost/37871] INFO  om.OzoneManager (OzoneManager.java:restart(1559)) - OzoneManager RPC server is listening at localhost/127.0.0.1:36709
2022-08-20 01:11:03,074 [Listener at localhost/37871] INFO  impl.MetricsSystemImpl (MetricsSystemImpl.java:init(158)) - OzoneManager metrics system started (again)
2022-08-20 01:11:03,079 [grpc-default-executor-5] WARN  server.GrpcLogAppender (LogUtils.java:warn(122)) - omNode-2@group-523986131536->omNode-1-AppendLogResponseHandler: Failed appendEntries: org.apache.ratis.thirdparty.io.grpc.StatusRuntimeException: UNAVAILABLE: io exception
2022-08-20 01:11:03,080 [grpc-default-executor-5] INFO  leader.FollowerInfo (FollowerInfoImpl.java:lambda$new$0(48)) - omNode-2@group-523986131536->omNode-1: nextIndex: updateUnconditionally 29 -> 23
2022-08-20 01:11:03,089 [Listener at localhost/37871] WARN  server.ServerUtils (ServerUtils.java:getDBPath(225)) - ozone.om.db.dirs is not configured. We recommend adding this setting. Falling back to ozone.metadata.dirs instead.
2022-08-20 01:11:03,089 [Listener at localhost/37871] INFO  codec.OmKeyInfoCodec (OmKeyInfoCodec.java:<init>(49)) - OmKeyInfoCodec ignorePipeline = true
2022-08-20 01:11:03,089 [Listener at localhost/37871] INFO  codec.RepeatedOmKeyInfoCodec (RepeatedOmKeyInfoCodec.java:<init>(41)) - RepeatedOmKeyInfoCodec ignorePipeline = true
2022-08-20 01:11:03,118 [Listener at localhost/37871] INFO  om.OzoneManager (OzoneManager.java:instantiateServices(697)) - S3 Multi-Tenancy is disabled
2022-08-20 01:11:03,118 [Listener at localhost/37871] WARN  om.OzoneManager (OzoneManager.java:instantiatePrepareStateOnStartup(4394)) - Prepare marker file index 22 does not match DB prepare index 20. Writing DB index to prepare file and maintaining prepared state.
2022-08-20 01:11:03,119 [Listener at localhost/37871] INFO  om.OzoneManagerPrepareState (OzoneManagerPrepareState.java:writePrepareMarkerFile(262)) - Prepare marker file written with log index 20 to file /home/runner/work/ozone/ozone/hadoop-ozone/integration-test/target/test-dir/MiniOzoneClusterImpl-306a21b8-6709-48a1-b079-68f3908e87f8/omNode-1/current/prepareMarker
2022-08-20 01:11:03,124 [Listener at localhost/37871] WARN  impl.MetricRegistriesImpl (MetricRegistriesImpl.java:addReporterRegistration(111)) - New reporters are added after registries were created. Some metrics will be missing from the reporter. Please add reporter before adding any new registry.
2022-08-20 01:11:03,124 [Listener at localhost/37871] WARN  impl.MetricRegistriesImpl (MetricRegistriesImpl.java:addReporterRegistration(111)) - New reporters are added after registries were created. Some metrics will be missing from the reporter. Please add reporter before adding any new registry.
2022-08-20 01:11:03,124 [Listener at localhost/37871] WARN  server.ServerUtils (ServerUtils.java:getDefaultRatisDirectory(237)) - Storage directory for Ratis is not configured. It is a good idea to map this to an SSD disk. Falling back to ozone.metadata.dirs
2022-08-20 01:11:03,125 [Listener at localhost/37871] INFO  ratis.OzoneManagerRatisServer (OzoneManagerRatisServer.java:<init>(159)) - Instantiating OM Ratis server with groupID: om-service-test1 and peers: localhost:36801, localhost:35203, localhost:43573
2022-08-20 01:11:03,125 [Listener at localhost/37871] INFO  ratis.OzoneManagerStateMachine (OzoneManagerStateMachine.java:loadSnapshotInfoFromDB(632)) - LastAppliedIndex is set from TransactionInfo from OM DB as (t:1, i:22)
2022-08-20 01:11:03,125 [Listener at localhost/37871] INFO  server.RaftServer (ConfUtils.java:logGet(46)) - raft.rpc.type = GRPC (default)
2022-08-20 01:11:03,126 [Listener at localhost/37871] INFO  grpc.GrpcFactory (GrpcFactory.java:checkPooledByteBufAllocatorUseCacheForAllThreads(48)) - PERFORMANCE WARNING: useCacheForAllThreads is true that may cause Netty to create a lot garbage objects and, as a result, trigger GC.
	It is recommended to disable useCacheForAllThreads by setting -Dorg.apache.ratis.thirdparty.io.netty.allocator.useCacheForAllThreads=false in command line.
2022-08-20 01:11:03,126 [Listener at localhost/37871] INFO  grpc.GrpcConfigKeys (ConfUtils.java:logGet(46)) - raft.grpc.admin.port = -1 (default)
2022-08-20 01:11:03,126 [Listener at localhost/37871] INFO  grpc.GrpcConfigKeys (ConfUtils.java:logGet(46)) - raft.grpc.server.port = 36801 (custom)
2022-08-20 01:11:03,126 [Listener at localhost/37871] INFO  grpc.GrpcConfigKeys (ConfUtils.java:logGet(46)) - raft.grpc.client.port = -1 (default)
2022-08-20 01:11:03,126 [Listener at localhost/37871] INFO  grpc.GrpcConfigKeys (ConfUtils.java:logGet(46)) - raft.grpc.server.port = 36801 (custom)
2022-08-20 01:11:03,126 [Listener at localhost/37871] INFO  grpc.GrpcConfigKeys (ConfUtils.java:logGet(46)) - raft.grpc.server.port = 36801 (custom)
2022-08-20 01:11:03,126 [Listener at localhost/37871] INFO  server.GrpcService (ConfUtils.java:logGet(46)) - raft.grpc.message.size.max = 33554432 (custom)
2022-08-20 01:11:03,127 [Listener at localhost/37871] INFO  server.RaftServerConfigKeys (ConfUtils.java:logGet(46)) - raft.server.log.appender.buffer.byte-limit = 33554432 (custom)
2022-08-20 01:11:03,127 [Listener at localhost/37871] INFO  server.GrpcService (ConfUtils.java:logGet(46)) - raft.grpc.flow.control.window = 1MB (=1048576) (default)
2022-08-20 01:11:03,127 [Listener at localhost/37871] INFO  server.RaftServerConfigKeys (ConfUtils.java:logGet(46)) - raft.server.rpc.request.timeout = 3000ms (default)
2022-08-20 01:11:03,127 [Listener at localhost/37871] INFO  grpc.GrpcConfigKeys (ConfUtils.java:logGet(46)) - raft.grpc.server.async.request.thread.pool.cached = true (default)
2022-08-20 01:11:03,127 [Listener at localhost/37871] INFO  grpc.GrpcConfigKeys (ConfUtils.java:logGet(46)) - raft.grpc.server.async.request.thread.pool.size = 32 (default)
2022-08-20 01:11:03,128 [Listener at localhost/37871] INFO  impl.DataStreamServerImpl (ConfUtils.java:logGet(46)) - raft.datastream.type = DISABLED (default)
2022-08-20 01:11:03,128 [Listener at localhost/37871] INFO  server.RaftServerConfigKeys (ConfUtils.java:logGet(46)) - raft.server.threadpool.proxy.cached = true (default)
2022-08-20 01:11:03,129 [Listener at localhost/37871] INFO  server.RaftServerConfigKeys (ConfUtils.java:logGet(46)) - raft.server.threadpool.proxy.size = 0 (default)
2022-08-20 01:11:03,129 [Listener at localhost/37871] INFO  server.RaftServerConfigKeys (ConfUtils.java:logGet(46)) - raft.server.rpc.slowness.timeout = 2s (custom)
2022-08-20 01:11:03,129 [Listener at localhost/37871] INFO  server.RaftServerConfigKeys (ConfUtils.java:logGet(46)) - raft.server.leaderelection.leader.step-down.wait-time = 10s (default)
2022-08-20 01:11:03,129 [Listener at localhost/37871] INFO  server.RaftServerConfigKeys (ConfUtils.java:logGet(46)) - raft.server.storage.dir = [/home/runner/work/ozone/ozone/hadoop-ozone/integration-test/target/test-dir/MiniOzoneClusterImpl-306a21b8-6709-48a1-b079-68f3908e87f8/omNode-1/ratis] (custom)
2022-08-20 01:11:03,129 [omNode-1-impl-thread1] INFO  server.RaftServer (RaftServerProxy.java:initGroupDir(247)) - omNode-1: found a subdirectory /home/runner/work/ozone/ozone/hadoop-ozone/integration-test/target/test-dir/MiniOzoneClusterImpl-306a21b8-6709-48a1-b079-68f3908e87f8/omNode-1/ratis/c9bc4cf4-3bc3-3c60-a66b-523986131536
2022-08-20 01:11:03,130 [Listener at localhost/37871] INFO  server.RaftServer (RaftServerProxy.java:addNew(96)) - omNode-1: addNew group-523986131536:[omNode-3|rpc:localhost:35203|priority:0, omNode-1|rpc:localhost:36801|priority:0, omNode-2|rpc:localhost:43573|priority:0] returns group-523986131536:java.util.concurrent.CompletableFuture@7561dfe3[Not completed]
2022-08-20 01:11:03,130 [pool-319-thread-1] INFO  server.RaftServer$Division (RaftServerImpl.java:<init>(190)) - omNode-1: new RaftServerImpl for group-523986131536:[omNode-3|rpc:localhost:35203|priority:0, omNode-1|rpc:localhost:36801|priority:0, omNode-2|rpc:localhost:43573|priority:0] with OzoneManagerStateMachine:uninitialized
2022-08-20 01:11:03,130 [Listener at localhost/37871] INFO  om.OzoneManager (OzoneManager.java:initializeRatisServer(1963)) - OzoneManager Ratis server initialized at port 36801
2022-08-20 01:11:03,130 [pool-319-thread-1] INFO  server.RaftServerConfigKeys (ConfUtils.java:logGet(46)) - raft.server.rpc.timeout.min = 1s (custom)
2022-08-20 01:11:03,130 [Listener at localhost/37871] INFO  ratis.OzoneManagerRatisServer (OzoneManagerRatisServer.java:start(554)) - Starting OzoneManagerRatisServer omNode-1 at port 36801
2022-08-20 01:11:03,130 [pool-319-thread-1] INFO  server.RaftServerConfigKeys (ConfUtils.java:logGet(46)) - raft.server.rpc.timeout.max = 1200ms (custom)
2022-08-20 01:11:03,130 [pool-319-thread-1] INFO  server.RaftServerConfigKeys (ConfUtils.java:logGet(46)) - raft.server.rpc.sleep.time = 25ms (default)
2022-08-20 01:11:03,130 [pool-319-thread-1] INFO  server.RaftServerConfigKeys (ConfUtils.java:logGet(46)) - raft.server.rpc.slowness.timeout = 2s (custom)
2022-08-20 01:11:03,130 [pool-319-thread-1] INFO  server.RaftServerConfigKeys (ConfUtils.java:logGet(46)) - raft.server.leaderelection.leader.step-down.wait-time = 10s (default)
2022-08-20 01:11:03,130 [pool-319-thread-1] INFO  server.RaftServerConfigKeys (ConfUtils.java:logGet(46)) - raft.server.sleep.deviation.threshold = 300ms (default)
2022-08-20 01:11:03,131 [pool-319-thread-1] INFO  server.RaftServer$Division (ServerState.java:<init>(107)) - omNode-1@group-523986131536: ConfigurationManager, init=-1: [omNode-3|rpc:localhost:35203|priority:0, omNode-1|rpc:localhost:36801|priority:0, omNode-2|rpc:localhost:43573|priority:0], old=null, confs=<EMPTY_MAP>
2022-08-20 01:11:03,131 [pool-319-thread-1] INFO  server.RaftServerConfigKeys (ConfUtils.java:logGet(46)) - raft.server.storage.dir = [/home/runner/work/ozone/ozone/hadoop-ozone/integration-test/target/test-dir/MiniOzoneClusterImpl-306a21b8-6709-48a1-b079-68f3908e87f8/omNode-1/ratis] (custom)
2022-08-20 01:11:03,131 [pool-319-thread-1] INFO  server.RaftServerConfigKeys (ConfUtils.java:logGet(46)) - raft.server.log.corruption.policy = EXCEPTION (default)
2022-08-20 01:11:03,131 [pool-319-thread-1] INFO  server.RaftServerConfigKeys (ConfUtils.java:logGet(46)) - raft.server.storage.free-space.min = 0MB (=0) (default)
2022-08-20 01:11:03,132 [pool-319-thread-1] INFO  storage.RaftStorageDirectory (RaftStorageDirectoryImpl.java:tryLock(230)) - Lock on /home/runner/work/ozone/ozone/hadoop-ozone/integration-test/target/test-dir/MiniOzoneClusterImpl-306a21b8-6709-48a1-b079-68f3908e87f8/omNode-1/ratis/c9bc4cf4-3bc3-3c60-a66b-523986131536/in_use.lock acquired by nodename 18539@fv-az242-328
2022-08-20 01:11:03,132 [pool-319-thread-1] INFO  storage.RaftStorage (RaftStorageImpl.java:analyzeAndRecoverStorage(110)) - Read RaftStorageMetadata{term=3, votedFor=omNode-2} from /home/runner/work/ozone/ozone/hadoop-ozone/integration-test/target/test-dir/MiniOzoneClusterImpl-306a21b8-6709-48a1-b079-68f3908e87f8/omNode-1/ratis/c9bc4cf4-3bc3-3c60-a66b-523986131536/current/raft-meta
2022-08-20 01:11:03,132 [pool-319-thread-1] INFO  server.RaftServer$Division (ServerState.java:setRaftConf(393)) - omNode-1@group-523986131536: set configuration 25: [omNode-3|rpc:localhost:35203|admin:|client:|dataStream:|priority:0, omNode-1|rpc:localhost:36801|admin:|client:|dataStream:|priority:0, omNode-2|rpc:localhost:43573|admin:|client:|dataStream:|priority:0], old=null
2022-08-20 01:11:03,133 [pool-319-thread-1] INFO  server.RaftServerConfigKeys (ConfUtils.java:logGet(46)) - raft.server.notification.no-leader.timeout = 2s (custom)
2022-08-20 01:11:03,133 [pool-319-thread-1] INFO  server.RaftServerConfigKeys (ConfUtils.java:logGet(46)) - raft.server.log.use.memory = false (default)
2022-08-20 01:11:03,133 [pool-319-thread-1] INFO  server.RaftServerConfigKeys (ConfUtils.java:logGet(46)) - raft.server.log.purge.gap = 50 (custom)
2022-08-20 01:11:03,133 [pool-319-thread-1] INFO  server.RaftServerConfigKeys (ConfUtils.java:logGet(46)) - raft.server.log.appender.buffer.byte-limit = 33554432 (custom)
2022-08-20 01:11:03,133 [pool-319-thread-1] INFO  server.RaftServerConfigKeys (ConfUtils.java:logGet(46)) - raft.server.log.statemachine.data.read.timeout = 1000ms (default)
2022-08-20 01:11:03,133 [pool-319-thread-1] INFO  server.RaftServerConfigKeys (ConfUtils.java:logGet(46)) - raft.server.log.segment.size.max = 4194304 (custom)
2022-08-20 01:11:03,133 [pool-319-thread-1] INFO  server.RaftServerConfigKeys (ConfUtils.java:logGet(46)) - raft.server.log.segment.cache.num.max = 2 (custom)
2022-08-20 01:11:03,133 [pool-319-thread-1] INFO  server.RaftServerConfigKeys (ConfUtils.java:logGet(46)) - raft.server.log.segment.cache.size.max = 200MB (=209715200) (default)
2022-08-20 01:11:03,133 [pool-319-thread-1] INFO  segmented.SegmentedRaftLogWorker (SegmentedRaftLogWorker.java:<init>(187)) - new omNode-1@group-523986131536-SegmentedRaftLogWorker for RaftStorageImpl:Storage Directory /home/runner/work/ozone/ozone/hadoop-ozone/integration-test/target/test-dir/MiniOzoneClusterImpl-306a21b8-6709-48a1-b079-68f3908e87f8/omNode-1/ratis/c9bc4cf4-3bc3-3c60-a66b-523986131536
2022-08-20 01:11:03,133 [pool-319-thread-1] INFO  server.RaftServerConfigKeys (ConfUtils.java:logGet(46)) - raft.server.log.queue.byte-limit = 64MB (=67108864) (default)
2022-08-20 01:11:03,133 [pool-319-thread-1] INFO  server.RaftServerConfigKeys (ConfUtils.java:logGet(46)) - raft.server.log.queue.element-limit = 4096 (default)
2022-08-20 01:11:03,133 [pool-319-thread-1] INFO  server.RaftServerConfigKeys (ConfUtils.java:logGet(46)) - raft.server.log.segment.size.max = 4194304 (custom)
2022-08-20 01:11:03,134 [pool-319-thread-1] INFO  server.RaftServerConfigKeys (ConfUtils.java:logGet(46)) - raft.server.log.preallocated.size = 4194304 (custom)
2022-08-20 01:11:03,134 [pool-319-thread-1] INFO  server.RaftServerConfigKeys (ConfUtils.java:logGet(46)) - raft.server.log.force.sync.num = 128 (default)
2022-08-20 01:11:03,134 [pool-319-thread-1] INFO  server.RaftServerConfigKeys (ConfUtils.java:logGet(46)) - raft.server.log.statemachine.data.sync = true (default)
2022-08-20 01:11:03,134 [pool-319-thread-1] INFO  server.RaftServerConfigKeys (ConfUtils.java:logGet(46)) - raft.server.log.statemachine.data.sync.timeout = 10s (default)
2022-08-20 01:11:03,134 [pool-319-thread-1] INFO  server.RaftServerConfigKeys (ConfUtils.java:logGet(46)) - raft.server.log.statemachine.data.sync.timeout.retry = -1 (default)
2022-08-20 01:11:03,134 [pool-319-thread-1] INFO  server.RaftServerConfigKeys (ConfUtils.java:logGet(46)) - raft.server.log.write.buffer.size = 64KB (=65536) (default)
2022-08-20 01:11:03,135 [pool-319-thread-1] INFO  server.RaftServerConfigKeys (ConfUtils.java:logGet(46)) - raft.server.log.unsafe-flush.enabled = false (default)
2022-08-20 01:11:03,135 [pool-319-thread-1] INFO  server.RaftServerConfigKeys (ConfUtils.java:logGet(46)) - raft.server.log.statemachine.data.caching.enabled = false (default)
2022-08-20 01:11:03,135 [pool-319-thread-1] INFO  segmented.SegmentedRaftLogWorker (SegmentedRaftLogWorker.java:lambda$new$0(135)) - omNode-1@group-523986131536-SegmentedRaftLogWorker: flushIndex: setUnconditionally 0 -> 22
2022-08-20 01:11:03,135 [pool-319-thread-1] INFO  segmented.SegmentedRaftLogWorker (SegmentedRaftLogWorker.java:lambda$new$0(135)) - omNode-1@group-523986131536-SegmentedRaftLogWorker: safeCacheEvictIndex: setUnconditionally 0 -> -1
2022-08-20 01:11:03,135 [pool-319-thread-1] INFO  server.RaftServerConfigKeys (ConfUtils.java:logGet(46)) - raft.server.snapshot.auto.trigger.enabled = true (custom)
2022-08-20 01:11:03,135 [pool-319-thread-1] INFO  server.RaftServerConfigKeys (ConfUtils.java:logGet(46)) - raft.server.snapshot.auto.trigger.threshold = 50 (custom)
2022-08-20 01:11:03,135 [pool-319-thread-1] INFO  server.RaftServerConfigKeys (ConfUtils.java:logGet(46)) - raft.server.snapshot.retention.file.num = -1 (default)
2022-08-20 01:11:03,135 [pool-319-thread-1] INFO  server.RaftServerConfigKeys (ConfUtils.java:logGet(46)) - raft.server.log.purge.upto.snapshot.index = true (custom)
2022-08-20 01:11:03,135 [pool-319-thread-1] INFO  server.RaftServerConfigKeys (ConfUtils.java:logGet(46)) - raft.server.retrycache.expirytime = 30000ms (custom)
2022-08-20 01:11:03,135 [pool-319-thread-1] INFO  server.RaftServerConfigKeys (ConfUtils.java:logGet(46)) - raft.server.retrycache.statistics.expirytime = 100μs (default)
2022-08-20 01:11:03,136 [pool-319-thread-1] INFO  server.RaftServerConfigKeys (ConfUtils.java:logGet(46)) - raft.server.log.appender.install.snapshot.enabled = false (custom)
2022-08-20 01:11:03,136 [pool-319-thread-1] INFO  server.RaftServerConfigKeys (ConfUtils.java:logGet(46)) - raft.server.threadpool.server.cached = true (default)
2022-08-20 01:11:03,136 [pool-319-thread-1] INFO  server.RaftServerConfigKeys (ConfUtils.java:logGet(46)) - raft.server.threadpool.server.size = 0 (default)
2022-08-20 01:11:03,136 [pool-319-thread-1] INFO  server.RaftServerConfigKeys (ConfUtils.java:logGet(46)) - raft.server.threadpool.client.cached = true (default)
2022-08-20 01:11:03,136 [pool-319-thread-1] INFO  server.RaftServerConfigKeys (ConfUtils.java:logGet(46)) - raft.server.threadpool.client.size = 0 (default)
2022-08-20 01:11:03,136 [omNode-1-impl-thread1] INFO  server.RaftServer$Division (RaftServerImpl.java:start(310)) - omNode-1@group-523986131536: start as a follower, conf=25: [omNode-3|rpc:localhost:35203|admin:|client:|dataStream:|priority:0, omNode-1|rpc:localhost:36801|admin:|client:|dataStream:|priority:0, omNode-2|rpc:localhost:43573|admin:|client:|dataStream:|priority:0], old=null
2022-08-20 01:11:03,136 [omNode-1-impl-thread1] INFO  server.RaftServer$Division (RaftServerImpl.java:setRole(299)) - omNode-1@group-523986131536: changes role from      null to FOLLOWER at term 3 for startAsFollower
2022-08-20 01:11:03,136 [omNode-1-impl-thread1] INFO  impl.RoleInfo (RoleInfo.java:updateAndGet(139)) - omNode-1: start omNode-1@group-523986131536-FollowerState
2022-08-20 01:11:03,137 [omNode-1-impl-thread1] INFO  util.JmxRegister (JmxRegister.java:tryRegister(44)) - Successfully registered JMX Bean with object name Ratis:service=RaftServer,group=group-523986131536,id=omNode-1
2022-08-20 01:11:03,139 [Listener at localhost/37871] INFO  server.RaftServer (RaftServerProxy.java:lambda$start$6(382)) - omNode-1: start RPC server
2022-08-20 01:11:03,141 [Listener at localhost/37871] INFO  server.GrpcService (GrpcService.java:startImpl(260)) - omNode-1: GrpcService started, listening on 36801
2022-08-20 01:11:03,141 [Listener at localhost/37871] INFO  om.OzoneManager (OzoneManager.java:getRpcServer(1086)) - Creating RPC Server
2022-08-20 01:11:03,142 [org.apache.ratis.util.JvmPauseMonitor$$Lambda$708/915414905@59f45a7d] INFO  util.JvmPauseMonitor (JvmPauseMonitor.java:run(103)) - JvmPauseMonitor-omNode-1: Started
2022-08-20 01:11:03,441 [Listener at localhost/37871] INFO  reflections.Reflections (Reflections.java:scan(232)) - Reflections took 299 ms to scan 19 urls, producing 67 keys and 4157 values [using 2 cores]
2022-08-20 01:11:03,443 [Listener at localhost/37871] INFO  ipc.CallQueueManager (CallQueueManager.java:<init>(90)) - Using callQueue: class java.util.concurrent.LinkedBlockingQueue, queueCapacity: 2000, scheduler: class org.apache.hadoop.ipc.DefaultRpcScheduler, ipcBackoff: false.
2022-08-20 01:11:03,443 [Socket Reader #1 for port 36709] INFO  ipc.Server (Server.java:run(1265)) - Starting Socket Reader #1 for port 36709
2022-08-20 01:11:03,450 [Listener at localhost/36709] INFO  http.BaseHttpServer (BaseHttpServer.java:newHttpServer2BuilderForOzone(209)) - Starting Web-server for ozoneManager at: http://0.0.0.0:46185
2022-08-20 01:11:03,450 [Listener at localhost/36709] INFO  http.BaseHttpServer (BaseHttpServer.java:<init>(107)) - Hadoop Security Enabled: false Ozone Security Enabled: false Ozone HTTP Security Enabled: false 
2022-08-20 01:11:03,451 [Listener at localhost/36709] INFO  server.AuthenticationFilter (AuthenticationFilter.java:constructSecretProvider(240)) - Unable to initialize FileSignerSecretProvider, falling back to use random secrets.
2022-08-20 01:11:03,452 [Listener at localhost/36709] WARN  http.HttpRequestLog (HttpRequestLog.java:getRequestLog(103)) - Jetty request log can only be enabled using Log4j
2022-08-20 01:11:03,454 [Listener at localhost/36709] INFO  http.HttpServer2 (HttpServer2.java:addGlobalFilter(1029)) - Added global filter 'safety' (class=org.apache.hadoop.hdds.server.http.HttpServer2$QuotingInputFilter)
2022-08-20 01:11:03,455 [Listener at localhost/36709] INFO  http.HttpServer2 (HttpServer2.java:addFilter(1005)) - Added filter static_user_filter (class=org.apache.hadoop.http.lib.StaticUserWebFilter$StaticUserFilter) to context ozoneManager
2022-08-20 01:11:03,455 [Listener at localhost/36709] INFO  http.HttpServer2 (HttpServer2.java:addFilter(1013)) - Added filter static_user_filter (class=org.apache.hadoop.http.lib.StaticUserWebFilter$StaticUserFilter) to context logs
2022-08-20 01:11:03,455 [Listener at localhost/36709] INFO  http.HttpServer2 (HttpServer2.java:addFilter(1013)) - Added filter static_user_filter (class=org.apache.hadoop.http.lib.StaticUserWebFilter$StaticUserFilter) to context static
2022-08-20 01:11:03,455 [Listener at localhost/36709] INFO  http.HttpServer2 (HttpServer2.java:bindListener(1248)) - Jetty bound to port 46185
2022-08-20 01:11:03,455 [Listener at localhost/36709] INFO  server.Server (Server.java:doStart(375)) - jetty-9.4.43.v20210629; built: 2021-06-30T11:07:22.254Z; git: 526006ecfa3af7f1a27ef3a288e2bef7ea9dd7e8; jvm 1.8.0_332-b09
2022-08-20 01:11:03,457 [Listener at localhost/36709] INFO  server.session (DefaultSessionIdManager.java:doStart(334)) - DefaultSessionIdManager workerName=node0
2022-08-20 01:11:03,457 [Listener at localhost/36709] INFO  server.session (DefaultSessionIdManager.java:doStart(339)) - No SessionScavenger set, using defaults
2022-08-20 01:11:03,457 [Listener at localhost/36709] INFO  server.session (HouseKeeper.java:startScavenging(132)) - node0 Scavenging every 600000ms
2022-08-20 01:11:03,458 [Listener at localhost/36709] INFO  handler.ContextHandler (ContextHandler.java:doStart(915)) - Started o.e.j.s.ServletContextHandler@86c162e{logs,/logs,file:///home/runner/work/ozone/ozone/hadoop-ozone/integration-test/target/log,AVAILABLE}
2022-08-20 01:11:03,459 [Listener at localhost/36709] INFO  handler.ContextHandler (ContextHandler.java:doStart(915)) - Started o.e.j.s.ServletContextHandler@619a61c1{static,/static,file:///home/runner/work/ozone/ozone/hadoop-ozone/integration-test/target/test-classes/webapps/static,AVAILABLE}
2022-08-20 01:11:03,462 [Listener at localhost/36709] INFO  handler.ContextHandler (ContextHandler.java:doStart(915)) - Started o.e.j.w.WebAppContext@6d3a662a{ozoneManager,/,file:///home/runner/work/ozone/ozone/hadoop-ozone/integration-test/target/test-classes/webapps/ozoneManager/,AVAILABLE}{file:/home/runner/work/ozone/ozone/hadoop-ozone/integration-test/target/test-classes/webapps/ozoneManager}
2022-08-20 01:11:03,465 [Listener at localhost/36709] INFO  server.AbstractConnector (AbstractConnector.java:doStart(331)) - Started ServerConnector@53937bc6{HTTP/1.1, (http/1.1)}{0.0.0.0:46185}
2022-08-20 01:11:03,465 [Listener at localhost/36709] INFO  server.Server (Server.java:doStart(415)) - Started @157298ms
2022-08-20 01:11:03,465 [Listener at localhost/36709] WARN  impl.MetricsSystemImpl (MetricsSystemImpl.java:register(279)) - Sink prometheus already exists!
2022-08-20 01:11:03,466 [Listener at localhost/36709] INFO  http.BaseHttpServer (BaseHttpServer.java:updateConnectorAddress(329)) - HTTP server of ozoneManager listening at http://0.0.0.0:46185
2022-08-20 01:11:03,466 [IPC Server Responder] INFO  ipc.Server (Server.java:run(1507)) - IPC Server Responder: starting
2022-08-20 01:11:03,466 [IPC Server listener on 36709] INFO  ipc.Server (Server.java:run(1344)) - IPC Server listener on 36709: starting
2022-08-20 01:11:03,480 [Listener at localhost/36709] INFO  om.OzoneManager (OzoneManager.java:startTrashEmptier(1907)) - Trash Interval set to 0. Files deleted won't move to trash
2022-08-20 01:11:03,483 [Listener at localhost/36709] INFO  om.OzoneManager (OzoneManager.java:stop(2022)) - omNode-2[localhost:37097]: Stopping Ozone Manager
2022-08-20 01:11:03,483 [org.apache.hadoop.util.JvmPauseMonitor$Monitor@64c53561] INFO  util.JvmPauseMonitor (JvmPauseMonitor.java:run(188)) - Starting JVM pause monitor
2022-08-20 01:11:03,483 [Listener at localhost/36709] INFO  ipc.Server (Server.java:stop(3414)) - Stopping server on 37097
2022-08-20 01:11:03,486 [IPC Server Responder] INFO  ipc.Server (Server.java:run(1512)) - Stopping IPC Server Responder
2022-08-20 01:11:03,486 [IPC Server listener on 37097] INFO  ipc.Server (Server.java:run(1376)) - Stopping IPC Server listener on 37097
2022-08-20 01:11:03,486 [Listener at localhost/36709] INFO  server.RaftServer (RaftServerProxy.java:lambda$close$7(398)) - omNode-2: close
2022-08-20 01:11:03,487 [Listener at localhost/36709] INFO  server.RaftServer$Division (RaftServerImpl.java:lambda$close$4(434)) - omNode-2@group-523986131536: shutdown
2022-08-20 01:11:03,487 [Listener at localhost/36709] INFO  util.JmxRegister (JmxRegister.java:unregister(73)) - Successfully un-registered JMX Bean with object name Ratis:service=RaftServer,group=group-523986131536,id=omNode-2
2022-08-20 01:11:03,487 [Listener at localhost/36709] INFO  impl.RoleInfo (RoleInfo.java:shutdownLeaderState(93)) - omNode-2: shutdown omNode-2@group-523986131536-LeaderStateImpl
2022-08-20 01:11:03,487 [omNode-2@group-523986131536->omNode-3-GrpcLogAppender-LogAppenderDaemon] WARN  server.GrpcLogAppender (GrpcLogAppender.java:mayWait(171)) - omNode-2@group-523986131536->omNode-3-GrpcLogAppender: Wait interrupted by java.lang.InterruptedException
2022-08-20 01:11:03,487 [omNode-2@group-523986131536->omNode-1-GrpcLogAppender-LogAppenderDaemon] WARN  server.GrpcLogAppender (GrpcLogAppender.java:mayWait(171)) - omNode-2@group-523986131536->omNode-1-GrpcLogAppender: Wait interrupted by java.lang.InterruptedException
2022-08-20 01:11:03,487 [Listener at localhost/36709] INFO  impl.PendingRequests (PendingRequests.java:sendNotLeaderResponses(282)) - omNode-2@group-523986131536-PendingRequests: sendNotLeaderResponses
2022-08-20 01:11:03,488 [grpc-default-executor-5] INFO  server.GrpcServerProtocolService (GrpcServerProtocolService.java:onCompleted(140)) - omNode-3: Completed APPEND_ENTRIES, lastRequest: omNode-2->omNode-3#327-t3,previous=(t:3, i:27),leaderCommit=28,initializing? true,entries: size=1, first=(t:3, i:28), METADATAENTRY(c:27)
2022-08-20 01:11:03,489 [grpc-default-executor-6] INFO  server.GrpcLogAppender (GrpcLogAppender.java:onCompleted(339)) - omNode-2@group-523986131536->omNode-3-AppendLogResponseHandler: follower responses appendEntries COMPLETED
2022-08-20 01:11:03,489 [grpc-default-executor-6] INFO  leader.FollowerInfo (FollowerInfoImpl.java:lambda$new$0(48)) - omNode-2@group-523986131536->omNode-3: nextIndex: updateUnconditionally 29 -> 28
2022-08-20 01:11:03,490 [omNode-2@group-523986131536-StateMachineUpdater] INFO  ratis.OzoneManagerStateMachine (OzoneManagerStateMachine.java:takeSnapshot(441)) - Current Snapshot Index (t:3, i:28)
2022-08-20 01:11:03,491 [omNode-2@group-523986131536-StateMachineUpdater] INFO  impl.StateMachineUpdater (StateMachineUpdater.java:takeSnapshot(287)) - omNode-2@group-523986131536-StateMachineUpdater: Took a snapshot at index 28
2022-08-20 01:11:03,491 [omNode-2@group-523986131536-StateMachineUpdater] INFO  impl.StateMachineUpdater (StateMachineUpdater.java:lambda$new$0(92)) - omNode-2@group-523986131536-StateMachineUpdater: snapshotIndex: updateIncreasingly 24 -> 28
2022-08-20 01:11:03,491 [omNode-2@group-523986131536-StateMachineUpdater] INFO  ratis.OzoneManagerStateMachine (OzoneManagerStateMachine.java:close(495)) - StateMachine has shutdown. Shutdown OzoneManager if not already shutdown.
2022-08-20 01:11:03,491 [omNode-2@group-523986131536-StateMachineUpdater] INFO  ratis.OzoneManagerDoubleBuffer (OzoneManagerDoubleBuffer.java:stop(466)) - Stopping OMDoubleBuffer flush thread
2022-08-20 01:11:03,491 [Listener at localhost/36709] INFO  impl.StateMachineUpdater (StateMachineUpdater.java:stopAndJoin(153)) - omNode-2@group-523986131536-StateMachineUpdater: set stopIndex = 28
2022-08-20 01:11:03,491 [OMDoubleBufferFlushThread] INFO  ratis.OzoneManagerDoubleBuffer (OzoneManagerDoubleBuffer.java:flushTransactions(385)) - OMDoubleBuffer flush thread OMDoubleBufferFlushThread is interrupted and will exit.
2022-08-20 01:11:03,492 [Listener at localhost/36709] INFO  server.RaftServer$Division (ServerState.java:close(429)) - omNode-2@group-523986131536: closes. applyIndex: 28
2022-08-20 01:11:03,492 [omNode-2@group-523986131536-SegmentedRaftLogWorker] INFO  segmented.SegmentedRaftLogWorker (SegmentedRaftLogWorker.java:run(336)) - omNode-2@group-523986131536-SegmentedRaftLogWorker was interrupted, exiting. There are 0 tasks remaining in the queue.
2022-08-20 01:11:03,494 [Listener at localhost/36709] INFO  segmented.SegmentedRaftLogWorker (SegmentedRaftLogWorker.java:close(246)) - omNode-2@group-523986131536-SegmentedRaftLogWorker close()
2022-08-20 01:11:03,495 [Listener at localhost/36709] INFO  server.GrpcService (GrpcService.java:closeImpl(269)) - omNode-2: shutdown server with port 43573 now
2022-08-20 01:11:03,497 [Listener at localhost/36709] INFO  server.GrpcService (GrpcService.java:closeImpl(278)) - omNode-2: shutdown server with port 43573 successfully
2022-08-20 01:11:03,497 [org.apache.ratis.util.JvmPauseMonitor$$Lambda$708/915414905@61d18376] INFO  util.JvmPauseMonitor (JvmPauseMonitor.java:run(109)) - JvmPauseMonitor-omNode-2: Stopped
2022-08-20 01:11:03,497 [Listener at localhost/36709] INFO  ratis.OzoneManagerStateMachine (OzoneManagerStateMachine.java:close(495)) - StateMachine has shutdown. Shutdown OzoneManager if not already shutdown.
2022-08-20 01:11:03,498 [Listener at localhost/36709] INFO  ratis.OzoneManagerDoubleBuffer (OzoneManagerDoubleBuffer.java:stop(478)) - OMDoubleBuffer flush thread is not running.
2022-08-20 01:11:03,498 [Listener at localhost/36709] INFO  handler.ContextHandler (ContextHandler.java:doStop(1153)) - Stopped o.e.j.w.WebAppContext@36542e6d{ozoneManager,/,null,STOPPED}{file:/home/runner/work/ozone/ozone/hadoop-ozone/integration-test/target/test-classes/webapps/ozoneManager}
2022-08-20 01:11:03,498 [Listener at localhost/36709] INFO  server.AbstractConnector (AbstractConnector.java:doStop(381)) - Stopped ServerConnector@3cbaeedd{HTTP/1.1, (http/1.1)}{0.0.0.0:34099}
2022-08-20 01:11:03,499 [Listener at localhost/36709] INFO  server.session (HouseKeeper.java:stopScavenging(149)) - node0 Stopped scavenging
2022-08-20 01:11:03,499 [Listener at localhost/36709] INFO  handler.ContextHandler (ContextHandler.java:doStop(1153)) - Stopped o.e.j.s.ServletContextHandler@514df93c{static,/static,file:///home/runner/work/ozone/ozone/hadoop-ozone/integration-test/target/test-classes/webapps/static,STOPPED}
2022-08-20 01:11:03,499 [Listener at localhost/36709] INFO  handler.ContextHandler (ContextHandler.java:doStop(1153)) - Stopped o.e.j.s.ServletContextHandler@6fed59ae{logs,/logs,file:///home/runner/work/ozone/ozone/hadoop-ozone/integration-test/target/log,STOPPED}
2022-08-20 01:11:03,503 [Listener at localhost/36709] INFO  om.OzoneManager (OzoneManager.java:restart(1559)) - OzoneManager RPC server is listening at localhost/127.0.0.1:37097
2022-08-20 01:11:03,503 [Listener at localhost/36709] INFO  impl.MetricsSystemImpl (MetricsSystemImpl.java:init(158)) - OzoneManager metrics system started (again)
2022-08-20 01:11:03,518 [Listener at localhost/36709] WARN  server.ServerUtils (ServerUtils.java:getDBPath(225)) - ozone.om.db.dirs is not configured. We recommend adding this setting. Falling back to ozone.metadata.dirs instead.
2022-08-20 01:11:03,518 [Listener at localhost/36709] INFO  codec.OmKeyInfoCodec (OmKeyInfoCodec.java:<init>(49)) - OmKeyInfoCodec ignorePipeline = true
2022-08-20 01:11:03,518 [Listener at localhost/36709] INFO  codec.RepeatedOmKeyInfoCodec (RepeatedOmKeyInfoCodec.java:<init>(41)) - RepeatedOmKeyInfoCodec ignorePipeline = true
2022-08-20 01:11:03,549 [Listener at localhost/36709] INFO  om.OzoneManager (OzoneManager.java:instantiateServices(697)) - S3 Multi-Tenancy is disabled
2022-08-20 01:11:03,552 [Listener at localhost/36709] WARN  impl.MetricRegistriesImpl (MetricRegistriesImpl.java:addReporterRegistration(111)) - New reporters are added after registries were created. Some metrics will be missing from the reporter. Please add reporter before adding any new registry.
2022-08-20 01:11:03,552 [Listener at localhost/36709] WARN  impl.MetricRegistriesImpl (MetricRegistriesImpl.java:addReporterRegistration(111)) - New reporters are added after registries were created. Some metrics will be missing from the reporter. Please add reporter before adding any new registry.
2022-08-20 01:11:03,553 [Listener at localhost/36709] WARN  server.ServerUtils (ServerUtils.java:getDefaultRatisDirectory(237)) - Storage directory for Ratis is not configured. It is a good idea to map this to an SSD disk. Falling back to ozone.metadata.dirs
2022-08-20 01:11:03,554 [Listener at localhost/36709] INFO  ratis.OzoneManagerRatisServer (OzoneManagerRatisServer.java:<init>(159)) - Instantiating OM Ratis server with groupID: om-service-test1 and peers: localhost:43573, localhost:35203, localhost:36801
2022-08-20 01:11:03,554 [Listener at localhost/36709] INFO  ratis.OzoneManagerStateMachine (OzoneManagerStateMachine.java:loadSnapshotInfoFromDB(632)) - LastAppliedIndex is set from TransactionInfo from OM DB as (t:3, i:28)
2022-08-20 01:11:03,554 [Listener at localhost/36709] INFO  server.RaftServer (ConfUtils.java:logGet(46)) - raft.rpc.type = GRPC (default)
2022-08-20 01:11:03,555 [Listener at localhost/36709] INFO  grpc.GrpcFactory (GrpcFactory.java:checkPooledByteBufAllocatorUseCacheForAllThreads(48)) - PERFORMANCE WARNING: useCacheForAllThreads is true that may cause Netty to create a lot garbage objects and, as a result, trigger GC.
	It is recommended to disable useCacheForAllThreads by setting -Dorg.apache.ratis.thirdparty.io.netty.allocator.useCacheForAllThreads=false in command line.
2022-08-20 01:11:03,555 [Listener at localhost/36709] INFO  grpc.GrpcConfigKeys (ConfUtils.java:logGet(46)) - raft.grpc.admin.port = -1 (default)
2022-08-20 01:11:03,555 [Listener at localhost/36709] INFO  grpc.GrpcConfigKeys (ConfUtils.java:logGet(46)) - raft.grpc.server.port = 43573 (custom)
2022-08-20 01:11:03,555 [Listener at localhost/36709] INFO  grpc.GrpcConfigKeys (ConfUtils.java:logGet(46)) - raft.grpc.client.port = -1 (default)
2022-08-20 01:11:03,555 [Listener at localhost/36709] INFO  grpc.GrpcConfigKeys (ConfUtils.java:logGet(46)) - raft.grpc.server.port = 43573 (custom)
2022-08-20 01:11:03,555 [Listener at localhost/36709] INFO  grpc.GrpcConfigKeys (ConfUtils.java:logGet(46)) - raft.grpc.server.port = 43573 (custom)
2022-08-20 01:11:03,555 [Listener at localhost/36709] INFO  server.GrpcService (ConfUtils.java:logGet(46)) - raft.grpc.message.size.max = 33554432 (custom)
2022-08-20 01:11:03,556 [Listener at localhost/36709] INFO  server.RaftServerConfigKeys (ConfUtils.java:logGet(46)) - raft.server.log.appender.buffer.byte-limit = 33554432 (custom)
2022-08-20 01:11:03,556 [Listener at localhost/36709] INFO  server.GrpcService (ConfUtils.java:logGet(46)) - raft.grpc.flow.control.window = 1MB (=1048576) (default)
2022-08-20 01:11:03,556 [Listener at localhost/36709] INFO  server.RaftServerConfigKeys (ConfUtils.java:logGet(46)) - raft.server.rpc.request.timeout = 3000ms (default)
2022-08-20 01:11:03,556 [Listener at localhost/36709] INFO  grpc.GrpcConfigKeys (ConfUtils.java:logGet(46)) - raft.grpc.server.async.request.thread.pool.cached = true (default)
2022-08-20 01:11:03,556 [Listener at localhost/36709] INFO  grpc.GrpcConfigKeys (ConfUtils.java:logGet(46)) - raft.grpc.server.async.request.thread.pool.size = 32 (default)
2022-08-20 01:11:03,557 [Listener at localhost/36709] INFO  impl.DataStreamServerImpl (ConfUtils.java:logGet(46)) - raft.datastream.type = DISABLED (default)
2022-08-20 01:11:03,557 [Listener at localhost/36709] INFO  server.RaftServerConfigKeys (ConfUtils.java:logGet(46)) - raft.server.threadpool.proxy.cached = true (default)
2022-08-20 01:11:03,557 [Listener at localhost/36709] INFO  server.RaftServerConfigKeys (ConfUtils.java:logGet(46)) - raft.server.threadpool.proxy.size = 0 (default)
2022-08-20 01:11:03,558 [Listener at localhost/36709] INFO  server.RaftServerConfigKeys (ConfUtils.java:logGet(46)) - raft.server.rpc.slowness.timeout = 2s (custom)
2022-08-20 01:11:03,558 [Listener at localhost/36709] INFO  server.RaftServerConfigKeys (ConfUtils.java:logGet(46)) - raft.server.leaderelection.leader.step-down.wait-time = 10s (default)
2022-08-20 01:11:03,558 [Listener at localhost/36709] INFO  server.RaftServerConfigKeys (ConfUtils.java:logGet(46)) - raft.server.storage.dir = [/home/runner/work/ozone/ozone/hadoop-ozone/integration-test/target/test-dir/MiniOzoneClusterImpl-306a21b8-6709-48a1-b079-68f3908e87f8/omNode-2/ratis] (custom)
2022-08-20 01:11:03,558 [omNode-2-impl-thread1] INFO  server.RaftServer (RaftServerProxy.java:initGroupDir(247)) - omNode-2: found a subdirectory /home/runner/work/ozone/ozone/hadoop-ozone/integration-test/target/test-dir/MiniOzoneClusterImpl-306a21b8-6709-48a1-b079-68f3908e87f8/omNode-2/ratis/c9bc4cf4-3bc3-3c60-a66b-523986131536
2022-08-20 01:11:03,559 [Listener at localhost/36709] INFO  server.RaftServer (RaftServerProxy.java:addNew(96)) - omNode-2: addNew group-523986131536:[omNode-3|rpc:localhost:35203|priority:0, omNode-1|rpc:localhost:36801|priority:0, omNode-2|rpc:localhost:43573|priority:0] returns group-523986131536:java.util.concurrent.CompletableFuture@35e4fcd7[Not completed]
2022-08-20 01:11:03,559 [Listener at localhost/36709] INFO  om.OzoneManager (OzoneManager.java:initializeRatisServer(1963)) - OzoneManager Ratis server initialized at port 43573
2022-08-20 01:11:03,559 [Listener at localhost/36709] INFO  ratis.OzoneManagerRatisServer (OzoneManagerRatisServer.java:start(554)) - Starting OzoneManagerRatisServer omNode-2 at port 43573
2022-08-20 01:11:03,559 [pool-343-thread-1] INFO  server.RaftServer$Division (RaftServerImpl.java:<init>(190)) - omNode-2: new RaftServerImpl for group-523986131536:[omNode-3|rpc:localhost:35203|priority:0, omNode-1|rpc:localhost:36801|priority:0, omNode-2|rpc:localhost:43573|priority:0] with OzoneManagerStateMachine:uninitialized
2022-08-20 01:11:03,559 [pool-343-thread-1] INFO  server.RaftServerConfigKeys (ConfUtils.java:logGet(46)) - raft.server.rpc.timeout.min = 1s (custom)
2022-08-20 01:11:03,559 [pool-343-thread-1] INFO  server.RaftServerConfigKeys (ConfUtils.java:logGet(46)) - raft.server.rpc.timeout.max = 1200ms (custom)
2022-08-20 01:11:03,559 [pool-343-thread-1] INFO  server.RaftServerConfigKeys (ConfUtils.java:logGet(46)) - raft.server.rpc.sleep.time = 25ms (default)
2022-08-20 01:11:03,559 [pool-343-thread-1] INFO  server.RaftServerConfigKeys (ConfUtils.java:logGet(46)) - raft.server.rpc.slowness.timeout = 2s (custom)
2022-08-20 01:11:03,559 [pool-343-thread-1] INFO  server.RaftServerConfigKeys (ConfUtils.java:logGet(46)) - raft.server.leaderelection.leader.step-down.wait-time = 10s (default)
2022-08-20 01:11:03,559 [pool-343-thread-1] INFO  server.RaftServerConfigKeys (ConfUtils.java:logGet(46)) - raft.server.sleep.deviation.threshold = 300ms (default)
2022-08-20 01:11:03,560 [pool-343-thread-1] INFO  server.RaftServer$Division (ServerState.java:<init>(107)) - omNode-2@group-523986131536: ConfigurationManager, init=-1: [omNode-3|rpc:localhost:35203|priority:0, omNode-1|rpc:localhost:36801|priority:0, omNode-2|rpc:localhost:43573|priority:0], old=null, confs=<EMPTY_MAP>
2022-08-20 01:11:03,560 [pool-343-thread-1] INFO  server.RaftServerConfigKeys (ConfUtils.java:logGet(46)) - raft.server.storage.dir = [/home/runner/work/ozone/ozone/hadoop-ozone/integration-test/target/test-dir/MiniOzoneClusterImpl-306a21b8-6709-48a1-b079-68f3908e87f8/omNode-2/ratis] (custom)
2022-08-20 01:11:03,560 [pool-343-thread-1] INFO  server.RaftServerConfigKeys (ConfUtils.java:logGet(46)) - raft.server.log.corruption.policy = EXCEPTION (default)
2022-08-20 01:11:03,560 [pool-343-thread-1] INFO  server.RaftServerConfigKeys (ConfUtils.java:logGet(46)) - raft.server.storage.free-space.min = 0MB (=0) (default)
2022-08-20 01:11:03,561 [pool-343-thread-1] INFO  storage.RaftStorageDirectory (RaftStorageDirectoryImpl.java:tryLock(230)) - Lock on /home/runner/work/ozone/ozone/hadoop-ozone/integration-test/target/test-dir/MiniOzoneClusterImpl-306a21b8-6709-48a1-b079-68f3908e87f8/omNode-2/ratis/c9bc4cf4-3bc3-3c60-a66b-523986131536/in_use.lock acquired by nodename 18539@fv-az242-328
2022-08-20 01:11:03,562 [pool-343-thread-1] INFO  storage.RaftStorage (RaftStorageImpl.java:analyzeAndRecoverStorage(110)) - Read RaftStorageMetadata{term=3, votedFor=omNode-2} from /home/runner/work/ozone/ozone/hadoop-ozone/integration-test/target/test-dir/MiniOzoneClusterImpl-306a21b8-6709-48a1-b079-68f3908e87f8/omNode-2/ratis/c9bc4cf4-3bc3-3c60-a66b-523986131536/current/raft-meta
2022-08-20 01:11:03,562 [pool-343-thread-1] INFO  server.RaftServer$Division (ServerState.java:setRaftConf(393)) - omNode-2@group-523986131536: set configuration 25: [omNode-3|rpc:localhost:35203|admin:|client:|dataStream:|priority:0, omNode-1|rpc:localhost:36801|admin:|client:|dataStream:|priority:0, omNode-2|rpc:localhost:43573|admin:|client:|dataStream:|priority:0], old=null
2022-08-20 01:11:03,562 [pool-343-thread-1] INFO  server.RaftServerConfigKeys (ConfUtils.java:logGet(46)) - raft.server.notification.no-leader.timeout = 2s (custom)
2022-08-20 01:11:03,562 [pool-343-thread-1] INFO  server.RaftServerConfigKeys (ConfUtils.java:logGet(46)) - raft.server.log.use.memory = false (default)
2022-08-20 01:11:03,562 [pool-343-thread-1] INFO  server.RaftServerConfigKeys (ConfUtils.java:logGet(46)) - raft.server.log.purge.gap = 50 (custom)
2022-08-20 01:11:03,562 [pool-343-thread-1] INFO  server.RaftServerConfigKeys (ConfUtils.java:logGet(46)) - raft.server.log.appender.buffer.byte-limit = 33554432 (custom)
2022-08-20 01:11:03,562 [pool-343-thread-1] INFO  server.RaftServerConfigKeys (ConfUtils.java:logGet(46)) - raft.server.log.statemachine.data.read.timeout = 1000ms (default)
2022-08-20 01:11:03,562 [pool-343-thread-1] INFO  server.RaftServerConfigKeys (ConfUtils.java:logGet(46)) - raft.server.log.segment.size.max = 4194304 (custom)
2022-08-20 01:11:03,563 [pool-343-thread-1] INFO  server.RaftServerConfigKeys (ConfUtils.java:logGet(46)) - raft.server.log.segment.cache.num.max = 2 (custom)
2022-08-20 01:11:03,563 [pool-343-thread-1] INFO  server.RaftServerConfigKeys (ConfUtils.java:logGet(46)) - raft.server.log.segment.cache.size.max = 200MB (=209715200) (default)
2022-08-20 01:11:03,563 [pool-343-thread-1] INFO  segmented.SegmentedRaftLogWorker (SegmentedRaftLogWorker.java:<init>(187)) - new omNode-2@group-523986131536-SegmentedRaftLogWorker for RaftStorageImpl:Storage Directory /home/runner/work/ozone/ozone/hadoop-ozone/integration-test/target/test-dir/MiniOzoneClusterImpl-306a21b8-6709-48a1-b079-68f3908e87f8/omNode-2/ratis/c9bc4cf4-3bc3-3c60-a66b-523986131536
2022-08-20 01:11:03,563 [pool-343-thread-1] INFO  server.RaftServerConfigKeys (ConfUtils.java:logGet(46)) - raft.server.log.queue.byte-limit = 64MB (=67108864) (default)
2022-08-20 01:11:03,563 [pool-343-thread-1] INFO  server.RaftServerConfigKeys (ConfUtils.java:logGet(46)) - raft.server.log.queue.element-limit = 4096 (default)
2022-08-20 01:11:03,563 [pool-343-thread-1] INFO  server.RaftServerConfigKeys (ConfUtils.java:logGet(46)) - raft.server.log.segment.size.max = 4194304 (custom)
2022-08-20 01:11:03,563 [pool-343-thread-1] INFO  server.RaftServerConfigKeys (ConfUtils.java:logGet(46)) - raft.server.log.preallocated.size = 4194304 (custom)
2022-08-20 01:11:03,563 [pool-343-thread-1] INFO  server.RaftServerConfigKeys (ConfUtils.java:logGet(46)) - raft.server.log.force.sync.num = 128 (default)
2022-08-20 01:11:03,563 [pool-343-thread-1] INFO  server.RaftServerConfigKeys (ConfUtils.java:logGet(46)) - raft.server.log.statemachine.data.sync = true (default)
2022-08-20 01:11:03,563 [pool-343-thread-1] INFO  server.RaftServerConfigKeys (ConfUtils.java:logGet(46)) - raft.server.log.statemachine.data.sync.timeout = 10s (default)
2022-08-20 01:11:03,563 [pool-343-thread-1] INFO  server.RaftServerConfigKeys (ConfUtils.java:logGet(46)) - raft.server.log.statemachine.data.sync.timeout.retry = -1 (default)
2022-08-20 01:11:03,564 [pool-343-thread-1] INFO  server.RaftServerConfigKeys (ConfUtils.java:logGet(46)) - raft.server.log.write.buffer.size = 64KB (=65536) (default)
2022-08-20 01:11:03,564 [pool-343-thread-1] INFO  server.RaftServerConfigKeys (ConfUtils.java:logGet(46)) - raft.server.log.unsafe-flush.enabled = false (default)
2022-08-20 01:11:03,564 [pool-343-thread-1] INFO  server.RaftServerConfigKeys (ConfUtils.java:logGet(46)) - raft.server.log.statemachine.data.caching.enabled = false (default)
2022-08-20 01:11:03,565 [pool-343-thread-1] INFO  server.RaftServer$Division (ServerState.java:setRaftConf(393)) - omNode-2@group-523986131536: set configuration 23: [omNode-3|rpc:localhost:35203|admin:|client:|dataStream:|priority:0, omNode-1|rpc:localhost:36801|admin:|client:|dataStream:|priority:0, omNode-2|rpc:localhost:43573|admin:|client:|dataStream:|priority:0], old=null
2022-08-20 01:11:03,565 [pool-343-thread-1] INFO  segmented.LogSegment (LogSegment.java:loadSegment(173)) - Successfully read 2 entries from segment file /home/runner/work/ozone/ozone/hadoop-ozone/integration-test/target/test-dir/MiniOzoneClusterImpl-306a21b8-6709-48a1-b079-68f3908e87f8/omNode-2/ratis/c9bc4cf4-3bc3-3c60-a66b-523986131536/current/log_23-24
2022-08-20 01:11:03,565 [pool-343-thread-1] INFO  server.RaftServer$Division (ServerState.java:setRaftConf(393)) - omNode-2@group-523986131536: set configuration 25: [omNode-3|rpc:localhost:35203|admin:|client:|dataStream:|priority:0, omNode-1|rpc:localhost:36801|admin:|client:|dataStream:|priority:0, omNode-2|rpc:localhost:43573|admin:|client:|dataStream:|priority:0], old=null
2022-08-20 01:11:03,565 [pool-343-thread-1] INFO  segmented.LogSegment (LogSegment.java:loadSegment(173)) - Successfully read 4 entries from segment file /home/runner/work/ozone/ozone/hadoop-ozone/integration-test/target/test-dir/MiniOzoneClusterImpl-306a21b8-6709-48a1-b079-68f3908e87f8/omNode-2/ratis/c9bc4cf4-3bc3-3c60-a66b-523986131536/current/log_inprogress_25
2022-08-20 01:11:03,565 [pool-343-thread-1] INFO  segmented.SegmentedRaftLogWorker (SegmentedRaftLogWorker.java:lambda$new$0(135)) - omNode-2@group-523986131536-SegmentedRaftLogWorker: flushIndex: setUnconditionally 0 -> 28
2022-08-20 01:11:03,565 [pool-343-thread-1] INFO  segmented.SegmentedRaftLogWorker (SegmentedRaftLogWorker.java:lambda$new$0(135)) - omNode-2@group-523986131536-SegmentedRaftLogWorker: safeCacheEvictIndex: setUnconditionally 0 -> 24
2022-08-20 01:11:03,566 [pool-343-thread-1] INFO  raftlog.RaftLog (RaftLogBase.java:lambda$new$0(53)) - omNode-2@group-523986131536-SegmentedRaftLog: commitIndex: updateToMax old=28, new=27, updated? false
2022-08-20 01:11:03,567 [pool-343-thread-1] INFO  raftlog.RaftLog (RaftLogBase.java:lambda$new$0(53)) - omNode-2@group-523986131536-SegmentedRaftLog: purgeIndex: updateIncreasingly -1 -> 22
2022-08-20 01:11:03,567 [pool-343-thread-1] INFO  server.RaftServerConfigKeys (ConfUtils.java:logGet(46)) - raft.server.snapshot.auto.trigger.enabled = true (custom)
2022-08-20 01:11:03,567 [pool-343-thread-1] INFO  server.RaftServerConfigKeys (ConfUtils.java:logGet(46)) - raft.server.snapshot.auto.trigger.threshold = 50 (custom)
2022-08-20 01:11:03,567 [pool-343-thread-1] INFO  server.RaftServerConfigKeys (ConfUtils.java:logGet(46)) - raft.server.snapshot.retention.file.num = -1 (default)
2022-08-20 01:11:03,567 [pool-343-thread-1] INFO  server.RaftServerConfigKeys (ConfUtils.java:logGet(46)) - raft.server.log.purge.upto.snapshot.index = true (custom)
2022-08-20 01:11:03,567 [pool-343-thread-1] INFO  server.RaftServerConfigKeys (ConfUtils.java:logGet(46)) - raft.server.retrycache.expirytime = 30000ms (custom)
2022-08-20 01:11:03,567 [pool-343-thread-1] INFO  server.RaftServerConfigKeys (ConfUtils.java:logGet(46)) - raft.server.retrycache.statistics.expirytime = 100μs (default)
2022-08-20 01:11:03,568 [pool-343-thread-1] INFO  server.RaftServerConfigKeys (ConfUtils.java:logGet(46)) - raft.server.log.appender.install.snapshot.enabled = false (custom)
2022-08-20 01:11:03,568 [pool-343-thread-1] INFO  server.RaftServerConfigKeys (ConfUtils.java:logGet(46)) - raft.server.threadpool.server.cached = true (default)
2022-08-20 01:11:03,568 [pool-343-thread-1] INFO  server.RaftServerConfigKeys (ConfUtils.java:logGet(46)) - raft.server.threadpool.server.size = 0 (default)
2022-08-20 01:11:03,568 [pool-343-thread-1] INFO  server.RaftServerConfigKeys (ConfUtils.java:logGet(46)) - raft.server.threadpool.client.cached = true (default)
2022-08-20 01:11:03,568 [pool-343-thread-1] INFO  server.RaftServerConfigKeys (ConfUtils.java:logGet(46)) - raft.server.threadpool.client.size = 0 (default)
2022-08-20 01:11:03,568 [omNode-2-impl-thread1] INFO  server.RaftServer$Division (RaftServerImpl.java:start(310)) - omNode-2@group-523986131536: start as a follower, conf=25: [omNode-3|rpc:localhost:35203|admin:|client:|dataStream:|priority:0, omNode-1|rpc:localhost:36801|admin:|client:|dataStream:|priority:0, omNode-2|rpc:localhost:43573|admin:|client:|dataStream:|priority:0], old=null
2022-08-20 01:11:03,568 [omNode-2-impl-thread1] INFO  server.RaftServer$Division (RaftServerImpl.java:setRole(299)) - omNode-2@group-523986131536: changes role from      null to FOLLOWER at term 3 for startAsFollower
2022-08-20 01:11:03,568 [omNode-2-impl-thread1] INFO  impl.RoleInfo (RoleInfo.java:updateAndGet(139)) - omNode-2: start omNode-2@group-523986131536-FollowerState
2022-08-20 01:11:03,573 [omNode-2-impl-thread1] INFO  util.JmxRegister (JmxRegister.java:tryRegister(44)) - Successfully registered JMX Bean with object name Ratis:service=RaftServer,group=group-523986131536,id=omNode-2
2022-08-20 01:11:03,574 [Listener at localhost/36709] INFO  server.RaftServer (RaftServerProxy.java:lambda$start$6(382)) - omNode-2: start RPC server
2022-08-20 01:11:03,575 [Listener at localhost/36709] INFO  server.GrpcService (GrpcService.java:startImpl(260)) - omNode-2: GrpcService started, listening on 43573
2022-08-20 01:11:03,578 [Listener at localhost/36709] INFO  om.OzoneManager (OzoneManager.java:getRpcServer(1086)) - Creating RPC Server
2022-08-20 01:11:03,579 [org.apache.ratis.util.JvmPauseMonitor$$Lambda$708/915414905@758f426] INFO  util.JvmPauseMonitor (JvmPauseMonitor.java:run(103)) - JvmPauseMonitor-omNode-2: Started
2022-08-20 01:11:03,911 [Listener at localhost/36709] INFO  reflections.Reflections (Reflections.java:scan(232)) - Reflections took 332 ms to scan 19 urls, producing 67 keys and 4157 values [using 2 cores]
2022-08-20 01:11:03,912 [Listener at localhost/36709] INFO  ipc.CallQueueManager (CallQueueManager.java:<init>(90)) - Using callQueue: class java.util.concurrent.LinkedBlockingQueue, queueCapacity: 2000, scheduler: class org.apache.hadoop.ipc.DefaultRpcScheduler, ipcBackoff: false.
2022-08-20 01:11:03,913 [Socket Reader #1 for port 37097] INFO  ipc.Server (Server.java:run(1265)) - Starting Socket Reader #1 for port 37097
2022-08-20 01:11:03,918 [Listener at localhost/37097] INFO  http.BaseHttpServer (BaseHttpServer.java:newHttpServer2BuilderForOzone(209)) - Starting Web-server for ozoneManager at: http://0.0.0.0:34099
2022-08-20 01:11:03,918 [Listener at localhost/37097] INFO  http.BaseHttpServer (BaseHttpServer.java:<init>(107)) - Hadoop Security Enabled: false Ozone Security Enabled: false Ozone HTTP Security Enabled: false 
2022-08-20 01:11:03,919 [Listener at localhost/37097] INFO  server.AuthenticationFilter (AuthenticationFilter.java:constructSecretProvider(240)) - Unable to initialize FileSignerSecretProvider, falling back to use random secrets.
2022-08-20 01:11:03,919 [Listener at localhost/37097] WARN  http.HttpRequestLog (HttpRequestLog.java:getRequestLog(103)) - Jetty request log can only be enabled using Log4j
2022-08-20 01:11:03,921 [Listener at localhost/37097] INFO  http.HttpServer2 (HttpServer2.java:addGlobalFilter(1029)) - Added global filter 'safety' (class=org.apache.hadoop.hdds.server.http.HttpServer2$QuotingInputFilter)
2022-08-20 01:11:03,922 [Listener at localhost/37097] INFO  http.HttpServer2 (HttpServer2.java:addFilter(1005)) - Added filter static_user_filter (class=org.apache.hadoop.http.lib.StaticUserWebFilter$StaticUserFilter) to context ozoneManager
2022-08-20 01:11:03,922 [Listener at localhost/37097] INFO  http.HttpServer2 (HttpServer2.java:addFilter(1013)) - Added filter static_user_filter (class=org.apache.hadoop.http.lib.StaticUserWebFilter$StaticUserFilter) to context static
2022-08-20 01:11:03,922 [Listener at localhost/37097] INFO  http.HttpServer2 (HttpServer2.java:addFilter(1013)) - Added filter static_user_filter (class=org.apache.hadoop.http.lib.StaticUserWebFilter$StaticUserFilter) to context logs
2022-08-20 01:11:03,922 [Listener at localhost/37097] INFO  http.HttpServer2 (HttpServer2.java:bindListener(1248)) - Jetty bound to port 34099
2022-08-20 01:11:03,922 [Listener at localhost/37097] INFO  server.Server (Server.java:doStart(375)) - jetty-9.4.43.v20210629; built: 2021-06-30T11:07:22.254Z; git: 526006ecfa3af7f1a27ef3a288e2bef7ea9dd7e8; jvm 1.8.0_332-b09
2022-08-20 01:11:03,924 [Listener at localhost/37097] INFO  server.session (DefaultSessionIdManager.java:doStart(334)) - DefaultSessionIdManager workerName=node0
2022-08-20 01:11:03,924 [Listener at localhost/37097] INFO  server.session (DefaultSessionIdManager.java:doStart(339)) - No SessionScavenger set, using defaults
2022-08-20 01:11:03,924 [Listener at localhost/37097] INFO  server.session (HouseKeeper.java:startScavenging(132)) - node0 Scavenging every 660000ms
2022-08-20 01:11:03,925 [Listener at localhost/37097] INFO  handler.ContextHandler (ContextHandler.java:doStart(915)) - Started o.e.j.s.ServletContextHandler@4156134d{logs,/logs,file:///home/runner/work/ozone/ozone/hadoop-ozone/integration-test/target/log,AVAILABLE}
2022-08-20 01:11:03,925 [Listener at localhost/37097] INFO  handler.ContextHandler (ContextHandler.java:doStart(915)) - Started o.e.j.s.ServletContextHandler@6a5b87dc{static,/static,file:///home/runner/work/ozone/ozone/hadoop-ozone/integration-test/target/test-classes/webapps/static,AVAILABLE}
2022-08-20 01:11:03,930 [Listener at localhost/37097] INFO  handler.ContextHandler (ContextHandler.java:doStart(915)) - Started o.e.j.w.WebAppContext@1e34a7a3{ozoneManager,/,file:///home/runner/work/ozone/ozone/hadoop-ozone/integration-test/target/test-classes/webapps/ozoneManager/,AVAILABLE}{file:/home/runner/work/ozone/ozone/hadoop-ozone/integration-test/target/test-classes/webapps/ozoneManager}
2022-08-20 01:11:03,931 [Listener at localhost/37097] INFO  server.AbstractConnector (AbstractConnector.java:doStart(331)) - Started ServerConnector@7b13fc9f{HTTP/1.1, (http/1.1)}{0.0.0.0:34099}
2022-08-20 01:11:03,931 [Listener at localhost/37097] INFO  server.Server (Server.java:doStart(415)) - Started @157765ms
2022-08-20 01:11:03,931 [Listener at localhost/37097] WARN  impl.MetricsSystemImpl (MetricsSystemImpl.java:register(279)) - Sink prometheus already exists!
2022-08-20 01:11:03,932 [Listener at localhost/37097] INFO  http.BaseHttpServer (BaseHttpServer.java:updateConnectorAddress(329)) - HTTP server of ozoneManager listening at http://0.0.0.0:34099
2022-08-20 01:11:03,932 [IPC Server Responder] INFO  ipc.Server (Server.java:run(1507)) - IPC Server Responder: starting
2022-08-20 01:11:03,933 [IPC Server listener on 37097] INFO  ipc.Server (Server.java:run(1344)) - IPC Server listener on 37097: starting
2022-08-20 01:11:03,938 [Listener at localhost/37097] INFO  om.OzoneManager (OzoneManager.java:startTrashEmptier(1907)) - Trash Interval set to 0. Files deleted won't move to trash
2022-08-20 01:11:03,939 [org.apache.hadoop.util.JvmPauseMonitor$Monitor@5bce0ab] INFO  util.JvmPauseMonitor (JvmPauseMonitor.java:run(188)) - Starting JVM pause monitor
]]></system-out>
    <rerunError type="java.util.concurrent.TimeoutException">
      <stackTrace><![CDATA[java.util.concurrent.TimeoutException: timeout: after 120000 millis
	at org.apache.ozone.test.LambdaTestUtils$GenerateTimeout.evaluate(LambdaTestUtils.java:677)
	at org.apache.ozone.test.LambdaTestUtils.await(LambdaTestUtils.java:154)
	at org.apache.ozone.test.LambdaTestUtils.await(LambdaTestUtils.java:192)
	at org.apache.hadoop.ozone.om.TestOzoneManagerPrepare.assertClusterPrepared(TestOzoneManagerPrepare.java:455)
	at org.apache.hadoop.ozone.om.TestOzoneManagerPrepare.assertClusterPrepared(TestOzoneManagerPrepare.java:445)
	at org.apache.hadoop.ozone.om.TestOzoneManagerPrepare.testCancelPrepare(TestOzoneManagerPrepare.java:305)
	at sun.reflect.NativeMethodAccessorImpl.invoke0(Native Method)
	at sun.reflect.NativeMethodAccessorImpl.invoke(NativeMethodAccessorImpl.java:62)
	at sun.reflect.DelegatingMethodAccessorImpl.invoke(DelegatingMethodAccessorImpl.java:43)
	at java.lang.reflect.Method.invoke(Method.java:498)
	at org.junit.platform.commons.util.ReflectionUtils.invokeMethod(ReflectionUtils.java:725)
	at org.junit.jupiter.engine.execution.MethodInvocation.proceed(MethodInvocation.java:60)
	at org.junit.jupiter.engine.execution.InvocationInterceptorChain$ValidatingInvocation.proceed(InvocationInterceptorChain.java:131)
	at org.junit.jupiter.engine.extension.TimeoutInvocation.proceed(TimeoutInvocation.java:46)
	at org.junit.jupiter.engine.extension.TimeoutExtension.intercept(TimeoutExtension.java:149)
	at org.junit.jupiter.engine.extension.TimeoutExtension.interceptTestableMethod(TimeoutExtension.java:140)
	at org.junit.jupiter.engine.extension.TimeoutExtension.interceptTestMethod(TimeoutExtension.java:84)
	at org.junit.jupiter.engine.execution.ExecutableInvoker$ReflectiveInterceptorCall.lambda$ofVoidMethod$0(ExecutableInvoker.java:115)
	at org.junit.jupiter.engine.execution.ExecutableInvoker.lambda$invoke$0(ExecutableInvoker.java:105)
	at org.junit.jupiter.engine.execution.InvocationInterceptorChain$InterceptedInvocation.proceed(InvocationInterceptorChain.java:106)
	at org.junit.jupiter.engine.execution.InvocationInterceptorChain.proceed(InvocationInterceptorChain.java:64)
	at org.junit.jupiter.engine.execution.InvocationInterceptorChain.chainAndInvoke(InvocationInterceptorChain.java:45)
	at org.junit.jupiter.engine.execution.InvocationInterceptorChain.invoke(InvocationInterceptorChain.java:37)
	at org.junit.jupiter.engine.execution.ExecutableInvoker.invoke(ExecutableInvoker.java:104)
	at org.junit.jupiter.engine.execution.ExecutableInvoker.invoke(ExecutableInvoker.java:98)
	at org.junit.jupiter.engine.descriptor.TestMethodTestDescriptor.lambda$invokeTestMethod$7(TestMethodTestDescriptor.java:214)
	at org.junit.platform.engine.support.hierarchical.ThrowableCollector.execute(ThrowableCollector.java:73)
	at org.junit.jupiter.engine.descriptor.TestMethodTestDescriptor.invokeTestMethod(TestMethodTestDescriptor.java:210)
	at org.junit.jupiter.engine.descriptor.TestMethodTestDescriptor.execute(TestMethodTestDescriptor.java:135)
	at org.junit.jupiter.engine.descriptor.TestMethodTestDescriptor.execute(TestMethodTestDescriptor.java:66)
	at org.junit.platform.engine.support.hierarchical.NodeTestTask.lambda$executeRecursively$6(NodeTestTask.java:151)
	at org.junit.platform.engine.support.hierarchical.ThrowableCollector.execute(ThrowableCollector.java:73)
	at org.junit.platform.engine.support.hierarchical.NodeTestTask.lambda$executeRecursively$8(NodeTestTask.java:141)
	at org.junit.platform.engine.support.hierarchical.Node.around(Node.java:137)
	at org.junit.platform.engine.support.hierarchical.NodeTestTask.lambda$executeRecursively$9(NodeTestTask.java:139)
	at org.junit.platform.engine.support.hierarchical.ThrowableCollector.execute(ThrowableCollector.java:73)
	at org.junit.platform.engine.support.hierarchical.NodeTestTask.executeRecursively(NodeTestTask.java:138)
	at org.junit.platform.engine.support.hierarchical.NodeTestTask.execute(NodeTestTask.java:95)
	at java.util.ArrayList.forEach(ArrayList.java:1259)
	at org.junit.platform.engine.support.hierarchical.SameThreadHierarchicalTestExecutorService.invokeAll(SameThreadHierarchicalTestExecutorService.java:41)
	at org.junit.platform.engine.support.hierarchical.NodeTestTask.lambda$executeRecursively$6(NodeTestTask.java:155)
	at org.junit.platform.engine.support.hierarchical.ThrowableCollector.execute(ThrowableCollector.java:73)
	at org.junit.platform.engine.support.hierarchical.NodeTestTask.lambda$executeRecursively$8(NodeTestTask.java:141)
	at org.junit.platform.engine.support.hierarchical.Node.around(Node.java:137)
	at org.junit.platform.engine.support.hierarchical.NodeTestTask.lambda$executeRecursively$9(NodeTestTask.java:139)
	at org.junit.platform.engine.support.hierarchical.ThrowableCollector.execute(ThrowableCollector.java:73)
	at org.junit.platform.engine.support.hierarchical.NodeTestTask.executeRecursively(NodeTestTask.java:138)
	at org.junit.platform.engine.support.hierarchical.NodeTestTask.execute(NodeTestTask.java:95)
	at java.util.ArrayList.forEach(ArrayList.java:1259)
	at org.junit.platform.engine.support.hierarchical.SameThreadHierarchicalTestExecutorService.invokeAll(SameThreadHierarchicalTestExecutorService.java:41)
	at org.junit.platform.engine.support.hierarchical.NodeTestTask.lambda$executeRecursively$6(NodeTestTask.java:155)
	at org.junit.platform.engine.support.hierarchical.ThrowableCollector.execute(ThrowableCollector.java:73)
	at org.junit.platform.engine.support.hierarchical.NodeTestTask.lambda$executeRecursively$8(NodeTestTask.java:141)
	at org.junit.platform.engine.support.hierarchical.Node.around(Node.java:137)
	at org.junit.platform.engine.support.hierarchical.NodeTestTask.lambda$executeRecursively$9(NodeTestTask.java:139)
	at org.junit.platform.engine.support.hierarchical.ThrowableCollector.execute(ThrowableCollector.java:73)
	at org.junit.platform.engine.support.hierarchical.NodeTestTask.executeRecursively(NodeTestTask.java:138)
	at org.junit.platform.engine.support.hierarchical.NodeTestTask.execute(NodeTestTask.java:95)
	at org.junit.platform.engine.support.hierarchical.SameThreadHierarchicalTestExecutorService.submit(SameThreadHierarchicalTestExecutorService.java:35)
	at org.junit.platform.engine.support.hierarchical.HierarchicalTestExecutor.execute(HierarchicalTestExecutor.java:57)
	at org.junit.platform.engine.support.hierarchical.HierarchicalTestEngine.execute(HierarchicalTestEngine.java:54)
	at org.junit.platform.launcher.core.EngineExecutionOrchestrator.execute(EngineExecutionOrchestrator.java:107)
	at org.junit.platform.launcher.core.EngineExecutionOrchestrator.execute(EngineExecutionOrchestrator.java:88)
	at org.junit.platform.launcher.core.EngineExecutionOrchestrator.lambda$execute$0(EngineExecutionOrchestrator.java:54)
	at org.junit.platform.launcher.core.EngineExecutionOrchestrator.withInterceptedStreams(EngineExecutionOrchestrator.java:67)
	at org.junit.platform.launcher.core.EngineExecutionOrchestrator.execute(EngineExecutionOrchestrator.java:52)
	at org.junit.platform.launcher.core.DefaultLauncher.execute(DefaultLauncher.java:114)
	at org.junit.platform.launcher.core.DefaultLauncher.execute(DefaultLauncher.java:86)
	at org.junit.platform.launcher.core.DefaultLauncherSession$DelegatingLauncher.execute(DefaultLauncherSession.java:86)
	at org.junit.platform.launcher.core.SessionPerRequestLauncher.execute(SessionPerRequestLauncher.java:53)
	at org.apache.maven.surefire.junitplatform.JUnitPlatformProvider.invokeAllTests(JUnitPlatformProvider.java:165)
	at org.apache.maven.surefire.junitplatform.JUnitPlatformProvider.invoke(JUnitPlatformProvider.java:124)
	at org.apache.maven.surefire.booter.ForkedBooter.runSuitesInProcess(ForkedBooter.java:428)
	at org.apache.maven.surefire.booter.ForkedBooter.execute(ForkedBooter.java:162)
	at org.apache.maven.surefire.booter.ForkedBooter.run(ForkedBooter.java:562)
	at org.apache.maven.surefire.booter.ForkedBooter.main(ForkedBooter.java:548)
]]></stackTrace>
      <system-out><![CDATA[