<?xml version="1.0" encoding="UTF-8"?>
<testsuite xmlns:xsi="http://www.w3.org/2001/XMLSchema-instance" xsi:noNamespaceSchemaLocation="https://maven.apache.org/surefire/maven-surefire-plugin/xsd/surefire-test-report-3.0.xsd" version="3.0" name="org.apache.hadoop.ozone.client.rpc.TestBlockOutputStreamWithFailures" time="280.866" tests="6" errors="1" skipped="0" failures="0">
  <properties>
    <property name="java.specification.version" value="17"/>
    <property name="sun.jnu.encoding" value="UTF-8"/>
    <property name="gradle.enterprise.listener.surefire.forkId" value="1"/>
    <property name="java.class.path" value="/home/runner/work/ozone/ozone/hadoop-ozone/integration-test/target/test-classes:/home/runner/work/ozone/ozone/hadoop-ozone/integration-test/target/classes:/home/runner/work/ozone/ozone/hadoop-ozone/common/target/classes:/home/runner/.m2/repository/io/grpc/grpc-netty/1.58.0/grpc-netty-1.58.0.jar:/home/runner/.m2/repository/io/grpc/grpc-core/1.58.0/grpc-core-1.58.0.jar:/home/runner/.m2/repository/com/google/android/annotations/4.1.1.4/annotations-4.1.1.4.jar:/home/runner/.m2/repository/org/codehaus/mojo/animal-sniffer-annotations/1.23/animal-sniffer-annotations-1.23.jar:/home/runner/.m2/repository/io/grpc/grpc-context/1.58.0/grpc-context-1.58.0.jar:/home/runner/.m2/repository/io/grpc/grpc-util/1.58.0/grpc-util-1.58.0.jar:/home/runner/.m2/repository/com/google/errorprone/error_prone_annotations/2.2.0/error_prone_annotations-2.2.0.jar:/home/runner/.m2/repository/io/perfmark/perfmark-api/0.26.0/perfmark-api-0.26.0.jar:/home/runner/.m2/repository/io/netty/netty-codec-http2/4.1.109.Final/netty-codec-http2-4.1.109.Final.jar:/home/runner/.m2/repository/io/netty/netty-common/4.1.109.Final/netty-common-4.1.109.Final.jar:/home/runner/.m2/repository/io/netty/netty-buffer/4.1.109.Final/netty-buffer-4.1.109.Final.jar:/home/runner/.m2/repository/io/netty/netty-codec-http/4.1.109.Final/netty-codec-http-4.1.109.Final.jar:/home/runner/.m2/repository/io/netty/netty-handler-proxy/4.1.109.Final/netty-handler-proxy-4.1.109.Final.jar:/home/runner/.m2/repository/io/netty/netty-codec-socks/4.1.109.Final/netty-codec-socks-4.1.109.Final.jar:/home/runner/.m2/repository/io/netty/netty-tcnative-boringssl-static/2.0.65.Final/netty-tcnative-boringssl-static-2.0.65.Final.jar:/home/runner/.m2/repository/io/netty/netty-tcnative-classes/2.0.65.Final/netty-tcnative-classes-2.0.65.Final.jar:/home/runner/.m2/repository/io/netty/netty-tcnative-boringssl-static/2.0.65.Final/netty-tcnative-boringssl-static-2.0.65.Final-linux-x86_64.jar:/home/runner/.m2/repository/io/netty/netty-tcnative-boringssl-static/2.0.65.Final/netty-tcnative-boringssl-static-2.0.65.Final-linux-aarch_64.jar:/home/runner/.m2/repository/io/netty/netty-tcnative-boringssl-static/2.0.65.Final/netty-tcnative-boringssl-static-2.0.65.Final-osx-x86_64.jar:/home/runner/.m2/repository/io/netty/netty-tcnative-boringssl-static/2.0.65.Final/netty-tcnative-boringssl-static-2.0.65.Final-osx-aarch_64.jar:/home/runner/.m2/repository/io/netty/netty-tcnative-boringssl-static/2.0.65.Final/netty-tcnative-boringssl-static-2.0.65.Final-windows-x86_64.jar:/home/runner/.m2/repository/org/apache/commons/commons-compress/1.26.0/commons-compress-1.26.0.jar:/home/runner/work/ozone/ozone/hadoop-hdds/common/target/classes:/home/runner/work/ozone/ozone/hadoop-hdds/client/target/classes:/home/runner/work/ozone/ozone/hadoop-ozone/interface-client/target/classes:/home/runner/.m2/repository/org/apache/hadoop/hadoop-hdfs-client/3.3.6/hadoop-hdfs-client-3.3.6.jar:/home/runner/.m2/repository/com/squareup/okhttp3/okhttp/4.12.0/okhttp-4.12.0.jar:/home/runner/.m2/repository/com/squareup/okio/okio/3.6.0/okio-3.6.0.jar:/home/runner/.m2/repository/com/squareup/okio/okio-jvm/3.6.0/okio-jvm-3.6.0.jar:/home/runner/.m2/repository/org/jetbrains/kotlin/kotlin-stdlib-jdk8/1.9.24/kotlin-stdlib-jdk8-1.9.24.jar:/home/runner/.m2/repository/org/jetbrains/kotlin/kotlin-stdlib-jdk7/1.9.24/kotlin-stdlib-jdk7-1.9.24.jar:/home/runner/.m2/repository/org/jetbrains/kotlin/kotlin-stdlib-common/1.9.24/kotlin-stdlib-common-1.9.24.jar:/home/runner/work/ozone/ozone/hadoop-hdds/test-utils/target/classes:/home/runner/.m2/repository/org/assertj/assertj-core/3.26.0/assertj-core-3.26.0.jar:/home/runner/.m2/repository/net/bytebuddy/byte-buddy/1.14.16/byte-buddy-1.14.16.jar:/home/runner/.m2/repository/com/google/guava/guava/32.1.3-jre/guava-32.1.3-jre.jar:/home/runner/.m2/repository/com/google/guava/failureaccess/1.0.1/failureaccess-1.0.1.jar:/home/runner/.m2/repository/com/google/guava/listenablefuture/9999.0-empty-to-avoid-conflict-with-guava/listenablefuture-9999.0-empty-to-avoid-conflict-with-guava.jar:/home/runner/.m2/repository/org/checkerframework/checker-qual/3.37.0/checker-qual-3.37.0.jar:/home/runner/.m2/repository/com/google/j2objc/j2objc-annotations/2.8/j2objc-annotations-2.8.jar:/home/runner/.m2/repository/commons-io/commons-io/2.16.1/commons-io-2.16.1.jar:/home/runner/.m2/repository/commons-logging/commons-logging/1.2/commons-logging-1.2.jar:/home/runner/.m2/repository/org/junit/jupiter/junit-jupiter-api/5.10.2/junit-jupiter-api-5.10.2.jar:/home/runner/.m2/repository/org/opentest4j/opentest4j/1.3.0/opentest4j-1.3.0.jar:/home/runner/.m2/repository/org/junit/platform/junit-platform-commons/1.10.2/junit-platform-commons-1.10.2.jar:/home/runner/.m2/repository/ch/qos/reload4j/reload4j/1.2.25/reload4j-1.2.25.jar:/home/runner/.m2/repository/jakarta/annotation/jakarta.annotation-api/2.1.1/jakarta.annotation-api-2.1.1.jar:/home/runner/.m2/repository/org/slf4j/slf4j-api/2.0.13/slf4j-api-2.0.13.jar:/home/runner/.m2/repository/org/apache/logging/log4j/log4j-api/2.17.1/log4j-api-2.17.1.jar:/home/runner/work/ozone/ozone/hadoop-hdds/server-scm/target/classes:/home/runner/.m2/repository/com/google/protobuf/protobuf-java/2.5.0/protobuf-java-2.5.0.jar:/home/runner/work/ozone/ozone/hadoop-hdds/container-service/target/classes:/home/runner/work/ozone/ozone/hadoop-hdds/hadoop-dependency-server/target/classes:/home/runner/.m2/repository/com/nimbusds/nimbus-jose-jwt/9.37.2/nimbus-jose-jwt-9.37.2.jar:/home/runner/.m2/repository/com/github/stephenc/jcip/jcip-annotations/1.0-1/jcip-annotations-1.0-1.jar:/home/runner/.m2/repository/org/apache/hadoop/hadoop-hdfs/3.3.6/hadoop-hdfs-3.3.6.jar:/home/runner/.m2/repository/commons-daemon/commons-daemon/1.3.4/commons-daemon-1.3.4.jar:/home/runner/.m2/repository/org/apache/kerby/kerb-core/1.0.1/kerb-core-1.0.1.jar:/home/runner/.m2/repository/org/apache/kerby/kerby-pkix/1.0.1/kerby-pkix-1.0.1.jar:/home/runner/.m2/repository/org/apache/kerby/kerby-asn1/1.0.1/kerby-asn1-1.0.1.jar:/home/runner/.m2/repository/org/apache/kerby/kerby-util/1.0.1/kerby-util-1.0.1.jar:/home/runner/.m2/repository/org/apache/kerby/kerb-util/1.0.1/kerb-util-1.0.1.jar:/home/runner/.m2/repository/org/apache/kerby/kerby-config/1.0.1/kerby-config-1.0.1.jar:/home/runner/.m2/repository/org/apache/kerby/kerb-crypto/1.0.1/kerb-crypto-1.0.1.jar:/home/runner/.m2/repository/org/xerial/snappy/snappy-java/1.1.10.5/snappy-java-1.1.10.5.jar:/home/runner/work/ozone/ozone/hadoop-hdds/framework/target/classes:/home/runner/.m2/repository/org/bouncycastle/bcprov-jdk18on/1.78.1/bcprov-jdk18on-1.78.1.jar:/home/runner/.m2/repository/io/dropwizard/metrics/metrics-core/3.2.6/metrics-core-3.2.6.jar:/home/runner/.m2/repository/org/apache/commons/commons-text/1.11.0/commons-text-1.11.0.jar:/home/runner/work/ozone/ozone/hadoop-hdds/framework/target/test-classes:/home/runner/work/ozone/ozone/hadoop-hdds/interface-server/target/classes:/home/runner/work/ozone/ozone/hadoop-hdds/interface-admin/target/classes:/home/runner/work/ozone/ozone/hadoop-hdds/managed-rocksdb/target/classes:/home/runner/.m2/repository/org/rocksdb/rocksdbjni/7.7.3/rocksdbjni-7.7.3.jar:/home/runner/.m2/repository/org/slf4j/slf4j-reload4j/2.0.13/slf4j-reload4j-2.0.13.jar:/home/runner/.m2/repository/org/apache/commons/commons-configuration2/2.10.1/commons-configuration2-2.10.1.jar:/home/runner/.m2/repository/commons-fileupload/commons-fileupload/1.5/commons-fileupload-1.5.jar:/home/runner/.m2/repository/org/apache/logging/log4j/log4j-core/2.17.1/log4j-core-2.17.1.jar:/home/runner/.m2/repository/com/lmax/disruptor/3.4.4/disruptor-3.4.4.jar:/home/runner/.m2/repository/org/eclipse/jetty/jetty-util/9.4.54.v20240208/jetty-util-9.4.54.v20240208.jar:/home/runner/.m2/repository/org/eclipse/jetty/jetty-server/9.4.54.v20240208/jetty-server-9.4.54.v20240208.jar:/home/runner/.m2/repository/org/eclipse/jetty/jetty-http/9.4.54.v20240208/jetty-http-9.4.54.v20240208.jar:/home/runner/.m2/repository/org/eclipse/jetty/jetty-io/9.4.54.v20240208/jetty-io-9.4.54.v20240208.jar:/home/runner/.m2/repository/org/eclipse/jetty/jetty-servlet/9.4.54.v20240208/jetty-servlet-9.4.54.v20240208.jar:/home/runner/.m2/repository/org/eclipse/jetty/jetty-security/9.4.54.v20240208/jetty-security-9.4.54.v20240208.jar:/home/runner/.m2/repository/org/eclipse/jetty/jetty-util-ajax/9.4.54.v20240208/jetty-util-ajax-9.4.54.v20240208.jar:/home/runner/.m2/repository/org/eclipse/jetty/jetty-webapp/9.4.54.v20240208/jetty-webapp-9.4.54.v20240208.jar:/home/runner/.m2/repository/org/eclipse/jetty/jetty-xml/9.4.54.v20240208/jetty-xml-9.4.54.v20240208.jar:/home/runner/.m2/repository/org/apache/ratis/ratis-server/3.0.1/ratis-server-3.0.1.jar:/home/runner/.m2/repository/org/apache/ratis/ratis-thirdparty-misc/1.0.5/ratis-thirdparty-misc-1.0.5.jar:/home/runner/.m2/repository/org/apache/ratis/ratis-proto/3.0.1/ratis-proto-3.0.1.jar:/home/runner/.m2/repository/org/apache/ratis/ratis-common/3.0.1/ratis-common-3.0.1.jar:/home/runner/.m2/repository/org/apache/ratis/ratis-client/3.0.1/ratis-client-3.0.1.jar:/home/runner/.m2/repository/org/apache/ratis/ratis-server-api/3.0.1/ratis-server-api-3.0.1.jar:/home/runner/.m2/repository/org/apache/ratis/ratis-metrics-api/3.0.1/ratis-metrics-api-3.0.1.jar:/home/runner/.m2/repository/org/apache/ratis/ratis-metrics-dropwizard3/3.0.1/ratis-metrics-dropwizard3-3.0.1.jar:/home/runner/.m2/repository/io/prometheus/simpleclient_dropwizard/0.16.0/simpleclient_dropwizard-0.16.0.jar:/home/runner/.m2/repository/io/prometheus/simpleclient/0.16.0/simpleclient-0.16.0.jar:/home/runner/.m2/repository/io/prometheus/simpleclient_common/0.16.0/simpleclient_common-0.16.0.jar:/home/runner/.m2/repository/com/fasterxml/jackson/datatype/jackson-datatype-jsr310/2.16.2/jackson-datatype-jsr310-2.16.2.jar:/home/runner/.m2/repository/com/fasterxml/jackson/core/jackson-core/2.16.2/jackson-core-2.16.2.jar:/home/runner/work/ozone/ozone/hadoop-hdds/rocksdb-checkpoint-differ/target/classes:/home/runner/.m2/repository/org/jgrapht/jgrapht-core/1.4.0/jgrapht-core-1.4.0.jar:/home/runner/.m2/repository/org/jheaps/jheaps/0.11/jheaps-0.11.jar:/home/runner/.m2/repository/org/jgrapht/jgrapht-ext/1.4.0/jgrapht-ext-1.4.0.jar:/home/runner/.m2/repository/com/github/vlsi/mxgraph/jgraphx/3.9.8.1/jgraphx-3.9.8.1.jar:/home/runner/work/ozone/ozone/hadoop-ozone/ozone-manager/target/classes:/home/runner/.m2/repository/org/aspectj/aspectjrt/1.9.7/aspectjrt-1.9.7.jar:/home/runner/.m2/repository/org/aspectj/aspectjweaver/1.9.7/aspectjweaver-1.9.7.jar:/home/runner/work/ozone/ozone/hadoop-hdds/interface-client/target/classes:/home/runner/.m2/repository/org/apache/hadoop/thirdparty/hadoop-shaded-protobuf_3_7/1.1.1/hadoop-shaded-protobuf_3_7-1.1.1.jar:/home/runner/work/ozone/ozone/hadoop-ozone/interface-storage/target/classes:/home/runner/.m2/repository/org/reflections/reflections/0.10.2/reflections-0.10.2.jar:/home/runner/.m2/repository/com/sun/jersey/jersey-client/1.19.4/jersey-client-1.19.4.jar:/home/runner/.m2/repository/org/codehaus/jackson/jackson-core-asl/1.9.13/jackson-core-asl-1.9.13.jar:/home/runner/.m2/repository/org/codehaus/jackson/jackson-mapper-asl/1.9.13/jackson-mapper-asl-1.9.13.jar:/home/runner/.m2/repository/org/codehaus/jackson/jackson-jaxrs/1.9.13/jackson-jaxrs-1.9.13.jar:/home/runner/.m2/repository/org/apache/ranger/ranger-intg/2.3.0/ranger-intg-2.3.0.jar:/home/runner/.m2/repository/org/apache/ranger/ranger-plugins-common/2.3.0/ranger-plugins-common-2.3.0.jar:/home/runner/.m2/repository/commons-lang/commons-lang/2.6/commons-lang-2.6.jar:/home/runner/.m2/repository/org/apache/ranger/ranger-plugins-cred/2.3.0/ranger-plugins-cred-2.3.0.jar:/home/runner/.m2/repository/org/apache/ranger/ranger-plugins-audit/2.3.0/ranger-plugins-audit-2.3.0.jar:/home/runner/.m2/repository/org/eclipse/jetty/jetty-client/9.4.54.v20240208/jetty-client-9.4.54.v20240208.jar:/home/runner/.m2/repository/org/apache/httpcomponents/httpmime/4.5.6/httpmime-4.5.6.jar:/home/runner/.m2/repository/org/apache/httpcomponents/httpcore-nio/4.4.16/httpcore-nio-4.4.16.jar:/home/runner/.m2/repository/org/apache/httpcomponents/httpasyncclient/4.1.3/httpasyncclient-4.1.3.jar:/home/runner/.m2/repository/com/carrotsearch/hppc/0.8.0/hppc-0.8.0.jar:/home/runner/.m2/repository/org/apache/orc/orc-core/1.5.8/orc-core-1.5.8.jar:/home/runner/.m2/repository/net/java/dev/jna/jna/5.2.0/jna-5.2.0.jar:/home/runner/.m2/repository/net/java/dev/jna/jna-platform/5.2.0/jna-platform-5.2.0.jar:/home/runner/.m2/repository/com/kstruct/gethostname4j/0.0.2/gethostname4j-0.0.2.jar:/home/runner/.m2/repository/org/apache/ranger/ranger-plugin-classloader/2.3.0/ranger-plugin-classloader-2.3.0.jar:/home/runner/work/ozone/ozone/hadoop-hdds/rocks-native/target/classes:/home/runner/.m2/repository/org/apache/hadoop/hadoop-minikdc/3.3.6/hadoop-minikdc-3.3.6.jar:/home/runner/.m2/repository/org/apache/kerby/kerb-simplekdc/1.0.1/kerb-simplekdc-1.0.1.jar:/home/runner/.m2/repository/org/apache/kerby/kerb-client/1.0.1/kerb-client-1.0.1.jar:/home/runner/.m2/repository/org/apache/kerby/kerb-common/1.0.1/kerb-common-1.0.1.jar:/home/runner/.m2/repository/org/apache/kerby/token-provider/1.0.1/token-provider-1.0.1.jar:/home/runner/.m2/repository/org/apache/kerby/kerb-admin/1.0.1/kerb-admin-1.0.1.jar:/home/runner/.m2/repository/org/apache/kerby/kerb-server/1.0.1/kerb-server-1.0.1.jar:/home/runner/.m2/repository/org/apache/kerby/kerb-identity/1.0.1/kerb-identity-1.0.1.jar:/home/runner/.m2/repository/org/apache/kerby/kerby-xdr/1.0.1/kerby-xdr-1.0.1.jar:/home/runner/.m2/repository/junit/junit/4.13.2/junit-4.13.2.jar:/home/runner/.m2/repository/org/hamcrest/hamcrest-core/1.3/hamcrest-core-1.3.jar:/home/runner/work/ozone/ozone/hadoop-ozone/s3gateway/target/classes:/home/runner/.m2/repository/org/javassist/javassist/3.30.2-GA/javassist-3.30.2-GA.jar:/home/runner/.m2/repository/org/jboss/weld/servlet/weld-servlet-shaded/3.1.9.Final/weld-servlet-shaded-3.1.9.Final.jar:/home/runner/.m2/repository/org/glassfish/jersey/containers/jersey-container-servlet-core/2.43/jersey-container-servlet-core-2.43.jar:/home/runner/.m2/repository/org/glassfish/hk2/external/jakarta.inject/2.6.1/jakarta.inject-2.6.1.jar:/home/runner/.m2/repository/org/glassfish/jersey/core/jersey-common/2.43/jersey-common-2.43.jar:/home/runner/.m2/repository/jakarta/ws/rs/jakarta.ws.rs-api/2.1.6/jakarta.ws.rs-api-2.1.6.jar:/home/runner/.m2/repository/org/glassfish/jersey/ext/cdi/jersey-cdi1x/2.43/jersey-cdi1x-2.43.jar:/home/runner/.m2/repository/org/glassfish/jersey/inject/jersey-hk2/2.43/jersey-hk2-2.43.jar:/home/runner/.m2/repository/org/glassfish/hk2/hk2-locator/2.6.1/hk2-locator-2.6.1.jar:/home/runner/.m2/repository/org/glassfish/jersey/media/jersey-media-jaxb/2.43/jersey-media-jaxb-2.43.jar:/home/runner/.m2/repository/org/glassfish/hk2/osgi-resource-locator/1.0.3/osgi-resource-locator-1.0.3.jar:/home/runner/.m2/repository/org/glassfish/hk2/hk2-api/2.6.1/hk2-api-2.6.1.jar:/home/runner/.m2/repository/org/glassfish/hk2/hk2-utils/2.6.1/hk2-utils-2.6.1.jar:/home/runner/.m2/repository/org/glassfish/hk2/external/aopalliance-repackaged/2.6.1/aopalliance-repackaged-2.6.1.jar:/home/runner/.m2/repository/com/fasterxml/jackson/dataformat/jackson-dataformat-xml/2.16.2/jackson-dataformat-xml-2.16.2.jar:/home/runner/.m2/repository/org/codehaus/woodstox/stax2-api/4.2.2/stax2-api-4.2.2.jar:/home/runner/.m2/repository/com/fasterxml/woodstox/woodstox-core/5.4.0/woodstox-core-5.4.0.jar:/home/runner/.m2/repository/com/fasterxml/jackson/module/jackson-module-jaxb-annotations/2.16.2/jackson-module-jaxb-annotations-2.16.2.jar:/home/runner/.m2/repository/javax/enterprise/cdi-api/2.0/cdi-api-2.0.jar:/home/runner/.m2/repository/javax/el/javax.el-api/3.0.0/javax.el-api-3.0.0.jar:/home/runner/.m2/repository/javax/interceptor/javax.interceptor-api/1.2/javax.interceptor-api-1.2.jar:/home/runner/.m2/repository/javax/inject/javax.inject/1/javax.inject-1.jar:/home/runner/.m2/repository/jakarta/xml/bind/jakarta.xml.bind-api/2.3.3/jakarta.xml.bind-api-2.3.3.jar:/home/runner/.m2/repository/org/glassfish/jaxb/jaxb-runtime/2.3.9/jaxb-runtime-2.3.9.jar:/home/runner/.m2/repository/org/glassfish/jaxb/txw2/2.3.9/txw2-2.3.9.jar:/home/runner/.m2/repository/com/sun/istack/istack-commons-runtime/3.0.12/istack-commons-runtime-3.0.12.jar:/home/runner/.m2/repository/com/sun/activation/jakarta.activation/1.2.2/jakarta.activation-1.2.2.jar:/home/runner/.m2/repository/jakarta/activation/jakarta.activation-api/1.2.2/jakarta.activation-api-1.2.2.jar:/home/runner/.m2/repository/io/grpc/grpc-protobuf/1.58.0/grpc-protobuf-1.58.0.jar:/home/runner/.m2/repository/com/google/api/grpc/proto-google-common-protos/2.22.0/proto-google-common-protos-2.22.0.jar:/home/runner/.m2/repository/io/grpc/grpc-protobuf-lite/1.58.0/grpc-protobuf-lite-1.58.0.jar:/home/runner/.m2/repository/io/grpc/grpc-stub/1.58.0/grpc-stub-1.58.0.jar:/home/runner/.m2/repository/io/netty/netty-transport/4.1.109.Final/netty-transport-4.1.109.Final.jar:/home/runner/.m2/repository/io/netty/netty-resolver/4.1.109.Final/netty-resolver-4.1.109.Final.jar:/home/runner/work/ozone/ozone/hadoop-ozone/csi/target/classes:/home/runner/.m2/repository/com/google/protobuf/protobuf-java-util/3.19.6/protobuf-java-util-3.19.6.jar:/home/runner/.m2/repository/com/google/code/gson/gson/2.10.1/gson-2.10.1.jar:/home/runner/work/ozone/ozone/hadoop-hdds/config/target/classes:/home/runner/.m2/repository/io/netty/netty-transport-native-epoll/4.1.109.Final/netty-transport-native-epoll-4.1.109.Final-linux-x86_64.jar:/home/runner/.m2/repository/io/netty/netty-transport-classes-epoll/4.1.109.Final/netty-transport-classes-epoll-4.1.109.Final.jar:/home/runner/.m2/repository/io/netty/netty-transport-native-unix-common/4.1.109.Final/netty-transport-native-unix-common-4.1.109.Final.jar:/home/runner/work/ozone/ozone/hadoop-ozone/recon/target/classes:/home/runner/work/ozone/ozone/hadoop-ozone/recon-codegen/target/classes:/home/runner/.m2/repository/com/google/inject/guice/6.0.0/guice-6.0.0.jar:/home/runner/.m2/repository/jakarta/inject/jakarta.inject-api/2.0.1/jakarta.inject-api-2.0.1.jar:/home/runner/.m2/repository/aopalliance/aopalliance/1.0/aopalliance-1.0.jar:/home/runner/.m2/repository/com/google/inject/extensions/guice-assistedinject/6.0.0/guice-assistedinject-6.0.0.jar:/home/runner/.m2/repository/com/google/inject/extensions/guice-servlet/6.0.0/guice-servlet-6.0.0.jar:/home/runner/.m2/repository/org/glassfish/jersey/containers/jersey-container-servlet/2.43/jersey-container-servlet-2.43.jar:/home/runner/.m2/repository/org/glassfish/hk2/guice-bridge/2.6.1/guice-bridge-2.6.1.jar:/home/runner/.m2/repository/org/glassfish/jersey/core/jersey-server/2.43/jersey-server-2.43.jar:/home/runner/.m2/repository/org/glassfish/jersey/core/jersey-client/2.43/jersey-client-2.43.jar:/home/runner/.m2/repository/jakarta/validation/jakarta.validation-api/2.0.2/jakarta.validation-api-2.0.2.jar:/home/runner/.m2/repository/org/glassfish/jersey/media/jersey-media-json-jackson/2.43/jersey-media-json-jackson-2.43.jar:/home/runner/.m2/repository/org/glassfish/jersey/ext/jersey-entity-filtering/2.43/jersey-entity-filtering-2.43.jar:/home/runner/.m2/repository/org/jooq/jooq/3.11.10/jooq-3.11.10.jar:/home/runner/.m2/repository/org/jooq/jooq-meta/3.11.10/jooq-meta-3.11.10.jar:/home/runner/.m2/repository/org/jooq/jooq-codegen/3.11.10/jooq-codegen-3.11.10.jar:/home/runner/.m2/repository/com/jolbox/bonecp/0.8.0.RELEASE/bonecp-0.8.0.RELEASE.jar:/home/runner/.m2/repository/org/apache/derby/derby/10.14.2.0/derby-10.14.2.0.jar:/home/runner/.m2/repository/org/xerial/sqlite-jdbc/3.44.1.0/sqlite-jdbc-3.44.1.0.jar:/home/runner/.m2/repository/org/springframework/spring-jdbc/5.3.34/spring-jdbc-5.3.34.jar:/home/runner/.m2/repository/org/springframework/spring-beans/5.3.34/spring-beans-5.3.34.jar:/home/runner/.m2/repository/org/springframework/spring-core/5.3.34/spring-core-5.3.34.jar:/home/runner/.m2/repository/org/springframework/spring-tx/5.3.34/spring-tx-5.3.34.jar:/home/runner/work/ozone/ozone/hadoop-ozone/client/target/classes:/home/runner/work/ozone/ozone/hadoop-hdds/erasurecode/target/classes:/home/runner/work/ozone/ozone/hadoop-ozone/ozonefs/target/classes:/home/runner/work/ozone/ozone/hadoop-ozone/ozonefs-common/target/classes:/home/runner/work/ozone/ozone/hadoop-ozone/tools/target/classes:/home/runner/.m2/repository/com/amazonaws/aws-java-sdk-core/1.12.661/aws-java-sdk-core-1.12.661.jar:/home/runner/.m2/repository/org/apache/httpcomponents/httpclient/4.5.14/httpclient-4.5.14.jar:/home/runner/.m2/repository/org/apache/httpcomponents/httpcore/4.4.16/httpcore-4.4.16.jar:/home/runner/.m2/repository/com/fasterxml/jackson/dataformat/jackson-dataformat-cbor/2.16.2/jackson-dataformat-cbor-2.16.2.jar:/home/runner/.m2/repository/joda-time/joda-time/2.12.7/joda-time-2.12.7.jar:/home/runner/.m2/repository/com/amazonaws/aws-java-sdk-s3/1.12.661/aws-java-sdk-s3-1.12.661.jar:/home/runner/.m2/repository/com/amazonaws/aws-java-sdk-kms/1.12.661/aws-java-sdk-kms-1.12.661.jar:/home/runner/.m2/repository/com/amazonaws/jmespath-java/1.12.661/jmespath-java-1.12.661.jar:/home/runner/.m2/repository/org/kohsuke/metainf-services/metainf-services/1.11/metainf-services-1.11.jar:/home/runner/work/ozone/ozone/hadoop-hdds/tools/target/classes:/home/runner/.m2/repository/org/apache/ratis/ratis-tools/3.0.1/ratis-tools-3.0.1.jar:/home/runner/.m2/repository/commons-cli/commons-cli/1.8.0/commons-cli-1.8.0.jar:/home/runner/.m2/repository/org/apache/commons/commons-lang3/3.14.0/commons-lang3-3.14.0.jar:/home/runner/work/ozone/ozone/hadoop-ozone/ozone-manager/target/test-classes:/home/runner/work/ozone/ozone/hadoop-hdds/common/target/test-classes:/home/runner/work/ozone/ozone/hadoop-hdds/hadoop-dependency-client/target/classes:/home/runner/.m2/repository/info/picocli/picocli/4.7.6/picocli-4.7.6.jar:/home/runner/.m2/repository/com/fasterxml/jackson/core/jackson-annotations/2.16.2/jackson-annotations-2.16.2.jar:/home/runner/work/ozone/ozone/hadoop-hdds/annotations/target/classes:/home/runner/.m2/repository/javax/annotation/javax.annotation-api/1.3.2/javax.annotation-api-1.3.2.jar:/home/runner/.m2/repository/org/apache/ratis/ratis-netty/3.0.1/ratis-netty-3.0.1.jar:/home/runner/.m2/repository/org/apache/ratis/ratis-grpc/3.0.1/ratis-grpc-3.0.1.jar:/home/runner/.m2/repository/org/bouncycastle/bcpkix-jdk18on/1.78.1/bcpkix-jdk18on-1.78.1.jar:/home/runner/.m2/repository/org/bouncycastle/bcutil-jdk18on/1.78.1/bcutil-jdk18on-1.78.1.jar:/home/runner/.m2/repository/commons-validator/commons-validator/1.6/commons-validator-1.6.jar:/home/runner/.m2/repository/commons-beanutils/commons-beanutils/1.9.4/commons-beanutils-1.9.4.jar:/home/runner/.m2/repository/commons-digester/commons-digester/1.8.1/commons-digester-1.8.1.jar:/home/runner/.m2/repository/commons-collections/commons-collections/3.2.2/commons-collections-3.2.2.jar:/home/runner/.m2/repository/io/jaegertracing/jaeger-client/1.8.1/jaeger-client-1.8.1.jar:/home/runner/.m2/repository/io/jaegertracing/jaeger-thrift/1.8.1/jaeger-thrift-1.8.1.jar:/home/runner/.m2/repository/org/apache/thrift/libthrift/0.15.0/libthrift-0.15.0.jar:/home/runner/.m2/repository/io/jaegertracing/jaeger-core/1.8.1/jaeger-core-1.8.1.jar:/home/runner/.m2/repository/io/jaegertracing/jaeger-tracerresolver/1.8.1/jaeger-tracerresolver-1.8.1.jar:/home/runner/.m2/repository/io/opentracing/contrib/opentracing-tracerresolver/0.1.8/opentracing-tracerresolver-0.1.8.jar:/home/runner/.m2/repository/org/jetbrains/kotlin/kotlin-stdlib/1.9.24/kotlin-stdlib-1.9.24.jar:/home/runner/.m2/repository/org/jetbrains/annotations/13.0/annotations-13.0.jar:/home/runner/.m2/repository/io/opentracing/opentracing-util/0.33.0/opentracing-util-0.33.0.jar:/home/runner/.m2/repository/io/opentracing/opentracing-api/0.33.0/opentracing-api-0.33.0.jar:/home/runner/.m2/repository/io/opentracing/opentracing-noop/0.33.0/opentracing-noop-0.33.0.jar:/home/runner/.m2/repository/org/yaml/snakeyaml/2.0/snakeyaml-2.0.jar:/home/runner/.m2/repository/io/grpc/grpc-api/1.58.0/grpc-api-1.58.0.jar:/home/runner/.m2/repository/org/junit/platform/junit-platform-launcher/1.10.2/junit-platform-launcher-1.10.2.jar:/home/runner/.m2/repository/org/junit/platform/junit-platform-engine/1.10.2/junit-platform-engine-1.10.2.jar:/home/runner/.m2/repository/org/apiguardian/apiguardian-api/1.1.2/apiguardian-api-1.1.2.jar:/home/runner/.m2/repository/org/apache/hadoop/hadoop-kms/3.3.6/hadoop-kms-3.3.6.jar:/home/runner/.m2/repository/org/apache/hadoop/hadoop-auth/3.3.6/hadoop-auth-3.3.6.jar:/home/runner/.m2/repository/org/apache/zookeeper/zookeeper/3.8.4/zookeeper-3.8.4.jar:/home/runner/.m2/repository/org/apache/zookeeper/zookeeper-jute/3.8.4/zookeeper-jute-3.8.4.jar:/home/runner/.m2/repository/org/apache/yetus/audience-annotations/0.12.0/audience-annotations-0.12.0.jar:/home/runner/.m2/repository/org/apache/curator/curator-framework/4.2.0/curator-framework-4.2.0.jar:/home/runner/.m2/repository/org/apache/hadoop/thirdparty/hadoop-shaded-guava/1.2.0/hadoop-shaded-guava-1.2.0.jar:/home/runner/.m2/repository/com/sun/jersey/jersey-core/1.19.4/jersey-core-1.19.4.jar:/home/runner/.m2/repository/javax/ws/rs/jsr311-api/1.1.1/jsr311-api-1.1.1.jar:/home/runner/.m2/repository/com/sun/jersey/jersey-server/1.19.4/jersey-server-1.19.4.jar:/home/runner/.m2/repository/javax/servlet/javax.servlet-api/3.1.0/javax.servlet-api-3.1.0.jar:/home/runner/.m2/repository/org/apache/hadoop/hadoop-common/3.3.6/hadoop-common-3.3.6.jar:/home/runner/.m2/repository/org/apache/commons/commons-math3/3.6.1/commons-math3-3.6.1.jar:/home/runner/.m2/repository/commons-net/commons-net/3.10.0/commons-net-3.10.0.jar:/home/runner/.m2/repository/com/sun/jersey/jersey-servlet/1.19.4/jersey-servlet-1.19.4.jar:/home/runner/.m2/repository/com/github/pjfanning/jersey-json/1.20/jersey-json-1.20.jar:/home/runner/.m2/repository/org/codehaus/jettison/jettison/1.1/jettison-1.1.jar:/home/runner/.m2/repository/com/sun/xml/bind/jaxb-impl/2.2.3-1/jaxb-impl-2.2.3-1.jar:/home/runner/.m2/repository/com/google/re2j/re2j/1.7/re2j-1.7.jar:/home/runner/.m2/repository/com/jcraft/jsch/0.1.55/jsch-0.1.55.jar:/home/runner/.m2/repository/org/apache/curator/curator-client/4.2.0/curator-client-4.2.0.jar:/home/runner/.m2/repository/org/apache/curator/curator-recipes/5.2.0/curator-recipes-5.2.0.jar:/home/runner/.m2/repository/com/google/code/findbugs/jsr305/3.0.2/jsr305-3.0.2.jar:/home/runner/.m2/repository/dnsjava/dnsjava/2.1.9/dnsjava-2.1.9.jar:/home/runner/.m2/repository/com/fasterxml/jackson/core/jackson-databind/2.16.2/jackson-databind-2.16.2.jar:/home/runner/.m2/repository/org/apache/hadoop/hadoop-kms/3.3.6/hadoop-kms-3.3.6-tests.jar:/home/runner/work/ozone/ozone/hadoop-hdds/server-scm/target/test-classes:/home/runner/work/ozone/ozone/hadoop-hdds/container-service/target/test-classes:/home/runner/.m2/repository/com/github/luben/zstd-jni/1.5.6-3/zstd-jni-1.5.6-3.jar:/home/runner/.m2/repository/commons-codec/commons-codec/1.17.0/commons-codec-1.17.0.jar:/home/runner/.m2/repository/io/netty/netty-codec/4.1.109.Final/netty-codec-4.1.109.Final.jar:/home/runner/.m2/repository/io/netty/netty-handler/4.1.109.Final/netty-handler-4.1.109.Final.jar:/home/runner/work/ozone/ozone/hadoop-hdds/hadoop-dependency-test/target/classes:/home/runner/.m2/repository/org/apache/hadoop/hadoop-common/3.3.6/hadoop-common-3.3.6-tests.jar:/home/runner/.m2/repository/org/apache/hadoop/hadoop-hdfs/3.3.6/hadoop-hdfs-3.3.6-tests.jar:/home/runner/.m2/repository/org/junit/jupiter/junit-jupiter-engine/5.10.2/junit-jupiter-engine-5.10.2.jar:/home/runner/.m2/repository/org/junit/jupiter/junit-jupiter-params/5.10.2/junit-jupiter-params-5.10.2.jar:/home/runner/.m2/repository/org/mockito/mockito-core/4.11.0/mockito-core-4.11.0.jar:/home/runner/.m2/repository/net/bytebuddy/byte-buddy-agent/1.12.19/byte-buddy-agent-1.12.19.jar:/home/runner/.m2/repository/org/objenesis/objenesis/3.3/objenesis-3.3.jar:/home/runner/.m2/repository/org/mockito/mockito-inline/4.11.0/mockito-inline-4.11.0.jar:/home/runner/.m2/repository/org/mockito/mockito-junit-jupiter/4.11.0/mockito-junit-jupiter-4.11.0.jar:/home/runner/.m2/repository/org/apache/hadoop/hadoop-distcp/3.3.6/hadoop-distcp-3.3.6.jar:/home/runner/.m2/repository/org/apache/hadoop/hadoop-mapreduce-client-jobclient/3.3.6/hadoop-mapreduce-client-jobclient-3.3.6.jar:/home/runner/.m2/repository/org/apache/hadoop/hadoop-mapreduce-client-common/3.3.6/hadoop-mapreduce-client-common-3.3.6.jar:/home/runner/.m2/repository/org/apache/hadoop/hadoop-yarn-common/3.3.6/hadoop-yarn-common-3.3.6.jar:/home/runner/.m2/repository/org/apache/hadoop/hadoop-yarn-api/3.3.6/hadoop-yarn-api-3.3.6.jar:/home/runner/.m2/repository/javax/xml/bind/jaxb-api/2.2.11/jaxb-api-2.2.11.jar:/home/runner/.m2/repository/com/sun/jersey/contribs/jersey-guice/1.19.4/jersey-guice-1.19.4.jar:/home/runner/.m2/repository/com/fasterxml/jackson/jaxrs/jackson-jaxrs-json-provider/2.16.2/jackson-jaxrs-json-provider-2.16.2.jar:/home/runner/.m2/repository/com/fasterxml/jackson/jaxrs/jackson-jaxrs-base/2.16.2/jackson-jaxrs-base-2.16.2.jar:/home/runner/.m2/repository/org/apache/hadoop/hadoop-yarn-client/3.3.6/hadoop-yarn-client-3.3.6.jar:/home/runner/.m2/repository/org/eclipse/jetty/websocket/websocket-client/9.4.51.v20230217/websocket-client-9.4.51.v20230217.jar:/home/runner/.m2/repository/org/eclipse/jetty/websocket/websocket-common/9.4.51.v20230217/websocket-common-9.4.51.v20230217.jar:/home/runner/.m2/repository/org/eclipse/jetty/websocket/websocket-api/9.4.51.v20230217/websocket-api-9.4.51.v20230217.jar:/home/runner/.m2/repository/org/jline/jline/3.9.0/jline-3.9.0.jar:/home/runner/.m2/repository/org/apache/hadoop/hadoop-mapreduce-client-core/3.3.6/hadoop-mapreduce-client-core-3.3.6.jar:/home/runner/.m2/repository/org/apache/avro/avro/1.7.7/avro-1.7.7.jar:/home/runner/.m2/repository/com/thoughtworks/paranamer/paranamer/2.3/paranamer-2.3.jar:/home/runner/.m2/repository/org/apache/hadoop/hadoop-annotations/3.3.6/hadoop-annotations-3.3.6.jar:/home/runner/.m2/repository/io/netty/netty/3.10.6.Final/netty-3.10.6.Final.jar:/home/runner/.m2/repository/org/apache/hadoop/hadoop-distcp/3.3.6/hadoop-distcp-3.3.6-tests.jar:/home/runner/.m2/repository/org/hamcrest/hamcrest/2.2/hamcrest-2.2.jar:/home/runner/.m2/repository/org/slf4j/jul-to-slf4j/2.0.13/jul-to-slf4j-2.0.13.jar:/home/runner/work/ozone/ozone/hadoop-ozone/integration-test/target/gradle-enterprise/test-listeners.jar:"/>
    <property name="java.vm.vendor" value="Eclipse Adoptium"/>
    <property name="sun.arch.data.model" value="64"/>
    <property name="test.build.dir" value="/home/runner/work/ozone/ozone/hadoop-ozone/integration-test/target/test-dir"/>
    <property name="test.cache.data" value=""/>
    <property name="java.vendor.url" value="https://adoptium.net/"/>
    <property name="user.timezone" value="Etc/UTC"/>
    <property name="maven-surefire-plugin.argLineAccessArgs" value=" --add-opens java.management/com.sun.jmx.mbeanserver=ALL-UNNAMED --add-exports java.management/com.sun.jmx.mbeanserver=ALL-UNNAMED --add-opens java.base/java.nio=ALL-UNNAMED --add-opens java.base/java.lang=ALL-UNNAMED --add-opens java.base/java.lang.reflect=ALL-UNNAMED"/>
    <property name="os.name" value="Linux"/>
    <property name="java.vm.specification.version" value="17"/>
    <property name="test.build.data" value="/home/runner/work/ozone/ozone/hadoop-ozone/integration-test/target/test-dir"/>
    <property name="sun.java.launcher" value="SUN_STANDARD"/>
    <property name="sun.boot.library.path" value="/usr/lib/jvm/temurin-17-jdk-amd64/lib"/>
    <property name="sun.java.command" value="/home/runner/work/ozone/ozone/hadoop-ozone/integration-test/target/surefire/surefirebooter131196771953163128.jar /home/runner/work/ozone/ozone/hadoop-ozone/integration-test/target/surefire 2024-06-08T17-03-22_377-jvmRun1 surefire16966019001794256149tmp surefire_187376225894041711496tmp"/>
    <property name="jdk.debug" value="release"/>
    <property name="native.lib.tmp.dir" value="/tmp"/>
    <property name="surefire.test.class.path" value="/home/runner/work/ozone/ozone/hadoop-ozone/integration-test/target/test-classes:/home/runner/work/ozone/ozone/hadoop-ozone/integration-test/target/classes:/home/runner/work/ozone/ozone/hadoop-ozone/common/target/classes:/home/runner/.m2/repository/io/grpc/grpc-netty/1.58.0/grpc-netty-1.58.0.jar:/home/runner/.m2/repository/io/grpc/grpc-core/1.58.0/grpc-core-1.58.0.jar:/home/runner/.m2/repository/com/google/android/annotations/4.1.1.4/annotations-4.1.1.4.jar:/home/runner/.m2/repository/org/codehaus/mojo/animal-sniffer-annotations/1.23/animal-sniffer-annotations-1.23.jar:/home/runner/.m2/repository/io/grpc/grpc-context/1.58.0/grpc-context-1.58.0.jar:/home/runner/.m2/repository/io/grpc/grpc-util/1.58.0/grpc-util-1.58.0.jar:/home/runner/.m2/repository/com/google/errorprone/error_prone_annotations/2.2.0/error_prone_annotations-2.2.0.jar:/home/runner/.m2/repository/io/perfmark/perfmark-api/0.26.0/perfmark-api-0.26.0.jar:/home/runner/.m2/repository/io/netty/netty-codec-http2/4.1.109.Final/netty-codec-http2-4.1.109.Final.jar:/home/runner/.m2/repository/io/netty/netty-common/4.1.109.Final/netty-common-4.1.109.Final.jar:/home/runner/.m2/repository/io/netty/netty-buffer/4.1.109.Final/netty-buffer-4.1.109.Final.jar:/home/runner/.m2/repository/io/netty/netty-codec-http/4.1.109.Final/netty-codec-http-4.1.109.Final.jar:/home/runner/.m2/repository/io/netty/netty-handler-proxy/4.1.109.Final/netty-handler-proxy-4.1.109.Final.jar:/home/runner/.m2/repository/io/netty/netty-codec-socks/4.1.109.Final/netty-codec-socks-4.1.109.Final.jar:/home/runner/.m2/repository/io/netty/netty-tcnative-boringssl-static/2.0.65.Final/netty-tcnative-boringssl-static-2.0.65.Final.jar:/home/runner/.m2/repository/io/netty/netty-tcnative-classes/2.0.65.Final/netty-tcnative-classes-2.0.65.Final.jar:/home/runner/.m2/repository/io/netty/netty-tcnative-boringssl-static/2.0.65.Final/netty-tcnative-boringssl-static-2.0.65.Final-linux-x86_64.jar:/home/runner/.m2/repository/io/netty/netty-tcnative-boringssl-static/2.0.65.Final/netty-tcnative-boringssl-static-2.0.65.Final-linux-aarch_64.jar:/home/runner/.m2/repository/io/netty/netty-tcnative-boringssl-static/2.0.65.Final/netty-tcnative-boringssl-static-2.0.65.Final-osx-x86_64.jar:/home/runner/.m2/repository/io/netty/netty-tcnative-boringssl-static/2.0.65.Final/netty-tcnative-boringssl-static-2.0.65.Final-osx-aarch_64.jar:/home/runner/.m2/repository/io/netty/netty-tcnative-boringssl-static/2.0.65.Final/netty-tcnative-boringssl-static-2.0.65.Final-windows-x86_64.jar:/home/runner/.m2/repository/org/apache/commons/commons-compress/1.26.0/commons-compress-1.26.0.jar:/home/runner/work/ozone/ozone/hadoop-hdds/common/target/classes:/home/runner/work/ozone/ozone/hadoop-hdds/client/target/classes:/home/runner/work/ozone/ozone/hadoop-ozone/interface-client/target/classes:/home/runner/.m2/repository/org/apache/hadoop/hadoop-hdfs-client/3.3.6/hadoop-hdfs-client-3.3.6.jar:/home/runner/.m2/repository/com/squareup/okhttp3/okhttp/4.12.0/okhttp-4.12.0.jar:/home/runner/.m2/repository/com/squareup/okio/okio/3.6.0/okio-3.6.0.jar:/home/runner/.m2/repository/com/squareup/okio/okio-jvm/3.6.0/okio-jvm-3.6.0.jar:/home/runner/.m2/repository/org/jetbrains/kotlin/kotlin-stdlib-jdk8/1.9.24/kotlin-stdlib-jdk8-1.9.24.jar:/home/runner/.m2/repository/org/jetbrains/kotlin/kotlin-stdlib-jdk7/1.9.24/kotlin-stdlib-jdk7-1.9.24.jar:/home/runner/.m2/repository/org/jetbrains/kotlin/kotlin-stdlib-common/1.9.24/kotlin-stdlib-common-1.9.24.jar:/home/runner/work/ozone/ozone/hadoop-hdds/test-utils/target/classes:/home/runner/.m2/repository/org/assertj/assertj-core/3.26.0/assertj-core-3.26.0.jar:/home/runner/.m2/repository/net/bytebuddy/byte-buddy/1.14.16/byte-buddy-1.14.16.jar:/home/runner/.m2/repository/com/google/guava/guava/32.1.3-jre/guava-32.1.3-jre.jar:/home/runner/.m2/repository/com/google/guava/failureaccess/1.0.1/failureaccess-1.0.1.jar:/home/runner/.m2/repository/com/google/guava/listenablefuture/9999.0-empty-to-avoid-conflict-with-guava/listenablefuture-9999.0-empty-to-avoid-conflict-with-guava.jar:/home/runner/.m2/repository/org/checkerframework/checker-qual/3.37.0/checker-qual-3.37.0.jar:/home/runner/.m2/repository/com/google/j2objc/j2objc-annotations/2.8/j2objc-annotations-2.8.jar:/home/runner/.m2/repository/commons-io/commons-io/2.16.1/commons-io-2.16.1.jar:/home/runner/.m2/repository/commons-logging/commons-logging/1.2/commons-logging-1.2.jar:/home/runner/.m2/repository/org/junit/jupiter/junit-jupiter-api/5.10.2/junit-jupiter-api-5.10.2.jar:/home/runner/.m2/repository/org/opentest4j/opentest4j/1.3.0/opentest4j-1.3.0.jar:/home/runner/.m2/repository/org/junit/platform/junit-platform-commons/1.10.2/junit-platform-commons-1.10.2.jar:/home/runner/.m2/repository/ch/qos/reload4j/reload4j/1.2.25/reload4j-1.2.25.jar:/home/runner/.m2/repository/jakarta/annotation/jakarta.annotation-api/2.1.1/jakarta.annotation-api-2.1.1.jar:/home/runner/.m2/repository/org/slf4j/slf4j-api/2.0.13/slf4j-api-2.0.13.jar:/home/runner/.m2/repository/org/apache/logging/log4j/log4j-api/2.17.1/log4j-api-2.17.1.jar:/home/runner/work/ozone/ozone/hadoop-hdds/server-scm/target/classes:/home/runner/.m2/repository/com/google/protobuf/protobuf-java/2.5.0/protobuf-java-2.5.0.jar:/home/runner/work/ozone/ozone/hadoop-hdds/container-service/target/classes:/home/runner/work/ozone/ozone/hadoop-hdds/hadoop-dependency-server/target/classes:/home/runner/.m2/repository/com/nimbusds/nimbus-jose-jwt/9.37.2/nimbus-jose-jwt-9.37.2.jar:/home/runner/.m2/repository/com/github/stephenc/jcip/jcip-annotations/1.0-1/jcip-annotations-1.0-1.jar:/home/runner/.m2/repository/org/apache/hadoop/hadoop-hdfs/3.3.6/hadoop-hdfs-3.3.6.jar:/home/runner/.m2/repository/commons-daemon/commons-daemon/1.3.4/commons-daemon-1.3.4.jar:/home/runner/.m2/repository/org/apache/kerby/kerb-core/1.0.1/kerb-core-1.0.1.jar:/home/runner/.m2/repository/org/apache/kerby/kerby-pkix/1.0.1/kerby-pkix-1.0.1.jar:/home/runner/.m2/repository/org/apache/kerby/kerby-asn1/1.0.1/kerby-asn1-1.0.1.jar:/home/runner/.m2/repository/org/apache/kerby/kerby-util/1.0.1/kerby-util-1.0.1.jar:/home/runner/.m2/repository/org/apache/kerby/kerb-util/1.0.1/kerb-util-1.0.1.jar:/home/runner/.m2/repository/org/apache/kerby/kerby-config/1.0.1/kerby-config-1.0.1.jar:/home/runner/.m2/repository/org/apache/kerby/kerb-crypto/1.0.1/kerb-crypto-1.0.1.jar:/home/runner/.m2/repository/org/xerial/snappy/snappy-java/1.1.10.5/snappy-java-1.1.10.5.jar:/home/runner/work/ozone/ozone/hadoop-hdds/framework/target/classes:/home/runner/.m2/repository/org/bouncycastle/bcprov-jdk18on/1.78.1/bcprov-jdk18on-1.78.1.jar:/home/runner/.m2/repository/io/dropwizard/metrics/metrics-core/3.2.6/metrics-core-3.2.6.jar:/home/runner/.m2/repository/org/apache/commons/commons-text/1.11.0/commons-text-1.11.0.jar:/home/runner/work/ozone/ozone/hadoop-hdds/framework/target/test-classes:/home/runner/work/ozone/ozone/hadoop-hdds/interface-server/target/classes:/home/runner/work/ozone/ozone/hadoop-hdds/interface-admin/target/classes:/home/runner/work/ozone/ozone/hadoop-hdds/managed-rocksdb/target/classes:/home/runner/.m2/repository/org/rocksdb/rocksdbjni/7.7.3/rocksdbjni-7.7.3.jar:/home/runner/.m2/repository/org/slf4j/slf4j-reload4j/2.0.13/slf4j-reload4j-2.0.13.jar:/home/runner/.m2/repository/org/apache/commons/commons-configuration2/2.10.1/commons-configuration2-2.10.1.jar:/home/runner/.m2/repository/commons-fileupload/commons-fileupload/1.5/commons-fileupload-1.5.jar:/home/runner/.m2/repository/org/apache/logging/log4j/log4j-core/2.17.1/log4j-core-2.17.1.jar:/home/runner/.m2/repository/com/lmax/disruptor/3.4.4/disruptor-3.4.4.jar:/home/runner/.m2/repository/org/eclipse/jetty/jetty-util/9.4.54.v20240208/jetty-util-9.4.54.v20240208.jar:/home/runner/.m2/repository/org/eclipse/jetty/jetty-server/9.4.54.v20240208/jetty-server-9.4.54.v20240208.jar:/home/runner/.m2/repository/org/eclipse/jetty/jetty-http/9.4.54.v20240208/jetty-http-9.4.54.v20240208.jar:/home/runner/.m2/repository/org/eclipse/jetty/jetty-io/9.4.54.v20240208/jetty-io-9.4.54.v20240208.jar:/home/runner/.m2/repository/org/eclipse/jetty/jetty-servlet/9.4.54.v20240208/jetty-servlet-9.4.54.v20240208.jar:/home/runner/.m2/repository/org/eclipse/jetty/jetty-security/9.4.54.v20240208/jetty-security-9.4.54.v20240208.jar:/home/runner/.m2/repository/org/eclipse/jetty/jetty-util-ajax/9.4.54.v20240208/jetty-util-ajax-9.4.54.v20240208.jar:/home/runner/.m2/repository/org/eclipse/jetty/jetty-webapp/9.4.54.v20240208/jetty-webapp-9.4.54.v20240208.jar:/home/runner/.m2/repository/org/eclipse/jetty/jetty-xml/9.4.54.v20240208/jetty-xml-9.4.54.v20240208.jar:/home/runner/.m2/repository/org/apache/ratis/ratis-server/3.0.1/ratis-server-3.0.1.jar:/home/runner/.m2/repository/org/apache/ratis/ratis-thirdparty-misc/1.0.5/ratis-thirdparty-misc-1.0.5.jar:/home/runner/.m2/repository/org/apache/ratis/ratis-proto/3.0.1/ratis-proto-3.0.1.jar:/home/runner/.m2/repository/org/apache/ratis/ratis-common/3.0.1/ratis-common-3.0.1.jar:/home/runner/.m2/repository/org/apache/ratis/ratis-client/3.0.1/ratis-client-3.0.1.jar:/home/runner/.m2/repository/org/apache/ratis/ratis-server-api/3.0.1/ratis-server-api-3.0.1.jar:/home/runner/.m2/repository/org/apache/ratis/ratis-metrics-api/3.0.1/ratis-metrics-api-3.0.1.jar:/home/runner/.m2/repository/org/apache/ratis/ratis-metrics-dropwizard3/3.0.1/ratis-metrics-dropwizard3-3.0.1.jar:/home/runner/.m2/repository/io/prometheus/simpleclient_dropwizard/0.16.0/simpleclient_dropwizard-0.16.0.jar:/home/runner/.m2/repository/io/prometheus/simpleclient/0.16.0/simpleclient-0.16.0.jar:/home/runner/.m2/repository/io/prometheus/simpleclient_common/0.16.0/simpleclient_common-0.16.0.jar:/home/runner/.m2/repository/com/fasterxml/jackson/datatype/jackson-datatype-jsr310/2.16.2/jackson-datatype-jsr310-2.16.2.jar:/home/runner/.m2/repository/com/fasterxml/jackson/core/jackson-core/2.16.2/jackson-core-2.16.2.jar:/home/runner/work/ozone/ozone/hadoop-hdds/rocksdb-checkpoint-differ/target/classes:/home/runner/.m2/repository/org/jgrapht/jgrapht-core/1.4.0/jgrapht-core-1.4.0.jar:/home/runner/.m2/repository/org/jheaps/jheaps/0.11/jheaps-0.11.jar:/home/runner/.m2/repository/org/jgrapht/jgrapht-ext/1.4.0/jgrapht-ext-1.4.0.jar:/home/runner/.m2/repository/com/github/vlsi/mxgraph/jgraphx/3.9.8.1/jgraphx-3.9.8.1.jar:/home/runner/work/ozone/ozone/hadoop-ozone/ozone-manager/target/classes:/home/runner/.m2/repository/org/aspectj/aspectjrt/1.9.7/aspectjrt-1.9.7.jar:/home/runner/.m2/repository/org/aspectj/aspectjweaver/1.9.7/aspectjweaver-1.9.7.jar:/home/runner/work/ozone/ozone/hadoop-hdds/interface-client/target/classes:/home/runner/.m2/repository/org/apache/hadoop/thirdparty/hadoop-shaded-protobuf_3_7/1.1.1/hadoop-shaded-protobuf_3_7-1.1.1.jar:/home/runner/work/ozone/ozone/hadoop-ozone/interface-storage/target/classes:/home/runner/.m2/repository/org/reflections/reflections/0.10.2/reflections-0.10.2.jar:/home/runner/.m2/repository/com/sun/jersey/jersey-client/1.19.4/jersey-client-1.19.4.jar:/home/runner/.m2/repository/org/codehaus/jackson/jackson-core-asl/1.9.13/jackson-core-asl-1.9.13.jar:/home/runner/.m2/repository/org/codehaus/jackson/jackson-mapper-asl/1.9.13/jackson-mapper-asl-1.9.13.jar:/home/runner/.m2/repository/org/codehaus/jackson/jackson-jaxrs/1.9.13/jackson-jaxrs-1.9.13.jar:/home/runner/.m2/repository/org/apache/ranger/ranger-intg/2.3.0/ranger-intg-2.3.0.jar:/home/runner/.m2/repository/org/apache/ranger/ranger-plugins-common/2.3.0/ranger-plugins-common-2.3.0.jar:/home/runner/.m2/repository/commons-lang/commons-lang/2.6/commons-lang-2.6.jar:/home/runner/.m2/repository/org/apache/ranger/ranger-plugins-cred/2.3.0/ranger-plugins-cred-2.3.0.jar:/home/runner/.m2/repository/org/apache/ranger/ranger-plugins-audit/2.3.0/ranger-plugins-audit-2.3.0.jar:/home/runner/.m2/repository/org/eclipse/jetty/jetty-client/9.4.54.v20240208/jetty-client-9.4.54.v20240208.jar:/home/runner/.m2/repository/org/apache/httpcomponents/httpmime/4.5.6/httpmime-4.5.6.jar:/home/runner/.m2/repository/org/apache/httpcomponents/httpcore-nio/4.4.16/httpcore-nio-4.4.16.jar:/home/runner/.m2/repository/org/apache/httpcomponents/httpasyncclient/4.1.3/httpasyncclient-4.1.3.jar:/home/runner/.m2/repository/com/carrotsearch/hppc/0.8.0/hppc-0.8.0.jar:/home/runner/.m2/repository/org/apache/orc/orc-core/1.5.8/orc-core-1.5.8.jar:/home/runner/.m2/repository/net/java/dev/jna/jna/5.2.0/jna-5.2.0.jar:/home/runner/.m2/repository/net/java/dev/jna/jna-platform/5.2.0/jna-platform-5.2.0.jar:/home/runner/.m2/repository/com/kstruct/gethostname4j/0.0.2/gethostname4j-0.0.2.jar:/home/runner/.m2/repository/org/apache/ranger/ranger-plugin-classloader/2.3.0/ranger-plugin-classloader-2.3.0.jar:/home/runner/work/ozone/ozone/hadoop-hdds/rocks-native/target/classes:/home/runner/.m2/repository/org/apache/hadoop/hadoop-minikdc/3.3.6/hadoop-minikdc-3.3.6.jar:/home/runner/.m2/repository/org/apache/kerby/kerb-simplekdc/1.0.1/kerb-simplekdc-1.0.1.jar:/home/runner/.m2/repository/org/apache/kerby/kerb-client/1.0.1/kerb-client-1.0.1.jar:/home/runner/.m2/repository/org/apache/kerby/kerb-common/1.0.1/kerb-common-1.0.1.jar:/home/runner/.m2/repository/org/apache/kerby/token-provider/1.0.1/token-provider-1.0.1.jar:/home/runner/.m2/repository/org/apache/kerby/kerb-admin/1.0.1/kerb-admin-1.0.1.jar:/home/runner/.m2/repository/org/apache/kerby/kerb-server/1.0.1/kerb-server-1.0.1.jar:/home/runner/.m2/repository/org/apache/kerby/kerb-identity/1.0.1/kerb-identity-1.0.1.jar:/home/runner/.m2/repository/org/apache/kerby/kerby-xdr/1.0.1/kerby-xdr-1.0.1.jar:/home/runner/.m2/repository/junit/junit/4.13.2/junit-4.13.2.jar:/home/runner/.m2/repository/org/hamcrest/hamcrest-core/1.3/hamcrest-core-1.3.jar:/home/runner/work/ozone/ozone/hadoop-ozone/s3gateway/target/classes:/home/runner/.m2/repository/org/javassist/javassist/3.30.2-GA/javassist-3.30.2-GA.jar:/home/runner/.m2/repository/org/jboss/weld/servlet/weld-servlet-shaded/3.1.9.Final/weld-servlet-shaded-3.1.9.Final.jar:/home/runner/.m2/repository/org/glassfish/jersey/containers/jersey-container-servlet-core/2.43/jersey-container-servlet-core-2.43.jar:/home/runner/.m2/repository/org/glassfish/hk2/external/jakarta.inject/2.6.1/jakarta.inject-2.6.1.jar:/home/runner/.m2/repository/org/glassfish/jersey/core/jersey-common/2.43/jersey-common-2.43.jar:/home/runner/.m2/repository/jakarta/ws/rs/jakarta.ws.rs-api/2.1.6/jakarta.ws.rs-api-2.1.6.jar:/home/runner/.m2/repository/org/glassfish/jersey/ext/cdi/jersey-cdi1x/2.43/jersey-cdi1x-2.43.jar:/home/runner/.m2/repository/org/glassfish/jersey/inject/jersey-hk2/2.43/jersey-hk2-2.43.jar:/home/runner/.m2/repository/org/glassfish/hk2/hk2-locator/2.6.1/hk2-locator-2.6.1.jar:/home/runner/.m2/repository/org/glassfish/jersey/media/jersey-media-jaxb/2.43/jersey-media-jaxb-2.43.jar:/home/runner/.m2/repository/org/glassfish/hk2/osgi-resource-locator/1.0.3/osgi-resource-locator-1.0.3.jar:/home/runner/.m2/repository/org/glassfish/hk2/hk2-api/2.6.1/hk2-api-2.6.1.jar:/home/runner/.m2/repository/org/glassfish/hk2/hk2-utils/2.6.1/hk2-utils-2.6.1.jar:/home/runner/.m2/repository/org/glassfish/hk2/external/aopalliance-repackaged/2.6.1/aopalliance-repackaged-2.6.1.jar:/home/runner/.m2/repository/com/fasterxml/jackson/dataformat/jackson-dataformat-xml/2.16.2/jackson-dataformat-xml-2.16.2.jar:/home/runner/.m2/repository/org/codehaus/woodstox/stax2-api/4.2.2/stax2-api-4.2.2.jar:/home/runner/.m2/repository/com/fasterxml/woodstox/woodstox-core/5.4.0/woodstox-core-5.4.0.jar:/home/runner/.m2/repository/com/fasterxml/jackson/module/jackson-module-jaxb-annotations/2.16.2/jackson-module-jaxb-annotations-2.16.2.jar:/home/runner/.m2/repository/javax/enterprise/cdi-api/2.0/cdi-api-2.0.jar:/home/runner/.m2/repository/javax/el/javax.el-api/3.0.0/javax.el-api-3.0.0.jar:/home/runner/.m2/repository/javax/interceptor/javax.interceptor-api/1.2/javax.interceptor-api-1.2.jar:/home/runner/.m2/repository/javax/inject/javax.inject/1/javax.inject-1.jar:/home/runner/.m2/repository/jakarta/xml/bind/jakarta.xml.bind-api/2.3.3/jakarta.xml.bind-api-2.3.3.jar:/home/runner/.m2/repository/org/glassfish/jaxb/jaxb-runtime/2.3.9/jaxb-runtime-2.3.9.jar:/home/runner/.m2/repository/org/glassfish/jaxb/txw2/2.3.9/txw2-2.3.9.jar:/home/runner/.m2/repository/com/sun/istack/istack-commons-runtime/3.0.12/istack-commons-runtime-3.0.12.jar:/home/runner/.m2/repository/com/sun/activation/jakarta.activation/1.2.2/jakarta.activation-1.2.2.jar:/home/runner/.m2/repository/jakarta/activation/jakarta.activation-api/1.2.2/jakarta.activation-api-1.2.2.jar:/home/runner/.m2/repository/io/grpc/grpc-protobuf/1.58.0/grpc-protobuf-1.58.0.jar:/home/runner/.m2/repository/com/google/api/grpc/proto-google-common-protos/2.22.0/proto-google-common-protos-2.22.0.jar:/home/runner/.m2/repository/io/grpc/grpc-protobuf-lite/1.58.0/grpc-protobuf-lite-1.58.0.jar:/home/runner/.m2/repository/io/grpc/grpc-stub/1.58.0/grpc-stub-1.58.0.jar:/home/runner/.m2/repository/io/netty/netty-transport/4.1.109.Final/netty-transport-4.1.109.Final.jar:/home/runner/.m2/repository/io/netty/netty-resolver/4.1.109.Final/netty-resolver-4.1.109.Final.jar:/home/runner/work/ozone/ozone/hadoop-ozone/csi/target/classes:/home/runner/.m2/repository/com/google/protobuf/protobuf-java-util/3.19.6/protobuf-java-util-3.19.6.jar:/home/runner/.m2/repository/com/google/code/gson/gson/2.10.1/gson-2.10.1.jar:/home/runner/work/ozone/ozone/hadoop-hdds/config/target/classes:/home/runner/.m2/repository/io/netty/netty-transport-native-epoll/4.1.109.Final/netty-transport-native-epoll-4.1.109.Final-linux-x86_64.jar:/home/runner/.m2/repository/io/netty/netty-transport-classes-epoll/4.1.109.Final/netty-transport-classes-epoll-4.1.109.Final.jar:/home/runner/.m2/repository/io/netty/netty-transport-native-unix-common/4.1.109.Final/netty-transport-native-unix-common-4.1.109.Final.jar:/home/runner/work/ozone/ozone/hadoop-ozone/recon/target/classes:/home/runner/work/ozone/ozone/hadoop-ozone/recon-codegen/target/classes:/home/runner/.m2/repository/com/google/inject/guice/6.0.0/guice-6.0.0.jar:/home/runner/.m2/repository/jakarta/inject/jakarta.inject-api/2.0.1/jakarta.inject-api-2.0.1.jar:/home/runner/.m2/repository/aopalliance/aopalliance/1.0/aopalliance-1.0.jar:/home/runner/.m2/repository/com/google/inject/extensions/guice-assistedinject/6.0.0/guice-assistedinject-6.0.0.jar:/home/runner/.m2/repository/com/google/inject/extensions/guice-servlet/6.0.0/guice-servlet-6.0.0.jar:/home/runner/.m2/repository/org/glassfish/jersey/containers/jersey-container-servlet/2.43/jersey-container-servlet-2.43.jar:/home/runner/.m2/repository/org/glassfish/hk2/guice-bridge/2.6.1/guice-bridge-2.6.1.jar:/home/runner/.m2/repository/org/glassfish/jersey/core/jersey-server/2.43/jersey-server-2.43.jar:/home/runner/.m2/repository/org/glassfish/jersey/core/jersey-client/2.43/jersey-client-2.43.jar:/home/runner/.m2/repository/jakarta/validation/jakarta.validation-api/2.0.2/jakarta.validation-api-2.0.2.jar:/home/runner/.m2/repository/org/glassfish/jersey/media/jersey-media-json-jackson/2.43/jersey-media-json-jackson-2.43.jar:/home/runner/.m2/repository/org/glassfish/jersey/ext/jersey-entity-filtering/2.43/jersey-entity-filtering-2.43.jar:/home/runner/.m2/repository/org/jooq/jooq/3.11.10/jooq-3.11.10.jar:/home/runner/.m2/repository/org/jooq/jooq-meta/3.11.10/jooq-meta-3.11.10.jar:/home/runner/.m2/repository/org/jooq/jooq-codegen/3.11.10/jooq-codegen-3.11.10.jar:/home/runner/.m2/repository/com/jolbox/bonecp/0.8.0.RELEASE/bonecp-0.8.0.RELEASE.jar:/home/runner/.m2/repository/org/apache/derby/derby/10.14.2.0/derby-10.14.2.0.jar:/home/runner/.m2/repository/org/xerial/sqlite-jdbc/3.44.1.0/sqlite-jdbc-3.44.1.0.jar:/home/runner/.m2/repository/org/springframework/spring-jdbc/5.3.34/spring-jdbc-5.3.34.jar:/home/runner/.m2/repository/org/springframework/spring-beans/5.3.34/spring-beans-5.3.34.jar:/home/runner/.m2/repository/org/springframework/spring-core/5.3.34/spring-core-5.3.34.jar:/home/runner/.m2/repository/org/springframework/spring-tx/5.3.34/spring-tx-5.3.34.jar:/home/runner/work/ozone/ozone/hadoop-ozone/client/target/classes:/home/runner/work/ozone/ozone/hadoop-hdds/erasurecode/target/classes:/home/runner/work/ozone/ozone/hadoop-ozone/ozonefs/target/classes:/home/runner/work/ozone/ozone/hadoop-ozone/ozonefs-common/target/classes:/home/runner/work/ozone/ozone/hadoop-ozone/tools/target/classes:/home/runner/.m2/repository/com/amazonaws/aws-java-sdk-core/1.12.661/aws-java-sdk-core-1.12.661.jar:/home/runner/.m2/repository/org/apache/httpcomponents/httpclient/4.5.14/httpclient-4.5.14.jar:/home/runner/.m2/repository/org/apache/httpcomponents/httpcore/4.4.16/httpcore-4.4.16.jar:/home/runner/.m2/repository/com/fasterxml/jackson/dataformat/jackson-dataformat-cbor/2.16.2/jackson-dataformat-cbor-2.16.2.jar:/home/runner/.m2/repository/joda-time/joda-time/2.12.7/joda-time-2.12.7.jar:/home/runner/.m2/repository/com/amazonaws/aws-java-sdk-s3/1.12.661/aws-java-sdk-s3-1.12.661.jar:/home/runner/.m2/repository/com/amazonaws/aws-java-sdk-kms/1.12.661/aws-java-sdk-kms-1.12.661.jar:/home/runner/.m2/repository/com/amazonaws/jmespath-java/1.12.661/jmespath-java-1.12.661.jar:/home/runner/.m2/repository/org/kohsuke/metainf-services/metainf-services/1.11/metainf-services-1.11.jar:/home/runner/work/ozone/ozone/hadoop-hdds/tools/target/classes:/home/runner/.m2/repository/org/apache/ratis/ratis-tools/3.0.1/ratis-tools-3.0.1.jar:/home/runner/.m2/repository/commons-cli/commons-cli/1.8.0/commons-cli-1.8.0.jar:/home/runner/.m2/repository/org/apache/commons/commons-lang3/3.14.0/commons-lang3-3.14.0.jar:/home/runner/work/ozone/ozone/hadoop-ozone/ozone-manager/target/test-classes:/home/runner/work/ozone/ozone/hadoop-hdds/common/target/test-classes:/home/runner/work/ozone/ozone/hadoop-hdds/hadoop-dependency-client/target/classes:/home/runner/.m2/repository/info/picocli/picocli/4.7.6/picocli-4.7.6.jar:/home/runner/.m2/repository/com/fasterxml/jackson/core/jackson-annotations/2.16.2/jackson-annotations-2.16.2.jar:/home/runner/work/ozone/ozone/hadoop-hdds/annotations/target/classes:/home/runner/.m2/repository/javax/annotation/javax.annotation-api/1.3.2/javax.annotation-api-1.3.2.jar:/home/runner/.m2/repository/org/apache/ratis/ratis-netty/3.0.1/ratis-netty-3.0.1.jar:/home/runner/.m2/repository/org/apache/ratis/ratis-grpc/3.0.1/ratis-grpc-3.0.1.jar:/home/runner/.m2/repository/org/bouncycastle/bcpkix-jdk18on/1.78.1/bcpkix-jdk18on-1.78.1.jar:/home/runner/.m2/repository/org/bouncycastle/bcutil-jdk18on/1.78.1/bcutil-jdk18on-1.78.1.jar:/home/runner/.m2/repository/commons-validator/commons-validator/1.6/commons-validator-1.6.jar:/home/runner/.m2/repository/commons-beanutils/commons-beanutils/1.9.4/commons-beanutils-1.9.4.jar:/home/runner/.m2/repository/commons-digester/commons-digester/1.8.1/commons-digester-1.8.1.jar:/home/runner/.m2/repository/commons-collections/commons-collections/3.2.2/commons-collections-3.2.2.jar:/home/runner/.m2/repository/io/jaegertracing/jaeger-client/1.8.1/jaeger-client-1.8.1.jar:/home/runner/.m2/repository/io/jaegertracing/jaeger-thrift/1.8.1/jaeger-thrift-1.8.1.jar:/home/runner/.m2/repository/org/apache/thrift/libthrift/0.15.0/libthrift-0.15.0.jar:/home/runner/.m2/repository/io/jaegertracing/jaeger-core/1.8.1/jaeger-core-1.8.1.jar:/home/runner/.m2/repository/io/jaegertracing/jaeger-tracerresolver/1.8.1/jaeger-tracerresolver-1.8.1.jar:/home/runner/.m2/repository/io/opentracing/contrib/opentracing-tracerresolver/0.1.8/opentracing-tracerresolver-0.1.8.jar:/home/runner/.m2/repository/org/jetbrains/kotlin/kotlin-stdlib/1.9.24/kotlin-stdlib-1.9.24.jar:/home/runner/.m2/repository/org/jetbrains/annotations/13.0/annotations-13.0.jar:/home/runner/.m2/repository/io/opentracing/opentracing-util/0.33.0/opentracing-util-0.33.0.jar:/home/runner/.m2/repository/io/opentracing/opentracing-api/0.33.0/opentracing-api-0.33.0.jar:/home/runner/.m2/repository/io/opentracing/opentracing-noop/0.33.0/opentracing-noop-0.33.0.jar:/home/runner/.m2/repository/org/yaml/snakeyaml/2.0/snakeyaml-2.0.jar:/home/runner/.m2/repository/io/grpc/grpc-api/1.58.0/grpc-api-1.58.0.jar:/home/runner/.m2/repository/org/junit/platform/junit-platform-launcher/1.10.2/junit-platform-launcher-1.10.2.jar:/home/runner/.m2/repository/org/junit/platform/junit-platform-engine/1.10.2/junit-platform-engine-1.10.2.jar:/home/runner/.m2/repository/org/apiguardian/apiguardian-api/1.1.2/apiguardian-api-1.1.2.jar:/home/runner/.m2/repository/org/apache/hadoop/hadoop-kms/3.3.6/hadoop-kms-3.3.6.jar:/home/runner/.m2/repository/org/apache/hadoop/hadoop-auth/3.3.6/hadoop-auth-3.3.6.jar:/home/runner/.m2/repository/org/apache/zookeeper/zookeeper/3.8.4/zookeeper-3.8.4.jar:/home/runner/.m2/repository/org/apache/zookeeper/zookeeper-jute/3.8.4/zookeeper-jute-3.8.4.jar:/home/runner/.m2/repository/org/apache/yetus/audience-annotations/0.12.0/audience-annotations-0.12.0.jar:/home/runner/.m2/repository/org/apache/curator/curator-framework/4.2.0/curator-framework-4.2.0.jar:/home/runner/.m2/repository/org/apache/hadoop/thirdparty/hadoop-shaded-guava/1.2.0/hadoop-shaded-guava-1.2.0.jar:/home/runner/.m2/repository/com/sun/jersey/jersey-core/1.19.4/jersey-core-1.19.4.jar:/home/runner/.m2/repository/javax/ws/rs/jsr311-api/1.1.1/jsr311-api-1.1.1.jar:/home/runner/.m2/repository/com/sun/jersey/jersey-server/1.19.4/jersey-server-1.19.4.jar:/home/runner/.m2/repository/javax/servlet/javax.servlet-api/3.1.0/javax.servlet-api-3.1.0.jar:/home/runner/.m2/repository/org/apache/hadoop/hadoop-common/3.3.6/hadoop-common-3.3.6.jar:/home/runner/.m2/repository/org/apache/commons/commons-math3/3.6.1/commons-math3-3.6.1.jar:/home/runner/.m2/repository/commons-net/commons-net/3.10.0/commons-net-3.10.0.jar:/home/runner/.m2/repository/com/sun/jersey/jersey-servlet/1.19.4/jersey-servlet-1.19.4.jar:/home/runner/.m2/repository/com/github/pjfanning/jersey-json/1.20/jersey-json-1.20.jar:/home/runner/.m2/repository/org/codehaus/jettison/jettison/1.1/jettison-1.1.jar:/home/runner/.m2/repository/com/sun/xml/bind/jaxb-impl/2.2.3-1/jaxb-impl-2.2.3-1.jar:/home/runner/.m2/repository/com/google/re2j/re2j/1.7/re2j-1.7.jar:/home/runner/.m2/repository/com/jcraft/jsch/0.1.55/jsch-0.1.55.jar:/home/runner/.m2/repository/org/apache/curator/curator-client/4.2.0/curator-client-4.2.0.jar:/home/runner/.m2/repository/org/apache/curator/curator-recipes/5.2.0/curator-recipes-5.2.0.jar:/home/runner/.m2/repository/com/google/code/findbugs/jsr305/3.0.2/jsr305-3.0.2.jar:/home/runner/.m2/repository/dnsjava/dnsjava/2.1.9/dnsjava-2.1.9.jar:/home/runner/.m2/repository/com/fasterxml/jackson/core/jackson-databind/2.16.2/jackson-databind-2.16.2.jar:/home/runner/.m2/repository/org/apache/hadoop/hadoop-kms/3.3.6/hadoop-kms-3.3.6-tests.jar:/home/runner/work/ozone/ozone/hadoop-hdds/server-scm/target/test-classes:/home/runner/work/ozone/ozone/hadoop-hdds/container-service/target/test-classes:/home/runner/.m2/repository/com/github/luben/zstd-jni/1.5.6-3/zstd-jni-1.5.6-3.jar:/home/runner/.m2/repository/commons-codec/commons-codec/1.17.0/commons-codec-1.17.0.jar:/home/runner/.m2/repository/io/netty/netty-codec/4.1.109.Final/netty-codec-4.1.109.Final.jar:/home/runner/.m2/repository/io/netty/netty-handler/4.1.109.Final/netty-handler-4.1.109.Final.jar:/home/runner/work/ozone/ozone/hadoop-hdds/hadoop-dependency-test/target/classes:/home/runner/.m2/repository/org/apache/hadoop/hadoop-common/3.3.6/hadoop-common-3.3.6-tests.jar:/home/runner/.m2/repository/org/apache/hadoop/hadoop-hdfs/3.3.6/hadoop-hdfs-3.3.6-tests.jar:/home/runner/.m2/repository/org/junit/jupiter/junit-jupiter-engine/5.10.2/junit-jupiter-engine-5.10.2.jar:/home/runner/.m2/repository/org/junit/jupiter/junit-jupiter-params/5.10.2/junit-jupiter-params-5.10.2.jar:/home/runner/.m2/repository/org/mockito/mockito-core/4.11.0/mockito-core-4.11.0.jar:/home/runner/.m2/repository/net/bytebuddy/byte-buddy-agent/1.12.19/byte-buddy-agent-1.12.19.jar:/home/runner/.m2/repository/org/objenesis/objenesis/3.3/objenesis-3.3.jar:/home/runner/.m2/repository/org/mockito/mockito-inline/4.11.0/mockito-inline-4.11.0.jar:/home/runner/.m2/repository/org/mockito/mockito-junit-jupiter/4.11.0/mockito-junit-jupiter-4.11.0.jar:/home/runner/.m2/repository/org/apache/hadoop/hadoop-distcp/3.3.6/hadoop-distcp-3.3.6.jar:/home/runner/.m2/repository/org/apache/hadoop/hadoop-mapreduce-client-jobclient/3.3.6/hadoop-mapreduce-client-jobclient-3.3.6.jar:/home/runner/.m2/repository/org/apache/hadoop/hadoop-mapreduce-client-common/3.3.6/hadoop-mapreduce-client-common-3.3.6.jar:/home/runner/.m2/repository/org/apache/hadoop/hadoop-yarn-common/3.3.6/hadoop-yarn-common-3.3.6.jar:/home/runner/.m2/repository/org/apache/hadoop/hadoop-yarn-api/3.3.6/hadoop-yarn-api-3.3.6.jar:/home/runner/.m2/repository/javax/xml/bind/jaxb-api/2.2.11/jaxb-api-2.2.11.jar:/home/runner/.m2/repository/com/sun/jersey/contribs/jersey-guice/1.19.4/jersey-guice-1.19.4.jar:/home/runner/.m2/repository/com/fasterxml/jackson/jaxrs/jackson-jaxrs-json-provider/2.16.2/jackson-jaxrs-json-provider-2.16.2.jar:/home/runner/.m2/repository/com/fasterxml/jackson/jaxrs/jackson-jaxrs-base/2.16.2/jackson-jaxrs-base-2.16.2.jar:/home/runner/.m2/repository/org/apache/hadoop/hadoop-yarn-client/3.3.6/hadoop-yarn-client-3.3.6.jar:/home/runner/.m2/repository/org/eclipse/jetty/websocket/websocket-client/9.4.51.v20230217/websocket-client-9.4.51.v20230217.jar:/home/runner/.m2/repository/org/eclipse/jetty/websocket/websocket-common/9.4.51.v20230217/websocket-common-9.4.51.v20230217.jar:/home/runner/.m2/repository/org/eclipse/jetty/websocket/websocket-api/9.4.51.v20230217/websocket-api-9.4.51.v20230217.jar:/home/runner/.m2/repository/org/jline/jline/3.9.0/jline-3.9.0.jar:/home/runner/.m2/repository/org/apache/hadoop/hadoop-mapreduce-client-core/3.3.6/hadoop-mapreduce-client-core-3.3.6.jar:/home/runner/.m2/repository/org/apache/avro/avro/1.7.7/avro-1.7.7.jar:/home/runner/.m2/repository/com/thoughtworks/paranamer/paranamer/2.3/paranamer-2.3.jar:/home/runner/.m2/repository/org/apache/hadoop/hadoop-annotations/3.3.6/hadoop-annotations-3.3.6.jar:/home/runner/.m2/repository/io/netty/netty/3.10.6.Final/netty-3.10.6.Final.jar:/home/runner/.m2/repository/org/apache/hadoop/hadoop-distcp/3.3.6/hadoop-distcp-3.3.6-tests.jar:/home/runner/.m2/repository/org/hamcrest/hamcrest/2.2/hamcrest-2.2.jar:/home/runner/.m2/repository/org/slf4j/jul-to-slf4j/2.0.13/jul-to-slf4j-2.0.13.jar:/home/runner/work/ozone/ozone/hadoop-ozone/integration-test/target/gradle-enterprise/test-listeners.jar:"/>
    <property name="sun.cpu.endian" value="little"/>
    <property name="user.home" value="/home/runner"/>
    <property name="user.language" value="en"/>
    <property name="java.specification.vendor" value="Oracle Corporation"/>
    <property name="java.version.date" value="2024-04-16"/>
    <property name="java.home" value="/usr/lib/jvm/temurin-17-jdk-amd64"/>
    <property name="java.security.krb5.conf" value="/home/runner/work/ozone/ozone/hadoop-ozone/integration-test/target/test-classes/krb5.conf"/>
    <property name="file.separator" value="/"/>
    <property name="basedir" value="/home/runner/work/ozone/ozone/hadoop-ozone/integration-test"/>
    <property name="java.vm.compressedOopsMode" value="Zero based"/>
    <property name="line.separator" value="&#10;"/>
    <property name="java.vm.specification.vendor" value="Oracle Corporation"/>
    <property name="java.specification.name" value="Java Platform API Specification"/>
    <property name="skip.installnpx" value="true"/>
    <property name="surefire.real.class.path" value="/home/runner/work/ozone/ozone/hadoop-ozone/integration-test/target/surefire/surefirebooter131196771953163128.jar"/>
    <property name="hadoop.log.dir" value="/home/runner/work/ozone/ozone/hadoop-ozone/integration-test/target/log"/>
    <property name="sun.management.compiler" value="HotSpot 64-Bit Tiered Compilers"/>
    <property name="java.runtime.version" value="17.0.11+9"/>
    <property name="skip.npx" value="true"/>
    <property name="user.name" value="runner"/>
    <property name="java.net.preferIPv4Stack" value="true"/>
    <property name="path.separator" value=":"/>
    <property name="java.security.egd" value="file:///dev/urandom"/>
    <property name="os.version" value="5.15.0-1064-azure"/>
    <property name="java.runtime.name" value="OpenJDK Runtime Environment"/>
    <property name="com.gradle.maven.scan.extension.test.listener.junitplatform.NestedExecutionSafeDelegatingTestExecutionListener" value="34f7cfd9"/>
    <property name="file.encoding" value="UTF-8"/>
    <property name="java.vm.name" value="OpenJDK 64-Bit Server VM"/>
    <property name="java.vendor.version" value="Temurin-17.0.11+9"/>
    <property name="test.build.webapps" value=""/>
    <property name="gradle.enterprise.listener.port" value="43243"/>
    <property name="localRepository" value="/home/runner/.m2/repository"/>
    <property name="java.vendor.url.bug" value="https://github.com/adoptium/adoptium-support/issues"/>
    <property name="jetty.git.hash" value="cef3fbd6d736a21e7d541a5db490381d95a2047d"/>
    <property name="java.io.tmpdir" value="/tmp"/>
    <property name="require.test.libhadoop" value=""/>
    <property name="java.version" value="17.0.11"/>
    <property name="user.dir" value="/home/runner/work/ozone/ozone/hadoop-ozone/integration-test"/>
    <property name="os.arch" value="amd64"/>
    <property name="java.vm.specification.name" value="Java Virtual Machine Specification"/>
    <property name="test.build.classes" value="/home/runner/work/ozone/ozone/hadoop-ozone/integration-test/target/test-classes"/>
    <property name="org.apache.ratis.thirdparty.io.netty.allocator.useCacheForAllThreads" value="false"/>
    <property name="native.encoding" value="UTF-8"/>
    <property name="hadoop.tmp.dir" value="/home/runner/work/ozone/ozone/hadoop-ozone/integration-test/target/tmp"/>
    <property name="java.library.path" value="/usr/java/packages/lib:/usr/lib64:/lib64:/lib:/usr/lib"/>
    <property name="java.vm.info" value="mixed mode, sharing"/>
    <property name="java.vendor" value="Eclipse Adoptium"/>
    <property name="java.vm.version" value="17.0.11+9"/>
    <property name="sun.io.unicode.encoding" value="UnicodeLittle"/>
    <property name="java.class.version" value="61.0"/>
  </properties>
  <testcase name="test2DatanodesFailure(boolean)[1]" classname="org.apache.hadoop.ozone.client.rpc.TestBlockOutputStreamWithFailures" time="50.603"/>
  <testcase name="test2DatanodesFailure(boolean)[2]" classname="org.apache.hadoop.ozone.client.rpc.TestBlockOutputStreamWithFailures" time="40.38">
    <error type="java.io.IOException"><![CDATA[java.io.IOException: java.io.IOException: INTERNAL_ERROR org.apache.hadoop.ozone.om.exceptions.OMException: Unable to allocate a container to the block of size: 800, replicationConfig: RATIS/THREE. The input pipeline IDs 5f8c7168-02ac-4541-8970-c62589969397 cannot be found
	at org.apache.hadoop.ozone.client.io.KeyOutputStream.handleWrite(KeyOutputStream.java:238)
	at org.apache.hadoop.ozone.client.io.KeyOutputStream.write(KeyOutputStream.java:208)
	at org.apache.hadoop.ozone.client.io.OzoneOutputStream.write(OzoneOutputStream.java:94)
	at java.base/java.io.OutputStream.write(OutputStream.java:127)
	at org.apache.hadoop.ozone.client.rpc.TestBlockOutputStreamWithFailures.test2DatanodesFailure(TestBlockOutputStreamWithFailures.java:327)
	at java.base/java.lang.reflect.Method.invoke(Method.java:568)
	at java.base/java.util.stream.ForEachOps$ForEachOp$OfRef.accept(ForEachOps.java:183)
	at java.base/java.util.stream.ReferencePipeline$3$1.accept(ReferencePipeline.java:197)
	at java.base/java.util.stream.ReferencePipeline$2$1.accept(ReferencePipeline.java:179)
	at java.base/java.util.stream.ReferencePipeline$3$1.accept(ReferencePipeline.java:197)
	at java.base/java.util.stream.ForEachOps$ForEachOp$OfRef.accept(ForEachOps.java:183)
	at java.base/java.util.stream.ReferencePipeline$3$1.accept(ReferencePipeline.java:197)
	at java.base/java.util.stream.ReferencePipeline$3$1.accept(ReferencePipeline.java:197)
	at java.base/java.util.stream.ReferencePipeline$3$1.accept(ReferencePipeline.java:197)
	at java.base/java.util.stream.ForEachOps$ForEachOp$OfRef.accept(ForEachOps.java:183)
	at java.base/java.util.stream.ReferencePipeline$3$1.accept(ReferencePipeline.java:197)
	at java.base/java.util.Spliterators$ArraySpliterator.forEachRemaining(Spliterators.java:992)
	at java.base/java.util.stream.AbstractPipeline.copyInto(AbstractPipeline.java:509)
	at java.base/java.util.stream.AbstractPipeline.wrapAndCopyInto(AbstractPipeline.java:499)
	at java.base/java.util.stream.ForEachOps$ForEachOp.evaluateSequential(ForEachOps.java:150)
	at java.base/java.util.stream.ForEachOps$ForEachOp$OfRef.evaluateSequential(ForEachOps.java:173)
	at java.base/java.util.stream.AbstractPipeline.evaluate(AbstractPipeline.java:234)
	at java.base/java.util.stream.ReferencePipeline.forEach(ReferencePipeline.java:596)
	at java.base/java.util.stream.ReferencePipeline$7$1.accept(ReferencePipeline.java:276)
	at java.base/java.util.stream.ReferencePipeline$3$1.accept(ReferencePipeline.java:197)
	at java.base/java.util.stream.ReferencePipeline$3$1.accept(ReferencePipeline.java:197)
	at java.base/java.util.stream.ReferencePipeline$3$1.accept(ReferencePipeline.java:197)
	at java.base/java.util.ArrayList$ArrayListSpliterator.forEachRemaining(ArrayList.java:1625)
	at java.base/java.util.stream.AbstractPipeline.copyInto(AbstractPipeline.java:509)
	at java.base/java.util.stream.AbstractPipeline.wrapAndCopyInto(AbstractPipeline.java:499)
	at java.base/java.util.stream.ForEachOps$ForEachOp.evaluateSequential(ForEachOps.java:150)
	at java.base/java.util.stream.ForEachOps$ForEachOp$OfRef.evaluateSequential(ForEachOps.java:173)
	at java.base/java.util.stream.AbstractPipeline.evaluate(AbstractPipeline.java:234)
	at java.base/java.util.stream.ReferencePipeline.forEach(ReferencePipeline.java:596)
	at java.base/java.util.stream.ReferencePipeline$7$1.accept(ReferencePipeline.java:276)
	at java.base/java.util.ArrayList$ArrayListSpliterator.forEachRemaining(ArrayList.java:1625)
	at java.base/java.util.stream.AbstractPipeline.copyInto(AbstractPipeline.java:509)
	at java.base/java.util.stream.AbstractPipeline.wrapAndCopyInto(AbstractPipeline.java:499)
	at java.base/java.util.stream.ForEachOps$ForEachOp.evaluateSequential(ForEachOps.java:150)
	at java.base/java.util.stream.ForEachOps$ForEachOp$OfRef.evaluateSequential(ForEachOps.java:173)
	at java.base/java.util.stream.AbstractPipeline.evaluate(AbstractPipeline.java:234)
	at java.base/java.util.stream.ReferencePipeline.forEach(ReferencePipeline.java:596)
	at java.base/java.util.ArrayList.forEach(ArrayList.java:1511)
	at java.base/java.util.ArrayList.forEach(ArrayList.java:1511)
Caused by: java.io.IOException: INTERNAL_ERROR org.apache.hadoop.ozone.om.exceptions.OMException: Unable to allocate a container to the block of size: 800, replicationConfig: RATIS/THREE. The input pipeline IDs 5f8c7168-02ac-4541-8970-c62589969397 cannot be found
	at org.apache.hadoop.ozone.client.io.KeyOutputStream.handleWrite(KeyOutputStream.java:238)
	at org.apache.hadoop.ozone.client.io.KeyOutputStream.handleRetry(KeyOutputStream.java:410)
	at org.apache.hadoop.ozone.client.io.KeyOutputStream.handleException(KeyOutputStream.java:355)
	at org.apache.hadoop.ozone.client.io.KeyOutputStream.handleFlushOrClose(KeyOutputStream.java:489)
	at org.apache.hadoop.ozone.client.io.KeyOutputStream.handleWrite(KeyOutputStream.java:232)
	... 43 more
Caused by: INTERNAL_ERROR org.apache.hadoop.ozone.om.exceptions.OMException: Unable to allocate a container to the block of size: 800, replicationConfig: RATIS/THREE. The input pipeline IDs 5f8c7168-02ac-4541-8970-c62589969397 cannot be found
	at org.apache.hadoop.ozone.om.protocolPB.OzoneManagerProtocolClientSideTranslatorPB.handleError(OzoneManagerProtocolClientSideTranslatorPB.java:751)
	at org.apache.hadoop.ozone.om.protocolPB.OzoneManagerProtocolClientSideTranslatorPB.handleSubmitRequestAndSCMSafeModeRetry(OzoneManagerProtocolClientSideTranslatorPB.java:2294)
	at org.apache.hadoop.ozone.om.protocolPB.OzoneManagerProtocolClientSideTranslatorPB.allocateBlock(OzoneManagerProtocolClientSideTranslatorPB.java:787)
	at org.apache.hadoop.ozone.client.io.BlockOutputStreamEntryPool.allocateNewBlock(BlockOutputStreamEntryPool.java:299)
	at org.apache.hadoop.ozone.client.io.BlockOutputStreamEntryPool.allocateBlockIfNeeded(BlockOutputStreamEntryPool.java:382)
	at org.apache.hadoop.ozone.client.io.KeyOutputStream.handleWrite(KeyOutputStream.java:217)
	... 47 more
]]></error>
    <system-out><![CDATA[2024-06-08 17:12:15,999 [main] WARN  server.ServerUtils (ServerUtils.java:getScmDbDir(143)) - ozone.scm.db.dirs is not configured. We recommend adding this setting. Falling back to ozone.metadata.dirs instead.
2024-06-08 17:12:16,002 [main] WARN  server.ServerUtils (ServerUtils.java:getScmDbDir(143)) - ozone.scm.db.dirs is not configured. We recommend adding this setting. Falling back to ozone.metadata.dirs instead.
2024-06-08 17:12:16,003 [main] INFO  ha.SCMHANodeDetails (SCMHANodeDetails.java:loadSCMHAConfig(207)) - ServiceID for StorageContainerManager is null
2024-06-08 17:12:16,003 [main] INFO  ha.SCMHANodeDetails (SCMHANodeDetails.java:loadSCMHAConfig(212)) - ozone.scm.default.service.id is not defined, falling back to ozone.scm.service.ids to find serviceID for StorageContainerManager if it is HA enabled cluster
2024-06-08 17:12:16,003 [main] WARN  utils.HAUtils (HAUtils.java:getMetaDir(339)) - ozone.scm.db.dirs is not configured. We recommend adding this setting. Falling back to ozone.metadata.dirs instead.
2024-06-08 17:12:16,004 [main] WARN  db.DBStoreBuilder (DBStoreBuilder.java:applyDBDefinition(171)) - ozone.scm.db.dirs is not configured. We recommend adding this setting. Falling back to ozone.metadata.dirs instead.
2024-06-08 17:12:16,115 [main] INFO  net.NodeSchemaLoader (NodeSchemaLoader.java:loadSchemaFromFile(129)) - Loading schema from [file:/home/runner/work/ozone/ozone/hadoop-hdds/common/target/classes/network-topology-default.xml]
2024-06-08 17:12:16,116 [main] INFO  net.NodeSchemaLoader (NodeSchemaLoader.java:loadSchema(176)) - Loading network topology layer schema file
2024-06-08 17:12:16,121 [main] INFO  upgrade.AbstractLayoutVersionManager (AbstractLayoutVersionManager.java:init(83)) - Initializing Layout version manager with metadata layout = HADOOP_PRC_PORTS_IN_DATANODEDETAILS (version = 7), software layout = HADOOP_PRC_PORTS_IN_DATANODEDETAILS (version = 7)
2024-06-08 17:12:16,122 [main] INFO  ha.SequenceIdGenerator (SequenceIdGenerator.java:upgradeToSequenceId(370)) - upgrade localId to 113750153625600000
2024-06-08 17:12:16,123 [main] INFO  ha.SequenceIdGenerator (SequenceIdGenerator.java:upgradeToSequenceId(380)) - upgrade delTxnId to 0
2024-06-08 17:12:16,125 [main] INFO  ha.SequenceIdGenerator (SequenceIdGenerator.java:upgradeToSequenceId(397)) - upgrade containerId to 0
2024-06-08 17:12:16,126 [main] INFO  ha.SequenceIdGenerator (SequenceIdGenerator.java:upgradeToCertificateSequenceId(444)) - upgrade CertificateId to 2
2024-06-08 17:12:16,126 [main] INFO  ha.SequenceIdGenerator (SequenceIdGenerator.java:<init>(241)) - Init the HA SequenceIdGenerator.
2024-06-08 17:12:16,127 [main] INFO  node.SCMNodeManager (SCMNodeManager.java:<init>(177)) - Entering startup safe mode.
2024-06-08 17:12:16,127 [main] INFO  algorithms.ContainerPlacementPolicyFactory (ContainerPlacementPolicyFactory.java:getPolicyInternal(86)) - Create container placement policy of type org.apache.hadoop.hdds.scm.container.placement.algorithms.SCMContainerPlacementRackAware
2024-06-08 17:12:16,128 [main] INFO  algorithms.ContainerPlacementPolicyFactory (ContainerPlacementPolicyFactory.java:getPolicyInternal(86)) - Create container placement policy of type org.apache.hadoop.hdds.scm.container.placement.algorithms.SCMContainerPlacementRackScatter
2024-06-08 17:12:16,128 [main] INFO  pipeline.PipelineStateManagerImpl (PipelineStateManagerImpl.java:initialize(78)) - No pipeline exists in current db
2024-06-08 17:12:16,128 [main] INFO  algorithms.LeaderChoosePolicyFactory (LeaderChoosePolicyFactory.java:getPolicy(57)) - Create leader choose policy of type org.apache.hadoop.hdds.scm.pipeline.leader.choose.algorithms.MinLeaderCountChoosePolicy
2024-06-08 17:12:16,128 [main] INFO  algorithms.ContainerPlacementPolicyFactory (ContainerPlacementPolicyFactory.java:getPolicyInternal(86)) - Create container placement policy of type org.apache.hadoop.hdds.scm.container.placement.algorithms.SCMContainerPlacementRackScatter
2024-06-08 17:12:16,129 [main] INFO  ha.SCMServiceManager (SCMServiceManager.java:register(42)) - Registering service BackgroundPipelineCreator.
2024-06-08 17:12:16,129 [main] INFO  pipeline.BackgroundPipelineCreator (BackgroundPipelineCreator.java:start(127)) - Starting RatisPipelineUtilsThread.
2024-06-08 17:12:16,129 [main] INFO  BackgroundPipelineScrubber (BackgroundSCMService.java:start(65)) - Starting BackgroundPipelineScrubber Service.
2024-06-08 17:12:16,129 [main] INFO  ha.SCMServiceManager (SCMServiceManager.java:register(42)) - Registering service BackgroundPipelineScrubber.
2024-06-08 17:12:16,130 [main] INFO  ExpiredContainerReplicaOpScrubber (BackgroundSCMService.java:start(65)) - Starting ExpiredContainerReplicaOpScrubber Service.
2024-06-08 17:12:16,130 [main] INFO  ha.SCMServiceManager (SCMServiceManager.java:register(42)) - Registering service ExpiredContainerReplicaOpScrubber.
2024-06-08 17:12:16,131 [main] INFO  algorithms.PipelineChoosePolicyFactory (PipelineChoosePolicyFactory.java:createPipelineChoosePolicyFromClass(80)) - Create pipeline choose policy of type org.apache.hadoop.hdds.scm.pipeline.choose.algorithms.RandomPipelineChoosePolicy
2024-06-08 17:12:16,131 [main] INFO  algorithms.PipelineChoosePolicyFactory (PipelineChoosePolicyFactory.java:createPipelineChoosePolicyFromClass(80)) - Create pipeline choose policy of type org.apache.hadoop.hdds.scm.pipeline.choose.algorithms.RandomPipelineChoosePolicy
2024-06-08 17:12:16,132 [main] INFO  ha.SCMServiceManager (SCMServiceManager.java:register(42)) - Registering service SCMBlockDeletingService.
2024-06-08 17:12:16,133 [main] INFO  replication.ReplicationManager (ReplicationManager.java:start(296)) - Starting Replication Monitor Thread.
2024-06-08 17:12:16,135 [main] INFO  ha.SCMServiceManager (SCMServiceManager.java:register(42)) - Registering service ReplicationManager.
2024-06-08 17:12:16,135 [main] INFO  safemode.ContainerSafeModeRule (ContainerSafeModeRule.java:<init>(91)) - containers with one replica threshold count 0
2024-06-08 17:12:16,135 [main] INFO  safemode.HealthyPipelineSafeModeRule (HealthyPipelineSafeModeRule.java:initializeRule(176)) - Total pipeline count is 0, healthy pipeline threshold count is 1
2024-06-08 17:12:16,135 [main] INFO  safemode.OneReplicaPipelineSafeModeRule (OneReplicaPipelineSafeModeRule.java:initializeRule(193)) - Total pipeline count is 0, pipeline's with at least one datanode reported threshold count is 0
2024-06-08 17:12:16,136 [main] INFO  server.StorageContainerManager (StorageContainerManager.java:<init>(440)) - SCM start with adminUsers: [runner]
2024-06-08 17:12:16,136 [main] INFO  ipc.CallQueueManager (CallQueueManager.java:<init>(90)) - Using callQueue: class java.util.concurrent.LinkedBlockingQueue, queueCapacity: 10000, scheduler: class org.apache.hadoop.ipc.DefaultRpcScheduler, ipcBackoff: false.
2024-06-08 17:12:16,137 [main] INFO  ipc.Server (Server.java:<init>(1287)) - Listener at 0.0.0.0:15055
2024-06-08 17:12:16,137 [ReplicationMonitor] INFO  replication.ReplicationManager (ReplicationManager.java:processAll(373)) - Replication Manager is not ready to run until 3000ms after safemode exit
2024-06-08 17:12:16,137 [Socket Reader #1 for port 15055] INFO  ipc.Server (Server.java:run(1323)) - Starting Socket Reader #1 for port 15055
2024-06-08 17:12:16,138 [main] INFO  ipc.CallQueueManager (CallQueueManager.java:<init>(90)) - Using callQueue: class java.util.concurrent.LinkedBlockingQueue, queueCapacity: 10000, scheduler: class org.apache.hadoop.ipc.DefaultRpcScheduler, ipcBackoff: false.
2024-06-08 17:12:16,139 [main] INFO  ipc.Server (Server.java:<init>(1287)) - Listener at 0.0.0.0:15054
2024-06-08 17:12:16,139 [Socket Reader #1 for port 15054] INFO  ipc.Server (Server.java:run(1323)) - Starting Socket Reader #1 for port 15054
2024-06-08 17:12:16,140 [main] INFO  ipc.CallQueueManager (CallQueueManager.java:<init>(90)) - Using callQueue: class java.util.concurrent.LinkedBlockingQueue, queueCapacity: 10000, scheduler: class org.apache.hadoop.ipc.DefaultRpcScheduler, ipcBackoff: false.
2024-06-08 17:12:16,140 [main] INFO  ipc.Server (Server.java:<init>(1287)) - Listener at 0.0.0.0:15053
2024-06-08 17:12:16,141 [Socket Reader #1 for port 15053] INFO  ipc.Server (Server.java:run(1323)) - Starting Socket Reader #1 for port 15053
2024-06-08 17:12:16,144 [main] INFO  ha.SCMServiceManager (SCMServiceManager.java:register(42)) - Registering service ContainerBalancer.
2024-06-08 17:12:16,144 [main] INFO  ha.SCMContext (SCMContext.java:updateSafeModeStatus(225)) - Update SafeModeStatus from SafeModeStatus{safeModeStatus=true, preCheckPassed=false} to SafeModeStatus{safeModeStatus=true, preCheckPassed=false}.
2024-06-08 17:12:16,145 [main] INFO  server.StorageContainerManager (StorageContainerManager.java:start(1545)) - StorageContainerLocationProtocol RPC server is listening at /0.0.0.0:15053
2024-06-08 17:12:16,146 [main] WARN  impl.MetricsConfig (MetricsConfig.java:loadFirst(136)) - Cannot locate configuration: tried hadoop-metrics2-storagecontainermanager.properties,hadoop-metrics2.properties
2024-06-08 17:12:16,147 [main] INFO  impl.MetricsSystemImpl (MetricsSystemImpl.java:startTimer(378)) - Scheduled Metric snapshot period at 10 second(s).
2024-06-08 17:12:16,147 [main] INFO  impl.MetricsSystemImpl (MetricsSystemImpl.java:start(191)) - StorageContainerManager metrics system started
2024-06-08 17:12:16,151 [main] INFO  impl.MetricsSinkAdapter (MetricsSinkAdapter.java:start(204)) - Sink prometheus started
2024-06-08 17:12:16,151 [main] INFO  impl.MetricsSystemImpl (MetricsSystemImpl.java:registerSink(305)) - Registered sink prometheus
2024-06-08 17:12:16,171 [main] INFO  server.SCMClientProtocolServer (SCMClientProtocolServer.java:start(204)) - RPC server for Client  is listening at /0.0.0.0:15053
2024-06-08 17:12:16,173 [IPC Server Responder] INFO  ipc.Server (Server.java:run(1562)) - IPC Server Responder: starting
2024-06-08 17:12:16,173 [IPC Server listener on 15053] INFO  ipc.Server (Server.java:run(1402)) - IPC Server listener on 15053: starting
2024-06-08 17:12:16,192 [main] INFO  server.StorageContainerManager (StorageContainerManager.java:start(1558)) - ScmBlockLocationProtocol RPC server is listening at /0.0.0.0:15054
2024-06-08 17:12:16,193 [main] INFO  server.SCMBlockProtocolServer (SCMBlockProtocolServer.java:start(162)) - RPC server for Block Protocol is listening at /0.0.0.0:15054
2024-06-08 17:12:16,193 [IPC Server listener on 15054] INFO  ipc.Server (Server.java:run(1402)) - IPC Server listener on 15054: starting
2024-06-08 17:12:16,193 [IPC Server Responder] INFO  ipc.Server (Server.java:run(1562)) - IPC Server Responder: starting
2024-06-08 17:12:16,201 [main] INFO  server.SCMDatanodeProtocolServer (SCMDatanodeProtocolServer.java:start(194)) - ScmDatanodeProtocol RPC server for DataNodes is listening at /0.0.0.0:15055
2024-06-08 17:12:16,201 [IPC Server Responder] INFO  ipc.Server (Server.java:run(1562)) - IPC Server Responder: starting
2024-06-08 17:12:16,201 [IPC Server listener on 15055] INFO  ipc.Server (Server.java:run(1402)) - IPC Server listener on 15055: starting
2024-06-08 17:12:16,208 [JvmPauseMonitor7] INFO  util.JvmPauseMonitor (JvmPauseMonitor.java:run(146)) - JvmPauseMonitor-06efff73-4d31-47ba-aa6d-46a1eb7df774: Started
2024-06-08 17:12:16,209 [main] INFO  http.BaseHttpServer (BaseHttpServer.java:newHttpServer2BuilderForOzone(223)) - Starting Web-server for scm at: http://0.0.0.0:15056
2024-06-08 17:12:16,209 [main] INFO  http.BaseHttpServer (BaseHttpServer.java:<init>(110)) - Hadoop Security Enabled: false Ozone Security Enabled: false Ozone HTTP Security Enabled: false 
2024-06-08 17:12:16,210 [main] WARN  server.AuthenticationFilter (AuthenticationFilter.java:constructSecretProvider(240)) - Unable to initialize FileSignerSecretProvider, falling back to use random secrets. Reason: Could not read signature secret file: /home/runner/hadoop-http-auth-signature-secret
2024-06-08 17:12:16,211 [main] INFO  http.HttpRequestLog (HttpRequestLog.java:getRequestLog(86)) - Http request log for http.requests.scm is not defined
2024-06-08 17:12:16,213 [main] INFO  http.HttpServer2 (HttpServer2.java:addGlobalFilter(1036)) - Added global filter 'safety' (class=org.apache.hadoop.hdds.server.http.HttpServer2$QuotingInputFilter)
2024-06-08 17:12:16,214 [main] INFO  http.HttpServer2 (HttpServer2.java:addFilter(1012)) - Added filter static_user_filter (class=org.apache.hadoop.http.lib.StaticUserWebFilter$StaticUserFilter) to context scm
2024-06-08 17:12:16,214 [main] INFO  http.HttpServer2 (HttpServer2.java:addFilter(1020)) - Added filter static_user_filter (class=org.apache.hadoop.http.lib.StaticUserWebFilter$StaticUserFilter) to context logs
2024-06-08 17:12:16,214 [main] INFO  http.HttpServer2 (HttpServer2.java:addFilter(1020)) - Added filter static_user_filter (class=org.apache.hadoop.http.lib.StaticUserWebFilter$StaticUserFilter) to context static
2024-06-08 17:12:16,215 [main] INFO  http.BaseHttpServer (BaseHttpServer.java:<init>(189)) - HTTP server of scm uses base directory /home/runner/work/ozone/ozone/hadoop-ozone/integration-test/target/test-dir/MiniOzoneClusterImpl-6b59e386-941c-4981-b753-7806b34dbc05/ozone-meta/webserver
2024-06-08 17:12:16,215 [main] INFO  http.HttpServer2 (HttpServer2.java:bindListener(1236)) - Jetty bound to port 15056
2024-06-08 17:12:16,215 [main] INFO  server.Server (Server.java:doStart(375)) - jetty-9.4.54.v20240208; built: 2024-02-08T19:42:39.027Z; git: cef3fbd6d736a21e7d541a5db490381d95a2047d; jvm 17.0.11+9
2024-06-08 17:12:16,217 [main] INFO  server.session (DefaultSessionIdManager.java:doStart(334)) - DefaultSessionIdManager workerName=node0
2024-06-08 17:12:16,217 [main] INFO  server.session (DefaultSessionIdManager.java:doStart(339)) - No SessionScavenger set, using defaults
2024-06-08 17:12:16,217 [main] INFO  server.session (HouseKeeper.java:startScavenging(132)) - node0 Scavenging every 600000ms
2024-06-08 17:12:16,217 [main] INFO  handler.ContextHandler (ContextHandler.java:doStart(921)) - Started o.e.j.s.ServletContextHandler@1c66e404{logs,/logs,file:///home/runner/work/ozone/ozone/hadoop-ozone/integration-test/target/log,AVAILABLE}
2024-06-08 17:12:16,218 [main] INFO  handler.ContextHandler (ContextHandler.java:doStart(921)) - Started o.e.j.s.ServletContextHandler@56482084{static,/static,file:///home/runner/work/ozone/ozone/hadoop-ozone/integration-test/target/test-classes/webapps/static,AVAILABLE}
2024-06-08 17:12:16,224 [main] INFO  handler.ContextHandler (ContextHandler.java:doStart(921)) - Started o.e.j.w.WebAppContext@c377641{scm,/,file:///home/runner/work/ozone/ozone/hadoop-ozone/integration-test/target/test-classes/webapps/scm/,AVAILABLE}{file:/home/runner/work/ozone/ozone/hadoop-ozone/integration-test/target/test-classes/webapps/scm}
2024-06-08 17:12:16,225 [main] INFO  server.AbstractConnector (AbstractConnector.java:doStart(333)) - Started ServerConnector@42334d07{HTTP/1.1, (http/1.1)}{0.0.0.0:15056}
2024-06-08 17:12:16,225 [main] INFO  server.Server (Server.java:doStart(415)) - Started @51753ms
2024-06-08 17:12:16,225 [main] WARN  impl.MetricsSystemImpl (MetricsSystemImpl.java:register(279)) - Sink prometheus already exists!
2024-06-08 17:12:16,226 [main] INFO  http.BaseHttpServer (BaseHttpServer.java:updateConnectorAddress(354)) - HTTP server of scm listening at http://0.0.0.0:15056
2024-06-08 17:12:16,226 [main] WARN  server.ServerUtils (ServerUtils.java:getDBPath(299)) - ozone.om.db.dirs is not configured. We recommend adding this setting. Falling back to ozone.metadata.dirs instead.
2024-06-08 17:12:16,228 [main] INFO  ha.OMHANodeDetails (OMHANodeDetails.java:loadOMHAConfig(115)) - ozone.om.internal.service.id is not defined, falling back to ozone.om.service.ids to find serviceID for OzoneManager if it is HA enabled cluster
2024-06-08 17:12:16,228 [main] INFO  ha.OMHANodeDetails (OMHANodeDetails.java:loadOMHAConfig(226)) - Configuration does not have ozone.om.address set. Falling back to the default OM address /127.0.0.1:15057
2024-06-08 17:12:16,228 [main] INFO  ha.OMHANodeDetails (OMHANodeDetails.java:getOMNodeDetailsForNonHA(254)) - OM Service ID is not set. Setting it to the default ID: omServiceIdDefault
2024-06-08 17:12:16,229 [main] INFO  ha.OMHANodeDetails (OMHANodeDetails.java:getOMNodeDetailsForNonHA(261)) - OM Node ID is not set. Setting it to the default ID: om1
2024-06-08 17:12:16,229 [main] WARN  server.ServerUtils (ServerUtils.java:getDBPath(299)) - ozone.om.db.dirs is not configured. We recommend adding this setting. Falling back to ozone.metadata.dirs instead.
2024-06-08 17:12:16,231 [main] INFO  upgrade.AbstractLayoutVersionManager (AbstractLayoutVersionManager.java:init(83)) - Initializing Layout version manager with metadata layout = QUOTA (version = 6), software layout = QUOTA (version = 6)
2024-06-08 17:12:16,267 [main] INFO  reflections.Reflections (Reflections.java:scan(219)) - Reflections took 34 ms to scan 2 urls, producing 188 keys and 545 values
2024-06-08 17:12:16,267 [main] INFO  upgrade.OMLayoutVersionManager (OMLayoutVersionManager.java:lambda$0(113)) - Skipping Upgrade Action QuotaRepairUpgradeAction since it has been finalized.
2024-06-08 17:12:16,267 [main] INFO  upgrade.OMLayoutVersionManager (OMLayoutVersionManager.java:lambda$0(113)) - Skipping Upgrade Action MockOmUpgradeAction since it has been finalized.
2024-06-08 17:12:16,267 [main] WARN  server.ServerUtils (ServerUtils.java:getDBPath(299)) - ozone.om.db.dirs is not configured. We recommend adding this setting. Falling back to ozone.metadata.dirs instead.
2024-06-08 17:12:16,268 [main] INFO  proxy.SCMBlockLocationFailoverProxyProvider (SCMBlockLocationFailoverProxyProvider.java:<init>(115)) - Created block location fail-over proxy with 1 nodes: [nodeId=scmNodeId,nodeAddress=/0.0.0.0:15054]
2024-06-08 17:12:16,270 [main] INFO  proxy.SCMBlockLocationFailoverProxyProvider (SCMBlockLocationFailoverProxyProvider.java:<init>(115)) - Created block location fail-over proxy with 1 nodes: [nodeId=scmNodeId,nodeAddress=/0.0.0.0:15054]
2024-06-08 17:12:16,275 [main] INFO  om.OzoneManager (OzoneManager.java:<init>(678)) - OM start with adminUsers: [runner]
2024-06-08 17:12:16,276 [main] WARN  server.ServerUtils (ServerUtils.java:getDBPath(299)) - ozone.om.db.dirs is not configured. We recommend adding this setting. Falling back to ozone.metadata.dirs instead.
2024-06-08 17:12:16,277 [main] INFO  helpers.OmKeyInfo (OmKeyInfo.java:getCodec(72)) - OmKeyInfo.getCodec ignorePipeline = true
2024-06-08 17:12:16,415 [main] INFO  om.OzoneManager (OzoneManager.java:instantiateServices(812)) - S3 Multi-Tenancy is disabled
2024-06-08 17:12:16,416 [main] INFO  om.OmSnapshotManager (OmSnapshotManager.java:<init>(179)) - Ozone filesystem snapshot feature is enabled.
2024-06-08 17:12:16,416 [main] WARN  server.ServerUtils (ServerUtils.java:getDBPath(299)) - ozone.om.snapshot.diff.db.dir is not configured. We recommend adding this setting. Falling back to ozone.metadata.dirs instead.
2024-06-08 17:12:16,431 [main] INFO  utils.NativeLibraryLoader (NativeLibraryLoader.java:loadLibrary(111)) - Loading Library: ozone_rocksdb_tools
2024-06-08 17:12:16,432 [main] ERROR snapshot.SnapshotDiffManager (SnapshotDiffManager.java:initNativeLibraryForEfficientDiff(287)) - Native Library for raw sst file reading loading failed.
org.apache.hadoop.hdds.utils.NativeLibraryNotLoadedException: Unable to load library ozone_rocksdb_tools from both java.library.path & resource file libozone_rocksdb_tools.so from jar.
	at org.apache.hadoop.hdds.utils.db.managed.ManagedRawSSTFileReader.loadLibrary(ManagedRawSSTFileReader.java:40)
	at org.apache.hadoop.ozone.om.snapshot.SnapshotDiffManager.initNativeLibraryForEfficientDiff(SnapshotDiffManager.java:285)
	at org.apache.hadoop.ozone.om.snapshot.SnapshotDiffManager.<init>(SnapshotDiffManager.java:259)
	at org.apache.hadoop.ozone.om.OmSnapshotManager.<init>(OmSnapshotManager.java:286)
	at org.apache.hadoop.ozone.om.OzoneManager.instantiateServices(OzoneManager.java:864)
	at org.apache.hadoop.ozone.om.OzoneManager.<init>(OzoneManager.java:688)
	at org.apache.hadoop.ozone.om.OzoneManager.createOm(OzoneManager.java:775)
	at org.apache.hadoop.ozone.MiniOzoneClusterImpl$Builder.createOM(MiniOzoneClusterImpl.java:689)
	at org.apache.hadoop.ozone.MiniOzoneClusterImpl$Builder.createAndStartSingleOM(MiniOzoneClusterImpl.java:673)
	at org.apache.hadoop.ozone.MiniOzoneClusterImpl$Builder.build(MiniOzoneClusterImpl.java:535)
	at org.apache.hadoop.ozone.client.rpc.TestBlockOutputStream.createCluster(TestBlockOutputStream.java:118)
	at org.apache.hadoop.ozone.client.rpc.TestBlockOutputStreamWithFailures.init(TestBlockOutputStreamWithFailures.java:72)
	at java.base/jdk.internal.reflect.NativeMethodAccessorImpl.invoke0(Native Method)
	at java.base/jdk.internal.reflect.NativeMethodAccessorImpl.invoke(NativeMethodAccessorImpl.java:77)
	at java.base/jdk.internal.reflect.DelegatingMethodAccessorImpl.invoke(DelegatingMethodAccessorImpl.java:43)
	at java.base/java.lang.reflect.Method.invoke(Method.java:568)
	at org.junit.platform.commons.util.ReflectionUtils.invokeMethod(ReflectionUtils.java:728)
	at org.junit.jupiter.engine.execution.MethodInvocation.proceed(MethodInvocation.java:60)
	at org.junit.jupiter.engine.execution.InvocationInterceptorChain$ValidatingInvocation.proceed(InvocationInterceptorChain.java:131)
	at org.junit.jupiter.engine.extension.TimeoutExtension.intercept(TimeoutExtension.java:156)
	at org.junit.jupiter.engine.extension.TimeoutExtension.interceptLifecycleMethod(TimeoutExtension.java:128)
	at org.junit.jupiter.engine.extension.TimeoutExtension.interceptBeforeEachMethod(TimeoutExtension.java:78)
	at org.junit.jupiter.engine.execution.InterceptingExecutableInvoker$ReflectiveInterceptorCall.lambda$ofVoidMethod$0(InterceptingExecutableInvoker.java:103)
	at org.junit.jupiter.engine.execution.InterceptingExecutableInvoker.lambda$invoke$0(InterceptingExecutableInvoker.java:93)
	at org.junit.jupiter.engine.execution.InvocationInterceptorChain$InterceptedInvocation.proceed(InvocationInterceptorChain.java:106)
	at org.junit.jupiter.engine.execution.InvocationInterceptorChain.proceed(InvocationInterceptorChain.java:64)
	at org.junit.jupiter.engine.execution.InvocationInterceptorChain.chainAndInvoke(InvocationInterceptorChain.java:45)
	at org.junit.jupiter.engine.execution.InvocationInterceptorChain.invoke(InvocationInterceptorChain.java:37)
	at org.junit.jupiter.engine.execution.InterceptingExecutableInvoker.invoke(InterceptingExecutableInvoker.java:92)
	at org.junit.jupiter.engine.execution.InterceptingExecutableInvoker.invoke(InterceptingExecutableInvoker.java:86)
	at org.junit.jupiter.engine.descriptor.ClassBasedTestDescriptor.invokeMethodInExtensionContext(ClassBasedTestDescriptor.java:521)
	at org.junit.jupiter.engine.descriptor.ClassBasedTestDescriptor.lambda$synthesizeBeforeEachMethodAdapter$23(ClassBasedTestDescriptor.java:506)
	at org.junit.jupiter.engine.descriptor.TestMethodTestDescriptor.lambda$invokeBeforeEachMethods$3(TestMethodTestDescriptor.java:175)
	at org.junit.jupiter.engine.descriptor.TestMethodTestDescriptor.lambda$invokeBeforeMethodsOrCallbacksUntilExceptionOccurs$6(TestMethodTestDescriptor.java:203)
	at org.junit.platform.engine.support.hierarchical.ThrowableCollector.execute(ThrowableCollector.java:73)
	at org.junit.jupiter.engine.descriptor.TestMethodTestDescriptor.invokeBeforeMethodsOrCallbacksUntilExceptionOccurs(TestMethodTestDescriptor.java:203)
	at org.junit.jupiter.engine.descriptor.TestMethodTestDescriptor.invokeBeforeEachMethods(TestMethodTestDescriptor.java:172)
	at org.junit.jupiter.engine.descriptor.TestMethodTestDescriptor.execute(TestMethodTestDescriptor.java:135)
	at org.junit.jupiter.engine.descriptor.TestMethodTestDescriptor.execute(TestMethodTestDescriptor.java:69)
	at org.junit.platform.engine.support.hierarchical.NodeTestTask.lambda$executeRecursively$6(NodeTestTask.java:151)
	at org.junit.platform.engine.support.hierarchical.ThrowableCollector.execute(ThrowableCollector.java:73)
	at org.junit.platform.engine.support.hierarchical.NodeTestTask.lambda$executeRecursively$8(NodeTestTask.java:141)
	at org.junit.platform.engine.support.hierarchical.Node.around(Node.java:137)
	at org.junit.platform.engine.support.hierarchical.NodeTestTask.lambda$executeRecursively$9(NodeTestTask.java:139)
	at org.junit.platform.engine.support.hierarchical.ThrowableCollector.execute(ThrowableCollector.java:73)
	at org.junit.platform.engine.support.hierarchical.NodeTestTask.executeRecursively(NodeTestTask.java:138)
	at org.junit.platform.engine.support.hierarchical.NodeTestTask.execute(NodeTestTask.java:95)
	at org.junit.platform.engine.support.hierarchical.SameThreadHierarchicalTestExecutorService.submit(SameThreadHierarchicalTestExecutorService.java:35)
	at org.junit.platform.engine.support.hierarchical.NodeTestTask$DefaultDynamicTestExecutor.execute(NodeTestTask.java:226)
	at org.junit.platform.engine.support.hierarchical.NodeTestTask$DefaultDynamicTestExecutor.execute(NodeTestTask.java:204)
	at org.junit.jupiter.engine.descriptor.TestTemplateTestDescriptor.execute(TestTemplateTestDescriptor.java:142)
	at org.junit.jupiter.engine.descriptor.TestTemplateTestDescriptor.lambda$execute$2(TestTemplateTestDescriptor.java:110)
	at java.base/java.util.stream.ForEachOps$ForEachOp$OfRef.accept(ForEachOps.java:183)
	at java.base/java.util.stream.ReferencePipeline$3$1.accept(ReferencePipeline.java:197)
	at java.base/java.util.stream.ReferencePipeline$2$1.accept(ReferencePipeline.java:179)
	at java.base/java.util.stream.ReferencePipeline$3$1.accept(ReferencePipeline.java:197)
	at java.base/java.util.stream.ForEachOps$ForEachOp$OfRef.accept(ForEachOps.java:183)
	at java.base/java.util.stream.ReferencePipeline$3$1.accept(ReferencePipeline.java:197)
	at java.base/java.util.stream.ReferencePipeline$3$1.accept(ReferencePipeline.java:197)
	at java.base/java.util.stream.ReferencePipeline$3$1.accept(ReferencePipeline.java:197)
	at java.base/java.util.stream.ForEachOps$ForEachOp$OfRef.accept(ForEachOps.java:183)
	at java.base/java.util.stream.ReferencePipeline$3$1.accept(ReferencePipeline.java:197)
	at java.base/java.util.Spliterators$ArraySpliterator.forEachRemaining(Spliterators.java:992)
	at java.base/java.util.stream.AbstractPipeline.copyInto(AbstractPipeline.java:509)
	at java.base/java.util.stream.AbstractPipeline.wrapAndCopyInto(AbstractPipeline.java:499)
	at java.base/java.util.stream.ForEachOps$ForEachOp.evaluateSequential(ForEachOps.java:150)
	at java.base/java.util.stream.ForEachOps$ForEachOp$OfRef.evaluateSequential(ForEachOps.java:173)
	at java.base/java.util.stream.AbstractPipeline.evaluate(AbstractPipeline.java:234)
	at java.base/java.util.stream.ReferencePipeline.forEach(ReferencePipeline.java:596)
	at java.base/java.util.stream.ReferencePipeline$7$1.accept(ReferencePipeline.java:276)
	at java.base/java.util.stream.ReferencePipeline$3$1.accept(ReferencePipeline.java:197)
	at java.base/java.util.stream.ReferencePipeline$3$1.accept(ReferencePipeline.java:197)
	at java.base/java.util.stream.ReferencePipeline$3$1.accept(ReferencePipeline.java:197)
	at java.base/java.util.ArrayList$ArrayListSpliterator.forEachRemaining(ArrayList.java:1625)
	at java.base/java.util.stream.AbstractPipeline.copyInto(AbstractPipeline.java:509)
	at java.base/java.util.stream.AbstractPipeline.wrapAndCopyInto(AbstractPipeline.java:499)
	at java.base/java.util.stream.ForEachOps$ForEachOp.evaluateSequential(ForEachOps.java:150)
	at java.base/java.util.stream.ForEachOps$ForEachOp$OfRef.evaluateSequential(ForEachOps.java:173)
	at java.base/java.util.stream.AbstractPipeline.evaluate(AbstractPipeline.java:234)
	at java.base/java.util.stream.ReferencePipeline.forEach(ReferencePipeline.java:596)
	at java.base/java.util.stream.ReferencePipeline$7$1.accept(ReferencePipeline.java:276)
	at java.base/java.util.ArrayList$ArrayListSpliterator.forEachRemaining(ArrayList.java:1625)
	at java.base/java.util.stream.AbstractPipeline.copyInto(AbstractPipeline.java:509)
	at java.base/java.util.stream.AbstractPipeline.wrapAndCopyInto(AbstractPipeline.java:499)
	at java.base/java.util.stream.ForEachOps$ForEachOp.evaluateSequential(ForEachOps.java:150)
	at java.base/java.util.stream.ForEachOps$ForEachOp$OfRef.evaluateSequential(ForEachOps.java:173)
	at java.base/java.util.stream.AbstractPipeline.evaluate(AbstractPipeline.java:234)
	at java.base/java.util.stream.ReferencePipeline.forEach(ReferencePipeline.java:596)
	at org.junit.jupiter.engine.descriptor.TestTemplateTestDescriptor.execute(TestTemplateTestDescriptor.java:110)
	at org.junit.jupiter.engine.descriptor.TestTemplateTestDescriptor.execute(TestTemplateTestDescriptor.java:44)
	at org.junit.platform.engine.support.hierarchical.NodeTestTask.lambda$executeRecursively$6(NodeTestTask.java:151)
	at org.junit.platform.engine.support.hierarchical.ThrowableCollector.execute(ThrowableCollector.java:73)
	at org.junit.platform.engine.support.hierarchical.NodeTestTask.lambda$executeRecursively$8(NodeTestTask.java:141)
	at org.junit.platform.engine.support.hierarchical.Node.around(Node.java:137)
	at org.junit.platform.engine.support.hierarchical.NodeTestTask.lambda$executeRecursively$9(NodeTestTask.java:139)
	at org.junit.platform.engine.support.hierarchical.ThrowableCollector.execute(ThrowableCollector.java:73)
	at org.junit.platform.engine.support.hierarchical.NodeTestTask.executeRecursively(NodeTestTask.java:138)
	at org.junit.platform.engine.support.hierarchical.NodeTestTask.execute(NodeTestTask.java:95)
	at java.base/java.util.ArrayList.forEach(ArrayList.java:1511)
	at org.junit.platform.engine.support.hierarchical.SameThreadHierarchicalTestExecutorService.invokeAll(SameThreadHierarchicalTestExecutorService.java:41)
	at org.junit.platform.engine.support.hierarchical.NodeTestTask.lambda$executeRecursively$6(NodeTestTask.java:155)
	at org.junit.platform.engine.support.hierarchical.ThrowableCollector.execute(ThrowableCollector.java:73)
	at org.junit.platform.engine.support.hierarchical.NodeTestTask.lambda$executeRecursively$8(NodeTestTask.java:141)
	at org.junit.platform.engine.support.hierarchical.Node.around(Node.java:137)
	at org.junit.platform.engine.support.hierarchical.NodeTestTask.lambda$executeRecursively$9(NodeTestTask.java:139)
	at org.junit.platform.engine.support.hierarchical.ThrowableCollector.execute(ThrowableCollector.java:73)
	at org.junit.platform.engine.support.hierarchical.NodeTestTask.executeRecursively(NodeTestTask.java:138)
	at org.junit.platform.engine.support.hierarchical.NodeTestTask.execute(NodeTestTask.java:95)
	at java.base/java.util.ArrayList.forEach(ArrayList.java:1511)
	at org.junit.platform.engine.support.hierarchical.SameThreadHierarchicalTestExecutorService.invokeAll(SameThreadHierarchicalTestExecutorService.java:41)
	at org.junit.platform.engine.support.hierarchical.NodeTestTask.lambda$executeRecursively$6(NodeTestTask.java:155)
	at org.junit.platform.engine.support.hierarchical.ThrowableCollector.execute(ThrowableCollector.java:73)
	at org.junit.platform.engine.support.hierarchical.NodeTestTask.lambda$executeRecursively$8(NodeTestTask.java:141)
	at org.junit.platform.engine.support.hierarchical.Node.around(Node.java:137)
	at org.junit.platform.engine.support.hierarchical.NodeTestTask.lambda$executeRecursively$9(NodeTestTask.java:139)
	at org.junit.platform.engine.support.hierarchical.ThrowableCollector.execute(ThrowableCollector.java:73)
	at org.junit.platform.engine.support.hierarchical.NodeTestTask.executeRecursively(NodeTestTask.java:138)
	at org.junit.platform.engine.support.hierarchical.NodeTestTask.execute(NodeTestTask.java:95)
	at org.junit.platform.engine.support.hierarchical.SameThreadHierarchicalTestExecutorService.submit(SameThreadHierarchicalTestExecutorService.java:35)
	at org.junit.platform.engine.support.hierarchical.HierarchicalTestExecutor.execute(HierarchicalTestExecutor.java:57)
	at org.junit.platform.engine.support.hierarchical.HierarchicalTestEngine.execute(HierarchicalTestEngine.java:54)
	at org.junit.platform.launcher.core.EngineExecutionOrchestrator.execute(EngineExecutionOrchestrator.java:198)
	at org.junit.platform.launcher.core.EngineExecutionOrchestrator.execute(EngineExecutionOrchestrator.java:169)
	at org.junit.platform.launcher.core.EngineExecutionOrchestrator.execute(EngineExecutionOrchestrator.java:93)
	at org.junit.platform.launcher.core.EngineExecutionOrchestrator.lambda$execute$0(EngineExecutionOrchestrator.java:58)
	at org.junit.platform.launcher.core.EngineExecutionOrchestrator.withInterceptedStreams(EngineExecutionOrchestrator.java:141)
	at org.junit.platform.launcher.core.EngineExecutionOrchestrator.execute(EngineExecutionOrchestrator.java:57)
	at org.junit.platform.launcher.core.DefaultLauncher.execute(DefaultLauncher.java:103)
	at org.junit.platform.launcher.core.DefaultLauncher.execute(DefaultLauncher.java:85)
	at org.junit.platform.launcher.core.DelegatingLauncher.execute(DelegatingLauncher.java:47)
	at org.junit.platform.launcher.core.SessionPerRequestLauncher.execute(SessionPerRequestLauncher.java:63)
	at org.apache.maven.surefire.junitplatform.JUnitPlatformProvider.invokeAllTests(JUnitPlatformProvider.java:154)
	at org.apache.maven.surefire.junitplatform.JUnitPlatformProvider.invoke(JUnitPlatformProvider.java:123)
	at org.apache.maven.surefire.booter.ForkedBooter.runSuitesInProcess(ForkedBooter.java:377)
	at org.apache.maven.surefire.booter.ForkedBooter.execute(ForkedBooter.java:138)
	at org.apache.maven.surefire.booter.ForkedBooter.run(ForkedBooter.java:465)
	at org.apache.maven.surefire.booter.ForkedBooter.main(ForkedBooter.java:451)
2024-06-08 17:12:16,434 [main] INFO  om.OzoneManager (OzoneManager.java:addS3GVolumeToDB(4463)) - Created Volume s3v With Owner runner required for S3Gateway operations.
2024-06-08 17:12:16,434 [main] WARN  server.ServerUtils (ServerUtils.java:getDefaultRatisDirectory(311)) - Storage directory for Ratis is not configured. It is a good idea to map this to an SSD disk. Falling back to ozone.metadata.dirs
2024-06-08 17:12:16,434 [main] WARN  utils.OzoneManagerRatisUtils (OzoneManagerRatisUtils.java:getOMRatisSnapshotDirectory(476)) - ozone.om.ratis.snapshot.dir is not configured. Falling back to ozone.metadata.dirs config
2024-06-08 17:12:16,439 [main] WARN  server.ServerUtils (ServerUtils.java:getDefaultRatisDirectory(311)) - Storage directory for Ratis is not configured. It is a good idea to map this to an SSD disk. Falling back to ozone.metadata.dirs
2024-06-08 17:12:16,440 [main] INFO  ratis.OzoneManagerRatisServer (OzoneManagerRatisServer.java:<init>(168)) - Instantiating OM Ratis server with groupID: omServiceIdDefault and peers: localhost:15060
2024-06-08 17:12:16,441 [main] INFO  ratis.OzoneManagerStateMachine (OzoneManagerStateMachine.java:loadSnapshotInfoFromDB(589)) - TransactionInfo not found in OM DB.
2024-06-08 17:12:16,441 [main] INFO  server.RaftServer (ConfUtils.java:logGet(46)) - raft.rpc.type = GRPC (default)
2024-06-08 17:12:16,441 [main] INFO  grpc.GrpcConfigKeys (ConfUtils.java:logFallback(53)) - raft.grpc.admin.host = null (fallback to raft.grpc.server.host)
2024-06-08 17:12:16,441 [main] INFO  grpc.GrpcConfigKeys (ConfUtils.java:logFallback(53)) - raft.grpc.admin.port = 15060 (fallback to raft.grpc.server.port)
2024-06-08 17:12:16,441 [main] INFO  grpc.GrpcConfigKeys (ConfUtils.java:logFallback(53)) - raft.grpc.client.host = null (fallback to raft.grpc.server.host)
2024-06-08 17:12:16,442 [main] INFO  grpc.GrpcConfigKeys (ConfUtils.java:logFallback(53)) - raft.grpc.client.port = 15060 (fallback to raft.grpc.server.port)
2024-06-08 17:12:16,442 [main] INFO  grpc.GrpcConfigKeys (ConfUtils.java:logGet(46)) - raft.grpc.server.host = null (default)
2024-06-08 17:12:16,442 [main] INFO  grpc.GrpcConfigKeys (ConfUtils.java:logGet(46)) - raft.grpc.server.port = 15060 (custom)
2024-06-08 17:12:16,442 [main] INFO  server.GrpcService (ConfUtils.java:logGet(46)) - raft.grpc.message.size.max = 4194304 (custom)
2024-06-08 17:12:16,442 [main] INFO  server.RaftServerConfigKeys (ConfUtils.java:logGet(46)) - raft.server.log.appender.buffer.byte-limit = 4194304 (custom)
2024-06-08 17:12:16,442 [main] INFO  server.GrpcService (ConfUtils.java:logGet(46)) - raft.grpc.flow.control.window = 1MB (=1048576) (default)
2024-06-08 17:12:16,442 [main] INFO  server.RaftServerConfigKeys (ConfUtils.java:logGet(46)) - raft.server.rpc.request.timeout = 3000ms (default)
2024-06-08 17:12:16,442 [main] INFO  grpc.GrpcConfigKeys (ConfUtils.java:logGet(46)) - raft.grpc.server.heartbeat.channel = true (default)
2024-06-08 17:12:16,443 [main] INFO  grpc.GrpcConfigKeys (ConfUtils.java:logGet(46)) - raft.grpc.server.async.request.thread.pool.cached = true (default)
2024-06-08 17:12:16,443 [main] INFO  grpc.GrpcConfigKeys (ConfUtils.java:logGet(46)) - raft.grpc.server.async.request.thread.pool.size = 32 (default)
2024-06-08 17:12:16,444 [main] INFO  impl.DataStreamServerImpl (ConfUtils.java:logGet(46)) - raft.datastream.type = DISABLED (default)
2024-06-08 17:12:16,444 [main] INFO  server.RaftServerConfigKeys (ConfUtils.java:logGet(46)) - raft.server.sleep.deviation.threshold = 300ms (default)
2024-06-08 17:12:16,444 [main] INFO  server.RaftServerConfigKeys (ConfUtils.java:logGet(46)) - raft.server.close.threshold = 60s (default)
2024-06-08 17:12:16,444 [main] INFO  server.RaftServerConfigKeys (ConfUtils.java:logGet(46)) - raft.server.leaderelection.leader.step-down.wait-time = 10s (default)
2024-06-08 17:12:16,445 [main] INFO  server.RaftServerConfigKeys (ConfUtils.java:logGet(46)) - raft.server.storage.dir = [/home/runner/work/ozone/ozone/hadoop-ozone/integration-test/target/test-dir/MiniOzoneClusterImpl-6b59e386-941c-4981-b753-7806b34dbc05/ozone-meta/ratis] (custom)
2024-06-08 17:12:16,445 [main] INFO  server.RaftServerConfigKeys (ConfUtils.java:logGet(46)) - raft.server.threadpool.proxy.cached = true (default)
2024-06-08 17:12:16,445 [main] INFO  server.RaftServerConfigKeys (ConfUtils.java:logGet(46)) - raft.server.threadpool.proxy.size = 0 (default)
2024-06-08 17:12:16,445 [main] INFO  server.RaftServer (RaftServerProxy.java:addNew(100)) - om1: addNew group-C5BA1605619E:[om1|localhost:15060] returns group-C5BA1605619E:java.util.concurrent.CompletableFuture@4dca87cb[Not completed]
2024-06-08 17:12:16,445 [om1-groupManagement] INFO  server.RaftServer$Division (RaftServerImpl.java:<init>(256)) - om1: new RaftServerImpl for group-C5BA1605619E:[om1|localhost:15060] with OzoneManagerStateMachine:uninitialized
2024-06-08 17:12:16,445 [main] INFO  om.OzoneManager (OzoneManager.java:initializeRatisServer(2168)) - OzoneManager Ratis server initialized at port 15060
2024-06-08 17:12:16,445 [om1-groupManagement] INFO  server.RaftServerConfigKeys (ConfUtils.java:logGet(46)) - raft.server.rpc.timeout.min = 1s (custom)
2024-06-08 17:12:16,446 [main] INFO  om.OzoneManager (OzoneManager.java:getRpcServer(1228)) - Creating RPC Server
2024-06-08 17:12:16,446 [om1-groupManagement] INFO  server.RaftServerConfigKeys (ConfUtils.java:logGet(46)) - raft.server.rpc.timeout.max = 1200ms (custom)
2024-06-08 17:12:16,446 [om1-groupManagement] INFO  server.RaftServerConfigKeys (ConfUtils.java:logGet(46)) - raft.server.rpc.sleep.time = 25ms (default)
2024-06-08 17:12:16,446 [om1-groupManagement] INFO  server.RaftServerConfigKeys (ConfUtils.java:logGet(46)) - raft.server.rpc.slowness.timeout = 120s (custom)
2024-06-08 17:12:16,446 [om1-groupManagement] INFO  server.RaftServerConfigKeys (ConfUtils.java:logGet(46)) - raft.server.leaderelection.leader.step-down.wait-time = 10s (default)
2024-06-08 17:12:16,446 [om1-groupManagement] INFO  server.RaftServerConfigKeys (ConfUtils.java:logGet(46)) - raft.server.leaderelection.member.majority-add = false (default)
2024-06-08 17:12:16,446 [om1-groupManagement] INFO  server.RaftServerConfigKeys (ConfUtils.java:logGet(46)) - raft.server.sleep.deviation.threshold = 300ms (default)
2024-06-08 17:12:16,446 [om1-groupManagement] INFO  server.RaftServer$Division (ServerState.java:<init>(113)) - om1@group-C5BA1605619E: ConfigurationManager, init=-1: peers:[om1|localhost:15060]|listeners:[], old=null, confs=<EMPTY_MAP>
2024-06-08 17:12:16,446 [om1-groupManagement] INFO  server.RaftServerConfigKeys (ConfUtils.java:logGet(46)) - raft.server.notification.no-leader.timeout = 120s (custom)
2024-06-08 17:12:16,446 [om1-groupManagement] INFO  server.RaftServerConfigKeys (ConfUtils.java:logGet(46)) - raft.server.read.timeout = 10s (default)
2024-06-08 17:12:16,446 [om1-groupManagement] INFO  server.RaftServerConfigKeys (ConfUtils.java:logGet(46)) - raft.server.retrycache.expirytime = 300s (custom)
2024-06-08 17:12:16,446 [om1-groupManagement] INFO  server.RaftServerConfigKeys (ConfUtils.java:logGet(46)) - raft.server.retrycache.statistics.expirytime = 100ms (default)
2024-06-08 17:12:16,446 [om1-groupManagement] INFO  server.RaftServerConfigKeys (ConfUtils.java:logGet(46)) - raft.server.read.option = DEFAULT (default)
2024-06-08 17:12:16,447 [om1-groupManagement] INFO  server.RaftServerConfigKeys (ConfUtils.java:logGet(46)) - raft.server.read.read-after-write-consistent.write-index-cache.expiry-time = 60s (default)
2024-06-08 17:12:16,448 [om1-groupManagement] INFO  server.RaftServerConfigKeys (ConfUtils.java:logGet(46)) - raft.server.rpc.request.timeout = 3000ms (default)
2024-06-08 17:12:16,448 [om1-groupManagement] INFO  server.RaftServerConfigKeys (ConfUtils.java:logGet(46)) - raft.server.log.appender.install.snapshot.enabled = false (custom)
2024-06-08 17:12:16,448 [om1-groupManagement] INFO  server.RaftServerConfigKeys (ConfUtils.java:logGet(46)) - raft.server.threadpool.server.cached = true (default)
2024-06-08 17:12:16,448 [om1-groupManagement] INFO  server.RaftServerConfigKeys (ConfUtils.java:logGet(46)) - raft.server.threadpool.server.size = 0 (default)
2024-06-08 17:12:16,448 [om1-groupManagement] INFO  server.RaftServerConfigKeys (ConfUtils.java:logGet(46)) - raft.server.threadpool.client.cached = true (default)
2024-06-08 17:12:16,448 [om1-groupManagement] INFO  server.RaftServerConfigKeys (ConfUtils.java:logGet(46)) - raft.server.threadpool.client.size = 0 (default)
2024-06-08 17:12:16,784 [main] INFO  reflections.Reflections (Reflections.java:scan(219)) - Reflections took 338 ms to scan 20 urls, producing 59 keys and 6611 values
2024-06-08 17:12:16,786 [main] INFO  ipc.CallQueueManager (CallQueueManager.java:<init>(90)) - Using callQueue: class java.util.concurrent.LinkedBlockingQueue, queueCapacity: 2000, scheduler: class org.apache.hadoop.ipc.DefaultRpcScheduler, ipcBackoff: false.
2024-06-08 17:12:16,786 [main] INFO  ipc.Server (Server.java:<init>(1287)) - Listener at 127.0.0.1:15057
2024-06-08 17:12:16,787 [Socket Reader #1 for port 15057] INFO  ipc.Server (Server.java:run(1323)) - Starting Socket Reader #1 for port 15057
2024-06-08 17:12:16,805 [main] INFO  impl.MetricsSystemImpl (MetricsSystemImpl.java:init(158)) - OzoneManager metrics system started (again)
2024-06-08 17:12:16,817 [main] INFO  om.OzoneManager (OzoneManager.java:start(1650)) - OzoneManager RPC server is listening at localhost/127.0.0.1:15057
2024-06-08 17:12:16,817 [main] INFO  ratis.OzoneManagerRatisServer (OzoneManagerRatisServer.java:start(594)) - Starting OzoneManagerRatisServer om1 at port 15060
2024-06-08 17:12:16,818 [om1-impl-thread1] INFO  server.RaftServerConfigKeys (ConfUtils.java:logGet(46)) - raft.server.storage.free-space.min = 0MB (=0) (default)
2024-06-08 17:12:16,818 [om1-impl-thread1] INFO  server.RaftServerConfigKeys (ConfUtils.java:logGet(46)) - raft.server.log.corruption.policy = EXCEPTION (default)
2024-06-08 17:12:16,818 [om1-impl-thread1] INFO  server.RaftServerConfigKeys (ConfUtils.java:logGet(46)) - raft.server.storage.dir = [/home/runner/work/ozone/ozone/hadoop-ozone/integration-test/target/test-dir/MiniOzoneClusterImpl-6b59e386-941c-4981-b753-7806b34dbc05/ozone-meta/ratis] (custom)
2024-06-08 17:12:16,818 [om1-impl-thread1] INFO  storage.RaftStorageDirectory (RaftStorageDirectoryImpl.java:analyzeStorage(138)) - The storage directory /home/runner/work/ozone/ozone/hadoop-ozone/integration-test/target/test-dir/MiniOzoneClusterImpl-6b59e386-941c-4981-b753-7806b34dbc05/ozone-meta/ratis/bf265839-605b-3f16-9796-c5ba1605619e does not exist. Creating ...
2024-06-08 17:12:16,819 [om1-impl-thread1] INFO  storage.RaftStorageDirectory (RaftStorageDirectoryImpl.java:tryLock(228)) - Lock on /home/runner/work/ozone/ozone/hadoop-ozone/integration-test/target/test-dir/MiniOzoneClusterImpl-6b59e386-941c-4981-b753-7806b34dbc05/ozone-meta/ratis/bf265839-605b-3f16-9796-c5ba1605619e/in_use.lock acquired by nodename 19691@fv-az1025-916
2024-06-08 17:12:16,820 [om1-impl-thread1] INFO  storage.RaftStorage (RaftStorageImpl.java:format(99)) - Storage directory /home/runner/work/ozone/ozone/hadoop-ozone/integration-test/target/test-dir/MiniOzoneClusterImpl-6b59e386-941c-4981-b753-7806b34dbc05/ozone-meta/ratis/bf265839-605b-3f16-9796-c5ba1605619e has been successfully formatted.
2024-06-08 17:12:16,820 [om1-impl-thread1] WARN  util.FileUtils (LogUtils.java:supplyAndLog(63)) - Failed to Files.newInputStream /home/runner/work/ozone/ozone/hadoop-ozone/integration-test/target/test-dir/MiniOzoneClusterImpl-6b59e386-941c-4981-b753-7806b34dbc05/ozone-meta/ratis/bf265839-605b-3f16-9796-c5ba1605619e/current/raft-meta.conf with options []: java.nio.file.NoSuchFileException: /home/runner/work/ozone/ozone/hadoop-ozone/integration-test/target/test-dir/MiniOzoneClusterImpl-6b59e386-941c-4981-b753-7806b34dbc05/ozone-meta/ratis/bf265839-605b-3f16-9796-c5ba1605619e/current/raft-meta.conf
2024-06-08 17:12:16,820 [om1-impl-thread1] INFO  server.RaftServerConfigKeys (ConfUtils.java:logGet(46)) - raft.server.log.use.memory = false (default)
2024-06-08 17:12:16,821 [om1-impl-thread1] INFO  server.RaftServerConfigKeys (ConfUtils.java:logGet(46)) - raft.server.log.purge.gap = 1000000 (custom)
2024-06-08 17:12:16,821 [om1-impl-thread1] INFO  server.RaftServerConfigKeys (ConfUtils.java:logGet(46)) - raft.server.log.appender.buffer.byte-limit = 4194304 (custom)
2024-06-08 17:12:16,821 [om1-impl-thread1] INFO  server.RaftServerConfigKeys (ConfUtils.java:logGet(46)) - raft.server.log.statemachine.data.read.timeout = 1000ms (default)
2024-06-08 17:12:16,821 [om1-impl-thread1] INFO  server.RaftServerConfigKeys (ConfUtils.java:logGet(46)) - raft.server.log.purge.preservation.log.num = 0 (default)
2024-06-08 17:12:16,821 [om1-impl-thread1] INFO  server.RaftServerConfigKeys (ConfUtils.java:logGet(46)) - raft.server.log.segment.size.max = 4194304 (custom)
2024-06-08 17:12:16,822 [om1-impl-thread1] INFO  server.RaftServerConfigKeys (ConfUtils.java:logGet(46)) - raft.server.log.segment.cache.num.max = 2 (custom)
2024-06-08 17:12:16,822 [om1-impl-thread1] INFO  server.RaftServerConfigKeys (ConfUtils.java:logGet(46)) - raft.server.log.segment.cache.size.max = 200MB (=209715200) (default)
2024-06-08 17:12:16,822 [om1-impl-thread1] INFO  server.RaftServerConfigKeys (ConfUtils.java:logGet(46)) - raft.server.log.appender.buffer.byte-limit = 4194304 (custom)
2024-06-08 17:12:16,822 [om1-impl-thread1] INFO  util.AwaitToRun (AwaitToRun.java:start(81)) - Thread[om1@group-C5BA1605619E-cacheEviction-AwaitToRun,5,main] started
2024-06-08 17:12:16,822 [om1-impl-thread1] INFO  segmented.SegmentedRaftLogWorker (SegmentedRaftLogWorker.java:<init>(182)) - new om1@group-C5BA1605619E-SegmentedRaftLogWorker for RaftStorageImpl:Storage Directory /home/runner/work/ozone/ozone/hadoop-ozone/integration-test/target/test-dir/MiniOzoneClusterImpl-6b59e386-941c-4981-b753-7806b34dbc05/ozone-meta/ratis/bf265839-605b-3f16-9796-c5ba1605619e
2024-06-08 17:12:16,822 [om1-impl-thread1] INFO  server.RaftServerConfigKeys (ConfUtils.java:logGet(46)) - raft.server.log.queue.byte-limit = 64MB (=67108864) (default)
2024-06-08 17:12:16,822 [om1-impl-thread1] INFO  server.RaftServerConfigKeys (ConfUtils.java:logGet(46)) - raft.server.log.queue.element-limit = 4096 (default)
2024-06-08 17:12:16,822 [om1-impl-thread1] INFO  server.RaftServerConfigKeys (ConfUtils.java:logGet(46)) - raft.server.log.segment.size.max = 4194304 (custom)
2024-06-08 17:12:16,822 [om1-impl-thread1] INFO  server.RaftServerConfigKeys (ConfUtils.java:logGet(46)) - raft.server.log.preallocated.size = 4194304 (custom)
2024-06-08 17:12:16,822 [om1-impl-thread1] INFO  server.RaftServerConfigKeys (ConfUtils.java:logGet(46)) - raft.server.log.force.sync.num = 128 (default)
2024-06-08 17:12:16,822 [om1-impl-thread1] INFO  server.RaftServerConfigKeys (ConfUtils.java:logGet(46)) - raft.server.log.statemachine.data.sync = true (default)
2024-06-08 17:12:16,822 [om1-impl-thread1] INFO  server.RaftServerConfigKeys (ConfUtils.java:logGet(46)) - raft.server.log.statemachine.data.sync.timeout = 10s (default)
2024-06-08 17:12:16,822 [om1-impl-thread1] INFO  server.RaftServerConfigKeys (ConfUtils.java:logGet(46)) - raft.server.log.statemachine.data.sync.timeout.retry = -1 (default)
2024-06-08 17:12:16,823 [om1-impl-thread1] INFO  server.RaftServerConfigKeys (ConfUtils.java:logGet(46)) - raft.server.log.write.buffer.size = 4194312 (custom)
2024-06-08 17:12:16,824 [om1-impl-thread1] INFO  server.RaftServerConfigKeys (ConfUtils.java:logGet(46)) - raft.server.log.appender.buffer.byte-limit = 4194304 (custom)
2024-06-08 17:12:16,824 [om1-impl-thread1] INFO  server.RaftServerConfigKeys (ConfUtils.java:logGet(46)) - raft.server.log.unsafe-flush.enabled = false (default)
2024-06-08 17:12:16,824 [om1-impl-thread1] INFO  server.RaftServerConfigKeys (ConfUtils.java:logGet(46)) - raft.server.log.async-flush.enabled = false (default)
2024-06-08 17:12:16,824 [om1-impl-thread1] INFO  server.RaftServerConfigKeys (ConfUtils.java:logGet(46)) - raft.server.log.statemachine.data.caching.enabled = false (default)
2024-06-08 17:12:16,825 [om1-impl-thread1] INFO  segmented.SegmentedRaftLogWorker (SegmentedRaftLogWorker.java:lambda$new$0(134)) - om1@group-C5BA1605619E-SegmentedRaftLogWorker: flushIndex: setUnconditionally 0 -> -1
2024-06-08 17:12:16,825 [om1-impl-thread1] INFO  segmented.SegmentedRaftLogWorker (SegmentedRaftLogWorker.java:lambda$new$0(134)) - om1@group-C5BA1605619E-SegmentedRaftLogWorker: safeCacheEvictIndex: setUnconditionally 0 -> -1
2024-06-08 17:12:16,825 [om1-impl-thread1] INFO  server.RaftServer$Division (RaftServerImpl.java:start(396)) - om1@group-C5BA1605619E: start as a follower, conf=-1: peers:[om1|localhost:15060]|listeners:[], old=null
2024-06-08 17:12:16,825 [om1-impl-thread1] INFO  server.RaftServer$Division (RaftServerImpl.java:setRole(383)) - om1@group-C5BA1605619E: changes role from      null to FOLLOWER at term 0 for startAsFollower
2024-06-08 17:12:16,825 [om1-impl-thread1] INFO  impl.RoleInfo (RoleInfo.java:updateAndGet(139)) - om1: start om1@group-C5BA1605619E-FollowerState
2024-06-08 17:12:16,826 [om1@group-C5BA1605619E-FollowerState] INFO  server.RaftServerConfigKeys (ConfUtils.java:logFallback(53)) - raft.server.rpc.first-election.timeout.min = 1s (fallback to raft.server.rpc.timeout.min)
2024-06-08 17:12:16,826 [om1-impl-thread1] INFO  util.JmxRegister (JmxRegister.java:tryRegister(44)) - Successfully registered JMX Bean with object name Ratis:service=RaftServer,group=group-C5BA1605619E,id=om1
2024-06-08 17:12:16,827 [om1-impl-thread1] INFO  server.RaftServerConfigKeys (ConfUtils.java:logGet(46)) - raft.server.snapshot.trigger-when-stop.enabled = true (default)
2024-06-08 17:12:16,827 [om1-impl-thread1] INFO  server.RaftServerConfigKeys (ConfUtils.java:logGet(46)) - raft.server.snapshot.auto.trigger.enabled = true (custom)
2024-06-08 17:12:16,827 [om1-impl-thread1] INFO  server.RaftServerConfigKeys (ConfUtils.java:logGet(46)) - raft.server.snapshot.auto.trigger.threshold = 400000 (default)
2024-06-08 17:12:16,827 [om1-impl-thread1] INFO  server.RaftServerConfigKeys (ConfUtils.java:logGet(46)) - raft.server.snapshot.retention.file.num = -1 (default)
2024-06-08 17:12:16,827 [om1-impl-thread1] INFO  server.RaftServerConfigKeys (ConfUtils.java:logGet(46)) - raft.server.log.purge.upto.snapshot.index = true (custom)
2024-06-08 17:12:16,827 [om1@group-C5BA1605619E-FollowerState] INFO  server.RaftServerConfigKeys (ConfUtils.java:logFallback(53)) - raft.server.rpc.first-election.timeout.max = 1200ms (fallback to raft.server.rpc.timeout.max)
2024-06-08 17:12:16,836 [main] INFO  server.RaftServer (RaftServerProxy.java:startImpl(406)) - om1: start RPC server
2024-06-08 17:12:16,836 [main] INFO  server.GrpcService (GrpcService.java:startImpl(302)) - om1: GrpcService started, listening on 15060
2024-06-08 17:12:16,837 [main] INFO  om.OzoneManager (OzoneManager.java:start(1666)) - Version File has different layout version (6) than OM DB (null). That is expected if this OM has never been finalized to a newer layout version.
2024-06-08 17:12:16,838 [JvmPauseMonitor8] INFO  util.JvmPauseMonitor (JvmPauseMonitor.java:run(146)) - JvmPauseMonitor-om1: Started
2024-06-08 17:12:16,843 [main] INFO  client.ScmTopologyClient (ScmTopologyClient.java:start(72)) - Initial network topology fetched from SCM: /.
2024-06-08 17:12:16,844 [main] INFO  net.NodeSchemaLoader (NodeSchemaLoader.java:loadSchemaFromFile(129)) - Loading schema from [file:/home/runner/work/ozone/ozone/hadoop-hdds/common/target/classes/network-topology-default.xml]
2024-06-08 17:12:16,844 [main] INFO  net.NodeSchemaLoader (NodeSchemaLoader.java:loadSchema(176)) - Loading network topology layer schema file
2024-06-08 17:12:16,856 [main] INFO  http.BaseHttpServer (BaseHttpServer.java:newHttpServer2BuilderForOzone(223)) - Starting Web-server for ozoneManager at: http://0.0.0.0:15058
2024-06-08 17:12:16,856 [main] INFO  http.BaseHttpServer (BaseHttpServer.java:<init>(110)) - Hadoop Security Enabled: false Ozone Security Enabled: false Ozone HTTP Security Enabled: false 
2024-06-08 17:12:16,858 [main] WARN  server.AuthenticationFilter (AuthenticationFilter.java:constructSecretProvider(240)) - Unable to initialize FileSignerSecretProvider, falling back to use random secrets. Reason: Could not read signature secret file: /home/runner/hadoop-http-auth-signature-secret
2024-06-08 17:12:16,863 [main] INFO  http.HttpRequestLog (HttpRequestLog.java:getRequestLog(86)) - Http request log for http.requests.ozoneManager is not defined
2024-06-08 17:12:16,864 [main] INFO  http.HttpServer2 (HttpServer2.java:addGlobalFilter(1036)) - Added global filter 'safety' (class=org.apache.hadoop.hdds.server.http.HttpServer2$QuotingInputFilter)
2024-06-08 17:12:16,865 [main] INFO  http.HttpServer2 (HttpServer2.java:addFilter(1012)) - Added filter static_user_filter (class=org.apache.hadoop.http.lib.StaticUserWebFilter$StaticUserFilter) to context ozoneManager
2024-06-08 17:12:16,865 [main] INFO  http.HttpServer2 (HttpServer2.java:addFilter(1020)) - Added filter static_user_filter (class=org.apache.hadoop.http.lib.StaticUserWebFilter$StaticUserFilter) to context logs
2024-06-08 17:12:16,865 [main] INFO  http.HttpServer2 (HttpServer2.java:addFilter(1020)) - Added filter static_user_filter (class=org.apache.hadoop.http.lib.StaticUserWebFilter$StaticUserFilter) to context static
2024-06-08 17:12:16,865 [main] INFO  http.BaseHttpServer (BaseHttpServer.java:<init>(189)) - HTTP server of ozoneManager uses base directory /home/runner/work/ozone/ozone/hadoop-ozone/integration-test/target/test-dir/MiniOzoneClusterImpl-6b59e386-941c-4981-b753-7806b34dbc05/ozone-meta/webserver
2024-06-08 17:12:16,865 [main] INFO  http.HttpServer2 (HttpServer2.java:bindListener(1236)) - Jetty bound to port 15058
2024-06-08 17:12:16,866 [main] INFO  server.Server (Server.java:doStart(375)) - jetty-9.4.54.v20240208; built: 2024-02-08T19:42:39.027Z; git: cef3fbd6d736a21e7d541a5db490381d95a2047d; jvm 17.0.11+9
2024-06-08 17:12:16,867 [main] INFO  server.session (DefaultSessionIdManager.java:doStart(334)) - DefaultSessionIdManager workerName=node0
2024-06-08 17:12:16,867 [main] INFO  server.session (DefaultSessionIdManager.java:doStart(339)) - No SessionScavenger set, using defaults
2024-06-08 17:12:16,867 [main] INFO  server.session (HouseKeeper.java:startScavenging(132)) - node0 Scavenging every 600000ms
2024-06-08 17:12:16,868 [main] INFO  handler.ContextHandler (ContextHandler.java:doStart(921)) - Started o.e.j.s.ServletContextHandler@4ffff10c{logs,/logs,file:///home/runner/work/ozone/ozone/hadoop-ozone/integration-test/target/log,AVAILABLE}
2024-06-08 17:12:16,868 [main] INFO  handler.ContextHandler (ContextHandler.java:doStart(921)) - Started o.e.j.s.ServletContextHandler@6166edcf{static,/static,file:///home/runner/work/ozone/ozone/hadoop-ozone/integration-test/target/test-classes/webapps/static,AVAILABLE}
2024-06-08 17:12:16,872 [main] INFO  handler.ContextHandler (ContextHandler.java:doStart(921)) - Started o.e.j.w.WebAppContext@2293d694{ozoneManager,/,file:///home/runner/work/ozone/ozone/hadoop-ozone/integration-test/target/test-classes/webapps/ozoneManager/,AVAILABLE}{file:/home/runner/work/ozone/ozone/hadoop-ozone/integration-test/target/test-classes/webapps/ozoneManager}
2024-06-08 17:12:16,872 [main] INFO  server.AbstractConnector (AbstractConnector.java:doStart(333)) - Started ServerConnector@740639ba{HTTP/1.1, (http/1.1)}{0.0.0.0:15058}
2024-06-08 17:12:16,873 [main] INFO  server.Server (Server.java:doStart(415)) - Started @52401ms
2024-06-08 17:12:16,873 [main] WARN  impl.MetricsSystemImpl (MetricsSystemImpl.java:register(279)) - Sink prometheus already exists!
2024-06-08 17:12:16,873 [main] INFO  http.BaseHttpServer (BaseHttpServer.java:updateConnectorAddress(354)) - HTTP server of ozoneManager listening at http://0.0.0.0:15058
2024-06-08 17:12:16,873 [IPC Server Responder] INFO  ipc.Server (Server.java:run(1562)) - IPC Server Responder: starting
2024-06-08 17:12:16,874 [IPC Server listener on 15057] INFO  ipc.Server (Server.java:run(1402)) - IPC Server listener on 15057: starting
2024-06-08 17:12:16,876 [main] INFO  om.OzoneManager (OzoneManager.java:startTrashEmptier(2121)) - Trash Interval set to 0. Files deleted won't move to trash
2024-06-08 17:12:16,887 [main] WARN  dropwizard3.Dm3MetricRegistriesImpl (Dm3MetricRegistriesImpl.java:addReporterRegistration(113)) - New reporters are added after registries were created. Some metrics will be missing from the reporter. Please add reporter before adding any new registry.
2024-06-08 17:12:16,887 [main] WARN  dropwizard3.Dm3MetricRegistriesImpl (Dm3MetricRegistriesImpl.java:addReporterRegistration(113)) - New reporters are added after registries were created. Some metrics will be missing from the reporter. Please add reporter before adding any new registry.
2024-06-08 17:12:16,887 [main] INFO  impl.MetricsSystemImpl (MetricsSystemImpl.java:init(158)) - HddsDatanode metrics system started (again)
2024-06-08 17:12:16,898 [main] INFO  ozone.HddsDatanodeService (HddsDatanodeService.java:start(240)) - HddsDatanodeService host:fv-az1025-916.thvxnveazgierklmxsu4mxd1dg.cx.internal.cloudapp.net ip:10.1.0.12
2024-06-08 17:12:16,912 [main] INFO  upgrade.AbstractLayoutVersionManager (AbstractLayoutVersionManager.java:init(83)) - Initializing Layout version manager with metadata layout = HADOOP_PRC_PORTS_IN_DATANODEDETAILS (version = 7), software layout = HADOOP_PRC_PORTS_IN_DATANODEDETAILS (version = 7)
2024-06-08 17:12:16,913 [main] INFO  statemachine.DatanodeStateMachine (DatanodeStateMachine.java:getEndPointTaskThreadPoolSize(299)) - Datanode State Machine Task Thread Pool size 2
2024-06-08 17:12:16,914 [main] INFO  volume.HddsVolume (HddsVolume.java:<init>(126)) - Creating HddsVolume: /home/runner/work/ozone/ozone/hadoop-ozone/integration-test/target/test-dir/MiniOzoneClusterImpl-6b59e386-941c-4981-b753-7806b34dbc05/ozone-meta/datanode-1/data-0/hdds of storage type : DISK capacity : 9222449699674390527
2024-06-08 17:12:16,914 [main] INFO  volume.MutableVolumeSet (MutableVolumeSet.java:initializeVolumeSet(173)) - Added Volume : /home/runner/work/ozone/ozone/hadoop-ozone/integration-test/target/test-dir/MiniOzoneClusterImpl-6b59e386-941c-4981-b753-7806b34dbc05/ozone-meta/datanode-1/data-0/hdds to VolumeSet
2024-06-08 17:12:16,915 [main] INFO  volume.MutableVolumeSet (MutableVolumeSet.java:initializeVolumeSet(173)) - Added Volume : /home/runner/work/ozone/ozone/hadoop-ozone/integration-test/target/test-dir/MiniOzoneClusterImpl-6b59e386-941c-4981-b753-7806b34dbc05/ozone-meta/datanode-1/ratis to VolumeSet
2024-06-08 17:12:16,915 [main] INFO  ozoneimpl.OzoneContainer (HddsVolumeUtil.java:loadAllHddsVolumeDbStore(103)) - Load 1 volumes DbStore cost: 0ms
2024-06-08 17:12:16,917 [main] INFO  server.RaftServer (ConfUtils.java:logGet(46)) - raft.rpc.type = GRPC (default)
2024-06-08 17:12:16,918 [main] INFO  grpc.GrpcConfigKeys (ConfUtils.java:logFallback(53)) - raft.grpc.admin.host = null (fallback to raft.grpc.server.host)
2024-06-08 17:12:16,918 [main] INFO  grpc.GrpcConfigKeys (ConfUtils.java:logGet(46)) - raft.grpc.admin.port = 15066 (custom)
2024-06-08 17:12:16,918 [main] INFO  grpc.GrpcConfigKeys (ConfUtils.java:logFallback(53)) - raft.grpc.client.host = null (fallback to raft.grpc.server.host)
2024-06-08 17:12:16,918 [main] INFO  grpc.GrpcConfigKeys (ConfUtils.java:logGet(46)) - raft.grpc.client.port = 15065 (custom)
2024-06-08 17:12:16,918 [main] INFO  grpc.GrpcConfigKeys (ConfUtils.java:logGet(46)) - raft.grpc.server.host = null (default)
2024-06-08 17:12:16,918 [main] INFO  grpc.GrpcConfigKeys (ConfUtils.java:logGet(46)) - raft.grpc.server.port = 15067 (custom)
2024-06-08 17:12:16,919 [main] INFO  server.GrpcService (ConfUtils.java:logGet(46)) - raft.grpc.message.size.max = 32MB (=33554432) (custom)
2024-06-08 17:12:16,919 [main] INFO  server.RaftServerConfigKeys (ConfUtils.java:logGet(46)) - raft.server.log.appender.buffer.byte-limit = 8388608 (custom)
2024-06-08 17:12:16,919 [main] INFO  server.GrpcService (ConfUtils.java:logGet(46)) - raft.grpc.flow.control.window = 5MB (=5242880) (custom)
2024-06-08 17:12:16,919 [main] INFO  server.RaftServerConfigKeys (ConfUtils.java:logGet(46)) - raft.server.rpc.request.timeout = 3000ms (default)
2024-06-08 17:12:16,919 [main] INFO  grpc.GrpcConfigKeys (ConfUtils.java:logGet(46)) - raft.grpc.server.heartbeat.channel = true (default)
2024-06-08 17:12:16,919 [main] INFO  grpc.GrpcConfigKeys (ConfUtils.java:logGet(46)) - raft.grpc.server.async.request.thread.pool.cached = true (default)
2024-06-08 17:12:16,919 [main] INFO  grpc.GrpcConfigKeys (ConfUtils.java:logGet(46)) - raft.grpc.server.async.request.thread.pool.size = 32 (default)
2024-06-08 17:12:16,921 [main] INFO  impl.DataStreamServerImpl (ConfUtils.java:logGet(46)) - raft.datastream.type = NETTY (custom)
2024-06-08 17:12:16,921 [main] INFO  server.RaftServerConfigKeys (ConfUtils.java:logGet(46)) - raft.server.data-stream.async.request.thread.pool.cached = false (default)
2024-06-08 17:12:16,922 [main] INFO  server.RaftServerConfigKeys (ConfUtils.java:logGet(46)) - raft.server.data-stream.async.request.thread.pool.size = 20 (custom)
2024-06-08 17:12:16,922 [main] INFO  server.RaftServerConfigKeys (ConfUtils.java:logGet(46)) - raft.server.data-stream.async.write.thread.pool.size = 16 (default)
2024-06-08 17:12:16,922 [main] INFO  netty.NettyConfigKeys$DataStream (ConfUtils.java:logGet(46)) - raft.netty.dataStream.server.channel.inactive.grace-period = 10min (default)
2024-06-08 17:12:16,922 [main] INFO  server.RaftServerConfigKeys (ConfUtils.java:logGet(46)) - raft.server.data-stream.client.pool.size = 10 (default)
2024-06-08 17:12:16,922 [main] INFO  netty.NettyConfigKeys$DataStream (ConfUtils.java:logGet(46)) - raft.netty.dataStream.server.use-epoll = true (default)
2024-06-08 17:12:16,922 [main] INFO  netty.NettyConfigKeys$DataStream (ConfUtils.java:logGet(46)) - raft.netty.dataStream.server.boss-group.size = 0 (default)
2024-06-08 17:12:16,922 [main] INFO  netty.NettyUtils (NettyUtils.java:newEventLoopGroup(69)) - Create EpollEventLoopGroup for e3b50f59-81fe-4964-a90b-c9e3e207dda8-NettyServerStreamRpc-bossGroup; Thread size is 0.
2024-06-08 17:12:16,923 [main] INFO  netty.NettyConfigKeys$DataStream (ConfUtils.java:logGet(46)) - raft.netty.dataStream.server.worker-group.size = 0 (default)
2024-06-08 17:12:16,923 [main] INFO  netty.NettyUtils (NettyUtils.java:newEventLoopGroup(69)) - Create EpollEventLoopGroup for e3b50f59-81fe-4964-a90b-c9e3e207dda8-NettyServerStreamRpc-workerGroup; Thread size is 0.
2024-06-08 17:12:16,923 [main] INFO  netty.NettyConfigKeys$DataStream (ConfUtils.java:logGet(46)) - raft.netty.dataStream.server.tls.conf = null (default)
2024-06-08 17:12:16,923 [main] INFO  netty.NettyConfigKeys$DataStream (ConfUtils.java:logGet(46)) - raft.netty.dataStream.host = null (default)
2024-06-08 17:12:16,924 [main] INFO  netty.NettyConfigKeys$DataStream (ConfUtils.java:logGet(46)) - raft.netty.dataStream.port = 15068 (custom)
2024-06-08 17:12:16,924 [main] INFO  server.RaftServerConfigKeys (ConfUtils.java:logGet(46)) - raft.server.sleep.deviation.threshold = 300ms (default)
2024-06-08 17:12:16,924 [main] INFO  server.RaftServerConfigKeys (ConfUtils.java:logGet(46)) - raft.server.close.threshold = 60s (default)
2024-06-08 17:12:16,924 [e3b50f59-81fe-4964-a90b-c9e3e207dda8-NettyServerStreamRpc-bossGroup--thread1] INFO  logging.LoggingHandler (AbstractInternalLogger.java:log(148)) - [id: 0x93461ea3] REGISTERED
2024-06-08 17:12:16,927 [e3b50f59-81fe-4964-a90b-c9e3e207dda8-NettyServerStreamRpc-bossGroup--thread1] INFO  logging.LoggingHandler (AbstractInternalLogger.java:log(148)) - [id: 0x93461ea3] BIND: 0.0.0.0/0.0.0.0:15068
2024-06-08 17:12:16,927 [e3b50f59-81fe-4964-a90b-c9e3e207dda8-NettyServerStreamRpc-bossGroup--thread1] INFO  logging.LoggingHandler (AbstractInternalLogger.java:log(148)) - [id: 0x93461ea3, L:/0.0.0.0:15068] ACTIVE
2024-06-08 17:12:16,926 [main] INFO  server.RaftServerConfigKeys (ConfUtils.java:logGet(46)) - raft.server.leaderelection.leader.step-down.wait-time = 10s (default)
2024-06-08 17:12:16,927 [main] INFO  server.RaftServerConfigKeys (ConfUtils.java:logGet(46)) - raft.server.storage.dir = [/home/runner/work/ozone/ozone/hadoop-ozone/integration-test/target/test-dir/MiniOzoneClusterImpl-6b59e386-941c-4981-b753-7806b34dbc05/ozone-meta/datanode-1/ratis] (custom)
2024-06-08 17:12:16,927 [main] INFO  server.RaftServerConfigKeys (ConfUtils.java:logGet(46)) - raft.server.threadpool.proxy.cached = true (default)
2024-06-08 17:12:16,927 [main] INFO  server.RaftServerConfigKeys (ConfUtils.java:logGet(46)) - raft.server.threadpool.proxy.size = 0 (default)
2024-06-08 17:12:16,931 [e3b50f59-81fe-4964-a90b-c9e3e207dda8-impl-thread1] INFO  server.RaftServer (RaftServerProxy.java:initGroupDir(264)) - e3b50f59-81fe-4964-a90b-c9e3e207dda8: found a subdirectory /home/runner/work/ozone/ozone/hadoop-ozone/integration-test/target/test-dir/MiniOzoneClusterImpl-6b59e386-941c-4981-b753-7806b34dbc05/ozone-meta/datanode-1/ratis/tmp
2024-06-08 17:12:16,931 [e3b50f59-81fe-4964-a90b-c9e3e207dda8-impl-thread1] INFO  server.RaftServer (RaftServerProxy.java:initGroupDir(269)) - e3b50f59-81fe-4964-a90b-c9e3e207dda8: The directory /home/runner/work/ozone/ozone/hadoop-ozone/integration-test/target/test-dir/MiniOzoneClusterImpl-6b59e386-941c-4981-b753-7806b34dbc05/ozone-meta/datanode-1/ratis/tmp is not a group directory; ignoring it. 
2024-06-08 17:12:16,931 [main] INFO  replication.ReplicationServer (ReplicationServer.java:<init>(86)) - Initializing replication server with thread count = 10 queue length = 4096
2024-06-08 17:12:16,932 [main] INFO  server.XceiverServerGrpc (XceiverServerGrpc.java:<init>(141)) - GrpcServer channel type EpollServerSocketChannel
2024-06-08 17:12:16,934 [main] INFO  replication.ReplicationSupervisor (ReplicationSupervisor.java:build(157)) - Initializing replication supervisor with thread count = 10
2024-06-08 17:12:16,934 [main] INFO  replication.ReplicationSupervisor (ReplicationSupervisor.java:nodeStateUpdated(312)) - Node state updated to IN_SERVICE, scaling executor pool size to 10
2024-06-08 17:12:16,936 [main] INFO  http.BaseHttpServer (BaseHttpServer.java:newHttpServer2BuilderForOzone(223)) - Starting Web-server for hddsDatanode at: http://0.0.0.0:15062
2024-06-08 17:12:16,936 [main] INFO  http.BaseHttpServer (BaseHttpServer.java:<init>(110)) - Hadoop Security Enabled: false Ozone Security Enabled: false Ozone HTTP Security Enabled: false 
2024-06-08 17:12:16,937 [main] WARN  server.AuthenticationFilter (AuthenticationFilter.java:constructSecretProvider(240)) - Unable to initialize FileSignerSecretProvider, falling back to use random secrets. Reason: Could not read signature secret file: /home/runner/hadoop-http-auth-signature-secret
2024-06-08 17:12:16,937 [main] INFO  http.HttpRequestLog (HttpRequestLog.java:getRequestLog(86)) - Http request log for http.requests.hddsDatanode is not defined
2024-06-08 17:12:16,938 [main] INFO  http.HttpServer2 (HttpServer2.java:addGlobalFilter(1036)) - Added global filter 'safety' (class=org.apache.hadoop.hdds.server.http.HttpServer2$QuotingInputFilter)
2024-06-08 17:12:16,939 [main] INFO  http.HttpServer2 (HttpServer2.java:addFilter(1012)) - Added filter static_user_filter (class=org.apache.hadoop.http.lib.StaticUserWebFilter$StaticUserFilter) to context hddsDatanode
2024-06-08 17:12:16,939 [main] INFO  http.HttpServer2 (HttpServer2.java:addFilter(1020)) - Added filter static_user_filter (class=org.apache.hadoop.http.lib.StaticUserWebFilter$StaticUserFilter) to context logs
2024-06-08 17:12:16,939 [main] INFO  http.HttpServer2 (HttpServer2.java:addFilter(1020)) - Added filter static_user_filter (class=org.apache.hadoop.http.lib.StaticUserWebFilter$StaticUserFilter) to context static
2024-06-08 17:12:16,940 [main] INFO  http.BaseHttpServer (BaseHttpServer.java:<init>(189)) - HTTP server of hddsDatanode uses base directory /home/runner/work/ozone/ozone/hadoop-ozone/integration-test/target/test-dir/MiniOzoneClusterImpl-6b59e386-941c-4981-b753-7806b34dbc05/ozone-meta/datanode-1/meta/webserver
2024-06-08 17:12:16,940 [main] INFO  http.HttpServer2 (HttpServer2.java:bindListener(1236)) - Jetty bound to port 15062
2024-06-08 17:12:16,941 [main] INFO  server.Server (Server.java:doStart(375)) - jetty-9.4.54.v20240208; built: 2024-02-08T19:42:39.027Z; git: cef3fbd6d736a21e7d541a5db490381d95a2047d; jvm 17.0.11+9
2024-06-08 17:12:16,952 [main] INFO  server.session (DefaultSessionIdManager.java:doStart(334)) - DefaultSessionIdManager workerName=node0
2024-06-08 17:12:16,952 [main] INFO  server.session (DefaultSessionIdManager.java:doStart(339)) - No SessionScavenger set, using defaults
2024-06-08 17:12:16,952 [main] INFO  server.session (HouseKeeper.java:startScavenging(132)) - node0 Scavenging every 660000ms
2024-06-08 17:12:16,955 [main] INFO  handler.ContextHandler (ContextHandler.java:doStart(921)) - Started o.e.j.s.ServletContextHandler@66968a15{logs,/logs,file:///home/runner/work/ozone/ozone/hadoop-ozone/integration-test/target/log,AVAILABLE}
2024-06-08 17:12:16,955 [main] INFO  handler.ContextHandler (ContextHandler.java:doStart(921)) - Started o.e.j.s.ServletContextHandler@aae69d3{static,/static,file:///home/runner/work/ozone/ozone/hadoop-hdds/container-service/target/classes/webapps/static,AVAILABLE}
2024-06-08 17:12:16,960 [main] INFO  handler.ContextHandler (ContextHandler.java:doStart(921)) - Started o.e.j.w.WebAppContext@4c5bcc6e{hddsDatanode,/,file:///home/runner/work/ozone/ozone/hadoop-hdds/container-service/target/classes/webapps/hddsDatanode/,AVAILABLE}{file:/home/runner/work/ozone/ozone/hadoop-hdds/container-service/target/classes/webapps/hddsDatanode}
2024-06-08 17:12:16,961 [main] INFO  server.AbstractConnector (AbstractConnector.java:doStart(333)) - Started ServerConnector@7f5a3e41{HTTP/1.1, (http/1.1)}{0.0.0.0:15062}
2024-06-08 17:12:16,961 [main] INFO  server.Server (Server.java:doStart(415)) - Started @52490ms
2024-06-08 17:12:16,961 [main] WARN  impl.MetricsSystemImpl (MetricsSystemImpl.java:register(279)) - Sink prometheus already exists!
2024-06-08 17:12:16,962 [main] INFO  http.BaseHttpServer (BaseHttpServer.java:updateConnectorAddress(354)) - HTTP server of hddsDatanode listening at http://0.0.0.0:15062
2024-06-08 17:12:16,962 [main] INFO  ipc.CallQueueManager (CallQueueManager.java:<init>(90)) - Using callQueue: class java.util.concurrent.LinkedBlockingQueue, queueCapacity: 100, scheduler: class org.apache.hadoop.ipc.DefaultRpcScheduler, ipcBackoff: false.
2024-06-08 17:12:16,962 [main] INFO  ipc.Server (Server.java:<init>(1287)) - Listener at 0.0.0.0:15063
2024-06-08 17:12:16,963 [Socket Reader #1 for port 15063] INFO  ipc.Server (Server.java:run(1323)) - Starting Socket Reader #1 for port 15063
2024-06-08 17:12:16,966 [main] INFO  ozone.HddsDatanodeService (HddsDatanodeService.java:start(327)) - Datanode start with admins: [runner]
2024-06-08 17:12:16,967 [main] INFO  ozone.HddsDatanodeClientProtocolServer (HddsDatanodeClientProtocolServer.java:start(77)) - RPC server for Client /0.0.0.0:15063
2024-06-08 17:12:16,967 [IPC Server Responder] INFO  ipc.Server (Server.java:run(1562)) - IPC Server Responder: starting
2024-06-08 17:12:16,967 [IPC Server listener on 15063] INFO  ipc.Server (Server.java:run(1402)) - IPC Server listener on 15063: starting
2024-06-08 17:12:16,970 [e3b50f59-81fe-4964-a90b-c9e3e207dda8-DatanodeStateMachineDaemonThread] INFO  statemachine.DatanodeStateMachine (DatanodeStateMachine.java:lambda$startDaemon$1(555)) - Ozone container server started.
2024-06-08 17:12:16,970 [main] WARN  dropwizard3.Dm3MetricRegistriesImpl (Dm3MetricRegistriesImpl.java:addReporterRegistration(113)) - New reporters are added after registries were created. Some metrics will be missing from the reporter. Please add reporter before adding any new registry.
2024-06-08 17:12:16,970 [main] WARN  dropwizard3.Dm3MetricRegistriesImpl (Dm3MetricRegistriesImpl.java:addReporterRegistration(113)) - New reporters are added after registries were created. Some metrics will be missing from the reporter. Please add reporter before adding any new registry.
2024-06-08 17:12:16,970 [main] INFO  impl.MetricsSystemImpl (MetricsSystemImpl.java:init(158)) - HddsDatanode metrics system started (again)
2024-06-08 17:12:16,979 [main] INFO  ozone.HddsDatanodeService (HddsDatanodeService.java:start(240)) - HddsDatanodeService host:fv-az1025-916.thvxnveazgierklmxsu4mxd1dg.cx.internal.cloudapp.net ip:10.1.0.12
2024-06-08 17:12:16,981 [e3b50f59-81fe-4964-a90b-c9e3e207dda8-DatanodeStateMachineTaskThread-0] INFO  datanode.InitDatanodeState (InitDatanodeState.java:persistContainerDatanodeDetails(139)) - DatanodeDetails is persisted to /home/runner/work/ozone/ozone/hadoop-ozone/integration-test/target/test-dir/MiniOzoneClusterImpl-6b59e386-941c-4981-b753-7806b34dbc05/ozone-meta/datanode-1/meta/datanode.id
2024-06-08 17:12:16,999 [main] INFO  upgrade.AbstractLayoutVersionManager (AbstractLayoutVersionManager.java:init(83)) - Initializing Layout version manager with metadata layout = HADOOP_PRC_PORTS_IN_DATANODEDETAILS (version = 7), software layout = HADOOP_PRC_PORTS_IN_DATANODEDETAILS (version = 7)
2024-06-08 17:12:17,001 [main] INFO  statemachine.DatanodeStateMachine (DatanodeStateMachine.java:getEndPointTaskThreadPoolSize(299)) - Datanode State Machine Task Thread Pool size 2
2024-06-08 17:12:17,002 [main] INFO  volume.HddsVolume (HddsVolume.java:<init>(126)) - Creating HddsVolume: /home/runner/work/ozone/ozone/hadoop-ozone/integration-test/target/test-dir/MiniOzoneClusterImpl-6b59e386-941c-4981-b753-7806b34dbc05/ozone-meta/datanode-2/data-0/hdds of storage type : DISK capacity : 9222449699674390527
2024-06-08 17:12:17,003 [main] INFO  volume.MutableVolumeSet (MutableVolumeSet.java:initializeVolumeSet(173)) - Added Volume : /home/runner/work/ozone/ozone/hadoop-ozone/integration-test/target/test-dir/MiniOzoneClusterImpl-6b59e386-941c-4981-b753-7806b34dbc05/ozone-meta/datanode-2/data-0/hdds to VolumeSet
2024-06-08 17:12:17,004 [main] INFO  volume.MutableVolumeSet (MutableVolumeSet.java:initializeVolumeSet(173)) - Added Volume : /home/runner/work/ozone/ozone/hadoop-ozone/integration-test/target/test-dir/MiniOzoneClusterImpl-6b59e386-941c-4981-b753-7806b34dbc05/ozone-meta/datanode-2/ratis to VolumeSet
2024-06-08 17:12:17,004 [main] INFO  ozoneimpl.OzoneContainer (HddsVolumeUtil.java:loadAllHddsVolumeDbStore(103)) - Load 1 volumes DbStore cost: 0ms
2024-06-08 17:12:17,006 [main] INFO  server.RaftServer (ConfUtils.java:logGet(46)) - raft.rpc.type = GRPC (default)
2024-06-08 17:12:17,007 [main] INFO  grpc.GrpcConfigKeys (ConfUtils.java:logFallback(53)) - raft.grpc.admin.host = null (fallback to raft.grpc.server.host)
2024-06-08 17:12:17,007 [main] INFO  grpc.GrpcConfigKeys (ConfUtils.java:logGet(46)) - raft.grpc.admin.port = 15075 (custom)
2024-06-08 17:12:17,007 [main] INFO  grpc.GrpcConfigKeys (ConfUtils.java:logFallback(53)) - raft.grpc.client.host = null (fallback to raft.grpc.server.host)
2024-06-08 17:12:17,007 [main] INFO  grpc.GrpcConfigKeys (ConfUtils.java:logGet(46)) - raft.grpc.client.port = 15074 (custom)
2024-06-08 17:12:17,007 [main] INFO  grpc.GrpcConfigKeys (ConfUtils.java:logGet(46)) - raft.grpc.server.host = null (default)
2024-06-08 17:12:17,008 [main] INFO  grpc.GrpcConfigKeys (ConfUtils.java:logGet(46)) - raft.grpc.server.port = 15076 (custom)
2024-06-08 17:12:17,008 [main] INFO  server.GrpcService (ConfUtils.java:logGet(46)) - raft.grpc.message.size.max = 32MB (=33554432) (custom)
2024-06-08 17:12:17,008 [main] INFO  server.RaftServerConfigKeys (ConfUtils.java:logGet(46)) - raft.server.log.appender.buffer.byte-limit = 8388608 (custom)
2024-06-08 17:12:17,008 [main] INFO  server.GrpcService (ConfUtils.java:logGet(46)) - raft.grpc.flow.control.window = 5MB (=5242880) (custom)
2024-06-08 17:12:17,008 [main] INFO  server.RaftServerConfigKeys (ConfUtils.java:logGet(46)) - raft.server.rpc.request.timeout = 3000ms (default)
2024-06-08 17:12:17,008 [main] INFO  grpc.GrpcConfigKeys (ConfUtils.java:logGet(46)) - raft.grpc.server.heartbeat.channel = true (default)
2024-06-08 17:12:17,009 [main] INFO  grpc.GrpcConfigKeys (ConfUtils.java:logGet(46)) - raft.grpc.server.async.request.thread.pool.cached = true (default)
2024-06-08 17:12:17,009 [main] INFO  grpc.GrpcConfigKeys (ConfUtils.java:logGet(46)) - raft.grpc.server.async.request.thread.pool.size = 32 (default)
2024-06-08 17:12:17,011 [main] INFO  impl.DataStreamServerImpl (ConfUtils.java:logGet(46)) - raft.datastream.type = NETTY (custom)
2024-06-08 17:12:17,011 [main] INFO  server.RaftServerConfigKeys (ConfUtils.java:logGet(46)) - raft.server.data-stream.async.request.thread.pool.cached = false (default)
2024-06-08 17:12:17,011 [main] INFO  server.RaftServerConfigKeys (ConfUtils.java:logGet(46)) - raft.server.data-stream.async.request.thread.pool.size = 20 (custom)
2024-06-08 17:12:17,011 [main] INFO  server.RaftServerConfigKeys (ConfUtils.java:logGet(46)) - raft.server.data-stream.async.write.thread.pool.size = 16 (default)
2024-06-08 17:12:17,012 [main] INFO  netty.NettyConfigKeys$DataStream (ConfUtils.java:logGet(46)) - raft.netty.dataStream.server.channel.inactive.grace-period = 10min (default)
2024-06-08 17:12:17,012 [main] INFO  server.RaftServerConfigKeys (ConfUtils.java:logGet(46)) - raft.server.data-stream.client.pool.size = 10 (default)
2024-06-08 17:12:17,012 [main] INFO  netty.NettyConfigKeys$DataStream (ConfUtils.java:logGet(46)) - raft.netty.dataStream.server.use-epoll = true (default)
2024-06-08 17:12:17,012 [main] INFO  netty.NettyConfigKeys$DataStream (ConfUtils.java:logGet(46)) - raft.netty.dataStream.server.boss-group.size = 0 (default)
2024-06-08 17:12:17,012 [main] INFO  netty.NettyUtils (NettyUtils.java:newEventLoopGroup(69)) - Create EpollEventLoopGroup for b8911061-d087-4ec2-bfc4-9091de9e538b-NettyServerStreamRpc-bossGroup; Thread size is 0.
2024-06-08 17:12:17,013 [main] INFO  netty.NettyConfigKeys$DataStream (ConfUtils.java:logGet(46)) - raft.netty.dataStream.server.worker-group.size = 0 (default)
2024-06-08 17:12:17,013 [main] INFO  netty.NettyUtils (NettyUtils.java:newEventLoopGroup(69)) - Create EpollEventLoopGroup for b8911061-d087-4ec2-bfc4-9091de9e538b-NettyServerStreamRpc-workerGroup; Thread size is 0.
2024-06-08 17:12:17,014 [main] INFO  netty.NettyConfigKeys$DataStream (ConfUtils.java:logGet(46)) - raft.netty.dataStream.server.tls.conf = null (default)
2024-06-08 17:12:17,014 [main] INFO  netty.NettyConfigKeys$DataStream (ConfUtils.java:logGet(46)) - raft.netty.dataStream.host = null (default)
2024-06-08 17:12:17,014 [main] INFO  netty.NettyConfigKeys$DataStream (ConfUtils.java:logGet(46)) - raft.netty.dataStream.port = 15077 (custom)
2024-06-08 17:12:17,015 [main] INFO  server.RaftServerConfigKeys (ConfUtils.java:logGet(46)) - raft.server.sleep.deviation.threshold = 300ms (default)
2024-06-08 17:12:17,015 [b8911061-d087-4ec2-bfc4-9091de9e538b-NettyServerStreamRpc-bossGroup--thread1] INFO  logging.LoggingHandler (AbstractInternalLogger.java:log(148)) - [id: 0xf4e2ac3d] REGISTERED
2024-06-08 17:12:17,015 [b8911061-d087-4ec2-bfc4-9091de9e538b-NettyServerStreamRpc-bossGroup--thread1] INFO  logging.LoggingHandler (AbstractInternalLogger.java:log(148)) - [id: 0xf4e2ac3d] BIND: 0.0.0.0/0.0.0.0:15077
2024-06-08 17:12:17,016 [b8911061-d087-4ec2-bfc4-9091de9e538b-NettyServerStreamRpc-bossGroup--thread1] INFO  logging.LoggingHandler (AbstractInternalLogger.java:log(148)) - [id: 0xf4e2ac3d, L:/0.0.0.0:15077] ACTIVE
2024-06-08 17:12:17,015 [main] INFO  server.RaftServerConfigKeys (ConfUtils.java:logGet(46)) - raft.server.close.threshold = 60s (default)
2024-06-08 17:12:17,016 [main] INFO  server.RaftServerConfigKeys (ConfUtils.java:logGet(46)) - raft.server.leaderelection.leader.step-down.wait-time = 10s (default)
2024-06-08 17:12:17,017 [main] INFO  server.RaftServerConfigKeys (ConfUtils.java:logGet(46)) - raft.server.storage.dir = [/home/runner/work/ozone/ozone/hadoop-ozone/integration-test/target/test-dir/MiniOzoneClusterImpl-6b59e386-941c-4981-b753-7806b34dbc05/ozone-meta/datanode-2/ratis] (custom)
2024-06-08 17:12:17,017 [main] INFO  server.RaftServerConfigKeys (ConfUtils.java:logGet(46)) - raft.server.threadpool.proxy.cached = true (default)
2024-06-08 17:12:17,017 [main] INFO  server.RaftServerConfigKeys (ConfUtils.java:logGet(46)) - raft.server.threadpool.proxy.size = 0 (default)
2024-06-08 17:12:17,018 [b8911061-d087-4ec2-bfc4-9091de9e538b-impl-thread1] INFO  server.RaftServer (RaftServerProxy.java:initGroupDir(264)) - b8911061-d087-4ec2-bfc4-9091de9e538b: found a subdirectory /home/runner/work/ozone/ozone/hadoop-ozone/integration-test/target/test-dir/MiniOzoneClusterImpl-6b59e386-941c-4981-b753-7806b34dbc05/ozone-meta/datanode-2/ratis/tmp
2024-06-08 17:12:17,018 [b8911061-d087-4ec2-bfc4-9091de9e538b-impl-thread1] INFO  server.RaftServer (RaftServerProxy.java:initGroupDir(269)) - b8911061-d087-4ec2-bfc4-9091de9e538b: The directory /home/runner/work/ozone/ozone/hadoop-ozone/integration-test/target/test-dir/MiniOzoneClusterImpl-6b59e386-941c-4981-b753-7806b34dbc05/ozone-meta/datanode-2/ratis/tmp is not a group directory; ignoring it. 
2024-06-08 17:12:17,018 [main] INFO  replication.ReplicationServer (ReplicationServer.java:<init>(86)) - Initializing replication server with thread count = 10 queue length = 4096
2024-06-08 17:12:17,019 [main] INFO  server.XceiverServerGrpc (XceiverServerGrpc.java:<init>(141)) - GrpcServer channel type EpollServerSocketChannel
2024-06-08 17:12:17,021 [main] INFO  replication.ReplicationSupervisor (ReplicationSupervisor.java:build(157)) - Initializing replication supervisor with thread count = 10
2024-06-08 17:12:17,022 [main] INFO  replication.ReplicationSupervisor (ReplicationSupervisor.java:nodeStateUpdated(312)) - Node state updated to IN_SERVICE, scaling executor pool size to 10
2024-06-08 17:12:17,024 [main] INFO  http.BaseHttpServer (BaseHttpServer.java:newHttpServer2BuilderForOzone(223)) - Starting Web-server for hddsDatanode at: http://0.0.0.0:15071
2024-06-08 17:12:17,024 [main] INFO  http.BaseHttpServer (BaseHttpServer.java:<init>(110)) - Hadoop Security Enabled: false Ozone Security Enabled: false Ozone HTTP Security Enabled: false 
2024-06-08 17:12:17,026 [main] WARN  server.AuthenticationFilter (AuthenticationFilter.java:constructSecretProvider(240)) - Unable to initialize FileSignerSecretProvider, falling back to use random secrets. Reason: Could not read signature secret file: /home/runner/hadoop-http-auth-signature-secret
2024-06-08 17:12:17,026 [main] INFO  http.HttpRequestLog (HttpRequestLog.java:getRequestLog(86)) - Http request log for http.requests.hddsDatanode is not defined
2024-06-08 17:12:17,028 [main] INFO  http.HttpServer2 (HttpServer2.java:addGlobalFilter(1036)) - Added global filter 'safety' (class=org.apache.hadoop.hdds.server.http.HttpServer2$QuotingInputFilter)
2024-06-08 17:12:17,029 [main] INFO  http.HttpServer2 (HttpServer2.java:addFilter(1012)) - Added filter static_user_filter (class=org.apache.hadoop.http.lib.StaticUserWebFilter$StaticUserFilter) to context hddsDatanode
2024-06-08 17:12:17,029 [main] INFO  http.HttpServer2 (HttpServer2.java:addFilter(1020)) - Added filter static_user_filter (class=org.apache.hadoop.http.lib.StaticUserWebFilter$StaticUserFilter) to context logs
2024-06-08 17:12:17,029 [main] INFO  http.HttpServer2 (HttpServer2.java:addFilter(1020)) - Added filter static_user_filter (class=org.apache.hadoop.http.lib.StaticUserWebFilter$StaticUserFilter) to context static
2024-06-08 17:12:17,030 [main] INFO  http.BaseHttpServer (BaseHttpServer.java:<init>(189)) - HTTP server of hddsDatanode uses base directory /home/runner/work/ozone/ozone/hadoop-ozone/integration-test/target/test-dir/MiniOzoneClusterImpl-6b59e386-941c-4981-b753-7806b34dbc05/ozone-meta/datanode-2/meta/webserver
2024-06-08 17:12:17,030 [main] INFO  http.HttpServer2 (HttpServer2.java:bindListener(1236)) - Jetty bound to port 15071
2024-06-08 17:12:17,031 [main] INFO  server.Server (Server.java:doStart(375)) - jetty-9.4.54.v20240208; built: 2024-02-08T19:42:39.027Z; git: cef3fbd6d736a21e7d541a5db490381d95a2047d; jvm 17.0.11+9
2024-06-08 17:12:17,033 [main] INFO  server.session (DefaultSessionIdManager.java:doStart(334)) - DefaultSessionIdManager workerName=node0
2024-06-08 17:12:17,033 [main] INFO  server.session (DefaultSessionIdManager.java:doStart(339)) - No SessionScavenger set, using defaults
2024-06-08 17:12:17,034 [main] INFO  server.session (HouseKeeper.java:startScavenging(132)) - node0 Scavenging every 600000ms
2024-06-08 17:12:17,034 [main] INFO  handler.ContextHandler (ContextHandler.java:doStart(921)) - Started o.e.j.s.ServletContextHandler@69b96cd{logs,/logs,file:///home/runner/work/ozone/ozone/hadoop-ozone/integration-test/target/log,AVAILABLE}
2024-06-08 17:12:17,035 [main] INFO  handler.ContextHandler (ContextHandler.java:doStart(921)) - Started o.e.j.s.ServletContextHandler@5b4f77e1{static,/static,file:///home/runner/work/ozone/ozone/hadoop-hdds/container-service/target/classes/webapps/static,AVAILABLE}
2024-06-08 17:12:17,038 [main] INFO  handler.ContextHandler (ContextHandler.java:doStart(921)) - Started o.e.j.w.WebAppContext@17aadd1c{hddsDatanode,/,file:///home/runner/work/ozone/ozone/hadoop-hdds/container-service/target/classes/webapps/hddsDatanode/,AVAILABLE}{file:/home/runner/work/ozone/ozone/hadoop-hdds/container-service/target/classes/webapps/hddsDatanode}
2024-06-08 17:12:17,039 [main] INFO  server.AbstractConnector (AbstractConnector.java:doStart(333)) - Started ServerConnector@5cf24f99{HTTP/1.1, (http/1.1)}{0.0.0.0:15071}
2024-06-08 17:12:17,039 [main] INFO  server.Server (Server.java:doStart(415)) - Started @52568ms
2024-06-08 17:12:17,040 [main] WARN  impl.MetricsSystemImpl (MetricsSystemImpl.java:register(279)) - Sink prometheus already exists!
2024-06-08 17:12:17,040 [main] INFO  http.BaseHttpServer (BaseHttpServer.java:updateConnectorAddress(354)) - HTTP server of hddsDatanode listening at http://0.0.0.0:15071
2024-06-08 17:12:17,040 [main] INFO  ipc.CallQueueManager (CallQueueManager.java:<init>(90)) - Using callQueue: class java.util.concurrent.LinkedBlockingQueue, queueCapacity: 100, scheduler: class org.apache.hadoop.ipc.DefaultRpcScheduler, ipcBackoff: false.
2024-06-08 17:12:17,040 [main] INFO  ipc.Server (Server.java:<init>(1287)) - Listener at 0.0.0.0:15072
2024-06-08 17:12:17,041 [Socket Reader #1 for port 15072] INFO  ipc.Server (Server.java:run(1323)) - Starting Socket Reader #1 for port 15072
2024-06-08 17:12:17,042 [main] INFO  ozone.HddsDatanodeService (HddsDatanodeService.java:start(327)) - Datanode start with admins: [runner]
2024-06-08 17:12:17,042 [main] INFO  ozone.HddsDatanodeClientProtocolServer (HddsDatanodeClientProtocolServer.java:start(77)) - RPC server for Client /0.0.0.0:15072
2024-06-08 17:12:17,042 [IPC Server listener on 15072] INFO  ipc.Server (Server.java:run(1402)) - IPC Server listener on 15072: starting
2024-06-08 17:12:17,043 [b8911061-d087-4ec2-bfc4-9091de9e538b-DatanodeStateMachineDaemonThread] INFO  statemachine.DatanodeStateMachine (DatanodeStateMachine.java:lambda$startDaemon$1(555)) - Ozone container server started.
2024-06-08 17:12:17,043 [IPC Server Responder] INFO  ipc.Server (Server.java:run(1562)) - IPC Server Responder: starting
2024-06-08 17:12:17,043 [main] WARN  dropwizard3.Dm3MetricRegistriesImpl (Dm3MetricRegistriesImpl.java:addReporterRegistration(113)) - New reporters are added after registries were created. Some metrics will be missing from the reporter. Please add reporter before adding any new registry.
2024-06-08 17:12:17,043 [main] WARN  dropwizard3.Dm3MetricRegistriesImpl (Dm3MetricRegistriesImpl.java:addReporterRegistration(113)) - New reporters are added after registries were created. Some metrics will be missing from the reporter. Please add reporter before adding any new registry.
2024-06-08 17:12:17,043 [main] INFO  impl.MetricsSystemImpl (MetricsSystemImpl.java:init(158)) - HddsDatanode metrics system started (again)
2024-06-08 17:12:17,056 [b8911061-d087-4ec2-bfc4-9091de9e538b-DatanodeStateMachineTaskThread-0] INFO  datanode.InitDatanodeState (InitDatanodeState.java:persistContainerDatanodeDetails(139)) - DatanodeDetails is persisted to /home/runner/work/ozone/ozone/hadoop-ozone/integration-test/target/test-dir/MiniOzoneClusterImpl-6b59e386-941c-4981-b753-7806b34dbc05/ozone-meta/datanode-2/meta/datanode.id
2024-06-08 17:12:17,058 [main] INFO  ozone.HddsDatanodeService (HddsDatanodeService.java:start(240)) - HddsDatanodeService host:fv-az1025-916.thvxnveazgierklmxsu4mxd1dg.cx.internal.cloudapp.net ip:10.1.0.12
2024-06-08 17:12:17,073 [main] INFO  upgrade.AbstractLayoutVersionManager (AbstractLayoutVersionManager.java:init(83)) - Initializing Layout version manager with metadata layout = HADOOP_PRC_PORTS_IN_DATANODEDETAILS (version = 7), software layout = HADOOP_PRC_PORTS_IN_DATANODEDETAILS (version = 7)
2024-06-08 17:12:17,073 [main] INFO  statemachine.DatanodeStateMachine (DatanodeStateMachine.java:getEndPointTaskThreadPoolSize(299)) - Datanode State Machine Task Thread Pool size 2
2024-06-08 17:12:17,075 [main] INFO  volume.HddsVolume (HddsVolume.java:<init>(126)) - Creating HddsVolume: /home/runner/work/ozone/ozone/hadoop-ozone/integration-test/target/test-dir/MiniOzoneClusterImpl-6b59e386-941c-4981-b753-7806b34dbc05/ozone-meta/datanode-3/data-0/hdds of storage type : DISK capacity : 9222449699674390527
2024-06-08 17:12:17,075 [main] INFO  volume.MutableVolumeSet (MutableVolumeSet.java:initializeVolumeSet(173)) - Added Volume : /home/runner/work/ozone/ozone/hadoop-ozone/integration-test/target/test-dir/MiniOzoneClusterImpl-6b59e386-941c-4981-b753-7806b34dbc05/ozone-meta/datanode-3/data-0/hdds to VolumeSet
2024-06-08 17:12:17,076 [main] INFO  volume.MutableVolumeSet (MutableVolumeSet.java:initializeVolumeSet(173)) - Added Volume : /home/runner/work/ozone/ozone/hadoop-ozone/integration-test/target/test-dir/MiniOzoneClusterImpl-6b59e386-941c-4981-b753-7806b34dbc05/ozone-meta/datanode-3/ratis to VolumeSet
2024-06-08 17:12:17,076 [main] INFO  ozoneimpl.OzoneContainer (HddsVolumeUtil.java:loadAllHddsVolumeDbStore(103)) - Load 1 volumes DbStore cost: 0ms
2024-06-08 17:12:17,078 [main] INFO  server.RaftServer (ConfUtils.java:logGet(46)) - raft.rpc.type = GRPC (default)
2024-06-08 17:12:17,078 [main] INFO  grpc.GrpcConfigKeys (ConfUtils.java:logFallback(53)) - raft.grpc.admin.host = null (fallback to raft.grpc.server.host)
2024-06-08 17:12:17,079 [main] INFO  grpc.GrpcConfigKeys (ConfUtils.java:logGet(46)) - raft.grpc.admin.port = 15084 (custom)
2024-06-08 17:12:17,079 [main] INFO  grpc.GrpcConfigKeys (ConfUtils.java:logFallback(53)) - raft.grpc.client.host = null (fallback to raft.grpc.server.host)
2024-06-08 17:12:17,079 [main] INFO  grpc.GrpcConfigKeys (ConfUtils.java:logGet(46)) - raft.grpc.client.port = 15083 (custom)
2024-06-08 17:12:17,079 [main] INFO  grpc.GrpcConfigKeys (ConfUtils.java:logGet(46)) - raft.grpc.server.host = null (default)
2024-06-08 17:12:17,079 [main] INFO  grpc.GrpcConfigKeys (ConfUtils.java:logGet(46)) - raft.grpc.server.port = 15085 (custom)
2024-06-08 17:12:17,079 [main] INFO  server.GrpcService (ConfUtils.java:logGet(46)) - raft.grpc.message.size.max = 32MB (=33554432) (custom)
2024-06-08 17:12:17,079 [main] INFO  server.RaftServerConfigKeys (ConfUtils.java:logGet(46)) - raft.server.log.appender.buffer.byte-limit = 8388608 (custom)
2024-06-08 17:12:17,079 [main] INFO  server.GrpcService (ConfUtils.java:logGet(46)) - raft.grpc.flow.control.window = 5MB (=5242880) (custom)
2024-06-08 17:12:17,079 [main] INFO  server.RaftServerConfigKeys (ConfUtils.java:logGet(46)) - raft.server.rpc.request.timeout = 3000ms (default)
2024-06-08 17:12:17,079 [main] INFO  grpc.GrpcConfigKeys (ConfUtils.java:logGet(46)) - raft.grpc.server.heartbeat.channel = true (default)
2024-06-08 17:12:17,080 [main] INFO  grpc.GrpcConfigKeys (ConfUtils.java:logGet(46)) - raft.grpc.server.async.request.thread.pool.cached = true (default)
2024-06-08 17:12:17,080 [main] INFO  grpc.GrpcConfigKeys (ConfUtils.java:logGet(46)) - raft.grpc.server.async.request.thread.pool.size = 32 (default)
2024-06-08 17:12:17,081 [main] INFO  impl.DataStreamServerImpl (ConfUtils.java:logGet(46)) - raft.datastream.type = NETTY (custom)
2024-06-08 17:12:17,081 [main] INFO  server.RaftServerConfigKeys (ConfUtils.java:logGet(46)) - raft.server.data-stream.async.request.thread.pool.cached = false (default)
2024-06-08 17:12:17,082 [main] INFO  server.RaftServerConfigKeys (ConfUtils.java:logGet(46)) - raft.server.data-stream.async.request.thread.pool.size = 20 (custom)
2024-06-08 17:12:17,082 [main] INFO  server.RaftServerConfigKeys (ConfUtils.java:logGet(46)) - raft.server.data-stream.async.write.thread.pool.size = 16 (default)
2024-06-08 17:12:17,082 [main] INFO  netty.NettyConfigKeys$DataStream (ConfUtils.java:logGet(46)) - raft.netty.dataStream.server.channel.inactive.grace-period = 10min (default)
2024-06-08 17:12:17,082 [main] INFO  server.RaftServerConfigKeys (ConfUtils.java:logGet(46)) - raft.server.data-stream.client.pool.size = 10 (default)
2024-06-08 17:12:17,082 [main] INFO  netty.NettyConfigKeys$DataStream (ConfUtils.java:logGet(46)) - raft.netty.dataStream.server.use-epoll = true (default)
2024-06-08 17:12:17,082 [main] INFO  netty.NettyConfigKeys$DataStream (ConfUtils.java:logGet(46)) - raft.netty.dataStream.server.boss-group.size = 0 (default)
2024-06-08 17:12:17,082 [main] INFO  netty.NettyUtils (NettyUtils.java:newEventLoopGroup(69)) - Create EpollEventLoopGroup for b58efb8a-bcce-4b5c-ba4f-ff0c627932bf-NettyServerStreamRpc-bossGroup; Thread size is 0.
2024-06-08 17:12:17,083 [main] INFO  netty.NettyConfigKeys$DataStream (ConfUtils.java:logGet(46)) - raft.netty.dataStream.server.worker-group.size = 0 (default)
2024-06-08 17:12:17,083 [main] INFO  netty.NettyUtils (NettyUtils.java:newEventLoopGroup(69)) - Create EpollEventLoopGroup for b58efb8a-bcce-4b5c-ba4f-ff0c627932bf-NettyServerStreamRpc-workerGroup; Thread size is 0.
2024-06-08 17:12:17,083 [main] INFO  netty.NettyConfigKeys$DataStream (ConfUtils.java:logGet(46)) - raft.netty.dataStream.server.tls.conf = null (default)
2024-06-08 17:12:17,083 [main] INFO  netty.NettyConfigKeys$DataStream (ConfUtils.java:logGet(46)) - raft.netty.dataStream.host = null (default)
2024-06-08 17:12:17,083 [main] INFO  netty.NettyConfigKeys$DataStream (ConfUtils.java:logGet(46)) - raft.netty.dataStream.port = 15086 (custom)
2024-06-08 17:12:17,084 [main] INFO  server.RaftServerConfigKeys (ConfUtils.java:logGet(46)) - raft.server.sleep.deviation.threshold = 300ms (default)
2024-06-08 17:12:17,084 [main] INFO  server.RaftServerConfigKeys (ConfUtils.java:logGet(46)) - raft.server.close.threshold = 60s (default)
2024-06-08 17:12:17,084 [main] INFO  server.RaftServerConfigKeys (ConfUtils.java:logGet(46)) - raft.server.leaderelection.leader.step-down.wait-time = 10s (default)
2024-06-08 17:12:17,084 [b58efb8a-bcce-4b5c-ba4f-ff0c627932bf-NettyServerStreamRpc-bossGroup--thread1] INFO  logging.LoggingHandler (AbstractInternalLogger.java:log(148)) - [id: 0x7963c151] REGISTERED
2024-06-08 17:12:17,084 [main] INFO  server.RaftServerConfigKeys (ConfUtils.java:logGet(46)) - raft.server.storage.dir = [/home/runner/work/ozone/ozone/hadoop-ozone/integration-test/target/test-dir/MiniOzoneClusterImpl-6b59e386-941c-4981-b753-7806b34dbc05/ozone-meta/datanode-3/ratis] (custom)
2024-06-08 17:12:17,084 [main] INFO  server.RaftServerConfigKeys (ConfUtils.java:logGet(46)) - raft.server.threadpool.proxy.cached = true (default)
2024-06-08 17:12:17,085 [main] INFO  server.RaftServerConfigKeys (ConfUtils.java:logGet(46)) - raft.server.threadpool.proxy.size = 0 (default)
2024-06-08 17:12:17,084 [b58efb8a-bcce-4b5c-ba4f-ff0c627932bf-NettyServerStreamRpc-bossGroup--thread1] INFO  logging.LoggingHandler (AbstractInternalLogger.java:log(148)) - [id: 0x7963c151] BIND: 0.0.0.0/0.0.0.0:15086
2024-06-08 17:12:17,085 [b58efb8a-bcce-4b5c-ba4f-ff0c627932bf-NettyServerStreamRpc-bossGroup--thread1] INFO  logging.LoggingHandler (AbstractInternalLogger.java:log(148)) - [id: 0x7963c151, L:/0.0.0.0:15086] ACTIVE
2024-06-08 17:12:17,085 [b58efb8a-bcce-4b5c-ba4f-ff0c627932bf-impl-thread1] INFO  server.RaftServer (RaftServerProxy.java:initGroupDir(264)) - b58efb8a-bcce-4b5c-ba4f-ff0c627932bf: found a subdirectory /home/runner/work/ozone/ozone/hadoop-ozone/integration-test/target/test-dir/MiniOzoneClusterImpl-6b59e386-941c-4981-b753-7806b34dbc05/ozone-meta/datanode-3/ratis/tmp
2024-06-08 17:12:17,085 [b58efb8a-bcce-4b5c-ba4f-ff0c627932bf-impl-thread1] INFO  server.RaftServer (RaftServerProxy.java:initGroupDir(269)) - b58efb8a-bcce-4b5c-ba4f-ff0c627932bf: The directory /home/runner/work/ozone/ozone/hadoop-ozone/integration-test/target/test-dir/MiniOzoneClusterImpl-6b59e386-941c-4981-b753-7806b34dbc05/ozone-meta/datanode-3/ratis/tmp is not a group directory; ignoring it. 
2024-06-08 17:12:17,085 [main] INFO  replication.ReplicationServer (ReplicationServer.java:<init>(86)) - Initializing replication server with thread count = 10 queue length = 4096
2024-06-08 17:12:17,086 [main] INFO  server.XceiverServerGrpc (XceiverServerGrpc.java:<init>(141)) - GrpcServer channel type EpollServerSocketChannel
2024-06-08 17:12:17,088 [main] INFO  replication.ReplicationSupervisor (ReplicationSupervisor.java:build(157)) - Initializing replication supervisor with thread count = 10
2024-06-08 17:12:17,088 [main] INFO  replication.ReplicationSupervisor (ReplicationSupervisor.java:nodeStateUpdated(312)) - Node state updated to IN_SERVICE, scaling executor pool size to 10
2024-06-08 17:12:17,090 [main] INFO  http.BaseHttpServer (BaseHttpServer.java:newHttpServer2BuilderForOzone(223)) - Starting Web-server for hddsDatanode at: http://0.0.0.0:15080
2024-06-08 17:12:17,090 [main] INFO  http.BaseHttpServer (BaseHttpServer.java:<init>(110)) - Hadoop Security Enabled: false Ozone Security Enabled: false Ozone HTTP Security Enabled: false 
2024-06-08 17:12:17,091 [main] WARN  server.AuthenticationFilter (AuthenticationFilter.java:constructSecretProvider(240)) - Unable to initialize FileSignerSecretProvider, falling back to use random secrets. Reason: Could not read signature secret file: /home/runner/hadoop-http-auth-signature-secret
2024-06-08 17:12:17,095 [main] INFO  http.HttpRequestLog (HttpRequestLog.java:getRequestLog(86)) - Http request log for http.requests.hddsDatanode is not defined
2024-06-08 17:12:17,097 [main] INFO  http.HttpServer2 (HttpServer2.java:addGlobalFilter(1036)) - Added global filter 'safety' (class=org.apache.hadoop.hdds.server.http.HttpServer2$QuotingInputFilter)
2024-06-08 17:12:17,097 [main] INFO  http.HttpServer2 (HttpServer2.java:addFilter(1012)) - Added filter static_user_filter (class=org.apache.hadoop.http.lib.StaticUserWebFilter$StaticUserFilter) to context hddsDatanode
2024-06-08 17:12:17,097 [main] INFO  http.HttpServer2 (HttpServer2.java:addFilter(1020)) - Added filter static_user_filter (class=org.apache.hadoop.http.lib.StaticUserWebFilter$StaticUserFilter) to context static
2024-06-08 17:12:17,098 [main] INFO  http.HttpServer2 (HttpServer2.java:addFilter(1020)) - Added filter static_user_filter (class=org.apache.hadoop.http.lib.StaticUserWebFilter$StaticUserFilter) to context logs
2024-06-08 17:12:17,098 [main] INFO  http.BaseHttpServer (BaseHttpServer.java:<init>(189)) - HTTP server of hddsDatanode uses base directory /home/runner/work/ozone/ozone/hadoop-ozone/integration-test/target/test-dir/MiniOzoneClusterImpl-6b59e386-941c-4981-b753-7806b34dbc05/ozone-meta/datanode-3/meta/webserver
2024-06-08 17:12:17,098 [main] INFO  http.HttpServer2 (HttpServer2.java:bindListener(1236)) - Jetty bound to port 15080
2024-06-08 17:12:17,099 [main] INFO  server.Server (Server.java:doStart(375)) - jetty-9.4.54.v20240208; built: 2024-02-08T19:42:39.027Z; git: cef3fbd6d736a21e7d541a5db490381d95a2047d; jvm 17.0.11+9
2024-06-08 17:12:17,100 [main] INFO  server.session (DefaultSessionIdManager.java:doStart(334)) - DefaultSessionIdManager workerName=node0
2024-06-08 17:12:17,100 [main] INFO  server.session (DefaultSessionIdManager.java:doStart(339)) - No SessionScavenger set, using defaults
2024-06-08 17:12:17,100 [main] INFO  server.session (HouseKeeper.java:startScavenging(132)) - node0 Scavenging every 660000ms
2024-06-08 17:12:17,103 [main] INFO  handler.ContextHandler (ContextHandler.java:doStart(921)) - Started o.e.j.s.ServletContextHandler@2300d6fd{logs,/logs,file:///home/runner/work/ozone/ozone/hadoop-ozone/integration-test/target/log,AVAILABLE}
2024-06-08 17:12:17,103 [main] INFO  handler.ContextHandler (ContextHandler.java:doStart(921)) - Started o.e.j.s.ServletContextHandler@3b4d78a4{static,/static,file:///home/runner/work/ozone/ozone/hadoop-hdds/container-service/target/classes/webapps/static,AVAILABLE}
2024-06-08 17:12:17,108 [main] INFO  handler.ContextHandler (ContextHandler.java:doStart(921)) - Started o.e.j.w.WebAppContext@13e4acf6{hddsDatanode,/,file:///home/runner/work/ozone/ozone/hadoop-hdds/container-service/target/classes/webapps/hddsDatanode/,AVAILABLE}{file:/home/runner/work/ozone/ozone/hadoop-hdds/container-service/target/classes/webapps/hddsDatanode}
2024-06-08 17:12:17,109 [main] INFO  server.AbstractConnector (AbstractConnector.java:doStart(333)) - Started ServerConnector@49ed96e3{HTTP/1.1, (http/1.1)}{0.0.0.0:15080}
2024-06-08 17:12:17,109 [main] INFO  server.Server (Server.java:doStart(415)) - Started @52638ms
2024-06-08 17:12:17,109 [main] WARN  impl.MetricsSystemImpl (MetricsSystemImpl.java:register(279)) - Sink prometheus already exists!
2024-06-08 17:12:17,110 [main] INFO  http.BaseHttpServer (BaseHttpServer.java:updateConnectorAddress(354)) - HTTP server of hddsDatanode listening at http://0.0.0.0:15080
2024-06-08 17:12:17,111 [main] INFO  ipc.CallQueueManager (CallQueueManager.java:<init>(90)) - Using callQueue: class java.util.concurrent.LinkedBlockingQueue, queueCapacity: 100, scheduler: class org.apache.hadoop.ipc.DefaultRpcScheduler, ipcBackoff: false.
2024-06-08 17:12:17,111 [main] INFO  ipc.Server (Server.java:<init>(1287)) - Listener at 0.0.0.0:15081
2024-06-08 17:12:17,113 [Socket Reader #1 for port 15081] INFO  ipc.Server (Server.java:run(1323)) - Starting Socket Reader #1 for port 15081
2024-06-08 17:12:17,115 [main] INFO  ozone.HddsDatanodeService (HddsDatanodeService.java:start(327)) - Datanode start with admins: [runner]
2024-06-08 17:12:17,115 [main] INFO  ozone.HddsDatanodeClientProtocolServer (HddsDatanodeClientProtocolServer.java:start(77)) - RPC server for Client /0.0.0.0:15081
2024-06-08 17:12:17,115 [IPC Server Responder] INFO  ipc.Server (Server.java:run(1562)) - IPC Server Responder: starting
2024-06-08 17:12:17,115 [IPC Server listener on 15081] INFO  ipc.Server (Server.java:run(1402)) - IPC Server listener on 15081: starting
2024-06-08 17:12:17,115 [b58efb8a-bcce-4b5c-ba4f-ff0c627932bf-DatanodeStateMachineDaemonThread] INFO  statemachine.DatanodeStateMachine (DatanodeStateMachine.java:lambda$startDaemon$1(555)) - Ozone container server started.
2024-06-08 17:12:17,115 [main] WARN  dropwizard3.Dm3MetricRegistriesImpl (Dm3MetricRegistriesImpl.java:addReporterRegistration(113)) - New reporters are added after registries were created. Some metrics will be missing from the reporter. Please add reporter before adding any new registry.
2024-06-08 17:12:17,116 [main] WARN  dropwizard3.Dm3MetricRegistriesImpl (Dm3MetricRegistriesImpl.java:addReporterRegistration(113)) - New reporters are added after registries were created. Some metrics will be missing from the reporter. Please add reporter before adding any new registry.
2024-06-08 17:12:17,116 [main] INFO  impl.MetricsSystemImpl (MetricsSystemImpl.java:init(158)) - HddsDatanode metrics system started (again)
2024-06-08 17:12:17,118 [b58efb8a-bcce-4b5c-ba4f-ff0c627932bf-DatanodeStateMachineTaskThread-0] INFO  datanode.InitDatanodeState (InitDatanodeState.java:persistContainerDatanodeDetails(139)) - DatanodeDetails is persisted to /home/runner/work/ozone/ozone/hadoop-ozone/integration-test/target/test-dir/MiniOzoneClusterImpl-6b59e386-941c-4981-b753-7806b34dbc05/ozone-meta/datanode-3/meta/datanode.id
2024-06-08 17:12:17,129 [main] INFO  ozone.HddsDatanodeService (HddsDatanodeService.java:start(240)) - HddsDatanodeService host:fv-az1025-916.thvxnveazgierklmxsu4mxd1dg.cx.internal.cloudapp.net ip:10.1.0.12
2024-06-08 17:12:17,145 [main] INFO  upgrade.AbstractLayoutVersionManager (AbstractLayoutVersionManager.java:init(83)) - Initializing Layout version manager with metadata layout = HADOOP_PRC_PORTS_IN_DATANODEDETAILS (version = 7), software layout = HADOOP_PRC_PORTS_IN_DATANODEDETAILS (version = 7)
2024-06-08 17:12:17,145 [main] INFO  statemachine.DatanodeStateMachine (DatanodeStateMachine.java:getEndPointTaskThreadPoolSize(299)) - Datanode State Machine Task Thread Pool size 2
2024-06-08 17:12:17,147 [main] INFO  volume.HddsVolume (HddsVolume.java:<init>(126)) - Creating HddsVolume: /home/runner/work/ozone/ozone/hadoop-ozone/integration-test/target/test-dir/MiniOzoneClusterImpl-6b59e386-941c-4981-b753-7806b34dbc05/ozone-meta/datanode-4/data-0/hdds of storage type : DISK capacity : 9222449699674390527
2024-06-08 17:12:17,147 [main] INFO  volume.MutableVolumeSet (MutableVolumeSet.java:initializeVolumeSet(173)) - Added Volume : /home/runner/work/ozone/ozone/hadoop-ozone/integration-test/target/test-dir/MiniOzoneClusterImpl-6b59e386-941c-4981-b753-7806b34dbc05/ozone-meta/datanode-4/data-0/hdds to VolumeSet
2024-06-08 17:12:17,148 [main] INFO  volume.MutableVolumeSet (MutableVolumeSet.java:initializeVolumeSet(173)) - Added Volume : /home/runner/work/ozone/ozone/hadoop-ozone/integration-test/target/test-dir/MiniOzoneClusterImpl-6b59e386-941c-4981-b753-7806b34dbc05/ozone-meta/datanode-4/ratis to VolumeSet
2024-06-08 17:12:17,149 [main] INFO  ozoneimpl.OzoneContainer (HddsVolumeUtil.java:loadAllHddsVolumeDbStore(103)) - Load 1 volumes DbStore cost: 1ms
2024-06-08 17:12:17,151 [main] INFO  server.RaftServer (ConfUtils.java:logGet(46)) - raft.rpc.type = GRPC (default)
2024-06-08 17:12:17,151 [main] INFO  grpc.GrpcConfigKeys (ConfUtils.java:logFallback(53)) - raft.grpc.admin.host = null (fallback to raft.grpc.server.host)
2024-06-08 17:12:17,152 [main] INFO  grpc.GrpcConfigKeys (ConfUtils.java:logGet(46)) - raft.grpc.admin.port = 15093 (custom)
2024-06-08 17:12:17,152 [main] INFO  grpc.GrpcConfigKeys (ConfUtils.java:logFallback(53)) - raft.grpc.client.host = null (fallback to raft.grpc.server.host)
2024-06-08 17:12:17,152 [main] INFO  grpc.GrpcConfigKeys (ConfUtils.java:logGet(46)) - raft.grpc.client.port = 15092 (custom)
2024-06-08 17:12:17,152 [main] INFO  grpc.GrpcConfigKeys (ConfUtils.java:logGet(46)) - raft.grpc.server.host = null (default)
2024-06-08 17:12:17,152 [main] INFO  grpc.GrpcConfigKeys (ConfUtils.java:logGet(46)) - raft.grpc.server.port = 15094 (custom)
2024-06-08 17:12:17,152 [main] INFO  server.GrpcService (ConfUtils.java:logGet(46)) - raft.grpc.message.size.max = 32MB (=33554432) (custom)
2024-06-08 17:12:17,152 [main] INFO  server.RaftServerConfigKeys (ConfUtils.java:logGet(46)) - raft.server.log.appender.buffer.byte-limit = 8388608 (custom)
2024-06-08 17:12:17,152 [main] INFO  server.GrpcService (ConfUtils.java:logGet(46)) - raft.grpc.flow.control.window = 5MB (=5242880) (custom)
2024-06-08 17:12:17,153 [main] INFO  server.RaftServerConfigKeys (ConfUtils.java:logGet(46)) - raft.server.rpc.request.timeout = 3000ms (default)
2024-06-08 17:12:17,153 [main] INFO  grpc.GrpcConfigKeys (ConfUtils.java:logGet(46)) - raft.grpc.server.heartbeat.channel = true (default)
2024-06-08 17:12:17,153 [main] INFO  grpc.GrpcConfigKeys (ConfUtils.java:logGet(46)) - raft.grpc.server.async.request.thread.pool.cached = true (default)
2024-06-08 17:12:17,153 [main] INFO  grpc.GrpcConfigKeys (ConfUtils.java:logGet(46)) - raft.grpc.server.async.request.thread.pool.size = 32 (default)
2024-06-08 17:12:17,155 [main] INFO  impl.DataStreamServerImpl (ConfUtils.java:logGet(46)) - raft.datastream.type = NETTY (custom)
2024-06-08 17:12:17,155 [main] INFO  server.RaftServerConfigKeys (ConfUtils.java:logGet(46)) - raft.server.data-stream.async.request.thread.pool.cached = false (default)
2024-06-08 17:12:17,155 [main] INFO  server.RaftServerConfigKeys (ConfUtils.java:logGet(46)) - raft.server.data-stream.async.request.thread.pool.size = 20 (custom)
2024-06-08 17:12:17,155 [main] INFO  server.RaftServerConfigKeys (ConfUtils.java:logGet(46)) - raft.server.data-stream.async.write.thread.pool.size = 16 (default)
2024-06-08 17:12:17,155 [main] INFO  netty.NettyConfigKeys$DataStream (ConfUtils.java:logGet(46)) - raft.netty.dataStream.server.channel.inactive.grace-period = 10min (default)
2024-06-08 17:12:17,155 [main] INFO  server.RaftServerConfigKeys (ConfUtils.java:logGet(46)) - raft.server.data-stream.client.pool.size = 10 (default)
2024-06-08 17:12:17,156 [main] INFO  netty.NettyConfigKeys$DataStream (ConfUtils.java:logGet(46)) - raft.netty.dataStream.server.use-epoll = true (default)
2024-06-08 17:12:17,156 [main] INFO  netty.NettyConfigKeys$DataStream (ConfUtils.java:logGet(46)) - raft.netty.dataStream.server.boss-group.size = 0 (default)
2024-06-08 17:12:17,156 [main] INFO  netty.NettyUtils (NettyUtils.java:newEventLoopGroup(69)) - Create EpollEventLoopGroup for 5b9ea29f-4e96-47ac-97d6-33d0cc39064b-NettyServerStreamRpc-bossGroup; Thread size is 0.
2024-06-08 17:12:17,156 [main] INFO  netty.NettyConfigKeys$DataStream (ConfUtils.java:logGet(46)) - raft.netty.dataStream.server.worker-group.size = 0 (default)
2024-06-08 17:12:17,156 [main] INFO  netty.NettyUtils (NettyUtils.java:newEventLoopGroup(69)) - Create EpollEventLoopGroup for 5b9ea29f-4e96-47ac-97d6-33d0cc39064b-NettyServerStreamRpc-workerGroup; Thread size is 0.
2024-06-08 17:12:17,157 [main] INFO  netty.NettyConfigKeys$DataStream (ConfUtils.java:logGet(46)) - raft.netty.dataStream.server.tls.conf = null (default)
2024-06-08 17:12:17,157 [main] INFO  netty.NettyConfigKeys$DataStream (ConfUtils.java:logGet(46)) - raft.netty.dataStream.host = null (default)
2024-06-08 17:12:17,157 [main] INFO  netty.NettyConfigKeys$DataStream (ConfUtils.java:logGet(46)) - raft.netty.dataStream.port = 15095 (custom)
2024-06-08 17:12:17,158 [main] INFO  server.RaftServerConfigKeys (ConfUtils.java:logGet(46)) - raft.server.sleep.deviation.threshold = 300ms (default)
2024-06-08 17:12:17,158 [main] INFO  server.RaftServerConfigKeys (ConfUtils.java:logGet(46)) - raft.server.close.threshold = 60s (default)
2024-06-08 17:12:17,158 [main] INFO  server.RaftServerConfigKeys (ConfUtils.java:logGet(46)) - raft.server.leaderelection.leader.step-down.wait-time = 10s (default)
2024-06-08 17:12:17,158 [5b9ea29f-4e96-47ac-97d6-33d0cc39064b-NettyServerStreamRpc-bossGroup--thread1] INFO  logging.LoggingHandler (AbstractInternalLogger.java:log(148)) - [id: 0xa06eef63] REGISTERED
2024-06-08 17:12:17,158 [main] INFO  server.RaftServerConfigKeys (ConfUtils.java:logGet(46)) - raft.server.storage.dir = [/home/runner/work/ozone/ozone/hadoop-ozone/integration-test/target/test-dir/MiniOzoneClusterImpl-6b59e386-941c-4981-b753-7806b34dbc05/ozone-meta/datanode-4/ratis] (custom)
2024-06-08 17:12:17,158 [5b9ea29f-4e96-47ac-97d6-33d0cc39064b-NettyServerStreamRpc-bossGroup--thread1] INFO  logging.LoggingHandler (AbstractInternalLogger.java:log(148)) - [id: 0xa06eef63] BIND: 0.0.0.0/0.0.0.0:15095
2024-06-08 17:12:17,158 [main] INFO  server.RaftServerConfigKeys (ConfUtils.java:logGet(46)) - raft.server.threadpool.proxy.cached = true (default)
2024-06-08 17:12:17,159 [5b9ea29f-4e96-47ac-97d6-33d0cc39064b-NettyServerStreamRpc-bossGroup--thread1] INFO  logging.LoggingHandler (AbstractInternalLogger.java:log(148)) - [id: 0xa06eef63, L:/0.0.0.0:15095] ACTIVE
2024-06-08 17:12:17,159 [main] INFO  server.RaftServerConfigKeys (ConfUtils.java:logGet(46)) - raft.server.threadpool.proxy.size = 0 (default)
2024-06-08 17:12:17,159 [5b9ea29f-4e96-47ac-97d6-33d0cc39064b-impl-thread1] INFO  server.RaftServer (RaftServerProxy.java:initGroupDir(264)) - 5b9ea29f-4e96-47ac-97d6-33d0cc39064b: found a subdirectory /home/runner/work/ozone/ozone/hadoop-ozone/integration-test/target/test-dir/MiniOzoneClusterImpl-6b59e386-941c-4981-b753-7806b34dbc05/ozone-meta/datanode-4/ratis/tmp
2024-06-08 17:12:17,159 [5b9ea29f-4e96-47ac-97d6-33d0cc39064b-impl-thread1] INFO  server.RaftServer (RaftServerProxy.java:initGroupDir(269)) - 5b9ea29f-4e96-47ac-97d6-33d0cc39064b: The directory /home/runner/work/ozone/ozone/hadoop-ozone/integration-test/target/test-dir/MiniOzoneClusterImpl-6b59e386-941c-4981-b753-7806b34dbc05/ozone-meta/datanode-4/ratis/tmp is not a group directory; ignoring it. 
2024-06-08 17:12:17,159 [main] INFO  replication.ReplicationServer (ReplicationServer.java:<init>(86)) - Initializing replication server with thread count = 10 queue length = 4096
2024-06-08 17:12:17,160 [main] INFO  server.XceiverServerGrpc (XceiverServerGrpc.java:<init>(141)) - GrpcServer channel type EpollServerSocketChannel
2024-06-08 17:12:17,162 [main] INFO  replication.ReplicationSupervisor (ReplicationSupervisor.java:build(157)) - Initializing replication supervisor with thread count = 10
2024-06-08 17:12:17,162 [main] INFO  replication.ReplicationSupervisor (ReplicationSupervisor.java:nodeStateUpdated(312)) - Node state updated to IN_SERVICE, scaling executor pool size to 10
2024-06-08 17:12:17,164 [main] INFO  http.BaseHttpServer (BaseHttpServer.java:newHttpServer2BuilderForOzone(223)) - Starting Web-server for hddsDatanode at: http://0.0.0.0:15089
2024-06-08 17:12:17,164 [main] INFO  http.BaseHttpServer (BaseHttpServer.java:<init>(110)) - Hadoop Security Enabled: false Ozone Security Enabled: false Ozone HTTP Security Enabled: false 
2024-06-08 17:12:17,165 [main] WARN  server.AuthenticationFilter (AuthenticationFilter.java:constructSecretProvider(240)) - Unable to initialize FileSignerSecretProvider, falling back to use random secrets. Reason: Could not read signature secret file: /home/runner/hadoop-http-auth-signature-secret
2024-06-08 17:12:17,166 [main] INFO  http.HttpRequestLog (HttpRequestLog.java:getRequestLog(86)) - Http request log for http.requests.hddsDatanode is not defined
2024-06-08 17:12:17,167 [main] INFO  http.HttpServer2 (HttpServer2.java:addGlobalFilter(1036)) - Added global filter 'safety' (class=org.apache.hadoop.hdds.server.http.HttpServer2$QuotingInputFilter)
2024-06-08 17:12:17,167 [main] INFO  http.HttpServer2 (HttpServer2.java:addFilter(1012)) - Added filter static_user_filter (class=org.apache.hadoop.http.lib.StaticUserWebFilter$StaticUserFilter) to context hddsDatanode
2024-06-08 17:12:17,168 [main] INFO  http.HttpServer2 (HttpServer2.java:addFilter(1020)) - Added filter static_user_filter (class=org.apache.hadoop.http.lib.StaticUserWebFilter$StaticUserFilter) to context static
2024-06-08 17:12:17,168 [main] INFO  http.HttpServer2 (HttpServer2.java:addFilter(1020)) - Added filter static_user_filter (class=org.apache.hadoop.http.lib.StaticUserWebFilter$StaticUserFilter) to context logs
2024-06-08 17:12:17,168 [main] INFO  http.BaseHttpServer (BaseHttpServer.java:<init>(189)) - HTTP server of hddsDatanode uses base directory /home/runner/work/ozone/ozone/hadoop-ozone/integration-test/target/test-dir/MiniOzoneClusterImpl-6b59e386-941c-4981-b753-7806b34dbc05/ozone-meta/datanode-4/meta/webserver
2024-06-08 17:12:17,169 [main] INFO  http.HttpServer2 (HttpServer2.java:bindListener(1236)) - Jetty bound to port 15089
2024-06-08 17:12:17,169 [main] INFO  server.Server (Server.java:doStart(375)) - jetty-9.4.54.v20240208; built: 2024-02-08T19:42:39.027Z; git: cef3fbd6d736a21e7d541a5db490381d95a2047d; jvm 17.0.11+9
2024-06-08 17:12:17,170 [main] INFO  server.session (DefaultSessionIdManager.java:doStart(334)) - DefaultSessionIdManager workerName=node0
2024-06-08 17:12:17,170 [main] INFO  server.session (DefaultSessionIdManager.java:doStart(339)) - No SessionScavenger set, using defaults
2024-06-08 17:12:17,170 [main] INFO  server.session (HouseKeeper.java:startScavenging(132)) - node0 Scavenging every 660000ms
2024-06-08 17:12:17,171 [main] INFO  handler.ContextHandler (ContextHandler.java:doStart(921)) - Started o.e.j.s.ServletContextHandler@2dbc453a{logs,/logs,file:///home/runner/work/ozone/ozone/hadoop-ozone/integration-test/target/log,AVAILABLE}
2024-06-08 17:12:17,171 [main] INFO  handler.ContextHandler (ContextHandler.java:doStart(921)) - Started o.e.j.s.ServletContextHandler@38d19150{static,/static,file:///home/runner/work/ozone/ozone/hadoop-hdds/container-service/target/classes/webapps/static,AVAILABLE}
2024-06-08 17:12:17,177 [main] INFO  handler.ContextHandler (ContextHandler.java:doStart(921)) - Started o.e.j.w.WebAppContext@19a3bfb5{hddsDatanode,/,file:///home/runner/work/ozone/ozone/hadoop-hdds/container-service/target/classes/webapps/hddsDatanode/,AVAILABLE}{file:/home/runner/work/ozone/ozone/hadoop-hdds/container-service/target/classes/webapps/hddsDatanode}
2024-06-08 17:12:17,178 [main] INFO  server.AbstractConnector (AbstractConnector.java:doStart(333)) - Started ServerConnector@9111d0a{HTTP/1.1, (http/1.1)}{0.0.0.0:15089}
2024-06-08 17:12:17,178 [main] INFO  server.Server (Server.java:doStart(415)) - Started @52707ms
2024-06-08 17:12:17,178 [main] WARN  impl.MetricsSystemImpl (MetricsSystemImpl.java:register(279)) - Sink prometheus already exists!
2024-06-08 17:12:17,179 [main] INFO  http.BaseHttpServer (BaseHttpServer.java:updateConnectorAddress(354)) - HTTP server of hddsDatanode listening at http://0.0.0.0:15089
2024-06-08 17:12:17,180 [main] INFO  ipc.CallQueueManager (CallQueueManager.java:<init>(90)) - Using callQueue: class java.util.concurrent.LinkedBlockingQueue, queueCapacity: 100, scheduler: class org.apache.hadoop.ipc.DefaultRpcScheduler, ipcBackoff: false.
2024-06-08 17:12:17,180 [main] INFO  ipc.Server (Server.java:<init>(1287)) - Listener at 0.0.0.0:15090
2024-06-08 17:12:17,180 [Socket Reader #1 for port 15090] INFO  ipc.Server (Server.java:run(1323)) - Starting Socket Reader #1 for port 15090
2024-06-08 17:12:17,182 [main] INFO  ozone.HddsDatanodeService (HddsDatanodeService.java:start(327)) - Datanode start with admins: [runner]
2024-06-08 17:12:17,182 [main] INFO  ozone.HddsDatanodeClientProtocolServer (HddsDatanodeClientProtocolServer.java:start(77)) - RPC server for Client /0.0.0.0:15090
2024-06-08 17:12:17,182 [IPC Server Responder] INFO  ipc.Server (Server.java:run(1562)) - IPC Server Responder: starting
2024-06-08 17:12:17,183 [IPC Server listener on 15090] INFO  ipc.Server (Server.java:run(1402)) - IPC Server listener on 15090: starting
2024-06-08 17:12:17,183 [main] WARN  dropwizard3.Dm3MetricRegistriesImpl (Dm3MetricRegistriesImpl.java:addReporterRegistration(113)) - New reporters are added after registries were created. Some metrics will be missing from the reporter. Please add reporter before adding any new registry.
2024-06-08 17:12:17,183 [main] WARN  dropwizard3.Dm3MetricRegistriesImpl (Dm3MetricRegistriesImpl.java:addReporterRegistration(113)) - New reporters are added after registries were created. Some metrics will be missing from the reporter. Please add reporter before adding any new registry.
2024-06-08 17:12:17,183 [5b9ea29f-4e96-47ac-97d6-33d0cc39064b-DatanodeStateMachineDaemonThread] INFO  statemachine.DatanodeStateMachine (DatanodeStateMachine.java:lambda$startDaemon$1(555)) - Ozone container server started.
2024-06-08 17:12:17,183 [main] INFO  impl.MetricsSystemImpl (MetricsSystemImpl.java:init(158)) - HddsDatanode metrics system started (again)
2024-06-08 17:12:17,193 [main] INFO  ozone.HddsDatanodeService (HddsDatanodeService.java:start(240)) - HddsDatanodeService host:fv-az1025-916.thvxnveazgierklmxsu4mxd1dg.cx.internal.cloudapp.net ip:10.1.0.12
2024-06-08 17:12:17,198 [5b9ea29f-4e96-47ac-97d6-33d0cc39064b-DatanodeStateMachineTaskThread-0] INFO  datanode.InitDatanodeState (InitDatanodeState.java:persistContainerDatanodeDetails(139)) - DatanodeDetails is persisted to /home/runner/work/ozone/ozone/hadoop-ozone/integration-test/target/test-dir/MiniOzoneClusterImpl-6b59e386-941c-4981-b753-7806b34dbc05/ozone-meta/datanode-4/meta/datanode.id
2024-06-08 17:12:17,210 [main] INFO  upgrade.AbstractLayoutVersionManager (AbstractLayoutVersionManager.java:init(83)) - Initializing Layout version manager with metadata layout = HADOOP_PRC_PORTS_IN_DATANODEDETAILS (version = 7), software layout = HADOOP_PRC_PORTS_IN_DATANODEDETAILS (version = 7)
2024-06-08 17:12:17,210 [main] INFO  statemachine.DatanodeStateMachine (DatanodeStateMachine.java:getEndPointTaskThreadPoolSize(299)) - Datanode State Machine Task Thread Pool size 2
2024-06-08 17:12:17,212 [main] INFO  volume.HddsVolume (HddsVolume.java:<init>(126)) - Creating HddsVolume: /home/runner/work/ozone/ozone/hadoop-ozone/integration-test/target/test-dir/MiniOzoneClusterImpl-6b59e386-941c-4981-b753-7806b34dbc05/ozone-meta/datanode-5/data-0/hdds of storage type : DISK capacity : 9222449699674390527
2024-06-08 17:12:17,212 [main] INFO  volume.MutableVolumeSet (MutableVolumeSet.java:initializeVolumeSet(173)) - Added Volume : /home/runner/work/ozone/ozone/hadoop-ozone/integration-test/target/test-dir/MiniOzoneClusterImpl-6b59e386-941c-4981-b753-7806b34dbc05/ozone-meta/datanode-5/data-0/hdds to VolumeSet
2024-06-08 17:12:17,213 [main] INFO  volume.MutableVolumeSet (MutableVolumeSet.java:initializeVolumeSet(173)) - Added Volume : /home/runner/work/ozone/ozone/hadoop-ozone/integration-test/target/test-dir/MiniOzoneClusterImpl-6b59e386-941c-4981-b753-7806b34dbc05/ozone-meta/datanode-5/ratis to VolumeSet
2024-06-08 17:12:17,213 [main] INFO  ozoneimpl.OzoneContainer (HddsVolumeUtil.java:loadAllHddsVolumeDbStore(103)) - Load 1 volumes DbStore cost: 0ms
2024-06-08 17:12:17,215 [main] INFO  server.RaftServer (ConfUtils.java:logGet(46)) - raft.rpc.type = GRPC (default)
2024-06-08 17:12:17,215 [main] INFO  grpc.GrpcConfigKeys (ConfUtils.java:logFallback(53)) - raft.grpc.admin.host = null (fallback to raft.grpc.server.host)
2024-06-08 17:12:17,215 [main] INFO  grpc.GrpcConfigKeys (ConfUtils.java:logGet(46)) - raft.grpc.admin.port = 15102 (custom)
2024-06-08 17:12:17,215 [main] INFO  grpc.GrpcConfigKeys (ConfUtils.java:logFallback(53)) - raft.grpc.client.host = null (fallback to raft.grpc.server.host)
2024-06-08 17:12:17,215 [main] INFO  grpc.GrpcConfigKeys (ConfUtils.java:logGet(46)) - raft.grpc.client.port = 15101 (custom)
2024-06-08 17:12:17,216 [main] INFO  grpc.GrpcConfigKeys (ConfUtils.java:logGet(46)) - raft.grpc.server.host = null (default)
2024-06-08 17:12:17,216 [main] INFO  grpc.GrpcConfigKeys (ConfUtils.java:logGet(46)) - raft.grpc.server.port = 15103 (custom)
2024-06-08 17:12:17,216 [main] INFO  server.GrpcService (ConfUtils.java:logGet(46)) - raft.grpc.message.size.max = 32MB (=33554432) (custom)
2024-06-08 17:12:17,216 [main] INFO  server.RaftServerConfigKeys (ConfUtils.java:logGet(46)) - raft.server.log.appender.buffer.byte-limit = 8388608 (custom)
2024-06-08 17:12:17,216 [main] INFO  server.GrpcService (ConfUtils.java:logGet(46)) - raft.grpc.flow.control.window = 5MB (=5242880) (custom)
2024-06-08 17:12:17,216 [main] INFO  server.RaftServerConfigKeys (ConfUtils.java:logGet(46)) - raft.server.rpc.request.timeout = 3000ms (default)
2024-06-08 17:12:17,216 [main] INFO  grpc.GrpcConfigKeys (ConfUtils.java:logGet(46)) - raft.grpc.server.heartbeat.channel = true (default)
2024-06-08 17:12:17,216 [main] INFO  grpc.GrpcConfigKeys (ConfUtils.java:logGet(46)) - raft.grpc.server.async.request.thread.pool.cached = true (default)
2024-06-08 17:12:17,217 [main] INFO  grpc.GrpcConfigKeys (ConfUtils.java:logGet(46)) - raft.grpc.server.async.request.thread.pool.size = 32 (default)
2024-06-08 17:12:17,218 [main] INFO  impl.DataStreamServerImpl (ConfUtils.java:logGet(46)) - raft.datastream.type = NETTY (custom)
2024-06-08 17:12:17,219 [main] INFO  server.RaftServerConfigKeys (ConfUtils.java:logGet(46)) - raft.server.data-stream.async.request.thread.pool.cached = false (default)
2024-06-08 17:12:17,219 [main] INFO  server.RaftServerConfigKeys (ConfUtils.java:logGet(46)) - raft.server.data-stream.async.request.thread.pool.size = 20 (custom)
2024-06-08 17:12:17,219 [main] INFO  server.RaftServerConfigKeys (ConfUtils.java:logGet(46)) - raft.server.data-stream.async.write.thread.pool.size = 16 (default)
2024-06-08 17:12:17,219 [main] INFO  netty.NettyConfigKeys$DataStream (ConfUtils.java:logGet(46)) - raft.netty.dataStream.server.channel.inactive.grace-period = 10min (default)
2024-06-08 17:12:17,219 [main] INFO  server.RaftServerConfigKeys (ConfUtils.java:logGet(46)) - raft.server.data-stream.client.pool.size = 10 (default)
2024-06-08 17:12:17,219 [main] INFO  netty.NettyConfigKeys$DataStream (ConfUtils.java:logGet(46)) - raft.netty.dataStream.server.use-epoll = true (default)
2024-06-08 17:12:17,220 [main] INFO  netty.NettyConfigKeys$DataStream (ConfUtils.java:logGet(46)) - raft.netty.dataStream.server.boss-group.size = 0 (default)
2024-06-08 17:12:17,220 [main] INFO  netty.NettyUtils (NettyUtils.java:newEventLoopGroup(69)) - Create EpollEventLoopGroup for 4a3afcc0-0f17-4502-9539-e074401f0f0d-NettyServerStreamRpc-bossGroup; Thread size is 0.
2024-06-08 17:12:17,220 [main] INFO  netty.NettyConfigKeys$DataStream (ConfUtils.java:logGet(46)) - raft.netty.dataStream.server.worker-group.size = 0 (default)
2024-06-08 17:12:17,220 [main] INFO  netty.NettyUtils (NettyUtils.java:newEventLoopGroup(69)) - Create EpollEventLoopGroup for 4a3afcc0-0f17-4502-9539-e074401f0f0d-NettyServerStreamRpc-workerGroup; Thread size is 0.
2024-06-08 17:12:17,221 [main] INFO  netty.NettyConfigKeys$DataStream (ConfUtils.java:logGet(46)) - raft.netty.dataStream.server.tls.conf = null (default)
2024-06-08 17:12:17,221 [main] INFO  netty.NettyConfigKeys$DataStream (ConfUtils.java:logGet(46)) - raft.netty.dataStream.host = null (default)
2024-06-08 17:12:17,221 [main] INFO  netty.NettyConfigKeys$DataStream (ConfUtils.java:logGet(46)) - raft.netty.dataStream.port = 15104 (custom)
2024-06-08 17:12:17,222 [main] INFO  server.RaftServerConfigKeys (ConfUtils.java:logGet(46)) - raft.server.sleep.deviation.threshold = 300ms (default)
2024-06-08 17:12:17,223 [main] INFO  server.RaftServerConfigKeys (ConfUtils.java:logGet(46)) - raft.server.close.threshold = 60s (default)
2024-06-08 17:12:17,223 [main] INFO  server.RaftServerConfigKeys (ConfUtils.java:logGet(46)) - raft.server.leaderelection.leader.step-down.wait-time = 10s (default)
2024-06-08 17:12:17,223 [main] INFO  server.RaftServerConfigKeys (ConfUtils.java:logGet(46)) - raft.server.storage.dir = [/home/runner/work/ozone/ozone/hadoop-ozone/integration-test/target/test-dir/MiniOzoneClusterImpl-6b59e386-941c-4981-b753-7806b34dbc05/ozone-meta/datanode-5/ratis] (custom)
2024-06-08 17:12:17,223 [main] INFO  server.RaftServerConfigKeys (ConfUtils.java:logGet(46)) - raft.server.threadpool.proxy.cached = true (default)
2024-06-08 17:12:17,223 [main] INFO  server.RaftServerConfigKeys (ConfUtils.java:logGet(46)) - raft.server.threadpool.proxy.size = 0 (default)
2024-06-08 17:12:17,224 [4a3afcc0-0f17-4502-9539-e074401f0f0d-NettyServerStreamRpc-bossGroup--thread1] INFO  logging.LoggingHandler (AbstractInternalLogger.java:log(148)) - [id: 0x443d7689] REGISTERED
2024-06-08 17:12:17,224 [4a3afcc0-0f17-4502-9539-e074401f0f0d-NettyServerStreamRpc-bossGroup--thread1] INFO  logging.LoggingHandler (AbstractInternalLogger.java:log(148)) - [id: 0x443d7689] BIND: 0.0.0.0/0.0.0.0:15104
2024-06-08 17:12:17,224 [4a3afcc0-0f17-4502-9539-e074401f0f0d-NettyServerStreamRpc-bossGroup--thread1] INFO  logging.LoggingHandler (AbstractInternalLogger.java:log(148)) - [id: 0x443d7689, L:/0.0.0.0:15104] ACTIVE
2024-06-08 17:12:17,227 [4a3afcc0-0f17-4502-9539-e074401f0f0d-impl-thread1] INFO  server.RaftServer (RaftServerProxy.java:initGroupDir(264)) - 4a3afcc0-0f17-4502-9539-e074401f0f0d: found a subdirectory /home/runner/work/ozone/ozone/hadoop-ozone/integration-test/target/test-dir/MiniOzoneClusterImpl-6b59e386-941c-4981-b753-7806b34dbc05/ozone-meta/datanode-5/ratis/tmp
2024-06-08 17:12:17,227 [4a3afcc0-0f17-4502-9539-e074401f0f0d-impl-thread1] INFO  server.RaftServer (RaftServerProxy.java:initGroupDir(269)) - 4a3afcc0-0f17-4502-9539-e074401f0f0d: The directory /home/runner/work/ozone/ozone/hadoop-ozone/integration-test/target/test-dir/MiniOzoneClusterImpl-6b59e386-941c-4981-b753-7806b34dbc05/ozone-meta/datanode-5/ratis/tmp is not a group directory; ignoring it. 
2024-06-08 17:12:17,227 [main] INFO  replication.ReplicationServer (ReplicationServer.java:<init>(86)) - Initializing replication server with thread count = 10 queue length = 4096
2024-06-08 17:12:17,228 [main] INFO  server.XceiverServerGrpc (XceiverServerGrpc.java:<init>(141)) - GrpcServer channel type EpollServerSocketChannel
2024-06-08 17:12:17,230 [main] INFO  replication.ReplicationSupervisor (ReplicationSupervisor.java:build(157)) - Initializing replication supervisor with thread count = 10
2024-06-08 17:12:17,230 [main] INFO  replication.ReplicationSupervisor (ReplicationSupervisor.java:nodeStateUpdated(312)) - Node state updated to IN_SERVICE, scaling executor pool size to 10
2024-06-08 17:12:17,232 [main] INFO  http.BaseHttpServer (BaseHttpServer.java:newHttpServer2BuilderForOzone(223)) - Starting Web-server for hddsDatanode at: http://0.0.0.0:15098
2024-06-08 17:12:17,232 [main] INFO  http.BaseHttpServer (BaseHttpServer.java:<init>(110)) - Hadoop Security Enabled: false Ozone Security Enabled: false Ozone HTTP Security Enabled: false 
2024-06-08 17:12:17,233 [main] WARN  server.AuthenticationFilter (AuthenticationFilter.java:constructSecretProvider(240)) - Unable to initialize FileSignerSecretProvider, falling back to use random secrets. Reason: Could not read signature secret file: /home/runner/hadoop-http-auth-signature-secret
2024-06-08 17:12:17,233 [main] INFO  http.HttpRequestLog (HttpRequestLog.java:getRequestLog(86)) - Http request log for http.requests.hddsDatanode is not defined
2024-06-08 17:12:17,235 [main] INFO  http.HttpServer2 (HttpServer2.java:addGlobalFilter(1036)) - Added global filter 'safety' (class=org.apache.hadoop.hdds.server.http.HttpServer2$QuotingInputFilter)
2024-06-08 17:12:17,235 [main] INFO  http.HttpServer2 (HttpServer2.java:addFilter(1012)) - Added filter static_user_filter (class=org.apache.hadoop.http.lib.StaticUserWebFilter$StaticUserFilter) to context hddsDatanode
2024-06-08 17:12:17,235 [main] INFO  http.HttpServer2 (HttpServer2.java:addFilter(1020)) - Added filter static_user_filter (class=org.apache.hadoop.http.lib.StaticUserWebFilter$StaticUserFilter) to context logs
2024-06-08 17:12:17,235 [main] INFO  http.HttpServer2 (HttpServer2.java:addFilter(1020)) - Added filter static_user_filter (class=org.apache.hadoop.http.lib.StaticUserWebFilter$StaticUserFilter) to context static
2024-06-08 17:12:17,236 [main] INFO  http.BaseHttpServer (BaseHttpServer.java:<init>(189)) - HTTP server of hddsDatanode uses base directory /home/runner/work/ozone/ozone/hadoop-ozone/integration-test/target/test-dir/MiniOzoneClusterImpl-6b59e386-941c-4981-b753-7806b34dbc05/ozone-meta/datanode-5/meta/webserver
2024-06-08 17:12:17,236 [main] INFO  http.HttpServer2 (HttpServer2.java:bindListener(1236)) - Jetty bound to port 15098
2024-06-08 17:12:17,236 [main] INFO  server.Server (Server.java:doStart(375)) - jetty-9.4.54.v20240208; built: 2024-02-08T19:42:39.027Z; git: cef3fbd6d736a21e7d541a5db490381d95a2047d; jvm 17.0.11+9
2024-06-08 17:12:17,238 [main] INFO  server.session (DefaultSessionIdManager.java:doStart(334)) - DefaultSessionIdManager workerName=node0
2024-06-08 17:12:17,238 [main] INFO  server.session (DefaultSessionIdManager.java:doStart(339)) - No SessionScavenger set, using defaults
2024-06-08 17:12:17,238 [main] INFO  server.session (HouseKeeper.java:startScavenging(132)) - node0 Scavenging every 660000ms
2024-06-08 17:12:17,239 [main] INFO  handler.ContextHandler (ContextHandler.java:doStart(921)) - Started o.e.j.s.ServletContextHandler@45a9dc8e{logs,/logs,file:///home/runner/work/ozone/ozone/hadoop-ozone/integration-test/target/log,AVAILABLE}
2024-06-08 17:12:17,239 [main] INFO  handler.ContextHandler (ContextHandler.java:doStart(921)) - Started o.e.j.s.ServletContextHandler@16de7a51{static,/static,file:///home/runner/work/ozone/ozone/hadoop-hdds/container-service/target/classes/webapps/static,AVAILABLE}
2024-06-08 17:12:17,243 [main] INFO  handler.ContextHandler (ContextHandler.java:doStart(921)) - Started o.e.j.w.WebAppContext@9aa9e4a{hddsDatanode,/,file:///home/runner/work/ozone/ozone/hadoop-hdds/container-service/target/classes/webapps/hddsDatanode/,AVAILABLE}{file:/home/runner/work/ozone/ozone/hadoop-hdds/container-service/target/classes/webapps/hddsDatanode}
2024-06-08 17:12:17,243 [main] INFO  server.AbstractConnector (AbstractConnector.java:doStart(333)) - Started ServerConnector@3fcd5561{HTTP/1.1, (http/1.1)}{0.0.0.0:15098}
2024-06-08 17:12:17,243 [main] INFO  server.Server (Server.java:doStart(415)) - Started @52772ms
2024-06-08 17:12:17,244 [main] WARN  impl.MetricsSystemImpl (MetricsSystemImpl.java:register(279)) - Sink prometheus already exists!
2024-06-08 17:12:17,244 [main] INFO  http.BaseHttpServer (BaseHttpServer.java:updateConnectorAddress(354)) - HTTP server of hddsDatanode listening at http://0.0.0.0:15098
2024-06-08 17:12:17,244 [main] INFO  ipc.CallQueueManager (CallQueueManager.java:<init>(90)) - Using callQueue: class java.util.concurrent.LinkedBlockingQueue, queueCapacity: 100, scheduler: class org.apache.hadoop.ipc.DefaultRpcScheduler, ipcBackoff: false.
2024-06-08 17:12:17,245 [main] INFO  ipc.Server (Server.java:<init>(1287)) - Listener at 0.0.0.0:15099
2024-06-08 17:12:17,245 [Socket Reader #1 for port 15099] INFO  ipc.Server (Server.java:run(1323)) - Starting Socket Reader #1 for port 15099
2024-06-08 17:12:17,246 [main] INFO  ozone.HddsDatanodeService (HddsDatanodeService.java:start(327)) - Datanode start with admins: [runner]
2024-06-08 17:12:17,246 [main] INFO  ozone.HddsDatanodeClientProtocolServer (HddsDatanodeClientProtocolServer.java:start(77)) - RPC server for Client /0.0.0.0:15099
2024-06-08 17:12:17,247 [IPC Server Responder] INFO  ipc.Server (Server.java:run(1562)) - IPC Server Responder: starting
2024-06-08 17:12:17,247 [IPC Server listener on 15099] INFO  ipc.Server (Server.java:run(1402)) - IPC Server listener on 15099: starting
2024-06-08 17:12:17,247 [4a3afcc0-0f17-4502-9539-e074401f0f0d-DatanodeStateMachineDaemonThread] INFO  statemachine.DatanodeStateMachine (DatanodeStateMachine.java:lambda$startDaemon$1(555)) - Ozone container server started.
2024-06-08 17:12:17,248 [main] INFO  ozone.MiniOzoneClusterImpl (MiniOzoneClusterImpl.java:lambda$waitForClusterToBeReady$0(194)) - Waiting for nodes to be ready. Got 0 of 5 DN Heartbeats.
2024-06-08 17:12:17,248 [main] INFO  ozone.MiniOzoneClusterImpl (MiniOzoneClusterImpl.java:lambda$waitForClusterToBeReady$0(197)) - Waiting for cluster to exit safe mode
2024-06-08 17:12:17,248 [main] INFO  ozone.MiniOzoneClusterImpl (MiniOzoneClusterImpl.java:lambda$waitForClusterToBeReady$0(199)) - SCM became leader
2024-06-08 17:12:17,249 [4a3afcc0-0f17-4502-9539-e074401f0f0d-DatanodeStateMachineTaskThread-0] INFO  datanode.InitDatanodeState (InitDatanodeState.java:persistContainerDatanodeDetails(139)) - DatanodeDetails is persisted to /home/runner/work/ozone/ozone/hadoop-ozone/integration-test/target/test-dir/MiniOzoneClusterImpl-6b59e386-941c-4981-b753-7806b34dbc05/ozone-meta/datanode-5/meta/datanode.id
2024-06-08 17:12:17,996 [om1@group-C5BA1605619E-FollowerState] INFO  impl.FollowerState (FollowerState.java:run(143)) - om1@group-C5BA1605619E-FollowerState: change to CANDIDATE, lastRpcElapsedTime:1171039686ns, electionTimeout:1168ms
2024-06-08 17:12:17,996 [om1@group-C5BA1605619E-FollowerState] INFO  impl.RoleInfo (RoleInfo.java:shutdownFollowerState(110)) - om1: shutdown om1@group-C5BA1605619E-FollowerState
2024-06-08 17:12:17,996 [om1@group-C5BA1605619E-FollowerState] INFO  server.RaftServer$Division (RaftServerImpl.java:setRole(383)) - om1@group-C5BA1605619E: changes role from  FOLLOWER to CANDIDATE at term 0 for changeToCandidate
2024-06-08 17:12:17,996 [om1@group-C5BA1605619E-FollowerState] INFO  server.RaftServerConfigKeys (ConfUtils.java:logGet(46)) - raft.server.leaderelection.pre-vote = true (default)
2024-06-08 17:12:17,997 [om1@group-C5BA1605619E-FollowerState] INFO  impl.RoleInfo (RoleInfo.java:updateAndGet(139)) - om1: start om1@group-C5BA1605619E-LeaderElection13
2024-06-08 17:12:17,997 [om1@group-C5BA1605619E-LeaderElection13] INFO  impl.LeaderElection (LeaderElection.java:askForVotes(321)) - om1@group-C5BA1605619E-LeaderElection13 PRE_VOTE round 0: submit vote requests at term 0 for -1: peers:[om1|localhost:15060]|listeners:[], old=null
2024-06-08 17:12:17,997 [om1@group-C5BA1605619E-LeaderElection13] INFO  impl.LeaderElection (LeaderElection.java:askForVotes(323)) - om1@group-C5BA1605619E-LeaderElection13 PRE_VOTE round 0: result PASSED (term=0)
2024-06-08 17:12:17,998 [om1@group-C5BA1605619E-LeaderElection13] INFO  impl.LeaderElection (LeaderElection.java:askForVotes(321)) - om1@group-C5BA1605619E-LeaderElection13 ELECTION round 0: submit vote requests at term 1 for -1: peers:[om1|localhost:15060]|listeners:[], old=null
2024-06-08 17:12:17,998 [om1@group-C5BA1605619E-LeaderElection13] INFO  impl.LeaderElection (LeaderElection.java:askForVotes(323)) - om1@group-C5BA1605619E-LeaderElection13 ELECTION round 0: result PASSED (term=1)
2024-06-08 17:12:17,998 [om1@group-C5BA1605619E-LeaderElection13] INFO  impl.RoleInfo (RoleInfo.java:shutdownLeaderElection(130)) - om1: shutdown om1@group-C5BA1605619E-LeaderElection13
2024-06-08 17:12:17,999 [om1@group-C5BA1605619E-LeaderElection13] INFO  server.RaftServer$Division (RaftServerImpl.java:setRole(383)) - om1@group-C5BA1605619E: changes role from CANDIDATE to LEADER at term 1 for changeToLeader
2024-06-08 17:12:17,999 [om1@group-C5BA1605619E-LeaderElection13] INFO  server.RaftServerConfigKeys (ConfUtils.java:logGet(46)) - raft.server.staging.catchup.gap = 1000 (default)
2024-06-08 17:12:18,000 [om1@group-C5BA1605619E-LeaderElection13] INFO  server.RaftServerConfigKeys (ConfUtils.java:logGet(46)) - raft.server.write.element-limit = 4096 (default)
2024-06-08 17:12:18,000 [om1@group-C5BA1605619E-LeaderElection13] INFO  server.RaftServerConfigKeys (ConfUtils.java:logGet(46)) - raft.server.write.byte-limit = 64MB (=67108864) (default)
2024-06-08 17:12:18,000 [om1@group-C5BA1605619E-LeaderElection13] INFO  server.RaftServerConfigKeys (ConfUtils.java:logGet(46)) - raft.server.watch.timeout = 10s (default)
2024-06-08 17:12:18,000 [om1@group-C5BA1605619E-LeaderElection13] INFO  server.RaftServerConfigKeys (ConfUtils.java:logGet(46)) - raft.server.watch.timeout.denomination = 1s (default)
2024-06-08 17:12:18,000 [om1@group-C5BA1605619E-LeaderElection13] INFO  server.RaftServerConfigKeys (ConfUtils.java:logGet(46)) - raft.server.watch.element-limit = 65536 (default)
2024-06-08 17:12:18,000 [om1@group-C5BA1605619E-LeaderElection13] INFO  server.RaftServerConfigKeys (ConfUtils.java:logGet(46)) - raft.server.read.leader.lease.enabled = false (default)
2024-06-08 17:12:18,000 [om1@group-C5BA1605619E-LeaderElection13] INFO  server.RaftServerConfigKeys (ConfUtils.java:logGet(46)) - raft.server.read.leader.lease.timeout.ratio = 0.9 (default)
2024-06-08 17:12:18,000 [om1@group-C5BA1605619E-LeaderElection13] INFO  server.RaftServerConfigKeys (ConfUtils.java:logGet(46)) - raft.server.rpc.timeout.min = 1s (custom)
2024-06-08 17:12:18,000 [om1@group-C5BA1605619E-LeaderElection13] INFO  server.RaftServerConfigKeys (ConfUtils.java:logGet(46)) - raft.server.write.element-limit = 4096 (default)
2024-06-08 17:12:18,000 [om1@group-C5BA1605619E-LeaderElection13] INFO  server.RaftServerConfigKeys (ConfUtils.java:logGet(46)) - raft.server.write.follower.gap.ratio.max = -1.0 (default)
2024-06-08 17:12:18,001 [om1@group-C5BA1605619E-LeaderElection13] INFO  impl.RoleInfo (RoleInfo.java:updateAndGet(139)) - om1: start om1@group-C5BA1605619E-LeaderStateImpl
2024-06-08 17:12:18,001 [om1@group-C5BA1605619E-LeaderElection13] INFO  server.RaftServer$Division (RaftServerImpl.java:setFirstElection(574)) - om1@group-C5BA1605619E: set firstElectionSinceStartup to false for becomeLeader
2024-06-08 17:12:18,001 [om1@group-C5BA1605619E-LeaderElection13] INFO  server.RaftServer$Division (ServerState.java:setLeader(269)) - om1@group-C5BA1605619E: change Leader from null to om1 at term 1 for becomeLeader, leader elected after 1554ms
2024-06-08 17:12:18,001 [om1@group-C5BA1605619E-LeaderElection13] INFO  segmented.SegmentedRaftLogWorker (SegmentedRaftLogWorker.java:startLogSegment(430)) - om1@group-C5BA1605619E-SegmentedRaftLogWorker: Starting segment from index:0
2024-06-08 17:12:18,001 [om1@group-C5BA1605619E-SegmentedRaftLogWorker] INFO  segmented.BufferedWriteChannel (BufferedWriteChannel.java:open(62)) - open log_inprogress_0 at position 0
2024-06-08 17:12:18,002 [om1@group-C5BA1605619E-LeaderElection13] INFO  server.RaftServer$Division (ServerState.java:setRaftConf(386)) - om1@group-C5BA1605619E: set configuration 0: peers:[om1|localhost:15060]|listeners:[], old=null
2024-06-08 17:12:18,008 [om1@group-C5BA1605619E-SegmentedRaftLogWorker] INFO  segmented.SegmentedRaftLogWorker (SegmentedRaftLogWorker.java:execute(634)) - om1@group-C5BA1605619E-SegmentedRaftLogWorker: created new log segment /home/runner/work/ozone/ozone/hadoop-ozone/integration-test/target/test-dir/MiniOzoneClusterImpl-6b59e386-941c-4981-b753-7806b34dbc05/ozone-meta/ratis/bf265839-605b-3f16-9796-c5ba1605619e/current/log_inprogress_0
2024-06-08 17:12:18,010 [om1@group-C5BA1605619E-StateMachineUpdater] INFO  ratis.OzoneManagerStateMachine (OzoneManagerStateMachine.java:notifyConfigurationChanged(212)) - Received Configuration change notification from Ratis. New Peer list:
[id: "om1"
address: "localhost:15060"
startupRole: FOLLOWER
]
2024-06-08 17:12:18,010 [om1@group-C5BA1605619E-StateMachineUpdater] INFO  server.RaftServer$Division (LeaderStateImpl.java:isApplied(320)) - leader is ready since appliedIndex == 0 >= startIndex == 0
2024-06-08 17:12:18,248 [main] INFO  ozone.MiniOzoneClusterImpl (MiniOzoneClusterImpl.java:lambda$waitForClusterToBeReady$0(194)) - Waiting for nodes to be ready. Got 0 of 5 DN Heartbeats.
2024-06-08 17:12:18,248 [main] INFO  ozone.MiniOzoneClusterImpl (MiniOzoneClusterImpl.java:lambda$waitForClusterToBeReady$0(197)) - Waiting for cluster to exit safe mode
2024-06-08 17:12:18,248 [main] INFO  ozone.MiniOzoneClusterImpl (MiniOzoneClusterImpl.java:lambda$waitForClusterToBeReady$0(199)) - SCM became leader
2024-06-08 17:12:18,997 [e3b50f59-81fe-4964-a90b-c9e3e207dda8-EndpointStateMachineTaskThread-/0.0.0.0:15055-0 ] INFO  utils.DatanodeStoreCache (DatanodeStoreCache.java:addDB(72)) - Added db /home/runner/work/ozone/ozone/hadoop-ozone/integration-test/target/test-dir/MiniOzoneClusterImpl-6b59e386-941c-4981-b753-7806b34dbc05/ozone-meta/datanode-1/data-0/hdds/6b59e386-941c-4981-b753-7806b34dbc05/DS-8a12038b-e762-4a1d-82c9-aa3862448c3c/container.db to cache
2024-06-08 17:12:18,997 [e3b50f59-81fe-4964-a90b-c9e3e207dda8-EndpointStateMachineTaskThread-/0.0.0.0:15055-0 ] INFO  volume.HddsVolume (HddsVolume.java:createDbStore(437)) - SchemaV3 db is created and loaded at /home/runner/work/ozone/ozone/hadoop-ozone/integration-test/target/test-dir/MiniOzoneClusterImpl-6b59e386-941c-4981-b753-7806b34dbc05/ozone-meta/datanode-1/data-0/hdds/6b59e386-941c-4981-b753-7806b34dbc05/DS-8a12038b-e762-4a1d-82c9-aa3862448c3c/container.db for volume DS-8a12038b-e762-4a1d-82c9-aa3862448c3c
2024-06-08 17:12:18,999 [e3b50f59-81fe-4964-a90b-c9e3e207dda8-ContainerReader-0] INFO  ozoneimpl.ContainerReader (ContainerReader.java:readVolume(148)) - Start to verify containers on volume /home/runner/work/ozone/ozone/hadoop-ozone/integration-test/target/test-dir/MiniOzoneClusterImpl-6b59e386-941c-4981-b753-7806b34dbc05/ozone-meta/datanode-1/data-0/hdds
2024-06-08 17:12:18,999 [e3b50f59-81fe-4964-a90b-c9e3e207dda8-ContainerReader-0] INFO  ozoneimpl.ContainerReader (ContainerReader.java:readVolume(178)) - Finish verifying containers on volume /home/runner/work/ozone/ozone/hadoop-ozone/integration-test/target/test-dir/MiniOzoneClusterImpl-6b59e386-941c-4981-b753-7806b34dbc05/ozone-meta/datanode-1/data-0/hdds
2024-06-08 17:12:18,999 [e3b50f59-81fe-4964-a90b-c9e3e207dda8-EndpointStateMachineTaskThread-/0.0.0.0:15055-0 ] INFO  ozoneimpl.OzoneContainer (OzoneContainer.java:buildContainerSet(328)) - Build ContainerSet costs 0s
2024-06-08 17:12:18,999 [e3b50f59-81fe-4964-a90b-c9e3e207dda8-EndpointStateMachineTaskThread-/0.0.0.0:15055-0 ] INFO  volume.ThrottledAsyncChecker (ThrottledAsyncChecker.java:schedule(141)) - Scheduling a check for /home/runner/work/ozone/ozone/hadoop-ozone/integration-test/target/test-dir/MiniOzoneClusterImpl-6b59e386-941c-4981-b753-7806b34dbc05/ozone-meta/datanode-1/data-0/hdds
2024-06-08 17:12:18,999 [e3b50f59-81fe-4964-a90b-c9e3e207dda8-EndpointStateMachineTaskThread-/0.0.0.0:15055-0 ] INFO  volume.StorageVolumeChecker (StorageVolumeChecker.java:checkAllVolumes(218)) - Scheduled health check for volume /home/runner/work/ozone/ozone/hadoop-ozone/integration-test/target/test-dir/MiniOzoneClusterImpl-6b59e386-941c-4981-b753-7806b34dbc05/ozone-meta/datanode-1/data-0/hdds
2024-06-08 17:12:19,001 [e3b50f59-81fe-4964-a90b-c9e3e207dda8-EndpointStateMachineTaskThread-/0.0.0.0:15055-0 ] INFO  volume.ThrottledAsyncChecker (ThrottledAsyncChecker.java:schedule(141)) - Scheduling a check for /home/runner/work/ozone/ozone/hadoop-ozone/integration-test/target/test-dir/MiniOzoneClusterImpl-6b59e386-941c-4981-b753-7806b34dbc05/ozone-meta/datanode-1/ratis
2024-06-08 17:12:19,001 [e3b50f59-81fe-4964-a90b-c9e3e207dda8-EndpointStateMachineTaskThread-/0.0.0.0:15055-0 ] INFO  volume.StorageVolumeChecker (StorageVolumeChecker.java:checkAllVolumes(218)) - Scheduled health check for volume /home/runner/work/ozone/ozone/hadoop-ozone/integration-test/target/test-dir/MiniOzoneClusterImpl-6b59e386-941c-4981-b753-7806b34dbc05/ozone-meta/datanode-1/ratis
2024-06-08 17:12:19,001 [e3b50f59-81fe-4964-a90b-c9e3e207dda8-EndpointStateMachineTaskThread-/0.0.0.0:15055-0 ] INFO  ozoneimpl.OzoneContainer (OzoneContainer.java:start(459)) - Attempting to start container services.
2024-06-08 17:12:19,002 [ContainerMetadataScanner] INFO  ozoneimpl.AbstractBackgroundContainerScanner (AbstractBackgroundContainerScanner.java:runIteration(87)) - Completed an iteration in 0 minutes. Number of iterations (since the data-node restart) : 1, Number of containers scanned in this iteration : 0, Number of unhealthy containers found in this iteration : 0
2024-06-08 17:12:19,002 [ContainerDataScanner(/home/runner/work/ozone/ozone/hadoop-ozone/integration-test/target/test-dir/MiniOzoneClusterImpl-6b59e386-941c-4981-b753-7806b34dbc05/ozone-meta/datanode-1/data-0/hdds)] INFO  ozoneimpl.AbstractBackgroundContainerScanner (AbstractBackgroundContainerScanner.java:runIteration(87)) - Completed an iteration in 0 minutes. Number of iterations (since the data-node restart) : 1, Number of containers scanned in this iteration : 0, Number of unhealthy containers found in this iteration : 0
2024-06-08 17:12:19,002 [e3b50f59-81fe-4964-a90b-c9e3e207dda8-EndpointStateMachineTaskThread-/0.0.0.0:15055-0 ] INFO  replication.ReplicationServer (ReplicationServer.java:start(142)) - ReplicationServer is started using port 15069
2024-06-08 17:12:19,003 [e3b50f59-81fe-4964-a90b-c9e3e207dda8-EndpointStateMachineTaskThread-/0.0.0.0:15055-0 ] INFO  ratis.XceiverServerRatis (XceiverServerRatis.java:start(566)) - Starting XceiverServerRatis e3b50f59-81fe-4964-a90b-c9e3e207dda8
2024-06-08 17:12:19,004 [e3b50f59-81fe-4964-a90b-c9e3e207dda8-EndpointStateMachineTaskThread-/0.0.0.0:15055-0 ] INFO  server.RaftServer (RaftServerProxy.java:startImpl(406)) - e3b50f59-81fe-4964-a90b-c9e3e207dda8: start RPC server
2024-06-08 17:12:19,004 [e3b50f59-81fe-4964-a90b-c9e3e207dda8-EndpointStateMachineTaskThread-/0.0.0.0:15055-0 ] INFO  server.GrpcService (GrpcService.java:startImpl(302)) - e3b50f59-81fe-4964-a90b-c9e3e207dda8: GrpcService started, listening on 15065
2024-06-08 17:12:19,004 [e3b50f59-81fe-4964-a90b-c9e3e207dda8-EndpointStateMachineTaskThread-/0.0.0.0:15055-0 ] INFO  server.GrpcService (GrpcService.java:startImpl(302)) - e3b50f59-81fe-4964-a90b-c9e3e207dda8: GrpcService started, listening on 15067
2024-06-08 17:12:19,004 [e3b50f59-81fe-4964-a90b-c9e3e207dda8-EndpointStateMachineTaskThread-/0.0.0.0:15055-0 ] INFO  server.GrpcService (GrpcService.java:startImpl(302)) - e3b50f59-81fe-4964-a90b-c9e3e207dda8: GrpcService started, listening on 15066
2024-06-08 17:12:19,004 [e3b50f59-81fe-4964-a90b-c9e3e207dda8-EndpointStateMachineTaskThread-/0.0.0.0:15055-0 ] INFO  ratis.XceiverServerRatis (XceiverServerRatis.java:getRealPort(592)) - XceiverServerRatis e3b50f59-81fe-4964-a90b-c9e3e207dda8 is started using port 15065 for RATIS
2024-06-08 17:12:19,005 [e3b50f59-81fe-4964-a90b-c9e3e207dda8-EndpointStateMachineTaskThread-/0.0.0.0:15055-0 ] INFO  ratis.XceiverServerRatis (XceiverServerRatis.java:getRealPort(592)) - XceiverServerRatis e3b50f59-81fe-4964-a90b-c9e3e207dda8 is started using port 15066 for RATIS_ADMIN
2024-06-08 17:12:19,005 [e3b50f59-81fe-4964-a90b-c9e3e207dda8-EndpointStateMachineTaskThread-/0.0.0.0:15055-0 ] INFO  ratis.XceiverServerRatis (XceiverServerRatis.java:getRealPort(592)) - XceiverServerRatis e3b50f59-81fe-4964-a90b-c9e3e207dda8 is started using port 15067 for RATIS_SERVER
2024-06-08 17:12:19,005 [e3b50f59-81fe-4964-a90b-c9e3e207dda8-EndpointStateMachineTaskThread-/0.0.0.0:15055-0 ] INFO  ratis.XceiverServerRatis (XceiverServerRatis.java:getRealPort(592)) - XceiverServerRatis e3b50f59-81fe-4964-a90b-c9e3e207dda8 is started using port 15068 for RATIS_DATASTREAM
2024-06-08 17:12:19,005 [JvmPauseMonitor9] INFO  util.JvmPauseMonitor (JvmPauseMonitor.java:run(146)) - JvmPauseMonitor-e3b50f59-81fe-4964-a90b-c9e3e207dda8: Started
2024-06-08 17:12:19,006 [e3b50f59-81fe-4964-a90b-c9e3e207dda8-BlockDeletingService#0] INFO  interfaces.ContainerDeletionChoosingPolicyTemplate (ContainerDeletionChoosingPolicyTemplate.java:chooseContainerForBlockDeletion(85)) - Chosen 0/5000 blocks from 0 candidate containers.
2024-06-08 17:12:19,069 [b8911061-d087-4ec2-bfc4-9091de9e538b-EndpointStateMachineTaskThread-/0.0.0.0:15055-0 ] INFO  utils.DatanodeStoreCache (DatanodeStoreCache.java:addDB(72)) - Added db /home/runner/work/ozone/ozone/hadoop-ozone/integration-test/target/test-dir/MiniOzoneClusterImpl-6b59e386-941c-4981-b753-7806b34dbc05/ozone-meta/datanode-2/data-0/hdds/6b59e386-941c-4981-b753-7806b34dbc05/DS-a22b0c7d-ff61-4d23-81f5-5a73bfa2710f/container.db to cache
2024-06-08 17:12:19,070 [b8911061-d087-4ec2-bfc4-9091de9e538b-EndpointStateMachineTaskThread-/0.0.0.0:15055-0 ] INFO  volume.HddsVolume (HddsVolume.java:createDbStore(437)) - SchemaV3 db is created and loaded at /home/runner/work/ozone/ozone/hadoop-ozone/integration-test/target/test-dir/MiniOzoneClusterImpl-6b59e386-941c-4981-b753-7806b34dbc05/ozone-meta/datanode-2/data-0/hdds/6b59e386-941c-4981-b753-7806b34dbc05/DS-a22b0c7d-ff61-4d23-81f5-5a73bfa2710f/container.db for volume DS-a22b0c7d-ff61-4d23-81f5-5a73bfa2710f
2024-06-08 17:12:19,071 [b8911061-d087-4ec2-bfc4-9091de9e538b-ContainerReader-0] INFO  ozoneimpl.ContainerReader (ContainerReader.java:readVolume(148)) - Start to verify containers on volume /home/runner/work/ozone/ozone/hadoop-ozone/integration-test/target/test-dir/MiniOzoneClusterImpl-6b59e386-941c-4981-b753-7806b34dbc05/ozone-meta/datanode-2/data-0/hdds
2024-06-08 17:12:19,071 [b8911061-d087-4ec2-bfc4-9091de9e538b-ContainerReader-0] INFO  ozoneimpl.ContainerReader (ContainerReader.java:readVolume(178)) - Finish verifying containers on volume /home/runner/work/ozone/ozone/hadoop-ozone/integration-test/target/test-dir/MiniOzoneClusterImpl-6b59e386-941c-4981-b753-7806b34dbc05/ozone-meta/datanode-2/data-0/hdds
2024-06-08 17:12:19,071 [b8911061-d087-4ec2-bfc4-9091de9e538b-EndpointStateMachineTaskThread-/0.0.0.0:15055-0 ] INFO  ozoneimpl.OzoneContainer (OzoneContainer.java:buildContainerSet(328)) - Build ContainerSet costs 0s
2024-06-08 17:12:19,071 [b8911061-d087-4ec2-bfc4-9091de9e538b-EndpointStateMachineTaskThread-/0.0.0.0:15055-0 ] INFO  volume.ThrottledAsyncChecker (ThrottledAsyncChecker.java:schedule(141)) - Scheduling a check for /home/runner/work/ozone/ozone/hadoop-ozone/integration-test/target/test-dir/MiniOzoneClusterImpl-6b59e386-941c-4981-b753-7806b34dbc05/ozone-meta/datanode-2/data-0/hdds
2024-06-08 17:12:19,072 [b8911061-d087-4ec2-bfc4-9091de9e538b-EndpointStateMachineTaskThread-/0.0.0.0:15055-0 ] INFO  volume.StorageVolumeChecker (StorageVolumeChecker.java:checkAllVolumes(218)) - Scheduled health check for volume /home/runner/work/ozone/ozone/hadoop-ozone/integration-test/target/test-dir/MiniOzoneClusterImpl-6b59e386-941c-4981-b753-7806b34dbc05/ozone-meta/datanode-2/data-0/hdds
2024-06-08 17:12:19,073 [b8911061-d087-4ec2-bfc4-9091de9e538b-EndpointStateMachineTaskThread-/0.0.0.0:15055-0 ] INFO  volume.ThrottledAsyncChecker (ThrottledAsyncChecker.java:schedule(141)) - Scheduling a check for /home/runner/work/ozone/ozone/hadoop-ozone/integration-test/target/test-dir/MiniOzoneClusterImpl-6b59e386-941c-4981-b753-7806b34dbc05/ozone-meta/datanode-2/ratis
2024-06-08 17:12:19,073 [b8911061-d087-4ec2-bfc4-9091de9e538b-EndpointStateMachineTaskThread-/0.0.0.0:15055-0 ] INFO  volume.StorageVolumeChecker (StorageVolumeChecker.java:checkAllVolumes(218)) - Scheduled health check for volume /home/runner/work/ozone/ozone/hadoop-ozone/integration-test/target/test-dir/MiniOzoneClusterImpl-6b59e386-941c-4981-b753-7806b34dbc05/ozone-meta/datanode-2/ratis
2024-06-08 17:12:19,074 [b8911061-d087-4ec2-bfc4-9091de9e538b-EndpointStateMachineTaskThread-/0.0.0.0:15055-0 ] INFO  ozoneimpl.OzoneContainer (OzoneContainer.java:start(459)) - Attempting to start container services.
2024-06-08 17:12:19,074 [b8911061-d087-4ec2-bfc4-9091de9e538b-EndpointStateMachineTaskThread-/0.0.0.0:15055-0 ] WARN  ozoneimpl.OnDemandContainerDataScanner (OnDemandContainerDataScanner.java:init(75)) - Trying to initialize on demand scanner a second time on a datanode.
2024-06-08 17:12:19,074 [ContainerMetadataScanner] INFO  ozoneimpl.AbstractBackgroundContainerScanner (AbstractBackgroundContainerScanner.java:runIteration(87)) - Completed an iteration in 0 minutes. Number of iterations (since the data-node restart) : 1, Number of containers scanned in this iteration : 0, Number of unhealthy containers found in this iteration : 0
2024-06-08 17:12:19,075 [ContainerDataScanner(/home/runner/work/ozone/ozone/hadoop-ozone/integration-test/target/test-dir/MiniOzoneClusterImpl-6b59e386-941c-4981-b753-7806b34dbc05/ozone-meta/datanode-2/data-0/hdds)] INFO  ozoneimpl.AbstractBackgroundContainerScanner (AbstractBackgroundContainerScanner.java:runIteration(87)) - Completed an iteration in 0 minutes. Number of iterations (since the data-node restart) : 1, Number of containers scanned in this iteration : 0, Number of unhealthy containers found in this iteration : 0
2024-06-08 17:12:19,075 [b8911061-d087-4ec2-bfc4-9091de9e538b-EndpointStateMachineTaskThread-/0.0.0.0:15055-0 ] INFO  replication.ReplicationServer (ReplicationServer.java:start(142)) - ReplicationServer is started using port 15078
2024-06-08 17:12:19,075 [b8911061-d087-4ec2-bfc4-9091de9e538b-EndpointStateMachineTaskThread-/0.0.0.0:15055-0 ] INFO  ratis.XceiverServerRatis (XceiverServerRatis.java:start(566)) - Starting XceiverServerRatis b8911061-d087-4ec2-bfc4-9091de9e538b
2024-06-08 17:12:19,076 [b8911061-d087-4ec2-bfc4-9091de9e538b-EndpointStateMachineTaskThread-/0.0.0.0:15055-0 ] INFO  server.RaftServer (RaftServerProxy.java:startImpl(406)) - b8911061-d087-4ec2-bfc4-9091de9e538b: start RPC server
2024-06-08 17:12:19,076 [b8911061-d087-4ec2-bfc4-9091de9e538b-EndpointStateMachineTaskThread-/0.0.0.0:15055-0 ] INFO  server.GrpcService (GrpcService.java:startImpl(302)) - b8911061-d087-4ec2-bfc4-9091de9e538b: GrpcService started, listening on 15074
2024-06-08 17:12:19,076 [b8911061-d087-4ec2-bfc4-9091de9e538b-EndpointStateMachineTaskThread-/0.0.0.0:15055-0 ] INFO  server.GrpcService (GrpcService.java:startImpl(302)) - b8911061-d087-4ec2-bfc4-9091de9e538b: GrpcService started, listening on 15076
2024-06-08 17:12:19,076 [b8911061-d087-4ec2-bfc4-9091de9e538b-EndpointStateMachineTaskThread-/0.0.0.0:15055-0 ] INFO  server.GrpcService (GrpcService.java:startImpl(302)) - b8911061-d087-4ec2-bfc4-9091de9e538b: GrpcService started, listening on 15075
2024-06-08 17:12:19,076 [b8911061-d087-4ec2-bfc4-9091de9e538b-EndpointStateMachineTaskThread-/0.0.0.0:15055-0 ] INFO  ratis.XceiverServerRatis (XceiverServerRatis.java:getRealPort(592)) - XceiverServerRatis b8911061-d087-4ec2-bfc4-9091de9e538b is started using port 15074 for RATIS
2024-06-08 17:12:19,077 [b8911061-d087-4ec2-bfc4-9091de9e538b-EndpointStateMachineTaskThread-/0.0.0.0:15055-0 ] INFO  ratis.XceiverServerRatis (XceiverServerRatis.java:getRealPort(592)) - XceiverServerRatis b8911061-d087-4ec2-bfc4-9091de9e538b is started using port 15075 for RATIS_ADMIN
2024-06-08 17:12:19,077 [b8911061-d087-4ec2-bfc4-9091de9e538b-EndpointStateMachineTaskThread-/0.0.0.0:15055-0 ] INFO  ratis.XceiverServerRatis (XceiverServerRatis.java:getRealPort(592)) - XceiverServerRatis b8911061-d087-4ec2-bfc4-9091de9e538b is started using port 15076 for RATIS_SERVER
2024-06-08 17:12:19,077 [b8911061-d087-4ec2-bfc4-9091de9e538b-EndpointStateMachineTaskThread-/0.0.0.0:15055-0 ] INFO  ratis.XceiverServerRatis (XceiverServerRatis.java:getRealPort(592)) - XceiverServerRatis b8911061-d087-4ec2-bfc4-9091de9e538b is started using port 15077 for RATIS_DATASTREAM
2024-06-08 17:12:19,076 [JvmPauseMonitor10] INFO  util.JvmPauseMonitor (JvmPauseMonitor.java:run(146)) - JvmPauseMonitor-b8911061-d087-4ec2-bfc4-9091de9e538b: Started
2024-06-08 17:12:19,078 [b8911061-d087-4ec2-bfc4-9091de9e538b-BlockDeletingService#0] INFO  interfaces.ContainerDeletionChoosingPolicyTemplate (ContainerDeletionChoosingPolicyTemplate.java:chooseContainerForBlockDeletion(85)) - Chosen 0/5000 blocks from 0 candidate containers.
2024-06-08 17:12:19,133 [b58efb8a-bcce-4b5c-ba4f-ff0c627932bf-EndpointStateMachineTaskThread-/0.0.0.0:15055-0 ] INFO  utils.DatanodeStoreCache (DatanodeStoreCache.java:addDB(72)) - Added db /home/runner/work/ozone/ozone/hadoop-ozone/integration-test/target/test-dir/MiniOzoneClusterImpl-6b59e386-941c-4981-b753-7806b34dbc05/ozone-meta/datanode-3/data-0/hdds/6b59e386-941c-4981-b753-7806b34dbc05/DS-97c01086-debe-488b-9247-774c0e8f9834/container.db to cache
2024-06-08 17:12:19,133 [b58efb8a-bcce-4b5c-ba4f-ff0c627932bf-EndpointStateMachineTaskThread-/0.0.0.0:15055-0 ] INFO  volume.HddsVolume (HddsVolume.java:createDbStore(437)) - SchemaV3 db is created and loaded at /home/runner/work/ozone/ozone/hadoop-ozone/integration-test/target/test-dir/MiniOzoneClusterImpl-6b59e386-941c-4981-b753-7806b34dbc05/ozone-meta/datanode-3/data-0/hdds/6b59e386-941c-4981-b753-7806b34dbc05/DS-97c01086-debe-488b-9247-774c0e8f9834/container.db for volume DS-97c01086-debe-488b-9247-774c0e8f9834
2024-06-08 17:12:19,135 [b58efb8a-bcce-4b5c-ba4f-ff0c627932bf-ContainerReader-0] INFO  ozoneimpl.ContainerReader (ContainerReader.java:readVolume(148)) - Start to verify containers on volume /home/runner/work/ozone/ozone/hadoop-ozone/integration-test/target/test-dir/MiniOzoneClusterImpl-6b59e386-941c-4981-b753-7806b34dbc05/ozone-meta/datanode-3/data-0/hdds
2024-06-08 17:12:19,135 [b58efb8a-bcce-4b5c-ba4f-ff0c627932bf-ContainerReader-0] INFO  ozoneimpl.ContainerReader (ContainerReader.java:readVolume(178)) - Finish verifying containers on volume /home/runner/work/ozone/ozone/hadoop-ozone/integration-test/target/test-dir/MiniOzoneClusterImpl-6b59e386-941c-4981-b753-7806b34dbc05/ozone-meta/datanode-3/data-0/hdds
2024-06-08 17:12:19,135 [b58efb8a-bcce-4b5c-ba4f-ff0c627932bf-EndpointStateMachineTaskThread-/0.0.0.0:15055-0 ] INFO  ozoneimpl.OzoneContainer (OzoneContainer.java:buildContainerSet(328)) - Build ContainerSet costs 0s
2024-06-08 17:12:19,135 [b58efb8a-bcce-4b5c-ba4f-ff0c627932bf-EndpointStateMachineTaskThread-/0.0.0.0:15055-0 ] INFO  volume.ThrottledAsyncChecker (ThrottledAsyncChecker.java:schedule(141)) - Scheduling a check for /home/runner/work/ozone/ozone/hadoop-ozone/integration-test/target/test-dir/MiniOzoneClusterImpl-6b59e386-941c-4981-b753-7806b34dbc05/ozone-meta/datanode-3/data-0/hdds
2024-06-08 17:12:19,136 [b58efb8a-bcce-4b5c-ba4f-ff0c627932bf-EndpointStateMachineTaskThread-/0.0.0.0:15055-0 ] INFO  volume.StorageVolumeChecker (StorageVolumeChecker.java:checkAllVolumes(218)) - Scheduled health check for volume /home/runner/work/ozone/ozone/hadoop-ozone/integration-test/target/test-dir/MiniOzoneClusterImpl-6b59e386-941c-4981-b753-7806b34dbc05/ozone-meta/datanode-3/data-0/hdds
2024-06-08 17:12:19,137 [b58efb8a-bcce-4b5c-ba4f-ff0c627932bf-EndpointStateMachineTaskThread-/0.0.0.0:15055-0 ] INFO  volume.ThrottledAsyncChecker (ThrottledAsyncChecker.java:schedule(141)) - Scheduling a check for /home/runner/work/ozone/ozone/hadoop-ozone/integration-test/target/test-dir/MiniOzoneClusterImpl-6b59e386-941c-4981-b753-7806b34dbc05/ozone-meta/datanode-3/ratis
2024-06-08 17:12:19,137 [b58efb8a-bcce-4b5c-ba4f-ff0c627932bf-EndpointStateMachineTaskThread-/0.0.0.0:15055-0 ] INFO  volume.StorageVolumeChecker (StorageVolumeChecker.java:checkAllVolumes(218)) - Scheduled health check for volume /home/runner/work/ozone/ozone/hadoop-ozone/integration-test/target/test-dir/MiniOzoneClusterImpl-6b59e386-941c-4981-b753-7806b34dbc05/ozone-meta/datanode-3/ratis
2024-06-08 17:12:19,138 [b58efb8a-bcce-4b5c-ba4f-ff0c627932bf-EndpointStateMachineTaskThread-/0.0.0.0:15055-0 ] INFO  ozoneimpl.OzoneContainer (OzoneContainer.java:start(459)) - Attempting to start container services.
2024-06-08 17:12:19,138 [b58efb8a-bcce-4b5c-ba4f-ff0c627932bf-EndpointStateMachineTaskThread-/0.0.0.0:15055-0 ] WARN  ozoneimpl.OnDemandContainerDataScanner (OnDemandContainerDataScanner.java:init(75)) - Trying to initialize on demand scanner a second time on a datanode.
2024-06-08 17:12:19,138 [ContainerMetadataScanner] INFO  ozoneimpl.AbstractBackgroundContainerScanner (AbstractBackgroundContainerScanner.java:runIteration(87)) - Completed an iteration in 0 minutes. Number of iterations (since the data-node restart) : 1, Number of containers scanned in this iteration : 0, Number of unhealthy containers found in this iteration : 0
2024-06-08 17:12:19,138 [ContainerDataScanner(/home/runner/work/ozone/ozone/hadoop-ozone/integration-test/target/test-dir/MiniOzoneClusterImpl-6b59e386-941c-4981-b753-7806b34dbc05/ozone-meta/datanode-3/data-0/hdds)] INFO  ozoneimpl.AbstractBackgroundContainerScanner (AbstractBackgroundContainerScanner.java:runIteration(87)) - Completed an iteration in 0 minutes. Number of iterations (since the data-node restart) : 1, Number of containers scanned in this iteration : 0, Number of unhealthy containers found in this iteration : 0
2024-06-08 17:12:19,139 [b58efb8a-bcce-4b5c-ba4f-ff0c627932bf-EndpointStateMachineTaskThread-/0.0.0.0:15055-0 ] INFO  replication.ReplicationServer (ReplicationServer.java:start(142)) - ReplicationServer is started using port 15087
2024-06-08 17:12:19,139 [b58efb8a-bcce-4b5c-ba4f-ff0c627932bf-EndpointStateMachineTaskThread-/0.0.0.0:15055-0 ] INFO  ratis.XceiverServerRatis (XceiverServerRatis.java:start(566)) - Starting XceiverServerRatis b58efb8a-bcce-4b5c-ba4f-ff0c627932bf
2024-06-08 17:12:19,147 [b58efb8a-bcce-4b5c-ba4f-ff0c627932bf-EndpointStateMachineTaskThread-/0.0.0.0:15055-0 ] INFO  server.RaftServer (RaftServerProxy.java:startImpl(406)) - b58efb8a-bcce-4b5c-ba4f-ff0c627932bf: start RPC server
2024-06-08 17:12:19,147 [b58efb8a-bcce-4b5c-ba4f-ff0c627932bf-EndpointStateMachineTaskThread-/0.0.0.0:15055-0 ] INFO  server.GrpcService (GrpcService.java:startImpl(302)) - b58efb8a-bcce-4b5c-ba4f-ff0c627932bf: GrpcService started, listening on 15083
2024-06-08 17:12:19,147 [b58efb8a-bcce-4b5c-ba4f-ff0c627932bf-EndpointStateMachineTaskThread-/0.0.0.0:15055-0 ] INFO  server.GrpcService (GrpcService.java:startImpl(302)) - b58efb8a-bcce-4b5c-ba4f-ff0c627932bf: GrpcService started, listening on 15085
2024-06-08 17:12:19,147 [b58efb8a-bcce-4b5c-ba4f-ff0c627932bf-EndpointStateMachineTaskThread-/0.0.0.0:15055-0 ] INFO  server.GrpcService (GrpcService.java:startImpl(302)) - b58efb8a-bcce-4b5c-ba4f-ff0c627932bf: GrpcService started, listening on 15084
2024-06-08 17:12:19,148 [b58efb8a-bcce-4b5c-ba4f-ff0c627932bf-EndpointStateMachineTaskThread-/0.0.0.0:15055-0 ] INFO  ratis.XceiverServerRatis (XceiverServerRatis.java:getRealPort(592)) - XceiverServerRatis b58efb8a-bcce-4b5c-ba4f-ff0c627932bf is started using port 15083 for RATIS
2024-06-08 17:12:19,148 [b58efb8a-bcce-4b5c-ba4f-ff0c627932bf-EndpointStateMachineTaskThread-/0.0.0.0:15055-0 ] INFO  ratis.XceiverServerRatis (XceiverServerRatis.java:getRealPort(592)) - XceiverServerRatis b58efb8a-bcce-4b5c-ba4f-ff0c627932bf is started using port 15084 for RATIS_ADMIN
2024-06-08 17:12:19,148 [b58efb8a-bcce-4b5c-ba4f-ff0c627932bf-EndpointStateMachineTaskThread-/0.0.0.0:15055-0 ] INFO  ratis.XceiverServerRatis (XceiverServerRatis.java:getRealPort(592)) - XceiverServerRatis b58efb8a-bcce-4b5c-ba4f-ff0c627932bf is started using port 15085 for RATIS_SERVER
2024-06-08 17:12:19,148 [b58efb8a-bcce-4b5c-ba4f-ff0c627932bf-EndpointStateMachineTaskThread-/0.0.0.0:15055-0 ] INFO  ratis.XceiverServerRatis (XceiverServerRatis.java:getRealPort(592)) - XceiverServerRatis b58efb8a-bcce-4b5c-ba4f-ff0c627932bf is started using port 15086 for RATIS_DATASTREAM
2024-06-08 17:12:19,148 [JvmPauseMonitor11] INFO  util.JvmPauseMonitor (JvmPauseMonitor.java:run(146)) - JvmPauseMonitor-b58efb8a-bcce-4b5c-ba4f-ff0c627932bf: Started
2024-06-08 17:12:19,152 [b58efb8a-bcce-4b5c-ba4f-ff0c627932bf-BlockDeletingService#0] INFO  interfaces.ContainerDeletionChoosingPolicyTemplate (ContainerDeletionChoosingPolicyTemplate.java:chooseContainerForBlockDeletion(85)) - Chosen 0/5000 blocks from 0 candidate containers.
2024-06-08 17:12:19,214 [5b9ea29f-4e96-47ac-97d6-33d0cc39064b-EndpointStateMachineTaskThread-/0.0.0.0:15055-0 ] INFO  utils.DatanodeStoreCache (DatanodeStoreCache.java:addDB(72)) - Added db /home/runner/work/ozone/ozone/hadoop-ozone/integration-test/target/test-dir/MiniOzoneClusterImpl-6b59e386-941c-4981-b753-7806b34dbc05/ozone-meta/datanode-4/data-0/hdds/6b59e386-941c-4981-b753-7806b34dbc05/DS-196276ef-1f62-4795-aeae-56a35f0688d3/container.db to cache
2024-06-08 17:12:19,214 [5b9ea29f-4e96-47ac-97d6-33d0cc39064b-EndpointStateMachineTaskThread-/0.0.0.0:15055-0 ] INFO  volume.HddsVolume (HddsVolume.java:createDbStore(437)) - SchemaV3 db is created and loaded at /home/runner/work/ozone/ozone/hadoop-ozone/integration-test/target/test-dir/MiniOzoneClusterImpl-6b59e386-941c-4981-b753-7806b34dbc05/ozone-meta/datanode-4/data-0/hdds/6b59e386-941c-4981-b753-7806b34dbc05/DS-196276ef-1f62-4795-aeae-56a35f0688d3/container.db for volume DS-196276ef-1f62-4795-aeae-56a35f0688d3
2024-06-08 17:12:19,216 [5b9ea29f-4e96-47ac-97d6-33d0cc39064b-ContainerReader-0] INFO  ozoneimpl.ContainerReader (ContainerReader.java:readVolume(148)) - Start to verify containers on volume /home/runner/work/ozone/ozone/hadoop-ozone/integration-test/target/test-dir/MiniOzoneClusterImpl-6b59e386-941c-4981-b753-7806b34dbc05/ozone-meta/datanode-4/data-0/hdds
2024-06-08 17:12:19,216 [5b9ea29f-4e96-47ac-97d6-33d0cc39064b-ContainerReader-0] INFO  ozoneimpl.ContainerReader (ContainerReader.java:readVolume(178)) - Finish verifying containers on volume /home/runner/work/ozone/ozone/hadoop-ozone/integration-test/target/test-dir/MiniOzoneClusterImpl-6b59e386-941c-4981-b753-7806b34dbc05/ozone-meta/datanode-4/data-0/hdds
2024-06-08 17:12:19,216 [5b9ea29f-4e96-47ac-97d6-33d0cc39064b-EndpointStateMachineTaskThread-/0.0.0.0:15055-0 ] INFO  ozoneimpl.OzoneContainer (OzoneContainer.java:buildContainerSet(328)) - Build ContainerSet costs 0s
2024-06-08 17:12:19,217 [5b9ea29f-4e96-47ac-97d6-33d0cc39064b-EndpointStateMachineTaskThread-/0.0.0.0:15055-0 ] INFO  volume.ThrottledAsyncChecker (ThrottledAsyncChecker.java:schedule(141)) - Scheduling a check for /home/runner/work/ozone/ozone/hadoop-ozone/integration-test/target/test-dir/MiniOzoneClusterImpl-6b59e386-941c-4981-b753-7806b34dbc05/ozone-meta/datanode-4/data-0/hdds
2024-06-08 17:12:19,217 [5b9ea29f-4e96-47ac-97d6-33d0cc39064b-EndpointStateMachineTaskThread-/0.0.0.0:15055-0 ] INFO  volume.StorageVolumeChecker (StorageVolumeChecker.java:checkAllVolumes(218)) - Scheduled health check for volume /home/runner/work/ozone/ozone/hadoop-ozone/integration-test/target/test-dir/MiniOzoneClusterImpl-6b59e386-941c-4981-b753-7806b34dbc05/ozone-meta/datanode-4/data-0/hdds
2024-06-08 17:12:19,218 [5b9ea29f-4e96-47ac-97d6-33d0cc39064b-EndpointStateMachineTaskThread-/0.0.0.0:15055-0 ] INFO  volume.ThrottledAsyncChecker (ThrottledAsyncChecker.java:schedule(141)) - Scheduling a check for /home/runner/work/ozone/ozone/hadoop-ozone/integration-test/target/test-dir/MiniOzoneClusterImpl-6b59e386-941c-4981-b753-7806b34dbc05/ozone-meta/datanode-4/ratis
2024-06-08 17:12:19,218 [5b9ea29f-4e96-47ac-97d6-33d0cc39064b-EndpointStateMachineTaskThread-/0.0.0.0:15055-0 ] INFO  volume.StorageVolumeChecker (StorageVolumeChecker.java:checkAllVolumes(218)) - Scheduled health check for volume /home/runner/work/ozone/ozone/hadoop-ozone/integration-test/target/test-dir/MiniOzoneClusterImpl-6b59e386-941c-4981-b753-7806b34dbc05/ozone-meta/datanode-4/ratis
2024-06-08 17:12:19,218 [5b9ea29f-4e96-47ac-97d6-33d0cc39064b-EndpointStateMachineTaskThread-/0.0.0.0:15055-0 ] INFO  ozoneimpl.OzoneContainer (OzoneContainer.java:start(459)) - Attempting to start container services.
2024-06-08 17:12:19,218 [5b9ea29f-4e96-47ac-97d6-33d0cc39064b-EndpointStateMachineTaskThread-/0.0.0.0:15055-0 ] WARN  ozoneimpl.OnDemandContainerDataScanner (OnDemandContainerDataScanner.java:init(75)) - Trying to initialize on demand scanner a second time on a datanode.
2024-06-08 17:12:19,219 [ContainerMetadataScanner] INFO  ozoneimpl.AbstractBackgroundContainerScanner (AbstractBackgroundContainerScanner.java:runIteration(87)) - Completed an iteration in 0 minutes. Number of iterations (since the data-node restart) : 1, Number of containers scanned in this iteration : 0, Number of unhealthy containers found in this iteration : 0
2024-06-08 17:12:19,219 [ContainerDataScanner(/home/runner/work/ozone/ozone/hadoop-ozone/integration-test/target/test-dir/MiniOzoneClusterImpl-6b59e386-941c-4981-b753-7806b34dbc05/ozone-meta/datanode-4/data-0/hdds)] INFO  ozoneimpl.AbstractBackgroundContainerScanner (AbstractBackgroundContainerScanner.java:runIteration(87)) - Completed an iteration in 0 minutes. Number of iterations (since the data-node restart) : 1, Number of containers scanned in this iteration : 0, Number of unhealthy containers found in this iteration : 0
2024-06-08 17:12:19,219 [5b9ea29f-4e96-47ac-97d6-33d0cc39064b-EndpointStateMachineTaskThread-/0.0.0.0:15055-0 ] INFO  replication.ReplicationServer (ReplicationServer.java:start(142)) - ReplicationServer is started using port 15096
2024-06-08 17:12:19,219 [5b9ea29f-4e96-47ac-97d6-33d0cc39064b-EndpointStateMachineTaskThread-/0.0.0.0:15055-0 ] INFO  ratis.XceiverServerRatis (XceiverServerRatis.java:start(566)) - Starting XceiverServerRatis 5b9ea29f-4e96-47ac-97d6-33d0cc39064b
2024-06-08 17:12:19,220 [5b9ea29f-4e96-47ac-97d6-33d0cc39064b-EndpointStateMachineTaskThread-/0.0.0.0:15055-0 ] INFO  server.RaftServer (RaftServerProxy.java:startImpl(406)) - 5b9ea29f-4e96-47ac-97d6-33d0cc39064b: start RPC server
2024-06-08 17:12:19,220 [5b9ea29f-4e96-47ac-97d6-33d0cc39064b-EndpointStateMachineTaskThread-/0.0.0.0:15055-0 ] INFO  server.GrpcService (GrpcService.java:startImpl(302)) - 5b9ea29f-4e96-47ac-97d6-33d0cc39064b: GrpcService started, listening on 15092
2024-06-08 17:12:19,220 [5b9ea29f-4e96-47ac-97d6-33d0cc39064b-EndpointStateMachineTaskThread-/0.0.0.0:15055-0 ] INFO  server.GrpcService (GrpcService.java:startImpl(302)) - 5b9ea29f-4e96-47ac-97d6-33d0cc39064b: GrpcService started, listening on 15094
2024-06-08 17:12:19,221 [5b9ea29f-4e96-47ac-97d6-33d0cc39064b-EndpointStateMachineTaskThread-/0.0.0.0:15055-0 ] INFO  server.GrpcService (GrpcService.java:startImpl(302)) - 5b9ea29f-4e96-47ac-97d6-33d0cc39064b: GrpcService started, listening on 15093
2024-06-08 17:12:19,221 [5b9ea29f-4e96-47ac-97d6-33d0cc39064b-EndpointStateMachineTaskThread-/0.0.0.0:15055-0 ] INFO  ratis.XceiverServerRatis (XceiverServerRatis.java:getRealPort(592)) - XceiverServerRatis 5b9ea29f-4e96-47ac-97d6-33d0cc39064b is started using port 15092 for RATIS
2024-06-08 17:12:19,221 [5b9ea29f-4e96-47ac-97d6-33d0cc39064b-EndpointStateMachineTaskThread-/0.0.0.0:15055-0 ] INFO  ratis.XceiverServerRatis (XceiverServerRatis.java:getRealPort(592)) - XceiverServerRatis 5b9ea29f-4e96-47ac-97d6-33d0cc39064b is started using port 15093 for RATIS_ADMIN
2024-06-08 17:12:19,221 [5b9ea29f-4e96-47ac-97d6-33d0cc39064b-EndpointStateMachineTaskThread-/0.0.0.0:15055-0 ] INFO  ratis.XceiverServerRatis (XceiverServerRatis.java:getRealPort(592)) - XceiverServerRatis 5b9ea29f-4e96-47ac-97d6-33d0cc39064b is started using port 15094 for RATIS_SERVER
2024-06-08 17:12:19,221 [5b9ea29f-4e96-47ac-97d6-33d0cc39064b-EndpointStateMachineTaskThread-/0.0.0.0:15055-0 ] INFO  ratis.XceiverServerRatis (XceiverServerRatis.java:getRealPort(592)) - XceiverServerRatis 5b9ea29f-4e96-47ac-97d6-33d0cc39064b is started using port 15095 for RATIS_DATASTREAM
2024-06-08 17:12:19,221 [JvmPauseMonitor12] INFO  util.JvmPauseMonitor (JvmPauseMonitor.java:run(146)) - JvmPauseMonitor-5b9ea29f-4e96-47ac-97d6-33d0cc39064b: Started
2024-06-08 17:12:19,222 [5b9ea29f-4e96-47ac-97d6-33d0cc39064b-BlockDeletingService#0] INFO  interfaces.ContainerDeletionChoosingPolicyTemplate (ContainerDeletionChoosingPolicyTemplate.java:chooseContainerForBlockDeletion(85)) - Chosen 0/5000 blocks from 0 candidate containers.
2024-06-08 17:12:19,249 [main] INFO  ozone.MiniOzoneClusterImpl (MiniOzoneClusterImpl.java:lambda$waitForClusterToBeReady$0(194)) - Waiting for nodes to be ready. Got 0 of 5 DN Heartbeats.
2024-06-08 17:12:19,249 [main] INFO  ozone.MiniOzoneClusterImpl (MiniOzoneClusterImpl.java:lambda$waitForClusterToBeReady$0(197)) - Waiting for cluster to exit safe mode
2024-06-08 17:12:19,249 [main] INFO  ozone.MiniOzoneClusterImpl (MiniOzoneClusterImpl.java:lambda$waitForClusterToBeReady$0(199)) - SCM became leader
2024-06-08 17:12:19,264 [4a3afcc0-0f17-4502-9539-e074401f0f0d-EndpointStateMachineTaskThread-/0.0.0.0:15055-0 ] INFO  utils.DatanodeStoreCache (DatanodeStoreCache.java:addDB(72)) - Added db /home/runner/work/ozone/ozone/hadoop-ozone/integration-test/target/test-dir/MiniOzoneClusterImpl-6b59e386-941c-4981-b753-7806b34dbc05/ozone-meta/datanode-5/data-0/hdds/6b59e386-941c-4981-b753-7806b34dbc05/DS-9c0d48b0-5ac7-475b-b179-4b482fe6b94c/container.db to cache
2024-06-08 17:12:19,264 [4a3afcc0-0f17-4502-9539-e074401f0f0d-EndpointStateMachineTaskThread-/0.0.0.0:15055-0 ] INFO  volume.HddsVolume (HddsVolume.java:createDbStore(437)) - SchemaV3 db is created and loaded at /home/runner/work/ozone/ozone/hadoop-ozone/integration-test/target/test-dir/MiniOzoneClusterImpl-6b59e386-941c-4981-b753-7806b34dbc05/ozone-meta/datanode-5/data-0/hdds/6b59e386-941c-4981-b753-7806b34dbc05/DS-9c0d48b0-5ac7-475b-b179-4b482fe6b94c/container.db for volume DS-9c0d48b0-5ac7-475b-b179-4b482fe6b94c
2024-06-08 17:12:19,266 [4a3afcc0-0f17-4502-9539-e074401f0f0d-ContainerReader-0] INFO  ozoneimpl.ContainerReader (ContainerReader.java:readVolume(148)) - Start to verify containers on volume /home/runner/work/ozone/ozone/hadoop-ozone/integration-test/target/test-dir/MiniOzoneClusterImpl-6b59e386-941c-4981-b753-7806b34dbc05/ozone-meta/datanode-5/data-0/hdds
2024-06-08 17:12:19,266 [4a3afcc0-0f17-4502-9539-e074401f0f0d-ContainerReader-0] INFO  ozoneimpl.ContainerReader (ContainerReader.java:readVolume(178)) - Finish verifying containers on volume /home/runner/work/ozone/ozone/hadoop-ozone/integration-test/target/test-dir/MiniOzoneClusterImpl-6b59e386-941c-4981-b753-7806b34dbc05/ozone-meta/datanode-5/data-0/hdds
2024-06-08 17:12:19,266 [4a3afcc0-0f17-4502-9539-e074401f0f0d-EndpointStateMachineTaskThread-/0.0.0.0:15055-0 ] INFO  ozoneimpl.OzoneContainer (OzoneContainer.java:buildContainerSet(328)) - Build ContainerSet costs 0s
2024-06-08 17:12:19,266 [4a3afcc0-0f17-4502-9539-e074401f0f0d-EndpointStateMachineTaskThread-/0.0.0.0:15055-0 ] INFO  volume.ThrottledAsyncChecker (ThrottledAsyncChecker.java:schedule(141)) - Scheduling a check for /home/runner/work/ozone/ozone/hadoop-ozone/integration-test/target/test-dir/MiniOzoneClusterImpl-6b59e386-941c-4981-b753-7806b34dbc05/ozone-meta/datanode-5/data-0/hdds
2024-06-08 17:12:19,266 [4a3afcc0-0f17-4502-9539-e074401f0f0d-EndpointStateMachineTaskThread-/0.0.0.0:15055-0 ] INFO  volume.StorageVolumeChecker (StorageVolumeChecker.java:checkAllVolumes(218)) - Scheduled health check for volume /home/runner/work/ozone/ozone/hadoop-ozone/integration-test/target/test-dir/MiniOzoneClusterImpl-6b59e386-941c-4981-b753-7806b34dbc05/ozone-meta/datanode-5/data-0/hdds
2024-06-08 17:12:19,267 [4a3afcc0-0f17-4502-9539-e074401f0f0d-EndpointStateMachineTaskThread-/0.0.0.0:15055-0 ] INFO  volume.ThrottledAsyncChecker (ThrottledAsyncChecker.java:schedule(141)) - Scheduling a check for /home/runner/work/ozone/ozone/hadoop-ozone/integration-test/target/test-dir/MiniOzoneClusterImpl-6b59e386-941c-4981-b753-7806b34dbc05/ozone-meta/datanode-5/ratis
2024-06-08 17:12:19,267 [4a3afcc0-0f17-4502-9539-e074401f0f0d-EndpointStateMachineTaskThread-/0.0.0.0:15055-0 ] INFO  volume.StorageVolumeChecker (StorageVolumeChecker.java:checkAllVolumes(218)) - Scheduled health check for volume /home/runner/work/ozone/ozone/hadoop-ozone/integration-test/target/test-dir/MiniOzoneClusterImpl-6b59e386-941c-4981-b753-7806b34dbc05/ozone-meta/datanode-5/ratis
2024-06-08 17:12:19,268 [4a3afcc0-0f17-4502-9539-e074401f0f0d-EndpointStateMachineTaskThread-/0.0.0.0:15055-0 ] INFO  ozoneimpl.OzoneContainer (OzoneContainer.java:start(459)) - Attempting to start container services.
2024-06-08 17:12:19,268 [4a3afcc0-0f17-4502-9539-e074401f0f0d-EndpointStateMachineTaskThread-/0.0.0.0:15055-0 ] WARN  ozoneimpl.OnDemandContainerDataScanner (OnDemandContainerDataScanner.java:init(75)) - Trying to initialize on demand scanner a second time on a datanode.
2024-06-08 17:12:19,268 [ContainerMetadataScanner] INFO  ozoneimpl.AbstractBackgroundContainerScanner (AbstractBackgroundContainerScanner.java:runIteration(87)) - Completed an iteration in 0 minutes. Number of iterations (since the data-node restart) : 1, Number of containers scanned in this iteration : 0, Number of unhealthy containers found in this iteration : 0
2024-06-08 17:12:19,268 [ContainerDataScanner(/home/runner/work/ozone/ozone/hadoop-ozone/integration-test/target/test-dir/MiniOzoneClusterImpl-6b59e386-941c-4981-b753-7806b34dbc05/ozone-meta/datanode-5/data-0/hdds)] INFO  ozoneimpl.AbstractBackgroundContainerScanner (AbstractBackgroundContainerScanner.java:runIteration(87)) - Completed an iteration in 0 minutes. Number of iterations (since the data-node restart) : 1, Number of containers scanned in this iteration : 0, Number of unhealthy containers found in this iteration : 0
2024-06-08 17:12:19,269 [4a3afcc0-0f17-4502-9539-e074401f0f0d-EndpointStateMachineTaskThread-/0.0.0.0:15055-0 ] INFO  replication.ReplicationServer (ReplicationServer.java:start(142)) - ReplicationServer is started using port 15105
2024-06-08 17:12:19,269 [4a3afcc0-0f17-4502-9539-e074401f0f0d-EndpointStateMachineTaskThread-/0.0.0.0:15055-0 ] INFO  ratis.XceiverServerRatis (XceiverServerRatis.java:start(566)) - Starting XceiverServerRatis 4a3afcc0-0f17-4502-9539-e074401f0f0d
2024-06-08 17:12:19,279 [4a3afcc0-0f17-4502-9539-e074401f0f0d-EndpointStateMachineTaskThread-/0.0.0.0:15055-0 ] INFO  server.RaftServer (RaftServerProxy.java:startImpl(406)) - 4a3afcc0-0f17-4502-9539-e074401f0f0d: start RPC server
2024-06-08 17:12:19,279 [4a3afcc0-0f17-4502-9539-e074401f0f0d-EndpointStateMachineTaskThread-/0.0.0.0:15055-0 ] INFO  server.GrpcService (GrpcService.java:startImpl(302)) - 4a3afcc0-0f17-4502-9539-e074401f0f0d: GrpcService started, listening on 15101
2024-06-08 17:12:19,279 [4a3afcc0-0f17-4502-9539-e074401f0f0d-EndpointStateMachineTaskThread-/0.0.0.0:15055-0 ] INFO  server.GrpcService (GrpcService.java:startImpl(302)) - 4a3afcc0-0f17-4502-9539-e074401f0f0d: GrpcService started, listening on 15103
2024-06-08 17:12:19,280 [4a3afcc0-0f17-4502-9539-e074401f0f0d-EndpointStateMachineTaskThread-/0.0.0.0:15055-0 ] INFO  server.GrpcService (GrpcService.java:startImpl(302)) - 4a3afcc0-0f17-4502-9539-e074401f0f0d: GrpcService started, listening on 15102
2024-06-08 17:12:19,281 [JvmPauseMonitor13] INFO  util.JvmPauseMonitor (JvmPauseMonitor.java:run(146)) - JvmPauseMonitor-4a3afcc0-0f17-4502-9539-e074401f0f0d: Started
2024-06-08 17:12:19,281 [4a3afcc0-0f17-4502-9539-e074401f0f0d-EndpointStateMachineTaskThread-/0.0.0.0:15055-0 ] INFO  ratis.XceiverServerRatis (XceiverServerRatis.java:getRealPort(592)) - XceiverServerRatis 4a3afcc0-0f17-4502-9539-e074401f0f0d is started using port 15101 for RATIS
2024-06-08 17:12:19,281 [4a3afcc0-0f17-4502-9539-e074401f0f0d-EndpointStateMachineTaskThread-/0.0.0.0:15055-0 ] INFO  ratis.XceiverServerRatis (XceiverServerRatis.java:getRealPort(592)) - XceiverServerRatis 4a3afcc0-0f17-4502-9539-e074401f0f0d is started using port 15102 for RATIS_ADMIN
2024-06-08 17:12:19,281 [4a3afcc0-0f17-4502-9539-e074401f0f0d-EndpointStateMachineTaskThread-/0.0.0.0:15055-0 ] INFO  ratis.XceiverServerRatis (XceiverServerRatis.java:getRealPort(592)) - XceiverServerRatis 4a3afcc0-0f17-4502-9539-e074401f0f0d is started using port 15103 for RATIS_SERVER
2024-06-08 17:12:19,281 [4a3afcc0-0f17-4502-9539-e074401f0f0d-EndpointStateMachineTaskThread-/0.0.0.0:15055-0 ] INFO  ratis.XceiverServerRatis (XceiverServerRatis.java:getRealPort(592)) - XceiverServerRatis 4a3afcc0-0f17-4502-9539-e074401f0f0d is started using port 15104 for RATIS_DATASTREAM
2024-06-08 17:12:19,283 [4a3afcc0-0f17-4502-9539-e074401f0f0d-BlockDeletingService#0] INFO  interfaces.ContainerDeletionChoosingPolicyTemplate (ContainerDeletionChoosingPolicyTemplate.java:chooseContainerForBlockDeletion(85)) - Chosen 0/5000 blocks from 0 candidate containers.
2024-06-08 17:12:20,249 [main] INFO  ozone.MiniOzoneClusterImpl (MiniOzoneClusterImpl.java:lambda$waitForClusterToBeReady$0(194)) - Waiting for nodes to be ready. Got 0 of 5 DN Heartbeats.
2024-06-08 17:12:20,249 [main] INFO  ozone.MiniOzoneClusterImpl (MiniOzoneClusterImpl.java:lambda$waitForClusterToBeReady$0(197)) - Waiting for cluster to exit safe mode
2024-06-08 17:12:20,249 [main] INFO  ozone.MiniOzoneClusterImpl (MiniOzoneClusterImpl.java:lambda$waitForClusterToBeReady$0(199)) - SCM became leader
2024-06-08 17:12:20,979 [IPC Server handler 1 on default port 15055] INFO  net.NetworkTopologyImpl (NetworkTopologyImpl.java:add(134)) - Added a new node: /default-rack/e3b50f59-81fe-4964-a90b-c9e3e207dda8
2024-06-08 17:12:20,979 [IPC Server handler 1 on default port 15055] INFO  node.SCMNodeManager (SCMNodeManager.java:register(421)) - Registered datanode: e3b50f59-81fe-4964-a90b-c9e3e207dda8{ip: 127.0.0.1, host: localhost, ports: [HTTP=15062, CLIENT_RPC=15063, REPLICATION=15069, RATIS=15065, RATIS_ADMIN=15066, RATIS_SERVER=15067, RATIS_DATASTREAM=15068, STANDALONE=15064], networkLocation: /default-rack, certSerialId: null, persistedOpState: null, persistedOpStateExpiryEpochSec: 0}
2024-06-08 17:12:20,980 [EventQueue-NewNodeForNewNodeHandler] INFO  pipeline.BackgroundPipelineCreator (BackgroundPipelineCreator.java:notifyEventTriggered(280)) - trigger a one-shot run on RatisPipelineUtilsThread.
2024-06-08 17:12:20,980 [EventQueue-NodeRegistrationContainerReportForContainerSafeModeRule] INFO  safemode.SCMSafeModeManager (SCMSafeModeManager.java:validateSafeModeExitRules(203)) - ContainerSafeModeRule rule is successfully validated
2024-06-08 17:12:20,980 [EventQueue-NodeRegistrationContainerReportForDataNodeSafeModeRule] INFO  safemode.SCMSafeModeManager (DataNodeSafeModeRule.java:process(71)) - SCM in safe mode. 1 DataNodes registered, 3 required.
2024-06-08 17:12:20,980 [RatisPipelineUtilsThread-0] INFO  pipeline.RatisPipelineProvider (RatisPipelineProvider.java:lambda$create$0(205)) - Sending CreatePipelineCommand for pipeline:PipelineID=44a274a6-5941-4856-b500-4d484fef3cf3 to datanode:e3b50f59-81fe-4964-a90b-c9e3e207dda8
2024-06-08 17:12:20,981 [EventQueue-PipelineReportForOneReplicaPipelineSafeModeRule] INFO  safemode.SCMSafeModeManager (SCMSafeModeManager.java:validateSafeModeExitRules(203)) - AtleastOneDatanodeReportedRule rule is successfully validated
2024-06-08 17:12:20,983 [RatisPipelineUtilsThread-0] INFO  pipeline.BackgroundPipelineCreator (BackgroundPipelineCreator.java:createPipelines(236)) - Created new pipeline Pipeline[ Id: 44a274a6-5941-4856-b500-4d484fef3cf3, Nodes: e3b50f59-81fe-4964-a90b-c9e3e207dda8(localhost/127.0.0.1), ReplicationConfig: RATIS/ONE, State:ALLOCATED, leaderId:, CreationTimestamp2024-06-08T17:12:20.980857658Z[Etc/UTC]]
2024-06-08 17:12:21,049 [IPC Server handler 2 on default port 15055] INFO  net.NetworkTopologyImpl (NetworkTopologyImpl.java:add(134)) - Added a new node: /default-rack/b8911061-d087-4ec2-bfc4-9091de9e538b
2024-06-08 17:12:21,049 [IPC Server handler 2 on default port 15055] INFO  node.SCMNodeManager (SCMNodeManager.java:register(421)) - Registered datanode: b8911061-d087-4ec2-bfc4-9091de9e538b{ip: 127.0.0.1, host: localhost, ports: [HTTP=15071, CLIENT_RPC=15072, REPLICATION=15078, RATIS=15074, RATIS_ADMIN=15075, RATIS_SERVER=15076, RATIS_DATASTREAM=15077, STANDALONE=15073], networkLocation: /default-rack, certSerialId: null, persistedOpState: null, persistedOpStateExpiryEpochSec: 0}
2024-06-08 17:12:21,049 [EventQueue-NodeRegistrationContainerReportForDataNodeSafeModeRule] INFO  safemode.SCMSafeModeManager (DataNodeSafeModeRule.java:process(71)) - SCM in safe mode. 2 DataNodes registered, 3 required.
2024-06-08 17:12:21,049 [EventQueue-NewNodeForNewNodeHandler] INFO  pipeline.BackgroundPipelineCreator (BackgroundPipelineCreator.java:notifyEventTriggered(280)) - trigger a one-shot run on RatisPipelineUtilsThread.
2024-06-08 17:12:21,049 [RatisPipelineUtilsThread-0] INFO  pipeline.RatisPipelineProvider (RatisPipelineProvider.java:lambda$create$0(205)) - Sending CreatePipelineCommand for pipeline:PipelineID=8f3c9ac3-1342-476a-b2df-9d1b5707d807 to datanode:b8911061-d087-4ec2-bfc4-9091de9e538b
2024-06-08 17:12:21,050 [RatisPipelineUtilsThread-0] INFO  pipeline.BackgroundPipelineCreator (BackgroundPipelineCreator.java:createPipelines(236)) - Created new pipeline Pipeline[ Id: 8f3c9ac3-1342-476a-b2df-9d1b5707d807, Nodes: b8911061-d087-4ec2-bfc4-9091de9e538b(localhost/127.0.0.1), ReplicationConfig: RATIS/ONE, State:ALLOCATED, leaderId:, CreationTimestamp2024-06-08T17:12:21.049952451Z[Etc/UTC]]
2024-06-08 17:12:21,117 [IPC Server handler 3 on default port 15055] INFO  net.NetworkTopologyImpl (NetworkTopologyImpl.java:add(134)) - Added a new node: /default-rack/b58efb8a-bcce-4b5c-ba4f-ff0c627932bf
2024-06-08 17:12:21,117 [IPC Server handler 3 on default port 15055] INFO  node.SCMNodeManager (SCMNodeManager.java:register(421)) - Registered datanode: b58efb8a-bcce-4b5c-ba4f-ff0c627932bf{ip: 127.0.0.1, host: localhost, ports: [HTTP=15080, CLIENT_RPC=15081, REPLICATION=15087, RATIS=15083, RATIS_ADMIN=15084, RATIS_SERVER=15085, RATIS_DATASTREAM=15086, STANDALONE=15082], networkLocation: /default-rack, certSerialId: null, persistedOpState: null, persistedOpStateExpiryEpochSec: 0}
2024-06-08 17:12:21,117 [EventQueue-NewNodeForNewNodeHandler] INFO  pipeline.BackgroundPipelineCreator (BackgroundPipelineCreator.java:notifyEventTriggered(280)) - trigger a one-shot run on RatisPipelineUtilsThread.
2024-06-08 17:12:21,117 [EventQueue-NodeRegistrationContainerReportForDataNodeSafeModeRule] INFO  safemode.SCMSafeModeManager (DataNodeSafeModeRule.java:process(71)) - SCM in safe mode. 3 DataNodes registered, 3 required.
2024-06-08 17:12:21,117 [RatisPipelineUtilsThread-0] INFO  pipeline.RatisPipelineProvider (RatisPipelineProvider.java:lambda$create$0(205)) - Sending CreatePipelineCommand for pipeline:PipelineID=9991c400-dfa5-4715-b5a1-a0d4059f2016 to datanode:b58efb8a-bcce-4b5c-ba4f-ff0c627932bf
2024-06-08 17:12:21,118 [EventQueue-NodeRegistrationContainerReportForDataNodeSafeModeRule] INFO  safemode.SCMSafeModeManager (SCMSafeModeManager.java:validateSafeModeExitRules(203)) - DataNodeSafeModeRule rule is successfully validated
2024-06-08 17:12:21,118 [EventQueue-NodeRegistrationContainerReportForDataNodeSafeModeRule] INFO  safemode.SCMSafeModeManager (SCMSafeModeManager.java:completePreCheck(232)) - All SCM safe mode pre check rules have passed
2024-06-08 17:12:21,118 [EventQueue-NodeRegistrationContainerReportForDataNodeSafeModeRule] INFO  ha.SCMContext (SCMContext.java:updateSafeModeStatus(225)) - Update SafeModeStatus from SafeModeStatus{safeModeStatus=true, preCheckPassed=false} to SafeModeStatus{safeModeStatus=true, preCheckPassed=true}.
2024-06-08 17:12:21,118 [EventQueue-NodeRegistrationContainerReportForDataNodeSafeModeRule] INFO  pipeline.BackgroundPipelineCreator (BackgroundPipelineCreator.java:notifyEventTriggered(280)) - trigger a one-shot run on RatisPipelineUtilsThread.
2024-06-08 17:12:21,118 [RatisPipelineUtilsThread-0] INFO  pipeline.BackgroundPipelineCreator (BackgroundPipelineCreator.java:createPipelines(236)) - Created new pipeline Pipeline[ Id: 9991c400-dfa5-4715-b5a1-a0d4059f2016, Nodes: b58efb8a-bcce-4b5c-ba4f-ff0c627932bf(localhost/127.0.0.1), ReplicationConfig: RATIS/ONE, State:ALLOCATED, leaderId:, CreationTimestamp2024-06-08T17:12:21.117872676Z[Etc/UTC]]
2024-06-08 17:12:21,118 [RatisPipelineUtilsThread-0] INFO  pipeline.RatisPipelineProvider (RatisPipelineProvider.java:lambda$create$0(205)) - Sending CreatePipelineCommand for pipeline:PipelineID=bd0ebd06-b004-4cdd-8910-455c3f752d2d to datanode:b8911061-d087-4ec2-bfc4-9091de9e538b
2024-06-08 17:12:21,119 [RatisPipelineUtilsThread-0] INFO  pipeline.RatisPipelineProvider (RatisPipelineProvider.java:lambda$create$0(205)) - Sending CreatePipelineCommand for pipeline:PipelineID=bd0ebd06-b004-4cdd-8910-455c3f752d2d to datanode:b58efb8a-bcce-4b5c-ba4f-ff0c627932bf
2024-06-08 17:12:21,119 [RatisPipelineUtilsThread-0] INFO  pipeline.RatisPipelineProvider (RatisPipelineProvider.java:lambda$create$0(205)) - Sending CreatePipelineCommand for pipeline:PipelineID=bd0ebd06-b004-4cdd-8910-455c3f752d2d to datanode:e3b50f59-81fe-4964-a90b-c9e3e207dda8
2024-06-08 17:12:21,119 [RatisPipelineUtilsThread-0] INFO  pipeline.BackgroundPipelineCreator (BackgroundPipelineCreator.java:createPipelines(236)) - Created new pipeline Pipeline[ Id: bd0ebd06-b004-4cdd-8910-455c3f752d2d, Nodes: b8911061-d087-4ec2-bfc4-9091de9e538b(localhost/127.0.0.1)b58efb8a-bcce-4b5c-ba4f-ff0c627932bf(localhost/127.0.0.1)e3b50f59-81fe-4964-a90b-c9e3e207dda8(localhost/127.0.0.1), ReplicationConfig: RATIS/THREE, State:ALLOCATED, leaderId:, CreationTimestamp2024-06-08T17:12:21.118922008Z[Etc/UTC]]
2024-06-08 17:12:21,120 [RatisPipelineUtilsThread-0] INFO  pipeline.RatisPipelineProvider (RatisPipelineProvider.java:lambda$create$0(205)) - Sending CreatePipelineCommand for pipeline:PipelineID=e13792a1-6aeb-4204-ab3e-4bd12810aed6 to datanode:e3b50f59-81fe-4964-a90b-c9e3e207dda8
2024-06-08 17:12:21,120 [RatisPipelineUtilsThread-0] INFO  pipeline.RatisPipelineProvider (RatisPipelineProvider.java:lambda$create$0(205)) - Sending CreatePipelineCommand for pipeline:PipelineID=e13792a1-6aeb-4204-ab3e-4bd12810aed6 to datanode:b8911061-d087-4ec2-bfc4-9091de9e538b
2024-06-08 17:12:21,120 [RatisPipelineUtilsThread-0] INFO  pipeline.RatisPipelineProvider (RatisPipelineProvider.java:lambda$create$0(205)) - Sending CreatePipelineCommand for pipeline:PipelineID=e13792a1-6aeb-4204-ab3e-4bd12810aed6 to datanode:b58efb8a-bcce-4b5c-ba4f-ff0c627932bf
2024-06-08 17:12:21,121 [RatisPipelineUtilsThread-0] INFO  pipeline.PipelineManagerImpl (PipelineManagerImpl.java:recordMetricsForPipeline(916)) - Pipeline: PipelineID=e13792a1-6aeb-4204-ab3e-4bd12810aed6 contains same datanodes as previous pipelines: PipelineID=bd0ebd06-b004-4cdd-8910-455c3f752d2d nodeIds: e3b50f59-81fe-4964-a90b-c9e3e207dda8, b8911061-d087-4ec2-bfc4-9091de9e538b, b58efb8a-bcce-4b5c-ba4f-ff0c627932bf
2024-06-08 17:12:21,121 [RatisPipelineUtilsThread-0] INFO  pipeline.BackgroundPipelineCreator (BackgroundPipelineCreator.java:createPipelines(236)) - Created new pipeline Pipeline[ Id: e13792a1-6aeb-4204-ab3e-4bd12810aed6, Nodes: e3b50f59-81fe-4964-a90b-c9e3e207dda8(localhost/127.0.0.1)b8911061-d087-4ec2-bfc4-9091de9e538b(localhost/127.0.0.1)b58efb8a-bcce-4b5c-ba4f-ff0c627932bf(localhost/127.0.0.1), ReplicationConfig: RATIS/THREE, State:ALLOCATED, leaderId:, CreationTimestamp2024-06-08T17:12:21.120367206Z[Etc/UTC]]
2024-06-08 17:12:21,121 [RatisPipelineUtilsThread-0] INFO  pipeline.RatisPipelineProvider (RatisPipelineProvider.java:lambda$create$0(205)) - Sending CreatePipelineCommand for pipeline:PipelineID=6f4cab86-66d2-4883-8d36-8c08ed623eb2 to datanode:b8911061-d087-4ec2-bfc4-9091de9e538b
2024-06-08 17:12:21,122 [RatisPipelineUtilsThread-0] INFO  pipeline.RatisPipelineProvider (RatisPipelineProvider.java:lambda$create$0(205)) - Sending CreatePipelineCommand for pipeline:PipelineID=6f4cab86-66d2-4883-8d36-8c08ed623eb2 to datanode:b58efb8a-bcce-4b5c-ba4f-ff0c627932bf
2024-06-08 17:12:21,122 [RatisPipelineUtilsThread-0] INFO  pipeline.RatisPipelineProvider (RatisPipelineProvider.java:lambda$create$0(205)) - Sending CreatePipelineCommand for pipeline:PipelineID=6f4cab86-66d2-4883-8d36-8c08ed623eb2 to datanode:e3b50f59-81fe-4964-a90b-c9e3e207dda8
2024-06-08 17:12:21,122 [RatisPipelineUtilsThread-0] INFO  pipeline.PipelineManagerImpl (PipelineManagerImpl.java:recordMetricsForPipeline(916)) - Pipeline: PipelineID=6f4cab86-66d2-4883-8d36-8c08ed623eb2 contains same datanodes as previous pipelines: PipelineID=e13792a1-6aeb-4204-ab3e-4bd12810aed6 nodeIds: b8911061-d087-4ec2-bfc4-9091de9e538b, b58efb8a-bcce-4b5c-ba4f-ff0c627932bf, e3b50f59-81fe-4964-a90b-c9e3e207dda8
2024-06-08 17:12:21,122 [RatisPipelineUtilsThread-0] INFO  pipeline.PipelineManagerImpl (PipelineManagerImpl.java:recordMetricsForPipeline(916)) - Pipeline: PipelineID=6f4cab86-66d2-4883-8d36-8c08ed623eb2 contains same datanodes as previous pipelines: PipelineID=bd0ebd06-b004-4cdd-8910-455c3f752d2d nodeIds: b8911061-d087-4ec2-bfc4-9091de9e538b, b58efb8a-bcce-4b5c-ba4f-ff0c627932bf, e3b50f59-81fe-4964-a90b-c9e3e207dda8
2024-06-08 17:12:21,123 [RatisPipelineUtilsThread-0] INFO  pipeline.BackgroundPipelineCreator (BackgroundPipelineCreator.java:createPipelines(236)) - Created new pipeline Pipeline[ Id: 6f4cab86-66d2-4883-8d36-8c08ed623eb2, Nodes: b8911061-d087-4ec2-bfc4-9091de9e538b(localhost/127.0.0.1)b58efb8a-bcce-4b5c-ba4f-ff0c627932bf(localhost/127.0.0.1)e3b50f59-81fe-4964-a90b-c9e3e207dda8(localhost/127.0.0.1), ReplicationConfig: RATIS/THREE, State:ALLOCATED, leaderId:, CreationTimestamp2024-06-08T17:12:21.121983696Z[Etc/UTC]]
2024-06-08 17:12:21,196 [IPC Server handler 4 on default port 15055] INFO  net.NetworkTopologyImpl (NetworkTopologyImpl.java:add(134)) - Added a new node: /default-rack/5b9ea29f-4e96-47ac-97d6-33d0cc39064b
2024-06-08 17:12:21,196 [IPC Server handler 4 on default port 15055] INFO  node.SCMNodeManager (SCMNodeManager.java:register(421)) - Registered datanode: 5b9ea29f-4e96-47ac-97d6-33d0cc39064b{ip: 127.0.0.1, host: localhost, ports: [HTTP=15089, CLIENT_RPC=15090, REPLICATION=15096, RATIS=15092, RATIS_ADMIN=15093, RATIS_SERVER=15094, RATIS_DATASTREAM=15095, STANDALONE=15091], networkLocation: /default-rack, certSerialId: null, persistedOpState: null, persistedOpStateExpiryEpochSec: 0}
2024-06-08 17:12:21,197 [EventQueue-NewNodeForNewNodeHandler] INFO  pipeline.BackgroundPipelineCreator (BackgroundPipelineCreator.java:notifyEventTriggered(280)) - trigger a one-shot run on RatisPipelineUtilsThread.
2024-06-08 17:12:21,197 [RatisPipelineUtilsThread-0] INFO  pipeline.RatisPipelineProvider (RatisPipelineProvider.java:lambda$create$0(205)) - Sending CreatePipelineCommand for pipeline:PipelineID=f0608596-fc8d-4645-a226-c6684cf3ab6d to datanode:5b9ea29f-4e96-47ac-97d6-33d0cc39064b
2024-06-08 17:12:21,198 [RatisPipelineUtilsThread-0] INFO  pipeline.BackgroundPipelineCreator (BackgroundPipelineCreator.java:createPipelines(236)) - Created new pipeline Pipeline[ Id: f0608596-fc8d-4645-a226-c6684cf3ab6d, Nodes: 5b9ea29f-4e96-47ac-97d6-33d0cc39064b(localhost/127.0.0.1), ReplicationConfig: RATIS/ONE, State:ALLOCATED, leaderId:, CreationTimestamp2024-06-08T17:12:21.197784902Z[Etc/UTC]]
2024-06-08 17:12:21,248 [IPC Server handler 0 on default port 15055] INFO  net.NetworkTopologyImpl (NetworkTopologyImpl.java:add(134)) - Added a new node: /default-rack/4a3afcc0-0f17-4502-9539-e074401f0f0d
2024-06-08 17:12:21,248 [IPC Server handler 0 on default port 15055] INFO  node.SCMNodeManager (SCMNodeManager.java:register(421)) - Registered datanode: 4a3afcc0-0f17-4502-9539-e074401f0f0d{ip: 127.0.0.1, host: localhost, ports: [HTTP=15098, CLIENT_RPC=15099, REPLICATION=15105, RATIS=15101, RATIS_ADMIN=15102, RATIS_SERVER=15103, RATIS_DATASTREAM=15104, STANDALONE=15100], networkLocation: /default-rack, certSerialId: null, persistedOpState: null, persistedOpStateExpiryEpochSec: 0}
2024-06-08 17:12:21,249 [EventQueue-NewNodeForNewNodeHandler] INFO  pipeline.BackgroundPipelineCreator (BackgroundPipelineCreator.java:notifyEventTriggered(280)) - trigger a one-shot run on RatisPipelineUtilsThread.
2024-06-08 17:12:21,249 [RatisPipelineUtilsThread-0] INFO  pipeline.RatisPipelineProvider (RatisPipelineProvider.java:lambda$create$0(205)) - Sending CreatePipelineCommand for pipeline:PipelineID=946f1e2e-5507-4a76-834f-8a0b6d5c64a2 to datanode:4a3afcc0-0f17-4502-9539-e074401f0f0d
2024-06-08 17:12:21,250 [main] INFO  ozone.MiniOzoneClusterImpl (MiniOzoneClusterImpl.java:lambda$waitForClusterToBeReady$0(194)) - Nodes are ready. Got 5 of 5 DN Heartbeats.
2024-06-08 17:12:21,250 [main] INFO  ozone.MiniOzoneClusterImpl (MiniOzoneClusterImpl.java:lambda$waitForClusterToBeReady$0(197)) - Waiting for cluster to exit safe mode
2024-06-08 17:12:21,250 [main] INFO  ozone.MiniOzoneClusterImpl (MiniOzoneClusterImpl.java:lambda$waitForClusterToBeReady$0(199)) - SCM became leader
2024-06-08 17:12:21,250 [RatisPipelineUtilsThread-0] INFO  pipeline.BackgroundPipelineCreator (BackgroundPipelineCreator.java:createPipelines(236)) - Created new pipeline Pipeline[ Id: 946f1e2e-5507-4a76-834f-8a0b6d5c64a2, Nodes: 4a3afcc0-0f17-4502-9539-e074401f0f0d(localhost/127.0.0.1), ReplicationConfig: RATIS/ONE, State:ALLOCATED, leaderId:, CreationTimestamp2024-06-08T17:12:21.249947001Z[Etc/UTC]]
2024-06-08 17:12:22,250 [main] INFO  ozone.MiniOzoneClusterImpl (MiniOzoneClusterImpl.java:lambda$waitForClusterToBeReady$0(194)) - Nodes are ready. Got 5 of 5 DN Heartbeats.
2024-06-08 17:12:22,250 [main] INFO  ozone.MiniOzoneClusterImpl (MiniOzoneClusterImpl.java:lambda$waitForClusterToBeReady$0(197)) - Waiting for cluster to exit safe mode
2024-06-08 17:12:22,251 [main] INFO  ozone.MiniOzoneClusterImpl (MiniOzoneClusterImpl.java:lambda$waitForClusterToBeReady$0(199)) - SCM became leader
2024-06-08 17:12:23,251 [main] INFO  ozone.MiniOzoneClusterImpl (MiniOzoneClusterImpl.java:lambda$waitForClusterToBeReady$0(194)) - Nodes are ready. Got 5 of 5 DN Heartbeats.
2024-06-08 17:12:23,251 [main] INFO  ozone.MiniOzoneClusterImpl (MiniOzoneClusterImpl.java:lambda$waitForClusterToBeReady$0(197)) - Waiting for cluster to exit safe mode
2024-06-08 17:12:23,251 [main] INFO  ozone.MiniOzoneClusterImpl (MiniOzoneClusterImpl.java:lambda$waitForClusterToBeReady$0(199)) - SCM became leader
2024-06-08 17:12:23,979 [e3b50f59-81fe-4964-a90b-c9e3e207dda8-PipelineCommandHandlerThread-0] INFO  server.RaftServer (RaftServerProxy.java:addNew(100)) - e3b50f59-81fe-4964-a90b-c9e3e207dda8: addNew group-4D484FEF3CF3:[e3b50f59-81fe-4964-a90b-c9e3e207dda8|127.0.0.1:15067] returns group-4D484FEF3CF3:java.util.concurrent.CompletableFuture@4d919d27[Not completed]
2024-06-08 17:12:23,980 [e3b50f59-81fe-4964-a90b-c9e3e207dda8-groupManagement] INFO  server.RaftServer$Division (RaftServerImpl.java:<init>(256)) - e3b50f59-81fe-4964-a90b-c9e3e207dda8: new RaftServerImpl for group-4D484FEF3CF3:[e3b50f59-81fe-4964-a90b-c9e3e207dda8|127.0.0.1:15067] with ContainerStateMachine:uninitialized
2024-06-08 17:12:23,980 [e3b50f59-81fe-4964-a90b-c9e3e207dda8-groupManagement] INFO  server.RaftServerConfigKeys (ConfUtils.java:logGet(46)) - raft.server.rpc.timeout.min = 5s (custom)
2024-06-08 17:12:23,980 [e3b50f59-81fe-4964-a90b-c9e3e207dda8-groupManagement] INFO  server.RaftServerConfigKeys (ConfUtils.java:logGet(46)) - raft.server.rpc.timeout.max = 5200ms (custom)
2024-06-08 17:12:23,980 [e3b50f59-81fe-4964-a90b-c9e3e207dda8-groupManagement] INFO  server.RaftServerConfigKeys (ConfUtils.java:logGet(46)) - raft.server.rpc.sleep.time = 25ms (default)
2024-06-08 17:12:23,980 [e3b50f59-81fe-4964-a90b-c9e3e207dda8-groupManagement] INFO  server.RaftServerConfigKeys (ConfUtils.java:logGet(46)) - raft.server.rpc.slowness.timeout = 300000ms (custom)
2024-06-08 17:12:23,980 [e3b50f59-81fe-4964-a90b-c9e3e207dda8-groupManagement] INFO  server.RaftServerConfigKeys (ConfUtils.java:logGet(46)) - raft.server.leaderelection.leader.step-down.wait-time = 10s (default)
2024-06-08 17:12:23,981 [e3b50f59-81fe-4964-a90b-c9e3e207dda8-groupManagement] INFO  server.RaftServerConfigKeys (ConfUtils.java:logGet(46)) - raft.server.leaderelection.member.majority-add = false (default)
2024-06-08 17:12:23,981 [e3b50f59-81fe-4964-a90b-c9e3e207dda8-groupManagement] INFO  server.RaftServerConfigKeys (ConfUtils.java:logGet(46)) - raft.server.sleep.deviation.threshold = 300ms (default)
2024-06-08 17:12:23,981 [e3b50f59-81fe-4964-a90b-c9e3e207dda8-groupManagement] INFO  server.RaftServer$Division (ServerState.java:<init>(113)) - e3b50f59-81fe-4964-a90b-c9e3e207dda8@group-4D484FEF3CF3: ConfigurationManager, init=-1: peers:[e3b50f59-81fe-4964-a90b-c9e3e207dda8|127.0.0.1:15067]|listeners:[], old=null, confs=<EMPTY_MAP>
2024-06-08 17:12:23,981 [e3b50f59-81fe-4964-a90b-c9e3e207dda8-groupManagement] INFO  server.RaftServerConfigKeys (ConfUtils.java:logGet(46)) - raft.server.notification.no-leader.timeout = 300000ms (custom)
2024-06-08 17:12:23,981 [e3b50f59-81fe-4964-a90b-c9e3e207dda8-groupManagement] INFO  server.RaftServerConfigKeys (ConfUtils.java:logGet(46)) - raft.server.read.timeout = 10s (default)
2024-06-08 17:12:23,981 [e3b50f59-81fe-4964-a90b-c9e3e207dda8-groupManagement] INFO  server.RaftServerConfigKeys (ConfUtils.java:logGet(46)) - raft.server.retrycache.expirytime = 600000ms (custom)
2024-06-08 17:12:23,981 [e3b50f59-81fe-4964-a90b-c9e3e207dda8-groupManagement] INFO  server.RaftServerConfigKeys (ConfUtils.java:logGet(46)) - raft.server.retrycache.statistics.expirytime = 100ms (default)
2024-06-08 17:12:23,981 [e3b50f59-81fe-4964-a90b-c9e3e207dda8-groupManagement] INFO  server.RaftServerConfigKeys (ConfUtils.java:logGet(46)) - raft.server.read.option = DEFAULT (default)
2024-06-08 17:12:23,981 [e3b50f59-81fe-4964-a90b-c9e3e207dda8-groupManagement] INFO  server.RaftServerConfigKeys (ConfUtils.java:logGet(46)) - raft.server.read.read-after-write-consistent.write-index-cache.expiry-time = 60s (default)
2024-06-08 17:12:23,983 [e3b50f59-81fe-4964-a90b-c9e3e207dda8-groupManagement] INFO  server.RaftServerConfigKeys (ConfUtils.java:logGet(46)) - raft.server.rpc.request.timeout = 3000ms (default)
2024-06-08 17:12:23,983 [e3b50f59-81fe-4964-a90b-c9e3e207dda8-groupManagement] INFO  server.RaftServerConfigKeys (ConfUtils.java:logGet(46)) - raft.server.log.appender.install.snapshot.enabled = false (custom)
2024-06-08 17:12:23,983 [e3b50f59-81fe-4964-a90b-c9e3e207dda8-groupManagement] INFO  server.RaftServerConfigKeys (ConfUtils.java:logGet(46)) - raft.server.threadpool.server.cached = true (default)
2024-06-08 17:12:23,983 [e3b50f59-81fe-4964-a90b-c9e3e207dda8-groupManagement] INFO  server.RaftServerConfigKeys (ConfUtils.java:logGet(46)) - raft.server.threadpool.server.size = 0 (default)
2024-06-08 17:12:23,983 [e3b50f59-81fe-4964-a90b-c9e3e207dda8-groupManagement] INFO  server.RaftServerConfigKeys (ConfUtils.java:logGet(46)) - raft.server.threadpool.client.cached = true (default)
2024-06-08 17:12:23,983 [e3b50f59-81fe-4964-a90b-c9e3e207dda8-groupManagement] INFO  server.RaftServerConfigKeys (ConfUtils.java:logGet(46)) - raft.server.threadpool.client.size = 0 (default)
2024-06-08 17:12:23,983 [e3b50f59-81fe-4964-a90b-c9e3e207dda8-groupManagement] INFO  server.RaftServerConfigKeys (ConfUtils.java:logGet(46)) - raft.server.storage.free-space.min = 0MB (=0) (default)
2024-06-08 17:12:23,983 [e3b50f59-81fe-4964-a90b-c9e3e207dda8-groupManagement] INFO  server.RaftServerConfigKeys (ConfUtils.java:logGet(46)) - raft.server.log.corruption.policy = EXCEPTION (default)
2024-06-08 17:12:23,984 [e3b50f59-81fe-4964-a90b-c9e3e207dda8-groupManagement] INFO  server.RaftServerConfigKeys (ConfUtils.java:logGet(46)) - raft.server.storage.dir = [/home/runner/work/ozone/ozone/hadoop-ozone/integration-test/target/test-dir/MiniOzoneClusterImpl-6b59e386-941c-4981-b753-7806b34dbc05/ozone-meta/datanode-1/ratis] (custom)
2024-06-08 17:12:23,984 [e3b50f59-81fe-4964-a90b-c9e3e207dda8-groupManagement] INFO  storage.RaftStorageDirectory (RaftStorageDirectoryImpl.java:analyzeStorage(138)) - The storage directory /home/runner/work/ozone/ozone/hadoop-ozone/integration-test/target/test-dir/MiniOzoneClusterImpl-6b59e386-941c-4981-b753-7806b34dbc05/ozone-meta/datanode-1/ratis/44a274a6-5941-4856-b500-4d484fef3cf3 does not exist. Creating ...
2024-06-08 17:12:23,985 [e3b50f59-81fe-4964-a90b-c9e3e207dda8-groupManagement] INFO  storage.RaftStorageDirectory (RaftStorageDirectoryImpl.java:tryLock(228)) - Lock on /home/runner/work/ozone/ozone/hadoop-ozone/integration-test/target/test-dir/MiniOzoneClusterImpl-6b59e386-941c-4981-b753-7806b34dbc05/ozone-meta/datanode-1/ratis/44a274a6-5941-4856-b500-4d484fef3cf3/in_use.lock acquired by nodename 19691@fv-az1025-916
2024-06-08 17:12:23,985 [e3b50f59-81fe-4964-a90b-c9e3e207dda8-groupManagement] INFO  storage.RaftStorage (RaftStorageImpl.java:format(99)) - Storage directory /home/runner/work/ozone/ozone/hadoop-ozone/integration-test/target/test-dir/MiniOzoneClusterImpl-6b59e386-941c-4981-b753-7806b34dbc05/ozone-meta/datanode-1/ratis/44a274a6-5941-4856-b500-4d484fef3cf3 has been successfully formatted.
2024-06-08 17:12:23,986 [e3b50f59-81fe-4964-a90b-c9e3e207dda8-groupManagement] WARN  util.FileUtils (LogUtils.java:supplyAndLog(63)) - Failed to Files.newInputStream /home/runner/work/ozone/ozone/hadoop-ozone/integration-test/target/test-dir/MiniOzoneClusterImpl-6b59e386-941c-4981-b753-7806b34dbc05/ozone-meta/datanode-1/ratis/44a274a6-5941-4856-b500-4d484fef3cf3/current/raft-meta.conf with options []: java.nio.file.NoSuchFileException: /home/runner/work/ozone/ozone/hadoop-ozone/integration-test/target/test-dir/MiniOzoneClusterImpl-6b59e386-941c-4981-b753-7806b34dbc05/ozone-meta/datanode-1/ratis/44a274a6-5941-4856-b500-4d484fef3cf3/current/raft-meta.conf
2024-06-08 17:12:23,986 [e3b50f59-81fe-4964-a90b-c9e3e207dda8-groupManagement] INFO  ratis.ContainerStateMachine (ContainerStateMachine.java:loadSnapshot(287)) - group-4D484FEF3CF3: The snapshot info is null. Setting the last applied index to:(t:0, i:~)
2024-06-08 17:12:23,986 [e3b50f59-81fe-4964-a90b-c9e3e207dda8-groupManagement] INFO  server.RaftServerConfigKeys (ConfUtils.java:logGet(46)) - raft.server.log.use.memory = false (default)
2024-06-08 17:12:23,986 [e3b50f59-81fe-4964-a90b-c9e3e207dda8-groupManagement] INFO  server.RaftServerConfigKeys (ConfUtils.java:logGet(46)) - raft.server.log.purge.gap = 1000000 (custom)
2024-06-08 17:12:23,986 [e3b50f59-81fe-4964-a90b-c9e3e207dda8-groupManagement] INFO  server.RaftServerConfigKeys (ConfUtils.java:logGet(46)) - raft.server.log.appender.buffer.byte-limit = 8388608 (custom)
2024-06-08 17:12:23,986 [e3b50f59-81fe-4964-a90b-c9e3e207dda8-groupManagement] INFO  server.RaftServerConfigKeys (ConfUtils.java:logGet(46)) - raft.server.log.statemachine.data.read.timeout = 1000ms (default)
2024-06-08 17:12:23,986 [e3b50f59-81fe-4964-a90b-c9e3e207dda8-groupManagement] INFO  server.RaftServerConfigKeys (ConfUtils.java:logGet(46)) - raft.server.log.purge.preservation.log.num = 0 (default)
2024-06-08 17:12:23,987 [e3b50f59-81fe-4964-a90b-c9e3e207dda8-groupManagement] INFO  server.RaftServerConfigKeys (ConfUtils.java:logGet(46)) - raft.server.log.segment.size.max = 67108864 (custom)
2024-06-08 17:12:23,987 [e3b50f59-81fe-4964-a90b-c9e3e207dda8-groupManagement] INFO  server.RaftServerConfigKeys (ConfUtils.java:logGet(46)) - raft.server.log.segment.cache.num.max = 2 (custom)
2024-06-08 17:12:23,988 [e3b50f59-81fe-4964-a90b-c9e3e207dda8-groupManagement] INFO  server.RaftServerConfigKeys (ConfUtils.java:logGet(46)) - raft.server.log.segment.cache.size.max = 200MB (=209715200) (default)
2024-06-08 17:12:23,988 [EventQueue-PipelineReportForPipelineReportHandler] INFO  pipeline.PipelineReportHandler (PipelineReportHandler.java:processPipelineReport(136)) - Opened pipeline PipelineID=44a274a6-5941-4856-b500-4d484fef3cf3
2024-06-08 17:12:23,988 [e3b50f59-81fe-4964-a90b-c9e3e207dda8-groupManagement] INFO  server.RaftServerConfigKeys (ConfUtils.java:logGet(46)) - raft.server.log.appender.buffer.byte-limit = 8388608 (custom)
2024-06-08 17:12:23,988 [e3b50f59-81fe-4964-a90b-c9e3e207dda8-groupManagement] INFO  util.AwaitToRun (AwaitToRun.java:start(81)) - Thread[e3b50f59-81fe-4964-a90b-c9e3e207dda8@group-4D484FEF3CF3-cacheEviction-AwaitToRun,5,main] started
2024-06-08 17:12:23,988 [e3b50f59-81fe-4964-a90b-c9e3e207dda8-groupManagement] INFO  segmented.SegmentedRaftLogWorker (SegmentedRaftLogWorker.java:<init>(182)) - new e3b50f59-81fe-4964-a90b-c9e3e207dda8@group-4D484FEF3CF3-SegmentedRaftLogWorker for RaftStorageImpl:Storage Directory /home/runner/work/ozone/ozone/hadoop-ozone/integration-test/target/test-dir/MiniOzoneClusterImpl-6b59e386-941c-4981-b753-7806b34dbc05/ozone-meta/datanode-1/ratis/44a274a6-5941-4856-b500-4d484fef3cf3
2024-06-08 17:12:23,988 [e3b50f59-81fe-4964-a90b-c9e3e207dda8-groupManagement] INFO  server.RaftServerConfigKeys (ConfUtils.java:logGet(46)) - raft.server.log.queue.byte-limit = 4294967296 (custom)
2024-06-08 17:12:23,988 [e3b50f59-81fe-4964-a90b-c9e3e207dda8-groupManagement] INFO  server.RaftServerConfigKeys (ConfUtils.java:logGet(46)) - raft.server.log.queue.element-limit = 1024 (custom)
2024-06-08 17:12:23,988 [e3b50f59-81fe-4964-a90b-c9e3e207dda8-groupManagement] INFO  server.RaftServerConfigKeys (ConfUtils.java:logGet(46)) - raft.server.log.segment.size.max = 67108864 (custom)
2024-06-08 17:12:23,988 [e3b50f59-81fe-4964-a90b-c9e3e207dda8-groupManagement] INFO  server.RaftServerConfigKeys (ConfUtils.java:logGet(46)) - raft.server.log.preallocated.size = 4194304 (custom)
2024-06-08 17:12:23,988 [e3b50f59-81fe-4964-a90b-c9e3e207dda8-groupManagement] INFO  server.RaftServerConfigKeys (ConfUtils.java:logGet(46)) - raft.server.log.force.sync.num = 128 (default)
2024-06-08 17:12:23,989 [e3b50f59-81fe-4964-a90b-c9e3e207dda8-groupManagement] INFO  server.RaftServerConfigKeys (ConfUtils.java:logGet(46)) - raft.server.log.statemachine.data.sync = true (default)
2024-06-08 17:12:23,989 [e3b50f59-81fe-4964-a90b-c9e3e207dda8-groupManagement] INFO  server.RaftServerConfigKeys (ConfUtils.java:logGet(46)) - raft.server.log.statemachine.data.sync.timeout = 10s (default)
2024-06-08 17:12:23,989 [e3b50f59-81fe-4964-a90b-c9e3e207dda8-groupManagement] INFO  server.RaftServerConfigKeys (ConfUtils.java:logGet(46)) - raft.server.log.statemachine.data.sync.timeout.retry = 30 (custom)
2024-06-08 17:12:23,988 [EventQueue-OpenPipelineForHealthyPipelineSafeModeRule] INFO  safemode.SCMSafeModeManager (HealthyPipelineSafeModeRule.java:process(140)) - SCM in safe mode. Healthy pipelines reported count is 0, required healthy pipeline reported count is 1
2024-06-08 17:12:23,989 [e3b50f59-81fe-4964-a90b-c9e3e207dda8-groupManagement] INFO  server.RaftServerConfigKeys (ConfUtils.java:logGet(46)) - raft.server.log.write.buffer.size = 8388616 (custom)
2024-06-08 17:12:23,991 [e3b50f59-81fe-4964-a90b-c9e3e207dda8-groupManagement] INFO  server.RaftServerConfigKeys (ConfUtils.java:logGet(46)) - raft.server.log.appender.buffer.byte-limit = 8388608 (custom)
2024-06-08 17:12:23,991 [e3b50f59-81fe-4964-a90b-c9e3e207dda8-groupManagement] INFO  server.RaftServerConfigKeys (ConfUtils.java:logGet(46)) - raft.server.log.unsafe-flush.enabled = false (default)
2024-06-08 17:12:23,991 [e3b50f59-81fe-4964-a90b-c9e3e207dda8-groupManagement] INFO  server.RaftServerConfigKeys (ConfUtils.java:logGet(46)) - raft.server.log.async-flush.enabled = false (default)
2024-06-08 17:12:23,991 [e3b50f59-81fe-4964-a90b-c9e3e207dda8-groupManagement] INFO  server.RaftServerConfigKeys (ConfUtils.java:logGet(46)) - raft.server.log.statemachine.data.caching.enabled = true (custom)
2024-06-08 17:12:23,991 [e3b50f59-81fe-4964-a90b-c9e3e207dda8-groupManagement] INFO  segmented.SegmentedRaftLogWorker (SegmentedRaftLogWorker.java:lambda$new$0(134)) - e3b50f59-81fe-4964-a90b-c9e3e207dda8@group-4D484FEF3CF3-SegmentedRaftLogWorker: flushIndex: setUnconditionally 0 -> -1
2024-06-08 17:12:23,991 [e3b50f59-81fe-4964-a90b-c9e3e207dda8-groupManagement] INFO  segmented.SegmentedRaftLogWorker (SegmentedRaftLogWorker.java:lambda$new$0(134)) - e3b50f59-81fe-4964-a90b-c9e3e207dda8@group-4D484FEF3CF3-SegmentedRaftLogWorker: safeCacheEvictIndex: setUnconditionally 0 -> -1
2024-06-08 17:12:23,991 [e3b50f59-81fe-4964-a90b-c9e3e207dda8-groupManagement] INFO  server.RaftServer$Division (RaftServerImpl.java:start(396)) - e3b50f59-81fe-4964-a90b-c9e3e207dda8@group-4D484FEF3CF3: start as a follower, conf=-1: peers:[e3b50f59-81fe-4964-a90b-c9e3e207dda8|127.0.0.1:15067]|listeners:[], old=null
2024-06-08 17:12:23,992 [e3b50f59-81fe-4964-a90b-c9e3e207dda8-groupManagement] INFO  server.RaftServer$Division (RaftServerImpl.java:setRole(383)) - e3b50f59-81fe-4964-a90b-c9e3e207dda8@group-4D484FEF3CF3: changes role from      null to FOLLOWER at term 0 for startAsFollower
2024-06-08 17:12:23,992 [e3b50f59-81fe-4964-a90b-c9e3e207dda8-groupManagement] INFO  impl.RoleInfo (RoleInfo.java:updateAndGet(139)) - e3b50f59-81fe-4964-a90b-c9e3e207dda8: start e3b50f59-81fe-4964-a90b-c9e3e207dda8@group-4D484FEF3CF3-FollowerState
2024-06-08 17:12:23,992 [e3b50f59-81fe-4964-a90b-c9e3e207dda8@group-4D484FEF3CF3-FollowerState] INFO  server.RaftServerConfigKeys (ConfUtils.java:logFallback(53)) - raft.server.rpc.first-election.timeout.min = 5s (fallback to raft.server.rpc.timeout.min)
2024-06-08 17:12:23,992 [e3b50f59-81fe-4964-a90b-c9e3e207dda8-groupManagement] INFO  util.JmxRegister (JmxRegister.java:tryRegister(44)) - Successfully registered JMX Bean with object name Ratis:service=RaftServer,group=group-4D484FEF3CF3,id=e3b50f59-81fe-4964-a90b-c9e3e207dda8
2024-06-08 17:12:23,992 [e3b50f59-81fe-4964-a90b-c9e3e207dda8@group-4D484FEF3CF3-FollowerState] INFO  server.RaftServerConfigKeys (ConfUtils.java:logFallback(53)) - raft.server.rpc.first-election.timeout.max = 5200ms (fallback to raft.server.rpc.timeout.max)
2024-06-08 17:12:23,992 [e3b50f59-81fe-4964-a90b-c9e3e207dda8-groupManagement] INFO  server.RaftServerConfigKeys (ConfUtils.java:logGet(46)) - raft.server.snapshot.trigger-when-stop.enabled = true (default)
2024-06-08 17:12:23,992 [e3b50f59-81fe-4964-a90b-c9e3e207dda8-groupManagement] INFO  server.RaftServerConfigKeys (ConfUtils.java:logGet(46)) - raft.server.snapshot.auto.trigger.enabled = true (custom)
2024-06-08 17:12:23,992 [e3b50f59-81fe-4964-a90b-c9e3e207dda8-groupManagement] INFO  server.RaftServerConfigKeys (ConfUtils.java:logGet(46)) - raft.server.snapshot.auto.trigger.threshold = 10000 (custom)
2024-06-08 17:12:23,992 [e3b50f59-81fe-4964-a90b-c9e3e207dda8-groupManagement] INFO  server.RaftServerConfigKeys (ConfUtils.java:logGet(46)) - raft.server.snapshot.retention.file.num = 5 (custom)
2024-06-08 17:12:23,992 [e3b50f59-81fe-4964-a90b-c9e3e207dda8-groupManagement] INFO  server.RaftServerConfigKeys (ConfUtils.java:logGet(46)) - raft.server.log.purge.upto.snapshot.index = false (default)
2024-06-08 17:12:23,993 [e3b50f59-81fe-4964-a90b-c9e3e207dda8-PipelineCommandHandlerThread-0] INFO  ratis.XceiverServerRatis (XceiverServerRatis.java:addGroup(864)) - Created group PipelineID=44a274a6-5941-4856-b500-4d484fef3cf3
2024-06-08 17:12:23,993 [e3b50f59-81fe-4964-a90b-c9e3e207dda8-PipelineCommandHandlerThread-0] INFO  commandhandler.CreatePipelineCommandHandler (CreatePipelineCommandHandler.java:lambda$handle$2(124)) - Created Pipeline RATIS ONE PipelineID=44a274a6-5941-4856-b500-4d484fef3cf3.
2024-06-08 17:12:23,993 [e3b50f59-81fe-4964-a90b-c9e3e207dda8-PipelineCommandHandlerThread-0] INFO  server.RaftServer (RaftServerProxy.java:addNew(100)) - e3b50f59-81fe-4964-a90b-c9e3e207dda8: addNew group-455C3F752D2D:[b8911061-d087-4ec2-bfc4-9091de9e538b|127.0.0.1:15076, e3b50f59-81fe-4964-a90b-c9e3e207dda8|127.0.0.1:15067, b58efb8a-bcce-4b5c-ba4f-ff0c627932bf|127.0.0.1:15085] returns group-455C3F752D2D:java.util.concurrent.CompletableFuture@49ae104d[Not completed]
2024-06-08 17:12:23,994 [e3b50f59-81fe-4964-a90b-c9e3e207dda8-groupManagement] INFO  server.RaftServer$Division (RaftServerImpl.java:<init>(256)) - e3b50f59-81fe-4964-a90b-c9e3e207dda8: new RaftServerImpl for group-455C3F752D2D:[b8911061-d087-4ec2-bfc4-9091de9e538b|127.0.0.1:15076, e3b50f59-81fe-4964-a90b-c9e3e207dda8|127.0.0.1:15067, b58efb8a-bcce-4b5c-ba4f-ff0c627932bf|127.0.0.1:15085] with ContainerStateMachine:uninitialized
2024-06-08 17:12:23,994 [e3b50f59-81fe-4964-a90b-c9e3e207dda8-groupManagement] INFO  server.RaftServerConfigKeys (ConfUtils.java:logGet(46)) - raft.server.rpc.timeout.min = 5s (custom)
2024-06-08 17:12:23,995 [e3b50f59-81fe-4964-a90b-c9e3e207dda8-groupManagement] INFO  server.RaftServerConfigKeys (ConfUtils.java:logGet(46)) - raft.server.rpc.timeout.max = 5200ms (custom)
2024-06-08 17:12:23,995 [e3b50f59-81fe-4964-a90b-c9e3e207dda8-groupManagement] INFO  server.RaftServerConfigKeys (ConfUtils.java:logGet(46)) - raft.server.rpc.sleep.time = 25ms (default)
2024-06-08 17:12:23,995 [e3b50f59-81fe-4964-a90b-c9e3e207dda8-groupManagement] INFO  server.RaftServerConfigKeys (ConfUtils.java:logGet(46)) - raft.server.rpc.slowness.timeout = 300000ms (custom)
2024-06-08 17:12:23,995 [e3b50f59-81fe-4964-a90b-c9e3e207dda8-groupManagement] INFO  server.RaftServerConfigKeys (ConfUtils.java:logGet(46)) - raft.server.leaderelection.leader.step-down.wait-time = 10s (default)
2024-06-08 17:12:23,995 [e3b50f59-81fe-4964-a90b-c9e3e207dda8-groupManagement] INFO  server.RaftServerConfigKeys (ConfUtils.java:logGet(46)) - raft.server.leaderelection.member.majority-add = false (default)
2024-06-08 17:12:23,995 [e3b50f59-81fe-4964-a90b-c9e3e207dda8-groupManagement] INFO  server.RaftServerConfigKeys (ConfUtils.java:logGet(46)) - raft.server.sleep.deviation.threshold = 300ms (default)
2024-06-08 17:12:23,995 [e3b50f59-81fe-4964-a90b-c9e3e207dda8-groupManagement] INFO  server.RaftServer$Division (ServerState.java:<init>(113)) - e3b50f59-81fe-4964-a90b-c9e3e207dda8@group-455C3F752D2D: ConfigurationManager, init=-1: peers:[b8911061-d087-4ec2-bfc4-9091de9e538b|127.0.0.1:15076, e3b50f59-81fe-4964-a90b-c9e3e207dda8|127.0.0.1:15067, b58efb8a-bcce-4b5c-ba4f-ff0c627932bf|127.0.0.1:15085]|listeners:[], old=null, confs=<EMPTY_MAP>
2024-06-08 17:12:23,995 [e3b50f59-81fe-4964-a90b-c9e3e207dda8-groupManagement] INFO  server.RaftServerConfigKeys (ConfUtils.java:logGet(46)) - raft.server.notification.no-leader.timeout = 300000ms (custom)
2024-06-08 17:12:23,995 [e3b50f59-81fe-4964-a90b-c9e3e207dda8-groupManagement] INFO  server.RaftServerConfigKeys (ConfUtils.java:logGet(46)) - raft.server.read.timeout = 10s (default)
2024-06-08 17:12:23,995 [e3b50f59-81fe-4964-a90b-c9e3e207dda8-groupManagement] INFO  server.RaftServerConfigKeys (ConfUtils.java:logGet(46)) - raft.server.retrycache.expirytime = 600000ms (custom)
2024-06-08 17:12:23,995 [e3b50f59-81fe-4964-a90b-c9e3e207dda8-groupManagement] INFO  server.RaftServerConfigKeys (ConfUtils.java:logGet(46)) - raft.server.retrycache.statistics.expirytime = 100ms (default)
2024-06-08 17:12:23,995 [e3b50f59-81fe-4964-a90b-c9e3e207dda8-groupManagement] INFO  server.RaftServerConfigKeys (ConfUtils.java:logGet(46)) - raft.server.read.option = DEFAULT (default)
2024-06-08 17:12:23,996 [e3b50f59-81fe-4964-a90b-c9e3e207dda8-groupManagement] INFO  server.RaftServerConfigKeys (ConfUtils.java:logGet(46)) - raft.server.read.read-after-write-consistent.write-index-cache.expiry-time = 60s (default)
2024-06-08 17:12:23,998 [e3b50f59-81fe-4964-a90b-c9e3e207dda8-groupManagement] INFO  server.RaftServerConfigKeys (ConfUtils.java:logGet(46)) - raft.server.rpc.request.timeout = 3000ms (default)
2024-06-08 17:12:23,998 [e3b50f59-81fe-4964-a90b-c9e3e207dda8-groupManagement] INFO  server.RaftServerConfigKeys (ConfUtils.java:logGet(46)) - raft.server.log.appender.install.snapshot.enabled = false (custom)
2024-06-08 17:12:23,998 [e3b50f59-81fe-4964-a90b-c9e3e207dda8-groupManagement] INFO  server.RaftServerConfigKeys (ConfUtils.java:logGet(46)) - raft.server.threadpool.server.cached = true (default)
2024-06-08 17:12:23,998 [e3b50f59-81fe-4964-a90b-c9e3e207dda8-groupManagement] INFO  server.RaftServerConfigKeys (ConfUtils.java:logGet(46)) - raft.server.threadpool.server.size = 0 (default)
2024-06-08 17:12:23,998 [e3b50f59-81fe-4964-a90b-c9e3e207dda8-groupManagement] INFO  server.RaftServerConfigKeys (ConfUtils.java:logGet(46)) - raft.server.threadpool.client.cached = true (default)
2024-06-08 17:12:23,998 [e3b50f59-81fe-4964-a90b-c9e3e207dda8-groupManagement] INFO  server.RaftServerConfigKeys (ConfUtils.java:logGet(46)) - raft.server.threadpool.client.size = 0 (default)
2024-06-08 17:12:23,998 [e3b50f59-81fe-4964-a90b-c9e3e207dda8-groupManagement] INFO  server.RaftServerConfigKeys (ConfUtils.java:logGet(46)) - raft.server.storage.free-space.min = 0MB (=0) (default)
2024-06-08 17:12:23,998 [e3b50f59-81fe-4964-a90b-c9e3e207dda8-groupManagement] INFO  server.RaftServerConfigKeys (ConfUtils.java:logGet(46)) - raft.server.log.corruption.policy = EXCEPTION (default)
2024-06-08 17:12:23,998 [e3b50f59-81fe-4964-a90b-c9e3e207dda8-groupManagement] INFO  server.RaftServerConfigKeys (ConfUtils.java:logGet(46)) - raft.server.storage.dir = [/home/runner/work/ozone/ozone/hadoop-ozone/integration-test/target/test-dir/MiniOzoneClusterImpl-6b59e386-941c-4981-b753-7806b34dbc05/ozone-meta/datanode-1/ratis] (custom)
2024-06-08 17:12:23,998 [e3b50f59-81fe-4964-a90b-c9e3e207dda8-groupManagement] INFO  storage.RaftStorageDirectory (RaftStorageDirectoryImpl.java:analyzeStorage(138)) - The storage directory /home/runner/work/ozone/ozone/hadoop-ozone/integration-test/target/test-dir/MiniOzoneClusterImpl-6b59e386-941c-4981-b753-7806b34dbc05/ozone-meta/datanode-1/ratis/bd0ebd06-b004-4cdd-8910-455c3f752d2d does not exist. Creating ...
2024-06-08 17:12:23,999 [e3b50f59-81fe-4964-a90b-c9e3e207dda8-groupManagement] INFO  storage.RaftStorageDirectory (RaftStorageDirectoryImpl.java:tryLock(228)) - Lock on /home/runner/work/ozone/ozone/hadoop-ozone/integration-test/target/test-dir/MiniOzoneClusterImpl-6b59e386-941c-4981-b753-7806b34dbc05/ozone-meta/datanode-1/ratis/bd0ebd06-b004-4cdd-8910-455c3f752d2d/in_use.lock acquired by nodename 19691@fv-az1025-916
2024-06-08 17:12:24,000 [e3b50f59-81fe-4964-a90b-c9e3e207dda8-groupManagement] INFO  storage.RaftStorage (RaftStorageImpl.java:format(99)) - Storage directory /home/runner/work/ozone/ozone/hadoop-ozone/integration-test/target/test-dir/MiniOzoneClusterImpl-6b59e386-941c-4981-b753-7806b34dbc05/ozone-meta/datanode-1/ratis/bd0ebd06-b004-4cdd-8910-455c3f752d2d has been successfully formatted.
2024-06-08 17:12:24,000 [e3b50f59-81fe-4964-a90b-c9e3e207dda8-groupManagement] WARN  util.FileUtils (LogUtils.java:supplyAndLog(63)) - Failed to Files.newInputStream /home/runner/work/ozone/ozone/hadoop-ozone/integration-test/target/test-dir/MiniOzoneClusterImpl-6b59e386-941c-4981-b753-7806b34dbc05/ozone-meta/datanode-1/ratis/bd0ebd06-b004-4cdd-8910-455c3f752d2d/current/raft-meta.conf with options []: java.nio.file.NoSuchFileException: /home/runner/work/ozone/ozone/hadoop-ozone/integration-test/target/test-dir/MiniOzoneClusterImpl-6b59e386-941c-4981-b753-7806b34dbc05/ozone-meta/datanode-1/ratis/bd0ebd06-b004-4cdd-8910-455c3f752d2d/current/raft-meta.conf
2024-06-08 17:12:24,001 [e3b50f59-81fe-4964-a90b-c9e3e207dda8-groupManagement] INFO  ratis.ContainerStateMachine (ContainerStateMachine.java:loadSnapshot(287)) - group-455C3F752D2D: The snapshot info is null. Setting the last applied index to:(t:0, i:~)
2024-06-08 17:12:24,001 [e3b50f59-81fe-4964-a90b-c9e3e207dda8-groupManagement] INFO  server.RaftServerConfigKeys (ConfUtils.java:logGet(46)) - raft.server.log.use.memory = false (default)
2024-06-08 17:12:24,001 [e3b50f59-81fe-4964-a90b-c9e3e207dda8-groupManagement] INFO  server.RaftServerConfigKeys (ConfUtils.java:logGet(46)) - raft.server.log.purge.gap = 1000000 (custom)
2024-06-08 17:12:24,001 [e3b50f59-81fe-4964-a90b-c9e3e207dda8-groupManagement] INFO  server.RaftServerConfigKeys (ConfUtils.java:logGet(46)) - raft.server.log.appender.buffer.byte-limit = 8388608 (custom)
2024-06-08 17:12:24,001 [e3b50f59-81fe-4964-a90b-c9e3e207dda8-groupManagement] INFO  server.RaftServerConfigKeys (ConfUtils.java:logGet(46)) - raft.server.log.statemachine.data.read.timeout = 1000ms (default)
2024-06-08 17:12:24,001 [e3b50f59-81fe-4964-a90b-c9e3e207dda8-groupManagement] INFO  server.RaftServerConfigKeys (ConfUtils.java:logGet(46)) - raft.server.log.purge.preservation.log.num = 0 (default)
2024-06-08 17:12:24,002 [EventQueue-OpenPipelineForHealthyPipelineSafeModeRule] INFO  safemode.SCMSafeModeManager (HealthyPipelineSafeModeRule.java:process(140)) - SCM in safe mode. Healthy pipelines reported count is 0, required healthy pipeline reported count is 1
2024-06-08 17:12:24,003 [e3b50f59-81fe-4964-a90b-c9e3e207dda8-groupManagement] INFO  server.RaftServerConfigKeys (ConfUtils.java:logGet(46)) - raft.server.log.segment.size.max = 67108864 (custom)
2024-06-08 17:12:24,003 [e3b50f59-81fe-4964-a90b-c9e3e207dda8-groupManagement] INFO  server.RaftServerConfigKeys (ConfUtils.java:logGet(46)) - raft.server.log.segment.cache.num.max = 2 (custom)
2024-06-08 17:12:24,003 [e3b50f59-81fe-4964-a90b-c9e3e207dda8-groupManagement] INFO  server.RaftServerConfigKeys (ConfUtils.java:logGet(46)) - raft.server.log.segment.cache.size.max = 200MB (=209715200) (default)
2024-06-08 17:12:24,003 [e3b50f59-81fe-4964-a90b-c9e3e207dda8-groupManagement] INFO  server.RaftServerConfigKeys (ConfUtils.java:logGet(46)) - raft.server.log.appender.buffer.byte-limit = 8388608 (custom)
2024-06-08 17:12:24,004 [e3b50f59-81fe-4964-a90b-c9e3e207dda8-groupManagement] INFO  util.AwaitToRun (AwaitToRun.java:start(81)) - Thread[e3b50f59-81fe-4964-a90b-c9e3e207dda8@group-455C3F752D2D-cacheEviction-AwaitToRun,5,main] started
2024-06-08 17:12:24,004 [e3b50f59-81fe-4964-a90b-c9e3e207dda8-groupManagement] INFO  segmented.SegmentedRaftLogWorker (SegmentedRaftLogWorker.java:<init>(182)) - new e3b50f59-81fe-4964-a90b-c9e3e207dda8@group-455C3F752D2D-SegmentedRaftLogWorker for RaftStorageImpl:Storage Directory /home/runner/work/ozone/ozone/hadoop-ozone/integration-test/target/test-dir/MiniOzoneClusterImpl-6b59e386-941c-4981-b753-7806b34dbc05/ozone-meta/datanode-1/ratis/bd0ebd06-b004-4cdd-8910-455c3f752d2d
2024-06-08 17:12:24,004 [e3b50f59-81fe-4964-a90b-c9e3e207dda8-groupManagement] INFO  server.RaftServerConfigKeys (ConfUtils.java:logGet(46)) - raft.server.log.queue.byte-limit = 4294967296 (custom)
2024-06-08 17:12:24,004 [e3b50f59-81fe-4964-a90b-c9e3e207dda8-groupManagement] INFO  server.RaftServerConfigKeys (ConfUtils.java:logGet(46)) - raft.server.log.queue.element-limit = 1024 (custom)
2024-06-08 17:12:24,004 [e3b50f59-81fe-4964-a90b-c9e3e207dda8-groupManagement] INFO  server.RaftServerConfigKeys (ConfUtils.java:logGet(46)) - raft.server.log.segment.size.max = 67108864 (custom)
2024-06-08 17:12:24,004 [e3b50f59-81fe-4964-a90b-c9e3e207dda8-groupManagement] INFO  server.RaftServerConfigKeys (ConfUtils.java:logGet(46)) - raft.server.log.preallocated.size = 4194304 (custom)
2024-06-08 17:12:24,004 [e3b50f59-81fe-4964-a90b-c9e3e207dda8-groupManagement] INFO  server.RaftServerConfigKeys (ConfUtils.java:logGet(46)) - raft.server.log.force.sync.num = 128 (default)
2024-06-08 17:12:24,004 [e3b50f59-81fe-4964-a90b-c9e3e207dda8-groupManagement] INFO  server.RaftServerConfigKeys (ConfUtils.java:logGet(46)) - raft.server.log.statemachine.data.sync = true (default)
2024-06-08 17:12:24,004 [e3b50f59-81fe-4964-a90b-c9e3e207dda8-groupManagement] INFO  server.RaftServerConfigKeys (ConfUtils.java:logGet(46)) - raft.server.log.statemachine.data.sync.timeout = 10s (default)
2024-06-08 17:12:24,004 [e3b50f59-81fe-4964-a90b-c9e3e207dda8-groupManagement] INFO  server.RaftServerConfigKeys (ConfUtils.java:logGet(46)) - raft.server.log.statemachine.data.sync.timeout.retry = 30 (custom)
2024-06-08 17:12:24,005 [e3b50f59-81fe-4964-a90b-c9e3e207dda8-groupManagement] INFO  server.RaftServerConfigKeys (ConfUtils.java:logGet(46)) - raft.server.log.write.buffer.size = 8388616 (custom)
2024-06-08 17:12:24,007 [e3b50f59-81fe-4964-a90b-c9e3e207dda8-groupManagement] INFO  server.RaftServerConfigKeys (ConfUtils.java:logGet(46)) - raft.server.log.appender.buffer.byte-limit = 8388608 (custom)
2024-06-08 17:12:24,007 [e3b50f59-81fe-4964-a90b-c9e3e207dda8-groupManagement] INFO  server.RaftServerConfigKeys (ConfUtils.java:logGet(46)) - raft.server.log.unsafe-flush.enabled = false (default)
2024-06-08 17:12:24,007 [e3b50f59-81fe-4964-a90b-c9e3e207dda8-groupManagement] INFO  server.RaftServerConfigKeys (ConfUtils.java:logGet(46)) - raft.server.log.async-flush.enabled = false (default)
2024-06-08 17:12:24,007 [e3b50f59-81fe-4964-a90b-c9e3e207dda8-groupManagement] INFO  server.RaftServerConfigKeys (ConfUtils.java:logGet(46)) - raft.server.log.statemachine.data.caching.enabled = true (custom)
2024-06-08 17:12:24,007 [e3b50f59-81fe-4964-a90b-c9e3e207dda8-groupManagement] INFO  segmented.SegmentedRaftLogWorker (SegmentedRaftLogWorker.java:lambda$new$0(134)) - e3b50f59-81fe-4964-a90b-c9e3e207dda8@group-455C3F752D2D-SegmentedRaftLogWorker: flushIndex: setUnconditionally 0 -> -1
2024-06-08 17:12:24,007 [e3b50f59-81fe-4964-a90b-c9e3e207dda8-groupManagement] INFO  segmented.SegmentedRaftLogWorker (SegmentedRaftLogWorker.java:lambda$new$0(134)) - e3b50f59-81fe-4964-a90b-c9e3e207dda8@group-455C3F752D2D-SegmentedRaftLogWorker: safeCacheEvictIndex: setUnconditionally 0 -> -1
2024-06-08 17:12:24,007 [e3b50f59-81fe-4964-a90b-c9e3e207dda8-groupManagement] INFO  server.RaftServer$Division (RaftServerImpl.java:start(396)) - e3b50f59-81fe-4964-a90b-c9e3e207dda8@group-455C3F752D2D: start as a follower, conf=-1: peers:[b8911061-d087-4ec2-bfc4-9091de9e538b|127.0.0.1:15076, e3b50f59-81fe-4964-a90b-c9e3e207dda8|127.0.0.1:15067, b58efb8a-bcce-4b5c-ba4f-ff0c627932bf|127.0.0.1:15085]|listeners:[], old=null
2024-06-08 17:12:24,007 [e3b50f59-81fe-4964-a90b-c9e3e207dda8-groupManagement] INFO  server.RaftServer$Division (RaftServerImpl.java:setRole(383)) - e3b50f59-81fe-4964-a90b-c9e3e207dda8@group-455C3F752D2D: changes role from      null to FOLLOWER at term 0 for startAsFollower
2024-06-08 17:12:24,007 [e3b50f59-81fe-4964-a90b-c9e3e207dda8-groupManagement] INFO  impl.RoleInfo (RoleInfo.java:updateAndGet(139)) - e3b50f59-81fe-4964-a90b-c9e3e207dda8: start e3b50f59-81fe-4964-a90b-c9e3e207dda8@group-455C3F752D2D-FollowerState
2024-06-08 17:12:24,010 [e3b50f59-81fe-4964-a90b-c9e3e207dda8-groupManagement] INFO  util.JmxRegister (JmxRegister.java:tryRegister(44)) - Successfully registered JMX Bean with object name Ratis:service=RaftServer,group=group-455C3F752D2D,id=e3b50f59-81fe-4964-a90b-c9e3e207dda8
2024-06-08 17:12:24,011 [e3b50f59-81fe-4964-a90b-c9e3e207dda8-groupManagement] INFO  server.RaftServerConfigKeys (ConfUtils.java:logGet(46)) - raft.server.snapshot.trigger-when-stop.enabled = true (default)
2024-06-08 17:12:24,011 [e3b50f59-81fe-4964-a90b-c9e3e207dda8-groupManagement] INFO  server.RaftServerConfigKeys (ConfUtils.java:logGet(46)) - raft.server.snapshot.auto.trigger.enabled = true (custom)
2024-06-08 17:12:24,011 [e3b50f59-81fe-4964-a90b-c9e3e207dda8-groupManagement] INFO  server.RaftServerConfigKeys (ConfUtils.java:logGet(46)) - raft.server.snapshot.auto.trigger.threshold = 10000 (custom)
2024-06-08 17:12:24,011 [e3b50f59-81fe-4964-a90b-c9e3e207dda8-groupManagement] INFO  server.RaftServerConfigKeys (ConfUtils.java:logGet(46)) - raft.server.snapshot.retention.file.num = 5 (custom)
2024-06-08 17:12:24,011 [e3b50f59-81fe-4964-a90b-c9e3e207dda8-groupManagement] INFO  server.RaftServerConfigKeys (ConfUtils.java:logGet(46)) - raft.server.log.purge.upto.snapshot.index = false (default)
2024-06-08 17:12:24,011 [e3b50f59-81fe-4964-a90b-c9e3e207dda8-PipelineCommandHandlerThread-0] INFO  ratis.XceiverServerRatis (XceiverServerRatis.java:addGroup(864)) - Created group PipelineID=bd0ebd06-b004-4cdd-8910-455c3f752d2d
2024-06-08 17:12:24,011 [e3b50f59-81fe-4964-a90b-c9e3e207dda8@group-455C3F752D2D-FollowerState] INFO  server.RaftServerConfigKeys (ConfUtils.java:logFallback(53)) - raft.server.rpc.first-election.timeout.min = 5s (fallback to raft.server.rpc.timeout.min)
2024-06-08 17:12:24,011 [e3b50f59-81fe-4964-a90b-c9e3e207dda8@group-455C3F752D2D-FollowerState] INFO  server.RaftServerConfigKeys (ConfUtils.java:logFallback(53)) - raft.server.rpc.first-election.timeout.max = 5200ms (fallback to raft.server.rpc.timeout.max)
2024-06-08 17:12:24,018 [grpc-default-executor-0] INFO  server.RaftServer (RaftServerProxy.java:addNew(100)) - b8911061-d087-4ec2-bfc4-9091de9e538b: addNew group-455C3F752D2D:[b8911061-d087-4ec2-bfc4-9091de9e538b|127.0.0.1:15076, e3b50f59-81fe-4964-a90b-c9e3e207dda8|127.0.0.1:15067, b58efb8a-bcce-4b5c-ba4f-ff0c627932bf|127.0.0.1:15085] returns group-455C3F752D2D:java.util.concurrent.CompletableFuture@330ebb11[Not completed]
2024-06-08 17:12:24,019 [b8911061-d087-4ec2-bfc4-9091de9e538b-groupManagement] INFO  server.RaftServer$Division (RaftServerImpl.java:<init>(256)) - b8911061-d087-4ec2-bfc4-9091de9e538b: new RaftServerImpl for group-455C3F752D2D:[b8911061-d087-4ec2-bfc4-9091de9e538b|127.0.0.1:15076, e3b50f59-81fe-4964-a90b-c9e3e207dda8|127.0.0.1:15067, b58efb8a-bcce-4b5c-ba4f-ff0c627932bf|127.0.0.1:15085] with ContainerStateMachine:uninitialized
2024-06-08 17:12:24,019 [b8911061-d087-4ec2-bfc4-9091de9e538b-groupManagement] INFO  server.RaftServerConfigKeys (ConfUtils.java:logGet(46)) - raft.server.rpc.timeout.min = 5s (custom)
2024-06-08 17:12:24,020 [b8911061-d087-4ec2-bfc4-9091de9e538b-groupManagement] INFO  server.RaftServerConfigKeys (ConfUtils.java:logGet(46)) - raft.server.rpc.timeout.max = 5200ms (custom)
2024-06-08 17:12:24,020 [b8911061-d087-4ec2-bfc4-9091de9e538b-groupManagement] INFO  server.RaftServerConfigKeys (ConfUtils.java:logGet(46)) - raft.server.rpc.sleep.time = 25ms (default)
2024-06-08 17:12:24,020 [b8911061-d087-4ec2-bfc4-9091de9e538b-groupManagement] INFO  server.RaftServerConfigKeys (ConfUtils.java:logGet(46)) - raft.server.rpc.slowness.timeout = 300000ms (custom)
2024-06-08 17:12:24,020 [b8911061-d087-4ec2-bfc4-9091de9e538b-groupManagement] INFO  server.RaftServerConfigKeys (ConfUtils.java:logGet(46)) - raft.server.leaderelection.leader.step-down.wait-time = 10s (default)
2024-06-08 17:12:24,021 [b8911061-d087-4ec2-bfc4-9091de9e538b-groupManagement] INFO  server.RaftServerConfigKeys (ConfUtils.java:logGet(46)) - raft.server.leaderelection.member.majority-add = false (default)
2024-06-08 17:12:24,021 [b8911061-d087-4ec2-bfc4-9091de9e538b-groupManagement] INFO  server.RaftServerConfigKeys (ConfUtils.java:logGet(46)) - raft.server.sleep.deviation.threshold = 300ms (default)
2024-06-08 17:12:24,021 [b8911061-d087-4ec2-bfc4-9091de9e538b-groupManagement] INFO  server.RaftServer$Division (ServerState.java:<init>(113)) - b8911061-d087-4ec2-bfc4-9091de9e538b@group-455C3F752D2D: ConfigurationManager, init=-1: peers:[b8911061-d087-4ec2-bfc4-9091de9e538b|127.0.0.1:15076, e3b50f59-81fe-4964-a90b-c9e3e207dda8|127.0.0.1:15067, b58efb8a-bcce-4b5c-ba4f-ff0c627932bf|127.0.0.1:15085]|listeners:[], old=null, confs=<EMPTY_MAP>
2024-06-08 17:12:24,021 [b8911061-d087-4ec2-bfc4-9091de9e538b-groupManagement] INFO  server.RaftServerConfigKeys (ConfUtils.java:logGet(46)) - raft.server.notification.no-leader.timeout = 300000ms (custom)
2024-06-08 17:12:24,022 [b8911061-d087-4ec2-bfc4-9091de9e538b-groupManagement] INFO  server.RaftServerConfigKeys (ConfUtils.java:logGet(46)) - raft.server.read.timeout = 10s (default)
2024-06-08 17:12:24,022 [b8911061-d087-4ec2-bfc4-9091de9e538b-groupManagement] INFO  server.RaftServerConfigKeys (ConfUtils.java:logGet(46)) - raft.server.retrycache.expirytime = 600000ms (custom)
2024-06-08 17:12:24,022 [b8911061-d087-4ec2-bfc4-9091de9e538b-groupManagement] INFO  server.RaftServerConfigKeys (ConfUtils.java:logGet(46)) - raft.server.retrycache.statistics.expirytime = 100ms (default)
2024-06-08 17:12:24,022 [b8911061-d087-4ec2-bfc4-9091de9e538b-groupManagement] INFO  server.RaftServerConfigKeys (ConfUtils.java:logGet(46)) - raft.server.read.option = DEFAULT (default)
2024-06-08 17:12:24,022 [b8911061-d087-4ec2-bfc4-9091de9e538b-groupManagement] INFO  server.RaftServerConfigKeys (ConfUtils.java:logGet(46)) - raft.server.read.read-after-write-consistent.write-index-cache.expiry-time = 60s (default)
2024-06-08 17:12:24,024 [b8911061-d087-4ec2-bfc4-9091de9e538b-groupManagement] INFO  server.RaftServerConfigKeys (ConfUtils.java:logGet(46)) - raft.server.rpc.request.timeout = 3000ms (default)
2024-06-08 17:12:24,024 [b8911061-d087-4ec2-bfc4-9091de9e538b-groupManagement] INFO  server.RaftServerConfigKeys (ConfUtils.java:logGet(46)) - raft.server.log.appender.install.snapshot.enabled = false (custom)
2024-06-08 17:12:24,024 [b8911061-d087-4ec2-bfc4-9091de9e538b-groupManagement] INFO  server.RaftServerConfigKeys (ConfUtils.java:logGet(46)) - raft.server.threadpool.server.cached = true (default)
2024-06-08 17:12:24,024 [b8911061-d087-4ec2-bfc4-9091de9e538b-groupManagement] INFO  server.RaftServerConfigKeys (ConfUtils.java:logGet(46)) - raft.server.threadpool.server.size = 0 (default)
2024-06-08 17:12:24,024 [b8911061-d087-4ec2-bfc4-9091de9e538b-groupManagement] INFO  server.RaftServerConfigKeys (ConfUtils.java:logGet(46)) - raft.server.threadpool.client.cached = true (default)
2024-06-08 17:12:24,024 [b8911061-d087-4ec2-bfc4-9091de9e538b-groupManagement] INFO  server.RaftServerConfigKeys (ConfUtils.java:logGet(46)) - raft.server.threadpool.client.size = 0 (default)
2024-06-08 17:12:24,024 [b8911061-d087-4ec2-bfc4-9091de9e538b-groupManagement] INFO  server.RaftServerConfigKeys (ConfUtils.java:logGet(46)) - raft.server.storage.free-space.min = 0MB (=0) (default)
2024-06-08 17:12:24,024 [b8911061-d087-4ec2-bfc4-9091de9e538b-groupManagement] INFO  server.RaftServerConfigKeys (ConfUtils.java:logGet(46)) - raft.server.log.corruption.policy = EXCEPTION (default)
2024-06-08 17:12:24,025 [b8911061-d087-4ec2-bfc4-9091de9e538b-groupManagement] INFO  server.RaftServerConfigKeys (ConfUtils.java:logGet(46)) - raft.server.storage.dir = [/home/runner/work/ozone/ozone/hadoop-ozone/integration-test/target/test-dir/MiniOzoneClusterImpl-6b59e386-941c-4981-b753-7806b34dbc05/ozone-meta/datanode-2/ratis] (custom)
2024-06-08 17:12:24,025 [b8911061-d087-4ec2-bfc4-9091de9e538b-groupManagement] INFO  storage.RaftStorageDirectory (RaftStorageDirectoryImpl.java:analyzeStorage(138)) - The storage directory /home/runner/work/ozone/ozone/hadoop-ozone/integration-test/target/test-dir/MiniOzoneClusterImpl-6b59e386-941c-4981-b753-7806b34dbc05/ozone-meta/datanode-2/ratis/bd0ebd06-b004-4cdd-8910-455c3f752d2d does not exist. Creating ...
2024-06-08 17:12:24,026 [b8911061-d087-4ec2-bfc4-9091de9e538b-groupManagement] INFO  storage.RaftStorageDirectory (RaftStorageDirectoryImpl.java:tryLock(228)) - Lock on /home/runner/work/ozone/ozone/hadoop-ozone/integration-test/target/test-dir/MiniOzoneClusterImpl-6b59e386-941c-4981-b753-7806b34dbc05/ozone-meta/datanode-2/ratis/bd0ebd06-b004-4cdd-8910-455c3f752d2d/in_use.lock acquired by nodename 19691@fv-az1025-916
2024-06-08 17:12:24,027 [b8911061-d087-4ec2-bfc4-9091de9e538b-groupManagement] INFO  storage.RaftStorage (RaftStorageImpl.java:format(99)) - Storage directory /home/runner/work/ozone/ozone/hadoop-ozone/integration-test/target/test-dir/MiniOzoneClusterImpl-6b59e386-941c-4981-b753-7806b34dbc05/ozone-meta/datanode-2/ratis/bd0ebd06-b004-4cdd-8910-455c3f752d2d has been successfully formatted.
2024-06-08 17:12:24,027 [b8911061-d087-4ec2-bfc4-9091de9e538b-groupManagement] WARN  util.FileUtils (LogUtils.java:supplyAndLog(63)) - Failed to Files.newInputStream /home/runner/work/ozone/ozone/hadoop-ozone/integration-test/target/test-dir/MiniOzoneClusterImpl-6b59e386-941c-4981-b753-7806b34dbc05/ozone-meta/datanode-2/ratis/bd0ebd06-b004-4cdd-8910-455c3f752d2d/current/raft-meta.conf with options []: java.nio.file.NoSuchFileException: /home/runner/work/ozone/ozone/hadoop-ozone/integration-test/target/test-dir/MiniOzoneClusterImpl-6b59e386-941c-4981-b753-7806b34dbc05/ozone-meta/datanode-2/ratis/bd0ebd06-b004-4cdd-8910-455c3f752d2d/current/raft-meta.conf
2024-06-08 17:12:24,027 [b8911061-d087-4ec2-bfc4-9091de9e538b-groupManagement] INFO  ratis.ContainerStateMachine (ContainerStateMachine.java:loadSnapshot(287)) - group-455C3F752D2D: The snapshot info is null. Setting the last applied index to:(t:0, i:~)
2024-06-08 17:12:24,027 [b8911061-d087-4ec2-bfc4-9091de9e538b-groupManagement] INFO  server.RaftServerConfigKeys (ConfUtils.java:logGet(46)) - raft.server.log.use.memory = false (default)
2024-06-08 17:12:24,028 [b8911061-d087-4ec2-bfc4-9091de9e538b-groupManagement] INFO  server.RaftServerConfigKeys (ConfUtils.java:logGet(46)) - raft.server.log.purge.gap = 1000000 (custom)
2024-06-08 17:12:24,028 [b8911061-d087-4ec2-bfc4-9091de9e538b-groupManagement] INFO  server.RaftServerConfigKeys (ConfUtils.java:logGet(46)) - raft.server.log.appender.buffer.byte-limit = 8388608 (custom)
2024-06-08 17:12:24,028 [b8911061-d087-4ec2-bfc4-9091de9e538b-groupManagement] INFO  server.RaftServerConfigKeys (ConfUtils.java:logGet(46)) - raft.server.log.statemachine.data.read.timeout = 1000ms (default)
2024-06-08 17:12:24,028 [b8911061-d087-4ec2-bfc4-9091de9e538b-groupManagement] INFO  server.RaftServerConfigKeys (ConfUtils.java:logGet(46)) - raft.server.log.purge.preservation.log.num = 0 (default)
2024-06-08 17:12:24,029 [b8911061-d087-4ec2-bfc4-9091de9e538b-groupManagement] INFO  server.RaftServerConfigKeys (ConfUtils.java:logGet(46)) - raft.server.log.segment.size.max = 67108864 (custom)
2024-06-08 17:12:24,029 [b8911061-d087-4ec2-bfc4-9091de9e538b-groupManagement] INFO  server.RaftServerConfigKeys (ConfUtils.java:logGet(46)) - raft.server.log.segment.cache.num.max = 2 (custom)
2024-06-08 17:12:24,029 [b8911061-d087-4ec2-bfc4-9091de9e538b-groupManagement] INFO  server.RaftServerConfigKeys (ConfUtils.java:logGet(46)) - raft.server.log.segment.cache.size.max = 200MB (=209715200) (default)
2024-06-08 17:12:24,029 [b8911061-d087-4ec2-bfc4-9091de9e538b-groupManagement] INFO  server.RaftServerConfigKeys (ConfUtils.java:logGet(46)) - raft.server.log.appender.buffer.byte-limit = 8388608 (custom)
2024-06-08 17:12:24,030 [b8911061-d087-4ec2-bfc4-9091de9e538b-groupManagement] INFO  util.AwaitToRun (AwaitToRun.java:start(81)) - Thread[b8911061-d087-4ec2-bfc4-9091de9e538b@group-455C3F752D2D-cacheEviction-AwaitToRun,5,main] started
2024-06-08 17:12:24,030 [b8911061-d087-4ec2-bfc4-9091de9e538b-groupManagement] INFO  segmented.SegmentedRaftLogWorker (SegmentedRaftLogWorker.java:<init>(182)) - new b8911061-d087-4ec2-bfc4-9091de9e538b@group-455C3F752D2D-SegmentedRaftLogWorker for RaftStorageImpl:Storage Directory /home/runner/work/ozone/ozone/hadoop-ozone/integration-test/target/test-dir/MiniOzoneClusterImpl-6b59e386-941c-4981-b753-7806b34dbc05/ozone-meta/datanode-2/ratis/bd0ebd06-b004-4cdd-8910-455c3f752d2d
2024-06-08 17:12:24,031 [b8911061-d087-4ec2-bfc4-9091de9e538b-groupManagement] INFO  server.RaftServerConfigKeys (ConfUtils.java:logGet(46)) - raft.server.log.queue.byte-limit = 4294967296 (custom)
2024-06-08 17:12:24,031 [b8911061-d087-4ec2-bfc4-9091de9e538b-groupManagement] INFO  server.RaftServerConfigKeys (ConfUtils.java:logGet(46)) - raft.server.log.queue.element-limit = 1024 (custom)
2024-06-08 17:12:24,031 [b8911061-d087-4ec2-bfc4-9091de9e538b-groupManagement] INFO  server.RaftServerConfigKeys (ConfUtils.java:logGet(46)) - raft.server.log.segment.size.max = 67108864 (custom)
2024-06-08 17:12:24,031 [b8911061-d087-4ec2-bfc4-9091de9e538b-groupManagement] INFO  server.RaftServerConfigKeys (ConfUtils.java:logGet(46)) - raft.server.log.preallocated.size = 4194304 (custom)
2024-06-08 17:12:24,031 [b8911061-d087-4ec2-bfc4-9091de9e538b-groupManagement] INFO  server.RaftServerConfigKeys (ConfUtils.java:logGet(46)) - raft.server.log.force.sync.num = 128 (default)
2024-06-08 17:12:24,031 [b8911061-d087-4ec2-bfc4-9091de9e538b-groupManagement] INFO  server.RaftServerConfigKeys (ConfUtils.java:logGet(46)) - raft.server.log.statemachine.data.sync = true (default)
2024-06-08 17:12:24,031 [b8911061-d087-4ec2-bfc4-9091de9e538b-groupManagement] INFO  server.RaftServerConfigKeys (ConfUtils.java:logGet(46)) - raft.server.log.statemachine.data.sync.timeout = 10s (default)
2024-06-08 17:12:24,031 [b8911061-d087-4ec2-bfc4-9091de9e538b-groupManagement] INFO  server.RaftServerConfigKeys (ConfUtils.java:logGet(46)) - raft.server.log.statemachine.data.sync.timeout.retry = 30 (custom)
2024-06-08 17:12:24,031 [b8911061-d087-4ec2-bfc4-9091de9e538b-groupManagement] INFO  server.RaftServerConfigKeys (ConfUtils.java:logGet(46)) - raft.server.log.write.buffer.size = 8388616 (custom)
2024-06-08 17:12:24,033 [b8911061-d087-4ec2-bfc4-9091de9e538b-groupManagement] INFO  server.RaftServerConfigKeys (ConfUtils.java:logGet(46)) - raft.server.log.appender.buffer.byte-limit = 8388608 (custom)
2024-06-08 17:12:24,033 [b8911061-d087-4ec2-bfc4-9091de9e538b-groupManagement] INFO  server.RaftServerConfigKeys (ConfUtils.java:logGet(46)) - raft.server.log.unsafe-flush.enabled = false (default)
2024-06-08 17:12:24,033 [b8911061-d087-4ec2-bfc4-9091de9e538b-groupManagement] INFO  server.RaftServerConfigKeys (ConfUtils.java:logGet(46)) - raft.server.log.async-flush.enabled = false (default)
2024-06-08 17:12:24,033 [b8911061-d087-4ec2-bfc4-9091de9e538b-groupManagement] INFO  server.RaftServerConfigKeys (ConfUtils.java:logGet(46)) - raft.server.log.statemachine.data.caching.enabled = true (custom)
2024-06-08 17:12:24,033 [b8911061-d087-4ec2-bfc4-9091de9e538b-groupManagement] INFO  segmented.SegmentedRaftLogWorker (SegmentedRaftLogWorker.java:lambda$new$0(134)) - b8911061-d087-4ec2-bfc4-9091de9e538b@group-455C3F752D2D-SegmentedRaftLogWorker: flushIndex: setUnconditionally 0 -> -1
2024-06-08 17:12:24,034 [b8911061-d087-4ec2-bfc4-9091de9e538b-groupManagement] INFO  segmented.SegmentedRaftLogWorker (SegmentedRaftLogWorker.java:lambda$new$0(134)) - b8911061-d087-4ec2-bfc4-9091de9e538b@group-455C3F752D2D-SegmentedRaftLogWorker: safeCacheEvictIndex: setUnconditionally 0 -> -1
2024-06-08 17:12:24,034 [b8911061-d087-4ec2-bfc4-9091de9e538b-groupManagement] INFO  server.RaftServer$Division (RaftServerImpl.java:start(396)) - b8911061-d087-4ec2-bfc4-9091de9e538b@group-455C3F752D2D: start as a follower, conf=-1: peers:[b8911061-d087-4ec2-bfc4-9091de9e538b|127.0.0.1:15076, e3b50f59-81fe-4964-a90b-c9e3e207dda8|127.0.0.1:15067, b58efb8a-bcce-4b5c-ba4f-ff0c627932bf|127.0.0.1:15085]|listeners:[], old=null
2024-06-08 17:12:24,034 [b8911061-d087-4ec2-bfc4-9091de9e538b-groupManagement] INFO  server.RaftServer$Division (RaftServerImpl.java:setRole(383)) - b8911061-d087-4ec2-bfc4-9091de9e538b@group-455C3F752D2D: changes role from      null to FOLLOWER at term 0 for startAsFollower
2024-06-08 17:12:24,034 [b8911061-d087-4ec2-bfc4-9091de9e538b-groupManagement] INFO  impl.RoleInfo (RoleInfo.java:updateAndGet(139)) - b8911061-d087-4ec2-bfc4-9091de9e538b: start b8911061-d087-4ec2-bfc4-9091de9e538b@group-455C3F752D2D-FollowerState
2024-06-08 17:12:24,034 [b8911061-d087-4ec2-bfc4-9091de9e538b@group-455C3F752D2D-FollowerState] INFO  server.RaftServerConfigKeys (ConfUtils.java:logFallback(53)) - raft.server.rpc.first-election.timeout.min = 5s (fallback to raft.server.rpc.timeout.min)
2024-06-08 17:12:24,034 [b8911061-d087-4ec2-bfc4-9091de9e538b@group-455C3F752D2D-FollowerState] INFO  server.RaftServerConfigKeys (ConfUtils.java:logFallback(53)) - raft.server.rpc.first-election.timeout.max = 5200ms (fallback to raft.server.rpc.timeout.max)
2024-06-08 17:12:24,034 [b8911061-d087-4ec2-bfc4-9091de9e538b-groupManagement] INFO  util.JmxRegister (JmxRegister.java:tryRegister(44)) - Successfully registered JMX Bean with object name Ratis:service=RaftServer,group=group-455C3F752D2D,id=b8911061-d087-4ec2-bfc4-9091de9e538b
2024-06-08 17:12:24,035 [b8911061-d087-4ec2-bfc4-9091de9e538b-groupManagement] INFO  server.RaftServerConfigKeys (ConfUtils.java:logGet(46)) - raft.server.snapshot.trigger-when-stop.enabled = true (default)
2024-06-08 17:12:24,035 [b8911061-d087-4ec2-bfc4-9091de9e538b-groupManagement] INFO  server.RaftServerConfigKeys (ConfUtils.java:logGet(46)) - raft.server.snapshot.auto.trigger.enabled = true (custom)
2024-06-08 17:12:24,035 [b8911061-d087-4ec2-bfc4-9091de9e538b-groupManagement] INFO  server.RaftServerConfigKeys (ConfUtils.java:logGet(46)) - raft.server.snapshot.auto.trigger.threshold = 10000 (custom)
2024-06-08 17:12:24,035 [b8911061-d087-4ec2-bfc4-9091de9e538b-groupManagement] INFO  server.RaftServerConfigKeys (ConfUtils.java:logGet(46)) - raft.server.snapshot.retention.file.num = 5 (custom)
2024-06-08 17:12:24,035 [b8911061-d087-4ec2-bfc4-9091de9e538b-groupManagement] INFO  server.RaftServerConfigKeys (ConfUtils.java:logGet(46)) - raft.server.log.purge.upto.snapshot.index = false (default)
2024-06-08 17:12:24,046 [grpc-default-executor-0] INFO  server.RaftServer (RaftServerProxy.java:addNew(100)) - b58efb8a-bcce-4b5c-ba4f-ff0c627932bf: addNew group-455C3F752D2D:[b8911061-d087-4ec2-bfc4-9091de9e538b|127.0.0.1:15076, e3b50f59-81fe-4964-a90b-c9e3e207dda8|127.0.0.1:15067, b58efb8a-bcce-4b5c-ba4f-ff0c627932bf|127.0.0.1:15085] returns group-455C3F752D2D:java.util.concurrent.CompletableFuture@6a861a69[Not completed]
2024-06-08 17:12:24,047 [b58efb8a-bcce-4b5c-ba4f-ff0c627932bf-groupManagement] INFO  server.RaftServer$Division (RaftServerImpl.java:<init>(256)) - b58efb8a-bcce-4b5c-ba4f-ff0c627932bf: new RaftServerImpl for group-455C3F752D2D:[b8911061-d087-4ec2-bfc4-9091de9e538b|127.0.0.1:15076, e3b50f59-81fe-4964-a90b-c9e3e207dda8|127.0.0.1:15067, b58efb8a-bcce-4b5c-ba4f-ff0c627932bf|127.0.0.1:15085] with ContainerStateMachine:uninitialized
2024-06-08 17:12:24,048 [b58efb8a-bcce-4b5c-ba4f-ff0c627932bf-groupManagement] INFO  server.RaftServerConfigKeys (ConfUtils.java:logGet(46)) - raft.server.rpc.timeout.min = 5s (custom)
2024-06-08 17:12:24,048 [b58efb8a-bcce-4b5c-ba4f-ff0c627932bf-groupManagement] INFO  server.RaftServerConfigKeys (ConfUtils.java:logGet(46)) - raft.server.rpc.timeout.max = 5200ms (custom)
2024-06-08 17:12:24,048 [b58efb8a-bcce-4b5c-ba4f-ff0c627932bf-groupManagement] INFO  server.RaftServerConfigKeys (ConfUtils.java:logGet(46)) - raft.server.rpc.sleep.time = 25ms (default)
2024-06-08 17:12:24,049 [b58efb8a-bcce-4b5c-ba4f-ff0c627932bf-groupManagement] INFO  server.RaftServerConfigKeys (ConfUtils.java:logGet(46)) - raft.server.rpc.slowness.timeout = 300000ms (custom)
2024-06-08 17:12:24,049 [b58efb8a-bcce-4b5c-ba4f-ff0c627932bf-groupManagement] INFO  server.RaftServerConfigKeys (ConfUtils.java:logGet(46)) - raft.server.leaderelection.leader.step-down.wait-time = 10s (default)
2024-06-08 17:12:24,049 [b58efb8a-bcce-4b5c-ba4f-ff0c627932bf-groupManagement] INFO  server.RaftServerConfigKeys (ConfUtils.java:logGet(46)) - raft.server.leaderelection.member.majority-add = false (default)
2024-06-08 17:12:24,049 [b58efb8a-bcce-4b5c-ba4f-ff0c627932bf-groupManagement] INFO  server.RaftServerConfigKeys (ConfUtils.java:logGet(46)) - raft.server.sleep.deviation.threshold = 300ms (default)
2024-06-08 17:12:24,050 [b58efb8a-bcce-4b5c-ba4f-ff0c627932bf-groupManagement] INFO  server.RaftServer$Division (ServerState.java:<init>(113)) - b58efb8a-bcce-4b5c-ba4f-ff0c627932bf@group-455C3F752D2D: ConfigurationManager, init=-1: peers:[b8911061-d087-4ec2-bfc4-9091de9e538b|127.0.0.1:15076, e3b50f59-81fe-4964-a90b-c9e3e207dda8|127.0.0.1:15067, b58efb8a-bcce-4b5c-ba4f-ff0c627932bf|127.0.0.1:15085]|listeners:[], old=null, confs=<EMPTY_MAP>
2024-06-08 17:12:24,050 [b58efb8a-bcce-4b5c-ba4f-ff0c627932bf-groupManagement] INFO  server.RaftServerConfigKeys (ConfUtils.java:logGet(46)) - raft.server.notification.no-leader.timeout = 300000ms (custom)
2024-06-08 17:12:24,050 [b58efb8a-bcce-4b5c-ba4f-ff0c627932bf-groupManagement] INFO  server.RaftServerConfigKeys (ConfUtils.java:logGet(46)) - raft.server.read.timeout = 10s (default)
2024-06-08 17:12:24,050 [b8911061-d087-4ec2-bfc4-9091de9e538b-PipelineCommandHandlerThread-0] INFO  server.RaftServer (RaftServerProxy.java:addNew(100)) - b8911061-d087-4ec2-bfc4-9091de9e538b: addNew group-9D1B5707D807:[b8911061-d087-4ec2-bfc4-9091de9e538b|127.0.0.1:15076] returns group-9D1B5707D807:java.util.concurrent.CompletableFuture@41d9fa7b[Not completed]
2024-06-08 17:12:24,050 [b58efb8a-bcce-4b5c-ba4f-ff0c627932bf-groupManagement] INFO  server.RaftServerConfigKeys (ConfUtils.java:logGet(46)) - raft.server.retrycache.expirytime = 600000ms (custom)
2024-06-08 17:12:24,051 [b8911061-d087-4ec2-bfc4-9091de9e538b-groupManagement] INFO  server.RaftServer$Division (RaftServerImpl.java:<init>(256)) - b8911061-d087-4ec2-bfc4-9091de9e538b: new RaftServerImpl for group-9D1B5707D807:[b8911061-d087-4ec2-bfc4-9091de9e538b|127.0.0.1:15076] with ContainerStateMachine:uninitialized
2024-06-08 17:12:24,051 [b8911061-d087-4ec2-bfc4-9091de9e538b-groupManagement] INFO  server.RaftServerConfigKeys (ConfUtils.java:logGet(46)) - raft.server.rpc.timeout.min = 5s (custom)
2024-06-08 17:12:24,051 [b8911061-d087-4ec2-bfc4-9091de9e538b-groupManagement] INFO  server.RaftServerConfigKeys (ConfUtils.java:logGet(46)) - raft.server.rpc.timeout.max = 5200ms (custom)
2024-06-08 17:12:24,051 [b8911061-d087-4ec2-bfc4-9091de9e538b-groupManagement] INFO  server.RaftServerConfigKeys (ConfUtils.java:logGet(46)) - raft.server.rpc.sleep.time = 25ms (default)
2024-06-08 17:12:24,051 [b8911061-d087-4ec2-bfc4-9091de9e538b-groupManagement] INFO  server.RaftServerConfigKeys (ConfUtils.java:logGet(46)) - raft.server.rpc.slowness.timeout = 300000ms (custom)
2024-06-08 17:12:24,051 [b8911061-d087-4ec2-bfc4-9091de9e538b-groupManagement] INFO  server.RaftServerConfigKeys (ConfUtils.java:logGet(46)) - raft.server.leaderelection.leader.step-down.wait-time = 10s (default)
2024-06-08 17:12:24,051 [b8911061-d087-4ec2-bfc4-9091de9e538b-groupManagement] INFO  server.RaftServerConfigKeys (ConfUtils.java:logGet(46)) - raft.server.leaderelection.member.majority-add = false (default)
2024-06-08 17:12:24,051 [b8911061-d087-4ec2-bfc4-9091de9e538b-groupManagement] INFO  server.RaftServerConfigKeys (ConfUtils.java:logGet(46)) - raft.server.sleep.deviation.threshold = 300ms (default)
2024-06-08 17:12:24,051 [b8911061-d087-4ec2-bfc4-9091de9e538b-groupManagement] INFO  server.RaftServer$Division (ServerState.java:<init>(113)) - b8911061-d087-4ec2-bfc4-9091de9e538b@group-9D1B5707D807: ConfigurationManager, init=-1: peers:[b8911061-d087-4ec2-bfc4-9091de9e538b|127.0.0.1:15076]|listeners:[], old=null, confs=<EMPTY_MAP>
2024-06-08 17:12:24,051 [b8911061-d087-4ec2-bfc4-9091de9e538b-groupManagement] INFO  server.RaftServerConfigKeys (ConfUtils.java:logGet(46)) - raft.server.notification.no-leader.timeout = 300000ms (custom)
2024-06-08 17:12:24,051 [b8911061-d087-4ec2-bfc4-9091de9e538b-groupManagement] INFO  server.RaftServerConfigKeys (ConfUtils.java:logGet(46)) - raft.server.read.timeout = 10s (default)
2024-06-08 17:12:24,052 [b8911061-d087-4ec2-bfc4-9091de9e538b-groupManagement] INFO  server.RaftServerConfigKeys (ConfUtils.java:logGet(46)) - raft.server.retrycache.expirytime = 600000ms (custom)
2024-06-08 17:12:24,052 [b8911061-d087-4ec2-bfc4-9091de9e538b-groupManagement] INFO  server.RaftServerConfigKeys (ConfUtils.java:logGet(46)) - raft.server.retrycache.statistics.expirytime = 100ms (default)
2024-06-08 17:12:24,052 [b8911061-d087-4ec2-bfc4-9091de9e538b-groupManagement] INFO  server.RaftServerConfigKeys (ConfUtils.java:logGet(46)) - raft.server.read.option = DEFAULT (default)
2024-06-08 17:12:24,052 [b8911061-d087-4ec2-bfc4-9091de9e538b-groupManagement] INFO  server.RaftServerConfigKeys (ConfUtils.java:logGet(46)) - raft.server.read.read-after-write-consistent.write-index-cache.expiry-time = 60s (default)
2024-06-08 17:12:24,051 [b58efb8a-bcce-4b5c-ba4f-ff0c627932bf-groupManagement] INFO  server.RaftServerConfigKeys (ConfUtils.java:logGet(46)) - raft.server.retrycache.statistics.expirytime = 100ms (default)
2024-06-08 17:12:24,054 [b8911061-d087-4ec2-bfc4-9091de9e538b-groupManagement] INFO  server.RaftServerConfigKeys (ConfUtils.java:logGet(46)) - raft.server.rpc.request.timeout = 3000ms (default)
2024-06-08 17:12:24,054 [b8911061-d087-4ec2-bfc4-9091de9e538b-groupManagement] INFO  server.RaftServerConfigKeys (ConfUtils.java:logGet(46)) - raft.server.log.appender.install.snapshot.enabled = false (custom)
2024-06-08 17:12:24,054 [b8911061-d087-4ec2-bfc4-9091de9e538b-groupManagement] INFO  server.RaftServerConfigKeys (ConfUtils.java:logGet(46)) - raft.server.threadpool.server.cached = true (default)
2024-06-08 17:12:24,054 [b8911061-d087-4ec2-bfc4-9091de9e538b-groupManagement] INFO  server.RaftServerConfigKeys (ConfUtils.java:logGet(46)) - raft.server.threadpool.server.size = 0 (default)
2024-06-08 17:12:24,054 [b8911061-d087-4ec2-bfc4-9091de9e538b-groupManagement] INFO  server.RaftServerConfigKeys (ConfUtils.java:logGet(46)) - raft.server.threadpool.client.cached = true (default)
2024-06-08 17:12:24,054 [b8911061-d087-4ec2-bfc4-9091de9e538b-groupManagement] INFO  server.RaftServerConfigKeys (ConfUtils.java:logGet(46)) - raft.server.threadpool.client.size = 0 (default)
2024-06-08 17:12:24,054 [b8911061-d087-4ec2-bfc4-9091de9e538b-groupManagement] INFO  server.RaftServerConfigKeys (ConfUtils.java:logGet(46)) - raft.server.storage.free-space.min = 0MB (=0) (default)
2024-06-08 17:12:24,054 [b8911061-d087-4ec2-bfc4-9091de9e538b-groupManagement] INFO  server.RaftServerConfigKeys (ConfUtils.java:logGet(46)) - raft.server.log.corruption.policy = EXCEPTION (default)
2024-06-08 17:12:24,054 [b8911061-d087-4ec2-bfc4-9091de9e538b-groupManagement] INFO  server.RaftServerConfigKeys (ConfUtils.java:logGet(46)) - raft.server.storage.dir = [/home/runner/work/ozone/ozone/hadoop-ozone/integration-test/target/test-dir/MiniOzoneClusterImpl-6b59e386-941c-4981-b753-7806b34dbc05/ozone-meta/datanode-2/ratis] (custom)
2024-06-08 17:12:24,054 [b8911061-d087-4ec2-bfc4-9091de9e538b-groupManagement] INFO  storage.RaftStorageDirectory (RaftStorageDirectoryImpl.java:analyzeStorage(138)) - The storage directory /home/runner/work/ozone/ozone/hadoop-ozone/integration-test/target/test-dir/MiniOzoneClusterImpl-6b59e386-941c-4981-b753-7806b34dbc05/ozone-meta/datanode-2/ratis/8f3c9ac3-1342-476a-b2df-9d1b5707d807 does not exist. Creating ...
2024-06-08 17:12:24,055 [b58efb8a-bcce-4b5c-ba4f-ff0c627932bf-groupManagement] INFO  server.RaftServerConfigKeys (ConfUtils.java:logGet(46)) - raft.server.read.option = DEFAULT (default)
2024-06-08 17:12:24,055 [b58efb8a-bcce-4b5c-ba4f-ff0c627932bf-groupManagement] INFO  server.RaftServerConfigKeys (ConfUtils.java:logGet(46)) - raft.server.read.read-after-write-consistent.write-index-cache.expiry-time = 60s (default)
2024-06-08 17:12:24,056 [b8911061-d087-4ec2-bfc4-9091de9e538b-groupManagement] INFO  storage.RaftStorageDirectory (RaftStorageDirectoryImpl.java:tryLock(228)) - Lock on /home/runner/work/ozone/ozone/hadoop-ozone/integration-test/target/test-dir/MiniOzoneClusterImpl-6b59e386-941c-4981-b753-7806b34dbc05/ozone-meta/datanode-2/ratis/8f3c9ac3-1342-476a-b2df-9d1b5707d807/in_use.lock acquired by nodename 19691@fv-az1025-916
2024-06-08 17:12:24,057 [b8911061-d087-4ec2-bfc4-9091de9e538b-groupManagement] INFO  storage.RaftStorage (RaftStorageImpl.java:format(99)) - Storage directory /home/runner/work/ozone/ozone/hadoop-ozone/integration-test/target/test-dir/MiniOzoneClusterImpl-6b59e386-941c-4981-b753-7806b34dbc05/ozone-meta/datanode-2/ratis/8f3c9ac3-1342-476a-b2df-9d1b5707d807 has been successfully formatted.
2024-06-08 17:12:24,057 [b8911061-d087-4ec2-bfc4-9091de9e538b-groupManagement] WARN  util.FileUtils (LogUtils.java:supplyAndLog(63)) - Failed to Files.newInputStream /home/runner/work/ozone/ozone/hadoop-ozone/integration-test/target/test-dir/MiniOzoneClusterImpl-6b59e386-941c-4981-b753-7806b34dbc05/ozone-meta/datanode-2/ratis/8f3c9ac3-1342-476a-b2df-9d1b5707d807/current/raft-meta.conf with options []: java.nio.file.NoSuchFileException: /home/runner/work/ozone/ozone/hadoop-ozone/integration-test/target/test-dir/MiniOzoneClusterImpl-6b59e386-941c-4981-b753-7806b34dbc05/ozone-meta/datanode-2/ratis/8f3c9ac3-1342-476a-b2df-9d1b5707d807/current/raft-meta.conf
2024-06-08 17:12:24,057 [b8911061-d087-4ec2-bfc4-9091de9e538b-groupManagement] INFO  ratis.ContainerStateMachine (ContainerStateMachine.java:loadSnapshot(287)) - group-9D1B5707D807: The snapshot info is null. Setting the last applied index to:(t:0, i:~)
2024-06-08 17:12:24,057 [b8911061-d087-4ec2-bfc4-9091de9e538b-groupManagement] INFO  server.RaftServerConfigKeys (ConfUtils.java:logGet(46)) - raft.server.log.use.memory = false (default)
2024-06-08 17:12:24,057 [b8911061-d087-4ec2-bfc4-9091de9e538b-groupManagement] INFO  server.RaftServerConfigKeys (ConfUtils.java:logGet(46)) - raft.server.log.purge.gap = 1000000 (custom)
2024-06-08 17:12:24,058 [b8911061-d087-4ec2-bfc4-9091de9e538b-groupManagement] INFO  server.RaftServerConfigKeys (ConfUtils.java:logGet(46)) - raft.server.log.appender.buffer.byte-limit = 8388608 (custom)
2024-06-08 17:12:24,058 [b8911061-d087-4ec2-bfc4-9091de9e538b-groupManagement] INFO  server.RaftServerConfigKeys (ConfUtils.java:logGet(46)) - raft.server.log.statemachine.data.read.timeout = 1000ms (default)
2024-06-08 17:12:24,058 [b8911061-d087-4ec2-bfc4-9091de9e538b-groupManagement] INFO  server.RaftServerConfigKeys (ConfUtils.java:logGet(46)) - raft.server.log.purge.preservation.log.num = 0 (default)
2024-06-08 17:12:24,059 [b8911061-d087-4ec2-bfc4-9091de9e538b-groupManagement] INFO  server.RaftServerConfigKeys (ConfUtils.java:logGet(46)) - raft.server.log.segment.size.max = 67108864 (custom)
2024-06-08 17:12:24,059 [b8911061-d087-4ec2-bfc4-9091de9e538b-groupManagement] INFO  server.RaftServerConfigKeys (ConfUtils.java:logGet(46)) - raft.server.log.segment.cache.num.max = 2 (custom)
2024-06-08 17:12:24,059 [b8911061-d087-4ec2-bfc4-9091de9e538b-groupManagement] INFO  server.RaftServerConfigKeys (ConfUtils.java:logGet(46)) - raft.server.log.segment.cache.size.max = 200MB (=209715200) (default)
2024-06-08 17:12:24,059 [b8911061-d087-4ec2-bfc4-9091de9e538b-groupManagement] INFO  server.RaftServerConfigKeys (ConfUtils.java:logGet(46)) - raft.server.log.appender.buffer.byte-limit = 8388608 (custom)
2024-06-08 17:12:24,059 [EventQueue-PipelineReportForPipelineReportHandler] INFO  pipeline.PipelineReportHandler (PipelineReportHandler.java:processPipelineReport(136)) - Opened pipeline PipelineID=8f3c9ac3-1342-476a-b2df-9d1b5707d807
2024-06-08 17:12:24,059 [EventQueue-OpenPipelineForHealthyPipelineSafeModeRule] INFO  safemode.SCMSafeModeManager (HealthyPipelineSafeModeRule.java:process(140)) - SCM in safe mode. Healthy pipelines reported count is 0, required healthy pipeline reported count is 1
2024-06-08 17:12:24,060 [b58efb8a-bcce-4b5c-ba4f-ff0c627932bf-groupManagement] INFO  server.RaftServerConfigKeys (ConfUtils.java:logGet(46)) - raft.server.rpc.request.timeout = 3000ms (default)
2024-06-08 17:12:24,061 [b58efb8a-bcce-4b5c-ba4f-ff0c627932bf-groupManagement] INFO  server.RaftServerConfigKeys (ConfUtils.java:logGet(46)) - raft.server.log.appender.install.snapshot.enabled = false (custom)
2024-06-08 17:12:24,061 [b58efb8a-bcce-4b5c-ba4f-ff0c627932bf-groupManagement] INFO  server.RaftServerConfigKeys (ConfUtils.java:logGet(46)) - raft.server.threadpool.server.cached = true (default)
2024-06-08 17:12:24,061 [b58efb8a-bcce-4b5c-ba4f-ff0c627932bf-groupManagement] INFO  server.RaftServerConfigKeys (ConfUtils.java:logGet(46)) - raft.server.threadpool.server.size = 0 (default)
2024-06-08 17:12:24,061 [b58efb8a-bcce-4b5c-ba4f-ff0c627932bf-groupManagement] INFO  server.RaftServerConfigKeys (ConfUtils.java:logGet(46)) - raft.server.threadpool.client.cached = true (default)
2024-06-08 17:12:24,061 [b58efb8a-bcce-4b5c-ba4f-ff0c627932bf-groupManagement] INFO  server.RaftServerConfigKeys (ConfUtils.java:logGet(46)) - raft.server.threadpool.client.size = 0 (default)
2024-06-08 17:12:24,061 [b58efb8a-bcce-4b5c-ba4f-ff0c627932bf-groupManagement] INFO  server.RaftServerConfigKeys (ConfUtils.java:logGet(46)) - raft.server.storage.free-space.min = 0MB (=0) (default)
2024-06-08 17:12:24,061 [b58efb8a-bcce-4b5c-ba4f-ff0c627932bf-groupManagement] INFO  server.RaftServerConfigKeys (ConfUtils.java:logGet(46)) - raft.server.log.corruption.policy = EXCEPTION (default)
2024-06-08 17:12:24,061 [b58efb8a-bcce-4b5c-ba4f-ff0c627932bf-groupManagement] INFO  server.RaftServerConfigKeys (ConfUtils.java:logGet(46)) - raft.server.storage.dir = [/home/runner/work/ozone/ozone/hadoop-ozone/integration-test/target/test-dir/MiniOzoneClusterImpl-6b59e386-941c-4981-b753-7806b34dbc05/ozone-meta/datanode-3/ratis] (custom)
2024-06-08 17:12:24,061 [b58efb8a-bcce-4b5c-ba4f-ff0c627932bf-groupManagement] INFO  storage.RaftStorageDirectory (RaftStorageDirectoryImpl.java:analyzeStorage(138)) - The storage directory /home/runner/work/ozone/ozone/hadoop-ozone/integration-test/target/test-dir/MiniOzoneClusterImpl-6b59e386-941c-4981-b753-7806b34dbc05/ozone-meta/datanode-3/ratis/bd0ebd06-b004-4cdd-8910-455c3f752d2d does not exist. Creating ...
2024-06-08 17:12:24,062 [b58efb8a-bcce-4b5c-ba4f-ff0c627932bf-groupManagement] INFO  storage.RaftStorageDirectory (RaftStorageDirectoryImpl.java:tryLock(228)) - Lock on /home/runner/work/ozone/ozone/hadoop-ozone/integration-test/target/test-dir/MiniOzoneClusterImpl-6b59e386-941c-4981-b753-7806b34dbc05/ozone-meta/datanode-3/ratis/bd0ebd06-b004-4cdd-8910-455c3f752d2d/in_use.lock acquired by nodename 19691@fv-az1025-916
2024-06-08 17:12:24,063 [b58efb8a-bcce-4b5c-ba4f-ff0c627932bf-groupManagement] INFO  storage.RaftStorage (RaftStorageImpl.java:format(99)) - Storage directory /home/runner/work/ozone/ozone/hadoop-ozone/integration-test/target/test-dir/MiniOzoneClusterImpl-6b59e386-941c-4981-b753-7806b34dbc05/ozone-meta/datanode-3/ratis/bd0ebd06-b004-4cdd-8910-455c3f752d2d has been successfully formatted.
2024-06-08 17:12:24,063 [b58efb8a-bcce-4b5c-ba4f-ff0c627932bf-groupManagement] WARN  util.FileUtils (LogUtils.java:supplyAndLog(63)) - Failed to Files.newInputStream /home/runner/work/ozone/ozone/hadoop-ozone/integration-test/target/test-dir/MiniOzoneClusterImpl-6b59e386-941c-4981-b753-7806b34dbc05/ozone-meta/datanode-3/ratis/bd0ebd06-b004-4cdd-8910-455c3f752d2d/current/raft-meta.conf with options []: java.nio.file.NoSuchFileException: /home/runner/work/ozone/ozone/hadoop-ozone/integration-test/target/test-dir/MiniOzoneClusterImpl-6b59e386-941c-4981-b753-7806b34dbc05/ozone-meta/datanode-3/ratis/bd0ebd06-b004-4cdd-8910-455c3f752d2d/current/raft-meta.conf
2024-06-08 17:12:24,064 [b58efb8a-bcce-4b5c-ba4f-ff0c627932bf-groupManagement] INFO  ratis.ContainerStateMachine (ContainerStateMachine.java:loadSnapshot(287)) - group-455C3F752D2D: The snapshot info is null. Setting the last applied index to:(t:0, i:~)
2024-06-08 17:12:24,064 [b58efb8a-bcce-4b5c-ba4f-ff0c627932bf-groupManagement] INFO  server.RaftServerConfigKeys (ConfUtils.java:logGet(46)) - raft.server.log.use.memory = false (default)
2024-06-08 17:12:24,064 [b58efb8a-bcce-4b5c-ba4f-ff0c627932bf-groupManagement] INFO  server.RaftServerConfigKeys (ConfUtils.java:logGet(46)) - raft.server.log.purge.gap = 1000000 (custom)
2024-06-08 17:12:24,064 [b58efb8a-bcce-4b5c-ba4f-ff0c627932bf-groupManagement] INFO  server.RaftServerConfigKeys (ConfUtils.java:logGet(46)) - raft.server.log.appender.buffer.byte-limit = 8388608 (custom)
2024-06-08 17:12:24,064 [b58efb8a-bcce-4b5c-ba4f-ff0c627932bf-groupManagement] INFO  server.RaftServerConfigKeys (ConfUtils.java:logGet(46)) - raft.server.log.statemachine.data.read.timeout = 1000ms (default)
2024-06-08 17:12:24,064 [b58efb8a-bcce-4b5c-ba4f-ff0c627932bf-groupManagement] INFO  server.RaftServerConfigKeys (ConfUtils.java:logGet(46)) - raft.server.log.purge.preservation.log.num = 0 (default)
2024-06-08 17:12:24,065 [b58efb8a-bcce-4b5c-ba4f-ff0c627932bf-groupManagement] INFO  server.RaftServerConfigKeys (ConfUtils.java:logGet(46)) - raft.server.log.segment.size.max = 67108864 (custom)
2024-06-08 17:12:24,066 [b58efb8a-bcce-4b5c-ba4f-ff0c627932bf-groupManagement] INFO  server.RaftServerConfigKeys (ConfUtils.java:logGet(46)) - raft.server.log.segment.cache.num.max = 2 (custom)
2024-06-08 17:12:24,066 [b58efb8a-bcce-4b5c-ba4f-ff0c627932bf-groupManagement] INFO  server.RaftServerConfigKeys (ConfUtils.java:logGet(46)) - raft.server.log.segment.cache.size.max = 200MB (=209715200) (default)
2024-06-08 17:12:24,066 [b58efb8a-bcce-4b5c-ba4f-ff0c627932bf-groupManagement] INFO  server.RaftServerConfigKeys (ConfUtils.java:logGet(46)) - raft.server.log.appender.buffer.byte-limit = 8388608 (custom)
2024-06-08 17:12:24,066 [b8911061-d087-4ec2-bfc4-9091de9e538b-groupManagement] INFO  util.AwaitToRun (AwaitToRun.java:start(81)) - Thread[b8911061-d087-4ec2-bfc4-9091de9e538b@group-9D1B5707D807-cacheEviction-AwaitToRun,5,main] started
2024-06-08 17:12:24,066 [b8911061-d087-4ec2-bfc4-9091de9e538b-groupManagement] INFO  segmented.SegmentedRaftLogWorker (SegmentedRaftLogWorker.java:<init>(182)) - new b8911061-d087-4ec2-bfc4-9091de9e538b@group-9D1B5707D807-SegmentedRaftLogWorker for RaftStorageImpl:Storage Directory /home/runner/work/ozone/ozone/hadoop-ozone/integration-test/target/test-dir/MiniOzoneClusterImpl-6b59e386-941c-4981-b753-7806b34dbc05/ozone-meta/datanode-2/ratis/8f3c9ac3-1342-476a-b2df-9d1b5707d807
2024-06-08 17:12:24,067 [b58efb8a-bcce-4b5c-ba4f-ff0c627932bf-groupManagement] INFO  util.AwaitToRun (AwaitToRun.java:start(81)) - Thread[b58efb8a-bcce-4b5c-ba4f-ff0c627932bf@group-455C3F752D2D-cacheEviction-AwaitToRun,5,main] started
2024-06-08 17:12:24,067 [b8911061-d087-4ec2-bfc4-9091de9e538b-groupManagement] INFO  server.RaftServerConfigKeys (ConfUtils.java:logGet(46)) - raft.server.log.queue.byte-limit = 4294967296 (custom)
2024-06-08 17:12:24,067 [b8911061-d087-4ec2-bfc4-9091de9e538b-groupManagement] INFO  server.RaftServerConfigKeys (ConfUtils.java:logGet(46)) - raft.server.log.queue.element-limit = 1024 (custom)
2024-06-08 17:12:24,067 [b58efb8a-bcce-4b5c-ba4f-ff0c627932bf-groupManagement] INFO  segmented.SegmentedRaftLogWorker (SegmentedRaftLogWorker.java:<init>(182)) - new b58efb8a-bcce-4b5c-ba4f-ff0c627932bf@group-455C3F752D2D-SegmentedRaftLogWorker for RaftStorageImpl:Storage Directory /home/runner/work/ozone/ozone/hadoop-ozone/integration-test/target/test-dir/MiniOzoneClusterImpl-6b59e386-941c-4981-b753-7806b34dbc05/ozone-meta/datanode-3/ratis/bd0ebd06-b004-4cdd-8910-455c3f752d2d
2024-06-08 17:12:24,067 [b8911061-d087-4ec2-bfc4-9091de9e538b-groupManagement] INFO  server.RaftServerConfigKeys (ConfUtils.java:logGet(46)) - raft.server.log.segment.size.max = 67108864 (custom)
2024-06-08 17:12:24,067 [b58efb8a-bcce-4b5c-ba4f-ff0c627932bf-groupManagement] INFO  server.RaftServerConfigKeys (ConfUtils.java:logGet(46)) - raft.server.log.queue.byte-limit = 4294967296 (custom)
2024-06-08 17:12:24,067 [b8911061-d087-4ec2-bfc4-9091de9e538b-groupManagement] INFO  server.RaftServerConfigKeys (ConfUtils.java:logGet(46)) - raft.server.log.preallocated.size = 4194304 (custom)
2024-06-08 17:12:24,067 [b8911061-d087-4ec2-bfc4-9091de9e538b-groupManagement] INFO  server.RaftServerConfigKeys (ConfUtils.java:logGet(46)) - raft.server.log.force.sync.num = 128 (default)
2024-06-08 17:12:24,067 [b8911061-d087-4ec2-bfc4-9091de9e538b-groupManagement] INFO  server.RaftServerConfigKeys (ConfUtils.java:logGet(46)) - raft.server.log.statemachine.data.sync = true (default)
2024-06-08 17:12:24,067 [b8911061-d087-4ec2-bfc4-9091de9e538b-groupManagement] INFO  server.RaftServerConfigKeys (ConfUtils.java:logGet(46)) - raft.server.log.statemachine.data.sync.timeout = 10s (default)
2024-06-08 17:12:24,067 [b8911061-d087-4ec2-bfc4-9091de9e538b-groupManagement] INFO  server.RaftServerConfigKeys (ConfUtils.java:logGet(46)) - raft.server.log.statemachine.data.sync.timeout.retry = 30 (custom)
2024-06-08 17:12:24,067 [b58efb8a-bcce-4b5c-ba4f-ff0c627932bf-groupManagement] INFO  server.RaftServerConfigKeys (ConfUtils.java:logGet(46)) - raft.server.log.queue.element-limit = 1024 (custom)
2024-06-08 17:12:24,067 [b58efb8a-bcce-4b5c-ba4f-ff0c627932bf-groupManagement] INFO  server.RaftServerConfigKeys (ConfUtils.java:logGet(46)) - raft.server.log.segment.size.max = 67108864 (custom)
2024-06-08 17:12:24,067 [b58efb8a-bcce-4b5c-ba4f-ff0c627932bf-groupManagement] INFO  server.RaftServerConfigKeys (ConfUtils.java:logGet(46)) - raft.server.log.preallocated.size = 4194304 (custom)
2024-06-08 17:12:24,067 [b8911061-d087-4ec2-bfc4-9091de9e538b-groupManagement] INFO  server.RaftServerConfigKeys (ConfUtils.java:logGet(46)) - raft.server.log.write.buffer.size = 8388616 (custom)
2024-06-08 17:12:24,067 [b58efb8a-bcce-4b5c-ba4f-ff0c627932bf-groupManagement] INFO  server.RaftServerConfigKeys (ConfUtils.java:logGet(46)) - raft.server.log.force.sync.num = 128 (default)
2024-06-08 17:12:24,068 [b58efb8a-bcce-4b5c-ba4f-ff0c627932bf-groupManagement] INFO  server.RaftServerConfigKeys (ConfUtils.java:logGet(46)) - raft.server.log.statemachine.data.sync = true (default)
2024-06-08 17:12:24,068 [b58efb8a-bcce-4b5c-ba4f-ff0c627932bf-groupManagement] INFO  server.RaftServerConfigKeys (ConfUtils.java:logGet(46)) - raft.server.log.statemachine.data.sync.timeout = 10s (default)
2024-06-08 17:12:24,068 [b58efb8a-bcce-4b5c-ba4f-ff0c627932bf-groupManagement] INFO  server.RaftServerConfigKeys (ConfUtils.java:logGet(46)) - raft.server.log.statemachine.data.sync.timeout.retry = 30 (custom)
2024-06-08 17:12:24,068 [b58efb8a-bcce-4b5c-ba4f-ff0c627932bf-groupManagement] INFO  server.RaftServerConfigKeys (ConfUtils.java:logGet(46)) - raft.server.log.write.buffer.size = 8388616 (custom)
2024-06-08 17:12:24,070 [b8911061-d087-4ec2-bfc4-9091de9e538b-groupManagement] INFO  server.RaftServerConfigKeys (ConfUtils.java:logGet(46)) - raft.server.log.appender.buffer.byte-limit = 8388608 (custom)
2024-06-08 17:12:24,070 [b8911061-d087-4ec2-bfc4-9091de9e538b-groupManagement] INFO  server.RaftServerConfigKeys (ConfUtils.java:logGet(46)) - raft.server.log.unsafe-flush.enabled = false (default)
2024-06-08 17:12:24,070 [b8911061-d087-4ec2-bfc4-9091de9e538b-groupManagement] INFO  server.RaftServerConfigKeys (ConfUtils.java:logGet(46)) - raft.server.log.async-flush.enabled = false (default)
2024-06-08 17:12:24,070 [b8911061-d087-4ec2-bfc4-9091de9e538b-groupManagement] INFO  server.RaftServerConfigKeys (ConfUtils.java:logGet(46)) - raft.server.log.statemachine.data.caching.enabled = true (custom)
2024-06-08 17:12:24,070 [b8911061-d087-4ec2-bfc4-9091de9e538b-groupManagement] INFO  segmented.SegmentedRaftLogWorker (SegmentedRaftLogWorker.java:lambda$new$0(134)) - b8911061-d087-4ec2-bfc4-9091de9e538b@group-9D1B5707D807-SegmentedRaftLogWorker: flushIndex: setUnconditionally 0 -> -1
2024-06-08 17:12:24,070 [b8911061-d087-4ec2-bfc4-9091de9e538b-groupManagement] INFO  segmented.SegmentedRaftLogWorker (SegmentedRaftLogWorker.java:lambda$new$0(134)) - b8911061-d087-4ec2-bfc4-9091de9e538b@group-9D1B5707D807-SegmentedRaftLogWorker: safeCacheEvictIndex: setUnconditionally 0 -> -1
2024-06-08 17:12:24,070 [b58efb8a-bcce-4b5c-ba4f-ff0c627932bf-groupManagement] INFO  server.RaftServerConfigKeys (ConfUtils.java:logGet(46)) - raft.server.log.appender.buffer.byte-limit = 8388608 (custom)
2024-06-08 17:12:24,070 [b58efb8a-bcce-4b5c-ba4f-ff0c627932bf-groupManagement] INFO  server.RaftServerConfigKeys (ConfUtils.java:logGet(46)) - raft.server.log.unsafe-flush.enabled = false (default)
2024-06-08 17:12:24,070 [b58efb8a-bcce-4b5c-ba4f-ff0c627932bf-groupManagement] INFO  server.RaftServerConfigKeys (ConfUtils.java:logGet(46)) - raft.server.log.async-flush.enabled = false (default)
2024-06-08 17:12:24,070 [b8911061-d087-4ec2-bfc4-9091de9e538b-groupManagement] INFO  server.RaftServer$Division (RaftServerImpl.java:start(396)) - b8911061-d087-4ec2-bfc4-9091de9e538b@group-9D1B5707D807: start as a follower, conf=-1: peers:[b8911061-d087-4ec2-bfc4-9091de9e538b|127.0.0.1:15076]|listeners:[], old=null
2024-06-08 17:12:24,070 [b58efb8a-bcce-4b5c-ba4f-ff0c627932bf-groupManagement] INFO  server.RaftServerConfigKeys (ConfUtils.java:logGet(46)) - raft.server.log.statemachine.data.caching.enabled = true (custom)
2024-06-08 17:12:24,071 [b8911061-d087-4ec2-bfc4-9091de9e538b-groupManagement] INFO  server.RaftServer$Division (RaftServerImpl.java:setRole(383)) - b8911061-d087-4ec2-bfc4-9091de9e538b@group-9D1B5707D807: changes role from      null to FOLLOWER at term 0 for startAsFollower
2024-06-08 17:12:24,071 [b8911061-d087-4ec2-bfc4-9091de9e538b-groupManagement] INFO  impl.RoleInfo (RoleInfo.java:updateAndGet(139)) - b8911061-d087-4ec2-bfc4-9091de9e538b: start b8911061-d087-4ec2-bfc4-9091de9e538b@group-9D1B5707D807-FollowerState
2024-06-08 17:12:24,071 [b58efb8a-bcce-4b5c-ba4f-ff0c627932bf-groupManagement] INFO  segmented.SegmentedRaftLogWorker (SegmentedRaftLogWorker.java:lambda$new$0(134)) - b58efb8a-bcce-4b5c-ba4f-ff0c627932bf@group-455C3F752D2D-SegmentedRaftLogWorker: flushIndex: setUnconditionally 0 -> -1
2024-06-08 17:12:24,071 [b58efb8a-bcce-4b5c-ba4f-ff0c627932bf-groupManagement] INFO  segmented.SegmentedRaftLogWorker (SegmentedRaftLogWorker.java:lambda$new$0(134)) - b58efb8a-bcce-4b5c-ba4f-ff0c627932bf@group-455C3F752D2D-SegmentedRaftLogWorker: safeCacheEvictIndex: setUnconditionally 0 -> -1
2024-06-08 17:12:24,072 [b8911061-d087-4ec2-bfc4-9091de9e538b-groupManagement] INFO  util.JmxRegister (JmxRegister.java:tryRegister(44)) - Successfully registered JMX Bean with object name Ratis:service=RaftServer,group=group-9D1B5707D807,id=b8911061-d087-4ec2-bfc4-9091de9e538b
2024-06-08 17:12:24,072 [b8911061-d087-4ec2-bfc4-9091de9e538b-groupManagement] INFO  server.RaftServerConfigKeys (ConfUtils.java:logGet(46)) - raft.server.snapshot.trigger-when-stop.enabled = true (default)
2024-06-08 17:12:24,072 [b58efb8a-bcce-4b5c-ba4f-ff0c627932bf-groupManagement] INFO  server.RaftServer$Division (RaftServerImpl.java:start(396)) - b58efb8a-bcce-4b5c-ba4f-ff0c627932bf@group-455C3F752D2D: start as a follower, conf=-1: peers:[b8911061-d087-4ec2-bfc4-9091de9e538b|127.0.0.1:15076, e3b50f59-81fe-4964-a90b-c9e3e207dda8|127.0.0.1:15067, b58efb8a-bcce-4b5c-ba4f-ff0c627932bf|127.0.0.1:15085]|listeners:[], old=null
2024-06-08 17:12:24,072 [b8911061-d087-4ec2-bfc4-9091de9e538b-groupManagement] INFO  server.RaftServerConfigKeys (ConfUtils.java:logGet(46)) - raft.server.snapshot.auto.trigger.enabled = true (custom)
2024-06-08 17:12:24,072 [b58efb8a-bcce-4b5c-ba4f-ff0c627932bf-groupManagement] INFO  server.RaftServer$Division (RaftServerImpl.java:setRole(383)) - b58efb8a-bcce-4b5c-ba4f-ff0c627932bf@group-455C3F752D2D: changes role from      null to FOLLOWER at term 0 for startAsFollower
2024-06-08 17:12:24,072 [b8911061-d087-4ec2-bfc4-9091de9e538b-groupManagement] INFO  server.RaftServerConfigKeys (ConfUtils.java:logGet(46)) - raft.server.snapshot.auto.trigger.threshold = 10000 (custom)
2024-06-08 17:12:24,073 [b58efb8a-bcce-4b5c-ba4f-ff0c627932bf-groupManagement] INFO  impl.RoleInfo (RoleInfo.java:updateAndGet(139)) - b58efb8a-bcce-4b5c-ba4f-ff0c627932bf: start b58efb8a-bcce-4b5c-ba4f-ff0c627932bf@group-455C3F752D2D-FollowerState
2024-06-08 17:12:24,073 [b8911061-d087-4ec2-bfc4-9091de9e538b-groupManagement] INFO  server.RaftServerConfigKeys (ConfUtils.java:logGet(46)) - raft.server.snapshot.retention.file.num = 5 (custom)
2024-06-08 17:12:24,073 [b8911061-d087-4ec2-bfc4-9091de9e538b-groupManagement] INFO  server.RaftServerConfigKeys (ConfUtils.java:logGet(46)) - raft.server.log.purge.upto.snapshot.index = false (default)
2024-06-08 17:12:24,073 [b8911061-d087-4ec2-bfc4-9091de9e538b@group-9D1B5707D807-FollowerState] INFO  server.RaftServerConfigKeys (ConfUtils.java:logFallback(53)) - raft.server.rpc.first-election.timeout.min = 5s (fallback to raft.server.rpc.timeout.min)
2024-06-08 17:12:24,073 [b8911061-d087-4ec2-bfc4-9091de9e538b@group-9D1B5707D807-FollowerState] INFO  server.RaftServerConfigKeys (ConfUtils.java:logFallback(53)) - raft.server.rpc.first-election.timeout.max = 5200ms (fallback to raft.server.rpc.timeout.max)
2024-06-08 17:12:24,073 [b58efb8a-bcce-4b5c-ba4f-ff0c627932bf@group-455C3F752D2D-FollowerState] INFO  server.RaftServerConfigKeys (ConfUtils.java:logFallback(53)) - raft.server.rpc.first-election.timeout.min = 5s (fallback to raft.server.rpc.timeout.min)
2024-06-08 17:12:24,073 [b58efb8a-bcce-4b5c-ba4f-ff0c627932bf-groupManagement] INFO  util.JmxRegister (JmxRegister.java:tryRegister(44)) - Successfully registered JMX Bean with object name Ratis:service=RaftServer,group=group-455C3F752D2D,id=b58efb8a-bcce-4b5c-ba4f-ff0c627932bf
2024-06-08 17:12:24,073 [b58efb8a-bcce-4b5c-ba4f-ff0c627932bf@group-455C3F752D2D-FollowerState] INFO  server.RaftServerConfigKeys (ConfUtils.java:logFallback(53)) - raft.server.rpc.first-election.timeout.max = 5200ms (fallback to raft.server.rpc.timeout.max)
2024-06-08 17:12:24,073 [b8911061-d087-4ec2-bfc4-9091de9e538b-PipelineCommandHandlerThread-0] INFO  ratis.XceiverServerRatis (XceiverServerRatis.java:addGroup(864)) - Created group PipelineID=8f3c9ac3-1342-476a-b2df-9d1b5707d807
2024-06-08 17:12:24,073 [b58efb8a-bcce-4b5c-ba4f-ff0c627932bf-groupManagement] INFO  server.RaftServerConfigKeys (ConfUtils.java:logGet(46)) - raft.server.snapshot.trigger-when-stop.enabled = true (default)
2024-06-08 17:12:24,074 [b8911061-d087-4ec2-bfc4-9091de9e538b-PipelineCommandHandlerThread-0] INFO  commandhandler.CreatePipelineCommandHandler (CreatePipelineCommandHandler.java:lambda$handle$2(124)) - Created Pipeline RATIS ONE PipelineID=8f3c9ac3-1342-476a-b2df-9d1b5707d807.
2024-06-08 17:12:24,074 [b58efb8a-bcce-4b5c-ba4f-ff0c627932bf-groupManagement] INFO  server.RaftServerConfigKeys (ConfUtils.java:logGet(46)) - raft.server.snapshot.auto.trigger.enabled = true (custom)
2024-06-08 17:12:24,074 [b58efb8a-bcce-4b5c-ba4f-ff0c627932bf-groupManagement] INFO  server.RaftServerConfigKeys (ConfUtils.java:logGet(46)) - raft.server.snapshot.auto.trigger.threshold = 10000 (custom)
2024-06-08 17:12:24,074 [b58efb8a-bcce-4b5c-ba4f-ff0c627932bf-groupManagement] INFO  server.RaftServerConfigKeys (ConfUtils.java:logGet(46)) - raft.server.snapshot.retention.file.num = 5 (custom)
2024-06-08 17:12:24,074 [b58efb8a-bcce-4b5c-ba4f-ff0c627932bf-groupManagement] INFO  server.RaftServerConfigKeys (ConfUtils.java:logGet(46)) - raft.server.log.purge.upto.snapshot.index = false (default)
2024-06-08 17:12:24,074 [b8911061-d087-4ec2-bfc4-9091de9e538b-PipelineCommandHandlerThread-0] INFO  server.RaftServer (RaftServerProxy.java:addNew(100)) - b8911061-d087-4ec2-bfc4-9091de9e538b: addNew group-4BD12810AED6:[b8911061-d087-4ec2-bfc4-9091de9e538b|127.0.0.1:15076, e3b50f59-81fe-4964-a90b-c9e3e207dda8|127.0.0.1:15067, b58efb8a-bcce-4b5c-ba4f-ff0c627932bf|127.0.0.1:15085] returns group-4BD12810AED6:java.util.concurrent.CompletableFuture@4f1e1c30[Not completed]
2024-06-08 17:12:24,075 [b8911061-d087-4ec2-bfc4-9091de9e538b-groupManagement] INFO  server.RaftServer$Division (RaftServerImpl.java:<init>(256)) - b8911061-d087-4ec2-bfc4-9091de9e538b: new RaftServerImpl for group-4BD12810AED6:[b8911061-d087-4ec2-bfc4-9091de9e538b|127.0.0.1:15076, e3b50f59-81fe-4964-a90b-c9e3e207dda8|127.0.0.1:15067, b58efb8a-bcce-4b5c-ba4f-ff0c627932bf|127.0.0.1:15085] with ContainerStateMachine:uninitialized
2024-06-08 17:12:24,075 [b8911061-d087-4ec2-bfc4-9091de9e538b-groupManagement] INFO  server.RaftServerConfigKeys (ConfUtils.java:logGet(46)) - raft.server.rpc.timeout.min = 5s (custom)
2024-06-08 17:12:24,075 [b8911061-d087-4ec2-bfc4-9091de9e538b-groupManagement] INFO  server.RaftServerConfigKeys (ConfUtils.java:logGet(46)) - raft.server.rpc.timeout.max = 5200ms (custom)
2024-06-08 17:12:24,075 [b8911061-d087-4ec2-bfc4-9091de9e538b-groupManagement] INFO  server.RaftServerConfigKeys (ConfUtils.java:logGet(46)) - raft.server.rpc.sleep.time = 25ms (default)
2024-06-08 17:12:24,075 [b8911061-d087-4ec2-bfc4-9091de9e538b-groupManagement] INFO  server.RaftServerConfigKeys (ConfUtils.java:logGet(46)) - raft.server.rpc.slowness.timeout = 300000ms (custom)
2024-06-08 17:12:24,075 [b8911061-d087-4ec2-bfc4-9091de9e538b-groupManagement] INFO  server.RaftServerConfigKeys (ConfUtils.java:logGet(46)) - raft.server.leaderelection.leader.step-down.wait-time = 10s (default)
2024-06-08 17:12:24,075 [b8911061-d087-4ec2-bfc4-9091de9e538b-groupManagement] INFO  server.RaftServerConfigKeys (ConfUtils.java:logGet(46)) - raft.server.leaderelection.member.majority-add = false (default)
2024-06-08 17:12:24,075 [b8911061-d087-4ec2-bfc4-9091de9e538b-groupManagement] INFO  server.RaftServerConfigKeys (ConfUtils.java:logGet(46)) - raft.server.sleep.deviation.threshold = 300ms (default)
2024-06-08 17:12:24,075 [b8911061-d087-4ec2-bfc4-9091de9e538b-groupManagement] INFO  server.RaftServer$Division (ServerState.java:<init>(113)) - b8911061-d087-4ec2-bfc4-9091de9e538b@group-4BD12810AED6: ConfigurationManager, init=-1: peers:[b8911061-d087-4ec2-bfc4-9091de9e538b|127.0.0.1:15076, e3b50f59-81fe-4964-a90b-c9e3e207dda8|127.0.0.1:15067, b58efb8a-bcce-4b5c-ba4f-ff0c627932bf|127.0.0.1:15085]|listeners:[], old=null, confs=<EMPTY_MAP>
2024-06-08 17:12:24,075 [b8911061-d087-4ec2-bfc4-9091de9e538b-groupManagement] INFO  server.RaftServerConfigKeys (ConfUtils.java:logGet(46)) - raft.server.notification.no-leader.timeout = 300000ms (custom)
2024-06-08 17:12:24,075 [b8911061-d087-4ec2-bfc4-9091de9e538b-groupManagement] INFO  server.RaftServerConfigKeys (ConfUtils.java:logGet(46)) - raft.server.read.timeout = 10s (default)
2024-06-08 17:12:24,075 [b8911061-d087-4ec2-bfc4-9091de9e538b-groupManagement] INFO  server.RaftServerConfigKeys (ConfUtils.java:logGet(46)) - raft.server.retrycache.expirytime = 600000ms (custom)
2024-06-08 17:12:24,075 [b8911061-d087-4ec2-bfc4-9091de9e538b-groupManagement] INFO  server.RaftServerConfigKeys (ConfUtils.java:logGet(46)) - raft.server.retrycache.statistics.expirytime = 100ms (default)
2024-06-08 17:12:24,075 [b8911061-d087-4ec2-bfc4-9091de9e538b-groupManagement] INFO  server.RaftServerConfigKeys (ConfUtils.java:logGet(46)) - raft.server.read.option = DEFAULT (default)
2024-06-08 17:12:24,076 [b8911061-d087-4ec2-bfc4-9091de9e538b-groupManagement] INFO  server.RaftServerConfigKeys (ConfUtils.java:logGet(46)) - raft.server.read.read-after-write-consistent.write-index-cache.expiry-time = 60s (default)
2024-06-08 17:12:24,077 [b8911061-d087-4ec2-bfc4-9091de9e538b-groupManagement] INFO  server.RaftServerConfigKeys (ConfUtils.java:logGet(46)) - raft.server.rpc.request.timeout = 3000ms (default)
2024-06-08 17:12:24,077 [b8911061-d087-4ec2-bfc4-9091de9e538b-groupManagement] INFO  server.RaftServerConfigKeys (ConfUtils.java:logGet(46)) - raft.server.log.appender.install.snapshot.enabled = false (custom)
2024-06-08 17:12:24,077 [b8911061-d087-4ec2-bfc4-9091de9e538b-groupManagement] INFO  server.RaftServerConfigKeys (ConfUtils.java:logGet(46)) - raft.server.threadpool.server.cached = true (default)
2024-06-08 17:12:24,077 [b8911061-d087-4ec2-bfc4-9091de9e538b-groupManagement] INFO  server.RaftServerConfigKeys (ConfUtils.java:logGet(46)) - raft.server.threadpool.server.size = 0 (default)
2024-06-08 17:12:24,077 [b8911061-d087-4ec2-bfc4-9091de9e538b-groupManagement] INFO  server.RaftServerConfigKeys (ConfUtils.java:logGet(46)) - raft.server.threadpool.client.cached = true (default)
2024-06-08 17:12:24,077 [b8911061-d087-4ec2-bfc4-9091de9e538b-groupManagement] INFO  server.RaftServerConfigKeys (ConfUtils.java:logGet(46)) - raft.server.threadpool.client.size = 0 (default)
2024-06-08 17:12:24,077 [b8911061-d087-4ec2-bfc4-9091de9e538b-groupManagement] INFO  server.RaftServerConfigKeys (ConfUtils.java:logGet(46)) - raft.server.storage.free-space.min = 0MB (=0) (default)
2024-06-08 17:12:24,077 [b8911061-d087-4ec2-bfc4-9091de9e538b-groupManagement] INFO  server.RaftServerConfigKeys (ConfUtils.java:logGet(46)) - raft.server.log.corruption.policy = EXCEPTION (default)
2024-06-08 17:12:24,077 [b8911061-d087-4ec2-bfc4-9091de9e538b-groupManagement] INFO  server.RaftServerConfigKeys (ConfUtils.java:logGet(46)) - raft.server.storage.dir = [/home/runner/work/ozone/ozone/hadoop-ozone/integration-test/target/test-dir/MiniOzoneClusterImpl-6b59e386-941c-4981-b753-7806b34dbc05/ozone-meta/datanode-2/ratis] (custom)
2024-06-08 17:12:24,077 [b8911061-d087-4ec2-bfc4-9091de9e538b-groupManagement] INFO  storage.RaftStorageDirectory (RaftStorageDirectoryImpl.java:analyzeStorage(138)) - The storage directory /home/runner/work/ozone/ozone/hadoop-ozone/integration-test/target/test-dir/MiniOzoneClusterImpl-6b59e386-941c-4981-b753-7806b34dbc05/ozone-meta/datanode-2/ratis/e13792a1-6aeb-4204-ab3e-4bd12810aed6 does not exist. Creating ...
2024-06-08 17:12:24,079 [b8911061-d087-4ec2-bfc4-9091de9e538b-groupManagement] INFO  storage.RaftStorageDirectory (RaftStorageDirectoryImpl.java:tryLock(228)) - Lock on /home/runner/work/ozone/ozone/hadoop-ozone/integration-test/target/test-dir/MiniOzoneClusterImpl-6b59e386-941c-4981-b753-7806b34dbc05/ozone-meta/datanode-2/ratis/e13792a1-6aeb-4204-ab3e-4bd12810aed6/in_use.lock acquired by nodename 19691@fv-az1025-916
2024-06-08 17:12:24,080 [b8911061-d087-4ec2-bfc4-9091de9e538b-groupManagement] INFO  storage.RaftStorage (RaftStorageImpl.java:format(99)) - Storage directory /home/runner/work/ozone/ozone/hadoop-ozone/integration-test/target/test-dir/MiniOzoneClusterImpl-6b59e386-941c-4981-b753-7806b34dbc05/ozone-meta/datanode-2/ratis/e13792a1-6aeb-4204-ab3e-4bd12810aed6 has been successfully formatted.
2024-06-08 17:12:24,080 [b8911061-d087-4ec2-bfc4-9091de9e538b-groupManagement] WARN  util.FileUtils (LogUtils.java:supplyAndLog(63)) - Failed to Files.newInputStream /home/runner/work/ozone/ozone/hadoop-ozone/integration-test/target/test-dir/MiniOzoneClusterImpl-6b59e386-941c-4981-b753-7806b34dbc05/ozone-meta/datanode-2/ratis/e13792a1-6aeb-4204-ab3e-4bd12810aed6/current/raft-meta.conf with options []: java.nio.file.NoSuchFileException: /home/runner/work/ozone/ozone/hadoop-ozone/integration-test/target/test-dir/MiniOzoneClusterImpl-6b59e386-941c-4981-b753-7806b34dbc05/ozone-meta/datanode-2/ratis/e13792a1-6aeb-4204-ab3e-4bd12810aed6/current/raft-meta.conf
2024-06-08 17:12:24,080 [b8911061-d087-4ec2-bfc4-9091de9e538b-groupManagement] INFO  ratis.ContainerStateMachine (ContainerStateMachine.java:loadSnapshot(287)) - group-4BD12810AED6: The snapshot info is null. Setting the last applied index to:(t:0, i:~)
2024-06-08 17:12:24,080 [b8911061-d087-4ec2-bfc4-9091de9e538b-groupManagement] INFO  server.RaftServerConfigKeys (ConfUtils.java:logGet(46)) - raft.server.log.use.memory = false (default)
2024-06-08 17:12:24,080 [b8911061-d087-4ec2-bfc4-9091de9e538b-groupManagement] INFO  server.RaftServerConfigKeys (ConfUtils.java:logGet(46)) - raft.server.log.purge.gap = 1000000 (custom)
2024-06-08 17:12:24,080 [b8911061-d087-4ec2-bfc4-9091de9e538b-groupManagement] INFO  server.RaftServerConfigKeys (ConfUtils.java:logGet(46)) - raft.server.log.appender.buffer.byte-limit = 8388608 (custom)
2024-06-08 17:12:24,081 [b8911061-d087-4ec2-bfc4-9091de9e538b-groupManagement] INFO  server.RaftServerConfigKeys (ConfUtils.java:logGet(46)) - raft.server.log.statemachine.data.read.timeout = 1000ms (default)
2024-06-08 17:12:24,081 [b8911061-d087-4ec2-bfc4-9091de9e538b-groupManagement] INFO  server.RaftServerConfigKeys (ConfUtils.java:logGet(46)) - raft.server.log.purge.preservation.log.num = 0 (default)
2024-06-08 17:12:24,081 [b8911061-d087-4ec2-bfc4-9091de9e538b-groupManagement] INFO  server.RaftServerConfigKeys (ConfUtils.java:logGet(46)) - raft.server.log.segment.size.max = 67108864 (custom)
2024-06-08 17:12:24,081 [b8911061-d087-4ec2-bfc4-9091de9e538b-groupManagement] INFO  server.RaftServerConfigKeys (ConfUtils.java:logGet(46)) - raft.server.log.segment.cache.num.max = 2 (custom)
2024-06-08 17:12:24,081 [b8911061-d087-4ec2-bfc4-9091de9e538b-groupManagement] INFO  server.RaftServerConfigKeys (ConfUtils.java:logGet(46)) - raft.server.log.segment.cache.size.max = 200MB (=209715200) (default)
2024-06-08 17:12:24,081 [b8911061-d087-4ec2-bfc4-9091de9e538b-groupManagement] INFO  server.RaftServerConfigKeys (ConfUtils.java:logGet(46)) - raft.server.log.appender.buffer.byte-limit = 8388608 (custom)
2024-06-08 17:12:24,082 [EventQueue-OpenPipelineForHealthyPipelineSafeModeRule] INFO  safemode.SCMSafeModeManager (HealthyPipelineSafeModeRule.java:process(140)) - SCM in safe mode. Healthy pipelines reported count is 0, required healthy pipeline reported count is 1
2024-06-08 17:12:24,082 [b8911061-d087-4ec2-bfc4-9091de9e538b-groupManagement] INFO  util.AwaitToRun (AwaitToRun.java:start(81)) - Thread[b8911061-d087-4ec2-bfc4-9091de9e538b@group-4BD12810AED6-cacheEviction-AwaitToRun,5,main] started
2024-06-08 17:12:24,082 [b8911061-d087-4ec2-bfc4-9091de9e538b-groupManagement] INFO  segmented.SegmentedRaftLogWorker (SegmentedRaftLogWorker.java:<init>(182)) - new b8911061-d087-4ec2-bfc4-9091de9e538b@group-4BD12810AED6-SegmentedRaftLogWorker for RaftStorageImpl:Storage Directory /home/runner/work/ozone/ozone/hadoop-ozone/integration-test/target/test-dir/MiniOzoneClusterImpl-6b59e386-941c-4981-b753-7806b34dbc05/ozone-meta/datanode-2/ratis/e13792a1-6aeb-4204-ab3e-4bd12810aed6
2024-06-08 17:12:24,082 [b8911061-d087-4ec2-bfc4-9091de9e538b-groupManagement] INFO  server.RaftServerConfigKeys (ConfUtils.java:logGet(46)) - raft.server.log.queue.byte-limit = 4294967296 (custom)
2024-06-08 17:12:24,082 [b8911061-d087-4ec2-bfc4-9091de9e538b-groupManagement] INFO  server.RaftServerConfigKeys (ConfUtils.java:logGet(46)) - raft.server.log.queue.element-limit = 1024 (custom)
2024-06-08 17:12:24,082 [b8911061-d087-4ec2-bfc4-9091de9e538b-groupManagement] INFO  server.RaftServerConfigKeys (ConfUtils.java:logGet(46)) - raft.server.log.segment.size.max = 67108864 (custom)
2024-06-08 17:12:24,082 [b8911061-d087-4ec2-bfc4-9091de9e538b-groupManagement] INFO  server.RaftServerConfigKeys (ConfUtils.java:logGet(46)) - raft.server.log.preallocated.size = 4194304 (custom)
2024-06-08 17:12:24,083 [b8911061-d087-4ec2-bfc4-9091de9e538b-groupManagement] INFO  server.RaftServerConfigKeys (ConfUtils.java:logGet(46)) - raft.server.log.force.sync.num = 128 (default)
2024-06-08 17:12:24,083 [b8911061-d087-4ec2-bfc4-9091de9e538b-groupManagement] INFO  server.RaftServerConfigKeys (ConfUtils.java:logGet(46)) - raft.server.log.statemachine.data.sync = true (default)
2024-06-08 17:12:24,083 [b8911061-d087-4ec2-bfc4-9091de9e538b-groupManagement] INFO  server.RaftServerConfigKeys (ConfUtils.java:logGet(46)) - raft.server.log.statemachine.data.sync.timeout = 10s (default)
2024-06-08 17:12:24,083 [b8911061-d087-4ec2-bfc4-9091de9e538b-groupManagement] INFO  server.RaftServerConfigKeys (ConfUtils.java:logGet(46)) - raft.server.log.statemachine.data.sync.timeout.retry = 30 (custom)
2024-06-08 17:12:24,083 [b8911061-d087-4ec2-bfc4-9091de9e538b-groupManagement] INFO  server.RaftServerConfigKeys (ConfUtils.java:logGet(46)) - raft.server.log.write.buffer.size = 8388616 (custom)
2024-06-08 17:12:24,084 [b8911061-d087-4ec2-bfc4-9091de9e538b-groupManagement] INFO  server.RaftServerConfigKeys (ConfUtils.java:logGet(46)) - raft.server.log.appender.buffer.byte-limit = 8388608 (custom)
2024-06-08 17:12:24,084 [b8911061-d087-4ec2-bfc4-9091de9e538b-groupManagement] INFO  server.RaftServerConfigKeys (ConfUtils.java:logGet(46)) - raft.server.log.unsafe-flush.enabled = false (default)
2024-06-08 17:12:24,084 [b8911061-d087-4ec2-bfc4-9091de9e538b-groupManagement] INFO  server.RaftServerConfigKeys (ConfUtils.java:logGet(46)) - raft.server.log.async-flush.enabled = false (default)
2024-06-08 17:12:24,084 [b8911061-d087-4ec2-bfc4-9091de9e538b-groupManagement] INFO  server.RaftServerConfigKeys (ConfUtils.java:logGet(46)) - raft.server.log.statemachine.data.caching.enabled = true (custom)
2024-06-08 17:12:24,085 [b8911061-d087-4ec2-bfc4-9091de9e538b-groupManagement] INFO  segmented.SegmentedRaftLogWorker (SegmentedRaftLogWorker.java:lambda$new$0(134)) - b8911061-d087-4ec2-bfc4-9091de9e538b@group-4BD12810AED6-SegmentedRaftLogWorker: flushIndex: setUnconditionally 0 -> -1
2024-06-08 17:12:24,085 [b8911061-d087-4ec2-bfc4-9091de9e538b-groupManagement] INFO  segmented.SegmentedRaftLogWorker (SegmentedRaftLogWorker.java:lambda$new$0(134)) - b8911061-d087-4ec2-bfc4-9091de9e538b@group-4BD12810AED6-SegmentedRaftLogWorker: safeCacheEvictIndex: setUnconditionally 0 -> -1
2024-06-08 17:12:24,086 [b8911061-d087-4ec2-bfc4-9091de9e538b-groupManagement] INFO  server.RaftServer$Division (RaftServerImpl.java:start(396)) - b8911061-d087-4ec2-bfc4-9091de9e538b@group-4BD12810AED6: start as a follower, conf=-1: peers:[b8911061-d087-4ec2-bfc4-9091de9e538b|127.0.0.1:15076, e3b50f59-81fe-4964-a90b-c9e3e207dda8|127.0.0.1:15067, b58efb8a-bcce-4b5c-ba4f-ff0c627932bf|127.0.0.1:15085]|listeners:[], old=null
2024-06-08 17:12:24,087 [b8911061-d087-4ec2-bfc4-9091de9e538b-groupManagement] INFO  server.RaftServer$Division (RaftServerImpl.java:setRole(383)) - b8911061-d087-4ec2-bfc4-9091de9e538b@group-4BD12810AED6: changes role from      null to FOLLOWER at term 0 for startAsFollower
2024-06-08 17:12:24,087 [b8911061-d087-4ec2-bfc4-9091de9e538b-groupManagement] INFO  impl.RoleInfo (RoleInfo.java:updateAndGet(139)) - b8911061-d087-4ec2-bfc4-9091de9e538b: start b8911061-d087-4ec2-bfc4-9091de9e538b@group-4BD12810AED6-FollowerState
2024-06-08 17:12:24,087 [b8911061-d087-4ec2-bfc4-9091de9e538b@group-4BD12810AED6-FollowerState] INFO  server.RaftServerConfigKeys (ConfUtils.java:logFallback(53)) - raft.server.rpc.first-election.timeout.min = 5s (fallback to raft.server.rpc.timeout.min)
2024-06-08 17:12:24,087 [b8911061-d087-4ec2-bfc4-9091de9e538b-groupManagement] INFO  util.JmxRegister (JmxRegister.java:tryRegister(44)) - Successfully registered JMX Bean with object name Ratis:service=RaftServer,group=group-4BD12810AED6,id=b8911061-d087-4ec2-bfc4-9091de9e538b
2024-06-08 17:12:24,087 [b8911061-d087-4ec2-bfc4-9091de9e538b@group-4BD12810AED6-FollowerState] INFO  server.RaftServerConfigKeys (ConfUtils.java:logFallback(53)) - raft.server.rpc.first-election.timeout.max = 5200ms (fallback to raft.server.rpc.timeout.max)
2024-06-08 17:12:24,087 [b8911061-d087-4ec2-bfc4-9091de9e538b-groupManagement] INFO  server.RaftServerConfigKeys (ConfUtils.java:logGet(46)) - raft.server.snapshot.trigger-when-stop.enabled = true (default)
2024-06-08 17:12:24,087 [b8911061-d087-4ec2-bfc4-9091de9e538b-groupManagement] INFO  server.RaftServerConfigKeys (ConfUtils.java:logGet(46)) - raft.server.snapshot.auto.trigger.enabled = true (custom)
2024-06-08 17:12:24,087 [b8911061-d087-4ec2-bfc4-9091de9e538b-groupManagement] INFO  server.RaftServerConfigKeys (ConfUtils.java:logGet(46)) - raft.server.snapshot.auto.trigger.threshold = 10000 (custom)
2024-06-08 17:12:24,087 [b8911061-d087-4ec2-bfc4-9091de9e538b-groupManagement] INFO  server.RaftServerConfigKeys (ConfUtils.java:logGet(46)) - raft.server.snapshot.retention.file.num = 5 (custom)
2024-06-08 17:12:24,087 [b8911061-d087-4ec2-bfc4-9091de9e538b-groupManagement] INFO  server.RaftServerConfigKeys (ConfUtils.java:logGet(46)) - raft.server.log.purge.upto.snapshot.index = false (default)
2024-06-08 17:12:24,088 [b8911061-d087-4ec2-bfc4-9091de9e538b-PipelineCommandHandlerThread-0] INFO  ratis.XceiverServerRatis (XceiverServerRatis.java:addGroup(864)) - Created group PipelineID=e13792a1-6aeb-4204-ab3e-4bd12810aed6
2024-06-08 17:12:24,089 [e3b50f59-81fe-4964-a90b-c9e3e207dda8-PipelineCommandHandlerThread-0] INFO  commandhandler.CreatePipelineCommandHandler (CreatePipelineCommandHandler.java:lambda$handle$2(124)) - Created Pipeline RATIS THREE PipelineID=bd0ebd06-b004-4cdd-8910-455c3f752d2d.
2024-06-08 17:12:24,089 [e3b50f59-81fe-4964-a90b-c9e3e207dda8-PipelineCommandHandlerThread-0] INFO  server.RaftServer (RaftServerProxy.java:addNew(100)) - e3b50f59-81fe-4964-a90b-c9e3e207dda8: addNew group-4BD12810AED6:[b8911061-d087-4ec2-bfc4-9091de9e538b|127.0.0.1:15076, e3b50f59-81fe-4964-a90b-c9e3e207dda8|127.0.0.1:15067, b58efb8a-bcce-4b5c-ba4f-ff0c627932bf|127.0.0.1:15085] returns group-4BD12810AED6:java.util.concurrent.CompletableFuture@356d3945[Not completed]
2024-06-08 17:12:24,090 [e3b50f59-81fe-4964-a90b-c9e3e207dda8-groupManagement] INFO  server.RaftServer$Division (RaftServerImpl.java:<init>(256)) - e3b50f59-81fe-4964-a90b-c9e3e207dda8: new RaftServerImpl for group-4BD12810AED6:[b8911061-d087-4ec2-bfc4-9091de9e538b|127.0.0.1:15076, e3b50f59-81fe-4964-a90b-c9e3e207dda8|127.0.0.1:15067, b58efb8a-bcce-4b5c-ba4f-ff0c627932bf|127.0.0.1:15085] with ContainerStateMachine:uninitialized
2024-06-08 17:12:24,090 [e3b50f59-81fe-4964-a90b-c9e3e207dda8-groupManagement] INFO  server.RaftServerConfigKeys (ConfUtils.java:logGet(46)) - raft.server.rpc.timeout.min = 5s (custom)
2024-06-08 17:12:24,090 [e3b50f59-81fe-4964-a90b-c9e3e207dda8-groupManagement] INFO  server.RaftServerConfigKeys (ConfUtils.java:logGet(46)) - raft.server.rpc.timeout.max = 5200ms (custom)
2024-06-08 17:12:24,090 [e3b50f59-81fe-4964-a90b-c9e3e207dda8-groupManagement] INFO  server.RaftServerConfigKeys (ConfUtils.java:logGet(46)) - raft.server.rpc.sleep.time = 25ms (default)
2024-06-08 17:12:24,091 [e3b50f59-81fe-4964-a90b-c9e3e207dda8-groupManagement] INFO  server.RaftServerConfigKeys (ConfUtils.java:logGet(46)) - raft.server.rpc.slowness.timeout = 300000ms (custom)
2024-06-08 17:12:24,091 [e3b50f59-81fe-4964-a90b-c9e3e207dda8-groupManagement] INFO  server.RaftServerConfigKeys (ConfUtils.java:logGet(46)) - raft.server.leaderelection.leader.step-down.wait-time = 10s (default)
2024-06-08 17:12:24,091 [e3b50f59-81fe-4964-a90b-c9e3e207dda8-groupManagement] INFO  server.RaftServerConfigKeys (ConfUtils.java:logGet(46)) - raft.server.leaderelection.member.majority-add = false (default)
2024-06-08 17:12:24,091 [e3b50f59-81fe-4964-a90b-c9e3e207dda8-groupManagement] INFO  server.RaftServerConfigKeys (ConfUtils.java:logGet(46)) - raft.server.sleep.deviation.threshold = 300ms (default)
2024-06-08 17:12:24,091 [e3b50f59-81fe-4964-a90b-c9e3e207dda8-groupManagement] INFO  server.RaftServer$Division (ServerState.java:<init>(113)) - e3b50f59-81fe-4964-a90b-c9e3e207dda8@group-4BD12810AED6: ConfigurationManager, init=-1: peers:[b8911061-d087-4ec2-bfc4-9091de9e538b|127.0.0.1:15076, e3b50f59-81fe-4964-a90b-c9e3e207dda8|127.0.0.1:15067, b58efb8a-bcce-4b5c-ba4f-ff0c627932bf|127.0.0.1:15085]|listeners:[], old=null, confs=<EMPTY_MAP>
2024-06-08 17:12:24,091 [e3b50f59-81fe-4964-a90b-c9e3e207dda8-groupManagement] INFO  server.RaftServerConfigKeys (ConfUtils.java:logGet(46)) - raft.server.notification.no-leader.timeout = 300000ms (custom)
2024-06-08 17:12:24,091 [e3b50f59-81fe-4964-a90b-c9e3e207dda8-groupManagement] INFO  server.RaftServerConfigKeys (ConfUtils.java:logGet(46)) - raft.server.read.timeout = 10s (default)
2024-06-08 17:12:24,091 [e3b50f59-81fe-4964-a90b-c9e3e207dda8-groupManagement] INFO  server.RaftServerConfigKeys (ConfUtils.java:logGet(46)) - raft.server.retrycache.expirytime = 600000ms (custom)
2024-06-08 17:12:24,091 [e3b50f59-81fe-4964-a90b-c9e3e207dda8-groupManagement] INFO  server.RaftServerConfigKeys (ConfUtils.java:logGet(46)) - raft.server.retrycache.statistics.expirytime = 100ms (default)
2024-06-08 17:12:24,091 [e3b50f59-81fe-4964-a90b-c9e3e207dda8-groupManagement] INFO  server.RaftServerConfigKeys (ConfUtils.java:logGet(46)) - raft.server.read.option = DEFAULT (default)
2024-06-08 17:12:24,091 [e3b50f59-81fe-4964-a90b-c9e3e207dda8-groupManagement] INFO  server.RaftServerConfigKeys (ConfUtils.java:logGet(46)) - raft.server.read.read-after-write-consistent.write-index-cache.expiry-time = 60s (default)
2024-06-08 17:12:24,093 [e3b50f59-81fe-4964-a90b-c9e3e207dda8-groupManagement] INFO  server.RaftServerConfigKeys (ConfUtils.java:logGet(46)) - raft.server.rpc.request.timeout = 3000ms (default)
2024-06-08 17:12:24,093 [e3b50f59-81fe-4964-a90b-c9e3e207dda8-groupManagement] INFO  server.RaftServerConfigKeys (ConfUtils.java:logGet(46)) - raft.server.log.appender.install.snapshot.enabled = false (custom)
2024-06-08 17:12:24,093 [e3b50f59-81fe-4964-a90b-c9e3e207dda8-groupManagement] INFO  server.RaftServerConfigKeys (ConfUtils.java:logGet(46)) - raft.server.threadpool.server.cached = true (default)
2024-06-08 17:12:24,093 [e3b50f59-81fe-4964-a90b-c9e3e207dda8-groupManagement] INFO  server.RaftServerConfigKeys (ConfUtils.java:logGet(46)) - raft.server.threadpool.server.size = 0 (default)
2024-06-08 17:12:24,093 [e3b50f59-81fe-4964-a90b-c9e3e207dda8-groupManagement] INFO  server.RaftServerConfigKeys (ConfUtils.java:logGet(46)) - raft.server.threadpool.client.cached = true (default)
2024-06-08 17:12:24,093 [e3b50f59-81fe-4964-a90b-c9e3e207dda8-groupManagement] INFO  server.RaftServerConfigKeys (ConfUtils.java:logGet(46)) - raft.server.threadpool.client.size = 0 (default)
2024-06-08 17:12:24,093 [e3b50f59-81fe-4964-a90b-c9e3e207dda8-groupManagement] INFO  server.RaftServerConfigKeys (ConfUtils.java:logGet(46)) - raft.server.storage.free-space.min = 0MB (=0) (default)
2024-06-08 17:12:24,093 [e3b50f59-81fe-4964-a90b-c9e3e207dda8-groupManagement] INFO  server.RaftServerConfigKeys (ConfUtils.java:logGet(46)) - raft.server.log.corruption.policy = EXCEPTION (default)
2024-06-08 17:12:24,093 [e3b50f59-81fe-4964-a90b-c9e3e207dda8-groupManagement] INFO  server.RaftServerConfigKeys (ConfUtils.java:logGet(46)) - raft.server.storage.dir = [/home/runner/work/ozone/ozone/hadoop-ozone/integration-test/target/test-dir/MiniOzoneClusterImpl-6b59e386-941c-4981-b753-7806b34dbc05/ozone-meta/datanode-1/ratis] (custom)
2024-06-08 17:12:24,094 [e3b50f59-81fe-4964-a90b-c9e3e207dda8-groupManagement] INFO  storage.RaftStorageDirectory (RaftStorageDirectoryImpl.java:analyzeStorage(138)) - The storage directory /home/runner/work/ozone/ozone/hadoop-ozone/integration-test/target/test-dir/MiniOzoneClusterImpl-6b59e386-941c-4981-b753-7806b34dbc05/ozone-meta/datanode-1/ratis/e13792a1-6aeb-4204-ab3e-4bd12810aed6 does not exist. Creating ...
2024-06-08 17:12:24,094 [e3b50f59-81fe-4964-a90b-c9e3e207dda8-groupManagement] INFO  storage.RaftStorageDirectory (RaftStorageDirectoryImpl.java:tryLock(228)) - Lock on /home/runner/work/ozone/ozone/hadoop-ozone/integration-test/target/test-dir/MiniOzoneClusterImpl-6b59e386-941c-4981-b753-7806b34dbc05/ozone-meta/datanode-1/ratis/e13792a1-6aeb-4204-ab3e-4bd12810aed6/in_use.lock acquired by nodename 19691@fv-az1025-916
2024-06-08 17:12:24,095 [e3b50f59-81fe-4964-a90b-c9e3e207dda8-groupManagement] INFO  storage.RaftStorage (RaftStorageImpl.java:format(99)) - Storage directory /home/runner/work/ozone/ozone/hadoop-ozone/integration-test/target/test-dir/MiniOzoneClusterImpl-6b59e386-941c-4981-b753-7806b34dbc05/ozone-meta/datanode-1/ratis/e13792a1-6aeb-4204-ab3e-4bd12810aed6 has been successfully formatted.
2024-06-08 17:12:24,095 [e3b50f59-81fe-4964-a90b-c9e3e207dda8-groupManagement] WARN  util.FileUtils (LogUtils.java:supplyAndLog(63)) - Failed to Files.newInputStream /home/runner/work/ozone/ozone/hadoop-ozone/integration-test/target/test-dir/MiniOzoneClusterImpl-6b59e386-941c-4981-b753-7806b34dbc05/ozone-meta/datanode-1/ratis/e13792a1-6aeb-4204-ab3e-4bd12810aed6/current/raft-meta.conf with options []: java.nio.file.NoSuchFileException: /home/runner/work/ozone/ozone/hadoop-ozone/integration-test/target/test-dir/MiniOzoneClusterImpl-6b59e386-941c-4981-b753-7806b34dbc05/ozone-meta/datanode-1/ratis/e13792a1-6aeb-4204-ab3e-4bd12810aed6/current/raft-meta.conf
2024-06-08 17:12:24,096 [e3b50f59-81fe-4964-a90b-c9e3e207dda8-groupManagement] INFO  ratis.ContainerStateMachine (ContainerStateMachine.java:loadSnapshot(287)) - group-4BD12810AED6: The snapshot info is null. Setting the last applied index to:(t:0, i:~)
2024-06-08 17:12:24,096 [e3b50f59-81fe-4964-a90b-c9e3e207dda8-groupManagement] INFO  server.RaftServerConfigKeys (ConfUtils.java:logGet(46)) - raft.server.log.use.memory = false (default)
2024-06-08 17:12:24,096 [e3b50f59-81fe-4964-a90b-c9e3e207dda8-groupManagement] INFO  server.RaftServerConfigKeys (ConfUtils.java:logGet(46)) - raft.server.log.purge.gap = 1000000 (custom)
2024-06-08 17:12:24,096 [e3b50f59-81fe-4964-a90b-c9e3e207dda8-groupManagement] INFO  server.RaftServerConfigKeys (ConfUtils.java:logGet(46)) - raft.server.log.appender.buffer.byte-limit = 8388608 (custom)
2024-06-08 17:12:24,096 [e3b50f59-81fe-4964-a90b-c9e3e207dda8-groupManagement] INFO  server.RaftServerConfigKeys (ConfUtils.java:logGet(46)) - raft.server.log.statemachine.data.read.timeout = 1000ms (default)
2024-06-08 17:12:24,096 [e3b50f59-81fe-4964-a90b-c9e3e207dda8-groupManagement] INFO  server.RaftServerConfigKeys (ConfUtils.java:logGet(46)) - raft.server.log.purge.preservation.log.num = 0 (default)
2024-06-08 17:12:24,097 [e3b50f59-81fe-4964-a90b-c9e3e207dda8-groupManagement] INFO  server.RaftServerConfigKeys (ConfUtils.java:logGet(46)) - raft.server.log.segment.size.max = 67108864 (custom)
2024-06-08 17:12:24,097 [e3b50f59-81fe-4964-a90b-c9e3e207dda8-groupManagement] INFO  server.RaftServerConfigKeys (ConfUtils.java:logGet(46)) - raft.server.log.segment.cache.num.max = 2 (custom)
2024-06-08 17:12:24,097 [e3b50f59-81fe-4964-a90b-c9e3e207dda8-groupManagement] INFO  server.RaftServerConfigKeys (ConfUtils.java:logGet(46)) - raft.server.log.segment.cache.size.max = 200MB (=209715200) (default)
2024-06-08 17:12:24,097 [e3b50f59-81fe-4964-a90b-c9e3e207dda8-groupManagement] INFO  server.RaftServerConfigKeys (ConfUtils.java:logGet(46)) - raft.server.log.appender.buffer.byte-limit = 8388608 (custom)
2024-06-08 17:12:24,097 [e3b50f59-81fe-4964-a90b-c9e3e207dda8-groupManagement] INFO  util.AwaitToRun (AwaitToRun.java:start(81)) - Thread[e3b50f59-81fe-4964-a90b-c9e3e207dda8@group-4BD12810AED6-cacheEviction-AwaitToRun,5,main] started
2024-06-08 17:12:24,097 [e3b50f59-81fe-4964-a90b-c9e3e207dda8-groupManagement] INFO  segmented.SegmentedRaftLogWorker (SegmentedRaftLogWorker.java:<init>(182)) - new e3b50f59-81fe-4964-a90b-c9e3e207dda8@group-4BD12810AED6-SegmentedRaftLogWorker for RaftStorageImpl:Storage Directory /home/runner/work/ozone/ozone/hadoop-ozone/integration-test/target/test-dir/MiniOzoneClusterImpl-6b59e386-941c-4981-b753-7806b34dbc05/ozone-meta/datanode-1/ratis/e13792a1-6aeb-4204-ab3e-4bd12810aed6
2024-06-08 17:12:24,097 [e3b50f59-81fe-4964-a90b-c9e3e207dda8-groupManagement] INFO  server.RaftServerConfigKeys (ConfUtils.java:logGet(46)) - raft.server.log.queue.byte-limit = 4294967296 (custom)
2024-06-08 17:12:24,097 [e3b50f59-81fe-4964-a90b-c9e3e207dda8-groupManagement] INFO  server.RaftServerConfigKeys (ConfUtils.java:logGet(46)) - raft.server.log.queue.element-limit = 1024 (custom)
2024-06-08 17:12:24,097 [e3b50f59-81fe-4964-a90b-c9e3e207dda8-groupManagement] INFO  server.RaftServerConfigKeys (ConfUtils.java:logGet(46)) - raft.server.log.segment.size.max = 67108864 (custom)
2024-06-08 17:12:24,097 [e3b50f59-81fe-4964-a90b-c9e3e207dda8-groupManagement] INFO  server.RaftServerConfigKeys (ConfUtils.java:logGet(46)) - raft.server.log.preallocated.size = 4194304 (custom)
2024-06-08 17:12:24,097 [e3b50f59-81fe-4964-a90b-c9e3e207dda8-groupManagement] INFO  server.RaftServerConfigKeys (ConfUtils.java:logGet(46)) - raft.server.log.force.sync.num = 128 (default)
2024-06-08 17:12:24,097 [e3b50f59-81fe-4964-a90b-c9e3e207dda8-groupManagement] INFO  server.RaftServerConfigKeys (ConfUtils.java:logGet(46)) - raft.server.log.statemachine.data.sync = true (default)
2024-06-08 17:12:24,097 [e3b50f59-81fe-4964-a90b-c9e3e207dda8-groupManagement] INFO  server.RaftServerConfigKeys (ConfUtils.java:logGet(46)) - raft.server.log.statemachine.data.sync.timeout = 10s (default)
2024-06-08 17:12:24,098 [e3b50f59-81fe-4964-a90b-c9e3e207dda8-groupManagement] INFO  server.RaftServerConfigKeys (ConfUtils.java:logGet(46)) - raft.server.log.statemachine.data.sync.timeout.retry = 30 (custom)
2024-06-08 17:12:24,098 [EventQueue-OpenPipelineForHealthyPipelineSafeModeRule] INFO  safemode.SCMSafeModeManager (HealthyPipelineSafeModeRule.java:process(140)) - SCM in safe mode. Healthy pipelines reported count is 0, required healthy pipeline reported count is 1
2024-06-08 17:12:24,098 [e3b50f59-81fe-4964-a90b-c9e3e207dda8-groupManagement] INFO  server.RaftServerConfigKeys (ConfUtils.java:logGet(46)) - raft.server.log.write.buffer.size = 8388616 (custom)
2024-06-08 17:12:24,099 [e3b50f59-81fe-4964-a90b-c9e3e207dda8-groupManagement] INFO  server.RaftServerConfigKeys (ConfUtils.java:logGet(46)) - raft.server.log.appender.buffer.byte-limit = 8388608 (custom)
2024-06-08 17:12:24,099 [e3b50f59-81fe-4964-a90b-c9e3e207dda8-groupManagement] INFO  server.RaftServerConfigKeys (ConfUtils.java:logGet(46)) - raft.server.log.unsafe-flush.enabled = false (default)
2024-06-08 17:12:24,099 [e3b50f59-81fe-4964-a90b-c9e3e207dda8-groupManagement] INFO  server.RaftServerConfigKeys (ConfUtils.java:logGet(46)) - raft.server.log.async-flush.enabled = false (default)
2024-06-08 17:12:24,099 [e3b50f59-81fe-4964-a90b-c9e3e207dda8-groupManagement] INFO  server.RaftServerConfigKeys (ConfUtils.java:logGet(46)) - raft.server.log.statemachine.data.caching.enabled = true (custom)
2024-06-08 17:12:24,099 [e3b50f59-81fe-4964-a90b-c9e3e207dda8-groupManagement] INFO  segmented.SegmentedRaftLogWorker (SegmentedRaftLogWorker.java:lambda$new$0(134)) - e3b50f59-81fe-4964-a90b-c9e3e207dda8@group-4BD12810AED6-SegmentedRaftLogWorker: flushIndex: setUnconditionally 0 -> -1
2024-06-08 17:12:24,101 [e3b50f59-81fe-4964-a90b-c9e3e207dda8-groupManagement] INFO  segmented.SegmentedRaftLogWorker (SegmentedRaftLogWorker.java:lambda$new$0(134)) - e3b50f59-81fe-4964-a90b-c9e3e207dda8@group-4BD12810AED6-SegmentedRaftLogWorker: safeCacheEvictIndex: setUnconditionally 0 -> -1
2024-06-08 17:12:24,108 [e3b50f59-81fe-4964-a90b-c9e3e207dda8-groupManagement] INFO  server.RaftServer$Division (RaftServerImpl.java:start(396)) - e3b50f59-81fe-4964-a90b-c9e3e207dda8@group-4BD12810AED6: start as a follower, conf=-1: peers:[b8911061-d087-4ec2-bfc4-9091de9e538b|127.0.0.1:15076, e3b50f59-81fe-4964-a90b-c9e3e207dda8|127.0.0.1:15067, b58efb8a-bcce-4b5c-ba4f-ff0c627932bf|127.0.0.1:15085]|listeners:[], old=null
2024-06-08 17:12:24,108 [e3b50f59-81fe-4964-a90b-c9e3e207dda8-groupManagement] INFO  server.RaftServer$Division (RaftServerImpl.java:setRole(383)) - e3b50f59-81fe-4964-a90b-c9e3e207dda8@group-4BD12810AED6: changes role from      null to FOLLOWER at term 0 for startAsFollower
2024-06-08 17:12:24,109 [e3b50f59-81fe-4964-a90b-c9e3e207dda8-groupManagement] INFO  impl.RoleInfo (RoleInfo.java:updateAndGet(139)) - e3b50f59-81fe-4964-a90b-c9e3e207dda8: start e3b50f59-81fe-4964-a90b-c9e3e207dda8@group-4BD12810AED6-FollowerState
2024-06-08 17:12:24,109 [e3b50f59-81fe-4964-a90b-c9e3e207dda8-groupManagement] INFO  util.JmxRegister (JmxRegister.java:tryRegister(44)) - Successfully registered JMX Bean with object name Ratis:service=RaftServer,group=group-4BD12810AED6,id=e3b50f59-81fe-4964-a90b-c9e3e207dda8
2024-06-08 17:12:24,109 [e3b50f59-81fe-4964-a90b-c9e3e207dda8-groupManagement] INFO  server.RaftServerConfigKeys (ConfUtils.java:logGet(46)) - raft.server.snapshot.trigger-when-stop.enabled = true (default)
2024-06-08 17:12:24,109 [e3b50f59-81fe-4964-a90b-c9e3e207dda8-groupManagement] INFO  server.RaftServerConfigKeys (ConfUtils.java:logGet(46)) - raft.server.snapshot.auto.trigger.enabled = true (custom)
2024-06-08 17:12:24,110 [e3b50f59-81fe-4964-a90b-c9e3e207dda8-groupManagement] INFO  server.RaftServerConfigKeys (ConfUtils.java:logGet(46)) - raft.server.snapshot.auto.trigger.threshold = 10000 (custom)
2024-06-08 17:12:24,110 [e3b50f59-81fe-4964-a90b-c9e3e207dda8-groupManagement] INFO  server.RaftServerConfigKeys (ConfUtils.java:logGet(46)) - raft.server.snapshot.retention.file.num = 5 (custom)
2024-06-08 17:12:24,110 [e3b50f59-81fe-4964-a90b-c9e3e207dda8-groupManagement] INFO  server.RaftServerConfigKeys (ConfUtils.java:logGet(46)) - raft.server.log.purge.upto.snapshot.index = false (default)
2024-06-08 17:12:24,111 [e3b50f59-81fe-4964-a90b-c9e3e207dda8@group-4BD12810AED6-FollowerState] INFO  server.RaftServerConfigKeys (ConfUtils.java:logFallback(53)) - raft.server.rpc.first-election.timeout.min = 5s (fallback to raft.server.rpc.timeout.min)
2024-06-08 17:12:24,111 [e3b50f59-81fe-4964-a90b-c9e3e207dda8@group-4BD12810AED6-FollowerState] INFO  server.RaftServerConfigKeys (ConfUtils.java:logFallback(53)) - raft.server.rpc.first-election.timeout.max = 5200ms (fallback to raft.server.rpc.timeout.max)
2024-06-08 17:12:24,111 [e3b50f59-81fe-4964-a90b-c9e3e207dda8-PipelineCommandHandlerThread-0] INFO  ratis.XceiverServerRatis (XceiverServerRatis.java:addGroup(864)) - Created group PipelineID=e13792a1-6aeb-4204-ab3e-4bd12810aed6
2024-06-08 17:12:24,117 [b58efb8a-bcce-4b5c-ba4f-ff0c627932bf-groupManagement] INFO  server.RaftServer$Division (RaftServerImpl.java:<init>(256)) - b58efb8a-bcce-4b5c-ba4f-ff0c627932bf: new RaftServerImpl for group-A0D4059F2016:[b58efb8a-bcce-4b5c-ba4f-ff0c627932bf|127.0.0.1:15085] with ContainerStateMachine:uninitialized
2024-06-08 17:12:24,117 [b58efb8a-bcce-4b5c-ba4f-ff0c627932bf-groupManagement] INFO  server.RaftServerConfigKeys (ConfUtils.java:logGet(46)) - raft.server.rpc.timeout.min = 5s (custom)
2024-06-08 17:12:24,117 [b58efb8a-bcce-4b5c-ba4f-ff0c627932bf-groupManagement] INFO  server.RaftServerConfigKeys (ConfUtils.java:logGet(46)) - raft.server.rpc.timeout.max = 5200ms (custom)
2024-06-08 17:12:24,117 [b58efb8a-bcce-4b5c-ba4f-ff0c627932bf-groupManagement] INFO  server.RaftServerConfigKeys (ConfUtils.java:logGet(46)) - raft.server.rpc.sleep.time = 25ms (default)
2024-06-08 17:12:24,117 [b58efb8a-bcce-4b5c-ba4f-ff0c627932bf-groupManagement] INFO  server.RaftServerConfigKeys (ConfUtils.java:logGet(46)) - raft.server.rpc.slowness.timeout = 300000ms (custom)
2024-06-08 17:12:24,117 [b58efb8a-bcce-4b5c-ba4f-ff0c627932bf-groupManagement] INFO  server.RaftServerConfigKeys (ConfUtils.java:logGet(46)) - raft.server.leaderelection.leader.step-down.wait-time = 10s (default)
2024-06-08 17:12:24,117 [b58efb8a-bcce-4b5c-ba4f-ff0c627932bf-groupManagement] INFO  server.RaftServerConfigKeys (ConfUtils.java:logGet(46)) - raft.server.leaderelection.member.majority-add = false (default)
2024-06-08 17:12:24,117 [b58efb8a-bcce-4b5c-ba4f-ff0c627932bf-groupManagement] INFO  server.RaftServerConfigKeys (ConfUtils.java:logGet(46)) - raft.server.sleep.deviation.threshold = 300ms (default)
2024-06-08 17:12:24,117 [b58efb8a-bcce-4b5c-ba4f-ff0c627932bf-groupManagement] INFO  server.RaftServer$Division (ServerState.java:<init>(113)) - b58efb8a-bcce-4b5c-ba4f-ff0c627932bf@group-A0D4059F2016: ConfigurationManager, init=-1: peers:[b58efb8a-bcce-4b5c-ba4f-ff0c627932bf|127.0.0.1:15085]|listeners:[], old=null, confs=<EMPTY_MAP>
2024-06-08 17:12:24,118 [b58efb8a-bcce-4b5c-ba4f-ff0c627932bf-groupManagement] INFO  server.RaftServerConfigKeys (ConfUtils.java:logGet(46)) - raft.server.notification.no-leader.timeout = 300000ms (custom)
2024-06-08 17:12:24,118 [b58efb8a-bcce-4b5c-ba4f-ff0c627932bf-groupManagement] INFO  server.RaftServerConfigKeys (ConfUtils.java:logGet(46)) - raft.server.read.timeout = 10s (default)
2024-06-08 17:12:24,118 [b58efb8a-bcce-4b5c-ba4f-ff0c627932bf-groupManagement] INFO  server.RaftServerConfigKeys (ConfUtils.java:logGet(46)) - raft.server.retrycache.expirytime = 600000ms (custom)
2024-06-08 17:12:24,118 [b58efb8a-bcce-4b5c-ba4f-ff0c627932bf-groupManagement] INFO  server.RaftServerConfigKeys (ConfUtils.java:logGet(46)) - raft.server.retrycache.statistics.expirytime = 100ms (default)
2024-06-08 17:12:24,118 [b58efb8a-bcce-4b5c-ba4f-ff0c627932bf-groupManagement] INFO  server.RaftServerConfigKeys (ConfUtils.java:logGet(46)) - raft.server.read.option = DEFAULT (default)
2024-06-08 17:12:24,118 [b58efb8a-bcce-4b5c-ba4f-ff0c627932bf-groupManagement] INFO  server.RaftServerConfigKeys (ConfUtils.java:logGet(46)) - raft.server.read.read-after-write-consistent.write-index-cache.expiry-time = 60s (default)
2024-06-08 17:12:24,121 [b58efb8a-bcce-4b5c-ba4f-ff0c627932bf-groupManagement] INFO  server.RaftServerConfigKeys (ConfUtils.java:logGet(46)) - raft.server.rpc.request.timeout = 3000ms (default)
2024-06-08 17:12:24,121 [b58efb8a-bcce-4b5c-ba4f-ff0c627932bf-groupManagement] INFO  server.RaftServerConfigKeys (ConfUtils.java:logGet(46)) - raft.server.log.appender.install.snapshot.enabled = false (custom)
2024-06-08 17:12:24,121 [b58efb8a-bcce-4b5c-ba4f-ff0c627932bf-groupManagement] INFO  server.RaftServerConfigKeys (ConfUtils.java:logGet(46)) - raft.server.threadpool.server.cached = true (default)
2024-06-08 17:12:24,121 [b58efb8a-bcce-4b5c-ba4f-ff0c627932bf-groupManagement] INFO  server.RaftServerConfigKeys (ConfUtils.java:logGet(46)) - raft.server.threadpool.server.size = 0 (default)
2024-06-08 17:12:24,121 [b58efb8a-bcce-4b5c-ba4f-ff0c627932bf-groupManagement] INFO  server.RaftServerConfigKeys (ConfUtils.java:logGet(46)) - raft.server.threadpool.client.cached = true (default)
2024-06-08 17:12:24,121 [b58efb8a-bcce-4b5c-ba4f-ff0c627932bf-groupManagement] INFO  server.RaftServerConfigKeys (ConfUtils.java:logGet(46)) - raft.server.threadpool.client.size = 0 (default)
2024-06-08 17:12:24,127 [b58efb8a-bcce-4b5c-ba4f-ff0c627932bf-PipelineCommandHandlerThread-0] INFO  server.RaftServer (RaftServerProxy.java:addNew(100)) - b58efb8a-bcce-4b5c-ba4f-ff0c627932bf: addNew group-A0D4059F2016:[b58efb8a-bcce-4b5c-ba4f-ff0c627932bf|127.0.0.1:15085] returns      null b58efb8a-bcce-4b5c-ba4f-ff0c627932bf@group-A0D4059F2016:t0, leader=null, voted=null, raftlog=UNINITIALIZED, conf=-1: peers:[b58efb8a-bcce-4b5c-ba4f-ff0c627932bf|127.0.0.1:15085]|listeners:[], old=null NEW
2024-06-08 17:12:24,128 [grpc-default-executor-1] INFO  server.RaftServer (RaftServerProxy.java:addNew(100)) - b58efb8a-bcce-4b5c-ba4f-ff0c627932bf: addNew group-4BD12810AED6:[b8911061-d087-4ec2-bfc4-9091de9e538b|127.0.0.1:15076, e3b50f59-81fe-4964-a90b-c9e3e207dda8|127.0.0.1:15067, b58efb8a-bcce-4b5c-ba4f-ff0c627932bf|127.0.0.1:15085] returns group-4BD12810AED6:java.util.concurrent.CompletableFuture@5d4da15a[Not completed]
2024-06-08 17:12:24,129 [b58efb8a-bcce-4b5c-ba4f-ff0c627932bf-groupManagement] INFO  server.RaftServer$Division (RaftServerImpl.java:<init>(256)) - b58efb8a-bcce-4b5c-ba4f-ff0c627932bf: new RaftServerImpl for group-4BD12810AED6:[b8911061-d087-4ec2-bfc4-9091de9e538b|127.0.0.1:15076, e3b50f59-81fe-4964-a90b-c9e3e207dda8|127.0.0.1:15067, b58efb8a-bcce-4b5c-ba4f-ff0c627932bf|127.0.0.1:15085] with ContainerStateMachine:uninitialized
2024-06-08 17:12:24,129 [b58efb8a-bcce-4b5c-ba4f-ff0c627932bf-groupManagement] INFO  server.RaftServerConfigKeys (ConfUtils.java:logGet(46)) - raft.server.rpc.timeout.min = 5s (custom)
2024-06-08 17:12:24,129 [b58efb8a-bcce-4b5c-ba4f-ff0c627932bf-groupManagement] INFO  server.RaftServerConfigKeys (ConfUtils.java:logGet(46)) - raft.server.rpc.timeout.max = 5200ms (custom)
2024-06-08 17:12:24,129 [b58efb8a-bcce-4b5c-ba4f-ff0c627932bf-groupManagement] INFO  server.RaftServerConfigKeys (ConfUtils.java:logGet(46)) - raft.server.rpc.sleep.time = 25ms (default)
2024-06-08 17:12:24,129 [b58efb8a-bcce-4b5c-ba4f-ff0c627932bf-groupManagement] INFO  server.RaftServerConfigKeys (ConfUtils.java:logGet(46)) - raft.server.rpc.slowness.timeout = 300000ms (custom)
2024-06-08 17:12:24,129 [b58efb8a-bcce-4b5c-ba4f-ff0c627932bf-groupManagement] INFO  server.RaftServerConfigKeys (ConfUtils.java:logGet(46)) - raft.server.leaderelection.leader.step-down.wait-time = 10s (default)
2024-06-08 17:12:24,129 [b58efb8a-bcce-4b5c-ba4f-ff0c627932bf-groupManagement] INFO  server.RaftServerConfigKeys (ConfUtils.java:logGet(46)) - raft.server.leaderelection.member.majority-add = false (default)
2024-06-08 17:12:24,129 [b58efb8a-bcce-4b5c-ba4f-ff0c627932bf-groupManagement] INFO  server.RaftServerConfigKeys (ConfUtils.java:logGet(46)) - raft.server.sleep.deviation.threshold = 300ms (default)
2024-06-08 17:12:24,129 [b58efb8a-bcce-4b5c-ba4f-ff0c627932bf-groupManagement] INFO  server.RaftServer$Division (ServerState.java:<init>(113)) - b58efb8a-bcce-4b5c-ba4f-ff0c627932bf@group-4BD12810AED6: ConfigurationManager, init=-1: peers:[b8911061-d087-4ec2-bfc4-9091de9e538b|127.0.0.1:15076, e3b50f59-81fe-4964-a90b-c9e3e207dda8|127.0.0.1:15067, b58efb8a-bcce-4b5c-ba4f-ff0c627932bf|127.0.0.1:15085]|listeners:[], old=null, confs=<EMPTY_MAP>
2024-06-08 17:12:24,129 [b58efb8a-bcce-4b5c-ba4f-ff0c627932bf-groupManagement] INFO  server.RaftServerConfigKeys (ConfUtils.java:logGet(46)) - raft.server.notification.no-leader.timeout = 300000ms (custom)
2024-06-08 17:12:24,129 [b58efb8a-bcce-4b5c-ba4f-ff0c627932bf-groupManagement] INFO  server.RaftServerConfigKeys (ConfUtils.java:logGet(46)) - raft.server.read.timeout = 10s (default)
2024-06-08 17:12:24,129 [b58efb8a-bcce-4b5c-ba4f-ff0c627932bf-groupManagement] INFO  server.RaftServerConfigKeys (ConfUtils.java:logGet(46)) - raft.server.retrycache.expirytime = 600000ms (custom)
2024-06-08 17:12:24,129 [b58efb8a-bcce-4b5c-ba4f-ff0c627932bf-groupManagement] INFO  server.RaftServerConfigKeys (ConfUtils.java:logGet(46)) - raft.server.retrycache.statistics.expirytime = 100ms (default)
2024-06-08 17:12:24,130 [b58efb8a-bcce-4b5c-ba4f-ff0c627932bf-groupManagement] INFO  server.RaftServerConfigKeys (ConfUtils.java:logGet(46)) - raft.server.read.option = DEFAULT (default)
2024-06-08 17:12:24,130 [b58efb8a-bcce-4b5c-ba4f-ff0c627932bf-groupManagement] INFO  server.RaftServerConfigKeys (ConfUtils.java:logGet(46)) - raft.server.read.read-after-write-consistent.write-index-cache.expiry-time = 60s (default)
2024-06-08 17:12:24,132 [b58efb8a-bcce-4b5c-ba4f-ff0c627932bf-groupManagement] INFO  server.RaftServerConfigKeys (ConfUtils.java:logGet(46)) - raft.server.rpc.request.timeout = 3000ms (default)
2024-06-08 17:12:24,132 [b58efb8a-bcce-4b5c-ba4f-ff0c627932bf-groupManagement] INFO  server.RaftServerConfigKeys (ConfUtils.java:logGet(46)) - raft.server.log.appender.install.snapshot.enabled = false (custom)
2024-06-08 17:12:24,132 [b58efb8a-bcce-4b5c-ba4f-ff0c627932bf-groupManagement] INFO  server.RaftServerConfigKeys (ConfUtils.java:logGet(46)) - raft.server.threadpool.server.cached = true (default)
2024-06-08 17:12:24,132 [b58efb8a-bcce-4b5c-ba4f-ff0c627932bf-groupManagement] INFO  server.RaftServerConfigKeys (ConfUtils.java:logGet(46)) - raft.server.threadpool.server.size = 0 (default)
2024-06-08 17:12:24,132 [b58efb8a-bcce-4b5c-ba4f-ff0c627932bf-groupManagement] INFO  server.RaftServerConfigKeys (ConfUtils.java:logGet(46)) - raft.server.threadpool.client.cached = true (default)
2024-06-08 17:12:24,133 [b58efb8a-bcce-4b5c-ba4f-ff0c627932bf-groupManagement] INFO  server.RaftServerConfigKeys (ConfUtils.java:logGet(46)) - raft.server.threadpool.client.size = 0 (default)
2024-06-08 17:12:24,133 [b58efb8a-bcce-4b5c-ba4f-ff0c627932bf-groupManagement] INFO  server.RaftServerConfigKeys (ConfUtils.java:logGet(46)) - raft.server.storage.free-space.min = 0MB (=0) (default)
2024-06-08 17:12:24,133 [b58efb8a-bcce-4b5c-ba4f-ff0c627932bf-groupManagement] INFO  server.RaftServerConfigKeys (ConfUtils.java:logGet(46)) - raft.server.log.corruption.policy = EXCEPTION (default)
2024-06-08 17:12:24,133 [b58efb8a-bcce-4b5c-ba4f-ff0c627932bf-groupManagement] INFO  server.RaftServerConfigKeys (ConfUtils.java:logGet(46)) - raft.server.storage.dir = [/home/runner/work/ozone/ozone/hadoop-ozone/integration-test/target/test-dir/MiniOzoneClusterImpl-6b59e386-941c-4981-b753-7806b34dbc05/ozone-meta/datanode-3/ratis] (custom)
2024-06-08 17:12:24,133 [b58efb8a-bcce-4b5c-ba4f-ff0c627932bf-groupManagement] INFO  storage.RaftStorageDirectory (RaftStorageDirectoryImpl.java:analyzeStorage(138)) - The storage directory /home/runner/work/ozone/ozone/hadoop-ozone/integration-test/target/test-dir/MiniOzoneClusterImpl-6b59e386-941c-4981-b753-7806b34dbc05/ozone-meta/datanode-3/ratis/9991c400-dfa5-4715-b5a1-a0d4059f2016 does not exist. Creating ...
2024-06-08 17:12:24,134 [b58efb8a-bcce-4b5c-ba4f-ff0c627932bf-groupManagement] INFO  storage.RaftStorageDirectory (RaftStorageDirectoryImpl.java:tryLock(228)) - Lock on /home/runner/work/ozone/ozone/hadoop-ozone/integration-test/target/test-dir/MiniOzoneClusterImpl-6b59e386-941c-4981-b753-7806b34dbc05/ozone-meta/datanode-3/ratis/9991c400-dfa5-4715-b5a1-a0d4059f2016/in_use.lock acquired by nodename 19691@fv-az1025-916
2024-06-08 17:12:24,135 [b58efb8a-bcce-4b5c-ba4f-ff0c627932bf-groupManagement] INFO  storage.RaftStorage (RaftStorageImpl.java:format(99)) - Storage directory /home/runner/work/ozone/ozone/hadoop-ozone/integration-test/target/test-dir/MiniOzoneClusterImpl-6b59e386-941c-4981-b753-7806b34dbc05/ozone-meta/datanode-3/ratis/9991c400-dfa5-4715-b5a1-a0d4059f2016 has been successfully formatted.
2024-06-08 17:12:24,135 [b58efb8a-bcce-4b5c-ba4f-ff0c627932bf-groupManagement] WARN  util.FileUtils (LogUtils.java:supplyAndLog(63)) - Failed to Files.newInputStream /home/runner/work/ozone/ozone/hadoop-ozone/integration-test/target/test-dir/MiniOzoneClusterImpl-6b59e386-941c-4981-b753-7806b34dbc05/ozone-meta/datanode-3/ratis/9991c400-dfa5-4715-b5a1-a0d4059f2016/current/raft-meta.conf with options []: java.nio.file.NoSuchFileException: /home/runner/work/ozone/ozone/hadoop-ozone/integration-test/target/test-dir/MiniOzoneClusterImpl-6b59e386-941c-4981-b753-7806b34dbc05/ozone-meta/datanode-3/ratis/9991c400-dfa5-4715-b5a1-a0d4059f2016/current/raft-meta.conf
2024-06-08 17:12:24,136 [b58efb8a-bcce-4b5c-ba4f-ff0c627932bf-groupManagement] INFO  ratis.ContainerStateMachine (ContainerStateMachine.java:loadSnapshot(287)) - group-A0D4059F2016: The snapshot info is null. Setting the last applied index to:(t:0, i:~)
2024-06-08 17:12:24,137 [b58efb8a-bcce-4b5c-ba4f-ff0c627932bf-groupManagement] INFO  server.RaftServerConfigKeys (ConfUtils.java:logGet(46)) - raft.server.log.use.memory = false (default)
2024-06-08 17:12:24,137 [b58efb8a-bcce-4b5c-ba4f-ff0c627932bf-groupManagement] INFO  server.RaftServerConfigKeys (ConfUtils.java:logGet(46)) - raft.server.log.purge.gap = 1000000 (custom)
2024-06-08 17:12:24,137 [b58efb8a-bcce-4b5c-ba4f-ff0c627932bf-groupManagement] INFO  server.RaftServerConfigKeys (ConfUtils.java:logGet(46)) - raft.server.log.appender.buffer.byte-limit = 8388608 (custom)
2024-06-08 17:12:24,137 [b58efb8a-bcce-4b5c-ba4f-ff0c627932bf-groupManagement] INFO  server.RaftServerConfigKeys (ConfUtils.java:logGet(46)) - raft.server.log.statemachine.data.read.timeout = 1000ms (default)
2024-06-08 17:12:24,137 [b58efb8a-bcce-4b5c-ba4f-ff0c627932bf-groupManagement] INFO  server.RaftServerConfigKeys (ConfUtils.java:logGet(46)) - raft.server.log.purge.preservation.log.num = 0 (default)
2024-06-08 17:12:24,137 [EventQueue-PipelineReportForPipelineReportHandler] INFO  pipeline.PipelineReportHandler (PipelineReportHandler.java:processPipelineReport(136)) - Opened pipeline PipelineID=9991c400-dfa5-4715-b5a1-a0d4059f2016
2024-06-08 17:12:24,138 [EventQueue-OpenPipelineForHealthyPipelineSafeModeRule] INFO  safemode.SCMSafeModeManager (HealthyPipelineSafeModeRule.java:process(140)) - SCM in safe mode. Healthy pipelines reported count is 0, required healthy pipeline reported count is 1
2024-06-08 17:12:24,138 [b58efb8a-bcce-4b5c-ba4f-ff0c627932bf-groupManagement] INFO  server.RaftServerConfigKeys (ConfUtils.java:logGet(46)) - raft.server.log.segment.size.max = 67108864 (custom)
2024-06-08 17:12:24,138 [b58efb8a-bcce-4b5c-ba4f-ff0c627932bf-groupManagement] INFO  server.RaftServerConfigKeys (ConfUtils.java:logGet(46)) - raft.server.log.segment.cache.num.max = 2 (custom)
2024-06-08 17:12:24,138 [b58efb8a-bcce-4b5c-ba4f-ff0c627932bf-groupManagement] INFO  server.RaftServerConfigKeys (ConfUtils.java:logGet(46)) - raft.server.log.segment.cache.size.max = 200MB (=209715200) (default)
2024-06-08 17:12:24,139 [b58efb8a-bcce-4b5c-ba4f-ff0c627932bf-groupManagement] INFO  server.RaftServerConfigKeys (ConfUtils.java:logGet(46)) - raft.server.log.appender.buffer.byte-limit = 8388608 (custom)
2024-06-08 17:12:24,139 [b58efb8a-bcce-4b5c-ba4f-ff0c627932bf-groupManagement] INFO  util.AwaitToRun (AwaitToRun.java:start(81)) - Thread[b58efb8a-bcce-4b5c-ba4f-ff0c627932bf@group-A0D4059F2016-cacheEviction-AwaitToRun,5,main] started
2024-06-08 17:12:24,139 [b58efb8a-bcce-4b5c-ba4f-ff0c627932bf-groupManagement] INFO  segmented.SegmentedRaftLogWorker (SegmentedRaftLogWorker.java:<init>(182)) - new b58efb8a-bcce-4b5c-ba4f-ff0c627932bf@group-A0D4059F2016-SegmentedRaftLogWorker for RaftStorageImpl:Storage Directory /home/runner/work/ozone/ozone/hadoop-ozone/integration-test/target/test-dir/MiniOzoneClusterImpl-6b59e386-941c-4981-b753-7806b34dbc05/ozone-meta/datanode-3/ratis/9991c400-dfa5-4715-b5a1-a0d4059f2016
2024-06-08 17:12:24,139 [b58efb8a-bcce-4b5c-ba4f-ff0c627932bf-groupManagement] INFO  server.RaftServerConfigKeys (ConfUtils.java:logGet(46)) - raft.server.log.queue.byte-limit = 4294967296 (custom)
2024-06-08 17:12:24,139 [b58efb8a-bcce-4b5c-ba4f-ff0c627932bf-groupManagement] INFO  server.RaftServerConfigKeys (ConfUtils.java:logGet(46)) - raft.server.log.queue.element-limit = 1024 (custom)
2024-06-08 17:12:24,139 [b58efb8a-bcce-4b5c-ba4f-ff0c627932bf-groupManagement] INFO  server.RaftServerConfigKeys (ConfUtils.java:logGet(46)) - raft.server.log.segment.size.max = 67108864 (custom)
2024-06-08 17:12:24,139 [b58efb8a-bcce-4b5c-ba4f-ff0c627932bf-groupManagement] INFO  server.RaftServerConfigKeys (ConfUtils.java:logGet(46)) - raft.server.log.preallocated.size = 4194304 (custom)
2024-06-08 17:12:24,139 [b58efb8a-bcce-4b5c-ba4f-ff0c627932bf-groupManagement] INFO  server.RaftServerConfigKeys (ConfUtils.java:logGet(46)) - raft.server.log.force.sync.num = 128 (default)
2024-06-08 17:12:24,139 [b58efb8a-bcce-4b5c-ba4f-ff0c627932bf-groupManagement] INFO  server.RaftServerConfigKeys (ConfUtils.java:logGet(46)) - raft.server.log.statemachine.data.sync = true (default)
2024-06-08 17:12:24,139 [b58efb8a-bcce-4b5c-ba4f-ff0c627932bf-groupManagement] INFO  server.RaftServerConfigKeys (ConfUtils.java:logGet(46)) - raft.server.log.statemachine.data.sync.timeout = 10s (default)
2024-06-08 17:12:24,139 [b58efb8a-bcce-4b5c-ba4f-ff0c627932bf-groupManagement] INFO  server.RaftServerConfigKeys (ConfUtils.java:logGet(46)) - raft.server.log.statemachine.data.sync.timeout.retry = 30 (custom)
2024-06-08 17:12:24,139 [b58efb8a-bcce-4b5c-ba4f-ff0c627932bf-groupManagement] INFO  server.RaftServerConfigKeys (ConfUtils.java:logGet(46)) - raft.server.log.write.buffer.size = 8388616 (custom)
2024-06-08 17:12:24,141 [b58efb8a-bcce-4b5c-ba4f-ff0c627932bf-groupManagement] INFO  server.RaftServerConfigKeys (ConfUtils.java:logGet(46)) - raft.server.log.appender.buffer.byte-limit = 8388608 (custom)
2024-06-08 17:12:24,141 [b58efb8a-bcce-4b5c-ba4f-ff0c627932bf-groupManagement] INFO  server.RaftServerConfigKeys (ConfUtils.java:logGet(46)) - raft.server.log.unsafe-flush.enabled = false (default)
2024-06-08 17:12:24,141 [b58efb8a-bcce-4b5c-ba4f-ff0c627932bf-groupManagement] INFO  server.RaftServerConfigKeys (ConfUtils.java:logGet(46)) - raft.server.log.async-flush.enabled = false (default)
2024-06-08 17:12:24,141 [b58efb8a-bcce-4b5c-ba4f-ff0c627932bf-groupManagement] INFO  server.RaftServerConfigKeys (ConfUtils.java:logGet(46)) - raft.server.log.statemachine.data.caching.enabled = true (custom)
2024-06-08 17:12:24,141 [b58efb8a-bcce-4b5c-ba4f-ff0c627932bf-groupManagement] INFO  segmented.SegmentedRaftLogWorker (SegmentedRaftLogWorker.java:lambda$new$0(134)) - b58efb8a-bcce-4b5c-ba4f-ff0c627932bf@group-A0D4059F2016-SegmentedRaftLogWorker: flushIndex: setUnconditionally 0 -> -1
2024-06-08 17:12:24,141 [b58efb8a-bcce-4b5c-ba4f-ff0c627932bf-groupManagement] INFO  segmented.SegmentedRaftLogWorker (SegmentedRaftLogWorker.java:lambda$new$0(134)) - b58efb8a-bcce-4b5c-ba4f-ff0c627932bf@group-A0D4059F2016-SegmentedRaftLogWorker: safeCacheEvictIndex: setUnconditionally 0 -> -1
2024-06-08 17:12:24,141 [b58efb8a-bcce-4b5c-ba4f-ff0c627932bf-groupManagement] INFO  server.RaftServer$Division (RaftServerImpl.java:start(396)) - b58efb8a-bcce-4b5c-ba4f-ff0c627932bf@group-A0D4059F2016: start as a follower, conf=-1: peers:[b58efb8a-bcce-4b5c-ba4f-ff0c627932bf|127.0.0.1:15085]|listeners:[], old=null
2024-06-08 17:12:24,141 [b58efb8a-bcce-4b5c-ba4f-ff0c627932bf-groupManagement] INFO  server.RaftServer$Division (RaftServerImpl.java:setRole(383)) - b58efb8a-bcce-4b5c-ba4f-ff0c627932bf@group-A0D4059F2016: changes role from      null to FOLLOWER at term 0 for startAsFollower
2024-06-08 17:12:24,142 [b58efb8a-bcce-4b5c-ba4f-ff0c627932bf-groupManagement] INFO  impl.RoleInfo (RoleInfo.java:updateAndGet(139)) - b58efb8a-bcce-4b5c-ba4f-ff0c627932bf: start b58efb8a-bcce-4b5c-ba4f-ff0c627932bf@group-A0D4059F2016-FollowerState
2024-06-08 17:12:24,142 [e3b50f59-81fe-4964-a90b-c9e3e207dda8-PipelineCommandHandlerThread-0] INFO  commandhandler.CreatePipelineCommandHandler (CreatePipelineCommandHandler.java:lambda$handle$2(124)) - Created Pipeline RATIS THREE PipelineID=e13792a1-6aeb-4204-ab3e-4bd12810aed6.
2024-06-08 17:12:24,142 [b58efb8a-bcce-4b5c-ba4f-ff0c627932bf-groupManagement] INFO  util.JmxRegister (JmxRegister.java:tryRegister(44)) - Successfully registered JMX Bean with object name Ratis:service=RaftServer,group=group-A0D4059F2016,id=b58efb8a-bcce-4b5c-ba4f-ff0c627932bf
2024-06-08 17:12:24,142 [b58efb8a-bcce-4b5c-ba4f-ff0c627932bf-groupManagement] INFO  server.RaftServerConfigKeys (ConfUtils.java:logGet(46)) - raft.server.snapshot.trigger-when-stop.enabled = true (default)
2024-06-08 17:12:24,142 [b58efb8a-bcce-4b5c-ba4f-ff0c627932bf-groupManagement] INFO  server.RaftServerConfigKeys (ConfUtils.java:logGet(46)) - raft.server.snapshot.auto.trigger.enabled = true (custom)
2024-06-08 17:12:24,142 [b58efb8a-bcce-4b5c-ba4f-ff0c627932bf-groupManagement] INFO  server.RaftServerConfigKeys (ConfUtils.java:logGet(46)) - raft.server.snapshot.auto.trigger.threshold = 10000 (custom)
2024-06-08 17:12:24,142 [b58efb8a-bcce-4b5c-ba4f-ff0c627932bf-groupManagement] INFO  server.RaftServerConfigKeys (ConfUtils.java:logGet(46)) - raft.server.snapshot.retention.file.num = 5 (custom)
2024-06-08 17:12:24,143 [e3b50f59-81fe-4964-a90b-c9e3e207dda8-PipelineCommandHandlerThread-0] INFO  server.RaftServer (RaftServerProxy.java:addNew(100)) - e3b50f59-81fe-4964-a90b-c9e3e207dda8: addNew group-8C08ED623EB2:[b8911061-d087-4ec2-bfc4-9091de9e538b|127.0.0.1:15076, e3b50f59-81fe-4964-a90b-c9e3e207dda8|127.0.0.1:15067, b58efb8a-bcce-4b5c-ba4f-ff0c627932bf|127.0.0.1:15085] returns group-8C08ED623EB2:java.util.concurrent.CompletableFuture@44f4caa9[Not completed]
2024-06-08 17:12:24,143 [b58efb8a-bcce-4b5c-ba4f-ff0c627932bf-groupManagement] INFO  server.RaftServerConfigKeys (ConfUtils.java:logGet(46)) - raft.server.log.purge.upto.snapshot.index = false (default)
2024-06-08 17:12:24,143 [b58efb8a-bcce-4b5c-ba4f-ff0c627932bf-groupManagement] INFO  server.RaftServerConfigKeys (ConfUtils.java:logGet(46)) - raft.server.storage.free-space.min = 0MB (=0) (default)
2024-06-08 17:12:24,143 [b58efb8a-bcce-4b5c-ba4f-ff0c627932bf-PipelineCommandHandlerThread-0] INFO  ratis.XceiverServerRatis (XceiverServerRatis.java:addGroup(864)) - Created group PipelineID=9991c400-dfa5-4715-b5a1-a0d4059f2016
2024-06-08 17:12:24,143 [b58efb8a-bcce-4b5c-ba4f-ff0c627932bf-PipelineCommandHandlerThread-0] INFO  commandhandler.CreatePipelineCommandHandler (CreatePipelineCommandHandler.java:lambda$handle$2(124)) - Created Pipeline RATIS ONE PipelineID=9991c400-dfa5-4715-b5a1-a0d4059f2016.
2024-06-08 17:12:24,143 [b58efb8a-bcce-4b5c-ba4f-ff0c627932bf@group-A0D4059F2016-FollowerState] INFO  server.RaftServerConfigKeys (ConfUtils.java:logFallback(53)) - raft.server.rpc.first-election.timeout.min = 5s (fallback to raft.server.rpc.timeout.min)
2024-06-08 17:12:24,143 [b58efb8a-bcce-4b5c-ba4f-ff0c627932bf@group-A0D4059F2016-FollowerState] INFO  server.RaftServerConfigKeys (ConfUtils.java:logFallback(53)) - raft.server.rpc.first-election.timeout.max = 5200ms (fallback to raft.server.rpc.timeout.max)
2024-06-08 17:12:24,144 [b58efb8a-bcce-4b5c-ba4f-ff0c627932bf-PipelineCommandHandlerThread-0] INFO  server.RaftServer (RaftServerProxy.java:addNew(100)) - b58efb8a-bcce-4b5c-ba4f-ff0c627932bf: addNew group-8C08ED623EB2:[b8911061-d087-4ec2-bfc4-9091de9e538b|127.0.0.1:15076, e3b50f59-81fe-4964-a90b-c9e3e207dda8|127.0.0.1:15067, b58efb8a-bcce-4b5c-ba4f-ff0c627932bf|127.0.0.1:15085] returns group-8C08ED623EB2:java.util.concurrent.CompletableFuture@16a801cb[Not completed]
2024-06-08 17:12:24,143 [b58efb8a-bcce-4b5c-ba4f-ff0c627932bf-groupManagement] INFO  server.RaftServerConfigKeys (ConfUtils.java:logGet(46)) - raft.server.log.corruption.policy = EXCEPTION (default)
2024-06-08 17:12:24,144 [b58efb8a-bcce-4b5c-ba4f-ff0c627932bf-groupManagement] INFO  server.RaftServerConfigKeys (ConfUtils.java:logGet(46)) - raft.server.storage.dir = [/home/runner/work/ozone/ozone/hadoop-ozone/integration-test/target/test-dir/MiniOzoneClusterImpl-6b59e386-941c-4981-b753-7806b34dbc05/ozone-meta/datanode-3/ratis] (custom)
2024-06-08 17:12:24,144 [b58efb8a-bcce-4b5c-ba4f-ff0c627932bf-groupManagement] INFO  storage.RaftStorageDirectory (RaftStorageDirectoryImpl.java:analyzeStorage(138)) - The storage directory /home/runner/work/ozone/ozone/hadoop-ozone/integration-test/target/test-dir/MiniOzoneClusterImpl-6b59e386-941c-4981-b753-7806b34dbc05/ozone-meta/datanode-3/ratis/e13792a1-6aeb-4204-ab3e-4bd12810aed6 does not exist. Creating ...
2024-06-08 17:12:24,143 [e3b50f59-81fe-4964-a90b-c9e3e207dda8-groupManagement] INFO  server.RaftServer$Division (RaftServerImpl.java:<init>(256)) - e3b50f59-81fe-4964-a90b-c9e3e207dda8: new RaftServerImpl for group-8C08ED623EB2:[b8911061-d087-4ec2-bfc4-9091de9e538b|127.0.0.1:15076, e3b50f59-81fe-4964-a90b-c9e3e207dda8|127.0.0.1:15067, b58efb8a-bcce-4b5c-ba4f-ff0c627932bf|127.0.0.1:15085] with ContainerStateMachine:uninitialized
2024-06-08 17:12:24,144 [e3b50f59-81fe-4964-a90b-c9e3e207dda8-groupManagement] INFO  server.RaftServerConfigKeys (ConfUtils.java:logGet(46)) - raft.server.rpc.timeout.min = 5s (custom)
2024-06-08 17:12:24,144 [e3b50f59-81fe-4964-a90b-c9e3e207dda8-groupManagement] INFO  server.RaftServerConfigKeys (ConfUtils.java:logGet(46)) - raft.server.rpc.timeout.max = 5200ms (custom)
2024-06-08 17:12:24,145 [e3b50f59-81fe-4964-a90b-c9e3e207dda8-groupManagement] INFO  server.RaftServerConfigKeys (ConfUtils.java:logGet(46)) - raft.server.rpc.sleep.time = 25ms (default)
2024-06-08 17:12:24,145 [e3b50f59-81fe-4964-a90b-c9e3e207dda8-groupManagement] INFO  server.RaftServerConfigKeys (ConfUtils.java:logGet(46)) - raft.server.rpc.slowness.timeout = 300000ms (custom)
2024-06-08 17:12:24,145 [e3b50f59-81fe-4964-a90b-c9e3e207dda8-groupManagement] INFO  server.RaftServerConfigKeys (ConfUtils.java:logGet(46)) - raft.server.leaderelection.leader.step-down.wait-time = 10s (default)
2024-06-08 17:12:24,145 [e3b50f59-81fe-4964-a90b-c9e3e207dda8-groupManagement] INFO  server.RaftServerConfigKeys (ConfUtils.java:logGet(46)) - raft.server.leaderelection.member.majority-add = false (default)
2024-06-08 17:12:24,145 [e3b50f59-81fe-4964-a90b-c9e3e207dda8-groupManagement] INFO  server.RaftServerConfigKeys (ConfUtils.java:logGet(46)) - raft.server.sleep.deviation.threshold = 300ms (default)
2024-06-08 17:12:24,145 [e3b50f59-81fe-4964-a90b-c9e3e207dda8-groupManagement] INFO  server.RaftServer$Division (ServerState.java:<init>(113)) - e3b50f59-81fe-4964-a90b-c9e3e207dda8@group-8C08ED623EB2: ConfigurationManager, init=-1: peers:[b8911061-d087-4ec2-bfc4-9091de9e538b|127.0.0.1:15076, e3b50f59-81fe-4964-a90b-c9e3e207dda8|127.0.0.1:15067, b58efb8a-bcce-4b5c-ba4f-ff0c627932bf|127.0.0.1:15085]|listeners:[], old=null, confs=<EMPTY_MAP>
2024-06-08 17:12:24,145 [e3b50f59-81fe-4964-a90b-c9e3e207dda8-groupManagement] INFO  server.RaftServerConfigKeys (ConfUtils.java:logGet(46)) - raft.server.notification.no-leader.timeout = 300000ms (custom)
2024-06-08 17:12:24,145 [e3b50f59-81fe-4964-a90b-c9e3e207dda8-groupManagement] INFO  server.RaftServerConfigKeys (ConfUtils.java:logGet(46)) - raft.server.read.timeout = 10s (default)
2024-06-08 17:12:24,145 [e3b50f59-81fe-4964-a90b-c9e3e207dda8-groupManagement] INFO  server.RaftServerConfigKeys (ConfUtils.java:logGet(46)) - raft.server.retrycache.expirytime = 600000ms (custom)
2024-06-08 17:12:24,145 [e3b50f59-81fe-4964-a90b-c9e3e207dda8-groupManagement] INFO  server.RaftServerConfigKeys (ConfUtils.java:logGet(46)) - raft.server.retrycache.statistics.expirytime = 100ms (default)
2024-06-08 17:12:24,145 [e3b50f59-81fe-4964-a90b-c9e3e207dda8-groupManagement] INFO  server.RaftServerConfigKeys (ConfUtils.java:logGet(46)) - raft.server.read.option = DEFAULT (default)
2024-06-08 17:12:24,145 [e3b50f59-81fe-4964-a90b-c9e3e207dda8-groupManagement] INFO  server.RaftServerConfigKeys (ConfUtils.java:logGet(46)) - raft.server.read.read-after-write-consistent.write-index-cache.expiry-time = 60s (default)
2024-06-08 17:12:24,146 [b58efb8a-bcce-4b5c-ba4f-ff0c627932bf-groupManagement] INFO  storage.RaftStorageDirectory (RaftStorageDirectoryImpl.java:tryLock(228)) - Lock on /home/runner/work/ozone/ozone/hadoop-ozone/integration-test/target/test-dir/MiniOzoneClusterImpl-6b59e386-941c-4981-b753-7806b34dbc05/ozone-meta/datanode-3/ratis/e13792a1-6aeb-4204-ab3e-4bd12810aed6/in_use.lock acquired by nodename 19691@fv-az1025-916
2024-06-08 17:12:24,147 [e3b50f59-81fe-4964-a90b-c9e3e207dda8-groupManagement] INFO  server.RaftServerConfigKeys (ConfUtils.java:logGet(46)) - raft.server.rpc.request.timeout = 3000ms (default)
2024-06-08 17:12:24,147 [e3b50f59-81fe-4964-a90b-c9e3e207dda8-groupManagement] INFO  server.RaftServerConfigKeys (ConfUtils.java:logGet(46)) - raft.server.log.appender.install.snapshot.enabled = false (custom)
2024-06-08 17:12:24,147 [e3b50f59-81fe-4964-a90b-c9e3e207dda8-groupManagement] INFO  server.RaftServerConfigKeys (ConfUtils.java:logGet(46)) - raft.server.threadpool.server.cached = true (default)
2024-06-08 17:12:24,147 [e3b50f59-81fe-4964-a90b-c9e3e207dda8-groupManagement] INFO  server.RaftServerConfigKeys (ConfUtils.java:logGet(46)) - raft.server.threadpool.server.size = 0 (default)
2024-06-08 17:12:24,147 [e3b50f59-81fe-4964-a90b-c9e3e207dda8-groupManagement] INFO  server.RaftServerConfigKeys (ConfUtils.java:logGet(46)) - raft.server.threadpool.client.cached = true (default)
2024-06-08 17:12:24,147 [e3b50f59-81fe-4964-a90b-c9e3e207dda8-groupManagement] INFO  server.RaftServerConfigKeys (ConfUtils.java:logGet(46)) - raft.server.threadpool.client.size = 0 (default)
2024-06-08 17:12:24,147 [b58efb8a-bcce-4b5c-ba4f-ff0c627932bf-groupManagement] INFO  storage.RaftStorage (RaftStorageImpl.java:format(99)) - Storage directory /home/runner/work/ozone/ozone/hadoop-ozone/integration-test/target/test-dir/MiniOzoneClusterImpl-6b59e386-941c-4981-b753-7806b34dbc05/ozone-meta/datanode-3/ratis/e13792a1-6aeb-4204-ab3e-4bd12810aed6 has been successfully formatted.
2024-06-08 17:12:24,147 [e3b50f59-81fe-4964-a90b-c9e3e207dda8-groupManagement] INFO  server.RaftServerConfigKeys (ConfUtils.java:logGet(46)) - raft.server.storage.free-space.min = 0MB (=0) (default)
2024-06-08 17:12:24,148 [e3b50f59-81fe-4964-a90b-c9e3e207dda8-groupManagement] INFO  server.RaftServerConfigKeys (ConfUtils.java:logGet(46)) - raft.server.log.corruption.policy = EXCEPTION (default)
2024-06-08 17:12:24,148 [b58efb8a-bcce-4b5c-ba4f-ff0c627932bf-groupManagement] WARN  util.FileUtils (LogUtils.java:supplyAndLog(63)) - Failed to Files.newInputStream /home/runner/work/ozone/ozone/hadoop-ozone/integration-test/target/test-dir/MiniOzoneClusterImpl-6b59e386-941c-4981-b753-7806b34dbc05/ozone-meta/datanode-3/ratis/e13792a1-6aeb-4204-ab3e-4bd12810aed6/current/raft-meta.conf with options []: java.nio.file.NoSuchFileException: /home/runner/work/ozone/ozone/hadoop-ozone/integration-test/target/test-dir/MiniOzoneClusterImpl-6b59e386-941c-4981-b753-7806b34dbc05/ozone-meta/datanode-3/ratis/e13792a1-6aeb-4204-ab3e-4bd12810aed6/current/raft-meta.conf
2024-06-08 17:12:24,148 [e3b50f59-81fe-4964-a90b-c9e3e207dda8-groupManagement] INFO  server.RaftServerConfigKeys (ConfUtils.java:logGet(46)) - raft.server.storage.dir = [/home/runner/work/ozone/ozone/hadoop-ozone/integration-test/target/test-dir/MiniOzoneClusterImpl-6b59e386-941c-4981-b753-7806b34dbc05/ozone-meta/datanode-1/ratis] (custom)
2024-06-08 17:12:24,148 [e3b50f59-81fe-4964-a90b-c9e3e207dda8-groupManagement] INFO  storage.RaftStorageDirectory (RaftStorageDirectoryImpl.java:analyzeStorage(138)) - The storage directory /home/runner/work/ozone/ozone/hadoop-ozone/integration-test/target/test-dir/MiniOzoneClusterImpl-6b59e386-941c-4981-b753-7806b34dbc05/ozone-meta/datanode-1/ratis/6f4cab86-66d2-4883-8d36-8c08ed623eb2 does not exist. Creating ...
2024-06-08 17:12:24,148 [b58efb8a-bcce-4b5c-ba4f-ff0c627932bf-groupManagement] INFO  ratis.ContainerStateMachine (ContainerStateMachine.java:loadSnapshot(287)) - group-4BD12810AED6: The snapshot info is null. Setting the last applied index to:(t:0, i:~)
2024-06-08 17:12:24,148 [b58efb8a-bcce-4b5c-ba4f-ff0c627932bf-groupManagement] INFO  server.RaftServerConfigKeys (ConfUtils.java:logGet(46)) - raft.server.log.use.memory = false (default)
2024-06-08 17:12:24,148 [b58efb8a-bcce-4b5c-ba4f-ff0c627932bf-groupManagement] INFO  server.RaftServerConfigKeys (ConfUtils.java:logGet(46)) - raft.server.log.purge.gap = 1000000 (custom)
2024-06-08 17:12:24,148 [b58efb8a-bcce-4b5c-ba4f-ff0c627932bf-groupManagement] INFO  server.RaftServerConfigKeys (ConfUtils.java:logGet(46)) - raft.server.log.appender.buffer.byte-limit = 8388608 (custom)
2024-06-08 17:12:24,148 [b58efb8a-bcce-4b5c-ba4f-ff0c627932bf-groupManagement] INFO  server.RaftServerConfigKeys (ConfUtils.java:logGet(46)) - raft.server.log.statemachine.data.read.timeout = 1000ms (default)
2024-06-08 17:12:24,148 [b58efb8a-bcce-4b5c-ba4f-ff0c627932bf-groupManagement] INFO  server.RaftServerConfigKeys (ConfUtils.java:logGet(46)) - raft.server.log.purge.preservation.log.num = 0 (default)
2024-06-08 17:12:24,149 [e3b50f59-81fe-4964-a90b-c9e3e207dda8-groupManagement] INFO  storage.RaftStorageDirectory (RaftStorageDirectoryImpl.java:tryLock(228)) - Lock on /home/runner/work/ozone/ozone/hadoop-ozone/integration-test/target/test-dir/MiniOzoneClusterImpl-6b59e386-941c-4981-b753-7806b34dbc05/ozone-meta/datanode-1/ratis/6f4cab86-66d2-4883-8d36-8c08ed623eb2/in_use.lock acquired by nodename 19691@fv-az1025-916
2024-06-08 17:12:24,150 [EventQueue-OpenPipelineForHealthyPipelineSafeModeRule] INFO  safemode.SCMSafeModeManager (HealthyPipelineSafeModeRule.java:process(140)) - SCM in safe mode. Healthy pipelines reported count is 0, required healthy pipeline reported count is 1
2024-06-08 17:12:24,150 [b58efb8a-bcce-4b5c-ba4f-ff0c627932bf-groupManagement] INFO  server.RaftServerConfigKeys (ConfUtils.java:logGet(46)) - raft.server.log.segment.size.max = 67108864 (custom)
2024-06-08 17:12:24,150 [b58efb8a-bcce-4b5c-ba4f-ff0c627932bf-groupManagement] INFO  server.RaftServerConfigKeys (ConfUtils.java:logGet(46)) - raft.server.log.segment.cache.num.max = 2 (custom)
2024-06-08 17:12:24,150 [b58efb8a-bcce-4b5c-ba4f-ff0c627932bf-groupManagement] INFO  server.RaftServerConfigKeys (ConfUtils.java:logGet(46)) - raft.server.log.segment.cache.size.max = 200MB (=209715200) (default)
2024-06-08 17:12:24,150 [b58efb8a-bcce-4b5c-ba4f-ff0c627932bf-groupManagement] INFO  server.RaftServerConfigKeys (ConfUtils.java:logGet(46)) - raft.server.log.appender.buffer.byte-limit = 8388608 (custom)
2024-06-08 17:12:24,153 [e3b50f59-81fe-4964-a90b-c9e3e207dda8-groupManagement] INFO  storage.RaftStorage (RaftStorageImpl.java:format(99)) - Storage directory /home/runner/work/ozone/ozone/hadoop-ozone/integration-test/target/test-dir/MiniOzoneClusterImpl-6b59e386-941c-4981-b753-7806b34dbc05/ozone-meta/datanode-1/ratis/6f4cab86-66d2-4883-8d36-8c08ed623eb2 has been successfully formatted.
2024-06-08 17:12:24,153 [e3b50f59-81fe-4964-a90b-c9e3e207dda8-groupManagement] WARN  util.FileUtils (LogUtils.java:supplyAndLog(63)) - Failed to Files.newInputStream /home/runner/work/ozone/ozone/hadoop-ozone/integration-test/target/test-dir/MiniOzoneClusterImpl-6b59e386-941c-4981-b753-7806b34dbc05/ozone-meta/datanode-1/ratis/6f4cab86-66d2-4883-8d36-8c08ed623eb2/current/raft-meta.conf with options []: java.nio.file.NoSuchFileException: /home/runner/work/ozone/ozone/hadoop-ozone/integration-test/target/test-dir/MiniOzoneClusterImpl-6b59e386-941c-4981-b753-7806b34dbc05/ozone-meta/datanode-1/ratis/6f4cab86-66d2-4883-8d36-8c08ed623eb2/current/raft-meta.conf
2024-06-08 17:12:24,153 [e3b50f59-81fe-4964-a90b-c9e3e207dda8-groupManagement] INFO  ratis.ContainerStateMachine (ContainerStateMachine.java:loadSnapshot(287)) - group-8C08ED623EB2: The snapshot info is null. Setting the last applied index to:(t:0, i:~)
2024-06-08 17:12:24,153 [e3b50f59-81fe-4964-a90b-c9e3e207dda8-groupManagement] INFO  server.RaftServerConfigKeys (ConfUtils.java:logGet(46)) - raft.server.log.use.memory = false (default)
2024-06-08 17:12:24,153 [e3b50f59-81fe-4964-a90b-c9e3e207dda8-groupManagement] INFO  server.RaftServerConfigKeys (ConfUtils.java:logGet(46)) - raft.server.log.purge.gap = 1000000 (custom)
2024-06-08 17:12:24,153 [e3b50f59-81fe-4964-a90b-c9e3e207dda8-groupManagement] INFO  server.RaftServerConfigKeys (ConfUtils.java:logGet(46)) - raft.server.log.appender.buffer.byte-limit = 8388608 (custom)
2024-06-08 17:12:24,153 [e3b50f59-81fe-4964-a90b-c9e3e207dda8-groupManagement] INFO  server.RaftServerConfigKeys (ConfUtils.java:logGet(46)) - raft.server.log.statemachine.data.read.timeout = 1000ms (default)
2024-06-08 17:12:24,154 [e3b50f59-81fe-4964-a90b-c9e3e207dda8-groupManagement] INFO  server.RaftServerConfigKeys (ConfUtils.java:logGet(46)) - raft.server.log.purge.preservation.log.num = 0 (default)
2024-06-08 17:12:24,154 [EventQueue-OpenPipelineForHealthyPipelineSafeModeRule] INFO  safemode.SCMSafeModeManager (HealthyPipelineSafeModeRule.java:process(140)) - SCM in safe mode. Healthy pipelines reported count is 0, required healthy pipeline reported count is 1
2024-06-08 17:12:24,155 [e3b50f59-81fe-4964-a90b-c9e3e207dda8-groupManagement] INFO  server.RaftServerConfigKeys (ConfUtils.java:logGet(46)) - raft.server.log.segment.size.max = 67108864 (custom)
2024-06-08 17:12:24,155 [e3b50f59-81fe-4964-a90b-c9e3e207dda8-groupManagement] INFO  server.RaftServerConfigKeys (ConfUtils.java:logGet(46)) - raft.server.log.segment.cache.num.max = 2 (custom)
2024-06-08 17:12:24,155 [e3b50f59-81fe-4964-a90b-c9e3e207dda8-groupManagement] INFO  server.RaftServerConfigKeys (ConfUtils.java:logGet(46)) - raft.server.log.segment.cache.size.max = 200MB (=209715200) (default)
2024-06-08 17:12:24,155 [e3b50f59-81fe-4964-a90b-c9e3e207dda8-groupManagement] INFO  server.RaftServerConfigKeys (ConfUtils.java:logGet(46)) - raft.server.log.appender.buffer.byte-limit = 8388608 (custom)
2024-06-08 17:12:24,158 [b58efb8a-bcce-4b5c-ba4f-ff0c627932bf-groupManagement] INFO  util.AwaitToRun (AwaitToRun.java:start(81)) - Thread[b58efb8a-bcce-4b5c-ba4f-ff0c627932bf@group-4BD12810AED6-cacheEviction-AwaitToRun,5,main] started
2024-06-08 17:12:24,158 [b58efb8a-bcce-4b5c-ba4f-ff0c627932bf-groupManagement] INFO  segmented.SegmentedRaftLogWorker (SegmentedRaftLogWorker.java:<init>(182)) - new b58efb8a-bcce-4b5c-ba4f-ff0c627932bf@group-4BD12810AED6-SegmentedRaftLogWorker for RaftStorageImpl:Storage Directory /home/runner/work/ozone/ozone/hadoop-ozone/integration-test/target/test-dir/MiniOzoneClusterImpl-6b59e386-941c-4981-b753-7806b34dbc05/ozone-meta/datanode-3/ratis/e13792a1-6aeb-4204-ab3e-4bd12810aed6
2024-06-08 17:12:24,158 [b58efb8a-bcce-4b5c-ba4f-ff0c627932bf-groupManagement] INFO  server.RaftServerConfigKeys (ConfUtils.java:logGet(46)) - raft.server.log.queue.byte-limit = 4294967296 (custom)
2024-06-08 17:12:24,158 [b58efb8a-bcce-4b5c-ba4f-ff0c627932bf-groupManagement] INFO  server.RaftServerConfigKeys (ConfUtils.java:logGet(46)) - raft.server.log.queue.element-limit = 1024 (custom)
2024-06-08 17:12:24,158 [b58efb8a-bcce-4b5c-ba4f-ff0c627932bf-groupManagement] INFO  server.RaftServerConfigKeys (ConfUtils.java:logGet(46)) - raft.server.log.segment.size.max = 67108864 (custom)
2024-06-08 17:12:24,158 [b58efb8a-bcce-4b5c-ba4f-ff0c627932bf-groupManagement] INFO  server.RaftServerConfigKeys (ConfUtils.java:logGet(46)) - raft.server.log.preallocated.size = 4194304 (custom)
2024-06-08 17:12:24,158 [b58efb8a-bcce-4b5c-ba4f-ff0c627932bf-groupManagement] INFO  server.RaftServerConfigKeys (ConfUtils.java:logGet(46)) - raft.server.log.force.sync.num = 128 (default)
2024-06-08 17:12:24,158 [b58efb8a-bcce-4b5c-ba4f-ff0c627932bf-groupManagement] INFO  server.RaftServerConfigKeys (ConfUtils.java:logGet(46)) - raft.server.log.statemachine.data.sync = true (default)
2024-06-08 17:12:24,158 [b58efb8a-bcce-4b5c-ba4f-ff0c627932bf-groupManagement] INFO  server.RaftServerConfigKeys (ConfUtils.java:logGet(46)) - raft.server.log.statemachine.data.sync.timeout = 10s (default)
2024-06-08 17:12:24,158 [b58efb8a-bcce-4b5c-ba4f-ff0c627932bf-groupManagement] INFO  server.RaftServerConfigKeys (ConfUtils.java:logGet(46)) - raft.server.log.statemachine.data.sync.timeout.retry = 30 (custom)
2024-06-08 17:12:24,158 [b58efb8a-bcce-4b5c-ba4f-ff0c627932bf-groupManagement] INFO  server.RaftServerConfigKeys (ConfUtils.java:logGet(46)) - raft.server.log.write.buffer.size = 8388616 (custom)
2024-06-08 17:12:24,160 [e3b50f59-81fe-4964-a90b-c9e3e207dda8-groupManagement] INFO  util.AwaitToRun (AwaitToRun.java:start(81)) - Thread[e3b50f59-81fe-4964-a90b-c9e3e207dda8@group-8C08ED623EB2-cacheEviction-AwaitToRun,5,main] started
2024-06-08 17:12:24,160 [e3b50f59-81fe-4964-a90b-c9e3e207dda8-groupManagement] INFO  segmented.SegmentedRaftLogWorker (SegmentedRaftLogWorker.java:<init>(182)) - new e3b50f59-81fe-4964-a90b-c9e3e207dda8@group-8C08ED623EB2-SegmentedRaftLogWorker for RaftStorageImpl:Storage Directory /home/runner/work/ozone/ozone/hadoop-ozone/integration-test/target/test-dir/MiniOzoneClusterImpl-6b59e386-941c-4981-b753-7806b34dbc05/ozone-meta/datanode-1/ratis/6f4cab86-66d2-4883-8d36-8c08ed623eb2
2024-06-08 17:12:24,160 [e3b50f59-81fe-4964-a90b-c9e3e207dda8-groupManagement] INFO  server.RaftServerConfigKeys (ConfUtils.java:logGet(46)) - raft.server.log.queue.byte-limit = 4294967296 (custom)
2024-06-08 17:12:24,160 [e3b50f59-81fe-4964-a90b-c9e3e207dda8-groupManagement] INFO  server.RaftServerConfigKeys (ConfUtils.java:logGet(46)) - raft.server.log.queue.element-limit = 1024 (custom)
2024-06-08 17:12:24,161 [e3b50f59-81fe-4964-a90b-c9e3e207dda8-groupManagement] INFO  server.RaftServerConfigKeys (ConfUtils.java:logGet(46)) - raft.server.log.segment.size.max = 67108864 (custom)
2024-06-08 17:12:24,161 [e3b50f59-81fe-4964-a90b-c9e3e207dda8-groupManagement] INFO  server.RaftServerConfigKeys (ConfUtils.java:logGet(46)) - raft.server.log.preallocated.size = 4194304 (custom)
2024-06-08 17:12:24,161 [e3b50f59-81fe-4964-a90b-c9e3e207dda8-groupManagement] INFO  server.RaftServerConfigKeys (ConfUtils.java:logGet(46)) - raft.server.log.force.sync.num = 128 (default)
2024-06-08 17:12:24,162 [e3b50f59-81fe-4964-a90b-c9e3e207dda8-groupManagement] INFO  server.RaftServerConfigKeys (ConfUtils.java:logGet(46)) - raft.server.log.statemachine.data.sync = true (default)
2024-06-08 17:12:24,162 [e3b50f59-81fe-4964-a90b-c9e3e207dda8-groupManagement] INFO  server.RaftServerConfigKeys (ConfUtils.java:logGet(46)) - raft.server.log.statemachine.data.sync.timeout = 10s (default)
2024-06-08 17:12:24,162 [e3b50f59-81fe-4964-a90b-c9e3e207dda8-groupManagement] INFO  server.RaftServerConfigKeys (ConfUtils.java:logGet(46)) - raft.server.log.statemachine.data.sync.timeout.retry = 30 (custom)
2024-06-08 17:12:24,163 [e3b50f59-81fe-4964-a90b-c9e3e207dda8-groupManagement] INFO  server.RaftServerConfigKeys (ConfUtils.java:logGet(46)) - raft.server.log.write.buffer.size = 8388616 (custom)
2024-06-08 17:12:24,160 [b58efb8a-bcce-4b5c-ba4f-ff0c627932bf-groupManagement] INFO  server.RaftServerConfigKeys (ConfUtils.java:logGet(46)) - raft.server.log.appender.buffer.byte-limit = 8388608 (custom)
2024-06-08 17:12:24,164 [b58efb8a-bcce-4b5c-ba4f-ff0c627932bf-groupManagement] INFO  server.RaftServerConfigKeys (ConfUtils.java:logGet(46)) - raft.server.log.unsafe-flush.enabled = false (default)
2024-06-08 17:12:24,165 [b58efb8a-bcce-4b5c-ba4f-ff0c627932bf-groupManagement] INFO  server.RaftServerConfigKeys (ConfUtils.java:logGet(46)) - raft.server.log.async-flush.enabled = false (default)
2024-06-08 17:12:24,165 [b58efb8a-bcce-4b5c-ba4f-ff0c627932bf-groupManagement] INFO  server.RaftServerConfigKeys (ConfUtils.java:logGet(46)) - raft.server.log.statemachine.data.caching.enabled = true (custom)
2024-06-08 17:12:24,165 [b58efb8a-bcce-4b5c-ba4f-ff0c627932bf-groupManagement] INFO  segmented.SegmentedRaftLogWorker (SegmentedRaftLogWorker.java:lambda$new$0(134)) - b58efb8a-bcce-4b5c-ba4f-ff0c627932bf@group-4BD12810AED6-SegmentedRaftLogWorker: flushIndex: setUnconditionally 0 -> -1
2024-06-08 17:12:24,166 [b58efb8a-bcce-4b5c-ba4f-ff0c627932bf-groupManagement] INFO  segmented.SegmentedRaftLogWorker (SegmentedRaftLogWorker.java:lambda$new$0(134)) - b58efb8a-bcce-4b5c-ba4f-ff0c627932bf@group-4BD12810AED6-SegmentedRaftLogWorker: safeCacheEvictIndex: setUnconditionally 0 -> -1
2024-06-08 17:12:24,167 [e3b50f59-81fe-4964-a90b-c9e3e207dda8-groupManagement] INFO  server.RaftServerConfigKeys (ConfUtils.java:logGet(46)) - raft.server.log.appender.buffer.byte-limit = 8388608 (custom)
2024-06-08 17:12:24,168 [e3b50f59-81fe-4964-a90b-c9e3e207dda8-groupManagement] INFO  server.RaftServerConfigKeys (ConfUtils.java:logGet(46)) - raft.server.log.unsafe-flush.enabled = false (default)
2024-06-08 17:12:24,168 [e3b50f59-81fe-4964-a90b-c9e3e207dda8-groupManagement] INFO  server.RaftServerConfigKeys (ConfUtils.java:logGet(46)) - raft.server.log.async-flush.enabled = false (default)
2024-06-08 17:12:24,168 [e3b50f59-81fe-4964-a90b-c9e3e207dda8-groupManagement] INFO  server.RaftServerConfigKeys (ConfUtils.java:logGet(46)) - raft.server.log.statemachine.data.caching.enabled = true (custom)
2024-06-08 17:12:24,169 [e3b50f59-81fe-4964-a90b-c9e3e207dda8-groupManagement] INFO  segmented.SegmentedRaftLogWorker (SegmentedRaftLogWorker.java:lambda$new$0(134)) - e3b50f59-81fe-4964-a90b-c9e3e207dda8@group-8C08ED623EB2-SegmentedRaftLogWorker: flushIndex: setUnconditionally 0 -> -1
2024-06-08 17:12:24,169 [e3b50f59-81fe-4964-a90b-c9e3e207dda8-groupManagement] INFO  segmented.SegmentedRaftLogWorker (SegmentedRaftLogWorker.java:lambda$new$0(134)) - e3b50f59-81fe-4964-a90b-c9e3e207dda8@group-8C08ED623EB2-SegmentedRaftLogWorker: safeCacheEvictIndex: setUnconditionally 0 -> -1
2024-06-08 17:12:24,168 [b58efb8a-bcce-4b5c-ba4f-ff0c627932bf-groupManagement] INFO  server.RaftServer$Division (RaftServerImpl.java:start(396)) - b58efb8a-bcce-4b5c-ba4f-ff0c627932bf@group-4BD12810AED6: start as a follower, conf=-1: peers:[b8911061-d087-4ec2-bfc4-9091de9e538b|127.0.0.1:15076, e3b50f59-81fe-4964-a90b-c9e3e207dda8|127.0.0.1:15067, b58efb8a-bcce-4b5c-ba4f-ff0c627932bf|127.0.0.1:15085]|listeners:[], old=null
2024-06-08 17:12:24,169 [b58efb8a-bcce-4b5c-ba4f-ff0c627932bf-groupManagement] INFO  server.RaftServer$Division (RaftServerImpl.java:setRole(383)) - b58efb8a-bcce-4b5c-ba4f-ff0c627932bf@group-4BD12810AED6: changes role from      null to FOLLOWER at term 0 for startAsFollower
2024-06-08 17:12:24,170 [b58efb8a-bcce-4b5c-ba4f-ff0c627932bf-groupManagement] INFO  impl.RoleInfo (RoleInfo.java:updateAndGet(139)) - b58efb8a-bcce-4b5c-ba4f-ff0c627932bf: start b58efb8a-bcce-4b5c-ba4f-ff0c627932bf@group-4BD12810AED6-FollowerState
2024-06-08 17:12:24,170 [b58efb8a-bcce-4b5c-ba4f-ff0c627932bf@group-4BD12810AED6-FollowerState] INFO  server.RaftServerConfigKeys (ConfUtils.java:logFallback(53)) - raft.server.rpc.first-election.timeout.min = 5s (fallback to raft.server.rpc.timeout.min)
2024-06-08 17:12:24,170 [b58efb8a-bcce-4b5c-ba4f-ff0c627932bf@group-4BD12810AED6-FollowerState] INFO  server.RaftServerConfigKeys (ConfUtils.java:logFallback(53)) - raft.server.rpc.first-election.timeout.max = 5200ms (fallback to raft.server.rpc.timeout.max)
2024-06-08 17:12:24,170 [b58efb8a-bcce-4b5c-ba4f-ff0c627932bf-groupManagement] INFO  util.JmxRegister (JmxRegister.java:tryRegister(44)) - Successfully registered JMX Bean with object name Ratis:service=RaftServer,group=group-4BD12810AED6,id=b58efb8a-bcce-4b5c-ba4f-ff0c627932bf
2024-06-08 17:12:24,171 [b58efb8a-bcce-4b5c-ba4f-ff0c627932bf-groupManagement] INFO  server.RaftServerConfigKeys (ConfUtils.java:logGet(46)) - raft.server.snapshot.trigger-when-stop.enabled = true (default)
2024-06-08 17:12:24,171 [b58efb8a-bcce-4b5c-ba4f-ff0c627932bf-groupManagement] INFO  server.RaftServerConfigKeys (ConfUtils.java:logGet(46)) - raft.server.snapshot.auto.trigger.enabled = true (custom)
2024-06-08 17:12:24,171 [b58efb8a-bcce-4b5c-ba4f-ff0c627932bf-groupManagement] INFO  server.RaftServerConfigKeys (ConfUtils.java:logGet(46)) - raft.server.snapshot.auto.trigger.threshold = 10000 (custom)
2024-06-08 17:12:24,171 [b58efb8a-bcce-4b5c-ba4f-ff0c627932bf-groupManagement] INFO  server.RaftServerConfigKeys (ConfUtils.java:logGet(46)) - raft.server.snapshot.retention.file.num = 5 (custom)
2024-06-08 17:12:24,171 [b58efb8a-bcce-4b5c-ba4f-ff0c627932bf-groupManagement] INFO  server.RaftServerConfigKeys (ConfUtils.java:logGet(46)) - raft.server.log.purge.upto.snapshot.index = false (default)
2024-06-08 17:12:24,172 [e3b50f59-81fe-4964-a90b-c9e3e207dda8-groupManagement] INFO  server.RaftServer$Division (RaftServerImpl.java:start(396)) - e3b50f59-81fe-4964-a90b-c9e3e207dda8@group-8C08ED623EB2: start as a follower, conf=-1: peers:[b8911061-d087-4ec2-bfc4-9091de9e538b|127.0.0.1:15076, e3b50f59-81fe-4964-a90b-c9e3e207dda8|127.0.0.1:15067, b58efb8a-bcce-4b5c-ba4f-ff0c627932bf|127.0.0.1:15085]|listeners:[], old=null
2024-06-08 17:12:24,172 [e3b50f59-81fe-4964-a90b-c9e3e207dda8-groupManagement] INFO  server.RaftServer$Division (RaftServerImpl.java:setRole(383)) - e3b50f59-81fe-4964-a90b-c9e3e207dda8@group-8C08ED623EB2: changes role from      null to FOLLOWER at term 0 for startAsFollower
2024-06-08 17:12:24,174 [e3b50f59-81fe-4964-a90b-c9e3e207dda8-groupManagement] INFO  impl.RoleInfo (RoleInfo.java:updateAndGet(139)) - e3b50f59-81fe-4964-a90b-c9e3e207dda8: start e3b50f59-81fe-4964-a90b-c9e3e207dda8@group-8C08ED623EB2-FollowerState
2024-06-08 17:12:24,175 [e3b50f59-81fe-4964-a90b-c9e3e207dda8-groupManagement] INFO  util.JmxRegister (JmxRegister.java:tryRegister(44)) - Successfully registered JMX Bean with object name Ratis:service=RaftServer,group=group-8C08ED623EB2,id=e3b50f59-81fe-4964-a90b-c9e3e207dda8
2024-06-08 17:12:24,175 [e3b50f59-81fe-4964-a90b-c9e3e207dda8-groupManagement] INFO  server.RaftServerConfigKeys (ConfUtils.java:logGet(46)) - raft.server.snapshot.trigger-when-stop.enabled = true (default)
2024-06-08 17:12:24,175 [e3b50f59-81fe-4964-a90b-c9e3e207dda8-groupManagement] INFO  server.RaftServerConfigKeys (ConfUtils.java:logGet(46)) - raft.server.snapshot.auto.trigger.enabled = true (custom)
2024-06-08 17:12:24,176 [e3b50f59-81fe-4964-a90b-c9e3e207dda8-groupManagement] INFO  server.RaftServerConfigKeys (ConfUtils.java:logGet(46)) - raft.server.snapshot.auto.trigger.threshold = 10000 (custom)
2024-06-08 17:12:24,176 [e3b50f59-81fe-4964-a90b-c9e3e207dda8@group-8C08ED623EB2-FollowerState] INFO  server.RaftServerConfigKeys (ConfUtils.java:logFallback(53)) - raft.server.rpc.first-election.timeout.min = 5s (fallback to raft.server.rpc.timeout.min)
2024-06-08 17:12:24,177 [e3b50f59-81fe-4964-a90b-c9e3e207dda8@group-8C08ED623EB2-FollowerState] INFO  server.RaftServerConfigKeys (ConfUtils.java:logFallback(53)) - raft.server.rpc.first-election.timeout.max = 5200ms (fallback to raft.server.rpc.timeout.max)
2024-06-08 17:12:24,176 [b58efb8a-bcce-4b5c-ba4f-ff0c627932bf-groupManagement] INFO  server.RaftServer$Division (RaftServerImpl.java:<init>(256)) - b58efb8a-bcce-4b5c-ba4f-ff0c627932bf: new RaftServerImpl for group-8C08ED623EB2:[b8911061-d087-4ec2-bfc4-9091de9e538b|127.0.0.1:15076, e3b50f59-81fe-4964-a90b-c9e3e207dda8|127.0.0.1:15067, b58efb8a-bcce-4b5c-ba4f-ff0c627932bf|127.0.0.1:15085] with ContainerStateMachine:uninitialized
2024-06-08 17:12:24,177 [b58efb8a-bcce-4b5c-ba4f-ff0c627932bf-groupManagement] INFO  server.RaftServerConfigKeys (ConfUtils.java:logGet(46)) - raft.server.rpc.timeout.min = 5s (custom)
2024-06-08 17:12:24,178 [b58efb8a-bcce-4b5c-ba4f-ff0c627932bf-groupManagement] INFO  server.RaftServerConfigKeys (ConfUtils.java:logGet(46)) - raft.server.rpc.timeout.max = 5200ms (custom)
2024-06-08 17:12:24,178 [b58efb8a-bcce-4b5c-ba4f-ff0c627932bf-groupManagement] INFO  server.RaftServerConfigKeys (ConfUtils.java:logGet(46)) - raft.server.rpc.sleep.time = 25ms (default)
2024-06-08 17:12:24,178 [b58efb8a-bcce-4b5c-ba4f-ff0c627932bf-groupManagement] INFO  server.RaftServerConfigKeys (ConfUtils.java:logGet(46)) - raft.server.rpc.slowness.timeout = 300000ms (custom)
2024-06-08 17:12:24,179 [b58efb8a-bcce-4b5c-ba4f-ff0c627932bf-groupManagement] INFO  server.RaftServerConfigKeys (ConfUtils.java:logGet(46)) - raft.server.leaderelection.leader.step-down.wait-time = 10s (default)
2024-06-08 17:12:24,179 [b58efb8a-bcce-4b5c-ba4f-ff0c627932bf-groupManagement] INFO  server.RaftServerConfigKeys (ConfUtils.java:logGet(46)) - raft.server.leaderelection.member.majority-add = false (default)
2024-06-08 17:12:24,179 [b58efb8a-bcce-4b5c-ba4f-ff0c627932bf-groupManagement] INFO  server.RaftServerConfigKeys (ConfUtils.java:logGet(46)) - raft.server.sleep.deviation.threshold = 300ms (default)
2024-06-08 17:12:24,180 [b58efb8a-bcce-4b5c-ba4f-ff0c627932bf-groupManagement] INFO  server.RaftServer$Division (ServerState.java:<init>(113)) - b58efb8a-bcce-4b5c-ba4f-ff0c627932bf@group-8C08ED623EB2: ConfigurationManager, init=-1: peers:[b8911061-d087-4ec2-bfc4-9091de9e538b|127.0.0.1:15076, e3b50f59-81fe-4964-a90b-c9e3e207dda8|127.0.0.1:15067, b58efb8a-bcce-4b5c-ba4f-ff0c627932bf|127.0.0.1:15085]|listeners:[], old=null, confs=<EMPTY_MAP>
2024-06-08 17:12:24,180 [b58efb8a-bcce-4b5c-ba4f-ff0c627932bf-groupManagement] INFO  server.RaftServerConfigKeys (ConfUtils.java:logGet(46)) - raft.server.notification.no-leader.timeout = 300000ms (custom)
2024-06-08 17:12:24,180 [b58efb8a-bcce-4b5c-ba4f-ff0c627932bf-groupManagement] INFO  server.RaftServerConfigKeys (ConfUtils.java:logGet(46)) - raft.server.read.timeout = 10s (default)
2024-06-08 17:12:24,180 [b58efb8a-bcce-4b5c-ba4f-ff0c627932bf-groupManagement] INFO  server.RaftServerConfigKeys (ConfUtils.java:logGet(46)) - raft.server.retrycache.expirytime = 600000ms (custom)
2024-06-08 17:12:24,181 [b58efb8a-bcce-4b5c-ba4f-ff0c627932bf-groupManagement] INFO  server.RaftServerConfigKeys (ConfUtils.java:logGet(46)) - raft.server.retrycache.statistics.expirytime = 100ms (default)
2024-06-08 17:12:24,176 [e3b50f59-81fe-4964-a90b-c9e3e207dda8-groupManagement] INFO  server.RaftServerConfigKeys (ConfUtils.java:logGet(46)) - raft.server.snapshot.retention.file.num = 5 (custom)
2024-06-08 17:12:24,181 [e3b50f59-81fe-4964-a90b-c9e3e207dda8-groupManagement] INFO  server.RaftServerConfigKeys (ConfUtils.java:logGet(46)) - raft.server.log.purge.upto.snapshot.index = false (default)
2024-06-08 17:12:24,182 [b58efb8a-bcce-4b5c-ba4f-ff0c627932bf-groupManagement] INFO  server.RaftServerConfigKeys (ConfUtils.java:logGet(46)) - raft.server.read.option = DEFAULT (default)
2024-06-08 17:12:24,182 [b58efb8a-bcce-4b5c-ba4f-ff0c627932bf-groupManagement] INFO  server.RaftServerConfigKeys (ConfUtils.java:logGet(46)) - raft.server.read.read-after-write-consistent.write-index-cache.expiry-time = 60s (default)
2024-06-08 17:12:24,184 [b58efb8a-bcce-4b5c-ba4f-ff0c627932bf-groupManagement] INFO  server.RaftServerConfigKeys (ConfUtils.java:logGet(46)) - raft.server.rpc.request.timeout = 3000ms (default)
2024-06-08 17:12:24,185 [b58efb8a-bcce-4b5c-ba4f-ff0c627932bf-groupManagement] INFO  server.RaftServerConfigKeys (ConfUtils.java:logGet(46)) - raft.server.log.appender.install.snapshot.enabled = false (custom)
2024-06-08 17:12:24,185 [b58efb8a-bcce-4b5c-ba4f-ff0c627932bf-groupManagement] INFO  server.RaftServerConfigKeys (ConfUtils.java:logGet(46)) - raft.server.threadpool.server.cached = true (default)
2024-06-08 17:12:24,185 [b58efb8a-bcce-4b5c-ba4f-ff0c627932bf-groupManagement] INFO  server.RaftServerConfigKeys (ConfUtils.java:logGet(46)) - raft.server.threadpool.server.size = 0 (default)
2024-06-08 17:12:24,186 [b58efb8a-bcce-4b5c-ba4f-ff0c627932bf-groupManagement] INFO  server.RaftServerConfigKeys (ConfUtils.java:logGet(46)) - raft.server.threadpool.client.cached = true (default)
2024-06-08 17:12:24,186 [b58efb8a-bcce-4b5c-ba4f-ff0c627932bf-groupManagement] INFO  server.RaftServerConfigKeys (ConfUtils.java:logGet(46)) - raft.server.threadpool.client.size = 0 (default)
2024-06-08 17:12:24,186 [b58efb8a-bcce-4b5c-ba4f-ff0c627932bf-groupManagement] INFO  server.RaftServerConfigKeys (ConfUtils.java:logGet(46)) - raft.server.storage.free-space.min = 0MB (=0) (default)
2024-06-08 17:12:24,187 [b58efb8a-bcce-4b5c-ba4f-ff0c627932bf-groupManagement] INFO  server.RaftServerConfigKeys (ConfUtils.java:logGet(46)) - raft.server.log.corruption.policy = EXCEPTION (default)
2024-06-08 17:12:24,187 [b58efb8a-bcce-4b5c-ba4f-ff0c627932bf-groupManagement] INFO  server.RaftServerConfigKeys (ConfUtils.java:logGet(46)) - raft.server.storage.dir = [/home/runner/work/ozone/ozone/hadoop-ozone/integration-test/target/test-dir/MiniOzoneClusterImpl-6b59e386-941c-4981-b753-7806b34dbc05/ozone-meta/datanode-3/ratis] (custom)
2024-06-08 17:12:24,187 [b58efb8a-bcce-4b5c-ba4f-ff0c627932bf-groupManagement] INFO  storage.RaftStorageDirectory (RaftStorageDirectoryImpl.java:analyzeStorage(138)) - The storage directory /home/runner/work/ozone/ozone/hadoop-ozone/integration-test/target/test-dir/MiniOzoneClusterImpl-6b59e386-941c-4981-b753-7806b34dbc05/ozone-meta/datanode-3/ratis/6f4cab86-66d2-4883-8d36-8c08ed623eb2 does not exist. Creating ...
2024-06-08 17:12:24,189 [b58efb8a-bcce-4b5c-ba4f-ff0c627932bf-groupManagement] INFO  storage.RaftStorageDirectory (RaftStorageDirectoryImpl.java:tryLock(228)) - Lock on /home/runner/work/ozone/ozone/hadoop-ozone/integration-test/target/test-dir/MiniOzoneClusterImpl-6b59e386-941c-4981-b753-7806b34dbc05/ozone-meta/datanode-3/ratis/6f4cab86-66d2-4883-8d36-8c08ed623eb2/in_use.lock acquired by nodename 19691@fv-az1025-916
2024-06-08 17:12:24,190 [b58efb8a-bcce-4b5c-ba4f-ff0c627932bf-groupManagement] INFO  storage.RaftStorage (RaftStorageImpl.java:format(99)) - Storage directory /home/runner/work/ozone/ozone/hadoop-ozone/integration-test/target/test-dir/MiniOzoneClusterImpl-6b59e386-941c-4981-b753-7806b34dbc05/ozone-meta/datanode-3/ratis/6f4cab86-66d2-4883-8d36-8c08ed623eb2 has been successfully formatted.
2024-06-08 17:12:24,191 [e3b50f59-81fe-4964-a90b-c9e3e207dda8-PipelineCommandHandlerThread-0] INFO  ratis.XceiverServerRatis (XceiverServerRatis.java:addGroup(864)) - Created group PipelineID=6f4cab86-66d2-4883-8d36-8c08ed623eb2
2024-06-08 17:12:24,191 [b58efb8a-bcce-4b5c-ba4f-ff0c627932bf-groupManagement] WARN  util.FileUtils (LogUtils.java:supplyAndLog(63)) - Failed to Files.newInputStream /home/runner/work/ozone/ozone/hadoop-ozone/integration-test/target/test-dir/MiniOzoneClusterImpl-6b59e386-941c-4981-b753-7806b34dbc05/ozone-meta/datanode-3/ratis/6f4cab86-66d2-4883-8d36-8c08ed623eb2/current/raft-meta.conf with options []: java.nio.file.NoSuchFileException: /home/runner/work/ozone/ozone/hadoop-ozone/integration-test/target/test-dir/MiniOzoneClusterImpl-6b59e386-941c-4981-b753-7806b34dbc05/ozone-meta/datanode-3/ratis/6f4cab86-66d2-4883-8d36-8c08ed623eb2/current/raft-meta.conf
2024-06-08 17:12:24,192 [b58efb8a-bcce-4b5c-ba4f-ff0c627932bf-groupManagement] INFO  ratis.ContainerStateMachine (ContainerStateMachine.java:loadSnapshot(287)) - group-8C08ED623EB2: The snapshot info is null. Setting the last applied index to:(t:0, i:~)
2024-06-08 17:12:24,192 [b58efb8a-bcce-4b5c-ba4f-ff0c627932bf-groupManagement] INFO  server.RaftServerConfigKeys (ConfUtils.java:logGet(46)) - raft.server.log.use.memory = false (default)
2024-06-08 17:12:24,193 [b58efb8a-bcce-4b5c-ba4f-ff0c627932bf-groupManagement] INFO  server.RaftServerConfigKeys (ConfUtils.java:logGet(46)) - raft.server.log.purge.gap = 1000000 (custom)
2024-06-08 17:12:24,193 [b58efb8a-bcce-4b5c-ba4f-ff0c627932bf-groupManagement] INFO  server.RaftServerConfigKeys (ConfUtils.java:logGet(46)) - raft.server.log.appender.buffer.byte-limit = 8388608 (custom)
2024-06-08 17:12:24,193 [b58efb8a-bcce-4b5c-ba4f-ff0c627932bf-groupManagement] INFO  server.RaftServerConfigKeys (ConfUtils.java:logGet(46)) - raft.server.log.statemachine.data.read.timeout = 1000ms (default)
2024-06-08 17:12:24,194 [b58efb8a-bcce-4b5c-ba4f-ff0c627932bf-groupManagement] INFO  server.RaftServerConfigKeys (ConfUtils.java:logGet(46)) - raft.server.log.purge.preservation.log.num = 0 (default)
2024-06-08 17:12:24,195 [b8911061-d087-4ec2-bfc4-9091de9e538b-PipelineCommandHandlerThread-0] INFO  commandhandler.CreatePipelineCommandHandler (CreatePipelineCommandHandler.java:lambda$handle$2(124)) - Created Pipeline RATIS THREE PipelineID=e13792a1-6aeb-4204-ab3e-4bd12810aed6.
2024-06-08 17:12:24,195 [b8911061-d087-4ec2-bfc4-9091de9e538b-PipelineCommandHandlerThread-0] INFO  server.RaftServer (RaftServerProxy.java:addNew(100)) - b8911061-d087-4ec2-bfc4-9091de9e538b: addNew group-8C08ED623EB2:[b8911061-d087-4ec2-bfc4-9091de9e538b|127.0.0.1:15076, e3b50f59-81fe-4964-a90b-c9e3e207dda8|127.0.0.1:15067, b58efb8a-bcce-4b5c-ba4f-ff0c627932bf|127.0.0.1:15085] returns group-8C08ED623EB2:java.util.concurrent.CompletableFuture@374963d0[Not completed]
2024-06-08 17:12:24,196 [b8911061-d087-4ec2-bfc4-9091de9e538b-groupManagement] INFO  server.RaftServer$Division (RaftServerImpl.java:<init>(256)) - b8911061-d087-4ec2-bfc4-9091de9e538b: new RaftServerImpl for group-8C08ED623EB2:[b8911061-d087-4ec2-bfc4-9091de9e538b|127.0.0.1:15076, e3b50f59-81fe-4964-a90b-c9e3e207dda8|127.0.0.1:15067, b58efb8a-bcce-4b5c-ba4f-ff0c627932bf|127.0.0.1:15085] with ContainerStateMachine:uninitialized
2024-06-08 17:12:24,196 [b8911061-d087-4ec2-bfc4-9091de9e538b-groupManagement] INFO  server.RaftServerConfigKeys (ConfUtils.java:logGet(46)) - raft.server.rpc.timeout.min = 5s (custom)
2024-06-08 17:12:24,196 [b8911061-d087-4ec2-bfc4-9091de9e538b-groupManagement] INFO  server.RaftServerConfigKeys (ConfUtils.java:logGet(46)) - raft.server.rpc.timeout.max = 5200ms (custom)
2024-06-08 17:12:24,196 [b8911061-d087-4ec2-bfc4-9091de9e538b-groupManagement] INFO  server.RaftServerConfigKeys (ConfUtils.java:logGet(46)) - raft.server.rpc.sleep.time = 25ms (default)
2024-06-08 17:12:24,197 [b8911061-d087-4ec2-bfc4-9091de9e538b-groupManagement] INFO  server.RaftServerConfigKeys (ConfUtils.java:logGet(46)) - raft.server.rpc.slowness.timeout = 300000ms (custom)
2024-06-08 17:12:24,197 [b8911061-d087-4ec2-bfc4-9091de9e538b-groupManagement] INFO  server.RaftServerConfigKeys (ConfUtils.java:logGet(46)) - raft.server.leaderelection.leader.step-down.wait-time = 10s (default)
2024-06-08 17:12:24,197 [b8911061-d087-4ec2-bfc4-9091de9e538b-groupManagement] INFO  server.RaftServerConfigKeys (ConfUtils.java:logGet(46)) - raft.server.leaderelection.member.majority-add = false (default)
2024-06-08 17:12:24,197 [b8911061-d087-4ec2-bfc4-9091de9e538b-groupManagement] INFO  server.RaftServerConfigKeys (ConfUtils.java:logGet(46)) - raft.server.sleep.deviation.threshold = 300ms (default)
2024-06-08 17:12:24,197 [b8911061-d087-4ec2-bfc4-9091de9e538b-groupManagement] INFO  server.RaftServer$Division (ServerState.java:<init>(113)) - b8911061-d087-4ec2-bfc4-9091de9e538b@group-8C08ED623EB2: ConfigurationManager, init=-1: peers:[b8911061-d087-4ec2-bfc4-9091de9e538b|127.0.0.1:15076, e3b50f59-81fe-4964-a90b-c9e3e207dda8|127.0.0.1:15067, b58efb8a-bcce-4b5c-ba4f-ff0c627932bf|127.0.0.1:15085]|listeners:[], old=null, confs=<EMPTY_MAP>
2024-06-08 17:12:24,197 [b8911061-d087-4ec2-bfc4-9091de9e538b-groupManagement] INFO  server.RaftServerConfigKeys (ConfUtils.java:logGet(46)) - raft.server.notification.no-leader.timeout = 300000ms (custom)
2024-06-08 17:12:24,197 [b8911061-d087-4ec2-bfc4-9091de9e538b-groupManagement] INFO  server.RaftServerConfigKeys (ConfUtils.java:logGet(46)) - raft.server.read.timeout = 10s (default)
2024-06-08 17:12:24,197 [b8911061-d087-4ec2-bfc4-9091de9e538b-groupManagement] INFO  server.RaftServerConfigKeys (ConfUtils.java:logGet(46)) - raft.server.retrycache.expirytime = 600000ms (custom)
2024-06-08 17:12:24,197 [b8911061-d087-4ec2-bfc4-9091de9e538b-groupManagement] INFO  server.RaftServerConfigKeys (ConfUtils.java:logGet(46)) - raft.server.retrycache.statistics.expirytime = 100ms (default)
2024-06-08 17:12:24,197 [EventQueue-OpenPipelineForHealthyPipelineSafeModeRule] INFO  safemode.SCMSafeModeManager (HealthyPipelineSafeModeRule.java:process(140)) - SCM in safe mode. Healthy pipelines reported count is 0, required healthy pipeline reported count is 1
2024-06-08 17:12:24,198 [b8911061-d087-4ec2-bfc4-9091de9e538b-groupManagement] INFO  server.RaftServerConfigKeys (ConfUtils.java:logGet(46)) - raft.server.read.option = DEFAULT (default)
2024-06-08 17:12:24,198 [b8911061-d087-4ec2-bfc4-9091de9e538b-groupManagement] INFO  server.RaftServerConfigKeys (ConfUtils.java:logGet(46)) - raft.server.read.read-after-write-consistent.write-index-cache.expiry-time = 60s (default)
2024-06-08 17:12:24,200 [b8911061-d087-4ec2-bfc4-9091de9e538b-groupManagement] INFO  server.RaftServerConfigKeys (ConfUtils.java:logGet(46)) - raft.server.rpc.request.timeout = 3000ms (default)
2024-06-08 17:12:24,200 [b8911061-d087-4ec2-bfc4-9091de9e538b-groupManagement] INFO  server.RaftServerConfigKeys (ConfUtils.java:logGet(46)) - raft.server.log.appender.install.snapshot.enabled = false (custom)
2024-06-08 17:12:24,200 [b8911061-d087-4ec2-bfc4-9091de9e538b-groupManagement] INFO  server.RaftServerConfigKeys (ConfUtils.java:logGet(46)) - raft.server.threadpool.server.cached = true (default)
2024-06-08 17:12:24,200 [b8911061-d087-4ec2-bfc4-9091de9e538b-groupManagement] INFO  server.RaftServerConfigKeys (ConfUtils.java:logGet(46)) - raft.server.threadpool.server.size = 0 (default)
2024-06-08 17:12:24,200 [b8911061-d087-4ec2-bfc4-9091de9e538b-groupManagement] INFO  server.RaftServerConfigKeys (ConfUtils.java:logGet(46)) - raft.server.threadpool.client.cached = true (default)
2024-06-08 17:12:24,200 [b8911061-d087-4ec2-bfc4-9091de9e538b-groupManagement] INFO  server.RaftServerConfigKeys (ConfUtils.java:logGet(46)) - raft.server.threadpool.client.size = 0 (default)
2024-06-08 17:12:24,200 [b8911061-d087-4ec2-bfc4-9091de9e538b-groupManagement] INFO  server.RaftServerConfigKeys (ConfUtils.java:logGet(46)) - raft.server.storage.free-space.min = 0MB (=0) (default)
2024-06-08 17:12:24,200 [b8911061-d087-4ec2-bfc4-9091de9e538b-groupManagement] INFO  server.RaftServerConfigKeys (ConfUtils.java:logGet(46)) - raft.server.log.corruption.policy = EXCEPTION (default)
2024-06-08 17:12:24,200 [b8911061-d087-4ec2-bfc4-9091de9e538b-groupManagement] INFO  server.RaftServerConfigKeys (ConfUtils.java:logGet(46)) - raft.server.storage.dir = [/home/runner/work/ozone/ozone/hadoop-ozone/integration-test/target/test-dir/MiniOzoneClusterImpl-6b59e386-941c-4981-b753-7806b34dbc05/ozone-meta/datanode-2/ratis] (custom)
2024-06-08 17:12:24,201 [b8911061-d087-4ec2-bfc4-9091de9e538b-groupManagement] INFO  storage.RaftStorageDirectory (RaftStorageDirectoryImpl.java:analyzeStorage(138)) - The storage directory /home/runner/work/ozone/ozone/hadoop-ozone/integration-test/target/test-dir/MiniOzoneClusterImpl-6b59e386-941c-4981-b753-7806b34dbc05/ozone-meta/datanode-2/ratis/6f4cab86-66d2-4883-8d36-8c08ed623eb2 does not exist. Creating ...
2024-06-08 17:12:24,202 [b58efb8a-bcce-4b5c-ba4f-ff0c627932bf-groupManagement] INFO  server.RaftServerConfigKeys (ConfUtils.java:logGet(46)) - raft.server.log.segment.size.max = 67108864 (custom)
2024-06-08 17:12:24,202 [b8911061-d087-4ec2-bfc4-9091de9e538b-groupManagement] INFO  storage.RaftStorageDirectory (RaftStorageDirectoryImpl.java:tryLock(228)) - Lock on /home/runner/work/ozone/ozone/hadoop-ozone/integration-test/target/test-dir/MiniOzoneClusterImpl-6b59e386-941c-4981-b753-7806b34dbc05/ozone-meta/datanode-2/ratis/6f4cab86-66d2-4883-8d36-8c08ed623eb2/in_use.lock acquired by nodename 19691@fv-az1025-916
2024-06-08 17:12:24,203 [b58efb8a-bcce-4b5c-ba4f-ff0c627932bf-groupManagement] INFO  server.RaftServerConfigKeys (ConfUtils.java:logGet(46)) - raft.server.log.segment.cache.num.max = 2 (custom)
2024-06-08 17:12:24,204 [b8911061-d087-4ec2-bfc4-9091de9e538b-groupManagement] INFO  storage.RaftStorage (RaftStorageImpl.java:format(99)) - Storage directory /home/runner/work/ozone/ozone/hadoop-ozone/integration-test/target/test-dir/MiniOzoneClusterImpl-6b59e386-941c-4981-b753-7806b34dbc05/ozone-meta/datanode-2/ratis/6f4cab86-66d2-4883-8d36-8c08ed623eb2 has been successfully formatted.
2024-06-08 17:12:24,204 [b8911061-d087-4ec2-bfc4-9091de9e538b-groupManagement] WARN  util.FileUtils (LogUtils.java:supplyAndLog(63)) - Failed to Files.newInputStream /home/runner/work/ozone/ozone/hadoop-ozone/integration-test/target/test-dir/MiniOzoneClusterImpl-6b59e386-941c-4981-b753-7806b34dbc05/ozone-meta/datanode-2/ratis/6f4cab86-66d2-4883-8d36-8c08ed623eb2/current/raft-meta.conf with options []: java.nio.file.NoSuchFileException: /home/runner/work/ozone/ozone/hadoop-ozone/integration-test/target/test-dir/MiniOzoneClusterImpl-6b59e386-941c-4981-b753-7806b34dbc05/ozone-meta/datanode-2/ratis/6f4cab86-66d2-4883-8d36-8c08ed623eb2/current/raft-meta.conf
2024-06-08 17:12:24,205 [b8911061-d087-4ec2-bfc4-9091de9e538b-groupManagement] INFO  ratis.ContainerStateMachine (ContainerStateMachine.java:loadSnapshot(287)) - group-8C08ED623EB2: The snapshot info is null. Setting the last applied index to:(t:0, i:~)
2024-06-08 17:12:24,205 [b8911061-d087-4ec2-bfc4-9091de9e538b-groupManagement] INFO  server.RaftServerConfigKeys (ConfUtils.java:logGet(46)) - raft.server.log.use.memory = false (default)
2024-06-08 17:12:24,206 [b8911061-d087-4ec2-bfc4-9091de9e538b-groupManagement] INFO  server.RaftServerConfigKeys (ConfUtils.java:logGet(46)) - raft.server.log.purge.gap = 1000000 (custom)
2024-06-08 17:12:24,206 [b8911061-d087-4ec2-bfc4-9091de9e538b-groupManagement] INFO  server.RaftServerConfigKeys (ConfUtils.java:logGet(46)) - raft.server.log.appender.buffer.byte-limit = 8388608 (custom)
2024-06-08 17:12:24,206 [EventQueue-OpenPipelineForHealthyPipelineSafeModeRule] INFO  safemode.SCMSafeModeManager (HealthyPipelineSafeModeRule.java:process(140)) - SCM in safe mode. Healthy pipelines reported count is 0, required healthy pipeline reported count is 1
2024-06-08 17:12:24,207 [b8911061-d087-4ec2-bfc4-9091de9e538b-groupManagement] INFO  server.RaftServerConfigKeys (ConfUtils.java:logGet(46)) - raft.server.log.statemachine.data.read.timeout = 1000ms (default)
2024-06-08 17:12:24,208 [b8911061-d087-4ec2-bfc4-9091de9e538b-groupManagement] INFO  server.RaftServerConfigKeys (ConfUtils.java:logGet(46)) - raft.server.log.purge.preservation.log.num = 0 (default)
2024-06-08 17:12:24,209 [b8911061-d087-4ec2-bfc4-9091de9e538b-groupManagement] INFO  server.RaftServerConfigKeys (ConfUtils.java:logGet(46)) - raft.server.log.segment.size.max = 67108864 (custom)
2024-06-08 17:12:24,210 [b8911061-d087-4ec2-bfc4-9091de9e538b-groupManagement] INFO  server.RaftServerConfigKeys (ConfUtils.java:logGet(46)) - raft.server.log.segment.cache.num.max = 2 (custom)
2024-06-08 17:12:24,210 [b8911061-d087-4ec2-bfc4-9091de9e538b-groupManagement] INFO  server.RaftServerConfigKeys (ConfUtils.java:logGet(46)) - raft.server.log.segment.cache.size.max = 200MB (=209715200) (default)
2024-06-08 17:12:24,210 [b58efb8a-bcce-4b5c-ba4f-ff0c627932bf-groupManagement] INFO  server.RaftServerConfigKeys (ConfUtils.java:logGet(46)) - raft.server.log.segment.cache.size.max = 200MB (=209715200) (default)
2024-06-08 17:12:24,211 [b58efb8a-bcce-4b5c-ba4f-ff0c627932bf-groupManagement] INFO  server.RaftServerConfigKeys (ConfUtils.java:logGet(46)) - raft.server.log.appender.buffer.byte-limit = 8388608 (custom)
2024-06-08 17:12:24,210 [b8911061-d087-4ec2-bfc4-9091de9e538b-groupManagement] INFO  server.RaftServerConfigKeys (ConfUtils.java:logGet(46)) - raft.server.log.appender.buffer.byte-limit = 8388608 (custom)
2024-06-08 17:12:24,213 [b58efb8a-bcce-4b5c-ba4f-ff0c627932bf-groupManagement] INFO  util.AwaitToRun (AwaitToRun.java:start(81)) - Thread[b58efb8a-bcce-4b5c-ba4f-ff0c627932bf@group-8C08ED623EB2-cacheEviction-AwaitToRun,5,main] started
2024-06-08 17:12:24,213 [b8911061-d087-4ec2-bfc4-9091de9e538b-groupManagement] INFO  util.AwaitToRun (AwaitToRun.java:start(81)) - Thread[b8911061-d087-4ec2-bfc4-9091de9e538b@group-8C08ED623EB2-cacheEviction-AwaitToRun,5,main] started
2024-06-08 17:12:24,213 [b58efb8a-bcce-4b5c-ba4f-ff0c627932bf-groupManagement] INFO  segmented.SegmentedRaftLogWorker (SegmentedRaftLogWorker.java:<init>(182)) - new b58efb8a-bcce-4b5c-ba4f-ff0c627932bf@group-8C08ED623EB2-SegmentedRaftLogWorker for RaftStorageImpl:Storage Directory /home/runner/work/ozone/ozone/hadoop-ozone/integration-test/target/test-dir/MiniOzoneClusterImpl-6b59e386-941c-4981-b753-7806b34dbc05/ozone-meta/datanode-3/ratis/6f4cab86-66d2-4883-8d36-8c08ed623eb2
2024-06-08 17:12:24,213 [b58efb8a-bcce-4b5c-ba4f-ff0c627932bf-groupManagement] INFO  server.RaftServerConfigKeys (ConfUtils.java:logGet(46)) - raft.server.log.queue.byte-limit = 4294967296 (custom)
2024-06-08 17:12:24,214 [b58efb8a-bcce-4b5c-ba4f-ff0c627932bf-groupManagement] INFO  server.RaftServerConfigKeys (ConfUtils.java:logGet(46)) - raft.server.log.queue.element-limit = 1024 (custom)
2024-06-08 17:12:24,214 [b58efb8a-bcce-4b5c-ba4f-ff0c627932bf-groupManagement] INFO  server.RaftServerConfigKeys (ConfUtils.java:logGet(46)) - raft.server.log.segment.size.max = 67108864 (custom)
2024-06-08 17:12:24,214 [b58efb8a-bcce-4b5c-ba4f-ff0c627932bf-groupManagement] INFO  server.RaftServerConfigKeys (ConfUtils.java:logGet(46)) - raft.server.log.preallocated.size = 4194304 (custom)
2024-06-08 17:12:24,214 [5b9ea29f-4e96-47ac-97d6-33d0cc39064b-PipelineCommandHandlerThread-0] INFO  server.RaftServer (RaftServerProxy.java:addNew(100)) - 5b9ea29f-4e96-47ac-97d6-33d0cc39064b: addNew group-C6684CF3AB6D:[5b9ea29f-4e96-47ac-97d6-33d0cc39064b|127.0.0.1:15094] returns group-C6684CF3AB6D:java.util.concurrent.CompletableFuture@439aead2[Not completed]
2024-06-08 17:12:24,214 [b58efb8a-bcce-4b5c-ba4f-ff0c627932bf-groupManagement] INFO  server.RaftServerConfigKeys (ConfUtils.java:logGet(46)) - raft.server.log.force.sync.num = 128 (default)
2024-06-08 17:12:24,214 [b58efb8a-bcce-4b5c-ba4f-ff0c627932bf-groupManagement] INFO  server.RaftServerConfigKeys (ConfUtils.java:logGet(46)) - raft.server.log.statemachine.data.sync = true (default)
2024-06-08 17:12:24,214 [b58efb8a-bcce-4b5c-ba4f-ff0c627932bf-groupManagement] INFO  server.RaftServerConfigKeys (ConfUtils.java:logGet(46)) - raft.server.log.statemachine.data.sync.timeout = 10s (default)
2024-06-08 17:12:24,214 [b58efb8a-bcce-4b5c-ba4f-ff0c627932bf-groupManagement] INFO  server.RaftServerConfigKeys (ConfUtils.java:logGet(46)) - raft.server.log.statemachine.data.sync.timeout.retry = 30 (custom)
2024-06-08 17:12:24,214 [b58efb8a-bcce-4b5c-ba4f-ff0c627932bf-groupManagement] INFO  server.RaftServerConfigKeys (ConfUtils.java:logGet(46)) - raft.server.log.write.buffer.size = 8388616 (custom)
2024-06-08 17:12:24,214 [b8911061-d087-4ec2-bfc4-9091de9e538b-groupManagement] INFO  segmented.SegmentedRaftLogWorker (SegmentedRaftLogWorker.java:<init>(182)) - new b8911061-d087-4ec2-bfc4-9091de9e538b@group-8C08ED623EB2-SegmentedRaftLogWorker for RaftStorageImpl:Storage Directory /home/runner/work/ozone/ozone/hadoop-ozone/integration-test/target/test-dir/MiniOzoneClusterImpl-6b59e386-941c-4981-b753-7806b34dbc05/ozone-meta/datanode-2/ratis/6f4cab86-66d2-4883-8d36-8c08ed623eb2
2024-06-08 17:12:24,214 [b8911061-d087-4ec2-bfc4-9091de9e538b-groupManagement] INFO  server.RaftServerConfigKeys (ConfUtils.java:logGet(46)) - raft.server.log.queue.byte-limit = 4294967296 (custom)
2024-06-08 17:12:24,214 [b8911061-d087-4ec2-bfc4-9091de9e538b-groupManagement] INFO  server.RaftServerConfigKeys (ConfUtils.java:logGet(46)) - raft.server.log.queue.element-limit = 1024 (custom)
2024-06-08 17:12:24,214 [b8911061-d087-4ec2-bfc4-9091de9e538b-groupManagement] INFO  server.RaftServerConfigKeys (ConfUtils.java:logGet(46)) - raft.server.log.segment.size.max = 67108864 (custom)
2024-06-08 17:12:24,214 [b8911061-d087-4ec2-bfc4-9091de9e538b-groupManagement] INFO  server.RaftServerConfigKeys (ConfUtils.java:logGet(46)) - raft.server.log.preallocated.size = 4194304 (custom)
2024-06-08 17:12:24,214 [b8911061-d087-4ec2-bfc4-9091de9e538b-groupManagement] INFO  server.RaftServerConfigKeys (ConfUtils.java:logGet(46)) - raft.server.log.force.sync.num = 128 (default)
2024-06-08 17:12:24,215 [b8911061-d087-4ec2-bfc4-9091de9e538b-groupManagement] INFO  server.RaftServerConfigKeys (ConfUtils.java:logGet(46)) - raft.server.log.statemachine.data.sync = true (default)
2024-06-08 17:12:24,215 [b8911061-d087-4ec2-bfc4-9091de9e538b-groupManagement] INFO  server.RaftServerConfigKeys (ConfUtils.java:logGet(46)) - raft.server.log.statemachine.data.sync.timeout = 10s (default)
2024-06-08 17:12:24,215 [b8911061-d087-4ec2-bfc4-9091de9e538b-groupManagement] INFO  server.RaftServerConfigKeys (ConfUtils.java:logGet(46)) - raft.server.log.statemachine.data.sync.timeout.retry = 30 (custom)
2024-06-08 17:12:24,215 [b8911061-d087-4ec2-bfc4-9091de9e538b-groupManagement] INFO  server.RaftServerConfigKeys (ConfUtils.java:logGet(46)) - raft.server.log.write.buffer.size = 8388616 (custom)
2024-06-08 17:12:24,216 [b8911061-d087-4ec2-bfc4-9091de9e538b-groupManagement] INFO  server.RaftServerConfigKeys (ConfUtils.java:logGet(46)) - raft.server.log.appender.buffer.byte-limit = 8388608 (custom)
2024-06-08 17:12:24,216 [b8911061-d087-4ec2-bfc4-9091de9e538b-groupManagement] INFO  server.RaftServerConfigKeys (ConfUtils.java:logGet(46)) - raft.server.log.unsafe-flush.enabled = false (default)
2024-06-08 17:12:24,216 [b8911061-d087-4ec2-bfc4-9091de9e538b-groupManagement] INFO  server.RaftServerConfigKeys (ConfUtils.java:logGet(46)) - raft.server.log.async-flush.enabled = false (default)
2024-06-08 17:12:24,216 [b58efb8a-bcce-4b5c-ba4f-ff0c627932bf-groupManagement] INFO  server.RaftServerConfigKeys (ConfUtils.java:logGet(46)) - raft.server.log.appender.buffer.byte-limit = 8388608 (custom)
2024-06-08 17:12:24,216 [b8911061-d087-4ec2-bfc4-9091de9e538b-groupManagement] INFO  server.RaftServerConfigKeys (ConfUtils.java:logGet(46)) - raft.server.log.statemachine.data.caching.enabled = true (custom)
2024-06-08 17:12:24,216 [b8911061-d087-4ec2-bfc4-9091de9e538b-groupManagement] INFO  segmented.SegmentedRaftLogWorker (SegmentedRaftLogWorker.java:lambda$new$0(134)) - b8911061-d087-4ec2-bfc4-9091de9e538b@group-8C08ED623EB2-SegmentedRaftLogWorker: flushIndex: setUnconditionally 0 -> -1
2024-06-08 17:12:24,217 [b8911061-d087-4ec2-bfc4-9091de9e538b-groupManagement] INFO  segmented.SegmentedRaftLogWorker (SegmentedRaftLogWorker.java:lambda$new$0(134)) - b8911061-d087-4ec2-bfc4-9091de9e538b@group-8C08ED623EB2-SegmentedRaftLogWorker: safeCacheEvictIndex: setUnconditionally 0 -> -1
2024-06-08 17:12:24,217 [b58efb8a-bcce-4b5c-ba4f-ff0c627932bf-groupManagement] INFO  server.RaftServerConfigKeys (ConfUtils.java:logGet(46)) - raft.server.log.unsafe-flush.enabled = false (default)
2024-06-08 17:12:24,217 [b58efb8a-bcce-4b5c-ba4f-ff0c627932bf-groupManagement] INFO  server.RaftServerConfigKeys (ConfUtils.java:logGet(46)) - raft.server.log.async-flush.enabled = false (default)
2024-06-08 17:12:24,217 [b58efb8a-bcce-4b5c-ba4f-ff0c627932bf-groupManagement] INFO  server.RaftServerConfigKeys (ConfUtils.java:logGet(46)) - raft.server.log.statemachine.data.caching.enabled = true (custom)
2024-06-08 17:12:24,217 [b58efb8a-bcce-4b5c-ba4f-ff0c627932bf-groupManagement] INFO  segmented.SegmentedRaftLogWorker (SegmentedRaftLogWorker.java:lambda$new$0(134)) - b58efb8a-bcce-4b5c-ba4f-ff0c627932bf@group-8C08ED623EB2-SegmentedRaftLogWorker: flushIndex: setUnconditionally 0 -> -1
2024-06-08 17:12:24,217 [b58efb8a-bcce-4b5c-ba4f-ff0c627932bf-groupManagement] INFO  segmented.SegmentedRaftLogWorker (SegmentedRaftLogWorker.java:lambda$new$0(134)) - b58efb8a-bcce-4b5c-ba4f-ff0c627932bf@group-8C08ED623EB2-SegmentedRaftLogWorker: safeCacheEvictIndex: setUnconditionally 0 -> -1
2024-06-08 17:12:24,217 [b8911061-d087-4ec2-bfc4-9091de9e538b-groupManagement] INFO  server.RaftServer$Division (RaftServerImpl.java:start(396)) - b8911061-d087-4ec2-bfc4-9091de9e538b@group-8C08ED623EB2: start as a follower, conf=-1: peers:[b8911061-d087-4ec2-bfc4-9091de9e538b|127.0.0.1:15076, e3b50f59-81fe-4964-a90b-c9e3e207dda8|127.0.0.1:15067, b58efb8a-bcce-4b5c-ba4f-ff0c627932bf|127.0.0.1:15085]|listeners:[], old=null
2024-06-08 17:12:24,217 [b8911061-d087-4ec2-bfc4-9091de9e538b-groupManagement] INFO  server.RaftServer$Division (RaftServerImpl.java:setRole(383)) - b8911061-d087-4ec2-bfc4-9091de9e538b@group-8C08ED623EB2: changes role from      null to FOLLOWER at term 0 for startAsFollower
2024-06-08 17:12:24,217 [b8911061-d087-4ec2-bfc4-9091de9e538b-groupManagement] INFO  impl.RoleInfo (RoleInfo.java:updateAndGet(139)) - b8911061-d087-4ec2-bfc4-9091de9e538b: start b8911061-d087-4ec2-bfc4-9091de9e538b@group-8C08ED623EB2-FollowerState
2024-06-08 17:12:24,217 [b8911061-d087-4ec2-bfc4-9091de9e538b-groupManagement] INFO  util.JmxRegister (JmxRegister.java:tryRegister(44)) - Successfully registered JMX Bean with object name Ratis:service=RaftServer,group=group-8C08ED623EB2,id=b8911061-d087-4ec2-bfc4-9091de9e538b
2024-06-08 17:12:24,218 [b8911061-d087-4ec2-bfc4-9091de9e538b-groupManagement] INFO  server.RaftServerConfigKeys (ConfUtils.java:logGet(46)) - raft.server.snapshot.trigger-when-stop.enabled = true (default)
2024-06-08 17:12:24,218 [b8911061-d087-4ec2-bfc4-9091de9e538b-groupManagement] INFO  server.RaftServerConfigKeys (ConfUtils.java:logGet(46)) - raft.server.snapshot.auto.trigger.enabled = true (custom)
2024-06-08 17:12:24,218 [b8911061-d087-4ec2-bfc4-9091de9e538b-groupManagement] INFO  server.RaftServerConfigKeys (ConfUtils.java:logGet(46)) - raft.server.snapshot.auto.trigger.threshold = 10000 (custom)
2024-06-08 17:12:24,218 [b8911061-d087-4ec2-bfc4-9091de9e538b-groupManagement] INFO  server.RaftServerConfigKeys (ConfUtils.java:logGet(46)) - raft.server.snapshot.retention.file.num = 5 (custom)
2024-06-08 17:12:24,218 [b8911061-d087-4ec2-bfc4-9091de9e538b-groupManagement] INFO  server.RaftServerConfigKeys (ConfUtils.java:logGet(46)) - raft.server.log.purge.upto.snapshot.index = false (default)
2024-06-08 17:12:24,218 [b8911061-d087-4ec2-bfc4-9091de9e538b@group-8C08ED623EB2-FollowerState] INFO  server.RaftServerConfigKeys (ConfUtils.java:logFallback(53)) - raft.server.rpc.first-election.timeout.min = 5s (fallback to raft.server.rpc.timeout.min)
2024-06-08 17:12:24,218 [b8911061-d087-4ec2-bfc4-9091de9e538b@group-8C08ED623EB2-FollowerState] INFO  server.RaftServerConfigKeys (ConfUtils.java:logFallback(53)) - raft.server.rpc.first-election.timeout.max = 5200ms (fallback to raft.server.rpc.timeout.max)
2024-06-08 17:12:24,219 [b8911061-d087-4ec2-bfc4-9091de9e538b-PipelineCommandHandlerThread-0] INFO  ratis.XceiverServerRatis (XceiverServerRatis.java:addGroup(864)) - Created group PipelineID=6f4cab86-66d2-4883-8d36-8c08ed623eb2
2024-06-08 17:12:24,223 [b58efb8a-bcce-4b5c-ba4f-ff0c627932bf-groupManagement] INFO  server.RaftServer$Division (RaftServerImpl.java:start(396)) - b58efb8a-bcce-4b5c-ba4f-ff0c627932bf@group-8C08ED623EB2: start as a follower, conf=-1: peers:[b8911061-d087-4ec2-bfc4-9091de9e538b|127.0.0.1:15076, e3b50f59-81fe-4964-a90b-c9e3e207dda8|127.0.0.1:15067, b58efb8a-bcce-4b5c-ba4f-ff0c627932bf|127.0.0.1:15085]|listeners:[], old=null
2024-06-08 17:12:24,224 [b58efb8a-bcce-4b5c-ba4f-ff0c627932bf-groupManagement] INFO  server.RaftServer$Division (RaftServerImpl.java:setRole(383)) - b58efb8a-bcce-4b5c-ba4f-ff0c627932bf@group-8C08ED623EB2: changes role from      null to FOLLOWER at term 0 for startAsFollower
2024-06-08 17:12:24,224 [b58efb8a-bcce-4b5c-ba4f-ff0c627932bf-groupManagement] INFO  impl.RoleInfo (RoleInfo.java:updateAndGet(139)) - b58efb8a-bcce-4b5c-ba4f-ff0c627932bf: start b58efb8a-bcce-4b5c-ba4f-ff0c627932bf@group-8C08ED623EB2-FollowerState
2024-06-08 17:12:24,224 [5b9ea29f-4e96-47ac-97d6-33d0cc39064b-groupManagement] INFO  server.RaftServer$Division (RaftServerImpl.java:<init>(256)) - 5b9ea29f-4e96-47ac-97d6-33d0cc39064b: new RaftServerImpl for group-C6684CF3AB6D:[5b9ea29f-4e96-47ac-97d6-33d0cc39064b|127.0.0.1:15094] with ContainerStateMachine:uninitialized
2024-06-08 17:12:24,224 [5b9ea29f-4e96-47ac-97d6-33d0cc39064b-groupManagement] INFO  server.RaftServerConfigKeys (ConfUtils.java:logGet(46)) - raft.server.rpc.timeout.min = 5s (custom)
2024-06-08 17:12:24,224 [5b9ea29f-4e96-47ac-97d6-33d0cc39064b-groupManagement] INFO  server.RaftServerConfigKeys (ConfUtils.java:logGet(46)) - raft.server.rpc.timeout.max = 5200ms (custom)
2024-06-08 17:12:24,224 [5b9ea29f-4e96-47ac-97d6-33d0cc39064b-groupManagement] INFO  server.RaftServerConfigKeys (ConfUtils.java:logGet(46)) - raft.server.rpc.sleep.time = 25ms (default)
2024-06-08 17:12:24,225 [5b9ea29f-4e96-47ac-97d6-33d0cc39064b-groupManagement] INFO  server.RaftServerConfigKeys (ConfUtils.java:logGet(46)) - raft.server.rpc.slowness.timeout = 300000ms (custom)
2024-06-08 17:12:24,225 [5b9ea29f-4e96-47ac-97d6-33d0cc39064b-groupManagement] INFO  server.RaftServerConfigKeys (ConfUtils.java:logGet(46)) - raft.server.leaderelection.leader.step-down.wait-time = 10s (default)
2024-06-08 17:12:24,225 [5b9ea29f-4e96-47ac-97d6-33d0cc39064b-groupManagement] INFO  server.RaftServerConfigKeys (ConfUtils.java:logGet(46)) - raft.server.leaderelection.member.majority-add = false (default)
2024-06-08 17:12:24,225 [5b9ea29f-4e96-47ac-97d6-33d0cc39064b-groupManagement] INFO  server.RaftServerConfigKeys (ConfUtils.java:logGet(46)) - raft.server.sleep.deviation.threshold = 300ms (default)
2024-06-08 17:12:24,225 [5b9ea29f-4e96-47ac-97d6-33d0cc39064b-groupManagement] INFO  server.RaftServer$Division (ServerState.java:<init>(113)) - 5b9ea29f-4e96-47ac-97d6-33d0cc39064b@group-C6684CF3AB6D: ConfigurationManager, init=-1: peers:[5b9ea29f-4e96-47ac-97d6-33d0cc39064b|127.0.0.1:15094]|listeners:[], old=null, confs=<EMPTY_MAP>
2024-06-08 17:12:24,226 [5b9ea29f-4e96-47ac-97d6-33d0cc39064b-groupManagement] INFO  server.RaftServerConfigKeys (ConfUtils.java:logGet(46)) - raft.server.notification.no-leader.timeout = 300000ms (custom)
2024-06-08 17:12:24,226 [5b9ea29f-4e96-47ac-97d6-33d0cc39064b-groupManagement] INFO  server.RaftServerConfigKeys (ConfUtils.java:logGet(46)) - raft.server.read.timeout = 10s (default)
2024-06-08 17:12:24,226 [5b9ea29f-4e96-47ac-97d6-33d0cc39064b-groupManagement] INFO  server.RaftServerConfigKeys (ConfUtils.java:logGet(46)) - raft.server.retrycache.expirytime = 600000ms (custom)
2024-06-08 17:12:24,226 [5b9ea29f-4e96-47ac-97d6-33d0cc39064b-groupManagement] INFO  server.RaftServerConfigKeys (ConfUtils.java:logGet(46)) - raft.server.retrycache.statistics.expirytime = 100ms (default)
2024-06-08 17:12:24,226 [5b9ea29f-4e96-47ac-97d6-33d0cc39064b-groupManagement] INFO  server.RaftServerConfigKeys (ConfUtils.java:logGet(46)) - raft.server.read.option = DEFAULT (default)
2024-06-08 17:12:24,226 [5b9ea29f-4e96-47ac-97d6-33d0cc39064b-groupManagement] INFO  server.RaftServerConfigKeys (ConfUtils.java:logGet(46)) - raft.server.read.read-after-write-consistent.write-index-cache.expiry-time = 60s (default)
2024-06-08 17:12:24,230 [5b9ea29f-4e96-47ac-97d6-33d0cc39064b-groupManagement] INFO  server.RaftServerConfigKeys (ConfUtils.java:logGet(46)) - raft.server.rpc.request.timeout = 3000ms (default)
2024-06-08 17:12:24,230 [5b9ea29f-4e96-47ac-97d6-33d0cc39064b-groupManagement] INFO  server.RaftServerConfigKeys (ConfUtils.java:logGet(46)) - raft.server.log.appender.install.snapshot.enabled = false (custom)
2024-06-08 17:12:24,230 [5b9ea29f-4e96-47ac-97d6-33d0cc39064b-groupManagement] INFO  server.RaftServerConfigKeys (ConfUtils.java:logGet(46)) - raft.server.threadpool.server.cached = true (default)
2024-06-08 17:12:24,230 [5b9ea29f-4e96-47ac-97d6-33d0cc39064b-groupManagement] INFO  server.RaftServerConfigKeys (ConfUtils.java:logGet(46)) - raft.server.threadpool.server.size = 0 (default)
2024-06-08 17:12:24,230 [5b9ea29f-4e96-47ac-97d6-33d0cc39064b-groupManagement] INFO  server.RaftServerConfigKeys (ConfUtils.java:logGet(46)) - raft.server.threadpool.client.cached = true (default)
2024-06-08 17:12:24,230 [5b9ea29f-4e96-47ac-97d6-33d0cc39064b-groupManagement] INFO  server.RaftServerConfigKeys (ConfUtils.java:logGet(46)) - raft.server.threadpool.client.size = 0 (default)
2024-06-08 17:12:24,230 [5b9ea29f-4e96-47ac-97d6-33d0cc39064b-groupManagement] INFO  server.RaftServerConfigKeys (ConfUtils.java:logGet(46)) - raft.server.storage.free-space.min = 0MB (=0) (default)
2024-06-08 17:12:24,230 [5b9ea29f-4e96-47ac-97d6-33d0cc39064b-groupManagement] INFO  server.RaftServerConfigKeys (ConfUtils.java:logGet(46)) - raft.server.log.corruption.policy = EXCEPTION (default)
2024-06-08 17:12:24,230 [5b9ea29f-4e96-47ac-97d6-33d0cc39064b-groupManagement] INFO  server.RaftServerConfigKeys (ConfUtils.java:logGet(46)) - raft.server.storage.dir = [/home/runner/work/ozone/ozone/hadoop-ozone/integration-test/target/test-dir/MiniOzoneClusterImpl-6b59e386-941c-4981-b753-7806b34dbc05/ozone-meta/datanode-4/ratis] (custom)
2024-06-08 17:12:24,231 [5b9ea29f-4e96-47ac-97d6-33d0cc39064b-groupManagement] INFO  storage.RaftStorageDirectory (RaftStorageDirectoryImpl.java:analyzeStorage(138)) - The storage directory /home/runner/work/ozone/ozone/hadoop-ozone/integration-test/target/test-dir/MiniOzoneClusterImpl-6b59e386-941c-4981-b753-7806b34dbc05/ozone-meta/datanode-4/ratis/f0608596-fc8d-4645-a226-c6684cf3ab6d does not exist. Creating ...
2024-06-08 17:12:24,230 [b58efb8a-bcce-4b5c-ba4f-ff0c627932bf-groupManagement] INFO  util.JmxRegister (JmxRegister.java:tryRegister(44)) - Successfully registered JMX Bean with object name Ratis:service=RaftServer,group=group-8C08ED623EB2,id=b58efb8a-bcce-4b5c-ba4f-ff0c627932bf
2024-06-08 17:12:24,231 [b58efb8a-bcce-4b5c-ba4f-ff0c627932bf-groupManagement] INFO  server.RaftServerConfigKeys (ConfUtils.java:logGet(46)) - raft.server.snapshot.trigger-when-stop.enabled = true (default)
2024-06-08 17:12:24,231 [b58efb8a-bcce-4b5c-ba4f-ff0c627932bf-groupManagement] INFO  server.RaftServerConfigKeys (ConfUtils.java:logGet(46)) - raft.server.snapshot.auto.trigger.enabled = true (custom)
2024-06-08 17:12:24,231 [b58efb8a-bcce-4b5c-ba4f-ff0c627932bf-groupManagement] INFO  server.RaftServerConfigKeys (ConfUtils.java:logGet(46)) - raft.server.snapshot.auto.trigger.threshold = 10000 (custom)
2024-06-08 17:12:24,231 [b58efb8a-bcce-4b5c-ba4f-ff0c627932bf-groupManagement] INFO  server.RaftServerConfigKeys (ConfUtils.java:logGet(46)) - raft.server.snapshot.retention.file.num = 5 (custom)
2024-06-08 17:12:24,231 [b58efb8a-bcce-4b5c-ba4f-ff0c627932bf-groupManagement] INFO  server.RaftServerConfigKeys (ConfUtils.java:logGet(46)) - raft.server.log.purge.upto.snapshot.index = false (default)
2024-06-08 17:12:24,232 [b58efb8a-bcce-4b5c-ba4f-ff0c627932bf@group-8C08ED623EB2-FollowerState] INFO  server.RaftServerConfigKeys (ConfUtils.java:logFallback(53)) - raft.server.rpc.first-election.timeout.min = 5s (fallback to raft.server.rpc.timeout.min)
2024-06-08 17:12:24,233 [b58efb8a-bcce-4b5c-ba4f-ff0c627932bf@group-8C08ED623EB2-FollowerState] INFO  server.RaftServerConfigKeys (ConfUtils.java:logFallback(53)) - raft.server.rpc.first-election.timeout.max = 5200ms (fallback to raft.server.rpc.timeout.max)
2024-06-08 17:12:24,233 [b58efb8a-bcce-4b5c-ba4f-ff0c627932bf-PipelineCommandHandlerThread-0] INFO  ratis.XceiverServerRatis (XceiverServerRatis.java:addGroup(864)) - Created group PipelineID=6f4cab86-66d2-4883-8d36-8c08ed623eb2
2024-06-08 17:12:24,232 [5b9ea29f-4e96-47ac-97d6-33d0cc39064b-groupManagement] INFO  storage.RaftStorageDirectory (RaftStorageDirectoryImpl.java:tryLock(228)) - Lock on /home/runner/work/ozone/ozone/hadoop-ozone/integration-test/target/test-dir/MiniOzoneClusterImpl-6b59e386-941c-4981-b753-7806b34dbc05/ozone-meta/datanode-4/ratis/f0608596-fc8d-4645-a226-c6684cf3ab6d/in_use.lock acquired by nodename 19691@fv-az1025-916
2024-06-08 17:12:24,240 [5b9ea29f-4e96-47ac-97d6-33d0cc39064b-groupManagement] INFO  storage.RaftStorage (RaftStorageImpl.java:format(99)) - Storage directory /home/runner/work/ozone/ozone/hadoop-ozone/integration-test/target/test-dir/MiniOzoneClusterImpl-6b59e386-941c-4981-b753-7806b34dbc05/ozone-meta/datanode-4/ratis/f0608596-fc8d-4645-a226-c6684cf3ab6d has been successfully formatted.
2024-06-08 17:12:24,240 [5b9ea29f-4e96-47ac-97d6-33d0cc39064b-groupManagement] WARN  util.FileUtils (LogUtils.java:supplyAndLog(63)) - Failed to Files.newInputStream /home/runner/work/ozone/ozone/hadoop-ozone/integration-test/target/test-dir/MiniOzoneClusterImpl-6b59e386-941c-4981-b753-7806b34dbc05/ozone-meta/datanode-4/ratis/f0608596-fc8d-4645-a226-c6684cf3ab6d/current/raft-meta.conf with options []: java.nio.file.NoSuchFileException: /home/runner/work/ozone/ozone/hadoop-ozone/integration-test/target/test-dir/MiniOzoneClusterImpl-6b59e386-941c-4981-b753-7806b34dbc05/ozone-meta/datanode-4/ratis/f0608596-fc8d-4645-a226-c6684cf3ab6d/current/raft-meta.conf
2024-06-08 17:12:24,240 [5b9ea29f-4e96-47ac-97d6-33d0cc39064b-groupManagement] INFO  ratis.ContainerStateMachine (ContainerStateMachine.java:loadSnapshot(287)) - group-C6684CF3AB6D: The snapshot info is null. Setting the last applied index to:(t:0, i:~)
2024-06-08 17:12:24,240 [5b9ea29f-4e96-47ac-97d6-33d0cc39064b-groupManagement] INFO  server.RaftServerConfigKeys (ConfUtils.java:logGet(46)) - raft.server.log.use.memory = false (default)
2024-06-08 17:12:24,240 [5b9ea29f-4e96-47ac-97d6-33d0cc39064b-groupManagement] INFO  server.RaftServerConfigKeys (ConfUtils.java:logGet(46)) - raft.server.log.purge.gap = 1000000 (custom)
2024-06-08 17:12:24,240 [5b9ea29f-4e96-47ac-97d6-33d0cc39064b-groupManagement] INFO  server.RaftServerConfigKeys (ConfUtils.java:logGet(46)) - raft.server.log.appender.buffer.byte-limit = 8388608 (custom)
2024-06-08 17:12:24,240 [5b9ea29f-4e96-47ac-97d6-33d0cc39064b-groupManagement] INFO  server.RaftServerConfigKeys (ConfUtils.java:logGet(46)) - raft.server.log.statemachine.data.read.timeout = 1000ms (default)
2024-06-08 17:12:24,240 [5b9ea29f-4e96-47ac-97d6-33d0cc39064b-groupManagement] INFO  server.RaftServerConfigKeys (ConfUtils.java:logGet(46)) - raft.server.log.purge.preservation.log.num = 0 (default)
2024-06-08 17:12:24,241 [5b9ea29f-4e96-47ac-97d6-33d0cc39064b-groupManagement] INFO  server.RaftServerConfigKeys (ConfUtils.java:logGet(46)) - raft.server.log.segment.size.max = 67108864 (custom)
2024-06-08 17:12:24,242 [5b9ea29f-4e96-47ac-97d6-33d0cc39064b-groupManagement] INFO  server.RaftServerConfigKeys (ConfUtils.java:logGet(46)) - raft.server.log.segment.cache.num.max = 2 (custom)
2024-06-08 17:12:24,242 [5b9ea29f-4e96-47ac-97d6-33d0cc39064b-groupManagement] INFO  server.RaftServerConfigKeys (ConfUtils.java:logGet(46)) - raft.server.log.segment.cache.size.max = 200MB (=209715200) (default)
2024-06-08 17:12:24,242 [5b9ea29f-4e96-47ac-97d6-33d0cc39064b-groupManagement] INFO  server.RaftServerConfigKeys (ConfUtils.java:logGet(46)) - raft.server.log.appender.buffer.byte-limit = 8388608 (custom)
2024-06-08 17:12:24,242 [5b9ea29f-4e96-47ac-97d6-33d0cc39064b-groupManagement] INFO  util.AwaitToRun (AwaitToRun.java:start(81)) - Thread[5b9ea29f-4e96-47ac-97d6-33d0cc39064b@group-C6684CF3AB6D-cacheEviction-AwaitToRun,5,main] started
2024-06-08 17:12:24,242 [5b9ea29f-4e96-47ac-97d6-33d0cc39064b-groupManagement] INFO  segmented.SegmentedRaftLogWorker (SegmentedRaftLogWorker.java:<init>(182)) - new 5b9ea29f-4e96-47ac-97d6-33d0cc39064b@group-C6684CF3AB6D-SegmentedRaftLogWorker for RaftStorageImpl:Storage Directory /home/runner/work/ozone/ozone/hadoop-ozone/integration-test/target/test-dir/MiniOzoneClusterImpl-6b59e386-941c-4981-b753-7806b34dbc05/ozone-meta/datanode-4/ratis/f0608596-fc8d-4645-a226-c6684cf3ab6d
2024-06-08 17:12:24,242 [5b9ea29f-4e96-47ac-97d6-33d0cc39064b-groupManagement] INFO  server.RaftServerConfigKeys (ConfUtils.java:logGet(46)) - raft.server.log.queue.byte-limit = 4294967296 (custom)
2024-06-08 17:12:24,242 [5b9ea29f-4e96-47ac-97d6-33d0cc39064b-groupManagement] INFO  server.RaftServerConfigKeys (ConfUtils.java:logGet(46)) - raft.server.log.queue.element-limit = 1024 (custom)
2024-06-08 17:12:24,242 [EventQueue-PipelineReportForPipelineReportHandler] INFO  pipeline.PipelineReportHandler (PipelineReportHandler.java:processPipelineReport(136)) - Opened pipeline PipelineID=f0608596-fc8d-4645-a226-c6684cf3ab6d
2024-06-08 17:12:24,242 [5b9ea29f-4e96-47ac-97d6-33d0cc39064b-groupManagement] INFO  server.RaftServerConfigKeys (ConfUtils.java:logGet(46)) - raft.server.log.segment.size.max = 67108864 (custom)
2024-06-08 17:12:24,242 [EventQueue-OpenPipelineForHealthyPipelineSafeModeRule] INFO  safemode.SCMSafeModeManager (HealthyPipelineSafeModeRule.java:process(140)) - SCM in safe mode. Healthy pipelines reported count is 0, required healthy pipeline reported count is 1
2024-06-08 17:12:24,242 [5b9ea29f-4e96-47ac-97d6-33d0cc39064b-groupManagement] INFO  server.RaftServerConfigKeys (ConfUtils.java:logGet(46)) - raft.server.log.preallocated.size = 4194304 (custom)
2024-06-08 17:12:24,242 [5b9ea29f-4e96-47ac-97d6-33d0cc39064b-groupManagement] INFO  server.RaftServerConfigKeys (ConfUtils.java:logGet(46)) - raft.server.log.force.sync.num = 128 (default)
2024-06-08 17:12:24,242 [5b9ea29f-4e96-47ac-97d6-33d0cc39064b-groupManagement] INFO  server.RaftServerConfigKeys (ConfUtils.java:logGet(46)) - raft.server.log.statemachine.data.sync = true (default)
2024-06-08 17:12:24,243 [5b9ea29f-4e96-47ac-97d6-33d0cc39064b-groupManagement] INFO  server.RaftServerConfigKeys (ConfUtils.java:logGet(46)) - raft.server.log.statemachine.data.sync.timeout = 10s (default)
2024-06-08 17:12:24,243 [5b9ea29f-4e96-47ac-97d6-33d0cc39064b-groupManagement] INFO  server.RaftServerConfigKeys (ConfUtils.java:logGet(46)) - raft.server.log.statemachine.data.sync.timeout.retry = 30 (custom)
2024-06-08 17:12:24,243 [5b9ea29f-4e96-47ac-97d6-33d0cc39064b-groupManagement] INFO  server.RaftServerConfigKeys (ConfUtils.java:logGet(46)) - raft.server.log.write.buffer.size = 8388616 (custom)
2024-06-08 17:12:24,245 [5b9ea29f-4e96-47ac-97d6-33d0cc39064b-groupManagement] INFO  server.RaftServerConfigKeys (ConfUtils.java:logGet(46)) - raft.server.log.appender.buffer.byte-limit = 8388608 (custom)
2024-06-08 17:12:24,245 [5b9ea29f-4e96-47ac-97d6-33d0cc39064b-groupManagement] INFO  server.RaftServerConfigKeys (ConfUtils.java:logGet(46)) - raft.server.log.unsafe-flush.enabled = false (default)
2024-06-08 17:12:24,245 [5b9ea29f-4e96-47ac-97d6-33d0cc39064b-groupManagement] INFO  server.RaftServerConfigKeys (ConfUtils.java:logGet(46)) - raft.server.log.async-flush.enabled = false (default)
2024-06-08 17:12:24,246 [5b9ea29f-4e96-47ac-97d6-33d0cc39064b-groupManagement] INFO  server.RaftServerConfigKeys (ConfUtils.java:logGet(46)) - raft.server.log.statemachine.data.caching.enabled = true (custom)
2024-06-08 17:12:24,246 [5b9ea29f-4e96-47ac-97d6-33d0cc39064b-groupManagement] INFO  segmented.SegmentedRaftLogWorker (SegmentedRaftLogWorker.java:lambda$new$0(134)) - 5b9ea29f-4e96-47ac-97d6-33d0cc39064b@group-C6684CF3AB6D-SegmentedRaftLogWorker: flushIndex: setUnconditionally 0 -> -1
2024-06-08 17:12:24,246 [5b9ea29f-4e96-47ac-97d6-33d0cc39064b-groupManagement] INFO  segmented.SegmentedRaftLogWorker (SegmentedRaftLogWorker.java:lambda$new$0(134)) - 5b9ea29f-4e96-47ac-97d6-33d0cc39064b@group-C6684CF3AB6D-SegmentedRaftLogWorker: safeCacheEvictIndex: setUnconditionally 0 -> -1
2024-06-08 17:12:24,247 [e3b50f59-81fe-4964-a90b-c9e3e207dda8-PipelineCommandHandlerThread-0] INFO  commandhandler.CreatePipelineCommandHandler (CreatePipelineCommandHandler.java:lambda$handle$2(124)) - Created Pipeline RATIS THREE PipelineID=6f4cab86-66d2-4883-8d36-8c08ed623eb2.
2024-06-08 17:12:24,251 [4a3afcc0-0f17-4502-9539-e074401f0f0d-PipelineCommandHandlerThread-0] INFO  server.RaftServer (RaftServerProxy.java:addNew(100)) - 4a3afcc0-0f17-4502-9539-e074401f0f0d: addNew group-8A0B6D5C64A2:[4a3afcc0-0f17-4502-9539-e074401f0f0d|127.0.0.1:15103] returns group-8A0B6D5C64A2:java.util.concurrent.CompletableFuture@29b82db8[Not completed]
2024-06-08 17:12:24,251 [main] INFO  ozone.MiniOzoneClusterImpl (MiniOzoneClusterImpl.java:lambda$waitForClusterToBeReady$0(194)) - Nodes are ready. Got 5 of 5 DN Heartbeats.
2024-06-08 17:12:24,252 [main] INFO  ozone.MiniOzoneClusterImpl (MiniOzoneClusterImpl.java:lambda$waitForClusterToBeReady$0(197)) - Waiting for cluster to exit safe mode
2024-06-08 17:12:24,252 [main] INFO  ozone.MiniOzoneClusterImpl (MiniOzoneClusterImpl.java:lambda$waitForClusterToBeReady$0(199)) - SCM became leader
2024-06-08 17:12:24,252 [4a3afcc0-0f17-4502-9539-e074401f0f0d-groupManagement] INFO  server.RaftServer$Division (RaftServerImpl.java:<init>(256)) - 4a3afcc0-0f17-4502-9539-e074401f0f0d: new RaftServerImpl for group-8A0B6D5C64A2:[4a3afcc0-0f17-4502-9539-e074401f0f0d|127.0.0.1:15103] with ContainerStateMachine:uninitialized
2024-06-08 17:12:24,252 [4a3afcc0-0f17-4502-9539-e074401f0f0d-groupManagement] INFO  server.RaftServerConfigKeys (ConfUtils.java:logGet(46)) - raft.server.rpc.timeout.min = 5s (custom)
2024-06-08 17:12:24,253 [4a3afcc0-0f17-4502-9539-e074401f0f0d-groupManagement] INFO  server.RaftServerConfigKeys (ConfUtils.java:logGet(46)) - raft.server.rpc.timeout.max = 5200ms (custom)
2024-06-08 17:12:24,253 [4a3afcc0-0f17-4502-9539-e074401f0f0d-groupManagement] INFO  server.RaftServerConfigKeys (ConfUtils.java:logGet(46)) - raft.server.rpc.sleep.time = 25ms (default)
2024-06-08 17:12:24,253 [4a3afcc0-0f17-4502-9539-e074401f0f0d-groupManagement] INFO  server.RaftServerConfigKeys (ConfUtils.java:logGet(46)) - raft.server.rpc.slowness.timeout = 300000ms (custom)
2024-06-08 17:12:24,253 [4a3afcc0-0f17-4502-9539-e074401f0f0d-groupManagement] INFO  server.RaftServerConfigKeys (ConfUtils.java:logGet(46)) - raft.server.leaderelection.leader.step-down.wait-time = 10s (default)
2024-06-08 17:12:24,254 [4a3afcc0-0f17-4502-9539-e074401f0f0d-groupManagement] INFO  server.RaftServerConfigKeys (ConfUtils.java:logGet(46)) - raft.server.leaderelection.member.majority-add = false (default)
2024-06-08 17:12:24,254 [4a3afcc0-0f17-4502-9539-e074401f0f0d-groupManagement] INFO  server.RaftServerConfigKeys (ConfUtils.java:logGet(46)) - raft.server.sleep.deviation.threshold = 300ms (default)
2024-06-08 17:12:24,254 [4a3afcc0-0f17-4502-9539-e074401f0f0d-groupManagement] INFO  server.RaftServer$Division (ServerState.java:<init>(113)) - 4a3afcc0-0f17-4502-9539-e074401f0f0d@group-8A0B6D5C64A2: ConfigurationManager, init=-1: peers:[4a3afcc0-0f17-4502-9539-e074401f0f0d|127.0.0.1:15103]|listeners:[], old=null, confs=<EMPTY_MAP>
2024-06-08 17:12:24,254 [4a3afcc0-0f17-4502-9539-e074401f0f0d-groupManagement] INFO  server.RaftServerConfigKeys (ConfUtils.java:logGet(46)) - raft.server.notification.no-leader.timeout = 300000ms (custom)
2024-06-08 17:12:24,255 [4a3afcc0-0f17-4502-9539-e074401f0f0d-groupManagement] INFO  server.RaftServerConfigKeys (ConfUtils.java:logGet(46)) - raft.server.read.timeout = 10s (default)
2024-06-08 17:12:24,255 [4a3afcc0-0f17-4502-9539-e074401f0f0d-groupManagement] INFO  server.RaftServerConfigKeys (ConfUtils.java:logGet(46)) - raft.server.retrycache.expirytime = 600000ms (custom)
2024-06-08 17:12:24,255 [4a3afcc0-0f17-4502-9539-e074401f0f0d-groupManagement] INFO  server.RaftServerConfigKeys (ConfUtils.java:logGet(46)) - raft.server.retrycache.statistics.expirytime = 100ms (default)
2024-06-08 17:12:24,256 [4a3afcc0-0f17-4502-9539-e074401f0f0d-groupManagement] INFO  server.RaftServerConfigKeys (ConfUtils.java:logGet(46)) - raft.server.read.option = DEFAULT (default)
2024-06-08 17:12:24,256 [4a3afcc0-0f17-4502-9539-e074401f0f0d-groupManagement] INFO  server.RaftServerConfigKeys (ConfUtils.java:logGet(46)) - raft.server.read.read-after-write-consistent.write-index-cache.expiry-time = 60s (default)
2024-06-08 17:12:24,257 [4a3afcc0-0f17-4502-9539-e074401f0f0d-groupManagement] INFO  server.RaftServerConfigKeys (ConfUtils.java:logGet(46)) - raft.server.rpc.request.timeout = 3000ms (default)
2024-06-08 17:12:24,257 [4a3afcc0-0f17-4502-9539-e074401f0f0d-groupManagement] INFO  server.RaftServerConfigKeys (ConfUtils.java:logGet(46)) - raft.server.log.appender.install.snapshot.enabled = false (custom)
2024-06-08 17:12:24,258 [4a3afcc0-0f17-4502-9539-e074401f0f0d-groupManagement] INFO  server.RaftServerConfigKeys (ConfUtils.java:logGet(46)) - raft.server.threadpool.server.cached = true (default)
2024-06-08 17:12:24,258 [4a3afcc0-0f17-4502-9539-e074401f0f0d-groupManagement] INFO  server.RaftServerConfigKeys (ConfUtils.java:logGet(46)) - raft.server.threadpool.server.size = 0 (default)
2024-06-08 17:12:24,258 [4a3afcc0-0f17-4502-9539-e074401f0f0d-groupManagement] INFO  server.RaftServerConfigKeys (ConfUtils.java:logGet(46)) - raft.server.threadpool.client.cached = true (default)
2024-06-08 17:12:24,259 [4a3afcc0-0f17-4502-9539-e074401f0f0d-groupManagement] INFO  server.RaftServerConfigKeys (ConfUtils.java:logGet(46)) - raft.server.threadpool.client.size = 0 (default)
2024-06-08 17:12:24,259 [4a3afcc0-0f17-4502-9539-e074401f0f0d-groupManagement] INFO  server.RaftServerConfigKeys (ConfUtils.java:logGet(46)) - raft.server.storage.free-space.min = 0MB (=0) (default)
2024-06-08 17:12:24,259 [4a3afcc0-0f17-4502-9539-e074401f0f0d-groupManagement] INFO  server.RaftServerConfigKeys (ConfUtils.java:logGet(46)) - raft.server.log.corruption.policy = EXCEPTION (default)
2024-06-08 17:12:24,260 [4a3afcc0-0f17-4502-9539-e074401f0f0d-groupManagement] INFO  server.RaftServerConfigKeys (ConfUtils.java:logGet(46)) - raft.server.storage.dir = [/home/runner/work/ozone/ozone/hadoop-ozone/integration-test/target/test-dir/MiniOzoneClusterImpl-6b59e386-941c-4981-b753-7806b34dbc05/ozone-meta/datanode-5/ratis] (custom)
2024-06-08 17:12:24,260 [4a3afcc0-0f17-4502-9539-e074401f0f0d-groupManagement] INFO  storage.RaftStorageDirectory (RaftStorageDirectoryImpl.java:analyzeStorage(138)) - The storage directory /home/runner/work/ozone/ozone/hadoop-ozone/integration-test/target/test-dir/MiniOzoneClusterImpl-6b59e386-941c-4981-b753-7806b34dbc05/ozone-meta/datanode-5/ratis/946f1e2e-5507-4a76-834f-8a0b6d5c64a2 does not exist. Creating ...
2024-06-08 17:12:24,261 [b8911061-d087-4ec2-bfc4-9091de9e538b-PipelineCommandHandlerThread-0] INFO  commandhandler.CreatePipelineCommandHandler (CreatePipelineCommandHandler.java:lambda$handle$2(124)) - Created Pipeline RATIS THREE PipelineID=6f4cab86-66d2-4883-8d36-8c08ed623eb2.
2024-06-08 17:12:24,261 [5b9ea29f-4e96-47ac-97d6-33d0cc39064b-groupManagement] INFO  server.RaftServer$Division (RaftServerImpl.java:start(396)) - 5b9ea29f-4e96-47ac-97d6-33d0cc39064b@group-C6684CF3AB6D: start as a follower, conf=-1: peers:[5b9ea29f-4e96-47ac-97d6-33d0cc39064b|127.0.0.1:15094]|listeners:[], old=null
2024-06-08 17:12:24,261 [5b9ea29f-4e96-47ac-97d6-33d0cc39064b-groupManagement] INFO  server.RaftServer$Division (RaftServerImpl.java:setRole(383)) - 5b9ea29f-4e96-47ac-97d6-33d0cc39064b@group-C6684CF3AB6D: changes role from      null to FOLLOWER at term 0 for startAsFollower
2024-06-08 17:12:24,261 [5b9ea29f-4e96-47ac-97d6-33d0cc39064b-groupManagement] INFO  impl.RoleInfo (RoleInfo.java:updateAndGet(139)) - 5b9ea29f-4e96-47ac-97d6-33d0cc39064b: start 5b9ea29f-4e96-47ac-97d6-33d0cc39064b@group-C6684CF3AB6D-FollowerState
2024-06-08 17:12:24,262 [5b9ea29f-4e96-47ac-97d6-33d0cc39064b@group-C6684CF3AB6D-FollowerState] INFO  server.RaftServerConfigKeys (ConfUtils.java:logFallback(53)) - raft.server.rpc.first-election.timeout.min = 5s (fallback to raft.server.rpc.timeout.min)
2024-06-08 17:12:24,262 [5b9ea29f-4e96-47ac-97d6-33d0cc39064b@group-C6684CF3AB6D-FollowerState] INFO  server.RaftServerConfigKeys (ConfUtils.java:logFallback(53)) - raft.server.rpc.first-election.timeout.max = 5200ms (fallback to raft.server.rpc.timeout.max)
2024-06-08 17:12:24,262 [5b9ea29f-4e96-47ac-97d6-33d0cc39064b-groupManagement] INFO  util.JmxRegister (JmxRegister.java:tryRegister(44)) - Successfully registered JMX Bean with object name Ratis:service=RaftServer,group=group-C6684CF3AB6D,id=5b9ea29f-4e96-47ac-97d6-33d0cc39064b
2024-06-08 17:12:24,262 [5b9ea29f-4e96-47ac-97d6-33d0cc39064b-groupManagement] INFO  server.RaftServerConfigKeys (ConfUtils.java:logGet(46)) - raft.server.snapshot.trigger-when-stop.enabled = true (default)
2024-06-08 17:12:24,262 [5b9ea29f-4e96-47ac-97d6-33d0cc39064b-groupManagement] INFO  server.RaftServerConfigKeys (ConfUtils.java:logGet(46)) - raft.server.snapshot.auto.trigger.enabled = true (custom)
2024-06-08 17:12:24,262 [5b9ea29f-4e96-47ac-97d6-33d0cc39064b-groupManagement] INFO  server.RaftServerConfigKeys (ConfUtils.java:logGet(46)) - raft.server.snapshot.auto.trigger.threshold = 10000 (custom)
2024-06-08 17:12:24,262 [5b9ea29f-4e96-47ac-97d6-33d0cc39064b-groupManagement] INFO  server.RaftServerConfigKeys (ConfUtils.java:logGet(46)) - raft.server.snapshot.retention.file.num = 5 (custom)
2024-06-08 17:12:24,262 [5b9ea29f-4e96-47ac-97d6-33d0cc39064b-groupManagement] INFO  server.RaftServerConfigKeys (ConfUtils.java:logGet(46)) - raft.server.log.purge.upto.snapshot.index = false (default)
2024-06-08 17:12:24,262 [5b9ea29f-4e96-47ac-97d6-33d0cc39064b-PipelineCommandHandlerThread-0] INFO  ratis.XceiverServerRatis (XceiverServerRatis.java:addGroup(864)) - Created group PipelineID=f0608596-fc8d-4645-a226-c6684cf3ab6d
2024-06-08 17:12:24,263 [5b9ea29f-4e96-47ac-97d6-33d0cc39064b-PipelineCommandHandlerThread-0] INFO  commandhandler.CreatePipelineCommandHandler (CreatePipelineCommandHandler.java:lambda$handle$2(124)) - Created Pipeline RATIS ONE PipelineID=f0608596-fc8d-4645-a226-c6684cf3ab6d.
2024-06-08 17:12:24,263 [4a3afcc0-0f17-4502-9539-e074401f0f0d-groupManagement] INFO  storage.RaftStorageDirectory (RaftStorageDirectoryImpl.java:tryLock(228)) - Lock on /home/runner/work/ozone/ozone/hadoop-ozone/integration-test/target/test-dir/MiniOzoneClusterImpl-6b59e386-941c-4981-b753-7806b34dbc05/ozone-meta/datanode-5/ratis/946f1e2e-5507-4a76-834f-8a0b6d5c64a2/in_use.lock acquired by nodename 19691@fv-az1025-916
2024-06-08 17:12:24,264 [4a3afcc0-0f17-4502-9539-e074401f0f0d-groupManagement] INFO  storage.RaftStorage (RaftStorageImpl.java:format(99)) - Storage directory /home/runner/work/ozone/ozone/hadoop-ozone/integration-test/target/test-dir/MiniOzoneClusterImpl-6b59e386-941c-4981-b753-7806b34dbc05/ozone-meta/datanode-5/ratis/946f1e2e-5507-4a76-834f-8a0b6d5c64a2 has been successfully formatted.
2024-06-08 17:12:24,264 [4a3afcc0-0f17-4502-9539-e074401f0f0d-groupManagement] WARN  util.FileUtils (LogUtils.java:supplyAndLog(63)) - Failed to Files.newInputStream /home/runner/work/ozone/ozone/hadoop-ozone/integration-test/target/test-dir/MiniOzoneClusterImpl-6b59e386-941c-4981-b753-7806b34dbc05/ozone-meta/datanode-5/ratis/946f1e2e-5507-4a76-834f-8a0b6d5c64a2/current/raft-meta.conf with options []: java.nio.file.NoSuchFileException: /home/runner/work/ozone/ozone/hadoop-ozone/integration-test/target/test-dir/MiniOzoneClusterImpl-6b59e386-941c-4981-b753-7806b34dbc05/ozone-meta/datanode-5/ratis/946f1e2e-5507-4a76-834f-8a0b6d5c64a2/current/raft-meta.conf
2024-06-08 17:12:24,264 [4a3afcc0-0f17-4502-9539-e074401f0f0d-groupManagement] INFO  ratis.ContainerStateMachine (ContainerStateMachine.java:loadSnapshot(287)) - group-8A0B6D5C64A2: The snapshot info is null. Setting the last applied index to:(t:0, i:~)
2024-06-08 17:12:24,264 [4a3afcc0-0f17-4502-9539-e074401f0f0d-groupManagement] INFO  server.RaftServerConfigKeys (ConfUtils.java:logGet(46)) - raft.server.log.use.memory = false (default)
2024-06-08 17:12:24,264 [4a3afcc0-0f17-4502-9539-e074401f0f0d-groupManagement] INFO  server.RaftServerConfigKeys (ConfUtils.java:logGet(46)) - raft.server.log.purge.gap = 1000000 (custom)
2024-06-08 17:12:24,264 [4a3afcc0-0f17-4502-9539-e074401f0f0d-groupManagement] INFO  server.RaftServerConfigKeys (ConfUtils.java:logGet(46)) - raft.server.log.appender.buffer.byte-limit = 8388608 (custom)
2024-06-08 17:12:24,264 [4a3afcc0-0f17-4502-9539-e074401f0f0d-groupManagement] INFO  server.RaftServerConfigKeys (ConfUtils.java:logGet(46)) - raft.server.log.statemachine.data.read.timeout = 1000ms (default)
2024-06-08 17:12:24,264 [4a3afcc0-0f17-4502-9539-e074401f0f0d-groupManagement] INFO  server.RaftServerConfigKeys (ConfUtils.java:logGet(46)) - raft.server.log.purge.preservation.log.num = 0 (default)
2024-06-08 17:12:24,265 [4a3afcc0-0f17-4502-9539-e074401f0f0d-groupManagement] INFO  server.RaftServerConfigKeys (ConfUtils.java:logGet(46)) - raft.server.log.segment.size.max = 67108864 (custom)
2024-06-08 17:12:24,265 [4a3afcc0-0f17-4502-9539-e074401f0f0d-groupManagement] INFO  server.RaftServerConfigKeys (ConfUtils.java:logGet(46)) - raft.server.log.segment.cache.num.max = 2 (custom)
2024-06-08 17:12:24,265 [4a3afcc0-0f17-4502-9539-e074401f0f0d-groupManagement] INFO  server.RaftServerConfigKeys (ConfUtils.java:logGet(46)) - raft.server.log.segment.cache.size.max = 200MB (=209715200) (default)
2024-06-08 17:12:24,265 [4a3afcc0-0f17-4502-9539-e074401f0f0d-groupManagement] INFO  server.RaftServerConfigKeys (ConfUtils.java:logGet(46)) - raft.server.log.appender.buffer.byte-limit = 8388608 (custom)
2024-06-08 17:12:24,266 [EventQueue-PipelineReportForPipelineReportHandler] INFO  pipeline.PipelineReportHandler (PipelineReportHandler.java:processPipelineReport(136)) - Opened pipeline PipelineID=946f1e2e-5507-4a76-834f-8a0b6d5c64a2
2024-06-08 17:12:24,266 [EventQueue-OpenPipelineForHealthyPipelineSafeModeRule] INFO  safemode.SCMSafeModeManager (HealthyPipelineSafeModeRule.java:process(140)) - SCM in safe mode. Healthy pipelines reported count is 0, required healthy pipeline reported count is 1
2024-06-08 17:12:24,266 [4a3afcc0-0f17-4502-9539-e074401f0f0d-groupManagement] INFO  util.AwaitToRun (AwaitToRun.java:start(81)) - Thread[4a3afcc0-0f17-4502-9539-e074401f0f0d@group-8A0B6D5C64A2-cacheEviction-AwaitToRun,5,main] started
2024-06-08 17:12:24,266 [4a3afcc0-0f17-4502-9539-e074401f0f0d-groupManagement] INFO  segmented.SegmentedRaftLogWorker (SegmentedRaftLogWorker.java:<init>(182)) - new 4a3afcc0-0f17-4502-9539-e074401f0f0d@group-8A0B6D5C64A2-SegmentedRaftLogWorker for RaftStorageImpl:Storage Directory /home/runner/work/ozone/ozone/hadoop-ozone/integration-test/target/test-dir/MiniOzoneClusterImpl-6b59e386-941c-4981-b753-7806b34dbc05/ozone-meta/datanode-5/ratis/946f1e2e-5507-4a76-834f-8a0b6d5c64a2
2024-06-08 17:12:24,266 [4a3afcc0-0f17-4502-9539-e074401f0f0d-groupManagement] INFO  server.RaftServerConfigKeys (ConfUtils.java:logGet(46)) - raft.server.log.queue.byte-limit = 4294967296 (custom)
2024-06-08 17:12:24,266 [4a3afcc0-0f17-4502-9539-e074401f0f0d-groupManagement] INFO  server.RaftServerConfigKeys (ConfUtils.java:logGet(46)) - raft.server.log.queue.element-limit = 1024 (custom)
2024-06-08 17:12:24,266 [4a3afcc0-0f17-4502-9539-e074401f0f0d-groupManagement] INFO  server.RaftServerConfigKeys (ConfUtils.java:logGet(46)) - raft.server.log.segment.size.max = 67108864 (custom)
2024-06-08 17:12:24,266 [4a3afcc0-0f17-4502-9539-e074401f0f0d-groupManagement] INFO  server.RaftServerConfigKeys (ConfUtils.java:logGet(46)) - raft.server.log.preallocated.size = 4194304 (custom)
2024-06-08 17:12:24,266 [4a3afcc0-0f17-4502-9539-e074401f0f0d-groupManagement] INFO  server.RaftServerConfigKeys (ConfUtils.java:logGet(46)) - raft.server.log.force.sync.num = 128 (default)
2024-06-08 17:12:24,266 [4a3afcc0-0f17-4502-9539-e074401f0f0d-groupManagement] INFO  server.RaftServerConfigKeys (ConfUtils.java:logGet(46)) - raft.server.log.statemachine.data.sync = true (default)
2024-06-08 17:12:24,266 [4a3afcc0-0f17-4502-9539-e074401f0f0d-groupManagement] INFO  server.RaftServerConfigKeys (ConfUtils.java:logGet(46)) - raft.server.log.statemachine.data.sync.timeout = 10s (default)
2024-06-08 17:12:24,266 [4a3afcc0-0f17-4502-9539-e074401f0f0d-groupManagement] INFO  server.RaftServerConfigKeys (ConfUtils.java:logGet(46)) - raft.server.log.statemachine.data.sync.timeout.retry = 30 (custom)
2024-06-08 17:12:24,267 [4a3afcc0-0f17-4502-9539-e074401f0f0d-groupManagement] INFO  server.RaftServerConfigKeys (ConfUtils.java:logGet(46)) - raft.server.log.write.buffer.size = 8388616 (custom)
2024-06-08 17:12:24,268 [4a3afcc0-0f17-4502-9539-e074401f0f0d-groupManagement] INFO  server.RaftServerConfigKeys (ConfUtils.java:logGet(46)) - raft.server.log.appender.buffer.byte-limit = 8388608 (custom)
2024-06-08 17:12:24,268 [4a3afcc0-0f17-4502-9539-e074401f0f0d-groupManagement] INFO  server.RaftServerConfigKeys (ConfUtils.java:logGet(46)) - raft.server.log.unsafe-flush.enabled = false (default)
2024-06-08 17:12:24,268 [4a3afcc0-0f17-4502-9539-e074401f0f0d-groupManagement] INFO  server.RaftServerConfigKeys (ConfUtils.java:logGet(46)) - raft.server.log.async-flush.enabled = false (default)
2024-06-08 17:12:24,268 [4a3afcc0-0f17-4502-9539-e074401f0f0d-groupManagement] INFO  server.RaftServerConfigKeys (ConfUtils.java:logGet(46)) - raft.server.log.statemachine.data.caching.enabled = true (custom)
2024-06-08 17:12:24,268 [4a3afcc0-0f17-4502-9539-e074401f0f0d-groupManagement] INFO  segmented.SegmentedRaftLogWorker (SegmentedRaftLogWorker.java:lambda$new$0(134)) - 4a3afcc0-0f17-4502-9539-e074401f0f0d@group-8A0B6D5C64A2-SegmentedRaftLogWorker: flushIndex: setUnconditionally 0 -> -1
2024-06-08 17:12:24,268 [4a3afcc0-0f17-4502-9539-e074401f0f0d-groupManagement] INFO  segmented.SegmentedRaftLogWorker (SegmentedRaftLogWorker.java:lambda$new$0(134)) - 4a3afcc0-0f17-4502-9539-e074401f0f0d@group-8A0B6D5C64A2-SegmentedRaftLogWorker: safeCacheEvictIndex: setUnconditionally 0 -> -1
2024-06-08 17:12:24,268 [4a3afcc0-0f17-4502-9539-e074401f0f0d-groupManagement] INFO  server.RaftServer$Division (RaftServerImpl.java:start(396)) - 4a3afcc0-0f17-4502-9539-e074401f0f0d@group-8A0B6D5C64A2: start as a follower, conf=-1: peers:[4a3afcc0-0f17-4502-9539-e074401f0f0d|127.0.0.1:15103]|listeners:[], old=null
2024-06-08 17:12:24,268 [4a3afcc0-0f17-4502-9539-e074401f0f0d-groupManagement] INFO  server.RaftServer$Division (RaftServerImpl.java:setRole(383)) - 4a3afcc0-0f17-4502-9539-e074401f0f0d@group-8A0B6D5C64A2: changes role from      null to FOLLOWER at term 0 for startAsFollower
2024-06-08 17:12:24,269 [4a3afcc0-0f17-4502-9539-e074401f0f0d-groupManagement] INFO  impl.RoleInfo (RoleInfo.java:updateAndGet(139)) - 4a3afcc0-0f17-4502-9539-e074401f0f0d: start 4a3afcc0-0f17-4502-9539-e074401f0f0d@group-8A0B6D5C64A2-FollowerState
2024-06-08 17:12:24,269 [4a3afcc0-0f17-4502-9539-e074401f0f0d@group-8A0B6D5C64A2-FollowerState] INFO  server.RaftServerConfigKeys (ConfUtils.java:logFallback(53)) - raft.server.rpc.first-election.timeout.min = 5s (fallback to raft.server.rpc.timeout.min)
2024-06-08 17:12:24,269 [4a3afcc0-0f17-4502-9539-e074401f0f0d-groupManagement] INFO  util.JmxRegister (JmxRegister.java:tryRegister(44)) - Successfully registered JMX Bean with object name Ratis:service=RaftServer,group=group-8A0B6D5C64A2,id=4a3afcc0-0f17-4502-9539-e074401f0f0d
2024-06-08 17:12:24,269 [4a3afcc0-0f17-4502-9539-e074401f0f0d-groupManagement] INFO  server.RaftServerConfigKeys (ConfUtils.java:logGet(46)) - raft.server.snapshot.trigger-when-stop.enabled = true (default)
2024-06-08 17:12:24,269 [4a3afcc0-0f17-4502-9539-e074401f0f0d-groupManagement] INFO  server.RaftServerConfigKeys (ConfUtils.java:logGet(46)) - raft.server.snapshot.auto.trigger.enabled = true (custom)
2024-06-08 17:12:24,269 [4a3afcc0-0f17-4502-9539-e074401f0f0d-groupManagement] INFO  server.RaftServerConfigKeys (ConfUtils.java:logGet(46)) - raft.server.snapshot.auto.trigger.threshold = 10000 (custom)
2024-06-08 17:12:24,269 [4a3afcc0-0f17-4502-9539-e074401f0f0d-groupManagement] INFO  server.RaftServerConfigKeys (ConfUtils.java:logGet(46)) - raft.server.snapshot.retention.file.num = 5 (custom)
2024-06-08 17:12:24,269 [4a3afcc0-0f17-4502-9539-e074401f0f0d-groupManagement] INFO  server.RaftServerConfigKeys (ConfUtils.java:logGet(46)) - raft.server.log.purge.upto.snapshot.index = false (default)
2024-06-08 17:12:24,269 [4a3afcc0-0f17-4502-9539-e074401f0f0d@group-8A0B6D5C64A2-FollowerState] INFO  server.RaftServerConfigKeys (ConfUtils.java:logFallback(53)) - raft.server.rpc.first-election.timeout.max = 5200ms (fallback to raft.server.rpc.timeout.max)
2024-06-08 17:12:24,269 [4a3afcc0-0f17-4502-9539-e074401f0f0d-PipelineCommandHandlerThread-0] INFO  ratis.XceiverServerRatis (XceiverServerRatis.java:addGroup(864)) - Created group PipelineID=946f1e2e-5507-4a76-834f-8a0b6d5c64a2
2024-06-08 17:12:24,270 [4a3afcc0-0f17-4502-9539-e074401f0f0d-PipelineCommandHandlerThread-0] INFO  commandhandler.CreatePipelineCommandHandler (CreatePipelineCommandHandler.java:lambda$handle$2(124)) - Created Pipeline RATIS ONE PipelineID=946f1e2e-5507-4a76-834f-8a0b6d5c64a2.
2024-06-08 17:12:24,270 [b58efb8a-bcce-4b5c-ba4f-ff0c627932bf-PipelineCommandHandlerThread-0] INFO  commandhandler.CreatePipelineCommandHandler (CreatePipelineCommandHandler.java:lambda$handle$2(124)) - Created Pipeline RATIS THREE PipelineID=6f4cab86-66d2-4883-8d36-8c08ed623eb2.
2024-06-08 17:12:25,252 [main] INFO  ozone.MiniOzoneClusterImpl (MiniOzoneClusterImpl.java:lambda$waitForClusterToBeReady$0(194)) - Nodes are ready. Got 5 of 5 DN Heartbeats.
2024-06-08 17:12:25,252 [main] INFO  ozone.MiniOzoneClusterImpl (MiniOzoneClusterImpl.java:lambda$waitForClusterToBeReady$0(197)) - Waiting for cluster to exit safe mode
2024-06-08 17:12:25,252 [main] INFO  ozone.MiniOzoneClusterImpl (MiniOzoneClusterImpl.java:lambda$waitForClusterToBeReady$0(199)) - SCM became leader
2024-06-08 17:12:26,252 [main] INFO  ozone.MiniOzoneClusterImpl (MiniOzoneClusterImpl.java:lambda$waitForClusterToBeReady$0(194)) - Nodes are ready. Got 5 of 5 DN Heartbeats.
2024-06-08 17:12:26,253 [main] INFO  ozone.MiniOzoneClusterImpl (MiniOzoneClusterImpl.java:lambda$waitForClusterToBeReady$0(197)) - Waiting for cluster to exit safe mode
2024-06-08 17:12:26,253 [main] INFO  ozone.MiniOzoneClusterImpl (MiniOzoneClusterImpl.java:lambda$waitForClusterToBeReady$0(199)) - SCM became leader
2024-06-08 17:12:27,253 [main] INFO  ozone.MiniOzoneClusterImpl (MiniOzoneClusterImpl.java:lambda$waitForClusterToBeReady$0(194)) - Nodes are ready. Got 5 of 5 DN Heartbeats.
2024-06-08 17:12:27,253 [main] INFO  ozone.MiniOzoneClusterImpl (MiniOzoneClusterImpl.java:lambda$waitForClusterToBeReady$0(197)) - Waiting for cluster to exit safe mode
2024-06-08 17:12:27,253 [main] INFO  ozone.MiniOzoneClusterImpl (MiniOzoneClusterImpl.java:lambda$waitForClusterToBeReady$0(199)) - SCM became leader
2024-06-08 17:12:28,253 [main] INFO  ozone.MiniOzoneClusterImpl (MiniOzoneClusterImpl.java:lambda$waitForClusterToBeReady$0(194)) - Nodes are ready. Got 5 of 5 DN Heartbeats.
2024-06-08 17:12:28,254 [main] INFO  ozone.MiniOzoneClusterImpl (MiniOzoneClusterImpl.java:lambda$waitForClusterToBeReady$0(197)) - Waiting for cluster to exit safe mode
2024-06-08 17:12:28,254 [main] INFO  ozone.MiniOzoneClusterImpl (MiniOzoneClusterImpl.java:lambda$waitForClusterToBeReady$0(199)) - SCM became leader
2024-06-08 17:12:29,097 [e3b50f59-81fe-4964-a90b-c9e3e207dda8@group-455C3F752D2D-FollowerState] INFO  impl.FollowerState (FollowerState.java:run(143)) - e3b50f59-81fe-4964-a90b-c9e3e207dda8@group-455C3F752D2D-FollowerState: change to CANDIDATE, lastRpcElapsedTime:5090238645ns, electionTimeout:5086ms
2024-06-08 17:12:29,098 [e3b50f59-81fe-4964-a90b-c9e3e207dda8@group-455C3F752D2D-FollowerState] INFO  impl.RoleInfo (RoleInfo.java:shutdownFollowerState(110)) - e3b50f59-81fe-4964-a90b-c9e3e207dda8: shutdown e3b50f59-81fe-4964-a90b-c9e3e207dda8@group-455C3F752D2D-FollowerState
2024-06-08 17:12:29,098 [e3b50f59-81fe-4964-a90b-c9e3e207dda8@group-455C3F752D2D-FollowerState] INFO  server.RaftServer$Division (RaftServerImpl.java:setRole(383)) - e3b50f59-81fe-4964-a90b-c9e3e207dda8@group-455C3F752D2D: changes role from  FOLLOWER to CANDIDATE at term 0 for changeToCandidate
2024-06-08 17:12:29,098 [e3b50f59-81fe-4964-a90b-c9e3e207dda8@group-455C3F752D2D-FollowerState] INFO  server.RaftServerConfigKeys (ConfUtils.java:logGet(46)) - raft.server.leaderelection.pre-vote = true (default)
2024-06-08 17:12:29,098 [e3b50f59-81fe-4964-a90b-c9e3e207dda8@group-455C3F752D2D-FollowerState] INFO  impl.RoleInfo (RoleInfo.java:updateAndGet(139)) - e3b50f59-81fe-4964-a90b-c9e3e207dda8: start e3b50f59-81fe-4964-a90b-c9e3e207dda8@group-455C3F752D2D-LeaderElection14
2024-06-08 17:12:29,098 [e3b50f59-81fe-4964-a90b-c9e3e207dda8@group-455C3F752D2D-LeaderElection14] INFO  impl.LeaderElection (LeaderElection.java:askForVotes(321)) - e3b50f59-81fe-4964-a90b-c9e3e207dda8@group-455C3F752D2D-LeaderElection14 PRE_VOTE round 0: submit vote requests at term 0 for -1: peers:[b8911061-d087-4ec2-bfc4-9091de9e538b|127.0.0.1:15076, e3b50f59-81fe-4964-a90b-c9e3e207dda8|127.0.0.1:15067, b58efb8a-bcce-4b5c-ba4f-ff0c627932bf|127.0.0.1:15085]|listeners:[], old=null
2024-06-08 17:12:29,099 [e3b50f59-81fe-4964-a90b-c9e3e207dda8@group-455C3F752D2D-LeaderElection14-1] INFO  server.GrpcServerProtocolClient (GrpcServerProtocolClient.java:<init>(65)) - Build channel for b8911061-d087-4ec2-bfc4-9091de9e538b|127.0.0.1:15076
2024-06-08 17:12:29,099 [e3b50f59-81fe-4964-a90b-c9e3e207dda8@group-455C3F752D2D-LeaderElection14-2] INFO  server.GrpcServerProtocolClient (GrpcServerProtocolClient.java:<init>(65)) - Build channel for b58efb8a-bcce-4b5c-ba4f-ff0c627932bf|127.0.0.1:15085
2024-06-08 17:12:29,099 [e3b50f59-81fe-4964-a90b-c9e3e207dda8@group-455C3F752D2D-LeaderElection14] INFO  server.RaftServerConfigKeys (ConfUtils.java:logFallback(53)) - raft.server.rpc.first-election.timeout.min = 5s (fallback to raft.server.rpc.timeout.min)
2024-06-08 17:12:29,099 [e3b50f59-81fe-4964-a90b-c9e3e207dda8@group-455C3F752D2D-LeaderElection14] INFO  server.RaftServerConfigKeys (ConfUtils.java:logFallback(53)) - raft.server.rpc.first-election.timeout.max = 5200ms (fallback to raft.server.rpc.timeout.max)
2024-06-08 17:12:29,107 [grpc-default-executor-1] INFO  server.RaftServer$Division (RaftServerImpl.java:requestVote(1389)) - b58efb8a-bcce-4b5c-ba4f-ff0c627932bf@group-455C3F752D2D: receive requestVote(PRE_VOTE, e3b50f59-81fe-4964-a90b-c9e3e207dda8, group-455C3F752D2D, 0, (t:0, i:0))
2024-06-08 17:12:29,107 [grpc-default-executor-1] INFO  impl.VoteContext (VoteContext.java:log(49)) - b58efb8a-bcce-4b5c-ba4f-ff0c627932bf@group-455C3F752D2D-FOLLOWER: accept PRE_VOTE from e3b50f59-81fe-4964-a90b-c9e3e207dda8: our priority 0 <= candidate's priority 1
2024-06-08 17:12:29,107 [grpc-default-executor-1] INFO  server.RaftServer$Division (RaftServerImpl.java:requestVote(1422)) - b58efb8a-bcce-4b5c-ba4f-ff0c627932bf@group-455C3F752D2D replies to PRE_VOTE vote request: e3b50f59-81fe-4964-a90b-c9e3e207dda8<-b58efb8a-bcce-4b5c-ba4f-ff0c627932bf#0:OK-t0. Peer's state: b58efb8a-bcce-4b5c-ba4f-ff0c627932bf@group-455C3F752D2D:t0, leader=null, voted=, raftlog=Memoized:b58efb8a-bcce-4b5c-ba4f-ff0c627932bf@group-455C3F752D2D-SegmentedRaftLog:OPENED:c-1, conf=-1: peers:[b8911061-d087-4ec2-bfc4-9091de9e538b|127.0.0.1:15076, e3b50f59-81fe-4964-a90b-c9e3e207dda8|127.0.0.1:15067, b58efb8a-bcce-4b5c-ba4f-ff0c627932bf|127.0.0.1:15085]|listeners:[], old=null
2024-06-08 17:12:29,108 [e3b50f59-81fe-4964-a90b-c9e3e207dda8@group-455C3F752D2D-LeaderElection14] INFO  impl.LeaderElection (LeaderElection.java:logAndReturn(89)) - e3b50f59-81fe-4964-a90b-c9e3e207dda8@group-455C3F752D2D-LeaderElection14: PRE_VOTE PASSED received 1 response(s) and 0 exception(s):
2024-06-08 17:12:29,108 [e3b50f59-81fe-4964-a90b-c9e3e207dda8@group-455C3F752D2D-LeaderElection14] INFO  impl.LeaderElection (LeaderElection.java:logAndReturn(93)) -   Response 0: e3b50f59-81fe-4964-a90b-c9e3e207dda8<-b58efb8a-bcce-4b5c-ba4f-ff0c627932bf#0:OK-t0
2024-06-08 17:12:29,108 [e3b50f59-81fe-4964-a90b-c9e3e207dda8@group-455C3F752D2D-LeaderElection14] INFO  impl.LeaderElection (LeaderElection.java:askForVotes(323)) - e3b50f59-81fe-4964-a90b-c9e3e207dda8@group-455C3F752D2D-LeaderElection14 PRE_VOTE round 0: result PASSED
2024-06-08 17:12:29,108 [grpc-default-executor-1] INFO  server.RaftServer$Division (RaftServerImpl.java:requestVote(1389)) - b8911061-d087-4ec2-bfc4-9091de9e538b@group-455C3F752D2D: receive requestVote(PRE_VOTE, e3b50f59-81fe-4964-a90b-c9e3e207dda8, group-455C3F752D2D, 0, (t:0, i:0))
2024-06-08 17:12:29,108 [grpc-default-executor-1] INFO  impl.VoteContext (VoteContext.java:log(49)) - b8911061-d087-4ec2-bfc4-9091de9e538b@group-455C3F752D2D-FOLLOWER: accept PRE_VOTE from e3b50f59-81fe-4964-a90b-c9e3e207dda8: our priority 0 <= candidate's priority 1
2024-06-08 17:12:29,108 [grpc-default-executor-1] INFO  server.RaftServer$Division (RaftServerImpl.java:requestVote(1422)) - b8911061-d087-4ec2-bfc4-9091de9e538b@group-455C3F752D2D replies to PRE_VOTE vote request: e3b50f59-81fe-4964-a90b-c9e3e207dda8<-b8911061-d087-4ec2-bfc4-9091de9e538b#0:OK-t0. Peer's state: b8911061-d087-4ec2-bfc4-9091de9e538b@group-455C3F752D2D:t0, leader=null, voted=, raftlog=Memoized:b8911061-d087-4ec2-bfc4-9091de9e538b@group-455C3F752D2D-SegmentedRaftLog:OPENED:c-1, conf=-1: peers:[b8911061-d087-4ec2-bfc4-9091de9e538b|127.0.0.1:15076, e3b50f59-81fe-4964-a90b-c9e3e207dda8|127.0.0.1:15067, b58efb8a-bcce-4b5c-ba4f-ff0c627932bf|127.0.0.1:15085]|listeners:[], old=null
2024-06-08 17:12:29,109 [e3b50f59-81fe-4964-a90b-c9e3e207dda8@group-455C3F752D2D-LeaderElection14] INFO  impl.LeaderElection (LeaderElection.java:askForVotes(321)) - e3b50f59-81fe-4964-a90b-c9e3e207dda8@group-455C3F752D2D-LeaderElection14 ELECTION round 0: submit vote requests at term 1 for -1: peers:[b8911061-d087-4ec2-bfc4-9091de9e538b|127.0.0.1:15076, e3b50f59-81fe-4964-a90b-c9e3e207dda8|127.0.0.1:15067, b58efb8a-bcce-4b5c-ba4f-ff0c627932bf|127.0.0.1:15085]|listeners:[], old=null
2024-06-08 17:12:29,110 [e3b50f59-81fe-4964-a90b-c9e3e207dda8@group-455C3F752D2D-LeaderElection14] INFO  server.RaftServerConfigKeys (ConfUtils.java:logFallback(53)) - raft.server.rpc.first-election.timeout.min = 5s (fallback to raft.server.rpc.timeout.min)
2024-06-08 17:12:29,110 [e3b50f59-81fe-4964-a90b-c9e3e207dda8@group-455C3F752D2D-LeaderElection14] INFO  server.RaftServerConfigKeys (ConfUtils.java:logFallback(53)) - raft.server.rpc.first-election.timeout.max = 5200ms (fallback to raft.server.rpc.timeout.max)
2024-06-08 17:12:29,111 [grpc-default-executor-0] INFO  server.RaftServer$Division (RaftServerImpl.java:requestVote(1389)) - b8911061-d087-4ec2-bfc4-9091de9e538b@group-455C3F752D2D: receive requestVote(ELECTION, e3b50f59-81fe-4964-a90b-c9e3e207dda8, group-455C3F752D2D, 1, (t:0, i:0))
2024-06-08 17:12:29,111 [grpc-default-executor-0] INFO  impl.VoteContext (VoteContext.java:log(49)) - b8911061-d087-4ec2-bfc4-9091de9e538b@group-455C3F752D2D-FOLLOWER: accept ELECTION from e3b50f59-81fe-4964-a90b-c9e3e207dda8: our priority 0 <= candidate's priority 1
2024-06-08 17:12:29,111 [grpc-default-executor-0] INFO  server.RaftServer$Division (RaftServerImpl.java:setRole(383)) - b8911061-d087-4ec2-bfc4-9091de9e538b@group-455C3F752D2D: changes role from  FOLLOWER to FOLLOWER at term 1 for candidate:e3b50f59-81fe-4964-a90b-c9e3e207dda8
2024-06-08 17:12:29,112 [grpc-default-executor-0] INFO  impl.RoleInfo (RoleInfo.java:shutdownFollowerState(110)) - b8911061-d087-4ec2-bfc4-9091de9e538b: shutdown b8911061-d087-4ec2-bfc4-9091de9e538b@group-455C3F752D2D-FollowerState
2024-06-08 17:12:29,112 [grpc-default-executor-0] INFO  impl.RoleInfo (RoleInfo.java:updateAndGet(139)) - b8911061-d087-4ec2-bfc4-9091de9e538b: start b8911061-d087-4ec2-bfc4-9091de9e538b@group-455C3F752D2D-FollowerState
2024-06-08 17:12:29,111 [grpc-default-executor-1] INFO  server.RaftServer$Division (RaftServerImpl.java:requestVote(1389)) - b58efb8a-bcce-4b5c-ba4f-ff0c627932bf@group-455C3F752D2D: receive requestVote(ELECTION, e3b50f59-81fe-4964-a90b-c9e3e207dda8, group-455C3F752D2D, 1, (t:0, i:0))
2024-06-08 17:12:29,112 [grpc-default-executor-1] INFO  impl.VoteContext (VoteContext.java:log(49)) - b58efb8a-bcce-4b5c-ba4f-ff0c627932bf@group-455C3F752D2D-FOLLOWER: accept ELECTION from e3b50f59-81fe-4964-a90b-c9e3e207dda8: our priority 0 <= candidate's priority 1
2024-06-08 17:12:29,112 [grpc-default-executor-1] INFO  server.RaftServer$Division (RaftServerImpl.java:setRole(383)) - b58efb8a-bcce-4b5c-ba4f-ff0c627932bf@group-455C3F752D2D: changes role from  FOLLOWER to FOLLOWER at term 1 for candidate:e3b50f59-81fe-4964-a90b-c9e3e207dda8
2024-06-08 17:12:29,112 [grpc-default-executor-1] INFO  impl.RoleInfo (RoleInfo.java:shutdownFollowerState(110)) - b58efb8a-bcce-4b5c-ba4f-ff0c627932bf: shutdown b58efb8a-bcce-4b5c-ba4f-ff0c627932bf@group-455C3F752D2D-FollowerState
2024-06-08 17:12:29,112 [grpc-default-executor-1] INFO  impl.RoleInfo (RoleInfo.java:updateAndGet(139)) - b58efb8a-bcce-4b5c-ba4f-ff0c627932bf: start b58efb8a-bcce-4b5c-ba4f-ff0c627932bf@group-455C3F752D2D-FollowerState
2024-06-08 17:12:29,112 [b58efb8a-bcce-4b5c-ba4f-ff0c627932bf@group-455C3F752D2D-FollowerState] INFO  impl.FollowerState (FollowerState.java:run(152)) - b58efb8a-bcce-4b5c-ba4f-ff0c627932bf@group-455C3F752D2D-FollowerState was interrupted
2024-06-08 17:12:29,112 [grpc-default-executor-0] INFO  server.RaftServer$Division (RaftServerImpl.java:setFirstElection(574)) - b8911061-d087-4ec2-bfc4-9091de9e538b@group-455C3F752D2D: set firstElectionSinceStartup to false for candidate:e3b50f59-81fe-4964-a90b-c9e3e207dda8
2024-06-08 17:12:29,113 [grpc-default-executor-1] INFO  server.RaftServer$Division (RaftServerImpl.java:setFirstElection(574)) - b58efb8a-bcce-4b5c-ba4f-ff0c627932bf@group-455C3F752D2D: set firstElectionSinceStartup to false for candidate:e3b50f59-81fe-4964-a90b-c9e3e207dda8
2024-06-08 17:12:29,113 [b8911061-d087-4ec2-bfc4-9091de9e538b@group-455C3F752D2D-FollowerState] INFO  impl.FollowerState (FollowerState.java:run(152)) - b8911061-d087-4ec2-bfc4-9091de9e538b@group-455C3F752D2D-FollowerState was interrupted
2024-06-08 17:12:29,113 [grpc-default-executor-0] INFO  server.RaftServer$Division (RaftServerImpl.java:requestVote(1422)) - b8911061-d087-4ec2-bfc4-9091de9e538b@group-455C3F752D2D replies to ELECTION vote request: e3b50f59-81fe-4964-a90b-c9e3e207dda8<-b8911061-d087-4ec2-bfc4-9091de9e538b#0:OK-t1. Peer's state: b8911061-d087-4ec2-bfc4-9091de9e538b@group-455C3F752D2D:t1, leader=null, voted=e3b50f59-81fe-4964-a90b-c9e3e207dda8, raftlog=Memoized:b8911061-d087-4ec2-bfc4-9091de9e538b@group-455C3F752D2D-SegmentedRaftLog:OPENED:c-1, conf=-1: peers:[b8911061-d087-4ec2-bfc4-9091de9e538b|127.0.0.1:15076, e3b50f59-81fe-4964-a90b-c9e3e207dda8|127.0.0.1:15067, b58efb8a-bcce-4b5c-ba4f-ff0c627932bf|127.0.0.1:15085]|listeners:[], old=null
2024-06-08 17:12:29,114 [grpc-default-executor-1] INFO  server.RaftServer$Division (RaftServerImpl.java:requestVote(1422)) - b58efb8a-bcce-4b5c-ba4f-ff0c627932bf@group-455C3F752D2D replies to ELECTION vote request: e3b50f59-81fe-4964-a90b-c9e3e207dda8<-b58efb8a-bcce-4b5c-ba4f-ff0c627932bf#0:OK-t1. Peer's state: b58efb8a-bcce-4b5c-ba4f-ff0c627932bf@group-455C3F752D2D:t1, leader=null, voted=e3b50f59-81fe-4964-a90b-c9e3e207dda8, raftlog=Memoized:b58efb8a-bcce-4b5c-ba4f-ff0c627932bf@group-455C3F752D2D-SegmentedRaftLog:OPENED:c-1, conf=-1: peers:[b8911061-d087-4ec2-bfc4-9091de9e538b|127.0.0.1:15076, e3b50f59-81fe-4964-a90b-c9e3e207dda8|127.0.0.1:15067, b58efb8a-bcce-4b5c-ba4f-ff0c627932bf|127.0.0.1:15085]|listeners:[], old=null
2024-06-08 17:12:29,115 [e3b50f59-81fe-4964-a90b-c9e3e207dda8@group-455C3F752D2D-LeaderElection14] INFO  impl.LeaderElection (LeaderElection.java:logAndReturn(89)) - e3b50f59-81fe-4964-a90b-c9e3e207dda8@group-455C3F752D2D-LeaderElection14: ELECTION PASSED received 1 response(s) and 0 exception(s):
2024-06-08 17:12:29,115 [e3b50f59-81fe-4964-a90b-c9e3e207dda8@group-455C3F752D2D-LeaderElection14] INFO  impl.LeaderElection (LeaderElection.java:logAndReturn(93)) -   Response 0: e3b50f59-81fe-4964-a90b-c9e3e207dda8<-b58efb8a-bcce-4b5c-ba4f-ff0c627932bf#0:OK-t1
2024-06-08 17:12:29,116 [e3b50f59-81fe-4964-a90b-c9e3e207dda8@group-455C3F752D2D-LeaderElection14] INFO  impl.LeaderElection (LeaderElection.java:askForVotes(323)) - e3b50f59-81fe-4964-a90b-c9e3e207dda8@group-455C3F752D2D-LeaderElection14 ELECTION round 0: result PASSED
2024-06-08 17:12:29,116 [e3b50f59-81fe-4964-a90b-c9e3e207dda8@group-455C3F752D2D-LeaderElection14] INFO  impl.RoleInfo (RoleInfo.java:shutdownLeaderElection(130)) - e3b50f59-81fe-4964-a90b-c9e3e207dda8: shutdown e3b50f59-81fe-4964-a90b-c9e3e207dda8@group-455C3F752D2D-LeaderElection14
2024-06-08 17:12:29,116 [e3b50f59-81fe-4964-a90b-c9e3e207dda8@group-455C3F752D2D-LeaderElection14] INFO  server.RaftServer$Division (RaftServerImpl.java:setRole(383)) - e3b50f59-81fe-4964-a90b-c9e3e207dda8@group-455C3F752D2D: changes role from CANDIDATE to LEADER at term 1 for changeToLeader
2024-06-08 17:12:29,116 [e3b50f59-81fe-4964-a90b-c9e3e207dda8@group-455C3F752D2D-LeaderElection14] INFO  server.RaftServerConfigKeys (ConfUtils.java:logGet(46)) - raft.server.staging.catchup.gap = 1000 (default)
2024-06-08 17:12:29,116 [e3b50f59-81fe-4964-a90b-c9e3e207dda8@group-455C3F752D2D-LeaderElection14] INFO  server.RaftServerConfigKeys (ConfUtils.java:logGet(46)) - raft.server.write.element-limit = 1024 (custom)
2024-06-08 17:12:29,116 [e3b50f59-81fe-4964-a90b-c9e3e207dda8@group-455C3F752D2D-LeaderElection14] INFO  server.RaftServerConfigKeys (ConfUtils.java:logGet(46)) - raft.server.write.byte-limit = 1024 M (=1073741824) (custom)
2024-06-08 17:12:29,116 [e3b50f59-81fe-4964-a90b-c9e3e207dda8@group-455C3F752D2D-LeaderElection14] INFO  server.RaftServerConfigKeys (ConfUtils.java:logGet(46)) - raft.server.watch.timeout = 3000ms (custom)
2024-06-08 17:12:29,116 [e3b50f59-81fe-4964-a90b-c9e3e207dda8@group-455C3F752D2D-LeaderElection14] INFO  server.RaftServerConfigKeys (ConfUtils.java:logGet(46)) - raft.server.watch.timeout.denomination = 1s (default)
2024-06-08 17:12:29,116 [e3b50f59-81fe-4964-a90b-c9e3e207dda8@group-455C3F752D2D-LeaderElection14] INFO  server.RaftServerConfigKeys (ConfUtils.java:logGet(46)) - raft.server.watch.element-limit = 65536 (default)
2024-06-08 17:12:29,116 [e3b50f59-81fe-4964-a90b-c9e3e207dda8@group-455C3F752D2D-LeaderElection14] INFO  server.RaftServerConfigKeys (ConfUtils.java:logGet(46)) - raft.server.read.leader.lease.enabled = false (default)
2024-06-08 17:12:29,116 [e3b50f59-81fe-4964-a90b-c9e3e207dda8@group-455C3F752D2D-LeaderElection14] INFO  server.RaftServerConfigKeys (ConfUtils.java:logGet(46)) - raft.server.read.leader.lease.timeout.ratio = 0.9 (default)
2024-06-08 17:12:29,116 [e3b50f59-81fe-4964-a90b-c9e3e207dda8@group-455C3F752D2D-LeaderElection14] INFO  server.RaftServerConfigKeys (ConfUtils.java:logGet(46)) - raft.server.rpc.timeout.min = 5s (custom)
2024-06-08 17:12:29,116 [e3b50f59-81fe-4964-a90b-c9e3e207dda8@group-455C3F752D2D-LeaderElection14] INFO  server.RaftServerConfigKeys (ConfUtils.java:logGet(46)) - raft.server.write.element-limit = 1024 (custom)
2024-06-08 17:12:29,116 [e3b50f59-81fe-4964-a90b-c9e3e207dda8@group-455C3F752D2D-LeaderElection14] INFO  server.RaftServerConfigKeys (ConfUtils.java:logGet(46)) - raft.server.write.follower.gap.ratio.max = -1.0 (default)
2024-06-08 17:12:29,117 [e3b50f59-81fe-4964-a90b-c9e3e207dda8@group-455C3F752D2D-LeaderElection14] INFO  server.RaftServerConfigKeys (ConfUtils.java:logGet(46)) - raft.server.log.appender.snapshot.chunk.size.max = 16MB (=16777216) (default)
2024-06-08 17:12:29,117 [e3b50f59-81fe-4964-a90b-c9e3e207dda8@group-455C3F752D2D-LeaderElection14] INFO  server.RaftServerConfigKeys (ConfUtils.java:logGet(46)) - raft.server.log.appender.buffer.byte-limit = 8388608 (custom)
2024-06-08 17:12:29,117 [e3b50f59-81fe-4964-a90b-c9e3e207dda8@group-455C3F752D2D-LeaderElection14] INFO  server.RaftServerConfigKeys (ConfUtils.java:logGet(46)) - raft.server.log.appender.buffer.element-limit = 1024 (custom)
2024-06-08 17:12:29,117 [e3b50f59-81fe-4964-a90b-c9e3e207dda8@group-455C3F752D2D-LeaderElection14] INFO  server.RaftServerConfigKeys (ConfUtils.java:logGet(46)) - raft.server.log.appender.wait-time.min = 0ms (custom)
2024-06-08 17:12:29,117 [e3b50f59-81fe-4964-a90b-c9e3e207dda8@group-455C3F752D2D-LeaderElection14] INFO  grpc.GrpcConfigKeys (ConfUtils.java:logGet(46)) - raft.grpc.server.leader.outstanding.appends.max = 8 (default)
2024-06-08 17:12:29,117 [e3b50f59-81fe-4964-a90b-c9e3e207dda8@group-455C3F752D2D-LeaderElection14] INFO  server.RaftServerConfigKeys (ConfUtils.java:logGet(46)) - raft.server.rpc.request.timeout = 3000ms (default)
2024-06-08 17:12:29,117 [e3b50f59-81fe-4964-a90b-c9e3e207dda8@group-455C3F752D2D-LeaderElection14] INFO  grpc.GrpcConfigKeys (ConfUtils.java:logGet(46)) - raft.grpc.server.install_snapshot.request.element-limit = 8 (default)
2024-06-08 17:12:29,117 [e3b50f59-81fe-4964-a90b-c9e3e207dda8@group-455C3F752D2D-LeaderElection14] INFO  grpc.GrpcConfigKeys (ConfUtils.java:logGet(46)) - raft.grpc.server.install_snapshot.request.timeout = 3000ms (default)
2024-06-08 17:12:29,117 [e3b50f59-81fe-4964-a90b-c9e3e207dda8@group-455C3F752D2D-LeaderElection14] INFO  grpc.GrpcConfigKeys (ConfUtils.java:logGet(46)) - raft.grpc.server.log-message.batch.duration = 5s (default)
2024-06-08 17:12:29,117 [e3b50f59-81fe-4964-a90b-c9e3e207dda8@group-455C3F752D2D-LeaderElection14] INFO  server.RaftServerConfigKeys (ConfUtils.java:logGet(46)) - raft.server.log.appender.install.snapshot.enabled = false (custom)
2024-06-08 17:12:29,117 [e3b50f59-81fe-4964-a90b-c9e3e207dda8@group-455C3F752D2D-LeaderElection14] INFO  grpc.GrpcConfigKeys (ConfUtils.java:logGet(46)) - raft.grpc.server.heartbeat.channel = true (default)
2024-06-08 17:12:29,118 [e3b50f59-81fe-4964-a90b-c9e3e207dda8@group-455C3F752D2D-LeaderElection14] INFO  server.RaftServerConfigKeys (ConfUtils.java:logGet(46)) - raft.server.log.appender.snapshot.chunk.size.max = 16MB (=16777216) (default)
2024-06-08 17:12:29,118 [e3b50f59-81fe-4964-a90b-c9e3e207dda8@group-455C3F752D2D-LeaderElection14] INFO  server.RaftServerConfigKeys (ConfUtils.java:logGet(46)) - raft.server.log.appender.buffer.byte-limit = 8388608 (custom)
2024-06-08 17:12:29,118 [e3b50f59-81fe-4964-a90b-c9e3e207dda8@group-455C3F752D2D-LeaderElection14] INFO  server.RaftServerConfigKeys (ConfUtils.java:logGet(46)) - raft.server.log.appender.buffer.element-limit = 1024 (custom)
2024-06-08 17:12:29,118 [e3b50f59-81fe-4964-a90b-c9e3e207dda8@group-455C3F752D2D-LeaderElection14] INFO  server.RaftServerConfigKeys (ConfUtils.java:logGet(46)) - raft.server.log.appender.wait-time.min = 0ms (custom)
2024-06-08 17:12:29,118 [e3b50f59-81fe-4964-a90b-c9e3e207dda8@group-455C3F752D2D-LeaderElection14] INFO  grpc.GrpcConfigKeys (ConfUtils.java:logGet(46)) - raft.grpc.server.leader.outstanding.appends.max = 8 (default)
2024-06-08 17:12:29,118 [e3b50f59-81fe-4964-a90b-c9e3e207dda8@group-455C3F752D2D-LeaderElection14] INFO  server.RaftServerConfigKeys (ConfUtils.java:logGet(46)) - raft.server.rpc.request.timeout = 3000ms (default)
2024-06-08 17:12:29,118 [e3b50f59-81fe-4964-a90b-c9e3e207dda8@group-455C3F752D2D-LeaderElection14] INFO  grpc.GrpcConfigKeys (ConfUtils.java:logGet(46)) - raft.grpc.server.install_snapshot.request.element-limit = 8 (default)
2024-06-08 17:12:29,118 [e3b50f59-81fe-4964-a90b-c9e3e207dda8@group-455C3F752D2D-LeaderElection14] INFO  grpc.GrpcConfigKeys (ConfUtils.java:logGet(46)) - raft.grpc.server.install_snapshot.request.timeout = 3000ms (default)
2024-06-08 17:12:29,118 [e3b50f59-81fe-4964-a90b-c9e3e207dda8@group-455C3F752D2D-LeaderElection14] INFO  grpc.GrpcConfigKeys (ConfUtils.java:logGet(46)) - raft.grpc.server.log-message.batch.duration = 5s (default)
2024-06-08 17:12:29,118 [e3b50f59-81fe-4964-a90b-c9e3e207dda8@group-455C3F752D2D-LeaderElection14] INFO  server.RaftServerConfigKeys (ConfUtils.java:logGet(46)) - raft.server.log.appender.install.snapshot.enabled = false (custom)
2024-06-08 17:12:29,118 [e3b50f59-81fe-4964-a90b-c9e3e207dda8@group-455C3F752D2D-LeaderElection14] INFO  grpc.GrpcConfigKeys (ConfUtils.java:logGet(46)) - raft.grpc.server.heartbeat.channel = true (default)
2024-06-08 17:12:29,118 [e3b50f59-81fe-4964-a90b-c9e3e207dda8@group-455C3F752D2D-LeaderElection14] INFO  impl.RoleInfo (RoleInfo.java:updateAndGet(139)) - e3b50f59-81fe-4964-a90b-c9e3e207dda8: start e3b50f59-81fe-4964-a90b-c9e3e207dda8@group-455C3F752D2D-LeaderStateImpl
2024-06-08 17:12:29,118 [e3b50f59-81fe-4964-a90b-c9e3e207dda8@group-455C3F752D2D-LeaderElection14] INFO  server.RaftServer$Division (RaftServerImpl.java:setFirstElection(574)) - e3b50f59-81fe-4964-a90b-c9e3e207dda8@group-455C3F752D2D: set firstElectionSinceStartup to false for becomeLeader
2024-06-08 17:12:29,118 [e3b50f59-81fe-4964-a90b-c9e3e207dda8@group-455C3F752D2D-LeaderElection14] INFO  ratis.XceiverServerRatis (XceiverServerRatis.java:handleLeaderChangedNotification(966)) - Leader change notification received for group: group-455C3F752D2D with new leaderId: e3b50f59-81fe-4964-a90b-c9e3e207dda8
2024-06-08 17:12:29,119 [e3b50f59-81fe-4964-a90b-c9e3e207dda8@group-455C3F752D2D-LeaderElection14] INFO  server.RaftServer$Division (ServerState.java:setLeader(269)) - e3b50f59-81fe-4964-a90b-c9e3e207dda8@group-455C3F752D2D: change Leader from null to e3b50f59-81fe-4964-a90b-c9e3e207dda8 at term 1 for becomeLeader, leader elected after 5123ms
2024-06-08 17:12:29,119 [e3b50f59-81fe-4964-a90b-c9e3e207dda8@group-455C3F752D2D-LeaderElection14] INFO  segmented.SegmentedRaftLogWorker (SegmentedRaftLogWorker.java:startLogSegment(430)) - e3b50f59-81fe-4964-a90b-c9e3e207dda8@group-455C3F752D2D-SegmentedRaftLogWorker: Starting segment from index:0
2024-06-08 17:12:29,119 [e3b50f59-81fe-4964-a90b-c9e3e207dda8@group-455C3F752D2D-SegmentedRaftLogWorker] INFO  segmented.BufferedWriteChannel (BufferedWriteChannel.java:open(62)) - open log_inprogress_0 at position 0
2024-06-08 17:12:29,122 [e3b50f59-81fe-4964-a90b-c9e3e207dda8@group-455C3F752D2D-LeaderElection14] INFO  server.RaftServer$Division (ServerState.java:setRaftConf(386)) - e3b50f59-81fe-4964-a90b-c9e3e207dda8@group-455C3F752D2D: set configuration 0: peers:[b8911061-d087-4ec2-bfc4-9091de9e538b|127.0.0.1:15076, e3b50f59-81fe-4964-a90b-c9e3e207dda8|127.0.0.1:15067, b58efb8a-bcce-4b5c-ba4f-ff0c627932bf|127.0.0.1:15085]|listeners:[], old=null
2024-06-08 17:12:29,123 [EventQueue-PipelineReportForPipelineReportHandler] INFO  pipeline.PipelineReportHandler (PipelineReportHandler.java:processPipelineReport(136)) - Opened pipeline PipelineID=bd0ebd06-b004-4cdd-8910-455c3f752d2d
2024-06-08 17:12:29,123 [EventQueue-OpenPipelineForHealthyPipelineSafeModeRule] INFO  safemode.SCMSafeModeManager (HealthyPipelineSafeModeRule.java:process(140)) - SCM in safe mode. Healthy pipelines reported count is 1, required healthy pipeline reported count is 1
2024-06-08 17:12:29,123 [EventQueue-OpenPipelineForHealthyPipelineSafeModeRule] INFO  safemode.SCMSafeModeManager (SCMSafeModeManager.java:validateSafeModeExitRules(203)) - HealthyPipelineSafeModeRule rule is successfully validated
2024-06-08 17:12:29,123 [EventQueue-OpenPipelineForHealthyPipelineSafeModeRule] INFO  safemode.SCMSafeModeManager (SCMSafeModeManager.java:validateSafeModeExitRules(218)) - ScmSafeModeManager, all rules are successfully validated
2024-06-08 17:12:29,123 [EventQueue-OpenPipelineForHealthyPipelineSafeModeRule] INFO  safemode.SCMSafeModeManager (SCMSafeModeManager.java:exitSafeMode(248)) - SCM exiting safe mode.
2024-06-08 17:12:29,123 [EventQueue-OpenPipelineForHealthyPipelineSafeModeRule] INFO  ha.SCMContext (SCMContext.java:updateSafeModeStatus(225)) - Update SafeModeStatus from SafeModeStatus{safeModeStatus=true, preCheckPassed=true} to SafeModeStatus{safeModeStatus=false, preCheckPassed=true}.
2024-06-08 17:12:29,123 [EventQueue-OpenPipelineForHealthyPipelineSafeModeRule] INFO  pipeline.BackgroundPipelineCreator (BackgroundPipelineCreator.java:notifyStatusChanged(258)) - Service BackgroundPipelineCreator transitions to RUNNING.
2024-06-08 17:12:29,123 [EventQueue-OpenPipelineForHealthyPipelineSafeModeRule] INFO  BackgroundPipelineScrubber (BackgroundSCMService.java:notifyStatusChanged(79)) - Service BackgroundPipelineScrubber transitions to RUNNING.
2024-06-08 17:12:29,124 [EventQueue-OpenPipelineForHealthyPipelineSafeModeRule] INFO  ExpiredContainerReplicaOpScrubber (BackgroundSCMService.java:notifyStatusChanged(79)) - Service ExpiredContainerReplicaOpScrubber transitions to RUNNING.
2024-06-08 17:12:29,124 [EventQueue-OpenPipelineForHealthyPipelineSafeModeRule] INFO  block.SCMBlockDeletingService (SCMBlockDeletingService.java:notifyStatusChanged(247)) - notifyStatusChanged:RUNNING
2024-06-08 17:12:29,124 [EventQueue-OpenPipelineForHealthyPipelineSafeModeRule] INFO  replication.ReplicationManager (ReplicationManager.java:notifyStatusChanged(1406)) - Service ReplicationManager transitions to RUNNING.
2024-06-08 17:12:29,124 [EventQueue-OpenPipelineForHealthyPipelineSafeModeRule] WARN  balancer.ContainerBalancer (ContainerBalancer.java:shouldRun(134)) - Could not find persisted configuration for ContainerBalancer when checking if ContainerBalancer should run. ContainerBalancer should not run now.
2024-06-08 17:12:29,125 [e3b50f59-81fe-4964-a90b-c9e3e207dda8@group-455C3F752D2D-SegmentedRaftLogWorker] INFO  segmented.SegmentedRaftLogWorker (SegmentedRaftLogWorker.java:execute(634)) - e3b50f59-81fe-4964-a90b-c9e3e207dda8@group-455C3F752D2D-SegmentedRaftLogWorker: created new log segment /home/runner/work/ozone/ozone/hadoop-ozone/integration-test/target/test-dir/MiniOzoneClusterImpl-6b59e386-941c-4981-b753-7806b34dbc05/ozone-meta/datanode-1/ratis/bd0ebd06-b004-4cdd-8910-455c3f752d2d/current/log_inprogress_0
2024-06-08 17:12:29,130 [b8911061-d087-4ec2-bfc4-9091de9e538b-server-thread1] INFO  ratis.XceiverServerRatis (XceiverServerRatis.java:handleLeaderChangedNotification(966)) - Leader change notification received for group: group-455C3F752D2D with new leaderId: e3b50f59-81fe-4964-a90b-c9e3e207dda8
2024-06-08 17:12:29,130 [b8911061-d087-4ec2-bfc4-9091de9e538b-server-thread1] INFO  server.RaftServer$Division (ServerState.java:setLeader(269)) - b8911061-d087-4ec2-bfc4-9091de9e538b@group-455C3F752D2D: change Leader from null to e3b50f59-81fe-4964-a90b-c9e3e207dda8 at term 1 for appendEntries, leader elected after 5108ms
2024-06-08 17:12:29,131 [b8911061-d087-4ec2-bfc4-9091de9e538b-server-thread2] INFO  server.RaftServer$Division (ServerState.java:setRaftConf(386)) - b8911061-d087-4ec2-bfc4-9091de9e538b@group-455C3F752D2D: set configuration 0: peers:[b8911061-d087-4ec2-bfc4-9091de9e538b|127.0.0.1:15076, e3b50f59-81fe-4964-a90b-c9e3e207dda8|127.0.0.1:15067, b58efb8a-bcce-4b5c-ba4f-ff0c627932bf|127.0.0.1:15085]|listeners:[], old=null
2024-06-08 17:12:29,131 [b8911061-d087-4ec2-bfc4-9091de9e538b-server-thread2] INFO  segmented.SegmentedRaftLogWorker (SegmentedRaftLogWorker.java:startLogSegment(430)) - b8911061-d087-4ec2-bfc4-9091de9e538b@group-455C3F752D2D-SegmentedRaftLogWorker: Starting segment from index:0
2024-06-08 17:12:29,132 [b8911061-d087-4ec2-bfc4-9091de9e538b@group-455C3F752D2D-SegmentedRaftLogWorker] INFO  segmented.BufferedWriteChannel (BufferedWriteChannel.java:open(62)) - open log_inprogress_0 at position 0
2024-06-08 17:12:29,139 [b58efb8a-bcce-4b5c-ba4f-ff0c627932bf-server-thread2] INFO  ratis.XceiverServerRatis (XceiverServerRatis.java:handleLeaderChangedNotification(966)) - Leader change notification received for group: group-455C3F752D2D with new leaderId: e3b50f59-81fe-4964-a90b-c9e3e207dda8
2024-06-08 17:12:29,139 [b58efb8a-bcce-4b5c-ba4f-ff0c627932bf-server-thread2] INFO  server.RaftServer$Division (ServerState.java:setLeader(269)) - b58efb8a-bcce-4b5c-ba4f-ff0c627932bf@group-455C3F752D2D: change Leader from null to e3b50f59-81fe-4964-a90b-c9e3e207dda8 at term 1 for appendEntries, leader elected after 5089ms
2024-06-08 17:12:29,140 [b8911061-d087-4ec2-bfc4-9091de9e538b@group-455C3F752D2D-SegmentedRaftLogWorker] INFO  segmented.SegmentedRaftLogWorker (SegmentedRaftLogWorker.java:execute(634)) - b8911061-d087-4ec2-bfc4-9091de9e538b@group-455C3F752D2D-SegmentedRaftLogWorker: created new log segment /home/runner/work/ozone/ozone/hadoop-ozone/integration-test/target/test-dir/MiniOzoneClusterImpl-6b59e386-941c-4981-b753-7806b34dbc05/ozone-meta/datanode-2/ratis/bd0ebd06-b004-4cdd-8910-455c3f752d2d/current/log_inprogress_0
2024-06-08 17:12:29,143 [b58efb8a-bcce-4b5c-ba4f-ff0c627932bf-server-thread1] INFO  server.RaftServer$Division (ServerState.java:setRaftConf(386)) - b58efb8a-bcce-4b5c-ba4f-ff0c627932bf@group-455C3F752D2D: set configuration 0: peers:[b8911061-d087-4ec2-bfc4-9091de9e538b|127.0.0.1:15076, e3b50f59-81fe-4964-a90b-c9e3e207dda8|127.0.0.1:15067, b58efb8a-bcce-4b5c-ba4f-ff0c627932bf|127.0.0.1:15085]|listeners:[], old=null
2024-06-08 17:12:29,143 [e3b50f59-81fe-4964-a90b-c9e3e207dda8@group-455C3F752D2D-StateMachineUpdater] INFO  server.RaftServer$Division (LeaderStateImpl.java:isApplied(320)) - leader is ready since appliedIndex == 0 >= startIndex == 0
2024-06-08 17:12:29,143 [b58efb8a-bcce-4b5c-ba4f-ff0c627932bf-server-thread1] INFO  segmented.SegmentedRaftLogWorker (SegmentedRaftLogWorker.java:startLogSegment(430)) - b58efb8a-bcce-4b5c-ba4f-ff0c627932bf@group-455C3F752D2D-SegmentedRaftLogWorker: Starting segment from index:0
2024-06-08 17:12:29,143 [e3b50f59-81fe-4964-a90b-c9e3e207dda8@group-4D484FEF3CF3-FollowerState] INFO  impl.FollowerState (FollowerState.java:run(143)) - e3b50f59-81fe-4964-a90b-c9e3e207dda8@group-4D484FEF3CF3-FollowerState: change to CANDIDATE, lastRpcElapsedTime:5151577275ns, electionTimeout:5151ms
2024-06-08 17:12:29,143 [e3b50f59-81fe-4964-a90b-c9e3e207dda8@group-4D484FEF3CF3-FollowerState] INFO  impl.RoleInfo (RoleInfo.java:shutdownFollowerState(110)) - e3b50f59-81fe-4964-a90b-c9e3e207dda8: shutdown e3b50f59-81fe-4964-a90b-c9e3e207dda8@group-4D484FEF3CF3-FollowerState
2024-06-08 17:12:29,143 [e3b50f59-81fe-4964-a90b-c9e3e207dda8@group-4D484FEF3CF3-FollowerState] INFO  server.RaftServer$Division (RaftServerImpl.java:setRole(383)) - e3b50f59-81fe-4964-a90b-c9e3e207dda8@group-4D484FEF3CF3: changes role from  FOLLOWER to CANDIDATE at term 0 for changeToCandidate
2024-06-08 17:12:29,143 [b58efb8a-bcce-4b5c-ba4f-ff0c627932bf@group-455C3F752D2D-SegmentedRaftLogWorker] INFO  segmented.BufferedWriteChannel (BufferedWriteChannel.java:open(62)) - open log_inprogress_0 at position 0
2024-06-08 17:12:29,144 [e3b50f59-81fe-4964-a90b-c9e3e207dda8@group-4D484FEF3CF3-FollowerState] INFO  server.RaftServerConfigKeys (ConfUtils.java:logGet(46)) - raft.server.leaderelection.pre-vote = true (default)
2024-06-08 17:12:29,144 [e3b50f59-81fe-4964-a90b-c9e3e207dda8@group-4D484FEF3CF3-FollowerState] INFO  impl.RoleInfo (RoleInfo.java:updateAndGet(139)) - e3b50f59-81fe-4964-a90b-c9e3e207dda8: start e3b50f59-81fe-4964-a90b-c9e3e207dda8@group-4D484FEF3CF3-LeaderElection15
2024-06-08 17:12:29,147 [b58efb8a-bcce-4b5c-ba4f-ff0c627932bf@group-A0D4059F2016-FollowerState] INFO  impl.FollowerState (FollowerState.java:run(143)) - b58efb8a-bcce-4b5c-ba4f-ff0c627932bf@group-A0D4059F2016-FollowerState: change to CANDIDATE, lastRpcElapsedTime:5004990809ns, electionTimeout:5003ms
2024-06-08 17:12:29,147 [b58efb8a-bcce-4b5c-ba4f-ff0c627932bf@group-A0D4059F2016-FollowerState] INFO  impl.RoleInfo (RoleInfo.java:shutdownFollowerState(110)) - b58efb8a-bcce-4b5c-ba4f-ff0c627932bf: shutdown b58efb8a-bcce-4b5c-ba4f-ff0c627932bf@group-A0D4059F2016-FollowerState
2024-06-08 17:12:29,147 [b58efb8a-bcce-4b5c-ba4f-ff0c627932bf@group-A0D4059F2016-FollowerState] INFO  server.RaftServer$Division (RaftServerImpl.java:setRole(383)) - b58efb8a-bcce-4b5c-ba4f-ff0c627932bf@group-A0D4059F2016: changes role from  FOLLOWER to CANDIDATE at term 0 for changeToCandidate
2024-06-08 17:12:29,147 [b58efb8a-bcce-4b5c-ba4f-ff0c627932bf@group-A0D4059F2016-FollowerState] INFO  server.RaftServerConfigKeys (ConfUtils.java:logGet(46)) - raft.server.leaderelection.pre-vote = true (default)
2024-06-08 17:12:29,147 [b58efb8a-bcce-4b5c-ba4f-ff0c627932bf@group-A0D4059F2016-FollowerState] INFO  impl.RoleInfo (RoleInfo.java:updateAndGet(139)) - b58efb8a-bcce-4b5c-ba4f-ff0c627932bf: start b58efb8a-bcce-4b5c-ba4f-ff0c627932bf@group-A0D4059F2016-LeaderElection16
2024-06-08 17:12:29,150 [e3b50f59-81fe-4964-a90b-c9e3e207dda8@group-4D484FEF3CF3-LeaderElection15] INFO  impl.LeaderElection (LeaderElection.java:askForVotes(321)) - e3b50f59-81fe-4964-a90b-c9e3e207dda8@group-4D484FEF3CF3-LeaderElection15 PRE_VOTE round 0: submit vote requests at term 0 for -1: peers:[e3b50f59-81fe-4964-a90b-c9e3e207dda8|127.0.0.1:15067]|listeners:[], old=null
2024-06-08 17:12:29,150 [e3b50f59-81fe-4964-a90b-c9e3e207dda8@group-4D484FEF3CF3-LeaderElection15] INFO  impl.LeaderElection (LeaderElection.java:askForVotes(323)) - e3b50f59-81fe-4964-a90b-c9e3e207dda8@group-4D484FEF3CF3-LeaderElection15 PRE_VOTE round 0: result PASSED (term=0)
2024-06-08 17:12:29,150 [b58efb8a-bcce-4b5c-ba4f-ff0c627932bf@group-455C3F752D2D-SegmentedRaftLogWorker] INFO  segmented.SegmentedRaftLogWorker (SegmentedRaftLogWorker.java:execute(634)) - b58efb8a-bcce-4b5c-ba4f-ff0c627932bf@group-455C3F752D2D-SegmentedRaftLogWorker: created new log segment /home/runner/work/ozone/ozone/hadoop-ozone/integration-test/target/test-dir/MiniOzoneClusterImpl-6b59e386-941c-4981-b753-7806b34dbc05/ozone-meta/datanode-3/ratis/bd0ebd06-b004-4cdd-8910-455c3f752d2d/current/log_inprogress_0
2024-06-08 17:12:29,150 [b58efb8a-bcce-4b5c-ba4f-ff0c627932bf@group-A0D4059F2016-LeaderElection16] INFO  impl.LeaderElection (LeaderElection.java:askForVotes(321)) - b58efb8a-bcce-4b5c-ba4f-ff0c627932bf@group-A0D4059F2016-LeaderElection16 PRE_VOTE round 0: submit vote requests at term 0 for -1: peers:[b58efb8a-bcce-4b5c-ba4f-ff0c627932bf|127.0.0.1:15085]|listeners:[], old=null
2024-06-08 17:12:29,151 [b58efb8a-bcce-4b5c-ba4f-ff0c627932bf@group-A0D4059F2016-LeaderElection16] INFO  impl.LeaderElection (LeaderElection.java:askForVotes(323)) - b58efb8a-bcce-4b5c-ba4f-ff0c627932bf@group-A0D4059F2016-LeaderElection16 PRE_VOTE round 0: result PASSED (term=0)
2024-06-08 17:12:29,151 [e3b50f59-81fe-4964-a90b-c9e3e207dda8@group-4D484FEF3CF3-LeaderElection15] INFO  impl.LeaderElection (LeaderElection.java:askForVotes(321)) - e3b50f59-81fe-4964-a90b-c9e3e207dda8@group-4D484FEF3CF3-LeaderElection15 ELECTION round 0: submit vote requests at term 1 for -1: peers:[e3b50f59-81fe-4964-a90b-c9e3e207dda8|127.0.0.1:15067]|listeners:[], old=null
2024-06-08 17:12:29,151 [e3b50f59-81fe-4964-a90b-c9e3e207dda8@group-4D484FEF3CF3-LeaderElection15] INFO  impl.LeaderElection (LeaderElection.java:askForVotes(323)) - e3b50f59-81fe-4964-a90b-c9e3e207dda8@group-4D484FEF3CF3-LeaderElection15 ELECTION round 0: result PASSED (term=1)
2024-06-08 17:12:29,151 [e3b50f59-81fe-4964-a90b-c9e3e207dda8@group-4D484FEF3CF3-LeaderElection15] INFO  impl.RoleInfo (RoleInfo.java:shutdownLeaderElection(130)) - e3b50f59-81fe-4964-a90b-c9e3e207dda8: shutdown e3b50f59-81fe-4964-a90b-c9e3e207dda8@group-4D484FEF3CF3-LeaderElection15
2024-06-08 17:12:29,151 [e3b50f59-81fe-4964-a90b-c9e3e207dda8@group-4D484FEF3CF3-LeaderElection15] INFO  server.RaftServer$Division (RaftServerImpl.java:setRole(383)) - e3b50f59-81fe-4964-a90b-c9e3e207dda8@group-4D484FEF3CF3: changes role from CANDIDATE to LEADER at term 1 for changeToLeader
2024-06-08 17:12:29,151 [e3b50f59-81fe-4964-a90b-c9e3e207dda8@group-4D484FEF3CF3-LeaderElection15] INFO  server.RaftServerConfigKeys (ConfUtils.java:logGet(46)) - raft.server.staging.catchup.gap = 1000 (default)
2024-06-08 17:12:29,152 [e3b50f59-81fe-4964-a90b-c9e3e207dda8@group-4D484FEF3CF3-LeaderElection15] INFO  server.RaftServerConfigKeys (ConfUtils.java:logGet(46)) - raft.server.write.element-limit = 1024 (custom)
2024-06-08 17:12:29,152 [e3b50f59-81fe-4964-a90b-c9e3e207dda8@group-4D484FEF3CF3-LeaderElection15] INFO  server.RaftServerConfigKeys (ConfUtils.java:logGet(46)) - raft.server.write.byte-limit = 1024 M (=1073741824) (custom)
2024-06-08 17:12:29,152 [e3b50f59-81fe-4964-a90b-c9e3e207dda8@group-4D484FEF3CF3-LeaderElection15] INFO  server.RaftServerConfigKeys (ConfUtils.java:logGet(46)) - raft.server.watch.timeout = 3000ms (custom)
2024-06-08 17:12:29,152 [e3b50f59-81fe-4964-a90b-c9e3e207dda8@group-4D484FEF3CF3-LeaderElection15] INFO  server.RaftServerConfigKeys (ConfUtils.java:logGet(46)) - raft.server.watch.timeout.denomination = 1s (default)
2024-06-08 17:12:29,152 [e3b50f59-81fe-4964-a90b-c9e3e207dda8@group-4D484FEF3CF3-LeaderElection15] INFO  server.RaftServerConfigKeys (ConfUtils.java:logGet(46)) - raft.server.watch.element-limit = 65536 (default)
2024-06-08 17:12:29,152 [e3b50f59-81fe-4964-a90b-c9e3e207dda8@group-4D484FEF3CF3-LeaderElection15] INFO  server.RaftServerConfigKeys (ConfUtils.java:logGet(46)) - raft.server.read.leader.lease.enabled = false (default)
2024-06-08 17:12:29,152 [e3b50f59-81fe-4964-a90b-c9e3e207dda8@group-4D484FEF3CF3-LeaderElection15] INFO  server.RaftServerConfigKeys (ConfUtils.java:logGet(46)) - raft.server.read.leader.lease.timeout.ratio = 0.9 (default)
2024-06-08 17:12:29,152 [e3b50f59-81fe-4964-a90b-c9e3e207dda8@group-4D484FEF3CF3-LeaderElection15] INFO  server.RaftServerConfigKeys (ConfUtils.java:logGet(46)) - raft.server.rpc.timeout.min = 5s (custom)
2024-06-08 17:12:29,152 [e3b50f59-81fe-4964-a90b-c9e3e207dda8@group-4D484FEF3CF3-LeaderElection15] INFO  server.RaftServerConfigKeys (ConfUtils.java:logGet(46)) - raft.server.write.element-limit = 1024 (custom)
2024-06-08 17:12:29,152 [e3b50f59-81fe-4964-a90b-c9e3e207dda8@group-4D484FEF3CF3-LeaderElection15] INFO  server.RaftServerConfigKeys (ConfUtils.java:logGet(46)) - raft.server.write.follower.gap.ratio.max = -1.0 (default)
2024-06-08 17:12:29,152 [e3b50f59-81fe-4964-a90b-c9e3e207dda8@group-4D484FEF3CF3-LeaderElection15] INFO  impl.RoleInfo (RoleInfo.java:updateAndGet(139)) - e3b50f59-81fe-4964-a90b-c9e3e207dda8: start e3b50f59-81fe-4964-a90b-c9e3e207dda8@group-4D484FEF3CF3-LeaderStateImpl
2024-06-08 17:12:29,152 [e3b50f59-81fe-4964-a90b-c9e3e207dda8@group-4D484FEF3CF3-LeaderElection15] INFO  server.RaftServer$Division (RaftServerImpl.java:setFirstElection(574)) - e3b50f59-81fe-4964-a90b-c9e3e207dda8@group-4D484FEF3CF3: set firstElectionSinceStartup to false for becomeLeader
2024-06-08 17:12:29,152 [e3b50f59-81fe-4964-a90b-c9e3e207dda8@group-4D484FEF3CF3-LeaderElection15] INFO  ratis.XceiverServerRatis (XceiverServerRatis.java:handleLeaderChangedNotification(966)) - Leader change notification received for group: group-4D484FEF3CF3 with new leaderId: e3b50f59-81fe-4964-a90b-c9e3e207dda8
2024-06-08 17:12:29,152 [e3b50f59-81fe-4964-a90b-c9e3e207dda8@group-4D484FEF3CF3-LeaderElection15] INFO  server.RaftServer$Division (ServerState.java:setLeader(269)) - e3b50f59-81fe-4964-a90b-c9e3e207dda8@group-4D484FEF3CF3: change Leader from null to e3b50f59-81fe-4964-a90b-c9e3e207dda8 at term 1 for becomeLeader, leader elected after 5171ms
2024-06-08 17:12:29,153 [e3b50f59-81fe-4964-a90b-c9e3e207dda8@group-4D484FEF3CF3-LeaderElection15] INFO  segmented.SegmentedRaftLogWorker (SegmentedRaftLogWorker.java:startLogSegment(430)) - e3b50f59-81fe-4964-a90b-c9e3e207dda8@group-4D484FEF3CF3-SegmentedRaftLogWorker: Starting segment from index:0
2024-06-08 17:12:29,153 [e3b50f59-81fe-4964-a90b-c9e3e207dda8@group-4D484FEF3CF3-LeaderElection15] INFO  server.RaftServer$Division (ServerState.java:setRaftConf(386)) - e3b50f59-81fe-4964-a90b-c9e3e207dda8@group-4D484FEF3CF3: set configuration 0: peers:[e3b50f59-81fe-4964-a90b-c9e3e207dda8|127.0.0.1:15067]|listeners:[], old=null
2024-06-08 17:12:29,153 [e3b50f59-81fe-4964-a90b-c9e3e207dda8@group-4D484FEF3CF3-SegmentedRaftLogWorker] INFO  segmented.BufferedWriteChannel (BufferedWriteChannel.java:open(62)) - open log_inprogress_0 at position 0
2024-06-08 17:12:29,155 [b58efb8a-bcce-4b5c-ba4f-ff0c627932bf@group-A0D4059F2016-LeaderElection16] INFO  impl.LeaderElection (LeaderElection.java:askForVotes(321)) - b58efb8a-bcce-4b5c-ba4f-ff0c627932bf@group-A0D4059F2016-LeaderElection16 ELECTION round 0: submit vote requests at term 1 for -1: peers:[b58efb8a-bcce-4b5c-ba4f-ff0c627932bf|127.0.0.1:15085]|listeners:[], old=null
2024-06-08 17:12:29,156 [b58efb8a-bcce-4b5c-ba4f-ff0c627932bf@group-A0D4059F2016-LeaderElection16] INFO  impl.LeaderElection (LeaderElection.java:askForVotes(323)) - b58efb8a-bcce-4b5c-ba4f-ff0c627932bf@group-A0D4059F2016-LeaderElection16 ELECTION round 0: result PASSED (term=1)
2024-06-08 17:12:29,156 [b58efb8a-bcce-4b5c-ba4f-ff0c627932bf@group-A0D4059F2016-LeaderElection16] INFO  impl.RoleInfo (RoleInfo.java:shutdownLeaderElection(130)) - b58efb8a-bcce-4b5c-ba4f-ff0c627932bf: shutdown b58efb8a-bcce-4b5c-ba4f-ff0c627932bf@group-A0D4059F2016-LeaderElection16
2024-06-08 17:12:29,156 [b58efb8a-bcce-4b5c-ba4f-ff0c627932bf@group-A0D4059F2016-LeaderElection16] INFO  server.RaftServer$Division (RaftServerImpl.java:setRole(383)) - b58efb8a-bcce-4b5c-ba4f-ff0c627932bf@group-A0D4059F2016: changes role from CANDIDATE to LEADER at term 1 for changeToLeader
2024-06-08 17:12:29,156 [b58efb8a-bcce-4b5c-ba4f-ff0c627932bf@group-A0D4059F2016-LeaderElection16] INFO  server.RaftServerConfigKeys (ConfUtils.java:logGet(46)) - raft.server.staging.catchup.gap = 1000 (default)
2024-06-08 17:12:29,157 [b58efb8a-bcce-4b5c-ba4f-ff0c627932bf@group-A0D4059F2016-LeaderElection16] INFO  server.RaftServerConfigKeys (ConfUtils.java:logGet(46)) - raft.server.write.element-limit = 1024 (custom)
2024-06-08 17:12:29,157 [b58efb8a-bcce-4b5c-ba4f-ff0c627932bf@group-A0D4059F2016-LeaderElection16] INFO  server.RaftServerConfigKeys (ConfUtils.java:logGet(46)) - raft.server.write.byte-limit = 1024 M (=1073741824) (custom)
2024-06-08 17:12:29,157 [b58efb8a-bcce-4b5c-ba4f-ff0c627932bf@group-A0D4059F2016-LeaderElection16] INFO  server.RaftServerConfigKeys (ConfUtils.java:logGet(46)) - raft.server.watch.timeout = 3000ms (custom)
2024-06-08 17:12:29,157 [b58efb8a-bcce-4b5c-ba4f-ff0c627932bf@group-A0D4059F2016-LeaderElection16] INFO  server.RaftServerConfigKeys (ConfUtils.java:logGet(46)) - raft.server.watch.timeout.denomination = 1s (default)
2024-06-08 17:12:29,157 [b58efb8a-bcce-4b5c-ba4f-ff0c627932bf@group-A0D4059F2016-LeaderElection16] INFO  server.RaftServerConfigKeys (ConfUtils.java:logGet(46)) - raft.server.watch.element-limit = 65536 (default)
2024-06-08 17:12:29,157 [b58efb8a-bcce-4b5c-ba4f-ff0c627932bf@group-A0D4059F2016-LeaderElection16] INFO  server.RaftServerConfigKeys (ConfUtils.java:logGet(46)) - raft.server.read.leader.lease.enabled = false (default)
2024-06-08 17:12:29,157 [b58efb8a-bcce-4b5c-ba4f-ff0c627932bf@group-A0D4059F2016-LeaderElection16] INFO  server.RaftServerConfigKeys (ConfUtils.java:logGet(46)) - raft.server.read.leader.lease.timeout.ratio = 0.9 (default)
2024-06-08 17:12:29,157 [b58efb8a-bcce-4b5c-ba4f-ff0c627932bf@group-A0D4059F2016-LeaderElection16] INFO  server.RaftServerConfigKeys (ConfUtils.java:logGet(46)) - raft.server.rpc.timeout.min = 5s (custom)
2024-06-08 17:12:29,157 [b58efb8a-bcce-4b5c-ba4f-ff0c627932bf@group-A0D4059F2016-LeaderElection16] INFO  server.RaftServerConfigKeys (ConfUtils.java:logGet(46)) - raft.server.write.element-limit = 1024 (custom)
2024-06-08 17:12:29,157 [b58efb8a-bcce-4b5c-ba4f-ff0c627932bf@group-A0D4059F2016-LeaderElection16] INFO  server.RaftServerConfigKeys (ConfUtils.java:logGet(46)) - raft.server.write.follower.gap.ratio.max = -1.0 (default)
2024-06-08 17:12:29,157 [b58efb8a-bcce-4b5c-ba4f-ff0c627932bf@group-A0D4059F2016-LeaderElection16] INFO  impl.RoleInfo (RoleInfo.java:updateAndGet(139)) - b58efb8a-bcce-4b5c-ba4f-ff0c627932bf: start b58efb8a-bcce-4b5c-ba4f-ff0c627932bf@group-A0D4059F2016-LeaderStateImpl
2024-06-08 17:12:29,157 [b58efb8a-bcce-4b5c-ba4f-ff0c627932bf@group-A0D4059F2016-LeaderElection16] INFO  server.RaftServer$Division (RaftServerImpl.java:setFirstElection(574)) - b58efb8a-bcce-4b5c-ba4f-ff0c627932bf@group-A0D4059F2016: set firstElectionSinceStartup to false for becomeLeader
2024-06-08 17:12:29,157 [b58efb8a-bcce-4b5c-ba4f-ff0c627932bf@group-A0D4059F2016-LeaderElection16] INFO  ratis.XceiverServerRatis (XceiverServerRatis.java:handleLeaderChangedNotification(966)) - Leader change notification received for group: group-A0D4059F2016 with new leaderId: b58efb8a-bcce-4b5c-ba4f-ff0c627932bf
2024-06-08 17:12:29,158 [b58efb8a-bcce-4b5c-ba4f-ff0c627932bf@group-A0D4059F2016-LeaderElection16] INFO  server.RaftServer$Division (ServerState.java:setLeader(269)) - b58efb8a-bcce-4b5c-ba4f-ff0c627932bf@group-A0D4059F2016: change Leader from null to b58efb8a-bcce-4b5c-ba4f-ff0c627932bf at term 1 for becomeLeader, leader elected after 5039ms
2024-06-08 17:12:29,158 [b58efb8a-bcce-4b5c-ba4f-ff0c627932bf@group-A0D4059F2016-LeaderElection16] INFO  segmented.SegmentedRaftLogWorker (SegmentedRaftLogWorker.java:startLogSegment(430)) - b58efb8a-bcce-4b5c-ba4f-ff0c627932bf@group-A0D4059F2016-SegmentedRaftLogWorker: Starting segment from index:0
2024-06-08 17:12:29,159 [b58efb8a-bcce-4b5c-ba4f-ff0c627932bf@group-A0D4059F2016-LeaderElection16] INFO  server.RaftServer$Division (ServerState.java:setRaftConf(386)) - b58efb8a-bcce-4b5c-ba4f-ff0c627932bf@group-A0D4059F2016: set configuration 0: peers:[b58efb8a-bcce-4b5c-ba4f-ff0c627932bf|127.0.0.1:15085]|listeners:[], old=null
2024-06-08 17:12:29,159 [b58efb8a-bcce-4b5c-ba4f-ff0c627932bf@group-A0D4059F2016-SegmentedRaftLogWorker] INFO  segmented.BufferedWriteChannel (BufferedWriteChannel.java:open(62)) - open log_inprogress_0 at position 0
2024-06-08 17:12:29,161 [e3b50f59-81fe-4964-a90b-c9e3e207dda8@group-4D484FEF3CF3-SegmentedRaftLogWorker] INFO  segmented.SegmentedRaftLogWorker (SegmentedRaftLogWorker.java:execute(634)) - e3b50f59-81fe-4964-a90b-c9e3e207dda8@group-4D484FEF3CF3-SegmentedRaftLogWorker: created new log segment /home/runner/work/ozone/ozone/hadoop-ozone/integration-test/target/test-dir/MiniOzoneClusterImpl-6b59e386-941c-4981-b753-7806b34dbc05/ozone-meta/datanode-1/ratis/44a274a6-5941-4856-b500-4d484fef3cf3/current/log_inprogress_0
2024-06-08 17:12:29,165 [e3b50f59-81fe-4964-a90b-c9e3e207dda8@group-4D484FEF3CF3-StateMachineUpdater] INFO  server.RaftServer$Division (LeaderStateImpl.java:isApplied(320)) - leader is ready since appliedIndex == 0 >= startIndex == 0
2024-06-08 17:12:29,167 [b58efb8a-bcce-4b5c-ba4f-ff0c627932bf@group-A0D4059F2016-SegmentedRaftLogWorker] INFO  segmented.SegmentedRaftLogWorker (SegmentedRaftLogWorker.java:execute(634)) - b58efb8a-bcce-4b5c-ba4f-ff0c627932bf@group-A0D4059F2016-SegmentedRaftLogWorker: created new log segment /home/runner/work/ozone/ozone/hadoop-ozone/integration-test/target/test-dir/MiniOzoneClusterImpl-6b59e386-941c-4981-b753-7806b34dbc05/ozone-meta/datanode-3/ratis/9991c400-dfa5-4715-b5a1-a0d4059f2016/current/log_inprogress_0
2024-06-08 17:12:29,168 [b58efb8a-bcce-4b5c-ba4f-ff0c627932bf@group-A0D4059F2016-StateMachineUpdater] INFO  server.RaftServer$Division (LeaderStateImpl.java:isApplied(320)) - leader is ready since appliedIndex == 0 >= startIndex == 0
2024-06-08 17:12:29,239 [e3b50f59-81fe-4964-a90b-c9e3e207dda8@group-4BD12810AED6-FollowerState] INFO  impl.FollowerState (FollowerState.java:run(143)) - e3b50f59-81fe-4964-a90b-c9e3e207dda8@group-4BD12810AED6-FollowerState: change to CANDIDATE, lastRpcElapsedTime:5130455831ns, electionTimeout:5128ms
2024-06-08 17:12:29,239 [e3b50f59-81fe-4964-a90b-c9e3e207dda8@group-4BD12810AED6-FollowerState] INFO  impl.RoleInfo (RoleInfo.java:shutdownFollowerState(110)) - e3b50f59-81fe-4964-a90b-c9e3e207dda8: shutdown e3b50f59-81fe-4964-a90b-c9e3e207dda8@group-4BD12810AED6-FollowerState
2024-06-08 17:12:29,239 [e3b50f59-81fe-4964-a90b-c9e3e207dda8@group-4BD12810AED6-FollowerState] INFO  server.RaftServer$Division (RaftServerImpl.java:setRole(383)) - e3b50f59-81fe-4964-a90b-c9e3e207dda8@group-4BD12810AED6: changes role from  FOLLOWER to CANDIDATE at term 0 for changeToCandidate
2024-06-08 17:12:29,239 [e3b50f59-81fe-4964-a90b-c9e3e207dda8@group-4BD12810AED6-FollowerState] INFO  server.RaftServerConfigKeys (ConfUtils.java:logGet(46)) - raft.server.leaderelection.pre-vote = true (default)
2024-06-08 17:12:29,239 [e3b50f59-81fe-4964-a90b-c9e3e207dda8@group-4BD12810AED6-FollowerState] INFO  impl.RoleInfo (RoleInfo.java:updateAndGet(139)) - e3b50f59-81fe-4964-a90b-c9e3e207dda8: start e3b50f59-81fe-4964-a90b-c9e3e207dda8@group-4BD12810AED6-LeaderElection17
2024-06-08 17:12:29,240 [e3b50f59-81fe-4964-a90b-c9e3e207dda8@group-4BD12810AED6-LeaderElection17] INFO  impl.LeaderElection (LeaderElection.java:askForVotes(321)) - e3b50f59-81fe-4964-a90b-c9e3e207dda8@group-4BD12810AED6-LeaderElection17 PRE_VOTE round 0: submit vote requests at term 0 for -1: peers:[b8911061-d087-4ec2-bfc4-9091de9e538b|127.0.0.1:15076, e3b50f59-81fe-4964-a90b-c9e3e207dda8|127.0.0.1:15067, b58efb8a-bcce-4b5c-ba4f-ff0c627932bf|127.0.0.1:15085]|listeners:[], old=null
2024-06-08 17:12:29,240 [e3b50f59-81fe-4964-a90b-c9e3e207dda8@group-4BD12810AED6-LeaderElection17] INFO  server.RaftServerConfigKeys (ConfUtils.java:logFallback(53)) - raft.server.rpc.first-election.timeout.min = 5s (fallback to raft.server.rpc.timeout.min)
2024-06-08 17:12:29,240 [e3b50f59-81fe-4964-a90b-c9e3e207dda8@group-4BD12810AED6-LeaderElection17] INFO  server.RaftServerConfigKeys (ConfUtils.java:logFallback(53)) - raft.server.rpc.first-election.timeout.max = 5200ms (fallback to raft.server.rpc.timeout.max)
2024-06-08 17:12:29,242 [grpc-default-executor-3] INFO  server.RaftServer$Division (RaftServerImpl.java:requestVote(1389)) - b8911061-d087-4ec2-bfc4-9091de9e538b@group-4BD12810AED6: receive requestVote(PRE_VOTE, e3b50f59-81fe-4964-a90b-c9e3e207dda8, group-4BD12810AED6, 0, (t:0, i:0))
2024-06-08 17:12:29,242 [grpc-default-executor-2] INFO  server.RaftServer$Division (RaftServerImpl.java:requestVote(1389)) - b58efb8a-bcce-4b5c-ba4f-ff0c627932bf@group-4BD12810AED6: receive requestVote(PRE_VOTE, e3b50f59-81fe-4964-a90b-c9e3e207dda8, group-4BD12810AED6, 0, (t:0, i:0))
2024-06-08 17:12:29,243 [grpc-default-executor-2] INFO  impl.VoteContext (VoteContext.java:log(49)) - b58efb8a-bcce-4b5c-ba4f-ff0c627932bf@group-4BD12810AED6-FOLLOWER: reject PRE_VOTE from e3b50f59-81fe-4964-a90b-c9e3e207dda8: our priority 1 > candidate's priority 0
2024-06-08 17:12:29,243 [grpc-default-executor-2] INFO  server.RaftServer$Division (RaftServerImpl.java:requestVote(1422)) - b58efb8a-bcce-4b5c-ba4f-ff0c627932bf@group-4BD12810AED6 replies to PRE_VOTE vote request: e3b50f59-81fe-4964-a90b-c9e3e207dda8<-b58efb8a-bcce-4b5c-ba4f-ff0c627932bf#0:FAIL-t0. Peer's state: b58efb8a-bcce-4b5c-ba4f-ff0c627932bf@group-4BD12810AED6:t0, leader=null, voted=, raftlog=Memoized:b58efb8a-bcce-4b5c-ba4f-ff0c627932bf@group-4BD12810AED6-SegmentedRaftLog:OPENED:c-1, conf=-1: peers:[b8911061-d087-4ec2-bfc4-9091de9e538b|127.0.0.1:15076, e3b50f59-81fe-4964-a90b-c9e3e207dda8|127.0.0.1:15067, b58efb8a-bcce-4b5c-ba4f-ff0c627932bf|127.0.0.1:15085]|listeners:[], old=null
2024-06-08 17:12:29,243 [grpc-default-executor-3] INFO  impl.VoteContext (VoteContext.java:log(49)) - b8911061-d087-4ec2-bfc4-9091de9e538b@group-4BD12810AED6-FOLLOWER: accept PRE_VOTE from e3b50f59-81fe-4964-a90b-c9e3e207dda8: our priority 0 <= candidate's priority 0
2024-06-08 17:12:29,243 [grpc-default-executor-3] INFO  server.RaftServer$Division (RaftServerImpl.java:requestVote(1422)) - b8911061-d087-4ec2-bfc4-9091de9e538b@group-4BD12810AED6 replies to PRE_VOTE vote request: e3b50f59-81fe-4964-a90b-c9e3e207dda8<-b8911061-d087-4ec2-bfc4-9091de9e538b#0:OK-t0. Peer's state: b8911061-d087-4ec2-bfc4-9091de9e538b@group-4BD12810AED6:t0, leader=null, voted=, raftlog=Memoized:b8911061-d087-4ec2-bfc4-9091de9e538b@group-4BD12810AED6-SegmentedRaftLog:OPENED:c-1, conf=-1: peers:[b8911061-d087-4ec2-bfc4-9091de9e538b|127.0.0.1:15076, e3b50f59-81fe-4964-a90b-c9e3e207dda8|127.0.0.1:15067, b58efb8a-bcce-4b5c-ba4f-ff0c627932bf|127.0.0.1:15085]|listeners:[], old=null
2024-06-08 17:12:29,243 [b8911061-d087-4ec2-bfc4-9091de9e538b@group-9D1B5707D807-FollowerState] INFO  impl.FollowerState (FollowerState.java:run(143)) - b8911061-d087-4ec2-bfc4-9091de9e538b@group-9D1B5707D807-FollowerState: change to CANDIDATE, lastRpcElapsedTime:5172684832ns, electionTimeout:5170ms
2024-06-08 17:12:29,243 [b8911061-d087-4ec2-bfc4-9091de9e538b@group-9D1B5707D807-FollowerState] INFO  impl.RoleInfo (RoleInfo.java:shutdownFollowerState(110)) - b8911061-d087-4ec2-bfc4-9091de9e538b: shutdown b8911061-d087-4ec2-bfc4-9091de9e538b@group-9D1B5707D807-FollowerState
2024-06-08 17:12:29,243 [b8911061-d087-4ec2-bfc4-9091de9e538b@group-9D1B5707D807-FollowerState] INFO  server.RaftServer$Division (RaftServerImpl.java:setRole(383)) - b8911061-d087-4ec2-bfc4-9091de9e538b@group-9D1B5707D807: changes role from  FOLLOWER to CANDIDATE at term 0 for changeToCandidate
2024-06-08 17:12:29,244 [b8911061-d087-4ec2-bfc4-9091de9e538b@group-9D1B5707D807-FollowerState] INFO  server.RaftServerConfigKeys (ConfUtils.java:logGet(46)) - raft.server.leaderelection.pre-vote = true (default)
2024-06-08 17:12:29,244 [b8911061-d087-4ec2-bfc4-9091de9e538b@group-9D1B5707D807-FollowerState] INFO  impl.RoleInfo (RoleInfo.java:updateAndGet(139)) - b8911061-d087-4ec2-bfc4-9091de9e538b: start b8911061-d087-4ec2-bfc4-9091de9e538b@group-9D1B5707D807-LeaderElection18
2024-06-08 17:12:29,244 [b8911061-d087-4ec2-bfc4-9091de9e538b@group-9D1B5707D807-LeaderElection18] INFO  impl.LeaderElection (LeaderElection.java:askForVotes(321)) - b8911061-d087-4ec2-bfc4-9091de9e538b@group-9D1B5707D807-LeaderElection18 PRE_VOTE round 0: submit vote requests at term 0 for -1: peers:[b8911061-d087-4ec2-bfc4-9091de9e538b|127.0.0.1:15076]|listeners:[], old=null
2024-06-08 17:12:29,245 [b8911061-d087-4ec2-bfc4-9091de9e538b@group-9D1B5707D807-LeaderElection18] INFO  impl.LeaderElection (LeaderElection.java:askForVotes(323)) - b8911061-d087-4ec2-bfc4-9091de9e538b@group-9D1B5707D807-LeaderElection18 PRE_VOTE round 0: result PASSED (term=0)
2024-06-08 17:12:29,246 [e3b50f59-81fe-4964-a90b-c9e3e207dda8@group-4BD12810AED6-LeaderElection17] INFO  impl.LeaderElection (LeaderElection.java:logAndReturn(89)) - e3b50f59-81fe-4964-a90b-c9e3e207dda8@group-4BD12810AED6-LeaderElection17: PRE_VOTE REJECTED received 2 response(s) and 0 exception(s):
2024-06-08 17:12:29,246 [e3b50f59-81fe-4964-a90b-c9e3e207dda8@group-4BD12810AED6-LeaderElection17] INFO  impl.LeaderElection (LeaderElection.java:logAndReturn(93)) -   Response 0: e3b50f59-81fe-4964-a90b-c9e3e207dda8<-b8911061-d087-4ec2-bfc4-9091de9e538b#0:OK-t0
2024-06-08 17:12:29,246 [e3b50f59-81fe-4964-a90b-c9e3e207dda8@group-4BD12810AED6-LeaderElection17] INFO  impl.LeaderElection (LeaderElection.java:logAndReturn(93)) -   Response 1: e3b50f59-81fe-4964-a90b-c9e3e207dda8<-b58efb8a-bcce-4b5c-ba4f-ff0c627932bf#0:FAIL-t0
2024-06-08 17:12:29,246 [e3b50f59-81fe-4964-a90b-c9e3e207dda8@group-4BD12810AED6-LeaderElection17] INFO  impl.LeaderElection (LeaderElection.java:askForVotes(323)) - e3b50f59-81fe-4964-a90b-c9e3e207dda8@group-4BD12810AED6-LeaderElection17 PRE_VOTE round 0: result REJECTED
2024-06-08 17:12:29,246 [e3b50f59-81fe-4964-a90b-c9e3e207dda8@group-4BD12810AED6-LeaderElection17] INFO  server.RaftServer$Division (RaftServerImpl.java:setRole(383)) - e3b50f59-81fe-4964-a90b-c9e3e207dda8@group-4BD12810AED6: changes role from CANDIDATE to FOLLOWER at term 0 for REJECTED
2024-06-08 17:12:29,246 [e3b50f59-81fe-4964-a90b-c9e3e207dda8@group-4BD12810AED6-LeaderElection17] INFO  impl.RoleInfo (RoleInfo.java:shutdownLeaderElection(130)) - e3b50f59-81fe-4964-a90b-c9e3e207dda8: shutdown e3b50f59-81fe-4964-a90b-c9e3e207dda8@group-4BD12810AED6-LeaderElection17
2024-06-08 17:12:29,246 [e3b50f59-81fe-4964-a90b-c9e3e207dda8@group-4BD12810AED6-LeaderElection17] INFO  impl.RoleInfo (RoleInfo.java:updateAndGet(139)) - e3b50f59-81fe-4964-a90b-c9e3e207dda8: start e3b50f59-81fe-4964-a90b-c9e3e207dda8@group-4BD12810AED6-FollowerState
2024-06-08 17:12:29,246 [b8911061-d087-4ec2-bfc4-9091de9e538b@group-9D1B5707D807-LeaderElection18] INFO  impl.LeaderElection (LeaderElection.java:askForVotes(321)) - b8911061-d087-4ec2-bfc4-9091de9e538b@group-9D1B5707D807-LeaderElection18 ELECTION round 0: submit vote requests at term 1 for -1: peers:[b8911061-d087-4ec2-bfc4-9091de9e538b|127.0.0.1:15076]|listeners:[], old=null
2024-06-08 17:12:29,247 [b8911061-d087-4ec2-bfc4-9091de9e538b@group-9D1B5707D807-LeaderElection18] INFO  impl.LeaderElection (LeaderElection.java:askForVotes(323)) - b8911061-d087-4ec2-bfc4-9091de9e538b@group-9D1B5707D807-LeaderElection18 ELECTION round 0: result PASSED (term=1)
2024-06-08 17:12:29,247 [b8911061-d087-4ec2-bfc4-9091de9e538b@group-9D1B5707D807-LeaderElection18] INFO  impl.RoleInfo (RoleInfo.java:shutdownLeaderElection(130)) - b8911061-d087-4ec2-bfc4-9091de9e538b: shutdown b8911061-d087-4ec2-bfc4-9091de9e538b@group-9D1B5707D807-LeaderElection18
2024-06-08 17:12:29,247 [b8911061-d087-4ec2-bfc4-9091de9e538b@group-9D1B5707D807-LeaderElection18] INFO  server.RaftServer$Division (RaftServerImpl.java:setRole(383)) - b8911061-d087-4ec2-bfc4-9091de9e538b@group-9D1B5707D807: changes role from CANDIDATE to LEADER at term 1 for changeToLeader
2024-06-08 17:12:29,247 [b8911061-d087-4ec2-bfc4-9091de9e538b@group-9D1B5707D807-LeaderElection18] INFO  server.RaftServerConfigKeys (ConfUtils.java:logGet(46)) - raft.server.staging.catchup.gap = 1000 (default)
2024-06-08 17:12:29,247 [b8911061-d087-4ec2-bfc4-9091de9e538b@group-9D1B5707D807-LeaderElection18] INFO  server.RaftServerConfigKeys (ConfUtils.java:logGet(46)) - raft.server.write.element-limit = 1024 (custom)
2024-06-08 17:12:29,247 [b8911061-d087-4ec2-bfc4-9091de9e538b@group-9D1B5707D807-LeaderElection18] INFO  server.RaftServerConfigKeys (ConfUtils.java:logGet(46)) - raft.server.write.byte-limit = 1024 M (=1073741824) (custom)
2024-06-08 17:12:29,247 [b8911061-d087-4ec2-bfc4-9091de9e538b@group-9D1B5707D807-LeaderElection18] INFO  server.RaftServerConfigKeys (ConfUtils.java:logGet(46)) - raft.server.watch.timeout = 3000ms (custom)
2024-06-08 17:12:29,247 [b8911061-d087-4ec2-bfc4-9091de9e538b@group-9D1B5707D807-LeaderElection18] INFO  server.RaftServerConfigKeys (ConfUtils.java:logGet(46)) - raft.server.watch.timeout.denomination = 1s (default)
2024-06-08 17:12:29,247 [b8911061-d087-4ec2-bfc4-9091de9e538b@group-9D1B5707D807-LeaderElection18] INFO  server.RaftServerConfigKeys (ConfUtils.java:logGet(46)) - raft.server.watch.element-limit = 65536 (default)
2024-06-08 17:12:29,247 [b8911061-d087-4ec2-bfc4-9091de9e538b@group-9D1B5707D807-LeaderElection18] INFO  server.RaftServerConfigKeys (ConfUtils.java:logGet(46)) - raft.server.read.leader.lease.enabled = false (default)
2024-06-08 17:12:29,248 [b8911061-d087-4ec2-bfc4-9091de9e538b@group-9D1B5707D807-LeaderElection18] INFO  server.RaftServerConfigKeys (ConfUtils.java:logGet(46)) - raft.server.read.leader.lease.timeout.ratio = 0.9 (default)
2024-06-08 17:12:29,248 [b8911061-d087-4ec2-bfc4-9091de9e538b@group-9D1B5707D807-LeaderElection18] INFO  server.RaftServerConfigKeys (ConfUtils.java:logGet(46)) - raft.server.rpc.timeout.min = 5s (custom)
2024-06-08 17:12:29,248 [b8911061-d087-4ec2-bfc4-9091de9e538b@group-9D1B5707D807-LeaderElection18] INFO  server.RaftServerConfigKeys (ConfUtils.java:logGet(46)) - raft.server.write.element-limit = 1024 (custom)
2024-06-08 17:12:29,248 [b8911061-d087-4ec2-bfc4-9091de9e538b@group-9D1B5707D807-LeaderElection18] INFO  server.RaftServerConfigKeys (ConfUtils.java:logGet(46)) - raft.server.write.follower.gap.ratio.max = -1.0 (default)
2024-06-08 17:12:29,248 [b8911061-d087-4ec2-bfc4-9091de9e538b@group-9D1B5707D807-LeaderElection18] INFO  impl.RoleInfo (RoleInfo.java:updateAndGet(139)) - b8911061-d087-4ec2-bfc4-9091de9e538b: start b8911061-d087-4ec2-bfc4-9091de9e538b@group-9D1B5707D807-LeaderStateImpl
2024-06-08 17:12:29,248 [b8911061-d087-4ec2-bfc4-9091de9e538b@group-9D1B5707D807-LeaderElection18] INFO  server.RaftServer$Division (RaftServerImpl.java:setFirstElection(574)) - b8911061-d087-4ec2-bfc4-9091de9e538b@group-9D1B5707D807: set firstElectionSinceStartup to false for becomeLeader
2024-06-08 17:12:29,248 [b8911061-d087-4ec2-bfc4-9091de9e538b@group-9D1B5707D807-LeaderElection18] INFO  ratis.XceiverServerRatis (XceiverServerRatis.java:handleLeaderChangedNotification(966)) - Leader change notification received for group: group-9D1B5707D807 with new leaderId: b8911061-d087-4ec2-bfc4-9091de9e538b
2024-06-08 17:12:29,248 [b8911061-d087-4ec2-bfc4-9091de9e538b@group-9D1B5707D807-LeaderElection18] INFO  server.RaftServer$Division (ServerState.java:setLeader(269)) - b8911061-d087-4ec2-bfc4-9091de9e538b@group-9D1B5707D807: change Leader from null to b8911061-d087-4ec2-bfc4-9091de9e538b at term 1 for becomeLeader, leader elected after 5196ms
2024-06-08 17:12:29,248 [b8911061-d087-4ec2-bfc4-9091de9e538b@group-9D1B5707D807-LeaderElection18] INFO  segmented.SegmentedRaftLogWorker (SegmentedRaftLogWorker.java:startLogSegment(430)) - b8911061-d087-4ec2-bfc4-9091de9e538b@group-9D1B5707D807-SegmentedRaftLogWorker: Starting segment from index:0
2024-06-08 17:12:29,249 [b8911061-d087-4ec2-bfc4-9091de9e538b@group-9D1B5707D807-LeaderElection18] INFO  server.RaftServer$Division (ServerState.java:setRaftConf(386)) - b8911061-d087-4ec2-bfc4-9091de9e538b@group-9D1B5707D807: set configuration 0: peers:[b8911061-d087-4ec2-bfc4-9091de9e538b|127.0.0.1:15076]|listeners:[], old=null
2024-06-08 17:12:29,249 [e3b50f59-81fe-4964-a90b-c9e3e207dda8@group-4BD12810AED6-LeaderElection17] INFO  server.RaftServer$Division (RaftServerImpl.java:setFirstElection(574)) - e3b50f59-81fe-4964-a90b-c9e3e207dda8@group-4BD12810AED6: set firstElectionSinceStartup to false for REJECTED
2024-06-08 17:12:29,249 [b8911061-d087-4ec2-bfc4-9091de9e538b@group-9D1B5707D807-SegmentedRaftLogWorker] INFO  segmented.BufferedWriteChannel (BufferedWriteChannel.java:open(62)) - open log_inprogress_0 at position 0
2024-06-08 17:12:29,254 [main] INFO  ozone.MiniOzoneClusterImpl (MiniOzoneClusterImpl.java:lambda$waitForClusterToBeReady$0(194)) - Nodes are ready. Got 5 of 5 DN Heartbeats.
2024-06-08 17:12:29,254 [main] INFO  ozone.MiniOzoneClusterImpl (MiniOzoneClusterImpl.java:lambda$waitForClusterToBeReady$0(197)) - Cluster exits safe mode
2024-06-08 17:12:29,254 [main] INFO  ozone.MiniOzoneClusterImpl (MiniOzoneClusterImpl.java:lambda$waitForClusterToBeReady$0(199)) - SCM became leader
2024-06-08 17:12:29,257 [b8911061-d087-4ec2-bfc4-9091de9e538b@group-9D1B5707D807-SegmentedRaftLogWorker] INFO  segmented.SegmentedRaftLogWorker (SegmentedRaftLogWorker.java:execute(634)) - b8911061-d087-4ec2-bfc4-9091de9e538b@group-9D1B5707D807-SegmentedRaftLogWorker: created new log segment /home/runner/work/ozone/ozone/hadoop-ozone/integration-test/target/test-dir/MiniOzoneClusterImpl-6b59e386-941c-4981-b753-7806b34dbc05/ozone-meta/datanode-2/ratis/8f3c9ac3-1342-476a-b2df-9d1b5707d807/current/log_inprogress_0
2024-06-08 17:12:29,261 [b8911061-d087-4ec2-bfc4-9091de9e538b@group-9D1B5707D807-StateMachineUpdater] INFO  server.RaftServer$Division (LeaderStateImpl.java:isApplied(320)) - leader is ready since appliedIndex == 0 >= startIndex == 0
2024-06-08 17:12:29,262 [main] INFO  rpc.RpcClient (RpcClient.java:createVolume(473)) - Creating Volume: testblockoutputstream, with runner as owner and space quota set to -1 bytes, counts quota set to -1
2024-06-08 17:12:29,268 [om1-OMStateMachineApplyTransactionThread - 0] INFO  volume.OMVolumeCreateRequest (OMVolumeCreateRequest.java:validateAndUpdateCache(198)) - created volume:testblockoutputstream for user:runner
2024-06-08 17:12:29,273 [main] INFO  rpc.RpcClient (RpcClient.java:createBucket(699)) - Creating Bucket: testblockoutputstream/testblockoutputstream, with server-side default bucket layout, runner as owner, Versioning false, Storage Type set to DISK and Encryption set to false, Replication Type set to server-side default replication type, Namespace Quota set to -1, Space Quota set to -1 
2024-06-08 17:12:29,274 [b8911061-d087-4ec2-bfc4-9091de9e538b@group-4BD12810AED6-FollowerState] INFO  server.RaftServerConfigKeys (ConfUtils.java:logFallback(53)) - raft.server.rpc.first-election.timeout.min = 5s (fallback to raft.server.rpc.timeout.min)
2024-06-08 17:12:29,274 [b8911061-d087-4ec2-bfc4-9091de9e538b@group-4BD12810AED6-FollowerState] INFO  server.RaftServerConfigKeys (ConfUtils.java:logFallback(53)) - raft.server.rpc.first-election.timeout.max = 5200ms (fallback to raft.server.rpc.timeout.max)
2024-06-08 17:12:29,275 [4a3afcc0-0f17-4502-9539-e074401f0f0d@group-8A0B6D5C64A2-FollowerState] INFO  impl.FollowerState (FollowerState.java:run(143)) - 4a3afcc0-0f17-4502-9539-e074401f0f0d@group-8A0B6D5C64A2-FollowerState: change to CANDIDATE, lastRpcElapsedTime:5006757851ns, electionTimeout:5006ms
2024-06-08 17:12:29,275 [4a3afcc0-0f17-4502-9539-e074401f0f0d@group-8A0B6D5C64A2-FollowerState] INFO  impl.RoleInfo (RoleInfo.java:shutdownFollowerState(110)) - 4a3afcc0-0f17-4502-9539-e074401f0f0d: shutdown 4a3afcc0-0f17-4502-9539-e074401f0f0d@group-8A0B6D5C64A2-FollowerState
2024-06-08 17:12:29,275 [4a3afcc0-0f17-4502-9539-e074401f0f0d@group-8A0B6D5C64A2-FollowerState] INFO  server.RaftServer$Division (RaftServerImpl.java:setRole(383)) - 4a3afcc0-0f17-4502-9539-e074401f0f0d@group-8A0B6D5C64A2: changes role from  FOLLOWER to CANDIDATE at term 0 for changeToCandidate
2024-06-08 17:12:29,276 [4a3afcc0-0f17-4502-9539-e074401f0f0d@group-8A0B6D5C64A2-FollowerState] INFO  server.RaftServerConfigKeys (ConfUtils.java:logGet(46)) - raft.server.leaderelection.pre-vote = true (default)
2024-06-08 17:12:29,276 [4a3afcc0-0f17-4502-9539-e074401f0f0d@group-8A0B6D5C64A2-FollowerState] INFO  impl.RoleInfo (RoleInfo.java:updateAndGet(139)) - 4a3afcc0-0f17-4502-9539-e074401f0f0d: start 4a3afcc0-0f17-4502-9539-e074401f0f0d@group-8A0B6D5C64A2-LeaderElection19
2024-06-08 17:12:29,277 [om1-OMStateMachineApplyTransactionThread - 0] INFO  bucket.OMBucketCreateRequest (OMBucketCreateRequest.java:validateAndUpdateCache(293)) - created bucket: testblockoutputstream of layout FILE_SYSTEM_OPTIMIZED in volume: testblockoutputstream
2024-06-08 17:12:29,282 [4a3afcc0-0f17-4502-9539-e074401f0f0d@group-8A0B6D5C64A2-LeaderElection19] INFO  impl.LeaderElection (LeaderElection.java:askForVotes(321)) - 4a3afcc0-0f17-4502-9539-e074401f0f0d@group-8A0B6D5C64A2-LeaderElection19 PRE_VOTE round 0: submit vote requests at term 0 for -1: peers:[4a3afcc0-0f17-4502-9539-e074401f0f0d|127.0.0.1:15103]|listeners:[], old=null
2024-06-08 17:12:29,282 [4a3afcc0-0f17-4502-9539-e074401f0f0d@group-8A0B6D5C64A2-LeaderElection19] INFO  impl.LeaderElection (LeaderElection.java:askForVotes(323)) - 4a3afcc0-0f17-4502-9539-e074401f0f0d@group-8A0B6D5C64A2-LeaderElection19 PRE_VOTE round 0: result PASSED (term=0)
2024-06-08 17:12:29,282 [5b9ea29f-4e96-47ac-97d6-33d0cc39064b@group-C6684CF3AB6D-FollowerState] INFO  impl.FollowerState (FollowerState.java:run(143)) - 5b9ea29f-4e96-47ac-97d6-33d0cc39064b@group-C6684CF3AB6D-FollowerState: change to CANDIDATE, lastRpcElapsedTime:5020665278ns, electionTimeout:5018ms
2024-06-08 17:12:29,282 [5b9ea29f-4e96-47ac-97d6-33d0cc39064b@group-C6684CF3AB6D-FollowerState] INFO  impl.RoleInfo (RoleInfo.java:shutdownFollowerState(110)) - 5b9ea29f-4e96-47ac-97d6-33d0cc39064b: shutdown 5b9ea29f-4e96-47ac-97d6-33d0cc39064b@group-C6684CF3AB6D-FollowerState
2024-06-08 17:12:29,283 [5b9ea29f-4e96-47ac-97d6-33d0cc39064b@group-C6684CF3AB6D-FollowerState] INFO  server.RaftServer$Division (RaftServerImpl.java:setRole(383)) - 5b9ea29f-4e96-47ac-97d6-33d0cc39064b@group-C6684CF3AB6D: changes role from  FOLLOWER to CANDIDATE at term 0 for changeToCandidate
2024-06-08 17:12:29,283 [5b9ea29f-4e96-47ac-97d6-33d0cc39064b@group-C6684CF3AB6D-FollowerState] INFO  server.RaftServerConfigKeys (ConfUtils.java:logGet(46)) - raft.server.leaderelection.pre-vote = true (default)
2024-06-08 17:12:29,283 [5b9ea29f-4e96-47ac-97d6-33d0cc39064b@group-C6684CF3AB6D-FollowerState] INFO  impl.RoleInfo (RoleInfo.java:updateAndGet(139)) - 5b9ea29f-4e96-47ac-97d6-33d0cc39064b: start 5b9ea29f-4e96-47ac-97d6-33d0cc39064b@group-C6684CF3AB6D-LeaderElection20
2024-06-08 17:12:29,283 [b58efb8a-bcce-4b5c-ba4f-ff0c627932bf@group-4BD12810AED6-FollowerState] INFO  impl.FollowerState (FollowerState.java:run(143)) - b58efb8a-bcce-4b5c-ba4f-ff0c627932bf@group-4BD12810AED6-FollowerState: change to CANDIDATE, lastRpcElapsedTime:5113069253ns, electionTimeout:5112ms
2024-06-08 17:12:29,283 [b58efb8a-bcce-4b5c-ba4f-ff0c627932bf@group-4BD12810AED6-FollowerState] INFO  impl.RoleInfo (RoleInfo.java:shutdownFollowerState(110)) - b58efb8a-bcce-4b5c-ba4f-ff0c627932bf: shutdown b58efb8a-bcce-4b5c-ba4f-ff0c627932bf@group-4BD12810AED6-FollowerState
2024-06-08 17:12:29,283 [b58efb8a-bcce-4b5c-ba4f-ff0c627932bf@group-4BD12810AED6-FollowerState] INFO  server.RaftServer$Division (RaftServerImpl.java:setRole(383)) - b58efb8a-bcce-4b5c-ba4f-ff0c627932bf@group-4BD12810AED6: changes role from  FOLLOWER to CANDIDATE at term 0 for changeToCandidate
2024-06-08 17:12:29,283 [b58efb8a-bcce-4b5c-ba4f-ff0c627932bf@group-4BD12810AED6-FollowerState] INFO  server.RaftServerConfigKeys (ConfUtils.java:logGet(46)) - raft.server.leaderelection.pre-vote = true (default)
2024-06-08 17:12:29,283 [b58efb8a-bcce-4b5c-ba4f-ff0c627932bf@group-4BD12810AED6-FollowerState] INFO  impl.RoleInfo (RoleInfo.java:updateAndGet(139)) - b58efb8a-bcce-4b5c-ba4f-ff0c627932bf: start b58efb8a-bcce-4b5c-ba4f-ff0c627932bf@group-4BD12810AED6-LeaderElection21
2024-06-08 17:12:29,284 [4a3afcc0-0f17-4502-9539-e074401f0f0d@group-8A0B6D5C64A2-LeaderElection19] INFO  impl.LeaderElection (LeaderElection.java:askForVotes(321)) - 4a3afcc0-0f17-4502-9539-e074401f0f0d@group-8A0B6D5C64A2-LeaderElection19 ELECTION round 0: submit vote requests at term 1 for -1: peers:[4a3afcc0-0f17-4502-9539-e074401f0f0d|127.0.0.1:15103]|listeners:[], old=null
2024-06-08 17:12:29,284 [4a3afcc0-0f17-4502-9539-e074401f0f0d@group-8A0B6D5C64A2-LeaderElection19] INFO  impl.LeaderElection (LeaderElection.java:askForVotes(323)) - 4a3afcc0-0f17-4502-9539-e074401f0f0d@group-8A0B6D5C64A2-LeaderElection19 ELECTION round 0: result PASSED (term=1)
2024-06-08 17:12:29,284 [4a3afcc0-0f17-4502-9539-e074401f0f0d@group-8A0B6D5C64A2-LeaderElection19] INFO  impl.RoleInfo (RoleInfo.java:shutdownLeaderElection(130)) - 4a3afcc0-0f17-4502-9539-e074401f0f0d: shutdown 4a3afcc0-0f17-4502-9539-e074401f0f0d@group-8A0B6D5C64A2-LeaderElection19
2024-06-08 17:12:29,284 [4a3afcc0-0f17-4502-9539-e074401f0f0d@group-8A0B6D5C64A2-LeaderElection19] INFO  server.RaftServer$Division (RaftServerImpl.java:setRole(383)) - 4a3afcc0-0f17-4502-9539-e074401f0f0d@group-8A0B6D5C64A2: changes role from CANDIDATE to LEADER at term 1 for changeToLeader
2024-06-08 17:12:29,284 [4a3afcc0-0f17-4502-9539-e074401f0f0d@group-8A0B6D5C64A2-LeaderElection19] INFO  server.RaftServerConfigKeys (ConfUtils.java:logGet(46)) - raft.server.staging.catchup.gap = 1000 (default)
2024-06-08 17:12:29,284 [4a3afcc0-0f17-4502-9539-e074401f0f0d@group-8A0B6D5C64A2-LeaderElection19] INFO  server.RaftServerConfigKeys (ConfUtils.java:logGet(46)) - raft.server.write.element-limit = 1024 (custom)
2024-06-08 17:12:29,284 [4a3afcc0-0f17-4502-9539-e074401f0f0d@group-8A0B6D5C64A2-LeaderElection19] INFO  server.RaftServerConfigKeys (ConfUtils.java:logGet(46)) - raft.server.write.byte-limit = 1024 M (=1073741824) (custom)
2024-06-08 17:12:29,285 [4a3afcc0-0f17-4502-9539-e074401f0f0d@group-8A0B6D5C64A2-LeaderElection19] INFO  server.RaftServerConfigKeys (ConfUtils.java:logGet(46)) - raft.server.watch.timeout = 3000ms (custom)
2024-06-08 17:12:29,285 [4a3afcc0-0f17-4502-9539-e074401f0f0d@group-8A0B6D5C64A2-LeaderElection19] INFO  server.RaftServerConfigKeys (ConfUtils.java:logGet(46)) - raft.server.watch.timeout.denomination = 1s (default)
2024-06-08 17:12:29,285 [4a3afcc0-0f17-4502-9539-e074401f0f0d@group-8A0B6D5C64A2-LeaderElection19] INFO  server.RaftServerConfigKeys (ConfUtils.java:logGet(46)) - raft.server.watch.element-limit = 65536 (default)
2024-06-08 17:12:29,285 [4a3afcc0-0f17-4502-9539-e074401f0f0d@group-8A0B6D5C64A2-LeaderElection19] INFO  server.RaftServerConfigKeys (ConfUtils.java:logGet(46)) - raft.server.read.leader.lease.enabled = false (default)
2024-06-08 17:12:29,285 [4a3afcc0-0f17-4502-9539-e074401f0f0d@group-8A0B6D5C64A2-LeaderElection19] INFO  server.RaftServerConfigKeys (ConfUtils.java:logGet(46)) - raft.server.read.leader.lease.timeout.ratio = 0.9 (default)
2024-06-08 17:12:29,285 [4a3afcc0-0f17-4502-9539-e074401f0f0d@group-8A0B6D5C64A2-LeaderElection19] INFO  server.RaftServerConfigKeys (ConfUtils.java:logGet(46)) - raft.server.rpc.timeout.min = 5s (custom)
2024-06-08 17:12:29,285 [4a3afcc0-0f17-4502-9539-e074401f0f0d@group-8A0B6D5C64A2-LeaderElection19] INFO  server.RaftServerConfigKeys (ConfUtils.java:logGet(46)) - raft.server.write.element-limit = 1024 (custom)
2024-06-08 17:12:29,285 [4a3afcc0-0f17-4502-9539-e074401f0f0d@group-8A0B6D5C64A2-LeaderElection19] INFO  server.RaftServerConfigKeys (ConfUtils.java:logGet(46)) - raft.server.write.follower.gap.ratio.max = -1.0 (default)
2024-06-08 17:12:29,285 [4a3afcc0-0f17-4502-9539-e074401f0f0d@group-8A0B6D5C64A2-LeaderElection19] INFO  impl.RoleInfo (RoleInfo.java:updateAndGet(139)) - 4a3afcc0-0f17-4502-9539-e074401f0f0d: start 4a3afcc0-0f17-4502-9539-e074401f0f0d@group-8A0B6D5C64A2-LeaderStateImpl
2024-06-08 17:12:29,285 [4a3afcc0-0f17-4502-9539-e074401f0f0d@group-8A0B6D5C64A2-LeaderElection19] INFO  server.RaftServer$Division (RaftServerImpl.java:setFirstElection(574)) - 4a3afcc0-0f17-4502-9539-e074401f0f0d@group-8A0B6D5C64A2: set firstElectionSinceStartup to false for becomeLeader
2024-06-08 17:12:29,285 [4a3afcc0-0f17-4502-9539-e074401f0f0d@group-8A0B6D5C64A2-LeaderElection19] INFO  ratis.XceiverServerRatis (XceiverServerRatis.java:handleLeaderChangedNotification(966)) - Leader change notification received for group: group-8A0B6D5C64A2 with new leaderId: 4a3afcc0-0f17-4502-9539-e074401f0f0d
2024-06-08 17:12:29,286 [4a3afcc0-0f17-4502-9539-e074401f0f0d@group-8A0B6D5C64A2-LeaderElection19] INFO  server.RaftServer$Division (ServerState.java:setLeader(269)) - 4a3afcc0-0f17-4502-9539-e074401f0f0d@group-8A0B6D5C64A2: change Leader from null to 4a3afcc0-0f17-4502-9539-e074401f0f0d at term 1 for becomeLeader, leader elected after 5030ms
2024-06-08 17:12:29,286 [4a3afcc0-0f17-4502-9539-e074401f0f0d@group-8A0B6D5C64A2-LeaderElection19] INFO  segmented.SegmentedRaftLogWorker (SegmentedRaftLogWorker.java:startLogSegment(430)) - 4a3afcc0-0f17-4502-9539-e074401f0f0d@group-8A0B6D5C64A2-SegmentedRaftLogWorker: Starting segment from index:0
2024-06-08 17:12:29,287 [4a3afcc0-0f17-4502-9539-e074401f0f0d@group-8A0B6D5C64A2-SegmentedRaftLogWorker] INFO  segmented.BufferedWriteChannel (BufferedWriteChannel.java:open(62)) - open log_inprogress_0 at position 0
2024-06-08 17:12:29,289 [4a3afcc0-0f17-4502-9539-e074401f0f0d@group-8A0B6D5C64A2-LeaderElection19] INFO  server.RaftServer$Division (ServerState.java:setRaftConf(386)) - 4a3afcc0-0f17-4502-9539-e074401f0f0d@group-8A0B6D5C64A2: set configuration 0: peers:[4a3afcc0-0f17-4502-9539-e074401f0f0d|127.0.0.1:15103]|listeners:[], old=null
2024-06-08 17:12:29,291 [5b9ea29f-4e96-47ac-97d6-33d0cc39064b@group-C6684CF3AB6D-LeaderElection20] INFO  impl.LeaderElection (LeaderElection.java:askForVotes(321)) - 5b9ea29f-4e96-47ac-97d6-33d0cc39064b@group-C6684CF3AB6D-LeaderElection20 PRE_VOTE round 0: submit vote requests at term 0 for -1: peers:[5b9ea29f-4e96-47ac-97d6-33d0cc39064b|127.0.0.1:15094]|listeners:[], old=null
2024-06-08 17:12:29,291 [5b9ea29f-4e96-47ac-97d6-33d0cc39064b@group-C6684CF3AB6D-LeaderElection20] INFO  impl.LeaderElection (LeaderElection.java:askForVotes(323)) - 5b9ea29f-4e96-47ac-97d6-33d0cc39064b@group-C6684CF3AB6D-LeaderElection20 PRE_VOTE round 0: result PASSED (term=0)
2024-06-08 17:12:29,291 [b58efb8a-bcce-4b5c-ba4f-ff0c627932bf@group-4BD12810AED6-LeaderElection21] INFO  impl.LeaderElection (LeaderElection.java:askForVotes(321)) - b58efb8a-bcce-4b5c-ba4f-ff0c627932bf@group-4BD12810AED6-LeaderElection21 PRE_VOTE round 0: submit vote requests at term 0 for -1: peers:[b8911061-d087-4ec2-bfc4-9091de9e538b|127.0.0.1:15076, e3b50f59-81fe-4964-a90b-c9e3e207dda8|127.0.0.1:15067, b58efb8a-bcce-4b5c-ba4f-ff0c627932bf|127.0.0.1:15085]|listeners:[], old=null
2024-06-08 17:12:29,292 [e3b50f59-81fe-4964-a90b-c9e3e207dda8@group-8C08ED623EB2-FollowerState] INFO  impl.FollowerState (FollowerState.java:run(143)) - e3b50f59-81fe-4964-a90b-c9e3e207dda8@group-8C08ED623EB2-FollowerState: change to CANDIDATE, lastRpcElapsedTime:5117887438ns, electionTimeout:5115ms
2024-06-08 17:12:29,292 [e3b50f59-81fe-4964-a90b-c9e3e207dda8@group-8C08ED623EB2-FollowerState] INFO  impl.RoleInfo (RoleInfo.java:shutdownFollowerState(110)) - e3b50f59-81fe-4964-a90b-c9e3e207dda8: shutdown e3b50f59-81fe-4964-a90b-c9e3e207dda8@group-8C08ED623EB2-FollowerState
2024-06-08 17:12:29,292 [e3b50f59-81fe-4964-a90b-c9e3e207dda8@group-8C08ED623EB2-FollowerState] INFO  server.RaftServer$Division (RaftServerImpl.java:setRole(383)) - e3b50f59-81fe-4964-a90b-c9e3e207dda8@group-8C08ED623EB2: changes role from  FOLLOWER to CANDIDATE at term 0 for changeToCandidate
2024-06-08 17:12:29,292 [e3b50f59-81fe-4964-a90b-c9e3e207dda8@group-8C08ED623EB2-FollowerState] INFO  server.RaftServerConfigKeys (ConfUtils.java:logGet(46)) - raft.server.leaderelection.pre-vote = true (default)
2024-06-08 17:12:29,292 [e3b50f59-81fe-4964-a90b-c9e3e207dda8@group-8C08ED623EB2-FollowerState] INFO  impl.RoleInfo (RoleInfo.java:updateAndGet(139)) - e3b50f59-81fe-4964-a90b-c9e3e207dda8: start e3b50f59-81fe-4964-a90b-c9e3e207dda8@group-8C08ED623EB2-LeaderElection22
2024-06-08 17:12:29,293 [b58efb8a-bcce-4b5c-ba4f-ff0c627932bf@group-4BD12810AED6-LeaderElection21-1] INFO  server.GrpcServerProtocolClient (GrpcServerProtocolClient.java:<init>(65)) - Build channel for b8911061-d087-4ec2-bfc4-9091de9e538b|127.0.0.1:15076
2024-06-08 17:12:29,293 [b58efb8a-bcce-4b5c-ba4f-ff0c627932bf@group-8C08ED623EB2-FollowerState] INFO  impl.FollowerState (FollowerState.java:run(143)) - b58efb8a-bcce-4b5c-ba4f-ff0c627932bf@group-8C08ED623EB2-FollowerState: change to CANDIDATE, lastRpcElapsedTime:5069508413ns, electionTimeout:5060ms
2024-06-08 17:12:29,294 [b58efb8a-bcce-4b5c-ba4f-ff0c627932bf@group-8C08ED623EB2-FollowerState] INFO  impl.RoleInfo (RoleInfo.java:shutdownFollowerState(110)) - b58efb8a-bcce-4b5c-ba4f-ff0c627932bf: shutdown b58efb8a-bcce-4b5c-ba4f-ff0c627932bf@group-8C08ED623EB2-FollowerState
2024-06-08 17:12:29,294 [b58efb8a-bcce-4b5c-ba4f-ff0c627932bf@group-8C08ED623EB2-FollowerState] INFO  server.RaftServer$Division (RaftServerImpl.java:setRole(383)) - b58efb8a-bcce-4b5c-ba4f-ff0c627932bf@group-8C08ED623EB2: changes role from  FOLLOWER to CANDIDATE at term 0 for changeToCandidate
2024-06-08 17:12:29,294 [b58efb8a-bcce-4b5c-ba4f-ff0c627932bf@group-8C08ED623EB2-FollowerState] INFO  server.RaftServerConfigKeys (ConfUtils.java:logGet(46)) - raft.server.leaderelection.pre-vote = true (default)
2024-06-08 17:12:29,294 [b58efb8a-bcce-4b5c-ba4f-ff0c627932bf@group-8C08ED623EB2-FollowerState] INFO  impl.RoleInfo (RoleInfo.java:updateAndGet(139)) - b58efb8a-bcce-4b5c-ba4f-ff0c627932bf: start b58efb8a-bcce-4b5c-ba4f-ff0c627932bf@group-8C08ED623EB2-LeaderElection23
2024-06-08 17:12:29,293 [4a3afcc0-0f17-4502-9539-e074401f0f0d@group-8A0B6D5C64A2-SegmentedRaftLogWorker] INFO  segmented.SegmentedRaftLogWorker (SegmentedRaftLogWorker.java:execute(634)) - 4a3afcc0-0f17-4502-9539-e074401f0f0d@group-8A0B6D5C64A2-SegmentedRaftLogWorker: created new log segment /home/runner/work/ozone/ozone/hadoop-ozone/integration-test/target/test-dir/MiniOzoneClusterImpl-6b59e386-941c-4981-b753-7806b34dbc05/ozone-meta/datanode-5/ratis/946f1e2e-5507-4a76-834f-8a0b6d5c64a2/current/log_inprogress_0
2024-06-08 17:12:29,299 [5b9ea29f-4e96-47ac-97d6-33d0cc39064b@group-C6684CF3AB6D-LeaderElection20] INFO  impl.LeaderElection (LeaderElection.java:askForVotes(321)) - 5b9ea29f-4e96-47ac-97d6-33d0cc39064b@group-C6684CF3AB6D-LeaderElection20 ELECTION round 0: submit vote requests at term 1 for -1: peers:[5b9ea29f-4e96-47ac-97d6-33d0cc39064b|127.0.0.1:15094]|listeners:[], old=null
2024-06-08 17:12:29,299 [5b9ea29f-4e96-47ac-97d6-33d0cc39064b@group-C6684CF3AB6D-LeaderElection20] INFO  impl.LeaderElection (LeaderElection.java:askForVotes(323)) - 5b9ea29f-4e96-47ac-97d6-33d0cc39064b@group-C6684CF3AB6D-LeaderElection20 ELECTION round 0: result PASSED (term=1)
2024-06-08 17:12:29,299 [5b9ea29f-4e96-47ac-97d6-33d0cc39064b@group-C6684CF3AB6D-LeaderElection20] INFO  impl.RoleInfo (RoleInfo.java:shutdownLeaderElection(130)) - 5b9ea29f-4e96-47ac-97d6-33d0cc39064b: shutdown 5b9ea29f-4e96-47ac-97d6-33d0cc39064b@group-C6684CF3AB6D-LeaderElection20
2024-06-08 17:12:29,299 [5b9ea29f-4e96-47ac-97d6-33d0cc39064b@group-C6684CF3AB6D-LeaderElection20] INFO  server.RaftServer$Division (RaftServerImpl.java:setRole(383)) - 5b9ea29f-4e96-47ac-97d6-33d0cc39064b@group-C6684CF3AB6D: changes role from CANDIDATE to LEADER at term 1 for changeToLeader
2024-06-08 17:12:29,299 [5b9ea29f-4e96-47ac-97d6-33d0cc39064b@group-C6684CF3AB6D-LeaderElection20] INFO  server.RaftServerConfigKeys (ConfUtils.java:logGet(46)) - raft.server.staging.catchup.gap = 1000 (default)
2024-06-08 17:12:29,300 [grpc-default-executor-2] INFO  server.RaftServer$Division (RaftServerImpl.java:requestVote(1389)) - b8911061-d087-4ec2-bfc4-9091de9e538b@group-4BD12810AED6: receive requestVote(PRE_VOTE, b58efb8a-bcce-4b5c-ba4f-ff0c627932bf, group-4BD12810AED6, 0, (t:0, i:0))
2024-06-08 17:12:29,300 [grpc-default-executor-2] INFO  impl.VoteContext (VoteContext.java:log(49)) - b8911061-d087-4ec2-bfc4-9091de9e538b@group-4BD12810AED6-FOLLOWER: accept PRE_VOTE from b58efb8a-bcce-4b5c-ba4f-ff0c627932bf: our priority 0 <= candidate's priority 1
2024-06-08 17:12:29,300 [grpc-default-executor-2] INFO  server.RaftServer$Division (RaftServerImpl.java:requestVote(1422)) - b8911061-d087-4ec2-bfc4-9091de9e538b@group-4BD12810AED6 replies to PRE_VOTE vote request: b58efb8a-bcce-4b5c-ba4f-ff0c627932bf<-b8911061-d087-4ec2-bfc4-9091de9e538b#0:OK-t0. Peer's state: b8911061-d087-4ec2-bfc4-9091de9e538b@group-4BD12810AED6:t0, leader=null, voted=, raftlog=Memoized:b8911061-d087-4ec2-bfc4-9091de9e538b@group-4BD12810AED6-SegmentedRaftLog:OPENED:c-1, conf=-1: peers:[b8911061-d087-4ec2-bfc4-9091de9e538b|127.0.0.1:15076, e3b50f59-81fe-4964-a90b-c9e3e207dda8|127.0.0.1:15067, b58efb8a-bcce-4b5c-ba4f-ff0c627932bf|127.0.0.1:15085]|listeners:[], old=null
2024-06-08 17:12:29,300 [5b9ea29f-4e96-47ac-97d6-33d0cc39064b@group-C6684CF3AB6D-LeaderElection20] INFO  server.RaftServerConfigKeys (ConfUtils.java:logGet(46)) - raft.server.write.element-limit = 1024 (custom)
2024-06-08 17:12:29,301 [5b9ea29f-4e96-47ac-97d6-33d0cc39064b@group-C6684CF3AB6D-LeaderElection20] INFO  server.RaftServerConfigKeys (ConfUtils.java:logGet(46)) - raft.server.write.byte-limit = 1024 M (=1073741824) (custom)
2024-06-08 17:12:29,301 [5b9ea29f-4e96-47ac-97d6-33d0cc39064b@group-C6684CF3AB6D-LeaderElection20] INFO  server.RaftServerConfigKeys (ConfUtils.java:logGet(46)) - raft.server.watch.timeout = 3000ms (custom)
2024-06-08 17:12:29,301 [5b9ea29f-4e96-47ac-97d6-33d0cc39064b@group-C6684CF3AB6D-LeaderElection20] INFO  server.RaftServerConfigKeys (ConfUtils.java:logGet(46)) - raft.server.watch.timeout.denomination = 1s (default)
2024-06-08 17:12:29,301 [5b9ea29f-4e96-47ac-97d6-33d0cc39064b@group-C6684CF3AB6D-LeaderElection20] INFO  server.RaftServerConfigKeys (ConfUtils.java:logGet(46)) - raft.server.watch.element-limit = 65536 (default)
2024-06-08 17:12:29,301 [5b9ea29f-4e96-47ac-97d6-33d0cc39064b@group-C6684CF3AB6D-LeaderElection20] INFO  server.RaftServerConfigKeys (ConfUtils.java:logGet(46)) - raft.server.read.leader.lease.enabled = false (default)
2024-06-08 17:12:29,301 [5b9ea29f-4e96-47ac-97d6-33d0cc39064b@group-C6684CF3AB6D-LeaderElection20] INFO  server.RaftServerConfigKeys (ConfUtils.java:logGet(46)) - raft.server.read.leader.lease.timeout.ratio = 0.9 (default)
2024-06-08 17:12:29,301 [5b9ea29f-4e96-47ac-97d6-33d0cc39064b@group-C6684CF3AB6D-LeaderElection20] INFO  server.RaftServerConfigKeys (ConfUtils.java:logGet(46)) - raft.server.rpc.timeout.min = 5s (custom)
2024-06-08 17:12:29,301 [5b9ea29f-4e96-47ac-97d6-33d0cc39064b@group-C6684CF3AB6D-LeaderElection20] INFO  server.RaftServerConfigKeys (ConfUtils.java:logGet(46)) - raft.server.write.element-limit = 1024 (custom)
2024-06-08 17:12:29,301 [5b9ea29f-4e96-47ac-97d6-33d0cc39064b@group-C6684CF3AB6D-LeaderElection20] INFO  server.RaftServerConfigKeys (ConfUtils.java:logGet(46)) - raft.server.write.follower.gap.ratio.max = -1.0 (default)
2024-06-08 17:12:29,302 [5b9ea29f-4e96-47ac-97d6-33d0cc39064b@group-C6684CF3AB6D-LeaderElection20] INFO  impl.RoleInfo (RoleInfo.java:updateAndGet(139)) - 5b9ea29f-4e96-47ac-97d6-33d0cc39064b: start 5b9ea29f-4e96-47ac-97d6-33d0cc39064b@group-C6684CF3AB6D-LeaderStateImpl
2024-06-08 17:12:29,302 [5b9ea29f-4e96-47ac-97d6-33d0cc39064b@group-C6684CF3AB6D-LeaderElection20] INFO  server.RaftServer$Division (RaftServerImpl.java:setFirstElection(574)) - 5b9ea29f-4e96-47ac-97d6-33d0cc39064b@group-C6684CF3AB6D: set firstElectionSinceStartup to false for becomeLeader
2024-06-08 17:12:29,302 [5b9ea29f-4e96-47ac-97d6-33d0cc39064b@group-C6684CF3AB6D-LeaderElection20] INFO  ratis.XceiverServerRatis (XceiverServerRatis.java:handleLeaderChangedNotification(966)) - Leader change notification received for group: group-C6684CF3AB6D with new leaderId: 5b9ea29f-4e96-47ac-97d6-33d0cc39064b
2024-06-08 17:12:29,302 [5b9ea29f-4e96-47ac-97d6-33d0cc39064b@group-C6684CF3AB6D-LeaderElection20] INFO  server.RaftServer$Division (ServerState.java:setLeader(269)) - 5b9ea29f-4e96-47ac-97d6-33d0cc39064b@group-C6684CF3AB6D: change Leader from null to 5b9ea29f-4e96-47ac-97d6-33d0cc39064b at term 1 for becomeLeader, leader elected after 5075ms
2024-06-08 17:12:29,303 [b58efb8a-bcce-4b5c-ba4f-ff0c627932bf@group-4BD12810AED6-LeaderElection21] INFO  server.RaftServerConfigKeys (ConfUtils.java:logFallback(53)) - raft.server.rpc.first-election.timeout.min = 5s (fallback to raft.server.rpc.timeout.min)
2024-06-08 17:12:29,303 [b58efb8a-bcce-4b5c-ba4f-ff0c627932bf@group-4BD12810AED6-LeaderElection21] INFO  server.RaftServerConfigKeys (ConfUtils.java:logFallback(53)) - raft.server.rpc.first-election.timeout.max = 5200ms (fallback to raft.server.rpc.timeout.max)
2024-06-08 17:12:29,303 [b58efb8a-bcce-4b5c-ba4f-ff0c627932bf@group-4BD12810AED6-LeaderElection21] INFO  impl.LeaderElection (LeaderElection.java:logAndReturn(89)) - b58efb8a-bcce-4b5c-ba4f-ff0c627932bf@group-4BD12810AED6-LeaderElection21: PRE_VOTE PASSED received 1 response(s) and 0 exception(s):
2024-06-08 17:12:29,303 [b58efb8a-bcce-4b5c-ba4f-ff0c627932bf@group-4BD12810AED6-LeaderElection21] INFO  impl.LeaderElection (LeaderElection.java:logAndReturn(93)) -   Response 0: b58efb8a-bcce-4b5c-ba4f-ff0c627932bf<-b8911061-d087-4ec2-bfc4-9091de9e538b#0:OK-t0
2024-06-08 17:12:29,303 [b58efb8a-bcce-4b5c-ba4f-ff0c627932bf@group-4BD12810AED6-LeaderElection21] INFO  impl.LeaderElection (LeaderElection.java:askForVotes(323)) - b58efb8a-bcce-4b5c-ba4f-ff0c627932bf@group-4BD12810AED6-LeaderElection21 PRE_VOTE round 0: result PASSED
2024-06-08 17:12:29,304 [b58efb8a-bcce-4b5c-ba4f-ff0c627932bf@group-4BD12810AED6-LeaderElection21-2] INFO  server.GrpcServerProtocolClient (GrpcServerProtocolClient.java:<init>(65)) - Build channel for e3b50f59-81fe-4964-a90b-c9e3e207dda8|127.0.0.1:15067
2024-06-08 17:12:29,305 [b58efb8a-bcce-4b5c-ba4f-ff0c627932bf@group-4BD12810AED6-LeaderElection21] INFO  impl.LeaderElection (LeaderElection.java:askForVotes(321)) - b58efb8a-bcce-4b5c-ba4f-ff0c627932bf@group-4BD12810AED6-LeaderElection21 ELECTION round 0: submit vote requests at term 1 for -1: peers:[b8911061-d087-4ec2-bfc4-9091de9e538b|127.0.0.1:15076, e3b50f59-81fe-4964-a90b-c9e3e207dda8|127.0.0.1:15067, b58efb8a-bcce-4b5c-ba4f-ff0c627932bf|127.0.0.1:15085]|listeners:[], old=null
2024-06-08 17:12:29,305 [4a3afcc0-0f17-4502-9539-e074401f0f0d@group-8A0B6D5C64A2-StateMachineUpdater] INFO  server.RaftServer$Division (LeaderStateImpl.java:isApplied(320)) - leader is ready since appliedIndex == 0 >= startIndex == 0
2024-06-08 17:12:29,306 [5b9ea29f-4e96-47ac-97d6-33d0cc39064b@group-C6684CF3AB6D-LeaderElection20] INFO  segmented.SegmentedRaftLogWorker (SegmentedRaftLogWorker.java:startLogSegment(430)) - 5b9ea29f-4e96-47ac-97d6-33d0cc39064b@group-C6684CF3AB6D-SegmentedRaftLogWorker: Starting segment from index:0
2024-06-08 17:12:29,306 [5b9ea29f-4e96-47ac-97d6-33d0cc39064b@group-C6684CF3AB6D-SegmentedRaftLogWorker] INFO  segmented.BufferedWriteChannel (BufferedWriteChannel.java:open(62)) - open log_inprogress_0 at position 0
2024-06-08 17:12:29,309 [e3b50f59-81fe-4964-a90b-c9e3e207dda8@group-8C08ED623EB2-LeaderElection22] INFO  impl.LeaderElection (LeaderElection.java:askForVotes(321)) - e3b50f59-81fe-4964-a90b-c9e3e207dda8@group-8C08ED623EB2-LeaderElection22 PRE_VOTE round 0: submit vote requests at term 0 for -1: peers:[b8911061-d087-4ec2-bfc4-9091de9e538b|127.0.0.1:15076, e3b50f59-81fe-4964-a90b-c9e3e207dda8|127.0.0.1:15067, b58efb8a-bcce-4b5c-ba4f-ff0c627932bf|127.0.0.1:15085]|listeners:[], old=null
2024-06-08 17:12:29,312 [5b9ea29f-4e96-47ac-97d6-33d0cc39064b@group-C6684CF3AB6D-LeaderElection20] INFO  server.RaftServer$Division (ServerState.java:setRaftConf(386)) - 5b9ea29f-4e96-47ac-97d6-33d0cc39064b@group-C6684CF3AB6D: set configuration 0: peers:[5b9ea29f-4e96-47ac-97d6-33d0cc39064b|127.0.0.1:15094]|listeners:[], old=null
2024-06-08 17:12:29,313 [grpc-default-executor-2] INFO  server.RaftServer$Division (RaftServerImpl.java:requestVote(1389)) - e3b50f59-81fe-4964-a90b-c9e3e207dda8@group-4BD12810AED6: receive requestVote(PRE_VOTE, b58efb8a-bcce-4b5c-ba4f-ff0c627932bf, group-4BD12810AED6, 0, (t:0, i:0))
2024-06-08 17:12:29,313 [grpc-default-executor-2] INFO  impl.VoteContext (VoteContext.java:log(49)) - e3b50f59-81fe-4964-a90b-c9e3e207dda8@group-4BD12810AED6-FOLLOWER: accept PRE_VOTE from b58efb8a-bcce-4b5c-ba4f-ff0c627932bf: our priority 0 <= candidate's priority 1
2024-06-08 17:12:29,313 [grpc-default-executor-2] INFO  server.RaftServer$Division (RaftServerImpl.java:requestVote(1422)) - e3b50f59-81fe-4964-a90b-c9e3e207dda8@group-4BD12810AED6 replies to PRE_VOTE vote request: b58efb8a-bcce-4b5c-ba4f-ff0c627932bf<-e3b50f59-81fe-4964-a90b-c9e3e207dda8#0:OK-t0. Peer's state: e3b50f59-81fe-4964-a90b-c9e3e207dda8@group-4BD12810AED6:t0, leader=null, voted=, raftlog=Memoized:e3b50f59-81fe-4964-a90b-c9e3e207dda8@group-4BD12810AED6-SegmentedRaftLog:OPENED:c-1, conf=-1: peers:[b8911061-d087-4ec2-bfc4-9091de9e538b|127.0.0.1:15076, e3b50f59-81fe-4964-a90b-c9e3e207dda8|127.0.0.1:15067, b58efb8a-bcce-4b5c-ba4f-ff0c627932bf|127.0.0.1:15085]|listeners:[], old=null
2024-06-08 17:12:29,314 [5b9ea29f-4e96-47ac-97d6-33d0cc39064b@group-C6684CF3AB6D-SegmentedRaftLogWorker] INFO  segmented.SegmentedRaftLogWorker (SegmentedRaftLogWorker.java:execute(634)) - 5b9ea29f-4e96-47ac-97d6-33d0cc39064b@group-C6684CF3AB6D-SegmentedRaftLogWorker: created new log segment /home/runner/work/ozone/ozone/hadoop-ozone/integration-test/target/test-dir/MiniOzoneClusterImpl-6b59e386-941c-4981-b753-7806b34dbc05/ozone-meta/datanode-4/ratis/f0608596-fc8d-4645-a226-c6684cf3ab6d/current/log_inprogress_0
2024-06-08 17:12:29,315 [grpc-default-executor-3] INFO  server.RaftServer$Division (RaftServerImpl.java:requestVote(1389)) - b8911061-d087-4ec2-bfc4-9091de9e538b@group-4BD12810AED6: receive requestVote(ELECTION, b58efb8a-bcce-4b5c-ba4f-ff0c627932bf, group-4BD12810AED6, 1, (t:0, i:0))
2024-06-08 17:12:29,315 [grpc-default-executor-3] INFO  impl.VoteContext (VoteContext.java:log(49)) - b8911061-d087-4ec2-bfc4-9091de9e538b@group-4BD12810AED6-FOLLOWER: accept ELECTION from b58efb8a-bcce-4b5c-ba4f-ff0c627932bf: our priority 0 <= candidate's priority 1
2024-06-08 17:12:29,315 [grpc-default-executor-3] INFO  server.RaftServer$Division (RaftServerImpl.java:setRole(383)) - b8911061-d087-4ec2-bfc4-9091de9e538b@group-4BD12810AED6: changes role from  FOLLOWER to FOLLOWER at term 1 for candidate:b58efb8a-bcce-4b5c-ba4f-ff0c627932bf
2024-06-08 17:12:29,315 [grpc-default-executor-3] INFO  impl.RoleInfo (RoleInfo.java:shutdownFollowerState(110)) - b8911061-d087-4ec2-bfc4-9091de9e538b: shutdown b8911061-d087-4ec2-bfc4-9091de9e538b@group-4BD12810AED6-FollowerState
2024-06-08 17:12:29,316 [grpc-default-executor-3] INFO  impl.RoleInfo (RoleInfo.java:updateAndGet(139)) - b8911061-d087-4ec2-bfc4-9091de9e538b: start b8911061-d087-4ec2-bfc4-9091de9e538b@group-4BD12810AED6-FollowerState
2024-06-08 17:12:29,316 [b8911061-d087-4ec2-bfc4-9091de9e538b@group-4BD12810AED6-FollowerState] INFO  impl.FollowerState (FollowerState.java:run(152)) - b8911061-d087-4ec2-bfc4-9091de9e538b@group-4BD12810AED6-FollowerState was interrupted
2024-06-08 17:12:29,316 [b58efb8a-bcce-4b5c-ba4f-ff0c627932bf@group-8C08ED623EB2-LeaderElection23] INFO  impl.LeaderElection (LeaderElection.java:askForVotes(321)) - b58efb8a-bcce-4b5c-ba4f-ff0c627932bf@group-8C08ED623EB2-LeaderElection23 PRE_VOTE round 0: submit vote requests at term 0 for -1: peers:[b8911061-d087-4ec2-bfc4-9091de9e538b|127.0.0.1:15076, e3b50f59-81fe-4964-a90b-c9e3e207dda8|127.0.0.1:15067, b58efb8a-bcce-4b5c-ba4f-ff0c627932bf|127.0.0.1:15085]|listeners:[], old=null
2024-06-08 17:12:29,318 [b58efb8a-bcce-4b5c-ba4f-ff0c627932bf@group-4BD12810AED6-LeaderElection21] INFO  server.RaftServerConfigKeys (ConfUtils.java:logFallback(53)) - raft.server.rpc.first-election.timeout.min = 5s (fallback to raft.server.rpc.timeout.min)
2024-06-08 17:12:29,318 [b58efb8a-bcce-4b5c-ba4f-ff0c627932bf@group-4BD12810AED6-LeaderElection21] INFO  server.RaftServerConfigKeys (ConfUtils.java:logFallback(53)) - raft.server.rpc.first-election.timeout.max = 5200ms (fallback to raft.server.rpc.timeout.max)
2024-06-08 17:12:29,319 [grpc-default-executor-2] INFO  server.RaftServer$Division (RaftServerImpl.java:requestVote(1389)) - e3b50f59-81fe-4964-a90b-c9e3e207dda8@group-4BD12810AED6: receive requestVote(ELECTION, b58efb8a-bcce-4b5c-ba4f-ff0c627932bf, group-4BD12810AED6, 1, (t:0, i:0))
2024-06-08 17:12:29,319 [grpc-default-executor-2] INFO  impl.VoteContext (VoteContext.java:log(49)) - e3b50f59-81fe-4964-a90b-c9e3e207dda8@group-4BD12810AED6-FOLLOWER: accept ELECTION from b58efb8a-bcce-4b5c-ba4f-ff0c627932bf: our priority 0 <= candidate's priority 1
2024-06-08 17:12:29,319 [grpc-default-executor-2] INFO  server.RaftServer$Division (RaftServerImpl.java:setRole(383)) - e3b50f59-81fe-4964-a90b-c9e3e207dda8@group-4BD12810AED6: changes role from  FOLLOWER to FOLLOWER at term 1 for candidate:b58efb8a-bcce-4b5c-ba4f-ff0c627932bf
2024-06-08 17:12:29,319 [grpc-default-executor-2] INFO  impl.RoleInfo (RoleInfo.java:shutdownFollowerState(110)) - e3b50f59-81fe-4964-a90b-c9e3e207dda8: shutdown e3b50f59-81fe-4964-a90b-c9e3e207dda8@group-4BD12810AED6-FollowerState
2024-06-08 17:12:29,319 [grpc-default-executor-2] INFO  impl.RoleInfo (RoleInfo.java:updateAndGet(139)) - e3b50f59-81fe-4964-a90b-c9e3e207dda8: start e3b50f59-81fe-4964-a90b-c9e3e207dda8@group-4BD12810AED6-FollowerState
2024-06-08 17:12:29,319 [e3b50f59-81fe-4964-a90b-c9e3e207dda8@group-4BD12810AED6-FollowerState] INFO  impl.FollowerState (FollowerState.java:run(152)) - e3b50f59-81fe-4964-a90b-c9e3e207dda8@group-4BD12810AED6-FollowerState was interrupted
2024-06-08 17:12:29,320 [5b9ea29f-4e96-47ac-97d6-33d0cc39064b@group-C6684CF3AB6D-StateMachineUpdater] INFO  server.RaftServer$Division (LeaderStateImpl.java:isApplied(320)) - leader is ready since appliedIndex == 0 >= startIndex == 0
2024-06-08 17:12:29,321 [grpc-default-executor-1] INFO  server.RaftServer$Division (RaftServerImpl.java:requestVote(1389)) - b8911061-d087-4ec2-bfc4-9091de9e538b@group-8C08ED623EB2: receive requestVote(PRE_VOTE, e3b50f59-81fe-4964-a90b-c9e3e207dda8, group-8C08ED623EB2, 0, (t:0, i:0))
2024-06-08 17:12:29,321 [grpc-default-executor-1] INFO  impl.VoteContext (VoteContext.java:log(49)) - b8911061-d087-4ec2-bfc4-9091de9e538b@group-8C08ED623EB2-FOLLOWER: reject PRE_VOTE from e3b50f59-81fe-4964-a90b-c9e3e207dda8: our priority 1 > candidate's priority 0
2024-06-08 17:12:29,321 [grpc-default-executor-1] INFO  server.RaftServer$Division (RaftServerImpl.java:requestVote(1422)) - b8911061-d087-4ec2-bfc4-9091de9e538b@group-8C08ED623EB2 replies to PRE_VOTE vote request: e3b50f59-81fe-4964-a90b-c9e3e207dda8<-b8911061-d087-4ec2-bfc4-9091de9e538b#0:FAIL-t0. Peer's state: b8911061-d087-4ec2-bfc4-9091de9e538b@group-8C08ED623EB2:t0, leader=null, voted=, raftlog=Memoized:b8911061-d087-4ec2-bfc4-9091de9e538b@group-8C08ED623EB2-SegmentedRaftLog:OPENED:c-1, conf=-1: peers:[b8911061-d087-4ec2-bfc4-9091de9e538b|127.0.0.1:15076, e3b50f59-81fe-4964-a90b-c9e3e207dda8|127.0.0.1:15067, b58efb8a-bcce-4b5c-ba4f-ff0c627932bf|127.0.0.1:15085]|listeners:[], old=null
2024-06-08 17:12:29,326 [e3b50f59-81fe-4964-a90b-c9e3e207dda8@group-8C08ED623EB2-LeaderElection22] INFO  server.RaftServerConfigKeys (ConfUtils.java:logFallback(53)) - raft.server.rpc.first-election.timeout.min = 5s (fallback to raft.server.rpc.timeout.min)
2024-06-08 17:12:29,327 [e3b50f59-81fe-4964-a90b-c9e3e207dda8@group-8C08ED623EB2-LeaderElection22] INFO  server.RaftServerConfigKeys (ConfUtils.java:logFallback(53)) - raft.server.rpc.first-election.timeout.max = 5200ms (fallback to raft.server.rpc.timeout.max)
2024-06-08 17:12:29,327 [e3b50f59-81fe-4964-a90b-c9e3e207dda8@group-8C08ED623EB2-LeaderElection22] INFO  impl.LeaderElection (LeaderElection.java:logAndReturn(89)) - e3b50f59-81fe-4964-a90b-c9e3e207dda8@group-8C08ED623EB2-LeaderElection22: PRE_VOTE REJECTED received 1 response(s) and 0 exception(s):
2024-06-08 17:12:29,327 [e3b50f59-81fe-4964-a90b-c9e3e207dda8@group-8C08ED623EB2-LeaderElection22] INFO  impl.LeaderElection (LeaderElection.java:logAndReturn(93)) -   Response 0: e3b50f59-81fe-4964-a90b-c9e3e207dda8<-b8911061-d087-4ec2-bfc4-9091de9e538b#0:FAIL-t0
2024-06-08 17:12:29,327 [e3b50f59-81fe-4964-a90b-c9e3e207dda8@group-8C08ED623EB2-LeaderElection22] INFO  impl.LeaderElection (LeaderElection.java:askForVotes(323)) - e3b50f59-81fe-4964-a90b-c9e3e207dda8@group-8C08ED623EB2-LeaderElection22 PRE_VOTE round 0: result REJECTED
2024-06-08 17:12:29,327 [e3b50f59-81fe-4964-a90b-c9e3e207dda8@group-8C08ED623EB2-LeaderElection22] INFO  server.RaftServer$Division (RaftServerImpl.java:setRole(383)) - e3b50f59-81fe-4964-a90b-c9e3e207dda8@group-8C08ED623EB2: changes role from CANDIDATE to FOLLOWER at term 0 for REJECTED
2024-06-08 17:12:29,327 [e3b50f59-81fe-4964-a90b-c9e3e207dda8@group-8C08ED623EB2-LeaderElection22] INFO  impl.RoleInfo (RoleInfo.java:shutdownLeaderElection(130)) - e3b50f59-81fe-4964-a90b-c9e3e207dda8: shutdown e3b50f59-81fe-4964-a90b-c9e3e207dda8@group-8C08ED623EB2-LeaderElection22
2024-06-08 17:12:29,327 [e3b50f59-81fe-4964-a90b-c9e3e207dda8@group-8C08ED623EB2-LeaderElection22] INFO  impl.RoleInfo (RoleInfo.java:updateAndGet(139)) - e3b50f59-81fe-4964-a90b-c9e3e207dda8: start e3b50f59-81fe-4964-a90b-c9e3e207dda8@group-8C08ED623EB2-FollowerState
2024-06-08 17:12:29,327 [grpc-default-executor-3] INFO  server.RaftServer$Division (RaftServerImpl.java:setFirstElection(574)) - b8911061-d087-4ec2-bfc4-9091de9e538b@group-4BD12810AED6: set firstElectionSinceStartup to false for candidate:b58efb8a-bcce-4b5c-ba4f-ff0c627932bf
2024-06-08 17:12:29,328 [grpc-default-executor-1] INFO  server.RaftServer$Division (RaftServerImpl.java:requestVote(1389)) - b58efb8a-bcce-4b5c-ba4f-ff0c627932bf@group-8C08ED623EB2: receive requestVote(PRE_VOTE, e3b50f59-81fe-4964-a90b-c9e3e207dda8, group-8C08ED623EB2, 0, (t:0, i:0))
2024-06-08 17:12:29,328 [grpc-default-executor-1] INFO  impl.VoteContext (VoteContext.java:log(49)) - b58efb8a-bcce-4b5c-ba4f-ff0c627932bf@group-8C08ED623EB2-CANDIDATE: accept PRE_VOTE from e3b50f59-81fe-4964-a90b-c9e3e207dda8: our priority 0 <= candidate's priority 0
2024-06-08 17:12:29,328 [grpc-default-executor-1] INFO  server.RaftServer$Division (RaftServerImpl.java:requestVote(1422)) - b58efb8a-bcce-4b5c-ba4f-ff0c627932bf@group-8C08ED623EB2 replies to PRE_VOTE vote request: e3b50f59-81fe-4964-a90b-c9e3e207dda8<-b58efb8a-bcce-4b5c-ba4f-ff0c627932bf#0:OK-t0. Peer's state: b58efb8a-bcce-4b5c-ba4f-ff0c627932bf@group-8C08ED623EB2:t0, leader=null, voted=, raftlog=Memoized:b58efb8a-bcce-4b5c-ba4f-ff0c627932bf@group-8C08ED623EB2-SegmentedRaftLog:OPENED:c-1, conf=-1: peers:[b8911061-d087-4ec2-bfc4-9091de9e538b|127.0.0.1:15076, e3b50f59-81fe-4964-a90b-c9e3e207dda8|127.0.0.1:15067, b58efb8a-bcce-4b5c-ba4f-ff0c627932bf|127.0.0.1:15085]|listeners:[], old=null
2024-06-08 17:12:29,329 [grpc-default-executor-3] INFO  server.RaftServer$Division (RaftServerImpl.java:requestVote(1422)) - b8911061-d087-4ec2-bfc4-9091de9e538b@group-4BD12810AED6 replies to ELECTION vote request: b58efb8a-bcce-4b5c-ba4f-ff0c627932bf<-b8911061-d087-4ec2-bfc4-9091de9e538b#0:OK-t1. Peer's state: b8911061-d087-4ec2-bfc4-9091de9e538b@group-4BD12810AED6:t1, leader=null, voted=b58efb8a-bcce-4b5c-ba4f-ff0c627932bf, raftlog=Memoized:b8911061-d087-4ec2-bfc4-9091de9e538b@group-4BD12810AED6-SegmentedRaftLog:OPENED:c-1, conf=-1: peers:[b8911061-d087-4ec2-bfc4-9091de9e538b|127.0.0.1:15076, e3b50f59-81fe-4964-a90b-c9e3e207dda8|127.0.0.1:15067, b58efb8a-bcce-4b5c-ba4f-ff0c627932bf|127.0.0.1:15085]|listeners:[], old=null
2024-06-08 17:12:29,330 [b58efb8a-bcce-4b5c-ba4f-ff0c627932bf@group-4BD12810AED6-LeaderElection21] INFO  impl.LeaderElection (LeaderElection.java:logAndReturn(89)) - b58efb8a-bcce-4b5c-ba4f-ff0c627932bf@group-4BD12810AED6-LeaderElection21: ELECTION PASSED received 1 response(s) and 0 exception(s):
2024-06-08 17:12:29,330 [b58efb8a-bcce-4b5c-ba4f-ff0c627932bf@group-4BD12810AED6-LeaderElection21] INFO  impl.LeaderElection (LeaderElection.java:logAndReturn(93)) -   Response 0: b58efb8a-bcce-4b5c-ba4f-ff0c627932bf<-b8911061-d087-4ec2-bfc4-9091de9e538b#0:OK-t1
2024-06-08 17:12:29,330 [b58efb8a-bcce-4b5c-ba4f-ff0c627932bf@group-4BD12810AED6-LeaderElection21] INFO  impl.LeaderElection (LeaderElection.java:askForVotes(323)) - b58efb8a-bcce-4b5c-ba4f-ff0c627932bf@group-4BD12810AED6-LeaderElection21 ELECTION round 0: result PASSED
2024-06-08 17:12:29,330 [b58efb8a-bcce-4b5c-ba4f-ff0c627932bf@group-4BD12810AED6-LeaderElection21] INFO  impl.RoleInfo (RoleInfo.java:shutdownLeaderElection(130)) - b58efb8a-bcce-4b5c-ba4f-ff0c627932bf: shutdown b58efb8a-bcce-4b5c-ba4f-ff0c627932bf@group-4BD12810AED6-LeaderElection21
2024-06-08 17:12:29,330 [b58efb8a-bcce-4b5c-ba4f-ff0c627932bf@group-4BD12810AED6-LeaderElection21] INFO  server.RaftServer$Division (RaftServerImpl.java:setRole(383)) - b58efb8a-bcce-4b5c-ba4f-ff0c627932bf@group-4BD12810AED6: changes role from CANDIDATE to LEADER at term 1 for changeToLeader
2024-06-08 17:12:29,330 [b58efb8a-bcce-4b5c-ba4f-ff0c627932bf@group-4BD12810AED6-LeaderElection21] INFO  server.RaftServerConfigKeys (ConfUtils.java:logGet(46)) - raft.server.staging.catchup.gap = 1000 (default)
2024-06-08 17:12:29,330 [b58efb8a-bcce-4b5c-ba4f-ff0c627932bf@group-4BD12810AED6-LeaderElection21] INFO  server.RaftServerConfigKeys (ConfUtils.java:logGet(46)) - raft.server.write.element-limit = 1024 (custom)
2024-06-08 17:12:29,330 [b58efb8a-bcce-4b5c-ba4f-ff0c627932bf@group-4BD12810AED6-LeaderElection21] INFO  server.RaftServerConfigKeys (ConfUtils.java:logGet(46)) - raft.server.write.byte-limit = 1024 M (=1073741824) (custom)
2024-06-08 17:12:29,331 [b58efb8a-bcce-4b5c-ba4f-ff0c627932bf@group-4BD12810AED6-LeaderElection21] INFO  server.RaftServerConfigKeys (ConfUtils.java:logGet(46)) - raft.server.watch.timeout = 3000ms (custom)
2024-06-08 17:12:29,331 [b58efb8a-bcce-4b5c-ba4f-ff0c627932bf@group-4BD12810AED6-LeaderElection21] INFO  server.RaftServerConfigKeys (ConfUtils.java:logGet(46)) - raft.server.watch.timeout.denomination = 1s (default)
2024-06-08 17:12:29,331 [b58efb8a-bcce-4b5c-ba4f-ff0c627932bf@group-4BD12810AED6-LeaderElection21] INFO  server.RaftServerConfigKeys (ConfUtils.java:logGet(46)) - raft.server.watch.element-limit = 65536 (default)
2024-06-08 17:12:29,331 [b58efb8a-bcce-4b5c-ba4f-ff0c627932bf@group-4BD12810AED6-LeaderElection21] INFO  server.RaftServerConfigKeys (ConfUtils.java:logGet(46)) - raft.server.read.leader.lease.enabled = false (default)
2024-06-08 17:12:29,331 [b58efb8a-bcce-4b5c-ba4f-ff0c627932bf@group-4BD12810AED6-LeaderElection21] INFO  server.RaftServerConfigKeys (ConfUtils.java:logGet(46)) - raft.server.read.leader.lease.timeout.ratio = 0.9 (default)
2024-06-08 17:12:29,331 [b58efb8a-bcce-4b5c-ba4f-ff0c627932bf@group-4BD12810AED6-LeaderElection21] INFO  server.RaftServerConfigKeys (ConfUtils.java:logGet(46)) - raft.server.rpc.timeout.min = 5s (custom)
2024-06-08 17:12:29,331 [b58efb8a-bcce-4b5c-ba4f-ff0c627932bf@group-4BD12810AED6-LeaderElection21] INFO  server.RaftServerConfigKeys (ConfUtils.java:logGet(46)) - raft.server.write.element-limit = 1024 (custom)
2024-06-08 17:12:29,331 [b58efb8a-bcce-4b5c-ba4f-ff0c627932bf@group-4BD12810AED6-LeaderElection21] INFO  server.RaftServerConfigKeys (ConfUtils.java:logGet(46)) - raft.server.write.follower.gap.ratio.max = -1.0 (default)
2024-06-08 17:12:29,331 [b58efb8a-bcce-4b5c-ba4f-ff0c627932bf@group-4BD12810AED6-LeaderElection21] INFO  server.RaftServerConfigKeys (ConfUtils.java:logGet(46)) - raft.server.log.appender.snapshot.chunk.size.max = 16MB (=16777216) (default)
2024-06-08 17:12:29,331 [b58efb8a-bcce-4b5c-ba4f-ff0c627932bf@group-4BD12810AED6-LeaderElection21] INFO  server.RaftServerConfigKeys (ConfUtils.java:logGet(46)) - raft.server.log.appender.buffer.byte-limit = 8388608 (custom)
2024-06-08 17:12:29,331 [b58efb8a-bcce-4b5c-ba4f-ff0c627932bf@group-4BD12810AED6-LeaderElection21] INFO  server.RaftServerConfigKeys (ConfUtils.java:logGet(46)) - raft.server.log.appender.buffer.element-limit = 1024 (custom)
2024-06-08 17:12:29,332 [b58efb8a-bcce-4b5c-ba4f-ff0c627932bf@group-4BD12810AED6-LeaderElection21] INFO  server.RaftServerConfigKeys (ConfUtils.java:logGet(46)) - raft.server.log.appender.wait-time.min = 0ms (custom)
2024-06-08 17:12:29,332 [b58efb8a-bcce-4b5c-ba4f-ff0c627932bf@group-4BD12810AED6-LeaderElection21] INFO  grpc.GrpcConfigKeys (ConfUtils.java:logGet(46)) - raft.grpc.server.leader.outstanding.appends.max = 8 (default)
2024-06-08 17:12:29,332 [b58efb8a-bcce-4b5c-ba4f-ff0c627932bf@group-4BD12810AED6-LeaderElection21] INFO  server.RaftServerConfigKeys (ConfUtils.java:logGet(46)) - raft.server.rpc.request.timeout = 3000ms (default)
2024-06-08 17:12:29,332 [b58efb8a-bcce-4b5c-ba4f-ff0c627932bf@group-4BD12810AED6-LeaderElection21] INFO  grpc.GrpcConfigKeys (ConfUtils.java:logGet(46)) - raft.grpc.server.install_snapshot.request.element-limit = 8 (default)
2024-06-08 17:12:29,332 [b58efb8a-bcce-4b5c-ba4f-ff0c627932bf@group-4BD12810AED6-LeaderElection21] INFO  grpc.GrpcConfigKeys (ConfUtils.java:logGet(46)) - raft.grpc.server.install_snapshot.request.timeout = 3000ms (default)
2024-06-08 17:12:29,332 [b58efb8a-bcce-4b5c-ba4f-ff0c627932bf@group-4BD12810AED6-LeaderElection21] INFO  grpc.GrpcConfigKeys (ConfUtils.java:logGet(46)) - raft.grpc.server.log-message.batch.duration = 5s (default)
2024-06-08 17:12:29,332 [b58efb8a-bcce-4b5c-ba4f-ff0c627932bf@group-4BD12810AED6-LeaderElection21] INFO  server.RaftServerConfigKeys (ConfUtils.java:logGet(46)) - raft.server.log.appender.install.snapshot.enabled = false (custom)
2024-06-08 17:12:29,332 [b58efb8a-bcce-4b5c-ba4f-ff0c627932bf@group-4BD12810AED6-LeaderElection21] INFO  grpc.GrpcConfigKeys (ConfUtils.java:logGet(46)) - raft.grpc.server.heartbeat.channel = true (default)
2024-06-08 17:12:29,333 [b58efb8a-bcce-4b5c-ba4f-ff0c627932bf@group-4BD12810AED6-LeaderElection21] INFO  server.RaftServerConfigKeys (ConfUtils.java:logGet(46)) - raft.server.log.appender.snapshot.chunk.size.max = 16MB (=16777216) (default)
2024-06-08 17:12:29,333 [b58efb8a-bcce-4b5c-ba4f-ff0c627932bf@group-4BD12810AED6-LeaderElection21] INFO  server.RaftServerConfigKeys (ConfUtils.java:logGet(46)) - raft.server.log.appender.buffer.byte-limit = 8388608 (custom)
2024-06-08 17:12:29,333 [b58efb8a-bcce-4b5c-ba4f-ff0c627932bf@group-4BD12810AED6-LeaderElection21] INFO  server.RaftServerConfigKeys (ConfUtils.java:logGet(46)) - raft.server.log.appender.buffer.element-limit = 1024 (custom)
2024-06-08 17:12:29,333 [b58efb8a-bcce-4b5c-ba4f-ff0c627932bf@group-4BD12810AED6-LeaderElection21] INFO  server.RaftServerConfigKeys (ConfUtils.java:logGet(46)) - raft.server.log.appender.wait-time.min = 0ms (custom)
2024-06-08 17:12:29,333 [b58efb8a-bcce-4b5c-ba4f-ff0c627932bf@group-4BD12810AED6-LeaderElection21] INFO  grpc.GrpcConfigKeys (ConfUtils.java:logGet(46)) - raft.grpc.server.leader.outstanding.appends.max = 8 (default)
2024-06-08 17:12:29,333 [b58efb8a-bcce-4b5c-ba4f-ff0c627932bf@group-4BD12810AED6-LeaderElection21] INFO  server.RaftServerConfigKeys (ConfUtils.java:logGet(46)) - raft.server.rpc.request.timeout = 3000ms (default)
2024-06-08 17:12:29,333 [b58efb8a-bcce-4b5c-ba4f-ff0c627932bf@group-4BD12810AED6-LeaderElection21] INFO  grpc.GrpcConfigKeys (ConfUtils.java:logGet(46)) - raft.grpc.server.install_snapshot.request.element-limit = 8 (default)
2024-06-08 17:12:29,334 [b58efb8a-bcce-4b5c-ba4f-ff0c627932bf@group-4BD12810AED6-LeaderElection21] INFO  grpc.GrpcConfigKeys (ConfUtils.java:logGet(46)) - raft.grpc.server.install_snapshot.request.timeout = 3000ms (default)
2024-06-08 17:12:29,334 [b58efb8a-bcce-4b5c-ba4f-ff0c627932bf@group-4BD12810AED6-LeaderElection21] INFO  grpc.GrpcConfigKeys (ConfUtils.java:logGet(46)) - raft.grpc.server.log-message.batch.duration = 5s (default)
2024-06-08 17:12:29,334 [b58efb8a-bcce-4b5c-ba4f-ff0c627932bf@group-4BD12810AED6-LeaderElection21] INFO  server.RaftServerConfigKeys (ConfUtils.java:logGet(46)) - raft.server.log.appender.install.snapshot.enabled = false (custom)
2024-06-08 17:12:29,334 [b58efb8a-bcce-4b5c-ba4f-ff0c627932bf@group-4BD12810AED6-LeaderElection21] INFO  grpc.GrpcConfigKeys (ConfUtils.java:logGet(46)) - raft.grpc.server.heartbeat.channel = true (default)
2024-06-08 17:12:29,334 [b58efb8a-bcce-4b5c-ba4f-ff0c627932bf@group-4BD12810AED6-LeaderElection21] INFO  impl.RoleInfo (RoleInfo.java:updateAndGet(139)) - b58efb8a-bcce-4b5c-ba4f-ff0c627932bf: start b58efb8a-bcce-4b5c-ba4f-ff0c627932bf@group-4BD12810AED6-LeaderStateImpl
2024-06-08 17:12:29,334 [b58efb8a-bcce-4b5c-ba4f-ff0c627932bf@group-4BD12810AED6-LeaderElection21] INFO  server.RaftServer$Division (RaftServerImpl.java:setFirstElection(574)) - b58efb8a-bcce-4b5c-ba4f-ff0c627932bf@group-4BD12810AED6: set firstElectionSinceStartup to false for becomeLeader
2024-06-08 17:12:29,334 [b58efb8a-bcce-4b5c-ba4f-ff0c627932bf@group-4BD12810AED6-LeaderElection21] INFO  ratis.XceiverServerRatis (XceiverServerRatis.java:handleLeaderChangedNotification(966)) - Leader change notification received for group: group-4BD12810AED6 with new leaderId: b58efb8a-bcce-4b5c-ba4f-ff0c627932bf
2024-06-08 17:12:29,334 [b58efb8a-bcce-4b5c-ba4f-ff0c627932bf@group-4BD12810AED6-LeaderElection21] INFO  server.RaftServer$Division (ServerState.java:setLeader(269)) - b58efb8a-bcce-4b5c-ba4f-ff0c627932bf@group-4BD12810AED6: change Leader from null to b58efb8a-bcce-4b5c-ba4f-ff0c627932bf at term 1 for becomeLeader, leader elected after 5204ms
2024-06-08 17:12:29,334 [b58efb8a-bcce-4b5c-ba4f-ff0c627932bf@group-4BD12810AED6-LeaderElection21] INFO  segmented.SegmentedRaftLogWorker (SegmentedRaftLogWorker.java:startLogSegment(430)) - b58efb8a-bcce-4b5c-ba4f-ff0c627932bf@group-4BD12810AED6-SegmentedRaftLogWorker: Starting segment from index:0
2024-06-08 17:12:29,335 [b58efb8a-bcce-4b5c-ba4f-ff0c627932bf@group-4BD12810AED6-SegmentedRaftLogWorker] INFO  segmented.BufferedWriteChannel (BufferedWriteChannel.java:open(62)) - open log_inprogress_0 at position 0
2024-06-08 17:12:29,336 [EventQueue-PipelineReportForPipelineReportHandler] INFO  pipeline.PipelineReportHandler (PipelineReportHandler.java:processPipelineReport(136)) - Opened pipeline PipelineID=e13792a1-6aeb-4204-ab3e-4bd12810aed6
2024-06-08 17:12:29,339 [b58efb8a-bcce-4b5c-ba4f-ff0c627932bf@group-4BD12810AED6-LeaderElection21] INFO  server.RaftServer$Division (ServerState.java:setRaftConf(386)) - b58efb8a-bcce-4b5c-ba4f-ff0c627932bf@group-4BD12810AED6: set configuration 0: peers:[b8911061-d087-4ec2-bfc4-9091de9e538b|127.0.0.1:15076, e3b50f59-81fe-4964-a90b-c9e3e207dda8|127.0.0.1:15067, b58efb8a-bcce-4b5c-ba4f-ff0c627932bf|127.0.0.1:15085]|listeners:[], old=null
2024-06-08 17:12:29,340 [IPC Server handler 1 on default port 15054] INFO  ha.SequenceIdGenerator (SequenceIdGenerator.java:getNextId(145)) - Allocate a batch for containerId, change lastId from 0 to 1000.
2024-06-08 17:12:29,340 [grpc-default-executor-3] INFO  server.RaftServer$Division (RaftServerImpl.java:requestVote(1389)) - b8911061-d087-4ec2-bfc4-9091de9e538b@group-8C08ED623EB2: receive requestVote(PRE_VOTE, b58efb8a-bcce-4b5c-ba4f-ff0c627932bf, group-8C08ED623EB2, 0, (t:0, i:0))
2024-06-08 17:12:29,341 [grpc-default-executor-3] INFO  impl.VoteContext (VoteContext.java:log(49)) - b8911061-d087-4ec2-bfc4-9091de9e538b@group-8C08ED623EB2-FOLLOWER: reject PRE_VOTE from b58efb8a-bcce-4b5c-ba4f-ff0c627932bf: our priority 1 > candidate's priority 0
2024-06-08 17:12:29,341 [grpc-default-executor-3] INFO  server.RaftServer$Division (RaftServerImpl.java:requestVote(1422)) - b8911061-d087-4ec2-bfc4-9091de9e538b@group-8C08ED623EB2 replies to PRE_VOTE vote request: b58efb8a-bcce-4b5c-ba4f-ff0c627932bf<-b8911061-d087-4ec2-bfc4-9091de9e538b#0:FAIL-t0. Peer's state: b8911061-d087-4ec2-bfc4-9091de9e538b@group-8C08ED623EB2:t0, leader=null, voted=, raftlog=Memoized:b8911061-d087-4ec2-bfc4-9091de9e538b@group-8C08ED623EB2-SegmentedRaftLog:OPENED:c-1, conf=-1: peers:[b8911061-d087-4ec2-bfc4-9091de9e538b|127.0.0.1:15076, e3b50f59-81fe-4964-a90b-c9e3e207dda8|127.0.0.1:15067, b58efb8a-bcce-4b5c-ba4f-ff0c627932bf|127.0.0.1:15085]|listeners:[], old=null
2024-06-08 17:12:29,341 [IPC Server handler 1 on default port 15054] WARN  ha.SequenceIdGenerator (SequenceIdGenerator.java:allocateBatch(258)) - Failed to allocate a batch for localId, expected lastId is 0, actual lastId is 113750153625600000.
2024-06-08 17:12:29,341 [IPC Server handler 1 on default port 15054] INFO  ha.SequenceIdGenerator (SequenceIdGenerator.java:getNextId(145)) - Allocate a batch for localId, change lastId from 113750153625600000 to 113750153625601000.
2024-06-08 17:12:29,343 [b58efb8a-bcce-4b5c-ba4f-ff0c627932bf@group-4BD12810AED6-SegmentedRaftLogWorker] INFO  segmented.SegmentedRaftLogWorker (SegmentedRaftLogWorker.java:execute(634)) - b58efb8a-bcce-4b5c-ba4f-ff0c627932bf@group-4BD12810AED6-SegmentedRaftLogWorker: created new log segment /home/runner/work/ozone/ozone/hadoop-ozone/integration-test/target/test-dir/MiniOzoneClusterImpl-6b59e386-941c-4981-b753-7806b34dbc05/ozone-meta/datanode-3/ratis/e13792a1-6aeb-4204-ab3e-4bd12810aed6/current/log_inprogress_0
2024-06-08 17:12:29,345 [b58efb8a-bcce-4b5c-ba4f-ff0c627932bf@group-8C08ED623EB2-LeaderElection23] INFO  server.RaftServerConfigKeys (ConfUtils.java:logFallback(53)) - raft.server.rpc.first-election.timeout.min = 5s (fallback to raft.server.rpc.timeout.min)
2024-06-08 17:12:29,345 [b58efb8a-bcce-4b5c-ba4f-ff0c627932bf@group-8C08ED623EB2-LeaderElection23] INFO  server.RaftServerConfigKeys (ConfUtils.java:logFallback(53)) - raft.server.rpc.first-election.timeout.max = 5200ms (fallback to raft.server.rpc.timeout.max)
2024-06-08 17:12:29,345 [b58efb8a-bcce-4b5c-ba4f-ff0c627932bf@group-8C08ED623EB2-LeaderElection23] INFO  impl.LeaderElection (LeaderElection.java:logAndReturn(89)) - b58efb8a-bcce-4b5c-ba4f-ff0c627932bf@group-8C08ED623EB2-LeaderElection23: PRE_VOTE REJECTED received 1 response(s) and 0 exception(s):
2024-06-08 17:12:29,345 [b58efb8a-bcce-4b5c-ba4f-ff0c627932bf@group-8C08ED623EB2-LeaderElection23] INFO  impl.LeaderElection (LeaderElection.java:logAndReturn(93)) -   Response 0: b58efb8a-bcce-4b5c-ba4f-ff0c627932bf<-b8911061-d087-4ec2-bfc4-9091de9e538b#0:FAIL-t0
2024-06-08 17:12:29,345 [b58efb8a-bcce-4b5c-ba4f-ff0c627932bf@group-8C08ED623EB2-LeaderElection23] INFO  impl.LeaderElection (LeaderElection.java:askForVotes(323)) - b58efb8a-bcce-4b5c-ba4f-ff0c627932bf@group-8C08ED623EB2-LeaderElection23 PRE_VOTE round 0: result REJECTED
2024-06-08 17:12:29,345 [b58efb8a-bcce-4b5c-ba4f-ff0c627932bf@group-8C08ED623EB2-LeaderElection23] INFO  server.RaftServer$Division (RaftServerImpl.java:setRole(383)) - b58efb8a-bcce-4b5c-ba4f-ff0c627932bf@group-8C08ED623EB2: changes role from CANDIDATE to FOLLOWER at term 0 for REJECTED
2024-06-08 17:12:29,345 [b58efb8a-bcce-4b5c-ba4f-ff0c627932bf@group-8C08ED623EB2-LeaderElection23] INFO  impl.RoleInfo (RoleInfo.java:shutdownLeaderElection(130)) - b58efb8a-bcce-4b5c-ba4f-ff0c627932bf: shutdown b58efb8a-bcce-4b5c-ba4f-ff0c627932bf@group-8C08ED623EB2-LeaderElection23
2024-06-08 17:12:29,345 [b58efb8a-bcce-4b5c-ba4f-ff0c627932bf@group-8C08ED623EB2-LeaderElection23] INFO  impl.RoleInfo (RoleInfo.java:updateAndGet(139)) - b58efb8a-bcce-4b5c-ba4f-ff0c627932bf: start b58efb8a-bcce-4b5c-ba4f-ff0c627932bf@group-8C08ED623EB2-FollowerState
2024-06-08 17:12:29,346 [e3b50f59-81fe-4964-a90b-c9e3e207dda8@group-8C08ED623EB2-LeaderElection22] INFO  server.RaftServer$Division (RaftServerImpl.java:setFirstElection(574)) - e3b50f59-81fe-4964-a90b-c9e3e207dda8@group-8C08ED623EB2: set firstElectionSinceStartup to false for REJECTED
2024-06-08 17:12:29,348 [grpc-default-executor-3] INFO  server.RaftServer$Division (RaftServerImpl.java:requestVote(1389)) - e3b50f59-81fe-4964-a90b-c9e3e207dda8@group-8C08ED623EB2: receive requestVote(PRE_VOTE, b58efb8a-bcce-4b5c-ba4f-ff0c627932bf, group-8C08ED623EB2, 0, (t:0, i:0))
2024-06-08 17:12:29,348 [grpc-default-executor-3] INFO  impl.VoteContext (VoteContext.java:log(49)) - e3b50f59-81fe-4964-a90b-c9e3e207dda8@group-8C08ED623EB2-FOLLOWER: accept PRE_VOTE from b58efb8a-bcce-4b5c-ba4f-ff0c627932bf: our priority 0 <= candidate's priority 0
2024-06-08 17:12:29,348 [grpc-default-executor-3] INFO  server.RaftServer$Division (RaftServerImpl.java:requestVote(1422)) - e3b50f59-81fe-4964-a90b-c9e3e207dda8@group-8C08ED623EB2 replies to PRE_VOTE vote request: b58efb8a-bcce-4b5c-ba4f-ff0c627932bf<-e3b50f59-81fe-4964-a90b-c9e3e207dda8#0:OK-t0. Peer's state: e3b50f59-81fe-4964-a90b-c9e3e207dda8@group-8C08ED623EB2:t0, leader=null, voted=, raftlog=Memoized:e3b50f59-81fe-4964-a90b-c9e3e207dda8@group-8C08ED623EB2-SegmentedRaftLog:OPENED:c-1, conf=-1: peers:[b8911061-d087-4ec2-bfc4-9091de9e538b|127.0.0.1:15076, e3b50f59-81fe-4964-a90b-c9e3e207dda8|127.0.0.1:15067, b58efb8a-bcce-4b5c-ba4f-ff0c627932bf|127.0.0.1:15085]|listeners:[], old=null
2024-06-08 17:12:29,356 [grpc-default-executor-2] INFO  server.RaftServer$Division (RaftServerImpl.java:requestVote(1422)) - e3b50f59-81fe-4964-a90b-c9e3e207dda8@group-4BD12810AED6 replies to ELECTION vote request: b58efb8a-bcce-4b5c-ba4f-ff0c627932bf<-e3b50f59-81fe-4964-a90b-c9e3e207dda8#0:OK-t1. Peer's state: e3b50f59-81fe-4964-a90b-c9e3e207dda8@group-4BD12810AED6:t1, leader=null, voted=b58efb8a-bcce-4b5c-ba4f-ff0c627932bf, raftlog=Memoized:e3b50f59-81fe-4964-a90b-c9e3e207dda8@group-4BD12810AED6-SegmentedRaftLog:OPENED:c-1, conf=-1: peers:[b8911061-d087-4ec2-bfc4-9091de9e538b|127.0.0.1:15076, e3b50f59-81fe-4964-a90b-c9e3e207dda8|127.0.0.1:15067, b58efb8a-bcce-4b5c-ba4f-ff0c627932bf|127.0.0.1:15085]|listeners:[], old=null
2024-06-08 17:12:29,359 [b8911061-d087-4ec2-bfc4-9091de9e538b-server-thread1] INFO  ratis.XceiverServerRatis (XceiverServerRatis.java:handleLeaderChangedNotification(966)) - Leader change notification received for group: group-4BD12810AED6 with new leaderId: b58efb8a-bcce-4b5c-ba4f-ff0c627932bf
2024-06-08 17:12:29,359 [b8911061-d087-4ec2-bfc4-9091de9e538b-server-thread1] INFO  server.RaftServer$Division (ServerState.java:setLeader(269)) - b8911061-d087-4ec2-bfc4-9091de9e538b@group-4BD12810AED6: change Leader from null to b58efb8a-bcce-4b5c-ba4f-ff0c627932bf at term 1 for appendEntries, leader elected after 5283ms
2024-06-08 17:12:29,364 [b58efb8a-bcce-4b5c-ba4f-ff0c627932bf@group-8C08ED623EB2-LeaderElection23] INFO  server.RaftServer$Division (RaftServerImpl.java:setFirstElection(574)) - b58efb8a-bcce-4b5c-ba4f-ff0c627932bf@group-8C08ED623EB2: set firstElectionSinceStartup to false for REJECTED
2024-06-08 17:12:29,366 [b8911061-d087-4ec2-bfc4-9091de9e538b-server-thread2] INFO  server.RaftServer$Division (ServerState.java:setRaftConf(386)) - b8911061-d087-4ec2-bfc4-9091de9e538b@group-4BD12810AED6: set configuration 0: peers:[b8911061-d087-4ec2-bfc4-9091de9e538b|127.0.0.1:15076, e3b50f59-81fe-4964-a90b-c9e3e207dda8|127.0.0.1:15067, b58efb8a-bcce-4b5c-ba4f-ff0c627932bf|127.0.0.1:15085]|listeners:[], old=null
2024-06-08 17:12:29,366 [b8911061-d087-4ec2-bfc4-9091de9e538b-server-thread2] INFO  segmented.SegmentedRaftLogWorker (SegmentedRaftLogWorker.java:startLogSegment(430)) - b8911061-d087-4ec2-bfc4-9091de9e538b@group-4BD12810AED6-SegmentedRaftLogWorker: Starting segment from index:0
2024-06-08 17:12:29,367 [b8911061-d087-4ec2-bfc4-9091de9e538b@group-4BD12810AED6-SegmentedRaftLogWorker] INFO  segmented.BufferedWriteChannel (BufferedWriteChannel.java:open(62)) - open log_inprogress_0 at position 0
2024-06-08 17:12:29,371 [e3b50f59-81fe-4964-a90b-c9e3e207dda8-server-thread1] INFO  ratis.XceiverServerRatis (XceiverServerRatis.java:handleLeaderChangedNotification(966)) - Leader change notification received for group: group-4BD12810AED6 with new leaderId: b58efb8a-bcce-4b5c-ba4f-ff0c627932bf
2024-06-08 17:12:29,371 [e3b50f59-81fe-4964-a90b-c9e3e207dda8-server-thread1] INFO  server.RaftServer$Division (ServerState.java:setLeader(269)) - e3b50f59-81fe-4964-a90b-c9e3e207dda8@group-4BD12810AED6: change Leader from null to b58efb8a-bcce-4b5c-ba4f-ff0c627932bf at term 1 for appendEntries, leader elected after 5280ms
2024-06-08 17:12:29,372 [b8911061-d087-4ec2-bfc4-9091de9e538b@group-8C08ED623EB2-FollowerState] INFO  impl.FollowerState (FollowerState.java:run(143)) - b8911061-d087-4ec2-bfc4-9091de9e538b@group-8C08ED623EB2-FollowerState: change to CANDIDATE, lastRpcElapsedTime:5155259597ns, electionTimeout:5154ms
2024-06-08 17:12:29,373 [b8911061-d087-4ec2-bfc4-9091de9e538b@group-8C08ED623EB2-FollowerState] INFO  impl.RoleInfo (RoleInfo.java:shutdownFollowerState(110)) - b8911061-d087-4ec2-bfc4-9091de9e538b: shutdown b8911061-d087-4ec2-bfc4-9091de9e538b@group-8C08ED623EB2-FollowerState
2024-06-08 17:12:29,373 [b8911061-d087-4ec2-bfc4-9091de9e538b@group-8C08ED623EB2-FollowerState] INFO  server.RaftServer$Division (RaftServerImpl.java:setRole(383)) - b8911061-d087-4ec2-bfc4-9091de9e538b@group-8C08ED623EB2: changes role from  FOLLOWER to CANDIDATE at term 0 for changeToCandidate
2024-06-08 17:12:29,373 [b8911061-d087-4ec2-bfc4-9091de9e538b@group-8C08ED623EB2-FollowerState] INFO  server.RaftServerConfigKeys (ConfUtils.java:logGet(46)) - raft.server.leaderelection.pre-vote = true (default)
2024-06-08 17:12:29,372 [grpc-default-executor-0] ERROR impl.OrderedAsync (OrderedAsync.java:lambda$sendRequest$9(247)) - client-BA803BDE1AD2: Failed* RaftClientRequest:client-BA803BDE1AD2->b58efb8a-bcce-4b5c-ba4f-ff0c627932bf@group-4BD12810AED6, cid=61, seq=1*, Watch(0), null
java.util.concurrent.CompletionException: org.apache.ratis.protocol.exceptions.LeaderNotReadyException: b58efb8a-bcce-4b5c-ba4f-ff0c627932bf@group-4BD12810AED6 is in LEADER state but not ready yet.
	at java.base/java.util.concurrent.CompletableFuture.encodeThrowable(CompletableFuture.java:332)
	at java.base/java.util.concurrent.CompletableFuture.completeThrowable(CompletableFuture.java:347)
	at java.base/java.util.concurrent.CompletableFuture$UniApply.tryFire(CompletableFuture.java:636)
	at java.base/java.util.concurrent.CompletableFuture.postComplete(CompletableFuture.java:510)
	at java.base/java.util.concurrent.CompletableFuture.completeExceptionally(CompletableFuture.java:2162)
	at org.apache.ratis.grpc.client.GrpcClientProtocolClient$AsyncStreamObservers.completeReplyExceptionally(GrpcClientProtocolClient.java:394)
	at org.apache.ratis.grpc.client.GrpcClientProtocolClient$AsyncStreamObservers.access$000(GrpcClientProtocolClient.java:300)
	at org.apache.ratis.grpc.client.GrpcClientProtocolClient$AsyncStreamObservers$1.onNext(GrpcClientProtocolClient.java:319)
	at org.apache.ratis.grpc.client.GrpcClientProtocolClient$AsyncStreamObservers$1.onNext(GrpcClientProtocolClient.java:305)
	at org.apache.ratis.thirdparty.io.grpc.stub.ClientCalls$StreamObserverToCallListenerAdapter.onMessage(ClientCalls.java:468)
	at org.apache.ratis.thirdparty.io.grpc.ForwardingClientCallListener.onMessage(ForwardingClientCallListener.java:33)
	at org.apache.ratis.thirdparty.io.grpc.internal.DelayedClientCall$DelayedListener.onMessage(DelayedClientCall.java:473)
	at org.apache.ratis.thirdparty.io.grpc.internal.ClientCallImpl$ClientStreamListenerImpl$1MessagesAvailable.runInternal(ClientCallImpl.java:660)
	at org.apache.ratis.thirdparty.io.grpc.internal.ClientCallImpl$ClientStreamListenerImpl$1MessagesAvailable.runInContext(ClientCallImpl.java:647)
	at org.apache.ratis.thirdparty.io.grpc.internal.ContextRunnable.run(ContextRunnable.java:37)
	at org.apache.ratis.thirdparty.io.grpc.internal.SerializingExecutor.run(SerializingExecutor.java:133)
	at java.base/java.util.concurrent.ThreadPoolExecutor.runWorker(ThreadPoolExecutor.java:1136)
	at java.base/java.util.concurrent.ThreadPoolExecutor$Worker.run(ThreadPoolExecutor.java:635)
	at java.base/java.lang.Thread.run(Thread.java:840)
Caused by: org.apache.ratis.protocol.exceptions.LeaderNotReadyException: b58efb8a-bcce-4b5c-ba4f-ff0c627932bf@group-4BD12810AED6 is in LEADER state but not ready yet.
	at org.apache.ratis.client.impl.ClientProtoUtils.toRaftClientReply(ClientProtoUtils.java:407)
	at org.apache.ratis.grpc.client.GrpcClientProtocolClient$AsyncStreamObservers$1.onNext(GrpcClientProtocolClient.java:310)
	... 11 more
2024-06-08 17:12:29,373 [b8911061-d087-4ec2-bfc4-9091de9e538b@group-8C08ED623EB2-FollowerState] INFO  impl.RoleInfo (RoleInfo.java:updateAndGet(139)) - b8911061-d087-4ec2-bfc4-9091de9e538b: start b8911061-d087-4ec2-bfc4-9091de9e538b@group-8C08ED623EB2-LeaderElection24
2024-06-08 17:12:29,374 [e3b50f59-81fe-4964-a90b-c9e3e207dda8-server-thread2] INFO  server.RaftServer$Division (ServerState.java:setRaftConf(386)) - e3b50f59-81fe-4964-a90b-c9e3e207dda8@group-4BD12810AED6: set configuration 0: peers:[b8911061-d087-4ec2-bfc4-9091de9e538b|127.0.0.1:15076, e3b50f59-81fe-4964-a90b-c9e3e207dda8|127.0.0.1:15067, b58efb8a-bcce-4b5c-ba4f-ff0c627932bf|127.0.0.1:15085]|listeners:[], old=null
2024-06-08 17:12:29,374 [e3b50f59-81fe-4964-a90b-c9e3e207dda8-server-thread2] INFO  segmented.SegmentedRaftLogWorker (SegmentedRaftLogWorker.java:startLogSegment(430)) - e3b50f59-81fe-4964-a90b-c9e3e207dda8@group-4BD12810AED6-SegmentedRaftLogWorker: Starting segment from index:0
2024-06-08 17:12:29,374 [b8911061-d087-4ec2-bfc4-9091de9e538b@group-8C08ED623EB2-LeaderElection24] INFO  impl.LeaderElection (LeaderElection.java:askForVotes(321)) - b8911061-d087-4ec2-bfc4-9091de9e538b@group-8C08ED623EB2-LeaderElection24 PRE_VOTE round 0: submit vote requests at term 0 for -1: peers:[b8911061-d087-4ec2-bfc4-9091de9e538b|127.0.0.1:15076, e3b50f59-81fe-4964-a90b-c9e3e207dda8|127.0.0.1:15067, b58efb8a-bcce-4b5c-ba4f-ff0c627932bf|127.0.0.1:15085]|listeners:[], old=null
2024-06-08 17:12:29,374 [b8911061-d087-4ec2-bfc4-9091de9e538b@group-4BD12810AED6-SegmentedRaftLogWorker] INFO  segmented.SegmentedRaftLogWorker (SegmentedRaftLogWorker.java:execute(634)) - b8911061-d087-4ec2-bfc4-9091de9e538b@group-4BD12810AED6-SegmentedRaftLogWorker: created new log segment /home/runner/work/ozone/ozone/hadoop-ozone/integration-test/target/test-dir/MiniOzoneClusterImpl-6b59e386-941c-4981-b753-7806b34dbc05/ozone-meta/datanode-2/ratis/e13792a1-6aeb-4204-ab3e-4bd12810aed6/current/log_inprogress_0
2024-06-08 17:12:29,375 [e3b50f59-81fe-4964-a90b-c9e3e207dda8@group-4BD12810AED6-SegmentedRaftLogWorker] INFO  segmented.BufferedWriteChannel (BufferedWriteChannel.java:open(62)) - open log_inprogress_0 at position 0
2024-06-08 17:12:29,375 [b8911061-d087-4ec2-bfc4-9091de9e538b@group-8C08ED623EB2-LeaderElection24] INFO  server.RaftServerConfigKeys (ConfUtils.java:logFallback(53)) - raft.server.rpc.first-election.timeout.min = 5s (fallback to raft.server.rpc.timeout.min)
2024-06-08 17:12:29,375 [b8911061-d087-4ec2-bfc4-9091de9e538b@group-8C08ED623EB2-LeaderElection24] INFO  server.RaftServerConfigKeys (ConfUtils.java:logFallback(53)) - raft.server.rpc.first-election.timeout.max = 5200ms (fallback to raft.server.rpc.timeout.max)
2024-06-08 17:12:29,376 [b8911061-d087-4ec2-bfc4-9091de9e538b@group-8C08ED623EB2-LeaderElection24-2] INFO  server.GrpcServerProtocolClient (GrpcServerProtocolClient.java:<init>(65)) - Build channel for b58efb8a-bcce-4b5c-ba4f-ff0c627932bf|127.0.0.1:15085
2024-06-08 17:12:29,375 [b8911061-d087-4ec2-bfc4-9091de9e538b@group-8C08ED623EB2-LeaderElection24-1] INFO  server.GrpcServerProtocolClient (GrpcServerProtocolClient.java:<init>(65)) - Build channel for e3b50f59-81fe-4964-a90b-c9e3e207dda8|127.0.0.1:15067
2024-06-08 17:12:29,381 [grpc-default-executor-0] INFO  server.RaftServer$Division (RaftServerImpl.java:requestVote(1389)) - b58efb8a-bcce-4b5c-ba4f-ff0c627932bf@group-8C08ED623EB2: receive requestVote(PRE_VOTE, b8911061-d087-4ec2-bfc4-9091de9e538b, group-8C08ED623EB2, 0, (t:0, i:0))
2024-06-08 17:12:29,381 [grpc-default-executor-0] INFO  impl.VoteContext (VoteContext.java:log(49)) - b58efb8a-bcce-4b5c-ba4f-ff0c627932bf@group-8C08ED623EB2-FOLLOWER: accept PRE_VOTE from b8911061-d087-4ec2-bfc4-9091de9e538b: our priority 0 <= candidate's priority 1
2024-06-08 17:12:29,381 [grpc-default-executor-0] INFO  server.RaftServer$Division (RaftServerImpl.java:requestVote(1422)) - b58efb8a-bcce-4b5c-ba4f-ff0c627932bf@group-8C08ED623EB2 replies to PRE_VOTE vote request: b8911061-d087-4ec2-bfc4-9091de9e538b<-b58efb8a-bcce-4b5c-ba4f-ff0c627932bf#0:OK-t0. Peer's state: b58efb8a-bcce-4b5c-ba4f-ff0c627932bf@group-8C08ED623EB2:t0, leader=null, voted=, raftlog=Memoized:b58efb8a-bcce-4b5c-ba4f-ff0c627932bf@group-8C08ED623EB2-SegmentedRaftLog:OPENED:c-1, conf=-1: peers:[b8911061-d087-4ec2-bfc4-9091de9e538b|127.0.0.1:15076, e3b50f59-81fe-4964-a90b-c9e3e207dda8|127.0.0.1:15067, b58efb8a-bcce-4b5c-ba4f-ff0c627932bf|127.0.0.1:15085]|listeners:[], old=null
2024-06-08 17:12:29,383 [b8911061-d087-4ec2-bfc4-9091de9e538b@group-8C08ED623EB2-LeaderElection24] INFO  impl.LeaderElection (LeaderElection.java:logAndReturn(89)) - b8911061-d087-4ec2-bfc4-9091de9e538b@group-8C08ED623EB2-LeaderElection24: PRE_VOTE PASSED received 1 response(s) and 0 exception(s):
2024-06-08 17:12:29,383 [b8911061-d087-4ec2-bfc4-9091de9e538b@group-8C08ED623EB2-LeaderElection24] INFO  impl.LeaderElection (LeaderElection.java:logAndReturn(93)) -   Response 0: b8911061-d087-4ec2-bfc4-9091de9e538b<-b58efb8a-bcce-4b5c-ba4f-ff0c627932bf#0:OK-t0
2024-06-08 17:12:29,383 [b8911061-d087-4ec2-bfc4-9091de9e538b@group-8C08ED623EB2-LeaderElection24] INFO  impl.LeaderElection (LeaderElection.java:askForVotes(323)) - b8911061-d087-4ec2-bfc4-9091de9e538b@group-8C08ED623EB2-LeaderElection24 PRE_VOTE round 0: result PASSED
2024-06-08 17:12:29,384 [b58efb8a-bcce-4b5c-ba4f-ff0c627932bf@group-4BD12810AED6-StateMachineUpdater] INFO  server.RaftServer$Division (LeaderStateImpl.java:isApplied(320)) - leader is ready since appliedIndex == 0 >= startIndex == 0
2024-06-08 17:12:29,385 [e3b50f59-81fe-4964-a90b-c9e3e207dda8@group-4BD12810AED6-SegmentedRaftLogWorker] INFO  segmented.SegmentedRaftLogWorker (SegmentedRaftLogWorker.java:execute(634)) - e3b50f59-81fe-4964-a90b-c9e3e207dda8@group-4BD12810AED6-SegmentedRaftLogWorker: created new log segment /home/runner/work/ozone/ozone/hadoop-ozone/integration-test/target/test-dir/MiniOzoneClusterImpl-6b59e386-941c-4981-b753-7806b34dbc05/ozone-meta/datanode-1/ratis/e13792a1-6aeb-4204-ab3e-4bd12810aed6/current/log_inprogress_0
2024-06-08 17:12:29,386 [grpc-default-executor-0] INFO  server.RaftServer$Division (RaftServerImpl.java:requestVote(1389)) - e3b50f59-81fe-4964-a90b-c9e3e207dda8@group-8C08ED623EB2: receive requestVote(PRE_VOTE, b8911061-d087-4ec2-bfc4-9091de9e538b, group-8C08ED623EB2, 0, (t:0, i:0))
2024-06-08 17:12:29,386 [grpc-default-executor-0] INFO  impl.VoteContext (VoteContext.java:log(49)) - e3b50f59-81fe-4964-a90b-c9e3e207dda8@group-8C08ED623EB2-FOLLOWER: accept PRE_VOTE from b8911061-d087-4ec2-bfc4-9091de9e538b: our priority 0 <= candidate's priority 1
2024-06-08 17:12:29,386 [grpc-default-executor-0] INFO  server.RaftServer$Division (RaftServerImpl.java:requestVote(1422)) - e3b50f59-81fe-4964-a90b-c9e3e207dda8@group-8C08ED623EB2 replies to PRE_VOTE vote request: b8911061-d087-4ec2-bfc4-9091de9e538b<-e3b50f59-81fe-4964-a90b-c9e3e207dda8#0:OK-t0. Peer's state: e3b50f59-81fe-4964-a90b-c9e3e207dda8@group-8C08ED623EB2:t0, leader=null, voted=, raftlog=Memoized:e3b50f59-81fe-4964-a90b-c9e3e207dda8@group-8C08ED623EB2-SegmentedRaftLog:OPENED:c-1, conf=-1: peers:[b8911061-d087-4ec2-bfc4-9091de9e538b|127.0.0.1:15076, e3b50f59-81fe-4964-a90b-c9e3e207dda8|127.0.0.1:15067, b58efb8a-bcce-4b5c-ba4f-ff0c627932bf|127.0.0.1:15085]|listeners:[], old=null
2024-06-08 17:12:29,386 [b8911061-d087-4ec2-bfc4-9091de9e538b@group-8C08ED623EB2-LeaderElection24] INFO  impl.LeaderElection (LeaderElection.java:askForVotes(321)) - b8911061-d087-4ec2-bfc4-9091de9e538b@group-8C08ED623EB2-LeaderElection24 ELECTION round 0: submit vote requests at term 1 for -1: peers:[b8911061-d087-4ec2-bfc4-9091de9e538b|127.0.0.1:15076, e3b50f59-81fe-4964-a90b-c9e3e207dda8|127.0.0.1:15067, b58efb8a-bcce-4b5c-ba4f-ff0c627932bf|127.0.0.1:15085]|listeners:[], old=null
2024-06-08 17:12:29,388 [b8911061-d087-4ec2-bfc4-9091de9e538b@group-8C08ED623EB2-LeaderElection24] INFO  server.RaftServerConfigKeys (ConfUtils.java:logFallback(53)) - raft.server.rpc.first-election.timeout.min = 5s (fallback to raft.server.rpc.timeout.min)
2024-06-08 17:12:29,388 [b8911061-d087-4ec2-bfc4-9091de9e538b@group-8C08ED623EB2-LeaderElection24] INFO  server.RaftServerConfigKeys (ConfUtils.java:logFallback(53)) - raft.server.rpc.first-election.timeout.max = 5200ms (fallback to raft.server.rpc.timeout.max)
2024-06-08 17:12:29,388 [grpc-default-executor-0] INFO  server.RaftServer$Division (RaftServerImpl.java:requestVote(1389)) - e3b50f59-81fe-4964-a90b-c9e3e207dda8@group-8C08ED623EB2: receive requestVote(ELECTION, b8911061-d087-4ec2-bfc4-9091de9e538b, group-8C08ED623EB2, 1, (t:0, i:0))
2024-06-08 17:12:29,388 [grpc-default-executor-0] INFO  impl.VoteContext (VoteContext.java:log(49)) - e3b50f59-81fe-4964-a90b-c9e3e207dda8@group-8C08ED623EB2-FOLLOWER: accept ELECTION from b8911061-d087-4ec2-bfc4-9091de9e538b: our priority 0 <= candidate's priority 1
2024-06-08 17:12:29,388 [grpc-default-executor-0] INFO  server.RaftServer$Division (RaftServerImpl.java:setRole(383)) - e3b50f59-81fe-4964-a90b-c9e3e207dda8@group-8C08ED623EB2: changes role from  FOLLOWER to FOLLOWER at term 1 for candidate:b8911061-d087-4ec2-bfc4-9091de9e538b
2024-06-08 17:12:29,388 [grpc-default-executor-0] INFO  impl.RoleInfo (RoleInfo.java:shutdownFollowerState(110)) - e3b50f59-81fe-4964-a90b-c9e3e207dda8: shutdown e3b50f59-81fe-4964-a90b-c9e3e207dda8@group-8C08ED623EB2-FollowerState
2024-06-08 17:12:29,388 [grpc-default-executor-0] INFO  impl.RoleInfo (RoleInfo.java:updateAndGet(139)) - e3b50f59-81fe-4964-a90b-c9e3e207dda8: start e3b50f59-81fe-4964-a90b-c9e3e207dda8@group-8C08ED623EB2-FollowerState
2024-06-08 17:12:29,388 [e3b50f59-81fe-4964-a90b-c9e3e207dda8@group-8C08ED623EB2-FollowerState] INFO  impl.FollowerState (FollowerState.java:run(152)) - e3b50f59-81fe-4964-a90b-c9e3e207dda8@group-8C08ED623EB2-FollowerState was interrupted
2024-06-08 17:12:29,389 [grpc-default-executor-0] INFO  server.RaftServer$Division (RaftServerImpl.java:requestVote(1422)) - e3b50f59-81fe-4964-a90b-c9e3e207dda8@group-8C08ED623EB2 replies to ELECTION vote request: b8911061-d087-4ec2-bfc4-9091de9e538b<-e3b50f59-81fe-4964-a90b-c9e3e207dda8#0:OK-t1. Peer's state: e3b50f59-81fe-4964-a90b-c9e3e207dda8@group-8C08ED623EB2:t1, leader=null, voted=b8911061-d087-4ec2-bfc4-9091de9e538b, raftlog=Memoized:e3b50f59-81fe-4964-a90b-c9e3e207dda8@group-8C08ED623EB2-SegmentedRaftLog:OPENED:c-1, conf=-1: peers:[b8911061-d087-4ec2-bfc4-9091de9e538b|127.0.0.1:15076, e3b50f59-81fe-4964-a90b-c9e3e207dda8|127.0.0.1:15067, b58efb8a-bcce-4b5c-ba4f-ff0c627932bf|127.0.0.1:15085]|listeners:[], old=null
2024-06-08 17:12:29,390 [grpc-default-executor-5] INFO  server.RaftServer$Division (RaftServerImpl.java:requestVote(1389)) - b58efb8a-bcce-4b5c-ba4f-ff0c627932bf@group-8C08ED623EB2: receive requestVote(ELECTION, b8911061-d087-4ec2-bfc4-9091de9e538b, group-8C08ED623EB2, 1, (t:0, i:0))
2024-06-08 17:12:29,390 [grpc-default-executor-5] INFO  impl.VoteContext (VoteContext.java:log(49)) - b58efb8a-bcce-4b5c-ba4f-ff0c627932bf@group-8C08ED623EB2-FOLLOWER: accept ELECTION from b8911061-d087-4ec2-bfc4-9091de9e538b: our priority 0 <= candidate's priority 1
2024-06-08 17:12:29,390 [grpc-default-executor-5] INFO  server.RaftServer$Division (RaftServerImpl.java:setRole(383)) - b58efb8a-bcce-4b5c-ba4f-ff0c627932bf@group-8C08ED623EB2: changes role from  FOLLOWER to FOLLOWER at term 1 for candidate:b8911061-d087-4ec2-bfc4-9091de9e538b
2024-06-08 17:12:29,390 [grpc-default-executor-5] INFO  impl.RoleInfo (RoleInfo.java:shutdownFollowerState(110)) - b58efb8a-bcce-4b5c-ba4f-ff0c627932bf: shutdown b58efb8a-bcce-4b5c-ba4f-ff0c627932bf@group-8C08ED623EB2-FollowerState
2024-06-08 17:12:29,390 [grpc-default-executor-5] INFO  impl.RoleInfo (RoleInfo.java:updateAndGet(139)) - b58efb8a-bcce-4b5c-ba4f-ff0c627932bf: start b58efb8a-bcce-4b5c-ba4f-ff0c627932bf@group-8C08ED623EB2-FollowerState
2024-06-08 17:12:29,390 [b8911061-d087-4ec2-bfc4-9091de9e538b@group-8C08ED623EB2-LeaderElection24] INFO  impl.LeaderElection (LeaderElection.java:logAndReturn(89)) - b8911061-d087-4ec2-bfc4-9091de9e538b@group-8C08ED623EB2-LeaderElection24: ELECTION PASSED received 1 response(s) and 0 exception(s):
2024-06-08 17:12:29,390 [b58efb8a-bcce-4b5c-ba4f-ff0c627932bf@group-8C08ED623EB2-FollowerState] INFO  impl.FollowerState (FollowerState.java:run(152)) - b58efb8a-bcce-4b5c-ba4f-ff0c627932bf@group-8C08ED623EB2-FollowerState was interrupted
2024-06-08 17:12:29,391 [b8911061-d087-4ec2-bfc4-9091de9e538b@group-8C08ED623EB2-LeaderElection24] INFO  impl.LeaderElection (LeaderElection.java:logAndReturn(93)) -   Response 0: b8911061-d087-4ec2-bfc4-9091de9e538b<-e3b50f59-81fe-4964-a90b-c9e3e207dda8#0:OK-t1
2024-06-08 17:12:29,391 [b8911061-d087-4ec2-bfc4-9091de9e538b@group-8C08ED623EB2-LeaderElection24] INFO  impl.LeaderElection (LeaderElection.java:askForVotes(323)) - b8911061-d087-4ec2-bfc4-9091de9e538b@group-8C08ED623EB2-LeaderElection24 ELECTION round 0: result PASSED
2024-06-08 17:12:29,391 [b8911061-d087-4ec2-bfc4-9091de9e538b@group-8C08ED623EB2-LeaderElection24] INFO  impl.RoleInfo (RoleInfo.java:shutdownLeaderElection(130)) - b8911061-d087-4ec2-bfc4-9091de9e538b: shutdown b8911061-d087-4ec2-bfc4-9091de9e538b@group-8C08ED623EB2-LeaderElection24
2024-06-08 17:12:29,391 [b8911061-d087-4ec2-bfc4-9091de9e538b@group-8C08ED623EB2-LeaderElection24] INFO  server.RaftServer$Division (RaftServerImpl.java:setRole(383)) - b8911061-d087-4ec2-bfc4-9091de9e538b@group-8C08ED623EB2: changes role from CANDIDATE to LEADER at term 1 for changeToLeader
2024-06-08 17:12:29,391 [b8911061-d087-4ec2-bfc4-9091de9e538b@group-8C08ED623EB2-LeaderElection24] INFO  server.RaftServerConfigKeys (ConfUtils.java:logGet(46)) - raft.server.staging.catchup.gap = 1000 (default)
2024-06-08 17:12:29,391 [b8911061-d087-4ec2-bfc4-9091de9e538b@group-8C08ED623EB2-LeaderElection24] INFO  server.RaftServerConfigKeys (ConfUtils.java:logGet(46)) - raft.server.write.element-limit = 1024 (custom)
2024-06-08 17:12:29,391 [b8911061-d087-4ec2-bfc4-9091de9e538b@group-8C08ED623EB2-LeaderElection24] INFO  server.RaftServerConfigKeys (ConfUtils.java:logGet(46)) - raft.server.write.byte-limit = 1024 M (=1073741824) (custom)
2024-06-08 17:12:29,391 [b8911061-d087-4ec2-bfc4-9091de9e538b@group-8C08ED623EB2-LeaderElection24] INFO  server.RaftServerConfigKeys (ConfUtils.java:logGet(46)) - raft.server.watch.timeout = 3000ms (custom)
2024-06-08 17:12:29,392 [b8911061-d087-4ec2-bfc4-9091de9e538b@group-8C08ED623EB2-LeaderElection24] INFO  server.RaftServerConfigKeys (ConfUtils.java:logGet(46)) - raft.server.watch.timeout.denomination = 1s (default)
2024-06-08 17:12:29,392 [b8911061-d087-4ec2-bfc4-9091de9e538b@group-8C08ED623EB2-LeaderElection24] INFO  server.RaftServerConfigKeys (ConfUtils.java:logGet(46)) - raft.server.watch.element-limit = 65536 (default)
2024-06-08 17:12:29,392 [b8911061-d087-4ec2-bfc4-9091de9e538b@group-8C08ED623EB2-LeaderElection24] INFO  server.RaftServerConfigKeys (ConfUtils.java:logGet(46)) - raft.server.read.leader.lease.enabled = false (default)
2024-06-08 17:12:29,392 [b8911061-d087-4ec2-bfc4-9091de9e538b@group-8C08ED623EB2-LeaderElection24] INFO  server.RaftServerConfigKeys (ConfUtils.java:logGet(46)) - raft.server.read.leader.lease.timeout.ratio = 0.9 (default)
2024-06-08 17:12:29,392 [b8911061-d087-4ec2-bfc4-9091de9e538b@group-8C08ED623EB2-LeaderElection24] INFO  server.RaftServerConfigKeys (ConfUtils.java:logGet(46)) - raft.server.rpc.timeout.min = 5s (custom)
2024-06-08 17:12:29,392 [b8911061-d087-4ec2-bfc4-9091de9e538b@group-8C08ED623EB2-LeaderElection24] INFO  server.RaftServerConfigKeys (ConfUtils.java:logGet(46)) - raft.server.write.element-limit = 1024 (custom)
2024-06-08 17:12:29,392 [b8911061-d087-4ec2-bfc4-9091de9e538b@group-8C08ED623EB2-LeaderElection24] INFO  server.RaftServerConfigKeys (ConfUtils.java:logGet(46)) - raft.server.write.follower.gap.ratio.max = -1.0 (default)
2024-06-08 17:12:29,392 [b8911061-d087-4ec2-bfc4-9091de9e538b@group-8C08ED623EB2-LeaderElection24] INFO  server.RaftServerConfigKeys (ConfUtils.java:logGet(46)) - raft.server.log.appender.snapshot.chunk.size.max = 16MB (=16777216) (default)
2024-06-08 17:12:29,392 [b8911061-d087-4ec2-bfc4-9091de9e538b@group-8C08ED623EB2-LeaderElection24] INFO  server.RaftServerConfigKeys (ConfUtils.java:logGet(46)) - raft.server.log.appender.buffer.byte-limit = 8388608 (custom)
2024-06-08 17:12:29,392 [b8911061-d087-4ec2-bfc4-9091de9e538b@group-8C08ED623EB2-LeaderElection24] INFO  server.RaftServerConfigKeys (ConfUtils.java:logGet(46)) - raft.server.log.appender.buffer.element-limit = 1024 (custom)
2024-06-08 17:12:29,392 [b8911061-d087-4ec2-bfc4-9091de9e538b@group-8C08ED623EB2-LeaderElection24] INFO  server.RaftServerConfigKeys (ConfUtils.java:logGet(46)) - raft.server.log.appender.wait-time.min = 0ms (custom)
2024-06-08 17:12:29,392 [b8911061-d087-4ec2-bfc4-9091de9e538b@group-8C08ED623EB2-LeaderElection24] INFO  grpc.GrpcConfigKeys (ConfUtils.java:logGet(46)) - raft.grpc.server.leader.outstanding.appends.max = 8 (default)
2024-06-08 17:12:29,392 [b8911061-d087-4ec2-bfc4-9091de9e538b@group-8C08ED623EB2-LeaderElection24] INFO  server.RaftServerConfigKeys (ConfUtils.java:logGet(46)) - raft.server.rpc.request.timeout = 3000ms (default)
2024-06-08 17:12:29,392 [b8911061-d087-4ec2-bfc4-9091de9e538b@group-8C08ED623EB2-LeaderElection24] INFO  grpc.GrpcConfigKeys (ConfUtils.java:logGet(46)) - raft.grpc.server.install_snapshot.request.element-limit = 8 (default)
2024-06-08 17:12:29,392 [b8911061-d087-4ec2-bfc4-9091de9e538b@group-8C08ED623EB2-LeaderElection24] INFO  grpc.GrpcConfigKeys (ConfUtils.java:logGet(46)) - raft.grpc.server.install_snapshot.request.timeout = 3000ms (default)
2024-06-08 17:12:29,392 [b8911061-d087-4ec2-bfc4-9091de9e538b@group-8C08ED623EB2-LeaderElection24] INFO  grpc.GrpcConfigKeys (ConfUtils.java:logGet(46)) - raft.grpc.server.log-message.batch.duration = 5s (default)
2024-06-08 17:12:29,392 [b8911061-d087-4ec2-bfc4-9091de9e538b@group-8C08ED623EB2-LeaderElection24] INFO  server.RaftServerConfigKeys (ConfUtils.java:logGet(46)) - raft.server.log.appender.install.snapshot.enabled = false (custom)
2024-06-08 17:12:29,392 [b8911061-d087-4ec2-bfc4-9091de9e538b@group-8C08ED623EB2-LeaderElection24] INFO  grpc.GrpcConfigKeys (ConfUtils.java:logGet(46)) - raft.grpc.server.heartbeat.channel = true (default)
2024-06-08 17:12:29,393 [b8911061-d087-4ec2-bfc4-9091de9e538b@group-8C08ED623EB2-LeaderElection24] INFO  server.RaftServerConfigKeys (ConfUtils.java:logGet(46)) - raft.server.log.appender.snapshot.chunk.size.max = 16MB (=16777216) (default)
2024-06-08 17:12:29,393 [b8911061-d087-4ec2-bfc4-9091de9e538b@group-8C08ED623EB2-LeaderElection24] INFO  server.RaftServerConfigKeys (ConfUtils.java:logGet(46)) - raft.server.log.appender.buffer.byte-limit = 8388608 (custom)
2024-06-08 17:12:29,393 [b8911061-d087-4ec2-bfc4-9091de9e538b@group-8C08ED623EB2-LeaderElection24] INFO  server.RaftServerConfigKeys (ConfUtils.java:logGet(46)) - raft.server.log.appender.buffer.element-limit = 1024 (custom)
2024-06-08 17:12:29,393 [b8911061-d087-4ec2-bfc4-9091de9e538b@group-8C08ED623EB2-LeaderElection24] INFO  server.RaftServerConfigKeys (ConfUtils.java:logGet(46)) - raft.server.log.appender.wait-time.min = 0ms (custom)
2024-06-08 17:12:29,393 [b8911061-d087-4ec2-bfc4-9091de9e538b@group-8C08ED623EB2-LeaderElection24] INFO  grpc.GrpcConfigKeys (ConfUtils.java:logGet(46)) - raft.grpc.server.leader.outstanding.appends.max = 8 (default)
2024-06-08 17:12:29,393 [b8911061-d087-4ec2-bfc4-9091de9e538b@group-8C08ED623EB2-LeaderElection24] INFO  server.RaftServerConfigKeys (ConfUtils.java:logGet(46)) - raft.server.rpc.request.timeout = 3000ms (default)
2024-06-08 17:12:29,393 [b8911061-d087-4ec2-bfc4-9091de9e538b@group-8C08ED623EB2-LeaderElection24] INFO  grpc.GrpcConfigKeys (ConfUtils.java:logGet(46)) - raft.grpc.server.install_snapshot.request.element-limit = 8 (default)
2024-06-08 17:12:29,394 [b8911061-d087-4ec2-bfc4-9091de9e538b@group-8C08ED623EB2-LeaderElection24] INFO  grpc.GrpcConfigKeys (ConfUtils.java:logGet(46)) - raft.grpc.server.install_snapshot.request.timeout = 3000ms (default)
2024-06-08 17:12:29,394 [b8911061-d087-4ec2-bfc4-9091de9e538b@group-8C08ED623EB2-LeaderElection24] INFO  grpc.GrpcConfigKeys (ConfUtils.java:logGet(46)) - raft.grpc.server.log-message.batch.duration = 5s (default)
2024-06-08 17:12:29,394 [b8911061-d087-4ec2-bfc4-9091de9e538b@group-8C08ED623EB2-LeaderElection24] INFO  server.RaftServerConfigKeys (ConfUtils.java:logGet(46)) - raft.server.log.appender.install.snapshot.enabled = false (custom)
2024-06-08 17:12:29,394 [b8911061-d087-4ec2-bfc4-9091de9e538b@group-8C08ED623EB2-LeaderElection24] INFO  grpc.GrpcConfigKeys (ConfUtils.java:logGet(46)) - raft.grpc.server.heartbeat.channel = true (default)
2024-06-08 17:12:29,394 [b8911061-d087-4ec2-bfc4-9091de9e538b@group-8C08ED623EB2-LeaderElection24] INFO  impl.RoleInfo (RoleInfo.java:updateAndGet(139)) - b8911061-d087-4ec2-bfc4-9091de9e538b: start b8911061-d087-4ec2-bfc4-9091de9e538b@group-8C08ED623EB2-LeaderStateImpl
2024-06-08 17:12:29,394 [b8911061-d087-4ec2-bfc4-9091de9e538b@group-8C08ED623EB2-LeaderElection24] INFO  server.RaftServer$Division (RaftServerImpl.java:setFirstElection(574)) - b8911061-d087-4ec2-bfc4-9091de9e538b@group-8C08ED623EB2: set firstElectionSinceStartup to false for becomeLeader
2024-06-08 17:12:29,394 [b8911061-d087-4ec2-bfc4-9091de9e538b@group-8C08ED623EB2-LeaderElection24] INFO  ratis.XceiverServerRatis (XceiverServerRatis.java:handleLeaderChangedNotification(966)) - Leader change notification received for group: group-8C08ED623EB2 with new leaderId: b8911061-d087-4ec2-bfc4-9091de9e538b
2024-06-08 17:12:29,395 [b8911061-d087-4ec2-bfc4-9091de9e538b@group-8C08ED623EB2-LeaderElection24] INFO  server.RaftServer$Division (ServerState.java:setLeader(269)) - b8911061-d087-4ec2-bfc4-9091de9e538b@group-8C08ED623EB2: change Leader from null to b8911061-d087-4ec2-bfc4-9091de9e538b at term 1 for becomeLeader, leader elected after 5197ms
2024-06-08 17:12:29,395 [b8911061-d087-4ec2-bfc4-9091de9e538b@group-8C08ED623EB2-LeaderElection24] INFO  segmented.SegmentedRaftLogWorker (SegmentedRaftLogWorker.java:startLogSegment(430)) - b8911061-d087-4ec2-bfc4-9091de9e538b@group-8C08ED623EB2-SegmentedRaftLogWorker: Starting segment from index:0
2024-06-08 17:12:29,395 [b8911061-d087-4ec2-bfc4-9091de9e538b@group-8C08ED623EB2-LeaderElection24] INFO  server.RaftServer$Division (ServerState.java:setRaftConf(386)) - b8911061-d087-4ec2-bfc4-9091de9e538b@group-8C08ED623EB2: set configuration 0: peers:[b8911061-d087-4ec2-bfc4-9091de9e538b|127.0.0.1:15076, e3b50f59-81fe-4964-a90b-c9e3e207dda8|127.0.0.1:15067, b58efb8a-bcce-4b5c-ba4f-ff0c627932bf|127.0.0.1:15085]|listeners:[], old=null
2024-06-08 17:12:29,395 [b8911061-d087-4ec2-bfc4-9091de9e538b@group-8C08ED623EB2-SegmentedRaftLogWorker] INFO  segmented.BufferedWriteChannel (BufferedWriteChannel.java:open(62)) - open log_inprogress_0 at position 0
2024-06-08 17:12:29,397 [EventQueue-PipelineReportForPipelineReportHandler] INFO  pipeline.PipelineReportHandler (PipelineReportHandler.java:processPipelineReport(136)) - Opened pipeline PipelineID=6f4cab86-66d2-4883-8d36-8c08ed623eb2
2024-06-08 17:12:29,397 [grpc-default-executor-5] INFO  server.RaftServer$Division (RaftServerImpl.java:requestVote(1422)) - b58efb8a-bcce-4b5c-ba4f-ff0c627932bf@group-8C08ED623EB2 replies to ELECTION vote request: b8911061-d087-4ec2-bfc4-9091de9e538b<-b58efb8a-bcce-4b5c-ba4f-ff0c627932bf#0:OK-t1. Peer's state: b58efb8a-bcce-4b5c-ba4f-ff0c627932bf@group-8C08ED623EB2:t1, leader=null, voted=b8911061-d087-4ec2-bfc4-9091de9e538b, raftlog=Memoized:b58efb8a-bcce-4b5c-ba4f-ff0c627932bf@group-8C08ED623EB2-SegmentedRaftLog:OPENED:c-1, conf=-1: peers:[b8911061-d087-4ec2-bfc4-9091de9e538b|127.0.0.1:15076, e3b50f59-81fe-4964-a90b-c9e3e207dda8|127.0.0.1:15067, b58efb8a-bcce-4b5c-ba4f-ff0c627932bf|127.0.0.1:15085]|listeners:[], old=null
2024-06-08 17:12:29,404 [b8911061-d087-4ec2-bfc4-9091de9e538b@group-8C08ED623EB2-SegmentedRaftLogWorker] INFO  segmented.SegmentedRaftLogWorker (SegmentedRaftLogWorker.java:execute(634)) - b8911061-d087-4ec2-bfc4-9091de9e538b@group-8C08ED623EB2-SegmentedRaftLogWorker: created new log segment /home/runner/work/ozone/ozone/hadoop-ozone/integration-test/target/test-dir/MiniOzoneClusterImpl-6b59e386-941c-4981-b753-7806b34dbc05/ozone-meta/datanode-2/ratis/6f4cab86-66d2-4883-8d36-8c08ed623eb2/current/log_inprogress_0
2024-06-08 17:12:29,405 [e3b50f59-81fe-4964-a90b-c9e3e207dda8-server-thread1] INFO  ratis.XceiverServerRatis (XceiverServerRatis.java:handleLeaderChangedNotification(966)) - Leader change notification received for group: group-8C08ED623EB2 with new leaderId: b8911061-d087-4ec2-bfc4-9091de9e538b
2024-06-08 17:12:29,406 [b58efb8a-bcce-4b5c-ba4f-ff0c627932bf-server-thread1] INFO  ratis.XceiverServerRatis (XceiverServerRatis.java:handleLeaderChangedNotification(966)) - Leader change notification received for group: group-8C08ED623EB2 with new leaderId: b8911061-d087-4ec2-bfc4-9091de9e538b
2024-06-08 17:12:29,406 [b58efb8a-bcce-4b5c-ba4f-ff0c627932bf-server-thread1] INFO  server.RaftServer$Division (ServerState.java:setLeader(269)) - b58efb8a-bcce-4b5c-ba4f-ff0c627932bf@group-8C08ED623EB2: change Leader from null to b8911061-d087-4ec2-bfc4-9091de9e538b at term 1 for appendEntries, leader elected after 5225ms
2024-06-08 17:12:29,406 [e3b50f59-81fe-4964-a90b-c9e3e207dda8-server-thread1] INFO  server.RaftServer$Division (ServerState.java:setLeader(269)) - e3b50f59-81fe-4964-a90b-c9e3e207dda8@group-8C08ED623EB2: change Leader from null to b8911061-d087-4ec2-bfc4-9091de9e538b at term 1 for appendEntries, leader elected after 5260ms
2024-06-08 17:12:29,407 [b58efb8a-bcce-4b5c-ba4f-ff0c627932bf-server-thread2] INFO  server.RaftServer$Division (ServerState.java:setRaftConf(386)) - b58efb8a-bcce-4b5c-ba4f-ff0c627932bf@group-8C08ED623EB2: set configuration 0: peers:[b8911061-d087-4ec2-bfc4-9091de9e538b|127.0.0.1:15076, e3b50f59-81fe-4964-a90b-c9e3e207dda8|127.0.0.1:15067, b58efb8a-bcce-4b5c-ba4f-ff0c627932bf|127.0.0.1:15085]|listeners:[], old=null
2024-06-08 17:12:29,407 [e3b50f59-81fe-4964-a90b-c9e3e207dda8-server-thread2] INFO  server.RaftServer$Division (ServerState.java:setRaftConf(386)) - e3b50f59-81fe-4964-a90b-c9e3e207dda8@group-8C08ED623EB2: set configuration 0: peers:[b8911061-d087-4ec2-bfc4-9091de9e538b|127.0.0.1:15076, e3b50f59-81fe-4964-a90b-c9e3e207dda8|127.0.0.1:15067, b58efb8a-bcce-4b5c-ba4f-ff0c627932bf|127.0.0.1:15085]|listeners:[], old=null
2024-06-08 17:12:29,407 [b58efb8a-bcce-4b5c-ba4f-ff0c627932bf-server-thread2] INFO  segmented.SegmentedRaftLogWorker (SegmentedRaftLogWorker.java:startLogSegment(430)) - b58efb8a-bcce-4b5c-ba4f-ff0c627932bf@group-8C08ED623EB2-SegmentedRaftLogWorker: Starting segment from index:0
2024-06-08 17:12:29,407 [e3b50f59-81fe-4964-a90b-c9e3e207dda8-server-thread2] INFO  segmented.SegmentedRaftLogWorker (SegmentedRaftLogWorker.java:startLogSegment(430)) - e3b50f59-81fe-4964-a90b-c9e3e207dda8@group-8C08ED623EB2-SegmentedRaftLogWorker: Starting segment from index:0
2024-06-08 17:12:29,408 [b58efb8a-bcce-4b5c-ba4f-ff0c627932bf@group-8C08ED623EB2-SegmentedRaftLogWorker] INFO  segmented.BufferedWriteChannel (BufferedWriteChannel.java:open(62)) - open log_inprogress_0 at position 0
2024-06-08 17:12:29,408 [e3b50f59-81fe-4964-a90b-c9e3e207dda8@group-8C08ED623EB2-SegmentedRaftLogWorker] INFO  segmented.BufferedWriteChannel (BufferedWriteChannel.java:open(62)) - open log_inprogress_0 at position 0
2024-06-08 17:12:29,418 [b58efb8a-bcce-4b5c-ba4f-ff0c627932bf@group-8C08ED623EB2-SegmentedRaftLogWorker] INFO  segmented.SegmentedRaftLogWorker (SegmentedRaftLogWorker.java:execute(634)) - b58efb8a-bcce-4b5c-ba4f-ff0c627932bf@group-8C08ED623EB2-SegmentedRaftLogWorker: created new log segment /home/runner/work/ozone/ozone/hadoop-ozone/integration-test/target/test-dir/MiniOzoneClusterImpl-6b59e386-941c-4981-b753-7806b34dbc05/ozone-meta/datanode-3/ratis/6f4cab86-66d2-4883-8d36-8c08ed623eb2/current/log_inprogress_0
2024-06-08 17:12:29,418 [e3b50f59-81fe-4964-a90b-c9e3e207dda8@group-8C08ED623EB2-SegmentedRaftLogWorker] INFO  segmented.SegmentedRaftLogWorker (SegmentedRaftLogWorker.java:execute(634)) - e3b50f59-81fe-4964-a90b-c9e3e207dda8@group-8C08ED623EB2-SegmentedRaftLogWorker: created new log segment /home/runner/work/ozone/ozone/hadoop-ozone/integration-test/target/test-dir/MiniOzoneClusterImpl-6b59e386-941c-4981-b753-7806b34dbc05/ozone-meta/datanode-1/ratis/6f4cab86-66d2-4883-8d36-8c08ed623eb2/current/log_inprogress_0
2024-06-08 17:12:29,420 [b8911061-d087-4ec2-bfc4-9091de9e538b@group-8C08ED623EB2-StateMachineUpdater] INFO  server.RaftServer$Division (LeaderStateImpl.java:isApplied(320)) - leader is ready since appliedIndex == 0 >= startIndex == 0
2024-06-08 17:12:32,768 [timer2] ERROR impl.OrderedAsync (OrderedAsync.java:lambda$sendRequest$9(247)) - client-BA803BDE1AD2: Failed* RaftClientRequest:client-BA803BDE1AD2->b58efb8a-bcce-4b5c-ba4f-ff0c627932bf@group-4BD12810AED6, cid=61, seq=1*, Watch(0), null
java.util.concurrent.CompletionException: org.apache.ratis.protocol.exceptions.AlreadyClosedException: client-BA803BDE1AD2->b58efb8a-bcce-4b5c-ba4f-ff0c627932bf is closed.
	at java.base/java.util.concurrent.CompletableFuture.encodeThrowable(CompletableFuture.java:332)
	at java.base/java.util.concurrent.CompletableFuture.uniApplyNow(CompletableFuture.java:674)
	at java.base/java.util.concurrent.CompletableFuture.uniApplyStage(CompletableFuture.java:662)
	at java.base/java.util.concurrent.CompletableFuture.thenApply(CompletableFuture.java:2168)
	at org.apache.ratis.client.impl.OrderedAsync.sendRequest(OrderedAsync.java:239)
	at org.apache.ratis.client.impl.OrderedAsync.sendRequestWithRetry(OrderedAsync.java:203)
	at org.apache.ratis.util.SlidingWindow$Client.sendOrDelayRequest(SlidingWindow.java:312)
	at org.apache.ratis.util.SlidingWindow$Client.retry(SlidingWindow.java:328)
	at org.apache.ratis.client.impl.OrderedAsync.lambda$scheduleWithTimeout$6(OrderedAsync.java:227)
	at org.apache.ratis.util.TimeoutTimer.lambda$onTimeout$2(TimeoutTimer.java:101)
	at org.apache.ratis.util.LogUtils.runAndLog(LogUtils.java:38)
	at org.apache.ratis.util.LogUtils$1.run(LogUtils.java:78)
	at org.apache.ratis.util.TimeoutTimer$Task.run(TimeoutTimer.java:55)
	at java.base/java.util.TimerThread.mainLoop(Timer.java:566)
	at java.base/java.util.TimerThread.run(Timer.java:516)
Caused by: org.apache.ratis.protocol.exceptions.AlreadyClosedException: client-BA803BDE1AD2->b58efb8a-bcce-4b5c-ba4f-ff0c627932bf is closed.
	at org.apache.ratis.grpc.client.GrpcClientProtocolClient$AsyncStreamObservers.onNext(GrpcClientProtocolClient.java:349)
	at org.apache.ratis.grpc.client.GrpcClientRpc.sendRequestAsync(GrpcClientRpc.java:71)
	... 11 more
2024-06-08 17:12:38,457 [grpc-default-executor-0] ERROR impl.OrderedAsync (OrderedAsync.java:lambda$sendRequest$9(247)) - client-BA803BDE1AD2: Failed* RaftClientRequest:client-BA803BDE1AD2->e3b50f59-81fe-4964-a90b-c9e3e207dda8@group-4BD12810AED6, cid=61, seq=1*, Watch(0), null
java.util.concurrent.CompletionException: org.apache.ratis.protocol.exceptions.NotLeaderException: Server e3b50f59-81fe-4964-a90b-c9e3e207dda8@group-4BD12810AED6 is not the leader b58efb8a-bcce-4b5c-ba4f-ff0c627932bf|127.0.0.1:15085
	at java.base/java.util.concurrent.CompletableFuture.encodeThrowable(CompletableFuture.java:332)
	at java.base/java.util.concurrent.CompletableFuture.completeThrowable(CompletableFuture.java:347)
	at java.base/java.util.concurrent.CompletableFuture$UniApply.tryFire(CompletableFuture.java:636)
	at java.base/java.util.concurrent.CompletableFuture.postComplete(CompletableFuture.java:510)
	at java.base/java.util.concurrent.CompletableFuture.completeExceptionally(CompletableFuture.java:2162)
	at org.apache.ratis.grpc.client.GrpcClientProtocolClient$AsyncStreamObservers.completeReplyExceptionally(GrpcClientProtocolClient.java:394)
	at org.apache.ratis.grpc.client.GrpcClientProtocolClient$AsyncStreamObservers.access$000(GrpcClientProtocolClient.java:300)
	at org.apache.ratis.grpc.client.GrpcClientProtocolClient$AsyncStreamObservers$1.onNext(GrpcClientProtocolClient.java:314)
	at org.apache.ratis.grpc.client.GrpcClientProtocolClient$AsyncStreamObservers$1.onNext(GrpcClientProtocolClient.java:305)
	at org.apache.ratis.thirdparty.io.grpc.stub.ClientCalls$StreamObserverToCallListenerAdapter.onMessage(ClientCalls.java:468)
	at org.apache.ratis.thirdparty.io.grpc.ForwardingClientCallListener.onMessage(ForwardingClientCallListener.java:33)
	at org.apache.ratis.thirdparty.io.grpc.internal.DelayedClientCall$DelayedListener.onMessage(DelayedClientCall.java:473)
	at org.apache.ratis.thirdparty.io.grpc.internal.ClientCallImpl$ClientStreamListenerImpl$1MessagesAvailable.runInternal(ClientCallImpl.java:660)
	at org.apache.ratis.thirdparty.io.grpc.internal.ClientCallImpl$ClientStreamListenerImpl$1MessagesAvailable.runInContext(ClientCallImpl.java:647)
	at org.apache.ratis.thirdparty.io.grpc.internal.ContextRunnable.run(ContextRunnable.java:37)
	at org.apache.ratis.thirdparty.io.grpc.internal.SerializingExecutor.run(SerializingExecutor.java:133)
	at java.base/java.util.concurrent.ThreadPoolExecutor.runWorker(ThreadPoolExecutor.java:1136)
	at java.base/java.util.concurrent.ThreadPoolExecutor$Worker.run(ThreadPoolExecutor.java:635)
	at java.base/java.lang.Thread.run(Thread.java:840)
Caused by: org.apache.ratis.protocol.exceptions.NotLeaderException: Server e3b50f59-81fe-4964-a90b-c9e3e207dda8@group-4BD12810AED6 is not the leader b58efb8a-bcce-4b5c-ba4f-ff0c627932bf|127.0.0.1:15085
	at org.apache.ratis.client.impl.ClientProtoUtils.toRaftClientReply(ClientProtoUtils.java:397)
	at org.apache.ratis.grpc.client.GrpcClientProtocolClient$AsyncStreamObservers$1.onNext(GrpcClientProtocolClient.java:310)
	... 11 more
2024-06-08 17:12:38,506 [main] INFO  ozoneimpl.OzoneContainer (OzoneContainer.java:stop(481)) - Attempting to stop container services.
2024-06-08 17:12:38,506 [ContainerMetadataScanner] WARN  ozoneimpl.AbstractBackgroundContainerScanner (AbstractBackgroundContainerScanner.java:handleRemainingSleep(134)) - Background container scan was interrupted.
2024-06-08 17:12:38,506 [ContainerMetadataScanner] INFO  ozoneimpl.AbstractBackgroundContainerScanner (AbstractBackgroundContainerScanner.java:run(61)) - Thread[ContainerMetadataScanner,5,main] exiting.
2024-06-08 17:12:38,506 [main] INFO  ozoneimpl.BackgroundContainerDataScanner (BackgroundContainerDataScanner.java:shutdown(141)) - ContainerDataScanner(/home/runner/work/ozone/ozone/hadoop-ozone/integration-test/target/test-dir/MiniOzoneClusterImpl-6b59e386-941c-4981-b753-7806b34dbc05/ozone-meta/datanode-1/data-0/hdds) is shutting down. 
2024-06-08 17:12:38,507 [ContainerDataScanner(/home/runner/work/ozone/ozone/hadoop-ozone/integration-test/target/test-dir/MiniOzoneClusterImpl-6b59e386-941c-4981-b753-7806b34dbc05/ozone-meta/datanode-1/data-0/hdds)] WARN  ozoneimpl.AbstractBackgroundContainerScanner (AbstractBackgroundContainerScanner.java:handleRemainingSleep(134)) - Background container scan was interrupted.
2024-06-08 17:12:38,507 [ContainerDataScanner(/home/runner/work/ozone/ozone/hadoop-ozone/integration-test/target/test-dir/MiniOzoneClusterImpl-6b59e386-941c-4981-b753-7806b34dbc05/ozone-meta/datanode-1/data-0/hdds)] INFO  ozoneimpl.AbstractBackgroundContainerScanner (AbstractBackgroundContainerScanner.java:run(61)) - ContainerDataScanner(/home/runner/work/ozone/ozone/hadoop-ozone/integration-test/target/test-dir/MiniOzoneClusterImpl-6b59e386-941c-4981-b753-7806b34dbc05/ozone-meta/datanode-1/data-0/hdds, DS-8a12038b-e762-4a1d-82c9-aa3862448c3c) exiting.
2024-06-08 17:12:38,507 [main] INFO  ozoneimpl.OnDemandContainerDataScanner (OnDemandContainerDataScanner.java:shutdownScanner(206)) - On-demand container scanner is shutting down.
2024-06-08 17:12:38,507 [main] INFO  server.RaftServer (RaftServerProxy.java:lambda$close$9(416)) - e3b50f59-81fe-4964-a90b-c9e3e207dda8: close
2024-06-08 17:12:38,507 [e3b50f59-81fe-4964-a90b-c9e3e207dda8-impl-thread1] INFO  server.RaftServer$Division (RaftServerImpl.java:lambda$close$3(526)) - e3b50f59-81fe-4964-a90b-c9e3e207dda8@group-4BD12810AED6: shutdown
2024-06-08 17:12:38,507 [e3b50f59-81fe-4964-a90b-c9e3e207dda8-impl-thread1] INFO  util.JmxRegister (JmxRegister.java:unregister(73)) - Successfully un-registered JMX Bean with object name Ratis:service=RaftServer,group=group-4BD12810AED6,id=e3b50f59-81fe-4964-a90b-c9e3e207dda8
2024-06-08 17:12:38,508 [e3b50f59-81fe-4964-a90b-c9e3e207dda8-impl-thread1] INFO  impl.RoleInfo (RoleInfo.java:shutdownFollowerState(110)) - e3b50f59-81fe-4964-a90b-c9e3e207dda8: shutdown e3b50f59-81fe-4964-a90b-c9e3e207dda8@group-4BD12810AED6-FollowerState
2024-06-08 17:12:38,508 [e3b50f59-81fe-4964-a90b-c9e3e207dda8-impl-thread1] INFO  impl.StateMachineUpdater (StateMachineUpdater.java:stopAndJoin(157)) - e3b50f59-81fe-4964-a90b-c9e3e207dda8@group-4BD12810AED6-StateMachineUpdater: set stopIndex = 14
2024-06-08 17:12:38,508 [e3b50f59-81fe-4964-a90b-c9e3e207dda8@group-4BD12810AED6-FollowerState] INFO  impl.FollowerState (FollowerState.java:run(152)) - e3b50f59-81fe-4964-a90b-c9e3e207dda8@group-4BD12810AED6-FollowerState was interrupted
2024-06-08 17:12:38,508 [e3b50f59-81fe-4964-a90b-c9e3e207dda8@group-4BD12810AED6-StateMachineUpdater] INFO  ratis.ContainerStateMachine (ContainerStateMachine.java:takeSnapshot(355)) - group-4BD12810AED6: Taking a snapshot at:(t:1, i:14) file /home/runner/work/ozone/ozone/hadoop-ozone/integration-test/target/test-dir/MiniOzoneClusterImpl-6b59e386-941c-4981-b753-7806b34dbc05/ozone-meta/datanode-1/ratis/e13792a1-6aeb-4204-ab3e-4bd12810aed6/sm/snapshot.1_14
2024-06-08 17:12:38,509 [e3b50f59-81fe-4964-a90b-c9e3e207dda8-impl-thread2] INFO  server.RaftServer$Division (RaftServerImpl.java:lambda$close$3(526)) - e3b50f59-81fe-4964-a90b-c9e3e207dda8@group-455C3F752D2D: shutdown
2024-06-08 17:12:38,509 [e3b50f59-81fe-4964-a90b-c9e3e207dda8-impl-thread2] INFO  util.JmxRegister (JmxRegister.java:unregister(73)) - Successfully un-registered JMX Bean with object name Ratis:service=RaftServer,group=group-455C3F752D2D,id=e3b50f59-81fe-4964-a90b-c9e3e207dda8
2024-06-08 17:12:38,509 [e3b50f59-81fe-4964-a90b-c9e3e207dda8-impl-thread2] INFO  impl.RoleInfo (RoleInfo.java:shutdownLeaderState(94)) - e3b50f59-81fe-4964-a90b-c9e3e207dda8: shutdown e3b50f59-81fe-4964-a90b-c9e3e207dda8@group-455C3F752D2D-LeaderStateImpl
2024-06-08 17:12:38,509 [e3b50f59-81fe-4964-a90b-c9e3e207dda8@group-455C3F752D2D->b8911061-d087-4ec2-bfc4-9091de9e538b-GrpcLogAppender-LogAppenderDaemon] WARN  server.GrpcLogAppender (GrpcLogAppender.java:mayWait(289)) - e3b50f59-81fe-4964-a90b-c9e3e207dda8@group-455C3F752D2D->b8911061-d087-4ec2-bfc4-9091de9e538b-GrpcLogAppender: Wait interrupted by java.lang.InterruptedException
2024-06-08 17:12:38,510 [grpc-default-executor-6] INFO  server.GrpcServerProtocolService (GrpcServerProtocolService.java:onCompleted(157)) - b8911061-d087-4ec2-bfc4-9091de9e538b: Completed APPEND_ENTRIES, lastRequest: null
2024-06-08 17:12:38,510 [grpc-default-executor-6] INFO  server.GrpcServerProtocolService (GrpcServerProtocolService.java:lambda$onCompleted$5(159)) - b8911061-d087-4ec2-bfc4-9091de9e538b: Completed APPEND_ENTRIES, lastReply: serverReply {
  requestorId: "e3b50f59-81fe-4964-a90b-c9e3e207dda8"
  replyId: "b8911061-d087-4ec2-bfc4-9091de9e538b"
  raftGroupId {
    id: "\275\016\275\006\260\004L\335\211\020E\\?u--"
  }
  callId: 5
  success: true
}
term: 1
nextIndex: 1
matchIndex: 18446744073709551615
isHearbeat: true

2024-06-08 17:12:38,510 [grpc-default-executor-5] INFO  server.GrpcServerProtocolService (GrpcServerProtocolService.java:onCompleted(157)) - b8911061-d087-4ec2-bfc4-9091de9e538b: Completed APPEND_ENTRIES, lastRequest: e3b50f59-81fe-4964-a90b-c9e3e207dda8->b8911061-d087-4ec2-bfc4-9091de9e538b#1-t1,previous=(t:0, i:0),leaderCommit=-1,initializing? false,entries: size=1, first=(t:1, i:0), CONFIGURATIONENTRY(current:id: "b8911061-d087-4ec2-bfc4-9091de9e538b"
address: "127.0.0.1:15076"
dataStreamAddress: "127.0.0.1:15077"
clientAddress: "127.0.0.1:15074"
adminAddress: "127.0.0.1:15075"
startupRole: FOLLOWER
,id: "e3b50f59-81fe-4964-a90b-c9e3e207dda8"
address: "127.0.0.1:15067"
priority: 1
dataStreamAddress: "127.0.0.1:15068"
clientAddress: "127.0.0.1:15065"
adminAddress: "127.0.0.1:15066"
startupRole: FOLLOWER
,id: "b58efb8a-bcce-4b5c-ba4f-ff0c627932bf"
address: "127.0.0.1:15085"
dataStreamAddress: "127.0.0.1:15086"
clientAddress: "127.0.0.1:15083"
adminAddress: "127.0.0.1:15084"
startupRole: FOLLOWER
, old:)
2024-06-08 17:12:38,510 [e3b50f59-81fe-4964-a90b-c9e3e207dda8@group-455C3F752D2D->b58efb8a-bcce-4b5c-ba4f-ff0c627932bf-GrpcLogAppender-LogAppenderDaemon] WARN  server.GrpcLogAppender (GrpcLogAppender.java:mayWait(289)) - e3b50f59-81fe-4964-a90b-c9e3e207dda8@group-455C3F752D2D->b58efb8a-bcce-4b5c-ba4f-ff0c627932bf-GrpcLogAppender: Wait interrupted by java.lang.InterruptedException
2024-06-08 17:12:38,509 [e3b50f59-81fe-4964-a90b-c9e3e207dda8-impl-thread4] INFO  server.RaftServer$Division (RaftServerImpl.java:lambda$close$3(526)) - e3b50f59-81fe-4964-a90b-c9e3e207dda8@group-4D484FEF3CF3: shutdown
2024-06-08 17:12:38,511 [e3b50f59-81fe-4964-a90b-c9e3e207dda8-impl-thread4] INFO  util.JmxRegister (JmxRegister.java:unregister(73)) - Successfully un-registered JMX Bean with object name Ratis:service=RaftServer,group=group-4D484FEF3CF3,id=e3b50f59-81fe-4964-a90b-c9e3e207dda8
2024-06-08 17:12:38,511 [e3b50f59-81fe-4964-a90b-c9e3e207dda8-impl-thread4] INFO  impl.RoleInfo (RoleInfo.java:shutdownLeaderState(94)) - e3b50f59-81fe-4964-a90b-c9e3e207dda8: shutdown e3b50f59-81fe-4964-a90b-c9e3e207dda8@group-4D484FEF3CF3-LeaderStateImpl
2024-06-08 17:12:38,511 [e3b50f59-81fe-4964-a90b-c9e3e207dda8-impl-thread4] INFO  impl.PendingRequests (PendingRequests.java:sendNotLeaderResponses(289)) - e3b50f59-81fe-4964-a90b-c9e3e207dda8@group-4D484FEF3CF3-PendingRequests: sendNotLeaderResponses
2024-06-08 17:12:38,511 [grpc-default-executor-0] INFO  server.GrpcServerProtocolService (GrpcServerProtocolService.java:onCompleted(157)) - b58efb8a-bcce-4b5c-ba4f-ff0c627932bf: Completed APPEND_ENTRIES, lastRequest: null
2024-06-08 17:12:38,511 [grpc-default-executor-0] INFO  server.GrpcServerProtocolService (GrpcServerProtocolService.java:lambda$onCompleted$5(159)) - b58efb8a-bcce-4b5c-ba4f-ff0c627932bf: Completed APPEND_ENTRIES, lastReply: serverReply {
  requestorId: "e3b50f59-81fe-4964-a90b-c9e3e207dda8"
  replyId: "b58efb8a-bcce-4b5c-ba4f-ff0c627932bf"
  raftGroupId {
    id: "\275\016\275\006\260\004L\335\211\020E\\?u--"
  }
  callId: 7
  success: true
}
term: 1
nextIndex: 1
matchIndex: 18446744073709551615
isHearbeat: true

2024-06-08 17:12:38,511 [e3b50f59-81fe-4964-a90b-c9e3e207dda8-impl-thread2] INFO  impl.PendingRequests (PendingRequests.java:sendNotLeaderResponses(289)) - e3b50f59-81fe-4964-a90b-c9e3e207dda8@group-455C3F752D2D-PendingRequests: sendNotLeaderResponses
2024-06-08 17:12:38,512 [grpc-default-executor-4] INFO  server.GrpcServerProtocolService (GrpcServerProtocolService.java:onCompleted(157)) - b58efb8a-bcce-4b5c-ba4f-ff0c627932bf: Completed APPEND_ENTRIES, lastRequest: e3b50f59-81fe-4964-a90b-c9e3e207dda8->b58efb8a-bcce-4b5c-ba4f-ff0c627932bf#1-t1,previous=(t:0, i:0),leaderCommit=-1,initializing? false,entries: size=1, first=(t:1, i:0), CONFIGURATIONENTRY(current:id: "b8911061-d087-4ec2-bfc4-9091de9e538b"
address: "127.0.0.1:15076"
dataStreamAddress: "127.0.0.1:15077"
clientAddress: "127.0.0.1:15074"
adminAddress: "127.0.0.1:15075"
startupRole: FOLLOWER
,id: "e3b50f59-81fe-4964-a90b-c9e3e207dda8"
address: "127.0.0.1:15067"
priority: 1
dataStreamAddress: "127.0.0.1:15068"
clientAddress: "127.0.0.1:15065"
adminAddress: "127.0.0.1:15066"
startupRole: FOLLOWER
,id: "b58efb8a-bcce-4b5c-ba4f-ff0c627932bf"
address: "127.0.0.1:15085"
dataStreamAddress: "127.0.0.1:15086"
clientAddress: "127.0.0.1:15083"
adminAddress: "127.0.0.1:15084"
startupRole: FOLLOWER
, old:)
2024-06-08 17:12:38,512 [grpc-default-executor-4] INFO  server.GrpcServerProtocolService (GrpcServerProtocolService.java:lambda$onCompleted$5(159)) - b58efb8a-bcce-4b5c-ba4f-ff0c627932bf: Completed APPEND_ENTRIES, lastReply: null
2024-06-08 17:12:38,509 [e3b50f59-81fe-4964-a90b-c9e3e207dda8-impl-thread3] INFO  server.RaftServer$Division (RaftServerImpl.java:lambda$close$3(526)) - e3b50f59-81fe-4964-a90b-c9e3e207dda8@group-8C08ED623EB2: shutdown
2024-06-08 17:12:38,509 [e3b50f59-81fe-4964-a90b-c9e3e207dda8@group-4BD12810AED6-StateMachineUpdater] INFO  ratis.ContainerStateMachine (ContainerStateMachine.java:takeSnapshot(366)) - group-4BD12810AED6: Finished taking a snapshot at:(t:1, i:14) file:/home/runner/work/ozone/ozone/hadoop-ozone/integration-test/target/test-dir/MiniOzoneClusterImpl-6b59e386-941c-4981-b753-7806b34dbc05/ozone-meta/datanode-1/ratis/e13792a1-6aeb-4204-ab3e-4bd12810aed6/sm/snapshot.1_14 took: 1 ms
2024-06-08 17:12:38,512 [e3b50f59-81fe-4964-a90b-c9e3e207dda8@group-4BD12810AED6-StateMachineUpdater] INFO  impl.StateMachineUpdater (StateMachineUpdater.java:takeSnapshot(295)) - e3b50f59-81fe-4964-a90b-c9e3e207dda8@group-4BD12810AED6-StateMachineUpdater: Took a snapshot at index 14
2024-06-08 17:12:38,512 [e3b50f59-81fe-4964-a90b-c9e3e207dda8@group-4BD12810AED6-StateMachineUpdater] INFO  impl.StateMachineUpdater (StateMachineUpdater.java:lambda$new$0(98)) - e3b50f59-81fe-4964-a90b-c9e3e207dda8@group-4BD12810AED6-StateMachineUpdater: snapshotIndex: updateIncreasingly -1 -> 14
2024-06-08 17:12:38,513 [e3b50f59-81fe-4964-a90b-c9e3e207dda8-impl-thread1] INFO  server.RaftServer$Division (ServerState.java:close(427)) - e3b50f59-81fe-4964-a90b-c9e3e207dda8@group-4BD12810AED6: applyIndex: 14
2024-06-08 17:12:38,509 [main] INFO  server.GrpcService (GrpcService.java:closeImpl(311)) - e3b50f59-81fe-4964-a90b-c9e3e207dda8: shutdown server org.apache.ratis.grpc.server.GrpcClientProtocolService now
2024-06-08 17:12:38,511 [grpc-default-executor-6] INFO  server.GrpcLogAppender (GrpcLogAppender.java:onCompleted(546)) - e3b50f59-81fe-4964-a90b-c9e3e207dda8@group-455C3F752D2D->b8911061-d087-4ec2-bfc4-9091de9e538b-AppendLogResponseHandler: follower responses appendEntries COMPLETED
2024-06-08 17:12:38,513 [e3b50f59-81fe-4964-a90b-c9e3e207dda8@group-4BD12810AED6-cacheEviction-AwaitToRun] INFO  util.AwaitToRun (AwaitToRun.java:run(49)) - e3b50f59-81fe-4964-a90b-c9e3e207dda8@group-4BD12810AED6-cacheEviction-AwaitToRun-AwaitForSignal is interrupted
2024-06-08 17:12:38,510 [grpc-default-executor-5] INFO  server.GrpcServerProtocolService (GrpcServerProtocolService.java:lambda$onCompleted$5(159)) - b8911061-d087-4ec2-bfc4-9091de9e538b: Completed APPEND_ENTRIES, lastReply: null
2024-06-08 17:12:38,514 [Thread-1770] INFO  server.GrpcServerProtocolClient (GrpcServerProtocolClient.java:close(103)) - b8911061-d087-4ec2-bfc4-9091de9e538b Close channels
2024-06-08 17:12:38,514 [Thread-1772] INFO  server.GrpcServerProtocolClient (GrpcServerProtocolClient.java:close(103)) - b58efb8a-bcce-4b5c-ba4f-ff0c627932bf Close channels
2024-06-08 17:12:38,515 [e3b50f59-81fe-4964-a90b-c9e3e207dda8@group-4D484FEF3CF3-StateMachineUpdater] INFO  ratis.ContainerStateMachine (ContainerStateMachine.java:takeSnapshot(355)) - group-4D484FEF3CF3: Taking a snapshot at:(t:1, i:0) file /home/runner/work/ozone/ozone/hadoop-ozone/integration-test/target/test-dir/MiniOzoneClusterImpl-6b59e386-941c-4981-b753-7806b34dbc05/ozone-meta/datanode-1/ratis/44a274a6-5941-4856-b500-4d484fef3cf3/sm/snapshot.1_0
2024-06-08 17:12:38,515 [grpc-default-executor-5] INFO  server.GrpcLogAppender (GrpcLogAppender.java:onCompleted(546)) - e3b50f59-81fe-4964-a90b-c9e3e207dda8@group-455C3F752D2D->b8911061-d087-4ec2-bfc4-9091de9e538b-AppendLogResponseHandler: follower responses appendEntries COMPLETED
2024-06-08 17:12:38,515 [grpc-default-executor-5] WARN  server.GrpcLogAppender (GrpcLogAppender.java:resetClient(226)) - e3b50f59-81fe-4964-a90b-c9e3e207dda8@group-455C3F752D2D->b8911061-d087-4ec2-bfc4-9091de9e538b-GrpcLogAppender: Failed to getClient for b8911061-d087-4ec2-bfc4-9091de9e538b
org.apache.ratis.protocol.exceptions.AlreadyClosedException: e3b50f59-81fe-4964-a90b-c9e3e207dda8 is already CLOSED
	at org.apache.ratis.util.PeerProxyMap$PeerAndProxy.getProxy(PeerProxyMap.java:65)
	at org.apache.ratis.util.PeerProxyMap.getProxy(PeerProxyMap.java:114)
	at org.apache.ratis.grpc.server.GrpcLogAppender.getClient(GrpcLogAppender.java:196)
	at org.apache.ratis.grpc.server.GrpcLogAppender.resetClient(GrpcLogAppender.java:201)
	at org.apache.ratis.grpc.server.GrpcLogAppender.access$800(GrpcLogAppender.java:62)
	at org.apache.ratis.grpc.server.GrpcLogAppender$AppendLogResponseHandler.onCompleted(GrpcLogAppender.java:547)
	at org.apache.ratis.thirdparty.io.grpc.stub.ClientCalls$StreamObserverToCallListenerAdapter.onClose(ClientCalls.java:479)
	at org.apache.ratis.thirdparty.io.grpc.internal.ClientCallImpl.closeObserver(ClientCallImpl.java:567)
	at org.apache.ratis.thirdparty.io.grpc.internal.ClientCallImpl.access$300(ClientCallImpl.java:71)
	at org.apache.ratis.thirdparty.io.grpc.internal.ClientCallImpl$ClientStreamListenerImpl$1StreamClosed.runInternal(ClientCallImpl.java:735)
	at org.apache.ratis.thirdparty.io.grpc.internal.ClientCallImpl$ClientStreamListenerImpl$1StreamClosed.runInContext(ClientCallImpl.java:716)
	at org.apache.ratis.thirdparty.io.grpc.internal.ContextRunnable.run(ContextRunnable.java:37)
	at org.apache.ratis.thirdparty.io.grpc.internal.SerializingExecutor.run(SerializingExecutor.java:133)
	at java.base/java.util.concurrent.ThreadPoolExecutor.runWorker(ThreadPoolExecutor.java:1136)
	at java.base/java.util.concurrent.ThreadPoolExecutor$Worker.run(ThreadPoolExecutor.java:635)
	at java.base/java.lang.Thread.run(Thread.java:840)
2024-06-08 17:12:38,515 [e3b50f59-81fe-4964-a90b-c9e3e207dda8@group-4D484FEF3CF3-StateMachineUpdater] INFO  ratis.ContainerStateMachine (ContainerStateMachine.java:takeSnapshot(366)) - group-4D484FEF3CF3: Finished taking a snapshot at:(t:1, i:0) file:/home/runner/work/ozone/ozone/hadoop-ozone/integration-test/target/test-dir/MiniOzoneClusterImpl-6b59e386-941c-4981-b753-7806b34dbc05/ozone-meta/datanode-1/ratis/44a274a6-5941-4856-b500-4d484fef3cf3/sm/snapshot.1_0 took: 0 ms
2024-06-08 17:12:38,515 [e3b50f59-81fe-4964-a90b-c9e3e207dda8@group-4D484FEF3CF3-StateMachineUpdater] INFO  impl.StateMachineUpdater (StateMachineUpdater.java:takeSnapshot(295)) - e3b50f59-81fe-4964-a90b-c9e3e207dda8@group-4D484FEF3CF3-StateMachineUpdater: Took a snapshot at index 0
2024-06-08 17:12:38,515 [e3b50f59-81fe-4964-a90b-c9e3e207dda8@group-4D484FEF3CF3-StateMachineUpdater] INFO  impl.StateMachineUpdater (StateMachineUpdater.java:lambda$new$0(98)) - e3b50f59-81fe-4964-a90b-c9e3e207dda8@group-4D484FEF3CF3-StateMachineUpdater: snapshotIndex: updateIncreasingly -1 -> 0
2024-06-08 17:12:38,516 [e3b50f59-81fe-4964-a90b-c9e3e207dda8-impl-thread3] INFO  util.JmxRegister (JmxRegister.java:unregister(73)) - Successfully un-registered JMX Bean with object name Ratis:service=RaftServer,group=group-8C08ED623EB2,id=e3b50f59-81fe-4964-a90b-c9e3e207dda8
2024-06-08 17:12:38,516 [e3b50f59-81fe-4964-a90b-c9e3e207dda8-impl-thread3] INFO  impl.RoleInfo (RoleInfo.java:shutdownFollowerState(110)) - e3b50f59-81fe-4964-a90b-c9e3e207dda8: shutdown e3b50f59-81fe-4964-a90b-c9e3e207dda8@group-8C08ED623EB2-FollowerState
2024-06-08 17:12:38,516 [grpc-default-executor-4] INFO  server.GrpcLogAppender (GrpcLogAppender.java:onCompleted(546)) - e3b50f59-81fe-4964-a90b-c9e3e207dda8@group-455C3F752D2D->b58efb8a-bcce-4b5c-ba4f-ff0c627932bf-AppendLogResponseHandler: follower responses appendEntries COMPLETED
2024-06-08 17:12:38,516 [e3b50f59-81fe-4964-a90b-c9e3e207dda8-impl-thread3] INFO  impl.StateMachineUpdater (StateMachineUpdater.java:stopAndJoin(157)) - e3b50f59-81fe-4964-a90b-c9e3e207dda8@group-8C08ED623EB2-StateMachineUpdater: set stopIndex = 0
2024-06-08 17:12:38,516 [e3b50f59-81fe-4964-a90b-c9e3e207dda8@group-8C08ED623EB2-StateMachineUpdater] INFO  ratis.ContainerStateMachine (ContainerStateMachine.java:takeSnapshot(355)) - group-8C08ED623EB2: Taking a snapshot at:(t:1, i:0) file /home/runner/work/ozone/ozone/hadoop-ozone/integration-test/target/test-dir/MiniOzoneClusterImpl-6b59e386-941c-4981-b753-7806b34dbc05/ozone-meta/datanode-1/ratis/6f4cab86-66d2-4883-8d36-8c08ed623eb2/sm/snapshot.1_0
2024-06-08 17:12:38,516 [e3b50f59-81fe-4964-a90b-c9e3e207dda8-impl-thread4] INFO  impl.StateMachineUpdater (StateMachineUpdater.java:stopAndJoin(157)) - e3b50f59-81fe-4964-a90b-c9e3e207dda8@group-4D484FEF3CF3-StateMachineUpdater: set stopIndex = 0
2024-06-08 17:12:38,516 [grpc-default-executor-4] WARN  server.GrpcLogAppender (GrpcLogAppender.java:resetClient(226)) - e3b50f59-81fe-4964-a90b-c9e3e207dda8@group-455C3F752D2D->b58efb8a-bcce-4b5c-ba4f-ff0c627932bf-GrpcLogAppender: Failed to getClient for b58efb8a-bcce-4b5c-ba4f-ff0c627932bf
org.apache.ratis.protocol.exceptions.AlreadyClosedException: e3b50f59-81fe-4964-a90b-c9e3e207dda8 is already CLOSED
	at org.apache.ratis.util.PeerProxyMap$PeerAndProxy.getProxy(PeerProxyMap.java:65)
	at org.apache.ratis.util.PeerProxyMap.getProxy(PeerProxyMap.java:114)
	at org.apache.ratis.grpc.server.GrpcLogAppender.getClient(GrpcLogAppender.java:196)
	at org.apache.ratis.grpc.server.GrpcLogAppender.resetClient(GrpcLogAppender.java:201)
	at org.apache.ratis.grpc.server.GrpcLogAppender.access$800(GrpcLogAppender.java:62)
	at org.apache.ratis.grpc.server.GrpcLogAppender$AppendLogResponseHandler.onCompleted(GrpcLogAppender.java:547)
	at org.apache.ratis.thirdparty.io.grpc.stub.ClientCalls$StreamObserverToCallListenerAdapter.onClose(ClientCalls.java:479)
	at org.apache.ratis.thirdparty.io.grpc.internal.DelayedClientCall$DelayedListener$3.run(DelayedClientCall.java:489)
	at org.apache.ratis.thirdparty.io.grpc.internal.DelayedClientCall$DelayedListener.delayOrExecute(DelayedClientCall.java:453)
	at org.apache.ratis.thirdparty.io.grpc.internal.DelayedClientCall$DelayedListener.onClose(DelayedClientCall.java:486)
	at org.apache.ratis.thirdparty.io.grpc.internal.ClientCallImpl.closeObserver(ClientCallImpl.java:567)
	at org.apache.ratis.thirdparty.io.grpc.internal.ClientCallImpl.access$300(ClientCallImpl.java:71)
	at org.apache.ratis.thirdparty.io.grpc.internal.ClientCallImpl$ClientStreamListenerImpl$1StreamClosed.runInternal(ClientCallImpl.java:735)
	at org.apache.ratis.thirdparty.io.grpc.internal.ClientCallImpl$ClientStreamListenerImpl$1StreamClosed.runInContext(ClientCallImpl.java:716)
	at org.apache.ratis.thirdparty.io.grpc.internal.ContextRunnable.run(ContextRunnable.java:37)
	at org.apache.ratis.thirdparty.io.grpc.internal.SerializingExecutor.run(SerializingExecutor.java:133)
	at java.base/java.util.concurrent.ThreadPoolExecutor.runWorker(ThreadPoolExecutor.java:1136)
	at java.base/java.util.concurrent.ThreadPoolExecutor$Worker.run(ThreadPoolExecutor.java:635)
	at java.base/java.lang.Thread.run(Thread.java:840)
2024-06-08 17:12:38,517 [main] INFO  server.GrpcService (GrpcService.java:closeImpl(320)) - e3b50f59-81fe-4964-a90b-c9e3e207dda8: shutdown server org.apache.ratis.grpc.server.GrpcClientProtocolService successfully
2024-06-08 17:12:38,516 [e3b50f59-81fe-4964-a90b-c9e3e207dda8@group-8C08ED623EB2-FollowerState] INFO  impl.FollowerState (FollowerState.java:run(152)) - e3b50f59-81fe-4964-a90b-c9e3e207dda8@group-8C08ED623EB2-FollowerState was interrupted
2024-06-08 17:12:38,517 [main] INFO  server.GrpcService (GrpcService.java:closeImpl(311)) - e3b50f59-81fe-4964-a90b-c9e3e207dda8: shutdown server GrpcServerProtocolService now
2024-06-08 17:12:38,518 [e3b50f59-81fe-4964-a90b-c9e3e207dda8@group-8C08ED623EB2-StateMachineUpdater] INFO  ratis.ContainerStateMachine (ContainerStateMachine.java:takeSnapshot(366)) - group-8C08ED623EB2: Finished taking a snapshot at:(t:1, i:0) file:/home/runner/work/ozone/ozone/hadoop-ozone/integration-test/target/test-dir/MiniOzoneClusterImpl-6b59e386-941c-4981-b753-7806b34dbc05/ozone-meta/datanode-1/ratis/6f4cab86-66d2-4883-8d36-8c08ed623eb2/sm/snapshot.1_0 took: 1 ms
2024-06-08 17:12:38,518 [e3b50f59-81fe-4964-a90b-c9e3e207dda8@group-8C08ED623EB2-StateMachineUpdater] INFO  impl.StateMachineUpdater (StateMachineUpdater.java:takeSnapshot(295)) - e3b50f59-81fe-4964-a90b-c9e3e207dda8@group-8C08ED623EB2-StateMachineUpdater: Took a snapshot at index 0
2024-06-08 17:12:38,518 [e3b50f59-81fe-4964-a90b-c9e3e207dda8@group-8C08ED623EB2-StateMachineUpdater] INFO  impl.StateMachineUpdater (StateMachineUpdater.java:lambda$new$0(98)) - e3b50f59-81fe-4964-a90b-c9e3e207dda8@group-8C08ED623EB2-StateMachineUpdater: snapshotIndex: updateIncreasingly -1 -> 0
2024-06-08 17:12:38,518 [grpc-default-executor-5] WARN  server.GrpcServerProtocolService (LogUtils.java:warn(121)) - e3b50f59-81fe-4964-a90b-c9e3e207dda8: APPEND_ENTRIES onError, lastRequest: null: org.apache.ratis.thirdparty.io.grpc.StatusRuntimeException: CANCELLED: client cancelled
2024-06-08 17:12:38,518 [e3b50f59-81fe-4964-a90b-c9e3e207dda8-impl-thread3] INFO  server.RaftServer$Division (ServerState.java:close(427)) - e3b50f59-81fe-4964-a90b-c9e3e207dda8@group-8C08ED623EB2: applyIndex: 0
2024-06-08 17:12:38,517 [grpc-default-executor-0] INFO  server.GrpcLogAppender (GrpcLogAppender.java:onCompleted(546)) - e3b50f59-81fe-4964-a90b-c9e3e207dda8@group-455C3F752D2D->b58efb8a-bcce-4b5c-ba4f-ff0c627932bf-AppendLogResponseHandler: follower responses appendEntries COMPLETED
2024-06-08 17:12:38,518 [e3b50f59-81fe-4964-a90b-c9e3e207dda8@group-8C08ED623EB2-cacheEviction-AwaitToRun] INFO  util.AwaitToRun (AwaitToRun.java:run(49)) - e3b50f59-81fe-4964-a90b-c9e3e207dda8@group-8C08ED623EB2-cacheEviction-AwaitToRun-AwaitForSignal is interrupted
2024-06-08 17:12:38,518 [grpc-default-executor-4] WARN  server.GrpcLogAppender (LogUtils.java:warn(121)) - b58efb8a-bcce-4b5c-ba4f-ff0c627932bf@group-4BD12810AED6->e3b50f59-81fe-4964-a90b-c9e3e207dda8-AppendLogResponseHandler: Failed appendEntries: org.apache.ratis.thirdparty.io.grpc.StatusRuntimeException: CANCELLED: RST_STREAM closed stream. HTTP/2 error code: CANCEL
2024-06-08 17:12:38,518 [grpc-default-executor-4] WARN  server.GrpcLogAppender (GrpcLogAppender.java:lambda$resetClient$1(217)) - b58efb8a-bcce-4b5c-ba4f-ff0c627932bf@group-4BD12810AED6->e3b50f59-81fe-4964-a90b-c9e3e207dda8-GrpcLogAppender: Follower failed (request=null, errorCount=1); keep nextIndex (17) unchanged and retry.
2024-06-08 17:12:38,517 [e3b50f59-81fe-4964-a90b-c9e3e207dda8-impl-thread4] INFO  server.RaftServer$Division (ServerState.java:close(427)) - e3b50f59-81fe-4964-a90b-c9e3e207dda8@group-4D484FEF3CF3: applyIndex: 0
2024-06-08 17:12:38,520 [grpc-default-executor-1] WARN  server.GrpcServerProtocolService (LogUtils.java:warn(121)) - e3b50f59-81fe-4964-a90b-c9e3e207dda8: APPEND_ENTRIES onError, lastRequest: b8911061-d087-4ec2-bfc4-9091de9e538b->e3b50f59-81fe-4964-a90b-c9e3e207dda8#1-t1,previous=(t:0, i:0),leaderCommit=-1,initializing? false,entries: size=1, first=(t:1, i:0), CONFIGURATIONENTRY(current:id: "b8911061-d087-4ec2-bfc4-9091de9e538b"
address: "127.0.0.1:15076"
priority: 1
dataStreamAddress: "127.0.0.1:15077"
clientAddress: "127.0.0.1:15074"
adminAddress: "127.0.0.1:15075"
startupRole: FOLLOWER
,id: "e3b50f59-81fe-4964-a90b-c9e3e207dda8"
address: "127.0.0.1:15067"
dataStreamAddress: "127.0.0.1:15068"
clientAddress: "127.0.0.1:15065"
adminAddress: "127.0.0.1:15066"
startupRole: FOLLOWER
,id: "b58efb8a-bcce-4b5c-ba4f-ff0c627932bf"
address: "127.0.0.1:15085"
dataStreamAddress: "127.0.0.1:15086"
clientAddress: "127.0.0.1:15083"
adminAddress: "127.0.0.1:15084"
startupRole: FOLLOWER
, old:): org.apache.ratis.thirdparty.io.grpc.StatusRuntimeException: CANCELLED: client cancelled
2024-06-08 17:12:38,519 [grpc-default-executor-4] WARN  server.GrpcLogAppender (GrpcLogAppender.java:lambda$resetClient$1(217)) - b8911061-d087-4ec2-bfc4-9091de9e538b@group-8C08ED623EB2->e3b50f59-81fe-4964-a90b-c9e3e207dda8-GrpcLogAppender: Follower failed (request=null, errorCount=1); keep nextIndex (1) unchanged and retry.
2024-06-08 17:12:38,519 [grpc-default-executor-5] WARN  server.GrpcServerProtocolService (LogUtils.java:warn(121)) - e3b50f59-81fe-4964-a90b-c9e3e207dda8: APPEND_ENTRIES onError, lastRequest: null: org.apache.ratis.thirdparty.io.grpc.StatusRuntimeException: CANCELLED: client cancelled
2024-06-08 17:12:38,522 [main] INFO  server.GrpcService (GrpcService.java:closeImpl(320)) - e3b50f59-81fe-4964-a90b-c9e3e207dda8: shutdown server GrpcServerProtocolService successfully
2024-06-08 17:12:38,523 [main] INFO  server.GrpcService (GrpcService.java:closeImpl(311)) - e3b50f59-81fe-4964-a90b-c9e3e207dda8: shutdown server org.apache.ratis.grpc.server.GrpcAdminProtocolService now
2024-06-08 17:12:38,519 [grpc-default-executor-2] WARN  server.GrpcServerProtocolService (LogUtils.java:warn(121)) - e3b50f59-81fe-4964-a90b-c9e3e207dda8: APPEND_ENTRIES onError, lastRequest: b58efb8a-bcce-4b5c-ba4f-ff0c627932bf->e3b50f59-81fe-4964-a90b-c9e3e207dda8#34-t1,previous=(t:1, i:15),leaderCommit=14,initializing? false,entries: size=1, first=(t:1, i:16), METADATAENTRY(c:14): org.apache.ratis.thirdparty.io.grpc.StatusRuntimeException: CANCELLED: client cancelled
2024-06-08 17:12:38,519 [grpc-default-executor-6] WARN  server.GrpcLogAppender (LogUtils.java:warn(121)) - b8911061-d087-4ec2-bfc4-9091de9e538b@group-8C08ED623EB2->e3b50f59-81fe-4964-a90b-c9e3e207dda8-AppendLogResponseHandler: Failed appendEntries: org.apache.ratis.thirdparty.io.grpc.StatusRuntimeException: CANCELLED: RST_STREAM closed stream. HTTP/2 error code: CANCEL
2024-06-08 17:12:38,523 [main] INFO  server.GrpcService (GrpcService.java:closeImpl(320)) - e3b50f59-81fe-4964-a90b-c9e3e207dda8: shutdown server org.apache.ratis.grpc.server.GrpcAdminProtocolService successfully
2024-06-08 17:12:38,518 [grpc-default-executor-0] WARN  server.GrpcLogAppender (GrpcLogAppender.java:resetClient(226)) - e3b50f59-81fe-4964-a90b-c9e3e207dda8@group-455C3F752D2D->b58efb8a-bcce-4b5c-ba4f-ff0c627932bf-GrpcLogAppender: Failed to getClient for b58efb8a-bcce-4b5c-ba4f-ff0c627932bf
org.apache.ratis.protocol.exceptions.AlreadyClosedException: e3b50f59-81fe-4964-a90b-c9e3e207dda8 is already CLOSED
	at org.apache.ratis.util.PeerProxyMap$PeerAndProxy.getProxy(PeerProxyMap.java:65)
	at org.apache.ratis.util.PeerProxyMap.getProxy(PeerProxyMap.java:114)
	at org.apache.ratis.grpc.server.GrpcLogAppender.getClient(GrpcLogAppender.java:196)
	at org.apache.ratis.grpc.server.GrpcLogAppender.resetClient(GrpcLogAppender.java:201)
	at org.apache.ratis.grpc.server.GrpcLogAppender.access$800(GrpcLogAppender.java:62)
	at org.apache.ratis.grpc.server.GrpcLogAppender$AppendLogResponseHandler.onCompleted(GrpcLogAppender.java:547)
	at org.apache.ratis.thirdparty.io.grpc.stub.ClientCalls$StreamObserverToCallListenerAdapter.onClose(ClientCalls.java:479)
	at org.apache.ratis.thirdparty.io.grpc.internal.ClientCallImpl.closeObserver(ClientCallImpl.java:567)
	at org.apache.ratis.thirdparty.io.grpc.internal.ClientCallImpl.access$300(ClientCallImpl.java:71)
	at org.apache.ratis.thirdparty.io.grpc.internal.ClientCallImpl$ClientStreamListenerImpl$1StreamClosed.runInternal(ClientCallImpl.java:735)
	at org.apache.ratis.thirdparty.io.grpc.internal.ClientCallImpl$ClientStreamListenerImpl$1StreamClosed.runInContext(ClientCallImpl.java:716)
	at org.apache.ratis.thirdparty.io.grpc.internal.ContextRunnable.run(ContextRunnable.java:37)
	at org.apache.ratis.thirdparty.io.grpc.internal.SerializingExecutor.run(SerializingExecutor.java:133)
	at java.base/java.util.concurrent.ThreadPoolExecutor.runWorker(ThreadPoolExecutor.java:1136)
	at java.base/java.util.concurrent.ThreadPoolExecutor$Worker.run(ThreadPoolExecutor.java:635)
	at java.base/java.lang.Thread.run(Thread.java:840)
2024-06-08 17:12:38,522 [e3b50f59-81fe-4964-a90b-c9e3e207dda8@group-4D484FEF3CF3-cacheEviction-AwaitToRun] INFO  util.AwaitToRun (AwaitToRun.java:run(49)) - e3b50f59-81fe-4964-a90b-c9e3e207dda8@group-4D484FEF3CF3-cacheEviction-AwaitToRun-AwaitForSignal is interrupted
2024-06-08 17:12:38,527 [e3b50f59-81fe-4964-a90b-c9e3e207dda8@group-455C3F752D2D-StateMachineUpdater] INFO  ratis.ContainerStateMachine (ContainerStateMachine.java:takeSnapshot(355)) - group-455C3F752D2D: Taking a snapshot at:(t:1, i:0) file /home/runner/work/ozone/ozone/hadoop-ozone/integration-test/target/test-dir/MiniOzoneClusterImpl-6b59e386-941c-4981-b753-7806b34dbc05/ozone-meta/datanode-1/ratis/bd0ebd06-b004-4cdd-8910-455c3f752d2d/sm/snapshot.1_0
2024-06-08 17:12:38,527 [e3b50f59-81fe-4964-a90b-c9e3e207dda8-impl-thread2] INFO  impl.StateMachineUpdater (StateMachineUpdater.java:stopAndJoin(157)) - e3b50f59-81fe-4964-a90b-c9e3e207dda8@group-455C3F752D2D-StateMachineUpdater: set stopIndex = 0
2024-06-08 17:12:38,528 [e3b50f59-81fe-4964-a90b-c9e3e207dda8@group-455C3F752D2D-StateMachineUpdater] INFO  ratis.ContainerStateMachine (ContainerStateMachine.java:takeSnapshot(366)) - group-455C3F752D2D: Finished taking a snapshot at:(t:1, i:0) file:/home/runner/work/ozone/ozone/hadoop-ozone/integration-test/target/test-dir/MiniOzoneClusterImpl-6b59e386-941c-4981-b753-7806b34dbc05/ozone-meta/datanode-1/ratis/bd0ebd06-b004-4cdd-8910-455c3f752d2d/sm/snapshot.1_0 took: 1 ms
2024-06-08 17:12:38,528 [e3b50f59-81fe-4964-a90b-c9e3e207dda8@group-455C3F752D2D-StateMachineUpdater] INFO  impl.StateMachineUpdater (StateMachineUpdater.java:takeSnapshot(295)) - e3b50f59-81fe-4964-a90b-c9e3e207dda8@group-455C3F752D2D-StateMachineUpdater: Took a snapshot at index 0
2024-06-08 17:12:38,528 [e3b50f59-81fe-4964-a90b-c9e3e207dda8@group-455C3F752D2D-StateMachineUpdater] INFO  impl.StateMachineUpdater (StateMachineUpdater.java:lambda$new$0(98)) - e3b50f59-81fe-4964-a90b-c9e3e207dda8@group-455C3F752D2D-StateMachineUpdater: snapshotIndex: updateIncreasingly -1 -> 0
2024-06-08 17:12:38,528 [e3b50f59-81fe-4964-a90b-c9e3e207dda8-impl-thread2] INFO  server.RaftServer$Division (ServerState.java:close(427)) - e3b50f59-81fe-4964-a90b-c9e3e207dda8@group-455C3F752D2D: applyIndex: 0
2024-06-08 17:12:38,528 [e3b50f59-81fe-4964-a90b-c9e3e207dda8@group-455C3F752D2D-cacheEviction-AwaitToRun] INFO  util.AwaitToRun (AwaitToRun.java:run(49)) - e3b50f59-81fe-4964-a90b-c9e3e207dda8@group-455C3F752D2D-cacheEviction-AwaitToRun-AwaitForSignal is interrupted
2024-06-08 17:12:38,536 [e3b50f59-81fe-4964-a90b-c9e3e207dda8-NettyServerStreamRpc-bossGroup--thread1] INFO  logging.LoggingHandler (AbstractInternalLogger.java:log(148)) - [id: 0x93461ea3, L:/0.0.0.0:15068] CLOSE
2024-06-08 17:12:38,536 [e3b50f59-81fe-4964-a90b-c9e3e207dda8-NettyServerStreamRpc-bossGroup--thread1] INFO  logging.LoggingHandler (AbstractInternalLogger.java:log(148)) - [id: 0x93461ea3, L:/0.0.0.0:15068] INACTIVE
2024-06-08 17:12:38,536 [e3b50f59-81fe-4964-a90b-c9e3e207dda8-NettyServerStreamRpc-bossGroup--thread1] INFO  logging.LoggingHandler (AbstractInternalLogger.java:log(148)) - [id: 0x93461ea3, L:/0.0.0.0:15068] UNREGISTERED
2024-06-08 17:12:39,127 [e3b50f59-81fe-4964-a90b-c9e3e207dda8-impl-thread2] INFO  segmented.SegmentedRaftLogWorker (SegmentedRaftLogWorker.java:close(245)) - e3b50f59-81fe-4964-a90b-c9e3e207dda8@group-455C3F752D2D-SegmentedRaftLogWorker close()
2024-06-08 17:12:39,163 [e3b50f59-81fe-4964-a90b-c9e3e207dda8-impl-thread4] INFO  segmented.SegmentedRaftLogWorker (SegmentedRaftLogWorker.java:close(245)) - e3b50f59-81fe-4964-a90b-c9e3e207dda8@group-4D484FEF3CF3-SegmentedRaftLogWorker close()
2024-06-08 17:12:39,420 [e3b50f59-81fe-4964-a90b-c9e3e207dda8-impl-thread3] INFO  segmented.SegmentedRaftLogWorker (SegmentedRaftLogWorker.java:close(245)) - e3b50f59-81fe-4964-a90b-c9e3e207dda8@group-8C08ED623EB2-SegmentedRaftLogWorker close()
2024-06-08 17:12:39,503 [e3b50f59-81fe-4964-a90b-c9e3e207dda8-impl-thread1] INFO  segmented.SegmentedRaftLogWorker (SegmentedRaftLogWorker.java:close(245)) - e3b50f59-81fe-4964-a90b-c9e3e207dda8@group-4BD12810AED6-SegmentedRaftLogWorker close()
2024-06-08 17:12:39,504 [JvmPauseMonitor9] INFO  util.JvmPauseMonitor (JvmPauseMonitor.java:run(152)) - JvmPauseMonitor-e3b50f59-81fe-4964-a90b-c9e3e207dda8: Stopped
2024-06-08 17:12:41,506 [main] INFO  utils.DatanodeStoreCache (DatanodeStoreCache.java:shutdownCache(116)) - Skip clearing cache in mini cluster mode. Entries left: [/home/runner/work/ozone/ozone/hadoop-ozone/integration-test/target/test-dir/MiniOzoneClusterImpl-6b59e386-941c-4981-b753-7806b34dbc05/ozone-meta/datanode-1/data-0/hdds/6b59e386-941c-4981-b753-7806b34dbc05/DS-8a12038b-e762-4a1d-82c9-aa3862448c3c/container.db, /home/runner/work/ozone/ozone/hadoop-ozone/integration-test/target/test-dir/MiniOzoneClusterImpl-6b59e386-941c-4981-b753-7806b34dbc05/ozone-meta/datanode-2/data-0/hdds/6b59e386-941c-4981-b753-7806b34dbc05/DS-a22b0c7d-ff61-4d23-81f5-5a73bfa2710f/container.db, /home/runner/work/ozone/ozone/hadoop-ozone/integration-test/target/test-dir/MiniOzoneClusterImpl-6b59e386-941c-4981-b753-7806b34dbc05/ozone-meta/datanode-3/data-0/hdds/6b59e386-941c-4981-b753-7806b34dbc05/DS-97c01086-debe-488b-9247-774c0e8f9834/container.db, /home/runner/work/ozone/ozone/hadoop-ozone/integration-test/target/test-dir/MiniOzoneClusterImpl-6b59e386-941c-4981-b753-7806b34dbc05/ozone-meta/datanode-4/data-0/hdds/6b59e386-941c-4981-b753-7806b34dbc05/DS-196276ef-1f62-4795-aeae-56a35f0688d3/container.db, /home/runner/work/ozone/ozone/hadoop-ozone/integration-test/target/test-dir/MiniOzoneClusterImpl-6b59e386-941c-4981-b753-7806b34dbc05/ozone-meta/datanode-5/data-0/hdds/6b59e386-941c-4981-b753-7806b34dbc05/DS-9c0d48b0-5ac7-475b-b179-4b482fe6b94c/container.db]
2024-06-08 17:12:41,507 [main] INFO  utils.DatanodeStoreCache (DatanodeStoreCache.java:removeDB(110)) - Removed db /home/runner/work/ozone/ozone/hadoop-ozone/integration-test/target/test-dir/MiniOzoneClusterImpl-6b59e386-941c-4981-b753-7806b34dbc05/ozone-meta/datanode-1/data-0/hdds/6b59e386-941c-4981-b753-7806b34dbc05/DS-8a12038b-e762-4a1d-82c9-aa3862448c3c/container.db from cache
2024-06-08 17:12:41,507 [main] INFO  volume.HddsVolume (HddsVolume.java:closeDbStore(470)) - SchemaV3 db is stopped at /home/runner/work/ozone/ozone/hadoop-ozone/integration-test/target/test-dir/MiniOzoneClusterImpl-6b59e386-941c-4981-b753-7806b34dbc05/ozone-meta/datanode-1/data-0/hdds/6b59e386-941c-4981-b753-7806b34dbc05/DS-8a12038b-e762-4a1d-82c9-aa3862448c3c/container.db for volume DS-8a12038b-e762-4a1d-82c9-aa3862448c3c
2024-06-08 17:12:41,508 [main] INFO  utils.BackgroundService (BackgroundService.java:shutdown(160)) - Shutting down service BlockDeletingService
2024-06-08 17:12:41,508 [main] INFO  utils.BackgroundService (BackgroundService.java:shutdown(160)) - Shutting down service StaleRecoveringContainerScrubbingService
2024-06-08 17:12:41,508 [main] INFO  statemachine.DatanodeStateMachine (DatanodeStateMachine.java:stopDaemon(638)) - Ozone container server stopped.
2024-06-08 17:12:41,509 [main] INFO  handler.ContextHandler (ContextHandler.java:doStop(1159)) - Stopped o.e.j.w.WebAppContext@4c5bcc6e{hddsDatanode,/,null,STOPPED}{file:/home/runner/work/ozone/ozone/hadoop-hdds/container-service/target/classes/webapps/hddsDatanode}
2024-06-08 17:12:41,509 [main] INFO  server.AbstractConnector (AbstractConnector.java:doStop(383)) - Stopped ServerConnector@7f5a3e41{HTTP/1.1, (http/1.1)}{0.0.0.0:15062}
2024-06-08 17:12:41,510 [main] INFO  server.session (HouseKeeper.java:stopScavenging(149)) - node0 Stopped scavenging
2024-06-08 17:12:41,510 [main] INFO  handler.ContextHandler (ContextHandler.java:doStop(1159)) - Stopped o.e.j.s.ServletContextHandler@aae69d3{static,/static,file:///home/runner/work/ozone/ozone/hadoop-hdds/container-service/target/classes/webapps/static,STOPPED}
2024-06-08 17:12:41,510 [main] INFO  handler.ContextHandler (ContextHandler.java:doStop(1159)) - Stopped o.e.j.s.ServletContextHandler@66968a15{logs,/logs,file:///home/runner/work/ozone/ozone/hadoop-ozone/integration-test/target/log,STOPPED}
2024-06-08 17:12:41,511 [main] INFO  ozone.HddsDatanodeClientProtocolServer (HddsDatanodeClientProtocolServer.java:stop(83)) - Stopping the RPC server for Client Protocol
2024-06-08 17:12:41,511 [main] INFO  ipc.Server (Server.java:stop(3523)) - Stopping server on 15063
2024-06-08 17:12:41,511 [IPC Server Responder] INFO  ipc.Server (Server.java:run(1567)) - Stopping IPC Server Responder
2024-06-08 17:12:41,512 [IPC Server listener on 15063] INFO  ipc.Server (Server.java:run(1434)) - Stopping IPC Server listener on 15063
2024-06-08 17:12:41,513 [main] INFO  ozoneimpl.OzoneContainer (OzoneContainer.java:stop(481)) - Attempting to stop container services.
2024-06-08 17:12:41,513 [ContainerMetadataScanner] WARN  ozoneimpl.AbstractBackgroundContainerScanner (AbstractBackgroundContainerScanner.java:handleRemainingSleep(134)) - Background container scan was interrupted.
2024-06-08 17:12:41,513 [ContainerMetadataScanner] INFO  ozoneimpl.AbstractBackgroundContainerScanner (AbstractBackgroundContainerScanner.java:run(61)) - Thread[ContainerMetadataScanner,5,main] exiting.
2024-06-08 17:12:41,514 [main] INFO  ozoneimpl.BackgroundContainerDataScanner (BackgroundContainerDataScanner.java:shutdown(141)) - ContainerDataScanner(/home/runner/work/ozone/ozone/hadoop-ozone/integration-test/target/test-dir/MiniOzoneClusterImpl-6b59e386-941c-4981-b753-7806b34dbc05/ozone-meta/datanode-2/data-0/hdds) is shutting down. 
2024-06-08 17:12:41,514 [ContainerDataScanner(/home/runner/work/ozone/ozone/hadoop-ozone/integration-test/target/test-dir/MiniOzoneClusterImpl-6b59e386-941c-4981-b753-7806b34dbc05/ozone-meta/datanode-2/data-0/hdds)] WARN  ozoneimpl.AbstractBackgroundContainerScanner (AbstractBackgroundContainerScanner.java:handleRemainingSleep(134)) - Background container scan was interrupted.
2024-06-08 17:12:41,514 [ContainerDataScanner(/home/runner/work/ozone/ozone/hadoop-ozone/integration-test/target/test-dir/MiniOzoneClusterImpl-6b59e386-941c-4981-b753-7806b34dbc05/ozone-meta/datanode-2/data-0/hdds)] INFO  ozoneimpl.AbstractBackgroundContainerScanner (AbstractBackgroundContainerScanner.java:run(61)) - ContainerDataScanner(/home/runner/work/ozone/ozone/hadoop-ozone/integration-test/target/test-dir/MiniOzoneClusterImpl-6b59e386-941c-4981-b753-7806b34dbc05/ozone-meta/datanode-2/data-0/hdds, DS-a22b0c7d-ff61-4d23-81f5-5a73bfa2710f) exiting.
2024-06-08 17:12:41,514 [main] INFO  server.RaftServer (RaftServerProxy.java:lambda$close$9(416)) - b8911061-d087-4ec2-bfc4-9091de9e538b: close
2024-06-08 17:12:41,515 [b8911061-d087-4ec2-bfc4-9091de9e538b-impl-thread1] INFO  server.RaftServer$Division (RaftServerImpl.java:lambda$close$3(526)) - b8911061-d087-4ec2-bfc4-9091de9e538b@group-4BD12810AED6: shutdown
2024-06-08 17:12:41,515 [b8911061-d087-4ec2-bfc4-9091de9e538b-impl-thread1] INFO  util.JmxRegister (JmxRegister.java:unregister(73)) - Successfully un-registered JMX Bean with object name Ratis:service=RaftServer,group=group-4BD12810AED6,id=b8911061-d087-4ec2-bfc4-9091de9e538b
2024-06-08 17:12:41,515 [b8911061-d087-4ec2-bfc4-9091de9e538b-impl-thread1] INFO  impl.RoleInfo (RoleInfo.java:shutdownFollowerState(110)) - b8911061-d087-4ec2-bfc4-9091de9e538b: shutdown b8911061-d087-4ec2-bfc4-9091de9e538b@group-4BD12810AED6-FollowerState
2024-06-08 17:12:41,515 [b8911061-d087-4ec2-bfc4-9091de9e538b-impl-thread1] INFO  impl.StateMachineUpdater (StateMachineUpdater.java:stopAndJoin(157)) - b8911061-d087-4ec2-bfc4-9091de9e538b@group-4BD12810AED6-StateMachineUpdater: set stopIndex = 16
2024-06-08 17:12:41,515 [b8911061-d087-4ec2-bfc4-9091de9e538b@group-4BD12810AED6-FollowerState] INFO  impl.FollowerState (FollowerState.java:run(152)) - b8911061-d087-4ec2-bfc4-9091de9e538b@group-4BD12810AED6-FollowerState was interrupted
2024-06-08 17:12:41,515 [b8911061-d087-4ec2-bfc4-9091de9e538b@group-4BD12810AED6-StateMachineUpdater] INFO  ratis.ContainerStateMachine (ContainerStateMachine.java:takeSnapshot(355)) - group-4BD12810AED6: Taking a snapshot at:(t:1, i:16) file /home/runner/work/ozone/ozone/hadoop-ozone/integration-test/target/test-dir/MiniOzoneClusterImpl-6b59e386-941c-4981-b753-7806b34dbc05/ozone-meta/datanode-2/ratis/e13792a1-6aeb-4204-ab3e-4bd12810aed6/sm/snapshot.1_16
2024-06-08 17:12:41,515 [b8911061-d087-4ec2-bfc4-9091de9e538b-impl-thread3] INFO  server.RaftServer$Division (RaftServerImpl.java:lambda$close$3(526)) - b8911061-d087-4ec2-bfc4-9091de9e538b@group-455C3F752D2D: shutdown
2024-06-08 17:12:41,515 [b8911061-d087-4ec2-bfc4-9091de9e538b-impl-thread3] INFO  util.JmxRegister (JmxRegister.java:unregister(73)) - Successfully un-registered JMX Bean with object name Ratis:service=RaftServer,group=group-455C3F752D2D,id=b8911061-d087-4ec2-bfc4-9091de9e538b
2024-06-08 17:12:41,515 [b8911061-d087-4ec2-bfc4-9091de9e538b-impl-thread3] INFO  impl.RoleInfo (RoleInfo.java:shutdownFollowerState(110)) - b8911061-d087-4ec2-bfc4-9091de9e538b: shutdown b8911061-d087-4ec2-bfc4-9091de9e538b@group-455C3F752D2D-FollowerState
2024-06-08 17:12:41,515 [b8911061-d087-4ec2-bfc4-9091de9e538b@group-455C3F752D2D-FollowerState] INFO  impl.FollowerState (FollowerState.java:run(152)) - b8911061-d087-4ec2-bfc4-9091de9e538b@group-455C3F752D2D-FollowerState was interrupted
2024-06-08 17:12:41,515 [b8911061-d087-4ec2-bfc4-9091de9e538b@group-455C3F752D2D-StateMachineUpdater] INFO  ratis.ContainerStateMachine (ContainerStateMachine.java:takeSnapshot(355)) - group-455C3F752D2D: Taking a snapshot at:(t:1, i:0) file /home/runner/work/ozone/ozone/hadoop-ozone/integration-test/target/test-dir/MiniOzoneClusterImpl-6b59e386-941c-4981-b753-7806b34dbc05/ozone-meta/datanode-2/ratis/bd0ebd06-b004-4cdd-8910-455c3f752d2d/sm/snapshot.1_0
2024-06-08 17:12:41,515 [b8911061-d087-4ec2-bfc4-9091de9e538b-impl-thread2] INFO  server.RaftServer$Division (RaftServerImpl.java:lambda$close$3(526)) - b8911061-d087-4ec2-bfc4-9091de9e538b@group-9D1B5707D807: shutdown
2024-06-08 17:12:41,516 [b8911061-d087-4ec2-bfc4-9091de9e538b-impl-thread2] INFO  util.JmxRegister (JmxRegister.java:unregister(73)) - Successfully un-registered JMX Bean with object name Ratis:service=RaftServer,group=group-9D1B5707D807,id=b8911061-d087-4ec2-bfc4-9091de9e538b
2024-06-08 17:12:41,516 [b8911061-d087-4ec2-bfc4-9091de9e538b-impl-thread2] INFO  impl.RoleInfo (RoleInfo.java:shutdownLeaderState(94)) - b8911061-d087-4ec2-bfc4-9091de9e538b: shutdown b8911061-d087-4ec2-bfc4-9091de9e538b@group-9D1B5707D807-LeaderStateImpl
2024-06-08 17:12:41,516 [b8911061-d087-4ec2-bfc4-9091de9e538b-impl-thread2] INFO  impl.PendingRequests (PendingRequests.java:sendNotLeaderResponses(289)) - b8911061-d087-4ec2-bfc4-9091de9e538b@group-9D1B5707D807-PendingRequests: sendNotLeaderResponses
2024-06-08 17:12:41,516 [b8911061-d087-4ec2-bfc4-9091de9e538b-impl-thread2] INFO  impl.StateMachineUpdater (StateMachineUpdater.java:stopAndJoin(157)) - b8911061-d087-4ec2-bfc4-9091de9e538b@group-9D1B5707D807-StateMachineUpdater: set stopIndex = 0
2024-06-08 17:12:41,516 [b8911061-d087-4ec2-bfc4-9091de9e538b-impl-thread3] INFO  impl.StateMachineUpdater (StateMachineUpdater.java:stopAndJoin(157)) - b8911061-d087-4ec2-bfc4-9091de9e538b@group-455C3F752D2D-StateMachineUpdater: set stopIndex = 0
2024-06-08 17:12:41,516 [b8911061-d087-4ec2-bfc4-9091de9e538b@group-455C3F752D2D-StateMachineUpdater] INFO  ratis.ContainerStateMachine (ContainerStateMachine.java:takeSnapshot(366)) - group-455C3F752D2D: Finished taking a snapshot at:(t:1, i:0) file:/home/runner/work/ozone/ozone/hadoop-ozone/integration-test/target/test-dir/MiniOzoneClusterImpl-6b59e386-941c-4981-b753-7806b34dbc05/ozone-meta/datanode-2/ratis/bd0ebd06-b004-4cdd-8910-455c3f752d2d/sm/snapshot.1_0 took: 0 ms
2024-06-08 17:12:41,516 [b8911061-d087-4ec2-bfc4-9091de9e538b@group-9D1B5707D807-StateMachineUpdater] INFO  ratis.ContainerStateMachine (ContainerStateMachine.java:takeSnapshot(355)) - group-9D1B5707D807: Taking a snapshot at:(t:1, i:0) file /home/runner/work/ozone/ozone/hadoop-ozone/integration-test/target/test-dir/MiniOzoneClusterImpl-6b59e386-941c-4981-b753-7806b34dbc05/ozone-meta/datanode-2/ratis/8f3c9ac3-1342-476a-b2df-9d1b5707d807/sm/snapshot.1_0
2024-06-08 17:12:41,516 [main] INFO  server.GrpcService (GrpcService.java:closeImpl(311)) - b8911061-d087-4ec2-bfc4-9091de9e538b: shutdown server org.apache.ratis.grpc.server.GrpcClientProtocolService now
2024-06-08 17:12:41,516 [b8911061-d087-4ec2-bfc4-9091de9e538b@group-455C3F752D2D-StateMachineUpdater] INFO  impl.StateMachineUpdater (StateMachineUpdater.java:takeSnapshot(295)) - b8911061-d087-4ec2-bfc4-9091de9e538b@group-455C3F752D2D-StateMachineUpdater: Took a snapshot at index 0
2024-06-08 17:12:41,517 [b8911061-d087-4ec2-bfc4-9091de9e538b-impl-thread4] INFO  server.RaftServer$Division (RaftServerImpl.java:lambda$close$3(526)) - b8911061-d087-4ec2-bfc4-9091de9e538b@group-8C08ED623EB2: shutdown
2024-06-08 17:12:41,517 [b8911061-d087-4ec2-bfc4-9091de9e538b-impl-thread4] INFO  util.JmxRegister (JmxRegister.java:unregister(73)) - Successfully un-registered JMX Bean with object name Ratis:service=RaftServer,group=group-8C08ED623EB2,id=b8911061-d087-4ec2-bfc4-9091de9e538b
2024-06-08 17:12:41,517 [b8911061-d087-4ec2-bfc4-9091de9e538b-impl-thread4] INFO  impl.RoleInfo (RoleInfo.java:shutdownLeaderState(94)) - b8911061-d087-4ec2-bfc4-9091de9e538b: shutdown b8911061-d087-4ec2-bfc4-9091de9e538b@group-8C08ED623EB2-LeaderStateImpl
2024-06-08 17:12:41,517 [b8911061-d087-4ec2-bfc4-9091de9e538b-impl-thread4] INFO  impl.PendingRequests (PendingRequests.java:sendNotLeaderResponses(289)) - b8911061-d087-4ec2-bfc4-9091de9e538b@group-8C08ED623EB2-PendingRequests: sendNotLeaderResponses
2024-06-08 17:12:41,517 [b8911061-d087-4ec2-bfc4-9091de9e538b@group-8C08ED623EB2->b58efb8a-bcce-4b5c-ba4f-ff0c627932bf-GrpcLogAppender-LogAppenderDaemon] WARN  server.GrpcLogAppender (GrpcLogAppender.java:mayWait(289)) - b8911061-d087-4ec2-bfc4-9091de9e538b@group-8C08ED623EB2->b58efb8a-bcce-4b5c-ba4f-ff0c627932bf-GrpcLogAppender: Wait interrupted by java.lang.InterruptedException
2024-06-08 17:12:41,518 [grpc-default-executor-6] INFO  server.GrpcServerProtocolService (GrpcServerProtocolService.java:onCompleted(157)) - b58efb8a-bcce-4b5c-ba4f-ff0c627932bf: Completed APPEND_ENTRIES, lastRequest: null
2024-06-08 17:12:41,518 [grpc-default-executor-0] INFO  server.GrpcServerProtocolService (GrpcServerProtocolService.java:onCompleted(157)) - b58efb8a-bcce-4b5c-ba4f-ff0c627932bf: Completed APPEND_ENTRIES, lastRequest: b8911061-d087-4ec2-bfc4-9091de9e538b->b58efb8a-bcce-4b5c-ba4f-ff0c627932bf#1-t1,previous=(t:0, i:0),leaderCommit=-1,initializing? false,entries: size=1, first=(t:1, i:0), CONFIGURATIONENTRY(current:id: "b8911061-d087-4ec2-bfc4-9091de9e538b"
address: "127.0.0.1:15076"
priority: 1
dataStreamAddress: "127.0.0.1:15077"
clientAddress: "127.0.0.1:15074"
adminAddress: "127.0.0.1:15075"
startupRole: FOLLOWER
,id: "e3b50f59-81fe-4964-a90b-c9e3e207dda8"
address: "127.0.0.1:15067"
dataStreamAddress: "127.0.0.1:15068"
clientAddress: "127.0.0.1:15065"
adminAddress: "127.0.0.1:15066"
startupRole: FOLLOWER
,id: "b58efb8a-bcce-4b5c-ba4f-ff0c627932bf"
address: "127.0.0.1:15085"
dataStreamAddress: "127.0.0.1:15086"
clientAddress: "127.0.0.1:15083"
adminAddress: "127.0.0.1:15084"
startupRole: FOLLOWER
, old:)
2024-06-08 17:12:41,518 [grpc-default-executor-0] INFO  server.GrpcServerProtocolService (GrpcServerProtocolService.java:lambda$onCompleted$5(159)) - b58efb8a-bcce-4b5c-ba4f-ff0c627932bf: Completed APPEND_ENTRIES, lastReply: null
2024-06-08 17:12:41,518 [grpc-default-executor-0] INFO  server.GrpcLogAppender (GrpcLogAppender.java:onCompleted(546)) - b8911061-d087-4ec2-bfc4-9091de9e538b@group-8C08ED623EB2->b58efb8a-bcce-4b5c-ba4f-ff0c627932bf-AppendLogResponseHandler: follower responses appendEntries COMPLETED
2024-06-08 17:12:41,518 [b8911061-d087-4ec2-bfc4-9091de9e538b@group-9D1B5707D807-StateMachineUpdater] INFO  ratis.ContainerStateMachine (ContainerStateMachine.java:takeSnapshot(366)) - group-9D1B5707D807: Finished taking a snapshot at:(t:1, i:0) file:/home/runner/work/ozone/ozone/hadoop-ozone/integration-test/target/test-dir/MiniOzoneClusterImpl-6b59e386-941c-4981-b753-7806b34dbc05/ozone-meta/datanode-2/ratis/8f3c9ac3-1342-476a-b2df-9d1b5707d807/sm/snapshot.1_0 took: 3 ms
2024-06-08 17:12:41,518 [b8911061-d087-4ec2-bfc4-9091de9e538b@group-9D1B5707D807-StateMachineUpdater] INFO  impl.StateMachineUpdater (StateMachineUpdater.java:takeSnapshot(295)) - b8911061-d087-4ec2-bfc4-9091de9e538b@group-9D1B5707D807-StateMachineUpdater: Took a snapshot at index 0
2024-06-08 17:12:41,519 [b8911061-d087-4ec2-bfc4-9091de9e538b@group-9D1B5707D807-StateMachineUpdater] INFO  impl.StateMachineUpdater (StateMachineUpdater.java:lambda$new$0(98)) - b8911061-d087-4ec2-bfc4-9091de9e538b@group-9D1B5707D807-StateMachineUpdater: snapshotIndex: updateIncreasingly -1 -> 0
2024-06-08 17:12:41,519 [b8911061-d087-4ec2-bfc4-9091de9e538b-impl-thread2] INFO  server.RaftServer$Division (ServerState.java:close(427)) - b8911061-d087-4ec2-bfc4-9091de9e538b@group-9D1B5707D807: applyIndex: 0
2024-06-08 17:12:41,519 [b8911061-d087-4ec2-bfc4-9091de9e538b@group-455C3F752D2D-StateMachineUpdater] INFO  impl.StateMachineUpdater (StateMachineUpdater.java:lambda$new$0(98)) - b8911061-d087-4ec2-bfc4-9091de9e538b@group-455C3F752D2D-StateMachineUpdater: snapshotIndex: updateIncreasingly -1 -> 0
2024-06-08 17:12:41,519 [b8911061-d087-4ec2-bfc4-9091de9e538b@group-9D1B5707D807-cacheEviction-AwaitToRun] INFO  util.AwaitToRun (AwaitToRun.java:run(49)) - b8911061-d087-4ec2-bfc4-9091de9e538b@group-9D1B5707D807-cacheEviction-AwaitToRun-AwaitForSignal is interrupted
2024-06-08 17:12:41,519 [b8911061-d087-4ec2-bfc4-9091de9e538b-impl-thread3] INFO  server.RaftServer$Division (ServerState.java:close(427)) - b8911061-d087-4ec2-bfc4-9091de9e538b@group-455C3F752D2D: applyIndex: 0
2024-06-08 17:12:41,519 [b8911061-d087-4ec2-bfc4-9091de9e538b@group-4BD12810AED6-StateMachineUpdater] INFO  ratis.ContainerStateMachine (ContainerStateMachine.java:takeSnapshot(366)) - group-4BD12810AED6: Finished taking a snapshot at:(t:1, i:16) file:/home/runner/work/ozone/ozone/hadoop-ozone/integration-test/target/test-dir/MiniOzoneClusterImpl-6b59e386-941c-4981-b753-7806b34dbc05/ozone-meta/datanode-2/ratis/e13792a1-6aeb-4204-ab3e-4bd12810aed6/sm/snapshot.1_16 took: 4 ms
2024-06-08 17:12:41,519 [b8911061-d087-4ec2-bfc4-9091de9e538b@group-455C3F752D2D-cacheEviction-AwaitToRun] INFO  util.AwaitToRun (AwaitToRun.java:run(49)) - b8911061-d087-4ec2-bfc4-9091de9e538b@group-455C3F752D2D-cacheEviction-AwaitToRun-AwaitForSignal is interrupted
2024-06-08 17:12:41,519 [b8911061-d087-4ec2-bfc4-9091de9e538b@group-4BD12810AED6-StateMachineUpdater] INFO  impl.StateMachineUpdater (StateMachineUpdater.java:takeSnapshot(295)) - b8911061-d087-4ec2-bfc4-9091de9e538b@group-4BD12810AED6-StateMachineUpdater: Took a snapshot at index 16
2024-06-08 17:12:41,519 [b8911061-d087-4ec2-bfc4-9091de9e538b@group-4BD12810AED6-StateMachineUpdater] INFO  impl.StateMachineUpdater (StateMachineUpdater.java:lambda$new$0(98)) - b8911061-d087-4ec2-bfc4-9091de9e538b@group-4BD12810AED6-StateMachineUpdater: snapshotIndex: updateIncreasingly -1 -> 16
2024-06-08 17:12:41,519 [b8911061-d087-4ec2-bfc4-9091de9e538b-impl-thread1] INFO  server.RaftServer$Division (ServerState.java:close(427)) - b8911061-d087-4ec2-bfc4-9091de9e538b@group-4BD12810AED6: applyIndex: 16
2024-06-08 17:12:41,519 [b8911061-d087-4ec2-bfc4-9091de9e538b@group-4BD12810AED6-cacheEviction-AwaitToRun] INFO  util.AwaitToRun (AwaitToRun.java:run(49)) - b8911061-d087-4ec2-bfc4-9091de9e538b@group-4BD12810AED6-cacheEviction-AwaitToRun-AwaitForSignal is interrupted
2024-06-08 17:12:41,520 [grpc-default-executor-6] INFO  server.GrpcServerProtocolService (GrpcServerProtocolService.java:lambda$onCompleted$5(159)) - b58efb8a-bcce-4b5c-ba4f-ff0c627932bf: Completed APPEND_ENTRIES, lastReply: serverReply {
  requestorId: "b8911061-d087-4ec2-bfc4-9091de9e538b"
  replyId: "b58efb8a-bcce-4b5c-ba4f-ff0c627932bf"
  raftGroupId {
    id: "oL\253\206f\322H\203\2156\214\b\355b>\262"
  }
  callId: 7
  success: true
}
term: 1
nextIndex: 1
matchIndex: 18446744073709551615
isHearbeat: true

2024-06-08 17:12:41,521 [Thread-1818] INFO  server.GrpcServerProtocolClient (GrpcServerProtocolClient.java:close(103)) - e3b50f59-81fe-4964-a90b-c9e3e207dda8 Close channels
2024-06-08 17:12:41,521 [b8911061-d087-4ec2-bfc4-9091de9e538b@group-8C08ED623EB2->e3b50f59-81fe-4964-a90b-c9e3e207dda8-GrpcLogAppender-LogAppenderDaemon] WARN  server.GrpcLogAppender (GrpcLogAppender.java:mayWait(289)) - b8911061-d087-4ec2-bfc4-9091de9e538b@group-8C08ED623EB2->e3b50f59-81fe-4964-a90b-c9e3e207dda8-GrpcLogAppender: Wait interrupted by java.lang.InterruptedException
2024-06-08 17:12:41,521 [grpc-default-executor-0] INFO  server.GrpcLogAppender (GrpcLogAppender.java:onCompleted(546)) - b8911061-d087-4ec2-bfc4-9091de9e538b@group-8C08ED623EB2->b58efb8a-bcce-4b5c-ba4f-ff0c627932bf-AppendLogResponseHandler: follower responses appendEntries COMPLETED
2024-06-08 17:12:41,521 [b8911061-d087-4ec2-bfc4-9091de9e538b@group-8C08ED623EB2-StateMachineUpdater] INFO  ratis.ContainerStateMachine (ContainerStateMachine.java:takeSnapshot(355)) - group-8C08ED623EB2: Taking a snapshot at:(t:1, i:0) file /home/runner/work/ozone/ozone/hadoop-ozone/integration-test/target/test-dir/MiniOzoneClusterImpl-6b59e386-941c-4981-b753-7806b34dbc05/ozone-meta/datanode-2/ratis/6f4cab86-66d2-4883-8d36-8c08ed623eb2/sm/snapshot.1_0
2024-06-08 17:12:41,521 [b8911061-d087-4ec2-bfc4-9091de9e538b-impl-thread4] INFO  impl.StateMachineUpdater (StateMachineUpdater.java:stopAndJoin(157)) - b8911061-d087-4ec2-bfc4-9091de9e538b@group-8C08ED623EB2-StateMachineUpdater: set stopIndex = 0
2024-06-08 17:12:41,522 [b8911061-d087-4ec2-bfc4-9091de9e538b@group-8C08ED623EB2-StateMachineUpdater] INFO  ratis.ContainerStateMachine (ContainerStateMachine.java:takeSnapshot(366)) - group-8C08ED623EB2: Finished taking a snapshot at:(t:1, i:0) file:/home/runner/work/ozone/ozone/hadoop-ozone/integration-test/target/test-dir/MiniOzoneClusterImpl-6b59e386-941c-4981-b753-7806b34dbc05/ozone-meta/datanode-2/ratis/6f4cab86-66d2-4883-8d36-8c08ed623eb2/sm/snapshot.1_0 took: 1 ms
2024-06-08 17:12:41,522 [b8911061-d087-4ec2-bfc4-9091de9e538b@group-8C08ED623EB2-StateMachineUpdater] INFO  impl.StateMachineUpdater (StateMachineUpdater.java:takeSnapshot(295)) - b8911061-d087-4ec2-bfc4-9091de9e538b@group-8C08ED623EB2-StateMachineUpdater: Took a snapshot at index 0
2024-06-08 17:12:41,522 [b8911061-d087-4ec2-bfc4-9091de9e538b@group-8C08ED623EB2-StateMachineUpdater] INFO  impl.StateMachineUpdater (StateMachineUpdater.java:lambda$new$0(98)) - b8911061-d087-4ec2-bfc4-9091de9e538b@group-8C08ED623EB2-StateMachineUpdater: snapshotIndex: updateIncreasingly -1 -> 0
2024-06-08 17:12:41,522 [b8911061-d087-4ec2-bfc4-9091de9e538b-impl-thread4] INFO  server.RaftServer$Division (ServerState.java:close(427)) - b8911061-d087-4ec2-bfc4-9091de9e538b@group-8C08ED623EB2: applyIndex: 0
2024-06-08 17:12:41,522 [b8911061-d087-4ec2-bfc4-9091de9e538b@group-8C08ED623EB2-cacheEviction-AwaitToRun] INFO  util.AwaitToRun (AwaitToRun.java:run(49)) - b8911061-d087-4ec2-bfc4-9091de9e538b@group-8C08ED623EB2-cacheEviction-AwaitToRun-AwaitForSignal is interrupted
2024-06-08 17:12:41,530 [Thread-1819] INFO  server.GrpcServerProtocolClient (GrpcServerProtocolClient.java:close(103)) - b58efb8a-bcce-4b5c-ba4f-ff0c627932bf Close channels
2024-06-08 17:12:41,532 [main] INFO  server.GrpcService (GrpcService.java:closeImpl(320)) - b8911061-d087-4ec2-bfc4-9091de9e538b: shutdown server org.apache.ratis.grpc.server.GrpcClientProtocolService successfully
2024-06-08 17:12:41,532 [main] INFO  server.GrpcService (GrpcService.java:closeImpl(311)) - b8911061-d087-4ec2-bfc4-9091de9e538b: shutdown server GrpcServerProtocolService now
2024-06-08 17:12:41,533 [grpc-default-executor-0] WARN  server.GrpcLogAppender (LogUtils.java:warn(121)) - b58efb8a-bcce-4b5c-ba4f-ff0c627932bf@group-4BD12810AED6->b8911061-d087-4ec2-bfc4-9091de9e538b-AppendLogResponseHandler: Failed appendEntries: org.apache.ratis.thirdparty.io.grpc.StatusRuntimeException: CANCELLED: RST_STREAM closed stream. HTTP/2 error code: CANCEL
2024-06-08 17:12:41,533 [grpc-default-executor-0] WARN  server.GrpcLogAppender (GrpcLogAppender.java:lambda$resetClient$1(217)) - b58efb8a-bcce-4b5c-ba4f-ff0c627932bf@group-4BD12810AED6->b8911061-d087-4ec2-bfc4-9091de9e538b-GrpcLogAppender: Follower failed (request=null, errorCount=1); keep nextIndex (17) unchanged and retry.
2024-06-08 17:12:41,534 [main] INFO  server.GrpcService (GrpcService.java:closeImpl(320)) - b8911061-d087-4ec2-bfc4-9091de9e538b: shutdown server GrpcServerProtocolService successfully
2024-06-08 17:12:41,534 [main] INFO  server.GrpcService (GrpcService.java:closeImpl(311)) - b8911061-d087-4ec2-bfc4-9091de9e538b: shutdown server org.apache.ratis.grpc.server.GrpcAdminProtocolService now
2024-06-08 17:12:41,534 [grpc-default-executor-2] WARN  server.GrpcServerProtocolService (LogUtils.java:warn(121)) - b8911061-d087-4ec2-bfc4-9091de9e538b: APPEND_ENTRIES onError, lastRequest: null: org.apache.ratis.thirdparty.io.grpc.StatusRuntimeException: CANCELLED: client cancelled
2024-06-08 17:12:41,534 [grpc-default-executor-6] WARN  server.GrpcServerProtocolService (LogUtils.java:warn(121)) - b8911061-d087-4ec2-bfc4-9091de9e538b: APPEND_ENTRIES onError, lastRequest: b58efb8a-bcce-4b5c-ba4f-ff0c627932bf->b8911061-d087-4ec2-bfc4-9091de9e538b#39-t1,previous=(t:1, i:15),leaderCommit=14,initializing? false,entries: size=1, first=(t:1, i:16), METADATAENTRY(c:14): org.apache.ratis.thirdparty.io.grpc.StatusRuntimeException: CANCELLED: client cancelled
2024-06-08 17:12:41,535 [main] INFO  server.GrpcService (GrpcService.java:closeImpl(320)) - b8911061-d087-4ec2-bfc4-9091de9e538b: shutdown server org.apache.ratis.grpc.server.GrpcAdminProtocolService successfully
2024-06-08 17:12:41,538 [b8911061-d087-4ec2-bfc4-9091de9e538b-NettyServerStreamRpc-bossGroup--thread1] INFO  logging.LoggingHandler (AbstractInternalLogger.java:log(148)) - [id: 0xf4e2ac3d, L:/0.0.0.0:15077] CLOSE
2024-06-08 17:12:41,538 [b8911061-d087-4ec2-bfc4-9091de9e538b-NettyServerStreamRpc-bossGroup--thread1] INFO  logging.LoggingHandler (AbstractInternalLogger.java:log(148)) - [id: 0xf4e2ac3d, L:/0.0.0.0:15077] INACTIVE
2024-06-08 17:12:41,538 [b8911061-d087-4ec2-bfc4-9091de9e538b-NettyServerStreamRpc-bossGroup--thread1] INFO  logging.LoggingHandler (AbstractInternalLogger.java:log(148)) - [id: 0xf4e2ac3d, L:/0.0.0.0:15077] UNREGISTERED
2024-06-08 17:12:41,549 [EventQueue-StaleNodeForStaleNodeHandler] INFO  node.StaleNodeHandler (StaleNodeHandler.java:onMessage(57)) - Datanode e3b50f59-81fe-4964-a90b-c9e3e207dda8(localhost/127.0.0.1) moved to stale state. Finalizing its pipelines [PipelineID=e13792a1-6aeb-4204-ab3e-4bd12810aed6, PipelineID=bd0ebd06-b004-4cdd-8910-455c3f752d2d, PipelineID=6f4cab86-66d2-4883-8d36-8c08ed623eb2, PipelineID=44a274a6-5941-4856-b500-4d484fef3cf3]
2024-06-08 17:12:41,550 [EventQueue-StaleNodeForStaleNodeHandler] INFO  pipeline.PipelineManagerImpl (PipelineManagerImpl.java:closeContainersForPipeline(484)) - Container #1 closed for pipeline=PipelineID=e13792a1-6aeb-4204-ab3e-4bd12810aed6
2024-06-08 17:12:41,550 [EventQueue-CloseContainerForCloseContainerEventHandler] INFO  container.CloseContainerEventHandler (CloseContainerEventHandler.java:onMessage(88)) - Close container Event triggered for container : #1, current state: CLOSING
2024-06-08 17:12:41,550 [EventQueue-StaleNodeForStaleNodeHandler] INFO  pipeline.PipelineManagerImpl (PipelineManagerImpl.java:closePipeline(518)) - Pipeline PipelineID=e13792a1-6aeb-4204-ab3e-4bd12810aed6 moved to CLOSED state
2024-06-08 17:12:41,550 [EventQueue-StaleNodeForStaleNodeHandler] INFO  pipeline.PipelineManagerImpl (PipelineManagerImpl.java:closePipeline(518)) - Pipeline PipelineID=bd0ebd06-b004-4cdd-8910-455c3f752d2d moved to CLOSED state
2024-06-08 17:12:41,551 [EventQueue-StaleNodeForStaleNodeHandler] INFO  pipeline.PipelineManagerImpl (PipelineManagerImpl.java:closePipeline(518)) - Pipeline PipelineID=6f4cab86-66d2-4883-8d36-8c08ed623eb2 moved to CLOSED state
2024-06-08 17:12:41,551 [EventQueue-StaleNodeForStaleNodeHandler] INFO  pipeline.PipelineManagerImpl (PipelineManagerImpl.java:closePipeline(518)) - Pipeline PipelineID=44a274a6-5941-4856-b500-4d484fef3cf3 moved to CLOSED state
2024-06-08 17:12:42,142 [b8911061-d087-4ec2-bfc4-9091de9e538b-impl-thread3] INFO  segmented.SegmentedRaftLogWorker (SegmentedRaftLogWorker.java:close(245)) - b8911061-d087-4ec2-bfc4-9091de9e538b@group-455C3F752D2D-SegmentedRaftLogWorker close()
2024-06-08 17:12:42,259 [b8911061-d087-4ec2-bfc4-9091de9e538b-impl-thread2] INFO  segmented.SegmentedRaftLogWorker (SegmentedRaftLogWorker.java:close(245)) - b8911061-d087-4ec2-bfc4-9091de9e538b@group-9D1B5707D807-SegmentedRaftLogWorker close()
2024-06-08 17:12:42,406 [b8911061-d087-4ec2-bfc4-9091de9e538b-impl-thread4] INFO  segmented.SegmentedRaftLogWorker (SegmentedRaftLogWorker.java:close(245)) - b8911061-d087-4ec2-bfc4-9091de9e538b@group-8C08ED623EB2-SegmentedRaftLogWorker close()
2024-06-08 17:12:42,504 [b8911061-d087-4ec2-bfc4-9091de9e538b-impl-thread1] INFO  segmented.SegmentedRaftLogWorker (SegmentedRaftLogWorker.java:close(245)) - b8911061-d087-4ec2-bfc4-9091de9e538b@group-4BD12810AED6-SegmentedRaftLogWorker close()
2024-06-08 17:12:42,504 [JvmPauseMonitor10] INFO  util.JvmPauseMonitor (JvmPauseMonitor.java:run(152)) - JvmPauseMonitor-b8911061-d087-4ec2-bfc4-9091de9e538b: Stopped
2024-06-08 17:12:43,519 [timer4] WARN  server.GrpcLogAppender (LogUtils.java:warn(121)) - b58efb8a-bcce-4b5c-ba4f-ff0c627932bf@group-4BD12810AED6->e3b50f59-81fe-4964-a90b-c9e3e207dda8-AppendLogResponseHandler: Failed appendEntries (Repeated 8 times in the last 5.000s): org.apache.ratis.thirdparty.io.grpc.StatusRuntimeException: UNAVAILABLE: io exception
2024-06-08 17:12:43,520 [timer5] WARN  server.GrpcLogAppender (GrpcLogAppender.java:lambda$resetClient$1(217)) - b58efb8a-bcce-4b5c-ba4f-ff0c627932bf@group-4BD12810AED6->e3b50f59-81fe-4964-a90b-c9e3e207dda8-GrpcLogAppender: Follower failed (request=null, errorCount=8); keep nextIndex (17) unchanged and retry. (Repeated 8 times in the last 5.001s)
2024-06-08 17:12:43,522 [timer6] WARN  server.GrpcLogAppender (GrpcLogAppender.java:lambda$resetClient$1(217)) - b8911061-d087-4ec2-bfc4-9091de9e538b@group-8C08ED623EB2->e3b50f59-81fe-4964-a90b-c9e3e207dda8-GrpcLogAppender: Follower failed (request=null, errorCount=6); keep nextIndex (1) unchanged and retry. (Repeated 6 times in the last 5.003s)
2024-06-08 17:12:43,523 [timer7] WARN  server.GrpcLogAppender (LogUtils.java:warn(121)) - b8911061-d087-4ec2-bfc4-9091de9e538b@group-8C08ED623EB2->e3b50f59-81fe-4964-a90b-c9e3e207dda8-AppendLogResponseHandler: Failed appendEntries (Repeated 6 times in the last 5.005s): org.apache.ratis.thirdparty.io.grpc.StatusRuntimeException: UNAVAILABLE: io exception
2024-06-08 17:12:44,248 [b58efb8a-bcce-4b5c-ba4f-ff0c627932bf@group-455C3F752D2D-FollowerState] INFO  impl.FollowerState (FollowerState.java:run(143)) - b58efb8a-bcce-4b5c-ba4f-ff0c627932bf@group-455C3F752D2D-FollowerState: change to CANDIDATE, lastRpcElapsedTime:7591955493ns, electionTimeout:5051ms
2024-06-08 17:12:44,248 [b58efb8a-bcce-4b5c-ba4f-ff0c627932bf@group-455C3F752D2D-FollowerState] INFO  impl.RoleInfo (RoleInfo.java:shutdownFollowerState(110)) - b58efb8a-bcce-4b5c-ba4f-ff0c627932bf: shutdown b58efb8a-bcce-4b5c-ba4f-ff0c627932bf@group-455C3F752D2D-FollowerState
2024-06-08 17:12:44,249 [b58efb8a-bcce-4b5c-ba4f-ff0c627932bf@group-455C3F752D2D-FollowerState] INFO  server.RaftServer$Division (RaftServerImpl.java:setRole(383)) - b58efb8a-bcce-4b5c-ba4f-ff0c627932bf@group-455C3F752D2D: changes role from  FOLLOWER to CANDIDATE at term 1 for changeToCandidate
2024-06-08 17:12:44,249 [b58efb8a-bcce-4b5c-ba4f-ff0c627932bf@group-455C3F752D2D-FollowerState] INFO  server.RaftServerConfigKeys (ConfUtils.java:logGet(46)) - raft.server.leaderelection.pre-vote = true (default)
2024-06-08 17:12:44,249 [b58efb8a-bcce-4b5c-ba4f-ff0c627932bf@group-455C3F752D2D-FollowerState] INFO  impl.RoleInfo (RoleInfo.java:updateAndGet(139)) - b58efb8a-bcce-4b5c-ba4f-ff0c627932bf: start b58efb8a-bcce-4b5c-ba4f-ff0c627932bf@group-455C3F752D2D-LeaderElection25
2024-06-08 17:12:44,249 [b58efb8a-bcce-4b5c-ba4f-ff0c627932bf@group-455C3F752D2D-LeaderElection25] INFO  server.RaftServer$Division (ServerState.java:setLeader(269)) - b58efb8a-bcce-4b5c-ba4f-ff0c627932bf@group-455C3F752D2D: change Leader from e3b50f59-81fe-4964-a90b-c9e3e207dda8 to null at term 1 for PRE_VOTE
2024-06-08 17:12:44,249 [b58efb8a-bcce-4b5c-ba4f-ff0c627932bf@group-455C3F752D2D-LeaderElection25] INFO  impl.LeaderElection (LeaderElection.java:askForVotes(321)) - b58efb8a-bcce-4b5c-ba4f-ff0c627932bf@group-455C3F752D2D-LeaderElection25 PRE_VOTE round 0: submit vote requests at term 1 for 0: peers:[b8911061-d087-4ec2-bfc4-9091de9e538b|127.0.0.1:15076, e3b50f59-81fe-4964-a90b-c9e3e207dda8|127.0.0.1:15067, b58efb8a-bcce-4b5c-ba4f-ff0c627932bf|127.0.0.1:15085]|listeners:[], old=null
2024-06-08 17:12:44,250 [b58efb8a-bcce-4b5c-ba4f-ff0c627932bf@group-455C3F752D2D-LeaderElection25] INFO  impl.LeaderElection (LogUtils.java:infoOrTrace(136)) - b58efb8a-bcce-4b5c-ba4f-ff0c627932bf@group-455C3F752D2D-LeaderElection25 got exception when requesting votes: java.util.concurrent.ExecutionException: org.apache.ratis.thirdparty.io.grpc.StatusRuntimeException: UNAVAILABLE: io exception
2024-06-08 17:12:44,250 [b58efb8a-bcce-4b5c-ba4f-ff0c627932bf@group-455C3F752D2D-LeaderElection25] INFO  impl.LeaderElection (LogUtils.java:infoOrTrace(136)) - b58efb8a-bcce-4b5c-ba4f-ff0c627932bf@group-455C3F752D2D-LeaderElection25 got exception when requesting votes: java.util.concurrent.ExecutionException: org.apache.ratis.thirdparty.io.grpc.StatusRuntimeException: UNAVAILABLE: io exception
2024-06-08 17:12:44,250 [b58efb8a-bcce-4b5c-ba4f-ff0c627932bf@group-455C3F752D2D-LeaderElection25] INFO  impl.LeaderElection (LeaderElection.java:logAndReturn(89)) - b58efb8a-bcce-4b5c-ba4f-ff0c627932bf@group-455C3F752D2D-LeaderElection25: PRE_VOTE REJECTED received 0 response(s) and 2 exception(s):
2024-06-08 17:12:44,250 [b58efb8a-bcce-4b5c-ba4f-ff0c627932bf@group-455C3F752D2D-LeaderElection25] INFO  impl.LeaderElection (LogUtils.java:infoOrTrace(136)) -   Exception 0: java.util.concurrent.ExecutionException: org.apache.ratis.thirdparty.io.grpc.StatusRuntimeException: UNAVAILABLE: io exception
2024-06-08 17:12:44,250 [b58efb8a-bcce-4b5c-ba4f-ff0c627932bf@group-455C3F752D2D-LeaderElection25] INFO  impl.LeaderElection (LogUtils.java:infoOrTrace(136)) -   Exception 1: java.util.concurrent.ExecutionException: org.apache.ratis.thirdparty.io.grpc.StatusRuntimeException: UNAVAILABLE: io exception
2024-06-08 17:12:44,250 [b58efb8a-bcce-4b5c-ba4f-ff0c627932bf@group-455C3F752D2D-LeaderElection25] INFO  impl.LeaderElection (LeaderElection.java:askForVotes(323)) - b58efb8a-bcce-4b5c-ba4f-ff0c627932bf@group-455C3F752D2D-LeaderElection25 PRE_VOTE round 0: result REJECTED
2024-06-08 17:12:44,250 [b58efb8a-bcce-4b5c-ba4f-ff0c627932bf@group-455C3F752D2D-LeaderElection25] INFO  server.RaftServer$Division (RaftServerImpl.java:setRole(383)) - b58efb8a-bcce-4b5c-ba4f-ff0c627932bf@group-455C3F752D2D: changes role from CANDIDATE to FOLLOWER at term 1 for REJECTED
2024-06-08 17:12:44,250 [b58efb8a-bcce-4b5c-ba4f-ff0c627932bf@group-455C3F752D2D-LeaderElection25] INFO  impl.RoleInfo (RoleInfo.java:shutdownLeaderElection(130)) - b58efb8a-bcce-4b5c-ba4f-ff0c627932bf: shutdown b58efb8a-bcce-4b5c-ba4f-ff0c627932bf@group-455C3F752D2D-LeaderElection25
2024-06-08 17:12:44,251 [b58efb8a-bcce-4b5c-ba4f-ff0c627932bf@group-455C3F752D2D-LeaderElection25] INFO  impl.RoleInfo (RoleInfo.java:updateAndGet(139)) - b58efb8a-bcce-4b5c-ba4f-ff0c627932bf: start b58efb8a-bcce-4b5c-ba4f-ff0c627932bf@group-455C3F752D2D-FollowerState
2024-06-08 17:12:44,474 [grpc-default-executor-0] WARN  server.GrpcLogAppender (LogUtils.java:warn(121)) - b58efb8a-bcce-4b5c-ba4f-ff0c627932bf@group-4BD12810AED6->e3b50f59-81fe-4964-a90b-c9e3e207dda8-AppendLogResponseHandler: Failed appendEntries: org.apache.ratis.thirdparty.io.grpc.StatusRuntimeException: UNAVAILABLE: io exception
2024-06-08 17:12:44,475 [grpc-default-executor-2] WARN  server.GrpcLogAppender (GrpcLogAppender.java:lambda$resetClient$1(217)) - b58efb8a-bcce-4b5c-ba4f-ff0c627932bf@group-4BD12810AED6->e3b50f59-81fe-4964-a90b-c9e3e207dda8-GrpcLogAppender: Follower failed (request=null, errorCount=9); keep nextIndex (18) unchanged and retry.
2024-06-08 17:12:44,478 [grpc-default-executor-0] WARN  server.GrpcLogAppender (GrpcLogAppender.java:lambda$resetClient$1(217)) - b58efb8a-bcce-4b5c-ba4f-ff0c627932bf@group-4BD12810AED6->b8911061-d087-4ec2-bfc4-9091de9e538b-GrpcLogAppender: Follower failed (request=null, errorCount=5); keep nextIndex (18) unchanged and retry.
2024-06-08 17:12:44,506 [main] INFO  utils.DatanodeStoreCache (DatanodeStoreCache.java:shutdownCache(116)) - Skip clearing cache in mini cluster mode. Entries left: [/home/runner/work/ozone/ozone/hadoop-ozone/integration-test/target/test-dir/MiniOzoneClusterImpl-6b59e386-941c-4981-b753-7806b34dbc05/ozone-meta/datanode-2/data-0/hdds/6b59e386-941c-4981-b753-7806b34dbc05/DS-a22b0c7d-ff61-4d23-81f5-5a73bfa2710f/container.db, /home/runner/work/ozone/ozone/hadoop-ozone/integration-test/target/test-dir/MiniOzoneClusterImpl-6b59e386-941c-4981-b753-7806b34dbc05/ozone-meta/datanode-3/data-0/hdds/6b59e386-941c-4981-b753-7806b34dbc05/DS-97c01086-debe-488b-9247-774c0e8f9834/container.db, /home/runner/work/ozone/ozone/hadoop-ozone/integration-test/target/test-dir/MiniOzoneClusterImpl-6b59e386-941c-4981-b753-7806b34dbc05/ozone-meta/datanode-4/data-0/hdds/6b59e386-941c-4981-b753-7806b34dbc05/DS-196276ef-1f62-4795-aeae-56a35f0688d3/container.db, /home/runner/work/ozone/ozone/hadoop-ozone/integration-test/target/test-dir/MiniOzoneClusterImpl-6b59e386-941c-4981-b753-7806b34dbc05/ozone-meta/datanode-5/data-0/hdds/6b59e386-941c-4981-b753-7806b34dbc05/DS-9c0d48b0-5ac7-475b-b179-4b482fe6b94c/container.db]
2024-06-08 17:12:44,507 [main] INFO  utils.DatanodeStoreCache (DatanodeStoreCache.java:removeDB(110)) - Removed db /home/runner/work/ozone/ozone/hadoop-ozone/integration-test/target/test-dir/MiniOzoneClusterImpl-6b59e386-941c-4981-b753-7806b34dbc05/ozone-meta/datanode-2/data-0/hdds/6b59e386-941c-4981-b753-7806b34dbc05/DS-a22b0c7d-ff61-4d23-81f5-5a73bfa2710f/container.db from cache
2024-06-08 17:12:44,507 [main] INFO  volume.HddsVolume (HddsVolume.java:closeDbStore(470)) - SchemaV3 db is stopped at /home/runner/work/ozone/ozone/hadoop-ozone/integration-test/target/test-dir/MiniOzoneClusterImpl-6b59e386-941c-4981-b753-7806b34dbc05/ozone-meta/datanode-2/data-0/hdds/6b59e386-941c-4981-b753-7806b34dbc05/DS-a22b0c7d-ff61-4d23-81f5-5a73bfa2710f/container.db for volume DS-a22b0c7d-ff61-4d23-81f5-5a73bfa2710f
2024-06-08 17:12:44,508 [main] INFO  utils.BackgroundService (BackgroundService.java:shutdown(160)) - Shutting down service BlockDeletingService
2024-06-08 17:12:44,508 [main] INFO  utils.BackgroundService (BackgroundService.java:shutdown(160)) - Shutting down service StaleRecoveringContainerScrubbingService
2024-06-08 17:12:44,508 [main] INFO  statemachine.DatanodeStateMachine (DatanodeStateMachine.java:stopDaemon(638)) - Ozone container server stopped.
2024-06-08 17:12:44,509 [main] INFO  handler.ContextHandler (ContextHandler.java:doStop(1159)) - Stopped o.e.j.w.WebAppContext@17aadd1c{hddsDatanode,/,null,STOPPED}{file:/home/runner/work/ozone/ozone/hadoop-hdds/container-service/target/classes/webapps/hddsDatanode}
2024-06-08 17:12:44,509 [main] INFO  server.AbstractConnector (AbstractConnector.java:doStop(383)) - Stopped ServerConnector@5cf24f99{HTTP/1.1, (http/1.1)}{0.0.0.0:15071}
2024-06-08 17:12:44,509 [main] INFO  server.session (HouseKeeper.java:stopScavenging(149)) - node0 Stopped scavenging
2024-06-08 17:12:44,510 [main] INFO  handler.ContextHandler (ContextHandler.java:doStop(1159)) - Stopped o.e.j.s.ServletContextHandler@5b4f77e1{static,/static,file:///home/runner/work/ozone/ozone/hadoop-hdds/container-service/target/classes/webapps/static,STOPPED}
2024-06-08 17:12:44,510 [main] INFO  handler.ContextHandler (ContextHandler.java:doStop(1159)) - Stopped o.e.j.s.ServletContextHandler@69b96cd{logs,/logs,file:///home/runner/work/ozone/ozone/hadoop-ozone/integration-test/target/log,STOPPED}
2024-06-08 17:12:44,510 [main] INFO  ozone.HddsDatanodeClientProtocolServer (HddsDatanodeClientProtocolServer.java:stop(83)) - Stopping the RPC server for Client Protocol
2024-06-08 17:12:44,511 [main] INFO  ipc.Server (Server.java:stop(3523)) - Stopping server on 15072
2024-06-08 17:12:44,511 [IPC Server Responder] INFO  ipc.Server (Server.java:run(1567)) - Stopping IPC Server Responder
2024-06-08 17:12:44,511 [IPC Server listener on 15072] INFO  ipc.Server (Server.java:run(1434)) - Stopping IPC Server listener on 15072
17:12:44.515 [b58efb8a-bcce-4b5c-ba4f-ff0c627932bf-client-thread1] ERROR DNAudit - user=null | ip=null | op=WRITE_CHUNK {blockData=conID: 1 locID: 113750153625600001 bcsId: 14, blockDataSize=100} | ret=FAILURE
org.apache.hadoop.hdds.scm.container.common.helpers.ContainerNotOpenException: Container 1 in CLOSING state
	at org.apache.hadoop.ozone.container.common.impl.HddsDispatcher.validateContainerCommand(HddsDispatcher.java:559) ~[classes/:?]
	at org.apache.hadoop.ozone.container.common.transport.server.ratis.ContainerStateMachine.startTransaction(ContainerStateMachine.java:415) ~[classes/:?]
	at org.apache.ratis.server.impl.RaftServerImpl.writeAsync(RaftServerImpl.java:953) ~[ratis-server-3.0.1.jar:3.0.1]
	at org.apache.ratis.server.impl.RaftServerImpl.replyFuture(RaftServerImpl.java:931) ~[ratis-server-3.0.1.jar:3.0.1]
	at org.apache.ratis.server.impl.RaftServerImpl.submitClientRequestAsync(RaftServerImpl.java:908) ~[ratis-server-3.0.1.jar:3.0.1]
	at org.apache.ratis.server.impl.RaftServerImpl.lambda$null$13(RaftServerImpl.java:897) ~[ratis-server-3.0.1.jar:3.0.1]
	at org.apache.ratis.util.JavaUtils.callAsUnchecked(JavaUtils.java:118) ~[ratis-common-3.0.1.jar:3.0.1]
	at org.apache.ratis.server.impl.RaftServerImpl.lambda$executeSubmitClientRequestAsync$14(RaftServerImpl.java:897) ~[ratis-server-3.0.1.jar:3.0.1]
	at java.util.concurrent.CompletableFuture$AsyncSupply.run(CompletableFuture.java:1768) [?:?]
	at java.util.concurrent.ThreadPoolExecutor.runWorker(ThreadPoolExecutor.java:1136) [?:?]
	at java.util.concurrent.ThreadPoolExecutor$Worker.run(ThreadPoolExecutor.java:635) [?:?]
	at java.lang.Thread.run(Thread.java:840) [?:?]
2024-06-08 17:12:44,526 [grpc-default-executor-0] ERROR impl.OrderedAsync (OrderedAsync.java:lambda$send$4(179)) - Failed to send request, message=cmdType: WriteChunk
traceID: ""
containerID: 1
datanodeUuid: "e3b50f59-81fe-4964-a90b-c9e3e207dda8"
writeChunk {
  blockID {
    containerID: 1
    localID: 113750153625600001
    blockCommitSequenceId: 14
    replicaIndex: 0
  }
  chunkData {
    chunkName: "113750153625600001_chunk_6"
    offset: 500
    len: 100
    checksumData {
      type: NONE
      bytesPerChecksum: 16384
    }
  }
}
, data.size=100
java.util.concurrent.CompletionException: org.apache.ratis.protocol.exceptions.StateMachineException: org.apache.hadoop.hdds.scm.container.common.helpers.ContainerNotOpenException from Server b58efb8a-bcce-4b5c-ba4f-ff0c627932bf@group-4BD12810AED6: Container 1 in CLOSING state
	at org.apache.ratis.client.impl.RaftClientImpl.handleRaftException(RaftClientImpl.java:374)
	at org.apache.ratis.client.impl.OrderedAsync.lambda$send$3(OrderedAsync.java:173)
	at java.base/java.util.concurrent.CompletableFuture$UniApply.tryFire(CompletableFuture.java:646)
	at java.base/java.util.concurrent.CompletableFuture.postComplete(CompletableFuture.java:510)
	at java.base/java.util.concurrent.CompletableFuture.complete(CompletableFuture.java:2147)
	at org.apache.ratis.client.impl.OrderedAsync$PendingOrderedRequest.setReply(OrderedAsync.java:99)
	at org.apache.ratis.client.impl.OrderedAsync$PendingOrderedRequest.setReply(OrderedAsync.java:60)
	at org.apache.ratis.util.SlidingWindow$RequestMap.setReply(SlidingWindow.java:144)
	at org.apache.ratis.util.SlidingWindow$Client.receiveReply(SlidingWindow.java:348)
	at org.apache.ratis.client.impl.OrderedAsync.lambda$sendRequest$8(OrderedAsync.java:243)
	at java.base/java.util.concurrent.CompletableFuture$UniApply.tryFire(CompletableFuture.java:646)
	at java.base/java.util.concurrent.CompletableFuture.postComplete(CompletableFuture.java:510)
	at java.base/java.util.concurrent.CompletableFuture.complete(CompletableFuture.java:2147)
	at org.apache.ratis.grpc.client.GrpcClientProtocolClient$AsyncStreamObservers$1.lambda$onNext$0(GrpcClientProtocolClient.java:322)
	at java.base/java.util.Optional.ifPresent(Optional.java:178)
	at org.apache.ratis.grpc.client.GrpcClientProtocolClient$AsyncStreamObservers.handleReplyFuture(GrpcClientProtocolClient.java:378)
	at org.apache.ratis.grpc.client.GrpcClientProtocolClient$AsyncStreamObservers.access$100(GrpcClientProtocolClient.java:300)
	at org.apache.ratis.grpc.client.GrpcClientProtocolClient$AsyncStreamObservers$1.onNext(GrpcClientProtocolClient.java:322)
	at org.apache.ratis.grpc.client.GrpcClientProtocolClient$AsyncStreamObservers$1.onNext(GrpcClientProtocolClient.java:305)
	at org.apache.ratis.thirdparty.io.grpc.stub.ClientCalls$StreamObserverToCallListenerAdapter.onMessage(ClientCalls.java:468)
	at org.apache.ratis.thirdparty.io.grpc.ForwardingClientCallListener.onMessage(ForwardingClientCallListener.java:33)
	at org.apache.ratis.thirdparty.io.grpc.internal.DelayedClientCall$DelayedListener.onMessage(DelayedClientCall.java:473)
	at org.apache.ratis.thirdparty.io.grpc.internal.ClientCallImpl$ClientStreamListenerImpl$1MessagesAvailable.runInternal(ClientCallImpl.java:660)
	at org.apache.ratis.thirdparty.io.grpc.internal.ClientCallImpl$ClientStreamListenerImpl$1MessagesAvailable.runInContext(ClientCallImpl.java:647)
	at org.apache.ratis.thirdparty.io.grpc.internal.ContextRunnable.run(ContextRunnable.java:37)
	at org.apache.ratis.thirdparty.io.grpc.internal.SerializingExecutor.run(SerializingExecutor.java:133)
	at java.base/java.util.concurrent.ThreadPoolExecutor.runWorker(ThreadPoolExecutor.java:1136)
	at java.base/java.util.concurrent.ThreadPoolExecutor$Worker.run(ThreadPoolExecutor.java:635)
	at java.base/java.lang.Thread.run(Thread.java:840)
Caused by: org.apache.ratis.protocol.exceptions.StateMachineException: org.apache.hadoop.hdds.scm.container.common.helpers.ContainerNotOpenException from Server b58efb8a-bcce-4b5c-ba4f-ff0c627932bf@group-4BD12810AED6: Container 1 in CLOSING state
	at org.apache.hadoop.ozone.container.common.impl.HddsDispatcher.validateContainerCommand(HddsDispatcher.java:559)
	at org.apache.hadoop.ozone.container.common.transport.server.ratis.ContainerStateMachine.startTransaction(ContainerStateMachine.java:415)
	at org.apache.ratis.server.impl.RaftServerImpl.writeAsync(RaftServerImpl.java:953)
	at org.apache.ratis.server.impl.RaftServerImpl.replyFuture(RaftServerImpl.java:931)
	at org.apache.ratis.server.impl.RaftServerImpl.submitClientRequestAsync(RaftServerImpl.java:908)
	at org.apache.ratis.server.impl.RaftServerImpl.lambda$null$13(RaftServerImpl.java:897)
	at org.apache.ratis.util.JavaUtils.callAsUnchecked(JavaUtils.java:118)
	at org.apache.ratis.server.impl.RaftServerImpl.lambda$executeSubmitClientRequestAsync$14(RaftServerImpl.java:897)
	at java.base/java.util.concurrent.CompletableFuture$AsyncSupply.run(CompletableFuture.java:1768)
	... 3 more
Caused by: org.apache.hadoop.hdds.scm.container.common.helpers.ContainerNotOpenException: Container 1 in CLOSING state
	at java.base/jdk.internal.reflect.NativeConstructorAccessorImpl.newInstance0(Native Method)
	at java.base/jdk.internal.reflect.NativeConstructorAccessorImpl.newInstance(NativeConstructorAccessorImpl.java:77)
	at java.base/jdk.internal.reflect.DelegatingConstructorAccessorImpl.newInstance(DelegatingConstructorAccessorImpl.java:45)
	at java.base/java.lang.reflect.Constructor.newInstanceWithCaller(Constructor.java:499)
	at java.base/java.lang.reflect.Constructor.newInstance(Constructor.java:480)
	at org.apache.ratis.util.ReflectionUtils.instantiateException(ReflectionUtils.java:259)
	at org.apache.ratis.client.impl.ClientProtoUtils.toStateMachineException(ClientProtoUtils.java:449)
	at org.apache.ratis.client.impl.ClientProtoUtils.toStateMachineException(ClientProtoUtils.java:435)
	at org.apache.ratis.client.impl.ClientProtoUtils.toRaftClientReply(ClientProtoUtils.java:402)
	at org.apache.ratis.grpc.client.GrpcClientProtocolClient$AsyncStreamObservers$1.onNext(GrpcClientProtocolClient.java:310)
	at org.apache.ratis.grpc.client.GrpcClientProtocolClient$AsyncStreamObservers$1.onNext(GrpcClientProtocolClient.java:305)
	at org.apache.ratis.thirdparty.io.grpc.stub.ClientCalls$StreamObserverToCallListenerAdapter.onMessage(ClientCalls.java:468)
	at org.apache.ratis.thirdparty.io.grpc.ForwardingClientCallListener.onMessage(ForwardingClientCallListener.java:33)
	at org.apache.ratis.thirdparty.io.grpc.internal.DelayedClientCall$DelayedListener.onMessage(DelayedClientCall.java:473)
	at org.apache.ratis.thirdparty.io.grpc.internal.ClientCallImpl$ClientStreamListenerImpl$1MessagesAvailable.runInternal(ClientCallImpl.java:660)
	at org.apache.ratis.thirdparty.io.grpc.internal.ClientCallImpl$ClientStreamListenerImpl$1MessagesAvailable.runInContext(ClientCallImpl.java:647)
	at org.apache.ratis.thirdparty.io.grpc.internal.ContextRunnable.run(ContextRunnable.java:37)
	at org.apache.ratis.thirdparty.io.grpc.internal.SerializingExecutor.run(SerializingExecutor.java:133)
	... 3 more
17:12:44.527 [b58efb8a-bcce-4b5c-ba4f-ff0c627932bf-client-thread1] ERROR DNAudit - user=null | ip=null | op=WRITE_CHUNK {blockData=conID: 1 locID: 113750153625600001 bcsId: 14, blockDataSize=100} | ret=FAILURE
org.apache.hadoop.hdds.scm.container.common.helpers.ContainerNotOpenException: Container 1 in CLOSING state
	at org.apache.hadoop.ozone.container.common.impl.HddsDispatcher.validateContainerCommand(HddsDispatcher.java:559) ~[classes/:?]
	at org.apache.hadoop.ozone.container.common.transport.server.ratis.ContainerStateMachine.startTransaction(ContainerStateMachine.java:415) ~[classes/:?]
	at org.apache.ratis.server.impl.RaftServerImpl.writeAsync(RaftServerImpl.java:953) ~[ratis-server-3.0.1.jar:3.0.1]
	at org.apache.ratis.server.impl.RaftServerImpl.replyFuture(RaftServerImpl.java:931) ~[ratis-server-3.0.1.jar:3.0.1]
	at org.apache.ratis.server.impl.RaftServerImpl.submitClientRequestAsync(RaftServerImpl.java:908) ~[ratis-server-3.0.1.jar:3.0.1]
	at org.apache.ratis.server.impl.RaftServerImpl.lambda$null$13(RaftServerImpl.java:897) ~[ratis-server-3.0.1.jar:3.0.1]
	at org.apache.ratis.util.JavaUtils.callAsUnchecked(JavaUtils.java:118) ~[ratis-common-3.0.1.jar:3.0.1]
	at org.apache.ratis.server.impl.RaftServerImpl.lambda$executeSubmitClientRequestAsync$14(RaftServerImpl.java:897) ~[ratis-server-3.0.1.jar:3.0.1]
	at java.util.concurrent.CompletableFuture$AsyncSupply.run(CompletableFuture.java:1768) [?:?]
	at java.util.concurrent.ThreadPoolExecutor.runWorker(ThreadPoolExecutor.java:1136) [?:?]
	at java.util.concurrent.ThreadPoolExecutor$Worker.run(ThreadPoolExecutor.java:635) [?:?]
	at java.lang.Thread.run(Thread.java:840) [?:?]
2024-06-08 17:12:44,529 [grpc-default-executor-0] ERROR impl.OrderedAsync (OrderedAsync.java:lambda$send$4(179)) - Failed to send request, message=cmdType: WriteChunk
traceID: ""
containerID: 1
datanodeUuid: "e3b50f59-81fe-4964-a90b-c9e3e207dda8"
writeChunk {
  blockID {
    containerID: 1
    localID: 113750153625600001
    blockCommitSequenceId: 14
    replicaIndex: 0
  }
  chunkData {
    chunkName: "113750153625600001_chunk_7"
    offset: 600
    len: 100
    checksumData {
      type: NONE
      bytesPerChecksum: 16384
    }
  }
}
, data.size=100
java.util.concurrent.CompletionException: org.apache.ratis.protocol.exceptions.StateMachineException: org.apache.hadoop.hdds.scm.container.common.helpers.ContainerNotOpenException from Server b58efb8a-bcce-4b5c-ba4f-ff0c627932bf@group-4BD12810AED6: Container 1 in CLOSING state
	at org.apache.ratis.client.impl.RaftClientImpl.handleRaftException(RaftClientImpl.java:374)
	at org.apache.ratis.client.impl.OrderedAsync.lambda$send$3(OrderedAsync.java:173)
	at java.base/java.util.concurrent.CompletableFuture$UniApply.tryFire(CompletableFuture.java:646)
	at java.base/java.util.concurrent.CompletableFuture.postComplete(CompletableFuture.java:510)
	at java.base/java.util.concurrent.CompletableFuture.complete(CompletableFuture.java:2147)
	at org.apache.ratis.client.impl.OrderedAsync$PendingOrderedRequest.setReply(OrderedAsync.java:99)
	at org.apache.ratis.client.impl.OrderedAsync$PendingOrderedRequest.setReply(OrderedAsync.java:60)
	at org.apache.ratis.util.SlidingWindow$RequestMap.setReply(SlidingWindow.java:144)
	at org.apache.ratis.util.SlidingWindow$Client.receiveReply(SlidingWindow.java:348)
	at org.apache.ratis.client.impl.OrderedAsync.lambda$sendRequest$8(OrderedAsync.java:243)
	at java.base/java.util.concurrent.CompletableFuture$UniApply.tryFire(CompletableFuture.java:646)
	at java.base/java.util.concurrent.CompletableFuture.postComplete(CompletableFuture.java:510)
	at java.base/java.util.concurrent.CompletableFuture.complete(CompletableFuture.java:2147)
	at org.apache.ratis.grpc.client.GrpcClientProtocolClient$AsyncStreamObservers$1.lambda$onNext$0(GrpcClientProtocolClient.java:322)
	at java.base/java.util.Optional.ifPresent(Optional.java:178)
	at org.apache.ratis.grpc.client.GrpcClientProtocolClient$AsyncStreamObservers.handleReplyFuture(GrpcClientProtocolClient.java:378)
	at org.apache.ratis.grpc.client.GrpcClientProtocolClient$AsyncStreamObservers.access$100(GrpcClientProtocolClient.java:300)
	at org.apache.ratis.grpc.client.GrpcClientProtocolClient$AsyncStreamObservers$1.onNext(GrpcClientProtocolClient.java:322)
	at org.apache.ratis.grpc.client.GrpcClientProtocolClient$AsyncStreamObservers$1.onNext(GrpcClientProtocolClient.java:305)
	at org.apache.ratis.thirdparty.io.grpc.stub.ClientCalls$StreamObserverToCallListenerAdapter.onMessage(ClientCalls.java:468)
	at org.apache.ratis.thirdparty.io.grpc.ForwardingClientCallListener.onMessage(ForwardingClientCallListener.java:33)
	at org.apache.ratis.thirdparty.io.grpc.internal.DelayedClientCall$DelayedListener.onMessage(DelayedClientCall.java:473)
	at org.apache.ratis.thirdparty.io.grpc.internal.ClientCallImpl$ClientStreamListenerImpl$1MessagesAvailable.runInternal(ClientCallImpl.java:660)
	at org.apache.ratis.thirdparty.io.grpc.internal.ClientCallImpl$ClientStreamListenerImpl$1MessagesAvailable.runInContext(ClientCallImpl.java:647)
	at org.apache.ratis.thirdparty.io.grpc.internal.ContextRunnable.run(ContextRunnable.java:37)
	at org.apache.ratis.thirdparty.io.grpc.internal.SerializingExecutor.run(SerializingExecutor.java:133)
	at java.base/java.util.concurrent.ThreadPoolExecutor.runWorker(ThreadPoolExecutor.java:1136)
	at java.base/java.util.concurrent.ThreadPoolExecutor$Worker.run(ThreadPoolExecutor.java:635)
	at java.base/java.lang.Thread.run(Thread.java:840)
Caused by: org.apache.ratis.protocol.exceptions.StateMachineException: org.apache.hadoop.hdds.scm.container.common.helpers.ContainerNotOpenException from Server b58efb8a-bcce-4b5c-ba4f-ff0c627932bf@group-4BD12810AED6: Container 1 in CLOSING state
	at org.apache.hadoop.ozone.container.common.impl.HddsDispatcher.validateContainerCommand(HddsDispatcher.java:559)
	at org.apache.hadoop.ozone.container.common.transport.server.ratis.ContainerStateMachine.startTransaction(ContainerStateMachine.java:415)
	at org.apache.ratis.server.impl.RaftServerImpl.writeAsync(RaftServerImpl.java:953)
	at org.apache.ratis.server.impl.RaftServerImpl.replyFuture(RaftServerImpl.java:931)
	at org.apache.ratis.server.impl.RaftServerImpl.submitClientRequestAsync(RaftServerImpl.java:908)
	at org.apache.ratis.server.impl.RaftServerImpl.lambda$null$13(RaftServerImpl.java:897)
	at org.apache.ratis.util.JavaUtils.callAsUnchecked(JavaUtils.java:118)
	at org.apache.ratis.server.impl.RaftServerImpl.lambda$executeSubmitClientRequestAsync$14(RaftServerImpl.java:897)
	at java.base/java.util.concurrent.CompletableFuture$AsyncSupply.run(CompletableFuture.java:1768)
	... 3 more
Caused by: org.apache.hadoop.hdds.scm.container.common.helpers.ContainerNotOpenException: Container 1 in CLOSING state
	at java.base/jdk.internal.reflect.NativeConstructorAccessorImpl.newInstance0(Native Method)
	at java.base/jdk.internal.reflect.NativeConstructorAccessorImpl.newInstance(NativeConstructorAccessorImpl.java:77)
	at java.base/jdk.internal.reflect.DelegatingConstructorAccessorImpl.newInstance(DelegatingConstructorAccessorImpl.java:45)
	at java.base/java.lang.reflect.Constructor.newInstanceWithCaller(Constructor.java:499)
	at java.base/java.lang.reflect.Constructor.newInstance(Constructor.java:480)
	at org.apache.ratis.util.ReflectionUtils.instantiateException(ReflectionUtils.java:259)
	at org.apache.ratis.client.impl.ClientProtoUtils.toStateMachineException(ClientProtoUtils.java:449)
	at org.apache.ratis.client.impl.ClientProtoUtils.toStateMachineException(ClientProtoUtils.java:435)
	at org.apache.ratis.client.impl.ClientProtoUtils.toRaftClientReply(ClientProtoUtils.java:402)
	at org.apache.ratis.grpc.client.GrpcClientProtocolClient$AsyncStreamObservers$1.onNext(GrpcClientProtocolClient.java:310)
	at org.apache.ratis.grpc.client.GrpcClientProtocolClient$AsyncStreamObservers$1.onNext(GrpcClientProtocolClient.java:305)
	at org.apache.ratis.thirdparty.io.grpc.stub.ClientCalls$StreamObserverToCallListenerAdapter.onMessage(ClientCalls.java:468)
	at org.apache.ratis.thirdparty.io.grpc.ForwardingClientCallListener.onMessage(ForwardingClientCallListener.java:33)
	at org.apache.ratis.thirdparty.io.grpc.internal.DelayedClientCall$DelayedListener.onMessage(DelayedClientCall.java:473)
	at org.apache.ratis.thirdparty.io.grpc.internal.ClientCallImpl$ClientStreamListenerImpl$1MessagesAvailable.runInternal(ClientCallImpl.java:660)
	at org.apache.ratis.thirdparty.io.grpc.internal.ClientCallImpl$ClientStreamListenerImpl$1MessagesAvailable.runInContext(ClientCallImpl.java:647)
	at org.apache.ratis.thirdparty.io.grpc.internal.ContextRunnable.run(ContextRunnable.java:37)
	at org.apache.ratis.thirdparty.io.grpc.internal.SerializingExecutor.run(SerializingExecutor.java:133)
	... 3 more
17:12:44.529 [b58efb8a-bcce-4b5c-ba4f-ff0c627932bf-client-thread1] ERROR DNAudit - user=null | ip=null | op=PUT_BLOCK {blockData=[blockId=conID: 1 locID: 113750153625600001 bcsId: 0, size=700]} | ret=FAILURE
org.apache.hadoop.hdds.scm.container.common.helpers.ContainerNotOpenException: Container 1 in CLOSING state
	at org.apache.hadoop.ozone.container.common.impl.HddsDispatcher.validateContainerCommand(HddsDispatcher.java:559) ~[classes/:?]
	at org.apache.hadoop.ozone.container.common.transport.server.ratis.ContainerStateMachine.startTransaction(ContainerStateMachine.java:415) ~[classes/:?]
	at org.apache.ratis.server.impl.RaftServerImpl.writeAsync(RaftServerImpl.java:953) ~[ratis-server-3.0.1.jar:3.0.1]
	at org.apache.ratis.server.impl.RaftServerImpl.replyFuture(RaftServerImpl.java:931) ~[ratis-server-3.0.1.jar:3.0.1]
	at org.apache.ratis.server.impl.RaftServerImpl.submitClientRequestAsync(RaftServerImpl.java:908) ~[ratis-server-3.0.1.jar:3.0.1]
	at org.apache.ratis.server.impl.RaftServerImpl.lambda$null$13(RaftServerImpl.java:897) ~[ratis-server-3.0.1.jar:3.0.1]
	at org.apache.ratis.util.JavaUtils.callAsUnchecked(JavaUtils.java:118) ~[ratis-common-3.0.1.jar:3.0.1]
	at org.apache.ratis.server.impl.RaftServerImpl.lambda$executeSubmitClientRequestAsync$14(RaftServerImpl.java:897) ~[ratis-server-3.0.1.jar:3.0.1]
	at java.util.concurrent.CompletableFuture$AsyncSupply.run(CompletableFuture.java:1768) [?:?]
	at java.util.concurrent.ThreadPoolExecutor.runWorker(ThreadPoolExecutor.java:1136) [?:?]
	at java.util.concurrent.ThreadPoolExecutor$Worker.run(ThreadPoolExecutor.java:635) [?:?]
	at java.lang.Thread.run(Thread.java:840) [?:?]
17:12:44.530 [b58efb8a-bcce-4b5c-ba4f-ff0c627932bf-client-thread2] ERROR DNAudit - user=null | ip=null | op=WRITE_CHUNK {blockData=conID: 1 locID: 113750153625600001 bcsId: 14, blockDataSize=100} | ret=FAILURE
org.apache.hadoop.hdds.scm.container.common.helpers.ContainerNotOpenException: Container 1 in CLOSING state
	at org.apache.hadoop.ozone.container.common.impl.HddsDispatcher.validateContainerCommand(HddsDispatcher.java:559) ~[classes/:?]
	at org.apache.hadoop.ozone.container.common.transport.server.ratis.ContainerStateMachine.startTransaction(ContainerStateMachine.java:415) ~[classes/:?]
	at org.apache.ratis.server.impl.RaftServerImpl.writeAsync(RaftServerImpl.java:953) ~[ratis-server-3.0.1.jar:3.0.1]
	at org.apache.ratis.server.impl.RaftServerImpl.replyFuture(RaftServerImpl.java:931) ~[ratis-server-3.0.1.jar:3.0.1]
	at org.apache.ratis.server.impl.RaftServerImpl.submitClientRequestAsync(RaftServerImpl.java:908) ~[ratis-server-3.0.1.jar:3.0.1]
	at org.apache.ratis.server.impl.RaftServerImpl.lambda$null$13(RaftServerImpl.java:897) ~[ratis-server-3.0.1.jar:3.0.1]
	at org.apache.ratis.util.JavaUtils.callAsUnchecked(JavaUtils.java:118) ~[ratis-common-3.0.1.jar:3.0.1]
	at org.apache.ratis.server.impl.RaftServerImpl.lambda$executeSubmitClientRequestAsync$14(RaftServerImpl.java:897) ~[ratis-server-3.0.1.jar:3.0.1]
	at java.util.concurrent.CompletableFuture$AsyncSupply.run(CompletableFuture.java:1768) [?:?]
	at java.util.concurrent.ThreadPoolExecutor.runWorker(ThreadPoolExecutor.java:1136) [?:?]
	at java.util.concurrent.ThreadPoolExecutor$Worker.run(ThreadPoolExecutor.java:635) [?:?]
	at java.lang.Thread.run(Thread.java:840) [?:?]
17:12:44.532 [b58efb8a-bcce-4b5c-ba4f-ff0c627932bf-client-thread2] ERROR DNAudit - user=null | ip=null | op=PUT_BLOCK {blockData=[blockId=conID: 1 locID: 113750153625600001 bcsId: 0, size=800]} | ret=FAILURE
org.apache.hadoop.hdds.scm.container.common.helpers.ContainerNotOpenException: Container 1 in CLOSING state
	at org.apache.hadoop.ozone.container.common.impl.HddsDispatcher.validateContainerCommand(HddsDispatcher.java:559) ~[classes/:?]
	at org.apache.hadoop.ozone.container.common.transport.server.ratis.ContainerStateMachine.startTransaction(ContainerStateMachine.java:415) ~[classes/:?]
	at org.apache.ratis.server.impl.RaftServerImpl.writeAsync(RaftServerImpl.java:953) ~[ratis-server-3.0.1.jar:3.0.1]
	at org.apache.ratis.server.impl.RaftServerImpl.replyFuture(RaftServerImpl.java:931) ~[ratis-server-3.0.1.jar:3.0.1]
	at org.apache.ratis.server.impl.RaftServerImpl.submitClientRequestAsync(RaftServerImpl.java:908) ~[ratis-server-3.0.1.jar:3.0.1]
	at org.apache.ratis.server.impl.RaftServerImpl.lambda$null$13(RaftServerImpl.java:897) ~[ratis-server-3.0.1.jar:3.0.1]
	at org.apache.ratis.util.JavaUtils.callAsUnchecked(JavaUtils.java:118) ~[ratis-common-3.0.1.jar:3.0.1]
	at org.apache.ratis.server.impl.RaftServerImpl.lambda$executeSubmitClientRequestAsync$14(RaftServerImpl.java:897) ~[ratis-server-3.0.1.jar:3.0.1]
	at java.util.concurrent.CompletableFuture$AsyncSupply.run(CompletableFuture.java:1768) [?:?]
	at java.util.concurrent.ThreadPoolExecutor.runWorker(ThreadPoolExecutor.java:1136) [?:?]
	at java.util.concurrent.ThreadPoolExecutor$Worker.run(ThreadPoolExecutor.java:635) [?:?]
	at java.lang.Thread.run(Thread.java:840) [?:?]
2024-06-08 17:12:44,533 [grpc-default-executor-0] ERROR impl.OrderedAsync (OrderedAsync.java:lambda$send$4(179)) - Failed to send request, message=cmdType: PutBlock
traceID: ""
containerID: 1
datanodeUuid: "e3b50f59-81fe-4964-a90b-c9e3e207dda8"
putBlock {
  blockData {
    blockID {
      containerID: 1
      localID: 113750153625600001
      blockCommitSequenceId: 0
    }
    metadata {
      key: "TYPE"
      value: "KEY"
    }
    chunks {
      chunkName: "113750153625600001_chunk_1"
      offset: 0
      len: 100
      checksumData {
        type: NONE
        bytesPerChecksum: 16384
      }
    }
    chunks {
      chunkName: "113750153625600001_chunk_2"
      offset: 100
      len: 100
      checksumData {
        type: NONE
        bytesPerChecksum: 16384
      }
    }
    chunks {
      chunkName: "113750153625600001_chunk_3"
      offset: 200
      len: 100
      checksumData {
        type: NONE
        bytesPerChecksum: 16384
      }
    }
    chunks {
      chunkName: "113750153625600001_chunk_4"
      offset: 300
      len: 100
      checksumData {
        type: NONE
        bytesPerChecksum: 16384
      }
    }
    chunks {
      chunkName: "113750153625600001_chunk_5"
      offset: 400
      len: 100
      checksumData {
        type: NONE
        bytesPerChecksum: 16384
      }
    }
    chunks {
      chunkName: "113750153625600001_chunk_6"
      offset: 500
      len: 100
      checksumData {
        type: NONE
        bytesPerChecksum: 16384
      }
    }
    chunks {
      chunkName: "113750153625600001_chunk_7"
      offset: 600
      len: 100
      checksumData {
        type: NONE
        bytesPerChecksum: 16384
      }
    }
  }
  eof: false
}
, data.size=0
java.util.concurrent.CompletionException: org.apache.ratis.protocol.exceptions.StateMachineException: org.apache.hadoop.hdds.scm.container.common.helpers.ContainerNotOpenException from Server b58efb8a-bcce-4b5c-ba4f-ff0c627932bf@group-4BD12810AED6: Container 1 in CLOSING state
	at org.apache.ratis.client.impl.RaftClientImpl.handleRaftException(RaftClientImpl.java:374)
	at org.apache.ratis.client.impl.OrderedAsync.lambda$send$3(OrderedAsync.java:173)
	at java.base/java.util.concurrent.CompletableFuture$UniApply.tryFire(CompletableFuture.java:646)
	at java.base/java.util.concurrent.CompletableFuture.postComplete(CompletableFuture.java:510)
	at java.base/java.util.concurrent.CompletableFuture.complete(CompletableFuture.java:2147)
	at org.apache.ratis.client.impl.OrderedAsync$PendingOrderedRequest.setReply(OrderedAsync.java:99)
	at org.apache.ratis.client.impl.OrderedAsync$PendingOrderedRequest.setReply(OrderedAsync.java:60)
	at org.apache.ratis.util.SlidingWindow$RequestMap.setReply(SlidingWindow.java:144)
	at org.apache.ratis.util.SlidingWindow$Client.receiveReply(SlidingWindow.java:348)
	at org.apache.ratis.client.impl.OrderedAsync.lambda$sendRequest$8(OrderedAsync.java:243)
	at java.base/java.util.concurrent.CompletableFuture$UniApply.tryFire(CompletableFuture.java:646)
	at java.base/java.util.concurrent.CompletableFuture.postComplete(CompletableFuture.java:510)
	at java.base/java.util.concurrent.CompletableFuture.complete(CompletableFuture.java:2147)
	at org.apache.ratis.grpc.client.GrpcClientProtocolClient$AsyncStreamObservers$1.lambda$onNext$0(GrpcClientProtocolClient.java:322)
	at java.base/java.util.Optional.ifPresent(Optional.java:178)
	at org.apache.ratis.grpc.client.GrpcClientProtocolClient$AsyncStreamObservers.handleReplyFuture(GrpcClientProtocolClient.java:378)
	at org.apache.ratis.grpc.client.GrpcClientProtocolClient$AsyncStreamObservers.access$100(GrpcClientProtocolClient.java:300)
	at org.apache.ratis.grpc.client.GrpcClientProtocolClient$AsyncStreamObservers$1.onNext(GrpcClientProtocolClient.java:322)
	at org.apache.ratis.grpc.client.GrpcClientProtocolClient$AsyncStreamObservers$1.onNext(GrpcClientProtocolClient.java:305)
	at org.apache.ratis.thirdparty.io.grpc.stub.ClientCalls$StreamObserverToCallListenerAdapter.onMessage(ClientCalls.java:468)
	at org.apache.ratis.thirdparty.io.grpc.ForwardingClientCallListener.onMessage(ForwardingClientCallListener.java:33)
	at org.apache.ratis.thirdparty.io.grpc.internal.DelayedClientCall$DelayedListener.onMessage(DelayedClientCall.java:473)
	at org.apache.ratis.thirdparty.io.grpc.internal.ClientCallImpl$ClientStreamListenerImpl$1MessagesAvailable.runInternal(ClientCallImpl.java:660)
	at org.apache.ratis.thirdparty.io.grpc.internal.ClientCallImpl$ClientStreamListenerImpl$1MessagesAvailable.runInContext(ClientCallImpl.java:647)
	at org.apache.ratis.thirdparty.io.grpc.internal.ContextRunnable.run(ContextRunnable.java:37)
	at org.apache.ratis.thirdparty.io.grpc.internal.SerializingExecutor.run(SerializingExecutor.java:133)
	at java.base/java.util.concurrent.ThreadPoolExecutor.runWorker(ThreadPoolExecutor.java:1136)
	at java.base/java.util.concurrent.ThreadPoolExecutor$Worker.run(ThreadPoolExecutor.java:635)
	at java.base/java.lang.Thread.run(Thread.java:840)
Caused by: org.apache.ratis.protocol.exceptions.StateMachineException: org.apache.hadoop.hdds.scm.container.common.helpers.ContainerNotOpenException from Server b58efb8a-bcce-4b5c-ba4f-ff0c627932bf@group-4BD12810AED6: Container 1 in CLOSING state
	at org.apache.hadoop.ozone.container.common.impl.HddsDispatcher.validateContainerCommand(HddsDispatcher.java:559)
	at org.apache.hadoop.ozone.container.common.transport.server.ratis.ContainerStateMachine.startTransaction(ContainerStateMachine.java:415)
	at org.apache.ratis.server.impl.RaftServerImpl.writeAsync(RaftServerImpl.java:953)
	at org.apache.ratis.server.impl.RaftServerImpl.replyFuture(RaftServerImpl.java:931)
	at org.apache.ratis.server.impl.RaftServerImpl.submitClientRequestAsync(RaftServerImpl.java:908)
	at org.apache.ratis.server.impl.RaftServerImpl.lambda$null$13(RaftServerImpl.java:897)
	at org.apache.ratis.util.JavaUtils.callAsUnchecked(JavaUtils.java:118)
	at org.apache.ratis.server.impl.RaftServerImpl.lambda$executeSubmitClientRequestAsync$14(RaftServerImpl.java:897)
	at java.base/java.util.concurrent.CompletableFuture$AsyncSupply.run(CompletableFuture.java:1768)
	... 3 more
Caused by: org.apache.hadoop.hdds.scm.container.common.helpers.ContainerNotOpenException: Container 1 in CLOSING state
	at java.base/jdk.internal.reflect.NativeConstructorAccessorImpl.newInstance0(Native Method)
	at java.base/jdk.internal.reflect.NativeConstructorAccessorImpl.newInstance(NativeConstructorAccessorImpl.java:77)
	at java.base/jdk.internal.reflect.DelegatingConstructorAccessorImpl.newInstance(DelegatingConstructorAccessorImpl.java:45)
	at java.base/java.lang.reflect.Constructor.newInstanceWithCaller(Constructor.java:499)
	at java.base/java.lang.reflect.Constructor.newInstance(Constructor.java:480)
	at org.apache.ratis.util.ReflectionUtils.instantiateException(ReflectionUtils.java:259)
	at org.apache.ratis.client.impl.ClientProtoUtils.toStateMachineException(ClientProtoUtils.java:449)
	at org.apache.ratis.client.impl.ClientProtoUtils.toStateMachineException(ClientProtoUtils.java:435)
	at org.apache.ratis.client.impl.ClientProtoUtils.toRaftClientReply(ClientProtoUtils.java:402)
	at org.apache.ratis.grpc.client.GrpcClientProtocolClient$AsyncStreamObservers$1.onNext(GrpcClientProtocolClient.java:310)
	at org.apache.ratis.grpc.client.GrpcClientProtocolClient$AsyncStreamObservers$1.onNext(GrpcClientProtocolClient.java:305)
	at org.apache.ratis.thirdparty.io.grpc.stub.ClientCalls$StreamObserverToCallListenerAdapter.onMessage(ClientCalls.java:468)
	at org.apache.ratis.thirdparty.io.grpc.ForwardingClientCallListener.onMessage(ForwardingClientCallListener.java:33)
	at org.apache.ratis.thirdparty.io.grpc.internal.DelayedClientCall$DelayedListener.onMessage(DelayedClientCall.java:473)
	at org.apache.ratis.thirdparty.io.grpc.internal.ClientCallImpl$ClientStreamListenerImpl$1MessagesAvailable.runInternal(ClientCallImpl.java:660)
	at org.apache.ratis.thirdparty.io.grpc.internal.ClientCallImpl$ClientStreamListenerImpl$1MessagesAvailable.runInContext(ClientCallImpl.java:647)
	at org.apache.ratis.thirdparty.io.grpc.internal.ContextRunnable.run(ContextRunnable.java:37)
	at org.apache.ratis.thirdparty.io.grpc.internal.SerializingExecutor.run(SerializingExecutor.java:133)
	... 3 more
2024-06-08 17:12:44,534 [grpc-default-executor-0] ERROR impl.OrderedAsync (OrderedAsync.java:lambda$send$4(179)) - Failed to send request, message=cmdType: WriteChunk
traceID: ""
containerID: 1
datanodeUuid: "e3b50f59-81fe-4964-a90b-c9e3e207dda8"
writeChunk {
  blockID {
    containerID: 1
    localID: 113750153625600001
    blockCommitSequenceId: 14
    replicaIndex: 0
  }
  chunkData {
    chunkName: "113750153625600001_chunk_8"
    offset: 700
    len: 100
    checksumData {
      type: NONE
      bytesPerChecksum: 16384
    }
  }
}
, data.size=100
java.util.concurrent.CompletionException: org.apache.ratis.protocol.exceptions.StateMachineException: org.apache.hadoop.hdds.scm.container.common.helpers.ContainerNotOpenException from Server b58efb8a-bcce-4b5c-ba4f-ff0c627932bf@group-4BD12810AED6: Container 1 in CLOSING state
	at org.apache.ratis.client.impl.RaftClientImpl.handleRaftException(RaftClientImpl.java:374)
	at org.apache.ratis.client.impl.OrderedAsync.lambda$send$3(OrderedAsync.java:173)
	at java.base/java.util.concurrent.CompletableFuture$UniApply.tryFire(CompletableFuture.java:646)
	at java.base/java.util.concurrent.CompletableFuture.postComplete(CompletableFuture.java:510)
	at java.base/java.util.concurrent.CompletableFuture.complete(CompletableFuture.java:2147)
	at org.apache.ratis.client.impl.OrderedAsync$PendingOrderedRequest.setReply(OrderedAsync.java:99)
	at org.apache.ratis.client.impl.OrderedAsync$PendingOrderedRequest.setReply(OrderedAsync.java:60)
	at org.apache.ratis.util.SlidingWindow$RequestMap.setReply(SlidingWindow.java:144)
	at org.apache.ratis.util.SlidingWindow$Client.receiveReply(SlidingWindow.java:348)
	at org.apache.ratis.client.impl.OrderedAsync.lambda$sendRequest$8(OrderedAsync.java:243)
	at java.base/java.util.concurrent.CompletableFuture$UniApply.tryFire(CompletableFuture.java:646)
	at java.base/java.util.concurrent.CompletableFuture.postComplete(CompletableFuture.java:510)
	at java.base/java.util.concurrent.CompletableFuture.complete(CompletableFuture.java:2147)
	at org.apache.ratis.grpc.client.GrpcClientProtocolClient$AsyncStreamObservers$1.lambda$onNext$0(GrpcClientProtocolClient.java:322)
	at java.base/java.util.Optional.ifPresent(Optional.java:178)
	at org.apache.ratis.grpc.client.GrpcClientProtocolClient$AsyncStreamObservers.handleReplyFuture(GrpcClientProtocolClient.java:378)
	at org.apache.ratis.grpc.client.GrpcClientProtocolClient$AsyncStreamObservers.access$100(GrpcClientProtocolClient.java:300)
	at org.apache.ratis.grpc.client.GrpcClientProtocolClient$AsyncStreamObservers$1.onNext(GrpcClientProtocolClient.java:322)
	at org.apache.ratis.grpc.client.GrpcClientProtocolClient$AsyncStreamObservers$1.onNext(GrpcClientProtocolClient.java:305)
	at org.apache.ratis.thirdparty.io.grpc.stub.ClientCalls$StreamObserverToCallListenerAdapter.onMessage(ClientCalls.java:468)
	at org.apache.ratis.thirdparty.io.grpc.ForwardingClientCallListener.onMessage(ForwardingClientCallListener.java:33)
	at org.apache.ratis.thirdparty.io.grpc.internal.DelayedClientCall$DelayedListener.onMessage(DelayedClientCall.java:473)
	at org.apache.ratis.thirdparty.io.grpc.internal.ClientCallImpl$ClientStreamListenerImpl$1MessagesAvailable.runInternal(ClientCallImpl.java:660)
	at org.apache.ratis.thirdparty.io.grpc.internal.ClientCallImpl$ClientStreamListenerImpl$1MessagesAvailable.runInContext(ClientCallImpl.java:647)
	at org.apache.ratis.thirdparty.io.grpc.internal.ContextRunnable.run(ContextRunnable.java:37)
	at org.apache.ratis.thirdparty.io.grpc.internal.SerializingExecutor.run(SerializingExecutor.java:133)
	at java.base/java.util.concurrent.ThreadPoolExecutor.runWorker(ThreadPoolExecutor.java:1136)
	at java.base/java.util.concurrent.ThreadPoolExecutor$Worker.run(ThreadPoolExecutor.java:635)
	at java.base/java.lang.Thread.run(Thread.java:840)
Caused by: org.apache.ratis.protocol.exceptions.StateMachineException: org.apache.hadoop.hdds.scm.container.common.helpers.ContainerNotOpenException from Server b58efb8a-bcce-4b5c-ba4f-ff0c627932bf@group-4BD12810AED6: Container 1 in CLOSING state
	at org.apache.hadoop.ozone.container.common.impl.HddsDispatcher.validateContainerCommand(HddsDispatcher.java:559)
	at org.apache.hadoop.ozone.container.common.transport.server.ratis.ContainerStateMachine.startTransaction(ContainerStateMachine.java:415)
	at org.apache.ratis.server.impl.RaftServerImpl.writeAsync(RaftServerImpl.java:953)
	at org.apache.ratis.server.impl.RaftServerImpl.replyFuture(RaftServerImpl.java:931)
	at org.apache.ratis.server.impl.RaftServerImpl.submitClientRequestAsync(RaftServerImpl.java:908)
	at org.apache.ratis.server.impl.RaftServerImpl.lambda$null$13(RaftServerImpl.java:897)
	at org.apache.ratis.util.JavaUtils.callAsUnchecked(JavaUtils.java:118)
	at org.apache.ratis.server.impl.RaftServerImpl.lambda$executeSubmitClientRequestAsync$14(RaftServerImpl.java:897)
	at java.base/java.util.concurrent.CompletableFuture$AsyncSupply.run(CompletableFuture.java:1768)
	... 3 more
Caused by: org.apache.hadoop.hdds.scm.container.common.helpers.ContainerNotOpenException: Container 1 in CLOSING state
	at java.base/jdk.internal.reflect.NativeConstructorAccessorImpl.newInstance0(Native Method)
	at java.base/jdk.internal.reflect.NativeConstructorAccessorImpl.newInstance(NativeConstructorAccessorImpl.java:77)
	at java.base/jdk.internal.reflect.DelegatingConstructorAccessorImpl.newInstance(DelegatingConstructorAccessorImpl.java:45)
	at java.base/java.lang.reflect.Constructor.newInstanceWithCaller(Constructor.java:499)
	at java.base/java.lang.reflect.Constructor.newInstance(Constructor.java:480)
	at org.apache.ratis.util.ReflectionUtils.instantiateException(ReflectionUtils.java:259)
	at org.apache.ratis.client.impl.ClientProtoUtils.toStateMachineException(ClientProtoUtils.java:449)
	at org.apache.ratis.client.impl.ClientProtoUtils.toStateMachineException(ClientProtoUtils.java:435)
	at org.apache.ratis.client.impl.ClientProtoUtils.toRaftClientReply(ClientProtoUtils.java:402)
	at org.apache.ratis.grpc.client.GrpcClientProtocolClient$AsyncStreamObservers$1.onNext(GrpcClientProtocolClient.java:310)
	at org.apache.ratis.grpc.client.GrpcClientProtocolClient$AsyncStreamObservers$1.onNext(GrpcClientProtocolClient.java:305)
	at org.apache.ratis.thirdparty.io.grpc.stub.ClientCalls$StreamObserverToCallListenerAdapter.onMessage(ClientCalls.java:468)
	at org.apache.ratis.thirdparty.io.grpc.ForwardingClientCallListener.onMessage(ForwardingClientCallListener.java:33)
	at org.apache.ratis.thirdparty.io.grpc.internal.DelayedClientCall$DelayedListener.onMessage(DelayedClientCall.java:473)
	at org.apache.ratis.thirdparty.io.grpc.internal.ClientCallImpl$ClientStreamListenerImpl$1MessagesAvailable.runInternal(ClientCallImpl.java:660)
	at org.apache.ratis.thirdparty.io.grpc.internal.ClientCallImpl$ClientStreamListenerImpl$1MessagesAvailable.runInContext(ClientCallImpl.java:647)
	at org.apache.ratis.thirdparty.io.grpc.internal.ContextRunnable.run(ContextRunnable.java:37)
	at org.apache.ratis.thirdparty.io.grpc.internal.SerializingExecutor.run(SerializingExecutor.java:133)
	... 3 more
2024-06-08 17:12:44,535 [grpc-default-executor-0] ERROR impl.OrderedAsync (OrderedAsync.java:lambda$send$4(179)) - Failed to send request, message=cmdType: PutBlock
traceID: ""
containerID: 1
datanodeUuid: "e3b50f59-81fe-4964-a90b-c9e3e207dda8"
putBlock {
  blockData {
    blockID {
      containerID: 1
      localID: 113750153625600001
      blockCommitSequenceId: 0
    }
    metadata {
      key: "TYPE"
      value: "KEY"
    }
    chunks {
      chunkName: "113750153625600001_chunk_1"
      offset: 0
      len: 100
      checksumData {
        type: NONE
        bytesPerChecksum: 16384
      }
    }
    chunks {
      chunkName: "113750153625600001_chunk_2"
      offset: 100
      len: 100
      checksumData {
        type: NONE
        bytesPerChecksum: 16384
      }
    }
    chunks {
      chunkName: "113750153625600001_chunk_3"
      offset: 200
      len: 100
      checksumData {
        type: NONE
        bytesPerChecksum: 16384
      }
    }
    chunks {
      chunkName: "113750153625600001_chunk_4"
      offset: 300
      len: 100
      checksumData {
        type: NONE
        bytesPerChecksum: 16384
      }
    }
    chunks {
      chunkName: "113750153625600001_chunk_5"
      offset: 400
      len: 100
      checksumData {
        type: NONE
        bytesPerChecksum: 16384
      }
    }
    chunks {
      chunkName: "113750153625600001_chunk_6"
      offset: 500
      len: 100
      checksumData {
        type: NONE
        bytesPerChecksum: 16384
      }
    }
    chunks {
      chunkName: "113750153625600001_chunk_7"
      offset: 600
      len: 100
      checksumData {
        type: NONE
        bytesPerChecksum: 16384
      }
    }
    chunks {
      chunkName: "113750153625600001_chunk_8"
      offset: 700
      len: 100
      checksumData {
        type: NONE
        bytesPerChecksum: 16384
      }
    }
  }
  eof: true
}
, data.size=0
java.util.concurrent.CompletionException: org.apache.ratis.protocol.exceptions.StateMachineException: org.apache.hadoop.hdds.scm.container.common.helpers.ContainerNotOpenException from Server b58efb8a-bcce-4b5c-ba4f-ff0c627932bf@group-4BD12810AED6: Container 1 in CLOSING state
	at org.apache.ratis.client.impl.RaftClientImpl.handleRaftException(RaftClientImpl.java:374)
	at org.apache.ratis.client.impl.OrderedAsync.lambda$send$3(OrderedAsync.java:173)
	at java.base/java.util.concurrent.CompletableFuture$UniApply.tryFire(CompletableFuture.java:646)
	at java.base/java.util.concurrent.CompletableFuture.postComplete(CompletableFuture.java:510)
	at java.base/java.util.concurrent.CompletableFuture.complete(CompletableFuture.java:2147)
	at org.apache.ratis.client.impl.OrderedAsync$PendingOrderedRequest.setReply(OrderedAsync.java:99)
	at org.apache.ratis.client.impl.OrderedAsync$PendingOrderedRequest.setReply(OrderedAsync.java:60)
	at org.apache.ratis.util.SlidingWindow$RequestMap.setReply(SlidingWindow.java:144)
	at org.apache.ratis.util.SlidingWindow$Client.receiveReply(SlidingWindow.java:348)
	at org.apache.ratis.client.impl.OrderedAsync.lambda$sendRequest$8(OrderedAsync.java:243)
	at java.base/java.util.concurrent.CompletableFuture$UniApply.tryFire(CompletableFuture.java:646)
	at java.base/java.util.concurrent.CompletableFuture.postComplete(CompletableFuture.java:510)
	at java.base/java.util.concurrent.CompletableFuture.complete(CompletableFuture.java:2147)
	at org.apache.ratis.grpc.client.GrpcClientProtocolClient$AsyncStreamObservers$1.lambda$onNext$0(GrpcClientProtocolClient.java:322)
	at java.base/java.util.Optional.ifPresent(Optional.java:178)
	at org.apache.ratis.grpc.client.GrpcClientProtocolClient$AsyncStreamObservers.handleReplyFuture(GrpcClientProtocolClient.java:378)
	at org.apache.ratis.grpc.client.GrpcClientProtocolClient$AsyncStreamObservers.access$100(GrpcClientProtocolClient.java:300)
	at org.apache.ratis.grpc.client.GrpcClientProtocolClient$AsyncStreamObservers$1.onNext(GrpcClientProtocolClient.java:322)
	at org.apache.ratis.grpc.client.GrpcClientProtocolClient$AsyncStreamObservers$1.onNext(GrpcClientProtocolClient.java:305)
	at org.apache.ratis.thirdparty.io.grpc.stub.ClientCalls$StreamObserverToCallListenerAdapter.onMessage(ClientCalls.java:468)
	at org.apache.ratis.thirdparty.io.grpc.ForwardingClientCallListener.onMessage(ForwardingClientCallListener.java:33)
	at org.apache.ratis.thirdparty.io.grpc.internal.DelayedClientCall$DelayedListener.onMessage(DelayedClientCall.java:473)
	at org.apache.ratis.thirdparty.io.grpc.internal.ClientCallImpl$ClientStreamListenerImpl$1MessagesAvailable.runInternal(ClientCallImpl.java:660)
	at org.apache.ratis.thirdparty.io.grpc.internal.ClientCallImpl$ClientStreamListenerImpl$1MessagesAvailable.runInContext(ClientCallImpl.java:647)
	at org.apache.ratis.thirdparty.io.grpc.internal.ContextRunnable.run(ContextRunnable.java:37)
	at org.apache.ratis.thirdparty.io.grpc.internal.SerializingExecutor.run(SerializingExecutor.java:133)
	at java.base/java.util.concurrent.ThreadPoolExecutor.runWorker(ThreadPoolExecutor.java:1136)
	at java.base/java.util.concurrent.ThreadPoolExecutor$Worker.run(ThreadPoolExecutor.java:635)
	at java.base/java.lang.Thread.run(Thread.java:840)
Caused by: org.apache.ratis.protocol.exceptions.StateMachineException: org.apache.hadoop.hdds.scm.container.common.helpers.ContainerNotOpenException from Server b58efb8a-bcce-4b5c-ba4f-ff0c627932bf@group-4BD12810AED6: Container 1 in CLOSING state
	at org.apache.hadoop.ozone.container.common.impl.HddsDispatcher.validateContainerCommand(HddsDispatcher.java:559)
	at org.apache.hadoop.ozone.container.common.transport.server.ratis.ContainerStateMachine.startTransaction(ContainerStateMachine.java:415)
	at org.apache.ratis.server.impl.RaftServerImpl.writeAsync(RaftServerImpl.java:953)
	at org.apache.ratis.server.impl.RaftServerImpl.replyFuture(RaftServerImpl.java:931)
	at org.apache.ratis.server.impl.RaftServerImpl.submitClientRequestAsync(RaftServerImpl.java:908)
	at org.apache.ratis.server.impl.RaftServerImpl.lambda$null$13(RaftServerImpl.java:897)
	at org.apache.ratis.util.JavaUtils.callAsUnchecked(JavaUtils.java:118)
	at org.apache.ratis.server.impl.RaftServerImpl.lambda$executeSubmitClientRequestAsync$14(RaftServerImpl.java:897)
	at java.base/java.util.concurrent.CompletableFuture$AsyncSupply.run(CompletableFuture.java:1768)
	... 3 more
Caused by: org.apache.hadoop.hdds.scm.container.common.helpers.ContainerNotOpenException: Container 1 in CLOSING state
	at java.base/jdk.internal.reflect.NativeConstructorAccessorImpl.newInstance0(Native Method)
	at java.base/jdk.internal.reflect.NativeConstructorAccessorImpl.newInstance(NativeConstructorAccessorImpl.java:77)
	at java.base/jdk.internal.reflect.DelegatingConstructorAccessorImpl.newInstance(DelegatingConstructorAccessorImpl.java:45)
	at java.base/java.lang.reflect.Constructor.newInstanceWithCaller(Constructor.java:499)
	at java.base/java.lang.reflect.Constructor.newInstance(Constructor.java:480)
	at org.apache.ratis.util.ReflectionUtils.instantiateException(ReflectionUtils.java:259)
	at org.apache.ratis.client.impl.ClientProtoUtils.toStateMachineException(ClientProtoUtils.java:449)
	at org.apache.ratis.client.impl.ClientProtoUtils.toStateMachineException(ClientProtoUtils.java:435)
	at org.apache.ratis.client.impl.ClientProtoUtils.toRaftClientReply(ClientProtoUtils.java:402)
	at org.apache.ratis.grpc.client.GrpcClientProtocolClient$AsyncStreamObservers$1.onNext(GrpcClientProtocolClient.java:310)
	at org.apache.ratis.grpc.client.GrpcClientProtocolClient$AsyncStreamObservers$1.onNext(GrpcClientProtocolClient.java:305)
	at org.apache.ratis.thirdparty.io.grpc.stub.ClientCalls$StreamObserverToCallListenerAdapter.onMessage(ClientCalls.java:468)
	at org.apache.ratis.thirdparty.io.grpc.ForwardingClientCallListener.onMessage(ForwardingClientCallListener.java:33)
	at org.apache.ratis.thirdparty.io.grpc.internal.DelayedClientCall$DelayedListener.onMessage(DelayedClientCall.java:473)
	at org.apache.ratis.thirdparty.io.grpc.internal.ClientCallImpl$ClientStreamListenerImpl$1MessagesAvailable.runInternal(ClientCallImpl.java:660)
	at org.apache.ratis.thirdparty.io.grpc.internal.ClientCallImpl$ClientStreamListenerImpl$1MessagesAvailable.runInContext(ClientCallImpl.java:647)
	at org.apache.ratis.thirdparty.io.grpc.internal.ContextRunnable.run(ContextRunnable.java:37)
	at org.apache.ratis.thirdparty.io.grpc.internal.SerializingExecutor.run(SerializingExecutor.java:133)
	... 3 more
2024-06-08 17:12:44,539 [IPC Server handler 10 on default port 15054] INFO  pipeline.RatisPipelineProvider (RatisPipelineProvider.java:lambda$create$0(205)) - Sending CreatePipelineCommand for pipeline:PipelineID=5f8c7168-02ac-4541-8970-c62589969397 to datanode:b58efb8a-bcce-4b5c-ba4f-ff0c627932bf
2024-06-08 17:12:44,539 [IPC Server handler 10 on default port 15054] INFO  pipeline.RatisPipelineProvider (RatisPipelineProvider.java:lambda$create$0(205)) - Sending CreatePipelineCommand for pipeline:PipelineID=5f8c7168-02ac-4541-8970-c62589969397 to datanode:4a3afcc0-0f17-4502-9539-e074401f0f0d
2024-06-08 17:12:44,539 [IPC Server handler 10 on default port 15054] INFO  pipeline.RatisPipelineProvider (RatisPipelineProvider.java:lambda$create$0(205)) - Sending CreatePipelineCommand for pipeline:PipelineID=5f8c7168-02ac-4541-8970-c62589969397 to datanode:b8911061-d087-4ec2-bfc4-9091de9e538b
2024-06-08 17:12:44,552 [EventQueue-DeadNodeForDeadNodeHandler] INFO  node.DeadNodeHandler (DeadNodeHandler.java:onMessage(95)) - A dead datanode is detected. e3b50f59-81fe-4964-a90b-c9e3e207dda8(localhost/127.0.0.1)
2024-06-08 17:12:44,552 [EventQueue-StaleNodeForStaleNodeHandler] INFO  node.StaleNodeHandler (StaleNodeHandler.java:onMessage(57)) - Datanode b8911061-d087-4ec2-bfc4-9091de9e538b(localhost/127.0.0.1) moved to stale state. Finalizing its pipelines [PipelineID=e13792a1-6aeb-4204-ab3e-4bd12810aed6, PipelineID=8f3c9ac3-1342-476a-b2df-9d1b5707d807, PipelineID=bd0ebd06-b004-4cdd-8910-455c3f752d2d, PipelineID=6f4cab86-66d2-4883-8d36-8c08ed623eb2, PipelineID=5f8c7168-02ac-4541-8970-c62589969397]
2024-06-08 17:12:44,552 [EventQueue-StaleNodeForStaleNodeHandler] INFO  pipeline.PipelineManagerImpl (PipelineManagerImpl.java:closePipeline(518)) - Pipeline PipelineID=8f3c9ac3-1342-476a-b2df-9d1b5707d807 moved to CLOSED state
2024-06-08 17:12:44,552 [EventQueue-DeadNodeForDeadNodeHandler] INFO  pipeline.RatisPipelineProvider (RatisPipelineProvider.java:lambda$close$4(270)) - Send pipeline:PipelineID=e13792a1-6aeb-4204-ab3e-4bd12810aed6 close command to datanode e3b50f59-81fe-4964-a90b-c9e3e207dda8
2024-06-08 17:12:44,553 [EventQueue-DeadNodeForDeadNodeHandler] INFO  pipeline.RatisPipelineProvider (RatisPipelineProvider.java:lambda$close$4(270)) - Send pipeline:PipelineID=e13792a1-6aeb-4204-ab3e-4bd12810aed6 close command to datanode b8911061-d087-4ec2-bfc4-9091de9e538b
2024-06-08 17:12:44,553 [EventQueue-DeadNodeForDeadNodeHandler] INFO  pipeline.RatisPipelineProvider (RatisPipelineProvider.java:lambda$close$4(270)) - Send pipeline:PipelineID=e13792a1-6aeb-4204-ab3e-4bd12810aed6 close command to datanode b58efb8a-bcce-4b5c-ba4f-ff0c627932bf
2024-06-08 17:12:44,553 [EventQueue-StaleNodeForStaleNodeHandler] INFO  pipeline.PipelineManagerImpl (PipelineManagerImpl.java:closePipeline(518)) - Pipeline PipelineID=5f8c7168-02ac-4541-8970-c62589969397 moved to CLOSED state
2024-06-08 17:12:44,553 [EventQueue-DeadNodeForDeadNodeHandler] INFO  pipeline.PipelineManagerImpl (PipelineManagerImpl.java:removePipeline(459)) - Pipeline Pipeline[ Id: e13792a1-6aeb-4204-ab3e-4bd12810aed6, Nodes: e3b50f59-81fe-4964-a90b-c9e3e207dda8(localhost/127.0.0.1)b8911061-d087-4ec2-bfc4-9091de9e538b(localhost/127.0.0.1)b58efb8a-bcce-4b5c-ba4f-ff0c627932bf(localhost/127.0.0.1), ReplicationConfig: RATIS/THREE, State:CLOSED, leaderId:b58efb8a-bcce-4b5c-ba4f-ff0c627932bf, CreationTimestamp2024-06-08T17:12:21.120Z[Etc/UTC]] removed.
2024-06-08 17:12:44,553 [EventQueue-DeadNodeForDeadNodeHandler] INFO  pipeline.RatisPipelineProvider (RatisPipelineProvider.java:lambda$close$4(270)) - Send pipeline:PipelineID=bd0ebd06-b004-4cdd-8910-455c3f752d2d close command to datanode b8911061-d087-4ec2-bfc4-9091de9e538b
2024-06-08 17:12:44,553 [EventQueue-DeadNodeForDeadNodeHandler] INFO  pipeline.RatisPipelineProvider (RatisPipelineProvider.java:lambda$close$4(270)) - Send pipeline:PipelineID=bd0ebd06-b004-4cdd-8910-455c3f752d2d close command to datanode b58efb8a-bcce-4b5c-ba4f-ff0c627932bf
2024-06-08 17:12:44,553 [EventQueue-DeadNodeForDeadNodeHandler] INFO  pipeline.RatisPipelineProvider (RatisPipelineProvider.java:lambda$close$4(270)) - Send pipeline:PipelineID=bd0ebd06-b004-4cdd-8910-455c3f752d2d close command to datanode e3b50f59-81fe-4964-a90b-c9e3e207dda8
2024-06-08 17:12:44,554 [EventQueue-DeadNodeForDeadNodeHandler] INFO  pipeline.PipelineManagerImpl (PipelineManagerImpl.java:removePipeline(459)) - Pipeline Pipeline[ Id: bd0ebd06-b004-4cdd-8910-455c3f752d2d, Nodes: b8911061-d087-4ec2-bfc4-9091de9e538b(localhost/127.0.0.1)b58efb8a-bcce-4b5c-ba4f-ff0c627932bf(localhost/127.0.0.1)e3b50f59-81fe-4964-a90b-c9e3e207dda8(localhost/127.0.0.1), ReplicationConfig: RATIS/THREE, State:CLOSED, leaderId:e3b50f59-81fe-4964-a90b-c9e3e207dda8, CreationTimestamp2024-06-08T17:12:21.118Z[Etc/UTC]] removed.
2024-06-08 17:12:44,554 [EventQueue-DeadNodeForDeadNodeHandler] INFO  pipeline.RatisPipelineProvider (RatisPipelineProvider.java:lambda$close$4(270)) - Send pipeline:PipelineID=6f4cab86-66d2-4883-8d36-8c08ed623eb2 close command to datanode b8911061-d087-4ec2-bfc4-9091de9e538b
2024-06-08 17:12:44,554 [EventQueue-DeadNodeForDeadNodeHandler] INFO  pipeline.RatisPipelineProvider (RatisPipelineProvider.java:lambda$close$4(270)) - Send pipeline:PipelineID=6f4cab86-66d2-4883-8d36-8c08ed623eb2 close command to datanode b58efb8a-bcce-4b5c-ba4f-ff0c627932bf
2024-06-08 17:12:44,554 [EventQueue-DeadNodeForDeadNodeHandler] INFO  pipeline.RatisPipelineProvider (RatisPipelineProvider.java:lambda$close$4(270)) - Send pipeline:PipelineID=6f4cab86-66d2-4883-8d36-8c08ed623eb2 close command to datanode e3b50f59-81fe-4964-a90b-c9e3e207dda8
2024-06-08 17:12:44,554 [EventQueue-DeadNodeForDeadNodeHandler] INFO  pipeline.PipelineManagerImpl (PipelineManagerImpl.java:removePipeline(459)) - Pipeline Pipeline[ Id: 6f4cab86-66d2-4883-8d36-8c08ed623eb2, Nodes: b8911061-d087-4ec2-bfc4-9091de9e538b(localhost/127.0.0.1)b58efb8a-bcce-4b5c-ba4f-ff0c627932bf(localhost/127.0.0.1)e3b50f59-81fe-4964-a90b-c9e3e207dda8(localhost/127.0.0.1), ReplicationConfig: RATIS/THREE, State:CLOSED, leaderId:b8911061-d087-4ec2-bfc4-9091de9e538b, CreationTimestamp2024-06-08T17:12:21.121Z[Etc/UTC]] removed.
2024-06-08 17:12:44,554 [EventQueue-DeadNodeForDeadNodeHandler] INFO  pipeline.RatisPipelineProvider (RatisPipelineProvider.java:lambda$close$4(270)) - Send pipeline:PipelineID=44a274a6-5941-4856-b500-4d484fef3cf3 close command to datanode e3b50f59-81fe-4964-a90b-c9e3e207dda8
2024-06-08 17:12:44,554 [EventQueue-DeadNodeForDeadNodeHandler] INFO  pipeline.PipelineManagerImpl (PipelineManagerImpl.java:removePipeline(459)) - Pipeline Pipeline[ Id: 44a274a6-5941-4856-b500-4d484fef3cf3, Nodes: e3b50f59-81fe-4964-a90b-c9e3e207dda8(localhost/127.0.0.1), ReplicationConfig: RATIS/ONE, State:CLOSED, leaderId:e3b50f59-81fe-4964-a90b-c9e3e207dda8, CreationTimestamp2024-06-08T17:12:20.980Z[Etc/UTC]] removed.
2024-06-08 17:12:44,555 [EventQueue-DeadNodeForDeadNodeHandler] INFO  node.DeadNodeHandler (DeadNodeHandler.java:onMessage(108)) - Clearing command queue of size 5 for DN e3b50f59-81fe-4964-a90b-c9e3e207dda8(localhost/127.0.0.1)
2024-06-08 17:12:44,555 [EventQueue-DeadNodeForDeadNodeHandler] INFO  net.NetworkTopologyImpl (NetworkTopologyImpl.java:remove(212)) - Removed a node: /default-rack/e3b50f59-81fe-4964-a90b-c9e3e207dda8
2024-06-08 17:12:44,858 [b58efb8a-bcce-4b5c-ba4f-ff0c627932bf@group-8C08ED623EB2-FollowerState] INFO  impl.FollowerState (FollowerState.java:run(143)) - b58efb8a-bcce-4b5c-ba4f-ff0c627932bf@group-8C08ED623EB2-FollowerState: change to CANDIDATE, lastRpcElapsedTime:5429121927ns, electionTimeout:5174ms
2024-06-08 17:12:44,858 [b58efb8a-bcce-4b5c-ba4f-ff0c627932bf@group-8C08ED623EB2-FollowerState] INFO  impl.RoleInfo (RoleInfo.java:shutdownFollowerState(110)) - b58efb8a-bcce-4b5c-ba4f-ff0c627932bf: shutdown b58efb8a-bcce-4b5c-ba4f-ff0c627932bf@group-8C08ED623EB2-FollowerState
2024-06-08 17:12:44,858 [b58efb8a-bcce-4b5c-ba4f-ff0c627932bf@group-8C08ED623EB2-FollowerState] INFO  server.RaftServer$Division (RaftServerImpl.java:setRole(383)) - b58efb8a-bcce-4b5c-ba4f-ff0c627932bf@group-8C08ED623EB2: changes role from  FOLLOWER to CANDIDATE at term 1 for changeToCandidate
2024-06-08 17:12:44,858 [b58efb8a-bcce-4b5c-ba4f-ff0c627932bf@group-8C08ED623EB2-FollowerState] INFO  server.RaftServerConfigKeys (ConfUtils.java:logGet(46)) - raft.server.leaderelection.pre-vote = true (default)
2024-06-08 17:12:44,858 [b58efb8a-bcce-4b5c-ba4f-ff0c627932bf@group-8C08ED623EB2-FollowerState] INFO  impl.RoleInfo (RoleInfo.java:updateAndGet(139)) - b58efb8a-bcce-4b5c-ba4f-ff0c627932bf: start b58efb8a-bcce-4b5c-ba4f-ff0c627932bf@group-8C08ED623EB2-LeaderElection26
2024-06-08 17:12:44,858 [b58efb8a-bcce-4b5c-ba4f-ff0c627932bf@group-8C08ED623EB2-LeaderElection26] INFO  server.RaftServer$Division (ServerState.java:setLeader(269)) - b58efb8a-bcce-4b5c-ba4f-ff0c627932bf@group-8C08ED623EB2: change Leader from b8911061-d087-4ec2-bfc4-9091de9e538b to null at term 1 for PRE_VOTE
2024-06-08 17:12:44,859 [b58efb8a-bcce-4b5c-ba4f-ff0c627932bf@group-8C08ED623EB2-LeaderElection26] INFO  impl.LeaderElection (LeaderElection.java:askForVotes(321)) - b58efb8a-bcce-4b5c-ba4f-ff0c627932bf@group-8C08ED623EB2-LeaderElection26 PRE_VOTE round 0: submit vote requests at term 1 for 0: peers:[b8911061-d087-4ec2-bfc4-9091de9e538b|127.0.0.1:15076, e3b50f59-81fe-4964-a90b-c9e3e207dda8|127.0.0.1:15067, b58efb8a-bcce-4b5c-ba4f-ff0c627932bf|127.0.0.1:15085]|listeners:[], old=null
2024-06-08 17:12:44,859 [b58efb8a-bcce-4b5c-ba4f-ff0c627932bf@group-8C08ED623EB2-LeaderElection26] INFO  impl.LeaderElection (LogUtils.java:infoOrTrace(136)) - b58efb8a-bcce-4b5c-ba4f-ff0c627932bf@group-8C08ED623EB2-LeaderElection26 got exception when requesting votes: java.util.concurrent.ExecutionException: org.apache.ratis.thirdparty.io.grpc.StatusRuntimeException: UNAVAILABLE: io exception
2024-06-08 17:12:44,859 [b58efb8a-bcce-4b5c-ba4f-ff0c627932bf@group-8C08ED623EB2-LeaderElection26] INFO  impl.LeaderElection (LogUtils.java:infoOrTrace(136)) - b58efb8a-bcce-4b5c-ba4f-ff0c627932bf@group-8C08ED623EB2-LeaderElection26 got exception when requesting votes: java.util.concurrent.ExecutionException: org.apache.ratis.thirdparty.io.grpc.StatusRuntimeException: UNAVAILABLE: io exception
2024-06-08 17:12:44,859 [b58efb8a-bcce-4b5c-ba4f-ff0c627932bf@group-8C08ED623EB2-LeaderElection26] INFO  impl.LeaderElection (LeaderElection.java:logAndReturn(89)) - b58efb8a-bcce-4b5c-ba4f-ff0c627932bf@group-8C08ED623EB2-LeaderElection26: PRE_VOTE REJECTED received 0 response(s) and 2 exception(s):
2024-06-08 17:12:44,859 [b58efb8a-bcce-4b5c-ba4f-ff0c627932bf@group-8C08ED623EB2-LeaderElection26] INFO  impl.LeaderElection (LogUtils.java:infoOrTrace(136)) -   Exception 0: java.util.concurrent.ExecutionException: org.apache.ratis.thirdparty.io.grpc.StatusRuntimeException: UNAVAILABLE: io exception
2024-06-08 17:12:44,859 [b58efb8a-bcce-4b5c-ba4f-ff0c627932bf@group-8C08ED623EB2-LeaderElection26] INFO  impl.LeaderElection (LogUtils.java:infoOrTrace(136)) -   Exception 1: java.util.concurrent.ExecutionException: org.apache.ratis.thirdparty.io.grpc.StatusRuntimeException: UNAVAILABLE: io exception
2024-06-08 17:12:44,859 [b58efb8a-bcce-4b5c-ba4f-ff0c627932bf@group-8C08ED623EB2-LeaderElection26] INFO  impl.LeaderElection (LeaderElection.java:askForVotes(323)) - b58efb8a-bcce-4b5c-ba4f-ff0c627932bf@group-8C08ED623EB2-LeaderElection26 PRE_VOTE round 0: result REJECTED
2024-06-08 17:12:44,860 [b58efb8a-bcce-4b5c-ba4f-ff0c627932bf@group-8C08ED623EB2-LeaderElection26] INFO  server.RaftServer$Division (RaftServerImpl.java:setRole(383)) - b58efb8a-bcce-4b5c-ba4f-ff0c627932bf@group-8C08ED623EB2: changes role from CANDIDATE to FOLLOWER at term 1 for REJECTED
2024-06-08 17:12:44,860 [b58efb8a-bcce-4b5c-ba4f-ff0c627932bf@group-8C08ED623EB2-LeaderElection26] INFO  impl.RoleInfo (RoleInfo.java:shutdownLeaderElection(130)) - b58efb8a-bcce-4b5c-ba4f-ff0c627932bf: shutdown b58efb8a-bcce-4b5c-ba4f-ff0c627932bf@group-8C08ED623EB2-LeaderElection26
2024-06-08 17:12:44,860 [b58efb8a-bcce-4b5c-ba4f-ff0c627932bf@group-8C08ED623EB2-LeaderElection26] INFO  impl.RoleInfo (RoleInfo.java:updateAndGet(139)) - b58efb8a-bcce-4b5c-ba4f-ff0c627932bf: start b58efb8a-bcce-4b5c-ba4f-ff0c627932bf@group-8C08ED623EB2-FollowerState
2024-06-08 17:12:46,287 [4a3afcc0-0f17-4502-9539-e074401f0f0d-PipelineCommandHandlerThread-0] INFO  server.RaftServer (RaftServerProxy.java:addNew(100)) - 4a3afcc0-0f17-4502-9539-e074401f0f0d: addNew group-C62589969397:[4a3afcc0-0f17-4502-9539-e074401f0f0d|127.0.0.1:15103, b8911061-d087-4ec2-bfc4-9091de9e538b|127.0.0.1:15076, b58efb8a-bcce-4b5c-ba4f-ff0c627932bf|127.0.0.1:15085] returns group-C62589969397:java.util.concurrent.CompletableFuture@2d87ac57[Not completed]
2024-06-08 17:12:46,287 [4a3afcc0-0f17-4502-9539-e074401f0f0d-groupManagement] INFO  server.RaftServer$Division (RaftServerImpl.java:<init>(256)) - 4a3afcc0-0f17-4502-9539-e074401f0f0d: new RaftServerImpl for group-C62589969397:[4a3afcc0-0f17-4502-9539-e074401f0f0d|127.0.0.1:15103, b8911061-d087-4ec2-bfc4-9091de9e538b|127.0.0.1:15076, b58efb8a-bcce-4b5c-ba4f-ff0c627932bf|127.0.0.1:15085] with ContainerStateMachine:uninitialized
2024-06-08 17:12:46,288 [4a3afcc0-0f17-4502-9539-e074401f0f0d-groupManagement] INFO  server.RaftServerConfigKeys (ConfUtils.java:logGet(46)) - raft.server.rpc.timeout.min = 5s (custom)
2024-06-08 17:12:46,288 [4a3afcc0-0f17-4502-9539-e074401f0f0d-groupManagement] INFO  server.RaftServerConfigKeys (ConfUtils.java:logGet(46)) - raft.server.rpc.timeout.max = 5200ms (custom)
2024-06-08 17:12:46,288 [4a3afcc0-0f17-4502-9539-e074401f0f0d-groupManagement] INFO  server.RaftServerConfigKeys (ConfUtils.java:logGet(46)) - raft.server.rpc.sleep.time = 25ms (default)
2024-06-08 17:12:46,288 [4a3afcc0-0f17-4502-9539-e074401f0f0d-groupManagement] INFO  server.RaftServerConfigKeys (ConfUtils.java:logGet(46)) - raft.server.rpc.slowness.timeout = 300000ms (custom)
2024-06-08 17:12:46,288 [4a3afcc0-0f17-4502-9539-e074401f0f0d-groupManagement] INFO  server.RaftServerConfigKeys (ConfUtils.java:logGet(46)) - raft.server.leaderelection.leader.step-down.wait-time = 10s (default)
2024-06-08 17:12:46,288 [4a3afcc0-0f17-4502-9539-e074401f0f0d-groupManagement] INFO  server.RaftServerConfigKeys (ConfUtils.java:logGet(46)) - raft.server.leaderelection.member.majority-add = false (default)
2024-06-08 17:12:46,288 [4a3afcc0-0f17-4502-9539-e074401f0f0d-groupManagement] INFO  server.RaftServerConfigKeys (ConfUtils.java:logGet(46)) - raft.server.sleep.deviation.threshold = 300ms (default)
2024-06-08 17:12:46,288 [4a3afcc0-0f17-4502-9539-e074401f0f0d-groupManagement] INFO  server.RaftServer$Division (ServerState.java:<init>(113)) - 4a3afcc0-0f17-4502-9539-e074401f0f0d@group-C62589969397: ConfigurationManager, init=-1: peers:[4a3afcc0-0f17-4502-9539-e074401f0f0d|127.0.0.1:15103, b8911061-d087-4ec2-bfc4-9091de9e538b|127.0.0.1:15076, b58efb8a-bcce-4b5c-ba4f-ff0c627932bf|127.0.0.1:15085]|listeners:[], old=null, confs=<EMPTY_MAP>
2024-06-08 17:12:46,288 [4a3afcc0-0f17-4502-9539-e074401f0f0d-groupManagement] INFO  server.RaftServerConfigKeys (ConfUtils.java:logGet(46)) - raft.server.notification.no-leader.timeout = 300000ms (custom)
2024-06-08 17:12:46,288 [4a3afcc0-0f17-4502-9539-e074401f0f0d-groupManagement] INFO  server.RaftServerConfigKeys (ConfUtils.java:logGet(46)) - raft.server.read.timeout = 10s (default)
2024-06-08 17:12:46,288 [4a3afcc0-0f17-4502-9539-e074401f0f0d-groupManagement] INFO  server.RaftServerConfigKeys (ConfUtils.java:logGet(46)) - raft.server.retrycache.expirytime = 600000ms (custom)
2024-06-08 17:12:46,288 [4a3afcc0-0f17-4502-9539-e074401f0f0d-groupManagement] INFO  server.RaftServerConfigKeys (ConfUtils.java:logGet(46)) - raft.server.retrycache.statistics.expirytime = 100ms (default)
2024-06-08 17:12:46,288 [4a3afcc0-0f17-4502-9539-e074401f0f0d-groupManagement] INFO  server.RaftServerConfigKeys (ConfUtils.java:logGet(46)) - raft.server.read.option = DEFAULT (default)
2024-06-08 17:12:46,288 [4a3afcc0-0f17-4502-9539-e074401f0f0d-groupManagement] INFO  server.RaftServerConfigKeys (ConfUtils.java:logGet(46)) - raft.server.read.read-after-write-consistent.write-index-cache.expiry-time = 60s (default)
2024-06-08 17:12:46,290 [4a3afcc0-0f17-4502-9539-e074401f0f0d-groupManagement] INFO  server.RaftServerConfigKeys (ConfUtils.java:logGet(46)) - raft.server.rpc.request.timeout = 3000ms (default)
2024-06-08 17:12:46,290 [4a3afcc0-0f17-4502-9539-e074401f0f0d-groupManagement] INFO  server.RaftServerConfigKeys (ConfUtils.java:logGet(46)) - raft.server.log.appender.install.snapshot.enabled = false (custom)
2024-06-08 17:12:46,290 [4a3afcc0-0f17-4502-9539-e074401f0f0d-groupManagement] INFO  server.RaftServerConfigKeys (ConfUtils.java:logGet(46)) - raft.server.threadpool.server.cached = true (default)
2024-06-08 17:12:46,290 [4a3afcc0-0f17-4502-9539-e074401f0f0d-groupManagement] INFO  server.RaftServerConfigKeys (ConfUtils.java:logGet(46)) - raft.server.threadpool.server.size = 0 (default)
2024-06-08 17:12:46,290 [4a3afcc0-0f17-4502-9539-e074401f0f0d-groupManagement] INFO  server.RaftServerConfigKeys (ConfUtils.java:logGet(46)) - raft.server.threadpool.client.cached = true (default)
2024-06-08 17:12:46,290 [4a3afcc0-0f17-4502-9539-e074401f0f0d-groupManagement] INFO  server.RaftServerConfigKeys (ConfUtils.java:logGet(46)) - raft.server.threadpool.client.size = 0 (default)
2024-06-08 17:12:46,291 [4a3afcc0-0f17-4502-9539-e074401f0f0d-groupManagement] INFO  server.RaftServerConfigKeys (ConfUtils.java:logGet(46)) - raft.server.storage.free-space.min = 0MB (=0) (default)
2024-06-08 17:12:46,291 [4a3afcc0-0f17-4502-9539-e074401f0f0d-groupManagement] INFO  server.RaftServerConfigKeys (ConfUtils.java:logGet(46)) - raft.server.log.corruption.policy = EXCEPTION (default)
2024-06-08 17:12:46,291 [4a3afcc0-0f17-4502-9539-e074401f0f0d-groupManagement] INFO  server.RaftServerConfigKeys (ConfUtils.java:logGet(46)) - raft.server.storage.dir = [/home/runner/work/ozone/ozone/hadoop-ozone/integration-test/target/test-dir/MiniOzoneClusterImpl-6b59e386-941c-4981-b753-7806b34dbc05/ozone-meta/datanode-5/ratis] (custom)
2024-06-08 17:12:46,291 [4a3afcc0-0f17-4502-9539-e074401f0f0d-groupManagement] INFO  storage.RaftStorageDirectory (RaftStorageDirectoryImpl.java:analyzeStorage(138)) - The storage directory /home/runner/work/ozone/ozone/hadoop-ozone/integration-test/target/test-dir/MiniOzoneClusterImpl-6b59e386-941c-4981-b753-7806b34dbc05/ozone-meta/datanode-5/ratis/5f8c7168-02ac-4541-8970-c62589969397 does not exist. Creating ...
2024-06-08 17:12:46,292 [4a3afcc0-0f17-4502-9539-e074401f0f0d-groupManagement] INFO  storage.RaftStorageDirectory (RaftStorageDirectoryImpl.java:tryLock(228)) - Lock on /home/runner/work/ozone/ozone/hadoop-ozone/integration-test/target/test-dir/MiniOzoneClusterImpl-6b59e386-941c-4981-b753-7806b34dbc05/ozone-meta/datanode-5/ratis/5f8c7168-02ac-4541-8970-c62589969397/in_use.lock acquired by nodename 19691@fv-az1025-916
2024-06-08 17:12:46,294 [4a3afcc0-0f17-4502-9539-e074401f0f0d-groupManagement] INFO  storage.RaftStorage (RaftStorageImpl.java:format(99)) - Storage directory /home/runner/work/ozone/ozone/hadoop-ozone/integration-test/target/test-dir/MiniOzoneClusterImpl-6b59e386-941c-4981-b753-7806b34dbc05/ozone-meta/datanode-5/ratis/5f8c7168-02ac-4541-8970-c62589969397 has been successfully formatted.
2024-06-08 17:12:46,294 [4a3afcc0-0f17-4502-9539-e074401f0f0d-groupManagement] WARN  util.FileUtils (LogUtils.java:supplyAndLog(63)) - Failed to Files.newInputStream /home/runner/work/ozone/ozone/hadoop-ozone/integration-test/target/test-dir/MiniOzoneClusterImpl-6b59e386-941c-4981-b753-7806b34dbc05/ozone-meta/datanode-5/ratis/5f8c7168-02ac-4541-8970-c62589969397/current/raft-meta.conf with options []: java.nio.file.NoSuchFileException: /home/runner/work/ozone/ozone/hadoop-ozone/integration-test/target/test-dir/MiniOzoneClusterImpl-6b59e386-941c-4981-b753-7806b34dbc05/ozone-meta/datanode-5/ratis/5f8c7168-02ac-4541-8970-c62589969397/current/raft-meta.conf
2024-06-08 17:12:46,294 [4a3afcc0-0f17-4502-9539-e074401f0f0d-groupManagement] INFO  ratis.ContainerStateMachine (ContainerStateMachine.java:loadSnapshot(287)) - group-C62589969397: The snapshot info is null. Setting the last applied index to:(t:0, i:~)
2024-06-08 17:12:46,294 [4a3afcc0-0f17-4502-9539-e074401f0f0d-groupManagement] INFO  server.RaftServerConfigKeys (ConfUtils.java:logGet(46)) - raft.server.log.use.memory = false (default)
2024-06-08 17:12:46,294 [4a3afcc0-0f17-4502-9539-e074401f0f0d-groupManagement] INFO  server.RaftServerConfigKeys (ConfUtils.java:logGet(46)) - raft.server.log.purge.gap = 1000000 (custom)
2024-06-08 17:12:46,295 [4a3afcc0-0f17-4502-9539-e074401f0f0d-groupManagement] INFO  server.RaftServerConfigKeys (ConfUtils.java:logGet(46)) - raft.server.log.appender.buffer.byte-limit = 8388608 (custom)
2024-06-08 17:12:46,295 [4a3afcc0-0f17-4502-9539-e074401f0f0d-groupManagement] INFO  server.RaftServerConfigKeys (ConfUtils.java:logGet(46)) - raft.server.log.statemachine.data.read.timeout = 1000ms (default)
2024-06-08 17:12:46,295 [4a3afcc0-0f17-4502-9539-e074401f0f0d-groupManagement] INFO  server.RaftServerConfigKeys (ConfUtils.java:logGet(46)) - raft.server.log.purge.preservation.log.num = 0 (default)
2024-06-08 17:12:46,296 [4a3afcc0-0f17-4502-9539-e074401f0f0d-groupManagement] INFO  server.RaftServerConfigKeys (ConfUtils.java:logGet(46)) - raft.server.log.segment.size.max = 67108864 (custom)
2024-06-08 17:12:46,296 [4a3afcc0-0f17-4502-9539-e074401f0f0d-groupManagement] INFO  server.RaftServerConfigKeys (ConfUtils.java:logGet(46)) - raft.server.log.segment.cache.num.max = 2 (custom)
2024-06-08 17:12:46,296 [4a3afcc0-0f17-4502-9539-e074401f0f0d-groupManagement] INFO  server.RaftServerConfigKeys (ConfUtils.java:logGet(46)) - raft.server.log.segment.cache.size.max = 200MB (=209715200) (default)
2024-06-08 17:12:46,296 [4a3afcc0-0f17-4502-9539-e074401f0f0d-groupManagement] INFO  server.RaftServerConfigKeys (ConfUtils.java:logGet(46)) - raft.server.log.appender.buffer.byte-limit = 8388608 (custom)
2024-06-08 17:12:46,297 [4a3afcc0-0f17-4502-9539-e074401f0f0d-groupManagement] INFO  util.AwaitToRun (AwaitToRun.java:start(81)) - Thread[4a3afcc0-0f17-4502-9539-e074401f0f0d@group-C62589969397-cacheEviction-AwaitToRun,5,main] started
2024-06-08 17:12:46,297 [4a3afcc0-0f17-4502-9539-e074401f0f0d-groupManagement] INFO  segmented.SegmentedRaftLogWorker (SegmentedRaftLogWorker.java:<init>(182)) - new 4a3afcc0-0f17-4502-9539-e074401f0f0d@group-C62589969397-SegmentedRaftLogWorker for RaftStorageImpl:Storage Directory /home/runner/work/ozone/ozone/hadoop-ozone/integration-test/target/test-dir/MiniOzoneClusterImpl-6b59e386-941c-4981-b753-7806b34dbc05/ozone-meta/datanode-5/ratis/5f8c7168-02ac-4541-8970-c62589969397
2024-06-08 17:12:46,297 [4a3afcc0-0f17-4502-9539-e074401f0f0d-groupManagement] INFO  server.RaftServerConfigKeys (ConfUtils.java:logGet(46)) - raft.server.log.queue.byte-limit = 4294967296 (custom)
2024-06-08 17:12:46,297 [4a3afcc0-0f17-4502-9539-e074401f0f0d-groupManagement] INFO  server.RaftServerConfigKeys (ConfUtils.java:logGet(46)) - raft.server.log.queue.element-limit = 1024 (custom)
2024-06-08 17:12:46,298 [4a3afcc0-0f17-4502-9539-e074401f0f0d-groupManagement] INFO  server.RaftServerConfigKeys (ConfUtils.java:logGet(46)) - raft.server.log.segment.size.max = 67108864 (custom)
2024-06-08 17:12:46,298 [4a3afcc0-0f17-4502-9539-e074401f0f0d-groupManagement] INFO  server.RaftServerConfigKeys (ConfUtils.java:logGet(46)) - raft.server.log.preallocated.size = 4194304 (custom)
2024-06-08 17:12:46,298 [4a3afcc0-0f17-4502-9539-e074401f0f0d-groupManagement] INFO  server.RaftServerConfigKeys (ConfUtils.java:logGet(46)) - raft.server.log.force.sync.num = 128 (default)
2024-06-08 17:12:46,298 [4a3afcc0-0f17-4502-9539-e074401f0f0d-groupManagement] INFO  server.RaftServerConfigKeys (ConfUtils.java:logGet(46)) - raft.server.log.statemachine.data.sync = true (default)
2024-06-08 17:12:46,298 [4a3afcc0-0f17-4502-9539-e074401f0f0d-groupManagement] INFO  server.RaftServerConfigKeys (ConfUtils.java:logGet(46)) - raft.server.log.statemachine.data.sync.timeout = 10s (default)
2024-06-08 17:12:46,298 [4a3afcc0-0f17-4502-9539-e074401f0f0d-groupManagement] INFO  server.RaftServerConfigKeys (ConfUtils.java:logGet(46)) - raft.server.log.statemachine.data.sync.timeout.retry = 30 (custom)
2024-06-08 17:12:46,298 [4a3afcc0-0f17-4502-9539-e074401f0f0d-groupManagement] INFO  server.RaftServerConfigKeys (ConfUtils.java:logGet(46)) - raft.server.log.write.buffer.size = 8388616 (custom)
2024-06-08 17:12:46,300 [4a3afcc0-0f17-4502-9539-e074401f0f0d-groupManagement] INFO  server.RaftServerConfigKeys (ConfUtils.java:logGet(46)) - raft.server.log.appender.buffer.byte-limit = 8388608 (custom)
2024-06-08 17:12:46,300 [4a3afcc0-0f17-4502-9539-e074401f0f0d-groupManagement] INFO  server.RaftServerConfigKeys (ConfUtils.java:logGet(46)) - raft.server.log.unsafe-flush.enabled = false (default)
2024-06-08 17:12:46,300 [4a3afcc0-0f17-4502-9539-e074401f0f0d-groupManagement] INFO  server.RaftServerConfigKeys (ConfUtils.java:logGet(46)) - raft.server.log.async-flush.enabled = false (default)
2024-06-08 17:12:46,300 [4a3afcc0-0f17-4502-9539-e074401f0f0d-groupManagement] INFO  server.RaftServerConfigKeys (ConfUtils.java:logGet(46)) - raft.server.log.statemachine.data.caching.enabled = true (custom)
2024-06-08 17:12:46,300 [4a3afcc0-0f17-4502-9539-e074401f0f0d-groupManagement] INFO  segmented.SegmentedRaftLogWorker (SegmentedRaftLogWorker.java:lambda$new$0(134)) - 4a3afcc0-0f17-4502-9539-e074401f0f0d@group-C62589969397-SegmentedRaftLogWorker: flushIndex: setUnconditionally 0 -> -1
2024-06-08 17:12:46,300 [4a3afcc0-0f17-4502-9539-e074401f0f0d-groupManagement] INFO  segmented.SegmentedRaftLogWorker (SegmentedRaftLogWorker.java:lambda$new$0(134)) - 4a3afcc0-0f17-4502-9539-e074401f0f0d@group-C62589969397-SegmentedRaftLogWorker: safeCacheEvictIndex: setUnconditionally 0 -> -1
2024-06-08 17:12:46,301 [4a3afcc0-0f17-4502-9539-e074401f0f0d-groupManagement] INFO  server.RaftServer$Division (RaftServerImpl.java:start(396)) - 4a3afcc0-0f17-4502-9539-e074401f0f0d@group-C62589969397: start as a follower, conf=-1: peers:[4a3afcc0-0f17-4502-9539-e074401f0f0d|127.0.0.1:15103, b8911061-d087-4ec2-bfc4-9091de9e538b|127.0.0.1:15076, b58efb8a-bcce-4b5c-ba4f-ff0c627932bf|127.0.0.1:15085]|listeners:[], old=null
2024-06-08 17:12:46,301 [4a3afcc0-0f17-4502-9539-e074401f0f0d-groupManagement] INFO  server.RaftServer$Division (RaftServerImpl.java:setRole(383)) - 4a3afcc0-0f17-4502-9539-e074401f0f0d@group-C62589969397: changes role from      null to FOLLOWER at term 0 for startAsFollower
2024-06-08 17:12:46,301 [4a3afcc0-0f17-4502-9539-e074401f0f0d-groupManagement] INFO  impl.RoleInfo (RoleInfo.java:updateAndGet(139)) - 4a3afcc0-0f17-4502-9539-e074401f0f0d: start 4a3afcc0-0f17-4502-9539-e074401f0f0d@group-C62589969397-FollowerState
2024-06-08 17:12:46,301 [4a3afcc0-0f17-4502-9539-e074401f0f0d@group-C62589969397-FollowerState] INFO  server.RaftServerConfigKeys (ConfUtils.java:logFallback(53)) - raft.server.rpc.first-election.timeout.min = 5s (fallback to raft.server.rpc.timeout.min)
2024-06-08 17:12:46,301 [4a3afcc0-0f17-4502-9539-e074401f0f0d-groupManagement] INFO  util.JmxRegister (JmxRegister.java:tryRegister(44)) - Successfully registered JMX Bean with object name Ratis:service=RaftServer,group=group-C62589969397,id=4a3afcc0-0f17-4502-9539-e074401f0f0d
2024-06-08 17:12:46,301 [4a3afcc0-0f17-4502-9539-e074401f0f0d-groupManagement] INFO  server.RaftServerConfigKeys (ConfUtils.java:logGet(46)) - raft.server.snapshot.trigger-when-stop.enabled = true (default)
2024-06-08 17:12:46,301 [4a3afcc0-0f17-4502-9539-e074401f0f0d-groupManagement] INFO  server.RaftServerConfigKeys (ConfUtils.java:logGet(46)) - raft.server.snapshot.auto.trigger.enabled = true (custom)
2024-06-08 17:12:46,301 [4a3afcc0-0f17-4502-9539-e074401f0f0d-groupManagement] INFO  server.RaftServerConfigKeys (ConfUtils.java:logGet(46)) - raft.server.snapshot.auto.trigger.threshold = 10000 (custom)
2024-06-08 17:12:46,301 [4a3afcc0-0f17-4502-9539-e074401f0f0d-groupManagement] INFO  server.RaftServerConfigKeys (ConfUtils.java:logGet(46)) - raft.server.snapshot.retention.file.num = 5 (custom)
2024-06-08 17:12:46,301 [4a3afcc0-0f17-4502-9539-e074401f0f0d-groupManagement] INFO  server.RaftServerConfigKeys (ConfUtils.java:logGet(46)) - raft.server.log.purge.upto.snapshot.index = false (default)
2024-06-08 17:12:46,302 [4a3afcc0-0f17-4502-9539-e074401f0f0d-PipelineCommandHandlerThread-0] INFO  ratis.XceiverServerRatis (XceiverServerRatis.java:addGroup(864)) - Created group PipelineID=5f8c7168-02ac-4541-8970-c62589969397
2024-06-08 17:12:46,302 [4a3afcc0-0f17-4502-9539-e074401f0f0d@group-C62589969397-FollowerState] INFO  server.RaftServerConfigKeys (ConfUtils.java:logFallback(53)) - raft.server.rpc.first-election.timeout.max = 5200ms (fallback to raft.server.rpc.timeout.max)
2024-06-08 17:12:46,308 [grpc-default-executor-0] INFO  server.RaftServer (RaftServerProxy.java:addNew(100)) - b58efb8a-bcce-4b5c-ba4f-ff0c627932bf: addNew group-C62589969397:[4a3afcc0-0f17-4502-9539-e074401f0f0d|127.0.0.1:15103, b8911061-d087-4ec2-bfc4-9091de9e538b|127.0.0.1:15076, b58efb8a-bcce-4b5c-ba4f-ff0c627932bf|127.0.0.1:15085] returns group-C62589969397:java.util.concurrent.CompletableFuture@856f243[Not completed]
2024-06-08 17:12:46,309 [b58efb8a-bcce-4b5c-ba4f-ff0c627932bf-groupManagement] INFO  server.RaftServer$Division (RaftServerImpl.java:<init>(256)) - b58efb8a-bcce-4b5c-ba4f-ff0c627932bf: new RaftServerImpl for group-C62589969397:[4a3afcc0-0f17-4502-9539-e074401f0f0d|127.0.0.1:15103, b8911061-d087-4ec2-bfc4-9091de9e538b|127.0.0.1:15076, b58efb8a-bcce-4b5c-ba4f-ff0c627932bf|127.0.0.1:15085] with ContainerStateMachine:uninitialized
2024-06-08 17:12:46,309 [b58efb8a-bcce-4b5c-ba4f-ff0c627932bf-groupManagement] INFO  server.RaftServerConfigKeys (ConfUtils.java:logGet(46)) - raft.server.rpc.timeout.min = 5s (custom)
2024-06-08 17:12:46,309 [b58efb8a-bcce-4b5c-ba4f-ff0c627932bf-groupManagement] INFO  server.RaftServerConfigKeys (ConfUtils.java:logGet(46)) - raft.server.rpc.timeout.max = 5200ms (custom)
2024-06-08 17:12:46,309 [b58efb8a-bcce-4b5c-ba4f-ff0c627932bf-groupManagement] INFO  server.RaftServerConfigKeys (ConfUtils.java:logGet(46)) - raft.server.rpc.sleep.time = 25ms (default)
2024-06-08 17:12:46,309 [b58efb8a-bcce-4b5c-ba4f-ff0c627932bf-groupManagement] INFO  server.RaftServerConfigKeys (ConfUtils.java:logGet(46)) - raft.server.rpc.slowness.timeout = 300000ms (custom)
2024-06-08 17:12:46,309 [b58efb8a-bcce-4b5c-ba4f-ff0c627932bf-groupManagement] INFO  server.RaftServerConfigKeys (ConfUtils.java:logGet(46)) - raft.server.leaderelection.leader.step-down.wait-time = 10s (default)
2024-06-08 17:12:46,309 [b58efb8a-bcce-4b5c-ba4f-ff0c627932bf-groupManagement] INFO  server.RaftServerConfigKeys (ConfUtils.java:logGet(46)) - raft.server.leaderelection.member.majority-add = false (default)
2024-06-08 17:12:46,309 [b58efb8a-bcce-4b5c-ba4f-ff0c627932bf-groupManagement] INFO  server.RaftServerConfigKeys (ConfUtils.java:logGet(46)) - raft.server.sleep.deviation.threshold = 300ms (default)
2024-06-08 17:12:46,309 [b58efb8a-bcce-4b5c-ba4f-ff0c627932bf-groupManagement] INFO  server.RaftServer$Division (ServerState.java:<init>(113)) - b58efb8a-bcce-4b5c-ba4f-ff0c627932bf@group-C62589969397: ConfigurationManager, init=-1: peers:[4a3afcc0-0f17-4502-9539-e074401f0f0d|127.0.0.1:15103, b8911061-d087-4ec2-bfc4-9091de9e538b|127.0.0.1:15076, b58efb8a-bcce-4b5c-ba4f-ff0c627932bf|127.0.0.1:15085]|listeners:[], old=null, confs=<EMPTY_MAP>
2024-06-08 17:12:46,309 [b58efb8a-bcce-4b5c-ba4f-ff0c627932bf-groupManagement] INFO  server.RaftServerConfigKeys (ConfUtils.java:logGet(46)) - raft.server.notification.no-leader.timeout = 300000ms (custom)
2024-06-08 17:12:46,309 [b58efb8a-bcce-4b5c-ba4f-ff0c627932bf-groupManagement] INFO  server.RaftServerConfigKeys (ConfUtils.java:logGet(46)) - raft.server.read.timeout = 10s (default)
2024-06-08 17:12:46,309 [b58efb8a-bcce-4b5c-ba4f-ff0c627932bf-groupManagement] INFO  server.RaftServerConfigKeys (ConfUtils.java:logGet(46)) - raft.server.retrycache.expirytime = 600000ms (custom)
2024-06-08 17:12:46,309 [b58efb8a-bcce-4b5c-ba4f-ff0c627932bf-groupManagement] INFO  server.RaftServerConfigKeys (ConfUtils.java:logGet(46)) - raft.server.retrycache.statistics.expirytime = 100ms (default)
2024-06-08 17:12:46,309 [b58efb8a-bcce-4b5c-ba4f-ff0c627932bf-groupManagement] INFO  server.RaftServerConfigKeys (ConfUtils.java:logGet(46)) - raft.server.read.option = DEFAULT (default)
2024-06-08 17:12:46,309 [b58efb8a-bcce-4b5c-ba4f-ff0c627932bf-groupManagement] INFO  server.RaftServerConfigKeys (ConfUtils.java:logGet(46)) - raft.server.read.read-after-write-consistent.write-index-cache.expiry-time = 60s (default)
2024-06-08 17:12:46,311 [b58efb8a-bcce-4b5c-ba4f-ff0c627932bf-groupManagement] INFO  server.RaftServerConfigKeys (ConfUtils.java:logGet(46)) - raft.server.rpc.request.timeout = 3000ms (default)
2024-06-08 17:12:46,311 [b58efb8a-bcce-4b5c-ba4f-ff0c627932bf-groupManagement] INFO  server.RaftServerConfigKeys (ConfUtils.java:logGet(46)) - raft.server.log.appender.install.snapshot.enabled = false (custom)
2024-06-08 17:12:46,311 [b58efb8a-bcce-4b5c-ba4f-ff0c627932bf-groupManagement] INFO  server.RaftServerConfigKeys (ConfUtils.java:logGet(46)) - raft.server.threadpool.server.cached = true (default)
2024-06-08 17:12:46,311 [b58efb8a-bcce-4b5c-ba4f-ff0c627932bf-groupManagement] INFO  server.RaftServerConfigKeys (ConfUtils.java:logGet(46)) - raft.server.threadpool.server.size = 0 (default)
2024-06-08 17:12:46,311 [b58efb8a-bcce-4b5c-ba4f-ff0c627932bf-groupManagement] INFO  server.RaftServerConfigKeys (ConfUtils.java:logGet(46)) - raft.server.threadpool.client.cached = true (default)
2024-06-08 17:12:46,311 [b58efb8a-bcce-4b5c-ba4f-ff0c627932bf-groupManagement] INFO  server.RaftServerConfigKeys (ConfUtils.java:logGet(46)) - raft.server.threadpool.client.size = 0 (default)
2024-06-08 17:12:46,311 [b58efb8a-bcce-4b5c-ba4f-ff0c627932bf-groupManagement] INFO  server.RaftServerConfigKeys (ConfUtils.java:logGet(46)) - raft.server.storage.free-space.min = 0MB (=0) (default)
2024-06-08 17:12:46,311 [b58efb8a-bcce-4b5c-ba4f-ff0c627932bf-groupManagement] INFO  server.RaftServerConfigKeys (ConfUtils.java:logGet(46)) - raft.server.log.corruption.policy = EXCEPTION (default)
2024-06-08 17:12:46,311 [b58efb8a-bcce-4b5c-ba4f-ff0c627932bf-groupManagement] INFO  server.RaftServerConfigKeys (ConfUtils.java:logGet(46)) - raft.server.storage.dir = [/home/runner/work/ozone/ozone/hadoop-ozone/integration-test/target/test-dir/MiniOzoneClusterImpl-6b59e386-941c-4981-b753-7806b34dbc05/ozone-meta/datanode-3/ratis] (custom)
2024-06-08 17:12:46,312 [b58efb8a-bcce-4b5c-ba4f-ff0c627932bf-groupManagement] INFO  storage.RaftStorageDirectory (RaftStorageDirectoryImpl.java:analyzeStorage(138)) - The storage directory /home/runner/work/ozone/ozone/hadoop-ozone/integration-test/target/test-dir/MiniOzoneClusterImpl-6b59e386-941c-4981-b753-7806b34dbc05/ozone-meta/datanode-3/ratis/5f8c7168-02ac-4541-8970-c62589969397 does not exist. Creating ...
2024-06-08 17:12:46,312 [b58efb8a-bcce-4b5c-ba4f-ff0c627932bf-groupManagement] INFO  storage.RaftStorageDirectory (RaftStorageDirectoryImpl.java:tryLock(228)) - Lock on /home/runner/work/ozone/ozone/hadoop-ozone/integration-test/target/test-dir/MiniOzoneClusterImpl-6b59e386-941c-4981-b753-7806b34dbc05/ozone-meta/datanode-3/ratis/5f8c7168-02ac-4541-8970-c62589969397/in_use.lock acquired by nodename 19691@fv-az1025-916
2024-06-08 17:12:46,314 [b58efb8a-bcce-4b5c-ba4f-ff0c627932bf-groupManagement] INFO  storage.RaftStorage (RaftStorageImpl.java:format(99)) - Storage directory /home/runner/work/ozone/ozone/hadoop-ozone/integration-test/target/test-dir/MiniOzoneClusterImpl-6b59e386-941c-4981-b753-7806b34dbc05/ozone-meta/datanode-3/ratis/5f8c7168-02ac-4541-8970-c62589969397 has been successfully formatted.
2024-06-08 17:12:46,314 [b58efb8a-bcce-4b5c-ba4f-ff0c627932bf-groupManagement] WARN  util.FileUtils (LogUtils.java:supplyAndLog(63)) - Failed to Files.newInputStream /home/runner/work/ozone/ozone/hadoop-ozone/integration-test/target/test-dir/MiniOzoneClusterImpl-6b59e386-941c-4981-b753-7806b34dbc05/ozone-meta/datanode-3/ratis/5f8c7168-02ac-4541-8970-c62589969397/current/raft-meta.conf with options []: java.nio.file.NoSuchFileException: /home/runner/work/ozone/ozone/hadoop-ozone/integration-test/target/test-dir/MiniOzoneClusterImpl-6b59e386-941c-4981-b753-7806b34dbc05/ozone-meta/datanode-3/ratis/5f8c7168-02ac-4541-8970-c62589969397/current/raft-meta.conf
2024-06-08 17:12:46,314 [b58efb8a-bcce-4b5c-ba4f-ff0c627932bf-groupManagement] INFO  ratis.ContainerStateMachine (ContainerStateMachine.java:loadSnapshot(287)) - group-C62589969397: The snapshot info is null. Setting the last applied index to:(t:0, i:~)
2024-06-08 17:12:46,315 [b58efb8a-bcce-4b5c-ba4f-ff0c627932bf-groupManagement] INFO  server.RaftServerConfigKeys (ConfUtils.java:logGet(46)) - raft.server.log.use.memory = false (default)
2024-06-08 17:12:46,315 [b58efb8a-bcce-4b5c-ba4f-ff0c627932bf-groupManagement] INFO  server.RaftServerConfigKeys (ConfUtils.java:logGet(46)) - raft.server.log.purge.gap = 1000000 (custom)
2024-06-08 17:12:46,315 [b58efb8a-bcce-4b5c-ba4f-ff0c627932bf-groupManagement] INFO  server.RaftServerConfigKeys (ConfUtils.java:logGet(46)) - raft.server.log.appender.buffer.byte-limit = 8388608 (custom)
2024-06-08 17:12:46,315 [b58efb8a-bcce-4b5c-ba4f-ff0c627932bf-groupManagement] INFO  server.RaftServerConfigKeys (ConfUtils.java:logGet(46)) - raft.server.log.statemachine.data.read.timeout = 1000ms (default)
2024-06-08 17:12:46,315 [b58efb8a-bcce-4b5c-ba4f-ff0c627932bf-groupManagement] INFO  server.RaftServerConfigKeys (ConfUtils.java:logGet(46)) - raft.server.log.purge.preservation.log.num = 0 (default)
2024-06-08 17:12:46,316 [b58efb8a-bcce-4b5c-ba4f-ff0c627932bf-groupManagement] INFO  server.RaftServerConfigKeys (ConfUtils.java:logGet(46)) - raft.server.log.segment.size.max = 67108864 (custom)
2024-06-08 17:12:46,316 [EventQueue-PipelineReportForPipelineReportHandler] INFO  pipeline.PipelineReportHandler (PipelineReportHandler.java:processPipelineReport(115)) - Reported pipeline PipelineID=e13792a1-6aeb-4204-ab3e-4bd12810aed6 is not found
2024-06-08 17:12:46,316 [b58efb8a-bcce-4b5c-ba4f-ff0c627932bf-groupManagement] INFO  server.RaftServerConfigKeys (ConfUtils.java:logGet(46)) - raft.server.log.segment.cache.num.max = 2 (custom)
2024-06-08 17:12:46,316 [b58efb8a-bcce-4b5c-ba4f-ff0c627932bf-groupManagement] INFO  server.RaftServerConfigKeys (ConfUtils.java:logGet(46)) - raft.server.log.segment.cache.size.max = 200MB (=209715200) (default)
2024-06-08 17:12:46,317 [b58efb8a-bcce-4b5c-ba4f-ff0c627932bf-groupManagement] INFO  server.RaftServerConfigKeys (ConfUtils.java:logGet(46)) - raft.server.log.appender.buffer.byte-limit = 8388608 (custom)
2024-06-08 17:12:46,316 [EventQueue-PipelineReportForPipelineReportHandler] INFO  pipeline.PipelineReportHandler (PipelineReportHandler.java:processPipelineReport(115)) - Reported pipeline PipelineID=bd0ebd06-b004-4cdd-8910-455c3f752d2d is not found
2024-06-08 17:12:46,317 [EventQueue-PipelineReportForPipelineReportHandler] INFO  pipeline.PipelineReportHandler (PipelineReportHandler.java:processPipelineReport(115)) - Reported pipeline PipelineID=6f4cab86-66d2-4883-8d36-8c08ed623eb2 is not found
2024-06-08 17:12:46,317 [b58efb8a-bcce-4b5c-ba4f-ff0c627932bf-groupManagement] INFO  util.AwaitToRun (AwaitToRun.java:start(81)) - Thread[b58efb8a-bcce-4b5c-ba4f-ff0c627932bf@group-C62589969397-cacheEviction-AwaitToRun,5,main] started
2024-06-08 17:12:46,317 [b58efb8a-bcce-4b5c-ba4f-ff0c627932bf-groupManagement] INFO  segmented.SegmentedRaftLogWorker (SegmentedRaftLogWorker.java:<init>(182)) - new b58efb8a-bcce-4b5c-ba4f-ff0c627932bf@group-C62589969397-SegmentedRaftLogWorker for RaftStorageImpl:Storage Directory /home/runner/work/ozone/ozone/hadoop-ozone/integration-test/target/test-dir/MiniOzoneClusterImpl-6b59e386-941c-4981-b753-7806b34dbc05/ozone-meta/datanode-3/ratis/5f8c7168-02ac-4541-8970-c62589969397
2024-06-08 17:12:46,317 [b58efb8a-bcce-4b5c-ba4f-ff0c627932bf-groupManagement] INFO  server.RaftServerConfigKeys (ConfUtils.java:logGet(46)) - raft.server.log.queue.byte-limit = 4294967296 (custom)
2024-06-08 17:12:46,317 [b58efb8a-bcce-4b5c-ba4f-ff0c627932bf-groupManagement] INFO  server.RaftServerConfigKeys (ConfUtils.java:logGet(46)) - raft.server.log.queue.element-limit = 1024 (custom)
2024-06-08 17:12:46,317 [b58efb8a-bcce-4b5c-ba4f-ff0c627932bf-groupManagement] INFO  server.RaftServerConfigKeys (ConfUtils.java:logGet(46)) - raft.server.log.segment.size.max = 67108864 (custom)
2024-06-08 17:12:46,317 [b58efb8a-bcce-4b5c-ba4f-ff0c627932bf-groupManagement] INFO  server.RaftServerConfigKeys (ConfUtils.java:logGet(46)) - raft.server.log.preallocated.size = 4194304 (custom)
2024-06-08 17:12:46,317 [b58efb8a-bcce-4b5c-ba4f-ff0c627932bf-groupManagement] INFO  server.RaftServerConfigKeys (ConfUtils.java:logGet(46)) - raft.server.log.force.sync.num = 128 (default)
2024-06-08 17:12:46,317 [b58efb8a-bcce-4b5c-ba4f-ff0c627932bf-groupManagement] INFO  server.RaftServerConfigKeys (ConfUtils.java:logGet(46)) - raft.server.log.statemachine.data.sync = true (default)
2024-06-08 17:12:46,317 [b58efb8a-bcce-4b5c-ba4f-ff0c627932bf-groupManagement] INFO  server.RaftServerConfigKeys (ConfUtils.java:logGet(46)) - raft.server.log.statemachine.data.sync.timeout = 10s (default)
2024-06-08 17:12:46,317 [b58efb8a-bcce-4b5c-ba4f-ff0c627932bf-groupManagement] INFO  server.RaftServerConfigKeys (ConfUtils.java:logGet(46)) - raft.server.log.statemachine.data.sync.timeout.retry = 30 (custom)
2024-06-08 17:12:46,317 [b58efb8a-bcce-4b5c-ba4f-ff0c627932bf-groupManagement] INFO  server.RaftServerConfigKeys (ConfUtils.java:logGet(46)) - raft.server.log.write.buffer.size = 8388616 (custom)
2024-06-08 17:12:46,319 [b58efb8a-bcce-4b5c-ba4f-ff0c627932bf-groupManagement] INFO  server.RaftServerConfigKeys (ConfUtils.java:logGet(46)) - raft.server.log.appender.buffer.byte-limit = 8388608 (custom)
2024-06-08 17:12:46,320 [b58efb8a-bcce-4b5c-ba4f-ff0c627932bf-groupManagement] INFO  server.RaftServerConfigKeys (ConfUtils.java:logGet(46)) - raft.server.log.unsafe-flush.enabled = false (default)
2024-06-08 17:12:46,320 [b58efb8a-bcce-4b5c-ba4f-ff0c627932bf-groupManagement] INFO  server.RaftServerConfigKeys (ConfUtils.java:logGet(46)) - raft.server.log.async-flush.enabled = false (default)
2024-06-08 17:12:46,320 [b58efb8a-bcce-4b5c-ba4f-ff0c627932bf-groupManagement] INFO  server.RaftServerConfigKeys (ConfUtils.java:logGet(46)) - raft.server.log.statemachine.data.caching.enabled = true (custom)
2024-06-08 17:12:46,320 [b58efb8a-bcce-4b5c-ba4f-ff0c627932bf-groupManagement] INFO  segmented.SegmentedRaftLogWorker (SegmentedRaftLogWorker.java:lambda$new$0(134)) - b58efb8a-bcce-4b5c-ba4f-ff0c627932bf@group-C62589969397-SegmentedRaftLogWorker: flushIndex: setUnconditionally 0 -> -1
2024-06-08 17:12:46,320 [b58efb8a-bcce-4b5c-ba4f-ff0c627932bf-groupManagement] INFO  segmented.SegmentedRaftLogWorker (SegmentedRaftLogWorker.java:lambda$new$0(134)) - b58efb8a-bcce-4b5c-ba4f-ff0c627932bf@group-C62589969397-SegmentedRaftLogWorker: safeCacheEvictIndex: setUnconditionally 0 -> -1
2024-06-08 17:12:46,320 [b58efb8a-bcce-4b5c-ba4f-ff0c627932bf-groupManagement] INFO  server.RaftServer$Division (RaftServerImpl.java:start(396)) - b58efb8a-bcce-4b5c-ba4f-ff0c627932bf@group-C62589969397: start as a follower, conf=-1: peers:[4a3afcc0-0f17-4502-9539-e074401f0f0d|127.0.0.1:15103, b8911061-d087-4ec2-bfc4-9091de9e538b|127.0.0.1:15076, b58efb8a-bcce-4b5c-ba4f-ff0c627932bf|127.0.0.1:15085]|listeners:[], old=null
2024-06-08 17:12:46,320 [b58efb8a-bcce-4b5c-ba4f-ff0c627932bf-groupManagement] INFO  server.RaftServer$Division (RaftServerImpl.java:setRole(383)) - b58efb8a-bcce-4b5c-ba4f-ff0c627932bf@group-C62589969397: changes role from      null to FOLLOWER at term 0 for startAsFollower
2024-06-08 17:12:46,320 [b58efb8a-bcce-4b5c-ba4f-ff0c627932bf-groupManagement] INFO  impl.RoleInfo (RoleInfo.java:updateAndGet(139)) - b58efb8a-bcce-4b5c-ba4f-ff0c627932bf: start b58efb8a-bcce-4b5c-ba4f-ff0c627932bf@group-C62589969397-FollowerState
2024-06-08 17:12:46,320 [b58efb8a-bcce-4b5c-ba4f-ff0c627932bf@group-C62589969397-FollowerState] INFO  server.RaftServerConfigKeys (ConfUtils.java:logFallback(53)) - raft.server.rpc.first-election.timeout.min = 5s (fallback to raft.server.rpc.timeout.min)
2024-06-08 17:12:46,320 [b58efb8a-bcce-4b5c-ba4f-ff0c627932bf-groupManagement] INFO  util.JmxRegister (JmxRegister.java:tryRegister(44)) - Successfully registered JMX Bean with object name Ratis:service=RaftServer,group=group-C62589969397,id=b58efb8a-bcce-4b5c-ba4f-ff0c627932bf
2024-06-08 17:12:46,320 [b58efb8a-bcce-4b5c-ba4f-ff0c627932bf-groupManagement] INFO  server.RaftServerConfigKeys (ConfUtils.java:logGet(46)) - raft.server.snapshot.trigger-when-stop.enabled = true (default)
2024-06-08 17:12:46,321 [b58efb8a-bcce-4b5c-ba4f-ff0c627932bf-groupManagement] INFO  server.RaftServerConfigKeys (ConfUtils.java:logGet(46)) - raft.server.snapshot.auto.trigger.enabled = true (custom)
2024-06-08 17:12:46,321 [b58efb8a-bcce-4b5c-ba4f-ff0c627932bf-groupManagement] INFO  server.RaftServerConfigKeys (ConfUtils.java:logGet(46)) - raft.server.snapshot.auto.trigger.threshold = 10000 (custom)
2024-06-08 17:12:46,321 [b58efb8a-bcce-4b5c-ba4f-ff0c627932bf-groupManagement] INFO  server.RaftServerConfigKeys (ConfUtils.java:logGet(46)) - raft.server.snapshot.retention.file.num = 5 (custom)
2024-06-08 17:12:46,321 [b58efb8a-bcce-4b5c-ba4f-ff0c627932bf-groupManagement] INFO  server.RaftServerConfigKeys (ConfUtils.java:logGet(46)) - raft.server.log.purge.upto.snapshot.index = false (default)
2024-06-08 17:12:46,321 [b58efb8a-bcce-4b5c-ba4f-ff0c627932bf@group-C62589969397-FollowerState] INFO  server.RaftServerConfigKeys (ConfUtils.java:logFallback(53)) - raft.server.rpc.first-election.timeout.max = 5200ms (fallback to raft.server.rpc.timeout.max)
2024-06-08 17:12:46,473 [b58efb8a-bcce-4b5c-ba4f-ff0c627932bf-PipelineCommandHandlerThread-0] WARN  commandhandler.ClosePipelineCommandHandler (ClosePipelineCommandHandler.java:lambda$handle$1(132)) - Failed to remove group group-4BD12810AED6 of pipeline PipelineID=e13792a1-6aeb-4204-ab3e-4bd12810aed6 on peer b8911061-d087-4ec2-bfc4-9091de9e538b
java.io.IOException: org.apache.ratis.thirdparty.io.grpc.StatusRuntimeException: UNAVAILABLE: io exception
	at org.apache.ratis.grpc.GrpcUtil.unwrapException(GrpcUtil.java:99)
	at org.apache.ratis.grpc.client.GrpcClientProtocolClient.blockingCall(GrpcClientProtocolClient.java:223)
	at org.apache.ratis.grpc.client.GrpcClientProtocolClient.groupAdd(GrpcClientProtocolClient.java:170)
	at org.apache.ratis.grpc.client.GrpcClientRpc.sendRequest(GrpcClientRpc.java:98)
	at org.apache.ratis.client.impl.BlockingImpl.sendRequest(BlockingImpl.java:145)
	at org.apache.ratis.client.impl.BlockingImpl.sendRequestWithRetry(BlockingImpl.java:109)
	at org.apache.ratis.client.impl.GroupManagementImpl.remove(GroupManagementImpl.java:61)
	at org.apache.hadoop.ozone.container.common.statemachine.commandhandler.ClosePipelineCommandHandler.lambda$handle$1(ClosePipelineCommandHandler.java:124)
	at java.base/java.util.stream.ForEachOps$ForEachOp$OfRef.accept(ForEachOps.java:183)
	at java.base/java.util.stream.ReferencePipeline$2$1.accept(ReferencePipeline.java:179)
	at java.base/java.util.HashMap$ValueSpliterator.forEachRemaining(HashMap.java:1779)
	at java.base/java.util.stream.AbstractPipeline.copyInto(AbstractPipeline.java:509)
	at java.base/java.util.stream.AbstractPipeline.wrapAndCopyInto(AbstractPipeline.java:499)
	at java.base/java.util.stream.ForEachOps$ForEachOp.evaluateSequential(ForEachOps.java:150)
	at java.base/java.util.stream.ForEachOps$ForEachOp$OfRef.evaluateSequential(ForEachOps.java:173)
	at java.base/java.util.stream.AbstractPipeline.evaluate(AbstractPipeline.java:234)
	at java.base/java.util.stream.ReferencePipeline.forEach(ReferencePipeline.java:596)
	at org.apache.hadoop.ozone.container.common.statemachine.commandhandler.ClosePipelineCommandHandler.lambda$handle$2(ClosePipelineCommandHandler.java:121)
	at java.base/java.util.concurrent.CompletableFuture$AsyncRun.run(CompletableFuture.java:1804)
	at java.base/java.util.concurrent.ThreadPoolExecutor.runWorker(ThreadPoolExecutor.java:1136)
	at java.base/java.util.concurrent.ThreadPoolExecutor$Worker.run(ThreadPoolExecutor.java:635)
	at java.base/java.lang.Thread.run(Thread.java:840)
Caused by: org.apache.ratis.thirdparty.io.grpc.StatusRuntimeException: UNAVAILABLE: io exception
	at org.apache.ratis.thirdparty.io.grpc.stub.ClientCalls.toStatusRuntimeException(ClientCalls.java:268)
	at org.apache.ratis.thirdparty.io.grpc.stub.ClientCalls.getUnchecked(ClientCalls.java:249)
	at org.apache.ratis.thirdparty.io.grpc.stub.ClientCalls.blockingUnaryCall(ClientCalls.java:167)
	at org.apache.ratis.proto.grpc.AdminProtocolServiceGrpc$AdminProtocolServiceBlockingStub.groupManagement(AdminProtocolServiceGrpc.java:468)
	at org.apache.ratis.grpc.client.GrpcClientProtocolClient.lambda$groupAdd$5(GrpcClientProtocolClient.java:172)
	at org.apache.ratis.grpc.client.GrpcClientProtocolClient.blockingCall(GrpcClientProtocolClient.java:221)
	... 20 more
Caused by: org.apache.ratis.thirdparty.io.netty.channel.AbstractChannel$AnnotatedConnectException: finishConnect(..) failed: Connection refused: /127.0.0.1:15075
Caused by: java.net.ConnectException: finishConnect(..) failed: Connection refused
	at org.apache.ratis.thirdparty.io.netty.channel.unix.Errors.newConnectException0(Errors.java:166)
	at org.apache.ratis.thirdparty.io.netty.channel.unix.Errors.handleConnectErrno(Errors.java:131)
	at org.apache.ratis.thirdparty.io.netty.channel.unix.Socket.finishConnect(Socket.java:359)
	at org.apache.ratis.thirdparty.io.netty.channel.epoll.AbstractEpollChannel$AbstractEpollUnsafe.doFinishConnect(AbstractEpollChannel.java:710)
	at org.apache.ratis.thirdparty.io.netty.channel.epoll.AbstractEpollChannel$AbstractEpollUnsafe.finishConnect(AbstractEpollChannel.java:687)
	at org.apache.ratis.thirdparty.io.netty.channel.epoll.AbstractEpollChannel$AbstractEpollUnsafe.epollOutReady(AbstractEpollChannel.java:567)
	at org.apache.ratis.thirdparty.io.netty.channel.epoll.EpollEventLoop.processReady(EpollEventLoop.java:499)
	at org.apache.ratis.thirdparty.io.netty.channel.epoll.EpollEventLoop.run(EpollEventLoop.java:407)
	at org.apache.ratis.thirdparty.io.netty.util.concurrent.SingleThreadEventExecutor$4.run(SingleThreadEventExecutor.java:997)
	at org.apache.ratis.thirdparty.io.netty.util.internal.ThreadExecutorMap$2.run(ThreadExecutorMap.java:74)
	at org.apache.ratis.thirdparty.io.netty.util.concurrent.FastThreadLocalRunnable.run(FastThreadLocalRunnable.java:30)
	at java.base/java.lang.Thread.run(Thread.java:840)
2024-06-08 17:12:46,477 [b58efb8a-bcce-4b5c-ba4f-ff0c627932bf-PipelineCommandHandlerThread-0] WARN  commandhandler.ClosePipelineCommandHandler (ClosePipelineCommandHandler.java:lambda$handle$1(132)) - Failed to remove group group-4BD12810AED6 of pipeline PipelineID=e13792a1-6aeb-4204-ab3e-4bd12810aed6 on peer e3b50f59-81fe-4964-a90b-c9e3e207dda8
java.io.IOException: org.apache.ratis.thirdparty.io.grpc.StatusRuntimeException: UNAVAILABLE: io exception
	at org.apache.ratis.grpc.GrpcUtil.unwrapException(GrpcUtil.java:99)
	at org.apache.ratis.grpc.client.GrpcClientProtocolClient.blockingCall(GrpcClientProtocolClient.java:223)
	at org.apache.ratis.grpc.client.GrpcClientProtocolClient.groupAdd(GrpcClientProtocolClient.java:170)
	at org.apache.ratis.grpc.client.GrpcClientRpc.sendRequest(GrpcClientRpc.java:98)
	at org.apache.ratis.client.impl.BlockingImpl.sendRequest(BlockingImpl.java:145)
	at org.apache.ratis.client.impl.BlockingImpl.sendRequestWithRetry(BlockingImpl.java:109)
	at org.apache.ratis.client.impl.GroupManagementImpl.remove(GroupManagementImpl.java:61)
	at org.apache.hadoop.ozone.container.common.statemachine.commandhandler.ClosePipelineCommandHandler.lambda$handle$1(ClosePipelineCommandHandler.java:124)
	at java.base/java.util.stream.ForEachOps$ForEachOp$OfRef.accept(ForEachOps.java:183)
	at java.base/java.util.stream.ReferencePipeline$2$1.accept(ReferencePipeline.java:179)
	at java.base/java.util.HashMap$ValueSpliterator.forEachRemaining(HashMap.java:1779)
	at java.base/java.util.stream.AbstractPipeline.copyInto(AbstractPipeline.java:509)
	at java.base/java.util.stream.AbstractPipeline.wrapAndCopyInto(AbstractPipeline.java:499)
	at java.base/java.util.stream.ForEachOps$ForEachOp.evaluateSequential(ForEachOps.java:150)
	at java.base/java.util.stream.ForEachOps$ForEachOp$OfRef.evaluateSequential(ForEachOps.java:173)
	at java.base/java.util.stream.AbstractPipeline.evaluate(AbstractPipeline.java:234)
	at java.base/java.util.stream.ReferencePipeline.forEach(ReferencePipeline.java:596)
	at org.apache.hadoop.ozone.container.common.statemachine.commandhandler.ClosePipelineCommandHandler.lambda$handle$2(ClosePipelineCommandHandler.java:121)
	at java.base/java.util.concurrent.CompletableFuture$AsyncRun.run(CompletableFuture.java:1804)
	at java.base/java.util.concurrent.ThreadPoolExecutor.runWorker(ThreadPoolExecutor.java:1136)
	at java.base/java.util.concurrent.ThreadPoolExecutor$Worker.run(ThreadPoolExecutor.java:635)
	at java.base/java.lang.Thread.run(Thread.java:840)
Caused by: org.apache.ratis.thirdparty.io.grpc.StatusRuntimeException: UNAVAILABLE: io exception
	at org.apache.ratis.thirdparty.io.grpc.stub.ClientCalls.toStatusRuntimeException(ClientCalls.java:268)
	at org.apache.ratis.thirdparty.io.grpc.stub.ClientCalls.getUnchecked(ClientCalls.java:249)
	at org.apache.ratis.thirdparty.io.grpc.stub.ClientCalls.blockingUnaryCall(ClientCalls.java:167)
	at org.apache.ratis.proto.grpc.AdminProtocolServiceGrpc$AdminProtocolServiceBlockingStub.groupManagement(AdminProtocolServiceGrpc.java:468)
	at org.apache.ratis.grpc.client.GrpcClientProtocolClient.lambda$groupAdd$5(GrpcClientProtocolClient.java:172)
	at org.apache.ratis.grpc.client.GrpcClientProtocolClient.blockingCall(GrpcClientProtocolClient.java:221)
	... 20 more
Caused by: org.apache.ratis.thirdparty.io.netty.channel.AbstractChannel$AnnotatedConnectException: finishConnect(..) failed: Connection refused: /127.0.0.1:15066
Caused by: java.net.ConnectException: finishConnect(..) failed: Connection refused
	at org.apache.ratis.thirdparty.io.netty.channel.unix.Errors.newConnectException0(Errors.java:166)
	at org.apache.ratis.thirdparty.io.netty.channel.unix.Errors.handleConnectErrno(Errors.java:131)
	at org.apache.ratis.thirdparty.io.netty.channel.unix.Socket.finishConnect(Socket.java:359)
	at org.apache.ratis.thirdparty.io.netty.channel.epoll.AbstractEpollChannel$AbstractEpollUnsafe.doFinishConnect(AbstractEpollChannel.java:710)
	at org.apache.ratis.thirdparty.io.netty.channel.epoll.AbstractEpollChannel$AbstractEpollUnsafe.finishConnect(AbstractEpollChannel.java:687)
	at org.apache.ratis.thirdparty.io.netty.channel.epoll.AbstractEpollChannel$AbstractEpollUnsafe.epollOutReady(AbstractEpollChannel.java:567)
	at org.apache.ratis.thirdparty.io.netty.channel.epoll.EpollEventLoop.processReady(EpollEventLoop.java:499)
	at org.apache.ratis.thirdparty.io.netty.channel.epoll.EpollEventLoop.run(EpollEventLoop.java:407)
	at org.apache.ratis.thirdparty.io.netty.util.concurrent.SingleThreadEventExecutor$4.run(SingleThreadEventExecutor.java:997)
	at org.apache.ratis.thirdparty.io.netty.util.internal.ThreadExecutorMap$2.run(ThreadExecutorMap.java:74)
	at org.apache.ratis.thirdparty.io.netty.util.concurrent.FastThreadLocalRunnable.run(FastThreadLocalRunnable.java:30)
	at java.base/java.lang.Thread.run(Thread.java:840)
2024-06-08 17:12:46,477 [b58efb8a-bcce-4b5c-ba4f-ff0c627932bf-PipelineCommandHandlerThread-0] INFO  server.RaftServer (RaftServerProxy.java:remove(111)) - b58efb8a-bcce-4b5c-ba4f-ff0c627932bf: remove    LEADER b58efb8a-bcce-4b5c-ba4f-ff0c627932bf@group-4BD12810AED6:t1, leader=b58efb8a-bcce-4b5c-ba4f-ff0c627932bf, voted=b58efb8a-bcce-4b5c-ba4f-ff0c627932bf, raftlog=Memoized:b58efb8a-bcce-4b5c-ba4f-ff0c627932bf@group-4BD12810AED6-SegmentedRaftLog:OPENED:c16, conf=0: peers:[b8911061-d087-4ec2-bfc4-9091de9e538b|127.0.0.1:15076, e3b50f59-81fe-4964-a90b-c9e3e207dda8|127.0.0.1:15067, b58efb8a-bcce-4b5c-ba4f-ff0c627932bf|127.0.0.1:15085]|listeners:[], old=null RUNNING
2024-06-08 17:12:46,477 [b58efb8a-bcce-4b5c-ba4f-ff0c627932bf-PipelineCommandHandlerThread-0] INFO  server.RaftServer$Division (RaftServerImpl.java:lambda$close$3(526)) - b58efb8a-bcce-4b5c-ba4f-ff0c627932bf@group-4BD12810AED6: shutdown
2024-06-08 17:12:46,477 [b58efb8a-bcce-4b5c-ba4f-ff0c627932bf-PipelineCommandHandlerThread-0] INFO  util.JmxRegister (JmxRegister.java:unregister(73)) - Successfully un-registered JMX Bean with object name Ratis:service=RaftServer,group=group-4BD12810AED6,id=b58efb8a-bcce-4b5c-ba4f-ff0c627932bf
2024-06-08 17:12:46,478 [b58efb8a-bcce-4b5c-ba4f-ff0c627932bf-PipelineCommandHandlerThread-0] INFO  impl.RoleInfo (RoleInfo.java:shutdownLeaderState(94)) - b58efb8a-bcce-4b5c-ba4f-ff0c627932bf: shutdown b58efb8a-bcce-4b5c-ba4f-ff0c627932bf@group-4BD12810AED6-LeaderStateImpl
2024-06-08 17:12:46,478 [b58efb8a-bcce-4b5c-ba4f-ff0c627932bf@group-4BD12810AED6->b8911061-d087-4ec2-bfc4-9091de9e538b-GrpcLogAppender-LogAppenderDaemon] WARN  server.GrpcLogAppender (GrpcLogAppender.java:mayWait(289)) - b58efb8a-bcce-4b5c-ba4f-ff0c627932bf@group-4BD12810AED6->b8911061-d087-4ec2-bfc4-9091de9e538b-GrpcLogAppender: Wait interrupted by java.lang.InterruptedException
2024-06-08 17:12:46,478 [b58efb8a-bcce-4b5c-ba4f-ff0c627932bf@group-4BD12810AED6->e3b50f59-81fe-4964-a90b-c9e3e207dda8-GrpcLogAppender-LogAppenderDaemon] WARN  server.GrpcLogAppender (GrpcLogAppender.java:mayWait(289)) - b58efb8a-bcce-4b5c-ba4f-ff0c627932bf@group-4BD12810AED6->e3b50f59-81fe-4964-a90b-c9e3e207dda8-GrpcLogAppender: Wait interrupted by java.lang.InterruptedException
2024-06-08 17:12:46,478 [b58efb8a-bcce-4b5c-ba4f-ff0c627932bf-PipelineCommandHandlerThread-0] INFO  impl.PendingRequests (PendingRequests.java:sendNotLeaderResponses(289)) - b58efb8a-bcce-4b5c-ba4f-ff0c627932bf@group-4BD12810AED6-PendingRequests: sendNotLeaderResponses
2024-06-08 17:12:46,478 [b58efb8a-bcce-4b5c-ba4f-ff0c627932bf-CloseContainerThread-0] INFO  commandhandler.CloseContainerCommandHandler (CloseContainerCommandHandler.java:lambda$handle$0(154)) - Follower cannot close container #1.
2024-06-08 17:12:46,479 [b58efb8a-bcce-4b5c-ba4f-ff0c627932bf-PipelineCommandHandlerThread-0] INFO  impl.StateMachineUpdater (StateMachineUpdater.java:stopAndJoin(157)) - b58efb8a-bcce-4b5c-ba4f-ff0c627932bf@group-4BD12810AED6-StateMachineUpdater: set stopIndex = 16
2024-06-08 17:12:46,479 [b58efb8a-bcce-4b5c-ba4f-ff0c627932bf@group-4BD12810AED6-StateMachineUpdater] INFO  ratis.ContainerStateMachine (ContainerStateMachine.java:takeSnapshot(355)) - group-4BD12810AED6: Taking a snapshot at:(t:1, i:16) file /home/runner/work/ozone/ozone/hadoop-ozone/integration-test/target/test-dir/MiniOzoneClusterImpl-6b59e386-941c-4981-b753-7806b34dbc05/ozone-meta/datanode-3/ratis/e13792a1-6aeb-4204-ab3e-4bd12810aed6/sm/snapshot.1_16
2024-06-08 17:12:46,480 [b58efb8a-bcce-4b5c-ba4f-ff0c627932bf@group-4BD12810AED6-StateMachineUpdater] INFO  ratis.ContainerStateMachine (ContainerStateMachine.java:takeSnapshot(366)) - group-4BD12810AED6: Finished taking a snapshot at:(t:1, i:16) file:/home/runner/work/ozone/ozone/hadoop-ozone/integration-test/target/test-dir/MiniOzoneClusterImpl-6b59e386-941c-4981-b753-7806b34dbc05/ozone-meta/datanode-3/ratis/e13792a1-6aeb-4204-ab3e-4bd12810aed6/sm/snapshot.1_16 took: 1 ms
2024-06-08 17:12:46,480 [b58efb8a-bcce-4b5c-ba4f-ff0c627932bf@group-4BD12810AED6-StateMachineUpdater] INFO  impl.StateMachineUpdater (StateMachineUpdater.java:takeSnapshot(295)) - b58efb8a-bcce-4b5c-ba4f-ff0c627932bf@group-4BD12810AED6-StateMachineUpdater: Took a snapshot at index 16
2024-06-08 17:12:46,480 [b58efb8a-bcce-4b5c-ba4f-ff0c627932bf@group-4BD12810AED6-StateMachineUpdater] INFO  impl.StateMachineUpdater (StateMachineUpdater.java:lambda$new$0(98)) - b58efb8a-bcce-4b5c-ba4f-ff0c627932bf@group-4BD12810AED6-StateMachineUpdater: snapshotIndex: updateIncreasingly -1 -> 16
2024-06-08 17:12:46,480 [b58efb8a-bcce-4b5c-ba4f-ff0c627932bf-PipelineCommandHandlerThread-0] INFO  server.RaftServer$Division (ServerState.java:close(427)) - b58efb8a-bcce-4b5c-ba4f-ff0c627932bf@group-4BD12810AED6: applyIndex: 16
2024-06-08 17:12:46,480 [b58efb8a-bcce-4b5c-ba4f-ff0c627932bf@group-4BD12810AED6-cacheEviction-AwaitToRun] INFO  util.AwaitToRun (AwaitToRun.java:run(49)) - b58efb8a-bcce-4b5c-ba4f-ff0c627932bf@group-4BD12810AED6-cacheEviction-AwaitToRun-AwaitForSignal is interrupted
2024-06-08 17:12:46,533 [timer2] WARN  server.GrpcLogAppender (LogUtils.java:warn(121)) - b58efb8a-bcce-4b5c-ba4f-ff0c627932bf@group-4BD12810AED6->b8911061-d087-4ec2-bfc4-9091de9e538b-AppendLogResponseHandler: Failed appendEntries (Repeated 10 times in the last 4.999s): org.apache.ratis.thirdparty.io.grpc.StatusRuntimeException: UNAVAILABLE: io exception
2024-06-08 17:12:46,534 [timer3] WARN  server.GrpcLogAppender (GrpcLogAppender.java:lambda$resetClient$1(217)) - b58efb8a-bcce-4b5c-ba4f-ff0c627932bf@group-4BD12810AED6->b8911061-d087-4ec2-bfc4-9091de9e538b-GrpcLogAppender: Follower failed (request=null, errorCount=4); keep nextIndex (17) unchanged and retry. (Repeated 4 times in the last 5.000s)
2024-06-08 17:12:47,475 [b58efb8a-bcce-4b5c-ba4f-ff0c627932bf-PipelineCommandHandlerThread-0] INFO  segmented.SegmentedRaftLogWorker (SegmentedRaftLogWorker.java:close(245)) - b58efb8a-bcce-4b5c-ba4f-ff0c627932bf@group-4BD12810AED6-SegmentedRaftLogWorker close()
2024-06-08 17:12:47,476 [b58efb8a-bcce-4b5c-ba4f-ff0c627932bf-PipelineCommandHandlerThread-0] INFO  keyvalue.KeyValueContainer (KeyValueContainer.java:flushAndSyncDB(522)) - Container 1 is synced with bcsId 14.
2024-06-08 17:12:47,476 [b58efb8a-bcce-4b5c-ba4f-ff0c627932bf-PipelineCommandHandlerThread-0] INFO  keyvalue.KeyValueContainer (KeyValueContainer.java:flushAndSyncDB(522)) - Container 1 is synced with bcsId 14.
2024-06-08 17:12:47,479 [b58efb8a-bcce-4b5c-ba4f-ff0c627932bf-PipelineCommandHandlerThread-0] INFO  server.RaftServer$Division (RaftServerImpl.java:groupRemove(496)) - b58efb8a-bcce-4b5c-ba4f-ff0c627932bf@group-4BD12810AED6: Succeed to remove RaftStorageDirectory Storage Directory /home/runner/work/ozone/ozone/hadoop-ozone/integration-test/target/test-dir/MiniOzoneClusterImpl-6b59e386-941c-4981-b753-7806b34dbc05/ozone-meta/datanode-3/ratis/e13792a1-6aeb-4204-ab3e-4bd12810aed6
2024-06-08 17:12:47,479 [b58efb8a-bcce-4b5c-ba4f-ff0c627932bf-PipelineCommandHandlerThread-0] INFO  commandhandler.ClosePipelineCommandHandler (ClosePipelineCommandHandler.java:lambda$handle$2(140)) - Close Pipeline PipelineID=e13792a1-6aeb-4204-ab3e-4bd12810aed6 command on datanode b58efb8a-bcce-4b5c-ba4f-ff0c627932bf.
2024-06-08 17:12:47,480 [FixedThreadPoolWithAffinityExecutor-1-0] INFO  container.IncrementalContainerReportHandler (AbstractContainerReportHandler.java:updateContainerState(287)) - Moving container #1 to QUASI_CLOSED state, datanode b58efb8a-bcce-4b5c-ba4f-ff0c627932bf(localhost/127.0.0.1) reported QUASI_CLOSED replica.
2024-06-08 17:12:47,484 [b58efb8a-bcce-4b5c-ba4f-ff0c627932bf-PipelineCommandHandlerThread-0] WARN  commandhandler.ClosePipelineCommandHandler (ClosePipelineCommandHandler.java:lambda$handle$1(132)) - Failed to remove group group-455C3F752D2D of pipeline PipelineID=bd0ebd06-b004-4cdd-8910-455c3f752d2d on peer b8911061-d087-4ec2-bfc4-9091de9e538b
java.io.IOException: org.apache.ratis.thirdparty.io.grpc.StatusRuntimeException: UNAVAILABLE: io exception
	at org.apache.ratis.grpc.GrpcUtil.unwrapException(GrpcUtil.java:99)
	at org.apache.ratis.grpc.client.GrpcClientProtocolClient.blockingCall(GrpcClientProtocolClient.java:223)
	at org.apache.ratis.grpc.client.GrpcClientProtocolClient.groupAdd(GrpcClientProtocolClient.java:170)
	at org.apache.ratis.grpc.client.GrpcClientRpc.sendRequest(GrpcClientRpc.java:98)
	at org.apache.ratis.client.impl.BlockingImpl.sendRequest(BlockingImpl.java:145)
	at org.apache.ratis.client.impl.BlockingImpl.sendRequestWithRetry(BlockingImpl.java:109)
	at org.apache.ratis.client.impl.GroupManagementImpl.remove(GroupManagementImpl.java:61)
	at org.apache.hadoop.ozone.container.common.statemachine.commandhandler.ClosePipelineCommandHandler.lambda$handle$1(ClosePipelineCommandHandler.java:124)
	at java.base/java.util.stream.ForEachOps$ForEachOp$OfRef.accept(ForEachOps.java:183)
	at java.base/java.util.stream.ReferencePipeline$2$1.accept(ReferencePipeline.java:179)
	at java.base/java.util.HashMap$ValueSpliterator.forEachRemaining(HashMap.java:1779)
	at java.base/java.util.stream.AbstractPipeline.copyInto(AbstractPipeline.java:509)
	at java.base/java.util.stream.AbstractPipeline.wrapAndCopyInto(AbstractPipeline.java:499)
	at java.base/java.util.stream.ForEachOps$ForEachOp.evaluateSequential(ForEachOps.java:150)
	at java.base/java.util.stream.ForEachOps$ForEachOp$OfRef.evaluateSequential(ForEachOps.java:173)
	at java.base/java.util.stream.AbstractPipeline.evaluate(AbstractPipeline.java:234)
	at java.base/java.util.stream.ReferencePipeline.forEach(ReferencePipeline.java:596)
	at org.apache.hadoop.ozone.container.common.statemachine.commandhandler.ClosePipelineCommandHandler.lambda$handle$2(ClosePipelineCommandHandler.java:121)
	at java.base/java.util.concurrent.CompletableFuture$AsyncRun.run(CompletableFuture.java:1804)
	at java.base/java.util.concurrent.ThreadPoolExecutor.runWorker(ThreadPoolExecutor.java:1136)
	at java.base/java.util.concurrent.ThreadPoolExecutor$Worker.run(ThreadPoolExecutor.java:635)
	at java.base/java.lang.Thread.run(Thread.java:840)
Caused by: org.apache.ratis.thirdparty.io.grpc.StatusRuntimeException: UNAVAILABLE: io exception
	at org.apache.ratis.thirdparty.io.grpc.stub.ClientCalls.toStatusRuntimeException(ClientCalls.java:268)
	at org.apache.ratis.thirdparty.io.grpc.stub.ClientCalls.getUnchecked(ClientCalls.java:249)
	at org.apache.ratis.thirdparty.io.grpc.stub.ClientCalls.blockingUnaryCall(ClientCalls.java:167)
	at org.apache.ratis.proto.grpc.AdminProtocolServiceGrpc$AdminProtocolServiceBlockingStub.groupManagement(AdminProtocolServiceGrpc.java:468)
	at org.apache.ratis.grpc.client.GrpcClientProtocolClient.lambda$groupAdd$5(GrpcClientProtocolClient.java:172)
	at org.apache.ratis.grpc.client.GrpcClientProtocolClient.blockingCall(GrpcClientProtocolClient.java:221)
	... 20 more
Caused by: org.apache.ratis.thirdparty.io.netty.channel.AbstractChannel$AnnotatedConnectException: finishConnect(..) failed: Connection refused: /127.0.0.1:15075
Caused by: java.net.ConnectException: finishConnect(..) failed: Connection refused
	at org.apache.ratis.thirdparty.io.netty.channel.unix.Errors.newConnectException0(Errors.java:166)
	at org.apache.ratis.thirdparty.io.netty.channel.unix.Errors.handleConnectErrno(Errors.java:131)
	at org.apache.ratis.thirdparty.io.netty.channel.unix.Socket.finishConnect(Socket.java:359)
	at org.apache.ratis.thirdparty.io.netty.channel.epoll.AbstractEpollChannel$AbstractEpollUnsafe.doFinishConnect(AbstractEpollChannel.java:710)
	at org.apache.ratis.thirdparty.io.netty.channel.epoll.AbstractEpollChannel$AbstractEpollUnsafe.finishConnect(AbstractEpollChannel.java:687)
	at org.apache.ratis.thirdparty.io.netty.channel.epoll.AbstractEpollChannel$AbstractEpollUnsafe.epollOutReady(AbstractEpollChannel.java:567)
	at org.apache.ratis.thirdparty.io.netty.channel.epoll.EpollEventLoop.processReady(EpollEventLoop.java:499)
	at org.apache.ratis.thirdparty.io.netty.channel.epoll.EpollEventLoop.run(EpollEventLoop.java:407)
	at org.apache.ratis.thirdparty.io.netty.util.concurrent.SingleThreadEventExecutor$4.run(SingleThreadEventExecutor.java:997)
	at org.apache.ratis.thirdparty.io.netty.util.internal.ThreadExecutorMap$2.run(ThreadExecutorMap.java:74)
	at org.apache.ratis.thirdparty.io.netty.util.concurrent.FastThreadLocalRunnable.run(FastThreadLocalRunnable.java:30)
	at java.base/java.lang.Thread.run(Thread.java:840)
2024-06-08 17:12:47,487 [b58efb8a-bcce-4b5c-ba4f-ff0c627932bf-PipelineCommandHandlerThread-0] WARN  commandhandler.ClosePipelineCommandHandler (ClosePipelineCommandHandler.java:lambda$handle$1(132)) - Failed to remove group group-455C3F752D2D of pipeline PipelineID=bd0ebd06-b004-4cdd-8910-455c3f752d2d on peer e3b50f59-81fe-4964-a90b-c9e3e207dda8
java.io.IOException: org.apache.ratis.thirdparty.io.grpc.StatusRuntimeException: UNAVAILABLE: io exception
	at org.apache.ratis.grpc.GrpcUtil.unwrapException(GrpcUtil.java:99)
	at org.apache.ratis.grpc.client.GrpcClientProtocolClient.blockingCall(GrpcClientProtocolClient.java:223)
	at org.apache.ratis.grpc.client.GrpcClientProtocolClient.groupAdd(GrpcClientProtocolClient.java:170)
	at org.apache.ratis.grpc.client.GrpcClientRpc.sendRequest(GrpcClientRpc.java:98)
	at org.apache.ratis.client.impl.BlockingImpl.sendRequest(BlockingImpl.java:145)
	at org.apache.ratis.client.impl.BlockingImpl.sendRequestWithRetry(BlockingImpl.java:109)
	at org.apache.ratis.client.impl.GroupManagementImpl.remove(GroupManagementImpl.java:61)
	at org.apache.hadoop.ozone.container.common.statemachine.commandhandler.ClosePipelineCommandHandler.lambda$handle$1(ClosePipelineCommandHandler.java:124)
	at java.base/java.util.stream.ForEachOps$ForEachOp$OfRef.accept(ForEachOps.java:183)
	at java.base/java.util.stream.ReferencePipeline$2$1.accept(ReferencePipeline.java:179)
	at java.base/java.util.HashMap$ValueSpliterator.forEachRemaining(HashMap.java:1779)
	at java.base/java.util.stream.AbstractPipeline.copyInto(AbstractPipeline.java:509)
	at java.base/java.util.stream.AbstractPipeline.wrapAndCopyInto(AbstractPipeline.java:499)
	at java.base/java.util.stream.ForEachOps$ForEachOp.evaluateSequential(ForEachOps.java:150)
	at java.base/java.util.stream.ForEachOps$ForEachOp$OfRef.evaluateSequential(ForEachOps.java:173)
	at java.base/java.util.stream.AbstractPipeline.evaluate(AbstractPipeline.java:234)
	at java.base/java.util.stream.ReferencePipeline.forEach(ReferencePipeline.java:596)
	at org.apache.hadoop.ozone.container.common.statemachine.commandhandler.ClosePipelineCommandHandler.lambda$handle$2(ClosePipelineCommandHandler.java:121)
	at java.base/java.util.concurrent.CompletableFuture$AsyncRun.run(CompletableFuture.java:1804)
	at java.base/java.util.concurrent.ThreadPoolExecutor.runWorker(ThreadPoolExecutor.java:1136)
	at java.base/java.util.concurrent.ThreadPoolExecutor$Worker.run(ThreadPoolExecutor.java:635)
	at java.base/java.lang.Thread.run(Thread.java:840)
Caused by: org.apache.ratis.thirdparty.io.grpc.StatusRuntimeException: UNAVAILABLE: io exception
	at org.apache.ratis.thirdparty.io.grpc.stub.ClientCalls.toStatusRuntimeException(ClientCalls.java:268)
	at org.apache.ratis.thirdparty.io.grpc.stub.ClientCalls.getUnchecked(ClientCalls.java:249)
	at org.apache.ratis.thirdparty.io.grpc.stub.ClientCalls.blockingUnaryCall(ClientCalls.java:167)
	at org.apache.ratis.proto.grpc.AdminProtocolServiceGrpc$AdminProtocolServiceBlockingStub.groupManagement(AdminProtocolServiceGrpc.java:468)
	at org.apache.ratis.grpc.client.GrpcClientProtocolClient.lambda$groupAdd$5(GrpcClientProtocolClient.java:172)
	at org.apache.ratis.grpc.client.GrpcClientProtocolClient.blockingCall(GrpcClientProtocolClient.java:221)
	... 20 more
Caused by: org.apache.ratis.thirdparty.io.netty.channel.AbstractChannel$AnnotatedConnectException: finishConnect(..) failed: Connection refused: /127.0.0.1:15066
Caused by: java.net.ConnectException: finishConnect(..) failed: Connection refused
	at org.apache.ratis.thirdparty.io.netty.channel.unix.Errors.newConnectException0(Errors.java:166)
	at org.apache.ratis.thirdparty.io.netty.channel.unix.Errors.handleConnectErrno(Errors.java:131)
	at org.apache.ratis.thirdparty.io.netty.channel.unix.Socket.finishConnect(Socket.java:359)
	at org.apache.ratis.thirdparty.io.netty.channel.epoll.AbstractEpollChannel$AbstractEpollUnsafe.doFinishConnect(AbstractEpollChannel.java:710)
	at org.apache.ratis.thirdparty.io.netty.channel.epoll.AbstractEpollChannel$AbstractEpollUnsafe.finishConnect(AbstractEpollChannel.java:687)
	at org.apache.ratis.thirdparty.io.netty.channel.epoll.AbstractEpollChannel$AbstractEpollUnsafe.epollOutReady(AbstractEpollChannel.java:567)
	at org.apache.ratis.thirdparty.io.netty.channel.epoll.EpollEventLoop.processReady(EpollEventLoop.java:499)
	at org.apache.ratis.thirdparty.io.netty.channel.epoll.EpollEventLoop.run(EpollEventLoop.java:407)
	at org.apache.ratis.thirdparty.io.netty.util.concurrent.SingleThreadEventExecutor$4.run(SingleThreadEventExecutor.java:997)
	at org.apache.ratis.thirdparty.io.netty.util.internal.ThreadExecutorMap$2.run(ThreadExecutorMap.java:74)
	at org.apache.ratis.thirdparty.io.netty.util.concurrent.FastThreadLocalRunnable.run(FastThreadLocalRunnable.java:30)
	at java.base/java.lang.Thread.run(Thread.java:840)
2024-06-08 17:12:47,488 [b58efb8a-bcce-4b5c-ba4f-ff0c627932bf-PipelineCommandHandlerThread-0] INFO  server.RaftServer (RaftServerProxy.java:remove(111)) - b58efb8a-bcce-4b5c-ba4f-ff0c627932bf: remove  FOLLOWER b58efb8a-bcce-4b5c-ba4f-ff0c627932bf@group-455C3F752D2D:t1, leader=null, voted=e3b50f59-81fe-4964-a90b-c9e3e207dda8, raftlog=Memoized:b58efb8a-bcce-4b5c-ba4f-ff0c627932bf@group-455C3F752D2D-SegmentedRaftLog:OPENED:c0, conf=0: peers:[b8911061-d087-4ec2-bfc4-9091de9e538b|127.0.0.1:15076, e3b50f59-81fe-4964-a90b-c9e3e207dda8|127.0.0.1:15067, b58efb8a-bcce-4b5c-ba4f-ff0c627932bf|127.0.0.1:15085]|listeners:[], old=null RUNNING
2024-06-08 17:12:47,488 [b58efb8a-bcce-4b5c-ba4f-ff0c627932bf-PipelineCommandHandlerThread-0] INFO  server.RaftServer$Division (RaftServerImpl.java:lambda$close$3(526)) - b58efb8a-bcce-4b5c-ba4f-ff0c627932bf@group-455C3F752D2D: shutdown
2024-06-08 17:12:47,488 [b58efb8a-bcce-4b5c-ba4f-ff0c627932bf-PipelineCommandHandlerThread-0] INFO  util.JmxRegister (JmxRegister.java:unregister(73)) - Successfully un-registered JMX Bean with object name Ratis:service=RaftServer,group=group-455C3F752D2D,id=b58efb8a-bcce-4b5c-ba4f-ff0c627932bf
2024-06-08 17:12:47,488 [b58efb8a-bcce-4b5c-ba4f-ff0c627932bf-PipelineCommandHandlerThread-0] INFO  impl.RoleInfo (RoleInfo.java:shutdownFollowerState(110)) - b58efb8a-bcce-4b5c-ba4f-ff0c627932bf: shutdown b58efb8a-bcce-4b5c-ba4f-ff0c627932bf@group-455C3F752D2D-FollowerState
2024-06-08 17:12:47,488 [b58efb8a-bcce-4b5c-ba4f-ff0c627932bf-PipelineCommandHandlerThread-0] INFO  impl.StateMachineUpdater (StateMachineUpdater.java:stopAndJoin(157)) - b58efb8a-bcce-4b5c-ba4f-ff0c627932bf@group-455C3F752D2D-StateMachineUpdater: set stopIndex = 0
2024-06-08 17:12:47,488 [b58efb8a-bcce-4b5c-ba4f-ff0c627932bf@group-455C3F752D2D-StateMachineUpdater] INFO  ratis.ContainerStateMachine (ContainerStateMachine.java:takeSnapshot(355)) - group-455C3F752D2D: Taking a snapshot at:(t:1, i:0) file /home/runner/work/ozone/ozone/hadoop-ozone/integration-test/target/test-dir/MiniOzoneClusterImpl-6b59e386-941c-4981-b753-7806b34dbc05/ozone-meta/datanode-3/ratis/bd0ebd06-b004-4cdd-8910-455c3f752d2d/sm/snapshot.1_0
2024-06-08 17:12:47,489 [b58efb8a-bcce-4b5c-ba4f-ff0c627932bf@group-455C3F752D2D-StateMachineUpdater] INFO  ratis.ContainerStateMachine (ContainerStateMachine.java:takeSnapshot(366)) - group-455C3F752D2D: Finished taking a snapshot at:(t:1, i:0) file:/home/runner/work/ozone/ozone/hadoop-ozone/integration-test/target/test-dir/MiniOzoneClusterImpl-6b59e386-941c-4981-b753-7806b34dbc05/ozone-meta/datanode-3/ratis/bd0ebd06-b004-4cdd-8910-455c3f752d2d/sm/snapshot.1_0 took: 0 ms
2024-06-08 17:12:47,489 [b58efb8a-bcce-4b5c-ba4f-ff0c627932bf@group-455C3F752D2D-StateMachineUpdater] INFO  impl.StateMachineUpdater (StateMachineUpdater.java:takeSnapshot(295)) - b58efb8a-bcce-4b5c-ba4f-ff0c627932bf@group-455C3F752D2D-StateMachineUpdater: Took a snapshot at index 0
2024-06-08 17:12:47,489 [b58efb8a-bcce-4b5c-ba4f-ff0c627932bf@group-455C3F752D2D-StateMachineUpdater] INFO  impl.StateMachineUpdater (StateMachineUpdater.java:lambda$new$0(98)) - b58efb8a-bcce-4b5c-ba4f-ff0c627932bf@group-455C3F752D2D-StateMachineUpdater: snapshotIndex: updateIncreasingly -1 -> 0
2024-06-08 17:12:47,490 [b58efb8a-bcce-4b5c-ba4f-ff0c627932bf-PipelineCommandHandlerThread-0] INFO  server.RaftServer$Division (ServerState.java:close(427)) - b58efb8a-bcce-4b5c-ba4f-ff0c627932bf@group-455C3F752D2D: applyIndex: 0
2024-06-08 17:12:47,490 [b58efb8a-bcce-4b5c-ba4f-ff0c627932bf@group-455C3F752D2D-cacheEviction-AwaitToRun] INFO  util.AwaitToRun (AwaitToRun.java:run(49)) - b58efb8a-bcce-4b5c-ba4f-ff0c627932bf@group-455C3F752D2D-cacheEviction-AwaitToRun-AwaitForSignal is interrupted
2024-06-08 17:12:47,490 [b58efb8a-bcce-4b5c-ba4f-ff0c627932bf@group-455C3F752D2D-FollowerState] INFO  impl.FollowerState (FollowerState.java:run(152)) - b58efb8a-bcce-4b5c-ba4f-ff0c627932bf@group-455C3F752D2D-FollowerState was interrupted
2024-06-08 17:12:47,554 [EventQueue-DeadNodeForDeadNodeHandler] INFO  node.DeadNodeHandler (DeadNodeHandler.java:onMessage(95)) - A dead datanode is detected. b8911061-d087-4ec2-bfc4-9091de9e538b(localhost/127.0.0.1)
2024-06-08 17:12:47,554 [EventQueue-DeadNodeForDeadNodeHandler] INFO  pipeline.RatisPipelineProvider (RatisPipelineProvider.java:lambda$close$4(270)) - Send pipeline:PipelineID=8f3c9ac3-1342-476a-b2df-9d1b5707d807 close command to datanode b8911061-d087-4ec2-bfc4-9091de9e538b
2024-06-08 17:12:47,555 [EventQueue-DeadNodeForDeadNodeHandler] INFO  pipeline.PipelineManagerImpl (PipelineManagerImpl.java:removePipeline(459)) - Pipeline Pipeline[ Id: 8f3c9ac3-1342-476a-b2df-9d1b5707d807, Nodes: b8911061-d087-4ec2-bfc4-9091de9e538b(localhost/127.0.0.1), ReplicationConfig: RATIS/ONE, State:CLOSED, leaderId:b8911061-d087-4ec2-bfc4-9091de9e538b, CreationTimestamp2024-06-08T17:12:21.049Z[Etc/UTC]] removed.
2024-06-08 17:12:47,555 [EventQueue-DeadNodeForDeadNodeHandler] INFO  pipeline.RatisPipelineProvider (RatisPipelineProvider.java:lambda$close$4(270)) - Send pipeline:PipelineID=5f8c7168-02ac-4541-8970-c62589969397 close command to datanode b58efb8a-bcce-4b5c-ba4f-ff0c627932bf
2024-06-08 17:12:47,555 [EventQueue-DeadNodeForDeadNodeHandler] INFO  pipeline.RatisPipelineProvider (RatisPipelineProvider.java:lambda$close$4(270)) - Send pipeline:PipelineID=5f8c7168-02ac-4541-8970-c62589969397 close command to datanode 4a3afcc0-0f17-4502-9539-e074401f0f0d
2024-06-08 17:12:47,555 [EventQueue-DeadNodeForDeadNodeHandler] INFO  pipeline.RatisPipelineProvider (RatisPipelineProvider.java:lambda$close$4(270)) - Send pipeline:PipelineID=5f8c7168-02ac-4541-8970-c62589969397 close command to datanode b8911061-d087-4ec2-bfc4-9091de9e538b
2024-06-08 17:12:47,555 [EventQueue-DeadNodeForDeadNodeHandler] INFO  pipeline.PipelineManagerImpl (PipelineManagerImpl.java:removePipeline(459)) - Pipeline Pipeline[ Id: 5f8c7168-02ac-4541-8970-c62589969397, Nodes: b58efb8a-bcce-4b5c-ba4f-ff0c627932bf(localhost/127.0.0.1)4a3afcc0-0f17-4502-9539-e074401f0f0d(localhost/127.0.0.1)b8911061-d087-4ec2-bfc4-9091de9e538b(localhost/127.0.0.1), ReplicationConfig: RATIS/THREE, State:CLOSED, leaderId:, CreationTimestamp2024-06-08T17:12:44.539Z[Etc/UTC]] removed.
2024-06-08 17:12:47,555 [EventQueue-DeadNodeForDeadNodeHandler] INFO  node.DeadNodeHandler (DeadNodeHandler.java:onMessage(108)) - Clearing command queue of size 6 for DN b8911061-d087-4ec2-bfc4-9091de9e538b(localhost/127.0.0.1)
2024-06-08 17:12:47,555 [EventQueue-DeadNodeForDeadNodeHandler] INFO  net.NetworkTopologyImpl (NetworkTopologyImpl.java:remove(212)) - Removed a node: /default-rack/b8911061-d087-4ec2-bfc4-9091de9e538b
2024-06-08 17:12:47,643 [IPC Server handler 10 on default port 15054] WARN  pipeline.PipelineManagerImpl (PipelineManagerImpl.java:waitOnePipelineReady(753)) - Pipeline PipelineID=5f8c7168-02ac-4541-8970-c62589969397 cannot be found
2024-06-08 17:12:47,643 [IPC Server handler 10 on default port 15054] WARN  pipeline.WritableRatisContainerProvider (WritableRatisContainerProvider.java:getContainer(106)) - Pipeline creation failed for repConfig RATIS/THREE Datanodes may be used up. Try to see if any pipeline is in ALLOCATED state, and then will wait for it to be OPEN
org.apache.hadoop.hdds.scm.pipeline.PipelineNotFoundException: The input pipeline IDs 5f8c7168-02ac-4541-8970-c62589969397 cannot be found
	at org.apache.hadoop.hdds.scm.pipeline.PipelineManagerImpl.waitOnePipelineReady(PipelineManagerImpl.java:758)
	at org.apache.hadoop.hdds.scm.pipeline.PipelineManagerImpl.waitPipelineReady(PipelineManagerImpl.java:725)
	at org.apache.hadoop.hdds.scm.pipeline.WritableRatisContainerProvider.getContainer(WritableRatisContainerProvider.java:103)
	at org.apache.hadoop.hdds.scm.pipeline.WritableContainerFactory.getContainer(WritableContainerFactory.java:74)
	at org.apache.hadoop.hdds.scm.block.BlockManagerImpl.allocateBlock(BlockManagerImpl.java:163)
	at org.apache.hadoop.hdds.scm.server.SCMBlockProtocolServer.allocateBlock(SCMBlockProtocolServer.java:206)
	at org.apache.hadoop.hdds.scm.protocol.ScmBlockLocationProtocolServerSideTranslatorPB.allocateScmBlock(ScmBlockLocationProtocolServerSideTranslatorPB.java:198)
	at org.apache.hadoop.hdds.scm.protocol.ScmBlockLocationProtocolServerSideTranslatorPB.processMessage(ScmBlockLocationProtocolServerSideTranslatorPB.java:144)
	at org.apache.hadoop.hdds.server.OzoneProtocolMessageDispatcher.processRequest(OzoneProtocolMessageDispatcher.java:89)
	at org.apache.hadoop.hdds.scm.protocol.ScmBlockLocationProtocolServerSideTranslatorPB.send(ScmBlockLocationProtocolServerSideTranslatorPB.java:115)
	at org.apache.hadoop.hdds.protocol.proto.ScmBlockLocationProtocolProtos$ScmBlockLocationProtocolService$2.callBlockingMethod(ScmBlockLocationProtocolProtos.java:15752)
	at org.apache.hadoop.ipc.ProtobufRpcEngine$Server.processCall(ProtobufRpcEngine.java:484)
	at org.apache.hadoop.ipc.ProtobufRpcEngine2$Server$ProtoBufRpcInvoker.call(ProtobufRpcEngine2.java:595)
	at org.apache.hadoop.ipc.ProtobufRpcEngine2$Server$ProtoBufRpcInvoker.call(ProtobufRpcEngine2.java:573)
	at org.apache.hadoop.ipc.RPC$Server.call(RPC.java:1227)
	at org.apache.hadoop.ipc.Server$RpcCall.run(Server.java:1094)
	at org.apache.hadoop.ipc.Server$RpcCall.run(Server.java:1017)
	at java.base/java.security.AccessController.doPrivileged(AccessController.java:712)
	at java.base/javax.security.auth.Subject.doAs(Subject.java:439)
	at org.apache.hadoop.security.UserGroupInformation.doAs(UserGroupInformation.java:1899)
	at org.apache.hadoop.ipc.Server$Handler.run(Server.java:3048)
2024-06-08 17:12:47,643 [IPC Server handler 10 on default port 15054] ERROR pipeline.WritableRatisContainerProvider (WritableRatisContainerProvider.java:getContainer(145)) - Unable to allocate a block for the size: 800, repConfig: RATIS/THREE
17:12:47.643 [IPC Server handler 10 on default port 15054] ERROR SCMAudit - user=runner | ip=127.0.0.1 | op=ALLOCATE_BLOCK {replication=RATIS/THREE, owner=omServiceIdDefault, size=800, num=1, client=} | ret=FAILURE
java.io.IOException: Unable to allocate a container to the block of size: 800, replicationConfig: RATIS/THREE. The input pipeline IDs 5f8c7168-02ac-4541-8970-c62589969397 cannot be found
	at org.apache.hadoop.hdds.scm.pipeline.WritableRatisContainerProvider.getContainer(WritableRatisContainerProvider.java:148) ~[classes/:?]
	at org.apache.hadoop.hdds.scm.pipeline.WritableContainerFactory.getContainer(WritableContainerFactory.java:74) ~[classes/:?]
	at org.apache.hadoop.hdds.scm.block.BlockManagerImpl.allocateBlock(BlockManagerImpl.java:163) ~[classes/:?]
	at org.apache.hadoop.hdds.scm.server.SCMBlockProtocolServer.allocateBlock(SCMBlockProtocolServer.java:206) ~[classes/:?]
	at org.apache.hadoop.hdds.scm.protocol.ScmBlockLocationProtocolServerSideTranslatorPB.allocateScmBlock(ScmBlockLocationProtocolServerSideTranslatorPB.java:198) ~[classes/:?]
	at org.apache.hadoop.hdds.scm.protocol.ScmBlockLocationProtocolServerSideTranslatorPB.processMessage(ScmBlockLocationProtocolServerSideTranslatorPB.java:144) ~[classes/:?]
	at org.apache.hadoop.hdds.server.OzoneProtocolMessageDispatcher.processRequest(OzoneProtocolMessageDispatcher.java:89) ~[classes/:?]
	at org.apache.hadoop.hdds.scm.protocol.ScmBlockLocationProtocolServerSideTranslatorPB.send(ScmBlockLocationProtocolServerSideTranslatorPB.java:115) ~[classes/:?]
	at org.apache.hadoop.hdds.protocol.proto.ScmBlockLocationProtocolProtos$ScmBlockLocationProtocolService$2.callBlockingMethod(ScmBlockLocationProtocolProtos.java:15752) ~[classes/:?]
	at org.apache.hadoop.ipc.ProtobufRpcEngine$Server.processCall(ProtobufRpcEngine.java:484) ~[hadoop-common-3.3.6.jar:?]
	at org.apache.hadoop.ipc.ProtobufRpcEngine2$Server$ProtoBufRpcInvoker.call(ProtobufRpcEngine2.java:595) ~[hadoop-common-3.3.6.jar:?]
	at org.apache.hadoop.ipc.ProtobufRpcEngine2$Server$ProtoBufRpcInvoker.call(ProtobufRpcEngine2.java:573) ~[hadoop-common-3.3.6.jar:?]
	at org.apache.hadoop.ipc.RPC$Server.call(RPC.java:1227) ~[hadoop-common-3.3.6.jar:?]
	at org.apache.hadoop.ipc.Server$RpcCall.run(Server.java:1094) ~[hadoop-common-3.3.6.jar:?]
	at org.apache.hadoop.ipc.Server$RpcCall.run(Server.java:1017) ~[hadoop-common-3.3.6.jar:?]
	at java.security.AccessController.doPrivileged(AccessController.java:712) [?:?]
	at javax.security.auth.Subject.doAs(Subject.java:439) [?:?]
	at org.apache.hadoop.security.UserGroupInformation.doAs(UserGroupInformation.java:1899) [hadoop-common-3.3.6.jar:?]
	at org.apache.hadoop.ipc.Server$Handler.run(Server.java:3048) [hadoop-common-3.3.6.jar:?]
2024-06-08 17:12:47,650 [main] INFO  ozone.MiniOzoneClusterImpl (MiniOzoneClusterImpl.java:shutdown(396)) - Shutting down the Mini Ozone Cluster
2024-06-08 17:12:47,650 [main] INFO  db.CodecTestUtil (CodecTestUtil.java:gc(50)) - gc 0
2024-06-08 17:12:47,809 [main] INFO  ozone.MiniOzoneClusterImpl (MiniOzoneClusterImpl.java:stop(412)) - Stopping the Mini Ozone Cluster
2024-06-08 17:12:47,809 [main] INFO  om.OzoneManager (OzoneManager.java:stop(2232)) - om1[localhost:15057]: Stopping Ozone Manager
2024-06-08 17:12:47,809 [main] INFO  ipc.Server (Server.java:stop(3523)) - Stopping server on 15057
2024-06-08 17:12:47,810 [IPC Server listener on 15057] INFO  ipc.Server (Server.java:run(1434)) - Stopping IPC Server listener on 15057
2024-06-08 17:12:47,810 [IPC Server Responder] INFO  ipc.Server (Server.java:run(1567)) - Stopping IPC Server Responder
2024-06-08 17:12:47,811 [main] INFO  ratis.OzoneManagerRatisServer (OzoneManagerRatisServer.java:stop(600)) - Stopping org.apache.hadoop.ozone.om.ratis.OzoneManagerRatisServer@3a0f0552 at port 15060
2024-06-08 17:12:47,811 [main] INFO  server.RaftServer (RaftServerProxy.java:lambda$close$9(416)) - om1: close
2024-06-08 17:12:47,811 [main] INFO  server.GrpcService (GrpcService.java:closeImpl(311)) - om1: shutdown server GrpcServerProtocolService now
2024-06-08 17:12:47,811 [om1-impl-thread1] INFO  server.RaftServer$Division (RaftServerImpl.java:lambda$close$3(526)) - om1@group-C5BA1605619E: shutdown
2024-06-08 17:12:47,812 [om1-impl-thread1] INFO  util.JmxRegister (JmxRegister.java:unregister(73)) - Successfully un-registered JMX Bean with object name Ratis:service=RaftServer,group=group-C5BA1605619E,id=om1
2024-06-08 17:12:47,812 [om1-impl-thread1] INFO  impl.RoleInfo (RoleInfo.java:shutdownLeaderState(94)) - om1: shutdown om1@group-C5BA1605619E-LeaderStateImpl
2024-06-08 17:12:47,812 [om1-impl-thread1] INFO  impl.PendingRequests (PendingRequests.java:sendNotLeaderResponses(289)) - om1@group-C5BA1605619E-PendingRequests: sendNotLeaderResponses
2024-06-08 17:12:47,812 [main] INFO  server.GrpcService (GrpcService.java:closeImpl(320)) - om1: shutdown server GrpcServerProtocolService successfully
2024-06-08 17:12:47,812 [om1@group-C5BA1605619E-StateMachineUpdater] INFO  ratis.OzoneManagerStateMachine (OzoneManagerStateMachine.java:takeSnapshotImpl(481)) -  applied = (t:1, i:6)
2024-06-08 17:12:47,812 [om1@group-C5BA1605619E-StateMachineUpdater] INFO  ratis.OzoneManagerStateMachine (OzoneManagerStateMachine.java:takeSnapshotImpl(482)) -  skipped = 5
2024-06-08 17:12:47,812 [om1@group-C5BA1605619E-StateMachineUpdater] INFO  ratis.OzoneManagerStateMachine (OzoneManagerStateMachine.java:takeSnapshotImpl(483)) - notified = (t:1, i:6)
2024-06-08 17:12:47,812 [om1@group-C5BA1605619E-StateMachineUpdater] INFO  ratis.OzoneManagerStateMachine (OzoneManagerStateMachine.java:takeSnapshotImpl(484)) - snapshot = (t:1, i:6)
2024-06-08 17:12:47,812 [om1-impl-thread1] INFO  impl.StateMachineUpdater (StateMachineUpdater.java:stopAndJoin(157)) - om1@group-C5BA1605619E-StateMachineUpdater: set stopIndex = 6
2024-06-08 17:12:47,824 [om1@group-C5BA1605619E-StateMachineUpdater] INFO  impl.StateMachineUpdater (StateMachineUpdater.java:takeSnapshot(295)) - om1@group-C5BA1605619E-StateMachineUpdater: Took a snapshot at index 6
2024-06-08 17:12:47,824 [om1@group-C5BA1605619E-StateMachineUpdater] INFO  impl.StateMachineUpdater (StateMachineUpdater.java:lambda$new$0(98)) - om1@group-C5BA1605619E-StateMachineUpdater: snapshotIndex: updateIncreasingly -1 -> 6
2024-06-08 17:12:47,824 [om1@group-C5BA1605619E-StateMachineUpdater] INFO  ratis.OzoneManagerStateMachine (OzoneManagerStateMachine.java:close(527)) - Stopping OzoneManagerStateMachine:om1:group-C5BA1605619E.
2024-06-08 17:12:47,824 [om1@group-C5BA1605619E-StateMachineUpdater] INFO  ratis.OzoneManagerDoubleBuffer (OzoneManagerDoubleBuffer.java:stopDaemon(517)) - Stopping OMDoubleBuffer flush thread
2024-06-08 17:12:47,824 [om1-OMDoubleBufferFlushThread] INFO  ratis.OzoneManagerDoubleBuffer (OzoneManagerDoubleBuffer.java:canFlush(581)) - OMDoubleBuffer flush thread om1-OMDoubleBufferFlushThread is interrupted and will exit.
2024-06-08 17:12:47,825 [om1-impl-thread1] INFO  server.RaftServer$Division (ServerState.java:close(427)) - om1@group-C5BA1605619E: applyIndex: 6
2024-06-08 17:12:47,825 [om1@group-C5BA1605619E-cacheEviction-AwaitToRun] INFO  util.AwaitToRun (AwaitToRun.java:run(49)) - om1@group-C5BA1605619E-cacheEviction-AwaitToRun-AwaitForSignal is interrupted
2024-06-08 17:12:48,153 [b58efb8a-bcce-4b5c-ba4f-ff0c627932bf-PipelineCommandHandlerThread-0] INFO  segmented.SegmentedRaftLogWorker (SegmentedRaftLogWorker.java:close(245)) - b58efb8a-bcce-4b5c-ba4f-ff0c627932bf@group-455C3F752D2D-SegmentedRaftLogWorker close()
2024-06-08 17:12:48,153 [b58efb8a-bcce-4b5c-ba4f-ff0c627932bf-PipelineCommandHandlerThread-0] INFO  server.RaftServer$Division (RaftServerImpl.java:groupRemove(496)) - b58efb8a-bcce-4b5c-ba4f-ff0c627932bf@group-455C3F752D2D: Succeed to remove RaftStorageDirectory Storage Directory /home/runner/work/ozone/ozone/hadoop-ozone/integration-test/target/test-dir/MiniOzoneClusterImpl-6b59e386-941c-4981-b753-7806b34dbc05/ozone-meta/datanode-3/ratis/bd0ebd06-b004-4cdd-8910-455c3f752d2d
2024-06-08 17:12:48,154 [b58efb8a-bcce-4b5c-ba4f-ff0c627932bf-PipelineCommandHandlerThread-0] INFO  commandhandler.ClosePipelineCommandHandler (ClosePipelineCommandHandler.java:lambda$handle$2(140)) - Close Pipeline PipelineID=bd0ebd06-b004-4cdd-8910-455c3f752d2d command on datanode b58efb8a-bcce-4b5c-ba4f-ff0c627932bf.
2024-06-08 17:12:48,158 [b58efb8a-bcce-4b5c-ba4f-ff0c627932bf-PipelineCommandHandlerThread-0] WARN  commandhandler.ClosePipelineCommandHandler (ClosePipelineCommandHandler.java:lambda$handle$1(132)) - Failed to remove group group-8C08ED623EB2 of pipeline PipelineID=6f4cab86-66d2-4883-8d36-8c08ed623eb2 on peer b8911061-d087-4ec2-bfc4-9091de9e538b
java.io.IOException: org.apache.ratis.thirdparty.io.grpc.StatusRuntimeException: UNAVAILABLE: io exception
	at org.apache.ratis.grpc.GrpcUtil.unwrapException(GrpcUtil.java:99)
	at org.apache.ratis.grpc.client.GrpcClientProtocolClient.blockingCall(GrpcClientProtocolClient.java:223)
	at org.apache.ratis.grpc.client.GrpcClientProtocolClient.groupAdd(GrpcClientProtocolClient.java:170)
	at org.apache.ratis.grpc.client.GrpcClientRpc.sendRequest(GrpcClientRpc.java:98)
	at org.apache.ratis.client.impl.BlockingImpl.sendRequest(BlockingImpl.java:145)
	at org.apache.ratis.client.impl.BlockingImpl.sendRequestWithRetry(BlockingImpl.java:109)
	at org.apache.ratis.client.impl.GroupManagementImpl.remove(GroupManagementImpl.java:61)
	at org.apache.hadoop.ozone.container.common.statemachine.commandhandler.ClosePipelineCommandHandler.lambda$handle$1(ClosePipelineCommandHandler.java:124)
	at java.base/java.util.stream.ForEachOps$ForEachOp$OfRef.accept(ForEachOps.java:183)
	at java.base/java.util.stream.ReferencePipeline$2$1.accept(ReferencePipeline.java:179)
	at java.base/java.util.HashMap$ValueSpliterator.forEachRemaining(HashMap.java:1779)
	at java.base/java.util.stream.AbstractPipeline.copyInto(AbstractPipeline.java:509)
	at java.base/java.util.stream.AbstractPipeline.wrapAndCopyInto(AbstractPipeline.java:499)
	at java.base/java.util.stream.ForEachOps$ForEachOp.evaluateSequential(ForEachOps.java:150)
	at java.base/java.util.stream.ForEachOps$ForEachOp$OfRef.evaluateSequential(ForEachOps.java:173)
	at java.base/java.util.stream.AbstractPipeline.evaluate(AbstractPipeline.java:234)
	at java.base/java.util.stream.ReferencePipeline.forEach(ReferencePipeline.java:596)
	at org.apache.hadoop.ozone.container.common.statemachine.commandhandler.ClosePipelineCommandHandler.lambda$handle$2(ClosePipelineCommandHandler.java:121)
	at java.base/java.util.concurrent.CompletableFuture$AsyncRun.run(CompletableFuture.java:1804)
	at java.base/java.util.concurrent.ThreadPoolExecutor.runWorker(ThreadPoolExecutor.java:1136)
	at java.base/java.util.concurrent.ThreadPoolExecutor$Worker.run(ThreadPoolExecutor.java:635)
	at java.base/java.lang.Thread.run(Thread.java:840)
Caused by: org.apache.ratis.thirdparty.io.grpc.StatusRuntimeException: UNAVAILABLE: io exception
	at org.apache.ratis.thirdparty.io.grpc.stub.ClientCalls.toStatusRuntimeException(ClientCalls.java:268)
	at org.apache.ratis.thirdparty.io.grpc.stub.ClientCalls.getUnchecked(ClientCalls.java:249)
	at org.apache.ratis.thirdparty.io.grpc.stub.ClientCalls.blockingUnaryCall(ClientCalls.java:167)
	at org.apache.ratis.proto.grpc.AdminProtocolServiceGrpc$AdminProtocolServiceBlockingStub.groupManagement(AdminProtocolServiceGrpc.java:468)
	at org.apache.ratis.grpc.client.GrpcClientProtocolClient.lambda$groupAdd$5(GrpcClientProtocolClient.java:172)
	at org.apache.ratis.grpc.client.GrpcClientProtocolClient.blockingCall(GrpcClientProtocolClient.java:221)
	... 20 more
Caused by: org.apache.ratis.thirdparty.io.netty.channel.AbstractChannel$AnnotatedConnectException: finishConnect(..) failed: Connection refused: /127.0.0.1:15075
Caused by: java.net.ConnectException: finishConnect(..) failed: Connection refused
	at org.apache.ratis.thirdparty.io.netty.channel.unix.Errors.newConnectException0(Errors.java:166)
	at org.apache.ratis.thirdparty.io.netty.channel.unix.Errors.handleConnectErrno(Errors.java:131)
	at org.apache.ratis.thirdparty.io.netty.channel.unix.Socket.finishConnect(Socket.java:359)
	at org.apache.ratis.thirdparty.io.netty.channel.epoll.AbstractEpollChannel$AbstractEpollUnsafe.doFinishConnect(AbstractEpollChannel.java:710)
	at org.apache.ratis.thirdparty.io.netty.channel.epoll.AbstractEpollChannel$AbstractEpollUnsafe.finishConnect(AbstractEpollChannel.java:687)
	at org.apache.ratis.thirdparty.io.netty.channel.epoll.AbstractEpollChannel$AbstractEpollUnsafe.epollOutReady(AbstractEpollChannel.java:567)
	at org.apache.ratis.thirdparty.io.netty.channel.epoll.EpollEventLoop.processReady(EpollEventLoop.java:499)
	at org.apache.ratis.thirdparty.io.netty.channel.epoll.EpollEventLoop.run(EpollEventLoop.java:407)
	at org.apache.ratis.thirdparty.io.netty.util.concurrent.SingleThreadEventExecutor$4.run(SingleThreadEventExecutor.java:997)
	at org.apache.ratis.thirdparty.io.netty.util.internal.ThreadExecutorMap$2.run(ThreadExecutorMap.java:74)
	at org.apache.ratis.thirdparty.io.netty.util.concurrent.FastThreadLocalRunnable.run(FastThreadLocalRunnable.java:30)
	at java.base/java.lang.Thread.run(Thread.java:840)
2024-06-08 17:12:48,162 [b58efb8a-bcce-4b5c-ba4f-ff0c627932bf-PipelineCommandHandlerThread-0] WARN  commandhandler.ClosePipelineCommandHandler (ClosePipelineCommandHandler.java:lambda$handle$1(132)) - Failed to remove group group-8C08ED623EB2 of pipeline PipelineID=6f4cab86-66d2-4883-8d36-8c08ed623eb2 on peer e3b50f59-81fe-4964-a90b-c9e3e207dda8
java.io.IOException: org.apache.ratis.thirdparty.io.grpc.StatusRuntimeException: UNAVAILABLE: io exception
	at org.apache.ratis.grpc.GrpcUtil.unwrapException(GrpcUtil.java:99)
	at org.apache.ratis.grpc.client.GrpcClientProtocolClient.blockingCall(GrpcClientProtocolClient.java:223)
	at org.apache.ratis.grpc.client.GrpcClientProtocolClient.groupAdd(GrpcClientProtocolClient.java:170)
	at org.apache.ratis.grpc.client.GrpcClientRpc.sendRequest(GrpcClientRpc.java:98)
	at org.apache.ratis.client.impl.BlockingImpl.sendRequest(BlockingImpl.java:145)
	at org.apache.ratis.client.impl.BlockingImpl.sendRequestWithRetry(BlockingImpl.java:109)
	at org.apache.ratis.client.impl.GroupManagementImpl.remove(GroupManagementImpl.java:61)
	at org.apache.hadoop.ozone.container.common.statemachine.commandhandler.ClosePipelineCommandHandler.lambda$handle$1(ClosePipelineCommandHandler.java:124)
	at java.base/java.util.stream.ForEachOps$ForEachOp$OfRef.accept(ForEachOps.java:183)
	at java.base/java.util.stream.ReferencePipeline$2$1.accept(ReferencePipeline.java:179)
	at java.base/java.util.HashMap$ValueSpliterator.forEachRemaining(HashMap.java:1779)
	at java.base/java.util.stream.AbstractPipeline.copyInto(AbstractPipeline.java:509)
	at java.base/java.util.stream.AbstractPipeline.wrapAndCopyInto(AbstractPipeline.java:499)
	at java.base/java.util.stream.ForEachOps$ForEachOp.evaluateSequential(ForEachOps.java:150)
	at java.base/java.util.stream.ForEachOps$ForEachOp$OfRef.evaluateSequential(ForEachOps.java:173)
	at java.base/java.util.stream.AbstractPipeline.evaluate(AbstractPipeline.java:234)
	at java.base/java.util.stream.ReferencePipeline.forEach(ReferencePipeline.java:596)
	at org.apache.hadoop.ozone.container.common.statemachine.commandhandler.ClosePipelineCommandHandler.lambda$handle$2(ClosePipelineCommandHandler.java:121)
	at java.base/java.util.concurrent.CompletableFuture$AsyncRun.run(CompletableFuture.java:1804)
	at java.base/java.util.concurrent.ThreadPoolExecutor.runWorker(ThreadPoolExecutor.java:1136)
	at java.base/java.util.concurrent.ThreadPoolExecutor$Worker.run(ThreadPoolExecutor.java:635)
	at java.base/java.lang.Thread.run(Thread.java:840)
Caused by: org.apache.ratis.thirdparty.io.grpc.StatusRuntimeException: UNAVAILABLE: io exception
	at org.apache.ratis.thirdparty.io.grpc.stub.ClientCalls.toStatusRuntimeException(ClientCalls.java:268)
	at org.apache.ratis.thirdparty.io.grpc.stub.ClientCalls.getUnchecked(ClientCalls.java:249)
	at org.apache.ratis.thirdparty.io.grpc.stub.ClientCalls.blockingUnaryCall(ClientCalls.java:167)
	at org.apache.ratis.proto.grpc.AdminProtocolServiceGrpc$AdminProtocolServiceBlockingStub.groupManagement(AdminProtocolServiceGrpc.java:468)
	at org.apache.ratis.grpc.client.GrpcClientProtocolClient.lambda$groupAdd$5(GrpcClientProtocolClient.java:172)
	at org.apache.ratis.grpc.client.GrpcClientProtocolClient.blockingCall(GrpcClientProtocolClient.java:221)
	... 20 more
Caused by: org.apache.ratis.thirdparty.io.netty.channel.AbstractChannel$AnnotatedConnectException: finishConnect(..) failed: Connection refused: /127.0.0.1:15066
Caused by: java.net.ConnectException: finishConnect(..) failed: Connection refused
	at org.apache.ratis.thirdparty.io.netty.channel.unix.Errors.newConnectException0(Errors.java:166)
	at org.apache.ratis.thirdparty.io.netty.channel.unix.Errors.handleConnectErrno(Errors.java:131)
	at org.apache.ratis.thirdparty.io.netty.channel.unix.Socket.finishConnect(Socket.java:359)
	at org.apache.ratis.thirdparty.io.netty.channel.epoll.AbstractEpollChannel$AbstractEpollUnsafe.doFinishConnect(AbstractEpollChannel.java:710)
	at org.apache.ratis.thirdparty.io.netty.channel.epoll.AbstractEpollChannel$AbstractEpollUnsafe.finishConnect(AbstractEpollChannel.java:687)
	at org.apache.ratis.thirdparty.io.netty.channel.epoll.AbstractEpollChannel$AbstractEpollUnsafe.epollOutReady(AbstractEpollChannel.java:567)
	at org.apache.ratis.thirdparty.io.netty.channel.epoll.EpollEventLoop.processReady(EpollEventLoop.java:499)
	at org.apache.ratis.thirdparty.io.netty.channel.epoll.EpollEventLoop.run(EpollEventLoop.java:407)
	at org.apache.ratis.thirdparty.io.netty.util.concurrent.SingleThreadEventExecutor$4.run(SingleThreadEventExecutor.java:997)
	at org.apache.ratis.thirdparty.io.netty.util.internal.ThreadExecutorMap$2.run(ThreadExecutorMap.java:74)
	at org.apache.ratis.thirdparty.io.netty.util.concurrent.FastThreadLocalRunnable.run(FastThreadLocalRunnable.java:30)
	at java.base/java.lang.Thread.run(Thread.java:840)
2024-06-08 17:12:48,162 [b58efb8a-bcce-4b5c-ba4f-ff0c627932bf-PipelineCommandHandlerThread-0] INFO  server.RaftServer (RaftServerProxy.java:remove(111)) - b58efb8a-bcce-4b5c-ba4f-ff0c627932bf: remove  FOLLOWER b58efb8a-bcce-4b5c-ba4f-ff0c627932bf@group-8C08ED623EB2:t1, leader=null, voted=b8911061-d087-4ec2-bfc4-9091de9e538b, raftlog=Memoized:b58efb8a-bcce-4b5c-ba4f-ff0c627932bf@group-8C08ED623EB2-SegmentedRaftLog:OPENED:c0, conf=0: peers:[b8911061-d087-4ec2-bfc4-9091de9e538b|127.0.0.1:15076, e3b50f59-81fe-4964-a90b-c9e3e207dda8|127.0.0.1:15067, b58efb8a-bcce-4b5c-ba4f-ff0c627932bf|127.0.0.1:15085]|listeners:[], old=null RUNNING
2024-06-08 17:12:48,162 [b58efb8a-bcce-4b5c-ba4f-ff0c627932bf-PipelineCommandHandlerThread-0] INFO  server.RaftServer$Division (RaftServerImpl.java:lambda$close$3(526)) - b58efb8a-bcce-4b5c-ba4f-ff0c627932bf@group-8C08ED623EB2: shutdown
2024-06-08 17:12:48,163 [b58efb8a-bcce-4b5c-ba4f-ff0c627932bf-PipelineCommandHandlerThread-0] INFO  util.JmxRegister (JmxRegister.java:unregister(73)) - Successfully un-registered JMX Bean with object name Ratis:service=RaftServer,group=group-8C08ED623EB2,id=b58efb8a-bcce-4b5c-ba4f-ff0c627932bf
2024-06-08 17:12:48,163 [b58efb8a-bcce-4b5c-ba4f-ff0c627932bf-PipelineCommandHandlerThread-0] INFO  impl.RoleInfo (RoleInfo.java:shutdownFollowerState(110)) - b58efb8a-bcce-4b5c-ba4f-ff0c627932bf: shutdown b58efb8a-bcce-4b5c-ba4f-ff0c627932bf@group-8C08ED623EB2-FollowerState
2024-06-08 17:12:48,163 [b58efb8a-bcce-4b5c-ba4f-ff0c627932bf-PipelineCommandHandlerThread-0] INFO  impl.StateMachineUpdater (StateMachineUpdater.java:stopAndJoin(157)) - b58efb8a-bcce-4b5c-ba4f-ff0c627932bf@group-8C08ED623EB2-StateMachineUpdater: set stopIndex = 0
2024-06-08 17:12:48,163 [b58efb8a-bcce-4b5c-ba4f-ff0c627932bf@group-8C08ED623EB2-StateMachineUpdater] INFO  ratis.ContainerStateMachine (ContainerStateMachine.java:takeSnapshot(355)) - group-8C08ED623EB2: Taking a snapshot at:(t:1, i:0) file /home/runner/work/ozone/ozone/hadoop-ozone/integration-test/target/test-dir/MiniOzoneClusterImpl-6b59e386-941c-4981-b753-7806b34dbc05/ozone-meta/datanode-3/ratis/6f4cab86-66d2-4883-8d36-8c08ed623eb2/sm/snapshot.1_0
2024-06-08 17:12:48,163 [b58efb8a-bcce-4b5c-ba4f-ff0c627932bf@group-8C08ED623EB2-FollowerState] INFO  impl.FollowerState (FollowerState.java:run(152)) - b58efb8a-bcce-4b5c-ba4f-ff0c627932bf@group-8C08ED623EB2-FollowerState was interrupted
2024-06-08 17:12:48,163 [b58efb8a-bcce-4b5c-ba4f-ff0c627932bf@group-8C08ED623EB2-StateMachineUpdater] INFO  ratis.ContainerStateMachine (ContainerStateMachine.java:takeSnapshot(366)) - group-8C08ED623EB2: Finished taking a snapshot at:(t:1, i:0) file:/home/runner/work/ozone/ozone/hadoop-ozone/integration-test/target/test-dir/MiniOzoneClusterImpl-6b59e386-941c-4981-b753-7806b34dbc05/ozone-meta/datanode-3/ratis/6f4cab86-66d2-4883-8d36-8c08ed623eb2/sm/snapshot.1_0 took: 1 ms
2024-06-08 17:12:48,164 [b58efb8a-bcce-4b5c-ba4f-ff0c627932bf@group-8C08ED623EB2-StateMachineUpdater] INFO  impl.StateMachineUpdater (StateMachineUpdater.java:takeSnapshot(295)) - b58efb8a-bcce-4b5c-ba4f-ff0c627932bf@group-8C08ED623EB2-StateMachineUpdater: Took a snapshot at index 0
2024-06-08 17:12:48,164 [b58efb8a-bcce-4b5c-ba4f-ff0c627932bf@group-8C08ED623EB2-StateMachineUpdater] INFO  impl.StateMachineUpdater (StateMachineUpdater.java:lambda$new$0(98)) - b58efb8a-bcce-4b5c-ba4f-ff0c627932bf@group-8C08ED623EB2-StateMachineUpdater: snapshotIndex: updateIncreasingly -1 -> 0
2024-06-08 17:12:48,164 [b58efb8a-bcce-4b5c-ba4f-ff0c627932bf-PipelineCommandHandlerThread-0] INFO  server.RaftServer$Division (ServerState.java:close(427)) - b58efb8a-bcce-4b5c-ba4f-ff0c627932bf@group-8C08ED623EB2: applyIndex: 0
2024-06-08 17:12:48,164 [b58efb8a-bcce-4b5c-ba4f-ff0c627932bf@group-8C08ED623EB2-cacheEviction-AwaitToRun] INFO  util.AwaitToRun (AwaitToRun.java:run(49)) - b58efb8a-bcce-4b5c-ba4f-ff0c627932bf@group-8C08ED623EB2-cacheEviction-AwaitToRun-AwaitForSignal is interrupted
2024-06-08 17:12:48,349 [om1-impl-thread1] INFO  segmented.SegmentedRaftLogWorker (SegmentedRaftLogWorker.java:close(245)) - om1@group-C5BA1605619E-SegmentedRaftLogWorker close()
2024-06-08 17:12:48,350 [JvmPauseMonitor8] INFO  util.JvmPauseMonitor (JvmPauseMonitor.java:run(152)) - JvmPauseMonitor-om1: Stopped
2024-06-08 17:12:48,350 [main] INFO  utils.BackgroundService (BackgroundService.java:shutdown(160)) - Shutting down service KeyDeletingService
2024-06-08 17:12:48,350 [main] INFO  utils.BackgroundService (BackgroundService.java:shutdown(160)) - Shutting down service DirectoryDeletingService
2024-06-08 17:12:48,350 [main] INFO  utils.BackgroundService (BackgroundService.java:shutdown(160)) - Shutting down service OpenKeyCleanupService
2024-06-08 17:12:48,350 [main] INFO  utils.BackgroundService (BackgroundService.java:shutdown(160)) - Shutting down service SstFilteringService
2024-06-08 17:12:48,350 [main] INFO  utils.BackgroundService (BackgroundService.java:shutdown(160)) - Shutting down service SnapshotDeletingService
2024-06-08 17:12:48,351 [main] INFO  utils.BackgroundService (BackgroundService.java:shutdown(160)) - Shutting down service MultipartUploadCleanupService
2024-06-08 17:12:48,351 [main] INFO  utils.BackgroundService (BackgroundService.java:shutdown(160)) - Shutting down service SnapshotDirectoryCleaningService
2024-06-08 17:12:48,352 [main] INFO  handler.ContextHandler (ContextHandler.java:doStop(1159)) - Stopped o.e.j.w.WebAppContext@2293d694{ozoneManager,/,null,STOPPED}{file:/home/runner/work/ozone/ozone/hadoop-ozone/integration-test/target/test-classes/webapps/ozoneManager}
2024-06-08 17:12:48,352 [main] INFO  server.AbstractConnector (AbstractConnector.java:doStop(383)) - Stopped ServerConnector@740639ba{HTTP/1.1, (http/1.1)}{0.0.0.0:15058}
2024-06-08 17:12:48,352 [main] INFO  server.session (HouseKeeper.java:stopScavenging(149)) - node0 Stopped scavenging
2024-06-08 17:12:48,352 [main] INFO  handler.ContextHandler (ContextHandler.java:doStop(1159)) - Stopped o.e.j.s.ServletContextHandler@6166edcf{static,/static,file:///home/runner/work/ozone/ozone/hadoop-ozone/integration-test/target/test-classes/webapps/static,STOPPED}
2024-06-08 17:12:48,353 [main] INFO  handler.ContextHandler (ContextHandler.java:doStop(1159)) - Stopped o.e.j.s.ServletContextHandler@4ffff10c{logs,/logs,file:///home/runner/work/ozone/ozone/hadoop-ozone/integration-test/target/log,STOPPED}
2024-06-08 17:12:48,353 [main] INFO  rocksdiff.RocksDBCheckpointDiffer (RocksDBCheckpointDiffer.java:close(306)) - Shutting down CompactionDagPruningService.
2024-06-08 17:12:48,355 [main] INFO  snapshot.SnapshotDiffManager (SnapshotDiffManager.java:closeExecutorService(1657)) - Shutting down executorService: 'SnapDiffExecutor'
2024-06-08 17:12:48,355 [main] INFO  utils.BackgroundService (BackgroundService.java:shutdown(160)) - Shutting down service SnapshotDiffCleanupService
2024-06-08 17:12:48,356 [main] INFO  ozone.MiniOzoneClusterImpl (MiniOzoneClusterImpl.java:stopDatanodes(471)) - Stopping the HddsDatanodes
2024-06-08 17:12:48,357 [ForkJoinPool.commonPool-worker-3] INFO  ozoneimpl.OzoneContainer (OzoneContainer.java:stop(481)) - Attempting to stop container services.
2024-06-08 17:12:48,357 [ContainerMetadataScanner] WARN  ozoneimpl.AbstractBackgroundContainerScanner (AbstractBackgroundContainerScanner.java:handleRemainingSleep(134)) - Background container scan was interrupted.
2024-06-08 17:12:48,357 [ContainerMetadataScanner] INFO  ozoneimpl.AbstractBackgroundContainerScanner (AbstractBackgroundContainerScanner.java:run(61)) - Thread[ContainerMetadataScanner,5,main] exiting.
2024-06-08 17:12:48,358 [ForkJoinPool.commonPool-worker-3] INFO  ozoneimpl.BackgroundContainerDataScanner (BackgroundContainerDataScanner.java:shutdown(141)) - ContainerDataScanner(/home/runner/work/ozone/ozone/hadoop-ozone/integration-test/target/test-dir/MiniOzoneClusterImpl-6b59e386-941c-4981-b753-7806b34dbc05/ozone-meta/datanode-4/data-0/hdds) is shutting down. 
2024-06-08 17:12:48,358 [ContainerDataScanner(/home/runner/work/ozone/ozone/hadoop-ozone/integration-test/target/test-dir/MiniOzoneClusterImpl-6b59e386-941c-4981-b753-7806b34dbc05/ozone-meta/datanode-4/data-0/hdds)] WARN  ozoneimpl.AbstractBackgroundContainerScanner (AbstractBackgroundContainerScanner.java:handleRemainingSleep(134)) - Background container scan was interrupted.
2024-06-08 17:12:48,358 [ContainerDataScanner(/home/runner/work/ozone/ozone/hadoop-ozone/integration-test/target/test-dir/MiniOzoneClusterImpl-6b59e386-941c-4981-b753-7806b34dbc05/ozone-meta/datanode-4/data-0/hdds)] INFO  ozoneimpl.AbstractBackgroundContainerScanner (AbstractBackgroundContainerScanner.java:run(61)) - ContainerDataScanner(/home/runner/work/ozone/ozone/hadoop-ozone/integration-test/target/test-dir/MiniOzoneClusterImpl-6b59e386-941c-4981-b753-7806b34dbc05/ozone-meta/datanode-4/data-0/hdds, DS-196276ef-1f62-4795-aeae-56a35f0688d3) exiting.
2024-06-08 17:12:48,358 [ForkJoinPool.commonPool-worker-3] INFO  server.RaftServer (RaftServerProxy.java:lambda$close$9(416)) - 5b9ea29f-4e96-47ac-97d6-33d0cc39064b: close
2024-06-08 17:12:48,358 [ForkJoinPool.commonPool-worker-3] INFO  server.GrpcService (GrpcService.java:closeImpl(311)) - 5b9ea29f-4e96-47ac-97d6-33d0cc39064b: shutdown server org.apache.ratis.grpc.server.GrpcClientProtocolService now
2024-06-08 17:12:48,358 [5b9ea29f-4e96-47ac-97d6-33d0cc39064b-impl-thread1] INFO  server.RaftServer$Division (RaftServerImpl.java:lambda$close$3(526)) - 5b9ea29f-4e96-47ac-97d6-33d0cc39064b@group-C6684CF3AB6D: shutdown
2024-06-08 17:12:48,359 [5b9ea29f-4e96-47ac-97d6-33d0cc39064b-impl-thread1] INFO  util.JmxRegister (JmxRegister.java:unregister(73)) - Successfully un-registered JMX Bean with object name Ratis:service=RaftServer,group=group-C6684CF3AB6D,id=5b9ea29f-4e96-47ac-97d6-33d0cc39064b
2024-06-08 17:12:48,359 [5b9ea29f-4e96-47ac-97d6-33d0cc39064b-impl-thread1] INFO  impl.RoleInfo (RoleInfo.java:shutdownLeaderState(94)) - 5b9ea29f-4e96-47ac-97d6-33d0cc39064b: shutdown 5b9ea29f-4e96-47ac-97d6-33d0cc39064b@group-C6684CF3AB6D-LeaderStateImpl
2024-06-08 17:12:48,359 [5b9ea29f-4e96-47ac-97d6-33d0cc39064b-impl-thread1] INFO  impl.PendingRequests (PendingRequests.java:sendNotLeaderResponses(289)) - 5b9ea29f-4e96-47ac-97d6-33d0cc39064b@group-C6684CF3AB6D-PendingRequests: sendNotLeaderResponses
2024-06-08 17:12:48,359 [ForkJoinPool.commonPool-worker-3] INFO  server.GrpcService (GrpcService.java:closeImpl(320)) - 5b9ea29f-4e96-47ac-97d6-33d0cc39064b: shutdown server org.apache.ratis.grpc.server.GrpcClientProtocolService successfully
2024-06-08 17:12:48,359 [ForkJoinPool.commonPool-worker-3] INFO  server.GrpcService (GrpcService.java:closeImpl(311)) - 5b9ea29f-4e96-47ac-97d6-33d0cc39064b: shutdown server GrpcServerProtocolService now
2024-06-08 17:12:48,359 [5b9ea29f-4e96-47ac-97d6-33d0cc39064b-impl-thread1] INFO  impl.StateMachineUpdater (StateMachineUpdater.java:stopAndJoin(157)) - 5b9ea29f-4e96-47ac-97d6-33d0cc39064b@group-C6684CF3AB6D-StateMachineUpdater: set stopIndex = 0
2024-06-08 17:12:48,359 [5b9ea29f-4e96-47ac-97d6-33d0cc39064b@group-C6684CF3AB6D-StateMachineUpdater] INFO  ratis.ContainerStateMachine (ContainerStateMachine.java:takeSnapshot(355)) - group-C6684CF3AB6D: Taking a snapshot at:(t:1, i:0) file /home/runner/work/ozone/ozone/hadoop-ozone/integration-test/target/test-dir/MiniOzoneClusterImpl-6b59e386-941c-4981-b753-7806b34dbc05/ozone-meta/datanode-4/ratis/f0608596-fc8d-4645-a226-c6684cf3ab6d/sm/snapshot.1_0
2024-06-08 17:12:48,359 [ForkJoinPool.commonPool-worker-3] INFO  server.GrpcService (GrpcService.java:closeImpl(320)) - 5b9ea29f-4e96-47ac-97d6-33d0cc39064b: shutdown server GrpcServerProtocolService successfully
2024-06-08 17:12:48,359 [ForkJoinPool.commonPool-worker-3] INFO  server.GrpcService (GrpcService.java:closeImpl(311)) - 5b9ea29f-4e96-47ac-97d6-33d0cc39064b: shutdown server org.apache.ratis.grpc.server.GrpcAdminProtocolService now
2024-06-08 17:12:48,360 [5b9ea29f-4e96-47ac-97d6-33d0cc39064b@group-C6684CF3AB6D-StateMachineUpdater] INFO  ratis.ContainerStateMachine (ContainerStateMachine.java:takeSnapshot(366)) - group-C6684CF3AB6D: Finished taking a snapshot at:(t:1, i:0) file:/home/runner/work/ozone/ozone/hadoop-ozone/integration-test/target/test-dir/MiniOzoneClusterImpl-6b59e386-941c-4981-b753-7806b34dbc05/ozone-meta/datanode-4/ratis/f0608596-fc8d-4645-a226-c6684cf3ab6d/sm/snapshot.1_0 took: 1 ms
2024-06-08 17:12:48,360 [5b9ea29f-4e96-47ac-97d6-33d0cc39064b@group-C6684CF3AB6D-StateMachineUpdater] INFO  impl.StateMachineUpdater (StateMachineUpdater.java:takeSnapshot(295)) - 5b9ea29f-4e96-47ac-97d6-33d0cc39064b@group-C6684CF3AB6D-StateMachineUpdater: Took a snapshot at index 0
2024-06-08 17:12:48,360 [5b9ea29f-4e96-47ac-97d6-33d0cc39064b@group-C6684CF3AB6D-StateMachineUpdater] INFO  impl.StateMachineUpdater (StateMachineUpdater.java:lambda$new$0(98)) - 5b9ea29f-4e96-47ac-97d6-33d0cc39064b@group-C6684CF3AB6D-StateMachineUpdater: snapshotIndex: updateIncreasingly -1 -> 0
2024-06-08 17:12:48,360 [5b9ea29f-4e96-47ac-97d6-33d0cc39064b-impl-thread1] INFO  server.RaftServer$Division (ServerState.java:close(427)) - 5b9ea29f-4e96-47ac-97d6-33d0cc39064b@group-C6684CF3AB6D: applyIndex: 0
2024-06-08 17:12:48,360 [ForkJoinPool.commonPool-worker-3] INFO  server.GrpcService (GrpcService.java:closeImpl(320)) - 5b9ea29f-4e96-47ac-97d6-33d0cc39064b: shutdown server org.apache.ratis.grpc.server.GrpcAdminProtocolService successfully
2024-06-08 17:12:48,360 [5b9ea29f-4e96-47ac-97d6-33d0cc39064b@group-C6684CF3AB6D-cacheEviction-AwaitToRun] INFO  util.AwaitToRun (AwaitToRun.java:run(49)) - 5b9ea29f-4e96-47ac-97d6-33d0cc39064b@group-C6684CF3AB6D-cacheEviction-AwaitToRun-AwaitForSignal is interrupted
2024-06-08 17:12:48,361 [5b9ea29f-4e96-47ac-97d6-33d0cc39064b-NettyServerStreamRpc-bossGroup--thread1] INFO  logging.LoggingHandler (AbstractInternalLogger.java:log(148)) - [id: 0xa06eef63, L:/0.0.0.0:15095] CLOSE
2024-06-08 17:12:48,361 [5b9ea29f-4e96-47ac-97d6-33d0cc39064b-NettyServerStreamRpc-bossGroup--thread1] INFO  logging.LoggingHandler (AbstractInternalLogger.java:log(148)) - [id: 0xa06eef63, L:/0.0.0.0:15095] INACTIVE
2024-06-08 17:12:48,361 [5b9ea29f-4e96-47ac-97d6-33d0cc39064b-NettyServerStreamRpc-bossGroup--thread1] INFO  logging.LoggingHandler (AbstractInternalLogger.java:log(148)) - [id: 0xa06eef63, L:/0.0.0.0:15095] UNREGISTERED
2024-06-08 17:12:48,420 [b58efb8a-bcce-4b5c-ba4f-ff0c627932bf-PipelineCommandHandlerThread-0] INFO  segmented.SegmentedRaftLogWorker (SegmentedRaftLogWorker.java:close(245)) - b58efb8a-bcce-4b5c-ba4f-ff0c627932bf@group-8C08ED623EB2-SegmentedRaftLogWorker close()
2024-06-08 17:12:48,421 [b58efb8a-bcce-4b5c-ba4f-ff0c627932bf-PipelineCommandHandlerThread-0] INFO  server.RaftServer$Division (RaftServerImpl.java:groupRemove(496)) - b58efb8a-bcce-4b5c-ba4f-ff0c627932bf@group-8C08ED623EB2: Succeed to remove RaftStorageDirectory Storage Directory /home/runner/work/ozone/ozone/hadoop-ozone/integration-test/target/test-dir/MiniOzoneClusterImpl-6b59e386-941c-4981-b753-7806b34dbc05/ozone-meta/datanode-3/ratis/6f4cab86-66d2-4883-8d36-8c08ed623eb2
2024-06-08 17:12:48,421 [b58efb8a-bcce-4b5c-ba4f-ff0c627932bf-PipelineCommandHandlerThread-0] INFO  commandhandler.ClosePipelineCommandHandler (ClosePipelineCommandHandler.java:lambda$handle$2(140)) - Close Pipeline PipelineID=6f4cab86-66d2-4883-8d36-8c08ed623eb2 command on datanode b58efb8a-bcce-4b5c-ba4f-ff0c627932bf.
2024-06-08 17:12:48,421 [main] INFO  ozoneimpl.OzoneContainer (OzoneContainer.java:stop(481)) - Attempting to stop container services.
2024-06-08 17:12:48,421 [ContainerMetadataScanner] WARN  ozoneimpl.AbstractBackgroundContainerScanner (AbstractBackgroundContainerScanner.java:handleRemainingSleep(134)) - Background container scan was interrupted.
2024-06-08 17:12:48,421 [ContainerMetadataScanner] INFO  ozoneimpl.AbstractBackgroundContainerScanner (AbstractBackgroundContainerScanner.java:run(61)) - Thread[ContainerMetadataScanner,5,main] exiting.
2024-06-08 17:12:48,421 [main] INFO  ozoneimpl.BackgroundContainerDataScanner (BackgroundContainerDataScanner.java:shutdown(141)) - ContainerDataScanner(/home/runner/work/ozone/ozone/hadoop-ozone/integration-test/target/test-dir/MiniOzoneClusterImpl-6b59e386-941c-4981-b753-7806b34dbc05/ozone-meta/datanode-3/data-0/hdds) is shutting down. 
2024-06-08 17:12:48,422 [ContainerDataScanner(/home/runner/work/ozone/ozone/hadoop-ozone/integration-test/target/test-dir/MiniOzoneClusterImpl-6b59e386-941c-4981-b753-7806b34dbc05/ozone-meta/datanode-3/data-0/hdds)] WARN  ozoneimpl.AbstractBackgroundContainerScanner (AbstractBackgroundContainerScanner.java:handleRemainingSleep(134)) - Background container scan was interrupted.
2024-06-08 17:12:48,422 [ContainerDataScanner(/home/runner/work/ozone/ozone/hadoop-ozone/integration-test/target/test-dir/MiniOzoneClusterImpl-6b59e386-941c-4981-b753-7806b34dbc05/ozone-meta/datanode-3/data-0/hdds)] INFO  ozoneimpl.AbstractBackgroundContainerScanner (AbstractBackgroundContainerScanner.java:run(61)) - ContainerDataScanner(/home/runner/work/ozone/ozone/hadoop-ozone/integration-test/target/test-dir/MiniOzoneClusterImpl-6b59e386-941c-4981-b753-7806b34dbc05/ozone-meta/datanode-3/data-0/hdds, DS-97c01086-debe-488b-9247-774c0e8f9834) exiting.
2024-06-08 17:12:48,422 [main] INFO  server.RaftServer (RaftServerProxy.java:lambda$close$9(416)) - b58efb8a-bcce-4b5c-ba4f-ff0c627932bf: close
2024-06-08 17:12:48,422 [b58efb8a-bcce-4b5c-ba4f-ff0c627932bf-impl-thread1] INFO  server.RaftServer$Division (RaftServerImpl.java:lambda$close$3(526)) - b58efb8a-bcce-4b5c-ba4f-ff0c627932bf@group-A0D4059F2016: shutdown
2024-06-08 17:12:48,422 [b58efb8a-bcce-4b5c-ba4f-ff0c627932bf-impl-thread1] INFO  util.JmxRegister (JmxRegister.java:unregister(73)) - Successfully un-registered JMX Bean with object name Ratis:service=RaftServer,group=group-A0D4059F2016,id=b58efb8a-bcce-4b5c-ba4f-ff0c627932bf
2024-06-08 17:12:48,422 [b58efb8a-bcce-4b5c-ba4f-ff0c627932bf-impl-thread2] INFO  server.RaftServer$Division (RaftServerImpl.java:lambda$close$3(526)) - b58efb8a-bcce-4b5c-ba4f-ff0c627932bf@group-C62589969397: shutdown
2024-06-08 17:12:48,422 [main] INFO  server.GrpcService (GrpcService.java:closeImpl(311)) - b58efb8a-bcce-4b5c-ba4f-ff0c627932bf: shutdown server org.apache.ratis.grpc.server.GrpcClientProtocolService now
2024-06-08 17:12:48,422 [b58efb8a-bcce-4b5c-ba4f-ff0c627932bf-impl-thread2] INFO  util.JmxRegister (JmxRegister.java:unregister(73)) - Successfully un-registered JMX Bean with object name Ratis:service=RaftServer,group=group-C62589969397,id=b58efb8a-bcce-4b5c-ba4f-ff0c627932bf
2024-06-08 17:12:48,423 [b58efb8a-bcce-4b5c-ba4f-ff0c627932bf-impl-thread2] INFO  impl.RoleInfo (RoleInfo.java:shutdownFollowerState(110)) - b58efb8a-bcce-4b5c-ba4f-ff0c627932bf: shutdown b58efb8a-bcce-4b5c-ba4f-ff0c627932bf@group-C62589969397-FollowerState
2024-06-08 17:12:48,423 [b58efb8a-bcce-4b5c-ba4f-ff0c627932bf@group-C62589969397-FollowerState] INFO  impl.FollowerState (FollowerState.java:run(152)) - b58efb8a-bcce-4b5c-ba4f-ff0c627932bf@group-C62589969397-FollowerState was interrupted
2024-06-08 17:12:48,422 [b58efb8a-bcce-4b5c-ba4f-ff0c627932bf-impl-thread1] INFO  impl.RoleInfo (RoleInfo.java:shutdownLeaderState(94)) - b58efb8a-bcce-4b5c-ba4f-ff0c627932bf: shutdown b58efb8a-bcce-4b5c-ba4f-ff0c627932bf@group-A0D4059F2016-LeaderStateImpl
2024-06-08 17:12:48,423 [b58efb8a-bcce-4b5c-ba4f-ff0c627932bf-impl-thread1] INFO  impl.PendingRequests (PendingRequests.java:sendNotLeaderResponses(289)) - b58efb8a-bcce-4b5c-ba4f-ff0c627932bf@group-A0D4059F2016-PendingRequests: sendNotLeaderResponses
2024-06-08 17:12:48,423 [Thread-1976] INFO  server.GrpcServerProtocolClient (GrpcServerProtocolClient.java:close(103)) - b8911061-d087-4ec2-bfc4-9091de9e538b Close channels
2024-06-08 17:12:48,423 [b58efb8a-bcce-4b5c-ba4f-ff0c627932bf-impl-thread2] INFO  impl.StateMachineUpdater (StateMachineUpdater.java:stopAndJoin(157)) - b58efb8a-bcce-4b5c-ba4f-ff0c627932bf@group-C62589969397-StateMachineUpdater: set stopIndex = -1
2024-06-08 17:12:48,423 [b58efb8a-bcce-4b5c-ba4f-ff0c627932bf@group-A0D4059F2016-StateMachineUpdater] INFO  ratis.ContainerStateMachine (ContainerStateMachine.java:takeSnapshot(355)) - group-A0D4059F2016: Taking a snapshot at:(t:1, i:0) file /home/runner/work/ozone/ozone/hadoop-ozone/integration-test/target/test-dir/MiniOzoneClusterImpl-6b59e386-941c-4981-b753-7806b34dbc05/ozone-meta/datanode-3/ratis/9991c400-dfa5-4715-b5a1-a0d4059f2016/sm/snapshot.1_0
2024-06-08 17:12:48,423 [Thread-1977] INFO  server.GrpcServerProtocolClient (GrpcServerProtocolClient.java:close(103)) - e3b50f59-81fe-4964-a90b-c9e3e207dda8 Close channels
2024-06-08 17:12:48,423 [b58efb8a-bcce-4b5c-ba4f-ff0c627932bf-impl-thread1] INFO  impl.StateMachineUpdater (StateMachineUpdater.java:stopAndJoin(157)) - b58efb8a-bcce-4b5c-ba4f-ff0c627932bf@group-A0D4059F2016-StateMachineUpdater: set stopIndex = 0
2024-06-08 17:12:48,423 [b58efb8a-bcce-4b5c-ba4f-ff0c627932bf-impl-thread2] INFO  server.RaftServer$Division (ServerState.java:close(427)) - b58efb8a-bcce-4b5c-ba4f-ff0c627932bf@group-C62589969397: applyIndex: -1
2024-06-08 17:12:48,424 [b58efb8a-bcce-4b5c-ba4f-ff0c627932bf@group-C62589969397-cacheEviction-AwaitToRun] INFO  util.AwaitToRun (AwaitToRun.java:run(49)) - b58efb8a-bcce-4b5c-ba4f-ff0c627932bf@group-C62589969397-cacheEviction-AwaitToRun-AwaitForSignal is interrupted
2024-06-08 17:12:48,424 [main] INFO  server.GrpcService (GrpcService.java:closeImpl(320)) - b58efb8a-bcce-4b5c-ba4f-ff0c627932bf: shutdown server org.apache.ratis.grpc.server.GrpcClientProtocolService successfully
2024-06-08 17:12:48,424 [main] INFO  server.GrpcService (GrpcService.java:closeImpl(311)) - b58efb8a-bcce-4b5c-ba4f-ff0c627932bf: shutdown server GrpcServerProtocolService now
2024-06-08 17:12:48,424 [b58efb8a-bcce-4b5c-ba4f-ff0c627932bf@group-A0D4059F2016-StateMachineUpdater] INFO  ratis.ContainerStateMachine (ContainerStateMachine.java:takeSnapshot(366)) - group-A0D4059F2016: Finished taking a snapshot at:(t:1, i:0) file:/home/runner/work/ozone/ozone/hadoop-ozone/integration-test/target/test-dir/MiniOzoneClusterImpl-6b59e386-941c-4981-b753-7806b34dbc05/ozone-meta/datanode-3/ratis/9991c400-dfa5-4715-b5a1-a0d4059f2016/sm/snapshot.1_0 took: 0 ms
2024-06-08 17:12:48,424 [b58efb8a-bcce-4b5c-ba4f-ff0c627932bf@group-A0D4059F2016-StateMachineUpdater] INFO  impl.StateMachineUpdater (StateMachineUpdater.java:takeSnapshot(295)) - b58efb8a-bcce-4b5c-ba4f-ff0c627932bf@group-A0D4059F2016-StateMachineUpdater: Took a snapshot at index 0
2024-06-08 17:12:48,424 [b58efb8a-bcce-4b5c-ba4f-ff0c627932bf@group-A0D4059F2016-StateMachineUpdater] INFO  impl.StateMachineUpdater (StateMachineUpdater.java:lambda$new$0(98)) - b58efb8a-bcce-4b5c-ba4f-ff0c627932bf@group-A0D4059F2016-StateMachineUpdater: snapshotIndex: updateIncreasingly -1 -> 0
2024-06-08 17:12:48,425 [b58efb8a-bcce-4b5c-ba4f-ff0c627932bf-impl-thread1] INFO  server.RaftServer$Division (ServerState.java:close(427)) - b58efb8a-bcce-4b5c-ba4f-ff0c627932bf@group-A0D4059F2016: applyIndex: 0
2024-06-08 17:12:48,425 [b58efb8a-bcce-4b5c-ba4f-ff0c627932bf@group-A0D4059F2016-cacheEviction-AwaitToRun] INFO  util.AwaitToRun (AwaitToRun.java:run(49)) - b58efb8a-bcce-4b5c-ba4f-ff0c627932bf@group-A0D4059F2016-cacheEviction-AwaitToRun-AwaitForSignal is interrupted
2024-06-08 17:12:48,425 [main] INFO  server.GrpcService (GrpcService.java:closeImpl(320)) - b58efb8a-bcce-4b5c-ba4f-ff0c627932bf: shutdown server GrpcServerProtocolService successfully
2024-06-08 17:12:48,425 [main] INFO  server.GrpcService (GrpcService.java:closeImpl(311)) - b58efb8a-bcce-4b5c-ba4f-ff0c627932bf: shutdown server org.apache.ratis.grpc.server.GrpcAdminProtocolService now
2024-06-08 17:12:48,426 [main] INFO  server.GrpcService (GrpcService.java:closeImpl(320)) - b58efb8a-bcce-4b5c-ba4f-ff0c627932bf: shutdown server org.apache.ratis.grpc.server.GrpcAdminProtocolService successfully
2024-06-08 17:12:48,430 [b58efb8a-bcce-4b5c-ba4f-ff0c627932bf-NettyServerStreamRpc-bossGroup--thread1] INFO  logging.LoggingHandler (AbstractInternalLogger.java:log(148)) - [id: 0x7963c151, L:/0.0.0.0:15086] CLOSE
2024-06-08 17:12:48,430 [b58efb8a-bcce-4b5c-ba4f-ff0c627932bf-NettyServerStreamRpc-bossGroup--thread1] INFO  logging.LoggingHandler (AbstractInternalLogger.java:log(148)) - [id: 0x7963c151, L:/0.0.0.0:15086] INACTIVE
2024-06-08 17:12:48,430 [b58efb8a-bcce-4b5c-ba4f-ff0c627932bf-NettyServerStreamRpc-bossGroup--thread1] INFO  logging.LoggingHandler (AbstractInternalLogger.java:log(148)) - [id: 0x7963c151, L:/0.0.0.0:15086] UNREGISTERED
2024-06-08 17:12:49,176 [b58efb8a-bcce-4b5c-ba4f-ff0c627932bf-impl-thread1] INFO  segmented.SegmentedRaftLogWorker (SegmentedRaftLogWorker.java:close(245)) - b58efb8a-bcce-4b5c-ba4f-ff0c627932bf@group-A0D4059F2016-SegmentedRaftLogWorker close()
2024-06-08 17:12:49,317 [5b9ea29f-4e96-47ac-97d6-33d0cc39064b-impl-thread1] INFO  segmented.SegmentedRaftLogWorker (SegmentedRaftLogWorker.java:close(245)) - 5b9ea29f-4e96-47ac-97d6-33d0cc39064b@group-C6684CF3AB6D-SegmentedRaftLogWorker close()
2024-06-08 17:12:49,318 [JvmPauseMonitor12] INFO  util.JvmPauseMonitor (JvmPauseMonitor.java:run(152)) - JvmPauseMonitor-5b9ea29f-4e96-47ac-97d6-33d0cc39064b: Stopped
2024-06-08 17:12:49,320 [b58efb8a-bcce-4b5c-ba4f-ff0c627932bf-impl-thread2] INFO  segmented.SegmentedRaftLogWorker (SegmentedRaftLogWorker.java:close(245)) - b58efb8a-bcce-4b5c-ba4f-ff0c627932bf@group-C62589969397-SegmentedRaftLogWorker close()
2024-06-08 17:12:49,320 [JvmPauseMonitor11] INFO  util.JvmPauseMonitor (JvmPauseMonitor.java:run(152)) - JvmPauseMonitor-b58efb8a-bcce-4b5c-ba4f-ff0c627932bf: Stopped
2024-06-08 17:12:49,475 [timer6] WARN  server.GrpcLogAppender (LogUtils.java:warn(121)) - b58efb8a-bcce-4b5c-ba4f-ff0c627932bf@group-4BD12810AED6->e3b50f59-81fe-4964-a90b-c9e3e207dda8-AppendLogResponseHandler: Failed appendEntries (Repeated 4 times in the last 5.000s): org.apache.ratis.thirdparty.io.grpc.StatusRuntimeException: UNAVAILABLE: io exception
2024-06-08 17:12:49,475 [timer7] WARN  server.GrpcLogAppender (GrpcLogAppender.java:lambda$resetClient$1(217)) - b58efb8a-bcce-4b5c-ba4f-ff0c627932bf@group-4BD12810AED6->e3b50f59-81fe-4964-a90b-c9e3e207dda8-GrpcLogAppender: Follower failed (request=null, errorCount=12); keep nextIndex (18) unchanged and retry. (Repeated 4 times in the last 5.000s)
2024-06-08 17:12:49,479 [timer1] WARN  server.GrpcLogAppender (GrpcLogAppender.java:lambda$resetClient$1(217)) - b58efb8a-bcce-4b5c-ba4f-ff0c627932bf@group-4BD12810AED6->b8911061-d087-4ec2-bfc4-9091de9e538b-GrpcLogAppender: Follower failed (request=null, errorCount=10); keep nextIndex (18) unchanged and retry. (Repeated 6 times in the last 5.001s)
2024-06-08 17:12:50,511 [EventQueue-StaleNodeForStaleNodeHandler] INFO  node.StaleNodeHandler (StaleNodeHandler.java:onMessage(57)) - Datanode b58efb8a-bcce-4b5c-ba4f-ff0c627932bf(localhost/127.0.0.1) moved to stale state. Finalizing its pipelines [PipelineID=9991c400-dfa5-4715-b5a1-a0d4059f2016]
2024-06-08 17:12:50,512 [EventQueue-StaleNodeForStaleNodeHandler] INFO  pipeline.PipelineManagerImpl (PipelineManagerImpl.java:closePipeline(518)) - Pipeline PipelineID=9991c400-dfa5-4715-b5a1-a0d4059f2016 moved to CLOSED state
2024-06-08 17:12:51,312 [EventQueue-StaleNodeForStaleNodeHandler] INFO  node.StaleNodeHandler (StaleNodeHandler.java:onMessage(57)) - Datanode 4a3afcc0-0f17-4502-9539-e074401f0f0d(localhost/127.0.0.1) moved to stale state. Finalizing its pipelines [PipelineID=946f1e2e-5507-4a76-834f-8a0b6d5c64a2]
2024-06-08 17:12:51,313 [EventQueue-StaleNodeForStaleNodeHandler] INFO  pipeline.PipelineManagerImpl (PipelineManagerImpl.java:closePipeline(518)) - Pipeline PipelineID=946f1e2e-5507-4a76-834f-8a0b6d5c64a2 moved to CLOSED state
2024-06-08 17:12:51,313 [EventQueue-StaleNodeForStaleNodeHandler] INFO  node.StaleNodeHandler (StaleNodeHandler.java:onMessage(57)) - Datanode 5b9ea29f-4e96-47ac-97d6-33d0cc39064b(localhost/127.0.0.1) moved to stale state. Finalizing its pipelines [PipelineID=f0608596-fc8d-4645-a226-c6684cf3ab6d]
2024-06-08 17:12:51,314 [EventQueue-StaleNodeForStaleNodeHandler] INFO  pipeline.PipelineManagerImpl (PipelineManagerImpl.java:closePipeline(518)) - Pipeline PipelineID=f0608596-fc8d-4645-a226-c6684cf3ab6d moved to CLOSED state
2024-06-08 17:12:51,320 [ForkJoinPool.commonPool-worker-3] INFO  utils.DatanodeStoreCache (DatanodeStoreCache.java:shutdownCache(116)) - Skip clearing cache in mini cluster mode. Entries left: [/home/runner/work/ozone/ozone/hadoop-ozone/integration-test/target/test-dir/MiniOzoneClusterImpl-6b59e386-941c-4981-b753-7806b34dbc05/ozone-meta/datanode-3/data-0/hdds/6b59e386-941c-4981-b753-7806b34dbc05/DS-97c01086-debe-488b-9247-774c0e8f9834/container.db, /home/runner/work/ozone/ozone/hadoop-ozone/integration-test/target/test-dir/MiniOzoneClusterImpl-6b59e386-941c-4981-b753-7806b34dbc05/ozone-meta/datanode-4/data-0/hdds/6b59e386-941c-4981-b753-7806b34dbc05/DS-196276ef-1f62-4795-aeae-56a35f0688d3/container.db, /home/runner/work/ozone/ozone/hadoop-ozone/integration-test/target/test-dir/MiniOzoneClusterImpl-6b59e386-941c-4981-b753-7806b34dbc05/ozone-meta/datanode-5/data-0/hdds/6b59e386-941c-4981-b753-7806b34dbc05/DS-9c0d48b0-5ac7-475b-b179-4b482fe6b94c/container.db]
2024-06-08 17:12:51,321 [ForkJoinPool.commonPool-worker-3] INFO  utils.DatanodeStoreCache (DatanodeStoreCache.java:removeDB(110)) - Removed db /home/runner/work/ozone/ozone/hadoop-ozone/integration-test/target/test-dir/MiniOzoneClusterImpl-6b59e386-941c-4981-b753-7806b34dbc05/ozone-meta/datanode-4/data-0/hdds/6b59e386-941c-4981-b753-7806b34dbc05/DS-196276ef-1f62-4795-aeae-56a35f0688d3/container.db from cache
2024-06-08 17:12:51,321 [ForkJoinPool.commonPool-worker-3] INFO  volume.HddsVolume (HddsVolume.java:closeDbStore(470)) - SchemaV3 db is stopped at /home/runner/work/ozone/ozone/hadoop-ozone/integration-test/target/test-dir/MiniOzoneClusterImpl-6b59e386-941c-4981-b753-7806b34dbc05/ozone-meta/datanode-4/data-0/hdds/6b59e386-941c-4981-b753-7806b34dbc05/DS-196276ef-1f62-4795-aeae-56a35f0688d3/container.db for volume DS-196276ef-1f62-4795-aeae-56a35f0688d3
2024-06-08 17:12:51,321 [ForkJoinPool.commonPool-worker-3] INFO  utils.BackgroundService (BackgroundService.java:shutdown(160)) - Shutting down service BlockDeletingService
2024-06-08 17:12:51,321 [ForkJoinPool.commonPool-worker-3] INFO  utils.BackgroundService (BackgroundService.java:shutdown(160)) - Shutting down service StaleRecoveringContainerScrubbingService
2024-06-08 17:12:51,322 [ForkJoinPool.commonPool-worker-3] INFO  statemachine.DatanodeStateMachine (DatanodeStateMachine.java:stopDaemon(638)) - Ozone container server stopped.
2024-06-08 17:12:51,322 [ForkJoinPool.commonPool-worker-3] INFO  handler.ContextHandler (ContextHandler.java:doStop(1159)) - Stopped o.e.j.w.WebAppContext@19a3bfb5{hddsDatanode,/,null,STOPPED}{file:/home/runner/work/ozone/ozone/hadoop-hdds/container-service/target/classes/webapps/hddsDatanode}
2024-06-08 17:12:51,322 [main] INFO  utils.DatanodeStoreCache (DatanodeStoreCache.java:shutdownCache(116)) - Skip clearing cache in mini cluster mode. Entries left: [/home/runner/work/ozone/ozone/hadoop-ozone/integration-test/target/test-dir/MiniOzoneClusterImpl-6b59e386-941c-4981-b753-7806b34dbc05/ozone-meta/datanode-3/data-0/hdds/6b59e386-941c-4981-b753-7806b34dbc05/DS-97c01086-debe-488b-9247-774c0e8f9834/container.db, /home/runner/work/ozone/ozone/hadoop-ozone/integration-test/target/test-dir/MiniOzoneClusterImpl-6b59e386-941c-4981-b753-7806b34dbc05/ozone-meta/datanode-5/data-0/hdds/6b59e386-941c-4981-b753-7806b34dbc05/DS-9c0d48b0-5ac7-475b-b179-4b482fe6b94c/container.db]
2024-06-08 17:12:51,323 [ForkJoinPool.commonPool-worker-3] INFO  server.AbstractConnector (AbstractConnector.java:doStop(383)) - Stopped ServerConnector@9111d0a{HTTP/1.1, (http/1.1)}{0.0.0.0:15089}
2024-06-08 17:12:51,323 [ForkJoinPool.commonPool-worker-3] INFO  server.session (HouseKeeper.java:stopScavenging(149)) - node0 Stopped scavenging
2024-06-08 17:12:51,323 [ForkJoinPool.commonPool-worker-3] INFO  handler.ContextHandler (ContextHandler.java:doStop(1159)) - Stopped o.e.j.s.ServletContextHandler@38d19150{static,/static,file:///home/runner/work/ozone/ozone/hadoop-hdds/container-service/target/classes/webapps/static,STOPPED}
2024-06-08 17:12:51,323 [ForkJoinPool.commonPool-worker-3] INFO  handler.ContextHandler (ContextHandler.java:doStop(1159)) - Stopped o.e.j.s.ServletContextHandler@2dbc453a{logs,/logs,file:///home/runner/work/ozone/ozone/hadoop-ozone/integration-test/target/log,STOPPED}
2024-06-08 17:12:51,323 [main] INFO  utils.DatanodeStoreCache (DatanodeStoreCache.java:removeDB(110)) - Removed db /home/runner/work/ozone/ozone/hadoop-ozone/integration-test/target/test-dir/MiniOzoneClusterImpl-6b59e386-941c-4981-b753-7806b34dbc05/ozone-meta/datanode-3/data-0/hdds/6b59e386-941c-4981-b753-7806b34dbc05/DS-97c01086-debe-488b-9247-774c0e8f9834/container.db from cache
2024-06-08 17:12:51,323 [main] INFO  volume.HddsVolume (HddsVolume.java:closeDbStore(470)) - SchemaV3 db is stopped at /home/runner/work/ozone/ozone/hadoop-ozone/integration-test/target/test-dir/MiniOzoneClusterImpl-6b59e386-941c-4981-b753-7806b34dbc05/ozone-meta/datanode-3/data-0/hdds/6b59e386-941c-4981-b753-7806b34dbc05/DS-97c01086-debe-488b-9247-774c0e8f9834/container.db for volume DS-97c01086-debe-488b-9247-774c0e8f9834
2024-06-08 17:12:51,324 [main] INFO  utils.BackgroundService (BackgroundService.java:shutdown(160)) - Shutting down service BlockDeletingService
2024-06-08 17:12:51,324 [main] INFO  utils.BackgroundService (BackgroundService.java:shutdown(160)) - Shutting down service StaleRecoveringContainerScrubbingService
2024-06-08 17:12:51,324 [ForkJoinPool.commonPool-worker-3] INFO  ozone.HddsDatanodeClientProtocolServer (HddsDatanodeClientProtocolServer.java:stop(83)) - Stopping the RPC server for Client Protocol
2024-06-08 17:12:51,324 [ForkJoinPool.commonPool-worker-3] INFO  ipc.Server (Server.java:stop(3523)) - Stopping server on 15090
2024-06-08 17:12:51,324 [IPC Server listener on 15090] INFO  ipc.Server (Server.java:run(1434)) - Stopping IPC Server listener on 15090
2024-06-08 17:12:51,324 [IPC Server Responder] INFO  ipc.Server (Server.java:run(1567)) - Stopping IPC Server Responder
2024-06-08 17:12:51,325 [main] INFO  statemachine.DatanodeStateMachine (DatanodeStateMachine.java:stopDaemon(638)) - Ozone container server stopped.
2024-06-08 17:12:51,325 [main] INFO  handler.ContextHandler (ContextHandler.java:doStop(1159)) - Stopped o.e.j.w.WebAppContext@13e4acf6{hddsDatanode,/,null,STOPPED}{file:/home/runner/work/ozone/ozone/hadoop-hdds/container-service/target/classes/webapps/hddsDatanode}
2024-06-08 17:12:51,326 [main] INFO  server.AbstractConnector (AbstractConnector.java:doStop(383)) - Stopped ServerConnector@49ed96e3{HTTP/1.1, (http/1.1)}{0.0.0.0:15080}
2024-06-08 17:12:51,326 [main] INFO  server.session (HouseKeeper.java:stopScavenging(149)) - node0 Stopped scavenging
2024-06-08 17:12:51,326 [main] INFO  handler.ContextHandler (ContextHandler.java:doStop(1159)) - Stopped o.e.j.s.ServletContextHandler@3b4d78a4{static,/static,file:///home/runner/work/ozone/ozone/hadoop-hdds/container-service/target/classes/webapps/static,STOPPED}
2024-06-08 17:12:51,326 [main] INFO  handler.ContextHandler (ContextHandler.java:doStop(1159)) - Stopped o.e.j.s.ServletContextHandler@2300d6fd{logs,/logs,file:///home/runner/work/ozone/ozone/hadoop-ozone/integration-test/target/log,STOPPED}
2024-06-08 17:12:51,327 [main] INFO  ozone.HddsDatanodeClientProtocolServer (HddsDatanodeClientProtocolServer.java:stop(83)) - Stopping the RPC server for Client Protocol
2024-06-08 17:12:51,327 [main] INFO  ipc.Server (Server.java:stop(3523)) - Stopping server on 15081
2024-06-08 17:12:51,327 [IPC Server Responder] INFO  ipc.Server (Server.java:run(1567)) - Stopping IPC Server Responder
2024-06-08 17:12:51,327 [IPC Server listener on 15081] INFO  ipc.Server (Server.java:run(1434)) - Stopping IPC Server listener on 15081
2024-06-08 17:12:51,413 [4a3afcc0-0f17-4502-9539-e074401f0f0d@group-C62589969397-FollowerState] INFO  impl.FollowerState (FollowerState.java:run(143)) - 4a3afcc0-0f17-4502-9539-e074401f0f0d@group-C62589969397-FollowerState: change to CANDIDATE, lastRpcElapsedTime:5111718425ns, electionTimeout:5110ms
2024-06-08 17:12:51,413 [4a3afcc0-0f17-4502-9539-e074401f0f0d@group-C62589969397-FollowerState] INFO  impl.RoleInfo (RoleInfo.java:shutdownFollowerState(110)) - 4a3afcc0-0f17-4502-9539-e074401f0f0d: shutdown 4a3afcc0-0f17-4502-9539-e074401f0f0d@group-C62589969397-FollowerState
2024-06-08 17:12:51,413 [4a3afcc0-0f17-4502-9539-e074401f0f0d@group-C62589969397-FollowerState] INFO  server.RaftServer$Division (RaftServerImpl.java:setRole(383)) - 4a3afcc0-0f17-4502-9539-e074401f0f0d@group-C62589969397: changes role from  FOLLOWER to CANDIDATE at term 0 for changeToCandidate
2024-06-08 17:12:51,413 [4a3afcc0-0f17-4502-9539-e074401f0f0d@group-C62589969397-FollowerState] INFO  server.RaftServerConfigKeys (ConfUtils.java:logGet(46)) - raft.server.leaderelection.pre-vote = true (default)
2024-06-08 17:12:51,413 [4a3afcc0-0f17-4502-9539-e074401f0f0d@group-C62589969397-FollowerState] INFO  impl.RoleInfo (RoleInfo.java:updateAndGet(139)) - 4a3afcc0-0f17-4502-9539-e074401f0f0d: start 4a3afcc0-0f17-4502-9539-e074401f0f0d@group-C62589969397-LeaderElection27
2024-06-08 17:12:51,413 [4a3afcc0-0f17-4502-9539-e074401f0f0d@group-C62589969397-LeaderElection27] INFO  impl.LeaderElection (LeaderElection.java:askForVotes(321)) - 4a3afcc0-0f17-4502-9539-e074401f0f0d@group-C62589969397-LeaderElection27 PRE_VOTE round 0: submit vote requests at term 0 for -1: peers:[4a3afcc0-0f17-4502-9539-e074401f0f0d|127.0.0.1:15103, b8911061-d087-4ec2-bfc4-9091de9e538b|127.0.0.1:15076, b58efb8a-bcce-4b5c-ba4f-ff0c627932bf|127.0.0.1:15085]|listeners:[], old=null
2024-06-08 17:12:51,413 [4a3afcc0-0f17-4502-9539-e074401f0f0d@group-C62589969397-LeaderElection27-1] INFO  server.GrpcServerProtocolClient (GrpcServerProtocolClient.java:<init>(65)) - Build channel for b8911061-d087-4ec2-bfc4-9091de9e538b|127.0.0.1:15076
2024-06-08 17:12:51,414 [4a3afcc0-0f17-4502-9539-e074401f0f0d@group-C62589969397-LeaderElection27-2] INFO  server.GrpcServerProtocolClient (GrpcServerProtocolClient.java:<init>(65)) - Build channel for b58efb8a-bcce-4b5c-ba4f-ff0c627932bf|127.0.0.1:15085
2024-06-08 17:12:51,413 [4a3afcc0-0f17-4502-9539-e074401f0f0d@group-C62589969397-LeaderElection27] INFO  server.RaftServerConfigKeys (ConfUtils.java:logFallback(53)) - raft.server.rpc.first-election.timeout.min = 5s (fallback to raft.server.rpc.timeout.min)
2024-06-08 17:12:51,414 [4a3afcc0-0f17-4502-9539-e074401f0f0d@group-C62589969397-LeaderElection27] INFO  server.RaftServerConfigKeys (ConfUtils.java:logFallback(53)) - raft.server.rpc.first-election.timeout.max = 5200ms (fallback to raft.server.rpc.timeout.max)
2024-06-08 17:12:51,416 [4a3afcc0-0f17-4502-9539-e074401f0f0d@group-C62589969397-LeaderElection27] INFO  impl.LeaderElection (LogUtils.java:infoOrTrace(136)) - 4a3afcc0-0f17-4502-9539-e074401f0f0d@group-C62589969397-LeaderElection27 got exception when requesting votes: java.util.concurrent.ExecutionException: org.apache.ratis.thirdparty.io.grpc.StatusRuntimeException: UNAVAILABLE: io exception
2024-06-08 17:12:51,417 [4a3afcc0-0f17-4502-9539-e074401f0f0d@group-C62589969397-LeaderElection27] INFO  impl.LeaderElection (LogUtils.java:infoOrTrace(136)) - 4a3afcc0-0f17-4502-9539-e074401f0f0d@group-C62589969397-LeaderElection27 got exception when requesting votes: java.util.concurrent.ExecutionException: org.apache.ratis.thirdparty.io.grpc.StatusRuntimeException: UNAVAILABLE: io exception
2024-06-08 17:12:51,417 [4a3afcc0-0f17-4502-9539-e074401f0f0d@group-C62589969397-LeaderElection27] INFO  impl.LeaderElection (LeaderElection.java:logAndReturn(89)) - 4a3afcc0-0f17-4502-9539-e074401f0f0d@group-C62589969397-LeaderElection27: PRE_VOTE REJECTED received 0 response(s) and 2 exception(s):
2024-06-08 17:12:51,417 [4a3afcc0-0f17-4502-9539-e074401f0f0d@group-C62589969397-LeaderElection27] INFO  impl.LeaderElection (LogUtils.java:infoOrTrace(136)) -   Exception 0: java.util.concurrent.ExecutionException: org.apache.ratis.thirdparty.io.grpc.StatusRuntimeException: UNAVAILABLE: io exception
2024-06-08 17:12:51,417 [4a3afcc0-0f17-4502-9539-e074401f0f0d@group-C62589969397-LeaderElection27] INFO  impl.LeaderElection (LogUtils.java:infoOrTrace(136)) -   Exception 1: java.util.concurrent.ExecutionException: org.apache.ratis.thirdparty.io.grpc.StatusRuntimeException: UNAVAILABLE: io exception
2024-06-08 17:12:51,417 [4a3afcc0-0f17-4502-9539-e074401f0f0d@group-C62589969397-LeaderElection27] INFO  impl.LeaderElection (LeaderElection.java:askForVotes(323)) - 4a3afcc0-0f17-4502-9539-e074401f0f0d@group-C62589969397-LeaderElection27 PRE_VOTE round 0: result REJECTED
2024-06-08 17:12:51,417 [4a3afcc0-0f17-4502-9539-e074401f0f0d@group-C62589969397-LeaderElection27] INFO  server.RaftServer$Division (RaftServerImpl.java:setRole(383)) - 4a3afcc0-0f17-4502-9539-e074401f0f0d@group-C62589969397: changes role from CANDIDATE to FOLLOWER at term 0 for REJECTED
2024-06-08 17:12:51,417 [4a3afcc0-0f17-4502-9539-e074401f0f0d@group-C62589969397-LeaderElection27] INFO  impl.RoleInfo (RoleInfo.java:shutdownLeaderElection(130)) - 4a3afcc0-0f17-4502-9539-e074401f0f0d: shutdown 4a3afcc0-0f17-4502-9539-e074401f0f0d@group-C62589969397-LeaderElection27
2024-06-08 17:12:51,417 [4a3afcc0-0f17-4502-9539-e074401f0f0d@group-C62589969397-LeaderElection27] INFO  impl.RoleInfo (RoleInfo.java:updateAndGet(139)) - 4a3afcc0-0f17-4502-9539-e074401f0f0d: start 4a3afcc0-0f17-4502-9539-e074401f0f0d@group-C62589969397-FollowerState
2024-06-08 17:12:51,417 [4a3afcc0-0f17-4502-9539-e074401f0f0d@group-C62589969397-LeaderElection27] INFO  server.RaftServer$Division (RaftServerImpl.java:setFirstElection(574)) - 4a3afcc0-0f17-4502-9539-e074401f0f0d@group-C62589969397: set firstElectionSinceStartup to false for REJECTED
2024-06-08 17:12:53,358 [4a3afcc0-0f17-4502-9539-e074401f0f0d-PipelineCommandHandlerThread-0] WARN  commandhandler.CreatePipelineCommandHandler (CreatePipelineCommandHandler.java:lambda$handle$1(121)) - Add group failed for b8911061-d087-4ec2-bfc4-9091de9e538b(localhost/127.0.0.1)
java.io.InterruptedIOException: retry policy=RequestTypeDependentRetryPolicy{WRITE->ExceptionDependentRetry(maxAttempts=2147483647; defaultPolicy=MultipleLinearRandomRetry[5x5s, 5x10s, 5x15s, 5x20s, 5x25s, 10x60s]; map={org.apache.ratis.protocol.exceptions.GroupMismatchException->NoRetry, org.apache.ratis.protocol.exceptions.NotReplicatedException->NoRetry, org.apache.ratis.protocol.exceptions.ResourceUnavailableException->org.apache.ratis.retry.ExponentialBackoffRetry@267b219b, org.apache.ratis.protocol.exceptions.StateMachineException->NoRetry, org.apache.ratis.protocol.exceptions.TimeoutIOException->org.apache.ratis.retry.ExponentialBackoffRetry@267b219b}), WATCH->ExceptionDependentRetry(maxAttempts=2147483647; defaultPolicy=MultipleLinearRandomRetry[5x5s, 5x10s, 5x15s, 5x20s, 5x25s, 10x60s]; map={org.apache.ratis.protocol.exceptions.GroupMismatchException->NoRetry, org.apache.ratis.protocol.exceptions.NotReplicatedException->NoRetry, org.apache.ratis.protocol.exceptions.ResourceUnavailableException->org.apache.ratis.retry.ExponentialBackoffRetry@267b219b, org.apache.ratis.protocol.exceptions.StateMachineException->NoRetry, org.apache.ratis.protocol.exceptions.TimeoutIOException->NoRetry})}
	at org.apache.ratis.client.impl.BlockingImpl.sendRequestWithRetry(BlockingImpl.java:136)
	at org.apache.ratis.client.impl.GroupManagementImpl.add(GroupManagementImpl.java:51)
	at org.apache.ratis.client.api.GroupManagementApi.add(GroupManagementApi.java:40)
	at org.apache.hadoop.ozone.container.common.statemachine.commandhandler.CreatePipelineCommandHandler.lambda$handle$1(CreatePipelineCommandHandler.java:117)
	at java.base/java.util.stream.ForEachOps$ForEachOp$OfRef.accept(ForEachOps.java:183)
	at java.base/java.util.stream.ReferencePipeline$2$1.accept(ReferencePipeline.java:179)
	at java.base/java.util.ArrayList$ArrayListSpliterator.forEachRemaining(ArrayList.java:1625)
	at java.base/java.util.stream.AbstractPipeline.copyInto(AbstractPipeline.java:509)
	at java.base/java.util.stream.AbstractPipeline.wrapAndCopyInto(AbstractPipeline.java:499)
	at java.base/java.util.stream.ForEachOps$ForEachOp.evaluateSequential(ForEachOps.java:150)
	at java.base/java.util.stream.ForEachOps$ForEachOp$OfRef.evaluateSequential(ForEachOps.java:173)
	at java.base/java.util.stream.AbstractPipeline.evaluate(AbstractPipeline.java:234)
	at java.base/java.util.stream.ReferencePipeline.forEach(ReferencePipeline.java:596)
	at org.apache.hadoop.ozone.container.common.statemachine.commandhandler.CreatePipelineCommandHandler.lambda$handle$2(CreatePipelineCommandHandler.java:113)
	at java.base/java.util.concurrent.CompletableFuture$AsyncRun.run(CompletableFuture.java:1804)
	at java.base/java.util.concurrent.ThreadPoolExecutor.runWorker(ThreadPoolExecutor.java:1136)
	at java.base/java.util.concurrent.ThreadPoolExecutor$Worker.run(ThreadPoolExecutor.java:635)
	at java.base/java.lang.Thread.run(Thread.java:840)
2024-06-08 17:12:53,359 [4a3afcc0-0f17-4502-9539-e074401f0f0d-PipelineCommandHandlerThread-0] INFO  commandhandler.CreatePipelineCommandHandler (CreatePipelineCommandHandler.java:lambda$handle$2(124)) - Created Pipeline RATIS THREE PipelineID=5f8c7168-02ac-4541-8970-c62589969397.
2024-06-08 17:12:53,359 [ForkJoinPool.commonPool-worker-2] INFO  ozoneimpl.OzoneContainer (OzoneContainer.java:stop(481)) - Attempting to stop container services.
2024-06-08 17:12:53,359 [ContainerMetadataScanner] WARN  ozoneimpl.AbstractBackgroundContainerScanner (AbstractBackgroundContainerScanner.java:handleRemainingSleep(134)) - Background container scan was interrupted.
2024-06-08 17:12:53,359 [ContainerMetadataScanner] INFO  ozoneimpl.AbstractBackgroundContainerScanner (AbstractBackgroundContainerScanner.java:run(61)) - Thread[ContainerMetadataScanner,5,main] exiting.
2024-06-08 17:12:53,359 [ForkJoinPool.commonPool-worker-2] INFO  ozoneimpl.BackgroundContainerDataScanner (BackgroundContainerDataScanner.java:shutdown(141)) - ContainerDataScanner(/home/runner/work/ozone/ozone/hadoop-ozone/integration-test/target/test-dir/MiniOzoneClusterImpl-6b59e386-941c-4981-b753-7806b34dbc05/ozone-meta/datanode-5/data-0/hdds) is shutting down. 
2024-06-08 17:12:53,359 [ContainerDataScanner(/home/runner/work/ozone/ozone/hadoop-ozone/integration-test/target/test-dir/MiniOzoneClusterImpl-6b59e386-941c-4981-b753-7806b34dbc05/ozone-meta/datanode-5/data-0/hdds)] WARN  ozoneimpl.AbstractBackgroundContainerScanner (AbstractBackgroundContainerScanner.java:handleRemainingSleep(134)) - Background container scan was interrupted.
2024-06-08 17:12:53,360 [ContainerDataScanner(/home/runner/work/ozone/ozone/hadoop-ozone/integration-test/target/test-dir/MiniOzoneClusterImpl-6b59e386-941c-4981-b753-7806b34dbc05/ozone-meta/datanode-5/data-0/hdds)] INFO  ozoneimpl.AbstractBackgroundContainerScanner (AbstractBackgroundContainerScanner.java:run(61)) - ContainerDataScanner(/home/runner/work/ozone/ozone/hadoop-ozone/integration-test/target/test-dir/MiniOzoneClusterImpl-6b59e386-941c-4981-b753-7806b34dbc05/ozone-meta/datanode-5/data-0/hdds, DS-9c0d48b0-5ac7-475b-b179-4b482fe6b94c) exiting.
2024-06-08 17:12:53,360 [ForkJoinPool.commonPool-worker-2] INFO  server.RaftServer (RaftServerProxy.java:lambda$close$9(416)) - 4a3afcc0-0f17-4502-9539-e074401f0f0d: close
2024-06-08 17:12:53,360 [4a3afcc0-0f17-4502-9539-e074401f0f0d-impl-thread1] INFO  server.RaftServer$Division (RaftServerImpl.java:lambda$close$3(526)) - 4a3afcc0-0f17-4502-9539-e074401f0f0d@group-8A0B6D5C64A2: shutdown
2024-06-08 17:12:53,360 [4a3afcc0-0f17-4502-9539-e074401f0f0d-impl-thread1] INFO  util.JmxRegister (JmxRegister.java:unregister(73)) - Successfully un-registered JMX Bean with object name Ratis:service=RaftServer,group=group-8A0B6D5C64A2,id=4a3afcc0-0f17-4502-9539-e074401f0f0d
2024-06-08 17:12:53,360 [ForkJoinPool.commonPool-worker-2] INFO  server.GrpcService (GrpcService.java:closeImpl(311)) - 4a3afcc0-0f17-4502-9539-e074401f0f0d: shutdown server org.apache.ratis.grpc.server.GrpcClientProtocolService now
2024-06-08 17:12:53,360 [4a3afcc0-0f17-4502-9539-e074401f0f0d-impl-thread1] INFO  impl.RoleInfo (RoleInfo.java:shutdownLeaderState(94)) - 4a3afcc0-0f17-4502-9539-e074401f0f0d: shutdown 4a3afcc0-0f17-4502-9539-e074401f0f0d@group-8A0B6D5C64A2-LeaderStateImpl
2024-06-08 17:12:53,360 [4a3afcc0-0f17-4502-9539-e074401f0f0d-impl-thread2] INFO  server.RaftServer$Division (RaftServerImpl.java:lambda$close$3(526)) - 4a3afcc0-0f17-4502-9539-e074401f0f0d@group-C62589969397: shutdown
2024-06-08 17:12:53,360 [4a3afcc0-0f17-4502-9539-e074401f0f0d-impl-thread2] INFO  util.JmxRegister (JmxRegister.java:unregister(73)) - Successfully un-registered JMX Bean with object name Ratis:service=RaftServer,group=group-C62589969397,id=4a3afcc0-0f17-4502-9539-e074401f0f0d
2024-06-08 17:12:53,360 [4a3afcc0-0f17-4502-9539-e074401f0f0d-impl-thread1] INFO  impl.PendingRequests (PendingRequests.java:sendNotLeaderResponses(289)) - 4a3afcc0-0f17-4502-9539-e074401f0f0d@group-8A0B6D5C64A2-PendingRequests: sendNotLeaderResponses
2024-06-08 17:12:53,360 [4a3afcc0-0f17-4502-9539-e074401f0f0d-impl-thread2] INFO  impl.RoleInfo (RoleInfo.java:shutdownFollowerState(110)) - 4a3afcc0-0f17-4502-9539-e074401f0f0d: shutdown 4a3afcc0-0f17-4502-9539-e074401f0f0d@group-C62589969397-FollowerState
2024-06-08 17:12:53,361 [4a3afcc0-0f17-4502-9539-e074401f0f0d-impl-thread2] INFO  impl.StateMachineUpdater (StateMachineUpdater.java:stopAndJoin(157)) - 4a3afcc0-0f17-4502-9539-e074401f0f0d@group-C62589969397-StateMachineUpdater: set stopIndex = -1
2024-06-08 17:12:53,361 [4a3afcc0-0f17-4502-9539-e074401f0f0d@group-C62589969397-FollowerState] INFO  impl.FollowerState (FollowerState.java:run(152)) - 4a3afcc0-0f17-4502-9539-e074401f0f0d@group-C62589969397-FollowerState was interrupted
2024-06-08 17:12:53,361 [4a3afcc0-0f17-4502-9539-e074401f0f0d-impl-thread2] INFO  server.RaftServer$Division (ServerState.java:close(427)) - 4a3afcc0-0f17-4502-9539-e074401f0f0d@group-C62589969397: applyIndex: -1
2024-06-08 17:12:53,361 [Thread-2041] INFO  server.GrpcServerProtocolClient (GrpcServerProtocolClient.java:close(103)) - b8911061-d087-4ec2-bfc4-9091de9e538b Close channels
2024-06-08 17:12:53,361 [4a3afcc0-0f17-4502-9539-e074401f0f0d-impl-thread1] INFO  impl.StateMachineUpdater (StateMachineUpdater.java:stopAndJoin(157)) - 4a3afcc0-0f17-4502-9539-e074401f0f0d@group-8A0B6D5C64A2-StateMachineUpdater: set stopIndex = 0
2024-06-08 17:12:53,361 [4a3afcc0-0f17-4502-9539-e074401f0f0d@group-8A0B6D5C64A2-StateMachineUpdater] INFO  ratis.ContainerStateMachine (ContainerStateMachine.java:takeSnapshot(355)) - group-8A0B6D5C64A2: Taking a snapshot at:(t:1, i:0) file /home/runner/work/ozone/ozone/hadoop-ozone/integration-test/target/test-dir/MiniOzoneClusterImpl-6b59e386-941c-4981-b753-7806b34dbc05/ozone-meta/datanode-5/ratis/946f1e2e-5507-4a76-834f-8a0b6d5c64a2/sm/snapshot.1_0
2024-06-08 17:12:53,361 [Thread-2042] INFO  server.GrpcServerProtocolClient (GrpcServerProtocolClient.java:close(103)) - b58efb8a-bcce-4b5c-ba4f-ff0c627932bf Close channels
2024-06-08 17:12:53,361 [ForkJoinPool.commonPool-worker-2] INFO  server.GrpcService (GrpcService.java:closeImpl(320)) - 4a3afcc0-0f17-4502-9539-e074401f0f0d: shutdown server org.apache.ratis.grpc.server.GrpcClientProtocolService successfully
2024-06-08 17:12:53,361 [ForkJoinPool.commonPool-worker-2] INFO  server.GrpcService (GrpcService.java:closeImpl(311)) - 4a3afcc0-0f17-4502-9539-e074401f0f0d: shutdown server GrpcServerProtocolService now
2024-06-08 17:12:53,361 [4a3afcc0-0f17-4502-9539-e074401f0f0d@group-C62589969397-cacheEviction-AwaitToRun] INFO  util.AwaitToRun (AwaitToRun.java:run(49)) - 4a3afcc0-0f17-4502-9539-e074401f0f0d@group-C62589969397-cacheEviction-AwaitToRun-AwaitForSignal is interrupted
2024-06-08 17:12:53,362 [4a3afcc0-0f17-4502-9539-e074401f0f0d@group-8A0B6D5C64A2-StateMachineUpdater] INFO  ratis.ContainerStateMachine (ContainerStateMachine.java:takeSnapshot(366)) - group-8A0B6D5C64A2: Finished taking a snapshot at:(t:1, i:0) file:/home/runner/work/ozone/ozone/hadoop-ozone/integration-test/target/test-dir/MiniOzoneClusterImpl-6b59e386-941c-4981-b753-7806b34dbc05/ozone-meta/datanode-5/ratis/946f1e2e-5507-4a76-834f-8a0b6d5c64a2/sm/snapshot.1_0 took: 2 ms
2024-06-08 17:12:53,363 [4a3afcc0-0f17-4502-9539-e074401f0f0d@group-8A0B6D5C64A2-StateMachineUpdater] INFO  impl.StateMachineUpdater (StateMachineUpdater.java:takeSnapshot(295)) - 4a3afcc0-0f17-4502-9539-e074401f0f0d@group-8A0B6D5C64A2-StateMachineUpdater: Took a snapshot at index 0
2024-06-08 17:12:53,363 [4a3afcc0-0f17-4502-9539-e074401f0f0d@group-8A0B6D5C64A2-StateMachineUpdater] INFO  impl.StateMachineUpdater (StateMachineUpdater.java:lambda$new$0(98)) - 4a3afcc0-0f17-4502-9539-e074401f0f0d@group-8A0B6D5C64A2-StateMachineUpdater: snapshotIndex: updateIncreasingly -1 -> 0
2024-06-08 17:12:53,363 [4a3afcc0-0f17-4502-9539-e074401f0f0d-impl-thread1] INFO  server.RaftServer$Division (ServerState.java:close(427)) - 4a3afcc0-0f17-4502-9539-e074401f0f0d@group-8A0B6D5C64A2: applyIndex: 0
2024-06-08 17:12:53,363 [4a3afcc0-0f17-4502-9539-e074401f0f0d@group-8A0B6D5C64A2-cacheEviction-AwaitToRun] INFO  util.AwaitToRun (AwaitToRun.java:run(49)) - 4a3afcc0-0f17-4502-9539-e074401f0f0d@group-8A0B6D5C64A2-cacheEviction-AwaitToRun-AwaitForSignal is interrupted
2024-06-08 17:12:53,364 [ForkJoinPool.commonPool-worker-2] INFO  server.GrpcService (GrpcService.java:closeImpl(320)) - 4a3afcc0-0f17-4502-9539-e074401f0f0d: shutdown server GrpcServerProtocolService successfully
2024-06-08 17:12:53,364 [ForkJoinPool.commonPool-worker-2] INFO  server.GrpcService (GrpcService.java:closeImpl(311)) - 4a3afcc0-0f17-4502-9539-e074401f0f0d: shutdown server org.apache.ratis.grpc.server.GrpcAdminProtocolService now
2024-06-08 17:12:53,364 [ForkJoinPool.commonPool-worker-2] INFO  server.GrpcService (GrpcService.java:closeImpl(320)) - 4a3afcc0-0f17-4502-9539-e074401f0f0d: shutdown server org.apache.ratis.grpc.server.GrpcAdminProtocolService successfully
2024-06-08 17:12:53,367 [4a3afcc0-0f17-4502-9539-e074401f0f0d-NettyServerStreamRpc-bossGroup--thread1] INFO  logging.LoggingHandler (AbstractInternalLogger.java:log(148)) - [id: 0x443d7689, L:/0.0.0.0:15104] CLOSE
2024-06-08 17:12:53,367 [4a3afcc0-0f17-4502-9539-e074401f0f0d-NettyServerStreamRpc-bossGroup--thread1] INFO  logging.LoggingHandler (AbstractInternalLogger.java:log(148)) - [id: 0x443d7689, L:/0.0.0.0:15104] INACTIVE
2024-06-08 17:12:53,367 [4a3afcc0-0f17-4502-9539-e074401f0f0d-NettyServerStreamRpc-bossGroup--thread1] INFO  logging.LoggingHandler (AbstractInternalLogger.java:log(148)) - [id: 0x443d7689, L:/0.0.0.0:15104] UNREGISTERED
2024-06-08 17:12:53,514 [EventQueue-DeadNodeForDeadNodeHandler] INFO  node.DeadNodeHandler (DeadNodeHandler.java:onMessage(95)) - A dead datanode is detected. b58efb8a-bcce-4b5c-ba4f-ff0c627932bf(localhost/127.0.0.1)
2024-06-08 17:12:53,514 [EventQueue-DeadNodeForDeadNodeHandler] INFO  pipeline.RatisPipelineProvider (RatisPipelineProvider.java:lambda$close$4(270)) - Send pipeline:PipelineID=9991c400-dfa5-4715-b5a1-a0d4059f2016 close command to datanode b58efb8a-bcce-4b5c-ba4f-ff0c627932bf
2024-06-08 17:12:53,515 [EventQueue-DeadNodeForDeadNodeHandler] INFO  pipeline.PipelineManagerImpl (PipelineManagerImpl.java:removePipeline(459)) - Pipeline Pipeline[ Id: 9991c400-dfa5-4715-b5a1-a0d4059f2016, Nodes: b58efb8a-bcce-4b5c-ba4f-ff0c627932bf(localhost/127.0.0.1), ReplicationConfig: RATIS/ONE, State:CLOSED, leaderId:b58efb8a-bcce-4b5c-ba4f-ff0c627932bf, CreationTimestamp2024-06-08T17:12:21.117Z[Etc/UTC]] removed.
2024-06-08 17:12:53,515 [EventQueue-DeadNodeForDeadNodeHandler] INFO  node.DeadNodeHandler (DeadNodeHandler.java:onMessage(108)) - Clearing command queue of size 2 for DN b58efb8a-bcce-4b5c-ba4f-ff0c627932bf(localhost/127.0.0.1)
2024-06-08 17:12:53,515 [EventQueue-DeadNodeForDeadNodeHandler] INFO  net.NetworkTopologyImpl (NetworkTopologyImpl.java:remove(212)) - Removed a node: /default-rack/b58efb8a-bcce-4b5c-ba4f-ff0c627932bf
2024-06-08 17:12:54,298 [4a3afcc0-0f17-4502-9539-e074401f0f0d-impl-thread1] INFO  segmented.SegmentedRaftLogWorker (SegmentedRaftLogWorker.java:close(245)) - 4a3afcc0-0f17-4502-9539-e074401f0f0d@group-8A0B6D5C64A2-SegmentedRaftLogWorker close()
2024-06-08 17:12:54,301 [4a3afcc0-0f17-4502-9539-e074401f0f0d-impl-thread2] INFO  segmented.SegmentedRaftLogWorker (SegmentedRaftLogWorker.java:close(245)) - 4a3afcc0-0f17-4502-9539-e074401f0f0d@group-C62589969397-SegmentedRaftLogWorker close()
2024-06-08 17:12:54,301 [JvmPauseMonitor13] INFO  util.JvmPauseMonitor (JvmPauseMonitor.java:run(152)) - JvmPauseMonitor-4a3afcc0-0f17-4502-9539-e074401f0f0d: Stopped
2024-06-08 17:12:54,315 [EventQueue-DeadNodeForDeadNodeHandler] INFO  node.DeadNodeHandler (DeadNodeHandler.java:onMessage(95)) - A dead datanode is detected. 4a3afcc0-0f17-4502-9539-e074401f0f0d(localhost/127.0.0.1)
2024-06-08 17:12:54,315 [EventQueue-DeadNodeForDeadNodeHandler] INFO  pipeline.RatisPipelineProvider (RatisPipelineProvider.java:lambda$close$4(270)) - Send pipeline:PipelineID=946f1e2e-5507-4a76-834f-8a0b6d5c64a2 close command to datanode 4a3afcc0-0f17-4502-9539-e074401f0f0d
2024-06-08 17:12:54,315 [EventQueue-DeadNodeForDeadNodeHandler] INFO  pipeline.PipelineManagerImpl (PipelineManagerImpl.java:removePipeline(459)) - Pipeline Pipeline[ Id: 946f1e2e-5507-4a76-834f-8a0b6d5c64a2, Nodes: 4a3afcc0-0f17-4502-9539-e074401f0f0d(localhost/127.0.0.1), ReplicationConfig: RATIS/ONE, State:CLOSED, leaderId:4a3afcc0-0f17-4502-9539-e074401f0f0d, CreationTimestamp2024-06-08T17:12:21.249Z[Etc/UTC]] removed.
2024-06-08 17:12:54,315 [EventQueue-DeadNodeForDeadNodeHandler] INFO  node.DeadNodeHandler (DeadNodeHandler.java:onMessage(108)) - Clearing command queue of size 1 for DN 4a3afcc0-0f17-4502-9539-e074401f0f0d(localhost/127.0.0.1)
2024-06-08 17:12:54,315 [EventQueue-DeadNodeForDeadNodeHandler] INFO  net.NetworkTopologyImpl (NetworkTopologyImpl.java:remove(212)) - Removed a node: /default-rack/4a3afcc0-0f17-4502-9539-e074401f0f0d
2024-06-08 17:12:54,315 [EventQueue-DeadNodeForDeadNodeHandler] INFO  node.DeadNodeHandler (DeadNodeHandler.java:onMessage(95)) - A dead datanode is detected. 5b9ea29f-4e96-47ac-97d6-33d0cc39064b(localhost/127.0.0.1)
2024-06-08 17:12:54,316 [EventQueue-DeadNodeForDeadNodeHandler] INFO  pipeline.RatisPipelineProvider (RatisPipelineProvider.java:lambda$close$4(270)) - Send pipeline:PipelineID=f0608596-fc8d-4645-a226-c6684cf3ab6d close command to datanode 5b9ea29f-4e96-47ac-97d6-33d0cc39064b
2024-06-08 17:12:54,316 [EventQueue-DeadNodeForDeadNodeHandler] INFO  pipeline.PipelineManagerImpl (PipelineManagerImpl.java:removePipeline(459)) - Pipeline Pipeline[ Id: f0608596-fc8d-4645-a226-c6684cf3ab6d, Nodes: 5b9ea29f-4e96-47ac-97d6-33d0cc39064b(localhost/127.0.0.1), ReplicationConfig: RATIS/ONE, State:CLOSED, leaderId:5b9ea29f-4e96-47ac-97d6-33d0cc39064b, CreationTimestamp2024-06-08T17:12:21.197Z[Etc/UTC]] removed.
2024-06-08 17:12:54,316 [EventQueue-DeadNodeForDeadNodeHandler] INFO  node.DeadNodeHandler (DeadNodeHandler.java:onMessage(108)) - Clearing command queue of size 1 for DN 5b9ea29f-4e96-47ac-97d6-33d0cc39064b(localhost/127.0.0.1)
2024-06-08 17:12:54,316 [EventQueue-DeadNodeForDeadNodeHandler] INFO  net.NetworkTopologyImpl (NetworkTopologyImpl.java:remove(212)) - Removed a node: /default-rack/5b9ea29f-4e96-47ac-97d6-33d0cc39064b
2024-06-08 17:12:56,304 [ForkJoinPool.commonPool-worker-2] INFO  utils.DatanodeStoreCache (DatanodeStoreCache.java:shutdownCache(116)) - Skip clearing cache in mini cluster mode. Entries left: [/home/runner/work/ozone/ozone/hadoop-ozone/integration-test/target/test-dir/MiniOzoneClusterImpl-6b59e386-941c-4981-b753-7806b34dbc05/ozone-meta/datanode-5/data-0/hdds/6b59e386-941c-4981-b753-7806b34dbc05/DS-9c0d48b0-5ac7-475b-b179-4b482fe6b94c/container.db]
2024-06-08 17:12:56,305 [ForkJoinPool.commonPool-worker-2] INFO  utils.DatanodeStoreCache (DatanodeStoreCache.java:removeDB(110)) - Removed db /home/runner/work/ozone/ozone/hadoop-ozone/integration-test/target/test-dir/MiniOzoneClusterImpl-6b59e386-941c-4981-b753-7806b34dbc05/ozone-meta/datanode-5/data-0/hdds/6b59e386-941c-4981-b753-7806b34dbc05/DS-9c0d48b0-5ac7-475b-b179-4b482fe6b94c/container.db from cache
2024-06-08 17:12:56,305 [ForkJoinPool.commonPool-worker-2] INFO  volume.HddsVolume (HddsVolume.java:closeDbStore(470)) - SchemaV3 db is stopped at /home/runner/work/ozone/ozone/hadoop-ozone/integration-test/target/test-dir/MiniOzoneClusterImpl-6b59e386-941c-4981-b753-7806b34dbc05/ozone-meta/datanode-5/data-0/hdds/6b59e386-941c-4981-b753-7806b34dbc05/DS-9c0d48b0-5ac7-475b-b179-4b482fe6b94c/container.db for volume DS-9c0d48b0-5ac7-475b-b179-4b482fe6b94c
2024-06-08 17:12:56,305 [ForkJoinPool.commonPool-worker-2] INFO  utils.BackgroundService (BackgroundService.java:shutdown(160)) - Shutting down service BlockDeletingService
2024-06-08 17:12:56,305 [ForkJoinPool.commonPool-worker-2] INFO  utils.BackgroundService (BackgroundService.java:shutdown(160)) - Shutting down service StaleRecoveringContainerScrubbingService
2024-06-08 17:12:56,305 [ForkJoinPool.commonPool-worker-2] INFO  statemachine.DatanodeStateMachine (DatanodeStateMachine.java:stopDaemon(638)) - Ozone container server stopped.
2024-06-08 17:12:56,306 [ForkJoinPool.commonPool-worker-2] INFO  handler.ContextHandler (ContextHandler.java:doStop(1159)) - Stopped o.e.j.w.WebAppContext@9aa9e4a{hddsDatanode,/,null,STOPPED}{file:/home/runner/work/ozone/ozone/hadoop-hdds/container-service/target/classes/webapps/hddsDatanode}
2024-06-08 17:12:56,306 [ForkJoinPool.commonPool-worker-2] INFO  server.AbstractConnector (AbstractConnector.java:doStop(383)) - Stopped ServerConnector@3fcd5561{HTTP/1.1, (http/1.1)}{0.0.0.0:15098}
2024-06-08 17:12:56,306 [ForkJoinPool.commonPool-worker-2] INFO  server.session (HouseKeeper.java:stopScavenging(149)) - node0 Stopped scavenging
2024-06-08 17:12:56,306 [ForkJoinPool.commonPool-worker-2] INFO  handler.ContextHandler (ContextHandler.java:doStop(1159)) - Stopped o.e.j.s.ServletContextHandler@16de7a51{static,/static,file:///home/runner/work/ozone/ozone/hadoop-hdds/container-service/target/classes/webapps/static,STOPPED}
2024-06-08 17:12:56,307 [ForkJoinPool.commonPool-worker-2] INFO  handler.ContextHandler (ContextHandler.java:doStop(1159)) - Stopped o.e.j.s.ServletContextHandler@45a9dc8e{logs,/logs,file:///home/runner/work/ozone/ozone/hadoop-ozone/integration-test/target/log,STOPPED}
2024-06-08 17:12:56,307 [ForkJoinPool.commonPool-worker-2] INFO  ozone.HddsDatanodeClientProtocolServer (HddsDatanodeClientProtocolServer.java:stop(83)) - Stopping the RPC server for Client Protocol
2024-06-08 17:12:56,307 [ForkJoinPool.commonPool-worker-2] INFO  ipc.Server (Server.java:stop(3523)) - Stopping server on 15099
2024-06-08 17:12:56,307 [IPC Server Responder] INFO  ipc.Server (Server.java:run(1567)) - Stopping IPC Server Responder
2024-06-08 17:12:56,307 [IPC Server listener on 15099] INFO  ipc.Server (Server.java:run(1434)) - Stopping IPC Server listener on 15099
2024-06-08 17:12:56,308 [main] INFO  ozone.MiniOzoneClusterImpl (MiniOzoneClusterImpl.java:stopSCM(486)) - Stopping the StorageContainerManager
2024-06-08 17:12:56,308 [main] INFO  server.StorageContainerManager (StorageContainerManager.java:stop(1653)) - Container Balancer is not running.
2024-06-08 17:12:56,308 [main] INFO  server.StorageContainerManager (StorageContainerManager.java:stopReplicationManager(1786)) - Stopping Replication Manager Service.
2024-06-08 17:12:56,309 [main] INFO  replication.ReplicationManager (ReplicationManager.java:stop(329)) - Stopping Replication Monitor Thread.
2024-06-08 17:12:56,309 [main] INFO  server.StorageContainerManager (StorageContainerManager.java:stop(1662)) - Stopping the Datanode Admin Monitor.
2024-06-08 17:12:56,309 [ReplicationMonitor] INFO  replication.ReplicationManager (ReplicationManager.java:run(938)) - Replication Monitor Thread is stopped
2024-06-08 17:12:56,309 [OverReplicatedProcessor] WARN  replication.UnhealthyReplicationProcessor (UnhealthyReplicationProcessor.java:run(180)) - OverReplicatedProcessor interrupted. Exiting...
2024-06-08 17:12:56,309 [UnderReplicatedProcessor] WARN  replication.UnhealthyReplicationProcessor (UnhealthyReplicationProcessor.java:run(180)) - UnderReplicatedProcessor interrupted. Exiting...
2024-06-08 17:12:56,309 [main] INFO  server.StorageContainerManager (StorageContainerManager.java:stop(1669)) - Stopping datanode service RPC server
2024-06-08 17:12:56,309 [main] INFO  server.SCMDatanodeProtocolServer (SCMDatanodeProtocolServer.java:stop(425)) - Stopping the RPC server for DataNodes
2024-06-08 17:12:56,309 [main] INFO  ipc.Server (Server.java:stop(3523)) - Stopping server on 15055
2024-06-08 17:12:56,311 [IPC Server Responder] INFO  ipc.Server (Server.java:run(1567)) - Stopping IPC Server Responder
2024-06-08 17:12:56,311 [IPC Server listener on 15055] INFO  ipc.Server (Server.java:run(1434)) - Stopping IPC Server listener on 15055
2024-06-08 17:12:56,316 [SCMHeartbeatProcessor-0] WARN  node.NodeStateManager (NodeStateManager.java:scheduleNextHealthCheck(883)) - Current Thread is interrupted, shutting down HB processing thread for Node Manager.
2024-06-08 17:12:56,316 [main] INFO  server.StorageContainerManager (StorageContainerManager.java:stop(1677)) - Stopping block service RPC server
2024-06-08 17:12:56,316 [main] INFO  server.SCMBlockProtocolServer (SCMBlockProtocolServer.java:stop(171)) - Stopping the RPC server for Block Protocol
2024-06-08 17:12:56,317 [main] INFO  ipc.Server (Server.java:stop(3523)) - Stopping server on 15054
2024-06-08 17:12:56,317 [IPC Server Responder] INFO  ipc.Server (Server.java:run(1567)) - Stopping IPC Server Responder
2024-06-08 17:12:56,318 [main] INFO  server.StorageContainerManager (StorageContainerManager.java:stop(1684)) - Stopping the StorageContainerLocationProtocol RPC server
2024-06-08 17:12:56,318 [main] INFO  server.SCMClientProtocolServer (SCMClientProtocolServer.java:stop(213)) - Stopping the RPC server for Client Protocol
2024-06-08 17:12:56,318 [main] INFO  ipc.Server (Server.java:stop(3523)) - Stopping server on 15053
2024-06-08 17:12:56,318 [IPC Server listener on 15054] INFO  ipc.Server (Server.java:run(1434)) - Stopping IPC Server listener on 15054
2024-06-08 17:12:56,320 [IPC Server listener on 15053] INFO  ipc.Server (Server.java:run(1434)) - Stopping IPC Server listener on 15053
2024-06-08 17:12:56,320 [IPC Server Responder] INFO  ipc.Server (Server.java:run(1567)) - Stopping IPC Server Responder
2024-06-08 17:12:56,321 [main] INFO  server.StorageContainerManager (StorageContainerManager.java:stop(1691)) - Stopping Storage Container Manager HTTP server.
2024-06-08 17:12:56,322 [main] INFO  handler.ContextHandler (ContextHandler.java:doStop(1159)) - Stopped o.e.j.w.WebAppContext@c377641{scm,/,null,STOPPED}{file:/home/runner/work/ozone/ozone/hadoop-ozone/integration-test/target/test-classes/webapps/scm}
2024-06-08 17:12:56,324 [main] INFO  server.AbstractConnector (AbstractConnector.java:doStop(383)) - Stopped ServerConnector@42334d07{HTTP/1.1, (http/1.1)}{0.0.0.0:15056}
2024-06-08 17:12:56,324 [main] INFO  server.session (HouseKeeper.java:stopScavenging(149)) - node0 Stopped scavenging
2024-06-08 17:12:56,324 [main] INFO  handler.ContextHandler (ContextHandler.java:doStop(1159)) - Stopped o.e.j.s.ServletContextHandler@56482084{static,/static,file:///home/runner/work/ozone/ozone/hadoop-ozone/integration-test/target/test-classes/webapps/static,STOPPED}
2024-06-08 17:12:56,324 [main] INFO  handler.ContextHandler (ContextHandler.java:doStop(1159)) - Stopped o.e.j.s.ServletContextHandler@1c66e404{logs,/logs,file:///home/runner/work/ozone/ozone/hadoop-ozone/integration-test/target/log,STOPPED}
2024-06-08 17:12:56,325 [main] INFO  server.StorageContainerManager (StorageContainerManager.java:stop(1699)) - Stopping SCM LayoutVersionManager Service.
2024-06-08 17:12:56,325 [main] INFO  server.StorageContainerManager (StorageContainerManager.java:stop(1711)) - Stopping Block Manager Service.
2024-06-08 17:12:56,326 [main] INFO  utils.BackgroundService (BackgroundService.java:shutdown(160)) - Shutting down service SCMBlockDeletingService
2024-06-08 17:12:56,326 [main] INFO  utils.BackgroundService (BackgroundService.java:shutdown(160)) - Shutting down service SCMBlockDeletingService
2024-06-08 17:12:56,327 [main] INFO  server.StorageContainerManager (StorageContainerManager.java:stop(1731)) - Stopping SCM Event Queue.
2024-06-08 17:12:56,327 [JvmPauseMonitor7] INFO  util.JvmPauseMonitor (JvmPauseMonitor.java:run(152)) - JvmPauseMonitor-06efff73-4d31-47ba-aa6d-46a1eb7df774: Stopped
2024-06-08 17:12:56,327 [main] INFO  server.StorageContainerManager (StorageContainerManager.java:stop(1742)) - Stopping SCM HA services.
2024-06-08 17:12:56,328 [main] INFO  pipeline.BackgroundPipelineCreator (BackgroundPipelineCreator.java:stop(152)) - Stopping RatisPipelineUtilsThread.
2024-06-08 17:12:56,330 [RatisPipelineUtilsThread-0] WARN  pipeline.BackgroundPipelineCreator (BackgroundPipelineCreator.java:run(183)) - RatisPipelineUtilsThread is interrupted.
2024-06-08 17:12:56,330 [BackgroundPipelineScrubber] WARN  BackgroundPipelineScrubber (BackgroundSCMService.java:run(112)) - BackgroundPipelineScrubber is interrupted, exit
2024-06-08 17:12:56,330 [main] INFO  BackgroundPipelineScrubber (BackgroundSCMService.java:stop(128)) - Stopping BackgroundPipelineScrubber Service.
2024-06-08 17:12:56,330 [main] INFO  impl.MetricsSystemImpl (MetricsSystemImpl.java:stop(210)) - Stopping HddsDatanode metrics system...
2024-06-08 17:12:56,332 [prometheus] INFO  impl.MetricsSinkAdapter (MetricsSinkAdapter.java:publishMetricsFromQueue(141)) - prometheus thread interrupted.
2024-06-08 17:12:56,332 [main] INFO  impl.MetricsSystemImpl (MetricsSystemImpl.java:stop(216)) - HddsDatanode metrics system stopped.
2024-06-08 17:12:56,332 [main] WARN  pipeline.BackgroundPipelineCreator (BackgroundPipelineCreator.java:stop(148)) - RatisPipelineUtilsThread is not running, just ignore.
2024-06-08 17:12:56,332 [main] INFO  BackgroundPipelineScrubber (BackgroundSCMService.java:stop(123)) - BackgroundPipelineScrubber Service is not running, skip stop.
2024-06-08 17:12:56,333 [ExpiredContainerReplicaOpScrubber] WARN  ExpiredContainerReplicaOpScrubber (BackgroundSCMService.java:run(112)) - ExpiredContainerReplicaOpScrubber is interrupted, exit
2024-06-08 17:12:56,333 [main] INFO  ExpiredContainerReplicaOpScrubber (BackgroundSCMService.java:stop(128)) - Stopping ExpiredContainerReplicaOpScrubber Service.
2024-06-08 17:12:56,333 [main] INFO  utils.BackgroundService (BackgroundService.java:shutdown(160)) - Shutting down service SCMBlockDeletingService
2024-06-08 17:12:56,333 [main] INFO  replication.ReplicationManager (ReplicationManager.java:stop(339)) - Replication Monitor Thread is not running.
2024-06-08 17:12:56,333 [main] WARN  balancer.ContainerBalancer (ContainerBalancer.java:stop(327)) - Cannot stop Container Balancer because it's not running or stopping
2024-06-08 17:12:56,334 [LeaseManager#LeaseMonitor] WARN  lease.LeaseManager (LeaseManager.java:run(286)) - Lease manager is interrupted. Shutting down...
java.lang.InterruptedException
	at java.base/java.util.concurrent.locks.AbstractQueuedSynchronizer.tryAcquireSharedNanos(AbstractQueuedSynchronizer.java:1081)
	at java.base/java.util.concurrent.Semaphore.tryAcquire(Semaphore.java:415)
	at org.apache.hadoop.ozone.lease.LeaseManager$LeaseMonitor.run(LeaseManager.java:284)
	at java.base/java.lang.Thread.run(Thread.java:840)
2024-06-08 17:12:56,334 [main] INFO  server.StorageContainerManager (StorageContainerManager.java:stop(1777)) - Stopping SCM MetadataStore.
]]></system-out>
  </testcase>
  <testcase name="testDatanodeFailureWithPreAllocation(boolean)[1]" classname="org.apache.hadoop.ozone.client.rpc.TestBlockOutputStreamWithFailures" time="61.023"/>
  <testcase name="testDatanodeFailureWithPreAllocation(boolean)[2]" classname="org.apache.hadoop.ozone.client.rpc.TestBlockOutputStreamWithFailures" time="66.099"/>
  <testcase name="testContainerClose(boolean)[1]" classname="org.apache.hadoop.ozone.client.rpc.TestBlockOutputStreamWithFailures" time="32.122"/>
  <testcase name="testContainerClose(boolean)[2]" classname="org.apache.hadoop.ozone.client.rpc.TestBlockOutputStreamWithFailures" time="30.575"/>
</testsuite>