<?xml version="1.0" encoding="UTF-8"?>
<testsuite xmlns:xsi="http://www.w3.org/2001/XMLSchema-instance" xsi:noNamespaceSchemaLocation="https://maven.apache.org/surefire/maven-surefire-plugin/xsd/surefire-test-report.xsd" name="org.apache.hadoop.ozone.TestMiniOzoneCluster" time="196.557" tests="5" errors="1" skipped="0" failures="0">
  <properties>
    <property name="awt.toolkit" value="sun.awt.X11.XToolkit"/>
    <property name="file.encoding.pkg" value="sun.io"/>
    <property name="java.specification.version" value="1.8"/>
    <property name="sun.cpu.isalist" value=""/>
    <property name="sun.jnu.encoding" value="UTF-8"/>
    <property name="java.class.path" value="/home/runner/work/ozone/ozone/hadoop-ozone/integration-test/target/test-classes:/home/runner/work/ozone/ozone/hadoop-ozone/integration-test/target/classes:/home/runner/.m2/repository/org/apache/ozone/ozone-common/1.2.0-SNAPSHOT/ozone-common-1.2.0-SNAPSHOT.jar:/home/runner/.m2/repository/org/apache/commons/commons-compress/1.20/commons-compress-1.20.jar:/home/runner/.m2/repository/org/apache/ozone/hdds-common/1.2.0-SNAPSHOT/hdds-common-1.2.0-SNAPSHOT.jar:/home/runner/.m2/repository/org/apache/ozone/hdds-client/1.2.0-SNAPSHOT/hdds-client-1.2.0-SNAPSHOT.jar:/home/runner/.m2/repository/org/apache/ozone/ozone-interface-client/1.2.0-SNAPSHOT/ozone-interface-client-1.2.0-SNAPSHOT.jar:/home/runner/.m2/repository/org/apache/ozone/hdds-server-framework/1.2.0-SNAPSHOT/hdds-server-framework-1.2.0-SNAPSHOT.jar:/home/runner/.m2/repository/org/apache/ozone/hdds-interface-server/1.2.0-SNAPSHOT/hdds-interface-server-1.2.0-SNAPSHOT.jar:/home/runner/.m2/repository/org/eclipse/jetty/jetty-servlet/9.4.43.v20210629/jetty-servlet-9.4.43.v20210629.jar:/home/runner/.m2/repository/org/eclipse/jetty/jetty-security/9.4.43.v20210629/jetty-security-9.4.43.v20210629.jar:/home/runner/.m2/repository/org/rocksdb/rocksdbjni/6.20.3/rocksdbjni-6.20.3.jar:/home/runner/.m2/repository/io/prometheus/simpleclient_dropwizard/0.7.0/simpleclient_dropwizard-0.7.0.jar:/home/runner/.m2/repository/io/prometheus/simpleclient/0.7.0/simpleclient-0.7.0.jar:/home/runner/.m2/repository/io/prometheus/simpleclient_common/0.7.0/simpleclient_common-0.7.0.jar:/home/runner/.m2/repository/com/fasterxml/jackson/datatype/jackson-datatype-jsr310/2.12.1/jackson-datatype-jsr310-2.12.1.jar:/home/runner/.m2/repository/org/apache/ozone/hdds-test-utils/1.2.0-SNAPSHOT/hdds-test-utils-1.2.0-SNAPSHOT.jar:/home/runner/.m2/repository/com/google/guava/guava/30.1.1-jre/guava-30.1.1-jre.jar:/home/runner/.m2/repository/com/google/guava/failureaccess/1.0.1/failureaccess-1.0.1.jar:/home/runner/.m2/repository/com/google/guava/listenablefuture/9999.0-empty-to-avoid-conflict-with-guava/listenablefuture-9999.0-empty-to-avoid-conflict-with-guava.jar:/home/runner/.m2/repository/com/google/code/findbugs/jsr305/3.0.0/jsr305-3.0.0.jar:/home/runner/.m2/repository/org/checkerframework/checker-qual/3.8.0/checker-qual-3.8.0.jar:/home/runner/.m2/repository/com/google/errorprone/error_prone_annotations/2.2.0/error_prone_annotations-2.2.0.jar:/home/runner/.m2/repository/com/google/j2objc/j2objc-annotations/1.3/j2objc-annotations-1.3.jar:/home/runner/.m2/repository/commons-io/commons-io/2.8.0/commons-io-2.8.0.jar:/home/runner/.m2/repository/commons-logging/commons-logging/1.2/commons-logging-1.2.jar:/home/runner/.m2/repository/log4j/log4j/1.2.17/log4j-1.2.17.jar:/home/runner/.m2/repository/org/slf4j/slf4j-api/1.7.30/slf4j-api-1.7.30.jar:/home/runner/.m2/repository/org/apache/ozone/hdds-server-scm/1.2.0-SNAPSHOT/hdds-server-scm-1.2.0-SNAPSHOT.jar:/home/runner/.m2/repository/org/apache/ozone/hdds-container-service/1.2.0-SNAPSHOT/hdds-container-service-1.2.0-SNAPSHOT.jar:/home/runner/.m2/repository/org/apache/ozone/hdds-hadoop-dependency-server/1.2.0-SNAPSHOT/hdds-hadoop-dependency-server-1.2.0-SNAPSHOT.jar:/home/runner/.m2/repository/org/apache/hadoop/hadoop-hdfs/3.3.1/hadoop-hdfs-3.3.1.jar:/home/runner/.m2/repository/io/dropwizard/metrics/metrics-core/3.2.4/metrics-core-3.2.4.jar:/home/runner/.m2/repository/org/apache/hadoop/hadoop-hdfs-client/3.3.1/hadoop-hdfs-client-3.3.1.jar:/home/runner/.m2/repository/org/bouncycastle/bcprov-jdk15on/1.67/bcprov-jdk15on-1.67.jar:/home/runner/.m2/repository/com/google/protobuf/protobuf-java/2.5.0/protobuf-java-2.5.0.jar:/home/runner/.m2/repository/org/apache/ozone/ozone-manager/1.2.0-SNAPSHOT/ozone-manager-1.2.0-SNAPSHOT.jar:/home/runner/.m2/repository/org/aspectj/aspectjrt/1.8.9/aspectjrt-1.8.9.jar:/home/runner/.m2/repository/org/aspectj/aspectjweaver/1.8.9/aspectjweaver-1.8.9.jar:/home/runner/.m2/repository/org/apache/ozone/hdds-interface-client/1.2.0-SNAPSHOT/hdds-interface-client-1.2.0-SNAPSHOT.jar:/home/runner/.m2/repository/org/apache/hadoop/thirdparty/hadoop-shaded-protobuf_3_7/1.1.1/hadoop-shaded-protobuf_3_7-1.1.1.jar:/home/runner/.m2/repository/org/apache/ratis/ratis-thirdparty-misc/0.7.0/ratis-thirdparty-misc-0.7.0.jar:/home/runner/.m2/repository/org/apache/ozone/ozone-interface-storage/1.2.0-SNAPSHOT/ozone-interface-storage-1.2.0-SNAPSHOT.jar:/home/runner/.m2/repository/org/reflections/reflections/0.9.11/reflections-0.9.11.jar:/home/runner/.m2/repository/org/apache/hadoop/hadoop-minikdc/3.3.1/hadoop-minikdc-3.3.1.jar:/home/runner/.m2/repository/org/apache/kerby/kerb-simplekdc/1.0.1/kerb-simplekdc-1.0.1.jar:/home/runner/.m2/repository/org/apache/kerby/kerb-client/1.0.1/kerb-client-1.0.1.jar:/home/runner/.m2/repository/org/apache/kerby/kerby-config/1.0.1/kerby-config-1.0.1.jar:/home/runner/.m2/repository/org/apache/kerby/kerb-common/1.0.1/kerb-common-1.0.1.jar:/home/runner/.m2/repository/org/apache/kerby/kerb-crypto/1.0.1/kerb-crypto-1.0.1.jar:/home/runner/.m2/repository/org/apache/kerby/kerb-util/1.0.1/kerb-util-1.0.1.jar:/home/runner/.m2/repository/org/apache/kerby/token-provider/1.0.1/token-provider-1.0.1.jar:/home/runner/.m2/repository/org/apache/kerby/kerb-admin/1.0.1/kerb-admin-1.0.1.jar:/home/runner/.m2/repository/org/apache/kerby/kerb-server/1.0.1/kerb-server-1.0.1.jar:/home/runner/.m2/repository/org/apache/kerby/kerb-identity/1.0.1/kerb-identity-1.0.1.jar:/home/runner/.m2/repository/org/apache/kerby/kerby-xdr/1.0.1/kerby-xdr-1.0.1.jar:/home/runner/.m2/repository/org/slf4j/slf4j-log4j12/1.7.30/slf4j-log4j12-1.7.30.jar:/home/runner/.m2/repository/org/apache/ozone/ozone-s3gateway/1.2.0-SNAPSHOT/ozone-s3gateway-1.2.0-SNAPSHOT.jar:/home/runner/.m2/repository/org/javassist/javassist/3.21.0-GA/javassist-3.21.0-GA.jar:/home/runner/.m2/repository/org/jboss/weld/servlet/weld-servlet/2.4.7.Final/weld-servlet-2.4.7.Final.jar:/home/runner/.m2/repository/org/glassfish/jersey/containers/jersey-container-servlet-core/2.33/jersey-container-servlet-core-2.33.jar:/home/runner/.m2/repository/org/glassfish/hk2/external/jakarta.inject/2.6.1/jakarta.inject-2.6.1.jar:/home/runner/.m2/repository/org/glassfish/jersey/core/jersey-common/2.33/jersey-common-2.33.jar:/home/runner/.m2/repository/jakarta/ws/rs/jakarta.ws.rs-api/2.1.6/jakarta.ws.rs-api-2.1.6.jar:/home/runner/.m2/repository/org/glassfish/jersey/ext/cdi/jersey-cdi1x/2.33/jersey-cdi1x-2.33.jar:/home/runner/.m2/repository/org/glassfish/jersey/inject/jersey-hk2/2.33/jersey-hk2-2.33.jar:/home/runner/.m2/repository/org/glassfish/hk2/hk2-locator/2.6.1/hk2-locator-2.6.1.jar:/home/runner/.m2/repository/org/glassfish/jersey/media/jersey-media-jaxb/2.33/jersey-media-jaxb-2.33.jar:/home/runner/.m2/repository/org/glassfish/hk2/osgi-resource-locator/1.0.3/osgi-resource-locator-1.0.3.jar:/home/runner/.m2/repository/org/glassfish/hk2/hk2-api/2.5.0/hk2-api-2.5.0.jar:/home/runner/.m2/repository/org/glassfish/hk2/hk2-utils/2.5.0/hk2-utils-2.5.0.jar:/home/runner/.m2/repository/org/glassfish/hk2/external/aopalliance-repackaged/2.5.0/aopalliance-repackaged-2.5.0.jar:/home/runner/.m2/repository/com/fasterxml/jackson/dataformat/jackson-dataformat-xml/2.12.1/jackson-dataformat-xml-2.12.1.jar:/home/runner/.m2/repository/com/fasterxml/jackson/core/jackson-core/2.12.1/jackson-core-2.12.1.jar:/home/runner/.m2/repository/com/fasterxml/jackson/module/jackson-module-jaxb-annotations/2.12.1/jackson-module-jaxb-annotations-2.12.1.jar:/home/runner/.m2/repository/jakarta/xml/bind/jakarta.xml.bind-api/2.3.2/jakarta.xml.bind-api-2.3.2.jar:/home/runner/.m2/repository/org/codehaus/woodstox/stax2-api/3.1.4/stax2-api-3.1.4.jar:/home/runner/.m2/repository/com/fasterxml/woodstox/woodstox-core/5.0.3/woodstox-core-5.0.3.jar:/home/runner/.m2/repository/javax/enterprise/cdi-api/1.2/cdi-api-1.2.jar:/home/runner/.m2/repository/javax/el/javax.el-api/3.0.0/javax.el-api-3.0.0.jar:/home/runner/.m2/repository/javax/interceptor/javax.interceptor-api/1.2/javax.interceptor-api-1.2.jar:/home/runner/.m2/repository/javax/inject/javax.inject/1/javax.inject-1.jar:/home/runner/.m2/repository/javax/xml/bind/jaxb-api/2.3.0/jaxb-api-2.3.0.jar:/home/runner/.m2/repository/org/glassfish/jaxb/jaxb-runtime/2.3.0.1/jaxb-runtime-2.3.0.1.jar:/home/runner/.m2/repository/org/glassfish/jaxb/jaxb-core/2.3.0.1/jaxb-core-2.3.0.1.jar:/home/runner/.m2/repository/org/glassfish/jaxb/txw2/2.3.0.1/txw2-2.3.0.1.jar:/home/runner/.m2/repository/com/sun/istack/istack-commons-runtime/3.0.5/istack-commons-runtime-3.0.5.jar:/home/runner/.m2/repository/org/jvnet/staxex/stax-ex/1.7.8/stax-ex-1.7.8.jar:/home/runner/.m2/repository/com/sun/xml/fastinfoset/FastInfoset/1.2.13/FastInfoset-1.2.13.jar:/home/runner/.m2/repository/javax/activation/activation/1.1.1/activation-1.1.1.jar:/home/runner/.m2/repository/org/apache/ozone/ozone-csi/1.2.0-SNAPSHOT/ozone-csi-1.2.0-SNAPSHOT.jar:/home/runner/.m2/repository/com/google/protobuf/protobuf-java-util/3.12.0/protobuf-java-util-3.12.0.jar:/home/runner/.m2/repository/com/google/code/gson/gson/2.2.4/gson-2.2.4.jar:/home/runner/.m2/repository/org/apache/ozone/hdds-config/1.2.0-SNAPSHOT/hdds-config-1.2.0-SNAPSHOT.jar:/home/runner/.m2/repository/io/grpc/grpc-netty/1.33.0/grpc-netty-1.33.0.jar:/home/runner/.m2/repository/io/grpc/grpc-core/1.33.0/grpc-core-1.33.0.jar:/home/runner/.m2/repository/com/google/android/annotations/4.1.1.4/annotations-4.1.1.4.jar:/home/runner/.m2/repository/io/netty/netty-codec-http2/4.1.63.Final/netty-codec-http2-4.1.63.Final.jar:/home/runner/.m2/repository/io/netty/netty-codec-http/4.1.63.Final/netty-codec-http-4.1.63.Final.jar:/home/runner/.m2/repository/io/netty/netty-handler-proxy/4.1.63.Final/netty-handler-proxy-4.1.63.Final.jar:/home/runner/.m2/repository/io/netty/netty-codec-socks/4.1.63.Final/netty-codec-socks-4.1.63.Final.jar:/home/runner/.m2/repository/io/perfmark/perfmark-api/0.19.0/perfmark-api-0.19.0.jar:/home/runner/.m2/repository/org/codehaus/mojo/animal-sniffer-annotations/1.18/animal-sniffer-annotations-1.18.jar:/home/runner/.m2/repository/io/netty/netty-transport-native-epoll/4.1.63.Final/netty-transport-native-epoll-4.1.63.Final.jar:/home/runner/.m2/repository/io/netty/netty-common/4.1.63.Final/netty-common-4.1.63.Final.jar:/home/runner/.m2/repository/io/netty/netty-buffer/4.1.63.Final/netty-buffer-4.1.63.Final.jar:/home/runner/.m2/repository/io/netty/netty-transport-native-unix-common/4.1.63.Final/netty-transport-native-unix-common-4.1.63.Final.jar:/home/runner/.m2/repository/io/grpc/grpc-protobuf/1.33.0/grpc-protobuf-1.33.0.jar:/home/runner/.m2/repository/io/grpc/grpc-api/1.33.0/grpc-api-1.33.0.jar:/home/runner/.m2/repository/io/grpc/grpc-context/1.33.0/grpc-context-1.33.0.jar:/home/runner/.m2/repository/com/google/api/grpc/proto-google-common-protos/1.17.0/proto-google-common-protos-1.17.0.jar:/home/runner/.m2/repository/io/grpc/grpc-protobuf-lite/1.33.0/grpc-protobuf-lite-1.33.0.jar:/home/runner/.m2/repository/io/grpc/grpc-stub/1.33.0/grpc-stub-1.33.0.jar:/home/runner/.m2/repository/org/apache/ozone/ozone-recon/1.2.0-SNAPSHOT/ozone-recon-1.2.0-SNAPSHOT.jar:/home/runner/.m2/repository/org/apache/ozone/ozone-reconcodegen/1.2.0-SNAPSHOT/ozone-reconcodegen-1.2.0-SNAPSHOT.jar:/home/runner/.m2/repository/com/google/inject/extensions/guice-multibindings/4.0/guice-multibindings-4.0.jar:/home/runner/.m2/repository/com/google/inject/guice/4.0/guice-4.0.jar:/home/runner/.m2/repository/aopalliance/aopalliance/1.0/aopalliance-1.0.jar:/home/runner/.m2/repository/com/google/inject/extensions/guice-assistedinject/4.0/guice-assistedinject-4.0.jar:/home/runner/.m2/repository/com/google/inject/extensions/guice-servlet/4.0/guice-servlet-4.0.jar:/home/runner/.m2/repository/org/glassfish/jersey/containers/jersey-container-servlet/2.33/jersey-container-servlet-2.33.jar:/home/runner/.m2/repository/org/glassfish/hk2/guice-bridge/2.5.0/guice-bridge-2.5.0.jar:/home/runner/.m2/repository/org/glassfish/jersey/core/jersey-server/2.33/jersey-server-2.33.jar:/home/runner/.m2/repository/org/glassfish/jersey/core/jersey-client/2.33/jersey-client-2.33.jar:/home/runner/.m2/repository/jakarta/annotation/jakarta.annotation-api/1.3.5/jakarta.annotation-api-1.3.5.jar:/home/runner/.m2/repository/jakarta/validation/jakarta.validation-api/2.0.2/jakarta.validation-api-2.0.2.jar:/home/runner/.m2/repository/org/glassfish/jersey/media/jersey-media-json-jackson/2.33/jersey-media-json-jackson-2.33.jar:/home/runner/.m2/repository/org/glassfish/jersey/ext/jersey-entity-filtering/2.33/jersey-entity-filtering-2.33.jar:/home/runner/.m2/repository/org/jooq/jooq/3.11.10/jooq-3.11.10.jar:/home/runner/.m2/repository/org/jooq/jooq-meta/3.11.10/jooq-meta-3.11.10.jar:/home/runner/.m2/repository/org/jooq/jooq-codegen/3.11.10/jooq-codegen-3.11.10.jar:/home/runner/.m2/repository/com/jolbox/bonecp/0.8.0.RELEASE/bonecp-0.8.0.RELEASE.jar:/home/runner/.m2/repository/org/apache/derby/derby/10.14.2.0/derby-10.14.2.0.jar:/home/runner/.m2/repository/org/xerial/sqlite-jdbc/3.25.2/sqlite-jdbc-3.25.2.jar:/home/runner/.m2/repository/org/springframework/spring-jdbc/5.2.11.RELEASE/spring-jdbc-5.2.11.RELEASE.jar:/home/runner/.m2/repository/org/springframework/spring-beans/5.2.11.RELEASE/spring-beans-5.2.11.RELEASE.jar:/home/runner/.m2/repository/org/springframework/spring-core/5.2.11.RELEASE/spring-core-5.2.11.RELEASE.jar:/home/runner/.m2/repository/org/springframework/spring-jcl/5.2.11.RELEASE/spring-jcl-5.2.11.RELEASE.jar:/home/runner/.m2/repository/org/springframework/spring-tx/5.2.11.RELEASE/spring-tx-5.2.11.RELEASE.jar:/home/runner/.m2/repository/org/apache/ozone/ozone-client/1.2.0-SNAPSHOT/ozone-client-1.2.0-SNAPSHOT.jar:/home/runner/.m2/repository/org/apache/ozone/ozone-filesystem/1.2.0-SNAPSHOT/ozone-filesystem-1.2.0-SNAPSHOT.jar:/home/runner/.m2/repository/org/apache/ozone/ozone-filesystem-common/1.2.0-SNAPSHOT/ozone-filesystem-common-1.2.0-SNAPSHOT.jar:/home/runner/.m2/repository/org/apache/ozone/ozone-tools/1.2.0-SNAPSHOT/ozone-tools-1.2.0-SNAPSHOT.jar:/home/runner/.m2/repository/org/apache/ratis/ratis-tools/2.1.0-03f3b68-SNAPSHOT/ratis-tools-2.1.0-03f3b68-SNAPSHOT.jar:/home/runner/.m2/repository/org/apache/ratis/ratis-proto/2.1.0-03f3b68-SNAPSHOT/ratis-proto-2.1.0-03f3b68-SNAPSHOT.jar:/home/runner/.m2/repository/org/apache/ratis/ratis-common/2.1.0-03f3b68-SNAPSHOT/ratis-common-2.1.0-03f3b68-SNAPSHOT.jar:/home/runner/.m2/repository/com/amazonaws/aws-java-sdk-core/1.11.901/aws-java-sdk-core-1.11.901.jar:/home/runner/.m2/repository/org/apache/httpcomponents/httpclient/4.5.13/httpclient-4.5.13.jar:/home/runner/.m2/repository/org/apache/httpcomponents/httpcore/4.4.13/httpcore-4.4.13.jar:/home/runner/.m2/repository/software/amazon/ion/ion-java/1.0.2/ion-java-1.0.2.jar:/home/runner/.m2/repository/com/fasterxml/jackson/dataformat/jackson-dataformat-cbor/2.12.1/jackson-dataformat-cbor-2.12.1.jar:/home/runner/.m2/repository/joda-time/joda-time/2.8.1/joda-time-2.8.1.jar:/home/runner/.m2/repository/com/amazonaws/aws-java-sdk-s3/1.11.901/aws-java-sdk-s3-1.11.901.jar:/home/runner/.m2/repository/com/amazonaws/aws-java-sdk-kms/1.11.901/aws-java-sdk-kms-1.11.901.jar:/home/runner/.m2/repository/com/amazonaws/jmespath-java/1.11.901/jmespath-java-1.11.901.jar:/home/runner/.m2/repository/org/kohsuke/metainf-services/metainf-services/1.8/metainf-services-1.8.jar:/home/runner/.m2/repository/org/apache/ozone/hdds-tools/1.2.0-SNAPSHOT/hdds-tools-1.2.0-SNAPSHOT.jar:/home/runner/.m2/repository/commons-cli/commons-cli/1.2/commons-cli-1.2.jar:/home/runner/.m2/repository/org/apache/commons/commons-lang3/3.7/commons-lang3-3.7.jar:/home/runner/.m2/repository/org/apache/ozone/ozone-manager/1.2.0-SNAPSHOT/ozone-manager-1.2.0-SNAPSHOT-tests.jar:/home/runner/.m2/repository/org/apache/ozone/hdds-common/1.2.0-SNAPSHOT/hdds-common-1.2.0-SNAPSHOT-tests.jar:/home/runner/.m2/repository/org/apache/ozone/hdds-hadoop-dependency-client/1.2.0-SNAPSHOT/hdds-hadoop-dependency-client-1.2.0-SNAPSHOT.jar:/home/runner/.m2/repository/info/picocli/picocli/4.4.0/picocli-4.4.0.jar:/home/runner/.m2/repository/com/fasterxml/jackson/core/jackson-annotations/2.12.1/jackson-annotations-2.12.1.jar:/home/runner/.m2/repository/javax/annotation/javax.annotation-api/1.2/javax.annotation-api-1.2.jar:/home/runner/.m2/repository/org/apache/ratis/ratis-server/2.1.0-03f3b68-SNAPSHOT/ratis-server-2.1.0-03f3b68-SNAPSHOT.jar:/home/runner/.m2/repository/org/apache/ratis/ratis-client/2.1.0-03f3b68-SNAPSHOT/ratis-client-2.1.0-03f3b68-SNAPSHOT.jar:/home/runner/.m2/repository/org/apache/ratis/ratis-server-api/2.1.0-03f3b68-SNAPSHOT/ratis-server-api-2.1.0-03f3b68-SNAPSHOT.jar:/home/runner/.m2/repository/org/apache/ratis/ratis-metrics/2.1.0-03f3b68-SNAPSHOT/ratis-metrics-2.1.0-03f3b68-SNAPSHOT.jar:/home/runner/.m2/repository/org/apache/ratis/ratis-netty/2.1.0-03f3b68-SNAPSHOT/ratis-netty-2.1.0-03f3b68-SNAPSHOT.jar:/home/runner/.m2/repository/org/apache/ratis/ratis-grpc/2.1.0-03f3b68-SNAPSHOT/ratis-grpc-2.1.0-03f3b68-SNAPSHOT.jar:/home/runner/.m2/repository/org/apache/logging/log4j/log4j-api/2.13.3/log4j-api-2.13.3.jar:/home/runner/.m2/repository/org/apache/logging/log4j/log4j-core/2.13.3/log4j-core-2.13.3.jar:/home/runner/.m2/repository/com/lmax/disruptor/3.4.2/disruptor-3.4.2.jar:/home/runner/.m2/repository/org/apache/commons/commons-pool2/2.6.0/commons-pool2-2.6.0.jar:/home/runner/.m2/repository/org/bouncycastle/bcpkix-jdk15on/1.67/bcpkix-jdk15on-1.67.jar:/home/runner/.m2/repository/commons-validator/commons-validator/1.6/commons-validator-1.6.jar:/home/runner/.m2/repository/commons-beanutils/commons-beanutils/1.9.4/commons-beanutils-1.9.4.jar:/home/runner/.m2/repository/commons-digester/commons-digester/1.8.1/commons-digester-1.8.1.jar:/home/runner/.m2/repository/commons-collections/commons-collections/3.2.2/commons-collections-3.2.2.jar:/home/runner/.m2/repository/io/jaegertracing/jaeger-client/1.6.0/jaeger-client-1.6.0.jar:/home/runner/.m2/repository/io/jaegertracing/jaeger-thrift/1.6.0/jaeger-thrift-1.6.0.jar:/home/runner/.m2/repository/org/apache/thrift/libthrift/0.14.1/libthrift-0.14.1.jar:/home/runner/.m2/repository/com/squareup/okhttp3/okhttp/4.9.0/okhttp-4.9.0.jar:/home/runner/.m2/repository/com/squareup/okio/okio/2.8.0/okio-2.8.0.jar:/home/runner/.m2/repository/io/jaegertracing/jaeger-core/1.6.0/jaeger-core-1.6.0.jar:/home/runner/.m2/repository/io/jaegertracing/jaeger-tracerresolver/1.6.0/jaeger-tracerresolver-1.6.0.jar:/home/runner/.m2/repository/io/opentracing/contrib/opentracing-tracerresolver/0.1.8/opentracing-tracerresolver-0.1.8.jar:/home/runner/.m2/repository/org/jetbrains/kotlin/kotlin-stdlib/1.4.31/kotlin-stdlib-1.4.31.jar:/home/runner/.m2/repository/org/jetbrains/kotlin/kotlin-stdlib-common/1.4.31/kotlin-stdlib-common-1.4.31.jar:/home/runner/.m2/repository/org/jetbrains/annotations/13.0/annotations-13.0.jar:/home/runner/.m2/repository/io/opentracing/opentracing-util/0.33.0/opentracing-util-0.33.0.jar:/home/runner/.m2/repository/io/opentracing/opentracing-api/0.33.0/opentracing-api-0.33.0.jar:/home/runner/.m2/repository/io/opentracing/opentracing-noop/0.33.0/opentracing-noop-0.33.0.jar:/home/runner/.m2/repository/org/yaml/snakeyaml/1.26/snakeyaml-1.26.jar:/home/runner/.m2/repository/org/apache/ozone/hdds-interface-admin/1.2.0-SNAPSHOT/hdds-interface-admin-1.2.0-SNAPSHOT.jar:/home/runner/.m2/repository/junit/junit/4.13.1/junit-4.13.1.jar:/home/runner/.m2/repository/org/hamcrest/hamcrest-core/1.3/hamcrest-core-1.3.jar:/home/runner/.m2/repository/org/junit/jupiter/junit-jupiter-api/5.7.0/junit-jupiter-api-5.7.0.jar:/home/runner/.m2/repository/org/apiguardian/apiguardian-api/1.1.0/apiguardian-api-1.1.0.jar:/home/runner/.m2/repository/org/opentest4j/opentest4j/1.2.0/opentest4j-1.2.0.jar:/home/runner/.m2/repository/org/junit/platform/junit-platform-commons/1.7.0/junit-platform-commons-1.7.0.jar:/home/runner/.m2/repository/org/junit/jupiter/junit-jupiter-engine/5.7.0/junit-jupiter-engine-5.7.0.jar:/home/runner/.m2/repository/org/junit/platform/junit-platform-engine/1.7.0/junit-platform-engine-1.7.0.jar:/home/runner/.m2/repository/org/junit/vintage/junit-vintage-engine/5.7.0/junit-vintage-engine-5.7.0.jar:/home/runner/.m2/repository/org/junit/platform/junit-platform-launcher/1.7.0/junit-platform-launcher-1.7.0.jar:/home/runner/.m2/repository/org/openjdk/jmh/jmh-core/1.19/jmh-core-1.19.jar:/home/runner/.m2/repository/net/sf/jopt-simple/jopt-simple/4.6/jopt-simple-4.6.jar:/home/runner/.m2/repository/org/apache/commons/commons-math3/3.1.1/commons-math3-3.1.1.jar:/home/runner/.m2/repository/org/openjdk/jmh/jmh-generator-annprocess/1.19/jmh-generator-annprocess-1.19.jar:/home/runner/.m2/repository/org/mockito/mockito-core/2.28.2/mockito-core-2.28.2.jar:/home/runner/.m2/repository/net/bytebuddy/byte-buddy/1.9.10/byte-buddy-1.9.10.jar:/home/runner/.m2/repository/net/bytebuddy/byte-buddy-agent/1.9.10/byte-buddy-agent-1.9.10.jar:/home/runner/.m2/repository/org/objenesis/objenesis/1.0/objenesis-1.0.jar:/home/runner/.m2/repository/org/apache/hadoop/hadoop-kms/3.3.1/hadoop-kms-3.3.1.jar:/home/runner/.m2/repository/org/apache/hadoop/hadoop-auth/3.3.1/hadoop-auth-3.3.1.jar:/home/runner/.m2/repository/com/nimbusds/nimbus-jose-jwt/7.9/nimbus-jose-jwt-7.9.jar:/home/runner/.m2/repository/com/github/stephenc/jcip/jcip-annotations/1.0-1/jcip-annotations-1.0-1.jar:/home/runner/.m2/repository/net/minidev/json-smart/2.3/json-smart-2.3.jar:/home/runner/.m2/repository/net/minidev/accessors-smart/1.2/accessors-smart-1.2.jar:/home/runner/.m2/repository/org/ow2/asm/asm/5.0.4/asm-5.0.4.jar:/home/runner/.m2/repository/org/apache/zookeeper/zookeeper/3.5.6/zookeeper-3.5.6.jar:/home/runner/.m2/repository/org/apache/zookeeper/zookeeper-jute/3.5.6/zookeeper-jute-3.5.6.jar:/home/runner/.m2/repository/org/apache/yetus/audience-annotations/0.5.0/audience-annotations-0.5.0.jar:/home/runner/.m2/repository/org/apache/curator/curator-framework/4.2.0/curator-framework-4.2.0.jar:/home/runner/.m2/repository/org/apache/hadoop/thirdparty/hadoop-shaded-guava/1.1.1/hadoop-shaded-guava-1.1.1.jar:/home/runner/.m2/repository/com/sun/jersey/jersey-core/1.19/jersey-core-1.19.jar:/home/runner/.m2/repository/javax/ws/rs/jsr311-api/1.1.1/jsr311-api-1.1.1.jar:/home/runner/.m2/repository/com/sun/jersey/jersey-server/1.19/jersey-server-1.19.jar:/home/runner/.m2/repository/javax/servlet/javax.servlet-api/3.1.0/javax.servlet-api-3.1.0.jar:/home/runner/.m2/repository/org/eclipse/jetty/jetty-server/9.4.43.v20210629/jetty-server-9.4.43.v20210629.jar:/home/runner/.m2/repository/org/eclipse/jetty/jetty-http/9.4.43.v20210629/jetty-http-9.4.43.v20210629.jar:/home/runner/.m2/repository/org/eclipse/jetty/jetty-io/9.4.43.v20210629/jetty-io-9.4.43.v20210629.jar:/home/runner/.m2/repository/org/eclipse/jetty/jetty-webapp/9.4.43.v20210629/jetty-webapp-9.4.43.v20210629.jar:/home/runner/.m2/repository/org/eclipse/jetty/jetty-xml/9.4.43.v20210629/jetty-xml-9.4.43.v20210629.jar:/home/runner/.m2/repository/org/apache/hadoop/hadoop-common/3.3.1/hadoop-common-3.3.1.jar:/home/runner/.m2/repository/commons-net/commons-net/3.6/commons-net-3.6.jar:/home/runner/.m2/repository/jakarta/activation/jakarta.activation-api/1.2.1/jakarta.activation-api-1.2.1.jar:/home/runner/.m2/repository/com/sun/jersey/jersey-servlet/1.19/jersey-servlet-1.19.jar:/home/runner/.m2/repository/com/sun/jersey/jersey-json/1.19/jersey-json-1.19.jar:/home/runner/.m2/repository/org/codehaus/jettison/jettison/1.1/jettison-1.1.jar:/home/runner/.m2/repository/com/sun/xml/bind/jaxb-impl/2.2.3-1/jaxb-impl-2.2.3-1.jar:/home/runner/.m2/repository/org/codehaus/jackson/jackson-jaxrs/1.9.2/jackson-jaxrs-1.9.2.jar:/home/runner/.m2/repository/org/codehaus/jackson/jackson-xc/1.9.2/jackson-xc-1.9.2.jar:/home/runner/.m2/repository/org/apache/commons/commons-configuration2/2.1.1/commons-configuration2-2.1.1.jar:/home/runner/.m2/repository/org/apache/commons/commons-text/1.4/commons-text-1.4.jar:/home/runner/.m2/repository/com/google/re2j/re2j/1.1/re2j-1.1.jar:/home/runner/.m2/repository/com/jcraft/jsch/0.1.54/jsch-0.1.54.jar:/home/runner/.m2/repository/org/apache/curator/curator-client/4.2.0/curator-client-4.2.0.jar:/home/runner/.m2/repository/org/apache/curator/curator-recipes/4.2.0/curator-recipes-4.2.0.jar:/home/runner/.m2/repository/org/apache/kerby/kerb-core/1.0.1/kerb-core-1.0.1.jar:/home/runner/.m2/repository/org/apache/kerby/kerby-pkix/1.0.1/kerby-pkix-1.0.1.jar:/home/runner/.m2/repository/org/apache/kerby/kerby-asn1/1.0.1/kerby-asn1-1.0.1.jar:/home/runner/.m2/repository/org/apache/kerby/kerby-util/1.0.1/kerby-util-1.0.1.jar:/home/runner/.m2/repository/dnsjava/dnsjava/2.1.7/dnsjava-2.1.7.jar:/home/runner/.m2/repository/org/xerial/snappy/snappy-java/1.1.8.2/snappy-java-1.1.8.2.jar:/home/runner/.m2/repository/org/slf4j/jul-to-slf4j/1.7.30/jul-to-slf4j-1.7.30.jar:/home/runner/.m2/repository/org/eclipse/jetty/jetty-util/9.4.43.v20210629/jetty-util-9.4.43.v20210629.jar:/home/runner/.m2/repository/com/fasterxml/jackson/core/jackson-databind/2.12.1/jackson-databind-2.12.1.jar:/home/runner/.m2/repository/org/apache/hadoop/hadoop-kms/3.3.1/hadoop-kms-3.3.1-tests.jar:/home/runner/.m2/repository/org/apache/ozone/hdds-server-scm/1.2.0-SNAPSHOT/hdds-server-scm-1.2.0-SNAPSHOT-tests.jar:/home/runner/.m2/repository/org/apache/ozone/hdds-container-service/1.2.0-SNAPSHOT/hdds-container-service-1.2.0-SNAPSHOT-tests.jar:/home/runner/.m2/repository/commons-codec/commons-codec/1.11/commons-codec-1.11.jar:/home/runner/.m2/repository/io/netty/netty-transport/4.1.63.Final/netty-transport-4.1.63.Final.jar:/home/runner/.m2/repository/io/netty/netty-resolver/4.1.63.Final/netty-resolver-4.1.63.Final.jar:/home/runner/.m2/repository/io/netty/netty-codec/4.1.63.Final/netty-codec-4.1.63.Final.jar:/home/runner/.m2/repository/io/netty/netty-handler/4.1.63.Final/netty-handler-4.1.63.Final.jar:/home/runner/.m2/repository/org/apache/ozone/hdds-hadoop-dependency-test/1.2.0-SNAPSHOT/hdds-hadoop-dependency-test-1.2.0-SNAPSHOT.jar:/home/runner/.m2/repository/org/apache/hadoop/hadoop-common/3.3.1/hadoop-common-3.3.1-tests.jar:/home/runner/.m2/repository/org/assertj/assertj-core/3.12.2/assertj-core-3.12.2.jar:/home/runner/.m2/repository/org/apache/hadoop/hadoop-hdfs/3.3.1/hadoop-hdfs-3.3.1-tests.jar:/home/runner/.m2/repository/org/eclipse/jetty/jetty-util-ajax/9.4.43.v20210629/jetty-util-ajax-9.4.43.v20210629.jar:/home/runner/.m2/repository/commons-daemon/commons-daemon/1.0.13/commons-daemon-1.0.13.jar:/home/runner/.m2/repository/io/netty/netty/3.10.6.Final/netty-3.10.6.Final.jar:/home/runner/.m2/repository/io/netty/netty-all/4.1.63.Final/netty-all-4.1.63.Final.jar:/home/runner/.m2/repository/org/apache/htrace/htrace-core4/4.1.0-incubating/htrace-core4-4.1.0-incubating.jar:/home/runner/.m2/repository/org/fusesource/leveldbjni/leveldbjni-all/1.8/leveldbjni-all-1.8.jar:/home/runner/.m2/repository/org/apache/hadoop/hadoop-distcp/3.3.1/hadoop-distcp-3.3.1.jar:/home/runner/.m2/repository/org/apache/hadoop/hadoop-mapreduce-client-jobclient/3.3.1/hadoop-mapreduce-client-jobclient-3.3.1.jar:/home/runner/.m2/repository/org/apache/hadoop/hadoop-mapreduce-client-common/3.3.1/hadoop-mapreduce-client-common-3.3.1.jar:/home/runner/.m2/repository/org/apache/hadoop/hadoop-yarn-common/3.3.1/hadoop-yarn-common-3.3.1.jar:/home/runner/.m2/repository/org/apache/hadoop/hadoop-yarn-api/3.3.1/hadoop-yarn-api-3.3.1.jar:/home/runner/.m2/repository/com/sun/jersey/jersey-client/1.19/jersey-client-1.19.jar:/home/runner/.m2/repository/com/sun/jersey/contribs/jersey-guice/1.19/jersey-guice-1.19.jar:/home/runner/.m2/repository/com/fasterxml/jackson/jaxrs/jackson-jaxrs-json-provider/2.12.1/jackson-jaxrs-json-provider-2.12.1.jar:/home/runner/.m2/repository/com/fasterxml/jackson/jaxrs/jackson-jaxrs-base/2.12.1/jackson-jaxrs-base-2.12.1.jar:/home/runner/.m2/repository/org/apache/hadoop/hadoop-yarn-client/3.3.1/hadoop-yarn-client-3.3.1.jar:/home/runner/.m2/repository/org/eclipse/jetty/websocket/websocket-client/9.4.40.v20210413/websocket-client-9.4.40.v20210413.jar:/home/runner/.m2/repository/org/eclipse/jetty/jetty-client/9.4.40.v20210413/jetty-client-9.4.40.v20210413.jar:/home/runner/.m2/repository/org/eclipse/jetty/websocket/websocket-common/9.4.40.v20210413/websocket-common-9.4.40.v20210413.jar:/home/runner/.m2/repository/org/eclipse/jetty/websocket/websocket-api/9.4.40.v20210413/websocket-api-9.4.40.v20210413.jar:/home/runner/.m2/repository/org/jline/jline/3.9.0/jline-3.9.0.jar:/home/runner/.m2/repository/org/apache/hadoop/hadoop-mapreduce-client-core/3.3.1/hadoop-mapreduce-client-core-3.3.1.jar:/home/runner/.m2/repository/org/apache/avro/avro/1.7.7/avro-1.7.7.jar:/home/runner/.m2/repository/org/codehaus/jackson/jackson-core-asl/1.9.13/jackson-core-asl-1.9.13.jar:/home/runner/.m2/repository/org/codehaus/jackson/jackson-mapper-asl/1.9.13/jackson-mapper-asl-1.9.13.jar:/home/runner/.m2/repository/com/thoughtworks/paranamer/paranamer/2.3/paranamer-2.3.jar:/home/runner/.m2/repository/org/apache/hadoop/hadoop-annotations/3.3.1/hadoop-annotations-3.3.1.jar:/usr/lib/jvm/adoptopenjdk-8-hotspot-amd64/jre/../lib/tools.jar:/home/runner/.m2/repository/org/apache/hadoop/hadoop-distcp/3.3.1/hadoop-distcp-3.3.1-tests.jar:"/>
    <property name="java.vm.vendor" value="AdoptOpenJDK"/>
    <property name="sun.arch.data.model" value="64"/>
    <property name="test.build.dir" value="/home/runner/work/ozone/ozone/hadoop-ozone/integration-test/target/test-dir"/>
    <property name="test.cache.data" value=""/>
    <property name="java.vendor.url" value="https://adoptopenjdk.net/"/>
    <property name="user.timezone" value=""/>
    <property name="java.vm.specification.version" value="1.8"/>
    <property name="os.name" value="Linux"/>
    <property name="test.build.data" value="/home/runner/work/ozone/ozone/hadoop-ozone/integration-test/target/test-dir"/>
    <property name="sun.java.launcher" value="SUN_STANDARD"/>
    <property name="sun.boot.library.path" value="/usr/lib/jvm/adoptopenjdk-8-hotspot-amd64/jre/lib/amd64"/>
    <property name="sun.java.command" value="/home/runner/work/ozone/ozone/hadoop-ozone/integration-test/target/surefire/surefirebooter6070955213261465299.jar /home/runner/work/ozone/ozone/hadoop-ozone/integration-test/target/surefire 2021-08-11T08-21-35_673-jvmRun1 surefire5491275195986434453tmp surefire_507001817488742518139tmp"/>
    <property name="surefire.test.class.path" value="/home/runner/work/ozone/ozone/hadoop-ozone/integration-test/target/test-classes:/home/runner/work/ozone/ozone/hadoop-ozone/integration-test/target/classes:/home/runner/.m2/repository/org/apache/ozone/ozone-common/1.2.0-SNAPSHOT/ozone-common-1.2.0-SNAPSHOT.jar:/home/runner/.m2/repository/org/apache/commons/commons-compress/1.20/commons-compress-1.20.jar:/home/runner/.m2/repository/org/apache/ozone/hdds-common/1.2.0-SNAPSHOT/hdds-common-1.2.0-SNAPSHOT.jar:/home/runner/.m2/repository/org/apache/ozone/hdds-client/1.2.0-SNAPSHOT/hdds-client-1.2.0-SNAPSHOT.jar:/home/runner/.m2/repository/org/apache/ozone/ozone-interface-client/1.2.0-SNAPSHOT/ozone-interface-client-1.2.0-SNAPSHOT.jar:/home/runner/.m2/repository/org/apache/ozone/hdds-server-framework/1.2.0-SNAPSHOT/hdds-server-framework-1.2.0-SNAPSHOT.jar:/home/runner/.m2/repository/org/apache/ozone/hdds-interface-server/1.2.0-SNAPSHOT/hdds-interface-server-1.2.0-SNAPSHOT.jar:/home/runner/.m2/repository/org/eclipse/jetty/jetty-servlet/9.4.43.v20210629/jetty-servlet-9.4.43.v20210629.jar:/home/runner/.m2/repository/org/eclipse/jetty/jetty-security/9.4.43.v20210629/jetty-security-9.4.43.v20210629.jar:/home/runner/.m2/repository/org/rocksdb/rocksdbjni/6.20.3/rocksdbjni-6.20.3.jar:/home/runner/.m2/repository/io/prometheus/simpleclient_dropwizard/0.7.0/simpleclient_dropwizard-0.7.0.jar:/home/runner/.m2/repository/io/prometheus/simpleclient/0.7.0/simpleclient-0.7.0.jar:/home/runner/.m2/repository/io/prometheus/simpleclient_common/0.7.0/simpleclient_common-0.7.0.jar:/home/runner/.m2/repository/com/fasterxml/jackson/datatype/jackson-datatype-jsr310/2.12.1/jackson-datatype-jsr310-2.12.1.jar:/home/runner/.m2/repository/org/apache/ozone/hdds-test-utils/1.2.0-SNAPSHOT/hdds-test-utils-1.2.0-SNAPSHOT.jar:/home/runner/.m2/repository/com/google/guava/guava/30.1.1-jre/guava-30.1.1-jre.jar:/home/runner/.m2/repository/com/google/guava/failureaccess/1.0.1/failureaccess-1.0.1.jar:/home/runner/.m2/repository/com/google/guava/listenablefuture/9999.0-empty-to-avoid-conflict-with-guava/listenablefuture-9999.0-empty-to-avoid-conflict-with-guava.jar:/home/runner/.m2/repository/com/google/code/findbugs/jsr305/3.0.0/jsr305-3.0.0.jar:/home/runner/.m2/repository/org/checkerframework/checker-qual/3.8.0/checker-qual-3.8.0.jar:/home/runner/.m2/repository/com/google/errorprone/error_prone_annotations/2.2.0/error_prone_annotations-2.2.0.jar:/home/runner/.m2/repository/com/google/j2objc/j2objc-annotations/1.3/j2objc-annotations-1.3.jar:/home/runner/.m2/repository/commons-io/commons-io/2.8.0/commons-io-2.8.0.jar:/home/runner/.m2/repository/commons-logging/commons-logging/1.2/commons-logging-1.2.jar:/home/runner/.m2/repository/log4j/log4j/1.2.17/log4j-1.2.17.jar:/home/runner/.m2/repository/org/slf4j/slf4j-api/1.7.30/slf4j-api-1.7.30.jar:/home/runner/.m2/repository/org/apache/ozone/hdds-server-scm/1.2.0-SNAPSHOT/hdds-server-scm-1.2.0-SNAPSHOT.jar:/home/runner/.m2/repository/org/apache/ozone/hdds-container-service/1.2.0-SNAPSHOT/hdds-container-service-1.2.0-SNAPSHOT.jar:/home/runner/.m2/repository/org/apache/ozone/hdds-hadoop-dependency-server/1.2.0-SNAPSHOT/hdds-hadoop-dependency-server-1.2.0-SNAPSHOT.jar:/home/runner/.m2/repository/org/apache/hadoop/hadoop-hdfs/3.3.1/hadoop-hdfs-3.3.1.jar:/home/runner/.m2/repository/io/dropwizard/metrics/metrics-core/3.2.4/metrics-core-3.2.4.jar:/home/runner/.m2/repository/org/apache/hadoop/hadoop-hdfs-client/3.3.1/hadoop-hdfs-client-3.3.1.jar:/home/runner/.m2/repository/org/bouncycastle/bcprov-jdk15on/1.67/bcprov-jdk15on-1.67.jar:/home/runner/.m2/repository/com/google/protobuf/protobuf-java/2.5.0/protobuf-java-2.5.0.jar:/home/runner/.m2/repository/org/apache/ozone/ozone-manager/1.2.0-SNAPSHOT/ozone-manager-1.2.0-SNAPSHOT.jar:/home/runner/.m2/repository/org/aspectj/aspectjrt/1.8.9/aspectjrt-1.8.9.jar:/home/runner/.m2/repository/org/aspectj/aspectjweaver/1.8.9/aspectjweaver-1.8.9.jar:/home/runner/.m2/repository/org/apache/ozone/hdds-interface-client/1.2.0-SNAPSHOT/hdds-interface-client-1.2.0-SNAPSHOT.jar:/home/runner/.m2/repository/org/apache/hadoop/thirdparty/hadoop-shaded-protobuf_3_7/1.1.1/hadoop-shaded-protobuf_3_7-1.1.1.jar:/home/runner/.m2/repository/org/apache/ratis/ratis-thirdparty-misc/0.7.0/ratis-thirdparty-misc-0.7.0.jar:/home/runner/.m2/repository/org/apache/ozone/ozone-interface-storage/1.2.0-SNAPSHOT/ozone-interface-storage-1.2.0-SNAPSHOT.jar:/home/runner/.m2/repository/org/reflections/reflections/0.9.11/reflections-0.9.11.jar:/home/runner/.m2/repository/org/apache/hadoop/hadoop-minikdc/3.3.1/hadoop-minikdc-3.3.1.jar:/home/runner/.m2/repository/org/apache/kerby/kerb-simplekdc/1.0.1/kerb-simplekdc-1.0.1.jar:/home/runner/.m2/repository/org/apache/kerby/kerb-client/1.0.1/kerb-client-1.0.1.jar:/home/runner/.m2/repository/org/apache/kerby/kerby-config/1.0.1/kerby-config-1.0.1.jar:/home/runner/.m2/repository/org/apache/kerby/kerb-common/1.0.1/kerb-common-1.0.1.jar:/home/runner/.m2/repository/org/apache/kerby/kerb-crypto/1.0.1/kerb-crypto-1.0.1.jar:/home/runner/.m2/repository/org/apache/kerby/kerb-util/1.0.1/kerb-util-1.0.1.jar:/home/runner/.m2/repository/org/apache/kerby/token-provider/1.0.1/token-provider-1.0.1.jar:/home/runner/.m2/repository/org/apache/kerby/kerb-admin/1.0.1/kerb-admin-1.0.1.jar:/home/runner/.m2/repository/org/apache/kerby/kerb-server/1.0.1/kerb-server-1.0.1.jar:/home/runner/.m2/repository/org/apache/kerby/kerb-identity/1.0.1/kerb-identity-1.0.1.jar:/home/runner/.m2/repository/org/apache/kerby/kerby-xdr/1.0.1/kerby-xdr-1.0.1.jar:/home/runner/.m2/repository/org/slf4j/slf4j-log4j12/1.7.30/slf4j-log4j12-1.7.30.jar:/home/runner/.m2/repository/org/apache/ozone/ozone-s3gateway/1.2.0-SNAPSHOT/ozone-s3gateway-1.2.0-SNAPSHOT.jar:/home/runner/.m2/repository/org/javassist/javassist/3.21.0-GA/javassist-3.21.0-GA.jar:/home/runner/.m2/repository/org/jboss/weld/servlet/weld-servlet/2.4.7.Final/weld-servlet-2.4.7.Final.jar:/home/runner/.m2/repository/org/glassfish/jersey/containers/jersey-container-servlet-core/2.33/jersey-container-servlet-core-2.33.jar:/home/runner/.m2/repository/org/glassfish/hk2/external/jakarta.inject/2.6.1/jakarta.inject-2.6.1.jar:/home/runner/.m2/repository/org/glassfish/jersey/core/jersey-common/2.33/jersey-common-2.33.jar:/home/runner/.m2/repository/jakarta/ws/rs/jakarta.ws.rs-api/2.1.6/jakarta.ws.rs-api-2.1.6.jar:/home/runner/.m2/repository/org/glassfish/jersey/ext/cdi/jersey-cdi1x/2.33/jersey-cdi1x-2.33.jar:/home/runner/.m2/repository/org/glassfish/jersey/inject/jersey-hk2/2.33/jersey-hk2-2.33.jar:/home/runner/.m2/repository/org/glassfish/hk2/hk2-locator/2.6.1/hk2-locator-2.6.1.jar:/home/runner/.m2/repository/org/glassfish/jersey/media/jersey-media-jaxb/2.33/jersey-media-jaxb-2.33.jar:/home/runner/.m2/repository/org/glassfish/hk2/osgi-resource-locator/1.0.3/osgi-resource-locator-1.0.3.jar:/home/runner/.m2/repository/org/glassfish/hk2/hk2-api/2.5.0/hk2-api-2.5.0.jar:/home/runner/.m2/repository/org/glassfish/hk2/hk2-utils/2.5.0/hk2-utils-2.5.0.jar:/home/runner/.m2/repository/org/glassfish/hk2/external/aopalliance-repackaged/2.5.0/aopalliance-repackaged-2.5.0.jar:/home/runner/.m2/repository/com/fasterxml/jackson/dataformat/jackson-dataformat-xml/2.12.1/jackson-dataformat-xml-2.12.1.jar:/home/runner/.m2/repository/com/fasterxml/jackson/core/jackson-core/2.12.1/jackson-core-2.12.1.jar:/home/runner/.m2/repository/com/fasterxml/jackson/module/jackson-module-jaxb-annotations/2.12.1/jackson-module-jaxb-annotations-2.12.1.jar:/home/runner/.m2/repository/jakarta/xml/bind/jakarta.xml.bind-api/2.3.2/jakarta.xml.bind-api-2.3.2.jar:/home/runner/.m2/repository/org/codehaus/woodstox/stax2-api/3.1.4/stax2-api-3.1.4.jar:/home/runner/.m2/repository/com/fasterxml/woodstox/woodstox-core/5.0.3/woodstox-core-5.0.3.jar:/home/runner/.m2/repository/javax/enterprise/cdi-api/1.2/cdi-api-1.2.jar:/home/runner/.m2/repository/javax/el/javax.el-api/3.0.0/javax.el-api-3.0.0.jar:/home/runner/.m2/repository/javax/interceptor/javax.interceptor-api/1.2/javax.interceptor-api-1.2.jar:/home/runner/.m2/repository/javax/inject/javax.inject/1/javax.inject-1.jar:/home/runner/.m2/repository/javax/xml/bind/jaxb-api/2.3.0/jaxb-api-2.3.0.jar:/home/runner/.m2/repository/org/glassfish/jaxb/jaxb-runtime/2.3.0.1/jaxb-runtime-2.3.0.1.jar:/home/runner/.m2/repository/org/glassfish/jaxb/jaxb-core/2.3.0.1/jaxb-core-2.3.0.1.jar:/home/runner/.m2/repository/org/glassfish/jaxb/txw2/2.3.0.1/txw2-2.3.0.1.jar:/home/runner/.m2/repository/com/sun/istack/istack-commons-runtime/3.0.5/istack-commons-runtime-3.0.5.jar:/home/runner/.m2/repository/org/jvnet/staxex/stax-ex/1.7.8/stax-ex-1.7.8.jar:/home/runner/.m2/repository/com/sun/xml/fastinfoset/FastInfoset/1.2.13/FastInfoset-1.2.13.jar:/home/runner/.m2/repository/javax/activation/activation/1.1.1/activation-1.1.1.jar:/home/runner/.m2/repository/org/apache/ozone/ozone-csi/1.2.0-SNAPSHOT/ozone-csi-1.2.0-SNAPSHOT.jar:/home/runner/.m2/repository/com/google/protobuf/protobuf-java-util/3.12.0/protobuf-java-util-3.12.0.jar:/home/runner/.m2/repository/com/google/code/gson/gson/2.2.4/gson-2.2.4.jar:/home/runner/.m2/repository/org/apache/ozone/hdds-config/1.2.0-SNAPSHOT/hdds-config-1.2.0-SNAPSHOT.jar:/home/runner/.m2/repository/io/grpc/grpc-netty/1.33.0/grpc-netty-1.33.0.jar:/home/runner/.m2/repository/io/grpc/grpc-core/1.33.0/grpc-core-1.33.0.jar:/home/runner/.m2/repository/com/google/android/annotations/4.1.1.4/annotations-4.1.1.4.jar:/home/runner/.m2/repository/io/netty/netty-codec-http2/4.1.63.Final/netty-codec-http2-4.1.63.Final.jar:/home/runner/.m2/repository/io/netty/netty-codec-http/4.1.63.Final/netty-codec-http-4.1.63.Final.jar:/home/runner/.m2/repository/io/netty/netty-handler-proxy/4.1.63.Final/netty-handler-proxy-4.1.63.Final.jar:/home/runner/.m2/repository/io/netty/netty-codec-socks/4.1.63.Final/netty-codec-socks-4.1.63.Final.jar:/home/runner/.m2/repository/io/perfmark/perfmark-api/0.19.0/perfmark-api-0.19.0.jar:/home/runner/.m2/repository/org/codehaus/mojo/animal-sniffer-annotations/1.18/animal-sniffer-annotations-1.18.jar:/home/runner/.m2/repository/io/netty/netty-transport-native-epoll/4.1.63.Final/netty-transport-native-epoll-4.1.63.Final.jar:/home/runner/.m2/repository/io/netty/netty-common/4.1.63.Final/netty-common-4.1.63.Final.jar:/home/runner/.m2/repository/io/netty/netty-buffer/4.1.63.Final/netty-buffer-4.1.63.Final.jar:/home/runner/.m2/repository/io/netty/netty-transport-native-unix-common/4.1.63.Final/netty-transport-native-unix-common-4.1.63.Final.jar:/home/runner/.m2/repository/io/grpc/grpc-protobuf/1.33.0/grpc-protobuf-1.33.0.jar:/home/runner/.m2/repository/io/grpc/grpc-api/1.33.0/grpc-api-1.33.0.jar:/home/runner/.m2/repository/io/grpc/grpc-context/1.33.0/grpc-context-1.33.0.jar:/home/runner/.m2/repository/com/google/api/grpc/proto-google-common-protos/1.17.0/proto-google-common-protos-1.17.0.jar:/home/runner/.m2/repository/io/grpc/grpc-protobuf-lite/1.33.0/grpc-protobuf-lite-1.33.0.jar:/home/runner/.m2/repository/io/grpc/grpc-stub/1.33.0/grpc-stub-1.33.0.jar:/home/runner/.m2/repository/org/apache/ozone/ozone-recon/1.2.0-SNAPSHOT/ozone-recon-1.2.0-SNAPSHOT.jar:/home/runner/.m2/repository/org/apache/ozone/ozone-reconcodegen/1.2.0-SNAPSHOT/ozone-reconcodegen-1.2.0-SNAPSHOT.jar:/home/runner/.m2/repository/com/google/inject/extensions/guice-multibindings/4.0/guice-multibindings-4.0.jar:/home/runner/.m2/repository/com/google/inject/guice/4.0/guice-4.0.jar:/home/runner/.m2/repository/aopalliance/aopalliance/1.0/aopalliance-1.0.jar:/home/runner/.m2/repository/com/google/inject/extensions/guice-assistedinject/4.0/guice-assistedinject-4.0.jar:/home/runner/.m2/repository/com/google/inject/extensions/guice-servlet/4.0/guice-servlet-4.0.jar:/home/runner/.m2/repository/org/glassfish/jersey/containers/jersey-container-servlet/2.33/jersey-container-servlet-2.33.jar:/home/runner/.m2/repository/org/glassfish/hk2/guice-bridge/2.5.0/guice-bridge-2.5.0.jar:/home/runner/.m2/repository/org/glassfish/jersey/core/jersey-server/2.33/jersey-server-2.33.jar:/home/runner/.m2/repository/org/glassfish/jersey/core/jersey-client/2.33/jersey-client-2.33.jar:/home/runner/.m2/repository/jakarta/annotation/jakarta.annotation-api/1.3.5/jakarta.annotation-api-1.3.5.jar:/home/runner/.m2/repository/jakarta/validation/jakarta.validation-api/2.0.2/jakarta.validation-api-2.0.2.jar:/home/runner/.m2/repository/org/glassfish/jersey/media/jersey-media-json-jackson/2.33/jersey-media-json-jackson-2.33.jar:/home/runner/.m2/repository/org/glassfish/jersey/ext/jersey-entity-filtering/2.33/jersey-entity-filtering-2.33.jar:/home/runner/.m2/repository/org/jooq/jooq/3.11.10/jooq-3.11.10.jar:/home/runner/.m2/repository/org/jooq/jooq-meta/3.11.10/jooq-meta-3.11.10.jar:/home/runner/.m2/repository/org/jooq/jooq-codegen/3.11.10/jooq-codegen-3.11.10.jar:/home/runner/.m2/repository/com/jolbox/bonecp/0.8.0.RELEASE/bonecp-0.8.0.RELEASE.jar:/home/runner/.m2/repository/org/apache/derby/derby/10.14.2.0/derby-10.14.2.0.jar:/home/runner/.m2/repository/org/xerial/sqlite-jdbc/3.25.2/sqlite-jdbc-3.25.2.jar:/home/runner/.m2/repository/org/springframework/spring-jdbc/5.2.11.RELEASE/spring-jdbc-5.2.11.RELEASE.jar:/home/runner/.m2/repository/org/springframework/spring-beans/5.2.11.RELEASE/spring-beans-5.2.11.RELEASE.jar:/home/runner/.m2/repository/org/springframework/spring-core/5.2.11.RELEASE/spring-core-5.2.11.RELEASE.jar:/home/runner/.m2/repository/org/springframework/spring-jcl/5.2.11.RELEASE/spring-jcl-5.2.11.RELEASE.jar:/home/runner/.m2/repository/org/springframework/spring-tx/5.2.11.RELEASE/spring-tx-5.2.11.RELEASE.jar:/home/runner/.m2/repository/org/apache/ozone/ozone-client/1.2.0-SNAPSHOT/ozone-client-1.2.0-SNAPSHOT.jar:/home/runner/.m2/repository/org/apache/ozone/ozone-filesystem/1.2.0-SNAPSHOT/ozone-filesystem-1.2.0-SNAPSHOT.jar:/home/runner/.m2/repository/org/apache/ozone/ozone-filesystem-common/1.2.0-SNAPSHOT/ozone-filesystem-common-1.2.0-SNAPSHOT.jar:/home/runner/.m2/repository/org/apache/ozone/ozone-tools/1.2.0-SNAPSHOT/ozone-tools-1.2.0-SNAPSHOT.jar:/home/runner/.m2/repository/org/apache/ratis/ratis-tools/2.1.0-03f3b68-SNAPSHOT/ratis-tools-2.1.0-03f3b68-SNAPSHOT.jar:/home/runner/.m2/repository/org/apache/ratis/ratis-proto/2.1.0-03f3b68-SNAPSHOT/ratis-proto-2.1.0-03f3b68-SNAPSHOT.jar:/home/runner/.m2/repository/org/apache/ratis/ratis-common/2.1.0-03f3b68-SNAPSHOT/ratis-common-2.1.0-03f3b68-SNAPSHOT.jar:/home/runner/.m2/repository/com/amazonaws/aws-java-sdk-core/1.11.901/aws-java-sdk-core-1.11.901.jar:/home/runner/.m2/repository/org/apache/httpcomponents/httpclient/4.5.13/httpclient-4.5.13.jar:/home/runner/.m2/repository/org/apache/httpcomponents/httpcore/4.4.13/httpcore-4.4.13.jar:/home/runner/.m2/repository/software/amazon/ion/ion-java/1.0.2/ion-java-1.0.2.jar:/home/runner/.m2/repository/com/fasterxml/jackson/dataformat/jackson-dataformat-cbor/2.12.1/jackson-dataformat-cbor-2.12.1.jar:/home/runner/.m2/repository/joda-time/joda-time/2.8.1/joda-time-2.8.1.jar:/home/runner/.m2/repository/com/amazonaws/aws-java-sdk-s3/1.11.901/aws-java-sdk-s3-1.11.901.jar:/home/runner/.m2/repository/com/amazonaws/aws-java-sdk-kms/1.11.901/aws-java-sdk-kms-1.11.901.jar:/home/runner/.m2/repository/com/amazonaws/jmespath-java/1.11.901/jmespath-java-1.11.901.jar:/home/runner/.m2/repository/org/kohsuke/metainf-services/metainf-services/1.8/metainf-services-1.8.jar:/home/runner/.m2/repository/org/apache/ozone/hdds-tools/1.2.0-SNAPSHOT/hdds-tools-1.2.0-SNAPSHOT.jar:/home/runner/.m2/repository/commons-cli/commons-cli/1.2/commons-cli-1.2.jar:/home/runner/.m2/repository/org/apache/commons/commons-lang3/3.7/commons-lang3-3.7.jar:/home/runner/.m2/repository/org/apache/ozone/ozone-manager/1.2.0-SNAPSHOT/ozone-manager-1.2.0-SNAPSHOT-tests.jar:/home/runner/.m2/repository/org/apache/ozone/hdds-common/1.2.0-SNAPSHOT/hdds-common-1.2.0-SNAPSHOT-tests.jar:/home/runner/.m2/repository/org/apache/ozone/hdds-hadoop-dependency-client/1.2.0-SNAPSHOT/hdds-hadoop-dependency-client-1.2.0-SNAPSHOT.jar:/home/runner/.m2/repository/info/picocli/picocli/4.4.0/picocli-4.4.0.jar:/home/runner/.m2/repository/com/fasterxml/jackson/core/jackson-annotations/2.12.1/jackson-annotations-2.12.1.jar:/home/runner/.m2/repository/javax/annotation/javax.annotation-api/1.2/javax.annotation-api-1.2.jar:/home/runner/.m2/repository/org/apache/ratis/ratis-server/2.1.0-03f3b68-SNAPSHOT/ratis-server-2.1.0-03f3b68-SNAPSHOT.jar:/home/runner/.m2/repository/org/apache/ratis/ratis-client/2.1.0-03f3b68-SNAPSHOT/ratis-client-2.1.0-03f3b68-SNAPSHOT.jar:/home/runner/.m2/repository/org/apache/ratis/ratis-server-api/2.1.0-03f3b68-SNAPSHOT/ratis-server-api-2.1.0-03f3b68-SNAPSHOT.jar:/home/runner/.m2/repository/org/apache/ratis/ratis-metrics/2.1.0-03f3b68-SNAPSHOT/ratis-metrics-2.1.0-03f3b68-SNAPSHOT.jar:/home/runner/.m2/repository/org/apache/ratis/ratis-netty/2.1.0-03f3b68-SNAPSHOT/ratis-netty-2.1.0-03f3b68-SNAPSHOT.jar:/home/runner/.m2/repository/org/apache/ratis/ratis-grpc/2.1.0-03f3b68-SNAPSHOT/ratis-grpc-2.1.0-03f3b68-SNAPSHOT.jar:/home/runner/.m2/repository/org/apache/logging/log4j/log4j-api/2.13.3/log4j-api-2.13.3.jar:/home/runner/.m2/repository/org/apache/logging/log4j/log4j-core/2.13.3/log4j-core-2.13.3.jar:/home/runner/.m2/repository/com/lmax/disruptor/3.4.2/disruptor-3.4.2.jar:/home/runner/.m2/repository/org/apache/commons/commons-pool2/2.6.0/commons-pool2-2.6.0.jar:/home/runner/.m2/repository/org/bouncycastle/bcpkix-jdk15on/1.67/bcpkix-jdk15on-1.67.jar:/home/runner/.m2/repository/commons-validator/commons-validator/1.6/commons-validator-1.6.jar:/home/runner/.m2/repository/commons-beanutils/commons-beanutils/1.9.4/commons-beanutils-1.9.4.jar:/home/runner/.m2/repository/commons-digester/commons-digester/1.8.1/commons-digester-1.8.1.jar:/home/runner/.m2/repository/commons-collections/commons-collections/3.2.2/commons-collections-3.2.2.jar:/home/runner/.m2/repository/io/jaegertracing/jaeger-client/1.6.0/jaeger-client-1.6.0.jar:/home/runner/.m2/repository/io/jaegertracing/jaeger-thrift/1.6.0/jaeger-thrift-1.6.0.jar:/home/runner/.m2/repository/org/apache/thrift/libthrift/0.14.1/libthrift-0.14.1.jar:/home/runner/.m2/repository/com/squareup/okhttp3/okhttp/4.9.0/okhttp-4.9.0.jar:/home/runner/.m2/repository/com/squareup/okio/okio/2.8.0/okio-2.8.0.jar:/home/runner/.m2/repository/io/jaegertracing/jaeger-core/1.6.0/jaeger-core-1.6.0.jar:/home/runner/.m2/repository/io/jaegertracing/jaeger-tracerresolver/1.6.0/jaeger-tracerresolver-1.6.0.jar:/home/runner/.m2/repository/io/opentracing/contrib/opentracing-tracerresolver/0.1.8/opentracing-tracerresolver-0.1.8.jar:/home/runner/.m2/repository/org/jetbrains/kotlin/kotlin-stdlib/1.4.31/kotlin-stdlib-1.4.31.jar:/home/runner/.m2/repository/org/jetbrains/kotlin/kotlin-stdlib-common/1.4.31/kotlin-stdlib-common-1.4.31.jar:/home/runner/.m2/repository/org/jetbrains/annotations/13.0/annotations-13.0.jar:/home/runner/.m2/repository/io/opentracing/opentracing-util/0.33.0/opentracing-util-0.33.0.jar:/home/runner/.m2/repository/io/opentracing/opentracing-api/0.33.0/opentracing-api-0.33.0.jar:/home/runner/.m2/repository/io/opentracing/opentracing-noop/0.33.0/opentracing-noop-0.33.0.jar:/home/runner/.m2/repository/org/yaml/snakeyaml/1.26/snakeyaml-1.26.jar:/home/runner/.m2/repository/org/apache/ozone/hdds-interface-admin/1.2.0-SNAPSHOT/hdds-interface-admin-1.2.0-SNAPSHOT.jar:/home/runner/.m2/repository/junit/junit/4.13.1/junit-4.13.1.jar:/home/runner/.m2/repository/org/hamcrest/hamcrest-core/1.3/hamcrest-core-1.3.jar:/home/runner/.m2/repository/org/junit/jupiter/junit-jupiter-api/5.7.0/junit-jupiter-api-5.7.0.jar:/home/runner/.m2/repository/org/apiguardian/apiguardian-api/1.1.0/apiguardian-api-1.1.0.jar:/home/runner/.m2/repository/org/opentest4j/opentest4j/1.2.0/opentest4j-1.2.0.jar:/home/runner/.m2/repository/org/junit/platform/junit-platform-commons/1.7.0/junit-platform-commons-1.7.0.jar:/home/runner/.m2/repository/org/junit/jupiter/junit-jupiter-engine/5.7.0/junit-jupiter-engine-5.7.0.jar:/home/runner/.m2/repository/org/junit/platform/junit-platform-engine/1.7.0/junit-platform-engine-1.7.0.jar:/home/runner/.m2/repository/org/junit/vintage/junit-vintage-engine/5.7.0/junit-vintage-engine-5.7.0.jar:/home/runner/.m2/repository/org/junit/platform/junit-platform-launcher/1.7.0/junit-platform-launcher-1.7.0.jar:/home/runner/.m2/repository/org/openjdk/jmh/jmh-core/1.19/jmh-core-1.19.jar:/home/runner/.m2/repository/net/sf/jopt-simple/jopt-simple/4.6/jopt-simple-4.6.jar:/home/runner/.m2/repository/org/apache/commons/commons-math3/3.1.1/commons-math3-3.1.1.jar:/home/runner/.m2/repository/org/openjdk/jmh/jmh-generator-annprocess/1.19/jmh-generator-annprocess-1.19.jar:/home/runner/.m2/repository/org/mockito/mockito-core/2.28.2/mockito-core-2.28.2.jar:/home/runner/.m2/repository/net/bytebuddy/byte-buddy/1.9.10/byte-buddy-1.9.10.jar:/home/runner/.m2/repository/net/bytebuddy/byte-buddy-agent/1.9.10/byte-buddy-agent-1.9.10.jar:/home/runner/.m2/repository/org/objenesis/objenesis/1.0/objenesis-1.0.jar:/home/runner/.m2/repository/org/apache/hadoop/hadoop-kms/3.3.1/hadoop-kms-3.3.1.jar:/home/runner/.m2/repository/org/apache/hadoop/hadoop-auth/3.3.1/hadoop-auth-3.3.1.jar:/home/runner/.m2/repository/com/nimbusds/nimbus-jose-jwt/7.9/nimbus-jose-jwt-7.9.jar:/home/runner/.m2/repository/com/github/stephenc/jcip/jcip-annotations/1.0-1/jcip-annotations-1.0-1.jar:/home/runner/.m2/repository/net/minidev/json-smart/2.3/json-smart-2.3.jar:/home/runner/.m2/repository/net/minidev/accessors-smart/1.2/accessors-smart-1.2.jar:/home/runner/.m2/repository/org/ow2/asm/asm/5.0.4/asm-5.0.4.jar:/home/runner/.m2/repository/org/apache/zookeeper/zookeeper/3.5.6/zookeeper-3.5.6.jar:/home/runner/.m2/repository/org/apache/zookeeper/zookeeper-jute/3.5.6/zookeeper-jute-3.5.6.jar:/home/runner/.m2/repository/org/apache/yetus/audience-annotations/0.5.0/audience-annotations-0.5.0.jar:/home/runner/.m2/repository/org/apache/curator/curator-framework/4.2.0/curator-framework-4.2.0.jar:/home/runner/.m2/repository/org/apache/hadoop/thirdparty/hadoop-shaded-guava/1.1.1/hadoop-shaded-guava-1.1.1.jar:/home/runner/.m2/repository/com/sun/jersey/jersey-core/1.19/jersey-core-1.19.jar:/home/runner/.m2/repository/javax/ws/rs/jsr311-api/1.1.1/jsr311-api-1.1.1.jar:/home/runner/.m2/repository/com/sun/jersey/jersey-server/1.19/jersey-server-1.19.jar:/home/runner/.m2/repository/javax/servlet/javax.servlet-api/3.1.0/javax.servlet-api-3.1.0.jar:/home/runner/.m2/repository/org/eclipse/jetty/jetty-server/9.4.43.v20210629/jetty-server-9.4.43.v20210629.jar:/home/runner/.m2/repository/org/eclipse/jetty/jetty-http/9.4.43.v20210629/jetty-http-9.4.43.v20210629.jar:/home/runner/.m2/repository/org/eclipse/jetty/jetty-io/9.4.43.v20210629/jetty-io-9.4.43.v20210629.jar:/home/runner/.m2/repository/org/eclipse/jetty/jetty-webapp/9.4.43.v20210629/jetty-webapp-9.4.43.v20210629.jar:/home/runner/.m2/repository/org/eclipse/jetty/jetty-xml/9.4.43.v20210629/jetty-xml-9.4.43.v20210629.jar:/home/runner/.m2/repository/org/apache/hadoop/hadoop-common/3.3.1/hadoop-common-3.3.1.jar:/home/runner/.m2/repository/commons-net/commons-net/3.6/commons-net-3.6.jar:/home/runner/.m2/repository/jakarta/activation/jakarta.activation-api/1.2.1/jakarta.activation-api-1.2.1.jar:/home/runner/.m2/repository/com/sun/jersey/jersey-servlet/1.19/jersey-servlet-1.19.jar:/home/runner/.m2/repository/com/sun/jersey/jersey-json/1.19/jersey-json-1.19.jar:/home/runner/.m2/repository/org/codehaus/jettison/jettison/1.1/jettison-1.1.jar:/home/runner/.m2/repository/com/sun/xml/bind/jaxb-impl/2.2.3-1/jaxb-impl-2.2.3-1.jar:/home/runner/.m2/repository/org/codehaus/jackson/jackson-jaxrs/1.9.2/jackson-jaxrs-1.9.2.jar:/home/runner/.m2/repository/org/codehaus/jackson/jackson-xc/1.9.2/jackson-xc-1.9.2.jar:/home/runner/.m2/repository/org/apache/commons/commons-configuration2/2.1.1/commons-configuration2-2.1.1.jar:/home/runner/.m2/repository/org/apache/commons/commons-text/1.4/commons-text-1.4.jar:/home/runner/.m2/repository/com/google/re2j/re2j/1.1/re2j-1.1.jar:/home/runner/.m2/repository/com/jcraft/jsch/0.1.54/jsch-0.1.54.jar:/home/runner/.m2/repository/org/apache/curator/curator-client/4.2.0/curator-client-4.2.0.jar:/home/runner/.m2/repository/org/apache/curator/curator-recipes/4.2.0/curator-recipes-4.2.0.jar:/home/runner/.m2/repository/org/apache/kerby/kerb-core/1.0.1/kerb-core-1.0.1.jar:/home/runner/.m2/repository/org/apache/kerby/kerby-pkix/1.0.1/kerby-pkix-1.0.1.jar:/home/runner/.m2/repository/org/apache/kerby/kerby-asn1/1.0.1/kerby-asn1-1.0.1.jar:/home/runner/.m2/repository/org/apache/kerby/kerby-util/1.0.1/kerby-util-1.0.1.jar:/home/runner/.m2/repository/dnsjava/dnsjava/2.1.7/dnsjava-2.1.7.jar:/home/runner/.m2/repository/org/xerial/snappy/snappy-java/1.1.8.2/snappy-java-1.1.8.2.jar:/home/runner/.m2/repository/org/slf4j/jul-to-slf4j/1.7.30/jul-to-slf4j-1.7.30.jar:/home/runner/.m2/repository/org/eclipse/jetty/jetty-util/9.4.43.v20210629/jetty-util-9.4.43.v20210629.jar:/home/runner/.m2/repository/com/fasterxml/jackson/core/jackson-databind/2.12.1/jackson-databind-2.12.1.jar:/home/runner/.m2/repository/org/apache/hadoop/hadoop-kms/3.3.1/hadoop-kms-3.3.1-tests.jar:/home/runner/.m2/repository/org/apache/ozone/hdds-server-scm/1.2.0-SNAPSHOT/hdds-server-scm-1.2.0-SNAPSHOT-tests.jar:/home/runner/.m2/repository/org/apache/ozone/hdds-container-service/1.2.0-SNAPSHOT/hdds-container-service-1.2.0-SNAPSHOT-tests.jar:/home/runner/.m2/repository/commons-codec/commons-codec/1.11/commons-codec-1.11.jar:/home/runner/.m2/repository/io/netty/netty-transport/4.1.63.Final/netty-transport-4.1.63.Final.jar:/home/runner/.m2/repository/io/netty/netty-resolver/4.1.63.Final/netty-resolver-4.1.63.Final.jar:/home/runner/.m2/repository/io/netty/netty-codec/4.1.63.Final/netty-codec-4.1.63.Final.jar:/home/runner/.m2/repository/io/netty/netty-handler/4.1.63.Final/netty-handler-4.1.63.Final.jar:/home/runner/.m2/repository/org/apache/ozone/hdds-hadoop-dependency-test/1.2.0-SNAPSHOT/hdds-hadoop-dependency-test-1.2.0-SNAPSHOT.jar:/home/runner/.m2/repository/org/apache/hadoop/hadoop-common/3.3.1/hadoop-common-3.3.1-tests.jar:/home/runner/.m2/repository/org/assertj/assertj-core/3.12.2/assertj-core-3.12.2.jar:/home/runner/.m2/repository/org/apache/hadoop/hadoop-hdfs/3.3.1/hadoop-hdfs-3.3.1-tests.jar:/home/runner/.m2/repository/org/eclipse/jetty/jetty-util-ajax/9.4.43.v20210629/jetty-util-ajax-9.4.43.v20210629.jar:/home/runner/.m2/repository/commons-daemon/commons-daemon/1.0.13/commons-daemon-1.0.13.jar:/home/runner/.m2/repository/io/netty/netty/3.10.6.Final/netty-3.10.6.Final.jar:/home/runner/.m2/repository/io/netty/netty-all/4.1.63.Final/netty-all-4.1.63.Final.jar:/home/runner/.m2/repository/org/apache/htrace/htrace-core4/4.1.0-incubating/htrace-core4-4.1.0-incubating.jar:/home/runner/.m2/repository/org/fusesource/leveldbjni/leveldbjni-all/1.8/leveldbjni-all-1.8.jar:/home/runner/.m2/repository/org/apache/hadoop/hadoop-distcp/3.3.1/hadoop-distcp-3.3.1.jar:/home/runner/.m2/repository/org/apache/hadoop/hadoop-mapreduce-client-jobclient/3.3.1/hadoop-mapreduce-client-jobclient-3.3.1.jar:/home/runner/.m2/repository/org/apache/hadoop/hadoop-mapreduce-client-common/3.3.1/hadoop-mapreduce-client-common-3.3.1.jar:/home/runner/.m2/repository/org/apache/hadoop/hadoop-yarn-common/3.3.1/hadoop-yarn-common-3.3.1.jar:/home/runner/.m2/repository/org/apache/hadoop/hadoop-yarn-api/3.3.1/hadoop-yarn-api-3.3.1.jar:/home/runner/.m2/repository/com/sun/jersey/jersey-client/1.19/jersey-client-1.19.jar:/home/runner/.m2/repository/com/sun/jersey/contribs/jersey-guice/1.19/jersey-guice-1.19.jar:/home/runner/.m2/repository/com/fasterxml/jackson/jaxrs/jackson-jaxrs-json-provider/2.12.1/jackson-jaxrs-json-provider-2.12.1.jar:/home/runner/.m2/repository/com/fasterxml/jackson/jaxrs/jackson-jaxrs-base/2.12.1/jackson-jaxrs-base-2.12.1.jar:/home/runner/.m2/repository/org/apache/hadoop/hadoop-yarn-client/3.3.1/hadoop-yarn-client-3.3.1.jar:/home/runner/.m2/repository/org/eclipse/jetty/websocket/websocket-client/9.4.40.v20210413/websocket-client-9.4.40.v20210413.jar:/home/runner/.m2/repository/org/eclipse/jetty/jetty-client/9.4.40.v20210413/jetty-client-9.4.40.v20210413.jar:/home/runner/.m2/repository/org/eclipse/jetty/websocket/websocket-common/9.4.40.v20210413/websocket-common-9.4.40.v20210413.jar:/home/runner/.m2/repository/org/eclipse/jetty/websocket/websocket-api/9.4.40.v20210413/websocket-api-9.4.40.v20210413.jar:/home/runner/.m2/repository/org/jline/jline/3.9.0/jline-3.9.0.jar:/home/runner/.m2/repository/org/apache/hadoop/hadoop-mapreduce-client-core/3.3.1/hadoop-mapreduce-client-core-3.3.1.jar:/home/runner/.m2/repository/org/apache/avro/avro/1.7.7/avro-1.7.7.jar:/home/runner/.m2/repository/org/codehaus/jackson/jackson-core-asl/1.9.13/jackson-core-asl-1.9.13.jar:/home/runner/.m2/repository/org/codehaus/jackson/jackson-mapper-asl/1.9.13/jackson-mapper-asl-1.9.13.jar:/home/runner/.m2/repository/com/thoughtworks/paranamer/paranamer/2.3/paranamer-2.3.jar:/home/runner/.m2/repository/org/apache/hadoop/hadoop-annotations/3.3.1/hadoop-annotations-3.3.1.jar:/usr/lib/jvm/adoptopenjdk-8-hotspot-amd64/jre/../lib/tools.jar:/home/runner/.m2/repository/org/apache/hadoop/hadoop-distcp/3.3.1/hadoop-distcp-3.3.1-tests.jar:"/>
    <property name="sun.cpu.endian" value="little"/>
    <property name="user.home" value="/home/runner"/>
    <property name="user.language" value="en"/>
    <property name="java.specification.vendor" value="Oracle Corporation"/>
    <property name="java.home" value="/usr/lib/jvm/adoptopenjdk-8-hotspot-amd64/jre"/>
    <property name="java.security.krb5.conf" value="/home/runner/work/ozone/ozone/hadoop-ozone/integration-test/target/test-classes/krb5.conf"/>
    <property name="basedir" value="/home/runner/work/ozone/ozone/hadoop-ozone/integration-test"/>
    <property name="file.separator" value="/"/>
    <property name="line.separator" value="&#10;"/>
    <property name="java.vm.specification.vendor" value="Oracle Corporation"/>
    <property name="java.specification.name" value="Java Platform API Specification"/>
    <property name="java.awt.graphicsenv" value="sun.awt.X11GraphicsEnvironment"/>
    <property name="skip.installnpx" value="true"/>
    <property name="surefire.real.class.path" value="/home/runner/work/ozone/ozone/hadoop-ozone/integration-test/target/surefire/surefirebooter6070955213261465299.jar:/home/runner/.m2/repository/org/jacoco/org.jacoco.agent/0.8.5/org.jacoco.agent-0.8.5-runtime.jar"/>
    <property name="hadoop.log.dir" value="/home/runner/work/ozone/ozone/hadoop-ozone/integration-test/target/log"/>
    <property name="sun.boot.class.path" value="/usr/lib/jvm/adoptopenjdk-8-hotspot-amd64/jre/lib/resources.jar:/usr/lib/jvm/adoptopenjdk-8-hotspot-amd64/jre/lib/rt.jar:/usr/lib/jvm/adoptopenjdk-8-hotspot-amd64/jre/lib/sunrsasign.jar:/usr/lib/jvm/adoptopenjdk-8-hotspot-amd64/jre/lib/jsse.jar:/usr/lib/jvm/adoptopenjdk-8-hotspot-amd64/jre/lib/jce.jar:/usr/lib/jvm/adoptopenjdk-8-hotspot-amd64/jre/lib/charsets.jar:/usr/lib/jvm/adoptopenjdk-8-hotspot-amd64/jre/lib/jfr.jar:/usr/lib/jvm/adoptopenjdk-8-hotspot-amd64/jre/classes"/>
    <property name="sun.management.compiler" value="HotSpot 64-Bit Tiered Compilers"/>
    <property name="skip.npx" value="true"/>
    <property name="java.runtime.version" value="1.8.0_292-b10"/>
    <property name="java.net.preferIPv4Stack" value="true"/>
    <property name="user.name" value="runner"/>
    <property name="path.separator" value=":"/>
    <property name="java.security.egd" value="file:///dev/urandom"/>
    <property name="os.version" value="5.4.0-1055-azure"/>
    <property name="java.endorsed.dirs" value="/usr/lib/jvm/adoptopenjdk-8-hotspot-amd64/jre/lib/endorsed"/>
    <property name="java.runtime.name" value="OpenJDK Runtime Environment"/>
    <property name="file.encoding" value="UTF-8"/>
    <property name="java.vm.name" value="OpenJDK 64-Bit Server VM"/>
    <property name="test.build.webapps" value=""/>
    <property name="localRepository" value="/home/runner/.m2/repository"/>
    <property name="java.vendor.url.bug" value="https://github.com/AdoptOpenJDK/openjdk-support/issues"/>
    <property name="java.io.tmpdir" value="/tmp"/>
    <property name="require.test.libhadoop" value=""/>
    <property name="java.version" value="1.8.0_292"/>
    <property name="user.dir" value="/home/runner/work/ozone/ozone/hadoop-ozone/integration-test"/>
    <property name="os.arch" value="amd64"/>
    <property name="java.vm.specification.name" value="Java Virtual Machine Specification"/>
    <property name="test.build.classes" value="/home/runner/work/ozone/ozone/hadoop-ozone/integration-test/target/test-classes"/>
    <property name="java.awt.printerjob" value="sun.print.PSPrinterJob"/>
    <property name="sun.os.patch.level" value="unknown"/>
    <property name="hadoop.tmp.dir" value="/home/runner/work/ozone/ozone/hadoop-ozone/integration-test/target/tmp"/>
    <property name="java.library.path" value="/usr/java/packages/lib/amd64:/usr/lib64:/lib64:/lib:/usr/lib"/>
    <property name="java.vm.info" value="mixed mode"/>
    <property name="java.vendor" value="AdoptOpenJDK"/>
    <property name="java.vm.version" value="25.292-b10"/>
    <property name="java.ext.dirs" value="/usr/lib/jvm/adoptopenjdk-8-hotspot-amd64/jre/lib/ext:/usr/java/packages/lib/ext"/>
    <property name="sun.io.unicode.encoding" value="UnicodeLittle"/>
    <property name="java.class.version" value="52.0"/>
  </properties>
  <testcase name="testMultipleDataDirs" classname="org.apache.hadoop.ozone.TestMiniOzoneCluster" time="21.747"/>
  <testcase name="testStartMultipleDatanodes" classname="org.apache.hadoop.ozone.TestMiniOzoneCluster" time="76.331">
    <error message="test timed out after 60000 milliseconds" type="org.junit.runners.model.TestTimedOutException">org.junit.runners.model.TestTimedOutException: test timed out after 60000 milliseconds
	at java.lang.Thread.sleep(Native Method)
	at org.apache.ozone.test.GenericTestUtils.waitFor(GenericTestUtils.java:218)
	at org.apache.hadoop.ozone.MiniOzoneClusterImpl.waitForClusterToBeReady(MiniOzoneClusterImpl.java:228)
	at org.apache.hadoop.ozone.TestMiniOzoneCluster.testStartMultipleDatanodes(TestMiniOzoneCluster.java:117)
	at sun.reflect.NativeMethodAccessorImpl.invoke0(Native Method)
	at sun.reflect.NativeMethodAccessorImpl.invoke(NativeMethodAccessorImpl.java:62)
	at sun.reflect.DelegatingMethodAccessorImpl.invoke(DelegatingMethodAccessorImpl.java:43)
	at java.lang.reflect.Method.invoke(Method.java:498)
	at org.junit.runners.model.FrameworkMethod$1.runReflectiveCall(FrameworkMethod.java:59)
	at org.junit.internal.runners.model.ReflectiveCallable.run(ReflectiveCallable.java:12)
	at org.junit.runners.model.FrameworkMethod.invokeExplosively(FrameworkMethod.java:56)
	at org.junit.internal.runners.statements.InvokeMethod.evaluate(InvokeMethod.java:17)
	at org.junit.internal.runners.statements.FailOnTimeout$CallableStatement.call(FailOnTimeout.java:288)
	at org.junit.internal.runners.statements.FailOnTimeout$CallableStatement.call(FailOnTimeout.java:282)
	at java.util.concurrent.FutureTask.run(FutureTask.java:266)
	at java.lang.Thread.run(Thread.java:748)
</error>
    <system-out><![CDATA[2021-08-11 09:32:44,302 [Time-limited test] WARN  server.ServerUtils (ServerUtils.java:getScmDbDir(148)) - ozone.scm.db.dirs is not configured. We recommend adding this setting. Falling back to ozone.metadata.dirs instead.
2021-08-11 09:32:44,305 [Time-limited test] INFO  ha.SCMHANodeDetails (SCMHANodeDetails.java:loadSCMHAConfig(157)) - ServiceID for StorageContainerManager is null
2021-08-11 09:32:44,305 [Time-limited test] INFO  ha.SCMHANodeDetails (SCMHANodeDetails.java:loadSCMHAConfig(162)) - ozone.scm.default.service.id is not defined, falling back to ozone.scm.service.ids to find serviceID for StorageContainerManager if it is HA enabled cluster
2021-08-11 09:32:44,307 [Time-limited test] WARN  server.ServerUtils (ServerUtils.java:getScmDbDir(148)) - ozone.scm.db.dirs is not configured. We recommend adding this setting. Falling back to ozone.metadata.dirs instead.
2021-08-11 09:32:44,308 [Time-limited test] INFO  upgrade.AbstractLayoutVersionManager (AbstractLayoutVersionManager.java:init(70)) - Initializing Layout version manager with metadata layout = SCM_HA (version = 2), software layout = SCM_HA (version = 2)
2021-08-11 09:32:44,355 [Time-limited test] INFO  reflections.Reflections (Reflections.java:scan(232)) - Reflections took 46 ms to scan 7 urls, producing 120 keys and 275 values 
2021-08-11 09:32:44,357 [Time-limited test] WARN  utils.HAUtils (HAUtils.java:getMetaDir(342)) - ozone.scm.db.dirs is not configured. We recommend adding this setting. Falling back to ozone.metadata.dirs instead.
2021-08-11 09:32:44,358 [Time-limited test] WARN  db.DBStoreBuilder (DBStoreBuilder.java:applyDBDefinition(145)) - ozone.scm.db.dirs is not configured. We recommend adding this setting. Falling back to ozone.metadata.dirs instead.
2021-08-11 09:32:44,477 [Time-limited test] INFO  net.NodeSchemaLoader (NodeSchemaLoader.java:loadSchemaFromFile(129)) - Loading schema from [jar:file:/home/runner/.m2/repository/org/apache/ozone/hdds-common/1.2.0-SNAPSHOT/hdds-common-1.2.0-SNAPSHOT.jar!/network-topology-default.xml]
2021-08-11 09:32:44,477 [Time-limited test] INFO  net.NodeSchemaLoader (NodeSchemaLoader.java:loadSchema(176)) - Loading network topology layer schema file
2021-08-11 09:32:44,481 [Time-limited test] INFO  ha.SequenceIdGenerator (SequenceIdGenerator.java:upgradeToSequenceId(327)) - upgrade localId to 107544261427200000
2021-08-11 09:32:44,481 [Time-limited test] INFO  ha.SequenceIdGenerator (SequenceIdGenerator.java:upgradeToSequenceId(337)) - upgrade delTxnId to 0
2021-08-11 09:32:44,482 [Time-limited test] INFO  ha.SequenceIdGenerator (SequenceIdGenerator.java:upgradeToSequenceId(351)) - upgrade containerId to 0
2021-08-11 09:32:44,482 [Time-limited test] INFO  ha.SequenceIdGenerator (SequenceIdGenerator.java:<init>(217)) - Init the HA SequenceIdGenerator.
2021-08-11 09:32:44,483 [Time-limited test] WARN  server.ServerUtils (ServerUtils.java:sanitizeUserArgs(73)) - ozone.scm.stale.node.interval value = 300000 is larger than max = 100000 based on the key value of ozone.scm.heartbeat.thread.interval, reset to the max value 100000.
2021-08-11 09:32:44,483 [Time-limited test] WARN  server.ServerUtils (ServerUtils.java:sanitizeUserArgs(73)) - ozone.scm.stale.node.interval value = 300000 is larger than max = 100000 based on the key value of ozone.scm.heartbeat.thread.interval, reset to the max value 100000.
2021-08-11 09:32:44,483 [Time-limited test] INFO  node.SCMNodeManager (SCMNodeManager.java:<init>(145)) - Entering startup safe mode.
2021-08-11 09:32:44,484 [Time-limited test] INFO  algorithms.ContainerPlacementPolicyFactory (ContainerPlacementPolicyFactory.java:getPolicy(60)) - Create container placement policy of type org.apache.hadoop.hdds.scm.container.placement.algorithms.SCMContainerPlacementRandom
2021-08-11 09:32:44,484 [Time-limited test] INFO  pipeline.PipelineStateManager (PipelineStateManagerV2Impl.java:initialize(78)) - No pipeline exists in current db
2021-08-11 09:32:44,485 [Time-limited test] INFO  algorithms.LeaderChoosePolicyFactory (LeaderChoosePolicyFactory.java:getPolicy(57)) - Create leader choose policy of type org.apache.hadoop.hdds.scm.pipeline.leader.choose.algorithms.MinLeaderCountChoosePolicy
2021-08-11 09:32:44,488 [Time-limited test] INFO  ha.SCMServiceManager (SCMServiceManager.java:register(43)) - Registering service BackgroundPipelineCreator.
2021-08-11 09:32:44,488 [Time-limited test] INFO  pipeline.BackgroundPipelineCreator (BackgroundPipelineCreatorV2.java:start(130)) - Starting RatisPipelineUtilsThread.
2021-08-11 09:32:44,494 [Time-limited test] INFO  algorithms.PipelineChoosePolicyFactory (PipelineChoosePolicyFactory.java:createPipelineChoosePolicyFromClass(73)) - Create pipeline choose policy of type org.apache.hadoop.hdds.scm.pipeline.choose.algorithms.RandomPipelineChoosePolicy
2021-08-11 09:32:44,496 [Time-limited test] INFO  ha.SCMServiceManager (SCMServiceManager.java:register(43)) - Registering service SCMBlockDeletingService.
2021-08-11 09:32:44,497 [Time-limited test] INFO  ha.SCMServiceManager (SCMServiceManager.java:register(43)) - Registering service ReplicationManager.
2021-08-11 09:32:44,497 [Time-limited test] INFO  container.ReplicationManager (ReplicationManager.java:start(286)) - Starting Replication Monitor Thread.
2021-08-11 09:32:44,497 [Time-limited test] INFO  safemode.ContainerSafeModeRule (ContainerSafeModeRule.java:<init>(89)) - containers with one replica threshold count 0
2021-08-11 09:32:44,498 [Time-limited test] INFO  safemode.HealthyPipelineSafeModeRule (HealthyPipelineSafeModeRule.java:initializeRule(156)) - Total pipeline count is 0, healthy pipeline threshold count is 1
2021-08-11 09:32:44,498 [Time-limited test] INFO  safemode.OneReplicaPipelineSafeModeRule (OneReplicaPipelineSafeModeRule.java:initializeRule(180)) - Total pipeline count is 0, pipeline's with at least one datanode reported threshold count is 0
2021-08-11 09:32:44,500 [Time-limited test] INFO  ipc.CallQueueManager (CallQueueManager.java:<init>(90)) - Using callQueue: class java.util.concurrent.LinkedBlockingQueue, queueCapacity: 2000, scheduler: class org.apache.hadoop.ipc.DefaultRpcScheduler, ipcBackoff: false.
2021-08-11 09:32:44,500 [Socket Reader #1 for port 0] INFO  ipc.Server (Server.java:run(1265)) - Starting Socket Reader #1 for port 0
2021-08-11 09:32:44,502 [Listener at 0.0.0.0/33227] INFO  ipc.CallQueueManager (CallQueueManager.java:<init>(90)) - Using callQueue: class java.util.concurrent.LinkedBlockingQueue, queueCapacity: 2000, scheduler: class org.apache.hadoop.ipc.DefaultRpcScheduler, ipcBackoff: false.
2021-08-11 09:32:44,507 [Socket Reader #1 for port 0] INFO  ipc.Server (Server.java:run(1265)) - Starting Socket Reader #1 for port 0
2021-08-11 09:32:44,507 [ReplicationMonitor] INFO  container.ReplicationManager (ReplicationManager.java:processAll(341)) - Replication Monitor Thread took 0 milliseconds for processing 0 containers.
2021-08-11 09:32:44,508 [Listener at 0.0.0.0/36959] INFO  ipc.CallQueueManager (CallQueueManager.java:<init>(90)) - Using callQueue: class java.util.concurrent.LinkedBlockingQueue, queueCapacity: 2000, scheduler: class org.apache.hadoop.ipc.DefaultRpcScheduler, ipcBackoff: false.
2021-08-11 09:32:44,509 [Socket Reader #1 for port 0] INFO  ipc.Server (Server.java:run(1265)) - Starting Socket Reader #1 for port 0
2021-08-11 09:32:44,557 [Listener at 0.0.0.0/43613] INFO  server.StorageContainerManager (StorageContainerManager.java:<init>(380)) - 
Container Balancer status:
Key                            Value
Running                        true
Container Balancer Configuration values:
Key                            Value
Threshold                      0.1
Max Datanodes to Balance       5
Max Size to Move               10737418240B

2021-08-11 09:32:44,557 [Listener at 0.0.0.0/43613] WARN  events.EventQueue (EventQueue.java:fireEvent(194)) - No event handler registered for event TypedEvent{payloadType=SafeModeStatus, name='Safe mode status'}
2021-08-11 09:32:44,558 [Listener at 0.0.0.0/43613] INFO  ha.SCMContext (SCMContext.java:updateSafeModeStatus(205)) - Update SafeModeStatus from SafeModeStatus{safeModeStatus=true, preCheckPassed=false} to SafeModeStatus{safeModeStatus=true, preCheckPassed=false}.
2021-08-11 09:32:44,559 [Listener at 0.0.0.0/43613] INFO  server.StorageContainerManager (StorageContainerManager.java:start(1246)) - StorageContainerLocationProtocol RPC server is listening at /0.0.0.0:43613
2021-08-11 09:32:44,561 [Listener at 0.0.0.0/43613] WARN  impl.MetricsConfig (MetricsConfig.java:loadFirst(136)) - Cannot locate configuration: tried hadoop-metrics2-storagecontainermanager.properties,hadoop-metrics2.properties
2021-08-11 09:32:44,569 [Listener at 0.0.0.0/43613] INFO  impl.MetricsSystemImpl (MetricsSystemImpl.java:startTimer(378)) - Scheduled Metric snapshot period at 10 second(s).
2021-08-11 09:32:44,569 [Listener at 0.0.0.0/43613] INFO  impl.MetricsSystemImpl (MetricsSystemImpl.java:start(191)) - StorageContainerManager metrics system started
2021-08-11 09:32:44,587 [Listener at 0.0.0.0/43613] INFO  impl.MetricsSinkAdapter (MetricsSinkAdapter.java:start(204)) - Sink prometheus started
2021-08-11 09:32:44,587 [Listener at 0.0.0.0/43613] INFO  impl.MetricsSystemImpl (MetricsSystemImpl.java:registerSink(305)) - Registered sink prometheus
2021-08-11 09:32:44,613 [Listener at 0.0.0.0/43613] INFO  server.SCMClientProtocolServer (SCMClientProtocolServer.java:start(165)) - RPC server for Client  is listening at /0.0.0.0:43613
2021-08-11 09:32:44,613 [IPC Server Responder] INFO  ipc.Server (Server.java:run(1507)) - IPC Server Responder: starting
2021-08-11 09:32:44,614 [IPC Server listener on 0] INFO  ipc.Server (Server.java:run(1344)) - IPC Server listener on 0: starting
2021-08-11 09:32:44,630 [Listener at 0.0.0.0/43613] INFO  server.StorageContainerManager (StorageContainerManager.java:start(1261)) - ScmBlockLocationProtocol RPC server is listening at /0.0.0.0:36959
2021-08-11 09:32:44,630 [Listener at 0.0.0.0/43613] INFO  server.SCMBlockProtocolServer (SCMBlockProtocolServer.java:start(151)) - RPC server for Block Protocol is listening at /0.0.0.0:36959
2021-08-11 09:32:44,632 [IPC Server Responder] INFO  ipc.Server (Server.java:run(1507)) - IPC Server Responder: starting
2021-08-11 09:32:44,634 [IPC Server listener on 0] INFO  ipc.Server (Server.java:run(1344)) - IPC Server listener on 0: starting
2021-08-11 09:32:44,658 [Listener at 0.0.0.0/43613] INFO  server.StorageContainerManager (StorageContainerManager.java:start(1267)) - ScmDatanodeProtocl RPC server is listening at /0.0.0.0:33227
2021-08-11 09:32:44,658 [Listener at 0.0.0.0/43613] INFO  server.SCMDatanodeProtocolServer (SCMDatanodeProtocolServer.java:start(181)) - RPC server for DataNodes is listening at /0.0.0.0:33227
2021-08-11 09:32:44,662 [IPC Server Responder] INFO  ipc.Server (Server.java:run(1507)) - IPC Server Responder: starting
2021-08-11 09:32:44,666 [IPC Server listener on 0] INFO  ipc.Server (Server.java:run(1344)) - IPC Server listener on 0: starting
2021-08-11 09:32:44,681 [org.apache.hadoop.util.JvmPauseMonitor$Monitor@35f8b456] INFO  util.JvmPauseMonitor (JvmPauseMonitor.java:run(188)) - Starting JVM pause monitor
2021-08-11 09:32:44,681 [Listener at 0.0.0.0/43613] INFO  http.BaseHttpServer (BaseHttpServer.java:newHttpServer2BuilderForOzone(209)) - Starting Web-server for scm at: http://0.0.0.0:0
2021-08-11 09:32:44,681 [Listener at 0.0.0.0/43613] INFO  http.BaseHttpServer (BaseHttpServer.java:<init>(107)) - Hadoop Security Enabled: false Ozone Security Enabled: false Ozone HTTP Security Enabled: false 
2021-08-11 09:32:44,683 [Listener at 0.0.0.0/43613] INFO  server.AuthenticationFilter (AuthenticationFilter.java:constructSecretProvider(240)) - Unable to initialize FileSignerSecretProvider, falling back to use random secrets.
2021-08-11 09:32:44,684 [Listener at 0.0.0.0/43613] WARN  http.HttpRequestLog (HttpRequestLog.java:getRequestLog(103)) - Jetty request log can only be enabled using Log4j
2021-08-11 09:32:44,686 [Listener at 0.0.0.0/43613] INFO  http.HttpServer2 (HttpServer2.java:addGlobalFilter(1020)) - Added global filter 'safety' (class=org.apache.hadoop.hdds.server.http.HttpServer2$QuotingInputFilter)
2021-08-11 09:32:44,687 [Listener at 0.0.0.0/43613] INFO  http.HttpServer2 (HttpServer2.java:addFilter(996)) - Added filter static_user_filter (class=org.apache.hadoop.http.lib.StaticUserWebFilter$StaticUserFilter) to context scm
2021-08-11 09:32:44,687 [Listener at 0.0.0.0/43613] INFO  http.HttpServer2 (HttpServer2.java:addFilter(1004)) - Added filter static_user_filter (class=org.apache.hadoop.http.lib.StaticUserWebFilter$StaticUserFilter) to context static
2021-08-11 09:32:44,687 [Listener at 0.0.0.0/43613] INFO  http.HttpServer2 (HttpServer2.java:addFilter(1004)) - Added filter static_user_filter (class=org.apache.hadoop.http.lib.StaticUserWebFilter$StaticUserFilter) to context logs
2021-08-11 09:32:44,688 [Listener at 0.0.0.0/43613] INFO  http.HttpServer2 (HttpServer2.java:bindListener(1239)) - Jetty bound to port 36821
2021-08-11 09:32:44,688 [Listener at 0.0.0.0/43613] INFO  server.Server (Server.java:doStart(375)) - jetty-9.4.43.v20210629; built: 2021-06-30T11:07:22.254Z; git: 526006ecfa3af7f1a27ef3a288e2bef7ea9dd7e8; jvm 1.8.0_292-b10
2021-08-11 09:32:44,692 [Listener at 0.0.0.0/43613] INFO  server.session (DefaultSessionIdManager.java:doStart(334)) - DefaultSessionIdManager workerName=node0
2021-08-11 09:32:44,693 [Listener at 0.0.0.0/43613] INFO  server.session (DefaultSessionIdManager.java:doStart(339)) - No SessionScavenger set, using defaults
2021-08-11 09:32:44,693 [Listener at 0.0.0.0/43613] INFO  server.session (HouseKeeper.java:startScavenging(132)) - node0 Scavenging every 600000ms
2021-08-11 09:32:44,694 [Listener at 0.0.0.0/43613] INFO  handler.ContextHandler (ContextHandler.java:doStart(915)) - Started o.e.j.s.ServletContextHandler@70c20a5e{logs,/logs,file:///home/runner/work/ozone/ozone/hadoop-ozone/integration-test/target/log,AVAILABLE}
2021-08-11 09:32:44,694 [Listener at 0.0.0.0/43613] INFO  handler.ContextHandler (ContextHandler.java:doStart(915)) - Started o.e.j.s.ServletContextHandler@434447f6{static,/static,file:///home/runner/work/ozone/ozone/hadoop-ozone/integration-test/target/test-classes/webapps/static,AVAILABLE}
2021-08-11 09:32:44,705 [Listener at 0.0.0.0/43613] INFO  handler.ContextHandler (ContextHandler.java:doStart(915)) - Started o.e.j.w.WebAppContext@31e6dad7{scm,/,file:///home/runner/work/ozone/ozone/hadoop-ozone/integration-test/target/test-classes/webapps/scm/,AVAILABLE}{file:/home/runner/work/ozone/ozone/hadoop-ozone/integration-test/target/test-classes/webapps/scm}
2021-08-11 09:32:44,713 [Listener at 0.0.0.0/43613] INFO  server.AbstractConnector (AbstractConnector.java:doStart(331)) - Started ServerConnector@381583ba{HTTP/1.1, (http/1.1)}{0.0.0.0:36821}
2021-08-11 09:32:44,713 [Listener at 0.0.0.0/43613] INFO  server.Server (Server.java:doStart(415)) - Started @23448ms
2021-08-11 09:32:44,713 [Listener at 0.0.0.0/43613] WARN  impl.MetricsSystemImpl (MetricsSystemImpl.java:register(279)) - Sink prometheus already exists!
2021-08-11 09:32:44,714 [Listener at 0.0.0.0/43613] INFO  http.BaseHttpServer (BaseHttpServer.java:updateConnectorAddress(329)) - HTTP server of scm listening at http://0.0.0.0:36821
2021-08-11 09:32:44,714 [Listener at 0.0.0.0/43613] WARN  server.ServerUtils (ServerUtils.java:getDBPath(225)) - ozone.om.db.dirs is not configured. We recommend adding this setting. Falling back to ozone.metadata.dirs instead.
2021-08-11 09:32:44,716 [Listener at 0.0.0.0/43613] INFO  ha.OMHANodeDetails (OMHANodeDetails.java:loadOMHAConfig(112)) - ozone.om.internal.service.id is not defined, falling back to ozone.om.service.ids to find serviceID for OzoneManager if it is HA enabled cluster
2021-08-11 09:32:44,716 [Listener at 0.0.0.0/43613] INFO  ha.OMHANodeDetails (OMHANodeDetails.java:loadOMHAConfig(219)) - Configuration does not have ozone.om.address set. Falling back to the default OM address /127.0.0.1:0
2021-08-11 09:32:44,716 [Listener at 0.0.0.0/43613] INFO  ha.OMHANodeDetails (OMHANodeDetails.java:getOMNodeDetails(247)) - OM Service ID is not set. Setting it to the default ID: omServiceIdDefault
2021-08-11 09:32:44,716 [Listener at 0.0.0.0/43613] INFO  ha.OMHANodeDetails (OMHANodeDetails.java:getOMNodeDetails(254)) - OM Node ID is not set. Setting it to the default ID: om1
2021-08-11 09:32:44,716 [Listener at 0.0.0.0/43613] WARN  server.ServerUtils (ServerUtils.java:getDBPath(225)) - ozone.om.db.dirs is not configured. We recommend adding this setting. Falling back to ozone.metadata.dirs instead.
2021-08-11 09:32:44,717 [Listener at 0.0.0.0/43613] INFO  upgrade.AbstractLayoutVersionManager (AbstractLayoutVersionManager.java:init(70)) - Initializing Layout version manager with metadata layout = INITIAL_VERSION (version = 0), software layout = INITIAL_VERSION (version = 0)
2021-08-11 09:32:44,809 [Listener at 0.0.0.0/43613] INFO  reflections.Reflections (Reflections.java:scan(232)) - Reflections took 91 ms to scan 2 urls, producing 131 keys and 342 values [using 2 cores]
2021-08-11 09:32:44,809 [Listener at 0.0.0.0/43613] INFO  upgrade.OMLayoutVersionManager (OMLayoutVersionManager.java:lambda$0(116)) - Skipping Upgrade Action MockOmUpgradeAction since it has been finalized.
2021-08-11 09:32:44,809 [Listener at 0.0.0.0/43613] WARN  server.ServerUtils (ServerUtils.java:getDBPath(225)) - ozone.om.db.dirs is not configured. We recommend adding this setting. Falling back to ozone.metadata.dirs instead.
2021-08-11 09:32:44,824 [Listener at 0.0.0.0/43613] WARN  server.ServerUtils (ServerUtils.java:getDBPath(225)) - ozone.om.db.dirs is not configured. We recommend adding this setting. Falling back to ozone.metadata.dirs instead.
2021-08-11 09:32:44,824 [Listener at 0.0.0.0/43613] INFO  codec.OmKeyInfoCodec (OmKeyInfoCodec.java:<init>(51)) - OmKeyInfoCodec ignorePipeline = true
2021-08-11 09:32:44,824 [Listener at 0.0.0.0/43613] INFO  codec.RepeatedOmKeyInfoCodec (RepeatedOmKeyInfoCodec.java:<init>(42)) - RepeatedOmKeyInfoCodec ignorePipeline = true
2021-08-11 09:32:44,961 [Listener at 0.0.0.0/43613] INFO  om.OzoneManager (OzoneManager.java:addS3GVolumeToDB(4115)) - Created Volume s3v With Owner runner required for S3Gateway operations.
2021-08-11 09:32:44,962 [Listener at 0.0.0.0/43613] WARN  server.ServerUtils (ServerUtils.java:getDefaultRatisDirectory(237)) - Storage directory for Ratis is not configured. It is a good idea to map this to an SSD disk. Falling back to ozone.metadata.dirs
2021-08-11 09:32:44,962 [Listener at 0.0.0.0/43613] WARN  utils.OzoneManagerRatisUtils (OzoneManagerRatisUtils.java:getOMRatisSnapshotDirectory(391)) - ozone.om.ratis.snapshot.dir is not configured. Falling back to ozone.metadata.dirs config
2021-08-11 09:32:44,963 [Listener at 0.0.0.0/43613] WARN  server.ServerUtils (ServerUtils.java:getDefaultRatisDirectory(237)) - Storage directory for Ratis is not configured. It is a good idea to map this to an SSD disk. Falling back to ozone.metadata.dirs
2021-08-11 09:32:44,965 [Listener at 0.0.0.0/43613] INFO  ratis.OzoneManagerRatisServer (OzoneManagerRatisServer.java:<init>(158)) - Instantiating OM Ratis server with groupID: omServiceIdDefault and peers: localhost:9872
2021-08-11 09:32:44,965 [Listener at 0.0.0.0/43613] INFO  ratis.OzoneManagerStateMachine (OzoneManagerStateMachine.java:loadSnapshotInfoFromDB(605)) - LastAppliedIndex is set from TransactionInfo from OM DB as (t:0, i:~)
2021-08-11 09:32:44,969 [Listener at 0.0.0.0/43613] INFO  server.RaftServer (ConfUtils.java:logGet(44)) - raft.rpc.type = GRPC (default)
2021-08-11 09:32:44,970 [Listener at 0.0.0.0/43613] INFO  grpc.GrpcFactory (GrpcFactory.java:checkPooledByteBufAllocatorUseCacheForAllThreads(48)) - PERFORMANCE WARNING: useCacheForAllThreads is true that may cause Netty to create a lot garbage objects and, as a result, trigger GC.
	It is recommended to disable useCacheForAllThreads by setting -Dorg.apache.ratis.thirdparty.io.netty.allocator.useCacheForAllThreads=false in command line.
2021-08-11 09:32:44,970 [Listener at 0.0.0.0/43613] INFO  grpc.GrpcConfigKeys (ConfUtils.java:logGet(44)) - raft.grpc.admin.port = -1 (default)
2021-08-11 09:32:44,970 [Listener at 0.0.0.0/43613] INFO  grpc.GrpcConfigKeys (ConfUtils.java:logGet(44)) - raft.grpc.server.port = 9872 (custom)
2021-08-11 09:32:44,970 [Listener at 0.0.0.0/43613] INFO  grpc.GrpcConfigKeys (ConfUtils.java:logGet(44)) - raft.grpc.client.port = -1 (default)
2021-08-11 09:32:44,970 [Listener at 0.0.0.0/43613] INFO  grpc.GrpcConfigKeys (ConfUtils.java:logGet(44)) - raft.grpc.server.port = 9872 (custom)
2021-08-11 09:32:44,970 [Listener at 0.0.0.0/43613] INFO  grpc.GrpcConfigKeys (ConfUtils.java:logGet(44)) - raft.grpc.server.port = 9872 (custom)
2021-08-11 09:32:44,971 [Listener at 0.0.0.0/43613] INFO  server.GrpcService (ConfUtils.java:logGet(44)) - raft.grpc.message.size.max = 33554432 (custom)
2021-08-11 09:32:44,971 [Listener at 0.0.0.0/43613] INFO  server.RaftServerConfigKeys (ConfUtils.java:logGet(44)) - raft.server.log.appender.buffer.byte-limit = 33554432 (custom)
2021-08-11 09:32:44,971 [Listener at 0.0.0.0/43613] INFO  server.GrpcService (ConfUtils.java:logGet(44)) - raft.grpc.flow.control.window = 1MB (=1048576) (default)
2021-08-11 09:32:44,971 [Listener at 0.0.0.0/43613] INFO  server.RaftServerConfigKeys (ConfUtils.java:logGet(44)) - raft.server.rpc.request.timeout = 3000ms (default)
2021-08-11 09:32:44,972 [Listener at 0.0.0.0/43613] INFO  impl.DataStreamServerImpl (ConfUtils.java:logGet(44)) - raft.datastream.type = DISABLED (default)
2021-08-11 09:32:44,972 [Listener at 0.0.0.0/43613] INFO  server.RaftServerConfigKeys (ConfUtils.java:logGet(44)) - raft.server.rpc.slowness.timeout = 120s (custom)
2021-08-11 09:32:44,973 [Listener at 0.0.0.0/43613] INFO  server.RaftServerConfigKeys (ConfUtils.java:logGet(44)) - raft.server.leaderelection.leader.step-down.wait-time = 10s (default)
2021-08-11 09:32:44,973 [Listener at 0.0.0.0/43613] INFO  server.RaftServerConfigKeys (ConfUtils.java:logGet(44)) - raft.server.storage.dir = [/home/runner/work/ozone/ozone/hadoop-ozone/integration-test/target/test-dir/MiniOzoneClusterImpl-79444004-0aa8-43fe-bb54-6fbc032fba86/ozone-meta/ratis] (custom)
2021-08-11 09:32:44,980 [Listener at 0.0.0.0/43613] INFO  server.RaftServer (RaftServerProxy.java:addNew(95)) - om1: addNew group-C5BA1605619E:[om1|rpc:localhost:9872|priority:0] returns group-C5BA1605619E:java.util.concurrent.CompletableFuture@1e15b394[Not completed]
2021-08-11 09:32:44,980 [Listener at 0.0.0.0/43613] INFO  om.OzoneManager (OzoneManager.java:initializeRatisServer(1573)) - OzoneManager Ratis server initialized at port 9872
2021-08-11 09:32:44,985 [Listener at 0.0.0.0/43613] INFO  ipc.CallQueueManager (CallQueueManager.java:<init>(90)) - Using callQueue: class java.util.concurrent.LinkedBlockingQueue, queueCapacity: 2000, scheduler: class org.apache.hadoop.ipc.DefaultRpcScheduler, ipcBackoff: false.
2021-08-11 09:32:44,986 [pool-107-thread-1] INFO  server.RaftServer$Division (RaftServerImpl.java:<init>(181)) - om1: new RaftServerImpl for group-C5BA1605619E:[om1|rpc:localhost:9872|priority:0] with OzoneManagerStateMachine:uninitialized
2021-08-11 09:32:44,987 [pool-107-thread-1] INFO  server.RaftServerConfigKeys (ConfUtils.java:logGet(44)) - raft.server.rpc.timeout.min = 1s (custom)
2021-08-11 09:32:44,987 [pool-107-thread-1] INFO  server.RaftServerConfigKeys (ConfUtils.java:logGet(44)) - raft.server.rpc.timeout.max = 1200ms (custom)
2021-08-11 09:32:44,987 [pool-107-thread-1] INFO  server.RaftServerConfigKeys (ConfUtils.java:logGet(44)) - raft.server.rpc.sleep.time = 25ms (default)
2021-08-11 09:32:44,987 [pool-107-thread-1] INFO  server.RaftServerConfigKeys (ConfUtils.java:logGet(44)) - raft.server.rpc.slowness.timeout = 120s (custom)
2021-08-11 09:32:44,987 [pool-107-thread-1] INFO  server.RaftServerConfigKeys (ConfUtils.java:logGet(44)) - raft.server.leaderelection.leader.step-down.wait-time = 10s (default)
2021-08-11 09:32:44,988 [pool-107-thread-1] INFO  server.RaftServerConfigKeys (ConfUtils.java:logGet(44)) - raft.server.sleep.deviation.threshold = 300ms (default)
2021-08-11 09:32:44,988 [pool-107-thread-1] INFO  server.RaftServerConfigKeys (ConfUtils.java:logGet(44)) - raft.server.log.appender.install.snapshot.enabled = false (custom)
2021-08-11 09:32:44,988 [pool-107-thread-1] INFO  server.RaftServer$Division (ServerState.java:<init>(105)) - om1@group-C5BA1605619E: ConfigurationManager, init=-1: [om1|rpc:localhost:9872|priority:0], old=null, confs=<EMPTY_MAP>
2021-08-11 09:32:44,989 [pool-107-thread-1] INFO  server.RaftServerConfigKeys (ConfUtils.java:logGet(44)) - raft.server.storage.dir = [/home/runner/work/ozone/ozone/hadoop-ozone/integration-test/target/test-dir/MiniOzoneClusterImpl-79444004-0aa8-43fe-bb54-6fbc032fba86/ozone-meta/ratis] (custom)
2021-08-11 09:32:44,989 [pool-107-thread-1] INFO  server.RaftServerConfigKeys (ConfUtils.java:logGet(44)) - raft.server.log.corruption.policy = EXCEPTION (default)
2021-08-11 09:32:44,989 [pool-107-thread-1] INFO  server.RaftServerConfigKeys (ConfUtils.java:logGet(44)) - raft.server.storage.free-space.min = 0MB (=0) (default)
2021-08-11 09:32:44,989 [pool-107-thread-1] INFO  storage.RaftStorageDirectory (RaftStorageDirectoryImpl.java:analyzeStorage(135)) - The storage directory /home/runner/work/ozone/ozone/hadoop-ozone/integration-test/target/test-dir/MiniOzoneClusterImpl-79444004-0aa8-43fe-bb54-6fbc032fba86/ozone-meta/ratis/bf265839-605b-3f16-9796-c5ba1605619e does not exist. Creating ...
2021-08-11 09:32:44,990 [Socket Reader #1 for port 0] INFO  ipc.Server (Server.java:run(1265)) - Starting Socket Reader #1 for port 0
2021-08-11 09:32:44,999 [pool-107-thread-1] INFO  storage.RaftStorageDirectory (RaftStorageDirectoryImpl.java:tryLock(230)) - Lock on /home/runner/work/ozone/ozone/hadoop-ozone/integration-test/target/test-dir/MiniOzoneClusterImpl-79444004-0aa8-43fe-bb54-6fbc032fba86/ozone-meta/ratis/bf265839-605b-3f16-9796-c5ba1605619e/in_use.lock acquired by nodename 27974@fv-az116-101
2021-08-11 09:32:45,001 [pool-107-thread-1] INFO  storage.RaftStorage (RaftStorageImpl.java:format(89)) - Storage directory /home/runner/work/ozone/ozone/hadoop-ozone/integration-test/target/test-dir/MiniOzoneClusterImpl-79444004-0aa8-43fe-bb54-6fbc032fba86/ozone-meta/ratis/bf265839-605b-3f16-9796-c5ba1605619e has been successfully formatted.
2021-08-11 09:32:45,001 [pool-107-thread-1] INFO  server.RaftServerConfigKeys (ConfUtils.java:logGet(44)) - raft.server.notification.no-leader.timeout = 120s (custom)
2021-08-11 09:32:45,002 [pool-107-thread-1] INFO  server.RaftServerConfigKeys (ConfUtils.java:logGet(44)) - raft.server.log.use.memory = false (default)
2021-08-11 09:32:45,002 [pool-107-thread-1] INFO  server.RaftServerConfigKeys (ConfUtils.java:logGet(44)) - raft.server.log.purge.gap = 1000000 (custom)
2021-08-11 09:32:45,002 [pool-107-thread-1] INFO  server.RaftServerConfigKeys (ConfUtils.java:logGet(44)) - raft.server.log.appender.buffer.byte-limit = 33554432 (custom)
2021-08-11 09:32:45,002 [pool-107-thread-1] INFO  server.RaftServerConfigKeys (ConfUtils.java:logGet(44)) - raft.server.log.segment.size.max = 4194304 (custom)
2021-08-11 09:32:45,003 [pool-107-thread-1] INFO  server.RaftServerConfigKeys (ConfUtils.java:logGet(44)) - raft.server.log.segment.cache.num.max = 2 (custom)
2021-08-11 09:32:45,003 [pool-107-thread-1] INFO  server.RaftServerConfigKeys (ConfUtils.java:logGet(44)) - raft.server.log.segment.cache.size.max = 200MB (=209715200) (default)
2021-08-11 09:32:45,003 [pool-107-thread-1] INFO  segmented.SegmentedRaftLogWorker (SegmentedRaftLogWorker.java:<init>(182)) - new om1@group-C5BA1605619E-SegmentedRaftLogWorker for RaftStorageImpl:Storage Directory /home/runner/work/ozone/ozone/hadoop-ozone/integration-test/target/test-dir/MiniOzoneClusterImpl-79444004-0aa8-43fe-bb54-6fbc032fba86/ozone-meta/ratis/bf265839-605b-3f16-9796-c5ba1605619e
2021-08-11 09:32:45,003 [pool-107-thread-1] INFO  server.RaftServerConfigKeys (ConfUtils.java:logGet(44)) - raft.server.log.queue.byte-limit = 64MB (=67108864) (default)
2021-08-11 09:32:45,003 [pool-107-thread-1] INFO  server.RaftServerConfigKeys (ConfUtils.java:logGet(44)) - raft.server.log.queue.element-limit = 4096 (default)
2021-08-11 09:32:45,003 [pool-107-thread-1] INFO  server.RaftServerConfigKeys (ConfUtils.java:logGet(44)) - raft.server.log.segment.size.max = 4194304 (custom)
2021-08-11 09:32:45,003 [pool-107-thread-1] INFO  server.RaftServerConfigKeys (ConfUtils.java:logGet(44)) - raft.server.log.preallocated.size = 4194304 (custom)
2021-08-11 09:32:45,003 [pool-107-thread-1] INFO  server.RaftServerConfigKeys (ConfUtils.java:logGet(44)) - raft.server.log.force.sync.num = 128 (default)
2021-08-11 09:32:45,003 [pool-107-thread-1] INFO  server.RaftServerConfigKeys (ConfUtils.java:logGet(44)) - raft.server.log.statemachine.data.sync = true (default)
2021-08-11 09:32:45,003 [pool-107-thread-1] INFO  server.RaftServerConfigKeys (ConfUtils.java:logGet(44)) - raft.server.log.statemachine.data.sync.timeout = 10s (default)
2021-08-11 09:32:45,003 [pool-107-thread-1] INFO  server.RaftServerConfigKeys (ConfUtils.java:logGet(44)) - raft.server.log.statemachine.data.sync.timeout.retry = -1 (default)
2021-08-11 09:32:45,005 [pool-107-thread-1] INFO  server.RaftServerConfigKeys (ConfUtils.java:logGet(44)) - raft.server.log.write.buffer.size = 64KB (=65536) (default)
2021-08-11 09:32:45,005 [pool-107-thread-1] INFO  server.RaftServerConfigKeys (ConfUtils.java:logGet(44)) - raft.server.log.statemachine.data.caching.enabled = false (default)
2021-08-11 09:32:45,005 [pool-107-thread-1] INFO  segmented.SegmentedRaftLogWorker (SegmentedRaftLogWorker.java:lambda$new$0(133)) - om1@group-C5BA1605619E-SegmentedRaftLogWorker: flushIndex: setUnconditionally 0 -> -1
2021-08-11 09:32:45,005 [pool-107-thread-1] INFO  segmented.SegmentedRaftLogWorker (SegmentedRaftLogWorker.java:lambda$new$0(133)) - om1@group-C5BA1605619E-SegmentedRaftLogWorker: safeCacheEvictIndex: setUnconditionally 0 -> -1
2021-08-11 09:32:45,016 [pool-107-thread-1] INFO  server.RaftServerConfigKeys (ConfUtils.java:logGet(44)) - raft.server.snapshot.auto.trigger.enabled = true (custom)
2021-08-11 09:32:45,016 [pool-107-thread-1] INFO  server.RaftServerConfigKeys (ConfUtils.java:logGet(44)) - raft.server.snapshot.auto.trigger.threshold = 400000 (default)
2021-08-11 09:32:45,016 [pool-107-thread-1] INFO  server.RaftServerConfigKeys (ConfUtils.java:logGet(44)) - raft.server.snapshot.retention.file.num = -1 (default)
2021-08-11 09:32:45,016 [pool-107-thread-1] INFO  server.RaftServerConfigKeys (ConfUtils.java:logGet(44)) - raft.server.log.purge.upto.snapshot.index = true (custom)
2021-08-11 09:32:45,016 [pool-107-thread-1] INFO  server.RaftServerConfigKeys (ConfUtils.java:logGet(44)) - raft.server.retrycache.expirytime = 300s (custom)
2021-08-11 09:32:45,016 [pool-107-thread-1] INFO  server.RaftServerConfigKeys (ConfUtils.java:logGet(44)) - raft.server.retrycache.statistics.expirytime = 100μs (default)
2021-08-11 09:32:45,037 [Listener at 127.0.0.1/44993] INFO  om.OzoneManager (OzoneManager.java:initFSOLayout(4321)) - Configured ozone.om.metadata.layout=SIMPLE and disabled optimized OM FS operations
2021-08-11 09:32:45,038 [Listener at 127.0.0.1/44993] INFO  impl.MetricsSystemImpl (MetricsSystemImpl.java:init(158)) - OzoneManager metrics system started (again)
2021-08-11 09:32:45,058 [Listener at 127.0.0.1/44993] INFO  om.OzoneManager (OzoneManager.java:start(1270)) - OzoneManager RPC server is listening at localhost/127.0.0.1:44993
2021-08-11 09:32:45,058 [Listener at 127.0.0.1/44993] INFO  ratis.OzoneManagerRatisServer (OzoneManagerRatisServer.java:start(516)) - Starting OzoneManagerRatisServer om1 at port 9872
2021-08-11 09:32:45,058 [Listener at 127.0.0.1/44993] INFO  server.RaftServer$Division (RaftServerImpl.java:start(296)) - om1@group-C5BA1605619E: start as a follower, conf=-1: [om1|rpc:localhost:9872|priority:0], old=null
2021-08-11 09:32:45,058 [Listener at 127.0.0.1/44993] INFO  server.RaftServer$Division (RaftServerImpl.java:setRole(285)) - om1@group-C5BA1605619E: changes role from      null to FOLLOWER at term 0 for startAsFollower
2021-08-11 09:32:45,059 [Listener at 127.0.0.1/44993] INFO  impl.RoleInfo (RoleInfo.java:updateAndGet(130)) - om1: start om1@group-C5BA1605619E-FollowerState
2021-08-11 09:32:45,059 [Listener at 127.0.0.1/44993] INFO  util.JmxRegister (JmxRegister.java:tryRegister(44)) - Successfully registered JMX Bean with object name Ratis:service=RaftServer,group=group-C5BA1605619E,id=om1
2021-08-11 09:32:45,060 [Listener at 127.0.0.1/44993] INFO  server.RaftServer (RaftServerProxy.java:lambda$start$5(374)) - om1: start RPC server
2021-08-11 09:32:45,073 [Listener at 127.0.0.1/44993] INFO  server.GrpcService (GrpcService.java:startImpl(253)) - om1: GrpcService started, listening on 9872
2021-08-11 09:32:45,074 [Listener at 127.0.0.1/44993] INFO  om.OzoneManager (OzoneManager.java:start(1288)) - Version File has different layout version (0) than OM DB (null). That is expected if this OM has never been finalized to a newer layout version.
2021-08-11 09:32:45,074 [org.apache.ratis.util.JvmPauseMonitor$$Lambda$531/1810552158@69bbeca1] INFO  util.JvmPauseMonitor (JvmPauseMonitor.java:run(103)) - JvmPauseMonitor-om1: Started
2021-08-11 09:32:45,078 [Listener at 127.0.0.1/44993] INFO  http.BaseHttpServer (BaseHttpServer.java:newHttpServer2BuilderForOzone(209)) - Starting Web-server for ozoneManager at: http://0.0.0.0:0
2021-08-11 09:32:45,078 [Listener at 127.0.0.1/44993] INFO  http.BaseHttpServer (BaseHttpServer.java:<init>(107)) - Hadoop Security Enabled: false Ozone Security Enabled: false Ozone HTTP Security Enabled: false 
2021-08-11 09:32:45,079 [Listener at 127.0.0.1/44993] INFO  server.AuthenticationFilter (AuthenticationFilter.java:constructSecretProvider(240)) - Unable to initialize FileSignerSecretProvider, falling back to use random secrets.
2021-08-11 09:32:45,093 [Listener at 127.0.0.1/44993] WARN  http.HttpRequestLog (HttpRequestLog.java:getRequestLog(103)) - Jetty request log can only be enabled using Log4j
2021-08-11 09:32:45,094 [Listener at 127.0.0.1/44993] INFO  http.HttpServer2 (HttpServer2.java:addGlobalFilter(1020)) - Added global filter 'safety' (class=org.apache.hadoop.hdds.server.http.HttpServer2$QuotingInputFilter)
2021-08-11 09:32:45,095 [Listener at 127.0.0.1/44993] INFO  http.HttpServer2 (HttpServer2.java:addFilter(996)) - Added filter static_user_filter (class=org.apache.hadoop.http.lib.StaticUserWebFilter$StaticUserFilter) to context ozoneManager
2021-08-11 09:32:45,095 [Listener at 127.0.0.1/44993] INFO  http.HttpServer2 (HttpServer2.java:addFilter(1004)) - Added filter static_user_filter (class=org.apache.hadoop.http.lib.StaticUserWebFilter$StaticUserFilter) to context logs
2021-08-11 09:32:45,096 [Listener at 127.0.0.1/44993] INFO  http.HttpServer2 (HttpServer2.java:addFilter(1004)) - Added filter static_user_filter (class=org.apache.hadoop.http.lib.StaticUserWebFilter$StaticUserFilter) to context static
2021-08-11 09:32:45,096 [Listener at 127.0.0.1/44993] INFO  http.HttpServer2 (HttpServer2.java:bindListener(1239)) - Jetty bound to port 36817
2021-08-11 09:32:45,096 [Listener at 127.0.0.1/44993] INFO  server.Server (Server.java:doStart(375)) - jetty-9.4.43.v20210629; built: 2021-06-30T11:07:22.254Z; git: 526006ecfa3af7f1a27ef3a288e2bef7ea9dd7e8; jvm 1.8.0_292-b10
2021-08-11 09:32:45,109 [Listener at 127.0.0.1/44993] INFO  server.session (DefaultSessionIdManager.java:doStart(334)) - DefaultSessionIdManager workerName=node0
2021-08-11 09:32:45,109 [Listener at 127.0.0.1/44993] INFO  server.session (DefaultSessionIdManager.java:doStart(339)) - No SessionScavenger set, using defaults
2021-08-11 09:32:45,110 [Listener at 127.0.0.1/44993] INFO  server.session (HouseKeeper.java:startScavenging(132)) - node0 Scavenging every 660000ms
2021-08-11 09:32:45,114 [Listener at 127.0.0.1/44993] INFO  handler.ContextHandler (ContextHandler.java:doStart(915)) - Started o.e.j.s.ServletContextHandler@4506b582{logs,/logs,file:///home/runner/work/ozone/ozone/hadoop-ozone/integration-test/target/log,AVAILABLE}
2021-08-11 09:32:45,114 [Listener at 127.0.0.1/44993] INFO  handler.ContextHandler (ContextHandler.java:doStart(915)) - Started o.e.j.s.ServletContextHandler@327247bc{static,/static,file:///home/runner/work/ozone/ozone/hadoop-ozone/integration-test/target/test-classes/webapps/static,AVAILABLE}
2021-08-11 09:32:45,119 [Listener at 127.0.0.1/44993] INFO  handler.ContextHandler (ContextHandler.java:doStart(915)) - Started o.e.j.w.WebAppContext@6719a63f{ozoneManager,/,file:///home/runner/work/ozone/ozone/hadoop-ozone/integration-test/target/test-classes/webapps/ozoneManager/,AVAILABLE}{file:/home/runner/work/ozone/ozone/hadoop-ozone/integration-test/target/test-classes/webapps/ozoneManager}
2021-08-11 09:32:45,126 [Listener at 127.0.0.1/44993] INFO  server.AbstractConnector (AbstractConnector.java:doStart(331)) - Started ServerConnector@1fe00145{HTTP/1.1, (http/1.1)}{0.0.0.0:36817}
2021-08-11 09:32:45,126 [Listener at 127.0.0.1/44993] INFO  server.Server (Server.java:doStart(415)) - Started @23861ms
2021-08-11 09:32:45,126 [Listener at 127.0.0.1/44993] WARN  impl.MetricsSystemImpl (MetricsSystemImpl.java:register(279)) - Sink prometheus already exists!
2021-08-11 09:32:45,127 [Listener at 127.0.0.1/44993] INFO  http.BaseHttpServer (BaseHttpServer.java:updateConnectorAddress(329)) - HTTP server of ozoneManager listening at http://0.0.0.0:36817
2021-08-11 09:32:45,134 [IPC Server Responder] INFO  ipc.Server (Server.java:run(1507)) - IPC Server Responder: starting
2021-08-11 09:32:45,135 [IPC Server listener on 0] INFO  ipc.Server (Server.java:run(1344)) - IPC Server listener on 0: starting
2021-08-11 09:32:45,144 [Listener at 127.0.0.1/44993] INFO  om.OzoneManager (OzoneManager.java:startTrashEmptier(1531)) - Trash Interval set to 0. Files deleted will not move to trash
2021-08-11 09:32:45,161 [org.apache.hadoop.util.JvmPauseMonitor$Monitor@4feb1378] INFO  util.JvmPauseMonitor (JvmPauseMonitor.java:run(188)) - Starting JVM pause monitor
2021-08-11 09:32:45,175 [Listener at 127.0.0.1/44993] WARN  impl.MetricRegistriesImpl (MetricRegistriesImpl.java:addReporterRegistration(111)) - New reporters are added after registries were created. Some metrics will be missing from the reporter. Please add reporter before adding any new registry.
2021-08-11 09:32:45,176 [Listener at 127.0.0.1/44993] WARN  impl.MetricRegistriesImpl (MetricRegistriesImpl.java:addReporterRegistration(111)) - New reporters are added after registries were created. Some metrics will be missing from the reporter. Please add reporter before adding any new registry.
2021-08-11 09:32:45,176 [Listener at 127.0.0.1/44993] INFO  impl.MetricsSystemImpl (MetricsSystemImpl.java:init(158)) - HddsDatanode metrics system started (again)
2021-08-11 09:32:45,211 [Listener at 127.0.0.1/44993] INFO  ozone.HddsDatanodeService (HddsDatanodeService.java:start(234)) - HddsDatanodeService host:fv-az116-101.vzw04321ajxubdbcnpick5nqva.xx.internal.cloudapp.net ip:10.1.0.72
2021-08-11 09:32:45,240 [Listener at 127.0.0.1/44993] INFO  upgrade.AbstractLayoutVersionManager (AbstractLayoutVersionManager.java:init(70)) - Initializing Layout version manager with metadata layout = SCM_HA (version = 2), software layout = SCM_HA (version = 2)
2021-08-11 09:32:45,303 [Listener at 127.0.0.1/44993] INFO  reflections.Reflections (Reflections.java:scan(232)) - Reflections took 60 ms to scan 7 urls, producing 120 keys and 275 values 
2021-08-11 09:32:45,319 [Listener at 127.0.0.1/44993] INFO  volume.HddsVolume (HddsVolume.java:<init>(120)) - Creating HddsVolume: /home/runner/work/ozone/ozone/hadoop-ozone/integration-test/target/test-dir/MiniOzoneClusterImpl-79444004-0aa8-43fe-bb54-6fbc032fba86/datanode-0/data-0/containers/hdds of storage type : DISK capacity : 9223372036854775807
2021-08-11 09:32:45,319 [Listener at 127.0.0.1/44993] INFO  volume.MutableVolumeSet (MutableVolumeSet.java:initializeVolumeSet(181)) - Added Volume : /home/runner/work/ozone/ozone/hadoop-ozone/integration-test/target/test-dir/MiniOzoneClusterImpl-79444004-0aa8-43fe-bb54-6fbc032fba86/datanode-0/data-0/containers/hdds to VolumeSet
2021-08-11 09:32:45,319 [Listener at 127.0.0.1/44993] INFO  volume.ThrottledAsyncChecker (ThrottledAsyncChecker.java:schedule(141)) - Scheduling a check for /home/runner/work/ozone/ozone/hadoop-ozone/integration-test/target/test-dir/MiniOzoneClusterImpl-79444004-0aa8-43fe-bb54-6fbc032fba86/datanode-0/data-0/containers/hdds
2021-08-11 09:32:45,321 [Listener at 127.0.0.1/44993] INFO  volume.StorageVolumeChecker (StorageVolumeChecker.java:checkAllVolumes(202)) - Scheduled health check for volume /home/runner/work/ozone/ozone/hadoop-ozone/integration-test/target/test-dir/MiniOzoneClusterImpl-79444004-0aa8-43fe-bb54-6fbc032fba86/datanode-0/data-0/containers/hdds
2021-08-11 09:32:45,340 [Listener at 127.0.0.1/44993] INFO  volume.MutableVolumeSet (MutableVolumeSet.java:initializeVolumeSet(181)) - Added Volume : /home/runner/work/ozone/ozone/hadoop-ozone/integration-test/target/test-dir/MiniOzoneClusterImpl-79444004-0aa8-43fe-bb54-6fbc032fba86/datanode-0/data/ratis to VolumeSet
2021-08-11 09:32:45,340 [Listener at 127.0.0.1/44993] INFO  volume.ThrottledAsyncChecker (ThrottledAsyncChecker.java:schedule(141)) - Scheduling a check for /home/runner/work/ozone/ozone/hadoop-ozone/integration-test/target/test-dir/MiniOzoneClusterImpl-79444004-0aa8-43fe-bb54-6fbc032fba86/datanode-0/data/ratis
2021-08-11 09:32:45,340 [Listener at 127.0.0.1/44993] INFO  volume.StorageVolumeChecker (StorageVolumeChecker.java:checkAllVolumes(202)) - Scheduled health check for volume /home/runner/work/ozone/ozone/hadoop-ozone/integration-test/target/test-dir/MiniOzoneClusterImpl-79444004-0aa8-43fe-bb54-6fbc032fba86/datanode-0/data/ratis
2021-08-11 09:32:45,354 [Listener at 127.0.0.1/44993] INFO  ozoneimpl.ContainerReader (ContainerReader.java:<init>(98)) - Running in upgrade mode:true
2021-08-11 09:32:45,354 [Thread-282] INFO  ozoneimpl.ContainerReader (ContainerReader.java:readVolume(142)) - Start to verify containers on volume /home/runner/work/ozone/ozone/hadoop-ozone/integration-test/target/test-dir/MiniOzoneClusterImpl-79444004-0aa8-43fe-bb54-6fbc032fba86/datanode-0/data-0/containers/hdds
2021-08-11 09:32:45,354 [Thread-282] INFO  ozoneimpl.ContainerReader (ContainerReader.java:readVolume(174)) - Finish verifying containers on volume /home/runner/work/ozone/ozone/hadoop-ozone/integration-test/target/test-dir/MiniOzoneClusterImpl-79444004-0aa8-43fe-bb54-6fbc032fba86/datanode-0/data-0/containers/hdds
2021-08-11 09:32:45,354 [Listener at 127.0.0.1/44993] INFO  ozoneimpl.OzoneContainer (OzoneContainer.java:buildContainerSet(237)) - Build ContainerSet costs 0s
2021-08-11 09:32:45,358 [Listener at 127.0.0.1/44993] INFO  server.RaftServer (ConfUtils.java:logGet(44)) - raft.rpc.type = GRPC (default)
2021-08-11 09:32:45,358 [Listener at 127.0.0.1/44993] INFO  grpc.GrpcFactory (GrpcFactory.java:checkPooledByteBufAllocatorUseCacheForAllThreads(48)) - PERFORMANCE WARNING: useCacheForAllThreads is true that may cause Netty to create a lot garbage objects and, as a result, trigger GC.
	It is recommended to disable useCacheForAllThreads by setting -Dorg.apache.ratis.thirdparty.io.netty.allocator.useCacheForAllThreads=false in command line.
2021-08-11 09:32:45,359 [Listener at 127.0.0.1/44993] INFO  grpc.GrpcConfigKeys (ConfUtils.java:logGet(44)) - raft.grpc.admin.port = 0 (custom)
2021-08-11 09:32:45,359 [Listener at 127.0.0.1/44993] INFO  grpc.GrpcConfigKeys (ConfUtils.java:logGet(44)) - raft.grpc.client.port = 0 (custom)
2021-08-11 09:32:45,359 [Listener at 127.0.0.1/44993] INFO  grpc.GrpcConfigKeys (ConfUtils.java:logGet(44)) - raft.grpc.server.port = 0 (default)
2021-08-11 09:32:45,359 [Listener at 127.0.0.1/44993] INFO  server.GrpcService (ConfUtils.java:logGet(44)) - raft.grpc.message.size.max = 32MB (=33554432) (custom)
2021-08-11 09:32:45,359 [Listener at 127.0.0.1/44993] INFO  server.RaftServerConfigKeys (ConfUtils.java:logGet(44)) - raft.server.log.appender.buffer.byte-limit = 33554432 (custom)
2021-08-11 09:32:45,359 [Listener at 127.0.0.1/44993] INFO  server.GrpcService (ConfUtils.java:logGet(44)) - raft.grpc.flow.control.window = 5MB (=5242880) (custom)
2021-08-11 09:32:45,359 [Listener at 127.0.0.1/44993] INFO  server.RaftServerConfigKeys (ConfUtils.java:logGet(44)) - raft.server.rpc.request.timeout = 60s (custom)
2021-08-11 09:32:45,361 [Listener at 127.0.0.1/44993] INFO  impl.DataStreamServerImpl (ConfUtils.java:logGet(44)) - raft.datastream.type = DISABLED (default)
2021-08-11 09:32:45,361 [Listener at 127.0.0.1/44993] INFO  server.RaftServerConfigKeys (ConfUtils.java:logGet(44)) - raft.server.rpc.slowness.timeout = 300s (custom)
2021-08-11 09:32:45,361 [Listener at 127.0.0.1/44993] INFO  server.RaftServerConfigKeys (ConfUtils.java:logGet(44)) - raft.server.leaderelection.leader.step-down.wait-time = 10s (default)
2021-08-11 09:32:45,363 [Listener at 127.0.0.1/44993] INFO  server.RaftServerConfigKeys (ConfUtils.java:logGet(44)) - raft.server.storage.dir = [/home/runner/work/ozone/ozone/hadoop-ozone/integration-test/target/test-dir/MiniOzoneClusterImpl-79444004-0aa8-43fe-bb54-6fbc032fba86/datanode-0/data/ratis] (custom)
2021-08-11 09:32:45,369 [Listener at 127.0.0.1/44993] INFO  http.BaseHttpServer (BaseHttpServer.java:newHttpServer2BuilderForOzone(209)) - Starting Web-server for hddsDatanode at: http://0.0.0.0:0
2021-08-11 09:32:45,369 [Listener at 127.0.0.1/44993] INFO  http.BaseHttpServer (BaseHttpServer.java:<init>(107)) - Hadoop Security Enabled: false Ozone Security Enabled: false Ozone HTTP Security Enabled: false 
2021-08-11 09:32:45,371 [Listener at 127.0.0.1/44993] INFO  server.AuthenticationFilter (AuthenticationFilter.java:constructSecretProvider(240)) - Unable to initialize FileSignerSecretProvider, falling back to use random secrets.
2021-08-11 09:32:45,371 [Listener at 127.0.0.1/44993] WARN  http.HttpRequestLog (HttpRequestLog.java:getRequestLog(103)) - Jetty request log can only be enabled using Log4j
2021-08-11 09:32:45,372 [Listener at 127.0.0.1/44993] INFO  http.HttpServer2 (HttpServer2.java:addGlobalFilter(1020)) - Added global filter 'safety' (class=org.apache.hadoop.hdds.server.http.HttpServer2$QuotingInputFilter)
2021-08-11 09:32:45,373 [Listener at 127.0.0.1/44993] INFO  http.HttpServer2 (HttpServer2.java:addFilter(996)) - Added filter static_user_filter (class=org.apache.hadoop.http.lib.StaticUserWebFilter$StaticUserFilter) to context hddsDatanode
2021-08-11 09:32:45,373 [Listener at 127.0.0.1/44993] INFO  http.HttpServer2 (HttpServer2.java:addFilter(1004)) - Added filter static_user_filter (class=org.apache.hadoop.http.lib.StaticUserWebFilter$StaticUserFilter) to context static
2021-08-11 09:32:45,373 [Listener at 127.0.0.1/44993] INFO  http.HttpServer2 (HttpServer2.java:addFilter(1004)) - Added filter static_user_filter (class=org.apache.hadoop.http.lib.StaticUserWebFilter$StaticUserFilter) to context logs
2021-08-11 09:32:45,374 [Listener at 127.0.0.1/44993] INFO  http.HttpServer2 (HttpServer2.java:bindListener(1239)) - Jetty bound to port 39995
2021-08-11 09:32:45,374 [Listener at 127.0.0.1/44993] INFO  server.Server (Server.java:doStart(375)) - jetty-9.4.43.v20210629; built: 2021-06-30T11:07:22.254Z; git: 526006ecfa3af7f1a27ef3a288e2bef7ea9dd7e8; jvm 1.8.0_292-b10
2021-08-11 09:32:45,386 [Listener at 127.0.0.1/44993] INFO  server.session (DefaultSessionIdManager.java:doStart(334)) - DefaultSessionIdManager workerName=node0
2021-08-11 09:32:45,386 [Listener at 127.0.0.1/44993] INFO  server.session (DefaultSessionIdManager.java:doStart(339)) - No SessionScavenger set, using defaults
2021-08-11 09:32:45,386 [Listener at 127.0.0.1/44993] INFO  server.session (HouseKeeper.java:startScavenging(132)) - node0 Scavenging every 660000ms
2021-08-11 09:32:45,387 [Listener at 127.0.0.1/44993] INFO  handler.ContextHandler (ContextHandler.java:doStart(915)) - Started o.e.j.s.ServletContextHandler@7eeb14a4{logs,/logs,file:///home/runner/work/ozone/ozone/hadoop-ozone/integration-test/target/log,AVAILABLE}
2021-08-11 09:32:45,387 [Listener at 127.0.0.1/44993] INFO  handler.ContextHandler (ContextHandler.java:doStart(915)) - Started o.e.j.s.ServletContextHandler@2a8b99c1{static,/static,jar:file:/home/runner/.m2/repository/org/apache/ozone/hdds-container-service/1.2.0-SNAPSHOT/hdds-container-service-1.2.0-SNAPSHOT.jar!/webapps/static,AVAILABLE}
2021-08-11 09:32:45,448 [Listener at 127.0.0.1/44993] INFO  handler.ContextHandler (ContextHandler.java:doStart(915)) - Started o.e.j.w.WebAppContext@2f7a64ad{hddsDatanode,/,file:///tmp/jetty-0_0_0_0-39995-hdds-container-service-1_2_0-SNAPSHOT_jar-_-any-4306712016133155309/webapp/,AVAILABLE}{jar:file:/home/runner/.m2/repository/org/apache/ozone/hdds-container-service/1.2.0-SNAPSHOT/hdds-container-service-1.2.0-SNAPSHOT.jar!/webapps/hddsDatanode}
2021-08-11 09:32:45,452 [Listener at 127.0.0.1/44993] INFO  server.AbstractConnector (AbstractConnector.java:doStart(331)) - Started ServerConnector@41eab83d{HTTP/1.1, (http/1.1)}{0.0.0.0:39995}
2021-08-11 09:32:45,452 [Listener at 127.0.0.1/44993] INFO  server.Server (Server.java:doStart(415)) - Started @24187ms
2021-08-11 09:32:45,452 [Listener at 127.0.0.1/44993] WARN  impl.MetricsSystemImpl (MetricsSystemImpl.java:register(279)) - Sink prometheus already exists!
2021-08-11 09:32:45,453 [Listener at 127.0.0.1/44993] INFO  http.BaseHttpServer (BaseHttpServer.java:updateConnectorAddress(329)) - HTTP server of hddsDatanode listening at http://0.0.0.0:39995
2021-08-11 09:32:45,453 [Listener at 127.0.0.1/44993] WARN  impl.MetricRegistriesImpl (MetricRegistriesImpl.java:addReporterRegistration(111)) - New reporters are added after registries were created. Some metrics will be missing from the reporter. Please add reporter before adding any new registry.
2021-08-11 09:32:45,453 [Listener at 127.0.0.1/44993] WARN  impl.MetricRegistriesImpl (MetricRegistriesImpl.java:addReporterRegistration(111)) - New reporters are added after registries were created. Some metrics will be missing from the reporter. Please add reporter before adding any new registry.
2021-08-11 09:32:45,453 [Listener at 127.0.0.1/44993] INFO  impl.MetricsSystemImpl (MetricsSystemImpl.java:init(158)) - HddsDatanode metrics system started (again)
2021-08-11 09:32:45,470 [org.apache.hadoop.util.JvmPauseMonitor$Monitor@2271a027] INFO  util.JvmPauseMonitor (JvmPauseMonitor.java:run(188)) - Starting JVM pause monitor
2021-08-11 09:32:45,484 [Listener at 127.0.0.1/44993] INFO  ozone.HddsDatanodeService (HddsDatanodeService.java:start(234)) - HddsDatanodeService host:fv-az116-101.vzw04321ajxubdbcnpick5nqva.xx.internal.cloudapp.net ip:10.1.0.72
2021-08-11 09:32:45,491 [Datanode State Machine Task Thread - 0] INFO  datanode.InitDatanodeState (InitDatanodeState.java:persistContainerDatanodeDetails(145)) - DatanodeDetails is persisted to /home/runner/work/ozone/ozone/hadoop-ozone/integration-test/target/test-dir/MiniOzoneClusterImpl-79444004-0aa8-43fe-bb54-6fbc032fba86/datanode-0/meta/datanode.id
2021-08-11 09:32:45,518 [Listener at 127.0.0.1/44993] INFO  upgrade.AbstractLayoutVersionManager (AbstractLayoutVersionManager.java:init(70)) - Initializing Layout version manager with metadata layout = SCM_HA (version = 2), software layout = SCM_HA (version = 2)
2021-08-11 09:32:45,595 [Listener at 127.0.0.1/44993] INFO  reflections.Reflections (Reflections.java:scan(232)) - Reflections took 73 ms to scan 7 urls, producing 120 keys and 275 values 
2021-08-11 09:32:45,605 [Listener at 127.0.0.1/44993] INFO  volume.HddsVolume (HddsVolume.java:<init>(120)) - Creating HddsVolume: /home/runner/work/ozone/ozone/hadoop-ozone/integration-test/target/test-dir/MiniOzoneClusterImpl-79444004-0aa8-43fe-bb54-6fbc032fba86/datanode-1/data-0/containers/hdds of storage type : DISK capacity : 9223372036854775807
2021-08-11 09:32:45,605 [Listener at 127.0.0.1/44993] INFO  volume.MutableVolumeSet (MutableVolumeSet.java:initializeVolumeSet(181)) - Added Volume : /home/runner/work/ozone/ozone/hadoop-ozone/integration-test/target/test-dir/MiniOzoneClusterImpl-79444004-0aa8-43fe-bb54-6fbc032fba86/datanode-1/data-0/containers/hdds to VolumeSet
2021-08-11 09:32:45,606 [Listener at 127.0.0.1/44993] INFO  volume.ThrottledAsyncChecker (ThrottledAsyncChecker.java:schedule(141)) - Scheduling a check for /home/runner/work/ozone/ozone/hadoop-ozone/integration-test/target/test-dir/MiniOzoneClusterImpl-79444004-0aa8-43fe-bb54-6fbc032fba86/datanode-1/data-0/containers/hdds
2021-08-11 09:32:45,618 [Listener at 127.0.0.1/44993] INFO  volume.StorageVolumeChecker (StorageVolumeChecker.java:checkAllVolumes(202)) - Scheduled health check for volume /home/runner/work/ozone/ozone/hadoop-ozone/integration-test/target/test-dir/MiniOzoneClusterImpl-79444004-0aa8-43fe-bb54-6fbc032fba86/datanode-1/data-0/containers/hdds
2021-08-11 09:32:45,657 [Listener at 127.0.0.1/44993] INFO  volume.MutableVolumeSet (MutableVolumeSet.java:initializeVolumeSet(181)) - Added Volume : /home/runner/work/ozone/ozone/hadoop-ozone/integration-test/target/test-dir/MiniOzoneClusterImpl-79444004-0aa8-43fe-bb54-6fbc032fba86/datanode-1/data/ratis to VolumeSet
2021-08-11 09:32:45,658 [Listener at 127.0.0.1/44993] INFO  volume.ThrottledAsyncChecker (ThrottledAsyncChecker.java:schedule(141)) - Scheduling a check for /home/runner/work/ozone/ozone/hadoop-ozone/integration-test/target/test-dir/MiniOzoneClusterImpl-79444004-0aa8-43fe-bb54-6fbc032fba86/datanode-1/data/ratis
2021-08-11 09:32:45,658 [Listener at 127.0.0.1/44993] INFO  volume.StorageVolumeChecker (StorageVolumeChecker.java:checkAllVolumes(202)) - Scheduled health check for volume /home/runner/work/ozone/ozone/hadoop-ozone/integration-test/target/test-dir/MiniOzoneClusterImpl-79444004-0aa8-43fe-bb54-6fbc032fba86/datanode-1/data/ratis
2021-08-11 09:32:45,691 [Listener at 127.0.0.1/44993] INFO  ozoneimpl.ContainerReader (ContainerReader.java:<init>(98)) - Running in upgrade mode:true
2021-08-11 09:32:45,693 [Thread-294] INFO  ozoneimpl.ContainerReader (ContainerReader.java:readVolume(142)) - Start to verify containers on volume /home/runner/work/ozone/ozone/hadoop-ozone/integration-test/target/test-dir/MiniOzoneClusterImpl-79444004-0aa8-43fe-bb54-6fbc032fba86/datanode-1/data-0/containers/hdds
2021-08-11 09:32:45,693 [Thread-294] INFO  ozoneimpl.ContainerReader (ContainerReader.java:readVolume(174)) - Finish verifying containers on volume /home/runner/work/ozone/ozone/hadoop-ozone/integration-test/target/test-dir/MiniOzoneClusterImpl-79444004-0aa8-43fe-bb54-6fbc032fba86/datanode-1/data-0/containers/hdds
2021-08-11 09:32:45,693 [Listener at 127.0.0.1/44993] INFO  ozoneimpl.OzoneContainer (OzoneContainer.java:buildContainerSet(237)) - Build ContainerSet costs 0s
2021-08-11 09:32:45,697 [Listener at 127.0.0.1/44993] INFO  server.RaftServer (ConfUtils.java:logGet(44)) - raft.rpc.type = GRPC (default)
2021-08-11 09:32:45,697 [Listener at 127.0.0.1/44993] INFO  grpc.GrpcFactory (GrpcFactory.java:checkPooledByteBufAllocatorUseCacheForAllThreads(48)) - PERFORMANCE WARNING: useCacheForAllThreads is true that may cause Netty to create a lot garbage objects and, as a result, trigger GC.
	It is recommended to disable useCacheForAllThreads by setting -Dorg.apache.ratis.thirdparty.io.netty.allocator.useCacheForAllThreads=false in command line.
2021-08-11 09:32:45,697 [Listener at 127.0.0.1/44993] INFO  grpc.GrpcConfigKeys (ConfUtils.java:logGet(44)) - raft.grpc.admin.port = 0 (custom)
2021-08-11 09:32:45,701 [Listener at 127.0.0.1/44993] INFO  grpc.GrpcConfigKeys (ConfUtils.java:logGet(44)) - raft.grpc.client.port = 0 (custom)
2021-08-11 09:32:45,701 [Listener at 127.0.0.1/44993] INFO  grpc.GrpcConfigKeys (ConfUtils.java:logGet(44)) - raft.grpc.server.port = 0 (default)
2021-08-11 09:32:45,701 [Listener at 127.0.0.1/44993] INFO  server.GrpcService (ConfUtils.java:logGet(44)) - raft.grpc.message.size.max = 32MB (=33554432) (custom)
2021-08-11 09:32:45,703 [Listener at 127.0.0.1/44993] INFO  server.RaftServerConfigKeys (ConfUtils.java:logGet(44)) - raft.server.log.appender.buffer.byte-limit = 33554432 (custom)
2021-08-11 09:32:45,703 [Listener at 127.0.0.1/44993] INFO  server.GrpcService (ConfUtils.java:logGet(44)) - raft.grpc.flow.control.window = 5MB (=5242880) (custom)
2021-08-11 09:32:45,704 [Listener at 127.0.0.1/44993] INFO  server.RaftServerConfigKeys (ConfUtils.java:logGet(44)) - raft.server.rpc.request.timeout = 60s (custom)
2021-08-11 09:32:45,705 [Listener at 127.0.0.1/44993] INFO  impl.DataStreamServerImpl (ConfUtils.java:logGet(44)) - raft.datastream.type = DISABLED (default)
2021-08-11 09:32:45,705 [Listener at 127.0.0.1/44993] INFO  server.RaftServerConfigKeys (ConfUtils.java:logGet(44)) - raft.server.rpc.slowness.timeout = 300s (custom)
2021-08-11 09:32:45,705 [Listener at 127.0.0.1/44993] INFO  server.RaftServerConfigKeys (ConfUtils.java:logGet(44)) - raft.server.leaderelection.leader.step-down.wait-time = 10s (default)
2021-08-11 09:32:45,705 [Listener at 127.0.0.1/44993] INFO  server.RaftServerConfigKeys (ConfUtils.java:logGet(44)) - raft.server.storage.dir = [/home/runner/work/ozone/ozone/hadoop-ozone/integration-test/target/test-dir/MiniOzoneClusterImpl-79444004-0aa8-43fe-bb54-6fbc032fba86/datanode-1/data/ratis] (custom)
2021-08-11 09:32:45,709 [Listener at 127.0.0.1/44993] INFO  http.BaseHttpServer (BaseHttpServer.java:newHttpServer2BuilderForOzone(209)) - Starting Web-server for hddsDatanode at: http://0.0.0.0:0
2021-08-11 09:32:45,709 [Listener at 127.0.0.1/44993] INFO  http.BaseHttpServer (BaseHttpServer.java:<init>(107)) - Hadoop Security Enabled: false Ozone Security Enabled: false Ozone HTTP Security Enabled: false 
2021-08-11 09:32:45,711 [Listener at 127.0.0.1/44993] INFO  server.AuthenticationFilter (AuthenticationFilter.java:constructSecretProvider(240)) - Unable to initialize FileSignerSecretProvider, falling back to use random secrets.
2021-08-11 09:32:45,713 [Listener at 127.0.0.1/44993] WARN  http.HttpRequestLog (HttpRequestLog.java:getRequestLog(103)) - Jetty request log can only be enabled using Log4j
2021-08-11 09:32:45,715 [Listener at 127.0.0.1/44993] INFO  http.HttpServer2 (HttpServer2.java:addGlobalFilter(1020)) - Added global filter 'safety' (class=org.apache.hadoop.hdds.server.http.HttpServer2$QuotingInputFilter)
2021-08-11 09:32:45,716 [Listener at 127.0.0.1/44993] INFO  http.HttpServer2 (HttpServer2.java:addFilter(996)) - Added filter static_user_filter (class=org.apache.hadoop.http.lib.StaticUserWebFilter$StaticUserFilter) to context hddsDatanode
2021-08-11 09:32:45,717 [Listener at 127.0.0.1/44993] INFO  http.HttpServer2 (HttpServer2.java:addFilter(1004)) - Added filter static_user_filter (class=org.apache.hadoop.http.lib.StaticUserWebFilter$StaticUserFilter) to context logs
2021-08-11 09:32:45,717 [Listener at 127.0.0.1/44993] INFO  http.HttpServer2 (HttpServer2.java:addFilter(1004)) - Added filter static_user_filter (class=org.apache.hadoop.http.lib.StaticUserWebFilter$StaticUserFilter) to context static
2021-08-11 09:32:45,717 [Listener at 127.0.0.1/44993] INFO  http.HttpServer2 (HttpServer2.java:bindListener(1239)) - Jetty bound to port 45513
2021-08-11 09:32:45,717 [Listener at 127.0.0.1/44993] INFO  server.Server (Server.java:doStart(375)) - jetty-9.4.43.v20210629; built: 2021-06-30T11:07:22.254Z; git: 526006ecfa3af7f1a27ef3a288e2bef7ea9dd7e8; jvm 1.8.0_292-b10
2021-08-11 09:32:45,729 [Listener at 127.0.0.1/44993] INFO  server.session (DefaultSessionIdManager.java:doStart(334)) - DefaultSessionIdManager workerName=node0
2021-08-11 09:32:45,729 [Listener at 127.0.0.1/44993] INFO  server.session (DefaultSessionIdManager.java:doStart(339)) - No SessionScavenger set, using defaults
2021-08-11 09:32:45,730 [Listener at 127.0.0.1/44993] INFO  server.session (HouseKeeper.java:startScavenging(132)) - node0 Scavenging every 600000ms
2021-08-11 09:32:45,730 [Listener at 127.0.0.1/44993] INFO  handler.ContextHandler (ContextHandler.java:doStart(915)) - Started o.e.j.s.ServletContextHandler@50ac6bdd{logs,/logs,file:///home/runner/work/ozone/ozone/hadoop-ozone/integration-test/target/log,AVAILABLE}
2021-08-11 09:32:45,731 [Listener at 127.0.0.1/44993] INFO  handler.ContextHandler (ContextHandler.java:doStart(915)) - Started o.e.j.s.ServletContextHandler@7a16804{static,/static,jar:file:/home/runner/.m2/repository/org/apache/ozone/hdds-container-service/1.2.0-SNAPSHOT/hdds-container-service-1.2.0-SNAPSHOT.jar!/webapps/static,AVAILABLE}
2021-08-11 09:32:45,784 [Listener at 127.0.0.1/44993] INFO  handler.ContextHandler (ContextHandler.java:doStart(915)) - Started o.e.j.w.WebAppContext@2d4c7f9f{hddsDatanode,/,file:///tmp/jetty-0_0_0_0-45513-hdds-container-service-1_2_0-SNAPSHOT_jar-_-any-6506361036865334348/webapp/,AVAILABLE}{jar:file:/home/runner/.m2/repository/org/apache/ozone/hdds-container-service/1.2.0-SNAPSHOT/hdds-container-service-1.2.0-SNAPSHOT.jar!/webapps/hddsDatanode}
2021-08-11 09:32:45,786 [Listener at 127.0.0.1/44993] INFO  server.AbstractConnector (AbstractConnector.java:doStart(331)) - Started ServerConnector@5ed8d4b9{HTTP/1.1, (http/1.1)}{0.0.0.0:45513}
2021-08-11 09:32:45,786 [Listener at 127.0.0.1/44993] INFO  server.Server (Server.java:doStart(415)) - Started @24521ms
2021-08-11 09:32:45,786 [Listener at 127.0.0.1/44993] WARN  impl.MetricsSystemImpl (MetricsSystemImpl.java:register(279)) - Sink prometheus already exists!
2021-08-11 09:32:45,787 [Listener at 127.0.0.1/44993] INFO  http.BaseHttpServer (BaseHttpServer.java:updateConnectorAddress(329)) - HTTP server of hddsDatanode listening at http://0.0.0.0:45513
2021-08-11 09:32:45,788 [Listener at 127.0.0.1/44993] WARN  impl.MetricRegistriesImpl (MetricRegistriesImpl.java:addReporterRegistration(111)) - New reporters are added after registries were created. Some metrics will be missing from the reporter. Please add reporter before adding any new registry.
2021-08-11 09:32:45,788 [Listener at 127.0.0.1/44993] WARN  impl.MetricRegistriesImpl (MetricRegistriesImpl.java:addReporterRegistration(111)) - New reporters are added after registries were created. Some metrics will be missing from the reporter. Please add reporter before adding any new registry.
2021-08-11 09:32:45,788 [Listener at 127.0.0.1/44993] INFO  impl.MetricsSystemImpl (MetricsSystemImpl.java:init(158)) - HddsDatanode metrics system started (again)
2021-08-11 09:32:45,820 [Listener at 127.0.0.1/44993] INFO  ozone.HddsDatanodeService (HddsDatanodeService.java:start(234)) - HddsDatanodeService host:fv-az116-101.vzw04321ajxubdbcnpick5nqva.xx.internal.cloudapp.net ip:10.1.0.72
2021-08-11 09:32:45,829 [org.apache.hadoop.util.JvmPauseMonitor$Monitor@1fc51b8f] INFO  util.JvmPauseMonitor (JvmPauseMonitor.java:run(188)) - Starting JVM pause monitor
2021-08-11 09:32:45,841 [Datanode State Machine Task Thread - 0] INFO  datanode.InitDatanodeState (InitDatanodeState.java:persistContainerDatanodeDetails(145)) - DatanodeDetails is persisted to /home/runner/work/ozone/ozone/hadoop-ozone/integration-test/target/test-dir/MiniOzoneClusterImpl-79444004-0aa8-43fe-bb54-6fbc032fba86/datanode-1/meta/datanode.id
2021-08-11 09:32:45,864 [Listener at 127.0.0.1/44993] INFO  upgrade.AbstractLayoutVersionManager (AbstractLayoutVersionManager.java:init(70)) - Initializing Layout version manager with metadata layout = SCM_HA (version = 2), software layout = SCM_HA (version = 2)
2021-08-11 09:32:45,940 [Listener at 127.0.0.1/44993] INFO  reflections.Reflections (Reflections.java:scan(232)) - Reflections took 75 ms to scan 7 urls, producing 120 keys and 275 values 
2021-08-11 09:32:45,950 [Listener at 127.0.0.1/44993] INFO  volume.HddsVolume (HddsVolume.java:<init>(120)) - Creating HddsVolume: /home/runner/work/ozone/ozone/hadoop-ozone/integration-test/target/test-dir/MiniOzoneClusterImpl-79444004-0aa8-43fe-bb54-6fbc032fba86/datanode-2/data-0/containers/hdds of storage type : DISK capacity : 9223372036854775807
2021-08-11 09:32:45,950 [Listener at 127.0.0.1/44993] INFO  volume.MutableVolumeSet (MutableVolumeSet.java:initializeVolumeSet(181)) - Added Volume : /home/runner/work/ozone/ozone/hadoop-ozone/integration-test/target/test-dir/MiniOzoneClusterImpl-79444004-0aa8-43fe-bb54-6fbc032fba86/datanode-2/data-0/containers/hdds to VolumeSet
2021-08-11 09:32:45,951 [Listener at 127.0.0.1/44993] INFO  volume.ThrottledAsyncChecker (ThrottledAsyncChecker.java:schedule(141)) - Scheduling a check for /home/runner/work/ozone/ozone/hadoop-ozone/integration-test/target/test-dir/MiniOzoneClusterImpl-79444004-0aa8-43fe-bb54-6fbc032fba86/datanode-2/data-0/containers/hdds
2021-08-11 09:32:45,969 [Listener at 127.0.0.1/44993] INFO  volume.StorageVolumeChecker (StorageVolumeChecker.java:checkAllVolumes(202)) - Scheduled health check for volume /home/runner/work/ozone/ozone/hadoop-ozone/integration-test/target/test-dir/MiniOzoneClusterImpl-79444004-0aa8-43fe-bb54-6fbc032fba86/datanode-2/data-0/containers/hdds
2021-08-11 09:32:45,991 [Listener at 127.0.0.1/44993] INFO  volume.MutableVolumeSet (MutableVolumeSet.java:initializeVolumeSet(181)) - Added Volume : /home/runner/work/ozone/ozone/hadoop-ozone/integration-test/target/test-dir/MiniOzoneClusterImpl-79444004-0aa8-43fe-bb54-6fbc032fba86/datanode-2/data/ratis to VolumeSet
2021-08-11 09:32:45,992 [Listener at 127.0.0.1/44993] INFO  volume.ThrottledAsyncChecker (ThrottledAsyncChecker.java:schedule(141)) - Scheduling a check for /home/runner/work/ozone/ozone/hadoop-ozone/integration-test/target/test-dir/MiniOzoneClusterImpl-79444004-0aa8-43fe-bb54-6fbc032fba86/datanode-2/data/ratis
2021-08-11 09:32:45,992 [Listener at 127.0.0.1/44993] INFO  volume.StorageVolumeChecker (StorageVolumeChecker.java:checkAllVolumes(202)) - Scheduled health check for volume /home/runner/work/ozone/ozone/hadoop-ozone/integration-test/target/test-dir/MiniOzoneClusterImpl-79444004-0aa8-43fe-bb54-6fbc032fba86/datanode-2/data/ratis
2021-08-11 09:32:46,032 [Listener at 127.0.0.1/44993] INFO  ozoneimpl.ContainerReader (ContainerReader.java:<init>(98)) - Running in upgrade mode:true
2021-08-11 09:32:46,045 [Thread-306] INFO  ozoneimpl.ContainerReader (ContainerReader.java:readVolume(142)) - Start to verify containers on volume /home/runner/work/ozone/ozone/hadoop-ozone/integration-test/target/test-dir/MiniOzoneClusterImpl-79444004-0aa8-43fe-bb54-6fbc032fba86/datanode-2/data-0/containers/hdds
2021-08-11 09:32:46,045 [Thread-306] INFO  ozoneimpl.ContainerReader (ContainerReader.java:readVolume(174)) - Finish verifying containers on volume /home/runner/work/ozone/ozone/hadoop-ozone/integration-test/target/test-dir/MiniOzoneClusterImpl-79444004-0aa8-43fe-bb54-6fbc032fba86/datanode-2/data-0/containers/hdds
2021-08-11 09:32:46,046 [Listener at 127.0.0.1/44993] INFO  ozoneimpl.OzoneContainer (OzoneContainer.java:buildContainerSet(237)) - Build ContainerSet costs 0s
2021-08-11 09:32:46,049 [Listener at 127.0.0.1/44993] INFO  server.RaftServer (ConfUtils.java:logGet(44)) - raft.rpc.type = GRPC (default)
2021-08-11 09:32:46,049 [Listener at 127.0.0.1/44993] INFO  grpc.GrpcFactory (GrpcFactory.java:checkPooledByteBufAllocatorUseCacheForAllThreads(48)) - PERFORMANCE WARNING: useCacheForAllThreads is true that may cause Netty to create a lot garbage objects and, as a result, trigger GC.
	It is recommended to disable useCacheForAllThreads by setting -Dorg.apache.ratis.thirdparty.io.netty.allocator.useCacheForAllThreads=false in command line.
2021-08-11 09:32:46,049 [Listener at 127.0.0.1/44993] INFO  grpc.GrpcConfigKeys (ConfUtils.java:logGet(44)) - raft.grpc.admin.port = 0 (custom)
2021-08-11 09:32:46,049 [Listener at 127.0.0.1/44993] INFO  grpc.GrpcConfigKeys (ConfUtils.java:logGet(44)) - raft.grpc.client.port = 0 (custom)
2021-08-11 09:32:46,049 [Listener at 127.0.0.1/44993] INFO  grpc.GrpcConfigKeys (ConfUtils.java:logGet(44)) - raft.grpc.server.port = 0 (default)
2021-08-11 09:32:46,049 [Listener at 127.0.0.1/44993] INFO  server.GrpcService (ConfUtils.java:logGet(44)) - raft.grpc.message.size.max = 32MB (=33554432) (custom)
2021-08-11 09:32:46,049 [Listener at 127.0.0.1/44993] INFO  server.RaftServerConfigKeys (ConfUtils.java:logGet(44)) - raft.server.log.appender.buffer.byte-limit = 33554432 (custom)
2021-08-11 09:32:46,050 [Listener at 127.0.0.1/44993] INFO  server.GrpcService (ConfUtils.java:logGet(44)) - raft.grpc.flow.control.window = 5MB (=5242880) (custom)
2021-08-11 09:32:46,050 [Listener at 127.0.0.1/44993] INFO  server.RaftServerConfigKeys (ConfUtils.java:logGet(44)) - raft.server.rpc.request.timeout = 60s (custom)
2021-08-11 09:32:46,051 [Listener at 127.0.0.1/44993] INFO  impl.DataStreamServerImpl (ConfUtils.java:logGet(44)) - raft.datastream.type = DISABLED (default)
2021-08-11 09:32:46,051 [Listener at 127.0.0.1/44993] INFO  server.RaftServerConfigKeys (ConfUtils.java:logGet(44)) - raft.server.rpc.slowness.timeout = 300s (custom)
2021-08-11 09:32:46,051 [Listener at 127.0.0.1/44993] INFO  server.RaftServerConfigKeys (ConfUtils.java:logGet(44)) - raft.server.leaderelection.leader.step-down.wait-time = 10s (default)
2021-08-11 09:32:46,051 [Listener at 127.0.0.1/44993] INFO  server.RaftServerConfigKeys (ConfUtils.java:logGet(44)) - raft.server.storage.dir = [/home/runner/work/ozone/ozone/hadoop-ozone/integration-test/target/test-dir/MiniOzoneClusterImpl-79444004-0aa8-43fe-bb54-6fbc032fba86/datanode-2/data/ratis] (custom)
2021-08-11 09:32:46,063 [Listener at 127.0.0.1/44993] INFO  http.BaseHttpServer (BaseHttpServer.java:newHttpServer2BuilderForOzone(209)) - Starting Web-server for hddsDatanode at: http://0.0.0.0:0
2021-08-11 09:32:46,063 [Listener at 127.0.0.1/44993] INFO  http.BaseHttpServer (BaseHttpServer.java:<init>(107)) - Hadoop Security Enabled: false Ozone Security Enabled: false Ozone HTTP Security Enabled: false 
2021-08-11 09:32:46,067 [Listener at 127.0.0.1/44993] INFO  server.AuthenticationFilter (AuthenticationFilter.java:constructSecretProvider(240)) - Unable to initialize FileSignerSecretProvider, falling back to use random secrets.
2021-08-11 09:32:46,077 [Listener at 127.0.0.1/44993] WARN  http.HttpRequestLog (HttpRequestLog.java:getRequestLog(103)) - Jetty request log can only be enabled using Log4j
2021-08-11 09:32:46,078 [Listener at 127.0.0.1/44993] INFO  http.HttpServer2 (HttpServer2.java:addGlobalFilter(1020)) - Added global filter 'safety' (class=org.apache.hadoop.hdds.server.http.HttpServer2$QuotingInputFilter)
2021-08-11 09:32:46,079 [Listener at 127.0.0.1/44993] INFO  http.HttpServer2 (HttpServer2.java:addFilter(996)) - Added filter static_user_filter (class=org.apache.hadoop.http.lib.StaticUserWebFilter$StaticUserFilter) to context hddsDatanode
2021-08-11 09:32:46,079 [Listener at 127.0.0.1/44993] INFO  http.HttpServer2 (HttpServer2.java:addFilter(1004)) - Added filter static_user_filter (class=org.apache.hadoop.http.lib.StaticUserWebFilter$StaticUserFilter) to context logs
2021-08-11 09:32:46,079 [Listener at 127.0.0.1/44993] INFO  http.HttpServer2 (HttpServer2.java:addFilter(1004)) - Added filter static_user_filter (class=org.apache.hadoop.http.lib.StaticUserWebFilter$StaticUserFilter) to context static
2021-08-11 09:32:46,080 [Listener at 127.0.0.1/44993] INFO  http.HttpServer2 (HttpServer2.java:bindListener(1239)) - Jetty bound to port 35335
2021-08-11 09:32:46,080 [Listener at 127.0.0.1/44993] INFO  server.Server (Server.java:doStart(375)) - jetty-9.4.43.v20210629; built: 2021-06-30T11:07:22.254Z; git: 526006ecfa3af7f1a27ef3a288e2bef7ea9dd7e8; jvm 1.8.0_292-b10
2021-08-11 09:32:46,131 [om1@group-C5BA1605619E-FollowerState] INFO  impl.FollowerState (FollowerState.java:run(134)) - om1@group-C5BA1605619E-FollowerState: change to CANDIDATE, lastRpcElapsedTime:1072511957ns, electionTimeout:1065ms
2021-08-11 09:32:46,131 [om1@group-C5BA1605619E-FollowerState] INFO  impl.RoleInfo (RoleInfo.java:shutdownFollowerState(108)) - om1: shutdown om1@group-C5BA1605619E-FollowerState
2021-08-11 09:32:46,131 [om1@group-C5BA1605619E-FollowerState] INFO  server.RaftServer$Division (RaftServerImpl.java:setRole(285)) - om1@group-C5BA1605619E: changes role from  FOLLOWER to CANDIDATE at term 0 for changeToCandidate
2021-08-11 09:32:46,132 [Listener at 127.0.0.1/44993] INFO  server.session (DefaultSessionIdManager.java:doStart(334)) - DefaultSessionIdManager workerName=node0
2021-08-11 09:32:46,132 [Listener at 127.0.0.1/44993] INFO  server.session (DefaultSessionIdManager.java:doStart(339)) - No SessionScavenger set, using defaults
2021-08-11 09:32:46,132 [Listener at 127.0.0.1/44993] INFO  server.session (HouseKeeper.java:startScavenging(132)) - node0 Scavenging every 660000ms
2021-08-11 09:32:46,138 [Listener at 127.0.0.1/44993] INFO  handler.ContextHandler (ContextHandler.java:doStart(915)) - Started o.e.j.s.ServletContextHandler@207d19e5{logs,/logs,file:///home/runner/work/ozone/ozone/hadoop-ozone/integration-test/target/log,AVAILABLE}
2021-08-11 09:32:46,138 [Listener at 127.0.0.1/44993] INFO  handler.ContextHandler (ContextHandler.java:doStart(915)) - Started o.e.j.s.ServletContextHandler@100582fd{static,/static,jar:file:/home/runner/.m2/repository/org/apache/ozone/hdds-container-service/1.2.0-SNAPSHOT/hdds-container-service-1.2.0-SNAPSHOT.jar!/webapps/static,AVAILABLE}
2021-08-11 09:32:46,141 [om1@group-C5BA1605619E-FollowerState] INFO  server.RaftServerConfigKeys (ConfUtils.java:logGet(44)) - raft.server.leaderelection.pre-vote = false (custom)
2021-08-11 09:32:46,141 [om1@group-C5BA1605619E-FollowerState] INFO  impl.RoleInfo (RoleInfo.java:updateAndGet(130)) - om1: start om1@group-C5BA1605619E-LeaderElection3
2021-08-11 09:32:46,160 [om1@group-C5BA1605619E-LeaderElection3] INFO  impl.LeaderElection (LeaderElection.java:askForVotes(306)) - om1@group-C5BA1605619E-LeaderElection3 ELECTION round 0: submit vote requests at term 1 for -1: [om1|rpc:localhost:9872|priority:0], old=null
2021-08-11 09:32:46,160 [om1@group-C5BA1605619E-LeaderElection3] INFO  impl.LeaderElection (LeaderElection.java:askForVotes(308)) - om1@group-C5BA1605619E-LeaderElection3 ELECTION round 0: result PASSED (term=1)
2021-08-11 09:32:46,160 [om1@group-C5BA1605619E-LeaderElection3] INFO  impl.RoleInfo (RoleInfo.java:shutdownLeaderElection(121)) - om1: shutdown om1@group-C5BA1605619E-LeaderElection3
2021-08-11 09:32:46,160 [om1@group-C5BA1605619E-LeaderElection3] INFO  server.RaftServer$Division (RaftServerImpl.java:setRole(285)) - om1@group-C5BA1605619E: changes role from CANDIDATE to LEADER at term 1 for changeToLeader
2021-08-11 09:32:46,160 [om1@group-C5BA1605619E-LeaderElection3] INFO  server.RaftServer$Division (ServerState.java:setLeader(285)) - om1@group-C5BA1605619E: change Leader from null to om1 at term 1 for becomeLeader, leader elected after 1158ms
2021-08-11 09:32:46,160 [om1@group-C5BA1605619E-LeaderElection3] INFO  server.RaftServerConfigKeys (ConfUtils.java:logGet(44)) - raft.server.staging.catchup.gap = 1000 (default)
2021-08-11 09:32:46,161 [om1@group-C5BA1605619E-LeaderElection3] INFO  server.RaftServerConfigKeys (ConfUtils.java:logGet(44)) - raft.server.write.element-limit = 4096 (default)
2021-08-11 09:32:46,161 [om1@group-C5BA1605619E-LeaderElection3] INFO  server.RaftServerConfigKeys (ConfUtils.java:logGet(44)) - raft.server.write.byte-limit = 64MB (=67108864) (default)
2021-08-11 09:32:46,162 [om1@group-C5BA1605619E-LeaderElection3] INFO  server.RaftServerConfigKeys (ConfUtils.java:logGet(44)) - raft.server.watch.timeout = 10s (default)
2021-08-11 09:32:46,162 [om1@group-C5BA1605619E-LeaderElection3] INFO  server.RaftServerConfigKeys (ConfUtils.java:logGet(44)) - raft.server.watch.timeout.denomination = 1s (default)
2021-08-11 09:32:46,162 [om1@group-C5BA1605619E-LeaderElection3] INFO  server.RaftServerConfigKeys (ConfUtils.java:logGet(44)) - raft.server.watch.element-limit = 65536 (default)
2021-08-11 09:32:46,162 [om1@group-C5BA1605619E-LeaderElection3] INFO  impl.RoleInfo (RoleInfo.java:updateAndGet(130)) - om1: start om1@group-C5BA1605619E-LeaderStateImpl
2021-08-11 09:32:46,162 [om1@group-C5BA1605619E-LeaderElection3] INFO  segmented.SegmentedRaftLogWorker (SegmentedRaftLogWorker.java:startLogSegment(394)) - om1@group-C5BA1605619E-SegmentedRaftLogWorker: Starting segment from index:0
2021-08-11 09:32:46,174 [om1@group-C5BA1605619E-LeaderElection3] INFO  server.RaftServer$Division (ServerState.java:setRaftConf(387)) - om1@group-C5BA1605619E: set configuration 0: [om1|rpc:localhost:9872|admin:|client:|dataStream:|priority:0], old=null
2021-08-11 09:32:46,176 [om1@group-C5BA1605619E-SegmentedRaftLogWorker] INFO  segmented.SegmentedRaftLogWorker (SegmentedRaftLogWorker.java:execute(601)) - om1@group-C5BA1605619E-SegmentedRaftLogWorker: created new log segment /home/runner/work/ozone/ozone/hadoop-ozone/integration-test/target/test-dir/MiniOzoneClusterImpl-79444004-0aa8-43fe-bb54-6fbc032fba86/ozone-meta/ratis/bf265839-605b-3f16-9796-c5ba1605619e/current/log_inprogress_0
2021-08-11 09:32:46,178 [om1@group-C5BA1605619E-StateMachineUpdater] INFO  ratis.OzoneManagerStateMachine (OzoneManagerStateMachine.java:notifyConfigurationChanged(188)) - Received Configuration change notification from Ratis. New Peer list:
[id: "om1"
address: "localhost:9872"
]
2021-08-11 09:32:46,245 [Listener at 127.0.0.1/44993] INFO  handler.ContextHandler (ContextHandler.java:doStart(915)) - Started o.e.j.w.WebAppContext@afc3e43{hddsDatanode,/,file:///tmp/jetty-0_0_0_0-35335-hdds-container-service-1_2_0-SNAPSHOT_jar-_-any-1246593448454194014/webapp/,AVAILABLE}{jar:file:/home/runner/.m2/repository/org/apache/ozone/hdds-container-service/1.2.0-SNAPSHOT/hdds-container-service-1.2.0-SNAPSHOT.jar!/webapps/hddsDatanode}
2021-08-11 09:32:46,247 [Listener at 127.0.0.1/44993] INFO  server.AbstractConnector (AbstractConnector.java:doStart(331)) - Started ServerConnector@25ed9712{HTTP/1.1, (http/1.1)}{0.0.0.0:35335}
2021-08-11 09:32:46,248 [Listener at 127.0.0.1/44993] INFO  server.Server (Server.java:doStart(415)) - Started @24982ms
2021-08-11 09:32:46,248 [Listener at 127.0.0.1/44993] WARN  impl.MetricsSystemImpl (MetricsSystemImpl.java:register(279)) - Sink prometheus already exists!
2021-08-11 09:32:46,248 [Listener at 127.0.0.1/44993] INFO  http.BaseHttpServer (BaseHttpServer.java:updateConnectorAddress(329)) - HTTP server of hddsDatanode listening at http://0.0.0.0:35335
2021-08-11 09:32:46,249 [Listener at 127.0.0.1/44993] INFO  ozone.MiniOzoneClusterImpl (MiniOzoneClusterImpl.java:lambda$waitForClusterToBeReady$0(235)) - Waiting for nodes to be ready. Got 0 of 3 DN Heartbeats.
2021-08-11 09:32:46,249 [Listener at 127.0.0.1/44993] INFO  ozone.MiniOzoneClusterImpl (MiniOzoneClusterImpl.java:lambda$waitForClusterToBeReady$0(238)) - Waiting for cluster to exit safe mode
2021-08-11 09:32:46,253 [Listener at 127.0.0.1/44993] INFO  ozone.MiniOzoneClusterImpl (MiniOzoneClusterImpl.java:lambda$waitForClusterToBeReady$0(240)) - SCM became leader
2021-08-11 09:32:46,277 [org.apache.hadoop.util.JvmPauseMonitor$Monitor@1b2b8be7] INFO  util.JvmPauseMonitor (JvmPauseMonitor.java:run(188)) - Starting JVM pause monitor
2021-08-11 09:32:46,298 [Datanode State Machine Task Thread - 0] INFO  datanode.InitDatanodeState (InitDatanodeState.java:persistContainerDatanodeDetails(145)) - DatanodeDetails is persisted to /home/runner/work/ozone/ozone/hadoop-ozone/integration-test/target/test-dir/MiniOzoneClusterImpl-79444004-0aa8-43fe-bb54-6fbc032fba86/datanode-2/meta/datanode.id
2021-08-11 09:32:47,253 [Listener at 127.0.0.1/44993] INFO  ozone.MiniOzoneClusterImpl (MiniOzoneClusterImpl.java:lambda$waitForClusterToBeReady$0(235)) - Waiting for nodes to be ready. Got 0 of 3 DN Heartbeats.
2021-08-11 09:32:47,253 [Listener at 127.0.0.1/44993] INFO  ozone.MiniOzoneClusterImpl (MiniOzoneClusterImpl.java:lambda$waitForClusterToBeReady$0(238)) - Waiting for cluster to exit safe mode
2021-08-11 09:32:47,253 [Listener at 127.0.0.1/44993] INFO  ozone.MiniOzoneClusterImpl (MiniOzoneClusterImpl.java:lambda$waitForClusterToBeReady$0(240)) - SCM became leader
2021-08-11 09:32:47,508 [EndpointStateMachine task thread for /0.0.0.0:33227 - 0 ] INFO  ozoneimpl.OzoneContainer (OzoneContainer.java:start(305)) - Attempting to start container services.
2021-08-11 09:32:47,509 [EndpointStateMachine task thread for /0.0.0.0:33227 - 0 ] INFO  ozoneimpl.OzoneContainer (OzoneContainer.java:startContainerScrub(250)) - Background container scanner has been disabled.
2021-08-11 09:32:47,510 [EndpointStateMachine task thread for /0.0.0.0:33227 - 0 ] INFO  replication.ReplicationServer (ReplicationServer.java:start(106)) - ReplicationServer is started using port 35917
2021-08-11 09:32:47,510 [EndpointStateMachine task thread for /0.0.0.0:33227 - 0 ] INFO  ratis.XceiverServerRatis (XceiverServerRatis.java:start(482)) - Starting XceiverServerRatis 38f881b7-b275-4c01-b63b-cbadf9a83bb7
2021-08-11 09:32:47,513 [EndpointStateMachine task thread for /0.0.0.0:33227 - 0 ] INFO  server.RaftServer (RaftServerProxy.java:lambda$start$5(374)) - 38f881b7-b275-4c01-b63b-cbadf9a83bb7: start RPC server
2021-08-11 09:32:47,515 [EndpointStateMachine task thread for /0.0.0.0:33227 - 0 ] INFO  server.GrpcService (GrpcService.java:startImpl(253)) - 38f881b7-b275-4c01-b63b-cbadf9a83bb7: GrpcService started, listening on 38245
2021-08-11 09:32:47,517 [EndpointStateMachine task thread for /0.0.0.0:33227 - 0 ] INFO  ratis.XceiverServerRatis (XceiverServerRatis.java:getRealPort(503)) - XceiverServerRatis 38f881b7-b275-4c01-b63b-cbadf9a83bb7 is started using port 38245 for RATIS
2021-08-11 09:32:47,517 [EndpointStateMachine task thread for /0.0.0.0:33227 - 0 ] INFO  ratis.XceiverServerRatis (XceiverServerRatis.java:getRealPort(503)) - XceiverServerRatis 38f881b7-b275-4c01-b63b-cbadf9a83bb7 is started using port 38245 for RATIS_ADMIN
2021-08-11 09:32:47,517 [EndpointStateMachine task thread for /0.0.0.0:33227 - 0 ] INFO  ratis.XceiverServerRatis (XceiverServerRatis.java:getRealPort(503)) - XceiverServerRatis 38f881b7-b275-4c01-b63b-cbadf9a83bb7 is started using port 38245 for RATIS_SERVER
2021-08-11 09:32:47,526 [EndpointStateMachine task thread for /0.0.0.0:33227 - 0 ] INFO  server.XceiverServerGrpc (XceiverServerGrpc.java:start(135)) - XceiverServerGrpc 38f881b7-b275-4c01-b63b-cbadf9a83bb7 is started using port 46517
2021-08-11 09:32:47,526 [org.apache.ratis.util.JvmPauseMonitor$$Lambda$531/1810552158@557a2493] INFO  util.JvmPauseMonitor (JvmPauseMonitor.java:run(103)) - JvmPauseMonitor-38f881b7-b275-4c01-b63b-cbadf9a83bb7: Started
2021-08-11 09:32:47,829 [EndpointStateMachine task thread for /0.0.0.0:33227 - 0 ] INFO  ozoneimpl.OzoneContainer (OzoneContainer.java:start(305)) - Attempting to start container services.
2021-08-11 09:32:47,829 [EndpointStateMachine task thread for /0.0.0.0:33227 - 0 ] INFO  ozoneimpl.OzoneContainer (OzoneContainer.java:startContainerScrub(250)) - Background container scanner has been disabled.
2021-08-11 09:32:47,831 [EndpointStateMachine task thread for /0.0.0.0:33227 - 0 ] INFO  replication.ReplicationServer (ReplicationServer.java:start(106)) - ReplicationServer is started using port 38227
2021-08-11 09:32:47,832 [EndpointStateMachine task thread for /0.0.0.0:33227 - 0 ] INFO  ratis.XceiverServerRatis (XceiverServerRatis.java:start(482)) - Starting XceiverServerRatis d64b0853-d6b7-49d8-ba95-e52466f10d35
2021-08-11 09:32:47,837 [EndpointStateMachine task thread for /0.0.0.0:33227 - 0 ] INFO  server.RaftServer (RaftServerProxy.java:lambda$start$5(374)) - d64b0853-d6b7-49d8-ba95-e52466f10d35: start RPC server
2021-08-11 09:32:47,846 [EndpointStateMachine task thread for /0.0.0.0:33227 - 0 ] INFO  server.GrpcService (GrpcService.java:startImpl(253)) - d64b0853-d6b7-49d8-ba95-e52466f10d35: GrpcService started, listening on 33927
2021-08-11 09:32:47,847 [EndpointStateMachine task thread for /0.0.0.0:33227 - 0 ] INFO  ratis.XceiverServerRatis (XceiverServerRatis.java:getRealPort(503)) - XceiverServerRatis d64b0853-d6b7-49d8-ba95-e52466f10d35 is started using port 33927 for RATIS
2021-08-11 09:32:47,847 [EndpointStateMachine task thread for /0.0.0.0:33227 - 0 ] INFO  ratis.XceiverServerRatis (XceiverServerRatis.java:getRealPort(503)) - XceiverServerRatis d64b0853-d6b7-49d8-ba95-e52466f10d35 is started using port 33927 for RATIS_ADMIN
2021-08-11 09:32:47,847 [EndpointStateMachine task thread for /0.0.0.0:33227 - 0 ] INFO  ratis.XceiverServerRatis (XceiverServerRatis.java:getRealPort(503)) - XceiverServerRatis d64b0853-d6b7-49d8-ba95-e52466f10d35 is started using port 33927 for RATIS_SERVER
2021-08-11 09:32:47,848 [org.apache.ratis.util.JvmPauseMonitor$$Lambda$531/1810552158@60618f19] INFO  util.JvmPauseMonitor (JvmPauseMonitor.java:run(103)) - JvmPauseMonitor-d64b0853-d6b7-49d8-ba95-e52466f10d35: Started
2021-08-11 09:32:47,848 [EndpointStateMachine task thread for /0.0.0.0:33227 - 0 ] INFO  server.XceiverServerGrpc (XceiverServerGrpc.java:start(135)) - XceiverServerGrpc d64b0853-d6b7-49d8-ba95-e52466f10d35 is started using port 43173
2021-08-11 09:32:48,254 [Listener at 127.0.0.1/44993] INFO  ozone.MiniOzoneClusterImpl (MiniOzoneClusterImpl.java:lambda$waitForClusterToBeReady$0(235)) - Waiting for nodes to be ready. Got 0 of 3 DN Heartbeats.
2021-08-11 09:32:48,254 [Listener at 127.0.0.1/44993] INFO  ozone.MiniOzoneClusterImpl (MiniOzoneClusterImpl.java:lambda$waitForClusterToBeReady$0(238)) - Waiting for cluster to exit safe mode
2021-08-11 09:32:48,254 [Listener at 127.0.0.1/44993] INFO  ozone.MiniOzoneClusterImpl (MiniOzoneClusterImpl.java:lambda$waitForClusterToBeReady$0(240)) - SCM became leader
2021-08-11 09:32:48,281 [EndpointStateMachine task thread for /0.0.0.0:33227 - 0 ] INFO  ozoneimpl.OzoneContainer (OzoneContainer.java:start(305)) - Attempting to start container services.
2021-08-11 09:32:48,281 [EndpointStateMachine task thread for /0.0.0.0:33227 - 0 ] INFO  ozoneimpl.OzoneContainer (OzoneContainer.java:startContainerScrub(250)) - Background container scanner has been disabled.
2021-08-11 09:32:48,283 [EndpointStateMachine task thread for /0.0.0.0:33227 - 0 ] INFO  replication.ReplicationServer (ReplicationServer.java:start(106)) - ReplicationServer is started using port 45119
2021-08-11 09:32:48,283 [EndpointStateMachine task thread for /0.0.0.0:33227 - 0 ] INFO  ratis.XceiverServerRatis (XceiverServerRatis.java:start(482)) - Starting XceiverServerRatis b60ee0fa-9875-4659-a992-15428cc237f6
2021-08-11 09:32:48,284 [EndpointStateMachine task thread for /0.0.0.0:33227 - 0 ] INFO  server.RaftServer (RaftServerProxy.java:lambda$start$5(374)) - b60ee0fa-9875-4659-a992-15428cc237f6: start RPC server
2021-08-11 09:32:48,290 [EndpointStateMachine task thread for /0.0.0.0:33227 - 0 ] INFO  server.GrpcService (GrpcService.java:startImpl(253)) - b60ee0fa-9875-4659-a992-15428cc237f6: GrpcService started, listening on 40875
2021-08-11 09:32:48,290 [EndpointStateMachine task thread for /0.0.0.0:33227 - 0 ] INFO  ratis.XceiverServerRatis (XceiverServerRatis.java:getRealPort(503)) - XceiverServerRatis b60ee0fa-9875-4659-a992-15428cc237f6 is started using port 40875 for RATIS
2021-08-11 09:32:48,290 [EndpointStateMachine task thread for /0.0.0.0:33227 - 0 ] INFO  ratis.XceiverServerRatis (XceiverServerRatis.java:getRealPort(503)) - XceiverServerRatis b60ee0fa-9875-4659-a992-15428cc237f6 is started using port 40875 for RATIS_ADMIN
2021-08-11 09:32:48,290 [EndpointStateMachine task thread for /0.0.0.0:33227 - 0 ] INFO  ratis.XceiverServerRatis (XceiverServerRatis.java:getRealPort(503)) - XceiverServerRatis b60ee0fa-9875-4659-a992-15428cc237f6 is started using port 40875 for RATIS_SERVER
2021-08-11 09:32:48,294 [EndpointStateMachine task thread for /0.0.0.0:33227 - 0 ] INFO  server.XceiverServerGrpc (XceiverServerGrpc.java:start(135)) - XceiverServerGrpc b60ee0fa-9875-4659-a992-15428cc237f6 is started using port 44741
2021-08-11 09:32:48,294 [org.apache.ratis.util.JvmPauseMonitor$$Lambda$531/1810552158@c367cf2] INFO  util.JvmPauseMonitor (JvmPauseMonitor.java:run(103)) - JvmPauseMonitor-b60ee0fa-9875-4659-a992-15428cc237f6: Started
2021-08-11 09:32:49,254 [Listener at 127.0.0.1/44993] INFO  ozone.MiniOzoneClusterImpl (MiniOzoneClusterImpl.java:lambda$waitForClusterToBeReady$0(235)) - Waiting for nodes to be ready. Got 0 of 3 DN Heartbeats.
2021-08-11 09:32:49,255 [Listener at 127.0.0.1/44993] INFO  ozone.MiniOzoneClusterImpl (MiniOzoneClusterImpl.java:lambda$waitForClusterToBeReady$0(238)) - Waiting for cluster to exit safe mode
2021-08-11 09:32:49,255 [Listener at 127.0.0.1/44993] INFO  ozone.MiniOzoneClusterImpl (MiniOzoneClusterImpl.java:lambda$waitForClusterToBeReady$0(240)) - SCM became leader
2021-08-11 09:32:49,472 [IPC Server handler 2 on default port 33227] INFO  net.NetworkTopologyImpl (NetworkTopologyImpl.java:add(112)) - Added a new node: /default-rack/38f881b7-b275-4c01-b63b-cbadf9a83bb7
2021-08-11 09:32:49,472 [IPC Server handler 2 on default port 33227] INFO  node.SCMNodeManager (SCMNodeManager.java:register(390)) - Registered Data node : 38f881b7-b275-4c01-b63b-cbadf9a83bb7{ip: 10.1.0.72, host: fv-az116-101.vzw04321ajxubdbcnpick5nqva.xx.internal.cloudapp.net, ports: [REPLICATION=35917, RATIS=38245, RATIS_ADMIN=38245, RATIS_SERVER=38245, STANDALONE=46517], networkLocation: /default-rack, certSerialId: null, persistedOpState: null, persistedOpStateExpiryEpochSec: 0}
2021-08-11 09:32:49,481 [EventQueue-NodeRegistrationContainerReportForDataNodeSafeModeRule] INFO  safemode.SCMSafeModeManager (DataNodeSafeModeRule.java:process(71)) - SCM in safe mode. 1 DataNodes registered, 3 required.
2021-08-11 09:32:49,483 [EventQueue-NodeRegistrationContainerReportForContainerSafeModeRule] INFO  safemode.SCMSafeModeManager (SCMSafeModeManager.java:validateSafeModeExitRules(204)) - ContainerSafeModeRule rule is successfully validated
2021-08-11 09:32:49,486 [EventQueue-NewNodeForNewNodeHandler] INFO  pipeline.BackgroundPipelineCreator (BackgroundPipelineCreatorV2.java:notifyEventTriggered(285)) - trigger a one-shot run on RatisPipelineUtilsThread.
2021-08-11 09:32:49,486 [RatisPipelineUtilsThread - 0] INFO  pipeline.RatisPipelineProvider (RatisPipelineProvider.java:lambda$create$0(183)) - Sending CreatePipelineCommand for pipeline:PipelineID=059fdf3a-9c83-4cda-b6ba-da21d3ecd3b3 to datanode:38f881b7-b275-4c01-b63b-cbadf9a83bb7
2021-08-11 09:32:49,487 [RatisPipelineUtilsThread - 0] INFO  pipeline.PipelineStateManager (PipelineStateManagerV2Impl.java:addPipeline(101)) - Created pipeline Pipeline[ Id: 059fdf3a-9c83-4cda-b6ba-da21d3ecd3b3, Nodes: 38f881b7-b275-4c01-b63b-cbadf9a83bb7{ip: 10.1.0.72, host: fv-az116-101.vzw04321ajxubdbcnpick5nqva.xx.internal.cloudapp.net, ports: [REPLICATION=35917, RATIS=38245, RATIS_ADMIN=38245, RATIS_SERVER=38245, STANDALONE=46517], networkLocation: /default-rack, certSerialId: null, persistedOpState: IN_SERVICE, persistedOpStateExpiryEpochSec: 0}, ReplicationConfig: RATIS/ONE, State:ALLOCATED, leaderId:, CreationTimestamp2021-08-11T09:32:49.486Z[Etc/UTC]].
2021-08-11 09:32:49,494 [EventQueue-PipelineReportForOneReplicaPipelineSafeModeRule] INFO  safemode.SCMSafeModeManager (SCMSafeModeManager.java:validateSafeModeExitRules(204)) - AtleastOneDatanodeReportedRule rule is successfully validated
2021-08-11 09:32:49,826 [IPC Server handler 0 on default port 33227] INFO  net.NetworkTopologyImpl (NetworkTopologyImpl.java:add(112)) - Added a new node: /default-rack/d64b0853-d6b7-49d8-ba95-e52466f10d35
2021-08-11 09:32:49,826 [IPC Server handler 0 on default port 33227] INFO  node.SCMNodeManager (SCMNodeManager.java:register(390)) - Registered Data node : d64b0853-d6b7-49d8-ba95-e52466f10d35{ip: 10.1.0.72, host: fv-az116-101.vzw04321ajxubdbcnpick5nqva.xx.internal.cloudapp.net, ports: [REPLICATION=38227, RATIS=33927, RATIS_ADMIN=33927, RATIS_SERVER=33927, STANDALONE=43173], networkLocation: /default-rack, certSerialId: null, persistedOpState: null, persistedOpStateExpiryEpochSec: 0}
2021-08-11 09:32:49,827 [EventQueue-NewNodeForNewNodeHandler] INFO  pipeline.BackgroundPipelineCreator (BackgroundPipelineCreatorV2.java:notifyEventTriggered(285)) - trigger a one-shot run on RatisPipelineUtilsThread.
2021-08-11 09:32:49,831 [EventQueue-NodeRegistrationContainerReportForDataNodeSafeModeRule] INFO  safemode.SCMSafeModeManager (DataNodeSafeModeRule.java:process(71)) - SCM in safe mode. 2 DataNodes registered, 3 required.
2021-08-11 09:32:49,833 [RatisPipelineUtilsThread - 0] INFO  pipeline.RatisPipelineProvider (RatisPipelineProvider.java:lambda$create$0(183)) - Sending CreatePipelineCommand for pipeline:PipelineID=f7be1e62-c328-4f3f-a798-c5823a248441 to datanode:d64b0853-d6b7-49d8-ba95-e52466f10d35
2021-08-11 09:32:49,833 [RatisPipelineUtilsThread - 0] INFO  pipeline.PipelineStateManager (PipelineStateManagerV2Impl.java:addPipeline(101)) - Created pipeline Pipeline[ Id: f7be1e62-c328-4f3f-a798-c5823a248441, Nodes: d64b0853-d6b7-49d8-ba95-e52466f10d35{ip: 10.1.0.72, host: fv-az116-101.vzw04321ajxubdbcnpick5nqva.xx.internal.cloudapp.net, ports: [REPLICATION=38227, RATIS=33927, RATIS_ADMIN=33927, RATIS_SERVER=33927, STANDALONE=43173], networkLocation: /default-rack, certSerialId: null, persistedOpState: IN_SERVICE, persistedOpStateExpiryEpochSec: 0}, ReplicationConfig: RATIS/ONE, State:ALLOCATED, leaderId:, CreationTimestamp2021-08-11T09:32:49.833Z[Etc/UTC]].
2021-08-11 09:32:50,255 [Listener at 127.0.0.1/44993] INFO  ozone.MiniOzoneClusterImpl (MiniOzoneClusterImpl.java:lambda$waitForClusterToBeReady$0(235)) - Waiting for nodes to be ready. Got 2 of 3 DN Heartbeats.
2021-08-11 09:32:50,255 [Listener at 127.0.0.1/44993] INFO  ozone.MiniOzoneClusterImpl (MiniOzoneClusterImpl.java:lambda$waitForClusterToBeReady$0(238)) - Waiting for cluster to exit safe mode
2021-08-11 09:32:50,255 [Listener at 127.0.0.1/44993] INFO  ozone.MiniOzoneClusterImpl (MiniOzoneClusterImpl.java:lambda$waitForClusterToBeReady$0(240)) - SCM became leader
2021-08-11 09:32:50,281 [IPC Server handler 1 on default port 33227] INFO  net.NetworkTopologyImpl (NetworkTopologyImpl.java:add(112)) - Added a new node: /default-rack/b60ee0fa-9875-4659-a992-15428cc237f6
2021-08-11 09:32:50,281 [IPC Server handler 1 on default port 33227] INFO  node.SCMNodeManager (SCMNodeManager.java:register(390)) - Registered Data node : b60ee0fa-9875-4659-a992-15428cc237f6{ip: 10.1.0.72, host: fv-az116-101.vzw04321ajxubdbcnpick5nqva.xx.internal.cloudapp.net, ports: [REPLICATION=45119, RATIS=40875, RATIS_ADMIN=40875, RATIS_SERVER=40875, STANDALONE=44741], networkLocation: /default-rack, certSerialId: null, persistedOpState: null, persistedOpStateExpiryEpochSec: 0}
2021-08-11 09:32:50,282 [EventQueue-NewNodeForNewNodeHandler] INFO  pipeline.BackgroundPipelineCreator (BackgroundPipelineCreatorV2.java:notifyEventTriggered(285)) - trigger a one-shot run on RatisPipelineUtilsThread.
2021-08-11 09:32:50,284 [RatisPipelineUtilsThread - 0] INFO  pipeline.RatisPipelineProvider (RatisPipelineProvider.java:lambda$create$0(183)) - Sending CreatePipelineCommand for pipeline:PipelineID=7735f9a1-a505-465c-b7e0-9480a39da203 to datanode:b60ee0fa-9875-4659-a992-15428cc237f6
2021-08-11 09:32:50,284 [RatisPipelineUtilsThread - 0] INFO  pipeline.PipelineStateManager (PipelineStateManagerV2Impl.java:addPipeline(101)) - Created pipeline Pipeline[ Id: 7735f9a1-a505-465c-b7e0-9480a39da203, Nodes: b60ee0fa-9875-4659-a992-15428cc237f6{ip: 10.1.0.72, host: fv-az116-101.vzw04321ajxubdbcnpick5nqva.xx.internal.cloudapp.net, ports: [REPLICATION=45119, RATIS=40875, RATIS_ADMIN=40875, RATIS_SERVER=40875, STANDALONE=44741], networkLocation: /default-rack, certSerialId: null, persistedOpState: IN_SERVICE, persistedOpStateExpiryEpochSec: 0}, ReplicationConfig: RATIS/ONE, State:ALLOCATED, leaderId:, CreationTimestamp2021-08-11T09:32:50.284Z[Etc/UTC]].
2021-08-11 09:32:50,285 [EventQueue-NodeRegistrationContainerReportForDataNodeSafeModeRule] INFO  safemode.SCMSafeModeManager (DataNodeSafeModeRule.java:process(71)) - SCM in safe mode. 3 DataNodes registered, 3 required.
2021-08-11 09:32:50,285 [EventQueue-NodeRegistrationContainerReportForDataNodeSafeModeRule] INFO  safemode.SCMSafeModeManager (SCMSafeModeManager.java:validateSafeModeExitRules(204)) - DataNodeSafeModeRule rule is successfully validated
2021-08-11 09:32:50,285 [EventQueue-NodeRegistrationContainerReportForDataNodeSafeModeRule] INFO  safemode.SCMSafeModeManager (SCMSafeModeManager.java:completePreCheck(233)) - All SCM safe mode pre check rules have passed
2021-08-11 09:32:50,285 [EventQueue-NodeRegistrationContainerReportForDataNodeSafeModeRule] WARN  events.EventQueue (EventQueue.java:fireEvent(194)) - No event handler registered for event TypedEvent{payloadType=SafeModeStatus, name='Safe mode status'}
2021-08-11 09:32:50,285 [EventQueue-NodeRegistrationContainerReportForDataNodeSafeModeRule] INFO  ha.SCMContext (SCMContext.java:updateSafeModeStatus(205)) - Update SafeModeStatus from SafeModeStatus{safeModeStatus=true, preCheckPassed=false} to SafeModeStatus{safeModeStatus=true, preCheckPassed=true}.
2021-08-11 09:32:50,285 [EventQueue-NodeRegistrationContainerReportForDataNodeSafeModeRule] INFO  pipeline.BackgroundPipelineCreator (BackgroundPipelineCreatorV2.java:notifyEventTriggered(285)) - trigger a one-shot run on RatisPipelineUtilsThread.
2021-08-11 09:32:50,288 [RatisPipelineUtilsThread - 0] INFO  pipeline.RatisPipelineProvider (RatisPipelineProvider.java:lambda$create$0(183)) - Sending CreatePipelineCommand for pipeline:PipelineID=93341c1c-b166-4b08-966e-d6d58fe81dd1 to datanode:b60ee0fa-9875-4659-a992-15428cc237f6
2021-08-11 09:32:50,301 [RatisPipelineUtilsThread - 0] INFO  pipeline.RatisPipelineProvider (RatisPipelineProvider.java:lambda$create$0(183)) - Sending CreatePipelineCommand for pipeline:PipelineID=93341c1c-b166-4b08-966e-d6d58fe81dd1 to datanode:d64b0853-d6b7-49d8-ba95-e52466f10d35
2021-08-11 09:32:50,301 [RatisPipelineUtilsThread - 0] INFO  pipeline.RatisPipelineProvider (RatisPipelineProvider.java:lambda$create$0(183)) - Sending CreatePipelineCommand for pipeline:PipelineID=93341c1c-b166-4b08-966e-d6d58fe81dd1 to datanode:38f881b7-b275-4c01-b63b-cbadf9a83bb7
2021-08-11 09:32:50,302 [RatisPipelineUtilsThread - 0] INFO  pipeline.PipelineStateManager (PipelineStateManagerV2Impl.java:addPipeline(101)) - Created pipeline Pipeline[ Id: 93341c1c-b166-4b08-966e-d6d58fe81dd1, Nodes: b60ee0fa-9875-4659-a992-15428cc237f6{ip: 10.1.0.72, host: fv-az116-101.vzw04321ajxubdbcnpick5nqva.xx.internal.cloudapp.net, ports: [REPLICATION=45119, RATIS=40875, RATIS_ADMIN=40875, RATIS_SERVER=40875, STANDALONE=44741], networkLocation: /default-rack, certSerialId: null, persistedOpState: IN_SERVICE, persistedOpStateExpiryEpochSec: 0}d64b0853-d6b7-49d8-ba95-e52466f10d35{ip: 10.1.0.72, host: fv-az116-101.vzw04321ajxubdbcnpick5nqva.xx.internal.cloudapp.net, ports: [REPLICATION=38227, RATIS=33927, RATIS_ADMIN=33927, RATIS_SERVER=33927, STANDALONE=43173], networkLocation: /default-rack, certSerialId: null, persistedOpState: IN_SERVICE, persistedOpStateExpiryEpochSec: 0}38f881b7-b275-4c01-b63b-cbadf9a83bb7{ip: 10.1.0.72, host: fv-az116-101.vzw04321ajxubdbcnpick5nqva.xx.internal.cloudapp.net, ports: [REPLICATION=35917, RATIS=38245, RATIS_ADMIN=38245, RATIS_SERVER=38245, STANDALONE=46517], networkLocation: /default-rack, certSerialId: null, persistedOpState: IN_SERVICE, persistedOpStateExpiryEpochSec: 0}, ReplicationConfig: RATIS/THREE, State:ALLOCATED, leaderId:, CreationTimestamp2021-08-11T09:32:50.288Z[Etc/UTC]].
2021-08-11 09:32:51,255 [Listener at 127.0.0.1/44993] INFO  ozone.MiniOzoneClusterImpl (MiniOzoneClusterImpl.java:lambda$waitForClusterToBeReady$0(235)) - Nodes are ready. Got 3 of 3 DN Heartbeats.
2021-08-11 09:32:51,256 [Listener at 127.0.0.1/44993] INFO  ozone.MiniOzoneClusterImpl (MiniOzoneClusterImpl.java:lambda$waitForClusterToBeReady$0(238)) - Waiting for cluster to exit safe mode
2021-08-11 09:32:51,256 [Listener at 127.0.0.1/44993] INFO  ozone.MiniOzoneClusterImpl (MiniOzoneClusterImpl.java:lambda$waitForClusterToBeReady$0(240)) - SCM became leader
2021-08-11 09:32:52,256 [Listener at 127.0.0.1/44993] INFO  ozone.MiniOzoneClusterImpl (MiniOzoneClusterImpl.java:lambda$waitForClusterToBeReady$0(235)) - Nodes are ready. Got 3 of 3 DN Heartbeats.
2021-08-11 09:32:52,256 [Listener at 127.0.0.1/44993] INFO  ozone.MiniOzoneClusterImpl (MiniOzoneClusterImpl.java:lambda$waitForClusterToBeReady$0(238)) - Waiting for cluster to exit safe mode
2021-08-11 09:32:52,256 [Listener at 127.0.0.1/44993] INFO  ozone.MiniOzoneClusterImpl (MiniOzoneClusterImpl.java:lambda$waitForClusterToBeReady$0(240)) - SCM became leader
2021-08-11 09:32:52,475 [Command processor thread] INFO  server.RaftServer (RaftServerProxy.java:addNew(95)) - 38f881b7-b275-4c01-b63b-cbadf9a83bb7: addNew group-DA21D3ECD3B3:[38f881b7-b275-4c01-b63b-cbadf9a83bb7|rpc:10.1.0.72:38245|priority:1] returns group-DA21D3ECD3B3:java.util.concurrent.CompletableFuture@79ff8ae3[Not completed]
2021-08-11 09:32:52,485 [pool-121-thread-1] INFO  server.RaftServer$Division (RaftServerImpl.java:<init>(181)) - 38f881b7-b275-4c01-b63b-cbadf9a83bb7: new RaftServerImpl for group-DA21D3ECD3B3:[38f881b7-b275-4c01-b63b-cbadf9a83bb7|rpc:10.1.0.72:38245|priority:1] with ContainerStateMachine:uninitialized
2021-08-11 09:32:52,486 [pool-121-thread-1] INFO  server.RaftServerConfigKeys (ConfUtils.java:logGet(44)) - raft.server.rpc.timeout.min = 5s (custom)
2021-08-11 09:32:52,486 [pool-121-thread-1] INFO  server.RaftServerConfigKeys (ConfUtils.java:logGet(44)) - raft.server.rpc.timeout.max = 5200ms (custom)
2021-08-11 09:32:52,487 [pool-121-thread-1] INFO  server.RaftServerConfigKeys (ConfUtils.java:logGet(44)) - raft.server.rpc.sleep.time = 25ms (default)
2021-08-11 09:32:52,487 [pool-121-thread-1] INFO  server.RaftServerConfigKeys (ConfUtils.java:logGet(44)) - raft.server.rpc.slowness.timeout = 300s (custom)
2021-08-11 09:32:52,487 [pool-121-thread-1] INFO  server.RaftServerConfigKeys (ConfUtils.java:logGet(44)) - raft.server.leaderelection.leader.step-down.wait-time = 10s (default)
2021-08-11 09:32:52,487 [pool-121-thread-1] INFO  server.RaftServerConfigKeys (ConfUtils.java:logGet(44)) - raft.server.sleep.deviation.threshold = 300ms (default)
2021-08-11 09:32:52,487 [pool-121-thread-1] INFO  server.RaftServerConfigKeys (ConfUtils.java:logGet(44)) - raft.server.log.appender.install.snapshot.enabled = false (custom)
2021-08-11 09:32:52,487 [pool-121-thread-1] INFO  server.RaftServer$Division (ServerState.java:<init>(105)) - 38f881b7-b275-4c01-b63b-cbadf9a83bb7@group-DA21D3ECD3B3: ConfigurationManager, init=-1: [38f881b7-b275-4c01-b63b-cbadf9a83bb7|rpc:10.1.0.72:38245|priority:1], old=null, confs=<EMPTY_MAP>
2021-08-11 09:32:52,487 [pool-121-thread-1] INFO  server.RaftServerConfigKeys (ConfUtils.java:logGet(44)) - raft.server.storage.dir = [/home/runner/work/ozone/ozone/hadoop-ozone/integration-test/target/test-dir/MiniOzoneClusterImpl-79444004-0aa8-43fe-bb54-6fbc032fba86/datanode-0/data/ratis] (custom)
2021-08-11 09:32:52,488 [pool-121-thread-1] INFO  server.RaftServerConfigKeys (ConfUtils.java:logGet(44)) - raft.server.log.corruption.policy = EXCEPTION (default)
2021-08-11 09:32:52,488 [pool-121-thread-1] INFO  server.RaftServerConfigKeys (ConfUtils.java:logGet(44)) - raft.server.storage.free-space.min = 0MB (=0) (default)
2021-08-11 09:32:52,488 [pool-121-thread-1] INFO  storage.RaftStorageDirectory (RaftStorageDirectoryImpl.java:analyzeStorage(135)) - The storage directory /home/runner/work/ozone/ozone/hadoop-ozone/integration-test/target/test-dir/MiniOzoneClusterImpl-79444004-0aa8-43fe-bb54-6fbc032fba86/datanode-0/data/ratis/059fdf3a-9c83-4cda-b6ba-da21d3ecd3b3 does not exist. Creating ...
2021-08-11 09:32:52,490 [pool-121-thread-1] INFO  storage.RaftStorageDirectory (RaftStorageDirectoryImpl.java:tryLock(230)) - Lock on /home/runner/work/ozone/ozone/hadoop-ozone/integration-test/target/test-dir/MiniOzoneClusterImpl-79444004-0aa8-43fe-bb54-6fbc032fba86/datanode-0/data/ratis/059fdf3a-9c83-4cda-b6ba-da21d3ecd3b3/in_use.lock acquired by nodename 27974@fv-az116-101
2021-08-11 09:32:52,492 [pool-121-thread-1] INFO  storage.RaftStorage (RaftStorageImpl.java:format(89)) - Storage directory /home/runner/work/ozone/ozone/hadoop-ozone/integration-test/target/test-dir/MiniOzoneClusterImpl-79444004-0aa8-43fe-bb54-6fbc032fba86/datanode-0/data/ratis/059fdf3a-9c83-4cda-b6ba-da21d3ecd3b3 has been successfully formatted.
2021-08-11 09:32:52,499 [Datanode State Machine Thread - 0] WARN  statemachine.StateContext (StateContext.java:execute(621)) - No available thread in pool for past 1 seconds.
2021-08-11 09:32:52,508 [EventQueue-PipelineReportForPipelineReportHandler] INFO  pipeline.PipelineManagerImpl (PipelineManagerImpl.java:openPipeline(283)) - Pipeline Pipeline[ Id: 059fdf3a-9c83-4cda-b6ba-da21d3ecd3b3, Nodes: 38f881b7-b275-4c01-b63b-cbadf9a83bb7{ip: 10.1.0.72, host: fv-az116-101.vzw04321ajxubdbcnpick5nqva.xx.internal.cloudapp.net, ports: [REPLICATION=35917, RATIS=38245, RATIS_ADMIN=38245, RATIS_SERVER=38245, STANDALONE=46517], networkLocation: /default-rack, certSerialId: null, persistedOpState: IN_SERVICE, persistedOpStateExpiryEpochSec: 0}, ReplicationConfig: RATIS/ONE, State:ALLOCATED, leaderId:38f881b7-b275-4c01-b63b-cbadf9a83bb7, CreationTimestamp2021-08-11T09:32:49.486Z[Etc/UTC]] moved to OPEN state
2021-08-11 09:32:52,512 [pool-121-thread-1] INFO  ratis.ContainerStateMachine (ContainerStateMachine.java:loadSnapshot(225)) - group-DA21D3ECD3B3: The snapshot info is null. Setting the last applied indexto:(t:0, i:~)
2021-08-11 09:32:52,515 [pool-121-thread-1] INFO  server.RaftServerConfigKeys (ConfUtils.java:logGet(44)) - raft.server.notification.no-leader.timeout = 300s (custom)
2021-08-11 09:32:52,515 [pool-121-thread-1] INFO  server.RaftServerConfigKeys (ConfUtils.java:logGet(44)) - raft.server.log.use.memory = false (default)
2021-08-11 09:32:52,515 [pool-121-thread-1] INFO  server.RaftServerConfigKeys (ConfUtils.java:logGet(44)) - raft.server.log.purge.gap = 1000000 (custom)
2021-08-11 09:32:52,515 [pool-121-thread-1] INFO  server.RaftServerConfigKeys (ConfUtils.java:logGet(44)) - raft.server.log.appender.buffer.byte-limit = 33554432 (custom)
2021-08-11 09:32:52,515 [pool-121-thread-1] INFO  server.RaftServerConfigKeys (ConfUtils.java:logGet(44)) - raft.server.log.segment.size.max = 1048576 (custom)
2021-08-11 09:32:52,516 [pool-121-thread-1] INFO  server.RaftServerConfigKeys (ConfUtils.java:logGet(44)) - raft.server.log.segment.cache.num.max = 2 (custom)
2021-08-11 09:32:52,516 [pool-121-thread-1] INFO  server.RaftServerConfigKeys (ConfUtils.java:logGet(44)) - raft.server.log.segment.cache.size.max = 200MB (=209715200) (default)
2021-08-11 09:32:52,516 [pool-121-thread-1] INFO  segmented.SegmentedRaftLogWorker (SegmentedRaftLogWorker.java:<init>(182)) - new 38f881b7-b275-4c01-b63b-cbadf9a83bb7@group-DA21D3ECD3B3-SegmentedRaftLogWorker for RaftStorageImpl:Storage Directory /home/runner/work/ozone/ozone/hadoop-ozone/integration-test/target/test-dir/MiniOzoneClusterImpl-79444004-0aa8-43fe-bb54-6fbc032fba86/datanode-0/data/ratis/059fdf3a-9c83-4cda-b6ba-da21d3ecd3b3
2021-08-11 09:32:52,516 [pool-121-thread-1] INFO  server.RaftServerConfigKeys (ConfUtils.java:logGet(44)) - raft.server.log.queue.byte-limit = 2147483647 (custom)
2021-08-11 09:32:52,516 [pool-121-thread-1] INFO  server.RaftServerConfigKeys (ConfUtils.java:logGet(44)) - raft.server.log.queue.element-limit = 1024 (custom)
2021-08-11 09:32:52,517 [pool-121-thread-1] INFO  server.RaftServerConfigKeys (ConfUtils.java:logGet(44)) - raft.server.log.segment.size.max = 1048576 (custom)
2021-08-11 09:32:52,517 [pool-121-thread-1] INFO  server.RaftServerConfigKeys (ConfUtils.java:logGet(44)) - raft.server.log.preallocated.size = 16384 (custom)
2021-08-11 09:32:52,517 [pool-121-thread-1] INFO  server.RaftServerConfigKeys (ConfUtils.java:logGet(44)) - raft.server.log.force.sync.num = 128 (default)
2021-08-11 09:32:52,517 [pool-121-thread-1] INFO  server.RaftServerConfigKeys (ConfUtils.java:logGet(44)) - raft.server.log.statemachine.data.sync = true (default)
2021-08-11 09:32:52,517 [pool-121-thread-1] INFO  server.RaftServerConfigKeys (ConfUtils.java:logGet(44)) - raft.server.log.statemachine.data.sync.timeout = 10s (default)
2021-08-11 09:32:52,514 [EventQueue-OpenPipelineForHealthyPipelineSafeModeRule] INFO  safemode.SCMSafeModeManager (HealthyPipelineSafeModeRule.java:process(124)) - SCM in safe mode. Healthy pipelines reported count is 0, required healthy pipeline reported count is 1
2021-08-11 09:32:52,525 [pool-121-thread-1] INFO  server.RaftServerConfigKeys (ConfUtils.java:logGet(44)) - raft.server.log.statemachine.data.sync.timeout.retry = -1 (default)
2021-08-11 09:32:52,529 [pool-121-thread-1] INFO  server.RaftServerConfigKeys (ConfUtils.java:logGet(44)) - raft.server.log.write.buffer.size = 1048576 (custom)
2021-08-11 09:32:52,529 [pool-121-thread-1] INFO  server.RaftServerConfigKeys (ConfUtils.java:logGet(44)) - raft.server.log.statemachine.data.caching.enabled = true (custom)
2021-08-11 09:32:52,530 [pool-121-thread-1] INFO  segmented.SegmentedRaftLogWorker (SegmentedRaftLogWorker.java:lambda$new$0(133)) - 38f881b7-b275-4c01-b63b-cbadf9a83bb7@group-DA21D3ECD3B3-SegmentedRaftLogWorker: flushIndex: setUnconditionally 0 -> -1
2021-08-11 09:32:52,530 [pool-121-thread-1] INFO  segmented.SegmentedRaftLogWorker (SegmentedRaftLogWorker.java:lambda$new$0(133)) - 38f881b7-b275-4c01-b63b-cbadf9a83bb7@group-DA21D3ECD3B3-SegmentedRaftLogWorker: safeCacheEvictIndex: setUnconditionally 0 -> -1
2021-08-11 09:32:52,533 [pool-121-thread-1] INFO  server.RaftServerConfigKeys (ConfUtils.java:logGet(44)) - raft.server.snapshot.auto.trigger.enabled = true (custom)
2021-08-11 09:32:52,533 [pool-121-thread-1] INFO  server.RaftServerConfigKeys (ConfUtils.java:logGet(44)) - raft.server.snapshot.auto.trigger.threshold = 10000 (custom)
2021-08-11 09:32:52,533 [pool-121-thread-1] INFO  server.RaftServerConfigKeys (ConfUtils.java:logGet(44)) - raft.server.snapshot.retention.file.num = 5 (custom)
2021-08-11 09:32:52,533 [pool-121-thread-1] INFO  server.RaftServerConfigKeys (ConfUtils.java:logGet(44)) - raft.server.log.purge.upto.snapshot.index = false (default)
2021-08-11 09:32:52,533 [pool-121-thread-1] INFO  server.RaftServerConfigKeys (ConfUtils.java:logGet(44)) - raft.server.retrycache.expirytime = 600000ms (custom)
2021-08-11 09:32:52,534 [pool-121-thread-1] INFO  server.RaftServerConfigKeys (ConfUtils.java:logGet(44)) - raft.server.retrycache.statistics.expirytime = 100μs (default)
2021-08-11 09:32:52,542 [pool-121-thread-1] INFO  server.RaftServer$Division (RaftServerImpl.java:start(296)) - 38f881b7-b275-4c01-b63b-cbadf9a83bb7@group-DA21D3ECD3B3: start as a follower, conf=-1: [38f881b7-b275-4c01-b63b-cbadf9a83bb7|rpc:10.1.0.72:38245|priority:1], old=null
2021-08-11 09:32:52,542 [pool-121-thread-1] INFO  server.RaftServer$Division (RaftServerImpl.java:setRole(285)) - 38f881b7-b275-4c01-b63b-cbadf9a83bb7@group-DA21D3ECD3B3: changes role from      null to FOLLOWER at term 0 for startAsFollower
2021-08-11 09:32:52,542 [pool-121-thread-1] INFO  impl.RoleInfo (RoleInfo.java:updateAndGet(130)) - 38f881b7-b275-4c01-b63b-cbadf9a83bb7: start 38f881b7-b275-4c01-b63b-cbadf9a83bb7@group-DA21D3ECD3B3-FollowerState
2021-08-11 09:32:52,542 [pool-121-thread-1] INFO  util.JmxRegister (JmxRegister.java:tryRegister(44)) - Successfully registered JMX Bean with object name Ratis:service=RaftServer,group=group-DA21D3ECD3B3,id=38f881b7-b275-4c01-b63b-cbadf9a83bb7
2021-08-11 09:32:52,544 [Command processor thread] INFO  ratis.XceiverServerRatis (XceiverServerRatis.java:addGroup(763)) - Created group PipelineID=059fdf3a-9c83-4cda-b6ba-da21d3ecd3b3
2021-08-11 09:32:52,544 [Command processor thread] INFO  commandhandler.CreatePipelineCommandHandler (CreatePipelineCommandHandler.java:handle(106)) - Created Pipeline RATIS ONE PipelineID=059fdf3a-9c83-4cda-b6ba-da21d3ecd3b3.
2021-08-11 09:32:52,544 [Command processor thread] INFO  server.RaftServer (RaftServerProxy.java:addNew(95)) - 38f881b7-b275-4c01-b63b-cbadf9a83bb7: addNew group-D6D58FE81DD1:[b60ee0fa-9875-4659-a992-15428cc237f6|rpc:10.1.0.72:40875|priority:0, d64b0853-d6b7-49d8-ba95-e52466f10d35|rpc:10.1.0.72:33927|priority:1, 38f881b7-b275-4c01-b63b-cbadf9a83bb7|rpc:10.1.0.72:38245|priority:0] returns group-D6D58FE81DD1:java.util.concurrent.CompletableFuture@7dc00104[Not completed]
2021-08-11 09:32:52,545 [pool-121-thread-1] INFO  server.RaftServer$Division (RaftServerImpl.java:<init>(181)) - 38f881b7-b275-4c01-b63b-cbadf9a83bb7: new RaftServerImpl for group-D6D58FE81DD1:[b60ee0fa-9875-4659-a992-15428cc237f6|rpc:10.1.0.72:40875|priority:0, d64b0853-d6b7-49d8-ba95-e52466f10d35|rpc:10.1.0.72:33927|priority:1, 38f881b7-b275-4c01-b63b-cbadf9a83bb7|rpc:10.1.0.72:38245|priority:0] with ContainerStateMachine:uninitialized
2021-08-11 09:32:52,545 [pool-121-thread-1] INFO  server.RaftServerConfigKeys (ConfUtils.java:logGet(44)) - raft.server.rpc.timeout.min = 5s (custom)
2021-08-11 09:32:52,546 [pool-121-thread-1] INFO  server.RaftServerConfigKeys (ConfUtils.java:logGet(44)) - raft.server.rpc.timeout.max = 5200ms (custom)
2021-08-11 09:32:52,546 [pool-121-thread-1] INFO  server.RaftServerConfigKeys (ConfUtils.java:logGet(44)) - raft.server.rpc.sleep.time = 25ms (default)
2021-08-11 09:32:52,546 [pool-121-thread-1] INFO  server.RaftServerConfigKeys (ConfUtils.java:logGet(44)) - raft.server.rpc.slowness.timeout = 300s (custom)
2021-08-11 09:32:52,546 [pool-121-thread-1] INFO  server.RaftServerConfigKeys (ConfUtils.java:logGet(44)) - raft.server.leaderelection.leader.step-down.wait-time = 10s (default)
2021-08-11 09:32:52,546 [pool-121-thread-1] INFO  server.RaftServerConfigKeys (ConfUtils.java:logGet(44)) - raft.server.sleep.deviation.threshold = 300ms (default)
2021-08-11 09:32:52,546 [pool-121-thread-1] INFO  server.RaftServerConfigKeys (ConfUtils.java:logGet(44)) - raft.server.log.appender.install.snapshot.enabled = false (custom)
2021-08-11 09:32:52,546 [pool-121-thread-1] INFO  server.RaftServer$Division (ServerState.java:<init>(105)) - 38f881b7-b275-4c01-b63b-cbadf9a83bb7@group-D6D58FE81DD1: ConfigurationManager, init=-1: [b60ee0fa-9875-4659-a992-15428cc237f6|rpc:10.1.0.72:40875|priority:0, d64b0853-d6b7-49d8-ba95-e52466f10d35|rpc:10.1.0.72:33927|priority:1, 38f881b7-b275-4c01-b63b-cbadf9a83bb7|rpc:10.1.0.72:38245|priority:0], old=null, confs=<EMPTY_MAP>
2021-08-11 09:32:52,546 [pool-121-thread-1] INFO  server.RaftServerConfigKeys (ConfUtils.java:logGet(44)) - raft.server.storage.dir = [/home/runner/work/ozone/ozone/hadoop-ozone/integration-test/target/test-dir/MiniOzoneClusterImpl-79444004-0aa8-43fe-bb54-6fbc032fba86/datanode-0/data/ratis] (custom)
2021-08-11 09:32:52,546 [pool-121-thread-1] INFO  server.RaftServerConfigKeys (ConfUtils.java:logGet(44)) - raft.server.log.corruption.policy = EXCEPTION (default)
2021-08-11 09:32:52,546 [pool-121-thread-1] INFO  server.RaftServerConfigKeys (ConfUtils.java:logGet(44)) - raft.server.storage.free-space.min = 0MB (=0) (default)
2021-08-11 09:32:52,547 [pool-121-thread-1] INFO  storage.RaftStorageDirectory (RaftStorageDirectoryImpl.java:analyzeStorage(135)) - The storage directory /home/runner/work/ozone/ozone/hadoop-ozone/integration-test/target/test-dir/MiniOzoneClusterImpl-79444004-0aa8-43fe-bb54-6fbc032fba86/datanode-0/data/ratis/93341c1c-b166-4b08-966e-d6d58fe81dd1 does not exist. Creating ...
2021-08-11 09:32:52,549 [pool-121-thread-1] INFO  storage.RaftStorageDirectory (RaftStorageDirectoryImpl.java:tryLock(230)) - Lock on /home/runner/work/ozone/ozone/hadoop-ozone/integration-test/target/test-dir/MiniOzoneClusterImpl-79444004-0aa8-43fe-bb54-6fbc032fba86/datanode-0/data/ratis/93341c1c-b166-4b08-966e-d6d58fe81dd1/in_use.lock acquired by nodename 27974@fv-az116-101
2021-08-11 09:32:52,551 [pool-121-thread-1] INFO  storage.RaftStorage (RaftStorageImpl.java:format(89)) - Storage directory /home/runner/work/ozone/ozone/hadoop-ozone/integration-test/target/test-dir/MiniOzoneClusterImpl-79444004-0aa8-43fe-bb54-6fbc032fba86/datanode-0/data/ratis/93341c1c-b166-4b08-966e-d6d58fe81dd1 has been successfully formatted.
2021-08-11 09:32:52,552 [pool-121-thread-1] INFO  ratis.ContainerStateMachine (ContainerStateMachine.java:loadSnapshot(225)) - group-D6D58FE81DD1: The snapshot info is null. Setting the last applied indexto:(t:0, i:~)
2021-08-11 09:32:52,552 [pool-121-thread-1] INFO  server.RaftServerConfigKeys (ConfUtils.java:logGet(44)) - raft.server.notification.no-leader.timeout = 300s (custom)
2021-08-11 09:32:52,552 [pool-121-thread-1] INFO  server.RaftServerConfigKeys (ConfUtils.java:logGet(44)) - raft.server.log.use.memory = false (default)
2021-08-11 09:32:52,552 [pool-121-thread-1] INFO  server.RaftServerConfigKeys (ConfUtils.java:logGet(44)) - raft.server.log.purge.gap = 1000000 (custom)
2021-08-11 09:32:52,553 [pool-121-thread-1] INFO  server.RaftServerConfigKeys (ConfUtils.java:logGet(44)) - raft.server.log.appender.buffer.byte-limit = 33554432 (custom)
2021-08-11 09:32:52,552 [Datanode State Machine Thread - 0] WARN  statemachine.StateContext (StateContext.java:execute(621)) - No available thread in pool for past 1 seconds.
2021-08-11 09:32:52,556 [EventQueue-OpenPipelineForHealthyPipelineSafeModeRule] INFO  safemode.SCMSafeModeManager (HealthyPipelineSafeModeRule.java:process(124)) - SCM in safe mode. Healthy pipelines reported count is 0, required healthy pipeline reported count is 1
2021-08-11 09:32:52,557 [pool-121-thread-1] INFO  server.RaftServerConfigKeys (ConfUtils.java:logGet(44)) - raft.server.log.segment.size.max = 1048576 (custom)
2021-08-11 09:32:52,557 [pool-121-thread-1] INFO  server.RaftServerConfigKeys (ConfUtils.java:logGet(44)) - raft.server.log.segment.cache.num.max = 2 (custom)
2021-08-11 09:32:52,557 [pool-121-thread-1] INFO  server.RaftServerConfigKeys (ConfUtils.java:logGet(44)) - raft.server.log.segment.cache.size.max = 200MB (=209715200) (default)
2021-08-11 09:32:52,557 [pool-121-thread-1] INFO  segmented.SegmentedRaftLogWorker (SegmentedRaftLogWorker.java:<init>(182)) - new 38f881b7-b275-4c01-b63b-cbadf9a83bb7@group-D6D58FE81DD1-SegmentedRaftLogWorker for RaftStorageImpl:Storage Directory /home/runner/work/ozone/ozone/hadoop-ozone/integration-test/target/test-dir/MiniOzoneClusterImpl-79444004-0aa8-43fe-bb54-6fbc032fba86/datanode-0/data/ratis/93341c1c-b166-4b08-966e-d6d58fe81dd1
2021-08-11 09:32:52,557 [pool-121-thread-1] INFO  server.RaftServerConfigKeys (ConfUtils.java:logGet(44)) - raft.server.log.queue.byte-limit = 2147483647 (custom)
2021-08-11 09:32:52,558 [pool-121-thread-1] INFO  server.RaftServerConfigKeys (ConfUtils.java:logGet(44)) - raft.server.log.queue.element-limit = 1024 (custom)
2021-08-11 09:32:52,558 [pool-121-thread-1] INFO  server.RaftServerConfigKeys (ConfUtils.java:logGet(44)) - raft.server.log.segment.size.max = 1048576 (custom)
2021-08-11 09:32:52,558 [pool-121-thread-1] INFO  server.RaftServerConfigKeys (ConfUtils.java:logGet(44)) - raft.server.log.preallocated.size = 16384 (custom)
2021-08-11 09:32:52,558 [pool-121-thread-1] INFO  server.RaftServerConfigKeys (ConfUtils.java:logGet(44)) - raft.server.log.force.sync.num = 128 (default)
2021-08-11 09:32:52,558 [pool-121-thread-1] INFO  server.RaftServerConfigKeys (ConfUtils.java:logGet(44)) - raft.server.log.statemachine.data.sync = true (default)
2021-08-11 09:32:52,558 [pool-121-thread-1] INFO  server.RaftServerConfigKeys (ConfUtils.java:logGet(44)) - raft.server.log.statemachine.data.sync.timeout = 10s (default)
2021-08-11 09:32:52,558 [pool-121-thread-1] INFO  server.RaftServerConfigKeys (ConfUtils.java:logGet(44)) - raft.server.log.statemachine.data.sync.timeout.retry = -1 (default)
2021-08-11 09:32:52,559 [pool-121-thread-1] INFO  server.RaftServerConfigKeys (ConfUtils.java:logGet(44)) - raft.server.log.write.buffer.size = 1048576 (custom)
2021-08-11 09:32:52,560 [pool-121-thread-1] INFO  server.RaftServerConfigKeys (ConfUtils.java:logGet(44)) - raft.server.log.statemachine.data.caching.enabled = true (custom)
2021-08-11 09:32:52,560 [pool-121-thread-1] INFO  segmented.SegmentedRaftLogWorker (SegmentedRaftLogWorker.java:lambda$new$0(133)) - 38f881b7-b275-4c01-b63b-cbadf9a83bb7@group-D6D58FE81DD1-SegmentedRaftLogWorker: flushIndex: setUnconditionally 0 -> -1
2021-08-11 09:32:52,560 [pool-121-thread-1] INFO  segmented.SegmentedRaftLogWorker (SegmentedRaftLogWorker.java:lambda$new$0(133)) - 38f881b7-b275-4c01-b63b-cbadf9a83bb7@group-D6D58FE81DD1-SegmentedRaftLogWorker: safeCacheEvictIndex: setUnconditionally 0 -> -1
2021-08-11 09:32:52,565 [pool-121-thread-1] INFO  server.RaftServerConfigKeys (ConfUtils.java:logGet(44)) - raft.server.snapshot.auto.trigger.enabled = true (custom)
2021-08-11 09:32:52,566 [pool-121-thread-1] INFO  server.RaftServerConfigKeys (ConfUtils.java:logGet(44)) - raft.server.snapshot.auto.trigger.threshold = 10000 (custom)
2021-08-11 09:32:52,566 [pool-121-thread-1] INFO  server.RaftServerConfigKeys (ConfUtils.java:logGet(44)) - raft.server.snapshot.retention.file.num = 5 (custom)
2021-08-11 09:32:52,567 [pool-121-thread-1] INFO  server.RaftServerConfigKeys (ConfUtils.java:logGet(44)) - raft.server.log.purge.upto.snapshot.index = false (default)
2021-08-11 09:32:52,567 [pool-121-thread-1] INFO  server.RaftServerConfigKeys (ConfUtils.java:logGet(44)) - raft.server.retrycache.expirytime = 600000ms (custom)
2021-08-11 09:32:52,567 [pool-121-thread-1] INFO  server.RaftServerConfigKeys (ConfUtils.java:logGet(44)) - raft.server.retrycache.statistics.expirytime = 100μs (default)
2021-08-11 09:32:52,570 [pool-121-thread-1] INFO  server.RaftServer$Division (RaftServerImpl.java:start(296)) - 38f881b7-b275-4c01-b63b-cbadf9a83bb7@group-D6D58FE81DD1: start as a follower, conf=-1: [b60ee0fa-9875-4659-a992-15428cc237f6|rpc:10.1.0.72:40875|priority:0, d64b0853-d6b7-49d8-ba95-e52466f10d35|rpc:10.1.0.72:33927|priority:1, 38f881b7-b275-4c01-b63b-cbadf9a83bb7|rpc:10.1.0.72:38245|priority:0], old=null
2021-08-11 09:32:52,578 [pool-121-thread-1] INFO  server.RaftServer$Division (RaftServerImpl.java:setRole(285)) - 38f881b7-b275-4c01-b63b-cbadf9a83bb7@group-D6D58FE81DD1: changes role from      null to FOLLOWER at term 0 for startAsFollower
2021-08-11 09:32:52,578 [pool-121-thread-1] INFO  impl.RoleInfo (RoleInfo.java:updateAndGet(130)) - 38f881b7-b275-4c01-b63b-cbadf9a83bb7: start 38f881b7-b275-4c01-b63b-cbadf9a83bb7@group-D6D58FE81DD1-FollowerState
2021-08-11 09:32:52,581 [pool-121-thread-1] INFO  util.JmxRegister (JmxRegister.java:tryRegister(44)) - Successfully registered JMX Bean with object name Ratis:service=RaftServer,group=group-D6D58FE81DD1,id=38f881b7-b275-4c01-b63b-cbadf9a83bb7
2021-08-11 09:32:52,582 [Command processor thread] INFO  ratis.XceiverServerRatis (XceiverServerRatis.java:addGroup(763)) - Created group PipelineID=93341c1c-b166-4b08-966e-d6d58fe81dd1
2021-08-11 09:32:52,825 [Command processor thread] INFO  server.RaftServer (RaftServerProxy.java:addNew(95)) - d64b0853-d6b7-49d8-ba95-e52466f10d35: addNew group-C5823A248441:[d64b0853-d6b7-49d8-ba95-e52466f10d35|rpc:10.1.0.72:33927|priority:1] returns group-C5823A248441:java.util.concurrent.CompletableFuture@6138f7ba[Not completed]
2021-08-11 09:32:52,844 [pool-140-thread-1] INFO  server.RaftServer$Division (RaftServerImpl.java:<init>(181)) - d64b0853-d6b7-49d8-ba95-e52466f10d35: new RaftServerImpl for group-C5823A248441:[d64b0853-d6b7-49d8-ba95-e52466f10d35|rpc:10.1.0.72:33927|priority:1] with ContainerStateMachine:uninitialized
2021-08-11 09:32:52,852 [pool-140-thread-1] INFO  server.RaftServerConfigKeys (ConfUtils.java:logGet(44)) - raft.server.rpc.timeout.min = 5s (custom)
2021-08-11 09:32:52,853 [pool-140-thread-1] INFO  server.RaftServerConfigKeys (ConfUtils.java:logGet(44)) - raft.server.rpc.timeout.max = 5200ms (custom)
2021-08-11 09:32:52,853 [pool-140-thread-1] INFO  server.RaftServerConfigKeys (ConfUtils.java:logGet(44)) - raft.server.rpc.sleep.time = 25ms (default)
2021-08-11 09:32:52,853 [pool-140-thread-1] INFO  server.RaftServerConfigKeys (ConfUtils.java:logGet(44)) - raft.server.rpc.slowness.timeout = 300s (custom)
2021-08-11 09:32:52,853 [pool-140-thread-1] INFO  server.RaftServerConfigKeys (ConfUtils.java:logGet(44)) - raft.server.leaderelection.leader.step-down.wait-time = 10s (default)
2021-08-11 09:32:52,853 [pool-140-thread-1] INFO  server.RaftServerConfigKeys (ConfUtils.java:logGet(44)) - raft.server.sleep.deviation.threshold = 300ms (default)
2021-08-11 09:32:52,853 [pool-140-thread-1] INFO  server.RaftServerConfigKeys (ConfUtils.java:logGet(44)) - raft.server.log.appender.install.snapshot.enabled = false (custom)
2021-08-11 09:32:52,853 [pool-140-thread-1] INFO  server.RaftServer$Division (ServerState.java:<init>(105)) - d64b0853-d6b7-49d8-ba95-e52466f10d35@group-C5823A248441: ConfigurationManager, init=-1: [d64b0853-d6b7-49d8-ba95-e52466f10d35|rpc:10.1.0.72:33927|priority:1], old=null, confs=<EMPTY_MAP>
2021-08-11 09:32:52,853 [pool-140-thread-1] INFO  server.RaftServerConfigKeys (ConfUtils.java:logGet(44)) - raft.server.storage.dir = [/home/runner/work/ozone/ozone/hadoop-ozone/integration-test/target/test-dir/MiniOzoneClusterImpl-79444004-0aa8-43fe-bb54-6fbc032fba86/datanode-1/data/ratis] (custom)
2021-08-11 09:32:52,853 [pool-140-thread-1] INFO  server.RaftServerConfigKeys (ConfUtils.java:logGet(44)) - raft.server.log.corruption.policy = EXCEPTION (default)
2021-08-11 09:32:52,854 [pool-140-thread-1] INFO  server.RaftServerConfigKeys (ConfUtils.java:logGet(44)) - raft.server.storage.free-space.min = 0MB (=0) (default)
2021-08-11 09:32:52,854 [pool-140-thread-1] INFO  storage.RaftStorageDirectory (RaftStorageDirectoryImpl.java:analyzeStorage(135)) - The storage directory /home/runner/work/ozone/ozone/hadoop-ozone/integration-test/target/test-dir/MiniOzoneClusterImpl-79444004-0aa8-43fe-bb54-6fbc032fba86/datanode-1/data/ratis/f7be1e62-c328-4f3f-a798-c5823a248441 does not exist. Creating ...
2021-08-11 09:32:52,855 [pool-140-thread-1] INFO  storage.RaftStorageDirectory (RaftStorageDirectoryImpl.java:tryLock(230)) - Lock on /home/runner/work/ozone/ozone/hadoop-ozone/integration-test/target/test-dir/MiniOzoneClusterImpl-79444004-0aa8-43fe-bb54-6fbc032fba86/datanode-1/data/ratis/f7be1e62-c328-4f3f-a798-c5823a248441/in_use.lock acquired by nodename 27974@fv-az116-101
2021-08-11 09:32:52,856 [pool-140-thread-1] INFO  storage.RaftStorage (RaftStorageImpl.java:format(89)) - Storage directory /home/runner/work/ozone/ozone/hadoop-ozone/integration-test/target/test-dir/MiniOzoneClusterImpl-79444004-0aa8-43fe-bb54-6fbc032fba86/datanode-1/data/ratis/f7be1e62-c328-4f3f-a798-c5823a248441 has been successfully formatted.
2021-08-11 09:32:52,857 [pool-140-thread-1] INFO  ratis.ContainerStateMachine (ContainerStateMachine.java:loadSnapshot(225)) - group-C5823A248441: The snapshot info is null. Setting the last applied indexto:(t:0, i:~)
2021-08-11 09:32:52,857 [pool-140-thread-1] INFO  server.RaftServerConfigKeys (ConfUtils.java:logGet(44)) - raft.server.notification.no-leader.timeout = 300s (custom)
2021-08-11 09:32:52,857 [pool-140-thread-1] INFO  server.RaftServerConfigKeys (ConfUtils.java:logGet(44)) - raft.server.log.use.memory = false (default)
2021-08-11 09:32:52,858 [Datanode State Machine Thread - 0] WARN  statemachine.StateContext (StateContext.java:execute(621)) - No available thread in pool for past 1 seconds.
2021-08-11 09:32:52,868 [pool-140-thread-1] INFO  server.RaftServerConfigKeys (ConfUtils.java:logGet(44)) - raft.server.log.purge.gap = 1000000 (custom)
2021-08-11 09:32:52,868 [pool-140-thread-1] INFO  server.RaftServerConfigKeys (ConfUtils.java:logGet(44)) - raft.server.log.appender.buffer.byte-limit = 33554432 (custom)
2021-08-11 09:32:52,869 [EventQueue-PipelineReportForPipelineReportHandler] INFO  pipeline.PipelineManagerImpl (PipelineManagerImpl.java:openPipeline(283)) - Pipeline Pipeline[ Id: f7be1e62-c328-4f3f-a798-c5823a248441, Nodes: d64b0853-d6b7-49d8-ba95-e52466f10d35{ip: 10.1.0.72, host: fv-az116-101.vzw04321ajxubdbcnpick5nqva.xx.internal.cloudapp.net, ports: [REPLICATION=38227, RATIS=33927, RATIS_ADMIN=33927, RATIS_SERVER=33927, STANDALONE=43173], networkLocation: /default-rack, certSerialId: null, persistedOpState: IN_SERVICE, persistedOpStateExpiryEpochSec: 0}, ReplicationConfig: RATIS/ONE, State:ALLOCATED, leaderId:d64b0853-d6b7-49d8-ba95-e52466f10d35, CreationTimestamp2021-08-11T09:32:49.833Z[Etc/UTC]] moved to OPEN state
2021-08-11 09:32:52,872 [pool-140-thread-1] INFO  server.RaftServerConfigKeys (ConfUtils.java:logGet(44)) - raft.server.log.segment.size.max = 1048576 (custom)
2021-08-11 09:32:52,873 [pool-140-thread-1] INFO  server.RaftServerConfigKeys (ConfUtils.java:logGet(44)) - raft.server.log.segment.cache.num.max = 2 (custom)
2021-08-11 09:32:52,873 [EventQueue-OpenPipelineForHealthyPipelineSafeModeRule] INFO  safemode.SCMSafeModeManager (HealthyPipelineSafeModeRule.java:process(124)) - SCM in safe mode. Healthy pipelines reported count is 0, required healthy pipeline reported count is 1
2021-08-11 09:32:52,873 [pool-140-thread-1] INFO  server.RaftServerConfigKeys (ConfUtils.java:logGet(44)) - raft.server.log.segment.cache.size.max = 200MB (=209715200) (default)
2021-08-11 09:32:52,874 [pool-140-thread-1] INFO  segmented.SegmentedRaftLogWorker (SegmentedRaftLogWorker.java:<init>(182)) - new d64b0853-d6b7-49d8-ba95-e52466f10d35@group-C5823A248441-SegmentedRaftLogWorker for RaftStorageImpl:Storage Directory /home/runner/work/ozone/ozone/hadoop-ozone/integration-test/target/test-dir/MiniOzoneClusterImpl-79444004-0aa8-43fe-bb54-6fbc032fba86/datanode-1/data/ratis/f7be1e62-c328-4f3f-a798-c5823a248441
2021-08-11 09:32:52,874 [pool-140-thread-1] INFO  server.RaftServerConfigKeys (ConfUtils.java:logGet(44)) - raft.server.log.queue.byte-limit = 2147483647 (custom)
2021-08-11 09:32:52,874 [pool-140-thread-1] INFO  server.RaftServerConfigKeys (ConfUtils.java:logGet(44)) - raft.server.log.queue.element-limit = 1024 (custom)
2021-08-11 09:32:52,874 [pool-140-thread-1] INFO  server.RaftServerConfigKeys (ConfUtils.java:logGet(44)) - raft.server.log.segment.size.max = 1048576 (custom)
2021-08-11 09:32:52,874 [pool-140-thread-1] INFO  server.RaftServerConfigKeys (ConfUtils.java:logGet(44)) - raft.server.log.preallocated.size = 16384 (custom)
2021-08-11 09:32:52,874 [pool-140-thread-1] INFO  server.RaftServerConfigKeys (ConfUtils.java:logGet(44)) - raft.server.log.force.sync.num = 128 (default)
2021-08-11 09:32:52,874 [pool-140-thread-1] INFO  server.RaftServerConfigKeys (ConfUtils.java:logGet(44)) - raft.server.log.statemachine.data.sync = true (default)
2021-08-11 09:32:52,874 [pool-140-thread-1] INFO  server.RaftServerConfigKeys (ConfUtils.java:logGet(44)) - raft.server.log.statemachine.data.sync.timeout = 10s (default)
2021-08-11 09:32:52,874 [pool-140-thread-1] INFO  server.RaftServerConfigKeys (ConfUtils.java:logGet(44)) - raft.server.log.statemachine.data.sync.timeout.retry = -1 (default)
2021-08-11 09:32:52,875 [pool-140-thread-1] INFO  server.RaftServerConfigKeys (ConfUtils.java:logGet(44)) - raft.server.log.write.buffer.size = 1048576 (custom)
2021-08-11 09:32:52,876 [pool-140-thread-1] INFO  server.RaftServerConfigKeys (ConfUtils.java:logGet(44)) - raft.server.log.statemachine.data.caching.enabled = true (custom)
2021-08-11 09:32:52,876 [pool-140-thread-1] INFO  segmented.SegmentedRaftLogWorker (SegmentedRaftLogWorker.java:lambda$new$0(133)) - d64b0853-d6b7-49d8-ba95-e52466f10d35@group-C5823A248441-SegmentedRaftLogWorker: flushIndex: setUnconditionally 0 -> -1
2021-08-11 09:32:52,876 [pool-140-thread-1] INFO  segmented.SegmentedRaftLogWorker (SegmentedRaftLogWorker.java:lambda$new$0(133)) - d64b0853-d6b7-49d8-ba95-e52466f10d35@group-C5823A248441-SegmentedRaftLogWorker: safeCacheEvictIndex: setUnconditionally 0 -> -1
2021-08-11 09:32:52,889 [pool-140-thread-1] INFO  server.RaftServerConfigKeys (ConfUtils.java:logGet(44)) - raft.server.snapshot.auto.trigger.enabled = true (custom)
2021-08-11 09:32:52,890 [pool-140-thread-1] INFO  server.RaftServerConfigKeys (ConfUtils.java:logGet(44)) - raft.server.snapshot.auto.trigger.threshold = 10000 (custom)
2021-08-11 09:32:52,890 [pool-140-thread-1] INFO  server.RaftServerConfigKeys (ConfUtils.java:logGet(44)) - raft.server.snapshot.retention.file.num = 5 (custom)
2021-08-11 09:32:52,890 [pool-140-thread-1] INFO  server.RaftServerConfigKeys (ConfUtils.java:logGet(44)) - raft.server.log.purge.upto.snapshot.index = false (default)
2021-08-11 09:32:52,890 [pool-140-thread-1] INFO  server.RaftServerConfigKeys (ConfUtils.java:logGet(44)) - raft.server.retrycache.expirytime = 600000ms (custom)
2021-08-11 09:32:52,890 [pool-140-thread-1] INFO  server.RaftServerConfigKeys (ConfUtils.java:logGet(44)) - raft.server.retrycache.statistics.expirytime = 100μs (default)
2021-08-11 09:32:52,892 [pool-140-thread-1] INFO  server.RaftServer$Division (RaftServerImpl.java:start(296)) - d64b0853-d6b7-49d8-ba95-e52466f10d35@group-C5823A248441: start as a follower, conf=-1: [d64b0853-d6b7-49d8-ba95-e52466f10d35|rpc:10.1.0.72:33927|priority:1], old=null
2021-08-11 09:32:52,892 [pool-140-thread-1] INFO  server.RaftServer$Division (RaftServerImpl.java:setRole(285)) - d64b0853-d6b7-49d8-ba95-e52466f10d35@group-C5823A248441: changes role from      null to FOLLOWER at term 0 for startAsFollower
2021-08-11 09:32:52,893 [pool-140-thread-1] INFO  impl.RoleInfo (RoleInfo.java:updateAndGet(130)) - d64b0853-d6b7-49d8-ba95-e52466f10d35: start d64b0853-d6b7-49d8-ba95-e52466f10d35@group-C5823A248441-FollowerState
2021-08-11 09:32:52,901 [pool-140-thread-1] INFO  util.JmxRegister (JmxRegister.java:tryRegister(44)) - Successfully registered JMX Bean with object name Ratis:service=RaftServer,group=group-C5823A248441,id=d64b0853-d6b7-49d8-ba95-e52466f10d35
2021-08-11 09:32:52,913 [Command processor thread] INFO  ratis.XceiverServerRatis (XceiverServerRatis.java:addGroup(763)) - Created group PipelineID=f7be1e62-c328-4f3f-a798-c5823a248441
2021-08-11 09:32:52,913 [Command processor thread] INFO  commandhandler.CreatePipelineCommandHandler (CreatePipelineCommandHandler.java:handle(106)) - Created Pipeline RATIS ONE PipelineID=f7be1e62-c328-4f3f-a798-c5823a248441.
2021-08-11 09:32:52,914 [Command processor thread] INFO  server.RaftServer (RaftServerProxy.java:addNew(95)) - d64b0853-d6b7-49d8-ba95-e52466f10d35: addNew group-D6D58FE81DD1:[b60ee0fa-9875-4659-a992-15428cc237f6|rpc:10.1.0.72:40875|priority:0, d64b0853-d6b7-49d8-ba95-e52466f10d35|rpc:10.1.0.72:33927|priority:1, 38f881b7-b275-4c01-b63b-cbadf9a83bb7|rpc:10.1.0.72:38245|priority:0] returns group-D6D58FE81DD1:java.util.concurrent.CompletableFuture@65076f45[Not completed]
2021-08-11 09:32:52,916 [pool-140-thread-1] INFO  server.RaftServer$Division (RaftServerImpl.java:<init>(181)) - d64b0853-d6b7-49d8-ba95-e52466f10d35: new RaftServerImpl for group-D6D58FE81DD1:[b60ee0fa-9875-4659-a992-15428cc237f6|rpc:10.1.0.72:40875|priority:0, d64b0853-d6b7-49d8-ba95-e52466f10d35|rpc:10.1.0.72:33927|priority:1, 38f881b7-b275-4c01-b63b-cbadf9a83bb7|rpc:10.1.0.72:38245|priority:0] with ContainerStateMachine:uninitialized
2021-08-11 09:32:52,916 [pool-140-thread-1] INFO  server.RaftServerConfigKeys (ConfUtils.java:logGet(44)) - raft.server.rpc.timeout.min = 5s (custom)
2021-08-11 09:32:52,916 [pool-140-thread-1] INFO  server.RaftServerConfigKeys (ConfUtils.java:logGet(44)) - raft.server.rpc.timeout.max = 5200ms (custom)
2021-08-11 09:32:52,916 [pool-140-thread-1] INFO  server.RaftServerConfigKeys (ConfUtils.java:logGet(44)) - raft.server.rpc.sleep.time = 25ms (default)
2021-08-11 09:32:52,916 [pool-140-thread-1] INFO  server.RaftServerConfigKeys (ConfUtils.java:logGet(44)) - raft.server.rpc.slowness.timeout = 300s (custom)
2021-08-11 09:32:52,916 [pool-140-thread-1] INFO  server.RaftServerConfigKeys (ConfUtils.java:logGet(44)) - raft.server.leaderelection.leader.step-down.wait-time = 10s (default)
2021-08-11 09:32:52,916 [pool-140-thread-1] INFO  server.RaftServerConfigKeys (ConfUtils.java:logGet(44)) - raft.server.sleep.deviation.threshold = 300ms (default)
2021-08-11 09:32:52,916 [pool-140-thread-1] INFO  server.RaftServerConfigKeys (ConfUtils.java:logGet(44)) - raft.server.log.appender.install.snapshot.enabled = false (custom)
2021-08-11 09:32:52,916 [pool-140-thread-1] INFO  server.RaftServer$Division (ServerState.java:<init>(105)) - d64b0853-d6b7-49d8-ba95-e52466f10d35@group-D6D58FE81DD1: ConfigurationManager, init=-1: [b60ee0fa-9875-4659-a992-15428cc237f6|rpc:10.1.0.72:40875|priority:0, d64b0853-d6b7-49d8-ba95-e52466f10d35|rpc:10.1.0.72:33927|priority:1, 38f881b7-b275-4c01-b63b-cbadf9a83bb7|rpc:10.1.0.72:38245|priority:0], old=null, confs=<EMPTY_MAP>
2021-08-11 09:32:52,916 [pool-140-thread-1] INFO  server.RaftServerConfigKeys (ConfUtils.java:logGet(44)) - raft.server.storage.dir = [/home/runner/work/ozone/ozone/hadoop-ozone/integration-test/target/test-dir/MiniOzoneClusterImpl-79444004-0aa8-43fe-bb54-6fbc032fba86/datanode-1/data/ratis] (custom)
2021-08-11 09:32:52,917 [pool-140-thread-1] INFO  server.RaftServerConfigKeys (ConfUtils.java:logGet(44)) - raft.server.log.corruption.policy = EXCEPTION (default)
2021-08-11 09:32:52,917 [pool-140-thread-1] INFO  server.RaftServerConfigKeys (ConfUtils.java:logGet(44)) - raft.server.storage.free-space.min = 0MB (=0) (default)
2021-08-11 09:32:52,917 [pool-140-thread-1] INFO  storage.RaftStorageDirectory (RaftStorageDirectoryImpl.java:analyzeStorage(135)) - The storage directory /home/runner/work/ozone/ozone/hadoop-ozone/integration-test/target/test-dir/MiniOzoneClusterImpl-79444004-0aa8-43fe-bb54-6fbc032fba86/datanode-1/data/ratis/93341c1c-b166-4b08-966e-d6d58fe81dd1 does not exist. Creating ...
2021-08-11 09:32:52,919 [pool-140-thread-1] INFO  storage.RaftStorageDirectory (RaftStorageDirectoryImpl.java:tryLock(230)) - Lock on /home/runner/work/ozone/ozone/hadoop-ozone/integration-test/target/test-dir/MiniOzoneClusterImpl-79444004-0aa8-43fe-bb54-6fbc032fba86/datanode-1/data/ratis/93341c1c-b166-4b08-966e-d6d58fe81dd1/in_use.lock acquired by nodename 27974@fv-az116-101
2021-08-11 09:32:52,920 [pool-140-thread-1] INFO  storage.RaftStorage (RaftStorageImpl.java:format(89)) - Storage directory /home/runner/work/ozone/ozone/hadoop-ozone/integration-test/target/test-dir/MiniOzoneClusterImpl-79444004-0aa8-43fe-bb54-6fbc032fba86/datanode-1/data/ratis/93341c1c-b166-4b08-966e-d6d58fe81dd1 has been successfully formatted.
2021-08-11 09:32:52,921 [Datanode State Machine Thread - 0] WARN  statemachine.StateContext (StateContext.java:execute(621)) - No available thread in pool for past 1 seconds.
2021-08-11 09:32:52,921 [pool-140-thread-1] INFO  ratis.ContainerStateMachine (ContainerStateMachine.java:loadSnapshot(225)) - group-D6D58FE81DD1: The snapshot info is null. Setting the last applied indexto:(t:0, i:~)
2021-08-11 09:32:52,922 [pool-140-thread-1] INFO  server.RaftServerConfigKeys (ConfUtils.java:logGet(44)) - raft.server.notification.no-leader.timeout = 300s (custom)
2021-08-11 09:32:52,922 [pool-140-thread-1] INFO  server.RaftServerConfigKeys (ConfUtils.java:logGet(44)) - raft.server.log.use.memory = false (default)
2021-08-11 09:32:52,922 [pool-140-thread-1] INFO  server.RaftServerConfigKeys (ConfUtils.java:logGet(44)) - raft.server.log.purge.gap = 1000000 (custom)
2021-08-11 09:32:52,924 [pool-140-thread-1] INFO  server.RaftServerConfigKeys (ConfUtils.java:logGet(44)) - raft.server.log.appender.buffer.byte-limit = 33554432 (custom)
2021-08-11 09:32:52,924 [pool-140-thread-1] INFO  server.RaftServerConfigKeys (ConfUtils.java:logGet(44)) - raft.server.log.segment.size.max = 1048576 (custom)
2021-08-11 09:32:52,924 [EventQueue-OpenPipelineForHealthyPipelineSafeModeRule] INFO  safemode.SCMSafeModeManager (HealthyPipelineSafeModeRule.java:process(124)) - SCM in safe mode. Healthy pipelines reported count is 0, required healthy pipeline reported count is 1
2021-08-11 09:32:52,925 [pool-140-thread-1] INFO  server.RaftServerConfigKeys (ConfUtils.java:logGet(44)) - raft.server.log.segment.cache.num.max = 2 (custom)
2021-08-11 09:32:52,925 [pool-140-thread-1] INFO  server.RaftServerConfigKeys (ConfUtils.java:logGet(44)) - raft.server.log.segment.cache.size.max = 200MB (=209715200) (default)
2021-08-11 09:32:52,925 [pool-140-thread-1] INFO  segmented.SegmentedRaftLogWorker (SegmentedRaftLogWorker.java:<init>(182)) - new d64b0853-d6b7-49d8-ba95-e52466f10d35@group-D6D58FE81DD1-SegmentedRaftLogWorker for RaftStorageImpl:Storage Directory /home/runner/work/ozone/ozone/hadoop-ozone/integration-test/target/test-dir/MiniOzoneClusterImpl-79444004-0aa8-43fe-bb54-6fbc032fba86/datanode-1/data/ratis/93341c1c-b166-4b08-966e-d6d58fe81dd1
2021-08-11 09:32:52,925 [pool-140-thread-1] INFO  server.RaftServerConfigKeys (ConfUtils.java:logGet(44)) - raft.server.log.queue.byte-limit = 2147483647 (custom)
2021-08-11 09:32:52,925 [pool-140-thread-1] INFO  server.RaftServerConfigKeys (ConfUtils.java:logGet(44)) - raft.server.log.queue.element-limit = 1024 (custom)
2021-08-11 09:32:52,925 [pool-140-thread-1] INFO  server.RaftServerConfigKeys (ConfUtils.java:logGet(44)) - raft.server.log.segment.size.max = 1048576 (custom)
2021-08-11 09:32:52,925 [pool-140-thread-1] INFO  server.RaftServerConfigKeys (ConfUtils.java:logGet(44)) - raft.server.log.preallocated.size = 16384 (custom)
2021-08-11 09:32:52,926 [pool-140-thread-1] INFO  server.RaftServerConfigKeys (ConfUtils.java:logGet(44)) - raft.server.log.force.sync.num = 128 (default)
2021-08-11 09:32:52,926 [pool-140-thread-1] INFO  server.RaftServerConfigKeys (ConfUtils.java:logGet(44)) - raft.server.log.statemachine.data.sync = true (default)
2021-08-11 09:32:52,926 [pool-140-thread-1] INFO  server.RaftServerConfigKeys (ConfUtils.java:logGet(44)) - raft.server.log.statemachine.data.sync.timeout = 10s (default)
2021-08-11 09:32:52,926 [pool-140-thread-1] INFO  server.RaftServerConfigKeys (ConfUtils.java:logGet(44)) - raft.server.log.statemachine.data.sync.timeout.retry = -1 (default)
2021-08-11 09:32:52,927 [pool-140-thread-1] INFO  server.RaftServerConfigKeys (ConfUtils.java:logGet(44)) - raft.server.log.write.buffer.size = 1048576 (custom)
2021-08-11 09:32:52,934 [pool-140-thread-1] INFO  server.RaftServerConfigKeys (ConfUtils.java:logGet(44)) - raft.server.log.statemachine.data.caching.enabled = true (custom)
2021-08-11 09:32:52,934 [pool-140-thread-1] INFO  segmented.SegmentedRaftLogWorker (SegmentedRaftLogWorker.java:lambda$new$0(133)) - d64b0853-d6b7-49d8-ba95-e52466f10d35@group-D6D58FE81DD1-SegmentedRaftLogWorker: flushIndex: setUnconditionally 0 -> -1
2021-08-11 09:32:52,934 [pool-140-thread-1] INFO  segmented.SegmentedRaftLogWorker (SegmentedRaftLogWorker.java:lambda$new$0(133)) - d64b0853-d6b7-49d8-ba95-e52466f10d35@group-D6D58FE81DD1-SegmentedRaftLogWorker: safeCacheEvictIndex: setUnconditionally 0 -> -1
2021-08-11 09:32:52,941 [pool-140-thread-1] INFO  server.RaftServerConfigKeys (ConfUtils.java:logGet(44)) - raft.server.snapshot.auto.trigger.enabled = true (custom)
2021-08-11 09:32:52,941 [pool-140-thread-1] INFO  server.RaftServerConfigKeys (ConfUtils.java:logGet(44)) - raft.server.snapshot.auto.trigger.threshold = 10000 (custom)
2021-08-11 09:32:52,941 [pool-140-thread-1] INFO  server.RaftServerConfigKeys (ConfUtils.java:logGet(44)) - raft.server.snapshot.retention.file.num = 5 (custom)
2021-08-11 09:32:52,941 [pool-140-thread-1] INFO  server.RaftServerConfigKeys (ConfUtils.java:logGet(44)) - raft.server.log.purge.upto.snapshot.index = false (default)
2021-08-11 09:32:52,942 [pool-140-thread-1] INFO  server.RaftServerConfigKeys (ConfUtils.java:logGet(44)) - raft.server.retrycache.expirytime = 600000ms (custom)
2021-08-11 09:32:52,942 [pool-140-thread-1] INFO  server.RaftServerConfigKeys (ConfUtils.java:logGet(44)) - raft.server.retrycache.statistics.expirytime = 100μs (default)
2021-08-11 09:32:52,943 [pool-140-thread-1] INFO  server.RaftServer$Division (RaftServerImpl.java:start(296)) - d64b0853-d6b7-49d8-ba95-e52466f10d35@group-D6D58FE81DD1: start as a follower, conf=-1: [b60ee0fa-9875-4659-a992-15428cc237f6|rpc:10.1.0.72:40875|priority:0, d64b0853-d6b7-49d8-ba95-e52466f10d35|rpc:10.1.0.72:33927|priority:1, 38f881b7-b275-4c01-b63b-cbadf9a83bb7|rpc:10.1.0.72:38245|priority:0], old=null
2021-08-11 09:32:52,943 [pool-140-thread-1] INFO  server.RaftServer$Division (RaftServerImpl.java:setRole(285)) - d64b0853-d6b7-49d8-ba95-e52466f10d35@group-D6D58FE81DD1: changes role from      null to FOLLOWER at term 0 for startAsFollower
2021-08-11 09:32:52,943 [pool-140-thread-1] INFO  impl.RoleInfo (RoleInfo.java:updateAndGet(130)) - d64b0853-d6b7-49d8-ba95-e52466f10d35: start d64b0853-d6b7-49d8-ba95-e52466f10d35@group-D6D58FE81DD1-FollowerState
2021-08-11 09:32:52,949 [pool-140-thread-1] INFO  util.JmxRegister (JmxRegister.java:tryRegister(44)) - Successfully registered JMX Bean with object name Ratis:service=RaftServer,group=group-D6D58FE81DD1,id=d64b0853-d6b7-49d8-ba95-e52466f10d35
2021-08-11 09:32:52,961 [Command processor thread] INFO  ratis.XceiverServerRatis (XceiverServerRatis.java:addGroup(763)) - Created group PipelineID=93341c1c-b166-4b08-966e-d6d58fe81dd1
2021-08-11 09:32:53,237 [grpc-default-executor-0] INFO  server.RaftServer (RaftServerProxy.java:addNew(95)) - b60ee0fa-9875-4659-a992-15428cc237f6: addNew group-D6D58FE81DD1:[b60ee0fa-9875-4659-a992-15428cc237f6|rpc:10.1.0.72:40875|dataStream:|priority:0, d64b0853-d6b7-49d8-ba95-e52466f10d35|rpc:10.1.0.72:33927|dataStream:|priority:1, 38f881b7-b275-4c01-b63b-cbadf9a83bb7|rpc:10.1.0.72:38245|dataStream:|priority:0] returns group-D6D58FE81DD1:java.util.concurrent.CompletableFuture@6a4ff2b[Not completed]
2021-08-11 09:32:53,242 [pool-159-thread-1] INFO  server.RaftServer$Division (RaftServerImpl.java:<init>(181)) - b60ee0fa-9875-4659-a992-15428cc237f6: new RaftServerImpl for group-D6D58FE81DD1:[b60ee0fa-9875-4659-a992-15428cc237f6|rpc:10.1.0.72:40875|dataStream:|priority:0, d64b0853-d6b7-49d8-ba95-e52466f10d35|rpc:10.1.0.72:33927|dataStream:|priority:1, 38f881b7-b275-4c01-b63b-cbadf9a83bb7|rpc:10.1.0.72:38245|dataStream:|priority:0] with ContainerStateMachine:uninitialized
2021-08-11 09:32:53,254 [pool-159-thread-1] INFO  server.RaftServerConfigKeys (ConfUtils.java:logGet(44)) - raft.server.rpc.timeout.min = 5s (custom)
2021-08-11 09:32:53,254 [pool-159-thread-1] INFO  server.RaftServerConfigKeys (ConfUtils.java:logGet(44)) - raft.server.rpc.timeout.max = 5200ms (custom)
2021-08-11 09:32:53,254 [pool-159-thread-1] INFO  server.RaftServerConfigKeys (ConfUtils.java:logGet(44)) - raft.server.rpc.sleep.time = 25ms (default)
2021-08-11 09:32:53,254 [pool-159-thread-1] INFO  server.RaftServerConfigKeys (ConfUtils.java:logGet(44)) - raft.server.rpc.slowness.timeout = 300s (custom)
2021-08-11 09:32:53,254 [pool-159-thread-1] INFO  server.RaftServerConfigKeys (ConfUtils.java:logGet(44)) - raft.server.leaderelection.leader.step-down.wait-time = 10s (default)
2021-08-11 09:32:53,254 [pool-159-thread-1] INFO  server.RaftServerConfigKeys (ConfUtils.java:logGet(44)) - raft.server.sleep.deviation.threshold = 300ms (default)
2021-08-11 09:32:53,254 [pool-159-thread-1] INFO  server.RaftServerConfigKeys (ConfUtils.java:logGet(44)) - raft.server.log.appender.install.snapshot.enabled = false (custom)
2021-08-11 09:32:53,255 [pool-159-thread-1] INFO  server.RaftServer$Division (ServerState.java:<init>(105)) - b60ee0fa-9875-4659-a992-15428cc237f6@group-D6D58FE81DD1: ConfigurationManager, init=-1: [b60ee0fa-9875-4659-a992-15428cc237f6|rpc:10.1.0.72:40875|dataStream:|priority:0, d64b0853-d6b7-49d8-ba95-e52466f10d35|rpc:10.1.0.72:33927|dataStream:|priority:1, 38f881b7-b275-4c01-b63b-cbadf9a83bb7|rpc:10.1.0.72:38245|dataStream:|priority:0], old=null, confs=<EMPTY_MAP>
2021-08-11 09:32:53,255 [pool-159-thread-1] INFO  server.RaftServerConfigKeys (ConfUtils.java:logGet(44)) - raft.server.storage.dir = [/home/runner/work/ozone/ozone/hadoop-ozone/integration-test/target/test-dir/MiniOzoneClusterImpl-79444004-0aa8-43fe-bb54-6fbc032fba86/datanode-2/data/ratis] (custom)
2021-08-11 09:32:53,255 [pool-159-thread-1] INFO  server.RaftServerConfigKeys (ConfUtils.java:logGet(44)) - raft.server.log.corruption.policy = EXCEPTION (default)
2021-08-11 09:32:53,255 [pool-159-thread-1] INFO  server.RaftServerConfigKeys (ConfUtils.java:logGet(44)) - raft.server.storage.free-space.min = 0MB (=0) (default)
2021-08-11 09:32:53,255 [pool-159-thread-1] INFO  storage.RaftStorageDirectory (RaftStorageDirectoryImpl.java:analyzeStorage(135)) - The storage directory /home/runner/work/ozone/ozone/hadoop-ozone/integration-test/target/test-dir/MiniOzoneClusterImpl-79444004-0aa8-43fe-bb54-6fbc032fba86/datanode-2/data/ratis/93341c1c-b166-4b08-966e-d6d58fe81dd1 does not exist. Creating ...
2021-08-11 09:32:53,256 [Listener at 127.0.0.1/44993] INFO  ozone.MiniOzoneClusterImpl (MiniOzoneClusterImpl.java:lambda$waitForClusterToBeReady$0(235)) - Nodes are ready. Got 3 of 3 DN Heartbeats.
2021-08-11 09:32:53,257 [Listener at 127.0.0.1/44993] INFO  ozone.MiniOzoneClusterImpl (MiniOzoneClusterImpl.java:lambda$waitForClusterToBeReady$0(238)) - Waiting for cluster to exit safe mode
2021-08-11 09:32:53,257 [Listener at 127.0.0.1/44993] INFO  ozone.MiniOzoneClusterImpl (MiniOzoneClusterImpl.java:lambda$waitForClusterToBeReady$0(240)) - SCM became leader
2021-08-11 09:32:53,258 [pool-159-thread-1] INFO  storage.RaftStorageDirectory (RaftStorageDirectoryImpl.java:tryLock(230)) - Lock on /home/runner/work/ozone/ozone/hadoop-ozone/integration-test/target/test-dir/MiniOzoneClusterImpl-79444004-0aa8-43fe-bb54-6fbc032fba86/datanode-2/data/ratis/93341c1c-b166-4b08-966e-d6d58fe81dd1/in_use.lock acquired by nodename 27974@fv-az116-101
2021-08-11 09:32:53,259 [pool-159-thread-1] INFO  storage.RaftStorage (RaftStorageImpl.java:format(89)) - Storage directory /home/runner/work/ozone/ozone/hadoop-ozone/integration-test/target/test-dir/MiniOzoneClusterImpl-79444004-0aa8-43fe-bb54-6fbc032fba86/datanode-2/data/ratis/93341c1c-b166-4b08-966e-d6d58fe81dd1 has been successfully formatted.
2021-08-11 09:32:53,273 [pool-159-thread-1] INFO  ratis.ContainerStateMachine (ContainerStateMachine.java:loadSnapshot(225)) - group-D6D58FE81DD1: The snapshot info is null. Setting the last applied indexto:(t:0, i:~)
2021-08-11 09:32:53,273 [pool-159-thread-1] INFO  server.RaftServerConfigKeys (ConfUtils.java:logGet(44)) - raft.server.notification.no-leader.timeout = 300s (custom)
2021-08-11 09:32:53,274 [pool-159-thread-1] INFO  server.RaftServerConfigKeys (ConfUtils.java:logGet(44)) - raft.server.log.use.memory = false (default)
2021-08-11 09:32:53,274 [pool-159-thread-1] INFO  server.RaftServerConfigKeys (ConfUtils.java:logGet(44)) - raft.server.log.purge.gap = 1000000 (custom)
2021-08-11 09:32:53,274 [pool-159-thread-1] INFO  server.RaftServerConfigKeys (ConfUtils.java:logGet(44)) - raft.server.log.appender.buffer.byte-limit = 33554432 (custom)
2021-08-11 09:32:53,274 [pool-159-thread-1] INFO  server.RaftServerConfigKeys (ConfUtils.java:logGet(44)) - raft.server.log.segment.size.max = 1048576 (custom)
2021-08-11 09:32:53,275 [pool-159-thread-1] INFO  server.RaftServerConfigKeys (ConfUtils.java:logGet(44)) - raft.server.log.segment.cache.num.max = 2 (custom)
2021-08-11 09:32:53,275 [pool-159-thread-1] INFO  server.RaftServerConfigKeys (ConfUtils.java:logGet(44)) - raft.server.log.segment.cache.size.max = 200MB (=209715200) (default)
2021-08-11 09:32:53,276 [pool-159-thread-1] INFO  segmented.SegmentedRaftLogWorker (SegmentedRaftLogWorker.java:<init>(182)) - new b60ee0fa-9875-4659-a992-15428cc237f6@group-D6D58FE81DD1-SegmentedRaftLogWorker for RaftStorageImpl:Storage Directory /home/runner/work/ozone/ozone/hadoop-ozone/integration-test/target/test-dir/MiniOzoneClusterImpl-79444004-0aa8-43fe-bb54-6fbc032fba86/datanode-2/data/ratis/93341c1c-b166-4b08-966e-d6d58fe81dd1
2021-08-11 09:32:53,276 [pool-159-thread-1] INFO  server.RaftServerConfigKeys (ConfUtils.java:logGet(44)) - raft.server.log.queue.byte-limit = 2147483647 (custom)
2021-08-11 09:32:53,278 [pool-159-thread-1] INFO  server.RaftServerConfigKeys (ConfUtils.java:logGet(44)) - raft.server.log.queue.element-limit = 1024 (custom)
2021-08-11 09:32:53,278 [pool-159-thread-1] INFO  server.RaftServerConfigKeys (ConfUtils.java:logGet(44)) - raft.server.log.segment.size.max = 1048576 (custom)
2021-08-11 09:32:53,278 [pool-159-thread-1] INFO  server.RaftServerConfigKeys (ConfUtils.java:logGet(44)) - raft.server.log.preallocated.size = 16384 (custom)
2021-08-11 09:32:53,278 [pool-159-thread-1] INFO  server.RaftServerConfigKeys (ConfUtils.java:logGet(44)) - raft.server.log.force.sync.num = 128 (default)
2021-08-11 09:32:53,278 [pool-159-thread-1] INFO  server.RaftServerConfigKeys (ConfUtils.java:logGet(44)) - raft.server.log.statemachine.data.sync = true (default)
2021-08-11 09:32:53,278 [pool-159-thread-1] INFO  server.RaftServerConfigKeys (ConfUtils.java:logGet(44)) - raft.server.log.statemachine.data.sync.timeout = 10s (default)
2021-08-11 09:32:53,278 [pool-159-thread-1] INFO  server.RaftServerConfigKeys (ConfUtils.java:logGet(44)) - raft.server.log.statemachine.data.sync.timeout.retry = -1 (default)
2021-08-11 09:32:53,278 [Command processor thread] INFO  server.RaftServer (RaftServerProxy.java:addNew(95)) - b60ee0fa-9875-4659-a992-15428cc237f6: addNew group-9480A39DA203:[b60ee0fa-9875-4659-a992-15428cc237f6|rpc:10.1.0.72:40875|priority:1] returns group-9480A39DA203:java.util.concurrent.CompletableFuture@113be85e[Not completed]
2021-08-11 09:32:53,279 [Datanode State Machine Thread - 0] WARN  statemachine.StateContext (StateContext.java:execute(621)) - No available thread in pool for past 1 seconds.
2021-08-11 09:32:53,279 [pool-159-thread-1] INFO  server.RaftServerConfigKeys (ConfUtils.java:logGet(44)) - raft.server.log.write.buffer.size = 1048576 (custom)
2021-08-11 09:32:53,280 [pool-159-thread-1] INFO  server.RaftServerConfigKeys (ConfUtils.java:logGet(44)) - raft.server.log.statemachine.data.caching.enabled = true (custom)
2021-08-11 09:32:53,280 [pool-159-thread-1] INFO  segmented.SegmentedRaftLogWorker (SegmentedRaftLogWorker.java:lambda$new$0(133)) - b60ee0fa-9875-4659-a992-15428cc237f6@group-D6D58FE81DD1-SegmentedRaftLogWorker: flushIndex: setUnconditionally 0 -> -1
2021-08-11 09:32:53,280 [pool-159-thread-1] INFO  segmented.SegmentedRaftLogWorker (SegmentedRaftLogWorker.java:lambda$new$0(133)) - b60ee0fa-9875-4659-a992-15428cc237f6@group-D6D58FE81DD1-SegmentedRaftLogWorker: safeCacheEvictIndex: setUnconditionally 0 -> -1
2021-08-11 09:32:53,285 [pool-159-thread-1] INFO  server.RaftServerConfigKeys (ConfUtils.java:logGet(44)) - raft.server.snapshot.auto.trigger.enabled = true (custom)
2021-08-11 09:32:53,285 [pool-159-thread-1] INFO  server.RaftServerConfigKeys (ConfUtils.java:logGet(44)) - raft.server.snapshot.auto.trigger.threshold = 10000 (custom)
2021-08-11 09:32:53,285 [pool-159-thread-1] INFO  server.RaftServerConfigKeys (ConfUtils.java:logGet(44)) - raft.server.snapshot.retention.file.num = 5 (custom)
2021-08-11 09:32:53,285 [pool-159-thread-1] INFO  server.RaftServerConfigKeys (ConfUtils.java:logGet(44)) - raft.server.log.purge.upto.snapshot.index = false (default)
2021-08-11 09:32:53,285 [pool-159-thread-1] INFO  server.RaftServerConfigKeys (ConfUtils.java:logGet(44)) - raft.server.retrycache.expirytime = 600000ms (custom)
2021-08-11 09:32:53,286 [pool-159-thread-1] INFO  server.RaftServerConfigKeys (ConfUtils.java:logGet(44)) - raft.server.retrycache.statistics.expirytime = 100μs (default)
2021-08-11 09:32:53,294 [pool-159-thread-1] INFO  server.RaftServer$Division (RaftServerImpl.java:<init>(181)) - b60ee0fa-9875-4659-a992-15428cc237f6: new RaftServerImpl for group-9480A39DA203:[b60ee0fa-9875-4659-a992-15428cc237f6|rpc:10.1.0.72:40875|priority:1] with ContainerStateMachine:uninitialized
2021-08-11 09:32:53,294 [pool-159-thread-1] INFO  server.RaftServerConfigKeys (ConfUtils.java:logGet(44)) - raft.server.rpc.timeout.min = 5s (custom)
2021-08-11 09:32:53,294 [pool-159-thread-1] INFO  server.RaftServerConfigKeys (ConfUtils.java:logGet(44)) - raft.server.rpc.timeout.max = 5200ms (custom)
2021-08-11 09:32:53,294 [pool-159-thread-1] INFO  server.RaftServerConfigKeys (ConfUtils.java:logGet(44)) - raft.server.rpc.sleep.time = 25ms (default)
2021-08-11 09:32:53,294 [pool-159-thread-1] INFO  server.RaftServerConfigKeys (ConfUtils.java:logGet(44)) - raft.server.rpc.slowness.timeout = 300s (custom)
2021-08-11 09:32:53,294 [pool-159-thread-1] INFO  server.RaftServerConfigKeys (ConfUtils.java:logGet(44)) - raft.server.leaderelection.leader.step-down.wait-time = 10s (default)
2021-08-11 09:32:53,294 [pool-159-thread-1] INFO  server.RaftServerConfigKeys (ConfUtils.java:logGet(44)) - raft.server.sleep.deviation.threshold = 300ms (default)
2021-08-11 09:32:53,294 [pool-159-thread-1] INFO  server.RaftServerConfigKeys (ConfUtils.java:logGet(44)) - raft.server.log.appender.install.snapshot.enabled = false (custom)
2021-08-11 09:32:53,295 [pool-159-thread-1] INFO  server.RaftServer$Division (ServerState.java:<init>(105)) - b60ee0fa-9875-4659-a992-15428cc237f6@group-9480A39DA203: ConfigurationManager, init=-1: [b60ee0fa-9875-4659-a992-15428cc237f6|rpc:10.1.0.72:40875|priority:1], old=null, confs=<EMPTY_MAP>
2021-08-11 09:32:53,295 [pool-159-thread-1] INFO  server.RaftServerConfigKeys (ConfUtils.java:logGet(44)) - raft.server.storage.dir = [/home/runner/work/ozone/ozone/hadoop-ozone/integration-test/target/test-dir/MiniOzoneClusterImpl-79444004-0aa8-43fe-bb54-6fbc032fba86/datanode-2/data/ratis] (custom)
2021-08-11 09:32:53,295 [pool-159-thread-1] INFO  server.RaftServerConfigKeys (ConfUtils.java:logGet(44)) - raft.server.log.corruption.policy = EXCEPTION (default)
2021-08-11 09:32:53,295 [pool-159-thread-1] INFO  server.RaftServerConfigKeys (ConfUtils.java:logGet(44)) - raft.server.storage.free-space.min = 0MB (=0) (default)
2021-08-11 09:32:53,295 [pool-159-thread-1] INFO  storage.RaftStorageDirectory (RaftStorageDirectoryImpl.java:analyzeStorage(135)) - The storage directory /home/runner/work/ozone/ozone/hadoop-ozone/integration-test/target/test-dir/MiniOzoneClusterImpl-79444004-0aa8-43fe-bb54-6fbc032fba86/datanode-2/data/ratis/7735f9a1-a505-465c-b7e0-9480a39da203 does not exist. Creating ...
2021-08-11 09:32:53,297 [pool-159-thread-1] INFO  storage.RaftStorageDirectory (RaftStorageDirectoryImpl.java:tryLock(230)) - Lock on /home/runner/work/ozone/ozone/hadoop-ozone/integration-test/target/test-dir/MiniOzoneClusterImpl-79444004-0aa8-43fe-bb54-6fbc032fba86/datanode-2/data/ratis/7735f9a1-a505-465c-b7e0-9480a39da203/in_use.lock acquired by nodename 27974@fv-az116-101
2021-08-11 09:32:53,305 [pool-159-thread-1] INFO  storage.RaftStorage (RaftStorageImpl.java:format(89)) - Storage directory /home/runner/work/ozone/ozone/hadoop-ozone/integration-test/target/test-dir/MiniOzoneClusterImpl-79444004-0aa8-43fe-bb54-6fbc032fba86/datanode-2/data/ratis/7735f9a1-a505-465c-b7e0-9480a39da203 has been successfully formatted.
2021-08-11 09:32:53,306 [Datanode State Machine Thread - 0] WARN  statemachine.StateContext (StateContext.java:execute(621)) - No available thread in pool for past 1 seconds.
2021-08-11 09:32:53,306 [pool-159-thread-1] INFO  ratis.ContainerStateMachine (ContainerStateMachine.java:loadSnapshot(225)) - group-9480A39DA203: The snapshot info is null. Setting the last applied indexto:(t:0, i:~)
2021-08-11 09:32:53,306 [pool-159-thread-1] INFO  server.RaftServerConfigKeys (ConfUtils.java:logGet(44)) - raft.server.notification.no-leader.timeout = 300s (custom)
2021-08-11 09:32:53,306 [pool-159-thread-1] INFO  server.RaftServerConfigKeys (ConfUtils.java:logGet(44)) - raft.server.log.use.memory = false (default)
2021-08-11 09:32:53,306 [pool-159-thread-1] INFO  server.RaftServerConfigKeys (ConfUtils.java:logGet(44)) - raft.server.log.purge.gap = 1000000 (custom)
2021-08-11 09:32:53,306 [pool-159-thread-1] INFO  server.RaftServerConfigKeys (ConfUtils.java:logGet(44)) - raft.server.log.appender.buffer.byte-limit = 33554432 (custom)
2021-08-11 09:32:53,308 [EventQueue-PipelineReportForPipelineReportHandler] INFO  pipeline.PipelineManagerImpl (PipelineManagerImpl.java:openPipeline(283)) - Pipeline Pipeline[ Id: 7735f9a1-a505-465c-b7e0-9480a39da203, Nodes: b60ee0fa-9875-4659-a992-15428cc237f6{ip: 10.1.0.72, host: fv-az116-101.vzw04321ajxubdbcnpick5nqva.xx.internal.cloudapp.net, ports: [REPLICATION=45119, RATIS=40875, RATIS_ADMIN=40875, RATIS_SERVER=40875, STANDALONE=44741], networkLocation: /default-rack, certSerialId: null, persistedOpState: IN_SERVICE, persistedOpStateExpiryEpochSec: 0}, ReplicationConfig: RATIS/ONE, State:ALLOCATED, leaderId:b60ee0fa-9875-4659-a992-15428cc237f6, CreationTimestamp2021-08-11T09:32:50.284Z[Etc/UTC]] moved to OPEN state
2021-08-11 09:32:53,308 [EventQueue-OpenPipelineForHealthyPipelineSafeModeRule] INFO  safemode.SCMSafeModeManager (HealthyPipelineSafeModeRule.java:process(124)) - SCM in safe mode. Healthy pipelines reported count is 0, required healthy pipeline reported count is 1
2021-08-11 09:32:53,309 [pool-159-thread-1] INFO  server.RaftServerConfigKeys (ConfUtils.java:logGet(44)) - raft.server.log.segment.size.max = 1048576 (custom)
2021-08-11 09:32:53,310 [pool-159-thread-1] INFO  server.RaftServerConfigKeys (ConfUtils.java:logGet(44)) - raft.server.log.segment.cache.num.max = 2 (custom)
2021-08-11 09:32:53,310 [pool-159-thread-1] INFO  server.RaftServerConfigKeys (ConfUtils.java:logGet(44)) - raft.server.log.segment.cache.size.max = 200MB (=209715200) (default)
2021-08-11 09:32:53,310 [pool-159-thread-1] INFO  segmented.SegmentedRaftLogWorker (SegmentedRaftLogWorker.java:<init>(182)) - new b60ee0fa-9875-4659-a992-15428cc237f6@group-9480A39DA203-SegmentedRaftLogWorker for RaftStorageImpl:Storage Directory /home/runner/work/ozone/ozone/hadoop-ozone/integration-test/target/test-dir/MiniOzoneClusterImpl-79444004-0aa8-43fe-bb54-6fbc032fba86/datanode-2/data/ratis/7735f9a1-a505-465c-b7e0-9480a39da203
2021-08-11 09:32:53,310 [pool-159-thread-1] INFO  server.RaftServerConfigKeys (ConfUtils.java:logGet(44)) - raft.server.log.queue.byte-limit = 2147483647 (custom)
2021-08-11 09:32:53,310 [pool-159-thread-1] INFO  server.RaftServerConfigKeys (ConfUtils.java:logGet(44)) - raft.server.log.queue.element-limit = 1024 (custom)
2021-08-11 09:32:53,310 [pool-159-thread-1] INFO  server.RaftServerConfigKeys (ConfUtils.java:logGet(44)) - raft.server.log.segment.size.max = 1048576 (custom)
2021-08-11 09:32:53,310 [pool-159-thread-1] INFO  server.RaftServerConfigKeys (ConfUtils.java:logGet(44)) - raft.server.log.preallocated.size = 16384 (custom)
2021-08-11 09:32:53,310 [pool-159-thread-1] INFO  server.RaftServerConfigKeys (ConfUtils.java:logGet(44)) - raft.server.log.force.sync.num = 128 (default)
2021-08-11 09:32:53,311 [pool-159-thread-1] INFO  server.RaftServerConfigKeys (ConfUtils.java:logGet(44)) - raft.server.log.statemachine.data.sync = true (default)
2021-08-11 09:32:53,311 [pool-159-thread-1] INFO  server.RaftServerConfigKeys (ConfUtils.java:logGet(44)) - raft.server.log.statemachine.data.sync.timeout = 10s (default)
2021-08-11 09:32:53,311 [pool-159-thread-1] INFO  server.RaftServerConfigKeys (ConfUtils.java:logGet(44)) - raft.server.log.statemachine.data.sync.timeout.retry = -1 (default)
2021-08-11 09:32:53,312 [pool-159-thread-1] INFO  server.RaftServerConfigKeys (ConfUtils.java:logGet(44)) - raft.server.log.write.buffer.size = 1048576 (custom)
2021-08-11 09:32:53,312 [pool-159-thread-1] INFO  server.RaftServerConfigKeys (ConfUtils.java:logGet(44)) - raft.server.log.statemachine.data.caching.enabled = true (custom)
2021-08-11 09:32:53,313 [pool-159-thread-1] INFO  segmented.SegmentedRaftLogWorker (SegmentedRaftLogWorker.java:lambda$new$0(133)) - b60ee0fa-9875-4659-a992-15428cc237f6@group-9480A39DA203-SegmentedRaftLogWorker: flushIndex: setUnconditionally 0 -> -1
2021-08-11 09:32:53,313 [pool-159-thread-1] INFO  segmented.SegmentedRaftLogWorker (SegmentedRaftLogWorker.java:lambda$new$0(133)) - b60ee0fa-9875-4659-a992-15428cc237f6@group-9480A39DA203-SegmentedRaftLogWorker: safeCacheEvictIndex: setUnconditionally 0 -> -1
2021-08-11 09:32:53,315 [pool-159-thread-1] INFO  server.RaftServerConfigKeys (ConfUtils.java:logGet(44)) - raft.server.snapshot.auto.trigger.enabled = true (custom)
2021-08-11 09:32:53,315 [pool-159-thread-1] INFO  server.RaftServerConfigKeys (ConfUtils.java:logGet(44)) - raft.server.snapshot.auto.trigger.threshold = 10000 (custom)
2021-08-11 09:32:53,315 [pool-159-thread-1] INFO  server.RaftServerConfigKeys (ConfUtils.java:logGet(44)) - raft.server.snapshot.retention.file.num = 5 (custom)
2021-08-11 09:32:53,315 [pool-159-thread-1] INFO  server.RaftServerConfigKeys (ConfUtils.java:logGet(44)) - raft.server.log.purge.upto.snapshot.index = false (default)
2021-08-11 09:32:53,316 [pool-159-thread-1] INFO  server.RaftServerConfigKeys (ConfUtils.java:logGet(44)) - raft.server.retrycache.expirytime = 600000ms (custom)
2021-08-11 09:32:53,320 [pool-159-thread-1] INFO  server.RaftServerConfigKeys (ConfUtils.java:logGet(44)) - raft.server.retrycache.statistics.expirytime = 100μs (default)
2021-08-11 09:32:53,321 [pool-159-thread-1] INFO  server.RaftServer$Division (RaftServerImpl.java:start(296)) - b60ee0fa-9875-4659-a992-15428cc237f6@group-D6D58FE81DD1: start as a follower, conf=-1: [b60ee0fa-9875-4659-a992-15428cc237f6|rpc:10.1.0.72:40875|dataStream:|priority:0, d64b0853-d6b7-49d8-ba95-e52466f10d35|rpc:10.1.0.72:33927|dataStream:|priority:1, 38f881b7-b275-4c01-b63b-cbadf9a83bb7|rpc:10.1.0.72:38245|dataStream:|priority:0], old=null
2021-08-11 09:32:53,321 [pool-159-thread-1] INFO  server.RaftServer$Division (RaftServerImpl.java:setRole(285)) - b60ee0fa-9875-4659-a992-15428cc237f6@group-D6D58FE81DD1: changes role from      null to FOLLOWER at term 0 for startAsFollower
2021-08-11 09:32:53,322 [pool-159-thread-1] INFO  impl.RoleInfo (RoleInfo.java:updateAndGet(130)) - b60ee0fa-9875-4659-a992-15428cc237f6: start b60ee0fa-9875-4659-a992-15428cc237f6@group-D6D58FE81DD1-FollowerState
2021-08-11 09:32:53,326 [pool-159-thread-1] INFO  util.JmxRegister (JmxRegister.java:tryRegister(44)) - Successfully registered JMX Bean with object name Ratis:service=RaftServer,group=group-D6D58FE81DD1,id=b60ee0fa-9875-4659-a992-15428cc237f6
2021-08-11 09:32:53,333 [pool-159-thread-1] INFO  server.RaftServer$Division (RaftServerImpl.java:start(296)) - b60ee0fa-9875-4659-a992-15428cc237f6@group-9480A39DA203: start as a follower, conf=-1: [b60ee0fa-9875-4659-a992-15428cc237f6|rpc:10.1.0.72:40875|priority:1], old=null
2021-08-11 09:32:53,333 [pool-159-thread-1] INFO  server.RaftServer$Division (RaftServerImpl.java:setRole(285)) - b60ee0fa-9875-4659-a992-15428cc237f6@group-9480A39DA203: changes role from      null to FOLLOWER at term 0 for startAsFollower
2021-08-11 09:32:53,333 [pool-159-thread-1] INFO  impl.RoleInfo (RoleInfo.java:updateAndGet(130)) - b60ee0fa-9875-4659-a992-15428cc237f6: start b60ee0fa-9875-4659-a992-15428cc237f6@group-9480A39DA203-FollowerState
2021-08-11 09:32:53,353 [pool-159-thread-1] INFO  util.JmxRegister (JmxRegister.java:tryRegister(44)) - Successfully registered JMX Bean with object name Ratis:service=RaftServer,group=group-9480A39DA203,id=b60ee0fa-9875-4659-a992-15428cc237f6
2021-08-11 09:32:53,372 [Command processor thread] INFO  ratis.XceiverServerRatis (XceiverServerRatis.java:addGroup(763)) - Created group PipelineID=7735f9a1-a505-465c-b7e0-9480a39da203
2021-08-11 09:32:53,373 [Command processor thread] INFO  commandhandler.CreatePipelineCommandHandler (CreatePipelineCommandHandler.java:handle(106)) - Created Pipeline RATIS ONE PipelineID=7735f9a1-a505-465c-b7e0-9480a39da203.
2021-08-11 09:32:53,536 [Command processor thread] INFO  commandhandler.CreatePipelineCommandHandler (CreatePipelineCommandHandler.java:handle(106)) - Created Pipeline RATIS THREE PipelineID=93341c1c-b166-4b08-966e-d6d58fe81dd1.
2021-08-11 09:32:53,549 [Command processor thread] INFO  commandhandler.CreatePipelineCommandHandler (CreatePipelineCommandHandler.java:handle(106)) - Created Pipeline RATIS THREE PipelineID=93341c1c-b166-4b08-966e-d6d58fe81dd1.
2021-08-11 09:32:54,257 [Listener at 127.0.0.1/44993] INFO  ozone.MiniOzoneClusterImpl (MiniOzoneClusterImpl.java:lambda$waitForClusterToBeReady$0(235)) - Nodes are ready. Got 3 of 3 DN Heartbeats.
2021-08-11 09:32:54,257 [Listener at 127.0.0.1/44993] INFO  ozone.MiniOzoneClusterImpl (MiniOzoneClusterImpl.java:lambda$waitForClusterToBeReady$0(238)) - Waiting for cluster to exit safe mode
2021-08-11 09:32:54,257 [Listener at 127.0.0.1/44993] INFO  ozone.MiniOzoneClusterImpl (MiniOzoneClusterImpl.java:lambda$waitForClusterToBeReady$0(240)) - SCM became leader
2021-08-11 09:32:55,258 [Listener at 127.0.0.1/44993] INFO  ozone.MiniOzoneClusterImpl (MiniOzoneClusterImpl.java:lambda$waitForClusterToBeReady$0(235)) - Nodes are ready. Got 3 of 3 DN Heartbeats.
2021-08-11 09:32:55,258 [Listener at 127.0.0.1/44993] INFO  ozone.MiniOzoneClusterImpl (MiniOzoneClusterImpl.java:lambda$waitForClusterToBeReady$0(238)) - Waiting for cluster to exit safe mode
2021-08-11 09:32:55,258 [Listener at 127.0.0.1/44993] INFO  ozone.MiniOzoneClusterImpl (MiniOzoneClusterImpl.java:lambda$waitForClusterToBeReady$0(240)) - SCM became leader
2021-08-11 09:32:56,258 [Listener at 127.0.0.1/44993] INFO  ozone.MiniOzoneClusterImpl (MiniOzoneClusterImpl.java:lambda$waitForClusterToBeReady$0(235)) - Nodes are ready. Got 3 of 3 DN Heartbeats.
2021-08-11 09:32:56,258 [Listener at 127.0.0.1/44993] INFO  ozone.MiniOzoneClusterImpl (MiniOzoneClusterImpl.java:lambda$waitForClusterToBeReady$0(238)) - Waiting for cluster to exit safe mode
2021-08-11 09:32:56,258 [Listener at 127.0.0.1/44993] INFO  ozone.MiniOzoneClusterImpl (MiniOzoneClusterImpl.java:lambda$waitForClusterToBeReady$0(240)) - SCM became leader
2021-08-11 09:32:57,259 [Listener at 127.0.0.1/44993] INFO  ozone.MiniOzoneClusterImpl (MiniOzoneClusterImpl.java:lambda$waitForClusterToBeReady$0(235)) - Nodes are ready. Got 3 of 3 DN Heartbeats.
2021-08-11 09:32:57,259 [Listener at 127.0.0.1/44993] INFO  ozone.MiniOzoneClusterImpl (MiniOzoneClusterImpl.java:lambda$waitForClusterToBeReady$0(238)) - Waiting for cluster to exit safe mode
2021-08-11 09:32:57,259 [Listener at 127.0.0.1/44993] INFO  ozone.MiniOzoneClusterImpl (MiniOzoneClusterImpl.java:lambda$waitForClusterToBeReady$0(240)) - SCM became leader
2021-08-11 09:32:57,624 [38f881b7-b275-4c01-b63b-cbadf9a83bb7@group-DA21D3ECD3B3-FollowerState] INFO  impl.FollowerState (FollowerState.java:run(134)) - 38f881b7-b275-4c01-b63b-cbadf9a83bb7@group-DA21D3ECD3B3-FollowerState: change to CANDIDATE, lastRpcElapsedTime:5081694682ns, electionTimeout:5080ms
2021-08-11 09:32:57,624 [38f881b7-b275-4c01-b63b-cbadf9a83bb7@group-DA21D3ECD3B3-FollowerState] INFO  impl.RoleInfo (RoleInfo.java:shutdownFollowerState(108)) - 38f881b7-b275-4c01-b63b-cbadf9a83bb7: shutdown 38f881b7-b275-4c01-b63b-cbadf9a83bb7@group-DA21D3ECD3B3-FollowerState
2021-08-11 09:32:57,624 [38f881b7-b275-4c01-b63b-cbadf9a83bb7@group-DA21D3ECD3B3-FollowerState] INFO  server.RaftServer$Division (RaftServerImpl.java:setRole(285)) - 38f881b7-b275-4c01-b63b-cbadf9a83bb7@group-DA21D3ECD3B3: changes role from  FOLLOWER to CANDIDATE at term 0 for changeToCandidate
2021-08-11 09:32:57,624 [38f881b7-b275-4c01-b63b-cbadf9a83bb7@group-DA21D3ECD3B3-FollowerState] INFO  server.RaftServerConfigKeys (ConfUtils.java:logGet(44)) - raft.server.leaderelection.pre-vote = false (custom)
2021-08-11 09:32:57,624 [38f881b7-b275-4c01-b63b-cbadf9a83bb7@group-DA21D3ECD3B3-FollowerState] INFO  impl.RoleInfo (RoleInfo.java:updateAndGet(130)) - 38f881b7-b275-4c01-b63b-cbadf9a83bb7: start 38f881b7-b275-4c01-b63b-cbadf9a83bb7@group-DA21D3ECD3B3-LeaderElection4
2021-08-11 09:32:57,657 [38f881b7-b275-4c01-b63b-cbadf9a83bb7@group-DA21D3ECD3B3-LeaderElection4] INFO  impl.LeaderElection (LeaderElection.java:askForVotes(306)) - 38f881b7-b275-4c01-b63b-cbadf9a83bb7@group-DA21D3ECD3B3-LeaderElection4 ELECTION round 0: submit vote requests at term 1 for -1: [38f881b7-b275-4c01-b63b-cbadf9a83bb7|rpc:10.1.0.72:38245|priority:1], old=null
2021-08-11 09:32:57,657 [38f881b7-b275-4c01-b63b-cbadf9a83bb7@group-DA21D3ECD3B3-LeaderElection4] INFO  impl.LeaderElection (LeaderElection.java:askForVotes(308)) - 38f881b7-b275-4c01-b63b-cbadf9a83bb7@group-DA21D3ECD3B3-LeaderElection4 ELECTION round 0: result PASSED (term=1)
2021-08-11 09:32:57,657 [38f881b7-b275-4c01-b63b-cbadf9a83bb7@group-DA21D3ECD3B3-LeaderElection4] INFO  impl.RoleInfo (RoleInfo.java:shutdownLeaderElection(121)) - 38f881b7-b275-4c01-b63b-cbadf9a83bb7: shutdown 38f881b7-b275-4c01-b63b-cbadf9a83bb7@group-DA21D3ECD3B3-LeaderElection4
2021-08-11 09:32:57,657 [38f881b7-b275-4c01-b63b-cbadf9a83bb7@group-DA21D3ECD3B3-LeaderElection4] INFO  server.RaftServer$Division (RaftServerImpl.java:setRole(285)) - 38f881b7-b275-4c01-b63b-cbadf9a83bb7@group-DA21D3ECD3B3: changes role from CANDIDATE to LEADER at term 1 for changeToLeader
2021-08-11 09:32:57,657 [38f881b7-b275-4c01-b63b-cbadf9a83bb7@group-DA21D3ECD3B3-LeaderElection4] INFO  ratis.XceiverServerRatis (XceiverServerRatis.java:handleLeaderChangedNotification(861)) - Leader change notification received for group: group-DA21D3ECD3B3 with new leaderId: 38f881b7-b275-4c01-b63b-cbadf9a83bb7
2021-08-11 09:32:57,660 [38f881b7-b275-4c01-b63b-cbadf9a83bb7@group-DA21D3ECD3B3-LeaderElection4] INFO  server.RaftServer$Division (ServerState.java:setLeader(285)) - 38f881b7-b275-4c01-b63b-cbadf9a83bb7@group-DA21D3ECD3B3: change Leader from null to 38f881b7-b275-4c01-b63b-cbadf9a83bb7 at term 1 for becomeLeader, leader elected after 5142ms
2021-08-11 09:32:57,662 [EventQueue-OpenPipelineForHealthyPipelineSafeModeRule] INFO  safemode.SCMSafeModeManager (HealthyPipelineSafeModeRule.java:process(124)) - SCM in safe mode. Healthy pipelines reported count is 0, required healthy pipeline reported count is 1
2021-08-11 09:32:57,665 [38f881b7-b275-4c01-b63b-cbadf9a83bb7@group-DA21D3ECD3B3-LeaderElection4] INFO  server.RaftServerConfigKeys (ConfUtils.java:logGet(44)) - raft.server.staging.catchup.gap = 1000 (default)
2021-08-11 09:32:57,666 [38f881b7-b275-4c01-b63b-cbadf9a83bb7@group-DA21D3ECD3B3-LeaderElection4] INFO  server.RaftServerConfigKeys (ConfUtils.java:logGet(44)) - raft.server.write.element-limit = 1024 (custom)
2021-08-11 09:32:57,666 [38f881b7-b275-4c01-b63b-cbadf9a83bb7@group-DA21D3ECD3B3-LeaderElection4] INFO  server.RaftServerConfigKeys (ConfUtils.java:logGet(44)) - raft.server.write.byte-limit = 1024 M (=1073741824) (custom)
2021-08-11 09:32:57,666 [38f881b7-b275-4c01-b63b-cbadf9a83bb7@group-DA21D3ECD3B3-LeaderElection4] INFO  server.RaftServerConfigKeys (ConfUtils.java:logGet(44)) - raft.server.watch.timeout = 180s (custom)
2021-08-11 09:32:57,666 [38f881b7-b275-4c01-b63b-cbadf9a83bb7@group-DA21D3ECD3B3-LeaderElection4] INFO  server.RaftServerConfigKeys (ConfUtils.java:logGet(44)) - raft.server.watch.timeout.denomination = 1s (default)
2021-08-11 09:32:57,667 [38f881b7-b275-4c01-b63b-cbadf9a83bb7@group-DA21D3ECD3B3-LeaderElection4] INFO  server.RaftServerConfigKeys (ConfUtils.java:logGet(44)) - raft.server.watch.element-limit = 65536 (default)
2021-08-11 09:32:57,667 [38f881b7-b275-4c01-b63b-cbadf9a83bb7@group-DA21D3ECD3B3-LeaderElection4] INFO  impl.RoleInfo (RoleInfo.java:updateAndGet(130)) - 38f881b7-b275-4c01-b63b-cbadf9a83bb7: start 38f881b7-b275-4c01-b63b-cbadf9a83bb7@group-DA21D3ECD3B3-LeaderStateImpl
2021-08-11 09:32:57,667 [38f881b7-b275-4c01-b63b-cbadf9a83bb7@group-DA21D3ECD3B3-LeaderElection4] INFO  segmented.SegmentedRaftLogWorker (SegmentedRaftLogWorker.java:startLogSegment(394)) - 38f881b7-b275-4c01-b63b-cbadf9a83bb7@group-DA21D3ECD3B3-SegmentedRaftLogWorker: Starting segment from index:0
2021-08-11 09:32:57,674 [38f881b7-b275-4c01-b63b-cbadf9a83bb7@group-DA21D3ECD3B3-LeaderElection4] INFO  server.RaftServer$Division (ServerState.java:setRaftConf(387)) - 38f881b7-b275-4c01-b63b-cbadf9a83bb7@group-DA21D3ECD3B3: set configuration 0: [38f881b7-b275-4c01-b63b-cbadf9a83bb7|rpc:10.1.0.72:38245|dataStream:|priority:1], old=null
2021-08-11 09:32:57,679 [38f881b7-b275-4c01-b63b-cbadf9a83bb7@group-DA21D3ECD3B3-SegmentedRaftLogWorker] INFO  segmented.SegmentedRaftLogWorker (SegmentedRaftLogWorker.java:execute(601)) - 38f881b7-b275-4c01-b63b-cbadf9a83bb7@group-DA21D3ECD3B3-SegmentedRaftLogWorker: created new log segment /home/runner/work/ozone/ozone/hadoop-ozone/integration-test/target/test-dir/MiniOzoneClusterImpl-79444004-0aa8-43fe-bb54-6fbc032fba86/datanode-0/data/ratis/059fdf3a-9c83-4cda-b6ba-da21d3ecd3b3/current/log_inprogress_0
2021-08-11 09:32:57,683 [38f881b7-b275-4c01-b63b-cbadf9a83bb7@group-D6D58FE81DD1-FollowerState] INFO  impl.FollowerState (FollowerState.java:run(134)) - 38f881b7-b275-4c01-b63b-cbadf9a83bb7@group-D6D58FE81DD1-FollowerState: change to CANDIDATE, lastRpcElapsedTime:5105010241ns, electionTimeout:5101ms
2021-08-11 09:32:57,683 [38f881b7-b275-4c01-b63b-cbadf9a83bb7@group-D6D58FE81DD1-FollowerState] INFO  impl.RoleInfo (RoleInfo.java:shutdownFollowerState(108)) - 38f881b7-b275-4c01-b63b-cbadf9a83bb7: shutdown 38f881b7-b275-4c01-b63b-cbadf9a83bb7@group-D6D58FE81DD1-FollowerState
2021-08-11 09:32:57,683 [38f881b7-b275-4c01-b63b-cbadf9a83bb7@group-D6D58FE81DD1-FollowerState] INFO  server.RaftServer$Division (RaftServerImpl.java:setRole(285)) - 38f881b7-b275-4c01-b63b-cbadf9a83bb7@group-D6D58FE81DD1: changes role from  FOLLOWER to CANDIDATE at term 0 for changeToCandidate
2021-08-11 09:32:57,683 [38f881b7-b275-4c01-b63b-cbadf9a83bb7@group-D6D58FE81DD1-FollowerState] INFO  server.RaftServerConfigKeys (ConfUtils.java:logGet(44)) - raft.server.leaderelection.pre-vote = false (custom)
2021-08-11 09:32:57,683 [38f881b7-b275-4c01-b63b-cbadf9a83bb7@group-D6D58FE81DD1-FollowerState] INFO  impl.RoleInfo (RoleInfo.java:updateAndGet(130)) - 38f881b7-b275-4c01-b63b-cbadf9a83bb7: start 38f881b7-b275-4c01-b63b-cbadf9a83bb7@group-D6D58FE81DD1-LeaderElection5
2021-08-11 09:32:57,698 [38f881b7-b275-4c01-b63b-cbadf9a83bb7@group-D6D58FE81DD1-LeaderElection5] INFO  impl.LeaderElection (LeaderElection.java:askForVotes(306)) - 38f881b7-b275-4c01-b63b-cbadf9a83bb7@group-D6D58FE81DD1-LeaderElection5 ELECTION round 0: submit vote requests at term 1 for -1: [b60ee0fa-9875-4659-a992-15428cc237f6|rpc:10.1.0.72:40875|priority:0, d64b0853-d6b7-49d8-ba95-e52466f10d35|rpc:10.1.0.72:33927|priority:1, 38f881b7-b275-4c01-b63b-cbadf9a83bb7|rpc:10.1.0.72:38245|priority:0], old=null
2021-08-11 09:32:57,732 [grpc-default-executor-1] INFO  server.RaftServer$Division (RaftServerImpl.java:requestVote(1043)) - b60ee0fa-9875-4659-a992-15428cc237f6@group-D6D58FE81DD1: receive requestVote(ELECTION, 38f881b7-b275-4c01-b63b-cbadf9a83bb7, group-D6D58FE81DD1, 1, (t:0, i:0))
2021-08-11 09:32:57,734 [grpc-default-executor-1] INFO  impl.VoteContext (VoteContext.java:log(48)) - b60ee0fa-9875-4659-a992-15428cc237f6@group-D6D58FE81DD1-FOLLOWER: accept ELECTION from 38f881b7-b275-4c01-b63b-cbadf9a83bb7: our priority 0 <= candidate's priority 0
2021-08-11 09:32:57,734 [grpc-default-executor-1] INFO  server.RaftServer$Division (RaftServerImpl.java:setRole(285)) - b60ee0fa-9875-4659-a992-15428cc237f6@group-D6D58FE81DD1: changes role from  FOLLOWER to FOLLOWER at term 1 for candidate:38f881b7-b275-4c01-b63b-cbadf9a83bb7
2021-08-11 09:32:57,735 [grpc-default-executor-1] INFO  impl.RoleInfo (RoleInfo.java:shutdownFollowerState(108)) - b60ee0fa-9875-4659-a992-15428cc237f6: shutdown b60ee0fa-9875-4659-a992-15428cc237f6@group-D6D58FE81DD1-FollowerState
2021-08-11 09:32:57,735 [grpc-default-executor-1] INFO  impl.RoleInfo (RoleInfo.java:updateAndGet(130)) - b60ee0fa-9875-4659-a992-15428cc237f6: start b60ee0fa-9875-4659-a992-15428cc237f6@group-D6D58FE81DD1-FollowerState
2021-08-11 09:32:57,735 [b60ee0fa-9875-4659-a992-15428cc237f6@group-D6D58FE81DD1-FollowerState] INFO  impl.FollowerState (FollowerState.java:run(143)) - b60ee0fa-9875-4659-a992-15428cc237f6@group-D6D58FE81DD1-FollowerState was interrupted: {}
java.lang.InterruptedException: sleep interrupted
	at java.lang.Thread.sleep(Native Method)
	at java.lang.Thread.sleep(Thread.java:340)
	at java.util.concurrent.TimeUnit.sleep(TimeUnit.java:386)
	at org.apache.ratis.util.TimeDuration.sleep(TimeDuration.java:324)
	at org.apache.ratis.util.TimeDuration.sleep(TimeDuration.java:309)
	at org.apache.ratis.server.impl.FollowerState.run(FollowerState.java:118)
2021-08-11 09:32:57,753 [grpc-default-executor-1] INFO  server.RaftServer$Division (RaftServerImpl.java:requestVote(1075)) - b60ee0fa-9875-4659-a992-15428cc237f6@group-D6D58FE81DD1 replies to ELECTION vote request: 38f881b7-b275-4c01-b63b-cbadf9a83bb7<-b60ee0fa-9875-4659-a992-15428cc237f6#0:OK-t1. Peer's state: b60ee0fa-9875-4659-a992-15428cc237f6@group-D6D58FE81DD1:t1, leader=null, voted=38f881b7-b275-4c01-b63b-cbadf9a83bb7, raftlog=b60ee0fa-9875-4659-a992-15428cc237f6@group-D6D58FE81DD1-SegmentedRaftLog:OPENED:c-1,f-1,i0, conf=-1: [b60ee0fa-9875-4659-a992-15428cc237f6|rpc:10.1.0.72:40875|dataStream:|priority:0, d64b0853-d6b7-49d8-ba95-e52466f10d35|rpc:10.1.0.72:33927|dataStream:|priority:1, 38f881b7-b275-4c01-b63b-cbadf9a83bb7|rpc:10.1.0.72:38245|dataStream:|priority:0], old=null
2021-08-11 09:32:57,772 [grpc-default-executor-1] INFO  server.RaftServer$Division (RaftServerImpl.java:requestVote(1043)) - d64b0853-d6b7-49d8-ba95-e52466f10d35@group-D6D58FE81DD1: receive requestVote(ELECTION, 38f881b7-b275-4c01-b63b-cbadf9a83bb7, group-D6D58FE81DD1, 1, (t:0, i:0))
2021-08-11 09:32:57,772 [grpc-default-executor-1] INFO  impl.VoteContext (VoteContext.java:log(48)) - d64b0853-d6b7-49d8-ba95-e52466f10d35@group-D6D58FE81DD1-FOLLOWER: reject ELECTION from 38f881b7-b275-4c01-b63b-cbadf9a83bb7: our priority 1 > candidate's priority 0
2021-08-11 09:32:57,772 [grpc-default-executor-1] INFO  server.RaftServer$Division (RaftServerImpl.java:setRole(285)) - d64b0853-d6b7-49d8-ba95-e52466f10d35@group-D6D58FE81DD1: changes role from  FOLLOWER to FOLLOWER at term 1 for candidate:38f881b7-b275-4c01-b63b-cbadf9a83bb7
2021-08-11 09:32:57,772 [grpc-default-executor-1] INFO  impl.RoleInfo (RoleInfo.java:shutdownFollowerState(108)) - d64b0853-d6b7-49d8-ba95-e52466f10d35: shutdown d64b0853-d6b7-49d8-ba95-e52466f10d35@group-D6D58FE81DD1-FollowerState
2021-08-11 09:32:57,772 [d64b0853-d6b7-49d8-ba95-e52466f10d35@group-D6D58FE81DD1-FollowerState] INFO  impl.FollowerState (FollowerState.java:run(143)) - d64b0853-d6b7-49d8-ba95-e52466f10d35@group-D6D58FE81DD1-FollowerState was interrupted: {}
java.lang.InterruptedException: sleep interrupted
	at java.lang.Thread.sleep(Native Method)
	at java.lang.Thread.sleep(Thread.java:340)
	at java.util.concurrent.TimeUnit.sleep(TimeUnit.java:386)
	at org.apache.ratis.util.TimeDuration.sleep(TimeDuration.java:324)
	at org.apache.ratis.util.TimeDuration.sleep(TimeDuration.java:309)
	at org.apache.ratis.server.impl.FollowerState.run(FollowerState.java:118)
2021-08-11 09:32:57,773 [grpc-default-executor-1] INFO  impl.RoleInfo (RoleInfo.java:updateAndGet(130)) - d64b0853-d6b7-49d8-ba95-e52466f10d35: start d64b0853-d6b7-49d8-ba95-e52466f10d35@group-D6D58FE81DD1-FollowerState
2021-08-11 09:32:57,783 [grpc-default-executor-1] INFO  server.RaftServer$Division (RaftServerImpl.java:requestVote(1075)) - d64b0853-d6b7-49d8-ba95-e52466f10d35@group-D6D58FE81DD1 replies to ELECTION vote request: 38f881b7-b275-4c01-b63b-cbadf9a83bb7<-d64b0853-d6b7-49d8-ba95-e52466f10d35#0:FAIL-t1. Peer's state: d64b0853-d6b7-49d8-ba95-e52466f10d35@group-D6D58FE81DD1:t1, leader=null, voted=null, raftlog=d64b0853-d6b7-49d8-ba95-e52466f10d35@group-D6D58FE81DD1-SegmentedRaftLog:OPENED:c-1,f-1,i0, conf=-1: [b60ee0fa-9875-4659-a992-15428cc237f6|rpc:10.1.0.72:40875|priority:0, d64b0853-d6b7-49d8-ba95-e52466f10d35|rpc:10.1.0.72:33927|priority:1, 38f881b7-b275-4c01-b63b-cbadf9a83bb7|rpc:10.1.0.72:38245|priority:0], old=null
2021-08-11 09:32:57,785 [38f881b7-b275-4c01-b63b-cbadf9a83bb7@group-D6D58FE81DD1-LeaderElection5] INFO  impl.LeaderElection (LeaderElection.java:logAndReturn(89)) - 38f881b7-b275-4c01-b63b-cbadf9a83bb7@group-D6D58FE81DD1-LeaderElection5: ELECTION REJECTED received 2 response(s) and 0 exception(s):
2021-08-11 09:32:57,786 [38f881b7-b275-4c01-b63b-cbadf9a83bb7@group-D6D58FE81DD1-LeaderElection5] INFO  impl.LeaderElection (LeaderElection.java:logAndReturn(93)) -   Response 0: 38f881b7-b275-4c01-b63b-cbadf9a83bb7<-b60ee0fa-9875-4659-a992-15428cc237f6#0:OK-t1
2021-08-11 09:32:57,786 [38f881b7-b275-4c01-b63b-cbadf9a83bb7@group-D6D58FE81DD1-LeaderElection5] INFO  impl.LeaderElection (LeaderElection.java:logAndReturn(93)) -   Response 1: 38f881b7-b275-4c01-b63b-cbadf9a83bb7<-d64b0853-d6b7-49d8-ba95-e52466f10d35#0:FAIL-t1
2021-08-11 09:32:57,786 [38f881b7-b275-4c01-b63b-cbadf9a83bb7@group-D6D58FE81DD1-LeaderElection5] INFO  impl.LeaderElection (LeaderElection.java:askForVotes(308)) - 38f881b7-b275-4c01-b63b-cbadf9a83bb7@group-D6D58FE81DD1-LeaderElection5 ELECTION round 0: result REJECTED
2021-08-11 09:32:57,786 [38f881b7-b275-4c01-b63b-cbadf9a83bb7@group-D6D58FE81DD1-LeaderElection5] INFO  server.RaftServer$Division (RaftServerImpl.java:setRole(285)) - 38f881b7-b275-4c01-b63b-cbadf9a83bb7@group-D6D58FE81DD1: changes role from CANDIDATE to FOLLOWER at term 1 for REJECTED
2021-08-11 09:32:57,789 [38f881b7-b275-4c01-b63b-cbadf9a83bb7@group-D6D58FE81DD1-LeaderElection5] INFO  impl.RoleInfo (RoleInfo.java:shutdownLeaderElection(121)) - 38f881b7-b275-4c01-b63b-cbadf9a83bb7: shutdown 38f881b7-b275-4c01-b63b-cbadf9a83bb7@group-D6D58FE81DD1-LeaderElection5
2021-08-11 09:32:57,789 [38f881b7-b275-4c01-b63b-cbadf9a83bb7@group-D6D58FE81DD1-LeaderElection5] INFO  impl.RoleInfo (RoleInfo.java:updateAndGet(130)) - 38f881b7-b275-4c01-b63b-cbadf9a83bb7: start 38f881b7-b275-4c01-b63b-cbadf9a83bb7@group-D6D58FE81DD1-FollowerState
2021-08-11 09:32:58,070 [d64b0853-d6b7-49d8-ba95-e52466f10d35@group-C5823A248441-FollowerState] INFO  impl.FollowerState (FollowerState.java:run(134)) - d64b0853-d6b7-49d8-ba95-e52466f10d35@group-C5823A248441-FollowerState: change to CANDIDATE, lastRpcElapsedTime:5177655224ns, electionTimeout:5169ms
2021-08-11 09:32:58,071 [d64b0853-d6b7-49d8-ba95-e52466f10d35@group-C5823A248441-FollowerState] INFO  impl.RoleInfo (RoleInfo.java:shutdownFollowerState(108)) - d64b0853-d6b7-49d8-ba95-e52466f10d35: shutdown d64b0853-d6b7-49d8-ba95-e52466f10d35@group-C5823A248441-FollowerState
2021-08-11 09:32:58,071 [d64b0853-d6b7-49d8-ba95-e52466f10d35@group-C5823A248441-FollowerState] INFO  server.RaftServer$Division (RaftServerImpl.java:setRole(285)) - d64b0853-d6b7-49d8-ba95-e52466f10d35@group-C5823A248441: changes role from  FOLLOWER to CANDIDATE at term 0 for changeToCandidate
2021-08-11 09:32:58,071 [d64b0853-d6b7-49d8-ba95-e52466f10d35@group-C5823A248441-FollowerState] INFO  server.RaftServerConfigKeys (ConfUtils.java:logGet(44)) - raft.server.leaderelection.pre-vote = false (custom)
2021-08-11 09:32:58,072 [d64b0853-d6b7-49d8-ba95-e52466f10d35@group-C5823A248441-FollowerState] INFO  impl.RoleInfo (RoleInfo.java:updateAndGet(130)) - d64b0853-d6b7-49d8-ba95-e52466f10d35: start d64b0853-d6b7-49d8-ba95-e52466f10d35@group-C5823A248441-LeaderElection6
2021-08-11 09:32:58,083 [d64b0853-d6b7-49d8-ba95-e52466f10d35@group-C5823A248441-LeaderElection6] INFO  impl.LeaderElection (LeaderElection.java:askForVotes(306)) - d64b0853-d6b7-49d8-ba95-e52466f10d35@group-C5823A248441-LeaderElection6 ELECTION round 0: submit vote requests at term 1 for -1: [d64b0853-d6b7-49d8-ba95-e52466f10d35|rpc:10.1.0.72:33927|priority:1], old=null
2021-08-11 09:32:58,083 [d64b0853-d6b7-49d8-ba95-e52466f10d35@group-C5823A248441-LeaderElection6] INFO  impl.LeaderElection (LeaderElection.java:askForVotes(308)) - d64b0853-d6b7-49d8-ba95-e52466f10d35@group-C5823A248441-LeaderElection6 ELECTION round 0: result PASSED (term=1)
2021-08-11 09:32:58,083 [d64b0853-d6b7-49d8-ba95-e52466f10d35@group-C5823A248441-LeaderElection6] INFO  impl.RoleInfo (RoleInfo.java:shutdownLeaderElection(121)) - d64b0853-d6b7-49d8-ba95-e52466f10d35: shutdown d64b0853-d6b7-49d8-ba95-e52466f10d35@group-C5823A248441-LeaderElection6
2021-08-11 09:32:58,083 [d64b0853-d6b7-49d8-ba95-e52466f10d35@group-C5823A248441-LeaderElection6] INFO  server.RaftServer$Division (RaftServerImpl.java:setRole(285)) - d64b0853-d6b7-49d8-ba95-e52466f10d35@group-C5823A248441: changes role from CANDIDATE to LEADER at term 1 for changeToLeader
2021-08-11 09:32:58,083 [d64b0853-d6b7-49d8-ba95-e52466f10d35@group-C5823A248441-LeaderElection6] INFO  ratis.XceiverServerRatis (XceiverServerRatis.java:handleLeaderChangedNotification(861)) - Leader change notification received for group: group-C5823A248441 with new leaderId: d64b0853-d6b7-49d8-ba95-e52466f10d35
2021-08-11 09:32:58,086 [d64b0853-d6b7-49d8-ba95-e52466f10d35@group-C5823A248441-LeaderElection6] INFO  server.RaftServer$Division (ServerState.java:setLeader(285)) - d64b0853-d6b7-49d8-ba95-e52466f10d35@group-C5823A248441: change Leader from null to d64b0853-d6b7-49d8-ba95-e52466f10d35 at term 1 for becomeLeader, leader elected after 5226ms
2021-08-11 09:32:58,086 [d64b0853-d6b7-49d8-ba95-e52466f10d35@group-C5823A248441-LeaderElection6] INFO  server.RaftServerConfigKeys (ConfUtils.java:logGet(44)) - raft.server.staging.catchup.gap = 1000 (default)
2021-08-11 09:32:58,087 [EventQueue-OpenPipelineForHealthyPipelineSafeModeRule] INFO  safemode.SCMSafeModeManager (HealthyPipelineSafeModeRule.java:process(124)) - SCM in safe mode. Healthy pipelines reported count is 0, required healthy pipeline reported count is 1
2021-08-11 09:32:58,089 [d64b0853-d6b7-49d8-ba95-e52466f10d35@group-C5823A248441-LeaderElection6] INFO  server.RaftServerConfigKeys (ConfUtils.java:logGet(44)) - raft.server.write.element-limit = 1024 (custom)
2021-08-11 09:32:58,090 [d64b0853-d6b7-49d8-ba95-e52466f10d35@group-C5823A248441-LeaderElection6] INFO  server.RaftServerConfigKeys (ConfUtils.java:logGet(44)) - raft.server.write.byte-limit = 1024 M (=1073741824) (custom)
2021-08-11 09:32:58,097 [d64b0853-d6b7-49d8-ba95-e52466f10d35@group-C5823A248441-LeaderElection6] INFO  server.RaftServerConfigKeys (ConfUtils.java:logGet(44)) - raft.server.watch.timeout = 180s (custom)
2021-08-11 09:32:58,104 [d64b0853-d6b7-49d8-ba95-e52466f10d35@group-C5823A248441-LeaderElection6] INFO  server.RaftServerConfigKeys (ConfUtils.java:logGet(44)) - raft.server.watch.timeout.denomination = 1s (default)
2021-08-11 09:32:58,104 [d64b0853-d6b7-49d8-ba95-e52466f10d35@group-C5823A248441-LeaderElection6] INFO  server.RaftServerConfigKeys (ConfUtils.java:logGet(44)) - raft.server.watch.element-limit = 65536 (default)
2021-08-11 09:32:58,104 [d64b0853-d6b7-49d8-ba95-e52466f10d35@group-C5823A248441-LeaderElection6] INFO  impl.RoleInfo (RoleInfo.java:updateAndGet(130)) - d64b0853-d6b7-49d8-ba95-e52466f10d35: start d64b0853-d6b7-49d8-ba95-e52466f10d35@group-C5823A248441-LeaderStateImpl
2021-08-11 09:32:58,105 [d64b0853-d6b7-49d8-ba95-e52466f10d35@group-C5823A248441-LeaderElection6] INFO  segmented.SegmentedRaftLogWorker (SegmentedRaftLogWorker.java:startLogSegment(394)) - d64b0853-d6b7-49d8-ba95-e52466f10d35@group-C5823A248441-SegmentedRaftLogWorker: Starting segment from index:0
2021-08-11 09:32:58,106 [d64b0853-d6b7-49d8-ba95-e52466f10d35@group-C5823A248441-SegmentedRaftLogWorker] INFO  segmented.SegmentedRaftLogWorker (SegmentedRaftLogWorker.java:execute(601)) - d64b0853-d6b7-49d8-ba95-e52466f10d35@group-C5823A248441-SegmentedRaftLogWorker: created new log segment /home/runner/work/ozone/ozone/hadoop-ozone/integration-test/target/test-dir/MiniOzoneClusterImpl-79444004-0aa8-43fe-bb54-6fbc032fba86/datanode-1/data/ratis/f7be1e62-c328-4f3f-a798-c5823a248441/current/log_inprogress_0
2021-08-11 09:32:58,117 [d64b0853-d6b7-49d8-ba95-e52466f10d35@group-C5823A248441-LeaderElection6] INFO  server.RaftServer$Division (ServerState.java:setRaftConf(387)) - d64b0853-d6b7-49d8-ba95-e52466f10d35@group-C5823A248441: set configuration 0: [d64b0853-d6b7-49d8-ba95-e52466f10d35|rpc:10.1.0.72:33927|dataStream:|priority:1], old=null
2021-08-11 09:32:58,259 [Listener at 127.0.0.1/44993] INFO  ozone.MiniOzoneClusterImpl (MiniOzoneClusterImpl.java:lambda$waitForClusterToBeReady$0(235)) - Nodes are ready. Got 3 of 3 DN Heartbeats.
2021-08-11 09:32:58,259 [Listener at 127.0.0.1/44993] INFO  ozone.MiniOzoneClusterImpl (MiniOzoneClusterImpl.java:lambda$waitForClusterToBeReady$0(238)) - Waiting for cluster to exit safe mode
2021-08-11 09:32:58,259 [Listener at 127.0.0.1/44993] INFO  ozone.MiniOzoneClusterImpl (MiniOzoneClusterImpl.java:lambda$waitForClusterToBeReady$0(240)) - SCM became leader
2021-08-11 09:32:58,551 [b60ee0fa-9875-4659-a992-15428cc237f6@group-9480A39DA203-FollowerState] INFO  impl.FollowerState (FollowerState.java:run(134)) - b60ee0fa-9875-4659-a992-15428cc237f6@group-9480A39DA203-FollowerState: change to CANDIDATE, lastRpcElapsedTime:5217934923ns, electionTimeout:5198ms
2021-08-11 09:32:58,552 [b60ee0fa-9875-4659-a992-15428cc237f6@group-9480A39DA203-FollowerState] INFO  impl.RoleInfo (RoleInfo.java:shutdownFollowerState(108)) - b60ee0fa-9875-4659-a992-15428cc237f6: shutdown b60ee0fa-9875-4659-a992-15428cc237f6@group-9480A39DA203-FollowerState
2021-08-11 09:32:58,552 [b60ee0fa-9875-4659-a992-15428cc237f6@group-9480A39DA203-FollowerState] INFO  server.RaftServer$Division (RaftServerImpl.java:setRole(285)) - b60ee0fa-9875-4659-a992-15428cc237f6@group-9480A39DA203: changes role from  FOLLOWER to CANDIDATE at term 0 for changeToCandidate
2021-08-11 09:32:58,552 [b60ee0fa-9875-4659-a992-15428cc237f6@group-9480A39DA203-FollowerState] INFO  server.RaftServerConfigKeys (ConfUtils.java:logGet(44)) - raft.server.leaderelection.pre-vote = false (custom)
2021-08-11 09:32:58,552 [b60ee0fa-9875-4659-a992-15428cc237f6@group-9480A39DA203-FollowerState] INFO  impl.RoleInfo (RoleInfo.java:updateAndGet(130)) - b60ee0fa-9875-4659-a992-15428cc237f6: start b60ee0fa-9875-4659-a992-15428cc237f6@group-9480A39DA203-LeaderElection7
2021-08-11 09:32:58,563 [b60ee0fa-9875-4659-a992-15428cc237f6@group-9480A39DA203-LeaderElection7] INFO  impl.LeaderElection (LeaderElection.java:askForVotes(306)) - b60ee0fa-9875-4659-a992-15428cc237f6@group-9480A39DA203-LeaderElection7 ELECTION round 0: submit vote requests at term 1 for -1: [b60ee0fa-9875-4659-a992-15428cc237f6|rpc:10.1.0.72:40875|priority:1], old=null
2021-08-11 09:32:58,564 [b60ee0fa-9875-4659-a992-15428cc237f6@group-9480A39DA203-LeaderElection7] INFO  impl.LeaderElection (LeaderElection.java:askForVotes(308)) - b60ee0fa-9875-4659-a992-15428cc237f6@group-9480A39DA203-LeaderElection7 ELECTION round 0: result PASSED (term=1)
2021-08-11 09:32:58,564 [b60ee0fa-9875-4659-a992-15428cc237f6@group-9480A39DA203-LeaderElection7] INFO  impl.RoleInfo (RoleInfo.java:shutdownLeaderElection(121)) - b60ee0fa-9875-4659-a992-15428cc237f6: shutdown b60ee0fa-9875-4659-a992-15428cc237f6@group-9480A39DA203-LeaderElection7
2021-08-11 09:32:58,564 [b60ee0fa-9875-4659-a992-15428cc237f6@group-9480A39DA203-LeaderElection7] INFO  server.RaftServer$Division (RaftServerImpl.java:setRole(285)) - b60ee0fa-9875-4659-a992-15428cc237f6@group-9480A39DA203: changes role from CANDIDATE to LEADER at term 1 for changeToLeader
2021-08-11 09:32:58,564 [b60ee0fa-9875-4659-a992-15428cc237f6@group-9480A39DA203-LeaderElection7] INFO  ratis.XceiverServerRatis (XceiverServerRatis.java:handleLeaderChangedNotification(861)) - Leader change notification received for group: group-9480A39DA203 with new leaderId: b60ee0fa-9875-4659-a992-15428cc237f6
2021-08-11 09:32:58,564 [Datanode State Machine Thread - 0] WARN  statemachine.StateContext (StateContext.java:execute(621)) - No available thread in pool for past 1 seconds.
2021-08-11 09:32:58,565 [b60ee0fa-9875-4659-a992-15428cc237f6@group-9480A39DA203-LeaderElection7] INFO  server.RaftServer$Division (ServerState.java:setLeader(285)) - b60ee0fa-9875-4659-a992-15428cc237f6@group-9480A39DA203: change Leader from null to b60ee0fa-9875-4659-a992-15428cc237f6 at term 1 for becomeLeader, leader elected after 5257ms
2021-08-11 09:32:58,567 [EventQueue-OpenPipelineForHealthyPipelineSafeModeRule] INFO  safemode.SCMSafeModeManager (HealthyPipelineSafeModeRule.java:process(124)) - SCM in safe mode. Healthy pipelines reported count is 0, required healthy pipeline reported count is 1
2021-08-11 09:32:58,567 [b60ee0fa-9875-4659-a992-15428cc237f6@group-9480A39DA203-LeaderElection7] INFO  server.RaftServerConfigKeys (ConfUtils.java:logGet(44)) - raft.server.staging.catchup.gap = 1000 (default)
2021-08-11 09:32:58,573 [b60ee0fa-9875-4659-a992-15428cc237f6@group-9480A39DA203-LeaderElection7] INFO  server.RaftServerConfigKeys (ConfUtils.java:logGet(44)) - raft.server.write.element-limit = 1024 (custom)
2021-08-11 09:32:58,579 [b60ee0fa-9875-4659-a992-15428cc237f6@group-9480A39DA203-LeaderElection7] INFO  server.RaftServerConfigKeys (ConfUtils.java:logGet(44)) - raft.server.write.byte-limit = 1024 M (=1073741824) (custom)
2021-08-11 09:32:58,579 [b60ee0fa-9875-4659-a992-15428cc237f6@group-9480A39DA203-LeaderElection7] INFO  server.RaftServerConfigKeys (ConfUtils.java:logGet(44)) - raft.server.watch.timeout = 180s (custom)
2021-08-11 09:32:58,582 [b60ee0fa-9875-4659-a992-15428cc237f6@group-9480A39DA203-LeaderElection7] INFO  server.RaftServerConfigKeys (ConfUtils.java:logGet(44)) - raft.server.watch.timeout.denomination = 1s (default)
2021-08-11 09:32:58,583 [b60ee0fa-9875-4659-a992-15428cc237f6@group-9480A39DA203-LeaderElection7] INFO  server.RaftServerConfigKeys (ConfUtils.java:logGet(44)) - raft.server.watch.element-limit = 65536 (default)
2021-08-11 09:32:58,583 [b60ee0fa-9875-4659-a992-15428cc237f6@group-9480A39DA203-LeaderElection7] INFO  impl.RoleInfo (RoleInfo.java:updateAndGet(130)) - b60ee0fa-9875-4659-a992-15428cc237f6: start b60ee0fa-9875-4659-a992-15428cc237f6@group-9480A39DA203-LeaderStateImpl
2021-08-11 09:32:58,583 [b60ee0fa-9875-4659-a992-15428cc237f6@group-9480A39DA203-LeaderElection7] INFO  segmented.SegmentedRaftLogWorker (SegmentedRaftLogWorker.java:startLogSegment(394)) - b60ee0fa-9875-4659-a992-15428cc237f6@group-9480A39DA203-SegmentedRaftLogWorker: Starting segment from index:0
2021-08-11 09:32:58,585 [b60ee0fa-9875-4659-a992-15428cc237f6@group-9480A39DA203-SegmentedRaftLogWorker] INFO  segmented.SegmentedRaftLogWorker (SegmentedRaftLogWorker.java:execute(601)) - b60ee0fa-9875-4659-a992-15428cc237f6@group-9480A39DA203-SegmentedRaftLogWorker: created new log segment /home/runner/work/ozone/ozone/hadoop-ozone/integration-test/target/test-dir/MiniOzoneClusterImpl-79444004-0aa8-43fe-bb54-6fbc032fba86/datanode-2/data/ratis/7735f9a1-a505-465c-b7e0-9480a39da203/current/log_inprogress_0
2021-08-11 09:32:58,594 [b60ee0fa-9875-4659-a992-15428cc237f6@group-9480A39DA203-LeaderElection7] INFO  server.RaftServer$Division (ServerState.java:setRaftConf(387)) - b60ee0fa-9875-4659-a992-15428cc237f6@group-9480A39DA203: set configuration 0: [b60ee0fa-9875-4659-a992-15428cc237f6|rpc:10.1.0.72:40875|dataStream:|priority:1], old=null
2021-08-11 09:32:59,260 [Listener at 127.0.0.1/44993] INFO  ozone.MiniOzoneClusterImpl (MiniOzoneClusterImpl.java:lambda$waitForClusterToBeReady$0(235)) - Nodes are ready. Got 3 of 3 DN Heartbeats.
2021-08-11 09:32:59,260 [Listener at 127.0.0.1/44993] INFO  ozone.MiniOzoneClusterImpl (MiniOzoneClusterImpl.java:lambda$waitForClusterToBeReady$0(238)) - Waiting for cluster to exit safe mode
2021-08-11 09:32:59,260 [Listener at 127.0.0.1/44993] INFO  ozone.MiniOzoneClusterImpl (MiniOzoneClusterImpl.java:lambda$waitForClusterToBeReady$0(240)) - SCM became leader
2021-08-11 09:33:00,260 [Listener at 127.0.0.1/44993] INFO  ozone.MiniOzoneClusterImpl (MiniOzoneClusterImpl.java:lambda$waitForClusterToBeReady$0(235)) - Nodes are ready. Got 3 of 3 DN Heartbeats.
2021-08-11 09:33:00,260 [Listener at 127.0.0.1/44993] INFO  ozone.MiniOzoneClusterImpl (MiniOzoneClusterImpl.java:lambda$waitForClusterToBeReady$0(238)) - Waiting for cluster to exit safe mode
2021-08-11 09:33:00,260 [Listener at 127.0.0.1/44993] INFO  ozone.MiniOzoneClusterImpl (MiniOzoneClusterImpl.java:lambda$waitForClusterToBeReady$0(240)) - SCM became leader
2021-08-11 09:33:01,261 [Listener at 127.0.0.1/44993] INFO  ozone.MiniOzoneClusterImpl (MiniOzoneClusterImpl.java:lambda$waitForClusterToBeReady$0(235)) - Nodes are ready. Got 3 of 3 DN Heartbeats.
2021-08-11 09:33:01,261 [Listener at 127.0.0.1/44993] INFO  ozone.MiniOzoneClusterImpl (MiniOzoneClusterImpl.java:lambda$waitForClusterToBeReady$0(238)) - Waiting for cluster to exit safe mode
2021-08-11 09:33:01,261 [Listener at 127.0.0.1/44993] INFO  ozone.MiniOzoneClusterImpl (MiniOzoneClusterImpl.java:lambda$waitForClusterToBeReady$0(240)) - SCM became leader
2021-08-11 09:33:02,261 [Listener at 127.0.0.1/44993] INFO  ozone.MiniOzoneClusterImpl (MiniOzoneClusterImpl.java:lambda$waitForClusterToBeReady$0(235)) - Nodes are ready. Got 3 of 3 DN Heartbeats.
2021-08-11 09:33:02,261 [Listener at 127.0.0.1/44993] INFO  ozone.MiniOzoneClusterImpl (MiniOzoneClusterImpl.java:lambda$waitForClusterToBeReady$0(238)) - Waiting for cluster to exit safe mode
2021-08-11 09:33:02,261 [Listener at 127.0.0.1/44993] INFO  ozone.MiniOzoneClusterImpl (MiniOzoneClusterImpl.java:lambda$waitForClusterToBeReady$0(240)) - SCM became leader
2021-08-11 09:33:02,802 [b60ee0fa-9875-4659-a992-15428cc237f6@group-D6D58FE81DD1-FollowerState] INFO  impl.FollowerState (FollowerState.java:run(134)) - b60ee0fa-9875-4659-a992-15428cc237f6@group-D6D58FE81DD1-FollowerState: change to CANDIDATE, lastRpcElapsedTime:5052664851ns, electionTimeout:5050ms
2021-08-11 09:33:02,803 [b60ee0fa-9875-4659-a992-15428cc237f6@group-D6D58FE81DD1-FollowerState] INFO  impl.RoleInfo (RoleInfo.java:shutdownFollowerState(108)) - b60ee0fa-9875-4659-a992-15428cc237f6: shutdown b60ee0fa-9875-4659-a992-15428cc237f6@group-D6D58FE81DD1-FollowerState
2021-08-11 09:33:02,803 [b60ee0fa-9875-4659-a992-15428cc237f6@group-D6D58FE81DD1-FollowerState] INFO  server.RaftServer$Division (RaftServerImpl.java:setRole(285)) - b60ee0fa-9875-4659-a992-15428cc237f6@group-D6D58FE81DD1: changes role from  FOLLOWER to CANDIDATE at term 1 for changeToCandidate
2021-08-11 09:33:02,803 [b60ee0fa-9875-4659-a992-15428cc237f6@group-D6D58FE81DD1-FollowerState] INFO  server.RaftServerConfigKeys (ConfUtils.java:logGet(44)) - raft.server.leaderelection.pre-vote = false (custom)
2021-08-11 09:33:02,803 [b60ee0fa-9875-4659-a992-15428cc237f6@group-D6D58FE81DD1-FollowerState] INFO  impl.RoleInfo (RoleInfo.java:updateAndGet(130)) - b60ee0fa-9875-4659-a992-15428cc237f6: start b60ee0fa-9875-4659-a992-15428cc237f6@group-D6D58FE81DD1-LeaderElection8
2021-08-11 09:33:02,815 [b60ee0fa-9875-4659-a992-15428cc237f6@group-D6D58FE81DD1-LeaderElection8] INFO  impl.LeaderElection (LeaderElection.java:askForVotes(306)) - b60ee0fa-9875-4659-a992-15428cc237f6@group-D6D58FE81DD1-LeaderElection8 ELECTION round 0: submit vote requests at term 2 for -1: [b60ee0fa-9875-4659-a992-15428cc237f6|rpc:10.1.0.72:40875|dataStream:|priority:0, d64b0853-d6b7-49d8-ba95-e52466f10d35|rpc:10.1.0.72:33927|dataStream:|priority:1, 38f881b7-b275-4c01-b63b-cbadf9a83bb7|rpc:10.1.0.72:38245|dataStream:|priority:0], old=null
2021-08-11 09:33:02,834 [grpc-default-executor-1] INFO  server.RaftServer$Division (RaftServerImpl.java:requestVote(1043)) - d64b0853-d6b7-49d8-ba95-e52466f10d35@group-D6D58FE81DD1: receive requestVote(ELECTION, b60ee0fa-9875-4659-a992-15428cc237f6, group-D6D58FE81DD1, 2, (t:0, i:0))
2021-08-11 09:33:02,835 [grpc-default-executor-1] INFO  impl.VoteContext (VoteContext.java:log(48)) - d64b0853-d6b7-49d8-ba95-e52466f10d35@group-D6D58FE81DD1-FOLLOWER: reject ELECTION from b60ee0fa-9875-4659-a992-15428cc237f6: our priority 1 > candidate's priority 0
2021-08-11 09:33:02,835 [grpc-default-executor-1] INFO  server.RaftServer$Division (RaftServerImpl.java:setRole(285)) - d64b0853-d6b7-49d8-ba95-e52466f10d35@group-D6D58FE81DD1: changes role from  FOLLOWER to FOLLOWER at term 2 for candidate:b60ee0fa-9875-4659-a992-15428cc237f6
2021-08-11 09:33:02,835 [grpc-default-executor-1] INFO  impl.RoleInfo (RoleInfo.java:shutdownFollowerState(108)) - d64b0853-d6b7-49d8-ba95-e52466f10d35: shutdown d64b0853-d6b7-49d8-ba95-e52466f10d35@group-D6D58FE81DD1-FollowerState
2021-08-11 09:33:02,835 [grpc-default-executor-1] INFO  impl.RoleInfo (RoleInfo.java:updateAndGet(130)) - d64b0853-d6b7-49d8-ba95-e52466f10d35: start d64b0853-d6b7-49d8-ba95-e52466f10d35@group-D6D58FE81DD1-FollowerState
2021-08-11 09:33:02,836 [d64b0853-d6b7-49d8-ba95-e52466f10d35@group-D6D58FE81DD1-FollowerState] INFO  impl.FollowerState (FollowerState.java:run(143)) - d64b0853-d6b7-49d8-ba95-e52466f10d35@group-D6D58FE81DD1-FollowerState was interrupted: {}
java.lang.InterruptedException: sleep interrupted
	at java.lang.Thread.sleep(Native Method)
	at java.lang.Thread.sleep(Thread.java:340)
	at java.util.concurrent.TimeUnit.sleep(TimeUnit.java:386)
	at org.apache.ratis.util.TimeDuration.sleep(TimeDuration.java:324)
	at org.apache.ratis.util.TimeDuration.sleep(TimeDuration.java:309)
	at org.apache.ratis.server.impl.FollowerState.run(FollowerState.java:118)
2021-08-11 09:33:02,840 [38f881b7-b275-4c01-b63b-cbadf9a83bb7@group-D6D58FE81DD1-FollowerState] INFO  impl.FollowerState (FollowerState.java:run(134)) - 38f881b7-b275-4c01-b63b-cbadf9a83bb7@group-D6D58FE81DD1-FollowerState: change to CANDIDATE, lastRpcElapsedTime:5050746960ns, electionTimeout:5042ms
2021-08-11 09:33:02,846 [38f881b7-b275-4c01-b63b-cbadf9a83bb7@group-D6D58FE81DD1-FollowerState] INFO  impl.RoleInfo (RoleInfo.java:shutdownFollowerState(108)) - 38f881b7-b275-4c01-b63b-cbadf9a83bb7: shutdown 38f881b7-b275-4c01-b63b-cbadf9a83bb7@group-D6D58FE81DD1-FollowerState
2021-08-11 09:33:02,846 [38f881b7-b275-4c01-b63b-cbadf9a83bb7@group-D6D58FE81DD1-FollowerState] INFO  server.RaftServer$Division (RaftServerImpl.java:setRole(285)) - 38f881b7-b275-4c01-b63b-cbadf9a83bb7@group-D6D58FE81DD1: changes role from  FOLLOWER to CANDIDATE at term 1 for changeToCandidate
2021-08-11 09:33:02,846 [38f881b7-b275-4c01-b63b-cbadf9a83bb7@group-D6D58FE81DD1-FollowerState] INFO  server.RaftServerConfigKeys (ConfUtils.java:logGet(44)) - raft.server.leaderelection.pre-vote = false (custom)
2021-08-11 09:33:02,847 [38f881b7-b275-4c01-b63b-cbadf9a83bb7@group-D6D58FE81DD1-FollowerState] INFO  impl.RoleInfo (RoleInfo.java:updateAndGet(130)) - 38f881b7-b275-4c01-b63b-cbadf9a83bb7: start 38f881b7-b275-4c01-b63b-cbadf9a83bb7@group-D6D58FE81DD1-LeaderElection9
2021-08-11 09:33:02,864 [grpc-default-executor-1] INFO  server.RaftServer$Division (RaftServerImpl.java:requestVote(1075)) - d64b0853-d6b7-49d8-ba95-e52466f10d35@group-D6D58FE81DD1 replies to ELECTION vote request: b60ee0fa-9875-4659-a992-15428cc237f6<-d64b0853-d6b7-49d8-ba95-e52466f10d35#0:FAIL-t2. Peer's state: d64b0853-d6b7-49d8-ba95-e52466f10d35@group-D6D58FE81DD1:t2, leader=null, voted=null, raftlog=d64b0853-d6b7-49d8-ba95-e52466f10d35@group-D6D58FE81DD1-SegmentedRaftLog:OPENED:c-1,f-1,i0, conf=-1: [b60ee0fa-9875-4659-a992-15428cc237f6|rpc:10.1.0.72:40875|priority:0, d64b0853-d6b7-49d8-ba95-e52466f10d35|rpc:10.1.0.72:33927|priority:1, 38f881b7-b275-4c01-b63b-cbadf9a83bb7|rpc:10.1.0.72:38245|priority:0], old=null
2021-08-11 09:33:02,873 [b60ee0fa-9875-4659-a992-15428cc237f6@group-D6D58FE81DD1-LeaderElection8] INFO  impl.LeaderElection (LeaderElection.java:logAndReturn(89)) - b60ee0fa-9875-4659-a992-15428cc237f6@group-D6D58FE81DD1-LeaderElection8: ELECTION REJECTED received 1 response(s) and 0 exception(s):
2021-08-11 09:33:02,873 [b60ee0fa-9875-4659-a992-15428cc237f6@group-D6D58FE81DD1-LeaderElection8] INFO  impl.LeaderElection (LeaderElection.java:logAndReturn(93)) -   Response 0: b60ee0fa-9875-4659-a992-15428cc237f6<-d64b0853-d6b7-49d8-ba95-e52466f10d35#0:FAIL-t2
2021-08-11 09:33:02,873 [b60ee0fa-9875-4659-a992-15428cc237f6@group-D6D58FE81DD1-LeaderElection8] INFO  impl.LeaderElection (LeaderElection.java:askForVotes(308)) - b60ee0fa-9875-4659-a992-15428cc237f6@group-D6D58FE81DD1-LeaderElection8 ELECTION round 0: result REJECTED
2021-08-11 09:33:02,874 [b60ee0fa-9875-4659-a992-15428cc237f6@group-D6D58FE81DD1-LeaderElection8] INFO  server.RaftServer$Division (RaftServerImpl.java:setRole(285)) - b60ee0fa-9875-4659-a992-15428cc237f6@group-D6D58FE81DD1: changes role from CANDIDATE to FOLLOWER at term 2 for REJECTED
2021-08-11 09:33:02,874 [b60ee0fa-9875-4659-a992-15428cc237f6@group-D6D58FE81DD1-LeaderElection8] INFO  impl.RoleInfo (RoleInfo.java:shutdownLeaderElection(121)) - b60ee0fa-9875-4659-a992-15428cc237f6: shutdown b60ee0fa-9875-4659-a992-15428cc237f6@group-D6D58FE81DD1-LeaderElection8
2021-08-11 09:33:02,874 [b60ee0fa-9875-4659-a992-15428cc237f6@group-D6D58FE81DD1-LeaderElection8] INFO  impl.RoleInfo (RoleInfo.java:updateAndGet(130)) - b60ee0fa-9875-4659-a992-15428cc237f6: start b60ee0fa-9875-4659-a992-15428cc237f6@group-D6D58FE81DD1-FollowerState
2021-08-11 09:33:02,881 [38f881b7-b275-4c01-b63b-cbadf9a83bb7@group-D6D58FE81DD1-LeaderElection9] INFO  impl.LeaderElection (LeaderElection.java:askForVotes(306)) - 38f881b7-b275-4c01-b63b-cbadf9a83bb7@group-D6D58FE81DD1-LeaderElection9 ELECTION round 0: submit vote requests at term 2 for -1: [b60ee0fa-9875-4659-a992-15428cc237f6|rpc:10.1.0.72:40875|priority:0, d64b0853-d6b7-49d8-ba95-e52466f10d35|rpc:10.1.0.72:33927|priority:1, 38f881b7-b275-4c01-b63b-cbadf9a83bb7|rpc:10.1.0.72:38245|priority:0], old=null
2021-08-11 09:33:02,900 [grpc-default-executor-0] INFO  server.RaftServer$Division (RaftServerImpl.java:requestVote(1043)) - b60ee0fa-9875-4659-a992-15428cc237f6@group-D6D58FE81DD1: receive requestVote(ELECTION, 38f881b7-b275-4c01-b63b-cbadf9a83bb7, group-D6D58FE81DD1, 2, (t:0, i:0))
2021-08-11 09:33:02,900 [grpc-default-executor-0] INFO  impl.VoteContext (VoteContext.java:log(48)) - b60ee0fa-9875-4659-a992-15428cc237f6@group-D6D58FE81DD1-FOLLOWER: reject ELECTION from 38f881b7-b275-4c01-b63b-cbadf9a83bb7: already has voted for b60ee0fa-9875-4659-a992-15428cc237f6 at current term 2
2021-08-11 09:33:02,901 [grpc-default-executor-0] INFO  server.RaftServer$Division (RaftServerImpl.java:requestVote(1075)) - b60ee0fa-9875-4659-a992-15428cc237f6@group-D6D58FE81DD1 replies to ELECTION vote request: 38f881b7-b275-4c01-b63b-cbadf9a83bb7<-b60ee0fa-9875-4659-a992-15428cc237f6#0:FAIL-t2. Peer's state: b60ee0fa-9875-4659-a992-15428cc237f6@group-D6D58FE81DD1:t2, leader=null, voted=b60ee0fa-9875-4659-a992-15428cc237f6, raftlog=b60ee0fa-9875-4659-a992-15428cc237f6@group-D6D58FE81DD1-SegmentedRaftLog:OPENED:c-1,f-1,i0, conf=-1: [b60ee0fa-9875-4659-a992-15428cc237f6|rpc:10.1.0.72:40875|dataStream:|priority:0, d64b0853-d6b7-49d8-ba95-e52466f10d35|rpc:10.1.0.72:33927|dataStream:|priority:1, 38f881b7-b275-4c01-b63b-cbadf9a83bb7|rpc:10.1.0.72:38245|dataStream:|priority:0], old=null
2021-08-11 09:33:02,902 [grpc-default-executor-0] INFO  server.RaftServer$Division (RaftServerImpl.java:requestVote(1043)) - d64b0853-d6b7-49d8-ba95-e52466f10d35@group-D6D58FE81DD1: receive requestVote(ELECTION, 38f881b7-b275-4c01-b63b-cbadf9a83bb7, group-D6D58FE81DD1, 2, (t:0, i:0))
2021-08-11 09:33:02,902 [grpc-default-executor-0] INFO  impl.VoteContext (VoteContext.java:log(48)) - d64b0853-d6b7-49d8-ba95-e52466f10d35@group-D6D58FE81DD1-FOLLOWER: reject ELECTION from 38f881b7-b275-4c01-b63b-cbadf9a83bb7: our priority 1 > candidate's priority 0
2021-08-11 09:33:02,903 [grpc-default-executor-0] INFO  server.RaftServer$Division (RaftServerImpl.java:setRole(285)) - d64b0853-d6b7-49d8-ba95-e52466f10d35@group-D6D58FE81DD1: changes role from  FOLLOWER to FOLLOWER at term 2 for candidate:38f881b7-b275-4c01-b63b-cbadf9a83bb7
2021-08-11 09:33:02,903 [grpc-default-executor-0] INFO  impl.RoleInfo (RoleInfo.java:shutdownFollowerState(108)) - d64b0853-d6b7-49d8-ba95-e52466f10d35: shutdown d64b0853-d6b7-49d8-ba95-e52466f10d35@group-D6D58FE81DD1-FollowerState
2021-08-11 09:33:02,909 [grpc-default-executor-2] INFO  server.RaftServer$Division (RaftServerImpl.java:requestVote(1043)) - 38f881b7-b275-4c01-b63b-cbadf9a83bb7@group-D6D58FE81DD1: receive requestVote(ELECTION, b60ee0fa-9875-4659-a992-15428cc237f6, group-D6D58FE81DD1, 2, (t:0, i:0))
2021-08-11 09:33:02,910 [grpc-default-executor-2] INFO  impl.VoteContext (VoteContext.java:log(48)) - 38f881b7-b275-4c01-b63b-cbadf9a83bb7@group-D6D58FE81DD1-CANDIDATE: reject ELECTION from b60ee0fa-9875-4659-a992-15428cc237f6: already has voted for 38f881b7-b275-4c01-b63b-cbadf9a83bb7 at current term 2
2021-08-11 09:33:02,910 [grpc-default-executor-2] INFO  server.RaftServer$Division (RaftServerImpl.java:requestVote(1075)) - 38f881b7-b275-4c01-b63b-cbadf9a83bb7@group-D6D58FE81DD1 replies to ELECTION vote request: b60ee0fa-9875-4659-a992-15428cc237f6<-38f881b7-b275-4c01-b63b-cbadf9a83bb7#0:FAIL-t2. Peer's state: 38f881b7-b275-4c01-b63b-cbadf9a83bb7@group-D6D58FE81DD1:t2, leader=null, voted=38f881b7-b275-4c01-b63b-cbadf9a83bb7, raftlog=38f881b7-b275-4c01-b63b-cbadf9a83bb7@group-D6D58FE81DD1-SegmentedRaftLog:OPENED:c-1,f-1,i0, conf=-1: [b60ee0fa-9875-4659-a992-15428cc237f6|rpc:10.1.0.72:40875|priority:0, d64b0853-d6b7-49d8-ba95-e52466f10d35|rpc:10.1.0.72:33927|priority:1, 38f881b7-b275-4c01-b63b-cbadf9a83bb7|rpc:10.1.0.72:38245|priority:0], old=null
2021-08-11 09:33:02,910 [grpc-default-executor-0] INFO  impl.RoleInfo (RoleInfo.java:updateAndGet(130)) - d64b0853-d6b7-49d8-ba95-e52466f10d35: start d64b0853-d6b7-49d8-ba95-e52466f10d35@group-D6D58FE81DD1-FollowerState
2021-08-11 09:33:02,911 [d64b0853-d6b7-49d8-ba95-e52466f10d35@group-D6D58FE81DD1-FollowerState] INFO  impl.FollowerState (FollowerState.java:run(143)) - d64b0853-d6b7-49d8-ba95-e52466f10d35@group-D6D58FE81DD1-FollowerState was interrupted: {}
java.lang.InterruptedException: sleep interrupted
	at java.lang.Thread.sleep(Native Method)
	at java.lang.Thread.sleep(Thread.java:340)
	at java.util.concurrent.TimeUnit.sleep(TimeUnit.java:386)
	at org.apache.ratis.util.TimeDuration.sleep(TimeDuration.java:324)
	at org.apache.ratis.util.TimeDuration.sleep(TimeDuration.java:309)
	at org.apache.ratis.server.impl.FollowerState.run(FollowerState.java:118)
2021-08-11 09:33:02,918 [grpc-default-executor-0] INFO  server.RaftServer$Division (RaftServerImpl.java:requestVote(1075)) - d64b0853-d6b7-49d8-ba95-e52466f10d35@group-D6D58FE81DD1 replies to ELECTION vote request: 38f881b7-b275-4c01-b63b-cbadf9a83bb7<-d64b0853-d6b7-49d8-ba95-e52466f10d35#0:FAIL-t2. Peer's state: d64b0853-d6b7-49d8-ba95-e52466f10d35@group-D6D58FE81DD1:t2, leader=null, voted=null, raftlog=d64b0853-d6b7-49d8-ba95-e52466f10d35@group-D6D58FE81DD1-SegmentedRaftLog:OPENED:c-1,f-1,i0, conf=-1: [b60ee0fa-9875-4659-a992-15428cc237f6|rpc:10.1.0.72:40875|priority:0, d64b0853-d6b7-49d8-ba95-e52466f10d35|rpc:10.1.0.72:33927|priority:1, 38f881b7-b275-4c01-b63b-cbadf9a83bb7|rpc:10.1.0.72:38245|priority:0], old=null
2021-08-11 09:33:02,921 [38f881b7-b275-4c01-b63b-cbadf9a83bb7@group-D6D58FE81DD1-LeaderElection9] INFO  impl.LeaderElection (LeaderElection.java:logAndReturn(89)) - 38f881b7-b275-4c01-b63b-cbadf9a83bb7@group-D6D58FE81DD1-LeaderElection9: ELECTION REJECTED received 2 response(s) and 0 exception(s):
2021-08-11 09:33:02,921 [38f881b7-b275-4c01-b63b-cbadf9a83bb7@group-D6D58FE81DD1-LeaderElection9] INFO  impl.LeaderElection (LeaderElection.java:logAndReturn(93)) -   Response 0: 38f881b7-b275-4c01-b63b-cbadf9a83bb7<-b60ee0fa-9875-4659-a992-15428cc237f6#0:FAIL-t2
2021-08-11 09:33:02,921 [38f881b7-b275-4c01-b63b-cbadf9a83bb7@group-D6D58FE81DD1-LeaderElection9] INFO  impl.LeaderElection (LeaderElection.java:logAndReturn(93)) -   Response 1: 38f881b7-b275-4c01-b63b-cbadf9a83bb7<-d64b0853-d6b7-49d8-ba95-e52466f10d35#0:FAIL-t2
2021-08-11 09:33:02,921 [38f881b7-b275-4c01-b63b-cbadf9a83bb7@group-D6D58FE81DD1-LeaderElection9] INFO  impl.LeaderElection (LeaderElection.java:askForVotes(308)) - 38f881b7-b275-4c01-b63b-cbadf9a83bb7@group-D6D58FE81DD1-LeaderElection9 ELECTION round 0: result REJECTED
2021-08-11 09:33:02,921 [38f881b7-b275-4c01-b63b-cbadf9a83bb7@group-D6D58FE81DD1-LeaderElection9] INFO  server.RaftServer$Division (RaftServerImpl.java:setRole(285)) - 38f881b7-b275-4c01-b63b-cbadf9a83bb7@group-D6D58FE81DD1: changes role from CANDIDATE to FOLLOWER at term 2 for REJECTED
2021-08-11 09:33:02,921 [38f881b7-b275-4c01-b63b-cbadf9a83bb7@group-D6D58FE81DD1-LeaderElection9] INFO  impl.RoleInfo (RoleInfo.java:shutdownLeaderElection(121)) - 38f881b7-b275-4c01-b63b-cbadf9a83bb7: shutdown 38f881b7-b275-4c01-b63b-cbadf9a83bb7@group-D6D58FE81DD1-LeaderElection9
2021-08-11 09:33:02,921 [38f881b7-b275-4c01-b63b-cbadf9a83bb7@group-D6D58FE81DD1-LeaderElection9] INFO  impl.RoleInfo (RoleInfo.java:updateAndGet(130)) - 38f881b7-b275-4c01-b63b-cbadf9a83bb7: start 38f881b7-b275-4c01-b63b-cbadf9a83bb7@group-D6D58FE81DD1-FollowerState
2021-08-11 09:33:03,262 [Listener at 127.0.0.1/44993] INFO  ozone.MiniOzoneClusterImpl (MiniOzoneClusterImpl.java:lambda$waitForClusterToBeReady$0(235)) - Nodes are ready. Got 3 of 3 DN Heartbeats.
2021-08-11 09:33:03,262 [Listener at 127.0.0.1/44993] INFO  ozone.MiniOzoneClusterImpl (MiniOzoneClusterImpl.java:lambda$waitForClusterToBeReady$0(238)) - Waiting for cluster to exit safe mode
2021-08-11 09:33:03,263 [Listener at 127.0.0.1/44993] INFO  ozone.MiniOzoneClusterImpl (MiniOzoneClusterImpl.java:lambda$waitForClusterToBeReady$0(240)) - SCM became leader
2021-08-11 09:33:04,263 [Listener at 127.0.0.1/44993] INFO  ozone.MiniOzoneClusterImpl (MiniOzoneClusterImpl.java:lambda$waitForClusterToBeReady$0(235)) - Nodes are ready. Got 3 of 3 DN Heartbeats.
2021-08-11 09:33:04,263 [Listener at 127.0.0.1/44993] INFO  ozone.MiniOzoneClusterImpl (MiniOzoneClusterImpl.java:lambda$waitForClusterToBeReady$0(238)) - Waiting for cluster to exit safe mode
2021-08-11 09:33:04,263 [Listener at 127.0.0.1/44993] INFO  ozone.MiniOzoneClusterImpl (MiniOzoneClusterImpl.java:lambda$waitForClusterToBeReady$0(240)) - SCM became leader
2021-08-11 09:33:05,263 [Listener at 127.0.0.1/44993] INFO  ozone.MiniOzoneClusterImpl (MiniOzoneClusterImpl.java:lambda$waitForClusterToBeReady$0(235)) - Nodes are ready. Got 3 of 3 DN Heartbeats.
2021-08-11 09:33:05,263 [Listener at 127.0.0.1/44993] INFO  ozone.MiniOzoneClusterImpl (MiniOzoneClusterImpl.java:lambda$waitForClusterToBeReady$0(238)) - Waiting for cluster to exit safe mode
2021-08-11 09:33:05,263 [Listener at 127.0.0.1/44993] INFO  ozone.MiniOzoneClusterImpl (MiniOzoneClusterImpl.java:lambda$waitForClusterToBeReady$0(240)) - SCM became leader
2021-08-11 09:33:06,264 [Listener at 127.0.0.1/44993] INFO  ozone.MiniOzoneClusterImpl (MiniOzoneClusterImpl.java:lambda$waitForClusterToBeReady$0(235)) - Nodes are ready. Got 3 of 3 DN Heartbeats.
2021-08-11 09:33:06,264 [Listener at 127.0.0.1/44993] INFO  ozone.MiniOzoneClusterImpl (MiniOzoneClusterImpl.java:lambda$waitForClusterToBeReady$0(238)) - Waiting for cluster to exit safe mode
2021-08-11 09:33:06,264 [Listener at 127.0.0.1/44993] INFO  ozone.MiniOzoneClusterImpl (MiniOzoneClusterImpl.java:lambda$waitForClusterToBeReady$0(240)) - SCM became leader
2021-08-11 09:33:07,264 [Listener at 127.0.0.1/44993] INFO  ozone.MiniOzoneClusterImpl (MiniOzoneClusterImpl.java:lambda$waitForClusterToBeReady$0(235)) - Nodes are ready. Got 3 of 3 DN Heartbeats.
2021-08-11 09:33:07,264 [Listener at 127.0.0.1/44993] INFO  ozone.MiniOzoneClusterImpl (MiniOzoneClusterImpl.java:lambda$waitForClusterToBeReady$0(238)) - Waiting for cluster to exit safe mode
2021-08-11 09:33:07,265 [Listener at 127.0.0.1/44993] INFO  ozone.MiniOzoneClusterImpl (MiniOzoneClusterImpl.java:lambda$waitForClusterToBeReady$0(240)) - SCM became leader
2021-08-11 09:33:07,906 [b60ee0fa-9875-4659-a992-15428cc237f6@group-D6D58FE81DD1-FollowerState] INFO  impl.FollowerState (FollowerState.java:run(134)) - b60ee0fa-9875-4659-a992-15428cc237f6@group-D6D58FE81DD1-FollowerState: change to CANDIDATE, lastRpcElapsedTime:5032441734ns, electionTimeout:5021ms
2021-08-11 09:33:07,906 [b60ee0fa-9875-4659-a992-15428cc237f6@group-D6D58FE81DD1-FollowerState] INFO  impl.RoleInfo (RoleInfo.java:shutdownFollowerState(108)) - b60ee0fa-9875-4659-a992-15428cc237f6: shutdown b60ee0fa-9875-4659-a992-15428cc237f6@group-D6D58FE81DD1-FollowerState
2021-08-11 09:33:07,906 [b60ee0fa-9875-4659-a992-15428cc237f6@group-D6D58FE81DD1-FollowerState] INFO  server.RaftServer$Division (RaftServerImpl.java:setRole(285)) - b60ee0fa-9875-4659-a992-15428cc237f6@group-D6D58FE81DD1: changes role from  FOLLOWER to CANDIDATE at term 2 for changeToCandidate
2021-08-11 09:33:07,907 [b60ee0fa-9875-4659-a992-15428cc237f6@group-D6D58FE81DD1-FollowerState] INFO  server.RaftServerConfigKeys (ConfUtils.java:logGet(44)) - raft.server.leaderelection.pre-vote = false (custom)
2021-08-11 09:33:07,907 [b60ee0fa-9875-4659-a992-15428cc237f6@group-D6D58FE81DD1-FollowerState] INFO  impl.RoleInfo (RoleInfo.java:updateAndGet(130)) - b60ee0fa-9875-4659-a992-15428cc237f6: start b60ee0fa-9875-4659-a992-15428cc237f6@group-D6D58FE81DD1-LeaderElection10
2021-08-11 09:33:07,915 [b60ee0fa-9875-4659-a992-15428cc237f6@group-D6D58FE81DD1-LeaderElection10] INFO  impl.LeaderElection (LeaderElection.java:askForVotes(306)) - b60ee0fa-9875-4659-a992-15428cc237f6@group-D6D58FE81DD1-LeaderElection10 ELECTION round 0: submit vote requests at term 3 for -1: [b60ee0fa-9875-4659-a992-15428cc237f6|rpc:10.1.0.72:40875|dataStream:|priority:0, d64b0853-d6b7-49d8-ba95-e52466f10d35|rpc:10.1.0.72:33927|dataStream:|priority:1, 38f881b7-b275-4c01-b63b-cbadf9a83bb7|rpc:10.1.0.72:38245|dataStream:|priority:0], old=null
2021-08-11 09:33:07,922 [grpc-default-executor-0] INFO  server.RaftServer$Division (RaftServerImpl.java:requestVote(1043)) - d64b0853-d6b7-49d8-ba95-e52466f10d35@group-D6D58FE81DD1: receive requestVote(ELECTION, b60ee0fa-9875-4659-a992-15428cc237f6, group-D6D58FE81DD1, 3, (t:0, i:0))
2021-08-11 09:33:07,922 [grpc-default-executor-0] INFO  impl.VoteContext (VoteContext.java:log(48)) - d64b0853-d6b7-49d8-ba95-e52466f10d35@group-D6D58FE81DD1-FOLLOWER: reject ELECTION from b60ee0fa-9875-4659-a992-15428cc237f6: our priority 1 > candidate's priority 0
2021-08-11 09:33:07,922 [grpc-default-executor-0] INFO  server.RaftServer$Division (RaftServerImpl.java:setRole(285)) - d64b0853-d6b7-49d8-ba95-e52466f10d35@group-D6D58FE81DD1: changes role from  FOLLOWER to FOLLOWER at term 3 for candidate:b60ee0fa-9875-4659-a992-15428cc237f6
2021-08-11 09:33:07,922 [grpc-default-executor-0] INFO  impl.RoleInfo (RoleInfo.java:shutdownFollowerState(108)) - d64b0853-d6b7-49d8-ba95-e52466f10d35: shutdown d64b0853-d6b7-49d8-ba95-e52466f10d35@group-D6D58FE81DD1-FollowerState
2021-08-11 09:33:07,922 [grpc-default-executor-0] INFO  impl.RoleInfo (RoleInfo.java:updateAndGet(130)) - d64b0853-d6b7-49d8-ba95-e52466f10d35: start d64b0853-d6b7-49d8-ba95-e52466f10d35@group-D6D58FE81DD1-FollowerState
2021-08-11 09:33:07,922 [d64b0853-d6b7-49d8-ba95-e52466f10d35@group-D6D58FE81DD1-FollowerState] INFO  impl.FollowerState (FollowerState.java:run(143)) - d64b0853-d6b7-49d8-ba95-e52466f10d35@group-D6D58FE81DD1-FollowerState was interrupted: {}
java.lang.InterruptedException: sleep interrupted
	at java.lang.Thread.sleep(Native Method)
	at java.lang.Thread.sleep(Thread.java:340)
	at java.util.concurrent.TimeUnit.sleep(TimeUnit.java:386)
	at org.apache.ratis.util.TimeDuration.sleep(TimeDuration.java:324)
	at org.apache.ratis.util.TimeDuration.sleep(TimeDuration.java:309)
	at org.apache.ratis.server.impl.FollowerState.run(FollowerState.java:118)
2021-08-11 09:33:07,931 [grpc-default-executor-2] INFO  server.RaftServer$Division (RaftServerImpl.java:requestVote(1043)) - 38f881b7-b275-4c01-b63b-cbadf9a83bb7@group-D6D58FE81DD1: receive requestVote(ELECTION, b60ee0fa-9875-4659-a992-15428cc237f6, group-D6D58FE81DD1, 3, (t:0, i:0))
2021-08-11 09:33:07,931 [grpc-default-executor-2] INFO  impl.VoteContext (VoteContext.java:log(48)) - 38f881b7-b275-4c01-b63b-cbadf9a83bb7@group-D6D58FE81DD1-FOLLOWER: accept ELECTION from b60ee0fa-9875-4659-a992-15428cc237f6: our priority 0 <= candidate's priority 0
2021-08-11 09:33:07,931 [grpc-default-executor-2] INFO  server.RaftServer$Division (RaftServerImpl.java:setRole(285)) - 38f881b7-b275-4c01-b63b-cbadf9a83bb7@group-D6D58FE81DD1: changes role from  FOLLOWER to FOLLOWER at term 3 for candidate:b60ee0fa-9875-4659-a992-15428cc237f6
2021-08-11 09:33:07,931 [grpc-default-executor-2] INFO  impl.RoleInfo (RoleInfo.java:shutdownFollowerState(108)) - 38f881b7-b275-4c01-b63b-cbadf9a83bb7: shutdown 38f881b7-b275-4c01-b63b-cbadf9a83bb7@group-D6D58FE81DD1-FollowerState
2021-08-11 09:33:07,931 [38f881b7-b275-4c01-b63b-cbadf9a83bb7@group-D6D58FE81DD1-FollowerState] INFO  impl.FollowerState (FollowerState.java:run(143)) - 38f881b7-b275-4c01-b63b-cbadf9a83bb7@group-D6D58FE81DD1-FollowerState was interrupted: {}
java.lang.InterruptedException: sleep interrupted
	at java.lang.Thread.sleep(Native Method)
	at java.lang.Thread.sleep(Thread.java:340)
	at java.util.concurrent.TimeUnit.sleep(TimeUnit.java:386)
	at org.apache.ratis.util.TimeDuration.sleep(TimeDuration.java:324)
	at org.apache.ratis.util.TimeDuration.sleep(TimeDuration.java:309)
	at org.apache.ratis.server.impl.FollowerState.run(FollowerState.java:118)
2021-08-11 09:33:07,931 [grpc-default-executor-0] INFO  server.RaftServer$Division (RaftServerImpl.java:requestVote(1075)) - d64b0853-d6b7-49d8-ba95-e52466f10d35@group-D6D58FE81DD1 replies to ELECTION vote request: b60ee0fa-9875-4659-a992-15428cc237f6<-d64b0853-d6b7-49d8-ba95-e52466f10d35#0:FAIL-t3. Peer's state: d64b0853-d6b7-49d8-ba95-e52466f10d35@group-D6D58FE81DD1:t3, leader=null, voted=null, raftlog=d64b0853-d6b7-49d8-ba95-e52466f10d35@group-D6D58FE81DD1-SegmentedRaftLog:OPENED:c-1,f-1,i0, conf=-1: [b60ee0fa-9875-4659-a992-15428cc237f6|rpc:10.1.0.72:40875|priority:0, d64b0853-d6b7-49d8-ba95-e52466f10d35|rpc:10.1.0.72:33927|priority:1, 38f881b7-b275-4c01-b63b-cbadf9a83bb7|rpc:10.1.0.72:38245|priority:0], old=null
2021-08-11 09:33:07,931 [grpc-default-executor-2] INFO  impl.RoleInfo (RoleInfo.java:updateAndGet(130)) - 38f881b7-b275-4c01-b63b-cbadf9a83bb7: start 38f881b7-b275-4c01-b63b-cbadf9a83bb7@group-D6D58FE81DD1-FollowerState
2021-08-11 09:33:07,936 [grpc-default-executor-2] INFO  server.RaftServer$Division (RaftServerImpl.java:requestVote(1075)) - 38f881b7-b275-4c01-b63b-cbadf9a83bb7@group-D6D58FE81DD1 replies to ELECTION vote request: b60ee0fa-9875-4659-a992-15428cc237f6<-38f881b7-b275-4c01-b63b-cbadf9a83bb7#0:OK-t3. Peer's state: 38f881b7-b275-4c01-b63b-cbadf9a83bb7@group-D6D58FE81DD1:t3, leader=null, voted=b60ee0fa-9875-4659-a992-15428cc237f6, raftlog=38f881b7-b275-4c01-b63b-cbadf9a83bb7@group-D6D58FE81DD1-SegmentedRaftLog:OPENED:c-1,f-1,i0, conf=-1: [b60ee0fa-9875-4659-a992-15428cc237f6|rpc:10.1.0.72:40875|priority:0, d64b0853-d6b7-49d8-ba95-e52466f10d35|rpc:10.1.0.72:33927|priority:1, 38f881b7-b275-4c01-b63b-cbadf9a83bb7|rpc:10.1.0.72:38245|priority:0], old=null
2021-08-11 09:33:07,936 [b60ee0fa-9875-4659-a992-15428cc237f6@group-D6D58FE81DD1-LeaderElection10] INFO  impl.LeaderElection (LeaderElection.java:logAndReturn(89)) - b60ee0fa-9875-4659-a992-15428cc237f6@group-D6D58FE81DD1-LeaderElection10: ELECTION REJECTED received 1 response(s) and 0 exception(s):
2021-08-11 09:33:07,943 [b60ee0fa-9875-4659-a992-15428cc237f6@group-D6D58FE81DD1-LeaderElection10] INFO  impl.LeaderElection (LeaderElection.java:logAndReturn(93)) -   Response 0: b60ee0fa-9875-4659-a992-15428cc237f6<-d64b0853-d6b7-49d8-ba95-e52466f10d35#0:FAIL-t3
2021-08-11 09:33:07,944 [b60ee0fa-9875-4659-a992-15428cc237f6@group-D6D58FE81DD1-LeaderElection10] INFO  impl.LeaderElection (LeaderElection.java:askForVotes(308)) - b60ee0fa-9875-4659-a992-15428cc237f6@group-D6D58FE81DD1-LeaderElection10 ELECTION round 0: result REJECTED
2021-08-11 09:33:07,945 [b60ee0fa-9875-4659-a992-15428cc237f6@group-D6D58FE81DD1-LeaderElection10] INFO  server.RaftServer$Division (RaftServerImpl.java:setRole(285)) - b60ee0fa-9875-4659-a992-15428cc237f6@group-D6D58FE81DD1: changes role from CANDIDATE to FOLLOWER at term 3 for REJECTED
2021-08-11 09:33:07,945 [b60ee0fa-9875-4659-a992-15428cc237f6@group-D6D58FE81DD1-LeaderElection10] INFO  impl.RoleInfo (RoleInfo.java:shutdownLeaderElection(121)) - b60ee0fa-9875-4659-a992-15428cc237f6: shutdown b60ee0fa-9875-4659-a992-15428cc237f6@group-D6D58FE81DD1-LeaderElection10
2021-08-11 09:33:07,945 [b60ee0fa-9875-4659-a992-15428cc237f6@group-D6D58FE81DD1-LeaderElection10] INFO  impl.RoleInfo (RoleInfo.java:updateAndGet(130)) - b60ee0fa-9875-4659-a992-15428cc237f6: start b60ee0fa-9875-4659-a992-15428cc237f6@group-D6D58FE81DD1-FollowerState
2021-08-11 09:33:08,265 [Listener at 127.0.0.1/44993] INFO  ozone.MiniOzoneClusterImpl (MiniOzoneClusterImpl.java:lambda$waitForClusterToBeReady$0(235)) - Nodes are ready. Got 3 of 3 DN Heartbeats.
2021-08-11 09:33:08,267 [Listener at 127.0.0.1/44993] INFO  ozone.MiniOzoneClusterImpl (MiniOzoneClusterImpl.java:lambda$waitForClusterToBeReady$0(238)) - Waiting for cluster to exit safe mode
2021-08-11 09:33:08,267 [Listener at 127.0.0.1/44993] INFO  ozone.MiniOzoneClusterImpl (MiniOzoneClusterImpl.java:lambda$waitForClusterToBeReady$0(240)) - SCM became leader
2021-08-11 09:33:09,267 [Listener at 127.0.0.1/44993] INFO  ozone.MiniOzoneClusterImpl (MiniOzoneClusterImpl.java:lambda$waitForClusterToBeReady$0(235)) - Nodes are ready. Got 3 of 3 DN Heartbeats.
2021-08-11 09:33:09,267 [Listener at 127.0.0.1/44993] INFO  ozone.MiniOzoneClusterImpl (MiniOzoneClusterImpl.java:lambda$waitForClusterToBeReady$0(238)) - Waiting for cluster to exit safe mode
2021-08-11 09:33:09,267 [Listener at 127.0.0.1/44993] INFO  ozone.MiniOzoneClusterImpl (MiniOzoneClusterImpl.java:lambda$waitForClusterToBeReady$0(240)) - SCM became leader
2021-08-11 09:33:10,268 [Listener at 127.0.0.1/44993] INFO  ozone.MiniOzoneClusterImpl (MiniOzoneClusterImpl.java:lambda$waitForClusterToBeReady$0(235)) - Nodes are ready. Got 3 of 3 DN Heartbeats.
2021-08-11 09:33:10,268 [Listener at 127.0.0.1/44993] INFO  ozone.MiniOzoneClusterImpl (MiniOzoneClusterImpl.java:lambda$waitForClusterToBeReady$0(238)) - Waiting for cluster to exit safe mode
2021-08-11 09:33:10,268 [Listener at 127.0.0.1/44993] INFO  ozone.MiniOzoneClusterImpl (MiniOzoneClusterImpl.java:lambda$waitForClusterToBeReady$0(240)) - SCM became leader
2021-08-11 09:33:11,268 [Listener at 127.0.0.1/44993] INFO  ozone.MiniOzoneClusterImpl (MiniOzoneClusterImpl.java:lambda$waitForClusterToBeReady$0(235)) - Nodes are ready. Got 3 of 3 DN Heartbeats.
2021-08-11 09:33:11,268 [Listener at 127.0.0.1/44993] INFO  ozone.MiniOzoneClusterImpl (MiniOzoneClusterImpl.java:lambda$waitForClusterToBeReady$0(238)) - Waiting for cluster to exit safe mode
2021-08-11 09:33:11,268 [Listener at 127.0.0.1/44993] INFO  ozone.MiniOzoneClusterImpl (MiniOzoneClusterImpl.java:lambda$waitForClusterToBeReady$0(240)) - SCM became leader
2021-08-11 09:33:12,269 [Listener at 127.0.0.1/44993] INFO  ozone.MiniOzoneClusterImpl (MiniOzoneClusterImpl.java:lambda$waitForClusterToBeReady$0(235)) - Nodes are ready. Got 3 of 3 DN Heartbeats.
2021-08-11 09:33:12,269 [Listener at 127.0.0.1/44993] INFO  ozone.MiniOzoneClusterImpl (MiniOzoneClusterImpl.java:lambda$waitForClusterToBeReady$0(238)) - Waiting for cluster to exit safe mode
2021-08-11 09:33:12,269 [Listener at 127.0.0.1/44993] INFO  ozone.MiniOzoneClusterImpl (MiniOzoneClusterImpl.java:lambda$waitForClusterToBeReady$0(240)) - SCM became leader
2021-08-11 09:33:13,015 [38f881b7-b275-4c01-b63b-cbadf9a83bb7@group-D6D58FE81DD1-FollowerState] INFO  impl.FollowerState (FollowerState.java:run(134)) - 38f881b7-b275-4c01-b63b-cbadf9a83bb7@group-D6D58FE81DD1-FollowerState: change to CANDIDATE, lastRpcElapsedTime:5079676188ns, electionTimeout:5070ms
2021-08-11 09:33:13,015 [38f881b7-b275-4c01-b63b-cbadf9a83bb7@group-D6D58FE81DD1-FollowerState] INFO  impl.RoleInfo (RoleInfo.java:shutdownFollowerState(108)) - 38f881b7-b275-4c01-b63b-cbadf9a83bb7: shutdown 38f881b7-b275-4c01-b63b-cbadf9a83bb7@group-D6D58FE81DD1-FollowerState
2021-08-11 09:33:13,015 [38f881b7-b275-4c01-b63b-cbadf9a83bb7@group-D6D58FE81DD1-FollowerState] INFO  server.RaftServer$Division (RaftServerImpl.java:setRole(285)) - 38f881b7-b275-4c01-b63b-cbadf9a83bb7@group-D6D58FE81DD1: changes role from  FOLLOWER to CANDIDATE at term 3 for changeToCandidate
2021-08-11 09:33:13,016 [38f881b7-b275-4c01-b63b-cbadf9a83bb7@group-D6D58FE81DD1-FollowerState] INFO  server.RaftServerConfigKeys (ConfUtils.java:logGet(44)) - raft.server.leaderelection.pre-vote = false (custom)
2021-08-11 09:33:13,016 [38f881b7-b275-4c01-b63b-cbadf9a83bb7@group-D6D58FE81DD1-FollowerState] INFO  impl.RoleInfo (RoleInfo.java:updateAndGet(130)) - 38f881b7-b275-4c01-b63b-cbadf9a83bb7: start 38f881b7-b275-4c01-b63b-cbadf9a83bb7@group-D6D58FE81DD1-LeaderElection11
2021-08-11 09:33:13,032 [38f881b7-b275-4c01-b63b-cbadf9a83bb7@group-D6D58FE81DD1-LeaderElection11] INFO  impl.LeaderElection (LeaderElection.java:askForVotes(306)) - 38f881b7-b275-4c01-b63b-cbadf9a83bb7@group-D6D58FE81DD1-LeaderElection11 ELECTION round 0: submit vote requests at term 4 for -1: [b60ee0fa-9875-4659-a992-15428cc237f6|rpc:10.1.0.72:40875|priority:0, d64b0853-d6b7-49d8-ba95-e52466f10d35|rpc:10.1.0.72:33927|priority:1, 38f881b7-b275-4c01-b63b-cbadf9a83bb7|rpc:10.1.0.72:38245|priority:0], old=null
2021-08-11 09:33:13,042 [grpc-default-executor-2] INFO  server.RaftServer$Division (RaftServerImpl.java:requestVote(1043)) - b60ee0fa-9875-4659-a992-15428cc237f6@group-D6D58FE81DD1: receive requestVote(ELECTION, 38f881b7-b275-4c01-b63b-cbadf9a83bb7, group-D6D58FE81DD1, 4, (t:0, i:0))
2021-08-11 09:33:13,042 [grpc-default-executor-2] INFO  impl.VoteContext (VoteContext.java:log(48)) - b60ee0fa-9875-4659-a992-15428cc237f6@group-D6D58FE81DD1-FOLLOWER: accept ELECTION from 38f881b7-b275-4c01-b63b-cbadf9a83bb7: our priority 0 <= candidate's priority 0
2021-08-11 09:33:13,042 [grpc-default-executor-2] INFO  server.RaftServer$Division (RaftServerImpl.java:setRole(285)) - b60ee0fa-9875-4659-a992-15428cc237f6@group-D6D58FE81DD1: changes role from  FOLLOWER to FOLLOWER at term 4 for candidate:38f881b7-b275-4c01-b63b-cbadf9a83bb7
2021-08-11 09:33:13,042 [grpc-default-executor-2] INFO  impl.RoleInfo (RoleInfo.java:shutdownFollowerState(108)) - b60ee0fa-9875-4659-a992-15428cc237f6: shutdown b60ee0fa-9875-4659-a992-15428cc237f6@group-D6D58FE81DD1-FollowerState
2021-08-11 09:33:13,042 [grpc-default-executor-2] INFO  impl.RoleInfo (RoleInfo.java:updateAndGet(130)) - b60ee0fa-9875-4659-a992-15428cc237f6: start b60ee0fa-9875-4659-a992-15428cc237f6@group-D6D58FE81DD1-FollowerState
2021-08-11 09:33:13,042 [b60ee0fa-9875-4659-a992-15428cc237f6@group-D6D58FE81DD1-FollowerState] INFO  impl.FollowerState (FollowerState.java:run(143)) - b60ee0fa-9875-4659-a992-15428cc237f6@group-D6D58FE81DD1-FollowerState was interrupted: {}
java.lang.InterruptedException: sleep interrupted
	at java.lang.Thread.sleep(Native Method)
	at java.lang.Thread.sleep(Thread.java:340)
	at java.util.concurrent.TimeUnit.sleep(TimeUnit.java:386)
	at org.apache.ratis.util.TimeDuration.sleep(TimeDuration.java:324)
	at org.apache.ratis.util.TimeDuration.sleep(TimeDuration.java:309)
	at org.apache.ratis.server.impl.FollowerState.run(FollowerState.java:118)
2021-08-11 09:33:13,044 [grpc-default-executor-2] INFO  server.RaftServer$Division (RaftServerImpl.java:requestVote(1075)) - b60ee0fa-9875-4659-a992-15428cc237f6@group-D6D58FE81DD1 replies to ELECTION vote request: 38f881b7-b275-4c01-b63b-cbadf9a83bb7<-b60ee0fa-9875-4659-a992-15428cc237f6#0:OK-t4. Peer's state: b60ee0fa-9875-4659-a992-15428cc237f6@group-D6D58FE81DD1:t4, leader=null, voted=38f881b7-b275-4c01-b63b-cbadf9a83bb7, raftlog=b60ee0fa-9875-4659-a992-15428cc237f6@group-D6D58FE81DD1-SegmentedRaftLog:OPENED:c-1,f-1,i0, conf=-1: [b60ee0fa-9875-4659-a992-15428cc237f6|rpc:10.1.0.72:40875|dataStream:|priority:0, d64b0853-d6b7-49d8-ba95-e52466f10d35|rpc:10.1.0.72:33927|dataStream:|priority:1, 38f881b7-b275-4c01-b63b-cbadf9a83bb7|rpc:10.1.0.72:38245|dataStream:|priority:0], old=null
2021-08-11 09:33:13,049 [grpc-default-executor-2] INFO  server.RaftServer$Division (RaftServerImpl.java:requestVote(1043)) - d64b0853-d6b7-49d8-ba95-e52466f10d35@group-D6D58FE81DD1: receive requestVote(ELECTION, 38f881b7-b275-4c01-b63b-cbadf9a83bb7, group-D6D58FE81DD1, 4, (t:0, i:0))
2021-08-11 09:33:13,049 [grpc-default-executor-2] INFO  impl.VoteContext (VoteContext.java:log(48)) - d64b0853-d6b7-49d8-ba95-e52466f10d35@group-D6D58FE81DD1-FOLLOWER: reject ELECTION from 38f881b7-b275-4c01-b63b-cbadf9a83bb7: our priority 1 > candidate's priority 0
2021-08-11 09:33:13,049 [grpc-default-executor-2] INFO  server.RaftServer$Division (RaftServerImpl.java:setRole(285)) - d64b0853-d6b7-49d8-ba95-e52466f10d35@group-D6D58FE81DD1: changes role from  FOLLOWER to FOLLOWER at term 4 for candidate:38f881b7-b275-4c01-b63b-cbadf9a83bb7
2021-08-11 09:33:13,049 [grpc-default-executor-2] INFO  impl.RoleInfo (RoleInfo.java:shutdownFollowerState(108)) - d64b0853-d6b7-49d8-ba95-e52466f10d35: shutdown d64b0853-d6b7-49d8-ba95-e52466f10d35@group-D6D58FE81DD1-FollowerState
2021-08-11 09:33:13,049 [d64b0853-d6b7-49d8-ba95-e52466f10d35@group-D6D58FE81DD1-FollowerState] INFO  impl.FollowerState (FollowerState.java:run(143)) - d64b0853-d6b7-49d8-ba95-e52466f10d35@group-D6D58FE81DD1-FollowerState was interrupted: {}
java.lang.InterruptedException: sleep interrupted
	at java.lang.Thread.sleep(Native Method)
	at java.lang.Thread.sleep(Thread.java:340)
	at java.util.concurrent.TimeUnit.sleep(TimeUnit.java:386)
	at org.apache.ratis.util.TimeDuration.sleep(TimeDuration.java:324)
	at org.apache.ratis.util.TimeDuration.sleep(TimeDuration.java:309)
	at org.apache.ratis.server.impl.FollowerState.run(FollowerState.java:118)
2021-08-11 09:33:13,049 [grpc-default-executor-2] INFO  impl.RoleInfo (RoleInfo.java:updateAndGet(130)) - d64b0853-d6b7-49d8-ba95-e52466f10d35: start d64b0853-d6b7-49d8-ba95-e52466f10d35@group-D6D58FE81DD1-FollowerState
2021-08-11 09:33:13,062 [grpc-default-executor-2] INFO  server.RaftServer$Division (RaftServerImpl.java:requestVote(1075)) - d64b0853-d6b7-49d8-ba95-e52466f10d35@group-D6D58FE81DD1 replies to ELECTION vote request: 38f881b7-b275-4c01-b63b-cbadf9a83bb7<-d64b0853-d6b7-49d8-ba95-e52466f10d35#0:FAIL-t4. Peer's state: d64b0853-d6b7-49d8-ba95-e52466f10d35@group-D6D58FE81DD1:t4, leader=null, voted=null, raftlog=d64b0853-d6b7-49d8-ba95-e52466f10d35@group-D6D58FE81DD1-SegmentedRaftLog:OPENED:c-1,f-1,i0, conf=-1: [b60ee0fa-9875-4659-a992-15428cc237f6|rpc:10.1.0.72:40875|priority:0, d64b0853-d6b7-49d8-ba95-e52466f10d35|rpc:10.1.0.72:33927|priority:1, 38f881b7-b275-4c01-b63b-cbadf9a83bb7|rpc:10.1.0.72:38245|priority:0], old=null
2021-08-11 09:33:13,064 [38f881b7-b275-4c01-b63b-cbadf9a83bb7@group-D6D58FE81DD1-LeaderElection11] INFO  impl.LeaderElection (LeaderElection.java:logAndReturn(89)) - 38f881b7-b275-4c01-b63b-cbadf9a83bb7@group-D6D58FE81DD1-LeaderElection11: ELECTION REJECTED received 2 response(s) and 0 exception(s):
2021-08-11 09:33:13,064 [38f881b7-b275-4c01-b63b-cbadf9a83bb7@group-D6D58FE81DD1-LeaderElection11] INFO  impl.LeaderElection (LeaderElection.java:logAndReturn(93)) -   Response 0: 38f881b7-b275-4c01-b63b-cbadf9a83bb7<-b60ee0fa-9875-4659-a992-15428cc237f6#0:OK-t4
2021-08-11 09:33:13,064 [38f881b7-b275-4c01-b63b-cbadf9a83bb7@group-D6D58FE81DD1-LeaderElection11] INFO  impl.LeaderElection (LeaderElection.java:logAndReturn(93)) -   Response 1: 38f881b7-b275-4c01-b63b-cbadf9a83bb7<-d64b0853-d6b7-49d8-ba95-e52466f10d35#0:FAIL-t4
2021-08-11 09:33:13,064 [38f881b7-b275-4c01-b63b-cbadf9a83bb7@group-D6D58FE81DD1-LeaderElection11] INFO  impl.LeaderElection (LeaderElection.java:askForVotes(308)) - 38f881b7-b275-4c01-b63b-cbadf9a83bb7@group-D6D58FE81DD1-LeaderElection11 ELECTION round 0: result REJECTED
2021-08-11 09:33:13,064 [38f881b7-b275-4c01-b63b-cbadf9a83bb7@group-D6D58FE81DD1-LeaderElection11] INFO  server.RaftServer$Division (RaftServerImpl.java:setRole(285)) - 38f881b7-b275-4c01-b63b-cbadf9a83bb7@group-D6D58FE81DD1: changes role from CANDIDATE to FOLLOWER at term 4 for REJECTED
2021-08-11 09:33:13,064 [38f881b7-b275-4c01-b63b-cbadf9a83bb7@group-D6D58FE81DD1-LeaderElection11] INFO  impl.RoleInfo (RoleInfo.java:shutdownLeaderElection(121)) - 38f881b7-b275-4c01-b63b-cbadf9a83bb7: shutdown 38f881b7-b275-4c01-b63b-cbadf9a83bb7@group-D6D58FE81DD1-LeaderElection11
2021-08-11 09:33:13,064 [38f881b7-b275-4c01-b63b-cbadf9a83bb7@group-D6D58FE81DD1-LeaderElection11] INFO  impl.RoleInfo (RoleInfo.java:updateAndGet(130)) - 38f881b7-b275-4c01-b63b-cbadf9a83bb7: start 38f881b7-b275-4c01-b63b-cbadf9a83bb7@group-D6D58FE81DD1-FollowerState
2021-08-11 09:33:13,269 [Listener at 127.0.0.1/44993] INFO  ozone.MiniOzoneClusterImpl (MiniOzoneClusterImpl.java:lambda$waitForClusterToBeReady$0(235)) - Nodes are ready. Got 3 of 3 DN Heartbeats.
2021-08-11 09:33:13,271 [Listener at 127.0.0.1/44993] INFO  ozone.MiniOzoneClusterImpl (MiniOzoneClusterImpl.java:lambda$waitForClusterToBeReady$0(238)) - Waiting for cluster to exit safe mode
2021-08-11 09:33:13,271 [Listener at 127.0.0.1/44993] INFO  ozone.MiniOzoneClusterImpl (MiniOzoneClusterImpl.java:lambda$waitForClusterToBeReady$0(240)) - SCM became leader
2021-08-11 09:33:14,271 [Listener at 127.0.0.1/44993] INFO  ozone.MiniOzoneClusterImpl (MiniOzoneClusterImpl.java:lambda$waitForClusterToBeReady$0(235)) - Nodes are ready. Got 3 of 3 DN Heartbeats.
2021-08-11 09:33:14,271 [Listener at 127.0.0.1/44993] INFO  ozone.MiniOzoneClusterImpl (MiniOzoneClusterImpl.java:lambda$waitForClusterToBeReady$0(238)) - Waiting for cluster to exit safe mode
2021-08-11 09:33:14,271 [Listener at 127.0.0.1/44993] INFO  ozone.MiniOzoneClusterImpl (MiniOzoneClusterImpl.java:lambda$waitForClusterToBeReady$0(240)) - SCM became leader
2021-08-11 09:33:15,272 [Listener at 127.0.0.1/44993] INFO  ozone.MiniOzoneClusterImpl (MiniOzoneClusterImpl.java:lambda$waitForClusterToBeReady$0(235)) - Nodes are ready. Got 3 of 3 DN Heartbeats.
2021-08-11 09:33:15,272 [Listener at 127.0.0.1/44993] INFO  ozone.MiniOzoneClusterImpl (MiniOzoneClusterImpl.java:lambda$waitForClusterToBeReady$0(238)) - Waiting for cluster to exit safe mode
2021-08-11 09:33:15,272 [Listener at 127.0.0.1/44993] INFO  ozone.MiniOzoneClusterImpl (MiniOzoneClusterImpl.java:lambda$waitForClusterToBeReady$0(240)) - SCM became leader
2021-08-11 09:33:16,272 [Listener at 127.0.0.1/44993] INFO  ozone.MiniOzoneClusterImpl (MiniOzoneClusterImpl.java:lambda$waitForClusterToBeReady$0(235)) - Nodes are ready. Got 3 of 3 DN Heartbeats.
2021-08-11 09:33:16,272 [Listener at 127.0.0.1/44993] INFO  ozone.MiniOzoneClusterImpl (MiniOzoneClusterImpl.java:lambda$waitForClusterToBeReady$0(238)) - Waiting for cluster to exit safe mode
2021-08-11 09:33:16,272 [Listener at 127.0.0.1/44993] INFO  ozone.MiniOzoneClusterImpl (MiniOzoneClusterImpl.java:lambda$waitForClusterToBeReady$0(240)) - SCM became leader
2021-08-11 09:33:17,273 [Listener at 127.0.0.1/44993] INFO  ozone.MiniOzoneClusterImpl (MiniOzoneClusterImpl.java:lambda$waitForClusterToBeReady$0(235)) - Nodes are ready. Got 3 of 3 DN Heartbeats.
2021-08-11 09:33:17,273 [Listener at 127.0.0.1/44993] INFO  ozone.MiniOzoneClusterImpl (MiniOzoneClusterImpl.java:lambda$waitForClusterToBeReady$0(238)) - Waiting for cluster to exit safe mode
2021-08-11 09:33:17,273 [Listener at 127.0.0.1/44993] INFO  ozone.MiniOzoneClusterImpl (MiniOzoneClusterImpl.java:lambda$waitForClusterToBeReady$0(240)) - SCM became leader
2021-08-11 09:33:18,049 [b60ee0fa-9875-4659-a992-15428cc237f6@group-D6D58FE81DD1-FollowerState] INFO  impl.FollowerState (FollowerState.java:run(134)) - b60ee0fa-9875-4659-a992-15428cc237f6@group-D6D58FE81DD1-FollowerState: change to CANDIDATE, lastRpcElapsedTime:5004812709ns, electionTimeout:5000ms
2021-08-11 09:33:18,049 [b60ee0fa-9875-4659-a992-15428cc237f6@group-D6D58FE81DD1-FollowerState] INFO  impl.RoleInfo (RoleInfo.java:shutdownFollowerState(108)) - b60ee0fa-9875-4659-a992-15428cc237f6: shutdown b60ee0fa-9875-4659-a992-15428cc237f6@group-D6D58FE81DD1-FollowerState
2021-08-11 09:33:18,049 [b60ee0fa-9875-4659-a992-15428cc237f6@group-D6D58FE81DD1-FollowerState] INFO  server.RaftServer$Division (RaftServerImpl.java:setRole(285)) - b60ee0fa-9875-4659-a992-15428cc237f6@group-D6D58FE81DD1: changes role from  FOLLOWER to CANDIDATE at term 4 for changeToCandidate
2021-08-11 09:33:18,049 [b60ee0fa-9875-4659-a992-15428cc237f6@group-D6D58FE81DD1-FollowerState] INFO  server.RaftServerConfigKeys (ConfUtils.java:logGet(44)) - raft.server.leaderelection.pre-vote = false (custom)
2021-08-11 09:33:18,049 [b60ee0fa-9875-4659-a992-15428cc237f6@group-D6D58FE81DD1-FollowerState] INFO  impl.RoleInfo (RoleInfo.java:updateAndGet(130)) - b60ee0fa-9875-4659-a992-15428cc237f6: start b60ee0fa-9875-4659-a992-15428cc237f6@group-D6D58FE81DD1-LeaderElection12
2021-08-11 09:33:18,061 [b60ee0fa-9875-4659-a992-15428cc237f6@group-D6D58FE81DD1-LeaderElection12] INFO  impl.LeaderElection (LeaderElection.java:askForVotes(306)) - b60ee0fa-9875-4659-a992-15428cc237f6@group-D6D58FE81DD1-LeaderElection12 ELECTION round 0: submit vote requests at term 5 for -1: [b60ee0fa-9875-4659-a992-15428cc237f6|rpc:10.1.0.72:40875|dataStream:|priority:0, d64b0853-d6b7-49d8-ba95-e52466f10d35|rpc:10.1.0.72:33927|dataStream:|priority:1, 38f881b7-b275-4c01-b63b-cbadf9a83bb7|rpc:10.1.0.72:38245|dataStream:|priority:0], old=null
2021-08-11 09:33:18,066 [grpc-default-executor-2] INFO  server.RaftServer$Division (RaftServerImpl.java:requestVote(1043)) - d64b0853-d6b7-49d8-ba95-e52466f10d35@group-D6D58FE81DD1: receive requestVote(ELECTION, b60ee0fa-9875-4659-a992-15428cc237f6, group-D6D58FE81DD1, 5, (t:0, i:0))
2021-08-11 09:33:18,066 [grpc-default-executor-2] INFO  impl.VoteContext (VoteContext.java:log(48)) - d64b0853-d6b7-49d8-ba95-e52466f10d35@group-D6D58FE81DD1-FOLLOWER: reject ELECTION from b60ee0fa-9875-4659-a992-15428cc237f6: our priority 1 > candidate's priority 0
2021-08-11 09:33:18,067 [grpc-default-executor-2] INFO  server.RaftServer$Division (RaftServerImpl.java:setRole(285)) - d64b0853-d6b7-49d8-ba95-e52466f10d35@group-D6D58FE81DD1: changes role from  FOLLOWER to FOLLOWER at term 5 for candidate:b60ee0fa-9875-4659-a992-15428cc237f6
2021-08-11 09:33:18,067 [grpc-default-executor-2] INFO  impl.RoleInfo (RoleInfo.java:shutdownFollowerState(108)) - d64b0853-d6b7-49d8-ba95-e52466f10d35: shutdown d64b0853-d6b7-49d8-ba95-e52466f10d35@group-D6D58FE81DD1-FollowerState
2021-08-11 09:33:18,067 [grpc-default-executor-2] INFO  impl.RoleInfo (RoleInfo.java:updateAndGet(130)) - d64b0853-d6b7-49d8-ba95-e52466f10d35: start d64b0853-d6b7-49d8-ba95-e52466f10d35@group-D6D58FE81DD1-FollowerState
2021-08-11 09:33:18,067 [d64b0853-d6b7-49d8-ba95-e52466f10d35@group-D6D58FE81DD1-FollowerState] INFO  impl.FollowerState (FollowerState.java:run(143)) - d64b0853-d6b7-49d8-ba95-e52466f10d35@group-D6D58FE81DD1-FollowerState was interrupted: {}
java.lang.InterruptedException: sleep interrupted
	at java.lang.Thread.sleep(Native Method)
	at java.lang.Thread.sleep(Thread.java:340)
	at java.util.concurrent.TimeUnit.sleep(TimeUnit.java:386)
	at org.apache.ratis.util.TimeDuration.sleep(TimeDuration.java:324)
	at org.apache.ratis.util.TimeDuration.sleep(TimeDuration.java:309)
	at org.apache.ratis.server.impl.FollowerState.run(FollowerState.java:118)
2021-08-11 09:33:18,076 [grpc-default-executor-0] INFO  server.RaftServer$Division (RaftServerImpl.java:requestVote(1043)) - 38f881b7-b275-4c01-b63b-cbadf9a83bb7@group-D6D58FE81DD1: receive requestVote(ELECTION, b60ee0fa-9875-4659-a992-15428cc237f6, group-D6D58FE81DD1, 5, (t:0, i:0))
2021-08-11 09:33:18,076 [grpc-default-executor-0] INFO  impl.VoteContext (VoteContext.java:log(48)) - 38f881b7-b275-4c01-b63b-cbadf9a83bb7@group-D6D58FE81DD1-FOLLOWER: accept ELECTION from b60ee0fa-9875-4659-a992-15428cc237f6: our priority 0 <= candidate's priority 0
2021-08-11 09:33:18,076 [grpc-default-executor-0] INFO  server.RaftServer$Division (RaftServerImpl.java:setRole(285)) - 38f881b7-b275-4c01-b63b-cbadf9a83bb7@group-D6D58FE81DD1: changes role from  FOLLOWER to FOLLOWER at term 5 for candidate:b60ee0fa-9875-4659-a992-15428cc237f6
2021-08-11 09:33:18,076 [grpc-default-executor-0] INFO  impl.RoleInfo (RoleInfo.java:shutdownFollowerState(108)) - 38f881b7-b275-4c01-b63b-cbadf9a83bb7: shutdown 38f881b7-b275-4c01-b63b-cbadf9a83bb7@group-D6D58FE81DD1-FollowerState
2021-08-11 09:33:18,076 [grpc-default-executor-0] INFO  impl.RoleInfo (RoleInfo.java:updateAndGet(130)) - 38f881b7-b275-4c01-b63b-cbadf9a83bb7: start 38f881b7-b275-4c01-b63b-cbadf9a83bb7@group-D6D58FE81DD1-FollowerState
2021-08-11 09:33:18,069 [grpc-default-executor-2] INFO  server.RaftServer$Division (RaftServerImpl.java:requestVote(1075)) - d64b0853-d6b7-49d8-ba95-e52466f10d35@group-D6D58FE81DD1 replies to ELECTION vote request: b60ee0fa-9875-4659-a992-15428cc237f6<-d64b0853-d6b7-49d8-ba95-e52466f10d35#0:FAIL-t5. Peer's state: d64b0853-d6b7-49d8-ba95-e52466f10d35@group-D6D58FE81DD1:t5, leader=null, voted=null, raftlog=d64b0853-d6b7-49d8-ba95-e52466f10d35@group-D6D58FE81DD1-SegmentedRaftLog:OPENED:c-1,f-1,i0, conf=-1: [b60ee0fa-9875-4659-a992-15428cc237f6|rpc:10.1.0.72:40875|priority:0, d64b0853-d6b7-49d8-ba95-e52466f10d35|rpc:10.1.0.72:33927|priority:1, 38f881b7-b275-4c01-b63b-cbadf9a83bb7|rpc:10.1.0.72:38245|priority:0], old=null
2021-08-11 09:33:18,077 [38f881b7-b275-4c01-b63b-cbadf9a83bb7@group-D6D58FE81DD1-FollowerState] INFO  impl.FollowerState (FollowerState.java:run(143)) - 38f881b7-b275-4c01-b63b-cbadf9a83bb7@group-D6D58FE81DD1-FollowerState was interrupted: {}
java.lang.InterruptedException: sleep interrupted
	at java.lang.Thread.sleep(Native Method)
	at java.lang.Thread.sleep(Thread.java:340)
	at java.util.concurrent.TimeUnit.sleep(TimeUnit.java:386)
	at org.apache.ratis.util.TimeDuration.sleep(TimeDuration.java:324)
	at org.apache.ratis.util.TimeDuration.sleep(TimeDuration.java:309)
	at org.apache.ratis.server.impl.FollowerState.run(FollowerState.java:118)
2021-08-11 09:33:18,079 [b60ee0fa-9875-4659-a992-15428cc237f6@group-D6D58FE81DD1-LeaderElection12] INFO  impl.LeaderElection (LeaderElection.java:logAndReturn(89)) - b60ee0fa-9875-4659-a992-15428cc237f6@group-D6D58FE81DD1-LeaderElection12: ELECTION REJECTED received 1 response(s) and 0 exception(s):
2021-08-11 09:33:18,079 [b60ee0fa-9875-4659-a992-15428cc237f6@group-D6D58FE81DD1-LeaderElection12] INFO  impl.LeaderElection (LeaderElection.java:logAndReturn(93)) -   Response 0: b60ee0fa-9875-4659-a992-15428cc237f6<-d64b0853-d6b7-49d8-ba95-e52466f10d35#0:FAIL-t5
2021-08-11 09:33:18,079 [b60ee0fa-9875-4659-a992-15428cc237f6@group-D6D58FE81DD1-LeaderElection12] INFO  impl.LeaderElection (LeaderElection.java:askForVotes(308)) - b60ee0fa-9875-4659-a992-15428cc237f6@group-D6D58FE81DD1-LeaderElection12 ELECTION round 0: result REJECTED
2021-08-11 09:33:18,079 [b60ee0fa-9875-4659-a992-15428cc237f6@group-D6D58FE81DD1-LeaderElection12] INFO  server.RaftServer$Division (RaftServerImpl.java:setRole(285)) - b60ee0fa-9875-4659-a992-15428cc237f6@group-D6D58FE81DD1: changes role from CANDIDATE to FOLLOWER at term 5 for REJECTED
2021-08-11 09:33:18,079 [b60ee0fa-9875-4659-a992-15428cc237f6@group-D6D58FE81DD1-LeaderElection12] INFO  impl.RoleInfo (RoleInfo.java:shutdownLeaderElection(121)) - b60ee0fa-9875-4659-a992-15428cc237f6: shutdown b60ee0fa-9875-4659-a992-15428cc237f6@group-D6D58FE81DD1-LeaderElection12
2021-08-11 09:33:18,080 [b60ee0fa-9875-4659-a992-15428cc237f6@group-D6D58FE81DD1-LeaderElection12] INFO  impl.RoleInfo (RoleInfo.java:updateAndGet(130)) - b60ee0fa-9875-4659-a992-15428cc237f6: start b60ee0fa-9875-4659-a992-15428cc237f6@group-D6D58FE81DD1-FollowerState
2021-08-11 09:33:18,080 [grpc-default-executor-0] INFO  server.RaftServer$Division (RaftServerImpl.java:requestVote(1075)) - 38f881b7-b275-4c01-b63b-cbadf9a83bb7@group-D6D58FE81DD1 replies to ELECTION vote request: b60ee0fa-9875-4659-a992-15428cc237f6<-38f881b7-b275-4c01-b63b-cbadf9a83bb7#0:OK-t5. Peer's state: 38f881b7-b275-4c01-b63b-cbadf9a83bb7@group-D6D58FE81DD1:t5, leader=null, voted=b60ee0fa-9875-4659-a992-15428cc237f6, raftlog=38f881b7-b275-4c01-b63b-cbadf9a83bb7@group-D6D58FE81DD1-SegmentedRaftLog:OPENED:c-1,f-1,i0, conf=-1: [b60ee0fa-9875-4659-a992-15428cc237f6|rpc:10.1.0.72:40875|priority:0, d64b0853-d6b7-49d8-ba95-e52466f10d35|rpc:10.1.0.72:33927|priority:1, 38f881b7-b275-4c01-b63b-cbadf9a83bb7|rpc:10.1.0.72:38245|priority:0], old=null
2021-08-11 09:33:18,273 [Listener at 127.0.0.1/44993] INFO  ozone.MiniOzoneClusterImpl (MiniOzoneClusterImpl.java:lambda$waitForClusterToBeReady$0(235)) - Nodes are ready. Got 3 of 3 DN Heartbeats.
2021-08-11 09:33:18,273 [Listener at 127.0.0.1/44993] INFO  ozone.MiniOzoneClusterImpl (MiniOzoneClusterImpl.java:lambda$waitForClusterToBeReady$0(238)) - Waiting for cluster to exit safe mode
2021-08-11 09:33:18,273 [Listener at 127.0.0.1/44993] INFO  ozone.MiniOzoneClusterImpl (MiniOzoneClusterImpl.java:lambda$waitForClusterToBeReady$0(240)) - SCM became leader
2021-08-11 09:33:19,274 [Listener at 127.0.0.1/44993] INFO  ozone.MiniOzoneClusterImpl (MiniOzoneClusterImpl.java:lambda$waitForClusterToBeReady$0(235)) - Nodes are ready. Got 3 of 3 DN Heartbeats.
2021-08-11 09:33:19,274 [Listener at 127.0.0.1/44993] INFO  ozone.MiniOzoneClusterImpl (MiniOzoneClusterImpl.java:lambda$waitForClusterToBeReady$0(238)) - Waiting for cluster to exit safe mode
2021-08-11 09:33:19,274 [Listener at 127.0.0.1/44993] INFO  ozone.MiniOzoneClusterImpl (MiniOzoneClusterImpl.java:lambda$waitForClusterToBeReady$0(240)) - SCM became leader
2021-08-11 09:33:20,274 [Listener at 127.0.0.1/44993] INFO  ozone.MiniOzoneClusterImpl (MiniOzoneClusterImpl.java:lambda$waitForClusterToBeReady$0(235)) - Nodes are ready. Got 3 of 3 DN Heartbeats.
2021-08-11 09:33:20,274 [Listener at 127.0.0.1/44993] INFO  ozone.MiniOzoneClusterImpl (MiniOzoneClusterImpl.java:lambda$waitForClusterToBeReady$0(238)) - Waiting for cluster to exit safe mode
2021-08-11 09:33:20,274 [Listener at 127.0.0.1/44993] INFO  ozone.MiniOzoneClusterImpl (MiniOzoneClusterImpl.java:lambda$waitForClusterToBeReady$0(240)) - SCM became leader
2021-08-11 09:33:21,274 [Listener at 127.0.0.1/44993] INFO  ozone.MiniOzoneClusterImpl (MiniOzoneClusterImpl.java:lambda$waitForClusterToBeReady$0(235)) - Nodes are ready. Got 3 of 3 DN Heartbeats.
2021-08-11 09:33:21,275 [Listener at 127.0.0.1/44993] INFO  ozone.MiniOzoneClusterImpl (MiniOzoneClusterImpl.java:lambda$waitForClusterToBeReady$0(238)) - Waiting for cluster to exit safe mode
2021-08-11 09:33:21,275 [Listener at 127.0.0.1/44993] INFO  ozone.MiniOzoneClusterImpl (MiniOzoneClusterImpl.java:lambda$waitForClusterToBeReady$0(240)) - SCM became leader
2021-08-11 09:33:22,275 [Listener at 127.0.0.1/44993] INFO  ozone.MiniOzoneClusterImpl (MiniOzoneClusterImpl.java:lambda$waitForClusterToBeReady$0(235)) - Nodes are ready. Got 3 of 3 DN Heartbeats.
2021-08-11 09:33:22,275 [Listener at 127.0.0.1/44993] INFO  ozone.MiniOzoneClusterImpl (MiniOzoneClusterImpl.java:lambda$waitForClusterToBeReady$0(238)) - Waiting for cluster to exit safe mode
2021-08-11 09:33:22,275 [Listener at 127.0.0.1/44993] INFO  ozone.MiniOzoneClusterImpl (MiniOzoneClusterImpl.java:lambda$waitForClusterToBeReady$0(240)) - SCM became leader
2021-08-11 09:33:23,151 [38f881b7-b275-4c01-b63b-cbadf9a83bb7@group-D6D58FE81DD1-FollowerState] INFO  impl.FollowerState (FollowerState.java:run(134)) - 38f881b7-b275-4c01-b63b-cbadf9a83bb7@group-D6D58FE81DD1-FollowerState: change to CANDIDATE, lastRpcElapsedTime:5071149229ns, electionTimeout:5065ms
2021-08-11 09:33:23,152 [38f881b7-b275-4c01-b63b-cbadf9a83bb7@group-D6D58FE81DD1-FollowerState] INFO  impl.RoleInfo (RoleInfo.java:shutdownFollowerState(108)) - 38f881b7-b275-4c01-b63b-cbadf9a83bb7: shutdown 38f881b7-b275-4c01-b63b-cbadf9a83bb7@group-D6D58FE81DD1-FollowerState
2021-08-11 09:33:23,152 [38f881b7-b275-4c01-b63b-cbadf9a83bb7@group-D6D58FE81DD1-FollowerState] INFO  server.RaftServer$Division (RaftServerImpl.java:setRole(285)) - 38f881b7-b275-4c01-b63b-cbadf9a83bb7@group-D6D58FE81DD1: changes role from  FOLLOWER to CANDIDATE at term 5 for changeToCandidate
2021-08-11 09:33:23,152 [38f881b7-b275-4c01-b63b-cbadf9a83bb7@group-D6D58FE81DD1-FollowerState] INFO  server.RaftServerConfigKeys (ConfUtils.java:logGet(44)) - raft.server.leaderelection.pre-vote = false (custom)
2021-08-11 09:33:23,152 [38f881b7-b275-4c01-b63b-cbadf9a83bb7@group-D6D58FE81DD1-FollowerState] INFO  impl.RoleInfo (RoleInfo.java:updateAndGet(130)) - 38f881b7-b275-4c01-b63b-cbadf9a83bb7: start 38f881b7-b275-4c01-b63b-cbadf9a83bb7@group-D6D58FE81DD1-LeaderElection13
2021-08-11 09:33:23,161 [b60ee0fa-9875-4659-a992-15428cc237f6@group-D6D58FE81DD1-FollowerState] INFO  impl.FollowerState (FollowerState.java:run(134)) - b60ee0fa-9875-4659-a992-15428cc237f6@group-D6D58FE81DD1-FollowerState: change to CANDIDATE, lastRpcElapsedTime:5081710306ns, electionTimeout:5071ms
2021-08-11 09:33:23,161 [b60ee0fa-9875-4659-a992-15428cc237f6@group-D6D58FE81DD1-FollowerState] INFO  impl.RoleInfo (RoleInfo.java:shutdownFollowerState(108)) - b60ee0fa-9875-4659-a992-15428cc237f6: shutdown b60ee0fa-9875-4659-a992-15428cc237f6@group-D6D58FE81DD1-FollowerState
2021-08-11 09:33:23,161 [b60ee0fa-9875-4659-a992-15428cc237f6@group-D6D58FE81DD1-FollowerState] INFO  server.RaftServer$Division (RaftServerImpl.java:setRole(285)) - b60ee0fa-9875-4659-a992-15428cc237f6@group-D6D58FE81DD1: changes role from  FOLLOWER to CANDIDATE at term 5 for changeToCandidate
2021-08-11 09:33:23,162 [b60ee0fa-9875-4659-a992-15428cc237f6@group-D6D58FE81DD1-FollowerState] INFO  server.RaftServerConfigKeys (ConfUtils.java:logGet(44)) - raft.server.leaderelection.pre-vote = false (custom)
2021-08-11 09:33:23,162 [b60ee0fa-9875-4659-a992-15428cc237f6@group-D6D58FE81DD1-FollowerState] INFO  impl.RoleInfo (RoleInfo.java:updateAndGet(130)) - b60ee0fa-9875-4659-a992-15428cc237f6: start b60ee0fa-9875-4659-a992-15428cc237f6@group-D6D58FE81DD1-LeaderElection14
2021-08-11 09:33:23,165 [38f881b7-b275-4c01-b63b-cbadf9a83bb7@group-D6D58FE81DD1-LeaderElection13] INFO  impl.LeaderElection (LeaderElection.java:askForVotes(306)) - 38f881b7-b275-4c01-b63b-cbadf9a83bb7@group-D6D58FE81DD1-LeaderElection13 ELECTION round 0: submit vote requests at term 6 for -1: [b60ee0fa-9875-4659-a992-15428cc237f6|rpc:10.1.0.72:40875|priority:0, d64b0853-d6b7-49d8-ba95-e52466f10d35|rpc:10.1.0.72:33927|priority:1, 38f881b7-b275-4c01-b63b-cbadf9a83bb7|rpc:10.1.0.72:38245|priority:0], old=null
2021-08-11 09:33:23,166 [b60ee0fa-9875-4659-a992-15428cc237f6@group-D6D58FE81DD1-LeaderElection14] INFO  impl.LeaderElection (LeaderElection.java:askForVotes(306)) - b60ee0fa-9875-4659-a992-15428cc237f6@group-D6D58FE81DD1-LeaderElection14 ELECTION round 0: submit vote requests at term 6 for -1: [b60ee0fa-9875-4659-a992-15428cc237f6|rpc:10.1.0.72:40875|dataStream:|priority:0, d64b0853-d6b7-49d8-ba95-e52466f10d35|rpc:10.1.0.72:33927|dataStream:|priority:1, 38f881b7-b275-4c01-b63b-cbadf9a83bb7|rpc:10.1.0.72:38245|dataStream:|priority:0], old=null
2021-08-11 09:33:23,176 [grpc-default-executor-0] INFO  server.RaftServer$Division (RaftServerImpl.java:requestVote(1043)) - b60ee0fa-9875-4659-a992-15428cc237f6@group-D6D58FE81DD1: receive requestVote(ELECTION, 38f881b7-b275-4c01-b63b-cbadf9a83bb7, group-D6D58FE81DD1, 6, (t:0, i:0))
2021-08-11 09:33:23,176 [grpc-default-executor-0] INFO  impl.VoteContext (VoteContext.java:log(48)) - b60ee0fa-9875-4659-a992-15428cc237f6@group-D6D58FE81DD1-CANDIDATE: reject ELECTION from 38f881b7-b275-4c01-b63b-cbadf9a83bb7: already has voted for b60ee0fa-9875-4659-a992-15428cc237f6 at current term 6
2021-08-11 09:33:23,176 [grpc-default-executor-0] INFO  server.RaftServer$Division (RaftServerImpl.java:requestVote(1075)) - b60ee0fa-9875-4659-a992-15428cc237f6@group-D6D58FE81DD1 replies to ELECTION vote request: 38f881b7-b275-4c01-b63b-cbadf9a83bb7<-b60ee0fa-9875-4659-a992-15428cc237f6#0:FAIL-t6. Peer's state: b60ee0fa-9875-4659-a992-15428cc237f6@group-D6D58FE81DD1:t6, leader=null, voted=b60ee0fa-9875-4659-a992-15428cc237f6, raftlog=b60ee0fa-9875-4659-a992-15428cc237f6@group-D6D58FE81DD1-SegmentedRaftLog:OPENED:c-1,f-1,i0, conf=-1: [b60ee0fa-9875-4659-a992-15428cc237f6|rpc:10.1.0.72:40875|dataStream:|priority:0, d64b0853-d6b7-49d8-ba95-e52466f10d35|rpc:10.1.0.72:33927|dataStream:|priority:1, 38f881b7-b275-4c01-b63b-cbadf9a83bb7|rpc:10.1.0.72:38245|dataStream:|priority:0], old=null
2021-08-11 09:33:23,185 [grpc-default-executor-2] INFO  server.RaftServer$Division (RaftServerImpl.java:requestVote(1043)) - d64b0853-d6b7-49d8-ba95-e52466f10d35@group-D6D58FE81DD1: receive requestVote(ELECTION, b60ee0fa-9875-4659-a992-15428cc237f6, group-D6D58FE81DD1, 6, (t:0, i:0))
2021-08-11 09:33:23,187 [grpc-default-executor-2] INFO  impl.VoteContext (VoteContext.java:log(48)) - d64b0853-d6b7-49d8-ba95-e52466f10d35@group-D6D58FE81DD1-FOLLOWER: reject ELECTION from b60ee0fa-9875-4659-a992-15428cc237f6: our priority 1 > candidate's priority 0
2021-08-11 09:33:23,187 [grpc-default-executor-1] INFO  server.RaftServer$Division (RaftServerImpl.java:requestVote(1043)) - d64b0853-d6b7-49d8-ba95-e52466f10d35@group-D6D58FE81DD1: receive requestVote(ELECTION, 38f881b7-b275-4c01-b63b-cbadf9a83bb7, group-D6D58FE81DD1, 6, (t:0, i:0))
2021-08-11 09:33:23,187 [grpc-default-executor-2] INFO  server.RaftServer$Division (RaftServerImpl.java:setRole(285)) - d64b0853-d6b7-49d8-ba95-e52466f10d35@group-D6D58FE81DD1: changes role from  FOLLOWER to FOLLOWER at term 6 for candidate:b60ee0fa-9875-4659-a992-15428cc237f6
2021-08-11 09:33:23,188 [grpc-default-executor-2] INFO  impl.RoleInfo (RoleInfo.java:shutdownFollowerState(108)) - d64b0853-d6b7-49d8-ba95-e52466f10d35: shutdown d64b0853-d6b7-49d8-ba95-e52466f10d35@group-D6D58FE81DD1-FollowerState
2021-08-11 09:33:23,188 [grpc-default-executor-2] INFO  impl.RoleInfo (RoleInfo.java:updateAndGet(130)) - d64b0853-d6b7-49d8-ba95-e52466f10d35: start d64b0853-d6b7-49d8-ba95-e52466f10d35@group-D6D58FE81DD1-FollowerState
2021-08-11 09:33:23,188 [d64b0853-d6b7-49d8-ba95-e52466f10d35@group-D6D58FE81DD1-FollowerState] INFO  impl.FollowerState (FollowerState.java:run(143)) - d64b0853-d6b7-49d8-ba95-e52466f10d35@group-D6D58FE81DD1-FollowerState was interrupted: {}
java.lang.InterruptedException: sleep interrupted
	at java.lang.Thread.sleep(Native Method)
	at java.lang.Thread.sleep(Thread.java:340)
	at java.util.concurrent.TimeUnit.sleep(TimeUnit.java:386)
	at org.apache.ratis.util.TimeDuration.sleep(TimeDuration.java:324)
	at org.apache.ratis.util.TimeDuration.sleep(TimeDuration.java:309)
	at org.apache.ratis.server.impl.FollowerState.run(FollowerState.java:118)
2021-08-11 09:33:23,187 [grpc-default-executor-0] INFO  server.RaftServer$Division (RaftServerImpl.java:requestVote(1043)) - 38f881b7-b275-4c01-b63b-cbadf9a83bb7@group-D6D58FE81DD1: receive requestVote(ELECTION, b60ee0fa-9875-4659-a992-15428cc237f6, group-D6D58FE81DD1, 6, (t:0, i:0))
2021-08-11 09:33:23,189 [grpc-default-executor-0] INFO  impl.VoteContext (VoteContext.java:log(48)) - 38f881b7-b275-4c01-b63b-cbadf9a83bb7@group-D6D58FE81DD1-CANDIDATE: reject ELECTION from b60ee0fa-9875-4659-a992-15428cc237f6: already has voted for 38f881b7-b275-4c01-b63b-cbadf9a83bb7 at current term 6
2021-08-11 09:33:23,189 [grpc-default-executor-0] INFO  server.RaftServer$Division (RaftServerImpl.java:requestVote(1075)) - 38f881b7-b275-4c01-b63b-cbadf9a83bb7@group-D6D58FE81DD1 replies to ELECTION vote request: b60ee0fa-9875-4659-a992-15428cc237f6<-38f881b7-b275-4c01-b63b-cbadf9a83bb7#0:FAIL-t6. Peer's state: 38f881b7-b275-4c01-b63b-cbadf9a83bb7@group-D6D58FE81DD1:t6, leader=null, voted=38f881b7-b275-4c01-b63b-cbadf9a83bb7, raftlog=38f881b7-b275-4c01-b63b-cbadf9a83bb7@group-D6D58FE81DD1-SegmentedRaftLog:OPENED:c-1,f-1,i0, conf=-1: [b60ee0fa-9875-4659-a992-15428cc237f6|rpc:10.1.0.72:40875|priority:0, d64b0853-d6b7-49d8-ba95-e52466f10d35|rpc:10.1.0.72:33927|priority:1, 38f881b7-b275-4c01-b63b-cbadf9a83bb7|rpc:10.1.0.72:38245|priority:0], old=null
2021-08-11 09:33:23,201 [grpc-default-executor-2] INFO  server.RaftServer$Division (RaftServerImpl.java:requestVote(1075)) - d64b0853-d6b7-49d8-ba95-e52466f10d35@group-D6D58FE81DD1 replies to ELECTION vote request: b60ee0fa-9875-4659-a992-15428cc237f6<-d64b0853-d6b7-49d8-ba95-e52466f10d35#0:FAIL-t6. Peer's state: d64b0853-d6b7-49d8-ba95-e52466f10d35@group-D6D58FE81DD1:t6, leader=null, voted=null, raftlog=d64b0853-d6b7-49d8-ba95-e52466f10d35@group-D6D58FE81DD1-SegmentedRaftLog:OPENED:c-1,f-1,i0, conf=-1: [b60ee0fa-9875-4659-a992-15428cc237f6|rpc:10.1.0.72:40875|priority:0, d64b0853-d6b7-49d8-ba95-e52466f10d35|rpc:10.1.0.72:33927|priority:1, 38f881b7-b275-4c01-b63b-cbadf9a83bb7|rpc:10.1.0.72:38245|priority:0], old=null
2021-08-11 09:33:23,202 [grpc-default-executor-1] INFO  impl.VoteContext (VoteContext.java:log(48)) - d64b0853-d6b7-49d8-ba95-e52466f10d35@group-D6D58FE81DD1-FOLLOWER: reject ELECTION from 38f881b7-b275-4c01-b63b-cbadf9a83bb7: our priority 1 > candidate's priority 0
2021-08-11 09:33:23,206 [grpc-default-executor-1] INFO  server.RaftServer$Division (RaftServerImpl.java:setRole(285)) - d64b0853-d6b7-49d8-ba95-e52466f10d35@group-D6D58FE81DD1: changes role from  FOLLOWER to FOLLOWER at term 6 for candidate:38f881b7-b275-4c01-b63b-cbadf9a83bb7
2021-08-11 09:33:23,206 [grpc-default-executor-1] INFO  impl.RoleInfo (RoleInfo.java:shutdownFollowerState(108)) - d64b0853-d6b7-49d8-ba95-e52466f10d35: shutdown d64b0853-d6b7-49d8-ba95-e52466f10d35@group-D6D58FE81DD1-FollowerState
2021-08-11 09:33:23,206 [grpc-default-executor-1] INFO  impl.RoleInfo (RoleInfo.java:updateAndGet(130)) - d64b0853-d6b7-49d8-ba95-e52466f10d35: start d64b0853-d6b7-49d8-ba95-e52466f10d35@group-D6D58FE81DD1-FollowerState
2021-08-11 09:33:23,206 [grpc-default-executor-1] INFO  server.RaftServer$Division (RaftServerImpl.java:requestVote(1075)) - d64b0853-d6b7-49d8-ba95-e52466f10d35@group-D6D58FE81DD1 replies to ELECTION vote request: 38f881b7-b275-4c01-b63b-cbadf9a83bb7<-d64b0853-d6b7-49d8-ba95-e52466f10d35#0:FAIL-t6. Peer's state: d64b0853-d6b7-49d8-ba95-e52466f10d35@group-D6D58FE81DD1:t6, leader=null, voted=null, raftlog=d64b0853-d6b7-49d8-ba95-e52466f10d35@group-D6D58FE81DD1-SegmentedRaftLog:OPENED:c-1,f-1,i0, conf=-1: [b60ee0fa-9875-4659-a992-15428cc237f6|rpc:10.1.0.72:40875|priority:0, d64b0853-d6b7-49d8-ba95-e52466f10d35|rpc:10.1.0.72:33927|priority:1, 38f881b7-b275-4c01-b63b-cbadf9a83bb7|rpc:10.1.0.72:38245|priority:0], old=null
2021-08-11 09:33:23,207 [b60ee0fa-9875-4659-a992-15428cc237f6@group-D6D58FE81DD1-LeaderElection14] INFO  impl.LeaderElection (LeaderElection.java:logAndReturn(89)) - b60ee0fa-9875-4659-a992-15428cc237f6@group-D6D58FE81DD1-LeaderElection14: ELECTION REJECTED received 2 response(s) and 0 exception(s):
2021-08-11 09:33:23,209 [b60ee0fa-9875-4659-a992-15428cc237f6@group-D6D58FE81DD1-LeaderElection14] INFO  impl.LeaderElection (LeaderElection.java:logAndReturn(93)) -   Response 0: b60ee0fa-9875-4659-a992-15428cc237f6<-d64b0853-d6b7-49d8-ba95-e52466f10d35#0:FAIL-t6
2021-08-11 09:33:23,209 [b60ee0fa-9875-4659-a992-15428cc237f6@group-D6D58FE81DD1-LeaderElection14] INFO  impl.LeaderElection (LeaderElection.java:logAndReturn(93)) -   Response 1: b60ee0fa-9875-4659-a992-15428cc237f6<-38f881b7-b275-4c01-b63b-cbadf9a83bb7#0:FAIL-t6
2021-08-11 09:33:23,208 [38f881b7-b275-4c01-b63b-cbadf9a83bb7@group-D6D58FE81DD1-LeaderElection13] INFO  impl.LeaderElection (LeaderElection.java:logAndReturn(89)) - 38f881b7-b275-4c01-b63b-cbadf9a83bb7@group-D6D58FE81DD1-LeaderElection13: ELECTION REJECTED received 2 response(s) and 0 exception(s):
2021-08-11 09:33:23,209 [b60ee0fa-9875-4659-a992-15428cc237f6@group-D6D58FE81DD1-LeaderElection14] INFO  impl.LeaderElection (LeaderElection.java:askForVotes(308)) - b60ee0fa-9875-4659-a992-15428cc237f6@group-D6D58FE81DD1-LeaderElection14 ELECTION round 0: result REJECTED
2021-08-11 09:33:23,210 [38f881b7-b275-4c01-b63b-cbadf9a83bb7@group-D6D58FE81DD1-LeaderElection13] INFO  impl.LeaderElection (LeaderElection.java:logAndReturn(93)) -   Response 0: 38f881b7-b275-4c01-b63b-cbadf9a83bb7<-b60ee0fa-9875-4659-a992-15428cc237f6#0:FAIL-t6
2021-08-11 09:33:23,210 [38f881b7-b275-4c01-b63b-cbadf9a83bb7@group-D6D58FE81DD1-LeaderElection13] INFO  impl.LeaderElection (LeaderElection.java:logAndReturn(93)) -   Response 1: 38f881b7-b275-4c01-b63b-cbadf9a83bb7<-d64b0853-d6b7-49d8-ba95-e52466f10d35#0:FAIL-t6
2021-08-11 09:33:23,210 [38f881b7-b275-4c01-b63b-cbadf9a83bb7@group-D6D58FE81DD1-LeaderElection13] INFO  impl.LeaderElection (LeaderElection.java:askForVotes(308)) - 38f881b7-b275-4c01-b63b-cbadf9a83bb7@group-D6D58FE81DD1-LeaderElection13 ELECTION round 0: result REJECTED
2021-08-11 09:33:23,210 [38f881b7-b275-4c01-b63b-cbadf9a83bb7@group-D6D58FE81DD1-LeaderElection13] INFO  server.RaftServer$Division (RaftServerImpl.java:setRole(285)) - 38f881b7-b275-4c01-b63b-cbadf9a83bb7@group-D6D58FE81DD1: changes role from CANDIDATE to FOLLOWER at term 6 for REJECTED
2021-08-11 09:33:23,210 [38f881b7-b275-4c01-b63b-cbadf9a83bb7@group-D6D58FE81DD1-LeaderElection13] INFO  impl.RoleInfo (RoleInfo.java:shutdownLeaderElection(121)) - 38f881b7-b275-4c01-b63b-cbadf9a83bb7: shutdown 38f881b7-b275-4c01-b63b-cbadf9a83bb7@group-D6D58FE81DD1-LeaderElection13
2021-08-11 09:33:23,210 [38f881b7-b275-4c01-b63b-cbadf9a83bb7@group-D6D58FE81DD1-LeaderElection13] INFO  impl.RoleInfo (RoleInfo.java:updateAndGet(130)) - 38f881b7-b275-4c01-b63b-cbadf9a83bb7: start 38f881b7-b275-4c01-b63b-cbadf9a83bb7@group-D6D58FE81DD1-FollowerState
2021-08-11 09:33:23,210 [b60ee0fa-9875-4659-a992-15428cc237f6@group-D6D58FE81DD1-LeaderElection14] INFO  server.RaftServer$Division (RaftServerImpl.java:setRole(285)) - b60ee0fa-9875-4659-a992-15428cc237f6@group-D6D58FE81DD1: changes role from CANDIDATE to FOLLOWER at term 6 for REJECTED
2021-08-11 09:33:23,210 [b60ee0fa-9875-4659-a992-15428cc237f6@group-D6D58FE81DD1-LeaderElection14] INFO  impl.RoleInfo (RoleInfo.java:shutdownLeaderElection(121)) - b60ee0fa-9875-4659-a992-15428cc237f6: shutdown b60ee0fa-9875-4659-a992-15428cc237f6@group-D6D58FE81DD1-LeaderElection14
2021-08-11 09:33:23,211 [b60ee0fa-9875-4659-a992-15428cc237f6@group-D6D58FE81DD1-LeaderElection14] INFO  impl.RoleInfo (RoleInfo.java:updateAndGet(130)) - b60ee0fa-9875-4659-a992-15428cc237f6: start b60ee0fa-9875-4659-a992-15428cc237f6@group-D6D58FE81DD1-FollowerState
2021-08-11 09:33:23,275 [Listener at 127.0.0.1/44993] INFO  ozone.MiniOzoneClusterImpl (MiniOzoneClusterImpl.java:lambda$waitForClusterToBeReady$0(235)) - Nodes are ready. Got 3 of 3 DN Heartbeats.
2021-08-11 09:33:23,276 [Listener at 127.0.0.1/44993] INFO  ozone.MiniOzoneClusterImpl (MiniOzoneClusterImpl.java:lambda$waitForClusterToBeReady$0(238)) - Waiting for cluster to exit safe mode
2021-08-11 09:33:23,276 [Listener at 127.0.0.1/44993] INFO  ozone.MiniOzoneClusterImpl (MiniOzoneClusterImpl.java:lambda$waitForClusterToBeReady$0(240)) - SCM became leader
2021-08-11 09:33:24,276 [Listener at 127.0.0.1/44993] INFO  ozone.MiniOzoneClusterImpl (MiniOzoneClusterImpl.java:lambda$waitForClusterToBeReady$0(235)) - Nodes are ready. Got 3 of 3 DN Heartbeats.
2021-08-11 09:33:24,276 [Listener at 127.0.0.1/44993] INFO  ozone.MiniOzoneClusterImpl (MiniOzoneClusterImpl.java:lambda$waitForClusterToBeReady$0(238)) - Waiting for cluster to exit safe mode
2021-08-11 09:33:24,276 [Listener at 127.0.0.1/44993] INFO  ozone.MiniOzoneClusterImpl (MiniOzoneClusterImpl.java:lambda$waitForClusterToBeReady$0(240)) - SCM became leader
2021-08-11 09:33:25,276 [Listener at 127.0.0.1/44993] INFO  ozone.MiniOzoneClusterImpl (MiniOzoneClusterImpl.java:lambda$waitForClusterToBeReady$0(235)) - Nodes are ready. Got 3 of 3 DN Heartbeats.
2021-08-11 09:33:25,277 [Listener at 127.0.0.1/44993] INFO  ozone.MiniOzoneClusterImpl (MiniOzoneClusterImpl.java:lambda$waitForClusterToBeReady$0(238)) - Waiting for cluster to exit safe mode
2021-08-11 09:33:25,277 [Listener at 127.0.0.1/44993] INFO  ozone.MiniOzoneClusterImpl (MiniOzoneClusterImpl.java:lambda$waitForClusterToBeReady$0(240)) - SCM became leader
2021-08-11 09:33:26,277 [Listener at 127.0.0.1/44993] INFO  ozone.MiniOzoneClusterImpl (MiniOzoneClusterImpl.java:lambda$waitForClusterToBeReady$0(235)) - Nodes are ready. Got 3 of 3 DN Heartbeats.
2021-08-11 09:33:26,277 [Listener at 127.0.0.1/44993] INFO  ozone.MiniOzoneClusterImpl (MiniOzoneClusterImpl.java:lambda$waitForClusterToBeReady$0(238)) - Waiting for cluster to exit safe mode
2021-08-11 09:33:26,277 [Listener at 127.0.0.1/44993] INFO  ozone.MiniOzoneClusterImpl (MiniOzoneClusterImpl.java:lambda$waitForClusterToBeReady$0(240)) - SCM became leader
2021-08-11 09:33:27,277 [Listener at 127.0.0.1/44993] INFO  ozone.MiniOzoneClusterImpl (MiniOzoneClusterImpl.java:lambda$waitForClusterToBeReady$0(235)) - Nodes are ready. Got 3 of 3 DN Heartbeats.
2021-08-11 09:33:27,278 [Listener at 127.0.0.1/44993] INFO  ozone.MiniOzoneClusterImpl (MiniOzoneClusterImpl.java:lambda$waitForClusterToBeReady$0(238)) - Waiting for cluster to exit safe mode
2021-08-11 09:33:27,278 [Listener at 127.0.0.1/44993] INFO  ozone.MiniOzoneClusterImpl (MiniOzoneClusterImpl.java:lambda$waitForClusterToBeReady$0(240)) - SCM became leader
2021-08-11 09:33:28,262 [b60ee0fa-9875-4659-a992-15428cc237f6@group-D6D58FE81DD1-FollowerState] INFO  impl.FollowerState (FollowerState.java:run(134)) - b60ee0fa-9875-4659-a992-15428cc237f6@group-D6D58FE81DD1-FollowerState: change to CANDIDATE, lastRpcElapsedTime:5051571262ns, electionTimeout:5041ms
2021-08-11 09:33:28,262 [b60ee0fa-9875-4659-a992-15428cc237f6@group-D6D58FE81DD1-FollowerState] INFO  impl.RoleInfo (RoleInfo.java:shutdownFollowerState(108)) - b60ee0fa-9875-4659-a992-15428cc237f6: shutdown b60ee0fa-9875-4659-a992-15428cc237f6@group-D6D58FE81DD1-FollowerState
2021-08-11 09:33:28,262 [b60ee0fa-9875-4659-a992-15428cc237f6@group-D6D58FE81DD1-FollowerState] INFO  server.RaftServer$Division (RaftServerImpl.java:setRole(285)) - b60ee0fa-9875-4659-a992-15428cc237f6@group-D6D58FE81DD1: changes role from  FOLLOWER to CANDIDATE at term 6 for changeToCandidate
2021-08-11 09:33:28,263 [b60ee0fa-9875-4659-a992-15428cc237f6@group-D6D58FE81DD1-FollowerState] INFO  server.RaftServerConfigKeys (ConfUtils.java:logGet(44)) - raft.server.leaderelection.pre-vote = false (custom)
2021-08-11 09:33:28,263 [b60ee0fa-9875-4659-a992-15428cc237f6@group-D6D58FE81DD1-FollowerState] INFO  impl.RoleInfo (RoleInfo.java:updateAndGet(130)) - b60ee0fa-9875-4659-a992-15428cc237f6: start b60ee0fa-9875-4659-a992-15428cc237f6@group-D6D58FE81DD1-LeaderElection15
2021-08-11 09:33:28,278 [Listener at 127.0.0.1/44993] INFO  ozone.MiniOzoneClusterImpl (MiniOzoneClusterImpl.java:lambda$waitForClusterToBeReady$0(235)) - Nodes are ready. Got 3 of 3 DN Heartbeats.
2021-08-11 09:33:28,278 [Listener at 127.0.0.1/44993] INFO  ozone.MiniOzoneClusterImpl (MiniOzoneClusterImpl.java:lambda$waitForClusterToBeReady$0(238)) - Waiting for cluster to exit safe mode
2021-08-11 09:33:28,278 [Listener at 127.0.0.1/44993] INFO  ozone.MiniOzoneClusterImpl (MiniOzoneClusterImpl.java:lambda$waitForClusterToBeReady$0(240)) - SCM became leader
2021-08-11 09:33:28,283 [b60ee0fa-9875-4659-a992-15428cc237f6@group-D6D58FE81DD1-LeaderElection15] INFO  impl.LeaderElection (LeaderElection.java:askForVotes(306)) - b60ee0fa-9875-4659-a992-15428cc237f6@group-D6D58FE81DD1-LeaderElection15 ELECTION round 0: submit vote requests at term 7 for -1: [b60ee0fa-9875-4659-a992-15428cc237f6|rpc:10.1.0.72:40875|dataStream:|priority:0, d64b0853-d6b7-49d8-ba95-e52466f10d35|rpc:10.1.0.72:33927|dataStream:|priority:1, 38f881b7-b275-4c01-b63b-cbadf9a83bb7|rpc:10.1.0.72:38245|dataStream:|priority:0], old=null
2021-08-11 09:33:28,291 [grpc-default-executor-1] INFO  server.RaftServer$Division (RaftServerImpl.java:requestVote(1043)) - d64b0853-d6b7-49d8-ba95-e52466f10d35@group-D6D58FE81DD1: receive requestVote(ELECTION, b60ee0fa-9875-4659-a992-15428cc237f6, group-D6D58FE81DD1, 7, (t:0, i:0))
2021-08-11 09:33:28,291 [grpc-default-executor-1] INFO  impl.VoteContext (VoteContext.java:log(48)) - d64b0853-d6b7-49d8-ba95-e52466f10d35@group-D6D58FE81DD1-FOLLOWER: reject ELECTION from b60ee0fa-9875-4659-a992-15428cc237f6: our priority 1 > candidate's priority 0
2021-08-11 09:33:28,291 [grpc-default-executor-1] INFO  server.RaftServer$Division (RaftServerImpl.java:setRole(285)) - d64b0853-d6b7-49d8-ba95-e52466f10d35@group-D6D58FE81DD1: changes role from  FOLLOWER to FOLLOWER at term 7 for candidate:b60ee0fa-9875-4659-a992-15428cc237f6
2021-08-11 09:33:28,291 [grpc-default-executor-1] INFO  impl.RoleInfo (RoleInfo.java:shutdownFollowerState(108)) - d64b0853-d6b7-49d8-ba95-e52466f10d35: shutdown d64b0853-d6b7-49d8-ba95-e52466f10d35@group-D6D58FE81DD1-FollowerState
2021-08-11 09:33:28,291 [grpc-default-executor-1] INFO  impl.RoleInfo (RoleInfo.java:updateAndGet(130)) - d64b0853-d6b7-49d8-ba95-e52466f10d35: start d64b0853-d6b7-49d8-ba95-e52466f10d35@group-D6D58FE81DD1-FollowerState
2021-08-11 09:33:28,292 [d64b0853-d6b7-49d8-ba95-e52466f10d35@group-D6D58FE81DD1-FollowerState] INFO  impl.FollowerState (FollowerState.java:run(143)) - d64b0853-d6b7-49d8-ba95-e52466f10d35@group-D6D58FE81DD1-FollowerState was interrupted: {}
java.lang.InterruptedException: sleep interrupted
	at java.lang.Thread.sleep(Native Method)
	at java.lang.Thread.sleep(Thread.java:340)
	at java.util.concurrent.TimeUnit.sleep(TimeUnit.java:386)
	at org.apache.ratis.util.TimeDuration.sleep(TimeDuration.java:324)
	at org.apache.ratis.util.TimeDuration.sleep(TimeDuration.java:309)
	at org.apache.ratis.server.impl.FollowerState.run(FollowerState.java:118)
2021-08-11 09:33:28,294 [grpc-default-executor-1] INFO  server.RaftServer$Division (RaftServerImpl.java:requestVote(1075)) - d64b0853-d6b7-49d8-ba95-e52466f10d35@group-D6D58FE81DD1 replies to ELECTION vote request: b60ee0fa-9875-4659-a992-15428cc237f6<-d64b0853-d6b7-49d8-ba95-e52466f10d35#0:FAIL-t7. Peer's state: d64b0853-d6b7-49d8-ba95-e52466f10d35@group-D6D58FE81DD1:t7, leader=null, voted=null, raftlog=d64b0853-d6b7-49d8-ba95-e52466f10d35@group-D6D58FE81DD1-SegmentedRaftLog:OPENED:c-1,f-1,i0, conf=-1: [b60ee0fa-9875-4659-a992-15428cc237f6|rpc:10.1.0.72:40875|priority:0, d64b0853-d6b7-49d8-ba95-e52466f10d35|rpc:10.1.0.72:33927|priority:1, 38f881b7-b275-4c01-b63b-cbadf9a83bb7|rpc:10.1.0.72:38245|priority:0], old=null
2021-08-11 09:33:28,296 [b60ee0fa-9875-4659-a992-15428cc237f6@group-D6D58FE81DD1-LeaderElection15] INFO  impl.LeaderElection (LeaderElection.java:logAndReturn(89)) - b60ee0fa-9875-4659-a992-15428cc237f6@group-D6D58FE81DD1-LeaderElection15: ELECTION REJECTED received 1 response(s) and 0 exception(s):
2021-08-11 09:33:28,296 [b60ee0fa-9875-4659-a992-15428cc237f6@group-D6D58FE81DD1-LeaderElection15] INFO  impl.LeaderElection (LeaderElection.java:logAndReturn(93)) -   Response 0: b60ee0fa-9875-4659-a992-15428cc237f6<-d64b0853-d6b7-49d8-ba95-e52466f10d35#0:FAIL-t7
2021-08-11 09:33:28,296 [b60ee0fa-9875-4659-a992-15428cc237f6@group-D6D58FE81DD1-LeaderElection15] INFO  impl.LeaderElection (LeaderElection.java:askForVotes(308)) - b60ee0fa-9875-4659-a992-15428cc237f6@group-D6D58FE81DD1-LeaderElection15 ELECTION round 0: result REJECTED
2021-08-11 09:33:28,296 [b60ee0fa-9875-4659-a992-15428cc237f6@group-D6D58FE81DD1-LeaderElection15] INFO  server.RaftServer$Division (RaftServerImpl.java:setRole(285)) - b60ee0fa-9875-4659-a992-15428cc237f6@group-D6D58FE81DD1: changes role from CANDIDATE to FOLLOWER at term 7 for REJECTED
2021-08-11 09:33:28,296 [b60ee0fa-9875-4659-a992-15428cc237f6@group-D6D58FE81DD1-LeaderElection15] INFO  impl.RoleInfo (RoleInfo.java:shutdownLeaderElection(121)) - b60ee0fa-9875-4659-a992-15428cc237f6: shutdown b60ee0fa-9875-4659-a992-15428cc237f6@group-D6D58FE81DD1-LeaderElection15
2021-08-11 09:33:28,296 [b60ee0fa-9875-4659-a992-15428cc237f6@group-D6D58FE81DD1-LeaderElection15] INFO  impl.RoleInfo (RoleInfo.java:updateAndGet(130)) - b60ee0fa-9875-4659-a992-15428cc237f6: start b60ee0fa-9875-4659-a992-15428cc237f6@group-D6D58FE81DD1-FollowerState
2021-08-11 09:33:28,302 [grpc-default-executor-1] INFO  server.RaftServer$Division (RaftServerImpl.java:requestVote(1043)) - 38f881b7-b275-4c01-b63b-cbadf9a83bb7@group-D6D58FE81DD1: receive requestVote(ELECTION, b60ee0fa-9875-4659-a992-15428cc237f6, group-D6D58FE81DD1, 7, (t:0, i:0))
2021-08-11 09:33:28,304 [grpc-default-executor-1] INFO  impl.VoteContext (VoteContext.java:log(48)) - 38f881b7-b275-4c01-b63b-cbadf9a83bb7@group-D6D58FE81DD1-FOLLOWER: accept ELECTION from b60ee0fa-9875-4659-a992-15428cc237f6: our priority 0 <= candidate's priority 0
2021-08-11 09:33:28,304 [grpc-default-executor-1] INFO  server.RaftServer$Division (RaftServerImpl.java:setRole(285)) - 38f881b7-b275-4c01-b63b-cbadf9a83bb7@group-D6D58FE81DD1: changes role from  FOLLOWER to FOLLOWER at term 7 for candidate:b60ee0fa-9875-4659-a992-15428cc237f6
2021-08-11 09:33:28,304 [grpc-default-executor-1] INFO  impl.RoleInfo (RoleInfo.java:shutdownFollowerState(108)) - 38f881b7-b275-4c01-b63b-cbadf9a83bb7: shutdown 38f881b7-b275-4c01-b63b-cbadf9a83bb7@group-D6D58FE81DD1-FollowerState
2021-08-11 09:33:28,304 [grpc-default-executor-1] INFO  impl.RoleInfo (RoleInfo.java:updateAndGet(130)) - 38f881b7-b275-4c01-b63b-cbadf9a83bb7: start 38f881b7-b275-4c01-b63b-cbadf9a83bb7@group-D6D58FE81DD1-FollowerState
2021-08-11 09:33:28,304 [38f881b7-b275-4c01-b63b-cbadf9a83bb7@group-D6D58FE81DD1-FollowerState] INFO  impl.FollowerState (FollowerState.java:run(143)) - 38f881b7-b275-4c01-b63b-cbadf9a83bb7@group-D6D58FE81DD1-FollowerState was interrupted: {}
java.lang.InterruptedException: sleep interrupted
	at java.lang.Thread.sleep(Native Method)
	at java.lang.Thread.sleep(Thread.java:340)
	at java.util.concurrent.TimeUnit.sleep(TimeUnit.java:386)
	at org.apache.ratis.util.TimeDuration.sleep(TimeDuration.java:324)
	at org.apache.ratis.util.TimeDuration.sleep(TimeDuration.java:309)
	at org.apache.ratis.server.impl.FollowerState.run(FollowerState.java:118)
2021-08-11 09:33:28,309 [grpc-default-executor-1] INFO  server.RaftServer$Division (RaftServerImpl.java:requestVote(1075)) - 38f881b7-b275-4c01-b63b-cbadf9a83bb7@group-D6D58FE81DD1 replies to ELECTION vote request: b60ee0fa-9875-4659-a992-15428cc237f6<-38f881b7-b275-4c01-b63b-cbadf9a83bb7#0:OK-t7. Peer's state: 38f881b7-b275-4c01-b63b-cbadf9a83bb7@group-D6D58FE81DD1:t7, leader=null, voted=b60ee0fa-9875-4659-a992-15428cc237f6, raftlog=38f881b7-b275-4c01-b63b-cbadf9a83bb7@group-D6D58FE81DD1-SegmentedRaftLog:OPENED:c-1,f-1,i0, conf=-1: [b60ee0fa-9875-4659-a992-15428cc237f6|rpc:10.1.0.72:40875|priority:0, d64b0853-d6b7-49d8-ba95-e52466f10d35|rpc:10.1.0.72:33927|priority:1, 38f881b7-b275-4c01-b63b-cbadf9a83bb7|rpc:10.1.0.72:38245|priority:0], old=null
2021-08-11 09:33:29,278 [Listener at 127.0.0.1/44993] INFO  ozone.MiniOzoneClusterImpl (MiniOzoneClusterImpl.java:lambda$waitForClusterToBeReady$0(235)) - Nodes are ready. Got 3 of 3 DN Heartbeats.
2021-08-11 09:33:29,279 [Listener at 127.0.0.1/44993] INFO  ozone.MiniOzoneClusterImpl (MiniOzoneClusterImpl.java:lambda$waitForClusterToBeReady$0(238)) - Waiting for cluster to exit safe mode
2021-08-11 09:33:29,279 [Listener at 127.0.0.1/44993] INFO  ozone.MiniOzoneClusterImpl (MiniOzoneClusterImpl.java:lambda$waitForClusterToBeReady$0(240)) - SCM became leader
2021-08-11 09:33:30,279 [Listener at 127.0.0.1/44993] INFO  ozone.MiniOzoneClusterImpl (MiniOzoneClusterImpl.java:lambda$waitForClusterToBeReady$0(235)) - Nodes are ready. Got 3 of 3 DN Heartbeats.
2021-08-11 09:33:30,279 [Listener at 127.0.0.1/44993] INFO  ozone.MiniOzoneClusterImpl (MiniOzoneClusterImpl.java:lambda$waitForClusterToBeReady$0(238)) - Waiting for cluster to exit safe mode
2021-08-11 09:33:30,279 [Listener at 127.0.0.1/44993] INFO  ozone.MiniOzoneClusterImpl (MiniOzoneClusterImpl.java:lambda$waitForClusterToBeReady$0(240)) - SCM became leader
2021-08-11 09:33:31,279 [Listener at 127.0.0.1/44993] INFO  ozone.MiniOzoneClusterImpl (MiniOzoneClusterImpl.java:lambda$waitForClusterToBeReady$0(235)) - Nodes are ready. Got 3 of 3 DN Heartbeats.
2021-08-11 09:33:31,280 [Listener at 127.0.0.1/44993] INFO  ozone.MiniOzoneClusterImpl (MiniOzoneClusterImpl.java:lambda$waitForClusterToBeReady$0(238)) - Waiting for cluster to exit safe mode
2021-08-11 09:33:31,280 [Listener at 127.0.0.1/44993] INFO  ozone.MiniOzoneClusterImpl (MiniOzoneClusterImpl.java:lambda$waitForClusterToBeReady$0(240)) - SCM became leader
2021-08-11 09:33:32,280 [Listener at 127.0.0.1/44993] INFO  ozone.MiniOzoneClusterImpl (MiniOzoneClusterImpl.java:lambda$waitForClusterToBeReady$0(235)) - Nodes are ready. Got 3 of 3 DN Heartbeats.
2021-08-11 09:33:32,280 [Listener at 127.0.0.1/44993] INFO  ozone.MiniOzoneClusterImpl (MiniOzoneClusterImpl.java:lambda$waitForClusterToBeReady$0(238)) - Waiting for cluster to exit safe mode
2021-08-11 09:33:32,280 [Listener at 127.0.0.1/44993] INFO  ozone.MiniOzoneClusterImpl (MiniOzoneClusterImpl.java:lambda$waitForClusterToBeReady$0(240)) - SCM became leader
2021-08-11 09:33:33,280 [Listener at 127.0.0.1/44993] INFO  ozone.MiniOzoneClusterImpl (MiniOzoneClusterImpl.java:lambda$waitForClusterToBeReady$0(235)) - Nodes are ready. Got 3 of 3 DN Heartbeats.
2021-08-11 09:33:33,281 [Listener at 127.0.0.1/44993] INFO  ozone.MiniOzoneClusterImpl (MiniOzoneClusterImpl.java:lambda$waitForClusterToBeReady$0(238)) - Waiting for cluster to exit safe mode
2021-08-11 09:33:33,281 [Listener at 127.0.0.1/44993] INFO  ozone.MiniOzoneClusterImpl (MiniOzoneClusterImpl.java:lambda$waitForClusterToBeReady$0(240)) - SCM became leader
2021-08-11 09:33:33,335 [d64b0853-d6b7-49d8-ba95-e52466f10d35@group-D6D58FE81DD1-FollowerState] INFO  impl.FollowerState (FollowerState.java:run(134)) - d64b0853-d6b7-49d8-ba95-e52466f10d35@group-D6D58FE81DD1-FollowerState: change to CANDIDATE, lastRpcElapsedTime:5043819838ns, electionTimeout:5043ms
2021-08-11 09:33:33,336 [d64b0853-d6b7-49d8-ba95-e52466f10d35@group-D6D58FE81DD1-FollowerState] INFO  impl.RoleInfo (RoleInfo.java:shutdownFollowerState(108)) - d64b0853-d6b7-49d8-ba95-e52466f10d35: shutdown d64b0853-d6b7-49d8-ba95-e52466f10d35@group-D6D58FE81DD1-FollowerState
2021-08-11 09:33:33,336 [d64b0853-d6b7-49d8-ba95-e52466f10d35@group-D6D58FE81DD1-FollowerState] INFO  server.RaftServer$Division (RaftServerImpl.java:setRole(285)) - d64b0853-d6b7-49d8-ba95-e52466f10d35@group-D6D58FE81DD1: changes role from  FOLLOWER to CANDIDATE at term 7 for changeToCandidate
2021-08-11 09:33:33,336 [d64b0853-d6b7-49d8-ba95-e52466f10d35@group-D6D58FE81DD1-FollowerState] INFO  server.RaftServerConfigKeys (ConfUtils.java:logGet(44)) - raft.server.leaderelection.pre-vote = false (custom)
2021-08-11 09:33:33,336 [d64b0853-d6b7-49d8-ba95-e52466f10d35@group-D6D58FE81DD1-FollowerState] INFO  impl.RoleInfo (RoleInfo.java:updateAndGet(130)) - d64b0853-d6b7-49d8-ba95-e52466f10d35: start d64b0853-d6b7-49d8-ba95-e52466f10d35@group-D6D58FE81DD1-LeaderElection16
2021-08-11 09:33:33,347 [38f881b7-b275-4c01-b63b-cbadf9a83bb7@group-D6D58FE81DD1-FollowerState] INFO  impl.FollowerState (FollowerState.java:run(134)) - 38f881b7-b275-4c01-b63b-cbadf9a83bb7@group-D6D58FE81DD1-FollowerState: change to CANDIDATE, lastRpcElapsedTime:5038302888ns, electionTimeout:5033ms
2021-08-11 09:33:33,347 [38f881b7-b275-4c01-b63b-cbadf9a83bb7@group-D6D58FE81DD1-FollowerState] INFO  impl.RoleInfo (RoleInfo.java:shutdownFollowerState(108)) - 38f881b7-b275-4c01-b63b-cbadf9a83bb7: shutdown 38f881b7-b275-4c01-b63b-cbadf9a83bb7@group-D6D58FE81DD1-FollowerState
2021-08-11 09:33:33,347 [38f881b7-b275-4c01-b63b-cbadf9a83bb7@group-D6D58FE81DD1-FollowerState] INFO  server.RaftServer$Division (RaftServerImpl.java:setRole(285)) - 38f881b7-b275-4c01-b63b-cbadf9a83bb7@group-D6D58FE81DD1: changes role from  FOLLOWER to CANDIDATE at term 7 for changeToCandidate
2021-08-11 09:33:33,347 [38f881b7-b275-4c01-b63b-cbadf9a83bb7@group-D6D58FE81DD1-FollowerState] INFO  server.RaftServerConfigKeys (ConfUtils.java:logGet(44)) - raft.server.leaderelection.pre-vote = false (custom)
2021-08-11 09:33:33,347 [38f881b7-b275-4c01-b63b-cbadf9a83bb7@group-D6D58FE81DD1-FollowerState] INFO  impl.RoleInfo (RoleInfo.java:updateAndGet(130)) - 38f881b7-b275-4c01-b63b-cbadf9a83bb7: start 38f881b7-b275-4c01-b63b-cbadf9a83bb7@group-D6D58FE81DD1-LeaderElection17
2021-08-11 09:33:33,350 [d64b0853-d6b7-49d8-ba95-e52466f10d35@group-D6D58FE81DD1-LeaderElection16] INFO  impl.LeaderElection (LeaderElection.java:askForVotes(306)) - d64b0853-d6b7-49d8-ba95-e52466f10d35@group-D6D58FE81DD1-LeaderElection16 ELECTION round 0: submit vote requests at term 8 for -1: [b60ee0fa-9875-4659-a992-15428cc237f6|rpc:10.1.0.72:40875|priority:0, d64b0853-d6b7-49d8-ba95-e52466f10d35|rpc:10.1.0.72:33927|priority:1, 38f881b7-b275-4c01-b63b-cbadf9a83bb7|rpc:10.1.0.72:38245|priority:0], old=null
2021-08-11 09:33:33,369 [38f881b7-b275-4c01-b63b-cbadf9a83bb7@group-D6D58FE81DD1-LeaderElection17] INFO  impl.LeaderElection (LeaderElection.java:askForVotes(306)) - 38f881b7-b275-4c01-b63b-cbadf9a83bb7@group-D6D58FE81DD1-LeaderElection17 ELECTION round 0: submit vote requests at term 8 for -1: [b60ee0fa-9875-4659-a992-15428cc237f6|rpc:10.1.0.72:40875|priority:0, d64b0853-d6b7-49d8-ba95-e52466f10d35|rpc:10.1.0.72:33927|priority:1, 38f881b7-b275-4c01-b63b-cbadf9a83bb7|rpc:10.1.0.72:38245|priority:0], old=null
2021-08-11 09:33:33,398 [grpc-default-executor-2] INFO  server.RaftServer$Division (RaftServerImpl.java:requestVote(1043)) - b60ee0fa-9875-4659-a992-15428cc237f6@group-D6D58FE81DD1: receive requestVote(ELECTION, 38f881b7-b275-4c01-b63b-cbadf9a83bb7, group-D6D58FE81DD1, 8, (t:0, i:0))
2021-08-11 09:33:33,399 [grpc-default-executor-2] INFO  impl.VoteContext (VoteContext.java:log(48)) - b60ee0fa-9875-4659-a992-15428cc237f6@group-D6D58FE81DD1-FOLLOWER: accept ELECTION from 38f881b7-b275-4c01-b63b-cbadf9a83bb7: our priority 0 <= candidate's priority 0
2021-08-11 09:33:33,399 [grpc-default-executor-2] INFO  server.RaftServer$Division (RaftServerImpl.java:setRole(285)) - b60ee0fa-9875-4659-a992-15428cc237f6@group-D6D58FE81DD1: changes role from  FOLLOWER to FOLLOWER at term 8 for candidate:38f881b7-b275-4c01-b63b-cbadf9a83bb7
2021-08-11 09:33:33,399 [grpc-default-executor-2] INFO  impl.RoleInfo (RoleInfo.java:shutdownFollowerState(108)) - b60ee0fa-9875-4659-a992-15428cc237f6: shutdown b60ee0fa-9875-4659-a992-15428cc237f6@group-D6D58FE81DD1-FollowerState
2021-08-11 09:33:33,399 [grpc-default-executor-2] INFO  impl.RoleInfo (RoleInfo.java:updateAndGet(130)) - b60ee0fa-9875-4659-a992-15428cc237f6: start b60ee0fa-9875-4659-a992-15428cc237f6@group-D6D58FE81DD1-FollowerState
2021-08-11 09:33:33,399 [b60ee0fa-9875-4659-a992-15428cc237f6@group-D6D58FE81DD1-FollowerState] INFO  impl.FollowerState (FollowerState.java:run(143)) - b60ee0fa-9875-4659-a992-15428cc237f6@group-D6D58FE81DD1-FollowerState was interrupted: {}
java.lang.InterruptedException: sleep interrupted
	at java.lang.Thread.sleep(Native Method)
	at java.lang.Thread.sleep(Thread.java:340)
	at java.util.concurrent.TimeUnit.sleep(TimeUnit.java:386)
	at org.apache.ratis.util.TimeDuration.sleep(TimeDuration.java:324)
	at org.apache.ratis.util.TimeDuration.sleep(TimeDuration.java:309)
	at org.apache.ratis.server.impl.FollowerState.run(FollowerState.java:118)
2021-08-11 09:33:33,400 [grpc-default-executor-1] INFO  server.RaftServer$Division (RaftServerImpl.java:requestVote(1043)) - d64b0853-d6b7-49d8-ba95-e52466f10d35@group-D6D58FE81DD1: receive requestVote(ELECTION, 38f881b7-b275-4c01-b63b-cbadf9a83bb7, group-D6D58FE81DD1, 8, (t:0, i:0))
2021-08-11 09:33:33,401 [grpc-default-executor-1] INFO  impl.VoteContext (VoteContext.java:log(48)) - d64b0853-d6b7-49d8-ba95-e52466f10d35@group-D6D58FE81DD1-CANDIDATE: reject ELECTION from 38f881b7-b275-4c01-b63b-cbadf9a83bb7: already has voted for d64b0853-d6b7-49d8-ba95-e52466f10d35 at current term 8
2021-08-11 09:33:33,401 [grpc-default-executor-1] INFO  server.RaftServer$Division (RaftServerImpl.java:requestVote(1075)) - d64b0853-d6b7-49d8-ba95-e52466f10d35@group-D6D58FE81DD1 replies to ELECTION vote request: 38f881b7-b275-4c01-b63b-cbadf9a83bb7<-d64b0853-d6b7-49d8-ba95-e52466f10d35#0:FAIL-t8. Peer's state: d64b0853-d6b7-49d8-ba95-e52466f10d35@group-D6D58FE81DD1:t8, leader=null, voted=d64b0853-d6b7-49d8-ba95-e52466f10d35, raftlog=d64b0853-d6b7-49d8-ba95-e52466f10d35@group-D6D58FE81DD1-SegmentedRaftLog:OPENED:c-1,f-1,i0, conf=-1: [b60ee0fa-9875-4659-a992-15428cc237f6|rpc:10.1.0.72:40875|priority:0, d64b0853-d6b7-49d8-ba95-e52466f10d35|rpc:10.1.0.72:33927|priority:1, 38f881b7-b275-4c01-b63b-cbadf9a83bb7|rpc:10.1.0.72:38245|priority:0], old=null
2021-08-11 09:33:33,403 [grpc-default-executor-2] INFO  server.RaftServer$Division (RaftServerImpl.java:requestVote(1075)) - b60ee0fa-9875-4659-a992-15428cc237f6@group-D6D58FE81DD1 replies to ELECTION vote request: 38f881b7-b275-4c01-b63b-cbadf9a83bb7<-b60ee0fa-9875-4659-a992-15428cc237f6#0:OK-t8. Peer's state: b60ee0fa-9875-4659-a992-15428cc237f6@group-D6D58FE81DD1:t8, leader=null, voted=38f881b7-b275-4c01-b63b-cbadf9a83bb7, raftlog=b60ee0fa-9875-4659-a992-15428cc237f6@group-D6D58FE81DD1-SegmentedRaftLog:OPENED:c-1,f-1,i0, conf=-1: [b60ee0fa-9875-4659-a992-15428cc237f6|rpc:10.1.0.72:40875|dataStream:|priority:0, d64b0853-d6b7-49d8-ba95-e52466f10d35|rpc:10.1.0.72:33927|dataStream:|priority:1, 38f881b7-b275-4c01-b63b-cbadf9a83bb7|rpc:10.1.0.72:38245|dataStream:|priority:0], old=null
2021-08-11 09:33:33,406 [38f881b7-b275-4c01-b63b-cbadf9a83bb7@group-D6D58FE81DD1-LeaderElection17] INFO  impl.LeaderElection (LeaderElection.java:logAndReturn(89)) - 38f881b7-b275-4c01-b63b-cbadf9a83bb7@group-D6D58FE81DD1-LeaderElection17: ELECTION REJECTED received 1 response(s) and 0 exception(s):
2021-08-11 09:33:33,410 [38f881b7-b275-4c01-b63b-cbadf9a83bb7@group-D6D58FE81DD1-LeaderElection17] INFO  impl.LeaderElection (LeaderElection.java:logAndReturn(93)) -   Response 0: 38f881b7-b275-4c01-b63b-cbadf9a83bb7<-d64b0853-d6b7-49d8-ba95-e52466f10d35#0:FAIL-t8
2021-08-11 09:33:33,410 [38f881b7-b275-4c01-b63b-cbadf9a83bb7@group-D6D58FE81DD1-LeaderElection17] INFO  impl.LeaderElection (LeaderElection.java:askForVotes(308)) - 38f881b7-b275-4c01-b63b-cbadf9a83bb7@group-D6D58FE81DD1-LeaderElection17 ELECTION round 0: result REJECTED
2021-08-11 09:33:33,410 [38f881b7-b275-4c01-b63b-cbadf9a83bb7@group-D6D58FE81DD1-LeaderElection17] INFO  server.RaftServer$Division (RaftServerImpl.java:setRole(285)) - 38f881b7-b275-4c01-b63b-cbadf9a83bb7@group-D6D58FE81DD1: changes role from CANDIDATE to FOLLOWER at term 8 for REJECTED
2021-08-11 09:33:33,410 [38f881b7-b275-4c01-b63b-cbadf9a83bb7@group-D6D58FE81DD1-LeaderElection17] INFO  impl.RoleInfo (RoleInfo.java:shutdownLeaderElection(121)) - 38f881b7-b275-4c01-b63b-cbadf9a83bb7: shutdown 38f881b7-b275-4c01-b63b-cbadf9a83bb7@group-D6D58FE81DD1-LeaderElection17
2021-08-11 09:33:33,410 [38f881b7-b275-4c01-b63b-cbadf9a83bb7@group-D6D58FE81DD1-LeaderElection17] INFO  impl.RoleInfo (RoleInfo.java:updateAndGet(130)) - 38f881b7-b275-4c01-b63b-cbadf9a83bb7: start 38f881b7-b275-4c01-b63b-cbadf9a83bb7@group-D6D58FE81DD1-FollowerState
2021-08-11 09:33:33,411 [grpc-default-executor-2] INFO  server.RaftServer$Division (RaftServerImpl.java:requestVote(1043)) - b60ee0fa-9875-4659-a992-15428cc237f6@group-D6D58FE81DD1: receive requestVote(ELECTION, d64b0853-d6b7-49d8-ba95-e52466f10d35, group-D6D58FE81DD1, 8, (t:0, i:0))
2021-08-11 09:33:33,414 [grpc-default-executor-2] INFO  impl.VoteContext (VoteContext.java:log(48)) - b60ee0fa-9875-4659-a992-15428cc237f6@group-D6D58FE81DD1-FOLLOWER: reject ELECTION from d64b0853-d6b7-49d8-ba95-e52466f10d35: already has voted for 38f881b7-b275-4c01-b63b-cbadf9a83bb7 at current term 8
2021-08-11 09:33:33,414 [grpc-default-executor-2] INFO  server.RaftServer$Division (RaftServerImpl.java:requestVote(1075)) - b60ee0fa-9875-4659-a992-15428cc237f6@group-D6D58FE81DD1 replies to ELECTION vote request: d64b0853-d6b7-49d8-ba95-e52466f10d35<-b60ee0fa-9875-4659-a992-15428cc237f6#0:FAIL-t8. Peer's state: b60ee0fa-9875-4659-a992-15428cc237f6@group-D6D58FE81DD1:t8, leader=null, voted=38f881b7-b275-4c01-b63b-cbadf9a83bb7, raftlog=b60ee0fa-9875-4659-a992-15428cc237f6@group-D6D58FE81DD1-SegmentedRaftLog:OPENED:c-1,f-1,i0, conf=-1: [b60ee0fa-9875-4659-a992-15428cc237f6|rpc:10.1.0.72:40875|dataStream:|priority:0, d64b0853-d6b7-49d8-ba95-e52466f10d35|rpc:10.1.0.72:33927|dataStream:|priority:1, 38f881b7-b275-4c01-b63b-cbadf9a83bb7|rpc:10.1.0.72:38245|dataStream:|priority:0], old=null
2021-08-11 09:33:33,416 [grpc-default-executor-2] INFO  server.RaftServer$Division (RaftServerImpl.java:requestVote(1043)) - 38f881b7-b275-4c01-b63b-cbadf9a83bb7@group-D6D58FE81DD1: receive requestVote(ELECTION, d64b0853-d6b7-49d8-ba95-e52466f10d35, group-D6D58FE81DD1, 8, (t:0, i:0))
2021-08-11 09:33:33,416 [grpc-default-executor-2] INFO  impl.VoteContext (VoteContext.java:log(48)) - 38f881b7-b275-4c01-b63b-cbadf9a83bb7@group-D6D58FE81DD1-FOLLOWER: reject ELECTION from d64b0853-d6b7-49d8-ba95-e52466f10d35: already has voted for 38f881b7-b275-4c01-b63b-cbadf9a83bb7 at current term 8
2021-08-11 09:33:33,416 [grpc-default-executor-2] INFO  server.RaftServer$Division (RaftServerImpl.java:requestVote(1075)) - 38f881b7-b275-4c01-b63b-cbadf9a83bb7@group-D6D58FE81DD1 replies to ELECTION vote request: d64b0853-d6b7-49d8-ba95-e52466f10d35<-38f881b7-b275-4c01-b63b-cbadf9a83bb7#0:FAIL-t8. Peer's state: 38f881b7-b275-4c01-b63b-cbadf9a83bb7@group-D6D58FE81DD1:t8, leader=null, voted=38f881b7-b275-4c01-b63b-cbadf9a83bb7, raftlog=38f881b7-b275-4c01-b63b-cbadf9a83bb7@group-D6D58FE81DD1-SegmentedRaftLog:OPENED:c-1,f-1,i0, conf=-1: [b60ee0fa-9875-4659-a992-15428cc237f6|rpc:10.1.0.72:40875|priority:0, d64b0853-d6b7-49d8-ba95-e52466f10d35|rpc:10.1.0.72:33927|priority:1, 38f881b7-b275-4c01-b63b-cbadf9a83bb7|rpc:10.1.0.72:38245|priority:0], old=null
2021-08-11 09:33:33,428 [d64b0853-d6b7-49d8-ba95-e52466f10d35@group-D6D58FE81DD1-LeaderElection16] INFO  impl.LeaderElection (LeaderElection.java:logAndReturn(89)) - d64b0853-d6b7-49d8-ba95-e52466f10d35@group-D6D58FE81DD1-LeaderElection16: ELECTION REJECTED received 2 response(s) and 0 exception(s):
2021-08-11 09:33:33,428 [d64b0853-d6b7-49d8-ba95-e52466f10d35@group-D6D58FE81DD1-LeaderElection16] INFO  impl.LeaderElection (LeaderElection.java:logAndReturn(93)) -   Response 0: d64b0853-d6b7-49d8-ba95-e52466f10d35<-b60ee0fa-9875-4659-a992-15428cc237f6#0:FAIL-t8
2021-08-11 09:33:33,428 [d64b0853-d6b7-49d8-ba95-e52466f10d35@group-D6D58FE81DD1-LeaderElection16] INFO  impl.LeaderElection (LeaderElection.java:logAndReturn(93)) -   Response 1: d64b0853-d6b7-49d8-ba95-e52466f10d35<-38f881b7-b275-4c01-b63b-cbadf9a83bb7#0:FAIL-t8
2021-08-11 09:33:33,428 [d64b0853-d6b7-49d8-ba95-e52466f10d35@group-D6D58FE81DD1-LeaderElection16] INFO  impl.LeaderElection (LeaderElection.java:askForVotes(308)) - d64b0853-d6b7-49d8-ba95-e52466f10d35@group-D6D58FE81DD1-LeaderElection16 ELECTION round 0: result REJECTED
2021-08-11 09:33:33,429 [d64b0853-d6b7-49d8-ba95-e52466f10d35@group-D6D58FE81DD1-LeaderElection16] INFO  server.RaftServer$Division (RaftServerImpl.java:setRole(285)) - d64b0853-d6b7-49d8-ba95-e52466f10d35@group-D6D58FE81DD1: changes role from CANDIDATE to FOLLOWER at term 8 for REJECTED
2021-08-11 09:33:33,429 [d64b0853-d6b7-49d8-ba95-e52466f10d35@group-D6D58FE81DD1-LeaderElection16] INFO  impl.RoleInfo (RoleInfo.java:shutdownLeaderElection(121)) - d64b0853-d6b7-49d8-ba95-e52466f10d35: shutdown d64b0853-d6b7-49d8-ba95-e52466f10d35@group-D6D58FE81DD1-LeaderElection16
2021-08-11 09:33:33,429 [d64b0853-d6b7-49d8-ba95-e52466f10d35@group-D6D58FE81DD1-LeaderElection16] INFO  impl.RoleInfo (RoleInfo.java:updateAndGet(130)) - d64b0853-d6b7-49d8-ba95-e52466f10d35: start d64b0853-d6b7-49d8-ba95-e52466f10d35@group-D6D58FE81DD1-FollowerState
2021-08-11 09:33:34,281 [Listener at 127.0.0.1/44993] INFO  ozone.MiniOzoneClusterImpl (MiniOzoneClusterImpl.java:lambda$waitForClusterToBeReady$0(235)) - Nodes are ready. Got 3 of 3 DN Heartbeats.
2021-08-11 09:33:34,282 [Listener at 127.0.0.1/44993] INFO  ozone.MiniOzoneClusterImpl (MiniOzoneClusterImpl.java:lambda$waitForClusterToBeReady$0(238)) - Waiting for cluster to exit safe mode
2021-08-11 09:33:34,282 [Listener at 127.0.0.1/44993] INFO  ozone.MiniOzoneClusterImpl (MiniOzoneClusterImpl.java:lambda$waitForClusterToBeReady$0(240)) - SCM became leader
2021-08-11 09:33:35,282 [Listener at 127.0.0.1/44993] INFO  ozone.MiniOzoneClusterImpl (MiniOzoneClusterImpl.java:lambda$waitForClusterToBeReady$0(235)) - Nodes are ready. Got 3 of 3 DN Heartbeats.
2021-08-11 09:33:35,282 [Listener at 127.0.0.1/44993] INFO  ozone.MiniOzoneClusterImpl (MiniOzoneClusterImpl.java:lambda$waitForClusterToBeReady$0(238)) - Waiting for cluster to exit safe mode
2021-08-11 09:33:35,282 [Listener at 127.0.0.1/44993] INFO  ozone.MiniOzoneClusterImpl (MiniOzoneClusterImpl.java:lambda$waitForClusterToBeReady$0(240)) - SCM became leader
2021-08-11 09:33:36,282 [Listener at 127.0.0.1/44993] INFO  ozone.MiniOzoneClusterImpl (MiniOzoneClusterImpl.java:lambda$waitForClusterToBeReady$0(235)) - Nodes are ready. Got 3 of 3 DN Heartbeats.
2021-08-11 09:33:36,283 [Listener at 127.0.0.1/44993] INFO  ozone.MiniOzoneClusterImpl (MiniOzoneClusterImpl.java:lambda$waitForClusterToBeReady$0(238)) - Waiting for cluster to exit safe mode
2021-08-11 09:33:36,283 [Listener at 127.0.0.1/44993] INFO  ozone.MiniOzoneClusterImpl (MiniOzoneClusterImpl.java:lambda$waitForClusterToBeReady$0(240)) - SCM became leader
2021-08-11 09:33:37,283 [Listener at 127.0.0.1/44993] INFO  ozone.MiniOzoneClusterImpl (MiniOzoneClusterImpl.java:lambda$waitForClusterToBeReady$0(235)) - Nodes are ready. Got 3 of 3 DN Heartbeats.
2021-08-11 09:33:37,283 [Listener at 127.0.0.1/44993] INFO  ozone.MiniOzoneClusterImpl (MiniOzoneClusterImpl.java:lambda$waitForClusterToBeReady$0(238)) - Waiting for cluster to exit safe mode
2021-08-11 09:33:37,283 [Listener at 127.0.0.1/44993] INFO  ozone.MiniOzoneClusterImpl (MiniOzoneClusterImpl.java:lambda$waitForClusterToBeReady$0(240)) - SCM became leader
2021-08-11 09:33:38,283 [Listener at 127.0.0.1/44993] INFO  ozone.MiniOzoneClusterImpl (MiniOzoneClusterImpl.java:lambda$waitForClusterToBeReady$0(235)) - Nodes are ready. Got 3 of 3 DN Heartbeats.
2021-08-11 09:33:38,284 [Listener at 127.0.0.1/44993] INFO  ozone.MiniOzoneClusterImpl (MiniOzoneClusterImpl.java:lambda$waitForClusterToBeReady$0(238)) - Waiting for cluster to exit safe mode
2021-08-11 09:33:38,284 [Listener at 127.0.0.1/44993] INFO  ozone.MiniOzoneClusterImpl (MiniOzoneClusterImpl.java:lambda$waitForClusterToBeReady$0(240)) - SCM became leader
2021-08-11 09:33:38,417 [b60ee0fa-9875-4659-a992-15428cc237f6@group-D6D58FE81DD1-FollowerState] INFO  impl.FollowerState (FollowerState.java:run(134)) - b60ee0fa-9875-4659-a992-15428cc237f6@group-D6D58FE81DD1-FollowerState: change to CANDIDATE, lastRpcElapsedTime:5013792715ns, electionTimeout:5004ms
2021-08-11 09:33:38,417 [b60ee0fa-9875-4659-a992-15428cc237f6@group-D6D58FE81DD1-FollowerState] INFO  impl.RoleInfo (RoleInfo.java:shutdownFollowerState(108)) - b60ee0fa-9875-4659-a992-15428cc237f6: shutdown b60ee0fa-9875-4659-a992-15428cc237f6@group-D6D58FE81DD1-FollowerState
2021-08-11 09:33:38,417 [b60ee0fa-9875-4659-a992-15428cc237f6@group-D6D58FE81DD1-FollowerState] INFO  server.RaftServer$Division (RaftServerImpl.java:setRole(285)) - b60ee0fa-9875-4659-a992-15428cc237f6@group-D6D58FE81DD1: changes role from  FOLLOWER to CANDIDATE at term 8 for changeToCandidate
2021-08-11 09:33:38,418 [b60ee0fa-9875-4659-a992-15428cc237f6@group-D6D58FE81DD1-FollowerState] INFO  server.RaftServerConfigKeys (ConfUtils.java:logGet(44)) - raft.server.leaderelection.pre-vote = false (custom)
2021-08-11 09:33:38,418 [b60ee0fa-9875-4659-a992-15428cc237f6@group-D6D58FE81DD1-FollowerState] INFO  impl.RoleInfo (RoleInfo.java:updateAndGet(130)) - b60ee0fa-9875-4659-a992-15428cc237f6: start b60ee0fa-9875-4659-a992-15428cc237f6@group-D6D58FE81DD1-LeaderElection18
2021-08-11 09:33:38,428 [b60ee0fa-9875-4659-a992-15428cc237f6@group-D6D58FE81DD1-LeaderElection18] INFO  impl.LeaderElection (LeaderElection.java:askForVotes(306)) - b60ee0fa-9875-4659-a992-15428cc237f6@group-D6D58FE81DD1-LeaderElection18 ELECTION round 0: submit vote requests at term 9 for -1: [b60ee0fa-9875-4659-a992-15428cc237f6|rpc:10.1.0.72:40875|dataStream:|priority:0, d64b0853-d6b7-49d8-ba95-e52466f10d35|rpc:10.1.0.72:33927|dataStream:|priority:1, 38f881b7-b275-4c01-b63b-cbadf9a83bb7|rpc:10.1.0.72:38245|dataStream:|priority:0], old=null
2021-08-11 09:33:38,431 [grpc-default-executor-2] INFO  server.RaftServer$Division (RaftServerImpl.java:requestVote(1043)) - d64b0853-d6b7-49d8-ba95-e52466f10d35@group-D6D58FE81DD1: receive requestVote(ELECTION, b60ee0fa-9875-4659-a992-15428cc237f6, group-D6D58FE81DD1, 9, (t:0, i:0))
2021-08-11 09:33:38,431 [grpc-default-executor-2] INFO  impl.VoteContext (VoteContext.java:log(48)) - d64b0853-d6b7-49d8-ba95-e52466f10d35@group-D6D58FE81DD1-FOLLOWER: reject ELECTION from b60ee0fa-9875-4659-a992-15428cc237f6: our priority 1 > candidate's priority 0
2021-08-11 09:33:38,432 [grpc-default-executor-2] INFO  server.RaftServer$Division (RaftServerImpl.java:setRole(285)) - d64b0853-d6b7-49d8-ba95-e52466f10d35@group-D6D58FE81DD1: changes role from  FOLLOWER to FOLLOWER at term 9 for candidate:b60ee0fa-9875-4659-a992-15428cc237f6
2021-08-11 09:33:38,432 [grpc-default-executor-2] INFO  impl.RoleInfo (RoleInfo.java:shutdownFollowerState(108)) - d64b0853-d6b7-49d8-ba95-e52466f10d35: shutdown d64b0853-d6b7-49d8-ba95-e52466f10d35@group-D6D58FE81DD1-FollowerState
2021-08-11 09:33:38,432 [grpc-default-executor-2] INFO  impl.RoleInfo (RoleInfo.java:updateAndGet(130)) - d64b0853-d6b7-49d8-ba95-e52466f10d35: start d64b0853-d6b7-49d8-ba95-e52466f10d35@group-D6D58FE81DD1-FollowerState
2021-08-11 09:33:38,432 [d64b0853-d6b7-49d8-ba95-e52466f10d35@group-D6D58FE81DD1-FollowerState] INFO  impl.FollowerState (FollowerState.java:run(143)) - d64b0853-d6b7-49d8-ba95-e52466f10d35@group-D6D58FE81DD1-FollowerState was interrupted: {}
java.lang.InterruptedException: sleep interrupted
	at java.lang.Thread.sleep(Native Method)
	at java.lang.Thread.sleep(Thread.java:340)
	at java.util.concurrent.TimeUnit.sleep(TimeUnit.java:386)
	at org.apache.ratis.util.TimeDuration.sleep(TimeDuration.java:324)
	at org.apache.ratis.util.TimeDuration.sleep(TimeDuration.java:309)
	at org.apache.ratis.server.impl.FollowerState.run(FollowerState.java:118)
2021-08-11 09:33:38,446 [grpc-default-executor-1] INFO  server.RaftServer$Division (RaftServerImpl.java:requestVote(1043)) - 38f881b7-b275-4c01-b63b-cbadf9a83bb7@group-D6D58FE81DD1: receive requestVote(ELECTION, b60ee0fa-9875-4659-a992-15428cc237f6, group-D6D58FE81DD1, 9, (t:0, i:0))
2021-08-11 09:33:38,446 [grpc-default-executor-1] INFO  impl.VoteContext (VoteContext.java:log(48)) - 38f881b7-b275-4c01-b63b-cbadf9a83bb7@group-D6D58FE81DD1-FOLLOWER: accept ELECTION from b60ee0fa-9875-4659-a992-15428cc237f6: our priority 0 <= candidate's priority 0
2021-08-11 09:33:38,446 [grpc-default-executor-1] INFO  server.RaftServer$Division (RaftServerImpl.java:setRole(285)) - 38f881b7-b275-4c01-b63b-cbadf9a83bb7@group-D6D58FE81DD1: changes role from  FOLLOWER to FOLLOWER at term 9 for candidate:b60ee0fa-9875-4659-a992-15428cc237f6
2021-08-11 09:33:38,446 [grpc-default-executor-1] INFO  impl.RoleInfo (RoleInfo.java:shutdownFollowerState(108)) - 38f881b7-b275-4c01-b63b-cbadf9a83bb7: shutdown 38f881b7-b275-4c01-b63b-cbadf9a83bb7@group-D6D58FE81DD1-FollowerState
2021-08-11 09:33:38,446 [grpc-default-executor-1] INFO  impl.RoleInfo (RoleInfo.java:updateAndGet(130)) - 38f881b7-b275-4c01-b63b-cbadf9a83bb7: start 38f881b7-b275-4c01-b63b-cbadf9a83bb7@group-D6D58FE81DD1-FollowerState
2021-08-11 09:33:38,447 [38f881b7-b275-4c01-b63b-cbadf9a83bb7@group-D6D58FE81DD1-FollowerState] INFO  impl.FollowerState (FollowerState.java:run(143)) - 38f881b7-b275-4c01-b63b-cbadf9a83bb7@group-D6D58FE81DD1-FollowerState was interrupted: {}
java.lang.InterruptedException: sleep interrupted
	at java.lang.Thread.sleep(Native Method)
	at java.lang.Thread.sleep(Thread.java:340)
	at java.util.concurrent.TimeUnit.sleep(TimeUnit.java:386)
	at org.apache.ratis.util.TimeDuration.sleep(TimeDuration.java:324)
	at org.apache.ratis.util.TimeDuration.sleep(TimeDuration.java:309)
	at org.apache.ratis.server.impl.FollowerState.run(FollowerState.java:118)
2021-08-11 09:33:38,453 [grpc-default-executor-2] INFO  server.RaftServer$Division (RaftServerImpl.java:requestVote(1075)) - d64b0853-d6b7-49d8-ba95-e52466f10d35@group-D6D58FE81DD1 replies to ELECTION vote request: b60ee0fa-9875-4659-a992-15428cc237f6<-d64b0853-d6b7-49d8-ba95-e52466f10d35#0:FAIL-t9. Peer's state: d64b0853-d6b7-49d8-ba95-e52466f10d35@group-D6D58FE81DD1:t9, leader=null, voted=null, raftlog=d64b0853-d6b7-49d8-ba95-e52466f10d35@group-D6D58FE81DD1-SegmentedRaftLog:OPENED:c-1,f-1,i0, conf=-1: [b60ee0fa-9875-4659-a992-15428cc237f6|rpc:10.1.0.72:40875|priority:0, d64b0853-d6b7-49d8-ba95-e52466f10d35|rpc:10.1.0.72:33927|priority:1, 38f881b7-b275-4c01-b63b-cbadf9a83bb7|rpc:10.1.0.72:38245|priority:0], old=null
2021-08-11 09:33:38,455 [b60ee0fa-9875-4659-a992-15428cc237f6@group-D6D58FE81DD1-LeaderElection18] INFO  impl.LeaderElection (LeaderElection.java:logAndReturn(89)) - b60ee0fa-9875-4659-a992-15428cc237f6@group-D6D58FE81DD1-LeaderElection18: ELECTION REJECTED received 1 response(s) and 0 exception(s):
2021-08-11 09:33:38,455 [b60ee0fa-9875-4659-a992-15428cc237f6@group-D6D58FE81DD1-LeaderElection18] INFO  impl.LeaderElection (LeaderElection.java:logAndReturn(93)) -   Response 0: b60ee0fa-9875-4659-a992-15428cc237f6<-d64b0853-d6b7-49d8-ba95-e52466f10d35#0:FAIL-t9
2021-08-11 09:33:38,455 [b60ee0fa-9875-4659-a992-15428cc237f6@group-D6D58FE81DD1-LeaderElection18] INFO  impl.LeaderElection (LeaderElection.java:askForVotes(308)) - b60ee0fa-9875-4659-a992-15428cc237f6@group-D6D58FE81DD1-LeaderElection18 ELECTION round 0: result REJECTED
2021-08-11 09:33:38,455 [b60ee0fa-9875-4659-a992-15428cc237f6@group-D6D58FE81DD1-LeaderElection18] INFO  server.RaftServer$Division (RaftServerImpl.java:setRole(285)) - b60ee0fa-9875-4659-a992-15428cc237f6@group-D6D58FE81DD1: changes role from CANDIDATE to FOLLOWER at term 9 for REJECTED
2021-08-11 09:33:38,455 [b60ee0fa-9875-4659-a992-15428cc237f6@group-D6D58FE81DD1-LeaderElection18] INFO  impl.RoleInfo (RoleInfo.java:shutdownLeaderElection(121)) - b60ee0fa-9875-4659-a992-15428cc237f6: shutdown b60ee0fa-9875-4659-a992-15428cc237f6@group-D6D58FE81DD1-LeaderElection18
2021-08-11 09:33:38,455 [b60ee0fa-9875-4659-a992-15428cc237f6@group-D6D58FE81DD1-LeaderElection18] INFO  impl.RoleInfo (RoleInfo.java:updateAndGet(130)) - b60ee0fa-9875-4659-a992-15428cc237f6: start b60ee0fa-9875-4659-a992-15428cc237f6@group-D6D58FE81DD1-FollowerState
2021-08-11 09:33:38,462 [grpc-default-executor-1] INFO  server.RaftServer$Division (RaftServerImpl.java:requestVote(1075)) - 38f881b7-b275-4c01-b63b-cbadf9a83bb7@group-D6D58FE81DD1 replies to ELECTION vote request: b60ee0fa-9875-4659-a992-15428cc237f6<-38f881b7-b275-4c01-b63b-cbadf9a83bb7#0:OK-t9. Peer's state: 38f881b7-b275-4c01-b63b-cbadf9a83bb7@group-D6D58FE81DD1:t9, leader=null, voted=b60ee0fa-9875-4659-a992-15428cc237f6, raftlog=38f881b7-b275-4c01-b63b-cbadf9a83bb7@group-D6D58FE81DD1-SegmentedRaftLog:OPENED:c-1,f-1,i0, conf=-1: [b60ee0fa-9875-4659-a992-15428cc237f6|rpc:10.1.0.72:40875|priority:0, d64b0853-d6b7-49d8-ba95-e52466f10d35|rpc:10.1.0.72:33927|priority:1, 38f881b7-b275-4c01-b63b-cbadf9a83bb7|rpc:10.1.0.72:38245|priority:0], old=null
2021-08-11 09:33:39,284 [Listener at 127.0.0.1/44993] INFO  ozone.MiniOzoneClusterImpl (MiniOzoneClusterImpl.java:lambda$waitForClusterToBeReady$0(235)) - Nodes are ready. Got 3 of 3 DN Heartbeats.
2021-08-11 09:33:39,284 [Listener at 127.0.0.1/44993] INFO  ozone.MiniOzoneClusterImpl (MiniOzoneClusterImpl.java:lambda$waitForClusterToBeReady$0(238)) - Waiting for cluster to exit safe mode
2021-08-11 09:33:39,284 [Listener at 127.0.0.1/44993] INFO  ozone.MiniOzoneClusterImpl (MiniOzoneClusterImpl.java:lambda$waitForClusterToBeReady$0(240)) - SCM became leader
2021-08-11 09:33:40,284 [Listener at 127.0.0.1/44993] INFO  ozone.MiniOzoneClusterImpl (MiniOzoneClusterImpl.java:lambda$waitForClusterToBeReady$0(235)) - Nodes are ready. Got 3 of 3 DN Heartbeats.
2021-08-11 09:33:40,285 [Listener at 127.0.0.1/44993] INFO  ozone.MiniOzoneClusterImpl (MiniOzoneClusterImpl.java:lambda$waitForClusterToBeReady$0(238)) - Waiting for cluster to exit safe mode
2021-08-11 09:33:40,285 [Listener at 127.0.0.1/44993] INFO  ozone.MiniOzoneClusterImpl (MiniOzoneClusterImpl.java:lambda$waitForClusterToBeReady$0(240)) - SCM became leader
2021-08-11 09:33:41,285 [Listener at 127.0.0.1/44993] INFO  ozone.MiniOzoneClusterImpl (MiniOzoneClusterImpl.java:lambda$waitForClusterToBeReady$0(235)) - Nodes are ready. Got 3 of 3 DN Heartbeats.
2021-08-11 09:33:41,285 [Listener at 127.0.0.1/44993] INFO  ozone.MiniOzoneClusterImpl (MiniOzoneClusterImpl.java:lambda$waitForClusterToBeReady$0(238)) - Waiting for cluster to exit safe mode
2021-08-11 09:33:41,285 [Listener at 127.0.0.1/44993] INFO  ozone.MiniOzoneClusterImpl (MiniOzoneClusterImpl.java:lambda$waitForClusterToBeReady$0(240)) - SCM became leader
2021-08-11 09:33:42,285 [Listener at 127.0.0.1/44993] INFO  ozone.MiniOzoneClusterImpl (MiniOzoneClusterImpl.java:lambda$waitForClusterToBeReady$0(235)) - Nodes are ready. Got 3 of 3 DN Heartbeats.
2021-08-11 09:33:42,286 [Listener at 127.0.0.1/44993] INFO  ozone.MiniOzoneClusterImpl (MiniOzoneClusterImpl.java:lambda$waitForClusterToBeReady$0(238)) - Waiting for cluster to exit safe mode
2021-08-11 09:33:42,286 [Listener at 127.0.0.1/44993] INFO  ozone.MiniOzoneClusterImpl (MiniOzoneClusterImpl.java:lambda$waitForClusterToBeReady$0(240)) - SCM became leader
2021-08-11 09:33:43,286 [Listener at 127.0.0.1/44993] INFO  ozone.MiniOzoneClusterImpl (MiniOzoneClusterImpl.java:lambda$waitForClusterToBeReady$0(235)) - Nodes are ready. Got 3 of 3 DN Heartbeats.
2021-08-11 09:33:43,286 [Listener at 127.0.0.1/44993] INFO  ozone.MiniOzoneClusterImpl (MiniOzoneClusterImpl.java:lambda$waitForClusterToBeReady$0(238)) - Waiting for cluster to exit safe mode
2021-08-11 09:33:43,286 [Listener at 127.0.0.1/44993] INFO  ozone.MiniOzoneClusterImpl (MiniOzoneClusterImpl.java:lambda$waitForClusterToBeReady$0(240)) - SCM became leader
2021-08-11 09:33:43,520 [b60ee0fa-9875-4659-a992-15428cc237f6@group-D6D58FE81DD1-FollowerState] INFO  impl.FollowerState (FollowerState.java:run(134)) - b60ee0fa-9875-4659-a992-15428cc237f6@group-D6D58FE81DD1-FollowerState: change to CANDIDATE, lastRpcElapsedTime:5065067453ns, electionTimeout:5059ms
2021-08-11 09:33:43,521 [b60ee0fa-9875-4659-a992-15428cc237f6@group-D6D58FE81DD1-FollowerState] INFO  impl.RoleInfo (RoleInfo.java:shutdownFollowerState(108)) - b60ee0fa-9875-4659-a992-15428cc237f6: shutdown b60ee0fa-9875-4659-a992-15428cc237f6@group-D6D58FE81DD1-FollowerState
2021-08-11 09:33:43,521 [b60ee0fa-9875-4659-a992-15428cc237f6@group-D6D58FE81DD1-FollowerState] INFO  server.RaftServer$Division (RaftServerImpl.java:setRole(285)) - b60ee0fa-9875-4659-a992-15428cc237f6@group-D6D58FE81DD1: changes role from  FOLLOWER to CANDIDATE at term 9 for changeToCandidate
2021-08-11 09:33:43,521 [b60ee0fa-9875-4659-a992-15428cc237f6@group-D6D58FE81DD1-FollowerState] INFO  server.RaftServerConfigKeys (ConfUtils.java:logGet(44)) - raft.server.leaderelection.pre-vote = false (custom)
2021-08-11 09:33:43,521 [b60ee0fa-9875-4659-a992-15428cc237f6@group-D6D58FE81DD1-FollowerState] INFO  impl.RoleInfo (RoleInfo.java:updateAndGet(130)) - b60ee0fa-9875-4659-a992-15428cc237f6: start b60ee0fa-9875-4659-a992-15428cc237f6@group-D6D58FE81DD1-LeaderElection19
2021-08-11 09:33:43,530 [b60ee0fa-9875-4659-a992-15428cc237f6@group-D6D58FE81DD1-LeaderElection19] INFO  impl.LeaderElection (LeaderElection.java:askForVotes(306)) - b60ee0fa-9875-4659-a992-15428cc237f6@group-D6D58FE81DD1-LeaderElection19 ELECTION round 0: submit vote requests at term 10 for -1: [b60ee0fa-9875-4659-a992-15428cc237f6|rpc:10.1.0.72:40875|dataStream:|priority:0, d64b0853-d6b7-49d8-ba95-e52466f10d35|rpc:10.1.0.72:33927|dataStream:|priority:1, 38f881b7-b275-4c01-b63b-cbadf9a83bb7|rpc:10.1.0.72:38245|dataStream:|priority:0], old=null
2021-08-11 09:33:43,538 [grpc-default-executor-2] INFO  server.RaftServer$Division (RaftServerImpl.java:requestVote(1043)) - d64b0853-d6b7-49d8-ba95-e52466f10d35@group-D6D58FE81DD1: receive requestVote(ELECTION, b60ee0fa-9875-4659-a992-15428cc237f6, group-D6D58FE81DD1, 10, (t:0, i:0))
2021-08-11 09:33:43,538 [grpc-default-executor-2] INFO  impl.VoteContext (VoteContext.java:log(48)) - d64b0853-d6b7-49d8-ba95-e52466f10d35@group-D6D58FE81DD1-FOLLOWER: reject ELECTION from b60ee0fa-9875-4659-a992-15428cc237f6: our priority 1 > candidate's priority 0
2021-08-11 09:33:43,538 [grpc-default-executor-2] INFO  server.RaftServer$Division (RaftServerImpl.java:setRole(285)) - d64b0853-d6b7-49d8-ba95-e52466f10d35@group-D6D58FE81DD1: changes role from  FOLLOWER to FOLLOWER at term 10 for candidate:b60ee0fa-9875-4659-a992-15428cc237f6
2021-08-11 09:33:43,538 [grpc-default-executor-2] INFO  impl.RoleInfo (RoleInfo.java:shutdownFollowerState(108)) - d64b0853-d6b7-49d8-ba95-e52466f10d35: shutdown d64b0853-d6b7-49d8-ba95-e52466f10d35@group-D6D58FE81DD1-FollowerState
2021-08-11 09:33:43,538 [grpc-default-executor-2] INFO  impl.RoleInfo (RoleInfo.java:updateAndGet(130)) - d64b0853-d6b7-49d8-ba95-e52466f10d35: start d64b0853-d6b7-49d8-ba95-e52466f10d35@group-D6D58FE81DD1-FollowerState
2021-08-11 09:33:43,541 [d64b0853-d6b7-49d8-ba95-e52466f10d35@group-D6D58FE81DD1-FollowerState] INFO  impl.FollowerState (FollowerState.java:run(143)) - d64b0853-d6b7-49d8-ba95-e52466f10d35@group-D6D58FE81DD1-FollowerState was interrupted: {}
java.lang.InterruptedException: sleep interrupted
	at java.lang.Thread.sleep(Native Method)
	at java.lang.Thread.sleep(Thread.java:340)
	at java.util.concurrent.TimeUnit.sleep(TimeUnit.java:386)
	at org.apache.ratis.util.TimeDuration.sleep(TimeDuration.java:324)
	at org.apache.ratis.util.TimeDuration.sleep(TimeDuration.java:309)
	at org.apache.ratis.server.impl.FollowerState.run(FollowerState.java:118)
2021-08-11 09:33:43,541 [grpc-default-executor-1] INFO  server.RaftServer$Division (RaftServerImpl.java:requestVote(1043)) - 38f881b7-b275-4c01-b63b-cbadf9a83bb7@group-D6D58FE81DD1: receive requestVote(ELECTION, b60ee0fa-9875-4659-a992-15428cc237f6, group-D6D58FE81DD1, 10, (t:0, i:0))
2021-08-11 09:33:43,550 [grpc-default-executor-1] INFO  impl.VoteContext (VoteContext.java:log(48)) - 38f881b7-b275-4c01-b63b-cbadf9a83bb7@group-D6D58FE81DD1-FOLLOWER: accept ELECTION from b60ee0fa-9875-4659-a992-15428cc237f6: our priority 0 <= candidate's priority 0
2021-08-11 09:33:43,550 [grpc-default-executor-1] INFO  server.RaftServer$Division (RaftServerImpl.java:setRole(285)) - 38f881b7-b275-4c01-b63b-cbadf9a83bb7@group-D6D58FE81DD1: changes role from  FOLLOWER to FOLLOWER at term 10 for candidate:b60ee0fa-9875-4659-a992-15428cc237f6
2021-08-11 09:33:43,550 [grpc-default-executor-1] INFO  impl.RoleInfo (RoleInfo.java:shutdownFollowerState(108)) - 38f881b7-b275-4c01-b63b-cbadf9a83bb7: shutdown 38f881b7-b275-4c01-b63b-cbadf9a83bb7@group-D6D58FE81DD1-FollowerState
2021-08-11 09:33:43,550 [grpc-default-executor-1] INFO  impl.RoleInfo (RoleInfo.java:updateAndGet(130)) - 38f881b7-b275-4c01-b63b-cbadf9a83bb7: start 38f881b7-b275-4c01-b63b-cbadf9a83bb7@group-D6D58FE81DD1-FollowerState
2021-08-11 09:33:43,550 [38f881b7-b275-4c01-b63b-cbadf9a83bb7@group-D6D58FE81DD1-FollowerState] INFO  impl.FollowerState (FollowerState.java:run(143)) - 38f881b7-b275-4c01-b63b-cbadf9a83bb7@group-D6D58FE81DD1-FollowerState was interrupted: {}
java.lang.InterruptedException: sleep interrupted
	at java.lang.Thread.sleep(Native Method)
	at java.lang.Thread.sleep(Thread.java:340)
	at java.util.concurrent.TimeUnit.sleep(TimeUnit.java:386)
	at org.apache.ratis.util.TimeDuration.sleep(TimeDuration.java:324)
	at org.apache.ratis.util.TimeDuration.sleep(TimeDuration.java:309)
	at org.apache.ratis.server.impl.FollowerState.run(FollowerState.java:118)
2021-08-11 09:33:43,551 [grpc-default-executor-2] INFO  server.RaftServer$Division (RaftServerImpl.java:requestVote(1075)) - d64b0853-d6b7-49d8-ba95-e52466f10d35@group-D6D58FE81DD1 replies to ELECTION vote request: b60ee0fa-9875-4659-a992-15428cc237f6<-d64b0853-d6b7-49d8-ba95-e52466f10d35#0:FAIL-t10. Peer's state: d64b0853-d6b7-49d8-ba95-e52466f10d35@group-D6D58FE81DD1:t10, leader=null, voted=null, raftlog=d64b0853-d6b7-49d8-ba95-e52466f10d35@group-D6D58FE81DD1-SegmentedRaftLog:OPENED:c-1,f-1,i0, conf=-1: [b60ee0fa-9875-4659-a992-15428cc237f6|rpc:10.1.0.72:40875|priority:0, d64b0853-d6b7-49d8-ba95-e52466f10d35|rpc:10.1.0.72:33927|priority:1, 38f881b7-b275-4c01-b63b-cbadf9a83bb7|rpc:10.1.0.72:38245|priority:0], old=null
2021-08-11 09:33:43,553 [b60ee0fa-9875-4659-a992-15428cc237f6@group-D6D58FE81DD1-LeaderElection19] INFO  impl.LeaderElection (LeaderElection.java:logAndReturn(89)) - b60ee0fa-9875-4659-a992-15428cc237f6@group-D6D58FE81DD1-LeaderElection19: ELECTION REJECTED received 1 response(s) and 0 exception(s):
2021-08-11 09:33:43,556 [b60ee0fa-9875-4659-a992-15428cc237f6@group-D6D58FE81DD1-LeaderElection19] INFO  impl.LeaderElection (LeaderElection.java:logAndReturn(93)) -   Response 0: b60ee0fa-9875-4659-a992-15428cc237f6<-d64b0853-d6b7-49d8-ba95-e52466f10d35#0:FAIL-t10
2021-08-11 09:33:43,556 [b60ee0fa-9875-4659-a992-15428cc237f6@group-D6D58FE81DD1-LeaderElection19] INFO  impl.LeaderElection (LeaderElection.java:askForVotes(308)) - b60ee0fa-9875-4659-a992-15428cc237f6@group-D6D58FE81DD1-LeaderElection19 ELECTION round 0: result REJECTED
2021-08-11 09:33:43,556 [b60ee0fa-9875-4659-a992-15428cc237f6@group-D6D58FE81DD1-LeaderElection19] INFO  server.RaftServer$Division (RaftServerImpl.java:setRole(285)) - b60ee0fa-9875-4659-a992-15428cc237f6@group-D6D58FE81DD1: changes role from CANDIDATE to FOLLOWER at term 10 for REJECTED
2021-08-11 09:33:43,556 [b60ee0fa-9875-4659-a992-15428cc237f6@group-D6D58FE81DD1-LeaderElection19] INFO  impl.RoleInfo (RoleInfo.java:shutdownLeaderElection(121)) - b60ee0fa-9875-4659-a992-15428cc237f6: shutdown b60ee0fa-9875-4659-a992-15428cc237f6@group-D6D58FE81DD1-LeaderElection19
2021-08-11 09:33:43,556 [b60ee0fa-9875-4659-a992-15428cc237f6@group-D6D58FE81DD1-LeaderElection19] INFO  impl.RoleInfo (RoleInfo.java:updateAndGet(130)) - b60ee0fa-9875-4659-a992-15428cc237f6: start b60ee0fa-9875-4659-a992-15428cc237f6@group-D6D58FE81DD1-FollowerState
2021-08-11 09:33:43,554 [grpc-default-executor-1] INFO  server.RaftServer$Division (RaftServerImpl.java:requestVote(1075)) - 38f881b7-b275-4c01-b63b-cbadf9a83bb7@group-D6D58FE81DD1 replies to ELECTION vote request: b60ee0fa-9875-4659-a992-15428cc237f6<-38f881b7-b275-4c01-b63b-cbadf9a83bb7#0:OK-t10. Peer's state: 38f881b7-b275-4c01-b63b-cbadf9a83bb7@group-D6D58FE81DD1:t10, leader=null, voted=b60ee0fa-9875-4659-a992-15428cc237f6, raftlog=38f881b7-b275-4c01-b63b-cbadf9a83bb7@group-D6D58FE81DD1-SegmentedRaftLog:OPENED:c-1,f-1,i0, conf=-1: [b60ee0fa-9875-4659-a992-15428cc237f6|rpc:10.1.0.72:40875|priority:0, d64b0853-d6b7-49d8-ba95-e52466f10d35|rpc:10.1.0.72:33927|priority:1, 38f881b7-b275-4c01-b63b-cbadf9a83bb7|rpc:10.1.0.72:38245|priority:0], old=null
2021-08-11 09:33:44,286 [Listener at 127.0.0.1/44993] INFO  ozone.MiniOzoneClusterImpl (MiniOzoneClusterImpl.java:lambda$waitForClusterToBeReady$0(235)) - Nodes are ready. Got 3 of 3 DN Heartbeats.
2021-08-11 09:33:44,287 [Listener at 127.0.0.1/44993] INFO  ozone.MiniOzoneClusterImpl (MiniOzoneClusterImpl.java:lambda$waitForClusterToBeReady$0(238)) - Waiting for cluster to exit safe mode
2021-08-11 09:33:44,287 [Listener at 127.0.0.1/44993] INFO  ozone.MiniOzoneClusterImpl (MiniOzoneClusterImpl.java:lambda$waitForClusterToBeReady$0(240)) - SCM became leader
2021-08-11 09:33:44,304 [Time-limited test] INFO  ozone.MiniOzoneClusterImpl (MiniOzoneClusterImpl.java:shutdown(453)) - Shutting down the Mini Ozone Cluster
2021-08-11 09:33:44,304 [Time-limited test] INFO  ozone.MiniOzoneClusterImpl (MiniOzoneClusterImpl.java:stop(468)) - Stopping the Mini Ozone Cluster
2021-08-11 09:33:44,304 [Time-limited test] INFO  ozone.MiniOzoneClusterImpl (MiniOzoneClusterImpl.java:stopOM(550)) - Stopping the OzoneManager
2021-08-11 09:33:44,304 [Time-limited test] INFO  om.OzoneManager (OzoneManager.java:stop(1632)) - Stopping Ozone Manager
2021-08-11 09:33:44,305 [Time-limited test] INFO  ipc.Server (Server.java:stop(3414)) - Stopping server on 44993
2021-08-11 09:33:44,309 [IPC Server listener on 0] INFO  ipc.Server (Server.java:run(1376)) - Stopping IPC Server listener on 0
2021-08-11 09:33:44,309 [IPC Server Responder] INFO  ipc.Server (Server.java:run(1512)) - Stopping IPC Server Responder
2021-08-11 09:33:44,310 [Time-limited test] INFO  server.RaftServer (RaftServerProxy.java:lambda$close$6(391)) - om1: close
2021-08-11 09:33:44,310 [Time-limited test] INFO  server.RaftServer$Division (RaftServerImpl.java:lambda$close$4(407)) - om1@group-C5BA1605619E: shutdown
2021-08-11 09:33:44,310 [Time-limited test] INFO  util.JmxRegister (JmxRegister.java:unregister(73)) - Successfully un-registered JMX Bean with object name Ratis:service=RaftServer,group=group-C5BA1605619E,id=om1
2021-08-11 09:33:44,310 [Time-limited test] INFO  impl.RoleInfo (RoleInfo.java:shutdownLeaderState(91)) - om1: shutdown om1@group-C5BA1605619E-LeaderStateImpl
2021-08-11 09:33:44,310 [Time-limited test] INFO  impl.PendingRequests (PendingRequests.java:sendNotLeaderResponses(282)) - om1@group-C5BA1605619E-PendingRequests: sendNotLeaderResponses
2021-08-11 09:33:44,311 [om1@group-C5BA1605619E-StateMachineUpdater] INFO  ratis.OzoneManagerStateMachine (OzoneManagerStateMachine.java:takeSnapshot(417)) - Current Snapshot Index (t:1, i:0)
2021-08-11 09:33:44,311 [om1@group-C5BA1605619E-StateMachineUpdater] INFO  impl.StateMachineUpdater (StateMachineUpdater.java:takeSnapshot(281)) - om1@group-C5BA1605619E-StateMachineUpdater: Took a snapshot at index 0
2021-08-11 09:33:44,312 [om1@group-C5BA1605619E-StateMachineUpdater] INFO  impl.StateMachineUpdater (StateMachineUpdater.java:lambda$new$0(89)) - om1@group-C5BA1605619E-StateMachineUpdater: snapshotIndex: updateIncreasingly -1 -> 0
2021-08-11 09:33:44,312 [om1@group-C5BA1605619E-StateMachineUpdater] INFO  ratis.OzoneManagerStateMachine (OzoneManagerStateMachine.java:close(471)) - StateMachine has shutdown. Shutdown OzoneManager if not already shutdown.
2021-08-11 09:33:44,312 [Time-limited test] INFO  impl.StateMachineUpdater (StateMachineUpdater.java:stopAndJoin(149)) - om1@group-C5BA1605619E-StateMachineUpdater: set stopIndex = 0
2021-08-11 09:33:44,312 [Time-limited test] INFO  server.RaftServer$Division (ServerState.java:close(419)) - om1@group-C5BA1605619E: closes. applyIndex: 0
2021-08-11 09:33:44,312 [om1@group-C5BA1605619E-SegmentedRaftLogWorker] INFO  segmented.SegmentedRaftLogWorker (SegmentedRaftLogWorker.java:run(327)) - om1@group-C5BA1605619E-SegmentedRaftLogWorker was interrupted, exiting. There are 0 tasks remaining in the queue.
2021-08-11 09:33:44,313 [Time-limited test] INFO  segmented.SegmentedRaftLogWorker (SegmentedRaftLogWorker.java:close(237)) - om1@group-C5BA1605619E-SegmentedRaftLogWorker close()
2021-08-11 09:33:44,314 [Time-limited test] INFO  server.GrpcService (GrpcService.java:closeImpl(262)) - om1: shutdown server with port 9872 now
2021-08-11 09:33:44,314 [Time-limited test] INFO  server.GrpcService (GrpcService.java:closeImpl(271)) - om1: shutdown server with port 9872 successfully
2021-08-11 09:33:44,315 [org.apache.ratis.util.JvmPauseMonitor$$Lambda$531/1810552158@69bbeca1] INFO  util.JvmPauseMonitor (JvmPauseMonitor.java:run(109)) - JvmPauseMonitor-om1: Stopped
2021-08-11 09:33:44,315 [Time-limited test] INFO  ratis.OzoneManagerDoubleBuffer (OzoneManagerDoubleBuffer.java:stop(437)) - Stopping OMDoubleBuffer flush thread
2021-08-11 09:33:44,315 [OMDoubleBufferFlushThread] INFO  ratis.OzoneManagerDoubleBuffer (OzoneManagerDoubleBuffer.java:flushTransactions(356)) - OMDoubleBuffer flush thread OMDoubleBufferFlushThread is interrupted and will exit. OMDoubleBufferFlushThread
2021-08-11 09:33:44,315 [Time-limited test] INFO  utils.BackgroundService (BackgroundService.java:shutdown(132)) - Shutting down service KeyDeletingService
2021-08-11 09:33:44,318 [Time-limited test] INFO  handler.ContextHandler (ContextHandler.java:doStop(1153)) - Stopped o.e.j.w.WebAppContext@6719a63f{ozoneManager,/,null,STOPPED}{file:/home/runner/work/ozone/ozone/hadoop-ozone/integration-test/target/test-classes/webapps/ozoneManager}
2021-08-11 09:33:44,319 [Time-limited test] INFO  server.AbstractConnector (AbstractConnector.java:doStop(381)) - Stopped ServerConnector@1fe00145{HTTP/1.1, (http/1.1)}{0.0.0.0:0}
2021-08-11 09:33:44,319 [Time-limited test] INFO  server.session (HouseKeeper.java:stopScavenging(149)) - node0 Stopped scavenging
2021-08-11 09:33:44,320 [Time-limited test] INFO  handler.ContextHandler (ContextHandler.java:doStop(1153)) - Stopped o.e.j.s.ServletContextHandler@327247bc{static,/static,file:///home/runner/work/ozone/ozone/hadoop-ozone/integration-test/target/test-classes/webapps/static,STOPPED}
2021-08-11 09:33:44,321 [Time-limited test] INFO  handler.ContextHandler (ContextHandler.java:doStop(1153)) - Stopped o.e.j.s.ServletContextHandler@4506b582{logs,/logs,file:///home/runner/work/ozone/ozone/hadoop-ozone/integration-test/target/log,STOPPED}
2021-08-11 09:33:44,324 [Time-limited test] INFO  ozone.MiniOzoneClusterImpl (MiniOzoneClusterImpl.java:stopDatanodes(527)) - Stopping the HddsDatanodes
2021-08-11 09:33:44,685 [Datanode State Machine Thread - 0] INFO  statemachine.DatanodeStateMachine (DatanodeStateMachine.java:lambda$startDaemon$0(457)) - Ozone container server started.
2021-08-11 09:33:45,110 [Datanode State Machine Thread - 0] INFO  statemachine.DatanodeStateMachine (DatanodeStateMachine.java:lambda$startDaemon$0(457)) - Ozone container server started.
2021-08-11 09:33:48,605 [d64b0853-d6b7-49d8-ba95-e52466f10d35@group-D6D58FE81DD1-FollowerState] INFO  impl.FollowerState (FollowerState.java:run(134)) - d64b0853-d6b7-49d8-ba95-e52466f10d35@group-D6D58FE81DD1-FollowerState: change to CANDIDATE, lastRpcElapsedTime:5067078178ns, electionTimeout:5054ms
2021-08-11 09:33:48,606 [d64b0853-d6b7-49d8-ba95-e52466f10d35@group-D6D58FE81DD1-FollowerState] INFO  impl.RoleInfo (RoleInfo.java:shutdownFollowerState(108)) - d64b0853-d6b7-49d8-ba95-e52466f10d35: shutdown d64b0853-d6b7-49d8-ba95-e52466f10d35@group-D6D58FE81DD1-FollowerState
2021-08-11 09:33:48,606 [d64b0853-d6b7-49d8-ba95-e52466f10d35@group-D6D58FE81DD1-FollowerState] INFO  server.RaftServer$Division (RaftServerImpl.java:setRole(285)) - d64b0853-d6b7-49d8-ba95-e52466f10d35@group-D6D58FE81DD1: changes role from  FOLLOWER to CANDIDATE at term 10 for changeToCandidate
2021-08-11 09:33:48,606 [d64b0853-d6b7-49d8-ba95-e52466f10d35@group-D6D58FE81DD1-FollowerState] INFO  server.RaftServerConfigKeys (ConfUtils.java:logGet(44)) - raft.server.leaderelection.pre-vote = false (custom)
2021-08-11 09:33:48,606 [d64b0853-d6b7-49d8-ba95-e52466f10d35@group-D6D58FE81DD1-FollowerState] INFO  impl.RoleInfo (RoleInfo.java:updateAndGet(130)) - d64b0853-d6b7-49d8-ba95-e52466f10d35: start d64b0853-d6b7-49d8-ba95-e52466f10d35@group-D6D58FE81DD1-LeaderElection20
2021-08-11 09:33:48,616 [d64b0853-d6b7-49d8-ba95-e52466f10d35@group-D6D58FE81DD1-LeaderElection20] INFO  impl.LeaderElection (LeaderElection.java:askForVotes(306)) - d64b0853-d6b7-49d8-ba95-e52466f10d35@group-D6D58FE81DD1-LeaderElection20 ELECTION round 0: submit vote requests at term 11 for -1: [b60ee0fa-9875-4659-a992-15428cc237f6|rpc:10.1.0.72:40875|priority:0, d64b0853-d6b7-49d8-ba95-e52466f10d35|rpc:10.1.0.72:33927|priority:1, 38f881b7-b275-4c01-b63b-cbadf9a83bb7|rpc:10.1.0.72:38245|priority:0], old=null
2021-08-11 09:33:48,631 [grpc-default-executor-2] INFO  server.RaftServer$Division (RaftServerImpl.java:requestVote(1043)) - b60ee0fa-9875-4659-a992-15428cc237f6@group-D6D58FE81DD1: receive requestVote(ELECTION, d64b0853-d6b7-49d8-ba95-e52466f10d35, group-D6D58FE81DD1, 11, (t:0, i:0))
2021-08-11 09:33:48,631 [grpc-default-executor-2] INFO  impl.VoteContext (VoteContext.java:log(48)) - b60ee0fa-9875-4659-a992-15428cc237f6@group-D6D58FE81DD1-FOLLOWER: accept ELECTION from d64b0853-d6b7-49d8-ba95-e52466f10d35: our priority 0 <= candidate's priority 1
2021-08-11 09:33:48,631 [grpc-default-executor-2] INFO  server.RaftServer$Division (RaftServerImpl.java:setRole(285)) - b60ee0fa-9875-4659-a992-15428cc237f6@group-D6D58FE81DD1: changes role from  FOLLOWER to FOLLOWER at term 11 for candidate:d64b0853-d6b7-49d8-ba95-e52466f10d35
2021-08-11 09:33:48,631 [grpc-default-executor-2] INFO  impl.RoleInfo (RoleInfo.java:shutdownFollowerState(108)) - b60ee0fa-9875-4659-a992-15428cc237f6: shutdown b60ee0fa-9875-4659-a992-15428cc237f6@group-D6D58FE81DD1-FollowerState
2021-08-11 09:33:48,631 [grpc-default-executor-2] INFO  impl.RoleInfo (RoleInfo.java:updateAndGet(130)) - b60ee0fa-9875-4659-a992-15428cc237f6: start b60ee0fa-9875-4659-a992-15428cc237f6@group-D6D58FE81DD1-FollowerState
2021-08-11 09:33:48,632 [grpc-default-executor-1] INFO  server.RaftServer$Division (RaftServerImpl.java:requestVote(1043)) - 38f881b7-b275-4c01-b63b-cbadf9a83bb7@group-D6D58FE81DD1: receive requestVote(ELECTION, d64b0853-d6b7-49d8-ba95-e52466f10d35, group-D6D58FE81DD1, 11, (t:0, i:0))
2021-08-11 09:33:48,633 [grpc-default-executor-1] INFO  impl.VoteContext (VoteContext.java:log(48)) - 38f881b7-b275-4c01-b63b-cbadf9a83bb7@group-D6D58FE81DD1-FOLLOWER: accept ELECTION from d64b0853-d6b7-49d8-ba95-e52466f10d35: our priority 0 <= candidate's priority 1
2021-08-11 09:33:48,633 [grpc-default-executor-1] INFO  server.RaftServer$Division (RaftServerImpl.java:setRole(285)) - 38f881b7-b275-4c01-b63b-cbadf9a83bb7@group-D6D58FE81DD1: changes role from  FOLLOWER to FOLLOWER at term 11 for candidate:d64b0853-d6b7-49d8-ba95-e52466f10d35
2021-08-11 09:33:48,633 [grpc-default-executor-1] INFO  impl.RoleInfo (RoleInfo.java:shutdownFollowerState(108)) - 38f881b7-b275-4c01-b63b-cbadf9a83bb7: shutdown 38f881b7-b275-4c01-b63b-cbadf9a83bb7@group-D6D58FE81DD1-FollowerState
2021-08-11 09:33:48,633 [grpc-default-executor-1] INFO  impl.RoleInfo (RoleInfo.java:updateAndGet(130)) - 38f881b7-b275-4c01-b63b-cbadf9a83bb7: start 38f881b7-b275-4c01-b63b-cbadf9a83bb7@group-D6D58FE81DD1-FollowerState
2021-08-11 09:33:48,633 [38f881b7-b275-4c01-b63b-cbadf9a83bb7@group-D6D58FE81DD1-FollowerState] INFO  impl.FollowerState (FollowerState.java:run(143)) - 38f881b7-b275-4c01-b63b-cbadf9a83bb7@group-D6D58FE81DD1-FollowerState was interrupted: {}
java.lang.InterruptedException: sleep interrupted
	at java.lang.Thread.sleep(Native Method)
	at java.lang.Thread.sleep(Thread.java:340)
	at java.util.concurrent.TimeUnit.sleep(TimeUnit.java:386)
	at org.apache.ratis.util.TimeDuration.sleep(TimeDuration.java:324)
	at org.apache.ratis.util.TimeDuration.sleep(TimeDuration.java:309)
	at org.apache.ratis.server.impl.FollowerState.run(FollowerState.java:118)
2021-08-11 09:33:48,634 [b60ee0fa-9875-4659-a992-15428cc237f6@group-D6D58FE81DD1-FollowerState] INFO  impl.FollowerState (FollowerState.java:run(143)) - b60ee0fa-9875-4659-a992-15428cc237f6@group-D6D58FE81DD1-FollowerState was interrupted: {}
java.lang.InterruptedException: sleep interrupted
	at java.lang.Thread.sleep(Native Method)
	at java.lang.Thread.sleep(Thread.java:340)
	at java.util.concurrent.TimeUnit.sleep(TimeUnit.java:386)
	at org.apache.ratis.util.TimeDuration.sleep(TimeDuration.java:324)
	at org.apache.ratis.util.TimeDuration.sleep(TimeDuration.java:309)
	at org.apache.ratis.server.impl.FollowerState.run(FollowerState.java:118)
2021-08-11 09:33:48,644 [grpc-default-executor-1] INFO  server.RaftServer$Division (RaftServerImpl.java:requestVote(1075)) - 38f881b7-b275-4c01-b63b-cbadf9a83bb7@group-D6D58FE81DD1 replies to ELECTION vote request: d64b0853-d6b7-49d8-ba95-e52466f10d35<-38f881b7-b275-4c01-b63b-cbadf9a83bb7#0:OK-t11. Peer's state: 38f881b7-b275-4c01-b63b-cbadf9a83bb7@group-D6D58FE81DD1:t11, leader=null, voted=d64b0853-d6b7-49d8-ba95-e52466f10d35, raftlog=38f881b7-b275-4c01-b63b-cbadf9a83bb7@group-D6D58FE81DD1-SegmentedRaftLog:OPENED:c-1,f-1,i0, conf=-1: [b60ee0fa-9875-4659-a992-15428cc237f6|rpc:10.1.0.72:40875|priority:0, d64b0853-d6b7-49d8-ba95-e52466f10d35|rpc:10.1.0.72:33927|priority:1, 38f881b7-b275-4c01-b63b-cbadf9a83bb7|rpc:10.1.0.72:38245|priority:0], old=null
2021-08-11 09:33:48,646 [d64b0853-d6b7-49d8-ba95-e52466f10d35@group-D6D58FE81DD1-LeaderElection20] INFO  impl.LeaderElection (LeaderElection.java:logAndReturn(89)) - d64b0853-d6b7-49d8-ba95-e52466f10d35@group-D6D58FE81DD1-LeaderElection20: ELECTION PASSED received 1 response(s) and 0 exception(s):
2021-08-11 09:33:48,646 [d64b0853-d6b7-49d8-ba95-e52466f10d35@group-D6D58FE81DD1-LeaderElection20] INFO  impl.LeaderElection (LeaderElection.java:logAndReturn(93)) -   Response 0: d64b0853-d6b7-49d8-ba95-e52466f10d35<-38f881b7-b275-4c01-b63b-cbadf9a83bb7#0:OK-t11
2021-08-11 09:33:48,646 [d64b0853-d6b7-49d8-ba95-e52466f10d35@group-D6D58FE81DD1-LeaderElection20] INFO  impl.LeaderElection (LeaderElection.java:askForVotes(308)) - d64b0853-d6b7-49d8-ba95-e52466f10d35@group-D6D58FE81DD1-LeaderElection20 ELECTION round 0: result PASSED
2021-08-11 09:33:48,646 [d64b0853-d6b7-49d8-ba95-e52466f10d35@group-D6D58FE81DD1-LeaderElection20] INFO  impl.RoleInfo (RoleInfo.java:shutdownLeaderElection(121)) - d64b0853-d6b7-49d8-ba95-e52466f10d35: shutdown d64b0853-d6b7-49d8-ba95-e52466f10d35@group-D6D58FE81DD1-LeaderElection20
2021-08-11 09:33:48,646 [grpc-default-executor-2] INFO  server.RaftServer$Division (RaftServerImpl.java:requestVote(1075)) - b60ee0fa-9875-4659-a992-15428cc237f6@group-D6D58FE81DD1 replies to ELECTION vote request: d64b0853-d6b7-49d8-ba95-e52466f10d35<-b60ee0fa-9875-4659-a992-15428cc237f6#0:OK-t11. Peer's state: b60ee0fa-9875-4659-a992-15428cc237f6@group-D6D58FE81DD1:t11, leader=null, voted=d64b0853-d6b7-49d8-ba95-e52466f10d35, raftlog=b60ee0fa-9875-4659-a992-15428cc237f6@group-D6D58FE81DD1-SegmentedRaftLog:OPENED:c-1,f-1,i0, conf=-1: [b60ee0fa-9875-4659-a992-15428cc237f6|rpc:10.1.0.72:40875|dataStream:|priority:0, d64b0853-d6b7-49d8-ba95-e52466f10d35|rpc:10.1.0.72:33927|dataStream:|priority:1, 38f881b7-b275-4c01-b63b-cbadf9a83bb7|rpc:10.1.0.72:38245|dataStream:|priority:0], old=null
2021-08-11 09:33:48,646 [d64b0853-d6b7-49d8-ba95-e52466f10d35@group-D6D58FE81DD1-LeaderElection20] INFO  server.RaftServer$Division (RaftServerImpl.java:setRole(285)) - d64b0853-d6b7-49d8-ba95-e52466f10d35@group-D6D58FE81DD1: changes role from CANDIDATE to LEADER at term 11 for changeToLeader
2021-08-11 09:33:48,647 [d64b0853-d6b7-49d8-ba95-e52466f10d35@group-D6D58FE81DD1-LeaderElection20] INFO  ratis.XceiverServerRatis (XceiverServerRatis.java:handleLeaderChangedNotification(861)) - Leader change notification received for group: group-D6D58FE81DD1 with new leaderId: d64b0853-d6b7-49d8-ba95-e52466f10d35
2021-08-11 09:33:48,647 [d64b0853-d6b7-49d8-ba95-e52466f10d35@group-D6D58FE81DD1-LeaderElection20] INFO  server.RaftServer$Division (ServerState.java:setLeader(285)) - d64b0853-d6b7-49d8-ba95-e52466f10d35@group-D6D58FE81DD1: change Leader from null to d64b0853-d6b7-49d8-ba95-e52466f10d35 at term 11 for becomeLeader, leader elected after 55725ms
2021-08-11 09:33:48,647 [d64b0853-d6b7-49d8-ba95-e52466f10d35@group-D6D58FE81DD1-LeaderElection20] INFO  server.RaftServerConfigKeys (ConfUtils.java:logGet(44)) - raft.server.staging.catchup.gap = 1000 (default)
2021-08-11 09:33:48,648 [d64b0853-d6b7-49d8-ba95-e52466f10d35@group-D6D58FE81DD1-LeaderElection20] INFO  server.RaftServerConfigKeys (ConfUtils.java:logGet(44)) - raft.server.write.element-limit = 1024 (custom)
2021-08-11 09:33:48,650 [d64b0853-d6b7-49d8-ba95-e52466f10d35@group-D6D58FE81DD1-LeaderElection20] INFO  server.RaftServerConfigKeys (ConfUtils.java:logGet(44)) - raft.server.write.byte-limit = 1024 M (=1073741824) (custom)
2021-08-11 09:33:48,650 [d64b0853-d6b7-49d8-ba95-e52466f10d35@group-D6D58FE81DD1-LeaderElection20] INFO  server.RaftServerConfigKeys (ConfUtils.java:logGet(44)) - raft.server.watch.timeout = 180s (custom)
2021-08-11 09:33:48,650 [d64b0853-d6b7-49d8-ba95-e52466f10d35@group-D6D58FE81DD1-LeaderElection20] INFO  server.RaftServerConfigKeys (ConfUtils.java:logGet(44)) - raft.server.watch.timeout.denomination = 1s (default)
2021-08-11 09:33:48,650 [d64b0853-d6b7-49d8-ba95-e52466f10d35@group-D6D58FE81DD1-LeaderElection20] INFO  server.RaftServerConfigKeys (ConfUtils.java:logGet(44)) - raft.server.watch.element-limit = 65536 (default)
2021-08-11 09:33:48,657 [d64b0853-d6b7-49d8-ba95-e52466f10d35@group-D6D58FE81DD1-LeaderElection20] INFO  server.RaftServerConfigKeys (ConfUtils.java:logGet(44)) - raft.server.log.appender.snapshot.chunk.size.max = 16MB (=16777216) (default)
2021-08-11 09:33:48,657 [d64b0853-d6b7-49d8-ba95-e52466f10d35@group-D6D58FE81DD1-LeaderElection20] INFO  server.RaftServerConfigKeys (ConfUtils.java:logGet(44)) - raft.server.log.appender.buffer.byte-limit = 33554432 (custom)
2021-08-11 09:33:48,657 [d64b0853-d6b7-49d8-ba95-e52466f10d35@group-D6D58FE81DD1-LeaderElection20] INFO  server.RaftServerConfigKeys (ConfUtils.java:logGet(44)) - raft.server.log.appender.buffer.element-limit = 1 (custom)
2021-08-11 09:33:48,660 [d64b0853-d6b7-49d8-ba95-e52466f10d35@group-D6D58FE81DD1-LeaderElection20] INFO  grpc.GrpcConfigKeys (ConfUtils.java:logGet(44)) - raft.grpc.server.leader.outstanding.appends.max = 128 (default)
2021-08-11 09:33:48,662 [d64b0853-d6b7-49d8-ba95-e52466f10d35@group-D6D58FE81DD1-LeaderElection20] INFO  server.RaftServerConfigKeys (ConfUtils.java:logGet(44)) - raft.server.rpc.request.timeout = 60s (custom)
2021-08-11 09:33:48,662 [d64b0853-d6b7-49d8-ba95-e52466f10d35@group-D6D58FE81DD1-LeaderElection20] INFO  server.RaftServerConfigKeys (ConfUtils.java:logGet(44)) - raft.server.log.appender.install.snapshot.enabled = false (custom)
2021-08-11 09:33:48,667 [d64b0853-d6b7-49d8-ba95-e52466f10d35@group-D6D58FE81DD1-LeaderElection20] INFO  server.RaftServerConfigKeys (ConfUtils.java:logGet(44)) - raft.server.log.appender.snapshot.chunk.size.max = 16MB (=16777216) (default)
2021-08-11 09:33:48,667 [d64b0853-d6b7-49d8-ba95-e52466f10d35@group-D6D58FE81DD1-LeaderElection20] INFO  server.RaftServerConfigKeys (ConfUtils.java:logGet(44)) - raft.server.log.appender.buffer.byte-limit = 33554432 (custom)
2021-08-11 09:33:48,667 [d64b0853-d6b7-49d8-ba95-e52466f10d35@group-D6D58FE81DD1-LeaderElection20] INFO  server.RaftServerConfigKeys (ConfUtils.java:logGet(44)) - raft.server.log.appender.buffer.element-limit = 1 (custom)
2021-08-11 09:33:48,667 [d64b0853-d6b7-49d8-ba95-e52466f10d35@group-D6D58FE81DD1-LeaderElection20] INFO  grpc.GrpcConfigKeys (ConfUtils.java:logGet(44)) - raft.grpc.server.leader.outstanding.appends.max = 128 (default)
2021-08-11 09:33:48,667 [d64b0853-d6b7-49d8-ba95-e52466f10d35@group-D6D58FE81DD1-LeaderElection20] INFO  server.RaftServerConfigKeys (ConfUtils.java:logGet(44)) - raft.server.rpc.request.timeout = 60s (custom)
2021-08-11 09:33:48,667 [d64b0853-d6b7-49d8-ba95-e52466f10d35@group-D6D58FE81DD1-LeaderElection20] INFO  server.RaftServerConfigKeys (ConfUtils.java:logGet(44)) - raft.server.log.appender.install.snapshot.enabled = false (custom)
2021-08-11 09:33:48,669 [d64b0853-d6b7-49d8-ba95-e52466f10d35@group-D6D58FE81DD1-LeaderElection20] INFO  impl.RoleInfo (RoleInfo.java:updateAndGet(130)) - d64b0853-d6b7-49d8-ba95-e52466f10d35: start d64b0853-d6b7-49d8-ba95-e52466f10d35@group-D6D58FE81DD1-LeaderStateImpl
2021-08-11 09:33:48,670 [d64b0853-d6b7-49d8-ba95-e52466f10d35@group-D6D58FE81DD1-LeaderElection20] INFO  segmented.SegmentedRaftLogWorker (SegmentedRaftLogWorker.java:startLogSegment(394)) - d64b0853-d6b7-49d8-ba95-e52466f10d35@group-D6D58FE81DD1-SegmentedRaftLogWorker: Starting segment from index:0
2021-08-11 09:33:48,671 [d64b0853-d6b7-49d8-ba95-e52466f10d35@group-D6D58FE81DD1-SegmentedRaftLogWorker] INFO  segmented.SegmentedRaftLogWorker (SegmentedRaftLogWorker.java:execute(601)) - d64b0853-d6b7-49d8-ba95-e52466f10d35@group-D6D58FE81DD1-SegmentedRaftLogWorker: created new log segment /home/runner/work/ozone/ozone/hadoop-ozone/integration-test/target/test-dir/MiniOzoneClusterImpl-79444004-0aa8-43fe-bb54-6fbc032fba86/datanode-1/data/ratis/93341c1c-b166-4b08-966e-d6d58fe81dd1/current/log_inprogress_0
2021-08-11 09:33:48,685 [d64b0853-d6b7-49d8-ba95-e52466f10d35@group-D6D58FE81DD1-LeaderElection20] INFO  server.RaftServer$Division (ServerState.java:setRaftConf(387)) - d64b0853-d6b7-49d8-ba95-e52466f10d35@group-D6D58FE81DD1: set configuration 0: [b60ee0fa-9875-4659-a992-15428cc237f6|rpc:10.1.0.72:40875|dataStream:|priority:0, d64b0853-d6b7-49d8-ba95-e52466f10d35|rpc:10.1.0.72:33927|dataStream:|priority:1, 38f881b7-b275-4c01-b63b-cbadf9a83bb7|rpc:10.1.0.72:38245|dataStream:|priority:0], old=null
2021-08-11 09:33:48,697 [grpc-default-executor-0] INFO  ratis.XceiverServerRatis (XceiverServerRatis.java:handleLeaderChangedNotification(861)) - Leader change notification received for group: group-D6D58FE81DD1 with new leaderId: d64b0853-d6b7-49d8-ba95-e52466f10d35
2021-08-11 09:33:48,697 [grpc-default-executor-2] INFO  ratis.XceiverServerRatis (XceiverServerRatis.java:handleLeaderChangedNotification(861)) - Leader change notification received for group: group-D6D58FE81DD1 with new leaderId: d64b0853-d6b7-49d8-ba95-e52466f10d35
2021-08-11 09:33:48,699 [grpc-default-executor-2] INFO  server.RaftServer$Division (ServerState.java:setLeader(285)) - 38f881b7-b275-4c01-b63b-cbadf9a83bb7@group-D6D58FE81DD1: change Leader from null to d64b0853-d6b7-49d8-ba95-e52466f10d35 at term 11 for appendEntries, leader elected after 56145ms
2021-08-11 09:33:48,700 [grpc-default-executor-0] INFO  server.RaftServer$Division (ServerState.java:setLeader(285)) - b60ee0fa-9875-4659-a992-15428cc237f6@group-D6D58FE81DD1: change Leader from null to d64b0853-d6b7-49d8-ba95-e52466f10d35 at term 11 for appendEntries, leader elected after 55423ms
2021-08-11 09:33:48,757 [grpc-default-executor-0] INFO  server.RaftServer$Division (ServerState.java:setRaftConf(387)) - 38f881b7-b275-4c01-b63b-cbadf9a83bb7@group-D6D58FE81DD1: set configuration 0: [b60ee0fa-9875-4659-a992-15428cc237f6|rpc:10.1.0.72:40875|dataStream:|priority:0, d64b0853-d6b7-49d8-ba95-e52466f10d35|rpc:10.1.0.72:33927|dataStream:|priority:1, 38f881b7-b275-4c01-b63b-cbadf9a83bb7|rpc:10.1.0.72:38245|dataStream:|priority:0], old=null
2021-08-11 09:33:48,758 [grpc-default-executor-0] INFO  segmented.SegmentedRaftLogWorker (SegmentedRaftLogWorker.java:startLogSegment(394)) - 38f881b7-b275-4c01-b63b-cbadf9a83bb7@group-D6D58FE81DD1-SegmentedRaftLogWorker: Starting segment from index:0
2021-08-11 09:33:48,759 [38f881b7-b275-4c01-b63b-cbadf9a83bb7@group-D6D58FE81DD1-SegmentedRaftLogWorker] INFO  segmented.SegmentedRaftLogWorker (SegmentedRaftLogWorker.java:execute(601)) - 38f881b7-b275-4c01-b63b-cbadf9a83bb7@group-D6D58FE81DD1-SegmentedRaftLogWorker: created new log segment /home/runner/work/ozone/ozone/hadoop-ozone/integration-test/target/test-dir/MiniOzoneClusterImpl-79444004-0aa8-43fe-bb54-6fbc032fba86/datanode-0/data/ratis/93341c1c-b166-4b08-966e-d6d58fe81dd1/current/log_inprogress_0
2021-08-11 09:33:48,766 [grpc-default-executor-3] INFO  server.RaftServer$Division (ServerState.java:setRaftConf(387)) - b60ee0fa-9875-4659-a992-15428cc237f6@group-D6D58FE81DD1: set configuration 0: [b60ee0fa-9875-4659-a992-15428cc237f6|rpc:10.1.0.72:40875|dataStream:|priority:0, d64b0853-d6b7-49d8-ba95-e52466f10d35|rpc:10.1.0.72:33927|dataStream:|priority:1, 38f881b7-b275-4c01-b63b-cbadf9a83bb7|rpc:10.1.0.72:38245|dataStream:|priority:0], old=null
2021-08-11 09:33:48,766 [grpc-default-executor-3] INFO  segmented.SegmentedRaftLogWorker (SegmentedRaftLogWorker.java:startLogSegment(394)) - b60ee0fa-9875-4659-a992-15428cc237f6@group-D6D58FE81DD1-SegmentedRaftLogWorker: Starting segment from index:0
2021-08-11 09:33:48,767 [b60ee0fa-9875-4659-a992-15428cc237f6@group-D6D58FE81DD1-SegmentedRaftLogWorker] INFO  segmented.SegmentedRaftLogWorker (SegmentedRaftLogWorker.java:execute(601)) - b60ee0fa-9875-4659-a992-15428cc237f6@group-D6D58FE81DD1-SegmentedRaftLogWorker: created new log segment /home/runner/work/ozone/ozone/hadoop-ozone/integration-test/target/test-dir/MiniOzoneClusterImpl-79444004-0aa8-43fe-bb54-6fbc032fba86/datanode-2/data/ratis/93341c1c-b166-4b08-966e-d6d58fe81dd1/current/log_inprogress_0
2021-08-11 09:33:49,325 [Time-limited test] INFO  ozoneimpl.OzoneContainer (OzoneContainer.java:stop(326)) - Attempting to stop container services.
2021-08-11 09:33:49,326 [ForkJoinPool.commonPool-worker-1] INFO  ozoneimpl.OzoneContainer (OzoneContainer.java:stop(326)) - Attempting to stop container services.
2021-08-11 09:33:49,326 [ForkJoinPool.commonPool-worker-1] INFO  server.RaftServer (RaftServerProxy.java:lambda$close$6(391)) - 38f881b7-b275-4c01-b63b-cbadf9a83bb7: close
2021-08-11 09:33:49,326 [ForkJoinPool.commonPool-worker-1] INFO  server.RaftServer$Division (RaftServerImpl.java:lambda$close$4(407)) - 38f881b7-b275-4c01-b63b-cbadf9a83bb7@group-D6D58FE81DD1: shutdown
2021-08-11 09:33:49,326 [ForkJoinPool.commonPool-worker-1] INFO  util.JmxRegister (JmxRegister.java:unregister(73)) - Successfully un-registered JMX Bean with object name Ratis:service=RaftServer,group=group-D6D58FE81DD1,id=38f881b7-b275-4c01-b63b-cbadf9a83bb7
2021-08-11 09:33:49,326 [ForkJoinPool.commonPool-worker-1] INFO  impl.RoleInfo (RoleInfo.java:shutdownFollowerState(108)) - 38f881b7-b275-4c01-b63b-cbadf9a83bb7: shutdown 38f881b7-b275-4c01-b63b-cbadf9a83bb7@group-D6D58FE81DD1-FollowerState
2021-08-11 09:33:49,327 [ForkJoinPool.commonPool-worker-1] INFO  impl.StateMachineUpdater (StateMachineUpdater.java:stopAndJoin(149)) - 38f881b7-b275-4c01-b63b-cbadf9a83bb7@group-D6D58FE81DD1-StateMachineUpdater: set stopIndex = 0
2021-08-11 09:33:49,327 [38f881b7-b275-4c01-b63b-cbadf9a83bb7@group-D6D58FE81DD1-FollowerState] INFO  impl.FollowerState (FollowerState.java:run(143)) - 38f881b7-b275-4c01-b63b-cbadf9a83bb7@group-D6D58FE81DD1-FollowerState was interrupted: {}
java.lang.InterruptedException: sleep interrupted
	at java.lang.Thread.sleep(Native Method)
	at java.lang.Thread.sleep(Thread.java:340)
	at java.util.concurrent.TimeUnit.sleep(TimeUnit.java:386)
	at org.apache.ratis.util.TimeDuration.sleep(TimeDuration.java:324)
	at org.apache.ratis.util.TimeDuration.sleep(TimeDuration.java:309)
	at org.apache.ratis.server.impl.FollowerState.run(FollowerState.java:118)
2021-08-11 09:33:49,327 [38f881b7-b275-4c01-b63b-cbadf9a83bb7@group-D6D58FE81DD1-StateMachineUpdater] INFO  ratis.ContainerStateMachine (ContainerStateMachine.java:takeSnapshot(293)) - group-D6D58FE81DD1: Taking a snapshot at:(t:11, i:0) file /home/runner/work/ozone/ozone/hadoop-ozone/integration-test/target/test-dir/MiniOzoneClusterImpl-79444004-0aa8-43fe-bb54-6fbc032fba86/datanode-0/data/ratis/93341c1c-b166-4b08-966e-d6d58fe81dd1/sm/snapshot.11_0
2021-08-11 09:33:49,328 [Time-limited test] INFO  server.RaftServer (RaftServerProxy.java:lambda$close$6(391)) - d64b0853-d6b7-49d8-ba95-e52466f10d35: close
2021-08-11 09:33:49,328 [Time-limited test] INFO  server.RaftServer$Division (RaftServerImpl.java:lambda$close$4(407)) - d64b0853-d6b7-49d8-ba95-e52466f10d35@group-C5823A248441: shutdown
2021-08-11 09:33:49,328 [Time-limited test] INFO  util.JmxRegister (JmxRegister.java:unregister(73)) - Successfully un-registered JMX Bean with object name Ratis:service=RaftServer,group=group-C5823A248441,id=d64b0853-d6b7-49d8-ba95-e52466f10d35
2021-08-11 09:33:49,328 [Time-limited test] INFO  impl.RoleInfo (RoleInfo.java:shutdownLeaderState(91)) - d64b0853-d6b7-49d8-ba95-e52466f10d35: shutdown d64b0853-d6b7-49d8-ba95-e52466f10d35@group-C5823A248441-LeaderStateImpl
2021-08-11 09:33:49,328 [Time-limited test] INFO  impl.PendingRequests (PendingRequests.java:sendNotLeaderResponses(282)) - d64b0853-d6b7-49d8-ba95-e52466f10d35@group-C5823A248441-PendingRequests: sendNotLeaderResponses
2021-08-11 09:33:49,329 [Time-limited test] INFO  impl.StateMachineUpdater (StateMachineUpdater.java:stopAndJoin(149)) - d64b0853-d6b7-49d8-ba95-e52466f10d35@group-C5823A248441-StateMachineUpdater: set stopIndex = 0
2021-08-11 09:33:49,329 [d64b0853-d6b7-49d8-ba95-e52466f10d35@group-C5823A248441-StateMachineUpdater] INFO  ratis.ContainerStateMachine (ContainerStateMachine.java:takeSnapshot(293)) - group-C5823A248441: Taking a snapshot at:(t:1, i:0) file /home/runner/work/ozone/ozone/hadoop-ozone/integration-test/target/test-dir/MiniOzoneClusterImpl-79444004-0aa8-43fe-bb54-6fbc032fba86/datanode-1/data/ratis/f7be1e62-c328-4f3f-a798-c5823a248441/sm/snapshot.1_0
2021-08-11 09:33:49,329 [38f881b7-b275-4c01-b63b-cbadf9a83bb7@group-D6D58FE81DD1-StateMachineUpdater] INFO  ratis.ContainerStateMachine (ContainerStateMachine.java:takeSnapshot(304)) - group-D6D58FE81DD1: Finished taking a snapshot at:(t:11, i:0) file:/home/runner/work/ozone/ozone/hadoop-ozone/integration-test/target/test-dir/MiniOzoneClusterImpl-79444004-0aa8-43fe-bb54-6fbc032fba86/datanode-0/data/ratis/93341c1c-b166-4b08-966e-d6d58fe81dd1/sm/snapshot.11_0 took: 3 ms
2021-08-11 09:33:49,331 [d64b0853-d6b7-49d8-ba95-e52466f10d35@group-C5823A248441-StateMachineUpdater] INFO  ratis.ContainerStateMachine (ContainerStateMachine.java:takeSnapshot(304)) - group-C5823A248441: Finished taking a snapshot at:(t:1, i:0) file:/home/runner/work/ozone/ozone/hadoop-ozone/integration-test/target/test-dir/MiniOzoneClusterImpl-79444004-0aa8-43fe-bb54-6fbc032fba86/datanode-1/data/ratis/f7be1e62-c328-4f3f-a798-c5823a248441/sm/snapshot.1_0 took: 1 ms
2021-08-11 09:33:49,331 [38f881b7-b275-4c01-b63b-cbadf9a83bb7@group-D6D58FE81DD1-StateMachineUpdater] INFO  impl.StateMachineUpdater (StateMachineUpdater.java:takeSnapshot(281)) - 38f881b7-b275-4c01-b63b-cbadf9a83bb7@group-D6D58FE81DD1-StateMachineUpdater: Took a snapshot at index 0
2021-08-11 09:33:49,331 [38f881b7-b275-4c01-b63b-cbadf9a83bb7@group-D6D58FE81DD1-StateMachineUpdater] INFO  impl.StateMachineUpdater (StateMachineUpdater.java:lambda$new$0(89)) - 38f881b7-b275-4c01-b63b-cbadf9a83bb7@group-D6D58FE81DD1-StateMachineUpdater: snapshotIndex: updateIncreasingly -1 -> 0
2021-08-11 09:33:49,331 [d64b0853-d6b7-49d8-ba95-e52466f10d35@group-C5823A248441-StateMachineUpdater] INFO  impl.StateMachineUpdater (StateMachineUpdater.java:takeSnapshot(281)) - d64b0853-d6b7-49d8-ba95-e52466f10d35@group-C5823A248441-StateMachineUpdater: Took a snapshot at index 0
2021-08-11 09:33:49,331 [d64b0853-d6b7-49d8-ba95-e52466f10d35@group-C5823A248441-StateMachineUpdater] INFO  impl.StateMachineUpdater (StateMachineUpdater.java:lambda$new$0(89)) - d64b0853-d6b7-49d8-ba95-e52466f10d35@group-C5823A248441-StateMachineUpdater: snapshotIndex: updateIncreasingly -1 -> 0
2021-08-11 09:33:49,331 [ForkJoinPool.commonPool-worker-1] INFO  server.RaftServer$Division (ServerState.java:close(419)) - 38f881b7-b275-4c01-b63b-cbadf9a83bb7@group-D6D58FE81DD1: closes. applyIndex: 0
2021-08-11 09:33:49,331 [Time-limited test] INFO  server.RaftServer$Division (ServerState.java:close(419)) - d64b0853-d6b7-49d8-ba95-e52466f10d35@group-C5823A248441: closes. applyIndex: 0
2021-08-11 09:33:49,331 [38f881b7-b275-4c01-b63b-cbadf9a83bb7@group-D6D58FE81DD1-SegmentedRaftLogWorker] INFO  segmented.SegmentedRaftLogWorker (SegmentedRaftLogWorker.java:run(327)) - 38f881b7-b275-4c01-b63b-cbadf9a83bb7@group-D6D58FE81DD1-SegmentedRaftLogWorker was interrupted, exiting. There are 0 tasks remaining in the queue.
2021-08-11 09:33:49,332 [d64b0853-d6b7-49d8-ba95-e52466f10d35@group-C5823A248441-SegmentedRaftLogWorker] INFO  segmented.SegmentedRaftLogWorker (SegmentedRaftLogWorker.java:run(327)) - d64b0853-d6b7-49d8-ba95-e52466f10d35@group-C5823A248441-SegmentedRaftLogWorker was interrupted, exiting. There are 0 tasks remaining in the queue.
2021-08-11 09:33:49,337 [ForkJoinPool.commonPool-worker-1] INFO  segmented.SegmentedRaftLogWorker (SegmentedRaftLogWorker.java:close(237)) - 38f881b7-b275-4c01-b63b-cbadf9a83bb7@group-D6D58FE81DD1-SegmentedRaftLogWorker close()
2021-08-11 09:33:49,338 [Time-limited test] INFO  segmented.SegmentedRaftLogWorker (SegmentedRaftLogWorker.java:close(237)) - d64b0853-d6b7-49d8-ba95-e52466f10d35@group-C5823A248441-SegmentedRaftLogWorker close()
2021-08-11 09:33:49,339 [ForkJoinPool.commonPool-worker-1] INFO  server.RaftServer$Division (RaftServerImpl.java:lambda$close$4(407)) - 38f881b7-b275-4c01-b63b-cbadf9a83bb7@group-DA21D3ECD3B3: shutdown
2021-08-11 09:33:49,339 [ForkJoinPool.commonPool-worker-1] INFO  util.JmxRegister (JmxRegister.java:unregister(73)) - Successfully un-registered JMX Bean with object name Ratis:service=RaftServer,group=group-DA21D3ECD3B3,id=38f881b7-b275-4c01-b63b-cbadf9a83bb7
2021-08-11 09:33:49,339 [ForkJoinPool.commonPool-worker-1] INFO  impl.RoleInfo (RoleInfo.java:shutdownLeaderState(91)) - 38f881b7-b275-4c01-b63b-cbadf9a83bb7: shutdown 38f881b7-b275-4c01-b63b-cbadf9a83bb7@group-DA21D3ECD3B3-LeaderStateImpl
2021-08-11 09:33:49,340 [Time-limited test] INFO  server.RaftServer$Division (RaftServerImpl.java:lambda$close$4(407)) - d64b0853-d6b7-49d8-ba95-e52466f10d35@group-D6D58FE81DD1: shutdown
2021-08-11 09:33:49,340 [Time-limited test] INFO  util.JmxRegister (JmxRegister.java:unregister(73)) - Successfully un-registered JMX Bean with object name Ratis:service=RaftServer,group=group-D6D58FE81DD1,id=d64b0853-d6b7-49d8-ba95-e52466f10d35
2021-08-11 09:33:49,340 [Time-limited test] INFO  impl.RoleInfo (RoleInfo.java:shutdownLeaderState(91)) - d64b0853-d6b7-49d8-ba95-e52466f10d35: shutdown d64b0853-d6b7-49d8-ba95-e52466f10d35@group-D6D58FE81DD1-LeaderStateImpl
2021-08-11 09:33:49,340 [Time-limited test] INFO  impl.PendingRequests (PendingRequests.java:sendNotLeaderResponses(282)) - d64b0853-d6b7-49d8-ba95-e52466f10d35@group-D6D58FE81DD1-PendingRequests: sendNotLeaderResponses
2021-08-11 09:33:49,341 [Time-limited test] INFO  impl.StateMachineUpdater (StateMachineUpdater.java:stopAndJoin(149)) - d64b0853-d6b7-49d8-ba95-e52466f10d35@group-D6D58FE81DD1-StateMachineUpdater: set stopIndex = 0
2021-08-11 09:33:49,341 [d64b0853-d6b7-49d8-ba95-e52466f10d35@group-D6D58FE81DD1->b60ee0fa-9875-4659-a992-15428cc237f6-GrpcLogAppender-LogAppenderDaemon] WARN  server.GrpcLogAppender (GrpcLogAppender.java:mayWait(175)) - d64b0853-d6b7-49d8-ba95-e52466f10d35@group-D6D58FE81DD1->b60ee0fa-9875-4659-a992-15428cc237f6-GrpcLogAppender: Wait interrupted by java.lang.InterruptedException
2021-08-11 09:33:49,342 [d64b0853-d6b7-49d8-ba95-e52466f10d35@group-D6D58FE81DD1-StateMachineUpdater] INFO  ratis.ContainerStateMachine (ContainerStateMachine.java:takeSnapshot(293)) - group-D6D58FE81DD1: Taking a snapshot at:(t:11, i:0) file /home/runner/work/ozone/ozone/hadoop-ozone/integration-test/target/test-dir/MiniOzoneClusterImpl-79444004-0aa8-43fe-bb54-6fbc032fba86/datanode-1/data/ratis/93341c1c-b166-4b08-966e-d6d58fe81dd1/sm/snapshot.11_0
2021-08-11 09:33:49,343 [d64b0853-d6b7-49d8-ba95-e52466f10d35@group-D6D58FE81DD1-StateMachineUpdater] INFO  ratis.ContainerStateMachine (ContainerStateMachine.java:takeSnapshot(304)) - group-D6D58FE81DD1: Finished taking a snapshot at:(t:11, i:0) file:/home/runner/work/ozone/ozone/hadoop-ozone/integration-test/target/test-dir/MiniOzoneClusterImpl-79444004-0aa8-43fe-bb54-6fbc032fba86/datanode-1/data/ratis/93341c1c-b166-4b08-966e-d6d58fe81dd1/sm/snapshot.11_0 took: 1 ms
2021-08-11 09:33:49,343 [d64b0853-d6b7-49d8-ba95-e52466f10d35@group-D6D58FE81DD1-StateMachineUpdater] INFO  impl.StateMachineUpdater (StateMachineUpdater.java:takeSnapshot(281)) - d64b0853-d6b7-49d8-ba95-e52466f10d35@group-D6D58FE81DD1-StateMachineUpdater: Took a snapshot at index 0
2021-08-11 09:33:49,343 [d64b0853-d6b7-49d8-ba95-e52466f10d35@group-D6D58FE81DD1-StateMachineUpdater] INFO  impl.StateMachineUpdater (StateMachineUpdater.java:lambda$new$0(89)) - d64b0853-d6b7-49d8-ba95-e52466f10d35@group-D6D58FE81DD1-StateMachineUpdater: snapshotIndex: updateIncreasingly -1 -> 0
2021-08-11 09:33:49,345 [grpc-default-executor-3] INFO  server.GrpcServerProtocolService (GrpcServerProtocolService.java:onCompleted(140)) - b60ee0fa-9875-4659-a992-15428cc237f6: Completed APPEND_ENTRIES, lastRequest: d64b0853-d6b7-49d8-ba95-e52466f10d35->b60ee0fa-9875-4659-a992-15428cc237f6#1-t11,previous=(t:0, i:0),leaderCommit=0,initializing? true,entries: size=1, first=(t:11, i:0), CONFIGURATIONENTRY
2021-08-11 09:33:49,346 [Time-limited test] INFO  server.RaftServer$Division (ServerState.java:close(419)) - d64b0853-d6b7-49d8-ba95-e52466f10d35@group-D6D58FE81DD1: closes. applyIndex: 0
2021-08-11 09:33:49,347 [d64b0853-d6b7-49d8-ba95-e52466f10d35@group-D6D58FE81DD1-SegmentedRaftLogWorker] INFO  segmented.SegmentedRaftLogWorker (SegmentedRaftLogWorker.java:run(327)) - d64b0853-d6b7-49d8-ba95-e52466f10d35@group-D6D58FE81DD1-SegmentedRaftLogWorker was interrupted, exiting. There are 0 tasks remaining in the queue.
2021-08-11 09:33:49,339 [ForkJoinPool.commonPool-worker-1] INFO  impl.PendingRequests (PendingRequests.java:sendNotLeaderResponses(282)) - 38f881b7-b275-4c01-b63b-cbadf9a83bb7@group-DA21D3ECD3B3-PendingRequests: sendNotLeaderResponses
2021-08-11 09:33:49,347 [ForkJoinPool.commonPool-worker-1] INFO  impl.StateMachineUpdater (StateMachineUpdater.java:stopAndJoin(149)) - 38f881b7-b275-4c01-b63b-cbadf9a83bb7@group-DA21D3ECD3B3-StateMachineUpdater: set stopIndex = 0
2021-08-11 09:33:49,342 [d64b0853-d6b7-49d8-ba95-e52466f10d35@group-D6D58FE81DD1->38f881b7-b275-4c01-b63b-cbadf9a83bb7-GrpcLogAppender-LogAppenderDaemon] WARN  server.GrpcLogAppender (GrpcLogAppender.java:mayWait(175)) - d64b0853-d6b7-49d8-ba95-e52466f10d35@group-D6D58FE81DD1->38f881b7-b275-4c01-b63b-cbadf9a83bb7-GrpcLogAppender: Wait interrupted by java.lang.InterruptedException
2021-08-11 09:33:49,348 [38f881b7-b275-4c01-b63b-cbadf9a83bb7@group-DA21D3ECD3B3-StateMachineUpdater] INFO  ratis.ContainerStateMachine (ContainerStateMachine.java:takeSnapshot(293)) - group-DA21D3ECD3B3: Taking a snapshot at:(t:1, i:0) file /home/runner/work/ozone/ozone/hadoop-ozone/integration-test/target/test-dir/MiniOzoneClusterImpl-79444004-0aa8-43fe-bb54-6fbc032fba86/datanode-0/data/ratis/059fdf3a-9c83-4cda-b6ba-da21d3ecd3b3/sm/snapshot.1_0
2021-08-11 09:33:49,346 [grpc-default-executor-0] INFO  server.GrpcLogAppender (GrpcLogAppender.java:onCompleted(344)) - d64b0853-d6b7-49d8-ba95-e52466f10d35@group-D6D58FE81DD1->b60ee0fa-9875-4659-a992-15428cc237f6-AppendLogResponseHandler: follower responses appendEntries COMPLETED
2021-08-11 09:33:49,349 [38f881b7-b275-4c01-b63b-cbadf9a83bb7@group-DA21D3ECD3B3-StateMachineUpdater] INFO  ratis.ContainerStateMachine (ContainerStateMachine.java:takeSnapshot(304)) - group-DA21D3ECD3B3: Finished taking a snapshot at:(t:1, i:0) file:/home/runner/work/ozone/ozone/hadoop-ozone/integration-test/target/test-dir/MiniOzoneClusterImpl-79444004-0aa8-43fe-bb54-6fbc032fba86/datanode-0/data/ratis/059fdf3a-9c83-4cda-b6ba-da21d3ecd3b3/sm/snapshot.1_0 took: 1 ms
2021-08-11 09:33:49,349 [38f881b7-b275-4c01-b63b-cbadf9a83bb7@group-DA21D3ECD3B3-StateMachineUpdater] INFO  impl.StateMachineUpdater (StateMachineUpdater.java:takeSnapshot(281)) - 38f881b7-b275-4c01-b63b-cbadf9a83bb7@group-DA21D3ECD3B3-StateMachineUpdater: Took a snapshot at index 0
2021-08-11 09:33:49,349 [38f881b7-b275-4c01-b63b-cbadf9a83bb7@group-DA21D3ECD3B3-StateMachineUpdater] INFO  impl.StateMachineUpdater (StateMachineUpdater.java:lambda$new$0(89)) - 38f881b7-b275-4c01-b63b-cbadf9a83bb7@group-DA21D3ECD3B3-StateMachineUpdater: snapshotIndex: updateIncreasingly -1 -> 0
2021-08-11 09:33:49,351 [grpc-default-executor-0] INFO  leader.FollowerInfo (FollowerInfoImpl.java:lambda$new$0(46)) - d64b0853-d6b7-49d8-ba95-e52466f10d35@group-D6D58FE81DD1->b60ee0fa-9875-4659-a992-15428cc237f6: nextIndex: updateUnconditionally 1 -> 0
2021-08-11 09:33:49,351 [ForkJoinPool.commonPool-worker-1] INFO  server.RaftServer$Division (ServerState.java:close(419)) - 38f881b7-b275-4c01-b63b-cbadf9a83bb7@group-DA21D3ECD3B3: closes. applyIndex: 0
2021-08-11 09:33:49,351 [38f881b7-b275-4c01-b63b-cbadf9a83bb7@group-DA21D3ECD3B3-SegmentedRaftLogWorker] INFO  segmented.SegmentedRaftLogWorker (SegmentedRaftLogWorker.java:run(327)) - 38f881b7-b275-4c01-b63b-cbadf9a83bb7@group-DA21D3ECD3B3-SegmentedRaftLogWorker was interrupted, exiting. There are 0 tasks remaining in the queue.
2021-08-11 09:33:49,351 [grpc-default-executor-3] INFO  server.GrpcServerProtocolService (GrpcServerProtocolService.java:onCompleted(140)) - 38f881b7-b275-4c01-b63b-cbadf9a83bb7: Completed APPEND_ENTRIES, lastRequest: d64b0853-d6b7-49d8-ba95-e52466f10d35->38f881b7-b275-4c01-b63b-cbadf9a83bb7#1-t11,previous=(t:0, i:0),leaderCommit=0,initializing? true,entries: size=1, first=(t:11, i:0), CONFIGURATIONENTRY
2021-08-11 09:33:49,352 [Time-limited test] INFO  segmented.SegmentedRaftLogWorker (SegmentedRaftLogWorker.java:close(237)) - d64b0853-d6b7-49d8-ba95-e52466f10d35@group-D6D58FE81DD1-SegmentedRaftLogWorker close()
2021-08-11 09:33:49,352 [grpc-default-executor-0] INFO  server.GrpcLogAppender (GrpcLogAppender.java:onCompleted(344)) - d64b0853-d6b7-49d8-ba95-e52466f10d35@group-D6D58FE81DD1->38f881b7-b275-4c01-b63b-cbadf9a83bb7-AppendLogResponseHandler: follower responses appendEntries COMPLETED
2021-08-11 09:33:49,352 [grpc-default-executor-0] INFO  leader.FollowerInfo (FollowerInfoImpl.java:lambda$new$0(46)) - d64b0853-d6b7-49d8-ba95-e52466f10d35@group-D6D58FE81DD1->38f881b7-b275-4c01-b63b-cbadf9a83bb7: nextIndex: updateUnconditionally 1 -> 0
2021-08-11 09:33:49,353 [ForkJoinPool.commonPool-worker-1] INFO  segmented.SegmentedRaftLogWorker (SegmentedRaftLogWorker.java:close(237)) - 38f881b7-b275-4c01-b63b-cbadf9a83bb7@group-DA21D3ECD3B3-SegmentedRaftLogWorker close()
2021-08-11 09:33:49,354 [Time-limited test] INFO  server.GrpcService (GrpcService.java:closeImpl(262)) - d64b0853-d6b7-49d8-ba95-e52466f10d35: shutdown server with port 33927 now
2021-08-11 09:33:49,355 [ForkJoinPool.commonPool-worker-1] INFO  server.GrpcService (GrpcService.java:closeImpl(262)) - 38f881b7-b275-4c01-b63b-cbadf9a83bb7: shutdown server with port 38245 now
2021-08-11 09:33:49,368 [Time-limited test] INFO  server.GrpcService (GrpcService.java:closeImpl(271)) - d64b0853-d6b7-49d8-ba95-e52466f10d35: shutdown server with port 33927 successfully
2021-08-11 09:33:49,369 [org.apache.ratis.util.JvmPauseMonitor$$Lambda$531/1810552158@60618f19] INFO  util.JvmPauseMonitor (JvmPauseMonitor.java:run(109)) - JvmPauseMonitor-d64b0853-d6b7-49d8-ba95-e52466f10d35: Stopped
2021-08-11 09:33:49,369 [ForkJoinPool.commonPool-worker-1] INFO  server.GrpcService (GrpcService.java:closeImpl(271)) - 38f881b7-b275-4c01-b63b-cbadf9a83bb7: shutdown server with port 38245 successfully
2021-08-11 09:33:49,371 [org.apache.ratis.util.JvmPauseMonitor$$Lambda$531/1810552158@557a2493] INFO  util.JvmPauseMonitor (JvmPauseMonitor.java:run(109)) - JvmPauseMonitor-38f881b7-b275-4c01-b63b-cbadf9a83bb7: Stopped
2021-08-11 09:33:49,373 [ForkJoinPool.commonPool-worker-1] INFO  utils.BackgroundService (BackgroundService.java:shutdown(132)) - Shutting down service BlockDeletingService
2021-08-11 09:33:49,377 [Time-limited test] INFO  utils.BackgroundService (BackgroundService.java:shutdown(132)) - Shutting down service BlockDeletingService
2021-08-11 09:33:52,379 [ForkJoinPool.commonPool-worker-1] INFO  statemachine.DatanodeStateMachine (DatanodeStateMachine.java:stopDaemon(515)) - Ozone container server stopped.
2021-08-11 09:33:52,379 [ForkJoinPool.commonPool-worker-1] INFO  handler.ContextHandler (ContextHandler.java:doStop(1153)) - Stopped o.e.j.w.WebAppContext@2f7a64ad{hddsDatanode,/,null,STOPPED}{jar:file:/home/runner/.m2/repository/org/apache/ozone/hdds-container-service/1.2.0-SNAPSHOT/hdds-container-service-1.2.0-SNAPSHOT.jar!/webapps/hddsDatanode}
2021-08-11 09:33:52,380 [ForkJoinPool.commonPool-worker-1] INFO  server.AbstractConnector (AbstractConnector.java:doStop(381)) - Stopped ServerConnector@41eab83d{HTTP/1.1, (http/1.1)}{0.0.0.0:0}
2021-08-11 09:33:52,381 [ForkJoinPool.commonPool-worker-1] INFO  server.session (HouseKeeper.java:stopScavenging(149)) - node0 Stopped scavenging
2021-08-11 09:33:52,381 [ForkJoinPool.commonPool-worker-1] INFO  handler.ContextHandler (ContextHandler.java:doStop(1153)) - Stopped o.e.j.s.ServletContextHandler@2a8b99c1{static,/static,jar:file:/home/runner/.m2/repository/org/apache/ozone/hdds-container-service/1.2.0-SNAPSHOT/hdds-container-service-1.2.0-SNAPSHOT.jar!/webapps/static,STOPPED}
2021-08-11 09:33:52,381 [ForkJoinPool.commonPool-worker-1] INFO  handler.ContextHandler (ContextHandler.java:doStop(1153)) - Stopped o.e.j.s.ServletContextHandler@7eeb14a4{logs,/logs,file:///home/runner/work/ozone/ozone/hadoop-ozone/integration-test/target/log,STOPPED}
2021-08-11 09:33:52,382 [Time-limited test] INFO  statemachine.DatanodeStateMachine (DatanodeStateMachine.java:stopDaemon(515)) - Ozone container server stopped.
2021-08-11 09:33:52,385 [Time-limited test] INFO  handler.ContextHandler (ContextHandler.java:doStop(1153)) - Stopped o.e.j.w.WebAppContext@2d4c7f9f{hddsDatanode,/,null,STOPPED}{jar:file:/home/runner/.m2/repository/org/apache/ozone/hdds-container-service/1.2.0-SNAPSHOT/hdds-container-service-1.2.0-SNAPSHOT.jar!/webapps/hddsDatanode}
2021-08-11 09:33:52,386 [Time-limited test] INFO  server.AbstractConnector (AbstractConnector.java:doStop(381)) - Stopped ServerConnector@5ed8d4b9{HTTP/1.1, (http/1.1)}{0.0.0.0:0}
2021-08-11 09:33:52,386 [Time-limited test] INFO  server.session (HouseKeeper.java:stopScavenging(149)) - node0 Stopped scavenging
2021-08-11 09:33:52,387 [Time-limited test] INFO  handler.ContextHandler (ContextHandler.java:doStop(1153)) - Stopped o.e.j.s.ServletContextHandler@7a16804{static,/static,jar:file:/home/runner/.m2/repository/org/apache/ozone/hdds-container-service/1.2.0-SNAPSHOT/hdds-container-service-1.2.0-SNAPSHOT.jar!/webapps/static,STOPPED}
2021-08-11 09:33:52,387 [Time-limited test] INFO  handler.ContextHandler (ContextHandler.java:doStop(1153)) - Stopped o.e.j.s.ServletContextHandler@50ac6bdd{logs,/logs,file:///home/runner/work/ozone/ozone/hadoop-ozone/integration-test/target/log,STOPPED}
2021-08-11 09:33:52,588 [Datanode State Machine Thread - 0] INFO  statemachine.DatanodeStateMachine (DatanodeStateMachine.java:lambda$startDaemon$0(457)) - Ozone container server started.
2021-08-11 09:33:57,383 [ForkJoinPool.commonPool-worker-1] INFO  ozoneimpl.OzoneContainer (OzoneContainer.java:stop(326)) - Attempting to stop container services.
2021-08-11 09:33:57,384 [ForkJoinPool.commonPool-worker-1] INFO  server.RaftServer (RaftServerProxy.java:lambda$close$6(391)) - b60ee0fa-9875-4659-a992-15428cc237f6: close
2021-08-11 09:33:57,384 [ForkJoinPool.commonPool-worker-1] INFO  server.RaftServer$Division (RaftServerImpl.java:lambda$close$4(407)) - b60ee0fa-9875-4659-a992-15428cc237f6@group-9480A39DA203: shutdown
2021-08-11 09:33:57,384 [ForkJoinPool.commonPool-worker-1] INFO  util.JmxRegister (JmxRegister.java:unregister(73)) - Successfully un-registered JMX Bean with object name Ratis:service=RaftServer,group=group-9480A39DA203,id=b60ee0fa-9875-4659-a992-15428cc237f6
2021-08-11 09:33:57,384 [ForkJoinPool.commonPool-worker-1] INFO  impl.RoleInfo (RoleInfo.java:shutdownLeaderState(91)) - b60ee0fa-9875-4659-a992-15428cc237f6: shutdown b60ee0fa-9875-4659-a992-15428cc237f6@group-9480A39DA203-LeaderStateImpl
2021-08-11 09:33:57,384 [ForkJoinPool.commonPool-worker-1] INFO  impl.PendingRequests (PendingRequests.java:sendNotLeaderResponses(282)) - b60ee0fa-9875-4659-a992-15428cc237f6@group-9480A39DA203-PendingRequests: sendNotLeaderResponses
2021-08-11 09:33:57,386 [b60ee0fa-9875-4659-a992-15428cc237f6@group-9480A39DA203-StateMachineUpdater] INFO  ratis.ContainerStateMachine (ContainerStateMachine.java:takeSnapshot(293)) - group-9480A39DA203: Taking a snapshot at:(t:1, i:0) file /home/runner/work/ozone/ozone/hadoop-ozone/integration-test/target/test-dir/MiniOzoneClusterImpl-79444004-0aa8-43fe-bb54-6fbc032fba86/datanode-2/data/ratis/7735f9a1-a505-465c-b7e0-9480a39da203/sm/snapshot.1_0
2021-08-11 09:33:57,387 [ForkJoinPool.commonPool-worker-1] INFO  impl.StateMachineUpdater (StateMachineUpdater.java:stopAndJoin(149)) - b60ee0fa-9875-4659-a992-15428cc237f6@group-9480A39DA203-StateMachineUpdater: set stopIndex = 0
2021-08-11 09:33:57,388 [b60ee0fa-9875-4659-a992-15428cc237f6@group-9480A39DA203-StateMachineUpdater] INFO  ratis.ContainerStateMachine (ContainerStateMachine.java:takeSnapshot(304)) - group-9480A39DA203: Finished taking a snapshot at:(t:1, i:0) file:/home/runner/work/ozone/ozone/hadoop-ozone/integration-test/target/test-dir/MiniOzoneClusterImpl-79444004-0aa8-43fe-bb54-6fbc032fba86/datanode-2/data/ratis/7735f9a1-a505-465c-b7e0-9480a39da203/sm/snapshot.1_0 took: 1 ms
2021-08-11 09:33:57,388 [b60ee0fa-9875-4659-a992-15428cc237f6@group-9480A39DA203-StateMachineUpdater] INFO  impl.StateMachineUpdater (StateMachineUpdater.java:takeSnapshot(281)) - b60ee0fa-9875-4659-a992-15428cc237f6@group-9480A39DA203-StateMachineUpdater: Took a snapshot at index 0
2021-08-11 09:33:57,388 [b60ee0fa-9875-4659-a992-15428cc237f6@group-9480A39DA203-StateMachineUpdater] INFO  impl.StateMachineUpdater (StateMachineUpdater.java:lambda$new$0(89)) - b60ee0fa-9875-4659-a992-15428cc237f6@group-9480A39DA203-StateMachineUpdater: snapshotIndex: updateIncreasingly -1 -> 0
2021-08-11 09:33:57,389 [ForkJoinPool.commonPool-worker-1] INFO  server.RaftServer$Division (ServerState.java:close(419)) - b60ee0fa-9875-4659-a992-15428cc237f6@group-9480A39DA203: closes. applyIndex: 0
2021-08-11 09:33:57,389 [b60ee0fa-9875-4659-a992-15428cc237f6@group-9480A39DA203-SegmentedRaftLogWorker] INFO  segmented.SegmentedRaftLogWorker (SegmentedRaftLogWorker.java:run(327)) - b60ee0fa-9875-4659-a992-15428cc237f6@group-9480A39DA203-SegmentedRaftLogWorker was interrupted, exiting. There are 0 tasks remaining in the queue.
2021-08-11 09:33:57,390 [ForkJoinPool.commonPool-worker-1] INFO  segmented.SegmentedRaftLogWorker (SegmentedRaftLogWorker.java:close(237)) - b60ee0fa-9875-4659-a992-15428cc237f6@group-9480A39DA203-SegmentedRaftLogWorker close()
2021-08-11 09:33:57,391 [ForkJoinPool.commonPool-worker-1] INFO  server.RaftServer$Division (RaftServerImpl.java:lambda$close$4(407)) - b60ee0fa-9875-4659-a992-15428cc237f6@group-D6D58FE81DD1: shutdown
2021-08-11 09:33:57,391 [ForkJoinPool.commonPool-worker-1] INFO  util.JmxRegister (JmxRegister.java:unregister(73)) - Successfully un-registered JMX Bean with object name Ratis:service=RaftServer,group=group-D6D58FE81DD1,id=b60ee0fa-9875-4659-a992-15428cc237f6
2021-08-11 09:33:57,391 [ForkJoinPool.commonPool-worker-1] INFO  impl.RoleInfo (RoleInfo.java:shutdownFollowerState(108)) - b60ee0fa-9875-4659-a992-15428cc237f6: shutdown b60ee0fa-9875-4659-a992-15428cc237f6@group-D6D58FE81DD1-FollowerState
2021-08-11 09:33:57,391 [b60ee0fa-9875-4659-a992-15428cc237f6@group-D6D58FE81DD1-FollowerState] INFO  impl.FollowerState (FollowerState.java:run(143)) - b60ee0fa-9875-4659-a992-15428cc237f6@group-D6D58FE81DD1-FollowerState was interrupted: {}
java.lang.InterruptedException: sleep interrupted
	at java.lang.Thread.sleep(Native Method)
	at java.lang.Thread.sleep(Thread.java:340)
	at java.util.concurrent.TimeUnit.sleep(TimeUnit.java:386)
	at org.apache.ratis.util.TimeDuration.sleep(TimeDuration.java:324)
	at org.apache.ratis.util.TimeDuration.sleep(TimeDuration.java:309)
	at org.apache.ratis.server.impl.FollowerState.run(FollowerState.java:118)
2021-08-11 09:33:57,397 [ForkJoinPool.commonPool-worker-1] INFO  impl.StateMachineUpdater (StateMachineUpdater.java:stopAndJoin(149)) - b60ee0fa-9875-4659-a992-15428cc237f6@group-D6D58FE81DD1-StateMachineUpdater: set stopIndex = 0
2021-08-11 09:33:57,397 [b60ee0fa-9875-4659-a992-15428cc237f6@group-D6D58FE81DD1-StateMachineUpdater] INFO  ratis.ContainerStateMachine (ContainerStateMachine.java:takeSnapshot(293)) - group-D6D58FE81DD1: Taking a snapshot at:(t:11, i:0) file /home/runner/work/ozone/ozone/hadoop-ozone/integration-test/target/test-dir/MiniOzoneClusterImpl-79444004-0aa8-43fe-bb54-6fbc032fba86/datanode-2/data/ratis/93341c1c-b166-4b08-966e-d6d58fe81dd1/sm/snapshot.11_0
2021-08-11 09:33:57,398 [b60ee0fa-9875-4659-a992-15428cc237f6@group-D6D58FE81DD1-StateMachineUpdater] INFO  ratis.ContainerStateMachine (ContainerStateMachine.java:takeSnapshot(304)) - group-D6D58FE81DD1: Finished taking a snapshot at:(t:11, i:0) file:/home/runner/work/ozone/ozone/hadoop-ozone/integration-test/target/test-dir/MiniOzoneClusterImpl-79444004-0aa8-43fe-bb54-6fbc032fba86/datanode-2/data/ratis/93341c1c-b166-4b08-966e-d6d58fe81dd1/sm/snapshot.11_0 took: 0 ms
2021-08-11 09:33:57,398 [b60ee0fa-9875-4659-a992-15428cc237f6@group-D6D58FE81DD1-StateMachineUpdater] INFO  impl.StateMachineUpdater (StateMachineUpdater.java:takeSnapshot(281)) - b60ee0fa-9875-4659-a992-15428cc237f6@group-D6D58FE81DD1-StateMachineUpdater: Took a snapshot at index 0
2021-08-11 09:33:57,398 [b60ee0fa-9875-4659-a992-15428cc237f6@group-D6D58FE81DD1-StateMachineUpdater] INFO  impl.StateMachineUpdater (StateMachineUpdater.java:lambda$new$0(89)) - b60ee0fa-9875-4659-a992-15428cc237f6@group-D6D58FE81DD1-StateMachineUpdater: snapshotIndex: updateIncreasingly -1 -> 0
2021-08-11 09:33:57,399 [ForkJoinPool.commonPool-worker-1] INFO  server.RaftServer$Division (ServerState.java:close(419)) - b60ee0fa-9875-4659-a992-15428cc237f6@group-D6D58FE81DD1: closes. applyIndex: 0
2021-08-11 09:33:57,399 [b60ee0fa-9875-4659-a992-15428cc237f6@group-D6D58FE81DD1-SegmentedRaftLogWorker] INFO  segmented.SegmentedRaftLogWorker (SegmentedRaftLogWorker.java:run(327)) - b60ee0fa-9875-4659-a992-15428cc237f6@group-D6D58FE81DD1-SegmentedRaftLogWorker was interrupted, exiting. There are 0 tasks remaining in the queue.
2021-08-11 09:33:57,421 [ForkJoinPool.commonPool-worker-1] INFO  segmented.SegmentedRaftLogWorker (SegmentedRaftLogWorker.java:close(237)) - b60ee0fa-9875-4659-a992-15428cc237f6@group-D6D58FE81DD1-SegmentedRaftLogWorker close()
2021-08-11 09:33:57,435 [ForkJoinPool.commonPool-worker-1] INFO  server.GrpcService (GrpcService.java:closeImpl(262)) - b60ee0fa-9875-4659-a992-15428cc237f6: shutdown server with port 40875 now
2021-08-11 09:33:57,445 [ForkJoinPool.commonPool-worker-1] INFO  server.GrpcService (GrpcService.java:closeImpl(271)) - b60ee0fa-9875-4659-a992-15428cc237f6: shutdown server with port 40875 successfully
2021-08-11 09:33:57,445 [org.apache.ratis.util.JvmPauseMonitor$$Lambda$531/1810552158@c367cf2] INFO  util.JvmPauseMonitor (JvmPauseMonitor.java:run(109)) - JvmPauseMonitor-b60ee0fa-9875-4659-a992-15428cc237f6: Stopped
2021-08-11 09:33:57,461 [ForkJoinPool.commonPool-worker-1] INFO  utils.BackgroundService (BackgroundService.java:shutdown(132)) - Shutting down service BlockDeletingService
2021-08-11 09:34:00,468 [ForkJoinPool.commonPool-worker-1] INFO  statemachine.DatanodeStateMachine (DatanodeStateMachine.java:stopDaemon(515)) - Ozone container server stopped.
2021-08-11 09:34:00,470 [ForkJoinPool.commonPool-worker-1] INFO  handler.ContextHandler (ContextHandler.java:doStop(1153)) - Stopped o.e.j.w.WebAppContext@afc3e43{hddsDatanode,/,null,STOPPED}{jar:file:/home/runner/.m2/repository/org/apache/ozone/hdds-container-service/1.2.0-SNAPSHOT/hdds-container-service-1.2.0-SNAPSHOT.jar!/webapps/hddsDatanode}
2021-08-11 09:34:00,473 [ForkJoinPool.commonPool-worker-1] INFO  server.AbstractConnector (AbstractConnector.java:doStop(381)) - Stopped ServerConnector@25ed9712{HTTP/1.1, (http/1.1)}{0.0.0.0:0}
2021-08-11 09:34:00,473 [ForkJoinPool.commonPool-worker-1] INFO  server.session (HouseKeeper.java:stopScavenging(149)) - node0 Stopped scavenging
2021-08-11 09:34:00,474 [ForkJoinPool.commonPool-worker-1] INFO  handler.ContextHandler (ContextHandler.java:doStop(1153)) - Stopped o.e.j.s.ServletContextHandler@100582fd{static,/static,jar:file:/home/runner/.m2/repository/org/apache/ozone/hdds-container-service/1.2.0-SNAPSHOT/hdds-container-service-1.2.0-SNAPSHOT.jar!/webapps/static,STOPPED}
2021-08-11 09:34:00,475 [ForkJoinPool.commonPool-worker-1] INFO  handler.ContextHandler (ContextHandler.java:doStop(1153)) - Stopped o.e.j.s.ServletContextHandler@207d19e5{logs,/logs,file:///home/runner/work/ozone/ozone/hadoop-ozone/integration-test/target/log,STOPPED}
2021-08-11 09:34:00,480 [Time-limited test] INFO  ozone.MiniOzoneClusterImpl (MiniOzoneClusterImpl.java:stopSCM(542)) - Stopping the StorageContainerManager
2021-08-11 09:34:00,480 [Time-limited test] INFO  server.StorageContainerManager (StorageContainerManager.java:stop(1338)) - Stopping Replication Manager Service.
2021-08-11 09:34:00,480 [Time-limited test] INFO  container.ReplicationManager (ReplicationManager.java:stop(317)) - Stopping Replication Monitor Thread.
2021-08-11 09:34:00,480 [Time-limited test] INFO  server.StorageContainerManager (StorageContainerManager.java:stop(1345)) - Stopping the Datanode Admin Monitor.
2021-08-11 09:34:00,480 [Time-limited test] INFO  server.StorageContainerManager (StorageContainerManager.java:stop(1352)) - Stopping Lease Manager of the command watchers
2021-08-11 09:34:00,480 [Time-limited test] INFO  server.StorageContainerManager (StorageContainerManager.java:stop(1359)) - Stopping datanode service RPC server
2021-08-11 09:34:00,480 [Time-limited test] INFO  server.SCMDatanodeProtocolServer (SCMDatanodeProtocolServer.java:stop(389)) - Stopping the RPC server for DataNodes
2021-08-11 09:34:00,481 [Time-limited test] INFO  ipc.Server (Server.java:stop(3414)) - Stopping server on 33227
2021-08-11 09:34:00,483 [IPC Server Responder] INFO  ipc.Server (Server.java:run(1512)) - Stopping IPC Server Responder
2021-08-11 09:34:00,483 [IPC Server listener on 0] INFO  ipc.Server (Server.java:run(1376)) - Stopping IPC Server listener on 0
2021-08-11 09:34:00,542 [SCM Heartbeat Processing Thread - 0] WARN  node.NodeStateManager (NodeStateManager.java:scheduleNextHealthCheck(799)) - Current Thread is interrupted, shutting down HB processing thread for Node Manager.
2021-08-11 09:34:00,543 [Time-limited test] INFO  server.StorageContainerManager (StorageContainerManager.java:stop(1367)) - Stopping block service RPC server
2021-08-11 09:34:00,543 [Time-limited test] INFO  server.SCMBlockProtocolServer (SCMBlockProtocolServer.java:stop(160)) - Stopping the RPC server for Block Protocol
2021-08-11 09:34:00,547 [Time-limited test] INFO  ipc.Server (Server.java:stop(3414)) - Stopping server on 36959
2021-08-11 09:34:00,553 [IPC Server listener on 0] INFO  ipc.Server (Server.java:run(1376)) - Stopping IPC Server listener on 0
2021-08-11 09:34:00,553 [IPC Server Responder] INFO  ipc.Server (Server.java:run(1512)) - Stopping IPC Server Responder
2021-08-11 09:34:00,557 [Time-limited test] INFO  server.StorageContainerManager (StorageContainerManager.java:stop(1374)) - Stopping the StorageContainerLocationProtocol RPC server
2021-08-11 09:34:00,557 [Time-limited test] INFO  server.SCMClientProtocolServer (SCMClientProtocolServer.java:stop(174)) - Stopping the RPC server for Client Protocol
2021-08-11 09:34:00,559 [Time-limited test] INFO  ipc.Server (Server.java:stop(3414)) - Stopping server on 43613
2021-08-11 09:34:00,561 [IPC Server listener on 0] INFO  ipc.Server (Server.java:run(1376)) - Stopping IPC Server listener on 0
2021-08-11 09:34:00,561 [IPC Server Responder] INFO  ipc.Server (Server.java:run(1512)) - Stopping IPC Server Responder
2021-08-11 09:34:00,563 [Time-limited test] INFO  server.StorageContainerManager (StorageContainerManager.java:stop(1381)) - Stopping Storage Container Manager HTTP server.
2021-08-11 09:34:00,566 [Time-limited test] INFO  handler.ContextHandler (ContextHandler.java:doStop(1153)) - Stopped o.e.j.w.WebAppContext@31e6dad7{scm,/,null,STOPPED}{file:/home/runner/work/ozone/ozone/hadoop-ozone/integration-test/target/test-classes/webapps/scm}
2021-08-11 09:34:00,567 [Time-limited test] INFO  server.AbstractConnector (AbstractConnector.java:doStop(381)) - Stopped ServerConnector@381583ba{HTTP/1.1, (http/1.1)}{0.0.0.0:0}
2021-08-11 09:34:00,567 [Time-limited test] INFO  server.session (HouseKeeper.java:stopScavenging(149)) - node0 Stopped scavenging
2021-08-11 09:34:00,567 [Time-limited test] INFO  handler.ContextHandler (ContextHandler.java:doStop(1153)) - Stopped o.e.j.s.ServletContextHandler@434447f6{static,/static,file:///home/runner/work/ozone/ozone/hadoop-ozone/integration-test/target/test-classes/webapps/static,STOPPED}
2021-08-11 09:34:00,568 [Time-limited test] INFO  handler.ContextHandler (ContextHandler.java:doStop(1153)) - Stopped o.e.j.s.ServletContextHandler@70c20a5e{logs,/logs,file:///home/runner/work/ozone/ozone/hadoop-ozone/integration-test/target/log,STOPPED}
2021-08-11 09:34:00,568 [Time-limited test] INFO  server.StorageContainerManager (StorageContainerManager.java:stop(1392)) - Stopping Block Manager Service.
2021-08-11 09:34:00,568 [Time-limited test] INFO  utils.BackgroundService (BackgroundService.java:shutdown(132)) - Shutting down service SCMBlockDeletingService
2021-08-11 09:34:00,568 [Time-limited test] INFO  utils.BackgroundService (BackgroundService.java:shutdown(132)) - Shutting down service SCMBlockDeletingService
2021-08-11 09:34:00,569 [Time-limited test] INFO  server.StorageContainerManager (StorageContainerManager.java:stop(1419)) - Stopping SCM Event Queue.
2021-08-11 09:34:00,575 [Time-limited test] INFO  server.StorageContainerManager (StorageContainerManager.java:stop(1430)) - Stopping SCM HA services.
2021-08-11 09:34:00,576 [Time-limited test] INFO  pipeline.BackgroundPipelineCreator (BackgroundPipelineCreatorV2.java:stop(158)) - Stopping RatisPipelineUtilsThread.
2021-08-11 09:34:00,576 [Time-limited test] INFO  server.StorageContainerManager (StorageContainerManager.java:stop(1440)) - Stopping SCM MetadataStore.
2021-08-11 09:34:00,577 [Time-limited test] INFO  impl.MetricsSystemImpl (MetricsSystemImpl.java:stop(210)) - Stopping HddsDatanode metrics system...
2021-08-11 09:34:00,578 [prometheus] INFO  impl.MetricsSinkAdapter (MetricsSinkAdapter.java:publishMetricsFromQueue(141)) - prometheus thread interrupted.
2021-08-11 09:34:00,581 [Time-limited test] INFO  impl.MetricsSystemImpl (MetricsSystemImpl.java:stop(216)) - HddsDatanode metrics system stopped.
]]></system-out>
  </testcase>
  <testcase name="testDNstartAfterSCM" classname="org.apache.hadoop.ozone.TestMiniOzoneCluster" time="78.519"/>
  <testcase name="testDatanodeIDPersistent" classname="org.apache.hadoop.ozone.TestMiniOzoneCluster" time="0.112"/>
  <testcase name="testContainerRandomPort" classname="org.apache.hadoop.ozone.TestMiniOzoneCluster" time="19.587"/>
</testsuite>