<?xml version="1.0" encoding="UTF-8"?>
<testsuite xmlns:xsi="http://www.w3.org/2001/XMLSchema-instance" xsi:noNamespaceSchemaLocation="https://maven.apache.org/surefire/maven-surefire-plugin/xsd/surefire-test-report-3.0.xsd" version="3.0" name="org.apache.hadoop.ozone.client.rpc.TestWatchForCommit" time="49.1" tests="1" errors="0" skipped="0" failures="0">
  <properties>
    <property name="java.specification.version" value="17"/>
    <property name="sun.jnu.encoding" value="UTF-8"/>
    <property name="gradle.enterprise.listener.surefire.forkId" value="1"/>
    <property name="java.class.path" value="/home/runner/work/ozone/ozone/hadoop-ozone/integration-test/target/test-classes:/home/runner/work/ozone/ozone/hadoop-ozone/integration-test/target/classes:/home/runner/work/ozone/ozone/hadoop-ozone/common/target/classes:/home/runner/.m2/repository/io/grpc/grpc-netty/1.58.0/grpc-netty-1.58.0.jar:/home/runner/.m2/repository/io/grpc/grpc-core/1.58.0/grpc-core-1.58.0.jar:/home/runner/.m2/repository/com/google/android/annotations/4.1.1.4/annotations-4.1.1.4.jar:/home/runner/.m2/repository/org/codehaus/mojo/animal-sniffer-annotations/1.23/animal-sniffer-annotations-1.23.jar:/home/runner/.m2/repository/io/grpc/grpc-context/1.58.0/grpc-context-1.58.0.jar:/home/runner/.m2/repository/io/grpc/grpc-util/1.58.0/grpc-util-1.58.0.jar:/home/runner/.m2/repository/com/google/errorprone/error_prone_annotations/2.2.0/error_prone_annotations-2.2.0.jar:/home/runner/.m2/repository/io/perfmark/perfmark-api/0.26.0/perfmark-api-0.26.0.jar:/home/runner/.m2/repository/io/netty/netty-codec-http2/4.1.100.Final/netty-codec-http2-4.1.100.Final.jar:/home/runner/.m2/repository/io/netty/netty-common/4.1.100.Final/netty-common-4.1.100.Final.jar:/home/runner/.m2/repository/io/netty/netty-buffer/4.1.100.Final/netty-buffer-4.1.100.Final.jar:/home/runner/.m2/repository/io/netty/netty-codec-http/4.1.100.Final/netty-codec-http-4.1.100.Final.jar:/home/runner/.m2/repository/io/netty/netty-handler-proxy/4.1.100.Final/netty-handler-proxy-4.1.100.Final.jar:/home/runner/.m2/repository/io/netty/netty-codec-socks/4.1.100.Final/netty-codec-socks-4.1.100.Final.jar:/home/runner/.m2/repository/io/netty/netty-tcnative-boringssl-static/2.0.61.Final/netty-tcnative-boringssl-static-2.0.61.Final.jar:/home/runner/.m2/repository/io/netty/netty-tcnative-classes/2.0.61.Final/netty-tcnative-classes-2.0.61.Final.jar:/home/runner/.m2/repository/io/netty/netty-tcnative-boringssl-static/2.0.61.Final/netty-tcnative-boringssl-static-2.0.61.Final-linux-x86_64.jar:/home/runner/.m2/repository/io/netty/netty-tcnative-boringssl-static/2.0.61.Final/netty-tcnative-boringssl-static-2.0.61.Final-linux-aarch_64.jar:/home/runner/.m2/repository/io/netty/netty-tcnative-boringssl-static/2.0.61.Final/netty-tcnative-boringssl-static-2.0.61.Final-osx-x86_64.jar:/home/runner/.m2/repository/io/netty/netty-tcnative-boringssl-static/2.0.61.Final/netty-tcnative-boringssl-static-2.0.61.Final-osx-aarch_64.jar:/home/runner/.m2/repository/io/netty/netty-tcnative-boringssl-static/2.0.61.Final/netty-tcnative-boringssl-static-2.0.61.Final-windows-x86_64.jar:/home/runner/.m2/repository/org/apache/commons/commons-compress/1.26.0/commons-compress-1.26.0.jar:/home/runner/work/ozone/ozone/hadoop-hdds/common/target/classes:/home/runner/work/ozone/ozone/hadoop-hdds/client/target/classes:/home/runner/work/ozone/ozone/hadoop-ozone/interface-client/target/classes:/home/runner/.m2/repository/org/apache/hadoop/hadoop-hdfs-client/3.3.6/hadoop-hdfs-client-3.3.6.jar:/home/runner/.m2/repository/com/squareup/okhttp3/okhttp/4.12.0/okhttp-4.12.0.jar:/home/runner/.m2/repository/com/squareup/okio/okio/3.6.0/okio-3.6.0.jar:/home/runner/.m2/repository/com/squareup/okio/okio-jvm/3.6.0/okio-jvm-3.6.0.jar:/home/runner/.m2/repository/org/jetbrains/kotlin/kotlin-stdlib-jdk8/1.9.22/kotlin-stdlib-jdk8-1.9.22.jar:/home/runner/.m2/repository/org/jetbrains/kotlin/kotlin-stdlib-jdk7/1.9.22/kotlin-stdlib-jdk7-1.9.22.jar:/home/runner/.m2/repository/org/jetbrains/kotlin/kotlin-stdlib-common/1.9.22/kotlin-stdlib-common-1.9.22.jar:/home/runner/work/ozone/ozone/hadoop-hdds/test-utils/target/classes:/home/runner/.m2/repository/org/assertj/assertj-core/3.12.2/assertj-core-3.12.2.jar:/home/runner/.m2/repository/com/google/guava/guava/32.1.3-jre/guava-32.1.3-jre.jar:/home/runner/.m2/repository/com/google/guava/failureaccess/1.0.1/failureaccess-1.0.1.jar:/home/runner/.m2/repository/com/google/guava/listenablefuture/9999.0-empty-to-avoid-conflict-with-guava/listenablefuture-9999.0-empty-to-avoid-conflict-with-guava.jar:/home/runner/.m2/repository/org/checkerframework/checker-qual/3.37.0/checker-qual-3.37.0.jar:/home/runner/.m2/repository/com/google/j2objc/j2objc-annotations/2.8/j2objc-annotations-2.8.jar:/home/runner/.m2/repository/commons-io/commons-io/2.16.1/commons-io-2.16.1.jar:/home/runner/.m2/repository/commons-logging/commons-logging/1.2/commons-logging-1.2.jar:/home/runner/.m2/repository/org/junit/jupiter/junit-jupiter-api/5.10.2/junit-jupiter-api-5.10.2.jar:/home/runner/.m2/repository/org/opentest4j/opentest4j/1.3.0/opentest4j-1.3.0.jar:/home/runner/.m2/repository/org/junit/platform/junit-platform-commons/1.10.2/junit-platform-commons-1.10.2.jar:/home/runner/.m2/repository/ch/qos/reload4j/reload4j/1.2.25/reload4j-1.2.25.jar:/home/runner/.m2/repository/jakarta/annotation/jakarta.annotation-api/2.1.1/jakarta.annotation-api-2.1.1.jar:/home/runner/.m2/repository/org/slf4j/slf4j-api/2.0.12/slf4j-api-2.0.12.jar:/home/runner/.m2/repository/org/apache/logging/log4j/log4j-api/2.17.1/log4j-api-2.17.1.jar:/home/runner/work/ozone/ozone/hadoop-hdds/server-scm/target/classes:/home/runner/.m2/repository/com/google/protobuf/protobuf-java/2.5.0/protobuf-java-2.5.0.jar:/home/runner/work/ozone/ozone/hadoop-hdds/container-service/target/classes:/home/runner/work/ozone/ozone/hadoop-hdds/hadoop-dependency-server/target/classes:/home/runner/.m2/repository/com/nimbusds/nimbus-jose-jwt/9.37.2/nimbus-jose-jwt-9.37.2.jar:/home/runner/.m2/repository/com/github/stephenc/jcip/jcip-annotations/1.0-1/jcip-annotations-1.0-1.jar:/home/runner/.m2/repository/org/apache/hadoop/hadoop-hdfs/3.3.6/hadoop-hdfs-3.3.6.jar:/home/runner/.m2/repository/commons-daemon/commons-daemon/1.3.4/commons-daemon-1.3.4.jar:/home/runner/.m2/repository/org/xerial/snappy/snappy-java/1.1.10.5/snappy-java-1.1.10.5.jar:/home/runner/work/ozone/ozone/hadoop-hdds/framework/target/classes:/home/runner/.m2/repository/org/bouncycastle/bcprov-jdk18on/1.77/bcprov-jdk18on-1.77.jar:/home/runner/.m2/repository/io/dropwizard/metrics/metrics-core/3.2.4/metrics-core-3.2.4.jar:/home/runner/.m2/repository/org/apache/commons/commons-text/1.11.0/commons-text-1.11.0.jar:/home/runner/work/ozone/ozone/hadoop-hdds/framework/target/test-classes:/home/runner/work/ozone/ozone/hadoop-hdds/interface-server/target/classes:/home/runner/work/ozone/ozone/hadoop-hdds/interface-admin/target/classes:/home/runner/work/ozone/ozone/hadoop-hdds/managed-rocksdb/target/classes:/home/runner/.m2/repository/org/rocksdb/rocksdbjni/7.7.3/rocksdbjni-7.7.3.jar:/home/runner/.m2/repository/org/slf4j/slf4j-reload4j/2.0.12/slf4j-reload4j-2.0.12.jar:/home/runner/.m2/repository/org/apache/commons/commons-configuration2/2.10.1/commons-configuration2-2.10.1.jar:/home/runner/.m2/repository/commons-fileupload/commons-fileupload/1.5/commons-fileupload-1.5.jar:/home/runner/.m2/repository/org/apache/logging/log4j/log4j-core/2.17.1/log4j-core-2.17.1.jar:/home/runner/.m2/repository/com/lmax/disruptor/3.4.4/disruptor-3.4.4.jar:/home/runner/.m2/repository/org/eclipse/jetty/jetty-util/9.4.54.v20240208/jetty-util-9.4.54.v20240208.jar:/home/runner/.m2/repository/org/eclipse/jetty/jetty-server/9.4.54.v20240208/jetty-server-9.4.54.v20240208.jar:/home/runner/.m2/repository/org/eclipse/jetty/jetty-http/9.4.54.v20240208/jetty-http-9.4.54.v20240208.jar:/home/runner/.m2/repository/org/eclipse/jetty/jetty-io/9.4.54.v20240208/jetty-io-9.4.54.v20240208.jar:/home/runner/.m2/repository/org/eclipse/jetty/jetty-servlet/9.4.54.v20240208/jetty-servlet-9.4.54.v20240208.jar:/home/runner/.m2/repository/org/eclipse/jetty/jetty-security/9.4.54.v20240208/jetty-security-9.4.54.v20240208.jar:/home/runner/.m2/repository/org/eclipse/jetty/jetty-util-ajax/9.4.54.v20240208/jetty-util-ajax-9.4.54.v20240208.jar:/home/runner/.m2/repository/org/eclipse/jetty/jetty-webapp/9.4.54.v20240208/jetty-webapp-9.4.54.v20240208.jar:/home/runner/.m2/repository/org/eclipse/jetty/jetty-xml/9.4.54.v20240208/jetty-xml-9.4.54.v20240208.jar:/home/runner/.m2/repository/org/apache/ratis/ratis-server/3.0.1/ratis-server-3.0.1.jar:/home/runner/.m2/repository/org/apache/ratis/ratis-thirdparty-misc/1.0.5/ratis-thirdparty-misc-1.0.5.jar:/home/runner/.m2/repository/org/apache/ratis/ratis-proto/3.0.1/ratis-proto-3.0.1.jar:/home/runner/.m2/repository/org/apache/ratis/ratis-common/3.0.1/ratis-common-3.0.1.jar:/home/runner/.m2/repository/org/apache/ratis/ratis-client/3.0.1/ratis-client-3.0.1.jar:/home/runner/.m2/repository/org/apache/ratis/ratis-server-api/3.0.1/ratis-server-api-3.0.1.jar:/home/runner/.m2/repository/org/apache/ratis/ratis-metrics-api/3.0.1/ratis-metrics-api-3.0.1.jar:/home/runner/.m2/repository/org/apache/ratis/ratis-metrics-dropwizard3/3.0.1/ratis-metrics-dropwizard3-3.0.1.jar:/home/runner/.m2/repository/io/prometheus/simpleclient_dropwizard/0.16.0/simpleclient_dropwizard-0.16.0.jar:/home/runner/.m2/repository/io/prometheus/simpleclient/0.16.0/simpleclient-0.16.0.jar:/home/runner/.m2/repository/io/prometheus/simpleclient_common/0.16.0/simpleclient_common-0.16.0.jar:/home/runner/.m2/repository/com/fasterxml/jackson/datatype/jackson-datatype-jsr310/2.16.1/jackson-datatype-jsr310-2.16.1.jar:/home/runner/.m2/repository/com/fasterxml/jackson/core/jackson-core/2.16.1/jackson-core-2.16.1.jar:/home/runner/work/ozone/ozone/hadoop-hdds/rocksdb-checkpoint-differ/target/classes:/home/runner/.m2/repository/org/jgrapht/jgrapht-core/1.4.0/jgrapht-core-1.4.0.jar:/home/runner/.m2/repository/org/jheaps/jheaps/0.11/jheaps-0.11.jar:/home/runner/.m2/repository/org/jgrapht/jgrapht-ext/1.4.0/jgrapht-ext-1.4.0.jar:/home/runner/.m2/repository/com/github/vlsi/mxgraph/jgraphx/3.9.8.1/jgraphx-3.9.8.1.jar:/home/runner/work/ozone/ozone/hadoop-ozone/ozone-manager/target/classes:/home/runner/.m2/repository/org/aspectj/aspectjrt/1.9.7/aspectjrt-1.9.7.jar:/home/runner/.m2/repository/org/aspectj/aspectjweaver/1.9.7/aspectjweaver-1.9.7.jar:/home/runner/work/ozone/ozone/hadoop-hdds/interface-client/target/classes:/home/runner/.m2/repository/org/apache/hadoop/thirdparty/hadoop-shaded-protobuf_3_7/1.1.1/hadoop-shaded-protobuf_3_7-1.1.1.jar:/home/runner/work/ozone/ozone/hadoop-ozone/interface-storage/target/classes:/home/runner/.m2/repository/org/reflections/reflections/0.10.2/reflections-0.10.2.jar:/home/runner/.m2/repository/com/sun/jersey/jersey-client/1.19.4/jersey-client-1.19.4.jar:/home/runner/.m2/repository/org/codehaus/jackson/jackson-core-asl/1.9.13/jackson-core-asl-1.9.13.jar:/home/runner/.m2/repository/org/codehaus/jackson/jackson-mapper-asl/1.9.13/jackson-mapper-asl-1.9.13.jar:/home/runner/.m2/repository/org/codehaus/jackson/jackson-jaxrs/1.9.13/jackson-jaxrs-1.9.13.jar:/home/runner/.m2/repository/org/apache/ranger/ranger-intg/2.3.0/ranger-intg-2.3.0.jar:/home/runner/.m2/repository/org/apache/ranger/ranger-plugins-common/2.3.0/ranger-plugins-common-2.3.0.jar:/home/runner/.m2/repository/commons-lang/commons-lang/2.6/commons-lang-2.6.jar:/home/runner/.m2/repository/org/apache/ranger/ranger-plugins-cred/2.3.0/ranger-plugins-cred-2.3.0.jar:/home/runner/.m2/repository/org/apache/ranger/ranger-plugins-audit/2.3.0/ranger-plugins-audit-2.3.0.jar:/home/runner/.m2/repository/org/eclipse/jetty/jetty-client/9.4.54.v20240208/jetty-client-9.4.54.v20240208.jar:/home/runner/.m2/repository/org/apache/httpcomponents/httpmime/4.5.6/httpmime-4.5.6.jar:/home/runner/.m2/repository/org/apache/httpcomponents/httpcore-nio/4.4.16/httpcore-nio-4.4.16.jar:/home/runner/.m2/repository/org/apache/httpcomponents/httpasyncclient/4.1.3/httpasyncclient-4.1.3.jar:/home/runner/.m2/repository/com/carrotsearch/hppc/0.8.0/hppc-0.8.0.jar:/home/runner/.m2/repository/org/apache/orc/orc-core/1.5.8/orc-core-1.5.8.jar:/home/runner/.m2/repository/net/java/dev/jna/jna/5.2.0/jna-5.2.0.jar:/home/runner/.m2/repository/net/java/dev/jna/jna-platform/5.2.0/jna-platform-5.2.0.jar:/home/runner/.m2/repository/com/kstruct/gethostname4j/0.0.2/gethostname4j-0.0.2.jar:/home/runner/.m2/repository/org/apache/ranger/ranger-plugin-classloader/2.3.0/ranger-plugin-classloader-2.3.0.jar:/home/runner/work/ozone/ozone/hadoop-hdds/rocks-native/target/classes:/home/runner/.m2/repository/org/apache/hadoop/hadoop-minikdc/3.3.6/hadoop-minikdc-3.3.6.jar:/home/runner/.m2/repository/org/apache/kerby/kerb-simplekdc/1.0.1/kerb-simplekdc-1.0.1.jar:/home/runner/.m2/repository/org/apache/kerby/kerb-client/1.0.1/kerb-client-1.0.1.jar:/home/runner/.m2/repository/org/apache/kerby/kerby-config/1.0.1/kerby-config-1.0.1.jar:/home/runner/.m2/repository/org/apache/kerby/kerb-common/1.0.1/kerb-common-1.0.1.jar:/home/runner/.m2/repository/org/apache/kerby/kerb-crypto/1.0.1/kerb-crypto-1.0.1.jar:/home/runner/.m2/repository/org/apache/kerby/kerb-util/1.0.1/kerb-util-1.0.1.jar:/home/runner/.m2/repository/org/apache/kerby/token-provider/1.0.1/token-provider-1.0.1.jar:/home/runner/.m2/repository/org/apache/kerby/kerb-admin/1.0.1/kerb-admin-1.0.1.jar:/home/runner/.m2/repository/org/apache/kerby/kerb-server/1.0.1/kerb-server-1.0.1.jar:/home/runner/.m2/repository/org/apache/kerby/kerb-identity/1.0.1/kerb-identity-1.0.1.jar:/home/runner/.m2/repository/org/apache/kerby/kerby-xdr/1.0.1/kerby-xdr-1.0.1.jar:/home/runner/.m2/repository/junit/junit/4.13.2/junit-4.13.2.jar:/home/runner/.m2/repository/org/hamcrest/hamcrest-core/1.3/hamcrest-core-1.3.jar:/home/runner/work/ozone/ozone/hadoop-ozone/s3gateway/target/classes:/home/runner/.m2/repository/org/javassist/javassist/3.30.2-GA/javassist-3.30.2-GA.jar:/home/runner/.m2/repository/org/jboss/weld/servlet/weld-servlet-shaded/3.1.9.Final/weld-servlet-shaded-3.1.9.Final.jar:/home/runner/.m2/repository/org/glassfish/jersey/containers/jersey-container-servlet-core/2.42/jersey-container-servlet-core-2.42.jar:/home/runner/.m2/repository/org/glassfish/hk2/external/jakarta.inject/2.6.1/jakarta.inject-2.6.1.jar:/home/runner/.m2/repository/org/glassfish/jersey/core/jersey-common/2.42/jersey-common-2.42.jar:/home/runner/.m2/repository/jakarta/ws/rs/jakarta.ws.rs-api/2.1.6/jakarta.ws.rs-api-2.1.6.jar:/home/runner/.m2/repository/org/glassfish/jersey/ext/cdi/jersey-cdi1x/2.42/jersey-cdi1x-2.42.jar:/home/runner/.m2/repository/org/glassfish/jersey/inject/jersey-hk2/2.42/jersey-hk2-2.42.jar:/home/runner/.m2/repository/org/glassfish/hk2/hk2-locator/2.6.1/hk2-locator-2.6.1.jar:/home/runner/.m2/repository/org/glassfish/jersey/media/jersey-media-jaxb/2.42/jersey-media-jaxb-2.42.jar:/home/runner/.m2/repository/org/glassfish/hk2/osgi-resource-locator/1.0.3/osgi-resource-locator-1.0.3.jar:/home/runner/.m2/repository/org/glassfish/hk2/hk2-api/2.6.1/hk2-api-2.6.1.jar:/home/runner/.m2/repository/org/glassfish/hk2/hk2-utils/2.6.1/hk2-utils-2.6.1.jar:/home/runner/.m2/repository/org/glassfish/hk2/external/aopalliance-repackaged/2.6.1/aopalliance-repackaged-2.6.1.jar:/home/runner/.m2/repository/com/fasterxml/jackson/dataformat/jackson-dataformat-xml/2.16.1/jackson-dataformat-xml-2.16.1.jar:/home/runner/.m2/repository/org/codehaus/woodstox/stax2-api/4.2.2/stax2-api-4.2.2.jar:/home/runner/.m2/repository/com/fasterxml/woodstox/woodstox-core/5.4.0/woodstox-core-5.4.0.jar:/home/runner/.m2/repository/com/fasterxml/jackson/module/jackson-module-jaxb-annotations/2.16.1/jackson-module-jaxb-annotations-2.16.1.jar:/home/runner/.m2/repository/javax/enterprise/cdi-api/2.0/cdi-api-2.0.jar:/home/runner/.m2/repository/javax/el/javax.el-api/3.0.0/javax.el-api-3.0.0.jar:/home/runner/.m2/repository/javax/interceptor/javax.interceptor-api/1.2/javax.interceptor-api-1.2.jar:/home/runner/.m2/repository/javax/inject/javax.inject/1/javax.inject-1.jar:/home/runner/.m2/repository/jakarta/xml/bind/jakarta.xml.bind-api/2.3.3/jakarta.xml.bind-api-2.3.3.jar:/home/runner/.m2/repository/org/glassfish/jaxb/jaxb-runtime/2.3.9/jaxb-runtime-2.3.9.jar:/home/runner/.m2/repository/org/glassfish/jaxb/txw2/2.3.9/txw2-2.3.9.jar:/home/runner/.m2/repository/com/sun/istack/istack-commons-runtime/3.0.12/istack-commons-runtime-3.0.12.jar:/home/runner/.m2/repository/com/sun/activation/jakarta.activation/1.2.2/jakarta.activation-1.2.2.jar:/home/runner/.m2/repository/jakarta/activation/jakarta.activation-api/1.2.2/jakarta.activation-api-1.2.2.jar:/home/runner/.m2/repository/io/grpc/grpc-protobuf/1.58.0/grpc-protobuf-1.58.0.jar:/home/runner/.m2/repository/com/google/api/grpc/proto-google-common-protos/2.22.0/proto-google-common-protos-2.22.0.jar:/home/runner/.m2/repository/io/grpc/grpc-protobuf-lite/1.58.0/grpc-protobuf-lite-1.58.0.jar:/home/runner/.m2/repository/io/grpc/grpc-stub/1.58.0/grpc-stub-1.58.0.jar:/home/runner/.m2/repository/io/netty/netty-transport/4.1.100.Final/netty-transport-4.1.100.Final.jar:/home/runner/.m2/repository/io/netty/netty-resolver/4.1.100.Final/netty-resolver-4.1.100.Final.jar:/home/runner/work/ozone/ozone/hadoop-ozone/csi/target/classes:/home/runner/.m2/repository/com/google/protobuf/protobuf-java-util/3.19.6/protobuf-java-util-3.19.6.jar:/home/runner/.m2/repository/com/google/code/gson/gson/2.10.1/gson-2.10.1.jar:/home/runner/work/ozone/ozone/hadoop-hdds/config/target/classes:/home/runner/.m2/repository/io/netty/netty-transport-native-epoll/4.1.100.Final/netty-transport-native-epoll-4.1.100.Final-linux-x86_64.jar:/home/runner/.m2/repository/io/netty/netty-transport-classes-epoll/4.1.100.Final/netty-transport-classes-epoll-4.1.100.Final.jar:/home/runner/.m2/repository/io/netty/netty-transport-native-unix-common/4.1.100.Final/netty-transport-native-unix-common-4.1.100.Final.jar:/home/runner/work/ozone/ozone/hadoop-ozone/recon/target/classes:/home/runner/work/ozone/ozone/hadoop-ozone/recon-codegen/target/classes:/home/runner/.m2/repository/com/google/inject/guice/6.0.0/guice-6.0.0.jar:/home/runner/.m2/repository/jakarta/inject/jakarta.inject-api/2.0.1/jakarta.inject-api-2.0.1.jar:/home/runner/.m2/repository/aopalliance/aopalliance/1.0/aopalliance-1.0.jar:/home/runner/.m2/repository/com/google/inject/extensions/guice-assistedinject/6.0.0/guice-assistedinject-6.0.0.jar:/home/runner/.m2/repository/com/google/inject/extensions/guice-servlet/6.0.0/guice-servlet-6.0.0.jar:/home/runner/.m2/repository/org/glassfish/jersey/containers/jersey-container-servlet/2.42/jersey-container-servlet-2.42.jar:/home/runner/.m2/repository/org/glassfish/hk2/guice-bridge/2.6.1/guice-bridge-2.6.1.jar:/home/runner/.m2/repository/org/glassfish/jersey/core/jersey-server/2.42/jersey-server-2.42.jar:/home/runner/.m2/repository/org/glassfish/jersey/core/jersey-client/2.42/jersey-client-2.42.jar:/home/runner/.m2/repository/jakarta/validation/jakarta.validation-api/2.0.2/jakarta.validation-api-2.0.2.jar:/home/runner/.m2/repository/org/glassfish/jersey/media/jersey-media-json-jackson/2.42/jersey-media-json-jackson-2.42.jar:/home/runner/.m2/repository/org/glassfish/jersey/ext/jersey-entity-filtering/2.42/jersey-entity-filtering-2.42.jar:/home/runner/.m2/repository/org/jooq/jooq/3.11.10/jooq-3.11.10.jar:/home/runner/.m2/repository/org/jooq/jooq-meta/3.11.10/jooq-meta-3.11.10.jar:/home/runner/.m2/repository/org/jooq/jooq-codegen/3.11.10/jooq-codegen-3.11.10.jar:/home/runner/.m2/repository/com/jolbox/bonecp/0.8.0.RELEASE/bonecp-0.8.0.RELEASE.jar:/home/runner/.m2/repository/org/apache/derby/derby/10.14.2.0/derby-10.14.2.0.jar:/home/runner/.m2/repository/org/xerial/sqlite-jdbc/3.44.1.0/sqlite-jdbc-3.44.1.0.jar:/home/runner/.m2/repository/org/springframework/spring-jdbc/5.3.27/spring-jdbc-5.3.27.jar:/home/runner/.m2/repository/org/springframework/spring-beans/5.3.27/spring-beans-5.3.27.jar:/home/runner/.m2/repository/org/springframework/spring-core/5.3.27/spring-core-5.3.27.jar:/home/runner/.m2/repository/org/springframework/spring-tx/5.3.27/spring-tx-5.3.27.jar:/home/runner/work/ozone/ozone/hadoop-ozone/client/target/classes:/home/runner/work/ozone/ozone/hadoop-hdds/erasurecode/target/classes:/home/runner/work/ozone/ozone/hadoop-ozone/ozonefs/target/classes:/home/runner/work/ozone/ozone/hadoop-ozone/ozonefs-common/target/classes:/home/runner/work/ozone/ozone/hadoop-ozone/tools/target/classes:/home/runner/.m2/repository/com/amazonaws/aws-java-sdk-core/1.12.661/aws-java-sdk-core-1.12.661.jar:/home/runner/.m2/repository/org/apache/httpcomponents/httpclient/4.5.14/httpclient-4.5.14.jar:/home/runner/.m2/repository/org/apache/httpcomponents/httpcore/4.4.16/httpcore-4.4.16.jar:/home/runner/.m2/repository/com/fasterxml/jackson/dataformat/jackson-dataformat-cbor/2.16.1/jackson-dataformat-cbor-2.16.1.jar:/home/runner/.m2/repository/joda-time/joda-time/2.12.7/joda-time-2.12.7.jar:/home/runner/.m2/repository/com/amazonaws/aws-java-sdk-s3/1.12.661/aws-java-sdk-s3-1.12.661.jar:/home/runner/.m2/repository/com/amazonaws/aws-java-sdk-kms/1.12.661/aws-java-sdk-kms-1.12.661.jar:/home/runner/.m2/repository/com/amazonaws/jmespath-java/1.12.661/jmespath-java-1.12.661.jar:/home/runner/.m2/repository/org/kohsuke/metainf-services/metainf-services/1.11/metainf-services-1.11.jar:/home/runner/work/ozone/ozone/hadoop-hdds/tools/target/classes:/home/runner/.m2/repository/org/apache/ratis/ratis-tools/3.0.1/ratis-tools-3.0.1.jar:/home/runner/.m2/repository/commons-cli/commons-cli/1.6.0/commons-cli-1.6.0.jar:/home/runner/.m2/repository/org/apache/commons/commons-lang3/3.14.0/commons-lang3-3.14.0.jar:/home/runner/work/ozone/ozone/hadoop-ozone/ozone-manager/target/test-classes:/home/runner/work/ozone/ozone/hadoop-hdds/common/target/test-classes:/home/runner/work/ozone/ozone/hadoop-hdds/hadoop-dependency-client/target/classes:/home/runner/.m2/repository/info/picocli/picocli/4.7.5/picocli-4.7.5.jar:/home/runner/.m2/repository/com/fasterxml/jackson/core/jackson-annotations/2.16.1/jackson-annotations-2.16.1.jar:/home/runner/work/ozone/ozone/hadoop-hdds/annotations/target/classes:/home/runner/.m2/repository/javax/annotation/javax.annotation-api/1.3.2/javax.annotation-api-1.3.2.jar:/home/runner/.m2/repository/org/apache/ratis/ratis-netty/3.0.1/ratis-netty-3.0.1.jar:/home/runner/.m2/repository/org/apache/ratis/ratis-grpc/3.0.1/ratis-grpc-3.0.1.jar:/home/runner/.m2/repository/org/bouncycastle/bcpkix-jdk18on/1.77/bcpkix-jdk18on-1.77.jar:/home/runner/.m2/repository/org/bouncycastle/bcutil-jdk18on/1.77/bcutil-jdk18on-1.77.jar:/home/runner/.m2/repository/commons-validator/commons-validator/1.6/commons-validator-1.6.jar:/home/runner/.m2/repository/commons-beanutils/commons-beanutils/1.9.4/commons-beanutils-1.9.4.jar:/home/runner/.m2/repository/commons-digester/commons-digester/1.8.1/commons-digester-1.8.1.jar:/home/runner/.m2/repository/commons-collections/commons-collections/3.2.2/commons-collections-3.2.2.jar:/home/runner/.m2/repository/io/jaegertracing/jaeger-client/1.8.1/jaeger-client-1.8.1.jar:/home/runner/.m2/repository/io/jaegertracing/jaeger-thrift/1.8.1/jaeger-thrift-1.8.1.jar:/home/runner/.m2/repository/org/apache/thrift/libthrift/0.15.0/libthrift-0.15.0.jar:/home/runner/.m2/repository/io/jaegertracing/jaeger-core/1.8.1/jaeger-core-1.8.1.jar:/home/runner/.m2/repository/io/jaegertracing/jaeger-tracerresolver/1.8.1/jaeger-tracerresolver-1.8.1.jar:/home/runner/.m2/repository/io/opentracing/contrib/opentracing-tracerresolver/0.1.8/opentracing-tracerresolver-0.1.8.jar:/home/runner/.m2/repository/org/jetbrains/kotlin/kotlin-stdlib/1.9.22/kotlin-stdlib-1.9.22.jar:/home/runner/.m2/repository/org/jetbrains/annotations/13.0/annotations-13.0.jar:/home/runner/.m2/repository/io/opentracing/opentracing-util/0.33.0/opentracing-util-0.33.0.jar:/home/runner/.m2/repository/io/opentracing/opentracing-api/0.33.0/opentracing-api-0.33.0.jar:/home/runner/.m2/repository/io/opentracing/opentracing-noop/0.33.0/opentracing-noop-0.33.0.jar:/home/runner/.m2/repository/org/yaml/snakeyaml/2.0/snakeyaml-2.0.jar:/home/runner/.m2/repository/io/grpc/grpc-api/1.58.0/grpc-api-1.58.0.jar:/home/runner/.m2/repository/org/junit/platform/junit-platform-launcher/1.10.2/junit-platform-launcher-1.10.2.jar:/home/runner/.m2/repository/org/junit/platform/junit-platform-engine/1.10.2/junit-platform-engine-1.10.2.jar:/home/runner/.m2/repository/org/apiguardian/apiguardian-api/1.1.2/apiguardian-api-1.1.2.jar:/home/runner/.m2/repository/org/apache/hadoop/hadoop-kms/3.3.6/hadoop-kms-3.3.6.jar:/home/runner/.m2/repository/org/apache/hadoop/hadoop-auth/3.3.6/hadoop-auth-3.3.6.jar:/home/runner/.m2/repository/org/apache/zookeeper/zookeeper/3.8.4/zookeeper-3.8.4.jar:/home/runner/.m2/repository/org/apache/zookeeper/zookeeper-jute/3.8.4/zookeeper-jute-3.8.4.jar:/home/runner/.m2/repository/org/apache/yetus/audience-annotations/0.12.0/audience-annotations-0.12.0.jar:/home/runner/.m2/repository/org/apache/curator/curator-framework/4.2.0/curator-framework-4.2.0.jar:/home/runner/.m2/repository/org/apache/hadoop/thirdparty/hadoop-shaded-guava/1.2.0/hadoop-shaded-guava-1.2.0.jar:/home/runner/.m2/repository/com/sun/jersey/jersey-core/1.19.4/jersey-core-1.19.4.jar:/home/runner/.m2/repository/javax/ws/rs/jsr311-api/1.1.1/jsr311-api-1.1.1.jar:/home/runner/.m2/repository/com/sun/jersey/jersey-server/1.19.4/jersey-server-1.19.4.jar:/home/runner/.m2/repository/javax/servlet/javax.servlet-api/3.1.0/javax.servlet-api-3.1.0.jar:/home/runner/.m2/repository/org/apache/hadoop/hadoop-common/3.3.6/hadoop-common-3.3.6.jar:/home/runner/.m2/repository/org/apache/commons/commons-math3/3.6.1/commons-math3-3.6.1.jar:/home/runner/.m2/repository/commons-net/commons-net/3.10.0/commons-net-3.10.0.jar:/home/runner/.m2/repository/com/sun/jersey/jersey-servlet/1.19.4/jersey-servlet-1.19.4.jar:/home/runner/.m2/repository/com/github/pjfanning/jersey-json/1.20/jersey-json-1.20.jar:/home/runner/.m2/repository/org/codehaus/jettison/jettison/1.1/jettison-1.1.jar:/home/runner/.m2/repository/com/sun/xml/bind/jaxb-impl/2.2.3-1/jaxb-impl-2.2.3-1.jar:/home/runner/.m2/repository/com/google/re2j/re2j/1.7/re2j-1.7.jar:/home/runner/.m2/repository/com/jcraft/jsch/0.1.55/jsch-0.1.55.jar:/home/runner/.m2/repository/org/apache/curator/curator-client/4.2.0/curator-client-4.2.0.jar:/home/runner/.m2/repository/org/apache/curator/curator-recipes/5.2.0/curator-recipes-5.2.0.jar:/home/runner/.m2/repository/com/google/code/findbugs/jsr305/3.0.2/jsr305-3.0.2.jar:/home/runner/.m2/repository/org/apache/kerby/kerb-core/1.0.1/kerb-core-1.0.1.jar:/home/runner/.m2/repository/org/apache/kerby/kerby-pkix/1.0.1/kerby-pkix-1.0.1.jar:/home/runner/.m2/repository/org/apache/kerby/kerby-asn1/1.0.1/kerby-asn1-1.0.1.jar:/home/runner/.m2/repository/org/apache/kerby/kerby-util/1.0.1/kerby-util-1.0.1.jar:/home/runner/.m2/repository/dnsjava/dnsjava/2.1.7/dnsjava-2.1.7.jar:/home/runner/.m2/repository/com/fasterxml/jackson/core/jackson-databind/2.16.1/jackson-databind-2.16.1.jar:/home/runner/.m2/repository/org/apache/hadoop/hadoop-kms/3.3.6/hadoop-kms-3.3.6-tests.jar:/home/runner/work/ozone/ozone/hadoop-hdds/server-scm/target/test-classes:/home/runner/work/ozone/ozone/hadoop-hdds/container-service/target/test-classes:/home/runner/.m2/repository/com/github/luben/zstd-jni/1.5.6-2/zstd-jni-1.5.6-2.jar:/home/runner/.m2/repository/commons-codec/commons-codec/1.15/commons-codec-1.15.jar:/home/runner/.m2/repository/io/netty/netty-codec/4.1.100.Final/netty-codec-4.1.100.Final.jar:/home/runner/.m2/repository/io/netty/netty-handler/4.1.100.Final/netty-handler-4.1.100.Final.jar:/home/runner/work/ozone/ozone/hadoop-hdds/hadoop-dependency-test/target/classes:/home/runner/.m2/repository/org/apache/hadoop/hadoop-common/3.3.6/hadoop-common-3.3.6-tests.jar:/home/runner/.m2/repository/org/apache/hadoop/hadoop-hdfs/3.3.6/hadoop-hdfs-3.3.6-tests.jar:/home/runner/.m2/repository/org/junit/jupiter/junit-jupiter-engine/5.10.2/junit-jupiter-engine-5.10.2.jar:/home/runner/.m2/repository/org/junit/jupiter/junit-jupiter-params/5.10.2/junit-jupiter-params-5.10.2.jar:/home/runner/.m2/repository/org/mockito/mockito-core/4.11.0/mockito-core-4.11.0.jar:/home/runner/.m2/repository/net/bytebuddy/byte-buddy/1.12.19/byte-buddy-1.12.19.jar:/home/runner/.m2/repository/net/bytebuddy/byte-buddy-agent/1.12.19/byte-buddy-agent-1.12.19.jar:/home/runner/.m2/repository/org/objenesis/objenesis/3.3/objenesis-3.3.jar:/home/runner/.m2/repository/org/mockito/mockito-inline/4.11.0/mockito-inline-4.11.0.jar:/home/runner/.m2/repository/org/mockito/mockito-junit-jupiter/4.11.0/mockito-junit-jupiter-4.11.0.jar:/home/runner/.m2/repository/org/apache/hadoop/hadoop-distcp/3.3.6/hadoop-distcp-3.3.6.jar:/home/runner/.m2/repository/org/apache/hadoop/hadoop-mapreduce-client-jobclient/3.3.6/hadoop-mapreduce-client-jobclient-3.3.6.jar:/home/runner/.m2/repository/org/apache/hadoop/hadoop-mapreduce-client-common/3.3.6/hadoop-mapreduce-client-common-3.3.6.jar:/home/runner/.m2/repository/org/apache/hadoop/hadoop-yarn-common/3.3.6/hadoop-yarn-common-3.3.6.jar:/home/runner/.m2/repository/org/apache/hadoop/hadoop-yarn-api/3.3.6/hadoop-yarn-api-3.3.6.jar:/home/runner/.m2/repository/javax/xml/bind/jaxb-api/2.2.11/jaxb-api-2.2.11.jar:/home/runner/.m2/repository/com/sun/jersey/contribs/jersey-guice/1.19.4/jersey-guice-1.19.4.jar:/home/runner/.m2/repository/com/fasterxml/jackson/jaxrs/jackson-jaxrs-json-provider/2.16.1/jackson-jaxrs-json-provider-2.16.1.jar:/home/runner/.m2/repository/com/fasterxml/jackson/jaxrs/jackson-jaxrs-base/2.16.1/jackson-jaxrs-base-2.16.1.jar:/home/runner/.m2/repository/org/apache/hadoop/hadoop-yarn-client/3.3.6/hadoop-yarn-client-3.3.6.jar:/home/runner/.m2/repository/org/eclipse/jetty/websocket/websocket-client/9.4.51.v20230217/websocket-client-9.4.51.v20230217.jar:/home/runner/.m2/repository/org/eclipse/jetty/websocket/websocket-common/9.4.51.v20230217/websocket-common-9.4.51.v20230217.jar:/home/runner/.m2/repository/org/eclipse/jetty/websocket/websocket-api/9.4.51.v20230217/websocket-api-9.4.51.v20230217.jar:/home/runner/.m2/repository/org/jline/jline/3.9.0/jline-3.9.0.jar:/home/runner/.m2/repository/org/apache/hadoop/hadoop-mapreduce-client-core/3.3.6/hadoop-mapreduce-client-core-3.3.6.jar:/home/runner/.m2/repository/org/apache/avro/avro/1.7.7/avro-1.7.7.jar:/home/runner/.m2/repository/com/thoughtworks/paranamer/paranamer/2.3/paranamer-2.3.jar:/home/runner/.m2/repository/org/apache/hadoop/hadoop-annotations/3.3.6/hadoop-annotations-3.3.6.jar:/home/runner/.m2/repository/io/netty/netty/3.10.6.Final/netty-3.10.6.Final.jar:/home/runner/.m2/repository/org/apache/hadoop/hadoop-distcp/3.3.6/hadoop-distcp-3.3.6-tests.jar:/home/runner/.m2/repository/org/hamcrest/hamcrest/2.2/hamcrest-2.2.jar:/home/runner/.m2/repository/org/slf4j/jul-to-slf4j/2.0.12/jul-to-slf4j-2.0.12.jar:/home/runner/work/ozone/ozone/hadoop-ozone/integration-test/target/gradle-enterprise/test-listeners.jar:"/>
    <property name="java.vm.vendor" value="Eclipse Adoptium"/>
    <property name="sun.arch.data.model" value="64"/>
    <property name="test.build.dir" value="/home/runner/work/ozone/ozone/hadoop-ozone/integration-test/target/test-dir"/>
    <property name="test.cache.data" value=""/>
    <property name="java.vendor.url" value="https://adoptium.net/"/>
    <property name="user.timezone" value="Etc/UTC"/>
    <property name="maven-surefire-plugin.argLineAccessArgs" value=" --add-opens java.management/com.sun.jmx.mbeanserver=ALL-UNNAMED --add-exports java.management/com.sun.jmx.mbeanserver=ALL-UNNAMED --add-opens java.base/java.nio=ALL-UNNAMED --add-opens java.base/java.lang=ALL-UNNAMED --add-opens java.base/java.lang.reflect=ALL-UNNAMED"/>
    <property name="java.vm.specification.version" value="17"/>
    <property name="os.name" value="Linux"/>
    <property name="test.build.data" value="/home/runner/work/ozone/ozone/hadoop-ozone/integration-test/target/test-dir"/>
    <property name="sun.java.launcher" value="SUN_STANDARD"/>
    <property name="sun.boot.library.path" value="/usr/lib/jvm/temurin-17-jdk-amd64/lib"/>
    <property name="sun.java.command" value="/home/runner/work/ozone/ozone/hadoop-ozone/integration-test/target/surefire/surefirebooter9097943587027132591.jar /home/runner/work/ozone/ozone/hadoop-ozone/integration-test/target/surefire 2024-04-29T09-56-47_383-jvmRun1 surefire8083895769065426506tmp surefire_5242060702545656189tmp"/>
    <property name="jdk.debug" value="release"/>
    <property name="native.lib.tmp.dir" value="/tmp"/>
    <property name="surefire.test.class.path" value="/home/runner/work/ozone/ozone/hadoop-ozone/integration-test/target/test-classes:/home/runner/work/ozone/ozone/hadoop-ozone/integration-test/target/classes:/home/runner/work/ozone/ozone/hadoop-ozone/common/target/classes:/home/runner/.m2/repository/io/grpc/grpc-netty/1.58.0/grpc-netty-1.58.0.jar:/home/runner/.m2/repository/io/grpc/grpc-core/1.58.0/grpc-core-1.58.0.jar:/home/runner/.m2/repository/com/google/android/annotations/4.1.1.4/annotations-4.1.1.4.jar:/home/runner/.m2/repository/org/codehaus/mojo/animal-sniffer-annotations/1.23/animal-sniffer-annotations-1.23.jar:/home/runner/.m2/repository/io/grpc/grpc-context/1.58.0/grpc-context-1.58.0.jar:/home/runner/.m2/repository/io/grpc/grpc-util/1.58.0/grpc-util-1.58.0.jar:/home/runner/.m2/repository/com/google/errorprone/error_prone_annotations/2.2.0/error_prone_annotations-2.2.0.jar:/home/runner/.m2/repository/io/perfmark/perfmark-api/0.26.0/perfmark-api-0.26.0.jar:/home/runner/.m2/repository/io/netty/netty-codec-http2/4.1.100.Final/netty-codec-http2-4.1.100.Final.jar:/home/runner/.m2/repository/io/netty/netty-common/4.1.100.Final/netty-common-4.1.100.Final.jar:/home/runner/.m2/repository/io/netty/netty-buffer/4.1.100.Final/netty-buffer-4.1.100.Final.jar:/home/runner/.m2/repository/io/netty/netty-codec-http/4.1.100.Final/netty-codec-http-4.1.100.Final.jar:/home/runner/.m2/repository/io/netty/netty-handler-proxy/4.1.100.Final/netty-handler-proxy-4.1.100.Final.jar:/home/runner/.m2/repository/io/netty/netty-codec-socks/4.1.100.Final/netty-codec-socks-4.1.100.Final.jar:/home/runner/.m2/repository/io/netty/netty-tcnative-boringssl-static/2.0.61.Final/netty-tcnative-boringssl-static-2.0.61.Final.jar:/home/runner/.m2/repository/io/netty/netty-tcnative-classes/2.0.61.Final/netty-tcnative-classes-2.0.61.Final.jar:/home/runner/.m2/repository/io/netty/netty-tcnative-boringssl-static/2.0.61.Final/netty-tcnative-boringssl-static-2.0.61.Final-linux-x86_64.jar:/home/runner/.m2/repository/io/netty/netty-tcnative-boringssl-static/2.0.61.Final/netty-tcnative-boringssl-static-2.0.61.Final-linux-aarch_64.jar:/home/runner/.m2/repository/io/netty/netty-tcnative-boringssl-static/2.0.61.Final/netty-tcnative-boringssl-static-2.0.61.Final-osx-x86_64.jar:/home/runner/.m2/repository/io/netty/netty-tcnative-boringssl-static/2.0.61.Final/netty-tcnative-boringssl-static-2.0.61.Final-osx-aarch_64.jar:/home/runner/.m2/repository/io/netty/netty-tcnative-boringssl-static/2.0.61.Final/netty-tcnative-boringssl-static-2.0.61.Final-windows-x86_64.jar:/home/runner/.m2/repository/org/apache/commons/commons-compress/1.26.0/commons-compress-1.26.0.jar:/home/runner/work/ozone/ozone/hadoop-hdds/common/target/classes:/home/runner/work/ozone/ozone/hadoop-hdds/client/target/classes:/home/runner/work/ozone/ozone/hadoop-ozone/interface-client/target/classes:/home/runner/.m2/repository/org/apache/hadoop/hadoop-hdfs-client/3.3.6/hadoop-hdfs-client-3.3.6.jar:/home/runner/.m2/repository/com/squareup/okhttp3/okhttp/4.12.0/okhttp-4.12.0.jar:/home/runner/.m2/repository/com/squareup/okio/okio/3.6.0/okio-3.6.0.jar:/home/runner/.m2/repository/com/squareup/okio/okio-jvm/3.6.0/okio-jvm-3.6.0.jar:/home/runner/.m2/repository/org/jetbrains/kotlin/kotlin-stdlib-jdk8/1.9.22/kotlin-stdlib-jdk8-1.9.22.jar:/home/runner/.m2/repository/org/jetbrains/kotlin/kotlin-stdlib-jdk7/1.9.22/kotlin-stdlib-jdk7-1.9.22.jar:/home/runner/.m2/repository/org/jetbrains/kotlin/kotlin-stdlib-common/1.9.22/kotlin-stdlib-common-1.9.22.jar:/home/runner/work/ozone/ozone/hadoop-hdds/test-utils/target/classes:/home/runner/.m2/repository/org/assertj/assertj-core/3.12.2/assertj-core-3.12.2.jar:/home/runner/.m2/repository/com/google/guava/guava/32.1.3-jre/guava-32.1.3-jre.jar:/home/runner/.m2/repository/com/google/guava/failureaccess/1.0.1/failureaccess-1.0.1.jar:/home/runner/.m2/repository/com/google/guava/listenablefuture/9999.0-empty-to-avoid-conflict-with-guava/listenablefuture-9999.0-empty-to-avoid-conflict-with-guava.jar:/home/runner/.m2/repository/org/checkerframework/checker-qual/3.37.0/checker-qual-3.37.0.jar:/home/runner/.m2/repository/com/google/j2objc/j2objc-annotations/2.8/j2objc-annotations-2.8.jar:/home/runner/.m2/repository/commons-io/commons-io/2.16.1/commons-io-2.16.1.jar:/home/runner/.m2/repository/commons-logging/commons-logging/1.2/commons-logging-1.2.jar:/home/runner/.m2/repository/org/junit/jupiter/junit-jupiter-api/5.10.2/junit-jupiter-api-5.10.2.jar:/home/runner/.m2/repository/org/opentest4j/opentest4j/1.3.0/opentest4j-1.3.0.jar:/home/runner/.m2/repository/org/junit/platform/junit-platform-commons/1.10.2/junit-platform-commons-1.10.2.jar:/home/runner/.m2/repository/ch/qos/reload4j/reload4j/1.2.25/reload4j-1.2.25.jar:/home/runner/.m2/repository/jakarta/annotation/jakarta.annotation-api/2.1.1/jakarta.annotation-api-2.1.1.jar:/home/runner/.m2/repository/org/slf4j/slf4j-api/2.0.12/slf4j-api-2.0.12.jar:/home/runner/.m2/repository/org/apache/logging/log4j/log4j-api/2.17.1/log4j-api-2.17.1.jar:/home/runner/work/ozone/ozone/hadoop-hdds/server-scm/target/classes:/home/runner/.m2/repository/com/google/protobuf/protobuf-java/2.5.0/protobuf-java-2.5.0.jar:/home/runner/work/ozone/ozone/hadoop-hdds/container-service/target/classes:/home/runner/work/ozone/ozone/hadoop-hdds/hadoop-dependency-server/target/classes:/home/runner/.m2/repository/com/nimbusds/nimbus-jose-jwt/9.37.2/nimbus-jose-jwt-9.37.2.jar:/home/runner/.m2/repository/com/github/stephenc/jcip/jcip-annotations/1.0-1/jcip-annotations-1.0-1.jar:/home/runner/.m2/repository/org/apache/hadoop/hadoop-hdfs/3.3.6/hadoop-hdfs-3.3.6.jar:/home/runner/.m2/repository/commons-daemon/commons-daemon/1.3.4/commons-daemon-1.3.4.jar:/home/runner/.m2/repository/org/xerial/snappy/snappy-java/1.1.10.5/snappy-java-1.1.10.5.jar:/home/runner/work/ozone/ozone/hadoop-hdds/framework/target/classes:/home/runner/.m2/repository/org/bouncycastle/bcprov-jdk18on/1.77/bcprov-jdk18on-1.77.jar:/home/runner/.m2/repository/io/dropwizard/metrics/metrics-core/3.2.4/metrics-core-3.2.4.jar:/home/runner/.m2/repository/org/apache/commons/commons-text/1.11.0/commons-text-1.11.0.jar:/home/runner/work/ozone/ozone/hadoop-hdds/framework/target/test-classes:/home/runner/work/ozone/ozone/hadoop-hdds/interface-server/target/classes:/home/runner/work/ozone/ozone/hadoop-hdds/interface-admin/target/classes:/home/runner/work/ozone/ozone/hadoop-hdds/managed-rocksdb/target/classes:/home/runner/.m2/repository/org/rocksdb/rocksdbjni/7.7.3/rocksdbjni-7.7.3.jar:/home/runner/.m2/repository/org/slf4j/slf4j-reload4j/2.0.12/slf4j-reload4j-2.0.12.jar:/home/runner/.m2/repository/org/apache/commons/commons-configuration2/2.10.1/commons-configuration2-2.10.1.jar:/home/runner/.m2/repository/commons-fileupload/commons-fileupload/1.5/commons-fileupload-1.5.jar:/home/runner/.m2/repository/org/apache/logging/log4j/log4j-core/2.17.1/log4j-core-2.17.1.jar:/home/runner/.m2/repository/com/lmax/disruptor/3.4.4/disruptor-3.4.4.jar:/home/runner/.m2/repository/org/eclipse/jetty/jetty-util/9.4.54.v20240208/jetty-util-9.4.54.v20240208.jar:/home/runner/.m2/repository/org/eclipse/jetty/jetty-server/9.4.54.v20240208/jetty-server-9.4.54.v20240208.jar:/home/runner/.m2/repository/org/eclipse/jetty/jetty-http/9.4.54.v20240208/jetty-http-9.4.54.v20240208.jar:/home/runner/.m2/repository/org/eclipse/jetty/jetty-io/9.4.54.v20240208/jetty-io-9.4.54.v20240208.jar:/home/runner/.m2/repository/org/eclipse/jetty/jetty-servlet/9.4.54.v20240208/jetty-servlet-9.4.54.v20240208.jar:/home/runner/.m2/repository/org/eclipse/jetty/jetty-security/9.4.54.v20240208/jetty-security-9.4.54.v20240208.jar:/home/runner/.m2/repository/org/eclipse/jetty/jetty-util-ajax/9.4.54.v20240208/jetty-util-ajax-9.4.54.v20240208.jar:/home/runner/.m2/repository/org/eclipse/jetty/jetty-webapp/9.4.54.v20240208/jetty-webapp-9.4.54.v20240208.jar:/home/runner/.m2/repository/org/eclipse/jetty/jetty-xml/9.4.54.v20240208/jetty-xml-9.4.54.v20240208.jar:/home/runner/.m2/repository/org/apache/ratis/ratis-server/3.0.1/ratis-server-3.0.1.jar:/home/runner/.m2/repository/org/apache/ratis/ratis-thirdparty-misc/1.0.5/ratis-thirdparty-misc-1.0.5.jar:/home/runner/.m2/repository/org/apache/ratis/ratis-proto/3.0.1/ratis-proto-3.0.1.jar:/home/runner/.m2/repository/org/apache/ratis/ratis-common/3.0.1/ratis-common-3.0.1.jar:/home/runner/.m2/repository/org/apache/ratis/ratis-client/3.0.1/ratis-client-3.0.1.jar:/home/runner/.m2/repository/org/apache/ratis/ratis-server-api/3.0.1/ratis-server-api-3.0.1.jar:/home/runner/.m2/repository/org/apache/ratis/ratis-metrics-api/3.0.1/ratis-metrics-api-3.0.1.jar:/home/runner/.m2/repository/org/apache/ratis/ratis-metrics-dropwizard3/3.0.1/ratis-metrics-dropwizard3-3.0.1.jar:/home/runner/.m2/repository/io/prometheus/simpleclient_dropwizard/0.16.0/simpleclient_dropwizard-0.16.0.jar:/home/runner/.m2/repository/io/prometheus/simpleclient/0.16.0/simpleclient-0.16.0.jar:/home/runner/.m2/repository/io/prometheus/simpleclient_common/0.16.0/simpleclient_common-0.16.0.jar:/home/runner/.m2/repository/com/fasterxml/jackson/datatype/jackson-datatype-jsr310/2.16.1/jackson-datatype-jsr310-2.16.1.jar:/home/runner/.m2/repository/com/fasterxml/jackson/core/jackson-core/2.16.1/jackson-core-2.16.1.jar:/home/runner/work/ozone/ozone/hadoop-hdds/rocksdb-checkpoint-differ/target/classes:/home/runner/.m2/repository/org/jgrapht/jgrapht-core/1.4.0/jgrapht-core-1.4.0.jar:/home/runner/.m2/repository/org/jheaps/jheaps/0.11/jheaps-0.11.jar:/home/runner/.m2/repository/org/jgrapht/jgrapht-ext/1.4.0/jgrapht-ext-1.4.0.jar:/home/runner/.m2/repository/com/github/vlsi/mxgraph/jgraphx/3.9.8.1/jgraphx-3.9.8.1.jar:/home/runner/work/ozone/ozone/hadoop-ozone/ozone-manager/target/classes:/home/runner/.m2/repository/org/aspectj/aspectjrt/1.9.7/aspectjrt-1.9.7.jar:/home/runner/.m2/repository/org/aspectj/aspectjweaver/1.9.7/aspectjweaver-1.9.7.jar:/home/runner/work/ozone/ozone/hadoop-hdds/interface-client/target/classes:/home/runner/.m2/repository/org/apache/hadoop/thirdparty/hadoop-shaded-protobuf_3_7/1.1.1/hadoop-shaded-protobuf_3_7-1.1.1.jar:/home/runner/work/ozone/ozone/hadoop-ozone/interface-storage/target/classes:/home/runner/.m2/repository/org/reflections/reflections/0.10.2/reflections-0.10.2.jar:/home/runner/.m2/repository/com/sun/jersey/jersey-client/1.19.4/jersey-client-1.19.4.jar:/home/runner/.m2/repository/org/codehaus/jackson/jackson-core-asl/1.9.13/jackson-core-asl-1.9.13.jar:/home/runner/.m2/repository/org/codehaus/jackson/jackson-mapper-asl/1.9.13/jackson-mapper-asl-1.9.13.jar:/home/runner/.m2/repository/org/codehaus/jackson/jackson-jaxrs/1.9.13/jackson-jaxrs-1.9.13.jar:/home/runner/.m2/repository/org/apache/ranger/ranger-intg/2.3.0/ranger-intg-2.3.0.jar:/home/runner/.m2/repository/org/apache/ranger/ranger-plugins-common/2.3.0/ranger-plugins-common-2.3.0.jar:/home/runner/.m2/repository/commons-lang/commons-lang/2.6/commons-lang-2.6.jar:/home/runner/.m2/repository/org/apache/ranger/ranger-plugins-cred/2.3.0/ranger-plugins-cred-2.3.0.jar:/home/runner/.m2/repository/org/apache/ranger/ranger-plugins-audit/2.3.0/ranger-plugins-audit-2.3.0.jar:/home/runner/.m2/repository/org/eclipse/jetty/jetty-client/9.4.54.v20240208/jetty-client-9.4.54.v20240208.jar:/home/runner/.m2/repository/org/apache/httpcomponents/httpmime/4.5.6/httpmime-4.5.6.jar:/home/runner/.m2/repository/org/apache/httpcomponents/httpcore-nio/4.4.16/httpcore-nio-4.4.16.jar:/home/runner/.m2/repository/org/apache/httpcomponents/httpasyncclient/4.1.3/httpasyncclient-4.1.3.jar:/home/runner/.m2/repository/com/carrotsearch/hppc/0.8.0/hppc-0.8.0.jar:/home/runner/.m2/repository/org/apache/orc/orc-core/1.5.8/orc-core-1.5.8.jar:/home/runner/.m2/repository/net/java/dev/jna/jna/5.2.0/jna-5.2.0.jar:/home/runner/.m2/repository/net/java/dev/jna/jna-platform/5.2.0/jna-platform-5.2.0.jar:/home/runner/.m2/repository/com/kstruct/gethostname4j/0.0.2/gethostname4j-0.0.2.jar:/home/runner/.m2/repository/org/apache/ranger/ranger-plugin-classloader/2.3.0/ranger-plugin-classloader-2.3.0.jar:/home/runner/work/ozone/ozone/hadoop-hdds/rocks-native/target/classes:/home/runner/.m2/repository/org/apache/hadoop/hadoop-minikdc/3.3.6/hadoop-minikdc-3.3.6.jar:/home/runner/.m2/repository/org/apache/kerby/kerb-simplekdc/1.0.1/kerb-simplekdc-1.0.1.jar:/home/runner/.m2/repository/org/apache/kerby/kerb-client/1.0.1/kerb-client-1.0.1.jar:/home/runner/.m2/repository/org/apache/kerby/kerby-config/1.0.1/kerby-config-1.0.1.jar:/home/runner/.m2/repository/org/apache/kerby/kerb-common/1.0.1/kerb-common-1.0.1.jar:/home/runner/.m2/repository/org/apache/kerby/kerb-crypto/1.0.1/kerb-crypto-1.0.1.jar:/home/runner/.m2/repository/org/apache/kerby/kerb-util/1.0.1/kerb-util-1.0.1.jar:/home/runner/.m2/repository/org/apache/kerby/token-provider/1.0.1/token-provider-1.0.1.jar:/home/runner/.m2/repository/org/apache/kerby/kerb-admin/1.0.1/kerb-admin-1.0.1.jar:/home/runner/.m2/repository/org/apache/kerby/kerb-server/1.0.1/kerb-server-1.0.1.jar:/home/runner/.m2/repository/org/apache/kerby/kerb-identity/1.0.1/kerb-identity-1.0.1.jar:/home/runner/.m2/repository/org/apache/kerby/kerby-xdr/1.0.1/kerby-xdr-1.0.1.jar:/home/runner/.m2/repository/junit/junit/4.13.2/junit-4.13.2.jar:/home/runner/.m2/repository/org/hamcrest/hamcrest-core/1.3/hamcrest-core-1.3.jar:/home/runner/work/ozone/ozone/hadoop-ozone/s3gateway/target/classes:/home/runner/.m2/repository/org/javassist/javassist/3.30.2-GA/javassist-3.30.2-GA.jar:/home/runner/.m2/repository/org/jboss/weld/servlet/weld-servlet-shaded/3.1.9.Final/weld-servlet-shaded-3.1.9.Final.jar:/home/runner/.m2/repository/org/glassfish/jersey/containers/jersey-container-servlet-core/2.42/jersey-container-servlet-core-2.42.jar:/home/runner/.m2/repository/org/glassfish/hk2/external/jakarta.inject/2.6.1/jakarta.inject-2.6.1.jar:/home/runner/.m2/repository/org/glassfish/jersey/core/jersey-common/2.42/jersey-common-2.42.jar:/home/runner/.m2/repository/jakarta/ws/rs/jakarta.ws.rs-api/2.1.6/jakarta.ws.rs-api-2.1.6.jar:/home/runner/.m2/repository/org/glassfish/jersey/ext/cdi/jersey-cdi1x/2.42/jersey-cdi1x-2.42.jar:/home/runner/.m2/repository/org/glassfish/jersey/inject/jersey-hk2/2.42/jersey-hk2-2.42.jar:/home/runner/.m2/repository/org/glassfish/hk2/hk2-locator/2.6.1/hk2-locator-2.6.1.jar:/home/runner/.m2/repository/org/glassfish/jersey/media/jersey-media-jaxb/2.42/jersey-media-jaxb-2.42.jar:/home/runner/.m2/repository/org/glassfish/hk2/osgi-resource-locator/1.0.3/osgi-resource-locator-1.0.3.jar:/home/runner/.m2/repository/org/glassfish/hk2/hk2-api/2.6.1/hk2-api-2.6.1.jar:/home/runner/.m2/repository/org/glassfish/hk2/hk2-utils/2.6.1/hk2-utils-2.6.1.jar:/home/runner/.m2/repository/org/glassfish/hk2/external/aopalliance-repackaged/2.6.1/aopalliance-repackaged-2.6.1.jar:/home/runner/.m2/repository/com/fasterxml/jackson/dataformat/jackson-dataformat-xml/2.16.1/jackson-dataformat-xml-2.16.1.jar:/home/runner/.m2/repository/org/codehaus/woodstox/stax2-api/4.2.2/stax2-api-4.2.2.jar:/home/runner/.m2/repository/com/fasterxml/woodstox/woodstox-core/5.4.0/woodstox-core-5.4.0.jar:/home/runner/.m2/repository/com/fasterxml/jackson/module/jackson-module-jaxb-annotations/2.16.1/jackson-module-jaxb-annotations-2.16.1.jar:/home/runner/.m2/repository/javax/enterprise/cdi-api/2.0/cdi-api-2.0.jar:/home/runner/.m2/repository/javax/el/javax.el-api/3.0.0/javax.el-api-3.0.0.jar:/home/runner/.m2/repository/javax/interceptor/javax.interceptor-api/1.2/javax.interceptor-api-1.2.jar:/home/runner/.m2/repository/javax/inject/javax.inject/1/javax.inject-1.jar:/home/runner/.m2/repository/jakarta/xml/bind/jakarta.xml.bind-api/2.3.3/jakarta.xml.bind-api-2.3.3.jar:/home/runner/.m2/repository/org/glassfish/jaxb/jaxb-runtime/2.3.9/jaxb-runtime-2.3.9.jar:/home/runner/.m2/repository/org/glassfish/jaxb/txw2/2.3.9/txw2-2.3.9.jar:/home/runner/.m2/repository/com/sun/istack/istack-commons-runtime/3.0.12/istack-commons-runtime-3.0.12.jar:/home/runner/.m2/repository/com/sun/activation/jakarta.activation/1.2.2/jakarta.activation-1.2.2.jar:/home/runner/.m2/repository/jakarta/activation/jakarta.activation-api/1.2.2/jakarta.activation-api-1.2.2.jar:/home/runner/.m2/repository/io/grpc/grpc-protobuf/1.58.0/grpc-protobuf-1.58.0.jar:/home/runner/.m2/repository/com/google/api/grpc/proto-google-common-protos/2.22.0/proto-google-common-protos-2.22.0.jar:/home/runner/.m2/repository/io/grpc/grpc-protobuf-lite/1.58.0/grpc-protobuf-lite-1.58.0.jar:/home/runner/.m2/repository/io/grpc/grpc-stub/1.58.0/grpc-stub-1.58.0.jar:/home/runner/.m2/repository/io/netty/netty-transport/4.1.100.Final/netty-transport-4.1.100.Final.jar:/home/runner/.m2/repository/io/netty/netty-resolver/4.1.100.Final/netty-resolver-4.1.100.Final.jar:/home/runner/work/ozone/ozone/hadoop-ozone/csi/target/classes:/home/runner/.m2/repository/com/google/protobuf/protobuf-java-util/3.19.6/protobuf-java-util-3.19.6.jar:/home/runner/.m2/repository/com/google/code/gson/gson/2.10.1/gson-2.10.1.jar:/home/runner/work/ozone/ozone/hadoop-hdds/config/target/classes:/home/runner/.m2/repository/io/netty/netty-transport-native-epoll/4.1.100.Final/netty-transport-native-epoll-4.1.100.Final-linux-x86_64.jar:/home/runner/.m2/repository/io/netty/netty-transport-classes-epoll/4.1.100.Final/netty-transport-classes-epoll-4.1.100.Final.jar:/home/runner/.m2/repository/io/netty/netty-transport-native-unix-common/4.1.100.Final/netty-transport-native-unix-common-4.1.100.Final.jar:/home/runner/work/ozone/ozone/hadoop-ozone/recon/target/classes:/home/runner/work/ozone/ozone/hadoop-ozone/recon-codegen/target/classes:/home/runner/.m2/repository/com/google/inject/guice/6.0.0/guice-6.0.0.jar:/home/runner/.m2/repository/jakarta/inject/jakarta.inject-api/2.0.1/jakarta.inject-api-2.0.1.jar:/home/runner/.m2/repository/aopalliance/aopalliance/1.0/aopalliance-1.0.jar:/home/runner/.m2/repository/com/google/inject/extensions/guice-assistedinject/6.0.0/guice-assistedinject-6.0.0.jar:/home/runner/.m2/repository/com/google/inject/extensions/guice-servlet/6.0.0/guice-servlet-6.0.0.jar:/home/runner/.m2/repository/org/glassfish/jersey/containers/jersey-container-servlet/2.42/jersey-container-servlet-2.42.jar:/home/runner/.m2/repository/org/glassfish/hk2/guice-bridge/2.6.1/guice-bridge-2.6.1.jar:/home/runner/.m2/repository/org/glassfish/jersey/core/jersey-server/2.42/jersey-server-2.42.jar:/home/runner/.m2/repository/org/glassfish/jersey/core/jersey-client/2.42/jersey-client-2.42.jar:/home/runner/.m2/repository/jakarta/validation/jakarta.validation-api/2.0.2/jakarta.validation-api-2.0.2.jar:/home/runner/.m2/repository/org/glassfish/jersey/media/jersey-media-json-jackson/2.42/jersey-media-json-jackson-2.42.jar:/home/runner/.m2/repository/org/glassfish/jersey/ext/jersey-entity-filtering/2.42/jersey-entity-filtering-2.42.jar:/home/runner/.m2/repository/org/jooq/jooq/3.11.10/jooq-3.11.10.jar:/home/runner/.m2/repository/org/jooq/jooq-meta/3.11.10/jooq-meta-3.11.10.jar:/home/runner/.m2/repository/org/jooq/jooq-codegen/3.11.10/jooq-codegen-3.11.10.jar:/home/runner/.m2/repository/com/jolbox/bonecp/0.8.0.RELEASE/bonecp-0.8.0.RELEASE.jar:/home/runner/.m2/repository/org/apache/derby/derby/10.14.2.0/derby-10.14.2.0.jar:/home/runner/.m2/repository/org/xerial/sqlite-jdbc/3.44.1.0/sqlite-jdbc-3.44.1.0.jar:/home/runner/.m2/repository/org/springframework/spring-jdbc/5.3.27/spring-jdbc-5.3.27.jar:/home/runner/.m2/repository/org/springframework/spring-beans/5.3.27/spring-beans-5.3.27.jar:/home/runner/.m2/repository/org/springframework/spring-core/5.3.27/spring-core-5.3.27.jar:/home/runner/.m2/repository/org/springframework/spring-tx/5.3.27/spring-tx-5.3.27.jar:/home/runner/work/ozone/ozone/hadoop-ozone/client/target/classes:/home/runner/work/ozone/ozone/hadoop-hdds/erasurecode/target/classes:/home/runner/work/ozone/ozone/hadoop-ozone/ozonefs/target/classes:/home/runner/work/ozone/ozone/hadoop-ozone/ozonefs-common/target/classes:/home/runner/work/ozone/ozone/hadoop-ozone/tools/target/classes:/home/runner/.m2/repository/com/amazonaws/aws-java-sdk-core/1.12.661/aws-java-sdk-core-1.12.661.jar:/home/runner/.m2/repository/org/apache/httpcomponents/httpclient/4.5.14/httpclient-4.5.14.jar:/home/runner/.m2/repository/org/apache/httpcomponents/httpcore/4.4.16/httpcore-4.4.16.jar:/home/runner/.m2/repository/com/fasterxml/jackson/dataformat/jackson-dataformat-cbor/2.16.1/jackson-dataformat-cbor-2.16.1.jar:/home/runner/.m2/repository/joda-time/joda-time/2.12.7/joda-time-2.12.7.jar:/home/runner/.m2/repository/com/amazonaws/aws-java-sdk-s3/1.12.661/aws-java-sdk-s3-1.12.661.jar:/home/runner/.m2/repository/com/amazonaws/aws-java-sdk-kms/1.12.661/aws-java-sdk-kms-1.12.661.jar:/home/runner/.m2/repository/com/amazonaws/jmespath-java/1.12.661/jmespath-java-1.12.661.jar:/home/runner/.m2/repository/org/kohsuke/metainf-services/metainf-services/1.11/metainf-services-1.11.jar:/home/runner/work/ozone/ozone/hadoop-hdds/tools/target/classes:/home/runner/.m2/repository/org/apache/ratis/ratis-tools/3.0.1/ratis-tools-3.0.1.jar:/home/runner/.m2/repository/commons-cli/commons-cli/1.6.0/commons-cli-1.6.0.jar:/home/runner/.m2/repository/org/apache/commons/commons-lang3/3.14.0/commons-lang3-3.14.0.jar:/home/runner/work/ozone/ozone/hadoop-ozone/ozone-manager/target/test-classes:/home/runner/work/ozone/ozone/hadoop-hdds/common/target/test-classes:/home/runner/work/ozone/ozone/hadoop-hdds/hadoop-dependency-client/target/classes:/home/runner/.m2/repository/info/picocli/picocli/4.7.5/picocli-4.7.5.jar:/home/runner/.m2/repository/com/fasterxml/jackson/core/jackson-annotations/2.16.1/jackson-annotations-2.16.1.jar:/home/runner/work/ozone/ozone/hadoop-hdds/annotations/target/classes:/home/runner/.m2/repository/javax/annotation/javax.annotation-api/1.3.2/javax.annotation-api-1.3.2.jar:/home/runner/.m2/repository/org/apache/ratis/ratis-netty/3.0.1/ratis-netty-3.0.1.jar:/home/runner/.m2/repository/org/apache/ratis/ratis-grpc/3.0.1/ratis-grpc-3.0.1.jar:/home/runner/.m2/repository/org/bouncycastle/bcpkix-jdk18on/1.77/bcpkix-jdk18on-1.77.jar:/home/runner/.m2/repository/org/bouncycastle/bcutil-jdk18on/1.77/bcutil-jdk18on-1.77.jar:/home/runner/.m2/repository/commons-validator/commons-validator/1.6/commons-validator-1.6.jar:/home/runner/.m2/repository/commons-beanutils/commons-beanutils/1.9.4/commons-beanutils-1.9.4.jar:/home/runner/.m2/repository/commons-digester/commons-digester/1.8.1/commons-digester-1.8.1.jar:/home/runner/.m2/repository/commons-collections/commons-collections/3.2.2/commons-collections-3.2.2.jar:/home/runner/.m2/repository/io/jaegertracing/jaeger-client/1.8.1/jaeger-client-1.8.1.jar:/home/runner/.m2/repository/io/jaegertracing/jaeger-thrift/1.8.1/jaeger-thrift-1.8.1.jar:/home/runner/.m2/repository/org/apache/thrift/libthrift/0.15.0/libthrift-0.15.0.jar:/home/runner/.m2/repository/io/jaegertracing/jaeger-core/1.8.1/jaeger-core-1.8.1.jar:/home/runner/.m2/repository/io/jaegertracing/jaeger-tracerresolver/1.8.1/jaeger-tracerresolver-1.8.1.jar:/home/runner/.m2/repository/io/opentracing/contrib/opentracing-tracerresolver/0.1.8/opentracing-tracerresolver-0.1.8.jar:/home/runner/.m2/repository/org/jetbrains/kotlin/kotlin-stdlib/1.9.22/kotlin-stdlib-1.9.22.jar:/home/runner/.m2/repository/org/jetbrains/annotations/13.0/annotations-13.0.jar:/home/runner/.m2/repository/io/opentracing/opentracing-util/0.33.0/opentracing-util-0.33.0.jar:/home/runner/.m2/repository/io/opentracing/opentracing-api/0.33.0/opentracing-api-0.33.0.jar:/home/runner/.m2/repository/io/opentracing/opentracing-noop/0.33.0/opentracing-noop-0.33.0.jar:/home/runner/.m2/repository/org/yaml/snakeyaml/2.0/snakeyaml-2.0.jar:/home/runner/.m2/repository/io/grpc/grpc-api/1.58.0/grpc-api-1.58.0.jar:/home/runner/.m2/repository/org/junit/platform/junit-platform-launcher/1.10.2/junit-platform-launcher-1.10.2.jar:/home/runner/.m2/repository/org/junit/platform/junit-platform-engine/1.10.2/junit-platform-engine-1.10.2.jar:/home/runner/.m2/repository/org/apiguardian/apiguardian-api/1.1.2/apiguardian-api-1.1.2.jar:/home/runner/.m2/repository/org/apache/hadoop/hadoop-kms/3.3.6/hadoop-kms-3.3.6.jar:/home/runner/.m2/repository/org/apache/hadoop/hadoop-auth/3.3.6/hadoop-auth-3.3.6.jar:/home/runner/.m2/repository/org/apache/zookeeper/zookeeper/3.8.4/zookeeper-3.8.4.jar:/home/runner/.m2/repository/org/apache/zookeeper/zookeeper-jute/3.8.4/zookeeper-jute-3.8.4.jar:/home/runner/.m2/repository/org/apache/yetus/audience-annotations/0.12.0/audience-annotations-0.12.0.jar:/home/runner/.m2/repository/org/apache/curator/curator-framework/4.2.0/curator-framework-4.2.0.jar:/home/runner/.m2/repository/org/apache/hadoop/thirdparty/hadoop-shaded-guava/1.2.0/hadoop-shaded-guava-1.2.0.jar:/home/runner/.m2/repository/com/sun/jersey/jersey-core/1.19.4/jersey-core-1.19.4.jar:/home/runner/.m2/repository/javax/ws/rs/jsr311-api/1.1.1/jsr311-api-1.1.1.jar:/home/runner/.m2/repository/com/sun/jersey/jersey-server/1.19.4/jersey-server-1.19.4.jar:/home/runner/.m2/repository/javax/servlet/javax.servlet-api/3.1.0/javax.servlet-api-3.1.0.jar:/home/runner/.m2/repository/org/apache/hadoop/hadoop-common/3.3.6/hadoop-common-3.3.6.jar:/home/runner/.m2/repository/org/apache/commons/commons-math3/3.6.1/commons-math3-3.6.1.jar:/home/runner/.m2/repository/commons-net/commons-net/3.10.0/commons-net-3.10.0.jar:/home/runner/.m2/repository/com/sun/jersey/jersey-servlet/1.19.4/jersey-servlet-1.19.4.jar:/home/runner/.m2/repository/com/github/pjfanning/jersey-json/1.20/jersey-json-1.20.jar:/home/runner/.m2/repository/org/codehaus/jettison/jettison/1.1/jettison-1.1.jar:/home/runner/.m2/repository/com/sun/xml/bind/jaxb-impl/2.2.3-1/jaxb-impl-2.2.3-1.jar:/home/runner/.m2/repository/com/google/re2j/re2j/1.7/re2j-1.7.jar:/home/runner/.m2/repository/com/jcraft/jsch/0.1.55/jsch-0.1.55.jar:/home/runner/.m2/repository/org/apache/curator/curator-client/4.2.0/curator-client-4.2.0.jar:/home/runner/.m2/repository/org/apache/curator/curator-recipes/5.2.0/curator-recipes-5.2.0.jar:/home/runner/.m2/repository/com/google/code/findbugs/jsr305/3.0.2/jsr305-3.0.2.jar:/home/runner/.m2/repository/org/apache/kerby/kerb-core/1.0.1/kerb-core-1.0.1.jar:/home/runner/.m2/repository/org/apache/kerby/kerby-pkix/1.0.1/kerby-pkix-1.0.1.jar:/home/runner/.m2/repository/org/apache/kerby/kerby-asn1/1.0.1/kerby-asn1-1.0.1.jar:/home/runner/.m2/repository/org/apache/kerby/kerby-util/1.0.1/kerby-util-1.0.1.jar:/home/runner/.m2/repository/dnsjava/dnsjava/2.1.7/dnsjava-2.1.7.jar:/home/runner/.m2/repository/com/fasterxml/jackson/core/jackson-databind/2.16.1/jackson-databind-2.16.1.jar:/home/runner/.m2/repository/org/apache/hadoop/hadoop-kms/3.3.6/hadoop-kms-3.3.6-tests.jar:/home/runner/work/ozone/ozone/hadoop-hdds/server-scm/target/test-classes:/home/runner/work/ozone/ozone/hadoop-hdds/container-service/target/test-classes:/home/runner/.m2/repository/com/github/luben/zstd-jni/1.5.6-2/zstd-jni-1.5.6-2.jar:/home/runner/.m2/repository/commons-codec/commons-codec/1.15/commons-codec-1.15.jar:/home/runner/.m2/repository/io/netty/netty-codec/4.1.100.Final/netty-codec-4.1.100.Final.jar:/home/runner/.m2/repository/io/netty/netty-handler/4.1.100.Final/netty-handler-4.1.100.Final.jar:/home/runner/work/ozone/ozone/hadoop-hdds/hadoop-dependency-test/target/classes:/home/runner/.m2/repository/org/apache/hadoop/hadoop-common/3.3.6/hadoop-common-3.3.6-tests.jar:/home/runner/.m2/repository/org/apache/hadoop/hadoop-hdfs/3.3.6/hadoop-hdfs-3.3.6-tests.jar:/home/runner/.m2/repository/org/junit/jupiter/junit-jupiter-engine/5.10.2/junit-jupiter-engine-5.10.2.jar:/home/runner/.m2/repository/org/junit/jupiter/junit-jupiter-params/5.10.2/junit-jupiter-params-5.10.2.jar:/home/runner/.m2/repository/org/mockito/mockito-core/4.11.0/mockito-core-4.11.0.jar:/home/runner/.m2/repository/net/bytebuddy/byte-buddy/1.12.19/byte-buddy-1.12.19.jar:/home/runner/.m2/repository/net/bytebuddy/byte-buddy-agent/1.12.19/byte-buddy-agent-1.12.19.jar:/home/runner/.m2/repository/org/objenesis/objenesis/3.3/objenesis-3.3.jar:/home/runner/.m2/repository/org/mockito/mockito-inline/4.11.0/mockito-inline-4.11.0.jar:/home/runner/.m2/repository/org/mockito/mockito-junit-jupiter/4.11.0/mockito-junit-jupiter-4.11.0.jar:/home/runner/.m2/repository/org/apache/hadoop/hadoop-distcp/3.3.6/hadoop-distcp-3.3.6.jar:/home/runner/.m2/repository/org/apache/hadoop/hadoop-mapreduce-client-jobclient/3.3.6/hadoop-mapreduce-client-jobclient-3.3.6.jar:/home/runner/.m2/repository/org/apache/hadoop/hadoop-mapreduce-client-common/3.3.6/hadoop-mapreduce-client-common-3.3.6.jar:/home/runner/.m2/repository/org/apache/hadoop/hadoop-yarn-common/3.3.6/hadoop-yarn-common-3.3.6.jar:/home/runner/.m2/repository/org/apache/hadoop/hadoop-yarn-api/3.3.6/hadoop-yarn-api-3.3.6.jar:/home/runner/.m2/repository/javax/xml/bind/jaxb-api/2.2.11/jaxb-api-2.2.11.jar:/home/runner/.m2/repository/com/sun/jersey/contribs/jersey-guice/1.19.4/jersey-guice-1.19.4.jar:/home/runner/.m2/repository/com/fasterxml/jackson/jaxrs/jackson-jaxrs-json-provider/2.16.1/jackson-jaxrs-json-provider-2.16.1.jar:/home/runner/.m2/repository/com/fasterxml/jackson/jaxrs/jackson-jaxrs-base/2.16.1/jackson-jaxrs-base-2.16.1.jar:/home/runner/.m2/repository/org/apache/hadoop/hadoop-yarn-client/3.3.6/hadoop-yarn-client-3.3.6.jar:/home/runner/.m2/repository/org/eclipse/jetty/websocket/websocket-client/9.4.51.v20230217/websocket-client-9.4.51.v20230217.jar:/home/runner/.m2/repository/org/eclipse/jetty/websocket/websocket-common/9.4.51.v20230217/websocket-common-9.4.51.v20230217.jar:/home/runner/.m2/repository/org/eclipse/jetty/websocket/websocket-api/9.4.51.v20230217/websocket-api-9.4.51.v20230217.jar:/home/runner/.m2/repository/org/jline/jline/3.9.0/jline-3.9.0.jar:/home/runner/.m2/repository/org/apache/hadoop/hadoop-mapreduce-client-core/3.3.6/hadoop-mapreduce-client-core-3.3.6.jar:/home/runner/.m2/repository/org/apache/avro/avro/1.7.7/avro-1.7.7.jar:/home/runner/.m2/repository/com/thoughtworks/paranamer/paranamer/2.3/paranamer-2.3.jar:/home/runner/.m2/repository/org/apache/hadoop/hadoop-annotations/3.3.6/hadoop-annotations-3.3.6.jar:/home/runner/.m2/repository/io/netty/netty/3.10.6.Final/netty-3.10.6.Final.jar:/home/runner/.m2/repository/org/apache/hadoop/hadoop-distcp/3.3.6/hadoop-distcp-3.3.6-tests.jar:/home/runner/.m2/repository/org/hamcrest/hamcrest/2.2/hamcrest-2.2.jar:/home/runner/.m2/repository/org/slf4j/jul-to-slf4j/2.0.12/jul-to-slf4j-2.0.12.jar:/home/runner/work/ozone/ozone/hadoop-ozone/integration-test/target/gradle-enterprise/test-listeners.jar:"/>
    <property name="sun.cpu.endian" value="little"/>
    <property name="user.home" value="/home/runner"/>
    <property name="user.language" value="en"/>
    <property name="java.specification.vendor" value="Oracle Corporation"/>
    <property name="java.version.date" value="2024-01-16"/>
    <property name="java.home" value="/usr/lib/jvm/temurin-17-jdk-amd64"/>
    <property name="java.security.krb5.conf" value="/home/runner/work/ozone/ozone/hadoop-ozone/integration-test/target/test-classes/krb5.conf"/>
    <property name="file.separator" value="/"/>
    <property name="basedir" value="/home/runner/work/ozone/ozone/hadoop-ozone/integration-test"/>
    <property name="java.vm.compressedOopsMode" value="Zero based"/>
    <property name="line.separator" value="&#10;"/>
    <property name="java.vm.specification.vendor" value="Oracle Corporation"/>
    <property name="java.specification.name" value="Java Platform API Specification"/>
    <property name="skip.installnpx" value="true"/>
    <property name="surefire.fork.timeout" value="3600"/>
    <property name="surefire.real.class.path" value="/home/runner/work/ozone/ozone/hadoop-ozone/integration-test/target/surefire/surefirebooter9097943587027132591.jar"/>
    <property name="hadoop.log.dir" value="/home/runner/work/ozone/ozone/hadoop-ozone/integration-test/target/log"/>
    <property name="sun.management.compiler" value="HotSpot 64-Bit Tiered Compilers"/>
    <property name="java.runtime.version" value="17.0.10+7"/>
    <property name="skip.npx" value="true"/>
    <property name="user.name" value="runner"/>
    <property name="java.net.preferIPv4Stack" value="true"/>
    <property name="path.separator" value=":"/>
    <property name="java.security.egd" value="file:///dev/urandom"/>
    <property name="os.version" value="5.15.0-1061-azure"/>
    <property name="java.runtime.name" value="OpenJDK Runtime Environment"/>
    <property name="com.gradle.maven.scan.extension.test.listener.junitplatform.NestedExecutionSafeDelegatingTestExecutionListener" value="5b7bccc3"/>
    <property name="file.encoding" value="UTF-8"/>
    <property name="java.vm.name" value="OpenJDK 64-Bit Server VM"/>
    <property name="java.vendor.version" value="Temurin-17.0.10+7"/>
    <property name="test.build.webapps" value=""/>
    <property name="gradle.enterprise.listener.port" value="45541"/>
    <property name="localRepository" value="/home/runner/.m2/repository"/>
    <property name="java.vendor.url.bug" value="https://github.com/adoptium/adoptium-support/issues"/>
    <property name="jetty.git.hash" value="cef3fbd6d736a21e7d541a5db490381d95a2047d"/>
    <property name="java.io.tmpdir" value="/tmp"/>
    <property name="require.test.libhadoop" value=""/>
    <property name="java.version" value="17.0.10"/>
    <property name="surefire.rerunFailingTestsCount" value="5"/>
    <property name="user.dir" value="/home/runner/work/ozone/ozone/hadoop-ozone/integration-test"/>
    <property name="os.arch" value="amd64"/>
    <property name="java.vm.specification.name" value="Java Virtual Machine Specification"/>
    <property name="test.build.classes" value="/home/runner/work/ozone/ozone/hadoop-ozone/integration-test/target/test-classes"/>
    <property name="org.apache.ratis.thirdparty.io.netty.allocator.useCacheForAllThreads" value="false"/>
    <property name="native.encoding" value="UTF-8"/>
    <property name="hadoop.tmp.dir" value="/home/runner/work/ozone/ozone/hadoop-ozone/integration-test/target/tmp"/>
    <property name="java.library.path" value="/usr/java/packages/lib:/usr/lib64:/lib64:/lib:/usr/lib"/>
    <property name="java.vm.info" value="mixed mode, sharing"/>
    <property name="java.vendor" value="Eclipse Adoptium"/>
    <property name="java.vm.version" value="17.0.10+7"/>
    <property name="sun.io.unicode.encoding" value="UnicodeLittle"/>
    <property name="java.class.version" value="61.0"/>
  </properties>
  <testcase name="testWatchForCommitWithKeyWrite" classname="org.apache.hadoop.ozone.client.rpc.TestWatchForCommit" time="44.597"/>
  <testcase name="testWatchForCommitForRetryfailure" classname="org.apache.hadoop.ozone.client.rpc.TestWatchForCommit" time="49.1">
    <flakyFailure type="java.lang.AssertionError">
      <stackTrace><![CDATA[java.lang.AssertionError: 

Expecting:
 <"org.apache.ratis.protocol.exceptions.RaftRetryFailureException: Failed RaftClientRequest:client-5955CE2BE70E->4e10c049-ef00-4c78-84ba-ad0788e207ea@group-8A14C840A84E, cid=45, seq=null, Watch-MAJORITY_COMMITTED(52), null for 4 attempts with RequestTypeDependentRetryPolicy{WRITE->ExceptionDependentRetry(maxAttempts=2147483647; defaultPolicy=MultipleLinearRandomRetry[5x5s, 5x10s, 5x15s, 5x20s, 5x25s, 10x60s]; map={org.apache.ratis.protocol.exceptions.GroupMismatchException->NoRetry, org.apache.ratis.protocol.exceptions.NotReplicatedException->NoRetry, org.apache.ratis.protocol.exceptions.ResourceUnavailableException->org.apache.ratis.retry.ExponentialBackoffRetry@1c72e177, org.apache.ratis.protocol.exceptions.StateMachineException->NoRetry, org.apache.ratis.protocol.exceptions.TimeoutIOException->org.apache.ratis.retry.ExponentialBackoffRetry@1c72e177}), WATCH->ExceptionDependentRetry(maxAttempts=2147483647; defaultPolicy=MultipleLinearRandomRetry[5x5s, 5x10s, 5x15s, 5x20s, 5x25s, 10x60s]; map={org.apache.ratis.protocol.exceptions.GroupMismatchException->NoRetry, org.apache.ratis.protocol.exceptions.NotReplicatedException->NoRetry, org.apache.ratis.protocol.exceptions.ResourceUnavailableException->org.apache.ratis.retry.ExponentialBackoffRetry@1c72e177, org.apache.ratis.protocol.exceptions.StateMachineException->NoRetry, org.apache.ratis.protocol.exceptions.TimeoutIOException->NoRetry})}">
not to contain:
 <"Watch-MAJORITY_COMMITTED">

	at org.apache.hadoop.ozone.client.rpc.TestWatchForCommit.testWatchForCommitForRetryfailure(TestWatchForCommit.java:295)
	at java.base/java.lang.reflect.Method.invoke(Method.java:568)
	at java.base/java.util.ArrayList.forEach(ArrayList.java:1511)
	at java.base/java.util.ArrayList.forEach(ArrayList.java:1511)
]]></stackTrace>
      <system-out><![CDATA[2024-04-29 10:04:38,173 [main] WARN  server.ServerUtils (ServerUtils.java:getScmDbDir(143)) - ozone.scm.db.dirs is not configured. We recommend adding this setting. Falling back to ozone.metadata.dirs instead.
2024-04-29 10:04:38,177 [main] WARN  server.ServerUtils (ServerUtils.java:getScmDbDir(143)) - ozone.scm.db.dirs is not configured. We recommend adding this setting. Falling back to ozone.metadata.dirs instead.
2024-04-29 10:04:38,177 [main] INFO  ha.SCMHANodeDetails (SCMHANodeDetails.java:loadSCMHAConfig(207)) - ServiceID for StorageContainerManager is null
2024-04-29 10:04:38,177 [main] INFO  ha.SCMHANodeDetails (SCMHANodeDetails.java:loadSCMHAConfig(212)) - ozone.scm.default.service.id is not defined, falling back to ozone.scm.service.ids to find serviceID for StorageContainerManager if it is HA enabled cluster
2024-04-29 10:04:38,178 [main] WARN  utils.HAUtils (HAUtils.java:getMetaDir(339)) - ozone.scm.db.dirs is not configured. We recommend adding this setting. Falling back to ozone.metadata.dirs instead.
2024-04-29 10:04:38,178 [main] WARN  db.DBStoreBuilder (DBStoreBuilder.java:applyDBDefinition(171)) - ozone.scm.db.dirs is not configured. We recommend adding this setting. Falling back to ozone.metadata.dirs instead.
2024-04-29 10:04:38,265 [main] INFO  net.NodeSchemaLoader (NodeSchemaLoader.java:loadSchemaFromFile(129)) - Loading schema from [file:/home/runner/work/ozone/ozone/hadoop-hdds/common/target/classes/network-topology-default.xml]
2024-04-29 10:04:38,266 [main] INFO  net.NodeSchemaLoader (NodeSchemaLoader.java:loadSchema(176)) - Loading network topology layer schema file
2024-04-29 10:04:38,269 [main] INFO  upgrade.AbstractLayoutVersionManager (AbstractLayoutVersionManager.java:init(83)) - Initializing Layout version manager with metadata layout = HADOOP_PRC_PORTS_IN_DATANODEDETAILS (version = 7), software layout = HADOOP_PRC_PORTS_IN_DATANODEDETAILS (version = 7)
2024-04-29 10:04:38,270 [main] INFO  ha.SequenceIdGenerator (SequenceIdGenerator.java:upgradeToSequenceId(370)) - upgrade localId to 113750153625600000
2024-04-29 10:04:38,271 [main] INFO  ha.SequenceIdGenerator (SequenceIdGenerator.java:upgradeToSequenceId(380)) - upgrade delTxnId to 0
2024-04-29 10:04:38,272 [main] INFO  ha.SequenceIdGenerator (SequenceIdGenerator.java:upgradeToSequenceId(397)) - upgrade containerId to 0
2024-04-29 10:04:38,273 [main] INFO  ha.SequenceIdGenerator (SequenceIdGenerator.java:upgradeToCertificateSequenceId(444)) - upgrade CertificateId to 2
2024-04-29 10:04:38,273 [main] INFO  ha.SequenceIdGenerator (SequenceIdGenerator.java:<init>(241)) - Init the HA SequenceIdGenerator.
2024-04-29 10:04:38,274 [main] INFO  node.SCMNodeManager (SCMNodeManager.java:<init>(177)) - Entering startup safe mode.
2024-04-29 10:04:38,274 [main] INFO  algorithms.ContainerPlacementPolicyFactory (ContainerPlacementPolicyFactory.java:getPolicyInternal(86)) - Create container placement policy of type org.apache.hadoop.hdds.scm.container.placement.algorithms.SCMContainerPlacementRackAware
2024-04-29 10:04:38,274 [main] INFO  algorithms.ContainerPlacementPolicyFactory (ContainerPlacementPolicyFactory.java:getPolicyInternal(86)) - Create container placement policy of type org.apache.hadoop.hdds.scm.container.placement.algorithms.SCMContainerPlacementRackScatter
2024-04-29 10:04:38,275 [main] INFO  pipeline.PipelineStateManagerImpl (PipelineStateManagerImpl.java:initialize(78)) - No pipeline exists in current db
2024-04-29 10:04:38,275 [main] INFO  algorithms.LeaderChoosePolicyFactory (LeaderChoosePolicyFactory.java:getPolicy(57)) - Create leader choose policy of type org.apache.hadoop.hdds.scm.pipeline.leader.choose.algorithms.MinLeaderCountChoosePolicy
2024-04-29 10:04:38,275 [main] INFO  algorithms.ContainerPlacementPolicyFactory (ContainerPlacementPolicyFactory.java:getPolicyInternal(86)) - Create container placement policy of type org.apache.hadoop.hdds.scm.container.placement.algorithms.SCMContainerPlacementRackScatter
2024-04-29 10:04:38,275 [main] INFO  ha.SCMServiceManager (SCMServiceManager.java:register(42)) - Registering service BackgroundPipelineCreator.
2024-04-29 10:04:38,275 [main] INFO  pipeline.BackgroundPipelineCreator (BackgroundPipelineCreator.java:start(127)) - Starting RatisPipelineUtilsThread.
2024-04-29 10:04:38,276 [main] INFO  BackgroundPipelineScrubber (BackgroundSCMService.java:start(65)) - Starting BackgroundPipelineScrubber Service.
2024-04-29 10:04:38,276 [main] INFO  ha.SCMServiceManager (SCMServiceManager.java:register(42)) - Registering service BackgroundPipelineScrubber.
2024-04-29 10:04:38,276 [main] INFO  ExpiredContainerReplicaOpScrubber (BackgroundSCMService.java:start(65)) - Starting ExpiredContainerReplicaOpScrubber Service.
2024-04-29 10:04:38,276 [main] INFO  ha.SCMServiceManager (SCMServiceManager.java:register(42)) - Registering service ExpiredContainerReplicaOpScrubber.
2024-04-29 10:04:38,277 [main] INFO  algorithms.PipelineChoosePolicyFactory (PipelineChoosePolicyFactory.java:createPipelineChoosePolicyFromClass(80)) - Create pipeline choose policy of type org.apache.hadoop.hdds.scm.pipeline.choose.algorithms.RandomPipelineChoosePolicy
2024-04-29 10:04:38,277 [main] INFO  algorithms.PipelineChoosePolicyFactory (PipelineChoosePolicyFactory.java:createPipelineChoosePolicyFromClass(80)) - Create pipeline choose policy of type org.apache.hadoop.hdds.scm.pipeline.choose.algorithms.RandomPipelineChoosePolicy
2024-04-29 10:04:38,278 [main] INFO  ha.SCMServiceManager (SCMServiceManager.java:register(42)) - Registering service SCMBlockDeletingService.
2024-04-29 10:04:38,279 [main] INFO  replication.ReplicationManager (ReplicationManager.java:start(296)) - Starting Replication Monitor Thread.
2024-04-29 10:04:38,279 [main] INFO  ha.SCMServiceManager (SCMServiceManager.java:register(42)) - Registering service ReplicationManager.
2024-04-29 10:04:38,279 [ReplicationMonitor] INFO  replication.ReplicationManager (ReplicationManager.java:processAll(372)) - Replication Manager is not ready to run until 3000ms after safemode exit
2024-04-29 10:04:38,279 [main] INFO  safemode.ContainerSafeModeRule (ContainerSafeModeRule.java:<init>(91)) - containers with one replica threshold count 0
2024-04-29 10:04:38,280 [main] INFO  safemode.HealthyPipelineSafeModeRule (HealthyPipelineSafeModeRule.java:initializeRule(176)) - Total pipeline count is 0, healthy pipeline threshold count is 1
2024-04-29 10:04:38,280 [main] INFO  safemode.OneReplicaPipelineSafeModeRule (OneReplicaPipelineSafeModeRule.java:initializeRule(193)) - Total pipeline count is 0, pipeline's with at least one datanode reported threshold count is 0
2024-04-29 10:04:38,280 [main] INFO  server.StorageContainerManager (StorageContainerManager.java:<init>(440)) - SCM start with adminUsers: [runner]
2024-04-29 10:04:38,281 [main] INFO  ipc.CallQueueManager (CallQueueManager.java:<init>(90)) - Using callQueue: class java.util.concurrent.LinkedBlockingQueue, queueCapacity: 10000, scheduler: class org.apache.hadoop.ipc.DefaultRpcScheduler, ipcBackoff: false.
2024-04-29 10:04:38,281 [main] INFO  ipc.Server (Server.java:<init>(1287)) - Listener at 0.0.0.0:15091
2024-04-29 10:04:38,281 [Socket Reader #1 for port 15091] INFO  ipc.Server (Server.java:run(1323)) - Starting Socket Reader #1 for port 15091
2024-04-29 10:04:38,282 [main] INFO  ipc.CallQueueManager (CallQueueManager.java:<init>(90)) - Using callQueue: class java.util.concurrent.LinkedBlockingQueue, queueCapacity: 10000, scheduler: class org.apache.hadoop.ipc.DefaultRpcScheduler, ipcBackoff: false.
2024-04-29 10:04:38,282 [main] INFO  ipc.Server (Server.java:<init>(1287)) - Listener at 0.0.0.0:15090
2024-04-29 10:04:38,282 [Socket Reader #1 for port 15090] INFO  ipc.Server (Server.java:run(1323)) - Starting Socket Reader #1 for port 15090
2024-04-29 10:04:38,283 [main] INFO  ipc.CallQueueManager (CallQueueManager.java:<init>(90)) - Using callQueue: class java.util.concurrent.LinkedBlockingQueue, queueCapacity: 10000, scheduler: class org.apache.hadoop.ipc.DefaultRpcScheduler, ipcBackoff: false.
2024-04-29 10:04:38,283 [main] INFO  ipc.Server (Server.java:<init>(1287)) - Listener at 0.0.0.0:15089
2024-04-29 10:04:38,284 [Socket Reader #1 for port 15089] INFO  ipc.Server (Server.java:run(1323)) - Starting Socket Reader #1 for port 15089
2024-04-29 10:04:38,286 [main] INFO  ha.SCMServiceManager (SCMServiceManager.java:register(42)) - Registering service ContainerBalancer.
2024-04-29 10:04:38,287 [main] INFO  ha.SCMContext (SCMContext.java:updateSafeModeStatus(225)) - Update SafeModeStatus from SafeModeStatus{safeModeStatus=true, preCheckPassed=false} to SafeModeStatus{safeModeStatus=true, preCheckPassed=false}.
2024-04-29 10:04:38,287 [main] INFO  server.StorageContainerManager (StorageContainerManager.java:start(1545)) - StorageContainerLocationProtocol RPC server is listening at /0.0.0.0:15089
2024-04-29 10:04:38,289 [main] WARN  impl.MetricsConfig (MetricsConfig.java:loadFirst(136)) - Cannot locate configuration: tried hadoop-metrics2-storagecontainermanager.properties,hadoop-metrics2.properties
2024-04-29 10:04:38,290 [main] INFO  impl.MetricsSystemImpl (MetricsSystemImpl.java:startTimer(378)) - Scheduled Metric snapshot period at 10 second(s).
2024-04-29 10:04:38,290 [main] INFO  impl.MetricsSystemImpl (MetricsSystemImpl.java:start(191)) - StorageContainerManager metrics system started
2024-04-29 10:04:38,294 [main] INFO  impl.MetricsSinkAdapter (MetricsSinkAdapter.java:start(204)) - Sink prometheus started
2024-04-29 10:04:38,294 [main] INFO  impl.MetricsSystemImpl (MetricsSystemImpl.java:registerSink(305)) - Registered sink prometheus
2024-04-29 10:04:38,309 [main] INFO  server.SCMClientProtocolServer (SCMClientProtocolServer.java:start(204)) - RPC server for Client  is listening at /0.0.0.0:15089
2024-04-29 10:04:38,309 [IPC Server Responder] INFO  ipc.Server (Server.java:run(1562)) - IPC Server Responder: starting
2024-04-29 10:04:38,313 [IPC Server listener on 15089] INFO  ipc.Server (Server.java:run(1402)) - IPC Server listener on 15089: starting
2024-04-29 10:04:38,370 [main] INFO  server.StorageContainerManager (StorageContainerManager.java:start(1558)) - ScmBlockLocationProtocol RPC server is listening at /0.0.0.0:15090
2024-04-29 10:04:38,371 [main] INFO  server.SCMBlockProtocolServer (SCMBlockProtocolServer.java:start(162)) - RPC server for Block Protocol is listening at /0.0.0.0:15090
2024-04-29 10:04:38,371 [IPC Server Responder] INFO  ipc.Server (Server.java:run(1562)) - IPC Server Responder: starting
2024-04-29 10:04:38,371 [IPC Server listener on 15090] INFO  ipc.Server (Server.java:run(1402)) - IPC Server listener on 15090: starting
2024-04-29 10:04:38,385 [main] INFO  server.SCMDatanodeProtocolServer (SCMDatanodeProtocolServer.java:start(194)) - ScmDatanodeProtocol RPC server for DataNodes is listening at /0.0.0.0:15091
2024-04-29 10:04:38,385 [IPC Server Responder] INFO  ipc.Server (Server.java:run(1562)) - IPC Server Responder: starting
2024-04-29 10:04:38,386 [IPC Server listener on 15091] INFO  ipc.Server (Server.java:run(1402)) - IPC Server listener on 15091: starting
2024-04-29 10:04:38,392 [JvmPauseMonitor11] INFO  util.JvmPauseMonitor (JvmPauseMonitor.java:run(146)) - JvmPauseMonitor-91e2b8bb-4b0f-404d-965f-874084d7c151: Started
2024-04-29 10:04:38,393 [main] INFO  http.BaseHttpServer (BaseHttpServer.java:newHttpServer2BuilderForOzone(223)) - Starting Web-server for scm at: http://0.0.0.0:15092
2024-04-29 10:04:38,393 [main] INFO  http.BaseHttpServer (BaseHttpServer.java:<init>(110)) - Hadoop Security Enabled: false Ozone Security Enabled: false Ozone HTTP Security Enabled: false 
2024-04-29 10:04:38,399 [main] WARN  server.AuthenticationFilter (AuthenticationFilter.java:constructSecretProvider(240)) - Unable to initialize FileSignerSecretProvider, falling back to use random secrets. Reason: Could not read signature secret file: /home/runner/hadoop-http-auth-signature-secret
2024-04-29 10:04:38,399 [main] INFO  http.HttpRequestLog (HttpRequestLog.java:getRequestLog(86)) - Http request log for http.requests.scm is not defined
2024-04-29 10:04:38,400 [main] INFO  http.HttpServer2 (HttpServer2.java:addGlobalFilter(1036)) - Added global filter 'safety' (class=org.apache.hadoop.hdds.server.http.HttpServer2$QuotingInputFilter)
2024-04-29 10:04:38,401 [main] INFO  http.HttpServer2 (HttpServer2.java:addFilter(1012)) - Added filter static_user_filter (class=org.apache.hadoop.http.lib.StaticUserWebFilter$StaticUserFilter) to context scm
2024-04-29 10:04:38,401 [main] INFO  http.HttpServer2 (HttpServer2.java:addFilter(1020)) - Added filter static_user_filter (class=org.apache.hadoop.http.lib.StaticUserWebFilter$StaticUserFilter) to context static
2024-04-29 10:04:38,401 [main] INFO  http.HttpServer2 (HttpServer2.java:addFilter(1020)) - Added filter static_user_filter (class=org.apache.hadoop.http.lib.StaticUserWebFilter$StaticUserFilter) to context logs
2024-04-29 10:04:38,402 [main] INFO  http.BaseHttpServer (BaseHttpServer.java:<init>(189)) - HTTP server of scm uses base directory /home/runner/work/ozone/ozone/hadoop-ozone/integration-test/target/test-dir/MiniOzoneClusterImpl-b6e902a5-721a-459f-a115-5ddcd789b87e/ozone-meta/webserver
2024-04-29 10:04:38,402 [main] INFO  http.HttpServer2 (HttpServer2.java:bindListener(1236)) - Jetty bound to port 15092
2024-04-29 10:04:38,402 [main] INFO  server.Server (Server.java:doStart(375)) - jetty-9.4.54.v20240208; built: 2024-02-08T19:42:39.027Z; git: cef3fbd6d736a21e7d541a5db490381d95a2047d; jvm 17.0.10+7
2024-04-29 10:04:38,405 [main] INFO  server.session (DefaultSessionIdManager.java:doStart(334)) - DefaultSessionIdManager workerName=node0
2024-04-29 10:04:38,405 [main] INFO  server.session (DefaultSessionIdManager.java:doStart(339)) - No SessionScavenger set, using defaults
2024-04-29 10:04:38,406 [main] INFO  server.session (HouseKeeper.java:startScavenging(132)) - node0 Scavenging every 660000ms
2024-04-29 10:04:38,407 [main] INFO  handler.ContextHandler (ContextHandler.java:doStart(921)) - Started o.e.j.s.ServletContextHandler@3fef9832{logs,/logs,file:///home/runner/work/ozone/ozone/hadoop-ozone/integration-test/target/log,AVAILABLE}
2024-04-29 10:04:38,407 [main] INFO  handler.ContextHandler (ContextHandler.java:doStart(921)) - Started o.e.j.s.ServletContextHandler@4421decd{static,/static,file:///home/runner/work/ozone/ozone/hadoop-ozone/integration-test/target/test-classes/webapps/static,AVAILABLE}
2024-04-29 10:04:38,417 [main] INFO  handler.ContextHandler (ContextHandler.java:doStart(921)) - Started o.e.j.w.WebAppContext@36f9d1c3{scm,/,file:///home/runner/work/ozone/ozone/hadoop-ozone/integration-test/target/test-classes/webapps/scm/,AVAILABLE}{file:/home/runner/work/ozone/ozone/hadoop-ozone/integration-test/target/test-classes/webapps/scm}
2024-04-29 10:04:38,417 [main] INFO  server.AbstractConnector (AbstractConnector.java:doStart(333)) - Started ServerConnector@31a89b54{HTTP/1.1, (http/1.1)}{0.0.0.0:15092}
2024-04-29 10:04:38,417 [main] INFO  server.Server (Server.java:doStart(415)) - Started @45790ms
2024-04-29 10:04:38,418 [main] WARN  impl.MetricsSystemImpl (MetricsSystemImpl.java:register(279)) - Sink prometheus already exists!
2024-04-29 10:04:38,418 [main] INFO  http.BaseHttpServer (BaseHttpServer.java:updateConnectorAddress(354)) - HTTP server of scm listening at http://0.0.0.0:15092
2024-04-29 10:04:38,418 [main] WARN  server.ServerUtils (ServerUtils.java:getDBPath(299)) - ozone.om.db.dirs is not configured. We recommend adding this setting. Falling back to ozone.metadata.dirs instead.
2024-04-29 10:04:38,420 [main] INFO  ha.OMHANodeDetails (OMHANodeDetails.java:loadOMHAConfig(115)) - ozone.om.internal.service.id is not defined, falling back to ozone.om.service.ids to find serviceID for OzoneManager if it is HA enabled cluster
2024-04-29 10:04:38,421 [main] INFO  ha.OMHANodeDetails (OMHANodeDetails.java:loadOMHAConfig(226)) - Configuration does not have ozone.om.address set. Falling back to the default OM address /127.0.0.1:15093
2024-04-29 10:04:38,421 [main] INFO  ha.OMHANodeDetails (OMHANodeDetails.java:getOMNodeDetailsForNonHA(254)) - OM Service ID is not set. Setting it to the default ID: omServiceIdDefault
2024-04-29 10:04:38,421 [main] INFO  ha.OMHANodeDetails (OMHANodeDetails.java:getOMNodeDetailsForNonHA(261)) - OM Node ID is not set. Setting it to the default ID: om1
2024-04-29 10:04:38,421 [main] WARN  server.ServerUtils (ServerUtils.java:getDBPath(299)) - ozone.om.db.dirs is not configured. We recommend adding this setting. Falling back to ozone.metadata.dirs instead.
2024-04-29 10:04:38,422 [main] INFO  upgrade.AbstractLayoutVersionManager (AbstractLayoutVersionManager.java:init(83)) - Initializing Layout version manager with metadata layout = QUOTA (version = 6), software layout = QUOTA (version = 6)
2024-04-29 10:04:38,461 [main] INFO  reflections.Reflections (Reflections.java:scan(219)) - Reflections took 38 ms to scan 2 urls, producing 188 keys and 545 values
2024-04-29 10:04:38,461 [main] INFO  upgrade.OMLayoutVersionManager (OMLayoutVersionManager.java:lambda$0(113)) - Skipping Upgrade Action QuotaRepairUpgradeAction since it has been finalized.
2024-04-29 10:04:38,461 [main] INFO  upgrade.OMLayoutVersionManager (OMLayoutVersionManager.java:lambda$0(113)) - Skipping Upgrade Action MockOmUpgradeAction since it has been finalized.
2024-04-29 10:04:38,462 [main] WARN  server.ServerUtils (ServerUtils.java:getDBPath(299)) - ozone.om.db.dirs is not configured. We recommend adding this setting. Falling back to ozone.metadata.dirs instead.
2024-04-29 10:04:38,462 [main] INFO  proxy.SCMBlockLocationFailoverProxyProvider (SCMBlockLocationFailoverProxyProvider.java:<init>(115)) - Created block location fail-over proxy with 1 nodes: [nodeId=scmNodeId,nodeAddress=/0.0.0.0:15090]
2024-04-29 10:04:38,464 [main] INFO  proxy.SCMBlockLocationFailoverProxyProvider (SCMBlockLocationFailoverProxyProvider.java:<init>(115)) - Created block location fail-over proxy with 1 nodes: [nodeId=scmNodeId,nodeAddress=/0.0.0.0:15090]
2024-04-29 10:04:38,469 [main] INFO  om.OzoneManager (OzoneManager.java:<init>(677)) - OM start with adminUsers: [runner]
2024-04-29 10:04:38,470 [main] WARN  server.ServerUtils (ServerUtils.java:getDBPath(299)) - ozone.om.db.dirs is not configured. We recommend adding this setting. Falling back to ozone.metadata.dirs instead.
2024-04-29 10:04:38,470 [main] INFO  helpers.OmKeyInfo (OmKeyInfo.java:getCodec(72)) - OmKeyInfo.getCodec ignorePipeline = true
2024-04-29 10:04:38,640 [main] INFO  om.OzoneManager (OzoneManager.java:instantiateServices(811)) - S3 Multi-Tenancy is disabled
2024-04-29 10:04:38,640 [main] INFO  om.OmSnapshotManager (OmSnapshotManager.java:<init>(179)) - Ozone filesystem snapshot feature is enabled.
2024-04-29 10:04:38,640 [main] WARN  server.ServerUtils (ServerUtils.java:getDBPath(299)) - ozone.om.snapshot.diff.db.dir is not configured. We recommend adding this setting. Falling back to ozone.metadata.dirs instead.
2024-04-29 10:04:38,657 [main] INFO  utils.NativeLibraryLoader (NativeLibraryLoader.java:loadLibrary(111)) - Loading Library: ozone_rocksdb_tools
2024-04-29 10:04:38,658 [main] ERROR snapshot.SnapshotDiffManager (SnapshotDiffManager.java:initNativeLibraryForEfficientDiff(287)) - Native Library for raw sst file reading loading failed.
org.apache.hadoop.hdds.utils.NativeLibraryNotLoadedException: Unable to load library ozone_rocksdb_tools from both java.library.path & resource file libozone_rocksdb_tools.so from jar.
	at org.apache.hadoop.hdds.utils.db.managed.ManagedRawSSTFileReader.loadLibrary(ManagedRawSSTFileReader.java:40)
	at org.apache.hadoop.ozone.om.snapshot.SnapshotDiffManager.initNativeLibraryForEfficientDiff(SnapshotDiffManager.java:285)
	at org.apache.hadoop.ozone.om.snapshot.SnapshotDiffManager.<init>(SnapshotDiffManager.java:259)
	at org.apache.hadoop.ozone.om.OmSnapshotManager.<init>(OmSnapshotManager.java:286)
	at org.apache.hadoop.ozone.om.OzoneManager.instantiateServices(OzoneManager.java:863)
	at org.apache.hadoop.ozone.om.OzoneManager.<init>(OzoneManager.java:687)
	at org.apache.hadoop.ozone.om.OzoneManager.createOm(OzoneManager.java:774)
	at org.apache.hadoop.ozone.MiniOzoneClusterImpl$Builder.createOM(MiniOzoneClusterImpl.java:689)
	at org.apache.hadoop.ozone.MiniOzoneClusterImpl$Builder.createAndStartSingleOM(MiniOzoneClusterImpl.java:673)
	at org.apache.hadoop.ozone.MiniOzoneClusterImpl$Builder.build(MiniOzoneClusterImpl.java:535)
	at org.apache.hadoop.ozone.client.rpc.TestWatchForCommit.init(TestWatchForCommit.java:154)
	at java.base/jdk.internal.reflect.NativeMethodAccessorImpl.invoke0(Native Method)
	at java.base/jdk.internal.reflect.NativeMethodAccessorImpl.invoke(NativeMethodAccessorImpl.java:77)
	at java.base/jdk.internal.reflect.DelegatingMethodAccessorImpl.invoke(DelegatingMethodAccessorImpl.java:43)
	at java.base/java.lang.reflect.Method.invoke(Method.java:568)
	at org.junit.platform.commons.util.ReflectionUtils.invokeMethod(ReflectionUtils.java:728)
	at org.junit.jupiter.engine.execution.MethodInvocation.proceed(MethodInvocation.java:60)
	at org.junit.jupiter.engine.execution.InvocationInterceptorChain$ValidatingInvocation.proceed(InvocationInterceptorChain.java:131)
	at org.junit.jupiter.engine.extension.TimeoutExtension.intercept(TimeoutExtension.java:156)
	at org.junit.jupiter.engine.extension.TimeoutExtension.interceptLifecycleMethod(TimeoutExtension.java:128)
	at org.junit.jupiter.engine.extension.TimeoutExtension.interceptBeforeEachMethod(TimeoutExtension.java:78)
	at org.junit.jupiter.engine.execution.InterceptingExecutableInvoker$ReflectiveInterceptorCall.lambda$ofVoidMethod$0(InterceptingExecutableInvoker.java:103)
	at org.junit.jupiter.engine.execution.InterceptingExecutableInvoker.lambda$invoke$0(InterceptingExecutableInvoker.java:93)
	at org.junit.jupiter.engine.execution.InvocationInterceptorChain$InterceptedInvocation.proceed(InvocationInterceptorChain.java:106)
	at org.junit.jupiter.engine.execution.InvocationInterceptorChain.proceed(InvocationInterceptorChain.java:64)
	at org.junit.jupiter.engine.execution.InvocationInterceptorChain.chainAndInvoke(InvocationInterceptorChain.java:45)
	at org.junit.jupiter.engine.execution.InvocationInterceptorChain.invoke(InvocationInterceptorChain.java:37)
	at org.junit.jupiter.engine.execution.InterceptingExecutableInvoker.invoke(InterceptingExecutableInvoker.java:92)
	at org.junit.jupiter.engine.execution.InterceptingExecutableInvoker.invoke(InterceptingExecutableInvoker.java:86)
	at org.junit.jupiter.engine.descriptor.ClassBasedTestDescriptor.invokeMethodInExtensionContext(ClassBasedTestDescriptor.java:521)
	at org.junit.jupiter.engine.descriptor.ClassBasedTestDescriptor.lambda$synthesizeBeforeEachMethodAdapter$23(ClassBasedTestDescriptor.java:506)
	at org.junit.jupiter.engine.descriptor.TestMethodTestDescriptor.lambda$invokeBeforeEachMethods$3(TestMethodTestDescriptor.java:175)
	at org.junit.jupiter.engine.descriptor.TestMethodTestDescriptor.lambda$invokeBeforeMethodsOrCallbacksUntilExceptionOccurs$6(TestMethodTestDescriptor.java:203)
	at org.junit.platform.engine.support.hierarchical.ThrowableCollector.execute(ThrowableCollector.java:73)
	at org.junit.jupiter.engine.descriptor.TestMethodTestDescriptor.invokeBeforeMethodsOrCallbacksUntilExceptionOccurs(TestMethodTestDescriptor.java:203)
	at org.junit.jupiter.engine.descriptor.TestMethodTestDescriptor.invokeBeforeEachMethods(TestMethodTestDescriptor.java:172)
	at org.junit.jupiter.engine.descriptor.TestMethodTestDescriptor.execute(TestMethodTestDescriptor.java:135)
	at org.junit.jupiter.engine.descriptor.TestMethodTestDescriptor.execute(TestMethodTestDescriptor.java:69)
	at org.junit.platform.engine.support.hierarchical.NodeTestTask.lambda$executeRecursively$6(NodeTestTask.java:151)
	at org.junit.platform.engine.support.hierarchical.ThrowableCollector.execute(ThrowableCollector.java:73)
	at org.junit.platform.engine.support.hierarchical.NodeTestTask.lambda$executeRecursively$8(NodeTestTask.java:141)
	at org.junit.platform.engine.support.hierarchical.Node.around(Node.java:137)
	at org.junit.platform.engine.support.hierarchical.NodeTestTask.lambda$executeRecursively$9(NodeTestTask.java:139)
	at org.junit.platform.engine.support.hierarchical.ThrowableCollector.execute(ThrowableCollector.java:73)
	at org.junit.platform.engine.support.hierarchical.NodeTestTask.executeRecursively(NodeTestTask.java:138)
	at org.junit.platform.engine.support.hierarchical.NodeTestTask.execute(NodeTestTask.java:95)
	at java.base/java.util.ArrayList.forEach(ArrayList.java:1511)
	at org.junit.platform.engine.support.hierarchical.SameThreadHierarchicalTestExecutorService.invokeAll(SameThreadHierarchicalTestExecutorService.java:41)
	at org.junit.platform.engine.support.hierarchical.NodeTestTask.lambda$executeRecursively$6(NodeTestTask.java:155)
	at org.junit.platform.engine.support.hierarchical.ThrowableCollector.execute(ThrowableCollector.java:73)
	at org.junit.platform.engine.support.hierarchical.NodeTestTask.lambda$executeRecursively$8(NodeTestTask.java:141)
	at org.junit.platform.engine.support.hierarchical.Node.around(Node.java:137)
	at org.junit.platform.engine.support.hierarchical.NodeTestTask.lambda$executeRecursively$9(NodeTestTask.java:139)
	at org.junit.platform.engine.support.hierarchical.ThrowableCollector.execute(ThrowableCollector.java:73)
	at org.junit.platform.engine.support.hierarchical.NodeTestTask.executeRecursively(NodeTestTask.java:138)
	at org.junit.platform.engine.support.hierarchical.NodeTestTask.execute(NodeTestTask.java:95)
	at java.base/java.util.ArrayList.forEach(ArrayList.java:1511)
	at org.junit.platform.engine.support.hierarchical.SameThreadHierarchicalTestExecutorService.invokeAll(SameThreadHierarchicalTestExecutorService.java:41)
	at org.junit.platform.engine.support.hierarchical.NodeTestTask.lambda$executeRecursively$6(NodeTestTask.java:155)
	at org.junit.platform.engine.support.hierarchical.ThrowableCollector.execute(ThrowableCollector.java:73)
	at org.junit.platform.engine.support.hierarchical.NodeTestTask.lambda$executeRecursively$8(NodeTestTask.java:141)
	at org.junit.platform.engine.support.hierarchical.Node.around(Node.java:137)
	at org.junit.platform.engine.support.hierarchical.NodeTestTask.lambda$executeRecursively$9(NodeTestTask.java:139)
	at org.junit.platform.engine.support.hierarchical.ThrowableCollector.execute(ThrowableCollector.java:73)
	at org.junit.platform.engine.support.hierarchical.NodeTestTask.executeRecursively(NodeTestTask.java:138)
	at org.junit.platform.engine.support.hierarchical.NodeTestTask.execute(NodeTestTask.java:95)
	at org.junit.platform.engine.support.hierarchical.SameThreadHierarchicalTestExecutorService.submit(SameThreadHierarchicalTestExecutorService.java:35)
	at org.junit.platform.engine.support.hierarchical.HierarchicalTestExecutor.execute(HierarchicalTestExecutor.java:57)
	at org.junit.platform.engine.support.hierarchical.HierarchicalTestEngine.execute(HierarchicalTestEngine.java:54)
	at org.junit.platform.launcher.core.EngineExecutionOrchestrator.execute(EngineExecutionOrchestrator.java:198)
	at org.junit.platform.launcher.core.EngineExecutionOrchestrator.execute(EngineExecutionOrchestrator.java:169)
	at org.junit.platform.launcher.core.EngineExecutionOrchestrator.execute(EngineExecutionOrchestrator.java:93)
	at org.junit.platform.launcher.core.EngineExecutionOrchestrator.lambda$execute$0(EngineExecutionOrchestrator.java:58)
	at org.junit.platform.launcher.core.EngineExecutionOrchestrator.withInterceptedStreams(EngineExecutionOrchestrator.java:141)
	at org.junit.platform.launcher.core.EngineExecutionOrchestrator.execute(EngineExecutionOrchestrator.java:57)
	at org.junit.platform.launcher.core.DefaultLauncher.execute(DefaultLauncher.java:103)
	at org.junit.platform.launcher.core.DefaultLauncher.execute(DefaultLauncher.java:85)
	at org.junit.platform.launcher.core.DelegatingLauncher.execute(DelegatingLauncher.java:47)
	at org.junit.platform.launcher.core.SessionPerRequestLauncher.execute(SessionPerRequestLauncher.java:63)
	at org.apache.maven.surefire.junitplatform.JUnitPlatformProvider.invokeAllTests(JUnitPlatformProvider.java:154)
	at org.apache.maven.surefire.junitplatform.JUnitPlatformProvider.invoke(JUnitPlatformProvider.java:123)
	at org.apache.maven.surefire.booter.ForkedBooter.runSuitesInProcess(ForkedBooter.java:377)
	at org.apache.maven.surefire.booter.ForkedBooter.execute(ForkedBooter.java:138)
	at org.apache.maven.surefire.booter.ForkedBooter.run(ForkedBooter.java:465)
	at org.apache.maven.surefire.booter.ForkedBooter.main(ForkedBooter.java:451)
2024-04-29 10:04:38,660 [main] INFO  om.OzoneManager (OzoneManager.java:addS3GVolumeToDB(4463)) - Created Volume s3v With Owner runner required for S3Gateway operations.
2024-04-29 10:04:38,660 [main] WARN  server.ServerUtils (ServerUtils.java:getDefaultRatisDirectory(311)) - Storage directory for Ratis is not configured. It is a good idea to map this to an SSD disk. Falling back to ozone.metadata.dirs
2024-04-29 10:04:38,661 [main] WARN  utils.OzoneManagerRatisUtils (OzoneManagerRatisUtils.java:getOMRatisSnapshotDirectory(476)) - ozone.om.ratis.snapshot.dir is not configured. Falling back to ozone.metadata.dirs config
2024-04-29 10:04:38,661 [main] WARN  server.ServerUtils (ServerUtils.java:getDefaultRatisDirectory(311)) - Storage directory for Ratis is not configured. It is a good idea to map this to an SSD disk. Falling back to ozone.metadata.dirs
2024-04-29 10:04:38,662 [main] INFO  ratis.OzoneManagerRatisServer (OzoneManagerRatisServer.java:<init>(167)) - Instantiating OM Ratis server with groupID: omServiceIdDefault and peers: localhost:15096
2024-04-29 10:04:38,663 [main] INFO  ratis.OzoneManagerStateMachine (OzoneManagerStateMachine.java:loadSnapshotInfoFromDB(589)) - TransactionInfo not found in OM DB.
2024-04-29 10:04:38,663 [main] INFO  server.RaftServer (ConfUtils.java:logGet(46)) - raft.rpc.type = GRPC (default)
2024-04-29 10:04:38,663 [main] INFO  grpc.GrpcConfigKeys (ConfUtils.java:logFallback(53)) - raft.grpc.admin.host = null (fallback to raft.grpc.server.host)
2024-04-29 10:04:38,663 [main] INFO  grpc.GrpcConfigKeys (ConfUtils.java:logFallback(53)) - raft.grpc.admin.port = 15096 (fallback to raft.grpc.server.port)
2024-04-29 10:04:38,664 [main] INFO  grpc.GrpcConfigKeys (ConfUtils.java:logFallback(53)) - raft.grpc.client.host = null (fallback to raft.grpc.server.host)
2024-04-29 10:04:38,664 [main] INFO  grpc.GrpcConfigKeys (ConfUtils.java:logFallback(53)) - raft.grpc.client.port = 15096 (fallback to raft.grpc.server.port)
2024-04-29 10:04:38,664 [main] INFO  grpc.GrpcConfigKeys (ConfUtils.java:logGet(46)) - raft.grpc.server.host = null (default)
2024-04-29 10:04:38,664 [main] INFO  grpc.GrpcConfigKeys (ConfUtils.java:logGet(46)) - raft.grpc.server.port = 15096 (custom)
2024-04-29 10:04:38,664 [main] INFO  server.GrpcService (ConfUtils.java:logGet(46)) - raft.grpc.message.size.max = 4194304 (custom)
2024-04-29 10:04:38,664 [main] INFO  server.RaftServerConfigKeys (ConfUtils.java:logGet(46)) - raft.server.log.appender.buffer.byte-limit = 4194304 (custom)
2024-04-29 10:04:38,664 [main] INFO  server.GrpcService (ConfUtils.java:logGet(46)) - raft.grpc.flow.control.window = 1MB (=1048576) (default)
2024-04-29 10:04:38,664 [main] INFO  server.RaftServerConfigKeys (ConfUtils.java:logGet(46)) - raft.server.rpc.request.timeout = 3000ms (default)
2024-04-29 10:04:38,664 [main] INFO  grpc.GrpcConfigKeys (ConfUtils.java:logGet(46)) - raft.grpc.server.heartbeat.channel = true (default)
2024-04-29 10:04:38,665 [main] INFO  grpc.GrpcConfigKeys (ConfUtils.java:logGet(46)) - raft.grpc.server.async.request.thread.pool.cached = true (default)
2024-04-29 10:04:38,665 [main] INFO  grpc.GrpcConfigKeys (ConfUtils.java:logGet(46)) - raft.grpc.server.async.request.thread.pool.size = 32 (default)
2024-04-29 10:04:38,666 [main] INFO  impl.DataStreamServerImpl (ConfUtils.java:logGet(46)) - raft.datastream.type = DISABLED (default)
2024-04-29 10:04:38,666 [main] INFO  server.RaftServerConfigKeys (ConfUtils.java:logGet(46)) - raft.server.sleep.deviation.threshold = 300ms (default)
2024-04-29 10:04:38,666 [main] INFO  server.RaftServerConfigKeys (ConfUtils.java:logGet(46)) - raft.server.close.threshold = 60s (default)
2024-04-29 10:04:38,666 [main] INFO  server.RaftServerConfigKeys (ConfUtils.java:logGet(46)) - raft.server.leaderelection.leader.step-down.wait-time = 10s (default)
2024-04-29 10:04:38,667 [main] INFO  server.RaftServerConfigKeys (ConfUtils.java:logGet(46)) - raft.server.storage.dir = [/home/runner/work/ozone/ozone/hadoop-ozone/integration-test/target/test-dir/MiniOzoneClusterImpl-b6e902a5-721a-459f-a115-5ddcd789b87e/ozone-meta/ratis] (custom)
2024-04-29 10:04:38,667 [main] INFO  server.RaftServerConfigKeys (ConfUtils.java:logGet(46)) - raft.server.threadpool.proxy.cached = true (default)
2024-04-29 10:04:38,667 [main] INFO  server.RaftServerConfigKeys (ConfUtils.java:logGet(46)) - raft.server.threadpool.proxy.size = 0 (default)
2024-04-29 10:04:38,667 [main] INFO  server.RaftServer (RaftServerProxy.java:addNew(100)) - om1: addNew group-C5BA1605619E:[om1|localhost:15096] returns group-C5BA1605619E:java.util.concurrent.CompletableFuture@15774e00[Not completed]
2024-04-29 10:04:38,667 [main] INFO  om.OzoneManager (OzoneManager.java:initializeRatisServer(2168)) - OzoneManager Ratis server initialized at port 15096
2024-04-29 10:04:38,667 [main] INFO  om.OzoneManager (OzoneManager.java:getRpcServer(1227)) - Creating RPC Server
2024-04-29 10:04:38,677 [om1-groupManagement] INFO  server.RaftServer$Division (RaftServerImpl.java:<init>(256)) - om1: new RaftServerImpl for group-C5BA1605619E:[om1|localhost:15096] with OzoneManagerStateMachine:uninitialized
2024-04-29 10:04:38,677 [om1-groupManagement] INFO  server.RaftServerConfigKeys (ConfUtils.java:logGet(46)) - raft.server.rpc.timeout.min = 1s (custom)
2024-04-29 10:04:38,677 [om1-groupManagement] INFO  server.RaftServerConfigKeys (ConfUtils.java:logGet(46)) - raft.server.rpc.timeout.max = 1200ms (custom)
2024-04-29 10:04:38,678 [om1-groupManagement] INFO  server.RaftServerConfigKeys (ConfUtils.java:logGet(46)) - raft.server.rpc.sleep.time = 25ms (default)
2024-04-29 10:04:38,678 [om1-groupManagement] INFO  server.RaftServerConfigKeys (ConfUtils.java:logGet(46)) - raft.server.rpc.slowness.timeout = 120s (custom)
2024-04-29 10:04:38,678 [om1-groupManagement] INFO  server.RaftServerConfigKeys (ConfUtils.java:logGet(46)) - raft.server.leaderelection.leader.step-down.wait-time = 10s (default)
2024-04-29 10:04:38,678 [om1-groupManagement] INFO  server.RaftServerConfigKeys (ConfUtils.java:logGet(46)) - raft.server.leaderelection.member.majority-add = false (default)
2024-04-29 10:04:38,678 [om1-groupManagement] INFO  server.RaftServerConfigKeys (ConfUtils.java:logGet(46)) - raft.server.sleep.deviation.threshold = 300ms (default)
2024-04-29 10:04:38,678 [om1-groupManagement] INFO  server.RaftServer$Division (ServerState.java:<init>(113)) - om1@group-C5BA1605619E: ConfigurationManager, init=-1: peers:[om1|localhost:15096]|listeners:[], old=null, confs=<EMPTY_MAP>
2024-04-29 10:04:38,678 [om1-groupManagement] INFO  server.RaftServerConfigKeys (ConfUtils.java:logGet(46)) - raft.server.notification.no-leader.timeout = 120s (custom)
2024-04-29 10:04:38,678 [om1-groupManagement] INFO  server.RaftServerConfigKeys (ConfUtils.java:logGet(46)) - raft.server.read.timeout = 10s (default)
2024-04-29 10:04:38,678 [om1-groupManagement] INFO  server.RaftServerConfigKeys (ConfUtils.java:logGet(46)) - raft.server.retrycache.expirytime = 300s (custom)
2024-04-29 10:04:38,678 [om1-groupManagement] INFO  server.RaftServerConfigKeys (ConfUtils.java:logGet(46)) - raft.server.retrycache.statistics.expirytime = 100ms (default)
2024-04-29 10:04:38,678 [om1-groupManagement] INFO  server.RaftServerConfigKeys (ConfUtils.java:logGet(46)) - raft.server.read.option = DEFAULT (default)
2024-04-29 10:04:38,678 [om1-groupManagement] INFO  server.RaftServerConfigKeys (ConfUtils.java:logGet(46)) - raft.server.read.read-after-write-consistent.write-index-cache.expiry-time = 60s (default)
2024-04-29 10:04:38,679 [om1-groupManagement] INFO  server.RaftServerConfigKeys (ConfUtils.java:logGet(46)) - raft.server.rpc.request.timeout = 3000ms (default)
2024-04-29 10:04:38,679 [om1-groupManagement] INFO  server.RaftServerConfigKeys (ConfUtils.java:logGet(46)) - raft.server.log.appender.install.snapshot.enabled = false (custom)
2024-04-29 10:04:38,679 [om1-groupManagement] INFO  server.RaftServerConfigKeys (ConfUtils.java:logGet(46)) - raft.server.threadpool.server.cached = true (default)
2024-04-29 10:04:38,679 [om1-groupManagement] INFO  server.RaftServerConfigKeys (ConfUtils.java:logGet(46)) - raft.server.threadpool.server.size = 0 (default)
2024-04-29 10:04:38,679 [om1-groupManagement] INFO  server.RaftServerConfigKeys (ConfUtils.java:logGet(46)) - raft.server.threadpool.client.cached = true (default)
2024-04-29 10:04:38,679 [om1-groupManagement] INFO  server.RaftServerConfigKeys (ConfUtils.java:logGet(46)) - raft.server.threadpool.client.size = 0 (default)
2024-04-29 10:04:39,040 [main] INFO  reflections.Reflections (Reflections.java:scan(219)) - Reflections took 372 ms to scan 20 urls, producing 58 keys and 6549 values
2024-04-29 10:04:39,042 [main] INFO  ipc.CallQueueManager (CallQueueManager.java:<init>(90)) - Using callQueue: class java.util.concurrent.LinkedBlockingQueue, queueCapacity: 2000, scheduler: class org.apache.hadoop.ipc.DefaultRpcScheduler, ipcBackoff: false.
2024-04-29 10:04:39,042 [main] INFO  ipc.Server (Server.java:<init>(1287)) - Listener at 127.0.0.1:15093
2024-04-29 10:04:39,043 [Socket Reader #1 for port 15093] INFO  ipc.Server (Server.java:run(1323)) - Starting Socket Reader #1 for port 15093
2024-04-29 10:04:39,064 [main] INFO  impl.MetricsSystemImpl (MetricsSystemImpl.java:init(158)) - OzoneManager metrics system started (again)
2024-04-29 10:04:39,076 [main] INFO  om.OzoneManager (OzoneManager.java:start(1649)) - OzoneManager RPC server is listening at localhost/127.0.0.1:15093
2024-04-29 10:04:39,076 [main] INFO  ratis.OzoneManagerRatisServer (OzoneManagerRatisServer.java:start(588)) - Starting OzoneManagerRatisServer om1 at port 15096
2024-04-29 10:04:39,077 [om1-impl-thread1] INFO  server.RaftServerConfigKeys (ConfUtils.java:logGet(46)) - raft.server.storage.free-space.min = 0MB (=0) (default)
2024-04-29 10:04:39,077 [om1-impl-thread1] INFO  server.RaftServerConfigKeys (ConfUtils.java:logGet(46)) - raft.server.log.corruption.policy = EXCEPTION (default)
2024-04-29 10:04:39,077 [om1-impl-thread1] INFO  server.RaftServerConfigKeys (ConfUtils.java:logGet(46)) - raft.server.storage.dir = [/home/runner/work/ozone/ozone/hadoop-ozone/integration-test/target/test-dir/MiniOzoneClusterImpl-b6e902a5-721a-459f-a115-5ddcd789b87e/ozone-meta/ratis] (custom)
2024-04-29 10:04:39,077 [om1-impl-thread1] INFO  storage.RaftStorageDirectory (RaftStorageDirectoryImpl.java:analyzeStorage(138)) - The storage directory /home/runner/work/ozone/ozone/hadoop-ozone/integration-test/target/test-dir/MiniOzoneClusterImpl-b6e902a5-721a-459f-a115-5ddcd789b87e/ozone-meta/ratis/bf265839-605b-3f16-9796-c5ba1605619e does not exist. Creating ...
2024-04-29 10:04:39,078 [om1-impl-thread1] INFO  storage.RaftStorageDirectory (RaftStorageDirectoryImpl.java:tryLock(228)) - Lock on /home/runner/work/ozone/ozone/hadoop-ozone/integration-test/target/test-dir/MiniOzoneClusterImpl-b6e902a5-721a-459f-a115-5ddcd789b87e/ozone-meta/ratis/bf265839-605b-3f16-9796-c5ba1605619e/in_use.lock acquired by nodename 20825@fv-az913-54
2024-04-29 10:04:39,079 [om1-impl-thread1] INFO  storage.RaftStorage (RaftStorageImpl.java:format(99)) - Storage directory /home/runner/work/ozone/ozone/hadoop-ozone/integration-test/target/test-dir/MiniOzoneClusterImpl-b6e902a5-721a-459f-a115-5ddcd789b87e/ozone-meta/ratis/bf265839-605b-3f16-9796-c5ba1605619e has been successfully formatted.
2024-04-29 10:04:39,080 [om1-impl-thread1] WARN  util.FileUtils (LogUtils.java:supplyAndLog(63)) - Failed to Files.newInputStream /home/runner/work/ozone/ozone/hadoop-ozone/integration-test/target/test-dir/MiniOzoneClusterImpl-b6e902a5-721a-459f-a115-5ddcd789b87e/ozone-meta/ratis/bf265839-605b-3f16-9796-c5ba1605619e/current/raft-meta.conf with options []: java.nio.file.NoSuchFileException: /home/runner/work/ozone/ozone/hadoop-ozone/integration-test/target/test-dir/MiniOzoneClusterImpl-b6e902a5-721a-459f-a115-5ddcd789b87e/ozone-meta/ratis/bf265839-605b-3f16-9796-c5ba1605619e/current/raft-meta.conf
2024-04-29 10:04:39,080 [om1-impl-thread1] INFO  server.RaftServerConfigKeys (ConfUtils.java:logGet(46)) - raft.server.log.use.memory = false (default)
2024-04-29 10:04:39,080 [om1-impl-thread1] INFO  server.RaftServerConfigKeys (ConfUtils.java:logGet(46)) - raft.server.log.purge.gap = 1000000 (custom)
2024-04-29 10:04:39,080 [om1-impl-thread1] INFO  server.RaftServerConfigKeys (ConfUtils.java:logGet(46)) - raft.server.log.appender.buffer.byte-limit = 4194304 (custom)
2024-04-29 10:04:39,080 [om1-impl-thread1] INFO  server.RaftServerConfigKeys (ConfUtils.java:logGet(46)) - raft.server.log.statemachine.data.read.timeout = 1000ms (default)
2024-04-29 10:04:39,080 [om1-impl-thread1] INFO  server.RaftServerConfigKeys (ConfUtils.java:logGet(46)) - raft.server.log.purge.preservation.log.num = 0 (default)
2024-04-29 10:04:39,081 [om1-impl-thread1] INFO  server.RaftServerConfigKeys (ConfUtils.java:logGet(46)) - raft.server.log.segment.size.max = 4194304 (custom)
2024-04-29 10:04:39,081 [om1-impl-thread1] INFO  server.RaftServerConfigKeys (ConfUtils.java:logGet(46)) - raft.server.log.segment.cache.num.max = 2 (custom)
2024-04-29 10:04:39,081 [om1-impl-thread1] INFO  server.RaftServerConfigKeys (ConfUtils.java:logGet(46)) - raft.server.log.segment.cache.size.max = 200MB (=209715200) (default)
2024-04-29 10:04:39,081 [om1-impl-thread1] INFO  server.RaftServerConfigKeys (ConfUtils.java:logGet(46)) - raft.server.log.appender.buffer.byte-limit = 4194304 (custom)
2024-04-29 10:04:39,084 [om1-impl-thread1] INFO  util.AwaitToRun (AwaitToRun.java:start(81)) - Thread[om1@group-C5BA1605619E-cacheEviction-AwaitToRun,5,main] started
2024-04-29 10:04:39,084 [om1-impl-thread1] INFO  segmented.SegmentedRaftLogWorker (SegmentedRaftLogWorker.java:<init>(182)) - new om1@group-C5BA1605619E-SegmentedRaftLogWorker for RaftStorageImpl:Storage Directory /home/runner/work/ozone/ozone/hadoop-ozone/integration-test/target/test-dir/MiniOzoneClusterImpl-b6e902a5-721a-459f-a115-5ddcd789b87e/ozone-meta/ratis/bf265839-605b-3f16-9796-c5ba1605619e
2024-04-29 10:04:39,085 [om1-impl-thread1] INFO  server.RaftServerConfigKeys (ConfUtils.java:logGet(46)) - raft.server.log.queue.byte-limit = 64MB (=67108864) (default)
2024-04-29 10:04:39,085 [om1-impl-thread1] INFO  server.RaftServerConfigKeys (ConfUtils.java:logGet(46)) - raft.server.log.queue.element-limit = 4096 (default)
2024-04-29 10:04:39,085 [om1-impl-thread1] INFO  server.RaftServerConfigKeys (ConfUtils.java:logGet(46)) - raft.server.log.segment.size.max = 4194304 (custom)
2024-04-29 10:04:39,085 [om1-impl-thread1] INFO  server.RaftServerConfigKeys (ConfUtils.java:logGet(46)) - raft.server.log.preallocated.size = 4194304 (custom)
2024-04-29 10:04:39,085 [om1-impl-thread1] INFO  server.RaftServerConfigKeys (ConfUtils.java:logGet(46)) - raft.server.log.force.sync.num = 128 (default)
2024-04-29 10:04:39,085 [om1-impl-thread1] INFO  server.RaftServerConfigKeys (ConfUtils.java:logGet(46)) - raft.server.log.statemachine.data.sync = true (default)
2024-04-29 10:04:39,085 [om1-impl-thread1] INFO  server.RaftServerConfigKeys (ConfUtils.java:logGet(46)) - raft.server.log.statemachine.data.sync.timeout = 10s (default)
2024-04-29 10:04:39,085 [om1-impl-thread1] INFO  server.RaftServerConfigKeys (ConfUtils.java:logGet(46)) - raft.server.log.statemachine.data.sync.timeout.retry = -1 (default)
2024-04-29 10:04:39,085 [om1-impl-thread1] INFO  server.RaftServerConfigKeys (ConfUtils.java:logGet(46)) - raft.server.log.write.buffer.size = 4194312 (custom)
2024-04-29 10:04:39,086 [om1-impl-thread1] INFO  server.RaftServerConfigKeys (ConfUtils.java:logGet(46)) - raft.server.log.appender.buffer.byte-limit = 4194304 (custom)
2024-04-29 10:04:39,086 [om1-impl-thread1] INFO  server.RaftServerConfigKeys (ConfUtils.java:logGet(46)) - raft.server.log.unsafe-flush.enabled = false (default)
2024-04-29 10:04:39,086 [om1-impl-thread1] INFO  server.RaftServerConfigKeys (ConfUtils.java:logGet(46)) - raft.server.log.async-flush.enabled = false (default)
2024-04-29 10:04:39,086 [om1-impl-thread1] INFO  server.RaftServerConfigKeys (ConfUtils.java:logGet(46)) - raft.server.log.statemachine.data.caching.enabled = false (default)
2024-04-29 10:04:39,087 [om1-impl-thread1] INFO  segmented.SegmentedRaftLogWorker (SegmentedRaftLogWorker.java:lambda$new$0(134)) - om1@group-C5BA1605619E-SegmentedRaftLogWorker: flushIndex: setUnconditionally 0 -> -1
2024-04-29 10:04:39,087 [om1-impl-thread1] INFO  segmented.SegmentedRaftLogWorker (SegmentedRaftLogWorker.java:lambda$new$0(134)) - om1@group-C5BA1605619E-SegmentedRaftLogWorker: safeCacheEvictIndex: setUnconditionally 0 -> -1
2024-04-29 10:04:39,087 [om1-impl-thread1] INFO  server.RaftServer$Division (RaftServerImpl.java:start(396)) - om1@group-C5BA1605619E: start as a follower, conf=-1: peers:[om1|localhost:15096]|listeners:[], old=null
2024-04-29 10:04:39,088 [om1-impl-thread1] INFO  server.RaftServer$Division (RaftServerImpl.java:setRole(383)) - om1@group-C5BA1605619E: changes role from      null to FOLLOWER at term 0 for startAsFollower
2024-04-29 10:04:39,088 [om1-impl-thread1] INFO  impl.RoleInfo (RoleInfo.java:updateAndGet(139)) - om1: start om1@group-C5BA1605619E-FollowerState
2024-04-29 10:04:39,088 [om1-impl-thread1] INFO  util.JmxRegister (JmxRegister.java:tryRegister(44)) - Successfully registered JMX Bean with object name Ratis:service=RaftServer,group=group-C5BA1605619E,id=om1
2024-04-29 10:04:39,088 [om1-impl-thread1] INFO  server.RaftServerConfigKeys (ConfUtils.java:logGet(46)) - raft.server.snapshot.trigger-when-stop.enabled = true (default)
2024-04-29 10:04:39,088 [om1-impl-thread1] INFO  server.RaftServerConfigKeys (ConfUtils.java:logGet(46)) - raft.server.snapshot.auto.trigger.enabled = true (custom)
2024-04-29 10:04:39,088 [om1-impl-thread1] INFO  server.RaftServerConfigKeys (ConfUtils.java:logGet(46)) - raft.server.snapshot.auto.trigger.threshold = 400000 (default)
2024-04-29 10:04:39,088 [om1-impl-thread1] INFO  server.RaftServerConfigKeys (ConfUtils.java:logGet(46)) - raft.server.snapshot.retention.file.num = -1 (default)
2024-04-29 10:04:39,088 [om1-impl-thread1] INFO  server.RaftServerConfigKeys (ConfUtils.java:logGet(46)) - raft.server.log.purge.upto.snapshot.index = true (custom)
2024-04-29 10:04:39,089 [om1@group-C5BA1605619E-FollowerState] INFO  server.RaftServerConfigKeys (ConfUtils.java:logFallback(53)) - raft.server.rpc.first-election.timeout.min = 1s (fallback to raft.server.rpc.timeout.min)
2024-04-29 10:04:39,089 [om1@group-C5BA1605619E-FollowerState] INFO  server.RaftServerConfigKeys (ConfUtils.java:logFallback(53)) - raft.server.rpc.first-election.timeout.max = 1200ms (fallback to raft.server.rpc.timeout.max)
2024-04-29 10:04:39,090 [main] INFO  server.RaftServer (RaftServerProxy.java:startImpl(406)) - om1: start RPC server
2024-04-29 10:04:39,091 [main] INFO  server.GrpcService (GrpcService.java:startImpl(302)) - om1: GrpcService started, listening on 15096
2024-04-29 10:04:39,092 [JvmPauseMonitor12] INFO  util.JvmPauseMonitor (JvmPauseMonitor.java:run(146)) - JvmPauseMonitor-om1: Started
2024-04-29 10:04:39,092 [main] INFO  om.OzoneManager (OzoneManager.java:start(1665)) - Version File has different layout version (6) than OM DB (null). That is expected if this OM has never been finalized to a newer layout version.
2024-04-29 10:04:39,097 [main] INFO  client.ScmTopologyClient (ScmTopologyClient.java:start(72)) - Initial network topology fetched from SCM: /.
2024-04-29 10:04:39,097 [main] INFO  net.NodeSchemaLoader (NodeSchemaLoader.java:loadSchemaFromFile(129)) - Loading schema from [file:/home/runner/work/ozone/ozone/hadoop-hdds/common/target/classes/network-topology-default.xml]
2024-04-29 10:04:39,097 [main] INFO  net.NodeSchemaLoader (NodeSchemaLoader.java:loadSchema(176)) - Loading network topology layer schema file
2024-04-29 10:04:39,108 [main] INFO  http.BaseHttpServer (BaseHttpServer.java:newHttpServer2BuilderForOzone(223)) - Starting Web-server for ozoneManager at: http://0.0.0.0:15094
2024-04-29 10:04:39,109 [main] INFO  http.BaseHttpServer (BaseHttpServer.java:<init>(110)) - Hadoop Security Enabled: false Ozone Security Enabled: false Ozone HTTP Security Enabled: false 
2024-04-29 10:04:39,110 [main] WARN  server.AuthenticationFilter (AuthenticationFilter.java:constructSecretProvider(240)) - Unable to initialize FileSignerSecretProvider, falling back to use random secrets. Reason: Could not read signature secret file: /home/runner/hadoop-http-auth-signature-secret
2024-04-29 10:04:39,111 [main] INFO  http.HttpRequestLog (HttpRequestLog.java:getRequestLog(86)) - Http request log for http.requests.ozoneManager is not defined
2024-04-29 10:04:39,113 [main] INFO  http.HttpServer2 (HttpServer2.java:addGlobalFilter(1036)) - Added global filter 'safety' (class=org.apache.hadoop.hdds.server.http.HttpServer2$QuotingInputFilter)
2024-04-29 10:04:39,113 [main] INFO  http.HttpServer2 (HttpServer2.java:addFilter(1012)) - Added filter static_user_filter (class=org.apache.hadoop.http.lib.StaticUserWebFilter$StaticUserFilter) to context ozoneManager
2024-04-29 10:04:39,113 [main] INFO  http.HttpServer2 (HttpServer2.java:addFilter(1020)) - Added filter static_user_filter (class=org.apache.hadoop.http.lib.StaticUserWebFilter$StaticUserFilter) to context static
2024-04-29 10:04:39,114 [main] INFO  http.HttpServer2 (HttpServer2.java:addFilter(1020)) - Added filter static_user_filter (class=org.apache.hadoop.http.lib.StaticUserWebFilter$StaticUserFilter) to context logs
2024-04-29 10:04:39,114 [main] INFO  http.BaseHttpServer (BaseHttpServer.java:<init>(189)) - HTTP server of ozoneManager uses base directory /home/runner/work/ozone/ozone/hadoop-ozone/integration-test/target/test-dir/MiniOzoneClusterImpl-b6e902a5-721a-459f-a115-5ddcd789b87e/ozone-meta/webserver
2024-04-29 10:04:39,114 [main] INFO  http.HttpServer2 (HttpServer2.java:bindListener(1236)) - Jetty bound to port 15094
2024-04-29 10:04:39,114 [main] INFO  server.Server (Server.java:doStart(375)) - jetty-9.4.54.v20240208; built: 2024-02-08T19:42:39.027Z; git: cef3fbd6d736a21e7d541a5db490381d95a2047d; jvm 17.0.10+7
2024-04-29 10:04:39,115 [main] INFO  server.session (DefaultSessionIdManager.java:doStart(334)) - DefaultSessionIdManager workerName=node0
2024-04-29 10:04:39,116 [main] INFO  server.session (DefaultSessionIdManager.java:doStart(339)) - No SessionScavenger set, using defaults
2024-04-29 10:04:39,116 [main] INFO  server.session (HouseKeeper.java:startScavenging(132)) - node0 Scavenging every 660000ms
2024-04-29 10:04:39,116 [main] INFO  handler.ContextHandler (ContextHandler.java:doStart(921)) - Started o.e.j.s.ServletContextHandler@366ed5c7{logs,/logs,file:///home/runner/work/ozone/ozone/hadoop-ozone/integration-test/target/log,AVAILABLE}
2024-04-29 10:04:39,117 [main] INFO  handler.ContextHandler (ContextHandler.java:doStart(921)) - Started o.e.j.s.ServletContextHandler@6232025{static,/static,file:///home/runner/work/ozone/ozone/hadoop-ozone/integration-test/target/test-classes/webapps/static,AVAILABLE}
2024-04-29 10:04:39,121 [main] INFO  handler.ContextHandler (ContextHandler.java:doStart(921)) - Started o.e.j.w.WebAppContext@4eb32d54{ozoneManager,/,file:///home/runner/work/ozone/ozone/hadoop-ozone/integration-test/target/test-classes/webapps/ozoneManager/,AVAILABLE}{file:/home/runner/work/ozone/ozone/hadoop-ozone/integration-test/target/test-classes/webapps/ozoneManager}
2024-04-29 10:04:39,121 [main] INFO  server.AbstractConnector (AbstractConnector.java:doStart(333)) - Started ServerConnector@1c17d98c{HTTP/1.1, (http/1.1)}{0.0.0.0:15094}
2024-04-29 10:04:39,122 [main] INFO  server.Server (Server.java:doStart(415)) - Started @46494ms
2024-04-29 10:04:39,122 [main] WARN  impl.MetricsSystemImpl (MetricsSystemImpl.java:register(279)) - Sink prometheus already exists!
2024-04-29 10:04:39,122 [main] INFO  http.BaseHttpServer (BaseHttpServer.java:updateConnectorAddress(354)) - HTTP server of ozoneManager listening at http://0.0.0.0:15094
2024-04-29 10:04:39,123 [IPC Server Responder] INFO  ipc.Server (Server.java:run(1562)) - IPC Server Responder: starting
2024-04-29 10:04:39,125 [IPC Server listener on 15093] INFO  ipc.Server (Server.java:run(1402)) - IPC Server listener on 15093: starting
2024-04-29 10:04:39,131 [main] INFO  om.OzoneManager (OzoneManager.java:startTrashEmptier(2121)) - Trash Interval set to 0. Files deleted won't move to trash
2024-04-29 10:04:39,151 [main] WARN  dropwizard3.Dm3MetricRegistriesImpl (Dm3MetricRegistriesImpl.java:addReporterRegistration(113)) - New reporters are added after registries were created. Some metrics will be missing from the reporter. Please add reporter before adding any new registry.
2024-04-29 10:04:39,151 [main] WARN  dropwizard3.Dm3MetricRegistriesImpl (Dm3MetricRegistriesImpl.java:addReporterRegistration(113)) - New reporters are added after registries were created. Some metrics will be missing from the reporter. Please add reporter before adding any new registry.
2024-04-29 10:04:39,151 [main] INFO  impl.MetricsSystemImpl (MetricsSystemImpl.java:init(158)) - HddsDatanode metrics system started (again)
2024-04-29 10:04:39,164 [main] INFO  ozone.HddsDatanodeService (HddsDatanodeService.java:start(240)) - HddsDatanodeService host:fv-az913-54.hn4i015bbztebps0p24f5airth.phxx.internal.cloudapp.net ip:10.1.0.39
2024-04-29 10:04:39,186 [main] INFO  upgrade.AbstractLayoutVersionManager (AbstractLayoutVersionManager.java:init(83)) - Initializing Layout version manager with metadata layout = HADOOP_PRC_PORTS_IN_DATANODEDETAILS (version = 7), software layout = HADOOP_PRC_PORTS_IN_DATANODEDETAILS (version = 7)
2024-04-29 10:04:39,187 [main] INFO  statemachine.DatanodeStateMachine (DatanodeStateMachine.java:getEndPointTaskThreadPoolSize(299)) - Datanode State Machine Task Thread Pool size 2
2024-04-29 10:04:39,190 [main] INFO  volume.HddsVolume (HddsVolume.java:<init>(126)) - Creating HddsVolume: /home/runner/work/ozone/ozone/hadoop-ozone/integration-test/target/test-dir/MiniOzoneClusterImpl-b6e902a5-721a-459f-a115-5ddcd789b87e/ozone-meta/datanode-1/data-0/hdds of storage type : DISK capacity : 9223372036854775807
2024-04-29 10:04:39,191 [main] INFO  volume.MutableVolumeSet (MutableVolumeSet.java:initializeVolumeSet(173)) - Added Volume : /home/runner/work/ozone/ozone/hadoop-ozone/integration-test/target/test-dir/MiniOzoneClusterImpl-b6e902a5-721a-459f-a115-5ddcd789b87e/ozone-meta/datanode-1/data-0/hdds to VolumeSet
2024-04-29 10:04:39,191 [main] INFO  volume.MutableVolumeSet (MutableVolumeSet.java:initializeVolumeSet(173)) - Added Volume : /home/runner/work/ozone/ozone/hadoop-ozone/integration-test/target/test-dir/MiniOzoneClusterImpl-b6e902a5-721a-459f-a115-5ddcd789b87e/ozone-meta/datanode-1/ratis to VolumeSet
2024-04-29 10:04:39,192 [main] INFO  ozoneimpl.OzoneContainer (HddsVolumeUtil.java:loadAllHddsVolumeDbStore(103)) - Load 1 volumes DbStore cost: 0ms
2024-04-29 10:04:39,195 [main] INFO  server.RaftServer (ConfUtils.java:logGet(46)) - raft.rpc.type = GRPC (default)
2024-04-29 10:04:39,195 [main] INFO  grpc.GrpcConfigKeys (ConfUtils.java:logFallback(53)) - raft.grpc.admin.host = null (fallback to raft.grpc.server.host)
2024-04-29 10:04:39,195 [main] INFO  grpc.GrpcConfigKeys (ConfUtils.java:logGet(46)) - raft.grpc.admin.port = 15102 (custom)
2024-04-29 10:04:39,195 [main] INFO  grpc.GrpcConfigKeys (ConfUtils.java:logFallback(53)) - raft.grpc.client.host = null (fallback to raft.grpc.server.host)
2024-04-29 10:04:39,195 [main] INFO  grpc.GrpcConfigKeys (ConfUtils.java:logGet(46)) - raft.grpc.client.port = 15101 (custom)
2024-04-29 10:04:39,195 [main] INFO  grpc.GrpcConfigKeys (ConfUtils.java:logGet(46)) - raft.grpc.server.host = null (default)
2024-04-29 10:04:39,195 [main] INFO  grpc.GrpcConfigKeys (ConfUtils.java:logGet(46)) - raft.grpc.server.port = 15103 (custom)
2024-04-29 10:04:39,196 [main] INFO  server.GrpcService (ConfUtils.java:logGet(46)) - raft.grpc.message.size.max = 32MB (=33554432) (custom)
2024-04-29 10:04:39,196 [main] INFO  server.RaftServerConfigKeys (ConfUtils.java:logGet(46)) - raft.server.log.appender.buffer.byte-limit = 8388608 (custom)
2024-04-29 10:04:39,196 [main] INFO  server.GrpcService (ConfUtils.java:logGet(46)) - raft.grpc.flow.control.window = 5MB (=5242880) (custom)
2024-04-29 10:04:39,196 [main] INFO  server.RaftServerConfigKeys (ConfUtils.java:logGet(46)) - raft.server.rpc.request.timeout = 3000ms (default)
2024-04-29 10:04:39,196 [main] INFO  grpc.GrpcConfigKeys (ConfUtils.java:logGet(46)) - raft.grpc.server.heartbeat.channel = true (default)
2024-04-29 10:04:39,196 [main] INFO  grpc.GrpcConfigKeys (ConfUtils.java:logGet(46)) - raft.grpc.server.async.request.thread.pool.cached = true (default)
2024-04-29 10:04:39,196 [main] INFO  grpc.GrpcConfigKeys (ConfUtils.java:logGet(46)) - raft.grpc.server.async.request.thread.pool.size = 32 (default)
2024-04-29 10:04:39,198 [main] INFO  impl.DataStreamServerImpl (ConfUtils.java:logGet(46)) - raft.datastream.type = NETTY (custom)
2024-04-29 10:04:39,199 [main] INFO  server.RaftServerConfigKeys (ConfUtils.java:logGet(46)) - raft.server.data-stream.async.request.thread.pool.cached = false (default)
2024-04-29 10:04:39,199 [main] INFO  server.RaftServerConfigKeys (ConfUtils.java:logGet(46)) - raft.server.data-stream.async.request.thread.pool.size = 20 (custom)
2024-04-29 10:04:39,199 [main] INFO  server.RaftServerConfigKeys (ConfUtils.java:logGet(46)) - raft.server.data-stream.async.write.thread.pool.size = 16 (default)
2024-04-29 10:04:39,199 [main] INFO  netty.NettyConfigKeys$DataStream (ConfUtils.java:logGet(46)) - raft.netty.dataStream.server.channel.inactive.grace-period = 10min (default)
2024-04-29 10:04:39,199 [main] INFO  server.RaftServerConfigKeys (ConfUtils.java:logGet(46)) - raft.server.data-stream.client.pool.size = 10 (default)
2024-04-29 10:04:39,199 [main] INFO  netty.NettyConfigKeys$DataStream (ConfUtils.java:logGet(46)) - raft.netty.dataStream.server.use-epoll = true (default)
2024-04-29 10:04:39,199 [main] INFO  netty.NettyConfigKeys$DataStream (ConfUtils.java:logGet(46)) - raft.netty.dataStream.server.boss-group.size = 0 (default)
2024-04-29 10:04:39,199 [main] INFO  netty.NettyUtils (NettyUtils.java:newEventLoopGroup(69)) - Create EpollEventLoopGroup for 6d197fbd-467e-45ff-9898-42ed1c21d5d8-NettyServerStreamRpc-bossGroup; Thread size is 0.
2024-04-29 10:04:39,200 [main] INFO  netty.NettyConfigKeys$DataStream (ConfUtils.java:logGet(46)) - raft.netty.dataStream.server.worker-group.size = 0 (default)
2024-04-29 10:04:39,200 [main] INFO  netty.NettyUtils (NettyUtils.java:newEventLoopGroup(69)) - Create EpollEventLoopGroup for 6d197fbd-467e-45ff-9898-42ed1c21d5d8-NettyServerStreamRpc-workerGroup; Thread size is 0.
2024-04-29 10:04:39,200 [main] INFO  netty.NettyConfigKeys$DataStream (ConfUtils.java:logGet(46)) - raft.netty.dataStream.server.tls.conf = null (default)
2024-04-29 10:04:39,200 [main] INFO  netty.NettyConfigKeys$DataStream (ConfUtils.java:logGet(46)) - raft.netty.dataStream.host = null (default)
2024-04-29 10:04:39,200 [main] INFO  netty.NettyConfigKeys$DataStream (ConfUtils.java:logGet(46)) - raft.netty.dataStream.port = 15104 (custom)
2024-04-29 10:04:39,201 [main] INFO  server.RaftServerConfigKeys (ConfUtils.java:logGet(46)) - raft.server.sleep.deviation.threshold = 300ms (default)
2024-04-29 10:04:39,201 [main] INFO  server.RaftServerConfigKeys (ConfUtils.java:logGet(46)) - raft.server.close.threshold = 60s (default)
2024-04-29 10:04:39,201 [main] INFO  server.RaftServerConfigKeys (ConfUtils.java:logGet(46)) - raft.server.leaderelection.leader.step-down.wait-time = 10s (default)
2024-04-29 10:04:39,202 [main] INFO  server.RaftServerConfigKeys (ConfUtils.java:logGet(46)) - raft.server.storage.dir = [/home/runner/work/ozone/ozone/hadoop-ozone/integration-test/target/test-dir/MiniOzoneClusterImpl-b6e902a5-721a-459f-a115-5ddcd789b87e/ozone-meta/datanode-1/ratis] (custom)
2024-04-29 10:04:39,202 [main] INFO  server.RaftServerConfigKeys (ConfUtils.java:logGet(46)) - raft.server.threadpool.proxy.cached = true (default)
2024-04-29 10:04:39,202 [main] INFO  server.RaftServerConfigKeys (ConfUtils.java:logGet(46)) - raft.server.threadpool.proxy.size = 0 (default)
2024-04-29 10:04:39,202 [6d197fbd-467e-45ff-9898-42ed1c21d5d8-NettyServerStreamRpc-bossGroup--thread1] INFO  logging.LoggingHandler (AbstractInternalLogger.java:log(148)) - [id: 0x21827849] REGISTERED
2024-04-29 10:04:39,203 [6d197fbd-467e-45ff-9898-42ed1c21d5d8-NettyServerStreamRpc-bossGroup--thread1] INFO  logging.LoggingHandler (AbstractInternalLogger.java:log(148)) - [id: 0x21827849] BIND: 0.0.0.0/0.0.0.0:15104
2024-04-29 10:04:39,203 [6d197fbd-467e-45ff-9898-42ed1c21d5d8-NettyServerStreamRpc-bossGroup--thread1] INFO  logging.LoggingHandler (AbstractInternalLogger.java:log(148)) - [id: 0x21827849, L:/0.0.0.0:15104] ACTIVE
2024-04-29 10:04:39,203 [6d197fbd-467e-45ff-9898-42ed1c21d5d8-impl-thread1] INFO  server.RaftServer (RaftServerProxy.java:initGroupDir(264)) - 6d197fbd-467e-45ff-9898-42ed1c21d5d8: found a subdirectory /home/runner/work/ozone/ozone/hadoop-ozone/integration-test/target/test-dir/MiniOzoneClusterImpl-b6e902a5-721a-459f-a115-5ddcd789b87e/ozone-meta/datanode-1/ratis/tmp
2024-04-29 10:04:39,204 [6d197fbd-467e-45ff-9898-42ed1c21d5d8-impl-thread1] INFO  server.RaftServer (RaftServerProxy.java:initGroupDir(269)) - 6d197fbd-467e-45ff-9898-42ed1c21d5d8: The directory /home/runner/work/ozone/ozone/hadoop-ozone/integration-test/target/test-dir/MiniOzoneClusterImpl-b6e902a5-721a-459f-a115-5ddcd789b87e/ozone-meta/datanode-1/ratis/tmp is not a group directory; ignoring it. 
2024-04-29 10:04:39,204 [main] INFO  replication.ReplicationServer (ReplicationServer.java:<init>(86)) - Initializing replication server with thread count = 10 queue length = 4096
2024-04-29 10:04:39,205 [main] INFO  server.XceiverServerGrpc (XceiverServerGrpc.java:<init>(141)) - GrpcServer channel type EpollServerSocketChannel
2024-04-29 10:04:39,207 [main] INFO  replication.ReplicationSupervisor (ReplicationSupervisor.java:build(157)) - Initializing replication supervisor with thread count = 10
2024-04-29 10:04:39,207 [main] INFO  replication.ReplicationSupervisor (ReplicationSupervisor.java:nodeStateUpdated(312)) - Node state updated to IN_SERVICE, scaling executor pool size to 10
2024-04-29 10:04:39,211 [main] INFO  http.BaseHttpServer (BaseHttpServer.java:newHttpServer2BuilderForOzone(223)) - Starting Web-server for hddsDatanode at: http://0.0.0.0:15098
2024-04-29 10:04:39,211 [main] INFO  http.BaseHttpServer (BaseHttpServer.java:<init>(110)) - Hadoop Security Enabled: false Ozone Security Enabled: false Ozone HTTP Security Enabled: false 
2024-04-29 10:04:39,212 [main] WARN  server.AuthenticationFilter (AuthenticationFilter.java:constructSecretProvider(240)) - Unable to initialize FileSignerSecretProvider, falling back to use random secrets. Reason: Could not read signature secret file: /home/runner/hadoop-http-auth-signature-secret
2024-04-29 10:04:39,213 [main] INFO  http.HttpRequestLog (HttpRequestLog.java:getRequestLog(86)) - Http request log for http.requests.hddsDatanode is not defined
2024-04-29 10:04:39,214 [main] INFO  http.HttpServer2 (HttpServer2.java:addGlobalFilter(1036)) - Added global filter 'safety' (class=org.apache.hadoop.hdds.server.http.HttpServer2$QuotingInputFilter)
2024-04-29 10:04:39,215 [main] INFO  http.HttpServer2 (HttpServer2.java:addFilter(1012)) - Added filter static_user_filter (class=org.apache.hadoop.http.lib.StaticUserWebFilter$StaticUserFilter) to context hddsDatanode
2024-04-29 10:04:39,215 [main] INFO  http.HttpServer2 (HttpServer2.java:addFilter(1020)) - Added filter static_user_filter (class=org.apache.hadoop.http.lib.StaticUserWebFilter$StaticUserFilter) to context static
2024-04-29 10:04:39,215 [main] INFO  http.HttpServer2 (HttpServer2.java:addFilter(1020)) - Added filter static_user_filter (class=org.apache.hadoop.http.lib.StaticUserWebFilter$StaticUserFilter) to context logs
2024-04-29 10:04:39,216 [main] INFO  http.BaseHttpServer (BaseHttpServer.java:<init>(189)) - HTTP server of hddsDatanode uses base directory /home/runner/work/ozone/ozone/hadoop-ozone/integration-test/target/test-dir/MiniOzoneClusterImpl-b6e902a5-721a-459f-a115-5ddcd789b87e/ozone-meta/datanode-1/meta/webserver
2024-04-29 10:04:39,216 [main] INFO  http.HttpServer2 (HttpServer2.java:bindListener(1236)) - Jetty bound to port 15098
2024-04-29 10:04:39,216 [main] INFO  server.Server (Server.java:doStart(375)) - jetty-9.4.54.v20240208; built: 2024-02-08T19:42:39.027Z; git: cef3fbd6d736a21e7d541a5db490381d95a2047d; jvm 17.0.10+7
2024-04-29 10:04:39,227 [main] INFO  server.session (DefaultSessionIdManager.java:doStart(334)) - DefaultSessionIdManager workerName=node0
2024-04-29 10:04:39,227 [main] INFO  server.session (DefaultSessionIdManager.java:doStart(339)) - No SessionScavenger set, using defaults
2024-04-29 10:04:39,227 [main] INFO  server.session (HouseKeeper.java:startScavenging(132)) - node0 Scavenging every 600000ms
2024-04-29 10:04:39,228 [main] INFO  handler.ContextHandler (ContextHandler.java:doStart(921)) - Started o.e.j.s.ServletContextHandler@20309fde{logs,/logs,file:///home/runner/work/ozone/ozone/hadoop-ozone/integration-test/target/log,AVAILABLE}
2024-04-29 10:04:39,228 [main] INFO  handler.ContextHandler (ContextHandler.java:doStart(921)) - Started o.e.j.s.ServletContextHandler@4063af6{static,/static,file:///home/runner/work/ozone/ozone/hadoop-hdds/container-service/target/classes/webapps/static,AVAILABLE}
2024-04-29 10:04:39,231 [main] INFO  handler.ContextHandler (ContextHandler.java:doStart(921)) - Started o.e.j.w.WebAppContext@4fa8389b{hddsDatanode,/,file:///home/runner/work/ozone/ozone/hadoop-hdds/container-service/target/classes/webapps/hddsDatanode/,AVAILABLE}{file:/home/runner/work/ozone/ozone/hadoop-hdds/container-service/target/classes/webapps/hddsDatanode}
2024-04-29 10:04:39,232 [main] INFO  server.AbstractConnector (AbstractConnector.java:doStart(333)) - Started ServerConnector@2d7ee91c{HTTP/1.1, (http/1.1)}{0.0.0.0:15098}
2024-04-29 10:04:39,232 [main] INFO  server.Server (Server.java:doStart(415)) - Started @46605ms
2024-04-29 10:04:39,232 [main] WARN  impl.MetricsSystemImpl (MetricsSystemImpl.java:register(279)) - Sink prometheus already exists!
2024-04-29 10:04:39,233 [main] INFO  http.BaseHttpServer (BaseHttpServer.java:updateConnectorAddress(354)) - HTTP server of hddsDatanode listening at http://0.0.0.0:15098
2024-04-29 10:04:39,233 [main] INFO  ipc.CallQueueManager (CallQueueManager.java:<init>(90)) - Using callQueue: class java.util.concurrent.LinkedBlockingQueue, queueCapacity: 100, scheduler: class org.apache.hadoop.ipc.DefaultRpcScheduler, ipcBackoff: false.
2024-04-29 10:04:39,233 [main] INFO  ipc.Server (Server.java:<init>(1287)) - Listener at 0.0.0.0:15099
2024-04-29 10:04:39,234 [Socket Reader #1 for port 15099] INFO  ipc.Server (Server.java:run(1323)) - Starting Socket Reader #1 for port 15099
2024-04-29 10:04:39,235 [main] INFO  ozone.HddsDatanodeService (HddsDatanodeService.java:start(327)) - Datanode start with admins: [runner]
2024-04-29 10:04:39,235 [main] INFO  ozone.HddsDatanodeClientProtocolServer (HddsDatanodeClientProtocolServer.java:start(77)) - RPC server for Client /0.0.0.0:15099
2024-04-29 10:04:39,236 [IPC Server Responder] INFO  ipc.Server (Server.java:run(1562)) - IPC Server Responder: starting
2024-04-29 10:04:39,236 [IPC Server listener on 15099] INFO  ipc.Server (Server.java:run(1402)) - IPC Server listener on 15099: starting
2024-04-29 10:04:39,236 [6d197fbd-467e-45ff-9898-42ed1c21d5d8-DatanodeStateMachineDaemonThread] INFO  statemachine.DatanodeStateMachine (DatanodeStateMachine.java:lambda$startDaemon$1(555)) - Ozone container server started.
2024-04-29 10:04:39,237 [main] WARN  dropwizard3.Dm3MetricRegistriesImpl (Dm3MetricRegistriesImpl.java:addReporterRegistration(113)) - New reporters are added after registries were created. Some metrics will be missing from the reporter. Please add reporter before adding any new registry.
2024-04-29 10:04:39,237 [main] WARN  dropwizard3.Dm3MetricRegistriesImpl (Dm3MetricRegistriesImpl.java:addReporterRegistration(113)) - New reporters are added after registries were created. Some metrics will be missing from the reporter. Please add reporter before adding any new registry.
2024-04-29 10:04:39,238 [main] INFO  impl.MetricsSystemImpl (MetricsSystemImpl.java:init(158)) - HddsDatanode metrics system started (again)
2024-04-29 10:04:39,243 [6d197fbd-467e-45ff-9898-42ed1c21d5d8-DatanodeStateMachineTaskThread-0] INFO  datanode.InitDatanodeState (InitDatanodeState.java:persistContainerDatanodeDetails(139)) - DatanodeDetails is persisted to /home/runner/work/ozone/ozone/hadoop-ozone/integration-test/target/test-dir/MiniOzoneClusterImpl-b6e902a5-721a-459f-a115-5ddcd789b87e/ozone-meta/datanode-1/meta/datanode.id
2024-04-29 10:04:39,247 [main] INFO  ozone.HddsDatanodeService (HddsDatanodeService.java:start(240)) - HddsDatanodeService host:fv-az913-54.hn4i015bbztebps0p24f5airth.phxx.internal.cloudapp.net ip:10.1.0.39
2024-04-29 10:04:39,267 [main] INFO  upgrade.AbstractLayoutVersionManager (AbstractLayoutVersionManager.java:init(83)) - Initializing Layout version manager with metadata layout = HADOOP_PRC_PORTS_IN_DATANODEDETAILS (version = 7), software layout = HADOOP_PRC_PORTS_IN_DATANODEDETAILS (version = 7)
2024-04-29 10:04:39,268 [main] INFO  statemachine.DatanodeStateMachine (DatanodeStateMachine.java:getEndPointTaskThreadPoolSize(299)) - Datanode State Machine Task Thread Pool size 2
2024-04-29 10:04:39,269 [main] INFO  volume.HddsVolume (HddsVolume.java:<init>(126)) - Creating HddsVolume: /home/runner/work/ozone/ozone/hadoop-ozone/integration-test/target/test-dir/MiniOzoneClusterImpl-b6e902a5-721a-459f-a115-5ddcd789b87e/ozone-meta/datanode-2/data-0/hdds of storage type : DISK capacity : 9223372036854775807
2024-04-29 10:04:39,269 [main] INFO  volume.MutableVolumeSet (MutableVolumeSet.java:initializeVolumeSet(173)) - Added Volume : /home/runner/work/ozone/ozone/hadoop-ozone/integration-test/target/test-dir/MiniOzoneClusterImpl-b6e902a5-721a-459f-a115-5ddcd789b87e/ozone-meta/datanode-2/data-0/hdds to VolumeSet
2024-04-29 10:04:39,270 [main] INFO  volume.MutableVolumeSet (MutableVolumeSet.java:initializeVolumeSet(173)) - Added Volume : /home/runner/work/ozone/ozone/hadoop-ozone/integration-test/target/test-dir/MiniOzoneClusterImpl-b6e902a5-721a-459f-a115-5ddcd789b87e/ozone-meta/datanode-2/ratis to VolumeSet
2024-04-29 10:04:39,270 [main] INFO  ozoneimpl.OzoneContainer (HddsVolumeUtil.java:loadAllHddsVolumeDbStore(103)) - Load 1 volumes DbStore cost: 0ms
2024-04-29 10:04:39,273 [main] INFO  server.RaftServer (ConfUtils.java:logGet(46)) - raft.rpc.type = GRPC (default)
2024-04-29 10:04:39,273 [main] INFO  grpc.GrpcConfigKeys (ConfUtils.java:logFallback(53)) - raft.grpc.admin.host = null (fallback to raft.grpc.server.host)
2024-04-29 10:04:39,273 [main] INFO  grpc.GrpcConfigKeys (ConfUtils.java:logGet(46)) - raft.grpc.admin.port = 15111 (custom)
2024-04-29 10:04:39,273 [main] INFO  grpc.GrpcConfigKeys (ConfUtils.java:logFallback(53)) - raft.grpc.client.host = null (fallback to raft.grpc.server.host)
2024-04-29 10:04:39,273 [main] INFO  grpc.GrpcConfigKeys (ConfUtils.java:logGet(46)) - raft.grpc.client.port = 15110 (custom)
2024-04-29 10:04:39,273 [main] INFO  grpc.GrpcConfigKeys (ConfUtils.java:logGet(46)) - raft.grpc.server.host = null (default)
2024-04-29 10:04:39,273 [main] INFO  grpc.GrpcConfigKeys (ConfUtils.java:logGet(46)) - raft.grpc.server.port = 15112 (custom)
2024-04-29 10:04:39,273 [main] INFO  server.GrpcService (ConfUtils.java:logGet(46)) - raft.grpc.message.size.max = 32MB (=33554432) (custom)
2024-04-29 10:04:39,274 [main] INFO  server.RaftServerConfigKeys (ConfUtils.java:logGet(46)) - raft.server.log.appender.buffer.byte-limit = 8388608 (custom)
2024-04-29 10:04:39,274 [main] INFO  server.GrpcService (ConfUtils.java:logGet(46)) - raft.grpc.flow.control.window = 5MB (=5242880) (custom)
2024-04-29 10:04:39,274 [main] INFO  server.RaftServerConfigKeys (ConfUtils.java:logGet(46)) - raft.server.rpc.request.timeout = 3000ms (default)
2024-04-29 10:04:39,274 [main] INFO  grpc.GrpcConfigKeys (ConfUtils.java:logGet(46)) - raft.grpc.server.heartbeat.channel = true (default)
2024-04-29 10:04:39,274 [main] INFO  grpc.GrpcConfigKeys (ConfUtils.java:logGet(46)) - raft.grpc.server.async.request.thread.pool.cached = true (default)
2024-04-29 10:04:39,274 [main] INFO  grpc.GrpcConfigKeys (ConfUtils.java:logGet(46)) - raft.grpc.server.async.request.thread.pool.size = 32 (default)
2024-04-29 10:04:39,276 [main] INFO  impl.DataStreamServerImpl (ConfUtils.java:logGet(46)) - raft.datastream.type = NETTY (custom)
2024-04-29 10:04:39,276 [main] INFO  server.RaftServerConfigKeys (ConfUtils.java:logGet(46)) - raft.server.data-stream.async.request.thread.pool.cached = false (default)
2024-04-29 10:04:39,276 [main] INFO  server.RaftServerConfigKeys (ConfUtils.java:logGet(46)) - raft.server.data-stream.async.request.thread.pool.size = 20 (custom)
2024-04-29 10:04:39,277 [main] INFO  server.RaftServerConfigKeys (ConfUtils.java:logGet(46)) - raft.server.data-stream.async.write.thread.pool.size = 16 (default)
2024-04-29 10:04:39,277 [main] INFO  netty.NettyConfigKeys$DataStream (ConfUtils.java:logGet(46)) - raft.netty.dataStream.server.channel.inactive.grace-period = 10min (default)
2024-04-29 10:04:39,277 [main] INFO  server.RaftServerConfigKeys (ConfUtils.java:logGet(46)) - raft.server.data-stream.client.pool.size = 10 (default)
2024-04-29 10:04:39,277 [main] INFO  netty.NettyConfigKeys$DataStream (ConfUtils.java:logGet(46)) - raft.netty.dataStream.server.use-epoll = true (default)
2024-04-29 10:04:39,277 [main] INFO  netty.NettyConfigKeys$DataStream (ConfUtils.java:logGet(46)) - raft.netty.dataStream.server.boss-group.size = 0 (default)
2024-04-29 10:04:39,277 [main] INFO  netty.NettyUtils (NettyUtils.java:newEventLoopGroup(69)) - Create EpollEventLoopGroup for c8077c05-0c4c-4631-a89d-68bd8471aee8-NettyServerStreamRpc-bossGroup; Thread size is 0.
2024-04-29 10:04:39,277 [main] INFO  netty.NettyConfigKeys$DataStream (ConfUtils.java:logGet(46)) - raft.netty.dataStream.server.worker-group.size = 0 (default)
2024-04-29 10:04:39,277 [main] INFO  netty.NettyUtils (NettyUtils.java:newEventLoopGroup(69)) - Create EpollEventLoopGroup for c8077c05-0c4c-4631-a89d-68bd8471aee8-NettyServerStreamRpc-workerGroup; Thread size is 0.
2024-04-29 10:04:39,278 [main] INFO  netty.NettyConfigKeys$DataStream (ConfUtils.java:logGet(46)) - raft.netty.dataStream.server.tls.conf = null (default)
2024-04-29 10:04:39,278 [main] INFO  netty.NettyConfigKeys$DataStream (ConfUtils.java:logGet(46)) - raft.netty.dataStream.host = null (default)
2024-04-29 10:04:39,278 [main] INFO  netty.NettyConfigKeys$DataStream (ConfUtils.java:logGet(46)) - raft.netty.dataStream.port = 15113 (custom)
2024-04-29 10:04:39,281 [main] INFO  server.RaftServerConfigKeys (ConfUtils.java:logGet(46)) - raft.server.sleep.deviation.threshold = 300ms (default)
2024-04-29 10:04:39,281 [main] INFO  server.RaftServerConfigKeys (ConfUtils.java:logGet(46)) - raft.server.close.threshold = 60s (default)
2024-04-29 10:04:39,282 [c8077c05-0c4c-4631-a89d-68bd8471aee8-NettyServerStreamRpc-bossGroup--thread1] INFO  logging.LoggingHandler (AbstractInternalLogger.java:log(148)) - [id: 0x7c4de12d] REGISTERED
2024-04-29 10:04:39,282 [c8077c05-0c4c-4631-a89d-68bd8471aee8-NettyServerStreamRpc-bossGroup--thread1] INFO  logging.LoggingHandler (AbstractInternalLogger.java:log(148)) - [id: 0x7c4de12d] BIND: 0.0.0.0/0.0.0.0:15113
2024-04-29 10:04:39,282 [c8077c05-0c4c-4631-a89d-68bd8471aee8-NettyServerStreamRpc-bossGroup--thread1] INFO  logging.LoggingHandler (AbstractInternalLogger.java:log(148)) - [id: 0x7c4de12d, L:/0.0.0.0:15113] ACTIVE
2024-04-29 10:04:39,282 [main] INFO  server.RaftServerConfigKeys (ConfUtils.java:logGet(46)) - raft.server.leaderelection.leader.step-down.wait-time = 10s (default)
2024-04-29 10:04:39,282 [main] INFO  server.RaftServerConfigKeys (ConfUtils.java:logGet(46)) - raft.server.storage.dir = [/home/runner/work/ozone/ozone/hadoop-ozone/integration-test/target/test-dir/MiniOzoneClusterImpl-b6e902a5-721a-459f-a115-5ddcd789b87e/ozone-meta/datanode-2/ratis] (custom)
2024-04-29 10:04:39,282 [main] INFO  server.RaftServerConfigKeys (ConfUtils.java:logGet(46)) - raft.server.threadpool.proxy.cached = true (default)
2024-04-29 10:04:39,282 [main] INFO  server.RaftServerConfigKeys (ConfUtils.java:logGet(46)) - raft.server.threadpool.proxy.size = 0 (default)
2024-04-29 10:04:39,283 [c8077c05-0c4c-4631-a89d-68bd8471aee8-impl-thread1] INFO  server.RaftServer (RaftServerProxy.java:initGroupDir(264)) - c8077c05-0c4c-4631-a89d-68bd8471aee8: found a subdirectory /home/runner/work/ozone/ozone/hadoop-ozone/integration-test/target/test-dir/MiniOzoneClusterImpl-b6e902a5-721a-459f-a115-5ddcd789b87e/ozone-meta/datanode-2/ratis/tmp
2024-04-29 10:04:39,283 [c8077c05-0c4c-4631-a89d-68bd8471aee8-impl-thread1] INFO  server.RaftServer (RaftServerProxy.java:initGroupDir(269)) - c8077c05-0c4c-4631-a89d-68bd8471aee8: The directory /home/runner/work/ozone/ozone/hadoop-ozone/integration-test/target/test-dir/MiniOzoneClusterImpl-b6e902a5-721a-459f-a115-5ddcd789b87e/ozone-meta/datanode-2/ratis/tmp is not a group directory; ignoring it. 
2024-04-29 10:04:39,283 [main] INFO  replication.ReplicationServer (ReplicationServer.java:<init>(86)) - Initializing replication server with thread count = 10 queue length = 4096
2024-04-29 10:04:39,284 [main] INFO  server.XceiverServerGrpc (XceiverServerGrpc.java:<init>(141)) - GrpcServer channel type EpollServerSocketChannel
2024-04-29 10:04:39,286 [main] INFO  replication.ReplicationSupervisor (ReplicationSupervisor.java:build(157)) - Initializing replication supervisor with thread count = 10
2024-04-29 10:04:39,286 [main] INFO  replication.ReplicationSupervisor (ReplicationSupervisor.java:nodeStateUpdated(312)) - Node state updated to IN_SERVICE, scaling executor pool size to 10
2024-04-29 10:04:39,291 [main] INFO  http.BaseHttpServer (BaseHttpServer.java:newHttpServer2BuilderForOzone(223)) - Starting Web-server for hddsDatanode at: http://0.0.0.0:15107
2024-04-29 10:04:39,291 [main] INFO  http.BaseHttpServer (BaseHttpServer.java:<init>(110)) - Hadoop Security Enabled: false Ozone Security Enabled: false Ozone HTTP Security Enabled: false 
2024-04-29 10:04:39,293 [main] WARN  server.AuthenticationFilter (AuthenticationFilter.java:constructSecretProvider(240)) - Unable to initialize FileSignerSecretProvider, falling back to use random secrets. Reason: Could not read signature secret file: /home/runner/hadoop-http-auth-signature-secret
2024-04-29 10:04:39,294 [main] INFO  http.HttpRequestLog (HttpRequestLog.java:getRequestLog(86)) - Http request log for http.requests.hddsDatanode is not defined
2024-04-29 10:04:39,295 [main] INFO  http.HttpServer2 (HttpServer2.java:addGlobalFilter(1036)) - Added global filter 'safety' (class=org.apache.hadoop.hdds.server.http.HttpServer2$QuotingInputFilter)
2024-04-29 10:04:39,297 [main] INFO  http.HttpServer2 (HttpServer2.java:addFilter(1012)) - Added filter static_user_filter (class=org.apache.hadoop.http.lib.StaticUserWebFilter$StaticUserFilter) to context hddsDatanode
2024-04-29 10:04:39,297 [main] INFO  http.HttpServer2 (HttpServer2.java:addFilter(1020)) - Added filter static_user_filter (class=org.apache.hadoop.http.lib.StaticUserWebFilter$StaticUserFilter) to context logs
2024-04-29 10:04:39,297 [main] INFO  http.HttpServer2 (HttpServer2.java:addFilter(1020)) - Added filter static_user_filter (class=org.apache.hadoop.http.lib.StaticUserWebFilter$StaticUserFilter) to context static
2024-04-29 10:04:39,298 [main] INFO  http.BaseHttpServer (BaseHttpServer.java:<init>(189)) - HTTP server of hddsDatanode uses base directory /home/runner/work/ozone/ozone/hadoop-ozone/integration-test/target/test-dir/MiniOzoneClusterImpl-b6e902a5-721a-459f-a115-5ddcd789b87e/ozone-meta/datanode-2/meta/webserver
2024-04-29 10:04:39,298 [main] INFO  http.HttpServer2 (HttpServer2.java:bindListener(1236)) - Jetty bound to port 15107
2024-04-29 10:04:39,298 [main] INFO  server.Server (Server.java:doStart(375)) - jetty-9.4.54.v20240208; built: 2024-02-08T19:42:39.027Z; git: cef3fbd6d736a21e7d541a5db490381d95a2047d; jvm 17.0.10+7
2024-04-29 10:04:39,299 [main] INFO  server.session (DefaultSessionIdManager.java:doStart(334)) - DefaultSessionIdManager workerName=node0
2024-04-29 10:04:39,299 [main] INFO  server.session (DefaultSessionIdManager.java:doStart(339)) - No SessionScavenger set, using defaults
2024-04-29 10:04:39,299 [main] INFO  server.session (HouseKeeper.java:startScavenging(132)) - node0 Scavenging every 600000ms
2024-04-29 10:04:39,300 [main] INFO  handler.ContextHandler (ContextHandler.java:doStart(921)) - Started o.e.j.s.ServletContextHandler@2800b3a9{logs,/logs,file:///home/runner/work/ozone/ozone/hadoop-ozone/integration-test/target/log,AVAILABLE}
2024-04-29 10:04:39,300 [main] INFO  handler.ContextHandler (ContextHandler.java:doStart(921)) - Started o.e.j.s.ServletContextHandler@74d3c448{static,/static,file:///home/runner/work/ozone/ozone/hadoop-hdds/container-service/target/classes/webapps/static,AVAILABLE}
2024-04-29 10:04:39,304 [main] INFO  handler.ContextHandler (ContextHandler.java:doStart(921)) - Started o.e.j.w.WebAppContext@31b07a16{hddsDatanode,/,file:///home/runner/work/ozone/ozone/hadoop-hdds/container-service/target/classes/webapps/hddsDatanode/,AVAILABLE}{file:/home/runner/work/ozone/ozone/hadoop-hdds/container-service/target/classes/webapps/hddsDatanode}
2024-04-29 10:04:39,304 [main] INFO  server.AbstractConnector (AbstractConnector.java:doStart(333)) - Started ServerConnector@71ad18e6{HTTP/1.1, (http/1.1)}{0.0.0.0:15107}
2024-04-29 10:04:39,305 [main] INFO  server.Server (Server.java:doStart(415)) - Started @46677ms
2024-04-29 10:04:39,305 [main] WARN  impl.MetricsSystemImpl (MetricsSystemImpl.java:register(279)) - Sink prometheus already exists!
2024-04-29 10:04:39,305 [main] INFO  http.BaseHttpServer (BaseHttpServer.java:updateConnectorAddress(354)) - HTTP server of hddsDatanode listening at http://0.0.0.0:15107
2024-04-29 10:04:39,305 [main] INFO  ipc.CallQueueManager (CallQueueManager.java:<init>(90)) - Using callQueue: class java.util.concurrent.LinkedBlockingQueue, queueCapacity: 100, scheduler: class org.apache.hadoop.ipc.DefaultRpcScheduler, ipcBackoff: false.
2024-04-29 10:04:39,305 [main] INFO  ipc.Server (Server.java:<init>(1287)) - Listener at 0.0.0.0:15108
2024-04-29 10:04:39,306 [Socket Reader #1 for port 15108] INFO  ipc.Server (Server.java:run(1323)) - Starting Socket Reader #1 for port 15108
2024-04-29 10:04:39,307 [main] INFO  ozone.HddsDatanodeService (HddsDatanodeService.java:start(327)) - Datanode start with admins: [runner]
2024-04-29 10:04:39,307 [main] INFO  ozone.HddsDatanodeClientProtocolServer (HddsDatanodeClientProtocolServer.java:start(77)) - RPC server for Client /0.0.0.0:15108
2024-04-29 10:04:39,308 [IPC Server Responder] INFO  ipc.Server (Server.java:run(1562)) - IPC Server Responder: starting
2024-04-29 10:04:39,309 [IPC Server listener on 15108] INFO  ipc.Server (Server.java:run(1402)) - IPC Server listener on 15108: starting
2024-04-29 10:04:39,309 [main] WARN  dropwizard3.Dm3MetricRegistriesImpl (Dm3MetricRegistriesImpl.java:addReporterRegistration(113)) - New reporters are added after registries were created. Some metrics will be missing from the reporter. Please add reporter before adding any new registry.
2024-04-29 10:04:39,309 [main] WARN  dropwizard3.Dm3MetricRegistriesImpl (Dm3MetricRegistriesImpl.java:addReporterRegistration(113)) - New reporters are added after registries were created. Some metrics will be missing from the reporter. Please add reporter before adding any new registry.
2024-04-29 10:04:39,309 [c8077c05-0c4c-4631-a89d-68bd8471aee8-DatanodeStateMachineDaemonThread] INFO  statemachine.DatanodeStateMachine (DatanodeStateMachine.java:lambda$startDaemon$1(555)) - Ozone container server started.
2024-04-29 10:04:39,309 [main] INFO  impl.MetricsSystemImpl (MetricsSystemImpl.java:init(158)) - HddsDatanode metrics system started (again)
2024-04-29 10:04:39,315 [c8077c05-0c4c-4631-a89d-68bd8471aee8-DatanodeStateMachineTaskThread-0] INFO  datanode.InitDatanodeState (InitDatanodeState.java:persistContainerDatanodeDetails(139)) - DatanodeDetails is persisted to /home/runner/work/ozone/ozone/hadoop-ozone/integration-test/target/test-dir/MiniOzoneClusterImpl-b6e902a5-721a-459f-a115-5ddcd789b87e/ozone-meta/datanode-2/meta/datanode.id
2024-04-29 10:04:39,321 [main] INFO  ozone.HddsDatanodeService (HddsDatanodeService.java:start(240)) - HddsDatanodeService host:fv-az913-54.hn4i015bbztebps0p24f5airth.phxx.internal.cloudapp.net ip:10.1.0.39
2024-04-29 10:04:39,346 [main] INFO  upgrade.AbstractLayoutVersionManager (AbstractLayoutVersionManager.java:init(83)) - Initializing Layout version manager with metadata layout = HADOOP_PRC_PORTS_IN_DATANODEDETAILS (version = 7), software layout = HADOOP_PRC_PORTS_IN_DATANODEDETAILS (version = 7)
2024-04-29 10:04:39,346 [main] INFO  statemachine.DatanodeStateMachine (DatanodeStateMachine.java:getEndPointTaskThreadPoolSize(299)) - Datanode State Machine Task Thread Pool size 2
2024-04-29 10:04:39,348 [main] INFO  volume.HddsVolume (HddsVolume.java:<init>(126)) - Creating HddsVolume: /home/runner/work/ozone/ozone/hadoop-ozone/integration-test/target/test-dir/MiniOzoneClusterImpl-b6e902a5-721a-459f-a115-5ddcd789b87e/ozone-meta/datanode-3/data-0/hdds of storage type : DISK capacity : 9223372036854775807
2024-04-29 10:04:39,348 [main] INFO  volume.MutableVolumeSet (MutableVolumeSet.java:initializeVolumeSet(173)) - Added Volume : /home/runner/work/ozone/ozone/hadoop-ozone/integration-test/target/test-dir/MiniOzoneClusterImpl-b6e902a5-721a-459f-a115-5ddcd789b87e/ozone-meta/datanode-3/data-0/hdds to VolumeSet
2024-04-29 10:04:39,348 [main] INFO  volume.MutableVolumeSet (MutableVolumeSet.java:initializeVolumeSet(173)) - Added Volume : /home/runner/work/ozone/ozone/hadoop-ozone/integration-test/target/test-dir/MiniOzoneClusterImpl-b6e902a5-721a-459f-a115-5ddcd789b87e/ozone-meta/datanode-3/ratis to VolumeSet
2024-04-29 10:04:39,349 [main] INFO  ozoneimpl.OzoneContainer (HddsVolumeUtil.java:loadAllHddsVolumeDbStore(103)) - Load 1 volumes DbStore cost: 0ms
2024-04-29 10:04:39,351 [main] INFO  server.RaftServer (ConfUtils.java:logGet(46)) - raft.rpc.type = GRPC (default)
2024-04-29 10:04:39,351 [main] INFO  grpc.GrpcConfigKeys (ConfUtils.java:logFallback(53)) - raft.grpc.admin.host = null (fallback to raft.grpc.server.host)
2024-04-29 10:04:39,351 [main] INFO  grpc.GrpcConfigKeys (ConfUtils.java:logGet(46)) - raft.grpc.admin.port = 15120 (custom)
2024-04-29 10:04:39,351 [main] INFO  grpc.GrpcConfigKeys (ConfUtils.java:logFallback(53)) - raft.grpc.client.host = null (fallback to raft.grpc.server.host)
2024-04-29 10:04:39,352 [main] INFO  grpc.GrpcConfigKeys (ConfUtils.java:logGet(46)) - raft.grpc.client.port = 15119 (custom)
2024-04-29 10:04:39,352 [main] INFO  grpc.GrpcConfigKeys (ConfUtils.java:logGet(46)) - raft.grpc.server.host = null (default)
2024-04-29 10:04:39,352 [main] INFO  grpc.GrpcConfigKeys (ConfUtils.java:logGet(46)) - raft.grpc.server.port = 15121 (custom)
2024-04-29 10:04:39,352 [main] INFO  server.GrpcService (ConfUtils.java:logGet(46)) - raft.grpc.message.size.max = 32MB (=33554432) (custom)
2024-04-29 10:04:39,352 [main] INFO  server.RaftServerConfigKeys (ConfUtils.java:logGet(46)) - raft.server.log.appender.buffer.byte-limit = 8388608 (custom)
2024-04-29 10:04:39,352 [main] INFO  server.GrpcService (ConfUtils.java:logGet(46)) - raft.grpc.flow.control.window = 5MB (=5242880) (custom)
2024-04-29 10:04:39,352 [main] INFO  server.RaftServerConfigKeys (ConfUtils.java:logGet(46)) - raft.server.rpc.request.timeout = 3000ms (default)
2024-04-29 10:04:39,352 [main] INFO  grpc.GrpcConfigKeys (ConfUtils.java:logGet(46)) - raft.grpc.server.heartbeat.channel = true (default)
2024-04-29 10:04:39,353 [main] INFO  grpc.GrpcConfigKeys (ConfUtils.java:logGet(46)) - raft.grpc.server.async.request.thread.pool.cached = true (default)
2024-04-29 10:04:39,353 [main] INFO  grpc.GrpcConfigKeys (ConfUtils.java:logGet(46)) - raft.grpc.server.async.request.thread.pool.size = 32 (default)
2024-04-29 10:04:39,355 [main] INFO  impl.DataStreamServerImpl (ConfUtils.java:logGet(46)) - raft.datastream.type = NETTY (custom)
2024-04-29 10:04:39,355 [main] INFO  server.RaftServerConfigKeys (ConfUtils.java:logGet(46)) - raft.server.data-stream.async.request.thread.pool.cached = false (default)
2024-04-29 10:04:39,355 [main] INFO  server.RaftServerConfigKeys (ConfUtils.java:logGet(46)) - raft.server.data-stream.async.request.thread.pool.size = 20 (custom)
2024-04-29 10:04:39,356 [main] INFO  server.RaftServerConfigKeys (ConfUtils.java:logGet(46)) - raft.server.data-stream.async.write.thread.pool.size = 16 (default)
2024-04-29 10:04:39,356 [main] INFO  netty.NettyConfigKeys$DataStream (ConfUtils.java:logGet(46)) - raft.netty.dataStream.server.channel.inactive.grace-period = 10min (default)
2024-04-29 10:04:39,356 [main] INFO  server.RaftServerConfigKeys (ConfUtils.java:logGet(46)) - raft.server.data-stream.client.pool.size = 10 (default)
2024-04-29 10:04:39,356 [main] INFO  netty.NettyConfigKeys$DataStream (ConfUtils.java:logGet(46)) - raft.netty.dataStream.server.use-epoll = true (default)
2024-04-29 10:04:39,356 [main] INFO  netty.NettyConfigKeys$DataStream (ConfUtils.java:logGet(46)) - raft.netty.dataStream.server.boss-group.size = 0 (default)
2024-04-29 10:04:39,356 [main] INFO  netty.NettyUtils (NettyUtils.java:newEventLoopGroup(69)) - Create EpollEventLoopGroup for 524d5d09-8d9b-4f5c-81d9-49f5f89fd079-NettyServerStreamRpc-bossGroup; Thread size is 0.
2024-04-29 10:04:39,357 [main] INFO  netty.NettyConfigKeys$DataStream (ConfUtils.java:logGet(46)) - raft.netty.dataStream.server.worker-group.size = 0 (default)
2024-04-29 10:04:39,357 [main] INFO  netty.NettyUtils (NettyUtils.java:newEventLoopGroup(69)) - Create EpollEventLoopGroup for 524d5d09-8d9b-4f5c-81d9-49f5f89fd079-NettyServerStreamRpc-workerGroup; Thread size is 0.
2024-04-29 10:04:39,357 [main] INFO  netty.NettyConfigKeys$DataStream (ConfUtils.java:logGet(46)) - raft.netty.dataStream.server.tls.conf = null (default)
2024-04-29 10:04:39,357 [main] INFO  netty.NettyConfigKeys$DataStream (ConfUtils.java:logGet(46)) - raft.netty.dataStream.host = null (default)
2024-04-29 10:04:39,358 [main] INFO  netty.NettyConfigKeys$DataStream (ConfUtils.java:logGet(46)) - raft.netty.dataStream.port = 15122 (custom)
2024-04-29 10:04:39,358 [main] INFO  server.RaftServerConfigKeys (ConfUtils.java:logGet(46)) - raft.server.sleep.deviation.threshold = 300ms (default)
2024-04-29 10:04:39,358 [main] INFO  server.RaftServerConfigKeys (ConfUtils.java:logGet(46)) - raft.server.close.threshold = 60s (default)
2024-04-29 10:04:39,358 [main] INFO  server.RaftServerConfigKeys (ConfUtils.java:logGet(46)) - raft.server.leaderelection.leader.step-down.wait-time = 10s (default)
2024-04-29 10:04:39,358 [524d5d09-8d9b-4f5c-81d9-49f5f89fd079-NettyServerStreamRpc-bossGroup--thread1] INFO  logging.LoggingHandler (AbstractInternalLogger.java:log(148)) - [id: 0xb5666ff9] REGISTERED
2024-04-29 10:04:39,358 [main] INFO  server.RaftServerConfigKeys (ConfUtils.java:logGet(46)) - raft.server.storage.dir = [/home/runner/work/ozone/ozone/hadoop-ozone/integration-test/target/test-dir/MiniOzoneClusterImpl-b6e902a5-721a-459f-a115-5ddcd789b87e/ozone-meta/datanode-3/ratis] (custom)
2024-04-29 10:04:39,358 [main] INFO  server.RaftServerConfigKeys (ConfUtils.java:logGet(46)) - raft.server.threadpool.proxy.cached = true (default)
2024-04-29 10:04:39,358 [524d5d09-8d9b-4f5c-81d9-49f5f89fd079-NettyServerStreamRpc-bossGroup--thread1] INFO  logging.LoggingHandler (AbstractInternalLogger.java:log(148)) - [id: 0xb5666ff9] BIND: 0.0.0.0/0.0.0.0:15122
2024-04-29 10:04:39,359 [main] INFO  server.RaftServerConfigKeys (ConfUtils.java:logGet(46)) - raft.server.threadpool.proxy.size = 0 (default)
2024-04-29 10:04:39,359 [524d5d09-8d9b-4f5c-81d9-49f5f89fd079-NettyServerStreamRpc-bossGroup--thread1] INFO  logging.LoggingHandler (AbstractInternalLogger.java:log(148)) - [id: 0xb5666ff9, L:/0.0.0.0:15122] ACTIVE
2024-04-29 10:04:39,359 [524d5d09-8d9b-4f5c-81d9-49f5f89fd079-impl-thread1] INFO  server.RaftServer (RaftServerProxy.java:initGroupDir(264)) - 524d5d09-8d9b-4f5c-81d9-49f5f89fd079: found a subdirectory /home/runner/work/ozone/ozone/hadoop-ozone/integration-test/target/test-dir/MiniOzoneClusterImpl-b6e902a5-721a-459f-a115-5ddcd789b87e/ozone-meta/datanode-3/ratis/tmp
2024-04-29 10:04:39,359 [524d5d09-8d9b-4f5c-81d9-49f5f89fd079-impl-thread1] INFO  server.RaftServer (RaftServerProxy.java:initGroupDir(269)) - 524d5d09-8d9b-4f5c-81d9-49f5f89fd079: The directory /home/runner/work/ozone/ozone/hadoop-ozone/integration-test/target/test-dir/MiniOzoneClusterImpl-b6e902a5-721a-459f-a115-5ddcd789b87e/ozone-meta/datanode-3/ratis/tmp is not a group directory; ignoring it. 
2024-04-29 10:04:39,360 [main] INFO  replication.ReplicationServer (ReplicationServer.java:<init>(86)) - Initializing replication server with thread count = 10 queue length = 4096
2024-04-29 10:04:39,361 [main] INFO  server.XceiverServerGrpc (XceiverServerGrpc.java:<init>(141)) - GrpcServer channel type EpollServerSocketChannel
2024-04-29 10:04:39,362 [main] INFO  replication.ReplicationSupervisor (ReplicationSupervisor.java:build(157)) - Initializing replication supervisor with thread count = 10
2024-04-29 10:04:39,362 [main] INFO  replication.ReplicationSupervisor (ReplicationSupervisor.java:nodeStateUpdated(312)) - Node state updated to IN_SERVICE, scaling executor pool size to 10
2024-04-29 10:04:39,364 [main] INFO  http.BaseHttpServer (BaseHttpServer.java:newHttpServer2BuilderForOzone(223)) - Starting Web-server for hddsDatanode at: http://0.0.0.0:15116
2024-04-29 10:04:39,364 [main] INFO  http.BaseHttpServer (BaseHttpServer.java:<init>(110)) - Hadoop Security Enabled: false Ozone Security Enabled: false Ozone HTTP Security Enabled: false 
2024-04-29 10:04:39,366 [main] WARN  server.AuthenticationFilter (AuthenticationFilter.java:constructSecretProvider(240)) - Unable to initialize FileSignerSecretProvider, falling back to use random secrets. Reason: Could not read signature secret file: /home/runner/hadoop-http-auth-signature-secret
2024-04-29 10:04:39,366 [main] INFO  http.HttpRequestLog (HttpRequestLog.java:getRequestLog(86)) - Http request log for http.requests.hddsDatanode is not defined
2024-04-29 10:04:39,367 [main] INFO  http.HttpServer2 (HttpServer2.java:addGlobalFilter(1036)) - Added global filter 'safety' (class=org.apache.hadoop.hdds.server.http.HttpServer2$QuotingInputFilter)
2024-04-29 10:04:39,368 [main] INFO  http.HttpServer2 (HttpServer2.java:addFilter(1012)) - Added filter static_user_filter (class=org.apache.hadoop.http.lib.StaticUserWebFilter$StaticUserFilter) to context hddsDatanode
2024-04-29 10:04:39,368 [main] INFO  http.HttpServer2 (HttpServer2.java:addFilter(1020)) - Added filter static_user_filter (class=org.apache.hadoop.http.lib.StaticUserWebFilter$StaticUserFilter) to context logs
2024-04-29 10:04:39,368 [main] INFO  http.HttpServer2 (HttpServer2.java:addFilter(1020)) - Added filter static_user_filter (class=org.apache.hadoop.http.lib.StaticUserWebFilter$StaticUserFilter) to context static
2024-04-29 10:04:39,369 [main] INFO  http.BaseHttpServer (BaseHttpServer.java:<init>(189)) - HTTP server of hddsDatanode uses base directory /home/runner/work/ozone/ozone/hadoop-ozone/integration-test/target/test-dir/MiniOzoneClusterImpl-b6e902a5-721a-459f-a115-5ddcd789b87e/ozone-meta/datanode-3/meta/webserver
2024-04-29 10:04:39,369 [main] INFO  http.HttpServer2 (HttpServer2.java:bindListener(1236)) - Jetty bound to port 15116
2024-04-29 10:04:39,370 [main] INFO  server.Server (Server.java:doStart(375)) - jetty-9.4.54.v20240208; built: 2024-02-08T19:42:39.027Z; git: cef3fbd6d736a21e7d541a5db490381d95a2047d; jvm 17.0.10+7
2024-04-29 10:04:39,377 [main] INFO  server.session (DefaultSessionIdManager.java:doStart(334)) - DefaultSessionIdManager workerName=node0
2024-04-29 10:04:39,378 [main] INFO  server.session (DefaultSessionIdManager.java:doStart(339)) - No SessionScavenger set, using defaults
2024-04-29 10:04:39,378 [main] INFO  server.session (HouseKeeper.java:startScavenging(132)) - node0 Scavenging every 660000ms
2024-04-29 10:04:39,382 [main] INFO  handler.ContextHandler (ContextHandler.java:doStart(921)) - Started o.e.j.s.ServletContextHandler@57f60b5e{logs,/logs,file:///home/runner/work/ozone/ozone/hadoop-ozone/integration-test/target/log,AVAILABLE}
2024-04-29 10:04:39,383 [main] INFO  handler.ContextHandler (ContextHandler.java:doStart(921)) - Started o.e.j.s.ServletContextHandler@7e8e2fc7{static,/static,file:///home/runner/work/ozone/ozone/hadoop-hdds/container-service/target/classes/webapps/static,AVAILABLE}
2024-04-29 10:04:39,394 [main] INFO  handler.ContextHandler (ContextHandler.java:doStart(921)) - Started o.e.j.w.WebAppContext@67367175{hddsDatanode,/,file:///home/runner/work/ozone/ozone/hadoop-hdds/container-service/target/classes/webapps/hddsDatanode/,AVAILABLE}{file:/home/runner/work/ozone/ozone/hadoop-hdds/container-service/target/classes/webapps/hddsDatanode}
2024-04-29 10:04:39,395 [main] INFO  server.AbstractConnector (AbstractConnector.java:doStart(333)) - Started ServerConnector@7a7ae0e1{HTTP/1.1, (http/1.1)}{0.0.0.0:15116}
2024-04-29 10:04:39,395 [main] INFO  server.Server (Server.java:doStart(415)) - Started @46768ms
2024-04-29 10:04:39,395 [main] WARN  impl.MetricsSystemImpl (MetricsSystemImpl.java:register(279)) - Sink prometheus already exists!
2024-04-29 10:04:39,396 [main] INFO  http.BaseHttpServer (BaseHttpServer.java:updateConnectorAddress(354)) - HTTP server of hddsDatanode listening at http://0.0.0.0:15116
2024-04-29 10:04:39,396 [main] INFO  ipc.CallQueueManager (CallQueueManager.java:<init>(90)) - Using callQueue: class java.util.concurrent.LinkedBlockingQueue, queueCapacity: 100, scheduler: class org.apache.hadoop.ipc.DefaultRpcScheduler, ipcBackoff: false.
2024-04-29 10:04:39,397 [main] INFO  ipc.Server (Server.java:<init>(1287)) - Listener at 0.0.0.0:15117
2024-04-29 10:04:39,397 [Socket Reader #1 for port 15117] INFO  ipc.Server (Server.java:run(1323)) - Starting Socket Reader #1 for port 15117
2024-04-29 10:04:39,399 [main] INFO  ozone.HddsDatanodeService (HddsDatanodeService.java:start(327)) - Datanode start with admins: [runner]
2024-04-29 10:04:39,399 [main] INFO  ozone.HddsDatanodeClientProtocolServer (HddsDatanodeClientProtocolServer.java:start(77)) - RPC server for Client /0.0.0.0:15117
2024-04-29 10:04:39,399 [IPC Server Responder] INFO  ipc.Server (Server.java:run(1562)) - IPC Server Responder: starting
2024-04-29 10:04:39,399 [IPC Server listener on 15117] INFO  ipc.Server (Server.java:run(1402)) - IPC Server listener on 15117: starting
2024-04-29 10:04:39,400 [main] WARN  dropwizard3.Dm3MetricRegistriesImpl (Dm3MetricRegistriesImpl.java:addReporterRegistration(113)) - New reporters are added after registries were created. Some metrics will be missing from the reporter. Please add reporter before adding any new registry.
2024-04-29 10:04:39,400 [main] WARN  dropwizard3.Dm3MetricRegistriesImpl (Dm3MetricRegistriesImpl.java:addReporterRegistration(113)) - New reporters are added after registries were created. Some metrics will be missing from the reporter. Please add reporter before adding any new registry.
2024-04-29 10:04:39,400 [main] INFO  impl.MetricsSystemImpl (MetricsSystemImpl.java:init(158)) - HddsDatanode metrics system started (again)
2024-04-29 10:04:39,405 [524d5d09-8d9b-4f5c-81d9-49f5f89fd079-DatanodeStateMachineDaemonThread] INFO  statemachine.DatanodeStateMachine (DatanodeStateMachine.java:lambda$startDaemon$1(555)) - Ozone container server started.
2024-04-29 10:04:39,409 [main] INFO  ozone.HddsDatanodeService (HddsDatanodeService.java:start(240)) - HddsDatanodeService host:fv-az913-54.hn4i015bbztebps0p24f5airth.phxx.internal.cloudapp.net ip:10.1.0.39
2024-04-29 10:04:39,410 [524d5d09-8d9b-4f5c-81d9-49f5f89fd079-DatanodeStateMachineTaskThread-0] INFO  datanode.InitDatanodeState (InitDatanodeState.java:persistContainerDatanodeDetails(139)) - DatanodeDetails is persisted to /home/runner/work/ozone/ozone/hadoop-ozone/integration-test/target/test-dir/MiniOzoneClusterImpl-b6e902a5-721a-459f-a115-5ddcd789b87e/ozone-meta/datanode-3/meta/datanode.id
2024-04-29 10:04:39,428 [main] INFO  upgrade.AbstractLayoutVersionManager (AbstractLayoutVersionManager.java:init(83)) - Initializing Layout version manager with metadata layout = HADOOP_PRC_PORTS_IN_DATANODEDETAILS (version = 7), software layout = HADOOP_PRC_PORTS_IN_DATANODEDETAILS (version = 7)
2024-04-29 10:04:39,429 [main] INFO  statemachine.DatanodeStateMachine (DatanodeStateMachine.java:getEndPointTaskThreadPoolSize(299)) - Datanode State Machine Task Thread Pool size 2
2024-04-29 10:04:39,430 [main] INFO  volume.HddsVolume (HddsVolume.java:<init>(126)) - Creating HddsVolume: /home/runner/work/ozone/ozone/hadoop-ozone/integration-test/target/test-dir/MiniOzoneClusterImpl-b6e902a5-721a-459f-a115-5ddcd789b87e/ozone-meta/datanode-4/data-0/hdds of storage type : DISK capacity : 9223372036854775807
2024-04-29 10:04:39,430 [main] INFO  volume.MutableVolumeSet (MutableVolumeSet.java:initializeVolumeSet(173)) - Added Volume : /home/runner/work/ozone/ozone/hadoop-ozone/integration-test/target/test-dir/MiniOzoneClusterImpl-b6e902a5-721a-459f-a115-5ddcd789b87e/ozone-meta/datanode-4/data-0/hdds to VolumeSet
2024-04-29 10:04:39,431 [main] INFO  volume.MutableVolumeSet (MutableVolumeSet.java:initializeVolumeSet(173)) - Added Volume : /home/runner/work/ozone/ozone/hadoop-ozone/integration-test/target/test-dir/MiniOzoneClusterImpl-b6e902a5-721a-459f-a115-5ddcd789b87e/ozone-meta/datanode-4/ratis to VolumeSet
2024-04-29 10:04:39,431 [main] INFO  ozoneimpl.OzoneContainer (HddsVolumeUtil.java:loadAllHddsVolumeDbStore(103)) - Load 1 volumes DbStore cost: 0ms
2024-04-29 10:04:39,434 [main] INFO  server.RaftServer (ConfUtils.java:logGet(46)) - raft.rpc.type = GRPC (default)
2024-04-29 10:04:39,434 [main] INFO  grpc.GrpcConfigKeys (ConfUtils.java:logFallback(53)) - raft.grpc.admin.host = null (fallback to raft.grpc.server.host)
2024-04-29 10:04:39,435 [main] INFO  grpc.GrpcConfigKeys (ConfUtils.java:logGet(46)) - raft.grpc.admin.port = 15129 (custom)
2024-04-29 10:04:39,435 [main] INFO  grpc.GrpcConfigKeys (ConfUtils.java:logFallback(53)) - raft.grpc.client.host = null (fallback to raft.grpc.server.host)
2024-04-29 10:04:39,435 [main] INFO  grpc.GrpcConfigKeys (ConfUtils.java:logGet(46)) - raft.grpc.client.port = 15128 (custom)
2024-04-29 10:04:39,436 [main] INFO  grpc.GrpcConfigKeys (ConfUtils.java:logGet(46)) - raft.grpc.server.host = null (default)
2024-04-29 10:04:39,436 [main] INFO  grpc.GrpcConfigKeys (ConfUtils.java:logGet(46)) - raft.grpc.server.port = 15130 (custom)
2024-04-29 10:04:39,437 [main] INFO  server.GrpcService (ConfUtils.java:logGet(46)) - raft.grpc.message.size.max = 32MB (=33554432) (custom)
2024-04-29 10:04:39,437 [main] INFO  server.RaftServerConfigKeys (ConfUtils.java:logGet(46)) - raft.server.log.appender.buffer.byte-limit = 8388608 (custom)
2024-04-29 10:04:39,437 [main] INFO  server.GrpcService (ConfUtils.java:logGet(46)) - raft.grpc.flow.control.window = 5MB (=5242880) (custom)
2024-04-29 10:04:39,438 [main] INFO  server.RaftServerConfigKeys (ConfUtils.java:logGet(46)) - raft.server.rpc.request.timeout = 3000ms (default)
2024-04-29 10:04:39,438 [main] INFO  grpc.GrpcConfigKeys (ConfUtils.java:logGet(46)) - raft.grpc.server.heartbeat.channel = true (default)
2024-04-29 10:04:39,438 [main] INFO  grpc.GrpcConfigKeys (ConfUtils.java:logGet(46)) - raft.grpc.server.async.request.thread.pool.cached = true (default)
2024-04-29 10:04:39,439 [main] INFO  grpc.GrpcConfigKeys (ConfUtils.java:logGet(46)) - raft.grpc.server.async.request.thread.pool.size = 32 (default)
2024-04-29 10:04:39,441 [main] INFO  impl.DataStreamServerImpl (ConfUtils.java:logGet(46)) - raft.datastream.type = NETTY (custom)
2024-04-29 10:04:39,442 [main] INFO  server.RaftServerConfigKeys (ConfUtils.java:logGet(46)) - raft.server.data-stream.async.request.thread.pool.cached = false (default)
2024-04-29 10:04:39,442 [main] INFO  server.RaftServerConfigKeys (ConfUtils.java:logGet(46)) - raft.server.data-stream.async.request.thread.pool.size = 20 (custom)
2024-04-29 10:04:39,442 [main] INFO  server.RaftServerConfigKeys (ConfUtils.java:logGet(46)) - raft.server.data-stream.async.write.thread.pool.size = 16 (default)
2024-04-29 10:04:39,443 [main] INFO  netty.NettyConfigKeys$DataStream (ConfUtils.java:logGet(46)) - raft.netty.dataStream.server.channel.inactive.grace-period = 10min (default)
2024-04-29 10:04:39,443 [main] INFO  server.RaftServerConfigKeys (ConfUtils.java:logGet(46)) - raft.server.data-stream.client.pool.size = 10 (default)
2024-04-29 10:04:39,444 [main] INFO  netty.NettyConfigKeys$DataStream (ConfUtils.java:logGet(46)) - raft.netty.dataStream.server.use-epoll = true (default)
2024-04-29 10:04:39,444 [main] INFO  netty.NettyConfigKeys$DataStream (ConfUtils.java:logGet(46)) - raft.netty.dataStream.server.boss-group.size = 0 (default)
2024-04-29 10:04:39,444 [main] INFO  netty.NettyUtils (NettyUtils.java:newEventLoopGroup(69)) - Create EpollEventLoopGroup for 5831c0ab-0161-4108-a889-4f6b2f65c3d1-NettyServerStreamRpc-bossGroup; Thread size is 0.
2024-04-29 10:04:39,445 [main] INFO  netty.NettyConfigKeys$DataStream (ConfUtils.java:logGet(46)) - raft.netty.dataStream.server.worker-group.size = 0 (default)
2024-04-29 10:04:39,445 [main] INFO  netty.NettyUtils (NettyUtils.java:newEventLoopGroup(69)) - Create EpollEventLoopGroup for 5831c0ab-0161-4108-a889-4f6b2f65c3d1-NettyServerStreamRpc-workerGroup; Thread size is 0.
2024-04-29 10:04:39,446 [main] INFO  netty.NettyConfigKeys$DataStream (ConfUtils.java:logGet(46)) - raft.netty.dataStream.server.tls.conf = null (default)
2024-04-29 10:04:39,446 [main] INFO  netty.NettyConfigKeys$DataStream (ConfUtils.java:logGet(46)) - raft.netty.dataStream.host = null (default)
2024-04-29 10:04:39,446 [main] INFO  netty.NettyConfigKeys$DataStream (ConfUtils.java:logGet(46)) - raft.netty.dataStream.port = 15131 (custom)
2024-04-29 10:04:39,447 [main] INFO  server.RaftServerConfigKeys (ConfUtils.java:logGet(46)) - raft.server.sleep.deviation.threshold = 300ms (default)
2024-04-29 10:04:39,447 [5831c0ab-0161-4108-a889-4f6b2f65c3d1-NettyServerStreamRpc-bossGroup--thread1] INFO  logging.LoggingHandler (AbstractInternalLogger.java:log(148)) - [id: 0x02935d71] REGISTERED
2024-04-29 10:04:39,448 [5831c0ab-0161-4108-a889-4f6b2f65c3d1-NettyServerStreamRpc-bossGroup--thread1] INFO  logging.LoggingHandler (AbstractInternalLogger.java:log(148)) - [id: 0x02935d71] BIND: 0.0.0.0/0.0.0.0:15131
2024-04-29 10:04:39,448 [5831c0ab-0161-4108-a889-4f6b2f65c3d1-NettyServerStreamRpc-bossGroup--thread1] INFO  logging.LoggingHandler (AbstractInternalLogger.java:log(148)) - [id: 0x02935d71, L:/0.0.0.0:15131] ACTIVE
2024-04-29 10:04:39,448 [main] INFO  server.RaftServerConfigKeys (ConfUtils.java:logGet(46)) - raft.server.close.threshold = 60s (default)
2024-04-29 10:04:39,449 [main] INFO  server.RaftServerConfigKeys (ConfUtils.java:logGet(46)) - raft.server.leaderelection.leader.step-down.wait-time = 10s (default)
2024-04-29 10:04:39,449 [main] INFO  server.RaftServerConfigKeys (ConfUtils.java:logGet(46)) - raft.server.storage.dir = [/home/runner/work/ozone/ozone/hadoop-ozone/integration-test/target/test-dir/MiniOzoneClusterImpl-b6e902a5-721a-459f-a115-5ddcd789b87e/ozone-meta/datanode-4/ratis] (custom)
2024-04-29 10:04:39,449 [main] INFO  server.RaftServerConfigKeys (ConfUtils.java:logGet(46)) - raft.server.threadpool.proxy.cached = true (default)
2024-04-29 10:04:39,450 [main] INFO  server.RaftServerConfigKeys (ConfUtils.java:logGet(46)) - raft.server.threadpool.proxy.size = 0 (default)
2024-04-29 10:04:39,450 [5831c0ab-0161-4108-a889-4f6b2f65c3d1-impl-thread1] INFO  server.RaftServer (RaftServerProxy.java:initGroupDir(264)) - 5831c0ab-0161-4108-a889-4f6b2f65c3d1: found a subdirectory /home/runner/work/ozone/ozone/hadoop-ozone/integration-test/target/test-dir/MiniOzoneClusterImpl-b6e902a5-721a-459f-a115-5ddcd789b87e/ozone-meta/datanode-4/ratis/tmp
2024-04-29 10:04:39,450 [5831c0ab-0161-4108-a889-4f6b2f65c3d1-impl-thread1] INFO  server.RaftServer (RaftServerProxy.java:initGroupDir(269)) - 5831c0ab-0161-4108-a889-4f6b2f65c3d1: The directory /home/runner/work/ozone/ozone/hadoop-ozone/integration-test/target/test-dir/MiniOzoneClusterImpl-b6e902a5-721a-459f-a115-5ddcd789b87e/ozone-meta/datanode-4/ratis/tmp is not a group directory; ignoring it. 
2024-04-29 10:04:39,451 [main] INFO  replication.ReplicationServer (ReplicationServer.java:<init>(86)) - Initializing replication server with thread count = 10 queue length = 4096
2024-04-29 10:04:39,452 [main] INFO  server.XceiverServerGrpc (XceiverServerGrpc.java:<init>(141)) - GrpcServer channel type EpollServerSocketChannel
2024-04-29 10:04:39,454 [main] INFO  replication.ReplicationSupervisor (ReplicationSupervisor.java:build(157)) - Initializing replication supervisor with thread count = 10
2024-04-29 10:04:39,454 [main] INFO  replication.ReplicationSupervisor (ReplicationSupervisor.java:nodeStateUpdated(312)) - Node state updated to IN_SERVICE, scaling executor pool size to 10
2024-04-29 10:04:39,456 [main] INFO  http.BaseHttpServer (BaseHttpServer.java:newHttpServer2BuilderForOzone(223)) - Starting Web-server for hddsDatanode at: http://0.0.0.0:15125
2024-04-29 10:04:39,456 [main] INFO  http.BaseHttpServer (BaseHttpServer.java:<init>(110)) - Hadoop Security Enabled: false Ozone Security Enabled: false Ozone HTTP Security Enabled: false 
2024-04-29 10:04:39,457 [main] WARN  server.AuthenticationFilter (AuthenticationFilter.java:constructSecretProvider(240)) - Unable to initialize FileSignerSecretProvider, falling back to use random secrets. Reason: Could not read signature secret file: /home/runner/hadoop-http-auth-signature-secret
2024-04-29 10:04:39,458 [main] INFO  http.HttpRequestLog (HttpRequestLog.java:getRequestLog(86)) - Http request log for http.requests.hddsDatanode is not defined
2024-04-29 10:04:39,459 [main] INFO  http.HttpServer2 (HttpServer2.java:addGlobalFilter(1036)) - Added global filter 'safety' (class=org.apache.hadoop.hdds.server.http.HttpServer2$QuotingInputFilter)
2024-04-29 10:04:39,460 [main] INFO  http.HttpServer2 (HttpServer2.java:addFilter(1012)) - Added filter static_user_filter (class=org.apache.hadoop.http.lib.StaticUserWebFilter$StaticUserFilter) to context hddsDatanode
2024-04-29 10:04:39,460 [main] INFO  http.HttpServer2 (HttpServer2.java:addFilter(1020)) - Added filter static_user_filter (class=org.apache.hadoop.http.lib.StaticUserWebFilter$StaticUserFilter) to context static
2024-04-29 10:04:39,460 [main] INFO  http.HttpServer2 (HttpServer2.java:addFilter(1020)) - Added filter static_user_filter (class=org.apache.hadoop.http.lib.StaticUserWebFilter$StaticUserFilter) to context logs
2024-04-29 10:04:39,460 [main] INFO  http.BaseHttpServer (BaseHttpServer.java:<init>(189)) - HTTP server of hddsDatanode uses base directory /home/runner/work/ozone/ozone/hadoop-ozone/integration-test/target/test-dir/MiniOzoneClusterImpl-b6e902a5-721a-459f-a115-5ddcd789b87e/ozone-meta/datanode-4/meta/webserver
2024-04-29 10:04:39,460 [main] INFO  http.HttpServer2 (HttpServer2.java:bindListener(1236)) - Jetty bound to port 15125
2024-04-29 10:04:39,461 [main] INFO  server.Server (Server.java:doStart(375)) - jetty-9.4.54.v20240208; built: 2024-02-08T19:42:39.027Z; git: cef3fbd6d736a21e7d541a5db490381d95a2047d; jvm 17.0.10+7
2024-04-29 10:04:39,464 [main] INFO  server.session (DefaultSessionIdManager.java:doStart(334)) - DefaultSessionIdManager workerName=node0
2024-04-29 10:04:39,465 [main] INFO  server.session (DefaultSessionIdManager.java:doStart(339)) - No SessionScavenger set, using defaults
2024-04-29 10:04:39,465 [main] INFO  server.session (HouseKeeper.java:startScavenging(132)) - node0 Scavenging every 600000ms
2024-04-29 10:04:39,465 [main] INFO  handler.ContextHandler (ContextHandler.java:doStart(921)) - Started o.e.j.s.ServletContextHandler@735ae7f5{logs,/logs,file:///home/runner/work/ozone/ozone/hadoop-ozone/integration-test/target/log,AVAILABLE}
2024-04-29 10:04:39,465 [main] INFO  handler.ContextHandler (ContextHandler.java:doStart(921)) - Started o.e.j.s.ServletContextHandler@604d0523{static,/static,file:///home/runner/work/ozone/ozone/hadoop-hdds/container-service/target/classes/webapps/static,AVAILABLE}
2024-04-29 10:04:39,469 [main] INFO  handler.ContextHandler (ContextHandler.java:doStart(921)) - Started o.e.j.w.WebAppContext@591e5480{hddsDatanode,/,file:///home/runner/work/ozone/ozone/hadoop-hdds/container-service/target/classes/webapps/hddsDatanode/,AVAILABLE}{file:/home/runner/work/ozone/ozone/hadoop-hdds/container-service/target/classes/webapps/hddsDatanode}
2024-04-29 10:04:39,470 [main] INFO  server.AbstractConnector (AbstractConnector.java:doStart(333)) - Started ServerConnector@6b22bd04{HTTP/1.1, (http/1.1)}{0.0.0.0:15125}
2024-04-29 10:04:39,470 [main] INFO  server.Server (Server.java:doStart(415)) - Started @46843ms
2024-04-29 10:04:39,470 [main] WARN  impl.MetricsSystemImpl (MetricsSystemImpl.java:register(279)) - Sink prometheus already exists!
2024-04-29 10:04:39,471 [main] INFO  http.BaseHttpServer (BaseHttpServer.java:updateConnectorAddress(354)) - HTTP server of hddsDatanode listening at http://0.0.0.0:15125
2024-04-29 10:04:39,471 [main] INFO  ipc.CallQueueManager (CallQueueManager.java:<init>(90)) - Using callQueue: class java.util.concurrent.LinkedBlockingQueue, queueCapacity: 100, scheduler: class org.apache.hadoop.ipc.DefaultRpcScheduler, ipcBackoff: false.
2024-04-29 10:04:39,471 [main] INFO  ipc.Server (Server.java:<init>(1287)) - Listener at 0.0.0.0:15126
2024-04-29 10:04:39,477 [Socket Reader #1 for port 15126] INFO  ipc.Server (Server.java:run(1323)) - Starting Socket Reader #1 for port 15126
2024-04-29 10:04:39,479 [main] INFO  ozone.HddsDatanodeService (HddsDatanodeService.java:start(327)) - Datanode start with admins: [runner]
2024-04-29 10:04:39,479 [main] INFO  ozone.HddsDatanodeClientProtocolServer (HddsDatanodeClientProtocolServer.java:start(77)) - RPC server for Client /0.0.0.0:15126
2024-04-29 10:04:39,479 [IPC Server Responder] INFO  ipc.Server (Server.java:run(1562)) - IPC Server Responder: starting
2024-04-29 10:04:39,479 [IPC Server listener on 15126] INFO  ipc.Server (Server.java:run(1402)) - IPC Server listener on 15126: starting
2024-04-29 10:04:39,479 [5831c0ab-0161-4108-a889-4f6b2f65c3d1-DatanodeStateMachineDaemonThread] INFO  statemachine.DatanodeStateMachine (DatanodeStateMachine.java:lambda$startDaemon$1(555)) - Ozone container server started.
2024-04-29 10:04:39,479 [main] WARN  dropwizard3.Dm3MetricRegistriesImpl (Dm3MetricRegistriesImpl.java:addReporterRegistration(113)) - New reporters are added after registries were created. Some metrics will be missing from the reporter. Please add reporter before adding any new registry.
2024-04-29 10:04:39,480 [main] WARN  dropwizard3.Dm3MetricRegistriesImpl (Dm3MetricRegistriesImpl.java:addReporterRegistration(113)) - New reporters are added after registries were created. Some metrics will be missing from the reporter. Please add reporter before adding any new registry.
2024-04-29 10:04:39,480 [main] INFO  impl.MetricsSystemImpl (MetricsSystemImpl.java:init(158)) - HddsDatanode metrics system started (again)
2024-04-29 10:04:39,482 [5831c0ab-0161-4108-a889-4f6b2f65c3d1-DatanodeStateMachineTaskThread-0] INFO  datanode.InitDatanodeState (InitDatanodeState.java:persistContainerDatanodeDetails(139)) - DatanodeDetails is persisted to /home/runner/work/ozone/ozone/hadoop-ozone/integration-test/target/test-dir/MiniOzoneClusterImpl-b6e902a5-721a-459f-a115-5ddcd789b87e/ozone-meta/datanode-4/meta/datanode.id
2024-04-29 10:04:39,491 [main] INFO  ozone.HddsDatanodeService (HddsDatanodeService.java:start(240)) - HddsDatanodeService host:fv-az913-54.hn4i015bbztebps0p24f5airth.phxx.internal.cloudapp.net ip:10.1.0.39
2024-04-29 10:04:39,516 [main] INFO  upgrade.AbstractLayoutVersionManager (AbstractLayoutVersionManager.java:init(83)) - Initializing Layout version manager with metadata layout = HADOOP_PRC_PORTS_IN_DATANODEDETAILS (version = 7), software layout = HADOOP_PRC_PORTS_IN_DATANODEDETAILS (version = 7)
2024-04-29 10:04:39,517 [main] INFO  statemachine.DatanodeStateMachine (DatanodeStateMachine.java:getEndPointTaskThreadPoolSize(299)) - Datanode State Machine Task Thread Pool size 2
2024-04-29 10:04:39,518 [main] INFO  volume.HddsVolume (HddsVolume.java:<init>(126)) - Creating HddsVolume: /home/runner/work/ozone/ozone/hadoop-ozone/integration-test/target/test-dir/MiniOzoneClusterImpl-b6e902a5-721a-459f-a115-5ddcd789b87e/ozone-meta/datanode-5/data-0/hdds of storage type : DISK capacity : 9223372036854775807
2024-04-29 10:04:39,518 [main] INFO  volume.MutableVolumeSet (MutableVolumeSet.java:initializeVolumeSet(173)) - Added Volume : /home/runner/work/ozone/ozone/hadoop-ozone/integration-test/target/test-dir/MiniOzoneClusterImpl-b6e902a5-721a-459f-a115-5ddcd789b87e/ozone-meta/datanode-5/data-0/hdds to VolumeSet
2024-04-29 10:04:39,519 [main] INFO  volume.MutableVolumeSet (MutableVolumeSet.java:initializeVolumeSet(173)) - Added Volume : /home/runner/work/ozone/ozone/hadoop-ozone/integration-test/target/test-dir/MiniOzoneClusterImpl-b6e902a5-721a-459f-a115-5ddcd789b87e/ozone-meta/datanode-5/ratis to VolumeSet
2024-04-29 10:04:39,519 [main] INFO  ozoneimpl.OzoneContainer (HddsVolumeUtil.java:loadAllHddsVolumeDbStore(103)) - Load 1 volumes DbStore cost: 0ms
2024-04-29 10:04:39,521 [main] INFO  server.RaftServer (ConfUtils.java:logGet(46)) - raft.rpc.type = GRPC (default)
2024-04-29 10:04:39,521 [main] INFO  grpc.GrpcConfigKeys (ConfUtils.java:logFallback(53)) - raft.grpc.admin.host = null (fallback to raft.grpc.server.host)
2024-04-29 10:04:39,521 [main] INFO  grpc.GrpcConfigKeys (ConfUtils.java:logGet(46)) - raft.grpc.admin.port = 15138 (custom)
2024-04-29 10:04:39,521 [main] INFO  grpc.GrpcConfigKeys (ConfUtils.java:logFallback(53)) - raft.grpc.client.host = null (fallback to raft.grpc.server.host)
2024-04-29 10:04:39,521 [main] INFO  grpc.GrpcConfigKeys (ConfUtils.java:logGet(46)) - raft.grpc.client.port = 15137 (custom)
2024-04-29 10:04:39,522 [main] INFO  grpc.GrpcConfigKeys (ConfUtils.java:logGet(46)) - raft.grpc.server.host = null (default)
2024-04-29 10:04:39,522 [main] INFO  grpc.GrpcConfigKeys (ConfUtils.java:logGet(46)) - raft.grpc.server.port = 15139 (custom)
2024-04-29 10:04:39,522 [main] INFO  server.GrpcService (ConfUtils.java:logGet(46)) - raft.grpc.message.size.max = 32MB (=33554432) (custom)
2024-04-29 10:04:39,522 [main] INFO  server.RaftServerConfigKeys (ConfUtils.java:logGet(46)) - raft.server.log.appender.buffer.byte-limit = 8388608 (custom)
2024-04-29 10:04:39,522 [main] INFO  server.GrpcService (ConfUtils.java:logGet(46)) - raft.grpc.flow.control.window = 5MB (=5242880) (custom)
2024-04-29 10:04:39,522 [main] INFO  server.RaftServerConfigKeys (ConfUtils.java:logGet(46)) - raft.server.rpc.request.timeout = 3000ms (default)
2024-04-29 10:04:39,522 [main] INFO  grpc.GrpcConfigKeys (ConfUtils.java:logGet(46)) - raft.grpc.server.heartbeat.channel = true (default)
2024-04-29 10:04:39,522 [main] INFO  grpc.GrpcConfigKeys (ConfUtils.java:logGet(46)) - raft.grpc.server.async.request.thread.pool.cached = true (default)
2024-04-29 10:04:39,522 [main] INFO  grpc.GrpcConfigKeys (ConfUtils.java:logGet(46)) - raft.grpc.server.async.request.thread.pool.size = 32 (default)
2024-04-29 10:04:39,524 [main] INFO  impl.DataStreamServerImpl (ConfUtils.java:logGet(46)) - raft.datastream.type = NETTY (custom)
2024-04-29 10:04:39,524 [main] INFO  server.RaftServerConfigKeys (ConfUtils.java:logGet(46)) - raft.server.data-stream.async.request.thread.pool.cached = false (default)
2024-04-29 10:04:39,524 [main] INFO  server.RaftServerConfigKeys (ConfUtils.java:logGet(46)) - raft.server.data-stream.async.request.thread.pool.size = 20 (custom)
2024-04-29 10:04:39,524 [main] INFO  server.RaftServerConfigKeys (ConfUtils.java:logGet(46)) - raft.server.data-stream.async.write.thread.pool.size = 16 (default)
2024-04-29 10:04:39,524 [main] INFO  netty.NettyConfigKeys$DataStream (ConfUtils.java:logGet(46)) - raft.netty.dataStream.server.channel.inactive.grace-period = 10min (default)
2024-04-29 10:04:39,524 [main] INFO  server.RaftServerConfigKeys (ConfUtils.java:logGet(46)) - raft.server.data-stream.client.pool.size = 10 (default)
2024-04-29 10:04:39,524 [main] INFO  netty.NettyConfigKeys$DataStream (ConfUtils.java:logGet(46)) - raft.netty.dataStream.server.use-epoll = true (default)
2024-04-29 10:04:39,524 [main] INFO  netty.NettyConfigKeys$DataStream (ConfUtils.java:logGet(46)) - raft.netty.dataStream.server.boss-group.size = 0 (default)
2024-04-29 10:04:39,525 [main] INFO  netty.NettyUtils (NettyUtils.java:newEventLoopGroup(69)) - Create EpollEventLoopGroup for 284a56ca-5c0a-4af3-8d75-aa8a7435325f-NettyServerStreamRpc-bossGroup; Thread size is 0.
2024-04-29 10:04:39,525 [main] INFO  netty.NettyConfigKeys$DataStream (ConfUtils.java:logGet(46)) - raft.netty.dataStream.server.worker-group.size = 0 (default)
2024-04-29 10:04:39,525 [main] INFO  netty.NettyUtils (NettyUtils.java:newEventLoopGroup(69)) - Create EpollEventLoopGroup for 284a56ca-5c0a-4af3-8d75-aa8a7435325f-NettyServerStreamRpc-workerGroup; Thread size is 0.
2024-04-29 10:04:39,525 [main] INFO  netty.NettyConfigKeys$DataStream (ConfUtils.java:logGet(46)) - raft.netty.dataStream.server.tls.conf = null (default)
2024-04-29 10:04:39,525 [main] INFO  netty.NettyConfigKeys$DataStream (ConfUtils.java:logGet(46)) - raft.netty.dataStream.host = null (default)
2024-04-29 10:04:39,525 [main] INFO  netty.NettyConfigKeys$DataStream (ConfUtils.java:logGet(46)) - raft.netty.dataStream.port = 15140 (custom)
2024-04-29 10:04:39,526 [main] INFO  server.RaftServerConfigKeys (ConfUtils.java:logGet(46)) - raft.server.sleep.deviation.threshold = 300ms (default)
2024-04-29 10:04:39,526 [main] INFO  server.RaftServerConfigKeys (ConfUtils.java:logGet(46)) - raft.server.close.threshold = 60s (default)
2024-04-29 10:04:39,526 [main] INFO  server.RaftServerConfigKeys (ConfUtils.java:logGet(46)) - raft.server.leaderelection.leader.step-down.wait-time = 10s (default)
2024-04-29 10:04:39,526 [284a56ca-5c0a-4af3-8d75-aa8a7435325f-NettyServerStreamRpc-bossGroup--thread1] INFO  logging.LoggingHandler (AbstractInternalLogger.java:log(148)) - [id: 0x495195ce] REGISTERED
2024-04-29 10:04:39,527 [284a56ca-5c0a-4af3-8d75-aa8a7435325f-NettyServerStreamRpc-bossGroup--thread1] INFO  logging.LoggingHandler (AbstractInternalLogger.java:log(148)) - [id: 0x495195ce] BIND: 0.0.0.0/0.0.0.0:15140
2024-04-29 10:04:39,527 [284a56ca-5c0a-4af3-8d75-aa8a7435325f-NettyServerStreamRpc-bossGroup--thread1] INFO  logging.LoggingHandler (AbstractInternalLogger.java:log(148)) - [id: 0x495195ce, L:/0.0.0.0:15140] ACTIVE
2024-04-29 10:04:39,526 [main] INFO  server.RaftServerConfigKeys (ConfUtils.java:logGet(46)) - raft.server.storage.dir = [/home/runner/work/ozone/ozone/hadoop-ozone/integration-test/target/test-dir/MiniOzoneClusterImpl-b6e902a5-721a-459f-a115-5ddcd789b87e/ozone-meta/datanode-5/ratis] (custom)
2024-04-29 10:04:39,527 [main] INFO  server.RaftServerConfigKeys (ConfUtils.java:logGet(46)) - raft.server.threadpool.proxy.cached = true (default)
2024-04-29 10:04:39,527 [main] INFO  server.RaftServerConfigKeys (ConfUtils.java:logGet(46)) - raft.server.threadpool.proxy.size = 0 (default)
2024-04-29 10:04:39,530 [284a56ca-5c0a-4af3-8d75-aa8a7435325f-impl-thread1] INFO  server.RaftServer (RaftServerProxy.java:initGroupDir(264)) - 284a56ca-5c0a-4af3-8d75-aa8a7435325f: found a subdirectory /home/runner/work/ozone/ozone/hadoop-ozone/integration-test/target/test-dir/MiniOzoneClusterImpl-b6e902a5-721a-459f-a115-5ddcd789b87e/ozone-meta/datanode-5/ratis/tmp
2024-04-29 10:04:39,531 [284a56ca-5c0a-4af3-8d75-aa8a7435325f-impl-thread1] INFO  server.RaftServer (RaftServerProxy.java:initGroupDir(269)) - 284a56ca-5c0a-4af3-8d75-aa8a7435325f: The directory /home/runner/work/ozone/ozone/hadoop-ozone/integration-test/target/test-dir/MiniOzoneClusterImpl-b6e902a5-721a-459f-a115-5ddcd789b87e/ozone-meta/datanode-5/ratis/tmp is not a group directory; ignoring it. 
2024-04-29 10:04:39,531 [main] INFO  replication.ReplicationServer (ReplicationServer.java:<init>(86)) - Initializing replication server with thread count = 10 queue length = 4096
2024-04-29 10:04:39,532 [main] INFO  server.XceiverServerGrpc (XceiverServerGrpc.java:<init>(141)) - GrpcServer channel type EpollServerSocketChannel
2024-04-29 10:04:39,534 [main] INFO  replication.ReplicationSupervisor (ReplicationSupervisor.java:build(157)) - Initializing replication supervisor with thread count = 10
2024-04-29 10:04:39,534 [main] INFO  replication.ReplicationSupervisor (ReplicationSupervisor.java:nodeStateUpdated(312)) - Node state updated to IN_SERVICE, scaling executor pool size to 10
2024-04-29 10:04:39,536 [main] INFO  http.BaseHttpServer (BaseHttpServer.java:newHttpServer2BuilderForOzone(223)) - Starting Web-server for hddsDatanode at: http://0.0.0.0:15134
2024-04-29 10:04:39,536 [main] INFO  http.BaseHttpServer (BaseHttpServer.java:<init>(110)) - Hadoop Security Enabled: false Ozone Security Enabled: false Ozone HTTP Security Enabled: false 
2024-04-29 10:04:39,537 [main] WARN  server.AuthenticationFilter (AuthenticationFilter.java:constructSecretProvider(240)) - Unable to initialize FileSignerSecretProvider, falling back to use random secrets. Reason: Could not read signature secret file: /home/runner/hadoop-http-auth-signature-secret
2024-04-29 10:04:39,537 [main] INFO  http.HttpRequestLog (HttpRequestLog.java:getRequestLog(86)) - Http request log for http.requests.hddsDatanode is not defined
2024-04-29 10:04:39,538 [main] INFO  http.HttpServer2 (HttpServer2.java:addGlobalFilter(1036)) - Added global filter 'safety' (class=org.apache.hadoop.hdds.server.http.HttpServer2$QuotingInputFilter)
2024-04-29 10:04:39,539 [main] INFO  http.HttpServer2 (HttpServer2.java:addFilter(1012)) - Added filter static_user_filter (class=org.apache.hadoop.http.lib.StaticUserWebFilter$StaticUserFilter) to context hddsDatanode
2024-04-29 10:04:39,539 [main] INFO  http.HttpServer2 (HttpServer2.java:addFilter(1020)) - Added filter static_user_filter (class=org.apache.hadoop.http.lib.StaticUserWebFilter$StaticUserFilter) to context static
2024-04-29 10:04:39,539 [main] INFO  http.HttpServer2 (HttpServer2.java:addFilter(1020)) - Added filter static_user_filter (class=org.apache.hadoop.http.lib.StaticUserWebFilter$StaticUserFilter) to context logs
2024-04-29 10:04:39,539 [main] INFO  http.BaseHttpServer (BaseHttpServer.java:<init>(189)) - HTTP server of hddsDatanode uses base directory /home/runner/work/ozone/ozone/hadoop-ozone/integration-test/target/test-dir/MiniOzoneClusterImpl-b6e902a5-721a-459f-a115-5ddcd789b87e/ozone-meta/datanode-5/meta/webserver
2024-04-29 10:04:39,539 [main] INFO  http.HttpServer2 (HttpServer2.java:bindListener(1236)) - Jetty bound to port 15134
2024-04-29 10:04:39,539 [main] INFO  server.Server (Server.java:doStart(375)) - jetty-9.4.54.v20240208; built: 2024-02-08T19:42:39.027Z; git: cef3fbd6d736a21e7d541a5db490381d95a2047d; jvm 17.0.10+7
2024-04-29 10:04:39,544 [main] INFO  server.session (DefaultSessionIdManager.java:doStart(334)) - DefaultSessionIdManager workerName=node0
2024-04-29 10:04:39,545 [main] INFO  server.session (DefaultSessionIdManager.java:doStart(339)) - No SessionScavenger set, using defaults
2024-04-29 10:04:39,545 [main] INFO  server.session (HouseKeeper.java:startScavenging(132)) - node0 Scavenging every 600000ms
2024-04-29 10:04:39,545 [main] INFO  handler.ContextHandler (ContextHandler.java:doStart(921)) - Started o.e.j.s.ServletContextHandler@36f3f2a8{logs,/logs,file:///home/runner/work/ozone/ozone/hadoop-ozone/integration-test/target/log,AVAILABLE}
2024-04-29 10:04:39,545 [main] INFO  handler.ContextHandler (ContextHandler.java:doStart(921)) - Started o.e.j.s.ServletContextHandler@2517308f{static,/static,file:///home/runner/work/ozone/ozone/hadoop-hdds/container-service/target/classes/webapps/static,AVAILABLE}
2024-04-29 10:04:39,549 [main] INFO  handler.ContextHandler (ContextHandler.java:doStart(921)) - Started o.e.j.w.WebAppContext@6fc9f8bc{hddsDatanode,/,file:///home/runner/work/ozone/ozone/hadoop-hdds/container-service/target/classes/webapps/hddsDatanode/,AVAILABLE}{file:/home/runner/work/ozone/ozone/hadoop-hdds/container-service/target/classes/webapps/hddsDatanode}
2024-04-29 10:04:39,550 [main] INFO  server.AbstractConnector (AbstractConnector.java:doStart(333)) - Started ServerConnector@1b28684{HTTP/1.1, (http/1.1)}{0.0.0.0:15134}
2024-04-29 10:04:39,550 [main] INFO  server.Server (Server.java:doStart(415)) - Started @46923ms
2024-04-29 10:04:39,550 [main] WARN  impl.MetricsSystemImpl (MetricsSystemImpl.java:register(279)) - Sink prometheus already exists!
2024-04-29 10:04:39,550 [main] INFO  http.BaseHttpServer (BaseHttpServer.java:updateConnectorAddress(354)) - HTTP server of hddsDatanode listening at http://0.0.0.0:15134
2024-04-29 10:04:39,551 [main] INFO  ipc.CallQueueManager (CallQueueManager.java:<init>(90)) - Using callQueue: class java.util.concurrent.LinkedBlockingQueue, queueCapacity: 100, scheduler: class org.apache.hadoop.ipc.DefaultRpcScheduler, ipcBackoff: false.
2024-04-29 10:04:39,551 [main] INFO  ipc.Server (Server.java:<init>(1287)) - Listener at 0.0.0.0:15135
2024-04-29 10:04:39,551 [Socket Reader #1 for port 15135] INFO  ipc.Server (Server.java:run(1323)) - Starting Socket Reader #1 for port 15135
2024-04-29 10:04:39,552 [main] INFO  ozone.HddsDatanodeService (HddsDatanodeService.java:start(327)) - Datanode start with admins: [runner]
2024-04-29 10:04:39,553 [main] INFO  ozone.HddsDatanodeClientProtocolServer (HddsDatanodeClientProtocolServer.java:start(77)) - RPC server for Client /0.0.0.0:15135
2024-04-29 10:04:39,553 [IPC Server Responder] INFO  ipc.Server (Server.java:run(1562)) - IPC Server Responder: starting
2024-04-29 10:04:39,554 [IPC Server listener on 15135] INFO  ipc.Server (Server.java:run(1402)) - IPC Server listener on 15135: starting
2024-04-29 10:04:39,554 [main] WARN  dropwizard3.Dm3MetricRegistriesImpl (Dm3MetricRegistriesImpl.java:addReporterRegistration(113)) - New reporters are added after registries were created. Some metrics will be missing from the reporter. Please add reporter before adding any new registry.
2024-04-29 10:04:39,554 [main] WARN  dropwizard3.Dm3MetricRegistriesImpl (Dm3MetricRegistriesImpl.java:addReporterRegistration(113)) - New reporters are added after registries were created. Some metrics will be missing from the reporter. Please add reporter before adding any new registry.
2024-04-29 10:04:39,554 [main] INFO  impl.MetricsSystemImpl (MetricsSystemImpl.java:init(158)) - HddsDatanode metrics system started (again)
2024-04-29 10:04:39,558 [284a56ca-5c0a-4af3-8d75-aa8a7435325f-DatanodeStateMachineDaemonThread] INFO  statemachine.DatanodeStateMachine (DatanodeStateMachine.java:lambda$startDaemon$1(555)) - Ozone container server started.
2024-04-29 10:04:39,561 [284a56ca-5c0a-4af3-8d75-aa8a7435325f-DatanodeStateMachineTaskThread-0] INFO  datanode.InitDatanodeState (InitDatanodeState.java:persistContainerDatanodeDetails(139)) - DatanodeDetails is persisted to /home/runner/work/ozone/ozone/hadoop-ozone/integration-test/target/test-dir/MiniOzoneClusterImpl-b6e902a5-721a-459f-a115-5ddcd789b87e/ozone-meta/datanode-5/meta/datanode.id
2024-04-29 10:04:39,568 [main] INFO  ozone.HddsDatanodeService (HddsDatanodeService.java:start(240)) - HddsDatanodeService host:fv-az913-54.hn4i015bbztebps0p24f5airth.phxx.internal.cloudapp.net ip:10.1.0.39
2024-04-29 10:04:39,590 [main] INFO  upgrade.AbstractLayoutVersionManager (AbstractLayoutVersionManager.java:init(83)) - Initializing Layout version manager with metadata layout = HADOOP_PRC_PORTS_IN_DATANODEDETAILS (version = 7), software layout = HADOOP_PRC_PORTS_IN_DATANODEDETAILS (version = 7)
2024-04-29 10:04:39,590 [main] INFO  statemachine.DatanodeStateMachine (DatanodeStateMachine.java:getEndPointTaskThreadPoolSize(299)) - Datanode State Machine Task Thread Pool size 2
2024-04-29 10:04:39,592 [main] INFO  volume.HddsVolume (HddsVolume.java:<init>(126)) - Creating HddsVolume: /home/runner/work/ozone/ozone/hadoop-ozone/integration-test/target/test-dir/MiniOzoneClusterImpl-b6e902a5-721a-459f-a115-5ddcd789b87e/ozone-meta/datanode-6/data-0/hdds of storage type : DISK capacity : 9223372036854775807
2024-04-29 10:04:39,592 [main] INFO  volume.MutableVolumeSet (MutableVolumeSet.java:initializeVolumeSet(173)) - Added Volume : /home/runner/work/ozone/ozone/hadoop-ozone/integration-test/target/test-dir/MiniOzoneClusterImpl-b6e902a5-721a-459f-a115-5ddcd789b87e/ozone-meta/datanode-6/data-0/hdds to VolumeSet
2024-04-29 10:04:39,601 [main] INFO  volume.MutableVolumeSet (MutableVolumeSet.java:initializeVolumeSet(173)) - Added Volume : /home/runner/work/ozone/ozone/hadoop-ozone/integration-test/target/test-dir/MiniOzoneClusterImpl-b6e902a5-721a-459f-a115-5ddcd789b87e/ozone-meta/datanode-6/ratis to VolumeSet
2024-04-29 10:04:39,601 [main] INFO  ozoneimpl.OzoneContainer (HddsVolumeUtil.java:loadAllHddsVolumeDbStore(103)) - Load 1 volumes DbStore cost: 0ms
2024-04-29 10:04:39,603 [main] INFO  server.RaftServer (ConfUtils.java:logGet(46)) - raft.rpc.type = GRPC (default)
2024-04-29 10:04:39,604 [main] INFO  grpc.GrpcConfigKeys (ConfUtils.java:logFallback(53)) - raft.grpc.admin.host = null (fallback to raft.grpc.server.host)
2024-04-29 10:04:39,604 [main] INFO  grpc.GrpcConfigKeys (ConfUtils.java:logGet(46)) - raft.grpc.admin.port = 15147 (custom)
2024-04-29 10:04:39,604 [main] INFO  grpc.GrpcConfigKeys (ConfUtils.java:logFallback(53)) - raft.grpc.client.host = null (fallback to raft.grpc.server.host)
2024-04-29 10:04:39,605 [main] INFO  grpc.GrpcConfigKeys (ConfUtils.java:logGet(46)) - raft.grpc.client.port = 15146 (custom)
2024-04-29 10:04:39,605 [main] INFO  grpc.GrpcConfigKeys (ConfUtils.java:logGet(46)) - raft.grpc.server.host = null (default)
2024-04-29 10:04:39,605 [main] INFO  grpc.GrpcConfigKeys (ConfUtils.java:logGet(46)) - raft.grpc.server.port = 15148 (custom)
2024-04-29 10:04:39,605 [main] INFO  server.GrpcService (ConfUtils.java:logGet(46)) - raft.grpc.message.size.max = 32MB (=33554432) (custom)
2024-04-29 10:04:39,606 [main] INFO  server.RaftServerConfigKeys (ConfUtils.java:logGet(46)) - raft.server.log.appender.buffer.byte-limit = 8388608 (custom)
2024-04-29 10:04:39,606 [main] INFO  server.GrpcService (ConfUtils.java:logGet(46)) - raft.grpc.flow.control.window = 5MB (=5242880) (custom)
2024-04-29 10:04:39,606 [main] INFO  server.RaftServerConfigKeys (ConfUtils.java:logGet(46)) - raft.server.rpc.request.timeout = 3000ms (default)
2024-04-29 10:04:39,606 [main] INFO  grpc.GrpcConfigKeys (ConfUtils.java:logGet(46)) - raft.grpc.server.heartbeat.channel = true (default)
2024-04-29 10:04:39,607 [main] INFO  grpc.GrpcConfigKeys (ConfUtils.java:logGet(46)) - raft.grpc.server.async.request.thread.pool.cached = true (default)
2024-04-29 10:04:39,607 [main] INFO  grpc.GrpcConfigKeys (ConfUtils.java:logGet(46)) - raft.grpc.server.async.request.thread.pool.size = 32 (default)
2024-04-29 10:04:39,609 [main] INFO  impl.DataStreamServerImpl (ConfUtils.java:logGet(46)) - raft.datastream.type = NETTY (custom)
2024-04-29 10:04:39,609 [main] INFO  server.RaftServerConfigKeys (ConfUtils.java:logGet(46)) - raft.server.data-stream.async.request.thread.pool.cached = false (default)
2024-04-29 10:04:39,609 [main] INFO  server.RaftServerConfigKeys (ConfUtils.java:logGet(46)) - raft.server.data-stream.async.request.thread.pool.size = 20 (custom)
2024-04-29 10:04:39,609 [main] INFO  server.RaftServerConfigKeys (ConfUtils.java:logGet(46)) - raft.server.data-stream.async.write.thread.pool.size = 16 (default)
2024-04-29 10:04:39,609 [main] INFO  netty.NettyConfigKeys$DataStream (ConfUtils.java:logGet(46)) - raft.netty.dataStream.server.channel.inactive.grace-period = 10min (default)
2024-04-29 10:04:39,610 [main] INFO  server.RaftServerConfigKeys (ConfUtils.java:logGet(46)) - raft.server.data-stream.client.pool.size = 10 (default)
2024-04-29 10:04:39,610 [main] INFO  netty.NettyConfigKeys$DataStream (ConfUtils.java:logGet(46)) - raft.netty.dataStream.server.use-epoll = true (default)
2024-04-29 10:04:39,610 [main] INFO  netty.NettyConfigKeys$DataStream (ConfUtils.java:logGet(46)) - raft.netty.dataStream.server.boss-group.size = 0 (default)
2024-04-29 10:04:39,610 [main] INFO  netty.NettyUtils (NettyUtils.java:newEventLoopGroup(69)) - Create EpollEventLoopGroup for 2fa79b0d-8934-45bf-9a4b-7d27b0482fa8-NettyServerStreamRpc-bossGroup; Thread size is 0.
2024-04-29 10:04:39,612 [main] INFO  netty.NettyConfigKeys$DataStream (ConfUtils.java:logGet(46)) - raft.netty.dataStream.server.worker-group.size = 0 (default)
2024-04-29 10:04:39,612 [main] INFO  netty.NettyUtils (NettyUtils.java:newEventLoopGroup(69)) - Create EpollEventLoopGroup for 2fa79b0d-8934-45bf-9a4b-7d27b0482fa8-NettyServerStreamRpc-workerGroup; Thread size is 0.
2024-04-29 10:04:39,613 [main] INFO  netty.NettyConfigKeys$DataStream (ConfUtils.java:logGet(46)) - raft.netty.dataStream.server.tls.conf = null (default)
2024-04-29 10:04:39,613 [main] INFO  netty.NettyConfigKeys$DataStream (ConfUtils.java:logGet(46)) - raft.netty.dataStream.host = null (default)
2024-04-29 10:04:39,613 [main] INFO  netty.NettyConfigKeys$DataStream (ConfUtils.java:logGet(46)) - raft.netty.dataStream.port = 15149 (custom)
2024-04-29 10:04:39,614 [main] INFO  server.RaftServerConfigKeys (ConfUtils.java:logGet(46)) - raft.server.sleep.deviation.threshold = 300ms (default)
2024-04-29 10:04:39,614 [main] INFO  server.RaftServerConfigKeys (ConfUtils.java:logGet(46)) - raft.server.close.threshold = 60s (default)
2024-04-29 10:04:39,614 [main] INFO  server.RaftServerConfigKeys (ConfUtils.java:logGet(46)) - raft.server.leaderelection.leader.step-down.wait-time = 10s (default)
2024-04-29 10:04:39,614 [main] INFO  server.RaftServerConfigKeys (ConfUtils.java:logGet(46)) - raft.server.storage.dir = [/home/runner/work/ozone/ozone/hadoop-ozone/integration-test/target/test-dir/MiniOzoneClusterImpl-b6e902a5-721a-459f-a115-5ddcd789b87e/ozone-meta/datanode-6/ratis] (custom)
2024-04-29 10:04:39,615 [main] INFO  server.RaftServerConfigKeys (ConfUtils.java:logGet(46)) - raft.server.threadpool.proxy.cached = true (default)
2024-04-29 10:04:39,615 [main] INFO  server.RaftServerConfigKeys (ConfUtils.java:logGet(46)) - raft.server.threadpool.proxy.size = 0 (default)
2024-04-29 10:04:39,615 [2fa79b0d-8934-45bf-9a4b-7d27b0482fa8-NettyServerStreamRpc-bossGroup--thread1] INFO  logging.LoggingHandler (AbstractInternalLogger.java:log(148)) - [id: 0xa7e7b109] REGISTERED
2024-04-29 10:04:39,615 [2fa79b0d-8934-45bf-9a4b-7d27b0482fa8-NettyServerStreamRpc-bossGroup--thread1] INFO  logging.LoggingHandler (AbstractInternalLogger.java:log(148)) - [id: 0xa7e7b109] BIND: 0.0.0.0/0.0.0.0:15149
2024-04-29 10:04:39,616 [2fa79b0d-8934-45bf-9a4b-7d27b0482fa8-NettyServerStreamRpc-bossGroup--thread1] INFO  logging.LoggingHandler (AbstractInternalLogger.java:log(148)) - [id: 0xa7e7b109, L:/0.0.0.0:15149] ACTIVE
2024-04-29 10:04:39,616 [2fa79b0d-8934-45bf-9a4b-7d27b0482fa8-impl-thread1] INFO  server.RaftServer (RaftServerProxy.java:initGroupDir(264)) - 2fa79b0d-8934-45bf-9a4b-7d27b0482fa8: found a subdirectory /home/runner/work/ozone/ozone/hadoop-ozone/integration-test/target/test-dir/MiniOzoneClusterImpl-b6e902a5-721a-459f-a115-5ddcd789b87e/ozone-meta/datanode-6/ratis/tmp
2024-04-29 10:04:39,616 [2fa79b0d-8934-45bf-9a4b-7d27b0482fa8-impl-thread1] INFO  server.RaftServer (RaftServerProxy.java:initGroupDir(269)) - 2fa79b0d-8934-45bf-9a4b-7d27b0482fa8: The directory /home/runner/work/ozone/ozone/hadoop-ozone/integration-test/target/test-dir/MiniOzoneClusterImpl-b6e902a5-721a-459f-a115-5ddcd789b87e/ozone-meta/datanode-6/ratis/tmp is not a group directory; ignoring it. 
2024-04-29 10:04:39,617 [main] INFO  replication.ReplicationServer (ReplicationServer.java:<init>(86)) - Initializing replication server with thread count = 10 queue length = 4096
2024-04-29 10:04:39,618 [main] INFO  server.XceiverServerGrpc (XceiverServerGrpc.java:<init>(141)) - GrpcServer channel type EpollServerSocketChannel
2024-04-29 10:04:39,619 [main] INFO  replication.ReplicationSupervisor (ReplicationSupervisor.java:build(157)) - Initializing replication supervisor with thread count = 10
2024-04-29 10:04:39,619 [main] INFO  replication.ReplicationSupervisor (ReplicationSupervisor.java:nodeStateUpdated(312)) - Node state updated to IN_SERVICE, scaling executor pool size to 10
2024-04-29 10:04:39,621 [main] INFO  http.BaseHttpServer (BaseHttpServer.java:newHttpServer2BuilderForOzone(223)) - Starting Web-server for hddsDatanode at: http://0.0.0.0:15143
2024-04-29 10:04:39,621 [main] INFO  http.BaseHttpServer (BaseHttpServer.java:<init>(110)) - Hadoop Security Enabled: false Ozone Security Enabled: false Ozone HTTP Security Enabled: false 
2024-04-29 10:04:39,622 [main] WARN  server.AuthenticationFilter (AuthenticationFilter.java:constructSecretProvider(240)) - Unable to initialize FileSignerSecretProvider, falling back to use random secrets. Reason: Could not read signature secret file: /home/runner/hadoop-http-auth-signature-secret
2024-04-29 10:04:39,625 [main] INFO  http.HttpRequestLog (HttpRequestLog.java:getRequestLog(86)) - Http request log for http.requests.hddsDatanode is not defined
2024-04-29 10:04:39,627 [main] INFO  http.HttpServer2 (HttpServer2.java:addGlobalFilter(1036)) - Added global filter 'safety' (class=org.apache.hadoop.hdds.server.http.HttpServer2$QuotingInputFilter)
2024-04-29 10:04:39,627 [main] INFO  http.HttpServer2 (HttpServer2.java:addFilter(1012)) - Added filter static_user_filter (class=org.apache.hadoop.http.lib.StaticUserWebFilter$StaticUserFilter) to context hddsDatanode
2024-04-29 10:04:39,627 [main] INFO  http.HttpServer2 (HttpServer2.java:addFilter(1020)) - Added filter static_user_filter (class=org.apache.hadoop.http.lib.StaticUserWebFilter$StaticUserFilter) to context logs
2024-04-29 10:04:39,628 [main] INFO  http.HttpServer2 (HttpServer2.java:addFilter(1020)) - Added filter static_user_filter (class=org.apache.hadoop.http.lib.StaticUserWebFilter$StaticUserFilter) to context static
2024-04-29 10:04:39,628 [main] INFO  http.BaseHttpServer (BaseHttpServer.java:<init>(189)) - HTTP server of hddsDatanode uses base directory /home/runner/work/ozone/ozone/hadoop-ozone/integration-test/target/test-dir/MiniOzoneClusterImpl-b6e902a5-721a-459f-a115-5ddcd789b87e/ozone-meta/datanode-6/meta/webserver
2024-04-29 10:04:39,629 [main] INFO  http.HttpServer2 (HttpServer2.java:bindListener(1236)) - Jetty bound to port 15143
2024-04-29 10:04:39,629 [main] INFO  server.Server (Server.java:doStart(375)) - jetty-9.4.54.v20240208; built: 2024-02-08T19:42:39.027Z; git: cef3fbd6d736a21e7d541a5db490381d95a2047d; jvm 17.0.10+7
2024-04-29 10:04:39,638 [main] INFO  server.session (DefaultSessionIdManager.java:doStart(334)) - DefaultSessionIdManager workerName=node0
2024-04-29 10:04:39,639 [main] INFO  server.session (DefaultSessionIdManager.java:doStart(339)) - No SessionScavenger set, using defaults
2024-04-29 10:04:39,639 [main] INFO  server.session (HouseKeeper.java:startScavenging(132)) - node0 Scavenging every 600000ms
2024-04-29 10:04:39,641 [main] INFO  handler.ContextHandler (ContextHandler.java:doStart(921)) - Started o.e.j.s.ServletContextHandler@14cb5250{logs,/logs,file:///home/runner/work/ozone/ozone/hadoop-ozone/integration-test/target/log,AVAILABLE}
2024-04-29 10:04:39,642 [main] INFO  handler.ContextHandler (ContextHandler.java:doStart(921)) - Started o.e.j.s.ServletContextHandler@5db4e558{static,/static,file:///home/runner/work/ozone/ozone/hadoop-hdds/container-service/target/classes/webapps/static,AVAILABLE}
2024-04-29 10:04:39,648 [main] INFO  handler.ContextHandler (ContextHandler.java:doStart(921)) - Started o.e.j.w.WebAppContext@6d0d557c{hddsDatanode,/,file:///home/runner/work/ozone/ozone/hadoop-hdds/container-service/target/classes/webapps/hddsDatanode/,AVAILABLE}{file:/home/runner/work/ozone/ozone/hadoop-hdds/container-service/target/classes/webapps/hddsDatanode}
2024-04-29 10:04:39,649 [main] INFO  server.AbstractConnector (AbstractConnector.java:doStart(333)) - Started ServerConnector@2ce01617{HTTP/1.1, (http/1.1)}{0.0.0.0:15143}
2024-04-29 10:04:39,649 [main] INFO  server.Server (Server.java:doStart(415)) - Started @47022ms
2024-04-29 10:04:39,650 [main] WARN  impl.MetricsSystemImpl (MetricsSystemImpl.java:register(279)) - Sink prometheus already exists!
2024-04-29 10:04:39,651 [main] INFO  http.BaseHttpServer (BaseHttpServer.java:updateConnectorAddress(354)) - HTTP server of hddsDatanode listening at http://0.0.0.0:15143
2024-04-29 10:04:39,651 [main] INFO  ipc.CallQueueManager (CallQueueManager.java:<init>(90)) - Using callQueue: class java.util.concurrent.LinkedBlockingQueue, queueCapacity: 100, scheduler: class org.apache.hadoop.ipc.DefaultRpcScheduler, ipcBackoff: false.
2024-04-29 10:04:39,652 [main] INFO  ipc.Server (Server.java:<init>(1287)) - Listener at 0.0.0.0:15144
2024-04-29 10:04:39,652 [Socket Reader #1 for port 15144] INFO  ipc.Server (Server.java:run(1323)) - Starting Socket Reader #1 for port 15144
2024-04-29 10:04:39,654 [main] INFO  ozone.HddsDatanodeService (HddsDatanodeService.java:start(327)) - Datanode start with admins: [runner]
2024-04-29 10:04:39,654 [main] INFO  ozone.HddsDatanodeClientProtocolServer (HddsDatanodeClientProtocolServer.java:start(77)) - RPC server for Client /0.0.0.0:15144
2024-04-29 10:04:39,655 [IPC Server Responder] INFO  ipc.Server (Server.java:run(1562)) - IPC Server Responder: starting
2024-04-29 10:04:39,655 [IPC Server listener on 15144] INFO  ipc.Server (Server.java:run(1402)) - IPC Server listener on 15144: starting
2024-04-29 10:04:39,656 [2fa79b0d-8934-45bf-9a4b-7d27b0482fa8-DatanodeStateMachineDaemonThread] INFO  statemachine.DatanodeStateMachine (DatanodeStateMachine.java:lambda$startDaemon$1(555)) - Ozone container server started.
2024-04-29 10:04:39,656 [main] WARN  dropwizard3.Dm3MetricRegistriesImpl (Dm3MetricRegistriesImpl.java:addReporterRegistration(113)) - New reporters are added after registries were created. Some metrics will be missing from the reporter. Please add reporter before adding any new registry.
2024-04-29 10:04:39,656 [main] WARN  dropwizard3.Dm3MetricRegistriesImpl (Dm3MetricRegistriesImpl.java:addReporterRegistration(113)) - New reporters are added after registries were created. Some metrics will be missing from the reporter. Please add reporter before adding any new registry.
2024-04-29 10:04:39,656 [main] INFO  impl.MetricsSystemImpl (MetricsSystemImpl.java:init(158)) - HddsDatanode metrics system started (again)
2024-04-29 10:04:39,660 [2fa79b0d-8934-45bf-9a4b-7d27b0482fa8-DatanodeStateMachineTaskThread-0] INFO  datanode.InitDatanodeState (InitDatanodeState.java:persistContainerDatanodeDetails(139)) - DatanodeDetails is persisted to /home/runner/work/ozone/ozone/hadoop-ozone/integration-test/target/test-dir/MiniOzoneClusterImpl-b6e902a5-721a-459f-a115-5ddcd789b87e/ozone-meta/datanode-6/meta/datanode.id
2024-04-29 10:04:39,670 [main] INFO  ozone.HddsDatanodeService (HddsDatanodeService.java:start(240)) - HddsDatanodeService host:fv-az913-54.hn4i015bbztebps0p24f5airth.phxx.internal.cloudapp.net ip:10.1.0.39
2024-04-29 10:04:39,700 [main] INFO  upgrade.AbstractLayoutVersionManager (AbstractLayoutVersionManager.java:init(83)) - Initializing Layout version manager with metadata layout = HADOOP_PRC_PORTS_IN_DATANODEDETAILS (version = 7), software layout = HADOOP_PRC_PORTS_IN_DATANODEDETAILS (version = 7)
2024-04-29 10:04:39,700 [main] INFO  statemachine.DatanodeStateMachine (DatanodeStateMachine.java:getEndPointTaskThreadPoolSize(299)) - Datanode State Machine Task Thread Pool size 2
2024-04-29 10:04:39,702 [main] INFO  volume.HddsVolume (HddsVolume.java:<init>(126)) - Creating HddsVolume: /home/runner/work/ozone/ozone/hadoop-ozone/integration-test/target/test-dir/MiniOzoneClusterImpl-b6e902a5-721a-459f-a115-5ddcd789b87e/ozone-meta/datanode-7/data-0/hdds of storage type : DISK capacity : 9223372036854775807
2024-04-29 10:04:39,702 [main] INFO  volume.MutableVolumeSet (MutableVolumeSet.java:initializeVolumeSet(173)) - Added Volume : /home/runner/work/ozone/ozone/hadoop-ozone/integration-test/target/test-dir/MiniOzoneClusterImpl-b6e902a5-721a-459f-a115-5ddcd789b87e/ozone-meta/datanode-7/data-0/hdds to VolumeSet
2024-04-29 10:04:39,702 [main] INFO  volume.MutableVolumeSet (MutableVolumeSet.java:initializeVolumeSet(173)) - Added Volume : /home/runner/work/ozone/ozone/hadoop-ozone/integration-test/target/test-dir/MiniOzoneClusterImpl-b6e902a5-721a-459f-a115-5ddcd789b87e/ozone-meta/datanode-7/ratis to VolumeSet
2024-04-29 10:04:39,703 [main] INFO  ozoneimpl.OzoneContainer (HddsVolumeUtil.java:loadAllHddsVolumeDbStore(103)) - Load 1 volumes DbStore cost: 0ms
2024-04-29 10:04:39,705 [main] INFO  server.RaftServer (ConfUtils.java:logGet(46)) - raft.rpc.type = GRPC (default)
2024-04-29 10:04:39,705 [main] INFO  grpc.GrpcConfigKeys (ConfUtils.java:logFallback(53)) - raft.grpc.admin.host = null (fallback to raft.grpc.server.host)
2024-04-29 10:04:39,706 [main] INFO  grpc.GrpcConfigKeys (ConfUtils.java:logGet(46)) - raft.grpc.admin.port = 15156 (custom)
2024-04-29 10:04:39,706 [main] INFO  grpc.GrpcConfigKeys (ConfUtils.java:logFallback(53)) - raft.grpc.client.host = null (fallback to raft.grpc.server.host)
2024-04-29 10:04:39,706 [main] INFO  grpc.GrpcConfigKeys (ConfUtils.java:logGet(46)) - raft.grpc.client.port = 15155 (custom)
2024-04-29 10:04:39,706 [main] INFO  grpc.GrpcConfigKeys (ConfUtils.java:logGet(46)) - raft.grpc.server.host = null (default)
2024-04-29 10:04:39,706 [main] INFO  grpc.GrpcConfigKeys (ConfUtils.java:logGet(46)) - raft.grpc.server.port = 15157 (custom)
2024-04-29 10:04:39,706 [main] INFO  server.GrpcService (ConfUtils.java:logGet(46)) - raft.grpc.message.size.max = 32MB (=33554432) (custom)
2024-04-29 10:04:39,706 [main] INFO  server.RaftServerConfigKeys (ConfUtils.java:logGet(46)) - raft.server.log.appender.buffer.byte-limit = 8388608 (custom)
2024-04-29 10:04:39,706 [main] INFO  server.GrpcService (ConfUtils.java:logGet(46)) - raft.grpc.flow.control.window = 5MB (=5242880) (custom)
2024-04-29 10:04:39,706 [main] INFO  server.RaftServerConfigKeys (ConfUtils.java:logGet(46)) - raft.server.rpc.request.timeout = 3000ms (default)
2024-04-29 10:04:39,707 [main] INFO  grpc.GrpcConfigKeys (ConfUtils.java:logGet(46)) - raft.grpc.server.heartbeat.channel = true (default)
2024-04-29 10:04:39,707 [main] INFO  grpc.GrpcConfigKeys (ConfUtils.java:logGet(46)) - raft.grpc.server.async.request.thread.pool.cached = true (default)
2024-04-29 10:04:39,707 [main] INFO  grpc.GrpcConfigKeys (ConfUtils.java:logGet(46)) - raft.grpc.server.async.request.thread.pool.size = 32 (default)
2024-04-29 10:04:39,709 [main] INFO  impl.DataStreamServerImpl (ConfUtils.java:logGet(46)) - raft.datastream.type = NETTY (custom)
2024-04-29 10:04:39,709 [main] INFO  server.RaftServerConfigKeys (ConfUtils.java:logGet(46)) - raft.server.data-stream.async.request.thread.pool.cached = false (default)
2024-04-29 10:04:39,710 [main] INFO  server.RaftServerConfigKeys (ConfUtils.java:logGet(46)) - raft.server.data-stream.async.request.thread.pool.size = 20 (custom)
2024-04-29 10:04:39,710 [main] INFO  server.RaftServerConfigKeys (ConfUtils.java:logGet(46)) - raft.server.data-stream.async.write.thread.pool.size = 16 (default)
2024-04-29 10:04:39,710 [main] INFO  netty.NettyConfigKeys$DataStream (ConfUtils.java:logGet(46)) - raft.netty.dataStream.server.channel.inactive.grace-period = 10min (default)
2024-04-29 10:04:39,710 [main] INFO  server.RaftServerConfigKeys (ConfUtils.java:logGet(46)) - raft.server.data-stream.client.pool.size = 10 (default)
2024-04-29 10:04:39,710 [main] INFO  netty.NettyConfigKeys$DataStream (ConfUtils.java:logGet(46)) - raft.netty.dataStream.server.use-epoll = true (default)
2024-04-29 10:04:39,710 [main] INFO  netty.NettyConfigKeys$DataStream (ConfUtils.java:logGet(46)) - raft.netty.dataStream.server.boss-group.size = 0 (default)
2024-04-29 10:04:39,710 [main] INFO  netty.NettyUtils (NettyUtils.java:newEventLoopGroup(69)) - Create EpollEventLoopGroup for 4e10c049-ef00-4c78-84ba-ad0788e207ea-NettyServerStreamRpc-bossGroup; Thread size is 0.
2024-04-29 10:04:39,711 [main] INFO  netty.NettyConfigKeys$DataStream (ConfUtils.java:logGet(46)) - raft.netty.dataStream.server.worker-group.size = 0 (default)
2024-04-29 10:04:39,711 [main] INFO  netty.NettyUtils (NettyUtils.java:newEventLoopGroup(69)) - Create EpollEventLoopGroup for 4e10c049-ef00-4c78-84ba-ad0788e207ea-NettyServerStreamRpc-workerGroup; Thread size is 0.
2024-04-29 10:04:39,711 [main] INFO  netty.NettyConfigKeys$DataStream (ConfUtils.java:logGet(46)) - raft.netty.dataStream.server.tls.conf = null (default)
2024-04-29 10:04:39,711 [main] INFO  netty.NettyConfigKeys$DataStream (ConfUtils.java:logGet(46)) - raft.netty.dataStream.host = null (default)
2024-04-29 10:04:39,711 [main] INFO  netty.NettyConfigKeys$DataStream (ConfUtils.java:logGet(46)) - raft.netty.dataStream.port = 15158 (custom)
2024-04-29 10:04:39,712 [main] INFO  server.RaftServerConfigKeys (ConfUtils.java:logGet(46)) - raft.server.sleep.deviation.threshold = 300ms (default)
2024-04-29 10:04:39,712 [main] INFO  server.RaftServerConfigKeys (ConfUtils.java:logGet(46)) - raft.server.close.threshold = 60s (default)
2024-04-29 10:04:39,712 [main] INFO  server.RaftServerConfigKeys (ConfUtils.java:logGet(46)) - raft.server.leaderelection.leader.step-down.wait-time = 10s (default)
2024-04-29 10:04:39,712 [main] INFO  server.RaftServerConfigKeys (ConfUtils.java:logGet(46)) - raft.server.storage.dir = [/home/runner/work/ozone/ozone/hadoop-ozone/integration-test/target/test-dir/MiniOzoneClusterImpl-b6e902a5-721a-459f-a115-5ddcd789b87e/ozone-meta/datanode-7/ratis] (custom)
2024-04-29 10:04:39,712 [main] INFO  server.RaftServerConfigKeys (ConfUtils.java:logGet(46)) - raft.server.threadpool.proxy.cached = true (default)
2024-04-29 10:04:39,712 [main] INFO  server.RaftServerConfigKeys (ConfUtils.java:logGet(46)) - raft.server.threadpool.proxy.size = 0 (default)
2024-04-29 10:04:39,713 [4e10c049-ef00-4c78-84ba-ad0788e207ea-NettyServerStreamRpc-bossGroup--thread1] INFO  logging.LoggingHandler (AbstractInternalLogger.java:log(148)) - [id: 0x0a5a8673] REGISTERED
2024-04-29 10:04:39,713 [4e10c049-ef00-4c78-84ba-ad0788e207ea-NettyServerStreamRpc-bossGroup--thread1] INFO  logging.LoggingHandler (AbstractInternalLogger.java:log(148)) - [id: 0x0a5a8673] BIND: 0.0.0.0/0.0.0.0:15158
2024-04-29 10:04:39,713 [4e10c049-ef00-4c78-84ba-ad0788e207ea-NettyServerStreamRpc-bossGroup--thread1] INFO  logging.LoggingHandler (AbstractInternalLogger.java:log(148)) - [id: 0x0a5a8673, L:/0.0.0.0:15158] ACTIVE
2024-04-29 10:04:39,713 [4e10c049-ef00-4c78-84ba-ad0788e207ea-impl-thread1] INFO  server.RaftServer (RaftServerProxy.java:initGroupDir(264)) - 4e10c049-ef00-4c78-84ba-ad0788e207ea: found a subdirectory /home/runner/work/ozone/ozone/hadoop-ozone/integration-test/target/test-dir/MiniOzoneClusterImpl-b6e902a5-721a-459f-a115-5ddcd789b87e/ozone-meta/datanode-7/ratis/tmp
2024-04-29 10:04:39,714 [4e10c049-ef00-4c78-84ba-ad0788e207ea-impl-thread1] INFO  server.RaftServer (RaftServerProxy.java:initGroupDir(269)) - 4e10c049-ef00-4c78-84ba-ad0788e207ea: The directory /home/runner/work/ozone/ozone/hadoop-ozone/integration-test/target/test-dir/MiniOzoneClusterImpl-b6e902a5-721a-459f-a115-5ddcd789b87e/ozone-meta/datanode-7/ratis/tmp is not a group directory; ignoring it. 
2024-04-29 10:04:39,714 [main] INFO  replication.ReplicationServer (ReplicationServer.java:<init>(86)) - Initializing replication server with thread count = 10 queue length = 4096
2024-04-29 10:04:39,715 [main] INFO  server.XceiverServerGrpc (XceiverServerGrpc.java:<init>(141)) - GrpcServer channel type EpollServerSocketChannel
2024-04-29 10:04:39,717 [main] INFO  replication.ReplicationSupervisor (ReplicationSupervisor.java:build(157)) - Initializing replication supervisor with thread count = 10
2024-04-29 10:04:39,717 [main] INFO  replication.ReplicationSupervisor (ReplicationSupervisor.java:nodeStateUpdated(312)) - Node state updated to IN_SERVICE, scaling executor pool size to 10
2024-04-29 10:04:39,719 [main] INFO  http.BaseHttpServer (BaseHttpServer.java:newHttpServer2BuilderForOzone(223)) - Starting Web-server for hddsDatanode at: http://0.0.0.0:15152
2024-04-29 10:04:39,720 [main] INFO  http.BaseHttpServer (BaseHttpServer.java:<init>(110)) - Hadoop Security Enabled: false Ozone Security Enabled: false Ozone HTTP Security Enabled: false 
2024-04-29 10:04:39,721 [main] WARN  server.AuthenticationFilter (AuthenticationFilter.java:constructSecretProvider(240)) - Unable to initialize FileSignerSecretProvider, falling back to use random secrets. Reason: Could not read signature secret file: /home/runner/hadoop-http-auth-signature-secret
2024-04-29 10:04:39,721 [main] INFO  http.HttpRequestLog (HttpRequestLog.java:getRequestLog(86)) - Http request log for http.requests.hddsDatanode is not defined
2024-04-29 10:04:39,723 [main] INFO  http.HttpServer2 (HttpServer2.java:addGlobalFilter(1036)) - Added global filter 'safety' (class=org.apache.hadoop.hdds.server.http.HttpServer2$QuotingInputFilter)
2024-04-29 10:04:39,723 [main] INFO  http.HttpServer2 (HttpServer2.java:addFilter(1012)) - Added filter static_user_filter (class=org.apache.hadoop.http.lib.StaticUserWebFilter$StaticUserFilter) to context hddsDatanode
2024-04-29 10:04:39,723 [main] INFO  http.HttpServer2 (HttpServer2.java:addFilter(1020)) - Added filter static_user_filter (class=org.apache.hadoop.http.lib.StaticUserWebFilter$StaticUserFilter) to context logs
2024-04-29 10:04:39,723 [main] INFO  http.HttpServer2 (HttpServer2.java:addFilter(1020)) - Added filter static_user_filter (class=org.apache.hadoop.http.lib.StaticUserWebFilter$StaticUserFilter) to context static
2024-04-29 10:04:39,724 [main] INFO  http.BaseHttpServer (BaseHttpServer.java:<init>(189)) - HTTP server of hddsDatanode uses base directory /home/runner/work/ozone/ozone/hadoop-ozone/integration-test/target/test-dir/MiniOzoneClusterImpl-b6e902a5-721a-459f-a115-5ddcd789b87e/ozone-meta/datanode-7/meta/webserver
2024-04-29 10:04:39,724 [main] INFO  http.HttpServer2 (HttpServer2.java:bindListener(1236)) - Jetty bound to port 15152
2024-04-29 10:04:39,724 [main] INFO  server.Server (Server.java:doStart(375)) - jetty-9.4.54.v20240208; built: 2024-02-08T19:42:39.027Z; git: cef3fbd6d736a21e7d541a5db490381d95a2047d; jvm 17.0.10+7
2024-04-29 10:04:39,725 [main] INFO  server.session (DefaultSessionIdManager.java:doStart(334)) - DefaultSessionIdManager workerName=node0
2024-04-29 10:04:39,726 [main] INFO  server.session (DefaultSessionIdManager.java:doStart(339)) - No SessionScavenger set, using defaults
2024-04-29 10:04:39,726 [main] INFO  server.session (HouseKeeper.java:startScavenging(132)) - node0 Scavenging every 660000ms
2024-04-29 10:04:39,726 [main] INFO  handler.ContextHandler (ContextHandler.java:doStart(921)) - Started o.e.j.s.ServletContextHandler@4d7f34dd{logs,/logs,file:///home/runner/work/ozone/ozone/hadoop-ozone/integration-test/target/log,AVAILABLE}
2024-04-29 10:04:39,727 [main] INFO  handler.ContextHandler (ContextHandler.java:doStart(921)) - Started o.e.j.s.ServletContextHandler@746fbd08{static,/static,file:///home/runner/work/ozone/ozone/hadoop-hdds/container-service/target/classes/webapps/static,AVAILABLE}
2024-04-29 10:04:39,731 [main] INFO  handler.ContextHandler (ContextHandler.java:doStart(921)) - Started o.e.j.w.WebAppContext@42cb75c9{hddsDatanode,/,file:///home/runner/work/ozone/ozone/hadoop-hdds/container-service/target/classes/webapps/hddsDatanode/,AVAILABLE}{file:/home/runner/work/ozone/ozone/hadoop-hdds/container-service/target/classes/webapps/hddsDatanode}
2024-04-29 10:04:39,731 [main] INFO  server.AbstractConnector (AbstractConnector.java:doStart(333)) - Started ServerConnector@687668da{HTTP/1.1, (http/1.1)}{0.0.0.0:15152}
2024-04-29 10:04:39,731 [main] INFO  server.Server (Server.java:doStart(415)) - Started @47104ms
2024-04-29 10:04:39,732 [main] WARN  impl.MetricsSystemImpl (MetricsSystemImpl.java:register(279)) - Sink prometheus already exists!
2024-04-29 10:04:39,732 [main] INFO  http.BaseHttpServer (BaseHttpServer.java:updateConnectorAddress(354)) - HTTP server of hddsDatanode listening at http://0.0.0.0:15152
2024-04-29 10:04:39,733 [main] INFO  ipc.CallQueueManager (CallQueueManager.java:<init>(90)) - Using callQueue: class java.util.concurrent.LinkedBlockingQueue, queueCapacity: 100, scheduler: class org.apache.hadoop.ipc.DefaultRpcScheduler, ipcBackoff: false.
2024-04-29 10:04:39,733 [main] INFO  ipc.Server (Server.java:<init>(1287)) - Listener at 0.0.0.0:15153
2024-04-29 10:04:39,735 [main] INFO  ozone.HddsDatanodeService (HddsDatanodeService.java:start(327)) - Datanode start with admins: [runner]
2024-04-29 10:04:39,735 [main] INFO  ozone.HddsDatanodeClientProtocolServer (HddsDatanodeClientProtocolServer.java:start(77)) - RPC server for Client /0.0.0.0:15153
2024-04-29 10:04:39,735 [Socket Reader #1 for port 15153] INFO  ipc.Server (Server.java:run(1323)) - Starting Socket Reader #1 for port 15153
2024-04-29 10:04:39,741 [IPC Server listener on 15153] INFO  ipc.Server (Server.java:run(1402)) - IPC Server listener on 15153: starting
2024-04-29 10:04:39,741 [main] WARN  dropwizard3.Dm3MetricRegistriesImpl (Dm3MetricRegistriesImpl.java:addReporterRegistration(113)) - New reporters are added after registries were created. Some metrics will be missing from the reporter. Please add reporter before adding any new registry.
2024-04-29 10:04:39,741 [main] WARN  dropwizard3.Dm3MetricRegistriesImpl (Dm3MetricRegistriesImpl.java:addReporterRegistration(113)) - New reporters are added after registries were created. Some metrics will be missing from the reporter. Please add reporter before adding any new registry.
2024-04-29 10:04:39,742 [main] INFO  impl.MetricsSystemImpl (MetricsSystemImpl.java:init(158)) - HddsDatanode metrics system started (again)
2024-04-29 10:04:39,741 [IPC Server Responder] INFO  ipc.Server (Server.java:run(1562)) - IPC Server Responder: starting
2024-04-29 10:04:39,744 [4e10c049-ef00-4c78-84ba-ad0788e207ea-DatanodeStateMachineDaemonThread] INFO  statemachine.DatanodeStateMachine (DatanodeStateMachine.java:lambda$startDaemon$1(555)) - Ozone container server started.
2024-04-29 10:04:39,754 [main] INFO  ozone.HddsDatanodeService (HddsDatanodeService.java:start(240)) - HddsDatanodeService host:fv-az913-54.hn4i015bbztebps0p24f5airth.phxx.internal.cloudapp.net ip:10.1.0.39
2024-04-29 10:04:39,754 [4e10c049-ef00-4c78-84ba-ad0788e207ea-DatanodeStateMachineTaskThread-0] INFO  datanode.InitDatanodeState (InitDatanodeState.java:persistContainerDatanodeDetails(139)) - DatanodeDetails is persisted to /home/runner/work/ozone/ozone/hadoop-ozone/integration-test/target/test-dir/MiniOzoneClusterImpl-b6e902a5-721a-459f-a115-5ddcd789b87e/ozone-meta/datanode-7/meta/datanode.id
2024-04-29 10:04:39,781 [main] INFO  upgrade.AbstractLayoutVersionManager (AbstractLayoutVersionManager.java:init(83)) - Initializing Layout version manager with metadata layout = HADOOP_PRC_PORTS_IN_DATANODEDETAILS (version = 7), software layout = HADOOP_PRC_PORTS_IN_DATANODEDETAILS (version = 7)
2024-04-29 10:04:39,781 [main] INFO  statemachine.DatanodeStateMachine (DatanodeStateMachine.java:getEndPointTaskThreadPoolSize(299)) - Datanode State Machine Task Thread Pool size 2
2024-04-29 10:04:39,783 [main] INFO  volume.HddsVolume (HddsVolume.java:<init>(126)) - Creating HddsVolume: /home/runner/work/ozone/ozone/hadoop-ozone/integration-test/target/test-dir/MiniOzoneClusterImpl-b6e902a5-721a-459f-a115-5ddcd789b87e/ozone-meta/datanode-8/data-0/hdds of storage type : DISK capacity : 9223372036854775807
2024-04-29 10:04:39,783 [main] INFO  volume.MutableVolumeSet (MutableVolumeSet.java:initializeVolumeSet(173)) - Added Volume : /home/runner/work/ozone/ozone/hadoop-ozone/integration-test/target/test-dir/MiniOzoneClusterImpl-b6e902a5-721a-459f-a115-5ddcd789b87e/ozone-meta/datanode-8/data-0/hdds to VolumeSet
2024-04-29 10:04:39,784 [main] INFO  volume.MutableVolumeSet (MutableVolumeSet.java:initializeVolumeSet(173)) - Added Volume : /home/runner/work/ozone/ozone/hadoop-ozone/integration-test/target/test-dir/MiniOzoneClusterImpl-b6e902a5-721a-459f-a115-5ddcd789b87e/ozone-meta/datanode-8/ratis to VolumeSet
2024-04-29 10:04:39,784 [main] INFO  ozoneimpl.OzoneContainer (HddsVolumeUtil.java:loadAllHddsVolumeDbStore(103)) - Load 1 volumes DbStore cost: 0ms
2024-04-29 10:04:39,786 [main] INFO  server.RaftServer (ConfUtils.java:logGet(46)) - raft.rpc.type = GRPC (default)
2024-04-29 10:04:39,786 [main] INFO  grpc.GrpcConfigKeys (ConfUtils.java:logFallback(53)) - raft.grpc.admin.host = null (fallback to raft.grpc.server.host)
2024-04-29 10:04:39,786 [main] INFO  grpc.GrpcConfigKeys (ConfUtils.java:logGet(46)) - raft.grpc.admin.port = 15165 (custom)
2024-04-29 10:04:39,787 [main] INFO  grpc.GrpcConfigKeys (ConfUtils.java:logFallback(53)) - raft.grpc.client.host = null (fallback to raft.grpc.server.host)
2024-04-29 10:04:39,787 [main] INFO  grpc.GrpcConfigKeys (ConfUtils.java:logGet(46)) - raft.grpc.client.port = 15164 (custom)
2024-04-29 10:04:39,787 [main] INFO  grpc.GrpcConfigKeys (ConfUtils.java:logGet(46)) - raft.grpc.server.host = null (default)
2024-04-29 10:04:39,787 [main] INFO  grpc.GrpcConfigKeys (ConfUtils.java:logGet(46)) - raft.grpc.server.port = 15166 (custom)
2024-04-29 10:04:39,787 [main] INFO  server.GrpcService (ConfUtils.java:logGet(46)) - raft.grpc.message.size.max = 32MB (=33554432) (custom)
2024-04-29 10:04:39,787 [main] INFO  server.RaftServerConfigKeys (ConfUtils.java:logGet(46)) - raft.server.log.appender.buffer.byte-limit = 8388608 (custom)
2024-04-29 10:04:39,787 [main] INFO  server.GrpcService (ConfUtils.java:logGet(46)) - raft.grpc.flow.control.window = 5MB (=5242880) (custom)
2024-04-29 10:04:39,787 [main] INFO  server.RaftServerConfigKeys (ConfUtils.java:logGet(46)) - raft.server.rpc.request.timeout = 3000ms (default)
2024-04-29 10:04:39,788 [main] INFO  grpc.GrpcConfigKeys (ConfUtils.java:logGet(46)) - raft.grpc.server.heartbeat.channel = true (default)
2024-04-29 10:04:39,788 [main] INFO  grpc.GrpcConfigKeys (ConfUtils.java:logGet(46)) - raft.grpc.server.async.request.thread.pool.cached = true (default)
2024-04-29 10:04:39,788 [main] INFO  grpc.GrpcConfigKeys (ConfUtils.java:logGet(46)) - raft.grpc.server.async.request.thread.pool.size = 32 (default)
2024-04-29 10:04:39,790 [main] INFO  impl.DataStreamServerImpl (ConfUtils.java:logGet(46)) - raft.datastream.type = NETTY (custom)
2024-04-29 10:04:39,790 [main] INFO  server.RaftServerConfigKeys (ConfUtils.java:logGet(46)) - raft.server.data-stream.async.request.thread.pool.cached = false (default)
2024-04-29 10:04:39,790 [main] INFO  server.RaftServerConfigKeys (ConfUtils.java:logGet(46)) - raft.server.data-stream.async.request.thread.pool.size = 20 (custom)
2024-04-29 10:04:39,791 [main] INFO  server.RaftServerConfigKeys (ConfUtils.java:logGet(46)) - raft.server.data-stream.async.write.thread.pool.size = 16 (default)
2024-04-29 10:04:39,791 [main] INFO  netty.NettyConfigKeys$DataStream (ConfUtils.java:logGet(46)) - raft.netty.dataStream.server.channel.inactive.grace-period = 10min (default)
2024-04-29 10:04:39,791 [main] INFO  server.RaftServerConfigKeys (ConfUtils.java:logGet(46)) - raft.server.data-stream.client.pool.size = 10 (default)
2024-04-29 10:04:39,791 [main] INFO  netty.NettyConfigKeys$DataStream (ConfUtils.java:logGet(46)) - raft.netty.dataStream.server.use-epoll = true (default)
2024-04-29 10:04:39,791 [main] INFO  netty.NettyConfigKeys$DataStream (ConfUtils.java:logGet(46)) - raft.netty.dataStream.server.boss-group.size = 0 (default)
2024-04-29 10:04:39,791 [main] INFO  netty.NettyUtils (NettyUtils.java:newEventLoopGroup(69)) - Create EpollEventLoopGroup for a0b5e3cc-426b-4365-97e7-610395f4eb0a-NettyServerStreamRpc-bossGroup; Thread size is 0.
2024-04-29 10:04:39,792 [main] INFO  netty.NettyConfigKeys$DataStream (ConfUtils.java:logGet(46)) - raft.netty.dataStream.server.worker-group.size = 0 (default)
2024-04-29 10:04:39,792 [main] INFO  netty.NettyUtils (NettyUtils.java:newEventLoopGroup(69)) - Create EpollEventLoopGroup for a0b5e3cc-426b-4365-97e7-610395f4eb0a-NettyServerStreamRpc-workerGroup; Thread size is 0.
2024-04-29 10:04:39,792 [main] INFO  netty.NettyConfigKeys$DataStream (ConfUtils.java:logGet(46)) - raft.netty.dataStream.server.tls.conf = null (default)
2024-04-29 10:04:39,792 [main] INFO  netty.NettyConfigKeys$DataStream (ConfUtils.java:logGet(46)) - raft.netty.dataStream.host = null (default)
2024-04-29 10:04:39,792 [main] INFO  netty.NettyConfigKeys$DataStream (ConfUtils.java:logGet(46)) - raft.netty.dataStream.port = 15167 (custom)
2024-04-29 10:04:39,793 [main] INFO  server.RaftServerConfigKeys (ConfUtils.java:logGet(46)) - raft.server.sleep.deviation.threshold = 300ms (default)
2024-04-29 10:04:39,793 [main] INFO  server.RaftServerConfigKeys (ConfUtils.java:logGet(46)) - raft.server.close.threshold = 60s (default)
2024-04-29 10:04:39,793 [main] INFO  server.RaftServerConfigKeys (ConfUtils.java:logGet(46)) - raft.server.leaderelection.leader.step-down.wait-time = 10s (default)
2024-04-29 10:04:39,794 [main] INFO  server.RaftServerConfigKeys (ConfUtils.java:logGet(46)) - raft.server.storage.dir = [/home/runner/work/ozone/ozone/hadoop-ozone/integration-test/target/test-dir/MiniOzoneClusterImpl-b6e902a5-721a-459f-a115-5ddcd789b87e/ozone-meta/datanode-8/ratis] (custom)
2024-04-29 10:04:39,794 [main] INFO  server.RaftServerConfigKeys (ConfUtils.java:logGet(46)) - raft.server.threadpool.proxy.cached = true (default)
2024-04-29 10:04:39,794 [main] INFO  server.RaftServerConfigKeys (ConfUtils.java:logGet(46)) - raft.server.threadpool.proxy.size = 0 (default)
2024-04-29 10:04:39,794 [a0b5e3cc-426b-4365-97e7-610395f4eb0a-NettyServerStreamRpc-bossGroup--thread1] INFO  logging.LoggingHandler (AbstractInternalLogger.java:log(148)) - [id: 0x5aaf0092] REGISTERED
2024-04-29 10:04:39,794 [a0b5e3cc-426b-4365-97e7-610395f4eb0a-NettyServerStreamRpc-bossGroup--thread1] INFO  logging.LoggingHandler (AbstractInternalLogger.java:log(148)) - [id: 0x5aaf0092] BIND: 0.0.0.0/0.0.0.0:15167
2024-04-29 10:04:39,795 [a0b5e3cc-426b-4365-97e7-610395f4eb0a-NettyServerStreamRpc-bossGroup--thread1] INFO  logging.LoggingHandler (AbstractInternalLogger.java:log(148)) - [id: 0x5aaf0092, L:/0.0.0.0:15167] ACTIVE
2024-04-29 10:04:39,795 [a0b5e3cc-426b-4365-97e7-610395f4eb0a-impl-thread1] INFO  server.RaftServer (RaftServerProxy.java:initGroupDir(264)) - a0b5e3cc-426b-4365-97e7-610395f4eb0a: found a subdirectory /home/runner/work/ozone/ozone/hadoop-ozone/integration-test/target/test-dir/MiniOzoneClusterImpl-b6e902a5-721a-459f-a115-5ddcd789b87e/ozone-meta/datanode-8/ratis/tmp
2024-04-29 10:04:39,796 [a0b5e3cc-426b-4365-97e7-610395f4eb0a-impl-thread1] INFO  server.RaftServer (RaftServerProxy.java:initGroupDir(269)) - a0b5e3cc-426b-4365-97e7-610395f4eb0a: The directory /home/runner/work/ozone/ozone/hadoop-ozone/integration-test/target/test-dir/MiniOzoneClusterImpl-b6e902a5-721a-459f-a115-5ddcd789b87e/ozone-meta/datanode-8/ratis/tmp is not a group directory; ignoring it. 
2024-04-29 10:04:39,796 [main] INFO  replication.ReplicationServer (ReplicationServer.java:<init>(86)) - Initializing replication server with thread count = 10 queue length = 4096
2024-04-29 10:04:39,797 [main] INFO  server.XceiverServerGrpc (XceiverServerGrpc.java:<init>(141)) - GrpcServer channel type EpollServerSocketChannel
2024-04-29 10:04:39,798 [main] INFO  replication.ReplicationSupervisor (ReplicationSupervisor.java:build(157)) - Initializing replication supervisor with thread count = 10
2024-04-29 10:04:39,799 [main] INFO  replication.ReplicationSupervisor (ReplicationSupervisor.java:nodeStateUpdated(312)) - Node state updated to IN_SERVICE, scaling executor pool size to 10
2024-04-29 10:04:39,800 [main] INFO  http.BaseHttpServer (BaseHttpServer.java:newHttpServer2BuilderForOzone(223)) - Starting Web-server for hddsDatanode at: http://0.0.0.0:15161
2024-04-29 10:04:39,800 [main] INFO  http.BaseHttpServer (BaseHttpServer.java:<init>(110)) - Hadoop Security Enabled: false Ozone Security Enabled: false Ozone HTTP Security Enabled: false 
2024-04-29 10:04:39,801 [main] WARN  server.AuthenticationFilter (AuthenticationFilter.java:constructSecretProvider(240)) - Unable to initialize FileSignerSecretProvider, falling back to use random secrets. Reason: Could not read signature secret file: /home/runner/hadoop-http-auth-signature-secret
2024-04-29 10:04:39,805 [main] INFO  http.HttpRequestLog (HttpRequestLog.java:getRequestLog(86)) - Http request log for http.requests.hddsDatanode is not defined
2024-04-29 10:04:39,807 [main] INFO  http.HttpServer2 (HttpServer2.java:addGlobalFilter(1036)) - Added global filter 'safety' (class=org.apache.hadoop.hdds.server.http.HttpServer2$QuotingInputFilter)
2024-04-29 10:04:39,807 [main] INFO  http.HttpServer2 (HttpServer2.java:addFilter(1012)) - Added filter static_user_filter (class=org.apache.hadoop.http.lib.StaticUserWebFilter$StaticUserFilter) to context hddsDatanode
2024-04-29 10:04:39,807 [main] INFO  http.HttpServer2 (HttpServer2.java:addFilter(1020)) - Added filter static_user_filter (class=org.apache.hadoop.http.lib.StaticUserWebFilter$StaticUserFilter) to context static
2024-04-29 10:04:39,807 [main] INFO  http.HttpServer2 (HttpServer2.java:addFilter(1020)) - Added filter static_user_filter (class=org.apache.hadoop.http.lib.StaticUserWebFilter$StaticUserFilter) to context logs
2024-04-29 10:04:39,808 [main] INFO  http.BaseHttpServer (BaseHttpServer.java:<init>(189)) - HTTP server of hddsDatanode uses base directory /home/runner/work/ozone/ozone/hadoop-ozone/integration-test/target/test-dir/MiniOzoneClusterImpl-b6e902a5-721a-459f-a115-5ddcd789b87e/ozone-meta/datanode-8/meta/webserver
2024-04-29 10:04:39,808 [main] INFO  http.HttpServer2 (HttpServer2.java:bindListener(1236)) - Jetty bound to port 15161
2024-04-29 10:04:39,808 [main] INFO  server.Server (Server.java:doStart(375)) - jetty-9.4.54.v20240208; built: 2024-02-08T19:42:39.027Z; git: cef3fbd6d736a21e7d541a5db490381d95a2047d; jvm 17.0.10+7
2024-04-29 10:04:39,817 [main] INFO  server.session (DefaultSessionIdManager.java:doStart(334)) - DefaultSessionIdManager workerName=node0
2024-04-29 10:04:39,818 [main] INFO  server.session (DefaultSessionIdManager.java:doStart(339)) - No SessionScavenger set, using defaults
2024-04-29 10:04:39,818 [main] INFO  server.session (HouseKeeper.java:startScavenging(132)) - node0 Scavenging every 660000ms
2024-04-29 10:04:39,818 [main] INFO  handler.ContextHandler (ContextHandler.java:doStart(921)) - Started o.e.j.s.ServletContextHandler@396feeb5{logs,/logs,file:///home/runner/work/ozone/ozone/hadoop-ozone/integration-test/target/log,AVAILABLE}
2024-04-29 10:04:39,819 [main] INFO  handler.ContextHandler (ContextHandler.java:doStart(921)) - Started o.e.j.s.ServletContextHandler@4237d6e4{static,/static,file:///home/runner/work/ozone/ozone/hadoop-hdds/container-service/target/classes/webapps/static,AVAILABLE}
2024-04-29 10:04:39,822 [main] INFO  handler.ContextHandler (ContextHandler.java:doStart(921)) - Started o.e.j.w.WebAppContext@4fbc8862{hddsDatanode,/,file:///home/runner/work/ozone/ozone/hadoop-hdds/container-service/target/classes/webapps/hddsDatanode/,AVAILABLE}{file:/home/runner/work/ozone/ozone/hadoop-hdds/container-service/target/classes/webapps/hddsDatanode}
2024-04-29 10:04:39,823 [main] INFO  server.AbstractConnector (AbstractConnector.java:doStart(333)) - Started ServerConnector@6ffd0aa8{HTTP/1.1, (http/1.1)}{0.0.0.0:15161}
2024-04-29 10:04:39,823 [main] INFO  server.Server (Server.java:doStart(415)) - Started @47196ms
2024-04-29 10:04:39,823 [main] WARN  impl.MetricsSystemImpl (MetricsSystemImpl.java:register(279)) - Sink prometheus already exists!
2024-04-29 10:04:39,824 [main] INFO  http.BaseHttpServer (BaseHttpServer.java:updateConnectorAddress(354)) - HTTP server of hddsDatanode listening at http://0.0.0.0:15161
2024-04-29 10:04:39,824 [main] INFO  ipc.CallQueueManager (CallQueueManager.java:<init>(90)) - Using callQueue: class java.util.concurrent.LinkedBlockingQueue, queueCapacity: 100, scheduler: class org.apache.hadoop.ipc.DefaultRpcScheduler, ipcBackoff: false.
2024-04-29 10:04:39,824 [main] INFO  ipc.Server (Server.java:<init>(1287)) - Listener at 0.0.0.0:15162
2024-04-29 10:04:39,826 [Socket Reader #1 for port 15162] INFO  ipc.Server (Server.java:run(1323)) - Starting Socket Reader #1 for port 15162
2024-04-29 10:04:39,829 [main] INFO  ozone.HddsDatanodeService (HddsDatanodeService.java:start(327)) - Datanode start with admins: [runner]
2024-04-29 10:04:39,829 [main] INFO  ozone.HddsDatanodeClientProtocolServer (HddsDatanodeClientProtocolServer.java:start(77)) - RPC server for Client /0.0.0.0:15162
2024-04-29 10:04:39,829 [IPC Server Responder] INFO  ipc.Server (Server.java:run(1562)) - IPC Server Responder: starting
2024-04-29 10:04:39,829 [IPC Server listener on 15162] INFO  ipc.Server (Server.java:run(1402)) - IPC Server listener on 15162: starting
2024-04-29 10:04:39,830 [a0b5e3cc-426b-4365-97e7-610395f4eb0a-DatanodeStateMachineDaemonThread] INFO  statemachine.DatanodeStateMachine (DatanodeStateMachine.java:lambda$startDaemon$1(555)) - Ozone container server started.
2024-04-29 10:04:39,830 [main] WARN  dropwizard3.Dm3MetricRegistriesImpl (Dm3MetricRegistriesImpl.java:addReporterRegistration(113)) - New reporters are added after registries were created. Some metrics will be missing from the reporter. Please add reporter before adding any new registry.
2024-04-29 10:04:39,830 [main] WARN  dropwizard3.Dm3MetricRegistriesImpl (Dm3MetricRegistriesImpl.java:addReporterRegistration(113)) - New reporters are added after registries were created. Some metrics will be missing from the reporter. Please add reporter before adding any new registry.
2024-04-29 10:04:39,830 [main] INFO  impl.MetricsSystemImpl (MetricsSystemImpl.java:init(158)) - HddsDatanode metrics system started (again)
2024-04-29 10:04:39,836 [a0b5e3cc-426b-4365-97e7-610395f4eb0a-DatanodeStateMachineTaskThread-0] INFO  datanode.InitDatanodeState (InitDatanodeState.java:persistContainerDatanodeDetails(139)) - DatanodeDetails is persisted to /home/runner/work/ozone/ozone/hadoop-ozone/integration-test/target/test-dir/MiniOzoneClusterImpl-b6e902a5-721a-459f-a115-5ddcd789b87e/ozone-meta/datanode-8/meta/datanode.id
2024-04-29 10:04:39,841 [main] INFO  ozone.HddsDatanodeService (HddsDatanodeService.java:start(240)) - HddsDatanodeService host:fv-az913-54.hn4i015bbztebps0p24f5airth.phxx.internal.cloudapp.net ip:10.1.0.39
2024-04-29 10:04:39,871 [main] INFO  upgrade.AbstractLayoutVersionManager (AbstractLayoutVersionManager.java:init(83)) - Initializing Layout version manager with metadata layout = HADOOP_PRC_PORTS_IN_DATANODEDETAILS (version = 7), software layout = HADOOP_PRC_PORTS_IN_DATANODEDETAILS (version = 7)
2024-04-29 10:04:39,872 [main] INFO  statemachine.DatanodeStateMachine (DatanodeStateMachine.java:getEndPointTaskThreadPoolSize(299)) - Datanode State Machine Task Thread Pool size 2
2024-04-29 10:04:39,873 [main] INFO  volume.HddsVolume (HddsVolume.java:<init>(126)) - Creating HddsVolume: /home/runner/work/ozone/ozone/hadoop-ozone/integration-test/target/test-dir/MiniOzoneClusterImpl-b6e902a5-721a-459f-a115-5ddcd789b87e/ozone-meta/datanode-9/data-0/hdds of storage type : DISK capacity : 9223372036854775807
2024-04-29 10:04:39,873 [main] INFO  volume.MutableVolumeSet (MutableVolumeSet.java:initializeVolumeSet(173)) - Added Volume : /home/runner/work/ozone/ozone/hadoop-ozone/integration-test/target/test-dir/MiniOzoneClusterImpl-b6e902a5-721a-459f-a115-5ddcd789b87e/ozone-meta/datanode-9/data-0/hdds to VolumeSet
2024-04-29 10:04:39,874 [main] INFO  volume.MutableVolumeSet (MutableVolumeSet.java:initializeVolumeSet(173)) - Added Volume : /home/runner/work/ozone/ozone/hadoop-ozone/integration-test/target/test-dir/MiniOzoneClusterImpl-b6e902a5-721a-459f-a115-5ddcd789b87e/ozone-meta/datanode-9/ratis to VolumeSet
2024-04-29 10:04:39,874 [main] INFO  ozoneimpl.OzoneContainer (HddsVolumeUtil.java:loadAllHddsVolumeDbStore(103)) - Load 1 volumes DbStore cost: 0ms
2024-04-29 10:04:39,876 [main] INFO  server.RaftServer (ConfUtils.java:logGet(46)) - raft.rpc.type = GRPC (default)
2024-04-29 10:04:39,876 [main] INFO  grpc.GrpcConfigKeys (ConfUtils.java:logFallback(53)) - raft.grpc.admin.host = null (fallback to raft.grpc.server.host)
2024-04-29 10:04:39,876 [main] INFO  grpc.GrpcConfigKeys (ConfUtils.java:logGet(46)) - raft.grpc.admin.port = 15174 (custom)
2024-04-29 10:04:39,876 [main] INFO  grpc.GrpcConfigKeys (ConfUtils.java:logFallback(53)) - raft.grpc.client.host = null (fallback to raft.grpc.server.host)
2024-04-29 10:04:39,876 [main] INFO  grpc.GrpcConfigKeys (ConfUtils.java:logGet(46)) - raft.grpc.client.port = 15173 (custom)
2024-04-29 10:04:39,877 [main] INFO  grpc.GrpcConfigKeys (ConfUtils.java:logGet(46)) - raft.grpc.server.host = null (default)
2024-04-29 10:04:39,877 [main] INFO  grpc.GrpcConfigKeys (ConfUtils.java:logGet(46)) - raft.grpc.server.port = 15175 (custom)
2024-04-29 10:04:39,877 [main] INFO  server.GrpcService (ConfUtils.java:logGet(46)) - raft.grpc.message.size.max = 32MB (=33554432) (custom)
2024-04-29 10:04:39,877 [main] INFO  server.RaftServerConfigKeys (ConfUtils.java:logGet(46)) - raft.server.log.appender.buffer.byte-limit = 8388608 (custom)
2024-04-29 10:04:39,877 [main] INFO  server.GrpcService (ConfUtils.java:logGet(46)) - raft.grpc.flow.control.window = 5MB (=5242880) (custom)
2024-04-29 10:04:39,877 [main] INFO  server.RaftServerConfigKeys (ConfUtils.java:logGet(46)) - raft.server.rpc.request.timeout = 3000ms (default)
2024-04-29 10:04:39,877 [main] INFO  grpc.GrpcConfigKeys (ConfUtils.java:logGet(46)) - raft.grpc.server.heartbeat.channel = true (default)
2024-04-29 10:04:39,877 [main] INFO  grpc.GrpcConfigKeys (ConfUtils.java:logGet(46)) - raft.grpc.server.async.request.thread.pool.cached = true (default)
2024-04-29 10:04:39,877 [main] INFO  grpc.GrpcConfigKeys (ConfUtils.java:logGet(46)) - raft.grpc.server.async.request.thread.pool.size = 32 (default)
2024-04-29 10:04:39,879 [main] INFO  impl.DataStreamServerImpl (ConfUtils.java:logGet(46)) - raft.datastream.type = NETTY (custom)
2024-04-29 10:04:39,879 [main] INFO  server.RaftServerConfigKeys (ConfUtils.java:logGet(46)) - raft.server.data-stream.async.request.thread.pool.cached = false (default)
2024-04-29 10:04:39,880 [main] INFO  server.RaftServerConfigKeys (ConfUtils.java:logGet(46)) - raft.server.data-stream.async.request.thread.pool.size = 20 (custom)
2024-04-29 10:04:39,880 [main] INFO  server.RaftServerConfigKeys (ConfUtils.java:logGet(46)) - raft.server.data-stream.async.write.thread.pool.size = 16 (default)
2024-04-29 10:04:39,880 [main] INFO  netty.NettyConfigKeys$DataStream (ConfUtils.java:logGet(46)) - raft.netty.dataStream.server.channel.inactive.grace-period = 10min (default)
2024-04-29 10:04:39,880 [main] INFO  server.RaftServerConfigKeys (ConfUtils.java:logGet(46)) - raft.server.data-stream.client.pool.size = 10 (default)
2024-04-29 10:04:39,880 [main] INFO  netty.NettyConfigKeys$DataStream (ConfUtils.java:logGet(46)) - raft.netty.dataStream.server.use-epoll = true (default)
2024-04-29 10:04:39,880 [main] INFO  netty.NettyConfigKeys$DataStream (ConfUtils.java:logGet(46)) - raft.netty.dataStream.server.boss-group.size = 0 (default)
2024-04-29 10:04:39,880 [main] INFO  netty.NettyUtils (NettyUtils.java:newEventLoopGroup(69)) - Create EpollEventLoopGroup for dd1da58e-99a3-4355-8051-ac3fff011e62-NettyServerStreamRpc-bossGroup; Thread size is 0.
2024-04-29 10:04:39,880 [main] INFO  netty.NettyConfigKeys$DataStream (ConfUtils.java:logGet(46)) - raft.netty.dataStream.server.worker-group.size = 0 (default)
2024-04-29 10:04:39,881 [main] INFO  netty.NettyUtils (NettyUtils.java:newEventLoopGroup(69)) - Create EpollEventLoopGroup for dd1da58e-99a3-4355-8051-ac3fff011e62-NettyServerStreamRpc-workerGroup; Thread size is 0.
2024-04-29 10:04:39,881 [main] INFO  netty.NettyConfigKeys$DataStream (ConfUtils.java:logGet(46)) - raft.netty.dataStream.server.tls.conf = null (default)
2024-04-29 10:04:39,881 [main] INFO  netty.NettyConfigKeys$DataStream (ConfUtils.java:logGet(46)) - raft.netty.dataStream.host = null (default)
2024-04-29 10:04:39,881 [main] INFO  netty.NettyConfigKeys$DataStream (ConfUtils.java:logGet(46)) - raft.netty.dataStream.port = 15176 (custom)
2024-04-29 10:04:39,885 [main] INFO  server.RaftServerConfigKeys (ConfUtils.java:logGet(46)) - raft.server.sleep.deviation.threshold = 300ms (default)
2024-04-29 10:04:39,885 [main] INFO  server.RaftServerConfigKeys (ConfUtils.java:logGet(46)) - raft.server.close.threshold = 60s (default)
2024-04-29 10:04:39,885 [main] INFO  server.RaftServerConfigKeys (ConfUtils.java:logGet(46)) - raft.server.leaderelection.leader.step-down.wait-time = 10s (default)
2024-04-29 10:04:39,885 [dd1da58e-99a3-4355-8051-ac3fff011e62-NettyServerStreamRpc-bossGroup--thread1] INFO  logging.LoggingHandler (AbstractInternalLogger.java:log(148)) - [id: 0xd23032e3] REGISTERED
2024-04-29 10:04:39,885 [main] INFO  server.RaftServerConfigKeys (ConfUtils.java:logGet(46)) - raft.server.storage.dir = [/home/runner/work/ozone/ozone/hadoop-ozone/integration-test/target/test-dir/MiniOzoneClusterImpl-b6e902a5-721a-459f-a115-5ddcd789b87e/ozone-meta/datanode-9/ratis] (custom)
2024-04-29 10:04:39,885 [main] INFO  server.RaftServerConfigKeys (ConfUtils.java:logGet(46)) - raft.server.threadpool.proxy.cached = true (default)
2024-04-29 10:04:39,885 [main] INFO  server.RaftServerConfigKeys (ConfUtils.java:logGet(46)) - raft.server.threadpool.proxy.size = 0 (default)
2024-04-29 10:04:39,886 [dd1da58e-99a3-4355-8051-ac3fff011e62-NettyServerStreamRpc-bossGroup--thread1] INFO  logging.LoggingHandler (AbstractInternalLogger.java:log(148)) - [id: 0xd23032e3] BIND: 0.0.0.0/0.0.0.0:15176
2024-04-29 10:04:39,886 [dd1da58e-99a3-4355-8051-ac3fff011e62-NettyServerStreamRpc-bossGroup--thread1] INFO  logging.LoggingHandler (AbstractInternalLogger.java:log(148)) - [id: 0xd23032e3, L:/0.0.0.0:15176] ACTIVE
2024-04-29 10:04:39,887 [dd1da58e-99a3-4355-8051-ac3fff011e62-impl-thread1] INFO  server.RaftServer (RaftServerProxy.java:initGroupDir(264)) - dd1da58e-99a3-4355-8051-ac3fff011e62: found a subdirectory /home/runner/work/ozone/ozone/hadoop-ozone/integration-test/target/test-dir/MiniOzoneClusterImpl-b6e902a5-721a-459f-a115-5ddcd789b87e/ozone-meta/datanode-9/ratis/tmp
2024-04-29 10:04:39,887 [dd1da58e-99a3-4355-8051-ac3fff011e62-impl-thread1] INFO  server.RaftServer (RaftServerProxy.java:initGroupDir(269)) - dd1da58e-99a3-4355-8051-ac3fff011e62: The directory /home/runner/work/ozone/ozone/hadoop-ozone/integration-test/target/test-dir/MiniOzoneClusterImpl-b6e902a5-721a-459f-a115-5ddcd789b87e/ozone-meta/datanode-9/ratis/tmp is not a group directory; ignoring it. 
2024-04-29 10:04:39,887 [main] INFO  replication.ReplicationServer (ReplicationServer.java:<init>(86)) - Initializing replication server with thread count = 10 queue length = 4096
2024-04-29 10:04:39,888 [main] INFO  server.XceiverServerGrpc (XceiverServerGrpc.java:<init>(141)) - GrpcServer channel type EpollServerSocketChannel
2024-04-29 10:04:39,889 [main] INFO  replication.ReplicationSupervisor (ReplicationSupervisor.java:build(157)) - Initializing replication supervisor with thread count = 10
2024-04-29 10:04:39,889 [main] INFO  replication.ReplicationSupervisor (ReplicationSupervisor.java:nodeStateUpdated(312)) - Node state updated to IN_SERVICE, scaling executor pool size to 10
2024-04-29 10:04:39,891 [main] INFO  http.BaseHttpServer (BaseHttpServer.java:newHttpServer2BuilderForOzone(223)) - Starting Web-server for hddsDatanode at: http://0.0.0.0:15170
2024-04-29 10:04:39,891 [main] INFO  http.BaseHttpServer (BaseHttpServer.java:<init>(110)) - Hadoop Security Enabled: false Ozone Security Enabled: false Ozone HTTP Security Enabled: false 
2024-04-29 10:04:39,892 [main] WARN  server.AuthenticationFilter (AuthenticationFilter.java:constructSecretProvider(240)) - Unable to initialize FileSignerSecretProvider, falling back to use random secrets. Reason: Could not read signature secret file: /home/runner/hadoop-http-auth-signature-secret
2024-04-29 10:04:39,892 [main] INFO  http.HttpRequestLog (HttpRequestLog.java:getRequestLog(86)) - Http request log for http.requests.hddsDatanode is not defined
2024-04-29 10:04:39,894 [main] INFO  http.HttpServer2 (HttpServer2.java:addGlobalFilter(1036)) - Added global filter 'safety' (class=org.apache.hadoop.hdds.server.http.HttpServer2$QuotingInputFilter)
2024-04-29 10:04:39,894 [main] INFO  http.HttpServer2 (HttpServer2.java:addFilter(1012)) - Added filter static_user_filter (class=org.apache.hadoop.http.lib.StaticUserWebFilter$StaticUserFilter) to context hddsDatanode
2024-04-29 10:04:39,894 [main] INFO  http.HttpServer2 (HttpServer2.java:addFilter(1020)) - Added filter static_user_filter (class=org.apache.hadoop.http.lib.StaticUserWebFilter$StaticUserFilter) to context static
2024-04-29 10:04:39,894 [main] INFO  http.HttpServer2 (HttpServer2.java:addFilter(1020)) - Added filter static_user_filter (class=org.apache.hadoop.http.lib.StaticUserWebFilter$StaticUserFilter) to context logs
2024-04-29 10:04:39,895 [main] INFO  http.BaseHttpServer (BaseHttpServer.java:<init>(189)) - HTTP server of hddsDatanode uses base directory /home/runner/work/ozone/ozone/hadoop-ozone/integration-test/target/test-dir/MiniOzoneClusterImpl-b6e902a5-721a-459f-a115-5ddcd789b87e/ozone-meta/datanode-9/meta/webserver
2024-04-29 10:04:39,895 [main] INFO  http.HttpServer2 (HttpServer2.java:bindListener(1236)) - Jetty bound to port 15170
2024-04-29 10:04:39,895 [main] INFO  server.Server (Server.java:doStart(375)) - jetty-9.4.54.v20240208; built: 2024-02-08T19:42:39.027Z; git: cef3fbd6d736a21e7d541a5db490381d95a2047d; jvm 17.0.10+7
2024-04-29 10:04:39,896 [main] INFO  server.session (DefaultSessionIdManager.java:doStart(334)) - DefaultSessionIdManager workerName=node0
2024-04-29 10:04:39,897 [main] INFO  server.session (DefaultSessionIdManager.java:doStart(339)) - No SessionScavenger set, using defaults
2024-04-29 10:04:39,897 [main] INFO  server.session (HouseKeeper.java:startScavenging(132)) - node0 Scavenging every 600000ms
2024-04-29 10:04:39,897 [main] INFO  handler.ContextHandler (ContextHandler.java:doStart(921)) - Started o.e.j.s.ServletContextHandler@4a02197b{logs,/logs,file:///home/runner/work/ozone/ozone/hadoop-ozone/integration-test/target/log,AVAILABLE}
2024-04-29 10:04:39,898 [main] INFO  handler.ContextHandler (ContextHandler.java:doStart(921)) - Started o.e.j.s.ServletContextHandler@29ec693e{static,/static,file:///home/runner/work/ozone/ozone/hadoop-hdds/container-service/target/classes/webapps/static,AVAILABLE}
2024-04-29 10:04:39,901 [main] INFO  handler.ContextHandler (ContextHandler.java:doStart(921)) - Started o.e.j.w.WebAppContext@6e5b7446{hddsDatanode,/,file:///home/runner/work/ozone/ozone/hadoop-hdds/container-service/target/classes/webapps/hddsDatanode/,AVAILABLE}{file:/home/runner/work/ozone/ozone/hadoop-hdds/container-service/target/classes/webapps/hddsDatanode}
2024-04-29 10:04:39,903 [main] INFO  server.AbstractConnector (AbstractConnector.java:doStart(333)) - Started ServerConnector@1bffbac{HTTP/1.1, (http/1.1)}{0.0.0.0:15170}
2024-04-29 10:04:39,903 [main] INFO  server.Server (Server.java:doStart(415)) - Started @47276ms
2024-04-29 10:04:39,903 [main] WARN  impl.MetricsSystemImpl (MetricsSystemImpl.java:register(279)) - Sink prometheus already exists!
2024-04-29 10:04:39,904 [main] INFO  http.BaseHttpServer (BaseHttpServer.java:updateConnectorAddress(354)) - HTTP server of hddsDatanode listening at http://0.0.0.0:15170
2024-04-29 10:04:39,904 [main] INFO  ipc.CallQueueManager (CallQueueManager.java:<init>(90)) - Using callQueue: class java.util.concurrent.LinkedBlockingQueue, queueCapacity: 100, scheduler: class org.apache.hadoop.ipc.DefaultRpcScheduler, ipcBackoff: false.
2024-04-29 10:04:39,904 [main] INFO  ipc.Server (Server.java:<init>(1287)) - Listener at 0.0.0.0:15171
2024-04-29 10:04:39,905 [Socket Reader #1 for port 15171] INFO  ipc.Server (Server.java:run(1323)) - Starting Socket Reader #1 for port 15171
2024-04-29 10:04:39,906 [main] INFO  ozone.HddsDatanodeService (HddsDatanodeService.java:start(327)) - Datanode start with admins: [runner]
2024-04-29 10:04:39,906 [main] INFO  ozone.HddsDatanodeClientProtocolServer (HddsDatanodeClientProtocolServer.java:start(77)) - RPC server for Client /0.0.0.0:15171
2024-04-29 10:04:39,907 [IPC Server Responder] INFO  ipc.Server (Server.java:run(1562)) - IPC Server Responder: starting
2024-04-29 10:04:39,907 [IPC Server listener on 15171] INFO  ipc.Server (Server.java:run(1402)) - IPC Server listener on 15171: starting
2024-04-29 10:04:39,908 [dd1da58e-99a3-4355-8051-ac3fff011e62-DatanodeStateMachineDaemonThread] INFO  statemachine.DatanodeStateMachine (DatanodeStateMachine.java:lambda$startDaemon$1(555)) - Ozone container server started.
2024-04-29 10:04:39,908 [main] INFO  ozone.MiniOzoneClusterImpl (MiniOzoneClusterImpl.java:lambda$waitForClusterToBeReady$0(194)) - Waiting for nodes to be ready. Got 0 of 9 DN Heartbeats.
2024-04-29 10:04:39,909 [main] INFO  ozone.MiniOzoneClusterImpl (MiniOzoneClusterImpl.java:lambda$waitForClusterToBeReady$0(197)) - Waiting for cluster to exit safe mode
2024-04-29 10:04:39,909 [main] INFO  ozone.MiniOzoneClusterImpl (MiniOzoneClusterImpl.java:lambda$waitForClusterToBeReady$0(199)) - SCM became leader
2024-04-29 10:04:39,910 [dd1da58e-99a3-4355-8051-ac3fff011e62-DatanodeStateMachineTaskThread-0] INFO  datanode.InitDatanodeState (InitDatanodeState.java:persistContainerDatanodeDetails(139)) - DatanodeDetails is persisted to /home/runner/work/ozone/ozone/hadoop-ozone/integration-test/target/test-dir/MiniOzoneClusterImpl-b6e902a5-721a-459f-a115-5ddcd789b87e/ozone-meta/datanode-9/meta/datanode.id
2024-04-29 10:04:40,169 [om1@group-C5BA1605619E-FollowerState] INFO  impl.FollowerState (FollowerState.java:run(143)) - om1@group-C5BA1605619E-FollowerState: change to CANDIDATE, lastRpcElapsedTime:1081229090ns, electionTimeout:1080ms
2024-04-29 10:04:40,169 [om1@group-C5BA1605619E-FollowerState] INFO  impl.RoleInfo (RoleInfo.java:shutdownFollowerState(110)) - om1: shutdown om1@group-C5BA1605619E-FollowerState
2024-04-29 10:04:40,169 [om1@group-C5BA1605619E-FollowerState] INFO  server.RaftServer$Division (RaftServerImpl.java:setRole(383)) - om1@group-C5BA1605619E: changes role from  FOLLOWER to CANDIDATE at term 0 for changeToCandidate
2024-04-29 10:04:40,169 [om1@group-C5BA1605619E-FollowerState] INFO  server.RaftServerConfigKeys (ConfUtils.java:logGet(46)) - raft.server.leaderelection.pre-vote = true (default)
2024-04-29 10:04:40,170 [om1@group-C5BA1605619E-FollowerState] INFO  impl.RoleInfo (RoleInfo.java:updateAndGet(139)) - om1: start om1@group-C5BA1605619E-LeaderElection18
2024-04-29 10:04:40,170 [om1@group-C5BA1605619E-LeaderElection18] INFO  impl.LeaderElection (LeaderElection.java:askForVotes(321)) - om1@group-C5BA1605619E-LeaderElection18 PRE_VOTE round 0: submit vote requests at term 0 for -1: peers:[om1|localhost:15096]|listeners:[], old=null
2024-04-29 10:04:40,170 [om1@group-C5BA1605619E-LeaderElection18] INFO  impl.LeaderElection (LeaderElection.java:askForVotes(323)) - om1@group-C5BA1605619E-LeaderElection18 PRE_VOTE round 0: result PASSED (term=0)
2024-04-29 10:04:40,172 [om1@group-C5BA1605619E-LeaderElection18] INFO  impl.LeaderElection (LeaderElection.java:askForVotes(321)) - om1@group-C5BA1605619E-LeaderElection18 ELECTION round 0: submit vote requests at term 1 for -1: peers:[om1|localhost:15096]|listeners:[], old=null
2024-04-29 10:04:40,172 [om1@group-C5BA1605619E-LeaderElection18] INFO  impl.LeaderElection (LeaderElection.java:askForVotes(323)) - om1@group-C5BA1605619E-LeaderElection18 ELECTION round 0: result PASSED (term=1)
2024-04-29 10:04:40,172 [om1@group-C5BA1605619E-LeaderElection18] INFO  impl.RoleInfo (RoleInfo.java:shutdownLeaderElection(130)) - om1: shutdown om1@group-C5BA1605619E-LeaderElection18
2024-04-29 10:04:40,172 [om1@group-C5BA1605619E-LeaderElection18] INFO  server.RaftServer$Division (RaftServerImpl.java:setRole(383)) - om1@group-C5BA1605619E: changes role from CANDIDATE to LEADER at term 1 for changeToLeader
2024-04-29 10:04:40,172 [om1@group-C5BA1605619E-LeaderElection18] INFO  server.RaftServerConfigKeys (ConfUtils.java:logGet(46)) - raft.server.staging.catchup.gap = 1000 (default)
2024-04-29 10:04:40,172 [om1@group-C5BA1605619E-LeaderElection18] INFO  server.RaftServerConfigKeys (ConfUtils.java:logGet(46)) - raft.server.write.element-limit = 4096 (default)
2024-04-29 10:04:40,172 [om1@group-C5BA1605619E-LeaderElection18] INFO  server.RaftServerConfigKeys (ConfUtils.java:logGet(46)) - raft.server.write.byte-limit = 64MB (=67108864) (default)
2024-04-29 10:04:40,172 [om1@group-C5BA1605619E-LeaderElection18] INFO  server.RaftServerConfigKeys (ConfUtils.java:logGet(46)) - raft.server.watch.timeout = 10s (default)
2024-04-29 10:04:40,172 [om1@group-C5BA1605619E-LeaderElection18] INFO  server.RaftServerConfigKeys (ConfUtils.java:logGet(46)) - raft.server.watch.timeout.denomination = 1s (default)
2024-04-29 10:04:40,173 [om1@group-C5BA1605619E-LeaderElection18] INFO  server.RaftServerConfigKeys (ConfUtils.java:logGet(46)) - raft.server.watch.element-limit = 65536 (default)
2024-04-29 10:04:40,173 [om1@group-C5BA1605619E-LeaderElection18] INFO  server.RaftServerConfigKeys (ConfUtils.java:logGet(46)) - raft.server.read.leader.lease.enabled = false (default)
2024-04-29 10:04:40,173 [om1@group-C5BA1605619E-LeaderElection18] INFO  server.RaftServerConfigKeys (ConfUtils.java:logGet(46)) - raft.server.read.leader.lease.timeout.ratio = 0.9 (default)
2024-04-29 10:04:40,173 [om1@group-C5BA1605619E-LeaderElection18] INFO  server.RaftServerConfigKeys (ConfUtils.java:logGet(46)) - raft.server.rpc.timeout.min = 1s (custom)
2024-04-29 10:04:40,173 [om1@group-C5BA1605619E-LeaderElection18] INFO  server.RaftServerConfigKeys (ConfUtils.java:logGet(46)) - raft.server.write.element-limit = 4096 (default)
2024-04-29 10:04:40,173 [om1@group-C5BA1605619E-LeaderElection18] INFO  server.RaftServerConfigKeys (ConfUtils.java:logGet(46)) - raft.server.write.follower.gap.ratio.max = -1.0 (default)
2024-04-29 10:04:40,173 [om1@group-C5BA1605619E-LeaderElection18] INFO  impl.RoleInfo (RoleInfo.java:updateAndGet(139)) - om1: start om1@group-C5BA1605619E-LeaderStateImpl
2024-04-29 10:04:40,173 [om1@group-C5BA1605619E-LeaderElection18] INFO  server.RaftServer$Division (RaftServerImpl.java:setFirstElection(574)) - om1@group-C5BA1605619E: set firstElectionSinceStartup to false for becomeLeader
2024-04-29 10:04:40,173 [om1@group-C5BA1605619E-LeaderElection18] INFO  server.RaftServer$Division (ServerState.java:setLeader(269)) - om1@group-C5BA1605619E: change Leader from null to om1 at term 1 for becomeLeader, leader elected after 1495ms
2024-04-29 10:04:40,173 [om1@group-C5BA1605619E-LeaderElection18] INFO  segmented.SegmentedRaftLogWorker (SegmentedRaftLogWorker.java:startLogSegment(430)) - om1@group-C5BA1605619E-SegmentedRaftLogWorker: Starting segment from index:0
2024-04-29 10:04:40,174 [om1@group-C5BA1605619E-LeaderElection18] INFO  server.RaftServer$Division (ServerState.java:setRaftConf(386)) - om1@group-C5BA1605619E: set configuration 0: peers:[om1|localhost:15096]|listeners:[], old=null
2024-04-29 10:04:40,175 [om1@group-C5BA1605619E-SegmentedRaftLogWorker] INFO  segmented.BufferedWriteChannel (BufferedWriteChannel.java:open(62)) - open log_inprogress_0 at position 0
2024-04-29 10:04:40,182 [om1@group-C5BA1605619E-SegmentedRaftLogWorker] INFO  segmented.SegmentedRaftLogWorker (SegmentedRaftLogWorker.java:execute(634)) - om1@group-C5BA1605619E-SegmentedRaftLogWorker: created new log segment /home/runner/work/ozone/ozone/hadoop-ozone/integration-test/target/test-dir/MiniOzoneClusterImpl-b6e902a5-721a-459f-a115-5ddcd789b87e/ozone-meta/ratis/bf265839-605b-3f16-9796-c5ba1605619e/current/log_inprogress_0
2024-04-29 10:04:40,184 [om1@group-C5BA1605619E-StateMachineUpdater] INFO  ratis.OzoneManagerStateMachine (OzoneManagerStateMachine.java:notifyConfigurationChanged(212)) - Received Configuration change notification from Ratis. New Peer list:
[id: "om1"
address: "localhost:15096"
startupRole: FOLLOWER
]
2024-04-29 10:04:40,184 [om1@group-C5BA1605619E-StateMachineUpdater] INFO  server.RaftServer$Division (LeaderStateImpl.java:isApplied(320)) - leader is ready since appliedIndex == 0 >= startIndex == 0
2024-04-29 10:04:40,909 [main] INFO  ozone.MiniOzoneClusterImpl (MiniOzoneClusterImpl.java:lambda$waitForClusterToBeReady$0(194)) - Waiting for nodes to be ready. Got 0 of 9 DN Heartbeats.
2024-04-29 10:04:40,909 [main] INFO  ozone.MiniOzoneClusterImpl (MiniOzoneClusterImpl.java:lambda$waitForClusterToBeReady$0(197)) - Waiting for cluster to exit safe mode
2024-04-29 10:04:40,909 [main] INFO  ozone.MiniOzoneClusterImpl (MiniOzoneClusterImpl.java:lambda$waitForClusterToBeReady$0(199)) - SCM became leader
2024-04-29 10:04:41,260 [6d197fbd-467e-45ff-9898-42ed1c21d5d8-EndpointStateMachineTaskThread-/0.0.0.0:15091-0 ] INFO  utils.DatanodeStoreCache (DatanodeStoreCache.java:addDB(72)) - Added db /home/runner/work/ozone/ozone/hadoop-ozone/integration-test/target/test-dir/MiniOzoneClusterImpl-b6e902a5-721a-459f-a115-5ddcd789b87e/ozone-meta/datanode-1/data-0/hdds/b6e902a5-721a-459f-a115-5ddcd789b87e/DS-2197db3b-fe8f-4b2c-8084-aee140f2c76c/container.db to cache
2024-04-29 10:04:41,260 [6d197fbd-467e-45ff-9898-42ed1c21d5d8-EndpointStateMachineTaskThread-/0.0.0.0:15091-0 ] INFO  volume.HddsVolume (HddsVolume.java:createDbStore(437)) - SchemaV3 db is created and loaded at /home/runner/work/ozone/ozone/hadoop-ozone/integration-test/target/test-dir/MiniOzoneClusterImpl-b6e902a5-721a-459f-a115-5ddcd789b87e/ozone-meta/datanode-1/data-0/hdds/b6e902a5-721a-459f-a115-5ddcd789b87e/DS-2197db3b-fe8f-4b2c-8084-aee140f2c76c/container.db for volume DS-2197db3b-fe8f-4b2c-8084-aee140f2c76c
2024-04-29 10:04:41,262 [6d197fbd-467e-45ff-9898-42ed1c21d5d8-ContainerReader-0] INFO  ozoneimpl.ContainerReader (ContainerReader.java:readVolume(148)) - Start to verify containers on volume /home/runner/work/ozone/ozone/hadoop-ozone/integration-test/target/test-dir/MiniOzoneClusterImpl-b6e902a5-721a-459f-a115-5ddcd789b87e/ozone-meta/datanode-1/data-0/hdds
2024-04-29 10:04:41,262 [6d197fbd-467e-45ff-9898-42ed1c21d5d8-ContainerReader-0] INFO  ozoneimpl.ContainerReader (ContainerReader.java:readVolume(178)) - Finish verifying containers on volume /home/runner/work/ozone/ozone/hadoop-ozone/integration-test/target/test-dir/MiniOzoneClusterImpl-b6e902a5-721a-459f-a115-5ddcd789b87e/ozone-meta/datanode-1/data-0/hdds
2024-04-29 10:04:41,262 [6d197fbd-467e-45ff-9898-42ed1c21d5d8-EndpointStateMachineTaskThread-/0.0.0.0:15091-0 ] INFO  ozoneimpl.OzoneContainer (OzoneContainer.java:buildContainerSet(328)) - Build ContainerSet costs 0s
2024-04-29 10:04:41,263 [6d197fbd-467e-45ff-9898-42ed1c21d5d8-EndpointStateMachineTaskThread-/0.0.0.0:15091-0 ] INFO  volume.ThrottledAsyncChecker (ThrottledAsyncChecker.java:schedule(141)) - Scheduling a check for /home/runner/work/ozone/ozone/hadoop-ozone/integration-test/target/test-dir/MiniOzoneClusterImpl-b6e902a5-721a-459f-a115-5ddcd789b87e/ozone-meta/datanode-1/data-0/hdds
2024-04-29 10:04:41,263 [6d197fbd-467e-45ff-9898-42ed1c21d5d8-EndpointStateMachineTaskThread-/0.0.0.0:15091-0 ] INFO  volume.StorageVolumeChecker (StorageVolumeChecker.java:checkAllVolumes(218)) - Scheduled health check for volume /home/runner/work/ozone/ozone/hadoop-ozone/integration-test/target/test-dir/MiniOzoneClusterImpl-b6e902a5-721a-459f-a115-5ddcd789b87e/ozone-meta/datanode-1/data-0/hdds
2024-04-29 10:04:41,264 [6d197fbd-467e-45ff-9898-42ed1c21d5d8-EndpointStateMachineTaskThread-/0.0.0.0:15091-0 ] INFO  volume.ThrottledAsyncChecker (ThrottledAsyncChecker.java:schedule(141)) - Scheduling a check for /home/runner/work/ozone/ozone/hadoop-ozone/integration-test/target/test-dir/MiniOzoneClusterImpl-b6e902a5-721a-459f-a115-5ddcd789b87e/ozone-meta/datanode-1/ratis
2024-04-29 10:04:41,264 [6d197fbd-467e-45ff-9898-42ed1c21d5d8-EndpointStateMachineTaskThread-/0.0.0.0:15091-0 ] INFO  volume.StorageVolumeChecker (StorageVolumeChecker.java:checkAllVolumes(218)) - Scheduled health check for volume /home/runner/work/ozone/ozone/hadoop-ozone/integration-test/target/test-dir/MiniOzoneClusterImpl-b6e902a5-721a-459f-a115-5ddcd789b87e/ozone-meta/datanode-1/ratis
2024-04-29 10:04:41,265 [6d197fbd-467e-45ff-9898-42ed1c21d5d8-EndpointStateMachineTaskThread-/0.0.0.0:15091-0 ] INFO  ozoneimpl.OzoneContainer (OzoneContainer.java:start(459)) - Attempting to start container services.
2024-04-29 10:04:41,265 [ContainerMetadataScanner] INFO  ozoneimpl.AbstractBackgroundContainerScanner (AbstractBackgroundContainerScanner.java:runIteration(87)) - Completed an iteration in 0 minutes. Number of iterations (since the data-node restart) : 1, Number of containers scanned in this iteration : 0, Number of unhealthy containers found in this iteration : 0
2024-04-29 10:04:41,266 [ContainerDataScanner(/home/runner/work/ozone/ozone/hadoop-ozone/integration-test/target/test-dir/MiniOzoneClusterImpl-b6e902a5-721a-459f-a115-5ddcd789b87e/ozone-meta/datanode-1/data-0/hdds)] INFO  ozoneimpl.AbstractBackgroundContainerScanner (AbstractBackgroundContainerScanner.java:runIteration(87)) - Completed an iteration in 0 minutes. Number of iterations (since the data-node restart) : 1, Number of containers scanned in this iteration : 0, Number of unhealthy containers found in this iteration : 0
2024-04-29 10:04:41,266 [6d197fbd-467e-45ff-9898-42ed1c21d5d8-EndpointStateMachineTaskThread-/0.0.0.0:15091-0 ] INFO  replication.ReplicationServer (ReplicationServer.java:start(142)) - ReplicationServer is started using port 15105
2024-04-29 10:04:41,266 [6d197fbd-467e-45ff-9898-42ed1c21d5d8-EndpointStateMachineTaskThread-/0.0.0.0:15091-0 ] INFO  ratis.XceiverServerRatis (XceiverServerRatis.java:start(566)) - Starting XceiverServerRatis 6d197fbd-467e-45ff-9898-42ed1c21d5d8
2024-04-29 10:04:41,267 [6d197fbd-467e-45ff-9898-42ed1c21d5d8-EndpointStateMachineTaskThread-/0.0.0.0:15091-0 ] INFO  server.RaftServer (RaftServerProxy.java:startImpl(406)) - 6d197fbd-467e-45ff-9898-42ed1c21d5d8: start RPC server
2024-04-29 10:04:41,267 [6d197fbd-467e-45ff-9898-42ed1c21d5d8-EndpointStateMachineTaskThread-/0.0.0.0:15091-0 ] INFO  server.GrpcService (GrpcService.java:startImpl(302)) - 6d197fbd-467e-45ff-9898-42ed1c21d5d8: GrpcService started, listening on 15101
2024-04-29 10:04:41,267 [6d197fbd-467e-45ff-9898-42ed1c21d5d8-EndpointStateMachineTaskThread-/0.0.0.0:15091-0 ] INFO  server.GrpcService (GrpcService.java:startImpl(302)) - 6d197fbd-467e-45ff-9898-42ed1c21d5d8: GrpcService started, listening on 15103
2024-04-29 10:04:41,267 [6d197fbd-467e-45ff-9898-42ed1c21d5d8-EndpointStateMachineTaskThread-/0.0.0.0:15091-0 ] INFO  server.GrpcService (GrpcService.java:startImpl(302)) - 6d197fbd-467e-45ff-9898-42ed1c21d5d8: GrpcService started, listening on 15102
2024-04-29 10:04:41,268 [6d197fbd-467e-45ff-9898-42ed1c21d5d8-EndpointStateMachineTaskThread-/0.0.0.0:15091-0 ] INFO  ratis.XceiverServerRatis (XceiverServerRatis.java:getRealPort(592)) - XceiverServerRatis 6d197fbd-467e-45ff-9898-42ed1c21d5d8 is started using port 15101 for RATIS
2024-04-29 10:04:41,268 [6d197fbd-467e-45ff-9898-42ed1c21d5d8-EndpointStateMachineTaskThread-/0.0.0.0:15091-0 ] INFO  ratis.XceiverServerRatis (XceiverServerRatis.java:getRealPort(592)) - XceiverServerRatis 6d197fbd-467e-45ff-9898-42ed1c21d5d8 is started using port 15102 for RATIS_ADMIN
2024-04-29 10:04:41,268 [6d197fbd-467e-45ff-9898-42ed1c21d5d8-EndpointStateMachineTaskThread-/0.0.0.0:15091-0 ] INFO  ratis.XceiverServerRatis (XceiverServerRatis.java:getRealPort(592)) - XceiverServerRatis 6d197fbd-467e-45ff-9898-42ed1c21d5d8 is started using port 15103 for RATIS_SERVER
2024-04-29 10:04:41,268 [6d197fbd-467e-45ff-9898-42ed1c21d5d8-EndpointStateMachineTaskThread-/0.0.0.0:15091-0 ] INFO  ratis.XceiverServerRatis (XceiverServerRatis.java:getRealPort(592)) - XceiverServerRatis 6d197fbd-467e-45ff-9898-42ed1c21d5d8 is started using port 15104 for RATIS_DATASTREAM
2024-04-29 10:04:41,268 [JvmPauseMonitor13] INFO  util.JvmPauseMonitor (JvmPauseMonitor.java:run(146)) - JvmPauseMonitor-6d197fbd-467e-45ff-9898-42ed1c21d5d8: Started
2024-04-29 10:04:41,269 [6d197fbd-467e-45ff-9898-42ed1c21d5d8-BlockDeletingService#0] INFO  interfaces.ContainerDeletionChoosingPolicyTemplate (ContainerDeletionChoosingPolicyTemplate.java:chooseContainerForBlockDeletion(85)) - Chosen 0/5000 blocks from 0 candidate containers.
2024-04-29 10:04:41,334 [c8077c05-0c4c-4631-a89d-68bd8471aee8-EndpointStateMachineTaskThread-/0.0.0.0:15091-0 ] INFO  utils.DatanodeStoreCache (DatanodeStoreCache.java:addDB(72)) - Added db /home/runner/work/ozone/ozone/hadoop-ozone/integration-test/target/test-dir/MiniOzoneClusterImpl-b6e902a5-721a-459f-a115-5ddcd789b87e/ozone-meta/datanode-2/data-0/hdds/b6e902a5-721a-459f-a115-5ddcd789b87e/DS-f0ac0168-215d-4721-bced-3e4891a48ce9/container.db to cache
2024-04-29 10:04:41,334 [c8077c05-0c4c-4631-a89d-68bd8471aee8-EndpointStateMachineTaskThread-/0.0.0.0:15091-0 ] INFO  volume.HddsVolume (HddsVolume.java:createDbStore(437)) - SchemaV3 db is created and loaded at /home/runner/work/ozone/ozone/hadoop-ozone/integration-test/target/test-dir/MiniOzoneClusterImpl-b6e902a5-721a-459f-a115-5ddcd789b87e/ozone-meta/datanode-2/data-0/hdds/b6e902a5-721a-459f-a115-5ddcd789b87e/DS-f0ac0168-215d-4721-bced-3e4891a48ce9/container.db for volume DS-f0ac0168-215d-4721-bced-3e4891a48ce9
2024-04-29 10:04:41,336 [c8077c05-0c4c-4631-a89d-68bd8471aee8-ContainerReader-0] INFO  ozoneimpl.ContainerReader (ContainerReader.java:readVolume(148)) - Start to verify containers on volume /home/runner/work/ozone/ozone/hadoop-ozone/integration-test/target/test-dir/MiniOzoneClusterImpl-b6e902a5-721a-459f-a115-5ddcd789b87e/ozone-meta/datanode-2/data-0/hdds
2024-04-29 10:04:41,336 [c8077c05-0c4c-4631-a89d-68bd8471aee8-ContainerReader-0] INFO  ozoneimpl.ContainerReader (ContainerReader.java:readVolume(178)) - Finish verifying containers on volume /home/runner/work/ozone/ozone/hadoop-ozone/integration-test/target/test-dir/MiniOzoneClusterImpl-b6e902a5-721a-459f-a115-5ddcd789b87e/ozone-meta/datanode-2/data-0/hdds
2024-04-29 10:04:41,336 [c8077c05-0c4c-4631-a89d-68bd8471aee8-EndpointStateMachineTaskThread-/0.0.0.0:15091-0 ] INFO  ozoneimpl.OzoneContainer (OzoneContainer.java:buildContainerSet(328)) - Build ContainerSet costs 0s
2024-04-29 10:04:41,336 [c8077c05-0c4c-4631-a89d-68bd8471aee8-EndpointStateMachineTaskThread-/0.0.0.0:15091-0 ] INFO  volume.ThrottledAsyncChecker (ThrottledAsyncChecker.java:schedule(141)) - Scheduling a check for /home/runner/work/ozone/ozone/hadoop-ozone/integration-test/target/test-dir/MiniOzoneClusterImpl-b6e902a5-721a-459f-a115-5ddcd789b87e/ozone-meta/datanode-2/data-0/hdds
2024-04-29 10:04:41,337 [c8077c05-0c4c-4631-a89d-68bd8471aee8-EndpointStateMachineTaskThread-/0.0.0.0:15091-0 ] INFO  volume.StorageVolumeChecker (StorageVolumeChecker.java:checkAllVolumes(218)) - Scheduled health check for volume /home/runner/work/ozone/ozone/hadoop-ozone/integration-test/target/test-dir/MiniOzoneClusterImpl-b6e902a5-721a-459f-a115-5ddcd789b87e/ozone-meta/datanode-2/data-0/hdds
2024-04-29 10:04:41,338 [c8077c05-0c4c-4631-a89d-68bd8471aee8-EndpointStateMachineTaskThread-/0.0.0.0:15091-0 ] INFO  volume.ThrottledAsyncChecker (ThrottledAsyncChecker.java:schedule(141)) - Scheduling a check for /home/runner/work/ozone/ozone/hadoop-ozone/integration-test/target/test-dir/MiniOzoneClusterImpl-b6e902a5-721a-459f-a115-5ddcd789b87e/ozone-meta/datanode-2/ratis
2024-04-29 10:04:41,338 [c8077c05-0c4c-4631-a89d-68bd8471aee8-EndpointStateMachineTaskThread-/0.0.0.0:15091-0 ] INFO  volume.StorageVolumeChecker (StorageVolumeChecker.java:checkAllVolumes(218)) - Scheduled health check for volume /home/runner/work/ozone/ozone/hadoop-ozone/integration-test/target/test-dir/MiniOzoneClusterImpl-b6e902a5-721a-459f-a115-5ddcd789b87e/ozone-meta/datanode-2/ratis
2024-04-29 10:04:41,339 [c8077c05-0c4c-4631-a89d-68bd8471aee8-EndpointStateMachineTaskThread-/0.0.0.0:15091-0 ] INFO  ozoneimpl.OzoneContainer (OzoneContainer.java:start(459)) - Attempting to start container services.
2024-04-29 10:04:41,339 [c8077c05-0c4c-4631-a89d-68bd8471aee8-EndpointStateMachineTaskThread-/0.0.0.0:15091-0 ] WARN  ozoneimpl.OnDemandContainerDataScanner (OnDemandContainerDataScanner.java:init(75)) - Trying to initialize on demand scanner a second time on a datanode.
2024-04-29 10:04:41,339 [ContainerMetadataScanner] INFO  ozoneimpl.AbstractBackgroundContainerScanner (AbstractBackgroundContainerScanner.java:runIteration(87)) - Completed an iteration in 0 minutes. Number of iterations (since the data-node restart) : 1, Number of containers scanned in this iteration : 0, Number of unhealthy containers found in this iteration : 0
2024-04-29 10:04:41,340 [ContainerDataScanner(/home/runner/work/ozone/ozone/hadoop-ozone/integration-test/target/test-dir/MiniOzoneClusterImpl-b6e902a5-721a-459f-a115-5ddcd789b87e/ozone-meta/datanode-2/data-0/hdds)] INFO  ozoneimpl.AbstractBackgroundContainerScanner (AbstractBackgroundContainerScanner.java:runIteration(87)) - Completed an iteration in 0 minutes. Number of iterations (since the data-node restart) : 1, Number of containers scanned in this iteration : 0, Number of unhealthy containers found in this iteration : 0
2024-04-29 10:04:41,340 [c8077c05-0c4c-4631-a89d-68bd8471aee8-EndpointStateMachineTaskThread-/0.0.0.0:15091-0 ] INFO  replication.ReplicationServer (ReplicationServer.java:start(142)) - ReplicationServer is started using port 15114
2024-04-29 10:04:41,340 [c8077c05-0c4c-4631-a89d-68bd8471aee8-EndpointStateMachineTaskThread-/0.0.0.0:15091-0 ] INFO  ratis.XceiverServerRatis (XceiverServerRatis.java:start(566)) - Starting XceiverServerRatis c8077c05-0c4c-4631-a89d-68bd8471aee8
2024-04-29 10:04:41,340 [c8077c05-0c4c-4631-a89d-68bd8471aee8-EndpointStateMachineTaskThread-/0.0.0.0:15091-0 ] INFO  server.RaftServer (RaftServerProxy.java:startImpl(406)) - c8077c05-0c4c-4631-a89d-68bd8471aee8: start RPC server
2024-04-29 10:04:41,341 [c8077c05-0c4c-4631-a89d-68bd8471aee8-EndpointStateMachineTaskThread-/0.0.0.0:15091-0 ] INFO  server.GrpcService (GrpcService.java:startImpl(302)) - c8077c05-0c4c-4631-a89d-68bd8471aee8: GrpcService started, listening on 15110
2024-04-29 10:04:41,341 [c8077c05-0c4c-4631-a89d-68bd8471aee8-EndpointStateMachineTaskThread-/0.0.0.0:15091-0 ] INFO  server.GrpcService (GrpcService.java:startImpl(302)) - c8077c05-0c4c-4631-a89d-68bd8471aee8: GrpcService started, listening on 15112
2024-04-29 10:04:41,341 [c8077c05-0c4c-4631-a89d-68bd8471aee8-EndpointStateMachineTaskThread-/0.0.0.0:15091-0 ] INFO  server.GrpcService (GrpcService.java:startImpl(302)) - c8077c05-0c4c-4631-a89d-68bd8471aee8: GrpcService started, listening on 15111
2024-04-29 10:04:41,341 [c8077c05-0c4c-4631-a89d-68bd8471aee8-EndpointStateMachineTaskThread-/0.0.0.0:15091-0 ] INFO  ratis.XceiverServerRatis (XceiverServerRatis.java:getRealPort(592)) - XceiverServerRatis c8077c05-0c4c-4631-a89d-68bd8471aee8 is started using port 15110 for RATIS
2024-04-29 10:04:41,341 [c8077c05-0c4c-4631-a89d-68bd8471aee8-EndpointStateMachineTaskThread-/0.0.0.0:15091-0 ] INFO  ratis.XceiverServerRatis (XceiverServerRatis.java:getRealPort(592)) - XceiverServerRatis c8077c05-0c4c-4631-a89d-68bd8471aee8 is started using port 15111 for RATIS_ADMIN
2024-04-29 10:04:41,342 [c8077c05-0c4c-4631-a89d-68bd8471aee8-EndpointStateMachineTaskThread-/0.0.0.0:15091-0 ] INFO  ratis.XceiverServerRatis (XceiverServerRatis.java:getRealPort(592)) - XceiverServerRatis c8077c05-0c4c-4631-a89d-68bd8471aee8 is started using port 15112 for RATIS_SERVER
2024-04-29 10:04:41,342 [c8077c05-0c4c-4631-a89d-68bd8471aee8-EndpointStateMachineTaskThread-/0.0.0.0:15091-0 ] INFO  ratis.XceiverServerRatis (XceiverServerRatis.java:getRealPort(592)) - XceiverServerRatis c8077c05-0c4c-4631-a89d-68bd8471aee8 is started using port 15113 for RATIS_DATASTREAM
2024-04-29 10:04:41,341 [JvmPauseMonitor14] INFO  util.JvmPauseMonitor (JvmPauseMonitor.java:run(146)) - JvmPauseMonitor-c8077c05-0c4c-4631-a89d-68bd8471aee8: Started
2024-04-29 10:04:41,343 [c8077c05-0c4c-4631-a89d-68bd8471aee8-BlockDeletingService#0] INFO  interfaces.ContainerDeletionChoosingPolicyTemplate (ContainerDeletionChoosingPolicyTemplate.java:chooseContainerForBlockDeletion(85)) - Chosen 0/5000 blocks from 0 candidate containers.
2024-04-29 10:04:41,429 [524d5d09-8d9b-4f5c-81d9-49f5f89fd079-EndpointStateMachineTaskThread-/0.0.0.0:15091-0 ] INFO  utils.DatanodeStoreCache (DatanodeStoreCache.java:addDB(72)) - Added db /home/runner/work/ozone/ozone/hadoop-ozone/integration-test/target/test-dir/MiniOzoneClusterImpl-b6e902a5-721a-459f-a115-5ddcd789b87e/ozone-meta/datanode-3/data-0/hdds/b6e902a5-721a-459f-a115-5ddcd789b87e/DS-1c5d1856-867b-4efd-a5b2-df5489caeb21/container.db to cache
2024-04-29 10:04:41,429 [524d5d09-8d9b-4f5c-81d9-49f5f89fd079-EndpointStateMachineTaskThread-/0.0.0.0:15091-0 ] INFO  volume.HddsVolume (HddsVolume.java:createDbStore(437)) - SchemaV3 db is created and loaded at /home/runner/work/ozone/ozone/hadoop-ozone/integration-test/target/test-dir/MiniOzoneClusterImpl-b6e902a5-721a-459f-a115-5ddcd789b87e/ozone-meta/datanode-3/data-0/hdds/b6e902a5-721a-459f-a115-5ddcd789b87e/DS-1c5d1856-867b-4efd-a5b2-df5489caeb21/container.db for volume DS-1c5d1856-867b-4efd-a5b2-df5489caeb21
2024-04-29 10:04:41,431 [524d5d09-8d9b-4f5c-81d9-49f5f89fd079-ContainerReader-0] INFO  ozoneimpl.ContainerReader (ContainerReader.java:readVolume(148)) - Start to verify containers on volume /home/runner/work/ozone/ozone/hadoop-ozone/integration-test/target/test-dir/MiniOzoneClusterImpl-b6e902a5-721a-459f-a115-5ddcd789b87e/ozone-meta/datanode-3/data-0/hdds
2024-04-29 10:04:41,431 [524d5d09-8d9b-4f5c-81d9-49f5f89fd079-ContainerReader-0] INFO  ozoneimpl.ContainerReader (ContainerReader.java:readVolume(178)) - Finish verifying containers on volume /home/runner/work/ozone/ozone/hadoop-ozone/integration-test/target/test-dir/MiniOzoneClusterImpl-b6e902a5-721a-459f-a115-5ddcd789b87e/ozone-meta/datanode-3/data-0/hdds
2024-04-29 10:04:41,432 [524d5d09-8d9b-4f5c-81d9-49f5f89fd079-EndpointStateMachineTaskThread-/0.0.0.0:15091-0 ] INFO  ozoneimpl.OzoneContainer (OzoneContainer.java:buildContainerSet(328)) - Build ContainerSet costs 0s
2024-04-29 10:04:41,432 [524d5d09-8d9b-4f5c-81d9-49f5f89fd079-EndpointStateMachineTaskThread-/0.0.0.0:15091-0 ] INFO  volume.ThrottledAsyncChecker (ThrottledAsyncChecker.java:schedule(141)) - Scheduling a check for /home/runner/work/ozone/ozone/hadoop-ozone/integration-test/target/test-dir/MiniOzoneClusterImpl-b6e902a5-721a-459f-a115-5ddcd789b87e/ozone-meta/datanode-3/data-0/hdds
2024-04-29 10:04:41,432 [524d5d09-8d9b-4f5c-81d9-49f5f89fd079-EndpointStateMachineTaskThread-/0.0.0.0:15091-0 ] INFO  volume.StorageVolumeChecker (StorageVolumeChecker.java:checkAllVolumes(218)) - Scheduled health check for volume /home/runner/work/ozone/ozone/hadoop-ozone/integration-test/target/test-dir/MiniOzoneClusterImpl-b6e902a5-721a-459f-a115-5ddcd789b87e/ozone-meta/datanode-3/data-0/hdds
2024-04-29 10:04:41,433 [524d5d09-8d9b-4f5c-81d9-49f5f89fd079-EndpointStateMachineTaskThread-/0.0.0.0:15091-0 ] INFO  volume.ThrottledAsyncChecker (ThrottledAsyncChecker.java:schedule(141)) - Scheduling a check for /home/runner/work/ozone/ozone/hadoop-ozone/integration-test/target/test-dir/MiniOzoneClusterImpl-b6e902a5-721a-459f-a115-5ddcd789b87e/ozone-meta/datanode-3/ratis
2024-04-29 10:04:41,433 [524d5d09-8d9b-4f5c-81d9-49f5f89fd079-EndpointStateMachineTaskThread-/0.0.0.0:15091-0 ] INFO  volume.StorageVolumeChecker (StorageVolumeChecker.java:checkAllVolumes(218)) - Scheduled health check for volume /home/runner/work/ozone/ozone/hadoop-ozone/integration-test/target/test-dir/MiniOzoneClusterImpl-b6e902a5-721a-459f-a115-5ddcd789b87e/ozone-meta/datanode-3/ratis
2024-04-29 10:04:41,434 [524d5d09-8d9b-4f5c-81d9-49f5f89fd079-EndpointStateMachineTaskThread-/0.0.0.0:15091-0 ] INFO  ozoneimpl.OzoneContainer (OzoneContainer.java:start(459)) - Attempting to start container services.
2024-04-29 10:04:41,434 [524d5d09-8d9b-4f5c-81d9-49f5f89fd079-EndpointStateMachineTaskThread-/0.0.0.0:15091-0 ] WARN  ozoneimpl.OnDemandContainerDataScanner (OnDemandContainerDataScanner.java:init(75)) - Trying to initialize on demand scanner a second time on a datanode.
2024-04-29 10:04:41,435 [ContainerMetadataScanner] INFO  ozoneimpl.AbstractBackgroundContainerScanner (AbstractBackgroundContainerScanner.java:runIteration(87)) - Completed an iteration in 0 minutes. Number of iterations (since the data-node restart) : 1, Number of containers scanned in this iteration : 0, Number of unhealthy containers found in this iteration : 0
2024-04-29 10:04:41,435 [ContainerDataScanner(/home/runner/work/ozone/ozone/hadoop-ozone/integration-test/target/test-dir/MiniOzoneClusterImpl-b6e902a5-721a-459f-a115-5ddcd789b87e/ozone-meta/datanode-3/data-0/hdds)] INFO  ozoneimpl.AbstractBackgroundContainerScanner (AbstractBackgroundContainerScanner.java:runIteration(87)) - Completed an iteration in 0 minutes. Number of iterations (since the data-node restart) : 1, Number of containers scanned in this iteration : 0, Number of unhealthy containers found in this iteration : 0
2024-04-29 10:04:41,435 [524d5d09-8d9b-4f5c-81d9-49f5f89fd079-EndpointStateMachineTaskThread-/0.0.0.0:15091-0 ] INFO  replication.ReplicationServer (ReplicationServer.java:start(142)) - ReplicationServer is started using port 15123
2024-04-29 10:04:41,435 [524d5d09-8d9b-4f5c-81d9-49f5f89fd079-EndpointStateMachineTaskThread-/0.0.0.0:15091-0 ] INFO  ratis.XceiverServerRatis (XceiverServerRatis.java:start(566)) - Starting XceiverServerRatis 524d5d09-8d9b-4f5c-81d9-49f5f89fd079
2024-04-29 10:04:41,436 [524d5d09-8d9b-4f5c-81d9-49f5f89fd079-EndpointStateMachineTaskThread-/0.0.0.0:15091-0 ] INFO  server.RaftServer (RaftServerProxy.java:startImpl(406)) - 524d5d09-8d9b-4f5c-81d9-49f5f89fd079: start RPC server
2024-04-29 10:04:41,436 [524d5d09-8d9b-4f5c-81d9-49f5f89fd079-EndpointStateMachineTaskThread-/0.0.0.0:15091-0 ] INFO  server.GrpcService (GrpcService.java:startImpl(302)) - 524d5d09-8d9b-4f5c-81d9-49f5f89fd079: GrpcService started, listening on 15119
2024-04-29 10:04:41,436 [524d5d09-8d9b-4f5c-81d9-49f5f89fd079-EndpointStateMachineTaskThread-/0.0.0.0:15091-0 ] INFO  server.GrpcService (GrpcService.java:startImpl(302)) - 524d5d09-8d9b-4f5c-81d9-49f5f89fd079: GrpcService started, listening on 15121
2024-04-29 10:04:41,437 [524d5d09-8d9b-4f5c-81d9-49f5f89fd079-EndpointStateMachineTaskThread-/0.0.0.0:15091-0 ] INFO  server.GrpcService (GrpcService.java:startImpl(302)) - 524d5d09-8d9b-4f5c-81d9-49f5f89fd079: GrpcService started, listening on 15120
2024-04-29 10:04:41,437 [524d5d09-8d9b-4f5c-81d9-49f5f89fd079-EndpointStateMachineTaskThread-/0.0.0.0:15091-0 ] INFO  ratis.XceiverServerRatis (XceiverServerRatis.java:getRealPort(592)) - XceiverServerRatis 524d5d09-8d9b-4f5c-81d9-49f5f89fd079 is started using port 15119 for RATIS
2024-04-29 10:04:41,437 [524d5d09-8d9b-4f5c-81d9-49f5f89fd079-EndpointStateMachineTaskThread-/0.0.0.0:15091-0 ] INFO  ratis.XceiverServerRatis (XceiverServerRatis.java:getRealPort(592)) - XceiverServerRatis 524d5d09-8d9b-4f5c-81d9-49f5f89fd079 is started using port 15120 for RATIS_ADMIN
2024-04-29 10:04:41,437 [524d5d09-8d9b-4f5c-81d9-49f5f89fd079-EndpointStateMachineTaskThread-/0.0.0.0:15091-0 ] INFO  ratis.XceiverServerRatis (XceiverServerRatis.java:getRealPort(592)) - XceiverServerRatis 524d5d09-8d9b-4f5c-81d9-49f5f89fd079 is started using port 15121 for RATIS_SERVER
2024-04-29 10:04:41,437 [524d5d09-8d9b-4f5c-81d9-49f5f89fd079-EndpointStateMachineTaskThread-/0.0.0.0:15091-0 ] INFO  ratis.XceiverServerRatis (XceiverServerRatis.java:getRealPort(592)) - XceiverServerRatis 524d5d09-8d9b-4f5c-81d9-49f5f89fd079 is started using port 15122 for RATIS_DATASTREAM
2024-04-29 10:04:41,437 [JvmPauseMonitor15] INFO  util.JvmPauseMonitor (JvmPauseMonitor.java:run(146)) - JvmPauseMonitor-524d5d09-8d9b-4f5c-81d9-49f5f89fd079: Started
2024-04-29 10:04:41,442 [524d5d09-8d9b-4f5c-81d9-49f5f89fd079-BlockDeletingService#0] INFO  interfaces.ContainerDeletionChoosingPolicyTemplate (ContainerDeletionChoosingPolicyTemplate.java:chooseContainerForBlockDeletion(85)) - Chosen 0/5000 blocks from 0 candidate containers.
2024-04-29 10:04:41,501 [5831c0ab-0161-4108-a889-4f6b2f65c3d1-EndpointStateMachineTaskThread-/0.0.0.0:15091-0 ] INFO  utils.DatanodeStoreCache (DatanodeStoreCache.java:addDB(72)) - Added db /home/runner/work/ozone/ozone/hadoop-ozone/integration-test/target/test-dir/MiniOzoneClusterImpl-b6e902a5-721a-459f-a115-5ddcd789b87e/ozone-meta/datanode-4/data-0/hdds/b6e902a5-721a-459f-a115-5ddcd789b87e/DS-920d34fc-9058-411d-8e39-8837b419ea20/container.db to cache
2024-04-29 10:04:41,501 [5831c0ab-0161-4108-a889-4f6b2f65c3d1-EndpointStateMachineTaskThread-/0.0.0.0:15091-0 ] INFO  volume.HddsVolume (HddsVolume.java:createDbStore(437)) - SchemaV3 db is created and loaded at /home/runner/work/ozone/ozone/hadoop-ozone/integration-test/target/test-dir/MiniOzoneClusterImpl-b6e902a5-721a-459f-a115-5ddcd789b87e/ozone-meta/datanode-4/data-0/hdds/b6e902a5-721a-459f-a115-5ddcd789b87e/DS-920d34fc-9058-411d-8e39-8837b419ea20/container.db for volume DS-920d34fc-9058-411d-8e39-8837b419ea20
2024-04-29 10:04:41,503 [5831c0ab-0161-4108-a889-4f6b2f65c3d1-ContainerReader-0] INFO  ozoneimpl.ContainerReader (ContainerReader.java:readVolume(148)) - Start to verify containers on volume /home/runner/work/ozone/ozone/hadoop-ozone/integration-test/target/test-dir/MiniOzoneClusterImpl-b6e902a5-721a-459f-a115-5ddcd789b87e/ozone-meta/datanode-4/data-0/hdds
2024-04-29 10:04:41,503 [5831c0ab-0161-4108-a889-4f6b2f65c3d1-ContainerReader-0] INFO  ozoneimpl.ContainerReader (ContainerReader.java:readVolume(178)) - Finish verifying containers on volume /home/runner/work/ozone/ozone/hadoop-ozone/integration-test/target/test-dir/MiniOzoneClusterImpl-b6e902a5-721a-459f-a115-5ddcd789b87e/ozone-meta/datanode-4/data-0/hdds
2024-04-29 10:04:41,503 [5831c0ab-0161-4108-a889-4f6b2f65c3d1-EndpointStateMachineTaskThread-/0.0.0.0:15091-0 ] INFO  ozoneimpl.OzoneContainer (OzoneContainer.java:buildContainerSet(328)) - Build ContainerSet costs 0s
2024-04-29 10:04:41,503 [5831c0ab-0161-4108-a889-4f6b2f65c3d1-EndpointStateMachineTaskThread-/0.0.0.0:15091-0 ] INFO  volume.ThrottledAsyncChecker (ThrottledAsyncChecker.java:schedule(141)) - Scheduling a check for /home/runner/work/ozone/ozone/hadoop-ozone/integration-test/target/test-dir/MiniOzoneClusterImpl-b6e902a5-721a-459f-a115-5ddcd789b87e/ozone-meta/datanode-4/data-0/hdds
2024-04-29 10:04:41,504 [5831c0ab-0161-4108-a889-4f6b2f65c3d1-EndpointStateMachineTaskThread-/0.0.0.0:15091-0 ] INFO  volume.StorageVolumeChecker (StorageVolumeChecker.java:checkAllVolumes(218)) - Scheduled health check for volume /home/runner/work/ozone/ozone/hadoop-ozone/integration-test/target/test-dir/MiniOzoneClusterImpl-b6e902a5-721a-459f-a115-5ddcd789b87e/ozone-meta/datanode-4/data-0/hdds
2024-04-29 10:04:41,504 [5831c0ab-0161-4108-a889-4f6b2f65c3d1-EndpointStateMachineTaskThread-/0.0.0.0:15091-0 ] INFO  volume.ThrottledAsyncChecker (ThrottledAsyncChecker.java:schedule(141)) - Scheduling a check for /home/runner/work/ozone/ozone/hadoop-ozone/integration-test/target/test-dir/MiniOzoneClusterImpl-b6e902a5-721a-459f-a115-5ddcd789b87e/ozone-meta/datanode-4/ratis
2024-04-29 10:04:41,504 [5831c0ab-0161-4108-a889-4f6b2f65c3d1-EndpointStateMachineTaskThread-/0.0.0.0:15091-0 ] INFO  volume.StorageVolumeChecker (StorageVolumeChecker.java:checkAllVolumes(218)) - Scheduled health check for volume /home/runner/work/ozone/ozone/hadoop-ozone/integration-test/target/test-dir/MiniOzoneClusterImpl-b6e902a5-721a-459f-a115-5ddcd789b87e/ozone-meta/datanode-4/ratis
2024-04-29 10:04:41,505 [5831c0ab-0161-4108-a889-4f6b2f65c3d1-EndpointStateMachineTaskThread-/0.0.0.0:15091-0 ] INFO  ozoneimpl.OzoneContainer (OzoneContainer.java:start(459)) - Attempting to start container services.
2024-04-29 10:04:41,506 [5831c0ab-0161-4108-a889-4f6b2f65c3d1-EndpointStateMachineTaskThread-/0.0.0.0:15091-0 ] WARN  ozoneimpl.OnDemandContainerDataScanner (OnDemandContainerDataScanner.java:init(75)) - Trying to initialize on demand scanner a second time on a datanode.
2024-04-29 10:04:41,506 [ContainerMetadataScanner] INFO  ozoneimpl.AbstractBackgroundContainerScanner (AbstractBackgroundContainerScanner.java:runIteration(87)) - Completed an iteration in 0 minutes. Number of iterations (since the data-node restart) : 1, Number of containers scanned in this iteration : 0, Number of unhealthy containers found in this iteration : 0
2024-04-29 10:04:41,506 [ContainerDataScanner(/home/runner/work/ozone/ozone/hadoop-ozone/integration-test/target/test-dir/MiniOzoneClusterImpl-b6e902a5-721a-459f-a115-5ddcd789b87e/ozone-meta/datanode-4/data-0/hdds)] INFO  ozoneimpl.AbstractBackgroundContainerScanner (AbstractBackgroundContainerScanner.java:runIteration(87)) - Completed an iteration in 0 minutes. Number of iterations (since the data-node restart) : 1, Number of containers scanned in this iteration : 0, Number of unhealthy containers found in this iteration : 0
2024-04-29 10:04:41,507 [5831c0ab-0161-4108-a889-4f6b2f65c3d1-EndpointStateMachineTaskThread-/0.0.0.0:15091-0 ] INFO  replication.ReplicationServer (ReplicationServer.java:start(142)) - ReplicationServer is started using port 15132
2024-04-29 10:04:41,507 [5831c0ab-0161-4108-a889-4f6b2f65c3d1-EndpointStateMachineTaskThread-/0.0.0.0:15091-0 ] INFO  ratis.XceiverServerRatis (XceiverServerRatis.java:start(566)) - Starting XceiverServerRatis 5831c0ab-0161-4108-a889-4f6b2f65c3d1
2024-04-29 10:04:41,507 [5831c0ab-0161-4108-a889-4f6b2f65c3d1-EndpointStateMachineTaskThread-/0.0.0.0:15091-0 ] INFO  server.RaftServer (RaftServerProxy.java:startImpl(406)) - 5831c0ab-0161-4108-a889-4f6b2f65c3d1: start RPC server
2024-04-29 10:04:41,508 [5831c0ab-0161-4108-a889-4f6b2f65c3d1-EndpointStateMachineTaskThread-/0.0.0.0:15091-0 ] INFO  server.GrpcService (GrpcService.java:startImpl(302)) - 5831c0ab-0161-4108-a889-4f6b2f65c3d1: GrpcService started, listening on 15128
2024-04-29 10:04:41,508 [5831c0ab-0161-4108-a889-4f6b2f65c3d1-EndpointStateMachineTaskThread-/0.0.0.0:15091-0 ] INFO  server.GrpcService (GrpcService.java:startImpl(302)) - 5831c0ab-0161-4108-a889-4f6b2f65c3d1: GrpcService started, listening on 15130
2024-04-29 10:04:41,508 [5831c0ab-0161-4108-a889-4f6b2f65c3d1-EndpointStateMachineTaskThread-/0.0.0.0:15091-0 ] INFO  server.GrpcService (GrpcService.java:startImpl(302)) - 5831c0ab-0161-4108-a889-4f6b2f65c3d1: GrpcService started, listening on 15129
2024-04-29 10:04:41,509 [5831c0ab-0161-4108-a889-4f6b2f65c3d1-EndpointStateMachineTaskThread-/0.0.0.0:15091-0 ] INFO  ratis.XceiverServerRatis (XceiverServerRatis.java:getRealPort(592)) - XceiverServerRatis 5831c0ab-0161-4108-a889-4f6b2f65c3d1 is started using port 15128 for RATIS
2024-04-29 10:04:41,509 [JvmPauseMonitor16] INFO  util.JvmPauseMonitor (JvmPauseMonitor.java:run(146)) - JvmPauseMonitor-5831c0ab-0161-4108-a889-4f6b2f65c3d1: Started
2024-04-29 10:04:41,509 [5831c0ab-0161-4108-a889-4f6b2f65c3d1-EndpointStateMachineTaskThread-/0.0.0.0:15091-0 ] INFO  ratis.XceiverServerRatis (XceiverServerRatis.java:getRealPort(592)) - XceiverServerRatis 5831c0ab-0161-4108-a889-4f6b2f65c3d1 is started using port 15129 for RATIS_ADMIN
2024-04-29 10:04:41,509 [5831c0ab-0161-4108-a889-4f6b2f65c3d1-EndpointStateMachineTaskThread-/0.0.0.0:15091-0 ] INFO  ratis.XceiverServerRatis (XceiverServerRatis.java:getRealPort(592)) - XceiverServerRatis 5831c0ab-0161-4108-a889-4f6b2f65c3d1 is started using port 15130 for RATIS_SERVER
2024-04-29 10:04:41,510 [5831c0ab-0161-4108-a889-4f6b2f65c3d1-EndpointStateMachineTaskThread-/0.0.0.0:15091-0 ] INFO  ratis.XceiverServerRatis (XceiverServerRatis.java:getRealPort(592)) - XceiverServerRatis 5831c0ab-0161-4108-a889-4f6b2f65c3d1 is started using port 15131 for RATIS_DATASTREAM
2024-04-29 10:04:41,511 [5831c0ab-0161-4108-a889-4f6b2f65c3d1-BlockDeletingService#0] INFO  interfaces.ContainerDeletionChoosingPolicyTemplate (ContainerDeletionChoosingPolicyTemplate.java:chooseContainerForBlockDeletion(85)) - Chosen 0/5000 blocks from 0 candidate containers.
2024-04-29 10:04:41,580 [284a56ca-5c0a-4af3-8d75-aa8a7435325f-EndpointStateMachineTaskThread-/0.0.0.0:15091-0 ] INFO  utils.DatanodeStoreCache (DatanodeStoreCache.java:addDB(72)) - Added db /home/runner/work/ozone/ozone/hadoop-ozone/integration-test/target/test-dir/MiniOzoneClusterImpl-b6e902a5-721a-459f-a115-5ddcd789b87e/ozone-meta/datanode-5/data-0/hdds/b6e902a5-721a-459f-a115-5ddcd789b87e/DS-31205988-f0e1-4f91-ac56-2faaaec41a13/container.db to cache
2024-04-29 10:04:41,580 [284a56ca-5c0a-4af3-8d75-aa8a7435325f-EndpointStateMachineTaskThread-/0.0.0.0:15091-0 ] INFO  volume.HddsVolume (HddsVolume.java:createDbStore(437)) - SchemaV3 db is created and loaded at /home/runner/work/ozone/ozone/hadoop-ozone/integration-test/target/test-dir/MiniOzoneClusterImpl-b6e902a5-721a-459f-a115-5ddcd789b87e/ozone-meta/datanode-5/data-0/hdds/b6e902a5-721a-459f-a115-5ddcd789b87e/DS-31205988-f0e1-4f91-ac56-2faaaec41a13/container.db for volume DS-31205988-f0e1-4f91-ac56-2faaaec41a13
2024-04-29 10:04:41,582 [284a56ca-5c0a-4af3-8d75-aa8a7435325f-ContainerReader-0] INFO  ozoneimpl.ContainerReader (ContainerReader.java:readVolume(148)) - Start to verify containers on volume /home/runner/work/ozone/ozone/hadoop-ozone/integration-test/target/test-dir/MiniOzoneClusterImpl-b6e902a5-721a-459f-a115-5ddcd789b87e/ozone-meta/datanode-5/data-0/hdds
2024-04-29 10:04:41,582 [284a56ca-5c0a-4af3-8d75-aa8a7435325f-ContainerReader-0] INFO  ozoneimpl.ContainerReader (ContainerReader.java:readVolume(178)) - Finish verifying containers on volume /home/runner/work/ozone/ozone/hadoop-ozone/integration-test/target/test-dir/MiniOzoneClusterImpl-b6e902a5-721a-459f-a115-5ddcd789b87e/ozone-meta/datanode-5/data-0/hdds
2024-04-29 10:04:41,582 [284a56ca-5c0a-4af3-8d75-aa8a7435325f-EndpointStateMachineTaskThread-/0.0.0.0:15091-0 ] INFO  ozoneimpl.OzoneContainer (OzoneContainer.java:buildContainerSet(328)) - Build ContainerSet costs 0s
2024-04-29 10:04:41,582 [284a56ca-5c0a-4af3-8d75-aa8a7435325f-EndpointStateMachineTaskThread-/0.0.0.0:15091-0 ] INFO  volume.ThrottledAsyncChecker (ThrottledAsyncChecker.java:schedule(141)) - Scheduling a check for /home/runner/work/ozone/ozone/hadoop-ozone/integration-test/target/test-dir/MiniOzoneClusterImpl-b6e902a5-721a-459f-a115-5ddcd789b87e/ozone-meta/datanode-5/data-0/hdds
2024-04-29 10:04:41,583 [284a56ca-5c0a-4af3-8d75-aa8a7435325f-EndpointStateMachineTaskThread-/0.0.0.0:15091-0 ] INFO  volume.StorageVolumeChecker (StorageVolumeChecker.java:checkAllVolumes(218)) - Scheduled health check for volume /home/runner/work/ozone/ozone/hadoop-ozone/integration-test/target/test-dir/MiniOzoneClusterImpl-b6e902a5-721a-459f-a115-5ddcd789b87e/ozone-meta/datanode-5/data-0/hdds
2024-04-29 10:04:41,584 [284a56ca-5c0a-4af3-8d75-aa8a7435325f-EndpointStateMachineTaskThread-/0.0.0.0:15091-0 ] INFO  volume.ThrottledAsyncChecker (ThrottledAsyncChecker.java:schedule(141)) - Scheduling a check for /home/runner/work/ozone/ozone/hadoop-ozone/integration-test/target/test-dir/MiniOzoneClusterImpl-b6e902a5-721a-459f-a115-5ddcd789b87e/ozone-meta/datanode-5/ratis
2024-04-29 10:04:41,584 [284a56ca-5c0a-4af3-8d75-aa8a7435325f-EndpointStateMachineTaskThread-/0.0.0.0:15091-0 ] INFO  volume.StorageVolumeChecker (StorageVolumeChecker.java:checkAllVolumes(218)) - Scheduled health check for volume /home/runner/work/ozone/ozone/hadoop-ozone/integration-test/target/test-dir/MiniOzoneClusterImpl-b6e902a5-721a-459f-a115-5ddcd789b87e/ozone-meta/datanode-5/ratis
2024-04-29 10:04:41,585 [284a56ca-5c0a-4af3-8d75-aa8a7435325f-EndpointStateMachineTaskThread-/0.0.0.0:15091-0 ] INFO  ozoneimpl.OzoneContainer (OzoneContainer.java:start(459)) - Attempting to start container services.
2024-04-29 10:04:41,585 [284a56ca-5c0a-4af3-8d75-aa8a7435325f-EndpointStateMachineTaskThread-/0.0.0.0:15091-0 ] WARN  ozoneimpl.OnDemandContainerDataScanner (OnDemandContainerDataScanner.java:init(75)) - Trying to initialize on demand scanner a second time on a datanode.
2024-04-29 10:04:41,585 [ContainerMetadataScanner] INFO  ozoneimpl.AbstractBackgroundContainerScanner (AbstractBackgroundContainerScanner.java:runIteration(87)) - Completed an iteration in 0 minutes. Number of iterations (since the data-node restart) : 1, Number of containers scanned in this iteration : 0, Number of unhealthy containers found in this iteration : 0
2024-04-29 10:04:41,586 [ContainerDataScanner(/home/runner/work/ozone/ozone/hadoop-ozone/integration-test/target/test-dir/MiniOzoneClusterImpl-b6e902a5-721a-459f-a115-5ddcd789b87e/ozone-meta/datanode-5/data-0/hdds)] INFO  ozoneimpl.AbstractBackgroundContainerScanner (AbstractBackgroundContainerScanner.java:runIteration(87)) - Completed an iteration in 0 minutes. Number of iterations (since the data-node restart) : 1, Number of containers scanned in this iteration : 0, Number of unhealthy containers found in this iteration : 0
2024-04-29 10:04:41,586 [284a56ca-5c0a-4af3-8d75-aa8a7435325f-EndpointStateMachineTaskThread-/0.0.0.0:15091-0 ] INFO  replication.ReplicationServer (ReplicationServer.java:start(142)) - ReplicationServer is started using port 15141
2024-04-29 10:04:41,586 [284a56ca-5c0a-4af3-8d75-aa8a7435325f-EndpointStateMachineTaskThread-/0.0.0.0:15091-0 ] INFO  ratis.XceiverServerRatis (XceiverServerRatis.java:start(566)) - Starting XceiverServerRatis 284a56ca-5c0a-4af3-8d75-aa8a7435325f
2024-04-29 10:04:41,589 [284a56ca-5c0a-4af3-8d75-aa8a7435325f-EndpointStateMachineTaskThread-/0.0.0.0:15091-0 ] INFO  server.RaftServer (RaftServerProxy.java:startImpl(406)) - 284a56ca-5c0a-4af3-8d75-aa8a7435325f: start RPC server
2024-04-29 10:04:41,590 [284a56ca-5c0a-4af3-8d75-aa8a7435325f-EndpointStateMachineTaskThread-/0.0.0.0:15091-0 ] INFO  server.GrpcService (GrpcService.java:startImpl(302)) - 284a56ca-5c0a-4af3-8d75-aa8a7435325f: GrpcService started, listening on 15137
2024-04-29 10:04:41,590 [284a56ca-5c0a-4af3-8d75-aa8a7435325f-EndpointStateMachineTaskThread-/0.0.0.0:15091-0 ] INFO  server.GrpcService (GrpcService.java:startImpl(302)) - 284a56ca-5c0a-4af3-8d75-aa8a7435325f: GrpcService started, listening on 15139
2024-04-29 10:04:41,590 [284a56ca-5c0a-4af3-8d75-aa8a7435325f-EndpointStateMachineTaskThread-/0.0.0.0:15091-0 ] INFO  server.GrpcService (GrpcService.java:startImpl(302)) - 284a56ca-5c0a-4af3-8d75-aa8a7435325f: GrpcService started, listening on 15138
2024-04-29 10:04:41,590 [284a56ca-5c0a-4af3-8d75-aa8a7435325f-EndpointStateMachineTaskThread-/0.0.0.0:15091-0 ] INFO  ratis.XceiverServerRatis (XceiverServerRatis.java:getRealPort(592)) - XceiverServerRatis 284a56ca-5c0a-4af3-8d75-aa8a7435325f is started using port 15137 for RATIS
2024-04-29 10:04:41,590 [JvmPauseMonitor17] INFO  util.JvmPauseMonitor (JvmPauseMonitor.java:run(146)) - JvmPauseMonitor-284a56ca-5c0a-4af3-8d75-aa8a7435325f: Started
2024-04-29 10:04:41,591 [284a56ca-5c0a-4af3-8d75-aa8a7435325f-EndpointStateMachineTaskThread-/0.0.0.0:15091-0 ] INFO  ratis.XceiverServerRatis (XceiverServerRatis.java:getRealPort(592)) - XceiverServerRatis 284a56ca-5c0a-4af3-8d75-aa8a7435325f is started using port 15138 for RATIS_ADMIN
2024-04-29 10:04:41,591 [284a56ca-5c0a-4af3-8d75-aa8a7435325f-EndpointStateMachineTaskThread-/0.0.0.0:15091-0 ] INFO  ratis.XceiverServerRatis (XceiverServerRatis.java:getRealPort(592)) - XceiverServerRatis 284a56ca-5c0a-4af3-8d75-aa8a7435325f is started using port 15139 for RATIS_SERVER
2024-04-29 10:04:41,591 [284a56ca-5c0a-4af3-8d75-aa8a7435325f-EndpointStateMachineTaskThread-/0.0.0.0:15091-0 ] INFO  ratis.XceiverServerRatis (XceiverServerRatis.java:getRealPort(592)) - XceiverServerRatis 284a56ca-5c0a-4af3-8d75-aa8a7435325f is started using port 15140 for RATIS_DATASTREAM
2024-04-29 10:04:41,591 [284a56ca-5c0a-4af3-8d75-aa8a7435325f-BlockDeletingService#0] INFO  interfaces.ContainerDeletionChoosingPolicyTemplate (ContainerDeletionChoosingPolicyTemplate.java:chooseContainerForBlockDeletion(85)) - Chosen 0/5000 blocks from 0 candidate containers.
2024-04-29 10:04:41,679 [2fa79b0d-8934-45bf-9a4b-7d27b0482fa8-EndpointStateMachineTaskThread-/0.0.0.0:15091-0 ] INFO  utils.DatanodeStoreCache (DatanodeStoreCache.java:addDB(72)) - Added db /home/runner/work/ozone/ozone/hadoop-ozone/integration-test/target/test-dir/MiniOzoneClusterImpl-b6e902a5-721a-459f-a115-5ddcd789b87e/ozone-meta/datanode-6/data-0/hdds/b6e902a5-721a-459f-a115-5ddcd789b87e/DS-8ebf3dec-7702-4822-96f0-dd815f89cd56/container.db to cache
2024-04-29 10:04:41,679 [2fa79b0d-8934-45bf-9a4b-7d27b0482fa8-EndpointStateMachineTaskThread-/0.0.0.0:15091-0 ] INFO  volume.HddsVolume (HddsVolume.java:createDbStore(437)) - SchemaV3 db is created and loaded at /home/runner/work/ozone/ozone/hadoop-ozone/integration-test/target/test-dir/MiniOzoneClusterImpl-b6e902a5-721a-459f-a115-5ddcd789b87e/ozone-meta/datanode-6/data-0/hdds/b6e902a5-721a-459f-a115-5ddcd789b87e/DS-8ebf3dec-7702-4822-96f0-dd815f89cd56/container.db for volume DS-8ebf3dec-7702-4822-96f0-dd815f89cd56
2024-04-29 10:04:41,680 [2fa79b0d-8934-45bf-9a4b-7d27b0482fa8-ContainerReader-0] INFO  ozoneimpl.ContainerReader (ContainerReader.java:readVolume(148)) - Start to verify containers on volume /home/runner/work/ozone/ozone/hadoop-ozone/integration-test/target/test-dir/MiniOzoneClusterImpl-b6e902a5-721a-459f-a115-5ddcd789b87e/ozone-meta/datanode-6/data-0/hdds
2024-04-29 10:04:41,680 [2fa79b0d-8934-45bf-9a4b-7d27b0482fa8-ContainerReader-0] INFO  ozoneimpl.ContainerReader (ContainerReader.java:readVolume(178)) - Finish verifying containers on volume /home/runner/work/ozone/ozone/hadoop-ozone/integration-test/target/test-dir/MiniOzoneClusterImpl-b6e902a5-721a-459f-a115-5ddcd789b87e/ozone-meta/datanode-6/data-0/hdds
2024-04-29 10:04:41,681 [2fa79b0d-8934-45bf-9a4b-7d27b0482fa8-EndpointStateMachineTaskThread-/0.0.0.0:15091-0 ] INFO  ozoneimpl.OzoneContainer (OzoneContainer.java:buildContainerSet(328)) - Build ContainerSet costs 0s
2024-04-29 10:04:41,681 [2fa79b0d-8934-45bf-9a4b-7d27b0482fa8-EndpointStateMachineTaskThread-/0.0.0.0:15091-0 ] INFO  volume.ThrottledAsyncChecker (ThrottledAsyncChecker.java:schedule(141)) - Scheduling a check for /home/runner/work/ozone/ozone/hadoop-ozone/integration-test/target/test-dir/MiniOzoneClusterImpl-b6e902a5-721a-459f-a115-5ddcd789b87e/ozone-meta/datanode-6/data-0/hdds
2024-04-29 10:04:41,681 [2fa79b0d-8934-45bf-9a4b-7d27b0482fa8-EndpointStateMachineTaskThread-/0.0.0.0:15091-0 ] INFO  volume.StorageVolumeChecker (StorageVolumeChecker.java:checkAllVolumes(218)) - Scheduled health check for volume /home/runner/work/ozone/ozone/hadoop-ozone/integration-test/target/test-dir/MiniOzoneClusterImpl-b6e902a5-721a-459f-a115-5ddcd789b87e/ozone-meta/datanode-6/data-0/hdds
2024-04-29 10:04:41,682 [2fa79b0d-8934-45bf-9a4b-7d27b0482fa8-EndpointStateMachineTaskThread-/0.0.0.0:15091-0 ] INFO  volume.ThrottledAsyncChecker (ThrottledAsyncChecker.java:schedule(141)) - Scheduling a check for /home/runner/work/ozone/ozone/hadoop-ozone/integration-test/target/test-dir/MiniOzoneClusterImpl-b6e902a5-721a-459f-a115-5ddcd789b87e/ozone-meta/datanode-6/ratis
2024-04-29 10:04:41,682 [2fa79b0d-8934-45bf-9a4b-7d27b0482fa8-EndpointStateMachineTaskThread-/0.0.0.0:15091-0 ] INFO  volume.StorageVolumeChecker (StorageVolumeChecker.java:checkAllVolumes(218)) - Scheduled health check for volume /home/runner/work/ozone/ozone/hadoop-ozone/integration-test/target/test-dir/MiniOzoneClusterImpl-b6e902a5-721a-459f-a115-5ddcd789b87e/ozone-meta/datanode-6/ratis
2024-04-29 10:04:41,683 [2fa79b0d-8934-45bf-9a4b-7d27b0482fa8-EndpointStateMachineTaskThread-/0.0.0.0:15091-0 ] INFO  ozoneimpl.OzoneContainer (OzoneContainer.java:start(459)) - Attempting to start container services.
2024-04-29 10:04:41,683 [2fa79b0d-8934-45bf-9a4b-7d27b0482fa8-EndpointStateMachineTaskThread-/0.0.0.0:15091-0 ] WARN  ozoneimpl.OnDemandContainerDataScanner (OnDemandContainerDataScanner.java:init(75)) - Trying to initialize on demand scanner a second time on a datanode.
2024-04-29 10:04:41,684 [ContainerMetadataScanner] INFO  ozoneimpl.AbstractBackgroundContainerScanner (AbstractBackgroundContainerScanner.java:runIteration(87)) - Completed an iteration in 0 minutes. Number of iterations (since the data-node restart) : 1, Number of containers scanned in this iteration : 0, Number of unhealthy containers found in this iteration : 0
2024-04-29 10:04:41,684 [ContainerDataScanner(/home/runner/work/ozone/ozone/hadoop-ozone/integration-test/target/test-dir/MiniOzoneClusterImpl-b6e902a5-721a-459f-a115-5ddcd789b87e/ozone-meta/datanode-6/data-0/hdds)] INFO  ozoneimpl.AbstractBackgroundContainerScanner (AbstractBackgroundContainerScanner.java:runIteration(87)) - Completed an iteration in 0 minutes. Number of iterations (since the data-node restart) : 1, Number of containers scanned in this iteration : 0, Number of unhealthy containers found in this iteration : 0
2024-04-29 10:04:41,684 [2fa79b0d-8934-45bf-9a4b-7d27b0482fa8-EndpointStateMachineTaskThread-/0.0.0.0:15091-0 ] INFO  replication.ReplicationServer (ReplicationServer.java:start(142)) - ReplicationServer is started using port 15150
2024-04-29 10:04:41,684 [2fa79b0d-8934-45bf-9a4b-7d27b0482fa8-EndpointStateMachineTaskThread-/0.0.0.0:15091-0 ] INFO  ratis.XceiverServerRatis (XceiverServerRatis.java:start(566)) - Starting XceiverServerRatis 2fa79b0d-8934-45bf-9a4b-7d27b0482fa8
2024-04-29 10:04:41,685 [2fa79b0d-8934-45bf-9a4b-7d27b0482fa8-EndpointStateMachineTaskThread-/0.0.0.0:15091-0 ] INFO  server.RaftServer (RaftServerProxy.java:startImpl(406)) - 2fa79b0d-8934-45bf-9a4b-7d27b0482fa8: start RPC server
2024-04-29 10:04:41,685 [2fa79b0d-8934-45bf-9a4b-7d27b0482fa8-EndpointStateMachineTaskThread-/0.0.0.0:15091-0 ] INFO  server.GrpcService (GrpcService.java:startImpl(302)) - 2fa79b0d-8934-45bf-9a4b-7d27b0482fa8: GrpcService started, listening on 15146
2024-04-29 10:04:41,685 [2fa79b0d-8934-45bf-9a4b-7d27b0482fa8-EndpointStateMachineTaskThread-/0.0.0.0:15091-0 ] INFO  server.GrpcService (GrpcService.java:startImpl(302)) - 2fa79b0d-8934-45bf-9a4b-7d27b0482fa8: GrpcService started, listening on 15148
2024-04-29 10:04:41,686 [2fa79b0d-8934-45bf-9a4b-7d27b0482fa8-EndpointStateMachineTaskThread-/0.0.0.0:15091-0 ] INFO  server.GrpcService (GrpcService.java:startImpl(302)) - 2fa79b0d-8934-45bf-9a4b-7d27b0482fa8: GrpcService started, listening on 15147
2024-04-29 10:04:41,688 [2fa79b0d-8934-45bf-9a4b-7d27b0482fa8-EndpointStateMachineTaskThread-/0.0.0.0:15091-0 ] INFO  ratis.XceiverServerRatis (XceiverServerRatis.java:getRealPort(592)) - XceiverServerRatis 2fa79b0d-8934-45bf-9a4b-7d27b0482fa8 is started using port 15146 for RATIS
2024-04-29 10:04:41,688 [JvmPauseMonitor18] INFO  util.JvmPauseMonitor (JvmPauseMonitor.java:run(146)) - JvmPauseMonitor-2fa79b0d-8934-45bf-9a4b-7d27b0482fa8: Started
2024-04-29 10:04:41,688 [2fa79b0d-8934-45bf-9a4b-7d27b0482fa8-EndpointStateMachineTaskThread-/0.0.0.0:15091-0 ] INFO  ratis.XceiverServerRatis (XceiverServerRatis.java:getRealPort(592)) - XceiverServerRatis 2fa79b0d-8934-45bf-9a4b-7d27b0482fa8 is started using port 15147 for RATIS_ADMIN
2024-04-29 10:04:41,688 [2fa79b0d-8934-45bf-9a4b-7d27b0482fa8-EndpointStateMachineTaskThread-/0.0.0.0:15091-0 ] INFO  ratis.XceiverServerRatis (XceiverServerRatis.java:getRealPort(592)) - XceiverServerRatis 2fa79b0d-8934-45bf-9a4b-7d27b0482fa8 is started using port 15148 for RATIS_SERVER
2024-04-29 10:04:41,688 [2fa79b0d-8934-45bf-9a4b-7d27b0482fa8-EndpointStateMachineTaskThread-/0.0.0.0:15091-0 ] INFO  ratis.XceiverServerRatis (XceiverServerRatis.java:getRealPort(592)) - XceiverServerRatis 2fa79b0d-8934-45bf-9a4b-7d27b0482fa8 is started using port 15149 for RATIS_DATASTREAM
2024-04-29 10:04:41,689 [2fa79b0d-8934-45bf-9a4b-7d27b0482fa8-BlockDeletingService#0] INFO  interfaces.ContainerDeletionChoosingPolicyTemplate (ContainerDeletionChoosingPolicyTemplate.java:chooseContainerForBlockDeletion(85)) - Chosen 0/5000 blocks from 0 candidate containers.
2024-04-29 10:04:41,774 [4e10c049-ef00-4c78-84ba-ad0788e207ea-EndpointStateMachineTaskThread-/0.0.0.0:15091-0 ] INFO  utils.DatanodeStoreCache (DatanodeStoreCache.java:addDB(72)) - Added db /home/runner/work/ozone/ozone/hadoop-ozone/integration-test/target/test-dir/MiniOzoneClusterImpl-b6e902a5-721a-459f-a115-5ddcd789b87e/ozone-meta/datanode-7/data-0/hdds/b6e902a5-721a-459f-a115-5ddcd789b87e/DS-b579c26f-d8fa-455d-8d67-487d76dc6333/container.db to cache
2024-04-29 10:04:41,774 [4e10c049-ef00-4c78-84ba-ad0788e207ea-EndpointStateMachineTaskThread-/0.0.0.0:15091-0 ] INFO  volume.HddsVolume (HddsVolume.java:createDbStore(437)) - SchemaV3 db is created and loaded at /home/runner/work/ozone/ozone/hadoop-ozone/integration-test/target/test-dir/MiniOzoneClusterImpl-b6e902a5-721a-459f-a115-5ddcd789b87e/ozone-meta/datanode-7/data-0/hdds/b6e902a5-721a-459f-a115-5ddcd789b87e/DS-b579c26f-d8fa-455d-8d67-487d76dc6333/container.db for volume DS-b579c26f-d8fa-455d-8d67-487d76dc6333
2024-04-29 10:04:41,776 [4e10c049-ef00-4c78-84ba-ad0788e207ea-ContainerReader-0] INFO  ozoneimpl.ContainerReader (ContainerReader.java:readVolume(148)) - Start to verify containers on volume /home/runner/work/ozone/ozone/hadoop-ozone/integration-test/target/test-dir/MiniOzoneClusterImpl-b6e902a5-721a-459f-a115-5ddcd789b87e/ozone-meta/datanode-7/data-0/hdds
2024-04-29 10:04:41,776 [4e10c049-ef00-4c78-84ba-ad0788e207ea-ContainerReader-0] INFO  ozoneimpl.ContainerReader (ContainerReader.java:readVolume(178)) - Finish verifying containers on volume /home/runner/work/ozone/ozone/hadoop-ozone/integration-test/target/test-dir/MiniOzoneClusterImpl-b6e902a5-721a-459f-a115-5ddcd789b87e/ozone-meta/datanode-7/data-0/hdds
2024-04-29 10:04:41,776 [4e10c049-ef00-4c78-84ba-ad0788e207ea-EndpointStateMachineTaskThread-/0.0.0.0:15091-0 ] INFO  ozoneimpl.OzoneContainer (OzoneContainer.java:buildContainerSet(328)) - Build ContainerSet costs 0s
2024-04-29 10:04:41,777 [4e10c049-ef00-4c78-84ba-ad0788e207ea-EndpointStateMachineTaskThread-/0.0.0.0:15091-0 ] INFO  volume.ThrottledAsyncChecker (ThrottledAsyncChecker.java:schedule(141)) - Scheduling a check for /home/runner/work/ozone/ozone/hadoop-ozone/integration-test/target/test-dir/MiniOzoneClusterImpl-b6e902a5-721a-459f-a115-5ddcd789b87e/ozone-meta/datanode-7/data-0/hdds
2024-04-29 10:04:41,777 [4e10c049-ef00-4c78-84ba-ad0788e207ea-EndpointStateMachineTaskThread-/0.0.0.0:15091-0 ] INFO  volume.StorageVolumeChecker (StorageVolumeChecker.java:checkAllVolumes(218)) - Scheduled health check for volume /home/runner/work/ozone/ozone/hadoop-ozone/integration-test/target/test-dir/MiniOzoneClusterImpl-b6e902a5-721a-459f-a115-5ddcd789b87e/ozone-meta/datanode-7/data-0/hdds
2024-04-29 10:04:41,778 [4e10c049-ef00-4c78-84ba-ad0788e207ea-EndpointStateMachineTaskThread-/0.0.0.0:15091-0 ] INFO  volume.ThrottledAsyncChecker (ThrottledAsyncChecker.java:schedule(141)) - Scheduling a check for /home/runner/work/ozone/ozone/hadoop-ozone/integration-test/target/test-dir/MiniOzoneClusterImpl-b6e902a5-721a-459f-a115-5ddcd789b87e/ozone-meta/datanode-7/ratis
2024-04-29 10:04:41,778 [4e10c049-ef00-4c78-84ba-ad0788e207ea-EndpointStateMachineTaskThread-/0.0.0.0:15091-0 ] INFO  volume.StorageVolumeChecker (StorageVolumeChecker.java:checkAllVolumes(218)) - Scheduled health check for volume /home/runner/work/ozone/ozone/hadoop-ozone/integration-test/target/test-dir/MiniOzoneClusterImpl-b6e902a5-721a-459f-a115-5ddcd789b87e/ozone-meta/datanode-7/ratis
2024-04-29 10:04:41,779 [4e10c049-ef00-4c78-84ba-ad0788e207ea-EndpointStateMachineTaskThread-/0.0.0.0:15091-0 ] INFO  ozoneimpl.OzoneContainer (OzoneContainer.java:start(459)) - Attempting to start container services.
2024-04-29 10:04:41,780 [4e10c049-ef00-4c78-84ba-ad0788e207ea-EndpointStateMachineTaskThread-/0.0.0.0:15091-0 ] WARN  ozoneimpl.OnDemandContainerDataScanner (OnDemandContainerDataScanner.java:init(75)) - Trying to initialize on demand scanner a second time on a datanode.
2024-04-29 10:04:41,780 [ContainerMetadataScanner] INFO  ozoneimpl.AbstractBackgroundContainerScanner (AbstractBackgroundContainerScanner.java:runIteration(87)) - Completed an iteration in 0 minutes. Number of iterations (since the data-node restart) : 1, Number of containers scanned in this iteration : 0, Number of unhealthy containers found in this iteration : 0
2024-04-29 10:04:41,780 [ContainerDataScanner(/home/runner/work/ozone/ozone/hadoop-ozone/integration-test/target/test-dir/MiniOzoneClusterImpl-b6e902a5-721a-459f-a115-5ddcd789b87e/ozone-meta/datanode-7/data-0/hdds)] INFO  ozoneimpl.AbstractBackgroundContainerScanner (AbstractBackgroundContainerScanner.java:runIteration(87)) - Completed an iteration in 0 minutes. Number of iterations (since the data-node restart) : 1, Number of containers scanned in this iteration : 0, Number of unhealthy containers found in this iteration : 0
2024-04-29 10:04:41,781 [4e10c049-ef00-4c78-84ba-ad0788e207ea-EndpointStateMachineTaskThread-/0.0.0.0:15091-0 ] INFO  replication.ReplicationServer (ReplicationServer.java:start(142)) - ReplicationServer is started using port 15159
2024-04-29 10:04:41,781 [4e10c049-ef00-4c78-84ba-ad0788e207ea-EndpointStateMachineTaskThread-/0.0.0.0:15091-0 ] INFO  ratis.XceiverServerRatis (XceiverServerRatis.java:start(566)) - Starting XceiverServerRatis 4e10c049-ef00-4c78-84ba-ad0788e207ea
2024-04-29 10:04:41,781 [4e10c049-ef00-4c78-84ba-ad0788e207ea-EndpointStateMachineTaskThread-/0.0.0.0:15091-0 ] INFO  server.RaftServer (RaftServerProxy.java:startImpl(406)) - 4e10c049-ef00-4c78-84ba-ad0788e207ea: start RPC server
2024-04-29 10:04:41,782 [4e10c049-ef00-4c78-84ba-ad0788e207ea-EndpointStateMachineTaskThread-/0.0.0.0:15091-0 ] INFO  server.GrpcService (GrpcService.java:startImpl(302)) - 4e10c049-ef00-4c78-84ba-ad0788e207ea: GrpcService started, listening on 15155
2024-04-29 10:04:41,782 [4e10c049-ef00-4c78-84ba-ad0788e207ea-EndpointStateMachineTaskThread-/0.0.0.0:15091-0 ] INFO  server.GrpcService (GrpcService.java:startImpl(302)) - 4e10c049-ef00-4c78-84ba-ad0788e207ea: GrpcService started, listening on 15157
2024-04-29 10:04:41,782 [4e10c049-ef00-4c78-84ba-ad0788e207ea-EndpointStateMachineTaskThread-/0.0.0.0:15091-0 ] INFO  server.GrpcService (GrpcService.java:startImpl(302)) - 4e10c049-ef00-4c78-84ba-ad0788e207ea: GrpcService started, listening on 15156
2024-04-29 10:04:41,785 [4e10c049-ef00-4c78-84ba-ad0788e207ea-EndpointStateMachineTaskThread-/0.0.0.0:15091-0 ] INFO  ratis.XceiverServerRatis (XceiverServerRatis.java:getRealPort(592)) - XceiverServerRatis 4e10c049-ef00-4c78-84ba-ad0788e207ea is started using port 15155 for RATIS
2024-04-29 10:04:41,785 [JvmPauseMonitor19] INFO  util.JvmPauseMonitor (JvmPauseMonitor.java:run(146)) - JvmPauseMonitor-4e10c049-ef00-4c78-84ba-ad0788e207ea: Started
2024-04-29 10:04:41,785 [4e10c049-ef00-4c78-84ba-ad0788e207ea-EndpointStateMachineTaskThread-/0.0.0.0:15091-0 ] INFO  ratis.XceiverServerRatis (XceiverServerRatis.java:getRealPort(592)) - XceiverServerRatis 4e10c049-ef00-4c78-84ba-ad0788e207ea is started using port 15156 for RATIS_ADMIN
2024-04-29 10:04:41,785 [4e10c049-ef00-4c78-84ba-ad0788e207ea-EndpointStateMachineTaskThread-/0.0.0.0:15091-0 ] INFO  ratis.XceiverServerRatis (XceiverServerRatis.java:getRealPort(592)) - XceiverServerRatis 4e10c049-ef00-4c78-84ba-ad0788e207ea is started using port 15157 for RATIS_SERVER
2024-04-29 10:04:41,785 [4e10c049-ef00-4c78-84ba-ad0788e207ea-EndpointStateMachineTaskThread-/0.0.0.0:15091-0 ] INFO  ratis.XceiverServerRatis (XceiverServerRatis.java:getRealPort(592)) - XceiverServerRatis 4e10c049-ef00-4c78-84ba-ad0788e207ea is started using port 15158 for RATIS_DATASTREAM
2024-04-29 10:04:41,790 [4e10c049-ef00-4c78-84ba-ad0788e207ea-BlockDeletingService#0] INFO  interfaces.ContainerDeletionChoosingPolicyTemplate (ContainerDeletionChoosingPolicyTemplate.java:chooseContainerForBlockDeletion(85)) - Chosen 0/5000 blocks from 0 candidate containers.
2024-04-29 10:04:41,852 [a0b5e3cc-426b-4365-97e7-610395f4eb0a-EndpointStateMachineTaskThread-/0.0.0.0:15091-0 ] INFO  utils.DatanodeStoreCache (DatanodeStoreCache.java:addDB(72)) - Added db /home/runner/work/ozone/ozone/hadoop-ozone/integration-test/target/test-dir/MiniOzoneClusterImpl-b6e902a5-721a-459f-a115-5ddcd789b87e/ozone-meta/datanode-8/data-0/hdds/b6e902a5-721a-459f-a115-5ddcd789b87e/DS-6de99b88-cd81-4153-b4a3-e7a439d547be/container.db to cache
2024-04-29 10:04:41,852 [a0b5e3cc-426b-4365-97e7-610395f4eb0a-EndpointStateMachineTaskThread-/0.0.0.0:15091-0 ] INFO  volume.HddsVolume (HddsVolume.java:createDbStore(437)) - SchemaV3 db is created and loaded at /home/runner/work/ozone/ozone/hadoop-ozone/integration-test/target/test-dir/MiniOzoneClusterImpl-b6e902a5-721a-459f-a115-5ddcd789b87e/ozone-meta/datanode-8/data-0/hdds/b6e902a5-721a-459f-a115-5ddcd789b87e/DS-6de99b88-cd81-4153-b4a3-e7a439d547be/container.db for volume DS-6de99b88-cd81-4153-b4a3-e7a439d547be
2024-04-29 10:04:41,854 [a0b5e3cc-426b-4365-97e7-610395f4eb0a-ContainerReader-0] INFO  ozoneimpl.ContainerReader (ContainerReader.java:readVolume(148)) - Start to verify containers on volume /home/runner/work/ozone/ozone/hadoop-ozone/integration-test/target/test-dir/MiniOzoneClusterImpl-b6e902a5-721a-459f-a115-5ddcd789b87e/ozone-meta/datanode-8/data-0/hdds
2024-04-29 10:04:41,854 [a0b5e3cc-426b-4365-97e7-610395f4eb0a-ContainerReader-0] INFO  ozoneimpl.ContainerReader (ContainerReader.java:readVolume(178)) - Finish verifying containers on volume /home/runner/work/ozone/ozone/hadoop-ozone/integration-test/target/test-dir/MiniOzoneClusterImpl-b6e902a5-721a-459f-a115-5ddcd789b87e/ozone-meta/datanode-8/data-0/hdds
2024-04-29 10:04:41,854 [a0b5e3cc-426b-4365-97e7-610395f4eb0a-EndpointStateMachineTaskThread-/0.0.0.0:15091-0 ] INFO  ozoneimpl.OzoneContainer (OzoneContainer.java:buildContainerSet(328)) - Build ContainerSet costs 0s
2024-04-29 10:04:41,854 [a0b5e3cc-426b-4365-97e7-610395f4eb0a-EndpointStateMachineTaskThread-/0.0.0.0:15091-0 ] INFO  volume.ThrottledAsyncChecker (ThrottledAsyncChecker.java:schedule(141)) - Scheduling a check for /home/runner/work/ozone/ozone/hadoop-ozone/integration-test/target/test-dir/MiniOzoneClusterImpl-b6e902a5-721a-459f-a115-5ddcd789b87e/ozone-meta/datanode-8/data-0/hdds
2024-04-29 10:04:41,855 [a0b5e3cc-426b-4365-97e7-610395f4eb0a-EndpointStateMachineTaskThread-/0.0.0.0:15091-0 ] INFO  volume.StorageVolumeChecker (StorageVolumeChecker.java:checkAllVolumes(218)) - Scheduled health check for volume /home/runner/work/ozone/ozone/hadoop-ozone/integration-test/target/test-dir/MiniOzoneClusterImpl-b6e902a5-721a-459f-a115-5ddcd789b87e/ozone-meta/datanode-8/data-0/hdds
2024-04-29 10:04:41,855 [a0b5e3cc-426b-4365-97e7-610395f4eb0a-EndpointStateMachineTaskThread-/0.0.0.0:15091-0 ] INFO  volume.ThrottledAsyncChecker (ThrottledAsyncChecker.java:schedule(141)) - Scheduling a check for /home/runner/work/ozone/ozone/hadoop-ozone/integration-test/target/test-dir/MiniOzoneClusterImpl-b6e902a5-721a-459f-a115-5ddcd789b87e/ozone-meta/datanode-8/ratis
2024-04-29 10:04:41,855 [a0b5e3cc-426b-4365-97e7-610395f4eb0a-EndpointStateMachineTaskThread-/0.0.0.0:15091-0 ] INFO  volume.StorageVolumeChecker (StorageVolumeChecker.java:checkAllVolumes(218)) - Scheduled health check for volume /home/runner/work/ozone/ozone/hadoop-ozone/integration-test/target/test-dir/MiniOzoneClusterImpl-b6e902a5-721a-459f-a115-5ddcd789b87e/ozone-meta/datanode-8/ratis
2024-04-29 10:04:41,856 [a0b5e3cc-426b-4365-97e7-610395f4eb0a-EndpointStateMachineTaskThread-/0.0.0.0:15091-0 ] INFO  ozoneimpl.OzoneContainer (OzoneContainer.java:start(459)) - Attempting to start container services.
2024-04-29 10:04:41,856 [a0b5e3cc-426b-4365-97e7-610395f4eb0a-EndpointStateMachineTaskThread-/0.0.0.0:15091-0 ] WARN  ozoneimpl.OnDemandContainerDataScanner (OnDemandContainerDataScanner.java:init(75)) - Trying to initialize on demand scanner a second time on a datanode.
2024-04-29 10:04:41,857 [ContainerMetadataScanner] INFO  ozoneimpl.AbstractBackgroundContainerScanner (AbstractBackgroundContainerScanner.java:runIteration(87)) - Completed an iteration in 0 minutes. Number of iterations (since the data-node restart) : 1, Number of containers scanned in this iteration : 0, Number of unhealthy containers found in this iteration : 0
2024-04-29 10:04:41,857 [ContainerDataScanner(/home/runner/work/ozone/ozone/hadoop-ozone/integration-test/target/test-dir/MiniOzoneClusterImpl-b6e902a5-721a-459f-a115-5ddcd789b87e/ozone-meta/datanode-8/data-0/hdds)] INFO  ozoneimpl.AbstractBackgroundContainerScanner (AbstractBackgroundContainerScanner.java:runIteration(87)) - Completed an iteration in 0 minutes. Number of iterations (since the data-node restart) : 1, Number of containers scanned in this iteration : 0, Number of unhealthy containers found in this iteration : 0
2024-04-29 10:04:41,857 [a0b5e3cc-426b-4365-97e7-610395f4eb0a-EndpointStateMachineTaskThread-/0.0.0.0:15091-0 ] INFO  replication.ReplicationServer (ReplicationServer.java:start(142)) - ReplicationServer is started using port 15168
2024-04-29 10:04:41,857 [a0b5e3cc-426b-4365-97e7-610395f4eb0a-EndpointStateMachineTaskThread-/0.0.0.0:15091-0 ] INFO  ratis.XceiverServerRatis (XceiverServerRatis.java:start(566)) - Starting XceiverServerRatis a0b5e3cc-426b-4365-97e7-610395f4eb0a
2024-04-29 10:04:41,858 [a0b5e3cc-426b-4365-97e7-610395f4eb0a-EndpointStateMachineTaskThread-/0.0.0.0:15091-0 ] INFO  server.RaftServer (RaftServerProxy.java:startImpl(406)) - a0b5e3cc-426b-4365-97e7-610395f4eb0a: start RPC server
2024-04-29 10:04:41,858 [a0b5e3cc-426b-4365-97e7-610395f4eb0a-EndpointStateMachineTaskThread-/0.0.0.0:15091-0 ] INFO  server.GrpcService (GrpcService.java:startImpl(302)) - a0b5e3cc-426b-4365-97e7-610395f4eb0a: GrpcService started, listening on 15164
2024-04-29 10:04:41,859 [a0b5e3cc-426b-4365-97e7-610395f4eb0a-EndpointStateMachineTaskThread-/0.0.0.0:15091-0 ] INFO  server.GrpcService (GrpcService.java:startImpl(302)) - a0b5e3cc-426b-4365-97e7-610395f4eb0a: GrpcService started, listening on 15166
2024-04-29 10:04:41,859 [a0b5e3cc-426b-4365-97e7-610395f4eb0a-EndpointStateMachineTaskThread-/0.0.0.0:15091-0 ] INFO  server.GrpcService (GrpcService.java:startImpl(302)) - a0b5e3cc-426b-4365-97e7-610395f4eb0a: GrpcService started, listening on 15165
2024-04-29 10:04:41,859 [a0b5e3cc-426b-4365-97e7-610395f4eb0a-EndpointStateMachineTaskThread-/0.0.0.0:15091-0 ] INFO  ratis.XceiverServerRatis (XceiverServerRatis.java:getRealPort(592)) - XceiverServerRatis a0b5e3cc-426b-4365-97e7-610395f4eb0a is started using port 15164 for RATIS
2024-04-29 10:04:41,859 [JvmPauseMonitor20] INFO  util.JvmPauseMonitor (JvmPauseMonitor.java:run(146)) - JvmPauseMonitor-a0b5e3cc-426b-4365-97e7-610395f4eb0a: Started
2024-04-29 10:04:41,859 [a0b5e3cc-426b-4365-97e7-610395f4eb0a-EndpointStateMachineTaskThread-/0.0.0.0:15091-0 ] INFO  ratis.XceiverServerRatis (XceiverServerRatis.java:getRealPort(592)) - XceiverServerRatis a0b5e3cc-426b-4365-97e7-610395f4eb0a is started using port 15165 for RATIS_ADMIN
2024-04-29 10:04:41,859 [a0b5e3cc-426b-4365-97e7-610395f4eb0a-EndpointStateMachineTaskThread-/0.0.0.0:15091-0 ] INFO  ratis.XceiverServerRatis (XceiverServerRatis.java:getRealPort(592)) - XceiverServerRatis a0b5e3cc-426b-4365-97e7-610395f4eb0a is started using port 15166 for RATIS_SERVER
2024-04-29 10:04:41,859 [a0b5e3cc-426b-4365-97e7-610395f4eb0a-EndpointStateMachineTaskThread-/0.0.0.0:15091-0 ] INFO  ratis.XceiverServerRatis (XceiverServerRatis.java:getRealPort(592)) - XceiverServerRatis a0b5e3cc-426b-4365-97e7-610395f4eb0a is started using port 15167 for RATIS_DATASTREAM
2024-04-29 10:04:41,860 [a0b5e3cc-426b-4365-97e7-610395f4eb0a-BlockDeletingService#0] INFO  interfaces.ContainerDeletionChoosingPolicyTemplate (ContainerDeletionChoosingPolicyTemplate.java:chooseContainerForBlockDeletion(85)) - Chosen 0/5000 blocks from 0 candidate containers.
2024-04-29 10:04:41,909 [main] INFO  ozone.MiniOzoneClusterImpl (MiniOzoneClusterImpl.java:lambda$waitForClusterToBeReady$0(194)) - Waiting for nodes to be ready. Got 0 of 9 DN Heartbeats.
2024-04-29 10:04:41,909 [main] INFO  ozone.MiniOzoneClusterImpl (MiniOzoneClusterImpl.java:lambda$waitForClusterToBeReady$0(197)) - Waiting for cluster to exit safe mode
2024-04-29 10:04:41,909 [main] INFO  ozone.MiniOzoneClusterImpl (MiniOzoneClusterImpl.java:lambda$waitForClusterToBeReady$0(199)) - SCM became leader
2024-04-29 10:04:41,930 [dd1da58e-99a3-4355-8051-ac3fff011e62-EndpointStateMachineTaskThread-/0.0.0.0:15091-0 ] INFO  utils.DatanodeStoreCache (DatanodeStoreCache.java:addDB(72)) - Added db /home/runner/work/ozone/ozone/hadoop-ozone/integration-test/target/test-dir/MiniOzoneClusterImpl-b6e902a5-721a-459f-a115-5ddcd789b87e/ozone-meta/datanode-9/data-0/hdds/b6e902a5-721a-459f-a115-5ddcd789b87e/DS-3a65d707-5659-4b25-b4a5-827cf5f8f357/container.db to cache
2024-04-29 10:04:41,930 [dd1da58e-99a3-4355-8051-ac3fff011e62-EndpointStateMachineTaskThread-/0.0.0.0:15091-0 ] INFO  volume.HddsVolume (HddsVolume.java:createDbStore(437)) - SchemaV3 db is created and loaded at /home/runner/work/ozone/ozone/hadoop-ozone/integration-test/target/test-dir/MiniOzoneClusterImpl-b6e902a5-721a-459f-a115-5ddcd789b87e/ozone-meta/datanode-9/data-0/hdds/b6e902a5-721a-459f-a115-5ddcd789b87e/DS-3a65d707-5659-4b25-b4a5-827cf5f8f357/container.db for volume DS-3a65d707-5659-4b25-b4a5-827cf5f8f357
2024-04-29 10:04:41,932 [dd1da58e-99a3-4355-8051-ac3fff011e62-ContainerReader-0] INFO  ozoneimpl.ContainerReader (ContainerReader.java:readVolume(148)) - Start to verify containers on volume /home/runner/work/ozone/ozone/hadoop-ozone/integration-test/target/test-dir/MiniOzoneClusterImpl-b6e902a5-721a-459f-a115-5ddcd789b87e/ozone-meta/datanode-9/data-0/hdds
2024-04-29 10:04:41,932 [dd1da58e-99a3-4355-8051-ac3fff011e62-ContainerReader-0] INFO  ozoneimpl.ContainerReader (ContainerReader.java:readVolume(178)) - Finish verifying containers on volume /home/runner/work/ozone/ozone/hadoop-ozone/integration-test/target/test-dir/MiniOzoneClusterImpl-b6e902a5-721a-459f-a115-5ddcd789b87e/ozone-meta/datanode-9/data-0/hdds
2024-04-29 10:04:41,932 [dd1da58e-99a3-4355-8051-ac3fff011e62-EndpointStateMachineTaskThread-/0.0.0.0:15091-0 ] INFO  ozoneimpl.OzoneContainer (OzoneContainer.java:buildContainerSet(328)) - Build ContainerSet costs 0s
2024-04-29 10:04:41,933 [dd1da58e-99a3-4355-8051-ac3fff011e62-EndpointStateMachineTaskThread-/0.0.0.0:15091-0 ] INFO  volume.ThrottledAsyncChecker (ThrottledAsyncChecker.java:schedule(141)) - Scheduling a check for /home/runner/work/ozone/ozone/hadoop-ozone/integration-test/target/test-dir/MiniOzoneClusterImpl-b6e902a5-721a-459f-a115-5ddcd789b87e/ozone-meta/datanode-9/data-0/hdds
2024-04-29 10:04:41,933 [dd1da58e-99a3-4355-8051-ac3fff011e62-EndpointStateMachineTaskThread-/0.0.0.0:15091-0 ] INFO  volume.StorageVolumeChecker (StorageVolumeChecker.java:checkAllVolumes(218)) - Scheduled health check for volume /home/runner/work/ozone/ozone/hadoop-ozone/integration-test/target/test-dir/MiniOzoneClusterImpl-b6e902a5-721a-459f-a115-5ddcd789b87e/ozone-meta/datanode-9/data-0/hdds
2024-04-29 10:04:41,934 [dd1da58e-99a3-4355-8051-ac3fff011e62-EndpointStateMachineTaskThread-/0.0.0.0:15091-0 ] INFO  volume.ThrottledAsyncChecker (ThrottledAsyncChecker.java:schedule(141)) - Scheduling a check for /home/runner/work/ozone/ozone/hadoop-ozone/integration-test/target/test-dir/MiniOzoneClusterImpl-b6e902a5-721a-459f-a115-5ddcd789b87e/ozone-meta/datanode-9/ratis
2024-04-29 10:04:41,934 [dd1da58e-99a3-4355-8051-ac3fff011e62-EndpointStateMachineTaskThread-/0.0.0.0:15091-0 ] INFO  volume.StorageVolumeChecker (StorageVolumeChecker.java:checkAllVolumes(218)) - Scheduled health check for volume /home/runner/work/ozone/ozone/hadoop-ozone/integration-test/target/test-dir/MiniOzoneClusterImpl-b6e902a5-721a-459f-a115-5ddcd789b87e/ozone-meta/datanode-9/ratis
2024-04-29 10:04:41,935 [dd1da58e-99a3-4355-8051-ac3fff011e62-EndpointStateMachineTaskThread-/0.0.0.0:15091-0 ] INFO  ozoneimpl.OzoneContainer (OzoneContainer.java:start(459)) - Attempting to start container services.
2024-04-29 10:04:41,935 [dd1da58e-99a3-4355-8051-ac3fff011e62-EndpointStateMachineTaskThread-/0.0.0.0:15091-0 ] WARN  ozoneimpl.OnDemandContainerDataScanner (OnDemandContainerDataScanner.java:init(75)) - Trying to initialize on demand scanner a second time on a datanode.
2024-04-29 10:04:41,936 [ContainerMetadataScanner] INFO  ozoneimpl.AbstractBackgroundContainerScanner (AbstractBackgroundContainerScanner.java:runIteration(87)) - Completed an iteration in 0 minutes. Number of iterations (since the data-node restart) : 1, Number of containers scanned in this iteration : 0, Number of unhealthy containers found in this iteration : 0
2024-04-29 10:04:41,936 [ContainerDataScanner(/home/runner/work/ozone/ozone/hadoop-ozone/integration-test/target/test-dir/MiniOzoneClusterImpl-b6e902a5-721a-459f-a115-5ddcd789b87e/ozone-meta/datanode-9/data-0/hdds)] INFO  ozoneimpl.AbstractBackgroundContainerScanner (AbstractBackgroundContainerScanner.java:runIteration(87)) - Completed an iteration in 0 minutes. Number of iterations (since the data-node restart) : 1, Number of containers scanned in this iteration : 0, Number of unhealthy containers found in this iteration : 0
2024-04-29 10:04:41,937 [dd1da58e-99a3-4355-8051-ac3fff011e62-EndpointStateMachineTaskThread-/0.0.0.0:15091-0 ] INFO  replication.ReplicationServer (ReplicationServer.java:start(142)) - ReplicationServer is started using port 15177
2024-04-29 10:04:41,937 [dd1da58e-99a3-4355-8051-ac3fff011e62-EndpointStateMachineTaskThread-/0.0.0.0:15091-0 ] INFO  ratis.XceiverServerRatis (XceiverServerRatis.java:start(566)) - Starting XceiverServerRatis dd1da58e-99a3-4355-8051-ac3fff011e62
2024-04-29 10:04:41,941 [dd1da58e-99a3-4355-8051-ac3fff011e62-EndpointStateMachineTaskThread-/0.0.0.0:15091-0 ] INFO  server.RaftServer (RaftServerProxy.java:startImpl(406)) - dd1da58e-99a3-4355-8051-ac3fff011e62: start RPC server
2024-04-29 10:04:41,942 [dd1da58e-99a3-4355-8051-ac3fff011e62-EndpointStateMachineTaskThread-/0.0.0.0:15091-0 ] INFO  server.GrpcService (GrpcService.java:startImpl(302)) - dd1da58e-99a3-4355-8051-ac3fff011e62: GrpcService started, listening on 15173
2024-04-29 10:04:41,942 [dd1da58e-99a3-4355-8051-ac3fff011e62-EndpointStateMachineTaskThread-/0.0.0.0:15091-0 ] INFO  server.GrpcService (GrpcService.java:startImpl(302)) - dd1da58e-99a3-4355-8051-ac3fff011e62: GrpcService started, listening on 15175
2024-04-29 10:04:41,942 [dd1da58e-99a3-4355-8051-ac3fff011e62-EndpointStateMachineTaskThread-/0.0.0.0:15091-0 ] INFO  server.GrpcService (GrpcService.java:startImpl(302)) - dd1da58e-99a3-4355-8051-ac3fff011e62: GrpcService started, listening on 15174
2024-04-29 10:04:41,942 [dd1da58e-99a3-4355-8051-ac3fff011e62-EndpointStateMachineTaskThread-/0.0.0.0:15091-0 ] INFO  ratis.XceiverServerRatis (XceiverServerRatis.java:getRealPort(592)) - XceiverServerRatis dd1da58e-99a3-4355-8051-ac3fff011e62 is started using port 15173 for RATIS
2024-04-29 10:04:41,943 [dd1da58e-99a3-4355-8051-ac3fff011e62-EndpointStateMachineTaskThread-/0.0.0.0:15091-0 ] INFO  ratis.XceiverServerRatis (XceiverServerRatis.java:getRealPort(592)) - XceiverServerRatis dd1da58e-99a3-4355-8051-ac3fff011e62 is started using port 15174 for RATIS_ADMIN
2024-04-29 10:04:41,942 [JvmPauseMonitor21] INFO  util.JvmPauseMonitor (JvmPauseMonitor.java:run(146)) - JvmPauseMonitor-dd1da58e-99a3-4355-8051-ac3fff011e62: Started
2024-04-29 10:04:41,943 [dd1da58e-99a3-4355-8051-ac3fff011e62-EndpointStateMachineTaskThread-/0.0.0.0:15091-0 ] INFO  ratis.XceiverServerRatis (XceiverServerRatis.java:getRealPort(592)) - XceiverServerRatis dd1da58e-99a3-4355-8051-ac3fff011e62 is started using port 15175 for RATIS_SERVER
2024-04-29 10:04:41,943 [dd1da58e-99a3-4355-8051-ac3fff011e62-EndpointStateMachineTaskThread-/0.0.0.0:15091-0 ] INFO  ratis.XceiverServerRatis (XceiverServerRatis.java:getRealPort(592)) - XceiverServerRatis dd1da58e-99a3-4355-8051-ac3fff011e62 is started using port 15176 for RATIS_DATASTREAM
2024-04-29 10:04:41,944 [dd1da58e-99a3-4355-8051-ac3fff011e62-BlockDeletingService#0] INFO  interfaces.ContainerDeletionChoosingPolicyTemplate (ContainerDeletionChoosingPolicyTemplate.java:chooseContainerForBlockDeletion(85)) - Chosen 0/5000 blocks from 0 candidate containers.
2024-04-29 10:04:42,910 [main] INFO  ozone.MiniOzoneClusterImpl (MiniOzoneClusterImpl.java:lambda$waitForClusterToBeReady$0(194)) - Waiting for nodes to be ready. Got 0 of 9 DN Heartbeats.
2024-04-29 10:04:42,910 [main] INFO  ozone.MiniOzoneClusterImpl (MiniOzoneClusterImpl.java:lambda$waitForClusterToBeReady$0(197)) - Waiting for cluster to exit safe mode
2024-04-29 10:04:42,910 [main] INFO  ozone.MiniOzoneClusterImpl (MiniOzoneClusterImpl.java:lambda$waitForClusterToBeReady$0(199)) - SCM became leader
2024-04-29 10:04:43,240 [IPC Server handler 7 on default port 15091] INFO  net.NetworkTopologyImpl (NetworkTopologyImpl.java:add(134)) - Added a new node: /default-rack/6d197fbd-467e-45ff-9898-42ed1c21d5d8
2024-04-29 10:04:43,240 [IPC Server handler 7 on default port 15091] INFO  node.SCMNodeManager (SCMNodeManager.java:register(421)) - Registered datanode: 6d197fbd-467e-45ff-9898-42ed1c21d5d8{ip: 127.0.0.1, host: localhost, ports: [HTTP=15098, CLIENT_RPC=15099, REPLICATION=15105, RATIS=15101, RATIS_ADMIN=15102, RATIS_SERVER=15103, RATIS_DATASTREAM=15104, STANDALONE=15100], networkLocation: /default-rack, certSerialId: null, persistedOpState: null, persistedOpStateExpiryEpochSec: 0}
2024-04-29 10:04:43,241 [EventQueue-NewNodeForNewNodeHandler] INFO  pipeline.BackgroundPipelineCreator (BackgroundPipelineCreator.java:notifyEventTriggered(280)) - trigger a one-shot run on RatisPipelineUtilsThread.
2024-04-29 10:04:43,241 [EventQueue-NodeRegistrationContainerReportForContainerSafeModeRule] INFO  safemode.SCMSafeModeManager (SCMSafeModeManager.java:validateSafeModeExitRules(203)) - ContainerSafeModeRule rule is successfully validated
2024-04-29 10:04:43,241 [EventQueue-NodeRegistrationContainerReportForDataNodeSafeModeRule] INFO  safemode.SCMSafeModeManager (DataNodeSafeModeRule.java:process(71)) - SCM in safe mode. 1 DataNodes registered, 3 required.
2024-04-29 10:04:43,241 [RatisPipelineUtilsThread-0] INFO  pipeline.RatisPipelineProvider (RatisPipelineProvider.java:lambda$create$0(205)) - Sending CreatePipelineCommand for pipeline:PipelineID=7a65518c-d6ab-45bc-acef-caaa4fed400b to datanode:6d197fbd-467e-45ff-9898-42ed1c21d5d8
2024-04-29 10:04:43,242 [EventQueue-PipelineReportForOneReplicaPipelineSafeModeRule] INFO  safemode.SCMSafeModeManager (SCMSafeModeManager.java:validateSafeModeExitRules(203)) - AtleastOneDatanodeReportedRule rule is successfully validated
2024-04-29 10:04:43,243 [RatisPipelineUtilsThread-0] INFO  pipeline.BackgroundPipelineCreator (BackgroundPipelineCreator.java:createPipelines(236)) - Created new pipeline Pipeline[ Id: 7a65518c-d6ab-45bc-acef-caaa4fed400b, Nodes: 6d197fbd-467e-45ff-9898-42ed1c21d5d8(localhost/127.0.0.1), ReplicationConfig: RATIS/ONE, State:ALLOCATED, leaderId:, CreationTimestamp2024-04-29T10:04:43.241941034Z[Etc/UTC]]
2024-04-29 10:04:43,311 [IPC Server handler 8 on default port 15091] INFO  net.NetworkTopologyImpl (NetworkTopologyImpl.java:add(134)) - Added a new node: /default-rack/c8077c05-0c4c-4631-a89d-68bd8471aee8
2024-04-29 10:04:43,311 [IPC Server handler 8 on default port 15091] INFO  node.SCMNodeManager (SCMNodeManager.java:register(421)) - Registered datanode: c8077c05-0c4c-4631-a89d-68bd8471aee8{ip: 127.0.0.1, host: localhost, ports: [HTTP=15107, CLIENT_RPC=15108, REPLICATION=15114, RATIS=15110, RATIS_ADMIN=15111, RATIS_SERVER=15112, RATIS_DATASTREAM=15113, STANDALONE=15109], networkLocation: /default-rack, certSerialId: null, persistedOpState: null, persistedOpStateExpiryEpochSec: 0}
2024-04-29 10:04:43,311 [EventQueue-NewNodeForNewNodeHandler] INFO  pipeline.BackgroundPipelineCreator (BackgroundPipelineCreator.java:notifyEventTriggered(280)) - trigger a one-shot run on RatisPipelineUtilsThread.
2024-04-29 10:04:43,311 [EventQueue-NodeRegistrationContainerReportForDataNodeSafeModeRule] INFO  safemode.SCMSafeModeManager (DataNodeSafeModeRule.java:process(71)) - SCM in safe mode. 2 DataNodes registered, 3 required.
2024-04-29 10:04:43,312 [RatisPipelineUtilsThread-0] INFO  pipeline.RatisPipelineProvider (RatisPipelineProvider.java:lambda$create$0(205)) - Sending CreatePipelineCommand for pipeline:PipelineID=3f79df81-a6ad-4f20-975c-bc50b58969fa to datanode:c8077c05-0c4c-4631-a89d-68bd8471aee8
2024-04-29 10:04:43,312 [RatisPipelineUtilsThread-0] INFO  pipeline.BackgroundPipelineCreator (BackgroundPipelineCreator.java:createPipelines(236)) - Created new pipeline Pipeline[ Id: 3f79df81-a6ad-4f20-975c-bc50b58969fa, Nodes: c8077c05-0c4c-4631-a89d-68bd8471aee8(localhost/127.0.0.1), ReplicationConfig: RATIS/ONE, State:ALLOCATED, leaderId:, CreationTimestamp2024-04-29T10:04:43.312020063Z[Etc/UTC]]
2024-04-29 10:04:43,406 [IPC Server handler 0 on default port 15091] INFO  net.NetworkTopologyImpl (NetworkTopologyImpl.java:add(134)) - Added a new node: /default-rack/524d5d09-8d9b-4f5c-81d9-49f5f89fd079
2024-04-29 10:04:43,407 [IPC Server handler 0 on default port 15091] INFO  node.SCMNodeManager (SCMNodeManager.java:register(421)) - Registered datanode: 524d5d09-8d9b-4f5c-81d9-49f5f89fd079{ip: 127.0.0.1, host: localhost, ports: [HTTP=15116, CLIENT_RPC=15117, REPLICATION=15123, RATIS=15119, RATIS_ADMIN=15120, RATIS_SERVER=15121, RATIS_DATASTREAM=15122, STANDALONE=15118], networkLocation: /default-rack, certSerialId: null, persistedOpState: null, persistedOpStateExpiryEpochSec: 0}
2024-04-29 10:04:43,407 [EventQueue-NewNodeForNewNodeHandler] INFO  pipeline.BackgroundPipelineCreator (BackgroundPipelineCreator.java:notifyEventTriggered(280)) - trigger a one-shot run on RatisPipelineUtilsThread.
2024-04-29 10:04:43,407 [EventQueue-NodeRegistrationContainerReportForDataNodeSafeModeRule] INFO  safemode.SCMSafeModeManager (DataNodeSafeModeRule.java:process(71)) - SCM in safe mode. 3 DataNodes registered, 3 required.
2024-04-29 10:04:43,407 [EventQueue-NodeRegistrationContainerReportForDataNodeSafeModeRule] INFO  safemode.SCMSafeModeManager (SCMSafeModeManager.java:validateSafeModeExitRules(203)) - DataNodeSafeModeRule rule is successfully validated
2024-04-29 10:04:43,407 [EventQueue-NodeRegistrationContainerReportForDataNodeSafeModeRule] INFO  safemode.SCMSafeModeManager (SCMSafeModeManager.java:completePreCheck(232)) - All SCM safe mode pre check rules have passed
2024-04-29 10:04:43,407 [EventQueue-NodeRegistrationContainerReportForDataNodeSafeModeRule] INFO  ha.SCMContext (SCMContext.java:updateSafeModeStatus(225)) - Update SafeModeStatus from SafeModeStatus{safeModeStatus=true, preCheckPassed=false} to SafeModeStatus{safeModeStatus=true, preCheckPassed=true}.
2024-04-29 10:04:43,407 [EventQueue-NodeRegistrationContainerReportForDataNodeSafeModeRule] INFO  pipeline.BackgroundPipelineCreator (BackgroundPipelineCreator.java:notifyEventTriggered(280)) - trigger a one-shot run on RatisPipelineUtilsThread.
2024-04-29 10:04:43,407 [RatisPipelineUtilsThread-0] INFO  pipeline.RatisPipelineProvider (RatisPipelineProvider.java:lambda$create$0(205)) - Sending CreatePipelineCommand for pipeline:PipelineID=f2b8199d-b2d0-4350-bcf0-8ddf3e719adc to datanode:524d5d09-8d9b-4f5c-81d9-49f5f89fd079
2024-04-29 10:04:43,408 [RatisPipelineUtilsThread-0] INFO  pipeline.BackgroundPipelineCreator (BackgroundPipelineCreator.java:createPipelines(236)) - Created new pipeline Pipeline[ Id: f2b8199d-b2d0-4350-bcf0-8ddf3e719adc, Nodes: 524d5d09-8d9b-4f5c-81d9-49f5f89fd079(localhost/127.0.0.1), ReplicationConfig: RATIS/ONE, State:ALLOCATED, leaderId:, CreationTimestamp2024-04-29T10:04:43.407625467Z[Etc/UTC]]
2024-04-29 10:04:43,408 [RatisPipelineUtilsThread-0] INFO  pipeline.RatisPipelineProvider (RatisPipelineProvider.java:lambda$create$0(205)) - Sending CreatePipelineCommand for pipeline:PipelineID=3506122a-5bb7-4b44-8ee6-707c7d8c1cb0 to datanode:524d5d09-8d9b-4f5c-81d9-49f5f89fd079
2024-04-29 10:04:43,409 [RatisPipelineUtilsThread-0] INFO  pipeline.RatisPipelineProvider (RatisPipelineProvider.java:lambda$create$0(205)) - Sending CreatePipelineCommand for pipeline:PipelineID=3506122a-5bb7-4b44-8ee6-707c7d8c1cb0 to datanode:c8077c05-0c4c-4631-a89d-68bd8471aee8
2024-04-29 10:04:43,409 [RatisPipelineUtilsThread-0] INFO  pipeline.RatisPipelineProvider (RatisPipelineProvider.java:lambda$create$0(205)) - Sending CreatePipelineCommand for pipeline:PipelineID=3506122a-5bb7-4b44-8ee6-707c7d8c1cb0 to datanode:6d197fbd-467e-45ff-9898-42ed1c21d5d8
2024-04-29 10:04:43,410 [RatisPipelineUtilsThread-0] INFO  pipeline.BackgroundPipelineCreator (BackgroundPipelineCreator.java:createPipelines(236)) - Created new pipeline Pipeline[ Id: 3506122a-5bb7-4b44-8ee6-707c7d8c1cb0, Nodes: 524d5d09-8d9b-4f5c-81d9-49f5f89fd079(localhost/127.0.0.1)c8077c05-0c4c-4631-a89d-68bd8471aee8(localhost/127.0.0.1)6d197fbd-467e-45ff-9898-42ed1c21d5d8(localhost/127.0.0.1), ReplicationConfig: RATIS/THREE, State:ALLOCATED, leaderId:, CreationTimestamp2024-04-29T10:04:43.408950845Z[Etc/UTC]]
2024-04-29 10:04:43,481 [IPC Server handler 1 on default port 15091] INFO  net.NetworkTopologyImpl (NetworkTopologyImpl.java:add(134)) - Added a new node: /default-rack/5831c0ab-0161-4108-a889-4f6b2f65c3d1
2024-04-29 10:04:43,482 [IPC Server handler 1 on default port 15091] INFO  node.SCMNodeManager (SCMNodeManager.java:register(421)) - Registered datanode: 5831c0ab-0161-4108-a889-4f6b2f65c3d1{ip: 127.0.0.1, host: localhost, ports: [HTTP=15125, CLIENT_RPC=15126, REPLICATION=15132, RATIS=15128, RATIS_ADMIN=15129, RATIS_SERVER=15130, RATIS_DATASTREAM=15131, STANDALONE=15127], networkLocation: /default-rack, certSerialId: null, persistedOpState: null, persistedOpStateExpiryEpochSec: 0}
2024-04-29 10:04:43,482 [EventQueue-NewNodeForNewNodeHandler] INFO  pipeline.BackgroundPipelineCreator (BackgroundPipelineCreator.java:notifyEventTriggered(280)) - trigger a one-shot run on RatisPipelineUtilsThread.
2024-04-29 10:04:43,482 [RatisPipelineUtilsThread-0] INFO  pipeline.RatisPipelineProvider (RatisPipelineProvider.java:lambda$create$0(205)) - Sending CreatePipelineCommand for pipeline:PipelineID=de666822-7cef-4f47-9ab4-d0c2d53e75a9 to datanode:5831c0ab-0161-4108-a889-4f6b2f65c3d1
2024-04-29 10:04:43,483 [RatisPipelineUtilsThread-0] INFO  pipeline.BackgroundPipelineCreator (BackgroundPipelineCreator.java:createPipelines(236)) - Created new pipeline Pipeline[ Id: de666822-7cef-4f47-9ab4-d0c2d53e75a9, Nodes: 5831c0ab-0161-4108-a889-4f6b2f65c3d1(localhost/127.0.0.1), ReplicationConfig: RATIS/ONE, State:ALLOCATED, leaderId:, CreationTimestamp2024-04-29T10:04:43.482947785Z[Etc/UTC]]
2024-04-29 10:04:43,559 [IPC Server handler 2 on default port 15091] INFO  net.NetworkTopologyImpl (NetworkTopologyImpl.java:add(134)) - Added a new node: /default-rack/284a56ca-5c0a-4af3-8d75-aa8a7435325f
2024-04-29 10:04:43,559 [IPC Server handler 2 on default port 15091] INFO  node.SCMNodeManager (SCMNodeManager.java:register(421)) - Registered datanode: 284a56ca-5c0a-4af3-8d75-aa8a7435325f{ip: 127.0.0.1, host: localhost, ports: [HTTP=15134, CLIENT_RPC=15135, REPLICATION=15141, RATIS=15137, RATIS_ADMIN=15138, RATIS_SERVER=15139, RATIS_DATASTREAM=15140, STANDALONE=15136], networkLocation: /default-rack, certSerialId: null, persistedOpState: null, persistedOpStateExpiryEpochSec: 0}
2024-04-29 10:04:43,560 [EventQueue-NewNodeForNewNodeHandler] INFO  pipeline.BackgroundPipelineCreator (BackgroundPipelineCreator.java:notifyEventTriggered(280)) - trigger a one-shot run on RatisPipelineUtilsThread.
2024-04-29 10:04:43,560 [RatisPipelineUtilsThread-0] INFO  pipeline.RatisPipelineProvider (RatisPipelineProvider.java:lambda$create$0(205)) - Sending CreatePipelineCommand for pipeline:PipelineID=97721f86-148f-4610-9304-e31cf257ae05 to datanode:284a56ca-5c0a-4af3-8d75-aa8a7435325f
2024-04-29 10:04:43,561 [RatisPipelineUtilsThread-0] INFO  pipeline.BackgroundPipelineCreator (BackgroundPipelineCreator.java:createPipelines(236)) - Created new pipeline Pipeline[ Id: 97721f86-148f-4610-9304-e31cf257ae05, Nodes: 284a56ca-5c0a-4af3-8d75-aa8a7435325f(localhost/127.0.0.1), ReplicationConfig: RATIS/ONE, State:ALLOCATED, leaderId:, CreationTimestamp2024-04-29T10:04:43.560583542Z[Etc/UTC]]
2024-04-29 10:04:43,659 [IPC Server handler 3 on default port 15091] INFO  net.NetworkTopologyImpl (NetworkTopologyImpl.java:add(134)) - Added a new node: /default-rack/2fa79b0d-8934-45bf-9a4b-7d27b0482fa8
2024-04-29 10:04:43,659 [IPC Server handler 3 on default port 15091] INFO  node.SCMNodeManager (SCMNodeManager.java:register(421)) - Registered datanode: 2fa79b0d-8934-45bf-9a4b-7d27b0482fa8{ip: 127.0.0.1, host: localhost, ports: [HTTP=15143, CLIENT_RPC=15144, REPLICATION=15150, RATIS=15146, RATIS_ADMIN=15147, RATIS_SERVER=15148, RATIS_DATASTREAM=15149, STANDALONE=15145], networkLocation: /default-rack, certSerialId: null, persistedOpState: null, persistedOpStateExpiryEpochSec: 0}
2024-04-29 10:04:43,659 [EventQueue-NewNodeForNewNodeHandler] INFO  pipeline.BackgroundPipelineCreator (BackgroundPipelineCreator.java:notifyEventTriggered(280)) - trigger a one-shot run on RatisPipelineUtilsThread.
2024-04-29 10:04:43,659 [RatisPipelineUtilsThread-0] INFO  pipeline.RatisPipelineProvider (RatisPipelineProvider.java:lambda$create$0(205)) - Sending CreatePipelineCommand for pipeline:PipelineID=f158f391-7c63-45f6-8445-1de36ce6263d to datanode:2fa79b0d-8934-45bf-9a4b-7d27b0482fa8
2024-04-29 10:04:43,660 [RatisPipelineUtilsThread-0] INFO  pipeline.BackgroundPipelineCreator (BackgroundPipelineCreator.java:createPipelines(236)) - Created new pipeline Pipeline[ Id: f158f391-7c63-45f6-8445-1de36ce6263d, Nodes: 2fa79b0d-8934-45bf-9a4b-7d27b0482fa8(localhost/127.0.0.1), ReplicationConfig: RATIS/ONE, State:ALLOCATED, leaderId:, CreationTimestamp2024-04-29T10:04:43.659954231Z[Etc/UTC]]
2024-04-29 10:04:43,661 [RatisPipelineUtilsThread-0] INFO  pipeline.RatisPipelineProvider (RatisPipelineProvider.java:lambda$create$0(205)) - Sending CreatePipelineCommand for pipeline:PipelineID=5ffe0956-3746-478e-8a75-e2d529bdd975 to datanode:2fa79b0d-8934-45bf-9a4b-7d27b0482fa8
2024-04-29 10:04:43,661 [RatisPipelineUtilsThread-0] INFO  pipeline.RatisPipelineProvider (RatisPipelineProvider.java:lambda$create$0(205)) - Sending CreatePipelineCommand for pipeline:PipelineID=5ffe0956-3746-478e-8a75-e2d529bdd975 to datanode:5831c0ab-0161-4108-a889-4f6b2f65c3d1
2024-04-29 10:04:43,661 [RatisPipelineUtilsThread-0] INFO  pipeline.RatisPipelineProvider (RatisPipelineProvider.java:lambda$create$0(205)) - Sending CreatePipelineCommand for pipeline:PipelineID=5ffe0956-3746-478e-8a75-e2d529bdd975 to datanode:284a56ca-5c0a-4af3-8d75-aa8a7435325f
2024-04-29 10:04:43,661 [RatisPipelineUtilsThread-0] INFO  pipeline.BackgroundPipelineCreator (BackgroundPipelineCreator.java:createPipelines(236)) - Created new pipeline Pipeline[ Id: 5ffe0956-3746-478e-8a75-e2d529bdd975, Nodes: 2fa79b0d-8934-45bf-9a4b-7d27b0482fa8(localhost/127.0.0.1)5831c0ab-0161-4108-a889-4f6b2f65c3d1(localhost/127.0.0.1)284a56ca-5c0a-4af3-8d75-aa8a7435325f(localhost/127.0.0.1), ReplicationConfig: RATIS/THREE, State:ALLOCATED, leaderId:, CreationTimestamp2024-04-29T10:04:43.660994929Z[Etc/UTC]]
2024-04-29 10:04:43,750 [IPC Server handler 4 on default port 15091] INFO  net.NetworkTopologyImpl (NetworkTopologyImpl.java:add(134)) - Added a new node: /default-rack/4e10c049-ef00-4c78-84ba-ad0788e207ea
2024-04-29 10:04:43,750 [IPC Server handler 4 on default port 15091] INFO  node.SCMNodeManager (SCMNodeManager.java:register(421)) - Registered datanode: 4e10c049-ef00-4c78-84ba-ad0788e207ea{ip: 127.0.0.1, host: localhost, ports: [HTTP=15152, CLIENT_RPC=15153, REPLICATION=15159, RATIS=15155, RATIS_ADMIN=15156, RATIS_SERVER=15157, RATIS_DATASTREAM=15158, STANDALONE=15154], networkLocation: /default-rack, certSerialId: null, persistedOpState: null, persistedOpStateExpiryEpochSec: 0}
2024-04-29 10:04:43,751 [EventQueue-NewNodeForNewNodeHandler] INFO  pipeline.BackgroundPipelineCreator (BackgroundPipelineCreator.java:notifyEventTriggered(280)) - trigger a one-shot run on RatisPipelineUtilsThread.
2024-04-29 10:04:43,751 [RatisPipelineUtilsThread-0] INFO  pipeline.RatisPipelineProvider (RatisPipelineProvider.java:lambda$create$0(205)) - Sending CreatePipelineCommand for pipeline:PipelineID=5a66546b-75e7-4dab-b3f6-245a327a29bc to datanode:4e10c049-ef00-4c78-84ba-ad0788e207ea
2024-04-29 10:04:43,752 [RatisPipelineUtilsThread-0] INFO  pipeline.BackgroundPipelineCreator (BackgroundPipelineCreator.java:createPipelines(236)) - Created new pipeline Pipeline[ Id: 5a66546b-75e7-4dab-b3f6-245a327a29bc, Nodes: 4e10c049-ef00-4c78-84ba-ad0788e207ea(localhost/127.0.0.1), ReplicationConfig: RATIS/ONE, State:ALLOCATED, leaderId:, CreationTimestamp2024-04-29T10:04:43.751757598Z[Etc/UTC]]
2024-04-29 10:04:43,832 [IPC Server handler 5 on default port 15091] INFO  net.NetworkTopologyImpl (NetworkTopologyImpl.java:add(134)) - Added a new node: /default-rack/a0b5e3cc-426b-4365-97e7-610395f4eb0a
2024-04-29 10:04:43,832 [IPC Server handler 5 on default port 15091] INFO  node.SCMNodeManager (SCMNodeManager.java:register(421)) - Registered datanode: a0b5e3cc-426b-4365-97e7-610395f4eb0a{ip: 127.0.0.1, host: localhost, ports: [HTTP=15161, CLIENT_RPC=15162, REPLICATION=15168, RATIS=15164, RATIS_ADMIN=15165, RATIS_SERVER=15166, RATIS_DATASTREAM=15167, STANDALONE=15163], networkLocation: /default-rack, certSerialId: null, persistedOpState: null, persistedOpStateExpiryEpochSec: 0}
2024-04-29 10:04:43,832 [EventQueue-NewNodeForNewNodeHandler] INFO  pipeline.BackgroundPipelineCreator (BackgroundPipelineCreator.java:notifyEventTriggered(280)) - trigger a one-shot run on RatisPipelineUtilsThread.
2024-04-29 10:04:43,833 [RatisPipelineUtilsThread-0] INFO  pipeline.RatisPipelineProvider (RatisPipelineProvider.java:lambda$create$0(205)) - Sending CreatePipelineCommand for pipeline:PipelineID=99a3e681-8a7c-4d12-adbf-2ceab62097dd to datanode:a0b5e3cc-426b-4365-97e7-610395f4eb0a
2024-04-29 10:04:43,833 [RatisPipelineUtilsThread-0] INFO  pipeline.BackgroundPipelineCreator (BackgroundPipelineCreator.java:createPipelines(236)) - Created new pipeline Pipeline[ Id: 99a3e681-8a7c-4d12-adbf-2ceab62097dd, Nodes: a0b5e3cc-426b-4365-97e7-610395f4eb0a(localhost/127.0.0.1), ReplicationConfig: RATIS/ONE, State:ALLOCATED, leaderId:, CreationTimestamp2024-04-29T10:04:43.833293946Z[Etc/UTC]]
2024-04-29 10:04:43,910 [main] INFO  ozone.MiniOzoneClusterImpl (MiniOzoneClusterImpl.java:lambda$waitForClusterToBeReady$0(194)) - Waiting for nodes to be ready. Got 8 of 9 DN Heartbeats.
2024-04-29 10:04:43,910 [main] INFO  ozone.MiniOzoneClusterImpl (MiniOzoneClusterImpl.java:lambda$waitForClusterToBeReady$0(197)) - Waiting for cluster to exit safe mode
2024-04-29 10:04:43,910 [main] INFO  ozone.MiniOzoneClusterImpl (MiniOzoneClusterImpl.java:lambda$waitForClusterToBeReady$0(199)) - SCM became leader
2024-04-29 10:04:43,910 [IPC Server handler 6 on default port 15091] INFO  net.NetworkTopologyImpl (NetworkTopologyImpl.java:add(134)) - Added a new node: /default-rack/dd1da58e-99a3-4355-8051-ac3fff011e62
2024-04-29 10:04:43,911 [IPC Server handler 6 on default port 15091] INFO  node.SCMNodeManager (SCMNodeManager.java:register(421)) - Registered datanode: dd1da58e-99a3-4355-8051-ac3fff011e62{ip: 127.0.0.1, host: localhost, ports: [HTTP=15170, CLIENT_RPC=15171, REPLICATION=15177, RATIS=15173, RATIS_ADMIN=15174, RATIS_SERVER=15175, RATIS_DATASTREAM=15176, STANDALONE=15172], networkLocation: /default-rack, certSerialId: null, persistedOpState: null, persistedOpStateExpiryEpochSec: 0}
2024-04-29 10:04:43,911 [EventQueue-NewNodeForNewNodeHandler] INFO  pipeline.BackgroundPipelineCreator (BackgroundPipelineCreator.java:notifyEventTriggered(280)) - trigger a one-shot run on RatisPipelineUtilsThread.
2024-04-29 10:04:43,911 [RatisPipelineUtilsThread-0] INFO  pipeline.RatisPipelineProvider (RatisPipelineProvider.java:lambda$create$0(205)) - Sending CreatePipelineCommand for pipeline:PipelineID=6ccdae07-128d-4766-8315-f9817439a977 to datanode:dd1da58e-99a3-4355-8051-ac3fff011e62
2024-04-29 10:04:43,912 [RatisPipelineUtilsThread-0] INFO  pipeline.BackgroundPipelineCreator (BackgroundPipelineCreator.java:createPipelines(236)) - Created new pipeline Pipeline[ Id: 6ccdae07-128d-4766-8315-f9817439a977, Nodes: dd1da58e-99a3-4355-8051-ac3fff011e62(localhost/127.0.0.1), ReplicationConfig: RATIS/ONE, State:ALLOCATED, leaderId:, CreationTimestamp2024-04-29T10:04:43.911700466Z[Etc/UTC]]
2024-04-29 10:04:43,912 [RatisPipelineUtilsThread-0] INFO  pipeline.RatisPipelineProvider (RatisPipelineProvider.java:lambda$create$0(205)) - Sending CreatePipelineCommand for pipeline:PipelineID=92b75dc5-da21-4321-a7fe-8a14c840a84e to datanode:dd1da58e-99a3-4355-8051-ac3fff011e62
2024-04-29 10:04:43,912 [RatisPipelineUtilsThread-0] INFO  pipeline.RatisPipelineProvider (RatisPipelineProvider.java:lambda$create$0(205)) - Sending CreatePipelineCommand for pipeline:PipelineID=92b75dc5-da21-4321-a7fe-8a14c840a84e to datanode:a0b5e3cc-426b-4365-97e7-610395f4eb0a
2024-04-29 10:04:43,913 [RatisPipelineUtilsThread-0] INFO  pipeline.RatisPipelineProvider (RatisPipelineProvider.java:lambda$create$0(205)) - Sending CreatePipelineCommand for pipeline:PipelineID=92b75dc5-da21-4321-a7fe-8a14c840a84e to datanode:4e10c049-ef00-4c78-84ba-ad0788e207ea
2024-04-29 10:04:43,913 [RatisPipelineUtilsThread-0] INFO  pipeline.BackgroundPipelineCreator (BackgroundPipelineCreator.java:createPipelines(236)) - Created new pipeline Pipeline[ Id: 92b75dc5-da21-4321-a7fe-8a14c840a84e, Nodes: dd1da58e-99a3-4355-8051-ac3fff011e62(localhost/127.0.0.1)a0b5e3cc-426b-4365-97e7-610395f4eb0a(localhost/127.0.0.1)4e10c049-ef00-4c78-84ba-ad0788e207ea(localhost/127.0.0.1), ReplicationConfig: RATIS/THREE, State:ALLOCATED, leaderId:, CreationTimestamp2024-04-29T10:04:43.912862552Z[Etc/UTC]]
2024-04-29 10:04:44,911 [main] INFO  ozone.MiniOzoneClusterImpl (MiniOzoneClusterImpl.java:lambda$waitForClusterToBeReady$0(194)) - Nodes are ready. Got 9 of 9 DN Heartbeats.
2024-04-29 10:04:44,911 [main] INFO  ozone.MiniOzoneClusterImpl (MiniOzoneClusterImpl.java:lambda$waitForClusterToBeReady$0(197)) - Waiting for cluster to exit safe mode
2024-04-29 10:04:44,911 [main] INFO  ozone.MiniOzoneClusterImpl (MiniOzoneClusterImpl.java:lambda$waitForClusterToBeReady$0(199)) - SCM became leader
2024-04-29 10:04:45,911 [main] INFO  ozone.MiniOzoneClusterImpl (MiniOzoneClusterImpl.java:lambda$waitForClusterToBeReady$0(194)) - Nodes are ready. Got 9 of 9 DN Heartbeats.
2024-04-29 10:04:45,911 [main] INFO  ozone.MiniOzoneClusterImpl (MiniOzoneClusterImpl.java:lambda$waitForClusterToBeReady$0(197)) - Waiting for cluster to exit safe mode
2024-04-29 10:04:45,911 [main] INFO  ozone.MiniOzoneClusterImpl (MiniOzoneClusterImpl.java:lambda$waitForClusterToBeReady$0(199)) - SCM became leader
2024-04-29 10:04:46,239 [6d197fbd-467e-45ff-9898-42ed1c21d5d8-PipelineCommandHandlerThread-0] INFO  server.RaftServer (RaftServerProxy.java:addNew(100)) - 6d197fbd-467e-45ff-9898-42ed1c21d5d8: addNew group-CAAA4FED400B:[6d197fbd-467e-45ff-9898-42ed1c21d5d8|127.0.0.1:15103] returns group-CAAA4FED400B:java.util.concurrent.CompletableFuture@132fda39[Not completed]
2024-04-29 10:04:46,240 [6d197fbd-467e-45ff-9898-42ed1c21d5d8-groupManagement] INFO  server.RaftServer$Division (RaftServerImpl.java:<init>(256)) - 6d197fbd-467e-45ff-9898-42ed1c21d5d8: new RaftServerImpl for group-CAAA4FED400B:[6d197fbd-467e-45ff-9898-42ed1c21d5d8|127.0.0.1:15103] with ContainerStateMachine:uninitialized
2024-04-29 10:04:46,241 [6d197fbd-467e-45ff-9898-42ed1c21d5d8-groupManagement] INFO  server.RaftServerConfigKeys (ConfUtils.java:logGet(46)) - raft.server.rpc.timeout.min = 5s (custom)
2024-04-29 10:04:46,241 [6d197fbd-467e-45ff-9898-42ed1c21d5d8-groupManagement] INFO  server.RaftServerConfigKeys (ConfUtils.java:logGet(46)) - raft.server.rpc.timeout.max = 5200ms (custom)
2024-04-29 10:04:46,241 [6d197fbd-467e-45ff-9898-42ed1c21d5d8-groupManagement] INFO  server.RaftServerConfigKeys (ConfUtils.java:logGet(46)) - raft.server.rpc.sleep.time = 25ms (default)
2024-04-29 10:04:46,241 [6d197fbd-467e-45ff-9898-42ed1c21d5d8-groupManagement] INFO  server.RaftServerConfigKeys (ConfUtils.java:logGet(46)) - raft.server.rpc.slowness.timeout = 300000ms (custom)
2024-04-29 10:04:46,241 [6d197fbd-467e-45ff-9898-42ed1c21d5d8-groupManagement] INFO  server.RaftServerConfigKeys (ConfUtils.java:logGet(46)) - raft.server.leaderelection.leader.step-down.wait-time = 10s (default)
2024-04-29 10:04:46,241 [6d197fbd-467e-45ff-9898-42ed1c21d5d8-groupManagement] INFO  server.RaftServerConfigKeys (ConfUtils.java:logGet(46)) - raft.server.leaderelection.member.majority-add = false (default)
2024-04-29 10:04:46,241 [6d197fbd-467e-45ff-9898-42ed1c21d5d8-groupManagement] INFO  server.RaftServerConfigKeys (ConfUtils.java:logGet(46)) - raft.server.sleep.deviation.threshold = 300ms (default)
2024-04-29 10:04:46,241 [6d197fbd-467e-45ff-9898-42ed1c21d5d8-groupManagement] INFO  server.RaftServer$Division (ServerState.java:<init>(113)) - 6d197fbd-467e-45ff-9898-42ed1c21d5d8@group-CAAA4FED400B: ConfigurationManager, init=-1: peers:[6d197fbd-467e-45ff-9898-42ed1c21d5d8|127.0.0.1:15103]|listeners:[], old=null, confs=<EMPTY_MAP>
2024-04-29 10:04:46,241 [6d197fbd-467e-45ff-9898-42ed1c21d5d8-groupManagement] INFO  server.RaftServerConfigKeys (ConfUtils.java:logGet(46)) - raft.server.notification.no-leader.timeout = 300000ms (custom)
2024-04-29 10:04:46,241 [6d197fbd-467e-45ff-9898-42ed1c21d5d8-groupManagement] INFO  server.RaftServerConfigKeys (ConfUtils.java:logGet(46)) - raft.server.read.timeout = 10s (default)
2024-04-29 10:04:46,241 [6d197fbd-467e-45ff-9898-42ed1c21d5d8-groupManagement] INFO  server.RaftServerConfigKeys (ConfUtils.java:logGet(46)) - raft.server.retrycache.expirytime = 600000ms (custom)
2024-04-29 10:04:46,241 [6d197fbd-467e-45ff-9898-42ed1c21d5d8-groupManagement] INFO  server.RaftServerConfigKeys (ConfUtils.java:logGet(46)) - raft.server.retrycache.statistics.expirytime = 100ms (default)
2024-04-29 10:04:46,242 [6d197fbd-467e-45ff-9898-42ed1c21d5d8-groupManagement] INFO  server.RaftServerConfigKeys (ConfUtils.java:logGet(46)) - raft.server.read.option = DEFAULT (default)
2024-04-29 10:04:46,242 [6d197fbd-467e-45ff-9898-42ed1c21d5d8-groupManagement] INFO  server.RaftServerConfigKeys (ConfUtils.java:logGet(46)) - raft.server.read.read-after-write-consistent.write-index-cache.expiry-time = 60s (default)
2024-04-29 10:04:46,243 [6d197fbd-467e-45ff-9898-42ed1c21d5d8-groupManagement] INFO  server.RaftServerConfigKeys (ConfUtils.java:logGet(46)) - raft.server.rpc.request.timeout = 3000ms (default)
2024-04-29 10:04:46,243 [6d197fbd-467e-45ff-9898-42ed1c21d5d8-groupManagement] INFO  server.RaftServerConfigKeys (ConfUtils.java:logGet(46)) - raft.server.log.appender.install.snapshot.enabled = false (custom)
2024-04-29 10:04:46,243 [6d197fbd-467e-45ff-9898-42ed1c21d5d8-groupManagement] INFO  server.RaftServerConfigKeys (ConfUtils.java:logGet(46)) - raft.server.threadpool.server.cached = true (default)
2024-04-29 10:04:46,244 [6d197fbd-467e-45ff-9898-42ed1c21d5d8-groupManagement] INFO  server.RaftServerConfigKeys (ConfUtils.java:logGet(46)) - raft.server.threadpool.server.size = 0 (default)
2024-04-29 10:04:46,244 [6d197fbd-467e-45ff-9898-42ed1c21d5d8-groupManagement] INFO  server.RaftServerConfigKeys (ConfUtils.java:logGet(46)) - raft.server.threadpool.client.cached = true (default)
2024-04-29 10:04:46,244 [6d197fbd-467e-45ff-9898-42ed1c21d5d8-groupManagement] INFO  server.RaftServerConfigKeys (ConfUtils.java:logGet(46)) - raft.server.threadpool.client.size = 0 (default)
2024-04-29 10:04:46,244 [6d197fbd-467e-45ff-9898-42ed1c21d5d8-groupManagement] INFO  server.RaftServerConfigKeys (ConfUtils.java:logGet(46)) - raft.server.storage.free-space.min = 0MB (=0) (default)
2024-04-29 10:04:46,244 [6d197fbd-467e-45ff-9898-42ed1c21d5d8-groupManagement] INFO  server.RaftServerConfigKeys (ConfUtils.java:logGet(46)) - raft.server.log.corruption.policy = EXCEPTION (default)
2024-04-29 10:04:46,244 [6d197fbd-467e-45ff-9898-42ed1c21d5d8-groupManagement] INFO  server.RaftServerConfigKeys (ConfUtils.java:logGet(46)) - raft.server.storage.dir = [/home/runner/work/ozone/ozone/hadoop-ozone/integration-test/target/test-dir/MiniOzoneClusterImpl-b6e902a5-721a-459f-a115-5ddcd789b87e/ozone-meta/datanode-1/ratis] (custom)
2024-04-29 10:04:46,244 [6d197fbd-467e-45ff-9898-42ed1c21d5d8-groupManagement] INFO  storage.RaftStorageDirectory (RaftStorageDirectoryImpl.java:analyzeStorage(138)) - The storage directory /home/runner/work/ozone/ozone/hadoop-ozone/integration-test/target/test-dir/MiniOzoneClusterImpl-b6e902a5-721a-459f-a115-5ddcd789b87e/ozone-meta/datanode-1/ratis/7a65518c-d6ab-45bc-acef-caaa4fed400b does not exist. Creating ...
2024-04-29 10:04:46,245 [6d197fbd-467e-45ff-9898-42ed1c21d5d8-groupManagement] INFO  storage.RaftStorageDirectory (RaftStorageDirectoryImpl.java:tryLock(228)) - Lock on /home/runner/work/ozone/ozone/hadoop-ozone/integration-test/target/test-dir/MiniOzoneClusterImpl-b6e902a5-721a-459f-a115-5ddcd789b87e/ozone-meta/datanode-1/ratis/7a65518c-d6ab-45bc-acef-caaa4fed400b/in_use.lock acquired by nodename 20825@fv-az913-54
2024-04-29 10:04:46,246 [6d197fbd-467e-45ff-9898-42ed1c21d5d8-groupManagement] INFO  storage.RaftStorage (RaftStorageImpl.java:format(99)) - Storage directory /home/runner/work/ozone/ozone/hadoop-ozone/integration-test/target/test-dir/MiniOzoneClusterImpl-b6e902a5-721a-459f-a115-5ddcd789b87e/ozone-meta/datanode-1/ratis/7a65518c-d6ab-45bc-acef-caaa4fed400b has been successfully formatted.
2024-04-29 10:04:46,246 [6d197fbd-467e-45ff-9898-42ed1c21d5d8-groupManagement] WARN  util.FileUtils (LogUtils.java:supplyAndLog(63)) - Failed to Files.newInputStream /home/runner/work/ozone/ozone/hadoop-ozone/integration-test/target/test-dir/MiniOzoneClusterImpl-b6e902a5-721a-459f-a115-5ddcd789b87e/ozone-meta/datanode-1/ratis/7a65518c-d6ab-45bc-acef-caaa4fed400b/current/raft-meta.conf with options []: java.nio.file.NoSuchFileException: /home/runner/work/ozone/ozone/hadoop-ozone/integration-test/target/test-dir/MiniOzoneClusterImpl-b6e902a5-721a-459f-a115-5ddcd789b87e/ozone-meta/datanode-1/ratis/7a65518c-d6ab-45bc-acef-caaa4fed400b/current/raft-meta.conf
2024-04-29 10:04:46,247 [6d197fbd-467e-45ff-9898-42ed1c21d5d8-groupManagement] INFO  ratis.ContainerStateMachine (ContainerStateMachine.java:loadSnapshot(287)) - group-CAAA4FED400B: The snapshot info is null. Setting the last applied index to:(t:0, i:~)
2024-04-29 10:04:46,247 [6d197fbd-467e-45ff-9898-42ed1c21d5d8-groupManagement] INFO  server.RaftServerConfigKeys (ConfUtils.java:logGet(46)) - raft.server.log.use.memory = false (default)
2024-04-29 10:04:46,247 [6d197fbd-467e-45ff-9898-42ed1c21d5d8-groupManagement] INFO  server.RaftServerConfigKeys (ConfUtils.java:logGet(46)) - raft.server.log.purge.gap = 1000000 (custom)
2024-04-29 10:04:46,247 [6d197fbd-467e-45ff-9898-42ed1c21d5d8-groupManagement] INFO  server.RaftServerConfigKeys (ConfUtils.java:logGet(46)) - raft.server.log.appender.buffer.byte-limit = 8388608 (custom)
2024-04-29 10:04:46,247 [6d197fbd-467e-45ff-9898-42ed1c21d5d8-groupManagement] INFO  server.RaftServerConfigKeys (ConfUtils.java:logGet(46)) - raft.server.log.statemachine.data.read.timeout = 1000ms (default)
2024-04-29 10:04:46,247 [6d197fbd-467e-45ff-9898-42ed1c21d5d8-groupManagement] INFO  server.RaftServerConfigKeys (ConfUtils.java:logGet(46)) - raft.server.log.purge.preservation.log.num = 0 (default)
2024-04-29 10:04:46,248 [EventQueue-PipelineReportForPipelineReportHandler] INFO  pipeline.PipelineReportHandler (PipelineReportHandler.java:processPipelineReport(136)) - Opened pipeline PipelineID=7a65518c-d6ab-45bc-acef-caaa4fed400b
2024-04-29 10:04:46,249 [6d197fbd-467e-45ff-9898-42ed1c21d5d8-groupManagement] INFO  server.RaftServerConfigKeys (ConfUtils.java:logGet(46)) - raft.server.log.segment.size.max = 67108864 (custom)
2024-04-29 10:04:46,249 [6d197fbd-467e-45ff-9898-42ed1c21d5d8-groupManagement] INFO  server.RaftServerConfigKeys (ConfUtils.java:logGet(46)) - raft.server.log.segment.cache.num.max = 2 (custom)
2024-04-29 10:04:46,250 [6d197fbd-467e-45ff-9898-42ed1c21d5d8-groupManagement] INFO  server.RaftServerConfigKeys (ConfUtils.java:logGet(46)) - raft.server.log.segment.cache.size.max = 200MB (=209715200) (default)
2024-04-29 10:04:46,250 [6d197fbd-467e-45ff-9898-42ed1c21d5d8-groupManagement] INFO  server.RaftServerConfigKeys (ConfUtils.java:logGet(46)) - raft.server.log.appender.buffer.byte-limit = 8388608 (custom)
2024-04-29 10:04:46,253 [EventQueue-OpenPipelineForHealthyPipelineSafeModeRule] INFO  safemode.SCMSafeModeManager (HealthyPipelineSafeModeRule.java:process(140)) - SCM in safe mode. Healthy pipelines reported count is 0, required healthy pipeline reported count is 1
2024-04-29 10:04:46,253 [6d197fbd-467e-45ff-9898-42ed1c21d5d8-groupManagement] INFO  util.AwaitToRun (AwaitToRun.java:start(81)) - Thread[6d197fbd-467e-45ff-9898-42ed1c21d5d8@group-CAAA4FED400B-cacheEviction-AwaitToRun,5,main] started
2024-04-29 10:04:46,254 [6d197fbd-467e-45ff-9898-42ed1c21d5d8-groupManagement] INFO  segmented.SegmentedRaftLogWorker (SegmentedRaftLogWorker.java:<init>(182)) - new 6d197fbd-467e-45ff-9898-42ed1c21d5d8@group-CAAA4FED400B-SegmentedRaftLogWorker for RaftStorageImpl:Storage Directory /home/runner/work/ozone/ozone/hadoop-ozone/integration-test/target/test-dir/MiniOzoneClusterImpl-b6e902a5-721a-459f-a115-5ddcd789b87e/ozone-meta/datanode-1/ratis/7a65518c-d6ab-45bc-acef-caaa4fed400b
2024-04-29 10:04:46,254 [6d197fbd-467e-45ff-9898-42ed1c21d5d8-groupManagement] INFO  server.RaftServerConfigKeys (ConfUtils.java:logGet(46)) - raft.server.log.queue.byte-limit = 4294967296 (custom)
2024-04-29 10:04:46,254 [6d197fbd-467e-45ff-9898-42ed1c21d5d8-groupManagement] INFO  server.RaftServerConfigKeys (ConfUtils.java:logGet(46)) - raft.server.log.queue.element-limit = 1024 (custom)
2024-04-29 10:04:46,254 [6d197fbd-467e-45ff-9898-42ed1c21d5d8-groupManagement] INFO  server.RaftServerConfigKeys (ConfUtils.java:logGet(46)) - raft.server.log.segment.size.max = 67108864 (custom)
2024-04-29 10:04:46,254 [6d197fbd-467e-45ff-9898-42ed1c21d5d8-groupManagement] INFO  server.RaftServerConfigKeys (ConfUtils.java:logGet(46)) - raft.server.log.preallocated.size = 4194304 (custom)
2024-04-29 10:04:46,254 [6d197fbd-467e-45ff-9898-42ed1c21d5d8-groupManagement] INFO  server.RaftServerConfigKeys (ConfUtils.java:logGet(46)) - raft.server.log.force.sync.num = 128 (default)
2024-04-29 10:04:46,254 [6d197fbd-467e-45ff-9898-42ed1c21d5d8-groupManagement] INFO  server.RaftServerConfigKeys (ConfUtils.java:logGet(46)) - raft.server.log.statemachine.data.sync = true (default)
2024-04-29 10:04:46,254 [6d197fbd-467e-45ff-9898-42ed1c21d5d8-groupManagement] INFO  server.RaftServerConfigKeys (ConfUtils.java:logGet(46)) - raft.server.log.statemachine.data.sync.timeout = 10s (default)
2024-04-29 10:04:46,254 [6d197fbd-467e-45ff-9898-42ed1c21d5d8-groupManagement] INFO  server.RaftServerConfigKeys (ConfUtils.java:logGet(46)) - raft.server.log.statemachine.data.sync.timeout.retry = 30 (custom)
2024-04-29 10:04:46,255 [6d197fbd-467e-45ff-9898-42ed1c21d5d8-groupManagement] INFO  server.RaftServerConfigKeys (ConfUtils.java:logGet(46)) - raft.server.log.write.buffer.size = 8388616 (custom)
2024-04-29 10:04:46,256 [6d197fbd-467e-45ff-9898-42ed1c21d5d8-groupManagement] INFO  server.RaftServerConfigKeys (ConfUtils.java:logGet(46)) - raft.server.log.appender.buffer.byte-limit = 8388608 (custom)
2024-04-29 10:04:46,256 [6d197fbd-467e-45ff-9898-42ed1c21d5d8-groupManagement] INFO  server.RaftServerConfigKeys (ConfUtils.java:logGet(46)) - raft.server.log.unsafe-flush.enabled = false (default)
2024-04-29 10:04:46,256 [6d197fbd-467e-45ff-9898-42ed1c21d5d8-groupManagement] INFO  server.RaftServerConfigKeys (ConfUtils.java:logGet(46)) - raft.server.log.async-flush.enabled = false (default)
2024-04-29 10:04:46,256 [6d197fbd-467e-45ff-9898-42ed1c21d5d8-groupManagement] INFO  server.RaftServerConfigKeys (ConfUtils.java:logGet(46)) - raft.server.log.statemachine.data.caching.enabled = true (custom)
2024-04-29 10:04:46,257 [6d197fbd-467e-45ff-9898-42ed1c21d5d8-groupManagement] INFO  segmented.SegmentedRaftLogWorker (SegmentedRaftLogWorker.java:lambda$new$0(134)) - 6d197fbd-467e-45ff-9898-42ed1c21d5d8@group-CAAA4FED400B-SegmentedRaftLogWorker: flushIndex: setUnconditionally 0 -> -1
2024-04-29 10:04:46,257 [6d197fbd-467e-45ff-9898-42ed1c21d5d8-groupManagement] INFO  segmented.SegmentedRaftLogWorker (SegmentedRaftLogWorker.java:lambda$new$0(134)) - 6d197fbd-467e-45ff-9898-42ed1c21d5d8@group-CAAA4FED400B-SegmentedRaftLogWorker: safeCacheEvictIndex: setUnconditionally 0 -> -1
2024-04-29 10:04:46,257 [6d197fbd-467e-45ff-9898-42ed1c21d5d8-groupManagement] INFO  server.RaftServer$Division (RaftServerImpl.java:start(396)) - 6d197fbd-467e-45ff-9898-42ed1c21d5d8@group-CAAA4FED400B: start as a follower, conf=-1: peers:[6d197fbd-467e-45ff-9898-42ed1c21d5d8|127.0.0.1:15103]|listeners:[], old=null
2024-04-29 10:04:46,257 [6d197fbd-467e-45ff-9898-42ed1c21d5d8-groupManagement] INFO  server.RaftServer$Division (RaftServerImpl.java:setRole(383)) - 6d197fbd-467e-45ff-9898-42ed1c21d5d8@group-CAAA4FED400B: changes role from      null to FOLLOWER at term 0 for startAsFollower
2024-04-29 10:04:46,257 [6d197fbd-467e-45ff-9898-42ed1c21d5d8-groupManagement] INFO  impl.RoleInfo (RoleInfo.java:updateAndGet(139)) - 6d197fbd-467e-45ff-9898-42ed1c21d5d8: start 6d197fbd-467e-45ff-9898-42ed1c21d5d8@group-CAAA4FED400B-FollowerState
2024-04-29 10:04:46,257 [6d197fbd-467e-45ff-9898-42ed1c21d5d8-groupManagement] INFO  util.JmxRegister (JmxRegister.java:tryRegister(44)) - Successfully registered JMX Bean with object name Ratis:service=RaftServer,group=group-CAAA4FED400B,id=6d197fbd-467e-45ff-9898-42ed1c21d5d8
2024-04-29 10:04:46,257 [6d197fbd-467e-45ff-9898-42ed1c21d5d8-groupManagement] INFO  server.RaftServerConfigKeys (ConfUtils.java:logGet(46)) - raft.server.snapshot.trigger-when-stop.enabled = true (default)
2024-04-29 10:04:46,257 [6d197fbd-467e-45ff-9898-42ed1c21d5d8-groupManagement] INFO  server.RaftServerConfigKeys (ConfUtils.java:logGet(46)) - raft.server.snapshot.auto.trigger.enabled = true (custom)
2024-04-29 10:04:46,258 [6d197fbd-467e-45ff-9898-42ed1c21d5d8-groupManagement] INFO  server.RaftServerConfigKeys (ConfUtils.java:logGet(46)) - raft.server.snapshot.auto.trigger.threshold = 10000 (custom)
2024-04-29 10:04:46,258 [6d197fbd-467e-45ff-9898-42ed1c21d5d8-groupManagement] INFO  server.RaftServerConfigKeys (ConfUtils.java:logGet(46)) - raft.server.snapshot.retention.file.num = 5 (custom)
2024-04-29 10:04:46,258 [6d197fbd-467e-45ff-9898-42ed1c21d5d8-groupManagement] INFO  server.RaftServerConfigKeys (ConfUtils.java:logGet(46)) - raft.server.log.purge.upto.snapshot.index = false (default)
2024-04-29 10:04:46,258 [6d197fbd-467e-45ff-9898-42ed1c21d5d8@group-CAAA4FED400B-FollowerState] INFO  server.RaftServerConfigKeys (ConfUtils.java:logFallback(53)) - raft.server.rpc.first-election.timeout.min = 5s (fallback to raft.server.rpc.timeout.min)
2024-04-29 10:04:46,258 [6d197fbd-467e-45ff-9898-42ed1c21d5d8-PipelineCommandHandlerThread-0] INFO  ratis.XceiverServerRatis (XceiverServerRatis.java:addGroup(864)) - Created group PipelineID=7a65518c-d6ab-45bc-acef-caaa4fed400b
2024-04-29 10:04:46,258 [6d197fbd-467e-45ff-9898-42ed1c21d5d8-PipelineCommandHandlerThread-0] INFO  commandhandler.CreatePipelineCommandHandler (CreatePipelineCommandHandler.java:lambda$handle$2(124)) - Created Pipeline RATIS ONE PipelineID=7a65518c-d6ab-45bc-acef-caaa4fed400b.
2024-04-29 10:04:46,259 [6d197fbd-467e-45ff-9898-42ed1c21d5d8-PipelineCommandHandlerThread-0] INFO  server.RaftServer (RaftServerProxy.java:addNew(100)) - 6d197fbd-467e-45ff-9898-42ed1c21d5d8: addNew group-707C7D8C1CB0:[c8077c05-0c4c-4631-a89d-68bd8471aee8|127.0.0.1:15112, 524d5d09-8d9b-4f5c-81d9-49f5f89fd079|127.0.0.1:15121, 6d197fbd-467e-45ff-9898-42ed1c21d5d8|127.0.0.1:15103] returns group-707C7D8C1CB0:java.util.concurrent.CompletableFuture@17105c84[Not completed]
2024-04-29 10:04:46,258 [6d197fbd-467e-45ff-9898-42ed1c21d5d8@group-CAAA4FED400B-FollowerState] INFO  server.RaftServerConfigKeys (ConfUtils.java:logFallback(53)) - raft.server.rpc.first-election.timeout.max = 5200ms (fallback to raft.server.rpc.timeout.max)
2024-04-29 10:04:46,260 [6d197fbd-467e-45ff-9898-42ed1c21d5d8-groupManagement] INFO  server.RaftServer$Division (RaftServerImpl.java:<init>(256)) - 6d197fbd-467e-45ff-9898-42ed1c21d5d8: new RaftServerImpl for group-707C7D8C1CB0:[c8077c05-0c4c-4631-a89d-68bd8471aee8|127.0.0.1:15112, 524d5d09-8d9b-4f5c-81d9-49f5f89fd079|127.0.0.1:15121, 6d197fbd-467e-45ff-9898-42ed1c21d5d8|127.0.0.1:15103] with ContainerStateMachine:uninitialized
2024-04-29 10:04:46,260 [6d197fbd-467e-45ff-9898-42ed1c21d5d8-groupManagement] INFO  server.RaftServerConfigKeys (ConfUtils.java:logGet(46)) - raft.server.rpc.timeout.min = 5s (custom)
2024-04-29 10:04:46,260 [6d197fbd-467e-45ff-9898-42ed1c21d5d8-groupManagement] INFO  server.RaftServerConfigKeys (ConfUtils.java:logGet(46)) - raft.server.rpc.timeout.max = 5200ms (custom)
2024-04-29 10:04:46,260 [6d197fbd-467e-45ff-9898-42ed1c21d5d8-groupManagement] INFO  server.RaftServerConfigKeys (ConfUtils.java:logGet(46)) - raft.server.rpc.sleep.time = 25ms (default)
2024-04-29 10:04:46,260 [6d197fbd-467e-45ff-9898-42ed1c21d5d8-groupManagement] INFO  server.RaftServerConfigKeys (ConfUtils.java:logGet(46)) - raft.server.rpc.slowness.timeout = 300000ms (custom)
2024-04-29 10:04:46,260 [6d197fbd-467e-45ff-9898-42ed1c21d5d8-groupManagement] INFO  server.RaftServerConfigKeys (ConfUtils.java:logGet(46)) - raft.server.leaderelection.leader.step-down.wait-time = 10s (default)
2024-04-29 10:04:46,260 [6d197fbd-467e-45ff-9898-42ed1c21d5d8-groupManagement] INFO  server.RaftServerConfigKeys (ConfUtils.java:logGet(46)) - raft.server.leaderelection.member.majority-add = false (default)
2024-04-29 10:04:46,260 [6d197fbd-467e-45ff-9898-42ed1c21d5d8-groupManagement] INFO  server.RaftServerConfigKeys (ConfUtils.java:logGet(46)) - raft.server.sleep.deviation.threshold = 300ms (default)
2024-04-29 10:04:46,261 [6d197fbd-467e-45ff-9898-42ed1c21d5d8-groupManagement] INFO  server.RaftServer$Division (ServerState.java:<init>(113)) - 6d197fbd-467e-45ff-9898-42ed1c21d5d8@group-707C7D8C1CB0: ConfigurationManager, init=-1: peers:[c8077c05-0c4c-4631-a89d-68bd8471aee8|127.0.0.1:15112, 524d5d09-8d9b-4f5c-81d9-49f5f89fd079|127.0.0.1:15121, 6d197fbd-467e-45ff-9898-42ed1c21d5d8|127.0.0.1:15103]|listeners:[], old=null, confs=<EMPTY_MAP>
2024-04-29 10:04:46,261 [6d197fbd-467e-45ff-9898-42ed1c21d5d8-groupManagement] INFO  server.RaftServerConfigKeys (ConfUtils.java:logGet(46)) - raft.server.notification.no-leader.timeout = 300000ms (custom)
2024-04-29 10:04:46,261 [6d197fbd-467e-45ff-9898-42ed1c21d5d8-groupManagement] INFO  server.RaftServerConfigKeys (ConfUtils.java:logGet(46)) - raft.server.read.timeout = 10s (default)
2024-04-29 10:04:46,261 [6d197fbd-467e-45ff-9898-42ed1c21d5d8-groupManagement] INFO  server.RaftServerConfigKeys (ConfUtils.java:logGet(46)) - raft.server.retrycache.expirytime = 600000ms (custom)
2024-04-29 10:04:46,261 [6d197fbd-467e-45ff-9898-42ed1c21d5d8-groupManagement] INFO  server.RaftServerConfigKeys (ConfUtils.java:logGet(46)) - raft.server.retrycache.statistics.expirytime = 100ms (default)
2024-04-29 10:04:46,261 [6d197fbd-467e-45ff-9898-42ed1c21d5d8-groupManagement] INFO  server.RaftServerConfigKeys (ConfUtils.java:logGet(46)) - raft.server.read.option = DEFAULT (default)
2024-04-29 10:04:46,261 [6d197fbd-467e-45ff-9898-42ed1c21d5d8-groupManagement] INFO  server.RaftServerConfigKeys (ConfUtils.java:logGet(46)) - raft.server.read.read-after-write-consistent.write-index-cache.expiry-time = 60s (default)
2024-04-29 10:04:46,263 [6d197fbd-467e-45ff-9898-42ed1c21d5d8-groupManagement] INFO  server.RaftServerConfigKeys (ConfUtils.java:logGet(46)) - raft.server.rpc.request.timeout = 3000ms (default)
2024-04-29 10:04:46,263 [6d197fbd-467e-45ff-9898-42ed1c21d5d8-groupManagement] INFO  server.RaftServerConfigKeys (ConfUtils.java:logGet(46)) - raft.server.log.appender.install.snapshot.enabled = false (custom)
2024-04-29 10:04:46,263 [6d197fbd-467e-45ff-9898-42ed1c21d5d8-groupManagement] INFO  server.RaftServerConfigKeys (ConfUtils.java:logGet(46)) - raft.server.threadpool.server.cached = true (default)
2024-04-29 10:04:46,263 [6d197fbd-467e-45ff-9898-42ed1c21d5d8-groupManagement] INFO  server.RaftServerConfigKeys (ConfUtils.java:logGet(46)) - raft.server.threadpool.server.size = 0 (default)
2024-04-29 10:04:46,263 [6d197fbd-467e-45ff-9898-42ed1c21d5d8-groupManagement] INFO  server.RaftServerConfigKeys (ConfUtils.java:logGet(46)) - raft.server.threadpool.client.cached = true (default)
2024-04-29 10:04:46,263 [6d197fbd-467e-45ff-9898-42ed1c21d5d8-groupManagement] INFO  server.RaftServerConfigKeys (ConfUtils.java:logGet(46)) - raft.server.threadpool.client.size = 0 (default)
2024-04-29 10:04:46,263 [6d197fbd-467e-45ff-9898-42ed1c21d5d8-groupManagement] INFO  server.RaftServerConfigKeys (ConfUtils.java:logGet(46)) - raft.server.storage.free-space.min = 0MB (=0) (default)
2024-04-29 10:04:46,263 [6d197fbd-467e-45ff-9898-42ed1c21d5d8-groupManagement] INFO  server.RaftServerConfigKeys (ConfUtils.java:logGet(46)) - raft.server.log.corruption.policy = EXCEPTION (default)
2024-04-29 10:04:46,263 [6d197fbd-467e-45ff-9898-42ed1c21d5d8-groupManagement] INFO  server.RaftServerConfigKeys (ConfUtils.java:logGet(46)) - raft.server.storage.dir = [/home/runner/work/ozone/ozone/hadoop-ozone/integration-test/target/test-dir/MiniOzoneClusterImpl-b6e902a5-721a-459f-a115-5ddcd789b87e/ozone-meta/datanode-1/ratis] (custom)
2024-04-29 10:04:46,264 [6d197fbd-467e-45ff-9898-42ed1c21d5d8-groupManagement] INFO  storage.RaftStorageDirectory (RaftStorageDirectoryImpl.java:analyzeStorage(138)) - The storage directory /home/runner/work/ozone/ozone/hadoop-ozone/integration-test/target/test-dir/MiniOzoneClusterImpl-b6e902a5-721a-459f-a115-5ddcd789b87e/ozone-meta/datanode-1/ratis/3506122a-5bb7-4b44-8ee6-707c7d8c1cb0 does not exist. Creating ...
2024-04-29 10:04:46,264 [6d197fbd-467e-45ff-9898-42ed1c21d5d8-groupManagement] INFO  storage.RaftStorageDirectory (RaftStorageDirectoryImpl.java:tryLock(228)) - Lock on /home/runner/work/ozone/ozone/hadoop-ozone/integration-test/target/test-dir/MiniOzoneClusterImpl-b6e902a5-721a-459f-a115-5ddcd789b87e/ozone-meta/datanode-1/ratis/3506122a-5bb7-4b44-8ee6-707c7d8c1cb0/in_use.lock acquired by nodename 20825@fv-az913-54
2024-04-29 10:04:46,265 [6d197fbd-467e-45ff-9898-42ed1c21d5d8-groupManagement] INFO  storage.RaftStorage (RaftStorageImpl.java:format(99)) - Storage directory /home/runner/work/ozone/ozone/hadoop-ozone/integration-test/target/test-dir/MiniOzoneClusterImpl-b6e902a5-721a-459f-a115-5ddcd789b87e/ozone-meta/datanode-1/ratis/3506122a-5bb7-4b44-8ee6-707c7d8c1cb0 has been successfully formatted.
2024-04-29 10:04:46,266 [6d197fbd-467e-45ff-9898-42ed1c21d5d8-groupManagement] WARN  util.FileUtils (LogUtils.java:supplyAndLog(63)) - Failed to Files.newInputStream /home/runner/work/ozone/ozone/hadoop-ozone/integration-test/target/test-dir/MiniOzoneClusterImpl-b6e902a5-721a-459f-a115-5ddcd789b87e/ozone-meta/datanode-1/ratis/3506122a-5bb7-4b44-8ee6-707c7d8c1cb0/current/raft-meta.conf with options []: java.nio.file.NoSuchFileException: /home/runner/work/ozone/ozone/hadoop-ozone/integration-test/target/test-dir/MiniOzoneClusterImpl-b6e902a5-721a-459f-a115-5ddcd789b87e/ozone-meta/datanode-1/ratis/3506122a-5bb7-4b44-8ee6-707c7d8c1cb0/current/raft-meta.conf
2024-04-29 10:04:46,266 [6d197fbd-467e-45ff-9898-42ed1c21d5d8-groupManagement] INFO  ratis.ContainerStateMachine (ContainerStateMachine.java:loadSnapshot(287)) - group-707C7D8C1CB0: The snapshot info is null. Setting the last applied index to:(t:0, i:~)
2024-04-29 10:04:46,266 [6d197fbd-467e-45ff-9898-42ed1c21d5d8-groupManagement] INFO  server.RaftServerConfigKeys (ConfUtils.java:logGet(46)) - raft.server.log.use.memory = false (default)
2024-04-29 10:04:46,266 [6d197fbd-467e-45ff-9898-42ed1c21d5d8-groupManagement] INFO  server.RaftServerConfigKeys (ConfUtils.java:logGet(46)) - raft.server.log.purge.gap = 1000000 (custom)
2024-04-29 10:04:46,266 [6d197fbd-467e-45ff-9898-42ed1c21d5d8-groupManagement] INFO  server.RaftServerConfigKeys (ConfUtils.java:logGet(46)) - raft.server.log.appender.buffer.byte-limit = 8388608 (custom)
2024-04-29 10:04:46,266 [6d197fbd-467e-45ff-9898-42ed1c21d5d8-groupManagement] INFO  server.RaftServerConfigKeys (ConfUtils.java:logGet(46)) - raft.server.log.statemachine.data.read.timeout = 1000ms (default)
2024-04-29 10:04:46,266 [6d197fbd-467e-45ff-9898-42ed1c21d5d8-groupManagement] INFO  server.RaftServerConfigKeys (ConfUtils.java:logGet(46)) - raft.server.log.purge.preservation.log.num = 0 (default)
2024-04-29 10:04:46,268 [6d197fbd-467e-45ff-9898-42ed1c21d5d8-groupManagement] INFO  server.RaftServerConfigKeys (ConfUtils.java:logGet(46)) - raft.server.log.segment.size.max = 67108864 (custom)
2024-04-29 10:04:46,269 [6d197fbd-467e-45ff-9898-42ed1c21d5d8-groupManagement] INFO  server.RaftServerConfigKeys (ConfUtils.java:logGet(46)) - raft.server.log.segment.cache.num.max = 2 (custom)
2024-04-29 10:04:46,269 [6d197fbd-467e-45ff-9898-42ed1c21d5d8-groupManagement] INFO  server.RaftServerConfigKeys (ConfUtils.java:logGet(46)) - raft.server.log.segment.cache.size.max = 200MB (=209715200) (default)
2024-04-29 10:04:46,269 [6d197fbd-467e-45ff-9898-42ed1c21d5d8-groupManagement] INFO  server.RaftServerConfigKeys (ConfUtils.java:logGet(46)) - raft.server.log.appender.buffer.byte-limit = 8388608 (custom)
2024-04-29 10:04:46,269 [EventQueue-OpenPipelineForHealthyPipelineSafeModeRule] INFO  safemode.SCMSafeModeManager (HealthyPipelineSafeModeRule.java:process(140)) - SCM in safe mode. Healthy pipelines reported count is 0, required healthy pipeline reported count is 1
2024-04-29 10:04:46,273 [6d197fbd-467e-45ff-9898-42ed1c21d5d8-groupManagement] INFO  util.AwaitToRun (AwaitToRun.java:start(81)) - Thread[6d197fbd-467e-45ff-9898-42ed1c21d5d8@group-707C7D8C1CB0-cacheEviction-AwaitToRun,5,main] started
2024-04-29 10:04:46,273 [6d197fbd-467e-45ff-9898-42ed1c21d5d8-groupManagement] INFO  segmented.SegmentedRaftLogWorker (SegmentedRaftLogWorker.java:<init>(182)) - new 6d197fbd-467e-45ff-9898-42ed1c21d5d8@group-707C7D8C1CB0-SegmentedRaftLogWorker for RaftStorageImpl:Storage Directory /home/runner/work/ozone/ozone/hadoop-ozone/integration-test/target/test-dir/MiniOzoneClusterImpl-b6e902a5-721a-459f-a115-5ddcd789b87e/ozone-meta/datanode-1/ratis/3506122a-5bb7-4b44-8ee6-707c7d8c1cb0
2024-04-29 10:04:46,273 [6d197fbd-467e-45ff-9898-42ed1c21d5d8-groupManagement] INFO  server.RaftServerConfigKeys (ConfUtils.java:logGet(46)) - raft.server.log.queue.byte-limit = 4294967296 (custom)
2024-04-29 10:04:46,273 [6d197fbd-467e-45ff-9898-42ed1c21d5d8-groupManagement] INFO  server.RaftServerConfigKeys (ConfUtils.java:logGet(46)) - raft.server.log.queue.element-limit = 1024 (custom)
2024-04-29 10:04:46,273 [6d197fbd-467e-45ff-9898-42ed1c21d5d8-groupManagement] INFO  server.RaftServerConfigKeys (ConfUtils.java:logGet(46)) - raft.server.log.segment.size.max = 67108864 (custom)
2024-04-29 10:04:46,274 [6d197fbd-467e-45ff-9898-42ed1c21d5d8-groupManagement] INFO  server.RaftServerConfigKeys (ConfUtils.java:logGet(46)) - raft.server.log.preallocated.size = 4194304 (custom)
2024-04-29 10:04:46,274 [6d197fbd-467e-45ff-9898-42ed1c21d5d8-groupManagement] INFO  server.RaftServerConfigKeys (ConfUtils.java:logGet(46)) - raft.server.log.force.sync.num = 128 (default)
2024-04-29 10:04:46,274 [6d197fbd-467e-45ff-9898-42ed1c21d5d8-groupManagement] INFO  server.RaftServerConfigKeys (ConfUtils.java:logGet(46)) - raft.server.log.statemachine.data.sync = true (default)
2024-04-29 10:04:46,274 [6d197fbd-467e-45ff-9898-42ed1c21d5d8-groupManagement] INFO  server.RaftServerConfigKeys (ConfUtils.java:logGet(46)) - raft.server.log.statemachine.data.sync.timeout = 10s (default)
2024-04-29 10:04:46,274 [6d197fbd-467e-45ff-9898-42ed1c21d5d8-groupManagement] INFO  server.RaftServerConfigKeys (ConfUtils.java:logGet(46)) - raft.server.log.statemachine.data.sync.timeout.retry = 30 (custom)
2024-04-29 10:04:46,274 [6d197fbd-467e-45ff-9898-42ed1c21d5d8-groupManagement] INFO  server.RaftServerConfigKeys (ConfUtils.java:logGet(46)) - raft.server.log.write.buffer.size = 8388616 (custom)
2024-04-29 10:04:46,275 [6d197fbd-467e-45ff-9898-42ed1c21d5d8-groupManagement] INFO  server.RaftServerConfigKeys (ConfUtils.java:logGet(46)) - raft.server.log.appender.buffer.byte-limit = 8388608 (custom)
2024-04-29 10:04:46,275 [6d197fbd-467e-45ff-9898-42ed1c21d5d8-groupManagement] INFO  server.RaftServerConfigKeys (ConfUtils.java:logGet(46)) - raft.server.log.unsafe-flush.enabled = false (default)
2024-04-29 10:04:46,275 [6d197fbd-467e-45ff-9898-42ed1c21d5d8-groupManagement] INFO  server.RaftServerConfigKeys (ConfUtils.java:logGet(46)) - raft.server.log.async-flush.enabled = false (default)
2024-04-29 10:04:46,275 [6d197fbd-467e-45ff-9898-42ed1c21d5d8-groupManagement] INFO  server.RaftServerConfigKeys (ConfUtils.java:logGet(46)) - raft.server.log.statemachine.data.caching.enabled = true (custom)
2024-04-29 10:04:46,275 [6d197fbd-467e-45ff-9898-42ed1c21d5d8-groupManagement] INFO  segmented.SegmentedRaftLogWorker (SegmentedRaftLogWorker.java:lambda$new$0(134)) - 6d197fbd-467e-45ff-9898-42ed1c21d5d8@group-707C7D8C1CB0-SegmentedRaftLogWorker: flushIndex: setUnconditionally 0 -> -1
2024-04-29 10:04:46,275 [6d197fbd-467e-45ff-9898-42ed1c21d5d8-groupManagement] INFO  segmented.SegmentedRaftLogWorker (SegmentedRaftLogWorker.java:lambda$new$0(134)) - 6d197fbd-467e-45ff-9898-42ed1c21d5d8@group-707C7D8C1CB0-SegmentedRaftLogWorker: safeCacheEvictIndex: setUnconditionally 0 -> -1
2024-04-29 10:04:46,276 [6d197fbd-467e-45ff-9898-42ed1c21d5d8-groupManagement] INFO  server.RaftServer$Division (RaftServerImpl.java:start(396)) - 6d197fbd-467e-45ff-9898-42ed1c21d5d8@group-707C7D8C1CB0: start as a follower, conf=-1: peers:[c8077c05-0c4c-4631-a89d-68bd8471aee8|127.0.0.1:15112, 524d5d09-8d9b-4f5c-81d9-49f5f89fd079|127.0.0.1:15121, 6d197fbd-467e-45ff-9898-42ed1c21d5d8|127.0.0.1:15103]|listeners:[], old=null
2024-04-29 10:04:46,276 [6d197fbd-467e-45ff-9898-42ed1c21d5d8-groupManagement] INFO  server.RaftServer$Division (RaftServerImpl.java:setRole(383)) - 6d197fbd-467e-45ff-9898-42ed1c21d5d8@group-707C7D8C1CB0: changes role from      null to FOLLOWER at term 0 for startAsFollower
2024-04-29 10:04:46,276 [6d197fbd-467e-45ff-9898-42ed1c21d5d8-groupManagement] INFO  impl.RoleInfo (RoleInfo.java:updateAndGet(139)) - 6d197fbd-467e-45ff-9898-42ed1c21d5d8: start 6d197fbd-467e-45ff-9898-42ed1c21d5d8@group-707C7D8C1CB0-FollowerState
2024-04-29 10:04:46,276 [6d197fbd-467e-45ff-9898-42ed1c21d5d8@group-707C7D8C1CB0-FollowerState] INFO  server.RaftServerConfigKeys (ConfUtils.java:logFallback(53)) - raft.server.rpc.first-election.timeout.min = 5s (fallback to raft.server.rpc.timeout.min)
2024-04-29 10:04:46,276 [6d197fbd-467e-45ff-9898-42ed1c21d5d8-groupManagement] INFO  util.JmxRegister (JmxRegister.java:tryRegister(44)) - Successfully registered JMX Bean with object name Ratis:service=RaftServer,group=group-707C7D8C1CB0,id=6d197fbd-467e-45ff-9898-42ed1c21d5d8
2024-04-29 10:04:46,276 [6d197fbd-467e-45ff-9898-42ed1c21d5d8@group-707C7D8C1CB0-FollowerState] INFO  server.RaftServerConfigKeys (ConfUtils.java:logFallback(53)) - raft.server.rpc.first-election.timeout.max = 5200ms (fallback to raft.server.rpc.timeout.max)
2024-04-29 10:04:46,276 [6d197fbd-467e-45ff-9898-42ed1c21d5d8-groupManagement] INFO  server.RaftServerConfigKeys (ConfUtils.java:logGet(46)) - raft.server.snapshot.trigger-when-stop.enabled = true (default)
2024-04-29 10:04:46,276 [6d197fbd-467e-45ff-9898-42ed1c21d5d8-groupManagement] INFO  server.RaftServerConfigKeys (ConfUtils.java:logGet(46)) - raft.server.snapshot.auto.trigger.enabled = true (custom)
2024-04-29 10:04:46,276 [6d197fbd-467e-45ff-9898-42ed1c21d5d8-groupManagement] INFO  server.RaftServerConfigKeys (ConfUtils.java:logGet(46)) - raft.server.snapshot.auto.trigger.threshold = 10000 (custom)
2024-04-29 10:04:46,276 [6d197fbd-467e-45ff-9898-42ed1c21d5d8-groupManagement] INFO  server.RaftServerConfigKeys (ConfUtils.java:logGet(46)) - raft.server.snapshot.retention.file.num = 5 (custom)
2024-04-29 10:04:46,276 [6d197fbd-467e-45ff-9898-42ed1c21d5d8-groupManagement] INFO  server.RaftServerConfigKeys (ConfUtils.java:logGet(46)) - raft.server.log.purge.upto.snapshot.index = false (default)
2024-04-29 10:04:46,277 [6d197fbd-467e-45ff-9898-42ed1c21d5d8-PipelineCommandHandlerThread-0] INFO  ratis.XceiverServerRatis (XceiverServerRatis.java:addGroup(864)) - Created group PipelineID=3506122a-5bb7-4b44-8ee6-707c7d8c1cb0
2024-04-29 10:04:46,283 [grpc-default-executor-0] INFO  server.RaftServer (RaftServerProxy.java:addNew(100)) - 524d5d09-8d9b-4f5c-81d9-49f5f89fd079: addNew group-707C7D8C1CB0:[c8077c05-0c4c-4631-a89d-68bd8471aee8|127.0.0.1:15112, 524d5d09-8d9b-4f5c-81d9-49f5f89fd079|127.0.0.1:15121, 6d197fbd-467e-45ff-9898-42ed1c21d5d8|127.0.0.1:15103] returns group-707C7D8C1CB0:java.util.concurrent.CompletableFuture@73f9aea7[Not completed]
2024-04-29 10:04:46,284 [524d5d09-8d9b-4f5c-81d9-49f5f89fd079-groupManagement] INFO  server.RaftServer$Division (RaftServerImpl.java:<init>(256)) - 524d5d09-8d9b-4f5c-81d9-49f5f89fd079: new RaftServerImpl for group-707C7D8C1CB0:[c8077c05-0c4c-4631-a89d-68bd8471aee8|127.0.0.1:15112, 524d5d09-8d9b-4f5c-81d9-49f5f89fd079|127.0.0.1:15121, 6d197fbd-467e-45ff-9898-42ed1c21d5d8|127.0.0.1:15103] with ContainerStateMachine:uninitialized
2024-04-29 10:04:46,284 [524d5d09-8d9b-4f5c-81d9-49f5f89fd079-groupManagement] INFO  server.RaftServerConfigKeys (ConfUtils.java:logGet(46)) - raft.server.rpc.timeout.min = 5s (custom)
2024-04-29 10:04:46,284 [524d5d09-8d9b-4f5c-81d9-49f5f89fd079-groupManagement] INFO  server.RaftServerConfigKeys (ConfUtils.java:logGet(46)) - raft.server.rpc.timeout.max = 5200ms (custom)
2024-04-29 10:04:46,284 [524d5d09-8d9b-4f5c-81d9-49f5f89fd079-groupManagement] INFO  server.RaftServerConfigKeys (ConfUtils.java:logGet(46)) - raft.server.rpc.sleep.time = 25ms (default)
2024-04-29 10:04:46,284 [524d5d09-8d9b-4f5c-81d9-49f5f89fd079-groupManagement] INFO  server.RaftServerConfigKeys (ConfUtils.java:logGet(46)) - raft.server.rpc.slowness.timeout = 300000ms (custom)
2024-04-29 10:04:46,284 [524d5d09-8d9b-4f5c-81d9-49f5f89fd079-groupManagement] INFO  server.RaftServerConfigKeys (ConfUtils.java:logGet(46)) - raft.server.leaderelection.leader.step-down.wait-time = 10s (default)
2024-04-29 10:04:46,284 [524d5d09-8d9b-4f5c-81d9-49f5f89fd079-groupManagement] INFO  server.RaftServerConfigKeys (ConfUtils.java:logGet(46)) - raft.server.leaderelection.member.majority-add = false (default)
2024-04-29 10:04:46,284 [524d5d09-8d9b-4f5c-81d9-49f5f89fd079-groupManagement] INFO  server.RaftServerConfigKeys (ConfUtils.java:logGet(46)) - raft.server.sleep.deviation.threshold = 300ms (default)
2024-04-29 10:04:46,285 [524d5d09-8d9b-4f5c-81d9-49f5f89fd079-groupManagement] INFO  server.RaftServer$Division (ServerState.java:<init>(113)) - 524d5d09-8d9b-4f5c-81d9-49f5f89fd079@group-707C7D8C1CB0: ConfigurationManager, init=-1: peers:[c8077c05-0c4c-4631-a89d-68bd8471aee8|127.0.0.1:15112, 524d5d09-8d9b-4f5c-81d9-49f5f89fd079|127.0.0.1:15121, 6d197fbd-467e-45ff-9898-42ed1c21d5d8|127.0.0.1:15103]|listeners:[], old=null, confs=<EMPTY_MAP>
2024-04-29 10:04:46,285 [524d5d09-8d9b-4f5c-81d9-49f5f89fd079-groupManagement] INFO  server.RaftServerConfigKeys (ConfUtils.java:logGet(46)) - raft.server.notification.no-leader.timeout = 300000ms (custom)
2024-04-29 10:04:46,285 [524d5d09-8d9b-4f5c-81d9-49f5f89fd079-groupManagement] INFO  server.RaftServerConfigKeys (ConfUtils.java:logGet(46)) - raft.server.read.timeout = 10s (default)
2024-04-29 10:04:46,285 [524d5d09-8d9b-4f5c-81d9-49f5f89fd079-groupManagement] INFO  server.RaftServerConfigKeys (ConfUtils.java:logGet(46)) - raft.server.retrycache.expirytime = 600000ms (custom)
2024-04-29 10:04:46,285 [524d5d09-8d9b-4f5c-81d9-49f5f89fd079-groupManagement] INFO  server.RaftServerConfigKeys (ConfUtils.java:logGet(46)) - raft.server.retrycache.statistics.expirytime = 100ms (default)
2024-04-29 10:04:46,285 [524d5d09-8d9b-4f5c-81d9-49f5f89fd079-groupManagement] INFO  server.RaftServerConfigKeys (ConfUtils.java:logGet(46)) - raft.server.read.option = DEFAULT (default)
2024-04-29 10:04:46,285 [524d5d09-8d9b-4f5c-81d9-49f5f89fd079-groupManagement] INFO  server.RaftServerConfigKeys (ConfUtils.java:logGet(46)) - raft.server.read.read-after-write-consistent.write-index-cache.expiry-time = 60s (default)
2024-04-29 10:04:46,287 [524d5d09-8d9b-4f5c-81d9-49f5f89fd079-groupManagement] INFO  server.RaftServerConfigKeys (ConfUtils.java:logGet(46)) - raft.server.rpc.request.timeout = 3000ms (default)
2024-04-29 10:04:46,287 [524d5d09-8d9b-4f5c-81d9-49f5f89fd079-groupManagement] INFO  server.RaftServerConfigKeys (ConfUtils.java:logGet(46)) - raft.server.log.appender.install.snapshot.enabled = false (custom)
2024-04-29 10:04:46,287 [524d5d09-8d9b-4f5c-81d9-49f5f89fd079-groupManagement] INFO  server.RaftServerConfigKeys (ConfUtils.java:logGet(46)) - raft.server.threadpool.server.cached = true (default)
2024-04-29 10:04:46,287 [524d5d09-8d9b-4f5c-81d9-49f5f89fd079-groupManagement] INFO  server.RaftServerConfigKeys (ConfUtils.java:logGet(46)) - raft.server.threadpool.server.size = 0 (default)
2024-04-29 10:04:46,287 [524d5d09-8d9b-4f5c-81d9-49f5f89fd079-groupManagement] INFO  server.RaftServerConfigKeys (ConfUtils.java:logGet(46)) - raft.server.threadpool.client.cached = true (default)
2024-04-29 10:04:46,287 [524d5d09-8d9b-4f5c-81d9-49f5f89fd079-groupManagement] INFO  server.RaftServerConfigKeys (ConfUtils.java:logGet(46)) - raft.server.threadpool.client.size = 0 (default)
2024-04-29 10:04:46,287 [524d5d09-8d9b-4f5c-81d9-49f5f89fd079-groupManagement] INFO  server.RaftServerConfigKeys (ConfUtils.java:logGet(46)) - raft.server.storage.free-space.min = 0MB (=0) (default)
2024-04-29 10:04:46,287 [524d5d09-8d9b-4f5c-81d9-49f5f89fd079-groupManagement] INFO  server.RaftServerConfigKeys (ConfUtils.java:logGet(46)) - raft.server.log.corruption.policy = EXCEPTION (default)
2024-04-29 10:04:46,287 [524d5d09-8d9b-4f5c-81d9-49f5f89fd079-groupManagement] INFO  server.RaftServerConfigKeys (ConfUtils.java:logGet(46)) - raft.server.storage.dir = [/home/runner/work/ozone/ozone/hadoop-ozone/integration-test/target/test-dir/MiniOzoneClusterImpl-b6e902a5-721a-459f-a115-5ddcd789b87e/ozone-meta/datanode-3/ratis] (custom)
2024-04-29 10:04:46,287 [524d5d09-8d9b-4f5c-81d9-49f5f89fd079-groupManagement] INFO  storage.RaftStorageDirectory (RaftStorageDirectoryImpl.java:analyzeStorage(138)) - The storage directory /home/runner/work/ozone/ozone/hadoop-ozone/integration-test/target/test-dir/MiniOzoneClusterImpl-b6e902a5-721a-459f-a115-5ddcd789b87e/ozone-meta/datanode-3/ratis/3506122a-5bb7-4b44-8ee6-707c7d8c1cb0 does not exist. Creating ...
2024-04-29 10:04:46,288 [524d5d09-8d9b-4f5c-81d9-49f5f89fd079-groupManagement] INFO  storage.RaftStorageDirectory (RaftStorageDirectoryImpl.java:tryLock(228)) - Lock on /home/runner/work/ozone/ozone/hadoop-ozone/integration-test/target/test-dir/MiniOzoneClusterImpl-b6e902a5-721a-459f-a115-5ddcd789b87e/ozone-meta/datanode-3/ratis/3506122a-5bb7-4b44-8ee6-707c7d8c1cb0/in_use.lock acquired by nodename 20825@fv-az913-54
2024-04-29 10:04:46,294 [524d5d09-8d9b-4f5c-81d9-49f5f89fd079-groupManagement] INFO  storage.RaftStorage (RaftStorageImpl.java:format(99)) - Storage directory /home/runner/work/ozone/ozone/hadoop-ozone/integration-test/target/test-dir/MiniOzoneClusterImpl-b6e902a5-721a-459f-a115-5ddcd789b87e/ozone-meta/datanode-3/ratis/3506122a-5bb7-4b44-8ee6-707c7d8c1cb0 has been successfully formatted.
2024-04-29 10:04:46,294 [524d5d09-8d9b-4f5c-81d9-49f5f89fd079-groupManagement] WARN  util.FileUtils (LogUtils.java:supplyAndLog(63)) - Failed to Files.newInputStream /home/runner/work/ozone/ozone/hadoop-ozone/integration-test/target/test-dir/MiniOzoneClusterImpl-b6e902a5-721a-459f-a115-5ddcd789b87e/ozone-meta/datanode-3/ratis/3506122a-5bb7-4b44-8ee6-707c7d8c1cb0/current/raft-meta.conf with options []: java.nio.file.NoSuchFileException: /home/runner/work/ozone/ozone/hadoop-ozone/integration-test/target/test-dir/MiniOzoneClusterImpl-b6e902a5-721a-459f-a115-5ddcd789b87e/ozone-meta/datanode-3/ratis/3506122a-5bb7-4b44-8ee6-707c7d8c1cb0/current/raft-meta.conf
2024-04-29 10:04:46,294 [524d5d09-8d9b-4f5c-81d9-49f5f89fd079-groupManagement] INFO  ratis.ContainerStateMachine (ContainerStateMachine.java:loadSnapshot(287)) - group-707C7D8C1CB0: The snapshot info is null. Setting the last applied index to:(t:0, i:~)
2024-04-29 10:04:46,294 [524d5d09-8d9b-4f5c-81d9-49f5f89fd079-groupManagement] INFO  server.RaftServerConfigKeys (ConfUtils.java:logGet(46)) - raft.server.log.use.memory = false (default)
2024-04-29 10:04:46,294 [524d5d09-8d9b-4f5c-81d9-49f5f89fd079-groupManagement] INFO  server.RaftServerConfigKeys (ConfUtils.java:logGet(46)) - raft.server.log.purge.gap = 1000000 (custom)
2024-04-29 10:04:46,294 [524d5d09-8d9b-4f5c-81d9-49f5f89fd079-groupManagement] INFO  server.RaftServerConfigKeys (ConfUtils.java:logGet(46)) - raft.server.log.appender.buffer.byte-limit = 8388608 (custom)
2024-04-29 10:04:46,294 [524d5d09-8d9b-4f5c-81d9-49f5f89fd079-groupManagement] INFO  server.RaftServerConfigKeys (ConfUtils.java:logGet(46)) - raft.server.log.statemachine.data.read.timeout = 1000ms (default)
2024-04-29 10:04:46,295 [524d5d09-8d9b-4f5c-81d9-49f5f89fd079-groupManagement] INFO  server.RaftServerConfigKeys (ConfUtils.java:logGet(46)) - raft.server.log.purge.preservation.log.num = 0 (default)
2024-04-29 10:04:46,296 [524d5d09-8d9b-4f5c-81d9-49f5f89fd079-groupManagement] INFO  server.RaftServerConfigKeys (ConfUtils.java:logGet(46)) - raft.server.log.segment.size.max = 67108864 (custom)
2024-04-29 10:04:46,296 [524d5d09-8d9b-4f5c-81d9-49f5f89fd079-groupManagement] INFO  server.RaftServerConfigKeys (ConfUtils.java:logGet(46)) - raft.server.log.segment.cache.num.max = 2 (custom)
2024-04-29 10:04:46,296 [524d5d09-8d9b-4f5c-81d9-49f5f89fd079-groupManagement] INFO  server.RaftServerConfigKeys (ConfUtils.java:logGet(46)) - raft.server.log.segment.cache.size.max = 200MB (=209715200) (default)
2024-04-29 10:04:46,296 [524d5d09-8d9b-4f5c-81d9-49f5f89fd079-groupManagement] INFO  server.RaftServerConfigKeys (ConfUtils.java:logGet(46)) - raft.server.log.appender.buffer.byte-limit = 8388608 (custom)
2024-04-29 10:04:46,297 [524d5d09-8d9b-4f5c-81d9-49f5f89fd079-groupManagement] INFO  util.AwaitToRun (AwaitToRun.java:start(81)) - Thread[524d5d09-8d9b-4f5c-81d9-49f5f89fd079@group-707C7D8C1CB0-cacheEviction-AwaitToRun,5,main] started
2024-04-29 10:04:46,297 [524d5d09-8d9b-4f5c-81d9-49f5f89fd079-groupManagement] INFO  segmented.SegmentedRaftLogWorker (SegmentedRaftLogWorker.java:<init>(182)) - new 524d5d09-8d9b-4f5c-81d9-49f5f89fd079@group-707C7D8C1CB0-SegmentedRaftLogWorker for RaftStorageImpl:Storage Directory /home/runner/work/ozone/ozone/hadoop-ozone/integration-test/target/test-dir/MiniOzoneClusterImpl-b6e902a5-721a-459f-a115-5ddcd789b87e/ozone-meta/datanode-3/ratis/3506122a-5bb7-4b44-8ee6-707c7d8c1cb0
2024-04-29 10:04:46,297 [524d5d09-8d9b-4f5c-81d9-49f5f89fd079-groupManagement] INFO  server.RaftServerConfigKeys (ConfUtils.java:logGet(46)) - raft.server.log.queue.byte-limit = 4294967296 (custom)
2024-04-29 10:04:46,297 [524d5d09-8d9b-4f5c-81d9-49f5f89fd079-groupManagement] INFO  server.RaftServerConfigKeys (ConfUtils.java:logGet(46)) - raft.server.log.queue.element-limit = 1024 (custom)
2024-04-29 10:04:46,297 [524d5d09-8d9b-4f5c-81d9-49f5f89fd079-groupManagement] INFO  server.RaftServerConfigKeys (ConfUtils.java:logGet(46)) - raft.server.log.segment.size.max = 67108864 (custom)
2024-04-29 10:04:46,297 [524d5d09-8d9b-4f5c-81d9-49f5f89fd079-groupManagement] INFO  server.RaftServerConfigKeys (ConfUtils.java:logGet(46)) - raft.server.log.preallocated.size = 4194304 (custom)
2024-04-29 10:04:46,297 [524d5d09-8d9b-4f5c-81d9-49f5f89fd079-groupManagement] INFO  server.RaftServerConfigKeys (ConfUtils.java:logGet(46)) - raft.server.log.force.sync.num = 128 (default)
2024-04-29 10:04:46,297 [524d5d09-8d9b-4f5c-81d9-49f5f89fd079-groupManagement] INFO  server.RaftServerConfigKeys (ConfUtils.java:logGet(46)) - raft.server.log.statemachine.data.sync = true (default)
2024-04-29 10:04:46,297 [524d5d09-8d9b-4f5c-81d9-49f5f89fd079-groupManagement] INFO  server.RaftServerConfigKeys (ConfUtils.java:logGet(46)) - raft.server.log.statemachine.data.sync.timeout = 10s (default)
2024-04-29 10:04:46,297 [524d5d09-8d9b-4f5c-81d9-49f5f89fd079-groupManagement] INFO  server.RaftServerConfigKeys (ConfUtils.java:logGet(46)) - raft.server.log.statemachine.data.sync.timeout.retry = 30 (custom)
2024-04-29 10:04:46,297 [524d5d09-8d9b-4f5c-81d9-49f5f89fd079-groupManagement] INFO  server.RaftServerConfigKeys (ConfUtils.java:logGet(46)) - raft.server.log.write.buffer.size = 8388616 (custom)
2024-04-29 10:04:46,299 [524d5d09-8d9b-4f5c-81d9-49f5f89fd079-groupManagement] INFO  server.RaftServerConfigKeys (ConfUtils.java:logGet(46)) - raft.server.log.appender.buffer.byte-limit = 8388608 (custom)
2024-04-29 10:04:46,299 [524d5d09-8d9b-4f5c-81d9-49f5f89fd079-groupManagement] INFO  server.RaftServerConfigKeys (ConfUtils.java:logGet(46)) - raft.server.log.unsafe-flush.enabled = false (default)
2024-04-29 10:04:46,299 [524d5d09-8d9b-4f5c-81d9-49f5f89fd079-groupManagement] INFO  server.RaftServerConfigKeys (ConfUtils.java:logGet(46)) - raft.server.log.async-flush.enabled = false (default)
2024-04-29 10:04:46,299 [524d5d09-8d9b-4f5c-81d9-49f5f89fd079-groupManagement] INFO  server.RaftServerConfigKeys (ConfUtils.java:logGet(46)) - raft.server.log.statemachine.data.caching.enabled = true (custom)
2024-04-29 10:04:46,299 [524d5d09-8d9b-4f5c-81d9-49f5f89fd079-groupManagement] INFO  segmented.SegmentedRaftLogWorker (SegmentedRaftLogWorker.java:lambda$new$0(134)) - 524d5d09-8d9b-4f5c-81d9-49f5f89fd079@group-707C7D8C1CB0-SegmentedRaftLogWorker: flushIndex: setUnconditionally 0 -> -1
2024-04-29 10:04:46,299 [524d5d09-8d9b-4f5c-81d9-49f5f89fd079-groupManagement] INFO  segmented.SegmentedRaftLogWorker (SegmentedRaftLogWorker.java:lambda$new$0(134)) - 524d5d09-8d9b-4f5c-81d9-49f5f89fd079@group-707C7D8C1CB0-SegmentedRaftLogWorker: safeCacheEvictIndex: setUnconditionally 0 -> -1
2024-04-29 10:04:46,299 [524d5d09-8d9b-4f5c-81d9-49f5f89fd079-groupManagement] INFO  server.RaftServer$Division (RaftServerImpl.java:start(396)) - 524d5d09-8d9b-4f5c-81d9-49f5f89fd079@group-707C7D8C1CB0: start as a follower, conf=-1: peers:[c8077c05-0c4c-4631-a89d-68bd8471aee8|127.0.0.1:15112, 524d5d09-8d9b-4f5c-81d9-49f5f89fd079|127.0.0.1:15121, 6d197fbd-467e-45ff-9898-42ed1c21d5d8|127.0.0.1:15103]|listeners:[], old=null
2024-04-29 10:04:46,299 [524d5d09-8d9b-4f5c-81d9-49f5f89fd079-groupManagement] INFO  server.RaftServer$Division (RaftServerImpl.java:setRole(383)) - 524d5d09-8d9b-4f5c-81d9-49f5f89fd079@group-707C7D8C1CB0: changes role from      null to FOLLOWER at term 0 for startAsFollower
2024-04-29 10:04:46,299 [524d5d09-8d9b-4f5c-81d9-49f5f89fd079-groupManagement] INFO  impl.RoleInfo (RoleInfo.java:updateAndGet(139)) - 524d5d09-8d9b-4f5c-81d9-49f5f89fd079: start 524d5d09-8d9b-4f5c-81d9-49f5f89fd079@group-707C7D8C1CB0-FollowerState
2024-04-29 10:04:46,299 [524d5d09-8d9b-4f5c-81d9-49f5f89fd079@group-707C7D8C1CB0-FollowerState] INFO  server.RaftServerConfigKeys (ConfUtils.java:logFallback(53)) - raft.server.rpc.first-election.timeout.min = 5s (fallback to raft.server.rpc.timeout.min)
2024-04-29 10:04:46,299 [524d5d09-8d9b-4f5c-81d9-49f5f89fd079-groupManagement] INFO  util.JmxRegister (JmxRegister.java:tryRegister(44)) - Successfully registered JMX Bean with object name Ratis:service=RaftServer,group=group-707C7D8C1CB0,id=524d5d09-8d9b-4f5c-81d9-49f5f89fd079
2024-04-29 10:04:46,300 [524d5d09-8d9b-4f5c-81d9-49f5f89fd079@group-707C7D8C1CB0-FollowerState] INFO  server.RaftServerConfigKeys (ConfUtils.java:logFallback(53)) - raft.server.rpc.first-election.timeout.max = 5200ms (fallback to raft.server.rpc.timeout.max)
2024-04-29 10:04:46,300 [524d5d09-8d9b-4f5c-81d9-49f5f89fd079-groupManagement] INFO  server.RaftServerConfigKeys (ConfUtils.java:logGet(46)) - raft.server.snapshot.trigger-when-stop.enabled = true (default)
2024-04-29 10:04:46,300 [524d5d09-8d9b-4f5c-81d9-49f5f89fd079-groupManagement] INFO  server.RaftServerConfigKeys (ConfUtils.java:logGet(46)) - raft.server.snapshot.auto.trigger.enabled = true (custom)
2024-04-29 10:04:46,300 [524d5d09-8d9b-4f5c-81d9-49f5f89fd079-groupManagement] INFO  server.RaftServerConfigKeys (ConfUtils.java:logGet(46)) - raft.server.snapshot.auto.trigger.threshold = 10000 (custom)
2024-04-29 10:04:46,300 [524d5d09-8d9b-4f5c-81d9-49f5f89fd079-groupManagement] INFO  server.RaftServerConfigKeys (ConfUtils.java:logGet(46)) - raft.server.snapshot.retention.file.num = 5 (custom)
2024-04-29 10:04:46,300 [524d5d09-8d9b-4f5c-81d9-49f5f89fd079-groupManagement] INFO  server.RaftServerConfigKeys (ConfUtils.java:logGet(46)) - raft.server.log.purge.upto.snapshot.index = false (default)
2024-04-29 10:04:46,314 [c8077c05-0c4c-4631-a89d-68bd8471aee8-PipelineCommandHandlerThread-0] INFO  server.RaftServer (RaftServerProxy.java:addNew(100)) - c8077c05-0c4c-4631-a89d-68bd8471aee8: addNew group-BC50B58969FA:[c8077c05-0c4c-4631-a89d-68bd8471aee8|127.0.0.1:15112] returns group-BC50B58969FA:java.util.concurrent.CompletableFuture@6f67d2a7[Not completed]
2024-04-29 10:04:46,318 [c8077c05-0c4c-4631-a89d-68bd8471aee8-groupManagement] INFO  server.RaftServer$Division (RaftServerImpl.java:<init>(256)) - c8077c05-0c4c-4631-a89d-68bd8471aee8: new RaftServerImpl for group-BC50B58969FA:[c8077c05-0c4c-4631-a89d-68bd8471aee8|127.0.0.1:15112] with ContainerStateMachine:uninitialized
2024-04-29 10:04:46,318 [c8077c05-0c4c-4631-a89d-68bd8471aee8-groupManagement] INFO  server.RaftServerConfigKeys (ConfUtils.java:logGet(46)) - raft.server.rpc.timeout.min = 5s (custom)
2024-04-29 10:04:46,318 [c8077c05-0c4c-4631-a89d-68bd8471aee8-groupManagement] INFO  server.RaftServerConfigKeys (ConfUtils.java:logGet(46)) - raft.server.rpc.timeout.max = 5200ms (custom)
2024-04-29 10:04:46,318 [c8077c05-0c4c-4631-a89d-68bd8471aee8-groupManagement] INFO  server.RaftServerConfigKeys (ConfUtils.java:logGet(46)) - raft.server.rpc.sleep.time = 25ms (default)
2024-04-29 10:04:46,318 [c8077c05-0c4c-4631-a89d-68bd8471aee8-groupManagement] INFO  server.RaftServerConfigKeys (ConfUtils.java:logGet(46)) - raft.server.rpc.slowness.timeout = 300000ms (custom)
2024-04-29 10:04:46,318 [c8077c05-0c4c-4631-a89d-68bd8471aee8-groupManagement] INFO  server.RaftServerConfigKeys (ConfUtils.java:logGet(46)) - raft.server.leaderelection.leader.step-down.wait-time = 10s (default)
2024-04-29 10:04:46,319 [c8077c05-0c4c-4631-a89d-68bd8471aee8-groupManagement] INFO  server.RaftServerConfigKeys (ConfUtils.java:logGet(46)) - raft.server.leaderelection.member.majority-add = false (default)
2024-04-29 10:04:46,319 [c8077c05-0c4c-4631-a89d-68bd8471aee8-groupManagement] INFO  server.RaftServerConfigKeys (ConfUtils.java:logGet(46)) - raft.server.sleep.deviation.threshold = 300ms (default)
2024-04-29 10:04:46,319 [c8077c05-0c4c-4631-a89d-68bd8471aee8-groupManagement] INFO  server.RaftServer$Division (ServerState.java:<init>(113)) - c8077c05-0c4c-4631-a89d-68bd8471aee8@group-BC50B58969FA: ConfigurationManager, init=-1: peers:[c8077c05-0c4c-4631-a89d-68bd8471aee8|127.0.0.1:15112]|listeners:[], old=null, confs=<EMPTY_MAP>
2024-04-29 10:04:46,319 [c8077c05-0c4c-4631-a89d-68bd8471aee8-groupManagement] INFO  server.RaftServerConfigKeys (ConfUtils.java:logGet(46)) - raft.server.notification.no-leader.timeout = 300000ms (custom)
2024-04-29 10:04:46,319 [c8077c05-0c4c-4631-a89d-68bd8471aee8-groupManagement] INFO  server.RaftServerConfigKeys (ConfUtils.java:logGet(46)) - raft.server.read.timeout = 10s (default)
2024-04-29 10:04:46,319 [c8077c05-0c4c-4631-a89d-68bd8471aee8-groupManagement] INFO  server.RaftServerConfigKeys (ConfUtils.java:logGet(46)) - raft.server.retrycache.expirytime = 600000ms (custom)
2024-04-29 10:04:46,319 [c8077c05-0c4c-4631-a89d-68bd8471aee8-groupManagement] INFO  server.RaftServerConfigKeys (ConfUtils.java:logGet(46)) - raft.server.retrycache.statistics.expirytime = 100ms (default)
2024-04-29 10:04:46,319 [c8077c05-0c4c-4631-a89d-68bd8471aee8-groupManagement] INFO  server.RaftServerConfigKeys (ConfUtils.java:logGet(46)) - raft.server.read.option = DEFAULT (default)
2024-04-29 10:04:46,319 [c8077c05-0c4c-4631-a89d-68bd8471aee8-groupManagement] INFO  server.RaftServerConfigKeys (ConfUtils.java:logGet(46)) - raft.server.read.read-after-write-consistent.write-index-cache.expiry-time = 60s (default)
2024-04-29 10:04:46,323 [c8077c05-0c4c-4631-a89d-68bd8471aee8-groupManagement] INFO  server.RaftServerConfigKeys (ConfUtils.java:logGet(46)) - raft.server.rpc.request.timeout = 3000ms (default)
2024-04-29 10:04:46,323 [c8077c05-0c4c-4631-a89d-68bd8471aee8-groupManagement] INFO  server.RaftServerConfigKeys (ConfUtils.java:logGet(46)) - raft.server.log.appender.install.snapshot.enabled = false (custom)
2024-04-29 10:04:46,323 [c8077c05-0c4c-4631-a89d-68bd8471aee8-groupManagement] INFO  server.RaftServerConfigKeys (ConfUtils.java:logGet(46)) - raft.server.threadpool.server.cached = true (default)
2024-04-29 10:04:46,323 [c8077c05-0c4c-4631-a89d-68bd8471aee8-groupManagement] INFO  server.RaftServerConfigKeys (ConfUtils.java:logGet(46)) - raft.server.threadpool.server.size = 0 (default)
2024-04-29 10:04:46,323 [c8077c05-0c4c-4631-a89d-68bd8471aee8-groupManagement] INFO  server.RaftServerConfigKeys (ConfUtils.java:logGet(46)) - raft.server.threadpool.client.cached = true (default)
2024-04-29 10:04:46,323 [c8077c05-0c4c-4631-a89d-68bd8471aee8-groupManagement] INFO  server.RaftServerConfigKeys (ConfUtils.java:logGet(46)) - raft.server.threadpool.client.size = 0 (default)
2024-04-29 10:04:46,323 [c8077c05-0c4c-4631-a89d-68bd8471aee8-groupManagement] INFO  server.RaftServerConfigKeys (ConfUtils.java:logGet(46)) - raft.server.storage.free-space.min = 0MB (=0) (default)
2024-04-29 10:04:46,324 [c8077c05-0c4c-4631-a89d-68bd8471aee8-groupManagement] INFO  server.RaftServerConfigKeys (ConfUtils.java:logGet(46)) - raft.server.log.corruption.policy = EXCEPTION (default)
2024-04-29 10:04:46,324 [c8077c05-0c4c-4631-a89d-68bd8471aee8-groupManagement] INFO  server.RaftServerConfigKeys (ConfUtils.java:logGet(46)) - raft.server.storage.dir = [/home/runner/work/ozone/ozone/hadoop-ozone/integration-test/target/test-dir/MiniOzoneClusterImpl-b6e902a5-721a-459f-a115-5ddcd789b87e/ozone-meta/datanode-2/ratis] (custom)
2024-04-29 10:04:46,324 [c8077c05-0c4c-4631-a89d-68bd8471aee8-groupManagement] INFO  storage.RaftStorageDirectory (RaftStorageDirectoryImpl.java:analyzeStorage(138)) - The storage directory /home/runner/work/ozone/ozone/hadoop-ozone/integration-test/target/test-dir/MiniOzoneClusterImpl-b6e902a5-721a-459f-a115-5ddcd789b87e/ozone-meta/datanode-2/ratis/3f79df81-a6ad-4f20-975c-bc50b58969fa does not exist. Creating ...
2024-04-29 10:04:46,324 [grpc-default-executor-0] INFO  server.RaftServer (RaftServerProxy.java:addNew(100)) - c8077c05-0c4c-4631-a89d-68bd8471aee8: addNew group-707C7D8C1CB0:[c8077c05-0c4c-4631-a89d-68bd8471aee8|127.0.0.1:15112, 524d5d09-8d9b-4f5c-81d9-49f5f89fd079|127.0.0.1:15121, 6d197fbd-467e-45ff-9898-42ed1c21d5d8|127.0.0.1:15103] returns group-707C7D8C1CB0:java.util.concurrent.CompletableFuture@399e2708[Not completed]
2024-04-29 10:04:46,325 [c8077c05-0c4c-4631-a89d-68bd8471aee8-groupManagement] INFO  storage.RaftStorageDirectory (RaftStorageDirectoryImpl.java:tryLock(228)) - Lock on /home/runner/work/ozone/ozone/hadoop-ozone/integration-test/target/test-dir/MiniOzoneClusterImpl-b6e902a5-721a-459f-a115-5ddcd789b87e/ozone-meta/datanode-2/ratis/3f79df81-a6ad-4f20-975c-bc50b58969fa/in_use.lock acquired by nodename 20825@fv-az913-54
2024-04-29 10:04:46,327 [c8077c05-0c4c-4631-a89d-68bd8471aee8-groupManagement] INFO  storage.RaftStorage (RaftStorageImpl.java:format(99)) - Storage directory /home/runner/work/ozone/ozone/hadoop-ozone/integration-test/target/test-dir/MiniOzoneClusterImpl-b6e902a5-721a-459f-a115-5ddcd789b87e/ozone-meta/datanode-2/ratis/3f79df81-a6ad-4f20-975c-bc50b58969fa has been successfully formatted.
2024-04-29 10:04:46,327 [c8077c05-0c4c-4631-a89d-68bd8471aee8-groupManagement] WARN  util.FileUtils (LogUtils.java:supplyAndLog(63)) - Failed to Files.newInputStream /home/runner/work/ozone/ozone/hadoop-ozone/integration-test/target/test-dir/MiniOzoneClusterImpl-b6e902a5-721a-459f-a115-5ddcd789b87e/ozone-meta/datanode-2/ratis/3f79df81-a6ad-4f20-975c-bc50b58969fa/current/raft-meta.conf with options []: java.nio.file.NoSuchFileException: /home/runner/work/ozone/ozone/hadoop-ozone/integration-test/target/test-dir/MiniOzoneClusterImpl-b6e902a5-721a-459f-a115-5ddcd789b87e/ozone-meta/datanode-2/ratis/3f79df81-a6ad-4f20-975c-bc50b58969fa/current/raft-meta.conf
2024-04-29 10:04:46,328 [c8077c05-0c4c-4631-a89d-68bd8471aee8-groupManagement] INFO  ratis.ContainerStateMachine (ContainerStateMachine.java:loadSnapshot(287)) - group-BC50B58969FA: The snapshot info is null. Setting the last applied index to:(t:0, i:~)
2024-04-29 10:04:46,328 [c8077c05-0c4c-4631-a89d-68bd8471aee8-groupManagement] INFO  server.RaftServerConfigKeys (ConfUtils.java:logGet(46)) - raft.server.log.use.memory = false (default)
2024-04-29 10:04:46,329 [EventQueue-PipelineReportForPipelineReportHandler] INFO  pipeline.PipelineReportHandler (PipelineReportHandler.java:processPipelineReport(136)) - Opened pipeline PipelineID=3f79df81-a6ad-4f20-975c-bc50b58969fa
2024-04-29 10:04:46,329 [EventQueue-OpenPipelineForHealthyPipelineSafeModeRule] INFO  safemode.SCMSafeModeManager (HealthyPipelineSafeModeRule.java:process(140)) - SCM in safe mode. Healthy pipelines reported count is 0, required healthy pipeline reported count is 1
2024-04-29 10:04:46,330 [c8077c05-0c4c-4631-a89d-68bd8471aee8-groupManagement] INFO  server.RaftServerConfigKeys (ConfUtils.java:logGet(46)) - raft.server.log.purge.gap = 1000000 (custom)
2024-04-29 10:04:46,330 [c8077c05-0c4c-4631-a89d-68bd8471aee8-groupManagement] INFO  server.RaftServerConfigKeys (ConfUtils.java:logGet(46)) - raft.server.log.appender.buffer.byte-limit = 8388608 (custom)
2024-04-29 10:04:46,330 [c8077c05-0c4c-4631-a89d-68bd8471aee8-groupManagement] INFO  server.RaftServerConfigKeys (ConfUtils.java:logGet(46)) - raft.server.log.statemachine.data.read.timeout = 1000ms (default)
2024-04-29 10:04:46,331 [c8077c05-0c4c-4631-a89d-68bd8471aee8-groupManagement] INFO  server.RaftServerConfigKeys (ConfUtils.java:logGet(46)) - raft.server.log.purge.preservation.log.num = 0 (default)
2024-04-29 10:04:46,332 [c8077c05-0c4c-4631-a89d-68bd8471aee8-groupManagement] INFO  server.RaftServerConfigKeys (ConfUtils.java:logGet(46)) - raft.server.log.segment.size.max = 67108864 (custom)
2024-04-29 10:04:46,333 [c8077c05-0c4c-4631-a89d-68bd8471aee8-groupManagement] INFO  server.RaftServerConfigKeys (ConfUtils.java:logGet(46)) - raft.server.log.segment.cache.num.max = 2 (custom)
2024-04-29 10:04:46,333 [c8077c05-0c4c-4631-a89d-68bd8471aee8-groupManagement] INFO  server.RaftServerConfigKeys (ConfUtils.java:logGet(46)) - raft.server.log.segment.cache.size.max = 200MB (=209715200) (default)
2024-04-29 10:04:46,334 [c8077c05-0c4c-4631-a89d-68bd8471aee8-groupManagement] INFO  server.RaftServerConfigKeys (ConfUtils.java:logGet(46)) - raft.server.log.appender.buffer.byte-limit = 8388608 (custom)
2024-04-29 10:04:46,334 [c8077c05-0c4c-4631-a89d-68bd8471aee8-groupManagement] INFO  util.AwaitToRun (AwaitToRun.java:start(81)) - Thread[c8077c05-0c4c-4631-a89d-68bd8471aee8@group-BC50B58969FA-cacheEviction-AwaitToRun,5,main] started
2024-04-29 10:04:46,334 [c8077c05-0c4c-4631-a89d-68bd8471aee8-groupManagement] INFO  segmented.SegmentedRaftLogWorker (SegmentedRaftLogWorker.java:<init>(182)) - new c8077c05-0c4c-4631-a89d-68bd8471aee8@group-BC50B58969FA-SegmentedRaftLogWorker for RaftStorageImpl:Storage Directory /home/runner/work/ozone/ozone/hadoop-ozone/integration-test/target/test-dir/MiniOzoneClusterImpl-b6e902a5-721a-459f-a115-5ddcd789b87e/ozone-meta/datanode-2/ratis/3f79df81-a6ad-4f20-975c-bc50b58969fa
2024-04-29 10:04:46,335 [c8077c05-0c4c-4631-a89d-68bd8471aee8-groupManagement] INFO  server.RaftServerConfigKeys (ConfUtils.java:logGet(46)) - raft.server.log.queue.byte-limit = 4294967296 (custom)
2024-04-29 10:04:46,335 [c8077c05-0c4c-4631-a89d-68bd8471aee8-groupManagement] INFO  server.RaftServerConfigKeys (ConfUtils.java:logGet(46)) - raft.server.log.queue.element-limit = 1024 (custom)
2024-04-29 10:04:46,335 [c8077c05-0c4c-4631-a89d-68bd8471aee8-groupManagement] INFO  server.RaftServerConfigKeys (ConfUtils.java:logGet(46)) - raft.server.log.segment.size.max = 67108864 (custom)
2024-04-29 10:04:46,335 [c8077c05-0c4c-4631-a89d-68bd8471aee8-groupManagement] INFO  server.RaftServerConfigKeys (ConfUtils.java:logGet(46)) - raft.server.log.preallocated.size = 4194304 (custom)
2024-04-29 10:04:46,336 [c8077c05-0c4c-4631-a89d-68bd8471aee8-groupManagement] INFO  server.RaftServerConfigKeys (ConfUtils.java:logGet(46)) - raft.server.log.force.sync.num = 128 (default)
2024-04-29 10:04:46,336 [c8077c05-0c4c-4631-a89d-68bd8471aee8-groupManagement] INFO  server.RaftServerConfigKeys (ConfUtils.java:logGet(46)) - raft.server.log.statemachine.data.sync = true (default)
2024-04-29 10:04:46,336 [c8077c05-0c4c-4631-a89d-68bd8471aee8-groupManagement] INFO  server.RaftServerConfigKeys (ConfUtils.java:logGet(46)) - raft.server.log.statemachine.data.sync.timeout = 10s (default)
2024-04-29 10:04:46,337 [c8077c05-0c4c-4631-a89d-68bd8471aee8-groupManagement] INFO  server.RaftServerConfigKeys (ConfUtils.java:logGet(46)) - raft.server.log.statemachine.data.sync.timeout.retry = 30 (custom)
2024-04-29 10:04:46,337 [c8077c05-0c4c-4631-a89d-68bd8471aee8-groupManagement] INFO  server.RaftServerConfigKeys (ConfUtils.java:logGet(46)) - raft.server.log.write.buffer.size = 8388616 (custom)
2024-04-29 10:04:46,339 [c8077c05-0c4c-4631-a89d-68bd8471aee8-groupManagement] INFO  server.RaftServerConfigKeys (ConfUtils.java:logGet(46)) - raft.server.log.appender.buffer.byte-limit = 8388608 (custom)
2024-04-29 10:04:46,339 [c8077c05-0c4c-4631-a89d-68bd8471aee8-groupManagement] INFO  server.RaftServerConfigKeys (ConfUtils.java:logGet(46)) - raft.server.log.unsafe-flush.enabled = false (default)
2024-04-29 10:04:46,340 [c8077c05-0c4c-4631-a89d-68bd8471aee8-groupManagement] INFO  server.RaftServerConfigKeys (ConfUtils.java:logGet(46)) - raft.server.log.async-flush.enabled = false (default)
2024-04-29 10:04:46,340 [c8077c05-0c4c-4631-a89d-68bd8471aee8-groupManagement] INFO  server.RaftServerConfigKeys (ConfUtils.java:logGet(46)) - raft.server.log.statemachine.data.caching.enabled = true (custom)
2024-04-29 10:04:46,340 [c8077c05-0c4c-4631-a89d-68bd8471aee8-groupManagement] INFO  segmented.SegmentedRaftLogWorker (SegmentedRaftLogWorker.java:lambda$new$0(134)) - c8077c05-0c4c-4631-a89d-68bd8471aee8@group-BC50B58969FA-SegmentedRaftLogWorker: flushIndex: setUnconditionally 0 -> -1
2024-04-29 10:04:46,341 [c8077c05-0c4c-4631-a89d-68bd8471aee8-groupManagement] INFO  segmented.SegmentedRaftLogWorker (SegmentedRaftLogWorker.java:lambda$new$0(134)) - c8077c05-0c4c-4631-a89d-68bd8471aee8@group-BC50B58969FA-SegmentedRaftLogWorker: safeCacheEvictIndex: setUnconditionally 0 -> -1
2024-04-29 10:04:46,341 [c8077c05-0c4c-4631-a89d-68bd8471aee8-groupManagement] INFO  server.RaftServer$Division (RaftServerImpl.java:start(396)) - c8077c05-0c4c-4631-a89d-68bd8471aee8@group-BC50B58969FA: start as a follower, conf=-1: peers:[c8077c05-0c4c-4631-a89d-68bd8471aee8|127.0.0.1:15112]|listeners:[], old=null
2024-04-29 10:04:46,341 [c8077c05-0c4c-4631-a89d-68bd8471aee8-groupManagement] INFO  server.RaftServer$Division (RaftServerImpl.java:setRole(383)) - c8077c05-0c4c-4631-a89d-68bd8471aee8@group-BC50B58969FA: changes role from      null to FOLLOWER at term 0 for startAsFollower
2024-04-29 10:04:46,341 [c8077c05-0c4c-4631-a89d-68bd8471aee8-groupManagement] INFO  impl.RoleInfo (RoleInfo.java:updateAndGet(139)) - c8077c05-0c4c-4631-a89d-68bd8471aee8: start c8077c05-0c4c-4631-a89d-68bd8471aee8@group-BC50B58969FA-FollowerState
2024-04-29 10:04:46,342 [c8077c05-0c4c-4631-a89d-68bd8471aee8@group-BC50B58969FA-FollowerState] INFO  server.RaftServerConfigKeys (ConfUtils.java:logFallback(53)) - raft.server.rpc.first-election.timeout.min = 5s (fallback to raft.server.rpc.timeout.min)
2024-04-29 10:04:46,342 [c8077c05-0c4c-4631-a89d-68bd8471aee8@group-BC50B58969FA-FollowerState] INFO  server.RaftServerConfigKeys (ConfUtils.java:logFallback(53)) - raft.server.rpc.first-election.timeout.max = 5200ms (fallback to raft.server.rpc.timeout.max)
2024-04-29 10:04:46,342 [c8077c05-0c4c-4631-a89d-68bd8471aee8-groupManagement] INFO  util.JmxRegister (JmxRegister.java:tryRegister(44)) - Successfully registered JMX Bean with object name Ratis:service=RaftServer,group=group-BC50B58969FA,id=c8077c05-0c4c-4631-a89d-68bd8471aee8
2024-04-29 10:04:46,343 [c8077c05-0c4c-4631-a89d-68bd8471aee8-groupManagement] INFO  server.RaftServerConfigKeys (ConfUtils.java:logGet(46)) - raft.server.snapshot.trigger-when-stop.enabled = true (default)
2024-04-29 10:04:46,343 [c8077c05-0c4c-4631-a89d-68bd8471aee8-groupManagement] INFO  server.RaftServerConfigKeys (ConfUtils.java:logGet(46)) - raft.server.snapshot.auto.trigger.enabled = true (custom)
2024-04-29 10:04:46,343 [c8077c05-0c4c-4631-a89d-68bd8471aee8-groupManagement] INFO  server.RaftServerConfigKeys (ConfUtils.java:logGet(46)) - raft.server.snapshot.auto.trigger.threshold = 10000 (custom)
2024-04-29 10:04:46,343 [c8077c05-0c4c-4631-a89d-68bd8471aee8-groupManagement] INFO  server.RaftServerConfigKeys (ConfUtils.java:logGet(46)) - raft.server.snapshot.retention.file.num = 5 (custom)
2024-04-29 10:04:46,343 [c8077c05-0c4c-4631-a89d-68bd8471aee8-groupManagement] INFO  server.RaftServerConfigKeys (ConfUtils.java:logGet(46)) - raft.server.log.purge.upto.snapshot.index = false (default)
2024-04-29 10:04:46,344 [c8077c05-0c4c-4631-a89d-68bd8471aee8-PipelineCommandHandlerThread-0] INFO  ratis.XceiverServerRatis (XceiverServerRatis.java:addGroup(864)) - Created group PipelineID=3f79df81-a6ad-4f20-975c-bc50b58969fa
2024-04-29 10:04:46,344 [c8077c05-0c4c-4631-a89d-68bd8471aee8-PipelineCommandHandlerThread-0] INFO  commandhandler.CreatePipelineCommandHandler (CreatePipelineCommandHandler.java:lambda$handle$2(124)) - Created Pipeline RATIS ONE PipelineID=3f79df81-a6ad-4f20-975c-bc50b58969fa.
2024-04-29 10:04:46,345 [c8077c05-0c4c-4631-a89d-68bd8471aee8-groupManagement] INFO  server.RaftServer$Division (RaftServerImpl.java:<init>(256)) - c8077c05-0c4c-4631-a89d-68bd8471aee8: new RaftServerImpl for group-707C7D8C1CB0:[c8077c05-0c4c-4631-a89d-68bd8471aee8|127.0.0.1:15112, 524d5d09-8d9b-4f5c-81d9-49f5f89fd079|127.0.0.1:15121, 6d197fbd-467e-45ff-9898-42ed1c21d5d8|127.0.0.1:15103] with ContainerStateMachine:uninitialized
2024-04-29 10:04:46,345 [c8077c05-0c4c-4631-a89d-68bd8471aee8-groupManagement] INFO  server.RaftServerConfigKeys (ConfUtils.java:logGet(46)) - raft.server.rpc.timeout.min = 5s (custom)
2024-04-29 10:04:46,345 [c8077c05-0c4c-4631-a89d-68bd8471aee8-groupManagement] INFO  server.RaftServerConfigKeys (ConfUtils.java:logGet(46)) - raft.server.rpc.timeout.max = 5200ms (custom)
2024-04-29 10:04:46,345 [c8077c05-0c4c-4631-a89d-68bd8471aee8-groupManagement] INFO  server.RaftServerConfigKeys (ConfUtils.java:logGet(46)) - raft.server.rpc.sleep.time = 25ms (default)
2024-04-29 10:04:46,345 [c8077c05-0c4c-4631-a89d-68bd8471aee8-groupManagement] INFO  server.RaftServerConfigKeys (ConfUtils.java:logGet(46)) - raft.server.rpc.slowness.timeout = 300000ms (custom)
2024-04-29 10:04:46,345 [c8077c05-0c4c-4631-a89d-68bd8471aee8-groupManagement] INFO  server.RaftServerConfigKeys (ConfUtils.java:logGet(46)) - raft.server.leaderelection.leader.step-down.wait-time = 10s (default)
2024-04-29 10:04:46,345 [c8077c05-0c4c-4631-a89d-68bd8471aee8-groupManagement] INFO  server.RaftServerConfigKeys (ConfUtils.java:logGet(46)) - raft.server.leaderelection.member.majority-add = false (default)
2024-04-29 10:04:46,345 [c8077c05-0c4c-4631-a89d-68bd8471aee8-groupManagement] INFO  server.RaftServerConfigKeys (ConfUtils.java:logGet(46)) - raft.server.sleep.deviation.threshold = 300ms (default)
2024-04-29 10:04:46,345 [c8077c05-0c4c-4631-a89d-68bd8471aee8-groupManagement] INFO  server.RaftServer$Division (ServerState.java:<init>(113)) - c8077c05-0c4c-4631-a89d-68bd8471aee8@group-707C7D8C1CB0: ConfigurationManager, init=-1: peers:[c8077c05-0c4c-4631-a89d-68bd8471aee8|127.0.0.1:15112, 524d5d09-8d9b-4f5c-81d9-49f5f89fd079|127.0.0.1:15121, 6d197fbd-467e-45ff-9898-42ed1c21d5d8|127.0.0.1:15103]|listeners:[], old=null, confs=<EMPTY_MAP>
2024-04-29 10:04:46,345 [c8077c05-0c4c-4631-a89d-68bd8471aee8-groupManagement] INFO  server.RaftServerConfigKeys (ConfUtils.java:logGet(46)) - raft.server.notification.no-leader.timeout = 300000ms (custom)
2024-04-29 10:04:46,345 [c8077c05-0c4c-4631-a89d-68bd8471aee8-groupManagement] INFO  server.RaftServerConfigKeys (ConfUtils.java:logGet(46)) - raft.server.read.timeout = 10s (default)
2024-04-29 10:04:46,345 [c8077c05-0c4c-4631-a89d-68bd8471aee8-groupManagement] INFO  server.RaftServerConfigKeys (ConfUtils.java:logGet(46)) - raft.server.retrycache.expirytime = 600000ms (custom)
2024-04-29 10:04:46,345 [c8077c05-0c4c-4631-a89d-68bd8471aee8-groupManagement] INFO  server.RaftServerConfigKeys (ConfUtils.java:logGet(46)) - raft.server.retrycache.statistics.expirytime = 100ms (default)
2024-04-29 10:04:46,345 [c8077c05-0c4c-4631-a89d-68bd8471aee8-groupManagement] INFO  server.RaftServerConfigKeys (ConfUtils.java:logGet(46)) - raft.server.read.option = DEFAULT (default)
2024-04-29 10:04:46,345 [c8077c05-0c4c-4631-a89d-68bd8471aee8-groupManagement] INFO  server.RaftServerConfigKeys (ConfUtils.java:logGet(46)) - raft.server.read.read-after-write-consistent.write-index-cache.expiry-time = 60s (default)
2024-04-29 10:04:46,348 [c8077c05-0c4c-4631-a89d-68bd8471aee8-groupManagement] INFO  server.RaftServerConfigKeys (ConfUtils.java:logGet(46)) - raft.server.rpc.request.timeout = 3000ms (default)
2024-04-29 10:04:46,348 [c8077c05-0c4c-4631-a89d-68bd8471aee8-groupManagement] INFO  server.RaftServerConfigKeys (ConfUtils.java:logGet(46)) - raft.server.log.appender.install.snapshot.enabled = false (custom)
2024-04-29 10:04:46,348 [c8077c05-0c4c-4631-a89d-68bd8471aee8-groupManagement] INFO  server.RaftServerConfigKeys (ConfUtils.java:logGet(46)) - raft.server.threadpool.server.cached = true (default)
2024-04-29 10:04:46,348 [c8077c05-0c4c-4631-a89d-68bd8471aee8-groupManagement] INFO  server.RaftServerConfigKeys (ConfUtils.java:logGet(46)) - raft.server.threadpool.server.size = 0 (default)
2024-04-29 10:04:46,348 [c8077c05-0c4c-4631-a89d-68bd8471aee8-groupManagement] INFO  server.RaftServerConfigKeys (ConfUtils.java:logGet(46)) - raft.server.threadpool.client.cached = true (default)
2024-04-29 10:04:46,348 [c8077c05-0c4c-4631-a89d-68bd8471aee8-groupManagement] INFO  server.RaftServerConfigKeys (ConfUtils.java:logGet(46)) - raft.server.threadpool.client.size = 0 (default)
2024-04-29 10:04:46,348 [c8077c05-0c4c-4631-a89d-68bd8471aee8-groupManagement] INFO  server.RaftServerConfigKeys (ConfUtils.java:logGet(46)) - raft.server.storage.free-space.min = 0MB (=0) (default)
2024-04-29 10:04:46,348 [c8077c05-0c4c-4631-a89d-68bd8471aee8-groupManagement] INFO  server.RaftServerConfigKeys (ConfUtils.java:logGet(46)) - raft.server.log.corruption.policy = EXCEPTION (default)
2024-04-29 10:04:46,348 [c8077c05-0c4c-4631-a89d-68bd8471aee8-groupManagement] INFO  server.RaftServerConfigKeys (ConfUtils.java:logGet(46)) - raft.server.storage.dir = [/home/runner/work/ozone/ozone/hadoop-ozone/integration-test/target/test-dir/MiniOzoneClusterImpl-b6e902a5-721a-459f-a115-5ddcd789b87e/ozone-meta/datanode-2/ratis] (custom)
2024-04-29 10:04:46,349 [c8077c05-0c4c-4631-a89d-68bd8471aee8-groupManagement] INFO  storage.RaftStorageDirectory (RaftStorageDirectoryImpl.java:analyzeStorage(138)) - The storage directory /home/runner/work/ozone/ozone/hadoop-ozone/integration-test/target/test-dir/MiniOzoneClusterImpl-b6e902a5-721a-459f-a115-5ddcd789b87e/ozone-meta/datanode-2/ratis/3506122a-5bb7-4b44-8ee6-707c7d8c1cb0 does not exist. Creating ...
2024-04-29 10:04:46,350 [c8077c05-0c4c-4631-a89d-68bd8471aee8-groupManagement] INFO  storage.RaftStorageDirectory (RaftStorageDirectoryImpl.java:tryLock(228)) - Lock on /home/runner/work/ozone/ozone/hadoop-ozone/integration-test/target/test-dir/MiniOzoneClusterImpl-b6e902a5-721a-459f-a115-5ddcd789b87e/ozone-meta/datanode-2/ratis/3506122a-5bb7-4b44-8ee6-707c7d8c1cb0/in_use.lock acquired by nodename 20825@fv-az913-54
2024-04-29 10:04:46,352 [c8077c05-0c4c-4631-a89d-68bd8471aee8-groupManagement] INFO  storage.RaftStorage (RaftStorageImpl.java:format(99)) - Storage directory /home/runner/work/ozone/ozone/hadoop-ozone/integration-test/target/test-dir/MiniOzoneClusterImpl-b6e902a5-721a-459f-a115-5ddcd789b87e/ozone-meta/datanode-2/ratis/3506122a-5bb7-4b44-8ee6-707c7d8c1cb0 has been successfully formatted.
2024-04-29 10:04:46,352 [c8077c05-0c4c-4631-a89d-68bd8471aee8-groupManagement] WARN  util.FileUtils (LogUtils.java:supplyAndLog(63)) - Failed to Files.newInputStream /home/runner/work/ozone/ozone/hadoop-ozone/integration-test/target/test-dir/MiniOzoneClusterImpl-b6e902a5-721a-459f-a115-5ddcd789b87e/ozone-meta/datanode-2/ratis/3506122a-5bb7-4b44-8ee6-707c7d8c1cb0/current/raft-meta.conf with options []: java.nio.file.NoSuchFileException: /home/runner/work/ozone/ozone/hadoop-ozone/integration-test/target/test-dir/MiniOzoneClusterImpl-b6e902a5-721a-459f-a115-5ddcd789b87e/ozone-meta/datanode-2/ratis/3506122a-5bb7-4b44-8ee6-707c7d8c1cb0/current/raft-meta.conf
2024-04-29 10:04:46,352 [c8077c05-0c4c-4631-a89d-68bd8471aee8-groupManagement] INFO  ratis.ContainerStateMachine (ContainerStateMachine.java:loadSnapshot(287)) - group-707C7D8C1CB0: The snapshot info is null. Setting the last applied index to:(t:0, i:~)
2024-04-29 10:04:46,353 [c8077c05-0c4c-4631-a89d-68bd8471aee8-groupManagement] INFO  server.RaftServerConfigKeys (ConfUtils.java:logGet(46)) - raft.server.log.use.memory = false (default)
2024-04-29 10:04:46,353 [c8077c05-0c4c-4631-a89d-68bd8471aee8-groupManagement] INFO  server.RaftServerConfigKeys (ConfUtils.java:logGet(46)) - raft.server.log.purge.gap = 1000000 (custom)
2024-04-29 10:04:46,354 [EventQueue-OpenPipelineForHealthyPipelineSafeModeRule] INFO  safemode.SCMSafeModeManager (HealthyPipelineSafeModeRule.java:process(140)) - SCM in safe mode. Healthy pipelines reported count is 0, required healthy pipeline reported count is 1
2024-04-29 10:04:46,354 [c8077c05-0c4c-4631-a89d-68bd8471aee8-groupManagement] INFO  server.RaftServerConfigKeys (ConfUtils.java:logGet(46)) - raft.server.log.appender.buffer.byte-limit = 8388608 (custom)
2024-04-29 10:04:46,355 [c8077c05-0c4c-4631-a89d-68bd8471aee8-groupManagement] INFO  server.RaftServerConfigKeys (ConfUtils.java:logGet(46)) - raft.server.log.statemachine.data.read.timeout = 1000ms (default)
2024-04-29 10:04:46,355 [c8077c05-0c4c-4631-a89d-68bd8471aee8-groupManagement] INFO  server.RaftServerConfigKeys (ConfUtils.java:logGet(46)) - raft.server.log.purge.preservation.log.num = 0 (default)
2024-04-29 10:04:46,357 [c8077c05-0c4c-4631-a89d-68bd8471aee8-groupManagement] INFO  server.RaftServerConfigKeys (ConfUtils.java:logGet(46)) - raft.server.log.segment.size.max = 67108864 (custom)
2024-04-29 10:04:46,358 [c8077c05-0c4c-4631-a89d-68bd8471aee8-groupManagement] INFO  server.RaftServerConfigKeys (ConfUtils.java:logGet(46)) - raft.server.log.segment.cache.num.max = 2 (custom)
2024-04-29 10:04:46,358 [c8077c05-0c4c-4631-a89d-68bd8471aee8-groupManagement] INFO  server.RaftServerConfigKeys (ConfUtils.java:logGet(46)) - raft.server.log.segment.cache.size.max = 200MB (=209715200) (default)
2024-04-29 10:04:46,358 [c8077c05-0c4c-4631-a89d-68bd8471aee8-groupManagement] INFO  server.RaftServerConfigKeys (ConfUtils.java:logGet(46)) - raft.server.log.appender.buffer.byte-limit = 8388608 (custom)
2024-04-29 10:04:46,359 [c8077c05-0c4c-4631-a89d-68bd8471aee8-groupManagement] INFO  util.AwaitToRun (AwaitToRun.java:start(81)) - Thread[c8077c05-0c4c-4631-a89d-68bd8471aee8@group-707C7D8C1CB0-cacheEviction-AwaitToRun,5,main] started
2024-04-29 10:04:46,359 [c8077c05-0c4c-4631-a89d-68bd8471aee8-groupManagement] INFO  segmented.SegmentedRaftLogWorker (SegmentedRaftLogWorker.java:<init>(182)) - new c8077c05-0c4c-4631-a89d-68bd8471aee8@group-707C7D8C1CB0-SegmentedRaftLogWorker for RaftStorageImpl:Storage Directory /home/runner/work/ozone/ozone/hadoop-ozone/integration-test/target/test-dir/MiniOzoneClusterImpl-b6e902a5-721a-459f-a115-5ddcd789b87e/ozone-meta/datanode-2/ratis/3506122a-5bb7-4b44-8ee6-707c7d8c1cb0
2024-04-29 10:04:46,359 [c8077c05-0c4c-4631-a89d-68bd8471aee8-groupManagement] INFO  server.RaftServerConfigKeys (ConfUtils.java:logGet(46)) - raft.server.log.queue.byte-limit = 4294967296 (custom)
2024-04-29 10:04:46,360 [c8077c05-0c4c-4631-a89d-68bd8471aee8-groupManagement] INFO  server.RaftServerConfigKeys (ConfUtils.java:logGet(46)) - raft.server.log.queue.element-limit = 1024 (custom)
2024-04-29 10:04:46,360 [c8077c05-0c4c-4631-a89d-68bd8471aee8-groupManagement] INFO  server.RaftServerConfigKeys (ConfUtils.java:logGet(46)) - raft.server.log.segment.size.max = 67108864 (custom)
2024-04-29 10:04:46,360 [c8077c05-0c4c-4631-a89d-68bd8471aee8-groupManagement] INFO  server.RaftServerConfigKeys (ConfUtils.java:logGet(46)) - raft.server.log.preallocated.size = 4194304 (custom)
2024-04-29 10:04:46,360 [c8077c05-0c4c-4631-a89d-68bd8471aee8-groupManagement] INFO  server.RaftServerConfigKeys (ConfUtils.java:logGet(46)) - raft.server.log.force.sync.num = 128 (default)
2024-04-29 10:04:46,361 [c8077c05-0c4c-4631-a89d-68bd8471aee8-groupManagement] INFO  server.RaftServerConfigKeys (ConfUtils.java:logGet(46)) - raft.server.log.statemachine.data.sync = true (default)
2024-04-29 10:04:46,361 [c8077c05-0c4c-4631-a89d-68bd8471aee8-groupManagement] INFO  server.RaftServerConfigKeys (ConfUtils.java:logGet(46)) - raft.server.log.statemachine.data.sync.timeout = 10s (default)
2024-04-29 10:04:46,361 [c8077c05-0c4c-4631-a89d-68bd8471aee8-groupManagement] INFO  server.RaftServerConfigKeys (ConfUtils.java:logGet(46)) - raft.server.log.statemachine.data.sync.timeout.retry = 30 (custom)
2024-04-29 10:04:46,362 [c8077c05-0c4c-4631-a89d-68bd8471aee8-groupManagement] INFO  server.RaftServerConfigKeys (ConfUtils.java:logGet(46)) - raft.server.log.write.buffer.size = 8388616 (custom)
2024-04-29 10:04:46,364 [c8077c05-0c4c-4631-a89d-68bd8471aee8-groupManagement] INFO  server.RaftServerConfigKeys (ConfUtils.java:logGet(46)) - raft.server.log.appender.buffer.byte-limit = 8388608 (custom)
2024-04-29 10:04:46,364 [c8077c05-0c4c-4631-a89d-68bd8471aee8-groupManagement] INFO  server.RaftServerConfigKeys (ConfUtils.java:logGet(46)) - raft.server.log.unsafe-flush.enabled = false (default)
2024-04-29 10:04:46,364 [c8077c05-0c4c-4631-a89d-68bd8471aee8-groupManagement] INFO  server.RaftServerConfigKeys (ConfUtils.java:logGet(46)) - raft.server.log.async-flush.enabled = false (default)
2024-04-29 10:04:46,365 [c8077c05-0c4c-4631-a89d-68bd8471aee8-groupManagement] INFO  server.RaftServerConfigKeys (ConfUtils.java:logGet(46)) - raft.server.log.statemachine.data.caching.enabled = true (custom)
2024-04-29 10:04:46,365 [c8077c05-0c4c-4631-a89d-68bd8471aee8-groupManagement] INFO  segmented.SegmentedRaftLogWorker (SegmentedRaftLogWorker.java:lambda$new$0(134)) - c8077c05-0c4c-4631-a89d-68bd8471aee8@group-707C7D8C1CB0-SegmentedRaftLogWorker: flushIndex: setUnconditionally 0 -> -1
2024-04-29 10:04:46,365 [c8077c05-0c4c-4631-a89d-68bd8471aee8-groupManagement] INFO  segmented.SegmentedRaftLogWorker (SegmentedRaftLogWorker.java:lambda$new$0(134)) - c8077c05-0c4c-4631-a89d-68bd8471aee8@group-707C7D8C1CB0-SegmentedRaftLogWorker: safeCacheEvictIndex: setUnconditionally 0 -> -1
2024-04-29 10:04:46,366 [c8077c05-0c4c-4631-a89d-68bd8471aee8-groupManagement] INFO  server.RaftServer$Division (RaftServerImpl.java:start(396)) - c8077c05-0c4c-4631-a89d-68bd8471aee8@group-707C7D8C1CB0: start as a follower, conf=-1: peers:[c8077c05-0c4c-4631-a89d-68bd8471aee8|127.0.0.1:15112, 524d5d09-8d9b-4f5c-81d9-49f5f89fd079|127.0.0.1:15121, 6d197fbd-467e-45ff-9898-42ed1c21d5d8|127.0.0.1:15103]|listeners:[], old=null
2024-04-29 10:04:46,366 [c8077c05-0c4c-4631-a89d-68bd8471aee8-groupManagement] INFO  server.RaftServer$Division (RaftServerImpl.java:setRole(383)) - c8077c05-0c4c-4631-a89d-68bd8471aee8@group-707C7D8C1CB0: changes role from      null to FOLLOWER at term 0 for startAsFollower
2024-04-29 10:04:46,366 [c8077c05-0c4c-4631-a89d-68bd8471aee8-groupManagement] INFO  impl.RoleInfo (RoleInfo.java:updateAndGet(139)) - c8077c05-0c4c-4631-a89d-68bd8471aee8: start c8077c05-0c4c-4631-a89d-68bd8471aee8@group-707C7D8C1CB0-FollowerState
2024-04-29 10:04:46,367 [c8077c05-0c4c-4631-a89d-68bd8471aee8@group-707C7D8C1CB0-FollowerState] INFO  server.RaftServerConfigKeys (ConfUtils.java:logFallback(53)) - raft.server.rpc.first-election.timeout.min = 5s (fallback to raft.server.rpc.timeout.min)
2024-04-29 10:04:46,367 [c8077c05-0c4c-4631-a89d-68bd8471aee8@group-707C7D8C1CB0-FollowerState] INFO  server.RaftServerConfigKeys (ConfUtils.java:logFallback(53)) - raft.server.rpc.first-election.timeout.max = 5200ms (fallback to raft.server.rpc.timeout.max)
2024-04-29 10:04:46,367 [c8077c05-0c4c-4631-a89d-68bd8471aee8-groupManagement] INFO  util.JmxRegister (JmxRegister.java:tryRegister(44)) - Successfully registered JMX Bean with object name Ratis:service=RaftServer,group=group-707C7D8C1CB0,id=c8077c05-0c4c-4631-a89d-68bd8471aee8
2024-04-29 10:04:46,368 [c8077c05-0c4c-4631-a89d-68bd8471aee8-groupManagement] INFO  server.RaftServerConfigKeys (ConfUtils.java:logGet(46)) - raft.server.snapshot.trigger-when-stop.enabled = true (default)
2024-04-29 10:04:46,368 [c8077c05-0c4c-4631-a89d-68bd8471aee8-groupManagement] INFO  server.RaftServerConfigKeys (ConfUtils.java:logGet(46)) - raft.server.snapshot.auto.trigger.enabled = true (custom)
2024-04-29 10:04:46,368 [c8077c05-0c4c-4631-a89d-68bd8471aee8-groupManagement] INFO  server.RaftServerConfigKeys (ConfUtils.java:logGet(46)) - raft.server.snapshot.auto.trigger.threshold = 10000 (custom)
2024-04-29 10:04:46,369 [c8077c05-0c4c-4631-a89d-68bd8471aee8-groupManagement] INFO  server.RaftServerConfigKeys (ConfUtils.java:logGet(46)) - raft.server.snapshot.retention.file.num = 5 (custom)
2024-04-29 10:04:46,369 [c8077c05-0c4c-4631-a89d-68bd8471aee8-groupManagement] INFO  server.RaftServerConfigKeys (ConfUtils.java:logGet(46)) - raft.server.log.purge.upto.snapshot.index = false (default)
2024-04-29 10:04:46,373 [6d197fbd-467e-45ff-9898-42ed1c21d5d8-PipelineCommandHandlerThread-0] INFO  commandhandler.CreatePipelineCommandHandler (CreatePipelineCommandHandler.java:lambda$handle$2(124)) - Created Pipeline RATIS THREE PipelineID=3506122a-5bb7-4b44-8ee6-707c7d8c1cb0.
2024-04-29 10:04:46,406 [524d5d09-8d9b-4f5c-81d9-49f5f89fd079-PipelineCommandHandlerThread-0] INFO  server.RaftServer (RaftServerProxy.java:addNew(100)) - 524d5d09-8d9b-4f5c-81d9-49f5f89fd079: addNew group-8DDF3E719ADC:[524d5d09-8d9b-4f5c-81d9-49f5f89fd079|127.0.0.1:15121] returns group-8DDF3E719ADC:java.util.concurrent.CompletableFuture@60b667be[Not completed]
2024-04-29 10:04:46,406 [524d5d09-8d9b-4f5c-81d9-49f5f89fd079-groupManagement] INFO  server.RaftServer$Division (RaftServerImpl.java:<init>(256)) - 524d5d09-8d9b-4f5c-81d9-49f5f89fd079: new RaftServerImpl for group-8DDF3E719ADC:[524d5d09-8d9b-4f5c-81d9-49f5f89fd079|127.0.0.1:15121] with ContainerStateMachine:uninitialized
2024-04-29 10:04:46,406 [524d5d09-8d9b-4f5c-81d9-49f5f89fd079-groupManagement] INFO  server.RaftServerConfigKeys (ConfUtils.java:logGet(46)) - raft.server.rpc.timeout.min = 5s (custom)
2024-04-29 10:04:46,407 [524d5d09-8d9b-4f5c-81d9-49f5f89fd079-groupManagement] INFO  server.RaftServerConfigKeys (ConfUtils.java:logGet(46)) - raft.server.rpc.timeout.max = 5200ms (custom)
2024-04-29 10:04:46,407 [524d5d09-8d9b-4f5c-81d9-49f5f89fd079-groupManagement] INFO  server.RaftServerConfigKeys (ConfUtils.java:logGet(46)) - raft.server.rpc.sleep.time = 25ms (default)
2024-04-29 10:04:46,407 [524d5d09-8d9b-4f5c-81d9-49f5f89fd079-groupManagement] INFO  server.RaftServerConfigKeys (ConfUtils.java:logGet(46)) - raft.server.rpc.slowness.timeout = 300000ms (custom)
2024-04-29 10:04:46,407 [524d5d09-8d9b-4f5c-81d9-49f5f89fd079-groupManagement] INFO  server.RaftServerConfigKeys (ConfUtils.java:logGet(46)) - raft.server.leaderelection.leader.step-down.wait-time = 10s (default)
2024-04-29 10:04:46,407 [524d5d09-8d9b-4f5c-81d9-49f5f89fd079-groupManagement] INFO  server.RaftServerConfigKeys (ConfUtils.java:logGet(46)) - raft.server.leaderelection.member.majority-add = false (default)
2024-04-29 10:04:46,407 [524d5d09-8d9b-4f5c-81d9-49f5f89fd079-groupManagement] INFO  server.RaftServerConfigKeys (ConfUtils.java:logGet(46)) - raft.server.sleep.deviation.threshold = 300ms (default)
2024-04-29 10:04:46,407 [524d5d09-8d9b-4f5c-81d9-49f5f89fd079-groupManagement] INFO  server.RaftServer$Division (ServerState.java:<init>(113)) - 524d5d09-8d9b-4f5c-81d9-49f5f89fd079@group-8DDF3E719ADC: ConfigurationManager, init=-1: peers:[524d5d09-8d9b-4f5c-81d9-49f5f89fd079|127.0.0.1:15121]|listeners:[], old=null, confs=<EMPTY_MAP>
2024-04-29 10:04:46,407 [524d5d09-8d9b-4f5c-81d9-49f5f89fd079-groupManagement] INFO  server.RaftServerConfigKeys (ConfUtils.java:logGet(46)) - raft.server.notification.no-leader.timeout = 300000ms (custom)
2024-04-29 10:04:46,407 [524d5d09-8d9b-4f5c-81d9-49f5f89fd079-groupManagement] INFO  server.RaftServerConfigKeys (ConfUtils.java:logGet(46)) - raft.server.read.timeout = 10s (default)
2024-04-29 10:04:46,407 [524d5d09-8d9b-4f5c-81d9-49f5f89fd079-groupManagement] INFO  server.RaftServerConfigKeys (ConfUtils.java:logGet(46)) - raft.server.retrycache.expirytime = 600000ms (custom)
2024-04-29 10:04:46,407 [524d5d09-8d9b-4f5c-81d9-49f5f89fd079-groupManagement] INFO  server.RaftServerConfigKeys (ConfUtils.java:logGet(46)) - raft.server.retrycache.statistics.expirytime = 100ms (default)
2024-04-29 10:04:46,407 [524d5d09-8d9b-4f5c-81d9-49f5f89fd079-groupManagement] INFO  server.RaftServerConfigKeys (ConfUtils.java:logGet(46)) - raft.server.read.option = DEFAULT (default)
2024-04-29 10:04:46,407 [524d5d09-8d9b-4f5c-81d9-49f5f89fd079-groupManagement] INFO  server.RaftServerConfigKeys (ConfUtils.java:logGet(46)) - raft.server.read.read-after-write-consistent.write-index-cache.expiry-time = 60s (default)
2024-04-29 10:04:46,409 [524d5d09-8d9b-4f5c-81d9-49f5f89fd079-groupManagement] INFO  server.RaftServerConfigKeys (ConfUtils.java:logGet(46)) - raft.server.rpc.request.timeout = 3000ms (default)
2024-04-29 10:04:46,409 [524d5d09-8d9b-4f5c-81d9-49f5f89fd079-groupManagement] INFO  server.RaftServerConfigKeys (ConfUtils.java:logGet(46)) - raft.server.log.appender.install.snapshot.enabled = false (custom)
2024-04-29 10:04:46,409 [524d5d09-8d9b-4f5c-81d9-49f5f89fd079-groupManagement] INFO  server.RaftServerConfigKeys (ConfUtils.java:logGet(46)) - raft.server.threadpool.server.cached = true (default)
2024-04-29 10:04:46,409 [524d5d09-8d9b-4f5c-81d9-49f5f89fd079-groupManagement] INFO  server.RaftServerConfigKeys (ConfUtils.java:logGet(46)) - raft.server.threadpool.server.size = 0 (default)
2024-04-29 10:04:46,409 [524d5d09-8d9b-4f5c-81d9-49f5f89fd079-groupManagement] INFO  server.RaftServerConfigKeys (ConfUtils.java:logGet(46)) - raft.server.threadpool.client.cached = true (default)
2024-04-29 10:04:46,410 [524d5d09-8d9b-4f5c-81d9-49f5f89fd079-groupManagement] INFO  server.RaftServerConfigKeys (ConfUtils.java:logGet(46)) - raft.server.threadpool.client.size = 0 (default)
2024-04-29 10:04:46,410 [524d5d09-8d9b-4f5c-81d9-49f5f89fd079-groupManagement] INFO  server.RaftServerConfigKeys (ConfUtils.java:logGet(46)) - raft.server.storage.free-space.min = 0MB (=0) (default)
2024-04-29 10:04:46,410 [524d5d09-8d9b-4f5c-81d9-49f5f89fd079-groupManagement] INFO  server.RaftServerConfigKeys (ConfUtils.java:logGet(46)) - raft.server.log.corruption.policy = EXCEPTION (default)
2024-04-29 10:04:46,410 [524d5d09-8d9b-4f5c-81d9-49f5f89fd079-groupManagement] INFO  server.RaftServerConfigKeys (ConfUtils.java:logGet(46)) - raft.server.storage.dir = [/home/runner/work/ozone/ozone/hadoop-ozone/integration-test/target/test-dir/MiniOzoneClusterImpl-b6e902a5-721a-459f-a115-5ddcd789b87e/ozone-meta/datanode-3/ratis] (custom)
2024-04-29 10:04:46,410 [524d5d09-8d9b-4f5c-81d9-49f5f89fd079-groupManagement] INFO  storage.RaftStorageDirectory (RaftStorageDirectoryImpl.java:analyzeStorage(138)) - The storage directory /home/runner/work/ozone/ozone/hadoop-ozone/integration-test/target/test-dir/MiniOzoneClusterImpl-b6e902a5-721a-459f-a115-5ddcd789b87e/ozone-meta/datanode-3/ratis/f2b8199d-b2d0-4350-bcf0-8ddf3e719adc does not exist. Creating ...
2024-04-29 10:04:46,411 [524d5d09-8d9b-4f5c-81d9-49f5f89fd079-groupManagement] INFO  storage.RaftStorageDirectory (RaftStorageDirectoryImpl.java:tryLock(228)) - Lock on /home/runner/work/ozone/ozone/hadoop-ozone/integration-test/target/test-dir/MiniOzoneClusterImpl-b6e902a5-721a-459f-a115-5ddcd789b87e/ozone-meta/datanode-3/ratis/f2b8199d-b2d0-4350-bcf0-8ddf3e719adc/in_use.lock acquired by nodename 20825@fv-az913-54
2024-04-29 10:04:46,412 [524d5d09-8d9b-4f5c-81d9-49f5f89fd079-groupManagement] INFO  storage.RaftStorage (RaftStorageImpl.java:format(99)) - Storage directory /home/runner/work/ozone/ozone/hadoop-ozone/integration-test/target/test-dir/MiniOzoneClusterImpl-b6e902a5-721a-459f-a115-5ddcd789b87e/ozone-meta/datanode-3/ratis/f2b8199d-b2d0-4350-bcf0-8ddf3e719adc has been successfully formatted.
2024-04-29 10:04:46,412 [524d5d09-8d9b-4f5c-81d9-49f5f89fd079-groupManagement] WARN  util.FileUtils (LogUtils.java:supplyAndLog(63)) - Failed to Files.newInputStream /home/runner/work/ozone/ozone/hadoop-ozone/integration-test/target/test-dir/MiniOzoneClusterImpl-b6e902a5-721a-459f-a115-5ddcd789b87e/ozone-meta/datanode-3/ratis/f2b8199d-b2d0-4350-bcf0-8ddf3e719adc/current/raft-meta.conf with options []: java.nio.file.NoSuchFileException: /home/runner/work/ozone/ozone/hadoop-ozone/integration-test/target/test-dir/MiniOzoneClusterImpl-b6e902a5-721a-459f-a115-5ddcd789b87e/ozone-meta/datanode-3/ratis/f2b8199d-b2d0-4350-bcf0-8ddf3e719adc/current/raft-meta.conf
2024-04-29 10:04:46,412 [524d5d09-8d9b-4f5c-81d9-49f5f89fd079-groupManagement] INFO  ratis.ContainerStateMachine (ContainerStateMachine.java:loadSnapshot(287)) - group-8DDF3E719ADC: The snapshot info is null. Setting the last applied index to:(t:0, i:~)
2024-04-29 10:04:46,412 [524d5d09-8d9b-4f5c-81d9-49f5f89fd079-groupManagement] INFO  server.RaftServerConfigKeys (ConfUtils.java:logGet(46)) - raft.server.log.use.memory = false (default)
2024-04-29 10:04:46,412 [524d5d09-8d9b-4f5c-81d9-49f5f89fd079-groupManagement] INFO  server.RaftServerConfigKeys (ConfUtils.java:logGet(46)) - raft.server.log.purge.gap = 1000000 (custom)
2024-04-29 10:04:46,412 [524d5d09-8d9b-4f5c-81d9-49f5f89fd079-groupManagement] INFO  server.RaftServerConfigKeys (ConfUtils.java:logGet(46)) - raft.server.log.appender.buffer.byte-limit = 8388608 (custom)
2024-04-29 10:04:46,412 [524d5d09-8d9b-4f5c-81d9-49f5f89fd079-groupManagement] INFO  server.RaftServerConfigKeys (ConfUtils.java:logGet(46)) - raft.server.log.statemachine.data.read.timeout = 1000ms (default)
2024-04-29 10:04:46,412 [524d5d09-8d9b-4f5c-81d9-49f5f89fd079-groupManagement] INFO  server.RaftServerConfigKeys (ConfUtils.java:logGet(46)) - raft.server.log.purge.preservation.log.num = 0 (default)
2024-04-29 10:04:46,414 [EventQueue-PipelineReportForPipelineReportHandler] INFO  pipeline.PipelineReportHandler (PipelineReportHandler.java:processPipelineReport(136)) - Opened pipeline PipelineID=f2b8199d-b2d0-4350-bcf0-8ddf3e719adc
2024-04-29 10:04:46,414 [EventQueue-OpenPipelineForHealthyPipelineSafeModeRule] INFO  safemode.SCMSafeModeManager (HealthyPipelineSafeModeRule.java:process(140)) - SCM in safe mode. Healthy pipelines reported count is 0, required healthy pipeline reported count is 1
2024-04-29 10:04:46,415 [524d5d09-8d9b-4f5c-81d9-49f5f89fd079-groupManagement] INFO  server.RaftServerConfigKeys (ConfUtils.java:logGet(46)) - raft.server.log.segment.size.max = 67108864 (custom)
2024-04-29 10:04:46,415 [524d5d09-8d9b-4f5c-81d9-49f5f89fd079-groupManagement] INFO  server.RaftServerConfigKeys (ConfUtils.java:logGet(46)) - raft.server.log.segment.cache.num.max = 2 (custom)
2024-04-29 10:04:46,415 [524d5d09-8d9b-4f5c-81d9-49f5f89fd079-groupManagement] INFO  server.RaftServerConfigKeys (ConfUtils.java:logGet(46)) - raft.server.log.segment.cache.size.max = 200MB (=209715200) (default)
2024-04-29 10:04:46,415 [524d5d09-8d9b-4f5c-81d9-49f5f89fd079-groupManagement] INFO  server.RaftServerConfigKeys (ConfUtils.java:logGet(46)) - raft.server.log.appender.buffer.byte-limit = 8388608 (custom)
2024-04-29 10:04:46,415 [524d5d09-8d9b-4f5c-81d9-49f5f89fd079-groupManagement] INFO  util.AwaitToRun (AwaitToRun.java:start(81)) - Thread[524d5d09-8d9b-4f5c-81d9-49f5f89fd079@group-8DDF3E719ADC-cacheEviction-AwaitToRun,5,main] started
2024-04-29 10:04:46,415 [524d5d09-8d9b-4f5c-81d9-49f5f89fd079-groupManagement] INFO  segmented.SegmentedRaftLogWorker (SegmentedRaftLogWorker.java:<init>(182)) - new 524d5d09-8d9b-4f5c-81d9-49f5f89fd079@group-8DDF3E719ADC-SegmentedRaftLogWorker for RaftStorageImpl:Storage Directory /home/runner/work/ozone/ozone/hadoop-ozone/integration-test/target/test-dir/MiniOzoneClusterImpl-b6e902a5-721a-459f-a115-5ddcd789b87e/ozone-meta/datanode-3/ratis/f2b8199d-b2d0-4350-bcf0-8ddf3e719adc
2024-04-29 10:04:46,415 [524d5d09-8d9b-4f5c-81d9-49f5f89fd079-groupManagement] INFO  server.RaftServerConfigKeys (ConfUtils.java:logGet(46)) - raft.server.log.queue.byte-limit = 4294967296 (custom)
2024-04-29 10:04:46,415 [524d5d09-8d9b-4f5c-81d9-49f5f89fd079-groupManagement] INFO  server.RaftServerConfigKeys (ConfUtils.java:logGet(46)) - raft.server.log.queue.element-limit = 1024 (custom)
2024-04-29 10:04:46,415 [524d5d09-8d9b-4f5c-81d9-49f5f89fd079-groupManagement] INFO  server.RaftServerConfigKeys (ConfUtils.java:logGet(46)) - raft.server.log.segment.size.max = 67108864 (custom)
2024-04-29 10:04:46,415 [524d5d09-8d9b-4f5c-81d9-49f5f89fd079-groupManagement] INFO  server.RaftServerConfigKeys (ConfUtils.java:logGet(46)) - raft.server.log.preallocated.size = 4194304 (custom)
2024-04-29 10:04:46,416 [524d5d09-8d9b-4f5c-81d9-49f5f89fd079-groupManagement] INFO  server.RaftServerConfigKeys (ConfUtils.java:logGet(46)) - raft.server.log.force.sync.num = 128 (default)
2024-04-29 10:04:46,416 [524d5d09-8d9b-4f5c-81d9-49f5f89fd079-groupManagement] INFO  server.RaftServerConfigKeys (ConfUtils.java:logGet(46)) - raft.server.log.statemachine.data.sync = true (default)
2024-04-29 10:04:46,416 [524d5d09-8d9b-4f5c-81d9-49f5f89fd079-groupManagement] INFO  server.RaftServerConfigKeys (ConfUtils.java:logGet(46)) - raft.server.log.statemachine.data.sync.timeout = 10s (default)
2024-04-29 10:04:46,416 [524d5d09-8d9b-4f5c-81d9-49f5f89fd079-groupManagement] INFO  server.RaftServerConfigKeys (ConfUtils.java:logGet(46)) - raft.server.log.statemachine.data.sync.timeout.retry = 30 (custom)
2024-04-29 10:04:46,416 [524d5d09-8d9b-4f5c-81d9-49f5f89fd079-groupManagement] INFO  server.RaftServerConfigKeys (ConfUtils.java:logGet(46)) - raft.server.log.write.buffer.size = 8388616 (custom)
2024-04-29 10:04:46,417 [524d5d09-8d9b-4f5c-81d9-49f5f89fd079-groupManagement] INFO  server.RaftServerConfigKeys (ConfUtils.java:logGet(46)) - raft.server.log.appender.buffer.byte-limit = 8388608 (custom)
2024-04-29 10:04:46,417 [524d5d09-8d9b-4f5c-81d9-49f5f89fd079-groupManagement] INFO  server.RaftServerConfigKeys (ConfUtils.java:logGet(46)) - raft.server.log.unsafe-flush.enabled = false (default)
2024-04-29 10:04:46,417 [524d5d09-8d9b-4f5c-81d9-49f5f89fd079-groupManagement] INFO  server.RaftServerConfigKeys (ConfUtils.java:logGet(46)) - raft.server.log.async-flush.enabled = false (default)
2024-04-29 10:04:46,417 [524d5d09-8d9b-4f5c-81d9-49f5f89fd079-groupManagement] INFO  server.RaftServerConfigKeys (ConfUtils.java:logGet(46)) - raft.server.log.statemachine.data.caching.enabled = true (custom)
2024-04-29 10:04:46,417 [524d5d09-8d9b-4f5c-81d9-49f5f89fd079-groupManagement] INFO  segmented.SegmentedRaftLogWorker (SegmentedRaftLogWorker.java:lambda$new$0(134)) - 524d5d09-8d9b-4f5c-81d9-49f5f89fd079@group-8DDF3E719ADC-SegmentedRaftLogWorker: flushIndex: setUnconditionally 0 -> -1
2024-04-29 10:04:46,417 [524d5d09-8d9b-4f5c-81d9-49f5f89fd079-groupManagement] INFO  segmented.SegmentedRaftLogWorker (SegmentedRaftLogWorker.java:lambda$new$0(134)) - 524d5d09-8d9b-4f5c-81d9-49f5f89fd079@group-8DDF3E719ADC-SegmentedRaftLogWorker: safeCacheEvictIndex: setUnconditionally 0 -> -1
2024-04-29 10:04:46,418 [524d5d09-8d9b-4f5c-81d9-49f5f89fd079-groupManagement] INFO  server.RaftServer$Division (RaftServerImpl.java:start(396)) - 524d5d09-8d9b-4f5c-81d9-49f5f89fd079@group-8DDF3E719ADC: start as a follower, conf=-1: peers:[524d5d09-8d9b-4f5c-81d9-49f5f89fd079|127.0.0.1:15121]|listeners:[], old=null
2024-04-29 10:04:46,418 [524d5d09-8d9b-4f5c-81d9-49f5f89fd079-groupManagement] INFO  server.RaftServer$Division (RaftServerImpl.java:setRole(383)) - 524d5d09-8d9b-4f5c-81d9-49f5f89fd079@group-8DDF3E719ADC: changes role from      null to FOLLOWER at term 0 for startAsFollower
2024-04-29 10:04:46,418 [524d5d09-8d9b-4f5c-81d9-49f5f89fd079-groupManagement] INFO  impl.RoleInfo (RoleInfo.java:updateAndGet(139)) - 524d5d09-8d9b-4f5c-81d9-49f5f89fd079: start 524d5d09-8d9b-4f5c-81d9-49f5f89fd079@group-8DDF3E719ADC-FollowerState
2024-04-29 10:04:46,418 [524d5d09-8d9b-4f5c-81d9-49f5f89fd079@group-8DDF3E719ADC-FollowerState] INFO  server.RaftServerConfigKeys (ConfUtils.java:logFallback(53)) - raft.server.rpc.first-election.timeout.min = 5s (fallback to raft.server.rpc.timeout.min)
2024-04-29 10:04:46,418 [524d5d09-8d9b-4f5c-81d9-49f5f89fd079-groupManagement] INFO  util.JmxRegister (JmxRegister.java:tryRegister(44)) - Successfully registered JMX Bean with object name Ratis:service=RaftServer,group=group-8DDF3E719ADC,id=524d5d09-8d9b-4f5c-81d9-49f5f89fd079
2024-04-29 10:04:46,418 [524d5d09-8d9b-4f5c-81d9-49f5f89fd079-groupManagement] INFO  server.RaftServerConfigKeys (ConfUtils.java:logGet(46)) - raft.server.snapshot.trigger-when-stop.enabled = true (default)
2024-04-29 10:04:46,418 [524d5d09-8d9b-4f5c-81d9-49f5f89fd079-groupManagement] INFO  server.RaftServerConfigKeys (ConfUtils.java:logGet(46)) - raft.server.snapshot.auto.trigger.enabled = true (custom)
2024-04-29 10:04:46,418 [524d5d09-8d9b-4f5c-81d9-49f5f89fd079-groupManagement] INFO  server.RaftServerConfigKeys (ConfUtils.java:logGet(46)) - raft.server.snapshot.auto.trigger.threshold = 10000 (custom)
2024-04-29 10:04:46,418 [524d5d09-8d9b-4f5c-81d9-49f5f89fd079-groupManagement] INFO  server.RaftServerConfigKeys (ConfUtils.java:logGet(46)) - raft.server.snapshot.retention.file.num = 5 (custom)
2024-04-29 10:04:46,418 [524d5d09-8d9b-4f5c-81d9-49f5f89fd079-groupManagement] INFO  server.RaftServerConfigKeys (ConfUtils.java:logGet(46)) - raft.server.log.purge.upto.snapshot.index = false (default)
2024-04-29 10:04:46,418 [524d5d09-8d9b-4f5c-81d9-49f5f89fd079@group-8DDF3E719ADC-FollowerState] INFO  server.RaftServerConfigKeys (ConfUtils.java:logFallback(53)) - raft.server.rpc.first-election.timeout.max = 5200ms (fallback to raft.server.rpc.timeout.max)
2024-04-29 10:04:46,419 [524d5d09-8d9b-4f5c-81d9-49f5f89fd079-PipelineCommandHandlerThread-0] INFO  ratis.XceiverServerRatis (XceiverServerRatis.java:addGroup(864)) - Created group PipelineID=f2b8199d-b2d0-4350-bcf0-8ddf3e719adc
2024-04-29 10:04:46,419 [524d5d09-8d9b-4f5c-81d9-49f5f89fd079-PipelineCommandHandlerThread-0] INFO  commandhandler.CreatePipelineCommandHandler (CreatePipelineCommandHandler.java:lambda$handle$2(124)) - Created Pipeline RATIS ONE PipelineID=f2b8199d-b2d0-4350-bcf0-8ddf3e719adc.
2024-04-29 10:04:46,482 [5831c0ab-0161-4108-a889-4f6b2f65c3d1-PipelineCommandHandlerThread-0] INFO  server.RaftServer (RaftServerProxy.java:addNew(100)) - 5831c0ab-0161-4108-a889-4f6b2f65c3d1: addNew group-D0C2D53E75A9:[5831c0ab-0161-4108-a889-4f6b2f65c3d1|127.0.0.1:15130] returns group-D0C2D53E75A9:java.util.concurrent.CompletableFuture@bcc1c39[Not completed]
2024-04-29 10:04:46,482 [5831c0ab-0161-4108-a889-4f6b2f65c3d1-groupManagement] INFO  server.RaftServer$Division (RaftServerImpl.java:<init>(256)) - 5831c0ab-0161-4108-a889-4f6b2f65c3d1: new RaftServerImpl for group-D0C2D53E75A9:[5831c0ab-0161-4108-a889-4f6b2f65c3d1|127.0.0.1:15130] with ContainerStateMachine:uninitialized
2024-04-29 10:04:46,483 [5831c0ab-0161-4108-a889-4f6b2f65c3d1-groupManagement] INFO  server.RaftServerConfigKeys (ConfUtils.java:logGet(46)) - raft.server.rpc.timeout.min = 5s (custom)
2024-04-29 10:04:46,483 [5831c0ab-0161-4108-a889-4f6b2f65c3d1-groupManagement] INFO  server.RaftServerConfigKeys (ConfUtils.java:logGet(46)) - raft.server.rpc.timeout.max = 5200ms (custom)
2024-04-29 10:04:46,483 [5831c0ab-0161-4108-a889-4f6b2f65c3d1-groupManagement] INFO  server.RaftServerConfigKeys (ConfUtils.java:logGet(46)) - raft.server.rpc.sleep.time = 25ms (default)
2024-04-29 10:04:46,483 [5831c0ab-0161-4108-a889-4f6b2f65c3d1-groupManagement] INFO  server.RaftServerConfigKeys (ConfUtils.java:logGet(46)) - raft.server.rpc.slowness.timeout = 300000ms (custom)
2024-04-29 10:04:46,483 [5831c0ab-0161-4108-a889-4f6b2f65c3d1-groupManagement] INFO  server.RaftServerConfigKeys (ConfUtils.java:logGet(46)) - raft.server.leaderelection.leader.step-down.wait-time = 10s (default)
2024-04-29 10:04:46,483 [5831c0ab-0161-4108-a889-4f6b2f65c3d1-groupManagement] INFO  server.RaftServerConfigKeys (ConfUtils.java:logGet(46)) - raft.server.leaderelection.member.majority-add = false (default)
2024-04-29 10:04:46,483 [5831c0ab-0161-4108-a889-4f6b2f65c3d1-groupManagement] INFO  server.RaftServerConfigKeys (ConfUtils.java:logGet(46)) - raft.server.sleep.deviation.threshold = 300ms (default)
2024-04-29 10:04:46,483 [5831c0ab-0161-4108-a889-4f6b2f65c3d1-groupManagement] INFO  server.RaftServer$Division (ServerState.java:<init>(113)) - 5831c0ab-0161-4108-a889-4f6b2f65c3d1@group-D0C2D53E75A9: ConfigurationManager, init=-1: peers:[5831c0ab-0161-4108-a889-4f6b2f65c3d1|127.0.0.1:15130]|listeners:[], old=null, confs=<EMPTY_MAP>
2024-04-29 10:04:46,483 [5831c0ab-0161-4108-a889-4f6b2f65c3d1-groupManagement] INFO  server.RaftServerConfigKeys (ConfUtils.java:logGet(46)) - raft.server.notification.no-leader.timeout = 300000ms (custom)
2024-04-29 10:04:46,483 [5831c0ab-0161-4108-a889-4f6b2f65c3d1-groupManagement] INFO  server.RaftServerConfigKeys (ConfUtils.java:logGet(46)) - raft.server.read.timeout = 10s (default)
2024-04-29 10:04:46,483 [5831c0ab-0161-4108-a889-4f6b2f65c3d1-groupManagement] INFO  server.RaftServerConfigKeys (ConfUtils.java:logGet(46)) - raft.server.retrycache.expirytime = 600000ms (custom)
2024-04-29 10:04:46,483 [5831c0ab-0161-4108-a889-4f6b2f65c3d1-groupManagement] INFO  server.RaftServerConfigKeys (ConfUtils.java:logGet(46)) - raft.server.retrycache.statistics.expirytime = 100ms (default)
2024-04-29 10:04:46,483 [5831c0ab-0161-4108-a889-4f6b2f65c3d1-groupManagement] INFO  server.RaftServerConfigKeys (ConfUtils.java:logGet(46)) - raft.server.read.option = DEFAULT (default)
2024-04-29 10:04:46,483 [5831c0ab-0161-4108-a889-4f6b2f65c3d1-groupManagement] INFO  server.RaftServerConfigKeys (ConfUtils.java:logGet(46)) - raft.server.read.read-after-write-consistent.write-index-cache.expiry-time = 60s (default)
2024-04-29 10:04:46,486 [5831c0ab-0161-4108-a889-4f6b2f65c3d1-groupManagement] INFO  server.RaftServerConfigKeys (ConfUtils.java:logGet(46)) - raft.server.rpc.request.timeout = 3000ms (default)
2024-04-29 10:04:46,486 [5831c0ab-0161-4108-a889-4f6b2f65c3d1-groupManagement] INFO  server.RaftServerConfigKeys (ConfUtils.java:logGet(46)) - raft.server.log.appender.install.snapshot.enabled = false (custom)
2024-04-29 10:04:46,486 [5831c0ab-0161-4108-a889-4f6b2f65c3d1-groupManagement] INFO  server.RaftServerConfigKeys (ConfUtils.java:logGet(46)) - raft.server.threadpool.server.cached = true (default)
2024-04-29 10:04:46,486 [5831c0ab-0161-4108-a889-4f6b2f65c3d1-groupManagement] INFO  server.RaftServerConfigKeys (ConfUtils.java:logGet(46)) - raft.server.threadpool.server.size = 0 (default)
2024-04-29 10:04:46,486 [5831c0ab-0161-4108-a889-4f6b2f65c3d1-groupManagement] INFO  server.RaftServerConfigKeys (ConfUtils.java:logGet(46)) - raft.server.threadpool.client.cached = true (default)
2024-04-29 10:04:46,486 [5831c0ab-0161-4108-a889-4f6b2f65c3d1-groupManagement] INFO  server.RaftServerConfigKeys (ConfUtils.java:logGet(46)) - raft.server.threadpool.client.size = 0 (default)
2024-04-29 10:04:46,486 [5831c0ab-0161-4108-a889-4f6b2f65c3d1-groupManagement] INFO  server.RaftServerConfigKeys (ConfUtils.java:logGet(46)) - raft.server.storage.free-space.min = 0MB (=0) (default)
2024-04-29 10:04:46,486 [5831c0ab-0161-4108-a889-4f6b2f65c3d1-groupManagement] INFO  server.RaftServerConfigKeys (ConfUtils.java:logGet(46)) - raft.server.log.corruption.policy = EXCEPTION (default)
2024-04-29 10:04:46,487 [5831c0ab-0161-4108-a889-4f6b2f65c3d1-groupManagement] INFO  server.RaftServerConfigKeys (ConfUtils.java:logGet(46)) - raft.server.storage.dir = [/home/runner/work/ozone/ozone/hadoop-ozone/integration-test/target/test-dir/MiniOzoneClusterImpl-b6e902a5-721a-459f-a115-5ddcd789b87e/ozone-meta/datanode-4/ratis] (custom)
2024-04-29 10:04:46,487 [5831c0ab-0161-4108-a889-4f6b2f65c3d1-groupManagement] INFO  storage.RaftStorageDirectory (RaftStorageDirectoryImpl.java:analyzeStorage(138)) - The storage directory /home/runner/work/ozone/ozone/hadoop-ozone/integration-test/target/test-dir/MiniOzoneClusterImpl-b6e902a5-721a-459f-a115-5ddcd789b87e/ozone-meta/datanode-4/ratis/de666822-7cef-4f47-9ab4-d0c2d53e75a9 does not exist. Creating ...
2024-04-29 10:04:46,488 [5831c0ab-0161-4108-a889-4f6b2f65c3d1-groupManagement] INFO  storage.RaftStorageDirectory (RaftStorageDirectoryImpl.java:tryLock(228)) - Lock on /home/runner/work/ozone/ozone/hadoop-ozone/integration-test/target/test-dir/MiniOzoneClusterImpl-b6e902a5-721a-459f-a115-5ddcd789b87e/ozone-meta/datanode-4/ratis/de666822-7cef-4f47-9ab4-d0c2d53e75a9/in_use.lock acquired by nodename 20825@fv-az913-54
2024-04-29 10:04:46,489 [5831c0ab-0161-4108-a889-4f6b2f65c3d1-groupManagement] INFO  storage.RaftStorage (RaftStorageImpl.java:format(99)) - Storage directory /home/runner/work/ozone/ozone/hadoop-ozone/integration-test/target/test-dir/MiniOzoneClusterImpl-b6e902a5-721a-459f-a115-5ddcd789b87e/ozone-meta/datanode-4/ratis/de666822-7cef-4f47-9ab4-d0c2d53e75a9 has been successfully formatted.
2024-04-29 10:04:46,489 [5831c0ab-0161-4108-a889-4f6b2f65c3d1-groupManagement] WARN  util.FileUtils (LogUtils.java:supplyAndLog(63)) - Failed to Files.newInputStream /home/runner/work/ozone/ozone/hadoop-ozone/integration-test/target/test-dir/MiniOzoneClusterImpl-b6e902a5-721a-459f-a115-5ddcd789b87e/ozone-meta/datanode-4/ratis/de666822-7cef-4f47-9ab4-d0c2d53e75a9/current/raft-meta.conf with options []: java.nio.file.NoSuchFileException: /home/runner/work/ozone/ozone/hadoop-ozone/integration-test/target/test-dir/MiniOzoneClusterImpl-b6e902a5-721a-459f-a115-5ddcd789b87e/ozone-meta/datanode-4/ratis/de666822-7cef-4f47-9ab4-d0c2d53e75a9/current/raft-meta.conf
2024-04-29 10:04:46,489 [5831c0ab-0161-4108-a889-4f6b2f65c3d1-groupManagement] INFO  ratis.ContainerStateMachine (ContainerStateMachine.java:loadSnapshot(287)) - group-D0C2D53E75A9: The snapshot info is null. Setting the last applied index to:(t:0, i:~)
2024-04-29 10:04:46,489 [5831c0ab-0161-4108-a889-4f6b2f65c3d1-groupManagement] INFO  server.RaftServerConfigKeys (ConfUtils.java:logGet(46)) - raft.server.log.use.memory = false (default)
2024-04-29 10:04:46,489 [5831c0ab-0161-4108-a889-4f6b2f65c3d1-groupManagement] INFO  server.RaftServerConfigKeys (ConfUtils.java:logGet(46)) - raft.server.log.purge.gap = 1000000 (custom)
2024-04-29 10:04:46,489 [5831c0ab-0161-4108-a889-4f6b2f65c3d1-groupManagement] INFO  server.RaftServerConfigKeys (ConfUtils.java:logGet(46)) - raft.server.log.appender.buffer.byte-limit = 8388608 (custom)
2024-04-29 10:04:46,489 [5831c0ab-0161-4108-a889-4f6b2f65c3d1-groupManagement] INFO  server.RaftServerConfigKeys (ConfUtils.java:logGet(46)) - raft.server.log.statemachine.data.read.timeout = 1000ms (default)
2024-04-29 10:04:46,489 [5831c0ab-0161-4108-a889-4f6b2f65c3d1-groupManagement] INFO  server.RaftServerConfigKeys (ConfUtils.java:logGet(46)) - raft.server.log.purge.preservation.log.num = 0 (default)
2024-04-29 10:04:46,491 [5831c0ab-0161-4108-a889-4f6b2f65c3d1-groupManagement] INFO  server.RaftServerConfigKeys (ConfUtils.java:logGet(46)) - raft.server.log.segment.size.max = 67108864 (custom)
2024-04-29 10:04:46,491 [EventQueue-PipelineReportForPipelineReportHandler] INFO  pipeline.PipelineReportHandler (PipelineReportHandler.java:processPipelineReport(136)) - Opened pipeline PipelineID=de666822-7cef-4f47-9ab4-d0c2d53e75a9
2024-04-29 10:04:46,491 [EventQueue-OpenPipelineForHealthyPipelineSafeModeRule] INFO  safemode.SCMSafeModeManager (HealthyPipelineSafeModeRule.java:process(140)) - SCM in safe mode. Healthy pipelines reported count is 0, required healthy pipeline reported count is 1
2024-04-29 10:04:46,491 [5831c0ab-0161-4108-a889-4f6b2f65c3d1-groupManagement] INFO  server.RaftServerConfigKeys (ConfUtils.java:logGet(46)) - raft.server.log.segment.cache.num.max = 2 (custom)
2024-04-29 10:04:46,491 [5831c0ab-0161-4108-a889-4f6b2f65c3d1-groupManagement] INFO  server.RaftServerConfigKeys (ConfUtils.java:logGet(46)) - raft.server.log.segment.cache.size.max = 200MB (=209715200) (default)
2024-04-29 10:04:46,491 [5831c0ab-0161-4108-a889-4f6b2f65c3d1-groupManagement] INFO  server.RaftServerConfigKeys (ConfUtils.java:logGet(46)) - raft.server.log.appender.buffer.byte-limit = 8388608 (custom)
2024-04-29 10:04:46,491 [5831c0ab-0161-4108-a889-4f6b2f65c3d1-groupManagement] INFO  util.AwaitToRun (AwaitToRun.java:start(81)) - Thread[5831c0ab-0161-4108-a889-4f6b2f65c3d1@group-D0C2D53E75A9-cacheEviction-AwaitToRun,5,main] started
2024-04-29 10:04:46,491 [5831c0ab-0161-4108-a889-4f6b2f65c3d1-groupManagement] INFO  segmented.SegmentedRaftLogWorker (SegmentedRaftLogWorker.java:<init>(182)) - new 5831c0ab-0161-4108-a889-4f6b2f65c3d1@group-D0C2D53E75A9-SegmentedRaftLogWorker for RaftStorageImpl:Storage Directory /home/runner/work/ozone/ozone/hadoop-ozone/integration-test/target/test-dir/MiniOzoneClusterImpl-b6e902a5-721a-459f-a115-5ddcd789b87e/ozone-meta/datanode-4/ratis/de666822-7cef-4f47-9ab4-d0c2d53e75a9
2024-04-29 10:04:46,491 [5831c0ab-0161-4108-a889-4f6b2f65c3d1-groupManagement] INFO  server.RaftServerConfigKeys (ConfUtils.java:logGet(46)) - raft.server.log.queue.byte-limit = 4294967296 (custom)
2024-04-29 10:04:46,492 [5831c0ab-0161-4108-a889-4f6b2f65c3d1-groupManagement] INFO  server.RaftServerConfigKeys (ConfUtils.java:logGet(46)) - raft.server.log.queue.element-limit = 1024 (custom)
2024-04-29 10:04:46,492 [5831c0ab-0161-4108-a889-4f6b2f65c3d1-groupManagement] INFO  server.RaftServerConfigKeys (ConfUtils.java:logGet(46)) - raft.server.log.segment.size.max = 67108864 (custom)
2024-04-29 10:04:46,492 [5831c0ab-0161-4108-a889-4f6b2f65c3d1-groupManagement] INFO  server.RaftServerConfigKeys (ConfUtils.java:logGet(46)) - raft.server.log.preallocated.size = 4194304 (custom)
2024-04-29 10:04:46,492 [5831c0ab-0161-4108-a889-4f6b2f65c3d1-groupManagement] INFO  server.RaftServerConfigKeys (ConfUtils.java:logGet(46)) - raft.server.log.force.sync.num = 128 (default)
2024-04-29 10:04:46,492 [5831c0ab-0161-4108-a889-4f6b2f65c3d1-groupManagement] INFO  server.RaftServerConfigKeys (ConfUtils.java:logGet(46)) - raft.server.log.statemachine.data.sync = true (default)
2024-04-29 10:04:46,492 [5831c0ab-0161-4108-a889-4f6b2f65c3d1-groupManagement] INFO  server.RaftServerConfigKeys (ConfUtils.java:logGet(46)) - raft.server.log.statemachine.data.sync.timeout = 10s (default)
2024-04-29 10:04:46,492 [5831c0ab-0161-4108-a889-4f6b2f65c3d1-groupManagement] INFO  server.RaftServerConfigKeys (ConfUtils.java:logGet(46)) - raft.server.log.statemachine.data.sync.timeout.retry = 30 (custom)
2024-04-29 10:04:46,492 [5831c0ab-0161-4108-a889-4f6b2f65c3d1-groupManagement] INFO  server.RaftServerConfigKeys (ConfUtils.java:logGet(46)) - raft.server.log.write.buffer.size = 8388616 (custom)
2024-04-29 10:04:46,493 [5831c0ab-0161-4108-a889-4f6b2f65c3d1-groupManagement] INFO  server.RaftServerConfigKeys (ConfUtils.java:logGet(46)) - raft.server.log.appender.buffer.byte-limit = 8388608 (custom)
2024-04-29 10:04:46,493 [5831c0ab-0161-4108-a889-4f6b2f65c3d1-groupManagement] INFO  server.RaftServerConfigKeys (ConfUtils.java:logGet(46)) - raft.server.log.unsafe-flush.enabled = false (default)
2024-04-29 10:04:46,493 [5831c0ab-0161-4108-a889-4f6b2f65c3d1-groupManagement] INFO  server.RaftServerConfigKeys (ConfUtils.java:logGet(46)) - raft.server.log.async-flush.enabled = false (default)
2024-04-29 10:04:46,493 [5831c0ab-0161-4108-a889-4f6b2f65c3d1-groupManagement] INFO  server.RaftServerConfigKeys (ConfUtils.java:logGet(46)) - raft.server.log.statemachine.data.caching.enabled = true (custom)
2024-04-29 10:04:46,493 [5831c0ab-0161-4108-a889-4f6b2f65c3d1-groupManagement] INFO  segmented.SegmentedRaftLogWorker (SegmentedRaftLogWorker.java:lambda$new$0(134)) - 5831c0ab-0161-4108-a889-4f6b2f65c3d1@group-D0C2D53E75A9-SegmentedRaftLogWorker: flushIndex: setUnconditionally 0 -> -1
2024-04-29 10:04:46,493 [5831c0ab-0161-4108-a889-4f6b2f65c3d1-groupManagement] INFO  segmented.SegmentedRaftLogWorker (SegmentedRaftLogWorker.java:lambda$new$0(134)) - 5831c0ab-0161-4108-a889-4f6b2f65c3d1@group-D0C2D53E75A9-SegmentedRaftLogWorker: safeCacheEvictIndex: setUnconditionally 0 -> -1
2024-04-29 10:04:46,494 [5831c0ab-0161-4108-a889-4f6b2f65c3d1-groupManagement] INFO  server.RaftServer$Division (RaftServerImpl.java:start(396)) - 5831c0ab-0161-4108-a889-4f6b2f65c3d1@group-D0C2D53E75A9: start as a follower, conf=-1: peers:[5831c0ab-0161-4108-a889-4f6b2f65c3d1|127.0.0.1:15130]|listeners:[], old=null
2024-04-29 10:04:46,494 [5831c0ab-0161-4108-a889-4f6b2f65c3d1-groupManagement] INFO  server.RaftServer$Division (RaftServerImpl.java:setRole(383)) - 5831c0ab-0161-4108-a889-4f6b2f65c3d1@group-D0C2D53E75A9: changes role from      null to FOLLOWER at term 0 for startAsFollower
2024-04-29 10:04:46,494 [5831c0ab-0161-4108-a889-4f6b2f65c3d1-groupManagement] INFO  impl.RoleInfo (RoleInfo.java:updateAndGet(139)) - 5831c0ab-0161-4108-a889-4f6b2f65c3d1: start 5831c0ab-0161-4108-a889-4f6b2f65c3d1@group-D0C2D53E75A9-FollowerState
2024-04-29 10:04:46,494 [5831c0ab-0161-4108-a889-4f6b2f65c3d1@group-D0C2D53E75A9-FollowerState] INFO  server.RaftServerConfigKeys (ConfUtils.java:logFallback(53)) - raft.server.rpc.first-election.timeout.min = 5s (fallback to raft.server.rpc.timeout.min)
2024-04-29 10:04:46,494 [5831c0ab-0161-4108-a889-4f6b2f65c3d1-groupManagement] INFO  util.JmxRegister (JmxRegister.java:tryRegister(44)) - Successfully registered JMX Bean with object name Ratis:service=RaftServer,group=group-D0C2D53E75A9,id=5831c0ab-0161-4108-a889-4f6b2f65c3d1
2024-04-29 10:04:46,494 [5831c0ab-0161-4108-a889-4f6b2f65c3d1@group-D0C2D53E75A9-FollowerState] INFO  server.RaftServerConfigKeys (ConfUtils.java:logFallback(53)) - raft.server.rpc.first-election.timeout.max = 5200ms (fallback to raft.server.rpc.timeout.max)
2024-04-29 10:04:46,494 [5831c0ab-0161-4108-a889-4f6b2f65c3d1-groupManagement] INFO  server.RaftServerConfigKeys (ConfUtils.java:logGet(46)) - raft.server.snapshot.trigger-when-stop.enabled = true (default)
2024-04-29 10:04:46,494 [5831c0ab-0161-4108-a889-4f6b2f65c3d1-groupManagement] INFO  server.RaftServerConfigKeys (ConfUtils.java:logGet(46)) - raft.server.snapshot.auto.trigger.enabled = true (custom)
2024-04-29 10:04:46,495 [5831c0ab-0161-4108-a889-4f6b2f65c3d1-groupManagement] INFO  server.RaftServerConfigKeys (ConfUtils.java:logGet(46)) - raft.server.snapshot.auto.trigger.threshold = 10000 (custom)
2024-04-29 10:04:46,495 [5831c0ab-0161-4108-a889-4f6b2f65c3d1-groupManagement] INFO  server.RaftServerConfigKeys (ConfUtils.java:logGet(46)) - raft.server.snapshot.retention.file.num = 5 (custom)
2024-04-29 10:04:46,495 [5831c0ab-0161-4108-a889-4f6b2f65c3d1-groupManagement] INFO  server.RaftServerConfigKeys (ConfUtils.java:logGet(46)) - raft.server.log.purge.upto.snapshot.index = false (default)
2024-04-29 10:04:46,495 [5831c0ab-0161-4108-a889-4f6b2f65c3d1-PipelineCommandHandlerThread-0] INFO  ratis.XceiverServerRatis (XceiverServerRatis.java:addGroup(864)) - Created group PipelineID=de666822-7cef-4f47-9ab4-d0c2d53e75a9
2024-04-29 10:04:46,495 [5831c0ab-0161-4108-a889-4f6b2f65c3d1-PipelineCommandHandlerThread-0] INFO  commandhandler.CreatePipelineCommandHandler (CreatePipelineCommandHandler.java:lambda$handle$2(124)) - Created Pipeline RATIS ONE PipelineID=de666822-7cef-4f47-9ab4-d0c2d53e75a9.
2024-04-29 10:04:46,496 [5831c0ab-0161-4108-a889-4f6b2f65c3d1-PipelineCommandHandlerThread-0] INFO  server.RaftServer (RaftServerProxy.java:addNew(100)) - 5831c0ab-0161-4108-a889-4f6b2f65c3d1: addNew group-E2D529BDD975:[5831c0ab-0161-4108-a889-4f6b2f65c3d1|127.0.0.1:15130, 2fa79b0d-8934-45bf-9a4b-7d27b0482fa8|127.0.0.1:15148, 284a56ca-5c0a-4af3-8d75-aa8a7435325f|127.0.0.1:15139] returns group-E2D529BDD975:java.util.concurrent.CompletableFuture@ff39998[Not completed]
2024-04-29 10:04:46,496 [5831c0ab-0161-4108-a889-4f6b2f65c3d1-groupManagement] INFO  server.RaftServer$Division (RaftServerImpl.java:<init>(256)) - 5831c0ab-0161-4108-a889-4f6b2f65c3d1: new RaftServerImpl for group-E2D529BDD975:[5831c0ab-0161-4108-a889-4f6b2f65c3d1|127.0.0.1:15130, 2fa79b0d-8934-45bf-9a4b-7d27b0482fa8|127.0.0.1:15148, 284a56ca-5c0a-4af3-8d75-aa8a7435325f|127.0.0.1:15139] with ContainerStateMachine:uninitialized
2024-04-29 10:04:46,496 [5831c0ab-0161-4108-a889-4f6b2f65c3d1-groupManagement] INFO  server.RaftServerConfigKeys (ConfUtils.java:logGet(46)) - raft.server.rpc.timeout.min = 5s (custom)
2024-04-29 10:04:46,496 [5831c0ab-0161-4108-a889-4f6b2f65c3d1-groupManagement] INFO  server.RaftServerConfigKeys (ConfUtils.java:logGet(46)) - raft.server.rpc.timeout.max = 5200ms (custom)
2024-04-29 10:04:46,496 [5831c0ab-0161-4108-a889-4f6b2f65c3d1-groupManagement] INFO  server.RaftServerConfigKeys (ConfUtils.java:logGet(46)) - raft.server.rpc.sleep.time = 25ms (default)
2024-04-29 10:04:46,497 [5831c0ab-0161-4108-a889-4f6b2f65c3d1-groupManagement] INFO  server.RaftServerConfigKeys (ConfUtils.java:logGet(46)) - raft.server.rpc.slowness.timeout = 300000ms (custom)
2024-04-29 10:04:46,497 [5831c0ab-0161-4108-a889-4f6b2f65c3d1-groupManagement] INFO  server.RaftServerConfigKeys (ConfUtils.java:logGet(46)) - raft.server.leaderelection.leader.step-down.wait-time = 10s (default)
2024-04-29 10:04:46,497 [5831c0ab-0161-4108-a889-4f6b2f65c3d1-groupManagement] INFO  server.RaftServerConfigKeys (ConfUtils.java:logGet(46)) - raft.server.leaderelection.member.majority-add = false (default)
2024-04-29 10:04:46,497 [5831c0ab-0161-4108-a889-4f6b2f65c3d1-groupManagement] INFO  server.RaftServerConfigKeys (ConfUtils.java:logGet(46)) - raft.server.sleep.deviation.threshold = 300ms (default)
2024-04-29 10:04:46,497 [5831c0ab-0161-4108-a889-4f6b2f65c3d1-groupManagement] INFO  server.RaftServer$Division (ServerState.java:<init>(113)) - 5831c0ab-0161-4108-a889-4f6b2f65c3d1@group-E2D529BDD975: ConfigurationManager, init=-1: peers:[5831c0ab-0161-4108-a889-4f6b2f65c3d1|127.0.0.1:15130, 2fa79b0d-8934-45bf-9a4b-7d27b0482fa8|127.0.0.1:15148, 284a56ca-5c0a-4af3-8d75-aa8a7435325f|127.0.0.1:15139]|listeners:[], old=null, confs=<EMPTY_MAP>
2024-04-29 10:04:46,497 [5831c0ab-0161-4108-a889-4f6b2f65c3d1-groupManagement] INFO  server.RaftServerConfigKeys (ConfUtils.java:logGet(46)) - raft.server.notification.no-leader.timeout = 300000ms (custom)
2024-04-29 10:04:46,497 [5831c0ab-0161-4108-a889-4f6b2f65c3d1-groupManagement] INFO  server.RaftServerConfigKeys (ConfUtils.java:logGet(46)) - raft.server.read.timeout = 10s (default)
2024-04-29 10:04:46,497 [5831c0ab-0161-4108-a889-4f6b2f65c3d1-groupManagement] INFO  server.RaftServerConfigKeys (ConfUtils.java:logGet(46)) - raft.server.retrycache.expirytime = 600000ms (custom)
2024-04-29 10:04:46,497 [5831c0ab-0161-4108-a889-4f6b2f65c3d1-groupManagement] INFO  server.RaftServerConfigKeys (ConfUtils.java:logGet(46)) - raft.server.retrycache.statistics.expirytime = 100ms (default)
2024-04-29 10:04:46,497 [5831c0ab-0161-4108-a889-4f6b2f65c3d1-groupManagement] INFO  server.RaftServerConfigKeys (ConfUtils.java:logGet(46)) - raft.server.read.option = DEFAULT (default)
2024-04-29 10:04:46,497 [5831c0ab-0161-4108-a889-4f6b2f65c3d1-groupManagement] INFO  server.RaftServerConfigKeys (ConfUtils.java:logGet(46)) - raft.server.read.read-after-write-consistent.write-index-cache.expiry-time = 60s (default)
2024-04-29 10:04:46,499 [5831c0ab-0161-4108-a889-4f6b2f65c3d1-groupManagement] INFO  server.RaftServerConfigKeys (ConfUtils.java:logGet(46)) - raft.server.rpc.request.timeout = 3000ms (default)
2024-04-29 10:04:46,499 [5831c0ab-0161-4108-a889-4f6b2f65c3d1-groupManagement] INFO  server.RaftServerConfigKeys (ConfUtils.java:logGet(46)) - raft.server.log.appender.install.snapshot.enabled = false (custom)
2024-04-29 10:04:46,499 [5831c0ab-0161-4108-a889-4f6b2f65c3d1-groupManagement] INFO  server.RaftServerConfigKeys (ConfUtils.java:logGet(46)) - raft.server.threadpool.server.cached = true (default)
2024-04-29 10:04:46,499 [5831c0ab-0161-4108-a889-4f6b2f65c3d1-groupManagement] INFO  server.RaftServerConfigKeys (ConfUtils.java:logGet(46)) - raft.server.threadpool.server.size = 0 (default)
2024-04-29 10:04:46,499 [5831c0ab-0161-4108-a889-4f6b2f65c3d1-groupManagement] INFO  server.RaftServerConfigKeys (ConfUtils.java:logGet(46)) - raft.server.threadpool.client.cached = true (default)
2024-04-29 10:04:46,499 [5831c0ab-0161-4108-a889-4f6b2f65c3d1-groupManagement] INFO  server.RaftServerConfigKeys (ConfUtils.java:logGet(46)) - raft.server.threadpool.client.size = 0 (default)
2024-04-29 10:04:46,499 [5831c0ab-0161-4108-a889-4f6b2f65c3d1-groupManagement] INFO  server.RaftServerConfigKeys (ConfUtils.java:logGet(46)) - raft.server.storage.free-space.min = 0MB (=0) (default)
2024-04-29 10:04:46,499 [5831c0ab-0161-4108-a889-4f6b2f65c3d1-groupManagement] INFO  server.RaftServerConfigKeys (ConfUtils.java:logGet(46)) - raft.server.log.corruption.policy = EXCEPTION (default)
2024-04-29 10:04:46,499 [5831c0ab-0161-4108-a889-4f6b2f65c3d1-groupManagement] INFO  server.RaftServerConfigKeys (ConfUtils.java:logGet(46)) - raft.server.storage.dir = [/home/runner/work/ozone/ozone/hadoop-ozone/integration-test/target/test-dir/MiniOzoneClusterImpl-b6e902a5-721a-459f-a115-5ddcd789b87e/ozone-meta/datanode-4/ratis] (custom)
2024-04-29 10:04:46,500 [5831c0ab-0161-4108-a889-4f6b2f65c3d1-groupManagement] INFO  storage.RaftStorageDirectory (RaftStorageDirectoryImpl.java:analyzeStorage(138)) - The storage directory /home/runner/work/ozone/ozone/hadoop-ozone/integration-test/target/test-dir/MiniOzoneClusterImpl-b6e902a5-721a-459f-a115-5ddcd789b87e/ozone-meta/datanode-4/ratis/5ffe0956-3746-478e-8a75-e2d529bdd975 does not exist. Creating ...
2024-04-29 10:04:46,500 [5831c0ab-0161-4108-a889-4f6b2f65c3d1-groupManagement] INFO  storage.RaftStorageDirectory (RaftStorageDirectoryImpl.java:tryLock(228)) - Lock on /home/runner/work/ozone/ozone/hadoop-ozone/integration-test/target/test-dir/MiniOzoneClusterImpl-b6e902a5-721a-459f-a115-5ddcd789b87e/ozone-meta/datanode-4/ratis/5ffe0956-3746-478e-8a75-e2d529bdd975/in_use.lock acquired by nodename 20825@fv-az913-54
2024-04-29 10:04:46,501 [5831c0ab-0161-4108-a889-4f6b2f65c3d1-groupManagement] INFO  storage.RaftStorage (RaftStorageImpl.java:format(99)) - Storage directory /home/runner/work/ozone/ozone/hadoop-ozone/integration-test/target/test-dir/MiniOzoneClusterImpl-b6e902a5-721a-459f-a115-5ddcd789b87e/ozone-meta/datanode-4/ratis/5ffe0956-3746-478e-8a75-e2d529bdd975 has been successfully formatted.
2024-04-29 10:04:46,501 [5831c0ab-0161-4108-a889-4f6b2f65c3d1-groupManagement] WARN  util.FileUtils (LogUtils.java:supplyAndLog(63)) - Failed to Files.newInputStream /home/runner/work/ozone/ozone/hadoop-ozone/integration-test/target/test-dir/MiniOzoneClusterImpl-b6e902a5-721a-459f-a115-5ddcd789b87e/ozone-meta/datanode-4/ratis/5ffe0956-3746-478e-8a75-e2d529bdd975/current/raft-meta.conf with options []: java.nio.file.NoSuchFileException: /home/runner/work/ozone/ozone/hadoop-ozone/integration-test/target/test-dir/MiniOzoneClusterImpl-b6e902a5-721a-459f-a115-5ddcd789b87e/ozone-meta/datanode-4/ratis/5ffe0956-3746-478e-8a75-e2d529bdd975/current/raft-meta.conf
2024-04-29 10:04:46,502 [5831c0ab-0161-4108-a889-4f6b2f65c3d1-groupManagement] INFO  ratis.ContainerStateMachine (ContainerStateMachine.java:loadSnapshot(287)) - group-E2D529BDD975: The snapshot info is null. Setting the last applied index to:(t:0, i:~)
2024-04-29 10:04:46,502 [5831c0ab-0161-4108-a889-4f6b2f65c3d1-groupManagement] INFO  server.RaftServerConfigKeys (ConfUtils.java:logGet(46)) - raft.server.log.use.memory = false (default)
2024-04-29 10:04:46,502 [5831c0ab-0161-4108-a889-4f6b2f65c3d1-groupManagement] INFO  server.RaftServerConfigKeys (ConfUtils.java:logGet(46)) - raft.server.log.purge.gap = 1000000 (custom)
2024-04-29 10:04:46,502 [5831c0ab-0161-4108-a889-4f6b2f65c3d1-groupManagement] INFO  server.RaftServerConfigKeys (ConfUtils.java:logGet(46)) - raft.server.log.appender.buffer.byte-limit = 8388608 (custom)
2024-04-29 10:04:46,502 [5831c0ab-0161-4108-a889-4f6b2f65c3d1-groupManagement] INFO  server.RaftServerConfigKeys (ConfUtils.java:logGet(46)) - raft.server.log.statemachine.data.read.timeout = 1000ms (default)
2024-04-29 10:04:46,502 [5831c0ab-0161-4108-a889-4f6b2f65c3d1-groupManagement] INFO  server.RaftServerConfigKeys (ConfUtils.java:logGet(46)) - raft.server.log.purge.preservation.log.num = 0 (default)
2024-04-29 10:04:46,503 [EventQueue-OpenPipelineForHealthyPipelineSafeModeRule] INFO  safemode.SCMSafeModeManager (HealthyPipelineSafeModeRule.java:process(140)) - SCM in safe mode. Healthy pipelines reported count is 0, required healthy pipeline reported count is 1
2024-04-29 10:04:46,504 [5831c0ab-0161-4108-a889-4f6b2f65c3d1-groupManagement] INFO  server.RaftServerConfigKeys (ConfUtils.java:logGet(46)) - raft.server.log.segment.size.max = 67108864 (custom)
2024-04-29 10:04:46,504 [5831c0ab-0161-4108-a889-4f6b2f65c3d1-groupManagement] INFO  server.RaftServerConfigKeys (ConfUtils.java:logGet(46)) - raft.server.log.segment.cache.num.max = 2 (custom)
2024-04-29 10:04:46,504 [5831c0ab-0161-4108-a889-4f6b2f65c3d1-groupManagement] INFO  server.RaftServerConfigKeys (ConfUtils.java:logGet(46)) - raft.server.log.segment.cache.size.max = 200MB (=209715200) (default)
2024-04-29 10:04:46,504 [5831c0ab-0161-4108-a889-4f6b2f65c3d1-groupManagement] INFO  server.RaftServerConfigKeys (ConfUtils.java:logGet(46)) - raft.server.log.appender.buffer.byte-limit = 8388608 (custom)
2024-04-29 10:04:46,504 [5831c0ab-0161-4108-a889-4f6b2f65c3d1-groupManagement] INFO  util.AwaitToRun (AwaitToRun.java:start(81)) - Thread[5831c0ab-0161-4108-a889-4f6b2f65c3d1@group-E2D529BDD975-cacheEviction-AwaitToRun,5,main] started
2024-04-29 10:04:46,505 [5831c0ab-0161-4108-a889-4f6b2f65c3d1-groupManagement] INFO  segmented.SegmentedRaftLogWorker (SegmentedRaftLogWorker.java:<init>(182)) - new 5831c0ab-0161-4108-a889-4f6b2f65c3d1@group-E2D529BDD975-SegmentedRaftLogWorker for RaftStorageImpl:Storage Directory /home/runner/work/ozone/ozone/hadoop-ozone/integration-test/target/test-dir/MiniOzoneClusterImpl-b6e902a5-721a-459f-a115-5ddcd789b87e/ozone-meta/datanode-4/ratis/5ffe0956-3746-478e-8a75-e2d529bdd975
2024-04-29 10:04:46,505 [5831c0ab-0161-4108-a889-4f6b2f65c3d1-groupManagement] INFO  server.RaftServerConfigKeys (ConfUtils.java:logGet(46)) - raft.server.log.queue.byte-limit = 4294967296 (custom)
2024-04-29 10:04:46,505 [5831c0ab-0161-4108-a889-4f6b2f65c3d1-groupManagement] INFO  server.RaftServerConfigKeys (ConfUtils.java:logGet(46)) - raft.server.log.queue.element-limit = 1024 (custom)
2024-04-29 10:04:46,505 [5831c0ab-0161-4108-a889-4f6b2f65c3d1-groupManagement] INFO  server.RaftServerConfigKeys (ConfUtils.java:logGet(46)) - raft.server.log.segment.size.max = 67108864 (custom)
2024-04-29 10:04:46,505 [5831c0ab-0161-4108-a889-4f6b2f65c3d1-groupManagement] INFO  server.RaftServerConfigKeys (ConfUtils.java:logGet(46)) - raft.server.log.preallocated.size = 4194304 (custom)
2024-04-29 10:04:46,505 [5831c0ab-0161-4108-a889-4f6b2f65c3d1-groupManagement] INFO  server.RaftServerConfigKeys (ConfUtils.java:logGet(46)) - raft.server.log.force.sync.num = 128 (default)
2024-04-29 10:04:46,505 [5831c0ab-0161-4108-a889-4f6b2f65c3d1-groupManagement] INFO  server.RaftServerConfigKeys (ConfUtils.java:logGet(46)) - raft.server.log.statemachine.data.sync = true (default)
2024-04-29 10:04:46,505 [5831c0ab-0161-4108-a889-4f6b2f65c3d1-groupManagement] INFO  server.RaftServerConfigKeys (ConfUtils.java:logGet(46)) - raft.server.log.statemachine.data.sync.timeout = 10s (default)
2024-04-29 10:04:46,505 [5831c0ab-0161-4108-a889-4f6b2f65c3d1-groupManagement] INFO  server.RaftServerConfigKeys (ConfUtils.java:logGet(46)) - raft.server.log.statemachine.data.sync.timeout.retry = 30 (custom)
2024-04-29 10:04:46,505 [5831c0ab-0161-4108-a889-4f6b2f65c3d1-groupManagement] INFO  server.RaftServerConfigKeys (ConfUtils.java:logGet(46)) - raft.server.log.write.buffer.size = 8388616 (custom)
2024-04-29 10:04:46,507 [5831c0ab-0161-4108-a889-4f6b2f65c3d1-groupManagement] INFO  server.RaftServerConfigKeys (ConfUtils.java:logGet(46)) - raft.server.log.appender.buffer.byte-limit = 8388608 (custom)
2024-04-29 10:04:46,507 [5831c0ab-0161-4108-a889-4f6b2f65c3d1-groupManagement] INFO  server.RaftServerConfigKeys (ConfUtils.java:logGet(46)) - raft.server.log.unsafe-flush.enabled = false (default)
2024-04-29 10:04:46,507 [5831c0ab-0161-4108-a889-4f6b2f65c3d1-groupManagement] INFO  server.RaftServerConfigKeys (ConfUtils.java:logGet(46)) - raft.server.log.async-flush.enabled = false (default)
2024-04-29 10:04:46,507 [5831c0ab-0161-4108-a889-4f6b2f65c3d1-groupManagement] INFO  server.RaftServerConfigKeys (ConfUtils.java:logGet(46)) - raft.server.log.statemachine.data.caching.enabled = true (custom)
2024-04-29 10:04:46,507 [5831c0ab-0161-4108-a889-4f6b2f65c3d1-groupManagement] INFO  segmented.SegmentedRaftLogWorker (SegmentedRaftLogWorker.java:lambda$new$0(134)) - 5831c0ab-0161-4108-a889-4f6b2f65c3d1@group-E2D529BDD975-SegmentedRaftLogWorker: flushIndex: setUnconditionally 0 -> -1
2024-04-29 10:04:46,507 [5831c0ab-0161-4108-a889-4f6b2f65c3d1-groupManagement] INFO  segmented.SegmentedRaftLogWorker (SegmentedRaftLogWorker.java:lambda$new$0(134)) - 5831c0ab-0161-4108-a889-4f6b2f65c3d1@group-E2D529BDD975-SegmentedRaftLogWorker: safeCacheEvictIndex: setUnconditionally 0 -> -1
2024-04-29 10:04:46,507 [5831c0ab-0161-4108-a889-4f6b2f65c3d1-groupManagement] INFO  server.RaftServer$Division (RaftServerImpl.java:start(396)) - 5831c0ab-0161-4108-a889-4f6b2f65c3d1@group-E2D529BDD975: start as a follower, conf=-1: peers:[5831c0ab-0161-4108-a889-4f6b2f65c3d1|127.0.0.1:15130, 2fa79b0d-8934-45bf-9a4b-7d27b0482fa8|127.0.0.1:15148, 284a56ca-5c0a-4af3-8d75-aa8a7435325f|127.0.0.1:15139]|listeners:[], old=null
2024-04-29 10:04:46,507 [5831c0ab-0161-4108-a889-4f6b2f65c3d1-groupManagement] INFO  server.RaftServer$Division (RaftServerImpl.java:setRole(383)) - 5831c0ab-0161-4108-a889-4f6b2f65c3d1@group-E2D529BDD975: changes role from      null to FOLLOWER at term 0 for startAsFollower
2024-04-29 10:04:46,508 [5831c0ab-0161-4108-a889-4f6b2f65c3d1-groupManagement] INFO  impl.RoleInfo (RoleInfo.java:updateAndGet(139)) - 5831c0ab-0161-4108-a889-4f6b2f65c3d1: start 5831c0ab-0161-4108-a889-4f6b2f65c3d1@group-E2D529BDD975-FollowerState
2024-04-29 10:04:46,508 [5831c0ab-0161-4108-a889-4f6b2f65c3d1@group-E2D529BDD975-FollowerState] INFO  server.RaftServerConfigKeys (ConfUtils.java:logFallback(53)) - raft.server.rpc.first-election.timeout.min = 5s (fallback to raft.server.rpc.timeout.min)
2024-04-29 10:04:46,508 [5831c0ab-0161-4108-a889-4f6b2f65c3d1-groupManagement] INFO  util.JmxRegister (JmxRegister.java:tryRegister(44)) - Successfully registered JMX Bean with object name Ratis:service=RaftServer,group=group-E2D529BDD975,id=5831c0ab-0161-4108-a889-4f6b2f65c3d1
2024-04-29 10:04:46,508 [5831c0ab-0161-4108-a889-4f6b2f65c3d1-groupManagement] INFO  server.RaftServerConfigKeys (ConfUtils.java:logGet(46)) - raft.server.snapshot.trigger-when-stop.enabled = true (default)
2024-04-29 10:04:46,508 [5831c0ab-0161-4108-a889-4f6b2f65c3d1-groupManagement] INFO  server.RaftServerConfigKeys (ConfUtils.java:logGet(46)) - raft.server.snapshot.auto.trigger.enabled = true (custom)
2024-04-29 10:04:46,508 [5831c0ab-0161-4108-a889-4f6b2f65c3d1-groupManagement] INFO  server.RaftServerConfigKeys (ConfUtils.java:logGet(46)) - raft.server.snapshot.auto.trigger.threshold = 10000 (custom)
2024-04-29 10:04:46,508 [5831c0ab-0161-4108-a889-4f6b2f65c3d1-groupManagement] INFO  server.RaftServerConfigKeys (ConfUtils.java:logGet(46)) - raft.server.snapshot.retention.file.num = 5 (custom)
2024-04-29 10:04:46,508 [5831c0ab-0161-4108-a889-4f6b2f65c3d1-groupManagement] INFO  server.RaftServerConfigKeys (ConfUtils.java:logGet(46)) - raft.server.log.purge.upto.snapshot.index = false (default)
2024-04-29 10:04:46,509 [5831c0ab-0161-4108-a889-4f6b2f65c3d1@group-E2D529BDD975-FollowerState] INFO  server.RaftServerConfigKeys (ConfUtils.java:logFallback(53)) - raft.server.rpc.first-election.timeout.max = 5200ms (fallback to raft.server.rpc.timeout.max)
2024-04-29 10:04:46,509 [5831c0ab-0161-4108-a889-4f6b2f65c3d1-PipelineCommandHandlerThread-0] INFO  ratis.XceiverServerRatis (XceiverServerRatis.java:addGroup(864)) - Created group PipelineID=5ffe0956-3746-478e-8a75-e2d529bdd975
2024-04-29 10:04:46,517 [grpc-default-executor-0] INFO  server.RaftServer (RaftServerProxy.java:addNew(100)) - 2fa79b0d-8934-45bf-9a4b-7d27b0482fa8: addNew group-E2D529BDD975:[5831c0ab-0161-4108-a889-4f6b2f65c3d1|127.0.0.1:15130, 2fa79b0d-8934-45bf-9a4b-7d27b0482fa8|127.0.0.1:15148, 284a56ca-5c0a-4af3-8d75-aa8a7435325f|127.0.0.1:15139] returns group-E2D529BDD975:java.util.concurrent.CompletableFuture@66172b9f[Not completed]
2024-04-29 10:04:46,518 [2fa79b0d-8934-45bf-9a4b-7d27b0482fa8-groupManagement] INFO  server.RaftServer$Division (RaftServerImpl.java:<init>(256)) - 2fa79b0d-8934-45bf-9a4b-7d27b0482fa8: new RaftServerImpl for group-E2D529BDD975:[5831c0ab-0161-4108-a889-4f6b2f65c3d1|127.0.0.1:15130, 2fa79b0d-8934-45bf-9a4b-7d27b0482fa8|127.0.0.1:15148, 284a56ca-5c0a-4af3-8d75-aa8a7435325f|127.0.0.1:15139] with ContainerStateMachine:uninitialized
2024-04-29 10:04:46,518 [2fa79b0d-8934-45bf-9a4b-7d27b0482fa8-groupManagement] INFO  server.RaftServerConfigKeys (ConfUtils.java:logGet(46)) - raft.server.rpc.timeout.min = 5s (custom)
2024-04-29 10:04:46,518 [2fa79b0d-8934-45bf-9a4b-7d27b0482fa8-groupManagement] INFO  server.RaftServerConfigKeys (ConfUtils.java:logGet(46)) - raft.server.rpc.timeout.max = 5200ms (custom)
2024-04-29 10:04:46,518 [2fa79b0d-8934-45bf-9a4b-7d27b0482fa8-groupManagement] INFO  server.RaftServerConfigKeys (ConfUtils.java:logGet(46)) - raft.server.rpc.sleep.time = 25ms (default)
2024-04-29 10:04:46,518 [2fa79b0d-8934-45bf-9a4b-7d27b0482fa8-groupManagement] INFO  server.RaftServerConfigKeys (ConfUtils.java:logGet(46)) - raft.server.rpc.slowness.timeout = 300000ms (custom)
2024-04-29 10:04:46,518 [2fa79b0d-8934-45bf-9a4b-7d27b0482fa8-groupManagement] INFO  server.RaftServerConfigKeys (ConfUtils.java:logGet(46)) - raft.server.leaderelection.leader.step-down.wait-time = 10s (default)
2024-04-29 10:04:46,518 [2fa79b0d-8934-45bf-9a4b-7d27b0482fa8-groupManagement] INFO  server.RaftServerConfigKeys (ConfUtils.java:logGet(46)) - raft.server.leaderelection.member.majority-add = false (default)
2024-04-29 10:04:46,518 [2fa79b0d-8934-45bf-9a4b-7d27b0482fa8-groupManagement] INFO  server.RaftServerConfigKeys (ConfUtils.java:logGet(46)) - raft.server.sleep.deviation.threshold = 300ms (default)
2024-04-29 10:04:46,518 [2fa79b0d-8934-45bf-9a4b-7d27b0482fa8-groupManagement] INFO  server.RaftServer$Division (ServerState.java:<init>(113)) - 2fa79b0d-8934-45bf-9a4b-7d27b0482fa8@group-E2D529BDD975: ConfigurationManager, init=-1: peers:[5831c0ab-0161-4108-a889-4f6b2f65c3d1|127.0.0.1:15130, 2fa79b0d-8934-45bf-9a4b-7d27b0482fa8|127.0.0.1:15148, 284a56ca-5c0a-4af3-8d75-aa8a7435325f|127.0.0.1:15139]|listeners:[], old=null, confs=<EMPTY_MAP>
2024-04-29 10:04:46,519 [2fa79b0d-8934-45bf-9a4b-7d27b0482fa8-groupManagement] INFO  server.RaftServerConfigKeys (ConfUtils.java:logGet(46)) - raft.server.notification.no-leader.timeout = 300000ms (custom)
2024-04-29 10:04:46,519 [2fa79b0d-8934-45bf-9a4b-7d27b0482fa8-groupManagement] INFO  server.RaftServerConfigKeys (ConfUtils.java:logGet(46)) - raft.server.read.timeout = 10s (default)
2024-04-29 10:04:46,519 [2fa79b0d-8934-45bf-9a4b-7d27b0482fa8-groupManagement] INFO  server.RaftServerConfigKeys (ConfUtils.java:logGet(46)) - raft.server.retrycache.expirytime = 600000ms (custom)
2024-04-29 10:04:46,519 [2fa79b0d-8934-45bf-9a4b-7d27b0482fa8-groupManagement] INFO  server.RaftServerConfigKeys (ConfUtils.java:logGet(46)) - raft.server.retrycache.statistics.expirytime = 100ms (default)
2024-04-29 10:04:46,519 [2fa79b0d-8934-45bf-9a4b-7d27b0482fa8-groupManagement] INFO  server.RaftServerConfigKeys (ConfUtils.java:logGet(46)) - raft.server.read.option = DEFAULT (default)
2024-04-29 10:04:46,519 [2fa79b0d-8934-45bf-9a4b-7d27b0482fa8-groupManagement] INFO  server.RaftServerConfigKeys (ConfUtils.java:logGet(46)) - raft.server.read.read-after-write-consistent.write-index-cache.expiry-time = 60s (default)
2024-04-29 10:04:46,522 [2fa79b0d-8934-45bf-9a4b-7d27b0482fa8-groupManagement] INFO  server.RaftServerConfigKeys (ConfUtils.java:logGet(46)) - raft.server.rpc.request.timeout = 3000ms (default)
2024-04-29 10:04:46,522 [2fa79b0d-8934-45bf-9a4b-7d27b0482fa8-groupManagement] INFO  server.RaftServerConfigKeys (ConfUtils.java:logGet(46)) - raft.server.log.appender.install.snapshot.enabled = false (custom)
2024-04-29 10:04:46,522 [2fa79b0d-8934-45bf-9a4b-7d27b0482fa8-groupManagement] INFO  server.RaftServerConfigKeys (ConfUtils.java:logGet(46)) - raft.server.threadpool.server.cached = true (default)
2024-04-29 10:04:46,522 [2fa79b0d-8934-45bf-9a4b-7d27b0482fa8-groupManagement] INFO  server.RaftServerConfigKeys (ConfUtils.java:logGet(46)) - raft.server.threadpool.server.size = 0 (default)
2024-04-29 10:04:46,522 [2fa79b0d-8934-45bf-9a4b-7d27b0482fa8-groupManagement] INFO  server.RaftServerConfigKeys (ConfUtils.java:logGet(46)) - raft.server.threadpool.client.cached = true (default)
2024-04-29 10:04:46,522 [2fa79b0d-8934-45bf-9a4b-7d27b0482fa8-groupManagement] INFO  server.RaftServerConfigKeys (ConfUtils.java:logGet(46)) - raft.server.threadpool.client.size = 0 (default)
2024-04-29 10:04:46,522 [2fa79b0d-8934-45bf-9a4b-7d27b0482fa8-groupManagement] INFO  server.RaftServerConfigKeys (ConfUtils.java:logGet(46)) - raft.server.storage.free-space.min = 0MB (=0) (default)
2024-04-29 10:04:46,522 [2fa79b0d-8934-45bf-9a4b-7d27b0482fa8-groupManagement] INFO  server.RaftServerConfigKeys (ConfUtils.java:logGet(46)) - raft.server.log.corruption.policy = EXCEPTION (default)
2024-04-29 10:04:46,522 [2fa79b0d-8934-45bf-9a4b-7d27b0482fa8-groupManagement] INFO  server.RaftServerConfigKeys (ConfUtils.java:logGet(46)) - raft.server.storage.dir = [/home/runner/work/ozone/ozone/hadoop-ozone/integration-test/target/test-dir/MiniOzoneClusterImpl-b6e902a5-721a-459f-a115-5ddcd789b87e/ozone-meta/datanode-6/ratis] (custom)
2024-04-29 10:04:46,523 [2fa79b0d-8934-45bf-9a4b-7d27b0482fa8-groupManagement] INFO  storage.RaftStorageDirectory (RaftStorageDirectoryImpl.java:analyzeStorage(138)) - The storage directory /home/runner/work/ozone/ozone/hadoop-ozone/integration-test/target/test-dir/MiniOzoneClusterImpl-b6e902a5-721a-459f-a115-5ddcd789b87e/ozone-meta/datanode-6/ratis/5ffe0956-3746-478e-8a75-e2d529bdd975 does not exist. Creating ...
2024-04-29 10:04:46,523 [2fa79b0d-8934-45bf-9a4b-7d27b0482fa8-groupManagement] INFO  storage.RaftStorageDirectory (RaftStorageDirectoryImpl.java:tryLock(228)) - Lock on /home/runner/work/ozone/ozone/hadoop-ozone/integration-test/target/test-dir/MiniOzoneClusterImpl-b6e902a5-721a-459f-a115-5ddcd789b87e/ozone-meta/datanode-6/ratis/5ffe0956-3746-478e-8a75-e2d529bdd975/in_use.lock acquired by nodename 20825@fv-az913-54
2024-04-29 10:04:46,525 [2fa79b0d-8934-45bf-9a4b-7d27b0482fa8-groupManagement] INFO  storage.RaftStorage (RaftStorageImpl.java:format(99)) - Storage directory /home/runner/work/ozone/ozone/hadoop-ozone/integration-test/target/test-dir/MiniOzoneClusterImpl-b6e902a5-721a-459f-a115-5ddcd789b87e/ozone-meta/datanode-6/ratis/5ffe0956-3746-478e-8a75-e2d529bdd975 has been successfully formatted.
2024-04-29 10:04:46,525 [2fa79b0d-8934-45bf-9a4b-7d27b0482fa8-groupManagement] WARN  util.FileUtils (LogUtils.java:supplyAndLog(63)) - Failed to Files.newInputStream /home/runner/work/ozone/ozone/hadoop-ozone/integration-test/target/test-dir/MiniOzoneClusterImpl-b6e902a5-721a-459f-a115-5ddcd789b87e/ozone-meta/datanode-6/ratis/5ffe0956-3746-478e-8a75-e2d529bdd975/current/raft-meta.conf with options []: java.nio.file.NoSuchFileException: /home/runner/work/ozone/ozone/hadoop-ozone/integration-test/target/test-dir/MiniOzoneClusterImpl-b6e902a5-721a-459f-a115-5ddcd789b87e/ozone-meta/datanode-6/ratis/5ffe0956-3746-478e-8a75-e2d529bdd975/current/raft-meta.conf
2024-04-29 10:04:46,525 [2fa79b0d-8934-45bf-9a4b-7d27b0482fa8-groupManagement] INFO  ratis.ContainerStateMachine (ContainerStateMachine.java:loadSnapshot(287)) - group-E2D529BDD975: The snapshot info is null. Setting the last applied index to:(t:0, i:~)
2024-04-29 10:04:46,525 [2fa79b0d-8934-45bf-9a4b-7d27b0482fa8-groupManagement] INFO  server.RaftServerConfigKeys (ConfUtils.java:logGet(46)) - raft.server.log.use.memory = false (default)
2024-04-29 10:04:46,525 [2fa79b0d-8934-45bf-9a4b-7d27b0482fa8-groupManagement] INFO  server.RaftServerConfigKeys (ConfUtils.java:logGet(46)) - raft.server.log.purge.gap = 1000000 (custom)
2024-04-29 10:04:46,525 [2fa79b0d-8934-45bf-9a4b-7d27b0482fa8-groupManagement] INFO  server.RaftServerConfigKeys (ConfUtils.java:logGet(46)) - raft.server.log.appender.buffer.byte-limit = 8388608 (custom)
2024-04-29 10:04:46,525 [2fa79b0d-8934-45bf-9a4b-7d27b0482fa8-groupManagement] INFO  server.RaftServerConfigKeys (ConfUtils.java:logGet(46)) - raft.server.log.statemachine.data.read.timeout = 1000ms (default)
2024-04-29 10:04:46,525 [2fa79b0d-8934-45bf-9a4b-7d27b0482fa8-groupManagement] INFO  server.RaftServerConfigKeys (ConfUtils.java:logGet(46)) - raft.server.log.purge.preservation.log.num = 0 (default)
2024-04-29 10:04:46,527 [2fa79b0d-8934-45bf-9a4b-7d27b0482fa8-groupManagement] INFO  server.RaftServerConfigKeys (ConfUtils.java:logGet(46)) - raft.server.log.segment.size.max = 67108864 (custom)
2024-04-29 10:04:46,528 [2fa79b0d-8934-45bf-9a4b-7d27b0482fa8-groupManagement] INFO  server.RaftServerConfigKeys (ConfUtils.java:logGet(46)) - raft.server.log.segment.cache.num.max = 2 (custom)
2024-04-29 10:04:46,528 [2fa79b0d-8934-45bf-9a4b-7d27b0482fa8-groupManagement] INFO  server.RaftServerConfigKeys (ConfUtils.java:logGet(46)) - raft.server.log.segment.cache.size.max = 200MB (=209715200) (default)
2024-04-29 10:04:46,528 [2fa79b0d-8934-45bf-9a4b-7d27b0482fa8-groupManagement] INFO  server.RaftServerConfigKeys (ConfUtils.java:logGet(46)) - raft.server.log.appender.buffer.byte-limit = 8388608 (custom)
2024-04-29 10:04:46,528 [2fa79b0d-8934-45bf-9a4b-7d27b0482fa8-groupManagement] INFO  util.AwaitToRun (AwaitToRun.java:start(81)) - Thread[2fa79b0d-8934-45bf-9a4b-7d27b0482fa8@group-E2D529BDD975-cacheEviction-AwaitToRun,5,main] started
2024-04-29 10:04:46,528 [2fa79b0d-8934-45bf-9a4b-7d27b0482fa8-groupManagement] INFO  segmented.SegmentedRaftLogWorker (SegmentedRaftLogWorker.java:<init>(182)) - new 2fa79b0d-8934-45bf-9a4b-7d27b0482fa8@group-E2D529BDD975-SegmentedRaftLogWorker for RaftStorageImpl:Storage Directory /home/runner/work/ozone/ozone/hadoop-ozone/integration-test/target/test-dir/MiniOzoneClusterImpl-b6e902a5-721a-459f-a115-5ddcd789b87e/ozone-meta/datanode-6/ratis/5ffe0956-3746-478e-8a75-e2d529bdd975
2024-04-29 10:04:46,528 [2fa79b0d-8934-45bf-9a4b-7d27b0482fa8-groupManagement] INFO  server.RaftServerConfigKeys (ConfUtils.java:logGet(46)) - raft.server.log.queue.byte-limit = 4294967296 (custom)
2024-04-29 10:04:46,528 [2fa79b0d-8934-45bf-9a4b-7d27b0482fa8-groupManagement] INFO  server.RaftServerConfigKeys (ConfUtils.java:logGet(46)) - raft.server.log.queue.element-limit = 1024 (custom)
2024-04-29 10:04:46,528 [2fa79b0d-8934-45bf-9a4b-7d27b0482fa8-groupManagement] INFO  server.RaftServerConfigKeys (ConfUtils.java:logGet(46)) - raft.server.log.segment.size.max = 67108864 (custom)
2024-04-29 10:04:46,528 [2fa79b0d-8934-45bf-9a4b-7d27b0482fa8-groupManagement] INFO  server.RaftServerConfigKeys (ConfUtils.java:logGet(46)) - raft.server.log.preallocated.size = 4194304 (custom)
2024-04-29 10:04:46,528 [2fa79b0d-8934-45bf-9a4b-7d27b0482fa8-groupManagement] INFO  server.RaftServerConfigKeys (ConfUtils.java:logGet(46)) - raft.server.log.force.sync.num = 128 (default)
2024-04-29 10:04:46,529 [2fa79b0d-8934-45bf-9a4b-7d27b0482fa8-groupManagement] INFO  server.RaftServerConfigKeys (ConfUtils.java:logGet(46)) - raft.server.log.statemachine.data.sync = true (default)
2024-04-29 10:04:46,529 [2fa79b0d-8934-45bf-9a4b-7d27b0482fa8-groupManagement] INFO  server.RaftServerConfigKeys (ConfUtils.java:logGet(46)) - raft.server.log.statemachine.data.sync.timeout = 10s (default)
2024-04-29 10:04:46,529 [2fa79b0d-8934-45bf-9a4b-7d27b0482fa8-groupManagement] INFO  server.RaftServerConfigKeys (ConfUtils.java:logGet(46)) - raft.server.log.statemachine.data.sync.timeout.retry = 30 (custom)
2024-04-29 10:04:46,529 [2fa79b0d-8934-45bf-9a4b-7d27b0482fa8-groupManagement] INFO  server.RaftServerConfigKeys (ConfUtils.java:logGet(46)) - raft.server.log.write.buffer.size = 8388616 (custom)
2024-04-29 10:04:46,531 [2fa79b0d-8934-45bf-9a4b-7d27b0482fa8-groupManagement] INFO  server.RaftServerConfigKeys (ConfUtils.java:logGet(46)) - raft.server.log.appender.buffer.byte-limit = 8388608 (custom)
2024-04-29 10:04:46,531 [2fa79b0d-8934-45bf-9a4b-7d27b0482fa8-groupManagement] INFO  server.RaftServerConfigKeys (ConfUtils.java:logGet(46)) - raft.server.log.unsafe-flush.enabled = false (default)
2024-04-29 10:04:46,531 [2fa79b0d-8934-45bf-9a4b-7d27b0482fa8-groupManagement] INFO  server.RaftServerConfigKeys (ConfUtils.java:logGet(46)) - raft.server.log.async-flush.enabled = false (default)
2024-04-29 10:04:46,531 [2fa79b0d-8934-45bf-9a4b-7d27b0482fa8-groupManagement] INFO  server.RaftServerConfigKeys (ConfUtils.java:logGet(46)) - raft.server.log.statemachine.data.caching.enabled = true (custom)
2024-04-29 10:04:46,531 [2fa79b0d-8934-45bf-9a4b-7d27b0482fa8-groupManagement] INFO  segmented.SegmentedRaftLogWorker (SegmentedRaftLogWorker.java:lambda$new$0(134)) - 2fa79b0d-8934-45bf-9a4b-7d27b0482fa8@group-E2D529BDD975-SegmentedRaftLogWorker: flushIndex: setUnconditionally 0 -> -1
2024-04-29 10:04:46,531 [2fa79b0d-8934-45bf-9a4b-7d27b0482fa8-groupManagement] INFO  segmented.SegmentedRaftLogWorker (SegmentedRaftLogWorker.java:lambda$new$0(134)) - 2fa79b0d-8934-45bf-9a4b-7d27b0482fa8@group-E2D529BDD975-SegmentedRaftLogWorker: safeCacheEvictIndex: setUnconditionally 0 -> -1
2024-04-29 10:04:46,532 [2fa79b0d-8934-45bf-9a4b-7d27b0482fa8-groupManagement] INFO  server.RaftServer$Division (RaftServerImpl.java:start(396)) - 2fa79b0d-8934-45bf-9a4b-7d27b0482fa8@group-E2D529BDD975: start as a follower, conf=-1: peers:[5831c0ab-0161-4108-a889-4f6b2f65c3d1|127.0.0.1:15130, 2fa79b0d-8934-45bf-9a4b-7d27b0482fa8|127.0.0.1:15148, 284a56ca-5c0a-4af3-8d75-aa8a7435325f|127.0.0.1:15139]|listeners:[], old=null
2024-04-29 10:04:46,532 [2fa79b0d-8934-45bf-9a4b-7d27b0482fa8-groupManagement] INFO  server.RaftServer$Division (RaftServerImpl.java:setRole(383)) - 2fa79b0d-8934-45bf-9a4b-7d27b0482fa8@group-E2D529BDD975: changes role from      null to FOLLOWER at term 0 for startAsFollower
2024-04-29 10:04:46,532 [2fa79b0d-8934-45bf-9a4b-7d27b0482fa8-groupManagement] INFO  impl.RoleInfo (RoleInfo.java:updateAndGet(139)) - 2fa79b0d-8934-45bf-9a4b-7d27b0482fa8: start 2fa79b0d-8934-45bf-9a4b-7d27b0482fa8@group-E2D529BDD975-FollowerState
2024-04-29 10:04:46,533 [2fa79b0d-8934-45bf-9a4b-7d27b0482fa8-groupManagement] INFO  util.JmxRegister (JmxRegister.java:tryRegister(44)) - Successfully registered JMX Bean with object name Ratis:service=RaftServer,group=group-E2D529BDD975,id=2fa79b0d-8934-45bf-9a4b-7d27b0482fa8
2024-04-29 10:04:46,533 [2fa79b0d-8934-45bf-9a4b-7d27b0482fa8-groupManagement] INFO  server.RaftServerConfigKeys (ConfUtils.java:logGet(46)) - raft.server.snapshot.trigger-when-stop.enabled = true (default)
2024-04-29 10:04:46,533 [2fa79b0d-8934-45bf-9a4b-7d27b0482fa8-groupManagement] INFO  server.RaftServerConfigKeys (ConfUtils.java:logGet(46)) - raft.server.snapshot.auto.trigger.enabled = true (custom)
2024-04-29 10:04:46,534 [2fa79b0d-8934-45bf-9a4b-7d27b0482fa8-groupManagement] INFO  server.RaftServerConfigKeys (ConfUtils.java:logGet(46)) - raft.server.snapshot.auto.trigger.threshold = 10000 (custom)
2024-04-29 10:04:46,534 [2fa79b0d-8934-45bf-9a4b-7d27b0482fa8-groupManagement] INFO  server.RaftServerConfigKeys (ConfUtils.java:logGet(46)) - raft.server.snapshot.retention.file.num = 5 (custom)
2024-04-29 10:04:46,534 [2fa79b0d-8934-45bf-9a4b-7d27b0482fa8-groupManagement] INFO  server.RaftServerConfigKeys (ConfUtils.java:logGet(46)) - raft.server.log.purge.upto.snapshot.index = false (default)
2024-04-29 10:04:46,534 [2fa79b0d-8934-45bf-9a4b-7d27b0482fa8@group-E2D529BDD975-FollowerState] INFO  server.RaftServerConfigKeys (ConfUtils.java:logFallback(53)) - raft.server.rpc.first-election.timeout.min = 5s (fallback to raft.server.rpc.timeout.min)
2024-04-29 10:04:46,534 [2fa79b0d-8934-45bf-9a4b-7d27b0482fa8@group-E2D529BDD975-FollowerState] INFO  server.RaftServerConfigKeys (ConfUtils.java:logFallback(53)) - raft.server.rpc.first-election.timeout.max = 5200ms (fallback to raft.server.rpc.timeout.max)
2024-04-29 10:04:46,548 [grpc-default-executor-0] INFO  server.RaftServer (RaftServerProxy.java:addNew(100)) - 284a56ca-5c0a-4af3-8d75-aa8a7435325f: addNew group-E2D529BDD975:[5831c0ab-0161-4108-a889-4f6b2f65c3d1|127.0.0.1:15130, 2fa79b0d-8934-45bf-9a4b-7d27b0482fa8|127.0.0.1:15148, 284a56ca-5c0a-4af3-8d75-aa8a7435325f|127.0.0.1:15139] returns group-E2D529BDD975:java.util.concurrent.CompletableFuture@229cac65[Not completed]
2024-04-29 10:04:46,550 [284a56ca-5c0a-4af3-8d75-aa8a7435325f-groupManagement] INFO  server.RaftServer$Division (RaftServerImpl.java:<init>(256)) - 284a56ca-5c0a-4af3-8d75-aa8a7435325f: new RaftServerImpl for group-E2D529BDD975:[5831c0ab-0161-4108-a889-4f6b2f65c3d1|127.0.0.1:15130, 2fa79b0d-8934-45bf-9a4b-7d27b0482fa8|127.0.0.1:15148, 284a56ca-5c0a-4af3-8d75-aa8a7435325f|127.0.0.1:15139] with ContainerStateMachine:uninitialized
2024-04-29 10:04:46,550 [284a56ca-5c0a-4af3-8d75-aa8a7435325f-groupManagement] INFO  server.RaftServerConfigKeys (ConfUtils.java:logGet(46)) - raft.server.rpc.timeout.min = 5s (custom)
2024-04-29 10:04:46,550 [284a56ca-5c0a-4af3-8d75-aa8a7435325f-groupManagement] INFO  server.RaftServerConfigKeys (ConfUtils.java:logGet(46)) - raft.server.rpc.timeout.max = 5200ms (custom)
2024-04-29 10:04:46,551 [284a56ca-5c0a-4af3-8d75-aa8a7435325f-groupManagement] INFO  server.RaftServerConfigKeys (ConfUtils.java:logGet(46)) - raft.server.rpc.sleep.time = 25ms (default)
2024-04-29 10:04:46,551 [284a56ca-5c0a-4af3-8d75-aa8a7435325f-groupManagement] INFO  server.RaftServerConfigKeys (ConfUtils.java:logGet(46)) - raft.server.rpc.slowness.timeout = 300000ms (custom)
2024-04-29 10:04:46,551 [284a56ca-5c0a-4af3-8d75-aa8a7435325f-groupManagement] INFO  server.RaftServerConfigKeys (ConfUtils.java:logGet(46)) - raft.server.leaderelection.leader.step-down.wait-time = 10s (default)
2024-04-29 10:04:46,552 [284a56ca-5c0a-4af3-8d75-aa8a7435325f-groupManagement] INFO  server.RaftServerConfigKeys (ConfUtils.java:logGet(46)) - raft.server.leaderelection.member.majority-add = false (default)
2024-04-29 10:04:46,552 [284a56ca-5c0a-4af3-8d75-aa8a7435325f-groupManagement] INFO  server.RaftServerConfigKeys (ConfUtils.java:logGet(46)) - raft.server.sleep.deviation.threshold = 300ms (default)
2024-04-29 10:04:46,552 [284a56ca-5c0a-4af3-8d75-aa8a7435325f-groupManagement] INFO  server.RaftServer$Division (ServerState.java:<init>(113)) - 284a56ca-5c0a-4af3-8d75-aa8a7435325f@group-E2D529BDD975: ConfigurationManager, init=-1: peers:[5831c0ab-0161-4108-a889-4f6b2f65c3d1|127.0.0.1:15130, 2fa79b0d-8934-45bf-9a4b-7d27b0482fa8|127.0.0.1:15148, 284a56ca-5c0a-4af3-8d75-aa8a7435325f|127.0.0.1:15139]|listeners:[], old=null, confs=<EMPTY_MAP>
2024-04-29 10:04:46,553 [284a56ca-5c0a-4af3-8d75-aa8a7435325f-groupManagement] INFO  server.RaftServerConfigKeys (ConfUtils.java:logGet(46)) - raft.server.notification.no-leader.timeout = 300000ms (custom)
2024-04-29 10:04:46,553 [284a56ca-5c0a-4af3-8d75-aa8a7435325f-groupManagement] INFO  server.RaftServerConfigKeys (ConfUtils.java:logGet(46)) - raft.server.read.timeout = 10s (default)
2024-04-29 10:04:46,553 [284a56ca-5c0a-4af3-8d75-aa8a7435325f-groupManagement] INFO  server.RaftServerConfigKeys (ConfUtils.java:logGet(46)) - raft.server.retrycache.expirytime = 600000ms (custom)
2024-04-29 10:04:46,554 [284a56ca-5c0a-4af3-8d75-aa8a7435325f-groupManagement] INFO  server.RaftServerConfigKeys (ConfUtils.java:logGet(46)) - raft.server.retrycache.statistics.expirytime = 100ms (default)
2024-04-29 10:04:46,554 [284a56ca-5c0a-4af3-8d75-aa8a7435325f-groupManagement] INFO  server.RaftServerConfigKeys (ConfUtils.java:logGet(46)) - raft.server.read.option = DEFAULT (default)
2024-04-29 10:04:46,555 [284a56ca-5c0a-4af3-8d75-aa8a7435325f-groupManagement] INFO  server.RaftServerConfigKeys (ConfUtils.java:logGet(46)) - raft.server.read.read-after-write-consistent.write-index-cache.expiry-time = 60s (default)
2024-04-29 10:04:46,558 [284a56ca-5c0a-4af3-8d75-aa8a7435325f-groupManagement] INFO  server.RaftServerConfigKeys (ConfUtils.java:logGet(46)) - raft.server.rpc.request.timeout = 3000ms (default)
2024-04-29 10:04:46,558 [284a56ca-5c0a-4af3-8d75-aa8a7435325f-groupManagement] INFO  server.RaftServerConfigKeys (ConfUtils.java:logGet(46)) - raft.server.log.appender.install.snapshot.enabled = false (custom)
2024-04-29 10:04:46,559 [284a56ca-5c0a-4af3-8d75-aa8a7435325f-groupManagement] INFO  server.RaftServerConfigKeys (ConfUtils.java:logGet(46)) - raft.server.threadpool.server.cached = true (default)
2024-04-29 10:04:46,559 [284a56ca-5c0a-4af3-8d75-aa8a7435325f-groupManagement] INFO  server.RaftServerConfigKeys (ConfUtils.java:logGet(46)) - raft.server.threadpool.server.size = 0 (default)
2024-04-29 10:04:46,559 [284a56ca-5c0a-4af3-8d75-aa8a7435325f-groupManagement] INFO  server.RaftServerConfigKeys (ConfUtils.java:logGet(46)) - raft.server.threadpool.client.cached = true (default)
2024-04-29 10:04:46,560 [284a56ca-5c0a-4af3-8d75-aa8a7435325f-groupManagement] INFO  server.RaftServerConfigKeys (ConfUtils.java:logGet(46)) - raft.server.threadpool.client.size = 0 (default)
2024-04-29 10:04:46,562 [284a56ca-5c0a-4af3-8d75-aa8a7435325f-groupManagement] INFO  server.RaftServerConfigKeys (ConfUtils.java:logGet(46)) - raft.server.storage.free-space.min = 0MB (=0) (default)
2024-04-29 10:04:46,562 [284a56ca-5c0a-4af3-8d75-aa8a7435325f-groupManagement] INFO  server.RaftServerConfigKeys (ConfUtils.java:logGet(46)) - raft.server.log.corruption.policy = EXCEPTION (default)
2024-04-29 10:04:46,563 [284a56ca-5c0a-4af3-8d75-aa8a7435325f-groupManagement] INFO  server.RaftServerConfigKeys (ConfUtils.java:logGet(46)) - raft.server.storage.dir = [/home/runner/work/ozone/ozone/hadoop-ozone/integration-test/target/test-dir/MiniOzoneClusterImpl-b6e902a5-721a-459f-a115-5ddcd789b87e/ozone-meta/datanode-5/ratis] (custom)
2024-04-29 10:04:46,563 [284a56ca-5c0a-4af3-8d75-aa8a7435325f-groupManagement] INFO  storage.RaftStorageDirectory (RaftStorageDirectoryImpl.java:analyzeStorage(138)) - The storage directory /home/runner/work/ozone/ozone/hadoop-ozone/integration-test/target/test-dir/MiniOzoneClusterImpl-b6e902a5-721a-459f-a115-5ddcd789b87e/ozone-meta/datanode-5/ratis/5ffe0956-3746-478e-8a75-e2d529bdd975 does not exist. Creating ...
2024-04-29 10:04:46,564 [284a56ca-5c0a-4af3-8d75-aa8a7435325f-groupManagement] INFO  storage.RaftStorageDirectory (RaftStorageDirectoryImpl.java:tryLock(228)) - Lock on /home/runner/work/ozone/ozone/hadoop-ozone/integration-test/target/test-dir/MiniOzoneClusterImpl-b6e902a5-721a-459f-a115-5ddcd789b87e/ozone-meta/datanode-5/ratis/5ffe0956-3746-478e-8a75-e2d529bdd975/in_use.lock acquired by nodename 20825@fv-az913-54
2024-04-29 10:04:46,566 [284a56ca-5c0a-4af3-8d75-aa8a7435325f-PipelineCommandHandlerThread-0] INFO  server.RaftServer (RaftServerProxy.java:addNew(100)) - 284a56ca-5c0a-4af3-8d75-aa8a7435325f: addNew group-E31CF257AE05:[284a56ca-5c0a-4af3-8d75-aa8a7435325f|127.0.0.1:15139] returns group-E31CF257AE05:java.util.concurrent.CompletableFuture@3551b979[Not completed]
2024-04-29 10:04:46,566 [284a56ca-5c0a-4af3-8d75-aa8a7435325f-groupManagement] INFO  storage.RaftStorage (RaftStorageImpl.java:format(99)) - Storage directory /home/runner/work/ozone/ozone/hadoop-ozone/integration-test/target/test-dir/MiniOzoneClusterImpl-b6e902a5-721a-459f-a115-5ddcd789b87e/ozone-meta/datanode-5/ratis/5ffe0956-3746-478e-8a75-e2d529bdd975 has been successfully formatted.
2024-04-29 10:04:46,566 [284a56ca-5c0a-4af3-8d75-aa8a7435325f-groupManagement] WARN  util.FileUtils (LogUtils.java:supplyAndLog(63)) - Failed to Files.newInputStream /home/runner/work/ozone/ozone/hadoop-ozone/integration-test/target/test-dir/MiniOzoneClusterImpl-b6e902a5-721a-459f-a115-5ddcd789b87e/ozone-meta/datanode-5/ratis/5ffe0956-3746-478e-8a75-e2d529bdd975/current/raft-meta.conf with options []: java.nio.file.NoSuchFileException: /home/runner/work/ozone/ozone/hadoop-ozone/integration-test/target/test-dir/MiniOzoneClusterImpl-b6e902a5-721a-459f-a115-5ddcd789b87e/ozone-meta/datanode-5/ratis/5ffe0956-3746-478e-8a75-e2d529bdd975/current/raft-meta.conf
2024-04-29 10:04:46,567 [284a56ca-5c0a-4af3-8d75-aa8a7435325f-groupManagement] INFO  ratis.ContainerStateMachine (ContainerStateMachine.java:loadSnapshot(287)) - group-E2D529BDD975: The snapshot info is null. Setting the last applied index to:(t:0, i:~)
2024-04-29 10:04:46,567 [284a56ca-5c0a-4af3-8d75-aa8a7435325f-groupManagement] INFO  server.RaftServerConfigKeys (ConfUtils.java:logGet(46)) - raft.server.log.use.memory = false (default)
2024-04-29 10:04:46,568 [284a56ca-5c0a-4af3-8d75-aa8a7435325f-groupManagement] INFO  server.RaftServerConfigKeys (ConfUtils.java:logGet(46)) - raft.server.log.purge.gap = 1000000 (custom)
2024-04-29 10:04:46,568 [284a56ca-5c0a-4af3-8d75-aa8a7435325f-groupManagement] INFO  server.RaftServerConfigKeys (ConfUtils.java:logGet(46)) - raft.server.log.appender.buffer.byte-limit = 8388608 (custom)
2024-04-29 10:04:46,569 [EventQueue-PipelineReportForPipelineReportHandler] INFO  pipeline.PipelineReportHandler (PipelineReportHandler.java:processPipelineReport(136)) - Opened pipeline PipelineID=97721f86-148f-4610-9304-e31cf257ae05
2024-04-29 10:04:46,570 [EventQueue-OpenPipelineForHealthyPipelineSafeModeRule] INFO  safemode.SCMSafeModeManager (HealthyPipelineSafeModeRule.java:process(140)) - SCM in safe mode. Healthy pipelines reported count is 0, required healthy pipeline reported count is 1
2024-04-29 10:04:46,569 [284a56ca-5c0a-4af3-8d75-aa8a7435325f-groupManagement] INFO  server.RaftServerConfigKeys (ConfUtils.java:logGet(46)) - raft.server.log.statemachine.data.read.timeout = 1000ms (default)
2024-04-29 10:04:46,570 [284a56ca-5c0a-4af3-8d75-aa8a7435325f-groupManagement] INFO  server.RaftServerConfigKeys (ConfUtils.java:logGet(46)) - raft.server.log.purge.preservation.log.num = 0 (default)
2024-04-29 10:04:46,572 [284a56ca-5c0a-4af3-8d75-aa8a7435325f-groupManagement] INFO  server.RaftServerConfigKeys (ConfUtils.java:logGet(46)) - raft.server.log.segment.size.max = 67108864 (custom)
2024-04-29 10:04:46,572 [284a56ca-5c0a-4af3-8d75-aa8a7435325f-groupManagement] INFO  server.RaftServerConfigKeys (ConfUtils.java:logGet(46)) - raft.server.log.segment.cache.num.max = 2 (custom)
2024-04-29 10:04:46,572 [284a56ca-5c0a-4af3-8d75-aa8a7435325f-groupManagement] INFO  server.RaftServerConfigKeys (ConfUtils.java:logGet(46)) - raft.server.log.segment.cache.size.max = 200MB (=209715200) (default)
2024-04-29 10:04:46,572 [284a56ca-5c0a-4af3-8d75-aa8a7435325f-groupManagement] INFO  server.RaftServerConfigKeys (ConfUtils.java:logGet(46)) - raft.server.log.appender.buffer.byte-limit = 8388608 (custom)
2024-04-29 10:04:46,573 [284a56ca-5c0a-4af3-8d75-aa8a7435325f-groupManagement] INFO  util.AwaitToRun (AwaitToRun.java:start(81)) - Thread[284a56ca-5c0a-4af3-8d75-aa8a7435325f@group-E2D529BDD975-cacheEviction-AwaitToRun,5,main] started
2024-04-29 10:04:46,573 [284a56ca-5c0a-4af3-8d75-aa8a7435325f-groupManagement] INFO  segmented.SegmentedRaftLogWorker (SegmentedRaftLogWorker.java:<init>(182)) - new 284a56ca-5c0a-4af3-8d75-aa8a7435325f@group-E2D529BDD975-SegmentedRaftLogWorker for RaftStorageImpl:Storage Directory /home/runner/work/ozone/ozone/hadoop-ozone/integration-test/target/test-dir/MiniOzoneClusterImpl-b6e902a5-721a-459f-a115-5ddcd789b87e/ozone-meta/datanode-5/ratis/5ffe0956-3746-478e-8a75-e2d529bdd975
2024-04-29 10:04:46,573 [284a56ca-5c0a-4af3-8d75-aa8a7435325f-groupManagement] INFO  server.RaftServerConfigKeys (ConfUtils.java:logGet(46)) - raft.server.log.queue.byte-limit = 4294967296 (custom)
2024-04-29 10:04:46,573 [284a56ca-5c0a-4af3-8d75-aa8a7435325f-groupManagement] INFO  server.RaftServerConfigKeys (ConfUtils.java:logGet(46)) - raft.server.log.queue.element-limit = 1024 (custom)
2024-04-29 10:04:46,573 [284a56ca-5c0a-4af3-8d75-aa8a7435325f-groupManagement] INFO  server.RaftServerConfigKeys (ConfUtils.java:logGet(46)) - raft.server.log.segment.size.max = 67108864 (custom)
2024-04-29 10:04:46,574 [284a56ca-5c0a-4af3-8d75-aa8a7435325f-groupManagement] INFO  server.RaftServerConfigKeys (ConfUtils.java:logGet(46)) - raft.server.log.preallocated.size = 4194304 (custom)
2024-04-29 10:04:46,574 [284a56ca-5c0a-4af3-8d75-aa8a7435325f-groupManagement] INFO  server.RaftServerConfigKeys (ConfUtils.java:logGet(46)) - raft.server.log.force.sync.num = 128 (default)
2024-04-29 10:04:46,574 [284a56ca-5c0a-4af3-8d75-aa8a7435325f-groupManagement] INFO  server.RaftServerConfigKeys (ConfUtils.java:logGet(46)) - raft.server.log.statemachine.data.sync = true (default)
2024-04-29 10:04:46,574 [284a56ca-5c0a-4af3-8d75-aa8a7435325f-groupManagement] INFO  server.RaftServerConfigKeys (ConfUtils.java:logGet(46)) - raft.server.log.statemachine.data.sync.timeout = 10s (default)
2024-04-29 10:04:46,574 [284a56ca-5c0a-4af3-8d75-aa8a7435325f-groupManagement] INFO  server.RaftServerConfigKeys (ConfUtils.java:logGet(46)) - raft.server.log.statemachine.data.sync.timeout.retry = 30 (custom)
2024-04-29 10:04:46,574 [284a56ca-5c0a-4af3-8d75-aa8a7435325f-groupManagement] INFO  server.RaftServerConfigKeys (ConfUtils.java:logGet(46)) - raft.server.log.write.buffer.size = 8388616 (custom)
2024-04-29 10:04:46,576 [284a56ca-5c0a-4af3-8d75-aa8a7435325f-groupManagement] INFO  server.RaftServerConfigKeys (ConfUtils.java:logGet(46)) - raft.server.log.appender.buffer.byte-limit = 8388608 (custom)
2024-04-29 10:04:46,576 [284a56ca-5c0a-4af3-8d75-aa8a7435325f-groupManagement] INFO  server.RaftServerConfigKeys (ConfUtils.java:logGet(46)) - raft.server.log.unsafe-flush.enabled = false (default)
2024-04-29 10:04:46,576 [284a56ca-5c0a-4af3-8d75-aa8a7435325f-groupManagement] INFO  server.RaftServerConfigKeys (ConfUtils.java:logGet(46)) - raft.server.log.async-flush.enabled = false (default)
2024-04-29 10:04:46,576 [284a56ca-5c0a-4af3-8d75-aa8a7435325f-groupManagement] INFO  server.RaftServerConfigKeys (ConfUtils.java:logGet(46)) - raft.server.log.statemachine.data.caching.enabled = true (custom)
2024-04-29 10:04:46,576 [284a56ca-5c0a-4af3-8d75-aa8a7435325f-groupManagement] INFO  segmented.SegmentedRaftLogWorker (SegmentedRaftLogWorker.java:lambda$new$0(134)) - 284a56ca-5c0a-4af3-8d75-aa8a7435325f@group-E2D529BDD975-SegmentedRaftLogWorker: flushIndex: setUnconditionally 0 -> -1
2024-04-29 10:04:46,576 [284a56ca-5c0a-4af3-8d75-aa8a7435325f-groupManagement] INFO  segmented.SegmentedRaftLogWorker (SegmentedRaftLogWorker.java:lambda$new$0(134)) - 284a56ca-5c0a-4af3-8d75-aa8a7435325f@group-E2D529BDD975-SegmentedRaftLogWorker: safeCacheEvictIndex: setUnconditionally 0 -> -1
2024-04-29 10:04:46,577 [284a56ca-5c0a-4af3-8d75-aa8a7435325f-groupManagement] INFO  server.RaftServer$Division (RaftServerImpl.java:start(396)) - 284a56ca-5c0a-4af3-8d75-aa8a7435325f@group-E2D529BDD975: start as a follower, conf=-1: peers:[5831c0ab-0161-4108-a889-4f6b2f65c3d1|127.0.0.1:15130, 2fa79b0d-8934-45bf-9a4b-7d27b0482fa8|127.0.0.1:15148, 284a56ca-5c0a-4af3-8d75-aa8a7435325f|127.0.0.1:15139]|listeners:[], old=null
2024-04-29 10:04:46,577 [284a56ca-5c0a-4af3-8d75-aa8a7435325f-groupManagement] INFO  server.RaftServer$Division (RaftServerImpl.java:setRole(383)) - 284a56ca-5c0a-4af3-8d75-aa8a7435325f@group-E2D529BDD975: changes role from      null to FOLLOWER at term 0 for startAsFollower
2024-04-29 10:04:46,577 [284a56ca-5c0a-4af3-8d75-aa8a7435325f-groupManagement] INFO  impl.RoleInfo (RoleInfo.java:updateAndGet(139)) - 284a56ca-5c0a-4af3-8d75-aa8a7435325f: start 284a56ca-5c0a-4af3-8d75-aa8a7435325f@group-E2D529BDD975-FollowerState
2024-04-29 10:04:46,581 [284a56ca-5c0a-4af3-8d75-aa8a7435325f-groupManagement] INFO  util.JmxRegister (JmxRegister.java:tryRegister(44)) - Successfully registered JMX Bean with object name Ratis:service=RaftServer,group=group-E2D529BDD975,id=284a56ca-5c0a-4af3-8d75-aa8a7435325f
2024-04-29 10:04:46,581 [284a56ca-5c0a-4af3-8d75-aa8a7435325f-groupManagement] INFO  server.RaftServerConfigKeys (ConfUtils.java:logGet(46)) - raft.server.snapshot.trigger-when-stop.enabled = true (default)
2024-04-29 10:04:46,581 [284a56ca-5c0a-4af3-8d75-aa8a7435325f-groupManagement] INFO  server.RaftServerConfigKeys (ConfUtils.java:logGet(46)) - raft.server.snapshot.auto.trigger.enabled = true (custom)
2024-04-29 10:04:46,581 [284a56ca-5c0a-4af3-8d75-aa8a7435325f-groupManagement] INFO  server.RaftServerConfigKeys (ConfUtils.java:logGet(46)) - raft.server.snapshot.auto.trigger.threshold = 10000 (custom)
2024-04-29 10:04:46,582 [284a56ca-5c0a-4af3-8d75-aa8a7435325f-groupManagement] INFO  server.RaftServerConfigKeys (ConfUtils.java:logGet(46)) - raft.server.snapshot.retention.file.num = 5 (custom)
2024-04-29 10:04:46,582 [284a56ca-5c0a-4af3-8d75-aa8a7435325f-groupManagement] INFO  server.RaftServerConfigKeys (ConfUtils.java:logGet(46)) - raft.server.log.purge.upto.snapshot.index = false (default)
2024-04-29 10:04:46,582 [284a56ca-5c0a-4af3-8d75-aa8a7435325f@group-E2D529BDD975-FollowerState] INFO  server.RaftServerConfigKeys (ConfUtils.java:logFallback(53)) - raft.server.rpc.first-election.timeout.min = 5s (fallback to raft.server.rpc.timeout.min)
2024-04-29 10:04:46,582 [284a56ca-5c0a-4af3-8d75-aa8a7435325f@group-E2D529BDD975-FollowerState] INFO  server.RaftServerConfigKeys (ConfUtils.java:logFallback(53)) - raft.server.rpc.first-election.timeout.max = 5200ms (fallback to raft.server.rpc.timeout.max)
2024-04-29 10:04:46,589 [284a56ca-5c0a-4af3-8d75-aa8a7435325f-groupManagement] INFO  server.RaftServer$Division (RaftServerImpl.java:<init>(256)) - 284a56ca-5c0a-4af3-8d75-aa8a7435325f: new RaftServerImpl for group-E31CF257AE05:[284a56ca-5c0a-4af3-8d75-aa8a7435325f|127.0.0.1:15139] with ContainerStateMachine:uninitialized
2024-04-29 10:04:46,589 [284a56ca-5c0a-4af3-8d75-aa8a7435325f-groupManagement] INFO  server.RaftServerConfigKeys (ConfUtils.java:logGet(46)) - raft.server.rpc.timeout.min = 5s (custom)
2024-04-29 10:04:46,589 [284a56ca-5c0a-4af3-8d75-aa8a7435325f-groupManagement] INFO  server.RaftServerConfigKeys (ConfUtils.java:logGet(46)) - raft.server.rpc.timeout.max = 5200ms (custom)
2024-04-29 10:04:46,589 [284a56ca-5c0a-4af3-8d75-aa8a7435325f-groupManagement] INFO  server.RaftServerConfigKeys (ConfUtils.java:logGet(46)) - raft.server.rpc.sleep.time = 25ms (default)
2024-04-29 10:04:46,589 [284a56ca-5c0a-4af3-8d75-aa8a7435325f-groupManagement] INFO  server.RaftServerConfigKeys (ConfUtils.java:logGet(46)) - raft.server.rpc.slowness.timeout = 300000ms (custom)
2024-04-29 10:04:46,589 [284a56ca-5c0a-4af3-8d75-aa8a7435325f-groupManagement] INFO  server.RaftServerConfigKeys (ConfUtils.java:logGet(46)) - raft.server.leaderelection.leader.step-down.wait-time = 10s (default)
2024-04-29 10:04:46,589 [284a56ca-5c0a-4af3-8d75-aa8a7435325f-groupManagement] INFO  server.RaftServerConfigKeys (ConfUtils.java:logGet(46)) - raft.server.leaderelection.member.majority-add = false (default)
2024-04-29 10:04:46,589 [284a56ca-5c0a-4af3-8d75-aa8a7435325f-groupManagement] INFO  server.RaftServerConfigKeys (ConfUtils.java:logGet(46)) - raft.server.sleep.deviation.threshold = 300ms (default)
2024-04-29 10:04:46,589 [284a56ca-5c0a-4af3-8d75-aa8a7435325f-groupManagement] INFO  server.RaftServer$Division (ServerState.java:<init>(113)) - 284a56ca-5c0a-4af3-8d75-aa8a7435325f@group-E31CF257AE05: ConfigurationManager, init=-1: peers:[284a56ca-5c0a-4af3-8d75-aa8a7435325f|127.0.0.1:15139]|listeners:[], old=null, confs=<EMPTY_MAP>
2024-04-29 10:04:46,589 [284a56ca-5c0a-4af3-8d75-aa8a7435325f-groupManagement] INFO  server.RaftServerConfigKeys (ConfUtils.java:logGet(46)) - raft.server.notification.no-leader.timeout = 300000ms (custom)
2024-04-29 10:04:46,589 [284a56ca-5c0a-4af3-8d75-aa8a7435325f-groupManagement] INFO  server.RaftServerConfigKeys (ConfUtils.java:logGet(46)) - raft.server.read.timeout = 10s (default)
2024-04-29 10:04:46,589 [284a56ca-5c0a-4af3-8d75-aa8a7435325f-groupManagement] INFO  server.RaftServerConfigKeys (ConfUtils.java:logGet(46)) - raft.server.retrycache.expirytime = 600000ms (custom)
2024-04-29 10:04:46,589 [284a56ca-5c0a-4af3-8d75-aa8a7435325f-groupManagement] INFO  server.RaftServerConfigKeys (ConfUtils.java:logGet(46)) - raft.server.retrycache.statistics.expirytime = 100ms (default)
2024-04-29 10:04:46,589 [284a56ca-5c0a-4af3-8d75-aa8a7435325f-groupManagement] INFO  server.RaftServerConfigKeys (ConfUtils.java:logGet(46)) - raft.server.read.option = DEFAULT (default)
2024-04-29 10:04:46,589 [284a56ca-5c0a-4af3-8d75-aa8a7435325f-groupManagement] INFO  server.RaftServerConfigKeys (ConfUtils.java:logGet(46)) - raft.server.read.read-after-write-consistent.write-index-cache.expiry-time = 60s (default)
2024-04-29 10:04:46,590 [5831c0ab-0161-4108-a889-4f6b2f65c3d1-PipelineCommandHandlerThread-0] INFO  commandhandler.CreatePipelineCommandHandler (CreatePipelineCommandHandler.java:lambda$handle$2(124)) - Created Pipeline RATIS THREE PipelineID=5ffe0956-3746-478e-8a75-e2d529bdd975.
2024-04-29 10:04:46,592 [284a56ca-5c0a-4af3-8d75-aa8a7435325f-groupManagement] INFO  server.RaftServerConfigKeys (ConfUtils.java:logGet(46)) - raft.server.rpc.request.timeout = 3000ms (default)
2024-04-29 10:04:46,592 [284a56ca-5c0a-4af3-8d75-aa8a7435325f-groupManagement] INFO  server.RaftServerConfigKeys (ConfUtils.java:logGet(46)) - raft.server.log.appender.install.snapshot.enabled = false (custom)
2024-04-29 10:04:46,592 [284a56ca-5c0a-4af3-8d75-aa8a7435325f-groupManagement] INFO  server.RaftServerConfigKeys (ConfUtils.java:logGet(46)) - raft.server.threadpool.server.cached = true (default)
2024-04-29 10:04:46,592 [284a56ca-5c0a-4af3-8d75-aa8a7435325f-groupManagement] INFO  server.RaftServerConfigKeys (ConfUtils.java:logGet(46)) - raft.server.threadpool.server.size = 0 (default)
2024-04-29 10:04:46,592 [284a56ca-5c0a-4af3-8d75-aa8a7435325f-groupManagement] INFO  server.RaftServerConfigKeys (ConfUtils.java:logGet(46)) - raft.server.threadpool.client.cached = true (default)
2024-04-29 10:04:46,592 [284a56ca-5c0a-4af3-8d75-aa8a7435325f-groupManagement] INFO  server.RaftServerConfigKeys (ConfUtils.java:logGet(46)) - raft.server.threadpool.client.size = 0 (default)
2024-04-29 10:04:46,592 [284a56ca-5c0a-4af3-8d75-aa8a7435325f-groupManagement] INFO  server.RaftServerConfigKeys (ConfUtils.java:logGet(46)) - raft.server.storage.free-space.min = 0MB (=0) (default)
2024-04-29 10:04:46,592 [284a56ca-5c0a-4af3-8d75-aa8a7435325f-groupManagement] INFO  server.RaftServerConfigKeys (ConfUtils.java:logGet(46)) - raft.server.log.corruption.policy = EXCEPTION (default)
2024-04-29 10:04:46,593 [284a56ca-5c0a-4af3-8d75-aa8a7435325f-groupManagement] INFO  server.RaftServerConfigKeys (ConfUtils.java:logGet(46)) - raft.server.storage.dir = [/home/runner/work/ozone/ozone/hadoop-ozone/integration-test/target/test-dir/MiniOzoneClusterImpl-b6e902a5-721a-459f-a115-5ddcd789b87e/ozone-meta/datanode-5/ratis] (custom)
2024-04-29 10:04:46,593 [284a56ca-5c0a-4af3-8d75-aa8a7435325f-groupManagement] INFO  storage.RaftStorageDirectory (RaftStorageDirectoryImpl.java:analyzeStorage(138)) - The storage directory /home/runner/work/ozone/ozone/hadoop-ozone/integration-test/target/test-dir/MiniOzoneClusterImpl-b6e902a5-721a-459f-a115-5ddcd789b87e/ozone-meta/datanode-5/ratis/97721f86-148f-4610-9304-e31cf257ae05 does not exist. Creating ...
2024-04-29 10:04:46,594 [284a56ca-5c0a-4af3-8d75-aa8a7435325f-groupManagement] INFO  storage.RaftStorageDirectory (RaftStorageDirectoryImpl.java:tryLock(228)) - Lock on /home/runner/work/ozone/ozone/hadoop-ozone/integration-test/target/test-dir/MiniOzoneClusterImpl-b6e902a5-721a-459f-a115-5ddcd789b87e/ozone-meta/datanode-5/ratis/97721f86-148f-4610-9304-e31cf257ae05/in_use.lock acquired by nodename 20825@fv-az913-54
2024-04-29 10:04:46,595 [284a56ca-5c0a-4af3-8d75-aa8a7435325f-groupManagement] INFO  storage.RaftStorage (RaftStorageImpl.java:format(99)) - Storage directory /home/runner/work/ozone/ozone/hadoop-ozone/integration-test/target/test-dir/MiniOzoneClusterImpl-b6e902a5-721a-459f-a115-5ddcd789b87e/ozone-meta/datanode-5/ratis/97721f86-148f-4610-9304-e31cf257ae05 has been successfully formatted.
2024-04-29 10:04:46,595 [284a56ca-5c0a-4af3-8d75-aa8a7435325f-groupManagement] WARN  util.FileUtils (LogUtils.java:supplyAndLog(63)) - Failed to Files.newInputStream /home/runner/work/ozone/ozone/hadoop-ozone/integration-test/target/test-dir/MiniOzoneClusterImpl-b6e902a5-721a-459f-a115-5ddcd789b87e/ozone-meta/datanode-5/ratis/97721f86-148f-4610-9304-e31cf257ae05/current/raft-meta.conf with options []: java.nio.file.NoSuchFileException: /home/runner/work/ozone/ozone/hadoop-ozone/integration-test/target/test-dir/MiniOzoneClusterImpl-b6e902a5-721a-459f-a115-5ddcd789b87e/ozone-meta/datanode-5/ratis/97721f86-148f-4610-9304-e31cf257ae05/current/raft-meta.conf
2024-04-29 10:04:46,595 [284a56ca-5c0a-4af3-8d75-aa8a7435325f-groupManagement] INFO  ratis.ContainerStateMachine (ContainerStateMachine.java:loadSnapshot(287)) - group-E31CF257AE05: The snapshot info is null. Setting the last applied index to:(t:0, i:~)
2024-04-29 10:04:46,595 [284a56ca-5c0a-4af3-8d75-aa8a7435325f-groupManagement] INFO  server.RaftServerConfigKeys (ConfUtils.java:logGet(46)) - raft.server.log.use.memory = false (default)
2024-04-29 10:04:46,596 [284a56ca-5c0a-4af3-8d75-aa8a7435325f-groupManagement] INFO  server.RaftServerConfigKeys (ConfUtils.java:logGet(46)) - raft.server.log.purge.gap = 1000000 (custom)
2024-04-29 10:04:46,596 [284a56ca-5c0a-4af3-8d75-aa8a7435325f-groupManagement] INFO  server.RaftServerConfigKeys (ConfUtils.java:logGet(46)) - raft.server.log.appender.buffer.byte-limit = 8388608 (custom)
2024-04-29 10:04:46,596 [284a56ca-5c0a-4af3-8d75-aa8a7435325f-groupManagement] INFO  server.RaftServerConfigKeys (ConfUtils.java:logGet(46)) - raft.server.log.statemachine.data.read.timeout = 1000ms (default)
2024-04-29 10:04:46,596 [284a56ca-5c0a-4af3-8d75-aa8a7435325f-groupManagement] INFO  server.RaftServerConfigKeys (ConfUtils.java:logGet(46)) - raft.server.log.purge.preservation.log.num = 0 (default)
2024-04-29 10:04:46,597 [EventQueue-OpenPipelineForHealthyPipelineSafeModeRule] INFO  safemode.SCMSafeModeManager (HealthyPipelineSafeModeRule.java:process(140)) - SCM in safe mode. Healthy pipelines reported count is 0, required healthy pipeline reported count is 1
2024-04-29 10:04:46,598 [284a56ca-5c0a-4af3-8d75-aa8a7435325f-groupManagement] INFO  server.RaftServerConfigKeys (ConfUtils.java:logGet(46)) - raft.server.log.segment.size.max = 67108864 (custom)
2024-04-29 10:04:46,599 [284a56ca-5c0a-4af3-8d75-aa8a7435325f-groupManagement] INFO  server.RaftServerConfigKeys (ConfUtils.java:logGet(46)) - raft.server.log.segment.cache.num.max = 2 (custom)
2024-04-29 10:04:46,599 [284a56ca-5c0a-4af3-8d75-aa8a7435325f-groupManagement] INFO  server.RaftServerConfigKeys (ConfUtils.java:logGet(46)) - raft.server.log.segment.cache.size.max = 200MB (=209715200) (default)
2024-04-29 10:04:46,599 [284a56ca-5c0a-4af3-8d75-aa8a7435325f-groupManagement] INFO  server.RaftServerConfigKeys (ConfUtils.java:logGet(46)) - raft.server.log.appender.buffer.byte-limit = 8388608 (custom)
2024-04-29 10:04:46,601 [284a56ca-5c0a-4af3-8d75-aa8a7435325f-groupManagement] INFO  util.AwaitToRun (AwaitToRun.java:start(81)) - Thread[284a56ca-5c0a-4af3-8d75-aa8a7435325f@group-E31CF257AE05-cacheEviction-AwaitToRun,5,main] started
2024-04-29 10:04:46,601 [284a56ca-5c0a-4af3-8d75-aa8a7435325f-groupManagement] INFO  segmented.SegmentedRaftLogWorker (SegmentedRaftLogWorker.java:<init>(182)) - new 284a56ca-5c0a-4af3-8d75-aa8a7435325f@group-E31CF257AE05-SegmentedRaftLogWorker for RaftStorageImpl:Storage Directory /home/runner/work/ozone/ozone/hadoop-ozone/integration-test/target/test-dir/MiniOzoneClusterImpl-b6e902a5-721a-459f-a115-5ddcd789b87e/ozone-meta/datanode-5/ratis/97721f86-148f-4610-9304-e31cf257ae05
2024-04-29 10:04:46,602 [284a56ca-5c0a-4af3-8d75-aa8a7435325f-groupManagement] INFO  server.RaftServerConfigKeys (ConfUtils.java:logGet(46)) - raft.server.log.queue.byte-limit = 4294967296 (custom)
2024-04-29 10:04:46,602 [284a56ca-5c0a-4af3-8d75-aa8a7435325f-groupManagement] INFO  server.RaftServerConfigKeys (ConfUtils.java:logGet(46)) - raft.server.log.queue.element-limit = 1024 (custom)
2024-04-29 10:04:46,602 [284a56ca-5c0a-4af3-8d75-aa8a7435325f-groupManagement] INFO  server.RaftServerConfigKeys (ConfUtils.java:logGet(46)) - raft.server.log.segment.size.max = 67108864 (custom)
2024-04-29 10:04:46,602 [284a56ca-5c0a-4af3-8d75-aa8a7435325f-groupManagement] INFO  server.RaftServerConfigKeys (ConfUtils.java:logGet(46)) - raft.server.log.preallocated.size = 4194304 (custom)
2024-04-29 10:04:46,602 [284a56ca-5c0a-4af3-8d75-aa8a7435325f-groupManagement] INFO  server.RaftServerConfigKeys (ConfUtils.java:logGet(46)) - raft.server.log.force.sync.num = 128 (default)
2024-04-29 10:04:46,603 [284a56ca-5c0a-4af3-8d75-aa8a7435325f-groupManagement] INFO  server.RaftServerConfigKeys (ConfUtils.java:logGet(46)) - raft.server.log.statemachine.data.sync = true (default)
2024-04-29 10:04:46,603 [284a56ca-5c0a-4af3-8d75-aa8a7435325f-groupManagement] INFO  server.RaftServerConfigKeys (ConfUtils.java:logGet(46)) - raft.server.log.statemachine.data.sync.timeout = 10s (default)
2024-04-29 10:04:46,603 [284a56ca-5c0a-4af3-8d75-aa8a7435325f-groupManagement] INFO  server.RaftServerConfigKeys (ConfUtils.java:logGet(46)) - raft.server.log.statemachine.data.sync.timeout.retry = 30 (custom)
2024-04-29 10:04:46,603 [284a56ca-5c0a-4af3-8d75-aa8a7435325f-groupManagement] INFO  server.RaftServerConfigKeys (ConfUtils.java:logGet(46)) - raft.server.log.write.buffer.size = 8388616 (custom)
2024-04-29 10:04:46,605 [284a56ca-5c0a-4af3-8d75-aa8a7435325f-groupManagement] INFO  server.RaftServerConfigKeys (ConfUtils.java:logGet(46)) - raft.server.log.appender.buffer.byte-limit = 8388608 (custom)
2024-04-29 10:04:46,605 [284a56ca-5c0a-4af3-8d75-aa8a7435325f-groupManagement] INFO  server.RaftServerConfigKeys (ConfUtils.java:logGet(46)) - raft.server.log.unsafe-flush.enabled = false (default)
2024-04-29 10:04:46,605 [284a56ca-5c0a-4af3-8d75-aa8a7435325f-groupManagement] INFO  server.RaftServerConfigKeys (ConfUtils.java:logGet(46)) - raft.server.log.async-flush.enabled = false (default)
2024-04-29 10:04:46,605 [284a56ca-5c0a-4af3-8d75-aa8a7435325f-groupManagement] INFO  server.RaftServerConfigKeys (ConfUtils.java:logGet(46)) - raft.server.log.statemachine.data.caching.enabled = true (custom)
2024-04-29 10:04:46,605 [284a56ca-5c0a-4af3-8d75-aa8a7435325f-groupManagement] INFO  segmented.SegmentedRaftLogWorker (SegmentedRaftLogWorker.java:lambda$new$0(134)) - 284a56ca-5c0a-4af3-8d75-aa8a7435325f@group-E31CF257AE05-SegmentedRaftLogWorker: flushIndex: setUnconditionally 0 -> -1
2024-04-29 10:04:46,605 [284a56ca-5c0a-4af3-8d75-aa8a7435325f-groupManagement] INFO  segmented.SegmentedRaftLogWorker (SegmentedRaftLogWorker.java:lambda$new$0(134)) - 284a56ca-5c0a-4af3-8d75-aa8a7435325f@group-E31CF257AE05-SegmentedRaftLogWorker: safeCacheEvictIndex: setUnconditionally 0 -> -1
2024-04-29 10:04:46,606 [284a56ca-5c0a-4af3-8d75-aa8a7435325f-groupManagement] INFO  server.RaftServer$Division (RaftServerImpl.java:start(396)) - 284a56ca-5c0a-4af3-8d75-aa8a7435325f@group-E31CF257AE05: start as a follower, conf=-1: peers:[284a56ca-5c0a-4af3-8d75-aa8a7435325f|127.0.0.1:15139]|listeners:[], old=null
2024-04-29 10:04:46,606 [284a56ca-5c0a-4af3-8d75-aa8a7435325f-groupManagement] INFO  server.RaftServer$Division (RaftServerImpl.java:setRole(383)) - 284a56ca-5c0a-4af3-8d75-aa8a7435325f@group-E31CF257AE05: changes role from      null to FOLLOWER at term 0 for startAsFollower
2024-04-29 10:04:46,606 [284a56ca-5c0a-4af3-8d75-aa8a7435325f-groupManagement] INFO  impl.RoleInfo (RoleInfo.java:updateAndGet(139)) - 284a56ca-5c0a-4af3-8d75-aa8a7435325f: start 284a56ca-5c0a-4af3-8d75-aa8a7435325f@group-E31CF257AE05-FollowerState
2024-04-29 10:04:46,606 [284a56ca-5c0a-4af3-8d75-aa8a7435325f@group-E31CF257AE05-FollowerState] INFO  server.RaftServerConfigKeys (ConfUtils.java:logFallback(53)) - raft.server.rpc.first-election.timeout.min = 5s (fallback to raft.server.rpc.timeout.min)
2024-04-29 10:04:46,606 [284a56ca-5c0a-4af3-8d75-aa8a7435325f-groupManagement] INFO  util.JmxRegister (JmxRegister.java:tryRegister(44)) - Successfully registered JMX Bean with object name Ratis:service=RaftServer,group=group-E31CF257AE05,id=284a56ca-5c0a-4af3-8d75-aa8a7435325f
2024-04-29 10:04:46,606 [284a56ca-5c0a-4af3-8d75-aa8a7435325f-groupManagement] INFO  server.RaftServerConfigKeys (ConfUtils.java:logGet(46)) - raft.server.snapshot.trigger-when-stop.enabled = true (default)
2024-04-29 10:04:46,606 [284a56ca-5c0a-4af3-8d75-aa8a7435325f-groupManagement] INFO  server.RaftServerConfigKeys (ConfUtils.java:logGet(46)) - raft.server.snapshot.auto.trigger.enabled = true (custom)
2024-04-29 10:04:46,607 [284a56ca-5c0a-4af3-8d75-aa8a7435325f-groupManagement] INFO  server.RaftServerConfigKeys (ConfUtils.java:logGet(46)) - raft.server.snapshot.auto.trigger.threshold = 10000 (custom)
2024-04-29 10:04:46,607 [284a56ca-5c0a-4af3-8d75-aa8a7435325f-groupManagement] INFO  server.RaftServerConfigKeys (ConfUtils.java:logGet(46)) - raft.server.snapshot.retention.file.num = 5 (custom)
2024-04-29 10:04:46,607 [284a56ca-5c0a-4af3-8d75-aa8a7435325f-groupManagement] INFO  server.RaftServerConfigKeys (ConfUtils.java:logGet(46)) - raft.server.log.purge.upto.snapshot.index = false (default)
2024-04-29 10:04:46,606 [284a56ca-5c0a-4af3-8d75-aa8a7435325f@group-E31CF257AE05-FollowerState] INFO  server.RaftServerConfigKeys (ConfUtils.java:logFallback(53)) - raft.server.rpc.first-election.timeout.max = 5200ms (fallback to raft.server.rpc.timeout.max)
2024-04-29 10:04:46,607 [284a56ca-5c0a-4af3-8d75-aa8a7435325f-PipelineCommandHandlerThread-0] INFO  ratis.XceiverServerRatis (XceiverServerRatis.java:addGroup(864)) - Created group PipelineID=97721f86-148f-4610-9304-e31cf257ae05
2024-04-29 10:04:46,607 [284a56ca-5c0a-4af3-8d75-aa8a7435325f-PipelineCommandHandlerThread-0] INFO  commandhandler.CreatePipelineCommandHandler (CreatePipelineCommandHandler.java:lambda$handle$2(124)) - Created Pipeline RATIS ONE PipelineID=97721f86-148f-4610-9304-e31cf257ae05.
2024-04-29 10:04:46,658 [2fa79b0d-8934-45bf-9a4b-7d27b0482fa8-PipelineCommandHandlerThread-0] INFO  server.RaftServer (RaftServerProxy.java:addNew(100)) - 2fa79b0d-8934-45bf-9a4b-7d27b0482fa8: addNew group-1DE36CE6263D:[2fa79b0d-8934-45bf-9a4b-7d27b0482fa8|127.0.0.1:15148] returns group-1DE36CE6263D:java.util.concurrent.CompletableFuture@4a2ace3b[Not completed]
2024-04-29 10:04:46,659 [2fa79b0d-8934-45bf-9a4b-7d27b0482fa8-groupManagement] INFO  server.RaftServer$Division (RaftServerImpl.java:<init>(256)) - 2fa79b0d-8934-45bf-9a4b-7d27b0482fa8: new RaftServerImpl for group-1DE36CE6263D:[2fa79b0d-8934-45bf-9a4b-7d27b0482fa8|127.0.0.1:15148] with ContainerStateMachine:uninitialized
2024-04-29 10:04:46,659 [2fa79b0d-8934-45bf-9a4b-7d27b0482fa8-groupManagement] INFO  server.RaftServerConfigKeys (ConfUtils.java:logGet(46)) - raft.server.rpc.timeout.min = 5s (custom)
2024-04-29 10:04:46,659 [2fa79b0d-8934-45bf-9a4b-7d27b0482fa8-groupManagement] INFO  server.RaftServerConfigKeys (ConfUtils.java:logGet(46)) - raft.server.rpc.timeout.max = 5200ms (custom)
2024-04-29 10:04:46,659 [2fa79b0d-8934-45bf-9a4b-7d27b0482fa8-groupManagement] INFO  server.RaftServerConfigKeys (ConfUtils.java:logGet(46)) - raft.server.rpc.sleep.time = 25ms (default)
2024-04-29 10:04:46,659 [2fa79b0d-8934-45bf-9a4b-7d27b0482fa8-groupManagement] INFO  server.RaftServerConfigKeys (ConfUtils.java:logGet(46)) - raft.server.rpc.slowness.timeout = 300000ms (custom)
2024-04-29 10:04:46,659 [2fa79b0d-8934-45bf-9a4b-7d27b0482fa8-groupManagement] INFO  server.RaftServerConfigKeys (ConfUtils.java:logGet(46)) - raft.server.leaderelection.leader.step-down.wait-time = 10s (default)
2024-04-29 10:04:46,659 [2fa79b0d-8934-45bf-9a4b-7d27b0482fa8-groupManagement] INFO  server.RaftServerConfigKeys (ConfUtils.java:logGet(46)) - raft.server.leaderelection.member.majority-add = false (default)
2024-04-29 10:04:46,660 [2fa79b0d-8934-45bf-9a4b-7d27b0482fa8-groupManagement] INFO  server.RaftServerConfigKeys (ConfUtils.java:logGet(46)) - raft.server.sleep.deviation.threshold = 300ms (default)
2024-04-29 10:04:46,660 [2fa79b0d-8934-45bf-9a4b-7d27b0482fa8-groupManagement] INFO  server.RaftServer$Division (ServerState.java:<init>(113)) - 2fa79b0d-8934-45bf-9a4b-7d27b0482fa8@group-1DE36CE6263D: ConfigurationManager, init=-1: peers:[2fa79b0d-8934-45bf-9a4b-7d27b0482fa8|127.0.0.1:15148]|listeners:[], old=null, confs=<EMPTY_MAP>
2024-04-29 10:04:46,660 [2fa79b0d-8934-45bf-9a4b-7d27b0482fa8-groupManagement] INFO  server.RaftServerConfigKeys (ConfUtils.java:logGet(46)) - raft.server.notification.no-leader.timeout = 300000ms (custom)
2024-04-29 10:04:46,660 [2fa79b0d-8934-45bf-9a4b-7d27b0482fa8-groupManagement] INFO  server.RaftServerConfigKeys (ConfUtils.java:logGet(46)) - raft.server.read.timeout = 10s (default)
2024-04-29 10:04:46,660 [2fa79b0d-8934-45bf-9a4b-7d27b0482fa8-groupManagement] INFO  server.RaftServerConfigKeys (ConfUtils.java:logGet(46)) - raft.server.retrycache.expirytime = 600000ms (custom)
2024-04-29 10:04:46,660 [2fa79b0d-8934-45bf-9a4b-7d27b0482fa8-groupManagement] INFO  server.RaftServerConfigKeys (ConfUtils.java:logGet(46)) - raft.server.retrycache.statistics.expirytime = 100ms (default)
2024-04-29 10:04:46,660 [2fa79b0d-8934-45bf-9a4b-7d27b0482fa8-groupManagement] INFO  server.RaftServerConfigKeys (ConfUtils.java:logGet(46)) - raft.server.read.option = DEFAULT (default)
2024-04-29 10:04:46,660 [2fa79b0d-8934-45bf-9a4b-7d27b0482fa8-groupManagement] INFO  server.RaftServerConfigKeys (ConfUtils.java:logGet(46)) - raft.server.read.read-after-write-consistent.write-index-cache.expiry-time = 60s (default)
2024-04-29 10:04:46,662 [2fa79b0d-8934-45bf-9a4b-7d27b0482fa8-groupManagement] INFO  server.RaftServerConfigKeys (ConfUtils.java:logGet(46)) - raft.server.rpc.request.timeout = 3000ms (default)
2024-04-29 10:04:46,662 [2fa79b0d-8934-45bf-9a4b-7d27b0482fa8-groupManagement] INFO  server.RaftServerConfigKeys (ConfUtils.java:logGet(46)) - raft.server.log.appender.install.snapshot.enabled = false (custom)
2024-04-29 10:04:46,662 [2fa79b0d-8934-45bf-9a4b-7d27b0482fa8-groupManagement] INFO  server.RaftServerConfigKeys (ConfUtils.java:logGet(46)) - raft.server.threadpool.server.cached = true (default)
2024-04-29 10:04:46,662 [2fa79b0d-8934-45bf-9a4b-7d27b0482fa8-groupManagement] INFO  server.RaftServerConfigKeys (ConfUtils.java:logGet(46)) - raft.server.threadpool.server.size = 0 (default)
2024-04-29 10:04:46,662 [2fa79b0d-8934-45bf-9a4b-7d27b0482fa8-groupManagement] INFO  server.RaftServerConfigKeys (ConfUtils.java:logGet(46)) - raft.server.threadpool.client.cached = true (default)
2024-04-29 10:04:46,662 [2fa79b0d-8934-45bf-9a4b-7d27b0482fa8-groupManagement] INFO  server.RaftServerConfigKeys (ConfUtils.java:logGet(46)) - raft.server.threadpool.client.size = 0 (default)
2024-04-29 10:04:46,662 [2fa79b0d-8934-45bf-9a4b-7d27b0482fa8-groupManagement] INFO  server.RaftServerConfigKeys (ConfUtils.java:logGet(46)) - raft.server.storage.free-space.min = 0MB (=0) (default)
2024-04-29 10:04:46,662 [2fa79b0d-8934-45bf-9a4b-7d27b0482fa8-groupManagement] INFO  server.RaftServerConfigKeys (ConfUtils.java:logGet(46)) - raft.server.log.corruption.policy = EXCEPTION (default)
2024-04-29 10:04:46,662 [2fa79b0d-8934-45bf-9a4b-7d27b0482fa8-groupManagement] INFO  server.RaftServerConfigKeys (ConfUtils.java:logGet(46)) - raft.server.storage.dir = [/home/runner/work/ozone/ozone/hadoop-ozone/integration-test/target/test-dir/MiniOzoneClusterImpl-b6e902a5-721a-459f-a115-5ddcd789b87e/ozone-meta/datanode-6/ratis] (custom)
2024-04-29 10:04:46,662 [2fa79b0d-8934-45bf-9a4b-7d27b0482fa8-groupManagement] INFO  storage.RaftStorageDirectory (RaftStorageDirectoryImpl.java:analyzeStorage(138)) - The storage directory /home/runner/work/ozone/ozone/hadoop-ozone/integration-test/target/test-dir/MiniOzoneClusterImpl-b6e902a5-721a-459f-a115-5ddcd789b87e/ozone-meta/datanode-6/ratis/f158f391-7c63-45f6-8445-1de36ce6263d does not exist. Creating ...
2024-04-29 10:04:46,663 [2fa79b0d-8934-45bf-9a4b-7d27b0482fa8-groupManagement] INFO  storage.RaftStorageDirectory (RaftStorageDirectoryImpl.java:tryLock(228)) - Lock on /home/runner/work/ozone/ozone/hadoop-ozone/integration-test/target/test-dir/MiniOzoneClusterImpl-b6e902a5-721a-459f-a115-5ddcd789b87e/ozone-meta/datanode-6/ratis/f158f391-7c63-45f6-8445-1de36ce6263d/in_use.lock acquired by nodename 20825@fv-az913-54
2024-04-29 10:04:46,664 [2fa79b0d-8934-45bf-9a4b-7d27b0482fa8-groupManagement] INFO  storage.RaftStorage (RaftStorageImpl.java:format(99)) - Storage directory /home/runner/work/ozone/ozone/hadoop-ozone/integration-test/target/test-dir/MiniOzoneClusterImpl-b6e902a5-721a-459f-a115-5ddcd789b87e/ozone-meta/datanode-6/ratis/f158f391-7c63-45f6-8445-1de36ce6263d has been successfully formatted.
2024-04-29 10:04:46,665 [2fa79b0d-8934-45bf-9a4b-7d27b0482fa8-groupManagement] WARN  util.FileUtils (LogUtils.java:supplyAndLog(63)) - Failed to Files.newInputStream /home/runner/work/ozone/ozone/hadoop-ozone/integration-test/target/test-dir/MiniOzoneClusterImpl-b6e902a5-721a-459f-a115-5ddcd789b87e/ozone-meta/datanode-6/ratis/f158f391-7c63-45f6-8445-1de36ce6263d/current/raft-meta.conf with options []: java.nio.file.NoSuchFileException: /home/runner/work/ozone/ozone/hadoop-ozone/integration-test/target/test-dir/MiniOzoneClusterImpl-b6e902a5-721a-459f-a115-5ddcd789b87e/ozone-meta/datanode-6/ratis/f158f391-7c63-45f6-8445-1de36ce6263d/current/raft-meta.conf
2024-04-29 10:04:46,665 [2fa79b0d-8934-45bf-9a4b-7d27b0482fa8-groupManagement] INFO  ratis.ContainerStateMachine (ContainerStateMachine.java:loadSnapshot(287)) - group-1DE36CE6263D: The snapshot info is null. Setting the last applied index to:(t:0, i:~)
2024-04-29 10:04:46,665 [2fa79b0d-8934-45bf-9a4b-7d27b0482fa8-groupManagement] INFO  server.RaftServerConfigKeys (ConfUtils.java:logGet(46)) - raft.server.log.use.memory = false (default)
2024-04-29 10:04:46,665 [2fa79b0d-8934-45bf-9a4b-7d27b0482fa8-groupManagement] INFO  server.RaftServerConfigKeys (ConfUtils.java:logGet(46)) - raft.server.log.purge.gap = 1000000 (custom)
2024-04-29 10:04:46,665 [2fa79b0d-8934-45bf-9a4b-7d27b0482fa8-groupManagement] INFO  server.RaftServerConfigKeys (ConfUtils.java:logGet(46)) - raft.server.log.appender.buffer.byte-limit = 8388608 (custom)
2024-04-29 10:04:46,665 [2fa79b0d-8934-45bf-9a4b-7d27b0482fa8-groupManagement] INFO  server.RaftServerConfigKeys (ConfUtils.java:logGet(46)) - raft.server.log.statemachine.data.read.timeout = 1000ms (default)
2024-04-29 10:04:46,665 [2fa79b0d-8934-45bf-9a4b-7d27b0482fa8-groupManagement] INFO  server.RaftServerConfigKeys (ConfUtils.java:logGet(46)) - raft.server.log.purge.preservation.log.num = 0 (default)
2024-04-29 10:04:46,667 [EventQueue-PipelineReportForPipelineReportHandler] INFO  pipeline.PipelineReportHandler (PipelineReportHandler.java:processPipelineReport(136)) - Opened pipeline PipelineID=f158f391-7c63-45f6-8445-1de36ce6263d
2024-04-29 10:04:46,667 [2fa79b0d-8934-45bf-9a4b-7d27b0482fa8-groupManagement] INFO  server.RaftServerConfigKeys (ConfUtils.java:logGet(46)) - raft.server.log.segment.size.max = 67108864 (custom)
2024-04-29 10:04:46,667 [EventQueue-OpenPipelineForHealthyPipelineSafeModeRule] INFO  safemode.SCMSafeModeManager (HealthyPipelineSafeModeRule.java:process(140)) - SCM in safe mode. Healthy pipelines reported count is 0, required healthy pipeline reported count is 1
2024-04-29 10:04:46,667 [2fa79b0d-8934-45bf-9a4b-7d27b0482fa8-groupManagement] INFO  server.RaftServerConfigKeys (ConfUtils.java:logGet(46)) - raft.server.log.segment.cache.num.max = 2 (custom)
2024-04-29 10:04:46,667 [2fa79b0d-8934-45bf-9a4b-7d27b0482fa8-groupManagement] INFO  server.RaftServerConfigKeys (ConfUtils.java:logGet(46)) - raft.server.log.segment.cache.size.max = 200MB (=209715200) (default)
2024-04-29 10:04:46,667 [2fa79b0d-8934-45bf-9a4b-7d27b0482fa8-groupManagement] INFO  server.RaftServerConfigKeys (ConfUtils.java:logGet(46)) - raft.server.log.appender.buffer.byte-limit = 8388608 (custom)
2024-04-29 10:04:46,667 [2fa79b0d-8934-45bf-9a4b-7d27b0482fa8-groupManagement] INFO  util.AwaitToRun (AwaitToRun.java:start(81)) - Thread[2fa79b0d-8934-45bf-9a4b-7d27b0482fa8@group-1DE36CE6263D-cacheEviction-AwaitToRun,5,main] started
2024-04-29 10:04:46,668 [2fa79b0d-8934-45bf-9a4b-7d27b0482fa8-groupManagement] INFO  segmented.SegmentedRaftLogWorker (SegmentedRaftLogWorker.java:<init>(182)) - new 2fa79b0d-8934-45bf-9a4b-7d27b0482fa8@group-1DE36CE6263D-SegmentedRaftLogWorker for RaftStorageImpl:Storage Directory /home/runner/work/ozone/ozone/hadoop-ozone/integration-test/target/test-dir/MiniOzoneClusterImpl-b6e902a5-721a-459f-a115-5ddcd789b87e/ozone-meta/datanode-6/ratis/f158f391-7c63-45f6-8445-1de36ce6263d
2024-04-29 10:04:46,668 [2fa79b0d-8934-45bf-9a4b-7d27b0482fa8-groupManagement] INFO  server.RaftServerConfigKeys (ConfUtils.java:logGet(46)) - raft.server.log.queue.byte-limit = 4294967296 (custom)
2024-04-29 10:04:46,668 [2fa79b0d-8934-45bf-9a4b-7d27b0482fa8-groupManagement] INFO  server.RaftServerConfigKeys (ConfUtils.java:logGet(46)) - raft.server.log.queue.element-limit = 1024 (custom)
2024-04-29 10:04:46,668 [2fa79b0d-8934-45bf-9a4b-7d27b0482fa8-groupManagement] INFO  server.RaftServerConfigKeys (ConfUtils.java:logGet(46)) - raft.server.log.segment.size.max = 67108864 (custom)
2024-04-29 10:04:46,668 [2fa79b0d-8934-45bf-9a4b-7d27b0482fa8-groupManagement] INFO  server.RaftServerConfigKeys (ConfUtils.java:logGet(46)) - raft.server.log.preallocated.size = 4194304 (custom)
2024-04-29 10:04:46,668 [2fa79b0d-8934-45bf-9a4b-7d27b0482fa8-groupManagement] INFO  server.RaftServerConfigKeys (ConfUtils.java:logGet(46)) - raft.server.log.force.sync.num = 128 (default)
2024-04-29 10:04:46,668 [2fa79b0d-8934-45bf-9a4b-7d27b0482fa8-groupManagement] INFO  server.RaftServerConfigKeys (ConfUtils.java:logGet(46)) - raft.server.log.statemachine.data.sync = true (default)
2024-04-29 10:04:46,668 [2fa79b0d-8934-45bf-9a4b-7d27b0482fa8-groupManagement] INFO  server.RaftServerConfigKeys (ConfUtils.java:logGet(46)) - raft.server.log.statemachine.data.sync.timeout = 10s (default)
2024-04-29 10:04:46,668 [2fa79b0d-8934-45bf-9a4b-7d27b0482fa8-groupManagement] INFO  server.RaftServerConfigKeys (ConfUtils.java:logGet(46)) - raft.server.log.statemachine.data.sync.timeout.retry = 30 (custom)
2024-04-29 10:04:46,668 [2fa79b0d-8934-45bf-9a4b-7d27b0482fa8-groupManagement] INFO  server.RaftServerConfigKeys (ConfUtils.java:logGet(46)) - raft.server.log.write.buffer.size = 8388616 (custom)
2024-04-29 10:04:46,670 [2fa79b0d-8934-45bf-9a4b-7d27b0482fa8-groupManagement] INFO  server.RaftServerConfigKeys (ConfUtils.java:logGet(46)) - raft.server.log.appender.buffer.byte-limit = 8388608 (custom)
2024-04-29 10:04:46,670 [2fa79b0d-8934-45bf-9a4b-7d27b0482fa8-groupManagement] INFO  server.RaftServerConfigKeys (ConfUtils.java:logGet(46)) - raft.server.log.unsafe-flush.enabled = false (default)
2024-04-29 10:04:46,670 [2fa79b0d-8934-45bf-9a4b-7d27b0482fa8-groupManagement] INFO  server.RaftServerConfigKeys (ConfUtils.java:logGet(46)) - raft.server.log.async-flush.enabled = false (default)
2024-04-29 10:04:46,670 [2fa79b0d-8934-45bf-9a4b-7d27b0482fa8-groupManagement] INFO  server.RaftServerConfigKeys (ConfUtils.java:logGet(46)) - raft.server.log.statemachine.data.caching.enabled = true (custom)
2024-04-29 10:04:46,670 [2fa79b0d-8934-45bf-9a4b-7d27b0482fa8-groupManagement] INFO  segmented.SegmentedRaftLogWorker (SegmentedRaftLogWorker.java:lambda$new$0(134)) - 2fa79b0d-8934-45bf-9a4b-7d27b0482fa8@group-1DE36CE6263D-SegmentedRaftLogWorker: flushIndex: setUnconditionally 0 -> -1
2024-04-29 10:04:46,670 [2fa79b0d-8934-45bf-9a4b-7d27b0482fa8-groupManagement] INFO  segmented.SegmentedRaftLogWorker (SegmentedRaftLogWorker.java:lambda$new$0(134)) - 2fa79b0d-8934-45bf-9a4b-7d27b0482fa8@group-1DE36CE6263D-SegmentedRaftLogWorker: safeCacheEvictIndex: setUnconditionally 0 -> -1
2024-04-29 10:04:46,671 [2fa79b0d-8934-45bf-9a4b-7d27b0482fa8-groupManagement] INFO  server.RaftServer$Division (RaftServerImpl.java:start(396)) - 2fa79b0d-8934-45bf-9a4b-7d27b0482fa8@group-1DE36CE6263D: start as a follower, conf=-1: peers:[2fa79b0d-8934-45bf-9a4b-7d27b0482fa8|127.0.0.1:15148]|listeners:[], old=null
2024-04-29 10:04:46,671 [2fa79b0d-8934-45bf-9a4b-7d27b0482fa8-groupManagement] INFO  server.RaftServer$Division (RaftServerImpl.java:setRole(383)) - 2fa79b0d-8934-45bf-9a4b-7d27b0482fa8@group-1DE36CE6263D: changes role from      null to FOLLOWER at term 0 for startAsFollower
2024-04-29 10:04:46,671 [2fa79b0d-8934-45bf-9a4b-7d27b0482fa8-groupManagement] INFO  impl.RoleInfo (RoleInfo.java:updateAndGet(139)) - 2fa79b0d-8934-45bf-9a4b-7d27b0482fa8: start 2fa79b0d-8934-45bf-9a4b-7d27b0482fa8@group-1DE36CE6263D-FollowerState
2024-04-29 10:04:46,671 [2fa79b0d-8934-45bf-9a4b-7d27b0482fa8-groupManagement] INFO  util.JmxRegister (JmxRegister.java:tryRegister(44)) - Successfully registered JMX Bean with object name Ratis:service=RaftServer,group=group-1DE36CE6263D,id=2fa79b0d-8934-45bf-9a4b-7d27b0482fa8
2024-04-29 10:04:46,671 [2fa79b0d-8934-45bf-9a4b-7d27b0482fa8-groupManagement] INFO  server.RaftServerConfigKeys (ConfUtils.java:logGet(46)) - raft.server.snapshot.trigger-when-stop.enabled = true (default)
2024-04-29 10:04:46,671 [2fa79b0d-8934-45bf-9a4b-7d27b0482fa8-groupManagement] INFO  server.RaftServerConfigKeys (ConfUtils.java:logGet(46)) - raft.server.snapshot.auto.trigger.enabled = true (custom)
2024-04-29 10:04:46,671 [2fa79b0d-8934-45bf-9a4b-7d27b0482fa8-groupManagement] INFO  server.RaftServerConfigKeys (ConfUtils.java:logGet(46)) - raft.server.snapshot.auto.trigger.threshold = 10000 (custom)
2024-04-29 10:04:46,671 [2fa79b0d-8934-45bf-9a4b-7d27b0482fa8-groupManagement] INFO  server.RaftServerConfigKeys (ConfUtils.java:logGet(46)) - raft.server.snapshot.retention.file.num = 5 (custom)
2024-04-29 10:04:46,671 [2fa79b0d-8934-45bf-9a4b-7d27b0482fa8-groupManagement] INFO  server.RaftServerConfigKeys (ConfUtils.java:logGet(46)) - raft.server.log.purge.upto.snapshot.index = false (default)
2024-04-29 10:04:46,671 [2fa79b0d-8934-45bf-9a4b-7d27b0482fa8@group-1DE36CE6263D-FollowerState] INFO  server.RaftServerConfigKeys (ConfUtils.java:logFallback(53)) - raft.server.rpc.first-election.timeout.min = 5s (fallback to raft.server.rpc.timeout.min)
2024-04-29 10:04:46,672 [2fa79b0d-8934-45bf-9a4b-7d27b0482fa8@group-1DE36CE6263D-FollowerState] INFO  server.RaftServerConfigKeys (ConfUtils.java:logFallback(53)) - raft.server.rpc.first-election.timeout.max = 5200ms (fallback to raft.server.rpc.timeout.max)
2024-04-29 10:04:46,672 [2fa79b0d-8934-45bf-9a4b-7d27b0482fa8-PipelineCommandHandlerThread-0] INFO  ratis.XceiverServerRatis (XceiverServerRatis.java:addGroup(864)) - Created group PipelineID=f158f391-7c63-45f6-8445-1de36ce6263d
2024-04-29 10:04:46,672 [2fa79b0d-8934-45bf-9a4b-7d27b0482fa8-PipelineCommandHandlerThread-0] INFO  commandhandler.CreatePipelineCommandHandler (CreatePipelineCommandHandler.java:lambda$handle$2(124)) - Created Pipeline RATIS ONE PipelineID=f158f391-7c63-45f6-8445-1de36ce6263d.
2024-04-29 10:04:46,751 [4e10c049-ef00-4c78-84ba-ad0788e207ea-PipelineCommandHandlerThread-0] INFO  server.RaftServer (RaftServerProxy.java:addNew(100)) - 4e10c049-ef00-4c78-84ba-ad0788e207ea: addNew group-245A327A29BC:[4e10c049-ef00-4c78-84ba-ad0788e207ea|127.0.0.1:15157] returns group-245A327A29BC:java.util.concurrent.CompletableFuture@24308ab[Not completed]
2024-04-29 10:04:46,751 [4e10c049-ef00-4c78-84ba-ad0788e207ea-groupManagement] INFO  server.RaftServer$Division (RaftServerImpl.java:<init>(256)) - 4e10c049-ef00-4c78-84ba-ad0788e207ea: new RaftServerImpl for group-245A327A29BC:[4e10c049-ef00-4c78-84ba-ad0788e207ea|127.0.0.1:15157] with ContainerStateMachine:uninitialized
2024-04-29 10:04:46,752 [4e10c049-ef00-4c78-84ba-ad0788e207ea-groupManagement] INFO  server.RaftServerConfigKeys (ConfUtils.java:logGet(46)) - raft.server.rpc.timeout.min = 5s (custom)
2024-04-29 10:04:46,752 [4e10c049-ef00-4c78-84ba-ad0788e207ea-groupManagement] INFO  server.RaftServerConfigKeys (ConfUtils.java:logGet(46)) - raft.server.rpc.timeout.max = 5200ms (custom)
2024-04-29 10:04:46,752 [4e10c049-ef00-4c78-84ba-ad0788e207ea-groupManagement] INFO  server.RaftServerConfigKeys (ConfUtils.java:logGet(46)) - raft.server.rpc.sleep.time = 25ms (default)
2024-04-29 10:04:46,752 [4e10c049-ef00-4c78-84ba-ad0788e207ea-groupManagement] INFO  server.RaftServerConfigKeys (ConfUtils.java:logGet(46)) - raft.server.rpc.slowness.timeout = 300000ms (custom)
2024-04-29 10:04:46,752 [4e10c049-ef00-4c78-84ba-ad0788e207ea-groupManagement] INFO  server.RaftServerConfigKeys (ConfUtils.java:logGet(46)) - raft.server.leaderelection.leader.step-down.wait-time = 10s (default)
2024-04-29 10:04:46,752 [4e10c049-ef00-4c78-84ba-ad0788e207ea-groupManagement] INFO  server.RaftServerConfigKeys (ConfUtils.java:logGet(46)) - raft.server.leaderelection.member.majority-add = false (default)
2024-04-29 10:04:46,752 [4e10c049-ef00-4c78-84ba-ad0788e207ea-groupManagement] INFO  server.RaftServerConfigKeys (ConfUtils.java:logGet(46)) - raft.server.sleep.deviation.threshold = 300ms (default)
2024-04-29 10:04:46,752 [4e10c049-ef00-4c78-84ba-ad0788e207ea-groupManagement] INFO  server.RaftServer$Division (ServerState.java:<init>(113)) - 4e10c049-ef00-4c78-84ba-ad0788e207ea@group-245A327A29BC: ConfigurationManager, init=-1: peers:[4e10c049-ef00-4c78-84ba-ad0788e207ea|127.0.0.1:15157]|listeners:[], old=null, confs=<EMPTY_MAP>
2024-04-29 10:04:46,752 [4e10c049-ef00-4c78-84ba-ad0788e207ea-groupManagement] INFO  server.RaftServerConfigKeys (ConfUtils.java:logGet(46)) - raft.server.notification.no-leader.timeout = 300000ms (custom)
2024-04-29 10:04:46,752 [4e10c049-ef00-4c78-84ba-ad0788e207ea-groupManagement] INFO  server.RaftServerConfigKeys (ConfUtils.java:logGet(46)) - raft.server.read.timeout = 10s (default)
2024-04-29 10:04:46,752 [4e10c049-ef00-4c78-84ba-ad0788e207ea-groupManagement] INFO  server.RaftServerConfigKeys (ConfUtils.java:logGet(46)) - raft.server.retrycache.expirytime = 600000ms (custom)
2024-04-29 10:04:46,752 [4e10c049-ef00-4c78-84ba-ad0788e207ea-groupManagement] INFO  server.RaftServerConfigKeys (ConfUtils.java:logGet(46)) - raft.server.retrycache.statistics.expirytime = 100ms (default)
2024-04-29 10:04:46,752 [4e10c049-ef00-4c78-84ba-ad0788e207ea-groupManagement] INFO  server.RaftServerConfigKeys (ConfUtils.java:logGet(46)) - raft.server.read.option = DEFAULT (default)
2024-04-29 10:04:46,752 [4e10c049-ef00-4c78-84ba-ad0788e207ea-groupManagement] INFO  server.RaftServerConfigKeys (ConfUtils.java:logGet(46)) - raft.server.read.read-after-write-consistent.write-index-cache.expiry-time = 60s (default)
2024-04-29 10:04:46,754 [4e10c049-ef00-4c78-84ba-ad0788e207ea-groupManagement] INFO  server.RaftServerConfigKeys (ConfUtils.java:logGet(46)) - raft.server.rpc.request.timeout = 3000ms (default)
2024-04-29 10:04:46,754 [4e10c049-ef00-4c78-84ba-ad0788e207ea-groupManagement] INFO  server.RaftServerConfigKeys (ConfUtils.java:logGet(46)) - raft.server.log.appender.install.snapshot.enabled = false (custom)
2024-04-29 10:04:46,754 [4e10c049-ef00-4c78-84ba-ad0788e207ea-groupManagement] INFO  server.RaftServerConfigKeys (ConfUtils.java:logGet(46)) - raft.server.threadpool.server.cached = true (default)
2024-04-29 10:04:46,754 [4e10c049-ef00-4c78-84ba-ad0788e207ea-groupManagement] INFO  server.RaftServerConfigKeys (ConfUtils.java:logGet(46)) - raft.server.threadpool.server.size = 0 (default)
2024-04-29 10:04:46,754 [4e10c049-ef00-4c78-84ba-ad0788e207ea-groupManagement] INFO  server.RaftServerConfigKeys (ConfUtils.java:logGet(46)) - raft.server.threadpool.client.cached = true (default)
2024-04-29 10:04:46,754 [4e10c049-ef00-4c78-84ba-ad0788e207ea-groupManagement] INFO  server.RaftServerConfigKeys (ConfUtils.java:logGet(46)) - raft.server.threadpool.client.size = 0 (default)
2024-04-29 10:04:46,754 [4e10c049-ef00-4c78-84ba-ad0788e207ea-groupManagement] INFO  server.RaftServerConfigKeys (ConfUtils.java:logGet(46)) - raft.server.storage.free-space.min = 0MB (=0) (default)
2024-04-29 10:04:46,754 [4e10c049-ef00-4c78-84ba-ad0788e207ea-groupManagement] INFO  server.RaftServerConfigKeys (ConfUtils.java:logGet(46)) - raft.server.log.corruption.policy = EXCEPTION (default)
2024-04-29 10:04:46,755 [4e10c049-ef00-4c78-84ba-ad0788e207ea-groupManagement] INFO  server.RaftServerConfigKeys (ConfUtils.java:logGet(46)) - raft.server.storage.dir = [/home/runner/work/ozone/ozone/hadoop-ozone/integration-test/target/test-dir/MiniOzoneClusterImpl-b6e902a5-721a-459f-a115-5ddcd789b87e/ozone-meta/datanode-7/ratis] (custom)
2024-04-29 10:04:46,755 [4e10c049-ef00-4c78-84ba-ad0788e207ea-groupManagement] INFO  storage.RaftStorageDirectory (RaftStorageDirectoryImpl.java:analyzeStorage(138)) - The storage directory /home/runner/work/ozone/ozone/hadoop-ozone/integration-test/target/test-dir/MiniOzoneClusterImpl-b6e902a5-721a-459f-a115-5ddcd789b87e/ozone-meta/datanode-7/ratis/5a66546b-75e7-4dab-b3f6-245a327a29bc does not exist. Creating ...
2024-04-29 10:04:46,756 [4e10c049-ef00-4c78-84ba-ad0788e207ea-groupManagement] INFO  storage.RaftStorageDirectory (RaftStorageDirectoryImpl.java:tryLock(228)) - Lock on /home/runner/work/ozone/ozone/hadoop-ozone/integration-test/target/test-dir/MiniOzoneClusterImpl-b6e902a5-721a-459f-a115-5ddcd789b87e/ozone-meta/datanode-7/ratis/5a66546b-75e7-4dab-b3f6-245a327a29bc/in_use.lock acquired by nodename 20825@fv-az913-54
2024-04-29 10:04:46,757 [4e10c049-ef00-4c78-84ba-ad0788e207ea-groupManagement] INFO  storage.RaftStorage (RaftStorageImpl.java:format(99)) - Storage directory /home/runner/work/ozone/ozone/hadoop-ozone/integration-test/target/test-dir/MiniOzoneClusterImpl-b6e902a5-721a-459f-a115-5ddcd789b87e/ozone-meta/datanode-7/ratis/5a66546b-75e7-4dab-b3f6-245a327a29bc has been successfully formatted.
2024-04-29 10:04:46,757 [4e10c049-ef00-4c78-84ba-ad0788e207ea-groupManagement] WARN  util.FileUtils (LogUtils.java:supplyAndLog(63)) - Failed to Files.newInputStream /home/runner/work/ozone/ozone/hadoop-ozone/integration-test/target/test-dir/MiniOzoneClusterImpl-b6e902a5-721a-459f-a115-5ddcd789b87e/ozone-meta/datanode-7/ratis/5a66546b-75e7-4dab-b3f6-245a327a29bc/current/raft-meta.conf with options []: java.nio.file.NoSuchFileException: /home/runner/work/ozone/ozone/hadoop-ozone/integration-test/target/test-dir/MiniOzoneClusterImpl-b6e902a5-721a-459f-a115-5ddcd789b87e/ozone-meta/datanode-7/ratis/5a66546b-75e7-4dab-b3f6-245a327a29bc/current/raft-meta.conf
2024-04-29 10:04:46,757 [4e10c049-ef00-4c78-84ba-ad0788e207ea-groupManagement] INFO  ratis.ContainerStateMachine (ContainerStateMachine.java:loadSnapshot(287)) - group-245A327A29BC: The snapshot info is null. Setting the last applied index to:(t:0, i:~)
2024-04-29 10:04:46,757 [4e10c049-ef00-4c78-84ba-ad0788e207ea-groupManagement] INFO  server.RaftServerConfigKeys (ConfUtils.java:logGet(46)) - raft.server.log.use.memory = false (default)
2024-04-29 10:04:46,757 [4e10c049-ef00-4c78-84ba-ad0788e207ea-groupManagement] INFO  server.RaftServerConfigKeys (ConfUtils.java:logGet(46)) - raft.server.log.purge.gap = 1000000 (custom)
2024-04-29 10:04:46,757 [4e10c049-ef00-4c78-84ba-ad0788e207ea-groupManagement] INFO  server.RaftServerConfigKeys (ConfUtils.java:logGet(46)) - raft.server.log.appender.buffer.byte-limit = 8388608 (custom)
2024-04-29 10:04:46,757 [4e10c049-ef00-4c78-84ba-ad0788e207ea-groupManagement] INFO  server.RaftServerConfigKeys (ConfUtils.java:logGet(46)) - raft.server.log.statemachine.data.read.timeout = 1000ms (default)
2024-04-29 10:04:46,758 [4e10c049-ef00-4c78-84ba-ad0788e207ea-groupManagement] INFO  server.RaftServerConfigKeys (ConfUtils.java:logGet(46)) - raft.server.log.purge.preservation.log.num = 0 (default)
2024-04-29 10:04:46,759 [EventQueue-PipelineReportForPipelineReportHandler] INFO  pipeline.PipelineReportHandler (PipelineReportHandler.java:processPipelineReport(136)) - Opened pipeline PipelineID=5a66546b-75e7-4dab-b3f6-245a327a29bc
2024-04-29 10:04:46,759 [EventQueue-OpenPipelineForHealthyPipelineSafeModeRule] INFO  safemode.SCMSafeModeManager (HealthyPipelineSafeModeRule.java:process(140)) - SCM in safe mode. Healthy pipelines reported count is 0, required healthy pipeline reported count is 1
2024-04-29 10:04:46,759 [4e10c049-ef00-4c78-84ba-ad0788e207ea-groupManagement] INFO  server.RaftServerConfigKeys (ConfUtils.java:logGet(46)) - raft.server.log.segment.size.max = 67108864 (custom)
2024-04-29 10:04:46,759 [4e10c049-ef00-4c78-84ba-ad0788e207ea-groupManagement] INFO  server.RaftServerConfigKeys (ConfUtils.java:logGet(46)) - raft.server.log.segment.cache.num.max = 2 (custom)
2024-04-29 10:04:46,759 [4e10c049-ef00-4c78-84ba-ad0788e207ea-groupManagement] INFO  server.RaftServerConfigKeys (ConfUtils.java:logGet(46)) - raft.server.log.segment.cache.size.max = 200MB (=209715200) (default)
2024-04-29 10:04:46,759 [4e10c049-ef00-4c78-84ba-ad0788e207ea-groupManagement] INFO  server.RaftServerConfigKeys (ConfUtils.java:logGet(46)) - raft.server.log.appender.buffer.byte-limit = 8388608 (custom)
2024-04-29 10:04:46,759 [4e10c049-ef00-4c78-84ba-ad0788e207ea-groupManagement] INFO  util.AwaitToRun (AwaitToRun.java:start(81)) - Thread[4e10c049-ef00-4c78-84ba-ad0788e207ea@group-245A327A29BC-cacheEviction-AwaitToRun,5,main] started
2024-04-29 10:04:46,760 [4e10c049-ef00-4c78-84ba-ad0788e207ea-groupManagement] INFO  segmented.SegmentedRaftLogWorker (SegmentedRaftLogWorker.java:<init>(182)) - new 4e10c049-ef00-4c78-84ba-ad0788e207ea@group-245A327A29BC-SegmentedRaftLogWorker for RaftStorageImpl:Storage Directory /home/runner/work/ozone/ozone/hadoop-ozone/integration-test/target/test-dir/MiniOzoneClusterImpl-b6e902a5-721a-459f-a115-5ddcd789b87e/ozone-meta/datanode-7/ratis/5a66546b-75e7-4dab-b3f6-245a327a29bc
2024-04-29 10:04:46,760 [4e10c049-ef00-4c78-84ba-ad0788e207ea-groupManagement] INFO  server.RaftServerConfigKeys (ConfUtils.java:logGet(46)) - raft.server.log.queue.byte-limit = 4294967296 (custom)
2024-04-29 10:04:46,760 [4e10c049-ef00-4c78-84ba-ad0788e207ea-groupManagement] INFO  server.RaftServerConfigKeys (ConfUtils.java:logGet(46)) - raft.server.log.queue.element-limit = 1024 (custom)
2024-04-29 10:04:46,760 [4e10c049-ef00-4c78-84ba-ad0788e207ea-groupManagement] INFO  server.RaftServerConfigKeys (ConfUtils.java:logGet(46)) - raft.server.log.segment.size.max = 67108864 (custom)
2024-04-29 10:04:46,760 [4e10c049-ef00-4c78-84ba-ad0788e207ea-groupManagement] INFO  server.RaftServerConfigKeys (ConfUtils.java:logGet(46)) - raft.server.log.preallocated.size = 4194304 (custom)
2024-04-29 10:04:46,760 [4e10c049-ef00-4c78-84ba-ad0788e207ea-groupManagement] INFO  server.RaftServerConfigKeys (ConfUtils.java:logGet(46)) - raft.server.log.force.sync.num = 128 (default)
2024-04-29 10:04:46,760 [4e10c049-ef00-4c78-84ba-ad0788e207ea-groupManagement] INFO  server.RaftServerConfigKeys (ConfUtils.java:logGet(46)) - raft.server.log.statemachine.data.sync = true (default)
2024-04-29 10:04:46,760 [4e10c049-ef00-4c78-84ba-ad0788e207ea-groupManagement] INFO  server.RaftServerConfigKeys (ConfUtils.java:logGet(46)) - raft.server.log.statemachine.data.sync.timeout = 10s (default)
2024-04-29 10:04:46,760 [4e10c049-ef00-4c78-84ba-ad0788e207ea-groupManagement] INFO  server.RaftServerConfigKeys (ConfUtils.java:logGet(46)) - raft.server.log.statemachine.data.sync.timeout.retry = 30 (custom)
2024-04-29 10:04:46,760 [4e10c049-ef00-4c78-84ba-ad0788e207ea-groupManagement] INFO  server.RaftServerConfigKeys (ConfUtils.java:logGet(46)) - raft.server.log.write.buffer.size = 8388616 (custom)
2024-04-29 10:04:46,762 [4e10c049-ef00-4c78-84ba-ad0788e207ea-groupManagement] INFO  server.RaftServerConfigKeys (ConfUtils.java:logGet(46)) - raft.server.log.appender.buffer.byte-limit = 8388608 (custom)
2024-04-29 10:04:46,762 [4e10c049-ef00-4c78-84ba-ad0788e207ea-groupManagement] INFO  server.RaftServerConfigKeys (ConfUtils.java:logGet(46)) - raft.server.log.unsafe-flush.enabled = false (default)
2024-04-29 10:04:46,762 [4e10c049-ef00-4c78-84ba-ad0788e207ea-groupManagement] INFO  server.RaftServerConfigKeys (ConfUtils.java:logGet(46)) - raft.server.log.async-flush.enabled = false (default)
2024-04-29 10:04:46,762 [4e10c049-ef00-4c78-84ba-ad0788e207ea-groupManagement] INFO  server.RaftServerConfigKeys (ConfUtils.java:logGet(46)) - raft.server.log.statemachine.data.caching.enabled = true (custom)
2024-04-29 10:04:46,762 [4e10c049-ef00-4c78-84ba-ad0788e207ea-groupManagement] INFO  segmented.SegmentedRaftLogWorker (SegmentedRaftLogWorker.java:lambda$new$0(134)) - 4e10c049-ef00-4c78-84ba-ad0788e207ea@group-245A327A29BC-SegmentedRaftLogWorker: flushIndex: setUnconditionally 0 -> -1
2024-04-29 10:04:46,762 [4e10c049-ef00-4c78-84ba-ad0788e207ea-groupManagement] INFO  segmented.SegmentedRaftLogWorker (SegmentedRaftLogWorker.java:lambda$new$0(134)) - 4e10c049-ef00-4c78-84ba-ad0788e207ea@group-245A327A29BC-SegmentedRaftLogWorker: safeCacheEvictIndex: setUnconditionally 0 -> -1
2024-04-29 10:04:46,762 [4e10c049-ef00-4c78-84ba-ad0788e207ea-groupManagement] INFO  server.RaftServer$Division (RaftServerImpl.java:start(396)) - 4e10c049-ef00-4c78-84ba-ad0788e207ea@group-245A327A29BC: start as a follower, conf=-1: peers:[4e10c049-ef00-4c78-84ba-ad0788e207ea|127.0.0.1:15157]|listeners:[], old=null
2024-04-29 10:04:46,762 [4e10c049-ef00-4c78-84ba-ad0788e207ea-groupManagement] INFO  server.RaftServer$Division (RaftServerImpl.java:setRole(383)) - 4e10c049-ef00-4c78-84ba-ad0788e207ea@group-245A327A29BC: changes role from      null to FOLLOWER at term 0 for startAsFollower
2024-04-29 10:04:46,763 [4e10c049-ef00-4c78-84ba-ad0788e207ea-groupManagement] INFO  impl.RoleInfo (RoleInfo.java:updateAndGet(139)) - 4e10c049-ef00-4c78-84ba-ad0788e207ea: start 4e10c049-ef00-4c78-84ba-ad0788e207ea@group-245A327A29BC-FollowerState
2024-04-29 10:04:46,763 [4e10c049-ef00-4c78-84ba-ad0788e207ea@group-245A327A29BC-FollowerState] INFO  server.RaftServerConfigKeys (ConfUtils.java:logFallback(53)) - raft.server.rpc.first-election.timeout.min = 5s (fallback to raft.server.rpc.timeout.min)
2024-04-29 10:04:46,763 [4e10c049-ef00-4c78-84ba-ad0788e207ea@group-245A327A29BC-FollowerState] INFO  server.RaftServerConfigKeys (ConfUtils.java:logFallback(53)) - raft.server.rpc.first-election.timeout.max = 5200ms (fallback to raft.server.rpc.timeout.max)
2024-04-29 10:04:46,763 [4e10c049-ef00-4c78-84ba-ad0788e207ea-groupManagement] INFO  util.JmxRegister (JmxRegister.java:tryRegister(44)) - Successfully registered JMX Bean with object name Ratis:service=RaftServer,group=group-245A327A29BC,id=4e10c049-ef00-4c78-84ba-ad0788e207ea
2024-04-29 10:04:46,763 [4e10c049-ef00-4c78-84ba-ad0788e207ea-groupManagement] INFO  server.RaftServerConfigKeys (ConfUtils.java:logGet(46)) - raft.server.snapshot.trigger-when-stop.enabled = true (default)
2024-04-29 10:04:46,763 [4e10c049-ef00-4c78-84ba-ad0788e207ea-groupManagement] INFO  server.RaftServerConfigKeys (ConfUtils.java:logGet(46)) - raft.server.snapshot.auto.trigger.enabled = true (custom)
2024-04-29 10:04:46,763 [4e10c049-ef00-4c78-84ba-ad0788e207ea-groupManagement] INFO  server.RaftServerConfigKeys (ConfUtils.java:logGet(46)) - raft.server.snapshot.auto.trigger.threshold = 10000 (custom)
2024-04-29 10:04:46,763 [4e10c049-ef00-4c78-84ba-ad0788e207ea-groupManagement] INFO  server.RaftServerConfigKeys (ConfUtils.java:logGet(46)) - raft.server.snapshot.retention.file.num = 5 (custom)
2024-04-29 10:04:46,763 [4e10c049-ef00-4c78-84ba-ad0788e207ea-groupManagement] INFO  server.RaftServerConfigKeys (ConfUtils.java:logGet(46)) - raft.server.log.purge.upto.snapshot.index = false (default)
2024-04-29 10:04:46,764 [4e10c049-ef00-4c78-84ba-ad0788e207ea-PipelineCommandHandlerThread-0] INFO  ratis.XceiverServerRatis (XceiverServerRatis.java:addGroup(864)) - Created group PipelineID=5a66546b-75e7-4dab-b3f6-245a327a29bc
2024-04-29 10:04:46,764 [4e10c049-ef00-4c78-84ba-ad0788e207ea-PipelineCommandHandlerThread-0] INFO  commandhandler.CreatePipelineCommandHandler (CreatePipelineCommandHandler.java:lambda$handle$2(124)) - Created Pipeline RATIS ONE PipelineID=5a66546b-75e7-4dab-b3f6-245a327a29bc.
2024-04-29 10:04:46,764 [4e10c049-ef00-4c78-84ba-ad0788e207ea-PipelineCommandHandlerThread-0] INFO  server.RaftServer (RaftServerProxy.java:addNew(100)) - 4e10c049-ef00-4c78-84ba-ad0788e207ea: addNew group-8A14C840A84E:[dd1da58e-99a3-4355-8051-ac3fff011e62|127.0.0.1:15175, 4e10c049-ef00-4c78-84ba-ad0788e207ea|127.0.0.1:15157, a0b5e3cc-426b-4365-97e7-610395f4eb0a|127.0.0.1:15166] returns group-8A14C840A84E:java.util.concurrent.CompletableFuture@67c9c3b[Not completed]
2024-04-29 10:04:46,766 [4e10c049-ef00-4c78-84ba-ad0788e207ea-groupManagement] INFO  server.RaftServer$Division (RaftServerImpl.java:<init>(256)) - 4e10c049-ef00-4c78-84ba-ad0788e207ea: new RaftServerImpl for group-8A14C840A84E:[dd1da58e-99a3-4355-8051-ac3fff011e62|127.0.0.1:15175, 4e10c049-ef00-4c78-84ba-ad0788e207ea|127.0.0.1:15157, a0b5e3cc-426b-4365-97e7-610395f4eb0a|127.0.0.1:15166] with ContainerStateMachine:uninitialized
2024-04-29 10:04:46,766 [4e10c049-ef00-4c78-84ba-ad0788e207ea-groupManagement] INFO  server.RaftServerConfigKeys (ConfUtils.java:logGet(46)) - raft.server.rpc.timeout.min = 5s (custom)
2024-04-29 10:04:46,766 [4e10c049-ef00-4c78-84ba-ad0788e207ea-groupManagement] INFO  server.RaftServerConfigKeys (ConfUtils.java:logGet(46)) - raft.server.rpc.timeout.max = 5200ms (custom)
2024-04-29 10:04:46,766 [4e10c049-ef00-4c78-84ba-ad0788e207ea-groupManagement] INFO  server.RaftServerConfigKeys (ConfUtils.java:logGet(46)) - raft.server.rpc.sleep.time = 25ms (default)
2024-04-29 10:04:46,766 [4e10c049-ef00-4c78-84ba-ad0788e207ea-groupManagement] INFO  server.RaftServerConfigKeys (ConfUtils.java:logGet(46)) - raft.server.rpc.slowness.timeout = 300000ms (custom)
2024-04-29 10:04:46,766 [4e10c049-ef00-4c78-84ba-ad0788e207ea-groupManagement] INFO  server.RaftServerConfigKeys (ConfUtils.java:logGet(46)) - raft.server.leaderelection.leader.step-down.wait-time = 10s (default)
2024-04-29 10:04:46,766 [4e10c049-ef00-4c78-84ba-ad0788e207ea-groupManagement] INFO  server.RaftServerConfigKeys (ConfUtils.java:logGet(46)) - raft.server.leaderelection.member.majority-add = false (default)
2024-04-29 10:04:46,766 [4e10c049-ef00-4c78-84ba-ad0788e207ea-groupManagement] INFO  server.RaftServerConfigKeys (ConfUtils.java:logGet(46)) - raft.server.sleep.deviation.threshold = 300ms (default)
2024-04-29 10:04:46,766 [4e10c049-ef00-4c78-84ba-ad0788e207ea-groupManagement] INFO  server.RaftServer$Division (ServerState.java:<init>(113)) - 4e10c049-ef00-4c78-84ba-ad0788e207ea@group-8A14C840A84E: ConfigurationManager, init=-1: peers:[dd1da58e-99a3-4355-8051-ac3fff011e62|127.0.0.1:15175, 4e10c049-ef00-4c78-84ba-ad0788e207ea|127.0.0.1:15157, a0b5e3cc-426b-4365-97e7-610395f4eb0a|127.0.0.1:15166]|listeners:[], old=null, confs=<EMPTY_MAP>
2024-04-29 10:04:46,766 [4e10c049-ef00-4c78-84ba-ad0788e207ea-groupManagement] INFO  server.RaftServerConfigKeys (ConfUtils.java:logGet(46)) - raft.server.notification.no-leader.timeout = 300000ms (custom)
2024-04-29 10:04:46,766 [4e10c049-ef00-4c78-84ba-ad0788e207ea-groupManagement] INFO  server.RaftServerConfigKeys (ConfUtils.java:logGet(46)) - raft.server.read.timeout = 10s (default)
2024-04-29 10:04:46,766 [4e10c049-ef00-4c78-84ba-ad0788e207ea-groupManagement] INFO  server.RaftServerConfigKeys (ConfUtils.java:logGet(46)) - raft.server.retrycache.expirytime = 600000ms (custom)
2024-04-29 10:04:46,766 [4e10c049-ef00-4c78-84ba-ad0788e207ea-groupManagement] INFO  server.RaftServerConfigKeys (ConfUtils.java:logGet(46)) - raft.server.retrycache.statistics.expirytime = 100ms (default)
2024-04-29 10:04:46,766 [4e10c049-ef00-4c78-84ba-ad0788e207ea-groupManagement] INFO  server.RaftServerConfigKeys (ConfUtils.java:logGet(46)) - raft.server.read.option = DEFAULT (default)
2024-04-29 10:04:46,766 [4e10c049-ef00-4c78-84ba-ad0788e207ea-groupManagement] INFO  server.RaftServerConfigKeys (ConfUtils.java:logGet(46)) - raft.server.read.read-after-write-consistent.write-index-cache.expiry-time = 60s (default)
2024-04-29 10:04:46,769 [4e10c049-ef00-4c78-84ba-ad0788e207ea-groupManagement] INFO  server.RaftServerConfigKeys (ConfUtils.java:logGet(46)) - raft.server.rpc.request.timeout = 3000ms (default)
2024-04-29 10:04:46,769 [4e10c049-ef00-4c78-84ba-ad0788e207ea-groupManagement] INFO  server.RaftServerConfigKeys (ConfUtils.java:logGet(46)) - raft.server.log.appender.install.snapshot.enabled = false (custom)
2024-04-29 10:04:46,769 [4e10c049-ef00-4c78-84ba-ad0788e207ea-groupManagement] INFO  server.RaftServerConfigKeys (ConfUtils.java:logGet(46)) - raft.server.threadpool.server.cached = true (default)
2024-04-29 10:04:46,769 [4e10c049-ef00-4c78-84ba-ad0788e207ea-groupManagement] INFO  server.RaftServerConfigKeys (ConfUtils.java:logGet(46)) - raft.server.threadpool.server.size = 0 (default)
2024-04-29 10:04:46,769 [4e10c049-ef00-4c78-84ba-ad0788e207ea-groupManagement] INFO  server.RaftServerConfigKeys (ConfUtils.java:logGet(46)) - raft.server.threadpool.client.cached = true (default)
2024-04-29 10:04:46,769 [4e10c049-ef00-4c78-84ba-ad0788e207ea-groupManagement] INFO  server.RaftServerConfigKeys (ConfUtils.java:logGet(46)) - raft.server.threadpool.client.size = 0 (default)
2024-04-29 10:04:46,769 [4e10c049-ef00-4c78-84ba-ad0788e207ea-groupManagement] INFO  server.RaftServerConfigKeys (ConfUtils.java:logGet(46)) - raft.server.storage.free-space.min = 0MB (=0) (default)
2024-04-29 10:04:46,769 [4e10c049-ef00-4c78-84ba-ad0788e207ea-groupManagement] INFO  server.RaftServerConfigKeys (ConfUtils.java:logGet(46)) - raft.server.log.corruption.policy = EXCEPTION (default)
2024-04-29 10:04:46,770 [4e10c049-ef00-4c78-84ba-ad0788e207ea-groupManagement] INFO  server.RaftServerConfigKeys (ConfUtils.java:logGet(46)) - raft.server.storage.dir = [/home/runner/work/ozone/ozone/hadoop-ozone/integration-test/target/test-dir/MiniOzoneClusterImpl-b6e902a5-721a-459f-a115-5ddcd789b87e/ozone-meta/datanode-7/ratis] (custom)
2024-04-29 10:04:46,770 [4e10c049-ef00-4c78-84ba-ad0788e207ea-groupManagement] INFO  storage.RaftStorageDirectory (RaftStorageDirectoryImpl.java:analyzeStorage(138)) - The storage directory /home/runner/work/ozone/ozone/hadoop-ozone/integration-test/target/test-dir/MiniOzoneClusterImpl-b6e902a5-721a-459f-a115-5ddcd789b87e/ozone-meta/datanode-7/ratis/92b75dc5-da21-4321-a7fe-8a14c840a84e does not exist. Creating ...
2024-04-29 10:04:46,771 [4e10c049-ef00-4c78-84ba-ad0788e207ea-groupManagement] INFO  storage.RaftStorageDirectory (RaftStorageDirectoryImpl.java:tryLock(228)) - Lock on /home/runner/work/ozone/ozone/hadoop-ozone/integration-test/target/test-dir/MiniOzoneClusterImpl-b6e902a5-721a-459f-a115-5ddcd789b87e/ozone-meta/datanode-7/ratis/92b75dc5-da21-4321-a7fe-8a14c840a84e/in_use.lock acquired by nodename 20825@fv-az913-54
2024-04-29 10:04:46,772 [4e10c049-ef00-4c78-84ba-ad0788e207ea-groupManagement] INFO  storage.RaftStorage (RaftStorageImpl.java:format(99)) - Storage directory /home/runner/work/ozone/ozone/hadoop-ozone/integration-test/target/test-dir/MiniOzoneClusterImpl-b6e902a5-721a-459f-a115-5ddcd789b87e/ozone-meta/datanode-7/ratis/92b75dc5-da21-4321-a7fe-8a14c840a84e has been successfully formatted.
2024-04-29 10:04:46,772 [4e10c049-ef00-4c78-84ba-ad0788e207ea-groupManagement] WARN  util.FileUtils (LogUtils.java:supplyAndLog(63)) - Failed to Files.newInputStream /home/runner/work/ozone/ozone/hadoop-ozone/integration-test/target/test-dir/MiniOzoneClusterImpl-b6e902a5-721a-459f-a115-5ddcd789b87e/ozone-meta/datanode-7/ratis/92b75dc5-da21-4321-a7fe-8a14c840a84e/current/raft-meta.conf with options []: java.nio.file.NoSuchFileException: /home/runner/work/ozone/ozone/hadoop-ozone/integration-test/target/test-dir/MiniOzoneClusterImpl-b6e902a5-721a-459f-a115-5ddcd789b87e/ozone-meta/datanode-7/ratis/92b75dc5-da21-4321-a7fe-8a14c840a84e/current/raft-meta.conf
2024-04-29 10:04:46,772 [4e10c049-ef00-4c78-84ba-ad0788e207ea-groupManagement] INFO  ratis.ContainerStateMachine (ContainerStateMachine.java:loadSnapshot(287)) - group-8A14C840A84E: The snapshot info is null. Setting the last applied index to:(t:0, i:~)
2024-04-29 10:04:46,772 [4e10c049-ef00-4c78-84ba-ad0788e207ea-groupManagement] INFO  server.RaftServerConfigKeys (ConfUtils.java:logGet(46)) - raft.server.log.use.memory = false (default)
2024-04-29 10:04:46,772 [4e10c049-ef00-4c78-84ba-ad0788e207ea-groupManagement] INFO  server.RaftServerConfigKeys (ConfUtils.java:logGet(46)) - raft.server.log.purge.gap = 1000000 (custom)
2024-04-29 10:04:46,772 [4e10c049-ef00-4c78-84ba-ad0788e207ea-groupManagement] INFO  server.RaftServerConfigKeys (ConfUtils.java:logGet(46)) - raft.server.log.appender.buffer.byte-limit = 8388608 (custom)
2024-04-29 10:04:46,772 [4e10c049-ef00-4c78-84ba-ad0788e207ea-groupManagement] INFO  server.RaftServerConfigKeys (ConfUtils.java:logGet(46)) - raft.server.log.statemachine.data.read.timeout = 1000ms (default)
2024-04-29 10:04:46,772 [4e10c049-ef00-4c78-84ba-ad0788e207ea-groupManagement] INFO  server.RaftServerConfigKeys (ConfUtils.java:logGet(46)) - raft.server.log.purge.preservation.log.num = 0 (default)
2024-04-29 10:04:46,773 [EventQueue-OpenPipelineForHealthyPipelineSafeModeRule] INFO  safemode.SCMSafeModeManager (HealthyPipelineSafeModeRule.java:process(140)) - SCM in safe mode. Healthy pipelines reported count is 0, required healthy pipeline reported count is 1
2024-04-29 10:04:46,774 [4e10c049-ef00-4c78-84ba-ad0788e207ea-groupManagement] INFO  server.RaftServerConfigKeys (ConfUtils.java:logGet(46)) - raft.server.log.segment.size.max = 67108864 (custom)
2024-04-29 10:04:46,774 [4e10c049-ef00-4c78-84ba-ad0788e207ea-groupManagement] INFO  server.RaftServerConfigKeys (ConfUtils.java:logGet(46)) - raft.server.log.segment.cache.num.max = 2 (custom)
2024-04-29 10:04:46,774 [4e10c049-ef00-4c78-84ba-ad0788e207ea-groupManagement] INFO  server.RaftServerConfigKeys (ConfUtils.java:logGet(46)) - raft.server.log.segment.cache.size.max = 200MB (=209715200) (default)
2024-04-29 10:04:46,774 [4e10c049-ef00-4c78-84ba-ad0788e207ea-groupManagement] INFO  server.RaftServerConfigKeys (ConfUtils.java:logGet(46)) - raft.server.log.appender.buffer.byte-limit = 8388608 (custom)
2024-04-29 10:04:46,774 [4e10c049-ef00-4c78-84ba-ad0788e207ea-groupManagement] INFO  util.AwaitToRun (AwaitToRun.java:start(81)) - Thread[4e10c049-ef00-4c78-84ba-ad0788e207ea@group-8A14C840A84E-cacheEviction-AwaitToRun,5,main] started
2024-04-29 10:04:46,774 [4e10c049-ef00-4c78-84ba-ad0788e207ea-groupManagement] INFO  segmented.SegmentedRaftLogWorker (SegmentedRaftLogWorker.java:<init>(182)) - new 4e10c049-ef00-4c78-84ba-ad0788e207ea@group-8A14C840A84E-SegmentedRaftLogWorker for RaftStorageImpl:Storage Directory /home/runner/work/ozone/ozone/hadoop-ozone/integration-test/target/test-dir/MiniOzoneClusterImpl-b6e902a5-721a-459f-a115-5ddcd789b87e/ozone-meta/datanode-7/ratis/92b75dc5-da21-4321-a7fe-8a14c840a84e
2024-04-29 10:04:46,774 [4e10c049-ef00-4c78-84ba-ad0788e207ea-groupManagement] INFO  server.RaftServerConfigKeys (ConfUtils.java:logGet(46)) - raft.server.log.queue.byte-limit = 4294967296 (custom)
2024-04-29 10:04:46,774 [4e10c049-ef00-4c78-84ba-ad0788e207ea-groupManagement] INFO  server.RaftServerConfigKeys (ConfUtils.java:logGet(46)) - raft.server.log.queue.element-limit = 1024 (custom)
2024-04-29 10:04:46,774 [4e10c049-ef00-4c78-84ba-ad0788e207ea-groupManagement] INFO  server.RaftServerConfigKeys (ConfUtils.java:logGet(46)) - raft.server.log.segment.size.max = 67108864 (custom)
2024-04-29 10:04:46,774 [4e10c049-ef00-4c78-84ba-ad0788e207ea-groupManagement] INFO  server.RaftServerConfigKeys (ConfUtils.java:logGet(46)) - raft.server.log.preallocated.size = 4194304 (custom)
2024-04-29 10:04:46,774 [4e10c049-ef00-4c78-84ba-ad0788e207ea-groupManagement] INFO  server.RaftServerConfigKeys (ConfUtils.java:logGet(46)) - raft.server.log.force.sync.num = 128 (default)
2024-04-29 10:04:46,775 [4e10c049-ef00-4c78-84ba-ad0788e207ea-groupManagement] INFO  server.RaftServerConfigKeys (ConfUtils.java:logGet(46)) - raft.server.log.statemachine.data.sync = true (default)
2024-04-29 10:04:46,775 [4e10c049-ef00-4c78-84ba-ad0788e207ea-groupManagement] INFO  server.RaftServerConfigKeys (ConfUtils.java:logGet(46)) - raft.server.log.statemachine.data.sync.timeout = 10s (default)
2024-04-29 10:04:46,775 [4e10c049-ef00-4c78-84ba-ad0788e207ea-groupManagement] INFO  server.RaftServerConfigKeys (ConfUtils.java:logGet(46)) - raft.server.log.statemachine.data.sync.timeout.retry = 30 (custom)
2024-04-29 10:04:46,775 [4e10c049-ef00-4c78-84ba-ad0788e207ea-groupManagement] INFO  server.RaftServerConfigKeys (ConfUtils.java:logGet(46)) - raft.server.log.write.buffer.size = 8388616 (custom)
2024-04-29 10:04:46,776 [4e10c049-ef00-4c78-84ba-ad0788e207ea-groupManagement] INFO  server.RaftServerConfigKeys (ConfUtils.java:logGet(46)) - raft.server.log.appender.buffer.byte-limit = 8388608 (custom)
2024-04-29 10:04:46,776 [4e10c049-ef00-4c78-84ba-ad0788e207ea-groupManagement] INFO  server.RaftServerConfigKeys (ConfUtils.java:logGet(46)) - raft.server.log.unsafe-flush.enabled = false (default)
2024-04-29 10:04:46,776 [4e10c049-ef00-4c78-84ba-ad0788e207ea-groupManagement] INFO  server.RaftServerConfigKeys (ConfUtils.java:logGet(46)) - raft.server.log.async-flush.enabled = false (default)
2024-04-29 10:04:46,776 [4e10c049-ef00-4c78-84ba-ad0788e207ea-groupManagement] INFO  server.RaftServerConfigKeys (ConfUtils.java:logGet(46)) - raft.server.log.statemachine.data.caching.enabled = true (custom)
2024-04-29 10:04:46,776 [4e10c049-ef00-4c78-84ba-ad0788e207ea-groupManagement] INFO  segmented.SegmentedRaftLogWorker (SegmentedRaftLogWorker.java:lambda$new$0(134)) - 4e10c049-ef00-4c78-84ba-ad0788e207ea@group-8A14C840A84E-SegmentedRaftLogWorker: flushIndex: setUnconditionally 0 -> -1
2024-04-29 10:04:46,776 [4e10c049-ef00-4c78-84ba-ad0788e207ea-groupManagement] INFO  segmented.SegmentedRaftLogWorker (SegmentedRaftLogWorker.java:lambda$new$0(134)) - 4e10c049-ef00-4c78-84ba-ad0788e207ea@group-8A14C840A84E-SegmentedRaftLogWorker: safeCacheEvictIndex: setUnconditionally 0 -> -1
2024-04-29 10:04:46,777 [4e10c049-ef00-4c78-84ba-ad0788e207ea-groupManagement] INFO  server.RaftServer$Division (RaftServerImpl.java:start(396)) - 4e10c049-ef00-4c78-84ba-ad0788e207ea@group-8A14C840A84E: start as a follower, conf=-1: peers:[dd1da58e-99a3-4355-8051-ac3fff011e62|127.0.0.1:15175, 4e10c049-ef00-4c78-84ba-ad0788e207ea|127.0.0.1:15157, a0b5e3cc-426b-4365-97e7-610395f4eb0a|127.0.0.1:15166]|listeners:[], old=null
2024-04-29 10:04:46,777 [4e10c049-ef00-4c78-84ba-ad0788e207ea-groupManagement] INFO  server.RaftServer$Division (RaftServerImpl.java:setRole(383)) - 4e10c049-ef00-4c78-84ba-ad0788e207ea@group-8A14C840A84E: changes role from      null to FOLLOWER at term 0 for startAsFollower
2024-04-29 10:04:46,777 [4e10c049-ef00-4c78-84ba-ad0788e207ea-groupManagement] INFO  impl.RoleInfo (RoleInfo.java:updateAndGet(139)) - 4e10c049-ef00-4c78-84ba-ad0788e207ea: start 4e10c049-ef00-4c78-84ba-ad0788e207ea@group-8A14C840A84E-FollowerState
2024-04-29 10:04:46,777 [4e10c049-ef00-4c78-84ba-ad0788e207ea-groupManagement] INFO  util.JmxRegister (JmxRegister.java:tryRegister(44)) - Successfully registered JMX Bean with object name Ratis:service=RaftServer,group=group-8A14C840A84E,id=4e10c049-ef00-4c78-84ba-ad0788e207ea
2024-04-29 10:04:46,777 [4e10c049-ef00-4c78-84ba-ad0788e207ea-groupManagement] INFO  server.RaftServerConfigKeys (ConfUtils.java:logGet(46)) - raft.server.snapshot.trigger-when-stop.enabled = true (default)
2024-04-29 10:04:46,777 [4e10c049-ef00-4c78-84ba-ad0788e207ea-groupManagement] INFO  server.RaftServerConfigKeys (ConfUtils.java:logGet(46)) - raft.server.snapshot.auto.trigger.enabled = true (custom)
2024-04-29 10:04:46,777 [4e10c049-ef00-4c78-84ba-ad0788e207ea-groupManagement] INFO  server.RaftServerConfigKeys (ConfUtils.java:logGet(46)) - raft.server.snapshot.auto.trigger.threshold = 10000 (custom)
2024-04-29 10:04:46,777 [4e10c049-ef00-4c78-84ba-ad0788e207ea-groupManagement] INFO  server.RaftServerConfigKeys (ConfUtils.java:logGet(46)) - raft.server.snapshot.retention.file.num = 5 (custom)
2024-04-29 10:04:46,777 [4e10c049-ef00-4c78-84ba-ad0788e207ea-groupManagement] INFO  server.RaftServerConfigKeys (ConfUtils.java:logGet(46)) - raft.server.log.purge.upto.snapshot.index = false (default)
2024-04-29 10:04:46,777 [4e10c049-ef00-4c78-84ba-ad0788e207ea@group-8A14C840A84E-FollowerState] INFO  server.RaftServerConfigKeys (ConfUtils.java:logFallback(53)) - raft.server.rpc.first-election.timeout.min = 5s (fallback to raft.server.rpc.timeout.min)
2024-04-29 10:04:46,777 [4e10c049-ef00-4c78-84ba-ad0788e207ea@group-8A14C840A84E-FollowerState] INFO  server.RaftServerConfigKeys (ConfUtils.java:logFallback(53)) - raft.server.rpc.first-election.timeout.max = 5200ms (fallback to raft.server.rpc.timeout.max)
2024-04-29 10:04:46,778 [4e10c049-ef00-4c78-84ba-ad0788e207ea-PipelineCommandHandlerThread-0] INFO  ratis.XceiverServerRatis (XceiverServerRatis.java:addGroup(864)) - Created group PipelineID=92b75dc5-da21-4321-a7fe-8a14c840a84e
2024-04-29 10:04:46,784 [grpc-default-executor-0] INFO  server.RaftServer (RaftServerProxy.java:addNew(100)) - dd1da58e-99a3-4355-8051-ac3fff011e62: addNew group-8A14C840A84E:[dd1da58e-99a3-4355-8051-ac3fff011e62|127.0.0.1:15175, 4e10c049-ef00-4c78-84ba-ad0788e207ea|127.0.0.1:15157, a0b5e3cc-426b-4365-97e7-610395f4eb0a|127.0.0.1:15166] returns group-8A14C840A84E:java.util.concurrent.CompletableFuture@2c4df591[Not completed]
2024-04-29 10:04:46,785 [dd1da58e-99a3-4355-8051-ac3fff011e62-groupManagement] INFO  server.RaftServer$Division (RaftServerImpl.java:<init>(256)) - dd1da58e-99a3-4355-8051-ac3fff011e62: new RaftServerImpl for group-8A14C840A84E:[dd1da58e-99a3-4355-8051-ac3fff011e62|127.0.0.1:15175, 4e10c049-ef00-4c78-84ba-ad0788e207ea|127.0.0.1:15157, a0b5e3cc-426b-4365-97e7-610395f4eb0a|127.0.0.1:15166] with ContainerStateMachine:uninitialized
2024-04-29 10:04:46,785 [dd1da58e-99a3-4355-8051-ac3fff011e62-groupManagement] INFO  server.RaftServerConfigKeys (ConfUtils.java:logGet(46)) - raft.server.rpc.timeout.min = 5s (custom)
2024-04-29 10:04:46,785 [dd1da58e-99a3-4355-8051-ac3fff011e62-groupManagement] INFO  server.RaftServerConfigKeys (ConfUtils.java:logGet(46)) - raft.server.rpc.timeout.max = 5200ms (custom)
2024-04-29 10:04:46,785 [dd1da58e-99a3-4355-8051-ac3fff011e62-groupManagement] INFO  server.RaftServerConfigKeys (ConfUtils.java:logGet(46)) - raft.server.rpc.sleep.time = 25ms (default)
2024-04-29 10:04:46,785 [dd1da58e-99a3-4355-8051-ac3fff011e62-groupManagement] INFO  server.RaftServerConfigKeys (ConfUtils.java:logGet(46)) - raft.server.rpc.slowness.timeout = 300000ms (custom)
2024-04-29 10:04:46,785 [dd1da58e-99a3-4355-8051-ac3fff011e62-groupManagement] INFO  server.RaftServerConfigKeys (ConfUtils.java:logGet(46)) - raft.server.leaderelection.leader.step-down.wait-time = 10s (default)
2024-04-29 10:04:46,785 [dd1da58e-99a3-4355-8051-ac3fff011e62-groupManagement] INFO  server.RaftServerConfigKeys (ConfUtils.java:logGet(46)) - raft.server.leaderelection.member.majority-add = false (default)
2024-04-29 10:04:46,785 [dd1da58e-99a3-4355-8051-ac3fff011e62-groupManagement] INFO  server.RaftServerConfigKeys (ConfUtils.java:logGet(46)) - raft.server.sleep.deviation.threshold = 300ms (default)
2024-04-29 10:04:46,785 [dd1da58e-99a3-4355-8051-ac3fff011e62-groupManagement] INFO  server.RaftServer$Division (ServerState.java:<init>(113)) - dd1da58e-99a3-4355-8051-ac3fff011e62@group-8A14C840A84E: ConfigurationManager, init=-1: peers:[dd1da58e-99a3-4355-8051-ac3fff011e62|127.0.0.1:15175, 4e10c049-ef00-4c78-84ba-ad0788e207ea|127.0.0.1:15157, a0b5e3cc-426b-4365-97e7-610395f4eb0a|127.0.0.1:15166]|listeners:[], old=null, confs=<EMPTY_MAP>
2024-04-29 10:04:46,785 [dd1da58e-99a3-4355-8051-ac3fff011e62-groupManagement] INFO  server.RaftServerConfigKeys (ConfUtils.java:logGet(46)) - raft.server.notification.no-leader.timeout = 300000ms (custom)
2024-04-29 10:04:46,785 [dd1da58e-99a3-4355-8051-ac3fff011e62-groupManagement] INFO  server.RaftServerConfigKeys (ConfUtils.java:logGet(46)) - raft.server.read.timeout = 10s (default)
2024-04-29 10:04:46,785 [dd1da58e-99a3-4355-8051-ac3fff011e62-groupManagement] INFO  server.RaftServerConfigKeys (ConfUtils.java:logGet(46)) - raft.server.retrycache.expirytime = 600000ms (custom)
2024-04-29 10:04:46,785 [dd1da58e-99a3-4355-8051-ac3fff011e62-groupManagement] INFO  server.RaftServerConfigKeys (ConfUtils.java:logGet(46)) - raft.server.retrycache.statistics.expirytime = 100ms (default)
2024-04-29 10:04:46,785 [dd1da58e-99a3-4355-8051-ac3fff011e62-groupManagement] INFO  server.RaftServerConfigKeys (ConfUtils.java:logGet(46)) - raft.server.read.option = DEFAULT (default)
2024-04-29 10:04:46,785 [dd1da58e-99a3-4355-8051-ac3fff011e62-groupManagement] INFO  server.RaftServerConfigKeys (ConfUtils.java:logGet(46)) - raft.server.read.read-after-write-consistent.write-index-cache.expiry-time = 60s (default)
2024-04-29 10:04:46,788 [dd1da58e-99a3-4355-8051-ac3fff011e62-groupManagement] INFO  server.RaftServerConfigKeys (ConfUtils.java:logGet(46)) - raft.server.rpc.request.timeout = 3000ms (default)
2024-04-29 10:04:46,788 [dd1da58e-99a3-4355-8051-ac3fff011e62-groupManagement] INFO  server.RaftServerConfigKeys (ConfUtils.java:logGet(46)) - raft.server.log.appender.install.snapshot.enabled = false (custom)
2024-04-29 10:04:46,788 [dd1da58e-99a3-4355-8051-ac3fff011e62-groupManagement] INFO  server.RaftServerConfigKeys (ConfUtils.java:logGet(46)) - raft.server.threadpool.server.cached = true (default)
2024-04-29 10:04:46,788 [dd1da58e-99a3-4355-8051-ac3fff011e62-groupManagement] INFO  server.RaftServerConfigKeys (ConfUtils.java:logGet(46)) - raft.server.threadpool.server.size = 0 (default)
2024-04-29 10:04:46,788 [dd1da58e-99a3-4355-8051-ac3fff011e62-groupManagement] INFO  server.RaftServerConfigKeys (ConfUtils.java:logGet(46)) - raft.server.threadpool.client.cached = true (default)
2024-04-29 10:04:46,788 [dd1da58e-99a3-4355-8051-ac3fff011e62-groupManagement] INFO  server.RaftServerConfigKeys (ConfUtils.java:logGet(46)) - raft.server.threadpool.client.size = 0 (default)
2024-04-29 10:04:46,788 [dd1da58e-99a3-4355-8051-ac3fff011e62-groupManagement] INFO  server.RaftServerConfigKeys (ConfUtils.java:logGet(46)) - raft.server.storage.free-space.min = 0MB (=0) (default)
2024-04-29 10:04:46,788 [dd1da58e-99a3-4355-8051-ac3fff011e62-groupManagement] INFO  server.RaftServerConfigKeys (ConfUtils.java:logGet(46)) - raft.server.log.corruption.policy = EXCEPTION (default)
2024-04-29 10:04:46,788 [dd1da58e-99a3-4355-8051-ac3fff011e62-groupManagement] INFO  server.RaftServerConfigKeys (ConfUtils.java:logGet(46)) - raft.server.storage.dir = [/home/runner/work/ozone/ozone/hadoop-ozone/integration-test/target/test-dir/MiniOzoneClusterImpl-b6e902a5-721a-459f-a115-5ddcd789b87e/ozone-meta/datanode-9/ratis] (custom)
2024-04-29 10:04:46,789 [dd1da58e-99a3-4355-8051-ac3fff011e62-groupManagement] INFO  storage.RaftStorageDirectory (RaftStorageDirectoryImpl.java:analyzeStorage(138)) - The storage directory /home/runner/work/ozone/ozone/hadoop-ozone/integration-test/target/test-dir/MiniOzoneClusterImpl-b6e902a5-721a-459f-a115-5ddcd789b87e/ozone-meta/datanode-9/ratis/92b75dc5-da21-4321-a7fe-8a14c840a84e does not exist. Creating ...
2024-04-29 10:04:46,790 [dd1da58e-99a3-4355-8051-ac3fff011e62-groupManagement] INFO  storage.RaftStorageDirectory (RaftStorageDirectoryImpl.java:tryLock(228)) - Lock on /home/runner/work/ozone/ozone/hadoop-ozone/integration-test/target/test-dir/MiniOzoneClusterImpl-b6e902a5-721a-459f-a115-5ddcd789b87e/ozone-meta/datanode-9/ratis/92b75dc5-da21-4321-a7fe-8a14c840a84e/in_use.lock acquired by nodename 20825@fv-az913-54
2024-04-29 10:04:46,791 [dd1da58e-99a3-4355-8051-ac3fff011e62-groupManagement] INFO  storage.RaftStorage (RaftStorageImpl.java:format(99)) - Storage directory /home/runner/work/ozone/ozone/hadoop-ozone/integration-test/target/test-dir/MiniOzoneClusterImpl-b6e902a5-721a-459f-a115-5ddcd789b87e/ozone-meta/datanode-9/ratis/92b75dc5-da21-4321-a7fe-8a14c840a84e has been successfully formatted.
2024-04-29 10:04:46,791 [dd1da58e-99a3-4355-8051-ac3fff011e62-groupManagement] WARN  util.FileUtils (LogUtils.java:supplyAndLog(63)) - Failed to Files.newInputStream /home/runner/work/ozone/ozone/hadoop-ozone/integration-test/target/test-dir/MiniOzoneClusterImpl-b6e902a5-721a-459f-a115-5ddcd789b87e/ozone-meta/datanode-9/ratis/92b75dc5-da21-4321-a7fe-8a14c840a84e/current/raft-meta.conf with options []: java.nio.file.NoSuchFileException: /home/runner/work/ozone/ozone/hadoop-ozone/integration-test/target/test-dir/MiniOzoneClusterImpl-b6e902a5-721a-459f-a115-5ddcd789b87e/ozone-meta/datanode-9/ratis/92b75dc5-da21-4321-a7fe-8a14c840a84e/current/raft-meta.conf
2024-04-29 10:04:46,791 [dd1da58e-99a3-4355-8051-ac3fff011e62-groupManagement] INFO  ratis.ContainerStateMachine (ContainerStateMachine.java:loadSnapshot(287)) - group-8A14C840A84E: The snapshot info is null. Setting the last applied index to:(t:0, i:~)
2024-04-29 10:04:46,791 [dd1da58e-99a3-4355-8051-ac3fff011e62-groupManagement] INFO  server.RaftServerConfigKeys (ConfUtils.java:logGet(46)) - raft.server.log.use.memory = false (default)
2024-04-29 10:04:46,792 [dd1da58e-99a3-4355-8051-ac3fff011e62-groupManagement] INFO  server.RaftServerConfigKeys (ConfUtils.java:logGet(46)) - raft.server.log.purge.gap = 1000000 (custom)
2024-04-29 10:04:46,792 [dd1da58e-99a3-4355-8051-ac3fff011e62-groupManagement] INFO  server.RaftServerConfigKeys (ConfUtils.java:logGet(46)) - raft.server.log.appender.buffer.byte-limit = 8388608 (custom)
2024-04-29 10:04:46,792 [dd1da58e-99a3-4355-8051-ac3fff011e62-groupManagement] INFO  server.RaftServerConfigKeys (ConfUtils.java:logGet(46)) - raft.server.log.statemachine.data.read.timeout = 1000ms (default)
2024-04-29 10:04:46,792 [dd1da58e-99a3-4355-8051-ac3fff011e62-groupManagement] INFO  server.RaftServerConfigKeys (ConfUtils.java:logGet(46)) - raft.server.log.purge.preservation.log.num = 0 (default)
2024-04-29 10:04:46,794 [dd1da58e-99a3-4355-8051-ac3fff011e62-groupManagement] INFO  server.RaftServerConfigKeys (ConfUtils.java:logGet(46)) - raft.server.log.segment.size.max = 67108864 (custom)
2024-04-29 10:04:46,794 [dd1da58e-99a3-4355-8051-ac3fff011e62-groupManagement] INFO  server.RaftServerConfigKeys (ConfUtils.java:logGet(46)) - raft.server.log.segment.cache.num.max = 2 (custom)
2024-04-29 10:04:46,794 [dd1da58e-99a3-4355-8051-ac3fff011e62-groupManagement] INFO  server.RaftServerConfigKeys (ConfUtils.java:logGet(46)) - raft.server.log.segment.cache.size.max = 200MB (=209715200) (default)
2024-04-29 10:04:46,794 [dd1da58e-99a3-4355-8051-ac3fff011e62-groupManagement] INFO  server.RaftServerConfigKeys (ConfUtils.java:logGet(46)) - raft.server.log.appender.buffer.byte-limit = 8388608 (custom)
2024-04-29 10:04:46,797 [dd1da58e-99a3-4355-8051-ac3fff011e62-groupManagement] INFO  util.AwaitToRun (AwaitToRun.java:start(81)) - Thread[dd1da58e-99a3-4355-8051-ac3fff011e62@group-8A14C840A84E-cacheEviction-AwaitToRun,5,main] started
2024-04-29 10:04:46,797 [dd1da58e-99a3-4355-8051-ac3fff011e62-groupManagement] INFO  segmented.SegmentedRaftLogWorker (SegmentedRaftLogWorker.java:<init>(182)) - new dd1da58e-99a3-4355-8051-ac3fff011e62@group-8A14C840A84E-SegmentedRaftLogWorker for RaftStorageImpl:Storage Directory /home/runner/work/ozone/ozone/hadoop-ozone/integration-test/target/test-dir/MiniOzoneClusterImpl-b6e902a5-721a-459f-a115-5ddcd789b87e/ozone-meta/datanode-9/ratis/92b75dc5-da21-4321-a7fe-8a14c840a84e
2024-04-29 10:04:46,797 [dd1da58e-99a3-4355-8051-ac3fff011e62-groupManagement] INFO  server.RaftServerConfigKeys (ConfUtils.java:logGet(46)) - raft.server.log.queue.byte-limit = 4294967296 (custom)
2024-04-29 10:04:46,797 [dd1da58e-99a3-4355-8051-ac3fff011e62-groupManagement] INFO  server.RaftServerConfigKeys (ConfUtils.java:logGet(46)) - raft.server.log.queue.element-limit = 1024 (custom)
2024-04-29 10:04:46,797 [dd1da58e-99a3-4355-8051-ac3fff011e62-groupManagement] INFO  server.RaftServerConfigKeys (ConfUtils.java:logGet(46)) - raft.server.log.segment.size.max = 67108864 (custom)
2024-04-29 10:04:46,798 [dd1da58e-99a3-4355-8051-ac3fff011e62-groupManagement] INFO  server.RaftServerConfigKeys (ConfUtils.java:logGet(46)) - raft.server.log.preallocated.size = 4194304 (custom)
2024-04-29 10:04:46,798 [dd1da58e-99a3-4355-8051-ac3fff011e62-groupManagement] INFO  server.RaftServerConfigKeys (ConfUtils.java:logGet(46)) - raft.server.log.force.sync.num = 128 (default)
2024-04-29 10:04:46,798 [dd1da58e-99a3-4355-8051-ac3fff011e62-groupManagement] INFO  server.RaftServerConfigKeys (ConfUtils.java:logGet(46)) - raft.server.log.statemachine.data.sync = true (default)
2024-04-29 10:04:46,798 [dd1da58e-99a3-4355-8051-ac3fff011e62-groupManagement] INFO  server.RaftServerConfigKeys (ConfUtils.java:logGet(46)) - raft.server.log.statemachine.data.sync.timeout = 10s (default)
2024-04-29 10:04:46,798 [dd1da58e-99a3-4355-8051-ac3fff011e62-groupManagement] INFO  server.RaftServerConfigKeys (ConfUtils.java:logGet(46)) - raft.server.log.statemachine.data.sync.timeout.retry = 30 (custom)
2024-04-29 10:04:46,798 [dd1da58e-99a3-4355-8051-ac3fff011e62-groupManagement] INFO  server.RaftServerConfigKeys (ConfUtils.java:logGet(46)) - raft.server.log.write.buffer.size = 8388616 (custom)
2024-04-29 10:04:46,799 [dd1da58e-99a3-4355-8051-ac3fff011e62-groupManagement] INFO  server.RaftServerConfigKeys (ConfUtils.java:logGet(46)) - raft.server.log.appender.buffer.byte-limit = 8388608 (custom)
2024-04-29 10:04:46,800 [dd1da58e-99a3-4355-8051-ac3fff011e62-groupManagement] INFO  server.RaftServerConfigKeys (ConfUtils.java:logGet(46)) - raft.server.log.unsafe-flush.enabled = false (default)
2024-04-29 10:04:46,800 [dd1da58e-99a3-4355-8051-ac3fff011e62-groupManagement] INFO  server.RaftServerConfigKeys (ConfUtils.java:logGet(46)) - raft.server.log.async-flush.enabled = false (default)
2024-04-29 10:04:46,800 [dd1da58e-99a3-4355-8051-ac3fff011e62-groupManagement] INFO  server.RaftServerConfigKeys (ConfUtils.java:logGet(46)) - raft.server.log.statemachine.data.caching.enabled = true (custom)
2024-04-29 10:04:46,800 [dd1da58e-99a3-4355-8051-ac3fff011e62-groupManagement] INFO  segmented.SegmentedRaftLogWorker (SegmentedRaftLogWorker.java:lambda$new$0(134)) - dd1da58e-99a3-4355-8051-ac3fff011e62@group-8A14C840A84E-SegmentedRaftLogWorker: flushIndex: setUnconditionally 0 -> -1
2024-04-29 10:04:46,800 [dd1da58e-99a3-4355-8051-ac3fff011e62-groupManagement] INFO  segmented.SegmentedRaftLogWorker (SegmentedRaftLogWorker.java:lambda$new$0(134)) - dd1da58e-99a3-4355-8051-ac3fff011e62@group-8A14C840A84E-SegmentedRaftLogWorker: safeCacheEvictIndex: setUnconditionally 0 -> -1
2024-04-29 10:04:46,804 [dd1da58e-99a3-4355-8051-ac3fff011e62-groupManagement] INFO  server.RaftServer$Division (RaftServerImpl.java:start(396)) - dd1da58e-99a3-4355-8051-ac3fff011e62@group-8A14C840A84E: start as a follower, conf=-1: peers:[dd1da58e-99a3-4355-8051-ac3fff011e62|127.0.0.1:15175, 4e10c049-ef00-4c78-84ba-ad0788e207ea|127.0.0.1:15157, a0b5e3cc-426b-4365-97e7-610395f4eb0a|127.0.0.1:15166]|listeners:[], old=null
2024-04-29 10:04:46,804 [dd1da58e-99a3-4355-8051-ac3fff011e62-groupManagement] INFO  server.RaftServer$Division (RaftServerImpl.java:setRole(383)) - dd1da58e-99a3-4355-8051-ac3fff011e62@group-8A14C840A84E: changes role from      null to FOLLOWER at term 0 for startAsFollower
2024-04-29 10:04:46,804 [dd1da58e-99a3-4355-8051-ac3fff011e62-groupManagement] INFO  impl.RoleInfo (RoleInfo.java:updateAndGet(139)) - dd1da58e-99a3-4355-8051-ac3fff011e62: start dd1da58e-99a3-4355-8051-ac3fff011e62@group-8A14C840A84E-FollowerState
2024-04-29 10:04:46,804 [dd1da58e-99a3-4355-8051-ac3fff011e62@group-8A14C840A84E-FollowerState] INFO  server.RaftServerConfigKeys (ConfUtils.java:logFallback(53)) - raft.server.rpc.first-election.timeout.min = 5s (fallback to raft.server.rpc.timeout.min)
2024-04-29 10:04:46,804 [dd1da58e-99a3-4355-8051-ac3fff011e62-groupManagement] INFO  util.JmxRegister (JmxRegister.java:tryRegister(44)) - Successfully registered JMX Bean with object name Ratis:service=RaftServer,group=group-8A14C840A84E,id=dd1da58e-99a3-4355-8051-ac3fff011e62
2024-04-29 10:04:46,804 [dd1da58e-99a3-4355-8051-ac3fff011e62@group-8A14C840A84E-FollowerState] INFO  server.RaftServerConfigKeys (ConfUtils.java:logFallback(53)) - raft.server.rpc.first-election.timeout.max = 5200ms (fallback to raft.server.rpc.timeout.max)
2024-04-29 10:04:46,804 [dd1da58e-99a3-4355-8051-ac3fff011e62-groupManagement] INFO  server.RaftServerConfigKeys (ConfUtils.java:logGet(46)) - raft.server.snapshot.trigger-when-stop.enabled = true (default)
2024-04-29 10:04:46,804 [dd1da58e-99a3-4355-8051-ac3fff011e62-groupManagement] INFO  server.RaftServerConfigKeys (ConfUtils.java:logGet(46)) - raft.server.snapshot.auto.trigger.enabled = true (custom)
2024-04-29 10:04:46,804 [dd1da58e-99a3-4355-8051-ac3fff011e62-groupManagement] INFO  server.RaftServerConfigKeys (ConfUtils.java:logGet(46)) - raft.server.snapshot.auto.trigger.threshold = 10000 (custom)
2024-04-29 10:04:46,804 [dd1da58e-99a3-4355-8051-ac3fff011e62-groupManagement] INFO  server.RaftServerConfigKeys (ConfUtils.java:logGet(46)) - raft.server.snapshot.retention.file.num = 5 (custom)
2024-04-29 10:04:46,804 [dd1da58e-99a3-4355-8051-ac3fff011e62-groupManagement] INFO  server.RaftServerConfigKeys (ConfUtils.java:logGet(46)) - raft.server.log.purge.upto.snapshot.index = false (default)
2024-04-29 10:04:46,812 [grpc-default-executor-0] INFO  server.RaftServer (RaftServerProxy.java:addNew(100)) - a0b5e3cc-426b-4365-97e7-610395f4eb0a: addNew group-8A14C840A84E:[dd1da58e-99a3-4355-8051-ac3fff011e62|127.0.0.1:15175, 4e10c049-ef00-4c78-84ba-ad0788e207ea|127.0.0.1:15157, a0b5e3cc-426b-4365-97e7-610395f4eb0a|127.0.0.1:15166] returns group-8A14C840A84E:java.util.concurrent.CompletableFuture@26ca03b3[Not completed]
2024-04-29 10:04:46,813 [a0b5e3cc-426b-4365-97e7-610395f4eb0a-groupManagement] INFO  server.RaftServer$Division (RaftServerImpl.java:<init>(256)) - a0b5e3cc-426b-4365-97e7-610395f4eb0a: new RaftServerImpl for group-8A14C840A84E:[dd1da58e-99a3-4355-8051-ac3fff011e62|127.0.0.1:15175, 4e10c049-ef00-4c78-84ba-ad0788e207ea|127.0.0.1:15157, a0b5e3cc-426b-4365-97e7-610395f4eb0a|127.0.0.1:15166] with ContainerStateMachine:uninitialized
2024-04-29 10:04:46,813 [a0b5e3cc-426b-4365-97e7-610395f4eb0a-groupManagement] INFO  server.RaftServerConfigKeys (ConfUtils.java:logGet(46)) - raft.server.rpc.timeout.min = 5s (custom)
2024-04-29 10:04:46,813 [a0b5e3cc-426b-4365-97e7-610395f4eb0a-groupManagement] INFO  server.RaftServerConfigKeys (ConfUtils.java:logGet(46)) - raft.server.rpc.timeout.max = 5200ms (custom)
2024-04-29 10:04:46,813 [a0b5e3cc-426b-4365-97e7-610395f4eb0a-groupManagement] INFO  server.RaftServerConfigKeys (ConfUtils.java:logGet(46)) - raft.server.rpc.sleep.time = 25ms (default)
2024-04-29 10:04:46,813 [a0b5e3cc-426b-4365-97e7-610395f4eb0a-groupManagement] INFO  server.RaftServerConfigKeys (ConfUtils.java:logGet(46)) - raft.server.rpc.slowness.timeout = 300000ms (custom)
2024-04-29 10:04:46,813 [a0b5e3cc-426b-4365-97e7-610395f4eb0a-groupManagement] INFO  server.RaftServerConfigKeys (ConfUtils.java:logGet(46)) - raft.server.leaderelection.leader.step-down.wait-time = 10s (default)
2024-04-29 10:04:46,813 [a0b5e3cc-426b-4365-97e7-610395f4eb0a-groupManagement] INFO  server.RaftServerConfigKeys (ConfUtils.java:logGet(46)) - raft.server.leaderelection.member.majority-add = false (default)
2024-04-29 10:04:46,813 [a0b5e3cc-426b-4365-97e7-610395f4eb0a-groupManagement] INFO  server.RaftServerConfigKeys (ConfUtils.java:logGet(46)) - raft.server.sleep.deviation.threshold = 300ms (default)
2024-04-29 10:04:46,813 [a0b5e3cc-426b-4365-97e7-610395f4eb0a-groupManagement] INFO  server.RaftServer$Division (ServerState.java:<init>(113)) - a0b5e3cc-426b-4365-97e7-610395f4eb0a@group-8A14C840A84E: ConfigurationManager, init=-1: peers:[dd1da58e-99a3-4355-8051-ac3fff011e62|127.0.0.1:15175, 4e10c049-ef00-4c78-84ba-ad0788e207ea|127.0.0.1:15157, a0b5e3cc-426b-4365-97e7-610395f4eb0a|127.0.0.1:15166]|listeners:[], old=null, confs=<EMPTY_MAP>
2024-04-29 10:04:46,813 [a0b5e3cc-426b-4365-97e7-610395f4eb0a-groupManagement] INFO  server.RaftServerConfigKeys (ConfUtils.java:logGet(46)) - raft.server.notification.no-leader.timeout = 300000ms (custom)
2024-04-29 10:04:46,813 [a0b5e3cc-426b-4365-97e7-610395f4eb0a-groupManagement] INFO  server.RaftServerConfigKeys (ConfUtils.java:logGet(46)) - raft.server.read.timeout = 10s (default)
2024-04-29 10:04:46,813 [a0b5e3cc-426b-4365-97e7-610395f4eb0a-groupManagement] INFO  server.RaftServerConfigKeys (ConfUtils.java:logGet(46)) - raft.server.retrycache.expirytime = 600000ms (custom)
2024-04-29 10:04:46,813 [a0b5e3cc-426b-4365-97e7-610395f4eb0a-groupManagement] INFO  server.RaftServerConfigKeys (ConfUtils.java:logGet(46)) - raft.server.retrycache.statistics.expirytime = 100ms (default)
2024-04-29 10:04:46,813 [a0b5e3cc-426b-4365-97e7-610395f4eb0a-groupManagement] INFO  server.RaftServerConfigKeys (ConfUtils.java:logGet(46)) - raft.server.read.option = DEFAULT (default)
2024-04-29 10:04:46,813 [a0b5e3cc-426b-4365-97e7-610395f4eb0a-groupManagement] INFO  server.RaftServerConfigKeys (ConfUtils.java:logGet(46)) - raft.server.read.read-after-write-consistent.write-index-cache.expiry-time = 60s (default)
2024-04-29 10:04:46,815 [a0b5e3cc-426b-4365-97e7-610395f4eb0a-groupManagement] INFO  server.RaftServerConfigKeys (ConfUtils.java:logGet(46)) - raft.server.rpc.request.timeout = 3000ms (default)
2024-04-29 10:04:46,815 [a0b5e3cc-426b-4365-97e7-610395f4eb0a-groupManagement] INFO  server.RaftServerConfigKeys (ConfUtils.java:logGet(46)) - raft.server.log.appender.install.snapshot.enabled = false (custom)
2024-04-29 10:04:46,815 [a0b5e3cc-426b-4365-97e7-610395f4eb0a-groupManagement] INFO  server.RaftServerConfigKeys (ConfUtils.java:logGet(46)) - raft.server.threadpool.server.cached = true (default)
2024-04-29 10:04:46,815 [a0b5e3cc-426b-4365-97e7-610395f4eb0a-groupManagement] INFO  server.RaftServerConfigKeys (ConfUtils.java:logGet(46)) - raft.server.threadpool.server.size = 0 (default)
2024-04-29 10:04:46,815 [a0b5e3cc-426b-4365-97e7-610395f4eb0a-groupManagement] INFO  server.RaftServerConfigKeys (ConfUtils.java:logGet(46)) - raft.server.threadpool.client.cached = true (default)
2024-04-29 10:04:46,817 [a0b5e3cc-426b-4365-97e7-610395f4eb0a-groupManagement] INFO  server.RaftServerConfigKeys (ConfUtils.java:logGet(46)) - raft.server.threadpool.client.size = 0 (default)
2024-04-29 10:04:46,817 [a0b5e3cc-426b-4365-97e7-610395f4eb0a-groupManagement] INFO  server.RaftServerConfigKeys (ConfUtils.java:logGet(46)) - raft.server.storage.free-space.min = 0MB (=0) (default)
2024-04-29 10:04:46,817 [a0b5e3cc-426b-4365-97e7-610395f4eb0a-groupManagement] INFO  server.RaftServerConfigKeys (ConfUtils.java:logGet(46)) - raft.server.log.corruption.policy = EXCEPTION (default)
2024-04-29 10:04:46,817 [a0b5e3cc-426b-4365-97e7-610395f4eb0a-groupManagement] INFO  server.RaftServerConfigKeys (ConfUtils.java:logGet(46)) - raft.server.storage.dir = [/home/runner/work/ozone/ozone/hadoop-ozone/integration-test/target/test-dir/MiniOzoneClusterImpl-b6e902a5-721a-459f-a115-5ddcd789b87e/ozone-meta/datanode-8/ratis] (custom)
2024-04-29 10:04:46,818 [a0b5e3cc-426b-4365-97e7-610395f4eb0a-groupManagement] INFO  storage.RaftStorageDirectory (RaftStorageDirectoryImpl.java:analyzeStorage(138)) - The storage directory /home/runner/work/ozone/ozone/hadoop-ozone/integration-test/target/test-dir/MiniOzoneClusterImpl-b6e902a5-721a-459f-a115-5ddcd789b87e/ozone-meta/datanode-8/ratis/92b75dc5-da21-4321-a7fe-8a14c840a84e does not exist. Creating ...
2024-04-29 10:04:46,819 [a0b5e3cc-426b-4365-97e7-610395f4eb0a-groupManagement] INFO  storage.RaftStorageDirectory (RaftStorageDirectoryImpl.java:tryLock(228)) - Lock on /home/runner/work/ozone/ozone/hadoop-ozone/integration-test/target/test-dir/MiniOzoneClusterImpl-b6e902a5-721a-459f-a115-5ddcd789b87e/ozone-meta/datanode-8/ratis/92b75dc5-da21-4321-a7fe-8a14c840a84e/in_use.lock acquired by nodename 20825@fv-az913-54
2024-04-29 10:04:46,820 [a0b5e3cc-426b-4365-97e7-610395f4eb0a-groupManagement] INFO  storage.RaftStorage (RaftStorageImpl.java:format(99)) - Storage directory /home/runner/work/ozone/ozone/hadoop-ozone/integration-test/target/test-dir/MiniOzoneClusterImpl-b6e902a5-721a-459f-a115-5ddcd789b87e/ozone-meta/datanode-8/ratis/92b75dc5-da21-4321-a7fe-8a14c840a84e has been successfully formatted.
2024-04-29 10:04:46,820 [a0b5e3cc-426b-4365-97e7-610395f4eb0a-groupManagement] WARN  util.FileUtils (LogUtils.java:supplyAndLog(63)) - Failed to Files.newInputStream /home/runner/work/ozone/ozone/hadoop-ozone/integration-test/target/test-dir/MiniOzoneClusterImpl-b6e902a5-721a-459f-a115-5ddcd789b87e/ozone-meta/datanode-8/ratis/92b75dc5-da21-4321-a7fe-8a14c840a84e/current/raft-meta.conf with options []: java.nio.file.NoSuchFileException: /home/runner/work/ozone/ozone/hadoop-ozone/integration-test/target/test-dir/MiniOzoneClusterImpl-b6e902a5-721a-459f-a115-5ddcd789b87e/ozone-meta/datanode-8/ratis/92b75dc5-da21-4321-a7fe-8a14c840a84e/current/raft-meta.conf
2024-04-29 10:04:46,820 [a0b5e3cc-426b-4365-97e7-610395f4eb0a-groupManagement] INFO  ratis.ContainerStateMachine (ContainerStateMachine.java:loadSnapshot(287)) - group-8A14C840A84E: The snapshot info is null. Setting the last applied index to:(t:0, i:~)
2024-04-29 10:04:46,820 [a0b5e3cc-426b-4365-97e7-610395f4eb0a-groupManagement] INFO  server.RaftServerConfigKeys (ConfUtils.java:logGet(46)) - raft.server.log.use.memory = false (default)
2024-04-29 10:04:46,820 [a0b5e3cc-426b-4365-97e7-610395f4eb0a-groupManagement] INFO  server.RaftServerConfigKeys (ConfUtils.java:logGet(46)) - raft.server.log.purge.gap = 1000000 (custom)
2024-04-29 10:04:46,821 [a0b5e3cc-426b-4365-97e7-610395f4eb0a-groupManagement] INFO  server.RaftServerConfigKeys (ConfUtils.java:logGet(46)) - raft.server.log.appender.buffer.byte-limit = 8388608 (custom)
2024-04-29 10:04:46,821 [a0b5e3cc-426b-4365-97e7-610395f4eb0a-groupManagement] INFO  server.RaftServerConfigKeys (ConfUtils.java:logGet(46)) - raft.server.log.statemachine.data.read.timeout = 1000ms (default)
2024-04-29 10:04:46,821 [a0b5e3cc-426b-4365-97e7-610395f4eb0a-groupManagement] INFO  server.RaftServerConfigKeys (ConfUtils.java:logGet(46)) - raft.server.log.purge.preservation.log.num = 0 (default)
2024-04-29 10:04:46,824 [a0b5e3cc-426b-4365-97e7-610395f4eb0a-groupManagement] INFO  server.RaftServerConfigKeys (ConfUtils.java:logGet(46)) - raft.server.log.segment.size.max = 67108864 (custom)
2024-04-29 10:04:46,824 [a0b5e3cc-426b-4365-97e7-610395f4eb0a-groupManagement] INFO  server.RaftServerConfigKeys (ConfUtils.java:logGet(46)) - raft.server.log.segment.cache.num.max = 2 (custom)
2024-04-29 10:04:46,824 [a0b5e3cc-426b-4365-97e7-610395f4eb0a-groupManagement] INFO  server.RaftServerConfigKeys (ConfUtils.java:logGet(46)) - raft.server.log.segment.cache.size.max = 200MB (=209715200) (default)
2024-04-29 10:04:46,824 [a0b5e3cc-426b-4365-97e7-610395f4eb0a-groupManagement] INFO  server.RaftServerConfigKeys (ConfUtils.java:logGet(46)) - raft.server.log.appender.buffer.byte-limit = 8388608 (custom)
2024-04-29 10:04:46,824 [a0b5e3cc-426b-4365-97e7-610395f4eb0a-groupManagement] INFO  util.AwaitToRun (AwaitToRun.java:start(81)) - Thread[a0b5e3cc-426b-4365-97e7-610395f4eb0a@group-8A14C840A84E-cacheEviction-AwaitToRun,5,main] started
2024-04-29 10:04:46,824 [a0b5e3cc-426b-4365-97e7-610395f4eb0a-groupManagement] INFO  segmented.SegmentedRaftLogWorker (SegmentedRaftLogWorker.java:<init>(182)) - new a0b5e3cc-426b-4365-97e7-610395f4eb0a@group-8A14C840A84E-SegmentedRaftLogWorker for RaftStorageImpl:Storage Directory /home/runner/work/ozone/ozone/hadoop-ozone/integration-test/target/test-dir/MiniOzoneClusterImpl-b6e902a5-721a-459f-a115-5ddcd789b87e/ozone-meta/datanode-8/ratis/92b75dc5-da21-4321-a7fe-8a14c840a84e
2024-04-29 10:04:46,825 [a0b5e3cc-426b-4365-97e7-610395f4eb0a-groupManagement] INFO  server.RaftServerConfigKeys (ConfUtils.java:logGet(46)) - raft.server.log.queue.byte-limit = 4294967296 (custom)
2024-04-29 10:04:46,825 [a0b5e3cc-426b-4365-97e7-610395f4eb0a-groupManagement] INFO  server.RaftServerConfigKeys (ConfUtils.java:logGet(46)) - raft.server.log.queue.element-limit = 1024 (custom)
2024-04-29 10:04:46,825 [a0b5e3cc-426b-4365-97e7-610395f4eb0a-groupManagement] INFO  server.RaftServerConfigKeys (ConfUtils.java:logGet(46)) - raft.server.log.segment.size.max = 67108864 (custom)
2024-04-29 10:04:46,825 [a0b5e3cc-426b-4365-97e7-610395f4eb0a-groupManagement] INFO  server.RaftServerConfigKeys (ConfUtils.java:logGet(46)) - raft.server.log.preallocated.size = 4194304 (custom)
2024-04-29 10:04:46,825 [a0b5e3cc-426b-4365-97e7-610395f4eb0a-groupManagement] INFO  server.RaftServerConfigKeys (ConfUtils.java:logGet(46)) - raft.server.log.force.sync.num = 128 (default)
2024-04-29 10:04:46,825 [a0b5e3cc-426b-4365-97e7-610395f4eb0a-groupManagement] INFO  server.RaftServerConfigKeys (ConfUtils.java:logGet(46)) - raft.server.log.statemachine.data.sync = true (default)
2024-04-29 10:04:46,825 [a0b5e3cc-426b-4365-97e7-610395f4eb0a-groupManagement] INFO  server.RaftServerConfigKeys (ConfUtils.java:logGet(46)) - raft.server.log.statemachine.data.sync.timeout = 10s (default)
2024-04-29 10:04:46,825 [a0b5e3cc-426b-4365-97e7-610395f4eb0a-groupManagement] INFO  server.RaftServerConfigKeys (ConfUtils.java:logGet(46)) - raft.server.log.statemachine.data.sync.timeout.retry = 30 (custom)
2024-04-29 10:04:46,825 [a0b5e3cc-426b-4365-97e7-610395f4eb0a-groupManagement] INFO  server.RaftServerConfigKeys (ConfUtils.java:logGet(46)) - raft.server.log.write.buffer.size = 8388616 (custom)
2024-04-29 10:04:46,826 [a0b5e3cc-426b-4365-97e7-610395f4eb0a-groupManagement] INFO  server.RaftServerConfigKeys (ConfUtils.java:logGet(46)) - raft.server.log.appender.buffer.byte-limit = 8388608 (custom)
2024-04-29 10:04:46,826 [a0b5e3cc-426b-4365-97e7-610395f4eb0a-groupManagement] INFO  server.RaftServerConfigKeys (ConfUtils.java:logGet(46)) - raft.server.log.unsafe-flush.enabled = false (default)
2024-04-29 10:04:46,826 [a0b5e3cc-426b-4365-97e7-610395f4eb0a-groupManagement] INFO  server.RaftServerConfigKeys (ConfUtils.java:logGet(46)) - raft.server.log.async-flush.enabled = false (default)
2024-04-29 10:04:46,826 [a0b5e3cc-426b-4365-97e7-610395f4eb0a-groupManagement] INFO  server.RaftServerConfigKeys (ConfUtils.java:logGet(46)) - raft.server.log.statemachine.data.caching.enabled = true (custom)
2024-04-29 10:04:46,827 [a0b5e3cc-426b-4365-97e7-610395f4eb0a-groupManagement] INFO  segmented.SegmentedRaftLogWorker (SegmentedRaftLogWorker.java:lambda$new$0(134)) - a0b5e3cc-426b-4365-97e7-610395f4eb0a@group-8A14C840A84E-SegmentedRaftLogWorker: flushIndex: setUnconditionally 0 -> -1
2024-04-29 10:04:46,827 [a0b5e3cc-426b-4365-97e7-610395f4eb0a-groupManagement] INFO  segmented.SegmentedRaftLogWorker (SegmentedRaftLogWorker.java:lambda$new$0(134)) - a0b5e3cc-426b-4365-97e7-610395f4eb0a@group-8A14C840A84E-SegmentedRaftLogWorker: safeCacheEvictIndex: setUnconditionally 0 -> -1
2024-04-29 10:04:46,829 [a0b5e3cc-426b-4365-97e7-610395f4eb0a-groupManagement] INFO  server.RaftServer$Division (RaftServerImpl.java:start(396)) - a0b5e3cc-426b-4365-97e7-610395f4eb0a@group-8A14C840A84E: start as a follower, conf=-1: peers:[dd1da58e-99a3-4355-8051-ac3fff011e62|127.0.0.1:15175, 4e10c049-ef00-4c78-84ba-ad0788e207ea|127.0.0.1:15157, a0b5e3cc-426b-4365-97e7-610395f4eb0a|127.0.0.1:15166]|listeners:[], old=null
2024-04-29 10:04:46,829 [a0b5e3cc-426b-4365-97e7-610395f4eb0a-groupManagement] INFO  server.RaftServer$Division (RaftServerImpl.java:setRole(383)) - a0b5e3cc-426b-4365-97e7-610395f4eb0a@group-8A14C840A84E: changes role from      null to FOLLOWER at term 0 for startAsFollower
2024-04-29 10:04:46,830 [a0b5e3cc-426b-4365-97e7-610395f4eb0a-groupManagement] INFO  impl.RoleInfo (RoleInfo.java:updateAndGet(139)) - a0b5e3cc-426b-4365-97e7-610395f4eb0a: start a0b5e3cc-426b-4365-97e7-610395f4eb0a@group-8A14C840A84E-FollowerState
2024-04-29 10:04:46,830 [a0b5e3cc-426b-4365-97e7-610395f4eb0a-groupManagement] INFO  util.JmxRegister (JmxRegister.java:tryRegister(44)) - Successfully registered JMX Bean with object name Ratis:service=RaftServer,group=group-8A14C840A84E,id=a0b5e3cc-426b-4365-97e7-610395f4eb0a
2024-04-29 10:04:46,830 [a0b5e3cc-426b-4365-97e7-610395f4eb0a-groupManagement] INFO  server.RaftServerConfigKeys (ConfUtils.java:logGet(46)) - raft.server.snapshot.trigger-when-stop.enabled = true (default)
2024-04-29 10:04:46,830 [a0b5e3cc-426b-4365-97e7-610395f4eb0a-groupManagement] INFO  server.RaftServerConfigKeys (ConfUtils.java:logGet(46)) - raft.server.snapshot.auto.trigger.enabled = true (custom)
2024-04-29 10:04:46,830 [a0b5e3cc-426b-4365-97e7-610395f4eb0a-groupManagement] INFO  server.RaftServerConfigKeys (ConfUtils.java:logGet(46)) - raft.server.snapshot.auto.trigger.threshold = 10000 (custom)
2024-04-29 10:04:46,830 [a0b5e3cc-426b-4365-97e7-610395f4eb0a-groupManagement] INFO  server.RaftServerConfigKeys (ConfUtils.java:logGet(46)) - raft.server.snapshot.retention.file.num = 5 (custom)
2024-04-29 10:04:46,830 [a0b5e3cc-426b-4365-97e7-610395f4eb0a-groupManagement] INFO  server.RaftServerConfigKeys (ConfUtils.java:logGet(46)) - raft.server.log.purge.upto.snapshot.index = false (default)
2024-04-29 10:04:46,831 [a0b5e3cc-426b-4365-97e7-610395f4eb0a@group-8A14C840A84E-FollowerState] INFO  server.RaftServerConfigKeys (ConfUtils.java:logFallback(53)) - raft.server.rpc.first-election.timeout.min = 5s (fallback to raft.server.rpc.timeout.min)
2024-04-29 10:04:46,831 [a0b5e3cc-426b-4365-97e7-610395f4eb0a@group-8A14C840A84E-FollowerState] INFO  server.RaftServerConfigKeys (ConfUtils.java:logFallback(53)) - raft.server.rpc.first-election.timeout.max = 5200ms (fallback to raft.server.rpc.timeout.max)
2024-04-29 10:04:46,839 [a0b5e3cc-426b-4365-97e7-610395f4eb0a-groupManagement] INFO  server.RaftServer$Division (RaftServerImpl.java:<init>(256)) - a0b5e3cc-426b-4365-97e7-610395f4eb0a: new RaftServerImpl for group-2CEAB62097DD:[a0b5e3cc-426b-4365-97e7-610395f4eb0a|127.0.0.1:15166] with ContainerStateMachine:uninitialized
2024-04-29 10:04:46,839 [a0b5e3cc-426b-4365-97e7-610395f4eb0a-groupManagement] INFO  server.RaftServerConfigKeys (ConfUtils.java:logGet(46)) - raft.server.rpc.timeout.min = 5s (custom)
2024-04-29 10:04:46,839 [a0b5e3cc-426b-4365-97e7-610395f4eb0a-groupManagement] INFO  server.RaftServerConfigKeys (ConfUtils.java:logGet(46)) - raft.server.rpc.timeout.max = 5200ms (custom)
2024-04-29 10:04:46,839 [a0b5e3cc-426b-4365-97e7-610395f4eb0a-groupManagement] INFO  server.RaftServerConfigKeys (ConfUtils.java:logGet(46)) - raft.server.rpc.sleep.time = 25ms (default)
2024-04-29 10:04:46,839 [a0b5e3cc-426b-4365-97e7-610395f4eb0a-groupManagement] INFO  server.RaftServerConfigKeys (ConfUtils.java:logGet(46)) - raft.server.rpc.slowness.timeout = 300000ms (custom)
2024-04-29 10:04:46,839 [a0b5e3cc-426b-4365-97e7-610395f4eb0a-groupManagement] INFO  server.RaftServerConfigKeys (ConfUtils.java:logGet(46)) - raft.server.leaderelection.leader.step-down.wait-time = 10s (default)
2024-04-29 10:04:46,840 [a0b5e3cc-426b-4365-97e7-610395f4eb0a-groupManagement] INFO  server.RaftServerConfigKeys (ConfUtils.java:logGet(46)) - raft.server.leaderelection.member.majority-add = false (default)
2024-04-29 10:04:46,840 [a0b5e3cc-426b-4365-97e7-610395f4eb0a-groupManagement] INFO  server.RaftServerConfigKeys (ConfUtils.java:logGet(46)) - raft.server.sleep.deviation.threshold = 300ms (default)
2024-04-29 10:04:46,840 [a0b5e3cc-426b-4365-97e7-610395f4eb0a-groupManagement] INFO  server.RaftServer$Division (ServerState.java:<init>(113)) - a0b5e3cc-426b-4365-97e7-610395f4eb0a@group-2CEAB62097DD: ConfigurationManager, init=-1: peers:[a0b5e3cc-426b-4365-97e7-610395f4eb0a|127.0.0.1:15166]|listeners:[], old=null, confs=<EMPTY_MAP>
2024-04-29 10:04:46,840 [a0b5e3cc-426b-4365-97e7-610395f4eb0a-groupManagement] INFO  server.RaftServerConfigKeys (ConfUtils.java:logGet(46)) - raft.server.notification.no-leader.timeout = 300000ms (custom)
2024-04-29 10:04:46,840 [a0b5e3cc-426b-4365-97e7-610395f4eb0a-groupManagement] INFO  server.RaftServerConfigKeys (ConfUtils.java:logGet(46)) - raft.server.read.timeout = 10s (default)
2024-04-29 10:04:46,840 [a0b5e3cc-426b-4365-97e7-610395f4eb0a-groupManagement] INFO  server.RaftServerConfigKeys (ConfUtils.java:logGet(46)) - raft.server.retrycache.expirytime = 600000ms (custom)
2024-04-29 10:04:46,840 [a0b5e3cc-426b-4365-97e7-610395f4eb0a-groupManagement] INFO  server.RaftServerConfigKeys (ConfUtils.java:logGet(46)) - raft.server.retrycache.statistics.expirytime = 100ms (default)
2024-04-29 10:04:46,840 [a0b5e3cc-426b-4365-97e7-610395f4eb0a-groupManagement] INFO  server.RaftServerConfigKeys (ConfUtils.java:logGet(46)) - raft.server.read.option = DEFAULT (default)
2024-04-29 10:04:46,840 [a0b5e3cc-426b-4365-97e7-610395f4eb0a-groupManagement] INFO  server.RaftServerConfigKeys (ConfUtils.java:logGet(46)) - raft.server.read.read-after-write-consistent.write-index-cache.expiry-time = 60s (default)
2024-04-29 10:04:46,842 [a0b5e3cc-426b-4365-97e7-610395f4eb0a-PipelineCommandHandlerThread-0] INFO  server.RaftServer (RaftServerProxy.java:addNew(100)) - a0b5e3cc-426b-4365-97e7-610395f4eb0a: addNew group-2CEAB62097DD:[a0b5e3cc-426b-4365-97e7-610395f4eb0a|127.0.0.1:15166] returns group-2CEAB62097DD:java.util.concurrent.CompletableFuture@7066fd37[Not completed]
2024-04-29 10:04:46,843 [a0b5e3cc-426b-4365-97e7-610395f4eb0a-groupManagement] INFO  server.RaftServerConfigKeys (ConfUtils.java:logGet(46)) - raft.server.rpc.request.timeout = 3000ms (default)
2024-04-29 10:04:46,843 [a0b5e3cc-426b-4365-97e7-610395f4eb0a-groupManagement] INFO  server.RaftServerConfigKeys (ConfUtils.java:logGet(46)) - raft.server.log.appender.install.snapshot.enabled = false (custom)
2024-04-29 10:04:46,843 [a0b5e3cc-426b-4365-97e7-610395f4eb0a-groupManagement] INFO  server.RaftServerConfigKeys (ConfUtils.java:logGet(46)) - raft.server.threadpool.server.cached = true (default)
2024-04-29 10:04:46,843 [a0b5e3cc-426b-4365-97e7-610395f4eb0a-groupManagement] INFO  server.RaftServerConfigKeys (ConfUtils.java:logGet(46)) - raft.server.threadpool.server.size = 0 (default)
2024-04-29 10:04:46,843 [a0b5e3cc-426b-4365-97e7-610395f4eb0a-groupManagement] INFO  server.RaftServerConfigKeys (ConfUtils.java:logGet(46)) - raft.server.threadpool.client.cached = true (default)
2024-04-29 10:04:46,843 [a0b5e3cc-426b-4365-97e7-610395f4eb0a-groupManagement] INFO  server.RaftServerConfigKeys (ConfUtils.java:logGet(46)) - raft.server.threadpool.client.size = 0 (default)
2024-04-29 10:04:46,843 [a0b5e3cc-426b-4365-97e7-610395f4eb0a-groupManagement] INFO  server.RaftServerConfigKeys (ConfUtils.java:logGet(46)) - raft.server.storage.free-space.min = 0MB (=0) (default)
2024-04-29 10:04:46,843 [a0b5e3cc-426b-4365-97e7-610395f4eb0a-groupManagement] INFO  server.RaftServerConfigKeys (ConfUtils.java:logGet(46)) - raft.server.log.corruption.policy = EXCEPTION (default)
2024-04-29 10:04:46,843 [a0b5e3cc-426b-4365-97e7-610395f4eb0a-groupManagement] INFO  server.RaftServerConfigKeys (ConfUtils.java:logGet(46)) - raft.server.storage.dir = [/home/runner/work/ozone/ozone/hadoop-ozone/integration-test/target/test-dir/MiniOzoneClusterImpl-b6e902a5-721a-459f-a115-5ddcd789b87e/ozone-meta/datanode-8/ratis] (custom)
2024-04-29 10:04:46,843 [a0b5e3cc-426b-4365-97e7-610395f4eb0a-groupManagement] INFO  storage.RaftStorageDirectory (RaftStorageDirectoryImpl.java:analyzeStorage(138)) - The storage directory /home/runner/work/ozone/ozone/hadoop-ozone/integration-test/target/test-dir/MiniOzoneClusterImpl-b6e902a5-721a-459f-a115-5ddcd789b87e/ozone-meta/datanode-8/ratis/99a3e681-8a7c-4d12-adbf-2ceab62097dd does not exist. Creating ...
2024-04-29 10:04:46,844 [a0b5e3cc-426b-4365-97e7-610395f4eb0a-groupManagement] INFO  storage.RaftStorageDirectory (RaftStorageDirectoryImpl.java:tryLock(228)) - Lock on /home/runner/work/ozone/ozone/hadoop-ozone/integration-test/target/test-dir/MiniOzoneClusterImpl-b6e902a5-721a-459f-a115-5ddcd789b87e/ozone-meta/datanode-8/ratis/99a3e681-8a7c-4d12-adbf-2ceab62097dd/in_use.lock acquired by nodename 20825@fv-az913-54
2024-04-29 10:04:46,845 [4e10c049-ef00-4c78-84ba-ad0788e207ea-PipelineCommandHandlerThread-0] INFO  commandhandler.CreatePipelineCommandHandler (CreatePipelineCommandHandler.java:lambda$handle$2(124)) - Created Pipeline RATIS THREE PipelineID=92b75dc5-da21-4321-a7fe-8a14c840a84e.
2024-04-29 10:04:46,845 [a0b5e3cc-426b-4365-97e7-610395f4eb0a-groupManagement] INFO  storage.RaftStorage (RaftStorageImpl.java:format(99)) - Storage directory /home/runner/work/ozone/ozone/hadoop-ozone/integration-test/target/test-dir/MiniOzoneClusterImpl-b6e902a5-721a-459f-a115-5ddcd789b87e/ozone-meta/datanode-8/ratis/99a3e681-8a7c-4d12-adbf-2ceab62097dd has been successfully formatted.
2024-04-29 10:04:46,846 [a0b5e3cc-426b-4365-97e7-610395f4eb0a-groupManagement] WARN  util.FileUtils (LogUtils.java:supplyAndLog(63)) - Failed to Files.newInputStream /home/runner/work/ozone/ozone/hadoop-ozone/integration-test/target/test-dir/MiniOzoneClusterImpl-b6e902a5-721a-459f-a115-5ddcd789b87e/ozone-meta/datanode-8/ratis/99a3e681-8a7c-4d12-adbf-2ceab62097dd/current/raft-meta.conf with options []: java.nio.file.NoSuchFileException: /home/runner/work/ozone/ozone/hadoop-ozone/integration-test/target/test-dir/MiniOzoneClusterImpl-b6e902a5-721a-459f-a115-5ddcd789b87e/ozone-meta/datanode-8/ratis/99a3e681-8a7c-4d12-adbf-2ceab62097dd/current/raft-meta.conf
2024-04-29 10:04:46,846 [a0b5e3cc-426b-4365-97e7-610395f4eb0a-groupManagement] INFO  ratis.ContainerStateMachine (ContainerStateMachine.java:loadSnapshot(287)) - group-2CEAB62097DD: The snapshot info is null. Setting the last applied index to:(t:0, i:~)
2024-04-29 10:04:46,846 [a0b5e3cc-426b-4365-97e7-610395f4eb0a-groupManagement] INFO  server.RaftServerConfigKeys (ConfUtils.java:logGet(46)) - raft.server.log.use.memory = false (default)
2024-04-29 10:04:46,846 [a0b5e3cc-426b-4365-97e7-610395f4eb0a-groupManagement] INFO  server.RaftServerConfigKeys (ConfUtils.java:logGet(46)) - raft.server.log.purge.gap = 1000000 (custom)
2024-04-29 10:04:46,846 [a0b5e3cc-426b-4365-97e7-610395f4eb0a-groupManagement] INFO  server.RaftServerConfigKeys (ConfUtils.java:logGet(46)) - raft.server.log.appender.buffer.byte-limit = 8388608 (custom)
2024-04-29 10:04:46,846 [a0b5e3cc-426b-4365-97e7-610395f4eb0a-groupManagement] INFO  server.RaftServerConfigKeys (ConfUtils.java:logGet(46)) - raft.server.log.statemachine.data.read.timeout = 1000ms (default)
2024-04-29 10:04:46,846 [a0b5e3cc-426b-4365-97e7-610395f4eb0a-groupManagement] INFO  server.RaftServerConfigKeys (ConfUtils.java:logGet(46)) - raft.server.log.purge.preservation.log.num = 0 (default)
2024-04-29 10:04:46,847 [a0b5e3cc-426b-4365-97e7-610395f4eb0a-groupManagement] INFO  server.RaftServerConfigKeys (ConfUtils.java:logGet(46)) - raft.server.log.segment.size.max = 67108864 (custom)
2024-04-29 10:04:46,848 [a0b5e3cc-426b-4365-97e7-610395f4eb0a-groupManagement] INFO  server.RaftServerConfigKeys (ConfUtils.java:logGet(46)) - raft.server.log.segment.cache.num.max = 2 (custom)
2024-04-29 10:04:46,848 [a0b5e3cc-426b-4365-97e7-610395f4eb0a-groupManagement] INFO  server.RaftServerConfigKeys (ConfUtils.java:logGet(46)) - raft.server.log.segment.cache.size.max = 200MB (=209715200) (default)
2024-04-29 10:04:46,848 [a0b5e3cc-426b-4365-97e7-610395f4eb0a-groupManagement] INFO  server.RaftServerConfigKeys (ConfUtils.java:logGet(46)) - raft.server.log.appender.buffer.byte-limit = 8388608 (custom)
2024-04-29 10:04:46,849 [EventQueue-PipelineReportForPipelineReportHandler] INFO  pipeline.PipelineReportHandler (PipelineReportHandler.java:processPipelineReport(136)) - Opened pipeline PipelineID=99a3e681-8a7c-4d12-adbf-2ceab62097dd
2024-04-29 10:04:46,849 [EventQueue-OpenPipelineForHealthyPipelineSafeModeRule] INFO  safemode.SCMSafeModeManager (HealthyPipelineSafeModeRule.java:process(140)) - SCM in safe mode. Healthy pipelines reported count is 0, required healthy pipeline reported count is 1
2024-04-29 10:04:46,852 [a0b5e3cc-426b-4365-97e7-610395f4eb0a-groupManagement] INFO  util.AwaitToRun (AwaitToRun.java:start(81)) - Thread[a0b5e3cc-426b-4365-97e7-610395f4eb0a@group-2CEAB62097DD-cacheEviction-AwaitToRun,5,main] started
2024-04-29 10:04:46,852 [a0b5e3cc-426b-4365-97e7-610395f4eb0a-groupManagement] INFO  segmented.SegmentedRaftLogWorker (SegmentedRaftLogWorker.java:<init>(182)) - new a0b5e3cc-426b-4365-97e7-610395f4eb0a@group-2CEAB62097DD-SegmentedRaftLogWorker for RaftStorageImpl:Storage Directory /home/runner/work/ozone/ozone/hadoop-ozone/integration-test/target/test-dir/MiniOzoneClusterImpl-b6e902a5-721a-459f-a115-5ddcd789b87e/ozone-meta/datanode-8/ratis/99a3e681-8a7c-4d12-adbf-2ceab62097dd
2024-04-29 10:04:46,852 [a0b5e3cc-426b-4365-97e7-610395f4eb0a-groupManagement] INFO  server.RaftServerConfigKeys (ConfUtils.java:logGet(46)) - raft.server.log.queue.byte-limit = 4294967296 (custom)
2024-04-29 10:04:46,852 [a0b5e3cc-426b-4365-97e7-610395f4eb0a-groupManagement] INFO  server.RaftServerConfigKeys (ConfUtils.java:logGet(46)) - raft.server.log.queue.element-limit = 1024 (custom)
2024-04-29 10:04:46,853 [a0b5e3cc-426b-4365-97e7-610395f4eb0a-groupManagement] INFO  server.RaftServerConfigKeys (ConfUtils.java:logGet(46)) - raft.server.log.segment.size.max = 67108864 (custom)
2024-04-29 10:04:46,853 [a0b5e3cc-426b-4365-97e7-610395f4eb0a-groupManagement] INFO  server.RaftServerConfigKeys (ConfUtils.java:logGet(46)) - raft.server.log.preallocated.size = 4194304 (custom)
2024-04-29 10:04:46,853 [a0b5e3cc-426b-4365-97e7-610395f4eb0a-groupManagement] INFO  server.RaftServerConfigKeys (ConfUtils.java:logGet(46)) - raft.server.log.force.sync.num = 128 (default)
2024-04-29 10:04:46,853 [a0b5e3cc-426b-4365-97e7-610395f4eb0a-groupManagement] INFO  server.RaftServerConfigKeys (ConfUtils.java:logGet(46)) - raft.server.log.statemachine.data.sync = true (default)
2024-04-29 10:04:46,853 [a0b5e3cc-426b-4365-97e7-610395f4eb0a-groupManagement] INFO  server.RaftServerConfigKeys (ConfUtils.java:logGet(46)) - raft.server.log.statemachine.data.sync.timeout = 10s (default)
2024-04-29 10:04:46,853 [a0b5e3cc-426b-4365-97e7-610395f4eb0a-groupManagement] INFO  server.RaftServerConfigKeys (ConfUtils.java:logGet(46)) - raft.server.log.statemachine.data.sync.timeout.retry = 30 (custom)
2024-04-29 10:04:46,853 [a0b5e3cc-426b-4365-97e7-610395f4eb0a-groupManagement] INFO  server.RaftServerConfigKeys (ConfUtils.java:logGet(46)) - raft.server.log.write.buffer.size = 8388616 (custom)
2024-04-29 10:04:46,855 [a0b5e3cc-426b-4365-97e7-610395f4eb0a-groupManagement] INFO  server.RaftServerConfigKeys (ConfUtils.java:logGet(46)) - raft.server.log.appender.buffer.byte-limit = 8388608 (custom)
2024-04-29 10:04:46,855 [a0b5e3cc-426b-4365-97e7-610395f4eb0a-groupManagement] INFO  server.RaftServerConfigKeys (ConfUtils.java:logGet(46)) - raft.server.log.unsafe-flush.enabled = false (default)
2024-04-29 10:04:46,855 [a0b5e3cc-426b-4365-97e7-610395f4eb0a-groupManagement] INFO  server.RaftServerConfigKeys (ConfUtils.java:logGet(46)) - raft.server.log.async-flush.enabled = false (default)
2024-04-29 10:04:46,855 [a0b5e3cc-426b-4365-97e7-610395f4eb0a-groupManagement] INFO  server.RaftServerConfigKeys (ConfUtils.java:logGet(46)) - raft.server.log.statemachine.data.caching.enabled = true (custom)
2024-04-29 10:04:46,855 [a0b5e3cc-426b-4365-97e7-610395f4eb0a-groupManagement] INFO  segmented.SegmentedRaftLogWorker (SegmentedRaftLogWorker.java:lambda$new$0(134)) - a0b5e3cc-426b-4365-97e7-610395f4eb0a@group-2CEAB62097DD-SegmentedRaftLogWorker: flushIndex: setUnconditionally 0 -> -1
2024-04-29 10:04:46,855 [a0b5e3cc-426b-4365-97e7-610395f4eb0a-groupManagement] INFO  segmented.SegmentedRaftLogWorker (SegmentedRaftLogWorker.java:lambda$new$0(134)) - a0b5e3cc-426b-4365-97e7-610395f4eb0a@group-2CEAB62097DD-SegmentedRaftLogWorker: safeCacheEvictIndex: setUnconditionally 0 -> -1
2024-04-29 10:04:46,856 [a0b5e3cc-426b-4365-97e7-610395f4eb0a-groupManagement] INFO  server.RaftServer$Division (RaftServerImpl.java:start(396)) - a0b5e3cc-426b-4365-97e7-610395f4eb0a@group-2CEAB62097DD: start as a follower, conf=-1: peers:[a0b5e3cc-426b-4365-97e7-610395f4eb0a|127.0.0.1:15166]|listeners:[], old=null
2024-04-29 10:04:46,856 [a0b5e3cc-426b-4365-97e7-610395f4eb0a-groupManagement] INFO  server.RaftServer$Division (RaftServerImpl.java:setRole(383)) - a0b5e3cc-426b-4365-97e7-610395f4eb0a@group-2CEAB62097DD: changes role from      null to FOLLOWER at term 0 for startAsFollower
2024-04-29 10:04:46,856 [a0b5e3cc-426b-4365-97e7-610395f4eb0a-groupManagement] INFO  impl.RoleInfo (RoleInfo.java:updateAndGet(139)) - a0b5e3cc-426b-4365-97e7-610395f4eb0a: start a0b5e3cc-426b-4365-97e7-610395f4eb0a@group-2CEAB62097DD-FollowerState
2024-04-29 10:04:46,856 [a0b5e3cc-426b-4365-97e7-610395f4eb0a-groupManagement] INFO  util.JmxRegister (JmxRegister.java:tryRegister(44)) - Successfully registered JMX Bean with object name Ratis:service=RaftServer,group=group-2CEAB62097DD,id=a0b5e3cc-426b-4365-97e7-610395f4eb0a
2024-04-29 10:04:46,856 [a0b5e3cc-426b-4365-97e7-610395f4eb0a-groupManagement] INFO  server.RaftServerConfigKeys (ConfUtils.java:logGet(46)) - raft.server.snapshot.trigger-when-stop.enabled = true (default)
2024-04-29 10:04:46,856 [a0b5e3cc-426b-4365-97e7-610395f4eb0a-groupManagement] INFO  server.RaftServerConfigKeys (ConfUtils.java:logGet(46)) - raft.server.snapshot.auto.trigger.enabled = true (custom)
2024-04-29 10:04:46,856 [a0b5e3cc-426b-4365-97e7-610395f4eb0a-groupManagement] INFO  server.RaftServerConfigKeys (ConfUtils.java:logGet(46)) - raft.server.snapshot.auto.trigger.threshold = 10000 (custom)
2024-04-29 10:04:46,856 [a0b5e3cc-426b-4365-97e7-610395f4eb0a-groupManagement] INFO  server.RaftServerConfigKeys (ConfUtils.java:logGet(46)) - raft.server.snapshot.retention.file.num = 5 (custom)
2024-04-29 10:04:46,856 [a0b5e3cc-426b-4365-97e7-610395f4eb0a-groupManagement] INFO  server.RaftServerConfigKeys (ConfUtils.java:logGet(46)) - raft.server.log.purge.upto.snapshot.index = false (default)
2024-04-29 10:04:46,857 [a0b5e3cc-426b-4365-97e7-610395f4eb0a@group-2CEAB62097DD-FollowerState] INFO  server.RaftServerConfigKeys (ConfUtils.java:logFallback(53)) - raft.server.rpc.first-election.timeout.min = 5s (fallback to raft.server.rpc.timeout.min)
2024-04-29 10:04:46,857 [a0b5e3cc-426b-4365-97e7-610395f4eb0a@group-2CEAB62097DD-FollowerState] INFO  server.RaftServerConfigKeys (ConfUtils.java:logFallback(53)) - raft.server.rpc.first-election.timeout.max = 5200ms (fallback to raft.server.rpc.timeout.max)
2024-04-29 10:04:46,857 [a0b5e3cc-426b-4365-97e7-610395f4eb0a-PipelineCommandHandlerThread-0] INFO  ratis.XceiverServerRatis (XceiverServerRatis.java:addGroup(864)) - Created group PipelineID=99a3e681-8a7c-4d12-adbf-2ceab62097dd
2024-04-29 10:04:46,858 [a0b5e3cc-426b-4365-97e7-610395f4eb0a-PipelineCommandHandlerThread-0] INFO  commandhandler.CreatePipelineCommandHandler (CreatePipelineCommandHandler.java:lambda$handle$2(124)) - Created Pipeline RATIS ONE PipelineID=99a3e681-8a7c-4d12-adbf-2ceab62097dd.
2024-04-29 10:04:46,910 [dd1da58e-99a3-4355-8051-ac3fff011e62-PipelineCommandHandlerThread-0] INFO  server.RaftServer (RaftServerProxy.java:addNew(100)) - dd1da58e-99a3-4355-8051-ac3fff011e62: addNew group-F9817439A977:[dd1da58e-99a3-4355-8051-ac3fff011e62|127.0.0.1:15175] returns group-F9817439A977:java.util.concurrent.CompletableFuture@72955698[Not completed]
2024-04-29 10:04:46,911 [dd1da58e-99a3-4355-8051-ac3fff011e62-groupManagement] INFO  server.RaftServer$Division (RaftServerImpl.java:<init>(256)) - dd1da58e-99a3-4355-8051-ac3fff011e62: new RaftServerImpl for group-F9817439A977:[dd1da58e-99a3-4355-8051-ac3fff011e62|127.0.0.1:15175] with ContainerStateMachine:uninitialized
2024-04-29 10:04:46,911 [dd1da58e-99a3-4355-8051-ac3fff011e62-groupManagement] INFO  server.RaftServerConfigKeys (ConfUtils.java:logGet(46)) - raft.server.rpc.timeout.min = 5s (custom)
2024-04-29 10:04:46,911 [dd1da58e-99a3-4355-8051-ac3fff011e62-groupManagement] INFO  server.RaftServerConfigKeys (ConfUtils.java:logGet(46)) - raft.server.rpc.timeout.max = 5200ms (custom)
2024-04-29 10:04:46,911 [dd1da58e-99a3-4355-8051-ac3fff011e62-groupManagement] INFO  server.RaftServerConfigKeys (ConfUtils.java:logGet(46)) - raft.server.rpc.sleep.time = 25ms (default)
2024-04-29 10:04:46,911 [dd1da58e-99a3-4355-8051-ac3fff011e62-groupManagement] INFO  server.RaftServerConfigKeys (ConfUtils.java:logGet(46)) - raft.server.rpc.slowness.timeout = 300000ms (custom)
2024-04-29 10:04:46,911 [dd1da58e-99a3-4355-8051-ac3fff011e62-groupManagement] INFO  server.RaftServerConfigKeys (ConfUtils.java:logGet(46)) - raft.server.leaderelection.leader.step-down.wait-time = 10s (default)
2024-04-29 10:04:46,911 [dd1da58e-99a3-4355-8051-ac3fff011e62-groupManagement] INFO  server.RaftServerConfigKeys (ConfUtils.java:logGet(46)) - raft.server.leaderelection.member.majority-add = false (default)
2024-04-29 10:04:46,911 [dd1da58e-99a3-4355-8051-ac3fff011e62-groupManagement] INFO  server.RaftServerConfigKeys (ConfUtils.java:logGet(46)) - raft.server.sleep.deviation.threshold = 300ms (default)
2024-04-29 10:04:46,911 [dd1da58e-99a3-4355-8051-ac3fff011e62-groupManagement] INFO  server.RaftServer$Division (ServerState.java:<init>(113)) - dd1da58e-99a3-4355-8051-ac3fff011e62@group-F9817439A977: ConfigurationManager, init=-1: peers:[dd1da58e-99a3-4355-8051-ac3fff011e62|127.0.0.1:15175]|listeners:[], old=null, confs=<EMPTY_MAP>
2024-04-29 10:04:46,911 [dd1da58e-99a3-4355-8051-ac3fff011e62-groupManagement] INFO  server.RaftServerConfigKeys (ConfUtils.java:logGet(46)) - raft.server.notification.no-leader.timeout = 300000ms (custom)
2024-04-29 10:04:46,911 [dd1da58e-99a3-4355-8051-ac3fff011e62-groupManagement] INFO  server.RaftServerConfigKeys (ConfUtils.java:logGet(46)) - raft.server.read.timeout = 10s (default)
2024-04-29 10:04:46,911 [dd1da58e-99a3-4355-8051-ac3fff011e62-groupManagement] INFO  server.RaftServerConfigKeys (ConfUtils.java:logGet(46)) - raft.server.retrycache.expirytime = 600000ms (custom)
2024-04-29 10:04:46,911 [dd1da58e-99a3-4355-8051-ac3fff011e62-groupManagement] INFO  server.RaftServerConfigKeys (ConfUtils.java:logGet(46)) - raft.server.retrycache.statistics.expirytime = 100ms (default)
2024-04-29 10:04:46,911 [dd1da58e-99a3-4355-8051-ac3fff011e62-groupManagement] INFO  server.RaftServerConfigKeys (ConfUtils.java:logGet(46)) - raft.server.read.option = DEFAULT (default)
2024-04-29 10:04:46,912 [dd1da58e-99a3-4355-8051-ac3fff011e62-groupManagement] INFO  server.RaftServerConfigKeys (ConfUtils.java:logGet(46)) - raft.server.read.read-after-write-consistent.write-index-cache.expiry-time = 60s (default)
2024-04-29 10:04:46,912 [main] INFO  ozone.MiniOzoneClusterImpl (MiniOzoneClusterImpl.java:lambda$waitForClusterToBeReady$0(194)) - Nodes are ready. Got 9 of 9 DN Heartbeats.
2024-04-29 10:04:46,912 [main] INFO  ozone.MiniOzoneClusterImpl (MiniOzoneClusterImpl.java:lambda$waitForClusterToBeReady$0(197)) - Waiting for cluster to exit safe mode
2024-04-29 10:04:46,912 [main] INFO  ozone.MiniOzoneClusterImpl (MiniOzoneClusterImpl.java:lambda$waitForClusterToBeReady$0(199)) - SCM became leader
2024-04-29 10:04:46,914 [dd1da58e-99a3-4355-8051-ac3fff011e62-groupManagement] INFO  server.RaftServerConfigKeys (ConfUtils.java:logGet(46)) - raft.server.rpc.request.timeout = 3000ms (default)
2024-04-29 10:04:46,914 [dd1da58e-99a3-4355-8051-ac3fff011e62-groupManagement] INFO  server.RaftServerConfigKeys (ConfUtils.java:logGet(46)) - raft.server.log.appender.install.snapshot.enabled = false (custom)
2024-04-29 10:04:46,914 [dd1da58e-99a3-4355-8051-ac3fff011e62-groupManagement] INFO  server.RaftServerConfigKeys (ConfUtils.java:logGet(46)) - raft.server.threadpool.server.cached = true (default)
2024-04-29 10:04:46,914 [dd1da58e-99a3-4355-8051-ac3fff011e62-groupManagement] INFO  server.RaftServerConfigKeys (ConfUtils.java:logGet(46)) - raft.server.threadpool.server.size = 0 (default)
2024-04-29 10:04:46,914 [dd1da58e-99a3-4355-8051-ac3fff011e62-groupManagement] INFO  server.RaftServerConfigKeys (ConfUtils.java:logGet(46)) - raft.server.threadpool.client.cached = true (default)
2024-04-29 10:04:46,914 [dd1da58e-99a3-4355-8051-ac3fff011e62-groupManagement] INFO  server.RaftServerConfigKeys (ConfUtils.java:logGet(46)) - raft.server.threadpool.client.size = 0 (default)
2024-04-29 10:04:46,915 [dd1da58e-99a3-4355-8051-ac3fff011e62-groupManagement] INFO  server.RaftServerConfigKeys (ConfUtils.java:logGet(46)) - raft.server.storage.free-space.min = 0MB (=0) (default)
2024-04-29 10:04:46,915 [dd1da58e-99a3-4355-8051-ac3fff011e62-groupManagement] INFO  server.RaftServerConfigKeys (ConfUtils.java:logGet(46)) - raft.server.log.corruption.policy = EXCEPTION (default)
2024-04-29 10:04:46,915 [dd1da58e-99a3-4355-8051-ac3fff011e62-groupManagement] INFO  server.RaftServerConfigKeys (ConfUtils.java:logGet(46)) - raft.server.storage.dir = [/home/runner/work/ozone/ozone/hadoop-ozone/integration-test/target/test-dir/MiniOzoneClusterImpl-b6e902a5-721a-459f-a115-5ddcd789b87e/ozone-meta/datanode-9/ratis] (custom)
2024-04-29 10:04:46,915 [dd1da58e-99a3-4355-8051-ac3fff011e62-groupManagement] INFO  storage.RaftStorageDirectory (RaftStorageDirectoryImpl.java:analyzeStorage(138)) - The storage directory /home/runner/work/ozone/ozone/hadoop-ozone/integration-test/target/test-dir/MiniOzoneClusterImpl-b6e902a5-721a-459f-a115-5ddcd789b87e/ozone-meta/datanode-9/ratis/6ccdae07-128d-4766-8315-f9817439a977 does not exist. Creating ...
2024-04-29 10:04:46,916 [dd1da58e-99a3-4355-8051-ac3fff011e62-groupManagement] INFO  storage.RaftStorageDirectory (RaftStorageDirectoryImpl.java:tryLock(228)) - Lock on /home/runner/work/ozone/ozone/hadoop-ozone/integration-test/target/test-dir/MiniOzoneClusterImpl-b6e902a5-721a-459f-a115-5ddcd789b87e/ozone-meta/datanode-9/ratis/6ccdae07-128d-4766-8315-f9817439a977/in_use.lock acquired by nodename 20825@fv-az913-54
2024-04-29 10:04:46,917 [dd1da58e-99a3-4355-8051-ac3fff011e62-groupManagement] INFO  storage.RaftStorage (RaftStorageImpl.java:format(99)) - Storage directory /home/runner/work/ozone/ozone/hadoop-ozone/integration-test/target/test-dir/MiniOzoneClusterImpl-b6e902a5-721a-459f-a115-5ddcd789b87e/ozone-meta/datanode-9/ratis/6ccdae07-128d-4766-8315-f9817439a977 has been successfully formatted.
2024-04-29 10:04:46,917 [dd1da58e-99a3-4355-8051-ac3fff011e62-groupManagement] WARN  util.FileUtils (LogUtils.java:supplyAndLog(63)) - Failed to Files.newInputStream /home/runner/work/ozone/ozone/hadoop-ozone/integration-test/target/test-dir/MiniOzoneClusterImpl-b6e902a5-721a-459f-a115-5ddcd789b87e/ozone-meta/datanode-9/ratis/6ccdae07-128d-4766-8315-f9817439a977/current/raft-meta.conf with options []: java.nio.file.NoSuchFileException: /home/runner/work/ozone/ozone/hadoop-ozone/integration-test/target/test-dir/MiniOzoneClusterImpl-b6e902a5-721a-459f-a115-5ddcd789b87e/ozone-meta/datanode-9/ratis/6ccdae07-128d-4766-8315-f9817439a977/current/raft-meta.conf
2024-04-29 10:04:46,917 [dd1da58e-99a3-4355-8051-ac3fff011e62-groupManagement] INFO  ratis.ContainerStateMachine (ContainerStateMachine.java:loadSnapshot(287)) - group-F9817439A977: The snapshot info is null. Setting the last applied index to:(t:0, i:~)
2024-04-29 10:04:46,917 [dd1da58e-99a3-4355-8051-ac3fff011e62-groupManagement] INFO  server.RaftServerConfigKeys (ConfUtils.java:logGet(46)) - raft.server.log.use.memory = false (default)
2024-04-29 10:04:46,917 [dd1da58e-99a3-4355-8051-ac3fff011e62-groupManagement] INFO  server.RaftServerConfigKeys (ConfUtils.java:logGet(46)) - raft.server.log.purge.gap = 1000000 (custom)
2024-04-29 10:04:46,917 [dd1da58e-99a3-4355-8051-ac3fff011e62-groupManagement] INFO  server.RaftServerConfigKeys (ConfUtils.java:logGet(46)) - raft.server.log.appender.buffer.byte-limit = 8388608 (custom)
2024-04-29 10:04:46,917 [dd1da58e-99a3-4355-8051-ac3fff011e62-groupManagement] INFO  server.RaftServerConfigKeys (ConfUtils.java:logGet(46)) - raft.server.log.statemachine.data.read.timeout = 1000ms (default)
2024-04-29 10:04:46,917 [dd1da58e-99a3-4355-8051-ac3fff011e62-groupManagement] INFO  server.RaftServerConfigKeys (ConfUtils.java:logGet(46)) - raft.server.log.purge.preservation.log.num = 0 (default)
2024-04-29 10:04:46,919 [EventQueue-PipelineReportForPipelineReportHandler] INFO  pipeline.PipelineReportHandler (PipelineReportHandler.java:processPipelineReport(136)) - Opened pipeline PipelineID=6ccdae07-128d-4766-8315-f9817439a977
2024-04-29 10:04:46,919 [EventQueue-OpenPipelineForHealthyPipelineSafeModeRule] INFO  safemode.SCMSafeModeManager (HealthyPipelineSafeModeRule.java:process(140)) - SCM in safe mode. Healthy pipelines reported count is 0, required healthy pipeline reported count is 1
2024-04-29 10:04:46,919 [dd1da58e-99a3-4355-8051-ac3fff011e62-groupManagement] INFO  server.RaftServerConfigKeys (ConfUtils.java:logGet(46)) - raft.server.log.segment.size.max = 67108864 (custom)
2024-04-29 10:04:46,919 [dd1da58e-99a3-4355-8051-ac3fff011e62-groupManagement] INFO  server.RaftServerConfigKeys (ConfUtils.java:logGet(46)) - raft.server.log.segment.cache.num.max = 2 (custom)
2024-04-29 10:04:46,919 [dd1da58e-99a3-4355-8051-ac3fff011e62-groupManagement] INFO  server.RaftServerConfigKeys (ConfUtils.java:logGet(46)) - raft.server.log.segment.cache.size.max = 200MB (=209715200) (default)
2024-04-29 10:04:46,920 [dd1da58e-99a3-4355-8051-ac3fff011e62-groupManagement] INFO  server.RaftServerConfigKeys (ConfUtils.java:logGet(46)) - raft.server.log.appender.buffer.byte-limit = 8388608 (custom)
2024-04-29 10:04:46,921 [dd1da58e-99a3-4355-8051-ac3fff011e62-groupManagement] INFO  util.AwaitToRun (AwaitToRun.java:start(81)) - Thread[dd1da58e-99a3-4355-8051-ac3fff011e62@group-F9817439A977-cacheEviction-AwaitToRun,5,main] started
2024-04-29 10:04:46,921 [dd1da58e-99a3-4355-8051-ac3fff011e62-groupManagement] INFO  segmented.SegmentedRaftLogWorker (SegmentedRaftLogWorker.java:<init>(182)) - new dd1da58e-99a3-4355-8051-ac3fff011e62@group-F9817439A977-SegmentedRaftLogWorker for RaftStorageImpl:Storage Directory /home/runner/work/ozone/ozone/hadoop-ozone/integration-test/target/test-dir/MiniOzoneClusterImpl-b6e902a5-721a-459f-a115-5ddcd789b87e/ozone-meta/datanode-9/ratis/6ccdae07-128d-4766-8315-f9817439a977
2024-04-29 10:04:46,921 [dd1da58e-99a3-4355-8051-ac3fff011e62-groupManagement] INFO  server.RaftServerConfigKeys (ConfUtils.java:logGet(46)) - raft.server.log.queue.byte-limit = 4294967296 (custom)
2024-04-29 10:04:46,921 [dd1da58e-99a3-4355-8051-ac3fff011e62-groupManagement] INFO  server.RaftServerConfigKeys (ConfUtils.java:logGet(46)) - raft.server.log.queue.element-limit = 1024 (custom)
2024-04-29 10:04:46,921 [dd1da58e-99a3-4355-8051-ac3fff011e62-groupManagement] INFO  server.RaftServerConfigKeys (ConfUtils.java:logGet(46)) - raft.server.log.segment.size.max = 67108864 (custom)
2024-04-29 10:04:46,921 [dd1da58e-99a3-4355-8051-ac3fff011e62-groupManagement] INFO  server.RaftServerConfigKeys (ConfUtils.java:logGet(46)) - raft.server.log.preallocated.size = 4194304 (custom)
2024-04-29 10:04:46,921 [dd1da58e-99a3-4355-8051-ac3fff011e62-groupManagement] INFO  server.RaftServerConfigKeys (ConfUtils.java:logGet(46)) - raft.server.log.force.sync.num = 128 (default)
2024-04-29 10:04:46,921 [dd1da58e-99a3-4355-8051-ac3fff011e62-groupManagement] INFO  server.RaftServerConfigKeys (ConfUtils.java:logGet(46)) - raft.server.log.statemachine.data.sync = true (default)
2024-04-29 10:04:46,922 [dd1da58e-99a3-4355-8051-ac3fff011e62-groupManagement] INFO  server.RaftServerConfigKeys (ConfUtils.java:logGet(46)) - raft.server.log.statemachine.data.sync.timeout = 10s (default)
2024-04-29 10:04:46,922 [dd1da58e-99a3-4355-8051-ac3fff011e62-groupManagement] INFO  server.RaftServerConfigKeys (ConfUtils.java:logGet(46)) - raft.server.log.statemachine.data.sync.timeout.retry = 30 (custom)
2024-04-29 10:04:46,925 [dd1da58e-99a3-4355-8051-ac3fff011e62-groupManagement] INFO  server.RaftServerConfigKeys (ConfUtils.java:logGet(46)) - raft.server.log.write.buffer.size = 8388616 (custom)
2024-04-29 10:04:46,927 [dd1da58e-99a3-4355-8051-ac3fff011e62-groupManagement] INFO  server.RaftServerConfigKeys (ConfUtils.java:logGet(46)) - raft.server.log.appender.buffer.byte-limit = 8388608 (custom)
2024-04-29 10:04:46,927 [dd1da58e-99a3-4355-8051-ac3fff011e62-groupManagement] INFO  server.RaftServerConfigKeys (ConfUtils.java:logGet(46)) - raft.server.log.unsafe-flush.enabled = false (default)
2024-04-29 10:04:46,927 [dd1da58e-99a3-4355-8051-ac3fff011e62-groupManagement] INFO  server.RaftServerConfigKeys (ConfUtils.java:logGet(46)) - raft.server.log.async-flush.enabled = false (default)
2024-04-29 10:04:46,927 [dd1da58e-99a3-4355-8051-ac3fff011e62-groupManagement] INFO  server.RaftServerConfigKeys (ConfUtils.java:logGet(46)) - raft.server.log.statemachine.data.caching.enabled = true (custom)
2024-04-29 10:04:46,928 [dd1da58e-99a3-4355-8051-ac3fff011e62-groupManagement] INFO  segmented.SegmentedRaftLogWorker (SegmentedRaftLogWorker.java:lambda$new$0(134)) - dd1da58e-99a3-4355-8051-ac3fff011e62@group-F9817439A977-SegmentedRaftLogWorker: flushIndex: setUnconditionally 0 -> -1
2024-04-29 10:04:46,928 [dd1da58e-99a3-4355-8051-ac3fff011e62-groupManagement] INFO  segmented.SegmentedRaftLogWorker (SegmentedRaftLogWorker.java:lambda$new$0(134)) - dd1da58e-99a3-4355-8051-ac3fff011e62@group-F9817439A977-SegmentedRaftLogWorker: safeCacheEvictIndex: setUnconditionally 0 -> -1
2024-04-29 10:04:46,928 [dd1da58e-99a3-4355-8051-ac3fff011e62-groupManagement] INFO  server.RaftServer$Division (RaftServerImpl.java:start(396)) - dd1da58e-99a3-4355-8051-ac3fff011e62@group-F9817439A977: start as a follower, conf=-1: peers:[dd1da58e-99a3-4355-8051-ac3fff011e62|127.0.0.1:15175]|listeners:[], old=null
2024-04-29 10:04:46,928 [dd1da58e-99a3-4355-8051-ac3fff011e62-groupManagement] INFO  server.RaftServer$Division (RaftServerImpl.java:setRole(383)) - dd1da58e-99a3-4355-8051-ac3fff011e62@group-F9817439A977: changes role from      null to FOLLOWER at term 0 for startAsFollower
2024-04-29 10:04:46,929 [dd1da58e-99a3-4355-8051-ac3fff011e62-groupManagement] INFO  impl.RoleInfo (RoleInfo.java:updateAndGet(139)) - dd1da58e-99a3-4355-8051-ac3fff011e62: start dd1da58e-99a3-4355-8051-ac3fff011e62@group-F9817439A977-FollowerState
2024-04-29 10:04:46,929 [dd1da58e-99a3-4355-8051-ac3fff011e62@group-F9817439A977-FollowerState] INFO  server.RaftServerConfigKeys (ConfUtils.java:logFallback(53)) - raft.server.rpc.first-election.timeout.min = 5s (fallback to raft.server.rpc.timeout.min)
2024-04-29 10:04:46,929 [dd1da58e-99a3-4355-8051-ac3fff011e62@group-F9817439A977-FollowerState] INFO  server.RaftServerConfigKeys (ConfUtils.java:logFallback(53)) - raft.server.rpc.first-election.timeout.max = 5200ms (fallback to raft.server.rpc.timeout.max)
2024-04-29 10:04:46,929 [dd1da58e-99a3-4355-8051-ac3fff011e62-groupManagement] INFO  util.JmxRegister (JmxRegister.java:tryRegister(44)) - Successfully registered JMX Bean with object name Ratis:service=RaftServer,group=group-F9817439A977,id=dd1da58e-99a3-4355-8051-ac3fff011e62
2024-04-29 10:04:46,929 [dd1da58e-99a3-4355-8051-ac3fff011e62-groupManagement] INFO  server.RaftServerConfigKeys (ConfUtils.java:logGet(46)) - raft.server.snapshot.trigger-when-stop.enabled = true (default)
2024-04-29 10:04:46,929 [dd1da58e-99a3-4355-8051-ac3fff011e62-groupManagement] INFO  server.RaftServerConfigKeys (ConfUtils.java:logGet(46)) - raft.server.snapshot.auto.trigger.enabled = true (custom)
2024-04-29 10:04:46,929 [dd1da58e-99a3-4355-8051-ac3fff011e62-groupManagement] INFO  server.RaftServerConfigKeys (ConfUtils.java:logGet(46)) - raft.server.snapshot.auto.trigger.threshold = 10000 (custom)
2024-04-29 10:04:46,930 [dd1da58e-99a3-4355-8051-ac3fff011e62-groupManagement] INFO  server.RaftServerConfigKeys (ConfUtils.java:logGet(46)) - raft.server.snapshot.retention.file.num = 5 (custom)
2024-04-29 10:04:46,930 [dd1da58e-99a3-4355-8051-ac3fff011e62-groupManagement] INFO  server.RaftServerConfigKeys (ConfUtils.java:logGet(46)) - raft.server.log.purge.upto.snapshot.index = false (default)
2024-04-29 10:04:46,930 [dd1da58e-99a3-4355-8051-ac3fff011e62-PipelineCommandHandlerThread-0] INFO  ratis.XceiverServerRatis (XceiverServerRatis.java:addGroup(864)) - Created group PipelineID=6ccdae07-128d-4766-8315-f9817439a977
2024-04-29 10:04:46,930 [dd1da58e-99a3-4355-8051-ac3fff011e62-PipelineCommandHandlerThread-0] INFO  commandhandler.CreatePipelineCommandHandler (CreatePipelineCommandHandler.java:lambda$handle$2(124)) - Created Pipeline RATIS ONE PipelineID=6ccdae07-128d-4766-8315-f9817439a977.
2024-04-29 10:04:47,913 [main] INFO  ozone.MiniOzoneClusterImpl (MiniOzoneClusterImpl.java:lambda$waitForClusterToBeReady$0(194)) - Nodes are ready. Got 9 of 9 DN Heartbeats.
2024-04-29 10:04:47,913 [main] INFO  ozone.MiniOzoneClusterImpl (MiniOzoneClusterImpl.java:lambda$waitForClusterToBeReady$0(197)) - Waiting for cluster to exit safe mode
2024-04-29 10:04:47,913 [main] INFO  ozone.MiniOzoneClusterImpl (MiniOzoneClusterImpl.java:lambda$waitForClusterToBeReady$0(199)) - SCM became leader
2024-04-29 10:04:48,913 [main] INFO  ozone.MiniOzoneClusterImpl (MiniOzoneClusterImpl.java:lambda$waitForClusterToBeReady$0(194)) - Nodes are ready. Got 9 of 9 DN Heartbeats.
2024-04-29 10:04:48,913 [main] INFO  ozone.MiniOzoneClusterImpl (MiniOzoneClusterImpl.java:lambda$waitForClusterToBeReady$0(197)) - Waiting for cluster to exit safe mode
2024-04-29 10:04:48,913 [main] INFO  ozone.MiniOzoneClusterImpl (MiniOzoneClusterImpl.java:lambda$waitForClusterToBeReady$0(199)) - SCM became leader
2024-04-29 10:04:49,913 [main] INFO  ozone.MiniOzoneClusterImpl (MiniOzoneClusterImpl.java:lambda$waitForClusterToBeReady$0(194)) - Nodes are ready. Got 9 of 9 DN Heartbeats.
2024-04-29 10:04:49,914 [main] INFO  ozone.MiniOzoneClusterImpl (MiniOzoneClusterImpl.java:lambda$waitForClusterToBeReady$0(197)) - Waiting for cluster to exit safe mode
2024-04-29 10:04:49,914 [main] INFO  ozone.MiniOzoneClusterImpl (MiniOzoneClusterImpl.java:lambda$waitForClusterToBeReady$0(199)) - SCM became leader
2024-04-29 10:04:50,914 [main] INFO  ozone.MiniOzoneClusterImpl (MiniOzoneClusterImpl.java:lambda$waitForClusterToBeReady$0(194)) - Nodes are ready. Got 9 of 9 DN Heartbeats.
2024-04-29 10:04:50,914 [main] INFO  ozone.MiniOzoneClusterImpl (MiniOzoneClusterImpl.java:lambda$waitForClusterToBeReady$0(197)) - Waiting for cluster to exit safe mode
2024-04-29 10:04:50,914 [main] INFO  ozone.MiniOzoneClusterImpl (MiniOzoneClusterImpl.java:lambda$waitForClusterToBeReady$0(199)) - SCM became leader
2024-04-29 10:04:51,334 [6d197fbd-467e-45ff-9898-42ed1c21d5d8@group-CAAA4FED400B-FollowerState] INFO  impl.FollowerState (FollowerState.java:run(143)) - 6d197fbd-467e-45ff-9898-42ed1c21d5d8@group-CAAA4FED400B-FollowerState: change to CANDIDATE, lastRpcElapsedTime:5076966589ns, electionTimeout:5075ms
2024-04-29 10:04:51,334 [6d197fbd-467e-45ff-9898-42ed1c21d5d8@group-CAAA4FED400B-FollowerState] INFO  impl.RoleInfo (RoleInfo.java:shutdownFollowerState(110)) - 6d197fbd-467e-45ff-9898-42ed1c21d5d8: shutdown 6d197fbd-467e-45ff-9898-42ed1c21d5d8@group-CAAA4FED400B-FollowerState
2024-04-29 10:04:51,334 [6d197fbd-467e-45ff-9898-42ed1c21d5d8@group-CAAA4FED400B-FollowerState] INFO  server.RaftServer$Division (RaftServerImpl.java:setRole(383)) - 6d197fbd-467e-45ff-9898-42ed1c21d5d8@group-CAAA4FED400B: changes role from  FOLLOWER to CANDIDATE at term 0 for changeToCandidate
2024-04-29 10:04:51,334 [6d197fbd-467e-45ff-9898-42ed1c21d5d8@group-CAAA4FED400B-FollowerState] INFO  server.RaftServerConfigKeys (ConfUtils.java:logGet(46)) - raft.server.leaderelection.pre-vote = true (default)
2024-04-29 10:04:51,334 [6d197fbd-467e-45ff-9898-42ed1c21d5d8@group-CAAA4FED400B-FollowerState] INFO  impl.RoleInfo (RoleInfo.java:updateAndGet(139)) - 6d197fbd-467e-45ff-9898-42ed1c21d5d8: start 6d197fbd-467e-45ff-9898-42ed1c21d5d8@group-CAAA4FED400B-LeaderElection19
2024-04-29 10:04:51,335 [6d197fbd-467e-45ff-9898-42ed1c21d5d8@group-CAAA4FED400B-LeaderElection19] INFO  impl.LeaderElection (LeaderElection.java:askForVotes(321)) - 6d197fbd-467e-45ff-9898-42ed1c21d5d8@group-CAAA4FED400B-LeaderElection19 PRE_VOTE round 0: submit vote requests at term 0 for -1: peers:[6d197fbd-467e-45ff-9898-42ed1c21d5d8|127.0.0.1:15103]|listeners:[], old=null
2024-04-29 10:04:51,335 [6d197fbd-467e-45ff-9898-42ed1c21d5d8@group-CAAA4FED400B-LeaderElection19] INFO  impl.LeaderElection (LeaderElection.java:askForVotes(323)) - 6d197fbd-467e-45ff-9898-42ed1c21d5d8@group-CAAA4FED400B-LeaderElection19 PRE_VOTE round 0: result PASSED (term=0)
2024-04-29 10:04:51,336 [6d197fbd-467e-45ff-9898-42ed1c21d5d8@group-CAAA4FED400B-LeaderElection19] INFO  impl.LeaderElection (LeaderElection.java:askForVotes(321)) - 6d197fbd-467e-45ff-9898-42ed1c21d5d8@group-CAAA4FED400B-LeaderElection19 ELECTION round 0: submit vote requests at term 1 for -1: peers:[6d197fbd-467e-45ff-9898-42ed1c21d5d8|127.0.0.1:15103]|listeners:[], old=null
2024-04-29 10:04:51,336 [6d197fbd-467e-45ff-9898-42ed1c21d5d8@group-CAAA4FED400B-LeaderElection19] INFO  impl.LeaderElection (LeaderElection.java:askForVotes(323)) - 6d197fbd-467e-45ff-9898-42ed1c21d5d8@group-CAAA4FED400B-LeaderElection19 ELECTION round 0: result PASSED (term=1)
2024-04-29 10:04:51,336 [6d197fbd-467e-45ff-9898-42ed1c21d5d8@group-CAAA4FED400B-LeaderElection19] INFO  impl.RoleInfo (RoleInfo.java:shutdownLeaderElection(130)) - 6d197fbd-467e-45ff-9898-42ed1c21d5d8: shutdown 6d197fbd-467e-45ff-9898-42ed1c21d5d8@group-CAAA4FED400B-LeaderElection19
2024-04-29 10:04:51,336 [6d197fbd-467e-45ff-9898-42ed1c21d5d8@group-CAAA4FED400B-LeaderElection19] INFO  server.RaftServer$Division (RaftServerImpl.java:setRole(383)) - 6d197fbd-467e-45ff-9898-42ed1c21d5d8@group-CAAA4FED400B: changes role from CANDIDATE to LEADER at term 1 for changeToLeader
2024-04-29 10:04:51,336 [6d197fbd-467e-45ff-9898-42ed1c21d5d8@group-CAAA4FED400B-LeaderElection19] INFO  server.RaftServerConfigKeys (ConfUtils.java:logGet(46)) - raft.server.staging.catchup.gap = 1000 (default)
2024-04-29 10:04:51,336 [6d197fbd-467e-45ff-9898-42ed1c21d5d8@group-CAAA4FED400B-LeaderElection19] INFO  server.RaftServerConfigKeys (ConfUtils.java:logGet(46)) - raft.server.write.element-limit = 1024 (custom)
2024-04-29 10:04:51,336 [6d197fbd-467e-45ff-9898-42ed1c21d5d8@group-CAAA4FED400B-LeaderElection19] INFO  server.RaftServerConfigKeys (ConfUtils.java:logGet(46)) - raft.server.write.byte-limit = 1024 M (=1073741824) (custom)
2024-04-29 10:04:51,337 [6d197fbd-467e-45ff-9898-42ed1c21d5d8@group-CAAA4FED400B-LeaderElection19] INFO  server.RaftServerConfigKeys (ConfUtils.java:logGet(46)) - raft.server.watch.timeout = 3000ms (custom)
2024-04-29 10:04:51,337 [6d197fbd-467e-45ff-9898-42ed1c21d5d8@group-CAAA4FED400B-LeaderElection19] INFO  server.RaftServerConfigKeys (ConfUtils.java:logGet(46)) - raft.server.watch.timeout.denomination = 1s (default)
2024-04-29 10:04:51,337 [6d197fbd-467e-45ff-9898-42ed1c21d5d8@group-CAAA4FED400B-LeaderElection19] INFO  server.RaftServerConfigKeys (ConfUtils.java:logGet(46)) - raft.server.watch.element-limit = 65536 (default)
2024-04-29 10:04:51,337 [6d197fbd-467e-45ff-9898-42ed1c21d5d8@group-CAAA4FED400B-LeaderElection19] INFO  server.RaftServerConfigKeys (ConfUtils.java:logGet(46)) - raft.server.read.leader.lease.enabled = false (default)
2024-04-29 10:04:51,337 [6d197fbd-467e-45ff-9898-42ed1c21d5d8@group-CAAA4FED400B-LeaderElection19] INFO  server.RaftServerConfigKeys (ConfUtils.java:logGet(46)) - raft.server.read.leader.lease.timeout.ratio = 0.9 (default)
2024-04-29 10:04:51,337 [6d197fbd-467e-45ff-9898-42ed1c21d5d8@group-CAAA4FED400B-LeaderElection19] INFO  server.RaftServerConfigKeys (ConfUtils.java:logGet(46)) - raft.server.rpc.timeout.min = 5s (custom)
2024-04-29 10:04:51,337 [6d197fbd-467e-45ff-9898-42ed1c21d5d8@group-CAAA4FED400B-LeaderElection19] INFO  server.RaftServerConfigKeys (ConfUtils.java:logGet(46)) - raft.server.write.element-limit = 1024 (custom)
2024-04-29 10:04:51,337 [6d197fbd-467e-45ff-9898-42ed1c21d5d8@group-CAAA4FED400B-LeaderElection19] INFO  server.RaftServerConfigKeys (ConfUtils.java:logGet(46)) - raft.server.write.follower.gap.ratio.max = -1.0 (default)
2024-04-29 10:04:51,337 [6d197fbd-467e-45ff-9898-42ed1c21d5d8@group-CAAA4FED400B-LeaderElection19] INFO  impl.RoleInfo (RoleInfo.java:updateAndGet(139)) - 6d197fbd-467e-45ff-9898-42ed1c21d5d8: start 6d197fbd-467e-45ff-9898-42ed1c21d5d8@group-CAAA4FED400B-LeaderStateImpl
2024-04-29 10:04:51,337 [6d197fbd-467e-45ff-9898-42ed1c21d5d8@group-CAAA4FED400B-LeaderElection19] INFO  server.RaftServer$Division (RaftServerImpl.java:setFirstElection(574)) - 6d197fbd-467e-45ff-9898-42ed1c21d5d8@group-CAAA4FED400B: set firstElectionSinceStartup to false for becomeLeader
2024-04-29 10:04:51,337 [6d197fbd-467e-45ff-9898-42ed1c21d5d8@group-CAAA4FED400B-LeaderElection19] INFO  ratis.XceiverServerRatis (XceiverServerRatis.java:handleLeaderChangedNotification(966)) - Leader change notification received for group: group-CAAA4FED400B with new leaderId: 6d197fbd-467e-45ff-9898-42ed1c21d5d8
2024-04-29 10:04:51,338 [6d197fbd-467e-45ff-9898-42ed1c21d5d8@group-CAAA4FED400B-LeaderElection19] INFO  server.RaftServer$Division (ServerState.java:setLeader(269)) - 6d197fbd-467e-45ff-9898-42ed1c21d5d8@group-CAAA4FED400B: change Leader from null to 6d197fbd-467e-45ff-9898-42ed1c21d5d8 at term 1 for becomeLeader, leader elected after 5096ms
2024-04-29 10:04:51,338 [6d197fbd-467e-45ff-9898-42ed1c21d5d8@group-CAAA4FED400B-LeaderElection19] INFO  segmented.SegmentedRaftLogWorker (SegmentedRaftLogWorker.java:startLogSegment(430)) - 6d197fbd-467e-45ff-9898-42ed1c21d5d8@group-CAAA4FED400B-SegmentedRaftLogWorker: Starting segment from index:0
2024-04-29 10:04:51,338 [6d197fbd-467e-45ff-9898-42ed1c21d5d8@group-CAAA4FED400B-LeaderElection19] INFO  server.RaftServer$Division (ServerState.java:setRaftConf(386)) - 6d197fbd-467e-45ff-9898-42ed1c21d5d8@group-CAAA4FED400B: set configuration 0: peers:[6d197fbd-467e-45ff-9898-42ed1c21d5d8|127.0.0.1:15103]|listeners:[], old=null
2024-04-29 10:04:51,338 [6d197fbd-467e-45ff-9898-42ed1c21d5d8@group-CAAA4FED400B-SegmentedRaftLogWorker] INFO  segmented.BufferedWriteChannel (BufferedWriteChannel.java:open(62)) - open log_inprogress_0 at position 0
2024-04-29 10:04:51,339 [EventQueue-OpenPipelineForHealthyPipelineSafeModeRule] INFO  safemode.SCMSafeModeManager (HealthyPipelineSafeModeRule.java:process(140)) - SCM in safe mode. Healthy pipelines reported count is 0, required healthy pipeline reported count is 1
2024-04-29 10:04:51,345 [6d197fbd-467e-45ff-9898-42ed1c21d5d8@group-CAAA4FED400B-SegmentedRaftLogWorker] INFO  segmented.SegmentedRaftLogWorker (SegmentedRaftLogWorker.java:execute(634)) - 6d197fbd-467e-45ff-9898-42ed1c21d5d8@group-CAAA4FED400B-SegmentedRaftLogWorker: created new log segment /home/runner/work/ozone/ozone/hadoop-ozone/integration-test/target/test-dir/MiniOzoneClusterImpl-b6e902a5-721a-459f-a115-5ddcd789b87e/ozone-meta/datanode-1/ratis/7a65518c-d6ab-45bc-acef-caaa4fed400b/current/log_inprogress_0
2024-04-29 10:04:51,347 [6d197fbd-467e-45ff-9898-42ed1c21d5d8@group-CAAA4FED400B-StateMachineUpdater] INFO  server.RaftServer$Division (LeaderStateImpl.java:isApplied(320)) - leader is ready since appliedIndex == 0 >= startIndex == 0
2024-04-29 10:04:51,430 [6d197fbd-467e-45ff-9898-42ed1c21d5d8@group-707C7D8C1CB0-FollowerState] INFO  impl.FollowerState (FollowerState.java:run(143)) - 6d197fbd-467e-45ff-9898-42ed1c21d5d8@group-707C7D8C1CB0-FollowerState: change to CANDIDATE, lastRpcElapsedTime:5154451784ns, electionTimeout:5154ms
2024-04-29 10:04:51,430 [6d197fbd-467e-45ff-9898-42ed1c21d5d8@group-707C7D8C1CB0-FollowerState] INFO  impl.RoleInfo (RoleInfo.java:shutdownFollowerState(110)) - 6d197fbd-467e-45ff-9898-42ed1c21d5d8: shutdown 6d197fbd-467e-45ff-9898-42ed1c21d5d8@group-707C7D8C1CB0-FollowerState
2024-04-29 10:04:51,430 [6d197fbd-467e-45ff-9898-42ed1c21d5d8@group-707C7D8C1CB0-FollowerState] INFO  server.RaftServer$Division (RaftServerImpl.java:setRole(383)) - 6d197fbd-467e-45ff-9898-42ed1c21d5d8@group-707C7D8C1CB0: changes role from  FOLLOWER to CANDIDATE at term 0 for changeToCandidate
2024-04-29 10:04:51,430 [6d197fbd-467e-45ff-9898-42ed1c21d5d8@group-707C7D8C1CB0-FollowerState] INFO  server.RaftServerConfigKeys (ConfUtils.java:logGet(46)) - raft.server.leaderelection.pre-vote = true (default)
2024-04-29 10:04:51,430 [6d197fbd-467e-45ff-9898-42ed1c21d5d8@group-707C7D8C1CB0-FollowerState] INFO  impl.RoleInfo (RoleInfo.java:updateAndGet(139)) - 6d197fbd-467e-45ff-9898-42ed1c21d5d8: start 6d197fbd-467e-45ff-9898-42ed1c21d5d8@group-707C7D8C1CB0-LeaderElection20
2024-04-29 10:04:51,431 [6d197fbd-467e-45ff-9898-42ed1c21d5d8@group-707C7D8C1CB0-LeaderElection20] INFO  impl.LeaderElection (LeaderElection.java:askForVotes(321)) - 6d197fbd-467e-45ff-9898-42ed1c21d5d8@group-707C7D8C1CB0-LeaderElection20 PRE_VOTE round 0: submit vote requests at term 0 for -1: peers:[c8077c05-0c4c-4631-a89d-68bd8471aee8|127.0.0.1:15112, 524d5d09-8d9b-4f5c-81d9-49f5f89fd079|127.0.0.1:15121, 6d197fbd-467e-45ff-9898-42ed1c21d5d8|127.0.0.1:15103]|listeners:[], old=null
2024-04-29 10:04:51,431 [524d5d09-8d9b-4f5c-81d9-49f5f89fd079@group-707C7D8C1CB0-FollowerState] INFO  impl.FollowerState (FollowerState.java:run(143)) - 524d5d09-8d9b-4f5c-81d9-49f5f89fd079@group-707C7D8C1CB0-FollowerState: change to CANDIDATE, lastRpcElapsedTime:5131545870ns, electionTimeout:5131ms
2024-04-29 10:04:51,431 [524d5d09-8d9b-4f5c-81d9-49f5f89fd079@group-707C7D8C1CB0-FollowerState] INFO  impl.RoleInfo (RoleInfo.java:shutdownFollowerState(110)) - 524d5d09-8d9b-4f5c-81d9-49f5f89fd079: shutdown 524d5d09-8d9b-4f5c-81d9-49f5f89fd079@group-707C7D8C1CB0-FollowerState
2024-04-29 10:04:51,431 [524d5d09-8d9b-4f5c-81d9-49f5f89fd079@group-707C7D8C1CB0-FollowerState] INFO  server.RaftServer$Division (RaftServerImpl.java:setRole(383)) - 524d5d09-8d9b-4f5c-81d9-49f5f89fd079@group-707C7D8C1CB0: changes role from  FOLLOWER to CANDIDATE at term 0 for changeToCandidate
2024-04-29 10:04:51,431 [524d5d09-8d9b-4f5c-81d9-49f5f89fd079@group-707C7D8C1CB0-FollowerState] INFO  server.RaftServerConfigKeys (ConfUtils.java:logGet(46)) - raft.server.leaderelection.pre-vote = true (default)
2024-04-29 10:04:51,431 [524d5d09-8d9b-4f5c-81d9-49f5f89fd079@group-707C7D8C1CB0-FollowerState] INFO  impl.RoleInfo (RoleInfo.java:updateAndGet(139)) - 524d5d09-8d9b-4f5c-81d9-49f5f89fd079: start 524d5d09-8d9b-4f5c-81d9-49f5f89fd079@group-707C7D8C1CB0-LeaderElection21
2024-04-29 10:04:51,431 [6d197fbd-467e-45ff-9898-42ed1c21d5d8@group-707C7D8C1CB0-LeaderElection20-1] INFO  server.GrpcServerProtocolClient (GrpcServerProtocolClient.java:<init>(65)) - Build channel for c8077c05-0c4c-4631-a89d-68bd8471aee8|127.0.0.1:15112
2024-04-29 10:04:51,431 [6d197fbd-467e-45ff-9898-42ed1c21d5d8@group-707C7D8C1CB0-LeaderElection20] INFO  server.RaftServerConfigKeys (ConfUtils.java:logFallback(53)) - raft.server.rpc.first-election.timeout.min = 5s (fallback to raft.server.rpc.timeout.min)
2024-04-29 10:04:51,431 [6d197fbd-467e-45ff-9898-42ed1c21d5d8@group-707C7D8C1CB0-LeaderElection20] INFO  server.RaftServerConfigKeys (ConfUtils.java:logFallback(53)) - raft.server.rpc.first-election.timeout.max = 5200ms (fallback to raft.server.rpc.timeout.max)
2024-04-29 10:04:51,431 [524d5d09-8d9b-4f5c-81d9-49f5f89fd079@group-707C7D8C1CB0-LeaderElection21] INFO  impl.LeaderElection (LeaderElection.java:askForVotes(321)) - 524d5d09-8d9b-4f5c-81d9-49f5f89fd079@group-707C7D8C1CB0-LeaderElection21 PRE_VOTE round 0: submit vote requests at term 0 for -1: peers:[c8077c05-0c4c-4631-a89d-68bd8471aee8|127.0.0.1:15112, 524d5d09-8d9b-4f5c-81d9-49f5f89fd079|127.0.0.1:15121, 6d197fbd-467e-45ff-9898-42ed1c21d5d8|127.0.0.1:15103]|listeners:[], old=null
2024-04-29 10:04:51,431 [6d197fbd-467e-45ff-9898-42ed1c21d5d8@group-707C7D8C1CB0-LeaderElection20-2] INFO  server.GrpcServerProtocolClient (GrpcServerProtocolClient.java:<init>(65)) - Build channel for 524d5d09-8d9b-4f5c-81d9-49f5f89fd079|127.0.0.1:15121
2024-04-29 10:04:51,432 [524d5d09-8d9b-4f5c-81d9-49f5f89fd079@group-707C7D8C1CB0-LeaderElection21-1] INFO  server.GrpcServerProtocolClient (GrpcServerProtocolClient.java:<init>(65)) - Build channel for c8077c05-0c4c-4631-a89d-68bd8471aee8|127.0.0.1:15112
2024-04-29 10:04:51,432 [524d5d09-8d9b-4f5c-81d9-49f5f89fd079@group-707C7D8C1CB0-LeaderElection21] INFO  server.RaftServerConfigKeys (ConfUtils.java:logFallback(53)) - raft.server.rpc.first-election.timeout.min = 5s (fallback to raft.server.rpc.timeout.min)
2024-04-29 10:04:51,432 [524d5d09-8d9b-4f5c-81d9-49f5f89fd079@group-707C7D8C1CB0-LeaderElection21] INFO  server.RaftServerConfigKeys (ConfUtils.java:logFallback(53)) - raft.server.rpc.first-election.timeout.max = 5200ms (fallback to raft.server.rpc.timeout.max)
2024-04-29 10:04:51,432 [524d5d09-8d9b-4f5c-81d9-49f5f89fd079@group-707C7D8C1CB0-LeaderElection21-2] INFO  server.GrpcServerProtocolClient (GrpcServerProtocolClient.java:<init>(65)) - Build channel for 6d197fbd-467e-45ff-9898-42ed1c21d5d8|127.0.0.1:15103
2024-04-29 10:04:51,438 [grpc-default-executor-1] INFO  server.RaftServer$Division (RaftServerImpl.java:requestVote(1389)) - 6d197fbd-467e-45ff-9898-42ed1c21d5d8@group-707C7D8C1CB0: receive requestVote(PRE_VOTE, 524d5d09-8d9b-4f5c-81d9-49f5f89fd079, group-707C7D8C1CB0, 0, (t:0, i:0))
2024-04-29 10:04:51,438 [grpc-default-executor-1] INFO  impl.VoteContext (VoteContext.java:log(49)) - 6d197fbd-467e-45ff-9898-42ed1c21d5d8@group-707C7D8C1CB0-CANDIDATE: accept PRE_VOTE from 524d5d09-8d9b-4f5c-81d9-49f5f89fd079: our priority 0 <= candidate's priority 0
2024-04-29 10:04:51,439 [grpc-default-executor-1] INFO  server.RaftServer$Division (RaftServerImpl.java:requestVote(1422)) - 6d197fbd-467e-45ff-9898-42ed1c21d5d8@group-707C7D8C1CB0 replies to PRE_VOTE vote request: 524d5d09-8d9b-4f5c-81d9-49f5f89fd079<-6d197fbd-467e-45ff-9898-42ed1c21d5d8#0:OK-t0. Peer's state: 6d197fbd-467e-45ff-9898-42ed1c21d5d8@group-707C7D8C1CB0:t0, leader=null, voted=, raftlog=Memoized:6d197fbd-467e-45ff-9898-42ed1c21d5d8@group-707C7D8C1CB0-SegmentedRaftLog:OPENED:c-1, conf=-1: peers:[c8077c05-0c4c-4631-a89d-68bd8471aee8|127.0.0.1:15112, 524d5d09-8d9b-4f5c-81d9-49f5f89fd079|127.0.0.1:15121, 6d197fbd-467e-45ff-9898-42ed1c21d5d8|127.0.0.1:15103]|listeners:[], old=null
2024-04-29 10:04:51,439 [grpc-default-executor-0] INFO  server.RaftServer$Division (RaftServerImpl.java:requestVote(1389)) - c8077c05-0c4c-4631-a89d-68bd8471aee8@group-707C7D8C1CB0: receive requestVote(PRE_VOTE, 524d5d09-8d9b-4f5c-81d9-49f5f89fd079, group-707C7D8C1CB0, 0, (t:0, i:0))
2024-04-29 10:04:51,439 [grpc-default-executor-0] INFO  impl.VoteContext (VoteContext.java:log(49)) - c8077c05-0c4c-4631-a89d-68bd8471aee8@group-707C7D8C1CB0-FOLLOWER: reject PRE_VOTE from 524d5d09-8d9b-4f5c-81d9-49f5f89fd079: our priority 1 > candidate's priority 0
2024-04-29 10:04:51,439 [grpc-default-executor-0] INFO  server.RaftServer$Division (RaftServerImpl.java:requestVote(1422)) - c8077c05-0c4c-4631-a89d-68bd8471aee8@group-707C7D8C1CB0 replies to PRE_VOTE vote request: 524d5d09-8d9b-4f5c-81d9-49f5f89fd079<-c8077c05-0c4c-4631-a89d-68bd8471aee8#0:FAIL-t0. Peer's state: c8077c05-0c4c-4631-a89d-68bd8471aee8@group-707C7D8C1CB0:t0, leader=null, voted=, raftlog=Memoized:c8077c05-0c4c-4631-a89d-68bd8471aee8@group-707C7D8C1CB0-SegmentedRaftLog:OPENED:c-1, conf=-1: peers:[c8077c05-0c4c-4631-a89d-68bd8471aee8|127.0.0.1:15112, 524d5d09-8d9b-4f5c-81d9-49f5f89fd079|127.0.0.1:15121, 6d197fbd-467e-45ff-9898-42ed1c21d5d8|127.0.0.1:15103]|listeners:[], old=null
2024-04-29 10:04:51,440 [524d5d09-8d9b-4f5c-81d9-49f5f89fd079@group-707C7D8C1CB0-LeaderElection21] INFO  impl.LeaderElection (LeaderElection.java:logAndReturn(89)) - 524d5d09-8d9b-4f5c-81d9-49f5f89fd079@group-707C7D8C1CB0-LeaderElection21: PRE_VOTE REJECTED received 1 response(s) and 0 exception(s):
2024-04-29 10:04:51,440 [524d5d09-8d9b-4f5c-81d9-49f5f89fd079@group-707C7D8C1CB0-LeaderElection21] INFO  impl.LeaderElection (LeaderElection.java:logAndReturn(93)) -   Response 0: 524d5d09-8d9b-4f5c-81d9-49f5f89fd079<-c8077c05-0c4c-4631-a89d-68bd8471aee8#0:FAIL-t0
2024-04-29 10:04:51,440 [524d5d09-8d9b-4f5c-81d9-49f5f89fd079@group-707C7D8C1CB0-LeaderElection21] INFO  impl.LeaderElection (LeaderElection.java:askForVotes(323)) - 524d5d09-8d9b-4f5c-81d9-49f5f89fd079@group-707C7D8C1CB0-LeaderElection21 PRE_VOTE round 0: result REJECTED
2024-04-29 10:04:51,441 [524d5d09-8d9b-4f5c-81d9-49f5f89fd079@group-707C7D8C1CB0-LeaderElection21] INFO  server.RaftServer$Division (RaftServerImpl.java:setRole(383)) - 524d5d09-8d9b-4f5c-81d9-49f5f89fd079@group-707C7D8C1CB0: changes role from CANDIDATE to FOLLOWER at term 0 for REJECTED
2024-04-29 10:04:51,441 [524d5d09-8d9b-4f5c-81d9-49f5f89fd079@group-707C7D8C1CB0-LeaderElection21] INFO  impl.RoleInfo (RoleInfo.java:shutdownLeaderElection(130)) - 524d5d09-8d9b-4f5c-81d9-49f5f89fd079: shutdown 524d5d09-8d9b-4f5c-81d9-49f5f89fd079@group-707C7D8C1CB0-LeaderElection21
2024-04-29 10:04:51,441 [524d5d09-8d9b-4f5c-81d9-49f5f89fd079@group-707C7D8C1CB0-LeaderElection21] INFO  impl.RoleInfo (RoleInfo.java:updateAndGet(139)) - 524d5d09-8d9b-4f5c-81d9-49f5f89fd079: start 524d5d09-8d9b-4f5c-81d9-49f5f89fd079@group-707C7D8C1CB0-FollowerState
2024-04-29 10:04:51,441 [grpc-default-executor-0] INFO  server.RaftServer$Division (RaftServerImpl.java:requestVote(1389)) - 524d5d09-8d9b-4f5c-81d9-49f5f89fd079@group-707C7D8C1CB0: receive requestVote(PRE_VOTE, 6d197fbd-467e-45ff-9898-42ed1c21d5d8, group-707C7D8C1CB0, 0, (t:0, i:0))
2024-04-29 10:04:51,442 [grpc-default-executor-2] INFO  server.RaftServer$Division (RaftServerImpl.java:requestVote(1389)) - c8077c05-0c4c-4631-a89d-68bd8471aee8@group-707C7D8C1CB0: receive requestVote(PRE_VOTE, 6d197fbd-467e-45ff-9898-42ed1c21d5d8, group-707C7D8C1CB0, 0, (t:0, i:0))
2024-04-29 10:04:51,442 [grpc-default-executor-2] INFO  impl.VoteContext (VoteContext.java:log(49)) - c8077c05-0c4c-4631-a89d-68bd8471aee8@group-707C7D8C1CB0-FOLLOWER: reject PRE_VOTE from 6d197fbd-467e-45ff-9898-42ed1c21d5d8: our priority 1 > candidate's priority 0
2024-04-29 10:04:51,443 [grpc-default-executor-2] INFO  server.RaftServer$Division (RaftServerImpl.java:requestVote(1422)) - c8077c05-0c4c-4631-a89d-68bd8471aee8@group-707C7D8C1CB0 replies to PRE_VOTE vote request: 6d197fbd-467e-45ff-9898-42ed1c21d5d8<-c8077c05-0c4c-4631-a89d-68bd8471aee8#0:FAIL-t0. Peer's state: c8077c05-0c4c-4631-a89d-68bd8471aee8@group-707C7D8C1CB0:t0, leader=null, voted=, raftlog=Memoized:c8077c05-0c4c-4631-a89d-68bd8471aee8@group-707C7D8C1CB0-SegmentedRaftLog:OPENED:c-1, conf=-1: peers:[c8077c05-0c4c-4631-a89d-68bd8471aee8|127.0.0.1:15112, 524d5d09-8d9b-4f5c-81d9-49f5f89fd079|127.0.0.1:15121, 6d197fbd-467e-45ff-9898-42ed1c21d5d8|127.0.0.1:15103]|listeners:[], old=null
2024-04-29 10:04:51,443 [524d5d09-8d9b-4f5c-81d9-49f5f89fd079@group-707C7D8C1CB0-LeaderElection21] INFO  server.RaftServer$Division (RaftServerImpl.java:setFirstElection(574)) - 524d5d09-8d9b-4f5c-81d9-49f5f89fd079@group-707C7D8C1CB0: set firstElectionSinceStartup to false for REJECTED
2024-04-29 10:04:51,443 [6d197fbd-467e-45ff-9898-42ed1c21d5d8@group-707C7D8C1CB0-LeaderElection20] INFO  impl.LeaderElection (LeaderElection.java:logAndReturn(89)) - 6d197fbd-467e-45ff-9898-42ed1c21d5d8@group-707C7D8C1CB0-LeaderElection20: PRE_VOTE REJECTED received 1 response(s) and 0 exception(s):
2024-04-29 10:04:51,443 [6d197fbd-467e-45ff-9898-42ed1c21d5d8@group-707C7D8C1CB0-LeaderElection20] INFO  impl.LeaderElection (LeaderElection.java:logAndReturn(93)) -   Response 0: 6d197fbd-467e-45ff-9898-42ed1c21d5d8<-c8077c05-0c4c-4631-a89d-68bd8471aee8#0:FAIL-t0
2024-04-29 10:04:51,443 [grpc-default-executor-0] INFO  impl.VoteContext (VoteContext.java:log(49)) - 524d5d09-8d9b-4f5c-81d9-49f5f89fd079@group-707C7D8C1CB0-FOLLOWER: accept PRE_VOTE from 6d197fbd-467e-45ff-9898-42ed1c21d5d8: our priority 0 <= candidate's priority 0
2024-04-29 10:04:51,444 [grpc-default-executor-0] INFO  server.RaftServer$Division (RaftServerImpl.java:requestVote(1422)) - 524d5d09-8d9b-4f5c-81d9-49f5f89fd079@group-707C7D8C1CB0 replies to PRE_VOTE vote request: 6d197fbd-467e-45ff-9898-42ed1c21d5d8<-524d5d09-8d9b-4f5c-81d9-49f5f89fd079#0:OK-t0. Peer's state: 524d5d09-8d9b-4f5c-81d9-49f5f89fd079@group-707C7D8C1CB0:t0, leader=null, voted=, raftlog=Memoized:524d5d09-8d9b-4f5c-81d9-49f5f89fd079@group-707C7D8C1CB0-SegmentedRaftLog:OPENED:c-1, conf=-1: peers:[c8077c05-0c4c-4631-a89d-68bd8471aee8|127.0.0.1:15112, 524d5d09-8d9b-4f5c-81d9-49f5f89fd079|127.0.0.1:15121, 6d197fbd-467e-45ff-9898-42ed1c21d5d8|127.0.0.1:15103]|listeners:[], old=null
2024-04-29 10:04:51,444 [6d197fbd-467e-45ff-9898-42ed1c21d5d8@group-707C7D8C1CB0-LeaderElection20] INFO  impl.LeaderElection (LeaderElection.java:askForVotes(323)) - 6d197fbd-467e-45ff-9898-42ed1c21d5d8@group-707C7D8C1CB0-LeaderElection20 PRE_VOTE round 0: result REJECTED
2024-04-29 10:04:51,444 [6d197fbd-467e-45ff-9898-42ed1c21d5d8@group-707C7D8C1CB0-LeaderElection20] INFO  server.RaftServer$Division (RaftServerImpl.java:setRole(383)) - 6d197fbd-467e-45ff-9898-42ed1c21d5d8@group-707C7D8C1CB0: changes role from CANDIDATE to FOLLOWER at term 0 for REJECTED
2024-04-29 10:04:51,444 [6d197fbd-467e-45ff-9898-42ed1c21d5d8@group-707C7D8C1CB0-LeaderElection20] INFO  impl.RoleInfo (RoleInfo.java:shutdownLeaderElection(130)) - 6d197fbd-467e-45ff-9898-42ed1c21d5d8: shutdown 6d197fbd-467e-45ff-9898-42ed1c21d5d8@group-707C7D8C1CB0-LeaderElection20
2024-04-29 10:04:51,444 [6d197fbd-467e-45ff-9898-42ed1c21d5d8@group-707C7D8C1CB0-LeaderElection20] INFO  impl.RoleInfo (RoleInfo.java:updateAndGet(139)) - 6d197fbd-467e-45ff-9898-42ed1c21d5d8: start 6d197fbd-467e-45ff-9898-42ed1c21d5d8@group-707C7D8C1CB0-FollowerState
2024-04-29 10:04:51,444 [6d197fbd-467e-45ff-9898-42ed1c21d5d8@group-707C7D8C1CB0-LeaderElection20] INFO  server.RaftServer$Division (RaftServerImpl.java:setFirstElection(574)) - 6d197fbd-467e-45ff-9898-42ed1c21d5d8@group-707C7D8C1CB0: set firstElectionSinceStartup to false for REJECTED
2024-04-29 10:04:51,454 [c8077c05-0c4c-4631-a89d-68bd8471aee8@group-707C7D8C1CB0-FollowerState] INFO  impl.FollowerState (FollowerState.java:run(143)) - c8077c05-0c4c-4631-a89d-68bd8471aee8@group-707C7D8C1CB0-FollowerState: change to CANDIDATE, lastRpcElapsedTime:5087703439ns, electionTimeout:5087ms
2024-04-29 10:04:51,454 [c8077c05-0c4c-4631-a89d-68bd8471aee8@group-707C7D8C1CB0-FollowerState] INFO  impl.RoleInfo (RoleInfo.java:shutdownFollowerState(110)) - c8077c05-0c4c-4631-a89d-68bd8471aee8: shutdown c8077c05-0c4c-4631-a89d-68bd8471aee8@group-707C7D8C1CB0-FollowerState
2024-04-29 10:04:51,454 [c8077c05-0c4c-4631-a89d-68bd8471aee8@group-707C7D8C1CB0-FollowerState] INFO  server.RaftServer$Division (RaftServerImpl.java:setRole(383)) - c8077c05-0c4c-4631-a89d-68bd8471aee8@group-707C7D8C1CB0: changes role from  FOLLOWER to CANDIDATE at term 0 for changeToCandidate
2024-04-29 10:04:51,454 [c8077c05-0c4c-4631-a89d-68bd8471aee8@group-707C7D8C1CB0-FollowerState] INFO  server.RaftServerConfigKeys (ConfUtils.java:logGet(46)) - raft.server.leaderelection.pre-vote = true (default)
2024-04-29 10:04:51,454 [c8077c05-0c4c-4631-a89d-68bd8471aee8@group-707C7D8C1CB0-FollowerState] INFO  impl.RoleInfo (RoleInfo.java:updateAndGet(139)) - c8077c05-0c4c-4631-a89d-68bd8471aee8: start c8077c05-0c4c-4631-a89d-68bd8471aee8@group-707C7D8C1CB0-LeaderElection22
2024-04-29 10:04:51,455 [c8077c05-0c4c-4631-a89d-68bd8471aee8@group-707C7D8C1CB0-LeaderElection22] INFO  impl.LeaderElection (LeaderElection.java:askForVotes(321)) - c8077c05-0c4c-4631-a89d-68bd8471aee8@group-707C7D8C1CB0-LeaderElection22 PRE_VOTE round 0: submit vote requests at term 0 for -1: peers:[c8077c05-0c4c-4631-a89d-68bd8471aee8|127.0.0.1:15112, 524d5d09-8d9b-4f5c-81d9-49f5f89fd079|127.0.0.1:15121, 6d197fbd-467e-45ff-9898-42ed1c21d5d8|127.0.0.1:15103]|listeners:[], old=null
2024-04-29 10:04:51,455 [c8077c05-0c4c-4631-a89d-68bd8471aee8@group-707C7D8C1CB0-LeaderElection22-1] INFO  server.GrpcServerProtocolClient (GrpcServerProtocolClient.java:<init>(65)) - Build channel for 524d5d09-8d9b-4f5c-81d9-49f5f89fd079|127.0.0.1:15121
2024-04-29 10:04:51,455 [c8077c05-0c4c-4631-a89d-68bd8471aee8@group-707C7D8C1CB0-LeaderElection22-2] INFO  server.GrpcServerProtocolClient (GrpcServerProtocolClient.java:<init>(65)) - Build channel for 6d197fbd-467e-45ff-9898-42ed1c21d5d8|127.0.0.1:15103
2024-04-29 10:04:51,455 [c8077c05-0c4c-4631-a89d-68bd8471aee8@group-707C7D8C1CB0-LeaderElection22] INFO  server.RaftServerConfigKeys (ConfUtils.java:logFallback(53)) - raft.server.rpc.first-election.timeout.min = 5s (fallback to raft.server.rpc.timeout.min)
2024-04-29 10:04:51,456 [c8077c05-0c4c-4631-a89d-68bd8471aee8@group-707C7D8C1CB0-LeaderElection22] INFO  server.RaftServerConfigKeys (ConfUtils.java:logFallback(53)) - raft.server.rpc.first-election.timeout.max = 5200ms (fallback to raft.server.rpc.timeout.max)
2024-04-29 10:04:51,458 [grpc-default-executor-2] INFO  server.RaftServer$Division (RaftServerImpl.java:requestVote(1389)) - 524d5d09-8d9b-4f5c-81d9-49f5f89fd079@group-707C7D8C1CB0: receive requestVote(PRE_VOTE, c8077c05-0c4c-4631-a89d-68bd8471aee8, group-707C7D8C1CB0, 0, (t:0, i:0))
2024-04-29 10:04:51,458 [grpc-default-executor-2] INFO  impl.VoteContext (VoteContext.java:log(49)) - 524d5d09-8d9b-4f5c-81d9-49f5f89fd079@group-707C7D8C1CB0-FOLLOWER: accept PRE_VOTE from c8077c05-0c4c-4631-a89d-68bd8471aee8: our priority 0 <= candidate's priority 1
2024-04-29 10:04:51,458 [grpc-default-executor-2] INFO  server.RaftServer$Division (RaftServerImpl.java:requestVote(1422)) - 524d5d09-8d9b-4f5c-81d9-49f5f89fd079@group-707C7D8C1CB0 replies to PRE_VOTE vote request: c8077c05-0c4c-4631-a89d-68bd8471aee8<-524d5d09-8d9b-4f5c-81d9-49f5f89fd079#0:OK-t0. Peer's state: 524d5d09-8d9b-4f5c-81d9-49f5f89fd079@group-707C7D8C1CB0:t0, leader=null, voted=, raftlog=Memoized:524d5d09-8d9b-4f5c-81d9-49f5f89fd079@group-707C7D8C1CB0-SegmentedRaftLog:OPENED:c-1, conf=-1: peers:[c8077c05-0c4c-4631-a89d-68bd8471aee8|127.0.0.1:15112, 524d5d09-8d9b-4f5c-81d9-49f5f89fd079|127.0.0.1:15121, 6d197fbd-467e-45ff-9898-42ed1c21d5d8|127.0.0.1:15103]|listeners:[], old=null
2024-04-29 10:04:51,459 [grpc-default-executor-0] INFO  server.RaftServer$Division (RaftServerImpl.java:requestVote(1389)) - 6d197fbd-467e-45ff-9898-42ed1c21d5d8@group-707C7D8C1CB0: receive requestVote(PRE_VOTE, c8077c05-0c4c-4631-a89d-68bd8471aee8, group-707C7D8C1CB0, 0, (t:0, i:0))
2024-04-29 10:04:51,459 [c8077c05-0c4c-4631-a89d-68bd8471aee8@group-707C7D8C1CB0-LeaderElection22] INFO  impl.LeaderElection (LeaderElection.java:logAndReturn(89)) - c8077c05-0c4c-4631-a89d-68bd8471aee8@group-707C7D8C1CB0-LeaderElection22: PRE_VOTE PASSED received 1 response(s) and 0 exception(s):
2024-04-29 10:04:51,459 [c8077c05-0c4c-4631-a89d-68bd8471aee8@group-707C7D8C1CB0-LeaderElection22] INFO  impl.LeaderElection (LeaderElection.java:logAndReturn(93)) -   Response 0: c8077c05-0c4c-4631-a89d-68bd8471aee8<-524d5d09-8d9b-4f5c-81d9-49f5f89fd079#0:OK-t0
2024-04-29 10:04:51,459 [grpc-default-executor-0] INFO  impl.VoteContext (VoteContext.java:log(49)) - 6d197fbd-467e-45ff-9898-42ed1c21d5d8@group-707C7D8C1CB0-FOLLOWER: accept PRE_VOTE from c8077c05-0c4c-4631-a89d-68bd8471aee8: our priority 0 <= candidate's priority 1
2024-04-29 10:04:51,459 [grpc-default-executor-0] INFO  server.RaftServer$Division (RaftServerImpl.java:requestVote(1422)) - 6d197fbd-467e-45ff-9898-42ed1c21d5d8@group-707C7D8C1CB0 replies to PRE_VOTE vote request: c8077c05-0c4c-4631-a89d-68bd8471aee8<-6d197fbd-467e-45ff-9898-42ed1c21d5d8#0:OK-t0. Peer's state: 6d197fbd-467e-45ff-9898-42ed1c21d5d8@group-707C7D8C1CB0:t0, leader=null, voted=, raftlog=Memoized:6d197fbd-467e-45ff-9898-42ed1c21d5d8@group-707C7D8C1CB0-SegmentedRaftLog:OPENED:c-1, conf=-1: peers:[c8077c05-0c4c-4631-a89d-68bd8471aee8|127.0.0.1:15112, 524d5d09-8d9b-4f5c-81d9-49f5f89fd079|127.0.0.1:15121, 6d197fbd-467e-45ff-9898-42ed1c21d5d8|127.0.0.1:15103]|listeners:[], old=null
2024-04-29 10:04:51,459 [c8077c05-0c4c-4631-a89d-68bd8471aee8@group-707C7D8C1CB0-LeaderElection22] INFO  impl.LeaderElection (LeaderElection.java:askForVotes(323)) - c8077c05-0c4c-4631-a89d-68bd8471aee8@group-707C7D8C1CB0-LeaderElection22 PRE_VOTE round 0: result PASSED
2024-04-29 10:04:51,461 [c8077c05-0c4c-4631-a89d-68bd8471aee8@group-707C7D8C1CB0-LeaderElection22] INFO  impl.LeaderElection (LeaderElection.java:askForVotes(321)) - c8077c05-0c4c-4631-a89d-68bd8471aee8@group-707C7D8C1CB0-LeaderElection22 ELECTION round 0: submit vote requests at term 1 for -1: peers:[c8077c05-0c4c-4631-a89d-68bd8471aee8|127.0.0.1:15112, 524d5d09-8d9b-4f5c-81d9-49f5f89fd079|127.0.0.1:15121, 6d197fbd-467e-45ff-9898-42ed1c21d5d8|127.0.0.1:15103]|listeners:[], old=null
2024-04-29 10:04:51,462 [c8077c05-0c4c-4631-a89d-68bd8471aee8@group-707C7D8C1CB0-LeaderElection22] INFO  server.RaftServerConfigKeys (ConfUtils.java:logFallback(53)) - raft.server.rpc.first-election.timeout.min = 5s (fallback to raft.server.rpc.timeout.min)
2024-04-29 10:04:51,462 [c8077c05-0c4c-4631-a89d-68bd8471aee8@group-707C7D8C1CB0-LeaderElection22] INFO  server.RaftServerConfigKeys (ConfUtils.java:logFallback(53)) - raft.server.rpc.first-election.timeout.max = 5200ms (fallback to raft.server.rpc.timeout.max)
2024-04-29 10:04:51,463 [grpc-default-executor-0] INFO  server.RaftServer$Division (RaftServerImpl.java:requestVote(1389)) - 524d5d09-8d9b-4f5c-81d9-49f5f89fd079@group-707C7D8C1CB0: receive requestVote(ELECTION, c8077c05-0c4c-4631-a89d-68bd8471aee8, group-707C7D8C1CB0, 1, (t:0, i:0))
2024-04-29 10:04:51,463 [grpc-default-executor-0] INFO  impl.VoteContext (VoteContext.java:log(49)) - 524d5d09-8d9b-4f5c-81d9-49f5f89fd079@group-707C7D8C1CB0-FOLLOWER: accept ELECTION from c8077c05-0c4c-4631-a89d-68bd8471aee8: our priority 0 <= candidate's priority 1
2024-04-29 10:04:51,463 [grpc-default-executor-0] INFO  server.RaftServer$Division (RaftServerImpl.java:setRole(383)) - 524d5d09-8d9b-4f5c-81d9-49f5f89fd079@group-707C7D8C1CB0: changes role from  FOLLOWER to FOLLOWER at term 1 for candidate:c8077c05-0c4c-4631-a89d-68bd8471aee8
2024-04-29 10:04:51,463 [grpc-default-executor-0] INFO  impl.RoleInfo (RoleInfo.java:shutdownFollowerState(110)) - 524d5d09-8d9b-4f5c-81d9-49f5f89fd079: shutdown 524d5d09-8d9b-4f5c-81d9-49f5f89fd079@group-707C7D8C1CB0-FollowerState
2024-04-29 10:04:51,463 [grpc-default-executor-0] INFO  impl.RoleInfo (RoleInfo.java:updateAndGet(139)) - 524d5d09-8d9b-4f5c-81d9-49f5f89fd079: start 524d5d09-8d9b-4f5c-81d9-49f5f89fd079@group-707C7D8C1CB0-FollowerState
2024-04-29 10:04:51,463 [grpc-default-executor-2] INFO  server.RaftServer$Division (RaftServerImpl.java:requestVote(1389)) - 6d197fbd-467e-45ff-9898-42ed1c21d5d8@group-707C7D8C1CB0: receive requestVote(ELECTION, c8077c05-0c4c-4631-a89d-68bd8471aee8, group-707C7D8C1CB0, 1, (t:0, i:0))
2024-04-29 10:04:51,463 [524d5d09-8d9b-4f5c-81d9-49f5f89fd079@group-707C7D8C1CB0-FollowerState] INFO  impl.FollowerState (FollowerState.java:run(152)) - 524d5d09-8d9b-4f5c-81d9-49f5f89fd079@group-707C7D8C1CB0-FollowerState was interrupted
2024-04-29 10:04:51,463 [grpc-default-executor-2] INFO  impl.VoteContext (VoteContext.java:log(49)) - 6d197fbd-467e-45ff-9898-42ed1c21d5d8@group-707C7D8C1CB0-FOLLOWER: accept ELECTION from c8077c05-0c4c-4631-a89d-68bd8471aee8: our priority 0 <= candidate's priority 1
2024-04-29 10:04:51,463 [grpc-default-executor-2] INFO  server.RaftServer$Division (RaftServerImpl.java:setRole(383)) - 6d197fbd-467e-45ff-9898-42ed1c21d5d8@group-707C7D8C1CB0: changes role from  FOLLOWER to FOLLOWER at term 1 for candidate:c8077c05-0c4c-4631-a89d-68bd8471aee8
2024-04-29 10:04:51,463 [grpc-default-executor-2] INFO  impl.RoleInfo (RoleInfo.java:shutdownFollowerState(110)) - 6d197fbd-467e-45ff-9898-42ed1c21d5d8: shutdown 6d197fbd-467e-45ff-9898-42ed1c21d5d8@group-707C7D8C1CB0-FollowerState
2024-04-29 10:04:51,464 [grpc-default-executor-2] INFO  impl.RoleInfo (RoleInfo.java:updateAndGet(139)) - 6d197fbd-467e-45ff-9898-42ed1c21d5d8: start 6d197fbd-467e-45ff-9898-42ed1c21d5d8@group-707C7D8C1CB0-FollowerState
2024-04-29 10:04:51,464 [6d197fbd-467e-45ff-9898-42ed1c21d5d8@group-707C7D8C1CB0-FollowerState] INFO  impl.FollowerState (FollowerState.java:run(152)) - 6d197fbd-467e-45ff-9898-42ed1c21d5d8@group-707C7D8C1CB0-FollowerState was interrupted
2024-04-29 10:04:51,466 [grpc-default-executor-0] INFO  server.RaftServer$Division (RaftServerImpl.java:requestVote(1422)) - 524d5d09-8d9b-4f5c-81d9-49f5f89fd079@group-707C7D8C1CB0 replies to ELECTION vote request: c8077c05-0c4c-4631-a89d-68bd8471aee8<-524d5d09-8d9b-4f5c-81d9-49f5f89fd079#0:OK-t1. Peer's state: 524d5d09-8d9b-4f5c-81d9-49f5f89fd079@group-707C7D8C1CB0:t1, leader=null, voted=c8077c05-0c4c-4631-a89d-68bd8471aee8, raftlog=Memoized:524d5d09-8d9b-4f5c-81d9-49f5f89fd079@group-707C7D8C1CB0-SegmentedRaftLog:OPENED:c-1, conf=-1: peers:[c8077c05-0c4c-4631-a89d-68bd8471aee8|127.0.0.1:15112, 524d5d09-8d9b-4f5c-81d9-49f5f89fd079|127.0.0.1:15121, 6d197fbd-467e-45ff-9898-42ed1c21d5d8|127.0.0.1:15103]|listeners:[], old=null
2024-04-29 10:04:51,466 [grpc-default-executor-2] INFO  server.RaftServer$Division (RaftServerImpl.java:requestVote(1422)) - 6d197fbd-467e-45ff-9898-42ed1c21d5d8@group-707C7D8C1CB0 replies to ELECTION vote request: c8077c05-0c4c-4631-a89d-68bd8471aee8<-6d197fbd-467e-45ff-9898-42ed1c21d5d8#0:OK-t1. Peer's state: 6d197fbd-467e-45ff-9898-42ed1c21d5d8@group-707C7D8C1CB0:t1, leader=null, voted=c8077c05-0c4c-4631-a89d-68bd8471aee8, raftlog=Memoized:6d197fbd-467e-45ff-9898-42ed1c21d5d8@group-707C7D8C1CB0-SegmentedRaftLog:OPENED:c-1, conf=-1: peers:[c8077c05-0c4c-4631-a89d-68bd8471aee8|127.0.0.1:15112, 524d5d09-8d9b-4f5c-81d9-49f5f89fd079|127.0.0.1:15121, 6d197fbd-467e-45ff-9898-42ed1c21d5d8|127.0.0.1:15103]|listeners:[], old=null
2024-04-29 10:04:51,467 [c8077c05-0c4c-4631-a89d-68bd8471aee8@group-707C7D8C1CB0-LeaderElection22] INFO  impl.LeaderElection (LeaderElection.java:logAndReturn(89)) - c8077c05-0c4c-4631-a89d-68bd8471aee8@group-707C7D8C1CB0-LeaderElection22: ELECTION PASSED received 1 response(s) and 0 exception(s):
2024-04-29 10:04:51,467 [c8077c05-0c4c-4631-a89d-68bd8471aee8@group-707C7D8C1CB0-LeaderElection22] INFO  impl.LeaderElection (LeaderElection.java:logAndReturn(93)) -   Response 0: c8077c05-0c4c-4631-a89d-68bd8471aee8<-524d5d09-8d9b-4f5c-81d9-49f5f89fd079#0:OK-t1
2024-04-29 10:04:51,467 [c8077c05-0c4c-4631-a89d-68bd8471aee8@group-707C7D8C1CB0-LeaderElection22] INFO  impl.LeaderElection (LeaderElection.java:askForVotes(323)) - c8077c05-0c4c-4631-a89d-68bd8471aee8@group-707C7D8C1CB0-LeaderElection22 ELECTION round 0: result PASSED
2024-04-29 10:04:51,467 [c8077c05-0c4c-4631-a89d-68bd8471aee8@group-707C7D8C1CB0-LeaderElection22] INFO  impl.RoleInfo (RoleInfo.java:shutdownLeaderElection(130)) - c8077c05-0c4c-4631-a89d-68bd8471aee8: shutdown c8077c05-0c4c-4631-a89d-68bd8471aee8@group-707C7D8C1CB0-LeaderElection22
2024-04-29 10:04:51,467 [c8077c05-0c4c-4631-a89d-68bd8471aee8@group-707C7D8C1CB0-LeaderElection22] INFO  server.RaftServer$Division (RaftServerImpl.java:setRole(383)) - c8077c05-0c4c-4631-a89d-68bd8471aee8@group-707C7D8C1CB0: changes role from CANDIDATE to LEADER at term 1 for changeToLeader
2024-04-29 10:04:51,467 [c8077c05-0c4c-4631-a89d-68bd8471aee8@group-707C7D8C1CB0-LeaderElection22] INFO  server.RaftServerConfigKeys (ConfUtils.java:logGet(46)) - raft.server.staging.catchup.gap = 1000 (default)
2024-04-29 10:04:51,467 [c8077c05-0c4c-4631-a89d-68bd8471aee8@group-707C7D8C1CB0-LeaderElection22] INFO  server.RaftServerConfigKeys (ConfUtils.java:logGet(46)) - raft.server.write.element-limit = 1024 (custom)
2024-04-29 10:04:51,467 [c8077c05-0c4c-4631-a89d-68bd8471aee8@group-707C7D8C1CB0-LeaderElection22] INFO  server.RaftServerConfigKeys (ConfUtils.java:logGet(46)) - raft.server.write.byte-limit = 1024 M (=1073741824) (custom)
2024-04-29 10:04:51,468 [c8077c05-0c4c-4631-a89d-68bd8471aee8@group-707C7D8C1CB0-LeaderElection22] INFO  server.RaftServerConfigKeys (ConfUtils.java:logGet(46)) - raft.server.watch.timeout = 3000ms (custom)
2024-04-29 10:04:51,468 [c8077c05-0c4c-4631-a89d-68bd8471aee8@group-707C7D8C1CB0-LeaderElection22] INFO  server.RaftServerConfigKeys (ConfUtils.java:logGet(46)) - raft.server.watch.timeout.denomination = 1s (default)
2024-04-29 10:04:51,468 [c8077c05-0c4c-4631-a89d-68bd8471aee8@group-707C7D8C1CB0-LeaderElection22] INFO  server.RaftServerConfigKeys (ConfUtils.java:logGet(46)) - raft.server.watch.element-limit = 65536 (default)
2024-04-29 10:04:51,468 [c8077c05-0c4c-4631-a89d-68bd8471aee8@group-707C7D8C1CB0-LeaderElection22] INFO  server.RaftServerConfigKeys (ConfUtils.java:logGet(46)) - raft.server.read.leader.lease.enabled = false (default)
2024-04-29 10:04:51,468 [c8077c05-0c4c-4631-a89d-68bd8471aee8@group-707C7D8C1CB0-LeaderElection22] INFO  server.RaftServerConfigKeys (ConfUtils.java:logGet(46)) - raft.server.read.leader.lease.timeout.ratio = 0.9 (default)
2024-04-29 10:04:51,468 [c8077c05-0c4c-4631-a89d-68bd8471aee8@group-707C7D8C1CB0-LeaderElection22] INFO  server.RaftServerConfigKeys (ConfUtils.java:logGet(46)) - raft.server.rpc.timeout.min = 5s (custom)
2024-04-29 10:04:51,468 [c8077c05-0c4c-4631-a89d-68bd8471aee8@group-707C7D8C1CB0-LeaderElection22] INFO  server.RaftServerConfigKeys (ConfUtils.java:logGet(46)) - raft.server.write.element-limit = 1024 (custom)
2024-04-29 10:04:51,468 [c8077c05-0c4c-4631-a89d-68bd8471aee8@group-707C7D8C1CB0-LeaderElection22] INFO  server.RaftServerConfigKeys (ConfUtils.java:logGet(46)) - raft.server.write.follower.gap.ratio.max = -1.0 (default)
2024-04-29 10:04:51,469 [c8077c05-0c4c-4631-a89d-68bd8471aee8@group-707C7D8C1CB0-LeaderElection22] INFO  server.RaftServerConfigKeys (ConfUtils.java:logGet(46)) - raft.server.log.appender.snapshot.chunk.size.max = 16MB (=16777216) (default)
2024-04-29 10:04:51,469 [c8077c05-0c4c-4631-a89d-68bd8471aee8@group-707C7D8C1CB0-LeaderElection22] INFO  server.RaftServerConfigKeys (ConfUtils.java:logGet(46)) - raft.server.log.appender.buffer.byte-limit = 8388608 (custom)
2024-04-29 10:04:51,469 [c8077c05-0c4c-4631-a89d-68bd8471aee8@group-707C7D8C1CB0-LeaderElection22] INFO  server.RaftServerConfigKeys (ConfUtils.java:logGet(46)) - raft.server.log.appender.buffer.element-limit = 1 (custom)
2024-04-29 10:04:51,469 [c8077c05-0c4c-4631-a89d-68bd8471aee8@group-707C7D8C1CB0-LeaderElection22] INFO  server.RaftServerConfigKeys (ConfUtils.java:logGet(46)) - raft.server.log.appender.wait-time.min = 0ms (custom)
2024-04-29 10:04:51,469 [c8077c05-0c4c-4631-a89d-68bd8471aee8@group-707C7D8C1CB0-LeaderElection22] INFO  grpc.GrpcConfigKeys (ConfUtils.java:logGet(46)) - raft.grpc.server.leader.outstanding.appends.max = 8 (default)
2024-04-29 10:04:51,469 [c8077c05-0c4c-4631-a89d-68bd8471aee8@group-707C7D8C1CB0-LeaderElection22] INFO  server.RaftServerConfigKeys (ConfUtils.java:logGet(46)) - raft.server.rpc.request.timeout = 3000ms (default)
2024-04-29 10:04:51,469 [c8077c05-0c4c-4631-a89d-68bd8471aee8@group-707C7D8C1CB0-LeaderElection22] INFO  grpc.GrpcConfigKeys (ConfUtils.java:logGet(46)) - raft.grpc.server.install_snapshot.request.element-limit = 8 (default)
2024-04-29 10:04:51,469 [c8077c05-0c4c-4631-a89d-68bd8471aee8@group-707C7D8C1CB0-LeaderElection22] INFO  grpc.GrpcConfigKeys (ConfUtils.java:logGet(46)) - raft.grpc.server.install_snapshot.request.timeout = 3000ms (default)
2024-04-29 10:04:51,469 [c8077c05-0c4c-4631-a89d-68bd8471aee8@group-707C7D8C1CB0-LeaderElection22] INFO  grpc.GrpcConfigKeys (ConfUtils.java:logGet(46)) - raft.grpc.server.log-message.batch.duration = 5s (default)
2024-04-29 10:04:51,469 [c8077c05-0c4c-4631-a89d-68bd8471aee8@group-707C7D8C1CB0-LeaderElection22] INFO  server.RaftServerConfigKeys (ConfUtils.java:logGet(46)) - raft.server.log.appender.install.snapshot.enabled = false (custom)
2024-04-29 10:04:51,470 [c8077c05-0c4c-4631-a89d-68bd8471aee8@group-707C7D8C1CB0-LeaderElection22] INFO  grpc.GrpcConfigKeys (ConfUtils.java:logGet(46)) - raft.grpc.server.heartbeat.channel = true (default)
2024-04-29 10:04:51,470 [c8077c05-0c4c-4631-a89d-68bd8471aee8@group-707C7D8C1CB0-LeaderElection22] INFO  server.RaftServerConfigKeys (ConfUtils.java:logGet(46)) - raft.server.log.appender.snapshot.chunk.size.max = 16MB (=16777216) (default)
2024-04-29 10:04:51,471 [c8077c05-0c4c-4631-a89d-68bd8471aee8@group-707C7D8C1CB0-LeaderElection22] INFO  server.RaftServerConfigKeys (ConfUtils.java:logGet(46)) - raft.server.log.appender.buffer.byte-limit = 8388608 (custom)
2024-04-29 10:04:51,471 [c8077c05-0c4c-4631-a89d-68bd8471aee8@group-707C7D8C1CB0-LeaderElection22] INFO  server.RaftServerConfigKeys (ConfUtils.java:logGet(46)) - raft.server.log.appender.buffer.element-limit = 1 (custom)
2024-04-29 10:04:51,471 [c8077c05-0c4c-4631-a89d-68bd8471aee8@group-707C7D8C1CB0-LeaderElection22] INFO  server.RaftServerConfigKeys (ConfUtils.java:logGet(46)) - raft.server.log.appender.wait-time.min = 0ms (custom)
2024-04-29 10:04:51,471 [c8077c05-0c4c-4631-a89d-68bd8471aee8@group-707C7D8C1CB0-LeaderElection22] INFO  grpc.GrpcConfigKeys (ConfUtils.java:logGet(46)) - raft.grpc.server.leader.outstanding.appends.max = 8 (default)
2024-04-29 10:04:51,471 [c8077c05-0c4c-4631-a89d-68bd8471aee8@group-707C7D8C1CB0-LeaderElection22] INFO  server.RaftServerConfigKeys (ConfUtils.java:logGet(46)) - raft.server.rpc.request.timeout = 3000ms (default)
2024-04-29 10:04:51,471 [c8077c05-0c4c-4631-a89d-68bd8471aee8@group-707C7D8C1CB0-LeaderElection22] INFO  grpc.GrpcConfigKeys (ConfUtils.java:logGet(46)) - raft.grpc.server.install_snapshot.request.element-limit = 8 (default)
2024-04-29 10:04:51,471 [c8077c05-0c4c-4631-a89d-68bd8471aee8@group-707C7D8C1CB0-LeaderElection22] INFO  grpc.GrpcConfigKeys (ConfUtils.java:logGet(46)) - raft.grpc.server.install_snapshot.request.timeout = 3000ms (default)
2024-04-29 10:04:51,471 [c8077c05-0c4c-4631-a89d-68bd8471aee8@group-707C7D8C1CB0-LeaderElection22] INFO  grpc.GrpcConfigKeys (ConfUtils.java:logGet(46)) - raft.grpc.server.log-message.batch.duration = 5s (default)
2024-04-29 10:04:51,471 [c8077c05-0c4c-4631-a89d-68bd8471aee8@group-707C7D8C1CB0-LeaderElection22] INFO  server.RaftServerConfigKeys (ConfUtils.java:logGet(46)) - raft.server.log.appender.install.snapshot.enabled = false (custom)
2024-04-29 10:04:51,471 [c8077c05-0c4c-4631-a89d-68bd8471aee8@group-707C7D8C1CB0-LeaderElection22] INFO  grpc.GrpcConfigKeys (ConfUtils.java:logGet(46)) - raft.grpc.server.heartbeat.channel = true (default)
2024-04-29 10:04:51,472 [c8077c05-0c4c-4631-a89d-68bd8471aee8@group-707C7D8C1CB0-LeaderElection22] INFO  impl.RoleInfo (RoleInfo.java:updateAndGet(139)) - c8077c05-0c4c-4631-a89d-68bd8471aee8: start c8077c05-0c4c-4631-a89d-68bd8471aee8@group-707C7D8C1CB0-LeaderStateImpl
2024-04-29 10:04:51,472 [c8077c05-0c4c-4631-a89d-68bd8471aee8@group-707C7D8C1CB0-LeaderElection22] INFO  server.RaftServer$Division (RaftServerImpl.java:setFirstElection(574)) - c8077c05-0c4c-4631-a89d-68bd8471aee8@group-707C7D8C1CB0: set firstElectionSinceStartup to false for becomeLeader
2024-04-29 10:04:51,472 [c8077c05-0c4c-4631-a89d-68bd8471aee8@group-707C7D8C1CB0-LeaderElection22] INFO  ratis.XceiverServerRatis (XceiverServerRatis.java:handleLeaderChangedNotification(966)) - Leader change notification received for group: group-707C7D8C1CB0 with new leaderId: c8077c05-0c4c-4631-a89d-68bd8471aee8
2024-04-29 10:04:51,472 [c8077c05-0c4c-4631-a89d-68bd8471aee8@group-707C7D8C1CB0-LeaderElection22] INFO  server.RaftServer$Division (ServerState.java:setLeader(269)) - c8077c05-0c4c-4631-a89d-68bd8471aee8@group-707C7D8C1CB0: change Leader from null to c8077c05-0c4c-4631-a89d-68bd8471aee8 at term 1 for becomeLeader, leader elected after 5126ms
2024-04-29 10:04:51,472 [c8077c05-0c4c-4631-a89d-68bd8471aee8@group-707C7D8C1CB0-LeaderElection22] INFO  segmented.SegmentedRaftLogWorker (SegmentedRaftLogWorker.java:startLogSegment(430)) - c8077c05-0c4c-4631-a89d-68bd8471aee8@group-707C7D8C1CB0-SegmentedRaftLogWorker: Starting segment from index:0
2024-04-29 10:04:51,473 [c8077c05-0c4c-4631-a89d-68bd8471aee8@group-707C7D8C1CB0-SegmentedRaftLogWorker] INFO  segmented.BufferedWriteChannel (BufferedWriteChannel.java:open(62)) - open log_inprogress_0 at position 0
2024-04-29 10:04:51,474 [EventQueue-PipelineReportForPipelineReportHandler] INFO  pipeline.PipelineReportHandler (PipelineReportHandler.java:processPipelineReport(136)) - Opened pipeline PipelineID=3506122a-5bb7-4b44-8ee6-707c7d8c1cb0
2024-04-29 10:04:51,474 [EventQueue-OpenPipelineForHealthyPipelineSafeModeRule] INFO  safemode.SCMSafeModeManager (HealthyPipelineSafeModeRule.java:process(140)) - SCM in safe mode. Healthy pipelines reported count is 1, required healthy pipeline reported count is 1
2024-04-29 10:04:51,474 [EventQueue-OpenPipelineForHealthyPipelineSafeModeRule] INFO  safemode.SCMSafeModeManager (SCMSafeModeManager.java:validateSafeModeExitRules(203)) - HealthyPipelineSafeModeRule rule is successfully validated
2024-04-29 10:04:51,474 [EventQueue-OpenPipelineForHealthyPipelineSafeModeRule] INFO  safemode.SCMSafeModeManager (SCMSafeModeManager.java:validateSafeModeExitRules(218)) - ScmSafeModeManager, all rules are successfully validated
2024-04-29 10:04:51,474 [EventQueue-OpenPipelineForHealthyPipelineSafeModeRule] INFO  safemode.SCMSafeModeManager (SCMSafeModeManager.java:exitSafeMode(248)) - SCM exiting safe mode.
2024-04-29 10:04:51,474 [EventQueue-OpenPipelineForHealthyPipelineSafeModeRule] INFO  ha.SCMContext (SCMContext.java:updateSafeModeStatus(225)) - Update SafeModeStatus from SafeModeStatus{safeModeStatus=true, preCheckPassed=true} to SafeModeStatus{safeModeStatus=false, preCheckPassed=true}.
2024-04-29 10:04:51,474 [EventQueue-OpenPipelineForHealthyPipelineSafeModeRule] INFO  pipeline.BackgroundPipelineCreator (BackgroundPipelineCreator.java:notifyStatusChanged(258)) - Service BackgroundPipelineCreator transitions to RUNNING.
2024-04-29 10:04:51,474 [EventQueue-OpenPipelineForHealthyPipelineSafeModeRule] INFO  BackgroundPipelineScrubber (BackgroundSCMService.java:notifyStatusChanged(79)) - Service BackgroundPipelineScrubber transitions to RUNNING.
2024-04-29 10:04:51,474 [EventQueue-OpenPipelineForHealthyPipelineSafeModeRule] INFO  ExpiredContainerReplicaOpScrubber (BackgroundSCMService.java:notifyStatusChanged(79)) - Service ExpiredContainerReplicaOpScrubber transitions to RUNNING.
2024-04-29 10:04:51,474 [EventQueue-OpenPipelineForHealthyPipelineSafeModeRule] INFO  block.SCMBlockDeletingService (SCMBlockDeletingService.java:notifyStatusChanged(247)) - notifyStatusChanged:RUNNING
2024-04-29 10:04:51,474 [EventQueue-OpenPipelineForHealthyPipelineSafeModeRule] INFO  replication.ReplicationManager (ReplicationManager.java:notifyStatusChanged(1404)) - Service ReplicationManager transitions to RUNNING.
2024-04-29 10:04:51,474 [EventQueue-OpenPipelineForHealthyPipelineSafeModeRule] WARN  balancer.ContainerBalancer (ContainerBalancer.java:shouldRun(134)) - Could not find persisted configuration for ContainerBalancer when checking if ContainerBalancer should run. ContainerBalancer should not run now.
2024-04-29 10:04:51,476 [c8077c05-0c4c-4631-a89d-68bd8471aee8@group-707C7D8C1CB0-LeaderElection22] INFO  server.RaftServer$Division (ServerState.java:setRaftConf(386)) - c8077c05-0c4c-4631-a89d-68bd8471aee8@group-707C7D8C1CB0: set configuration 0: peers:[c8077c05-0c4c-4631-a89d-68bd8471aee8|127.0.0.1:15112, 524d5d09-8d9b-4f5c-81d9-49f5f89fd079|127.0.0.1:15121, 6d197fbd-467e-45ff-9898-42ed1c21d5d8|127.0.0.1:15103]|listeners:[], old=null
2024-04-29 10:04:51,480 [c8077c05-0c4c-4631-a89d-68bd8471aee8@group-707C7D8C1CB0-SegmentedRaftLogWorker] INFO  segmented.SegmentedRaftLogWorker (SegmentedRaftLogWorker.java:execute(634)) - c8077c05-0c4c-4631-a89d-68bd8471aee8@group-707C7D8C1CB0-SegmentedRaftLogWorker: created new log segment /home/runner/work/ozone/ozone/hadoop-ozone/integration-test/target/test-dir/MiniOzoneClusterImpl-b6e902a5-721a-459f-a115-5ddcd789b87e/ozone-meta/datanode-2/ratis/3506122a-5bb7-4b44-8ee6-707c7d8c1cb0/current/log_inprogress_0
2024-04-29 10:04:51,490 [524d5d09-8d9b-4f5c-81d9-49f5f89fd079-server-thread1] INFO  ratis.XceiverServerRatis (XceiverServerRatis.java:handleLeaderChangedNotification(966)) - Leader change notification received for group: group-707C7D8C1CB0 with new leaderId: c8077c05-0c4c-4631-a89d-68bd8471aee8
2024-04-29 10:04:51,490 [524d5d09-8d9b-4f5c-81d9-49f5f89fd079-server-thread1] INFO  server.RaftServer$Division (ServerState.java:setLeader(269)) - 524d5d09-8d9b-4f5c-81d9-49f5f89fd079@group-707C7D8C1CB0: change Leader from null to c8077c05-0c4c-4631-a89d-68bd8471aee8 at term 1 for appendEntries, leader elected after 5204ms
2024-04-29 10:04:51,491 [524d5d09-8d9b-4f5c-81d9-49f5f89fd079-server-thread2] INFO  server.RaftServer$Division (ServerState.java:setRaftConf(386)) - 524d5d09-8d9b-4f5c-81d9-49f5f89fd079@group-707C7D8C1CB0: set configuration 0: peers:[c8077c05-0c4c-4631-a89d-68bd8471aee8|127.0.0.1:15112, 524d5d09-8d9b-4f5c-81d9-49f5f89fd079|127.0.0.1:15121, 6d197fbd-467e-45ff-9898-42ed1c21d5d8|127.0.0.1:15103]|listeners:[], old=null
2024-04-29 10:04:51,491 [524d5d09-8d9b-4f5c-81d9-49f5f89fd079-server-thread2] INFO  segmented.SegmentedRaftLogWorker (SegmentedRaftLogWorker.java:startLogSegment(430)) - 524d5d09-8d9b-4f5c-81d9-49f5f89fd079@group-707C7D8C1CB0-SegmentedRaftLogWorker: Starting segment from index:0
2024-04-29 10:04:51,492 [524d5d09-8d9b-4f5c-81d9-49f5f89fd079@group-707C7D8C1CB0-SegmentedRaftLogWorker] INFO  segmented.BufferedWriteChannel (BufferedWriteChannel.java:open(62)) - open log_inprogress_0 at position 0
2024-04-29 10:04:51,494 [6d197fbd-467e-45ff-9898-42ed1c21d5d8-server-thread1] INFO  ratis.XceiverServerRatis (XceiverServerRatis.java:handleLeaderChangedNotification(966)) - Leader change notification received for group: group-707C7D8C1CB0 with new leaderId: c8077c05-0c4c-4631-a89d-68bd8471aee8
2024-04-29 10:04:51,494 [6d197fbd-467e-45ff-9898-42ed1c21d5d8-server-thread1] INFO  server.RaftServer$Division (ServerState.java:setLeader(269)) - 6d197fbd-467e-45ff-9898-42ed1c21d5d8@group-707C7D8C1CB0: change Leader from null to c8077c05-0c4c-4631-a89d-68bd8471aee8 at term 1 for appendEntries, leader elected after 5233ms
2024-04-29 10:04:51,494 [6d197fbd-467e-45ff-9898-42ed1c21d5d8-server-thread1] INFO  server.RaftServer$Division (ServerState.java:setRaftConf(386)) - 6d197fbd-467e-45ff-9898-42ed1c21d5d8@group-707C7D8C1CB0: set configuration 0: peers:[c8077c05-0c4c-4631-a89d-68bd8471aee8|127.0.0.1:15112, 524d5d09-8d9b-4f5c-81d9-49f5f89fd079|127.0.0.1:15121, 6d197fbd-467e-45ff-9898-42ed1c21d5d8|127.0.0.1:15103]|listeners:[], old=null
2024-04-29 10:04:51,494 [6d197fbd-467e-45ff-9898-42ed1c21d5d8-server-thread1] INFO  segmented.SegmentedRaftLogWorker (SegmentedRaftLogWorker.java:startLogSegment(430)) - 6d197fbd-467e-45ff-9898-42ed1c21d5d8@group-707C7D8C1CB0-SegmentedRaftLogWorker: Starting segment from index:0
2024-04-29 10:04:51,494 [6d197fbd-467e-45ff-9898-42ed1c21d5d8@group-707C7D8C1CB0-SegmentedRaftLogWorker] INFO  segmented.BufferedWriteChannel (BufferedWriteChannel.java:open(62)) - open log_inprogress_0 at position 0
2024-04-29 10:04:51,504 [524d5d09-8d9b-4f5c-81d9-49f5f89fd079@group-707C7D8C1CB0-SegmentedRaftLogWorker] INFO  segmented.SegmentedRaftLogWorker (SegmentedRaftLogWorker.java:execute(634)) - 524d5d09-8d9b-4f5c-81d9-49f5f89fd079@group-707C7D8C1CB0-SegmentedRaftLogWorker: created new log segment /home/runner/work/ozone/ozone/hadoop-ozone/integration-test/target/test-dir/MiniOzoneClusterImpl-b6e902a5-721a-459f-a115-5ddcd789b87e/ozone-meta/datanode-3/ratis/3506122a-5bb7-4b44-8ee6-707c7d8c1cb0/current/log_inprogress_0
2024-04-29 10:04:51,506 [6d197fbd-467e-45ff-9898-42ed1c21d5d8@group-707C7D8C1CB0-SegmentedRaftLogWorker] INFO  segmented.SegmentedRaftLogWorker (SegmentedRaftLogWorker.java:execute(634)) - 6d197fbd-467e-45ff-9898-42ed1c21d5d8@group-707C7D8C1CB0-SegmentedRaftLogWorker: created new log segment /home/runner/work/ozone/ozone/hadoop-ozone/integration-test/target/test-dir/MiniOzoneClusterImpl-b6e902a5-721a-459f-a115-5ddcd789b87e/ozone-meta/datanode-1/ratis/3506122a-5bb7-4b44-8ee6-707c7d8c1cb0/current/log_inprogress_0
2024-04-29 10:04:51,507 [c8077c05-0c4c-4631-a89d-68bd8471aee8@group-707C7D8C1CB0-StateMachineUpdater] INFO  server.RaftServer$Division (LeaderStateImpl.java:isApplied(320)) - leader is ready since appliedIndex == 0 >= startIndex == 0
2024-04-29 10:04:51,514 [c8077c05-0c4c-4631-a89d-68bd8471aee8@group-BC50B58969FA-FollowerState] INFO  impl.FollowerState (FollowerState.java:run(143)) - c8077c05-0c4c-4631-a89d-68bd8471aee8@group-BC50B58969FA-FollowerState: change to CANDIDATE, lastRpcElapsedTime:5172737111ns, electionTimeout:5172ms
2024-04-29 10:04:51,514 [c8077c05-0c4c-4631-a89d-68bd8471aee8@group-BC50B58969FA-FollowerState] INFO  impl.RoleInfo (RoleInfo.java:shutdownFollowerState(110)) - c8077c05-0c4c-4631-a89d-68bd8471aee8: shutdown c8077c05-0c4c-4631-a89d-68bd8471aee8@group-BC50B58969FA-FollowerState
2024-04-29 10:04:51,514 [c8077c05-0c4c-4631-a89d-68bd8471aee8@group-BC50B58969FA-FollowerState] INFO  server.RaftServer$Division (RaftServerImpl.java:setRole(383)) - c8077c05-0c4c-4631-a89d-68bd8471aee8@group-BC50B58969FA: changes role from  FOLLOWER to CANDIDATE at term 0 for changeToCandidate
2024-04-29 10:04:51,514 [c8077c05-0c4c-4631-a89d-68bd8471aee8@group-BC50B58969FA-FollowerState] INFO  server.RaftServerConfigKeys (ConfUtils.java:logGet(46)) - raft.server.leaderelection.pre-vote = true (default)
2024-04-29 10:04:51,514 [c8077c05-0c4c-4631-a89d-68bd8471aee8@group-BC50B58969FA-FollowerState] INFO  impl.RoleInfo (RoleInfo.java:updateAndGet(139)) - c8077c05-0c4c-4631-a89d-68bd8471aee8: start c8077c05-0c4c-4631-a89d-68bd8471aee8@group-BC50B58969FA-LeaderElection23
2024-04-29 10:04:51,515 [c8077c05-0c4c-4631-a89d-68bd8471aee8@group-BC50B58969FA-LeaderElection23] INFO  impl.LeaderElection (LeaderElection.java:askForVotes(321)) - c8077c05-0c4c-4631-a89d-68bd8471aee8@group-BC50B58969FA-LeaderElection23 PRE_VOTE round 0: submit vote requests at term 0 for -1: peers:[c8077c05-0c4c-4631-a89d-68bd8471aee8|127.0.0.1:15112]|listeners:[], old=null
2024-04-29 10:04:51,515 [c8077c05-0c4c-4631-a89d-68bd8471aee8@group-BC50B58969FA-LeaderElection23] INFO  impl.LeaderElection (LeaderElection.java:askForVotes(323)) - c8077c05-0c4c-4631-a89d-68bd8471aee8@group-BC50B58969FA-LeaderElection23 PRE_VOTE round 0: result PASSED (term=0)
2024-04-29 10:04:51,516 [c8077c05-0c4c-4631-a89d-68bd8471aee8@group-BC50B58969FA-LeaderElection23] INFO  impl.LeaderElection (LeaderElection.java:askForVotes(321)) - c8077c05-0c4c-4631-a89d-68bd8471aee8@group-BC50B58969FA-LeaderElection23 ELECTION round 0: submit vote requests at term 1 for -1: peers:[c8077c05-0c4c-4631-a89d-68bd8471aee8|127.0.0.1:15112]|listeners:[], old=null
2024-04-29 10:04:51,516 [c8077c05-0c4c-4631-a89d-68bd8471aee8@group-BC50B58969FA-LeaderElection23] INFO  impl.LeaderElection (LeaderElection.java:askForVotes(323)) - c8077c05-0c4c-4631-a89d-68bd8471aee8@group-BC50B58969FA-LeaderElection23 ELECTION round 0: result PASSED (term=1)
2024-04-29 10:04:51,516 [c8077c05-0c4c-4631-a89d-68bd8471aee8@group-BC50B58969FA-LeaderElection23] INFO  impl.RoleInfo (RoleInfo.java:shutdownLeaderElection(130)) - c8077c05-0c4c-4631-a89d-68bd8471aee8: shutdown c8077c05-0c4c-4631-a89d-68bd8471aee8@group-BC50B58969FA-LeaderElection23
2024-04-29 10:04:51,516 [c8077c05-0c4c-4631-a89d-68bd8471aee8@group-BC50B58969FA-LeaderElection23] INFO  server.RaftServer$Division (RaftServerImpl.java:setRole(383)) - c8077c05-0c4c-4631-a89d-68bd8471aee8@group-BC50B58969FA: changes role from CANDIDATE to LEADER at term 1 for changeToLeader
2024-04-29 10:04:51,516 [c8077c05-0c4c-4631-a89d-68bd8471aee8@group-BC50B58969FA-LeaderElection23] INFO  server.RaftServerConfigKeys (ConfUtils.java:logGet(46)) - raft.server.staging.catchup.gap = 1000 (default)
2024-04-29 10:04:51,517 [c8077c05-0c4c-4631-a89d-68bd8471aee8@group-BC50B58969FA-LeaderElection23] INFO  server.RaftServerConfigKeys (ConfUtils.java:logGet(46)) - raft.server.write.element-limit = 1024 (custom)
2024-04-29 10:04:51,517 [c8077c05-0c4c-4631-a89d-68bd8471aee8@group-BC50B58969FA-LeaderElection23] INFO  server.RaftServerConfigKeys (ConfUtils.java:logGet(46)) - raft.server.write.byte-limit = 1024 M (=1073741824) (custom)
2024-04-29 10:04:51,517 [c8077c05-0c4c-4631-a89d-68bd8471aee8@group-BC50B58969FA-LeaderElection23] INFO  server.RaftServerConfigKeys (ConfUtils.java:logGet(46)) - raft.server.watch.timeout = 3000ms (custom)
2024-04-29 10:04:51,517 [c8077c05-0c4c-4631-a89d-68bd8471aee8@group-BC50B58969FA-LeaderElection23] INFO  server.RaftServerConfigKeys (ConfUtils.java:logGet(46)) - raft.server.watch.timeout.denomination = 1s (default)
2024-04-29 10:04:51,517 [c8077c05-0c4c-4631-a89d-68bd8471aee8@group-BC50B58969FA-LeaderElection23] INFO  server.RaftServerConfigKeys (ConfUtils.java:logGet(46)) - raft.server.watch.element-limit = 65536 (default)
2024-04-29 10:04:51,517 [c8077c05-0c4c-4631-a89d-68bd8471aee8@group-BC50B58969FA-LeaderElection23] INFO  server.RaftServerConfigKeys (ConfUtils.java:logGet(46)) - raft.server.read.leader.lease.enabled = false (default)
2024-04-29 10:04:51,517 [c8077c05-0c4c-4631-a89d-68bd8471aee8@group-BC50B58969FA-LeaderElection23] INFO  server.RaftServerConfigKeys (ConfUtils.java:logGet(46)) - raft.server.read.leader.lease.timeout.ratio = 0.9 (default)
2024-04-29 10:04:51,517 [c8077c05-0c4c-4631-a89d-68bd8471aee8@group-BC50B58969FA-LeaderElection23] INFO  server.RaftServerConfigKeys (ConfUtils.java:logGet(46)) - raft.server.rpc.timeout.min = 5s (custom)
2024-04-29 10:04:51,517 [c8077c05-0c4c-4631-a89d-68bd8471aee8@group-BC50B58969FA-LeaderElection23] INFO  server.RaftServerConfigKeys (ConfUtils.java:logGet(46)) - raft.server.write.element-limit = 1024 (custom)
2024-04-29 10:04:51,517 [c8077c05-0c4c-4631-a89d-68bd8471aee8@group-BC50B58969FA-LeaderElection23] INFO  server.RaftServerConfigKeys (ConfUtils.java:logGet(46)) - raft.server.write.follower.gap.ratio.max = -1.0 (default)
2024-04-29 10:04:51,517 [c8077c05-0c4c-4631-a89d-68bd8471aee8@group-BC50B58969FA-LeaderElection23] INFO  impl.RoleInfo (RoleInfo.java:updateAndGet(139)) - c8077c05-0c4c-4631-a89d-68bd8471aee8: start c8077c05-0c4c-4631-a89d-68bd8471aee8@group-BC50B58969FA-LeaderStateImpl
2024-04-29 10:04:51,518 [c8077c05-0c4c-4631-a89d-68bd8471aee8@group-BC50B58969FA-LeaderElection23] INFO  server.RaftServer$Division (RaftServerImpl.java:setFirstElection(574)) - c8077c05-0c4c-4631-a89d-68bd8471aee8@group-BC50B58969FA: set firstElectionSinceStartup to false for becomeLeader
2024-04-29 10:04:51,518 [c8077c05-0c4c-4631-a89d-68bd8471aee8@group-BC50B58969FA-LeaderElection23] INFO  ratis.XceiverServerRatis (XceiverServerRatis.java:handleLeaderChangedNotification(966)) - Leader change notification received for group: group-BC50B58969FA with new leaderId: c8077c05-0c4c-4631-a89d-68bd8471aee8
2024-04-29 10:04:51,518 [c8077c05-0c4c-4631-a89d-68bd8471aee8@group-BC50B58969FA-LeaderElection23] INFO  server.RaftServer$Division (ServerState.java:setLeader(269)) - c8077c05-0c4c-4631-a89d-68bd8471aee8@group-BC50B58969FA: change Leader from null to c8077c05-0c4c-4631-a89d-68bd8471aee8 at term 1 for becomeLeader, leader elected after 5198ms
2024-04-29 10:04:51,518 [c8077c05-0c4c-4631-a89d-68bd8471aee8@group-BC50B58969FA-LeaderElection23] INFO  segmented.SegmentedRaftLogWorker (SegmentedRaftLogWorker.java:startLogSegment(430)) - c8077c05-0c4c-4631-a89d-68bd8471aee8@group-BC50B58969FA-SegmentedRaftLogWorker: Starting segment from index:0
2024-04-29 10:04:51,518 [c8077c05-0c4c-4631-a89d-68bd8471aee8@group-BC50B58969FA-SegmentedRaftLogWorker] INFO  segmented.BufferedWriteChannel (BufferedWriteChannel.java:open(62)) - open log_inprogress_0 at position 0
2024-04-29 10:04:51,521 [c8077c05-0c4c-4631-a89d-68bd8471aee8@group-BC50B58969FA-LeaderElection23] INFO  server.RaftServer$Division (ServerState.java:setRaftConf(386)) - c8077c05-0c4c-4631-a89d-68bd8471aee8@group-BC50B58969FA: set configuration 0: peers:[c8077c05-0c4c-4631-a89d-68bd8471aee8|127.0.0.1:15112]|listeners:[], old=null
2024-04-29 10:04:51,526 [c8077c05-0c4c-4631-a89d-68bd8471aee8@group-BC50B58969FA-SegmentedRaftLogWorker] INFO  segmented.SegmentedRaftLogWorker (SegmentedRaftLogWorker.java:execute(634)) - c8077c05-0c4c-4631-a89d-68bd8471aee8@group-BC50B58969FA-SegmentedRaftLogWorker: created new log segment /home/runner/work/ozone/ozone/hadoop-ozone/integration-test/target/test-dir/MiniOzoneClusterImpl-b6e902a5-721a-459f-a115-5ddcd789b87e/ozone-meta/datanode-2/ratis/3f79df81-a6ad-4f20-975c-bc50b58969fa/current/log_inprogress_0
2024-04-29 10:04:51,528 [c8077c05-0c4c-4631-a89d-68bd8471aee8@group-BC50B58969FA-StateMachineUpdater] INFO  server.RaftServer$Division (LeaderStateImpl.java:isApplied(320)) - leader is ready since appliedIndex == 0 >= startIndex == 0
2024-04-29 10:04:51,564 [524d5d09-8d9b-4f5c-81d9-49f5f89fd079@group-8DDF3E719ADC-FollowerState] INFO  impl.FollowerState (FollowerState.java:run(143)) - 524d5d09-8d9b-4f5c-81d9-49f5f89fd079@group-8DDF3E719ADC-FollowerState: change to CANDIDATE, lastRpcElapsedTime:5146236581ns, electionTimeout:5145ms
2024-04-29 10:04:51,564 [524d5d09-8d9b-4f5c-81d9-49f5f89fd079@group-8DDF3E719ADC-FollowerState] INFO  impl.RoleInfo (RoleInfo.java:shutdownFollowerState(110)) - 524d5d09-8d9b-4f5c-81d9-49f5f89fd079: shutdown 524d5d09-8d9b-4f5c-81d9-49f5f89fd079@group-8DDF3E719ADC-FollowerState
2024-04-29 10:04:51,564 [524d5d09-8d9b-4f5c-81d9-49f5f89fd079@group-8DDF3E719ADC-FollowerState] INFO  server.RaftServer$Division (RaftServerImpl.java:setRole(383)) - 524d5d09-8d9b-4f5c-81d9-49f5f89fd079@group-8DDF3E719ADC: changes role from  FOLLOWER to CANDIDATE at term 0 for changeToCandidate
2024-04-29 10:04:51,564 [524d5d09-8d9b-4f5c-81d9-49f5f89fd079@group-8DDF3E719ADC-FollowerState] INFO  server.RaftServerConfigKeys (ConfUtils.java:logGet(46)) - raft.server.leaderelection.pre-vote = true (default)
2024-04-29 10:04:51,564 [524d5d09-8d9b-4f5c-81d9-49f5f89fd079@group-8DDF3E719ADC-FollowerState] INFO  impl.RoleInfo (RoleInfo.java:updateAndGet(139)) - 524d5d09-8d9b-4f5c-81d9-49f5f89fd079: start 524d5d09-8d9b-4f5c-81d9-49f5f89fd079@group-8DDF3E719ADC-LeaderElection24
2024-04-29 10:04:51,564 [524d5d09-8d9b-4f5c-81d9-49f5f89fd079@group-8DDF3E719ADC-LeaderElection24] INFO  impl.LeaderElection (LeaderElection.java:askForVotes(321)) - 524d5d09-8d9b-4f5c-81d9-49f5f89fd079@group-8DDF3E719ADC-LeaderElection24 PRE_VOTE round 0: submit vote requests at term 0 for -1: peers:[524d5d09-8d9b-4f5c-81d9-49f5f89fd079|127.0.0.1:15121]|listeners:[], old=null
2024-04-29 10:04:51,565 [524d5d09-8d9b-4f5c-81d9-49f5f89fd079@group-8DDF3E719ADC-LeaderElection24] INFO  impl.LeaderElection (LeaderElection.java:askForVotes(323)) - 524d5d09-8d9b-4f5c-81d9-49f5f89fd079@group-8DDF3E719ADC-LeaderElection24 PRE_VOTE round 0: result PASSED (term=0)
2024-04-29 10:04:51,566 [524d5d09-8d9b-4f5c-81d9-49f5f89fd079@group-8DDF3E719ADC-LeaderElection24] INFO  impl.LeaderElection (LeaderElection.java:askForVotes(321)) - 524d5d09-8d9b-4f5c-81d9-49f5f89fd079@group-8DDF3E719ADC-LeaderElection24 ELECTION round 0: submit vote requests at term 1 for -1: peers:[524d5d09-8d9b-4f5c-81d9-49f5f89fd079|127.0.0.1:15121]|listeners:[], old=null
2024-04-29 10:04:51,566 [524d5d09-8d9b-4f5c-81d9-49f5f89fd079@group-8DDF3E719ADC-LeaderElection24] INFO  impl.LeaderElection (LeaderElection.java:askForVotes(323)) - 524d5d09-8d9b-4f5c-81d9-49f5f89fd079@group-8DDF3E719ADC-LeaderElection24 ELECTION round 0: result PASSED (term=1)
2024-04-29 10:04:51,566 [524d5d09-8d9b-4f5c-81d9-49f5f89fd079@group-8DDF3E719ADC-LeaderElection24] INFO  impl.RoleInfo (RoleInfo.java:shutdownLeaderElection(130)) - 524d5d09-8d9b-4f5c-81d9-49f5f89fd079: shutdown 524d5d09-8d9b-4f5c-81d9-49f5f89fd079@group-8DDF3E719ADC-LeaderElection24
2024-04-29 10:04:51,566 [524d5d09-8d9b-4f5c-81d9-49f5f89fd079@group-8DDF3E719ADC-LeaderElection24] INFO  server.RaftServer$Division (RaftServerImpl.java:setRole(383)) - 524d5d09-8d9b-4f5c-81d9-49f5f89fd079@group-8DDF3E719ADC: changes role from CANDIDATE to LEADER at term 1 for changeToLeader
2024-04-29 10:04:51,566 [524d5d09-8d9b-4f5c-81d9-49f5f89fd079@group-8DDF3E719ADC-LeaderElection24] INFO  server.RaftServerConfigKeys (ConfUtils.java:logGet(46)) - raft.server.staging.catchup.gap = 1000 (default)
2024-04-29 10:04:51,566 [524d5d09-8d9b-4f5c-81d9-49f5f89fd079@group-8DDF3E719ADC-LeaderElection24] INFO  server.RaftServerConfigKeys (ConfUtils.java:logGet(46)) - raft.server.write.element-limit = 1024 (custom)
2024-04-29 10:04:51,566 [524d5d09-8d9b-4f5c-81d9-49f5f89fd079@group-8DDF3E719ADC-LeaderElection24] INFO  server.RaftServerConfigKeys (ConfUtils.java:logGet(46)) - raft.server.write.byte-limit = 1024 M (=1073741824) (custom)
2024-04-29 10:04:51,566 [524d5d09-8d9b-4f5c-81d9-49f5f89fd079@group-8DDF3E719ADC-LeaderElection24] INFO  server.RaftServerConfigKeys (ConfUtils.java:logGet(46)) - raft.server.watch.timeout = 3000ms (custom)
2024-04-29 10:04:51,566 [524d5d09-8d9b-4f5c-81d9-49f5f89fd079@group-8DDF3E719ADC-LeaderElection24] INFO  server.RaftServerConfigKeys (ConfUtils.java:logGet(46)) - raft.server.watch.timeout.denomination = 1s (default)
2024-04-29 10:04:51,566 [524d5d09-8d9b-4f5c-81d9-49f5f89fd079@group-8DDF3E719ADC-LeaderElection24] INFO  server.RaftServerConfigKeys (ConfUtils.java:logGet(46)) - raft.server.watch.element-limit = 65536 (default)
2024-04-29 10:04:51,567 [524d5d09-8d9b-4f5c-81d9-49f5f89fd079@group-8DDF3E719ADC-LeaderElection24] INFO  server.RaftServerConfigKeys (ConfUtils.java:logGet(46)) - raft.server.read.leader.lease.enabled = false (default)
2024-04-29 10:04:51,567 [524d5d09-8d9b-4f5c-81d9-49f5f89fd079@group-8DDF3E719ADC-LeaderElection24] INFO  server.RaftServerConfigKeys (ConfUtils.java:logGet(46)) - raft.server.read.leader.lease.timeout.ratio = 0.9 (default)
2024-04-29 10:04:51,567 [524d5d09-8d9b-4f5c-81d9-49f5f89fd079@group-8DDF3E719ADC-LeaderElection24] INFO  server.RaftServerConfigKeys (ConfUtils.java:logGet(46)) - raft.server.rpc.timeout.min = 5s (custom)
2024-04-29 10:04:51,567 [524d5d09-8d9b-4f5c-81d9-49f5f89fd079@group-8DDF3E719ADC-LeaderElection24] INFO  server.RaftServerConfigKeys (ConfUtils.java:logGet(46)) - raft.server.write.element-limit = 1024 (custom)
2024-04-29 10:04:51,567 [524d5d09-8d9b-4f5c-81d9-49f5f89fd079@group-8DDF3E719ADC-LeaderElection24] INFO  server.RaftServerConfigKeys (ConfUtils.java:logGet(46)) - raft.server.write.follower.gap.ratio.max = -1.0 (default)
2024-04-29 10:04:51,567 [524d5d09-8d9b-4f5c-81d9-49f5f89fd079@group-8DDF3E719ADC-LeaderElection24] INFO  impl.RoleInfo (RoleInfo.java:updateAndGet(139)) - 524d5d09-8d9b-4f5c-81d9-49f5f89fd079: start 524d5d09-8d9b-4f5c-81d9-49f5f89fd079@group-8DDF3E719ADC-LeaderStateImpl
2024-04-29 10:04:51,567 [524d5d09-8d9b-4f5c-81d9-49f5f89fd079@group-8DDF3E719ADC-LeaderElection24] INFO  server.RaftServer$Division (RaftServerImpl.java:setFirstElection(574)) - 524d5d09-8d9b-4f5c-81d9-49f5f89fd079@group-8DDF3E719ADC: set firstElectionSinceStartup to false for becomeLeader
2024-04-29 10:04:51,567 [524d5d09-8d9b-4f5c-81d9-49f5f89fd079@group-8DDF3E719ADC-LeaderElection24] INFO  ratis.XceiverServerRatis (XceiverServerRatis.java:handleLeaderChangedNotification(966)) - Leader change notification received for group: group-8DDF3E719ADC with new leaderId: 524d5d09-8d9b-4f5c-81d9-49f5f89fd079
2024-04-29 10:04:51,567 [524d5d09-8d9b-4f5c-81d9-49f5f89fd079@group-8DDF3E719ADC-LeaderElection24] INFO  server.RaftServer$Division (ServerState.java:setLeader(269)) - 524d5d09-8d9b-4f5c-81d9-49f5f89fd079@group-8DDF3E719ADC: change Leader from null to 524d5d09-8d9b-4f5c-81d9-49f5f89fd079 at term 1 for becomeLeader, leader elected after 5159ms
2024-04-29 10:04:51,567 [524d5d09-8d9b-4f5c-81d9-49f5f89fd079@group-8DDF3E719ADC-LeaderElection24] INFO  segmented.SegmentedRaftLogWorker (SegmentedRaftLogWorker.java:startLogSegment(430)) - 524d5d09-8d9b-4f5c-81d9-49f5f89fd079@group-8DDF3E719ADC-SegmentedRaftLogWorker: Starting segment from index:0
2024-04-29 10:04:51,567 [524d5d09-8d9b-4f5c-81d9-49f5f89fd079@group-8DDF3E719ADC-LeaderElection24] INFO  server.RaftServer$Division (ServerState.java:setRaftConf(386)) - 524d5d09-8d9b-4f5c-81d9-49f5f89fd079@group-8DDF3E719ADC: set configuration 0: peers:[524d5d09-8d9b-4f5c-81d9-49f5f89fd079|127.0.0.1:15121]|listeners:[], old=null
2024-04-29 10:04:51,567 [524d5d09-8d9b-4f5c-81d9-49f5f89fd079@group-8DDF3E719ADC-SegmentedRaftLogWorker] INFO  segmented.BufferedWriteChannel (BufferedWriteChannel.java:open(62)) - open log_inprogress_0 at position 0
2024-04-29 10:04:51,573 [2fa79b0d-8934-45bf-9a4b-7d27b0482fa8@group-E2D529BDD975-FollowerState] INFO  impl.FollowerState (FollowerState.java:run(143)) - 2fa79b0d-8934-45bf-9a4b-7d27b0482fa8@group-E2D529BDD975-FollowerState: change to CANDIDATE, lastRpcElapsedTime:5041093354ns, electionTimeout:5039ms
2024-04-29 10:04:51,573 [2fa79b0d-8934-45bf-9a4b-7d27b0482fa8@group-E2D529BDD975-FollowerState] INFO  impl.RoleInfo (RoleInfo.java:shutdownFollowerState(110)) - 2fa79b0d-8934-45bf-9a4b-7d27b0482fa8: shutdown 2fa79b0d-8934-45bf-9a4b-7d27b0482fa8@group-E2D529BDD975-FollowerState
2024-04-29 10:04:51,574 [2fa79b0d-8934-45bf-9a4b-7d27b0482fa8@group-E2D529BDD975-FollowerState] INFO  server.RaftServer$Division (RaftServerImpl.java:setRole(383)) - 2fa79b0d-8934-45bf-9a4b-7d27b0482fa8@group-E2D529BDD975: changes role from  FOLLOWER to CANDIDATE at term 0 for changeToCandidate
2024-04-29 10:04:51,574 [2fa79b0d-8934-45bf-9a4b-7d27b0482fa8@group-E2D529BDD975-FollowerState] INFO  server.RaftServerConfigKeys (ConfUtils.java:logGet(46)) - raft.server.leaderelection.pre-vote = true (default)
2024-04-29 10:04:51,574 [2fa79b0d-8934-45bf-9a4b-7d27b0482fa8@group-E2D529BDD975-FollowerState] INFO  impl.RoleInfo (RoleInfo.java:updateAndGet(139)) - 2fa79b0d-8934-45bf-9a4b-7d27b0482fa8: start 2fa79b0d-8934-45bf-9a4b-7d27b0482fa8@group-E2D529BDD975-LeaderElection25
2024-04-29 10:04:51,574 [2fa79b0d-8934-45bf-9a4b-7d27b0482fa8@group-E2D529BDD975-LeaderElection25] INFO  impl.LeaderElection (LeaderElection.java:askForVotes(321)) - 2fa79b0d-8934-45bf-9a4b-7d27b0482fa8@group-E2D529BDD975-LeaderElection25 PRE_VOTE round 0: submit vote requests at term 0 for -1: peers:[5831c0ab-0161-4108-a889-4f6b2f65c3d1|127.0.0.1:15130, 2fa79b0d-8934-45bf-9a4b-7d27b0482fa8|127.0.0.1:15148, 284a56ca-5c0a-4af3-8d75-aa8a7435325f|127.0.0.1:15139]|listeners:[], old=null
2024-04-29 10:04:51,574 [2fa79b0d-8934-45bf-9a4b-7d27b0482fa8@group-E2D529BDD975-LeaderElection25] INFO  server.RaftServerConfigKeys (ConfUtils.java:logFallback(53)) - raft.server.rpc.first-election.timeout.min = 5s (fallback to raft.server.rpc.timeout.min)
2024-04-29 10:04:51,574 [2fa79b0d-8934-45bf-9a4b-7d27b0482fa8@group-E2D529BDD975-LeaderElection25] INFO  server.RaftServerConfigKeys (ConfUtils.java:logFallback(53)) - raft.server.rpc.first-election.timeout.max = 5200ms (fallback to raft.server.rpc.timeout.max)
2024-04-29 10:04:51,575 [2fa79b0d-8934-45bf-9a4b-7d27b0482fa8@group-E2D529BDD975-LeaderElection25-2] INFO  server.GrpcServerProtocolClient (GrpcServerProtocolClient.java:<init>(65)) - Build channel for 284a56ca-5c0a-4af3-8d75-aa8a7435325f|127.0.0.1:15139
2024-04-29 10:04:51,575 [2fa79b0d-8934-45bf-9a4b-7d27b0482fa8@group-E2D529BDD975-LeaderElection25-1] INFO  server.GrpcServerProtocolClient (GrpcServerProtocolClient.java:<init>(65)) - Build channel for 5831c0ab-0161-4108-a889-4f6b2f65c3d1|127.0.0.1:15130
2024-04-29 10:04:51,575 [524d5d09-8d9b-4f5c-81d9-49f5f89fd079@group-8DDF3E719ADC-SegmentedRaftLogWorker] INFO  segmented.SegmentedRaftLogWorker (SegmentedRaftLogWorker.java:execute(634)) - 524d5d09-8d9b-4f5c-81d9-49f5f89fd079@group-8DDF3E719ADC-SegmentedRaftLogWorker: created new log segment /home/runner/work/ozone/ozone/hadoop-ozone/integration-test/target/test-dir/MiniOzoneClusterImpl-b6e902a5-721a-459f-a115-5ddcd789b87e/ozone-meta/datanode-3/ratis/f2b8199d-b2d0-4350-bcf0-8ddf3e719adc/current/log_inprogress_0
2024-04-29 10:04:51,577 [524d5d09-8d9b-4f5c-81d9-49f5f89fd079@group-8DDF3E719ADC-StateMachineUpdater] INFO  server.RaftServer$Division (LeaderStateImpl.java:isApplied(320)) - leader is ready since appliedIndex == 0 >= startIndex == 0
2024-04-29 10:04:51,580 [grpc-default-executor-3] INFO  server.RaftServer$Division (RaftServerImpl.java:requestVote(1389)) - 5831c0ab-0161-4108-a889-4f6b2f65c3d1@group-E2D529BDD975: receive requestVote(PRE_VOTE, 2fa79b0d-8934-45bf-9a4b-7d27b0482fa8, group-E2D529BDD975, 0, (t:0, i:0))
2024-04-29 10:04:51,580 [grpc-default-executor-3] INFO  impl.VoteContext (VoteContext.java:log(49)) - 5831c0ab-0161-4108-a889-4f6b2f65c3d1@group-E2D529BDD975-FOLLOWER: reject PRE_VOTE from 2fa79b0d-8934-45bf-9a4b-7d27b0482fa8: our priority 1 > candidate's priority 0
2024-04-29 10:04:51,581 [grpc-default-executor-3] INFO  server.RaftServer$Division (RaftServerImpl.java:requestVote(1422)) - 5831c0ab-0161-4108-a889-4f6b2f65c3d1@group-E2D529BDD975 replies to PRE_VOTE vote request: 2fa79b0d-8934-45bf-9a4b-7d27b0482fa8<-5831c0ab-0161-4108-a889-4f6b2f65c3d1#0:FAIL-t0. Peer's state: 5831c0ab-0161-4108-a889-4f6b2f65c3d1@group-E2D529BDD975:t0, leader=null, voted=, raftlog=Memoized:5831c0ab-0161-4108-a889-4f6b2f65c3d1@group-E2D529BDD975-SegmentedRaftLog:OPENED:c-1, conf=-1: peers:[5831c0ab-0161-4108-a889-4f6b2f65c3d1|127.0.0.1:15130, 2fa79b0d-8934-45bf-9a4b-7d27b0482fa8|127.0.0.1:15148, 284a56ca-5c0a-4af3-8d75-aa8a7435325f|127.0.0.1:15139]|listeners:[], old=null
2024-04-29 10:04:51,581 [grpc-default-executor-3] INFO  server.RaftServer$Division (RaftServerImpl.java:requestVote(1389)) - 284a56ca-5c0a-4af3-8d75-aa8a7435325f@group-E2D529BDD975: receive requestVote(PRE_VOTE, 2fa79b0d-8934-45bf-9a4b-7d27b0482fa8, group-E2D529BDD975, 0, (t:0, i:0))
2024-04-29 10:04:51,581 [grpc-default-executor-3] INFO  impl.VoteContext (VoteContext.java:log(49)) - 284a56ca-5c0a-4af3-8d75-aa8a7435325f@group-E2D529BDD975-FOLLOWER: accept PRE_VOTE from 2fa79b0d-8934-45bf-9a4b-7d27b0482fa8: our priority 0 <= candidate's priority 0
2024-04-29 10:04:51,581 [grpc-default-executor-3] INFO  server.RaftServer$Division (RaftServerImpl.java:requestVote(1422)) - 284a56ca-5c0a-4af3-8d75-aa8a7435325f@group-E2D529BDD975 replies to PRE_VOTE vote request: 2fa79b0d-8934-45bf-9a4b-7d27b0482fa8<-284a56ca-5c0a-4af3-8d75-aa8a7435325f#0:OK-t0. Peer's state: 284a56ca-5c0a-4af3-8d75-aa8a7435325f@group-E2D529BDD975:t0, leader=null, voted=, raftlog=Memoized:284a56ca-5c0a-4af3-8d75-aa8a7435325f@group-E2D529BDD975-SegmentedRaftLog:OPENED:c-1, conf=-1: peers:[5831c0ab-0161-4108-a889-4f6b2f65c3d1|127.0.0.1:15130, 2fa79b0d-8934-45bf-9a4b-7d27b0482fa8|127.0.0.1:15148, 284a56ca-5c0a-4af3-8d75-aa8a7435325f|127.0.0.1:15139]|listeners:[], old=null
2024-04-29 10:04:51,582 [2fa79b0d-8934-45bf-9a4b-7d27b0482fa8@group-E2D529BDD975-LeaderElection25] INFO  impl.LeaderElection (LeaderElection.java:logAndReturn(89)) - 2fa79b0d-8934-45bf-9a4b-7d27b0482fa8@group-E2D529BDD975-LeaderElection25: PRE_VOTE REJECTED received 1 response(s) and 0 exception(s):
2024-04-29 10:04:51,582 [2fa79b0d-8934-45bf-9a4b-7d27b0482fa8@group-E2D529BDD975-LeaderElection25] INFO  impl.LeaderElection (LeaderElection.java:logAndReturn(93)) -   Response 0: 2fa79b0d-8934-45bf-9a4b-7d27b0482fa8<-5831c0ab-0161-4108-a889-4f6b2f65c3d1#0:FAIL-t0
2024-04-29 10:04:51,583 [2fa79b0d-8934-45bf-9a4b-7d27b0482fa8@group-E2D529BDD975-LeaderElection25] INFO  impl.LeaderElection (LeaderElection.java:askForVotes(323)) - 2fa79b0d-8934-45bf-9a4b-7d27b0482fa8@group-E2D529BDD975-LeaderElection25 PRE_VOTE round 0: result REJECTED
2024-04-29 10:04:51,583 [2fa79b0d-8934-45bf-9a4b-7d27b0482fa8@group-E2D529BDD975-LeaderElection25] INFO  server.RaftServer$Division (RaftServerImpl.java:setRole(383)) - 2fa79b0d-8934-45bf-9a4b-7d27b0482fa8@group-E2D529BDD975: changes role from CANDIDATE to FOLLOWER at term 0 for REJECTED
2024-04-29 10:04:51,583 [2fa79b0d-8934-45bf-9a4b-7d27b0482fa8@group-E2D529BDD975-LeaderElection25] INFO  impl.RoleInfo (RoleInfo.java:shutdownLeaderElection(130)) - 2fa79b0d-8934-45bf-9a4b-7d27b0482fa8: shutdown 2fa79b0d-8934-45bf-9a4b-7d27b0482fa8@group-E2D529BDD975-LeaderElection25
2024-04-29 10:04:51,583 [2fa79b0d-8934-45bf-9a4b-7d27b0482fa8@group-E2D529BDD975-LeaderElection25] INFO  impl.RoleInfo (RoleInfo.java:updateAndGet(139)) - 2fa79b0d-8934-45bf-9a4b-7d27b0482fa8: start 2fa79b0d-8934-45bf-9a4b-7d27b0482fa8@group-E2D529BDD975-FollowerState
2024-04-29 10:04:51,589 [2fa79b0d-8934-45bf-9a4b-7d27b0482fa8@group-E2D529BDD975-LeaderElection25] INFO  server.RaftServer$Division (RaftServerImpl.java:setFirstElection(574)) - 2fa79b0d-8934-45bf-9a4b-7d27b0482fa8@group-E2D529BDD975: set firstElectionSinceStartup to false for REJECTED
2024-04-29 10:04:51,594 [284a56ca-5c0a-4af3-8d75-aa8a7435325f@group-E2D529BDD975-FollowerState] INFO  server.RaftServerConfigKeys (ConfUtils.java:logFallback(53)) - raft.server.rpc.first-election.timeout.min = 5s (fallback to raft.server.rpc.timeout.min)
2024-04-29 10:04:51,594 [284a56ca-5c0a-4af3-8d75-aa8a7435325f@group-E2D529BDD975-FollowerState] INFO  server.RaftServerConfigKeys (ConfUtils.java:logFallback(53)) - raft.server.rpc.first-election.timeout.max = 5200ms (fallback to raft.server.rpc.timeout.max)
2024-04-29 10:04:51,615 [5831c0ab-0161-4108-a889-4f6b2f65c3d1@group-D0C2D53E75A9-FollowerState] INFO  impl.FollowerState (FollowerState.java:run(143)) - 5831c0ab-0161-4108-a889-4f6b2f65c3d1@group-D0C2D53E75A9-FollowerState: change to CANDIDATE, lastRpcElapsedTime:5121671563ns, electionTimeout:5121ms
2024-04-29 10:04:51,616 [5831c0ab-0161-4108-a889-4f6b2f65c3d1@group-D0C2D53E75A9-FollowerState] INFO  impl.RoleInfo (RoleInfo.java:shutdownFollowerState(110)) - 5831c0ab-0161-4108-a889-4f6b2f65c3d1: shutdown 5831c0ab-0161-4108-a889-4f6b2f65c3d1@group-D0C2D53E75A9-FollowerState
2024-04-29 10:04:51,616 [5831c0ab-0161-4108-a889-4f6b2f65c3d1@group-D0C2D53E75A9-FollowerState] INFO  server.RaftServer$Division (RaftServerImpl.java:setRole(383)) - 5831c0ab-0161-4108-a889-4f6b2f65c3d1@group-D0C2D53E75A9: changes role from  FOLLOWER to CANDIDATE at term 0 for changeToCandidate
2024-04-29 10:04:51,616 [5831c0ab-0161-4108-a889-4f6b2f65c3d1@group-D0C2D53E75A9-FollowerState] INFO  server.RaftServerConfigKeys (ConfUtils.java:logGet(46)) - raft.server.leaderelection.pre-vote = true (default)
2024-04-29 10:04:51,616 [5831c0ab-0161-4108-a889-4f6b2f65c3d1@group-D0C2D53E75A9-FollowerState] INFO  impl.RoleInfo (RoleInfo.java:updateAndGet(139)) - 5831c0ab-0161-4108-a889-4f6b2f65c3d1: start 5831c0ab-0161-4108-a889-4f6b2f65c3d1@group-D0C2D53E75A9-LeaderElection26
2024-04-29 10:04:51,616 [5831c0ab-0161-4108-a889-4f6b2f65c3d1@group-D0C2D53E75A9-LeaderElection26] INFO  impl.LeaderElection (LeaderElection.java:askForVotes(321)) - 5831c0ab-0161-4108-a889-4f6b2f65c3d1@group-D0C2D53E75A9-LeaderElection26 PRE_VOTE round 0: submit vote requests at term 0 for -1: peers:[5831c0ab-0161-4108-a889-4f6b2f65c3d1|127.0.0.1:15130]|listeners:[], old=null
2024-04-29 10:04:51,616 [5831c0ab-0161-4108-a889-4f6b2f65c3d1@group-D0C2D53E75A9-LeaderElection26] INFO  impl.LeaderElection (LeaderElection.java:askForVotes(323)) - 5831c0ab-0161-4108-a889-4f6b2f65c3d1@group-D0C2D53E75A9-LeaderElection26 PRE_VOTE round 0: result PASSED (term=0)
2024-04-29 10:04:51,617 [5831c0ab-0161-4108-a889-4f6b2f65c3d1@group-D0C2D53E75A9-LeaderElection26] INFO  impl.LeaderElection (LeaderElection.java:askForVotes(321)) - 5831c0ab-0161-4108-a889-4f6b2f65c3d1@group-D0C2D53E75A9-LeaderElection26 ELECTION round 0: submit vote requests at term 1 for -1: peers:[5831c0ab-0161-4108-a889-4f6b2f65c3d1|127.0.0.1:15130]|listeners:[], old=null
2024-04-29 10:04:51,617 [5831c0ab-0161-4108-a889-4f6b2f65c3d1@group-D0C2D53E75A9-LeaderElection26] INFO  impl.LeaderElection (LeaderElection.java:askForVotes(323)) - 5831c0ab-0161-4108-a889-4f6b2f65c3d1@group-D0C2D53E75A9-LeaderElection26 ELECTION round 0: result PASSED (term=1)
2024-04-29 10:04:51,617 [5831c0ab-0161-4108-a889-4f6b2f65c3d1@group-D0C2D53E75A9-LeaderElection26] INFO  impl.RoleInfo (RoleInfo.java:shutdownLeaderElection(130)) - 5831c0ab-0161-4108-a889-4f6b2f65c3d1: shutdown 5831c0ab-0161-4108-a889-4f6b2f65c3d1@group-D0C2D53E75A9-LeaderElection26
2024-04-29 10:04:51,617 [5831c0ab-0161-4108-a889-4f6b2f65c3d1@group-D0C2D53E75A9-LeaderElection26] INFO  server.RaftServer$Division (RaftServerImpl.java:setRole(383)) - 5831c0ab-0161-4108-a889-4f6b2f65c3d1@group-D0C2D53E75A9: changes role from CANDIDATE to LEADER at term 1 for changeToLeader
2024-04-29 10:04:51,617 [5831c0ab-0161-4108-a889-4f6b2f65c3d1@group-D0C2D53E75A9-LeaderElection26] INFO  server.RaftServerConfigKeys (ConfUtils.java:logGet(46)) - raft.server.staging.catchup.gap = 1000 (default)
2024-04-29 10:04:51,617 [5831c0ab-0161-4108-a889-4f6b2f65c3d1@group-D0C2D53E75A9-LeaderElection26] INFO  server.RaftServerConfigKeys (ConfUtils.java:logGet(46)) - raft.server.write.element-limit = 1024 (custom)
2024-04-29 10:04:51,617 [5831c0ab-0161-4108-a889-4f6b2f65c3d1@group-D0C2D53E75A9-LeaderElection26] INFO  server.RaftServerConfigKeys (ConfUtils.java:logGet(46)) - raft.server.write.byte-limit = 1024 M (=1073741824) (custom)
2024-04-29 10:04:51,618 [5831c0ab-0161-4108-a889-4f6b2f65c3d1@group-D0C2D53E75A9-LeaderElection26] INFO  server.RaftServerConfigKeys (ConfUtils.java:logGet(46)) - raft.server.watch.timeout = 3000ms (custom)
2024-04-29 10:04:51,618 [5831c0ab-0161-4108-a889-4f6b2f65c3d1@group-D0C2D53E75A9-LeaderElection26] INFO  server.RaftServerConfigKeys (ConfUtils.java:logGet(46)) - raft.server.watch.timeout.denomination = 1s (default)
2024-04-29 10:04:51,618 [5831c0ab-0161-4108-a889-4f6b2f65c3d1@group-D0C2D53E75A9-LeaderElection26] INFO  server.RaftServerConfigKeys (ConfUtils.java:logGet(46)) - raft.server.watch.element-limit = 65536 (default)
2024-04-29 10:04:51,618 [5831c0ab-0161-4108-a889-4f6b2f65c3d1@group-D0C2D53E75A9-LeaderElection26] INFO  server.RaftServerConfigKeys (ConfUtils.java:logGet(46)) - raft.server.read.leader.lease.enabled = false (default)
2024-04-29 10:04:51,618 [5831c0ab-0161-4108-a889-4f6b2f65c3d1@group-D0C2D53E75A9-LeaderElection26] INFO  server.RaftServerConfigKeys (ConfUtils.java:logGet(46)) - raft.server.read.leader.lease.timeout.ratio = 0.9 (default)
2024-04-29 10:04:51,618 [5831c0ab-0161-4108-a889-4f6b2f65c3d1@group-D0C2D53E75A9-LeaderElection26] INFO  server.RaftServerConfigKeys (ConfUtils.java:logGet(46)) - raft.server.rpc.timeout.min = 5s (custom)
2024-04-29 10:04:51,618 [5831c0ab-0161-4108-a889-4f6b2f65c3d1@group-D0C2D53E75A9-LeaderElection26] INFO  server.RaftServerConfigKeys (ConfUtils.java:logGet(46)) - raft.server.write.element-limit = 1024 (custom)
2024-04-29 10:04:51,618 [5831c0ab-0161-4108-a889-4f6b2f65c3d1@group-D0C2D53E75A9-LeaderElection26] INFO  server.RaftServerConfigKeys (ConfUtils.java:logGet(46)) - raft.server.write.follower.gap.ratio.max = -1.0 (default)
2024-04-29 10:04:51,618 [5831c0ab-0161-4108-a889-4f6b2f65c3d1@group-D0C2D53E75A9-LeaderElection26] INFO  impl.RoleInfo (RoleInfo.java:updateAndGet(139)) - 5831c0ab-0161-4108-a889-4f6b2f65c3d1: start 5831c0ab-0161-4108-a889-4f6b2f65c3d1@group-D0C2D53E75A9-LeaderStateImpl
2024-04-29 10:04:51,618 [5831c0ab-0161-4108-a889-4f6b2f65c3d1@group-D0C2D53E75A9-LeaderElection26] INFO  server.RaftServer$Division (RaftServerImpl.java:setFirstElection(574)) - 5831c0ab-0161-4108-a889-4f6b2f65c3d1@group-D0C2D53E75A9: set firstElectionSinceStartup to false for becomeLeader
2024-04-29 10:04:51,618 [5831c0ab-0161-4108-a889-4f6b2f65c3d1@group-D0C2D53E75A9-LeaderElection26] INFO  ratis.XceiverServerRatis (XceiverServerRatis.java:handleLeaderChangedNotification(966)) - Leader change notification received for group: group-D0C2D53E75A9 with new leaderId: 5831c0ab-0161-4108-a889-4f6b2f65c3d1
2024-04-29 10:04:51,618 [5831c0ab-0161-4108-a889-4f6b2f65c3d1@group-D0C2D53E75A9-LeaderElection26] INFO  server.RaftServer$Division (ServerState.java:setLeader(269)) - 5831c0ab-0161-4108-a889-4f6b2f65c3d1@group-D0C2D53E75A9: change Leader from null to 5831c0ab-0161-4108-a889-4f6b2f65c3d1 at term 1 for becomeLeader, leader elected after 5135ms
2024-04-29 10:04:51,619 [5831c0ab-0161-4108-a889-4f6b2f65c3d1@group-D0C2D53E75A9-LeaderElection26] INFO  segmented.SegmentedRaftLogWorker (SegmentedRaftLogWorker.java:startLogSegment(430)) - 5831c0ab-0161-4108-a889-4f6b2f65c3d1@group-D0C2D53E75A9-SegmentedRaftLogWorker: Starting segment from index:0
2024-04-29 10:04:51,619 [5831c0ab-0161-4108-a889-4f6b2f65c3d1@group-D0C2D53E75A9-LeaderElection26] INFO  server.RaftServer$Division (ServerState.java:setRaftConf(386)) - 5831c0ab-0161-4108-a889-4f6b2f65c3d1@group-D0C2D53E75A9: set configuration 0: peers:[5831c0ab-0161-4108-a889-4f6b2f65c3d1|127.0.0.1:15130]|listeners:[], old=null
2024-04-29 10:04:51,619 [5831c0ab-0161-4108-a889-4f6b2f65c3d1@group-D0C2D53E75A9-SegmentedRaftLogWorker] INFO  segmented.BufferedWriteChannel (BufferedWriteChannel.java:open(62)) - open log_inprogress_0 at position 0
2024-04-29 10:04:51,627 [5831c0ab-0161-4108-a889-4f6b2f65c3d1@group-D0C2D53E75A9-SegmentedRaftLogWorker] INFO  segmented.SegmentedRaftLogWorker (SegmentedRaftLogWorker.java:execute(634)) - 5831c0ab-0161-4108-a889-4f6b2f65c3d1@group-D0C2D53E75A9-SegmentedRaftLogWorker: created new log segment /home/runner/work/ozone/ozone/hadoop-ozone/integration-test/target/test-dir/MiniOzoneClusterImpl-b6e902a5-721a-459f-a115-5ddcd789b87e/ozone-meta/datanode-4/ratis/de666822-7cef-4f47-9ab4-d0c2d53e75a9/current/log_inprogress_0
2024-04-29 10:04:51,629 [5831c0ab-0161-4108-a889-4f6b2f65c3d1@group-D0C2D53E75A9-StateMachineUpdater] INFO  server.RaftServer$Division (LeaderStateImpl.java:isApplied(320)) - leader is ready since appliedIndex == 0 >= startIndex == 0
2024-04-29 10:04:51,644 [5831c0ab-0161-4108-a889-4f6b2f65c3d1@group-E2D529BDD975-FollowerState] INFO  impl.FollowerState (FollowerState.java:run(143)) - 5831c0ab-0161-4108-a889-4f6b2f65c3d1@group-E2D529BDD975-FollowerState: change to CANDIDATE, lastRpcElapsedTime:5136151503ns, electionTimeout:5135ms
2024-04-29 10:04:51,644 [5831c0ab-0161-4108-a889-4f6b2f65c3d1@group-E2D529BDD975-FollowerState] INFO  impl.RoleInfo (RoleInfo.java:shutdownFollowerState(110)) - 5831c0ab-0161-4108-a889-4f6b2f65c3d1: shutdown 5831c0ab-0161-4108-a889-4f6b2f65c3d1@group-E2D529BDD975-FollowerState
2024-04-29 10:04:51,644 [5831c0ab-0161-4108-a889-4f6b2f65c3d1@group-E2D529BDD975-FollowerState] INFO  server.RaftServer$Division (RaftServerImpl.java:setRole(383)) - 5831c0ab-0161-4108-a889-4f6b2f65c3d1@group-E2D529BDD975: changes role from  FOLLOWER to CANDIDATE at term 0 for changeToCandidate
2024-04-29 10:04:51,644 [5831c0ab-0161-4108-a889-4f6b2f65c3d1@group-E2D529BDD975-FollowerState] INFO  server.RaftServerConfigKeys (ConfUtils.java:logGet(46)) - raft.server.leaderelection.pre-vote = true (default)
2024-04-29 10:04:51,644 [5831c0ab-0161-4108-a889-4f6b2f65c3d1@group-E2D529BDD975-FollowerState] INFO  impl.RoleInfo (RoleInfo.java:updateAndGet(139)) - 5831c0ab-0161-4108-a889-4f6b2f65c3d1: start 5831c0ab-0161-4108-a889-4f6b2f65c3d1@group-E2D529BDD975-LeaderElection27
2024-04-29 10:04:51,644 [5831c0ab-0161-4108-a889-4f6b2f65c3d1@group-E2D529BDD975-LeaderElection27] INFO  impl.LeaderElection (LeaderElection.java:askForVotes(321)) - 5831c0ab-0161-4108-a889-4f6b2f65c3d1@group-E2D529BDD975-LeaderElection27 PRE_VOTE round 0: submit vote requests at term 0 for -1: peers:[5831c0ab-0161-4108-a889-4f6b2f65c3d1|127.0.0.1:15130, 2fa79b0d-8934-45bf-9a4b-7d27b0482fa8|127.0.0.1:15148, 284a56ca-5c0a-4af3-8d75-aa8a7435325f|127.0.0.1:15139]|listeners:[], old=null
2024-04-29 10:04:51,645 [5831c0ab-0161-4108-a889-4f6b2f65c3d1@group-E2D529BDD975-LeaderElection27-1] INFO  server.GrpcServerProtocolClient (GrpcServerProtocolClient.java:<init>(65)) - Build channel for 2fa79b0d-8934-45bf-9a4b-7d27b0482fa8|127.0.0.1:15148
2024-04-29 10:04:51,645 [5831c0ab-0161-4108-a889-4f6b2f65c3d1@group-E2D529BDD975-LeaderElection27] INFO  server.RaftServerConfigKeys (ConfUtils.java:logFallback(53)) - raft.server.rpc.first-election.timeout.min = 5s (fallback to raft.server.rpc.timeout.min)
2024-04-29 10:04:51,645 [5831c0ab-0161-4108-a889-4f6b2f65c3d1@group-E2D529BDD975-LeaderElection27] INFO  server.RaftServerConfigKeys (ConfUtils.java:logFallback(53)) - raft.server.rpc.first-election.timeout.max = 5200ms (fallback to raft.server.rpc.timeout.max)
2024-04-29 10:04:51,645 [5831c0ab-0161-4108-a889-4f6b2f65c3d1@group-E2D529BDD975-LeaderElection27-2] INFO  server.GrpcServerProtocolClient (GrpcServerProtocolClient.java:<init>(65)) - Build channel for 284a56ca-5c0a-4af3-8d75-aa8a7435325f|127.0.0.1:15139
2024-04-29 10:04:51,649 [grpc-default-executor-3] INFO  server.RaftServer$Division (RaftServerImpl.java:requestVote(1389)) - 2fa79b0d-8934-45bf-9a4b-7d27b0482fa8@group-E2D529BDD975: receive requestVote(PRE_VOTE, 5831c0ab-0161-4108-a889-4f6b2f65c3d1, group-E2D529BDD975, 0, (t:0, i:0))
2024-04-29 10:04:51,649 [grpc-default-executor-3] INFO  impl.VoteContext (VoteContext.java:log(49)) - 2fa79b0d-8934-45bf-9a4b-7d27b0482fa8@group-E2D529BDD975-FOLLOWER: accept PRE_VOTE from 5831c0ab-0161-4108-a889-4f6b2f65c3d1: our priority 0 <= candidate's priority 1
2024-04-29 10:04:51,649 [grpc-default-executor-3] INFO  server.RaftServer$Division (RaftServerImpl.java:requestVote(1422)) - 2fa79b0d-8934-45bf-9a4b-7d27b0482fa8@group-E2D529BDD975 replies to PRE_VOTE vote request: 5831c0ab-0161-4108-a889-4f6b2f65c3d1<-2fa79b0d-8934-45bf-9a4b-7d27b0482fa8#0:OK-t0. Peer's state: 2fa79b0d-8934-45bf-9a4b-7d27b0482fa8@group-E2D529BDD975:t0, leader=null, voted=, raftlog=Memoized:2fa79b0d-8934-45bf-9a4b-7d27b0482fa8@group-E2D529BDD975-SegmentedRaftLog:OPENED:c-1, conf=-1: peers:[5831c0ab-0161-4108-a889-4f6b2f65c3d1|127.0.0.1:15130, 2fa79b0d-8934-45bf-9a4b-7d27b0482fa8|127.0.0.1:15148, 284a56ca-5c0a-4af3-8d75-aa8a7435325f|127.0.0.1:15139]|listeners:[], old=null
2024-04-29 10:04:51,650 [5831c0ab-0161-4108-a889-4f6b2f65c3d1@group-E2D529BDD975-LeaderElection27] INFO  impl.LeaderElection (LeaderElection.java:logAndReturn(89)) - 5831c0ab-0161-4108-a889-4f6b2f65c3d1@group-E2D529BDD975-LeaderElection27: PRE_VOTE PASSED received 1 response(s) and 0 exception(s):
2024-04-29 10:04:51,650 [5831c0ab-0161-4108-a889-4f6b2f65c3d1@group-E2D529BDD975-LeaderElection27] INFO  impl.LeaderElection (LeaderElection.java:logAndReturn(93)) -   Response 0: 5831c0ab-0161-4108-a889-4f6b2f65c3d1<-2fa79b0d-8934-45bf-9a4b-7d27b0482fa8#0:OK-t0
2024-04-29 10:04:51,650 [5831c0ab-0161-4108-a889-4f6b2f65c3d1@group-E2D529BDD975-LeaderElection27] INFO  impl.LeaderElection (LeaderElection.java:askForVotes(323)) - 5831c0ab-0161-4108-a889-4f6b2f65c3d1@group-E2D529BDD975-LeaderElection27 PRE_VOTE round 0: result PASSED
2024-04-29 10:04:51,651 [5831c0ab-0161-4108-a889-4f6b2f65c3d1@group-E2D529BDD975-LeaderElection27] INFO  impl.LeaderElection (LeaderElection.java:askForVotes(321)) - 5831c0ab-0161-4108-a889-4f6b2f65c3d1@group-E2D529BDD975-LeaderElection27 ELECTION round 0: submit vote requests at term 1 for -1: peers:[5831c0ab-0161-4108-a889-4f6b2f65c3d1|127.0.0.1:15130, 2fa79b0d-8934-45bf-9a4b-7d27b0482fa8|127.0.0.1:15148, 284a56ca-5c0a-4af3-8d75-aa8a7435325f|127.0.0.1:15139]|listeners:[], old=null
2024-04-29 10:04:51,651 [5831c0ab-0161-4108-a889-4f6b2f65c3d1@group-E2D529BDD975-LeaderElection27] INFO  server.RaftServerConfigKeys (ConfUtils.java:logFallback(53)) - raft.server.rpc.first-election.timeout.min = 5s (fallback to raft.server.rpc.timeout.min)
2024-04-29 10:04:51,651 [5831c0ab-0161-4108-a889-4f6b2f65c3d1@group-E2D529BDD975-LeaderElection27] INFO  server.RaftServerConfigKeys (ConfUtils.java:logFallback(53)) - raft.server.rpc.first-election.timeout.max = 5200ms (fallback to raft.server.rpc.timeout.max)
2024-04-29 10:04:51,651 [grpc-default-executor-3] INFO  server.RaftServer$Division (RaftServerImpl.java:requestVote(1389)) - 284a56ca-5c0a-4af3-8d75-aa8a7435325f@group-E2D529BDD975: receive requestVote(PRE_VOTE, 5831c0ab-0161-4108-a889-4f6b2f65c3d1, group-E2D529BDD975, 0, (t:0, i:0))
2024-04-29 10:04:51,652 [grpc-default-executor-3] INFO  impl.VoteContext (VoteContext.java:log(49)) - 284a56ca-5c0a-4af3-8d75-aa8a7435325f@group-E2D529BDD975-FOLLOWER: accept PRE_VOTE from 5831c0ab-0161-4108-a889-4f6b2f65c3d1: our priority 0 <= candidate's priority 1
2024-04-29 10:04:51,652 [grpc-default-executor-3] INFO  server.RaftServer$Division (RaftServerImpl.java:requestVote(1422)) - 284a56ca-5c0a-4af3-8d75-aa8a7435325f@group-E2D529BDD975 replies to PRE_VOTE vote request: 5831c0ab-0161-4108-a889-4f6b2f65c3d1<-284a56ca-5c0a-4af3-8d75-aa8a7435325f#0:OK-t0. Peer's state: 284a56ca-5c0a-4af3-8d75-aa8a7435325f@group-E2D529BDD975:t0, leader=null, voted=, raftlog=Memoized:284a56ca-5c0a-4af3-8d75-aa8a7435325f@group-E2D529BDD975-SegmentedRaftLog:OPENED:c-1, conf=-1: peers:[5831c0ab-0161-4108-a889-4f6b2f65c3d1|127.0.0.1:15130, 2fa79b0d-8934-45bf-9a4b-7d27b0482fa8|127.0.0.1:15148, 284a56ca-5c0a-4af3-8d75-aa8a7435325f|127.0.0.1:15139]|listeners:[], old=null
2024-04-29 10:04:51,653 [grpc-default-executor-4] INFO  server.RaftServer$Division (RaftServerImpl.java:requestVote(1389)) - 2fa79b0d-8934-45bf-9a4b-7d27b0482fa8@group-E2D529BDD975: receive requestVote(ELECTION, 5831c0ab-0161-4108-a889-4f6b2f65c3d1, group-E2D529BDD975, 1, (t:0, i:0))
2024-04-29 10:04:51,653 [grpc-default-executor-3] INFO  server.RaftServer$Division (RaftServerImpl.java:requestVote(1389)) - 284a56ca-5c0a-4af3-8d75-aa8a7435325f@group-E2D529BDD975: receive requestVote(ELECTION, 5831c0ab-0161-4108-a889-4f6b2f65c3d1, group-E2D529BDD975, 1, (t:0, i:0))
2024-04-29 10:04:51,653 [grpc-default-executor-4] INFO  impl.VoteContext (VoteContext.java:log(49)) - 2fa79b0d-8934-45bf-9a4b-7d27b0482fa8@group-E2D529BDD975-FOLLOWER: accept ELECTION from 5831c0ab-0161-4108-a889-4f6b2f65c3d1: our priority 0 <= candidate's priority 1
2024-04-29 10:04:51,653 [grpc-default-executor-3] INFO  impl.VoteContext (VoteContext.java:log(49)) - 284a56ca-5c0a-4af3-8d75-aa8a7435325f@group-E2D529BDD975-FOLLOWER: accept ELECTION from 5831c0ab-0161-4108-a889-4f6b2f65c3d1: our priority 0 <= candidate's priority 1
2024-04-29 10:04:51,653 [grpc-default-executor-4] INFO  server.RaftServer$Division (RaftServerImpl.java:setRole(383)) - 2fa79b0d-8934-45bf-9a4b-7d27b0482fa8@group-E2D529BDD975: changes role from  FOLLOWER to FOLLOWER at term 1 for candidate:5831c0ab-0161-4108-a889-4f6b2f65c3d1
2024-04-29 10:04:51,653 [grpc-default-executor-4] INFO  impl.RoleInfo (RoleInfo.java:shutdownFollowerState(110)) - 2fa79b0d-8934-45bf-9a4b-7d27b0482fa8: shutdown 2fa79b0d-8934-45bf-9a4b-7d27b0482fa8@group-E2D529BDD975-FollowerState
2024-04-29 10:04:51,653 [grpc-default-executor-4] INFO  impl.RoleInfo (RoleInfo.java:updateAndGet(139)) - 2fa79b0d-8934-45bf-9a4b-7d27b0482fa8: start 2fa79b0d-8934-45bf-9a4b-7d27b0482fa8@group-E2D529BDD975-FollowerState
2024-04-29 10:04:51,653 [grpc-default-executor-3] INFO  server.RaftServer$Division (RaftServerImpl.java:setRole(383)) - 284a56ca-5c0a-4af3-8d75-aa8a7435325f@group-E2D529BDD975: changes role from  FOLLOWER to FOLLOWER at term 1 for candidate:5831c0ab-0161-4108-a889-4f6b2f65c3d1
2024-04-29 10:04:51,653 [grpc-default-executor-3] INFO  impl.RoleInfo (RoleInfo.java:shutdownFollowerState(110)) - 284a56ca-5c0a-4af3-8d75-aa8a7435325f: shutdown 284a56ca-5c0a-4af3-8d75-aa8a7435325f@group-E2D529BDD975-FollowerState
2024-04-29 10:04:51,653 [grpc-default-executor-3] INFO  impl.RoleInfo (RoleInfo.java:updateAndGet(139)) - 284a56ca-5c0a-4af3-8d75-aa8a7435325f: start 284a56ca-5c0a-4af3-8d75-aa8a7435325f@group-E2D529BDD975-FollowerState
2024-04-29 10:04:51,653 [284a56ca-5c0a-4af3-8d75-aa8a7435325f@group-E2D529BDD975-FollowerState] INFO  impl.FollowerState (FollowerState.java:run(152)) - 284a56ca-5c0a-4af3-8d75-aa8a7435325f@group-E2D529BDD975-FollowerState was interrupted
2024-04-29 10:04:51,653 [2fa79b0d-8934-45bf-9a4b-7d27b0482fa8@group-E2D529BDD975-FollowerState] INFO  impl.FollowerState (FollowerState.java:run(152)) - 2fa79b0d-8934-45bf-9a4b-7d27b0482fa8@group-E2D529BDD975-FollowerState was interrupted
2024-04-29 10:04:51,654 [grpc-default-executor-3] INFO  server.RaftServer$Division (RaftServerImpl.java:setFirstElection(574)) - 284a56ca-5c0a-4af3-8d75-aa8a7435325f@group-E2D529BDD975: set firstElectionSinceStartup to false for candidate:5831c0ab-0161-4108-a889-4f6b2f65c3d1
2024-04-29 10:04:51,654 [grpc-default-executor-4] INFO  server.RaftServer$Division (RaftServerImpl.java:requestVote(1422)) - 2fa79b0d-8934-45bf-9a4b-7d27b0482fa8@group-E2D529BDD975 replies to ELECTION vote request: 5831c0ab-0161-4108-a889-4f6b2f65c3d1<-2fa79b0d-8934-45bf-9a4b-7d27b0482fa8#0:OK-t1. Peer's state: 2fa79b0d-8934-45bf-9a4b-7d27b0482fa8@group-E2D529BDD975:t1, leader=null, voted=5831c0ab-0161-4108-a889-4f6b2f65c3d1, raftlog=Memoized:2fa79b0d-8934-45bf-9a4b-7d27b0482fa8@group-E2D529BDD975-SegmentedRaftLog:OPENED:c-1, conf=-1: peers:[5831c0ab-0161-4108-a889-4f6b2f65c3d1|127.0.0.1:15130, 2fa79b0d-8934-45bf-9a4b-7d27b0482fa8|127.0.0.1:15148, 284a56ca-5c0a-4af3-8d75-aa8a7435325f|127.0.0.1:15139]|listeners:[], old=null
2024-04-29 10:04:51,655 [5831c0ab-0161-4108-a889-4f6b2f65c3d1@group-E2D529BDD975-LeaderElection27] INFO  impl.LeaderElection (LeaderElection.java:logAndReturn(89)) - 5831c0ab-0161-4108-a889-4f6b2f65c3d1@group-E2D529BDD975-LeaderElection27: ELECTION PASSED received 1 response(s) and 0 exception(s):
2024-04-29 10:04:51,655 [5831c0ab-0161-4108-a889-4f6b2f65c3d1@group-E2D529BDD975-LeaderElection27] INFO  impl.LeaderElection (LeaderElection.java:logAndReturn(93)) -   Response 0: 5831c0ab-0161-4108-a889-4f6b2f65c3d1<-2fa79b0d-8934-45bf-9a4b-7d27b0482fa8#0:OK-t1
2024-04-29 10:04:51,655 [5831c0ab-0161-4108-a889-4f6b2f65c3d1@group-E2D529BDD975-LeaderElection27] INFO  impl.LeaderElection (LeaderElection.java:askForVotes(323)) - 5831c0ab-0161-4108-a889-4f6b2f65c3d1@group-E2D529BDD975-LeaderElection27 ELECTION round 0: result PASSED
2024-04-29 10:04:51,655 [5831c0ab-0161-4108-a889-4f6b2f65c3d1@group-E2D529BDD975-LeaderElection27] INFO  impl.RoleInfo (RoleInfo.java:shutdownLeaderElection(130)) - 5831c0ab-0161-4108-a889-4f6b2f65c3d1: shutdown 5831c0ab-0161-4108-a889-4f6b2f65c3d1@group-E2D529BDD975-LeaderElection27
2024-04-29 10:04:51,655 [5831c0ab-0161-4108-a889-4f6b2f65c3d1@group-E2D529BDD975-LeaderElection27] INFO  server.RaftServer$Division (RaftServerImpl.java:setRole(383)) - 5831c0ab-0161-4108-a889-4f6b2f65c3d1@group-E2D529BDD975: changes role from CANDIDATE to LEADER at term 1 for changeToLeader
2024-04-29 10:04:51,655 [5831c0ab-0161-4108-a889-4f6b2f65c3d1@group-E2D529BDD975-LeaderElection27] INFO  server.RaftServerConfigKeys (ConfUtils.java:logGet(46)) - raft.server.staging.catchup.gap = 1000 (default)
2024-04-29 10:04:51,655 [5831c0ab-0161-4108-a889-4f6b2f65c3d1@group-E2D529BDD975-LeaderElection27] INFO  server.RaftServerConfigKeys (ConfUtils.java:logGet(46)) - raft.server.write.element-limit = 1024 (custom)
2024-04-29 10:04:51,655 [284a56ca-5c0a-4af3-8d75-aa8a7435325f@group-E31CF257AE05-FollowerState] INFO  impl.FollowerState (FollowerState.java:run(143)) - 284a56ca-5c0a-4af3-8d75-aa8a7435325f@group-E31CF257AE05-FollowerState: change to CANDIDATE, lastRpcElapsedTime:5049277839ns, electionTimeout:5048ms
2024-04-29 10:04:51,655 [284a56ca-5c0a-4af3-8d75-aa8a7435325f@group-E31CF257AE05-FollowerState] INFO  impl.RoleInfo (RoleInfo.java:shutdownFollowerState(110)) - 284a56ca-5c0a-4af3-8d75-aa8a7435325f: shutdown 284a56ca-5c0a-4af3-8d75-aa8a7435325f@group-E31CF257AE05-FollowerState
2024-04-29 10:04:51,655 [5831c0ab-0161-4108-a889-4f6b2f65c3d1@group-E2D529BDD975-LeaderElection27] INFO  server.RaftServerConfigKeys (ConfUtils.java:logGet(46)) - raft.server.write.byte-limit = 1024 M (=1073741824) (custom)
2024-04-29 10:04:51,655 [284a56ca-5c0a-4af3-8d75-aa8a7435325f@group-E31CF257AE05-FollowerState] INFO  server.RaftServer$Division (RaftServerImpl.java:setRole(383)) - 284a56ca-5c0a-4af3-8d75-aa8a7435325f@group-E31CF257AE05: changes role from  FOLLOWER to CANDIDATE at term 0 for changeToCandidate
2024-04-29 10:04:51,656 [284a56ca-5c0a-4af3-8d75-aa8a7435325f@group-E31CF257AE05-FollowerState] INFO  server.RaftServerConfigKeys (ConfUtils.java:logGet(46)) - raft.server.leaderelection.pre-vote = true (default)
2024-04-29 10:04:51,656 [284a56ca-5c0a-4af3-8d75-aa8a7435325f@group-E31CF257AE05-FollowerState] INFO  impl.RoleInfo (RoleInfo.java:updateAndGet(139)) - 284a56ca-5c0a-4af3-8d75-aa8a7435325f: start 284a56ca-5c0a-4af3-8d75-aa8a7435325f@group-E31CF257AE05-LeaderElection28
2024-04-29 10:04:51,656 [grpc-default-executor-3] INFO  server.RaftServer$Division (RaftServerImpl.java:requestVote(1422)) - 284a56ca-5c0a-4af3-8d75-aa8a7435325f@group-E2D529BDD975 replies to ELECTION vote request: 5831c0ab-0161-4108-a889-4f6b2f65c3d1<-284a56ca-5c0a-4af3-8d75-aa8a7435325f#0:OK-t1. Peer's state: 284a56ca-5c0a-4af3-8d75-aa8a7435325f@group-E2D529BDD975:t1, leader=null, voted=5831c0ab-0161-4108-a889-4f6b2f65c3d1, raftlog=Memoized:284a56ca-5c0a-4af3-8d75-aa8a7435325f@group-E2D529BDD975-SegmentedRaftLog:OPENED:c-1, conf=-1: peers:[5831c0ab-0161-4108-a889-4f6b2f65c3d1|127.0.0.1:15130, 2fa79b0d-8934-45bf-9a4b-7d27b0482fa8|127.0.0.1:15148, 284a56ca-5c0a-4af3-8d75-aa8a7435325f|127.0.0.1:15139]|listeners:[], old=null
2024-04-29 10:04:51,656 [5831c0ab-0161-4108-a889-4f6b2f65c3d1@group-E2D529BDD975-LeaderElection27] INFO  server.RaftServerConfigKeys (ConfUtils.java:logGet(46)) - raft.server.watch.timeout = 3000ms (custom)
2024-04-29 10:04:51,656 [5831c0ab-0161-4108-a889-4f6b2f65c3d1@group-E2D529BDD975-LeaderElection27] INFO  server.RaftServerConfigKeys (ConfUtils.java:logGet(46)) - raft.server.watch.timeout.denomination = 1s (default)
2024-04-29 10:04:51,656 [5831c0ab-0161-4108-a889-4f6b2f65c3d1@group-E2D529BDD975-LeaderElection27] INFO  server.RaftServerConfigKeys (ConfUtils.java:logGet(46)) - raft.server.watch.element-limit = 65536 (default)
2024-04-29 10:04:51,656 [5831c0ab-0161-4108-a889-4f6b2f65c3d1@group-E2D529BDD975-LeaderElection27] INFO  server.RaftServerConfigKeys (ConfUtils.java:logGet(46)) - raft.server.read.leader.lease.enabled = false (default)
2024-04-29 10:04:51,656 [5831c0ab-0161-4108-a889-4f6b2f65c3d1@group-E2D529BDD975-LeaderElection27] INFO  server.RaftServerConfigKeys (ConfUtils.java:logGet(46)) - raft.server.read.leader.lease.timeout.ratio = 0.9 (default)
2024-04-29 10:04:51,656 [5831c0ab-0161-4108-a889-4f6b2f65c3d1@group-E2D529BDD975-LeaderElection27] INFO  server.RaftServerConfigKeys (ConfUtils.java:logGet(46)) - raft.server.rpc.timeout.min = 5s (custom)
2024-04-29 10:04:51,656 [5831c0ab-0161-4108-a889-4f6b2f65c3d1@group-E2D529BDD975-LeaderElection27] INFO  server.RaftServerConfigKeys (ConfUtils.java:logGet(46)) - raft.server.write.element-limit = 1024 (custom)
2024-04-29 10:04:51,656 [5831c0ab-0161-4108-a889-4f6b2f65c3d1@group-E2D529BDD975-LeaderElection27] INFO  server.RaftServerConfigKeys (ConfUtils.java:logGet(46)) - raft.server.write.follower.gap.ratio.max = -1.0 (default)
2024-04-29 10:04:51,657 [5831c0ab-0161-4108-a889-4f6b2f65c3d1@group-E2D529BDD975-LeaderElection27] INFO  server.RaftServerConfigKeys (ConfUtils.java:logGet(46)) - raft.server.log.appender.snapshot.chunk.size.max = 16MB (=16777216) (default)
2024-04-29 10:04:51,657 [5831c0ab-0161-4108-a889-4f6b2f65c3d1@group-E2D529BDD975-LeaderElection27] INFO  server.RaftServerConfigKeys (ConfUtils.java:logGet(46)) - raft.server.log.appender.buffer.byte-limit = 8388608 (custom)
2024-04-29 10:04:51,657 [5831c0ab-0161-4108-a889-4f6b2f65c3d1@group-E2D529BDD975-LeaderElection27] INFO  server.RaftServerConfigKeys (ConfUtils.java:logGet(46)) - raft.server.log.appender.buffer.element-limit = 1 (custom)
2024-04-29 10:04:51,657 [5831c0ab-0161-4108-a889-4f6b2f65c3d1@group-E2D529BDD975-LeaderElection27] INFO  server.RaftServerConfigKeys (ConfUtils.java:logGet(46)) - raft.server.log.appender.wait-time.min = 0ms (custom)
2024-04-29 10:04:51,657 [5831c0ab-0161-4108-a889-4f6b2f65c3d1@group-E2D529BDD975-LeaderElection27] INFO  grpc.GrpcConfigKeys (ConfUtils.java:logGet(46)) - raft.grpc.server.leader.outstanding.appends.max = 8 (default)
2024-04-29 10:04:51,657 [5831c0ab-0161-4108-a889-4f6b2f65c3d1@group-E2D529BDD975-LeaderElection27] INFO  server.RaftServerConfigKeys (ConfUtils.java:logGet(46)) - raft.server.rpc.request.timeout = 3000ms (default)
2024-04-29 10:04:51,657 [5831c0ab-0161-4108-a889-4f6b2f65c3d1@group-E2D529BDD975-LeaderElection27] INFO  grpc.GrpcConfigKeys (ConfUtils.java:logGet(46)) - raft.grpc.server.install_snapshot.request.element-limit = 8 (default)
2024-04-29 10:04:51,657 [5831c0ab-0161-4108-a889-4f6b2f65c3d1@group-E2D529BDD975-LeaderElection27] INFO  grpc.GrpcConfigKeys (ConfUtils.java:logGet(46)) - raft.grpc.server.install_snapshot.request.timeout = 3000ms (default)
2024-04-29 10:04:51,657 [5831c0ab-0161-4108-a889-4f6b2f65c3d1@group-E2D529BDD975-LeaderElection27] INFO  grpc.GrpcConfigKeys (ConfUtils.java:logGet(46)) - raft.grpc.server.log-message.batch.duration = 5s (default)
2024-04-29 10:04:51,657 [5831c0ab-0161-4108-a889-4f6b2f65c3d1@group-E2D529BDD975-LeaderElection27] INFO  server.RaftServerConfigKeys (ConfUtils.java:logGet(46)) - raft.server.log.appender.install.snapshot.enabled = false (custom)
2024-04-29 10:04:51,657 [5831c0ab-0161-4108-a889-4f6b2f65c3d1@group-E2D529BDD975-LeaderElection27] INFO  grpc.GrpcConfigKeys (ConfUtils.java:logGet(46)) - raft.grpc.server.heartbeat.channel = true (default)
2024-04-29 10:04:51,657 [284a56ca-5c0a-4af3-8d75-aa8a7435325f@group-E31CF257AE05-LeaderElection28] INFO  impl.LeaderElection (LeaderElection.java:askForVotes(321)) - 284a56ca-5c0a-4af3-8d75-aa8a7435325f@group-E31CF257AE05-LeaderElection28 PRE_VOTE round 0: submit vote requests at term 0 for -1: peers:[284a56ca-5c0a-4af3-8d75-aa8a7435325f|127.0.0.1:15139]|listeners:[], old=null
2024-04-29 10:04:51,658 [284a56ca-5c0a-4af3-8d75-aa8a7435325f@group-E31CF257AE05-LeaderElection28] INFO  impl.LeaderElection (LeaderElection.java:askForVotes(323)) - 284a56ca-5c0a-4af3-8d75-aa8a7435325f@group-E31CF257AE05-LeaderElection28 PRE_VOTE round 0: result PASSED (term=0)
2024-04-29 10:04:51,658 [5831c0ab-0161-4108-a889-4f6b2f65c3d1@group-E2D529BDD975-LeaderElection27] INFO  server.RaftServerConfigKeys (ConfUtils.java:logGet(46)) - raft.server.log.appender.snapshot.chunk.size.max = 16MB (=16777216) (default)
2024-04-29 10:04:51,658 [5831c0ab-0161-4108-a889-4f6b2f65c3d1@group-E2D529BDD975-LeaderElection27] INFO  server.RaftServerConfigKeys (ConfUtils.java:logGet(46)) - raft.server.log.appender.buffer.byte-limit = 8388608 (custom)
2024-04-29 10:04:51,658 [5831c0ab-0161-4108-a889-4f6b2f65c3d1@group-E2D529BDD975-LeaderElection27] INFO  server.RaftServerConfigKeys (ConfUtils.java:logGet(46)) - raft.server.log.appender.buffer.element-limit = 1 (custom)
2024-04-29 10:04:51,659 [5831c0ab-0161-4108-a889-4f6b2f65c3d1@group-E2D529BDD975-LeaderElection27] INFO  server.RaftServerConfigKeys (ConfUtils.java:logGet(46)) - raft.server.log.appender.wait-time.min = 0ms (custom)
2024-04-29 10:04:51,659 [5831c0ab-0161-4108-a889-4f6b2f65c3d1@group-E2D529BDD975-LeaderElection27] INFO  grpc.GrpcConfigKeys (ConfUtils.java:logGet(46)) - raft.grpc.server.leader.outstanding.appends.max = 8 (default)
2024-04-29 10:04:51,659 [5831c0ab-0161-4108-a889-4f6b2f65c3d1@group-E2D529BDD975-LeaderElection27] INFO  server.RaftServerConfigKeys (ConfUtils.java:logGet(46)) - raft.server.rpc.request.timeout = 3000ms (default)
2024-04-29 10:04:51,659 [5831c0ab-0161-4108-a889-4f6b2f65c3d1@group-E2D529BDD975-LeaderElection27] INFO  grpc.GrpcConfigKeys (ConfUtils.java:logGet(46)) - raft.grpc.server.install_snapshot.request.element-limit = 8 (default)
2024-04-29 10:04:51,659 [5831c0ab-0161-4108-a889-4f6b2f65c3d1@group-E2D529BDD975-LeaderElection27] INFO  grpc.GrpcConfigKeys (ConfUtils.java:logGet(46)) - raft.grpc.server.install_snapshot.request.timeout = 3000ms (default)
2024-04-29 10:04:51,659 [5831c0ab-0161-4108-a889-4f6b2f65c3d1@group-E2D529BDD975-LeaderElection27] INFO  grpc.GrpcConfigKeys (ConfUtils.java:logGet(46)) - raft.grpc.server.log-message.batch.duration = 5s (default)
2024-04-29 10:04:51,659 [5831c0ab-0161-4108-a889-4f6b2f65c3d1@group-E2D529BDD975-LeaderElection27] INFO  server.RaftServerConfigKeys (ConfUtils.java:logGet(46)) - raft.server.log.appender.install.snapshot.enabled = false (custom)
2024-04-29 10:04:51,659 [5831c0ab-0161-4108-a889-4f6b2f65c3d1@group-E2D529BDD975-LeaderElection27] INFO  grpc.GrpcConfigKeys (ConfUtils.java:logGet(46)) - raft.grpc.server.heartbeat.channel = true (default)
2024-04-29 10:04:51,659 [284a56ca-5c0a-4af3-8d75-aa8a7435325f@group-E31CF257AE05-LeaderElection28] INFO  impl.LeaderElection (LeaderElection.java:askForVotes(321)) - 284a56ca-5c0a-4af3-8d75-aa8a7435325f@group-E31CF257AE05-LeaderElection28 ELECTION round 0: submit vote requests at term 1 for -1: peers:[284a56ca-5c0a-4af3-8d75-aa8a7435325f|127.0.0.1:15139]|listeners:[], old=null
2024-04-29 10:04:51,659 [284a56ca-5c0a-4af3-8d75-aa8a7435325f@group-E31CF257AE05-LeaderElection28] INFO  impl.LeaderElection (LeaderElection.java:askForVotes(323)) - 284a56ca-5c0a-4af3-8d75-aa8a7435325f@group-E31CF257AE05-LeaderElection28 ELECTION round 0: result PASSED (term=1)
2024-04-29 10:04:51,660 [284a56ca-5c0a-4af3-8d75-aa8a7435325f@group-E31CF257AE05-LeaderElection28] INFO  impl.RoleInfo (RoleInfo.java:shutdownLeaderElection(130)) - 284a56ca-5c0a-4af3-8d75-aa8a7435325f: shutdown 284a56ca-5c0a-4af3-8d75-aa8a7435325f@group-E31CF257AE05-LeaderElection28
2024-04-29 10:04:51,660 [284a56ca-5c0a-4af3-8d75-aa8a7435325f@group-E31CF257AE05-LeaderElection28] INFO  server.RaftServer$Division (RaftServerImpl.java:setRole(383)) - 284a56ca-5c0a-4af3-8d75-aa8a7435325f@group-E31CF257AE05: changes role from CANDIDATE to LEADER at term 1 for changeToLeader
2024-04-29 10:04:51,660 [284a56ca-5c0a-4af3-8d75-aa8a7435325f@group-E31CF257AE05-LeaderElection28] INFO  server.RaftServerConfigKeys (ConfUtils.java:logGet(46)) - raft.server.staging.catchup.gap = 1000 (default)
2024-04-29 10:04:51,659 [5831c0ab-0161-4108-a889-4f6b2f65c3d1@group-E2D529BDD975-LeaderElection27] INFO  impl.RoleInfo (RoleInfo.java:updateAndGet(139)) - 5831c0ab-0161-4108-a889-4f6b2f65c3d1: start 5831c0ab-0161-4108-a889-4f6b2f65c3d1@group-E2D529BDD975-LeaderStateImpl
2024-04-29 10:04:51,660 [5831c0ab-0161-4108-a889-4f6b2f65c3d1@group-E2D529BDD975-LeaderElection27] INFO  server.RaftServer$Division (RaftServerImpl.java:setFirstElection(574)) - 5831c0ab-0161-4108-a889-4f6b2f65c3d1@group-E2D529BDD975: set firstElectionSinceStartup to false for becomeLeader
2024-04-29 10:04:51,660 [5831c0ab-0161-4108-a889-4f6b2f65c3d1@group-E2D529BDD975-LeaderElection27] INFO  ratis.XceiverServerRatis (XceiverServerRatis.java:handleLeaderChangedNotification(966)) - Leader change notification received for group: group-E2D529BDD975 with new leaderId: 5831c0ab-0161-4108-a889-4f6b2f65c3d1
2024-04-29 10:04:51,660 [284a56ca-5c0a-4af3-8d75-aa8a7435325f@group-E31CF257AE05-LeaderElection28] INFO  server.RaftServerConfigKeys (ConfUtils.java:logGet(46)) - raft.server.write.element-limit = 1024 (custom)
2024-04-29 10:04:51,661 [284a56ca-5c0a-4af3-8d75-aa8a7435325f@group-E31CF257AE05-LeaderElection28] INFO  server.RaftServerConfigKeys (ConfUtils.java:logGet(46)) - raft.server.write.byte-limit = 1024 M (=1073741824) (custom)
2024-04-29 10:04:51,661 [5831c0ab-0161-4108-a889-4f6b2f65c3d1@group-E2D529BDD975-LeaderElection27] INFO  server.RaftServer$Division (ServerState.java:setLeader(269)) - 5831c0ab-0161-4108-a889-4f6b2f65c3d1@group-E2D529BDD975: change Leader from null to 5831c0ab-0161-4108-a889-4f6b2f65c3d1 at term 1 for becomeLeader, leader elected after 5163ms
2024-04-29 10:04:51,661 [5831c0ab-0161-4108-a889-4f6b2f65c3d1@group-E2D529BDD975-LeaderElection27] INFO  segmented.SegmentedRaftLogWorker (SegmentedRaftLogWorker.java:startLogSegment(430)) - 5831c0ab-0161-4108-a889-4f6b2f65c3d1@group-E2D529BDD975-SegmentedRaftLogWorker: Starting segment from index:0
2024-04-29 10:04:51,661 [5831c0ab-0161-4108-a889-4f6b2f65c3d1@group-E2D529BDD975-LeaderElection27] INFO  server.RaftServer$Division (ServerState.java:setRaftConf(386)) - 5831c0ab-0161-4108-a889-4f6b2f65c3d1@group-E2D529BDD975: set configuration 0: peers:[5831c0ab-0161-4108-a889-4f6b2f65c3d1|127.0.0.1:15130, 2fa79b0d-8934-45bf-9a4b-7d27b0482fa8|127.0.0.1:15148, 284a56ca-5c0a-4af3-8d75-aa8a7435325f|127.0.0.1:15139]|listeners:[], old=null
2024-04-29 10:04:51,661 [5831c0ab-0161-4108-a889-4f6b2f65c3d1@group-E2D529BDD975-SegmentedRaftLogWorker] INFO  segmented.BufferedWriteChannel (BufferedWriteChannel.java:open(62)) - open log_inprogress_0 at position 0
2024-04-29 10:04:51,662 [EventQueue-PipelineReportForPipelineReportHandler] INFO  pipeline.PipelineReportHandler (PipelineReportHandler.java:processPipelineReport(136)) - Opened pipeline PipelineID=5ffe0956-3746-478e-8a75-e2d529bdd975
2024-04-29 10:04:51,665 [284a56ca-5c0a-4af3-8d75-aa8a7435325f@group-E31CF257AE05-LeaderElection28] INFO  server.RaftServerConfigKeys (ConfUtils.java:logGet(46)) - raft.server.watch.timeout = 3000ms (custom)
2024-04-29 10:04:51,665 [284a56ca-5c0a-4af3-8d75-aa8a7435325f@group-E31CF257AE05-LeaderElection28] INFO  server.RaftServerConfigKeys (ConfUtils.java:logGet(46)) - raft.server.watch.timeout.denomination = 1s (default)
2024-04-29 10:04:51,665 [284a56ca-5c0a-4af3-8d75-aa8a7435325f@group-E31CF257AE05-LeaderElection28] INFO  server.RaftServerConfigKeys (ConfUtils.java:logGet(46)) - raft.server.watch.element-limit = 65536 (default)
2024-04-29 10:04:51,666 [284a56ca-5c0a-4af3-8d75-aa8a7435325f@group-E31CF257AE05-LeaderElection28] INFO  server.RaftServerConfigKeys (ConfUtils.java:logGet(46)) - raft.server.read.leader.lease.enabled = false (default)
2024-04-29 10:04:51,666 [284a56ca-5c0a-4af3-8d75-aa8a7435325f@group-E31CF257AE05-LeaderElection28] INFO  server.RaftServerConfigKeys (ConfUtils.java:logGet(46)) - raft.server.read.leader.lease.timeout.ratio = 0.9 (default)
2024-04-29 10:04:51,666 [284a56ca-5c0a-4af3-8d75-aa8a7435325f@group-E31CF257AE05-LeaderElection28] INFO  server.RaftServerConfigKeys (ConfUtils.java:logGet(46)) - raft.server.rpc.timeout.min = 5s (custom)
2024-04-29 10:04:51,666 [284a56ca-5c0a-4af3-8d75-aa8a7435325f@group-E31CF257AE05-LeaderElection28] INFO  server.RaftServerConfigKeys (ConfUtils.java:logGet(46)) - raft.server.write.element-limit = 1024 (custom)
2024-04-29 10:04:51,666 [284a56ca-5c0a-4af3-8d75-aa8a7435325f@group-E31CF257AE05-LeaderElection28] INFO  server.RaftServerConfigKeys (ConfUtils.java:logGet(46)) - raft.server.write.follower.gap.ratio.max = -1.0 (default)
2024-04-29 10:04:51,666 [284a56ca-5c0a-4af3-8d75-aa8a7435325f@group-E31CF257AE05-LeaderElection28] INFO  impl.RoleInfo (RoleInfo.java:updateAndGet(139)) - 284a56ca-5c0a-4af3-8d75-aa8a7435325f: start 284a56ca-5c0a-4af3-8d75-aa8a7435325f@group-E31CF257AE05-LeaderStateImpl
2024-04-29 10:04:51,666 [284a56ca-5c0a-4af3-8d75-aa8a7435325f@group-E31CF257AE05-LeaderElection28] INFO  server.RaftServer$Division (RaftServerImpl.java:setFirstElection(574)) - 284a56ca-5c0a-4af3-8d75-aa8a7435325f@group-E31CF257AE05: set firstElectionSinceStartup to false for becomeLeader
2024-04-29 10:04:51,666 [284a56ca-5c0a-4af3-8d75-aa8a7435325f@group-E31CF257AE05-LeaderElection28] INFO  ratis.XceiverServerRatis (XceiverServerRatis.java:handleLeaderChangedNotification(966)) - Leader change notification received for group: group-E31CF257AE05 with new leaderId: 284a56ca-5c0a-4af3-8d75-aa8a7435325f
2024-04-29 10:04:51,666 [284a56ca-5c0a-4af3-8d75-aa8a7435325f@group-E31CF257AE05-LeaderElection28] INFO  server.RaftServer$Division (ServerState.java:setLeader(269)) - 284a56ca-5c0a-4af3-8d75-aa8a7435325f@group-E31CF257AE05: change Leader from null to 284a56ca-5c0a-4af3-8d75-aa8a7435325f at term 1 for becomeLeader, leader elected after 5076ms
2024-04-29 10:04:51,666 [284a56ca-5c0a-4af3-8d75-aa8a7435325f@group-E31CF257AE05-LeaderElection28] INFO  segmented.SegmentedRaftLogWorker (SegmentedRaftLogWorker.java:startLogSegment(430)) - 284a56ca-5c0a-4af3-8d75-aa8a7435325f@group-E31CF257AE05-SegmentedRaftLogWorker: Starting segment from index:0
2024-04-29 10:04:51,666 [284a56ca-5c0a-4af3-8d75-aa8a7435325f@group-E31CF257AE05-LeaderElection28] INFO  server.RaftServer$Division (ServerState.java:setRaftConf(386)) - 284a56ca-5c0a-4af3-8d75-aa8a7435325f@group-E31CF257AE05: set configuration 0: peers:[284a56ca-5c0a-4af3-8d75-aa8a7435325f|127.0.0.1:15139]|listeners:[], old=null
2024-04-29 10:04:51,669 [284a56ca-5c0a-4af3-8d75-aa8a7435325f@group-E31CF257AE05-SegmentedRaftLogWorker] INFO  segmented.BufferedWriteChannel (BufferedWriteChannel.java:open(62)) - open log_inprogress_0 at position 0
2024-04-29 10:04:51,670 [5831c0ab-0161-4108-a889-4f6b2f65c3d1@group-E2D529BDD975-SegmentedRaftLogWorker] INFO  segmented.SegmentedRaftLogWorker (SegmentedRaftLogWorker.java:execute(634)) - 5831c0ab-0161-4108-a889-4f6b2f65c3d1@group-E2D529BDD975-SegmentedRaftLogWorker: created new log segment /home/runner/work/ozone/ozone/hadoop-ozone/integration-test/target/test-dir/MiniOzoneClusterImpl-b6e902a5-721a-459f-a115-5ddcd789b87e/ozone-meta/datanode-4/ratis/5ffe0956-3746-478e-8a75-e2d529bdd975/current/log_inprogress_0
2024-04-29 10:04:51,677 [284a56ca-5c0a-4af3-8d75-aa8a7435325f@group-E31CF257AE05-SegmentedRaftLogWorker] INFO  segmented.SegmentedRaftLogWorker (SegmentedRaftLogWorker.java:execute(634)) - 284a56ca-5c0a-4af3-8d75-aa8a7435325f@group-E31CF257AE05-SegmentedRaftLogWorker: created new log segment /home/runner/work/ozone/ozone/hadoop-ozone/integration-test/target/test-dir/MiniOzoneClusterImpl-b6e902a5-721a-459f-a115-5ddcd789b87e/ozone-meta/datanode-5/ratis/97721f86-148f-4610-9304-e31cf257ae05/current/log_inprogress_0
2024-04-29 10:04:51,679 [2fa79b0d-8934-45bf-9a4b-7d27b0482fa8-server-thread1] INFO  ratis.XceiverServerRatis (XceiverServerRatis.java:handleLeaderChangedNotification(966)) - Leader change notification received for group: group-E2D529BDD975 with new leaderId: 5831c0ab-0161-4108-a889-4f6b2f65c3d1
2024-04-29 10:04:51,679 [2fa79b0d-8934-45bf-9a4b-7d27b0482fa8-server-thread1] INFO  server.RaftServer$Division (ServerState.java:setLeader(269)) - 2fa79b0d-8934-45bf-9a4b-7d27b0482fa8@group-E2D529BDD975: change Leader from null to 5831c0ab-0161-4108-a889-4f6b2f65c3d1 at term 1 for appendEntries, leader elected after 5160ms
2024-04-29 10:04:51,679 [284a56ca-5c0a-4af3-8d75-aa8a7435325f-server-thread1] INFO  ratis.XceiverServerRatis (XceiverServerRatis.java:handleLeaderChangedNotification(966)) - Leader change notification received for group: group-E2D529BDD975 with new leaderId: 5831c0ab-0161-4108-a889-4f6b2f65c3d1
2024-04-29 10:04:51,680 [284a56ca-5c0a-4af3-8d75-aa8a7435325f-server-thread1] INFO  server.RaftServer$Division (ServerState.java:setLeader(269)) - 284a56ca-5c0a-4af3-8d75-aa8a7435325f@group-E2D529BDD975: change Leader from null to 5831c0ab-0161-4108-a889-4f6b2f65c3d1 at term 1 for appendEntries, leader elected after 5126ms
2024-04-29 10:04:51,680 [2fa79b0d-8934-45bf-9a4b-7d27b0482fa8-server-thread2] INFO  server.RaftServer$Division (ServerState.java:setRaftConf(386)) - 2fa79b0d-8934-45bf-9a4b-7d27b0482fa8@group-E2D529BDD975: set configuration 0: peers:[5831c0ab-0161-4108-a889-4f6b2f65c3d1|127.0.0.1:15130, 2fa79b0d-8934-45bf-9a4b-7d27b0482fa8|127.0.0.1:15148, 284a56ca-5c0a-4af3-8d75-aa8a7435325f|127.0.0.1:15139]|listeners:[], old=null
2024-04-29 10:04:51,680 [284a56ca-5c0a-4af3-8d75-aa8a7435325f@group-E31CF257AE05-StateMachineUpdater] INFO  server.RaftServer$Division (LeaderStateImpl.java:isApplied(320)) - leader is ready since appliedIndex == 0 >= startIndex == 0
2024-04-29 10:04:51,680 [284a56ca-5c0a-4af3-8d75-aa8a7435325f-server-thread2] INFO  server.RaftServer$Division (ServerState.java:setRaftConf(386)) - 284a56ca-5c0a-4af3-8d75-aa8a7435325f@group-E2D529BDD975: set configuration 0: peers:[5831c0ab-0161-4108-a889-4f6b2f65c3d1|127.0.0.1:15130, 2fa79b0d-8934-45bf-9a4b-7d27b0482fa8|127.0.0.1:15148, 284a56ca-5c0a-4af3-8d75-aa8a7435325f|127.0.0.1:15139]|listeners:[], old=null
2024-04-29 10:04:51,680 [284a56ca-5c0a-4af3-8d75-aa8a7435325f-server-thread2] INFO  segmented.SegmentedRaftLogWorker (SegmentedRaftLogWorker.java:startLogSegment(430)) - 284a56ca-5c0a-4af3-8d75-aa8a7435325f@group-E2D529BDD975-SegmentedRaftLogWorker: Starting segment from index:0
2024-04-29 10:04:51,680 [2fa79b0d-8934-45bf-9a4b-7d27b0482fa8-server-thread2] INFO  segmented.SegmentedRaftLogWorker (SegmentedRaftLogWorker.java:startLogSegment(430)) - 2fa79b0d-8934-45bf-9a4b-7d27b0482fa8@group-E2D529BDD975-SegmentedRaftLogWorker: Starting segment from index:0
2024-04-29 10:04:51,681 [284a56ca-5c0a-4af3-8d75-aa8a7435325f@group-E2D529BDD975-SegmentedRaftLogWorker] INFO  segmented.BufferedWriteChannel (BufferedWriteChannel.java:open(62)) - open log_inprogress_0 at position 0
2024-04-29 10:04:51,682 [2fa79b0d-8934-45bf-9a4b-7d27b0482fa8@group-E2D529BDD975-SegmentedRaftLogWorker] INFO  segmented.BufferedWriteChannel (BufferedWriteChannel.java:open(62)) - open log_inprogress_0 at position 0
2024-04-29 10:04:51,691 [2fa79b0d-8934-45bf-9a4b-7d27b0482fa8@group-E2D529BDD975-SegmentedRaftLogWorker] INFO  segmented.SegmentedRaftLogWorker (SegmentedRaftLogWorker.java:execute(634)) - 2fa79b0d-8934-45bf-9a4b-7d27b0482fa8@group-E2D529BDD975-SegmentedRaftLogWorker: created new log segment /home/runner/work/ozone/ozone/hadoop-ozone/integration-test/target/test-dir/MiniOzoneClusterImpl-b6e902a5-721a-459f-a115-5ddcd789b87e/ozone-meta/datanode-6/ratis/5ffe0956-3746-478e-8a75-e2d529bdd975/current/log_inprogress_0
2024-04-29 10:04:51,692 [284a56ca-5c0a-4af3-8d75-aa8a7435325f@group-E2D529BDD975-SegmentedRaftLogWorker] INFO  segmented.SegmentedRaftLogWorker (SegmentedRaftLogWorker.java:execute(634)) - 284a56ca-5c0a-4af3-8d75-aa8a7435325f@group-E2D529BDD975-SegmentedRaftLogWorker: created new log segment /home/runner/work/ozone/ozone/hadoop-ozone/integration-test/target/test-dir/MiniOzoneClusterImpl-b6e902a5-721a-459f-a115-5ddcd789b87e/ozone-meta/datanode-5/ratis/5ffe0956-3746-478e-8a75-e2d529bdd975/current/log_inprogress_0
2024-04-29 10:04:51,694 [5831c0ab-0161-4108-a889-4f6b2f65c3d1@group-E2D529BDD975-StateMachineUpdater] INFO  server.RaftServer$Division (LeaderStateImpl.java:isApplied(320)) - leader is ready since appliedIndex == 0 >= startIndex == 0
2024-04-29 10:04:51,821 [2fa79b0d-8934-45bf-9a4b-7d27b0482fa8@group-1DE36CE6263D-FollowerState] INFO  impl.FollowerState (FollowerState.java:run(143)) - 2fa79b0d-8934-45bf-9a4b-7d27b0482fa8@group-1DE36CE6263D-FollowerState: change to CANDIDATE, lastRpcElapsedTime:5149972564ns, electionTimeout:5149ms
2024-04-29 10:04:51,821 [2fa79b0d-8934-45bf-9a4b-7d27b0482fa8@group-1DE36CE6263D-FollowerState] INFO  impl.RoleInfo (RoleInfo.java:shutdownFollowerState(110)) - 2fa79b0d-8934-45bf-9a4b-7d27b0482fa8: shutdown 2fa79b0d-8934-45bf-9a4b-7d27b0482fa8@group-1DE36CE6263D-FollowerState
2024-04-29 10:04:51,821 [2fa79b0d-8934-45bf-9a4b-7d27b0482fa8@group-1DE36CE6263D-FollowerState] INFO  server.RaftServer$Division (RaftServerImpl.java:setRole(383)) - 2fa79b0d-8934-45bf-9a4b-7d27b0482fa8@group-1DE36CE6263D: changes role from  FOLLOWER to CANDIDATE at term 0 for changeToCandidate
2024-04-29 10:04:51,821 [2fa79b0d-8934-45bf-9a4b-7d27b0482fa8@group-1DE36CE6263D-FollowerState] INFO  server.RaftServerConfigKeys (ConfUtils.java:logGet(46)) - raft.server.leaderelection.pre-vote = true (default)
2024-04-29 10:04:51,821 [2fa79b0d-8934-45bf-9a4b-7d27b0482fa8@group-1DE36CE6263D-FollowerState] INFO  impl.RoleInfo (RoleInfo.java:updateAndGet(139)) - 2fa79b0d-8934-45bf-9a4b-7d27b0482fa8: start 2fa79b0d-8934-45bf-9a4b-7d27b0482fa8@group-1DE36CE6263D-LeaderElection29
2024-04-29 10:04:51,821 [2fa79b0d-8934-45bf-9a4b-7d27b0482fa8@group-1DE36CE6263D-LeaderElection29] INFO  impl.LeaderElection (LeaderElection.java:askForVotes(321)) - 2fa79b0d-8934-45bf-9a4b-7d27b0482fa8@group-1DE36CE6263D-LeaderElection29 PRE_VOTE round 0: submit vote requests at term 0 for -1: peers:[2fa79b0d-8934-45bf-9a4b-7d27b0482fa8|127.0.0.1:15148]|listeners:[], old=null
2024-04-29 10:04:51,821 [2fa79b0d-8934-45bf-9a4b-7d27b0482fa8@group-1DE36CE6263D-LeaderElection29] INFO  impl.LeaderElection (LeaderElection.java:askForVotes(323)) - 2fa79b0d-8934-45bf-9a4b-7d27b0482fa8@group-1DE36CE6263D-LeaderElection29 PRE_VOTE round 0: result PASSED (term=0)
2024-04-29 10:04:51,822 [2fa79b0d-8934-45bf-9a4b-7d27b0482fa8@group-1DE36CE6263D-LeaderElection29] INFO  impl.LeaderElection (LeaderElection.java:askForVotes(321)) - 2fa79b0d-8934-45bf-9a4b-7d27b0482fa8@group-1DE36CE6263D-LeaderElection29 ELECTION round 0: submit vote requests at term 1 for -1: peers:[2fa79b0d-8934-45bf-9a4b-7d27b0482fa8|127.0.0.1:15148]|listeners:[], old=null
2024-04-29 10:04:51,822 [2fa79b0d-8934-45bf-9a4b-7d27b0482fa8@group-1DE36CE6263D-LeaderElection29] INFO  impl.LeaderElection (LeaderElection.java:askForVotes(323)) - 2fa79b0d-8934-45bf-9a4b-7d27b0482fa8@group-1DE36CE6263D-LeaderElection29 ELECTION round 0: result PASSED (term=1)
2024-04-29 10:04:51,822 [2fa79b0d-8934-45bf-9a4b-7d27b0482fa8@group-1DE36CE6263D-LeaderElection29] INFO  impl.RoleInfo (RoleInfo.java:shutdownLeaderElection(130)) - 2fa79b0d-8934-45bf-9a4b-7d27b0482fa8: shutdown 2fa79b0d-8934-45bf-9a4b-7d27b0482fa8@group-1DE36CE6263D-LeaderElection29
2024-04-29 10:04:51,822 [2fa79b0d-8934-45bf-9a4b-7d27b0482fa8@group-1DE36CE6263D-LeaderElection29] INFO  server.RaftServer$Division (RaftServerImpl.java:setRole(383)) - 2fa79b0d-8934-45bf-9a4b-7d27b0482fa8@group-1DE36CE6263D: changes role from CANDIDATE to LEADER at term 1 for changeToLeader
2024-04-29 10:04:51,823 [2fa79b0d-8934-45bf-9a4b-7d27b0482fa8@group-1DE36CE6263D-LeaderElection29] INFO  server.RaftServerConfigKeys (ConfUtils.java:logGet(46)) - raft.server.staging.catchup.gap = 1000 (default)
2024-04-29 10:04:51,823 [2fa79b0d-8934-45bf-9a4b-7d27b0482fa8@group-1DE36CE6263D-LeaderElection29] INFO  server.RaftServerConfigKeys (ConfUtils.java:logGet(46)) - raft.server.write.element-limit = 1024 (custom)
2024-04-29 10:04:51,823 [2fa79b0d-8934-45bf-9a4b-7d27b0482fa8@group-1DE36CE6263D-LeaderElection29] INFO  server.RaftServerConfigKeys (ConfUtils.java:logGet(46)) - raft.server.write.byte-limit = 1024 M (=1073741824) (custom)
2024-04-29 10:04:51,823 [2fa79b0d-8934-45bf-9a4b-7d27b0482fa8@group-1DE36CE6263D-LeaderElection29] INFO  server.RaftServerConfigKeys (ConfUtils.java:logGet(46)) - raft.server.watch.timeout = 3000ms (custom)
2024-04-29 10:04:51,823 [2fa79b0d-8934-45bf-9a4b-7d27b0482fa8@group-1DE36CE6263D-LeaderElection29] INFO  server.RaftServerConfigKeys (ConfUtils.java:logGet(46)) - raft.server.watch.timeout.denomination = 1s (default)
2024-04-29 10:04:51,823 [2fa79b0d-8934-45bf-9a4b-7d27b0482fa8@group-1DE36CE6263D-LeaderElection29] INFO  server.RaftServerConfigKeys (ConfUtils.java:logGet(46)) - raft.server.watch.element-limit = 65536 (default)
2024-04-29 10:04:51,823 [2fa79b0d-8934-45bf-9a4b-7d27b0482fa8@group-1DE36CE6263D-LeaderElection29] INFO  server.RaftServerConfigKeys (ConfUtils.java:logGet(46)) - raft.server.read.leader.lease.enabled = false (default)
2024-04-29 10:04:51,823 [2fa79b0d-8934-45bf-9a4b-7d27b0482fa8@group-1DE36CE6263D-LeaderElection29] INFO  server.RaftServerConfigKeys (ConfUtils.java:logGet(46)) - raft.server.read.leader.lease.timeout.ratio = 0.9 (default)
2024-04-29 10:04:51,823 [2fa79b0d-8934-45bf-9a4b-7d27b0482fa8@group-1DE36CE6263D-LeaderElection29] INFO  server.RaftServerConfigKeys (ConfUtils.java:logGet(46)) - raft.server.rpc.timeout.min = 5s (custom)
2024-04-29 10:04:51,823 [2fa79b0d-8934-45bf-9a4b-7d27b0482fa8@group-1DE36CE6263D-LeaderElection29] INFO  server.RaftServerConfigKeys (ConfUtils.java:logGet(46)) - raft.server.write.element-limit = 1024 (custom)
2024-04-29 10:04:51,823 [2fa79b0d-8934-45bf-9a4b-7d27b0482fa8@group-1DE36CE6263D-LeaderElection29] INFO  server.RaftServerConfigKeys (ConfUtils.java:logGet(46)) - raft.server.write.follower.gap.ratio.max = -1.0 (default)
2024-04-29 10:04:51,824 [2fa79b0d-8934-45bf-9a4b-7d27b0482fa8@group-1DE36CE6263D-LeaderElection29] INFO  impl.RoleInfo (RoleInfo.java:updateAndGet(139)) - 2fa79b0d-8934-45bf-9a4b-7d27b0482fa8: start 2fa79b0d-8934-45bf-9a4b-7d27b0482fa8@group-1DE36CE6263D-LeaderStateImpl
2024-04-29 10:04:51,824 [2fa79b0d-8934-45bf-9a4b-7d27b0482fa8@group-1DE36CE6263D-LeaderElection29] INFO  server.RaftServer$Division (RaftServerImpl.java:setFirstElection(574)) - 2fa79b0d-8934-45bf-9a4b-7d27b0482fa8@group-1DE36CE6263D: set firstElectionSinceStartup to false for becomeLeader
2024-04-29 10:04:51,824 [2fa79b0d-8934-45bf-9a4b-7d27b0482fa8@group-1DE36CE6263D-LeaderElection29] INFO  ratis.XceiverServerRatis (XceiverServerRatis.java:handleLeaderChangedNotification(966)) - Leader change notification received for group: group-1DE36CE6263D with new leaderId: 2fa79b0d-8934-45bf-9a4b-7d27b0482fa8
2024-04-29 10:04:51,824 [2fa79b0d-8934-45bf-9a4b-7d27b0482fa8@group-1DE36CE6263D-LeaderElection29] INFO  server.RaftServer$Division (ServerState.java:setLeader(269)) - 2fa79b0d-8934-45bf-9a4b-7d27b0482fa8@group-1DE36CE6263D: change Leader from null to 2fa79b0d-8934-45bf-9a4b-7d27b0482fa8 at term 1 for becomeLeader, leader elected after 5163ms
2024-04-29 10:04:51,824 [2fa79b0d-8934-45bf-9a4b-7d27b0482fa8@group-1DE36CE6263D-LeaderElection29] INFO  segmented.SegmentedRaftLogWorker (SegmentedRaftLogWorker.java:startLogSegment(430)) - 2fa79b0d-8934-45bf-9a4b-7d27b0482fa8@group-1DE36CE6263D-SegmentedRaftLogWorker: Starting segment from index:0
2024-04-29 10:04:51,824 [2fa79b0d-8934-45bf-9a4b-7d27b0482fa8@group-1DE36CE6263D-LeaderElection29] INFO  server.RaftServer$Division (ServerState.java:setRaftConf(386)) - 2fa79b0d-8934-45bf-9a4b-7d27b0482fa8@group-1DE36CE6263D: set configuration 0: peers:[2fa79b0d-8934-45bf-9a4b-7d27b0482fa8|127.0.0.1:15148]|listeners:[], old=null
2024-04-29 10:04:51,825 [4e10c049-ef00-4c78-84ba-ad0788e207ea@group-245A327A29BC-FollowerState] INFO  impl.FollowerState (FollowerState.java:run(143)) - 4e10c049-ef00-4c78-84ba-ad0788e207ea@group-245A327A29BC-FollowerState: change to CANDIDATE, lastRpcElapsedTime:5062002690ns, electionTimeout:5061ms
2024-04-29 10:04:51,825 [4e10c049-ef00-4c78-84ba-ad0788e207ea@group-245A327A29BC-FollowerState] INFO  impl.RoleInfo (RoleInfo.java:shutdownFollowerState(110)) - 4e10c049-ef00-4c78-84ba-ad0788e207ea: shutdown 4e10c049-ef00-4c78-84ba-ad0788e207ea@group-245A327A29BC-FollowerState
2024-04-29 10:04:51,825 [4e10c049-ef00-4c78-84ba-ad0788e207ea@group-245A327A29BC-FollowerState] INFO  server.RaftServer$Division (RaftServerImpl.java:setRole(383)) - 4e10c049-ef00-4c78-84ba-ad0788e207ea@group-245A327A29BC: changes role from  FOLLOWER to CANDIDATE at term 0 for changeToCandidate
2024-04-29 10:04:51,825 [4e10c049-ef00-4c78-84ba-ad0788e207ea@group-245A327A29BC-FollowerState] INFO  server.RaftServerConfigKeys (ConfUtils.java:logGet(46)) - raft.server.leaderelection.pre-vote = true (default)
2024-04-29 10:04:51,825 [4e10c049-ef00-4c78-84ba-ad0788e207ea@group-245A327A29BC-FollowerState] INFO  impl.RoleInfo (RoleInfo.java:updateAndGet(139)) - 4e10c049-ef00-4c78-84ba-ad0788e207ea: start 4e10c049-ef00-4c78-84ba-ad0788e207ea@group-245A327A29BC-LeaderElection30
2024-04-29 10:04:51,825 [2fa79b0d-8934-45bf-9a4b-7d27b0482fa8@group-1DE36CE6263D-SegmentedRaftLogWorker] INFO  segmented.BufferedWriteChannel (BufferedWriteChannel.java:open(62)) - open log_inprogress_0 at position 0
2024-04-29 10:04:51,829 [4e10c049-ef00-4c78-84ba-ad0788e207ea@group-245A327A29BC-LeaderElection30] INFO  impl.LeaderElection (LeaderElection.java:askForVotes(321)) - 4e10c049-ef00-4c78-84ba-ad0788e207ea@group-245A327A29BC-LeaderElection30 PRE_VOTE round 0: submit vote requests at term 0 for -1: peers:[4e10c049-ef00-4c78-84ba-ad0788e207ea|127.0.0.1:15157]|listeners:[], old=null
2024-04-29 10:04:51,829 [4e10c049-ef00-4c78-84ba-ad0788e207ea@group-245A327A29BC-LeaderElection30] INFO  impl.LeaderElection (LeaderElection.java:askForVotes(323)) - 4e10c049-ef00-4c78-84ba-ad0788e207ea@group-245A327A29BC-LeaderElection30 PRE_VOTE round 0: result PASSED (term=0)
2024-04-29 10:04:51,833 [4e10c049-ef00-4c78-84ba-ad0788e207ea@group-245A327A29BC-LeaderElection30] INFO  impl.LeaderElection (LeaderElection.java:askForVotes(321)) - 4e10c049-ef00-4c78-84ba-ad0788e207ea@group-245A327A29BC-LeaderElection30 ELECTION round 0: submit vote requests at term 1 for -1: peers:[4e10c049-ef00-4c78-84ba-ad0788e207ea|127.0.0.1:15157]|listeners:[], old=null
2024-04-29 10:04:51,833 [4e10c049-ef00-4c78-84ba-ad0788e207ea@group-245A327A29BC-LeaderElection30] INFO  impl.LeaderElection (LeaderElection.java:askForVotes(323)) - 4e10c049-ef00-4c78-84ba-ad0788e207ea@group-245A327A29BC-LeaderElection30 ELECTION round 0: result PASSED (term=1)
2024-04-29 10:04:51,833 [4e10c049-ef00-4c78-84ba-ad0788e207ea@group-245A327A29BC-LeaderElection30] INFO  impl.RoleInfo (RoleInfo.java:shutdownLeaderElection(130)) - 4e10c049-ef00-4c78-84ba-ad0788e207ea: shutdown 4e10c049-ef00-4c78-84ba-ad0788e207ea@group-245A327A29BC-LeaderElection30
2024-04-29 10:04:51,833 [2fa79b0d-8934-45bf-9a4b-7d27b0482fa8@group-1DE36CE6263D-SegmentedRaftLogWorker] INFO  segmented.SegmentedRaftLogWorker (SegmentedRaftLogWorker.java:execute(634)) - 2fa79b0d-8934-45bf-9a4b-7d27b0482fa8@group-1DE36CE6263D-SegmentedRaftLogWorker: created new log segment /home/runner/work/ozone/ozone/hadoop-ozone/integration-test/target/test-dir/MiniOzoneClusterImpl-b6e902a5-721a-459f-a115-5ddcd789b87e/ozone-meta/datanode-6/ratis/f158f391-7c63-45f6-8445-1de36ce6263d/current/log_inprogress_0
2024-04-29 10:04:51,833 [4e10c049-ef00-4c78-84ba-ad0788e207ea@group-245A327A29BC-LeaderElection30] INFO  server.RaftServer$Division (RaftServerImpl.java:setRole(383)) - 4e10c049-ef00-4c78-84ba-ad0788e207ea@group-245A327A29BC: changes role from CANDIDATE to LEADER at term 1 for changeToLeader
2024-04-29 10:04:51,833 [4e10c049-ef00-4c78-84ba-ad0788e207ea@group-245A327A29BC-LeaderElection30] INFO  server.RaftServerConfigKeys (ConfUtils.java:logGet(46)) - raft.server.staging.catchup.gap = 1000 (default)
2024-04-29 10:04:51,833 [4e10c049-ef00-4c78-84ba-ad0788e207ea@group-245A327A29BC-LeaderElection30] INFO  server.RaftServerConfigKeys (ConfUtils.java:logGet(46)) - raft.server.write.element-limit = 1024 (custom)
2024-04-29 10:04:51,833 [4e10c049-ef00-4c78-84ba-ad0788e207ea@group-245A327A29BC-LeaderElection30] INFO  server.RaftServerConfigKeys (ConfUtils.java:logGet(46)) - raft.server.write.byte-limit = 1024 M (=1073741824) (custom)
2024-04-29 10:04:51,833 [4e10c049-ef00-4c78-84ba-ad0788e207ea@group-245A327A29BC-LeaderElection30] INFO  server.RaftServerConfigKeys (ConfUtils.java:logGet(46)) - raft.server.watch.timeout = 3000ms (custom)
2024-04-29 10:04:51,833 [4e10c049-ef00-4c78-84ba-ad0788e207ea@group-245A327A29BC-LeaderElection30] INFO  server.RaftServerConfigKeys (ConfUtils.java:logGet(46)) - raft.server.watch.timeout.denomination = 1s (default)
2024-04-29 10:04:51,834 [4e10c049-ef00-4c78-84ba-ad0788e207ea@group-245A327A29BC-LeaderElection30] INFO  server.RaftServerConfigKeys (ConfUtils.java:logGet(46)) - raft.server.watch.element-limit = 65536 (default)
2024-04-29 10:04:51,834 [4e10c049-ef00-4c78-84ba-ad0788e207ea@group-245A327A29BC-LeaderElection30] INFO  server.RaftServerConfigKeys (ConfUtils.java:logGet(46)) - raft.server.read.leader.lease.enabled = false (default)
2024-04-29 10:04:51,834 [4e10c049-ef00-4c78-84ba-ad0788e207ea@group-245A327A29BC-LeaderElection30] INFO  server.RaftServerConfigKeys (ConfUtils.java:logGet(46)) - raft.server.read.leader.lease.timeout.ratio = 0.9 (default)
2024-04-29 10:04:51,834 [4e10c049-ef00-4c78-84ba-ad0788e207ea@group-245A327A29BC-LeaderElection30] INFO  server.RaftServerConfigKeys (ConfUtils.java:logGet(46)) - raft.server.rpc.timeout.min = 5s (custom)
2024-04-29 10:04:51,834 [4e10c049-ef00-4c78-84ba-ad0788e207ea@group-245A327A29BC-LeaderElection30] INFO  server.RaftServerConfigKeys (ConfUtils.java:logGet(46)) - raft.server.write.element-limit = 1024 (custom)
2024-04-29 10:04:51,834 [4e10c049-ef00-4c78-84ba-ad0788e207ea@group-245A327A29BC-LeaderElection30] INFO  server.RaftServerConfigKeys (ConfUtils.java:logGet(46)) - raft.server.write.follower.gap.ratio.max = -1.0 (default)
2024-04-29 10:04:51,834 [4e10c049-ef00-4c78-84ba-ad0788e207ea@group-245A327A29BC-LeaderElection30] INFO  impl.RoleInfo (RoleInfo.java:updateAndGet(139)) - 4e10c049-ef00-4c78-84ba-ad0788e207ea: start 4e10c049-ef00-4c78-84ba-ad0788e207ea@group-245A327A29BC-LeaderStateImpl
2024-04-29 10:04:51,834 [4e10c049-ef00-4c78-84ba-ad0788e207ea@group-245A327A29BC-LeaderElection30] INFO  server.RaftServer$Division (RaftServerImpl.java:setFirstElection(574)) - 4e10c049-ef00-4c78-84ba-ad0788e207ea@group-245A327A29BC: set firstElectionSinceStartup to false for becomeLeader
2024-04-29 10:04:51,834 [4e10c049-ef00-4c78-84ba-ad0788e207ea@group-245A327A29BC-LeaderElection30] INFO  ratis.XceiverServerRatis (XceiverServerRatis.java:handleLeaderChangedNotification(966)) - Leader change notification received for group: group-245A327A29BC with new leaderId: 4e10c049-ef00-4c78-84ba-ad0788e207ea
2024-04-29 10:04:51,834 [4e10c049-ef00-4c78-84ba-ad0788e207ea@group-245A327A29BC-LeaderElection30] INFO  server.RaftServer$Division (ServerState.java:setLeader(269)) - 4e10c049-ef00-4c78-84ba-ad0788e207ea@group-245A327A29BC: change Leader from null to 4e10c049-ef00-4c78-84ba-ad0788e207ea at term 1 for becomeLeader, leader elected after 5081ms
2024-04-29 10:04:51,834 [2fa79b0d-8934-45bf-9a4b-7d27b0482fa8@group-1DE36CE6263D-StateMachineUpdater] INFO  server.RaftServer$Division (LeaderStateImpl.java:isApplied(320)) - leader is ready since appliedIndex == 0 >= startIndex == 0
2024-04-29 10:04:51,834 [4e10c049-ef00-4c78-84ba-ad0788e207ea@group-245A327A29BC-LeaderElection30] INFO  segmented.SegmentedRaftLogWorker (SegmentedRaftLogWorker.java:startLogSegment(430)) - 4e10c049-ef00-4c78-84ba-ad0788e207ea@group-245A327A29BC-SegmentedRaftLogWorker: Starting segment from index:0
2024-04-29 10:04:51,835 [4e10c049-ef00-4c78-84ba-ad0788e207ea@group-245A327A29BC-LeaderElection30] INFO  server.RaftServer$Division (ServerState.java:setRaftConf(386)) - 4e10c049-ef00-4c78-84ba-ad0788e207ea@group-245A327A29BC: set configuration 0: peers:[4e10c049-ef00-4c78-84ba-ad0788e207ea|127.0.0.1:15157]|listeners:[], old=null
2024-04-29 10:04:51,836 [4e10c049-ef00-4c78-84ba-ad0788e207ea@group-245A327A29BC-SegmentedRaftLogWorker] INFO  segmented.BufferedWriteChannel (BufferedWriteChannel.java:open(62)) - open log_inprogress_0 at position 0
2024-04-29 10:04:51,839 [4e10c049-ef00-4c78-84ba-ad0788e207ea@group-8A14C840A84E-FollowerState] INFO  impl.FollowerState (FollowerState.java:run(143)) - 4e10c049-ef00-4c78-84ba-ad0788e207ea@group-8A14C840A84E-FollowerState: change to CANDIDATE, lastRpcElapsedTime:5061796207ns, electionTimeout:5061ms
2024-04-29 10:04:51,839 [4e10c049-ef00-4c78-84ba-ad0788e207ea@group-8A14C840A84E-FollowerState] INFO  impl.RoleInfo (RoleInfo.java:shutdownFollowerState(110)) - 4e10c049-ef00-4c78-84ba-ad0788e207ea: shutdown 4e10c049-ef00-4c78-84ba-ad0788e207ea@group-8A14C840A84E-FollowerState
2024-04-29 10:04:51,839 [4e10c049-ef00-4c78-84ba-ad0788e207ea@group-8A14C840A84E-FollowerState] INFO  server.RaftServer$Division (RaftServerImpl.java:setRole(383)) - 4e10c049-ef00-4c78-84ba-ad0788e207ea@group-8A14C840A84E: changes role from  FOLLOWER to CANDIDATE at term 0 for changeToCandidate
2024-04-29 10:04:51,839 [4e10c049-ef00-4c78-84ba-ad0788e207ea@group-8A14C840A84E-FollowerState] INFO  server.RaftServerConfigKeys (ConfUtils.java:logGet(46)) - raft.server.leaderelection.pre-vote = true (default)
2024-04-29 10:04:51,839 [4e10c049-ef00-4c78-84ba-ad0788e207ea@group-8A14C840A84E-FollowerState] INFO  impl.RoleInfo (RoleInfo.java:updateAndGet(139)) - 4e10c049-ef00-4c78-84ba-ad0788e207ea: start 4e10c049-ef00-4c78-84ba-ad0788e207ea@group-8A14C840A84E-LeaderElection31
2024-04-29 10:04:51,840 [4e10c049-ef00-4c78-84ba-ad0788e207ea@group-8A14C840A84E-LeaderElection31] INFO  impl.LeaderElection (LeaderElection.java:askForVotes(321)) - 4e10c049-ef00-4c78-84ba-ad0788e207ea@group-8A14C840A84E-LeaderElection31 PRE_VOTE round 0: submit vote requests at term 0 for -1: peers:[dd1da58e-99a3-4355-8051-ac3fff011e62|127.0.0.1:15175, 4e10c049-ef00-4c78-84ba-ad0788e207ea|127.0.0.1:15157, a0b5e3cc-426b-4365-97e7-610395f4eb0a|127.0.0.1:15166]|listeners:[], old=null
2024-04-29 10:04:51,840 [4e10c049-ef00-4c78-84ba-ad0788e207ea@group-8A14C840A84E-LeaderElection31-1] INFO  server.GrpcServerProtocolClient (GrpcServerProtocolClient.java:<init>(65)) - Build channel for dd1da58e-99a3-4355-8051-ac3fff011e62|127.0.0.1:15175
2024-04-29 10:04:51,840 [4e10c049-ef00-4c78-84ba-ad0788e207ea@group-8A14C840A84E-LeaderElection31-2] INFO  server.GrpcServerProtocolClient (GrpcServerProtocolClient.java:<init>(65)) - Build channel for a0b5e3cc-426b-4365-97e7-610395f4eb0a|127.0.0.1:15166
2024-04-29 10:04:51,840 [4e10c049-ef00-4c78-84ba-ad0788e207ea@group-8A14C840A84E-LeaderElection31] INFO  server.RaftServerConfigKeys (ConfUtils.java:logFallback(53)) - raft.server.rpc.first-election.timeout.min = 5s (fallback to raft.server.rpc.timeout.min)
2024-04-29 10:04:51,840 [4e10c049-ef00-4c78-84ba-ad0788e207ea@group-8A14C840A84E-LeaderElection31] INFO  server.RaftServerConfigKeys (ConfUtils.java:logFallback(53)) - raft.server.rpc.first-election.timeout.max = 5200ms (fallback to raft.server.rpc.timeout.max)
2024-04-29 10:04:51,844 [grpc-default-executor-4] INFO  server.RaftServer$Division (RaftServerImpl.java:requestVote(1389)) - a0b5e3cc-426b-4365-97e7-610395f4eb0a@group-8A14C840A84E: receive requestVote(PRE_VOTE, 4e10c049-ef00-4c78-84ba-ad0788e207ea, group-8A14C840A84E, 0, (t:0, i:0))
2024-04-29 10:04:51,844 [grpc-default-executor-4] INFO  impl.VoteContext (VoteContext.java:log(49)) - a0b5e3cc-426b-4365-97e7-610395f4eb0a@group-8A14C840A84E-FOLLOWER: accept PRE_VOTE from 4e10c049-ef00-4c78-84ba-ad0788e207ea: our priority 0 <= candidate's priority 1
2024-04-29 10:04:51,844 [4e10c049-ef00-4c78-84ba-ad0788e207ea@group-245A327A29BC-SegmentedRaftLogWorker] INFO  segmented.SegmentedRaftLogWorker (SegmentedRaftLogWorker.java:execute(634)) - 4e10c049-ef00-4c78-84ba-ad0788e207ea@group-245A327A29BC-SegmentedRaftLogWorker: created new log segment /home/runner/work/ozone/ozone/hadoop-ozone/integration-test/target/test-dir/MiniOzoneClusterImpl-b6e902a5-721a-459f-a115-5ddcd789b87e/ozone-meta/datanode-7/ratis/5a66546b-75e7-4dab-b3f6-245a327a29bc/current/log_inprogress_0
2024-04-29 10:04:51,844 [grpc-default-executor-4] INFO  server.RaftServer$Division (RaftServerImpl.java:requestVote(1422)) - a0b5e3cc-426b-4365-97e7-610395f4eb0a@group-8A14C840A84E replies to PRE_VOTE vote request: 4e10c049-ef00-4c78-84ba-ad0788e207ea<-a0b5e3cc-426b-4365-97e7-610395f4eb0a#0:OK-t0. Peer's state: a0b5e3cc-426b-4365-97e7-610395f4eb0a@group-8A14C840A84E:t0, leader=null, voted=, raftlog=Memoized:a0b5e3cc-426b-4365-97e7-610395f4eb0a@group-8A14C840A84E-SegmentedRaftLog:OPENED:c-1, conf=-1: peers:[dd1da58e-99a3-4355-8051-ac3fff011e62|127.0.0.1:15175, 4e10c049-ef00-4c78-84ba-ad0788e207ea|127.0.0.1:15157, a0b5e3cc-426b-4365-97e7-610395f4eb0a|127.0.0.1:15166]|listeners:[], old=null
2024-04-29 10:04:51,845 [4e10c049-ef00-4c78-84ba-ad0788e207ea@group-8A14C840A84E-LeaderElection31] INFO  impl.LeaderElection (LeaderElection.java:logAndReturn(89)) - 4e10c049-ef00-4c78-84ba-ad0788e207ea@group-8A14C840A84E-LeaderElection31: PRE_VOTE PASSED received 1 response(s) and 0 exception(s):
2024-04-29 10:04:51,846 [4e10c049-ef00-4c78-84ba-ad0788e207ea@group-8A14C840A84E-LeaderElection31] INFO  impl.LeaderElection (LeaderElection.java:logAndReturn(93)) -   Response 0: 4e10c049-ef00-4c78-84ba-ad0788e207ea<-a0b5e3cc-426b-4365-97e7-610395f4eb0a#0:OK-t0
2024-04-29 10:04:51,846 [4e10c049-ef00-4c78-84ba-ad0788e207ea@group-8A14C840A84E-LeaderElection31] INFO  impl.LeaderElection (LeaderElection.java:askForVotes(323)) - 4e10c049-ef00-4c78-84ba-ad0788e207ea@group-8A14C840A84E-LeaderElection31 PRE_VOTE round 0: result PASSED
2024-04-29 10:04:51,849 [4e10c049-ef00-4c78-84ba-ad0788e207ea@group-245A327A29BC-StateMachineUpdater] INFO  server.RaftServer$Division (LeaderStateImpl.java:isApplied(320)) - leader is ready since appliedIndex == 0 >= startIndex == 0
2024-04-29 10:04:51,851 [grpc-default-executor-4] INFO  server.RaftServer$Division (RaftServerImpl.java:requestVote(1389)) - dd1da58e-99a3-4355-8051-ac3fff011e62@group-8A14C840A84E: receive requestVote(PRE_VOTE, 4e10c049-ef00-4c78-84ba-ad0788e207ea, group-8A14C840A84E, 0, (t:0, i:0))
2024-04-29 10:04:51,851 [grpc-default-executor-4] INFO  impl.VoteContext (VoteContext.java:log(49)) - dd1da58e-99a3-4355-8051-ac3fff011e62@group-8A14C840A84E-FOLLOWER: accept PRE_VOTE from 4e10c049-ef00-4c78-84ba-ad0788e207ea: our priority 0 <= candidate's priority 1
2024-04-29 10:04:51,851 [grpc-default-executor-4] INFO  server.RaftServer$Division (RaftServerImpl.java:requestVote(1422)) - dd1da58e-99a3-4355-8051-ac3fff011e62@group-8A14C840A84E replies to PRE_VOTE vote request: 4e10c049-ef00-4c78-84ba-ad0788e207ea<-dd1da58e-99a3-4355-8051-ac3fff011e62#0:OK-t0. Peer's state: dd1da58e-99a3-4355-8051-ac3fff011e62@group-8A14C840A84E:t0, leader=null, voted=, raftlog=Memoized:dd1da58e-99a3-4355-8051-ac3fff011e62@group-8A14C840A84E-SegmentedRaftLog:OPENED:c-1, conf=-1: peers:[dd1da58e-99a3-4355-8051-ac3fff011e62|127.0.0.1:15175, 4e10c049-ef00-4c78-84ba-ad0788e207ea|127.0.0.1:15157, a0b5e3cc-426b-4365-97e7-610395f4eb0a|127.0.0.1:15166]|listeners:[], old=null
2024-04-29 10:04:51,851 [4e10c049-ef00-4c78-84ba-ad0788e207ea@group-8A14C840A84E-LeaderElection31] INFO  impl.LeaderElection (LeaderElection.java:askForVotes(321)) - 4e10c049-ef00-4c78-84ba-ad0788e207ea@group-8A14C840A84E-LeaderElection31 ELECTION round 0: submit vote requests at term 1 for -1: peers:[dd1da58e-99a3-4355-8051-ac3fff011e62|127.0.0.1:15175, 4e10c049-ef00-4c78-84ba-ad0788e207ea|127.0.0.1:15157, a0b5e3cc-426b-4365-97e7-610395f4eb0a|127.0.0.1:15166]|listeners:[], old=null
2024-04-29 10:04:51,853 [grpc-default-executor-4] INFO  server.RaftServer$Division (RaftServerImpl.java:requestVote(1389)) - dd1da58e-99a3-4355-8051-ac3fff011e62@group-8A14C840A84E: receive requestVote(ELECTION, 4e10c049-ef00-4c78-84ba-ad0788e207ea, group-8A14C840A84E, 1, (t:0, i:0))
2024-04-29 10:04:51,853 [grpc-default-executor-4] INFO  impl.VoteContext (VoteContext.java:log(49)) - dd1da58e-99a3-4355-8051-ac3fff011e62@group-8A14C840A84E-FOLLOWER: accept ELECTION from 4e10c049-ef00-4c78-84ba-ad0788e207ea: our priority 0 <= candidate's priority 1
2024-04-29 10:04:51,853 [grpc-default-executor-4] INFO  server.RaftServer$Division (RaftServerImpl.java:setRole(383)) - dd1da58e-99a3-4355-8051-ac3fff011e62@group-8A14C840A84E: changes role from  FOLLOWER to FOLLOWER at term 1 for candidate:4e10c049-ef00-4c78-84ba-ad0788e207ea
2024-04-29 10:04:51,853 [grpc-default-executor-4] INFO  impl.RoleInfo (RoleInfo.java:shutdownFollowerState(110)) - dd1da58e-99a3-4355-8051-ac3fff011e62: shutdown dd1da58e-99a3-4355-8051-ac3fff011e62@group-8A14C840A84E-FollowerState
2024-04-29 10:04:51,853 [grpc-default-executor-4] INFO  impl.RoleInfo (RoleInfo.java:updateAndGet(139)) - dd1da58e-99a3-4355-8051-ac3fff011e62: start dd1da58e-99a3-4355-8051-ac3fff011e62@group-8A14C840A84E-FollowerState
2024-04-29 10:04:51,853 [dd1da58e-99a3-4355-8051-ac3fff011e62@group-8A14C840A84E-FollowerState] INFO  impl.FollowerState (FollowerState.java:run(152)) - dd1da58e-99a3-4355-8051-ac3fff011e62@group-8A14C840A84E-FollowerState was interrupted
2024-04-29 10:04:51,857 [4e10c049-ef00-4c78-84ba-ad0788e207ea@group-8A14C840A84E-LeaderElection31] INFO  server.RaftServerConfigKeys (ConfUtils.java:logFallback(53)) - raft.server.rpc.first-election.timeout.min = 5s (fallback to raft.server.rpc.timeout.min)
2024-04-29 10:04:51,857 [4e10c049-ef00-4c78-84ba-ad0788e207ea@group-8A14C840A84E-LeaderElection31] INFO  server.RaftServerConfigKeys (ConfUtils.java:logFallback(53)) - raft.server.rpc.first-election.timeout.max = 5200ms (fallback to raft.server.rpc.timeout.max)
2024-04-29 10:04:51,857 [grpc-default-executor-4] INFO  server.RaftServer$Division (RaftServerImpl.java:setFirstElection(574)) - dd1da58e-99a3-4355-8051-ac3fff011e62@group-8A14C840A84E: set firstElectionSinceStartup to false for candidate:4e10c049-ef00-4c78-84ba-ad0788e207ea
2024-04-29 10:04:51,859 [grpc-default-executor-4] INFO  server.RaftServer$Division (RaftServerImpl.java:requestVote(1422)) - dd1da58e-99a3-4355-8051-ac3fff011e62@group-8A14C840A84E replies to ELECTION vote request: 4e10c049-ef00-4c78-84ba-ad0788e207ea<-dd1da58e-99a3-4355-8051-ac3fff011e62#0:OK-t1. Peer's state: dd1da58e-99a3-4355-8051-ac3fff011e62@group-8A14C840A84E:t1, leader=null, voted=4e10c049-ef00-4c78-84ba-ad0788e207ea, raftlog=Memoized:dd1da58e-99a3-4355-8051-ac3fff011e62@group-8A14C840A84E-SegmentedRaftLog:OPENED:c-1, conf=-1: peers:[dd1da58e-99a3-4355-8051-ac3fff011e62|127.0.0.1:15175, 4e10c049-ef00-4c78-84ba-ad0788e207ea|127.0.0.1:15157, a0b5e3cc-426b-4365-97e7-610395f4eb0a|127.0.0.1:15166]|listeners:[], old=null
2024-04-29 10:04:51,859 [4e10c049-ef00-4c78-84ba-ad0788e207ea@group-8A14C840A84E-LeaderElection31] INFO  impl.LeaderElection (LeaderElection.java:logAndReturn(89)) - 4e10c049-ef00-4c78-84ba-ad0788e207ea@group-8A14C840A84E-LeaderElection31: ELECTION PASSED received 1 response(s) and 0 exception(s):
2024-04-29 10:04:51,859 [4e10c049-ef00-4c78-84ba-ad0788e207ea@group-8A14C840A84E-LeaderElection31] INFO  impl.LeaderElection (LeaderElection.java:logAndReturn(93)) -   Response 0: 4e10c049-ef00-4c78-84ba-ad0788e207ea<-dd1da58e-99a3-4355-8051-ac3fff011e62#0:OK-t1
2024-04-29 10:04:51,859 [4e10c049-ef00-4c78-84ba-ad0788e207ea@group-8A14C840A84E-LeaderElection31] INFO  impl.LeaderElection (LeaderElection.java:askForVotes(323)) - 4e10c049-ef00-4c78-84ba-ad0788e207ea@group-8A14C840A84E-LeaderElection31 ELECTION round 0: result PASSED
2024-04-29 10:04:51,860 [4e10c049-ef00-4c78-84ba-ad0788e207ea@group-8A14C840A84E-LeaderElection31] INFO  impl.RoleInfo (RoleInfo.java:shutdownLeaderElection(130)) - 4e10c049-ef00-4c78-84ba-ad0788e207ea: shutdown 4e10c049-ef00-4c78-84ba-ad0788e207ea@group-8A14C840A84E-LeaderElection31
2024-04-29 10:04:51,860 [4e10c049-ef00-4c78-84ba-ad0788e207ea@group-8A14C840A84E-LeaderElection31] INFO  server.RaftServer$Division (RaftServerImpl.java:setRole(383)) - 4e10c049-ef00-4c78-84ba-ad0788e207ea@group-8A14C840A84E: changes role from CANDIDATE to LEADER at term 1 for changeToLeader
2024-04-29 10:04:51,860 [4e10c049-ef00-4c78-84ba-ad0788e207ea@group-8A14C840A84E-LeaderElection31] INFO  server.RaftServerConfigKeys (ConfUtils.java:logGet(46)) - raft.server.staging.catchup.gap = 1000 (default)
2024-04-29 10:04:51,860 [4e10c049-ef00-4c78-84ba-ad0788e207ea@group-8A14C840A84E-LeaderElection31] INFO  server.RaftServerConfigKeys (ConfUtils.java:logGet(46)) - raft.server.write.element-limit = 1024 (custom)
2024-04-29 10:04:51,860 [4e10c049-ef00-4c78-84ba-ad0788e207ea@group-8A14C840A84E-LeaderElection31] INFO  server.RaftServerConfigKeys (ConfUtils.java:logGet(46)) - raft.server.write.byte-limit = 1024 M (=1073741824) (custom)
2024-04-29 10:04:51,860 [grpc-default-executor-4] INFO  server.RaftServer$Division (RaftServerImpl.java:requestVote(1389)) - a0b5e3cc-426b-4365-97e7-610395f4eb0a@group-8A14C840A84E: receive requestVote(ELECTION, 4e10c049-ef00-4c78-84ba-ad0788e207ea, group-8A14C840A84E, 1, (t:0, i:0))
2024-04-29 10:04:51,860 [grpc-default-executor-4] INFO  impl.VoteContext (VoteContext.java:log(49)) - a0b5e3cc-426b-4365-97e7-610395f4eb0a@group-8A14C840A84E-FOLLOWER: accept ELECTION from 4e10c049-ef00-4c78-84ba-ad0788e207ea: our priority 0 <= candidate's priority 1
2024-04-29 10:04:51,860 [grpc-default-executor-4] INFO  server.RaftServer$Division (RaftServerImpl.java:setRole(383)) - a0b5e3cc-426b-4365-97e7-610395f4eb0a@group-8A14C840A84E: changes role from  FOLLOWER to FOLLOWER at term 1 for candidate:4e10c049-ef00-4c78-84ba-ad0788e207ea
2024-04-29 10:04:51,860 [grpc-default-executor-4] INFO  impl.RoleInfo (RoleInfo.java:shutdownFollowerState(110)) - a0b5e3cc-426b-4365-97e7-610395f4eb0a: shutdown a0b5e3cc-426b-4365-97e7-610395f4eb0a@group-8A14C840A84E-FollowerState
2024-04-29 10:04:51,860 [grpc-default-executor-4] INFO  impl.RoleInfo (RoleInfo.java:updateAndGet(139)) - a0b5e3cc-426b-4365-97e7-610395f4eb0a: start a0b5e3cc-426b-4365-97e7-610395f4eb0a@group-8A14C840A84E-FollowerState
2024-04-29 10:04:51,860 [4e10c049-ef00-4c78-84ba-ad0788e207ea@group-8A14C840A84E-LeaderElection31] INFO  server.RaftServerConfigKeys (ConfUtils.java:logGet(46)) - raft.server.watch.timeout = 3000ms (custom)
2024-04-29 10:04:51,860 [4e10c049-ef00-4c78-84ba-ad0788e207ea@group-8A14C840A84E-LeaderElection31] INFO  server.RaftServerConfigKeys (ConfUtils.java:logGet(46)) - raft.server.watch.timeout.denomination = 1s (default)
2024-04-29 10:04:51,860 [4e10c049-ef00-4c78-84ba-ad0788e207ea@group-8A14C840A84E-LeaderElection31] INFO  server.RaftServerConfigKeys (ConfUtils.java:logGet(46)) - raft.server.watch.element-limit = 65536 (default)
2024-04-29 10:04:51,861 [a0b5e3cc-426b-4365-97e7-610395f4eb0a@group-8A14C840A84E-FollowerState] INFO  impl.FollowerState (FollowerState.java:run(152)) - a0b5e3cc-426b-4365-97e7-610395f4eb0a@group-8A14C840A84E-FollowerState was interrupted
2024-04-29 10:04:51,861 [4e10c049-ef00-4c78-84ba-ad0788e207ea@group-8A14C840A84E-LeaderElection31] INFO  server.RaftServerConfigKeys (ConfUtils.java:logGet(46)) - raft.server.read.leader.lease.enabled = false (default)
2024-04-29 10:04:51,861 [4e10c049-ef00-4c78-84ba-ad0788e207ea@group-8A14C840A84E-LeaderElection31] INFO  server.RaftServerConfigKeys (ConfUtils.java:logGet(46)) - raft.server.read.leader.lease.timeout.ratio = 0.9 (default)
2024-04-29 10:04:51,861 [4e10c049-ef00-4c78-84ba-ad0788e207ea@group-8A14C840A84E-LeaderElection31] INFO  server.RaftServerConfigKeys (ConfUtils.java:logGet(46)) - raft.server.rpc.timeout.min = 5s (custom)
2024-04-29 10:04:51,861 [4e10c049-ef00-4c78-84ba-ad0788e207ea@group-8A14C840A84E-LeaderElection31] INFO  server.RaftServerConfigKeys (ConfUtils.java:logGet(46)) - raft.server.write.element-limit = 1024 (custom)
2024-04-29 10:04:51,861 [4e10c049-ef00-4c78-84ba-ad0788e207ea@group-8A14C840A84E-LeaderElection31] INFO  server.RaftServerConfigKeys (ConfUtils.java:logGet(46)) - raft.server.write.follower.gap.ratio.max = -1.0 (default)
2024-04-29 10:04:51,861 [4e10c049-ef00-4c78-84ba-ad0788e207ea@group-8A14C840A84E-LeaderElection31] INFO  server.RaftServerConfigKeys (ConfUtils.java:logGet(46)) - raft.server.log.appender.snapshot.chunk.size.max = 16MB (=16777216) (default)
2024-04-29 10:04:51,861 [4e10c049-ef00-4c78-84ba-ad0788e207ea@group-8A14C840A84E-LeaderElection31] INFO  server.RaftServerConfigKeys (ConfUtils.java:logGet(46)) - raft.server.log.appender.buffer.byte-limit = 8388608 (custom)
2024-04-29 10:04:51,861 [4e10c049-ef00-4c78-84ba-ad0788e207ea@group-8A14C840A84E-LeaderElection31] INFO  server.RaftServerConfigKeys (ConfUtils.java:logGet(46)) - raft.server.log.appender.buffer.element-limit = 1 (custom)
2024-04-29 10:04:51,861 [4e10c049-ef00-4c78-84ba-ad0788e207ea@group-8A14C840A84E-LeaderElection31] INFO  server.RaftServerConfigKeys (ConfUtils.java:logGet(46)) - raft.server.log.appender.wait-time.min = 0ms (custom)
2024-04-29 10:04:51,861 [4e10c049-ef00-4c78-84ba-ad0788e207ea@group-8A14C840A84E-LeaderElection31] INFO  grpc.GrpcConfigKeys (ConfUtils.java:logGet(46)) - raft.grpc.server.leader.outstanding.appends.max = 8 (default)
2024-04-29 10:04:51,862 [4e10c049-ef00-4c78-84ba-ad0788e207ea@group-8A14C840A84E-LeaderElection31] INFO  server.RaftServerConfigKeys (ConfUtils.java:logGet(46)) - raft.server.rpc.request.timeout = 3000ms (default)
2024-04-29 10:04:51,862 [4e10c049-ef00-4c78-84ba-ad0788e207ea@group-8A14C840A84E-LeaderElection31] INFO  grpc.GrpcConfigKeys (ConfUtils.java:logGet(46)) - raft.grpc.server.install_snapshot.request.element-limit = 8 (default)
2024-04-29 10:04:51,862 [4e10c049-ef00-4c78-84ba-ad0788e207ea@group-8A14C840A84E-LeaderElection31] INFO  grpc.GrpcConfigKeys (ConfUtils.java:logGet(46)) - raft.grpc.server.install_snapshot.request.timeout = 3000ms (default)
2024-04-29 10:04:51,862 [4e10c049-ef00-4c78-84ba-ad0788e207ea@group-8A14C840A84E-LeaderElection31] INFO  grpc.GrpcConfigKeys (ConfUtils.java:logGet(46)) - raft.grpc.server.log-message.batch.duration = 5s (default)
2024-04-29 10:04:51,862 [4e10c049-ef00-4c78-84ba-ad0788e207ea@group-8A14C840A84E-LeaderElection31] INFO  server.RaftServerConfigKeys (ConfUtils.java:logGet(46)) - raft.server.log.appender.install.snapshot.enabled = false (custom)
2024-04-29 10:04:51,862 [4e10c049-ef00-4c78-84ba-ad0788e207ea@group-8A14C840A84E-LeaderElection31] INFO  grpc.GrpcConfigKeys (ConfUtils.java:logGet(46)) - raft.grpc.server.heartbeat.channel = true (default)
2024-04-29 10:04:51,863 [4e10c049-ef00-4c78-84ba-ad0788e207ea@group-8A14C840A84E-LeaderElection31] INFO  server.RaftServerConfigKeys (ConfUtils.java:logGet(46)) - raft.server.log.appender.snapshot.chunk.size.max = 16MB (=16777216) (default)
2024-04-29 10:04:51,863 [4e10c049-ef00-4c78-84ba-ad0788e207ea@group-8A14C840A84E-LeaderElection31] INFO  server.RaftServerConfigKeys (ConfUtils.java:logGet(46)) - raft.server.log.appender.buffer.byte-limit = 8388608 (custom)
2024-04-29 10:04:51,863 [4e10c049-ef00-4c78-84ba-ad0788e207ea@group-8A14C840A84E-LeaderElection31] INFO  server.RaftServerConfigKeys (ConfUtils.java:logGet(46)) - raft.server.log.appender.buffer.element-limit = 1 (custom)
2024-04-29 10:04:51,863 [4e10c049-ef00-4c78-84ba-ad0788e207ea@group-8A14C840A84E-LeaderElection31] INFO  server.RaftServerConfigKeys (ConfUtils.java:logGet(46)) - raft.server.log.appender.wait-time.min = 0ms (custom)
2024-04-29 10:04:51,863 [4e10c049-ef00-4c78-84ba-ad0788e207ea@group-8A14C840A84E-LeaderElection31] INFO  grpc.GrpcConfigKeys (ConfUtils.java:logGet(46)) - raft.grpc.server.leader.outstanding.appends.max = 8 (default)
2024-04-29 10:04:51,863 [4e10c049-ef00-4c78-84ba-ad0788e207ea@group-8A14C840A84E-LeaderElection31] INFO  server.RaftServerConfigKeys (ConfUtils.java:logGet(46)) - raft.server.rpc.request.timeout = 3000ms (default)
2024-04-29 10:04:51,863 [4e10c049-ef00-4c78-84ba-ad0788e207ea@group-8A14C840A84E-LeaderElection31] INFO  grpc.GrpcConfigKeys (ConfUtils.java:logGet(46)) - raft.grpc.server.install_snapshot.request.element-limit = 8 (default)
2024-04-29 10:04:51,863 [4e10c049-ef00-4c78-84ba-ad0788e207ea@group-8A14C840A84E-LeaderElection31] INFO  grpc.GrpcConfigKeys (ConfUtils.java:logGet(46)) - raft.grpc.server.install_snapshot.request.timeout = 3000ms (default)
2024-04-29 10:04:51,863 [4e10c049-ef00-4c78-84ba-ad0788e207ea@group-8A14C840A84E-LeaderElection31] INFO  grpc.GrpcConfigKeys (ConfUtils.java:logGet(46)) - raft.grpc.server.log-message.batch.duration = 5s (default)
2024-04-29 10:04:51,863 [4e10c049-ef00-4c78-84ba-ad0788e207ea@group-8A14C840A84E-LeaderElection31] INFO  server.RaftServerConfigKeys (ConfUtils.java:logGet(46)) - raft.server.log.appender.install.snapshot.enabled = false (custom)
2024-04-29 10:04:51,863 [4e10c049-ef00-4c78-84ba-ad0788e207ea@group-8A14C840A84E-LeaderElection31] INFO  grpc.GrpcConfigKeys (ConfUtils.java:logGet(46)) - raft.grpc.server.heartbeat.channel = true (default)
2024-04-29 10:04:51,863 [4e10c049-ef00-4c78-84ba-ad0788e207ea@group-8A14C840A84E-LeaderElection31] INFO  impl.RoleInfo (RoleInfo.java:updateAndGet(139)) - 4e10c049-ef00-4c78-84ba-ad0788e207ea: start 4e10c049-ef00-4c78-84ba-ad0788e207ea@group-8A14C840A84E-LeaderStateImpl
2024-04-29 10:04:51,863 [4e10c049-ef00-4c78-84ba-ad0788e207ea@group-8A14C840A84E-LeaderElection31] INFO  server.RaftServer$Division (RaftServerImpl.java:setFirstElection(574)) - 4e10c049-ef00-4c78-84ba-ad0788e207ea@group-8A14C840A84E: set firstElectionSinceStartup to false for becomeLeader
2024-04-29 10:04:51,864 [4e10c049-ef00-4c78-84ba-ad0788e207ea@group-8A14C840A84E-LeaderElection31] INFO  ratis.XceiverServerRatis (XceiverServerRatis.java:handleLeaderChangedNotification(966)) - Leader change notification received for group: group-8A14C840A84E with new leaderId: 4e10c049-ef00-4c78-84ba-ad0788e207ea
2024-04-29 10:04:51,864 [4e10c049-ef00-4c78-84ba-ad0788e207ea@group-8A14C840A84E-LeaderElection31] INFO  server.RaftServer$Division (ServerState.java:setLeader(269)) - 4e10c049-ef00-4c78-84ba-ad0788e207ea@group-8A14C840A84E: change Leader from null to 4e10c049-ef00-4c78-84ba-ad0788e207ea at term 1 for becomeLeader, leader elected after 5097ms
2024-04-29 10:04:51,864 [4e10c049-ef00-4c78-84ba-ad0788e207ea@group-8A14C840A84E-LeaderElection31] INFO  segmented.SegmentedRaftLogWorker (SegmentedRaftLogWorker.java:startLogSegment(430)) - 4e10c049-ef00-4c78-84ba-ad0788e207ea@group-8A14C840A84E-SegmentedRaftLogWorker: Starting segment from index:0
2024-04-29 10:04:51,864 [4e10c049-ef00-4c78-84ba-ad0788e207ea@group-8A14C840A84E-SegmentedRaftLogWorker] INFO  segmented.BufferedWriteChannel (BufferedWriteChannel.java:open(62)) - open log_inprogress_0 at position 0
2024-04-29 10:04:51,865 [EventQueue-PipelineReportForPipelineReportHandler] INFO  pipeline.PipelineReportHandler (PipelineReportHandler.java:processPipelineReport(136)) - Opened pipeline PipelineID=92b75dc5-da21-4321-a7fe-8a14c840a84e
2024-04-29 10:04:51,867 [4e10c049-ef00-4c78-84ba-ad0788e207ea@group-8A14C840A84E-LeaderElection31] INFO  server.RaftServer$Division (ServerState.java:setRaftConf(386)) - 4e10c049-ef00-4c78-84ba-ad0788e207ea@group-8A14C840A84E: set configuration 0: peers:[dd1da58e-99a3-4355-8051-ac3fff011e62|127.0.0.1:15175, 4e10c049-ef00-4c78-84ba-ad0788e207ea|127.0.0.1:15157, a0b5e3cc-426b-4365-97e7-610395f4eb0a|127.0.0.1:15166]|listeners:[], old=null
2024-04-29 10:04:51,869 [grpc-default-executor-4] INFO  server.RaftServer$Division (RaftServerImpl.java:setFirstElection(574)) - a0b5e3cc-426b-4365-97e7-610395f4eb0a@group-8A14C840A84E: set firstElectionSinceStartup to false for candidate:4e10c049-ef00-4c78-84ba-ad0788e207ea
2024-04-29 10:04:51,872 [grpc-default-executor-4] INFO  server.RaftServer$Division (RaftServerImpl.java:requestVote(1422)) - a0b5e3cc-426b-4365-97e7-610395f4eb0a@group-8A14C840A84E replies to ELECTION vote request: 4e10c049-ef00-4c78-84ba-ad0788e207ea<-a0b5e3cc-426b-4365-97e7-610395f4eb0a#0:OK-t1. Peer's state: a0b5e3cc-426b-4365-97e7-610395f4eb0a@group-8A14C840A84E:t1, leader=null, voted=4e10c049-ef00-4c78-84ba-ad0788e207ea, raftlog=Memoized:a0b5e3cc-426b-4365-97e7-610395f4eb0a@group-8A14C840A84E-SegmentedRaftLog:OPENED:c-1, conf=-1: peers:[dd1da58e-99a3-4355-8051-ac3fff011e62|127.0.0.1:15175, 4e10c049-ef00-4c78-84ba-ad0788e207ea|127.0.0.1:15157, a0b5e3cc-426b-4365-97e7-610395f4eb0a|127.0.0.1:15166]|listeners:[], old=null
2024-04-29 10:04:51,872 [4e10c049-ef00-4c78-84ba-ad0788e207ea@group-8A14C840A84E-SegmentedRaftLogWorker] INFO  segmented.SegmentedRaftLogWorker (SegmentedRaftLogWorker.java:execute(634)) - 4e10c049-ef00-4c78-84ba-ad0788e207ea@group-8A14C840A84E-SegmentedRaftLogWorker: created new log segment /home/runner/work/ozone/ozone/hadoop-ozone/integration-test/target/test-dir/MiniOzoneClusterImpl-b6e902a5-721a-459f-a115-5ddcd789b87e/ozone-meta/datanode-7/ratis/92b75dc5-da21-4321-a7fe-8a14c840a84e/current/log_inprogress_0
2024-04-29 10:04:51,875 [a0b5e3cc-426b-4365-97e7-610395f4eb0a-server-thread1] INFO  ratis.XceiverServerRatis (XceiverServerRatis.java:handleLeaderChangedNotification(966)) - Leader change notification received for group: group-8A14C840A84E with new leaderId: 4e10c049-ef00-4c78-84ba-ad0788e207ea
2024-04-29 10:04:51,875 [a0b5e3cc-426b-4365-97e7-610395f4eb0a-server-thread1] INFO  server.RaftServer$Division (ServerState.java:setLeader(269)) - a0b5e3cc-426b-4365-97e7-610395f4eb0a@group-8A14C840A84E: change Leader from null to 4e10c049-ef00-4c78-84ba-ad0788e207ea at term 1 for appendEntries, leader elected after 5061ms
2024-04-29 10:04:51,875 [dd1da58e-99a3-4355-8051-ac3fff011e62-server-thread1] INFO  ratis.XceiverServerRatis (XceiverServerRatis.java:handleLeaderChangedNotification(966)) - Leader change notification received for group: group-8A14C840A84E with new leaderId: 4e10c049-ef00-4c78-84ba-ad0788e207ea
2024-04-29 10:04:51,875 [dd1da58e-99a3-4355-8051-ac3fff011e62-server-thread1] INFO  server.RaftServer$Division (ServerState.java:setLeader(269)) - dd1da58e-99a3-4355-8051-ac3fff011e62@group-8A14C840A84E: change Leader from null to 4e10c049-ef00-4c78-84ba-ad0788e207ea at term 1 for appendEntries, leader elected after 5089ms
2024-04-29 10:04:51,876 [dd1da58e-99a3-4355-8051-ac3fff011e62-server-thread2] INFO  server.RaftServer$Division (ServerState.java:setRaftConf(386)) - dd1da58e-99a3-4355-8051-ac3fff011e62@group-8A14C840A84E: set configuration 0: peers:[dd1da58e-99a3-4355-8051-ac3fff011e62|127.0.0.1:15175, 4e10c049-ef00-4c78-84ba-ad0788e207ea|127.0.0.1:15157, a0b5e3cc-426b-4365-97e7-610395f4eb0a|127.0.0.1:15166]|listeners:[], old=null
2024-04-29 10:04:51,876 [dd1da58e-99a3-4355-8051-ac3fff011e62-server-thread2] INFO  segmented.SegmentedRaftLogWorker (SegmentedRaftLogWorker.java:startLogSegment(430)) - dd1da58e-99a3-4355-8051-ac3fff011e62@group-8A14C840A84E-SegmentedRaftLogWorker: Starting segment from index:0
2024-04-29 10:04:51,876 [dd1da58e-99a3-4355-8051-ac3fff011e62@group-8A14C840A84E-SegmentedRaftLogWorker] INFO  segmented.BufferedWriteChannel (BufferedWriteChannel.java:open(62)) - open log_inprogress_0 at position 0
2024-04-29 10:04:51,876 [a0b5e3cc-426b-4365-97e7-610395f4eb0a-server-thread2] INFO  server.RaftServer$Division (ServerState.java:setRaftConf(386)) - a0b5e3cc-426b-4365-97e7-610395f4eb0a@group-8A14C840A84E: set configuration 0: peers:[dd1da58e-99a3-4355-8051-ac3fff011e62|127.0.0.1:15175, 4e10c049-ef00-4c78-84ba-ad0788e207ea|127.0.0.1:15157, a0b5e3cc-426b-4365-97e7-610395f4eb0a|127.0.0.1:15166]|listeners:[], old=null
2024-04-29 10:04:51,876 [a0b5e3cc-426b-4365-97e7-610395f4eb0a-server-thread2] INFO  segmented.SegmentedRaftLogWorker (SegmentedRaftLogWorker.java:startLogSegment(430)) - a0b5e3cc-426b-4365-97e7-610395f4eb0a@group-8A14C840A84E-SegmentedRaftLogWorker: Starting segment from index:0
2024-04-29 10:04:51,877 [a0b5e3cc-426b-4365-97e7-610395f4eb0a@group-8A14C840A84E-SegmentedRaftLogWorker] INFO  segmented.BufferedWriteChannel (BufferedWriteChannel.java:open(62)) - open log_inprogress_0 at position 0
2024-04-29 10:04:51,887 [dd1da58e-99a3-4355-8051-ac3fff011e62@group-8A14C840A84E-SegmentedRaftLogWorker] INFO  segmented.SegmentedRaftLogWorker (SegmentedRaftLogWorker.java:execute(634)) - dd1da58e-99a3-4355-8051-ac3fff011e62@group-8A14C840A84E-SegmentedRaftLogWorker: created new log segment /home/runner/work/ozone/ozone/hadoop-ozone/integration-test/target/test-dir/MiniOzoneClusterImpl-b6e902a5-721a-459f-a115-5ddcd789b87e/ozone-meta/datanode-9/ratis/92b75dc5-da21-4321-a7fe-8a14c840a84e/current/log_inprogress_0
2024-04-29 10:04:51,888 [a0b5e3cc-426b-4365-97e7-610395f4eb0a@group-8A14C840A84E-SegmentedRaftLogWorker] INFO  segmented.SegmentedRaftLogWorker (SegmentedRaftLogWorker.java:execute(634)) - a0b5e3cc-426b-4365-97e7-610395f4eb0a@group-8A14C840A84E-SegmentedRaftLogWorker: created new log segment /home/runner/work/ozone/ozone/hadoop-ozone/integration-test/target/test-dir/MiniOzoneClusterImpl-b6e902a5-721a-459f-a115-5ddcd789b87e/ozone-meta/datanode-8/ratis/92b75dc5-da21-4321-a7fe-8a14c840a84e/current/log_inprogress_0
2024-04-29 10:04:51,890 [4e10c049-ef00-4c78-84ba-ad0788e207ea@group-8A14C840A84E-StateMachineUpdater] INFO  server.RaftServer$Division (LeaderStateImpl.java:isApplied(320)) - leader is ready since appliedIndex == 0 >= startIndex == 0
2024-04-29 10:04:51,914 [main] INFO  ozone.MiniOzoneClusterImpl (MiniOzoneClusterImpl.java:lambda$waitForClusterToBeReady$0(194)) - Nodes are ready. Got 9 of 9 DN Heartbeats.
2024-04-29 10:04:51,915 [main] INFO  ozone.MiniOzoneClusterImpl (MiniOzoneClusterImpl.java:lambda$waitForClusterToBeReady$0(197)) - Cluster exits safe mode
2024-04-29 10:04:51,915 [main] INFO  ozone.MiniOzoneClusterImpl (MiniOzoneClusterImpl.java:lambda$waitForClusterToBeReady$0(199)) - SCM became leader
2024-04-29 10:04:51,916 [main] INFO  protocolPB.OmTransportFactory (OmTransportFactory.java:createFactory(62)) - Loading OM transport implementation org.apache.hadoop.ozone.om.protocolPB.Hadoop3OmTransportFactory as specified by configuration.
2024-04-29 10:04:51,919 [main] INFO  rpc.RpcClient (RpcClient.java:createVolume(470)) - Creating Volume: watchforcommithandlingtest, with runner as owner and space quota set to -1 bytes, counts quota set to -1
2024-04-29 10:04:51,924 [om1-OMStateMachineApplyTransactionThread - 0] INFO  volume.OMVolumeCreateRequest (OMVolumeCreateRequest.java:validateAndUpdateCache(198)) - created volume:watchforcommithandlingtest for user:runner
2024-04-29 10:04:51,927 [main] INFO  rpc.RpcClient (RpcClient.java:createBucket(696)) - Creating Bucket: watchforcommithandlingtest/watchforcommithandlingtest, with server-side default bucket layout, runner as owner, Versioning false, Storage Type set to DISK and Encryption set to false, Replication Type set to server-side default replication type, Namespace Quota set to -1, Space Quota set to -1 
2024-04-29 10:04:51,930 [om1-OMStateMachineApplyTransactionThread - 0] INFO  bucket.OMBucketCreateRequest (OMBucketCreateRequest.java:validateAndUpdateCache(293)) - created bucket: watchforcommithandlingtest of layout FILE_SYSTEM_OPTIMIZED in volume: watchforcommithandlingtest
2024-04-29 10:04:51,937 [IPC Server handler 0 on default port 15089] INFO  ha.SequenceIdGenerator (SequenceIdGenerator.java:getNextId(145)) - Allocate a batch for containerId, change lastId from 0 to 1000.
2024-04-29 10:04:51,943 [a0b5e3cc-426b-4365-97e7-610395f4eb0a@group-2CEAB62097DD-FollowerState] INFO  impl.FollowerState (FollowerState.java:run(143)) - a0b5e3cc-426b-4365-97e7-610395f4eb0a@group-2CEAB62097DD-FollowerState: change to CANDIDATE, lastRpcElapsedTime:5087167793ns, electionTimeout:5086ms
2024-04-29 10:04:51,943 [a0b5e3cc-426b-4365-97e7-610395f4eb0a@group-2CEAB62097DD-FollowerState] INFO  impl.RoleInfo (RoleInfo.java:shutdownFollowerState(110)) - a0b5e3cc-426b-4365-97e7-610395f4eb0a: shutdown a0b5e3cc-426b-4365-97e7-610395f4eb0a@group-2CEAB62097DD-FollowerState
2024-04-29 10:04:51,943 [a0b5e3cc-426b-4365-97e7-610395f4eb0a@group-2CEAB62097DD-FollowerState] INFO  server.RaftServer$Division (RaftServerImpl.java:setRole(383)) - a0b5e3cc-426b-4365-97e7-610395f4eb0a@group-2CEAB62097DD: changes role from  FOLLOWER to CANDIDATE at term 0 for changeToCandidate
2024-04-29 10:04:51,943 [a0b5e3cc-426b-4365-97e7-610395f4eb0a@group-2CEAB62097DD-FollowerState] INFO  server.RaftServerConfigKeys (ConfUtils.java:logGet(46)) - raft.server.leaderelection.pre-vote = true (default)
2024-04-29 10:04:51,943 [a0b5e3cc-426b-4365-97e7-610395f4eb0a@group-2CEAB62097DD-FollowerState] INFO  impl.RoleInfo (RoleInfo.java:updateAndGet(139)) - a0b5e3cc-426b-4365-97e7-610395f4eb0a: start a0b5e3cc-426b-4365-97e7-610395f4eb0a@group-2CEAB62097DD-LeaderElection32
2024-04-29 10:04:51,944 [a0b5e3cc-426b-4365-97e7-610395f4eb0a@group-2CEAB62097DD-LeaderElection32] INFO  impl.LeaderElection (LeaderElection.java:askForVotes(321)) - a0b5e3cc-426b-4365-97e7-610395f4eb0a@group-2CEAB62097DD-LeaderElection32 PRE_VOTE round 0: submit vote requests at term 0 for -1: peers:[a0b5e3cc-426b-4365-97e7-610395f4eb0a|127.0.0.1:15166]|listeners:[], old=null
2024-04-29 10:04:51,944 [a0b5e3cc-426b-4365-97e7-610395f4eb0a@group-2CEAB62097DD-LeaderElection32] INFO  impl.LeaderElection (LeaderElection.java:askForVotes(323)) - a0b5e3cc-426b-4365-97e7-610395f4eb0a@group-2CEAB62097DD-LeaderElection32 PRE_VOTE round 0: result PASSED (term=0)
2024-04-29 10:04:51,945 [a0b5e3cc-426b-4365-97e7-610395f4eb0a@group-2CEAB62097DD-LeaderElection32] INFO  impl.LeaderElection (LeaderElection.java:askForVotes(321)) - a0b5e3cc-426b-4365-97e7-610395f4eb0a@group-2CEAB62097DD-LeaderElection32 ELECTION round 0: submit vote requests at term 1 for -1: peers:[a0b5e3cc-426b-4365-97e7-610395f4eb0a|127.0.0.1:15166]|listeners:[], old=null
2024-04-29 10:04:51,945 [a0b5e3cc-426b-4365-97e7-610395f4eb0a@group-2CEAB62097DD-LeaderElection32] INFO  impl.LeaderElection (LeaderElection.java:askForVotes(323)) - a0b5e3cc-426b-4365-97e7-610395f4eb0a@group-2CEAB62097DD-LeaderElection32 ELECTION round 0: result PASSED (term=1)
2024-04-29 10:04:51,945 [a0b5e3cc-426b-4365-97e7-610395f4eb0a@group-2CEAB62097DD-LeaderElection32] INFO  impl.RoleInfo (RoleInfo.java:shutdownLeaderElection(130)) - a0b5e3cc-426b-4365-97e7-610395f4eb0a: shutdown a0b5e3cc-426b-4365-97e7-610395f4eb0a@group-2CEAB62097DD-LeaderElection32
2024-04-29 10:04:51,945 [a0b5e3cc-426b-4365-97e7-610395f4eb0a@group-2CEAB62097DD-LeaderElection32] INFO  server.RaftServer$Division (RaftServerImpl.java:setRole(383)) - a0b5e3cc-426b-4365-97e7-610395f4eb0a@group-2CEAB62097DD: changes role from CANDIDATE to LEADER at term 1 for changeToLeader
2024-04-29 10:04:51,945 [a0b5e3cc-426b-4365-97e7-610395f4eb0a@group-2CEAB62097DD-LeaderElection32] INFO  server.RaftServerConfigKeys (ConfUtils.java:logGet(46)) - raft.server.staging.catchup.gap = 1000 (default)
2024-04-29 10:04:51,946 [a0b5e3cc-426b-4365-97e7-610395f4eb0a@group-2CEAB62097DD-LeaderElection32] INFO  server.RaftServerConfigKeys (ConfUtils.java:logGet(46)) - raft.server.write.element-limit = 1024 (custom)
2024-04-29 10:04:51,946 [a0b5e3cc-426b-4365-97e7-610395f4eb0a@group-2CEAB62097DD-LeaderElection32] INFO  server.RaftServerConfigKeys (ConfUtils.java:logGet(46)) - raft.server.write.byte-limit = 1024 M (=1073741824) (custom)
2024-04-29 10:04:51,946 [a0b5e3cc-426b-4365-97e7-610395f4eb0a@group-2CEAB62097DD-LeaderElection32] INFO  server.RaftServerConfigKeys (ConfUtils.java:logGet(46)) - raft.server.watch.timeout = 3000ms (custom)
2024-04-29 10:04:51,946 [a0b5e3cc-426b-4365-97e7-610395f4eb0a@group-2CEAB62097DD-LeaderElection32] INFO  server.RaftServerConfigKeys (ConfUtils.java:logGet(46)) - raft.server.watch.timeout.denomination = 1s (default)
2024-04-29 10:04:51,946 [a0b5e3cc-426b-4365-97e7-610395f4eb0a@group-2CEAB62097DD-LeaderElection32] INFO  server.RaftServerConfigKeys (ConfUtils.java:logGet(46)) - raft.server.watch.element-limit = 65536 (default)
2024-04-29 10:04:51,946 [a0b5e3cc-426b-4365-97e7-610395f4eb0a@group-2CEAB62097DD-LeaderElection32] INFO  server.RaftServerConfigKeys (ConfUtils.java:logGet(46)) - raft.server.read.leader.lease.enabled = false (default)
2024-04-29 10:04:51,946 [a0b5e3cc-426b-4365-97e7-610395f4eb0a@group-2CEAB62097DD-LeaderElection32] INFO  server.RaftServerConfigKeys (ConfUtils.java:logGet(46)) - raft.server.read.leader.lease.timeout.ratio = 0.9 (default)
2024-04-29 10:04:51,946 [a0b5e3cc-426b-4365-97e7-610395f4eb0a@group-2CEAB62097DD-LeaderElection32] INFO  server.RaftServerConfigKeys (ConfUtils.java:logGet(46)) - raft.server.rpc.timeout.min = 5s (custom)
2024-04-29 10:04:51,946 [a0b5e3cc-426b-4365-97e7-610395f4eb0a@group-2CEAB62097DD-LeaderElection32] INFO  server.RaftServerConfigKeys (ConfUtils.java:logGet(46)) - raft.server.write.element-limit = 1024 (custom)
2024-04-29 10:04:51,947 [a0b5e3cc-426b-4365-97e7-610395f4eb0a@group-2CEAB62097DD-LeaderElection32] INFO  server.RaftServerConfigKeys (ConfUtils.java:logGet(46)) - raft.server.write.follower.gap.ratio.max = -1.0 (default)
2024-04-29 10:04:51,947 [a0b5e3cc-426b-4365-97e7-610395f4eb0a@group-2CEAB62097DD-LeaderElection32] INFO  impl.RoleInfo (RoleInfo.java:updateAndGet(139)) - a0b5e3cc-426b-4365-97e7-610395f4eb0a: start a0b5e3cc-426b-4365-97e7-610395f4eb0a@group-2CEAB62097DD-LeaderStateImpl
2024-04-29 10:04:51,947 [a0b5e3cc-426b-4365-97e7-610395f4eb0a@group-2CEAB62097DD-LeaderElection32] INFO  server.RaftServer$Division (RaftServerImpl.java:setFirstElection(574)) - a0b5e3cc-426b-4365-97e7-610395f4eb0a@group-2CEAB62097DD: set firstElectionSinceStartup to false for becomeLeader
2024-04-29 10:04:51,947 [a0b5e3cc-426b-4365-97e7-610395f4eb0a@group-2CEAB62097DD-LeaderElection32] INFO  ratis.XceiverServerRatis (XceiverServerRatis.java:handleLeaderChangedNotification(966)) - Leader change notification received for group: group-2CEAB62097DD with new leaderId: a0b5e3cc-426b-4365-97e7-610395f4eb0a
2024-04-29 10:04:51,947 [a0b5e3cc-426b-4365-97e7-610395f4eb0a@group-2CEAB62097DD-LeaderElection32] INFO  server.RaftServer$Division (ServerState.java:setLeader(269)) - a0b5e3cc-426b-4365-97e7-610395f4eb0a@group-2CEAB62097DD: change Leader from null to a0b5e3cc-426b-4365-97e7-610395f4eb0a at term 1 for becomeLeader, leader elected after 5107ms
2024-04-29 10:04:51,947 [a0b5e3cc-426b-4365-97e7-610395f4eb0a@group-2CEAB62097DD-LeaderElection32] INFO  segmented.SegmentedRaftLogWorker (SegmentedRaftLogWorker.java:startLogSegment(430)) - a0b5e3cc-426b-4365-97e7-610395f4eb0a@group-2CEAB62097DD-SegmentedRaftLogWorker: Starting segment from index:0
2024-04-29 10:04:51,948 [a0b5e3cc-426b-4365-97e7-610395f4eb0a@group-2CEAB62097DD-SegmentedRaftLogWorker] INFO  segmented.BufferedWriteChannel (BufferedWriteChannel.java:open(62)) - open log_inprogress_0 at position 0
2024-04-29 10:04:51,951 [a0b5e3cc-426b-4365-97e7-610395f4eb0a@group-2CEAB62097DD-LeaderElection32] INFO  server.RaftServer$Division (ServerState.java:setRaftConf(386)) - a0b5e3cc-426b-4365-97e7-610395f4eb0a@group-2CEAB62097DD: set configuration 0: peers:[a0b5e3cc-426b-4365-97e7-610395f4eb0a|127.0.0.1:15166]|listeners:[], old=null
2024-04-29 10:04:51,956 [a0b5e3cc-426b-4365-97e7-610395f4eb0a@group-2CEAB62097DD-SegmentedRaftLogWorker] INFO  segmented.SegmentedRaftLogWorker (SegmentedRaftLogWorker.java:execute(634)) - a0b5e3cc-426b-4365-97e7-610395f4eb0a@group-2CEAB62097DD-SegmentedRaftLogWorker: created new log segment /home/runner/work/ozone/ozone/hadoop-ozone/integration-test/target/test-dir/MiniOzoneClusterImpl-b6e902a5-721a-459f-a115-5ddcd789b87e/ozone-meta/datanode-8/ratis/99a3e681-8a7c-4d12-adbf-2ceab62097dd/current/log_inprogress_0
2024-04-29 10:04:51,960 [a0b5e3cc-426b-4365-97e7-610395f4eb0a@group-2CEAB62097DD-StateMachineUpdater] INFO  server.RaftServer$Division (LeaderStateImpl.java:isApplied(320)) - leader is ready since appliedIndex == 0 >= startIndex == 0
2024-04-29 10:04:51,963 [main] INFO  ozoneimpl.OzoneContainer (OzoneContainer.java:stop(481)) - Attempting to stop container services.
2024-04-29 10:04:51,964 [ContainerMetadataScanner] WARN  ozoneimpl.AbstractBackgroundContainerScanner (AbstractBackgroundContainerScanner.java:handleRemainingSleep(134)) - Background container scan was interrupted.
2024-04-29 10:04:51,964 [ContainerMetadataScanner] INFO  ozoneimpl.AbstractBackgroundContainerScanner (AbstractBackgroundContainerScanner.java:run(61)) - Thread[ContainerMetadataScanner,5,main] exiting.
2024-04-29 10:04:51,964 [main] INFO  ozoneimpl.BackgroundContainerDataScanner (BackgroundContainerDataScanner.java:shutdown(141)) - ContainerDataScanner(/home/runner/work/ozone/ozone/hadoop-ozone/integration-test/target/test-dir/MiniOzoneClusterImpl-b6e902a5-721a-459f-a115-5ddcd789b87e/ozone-meta/datanode-9/data-0/hdds) is shutting down. 
2024-04-29 10:04:51,964 [ContainerDataScanner(/home/runner/work/ozone/ozone/hadoop-ozone/integration-test/target/test-dir/MiniOzoneClusterImpl-b6e902a5-721a-459f-a115-5ddcd789b87e/ozone-meta/datanode-9/data-0/hdds)] WARN  ozoneimpl.AbstractBackgroundContainerScanner (AbstractBackgroundContainerScanner.java:handleRemainingSleep(134)) - Background container scan was interrupted.
2024-04-29 10:04:51,964 [ContainerDataScanner(/home/runner/work/ozone/ozone/hadoop-ozone/integration-test/target/test-dir/MiniOzoneClusterImpl-b6e902a5-721a-459f-a115-5ddcd789b87e/ozone-meta/datanode-9/data-0/hdds)] INFO  ozoneimpl.AbstractBackgroundContainerScanner (AbstractBackgroundContainerScanner.java:run(61)) - ContainerDataScanner(/home/runner/work/ozone/ozone/hadoop-ozone/integration-test/target/test-dir/MiniOzoneClusterImpl-b6e902a5-721a-459f-a115-5ddcd789b87e/ozone-meta/datanode-9/data-0/hdds, DS-3a65d707-5659-4b25-b4a5-827cf5f8f357) exiting.
2024-04-29 10:04:51,965 [main] INFO  ozoneimpl.OnDemandContainerDataScanner (OnDemandContainerDataScanner.java:shutdownScanner(206)) - On-demand container scanner is shutting down.
2024-04-29 10:04:51,965 [main] INFO  server.RaftServer (RaftServerProxy.java:lambda$close$9(416)) - dd1da58e-99a3-4355-8051-ac3fff011e62: close
2024-04-29 10:04:51,965 [dd1da58e-99a3-4355-8051-ac3fff011e62-impl-thread1] INFO  server.RaftServer$Division (RaftServerImpl.java:lambda$close$3(526)) - dd1da58e-99a3-4355-8051-ac3fff011e62@group-8A14C840A84E: shutdown
2024-04-29 10:04:51,966 [dd1da58e-99a3-4355-8051-ac3fff011e62-impl-thread1] INFO  util.JmxRegister (JmxRegister.java:unregister(73)) - Successfully un-registered JMX Bean with object name Ratis:service=RaftServer,group=group-8A14C840A84E,id=dd1da58e-99a3-4355-8051-ac3fff011e62
2024-04-29 10:04:51,966 [dd1da58e-99a3-4355-8051-ac3fff011e62-impl-thread1] INFO  impl.RoleInfo (RoleInfo.java:shutdownFollowerState(110)) - dd1da58e-99a3-4355-8051-ac3fff011e62: shutdown dd1da58e-99a3-4355-8051-ac3fff011e62@group-8A14C840A84E-FollowerState
2024-04-29 10:04:51,966 [dd1da58e-99a3-4355-8051-ac3fff011e62-impl-thread1] INFO  impl.StateMachineUpdater (StateMachineUpdater.java:stopAndJoin(157)) - dd1da58e-99a3-4355-8051-ac3fff011e62@group-8A14C840A84E-StateMachineUpdater: set stopIndex = 1
2024-04-29 10:04:51,966 [dd1da58e-99a3-4355-8051-ac3fff011e62@group-8A14C840A84E-StateMachineUpdater] INFO  ratis.ContainerStateMachine (ContainerStateMachine.java:takeSnapshot(355)) - group-8A14C840A84E: Taking a snapshot at:(t:1, i:0) file /home/runner/work/ozone/ozone/hadoop-ozone/integration-test/target/test-dir/MiniOzoneClusterImpl-b6e902a5-721a-459f-a115-5ddcd789b87e/ozone-meta/datanode-9/ratis/92b75dc5-da21-4321-a7fe-8a14c840a84e/sm/snapshot.1_0
2024-04-29 10:04:51,966 [main] INFO  server.GrpcService (GrpcService.java:closeImpl(311)) - dd1da58e-99a3-4355-8051-ac3fff011e62: shutdown server org.apache.ratis.grpc.server.GrpcClientProtocolService now
2024-04-29 10:04:51,966 [dd1da58e-99a3-4355-8051-ac3fff011e62@group-8A14C840A84E-FollowerState] INFO  impl.FollowerState (FollowerState.java:run(152)) - dd1da58e-99a3-4355-8051-ac3fff011e62@group-8A14C840A84E-FollowerState was interrupted
2024-04-29 10:04:51,966 [dd1da58e-99a3-4355-8051-ac3fff011e62-impl-thread2] INFO  server.RaftServer$Division (RaftServerImpl.java:lambda$close$3(526)) - dd1da58e-99a3-4355-8051-ac3fff011e62@group-F9817439A977: shutdown
2024-04-29 10:04:51,966 [dd1da58e-99a3-4355-8051-ac3fff011e62-impl-thread2] INFO  util.JmxRegister (JmxRegister.java:unregister(73)) - Successfully un-registered JMX Bean with object name Ratis:service=RaftServer,group=group-F9817439A977,id=dd1da58e-99a3-4355-8051-ac3fff011e62
2024-04-29 10:04:51,966 [dd1da58e-99a3-4355-8051-ac3fff011e62-impl-thread2] INFO  impl.RoleInfo (RoleInfo.java:shutdownFollowerState(110)) - dd1da58e-99a3-4355-8051-ac3fff011e62: shutdown dd1da58e-99a3-4355-8051-ac3fff011e62@group-F9817439A977-FollowerState
2024-04-29 10:04:51,966 [dd1da58e-99a3-4355-8051-ac3fff011e62@group-F9817439A977-FollowerState] INFO  impl.FollowerState (FollowerState.java:run(152)) - dd1da58e-99a3-4355-8051-ac3fff011e62@group-F9817439A977-FollowerState was interrupted
2024-04-29 10:04:51,967 [dd1da58e-99a3-4355-8051-ac3fff011e62-impl-thread2] INFO  impl.StateMachineUpdater (StateMachineUpdater.java:stopAndJoin(157)) - dd1da58e-99a3-4355-8051-ac3fff011e62@group-F9817439A977-StateMachineUpdater: set stopIndex = -1
2024-04-29 10:04:51,967 [dd1da58e-99a3-4355-8051-ac3fff011e62-impl-thread2] INFO  server.RaftServer$Division (ServerState.java:close(427)) - dd1da58e-99a3-4355-8051-ac3fff011e62@group-F9817439A977: applyIndex: -1
2024-04-29 10:04:51,967 [dd1da58e-99a3-4355-8051-ac3fff011e62@group-F9817439A977-cacheEviction-AwaitToRun] INFO  util.AwaitToRun (AwaitToRun.java:run(49)) - dd1da58e-99a3-4355-8051-ac3fff011e62@group-F9817439A977-cacheEviction-AwaitToRun-AwaitForSignal is interrupted
2024-04-29 10:04:51,968 [main] INFO  server.GrpcService (GrpcService.java:closeImpl(320)) - dd1da58e-99a3-4355-8051-ac3fff011e62: shutdown server org.apache.ratis.grpc.server.GrpcClientProtocolService successfully
2024-04-29 10:04:51,968 [main] INFO  server.GrpcService (GrpcService.java:closeImpl(311)) - dd1da58e-99a3-4355-8051-ac3fff011e62: shutdown server GrpcServerProtocolService now
2024-04-29 10:04:51,968 [dd1da58e-99a3-4355-8051-ac3fff011e62@group-8A14C840A84E-StateMachineUpdater] INFO  ratis.ContainerStateMachine (ContainerStateMachine.java:takeSnapshot(366)) - group-8A14C840A84E: Finished taking a snapshot at:(t:1, i:0) file:/home/runner/work/ozone/ozone/hadoop-ozone/integration-test/target/test-dir/MiniOzoneClusterImpl-b6e902a5-721a-459f-a115-5ddcd789b87e/ozone-meta/datanode-9/ratis/92b75dc5-da21-4321-a7fe-8a14c840a84e/sm/snapshot.1_0 took: 2 ms
2024-04-29 10:04:51,968 [dd1da58e-99a3-4355-8051-ac3fff011e62@group-8A14C840A84E-StateMachineUpdater] INFO  impl.StateMachineUpdater (StateMachineUpdater.java:takeSnapshot(295)) - dd1da58e-99a3-4355-8051-ac3fff011e62@group-8A14C840A84E-StateMachineUpdater: Took a snapshot at index 0
2024-04-29 10:04:51,968 [dd1da58e-99a3-4355-8051-ac3fff011e62@group-8A14C840A84E-StateMachineUpdater] INFO  impl.StateMachineUpdater (StateMachineUpdater.java:lambda$new$0(98)) - dd1da58e-99a3-4355-8051-ac3fff011e62@group-8A14C840A84E-StateMachineUpdater: snapshotIndex: updateIncreasingly -1 -> 0
2024-04-29 10:04:51,968 [dd1da58e-99a3-4355-8051-ac3fff011e62@group-8A14C840A84E-StateMachineUpdater] INFO  ratis.ContainerStateMachine (ContainerStateMachine.java:takeSnapshot(355)) - group-8A14C840A84E: Taking a snapshot at:(t:1, i:1) file /home/runner/work/ozone/ozone/hadoop-ozone/integration-test/target/test-dir/MiniOzoneClusterImpl-b6e902a5-721a-459f-a115-5ddcd789b87e/ozone-meta/datanode-9/ratis/92b75dc5-da21-4321-a7fe-8a14c840a84e/sm/snapshot.1_1
2024-04-29 10:04:51,969 [grpc-default-executor-3] WARN  server.GrpcServerProtocolService (LogUtils.java:warn(121)) - dd1da58e-99a3-4355-8051-ac3fff011e62: APPEND_ENTRIES onError, lastRequest: 4e10c049-ef00-4c78-84ba-ad0788e207ea->dd1da58e-99a3-4355-8051-ac3fff011e62#4-t1,previous=(t:1, i:1),leaderCommit=1,initializing? false,entries: size=1, first=(t:1, i:2), METADATAENTRY(c:1): org.apache.ratis.thirdparty.io.grpc.StatusRuntimeException: CANCELLED: client cancelled
2024-04-29 10:04:51,969 [dd1da58e-99a3-4355-8051-ac3fff011e62@group-8A14C840A84E-StateMachineUpdater] INFO  ratis.ContainerStateMachine (ContainerStateMachine.java:takeSnapshot(366)) - group-8A14C840A84E: Finished taking a snapshot at:(t:1, i:1) file:/home/runner/work/ozone/ozone/hadoop-ozone/integration-test/target/test-dir/MiniOzoneClusterImpl-b6e902a5-721a-459f-a115-5ddcd789b87e/ozone-meta/datanode-9/ratis/92b75dc5-da21-4321-a7fe-8a14c840a84e/sm/snapshot.1_1 took: 1 ms
2024-04-29 10:04:51,970 [dd1da58e-99a3-4355-8051-ac3fff011e62@group-8A14C840A84E-StateMachineUpdater] INFO  impl.StateMachineUpdater (StateMachineUpdater.java:takeSnapshot(295)) - dd1da58e-99a3-4355-8051-ac3fff011e62@group-8A14C840A84E-StateMachineUpdater: Took a snapshot at index 1
2024-04-29 10:04:51,970 [dd1da58e-99a3-4355-8051-ac3fff011e62@group-8A14C840A84E-StateMachineUpdater] INFO  impl.StateMachineUpdater (StateMachineUpdater.java:lambda$new$0(98)) - dd1da58e-99a3-4355-8051-ac3fff011e62@group-8A14C840A84E-StateMachineUpdater: snapshotIndex: updateIncreasingly 0 -> 1
2024-04-29 10:04:51,970 [dd1da58e-99a3-4355-8051-ac3fff011e62-impl-thread1] INFO  server.RaftServer$Division (ServerState.java:close(427)) - dd1da58e-99a3-4355-8051-ac3fff011e62@group-8A14C840A84E: applyIndex: 1
2024-04-29 10:04:51,970 [grpc-default-executor-4] WARN  server.GrpcLogAppender (LogUtils.java:warn(121)) - 4e10c049-ef00-4c78-84ba-ad0788e207ea@group-8A14C840A84E->dd1da58e-99a3-4355-8051-ac3fff011e62-AppendLogResponseHandler: Failed appendEntries: org.apache.ratis.thirdparty.io.grpc.StatusRuntimeException: CANCELLED: RST_STREAM closed stream. HTTP/2 error code: CANCEL
2024-04-29 10:04:51,970 [dd1da58e-99a3-4355-8051-ac3fff011e62@group-8A14C840A84E-cacheEviction-AwaitToRun] INFO  util.AwaitToRun (AwaitToRun.java:run(49)) - dd1da58e-99a3-4355-8051-ac3fff011e62@group-8A14C840A84E-cacheEviction-AwaitToRun-AwaitForSignal is interrupted
2024-04-29 10:04:51,970 [grpc-default-executor-4] WARN  server.GrpcLogAppender (GrpcLogAppender.java:lambda$resetClient$1(217)) - 4e10c049-ef00-4c78-84ba-ad0788e207ea@group-8A14C840A84E->dd1da58e-99a3-4355-8051-ac3fff011e62-GrpcLogAppender: Follower failed (request=null, errorCount=1); keep nextIndex (3) unchanged and retry.
2024-04-29 10:04:51,970 [grpc-default-executor-5] WARN  server.GrpcServerProtocolService (LogUtils.java:warn(121)) - dd1da58e-99a3-4355-8051-ac3fff011e62: APPEND_ENTRIES onError, lastRequest: null: org.apache.ratis.thirdparty.io.grpc.StatusRuntimeException: CANCELLED: client cancelled
2024-04-29 10:04:51,971 [main] INFO  server.GrpcService (GrpcService.java:closeImpl(320)) - dd1da58e-99a3-4355-8051-ac3fff011e62: shutdown server GrpcServerProtocolService successfully
2024-04-29 10:04:51,971 [main] INFO  server.GrpcService (GrpcService.java:closeImpl(311)) - dd1da58e-99a3-4355-8051-ac3fff011e62: shutdown server org.apache.ratis.grpc.server.GrpcAdminProtocolService now
2024-04-29 10:04:51,971 [main] INFO  server.GrpcService (GrpcService.java:closeImpl(320)) - dd1da58e-99a3-4355-8051-ac3fff011e62: shutdown server org.apache.ratis.grpc.server.GrpcAdminProtocolService successfully
2024-04-29 10:04:51,975 [dd1da58e-99a3-4355-8051-ac3fff011e62-NettyServerStreamRpc-bossGroup--thread1] INFO  logging.LoggingHandler (AbstractInternalLogger.java:log(148)) - [id: 0xd23032e3, L:/0.0.0.0:15176] CLOSE
2024-04-29 10:04:51,975 [dd1da58e-99a3-4355-8051-ac3fff011e62-NettyServerStreamRpc-bossGroup--thread1] INFO  logging.LoggingHandler (AbstractInternalLogger.java:log(148)) - [id: 0xd23032e3, L:/0.0.0.0:15176] INACTIVE
2024-04-29 10:04:51,975 [dd1da58e-99a3-4355-8051-ac3fff011e62-NettyServerStreamRpc-bossGroup--thread1] INFO  logging.LoggingHandler (AbstractInternalLogger.java:log(148)) - [id: 0xd23032e3, L:/0.0.0.0:15176] UNREGISTERED
2024-04-29 10:04:52,928 [dd1da58e-99a3-4355-8051-ac3fff011e62-impl-thread2] INFO  segmented.SegmentedRaftLogWorker (SegmentedRaftLogWorker.java:close(245)) - dd1da58e-99a3-4355-8051-ac3fff011e62@group-F9817439A977-SegmentedRaftLogWorker close()
2024-04-29 10:04:52,957 [dd1da58e-99a3-4355-8051-ac3fff011e62-impl-thread1] INFO  segmented.SegmentedRaftLogWorker (SegmentedRaftLogWorker.java:close(245)) - dd1da58e-99a3-4355-8051-ac3fff011e62@group-8A14C840A84E-SegmentedRaftLogWorker close()
2024-04-29 10:04:52,958 [JvmPauseMonitor21] INFO  util.JvmPauseMonitor (JvmPauseMonitor.java:run(152)) - JvmPauseMonitor-dd1da58e-99a3-4355-8051-ac3fff011e62: Stopped
2024-04-29 10:04:54,960 [main] INFO  utils.DatanodeStoreCache (DatanodeStoreCache.java:shutdownCache(116)) - Skip clearing cache in mini cluster mode. Entries left: [/home/runner/work/ozone/ozone/hadoop-ozone/integration-test/target/test-dir/MiniOzoneClusterImpl-b6e902a5-721a-459f-a115-5ddcd789b87e/ozone-meta/datanode-1/data-0/hdds/b6e902a5-721a-459f-a115-5ddcd789b87e/DS-2197db3b-fe8f-4b2c-8084-aee140f2c76c/container.db, /home/runner/work/ozone/ozone/hadoop-ozone/integration-test/target/test-dir/MiniOzoneClusterImpl-b6e902a5-721a-459f-a115-5ddcd789b87e/ozone-meta/datanode-2/data-0/hdds/b6e902a5-721a-459f-a115-5ddcd789b87e/DS-f0ac0168-215d-4721-bced-3e4891a48ce9/container.db, /home/runner/work/ozone/ozone/hadoop-ozone/integration-test/target/test-dir/MiniOzoneClusterImpl-b6e902a5-721a-459f-a115-5ddcd789b87e/ozone-meta/datanode-3/data-0/hdds/b6e902a5-721a-459f-a115-5ddcd789b87e/DS-1c5d1856-867b-4efd-a5b2-df5489caeb21/container.db, /home/runner/work/ozone/ozone/hadoop-ozone/integration-test/target/test-dir/MiniOzoneClusterImpl-b6e902a5-721a-459f-a115-5ddcd789b87e/ozone-meta/datanode-4/data-0/hdds/b6e902a5-721a-459f-a115-5ddcd789b87e/DS-920d34fc-9058-411d-8e39-8837b419ea20/container.db, /home/runner/work/ozone/ozone/hadoop-ozone/integration-test/target/test-dir/MiniOzoneClusterImpl-b6e902a5-721a-459f-a115-5ddcd789b87e/ozone-meta/datanode-5/data-0/hdds/b6e902a5-721a-459f-a115-5ddcd789b87e/DS-31205988-f0e1-4f91-ac56-2faaaec41a13/container.db, /home/runner/work/ozone/ozone/hadoop-ozone/integration-test/target/test-dir/MiniOzoneClusterImpl-b6e902a5-721a-459f-a115-5ddcd789b87e/ozone-meta/datanode-6/data-0/hdds/b6e902a5-721a-459f-a115-5ddcd789b87e/DS-8ebf3dec-7702-4822-96f0-dd815f89cd56/container.db, /home/runner/work/ozone/ozone/hadoop-ozone/integration-test/target/test-dir/MiniOzoneClusterImpl-b6e902a5-721a-459f-a115-5ddcd789b87e/ozone-meta/datanode-7/data-0/hdds/b6e902a5-721a-459f-a115-5ddcd789b87e/DS-b579c26f-d8fa-455d-8d67-487d76dc6333/container.db, /home/runner/work/ozone/ozone/hadoop-ozone/integration-test/target/test-dir/MiniOzoneClusterImpl-b6e902a5-721a-459f-a115-5ddcd789b87e/ozone-meta/datanode-8/data-0/hdds/b6e902a5-721a-459f-a115-5ddcd789b87e/DS-6de99b88-cd81-4153-b4a3-e7a439d547be/container.db, /home/runner/work/ozone/ozone/hadoop-ozone/integration-test/target/test-dir/MiniOzoneClusterImpl-b6e902a5-721a-459f-a115-5ddcd789b87e/ozone-meta/datanode-9/data-0/hdds/b6e902a5-721a-459f-a115-5ddcd789b87e/DS-3a65d707-5659-4b25-b4a5-827cf5f8f357/container.db]
2024-04-29 10:04:54,961 [main] INFO  utils.DatanodeStoreCache (DatanodeStoreCache.java:removeDB(110)) - Removed db /home/runner/work/ozone/ozone/hadoop-ozone/integration-test/target/test-dir/MiniOzoneClusterImpl-b6e902a5-721a-459f-a115-5ddcd789b87e/ozone-meta/datanode-9/data-0/hdds/b6e902a5-721a-459f-a115-5ddcd789b87e/DS-3a65d707-5659-4b25-b4a5-827cf5f8f357/container.db from cache
2024-04-29 10:04:54,961 [main] INFO  volume.HddsVolume (HddsVolume.java:closeDbStore(470)) - SchemaV3 db is stopped at /home/runner/work/ozone/ozone/hadoop-ozone/integration-test/target/test-dir/MiniOzoneClusterImpl-b6e902a5-721a-459f-a115-5ddcd789b87e/ozone-meta/datanode-9/data-0/hdds/b6e902a5-721a-459f-a115-5ddcd789b87e/DS-3a65d707-5659-4b25-b4a5-827cf5f8f357/container.db for volume DS-3a65d707-5659-4b25-b4a5-827cf5f8f357
2024-04-29 10:04:54,961 [main] INFO  utils.BackgroundService (BackgroundService.java:shutdown(160)) - Shutting down service BlockDeletingService
2024-04-29 10:04:54,961 [main] INFO  utils.BackgroundService (BackgroundService.java:shutdown(160)) - Shutting down service StaleRecoveringContainerScrubbingService
2024-04-29 10:04:54,962 [main] INFO  statemachine.DatanodeStateMachine (DatanodeStateMachine.java:stopDaemon(638)) - Ozone container server stopped.
2024-04-29 10:04:54,963 [main] INFO  handler.ContextHandler (ContextHandler.java:doStop(1159)) - Stopped o.e.j.w.WebAppContext@6e5b7446{hddsDatanode,/,null,STOPPED}{file:/home/runner/work/ozone/ozone/hadoop-hdds/container-service/target/classes/webapps/hddsDatanode}
2024-04-29 10:04:54,963 [main] INFO  server.AbstractConnector (AbstractConnector.java:doStop(383)) - Stopped ServerConnector@1bffbac{HTTP/1.1, (http/1.1)}{0.0.0.0:15170}
2024-04-29 10:04:54,963 [main] INFO  server.session (HouseKeeper.java:stopScavenging(149)) - node0 Stopped scavenging
2024-04-29 10:04:54,963 [main] INFO  handler.ContextHandler (ContextHandler.java:doStop(1159)) - Stopped o.e.j.s.ServletContextHandler@29ec693e{static,/static,file:///home/runner/work/ozone/ozone/hadoop-hdds/container-service/target/classes/webapps/static,STOPPED}
2024-04-29 10:04:54,964 [main] INFO  handler.ContextHandler (ContextHandler.java:doStop(1159)) - Stopped o.e.j.s.ServletContextHandler@4a02197b{logs,/logs,file:///home/runner/work/ozone/ozone/hadoop-ozone/integration-test/target/log,STOPPED}
2024-04-29 10:04:54,965 [main] INFO  ozone.HddsDatanodeClientProtocolServer (HddsDatanodeClientProtocolServer.java:stop(83)) - Stopping the RPC server for Client Protocol
2024-04-29 10:04:54,965 [main] INFO  ipc.Server (Server.java:stop(3523)) - Stopping server on 15171
2024-04-29 10:04:54,965 [IPC Server listener on 15171] INFO  ipc.Server (Server.java:run(1434)) - Stopping IPC Server listener on 15171
2024-04-29 10:04:54,965 [IPC Server Responder] INFO  ipc.Server (Server.java:run(1567)) - Stopping IPC Server Responder
2024-04-29 10:04:54,967 [main] INFO  ozoneimpl.OzoneContainer (OzoneContainer.java:stop(481)) - Attempting to stop container services.
2024-04-29 10:04:54,967 [ContainerMetadataScanner] WARN  ozoneimpl.AbstractBackgroundContainerScanner (AbstractBackgroundContainerScanner.java:handleRemainingSleep(134)) - Background container scan was interrupted.
2024-04-29 10:04:54,967 [ContainerMetadataScanner] INFO  ozoneimpl.AbstractBackgroundContainerScanner (AbstractBackgroundContainerScanner.java:run(61)) - Thread[ContainerMetadataScanner,5,main] exiting.
2024-04-29 10:04:54,967 [main] INFO  ozoneimpl.BackgroundContainerDataScanner (BackgroundContainerDataScanner.java:shutdown(141)) - ContainerDataScanner(/home/runner/work/ozone/ozone/hadoop-ozone/integration-test/target/test-dir/MiniOzoneClusterImpl-b6e902a5-721a-459f-a115-5ddcd789b87e/ozone-meta/datanode-8/data-0/hdds) is shutting down. 
2024-04-29 10:04:54,967 [ContainerDataScanner(/home/runner/work/ozone/ozone/hadoop-ozone/integration-test/target/test-dir/MiniOzoneClusterImpl-b6e902a5-721a-459f-a115-5ddcd789b87e/ozone-meta/datanode-8/data-0/hdds)] WARN  ozoneimpl.AbstractBackgroundContainerScanner (AbstractBackgroundContainerScanner.java:handleRemainingSleep(134)) - Background container scan was interrupted.
2024-04-29 10:04:54,967 [ContainerDataScanner(/home/runner/work/ozone/ozone/hadoop-ozone/integration-test/target/test-dir/MiniOzoneClusterImpl-b6e902a5-721a-459f-a115-5ddcd789b87e/ozone-meta/datanode-8/data-0/hdds)] INFO  ozoneimpl.AbstractBackgroundContainerScanner (AbstractBackgroundContainerScanner.java:run(61)) - ContainerDataScanner(/home/runner/work/ozone/ozone/hadoop-ozone/integration-test/target/test-dir/MiniOzoneClusterImpl-b6e902a5-721a-459f-a115-5ddcd789b87e/ozone-meta/datanode-8/data-0/hdds, DS-6de99b88-cd81-4153-b4a3-e7a439d547be) exiting.
2024-04-29 10:04:54,968 [main] INFO  server.RaftServer (RaftServerProxy.java:lambda$close$9(416)) - a0b5e3cc-426b-4365-97e7-610395f4eb0a: close
2024-04-29 10:04:54,968 [a0b5e3cc-426b-4365-97e7-610395f4eb0a-impl-thread1] INFO  server.RaftServer$Division (RaftServerImpl.java:lambda$close$3(526)) - a0b5e3cc-426b-4365-97e7-610395f4eb0a@group-2CEAB62097DD: shutdown
2024-04-29 10:04:54,968 [a0b5e3cc-426b-4365-97e7-610395f4eb0a-impl-thread1] INFO  util.JmxRegister (JmxRegister.java:unregister(73)) - Successfully un-registered JMX Bean with object name Ratis:service=RaftServer,group=group-2CEAB62097DD,id=a0b5e3cc-426b-4365-97e7-610395f4eb0a
2024-04-29 10:04:54,968 [main] INFO  server.GrpcService (GrpcService.java:closeImpl(311)) - a0b5e3cc-426b-4365-97e7-610395f4eb0a: shutdown server org.apache.ratis.grpc.server.GrpcClientProtocolService now
2024-04-29 10:04:54,968 [a0b5e3cc-426b-4365-97e7-610395f4eb0a-impl-thread1] INFO  impl.RoleInfo (RoleInfo.java:shutdownLeaderState(94)) - a0b5e3cc-426b-4365-97e7-610395f4eb0a: shutdown a0b5e3cc-426b-4365-97e7-610395f4eb0a@group-2CEAB62097DD-LeaderStateImpl
2024-04-29 10:04:54,968 [a0b5e3cc-426b-4365-97e7-610395f4eb0a-impl-thread2] INFO  server.RaftServer$Division (RaftServerImpl.java:lambda$close$3(526)) - a0b5e3cc-426b-4365-97e7-610395f4eb0a@group-8A14C840A84E: shutdown
2024-04-29 10:04:54,968 [a0b5e3cc-426b-4365-97e7-610395f4eb0a-impl-thread1] INFO  impl.PendingRequests (PendingRequests.java:sendNotLeaderResponses(289)) - a0b5e3cc-426b-4365-97e7-610395f4eb0a@group-2CEAB62097DD-PendingRequests: sendNotLeaderResponses
2024-04-29 10:04:54,968 [a0b5e3cc-426b-4365-97e7-610395f4eb0a-impl-thread2] INFO  util.JmxRegister (JmxRegister.java:unregister(73)) - Successfully un-registered JMX Bean with object name Ratis:service=RaftServer,group=group-8A14C840A84E,id=a0b5e3cc-426b-4365-97e7-610395f4eb0a
2024-04-29 10:04:54,968 [a0b5e3cc-426b-4365-97e7-610395f4eb0a-impl-thread2] INFO  impl.RoleInfo (RoleInfo.java:shutdownFollowerState(110)) - a0b5e3cc-426b-4365-97e7-610395f4eb0a: shutdown a0b5e3cc-426b-4365-97e7-610395f4eb0a@group-8A14C840A84E-FollowerState
2024-04-29 10:04:54,969 [a0b5e3cc-426b-4365-97e7-610395f4eb0a-impl-thread2] INFO  impl.StateMachineUpdater (StateMachineUpdater.java:stopAndJoin(157)) - a0b5e3cc-426b-4365-97e7-610395f4eb0a@group-8A14C840A84E-StateMachineUpdater: set stopIndex = 2
2024-04-29 10:04:54,969 [a0b5e3cc-426b-4365-97e7-610395f4eb0a@group-8A14C840A84E-StateMachineUpdater] INFO  ratis.ContainerStateMachine (ContainerStateMachine.java:takeSnapshot(355)) - group-8A14C840A84E: Taking a snapshot at:(t:1, i:2) file /home/runner/work/ozone/ozone/hadoop-ozone/integration-test/target/test-dir/MiniOzoneClusterImpl-b6e902a5-721a-459f-a115-5ddcd789b87e/ozone-meta/datanode-8/ratis/92b75dc5-da21-4321-a7fe-8a14c840a84e/sm/snapshot.1_2
2024-04-29 10:04:54,969 [a0b5e3cc-426b-4365-97e7-610395f4eb0a-impl-thread1] INFO  impl.StateMachineUpdater (StateMachineUpdater.java:stopAndJoin(157)) - a0b5e3cc-426b-4365-97e7-610395f4eb0a@group-2CEAB62097DD-StateMachineUpdater: set stopIndex = 0
2024-04-29 10:04:54,969 [a0b5e3cc-426b-4365-97e7-610395f4eb0a@group-8A14C840A84E-FollowerState] INFO  impl.FollowerState (FollowerState.java:run(152)) - a0b5e3cc-426b-4365-97e7-610395f4eb0a@group-8A14C840A84E-FollowerState was interrupted
2024-04-29 10:04:54,969 [a0b5e3cc-426b-4365-97e7-610395f4eb0a@group-2CEAB62097DD-StateMachineUpdater] INFO  ratis.ContainerStateMachine (ContainerStateMachine.java:takeSnapshot(355)) - group-2CEAB62097DD: Taking a snapshot at:(t:1, i:0) file /home/runner/work/ozone/ozone/hadoop-ozone/integration-test/target/test-dir/MiniOzoneClusterImpl-b6e902a5-721a-459f-a115-5ddcd789b87e/ozone-meta/datanode-8/ratis/99a3e681-8a7c-4d12-adbf-2ceab62097dd/sm/snapshot.1_0
2024-04-29 10:04:54,969 [main] INFO  server.GrpcService (GrpcService.java:closeImpl(320)) - a0b5e3cc-426b-4365-97e7-610395f4eb0a: shutdown server org.apache.ratis.grpc.server.GrpcClientProtocolService successfully
2024-04-29 10:04:54,970 [main] INFO  server.GrpcService (GrpcService.java:closeImpl(311)) - a0b5e3cc-426b-4365-97e7-610395f4eb0a: shutdown server GrpcServerProtocolService now
2024-04-29 10:04:54,970 [a0b5e3cc-426b-4365-97e7-610395f4eb0a@group-2CEAB62097DD-StateMachineUpdater] INFO  ratis.ContainerStateMachine (ContainerStateMachine.java:takeSnapshot(366)) - group-2CEAB62097DD: Finished taking a snapshot at:(t:1, i:0) file:/home/runner/work/ozone/ozone/hadoop-ozone/integration-test/target/test-dir/MiniOzoneClusterImpl-b6e902a5-721a-459f-a115-5ddcd789b87e/ozone-meta/datanode-8/ratis/99a3e681-8a7c-4d12-adbf-2ceab62097dd/sm/snapshot.1_0 took: 1 ms
2024-04-29 10:04:54,970 [a0b5e3cc-426b-4365-97e7-610395f4eb0a@group-2CEAB62097DD-StateMachineUpdater] INFO  impl.StateMachineUpdater (StateMachineUpdater.java:takeSnapshot(295)) - a0b5e3cc-426b-4365-97e7-610395f4eb0a@group-2CEAB62097DD-StateMachineUpdater: Took a snapshot at index 0
2024-04-29 10:04:54,970 [a0b5e3cc-426b-4365-97e7-610395f4eb0a@group-2CEAB62097DD-StateMachineUpdater] INFO  impl.StateMachineUpdater (StateMachineUpdater.java:lambda$new$0(98)) - a0b5e3cc-426b-4365-97e7-610395f4eb0a@group-2CEAB62097DD-StateMachineUpdater: snapshotIndex: updateIncreasingly -1 -> 0
2024-04-29 10:04:54,971 [grpc-default-executor-5] WARN  server.GrpcServerProtocolService (LogUtils.java:warn(121)) - a0b5e3cc-426b-4365-97e7-610395f4eb0a: APPEND_ENTRIES onError, lastRequest: null: org.apache.ratis.thirdparty.io.grpc.StatusRuntimeException: CANCELLED: client cancelled
2024-04-29 10:04:54,971 [grpc-default-executor-6] WARN  server.GrpcServerProtocolService (LogUtils.java:warn(121)) - a0b5e3cc-426b-4365-97e7-610395f4eb0a: APPEND_ENTRIES onError, lastRequest: 4e10c049-ef00-4c78-84ba-ad0788e207ea->a0b5e3cc-426b-4365-97e7-610395f4eb0a#5-t1,previous=(t:1, i:1),leaderCommit=1,initializing? false,entries: size=1, first=(t:1, i:2), METADATAENTRY(c:1): org.apache.ratis.thirdparty.io.grpc.StatusRuntimeException: CANCELLED: client cancelled
2024-04-29 10:04:54,971 [grpc-default-executor-2] WARN  server.GrpcLogAppender (LogUtils.java:warn(121)) - 4e10c049-ef00-4c78-84ba-ad0788e207ea@group-8A14C840A84E->a0b5e3cc-426b-4365-97e7-610395f4eb0a-AppendLogResponseHandler: Failed appendEntries: org.apache.ratis.thirdparty.io.grpc.StatusRuntimeException: CANCELLED: RST_STREAM closed stream. HTTP/2 error code: CANCEL
2024-04-29 10:04:54,971 [grpc-default-executor-6] WARN  server.GrpcLogAppender (GrpcLogAppender.java:lambda$resetClient$1(217)) - 4e10c049-ef00-4c78-84ba-ad0788e207ea@group-8A14C840A84E->a0b5e3cc-426b-4365-97e7-610395f4eb0a-GrpcLogAppender: Follower failed (request=null, errorCount=1); keep nextIndex (3) unchanged and retry.
2024-04-29 10:04:54,971 [a0b5e3cc-426b-4365-97e7-610395f4eb0a-impl-thread1] INFO  server.RaftServer$Division (ServerState.java:close(427)) - a0b5e3cc-426b-4365-97e7-610395f4eb0a@group-2CEAB62097DD: applyIndex: 0
2024-04-29 10:04:54,971 [a0b5e3cc-426b-4365-97e7-610395f4eb0a@group-2CEAB62097DD-cacheEviction-AwaitToRun] INFO  util.AwaitToRun (AwaitToRun.java:run(49)) - a0b5e3cc-426b-4365-97e7-610395f4eb0a@group-2CEAB62097DD-cacheEviction-AwaitToRun-AwaitForSignal is interrupted
2024-04-29 10:04:54,972 [a0b5e3cc-426b-4365-97e7-610395f4eb0a@group-8A14C840A84E-StateMachineUpdater] INFO  ratis.ContainerStateMachine (ContainerStateMachine.java:takeSnapshot(366)) - group-8A14C840A84E: Finished taking a snapshot at:(t:1, i:2) file:/home/runner/work/ozone/ozone/hadoop-ozone/integration-test/target/test-dir/MiniOzoneClusterImpl-b6e902a5-721a-459f-a115-5ddcd789b87e/ozone-meta/datanode-8/ratis/92b75dc5-da21-4321-a7fe-8a14c840a84e/sm/snapshot.1_2 took: 3 ms
2024-04-29 10:04:54,972 [a0b5e3cc-426b-4365-97e7-610395f4eb0a@group-8A14C840A84E-StateMachineUpdater] INFO  impl.StateMachineUpdater (StateMachineUpdater.java:takeSnapshot(295)) - a0b5e3cc-426b-4365-97e7-610395f4eb0a@group-8A14C840A84E-StateMachineUpdater: Took a snapshot at index 2
2024-04-29 10:04:54,972 [a0b5e3cc-426b-4365-97e7-610395f4eb0a@group-8A14C840A84E-StateMachineUpdater] INFO  impl.StateMachineUpdater (StateMachineUpdater.java:lambda$new$0(98)) - a0b5e3cc-426b-4365-97e7-610395f4eb0a@group-8A14C840A84E-StateMachineUpdater: snapshotIndex: updateIncreasingly -1 -> 2
2024-04-29 10:04:54,972 [a0b5e3cc-426b-4365-97e7-610395f4eb0a-impl-thread2] INFO  server.RaftServer$Division (ServerState.java:close(427)) - a0b5e3cc-426b-4365-97e7-610395f4eb0a@group-8A14C840A84E: applyIndex: 2
2024-04-29 10:04:54,972 [a0b5e3cc-426b-4365-97e7-610395f4eb0a@group-8A14C840A84E-cacheEviction-AwaitToRun] INFO  util.AwaitToRun (AwaitToRun.java:run(49)) - a0b5e3cc-426b-4365-97e7-610395f4eb0a@group-8A14C840A84E-cacheEviction-AwaitToRun-AwaitForSignal is interrupted
2024-04-29 10:04:54,972 [main] INFO  server.GrpcService (GrpcService.java:closeImpl(320)) - a0b5e3cc-426b-4365-97e7-610395f4eb0a: shutdown server GrpcServerProtocolService successfully
2024-04-29 10:04:54,972 [main] INFO  server.GrpcService (GrpcService.java:closeImpl(311)) - a0b5e3cc-426b-4365-97e7-610395f4eb0a: shutdown server org.apache.ratis.grpc.server.GrpcAdminProtocolService now
2024-04-29 10:04:54,973 [main] INFO  server.GrpcService (GrpcService.java:closeImpl(320)) - a0b5e3cc-426b-4365-97e7-610395f4eb0a: shutdown server org.apache.ratis.grpc.server.GrpcAdminProtocolService successfully
2024-04-29 10:04:54,976 [a0b5e3cc-426b-4365-97e7-610395f4eb0a-NettyServerStreamRpc-bossGroup--thread1] INFO  logging.LoggingHandler (AbstractInternalLogger.java:log(148)) - [id: 0x5aaf0092, L:/0.0.0.0:15167] CLOSE
2024-04-29 10:04:54,976 [a0b5e3cc-426b-4365-97e7-610395f4eb0a-NettyServerStreamRpc-bossGroup--thread1] INFO  logging.LoggingHandler (AbstractInternalLogger.java:log(148)) - [id: 0x5aaf0092, L:/0.0.0.0:15167] INACTIVE
2024-04-29 10:04:54,976 [a0b5e3cc-426b-4365-97e7-610395f4eb0a-NettyServerStreamRpc-bossGroup--thread1] INFO  logging.LoggingHandler (AbstractInternalLogger.java:log(148)) - [id: 0x5aaf0092, L:/0.0.0.0:15167] UNREGISTERED
2024-04-29 10:04:55,958 [a0b5e3cc-426b-4365-97e7-610395f4eb0a-impl-thread1] INFO  segmented.SegmentedRaftLogWorker (SegmentedRaftLogWorker.java:close(245)) - a0b5e3cc-426b-4365-97e7-610395f4eb0a@group-2CEAB62097DD-SegmentedRaftLogWorker close()
2024-04-29 10:04:55,958 [a0b5e3cc-426b-4365-97e7-610395f4eb0a-impl-thread2] INFO  segmented.SegmentedRaftLogWorker (SegmentedRaftLogWorker.java:close(245)) - a0b5e3cc-426b-4365-97e7-610395f4eb0a@group-8A14C840A84E-SegmentedRaftLogWorker close()
2024-04-29 10:04:55,959 [JvmPauseMonitor20] INFO  util.JvmPauseMonitor (JvmPauseMonitor.java:run(152)) - JvmPauseMonitor-a0b5e3cc-426b-4365-97e7-610395f4eb0a: Stopped
2024-04-29 10:04:56,970 [timer3] WARN  server.GrpcLogAppender (LogUtils.java:warn(121)) - 4e10c049-ef00-4c78-84ba-ad0788e207ea@group-8A14C840A84E->dd1da58e-99a3-4355-8051-ac3fff011e62-AppendLogResponseHandler: Failed appendEntries (Repeated 10 times in the last 5.000s): org.apache.ratis.thirdparty.io.grpc.StatusRuntimeException: UNAVAILABLE: io exception
2024-04-29 10:04:56,970 [timer4] WARN  server.GrpcLogAppender (GrpcLogAppender.java:lambda$resetClient$1(217)) - 4e10c049-ef00-4c78-84ba-ad0788e207ea@group-8A14C840A84E->dd1da58e-99a3-4355-8051-ac3fff011e62-GrpcLogAppender: Follower failed (request=null, errorCount=10); keep nextIndex (3) unchanged and retry. (Repeated 10 times in the last 5.000s)
2024-04-29 10:04:57,961 [main] INFO  utils.DatanodeStoreCache (DatanodeStoreCache.java:shutdownCache(116)) - Skip clearing cache in mini cluster mode. Entries left: [/home/runner/work/ozone/ozone/hadoop-ozone/integration-test/target/test-dir/MiniOzoneClusterImpl-b6e902a5-721a-459f-a115-5ddcd789b87e/ozone-meta/datanode-1/data-0/hdds/b6e902a5-721a-459f-a115-5ddcd789b87e/DS-2197db3b-fe8f-4b2c-8084-aee140f2c76c/container.db, /home/runner/work/ozone/ozone/hadoop-ozone/integration-test/target/test-dir/MiniOzoneClusterImpl-b6e902a5-721a-459f-a115-5ddcd789b87e/ozone-meta/datanode-2/data-0/hdds/b6e902a5-721a-459f-a115-5ddcd789b87e/DS-f0ac0168-215d-4721-bced-3e4891a48ce9/container.db, /home/runner/work/ozone/ozone/hadoop-ozone/integration-test/target/test-dir/MiniOzoneClusterImpl-b6e902a5-721a-459f-a115-5ddcd789b87e/ozone-meta/datanode-3/data-0/hdds/b6e902a5-721a-459f-a115-5ddcd789b87e/DS-1c5d1856-867b-4efd-a5b2-df5489caeb21/container.db, /home/runner/work/ozone/ozone/hadoop-ozone/integration-test/target/test-dir/MiniOzoneClusterImpl-b6e902a5-721a-459f-a115-5ddcd789b87e/ozone-meta/datanode-4/data-0/hdds/b6e902a5-721a-459f-a115-5ddcd789b87e/DS-920d34fc-9058-411d-8e39-8837b419ea20/container.db, /home/runner/work/ozone/ozone/hadoop-ozone/integration-test/target/test-dir/MiniOzoneClusterImpl-b6e902a5-721a-459f-a115-5ddcd789b87e/ozone-meta/datanode-5/data-0/hdds/b6e902a5-721a-459f-a115-5ddcd789b87e/DS-31205988-f0e1-4f91-ac56-2faaaec41a13/container.db, /home/runner/work/ozone/ozone/hadoop-ozone/integration-test/target/test-dir/MiniOzoneClusterImpl-b6e902a5-721a-459f-a115-5ddcd789b87e/ozone-meta/datanode-6/data-0/hdds/b6e902a5-721a-459f-a115-5ddcd789b87e/DS-8ebf3dec-7702-4822-96f0-dd815f89cd56/container.db, /home/runner/work/ozone/ozone/hadoop-ozone/integration-test/target/test-dir/MiniOzoneClusterImpl-b6e902a5-721a-459f-a115-5ddcd789b87e/ozone-meta/datanode-7/data-0/hdds/b6e902a5-721a-459f-a115-5ddcd789b87e/DS-b579c26f-d8fa-455d-8d67-487d76dc6333/container.db, /home/runner/work/ozone/ozone/hadoop-ozone/integration-test/target/test-dir/MiniOzoneClusterImpl-b6e902a5-721a-459f-a115-5ddcd789b87e/ozone-meta/datanode-8/data-0/hdds/b6e902a5-721a-459f-a115-5ddcd789b87e/DS-6de99b88-cd81-4153-b4a3-e7a439d547be/container.db]
2024-04-29 10:04:57,962 [main] INFO  utils.DatanodeStoreCache (DatanodeStoreCache.java:removeDB(110)) - Removed db /home/runner/work/ozone/ozone/hadoop-ozone/integration-test/target/test-dir/MiniOzoneClusterImpl-b6e902a5-721a-459f-a115-5ddcd789b87e/ozone-meta/datanode-8/data-0/hdds/b6e902a5-721a-459f-a115-5ddcd789b87e/DS-6de99b88-cd81-4153-b4a3-e7a439d547be/container.db from cache
2024-04-29 10:04:57,962 [main] INFO  volume.HddsVolume (HddsVolume.java:closeDbStore(470)) - SchemaV3 db is stopped at /home/runner/work/ozone/ozone/hadoop-ozone/integration-test/target/test-dir/MiniOzoneClusterImpl-b6e902a5-721a-459f-a115-5ddcd789b87e/ozone-meta/datanode-8/data-0/hdds/b6e902a5-721a-459f-a115-5ddcd789b87e/DS-6de99b88-cd81-4153-b4a3-e7a439d547be/container.db for volume DS-6de99b88-cd81-4153-b4a3-e7a439d547be
2024-04-29 10:04:57,963 [main] INFO  utils.BackgroundService (BackgroundService.java:shutdown(160)) - Shutting down service BlockDeletingService
2024-04-29 10:04:57,963 [main] INFO  utils.BackgroundService (BackgroundService.java:shutdown(160)) - Shutting down service StaleRecoveringContainerScrubbingService
2024-04-29 10:04:57,963 [main] INFO  statemachine.DatanodeStateMachine (DatanodeStateMachine.java:stopDaemon(638)) - Ozone container server stopped.
2024-04-29 10:04:57,964 [main] INFO  handler.ContextHandler (ContextHandler.java:doStop(1159)) - Stopped o.e.j.w.WebAppContext@4fbc8862{hddsDatanode,/,null,STOPPED}{file:/home/runner/work/ozone/ozone/hadoop-hdds/container-service/target/classes/webapps/hddsDatanode}
2024-04-29 10:04:57,964 [main] INFO  server.AbstractConnector (AbstractConnector.java:doStop(383)) - Stopped ServerConnector@6ffd0aa8{HTTP/1.1, (http/1.1)}{0.0.0.0:15161}
2024-04-29 10:04:57,964 [main] INFO  server.session (HouseKeeper.java:stopScavenging(149)) - node0 Stopped scavenging
2024-04-29 10:04:57,964 [main] INFO  handler.ContextHandler (ContextHandler.java:doStop(1159)) - Stopped o.e.j.s.ServletContextHandler@4237d6e4{static,/static,file:///home/runner/work/ozone/ozone/hadoop-hdds/container-service/target/classes/webapps/static,STOPPED}
2024-04-29 10:04:57,965 [main] INFO  handler.ContextHandler (ContextHandler.java:doStop(1159)) - Stopped o.e.j.s.ServletContextHandler@396feeb5{logs,/logs,file:///home/runner/work/ozone/ozone/hadoop-ozone/integration-test/target/log,STOPPED}
2024-04-29 10:04:57,965 [main] INFO  ozone.HddsDatanodeClientProtocolServer (HddsDatanodeClientProtocolServer.java:stop(83)) - Stopping the RPC server for Client Protocol
2024-04-29 10:04:57,965 [main] INFO  ipc.Server (Server.java:stop(3523)) - Stopping server on 15162
2024-04-29 10:04:57,966 [IPC Server listener on 15162] INFO  ipc.Server (Server.java:run(1434)) - Stopping IPC Server listener on 15162
2024-04-29 10:04:57,966 [IPC Server Responder] INFO  ipc.Server (Server.java:run(1567)) - Stopping IPC Server Responder
2024-04-29 10:04:57,969 [main] INFO  pipeline.PipelineManagerImpl (PipelineManagerImpl.java:closeContainersForPipeline(484)) - Container #1 closed for pipeline=PipelineID=92b75dc5-da21-4321-a7fe-8a14c840a84e
2024-04-29 10:04:57,969 [EventQueue-CloseContainerForCloseContainerEventHandler] INFO  container.CloseContainerEventHandler (CloseContainerEventHandler.java:onMessage(88)) - Close container Event triggered for container : #1, current state: CLOSING
2024-04-29 10:04:57,970 [main] INFO  pipeline.PipelineManagerImpl (PipelineManagerImpl.java:closePipeline(518)) - Pipeline PipelineID=92b75dc5-da21-4321-a7fe-8a14c840a84e moved to CLOSED state
2024-04-29 10:04:58,216 [grpc-default-executor-6] WARN  server.GrpcLogAppender (LogUtils.java:warn(121)) - 4e10c049-ef00-4c78-84ba-ad0788e207ea@group-8A14C840A84E->dd1da58e-99a3-4355-8051-ac3fff011e62-AppendLogResponseHandler: Failed appendEntries: org.apache.ratis.thirdparty.io.grpc.StatusRuntimeException: UNAVAILABLE: io exception
2024-04-29 10:04:58,216 [grpc-default-executor-2] WARN  server.GrpcLogAppender (GrpcLogAppender.java:lambda$resetClient$1(217)) - 4e10c049-ef00-4c78-84ba-ad0788e207ea@group-8A14C840A84E->dd1da58e-99a3-4355-8051-ac3fff011e62-GrpcLogAppender: Follower failed (request=null, errorCount=11); keep nextIndex (3) unchanged and retry.
2024-04-29 10:04:59,971 [timer2] WARN  server.GrpcLogAppender (LogUtils.java:warn(121)) - 4e10c049-ef00-4c78-84ba-ad0788e207ea@group-8A14C840A84E->a0b5e3cc-426b-4365-97e7-610395f4eb0a-AppendLogResponseHandler: Failed appendEntries (Repeated 8 times in the last 5.000s): org.apache.ratis.thirdparty.io.grpc.StatusRuntimeException: UNAVAILABLE: io exception
2024-04-29 10:04:59,971 [timer3] WARN  server.GrpcLogAppender (GrpcLogAppender.java:lambda$resetClient$1(217)) - 4e10c049-ef00-4c78-84ba-ad0788e207ea@group-8A14C840A84E->a0b5e3cc-426b-4365-97e7-610395f4eb0a-GrpcLogAppender: Follower failed (request=null, errorCount=8); keep nextIndex (3) unchanged and retry. (Repeated 8 times in the last 5.000s)
2024-04-29 10:05:00,718 [grpc-default-executor-6] WARN  server.GrpcLogAppender (LogUtils.java:warn(121)) - 4e10c049-ef00-4c78-84ba-ad0788e207ea@group-8A14C840A84E->a0b5e3cc-426b-4365-97e7-610395f4eb0a-AppendLogResponseHandler: Failed appendEntries: org.apache.ratis.thirdparty.io.grpc.StatusRuntimeException: UNAVAILABLE: io exception
2024-04-29 10:05:00,719 [grpc-default-executor-2] WARN  server.GrpcLogAppender (GrpcLogAppender.java:lambda$resetClient$1(217)) - 4e10c049-ef00-4c78-84ba-ad0788e207ea@group-8A14C840A84E->a0b5e3cc-426b-4365-97e7-610395f4eb0a-GrpcLogAppender: Follower failed (request=null, errorCount=9); keep nextIndex (3) unchanged and retry.
2024-04-29 10:05:01,322 [null-request--thread1] INFO  server.GrpcClientProtocolService (GrpcClientProtocolService.java:lambda$processClientRequest$0(284)) - Failed RaftClientRequest:client-5955CE2BE70E->4e10c049-ef00-4c78-84ba-ad0788e207ea@group-8A14C840A84E, cid=44, seq=null, Watch-ALL_COMMITTED(52), Message:<EMPTY>, reply=RaftClientReply:client-5955CE2BE70E->4e10c049-ef00-4c78-84ba-ad0788e207ea@group-8A14C840A84E, cid=44, FAILED org.apache.ratis.protocol.exceptions.NotReplicatedException: Request with call Id 44 and log index 52 is not yet replicated to ALL_COMMITTED, logIndex=52, commits[4e10c049-ef00-4c78-84ba-ad0788e207ea:c2, dd1da58e-99a3-4355-8051-ac3fff011e62:c1, a0b5e3cc-426b-4365-97e7-610395f4eb0a:c2]
2024-04-29 10:05:01,325 [main] WARN  scm.XceiverClientRatis (XceiverClientRatis.java:watchForCommit(284)) - 3 way commit failed on pipeline Pipeline[ Id: 92b75dc5-da21-4321-a7fe-8a14c840a84e, Nodes: dd1da58e-99a3-4355-8051-ac3fff011e62(localhost/127.0.0.1)a0b5e3cc-426b-4365-97e7-610395f4eb0a(localhost/127.0.0.1)4e10c049-ef00-4c78-84ba-ad0788e207ea(localhost/127.0.0.1), ReplicationConfig: RATIS/THREE, State:OPEN, leaderId:4e10c049-ef00-4c78-84ba-ad0788e207ea, CreationTimestamp2024-04-29T10:04:43.912Z[Etc/UTC]]
java.util.concurrent.ExecutionException: org.apache.ratis.protocol.exceptions.NotReplicatedException: Request with call Id 44 and log index 52 is not yet replicated to ALL_COMMITTED
	at java.base/java.util.concurrent.CompletableFuture.reportGet(CompletableFuture.java:396)
	at java.base/java.util.concurrent.CompletableFuture.get(CompletableFuture.java:2073)
	at org.apache.hadoop.hdds.scm.XceiverClientRatis.watchForCommit(XceiverClientRatis.java:279)
	at org.apache.hadoop.ozone.client.rpc.TestWatchForCommit.lambda$testWatchForCommitForRetryfailure$0(TestWatchForCommit.java:286)
	at org.junit.jupiter.api.AssertThrows.assertThrows(AssertThrows.java:53)
	at org.junit.jupiter.api.AssertThrows.assertThrows(AssertThrows.java:35)
	at org.junit.jupiter.api.Assertions.assertThrows(Assertions.java:3115)
	at org.apache.hadoop.ozone.client.rpc.TestWatchForCommit.testWatchForCommitForRetryfailure(TestWatchForCommit.java:285)
	at java.base/jdk.internal.reflect.NativeMethodAccessorImpl.invoke0(Native Method)
	at java.base/jdk.internal.reflect.NativeMethodAccessorImpl.invoke(NativeMethodAccessorImpl.java:77)
	at java.base/jdk.internal.reflect.DelegatingMethodAccessorImpl.invoke(DelegatingMethodAccessorImpl.java:43)
	at java.base/java.lang.reflect.Method.invoke(Method.java:568)
	at org.junit.platform.commons.util.ReflectionUtils.invokeMethod(ReflectionUtils.java:728)
	at org.junit.jupiter.engine.execution.MethodInvocation.proceed(MethodInvocation.java:60)
	at org.junit.jupiter.engine.execution.InvocationInterceptorChain$ValidatingInvocation.proceed(InvocationInterceptorChain.java:131)
	at org.junit.jupiter.engine.extension.TimeoutExtension.intercept(TimeoutExtension.java:156)
	at org.junit.jupiter.engine.extension.TimeoutExtension.interceptTestableMethod(TimeoutExtension.java:147)
	at org.junit.jupiter.engine.extension.TimeoutExtension.interceptTestMethod(TimeoutExtension.java:86)
	at org.junit.jupiter.engine.execution.InterceptingExecutableInvoker$ReflectiveInterceptorCall.lambda$ofVoidMethod$0(InterceptingExecutableInvoker.java:103)
	at org.junit.jupiter.engine.execution.InterceptingExecutableInvoker.lambda$invoke$0(InterceptingExecutableInvoker.java:93)
	at org.junit.jupiter.engine.execution.InvocationInterceptorChain$InterceptedInvocation.proceed(InvocationInterceptorChain.java:106)
	at org.junit.jupiter.engine.execution.InvocationInterceptorChain.proceed(InvocationInterceptorChain.java:64)
	at org.junit.jupiter.engine.execution.InvocationInterceptorChain.chainAndInvoke(InvocationInterceptorChain.java:45)
	at org.junit.jupiter.engine.execution.InvocationInterceptorChain.invoke(InvocationInterceptorChain.java:37)
	at org.junit.jupiter.engine.execution.InterceptingExecutableInvoker.invoke(InterceptingExecutableInvoker.java:92)
	at org.junit.jupiter.engine.execution.InterceptingExecutableInvoker.invoke(InterceptingExecutableInvoker.java:86)
	at org.junit.jupiter.engine.descriptor.TestMethodTestDescriptor.lambda$invokeTestMethod$7(TestMethodTestDescriptor.java:218)
	at org.junit.platform.engine.support.hierarchical.ThrowableCollector.execute(ThrowableCollector.java:73)
	at org.junit.jupiter.engine.descriptor.TestMethodTestDescriptor.invokeTestMethod(TestMethodTestDescriptor.java:214)
	at org.junit.jupiter.engine.descriptor.TestMethodTestDescriptor.execute(TestMethodTestDescriptor.java:139)
	at org.junit.jupiter.engine.descriptor.TestMethodTestDescriptor.execute(TestMethodTestDescriptor.java:69)
	at org.junit.platform.engine.support.hierarchical.NodeTestTask.lambda$executeRecursively$6(NodeTestTask.java:151)
	at org.junit.platform.engine.support.hierarchical.ThrowableCollector.execute(ThrowableCollector.java:73)
	at org.junit.platform.engine.support.hierarchical.NodeTestTask.lambda$executeRecursively$8(NodeTestTask.java:141)
	at org.junit.platform.engine.support.hierarchical.Node.around(Node.java:137)
	at org.junit.platform.engine.support.hierarchical.NodeTestTask.lambda$executeRecursively$9(NodeTestTask.java:139)
	at org.junit.platform.engine.support.hierarchical.ThrowableCollector.execute(ThrowableCollector.java:73)
	at org.junit.platform.engine.support.hierarchical.NodeTestTask.executeRecursively(NodeTestTask.java:138)
	at org.junit.platform.engine.support.hierarchical.NodeTestTask.execute(NodeTestTask.java:95)
	at java.base/java.util.ArrayList.forEach(ArrayList.java:1511)
	at org.junit.platform.engine.support.hierarchical.SameThreadHierarchicalTestExecutorService.invokeAll(SameThreadHierarchicalTestExecutorService.java:41)
	at org.junit.platform.engine.support.hierarchical.NodeTestTask.lambda$executeRecursively$6(NodeTestTask.java:155)
	at org.junit.platform.engine.support.hierarchical.ThrowableCollector.execute(ThrowableCollector.java:73)
	at org.junit.platform.engine.support.hierarchical.NodeTestTask.lambda$executeRecursively$8(NodeTestTask.java:141)
	at org.junit.platform.engine.support.hierarchical.Node.around(Node.java:137)
	at org.junit.platform.engine.support.hierarchical.NodeTestTask.lambda$executeRecursively$9(NodeTestTask.java:139)
	at org.junit.platform.engine.support.hierarchical.ThrowableCollector.execute(ThrowableCollector.java:73)
	at org.junit.platform.engine.support.hierarchical.NodeTestTask.executeRecursively(NodeTestTask.java:138)
	at org.junit.platform.engine.support.hierarchical.NodeTestTask.execute(NodeTestTask.java:95)
	at java.base/java.util.ArrayList.forEach(ArrayList.java:1511)
	at org.junit.platform.engine.support.hierarchical.SameThreadHierarchicalTestExecutorService.invokeAll(SameThreadHierarchicalTestExecutorService.java:41)
	at org.junit.platform.engine.support.hierarchical.NodeTestTask.lambda$executeRecursively$6(NodeTestTask.java:155)
	at org.junit.platform.engine.support.hierarchical.ThrowableCollector.execute(ThrowableCollector.java:73)
	at org.junit.platform.engine.support.hierarchical.NodeTestTask.lambda$executeRecursively$8(NodeTestTask.java:141)
	at org.junit.platform.engine.support.hierarchical.Node.around(Node.java:137)
	at org.junit.platform.engine.support.hierarchical.NodeTestTask.lambda$executeRecursively$9(NodeTestTask.java:139)
	at org.junit.platform.engine.support.hierarchical.ThrowableCollector.execute(ThrowableCollector.java:73)
	at org.junit.platform.engine.support.hierarchical.NodeTestTask.executeRecursively(NodeTestTask.java:138)
	at org.junit.platform.engine.support.hierarchical.NodeTestTask.execute(NodeTestTask.java:95)
	at org.junit.platform.engine.support.hierarchical.SameThreadHierarchicalTestExecutorService.submit(SameThreadHierarchicalTestExecutorService.java:35)
	at org.junit.platform.engine.support.hierarchical.HierarchicalTestExecutor.execute(HierarchicalTestExecutor.java:57)
	at org.junit.platform.engine.support.hierarchical.HierarchicalTestEngine.execute(HierarchicalTestEngine.java:54)
	at org.junit.platform.launcher.core.EngineExecutionOrchestrator.execute(EngineExecutionOrchestrator.java:198)
	at org.junit.platform.launcher.core.EngineExecutionOrchestrator.execute(EngineExecutionOrchestrator.java:169)
	at org.junit.platform.launcher.core.EngineExecutionOrchestrator.execute(EngineExecutionOrchestrator.java:93)
	at org.junit.platform.launcher.core.EngineExecutionOrchestrator.lambda$execute$0(EngineExecutionOrchestrator.java:58)
	at org.junit.platform.launcher.core.EngineExecutionOrchestrator.withInterceptedStreams(EngineExecutionOrchestrator.java:141)
	at org.junit.platform.launcher.core.EngineExecutionOrchestrator.execute(EngineExecutionOrchestrator.java:57)
	at org.junit.platform.launcher.core.DefaultLauncher.execute(DefaultLauncher.java:103)
	at org.junit.platform.launcher.core.DefaultLauncher.execute(DefaultLauncher.java:85)
	at org.junit.platform.launcher.core.DelegatingLauncher.execute(DelegatingLauncher.java:47)
	at org.junit.platform.launcher.core.SessionPerRequestLauncher.execute(SessionPerRequestLauncher.java:63)
	at org.apache.maven.surefire.junitplatform.JUnitPlatformProvider.invokeAllTests(JUnitPlatformProvider.java:154)
	at org.apache.maven.surefire.junitplatform.JUnitPlatformProvider.invoke(JUnitPlatformProvider.java:123)
	at org.apache.maven.surefire.booter.ForkedBooter.runSuitesInProcess(ForkedBooter.java:377)
	at org.apache.maven.surefire.booter.ForkedBooter.execute(ForkedBooter.java:138)
	at org.apache.maven.surefire.booter.ForkedBooter.run(ForkedBooter.java:465)
	at org.apache.maven.surefire.booter.ForkedBooter.main(ForkedBooter.java:451)
Caused by: org.apache.ratis.protocol.exceptions.NotReplicatedException: Request with call Id 44 and log index 52 is not yet replicated to ALL_COMMITTED
	at org.apache.ratis.client.impl.ClientProtoUtils.toRaftClientReply(ClientProtoUtils.java:400)
	at org.apache.ratis.grpc.client.GrpcClientProtocolClient$AsyncStreamObservers$1.onNext(GrpcClientProtocolClient.java:310)
	at org.apache.ratis.grpc.client.GrpcClientProtocolClient$AsyncStreamObservers$1.onNext(GrpcClientProtocolClient.java:305)
	at org.apache.ratis.thirdparty.io.grpc.stub.ClientCalls$StreamObserverToCallListenerAdapter.onMessage(ClientCalls.java:468)
	at org.apache.ratis.thirdparty.io.grpc.ForwardingClientCallListener.onMessage(ForwardingClientCallListener.java:33)
	at org.apache.ratis.thirdparty.io.grpc.internal.ClientCallImpl$ClientStreamListenerImpl$1MessagesAvailable.runInternal(ClientCallImpl.java:660)
	at org.apache.ratis.thirdparty.io.grpc.internal.ClientCallImpl$ClientStreamListenerImpl$1MessagesAvailable.runInContext(ClientCallImpl.java:647)
	at org.apache.ratis.thirdparty.io.grpc.internal.ContextRunnable.run(ContextRunnable.java:37)
	at org.apache.ratis.thirdparty.io.grpc.internal.SerializingExecutor.run(SerializingExecutor.java:133)
	at java.base/java.util.concurrent.ThreadPoolExecutor.runWorker(ThreadPoolExecutor.java:1136)
	at java.base/java.util.concurrent.ThreadPoolExecutor$Worker.run(ThreadPoolExecutor.java:635)
	at java.base/java.lang.Thread.run(Thread.java:840)
2024-04-29 10:05:02,359 [4e10c049-ef00-4c78-84ba-ad0788e207ea@group-8A14C840A84E-LeaderStateImpl] WARN  server.RaftServer$Division (LeaderStateImpl.java:checkLeadership(1107)) - 4e10c049-ef00-4c78-84ba-ad0788e207ea@group-8A14C840A84E-LeaderStateImpl: Lost leadership on term: 1. Election timeout: 5200ms. In charge for: 10499ms. Conf: 0: peers:[dd1da58e-99a3-4355-8051-ac3fff011e62|127.0.0.1:15175, 4e10c049-ef00-4c78-84ba-ad0788e207ea|127.0.0.1:15157, a0b5e3cc-426b-4365-97e7-610395f4eb0a|127.0.0.1:15166]|listeners:[], old=null
2024-04-29 10:05:02,359 [4e10c049-ef00-4c78-84ba-ad0788e207ea@group-8A14C840A84E-LeaderStateImpl] WARN  server.RaftServer$Division (LeaderStateImpl.java:lambda$checkLeadership$21(1111)) - Follower 4e10c049-ef00-4c78-84ba-ad0788e207ea@group-8A14C840A84E->dd1da58e-99a3-4355-8051-ac3fff011e62(c1,m2,n3, caughtUp=true, lastRpcSendTime=410, lastRpcResponseTime=10401)
2024-04-29 10:05:02,359 [4e10c049-ef00-4c78-84ba-ad0788e207ea@group-8A14C840A84E-LeaderStateImpl] WARN  server.RaftServer$Division (LeaderStateImpl.java:lambda$checkLeadership$21(1111)) - Follower 4e10c049-ef00-4c78-84ba-ad0788e207ea@group-8A14C840A84E->a0b5e3cc-426b-4365-97e7-610395f4eb0a(c2,m2,n3, caughtUp=true, lastRpcSendTime=388, lastRpcResponseTime=7898)
2024-04-29 10:05:02,360 [4e10c049-ef00-4c78-84ba-ad0788e207ea@group-8A14C840A84E-LeaderStateImpl] INFO  server.RaftServer$Division (RaftServerImpl.java:setRole(383)) - 4e10c049-ef00-4c78-84ba-ad0788e207ea@group-8A14C840A84E: changes role from    LEADER to FOLLOWER at term 1 for StepDownReason:LOST_MAJORITY_HEARTBEATS
2024-04-29 10:05:02,360 [4e10c049-ef00-4c78-84ba-ad0788e207ea@group-8A14C840A84E-LeaderStateImpl] INFO  impl.RoleInfo (RoleInfo.java:shutdownLeaderState(94)) - 4e10c049-ef00-4c78-84ba-ad0788e207ea: shutdown 4e10c049-ef00-4c78-84ba-ad0788e207ea@group-8A14C840A84E-LeaderStateImpl
2024-04-29 10:05:02,360 [4e10c049-ef00-4c78-84ba-ad0788e207ea@group-8A14C840A84E->dd1da58e-99a3-4355-8051-ac3fff011e62-GrpcLogAppender-LogAppenderDaemon] WARN  server.GrpcLogAppender (GrpcLogAppender.java:mayWait(289)) - 4e10c049-ef00-4c78-84ba-ad0788e207ea@group-8A14C840A84E->dd1da58e-99a3-4355-8051-ac3fff011e62-GrpcLogAppender: Wait interrupted by java.lang.InterruptedException
2024-04-29 10:05:02,360 [4e10c049-ef00-4c78-84ba-ad0788e207ea@group-8A14C840A84E-LeaderStateImpl] INFO  impl.PendingRequests (PendingRequests.java:sendNotLeaderResponses(289)) - 4e10c049-ef00-4c78-84ba-ad0788e207ea@group-8A14C840A84E-PendingRequests: sendNotLeaderResponses
2024-04-29 10:05:02,360 [null-request--thread1] INFO  server.GrpcClientProtocolService (GrpcClientProtocolService.java:lambda$processClientRequest$0(284)) - Failed RaftClientRequest:client-5955CE2BE70E->4e10c049-ef00-4c78-84ba-ad0788e207ea@group-8A14C840A84E, cid=45, seq=null, Watch-MAJORITY_COMMITTED(52), Message:<EMPTY>, reply=RaftClientReply:client-5955CE2BE70E->4e10c049-ef00-4c78-84ba-ad0788e207ea@group-8A14C840A84E, cid=45, FAILED org.apache.ratis.protocol.exceptions.NotLeaderException: Server 4e10c049-ef00-4c78-84ba-ad0788e207ea@group-8A14C840A84E is not the leader, logIndex=0, commits[4e10c049-ef00-4c78-84ba-ad0788e207ea:c2, dd1da58e-99a3-4355-8051-ac3fff011e62:c1, a0b5e3cc-426b-4365-97e7-610395f4eb0a:c2]
2024-04-29 10:05:02,361 [4e10c049-ef00-4c78-84ba-ad0788e207ea@group-8A14C840A84E->a0b5e3cc-426b-4365-97e7-610395f4eb0a-GrpcLogAppender-LogAppenderDaemon] WARN  server.GrpcLogAppender (GrpcLogAppender.java:mayWait(289)) - 4e10c049-ef00-4c78-84ba-ad0788e207ea@group-8A14C840A84E->a0b5e3cc-426b-4365-97e7-610395f4eb0a-GrpcLogAppender: Wait interrupted by java.lang.InterruptedException
2024-04-29 10:05:02,361 [4e10c049-ef00-4c78-84ba-ad0788e207ea@group-8A14C840A84E-LeaderStateImpl] INFO  server.RaftServer$Division (ServerState.java:setLeader(269)) - 4e10c049-ef00-4c78-84ba-ad0788e207ea@group-8A14C840A84E: change Leader from 4e10c049-ef00-4c78-84ba-ad0788e207ea to null at term 1 for StepDownReason:LOST_MAJORITY_HEARTBEATS
2024-04-29 10:05:02,361 [4e10c049-ef00-4c78-84ba-ad0788e207ea@group-8A14C840A84E-LeaderStateImpl] INFO  impl.RoleInfo (RoleInfo.java:updateAndGet(139)) - 4e10c049-ef00-4c78-84ba-ad0788e207ea: start 4e10c049-ef00-4c78-84ba-ad0788e207ea@group-8A14C840A84E-FollowerState
2024-04-29 10:05:02,966 [4e10c049-ef00-4c78-84ba-ad0788e207ea-CloseContainerThread-0] INFO  commandhandler.CloseContainerCommandHandler (CloseContainerCommandHandler.java:lambda$handle$0(154)) - Follower cannot close container #1.
2024-04-29 10:05:03,216 [timer6] WARN  server.GrpcLogAppender (LogUtils.java:warn(121)) - 4e10c049-ef00-4c78-84ba-ad0788e207ea@group-8A14C840A84E->dd1da58e-99a3-4355-8051-ac3fff011e62-AppendLogResponseHandler: Failed appendEntries (Repeated 6 times in the last 5.000s): org.apache.ratis.thirdparty.io.grpc.StatusRuntimeException: UNAVAILABLE: io exception
2024-04-29 10:05:03,216 [timer7] WARN  server.GrpcLogAppender (GrpcLogAppender.java:lambda$resetClient$1(217)) - 4e10c049-ef00-4c78-84ba-ad0788e207ea@group-8A14C840A84E->dd1da58e-99a3-4355-8051-ac3fff011e62-GrpcLogAppender: Follower failed (request=null, errorCount=16); keep nextIndex (3) unchanged and retry. (Repeated 6 times in the last 5.000s)
2024-04-29 10:05:04,277 [BackgroundPipelineScrubber] INFO  pipeline.PipelineManagerImpl (PipelineManagerImpl.java:scrubPipelines(610)) - Scrubbing pipeline: id: PipelineID=92b75dc5-da21-4321-a7fe-8a14c840a84e since it stays at CLOSED stage.
2024-04-29 10:05:04,278 [BackgroundPipelineScrubber] INFO  pipeline.RatisPipelineProvider (RatisPipelineProvider.java:lambda$close$4(270)) - Send pipeline:PipelineID=92b75dc5-da21-4321-a7fe-8a14c840a84e close command to datanode dd1da58e-99a3-4355-8051-ac3fff011e62
2024-04-29 10:05:04,278 [BackgroundPipelineScrubber] INFO  pipeline.RatisPipelineProvider (RatisPipelineProvider.java:lambda$close$4(270)) - Send pipeline:PipelineID=92b75dc5-da21-4321-a7fe-8a14c840a84e close command to datanode a0b5e3cc-426b-4365-97e7-610395f4eb0a
2024-04-29 10:05:04,278 [BackgroundPipelineScrubber] INFO  pipeline.RatisPipelineProvider (RatisPipelineProvider.java:lambda$close$4(270)) - Send pipeline:PipelineID=92b75dc5-da21-4321-a7fe-8a14c840a84e close command to datanode 4e10c049-ef00-4c78-84ba-ad0788e207ea
2024-04-29 10:05:04,279 [BackgroundPipelineScrubber] INFO  pipeline.PipelineManagerImpl (PipelineManagerImpl.java:removePipeline(459)) - Pipeline Pipeline[ Id: 92b75dc5-da21-4321-a7fe-8a14c840a84e, Nodes: dd1da58e-99a3-4355-8051-ac3fff011e62(localhost/127.0.0.1)a0b5e3cc-426b-4365-97e7-610395f4eb0a(localhost/127.0.0.1)4e10c049-ef00-4c78-84ba-ad0788e207ea(localhost/127.0.0.1), ReplicationConfig: RATIS/THREE, State:CLOSED, leaderId:4e10c049-ef00-4c78-84ba-ad0788e207ea, CreationTimestamp2024-04-29T10:04:43.912Z[Etc/UTC]] removed.
2024-04-29 10:05:05,718 [timer6] WARN  server.GrpcLogAppender (LogUtils.java:warn(121)) - 4e10c049-ef00-4c78-84ba-ad0788e207ea@group-8A14C840A84E->a0b5e3cc-426b-4365-97e7-610395f4eb0a-AppendLogResponseHandler: Failed appendEntries (Repeated 4 times in the last 5.000s): org.apache.ratis.thirdparty.io.grpc.StatusRuntimeException: UNAVAILABLE: io exception
2024-04-29 10:05:05,719 [timer7] WARN  server.GrpcLogAppender (GrpcLogAppender.java:lambda$resetClient$1(217)) - 4e10c049-ef00-4c78-84ba-ad0788e207ea@group-8A14C840A84E->a0b5e3cc-426b-4365-97e7-610395f4eb0a-GrpcLogAppender: Follower failed (request=null, errorCount=12); keep nextIndex (3) unchanged and retry. (Repeated 4 times in the last 5.001s)
2024-04-29 10:05:05,966 [4e10c049-ef00-4c78-84ba-ad0788e207ea-PipelineCommandHandlerThread-0] INFO  server.RaftServer (RaftServerProxy.java:remove(111)) - 4e10c049-ef00-4c78-84ba-ad0788e207ea: remove  FOLLOWER 4e10c049-ef00-4c78-84ba-ad0788e207ea@group-8A14C840A84E:t1, leader=null, voted=4e10c049-ef00-4c78-84ba-ad0788e207ea, raftlog=Memoized:4e10c049-ef00-4c78-84ba-ad0788e207ea@group-8A14C840A84E-SegmentedRaftLog:OPENED:c2, conf=0: peers:[dd1da58e-99a3-4355-8051-ac3fff011e62|127.0.0.1:15175, 4e10c049-ef00-4c78-84ba-ad0788e207ea|127.0.0.1:15157, a0b5e3cc-426b-4365-97e7-610395f4eb0a|127.0.0.1:15166]|listeners:[], old=null RUNNING
2024-04-29 10:05:05,967 [4e10c049-ef00-4c78-84ba-ad0788e207ea-PipelineCommandHandlerThread-0] INFO  server.RaftServer$Division (RaftServerImpl.java:lambda$close$3(526)) - 4e10c049-ef00-4c78-84ba-ad0788e207ea@group-8A14C840A84E: shutdown
2024-04-29 10:05:05,967 [4e10c049-ef00-4c78-84ba-ad0788e207ea-PipelineCommandHandlerThread-0] INFO  util.JmxRegister (JmxRegister.java:unregister(73)) - Successfully un-registered JMX Bean with object name Ratis:service=RaftServer,group=group-8A14C840A84E,id=4e10c049-ef00-4c78-84ba-ad0788e207ea
2024-04-29 10:05:05,967 [4e10c049-ef00-4c78-84ba-ad0788e207ea-PipelineCommandHandlerThread-0] INFO  impl.RoleInfo (RoleInfo.java:shutdownFollowerState(110)) - 4e10c049-ef00-4c78-84ba-ad0788e207ea: shutdown 4e10c049-ef00-4c78-84ba-ad0788e207ea@group-8A14C840A84E-FollowerState
2024-04-29 10:05:05,968 [4e10c049-ef00-4c78-84ba-ad0788e207ea-PipelineCommandHandlerThread-0] INFO  impl.StateMachineUpdater (StateMachineUpdater.java:stopAndJoin(157)) - 4e10c049-ef00-4c78-84ba-ad0788e207ea@group-8A14C840A84E-StateMachineUpdater: set stopIndex = 2
2024-04-29 10:05:05,968 [4e10c049-ef00-4c78-84ba-ad0788e207ea@group-8A14C840A84E-StateMachineUpdater] INFO  ratis.ContainerStateMachine (ContainerStateMachine.java:takeSnapshot(355)) - group-8A14C840A84E: Taking a snapshot at:(t:1, i:2) file /home/runner/work/ozone/ozone/hadoop-ozone/integration-test/target/test-dir/MiniOzoneClusterImpl-b6e902a5-721a-459f-a115-5ddcd789b87e/ozone-meta/datanode-7/ratis/92b75dc5-da21-4321-a7fe-8a14c840a84e/sm/snapshot.1_2
2024-04-29 10:05:05,968 [4e10c049-ef00-4c78-84ba-ad0788e207ea@group-8A14C840A84E-FollowerState] INFO  impl.FollowerState (FollowerState.java:run(152)) - 4e10c049-ef00-4c78-84ba-ad0788e207ea@group-8A14C840A84E-FollowerState was interrupted
2024-04-29 10:05:05,969 [4e10c049-ef00-4c78-84ba-ad0788e207ea@group-8A14C840A84E-StateMachineUpdater] INFO  ratis.ContainerStateMachine (ContainerStateMachine.java:takeSnapshot(366)) - group-8A14C840A84E: Finished taking a snapshot at:(t:1, i:2) file:/home/runner/work/ozone/ozone/hadoop-ozone/integration-test/target/test-dir/MiniOzoneClusterImpl-b6e902a5-721a-459f-a115-5ddcd789b87e/ozone-meta/datanode-7/ratis/92b75dc5-da21-4321-a7fe-8a14c840a84e/sm/snapshot.1_2 took: 1 ms
2024-04-29 10:05:05,969 [4e10c049-ef00-4c78-84ba-ad0788e207ea@group-8A14C840A84E-StateMachineUpdater] INFO  impl.StateMachineUpdater (StateMachineUpdater.java:takeSnapshot(295)) - 4e10c049-ef00-4c78-84ba-ad0788e207ea@group-8A14C840A84E-StateMachineUpdater: Took a snapshot at index 2
2024-04-29 10:05:05,969 [4e10c049-ef00-4c78-84ba-ad0788e207ea@group-8A14C840A84E-StateMachineUpdater] INFO  impl.StateMachineUpdater (StateMachineUpdater.java:lambda$new$0(98)) - 4e10c049-ef00-4c78-84ba-ad0788e207ea@group-8A14C840A84E-StateMachineUpdater: snapshotIndex: updateIncreasingly -1 -> 2
2024-04-29 10:05:05,970 [4e10c049-ef00-4c78-84ba-ad0788e207ea-PipelineCommandHandlerThread-0] INFO  server.RaftServer$Division (ServerState.java:close(427)) - 4e10c049-ef00-4c78-84ba-ad0788e207ea@group-8A14C840A84E: applyIndex: 2
2024-04-29 10:05:05,970 [4e10c049-ef00-4c78-84ba-ad0788e207ea@group-8A14C840A84E-cacheEviction-AwaitToRun] INFO  util.AwaitToRun (AwaitToRun.java:run(49)) - 4e10c049-ef00-4c78-84ba-ad0788e207ea@group-8A14C840A84E-cacheEviction-AwaitToRun-AwaitForSignal is interrupted
2024-04-29 10:05:06,958 [4e10c049-ef00-4c78-84ba-ad0788e207ea-PipelineCommandHandlerThread-0] INFO  segmented.SegmentedRaftLogWorker (SegmentedRaftLogWorker.java:close(245)) - 4e10c049-ef00-4c78-84ba-ad0788e207ea@group-8A14C840A84E-SegmentedRaftLogWorker close()
2024-04-29 10:05:06,959 [4e10c049-ef00-4c78-84ba-ad0788e207ea-PipelineCommandHandlerThread-0] INFO  keyvalue.KeyValueContainer (KeyValueContainer.java:flushAndSyncDB(522)) - Container 1 is synced with bcsId 0.
2024-04-29 10:05:06,959 [4e10c049-ef00-4c78-84ba-ad0788e207ea-PipelineCommandHandlerThread-0] INFO  keyvalue.KeyValueContainer (KeyValueContainer.java:flushAndSyncDB(522)) - Container 1 is synced with bcsId 0.
2024-04-29 10:05:06,962 [FixedThreadPoolWithAffinityExecutor-8-0] INFO  container.IncrementalContainerReportHandler (AbstractContainerReportHandler.java:updateContainerState(287)) - Moving container #1 to QUASI_CLOSED state, datanode 4e10c049-ef00-4c78-84ba-ad0788e207ea(localhost/127.0.0.1) reported QUASI_CLOSED replica.
2024-04-29 10:05:06,963 [4e10c049-ef00-4c78-84ba-ad0788e207ea-PipelineCommandHandlerThread-0] INFO  server.RaftServer$Division (RaftServerImpl.java:groupRemove(496)) - 4e10c049-ef00-4c78-84ba-ad0788e207ea@group-8A14C840A84E: Succeed to remove RaftStorageDirectory Storage Directory /home/runner/work/ozone/ozone/hadoop-ozone/integration-test/target/test-dir/MiniOzoneClusterImpl-b6e902a5-721a-459f-a115-5ddcd789b87e/ozone-meta/datanode-7/ratis/92b75dc5-da21-4321-a7fe-8a14c840a84e
2024-04-29 10:05:06,963 [4e10c049-ef00-4c78-84ba-ad0788e207ea-PipelineCommandHandlerThread-0] ERROR commandhandler.ClosePipelineCommandHandler (ClosePipelineCommandHandler.java:lambda$handle$2(137)) - Can't close pipeline PipelineID=92b75dc5-da21-4321-a7fe-8a14c840a84e
org.apache.ratis.protocol.exceptions.GroupMismatchException: 4e10c049-ef00-4c78-84ba-ad0788e207ea: group-8A14C840A84E not found.
	at org.apache.ratis.server.impl.RaftServerProxy$ImplMap.get(RaftServerProxy.java:154)
	at org.apache.ratis.server.impl.RaftServerProxy.getImplFuture(RaftServerProxy.java:364)
	at org.apache.ratis.server.impl.RaftServerProxy.getImpl(RaftServerProxy.java:373)
	at org.apache.ratis.server.impl.RaftServerProxy.getDivision(RaftServerProxy.java:386)
	at org.apache.hadoop.ozone.container.common.transport.server.ratis.XceiverServerRatis.getRaftPeersInPipeline(XceiverServerRatis.java:951)
	at org.apache.hadoop.ozone.container.common.statemachine.commandhandler.ClosePipelineCommandHandler.lambda$handle$2(ClosePipelineCommandHandler.java:114)
	at java.base/java.util.concurrent.CompletableFuture$AsyncRun.run(CompletableFuture.java:1804)
	at java.base/java.util.concurrent.ThreadPoolExecutor.runWorker(ThreadPoolExecutor.java:1136)
	at java.base/java.util.concurrent.ThreadPoolExecutor$Worker.run(ThreadPoolExecutor.java:635)
	at java.base/java.lang.Thread.run(Thread.java:840)
2024-04-29 10:05:14,758 [main] INFO  ozone.MiniOzoneClusterImpl (MiniOzoneClusterImpl.java:shutdown(396)) - Shutting down the Mini Ozone Cluster
2024-04-29 10:05:14,758 [main] INFO  db.CodecTestUtil (CodecTestUtil.java:gc(50)) - gc 0
2024-04-29 10:05:14,927 [main] INFO  ozone.MiniOzoneClusterImpl (MiniOzoneClusterImpl.java:stop(412)) - Stopping the Mini Ozone Cluster
2024-04-29 10:05:14,928 [main] INFO  om.OzoneManager (OzoneManager.java:stop(2232)) - om1[localhost:15093]: Stopping Ozone Manager
2024-04-29 10:05:14,928 [main] INFO  ipc.Server (Server.java:stop(3523)) - Stopping server on 15093
2024-04-29 10:05:14,928 [IPC Server listener on 15093] INFO  ipc.Server (Server.java:run(1434)) - Stopping IPC Server listener on 15093
2024-04-29 10:05:14,928 [main] INFO  ratis.OzoneManagerRatisServer (OzoneManagerRatisServer.java:stop(594)) - Stopping org.apache.hadoop.ozone.om.ratis.OzoneManagerRatisServer@3de4bfa9 at port 15096
2024-04-29 10:05:14,928 [IPC Server Responder] INFO  ipc.Server (Server.java:run(1567)) - Stopping IPC Server Responder
2024-04-29 10:05:14,929 [main] INFO  server.RaftServer (RaftServerProxy.java:lambda$close$9(416)) - om1: close
2024-04-29 10:05:14,929 [main] INFO  server.GrpcService (GrpcService.java:closeImpl(311)) - om1: shutdown server GrpcServerProtocolService now
2024-04-29 10:05:14,929 [om1-impl-thread1] INFO  server.RaftServer$Division (RaftServerImpl.java:lambda$close$3(526)) - om1@group-C5BA1605619E: shutdown
2024-04-29 10:05:14,930 [om1-impl-thread1] INFO  util.JmxRegister (JmxRegister.java:unregister(73)) - Successfully un-registered JMX Bean with object name Ratis:service=RaftServer,group=group-C5BA1605619E,id=om1
2024-04-29 10:05:14,930 [om1-impl-thread1] INFO  impl.RoleInfo (RoleInfo.java:shutdownLeaderState(94)) - om1: shutdown om1@group-C5BA1605619E-LeaderStateImpl
2024-04-29 10:05:14,930 [om1-impl-thread1] INFO  impl.PendingRequests (PendingRequests.java:sendNotLeaderResponses(289)) - om1@group-C5BA1605619E-PendingRequests: sendNotLeaderResponses
2024-04-29 10:05:14,930 [om1-impl-thread1] INFO  impl.StateMachineUpdater (StateMachineUpdater.java:stopAndJoin(157)) - om1@group-C5BA1605619E-StateMachineUpdater: set stopIndex = 4
2024-04-29 10:05:14,930 [om1@group-C5BA1605619E-StateMachineUpdater] INFO  ratis.OzoneManagerStateMachine (OzoneManagerStateMachine.java:takeSnapshotImpl(481)) -  applied = (t:1, i:3)
2024-04-29 10:05:14,930 [om1@group-C5BA1605619E-StateMachineUpdater] INFO  ratis.OzoneManagerStateMachine (OzoneManagerStateMachine.java:takeSnapshotImpl(482)) -  skipped = 3
2024-04-29 10:05:14,930 [om1@group-C5BA1605619E-StateMachineUpdater] INFO  ratis.OzoneManagerStateMachine (OzoneManagerStateMachine.java:takeSnapshotImpl(483)) - notified = (t:1, i:4)
2024-04-29 10:05:14,930 [om1@group-C5BA1605619E-StateMachineUpdater] INFO  ratis.OzoneManagerStateMachine (OzoneManagerStateMachine.java:takeSnapshotImpl(484)) - snapshot = (t:1, i:4)
2024-04-29 10:05:14,931 [main] INFO  server.GrpcService (GrpcService.java:closeImpl(320)) - om1: shutdown server GrpcServerProtocolService successfully
2024-04-29 10:05:14,945 [om1@group-C5BA1605619E-StateMachineUpdater] INFO  impl.StateMachineUpdater (StateMachineUpdater.java:takeSnapshot(295)) - om1@group-C5BA1605619E-StateMachineUpdater: Took a snapshot at index 4
2024-04-29 10:05:14,945 [om1@group-C5BA1605619E-StateMachineUpdater] INFO  impl.StateMachineUpdater (StateMachineUpdater.java:lambda$new$0(98)) - om1@group-C5BA1605619E-StateMachineUpdater: snapshotIndex: updateIncreasingly -1 -> 4
2024-04-29 10:05:14,945 [om1@group-C5BA1605619E-StateMachineUpdater] INFO  ratis.OzoneManagerStateMachine (OzoneManagerStateMachine.java:close(527)) - Stopping OzoneManagerStateMachine:om1:group-C5BA1605619E.
2024-04-29 10:05:14,945 [om1@group-C5BA1605619E-StateMachineUpdater] INFO  ratis.OzoneManagerDoubleBuffer (OzoneManagerDoubleBuffer.java:stopDaemon(517)) - Stopping OMDoubleBuffer flush thread
2024-04-29 10:05:14,945 [om1-OMDoubleBufferFlushThread] INFO  ratis.OzoneManagerDoubleBuffer (OzoneManagerDoubleBuffer.java:canFlush(581)) - OMDoubleBuffer flush thread om1-OMDoubleBufferFlushThread is interrupted and will exit.
2024-04-29 10:05:14,945 [om1-impl-thread1] INFO  server.RaftServer$Division (ServerState.java:close(427)) - om1@group-C5BA1605619E: applyIndex: 3
2024-04-29 10:05:14,945 [om1@group-C5BA1605619E-cacheEviction-AwaitToRun] INFO  util.AwaitToRun (AwaitToRun.java:run(49)) - om1@group-C5BA1605619E-cacheEviction-AwaitToRun-AwaitForSignal is interrupted
2024-04-29 10:05:15,931 [om1-impl-thread1] INFO  segmented.SegmentedRaftLogWorker (SegmentedRaftLogWorker.java:close(245)) - om1@group-C5BA1605619E-SegmentedRaftLogWorker close()
2024-04-29 10:05:15,932 [JvmPauseMonitor12] INFO  util.JvmPauseMonitor (JvmPauseMonitor.java:run(152)) - JvmPauseMonitor-om1: Stopped
2024-04-29 10:05:15,932 [main] INFO  utils.BackgroundService (BackgroundService.java:shutdown(160)) - Shutting down service KeyDeletingService
2024-04-29 10:05:15,933 [main] INFO  utils.BackgroundService (BackgroundService.java:shutdown(160)) - Shutting down service DirectoryDeletingService
2024-04-29 10:05:15,933 [main] INFO  utils.BackgroundService (BackgroundService.java:shutdown(160)) - Shutting down service OpenKeyCleanupService
2024-04-29 10:05:15,933 [main] INFO  utils.BackgroundService (BackgroundService.java:shutdown(160)) - Shutting down service SstFilteringService
2024-04-29 10:05:15,933 [main] INFO  utils.BackgroundService (BackgroundService.java:shutdown(160)) - Shutting down service SnapshotDeletingService
2024-04-29 10:05:15,933 [main] INFO  utils.BackgroundService (BackgroundService.java:shutdown(160)) - Shutting down service MultipartUploadCleanupService
2024-04-29 10:05:15,933 [main] INFO  utils.BackgroundService (BackgroundService.java:shutdown(160)) - Shutting down service SnapshotDirectoryCleaningService
2024-04-29 10:05:15,938 [main] INFO  handler.ContextHandler (ContextHandler.java:doStop(1159)) - Stopped o.e.j.w.WebAppContext@4eb32d54{ozoneManager,/,null,STOPPED}{file:/home/runner/work/ozone/ozone/hadoop-ozone/integration-test/target/test-classes/webapps/ozoneManager}
2024-04-29 10:05:15,938 [main] INFO  server.AbstractConnector (AbstractConnector.java:doStop(383)) - Stopped ServerConnector@1c17d98c{HTTP/1.1, (http/1.1)}{0.0.0.0:15094}
2024-04-29 10:05:15,938 [main] INFO  server.session (HouseKeeper.java:stopScavenging(149)) - node0 Stopped scavenging
2024-04-29 10:05:15,939 [main] INFO  handler.ContextHandler (ContextHandler.java:doStop(1159)) - Stopped o.e.j.s.ServletContextHandler@6232025{static,/static,file:///home/runner/work/ozone/ozone/hadoop-ozone/integration-test/target/test-classes/webapps/static,STOPPED}
2024-04-29 10:05:15,939 [main] INFO  handler.ContextHandler (ContextHandler.java:doStop(1159)) - Stopped o.e.j.s.ServletContextHandler@366ed5c7{logs,/logs,file:///home/runner/work/ozone/ozone/hadoop-ozone/integration-test/target/log,STOPPED}
2024-04-29 10:05:15,939 [main] INFO  rocksdiff.RocksDBCheckpointDiffer (RocksDBCheckpointDiffer.java:close(310)) - Shutting down CompactionDagPruningService.
2024-04-29 10:05:15,941 [main] INFO  snapshot.SnapshotDiffManager (SnapshotDiffManager.java:closeExecutorService(1657)) - Shutting down executorService: 'SnapDiffExecutor'
2024-04-29 10:05:15,941 [main] INFO  utils.BackgroundService (BackgroundService.java:shutdown(160)) - Shutting down service SnapshotDiffCleanupService
2024-04-29 10:05:15,942 [main] INFO  ozone.MiniOzoneClusterImpl (MiniOzoneClusterImpl.java:stopDatanodes(471)) - Stopping the HddsDatanodes
2024-04-29 10:05:15,944 [ForkJoinPool.commonPool-worker-3] INFO  ozoneimpl.OzoneContainer (OzoneContainer.java:stop(481)) - Attempting to stop container services.
2024-04-29 10:05:15,944 [ContainerMetadataScanner] WARN  ozoneimpl.AbstractBackgroundContainerScanner (AbstractBackgroundContainerScanner.java:handleRemainingSleep(134)) - Background container scan was interrupted.
2024-04-29 10:05:15,944 [ContainerMetadataScanner] INFO  ozoneimpl.AbstractBackgroundContainerScanner (AbstractBackgroundContainerScanner.java:run(61)) - Thread[ContainerMetadataScanner,5,main] exiting.
2024-04-29 10:05:15,944 [ForkJoinPool.commonPool-worker-1] INFO  ozoneimpl.OzoneContainer (OzoneContainer.java:stop(481)) - Attempting to stop container services.
2024-04-29 10:05:15,944 [ContainerMetadataScanner] WARN  ozoneimpl.AbstractBackgroundContainerScanner (AbstractBackgroundContainerScanner.java:handleRemainingSleep(134)) - Background container scan was interrupted.
2024-04-29 10:05:15,945 [ContainerMetadataScanner] INFO  ozoneimpl.AbstractBackgroundContainerScanner (AbstractBackgroundContainerScanner.java:run(61)) - Thread[ContainerMetadataScanner,5,main] exiting.
2024-04-29 10:05:15,945 [ForkJoinPool.commonPool-worker-1] INFO  ozoneimpl.BackgroundContainerDataScanner (BackgroundContainerDataScanner.java:shutdown(141)) - ContainerDataScanner(/home/runner/work/ozone/ozone/hadoop-ozone/integration-test/target/test-dir/MiniOzoneClusterImpl-b6e902a5-721a-459f-a115-5ddcd789b87e/ozone-meta/datanode-7/data-0/hdds) is shutting down. 
2024-04-29 10:05:15,944 [ForkJoinPool.commonPool-worker-2] INFO  ozoneimpl.OzoneContainer (OzoneContainer.java:stop(481)) - Attempting to stop container services.
2024-04-29 10:05:15,945 [ContainerDataScanner(/home/runner/work/ozone/ozone/hadoop-ozone/integration-test/target/test-dir/MiniOzoneClusterImpl-b6e902a5-721a-459f-a115-5ddcd789b87e/ozone-meta/datanode-7/data-0/hdds)] WARN  ozoneimpl.AbstractBackgroundContainerScanner (AbstractBackgroundContainerScanner.java:handleRemainingSleep(134)) - Background container scan was interrupted.
2024-04-29 10:05:15,945 [ContainerMetadataScanner] WARN  ozoneimpl.AbstractBackgroundContainerScanner (AbstractBackgroundContainerScanner.java:handleRemainingSleep(134)) - Background container scan was interrupted.
2024-04-29 10:05:15,945 [ForkJoinPool.commonPool-worker-3] INFO  ozoneimpl.BackgroundContainerDataScanner (BackgroundContainerDataScanner.java:shutdown(141)) - ContainerDataScanner(/home/runner/work/ozone/ozone/hadoop-ozone/integration-test/target/test-dir/MiniOzoneClusterImpl-b6e902a5-721a-459f-a115-5ddcd789b87e/ozone-meta/datanode-3/data-0/hdds) is shutting down. 
2024-04-29 10:05:15,945 [ContainerMetadataScanner] INFO  ozoneimpl.AbstractBackgroundContainerScanner (AbstractBackgroundContainerScanner.java:run(61)) - Thread[ContainerMetadataScanner,5,main] exiting.
2024-04-29 10:05:15,945 [ContainerDataScanner(/home/runner/work/ozone/ozone/hadoop-ozone/integration-test/target/test-dir/MiniOzoneClusterImpl-b6e902a5-721a-459f-a115-5ddcd789b87e/ozone-meta/datanode-7/data-0/hdds)] INFO  ozoneimpl.AbstractBackgroundContainerScanner (AbstractBackgroundContainerScanner.java:run(61)) - ContainerDataScanner(/home/runner/work/ozone/ozone/hadoop-ozone/integration-test/target/test-dir/MiniOzoneClusterImpl-b6e902a5-721a-459f-a115-5ddcd789b87e/ozone-meta/datanode-7/data-0/hdds, DS-b579c26f-d8fa-455d-8d67-487d76dc6333) exiting.
2024-04-29 10:05:15,945 [ContainerDataScanner(/home/runner/work/ozone/ozone/hadoop-ozone/integration-test/target/test-dir/MiniOzoneClusterImpl-b6e902a5-721a-459f-a115-5ddcd789b87e/ozone-meta/datanode-3/data-0/hdds)] WARN  ozoneimpl.AbstractBackgroundContainerScanner (AbstractBackgroundContainerScanner.java:handleRemainingSleep(134)) - Background container scan was interrupted.
2024-04-29 10:05:15,945 [ContainerDataScanner(/home/runner/work/ozone/ozone/hadoop-ozone/integration-test/target/test-dir/MiniOzoneClusterImpl-b6e902a5-721a-459f-a115-5ddcd789b87e/ozone-meta/datanode-3/data-0/hdds)] INFO  ozoneimpl.AbstractBackgroundContainerScanner (AbstractBackgroundContainerScanner.java:run(61)) - ContainerDataScanner(/home/runner/work/ozone/ozone/hadoop-ozone/integration-test/target/test-dir/MiniOzoneClusterImpl-b6e902a5-721a-459f-a115-5ddcd789b87e/ozone-meta/datanode-3/data-0/hdds, DS-1c5d1856-867b-4efd-a5b2-df5489caeb21) exiting.
2024-04-29 10:05:15,946 [ForkJoinPool.commonPool-worker-2] INFO  ozoneimpl.BackgroundContainerDataScanner (BackgroundContainerDataScanner.java:shutdown(141)) - ContainerDataScanner(/home/runner/work/ozone/ozone/hadoop-ozone/integration-test/target/test-dir/MiniOzoneClusterImpl-b6e902a5-721a-459f-a115-5ddcd789b87e/ozone-meta/datanode-2/data-0/hdds) is shutting down. 
2024-04-29 10:05:15,946 [ContainerDataScanner(/home/runner/work/ozone/ozone/hadoop-ozone/integration-test/target/test-dir/MiniOzoneClusterImpl-b6e902a5-721a-459f-a115-5ddcd789b87e/ozone-meta/datanode-2/data-0/hdds)] WARN  ozoneimpl.AbstractBackgroundContainerScanner (AbstractBackgroundContainerScanner.java:handleRemainingSleep(134)) - Background container scan was interrupted.
2024-04-29 10:05:15,946 [ContainerDataScanner(/home/runner/work/ozone/ozone/hadoop-ozone/integration-test/target/test-dir/MiniOzoneClusterImpl-b6e902a5-721a-459f-a115-5ddcd789b87e/ozone-meta/datanode-2/data-0/hdds)] INFO  ozoneimpl.AbstractBackgroundContainerScanner (AbstractBackgroundContainerScanner.java:run(61)) - ContainerDataScanner(/home/runner/work/ozone/ozone/hadoop-ozone/integration-test/target/test-dir/MiniOzoneClusterImpl-b6e902a5-721a-459f-a115-5ddcd789b87e/ozone-meta/datanode-2/data-0/hdds, DS-f0ac0168-215d-4721-bced-3e4891a48ce9) exiting.
2024-04-29 10:05:15,946 [ForkJoinPool.commonPool-worker-1] INFO  server.RaftServer (RaftServerProxy.java:lambda$close$9(416)) - 4e10c049-ef00-4c78-84ba-ad0788e207ea: close
2024-04-29 10:05:15,946 [ForkJoinPool.commonPool-worker-1] INFO  server.GrpcService (GrpcService.java:closeImpl(311)) - 4e10c049-ef00-4c78-84ba-ad0788e207ea: shutdown server org.apache.ratis.grpc.server.GrpcClientProtocolService now
2024-04-29 10:05:15,946 [4e10c049-ef00-4c78-84ba-ad0788e207ea-impl-thread1] INFO  server.RaftServer$Division (RaftServerImpl.java:lambda$close$3(526)) - 4e10c049-ef00-4c78-84ba-ad0788e207ea@group-245A327A29BC: shutdown
2024-04-29 10:05:15,946 [4e10c049-ef00-4c78-84ba-ad0788e207ea-impl-thread1] INFO  util.JmxRegister (JmxRegister.java:unregister(73)) - Successfully un-registered JMX Bean with object name Ratis:service=RaftServer,group=group-245A327A29BC,id=4e10c049-ef00-4c78-84ba-ad0788e207ea
2024-04-29 10:05:15,946 [4e10c049-ef00-4c78-84ba-ad0788e207ea-impl-thread1] INFO  impl.RoleInfo (RoleInfo.java:shutdownLeaderState(94)) - 4e10c049-ef00-4c78-84ba-ad0788e207ea: shutdown 4e10c049-ef00-4c78-84ba-ad0788e207ea@group-245A327A29BC-LeaderStateImpl
2024-04-29 10:05:15,946 [4e10c049-ef00-4c78-84ba-ad0788e207ea-impl-thread1] INFO  impl.PendingRequests (PendingRequests.java:sendNotLeaderResponses(289)) - 4e10c049-ef00-4c78-84ba-ad0788e207ea@group-245A327A29BC-PendingRequests: sendNotLeaderResponses
2024-04-29 10:05:15,946 [ForkJoinPool.commonPool-worker-3] INFO  server.RaftServer (RaftServerProxy.java:lambda$close$9(416)) - 524d5d09-8d9b-4f5c-81d9-49f5f89fd079: close
2024-04-29 10:05:15,946 [524d5d09-8d9b-4f5c-81d9-49f5f89fd079-impl-thread1] INFO  server.RaftServer$Division (RaftServerImpl.java:lambda$close$3(526)) - 524d5d09-8d9b-4f5c-81d9-49f5f89fd079@group-8DDF3E719ADC: shutdown
2024-04-29 10:05:15,947 [524d5d09-8d9b-4f5c-81d9-49f5f89fd079-impl-thread1] INFO  util.JmxRegister (JmxRegister.java:unregister(73)) - Successfully un-registered JMX Bean with object name Ratis:service=RaftServer,group=group-8DDF3E719ADC,id=524d5d09-8d9b-4f5c-81d9-49f5f89fd079
2024-04-29 10:05:15,947 [524d5d09-8d9b-4f5c-81d9-49f5f89fd079-impl-thread1] INFO  impl.RoleInfo (RoleInfo.java:shutdownLeaderState(94)) - 524d5d09-8d9b-4f5c-81d9-49f5f89fd079: shutdown 524d5d09-8d9b-4f5c-81d9-49f5f89fd079@group-8DDF3E719ADC-LeaderStateImpl
2024-04-29 10:05:15,947 [524d5d09-8d9b-4f5c-81d9-49f5f89fd079-impl-thread1] INFO  impl.PendingRequests (PendingRequests.java:sendNotLeaderResponses(289)) - 524d5d09-8d9b-4f5c-81d9-49f5f89fd079@group-8DDF3E719ADC-PendingRequests: sendNotLeaderResponses
2024-04-29 10:05:15,947 [4e10c049-ef00-4c78-84ba-ad0788e207ea-impl-thread1] INFO  impl.StateMachineUpdater (StateMachineUpdater.java:stopAndJoin(157)) - 4e10c049-ef00-4c78-84ba-ad0788e207ea@group-245A327A29BC-StateMachineUpdater: set stopIndex = 0
2024-04-29 10:05:15,947 [4e10c049-ef00-4c78-84ba-ad0788e207ea@group-245A327A29BC-StateMachineUpdater] INFO  ratis.ContainerStateMachine (ContainerStateMachine.java:takeSnapshot(355)) - group-245A327A29BC: Taking a snapshot at:(t:1, i:0) file /home/runner/work/ozone/ozone/hadoop-ozone/integration-test/target/test-dir/MiniOzoneClusterImpl-b6e902a5-721a-459f-a115-5ddcd789b87e/ozone-meta/datanode-7/ratis/5a66546b-75e7-4dab-b3f6-245a327a29bc/sm/snapshot.1_0
2024-04-29 10:05:15,947 [524d5d09-8d9b-4f5c-81d9-49f5f89fd079-impl-thread1] INFO  impl.StateMachineUpdater (StateMachineUpdater.java:stopAndJoin(157)) - 524d5d09-8d9b-4f5c-81d9-49f5f89fd079@group-8DDF3E719ADC-StateMachineUpdater: set stopIndex = 0
2024-04-29 10:05:15,947 [524d5d09-8d9b-4f5c-81d9-49f5f89fd079@group-8DDF3E719ADC-StateMachineUpdater] INFO  ratis.ContainerStateMachine (ContainerStateMachine.java:takeSnapshot(355)) - group-8DDF3E719ADC: Taking a snapshot at:(t:1, i:0) file /home/runner/work/ozone/ozone/hadoop-ozone/integration-test/target/test-dir/MiniOzoneClusterImpl-b6e902a5-721a-459f-a115-5ddcd789b87e/ozone-meta/datanode-3/ratis/f2b8199d-b2d0-4350-bcf0-8ddf3e719adc/sm/snapshot.1_0
2024-04-29 10:05:15,947 [ForkJoinPool.commonPool-worker-2] INFO  server.RaftServer (RaftServerProxy.java:lambda$close$9(416)) - c8077c05-0c4c-4631-a89d-68bd8471aee8: close
2024-04-29 10:05:15,947 [c8077c05-0c4c-4631-a89d-68bd8471aee8-impl-thread1] INFO  server.RaftServer$Division (RaftServerImpl.java:lambda$close$3(526)) - c8077c05-0c4c-4631-a89d-68bd8471aee8@group-707C7D8C1CB0: shutdown
2024-04-29 10:05:15,947 [main] INFO  ozoneimpl.OzoneContainer (OzoneContainer.java:stop(481)) - Attempting to stop container services.
2024-04-29 10:05:15,947 [c8077c05-0c4c-4631-a89d-68bd8471aee8-impl-thread1] INFO  util.JmxRegister (JmxRegister.java:unregister(73)) - Successfully un-registered JMX Bean with object name Ratis:service=RaftServer,group=group-707C7D8C1CB0,id=c8077c05-0c4c-4631-a89d-68bd8471aee8
2024-04-29 10:05:15,947 [c8077c05-0c4c-4631-a89d-68bd8471aee8-impl-thread1] INFO  impl.RoleInfo (RoleInfo.java:shutdownLeaderState(94)) - c8077c05-0c4c-4631-a89d-68bd8471aee8: shutdown c8077c05-0c4c-4631-a89d-68bd8471aee8@group-707C7D8C1CB0-LeaderStateImpl
2024-04-29 10:05:15,947 [ContainerMetadataScanner] WARN  ozoneimpl.AbstractBackgroundContainerScanner (AbstractBackgroundContainerScanner.java:handleRemainingSleep(134)) - Background container scan was interrupted.
2024-04-29 10:05:15,948 [c8077c05-0c4c-4631-a89d-68bd8471aee8-impl-thread1] INFO  impl.PendingRequests (PendingRequests.java:sendNotLeaderResponses(289)) - c8077c05-0c4c-4631-a89d-68bd8471aee8@group-707C7D8C1CB0-PendingRequests: sendNotLeaderResponses
2024-04-29 10:05:15,948 [c8077c05-0c4c-4631-a89d-68bd8471aee8@group-707C7D8C1CB0->6d197fbd-467e-45ff-9898-42ed1c21d5d8-GrpcLogAppender-LogAppenderDaemon] WARN  server.GrpcLogAppender (GrpcLogAppender.java:mayWait(289)) - c8077c05-0c4c-4631-a89d-68bd8471aee8@group-707C7D8C1CB0->6d197fbd-467e-45ff-9898-42ed1c21d5d8-GrpcLogAppender: Wait interrupted by java.lang.InterruptedException
2024-04-29 10:05:15,948 [ForkJoinPool.commonPool-worker-3] INFO  server.GrpcService (GrpcService.java:closeImpl(311)) - 524d5d09-8d9b-4f5c-81d9-49f5f89fd079: shutdown server org.apache.ratis.grpc.server.GrpcClientProtocolService now
2024-04-29 10:05:15,948 [c8077c05-0c4c-4631-a89d-68bd8471aee8@group-707C7D8C1CB0->524d5d09-8d9b-4f5c-81d9-49f5f89fd079-GrpcLogAppender-LogAppenderDaemon] WARN  server.GrpcLogAppender (GrpcLogAppender.java:mayWait(289)) - c8077c05-0c4c-4631-a89d-68bd8471aee8@group-707C7D8C1CB0->524d5d09-8d9b-4f5c-81d9-49f5f89fd079-GrpcLogAppender: Wait interrupted by java.lang.InterruptedException
2024-04-29 10:05:15,948 [c8077c05-0c4c-4631-a89d-68bd8471aee8-impl-thread1] INFO  impl.StateMachineUpdater (StateMachineUpdater.java:stopAndJoin(157)) - c8077c05-0c4c-4631-a89d-68bd8471aee8@group-707C7D8C1CB0-StateMachineUpdater: set stopIndex = 0
2024-04-29 10:05:15,948 [c8077c05-0c4c-4631-a89d-68bd8471aee8@group-707C7D8C1CB0-StateMachineUpdater] INFO  ratis.ContainerStateMachine (ContainerStateMachine.java:takeSnapshot(355)) - group-707C7D8C1CB0: Taking a snapshot at:(t:1, i:0) file /home/runner/work/ozone/ozone/hadoop-ozone/integration-test/target/test-dir/MiniOzoneClusterImpl-b6e902a5-721a-459f-a115-5ddcd789b87e/ozone-meta/datanode-2/ratis/3506122a-5bb7-4b44-8ee6-707c7d8c1cb0/sm/snapshot.1_0
2024-04-29 10:05:15,948 [grpc-default-executor-4] INFO  server.GrpcServerProtocolService (GrpcServerProtocolService.java:onCompleted(157)) - 524d5d09-8d9b-4f5c-81d9-49f5f89fd079: Completed APPEND_ENTRIES, lastRequest: null
2024-04-29 10:05:15,948 [524d5d09-8d9b-4f5c-81d9-49f5f89fd079@group-8DDF3E719ADC-StateMachineUpdater] INFO  ratis.ContainerStateMachine (ContainerStateMachine.java:takeSnapshot(366)) - group-8DDF3E719ADC: Finished taking a snapshot at:(t:1, i:0) file:/home/runner/work/ozone/ozone/hadoop-ozone/integration-test/target/test-dir/MiniOzoneClusterImpl-b6e902a5-721a-459f-a115-5ddcd789b87e/ozone-meta/datanode-3/ratis/f2b8199d-b2d0-4350-bcf0-8ddf3e719adc/sm/snapshot.1_0 took: 2 ms
2024-04-29 10:05:15,949 [Thread-2224] INFO  server.GrpcServerProtocolClient (GrpcServerProtocolClient.java:close(103)) - dd1da58e-99a3-4355-8051-ac3fff011e62 Close channels
2024-04-29 10:05:15,949 [524d5d09-8d9b-4f5c-81d9-49f5f89fd079@group-8DDF3E719ADC-StateMachineUpdater] INFO  impl.StateMachineUpdater (StateMachineUpdater.java:takeSnapshot(295)) - 524d5d09-8d9b-4f5c-81d9-49f5f89fd079@group-8DDF3E719ADC-StateMachineUpdater: Took a snapshot at index 0
2024-04-29 10:05:15,949 [524d5d09-8d9b-4f5c-81d9-49f5f89fd079@group-8DDF3E719ADC-StateMachineUpdater] INFO  impl.StateMachineUpdater (StateMachineUpdater.java:lambda$new$0(98)) - 524d5d09-8d9b-4f5c-81d9-49f5f89fd079@group-8DDF3E719ADC-StateMachineUpdater: snapshotIndex: updateIncreasingly -1 -> 0
2024-04-29 10:05:15,948 [ContainerMetadataScanner] INFO  ozoneimpl.AbstractBackgroundContainerScanner (AbstractBackgroundContainerScanner.java:run(61)) - Thread[ContainerMetadataScanner,5,main] exiting.
2024-04-29 10:05:15,949 [524d5d09-8d9b-4f5c-81d9-49f5f89fd079-impl-thread1] INFO  server.RaftServer$Division (ServerState.java:close(427)) - 524d5d09-8d9b-4f5c-81d9-49f5f89fd079@group-8DDF3E719ADC: applyIndex: 0
2024-04-29 10:05:15,949 [main] INFO  ozoneimpl.BackgroundContainerDataScanner (BackgroundContainerDataScanner.java:shutdown(141)) - ContainerDataScanner(/home/runner/work/ozone/ozone/hadoop-ozone/integration-test/target/test-dir/MiniOzoneClusterImpl-b6e902a5-721a-459f-a115-5ddcd789b87e/ozone-meta/datanode-6/data-0/hdds) is shutting down. 
2024-04-29 10:05:15,949 [grpc-default-executor-4] INFO  server.GrpcServerProtocolService (GrpcServerProtocolService.java:lambda$onCompleted$5(159)) - 524d5d09-8d9b-4f5c-81d9-49f5f89fd079: Completed APPEND_ENTRIES, lastReply: serverReply {
  requestorId: "c8077c05-0c4c-4631-a89d-68bd8471aee8"
  replyId: "524d5d09-8d9b-4f5c-81d9-49f5f89fd079"
  raftGroupId {
    id: "5\006\022*[\267KD\216\346p|}\214\034\260"
  }
  callId: 11
  success: true
}
term: 1
nextIndex: 1
matchIndex: 18446744073709551615
isHearbeat: true

2024-04-29 10:05:15,948 [524d5d09-8d9b-4f5c-81d9-49f5f89fd079-impl-thread2] INFO  server.RaftServer$Division (RaftServerImpl.java:lambda$close$3(526)) - 524d5d09-8d9b-4f5c-81d9-49f5f89fd079@group-707C7D8C1CB0: shutdown
2024-04-29 10:05:15,950 [524d5d09-8d9b-4f5c-81d9-49f5f89fd079-impl-thread2] INFO  util.JmxRegister (JmxRegister.java:unregister(73)) - Successfully un-registered JMX Bean with object name Ratis:service=RaftServer,group=group-707C7D8C1CB0,id=524d5d09-8d9b-4f5c-81d9-49f5f89fd079
2024-04-29 10:05:15,950 [524d5d09-8d9b-4f5c-81d9-49f5f89fd079-impl-thread2] INFO  impl.RoleInfo (RoleInfo.java:shutdownFollowerState(110)) - 524d5d09-8d9b-4f5c-81d9-49f5f89fd079: shutdown 524d5d09-8d9b-4f5c-81d9-49f5f89fd079@group-707C7D8C1CB0-FollowerState
2024-04-29 10:05:15,950 [524d5d09-8d9b-4f5c-81d9-49f5f89fd079-impl-thread2] INFO  impl.StateMachineUpdater (StateMachineUpdater.java:stopAndJoin(157)) - 524d5d09-8d9b-4f5c-81d9-49f5f89fd079@group-707C7D8C1CB0-StateMachineUpdater: set stopIndex = 0
2024-04-29 10:05:15,950 [524d5d09-8d9b-4f5c-81d9-49f5f89fd079@group-707C7D8C1CB0-StateMachineUpdater] INFO  ratis.ContainerStateMachine (ContainerStateMachine.java:takeSnapshot(355)) - group-707C7D8C1CB0: Taking a snapshot at:(t:1, i:0) file /home/runner/work/ozone/ozone/hadoop-ozone/integration-test/target/test-dir/MiniOzoneClusterImpl-b6e902a5-721a-459f-a115-5ddcd789b87e/ozone-meta/datanode-3/ratis/3506122a-5bb7-4b44-8ee6-707c7d8c1cb0/sm/snapshot.1_0
2024-04-29 10:05:15,950 [524d5d09-8d9b-4f5c-81d9-49f5f89fd079@group-707C7D8C1CB0-FollowerState] INFO  impl.FollowerState (FollowerState.java:run(152)) - 524d5d09-8d9b-4f5c-81d9-49f5f89fd079@group-707C7D8C1CB0-FollowerState was interrupted
2024-04-29 10:05:15,948 [4e10c049-ef00-4c78-84ba-ad0788e207ea@group-245A327A29BC-StateMachineUpdater] INFO  ratis.ContainerStateMachine (ContainerStateMachine.java:takeSnapshot(366)) - group-245A327A29BC: Finished taking a snapshot at:(t:1, i:0) file:/home/runner/work/ozone/ozone/hadoop-ozone/integration-test/target/test-dir/MiniOzoneClusterImpl-b6e902a5-721a-459f-a115-5ddcd789b87e/ozone-meta/datanode-7/ratis/5a66546b-75e7-4dab-b3f6-245a327a29bc/sm/snapshot.1_0 took: 2 ms
2024-04-29 10:05:15,950 [ForkJoinPool.commonPool-worker-2] INFO  server.GrpcService (GrpcService.java:closeImpl(311)) - c8077c05-0c4c-4631-a89d-68bd8471aee8: shutdown server org.apache.ratis.grpc.server.GrpcClientProtocolService now
2024-04-29 10:05:15,949 [c8077c05-0c4c-4631-a89d-68bd8471aee8@group-707C7D8C1CB0-StateMachineUpdater] INFO  ratis.ContainerStateMachine (ContainerStateMachine.java:takeSnapshot(366)) - group-707C7D8C1CB0: Finished taking a snapshot at:(t:1, i:0) file:/home/runner/work/ozone/ozone/hadoop-ozone/integration-test/target/test-dir/MiniOzoneClusterImpl-b6e902a5-721a-459f-a115-5ddcd789b87e/ozone-meta/datanode-2/ratis/3506122a-5bb7-4b44-8ee6-707c7d8c1cb0/sm/snapshot.1_0 took: 2 ms
2024-04-29 10:05:15,949 [ContainerDataScanner(/home/runner/work/ozone/ozone/hadoop-ozone/integration-test/target/test-dir/MiniOzoneClusterImpl-b6e902a5-721a-459f-a115-5ddcd789b87e/ozone-meta/datanode-6/data-0/hdds)] WARN  ozoneimpl.AbstractBackgroundContainerScanner (AbstractBackgroundContainerScanner.java:handleRemainingSleep(134)) - Background container scan was interrupted.
2024-04-29 10:05:15,950 [c8077c05-0c4c-4631-a89d-68bd8471aee8@group-707C7D8C1CB0-StateMachineUpdater] INFO  impl.StateMachineUpdater (StateMachineUpdater.java:takeSnapshot(295)) - c8077c05-0c4c-4631-a89d-68bd8471aee8@group-707C7D8C1CB0-StateMachineUpdater: Took a snapshot at index 0
2024-04-29 10:05:15,949 [524d5d09-8d9b-4f5c-81d9-49f5f89fd079@group-8DDF3E719ADC-cacheEviction-AwaitToRun] INFO  util.AwaitToRun (AwaitToRun.java:run(49)) - 524d5d09-8d9b-4f5c-81d9-49f5f89fd079@group-8DDF3E719ADC-cacheEviction-AwaitToRun-AwaitForSignal is interrupted
2024-04-29 10:05:15,951 [c8077c05-0c4c-4631-a89d-68bd8471aee8-impl-thread2] INFO  server.RaftServer$Division (RaftServerImpl.java:lambda$close$3(526)) - c8077c05-0c4c-4631-a89d-68bd8471aee8@group-BC50B58969FA: shutdown
2024-04-29 10:05:15,951 [c8077c05-0c4c-4631-a89d-68bd8471aee8-impl-thread2] INFO  util.JmxRegister (JmxRegister.java:unregister(73)) - Successfully un-registered JMX Bean with object name Ratis:service=RaftServer,group=group-BC50B58969FA,id=c8077c05-0c4c-4631-a89d-68bd8471aee8
2024-04-29 10:05:15,951 [c8077c05-0c4c-4631-a89d-68bd8471aee8-impl-thread2] INFO  impl.RoleInfo (RoleInfo.java:shutdownLeaderState(94)) - c8077c05-0c4c-4631-a89d-68bd8471aee8: shutdown c8077c05-0c4c-4631-a89d-68bd8471aee8@group-BC50B58969FA-LeaderStateImpl
2024-04-29 10:05:15,951 [c8077c05-0c4c-4631-a89d-68bd8471aee8-impl-thread2] INFO  impl.PendingRequests (PendingRequests.java:sendNotLeaderResponses(289)) - c8077c05-0c4c-4631-a89d-68bd8471aee8@group-BC50B58969FA-PendingRequests: sendNotLeaderResponses
2024-04-29 10:05:15,951 [grpc-default-executor-4] INFO  server.GrpcLogAppender (GrpcLogAppender.java:onCompleted(546)) - c8077c05-0c4c-4631-a89d-68bd8471aee8@group-707C7D8C1CB0->524d5d09-8d9b-4f5c-81d9-49f5f89fd079-AppendLogResponseHandler: follower responses appendEntries COMPLETED
2024-04-29 10:05:15,951 [c8077c05-0c4c-4631-a89d-68bd8471aee8@group-707C7D8C1CB0-StateMachineUpdater] INFO  impl.StateMachineUpdater (StateMachineUpdater.java:lambda$new$0(98)) - c8077c05-0c4c-4631-a89d-68bd8471aee8@group-707C7D8C1CB0-StateMachineUpdater: snapshotIndex: updateIncreasingly -1 -> 0
2024-04-29 10:05:15,950 [ContainerDataScanner(/home/runner/work/ozone/ozone/hadoop-ozone/integration-test/target/test-dir/MiniOzoneClusterImpl-b6e902a5-721a-459f-a115-5ddcd789b87e/ozone-meta/datanode-6/data-0/hdds)] INFO  ozoneimpl.AbstractBackgroundContainerScanner (AbstractBackgroundContainerScanner.java:run(61)) - ContainerDataScanner(/home/runner/work/ozone/ozone/hadoop-ozone/integration-test/target/test-dir/MiniOzoneClusterImpl-b6e902a5-721a-459f-a115-5ddcd789b87e/ozone-meta/datanode-6/data-0/hdds, DS-8ebf3dec-7702-4822-96f0-dd815f89cd56) exiting.
2024-04-29 10:05:15,951 [c8077c05-0c4c-4631-a89d-68bd8471aee8-impl-thread2] INFO  impl.StateMachineUpdater (StateMachineUpdater.java:stopAndJoin(157)) - c8077c05-0c4c-4631-a89d-68bd8471aee8@group-BC50B58969FA-StateMachineUpdater: set stopIndex = 0
2024-04-29 10:05:15,951 [c8077c05-0c4c-4631-a89d-68bd8471aee8@group-BC50B58969FA-StateMachineUpdater] INFO  ratis.ContainerStateMachine (ContainerStateMachine.java:takeSnapshot(355)) - group-BC50B58969FA: Taking a snapshot at:(t:1, i:0) file /home/runner/work/ozone/ozone/hadoop-ozone/integration-test/target/test-dir/MiniOzoneClusterImpl-b6e902a5-721a-459f-a115-5ddcd789b87e/ozone-meta/datanode-2/ratis/3f79df81-a6ad-4f20-975c-bc50b58969fa/sm/snapshot.1_0
2024-04-29 10:05:15,950 [524d5d09-8d9b-4f5c-81d9-49f5f89fd079@group-707C7D8C1CB0-StateMachineUpdater] INFO  ratis.ContainerStateMachine (ContainerStateMachine.java:takeSnapshot(366)) - group-707C7D8C1CB0: Finished taking a snapshot at:(t:1, i:0) file:/home/runner/work/ozone/ozone/hadoop-ozone/integration-test/target/test-dir/MiniOzoneClusterImpl-b6e902a5-721a-459f-a115-5ddcd789b87e/ozone-meta/datanode-3/ratis/3506122a-5bb7-4b44-8ee6-707c7d8c1cb0/sm/snapshot.1_0 took: 1 ms
2024-04-29 10:05:15,951 [c8077c05-0c4c-4631-a89d-68bd8471aee8-impl-thread1] INFO  server.RaftServer$Division (ServerState.java:close(427)) - c8077c05-0c4c-4631-a89d-68bd8471aee8@group-707C7D8C1CB0: applyIndex: 0
2024-04-29 10:05:15,951 [524d5d09-8d9b-4f5c-81d9-49f5f89fd079@group-707C7D8C1CB0-StateMachineUpdater] INFO  impl.StateMachineUpdater (StateMachineUpdater.java:takeSnapshot(295)) - 524d5d09-8d9b-4f5c-81d9-49f5f89fd079@group-707C7D8C1CB0-StateMachineUpdater: Took a snapshot at index 0
2024-04-29 10:05:15,951 [524d5d09-8d9b-4f5c-81d9-49f5f89fd079@group-707C7D8C1CB0-StateMachineUpdater] INFO  impl.StateMachineUpdater (StateMachineUpdater.java:lambda$new$0(98)) - 524d5d09-8d9b-4f5c-81d9-49f5f89fd079@group-707C7D8C1CB0-StateMachineUpdater: snapshotIndex: updateIncreasingly -1 -> 0
2024-04-29 10:05:15,951 [main] INFO  server.RaftServer (RaftServerProxy.java:lambda$close$9(416)) - 2fa79b0d-8934-45bf-9a4b-7d27b0482fa8: close
2024-04-29 10:05:15,952 [c8077c05-0c4c-4631-a89d-68bd8471aee8@group-BC50B58969FA-StateMachineUpdater] INFO  ratis.ContainerStateMachine (ContainerStateMachine.java:takeSnapshot(366)) - group-BC50B58969FA: Finished taking a snapshot at:(t:1, i:0) file:/home/runner/work/ozone/ozone/hadoop-ozone/integration-test/target/test-dir/MiniOzoneClusterImpl-b6e902a5-721a-459f-a115-5ddcd789b87e/ozone-meta/datanode-2/ratis/3f79df81-a6ad-4f20-975c-bc50b58969fa/sm/snapshot.1_0 took: 0 ms
2024-04-29 10:05:15,951 [c8077c05-0c4c-4631-a89d-68bd8471aee8@group-707C7D8C1CB0-cacheEviction-AwaitToRun] INFO  util.AwaitToRun (AwaitToRun.java:run(49)) - c8077c05-0c4c-4631-a89d-68bd8471aee8@group-707C7D8C1CB0-cacheEviction-AwaitToRun-AwaitForSignal is interrupted
2024-04-29 10:05:15,952 [c8077c05-0c4c-4631-a89d-68bd8471aee8@group-BC50B58969FA-StateMachineUpdater] INFO  impl.StateMachineUpdater (StateMachineUpdater.java:takeSnapshot(295)) - c8077c05-0c4c-4631-a89d-68bd8471aee8@group-BC50B58969FA-StateMachineUpdater: Took a snapshot at index 0
2024-04-29 10:05:15,952 [c8077c05-0c4c-4631-a89d-68bd8471aee8@group-BC50B58969FA-StateMachineUpdater] INFO  impl.StateMachineUpdater (StateMachineUpdater.java:lambda$new$0(98)) - c8077c05-0c4c-4631-a89d-68bd8471aee8@group-BC50B58969FA-StateMachineUpdater: snapshotIndex: updateIncreasingly -1 -> 0
2024-04-29 10:05:15,952 [c8077c05-0c4c-4631-a89d-68bd8471aee8-impl-thread2] INFO  server.RaftServer$Division (ServerState.java:close(427)) - c8077c05-0c4c-4631-a89d-68bd8471aee8@group-BC50B58969FA: applyIndex: 0
2024-04-29 10:05:15,952 [grpc-default-executor-4] INFO  server.GrpcServerProtocolService (GrpcServerProtocolService.java:onCompleted(157)) - 6d197fbd-467e-45ff-9898-42ed1c21d5d8: Completed APPEND_ENTRIES, lastRequest: null
2024-04-29 10:05:15,952 [4e10c049-ef00-4c78-84ba-ad0788e207ea@group-245A327A29BC-StateMachineUpdater] INFO  impl.StateMachineUpdater (StateMachineUpdater.java:takeSnapshot(295)) - 4e10c049-ef00-4c78-84ba-ad0788e207ea@group-245A327A29BC-StateMachineUpdater: Took a snapshot at index 0
2024-04-29 10:05:15,952 [4e10c049-ef00-4c78-84ba-ad0788e207ea@group-245A327A29BC-StateMachineUpdater] INFO  impl.StateMachineUpdater (StateMachineUpdater.java:lambda$new$0(98)) - 4e10c049-ef00-4c78-84ba-ad0788e207ea@group-245A327A29BC-StateMachineUpdater: snapshotIndex: updateIncreasingly -1 -> 0
2024-04-29 10:05:15,952 [grpc-default-executor-4] INFO  server.GrpcServerProtocolService (GrpcServerProtocolService.java:lambda$onCompleted$5(159)) - 6d197fbd-467e-45ff-9898-42ed1c21d5d8: Completed APPEND_ENTRIES, lastReply: serverReply {
  requestorId: "c8077c05-0c4c-4631-a89d-68bd8471aee8"
  replyId: "6d197fbd-467e-45ff-9898-42ed1c21d5d8"
  raftGroupId {
    id: "5\006\022*[\267KD\216\346p|}\214\034\260"
  }
  callId: 13
  success: true
}
term: 1
nextIndex: 1
matchIndex: 18446744073709551615
isHearbeat: true

2024-04-29 10:05:15,952 [524d5d09-8d9b-4f5c-81d9-49f5f89fd079-impl-thread2] INFO  server.RaftServer$Division (ServerState.java:close(427)) - 524d5d09-8d9b-4f5c-81d9-49f5f89fd079@group-707C7D8C1CB0: applyIndex: 0
2024-04-29 10:05:15,953 [524d5d09-8d9b-4f5c-81d9-49f5f89fd079@group-707C7D8C1CB0-cacheEviction-AwaitToRun] INFO  util.AwaitToRun (AwaitToRun.java:run(49)) - 524d5d09-8d9b-4f5c-81d9-49f5f89fd079@group-707C7D8C1CB0-cacheEviction-AwaitToRun-AwaitForSignal is interrupted
2024-04-29 10:05:15,952 [2fa79b0d-8934-45bf-9a4b-7d27b0482fa8-impl-thread1] INFO  server.RaftServer$Division (RaftServerImpl.java:lambda$close$3(526)) - 2fa79b0d-8934-45bf-9a4b-7d27b0482fa8@group-1DE36CE6263D: shutdown
2024-04-29 10:05:15,953 [2fa79b0d-8934-45bf-9a4b-7d27b0482fa8-impl-thread1] INFO  util.JmxRegister (JmxRegister.java:unregister(73)) - Successfully un-registered JMX Bean with object name Ratis:service=RaftServer,group=group-1DE36CE6263D,id=2fa79b0d-8934-45bf-9a4b-7d27b0482fa8
2024-04-29 10:05:15,953 [2fa79b0d-8934-45bf-9a4b-7d27b0482fa8-impl-thread1] INFO  impl.RoleInfo (RoleInfo.java:shutdownLeaderState(94)) - 2fa79b0d-8934-45bf-9a4b-7d27b0482fa8: shutdown 2fa79b0d-8934-45bf-9a4b-7d27b0482fa8@group-1DE36CE6263D-LeaderStateImpl
2024-04-29 10:05:15,953 [2fa79b0d-8934-45bf-9a4b-7d27b0482fa8-impl-thread1] INFO  impl.PendingRequests (PendingRequests.java:sendNotLeaderResponses(289)) - 2fa79b0d-8934-45bf-9a4b-7d27b0482fa8@group-1DE36CE6263D-PendingRequests: sendNotLeaderResponses
2024-04-29 10:05:15,953 [4e10c049-ef00-4c78-84ba-ad0788e207ea-impl-thread1] INFO  server.RaftServer$Division (ServerState.java:close(427)) - 4e10c049-ef00-4c78-84ba-ad0788e207ea@group-245A327A29BC: applyIndex: 0
2024-04-29 10:05:15,952 [c8077c05-0c4c-4631-a89d-68bd8471aee8@group-BC50B58969FA-cacheEviction-AwaitToRun] INFO  util.AwaitToRun (AwaitToRun.java:run(49)) - c8077c05-0c4c-4631-a89d-68bd8471aee8@group-BC50B58969FA-cacheEviction-AwaitToRun-AwaitForSignal is interrupted
2024-04-29 10:05:15,953 [4e10c049-ef00-4c78-84ba-ad0788e207ea@group-245A327A29BC-cacheEviction-AwaitToRun] INFO  util.AwaitToRun (AwaitToRun.java:run(49)) - 4e10c049-ef00-4c78-84ba-ad0788e207ea@group-245A327A29BC-cacheEviction-AwaitToRun-AwaitForSignal is interrupted
2024-04-29 10:05:15,953 [2fa79b0d-8934-45bf-9a4b-7d27b0482fa8-impl-thread1] INFO  impl.StateMachineUpdater (StateMachineUpdater.java:stopAndJoin(157)) - 2fa79b0d-8934-45bf-9a4b-7d27b0482fa8@group-1DE36CE6263D-StateMachineUpdater: set stopIndex = 0
2024-04-29 10:05:15,953 [grpc-default-executor-4] INFO  server.GrpcLogAppender (GrpcLogAppender.java:onCompleted(546)) - c8077c05-0c4c-4631-a89d-68bd8471aee8@group-707C7D8C1CB0->6d197fbd-467e-45ff-9898-42ed1c21d5d8-AppendLogResponseHandler: follower responses appendEntries COMPLETED
2024-04-29 10:05:15,954 [grpc-default-executor-6] INFO  server.GrpcServerProtocolService (GrpcServerProtocolService.java:onCompleted(157)) - 6d197fbd-467e-45ff-9898-42ed1c21d5d8: Completed APPEND_ENTRIES, lastRequest: c8077c05-0c4c-4631-a89d-68bd8471aee8->6d197fbd-467e-45ff-9898-42ed1c21d5d8#1-t1,previous=(t:0, i:0),leaderCommit=-1,initializing? false,entries: size=1, first=(t:1, i:0), CONFIGURATIONENTRY(current:id: "c8077c05-0c4c-4631-a89d-68bd8471aee8"
address: "127.0.0.1:15112"
priority: 1
dataStreamAddress: "127.0.0.1:15113"
clientAddress: "127.0.0.1:15110"
adminAddress: "127.0.0.1:15111"
startupRole: FOLLOWER
,id: "524d5d09-8d9b-4f5c-81d9-49f5f89fd079"
address: "127.0.0.1:15121"
dataStreamAddress: "127.0.0.1:15122"
clientAddress: "127.0.0.1:15119"
adminAddress: "127.0.0.1:15120"
startupRole: FOLLOWER
,id: "6d197fbd-467e-45ff-9898-42ed1c21d5d8"
address: "127.0.0.1:15103"
dataStreamAddress: "127.0.0.1:15104"
clientAddress: "127.0.0.1:15101"
adminAddress: "127.0.0.1:15102"
startupRole: FOLLOWER
, old:)
2024-04-29 10:05:15,954 [grpc-default-executor-6] INFO  server.GrpcServerProtocolService (GrpcServerProtocolService.java:lambda$onCompleted$5(159)) - 6d197fbd-467e-45ff-9898-42ed1c21d5d8: Completed APPEND_ENTRIES, lastReply: null
2024-04-29 10:05:15,954 [grpc-default-executor-4] INFO  server.GrpcLogAppender (GrpcLogAppender.java:onCompleted(546)) - c8077c05-0c4c-4631-a89d-68bd8471aee8@group-707C7D8C1CB0->6d197fbd-467e-45ff-9898-42ed1c21d5d8-AppendLogResponseHandler: follower responses appendEntries COMPLETED
2024-04-29 10:05:15,954 [2fa79b0d-8934-45bf-9a4b-7d27b0482fa8@group-1DE36CE6263D-StateMachineUpdater] INFO  ratis.ContainerStateMachine (ContainerStateMachine.java:takeSnapshot(355)) - group-1DE36CE6263D: Taking a snapshot at:(t:1, i:0) file /home/runner/work/ozone/ozone/hadoop-ozone/integration-test/target/test-dir/MiniOzoneClusterImpl-b6e902a5-721a-459f-a115-5ddcd789b87e/ozone-meta/datanode-6/ratis/f158f391-7c63-45f6-8445-1de36ce6263d/sm/snapshot.1_0
2024-04-29 10:05:15,955 [Thread-2228] INFO  server.GrpcServerProtocolClient (GrpcServerProtocolClient.java:close(103)) - a0b5e3cc-426b-4365-97e7-610395f4eb0a Close channels
2024-04-29 10:05:15,955 [grpc-default-executor-2] INFO  server.GrpcServerProtocolService (GrpcServerProtocolService.java:onCompleted(157)) - 524d5d09-8d9b-4f5c-81d9-49f5f89fd079: Completed APPEND_ENTRIES, lastRequest: c8077c05-0c4c-4631-a89d-68bd8471aee8->524d5d09-8d9b-4f5c-81d9-49f5f89fd079#1-t1,previous=(t:0, i:0),leaderCommit=-1,initializing? false,entries: size=1, first=(t:1, i:0), CONFIGURATIONENTRY(current:id: "c8077c05-0c4c-4631-a89d-68bd8471aee8"
address: "127.0.0.1:15112"
priority: 1
dataStreamAddress: "127.0.0.1:15113"
clientAddress: "127.0.0.1:15110"
adminAddress: "127.0.0.1:15111"
startupRole: FOLLOWER
,id: "524d5d09-8d9b-4f5c-81d9-49f5f89fd079"
address: "127.0.0.1:15121"
dataStreamAddress: "127.0.0.1:15122"
clientAddress: "127.0.0.1:15119"
adminAddress: "127.0.0.1:15120"
startupRole: FOLLOWER
,id: "6d197fbd-467e-45ff-9898-42ed1c21d5d8"
address: "127.0.0.1:15103"
dataStreamAddress: "127.0.0.1:15104"
clientAddress: "127.0.0.1:15101"
adminAddress: "127.0.0.1:15102"
startupRole: FOLLOWER
, old:)
2024-04-29 10:05:15,955 [grpc-default-executor-2] INFO  server.GrpcServerProtocolService (GrpcServerProtocolService.java:lambda$onCompleted$5(159)) - 524d5d09-8d9b-4f5c-81d9-49f5f89fd079: Completed APPEND_ENTRIES, lastReply: null
2024-04-29 10:05:15,955 [ForkJoinPool.commonPool-worker-1] INFO  server.GrpcService (GrpcService.java:closeImpl(320)) - 4e10c049-ef00-4c78-84ba-ad0788e207ea: shutdown server org.apache.ratis.grpc.server.GrpcClientProtocolService successfully
2024-04-29 10:05:15,955 [ForkJoinPool.commonPool-worker-1] INFO  server.GrpcService (GrpcService.java:closeImpl(311)) - 4e10c049-ef00-4c78-84ba-ad0788e207ea: shutdown server GrpcServerProtocolService now
2024-04-29 10:05:15,955 [grpc-default-executor-4] INFO  server.GrpcLogAppender (GrpcLogAppender.java:onCompleted(546)) - c8077c05-0c4c-4631-a89d-68bd8471aee8@group-707C7D8C1CB0->524d5d09-8d9b-4f5c-81d9-49f5f89fd079-AppendLogResponseHandler: follower responses appendEntries COMPLETED
2024-04-29 10:05:15,955 [2fa79b0d-8934-45bf-9a4b-7d27b0482fa8@group-1DE36CE6263D-StateMachineUpdater] INFO  ratis.ContainerStateMachine (ContainerStateMachine.java:takeSnapshot(366)) - group-1DE36CE6263D: Finished taking a snapshot at:(t:1, i:0) file:/home/runner/work/ozone/ozone/hadoop-ozone/integration-test/target/test-dir/MiniOzoneClusterImpl-b6e902a5-721a-459f-a115-5ddcd789b87e/ozone-meta/datanode-6/ratis/f158f391-7c63-45f6-8445-1de36ce6263d/sm/snapshot.1_0 took: 1 ms
2024-04-29 10:05:15,956 [2fa79b0d-8934-45bf-9a4b-7d27b0482fa8@group-1DE36CE6263D-StateMachineUpdater] INFO  impl.StateMachineUpdater (StateMachineUpdater.java:takeSnapshot(295)) - 2fa79b0d-8934-45bf-9a4b-7d27b0482fa8@group-1DE36CE6263D-StateMachineUpdater: Took a snapshot at index 0
2024-04-29 10:05:15,956 [2fa79b0d-8934-45bf-9a4b-7d27b0482fa8@group-1DE36CE6263D-StateMachineUpdater] INFO  impl.StateMachineUpdater (StateMachineUpdater.java:lambda$new$0(98)) - 2fa79b0d-8934-45bf-9a4b-7d27b0482fa8@group-1DE36CE6263D-StateMachineUpdater: snapshotIndex: updateIncreasingly -1 -> 0
2024-04-29 10:05:15,956 [Thread-2226] INFO  server.GrpcServerProtocolClient (GrpcServerProtocolClient.java:close(103)) - c8077c05-0c4c-4631-a89d-68bd8471aee8 Close channels
2024-04-29 10:05:15,956 [2fa79b0d-8934-45bf-9a4b-7d27b0482fa8-impl-thread1] INFO  server.RaftServer$Division (ServerState.java:close(427)) - 2fa79b0d-8934-45bf-9a4b-7d27b0482fa8@group-1DE36CE6263D: applyIndex: 0
2024-04-29 10:05:15,956 [2fa79b0d-8934-45bf-9a4b-7d27b0482fa8@group-1DE36CE6263D-cacheEviction-AwaitToRun] INFO  util.AwaitToRun (AwaitToRun.java:run(49)) - 2fa79b0d-8934-45bf-9a4b-7d27b0482fa8@group-1DE36CE6263D-cacheEviction-AwaitToRun-AwaitForSignal is interrupted
2024-04-29 10:05:15,956 [Thread-2233] INFO  server.GrpcServerProtocolClient (GrpcServerProtocolClient.java:close(103)) - 6d197fbd-467e-45ff-9898-42ed1c21d5d8 Close channels
2024-04-29 10:05:15,957 [ForkJoinPool.commonPool-worker-3] INFO  server.GrpcService (GrpcService.java:closeImpl(320)) - 524d5d09-8d9b-4f5c-81d9-49f5f89fd079: shutdown server org.apache.ratis.grpc.server.GrpcClientProtocolService successfully
2024-04-29 10:05:15,957 [ForkJoinPool.commonPool-worker-3] INFO  server.GrpcService (GrpcService.java:closeImpl(311)) - 524d5d09-8d9b-4f5c-81d9-49f5f89fd079: shutdown server GrpcServerProtocolService now
2024-04-29 10:05:15,961 [Thread-2234] INFO  server.GrpcServerProtocolClient (GrpcServerProtocolClient.java:close(103)) - 524d5d09-8d9b-4f5c-81d9-49f5f89fd079 Close channels
2024-04-29 10:05:15,961 [Thread-2236] INFO  server.GrpcServerProtocolClient (GrpcServerProtocolClient.java:close(103)) - 6d197fbd-467e-45ff-9898-42ed1c21d5d8 Close channels
2024-04-29 10:05:15,962 [ForkJoinPool.commonPool-worker-2] INFO  server.GrpcService (GrpcService.java:closeImpl(320)) - c8077c05-0c4c-4631-a89d-68bd8471aee8: shutdown server org.apache.ratis.grpc.server.GrpcClientProtocolService successfully
2024-04-29 10:05:15,962 [ForkJoinPool.commonPool-worker-2] INFO  server.GrpcService (GrpcService.java:closeImpl(311)) - c8077c05-0c4c-4631-a89d-68bd8471aee8: shutdown server GrpcServerProtocolService now
2024-04-29 10:05:15,963 [ForkJoinPool.commonPool-worker-2] INFO  server.GrpcService (GrpcService.java:closeImpl(320)) - c8077c05-0c4c-4631-a89d-68bd8471aee8: shutdown server GrpcServerProtocolService successfully
2024-04-29 10:05:15,963 [ForkJoinPool.commonPool-worker-2] INFO  server.GrpcService (GrpcService.java:closeImpl(311)) - c8077c05-0c4c-4631-a89d-68bd8471aee8: shutdown server org.apache.ratis.grpc.server.GrpcAdminProtocolService now
2024-04-29 10:05:15,964 [ForkJoinPool.commonPool-worker-1] INFO  server.GrpcService (GrpcService.java:closeImpl(320)) - 4e10c049-ef00-4c78-84ba-ad0788e207ea: shutdown server GrpcServerProtocolService successfully
2024-04-29 10:05:15,964 [ForkJoinPool.commonPool-worker-1] INFO  server.GrpcService (GrpcService.java:closeImpl(311)) - 4e10c049-ef00-4c78-84ba-ad0788e207ea: shutdown server org.apache.ratis.grpc.server.GrpcAdminProtocolService now
2024-04-29 10:05:15,974 [main] INFO  server.GrpcService (GrpcService.java:closeImpl(311)) - 2fa79b0d-8934-45bf-9a4b-7d27b0482fa8: shutdown server org.apache.ratis.grpc.server.GrpcClientProtocolService now
2024-04-29 10:05:15,974 [2fa79b0d-8934-45bf-9a4b-7d27b0482fa8-impl-thread2] INFO  server.RaftServer$Division (RaftServerImpl.java:lambda$close$3(526)) - 2fa79b0d-8934-45bf-9a4b-7d27b0482fa8@group-E2D529BDD975: shutdown
2024-04-29 10:05:15,974 [2fa79b0d-8934-45bf-9a4b-7d27b0482fa8-impl-thread2] INFO  util.JmxRegister (JmxRegister.java:unregister(73)) - Successfully un-registered JMX Bean with object name Ratis:service=RaftServer,group=group-E2D529BDD975,id=2fa79b0d-8934-45bf-9a4b-7d27b0482fa8
2024-04-29 10:05:15,974 [2fa79b0d-8934-45bf-9a4b-7d27b0482fa8-impl-thread2] INFO  impl.RoleInfo (RoleInfo.java:shutdownFollowerState(110)) - 2fa79b0d-8934-45bf-9a4b-7d27b0482fa8: shutdown 2fa79b0d-8934-45bf-9a4b-7d27b0482fa8@group-E2D529BDD975-FollowerState
2024-04-29 10:05:15,975 [2fa79b0d-8934-45bf-9a4b-7d27b0482fa8@group-E2D529BDD975-FollowerState] INFO  impl.FollowerState (FollowerState.java:run(152)) - 2fa79b0d-8934-45bf-9a4b-7d27b0482fa8@group-E2D529BDD975-FollowerState was interrupted
2024-04-29 10:05:15,975 [ForkJoinPool.commonPool-worker-2] INFO  server.GrpcService (GrpcService.java:closeImpl(320)) - c8077c05-0c4c-4631-a89d-68bd8471aee8: shutdown server org.apache.ratis.grpc.server.GrpcAdminProtocolService successfully
2024-04-29 10:05:15,975 [2fa79b0d-8934-45bf-9a4b-7d27b0482fa8-impl-thread2] INFO  impl.StateMachineUpdater (StateMachineUpdater.java:stopAndJoin(157)) - 2fa79b0d-8934-45bf-9a4b-7d27b0482fa8@group-E2D529BDD975-StateMachineUpdater: set stopIndex = 0
2024-04-29 10:05:15,975 [2fa79b0d-8934-45bf-9a4b-7d27b0482fa8@group-E2D529BDD975-StateMachineUpdater] INFO  ratis.ContainerStateMachine (ContainerStateMachine.java:takeSnapshot(355)) - group-E2D529BDD975: Taking a snapshot at:(t:1, i:0) file /home/runner/work/ozone/ozone/hadoop-ozone/integration-test/target/test-dir/MiniOzoneClusterImpl-b6e902a5-721a-459f-a115-5ddcd789b87e/ozone-meta/datanode-6/ratis/5ffe0956-3746-478e-8a75-e2d529bdd975/sm/snapshot.1_0
2024-04-29 10:05:15,975 [ForkJoinPool.commonPool-worker-3] INFO  server.GrpcService (GrpcService.java:closeImpl(320)) - 524d5d09-8d9b-4f5c-81d9-49f5f89fd079: shutdown server GrpcServerProtocolService successfully
2024-04-29 10:05:15,975 [ForkJoinPool.commonPool-worker-3] INFO  server.GrpcService (GrpcService.java:closeImpl(311)) - 524d5d09-8d9b-4f5c-81d9-49f5f89fd079: shutdown server org.apache.ratis.grpc.server.GrpcAdminProtocolService now
2024-04-29 10:05:15,975 [Thread-2250] INFO  server.GrpcServerProtocolClient (GrpcServerProtocolClient.java:close(103)) - 5831c0ab-0161-4108-a889-4f6b2f65c3d1 Close channels
2024-04-29 10:05:15,976 [2fa79b0d-8934-45bf-9a4b-7d27b0482fa8@group-E2D529BDD975-StateMachineUpdater] INFO  ratis.ContainerStateMachine (ContainerStateMachine.java:takeSnapshot(366)) - group-E2D529BDD975: Finished taking a snapshot at:(t:1, i:0) file:/home/runner/work/ozone/ozone/hadoop-ozone/integration-test/target/test-dir/MiniOzoneClusterImpl-b6e902a5-721a-459f-a115-5ddcd789b87e/ozone-meta/datanode-6/ratis/5ffe0956-3746-478e-8a75-e2d529bdd975/sm/snapshot.1_0 took: 1 ms
2024-04-29 10:05:15,976 [Thread-2254] INFO  server.GrpcServerProtocolClient (GrpcServerProtocolClient.java:close(103)) - 284a56ca-5c0a-4af3-8d75-aa8a7435325f Close channels
2024-04-29 10:05:15,976 [2fa79b0d-8934-45bf-9a4b-7d27b0482fa8@group-E2D529BDD975-StateMachineUpdater] INFO  impl.StateMachineUpdater (StateMachineUpdater.java:takeSnapshot(295)) - 2fa79b0d-8934-45bf-9a4b-7d27b0482fa8@group-E2D529BDD975-StateMachineUpdater: Took a snapshot at index 0
2024-04-29 10:05:15,976 [2fa79b0d-8934-45bf-9a4b-7d27b0482fa8@group-E2D529BDD975-StateMachineUpdater] INFO  impl.StateMachineUpdater (StateMachineUpdater.java:lambda$new$0(98)) - 2fa79b0d-8934-45bf-9a4b-7d27b0482fa8@group-E2D529BDD975-StateMachineUpdater: snapshotIndex: updateIncreasingly -1 -> 0
2024-04-29 10:05:15,976 [main] INFO  server.GrpcService (GrpcService.java:closeImpl(320)) - 2fa79b0d-8934-45bf-9a4b-7d27b0482fa8: shutdown server org.apache.ratis.grpc.server.GrpcClientProtocolService successfully
2024-04-29 10:05:15,977 [main] INFO  server.GrpcService (GrpcService.java:closeImpl(311)) - 2fa79b0d-8934-45bf-9a4b-7d27b0482fa8: shutdown server GrpcServerProtocolService now
2024-04-29 10:05:15,976 [2fa79b0d-8934-45bf-9a4b-7d27b0482fa8-impl-thread2] INFO  server.RaftServer$Division (ServerState.java:close(427)) - 2fa79b0d-8934-45bf-9a4b-7d27b0482fa8@group-E2D529BDD975: applyIndex: 0
2024-04-29 10:05:15,977 [2fa79b0d-8934-45bf-9a4b-7d27b0482fa8@group-E2D529BDD975-cacheEviction-AwaitToRun] INFO  util.AwaitToRun (AwaitToRun.java:run(49)) - 2fa79b0d-8934-45bf-9a4b-7d27b0482fa8@group-E2D529BDD975-cacheEviction-AwaitToRun-AwaitForSignal is interrupted
2024-04-29 10:05:15,977 [ForkJoinPool.commonPool-worker-1] INFO  server.GrpcService (GrpcService.java:closeImpl(320)) - 4e10c049-ef00-4c78-84ba-ad0788e207ea: shutdown server org.apache.ratis.grpc.server.GrpcAdminProtocolService successfully
2024-04-29 10:05:15,978 [grpc-default-executor-2] WARN  server.GrpcServerProtocolService (LogUtils.java:warn(121)) - 2fa79b0d-8934-45bf-9a4b-7d27b0482fa8: APPEND_ENTRIES onError, lastRequest: null: org.apache.ratis.thirdparty.io.grpc.StatusRuntimeException: CANCELLED: client cancelled
2024-04-29 10:05:15,978 [grpc-default-executor-2] WARN  server.GrpcLogAppender (LogUtils.java:warn(121)) - 5831c0ab-0161-4108-a889-4f6b2f65c3d1@group-E2D529BDD975->2fa79b0d-8934-45bf-9a4b-7d27b0482fa8-AppendLogResponseHandler: Failed appendEntries: org.apache.ratis.thirdparty.io.grpc.StatusRuntimeException: CANCELLED: RST_STREAM closed stream. HTTP/2 error code: CANCEL
2024-04-29 10:05:15,978 [grpc-default-executor-2] WARN  server.GrpcLogAppender (GrpcLogAppender.java:lambda$resetClient$1(217)) - 5831c0ab-0161-4108-a889-4f6b2f65c3d1@group-E2D529BDD975->2fa79b0d-8934-45bf-9a4b-7d27b0482fa8-GrpcLogAppender: Follower failed (request=null, errorCount=1); keep nextIndex (1) unchanged and retry.
2024-04-29 10:05:15,979 [grpc-default-executor-6] WARN  server.GrpcServerProtocolService (LogUtils.java:warn(121)) - 2fa79b0d-8934-45bf-9a4b-7d27b0482fa8: APPEND_ENTRIES onError, lastRequest: 5831c0ab-0161-4108-a889-4f6b2f65c3d1->2fa79b0d-8934-45bf-9a4b-7d27b0482fa8#1-t1,previous=(t:0, i:0),leaderCommit=-1,initializing? false,entries: size=1, first=(t:1, i:0), CONFIGURATIONENTRY(current:id: "5831c0ab-0161-4108-a889-4f6b2f65c3d1"
address: "127.0.0.1:15130"
priority: 1
dataStreamAddress: "127.0.0.1:15131"
clientAddress: "127.0.0.1:15128"
adminAddress: "127.0.0.1:15129"
startupRole: FOLLOWER
,id: "2fa79b0d-8934-45bf-9a4b-7d27b0482fa8"
address: "127.0.0.1:15148"
dataStreamAddress: "127.0.0.1:15149"
clientAddress: "127.0.0.1:15146"
adminAddress: "127.0.0.1:15147"
startupRole: FOLLOWER
,id: "284a56ca-5c0a-4af3-8d75-aa8a7435325f"
address: "127.0.0.1:15139"
dataStreamAddress: "127.0.0.1:15140"
clientAddress: "127.0.0.1:15137"
adminAddress: "127.0.0.1:15138"
startupRole: FOLLOWER
, old:): org.apache.ratis.thirdparty.io.grpc.StatusRuntimeException: CANCELLED: client cancelled
2024-04-29 10:05:15,982 [main] INFO  server.GrpcService (GrpcService.java:closeImpl(320)) - 2fa79b0d-8934-45bf-9a4b-7d27b0482fa8: shutdown server GrpcServerProtocolService successfully
2024-04-29 10:05:15,982 [main] INFO  server.GrpcService (GrpcService.java:closeImpl(311)) - 2fa79b0d-8934-45bf-9a4b-7d27b0482fa8: shutdown server org.apache.ratis.grpc.server.GrpcAdminProtocolService now
2024-04-29 10:05:15,986 [ForkJoinPool.commonPool-worker-3] INFO  server.GrpcService (GrpcService.java:closeImpl(320)) - 524d5d09-8d9b-4f5c-81d9-49f5f89fd079: shutdown server org.apache.ratis.grpc.server.GrpcAdminProtocolService successfully
2024-04-29 10:05:15,987 [main] INFO  server.GrpcService (GrpcService.java:closeImpl(320)) - 2fa79b0d-8934-45bf-9a4b-7d27b0482fa8: shutdown server org.apache.ratis.grpc.server.GrpcAdminProtocolService successfully
2024-04-29 10:05:15,989 [ForkJoinPool.commonPool-worker-4] INFO  ozoneimpl.OzoneContainer (OzoneContainer.java:stop(481)) - Attempting to stop container services.
2024-04-29 10:05:15,989 [ContainerMetadataScanner] WARN  ozoneimpl.AbstractBackgroundContainerScanner (AbstractBackgroundContainerScanner.java:handleRemainingSleep(134)) - Background container scan was interrupted.
2024-04-29 10:05:15,989 [ContainerMetadataScanner] INFO  ozoneimpl.AbstractBackgroundContainerScanner (AbstractBackgroundContainerScanner.java:run(61)) - Thread[ContainerMetadataScanner,5,main] exiting.
2024-04-29 10:05:15,989 [ForkJoinPool.commonPool-worker-4] INFO  ozoneimpl.BackgroundContainerDataScanner (BackgroundContainerDataScanner.java:shutdown(141)) - ContainerDataScanner(/home/runner/work/ozone/ozone/hadoop-ozone/integration-test/target/test-dir/MiniOzoneClusterImpl-b6e902a5-721a-459f-a115-5ddcd789b87e/ozone-meta/datanode-4/data-0/hdds) is shutting down. 
2024-04-29 10:05:15,989 [ContainerDataScanner(/home/runner/work/ozone/ozone/hadoop-ozone/integration-test/target/test-dir/MiniOzoneClusterImpl-b6e902a5-721a-459f-a115-5ddcd789b87e/ozone-meta/datanode-4/data-0/hdds)] WARN  ozoneimpl.AbstractBackgroundContainerScanner (AbstractBackgroundContainerScanner.java:handleRemainingSleep(134)) - Background container scan was interrupted.
2024-04-29 10:05:15,989 [ContainerDataScanner(/home/runner/work/ozone/ozone/hadoop-ozone/integration-test/target/test-dir/MiniOzoneClusterImpl-b6e902a5-721a-459f-a115-5ddcd789b87e/ozone-meta/datanode-4/data-0/hdds)] INFO  ozoneimpl.AbstractBackgroundContainerScanner (AbstractBackgroundContainerScanner.java:run(61)) - ContainerDataScanner(/home/runner/work/ozone/ozone/hadoop-ozone/integration-test/target/test-dir/MiniOzoneClusterImpl-b6e902a5-721a-459f-a115-5ddcd789b87e/ozone-meta/datanode-4/data-0/hdds, DS-920d34fc-9058-411d-8e39-8837b419ea20) exiting.
2024-04-29 10:05:15,990 [ForkJoinPool.commonPool-worker-4] INFO  server.RaftServer (RaftServerProxy.java:lambda$close$9(416)) - 5831c0ab-0161-4108-a889-4f6b2f65c3d1: close
2024-04-29 10:05:15,990 [5831c0ab-0161-4108-a889-4f6b2f65c3d1-impl-thread1] INFO  server.RaftServer$Division (RaftServerImpl.java:lambda$close$3(526)) - 5831c0ab-0161-4108-a889-4f6b2f65c3d1@group-E2D529BDD975: shutdown
2024-04-29 10:05:15,990 [5831c0ab-0161-4108-a889-4f6b2f65c3d1-impl-thread1] INFO  util.JmxRegister (JmxRegister.java:unregister(73)) - Successfully un-registered JMX Bean with object name Ratis:service=RaftServer,group=group-E2D529BDD975,id=5831c0ab-0161-4108-a889-4f6b2f65c3d1
2024-04-29 10:05:15,990 [5831c0ab-0161-4108-a889-4f6b2f65c3d1-impl-thread1] INFO  impl.RoleInfo (RoleInfo.java:shutdownLeaderState(94)) - 5831c0ab-0161-4108-a889-4f6b2f65c3d1: shutdown 5831c0ab-0161-4108-a889-4f6b2f65c3d1@group-E2D529BDD975-LeaderStateImpl
2024-04-29 10:05:15,990 [5831c0ab-0161-4108-a889-4f6b2f65c3d1@group-E2D529BDD975->2fa79b0d-8934-45bf-9a4b-7d27b0482fa8-GrpcLogAppender-LogAppenderDaemon] WARN  server.GrpcLogAppender (GrpcLogAppender.java:mayWait(289)) - 5831c0ab-0161-4108-a889-4f6b2f65c3d1@group-E2D529BDD975->2fa79b0d-8934-45bf-9a4b-7d27b0482fa8-GrpcLogAppender: Wait interrupted by java.lang.InterruptedException
2024-04-29 10:05:15,990 [5831c0ab-0161-4108-a889-4f6b2f65c3d1@group-E2D529BDD975->284a56ca-5c0a-4af3-8d75-aa8a7435325f-GrpcLogAppender-LogAppenderDaemon] WARN  server.GrpcLogAppender (GrpcLogAppender.java:mayWait(289)) - 5831c0ab-0161-4108-a889-4f6b2f65c3d1@group-E2D529BDD975->284a56ca-5c0a-4af3-8d75-aa8a7435325f-GrpcLogAppender: Wait interrupted by java.lang.InterruptedException
2024-04-29 10:05:15,990 [5831c0ab-0161-4108-a889-4f6b2f65c3d1-impl-thread1] INFO  impl.PendingRequests (PendingRequests.java:sendNotLeaderResponses(289)) - 5831c0ab-0161-4108-a889-4f6b2f65c3d1@group-E2D529BDD975-PendingRequests: sendNotLeaderResponses
2024-04-29 10:05:15,991 [5831c0ab-0161-4108-a889-4f6b2f65c3d1-impl-thread1] INFO  impl.StateMachineUpdater (StateMachineUpdater.java:stopAndJoin(157)) - 5831c0ab-0161-4108-a889-4f6b2f65c3d1@group-E2D529BDD975-StateMachineUpdater: set stopIndex = 0
2024-04-29 10:05:15,991 [5831c0ab-0161-4108-a889-4f6b2f65c3d1@group-E2D529BDD975-StateMachineUpdater] INFO  ratis.ContainerStateMachine (ContainerStateMachine.java:takeSnapshot(355)) - group-E2D529BDD975: Taking a snapshot at:(t:1, i:0) file /home/runner/work/ozone/ozone/hadoop-ozone/integration-test/target/test-dir/MiniOzoneClusterImpl-b6e902a5-721a-459f-a115-5ddcd789b87e/ozone-meta/datanode-4/ratis/5ffe0956-3746-478e-8a75-e2d529bdd975/sm/snapshot.1_0
2024-04-29 10:05:15,991 [grpc-default-executor-6] INFO  server.GrpcServerProtocolService (GrpcServerProtocolService.java:onCompleted(157)) - 284a56ca-5c0a-4af3-8d75-aa8a7435325f: Completed APPEND_ENTRIES, lastRequest: null
2024-04-29 10:05:15,991 [grpc-default-executor-4] INFO  server.GrpcServerProtocolService (GrpcServerProtocolService.java:onCompleted(157)) - 284a56ca-5c0a-4af3-8d75-aa8a7435325f: Completed APPEND_ENTRIES, lastRequest: 5831c0ab-0161-4108-a889-4f6b2f65c3d1->284a56ca-5c0a-4af3-8d75-aa8a7435325f#1-t1,previous=(t:0, i:0),leaderCommit=-1,initializing? false,entries: size=1, first=(t:1, i:0), CONFIGURATIONENTRY(current:id: "5831c0ab-0161-4108-a889-4f6b2f65c3d1"
address: "127.0.0.1:15130"
priority: 1
dataStreamAddress: "127.0.0.1:15131"
clientAddress: "127.0.0.1:15128"
adminAddress: "127.0.0.1:15129"
startupRole: FOLLOWER
,id: "2fa79b0d-8934-45bf-9a4b-7d27b0482fa8"
address: "127.0.0.1:15148"
dataStreamAddress: "127.0.0.1:15149"
clientAddress: "127.0.0.1:15146"
adminAddress: "127.0.0.1:15147"
startupRole: FOLLOWER
,id: "284a56ca-5c0a-4af3-8d75-aa8a7435325f"
address: "127.0.0.1:15139"
dataStreamAddress: "127.0.0.1:15140"
clientAddress: "127.0.0.1:15137"
adminAddress: "127.0.0.1:15138"
startupRole: FOLLOWER
, old:)
2024-04-29 10:05:15,991 [grpc-default-executor-4] INFO  server.GrpcServerProtocolService (GrpcServerProtocolService.java:lambda$onCompleted$5(159)) - 284a56ca-5c0a-4af3-8d75-aa8a7435325f: Completed APPEND_ENTRIES, lastReply: null
2024-04-29 10:05:15,992 [5831c0ab-0161-4108-a889-4f6b2f65c3d1@group-E2D529BDD975-StateMachineUpdater] INFO  ratis.ContainerStateMachine (ContainerStateMachine.java:takeSnapshot(366)) - group-E2D529BDD975: Finished taking a snapshot at:(t:1, i:0) file:/home/runner/work/ozone/ozone/hadoop-ozone/integration-test/target/test-dir/MiniOzoneClusterImpl-b6e902a5-721a-459f-a115-5ddcd789b87e/ozone-meta/datanode-4/ratis/5ffe0956-3746-478e-8a75-e2d529bdd975/sm/snapshot.1_0 took: 1 ms
2024-04-29 10:05:15,992 [5831c0ab-0161-4108-a889-4f6b2f65c3d1@group-E2D529BDD975-StateMachineUpdater] INFO  impl.StateMachineUpdater (StateMachineUpdater.java:takeSnapshot(295)) - 5831c0ab-0161-4108-a889-4f6b2f65c3d1@group-E2D529BDD975-StateMachineUpdater: Took a snapshot at index 0
2024-04-29 10:05:15,992 [5831c0ab-0161-4108-a889-4f6b2f65c3d1@group-E2D529BDD975-StateMachineUpdater] INFO  impl.StateMachineUpdater (StateMachineUpdater.java:lambda$new$0(98)) - 5831c0ab-0161-4108-a889-4f6b2f65c3d1@group-E2D529BDD975-StateMachineUpdater: snapshotIndex: updateIncreasingly -1 -> 0
2024-04-29 10:05:15,992 [grpc-default-executor-4] INFO  server.GrpcLogAppender (GrpcLogAppender.java:onCompleted(546)) - 5831c0ab-0161-4108-a889-4f6b2f65c3d1@group-E2D529BDD975->284a56ca-5c0a-4af3-8d75-aa8a7435325f-AppendLogResponseHandler: follower responses appendEntries COMPLETED
2024-04-29 10:05:15,992 [5831c0ab-0161-4108-a889-4f6b2f65c3d1-impl-thread1] INFO  server.RaftServer$Division (ServerState.java:close(427)) - 5831c0ab-0161-4108-a889-4f6b2f65c3d1@group-E2D529BDD975: applyIndex: 0
2024-04-29 10:05:15,992 [grpc-default-executor-6] INFO  server.GrpcServerProtocolService (GrpcServerProtocolService.java:lambda$onCompleted$5(159)) - 284a56ca-5c0a-4af3-8d75-aa8a7435325f: Completed APPEND_ENTRIES, lastReply: serverReply {
  requestorId: "5831c0ab-0161-4108-a889-4f6b2f65c3d1"
  replyId: "284a56ca-5c0a-4af3-8d75-aa8a7435325f"
  raftGroupId {
    id: "_\376\tV7FG\216\212u\342\325)\275\331u"
  }
  callId: 12
  success: true
}
term: 1
nextIndex: 1
matchIndex: 18446744073709551615
isHearbeat: true

2024-04-29 10:05:15,993 [grpc-default-executor-4] INFO  server.GrpcLogAppender (GrpcLogAppender.java:onCompleted(546)) - 5831c0ab-0161-4108-a889-4f6b2f65c3d1@group-E2D529BDD975->284a56ca-5c0a-4af3-8d75-aa8a7435325f-AppendLogResponseHandler: follower responses appendEntries COMPLETED
2024-04-29 10:05:15,995 [5831c0ab-0161-4108-a889-4f6b2f65c3d1@group-E2D529BDD975-cacheEviction-AwaitToRun] INFO  util.AwaitToRun (AwaitToRun.java:run(49)) - 5831c0ab-0161-4108-a889-4f6b2f65c3d1@group-E2D529BDD975-cacheEviction-AwaitToRun-AwaitForSignal is interrupted
2024-04-29 10:05:15,996 [ForkJoinPool.commonPool-worker-4] INFO  server.GrpcService (GrpcService.java:closeImpl(311)) - 5831c0ab-0161-4108-a889-4f6b2f65c3d1: shutdown server org.apache.ratis.grpc.server.GrpcClientProtocolService now
2024-04-29 10:05:15,996 [5831c0ab-0161-4108-a889-4f6b2f65c3d1-impl-thread2] INFO  server.RaftServer$Division (RaftServerImpl.java:lambda$close$3(526)) - 5831c0ab-0161-4108-a889-4f6b2f65c3d1@group-D0C2D53E75A9: shutdown
2024-04-29 10:05:15,996 [5831c0ab-0161-4108-a889-4f6b2f65c3d1-impl-thread2] INFO  util.JmxRegister (JmxRegister.java:unregister(73)) - Successfully un-registered JMX Bean with object name Ratis:service=RaftServer,group=group-D0C2D53E75A9,id=5831c0ab-0161-4108-a889-4f6b2f65c3d1
2024-04-29 10:05:15,996 [5831c0ab-0161-4108-a889-4f6b2f65c3d1-impl-thread2] INFO  impl.RoleInfo (RoleInfo.java:shutdownLeaderState(94)) - 5831c0ab-0161-4108-a889-4f6b2f65c3d1: shutdown 5831c0ab-0161-4108-a889-4f6b2f65c3d1@group-D0C2D53E75A9-LeaderStateImpl
2024-04-29 10:05:15,997 [5831c0ab-0161-4108-a889-4f6b2f65c3d1-impl-thread2] INFO  impl.PendingRequests (PendingRequests.java:sendNotLeaderResponses(289)) - 5831c0ab-0161-4108-a889-4f6b2f65c3d1@group-D0C2D53E75A9-PendingRequests: sendNotLeaderResponses
2024-04-29 10:05:15,999 [Thread-2312] INFO  server.GrpcServerProtocolClient (GrpcServerProtocolClient.java:close(103)) - 2fa79b0d-8934-45bf-9a4b-7d27b0482fa8 Close channels
2024-04-29 10:05:16,001 [Thread-2314] INFO  server.GrpcServerProtocolClient (GrpcServerProtocolClient.java:close(103)) - 284a56ca-5c0a-4af3-8d75-aa8a7435325f Close channels
2024-04-29 10:05:16,001 [5831c0ab-0161-4108-a889-4f6b2f65c3d1-impl-thread2] INFO  impl.StateMachineUpdater (StateMachineUpdater.java:stopAndJoin(157)) - 5831c0ab-0161-4108-a889-4f6b2f65c3d1@group-D0C2D53E75A9-StateMachineUpdater: set stopIndex = 0
2024-04-29 10:05:16,001 [5831c0ab-0161-4108-a889-4f6b2f65c3d1@group-D0C2D53E75A9-StateMachineUpdater] INFO  ratis.ContainerStateMachine (ContainerStateMachine.java:takeSnapshot(355)) - group-D0C2D53E75A9: Taking a snapshot at:(t:1, i:0) file /home/runner/work/ozone/ozone/hadoop-ozone/integration-test/target/test-dir/MiniOzoneClusterImpl-b6e902a5-721a-459f-a115-5ddcd789b87e/ozone-meta/datanode-4/ratis/de666822-7cef-4f47-9ab4-d0c2d53e75a9/sm/snapshot.1_0
2024-04-29 10:05:16,002 [ForkJoinPool.commonPool-worker-4] INFO  server.GrpcService (GrpcService.java:closeImpl(320)) - 5831c0ab-0161-4108-a889-4f6b2f65c3d1: shutdown server org.apache.ratis.grpc.server.GrpcClientProtocolService successfully
2024-04-29 10:05:16,002 [ForkJoinPool.commonPool-worker-4] INFO  server.GrpcService (GrpcService.java:closeImpl(311)) - 5831c0ab-0161-4108-a889-4f6b2f65c3d1: shutdown server GrpcServerProtocolService now
2024-04-29 10:05:16,002 [5831c0ab-0161-4108-a889-4f6b2f65c3d1@group-D0C2D53E75A9-StateMachineUpdater] INFO  ratis.ContainerStateMachine (ContainerStateMachine.java:takeSnapshot(366)) - group-D0C2D53E75A9: Finished taking a snapshot at:(t:1, i:0) file:/home/runner/work/ozone/ozone/hadoop-ozone/integration-test/target/test-dir/MiniOzoneClusterImpl-b6e902a5-721a-459f-a115-5ddcd789b87e/ozone-meta/datanode-4/ratis/de666822-7cef-4f47-9ab4-d0c2d53e75a9/sm/snapshot.1_0 took: 0 ms
2024-04-29 10:05:16,002 [5831c0ab-0161-4108-a889-4f6b2f65c3d1@group-D0C2D53E75A9-StateMachineUpdater] INFO  impl.StateMachineUpdater (StateMachineUpdater.java:takeSnapshot(295)) - 5831c0ab-0161-4108-a889-4f6b2f65c3d1@group-D0C2D53E75A9-StateMachineUpdater: Took a snapshot at index 0
2024-04-29 10:05:16,002 [5831c0ab-0161-4108-a889-4f6b2f65c3d1@group-D0C2D53E75A9-StateMachineUpdater] INFO  impl.StateMachineUpdater (StateMachineUpdater.java:lambda$new$0(98)) - 5831c0ab-0161-4108-a889-4f6b2f65c3d1@group-D0C2D53E75A9-StateMachineUpdater: snapshotIndex: updateIncreasingly -1 -> 0
2024-04-29 10:05:16,002 [5831c0ab-0161-4108-a889-4f6b2f65c3d1-impl-thread2] INFO  server.RaftServer$Division (ServerState.java:close(427)) - 5831c0ab-0161-4108-a889-4f6b2f65c3d1@group-D0C2D53E75A9: applyIndex: 0
2024-04-29 10:05:16,002 [5831c0ab-0161-4108-a889-4f6b2f65c3d1@group-D0C2D53E75A9-cacheEviction-AwaitToRun] INFO  util.AwaitToRun (AwaitToRun.java:run(49)) - 5831c0ab-0161-4108-a889-4f6b2f65c3d1@group-D0C2D53E75A9-cacheEviction-AwaitToRun-AwaitForSignal is interrupted
2024-04-29 10:05:16,004 [2fa79b0d-8934-45bf-9a4b-7d27b0482fa8-NettyServerStreamRpc-bossGroup--thread1] INFO  logging.LoggingHandler (AbstractInternalLogger.java:log(148)) - [id: 0xa7e7b109, L:/0.0.0.0:15149] CLOSE
2024-04-29 10:05:16,004 [2fa79b0d-8934-45bf-9a4b-7d27b0482fa8-NettyServerStreamRpc-bossGroup--thread1] INFO  logging.LoggingHandler (AbstractInternalLogger.java:log(148)) - [id: 0xa7e7b109, L:/0.0.0.0:15149] INACTIVE
2024-04-29 10:05:16,004 [2fa79b0d-8934-45bf-9a4b-7d27b0482fa8-NettyServerStreamRpc-bossGroup--thread1] INFO  logging.LoggingHandler (AbstractInternalLogger.java:log(148)) - [id: 0xa7e7b109, L:/0.0.0.0:15149] UNREGISTERED
2024-04-29 10:05:16,005 [c8077c05-0c4c-4631-a89d-68bd8471aee8-NettyServerStreamRpc-bossGroup--thread1] INFO  logging.LoggingHandler (AbstractInternalLogger.java:log(148)) - [id: 0x7c4de12d, L:/0.0.0.0:15113] CLOSE
2024-04-29 10:05:16,005 [c8077c05-0c4c-4631-a89d-68bd8471aee8-NettyServerStreamRpc-bossGroup--thread1] INFO  logging.LoggingHandler (AbstractInternalLogger.java:log(148)) - [id: 0x7c4de12d, L:/0.0.0.0:15113] INACTIVE
2024-04-29 10:05:16,005 [c8077c05-0c4c-4631-a89d-68bd8471aee8-NettyServerStreamRpc-bossGroup--thread1] INFO  logging.LoggingHandler (AbstractInternalLogger.java:log(148)) - [id: 0x7c4de12d, L:/0.0.0.0:15113] UNREGISTERED
2024-04-29 10:05:16,005 [ForkJoinPool.commonPool-worker-4] INFO  server.GrpcService (GrpcService.java:closeImpl(320)) - 5831c0ab-0161-4108-a889-4f6b2f65c3d1: shutdown server GrpcServerProtocolService successfully
2024-04-29 10:05:16,005 [ForkJoinPool.commonPool-worker-4] INFO  server.GrpcService (GrpcService.java:closeImpl(311)) - 5831c0ab-0161-4108-a889-4f6b2f65c3d1: shutdown server org.apache.ratis.grpc.server.GrpcAdminProtocolService now
2024-04-29 10:05:16,006 [524d5d09-8d9b-4f5c-81d9-49f5f89fd079-NettyServerStreamRpc-bossGroup--thread1] INFO  logging.LoggingHandler (AbstractInternalLogger.java:log(148)) - [id: 0xb5666ff9, L:/0.0.0.0:15122] CLOSE
2024-04-29 10:05:16,006 [524d5d09-8d9b-4f5c-81d9-49f5f89fd079-NettyServerStreamRpc-bossGroup--thread1] INFO  logging.LoggingHandler (AbstractInternalLogger.java:log(148)) - [id: 0xb5666ff9, L:/0.0.0.0:15122] INACTIVE
2024-04-29 10:05:16,006 [524d5d09-8d9b-4f5c-81d9-49f5f89fd079-NettyServerStreamRpc-bossGroup--thread1] INFO  logging.LoggingHandler (AbstractInternalLogger.java:log(148)) - [id: 0xb5666ff9, L:/0.0.0.0:15122] UNREGISTERED
2024-04-29 10:05:16,009 [ForkJoinPool.commonPool-worker-4] INFO  server.GrpcService (GrpcService.java:closeImpl(320)) - 5831c0ab-0161-4108-a889-4f6b2f65c3d1: shutdown server org.apache.ratis.grpc.server.GrpcAdminProtocolService successfully
2024-04-29 10:05:16,012 [4e10c049-ef00-4c78-84ba-ad0788e207ea-NettyServerStreamRpc-bossGroup--thread1] INFO  logging.LoggingHandler (AbstractInternalLogger.java:log(148)) - [id: 0x0a5a8673, L:/0.0.0.0:15158] CLOSE
2024-04-29 10:05:16,013 [4e10c049-ef00-4c78-84ba-ad0788e207ea-NettyServerStreamRpc-bossGroup--thread1] INFO  logging.LoggingHandler (AbstractInternalLogger.java:log(148)) - [id: 0x0a5a8673, L:/0.0.0.0:15158] INACTIVE
2024-04-29 10:05:16,013 [4e10c049-ef00-4c78-84ba-ad0788e207ea-NettyServerStreamRpc-bossGroup--thread1] INFO  logging.LoggingHandler (AbstractInternalLogger.java:log(148)) - [id: 0x0a5a8673, L:/0.0.0.0:15158] UNREGISTERED
2024-04-29 10:05:16,029 [5831c0ab-0161-4108-a889-4f6b2f65c3d1-NettyServerStreamRpc-bossGroup--thread1] INFO  logging.LoggingHandler (AbstractInternalLogger.java:log(148)) - [id: 0x02935d71, L:/0.0.0.0:15131] CLOSE
2024-04-29 10:05:16,029 [5831c0ab-0161-4108-a889-4f6b2f65c3d1-NettyServerStreamRpc-bossGroup--thread1] INFO  logging.LoggingHandler (AbstractInternalLogger.java:log(148)) - [id: 0x02935d71, L:/0.0.0.0:15131] INACTIVE
2024-04-29 10:05:16,029 [5831c0ab-0161-4108-a889-4f6b2f65c3d1-NettyServerStreamRpc-bossGroup--thread1] INFO  logging.LoggingHandler (AbstractInternalLogger.java:log(148)) - [id: 0x02935d71, L:/0.0.0.0:15131] UNREGISTERED
2024-04-29 10:05:16,483 [c8077c05-0c4c-4631-a89d-68bd8471aee8-impl-thread1] INFO  segmented.SegmentedRaftLogWorker (SegmentedRaftLogWorker.java:close(245)) - c8077c05-0c4c-4631-a89d-68bd8471aee8@group-707C7D8C1CB0-SegmentedRaftLogWorker close()
2024-04-29 10:05:16,506 [524d5d09-8d9b-4f5c-81d9-49f5f89fd079-impl-thread2] INFO  segmented.SegmentedRaftLogWorker (SegmentedRaftLogWorker.java:close(245)) - 524d5d09-8d9b-4f5c-81d9-49f5f89fd079@group-707C7D8C1CB0-SegmentedRaftLogWorker close()
2024-04-29 10:05:16,529 [c8077c05-0c4c-4631-a89d-68bd8471aee8-impl-thread2] INFO  segmented.SegmentedRaftLogWorker (SegmentedRaftLogWorker.java:close(245)) - c8077c05-0c4c-4631-a89d-68bd8471aee8@group-BC50B58969FA-SegmentedRaftLogWorker close()
2024-04-29 10:05:16,529 [JvmPauseMonitor14] INFO  util.JvmPauseMonitor (JvmPauseMonitor.java:run(152)) - JvmPauseMonitor-c8077c05-0c4c-4631-a89d-68bd8471aee8: Stopped
2024-04-29 10:05:16,578 [524d5d09-8d9b-4f5c-81d9-49f5f89fd079-impl-thread1] INFO  segmented.SegmentedRaftLogWorker (SegmentedRaftLogWorker.java:close(245)) - 524d5d09-8d9b-4f5c-81d9-49f5f89fd079@group-8DDF3E719ADC-SegmentedRaftLogWorker close()
2024-04-29 10:05:16,578 [JvmPauseMonitor15] INFO  util.JvmPauseMonitor (JvmPauseMonitor.java:run(152)) - JvmPauseMonitor-524d5d09-8d9b-4f5c-81d9-49f5f89fd079: Stopped
2024-04-29 10:05:16,630 [5831c0ab-0161-4108-a889-4f6b2f65c3d1-impl-thread2] INFO  segmented.SegmentedRaftLogWorker (SegmentedRaftLogWorker.java:close(245)) - 5831c0ab-0161-4108-a889-4f6b2f65c3d1@group-D0C2D53E75A9-SegmentedRaftLogWorker close()
2024-04-29 10:05:16,672 [5831c0ab-0161-4108-a889-4f6b2f65c3d1-impl-thread1] INFO  segmented.SegmentedRaftLogWorker (SegmentedRaftLogWorker.java:close(245)) - 5831c0ab-0161-4108-a889-4f6b2f65c3d1@group-E2D529BDD975-SegmentedRaftLogWorker close()
2024-04-29 10:05:16,672 [JvmPauseMonitor16] INFO  util.JvmPauseMonitor (JvmPauseMonitor.java:run(152)) - JvmPauseMonitor-5831c0ab-0161-4108-a889-4f6b2f65c3d1: Stopped
2024-04-29 10:05:16,693 [2fa79b0d-8934-45bf-9a4b-7d27b0482fa8-impl-thread2] INFO  segmented.SegmentedRaftLogWorker (SegmentedRaftLogWorker.java:close(245)) - 2fa79b0d-8934-45bf-9a4b-7d27b0482fa8@group-E2D529BDD975-SegmentedRaftLogWorker close()
2024-04-29 10:05:16,835 [2fa79b0d-8934-45bf-9a4b-7d27b0482fa8-impl-thread1] INFO  segmented.SegmentedRaftLogWorker (SegmentedRaftLogWorker.java:close(245)) - 2fa79b0d-8934-45bf-9a4b-7d27b0482fa8@group-1DE36CE6263D-SegmentedRaftLogWorker close()
2024-04-29 10:05:16,836 [JvmPauseMonitor18] INFO  util.JvmPauseMonitor (JvmPauseMonitor.java:run(152)) - JvmPauseMonitor-2fa79b0d-8934-45bf-9a4b-7d27b0482fa8: Stopped
2024-04-29 10:05:16,847 [4e10c049-ef00-4c78-84ba-ad0788e207ea-impl-thread1] INFO  segmented.SegmentedRaftLogWorker (SegmentedRaftLogWorker.java:close(245)) - 4e10c049-ef00-4c78-84ba-ad0788e207ea@group-245A327A29BC-SegmentedRaftLogWorker close()
2024-04-29 10:05:16,847 [JvmPauseMonitor19] INFO  util.JvmPauseMonitor (JvmPauseMonitor.java:run(152)) - JvmPauseMonitor-4e10c049-ef00-4c78-84ba-ad0788e207ea: Stopped
2024-04-29 10:05:18,531 [ForkJoinPool.commonPool-worker-2] INFO  utils.DatanodeStoreCache (DatanodeStoreCache.java:shutdownCache(116)) - Skip clearing cache in mini cluster mode. Entries left: [/home/runner/work/ozone/ozone/hadoop-ozone/integration-test/target/test-dir/MiniOzoneClusterImpl-b6e902a5-721a-459f-a115-5ddcd789b87e/ozone-meta/datanode-1/data-0/hdds/b6e902a5-721a-459f-a115-5ddcd789b87e/DS-2197db3b-fe8f-4b2c-8084-aee140f2c76c/container.db, /home/runner/work/ozone/ozone/hadoop-ozone/integration-test/target/test-dir/MiniOzoneClusterImpl-b6e902a5-721a-459f-a115-5ddcd789b87e/ozone-meta/datanode-2/data-0/hdds/b6e902a5-721a-459f-a115-5ddcd789b87e/DS-f0ac0168-215d-4721-bced-3e4891a48ce9/container.db, /home/runner/work/ozone/ozone/hadoop-ozone/integration-test/target/test-dir/MiniOzoneClusterImpl-b6e902a5-721a-459f-a115-5ddcd789b87e/ozone-meta/datanode-3/data-0/hdds/b6e902a5-721a-459f-a115-5ddcd789b87e/DS-1c5d1856-867b-4efd-a5b2-df5489caeb21/container.db, /home/runner/work/ozone/ozone/hadoop-ozone/integration-test/target/test-dir/MiniOzoneClusterImpl-b6e902a5-721a-459f-a115-5ddcd789b87e/ozone-meta/datanode-4/data-0/hdds/b6e902a5-721a-459f-a115-5ddcd789b87e/DS-920d34fc-9058-411d-8e39-8837b419ea20/container.db, /home/runner/work/ozone/ozone/hadoop-ozone/integration-test/target/test-dir/MiniOzoneClusterImpl-b6e902a5-721a-459f-a115-5ddcd789b87e/ozone-meta/datanode-5/data-0/hdds/b6e902a5-721a-459f-a115-5ddcd789b87e/DS-31205988-f0e1-4f91-ac56-2faaaec41a13/container.db, /home/runner/work/ozone/ozone/hadoop-ozone/integration-test/target/test-dir/MiniOzoneClusterImpl-b6e902a5-721a-459f-a115-5ddcd789b87e/ozone-meta/datanode-6/data-0/hdds/b6e902a5-721a-459f-a115-5ddcd789b87e/DS-8ebf3dec-7702-4822-96f0-dd815f89cd56/container.db, /home/runner/work/ozone/ozone/hadoop-ozone/integration-test/target/test-dir/MiniOzoneClusterImpl-b6e902a5-721a-459f-a115-5ddcd789b87e/ozone-meta/datanode-7/data-0/hdds/b6e902a5-721a-459f-a115-5ddcd789b87e/DS-b579c26f-d8fa-455d-8d67-487d76dc6333/container.db]
2024-04-29 10:05:18,532 [ForkJoinPool.commonPool-worker-2] INFO  utils.DatanodeStoreCache (DatanodeStoreCache.java:removeDB(110)) - Removed db /home/runner/work/ozone/ozone/hadoop-ozone/integration-test/target/test-dir/MiniOzoneClusterImpl-b6e902a5-721a-459f-a115-5ddcd789b87e/ozone-meta/datanode-2/data-0/hdds/b6e902a5-721a-459f-a115-5ddcd789b87e/DS-f0ac0168-215d-4721-bced-3e4891a48ce9/container.db from cache
2024-04-29 10:05:18,532 [ForkJoinPool.commonPool-worker-2] INFO  volume.HddsVolume (HddsVolume.java:closeDbStore(470)) - SchemaV3 db is stopped at /home/runner/work/ozone/ozone/hadoop-ozone/integration-test/target/test-dir/MiniOzoneClusterImpl-b6e902a5-721a-459f-a115-5ddcd789b87e/ozone-meta/datanode-2/data-0/hdds/b6e902a5-721a-459f-a115-5ddcd789b87e/DS-f0ac0168-215d-4721-bced-3e4891a48ce9/container.db for volume DS-f0ac0168-215d-4721-bced-3e4891a48ce9
2024-04-29 10:05:18,532 [ForkJoinPool.commonPool-worker-2] INFO  utils.BackgroundService (BackgroundService.java:shutdown(160)) - Shutting down service BlockDeletingService
2024-04-29 10:05:18,533 [ForkJoinPool.commonPool-worker-2] INFO  utils.BackgroundService (BackgroundService.java:shutdown(160)) - Shutting down service StaleRecoveringContainerScrubbingService
2024-04-29 10:05:18,533 [ForkJoinPool.commonPool-worker-2] INFO  statemachine.DatanodeStateMachine (DatanodeStateMachine.java:stopDaemon(638)) - Ozone container server stopped.
2024-04-29 10:05:18,533 [ForkJoinPool.commonPool-worker-2] INFO  handler.ContextHandler (ContextHandler.java:doStop(1159)) - Stopped o.e.j.w.WebAppContext@31b07a16{hddsDatanode,/,null,STOPPED}{file:/home/runner/work/ozone/ozone/hadoop-hdds/container-service/target/classes/webapps/hddsDatanode}
2024-04-29 10:05:18,534 [ForkJoinPool.commonPool-worker-2] INFO  server.AbstractConnector (AbstractConnector.java:doStop(383)) - Stopped ServerConnector@71ad18e6{HTTP/1.1, (http/1.1)}{0.0.0.0:15107}
2024-04-29 10:05:18,534 [ForkJoinPool.commonPool-worker-2] INFO  server.session (HouseKeeper.java:stopScavenging(149)) - node0 Stopped scavenging
2024-04-29 10:05:18,534 [ForkJoinPool.commonPool-worker-2] INFO  handler.ContextHandler (ContextHandler.java:doStop(1159)) - Stopped o.e.j.s.ServletContextHandler@74d3c448{static,/static,file:///home/runner/work/ozone/ozone/hadoop-hdds/container-service/target/classes/webapps/static,STOPPED}
2024-04-29 10:05:18,534 [ForkJoinPool.commonPool-worker-2] INFO  handler.ContextHandler (ContextHandler.java:doStop(1159)) - Stopped o.e.j.s.ServletContextHandler@2800b3a9{logs,/logs,file:///home/runner/work/ozone/ozone/hadoop-ozone/integration-test/target/log,STOPPED}
2024-04-29 10:05:18,534 [ForkJoinPool.commonPool-worker-2] INFO  ozone.HddsDatanodeClientProtocolServer (HddsDatanodeClientProtocolServer.java:stop(83)) - Stopping the RPC server for Client Protocol
2024-04-29 10:05:18,534 [ForkJoinPool.commonPool-worker-2] INFO  ipc.Server (Server.java:stop(3523)) - Stopping server on 15108
2024-04-29 10:05:18,535 [IPC Server Responder] INFO  ipc.Server (Server.java:run(1567)) - Stopping IPC Server Responder
2024-04-29 10:05:18,535 [IPC Server listener on 15108] INFO  ipc.Server (Server.java:run(1434)) - Stopping IPC Server listener on 15108
2024-04-29 10:05:18,536 [ForkJoinPool.commonPool-worker-2] INFO  ozoneimpl.OzoneContainer (OzoneContainer.java:stop(481)) - Attempting to stop container services.
2024-04-29 10:05:18,536 [ContainerMetadataScanner] WARN  ozoneimpl.AbstractBackgroundContainerScanner (AbstractBackgroundContainerScanner.java:handleRemainingSleep(134)) - Background container scan was interrupted.
2024-04-29 10:05:18,537 [ContainerMetadataScanner] INFO  ozoneimpl.AbstractBackgroundContainerScanner (AbstractBackgroundContainerScanner.java:run(61)) - Thread[ContainerMetadataScanner,5,main] exiting.
2024-04-29 10:05:18,537 [ForkJoinPool.commonPool-worker-2] INFO  ozoneimpl.BackgroundContainerDataScanner (BackgroundContainerDataScanner.java:shutdown(141)) - ContainerDataScanner(/home/runner/work/ozone/ozone/hadoop-ozone/integration-test/target/test-dir/MiniOzoneClusterImpl-b6e902a5-721a-459f-a115-5ddcd789b87e/ozone-meta/datanode-1/data-0/hdds) is shutting down. 
2024-04-29 10:05:18,537 [ContainerDataScanner(/home/runner/work/ozone/ozone/hadoop-ozone/integration-test/target/test-dir/MiniOzoneClusterImpl-b6e902a5-721a-459f-a115-5ddcd789b87e/ozone-meta/datanode-1/data-0/hdds)] WARN  ozoneimpl.AbstractBackgroundContainerScanner (AbstractBackgroundContainerScanner.java:handleRemainingSleep(134)) - Background container scan was interrupted.
2024-04-29 10:05:18,537 [ContainerDataScanner(/home/runner/work/ozone/ozone/hadoop-ozone/integration-test/target/test-dir/MiniOzoneClusterImpl-b6e902a5-721a-459f-a115-5ddcd789b87e/ozone-meta/datanode-1/data-0/hdds)] INFO  ozoneimpl.AbstractBackgroundContainerScanner (AbstractBackgroundContainerScanner.java:run(61)) - ContainerDataScanner(/home/runner/work/ozone/ozone/hadoop-ozone/integration-test/target/test-dir/MiniOzoneClusterImpl-b6e902a5-721a-459f-a115-5ddcd789b87e/ozone-meta/datanode-1/data-0/hdds, DS-2197db3b-fe8f-4b2c-8084-aee140f2c76c) exiting.
2024-04-29 10:05:18,537 [ForkJoinPool.commonPool-worker-2] INFO  server.RaftServer (RaftServerProxy.java:lambda$close$9(416)) - 6d197fbd-467e-45ff-9898-42ed1c21d5d8: close
2024-04-29 10:05:18,537 [6d197fbd-467e-45ff-9898-42ed1c21d5d8-impl-thread1] INFO  server.RaftServer$Division (RaftServerImpl.java:lambda$close$3(526)) - 6d197fbd-467e-45ff-9898-42ed1c21d5d8@group-707C7D8C1CB0: shutdown
2024-04-29 10:05:18,537 [6d197fbd-467e-45ff-9898-42ed1c21d5d8-impl-thread1] INFO  util.JmxRegister (JmxRegister.java:unregister(73)) - Successfully un-registered JMX Bean with object name Ratis:service=RaftServer,group=group-707C7D8C1CB0,id=6d197fbd-467e-45ff-9898-42ed1c21d5d8
2024-04-29 10:05:18,537 [ForkJoinPool.commonPool-worker-2] INFO  server.GrpcService (GrpcService.java:closeImpl(311)) - 6d197fbd-467e-45ff-9898-42ed1c21d5d8: shutdown server org.apache.ratis.grpc.server.GrpcClientProtocolService now
2024-04-29 10:05:18,537 [6d197fbd-467e-45ff-9898-42ed1c21d5d8-impl-thread1] INFO  impl.RoleInfo (RoleInfo.java:shutdownFollowerState(110)) - 6d197fbd-467e-45ff-9898-42ed1c21d5d8: shutdown 6d197fbd-467e-45ff-9898-42ed1c21d5d8@group-707C7D8C1CB0-FollowerState
2024-04-29 10:05:18,538 [6d197fbd-467e-45ff-9898-42ed1c21d5d8-impl-thread1] INFO  impl.StateMachineUpdater (StateMachineUpdater.java:stopAndJoin(157)) - 6d197fbd-467e-45ff-9898-42ed1c21d5d8@group-707C7D8C1CB0-StateMachineUpdater: set stopIndex = 0
2024-04-29 10:05:18,538 [6d197fbd-467e-45ff-9898-42ed1c21d5d8@group-707C7D8C1CB0-StateMachineUpdater] INFO  ratis.ContainerStateMachine (ContainerStateMachine.java:takeSnapshot(355)) - group-707C7D8C1CB0: Taking a snapshot at:(t:1, i:0) file /home/runner/work/ozone/ozone/hadoop-ozone/integration-test/target/test-dir/MiniOzoneClusterImpl-b6e902a5-721a-459f-a115-5ddcd789b87e/ozone-meta/datanode-1/ratis/3506122a-5bb7-4b44-8ee6-707c7d8c1cb0/sm/snapshot.1_0
2024-04-29 10:05:18,538 [6d197fbd-467e-45ff-9898-42ed1c21d5d8@group-707C7D8C1CB0-FollowerState] INFO  impl.FollowerState (FollowerState.java:run(152)) - 6d197fbd-467e-45ff-9898-42ed1c21d5d8@group-707C7D8C1CB0-FollowerState was interrupted
2024-04-29 10:05:18,538 [Thread-2448] INFO  server.GrpcServerProtocolClient (GrpcServerProtocolClient.java:close(103)) - c8077c05-0c4c-4631-a89d-68bd8471aee8 Close channels
2024-04-29 10:05:18,538 [Thread-2449] INFO  server.GrpcServerProtocolClient (GrpcServerProtocolClient.java:close(103)) - 524d5d09-8d9b-4f5c-81d9-49f5f89fd079 Close channels
2024-04-29 10:05:18,538 [ForkJoinPool.commonPool-worker-2] INFO  server.GrpcService (GrpcService.java:closeImpl(320)) - 6d197fbd-467e-45ff-9898-42ed1c21d5d8: shutdown server org.apache.ratis.grpc.server.GrpcClientProtocolService successfully
2024-04-29 10:05:18,538 [ForkJoinPool.commonPool-worker-2] INFO  server.GrpcService (GrpcService.java:closeImpl(311)) - 6d197fbd-467e-45ff-9898-42ed1c21d5d8: shutdown server GrpcServerProtocolService now
2024-04-29 10:05:18,538 [6d197fbd-467e-45ff-9898-42ed1c21d5d8-impl-thread2] INFO  server.RaftServer$Division (RaftServerImpl.java:lambda$close$3(526)) - 6d197fbd-467e-45ff-9898-42ed1c21d5d8@group-CAAA4FED400B: shutdown
2024-04-29 10:05:18,539 [6d197fbd-467e-45ff-9898-42ed1c21d5d8-impl-thread2] INFO  util.JmxRegister (JmxRegister.java:unregister(73)) - Successfully un-registered JMX Bean with object name Ratis:service=RaftServer,group=group-CAAA4FED400B,id=6d197fbd-467e-45ff-9898-42ed1c21d5d8
2024-04-29 10:05:18,539 [6d197fbd-467e-45ff-9898-42ed1c21d5d8-impl-thread2] INFO  impl.RoleInfo (RoleInfo.java:shutdownLeaderState(94)) - 6d197fbd-467e-45ff-9898-42ed1c21d5d8: shutdown 6d197fbd-467e-45ff-9898-42ed1c21d5d8@group-CAAA4FED400B-LeaderStateImpl
2024-04-29 10:05:18,539 [6d197fbd-467e-45ff-9898-42ed1c21d5d8@group-707C7D8C1CB0-StateMachineUpdater] INFO  ratis.ContainerStateMachine (ContainerStateMachine.java:takeSnapshot(366)) - group-707C7D8C1CB0: Finished taking a snapshot at:(t:1, i:0) file:/home/runner/work/ozone/ozone/hadoop-ozone/integration-test/target/test-dir/MiniOzoneClusterImpl-b6e902a5-721a-459f-a115-5ddcd789b87e/ozone-meta/datanode-1/ratis/3506122a-5bb7-4b44-8ee6-707c7d8c1cb0/sm/snapshot.1_0 took: 1 ms
2024-04-29 10:05:18,539 [6d197fbd-467e-45ff-9898-42ed1c21d5d8@group-707C7D8C1CB0-StateMachineUpdater] INFO  impl.StateMachineUpdater (StateMachineUpdater.java:takeSnapshot(295)) - 6d197fbd-467e-45ff-9898-42ed1c21d5d8@group-707C7D8C1CB0-StateMachineUpdater: Took a snapshot at index 0
2024-04-29 10:05:18,539 [6d197fbd-467e-45ff-9898-42ed1c21d5d8@group-707C7D8C1CB0-StateMachineUpdater] INFO  impl.StateMachineUpdater (StateMachineUpdater.java:lambda$new$0(98)) - 6d197fbd-467e-45ff-9898-42ed1c21d5d8@group-707C7D8C1CB0-StateMachineUpdater: snapshotIndex: updateIncreasingly -1 -> 0
2024-04-29 10:05:18,539 [ForkJoinPool.commonPool-worker-2] INFO  server.GrpcService (GrpcService.java:closeImpl(320)) - 6d197fbd-467e-45ff-9898-42ed1c21d5d8: shutdown server GrpcServerProtocolService successfully
2024-04-29 10:05:18,539 [ForkJoinPool.commonPool-worker-2] INFO  server.GrpcService (GrpcService.java:closeImpl(311)) - 6d197fbd-467e-45ff-9898-42ed1c21d5d8: shutdown server org.apache.ratis.grpc.server.GrpcAdminProtocolService now
2024-04-29 10:05:18,539 [6d197fbd-467e-45ff-9898-42ed1c21d5d8-impl-thread1] INFO  server.RaftServer$Division (ServerState.java:close(427)) - 6d197fbd-467e-45ff-9898-42ed1c21d5d8@group-707C7D8C1CB0: applyIndex: 0
2024-04-29 10:05:18,539 [6d197fbd-467e-45ff-9898-42ed1c21d5d8@group-707C7D8C1CB0-cacheEviction-AwaitToRun] INFO  util.AwaitToRun (AwaitToRun.java:run(49)) - 6d197fbd-467e-45ff-9898-42ed1c21d5d8@group-707C7D8C1CB0-cacheEviction-AwaitToRun-AwaitForSignal is interrupted
2024-04-29 10:05:18,539 [6d197fbd-467e-45ff-9898-42ed1c21d5d8-impl-thread2] INFO  impl.PendingRequests (PendingRequests.java:sendNotLeaderResponses(289)) - 6d197fbd-467e-45ff-9898-42ed1c21d5d8@group-CAAA4FED400B-PendingRequests: sendNotLeaderResponses
2024-04-29 10:05:18,540 [ForkJoinPool.commonPool-worker-2] INFO  server.GrpcService (GrpcService.java:closeImpl(320)) - 6d197fbd-467e-45ff-9898-42ed1c21d5d8: shutdown server org.apache.ratis.grpc.server.GrpcAdminProtocolService successfully
2024-04-29 10:05:18,540 [6d197fbd-467e-45ff-9898-42ed1c21d5d8-impl-thread2] INFO  impl.StateMachineUpdater (StateMachineUpdater.java:stopAndJoin(157)) - 6d197fbd-467e-45ff-9898-42ed1c21d5d8@group-CAAA4FED400B-StateMachineUpdater: set stopIndex = 0
2024-04-29 10:05:18,540 [6d197fbd-467e-45ff-9898-42ed1c21d5d8@group-CAAA4FED400B-StateMachineUpdater] INFO  ratis.ContainerStateMachine (ContainerStateMachine.java:takeSnapshot(355)) - group-CAAA4FED400B: Taking a snapshot at:(t:1, i:0) file /home/runner/work/ozone/ozone/hadoop-ozone/integration-test/target/test-dir/MiniOzoneClusterImpl-b6e902a5-721a-459f-a115-5ddcd789b87e/ozone-meta/datanode-1/ratis/7a65518c-d6ab-45bc-acef-caaa4fed400b/sm/snapshot.1_0
2024-04-29 10:05:18,540 [6d197fbd-467e-45ff-9898-42ed1c21d5d8@group-CAAA4FED400B-StateMachineUpdater] INFO  ratis.ContainerStateMachine (ContainerStateMachine.java:takeSnapshot(366)) - group-CAAA4FED400B: Finished taking a snapshot at:(t:1, i:0) file:/home/runner/work/ozone/ozone/hadoop-ozone/integration-test/target/test-dir/MiniOzoneClusterImpl-b6e902a5-721a-459f-a115-5ddcd789b87e/ozone-meta/datanode-1/ratis/7a65518c-d6ab-45bc-acef-caaa4fed400b/sm/snapshot.1_0 took: 1 ms
2024-04-29 10:05:18,541 [6d197fbd-467e-45ff-9898-42ed1c21d5d8@group-CAAA4FED400B-StateMachineUpdater] INFO  impl.StateMachineUpdater (StateMachineUpdater.java:takeSnapshot(295)) - 6d197fbd-467e-45ff-9898-42ed1c21d5d8@group-CAAA4FED400B-StateMachineUpdater: Took a snapshot at index 0
2024-04-29 10:05:18,541 [6d197fbd-467e-45ff-9898-42ed1c21d5d8@group-CAAA4FED400B-StateMachineUpdater] INFO  impl.StateMachineUpdater (StateMachineUpdater.java:lambda$new$0(98)) - 6d197fbd-467e-45ff-9898-42ed1c21d5d8@group-CAAA4FED400B-StateMachineUpdater: snapshotIndex: updateIncreasingly -1 -> 0
2024-04-29 10:05:18,541 [6d197fbd-467e-45ff-9898-42ed1c21d5d8-impl-thread2] INFO  server.RaftServer$Division (ServerState.java:close(427)) - 6d197fbd-467e-45ff-9898-42ed1c21d5d8@group-CAAA4FED400B: applyIndex: 0
2024-04-29 10:05:18,541 [6d197fbd-467e-45ff-9898-42ed1c21d5d8@group-CAAA4FED400B-cacheEviction-AwaitToRun] INFO  util.AwaitToRun (AwaitToRun.java:run(49)) - 6d197fbd-467e-45ff-9898-42ed1c21d5d8@group-CAAA4FED400B-cacheEviction-AwaitToRun-AwaitForSignal is interrupted
2024-04-29 10:05:18,543 [6d197fbd-467e-45ff-9898-42ed1c21d5d8-NettyServerStreamRpc-bossGroup--thread1] INFO  logging.LoggingHandler (AbstractInternalLogger.java:log(148)) - [id: 0x21827849, L:/0.0.0.0:15104] CLOSE
2024-04-29 10:05:18,543 [6d197fbd-467e-45ff-9898-42ed1c21d5d8-NettyServerStreamRpc-bossGroup--thread1] INFO  logging.LoggingHandler (AbstractInternalLogger.java:log(148)) - [id: 0x21827849, L:/0.0.0.0:15104] INACTIVE
2024-04-29 10:05:18,543 [6d197fbd-467e-45ff-9898-42ed1c21d5d8-NettyServerStreamRpc-bossGroup--thread1] INFO  logging.LoggingHandler (AbstractInternalLogger.java:log(148)) - [id: 0x21827849, L:/0.0.0.0:15104] UNREGISTERED
2024-04-29 10:05:18,579 [ForkJoinPool.commonPool-worker-3] INFO  utils.DatanodeStoreCache (DatanodeStoreCache.java:shutdownCache(116)) - Skip clearing cache in mini cluster mode. Entries left: [/home/runner/work/ozone/ozone/hadoop-ozone/integration-test/target/test-dir/MiniOzoneClusterImpl-b6e902a5-721a-459f-a115-5ddcd789b87e/ozone-meta/datanode-1/data-0/hdds/b6e902a5-721a-459f-a115-5ddcd789b87e/DS-2197db3b-fe8f-4b2c-8084-aee140f2c76c/container.db, /home/runner/work/ozone/ozone/hadoop-ozone/integration-test/target/test-dir/MiniOzoneClusterImpl-b6e902a5-721a-459f-a115-5ddcd789b87e/ozone-meta/datanode-3/data-0/hdds/b6e902a5-721a-459f-a115-5ddcd789b87e/DS-1c5d1856-867b-4efd-a5b2-df5489caeb21/container.db, /home/runner/work/ozone/ozone/hadoop-ozone/integration-test/target/test-dir/MiniOzoneClusterImpl-b6e902a5-721a-459f-a115-5ddcd789b87e/ozone-meta/datanode-4/data-0/hdds/b6e902a5-721a-459f-a115-5ddcd789b87e/DS-920d34fc-9058-411d-8e39-8837b419ea20/container.db, /home/runner/work/ozone/ozone/hadoop-ozone/integration-test/target/test-dir/MiniOzoneClusterImpl-b6e902a5-721a-459f-a115-5ddcd789b87e/ozone-meta/datanode-5/data-0/hdds/b6e902a5-721a-459f-a115-5ddcd789b87e/DS-31205988-f0e1-4f91-ac56-2faaaec41a13/container.db, /home/runner/work/ozone/ozone/hadoop-ozone/integration-test/target/test-dir/MiniOzoneClusterImpl-b6e902a5-721a-459f-a115-5ddcd789b87e/ozone-meta/datanode-6/data-0/hdds/b6e902a5-721a-459f-a115-5ddcd789b87e/DS-8ebf3dec-7702-4822-96f0-dd815f89cd56/container.db, /home/runner/work/ozone/ozone/hadoop-ozone/integration-test/target/test-dir/MiniOzoneClusterImpl-b6e902a5-721a-459f-a115-5ddcd789b87e/ozone-meta/datanode-7/data-0/hdds/b6e902a5-721a-459f-a115-5ddcd789b87e/DS-b579c26f-d8fa-455d-8d67-487d76dc6333/container.db]
2024-04-29 10:05:18,580 [ForkJoinPool.commonPool-worker-3] INFO  utils.DatanodeStoreCache (DatanodeStoreCache.java:removeDB(110)) - Removed db /home/runner/work/ozone/ozone/hadoop-ozone/integration-test/target/test-dir/MiniOzoneClusterImpl-b6e902a5-721a-459f-a115-5ddcd789b87e/ozone-meta/datanode-3/data-0/hdds/b6e902a5-721a-459f-a115-5ddcd789b87e/DS-1c5d1856-867b-4efd-a5b2-df5489caeb21/container.db from cache
2024-04-29 10:05:18,580 [ForkJoinPool.commonPool-worker-3] INFO  volume.HddsVolume (HddsVolume.java:closeDbStore(470)) - SchemaV3 db is stopped at /home/runner/work/ozone/ozone/hadoop-ozone/integration-test/target/test-dir/MiniOzoneClusterImpl-b6e902a5-721a-459f-a115-5ddcd789b87e/ozone-meta/datanode-3/data-0/hdds/b6e902a5-721a-459f-a115-5ddcd789b87e/DS-1c5d1856-867b-4efd-a5b2-df5489caeb21/container.db for volume DS-1c5d1856-867b-4efd-a5b2-df5489caeb21
2024-04-29 10:05:18,580 [ForkJoinPool.commonPool-worker-3] INFO  utils.BackgroundService (BackgroundService.java:shutdown(160)) - Shutting down service BlockDeletingService
2024-04-29 10:05:18,580 [ForkJoinPool.commonPool-worker-3] INFO  utils.BackgroundService (BackgroundService.java:shutdown(160)) - Shutting down service StaleRecoveringContainerScrubbingService
2024-04-29 10:05:18,581 [ForkJoinPool.commonPool-worker-3] INFO  statemachine.DatanodeStateMachine (DatanodeStateMachine.java:stopDaemon(638)) - Ozone container server stopped.
2024-04-29 10:05:18,581 [ForkJoinPool.commonPool-worker-3] INFO  handler.ContextHandler (ContextHandler.java:doStop(1159)) - Stopped o.e.j.w.WebAppContext@67367175{hddsDatanode,/,null,STOPPED}{file:/home/runner/work/ozone/ozone/hadoop-hdds/container-service/target/classes/webapps/hddsDatanode}
2024-04-29 10:05:18,581 [ForkJoinPool.commonPool-worker-3] INFO  server.AbstractConnector (AbstractConnector.java:doStop(383)) - Stopped ServerConnector@7a7ae0e1{HTTP/1.1, (http/1.1)}{0.0.0.0:15116}
2024-04-29 10:05:18,581 [ForkJoinPool.commonPool-worker-3] INFO  server.session (HouseKeeper.java:stopScavenging(149)) - node0 Stopped scavenging
2024-04-29 10:05:18,582 [ForkJoinPool.commonPool-worker-3] INFO  handler.ContextHandler (ContextHandler.java:doStop(1159)) - Stopped o.e.j.s.ServletContextHandler@7e8e2fc7{static,/static,file:///home/runner/work/ozone/ozone/hadoop-hdds/container-service/target/classes/webapps/static,STOPPED}
2024-04-29 10:05:18,582 [ForkJoinPool.commonPool-worker-3] INFO  handler.ContextHandler (ContextHandler.java:doStop(1159)) - Stopped o.e.j.s.ServletContextHandler@57f60b5e{logs,/logs,file:///home/runner/work/ozone/ozone/hadoop-ozone/integration-test/target/log,STOPPED}
2024-04-29 10:05:18,582 [ForkJoinPool.commonPool-worker-3] INFO  ozone.HddsDatanodeClientProtocolServer (HddsDatanodeClientProtocolServer.java:stop(83)) - Stopping the RPC server for Client Protocol
2024-04-29 10:05:18,582 [ForkJoinPool.commonPool-worker-3] INFO  ipc.Server (Server.java:stop(3523)) - Stopping server on 15117
2024-04-29 10:05:18,582 [IPC Server listener on 15117] INFO  ipc.Server (Server.java:run(1434)) - Stopping IPC Server listener on 15117
2024-04-29 10:05:18,582 [IPC Server Responder] INFO  ipc.Server (Server.java:run(1567)) - Stopping IPC Server Responder
2024-04-29 10:05:18,584 [ForkJoinPool.commonPool-worker-3] INFO  ozoneimpl.OzoneContainer (OzoneContainer.java:stop(481)) - Attempting to stop container services.
2024-04-29 10:05:18,584 [ContainerMetadataScanner] WARN  ozoneimpl.AbstractBackgroundContainerScanner (AbstractBackgroundContainerScanner.java:handleRemainingSleep(134)) - Background container scan was interrupted.
2024-04-29 10:05:18,584 [ContainerMetadataScanner] INFO  ozoneimpl.AbstractBackgroundContainerScanner (AbstractBackgroundContainerScanner.java:run(61)) - Thread[ContainerMetadataScanner,5,main] exiting.
2024-04-29 10:05:18,584 [ForkJoinPool.commonPool-worker-3] INFO  ozoneimpl.BackgroundContainerDataScanner (BackgroundContainerDataScanner.java:shutdown(141)) - ContainerDataScanner(/home/runner/work/ozone/ozone/hadoop-ozone/integration-test/target/test-dir/MiniOzoneClusterImpl-b6e902a5-721a-459f-a115-5ddcd789b87e/ozone-meta/datanode-5/data-0/hdds) is shutting down. 
2024-04-29 10:05:18,584 [ContainerDataScanner(/home/runner/work/ozone/ozone/hadoop-ozone/integration-test/target/test-dir/MiniOzoneClusterImpl-b6e902a5-721a-459f-a115-5ddcd789b87e/ozone-meta/datanode-5/data-0/hdds)] WARN  ozoneimpl.AbstractBackgroundContainerScanner (AbstractBackgroundContainerScanner.java:handleRemainingSleep(134)) - Background container scan was interrupted.
2024-04-29 10:05:18,585 [ContainerDataScanner(/home/runner/work/ozone/ozone/hadoop-ozone/integration-test/target/test-dir/MiniOzoneClusterImpl-b6e902a5-721a-459f-a115-5ddcd789b87e/ozone-meta/datanode-5/data-0/hdds)] INFO  ozoneimpl.AbstractBackgroundContainerScanner (AbstractBackgroundContainerScanner.java:run(61)) - ContainerDataScanner(/home/runner/work/ozone/ozone/hadoop-ozone/integration-test/target/test-dir/MiniOzoneClusterImpl-b6e902a5-721a-459f-a115-5ddcd789b87e/ozone-meta/datanode-5/data-0/hdds, DS-31205988-f0e1-4f91-ac56-2faaaec41a13) exiting.
2024-04-29 10:05:18,585 [ForkJoinPool.commonPool-worker-3] INFO  server.RaftServer (RaftServerProxy.java:lambda$close$9(416)) - 284a56ca-5c0a-4af3-8d75-aa8a7435325f: close
2024-04-29 10:05:18,585 [284a56ca-5c0a-4af3-8d75-aa8a7435325f-impl-thread1] INFO  server.RaftServer$Division (RaftServerImpl.java:lambda$close$3(526)) - 284a56ca-5c0a-4af3-8d75-aa8a7435325f@group-E31CF257AE05: shutdown
2024-04-29 10:05:18,585 [284a56ca-5c0a-4af3-8d75-aa8a7435325f-impl-thread1] INFO  util.JmxRegister (JmxRegister.java:unregister(73)) - Successfully un-registered JMX Bean with object name Ratis:service=RaftServer,group=group-E31CF257AE05,id=284a56ca-5c0a-4af3-8d75-aa8a7435325f
2024-04-29 10:05:18,585 [284a56ca-5c0a-4af3-8d75-aa8a7435325f-impl-thread1] INFO  impl.RoleInfo (RoleInfo.java:shutdownLeaderState(94)) - 284a56ca-5c0a-4af3-8d75-aa8a7435325f: shutdown 284a56ca-5c0a-4af3-8d75-aa8a7435325f@group-E31CF257AE05-LeaderStateImpl
2024-04-29 10:05:18,585 [284a56ca-5c0a-4af3-8d75-aa8a7435325f-impl-thread1] INFO  impl.PendingRequests (PendingRequests.java:sendNotLeaderResponses(289)) - 284a56ca-5c0a-4af3-8d75-aa8a7435325f@group-E31CF257AE05-PendingRequests: sendNotLeaderResponses
2024-04-29 10:05:18,585 [284a56ca-5c0a-4af3-8d75-aa8a7435325f-impl-thread1] INFO  impl.StateMachineUpdater (StateMachineUpdater.java:stopAndJoin(157)) - 284a56ca-5c0a-4af3-8d75-aa8a7435325f@group-E31CF257AE05-StateMachineUpdater: set stopIndex = 0
2024-04-29 10:05:18,585 [284a56ca-5c0a-4af3-8d75-aa8a7435325f@group-E31CF257AE05-StateMachineUpdater] INFO  ratis.ContainerStateMachine (ContainerStateMachine.java:takeSnapshot(355)) - group-E31CF257AE05: Taking a snapshot at:(t:1, i:0) file /home/runner/work/ozone/ozone/hadoop-ozone/integration-test/target/test-dir/MiniOzoneClusterImpl-b6e902a5-721a-459f-a115-5ddcd789b87e/ozone-meta/datanode-5/ratis/97721f86-148f-4610-9304-e31cf257ae05/sm/snapshot.1_0
2024-04-29 10:05:18,586 [ForkJoinPool.commonPool-worker-3] INFO  server.GrpcService (GrpcService.java:closeImpl(311)) - 284a56ca-5c0a-4af3-8d75-aa8a7435325f: shutdown server org.apache.ratis.grpc.server.GrpcClientProtocolService now
2024-04-29 10:05:18,586 [284a56ca-5c0a-4af3-8d75-aa8a7435325f-impl-thread2] INFO  server.RaftServer$Division (RaftServerImpl.java:lambda$close$3(526)) - 284a56ca-5c0a-4af3-8d75-aa8a7435325f@group-E2D529BDD975: shutdown
2024-04-29 10:05:18,586 [284a56ca-5c0a-4af3-8d75-aa8a7435325f-impl-thread2] INFO  util.JmxRegister (JmxRegister.java:unregister(73)) - Successfully un-registered JMX Bean with object name Ratis:service=RaftServer,group=group-E2D529BDD975,id=284a56ca-5c0a-4af3-8d75-aa8a7435325f
2024-04-29 10:05:18,586 [284a56ca-5c0a-4af3-8d75-aa8a7435325f-impl-thread2] INFO  impl.RoleInfo (RoleInfo.java:shutdownFollowerState(110)) - 284a56ca-5c0a-4af3-8d75-aa8a7435325f: shutdown 284a56ca-5c0a-4af3-8d75-aa8a7435325f@group-E2D529BDD975-FollowerState
2024-04-29 10:05:18,586 [284a56ca-5c0a-4af3-8d75-aa8a7435325f@group-E2D529BDD975-FollowerState] INFO  impl.FollowerState (FollowerState.java:run(152)) - 284a56ca-5c0a-4af3-8d75-aa8a7435325f@group-E2D529BDD975-FollowerState was interrupted
2024-04-29 10:05:18,586 [284a56ca-5c0a-4af3-8d75-aa8a7435325f@group-E31CF257AE05-StateMachineUpdater] INFO  ratis.ContainerStateMachine (ContainerStateMachine.java:takeSnapshot(366)) - group-E31CF257AE05: Finished taking a snapshot at:(t:1, i:0) file:/home/runner/work/ozone/ozone/hadoop-ozone/integration-test/target/test-dir/MiniOzoneClusterImpl-b6e902a5-721a-459f-a115-5ddcd789b87e/ozone-meta/datanode-5/ratis/97721f86-148f-4610-9304-e31cf257ae05/sm/snapshot.1_0 took: 0 ms
2024-04-29 10:05:18,586 [284a56ca-5c0a-4af3-8d75-aa8a7435325f@group-E31CF257AE05-StateMachineUpdater] INFO  impl.StateMachineUpdater (StateMachineUpdater.java:takeSnapshot(295)) - 284a56ca-5c0a-4af3-8d75-aa8a7435325f@group-E31CF257AE05-StateMachineUpdater: Took a snapshot at index 0
2024-04-29 10:05:18,586 [284a56ca-5c0a-4af3-8d75-aa8a7435325f@group-E31CF257AE05-StateMachineUpdater] INFO  impl.StateMachineUpdater (StateMachineUpdater.java:lambda$new$0(98)) - 284a56ca-5c0a-4af3-8d75-aa8a7435325f@group-E31CF257AE05-StateMachineUpdater: snapshotIndex: updateIncreasingly -1 -> 0
2024-04-29 10:05:18,586 [284a56ca-5c0a-4af3-8d75-aa8a7435325f-impl-thread2] INFO  impl.StateMachineUpdater (StateMachineUpdater.java:stopAndJoin(157)) - 284a56ca-5c0a-4af3-8d75-aa8a7435325f@group-E2D529BDD975-StateMachineUpdater: set stopIndex = 0
2024-04-29 10:05:18,586 [284a56ca-5c0a-4af3-8d75-aa8a7435325f@group-E2D529BDD975-StateMachineUpdater] INFO  ratis.ContainerStateMachine (ContainerStateMachine.java:takeSnapshot(355)) - group-E2D529BDD975: Taking a snapshot at:(t:1, i:0) file /home/runner/work/ozone/ozone/hadoop-ozone/integration-test/target/test-dir/MiniOzoneClusterImpl-b6e902a5-721a-459f-a115-5ddcd789b87e/ozone-meta/datanode-5/ratis/5ffe0956-3746-478e-8a75-e2d529bdd975/sm/snapshot.1_0
2024-04-29 10:05:18,587 [284a56ca-5c0a-4af3-8d75-aa8a7435325f-impl-thread1] INFO  server.RaftServer$Division (ServerState.java:close(427)) - 284a56ca-5c0a-4af3-8d75-aa8a7435325f@group-E31CF257AE05: applyIndex: 0
2024-04-29 10:05:18,586 [ForkJoinPool.commonPool-worker-3] INFO  server.GrpcService (GrpcService.java:closeImpl(320)) - 284a56ca-5c0a-4af3-8d75-aa8a7435325f: shutdown server org.apache.ratis.grpc.server.GrpcClientProtocolService successfully
2024-04-29 10:05:18,587 [ForkJoinPool.commonPool-worker-3] INFO  server.GrpcService (GrpcService.java:closeImpl(311)) - 284a56ca-5c0a-4af3-8d75-aa8a7435325f: shutdown server GrpcServerProtocolService now
2024-04-29 10:05:18,587 [284a56ca-5c0a-4af3-8d75-aa8a7435325f@group-E31CF257AE05-cacheEviction-AwaitToRun] INFO  util.AwaitToRun (AwaitToRun.java:run(49)) - 284a56ca-5c0a-4af3-8d75-aa8a7435325f@group-E31CF257AE05-cacheEviction-AwaitToRun-AwaitForSignal is interrupted
2024-04-29 10:05:18,587 [284a56ca-5c0a-4af3-8d75-aa8a7435325f@group-E2D529BDD975-StateMachineUpdater] INFO  ratis.ContainerStateMachine (ContainerStateMachine.java:takeSnapshot(366)) - group-E2D529BDD975: Finished taking a snapshot at:(t:1, i:0) file:/home/runner/work/ozone/ozone/hadoop-ozone/integration-test/target/test-dir/MiniOzoneClusterImpl-b6e902a5-721a-459f-a115-5ddcd789b87e/ozone-meta/datanode-5/ratis/5ffe0956-3746-478e-8a75-e2d529bdd975/sm/snapshot.1_0 took: 1 ms
2024-04-29 10:05:18,587 [ForkJoinPool.commonPool-worker-3] INFO  server.GrpcService (GrpcService.java:closeImpl(320)) - 284a56ca-5c0a-4af3-8d75-aa8a7435325f: shutdown server GrpcServerProtocolService successfully
2024-04-29 10:05:18,587 [ForkJoinPool.commonPool-worker-3] INFO  server.GrpcService (GrpcService.java:closeImpl(311)) - 284a56ca-5c0a-4af3-8d75-aa8a7435325f: shutdown server org.apache.ratis.grpc.server.GrpcAdminProtocolService now
2024-04-29 10:05:18,587 [284a56ca-5c0a-4af3-8d75-aa8a7435325f@group-E2D529BDD975-StateMachineUpdater] INFO  impl.StateMachineUpdater (StateMachineUpdater.java:takeSnapshot(295)) - 284a56ca-5c0a-4af3-8d75-aa8a7435325f@group-E2D529BDD975-StateMachineUpdater: Took a snapshot at index 0
2024-04-29 10:05:18,587 [284a56ca-5c0a-4af3-8d75-aa8a7435325f@group-E2D529BDD975-StateMachineUpdater] INFO  impl.StateMachineUpdater (StateMachineUpdater.java:lambda$new$0(98)) - 284a56ca-5c0a-4af3-8d75-aa8a7435325f@group-E2D529BDD975-StateMachineUpdater: snapshotIndex: updateIncreasingly -1 -> 0
2024-04-29 10:05:18,588 [284a56ca-5c0a-4af3-8d75-aa8a7435325f-impl-thread2] INFO  server.RaftServer$Division (ServerState.java:close(427)) - 284a56ca-5c0a-4af3-8d75-aa8a7435325f@group-E2D529BDD975: applyIndex: 0
2024-04-29 10:05:18,588 [284a56ca-5c0a-4af3-8d75-aa8a7435325f@group-E2D529BDD975-cacheEviction-AwaitToRun] INFO  util.AwaitToRun (AwaitToRun.java:run(49)) - 284a56ca-5c0a-4af3-8d75-aa8a7435325f@group-E2D529BDD975-cacheEviction-AwaitToRun-AwaitForSignal is interrupted
2024-04-29 10:05:18,588 [ForkJoinPool.commonPool-worker-3] INFO  server.GrpcService (GrpcService.java:closeImpl(320)) - 284a56ca-5c0a-4af3-8d75-aa8a7435325f: shutdown server org.apache.ratis.grpc.server.GrpcAdminProtocolService successfully
2024-04-29 10:05:18,591 [284a56ca-5c0a-4af3-8d75-aa8a7435325f-NettyServerStreamRpc-bossGroup--thread1] INFO  logging.LoggingHandler (AbstractInternalLogger.java:log(148)) - [id: 0x495195ce, L:/0.0.0.0:15140] CLOSE
2024-04-29 10:05:18,591 [284a56ca-5c0a-4af3-8d75-aa8a7435325f-NettyServerStreamRpc-bossGroup--thread1] INFO  logging.LoggingHandler (AbstractInternalLogger.java:log(148)) - [id: 0x495195ce, L:/0.0.0.0:15140] INACTIVE
2024-04-29 10:05:18,591 [284a56ca-5c0a-4af3-8d75-aa8a7435325f-NettyServerStreamRpc-bossGroup--thread1] INFO  logging.LoggingHandler (AbstractInternalLogger.java:log(148)) - [id: 0x495195ce, L:/0.0.0.0:15140] UNREGISTERED
2024-04-29 10:05:18,674 [ForkJoinPool.commonPool-worker-4] INFO  utils.DatanodeStoreCache (DatanodeStoreCache.java:shutdownCache(116)) - Skip clearing cache in mini cluster mode. Entries left: [/home/runner/work/ozone/ozone/hadoop-ozone/integration-test/target/test-dir/MiniOzoneClusterImpl-b6e902a5-721a-459f-a115-5ddcd789b87e/ozone-meta/datanode-1/data-0/hdds/b6e902a5-721a-459f-a115-5ddcd789b87e/DS-2197db3b-fe8f-4b2c-8084-aee140f2c76c/container.db, /home/runner/work/ozone/ozone/hadoop-ozone/integration-test/target/test-dir/MiniOzoneClusterImpl-b6e902a5-721a-459f-a115-5ddcd789b87e/ozone-meta/datanode-4/data-0/hdds/b6e902a5-721a-459f-a115-5ddcd789b87e/DS-920d34fc-9058-411d-8e39-8837b419ea20/container.db, /home/runner/work/ozone/ozone/hadoop-ozone/integration-test/target/test-dir/MiniOzoneClusterImpl-b6e902a5-721a-459f-a115-5ddcd789b87e/ozone-meta/datanode-5/data-0/hdds/b6e902a5-721a-459f-a115-5ddcd789b87e/DS-31205988-f0e1-4f91-ac56-2faaaec41a13/container.db, /home/runner/work/ozone/ozone/hadoop-ozone/integration-test/target/test-dir/MiniOzoneClusterImpl-b6e902a5-721a-459f-a115-5ddcd789b87e/ozone-meta/datanode-6/data-0/hdds/b6e902a5-721a-459f-a115-5ddcd789b87e/DS-8ebf3dec-7702-4822-96f0-dd815f89cd56/container.db, /home/runner/work/ozone/ozone/hadoop-ozone/integration-test/target/test-dir/MiniOzoneClusterImpl-b6e902a5-721a-459f-a115-5ddcd789b87e/ozone-meta/datanode-7/data-0/hdds/b6e902a5-721a-459f-a115-5ddcd789b87e/DS-b579c26f-d8fa-455d-8d67-487d76dc6333/container.db]
2024-04-29 10:05:18,675 [ForkJoinPool.commonPool-worker-4] INFO  utils.DatanodeStoreCache (DatanodeStoreCache.java:removeDB(110)) - Removed db /home/runner/work/ozone/ozone/hadoop-ozone/integration-test/target/test-dir/MiniOzoneClusterImpl-b6e902a5-721a-459f-a115-5ddcd789b87e/ozone-meta/datanode-4/data-0/hdds/b6e902a5-721a-459f-a115-5ddcd789b87e/DS-920d34fc-9058-411d-8e39-8837b419ea20/container.db from cache
2024-04-29 10:05:18,675 [ForkJoinPool.commonPool-worker-4] INFO  volume.HddsVolume (HddsVolume.java:closeDbStore(470)) - SchemaV3 db is stopped at /home/runner/work/ozone/ozone/hadoop-ozone/integration-test/target/test-dir/MiniOzoneClusterImpl-b6e902a5-721a-459f-a115-5ddcd789b87e/ozone-meta/datanode-4/data-0/hdds/b6e902a5-721a-459f-a115-5ddcd789b87e/DS-920d34fc-9058-411d-8e39-8837b419ea20/container.db for volume DS-920d34fc-9058-411d-8e39-8837b419ea20
2024-04-29 10:05:18,675 [ForkJoinPool.commonPool-worker-4] INFO  utils.BackgroundService (BackgroundService.java:shutdown(160)) - Shutting down service BlockDeletingService
2024-04-29 10:05:18,675 [ForkJoinPool.commonPool-worker-4] INFO  utils.BackgroundService (BackgroundService.java:shutdown(160)) - Shutting down service StaleRecoveringContainerScrubbingService
2024-04-29 10:05:18,676 [ForkJoinPool.commonPool-worker-4] INFO  statemachine.DatanodeStateMachine (DatanodeStateMachine.java:stopDaemon(638)) - Ozone container server stopped.
2024-04-29 10:05:18,676 [ForkJoinPool.commonPool-worker-4] INFO  handler.ContextHandler (ContextHandler.java:doStop(1159)) - Stopped o.e.j.w.WebAppContext@591e5480{hddsDatanode,/,null,STOPPED}{file:/home/runner/work/ozone/ozone/hadoop-hdds/container-service/target/classes/webapps/hddsDatanode}
2024-04-29 10:05:18,676 [ForkJoinPool.commonPool-worker-4] INFO  server.AbstractConnector (AbstractConnector.java:doStop(383)) - Stopped ServerConnector@6b22bd04{HTTP/1.1, (http/1.1)}{0.0.0.0:15125}
2024-04-29 10:05:18,677 [ForkJoinPool.commonPool-worker-4] INFO  server.session (HouseKeeper.java:stopScavenging(149)) - node0 Stopped scavenging
2024-04-29 10:05:18,677 [ForkJoinPool.commonPool-worker-4] INFO  handler.ContextHandler (ContextHandler.java:doStop(1159)) - Stopped o.e.j.s.ServletContextHandler@604d0523{static,/static,file:///home/runner/work/ozone/ozone/hadoop-hdds/container-service/target/classes/webapps/static,STOPPED}
2024-04-29 10:05:18,677 [ForkJoinPool.commonPool-worker-4] INFO  handler.ContextHandler (ContextHandler.java:doStop(1159)) - Stopped o.e.j.s.ServletContextHandler@735ae7f5{logs,/logs,file:///home/runner/work/ozone/ozone/hadoop-ozone/integration-test/target/log,STOPPED}
2024-04-29 10:05:18,677 [ForkJoinPool.commonPool-worker-4] INFO  ozone.HddsDatanodeClientProtocolServer (HddsDatanodeClientProtocolServer.java:stop(83)) - Stopping the RPC server for Client Protocol
2024-04-29 10:05:18,677 [ForkJoinPool.commonPool-worker-4] INFO  ipc.Server (Server.java:stop(3523)) - Stopping server on 15126
2024-04-29 10:05:18,677 [IPC Server Responder] INFO  ipc.Server (Server.java:run(1567)) - Stopping IPC Server Responder
2024-04-29 10:05:18,678 [IPC Server listener on 15126] INFO  ipc.Server (Server.java:run(1434)) - Stopping IPC Server listener on 15126
2024-04-29 10:05:18,680 [284a56ca-5c0a-4af3-8d75-aa8a7435325f-impl-thread1] INFO  segmented.SegmentedRaftLogWorker (SegmentedRaftLogWorker.java:close(245)) - 284a56ca-5c0a-4af3-8d75-aa8a7435325f@group-E31CF257AE05-SegmentedRaftLogWorker close()
2024-04-29 10:05:18,694 [284a56ca-5c0a-4af3-8d75-aa8a7435325f-impl-thread2] INFO  segmented.SegmentedRaftLogWorker (SegmentedRaftLogWorker.java:close(245)) - 284a56ca-5c0a-4af3-8d75-aa8a7435325f@group-E2D529BDD975-SegmentedRaftLogWorker close()
2024-04-29 10:05:18,695 [JvmPauseMonitor17] INFO  util.JvmPauseMonitor (JvmPauseMonitor.java:run(152)) - JvmPauseMonitor-284a56ca-5c0a-4af3-8d75-aa8a7435325f: Stopped
2024-04-29 10:05:18,838 [main] INFO  utils.DatanodeStoreCache (DatanodeStoreCache.java:shutdownCache(116)) - Skip clearing cache in mini cluster mode. Entries left: [/home/runner/work/ozone/ozone/hadoop-ozone/integration-test/target/test-dir/MiniOzoneClusterImpl-b6e902a5-721a-459f-a115-5ddcd789b87e/ozone-meta/datanode-1/data-0/hdds/b6e902a5-721a-459f-a115-5ddcd789b87e/DS-2197db3b-fe8f-4b2c-8084-aee140f2c76c/container.db, /home/runner/work/ozone/ozone/hadoop-ozone/integration-test/target/test-dir/MiniOzoneClusterImpl-b6e902a5-721a-459f-a115-5ddcd789b87e/ozone-meta/datanode-5/data-0/hdds/b6e902a5-721a-459f-a115-5ddcd789b87e/DS-31205988-f0e1-4f91-ac56-2faaaec41a13/container.db, /home/runner/work/ozone/ozone/hadoop-ozone/integration-test/target/test-dir/MiniOzoneClusterImpl-b6e902a5-721a-459f-a115-5ddcd789b87e/ozone-meta/datanode-6/data-0/hdds/b6e902a5-721a-459f-a115-5ddcd789b87e/DS-8ebf3dec-7702-4822-96f0-dd815f89cd56/container.db, /home/runner/work/ozone/ozone/hadoop-ozone/integration-test/target/test-dir/MiniOzoneClusterImpl-b6e902a5-721a-459f-a115-5ddcd789b87e/ozone-meta/datanode-7/data-0/hdds/b6e902a5-721a-459f-a115-5ddcd789b87e/DS-b579c26f-d8fa-455d-8d67-487d76dc6333/container.db]
2024-04-29 10:05:18,839 [main] INFO  utils.DatanodeStoreCache (DatanodeStoreCache.java:removeDB(110)) - Removed db /home/runner/work/ozone/ozone/hadoop-ozone/integration-test/target/test-dir/MiniOzoneClusterImpl-b6e902a5-721a-459f-a115-5ddcd789b87e/ozone-meta/datanode-6/data-0/hdds/b6e902a5-721a-459f-a115-5ddcd789b87e/DS-8ebf3dec-7702-4822-96f0-dd815f89cd56/container.db from cache
2024-04-29 10:05:18,839 [main] INFO  volume.HddsVolume (HddsVolume.java:closeDbStore(470)) - SchemaV3 db is stopped at /home/runner/work/ozone/ozone/hadoop-ozone/integration-test/target/test-dir/MiniOzoneClusterImpl-b6e902a5-721a-459f-a115-5ddcd789b87e/ozone-meta/datanode-6/data-0/hdds/b6e902a5-721a-459f-a115-5ddcd789b87e/DS-8ebf3dec-7702-4822-96f0-dd815f89cd56/container.db for volume DS-8ebf3dec-7702-4822-96f0-dd815f89cd56
2024-04-29 10:05:18,839 [main] INFO  utils.BackgroundService (BackgroundService.java:shutdown(160)) - Shutting down service BlockDeletingService
2024-04-29 10:05:18,839 [main] INFO  utils.BackgroundService (BackgroundService.java:shutdown(160)) - Shutting down service StaleRecoveringContainerScrubbingService
2024-04-29 10:05:18,841 [main] INFO  statemachine.DatanodeStateMachine (DatanodeStateMachine.java:stopDaemon(638)) - Ozone container server stopped.
2024-04-29 10:05:18,842 [main] INFO  handler.ContextHandler (ContextHandler.java:doStop(1159)) - Stopped o.e.j.w.WebAppContext@6d0d557c{hddsDatanode,/,null,STOPPED}{file:/home/runner/work/ozone/ozone/hadoop-hdds/container-service/target/classes/webapps/hddsDatanode}
2024-04-29 10:05:18,843 [main] INFO  server.AbstractConnector (AbstractConnector.java:doStop(383)) - Stopped ServerConnector@2ce01617{HTTP/1.1, (http/1.1)}{0.0.0.0:15143}
2024-04-29 10:05:18,843 [main] INFO  server.session (HouseKeeper.java:stopScavenging(149)) - node0 Stopped scavenging
2024-04-29 10:05:18,843 [main] INFO  handler.ContextHandler (ContextHandler.java:doStop(1159)) - Stopped o.e.j.s.ServletContextHandler@5db4e558{static,/static,file:///home/runner/work/ozone/ozone/hadoop-hdds/container-service/target/classes/webapps/static,STOPPED}
2024-04-29 10:05:18,843 [main] INFO  handler.ContextHandler (ContextHandler.java:doStop(1159)) - Stopped o.e.j.s.ServletContextHandler@14cb5250{logs,/logs,file:///home/runner/work/ozone/ozone/hadoop-ozone/integration-test/target/log,STOPPED}
2024-04-29 10:05:18,844 [main] INFO  ozone.HddsDatanodeClientProtocolServer (HddsDatanodeClientProtocolServer.java:stop(83)) - Stopping the RPC server for Client Protocol
2024-04-29 10:05:18,844 [main] INFO  ipc.Server (Server.java:stop(3523)) - Stopping server on 15144
2024-04-29 10:05:18,844 [IPC Server listener on 15144] INFO  ipc.Server (Server.java:run(1434)) - Stopping IPC Server listener on 15144
2024-04-29 10:05:18,844 [IPC Server Responder] INFO  ipc.Server (Server.java:run(1567)) - Stopping IPC Server Responder
2024-04-29 10:05:18,849 [ForkJoinPool.commonPool-worker-1] INFO  utils.DatanodeStoreCache (DatanodeStoreCache.java:shutdownCache(116)) - Skip clearing cache in mini cluster mode. Entries left: [/home/runner/work/ozone/ozone/hadoop-ozone/integration-test/target/test-dir/MiniOzoneClusterImpl-b6e902a5-721a-459f-a115-5ddcd789b87e/ozone-meta/datanode-1/data-0/hdds/b6e902a5-721a-459f-a115-5ddcd789b87e/DS-2197db3b-fe8f-4b2c-8084-aee140f2c76c/container.db, /home/runner/work/ozone/ozone/hadoop-ozone/integration-test/target/test-dir/MiniOzoneClusterImpl-b6e902a5-721a-459f-a115-5ddcd789b87e/ozone-meta/datanode-5/data-0/hdds/b6e902a5-721a-459f-a115-5ddcd789b87e/DS-31205988-f0e1-4f91-ac56-2faaaec41a13/container.db, /home/runner/work/ozone/ozone/hadoop-ozone/integration-test/target/test-dir/MiniOzoneClusterImpl-b6e902a5-721a-459f-a115-5ddcd789b87e/ozone-meta/datanode-7/data-0/hdds/b6e902a5-721a-459f-a115-5ddcd789b87e/DS-b579c26f-d8fa-455d-8d67-487d76dc6333/container.db]
2024-04-29 10:05:18,849 [ForkJoinPool.commonPool-worker-1] INFO  utils.DatanodeStoreCache (DatanodeStoreCache.java:removeDB(110)) - Removed db /home/runner/work/ozone/ozone/hadoop-ozone/integration-test/target/test-dir/MiniOzoneClusterImpl-b6e902a5-721a-459f-a115-5ddcd789b87e/ozone-meta/datanode-7/data-0/hdds/b6e902a5-721a-459f-a115-5ddcd789b87e/DS-b579c26f-d8fa-455d-8d67-487d76dc6333/container.db from cache
2024-04-29 10:05:18,849 [ForkJoinPool.commonPool-worker-1] INFO  volume.HddsVolume (HddsVolume.java:closeDbStore(470)) - SchemaV3 db is stopped at /home/runner/work/ozone/ozone/hadoop-ozone/integration-test/target/test-dir/MiniOzoneClusterImpl-b6e902a5-721a-459f-a115-5ddcd789b87e/ozone-meta/datanode-7/data-0/hdds/b6e902a5-721a-459f-a115-5ddcd789b87e/DS-b579c26f-d8fa-455d-8d67-487d76dc6333/container.db for volume DS-b579c26f-d8fa-455d-8d67-487d76dc6333
2024-04-29 10:05:18,849 [ForkJoinPool.commonPool-worker-1] INFO  utils.BackgroundService (BackgroundService.java:shutdown(160)) - Shutting down service BlockDeletingService
2024-04-29 10:05:18,850 [ForkJoinPool.commonPool-worker-1] INFO  utils.BackgroundService (BackgroundService.java:shutdown(160)) - Shutting down service StaleRecoveringContainerScrubbingService
2024-04-29 10:05:18,850 [ForkJoinPool.commonPool-worker-1] INFO  statemachine.DatanodeStateMachine (DatanodeStateMachine.java:stopDaemon(638)) - Ozone container server stopped.
2024-04-29 10:05:18,850 [ForkJoinPool.commonPool-worker-1] INFO  handler.ContextHandler (ContextHandler.java:doStop(1159)) - Stopped o.e.j.w.WebAppContext@42cb75c9{hddsDatanode,/,null,STOPPED}{file:/home/runner/work/ozone/ozone/hadoop-hdds/container-service/target/classes/webapps/hddsDatanode}
2024-04-29 10:05:18,850 [ForkJoinPool.commonPool-worker-1] INFO  server.AbstractConnector (AbstractConnector.java:doStop(383)) - Stopped ServerConnector@687668da{HTTP/1.1, (http/1.1)}{0.0.0.0:15152}
2024-04-29 10:05:18,851 [ForkJoinPool.commonPool-worker-1] INFO  server.session (HouseKeeper.java:stopScavenging(149)) - node0 Stopped scavenging
2024-04-29 10:05:18,851 [ForkJoinPool.commonPool-worker-1] INFO  handler.ContextHandler (ContextHandler.java:doStop(1159)) - Stopped o.e.j.s.ServletContextHandler@746fbd08{static,/static,file:///home/runner/work/ozone/ozone/hadoop-hdds/container-service/target/classes/webapps/static,STOPPED}
2024-04-29 10:05:18,851 [ForkJoinPool.commonPool-worker-1] INFO  handler.ContextHandler (ContextHandler.java:doStop(1159)) - Stopped o.e.j.s.ServletContextHandler@4d7f34dd{logs,/logs,file:///home/runner/work/ozone/ozone/hadoop-ozone/integration-test/target/log,STOPPED}
2024-04-29 10:05:18,851 [ForkJoinPool.commonPool-worker-1] INFO  ozone.HddsDatanodeClientProtocolServer (HddsDatanodeClientProtocolServer.java:stop(83)) - Stopping the RPC server for Client Protocol
2024-04-29 10:05:18,851 [ForkJoinPool.commonPool-worker-1] INFO  ipc.Server (Server.java:stop(3523)) - Stopping server on 15153
2024-04-29 10:05:18,851 [IPC Server listener on 15153] INFO  ipc.Server (Server.java:run(1434)) - Stopping IPC Server listener on 15153
2024-04-29 10:05:18,851 [IPC Server Responder] INFO  ipc.Server (Server.java:run(1567)) - Stopping IPC Server Responder
2024-04-29 10:05:19,348 [6d197fbd-467e-45ff-9898-42ed1c21d5d8-impl-thread2] INFO  segmented.SegmentedRaftLogWorker (SegmentedRaftLogWorker.java:close(245)) - 6d197fbd-467e-45ff-9898-42ed1c21d5d8@group-CAAA4FED400B-SegmentedRaftLogWorker close()
2024-04-29 10:05:19,509 [6d197fbd-467e-45ff-9898-42ed1c21d5d8-impl-thread1] INFO  segmented.SegmentedRaftLogWorker (SegmentedRaftLogWorker.java:close(245)) - 6d197fbd-467e-45ff-9898-42ed1c21d5d8@group-707C7D8C1CB0-SegmentedRaftLogWorker close()
2024-04-29 10:05:19,509 [JvmPauseMonitor13] INFO  util.JvmPauseMonitor (JvmPauseMonitor.java:run(152)) - JvmPauseMonitor-6d197fbd-467e-45ff-9898-42ed1c21d5d8: Stopped
2024-04-29 10:05:20,697 [ForkJoinPool.commonPool-worker-3] INFO  utils.DatanodeStoreCache (DatanodeStoreCache.java:shutdownCache(116)) - Skip clearing cache in mini cluster mode. Entries left: [/home/runner/work/ozone/ozone/hadoop-ozone/integration-test/target/test-dir/MiniOzoneClusterImpl-b6e902a5-721a-459f-a115-5ddcd789b87e/ozone-meta/datanode-1/data-0/hdds/b6e902a5-721a-459f-a115-5ddcd789b87e/DS-2197db3b-fe8f-4b2c-8084-aee140f2c76c/container.db, /home/runner/work/ozone/ozone/hadoop-ozone/integration-test/target/test-dir/MiniOzoneClusterImpl-b6e902a5-721a-459f-a115-5ddcd789b87e/ozone-meta/datanode-5/data-0/hdds/b6e902a5-721a-459f-a115-5ddcd789b87e/DS-31205988-f0e1-4f91-ac56-2faaaec41a13/container.db]
2024-04-29 10:05:20,698 [ForkJoinPool.commonPool-worker-3] INFO  utils.DatanodeStoreCache (DatanodeStoreCache.java:removeDB(110)) - Removed db /home/runner/work/ozone/ozone/hadoop-ozone/integration-test/target/test-dir/MiniOzoneClusterImpl-b6e902a5-721a-459f-a115-5ddcd789b87e/ozone-meta/datanode-5/data-0/hdds/b6e902a5-721a-459f-a115-5ddcd789b87e/DS-31205988-f0e1-4f91-ac56-2faaaec41a13/container.db from cache
2024-04-29 10:05:20,698 [ForkJoinPool.commonPool-worker-3] INFO  volume.HddsVolume (HddsVolume.java:closeDbStore(470)) - SchemaV3 db is stopped at /home/runner/work/ozone/ozone/hadoop-ozone/integration-test/target/test-dir/MiniOzoneClusterImpl-b6e902a5-721a-459f-a115-5ddcd789b87e/ozone-meta/datanode-5/data-0/hdds/b6e902a5-721a-459f-a115-5ddcd789b87e/DS-31205988-f0e1-4f91-ac56-2faaaec41a13/container.db for volume DS-31205988-f0e1-4f91-ac56-2faaaec41a13
2024-04-29 10:05:20,698 [ForkJoinPool.commonPool-worker-3] INFO  utils.BackgroundService (BackgroundService.java:shutdown(160)) - Shutting down service BlockDeletingService
2024-04-29 10:05:20,698 [ForkJoinPool.commonPool-worker-3] INFO  utils.BackgroundService (BackgroundService.java:shutdown(160)) - Shutting down service StaleRecoveringContainerScrubbingService
2024-04-29 10:05:20,699 [ForkJoinPool.commonPool-worker-3] INFO  statemachine.DatanodeStateMachine (DatanodeStateMachine.java:stopDaemon(638)) - Ozone container server stopped.
2024-04-29 10:05:20,700 [ForkJoinPool.commonPool-worker-3] INFO  handler.ContextHandler (ContextHandler.java:doStop(1159)) - Stopped o.e.j.w.WebAppContext@6fc9f8bc{hddsDatanode,/,null,STOPPED}{file:/home/runner/work/ozone/ozone/hadoop-hdds/container-service/target/classes/webapps/hddsDatanode}
2024-04-29 10:05:20,700 [ForkJoinPool.commonPool-worker-3] INFO  server.AbstractConnector (AbstractConnector.java:doStop(383)) - Stopped ServerConnector@1b28684{HTTP/1.1, (http/1.1)}{0.0.0.0:15134}
2024-04-29 10:05:20,700 [ForkJoinPool.commonPool-worker-3] INFO  server.session (HouseKeeper.java:stopScavenging(149)) - node0 Stopped scavenging
2024-04-29 10:05:20,700 [ForkJoinPool.commonPool-worker-3] INFO  handler.ContextHandler (ContextHandler.java:doStop(1159)) - Stopped o.e.j.s.ServletContextHandler@2517308f{static,/static,file:///home/runner/work/ozone/ozone/hadoop-hdds/container-service/target/classes/webapps/static,STOPPED}
2024-04-29 10:05:20,700 [ForkJoinPool.commonPool-worker-3] INFO  handler.ContextHandler (ContextHandler.java:doStop(1159)) - Stopped o.e.j.s.ServletContextHandler@36f3f2a8{logs,/logs,file:///home/runner/work/ozone/ozone/hadoop-ozone/integration-test/target/log,STOPPED}
2024-04-29 10:05:20,701 [ForkJoinPool.commonPool-worker-3] INFO  ozone.HddsDatanodeClientProtocolServer (HddsDatanodeClientProtocolServer.java:stop(83)) - Stopping the RPC server for Client Protocol
2024-04-29 10:05:20,701 [ForkJoinPool.commonPool-worker-3] INFO  ipc.Server (Server.java:stop(3523)) - Stopping server on 15135
2024-04-29 10:05:20,701 [IPC Server listener on 15135] INFO  ipc.Server (Server.java:run(1434)) - Stopping IPC Server listener on 15135
2024-04-29 10:05:20,701 [IPC Server Responder] INFO  ipc.Server (Server.java:run(1567)) - Stopping IPC Server Responder
2024-04-29 10:05:20,978 [timer0] WARN  server.GrpcLogAppender (GrpcLogAppender.java:lambda$resetClient$1(217)) - 5831c0ab-0161-4108-a889-4f6b2f65c3d1@group-E2D529BDD975->2fa79b0d-8934-45bf-9a4b-7d27b0482fa8-GrpcLogAppender: Follower failed (request=null, errorCount=2); keep nextIndex (1) unchanged and retry. (Repeated 2 times in the last 5.000s)
2024-04-29 10:05:20,978 [timer7] WARN  server.GrpcLogAppender (LogUtils.java:warn(121)) - 5831c0ab-0161-4108-a889-4f6b2f65c3d1@group-E2D529BDD975->2fa79b0d-8934-45bf-9a4b-7d27b0482fa8-AppendLogResponseHandler: Failed appendEntries (Repeated 2 times in the last 5.000s): org.apache.ratis.thirdparty.io.grpc.StatusRuntimeException: CANCELLED: RST_STREAM closed stream. HTTP/2 error code: CANCEL
2024-04-29 10:05:21,511 [ForkJoinPool.commonPool-worker-2] INFO  utils.DatanodeStoreCache (DatanodeStoreCache.java:shutdownCache(116)) - Skip clearing cache in mini cluster mode. Entries left: [/home/runner/work/ozone/ozone/hadoop-ozone/integration-test/target/test-dir/MiniOzoneClusterImpl-b6e902a5-721a-459f-a115-5ddcd789b87e/ozone-meta/datanode-1/data-0/hdds/b6e902a5-721a-459f-a115-5ddcd789b87e/DS-2197db3b-fe8f-4b2c-8084-aee140f2c76c/container.db]
2024-04-29 10:05:21,512 [ForkJoinPool.commonPool-worker-2] INFO  utils.DatanodeStoreCache (DatanodeStoreCache.java:removeDB(110)) - Removed db /home/runner/work/ozone/ozone/hadoop-ozone/integration-test/target/test-dir/MiniOzoneClusterImpl-b6e902a5-721a-459f-a115-5ddcd789b87e/ozone-meta/datanode-1/data-0/hdds/b6e902a5-721a-459f-a115-5ddcd789b87e/DS-2197db3b-fe8f-4b2c-8084-aee140f2c76c/container.db from cache
2024-04-29 10:05:21,512 [ForkJoinPool.commonPool-worker-2] INFO  volume.HddsVolume (HddsVolume.java:closeDbStore(470)) - SchemaV3 db is stopped at /home/runner/work/ozone/ozone/hadoop-ozone/integration-test/target/test-dir/MiniOzoneClusterImpl-b6e902a5-721a-459f-a115-5ddcd789b87e/ozone-meta/datanode-1/data-0/hdds/b6e902a5-721a-459f-a115-5ddcd789b87e/DS-2197db3b-fe8f-4b2c-8084-aee140f2c76c/container.db for volume DS-2197db3b-fe8f-4b2c-8084-aee140f2c76c
2024-04-29 10:05:21,512 [ForkJoinPool.commonPool-worker-2] INFO  utils.BackgroundService (BackgroundService.java:shutdown(160)) - Shutting down service BlockDeletingService
2024-04-29 10:05:21,512 [ForkJoinPool.commonPool-worker-2] INFO  utils.BackgroundService (BackgroundService.java:shutdown(160)) - Shutting down service StaleRecoveringContainerScrubbingService
2024-04-29 10:05:21,513 [ForkJoinPool.commonPool-worker-2] INFO  statemachine.DatanodeStateMachine (DatanodeStateMachine.java:stopDaemon(638)) - Ozone container server stopped.
2024-04-29 10:05:21,513 [ForkJoinPool.commonPool-worker-2] INFO  handler.ContextHandler (ContextHandler.java:doStop(1159)) - Stopped o.e.j.w.WebAppContext@4fa8389b{hddsDatanode,/,null,STOPPED}{file:/home/runner/work/ozone/ozone/hadoop-hdds/container-service/target/classes/webapps/hddsDatanode}
2024-04-29 10:05:21,513 [ForkJoinPool.commonPool-worker-2] INFO  server.AbstractConnector (AbstractConnector.java:doStop(383)) - Stopped ServerConnector@2d7ee91c{HTTP/1.1, (http/1.1)}{0.0.0.0:15098}
2024-04-29 10:05:21,514 [ForkJoinPool.commonPool-worker-2] INFO  server.session (HouseKeeper.java:stopScavenging(149)) - node0 Stopped scavenging
2024-04-29 10:05:21,514 [ForkJoinPool.commonPool-worker-2] INFO  handler.ContextHandler (ContextHandler.java:doStop(1159)) - Stopped o.e.j.s.ServletContextHandler@4063af6{static,/static,file:///home/runner/work/ozone/ozone/hadoop-hdds/container-service/target/classes/webapps/static,STOPPED}
2024-04-29 10:05:21,514 [ForkJoinPool.commonPool-worker-2] INFO  handler.ContextHandler (ContextHandler.java:doStop(1159)) - Stopped o.e.j.s.ServletContextHandler@20309fde{logs,/logs,file:///home/runner/work/ozone/ozone/hadoop-ozone/integration-test/target/log,STOPPED}
2024-04-29 10:05:21,514 [ForkJoinPool.commonPool-worker-2] INFO  ozone.HddsDatanodeClientProtocolServer (HddsDatanodeClientProtocolServer.java:stop(83)) - Stopping the RPC server for Client Protocol
2024-04-29 10:05:21,514 [ForkJoinPool.commonPool-worker-2] INFO  ipc.Server (Server.java:stop(3523)) - Stopping server on 15099
2024-04-29 10:05:21,515 [IPC Server listener on 15099] INFO  ipc.Server (Server.java:run(1434)) - Stopping IPC Server listener on 15099
2024-04-29 10:05:21,515 [IPC Server Responder] INFO  ipc.Server (Server.java:run(1567)) - Stopping IPC Server Responder
2024-04-29 10:05:21,515 [main] INFO  ozone.MiniOzoneClusterImpl (MiniOzoneClusterImpl.java:stopSCM(486)) - Stopping the StorageContainerManager
2024-04-29 10:05:21,515 [main] INFO  server.StorageContainerManager (StorageContainerManager.java:stop(1653)) - Container Balancer is not running.
2024-04-29 10:05:21,516 [main] INFO  server.StorageContainerManager (StorageContainerManager.java:stopReplicationManager(1786)) - Stopping Replication Manager Service.
2024-04-29 10:05:21,516 [main] INFO  replication.ReplicationManager (ReplicationManager.java:stop(329)) - Stopping Replication Monitor Thread.
2024-04-29 10:05:21,516 [main] INFO  server.StorageContainerManager (StorageContainerManager.java:stop(1662)) - Stopping the Datanode Admin Monitor.
2024-04-29 10:05:21,516 [ReplicationMonitor] INFO  replication.ReplicationManager (ReplicationManager.java:run(936)) - Replication Monitor Thread is stopped
2024-04-29 10:05:21,516 [UnderReplicatedProcessor] WARN  replication.UnhealthyReplicationProcessor (UnhealthyReplicationProcessor.java:run(180)) - UnderReplicatedProcessor interrupted. Exiting...
2024-04-29 10:05:21,516 [main] INFO  server.StorageContainerManager (StorageContainerManager.java:stop(1669)) - Stopping datanode service RPC server
2024-04-29 10:05:21,516 [main] INFO  server.SCMDatanodeProtocolServer (SCMDatanodeProtocolServer.java:stop(425)) - Stopping the RPC server for DataNodes
2024-04-29 10:05:21,516 [main] INFO  ipc.Server (Server.java:stop(3523)) - Stopping server on 15091
2024-04-29 10:05:21,517 [OverReplicatedProcessor] WARN  replication.UnhealthyReplicationProcessor (UnhealthyReplicationProcessor.java:run(180)) - OverReplicatedProcessor interrupted. Exiting...
2024-04-29 10:05:21,517 [IPC Server listener on 15091] INFO  ipc.Server (Server.java:run(1434)) - Stopping IPC Server listener on 15091
2024-04-29 10:05:21,517 [IPC Server Responder] INFO  ipc.Server (Server.java:run(1567)) - Stopping IPC Server Responder
2024-04-29 10:05:21,533 [SCMHeartbeatProcessor-0] WARN  node.NodeStateManager (NodeStateManager.java:scheduleNextHealthCheck(878)) - Current Thread is interrupted, shutting down HB processing thread for Node Manager.
2024-04-29 10:05:21,533 [main] INFO  server.StorageContainerManager (StorageContainerManager.java:stop(1677)) - Stopping block service RPC server
2024-04-29 10:05:21,533 [main] INFO  server.SCMBlockProtocolServer (SCMBlockProtocolServer.java:stop(171)) - Stopping the RPC server for Block Protocol
2024-04-29 10:05:21,533 [main] INFO  ipc.Server (Server.java:stop(3523)) - Stopping server on 15090
2024-04-29 10:05:21,534 [IPC Server listener on 15090] INFO  ipc.Server (Server.java:run(1434)) - Stopping IPC Server listener on 15090
2024-04-29 10:05:21,534 [IPC Server Responder] INFO  ipc.Server (Server.java:run(1567)) - Stopping IPC Server Responder
2024-04-29 10:05:21,535 [main] INFO  server.StorageContainerManager (StorageContainerManager.java:stop(1684)) - Stopping the StorageContainerLocationProtocol RPC server
2024-04-29 10:05:21,535 [main] INFO  server.SCMClientProtocolServer (SCMClientProtocolServer.java:stop(213)) - Stopping the RPC server for Client Protocol
2024-04-29 10:05:21,535 [main] INFO  ipc.Server (Server.java:stop(3523)) - Stopping server on 15089
2024-04-29 10:05:21,538 [IPC Server listener on 15089] INFO  ipc.Server (Server.java:run(1434)) - Stopping IPC Server listener on 15089
2024-04-29 10:05:21,538 [IPC Server Responder] INFO  ipc.Server (Server.java:run(1567)) - Stopping IPC Server Responder
2024-04-29 10:05:21,538 [main] INFO  server.StorageContainerManager (StorageContainerManager.java:stop(1691)) - Stopping Storage Container Manager HTTP server.
2024-04-29 10:05:21,539 [main] INFO  handler.ContextHandler (ContextHandler.java:doStop(1159)) - Stopped o.e.j.w.WebAppContext@36f9d1c3{scm,/,null,STOPPED}{file:/home/runner/work/ozone/ozone/hadoop-ozone/integration-test/target/test-classes/webapps/scm}
2024-04-29 10:05:21,540 [main] INFO  server.AbstractConnector (AbstractConnector.java:doStop(383)) - Stopped ServerConnector@31a89b54{HTTP/1.1, (http/1.1)}{0.0.0.0:15092}
2024-04-29 10:05:21,540 [main] INFO  server.session (HouseKeeper.java:stopScavenging(149)) - node0 Stopped scavenging
2024-04-29 10:05:21,540 [main] INFO  handler.ContextHandler (ContextHandler.java:doStop(1159)) - Stopped o.e.j.s.ServletContextHandler@4421decd{static,/static,file:///home/runner/work/ozone/ozone/hadoop-ozone/integration-test/target/test-classes/webapps/static,STOPPED}
2024-04-29 10:05:21,541 [main] INFO  handler.ContextHandler (ContextHandler.java:doStop(1159)) - Stopped o.e.j.s.ServletContextHandler@3fef9832{logs,/logs,file:///home/runner/work/ozone/ozone/hadoop-ozone/integration-test/target/log,STOPPED}
2024-04-29 10:05:21,541 [main] INFO  server.StorageContainerManager (StorageContainerManager.java:stop(1699)) - Stopping SCM LayoutVersionManager Service.
2024-04-29 10:05:21,541 [main] INFO  server.StorageContainerManager (StorageContainerManager.java:stop(1711)) - Stopping Block Manager Service.
2024-04-29 10:05:21,541 [main] INFO  utils.BackgroundService (BackgroundService.java:shutdown(160)) - Shutting down service SCMBlockDeletingService
2024-04-29 10:05:21,542 [main] INFO  utils.BackgroundService (BackgroundService.java:shutdown(160)) - Shutting down service SCMBlockDeletingService
2024-04-29 10:05:21,542 [main] INFO  server.StorageContainerManager (StorageContainerManager.java:stop(1731)) - Stopping SCM Event Queue.
2024-04-29 10:05:21,543 [JvmPauseMonitor11] INFO  util.JvmPauseMonitor (JvmPauseMonitor.java:run(152)) - JvmPauseMonitor-91e2b8bb-4b0f-404d-965f-874084d7c151: Stopped
2024-04-29 10:05:21,543 [main] INFO  server.StorageContainerManager (StorageContainerManager.java:stop(1742)) - Stopping SCM HA services.
2024-04-29 10:05:21,544 [main] INFO  pipeline.BackgroundPipelineCreator (BackgroundPipelineCreator.java:stop(152)) - Stopping RatisPipelineUtilsThread.
2024-04-29 10:05:21,544 [RatisPipelineUtilsThread-0] WARN  pipeline.BackgroundPipelineCreator (BackgroundPipelineCreator.java:run(183)) - RatisPipelineUtilsThread is interrupted.
2024-04-29 10:05:21,544 [main] INFO  BackgroundPipelineScrubber (BackgroundSCMService.java:stop(128)) - Stopping BackgroundPipelineScrubber Service.
2024-04-29 10:05:21,544 [BackgroundPipelineScrubber] WARN  BackgroundPipelineScrubber (BackgroundSCMService.java:run(112)) - BackgroundPipelineScrubber is interrupted, exit
2024-04-29 10:05:21,544 [main] INFO  impl.MetricsSystemImpl (MetricsSystemImpl.java:stop(210)) - Stopping HddsDatanode metrics system...
2024-04-29 10:05:21,546 [prometheus] INFO  impl.MetricsSinkAdapter (MetricsSinkAdapter.java:publishMetricsFromQueue(141)) - prometheus thread interrupted.
2024-04-29 10:05:21,546 [main] INFO  impl.MetricsSystemImpl (MetricsSystemImpl.java:stop(216)) - HddsDatanode metrics system stopped.
2024-04-29 10:05:21,546 [main] WARN  pipeline.BackgroundPipelineCreator (BackgroundPipelineCreator.java:stop(148)) - RatisPipelineUtilsThread is not running, just ignore.
2024-04-29 10:05:21,547 [main] INFO  BackgroundPipelineScrubber (BackgroundSCMService.java:stop(123)) - BackgroundPipelineScrubber Service is not running, skip stop.
2024-04-29 10:05:21,547 [main] INFO  ExpiredContainerReplicaOpScrubber (BackgroundSCMService.java:stop(128)) - Stopping ExpiredContainerReplicaOpScrubber Service.
2024-04-29 10:05:21,547 [main] INFO  utils.BackgroundService (BackgroundService.java:shutdown(160)) - Shutting down service SCMBlockDeletingService
2024-04-29 10:05:21,547 [ExpiredContainerReplicaOpScrubber] WARN  ExpiredContainerReplicaOpScrubber (BackgroundSCMService.java:run(112)) - ExpiredContainerReplicaOpScrubber is interrupted, exit
2024-04-29 10:05:21,547 [main] INFO  replication.ReplicationManager (ReplicationManager.java:stop(339)) - Replication Monitor Thread is not running.
2024-04-29 10:05:21,547 [main] WARN  balancer.ContainerBalancer (ContainerBalancer.java:stop(327)) - Cannot stop Container Balancer because it's not running or stopping
2024-04-29 10:05:21,547 [main] INFO  server.StorageContainerManager (StorageContainerManager.java:stop(1777)) - Stopping SCM MetadataStore.
]]></system-out>
    </flakyFailure>
    <flakyFailure type="java.lang.AssertionError">
      <stackTrace><![CDATA[java.lang.AssertionError: 

Expecting:
 <"org.apache.ratis.protocol.exceptions.RaftRetryFailureException: Failed RaftClientRequest:client-63A0B8CC5CC2->9d50a68e-635c-4808-a075-dce2406a94a2@group-60B79CED8902, cid=79, seq=null, Watch-MAJORITY_COMMITTED(62), null for 3 attempts with RequestTypeDependentRetryPolicy{WRITE->ExceptionDependentRetry(maxAttempts=2147483647; defaultPolicy=MultipleLinearRandomRetry[5x5s, 5x10s, 5x15s, 5x20s, 5x25s, 10x60s]; map={org.apache.ratis.protocol.exceptions.GroupMismatchException->NoRetry, org.apache.ratis.protocol.exceptions.NotReplicatedException->NoRetry, org.apache.ratis.protocol.exceptions.ResourceUnavailableException->org.apache.ratis.retry.ExponentialBackoffRetry@5c327add, org.apache.ratis.protocol.exceptions.StateMachineException->NoRetry, org.apache.ratis.protocol.exceptions.TimeoutIOException->org.apache.ratis.retry.ExponentialBackoffRetry@5c327add}), WATCH->ExceptionDependentRetry(maxAttempts=2147483647; defaultPolicy=MultipleLinearRandomRetry[5x5s, 5x10s, 5x15s, 5x20s, 5x25s, 10x60s]; map={org.apache.ratis.protocol.exceptions.GroupMismatchException->NoRetry, org.apache.ratis.protocol.exceptions.NotReplicatedException->NoRetry, org.apache.ratis.protocol.exceptions.ResourceUnavailableException->org.apache.ratis.retry.ExponentialBackoffRetry@5c327add, org.apache.ratis.protocol.exceptions.StateMachineException->NoRetry, org.apache.ratis.protocol.exceptions.TimeoutIOException->NoRetry})}">
not to contain:
 <"Watch-MAJORITY_COMMITTED">

	at org.apache.hadoop.ozone.client.rpc.TestWatchForCommit.testWatchForCommitForRetryfailure(TestWatchForCommit.java:295)
	at java.base/java.lang.reflect.Method.invoke(Method.java:568)
	at java.base/java.util.ArrayList.forEach(ArrayList.java:1511)
	at java.base/java.util.ArrayList.forEach(ArrayList.java:1511)
]]></stackTrace>
      <system-out><![CDATA[2024-04-29 10:06:17,793 [main] WARN  server.ServerUtils (ServerUtils.java:getScmDbDir(143)) - ozone.scm.db.dirs is not configured. We recommend adding this setting. Falling back to ozone.metadata.dirs instead.
2024-04-29 10:06:17,796 [main] WARN  server.ServerUtils (ServerUtils.java:getScmDbDir(143)) - ozone.scm.db.dirs is not configured. We recommend adding this setting. Falling back to ozone.metadata.dirs instead.
2024-04-29 10:06:17,796 [main] INFO  ha.SCMHANodeDetails (SCMHANodeDetails.java:loadSCMHAConfig(207)) - ServiceID for StorageContainerManager is null
2024-04-29 10:06:17,796 [main] INFO  ha.SCMHANodeDetails (SCMHANodeDetails.java:loadSCMHAConfig(212)) - ozone.scm.default.service.id is not defined, falling back to ozone.scm.service.ids to find serviceID for StorageContainerManager if it is HA enabled cluster
2024-04-29 10:06:17,797 [main] WARN  utils.HAUtils (HAUtils.java:getMetaDir(339)) - ozone.scm.db.dirs is not configured. We recommend adding this setting. Falling back to ozone.metadata.dirs instead.
2024-04-29 10:06:17,797 [main] WARN  db.DBStoreBuilder (DBStoreBuilder.java:applyDBDefinition(171)) - ozone.scm.db.dirs is not configured. We recommend adding this setting. Falling back to ozone.metadata.dirs instead.
2024-04-29 10:06:17,872 [main] INFO  net.NodeSchemaLoader (NodeSchemaLoader.java:loadSchemaFromFile(129)) - Loading schema from [file:/home/runner/work/ozone/ozone/hadoop-hdds/common/target/classes/network-topology-default.xml]
2024-04-29 10:06:17,873 [main] INFO  net.NodeSchemaLoader (NodeSchemaLoader.java:loadSchema(176)) - Loading network topology layer schema file
2024-04-29 10:06:17,875 [main] INFO  upgrade.AbstractLayoutVersionManager (AbstractLayoutVersionManager.java:init(83)) - Initializing Layout version manager with metadata layout = HADOOP_PRC_PORTS_IN_DATANODEDETAILS (version = 7), software layout = HADOOP_PRC_PORTS_IN_DATANODEDETAILS (version = 7)
2024-04-29 10:06:17,876 [main] INFO  ha.SequenceIdGenerator (SequenceIdGenerator.java:upgradeToSequenceId(370)) - upgrade localId to 113750153625600000
2024-04-29 10:06:17,876 [main] INFO  ha.SequenceIdGenerator (SequenceIdGenerator.java:upgradeToSequenceId(380)) - upgrade delTxnId to 0
2024-04-29 10:06:17,877 [main] INFO  ha.SequenceIdGenerator (SequenceIdGenerator.java:upgradeToSequenceId(397)) - upgrade containerId to 0
2024-04-29 10:06:17,877 [main] INFO  ha.SequenceIdGenerator (SequenceIdGenerator.java:upgradeToCertificateSequenceId(444)) - upgrade CertificateId to 2
2024-04-29 10:06:17,878 [main] INFO  ha.SequenceIdGenerator (SequenceIdGenerator.java:<init>(241)) - Init the HA SequenceIdGenerator.
2024-04-29 10:06:17,878 [main] INFO  node.SCMNodeManager (SCMNodeManager.java:<init>(177)) - Entering startup safe mode.
2024-04-29 10:06:17,878 [main] INFO  algorithms.ContainerPlacementPolicyFactory (ContainerPlacementPolicyFactory.java:getPolicyInternal(86)) - Create container placement policy of type org.apache.hadoop.hdds.scm.container.placement.algorithms.SCMContainerPlacementRackAware
2024-04-29 10:06:17,879 [main] INFO  algorithms.ContainerPlacementPolicyFactory (ContainerPlacementPolicyFactory.java:getPolicyInternal(86)) - Create container placement policy of type org.apache.hadoop.hdds.scm.container.placement.algorithms.SCMContainerPlacementRackScatter
2024-04-29 10:06:17,879 [main] INFO  pipeline.PipelineStateManagerImpl (PipelineStateManagerImpl.java:initialize(78)) - No pipeline exists in current db
2024-04-29 10:06:17,879 [main] INFO  algorithms.LeaderChoosePolicyFactory (LeaderChoosePolicyFactory.java:getPolicy(57)) - Create leader choose policy of type org.apache.hadoop.hdds.scm.pipeline.leader.choose.algorithms.MinLeaderCountChoosePolicy
2024-04-29 10:06:17,879 [main] INFO  algorithms.ContainerPlacementPolicyFactory (ContainerPlacementPolicyFactory.java:getPolicyInternal(86)) - Create container placement policy of type org.apache.hadoop.hdds.scm.container.placement.algorithms.SCMContainerPlacementRackScatter
2024-04-29 10:06:17,879 [main] INFO  ha.SCMServiceManager (SCMServiceManager.java:register(42)) - Registering service BackgroundPipelineCreator.
2024-04-29 10:06:17,879 [main] INFO  pipeline.BackgroundPipelineCreator (BackgroundPipelineCreator.java:start(127)) - Starting RatisPipelineUtilsThread.
2024-04-29 10:06:17,880 [main] INFO  BackgroundPipelineScrubber (BackgroundSCMService.java:start(65)) - Starting BackgroundPipelineScrubber Service.
2024-04-29 10:06:17,880 [main] INFO  ha.SCMServiceManager (SCMServiceManager.java:register(42)) - Registering service BackgroundPipelineScrubber.
2024-04-29 10:06:17,880 [main] INFO  ExpiredContainerReplicaOpScrubber (BackgroundSCMService.java:start(65)) - Starting ExpiredContainerReplicaOpScrubber Service.
2024-04-29 10:06:17,880 [main] INFO  ha.SCMServiceManager (SCMServiceManager.java:register(42)) - Registering service ExpiredContainerReplicaOpScrubber.
2024-04-29 10:06:17,881 [main] INFO  algorithms.PipelineChoosePolicyFactory (PipelineChoosePolicyFactory.java:createPipelineChoosePolicyFromClass(80)) - Create pipeline choose policy of type org.apache.hadoop.hdds.scm.pipeline.choose.algorithms.RandomPipelineChoosePolicy
2024-04-29 10:06:17,881 [main] INFO  algorithms.PipelineChoosePolicyFactory (PipelineChoosePolicyFactory.java:createPipelineChoosePolicyFromClass(80)) - Create pipeline choose policy of type org.apache.hadoop.hdds.scm.pipeline.choose.algorithms.RandomPipelineChoosePolicy
2024-04-29 10:06:17,881 [main] INFO  ha.SCMServiceManager (SCMServiceManager.java:register(42)) - Registering service SCMBlockDeletingService.
2024-04-29 10:06:17,882 [main] INFO  replication.ReplicationManager (ReplicationManager.java:start(296)) - Starting Replication Monitor Thread.
2024-04-29 10:06:17,882 [main] INFO  ha.SCMServiceManager (SCMServiceManager.java:register(42)) - Registering service ReplicationManager.
2024-04-29 10:06:17,882 [ReplicationMonitor] INFO  replication.ReplicationManager (ReplicationManager.java:processAll(372)) - Replication Manager is not ready to run until 3000ms after safemode exit
2024-04-29 10:06:17,882 [main] INFO  safemode.ContainerSafeModeRule (ContainerSafeModeRule.java:<init>(91)) - containers with one replica threshold count 0
2024-04-29 10:06:17,883 [main] INFO  safemode.HealthyPipelineSafeModeRule (HealthyPipelineSafeModeRule.java:initializeRule(176)) - Total pipeline count is 0, healthy pipeline threshold count is 1
2024-04-29 10:06:17,883 [main] INFO  safemode.OneReplicaPipelineSafeModeRule (OneReplicaPipelineSafeModeRule.java:initializeRule(193)) - Total pipeline count is 0, pipeline's with at least one datanode reported threshold count is 0
2024-04-29 10:06:17,883 [main] INFO  server.StorageContainerManager (StorageContainerManager.java:<init>(440)) - SCM start with adminUsers: [runner]
2024-04-29 10:06:17,883 [main] INFO  ipc.CallQueueManager (CallQueueManager.java:<init>(90)) - Using callQueue: class java.util.concurrent.LinkedBlockingQueue, queueCapacity: 10000, scheduler: class org.apache.hadoop.ipc.DefaultRpcScheduler, ipcBackoff: false.
2024-04-29 10:06:17,884 [main] INFO  ipc.Server (Server.java:<init>(1287)) - Listener at 0.0.0.0:15358
2024-04-29 10:06:17,884 [Socket Reader #1 for port 15358] INFO  ipc.Server (Server.java:run(1323)) - Starting Socket Reader #1 for port 15358
2024-04-29 10:06:17,886 [main] INFO  ipc.CallQueueManager (CallQueueManager.java:<init>(90)) - Using callQueue: class java.util.concurrent.LinkedBlockingQueue, queueCapacity: 10000, scheduler: class org.apache.hadoop.ipc.DefaultRpcScheduler, ipcBackoff: false.
2024-04-29 10:06:17,886 [main] INFO  ipc.Server (Server.java:<init>(1287)) - Listener at 0.0.0.0:15357
2024-04-29 10:06:17,886 [Socket Reader #1 for port 15357] INFO  ipc.Server (Server.java:run(1323)) - Starting Socket Reader #1 for port 15357
2024-04-29 10:06:17,887 [main] INFO  ipc.CallQueueManager (CallQueueManager.java:<init>(90)) - Using callQueue: class java.util.concurrent.LinkedBlockingQueue, queueCapacity: 10000, scheduler: class org.apache.hadoop.ipc.DefaultRpcScheduler, ipcBackoff: false.
2024-04-29 10:06:17,887 [main] INFO  ipc.Server (Server.java:<init>(1287)) - Listener at 0.0.0.0:15356
2024-04-29 10:06:17,887 [Socket Reader #1 for port 15356] INFO  ipc.Server (Server.java:run(1323)) - Starting Socket Reader #1 for port 15356
2024-04-29 10:06:17,894 [main] INFO  ha.SCMServiceManager (SCMServiceManager.java:register(42)) - Registering service ContainerBalancer.
2024-04-29 10:06:17,894 [main] INFO  ha.SCMContext (SCMContext.java:updateSafeModeStatus(225)) - Update SafeModeStatus from SafeModeStatus{safeModeStatus=true, preCheckPassed=false} to SafeModeStatus{safeModeStatus=true, preCheckPassed=false}.
2024-04-29 10:06:17,895 [main] INFO  server.StorageContainerManager (StorageContainerManager.java:start(1545)) - StorageContainerLocationProtocol RPC server is listening at /0.0.0.0:15356
2024-04-29 10:06:17,896 [main] WARN  impl.MetricsConfig (MetricsConfig.java:loadFirst(136)) - Cannot locate configuration: tried hadoop-metrics2-storagecontainermanager.properties,hadoop-metrics2.properties
2024-04-29 10:06:17,897 [main] INFO  impl.MetricsSystemImpl (MetricsSystemImpl.java:startTimer(378)) - Scheduled Metric snapshot period at 10 second(s).
2024-04-29 10:06:17,897 [main] INFO  impl.MetricsSystemImpl (MetricsSystemImpl.java:start(191)) - StorageContainerManager metrics system started
2024-04-29 10:06:17,914 [main] INFO  impl.MetricsSinkAdapter (MetricsSinkAdapter.java:start(204)) - Sink prometheus started
2024-04-29 10:06:17,914 [main] INFO  impl.MetricsSystemImpl (MetricsSystemImpl.java:registerSink(305)) - Registered sink prometheus
2024-04-29 10:06:17,929 [main] INFO  server.SCMClientProtocolServer (SCMClientProtocolServer.java:start(204)) - RPC server for Client  is listening at /0.0.0.0:15356
2024-04-29 10:06:17,929 [IPC Server Responder] INFO  ipc.Server (Server.java:run(1562)) - IPC Server Responder: starting
2024-04-29 10:06:17,929 [IPC Server listener on 15356] INFO  ipc.Server (Server.java:run(1402)) - IPC Server listener on 15356: starting
2024-04-29 10:06:17,943 [main] INFO  server.StorageContainerManager (StorageContainerManager.java:start(1558)) - ScmBlockLocationProtocol RPC server is listening at /0.0.0.0:15357
2024-04-29 10:06:17,943 [main] INFO  server.SCMBlockProtocolServer (SCMBlockProtocolServer.java:start(162)) - RPC server for Block Protocol is listening at /0.0.0.0:15357
2024-04-29 10:06:17,943 [IPC Server listener on 15357] INFO  ipc.Server (Server.java:run(1402)) - IPC Server listener on 15357: starting
2024-04-29 10:06:17,943 [IPC Server Responder] INFO  ipc.Server (Server.java:run(1562)) - IPC Server Responder: starting
2024-04-29 10:06:17,951 [main] INFO  server.SCMDatanodeProtocolServer (SCMDatanodeProtocolServer.java:start(194)) - ScmDatanodeProtocol RPC server for DataNodes is listening at /0.0.0.0:15358
2024-04-29 10:06:17,952 [IPC Server Responder] INFO  ipc.Server (Server.java:run(1562)) - IPC Server Responder: starting
2024-04-29 10:06:17,953 [IPC Server listener on 15358] INFO  ipc.Server (Server.java:run(1402)) - IPC Server listener on 15358: starting
2024-04-29 10:06:17,962 [JvmPauseMonitor44] INFO  util.JvmPauseMonitor (JvmPauseMonitor.java:run(146)) - JvmPauseMonitor-29a8fcf5-ee7f-4518-bfb7-9a8bb6dba7e9: Started
2024-04-29 10:06:17,963 [main] INFO  http.BaseHttpServer (BaseHttpServer.java:newHttpServer2BuilderForOzone(223)) - Starting Web-server for scm at: http://0.0.0.0:15359
2024-04-29 10:06:17,963 [main] INFO  http.BaseHttpServer (BaseHttpServer.java:<init>(110)) - Hadoop Security Enabled: false Ozone Security Enabled: false Ozone HTTP Security Enabled: false 
2024-04-29 10:06:17,964 [main] WARN  server.AuthenticationFilter (AuthenticationFilter.java:constructSecretProvider(240)) - Unable to initialize FileSignerSecretProvider, falling back to use random secrets. Reason: Could not read signature secret file: /home/runner/hadoop-http-auth-signature-secret
2024-04-29 10:06:17,964 [main] INFO  http.HttpRequestLog (HttpRequestLog.java:getRequestLog(86)) - Http request log for http.requests.scm is not defined
2024-04-29 10:06:17,965 [main] INFO  http.HttpServer2 (HttpServer2.java:addGlobalFilter(1036)) - Added global filter 'safety' (class=org.apache.hadoop.hdds.server.http.HttpServer2$QuotingInputFilter)
2024-04-29 10:06:17,965 [main] INFO  http.HttpServer2 (HttpServer2.java:addFilter(1012)) - Added filter static_user_filter (class=org.apache.hadoop.http.lib.StaticUserWebFilter$StaticUserFilter) to context scm
2024-04-29 10:06:17,965 [main] INFO  http.HttpServer2 (HttpServer2.java:addFilter(1020)) - Added filter static_user_filter (class=org.apache.hadoop.http.lib.StaticUserWebFilter$StaticUserFilter) to context logs
2024-04-29 10:06:17,965 [main] INFO  http.HttpServer2 (HttpServer2.java:addFilter(1020)) - Added filter static_user_filter (class=org.apache.hadoop.http.lib.StaticUserWebFilter$StaticUserFilter) to context static
2024-04-29 10:06:17,965 [main] INFO  http.BaseHttpServer (BaseHttpServer.java:<init>(189)) - HTTP server of scm uses base directory /home/runner/work/ozone/ozone/hadoop-ozone/integration-test/target/test-dir/MiniOzoneClusterImpl-2cdd5cd5-9c4c-463f-a193-9ffbc37dc237/ozone-meta/webserver
2024-04-29 10:06:17,966 [main] INFO  http.HttpServer2 (HttpServer2.java:bindListener(1236)) - Jetty bound to port 15359
2024-04-29 10:06:17,966 [main] INFO  server.Server (Server.java:doStart(375)) - jetty-9.4.54.v20240208; built: 2024-02-08T19:42:39.027Z; git: cef3fbd6d736a21e7d541a5db490381d95a2047d; jvm 17.0.10+7
2024-04-29 10:06:17,967 [main] INFO  server.session (DefaultSessionIdManager.java:doStart(334)) - DefaultSessionIdManager workerName=node0
2024-04-29 10:06:17,967 [main] INFO  server.session (DefaultSessionIdManager.java:doStart(339)) - No SessionScavenger set, using defaults
2024-04-29 10:06:17,967 [main] INFO  server.session (HouseKeeper.java:startScavenging(132)) - node0 Scavenging every 600000ms
2024-04-29 10:06:17,967 [main] INFO  handler.ContextHandler (ContextHandler.java:doStart(921)) - Started o.e.j.s.ServletContextHandler@6d8e8a06{logs,/logs,file:///home/runner/work/ozone/ozone/hadoop-ozone/integration-test/target/log,AVAILABLE}
2024-04-29 10:06:17,967 [main] INFO  handler.ContextHandler (ContextHandler.java:doStart(921)) - Started o.e.j.s.ServletContextHandler@3b0d4f43{static,/static,file:///home/runner/work/ozone/ozone/hadoop-ozone/integration-test/target/test-classes/webapps/static,AVAILABLE}
2024-04-29 10:06:17,970 [main] INFO  handler.ContextHandler (ContextHandler.java:doStart(921)) - Started o.e.j.w.WebAppContext@32f17e62{scm,/,file:///home/runner/work/ozone/ozone/hadoop-ozone/integration-test/target/test-classes/webapps/scm/,AVAILABLE}{file:/home/runner/work/ozone/ozone/hadoop-ozone/integration-test/target/test-classes/webapps/scm}
2024-04-29 10:06:17,970 [main] INFO  server.AbstractConnector (AbstractConnector.java:doStart(333)) - Started ServerConnector@72154fa4{HTTP/1.1, (http/1.1)}{0.0.0.0:15359}
2024-04-29 10:06:17,971 [main] INFO  server.Server (Server.java:doStart(415)) - Started @145343ms
2024-04-29 10:06:17,971 [main] WARN  impl.MetricsSystemImpl (MetricsSystemImpl.java:register(279)) - Sink prometheus already exists!
2024-04-29 10:06:17,971 [main] INFO  http.BaseHttpServer (BaseHttpServer.java:updateConnectorAddress(354)) - HTTP server of scm listening at http://0.0.0.0:15359
2024-04-29 10:06:17,971 [main] WARN  server.ServerUtils (ServerUtils.java:getDBPath(299)) - ozone.om.db.dirs is not configured. We recommend adding this setting. Falling back to ozone.metadata.dirs instead.
2024-04-29 10:06:17,972 [main] INFO  ha.OMHANodeDetails (OMHANodeDetails.java:loadOMHAConfig(115)) - ozone.om.internal.service.id is not defined, falling back to ozone.om.service.ids to find serviceID for OzoneManager if it is HA enabled cluster
2024-04-29 10:06:17,972 [main] INFO  ha.OMHANodeDetails (OMHANodeDetails.java:loadOMHAConfig(226)) - Configuration does not have ozone.om.address set. Falling back to the default OM address /127.0.0.1:15360
2024-04-29 10:06:17,972 [main] INFO  ha.OMHANodeDetails (OMHANodeDetails.java:getOMNodeDetailsForNonHA(254)) - OM Service ID is not set. Setting it to the default ID: omServiceIdDefault
2024-04-29 10:06:17,972 [main] INFO  ha.OMHANodeDetails (OMHANodeDetails.java:getOMNodeDetailsForNonHA(261)) - OM Node ID is not set. Setting it to the default ID: om1
2024-04-29 10:06:17,973 [main] WARN  server.ServerUtils (ServerUtils.java:getDBPath(299)) - ozone.om.db.dirs is not configured. We recommend adding this setting. Falling back to ozone.metadata.dirs instead.
2024-04-29 10:06:17,974 [main] INFO  upgrade.AbstractLayoutVersionManager (AbstractLayoutVersionManager.java:init(83)) - Initializing Layout version manager with metadata layout = QUOTA (version = 6), software layout = QUOTA (version = 6)
2024-04-29 10:06:17,994 [main] INFO  reflections.Reflections (Reflections.java:scan(219)) - Reflections took 20 ms to scan 2 urls, producing 188 keys and 545 values
2024-04-29 10:06:17,994 [main] INFO  upgrade.OMLayoutVersionManager (OMLayoutVersionManager.java:lambda$0(113)) - Skipping Upgrade Action QuotaRepairUpgradeAction since it has been finalized.
2024-04-29 10:06:17,994 [main] INFO  upgrade.OMLayoutVersionManager (OMLayoutVersionManager.java:lambda$0(113)) - Skipping Upgrade Action MockOmUpgradeAction since it has been finalized.
2024-04-29 10:06:17,994 [main] WARN  server.ServerUtils (ServerUtils.java:getDBPath(299)) - ozone.om.db.dirs is not configured. We recommend adding this setting. Falling back to ozone.metadata.dirs instead.
2024-04-29 10:06:17,995 [main] INFO  proxy.SCMBlockLocationFailoverProxyProvider (SCMBlockLocationFailoverProxyProvider.java:<init>(115)) - Created block location fail-over proxy with 1 nodes: [nodeId=scmNodeId,nodeAddress=/0.0.0.0:15357]
2024-04-29 10:06:17,996 [main] INFO  proxy.SCMBlockLocationFailoverProxyProvider (SCMBlockLocationFailoverProxyProvider.java:<init>(115)) - Created block location fail-over proxy with 1 nodes: [nodeId=scmNodeId,nodeAddress=/0.0.0.0:15357]
2024-04-29 10:06:17,999 [main] INFO  om.OzoneManager (OzoneManager.java:<init>(677)) - OM start with adminUsers: [runner]
2024-04-29 10:06:18,000 [main] WARN  server.ServerUtils (ServerUtils.java:getDBPath(299)) - ozone.om.db.dirs is not configured. We recommend adding this setting. Falling back to ozone.metadata.dirs instead.
2024-04-29 10:06:18,000 [main] INFO  helpers.OmKeyInfo (OmKeyInfo.java:getCodec(72)) - OmKeyInfo.getCodec ignorePipeline = true
2024-04-29 10:06:18,147 [main] INFO  om.OzoneManager (OzoneManager.java:instantiateServices(811)) - S3 Multi-Tenancy is disabled
2024-04-29 10:06:18,147 [main] INFO  om.OmSnapshotManager (OmSnapshotManager.java:<init>(179)) - Ozone filesystem snapshot feature is enabled.
2024-04-29 10:06:18,147 [main] WARN  server.ServerUtils (ServerUtils.java:getDBPath(299)) - ozone.om.snapshot.diff.db.dir is not configured. We recommend adding this setting. Falling back to ozone.metadata.dirs instead.
2024-04-29 10:06:18,166 [main] INFO  utils.NativeLibraryLoader (NativeLibraryLoader.java:loadLibrary(111)) - Loading Library: ozone_rocksdb_tools
2024-04-29 10:06:18,166 [main] ERROR snapshot.SnapshotDiffManager (SnapshotDiffManager.java:initNativeLibraryForEfficientDiff(287)) - Native Library for raw sst file reading loading failed.
org.apache.hadoop.hdds.utils.NativeLibraryNotLoadedException: Unable to load library ozone_rocksdb_tools from both java.library.path & resource file libozone_rocksdb_tools.so from jar.
	at org.apache.hadoop.hdds.utils.db.managed.ManagedRawSSTFileReader.loadLibrary(ManagedRawSSTFileReader.java:40)
	at org.apache.hadoop.ozone.om.snapshot.SnapshotDiffManager.initNativeLibraryForEfficientDiff(SnapshotDiffManager.java:285)
	at org.apache.hadoop.ozone.om.snapshot.SnapshotDiffManager.<init>(SnapshotDiffManager.java:259)
	at org.apache.hadoop.ozone.om.OmSnapshotManager.<init>(OmSnapshotManager.java:286)
	at org.apache.hadoop.ozone.om.OzoneManager.instantiateServices(OzoneManager.java:863)
	at org.apache.hadoop.ozone.om.OzoneManager.<init>(OzoneManager.java:687)
	at org.apache.hadoop.ozone.om.OzoneManager.createOm(OzoneManager.java:774)
	at org.apache.hadoop.ozone.MiniOzoneClusterImpl$Builder.createOM(MiniOzoneClusterImpl.java:689)
	at org.apache.hadoop.ozone.MiniOzoneClusterImpl$Builder.createAndStartSingleOM(MiniOzoneClusterImpl.java:673)
	at org.apache.hadoop.ozone.MiniOzoneClusterImpl$Builder.build(MiniOzoneClusterImpl.java:535)
	at org.apache.hadoop.ozone.client.rpc.TestWatchForCommit.init(TestWatchForCommit.java:154)
	at java.base/jdk.internal.reflect.NativeMethodAccessorImpl.invoke0(Native Method)
	at java.base/jdk.internal.reflect.NativeMethodAccessorImpl.invoke(NativeMethodAccessorImpl.java:77)
	at java.base/jdk.internal.reflect.DelegatingMethodAccessorImpl.invoke(DelegatingMethodAccessorImpl.java:43)
	at java.base/java.lang.reflect.Method.invoke(Method.java:568)
	at org.junit.platform.commons.util.ReflectionUtils.invokeMethod(ReflectionUtils.java:728)
	at org.junit.jupiter.engine.execution.MethodInvocation.proceed(MethodInvocation.java:60)
	at org.junit.jupiter.engine.execution.InvocationInterceptorChain$ValidatingInvocation.proceed(InvocationInterceptorChain.java:131)
	at org.junit.jupiter.engine.extension.TimeoutExtension.intercept(TimeoutExtension.java:156)
	at org.junit.jupiter.engine.extension.TimeoutExtension.interceptLifecycleMethod(TimeoutExtension.java:128)
	at org.junit.jupiter.engine.extension.TimeoutExtension.interceptBeforeEachMethod(TimeoutExtension.java:78)
	at org.junit.jupiter.engine.execution.InterceptingExecutableInvoker$ReflectiveInterceptorCall.lambda$ofVoidMethod$0(InterceptingExecutableInvoker.java:103)
	at org.junit.jupiter.engine.execution.InterceptingExecutableInvoker.lambda$invoke$0(InterceptingExecutableInvoker.java:93)
	at org.junit.jupiter.engine.execution.InvocationInterceptorChain$InterceptedInvocation.proceed(InvocationInterceptorChain.java:106)
	at org.junit.jupiter.engine.execution.InvocationInterceptorChain.proceed(InvocationInterceptorChain.java:64)
	at org.junit.jupiter.engine.execution.InvocationInterceptorChain.chainAndInvoke(InvocationInterceptorChain.java:45)
	at org.junit.jupiter.engine.execution.InvocationInterceptorChain.invoke(InvocationInterceptorChain.java:37)
	at org.junit.jupiter.engine.execution.InterceptingExecutableInvoker.invoke(InterceptingExecutableInvoker.java:92)
	at org.junit.jupiter.engine.execution.InterceptingExecutableInvoker.invoke(InterceptingExecutableInvoker.java:86)
	at org.junit.jupiter.engine.descriptor.ClassBasedTestDescriptor.invokeMethodInExtensionContext(ClassBasedTestDescriptor.java:521)
	at org.junit.jupiter.engine.descriptor.ClassBasedTestDescriptor.lambda$synthesizeBeforeEachMethodAdapter$23(ClassBasedTestDescriptor.java:506)
	at org.junit.jupiter.engine.descriptor.TestMethodTestDescriptor.lambda$invokeBeforeEachMethods$3(TestMethodTestDescriptor.java:175)
	at org.junit.jupiter.engine.descriptor.TestMethodTestDescriptor.lambda$invokeBeforeMethodsOrCallbacksUntilExceptionOccurs$6(TestMethodTestDescriptor.java:203)
	at org.junit.platform.engine.support.hierarchical.ThrowableCollector.execute(ThrowableCollector.java:73)
	at org.junit.jupiter.engine.descriptor.TestMethodTestDescriptor.invokeBeforeMethodsOrCallbacksUntilExceptionOccurs(TestMethodTestDescriptor.java:203)
	at org.junit.jupiter.engine.descriptor.TestMethodTestDescriptor.invokeBeforeEachMethods(TestMethodTestDescriptor.java:172)
	at org.junit.jupiter.engine.descriptor.TestMethodTestDescriptor.execute(TestMethodTestDescriptor.java:135)
	at org.junit.jupiter.engine.descriptor.TestMethodTestDescriptor.execute(TestMethodTestDescriptor.java:69)
	at org.junit.platform.engine.support.hierarchical.NodeTestTask.lambda$executeRecursively$6(NodeTestTask.java:151)
	at org.junit.platform.engine.support.hierarchical.ThrowableCollector.execute(ThrowableCollector.java:73)
	at org.junit.platform.engine.support.hierarchical.NodeTestTask.lambda$executeRecursively$8(NodeTestTask.java:141)
	at org.junit.platform.engine.support.hierarchical.Node.around(Node.java:137)
	at org.junit.platform.engine.support.hierarchical.NodeTestTask.lambda$executeRecursively$9(NodeTestTask.java:139)
	at org.junit.platform.engine.support.hierarchical.ThrowableCollector.execute(ThrowableCollector.java:73)
	at org.junit.platform.engine.support.hierarchical.NodeTestTask.executeRecursively(NodeTestTask.java:138)
	at org.junit.platform.engine.support.hierarchical.NodeTestTask.execute(NodeTestTask.java:95)
	at java.base/java.util.ArrayList.forEach(ArrayList.java:1511)
	at org.junit.platform.engine.support.hierarchical.SameThreadHierarchicalTestExecutorService.invokeAll(SameThreadHierarchicalTestExecutorService.java:41)
	at org.junit.platform.engine.support.hierarchical.NodeTestTask.lambda$executeRecursively$6(NodeTestTask.java:155)
	at org.junit.platform.engine.support.hierarchical.ThrowableCollector.execute(ThrowableCollector.java:73)
	at org.junit.platform.engine.support.hierarchical.NodeTestTask.lambda$executeRecursively$8(NodeTestTask.java:141)
	at org.junit.platform.engine.support.hierarchical.Node.around(Node.java:137)
	at org.junit.platform.engine.support.hierarchical.NodeTestTask.lambda$executeRecursively$9(NodeTestTask.java:139)
	at org.junit.platform.engine.support.hierarchical.ThrowableCollector.execute(ThrowableCollector.java:73)
	at org.junit.platform.engine.support.hierarchical.NodeTestTask.executeRecursively(NodeTestTask.java:138)
	at org.junit.platform.engine.support.hierarchical.NodeTestTask.execute(NodeTestTask.java:95)
	at java.base/java.util.ArrayList.forEach(ArrayList.java:1511)
	at org.junit.platform.engine.support.hierarchical.SameThreadHierarchicalTestExecutorService.invokeAll(SameThreadHierarchicalTestExecutorService.java:41)
	at org.junit.platform.engine.support.hierarchical.NodeTestTask.lambda$executeRecursively$6(NodeTestTask.java:155)
	at org.junit.platform.engine.support.hierarchical.ThrowableCollector.execute(ThrowableCollector.java:73)
	at org.junit.platform.engine.support.hierarchical.NodeTestTask.lambda$executeRecursively$8(NodeTestTask.java:141)
	at org.junit.platform.engine.support.hierarchical.Node.around(Node.java:137)
	at org.junit.platform.engine.support.hierarchical.NodeTestTask.lambda$executeRecursively$9(NodeTestTask.java:139)
	at org.junit.platform.engine.support.hierarchical.ThrowableCollector.execute(ThrowableCollector.java:73)
	at org.junit.platform.engine.support.hierarchical.NodeTestTask.executeRecursively(NodeTestTask.java:138)
	at org.junit.platform.engine.support.hierarchical.NodeTestTask.execute(NodeTestTask.java:95)
	at org.junit.platform.engine.support.hierarchical.SameThreadHierarchicalTestExecutorService.submit(SameThreadHierarchicalTestExecutorService.java:35)
	at org.junit.platform.engine.support.hierarchical.HierarchicalTestExecutor.execute(HierarchicalTestExecutor.java:57)
	at org.junit.platform.engine.support.hierarchical.HierarchicalTestEngine.execute(HierarchicalTestEngine.java:54)
	at org.junit.platform.launcher.core.EngineExecutionOrchestrator.execute(EngineExecutionOrchestrator.java:198)
	at org.junit.platform.launcher.core.EngineExecutionOrchestrator.execute(EngineExecutionOrchestrator.java:169)
	at org.junit.platform.launcher.core.EngineExecutionOrchestrator.execute(EngineExecutionOrchestrator.java:93)
	at org.junit.platform.launcher.core.EngineExecutionOrchestrator.lambda$execute$0(EngineExecutionOrchestrator.java:58)
	at org.junit.platform.launcher.core.EngineExecutionOrchestrator.withInterceptedStreams(EngineExecutionOrchestrator.java:141)
	at org.junit.platform.launcher.core.EngineExecutionOrchestrator.execute(EngineExecutionOrchestrator.java:57)
	at org.junit.platform.launcher.core.DefaultLauncher.execute(DefaultLauncher.java:103)
	at org.junit.platform.launcher.core.DefaultLauncher.execute(DefaultLauncher.java:85)
	at org.junit.platform.launcher.core.DelegatingLauncher.execute(DelegatingLauncher.java:47)
	at org.junit.platform.launcher.core.SessionPerRequestLauncher.execute(SessionPerRequestLauncher.java:63)
	at org.apache.maven.surefire.junitplatform.JUnitPlatformProvider.invokeAllTests(JUnitPlatformProvider.java:165)
	at org.apache.maven.surefire.junitplatform.JUnitPlatformProvider.invoke(JUnitPlatformProvider.java:123)
	at org.apache.maven.surefire.booter.ForkedBooter.runSuitesInProcess(ForkedBooter.java:377)
	at org.apache.maven.surefire.booter.ForkedBooter.execute(ForkedBooter.java:138)
	at org.apache.maven.surefire.booter.ForkedBooter.run(ForkedBooter.java:465)
	at org.apache.maven.surefire.booter.ForkedBooter.main(ForkedBooter.java:451)
2024-04-29 10:06:18,169 [main] INFO  om.OzoneManager (OzoneManager.java:addS3GVolumeToDB(4463)) - Created Volume s3v With Owner runner required for S3Gateway operations.
2024-04-29 10:06:18,169 [main] WARN  server.ServerUtils (ServerUtils.java:getDefaultRatisDirectory(311)) - Storage directory for Ratis is not configured. It is a good idea to map this to an SSD disk. Falling back to ozone.metadata.dirs
2024-04-29 10:06:18,169 [main] WARN  utils.OzoneManagerRatisUtils (OzoneManagerRatisUtils.java:getOMRatisSnapshotDirectory(476)) - ozone.om.ratis.snapshot.dir is not configured. Falling back to ozone.metadata.dirs config
2024-04-29 10:06:18,169 [main] WARN  server.ServerUtils (ServerUtils.java:getDefaultRatisDirectory(311)) - Storage directory for Ratis is not configured. It is a good idea to map this to an SSD disk. Falling back to ozone.metadata.dirs
2024-04-29 10:06:18,170 [main] INFO  ratis.OzoneManagerRatisServer (OzoneManagerRatisServer.java:<init>(167)) - Instantiating OM Ratis server with groupID: omServiceIdDefault and peers: localhost:15363
2024-04-29 10:06:18,170 [main] INFO  ratis.OzoneManagerStateMachine (OzoneManagerStateMachine.java:loadSnapshotInfoFromDB(589)) - TransactionInfo not found in OM DB.
2024-04-29 10:06:18,171 [main] INFO  server.RaftServer (ConfUtils.java:logGet(46)) - raft.rpc.type = GRPC (default)
2024-04-29 10:06:18,171 [main] INFO  grpc.GrpcConfigKeys (ConfUtils.java:logFallback(53)) - raft.grpc.admin.host = null (fallback to raft.grpc.server.host)
2024-04-29 10:06:18,171 [main] INFO  grpc.GrpcConfigKeys (ConfUtils.java:logFallback(53)) - raft.grpc.admin.port = 15363 (fallback to raft.grpc.server.port)
2024-04-29 10:06:18,171 [main] INFO  grpc.GrpcConfigKeys (ConfUtils.java:logFallback(53)) - raft.grpc.client.host = null (fallback to raft.grpc.server.host)
2024-04-29 10:06:18,171 [main] INFO  grpc.GrpcConfigKeys (ConfUtils.java:logFallback(53)) - raft.grpc.client.port = 15363 (fallback to raft.grpc.server.port)
2024-04-29 10:06:18,171 [main] INFO  grpc.GrpcConfigKeys (ConfUtils.java:logGet(46)) - raft.grpc.server.host = null (default)
2024-04-29 10:06:18,171 [main] INFO  grpc.GrpcConfigKeys (ConfUtils.java:logGet(46)) - raft.grpc.server.port = 15363 (custom)
2024-04-29 10:06:18,172 [main] INFO  server.GrpcService (ConfUtils.java:logGet(46)) - raft.grpc.message.size.max = 4194304 (custom)
2024-04-29 10:06:18,172 [main] INFO  server.RaftServerConfigKeys (ConfUtils.java:logGet(46)) - raft.server.log.appender.buffer.byte-limit = 4194304 (custom)
2024-04-29 10:06:18,172 [main] INFO  server.GrpcService (ConfUtils.java:logGet(46)) - raft.grpc.flow.control.window = 1MB (=1048576) (default)
2024-04-29 10:06:18,172 [main] INFO  server.RaftServerConfigKeys (ConfUtils.java:logGet(46)) - raft.server.rpc.request.timeout = 3000ms (default)
2024-04-29 10:06:18,172 [main] INFO  grpc.GrpcConfigKeys (ConfUtils.java:logGet(46)) - raft.grpc.server.heartbeat.channel = true (default)
2024-04-29 10:06:18,172 [main] INFO  grpc.GrpcConfigKeys (ConfUtils.java:logGet(46)) - raft.grpc.server.async.request.thread.pool.cached = true (default)
2024-04-29 10:06:18,172 [main] INFO  grpc.GrpcConfigKeys (ConfUtils.java:logGet(46)) - raft.grpc.server.async.request.thread.pool.size = 32 (default)
2024-04-29 10:06:18,173 [main] INFO  impl.DataStreamServerImpl (ConfUtils.java:logGet(46)) - raft.datastream.type = DISABLED (default)
2024-04-29 10:06:18,173 [main] INFO  server.RaftServerConfigKeys (ConfUtils.java:logGet(46)) - raft.server.sleep.deviation.threshold = 300ms (default)
2024-04-29 10:06:18,173 [main] INFO  server.RaftServerConfigKeys (ConfUtils.java:logGet(46)) - raft.server.close.threshold = 60s (default)
2024-04-29 10:06:18,173 [main] INFO  server.RaftServerConfigKeys (ConfUtils.java:logGet(46)) - raft.server.leaderelection.leader.step-down.wait-time = 10s (default)
2024-04-29 10:06:18,174 [main] INFO  server.RaftServerConfigKeys (ConfUtils.java:logGet(46)) - raft.server.storage.dir = [/home/runner/work/ozone/ozone/hadoop-ozone/integration-test/target/test-dir/MiniOzoneClusterImpl-2cdd5cd5-9c4c-463f-a193-9ffbc37dc237/ozone-meta/ratis] (custom)
2024-04-29 10:06:18,174 [main] INFO  server.RaftServerConfigKeys (ConfUtils.java:logGet(46)) - raft.server.threadpool.proxy.cached = true (default)
2024-04-29 10:06:18,174 [main] INFO  server.RaftServerConfigKeys (ConfUtils.java:logGet(46)) - raft.server.threadpool.proxy.size = 0 (default)
2024-04-29 10:06:18,174 [main] INFO  server.RaftServer (RaftServerProxy.java:addNew(100)) - om1: addNew group-C5BA1605619E:[om1|localhost:15363] returns group-C5BA1605619E:java.util.concurrent.CompletableFuture@37735657[Not completed]
2024-04-29 10:06:18,174 [main] INFO  om.OzoneManager (OzoneManager.java:initializeRatisServer(2168)) - OzoneManager Ratis server initialized at port 15363
2024-04-29 10:06:18,174 [main] INFO  om.OzoneManager (OzoneManager.java:getRpcServer(1227)) - Creating RPC Server
2024-04-29 10:06:18,174 [om1-groupManagement] INFO  server.RaftServer$Division (RaftServerImpl.java:<init>(256)) - om1: new RaftServerImpl for group-C5BA1605619E:[om1|localhost:15363] with OzoneManagerStateMachine:uninitialized
2024-04-29 10:06:18,185 [om1-groupManagement] INFO  server.RaftServerConfigKeys (ConfUtils.java:logGet(46)) - raft.server.rpc.timeout.min = 1s (custom)
2024-04-29 10:06:18,185 [om1-groupManagement] INFO  server.RaftServerConfigKeys (ConfUtils.java:logGet(46)) - raft.server.rpc.timeout.max = 1200ms (custom)
2024-04-29 10:06:18,186 [om1-groupManagement] INFO  server.RaftServerConfigKeys (ConfUtils.java:logGet(46)) - raft.server.rpc.sleep.time = 25ms (default)
2024-04-29 10:06:18,186 [om1-groupManagement] INFO  server.RaftServerConfigKeys (ConfUtils.java:logGet(46)) - raft.server.rpc.slowness.timeout = 120s (custom)
2024-04-29 10:06:18,186 [om1-groupManagement] INFO  server.RaftServerConfigKeys (ConfUtils.java:logGet(46)) - raft.server.leaderelection.leader.step-down.wait-time = 10s (default)
2024-04-29 10:06:18,186 [om1-groupManagement] INFO  server.RaftServerConfigKeys (ConfUtils.java:logGet(46)) - raft.server.leaderelection.member.majority-add = false (default)
2024-04-29 10:06:18,186 [om1-groupManagement] INFO  server.RaftServerConfigKeys (ConfUtils.java:logGet(46)) - raft.server.sleep.deviation.threshold = 300ms (default)
2024-04-29 10:06:18,186 [om1-groupManagement] INFO  server.RaftServer$Division (ServerState.java:<init>(113)) - om1@group-C5BA1605619E: ConfigurationManager, init=-1: peers:[om1|localhost:15363]|listeners:[], old=null, confs=<EMPTY_MAP>
2024-04-29 10:06:18,186 [om1-groupManagement] INFO  server.RaftServerConfigKeys (ConfUtils.java:logGet(46)) - raft.server.notification.no-leader.timeout = 120s (custom)
2024-04-29 10:06:18,186 [om1-groupManagement] INFO  server.RaftServerConfigKeys (ConfUtils.java:logGet(46)) - raft.server.read.timeout = 10s (default)
2024-04-29 10:06:18,186 [om1-groupManagement] INFO  server.RaftServerConfigKeys (ConfUtils.java:logGet(46)) - raft.server.retrycache.expirytime = 300s (custom)
2024-04-29 10:06:18,186 [om1-groupManagement] INFO  server.RaftServerConfigKeys (ConfUtils.java:logGet(46)) - raft.server.retrycache.statistics.expirytime = 100ms (default)
2024-04-29 10:06:18,186 [om1-groupManagement] INFO  server.RaftServerConfigKeys (ConfUtils.java:logGet(46)) - raft.server.read.option = DEFAULT (default)
2024-04-29 10:06:18,186 [om1-groupManagement] INFO  server.RaftServerConfigKeys (ConfUtils.java:logGet(46)) - raft.server.read.read-after-write-consistent.write-index-cache.expiry-time = 60s (default)
2024-04-29 10:06:18,187 [om1-groupManagement] INFO  server.RaftServerConfigKeys (ConfUtils.java:logGet(46)) - raft.server.rpc.request.timeout = 3000ms (default)
2024-04-29 10:06:18,187 [om1-groupManagement] INFO  server.RaftServerConfigKeys (ConfUtils.java:logGet(46)) - raft.server.log.appender.install.snapshot.enabled = false (custom)
2024-04-29 10:06:18,187 [om1-groupManagement] INFO  server.RaftServerConfigKeys (ConfUtils.java:logGet(46)) - raft.server.threadpool.server.cached = true (default)
2024-04-29 10:06:18,187 [om1-groupManagement] INFO  server.RaftServerConfigKeys (ConfUtils.java:logGet(46)) - raft.server.threadpool.server.size = 0 (default)
2024-04-29 10:06:18,187 [om1-groupManagement] INFO  server.RaftServerConfigKeys (ConfUtils.java:logGet(46)) - raft.server.threadpool.client.cached = true (default)
2024-04-29 10:06:18,187 [om1-groupManagement] INFO  server.RaftServerConfigKeys (ConfUtils.java:logGet(46)) - raft.server.threadpool.client.size = 0 (default)
2024-04-29 10:06:18,399 [main] INFO  reflections.Reflections (Reflections.java:scan(219)) - Reflections took 224 ms to scan 20 urls, producing 58 keys and 6549 values
2024-04-29 10:06:18,400 [main] INFO  ipc.CallQueueManager (CallQueueManager.java:<init>(90)) - Using callQueue: class java.util.concurrent.LinkedBlockingQueue, queueCapacity: 2000, scheduler: class org.apache.hadoop.ipc.DefaultRpcScheduler, ipcBackoff: false.
2024-04-29 10:06:18,401 [main] INFO  ipc.Server (Server.java:<init>(1287)) - Listener at 127.0.0.1:15360
2024-04-29 10:06:18,401 [Socket Reader #1 for port 15360] INFO  ipc.Server (Server.java:run(1323)) - Starting Socket Reader #1 for port 15360
2024-04-29 10:06:18,414 [main] INFO  impl.MetricsSystemImpl (MetricsSystemImpl.java:init(158)) - OzoneManager metrics system started (again)
2024-04-29 10:06:18,422 [main] INFO  om.OzoneManager (OzoneManager.java:start(1649)) - OzoneManager RPC server is listening at localhost/127.0.0.1:15360
2024-04-29 10:06:18,423 [main] INFO  ratis.OzoneManagerRatisServer (OzoneManagerRatisServer.java:start(588)) - Starting OzoneManagerRatisServer om1 at port 15363
2024-04-29 10:06:18,423 [om1-impl-thread1] INFO  server.RaftServerConfigKeys (ConfUtils.java:logGet(46)) - raft.server.storage.free-space.min = 0MB (=0) (default)
2024-04-29 10:06:18,423 [om1-impl-thread1] INFO  server.RaftServerConfigKeys (ConfUtils.java:logGet(46)) - raft.server.log.corruption.policy = EXCEPTION (default)
2024-04-29 10:06:18,423 [om1-impl-thread1] INFO  server.RaftServerConfigKeys (ConfUtils.java:logGet(46)) - raft.server.storage.dir = [/home/runner/work/ozone/ozone/hadoop-ozone/integration-test/target/test-dir/MiniOzoneClusterImpl-2cdd5cd5-9c4c-463f-a193-9ffbc37dc237/ozone-meta/ratis] (custom)
2024-04-29 10:06:18,423 [om1-impl-thread1] INFO  storage.RaftStorageDirectory (RaftStorageDirectoryImpl.java:analyzeStorage(138)) - The storage directory /home/runner/work/ozone/ozone/hadoop-ozone/integration-test/target/test-dir/MiniOzoneClusterImpl-2cdd5cd5-9c4c-463f-a193-9ffbc37dc237/ozone-meta/ratis/bf265839-605b-3f16-9796-c5ba1605619e does not exist. Creating ...
2024-04-29 10:06:18,424 [om1-impl-thread1] INFO  storage.RaftStorageDirectory (RaftStorageDirectoryImpl.java:tryLock(228)) - Lock on /home/runner/work/ozone/ozone/hadoop-ozone/integration-test/target/test-dir/MiniOzoneClusterImpl-2cdd5cd5-9c4c-463f-a193-9ffbc37dc237/ozone-meta/ratis/bf265839-605b-3f16-9796-c5ba1605619e/in_use.lock acquired by nodename 20825@fv-az913-54
2024-04-29 10:06:18,426 [om1-impl-thread1] INFO  storage.RaftStorage (RaftStorageImpl.java:format(99)) - Storage directory /home/runner/work/ozone/ozone/hadoop-ozone/integration-test/target/test-dir/MiniOzoneClusterImpl-2cdd5cd5-9c4c-463f-a193-9ffbc37dc237/ozone-meta/ratis/bf265839-605b-3f16-9796-c5ba1605619e has been successfully formatted.
2024-04-29 10:06:18,426 [om1-impl-thread1] WARN  util.FileUtils (LogUtils.java:supplyAndLog(63)) - Failed to Files.newInputStream /home/runner/work/ozone/ozone/hadoop-ozone/integration-test/target/test-dir/MiniOzoneClusterImpl-2cdd5cd5-9c4c-463f-a193-9ffbc37dc237/ozone-meta/ratis/bf265839-605b-3f16-9796-c5ba1605619e/current/raft-meta.conf with options []: java.nio.file.NoSuchFileException: /home/runner/work/ozone/ozone/hadoop-ozone/integration-test/target/test-dir/MiniOzoneClusterImpl-2cdd5cd5-9c4c-463f-a193-9ffbc37dc237/ozone-meta/ratis/bf265839-605b-3f16-9796-c5ba1605619e/current/raft-meta.conf
2024-04-29 10:06:18,426 [om1-impl-thread1] INFO  server.RaftServerConfigKeys (ConfUtils.java:logGet(46)) - raft.server.log.use.memory = false (default)
2024-04-29 10:06:18,426 [om1-impl-thread1] INFO  server.RaftServerConfigKeys (ConfUtils.java:logGet(46)) - raft.server.log.purge.gap = 1000000 (custom)
2024-04-29 10:06:18,426 [om1-impl-thread1] INFO  server.RaftServerConfigKeys (ConfUtils.java:logGet(46)) - raft.server.log.appender.buffer.byte-limit = 4194304 (custom)
2024-04-29 10:06:18,426 [om1-impl-thread1] INFO  server.RaftServerConfigKeys (ConfUtils.java:logGet(46)) - raft.server.log.statemachine.data.read.timeout = 1000ms (default)
2024-04-29 10:06:18,426 [om1-impl-thread1] INFO  server.RaftServerConfigKeys (ConfUtils.java:logGet(46)) - raft.server.log.purge.preservation.log.num = 0 (default)
2024-04-29 10:06:18,427 [om1-impl-thread1] INFO  server.RaftServerConfigKeys (ConfUtils.java:logGet(46)) - raft.server.log.segment.size.max = 4194304 (custom)
2024-04-29 10:06:18,427 [om1-impl-thread1] INFO  server.RaftServerConfigKeys (ConfUtils.java:logGet(46)) - raft.server.log.segment.cache.num.max = 2 (custom)
2024-04-29 10:06:18,427 [om1-impl-thread1] INFO  server.RaftServerConfigKeys (ConfUtils.java:logGet(46)) - raft.server.log.segment.cache.size.max = 200MB (=209715200) (default)
2024-04-29 10:06:18,427 [om1-impl-thread1] INFO  server.RaftServerConfigKeys (ConfUtils.java:logGet(46)) - raft.server.log.appender.buffer.byte-limit = 4194304 (custom)
2024-04-29 10:06:18,427 [om1-impl-thread1] INFO  util.AwaitToRun (AwaitToRun.java:start(81)) - Thread[om1@group-C5BA1605619E-cacheEviction-AwaitToRun,5,main] started
2024-04-29 10:06:18,427 [om1-impl-thread1] INFO  segmented.SegmentedRaftLogWorker (SegmentedRaftLogWorker.java:<init>(182)) - new om1@group-C5BA1605619E-SegmentedRaftLogWorker for RaftStorageImpl:Storage Directory /home/runner/work/ozone/ozone/hadoop-ozone/integration-test/target/test-dir/MiniOzoneClusterImpl-2cdd5cd5-9c4c-463f-a193-9ffbc37dc237/ozone-meta/ratis/bf265839-605b-3f16-9796-c5ba1605619e
2024-04-29 10:06:18,427 [om1-impl-thread1] INFO  server.RaftServerConfigKeys (ConfUtils.java:logGet(46)) - raft.server.log.queue.byte-limit = 64MB (=67108864) (default)
2024-04-29 10:06:18,427 [om1-impl-thread1] INFO  server.RaftServerConfigKeys (ConfUtils.java:logGet(46)) - raft.server.log.queue.element-limit = 4096 (default)
2024-04-29 10:06:18,427 [om1-impl-thread1] INFO  server.RaftServerConfigKeys (ConfUtils.java:logGet(46)) - raft.server.log.segment.size.max = 4194304 (custom)
2024-04-29 10:06:18,428 [om1-impl-thread1] INFO  server.RaftServerConfigKeys (ConfUtils.java:logGet(46)) - raft.server.log.preallocated.size = 4194304 (custom)
2024-04-29 10:06:18,428 [om1-impl-thread1] INFO  server.RaftServerConfigKeys (ConfUtils.java:logGet(46)) - raft.server.log.force.sync.num = 128 (default)
2024-04-29 10:06:18,428 [om1-impl-thread1] INFO  server.RaftServerConfigKeys (ConfUtils.java:logGet(46)) - raft.server.log.statemachine.data.sync = true (default)
2024-04-29 10:06:18,428 [om1-impl-thread1] INFO  server.RaftServerConfigKeys (ConfUtils.java:logGet(46)) - raft.server.log.statemachine.data.sync.timeout = 10s (default)
2024-04-29 10:06:18,428 [om1-impl-thread1] INFO  server.RaftServerConfigKeys (ConfUtils.java:logGet(46)) - raft.server.log.statemachine.data.sync.timeout.retry = -1 (default)
2024-04-29 10:06:18,428 [om1-impl-thread1] INFO  server.RaftServerConfigKeys (ConfUtils.java:logGet(46)) - raft.server.log.write.buffer.size = 4194312 (custom)
2024-04-29 10:06:18,428 [om1-impl-thread1] INFO  server.RaftServerConfigKeys (ConfUtils.java:logGet(46)) - raft.server.log.appender.buffer.byte-limit = 4194304 (custom)
2024-04-29 10:06:18,428 [om1-impl-thread1] INFO  server.RaftServerConfigKeys (ConfUtils.java:logGet(46)) - raft.server.log.unsafe-flush.enabled = false (default)
2024-04-29 10:06:18,428 [om1-impl-thread1] INFO  server.RaftServerConfigKeys (ConfUtils.java:logGet(46)) - raft.server.log.async-flush.enabled = false (default)
2024-04-29 10:06:18,428 [om1-impl-thread1] INFO  server.RaftServerConfigKeys (ConfUtils.java:logGet(46)) - raft.server.log.statemachine.data.caching.enabled = false (default)
2024-04-29 10:06:18,429 [om1-impl-thread1] INFO  segmented.SegmentedRaftLogWorker (SegmentedRaftLogWorker.java:lambda$new$0(134)) - om1@group-C5BA1605619E-SegmentedRaftLogWorker: flushIndex: setUnconditionally 0 -> -1
2024-04-29 10:06:18,429 [om1-impl-thread1] INFO  segmented.SegmentedRaftLogWorker (SegmentedRaftLogWorker.java:lambda$new$0(134)) - om1@group-C5BA1605619E-SegmentedRaftLogWorker: safeCacheEvictIndex: setUnconditionally 0 -> -1
2024-04-29 10:06:18,429 [om1-impl-thread1] INFO  server.RaftServer$Division (RaftServerImpl.java:start(396)) - om1@group-C5BA1605619E: start as a follower, conf=-1: peers:[om1|localhost:15363]|listeners:[], old=null
2024-04-29 10:06:18,429 [om1-impl-thread1] INFO  server.RaftServer$Division (RaftServerImpl.java:setRole(383)) - om1@group-C5BA1605619E: changes role from      null to FOLLOWER at term 0 for startAsFollower
2024-04-29 10:06:18,429 [om1-impl-thread1] INFO  impl.RoleInfo (RoleInfo.java:updateAndGet(139)) - om1: start om1@group-C5BA1605619E-FollowerState
2024-04-29 10:06:18,429 [om1-impl-thread1] INFO  util.JmxRegister (JmxRegister.java:tryRegister(44)) - Successfully registered JMX Bean with object name Ratis:service=RaftServer,group=group-C5BA1605619E,id=om1
2024-04-29 10:06:18,429 [om1-impl-thread1] INFO  server.RaftServerConfigKeys (ConfUtils.java:logGet(46)) - raft.server.snapshot.trigger-when-stop.enabled = true (default)
2024-04-29 10:06:18,429 [om1-impl-thread1] INFO  server.RaftServerConfigKeys (ConfUtils.java:logGet(46)) - raft.server.snapshot.auto.trigger.enabled = true (custom)
2024-04-29 10:06:18,429 [om1-impl-thread1] INFO  server.RaftServerConfigKeys (ConfUtils.java:logGet(46)) - raft.server.snapshot.auto.trigger.threshold = 400000 (default)
2024-04-29 10:06:18,430 [om1-impl-thread1] INFO  server.RaftServerConfigKeys (ConfUtils.java:logGet(46)) - raft.server.snapshot.retention.file.num = -1 (default)
2024-04-29 10:06:18,430 [om1-impl-thread1] INFO  server.RaftServerConfigKeys (ConfUtils.java:logGet(46)) - raft.server.log.purge.upto.snapshot.index = true (custom)
2024-04-29 10:06:18,429 [om1@group-C5BA1605619E-FollowerState] INFO  server.RaftServerConfigKeys (ConfUtils.java:logFallback(53)) - raft.server.rpc.first-election.timeout.min = 1s (fallback to raft.server.rpc.timeout.min)
2024-04-29 10:06:18,430 [om1@group-C5BA1605619E-FollowerState] INFO  server.RaftServerConfigKeys (ConfUtils.java:logFallback(53)) - raft.server.rpc.first-election.timeout.max = 1200ms (fallback to raft.server.rpc.timeout.max)
2024-04-29 10:06:18,430 [main] INFO  server.RaftServer (RaftServerProxy.java:startImpl(406)) - om1: start RPC server
2024-04-29 10:06:18,431 [main] INFO  server.GrpcService (GrpcService.java:startImpl(302)) - om1: GrpcService started, listening on 15363
2024-04-29 10:06:18,431 [JvmPauseMonitor45] INFO  util.JvmPauseMonitor (JvmPauseMonitor.java:run(146)) - JvmPauseMonitor-om1: Started
2024-04-29 10:06:18,431 [main] INFO  om.OzoneManager (OzoneManager.java:start(1665)) - Version File has different layout version (6) than OM DB (null). That is expected if this OM has never been finalized to a newer layout version.
2024-04-29 10:06:18,434 [main] INFO  client.ScmTopologyClient (ScmTopologyClient.java:start(72)) - Initial network topology fetched from SCM: /.
2024-04-29 10:06:18,434 [main] INFO  net.NodeSchemaLoader (NodeSchemaLoader.java:loadSchemaFromFile(129)) - Loading schema from [file:/home/runner/work/ozone/ozone/hadoop-hdds/common/target/classes/network-topology-default.xml]
2024-04-29 10:06:18,435 [main] INFO  net.NodeSchemaLoader (NodeSchemaLoader.java:loadSchema(176)) - Loading network topology layer schema file
2024-04-29 10:06:18,439 [main] INFO  http.BaseHttpServer (BaseHttpServer.java:newHttpServer2BuilderForOzone(223)) - Starting Web-server for ozoneManager at: http://0.0.0.0:15361
2024-04-29 10:06:18,439 [main] INFO  http.BaseHttpServer (BaseHttpServer.java:<init>(110)) - Hadoop Security Enabled: false Ozone Security Enabled: false Ozone HTTP Security Enabled: false 
2024-04-29 10:06:18,440 [main] WARN  server.AuthenticationFilter (AuthenticationFilter.java:constructSecretProvider(240)) - Unable to initialize FileSignerSecretProvider, falling back to use random secrets. Reason: Could not read signature secret file: /home/runner/hadoop-http-auth-signature-secret
2024-04-29 10:06:18,441 [main] INFO  http.HttpRequestLog (HttpRequestLog.java:getRequestLog(86)) - Http request log for http.requests.ozoneManager is not defined
2024-04-29 10:06:18,441 [main] INFO  http.HttpServer2 (HttpServer2.java:addGlobalFilter(1036)) - Added global filter 'safety' (class=org.apache.hadoop.hdds.server.http.HttpServer2$QuotingInputFilter)
2024-04-29 10:06:18,441 [main] INFO  http.HttpServer2 (HttpServer2.java:addFilter(1012)) - Added filter static_user_filter (class=org.apache.hadoop.http.lib.StaticUserWebFilter$StaticUserFilter) to context ozoneManager
2024-04-29 10:06:18,442 [main] INFO  http.HttpServer2 (HttpServer2.java:addFilter(1020)) - Added filter static_user_filter (class=org.apache.hadoop.http.lib.StaticUserWebFilter$StaticUserFilter) to context logs
2024-04-29 10:06:18,442 [main] INFO  http.HttpServer2 (HttpServer2.java:addFilter(1020)) - Added filter static_user_filter (class=org.apache.hadoop.http.lib.StaticUserWebFilter$StaticUserFilter) to context static
2024-04-29 10:06:18,442 [main] INFO  http.BaseHttpServer (BaseHttpServer.java:<init>(189)) - HTTP server of ozoneManager uses base directory /home/runner/work/ozone/ozone/hadoop-ozone/integration-test/target/test-dir/MiniOzoneClusterImpl-2cdd5cd5-9c4c-463f-a193-9ffbc37dc237/ozone-meta/webserver
2024-04-29 10:06:18,442 [main] INFO  http.HttpServer2 (HttpServer2.java:bindListener(1236)) - Jetty bound to port 15361
2024-04-29 10:06:18,442 [main] INFO  server.Server (Server.java:doStart(375)) - jetty-9.4.54.v20240208; built: 2024-02-08T19:42:39.027Z; git: cef3fbd6d736a21e7d541a5db490381d95a2047d; jvm 17.0.10+7
2024-04-29 10:06:18,443 [main] INFO  server.session (DefaultSessionIdManager.java:doStart(334)) - DefaultSessionIdManager workerName=node0
2024-04-29 10:06:18,443 [main] INFO  server.session (DefaultSessionIdManager.java:doStart(339)) - No SessionScavenger set, using defaults
2024-04-29 10:06:18,443 [main] INFO  server.session (HouseKeeper.java:startScavenging(132)) - node0 Scavenging every 600000ms
2024-04-29 10:06:18,444 [main] INFO  handler.ContextHandler (ContextHandler.java:doStart(921)) - Started o.e.j.s.ServletContextHandler@44a0de07{logs,/logs,file:///home/runner/work/ozone/ozone/hadoop-ozone/integration-test/target/log,AVAILABLE}
2024-04-29 10:06:18,444 [main] INFO  handler.ContextHandler (ContextHandler.java:doStart(921)) - Started o.e.j.s.ServletContextHandler@6bd9a104{static,/static,file:///home/runner/work/ozone/ozone/hadoop-ozone/integration-test/target/test-classes/webapps/static,AVAILABLE}
2024-04-29 10:06:18,446 [main] INFO  handler.ContextHandler (ContextHandler.java:doStart(921)) - Started o.e.j.w.WebAppContext@e2ef825{ozoneManager,/,file:///home/runner/work/ozone/ozone/hadoop-ozone/integration-test/target/test-classes/webapps/ozoneManager/,AVAILABLE}{file:/home/runner/work/ozone/ozone/hadoop-ozone/integration-test/target/test-classes/webapps/ozoneManager}
2024-04-29 10:06:18,447 [main] INFO  server.AbstractConnector (AbstractConnector.java:doStart(333)) - Started ServerConnector@1ec7b3f2{HTTP/1.1, (http/1.1)}{0.0.0.0:15361}
2024-04-29 10:06:18,447 [main] INFO  server.Server (Server.java:doStart(415)) - Started @145820ms
2024-04-29 10:06:18,447 [main] WARN  impl.MetricsSystemImpl (MetricsSystemImpl.java:register(279)) - Sink prometheus already exists!
2024-04-29 10:06:18,447 [main] INFO  http.BaseHttpServer (BaseHttpServer.java:updateConnectorAddress(354)) - HTTP server of ozoneManager listening at http://0.0.0.0:15361
2024-04-29 10:06:18,448 [IPC Server Responder] INFO  ipc.Server (Server.java:run(1562)) - IPC Server Responder: starting
2024-04-29 10:06:18,450 [IPC Server listener on 15360] INFO  ipc.Server (Server.java:run(1402)) - IPC Server listener on 15360: starting
2024-04-29 10:06:18,451 [main] INFO  om.OzoneManager (OzoneManager.java:startTrashEmptier(2121)) - Trash Interval set to 0. Files deleted won't move to trash
2024-04-29 10:06:18,466 [main] WARN  dropwizard3.Dm3MetricRegistriesImpl (Dm3MetricRegistriesImpl.java:addReporterRegistration(113)) - New reporters are added after registries were created. Some metrics will be missing from the reporter. Please add reporter before adding any new registry.
2024-04-29 10:06:18,466 [main] WARN  dropwizard3.Dm3MetricRegistriesImpl (Dm3MetricRegistriesImpl.java:addReporterRegistration(113)) - New reporters are added after registries were created. Some metrics will be missing from the reporter. Please add reporter before adding any new registry.
2024-04-29 10:06:18,466 [main] INFO  impl.MetricsSystemImpl (MetricsSystemImpl.java:init(158)) - HddsDatanode metrics system started (again)
2024-04-29 10:06:18,474 [main] INFO  ozone.HddsDatanodeService (HddsDatanodeService.java:start(240)) - HddsDatanodeService host:fv-az913-54.hn4i015bbztebps0p24f5airth.phxx.internal.cloudapp.net ip:10.1.0.39
2024-04-29 10:06:18,489 [main] INFO  upgrade.AbstractLayoutVersionManager (AbstractLayoutVersionManager.java:init(83)) - Initializing Layout version manager with metadata layout = HADOOP_PRC_PORTS_IN_DATANODEDETAILS (version = 7), software layout = HADOOP_PRC_PORTS_IN_DATANODEDETAILS (version = 7)
2024-04-29 10:06:18,490 [main] INFO  statemachine.DatanodeStateMachine (DatanodeStateMachine.java:getEndPointTaskThreadPoolSize(299)) - Datanode State Machine Task Thread Pool size 2
2024-04-29 10:06:18,491 [main] INFO  volume.HddsVolume (HddsVolume.java:<init>(126)) - Creating HddsVolume: /home/runner/work/ozone/ozone/hadoop-ozone/integration-test/target/test-dir/MiniOzoneClusterImpl-2cdd5cd5-9c4c-463f-a193-9ffbc37dc237/ozone-meta/datanode-1/data-0/hdds of storage type : DISK capacity : 9223372036854775807
2024-04-29 10:06:18,491 [main] INFO  volume.MutableVolumeSet (MutableVolumeSet.java:initializeVolumeSet(173)) - Added Volume : /home/runner/work/ozone/ozone/hadoop-ozone/integration-test/target/test-dir/MiniOzoneClusterImpl-2cdd5cd5-9c4c-463f-a193-9ffbc37dc237/ozone-meta/datanode-1/data-0/hdds to VolumeSet
2024-04-29 10:06:18,491 [main] INFO  volume.MutableVolumeSet (MutableVolumeSet.java:initializeVolumeSet(173)) - Added Volume : /home/runner/work/ozone/ozone/hadoop-ozone/integration-test/target/test-dir/MiniOzoneClusterImpl-2cdd5cd5-9c4c-463f-a193-9ffbc37dc237/ozone-meta/datanode-1/ratis to VolumeSet
2024-04-29 10:06:18,491 [main] INFO  ozoneimpl.OzoneContainer (HddsVolumeUtil.java:loadAllHddsVolumeDbStore(103)) - Load 1 volumes DbStore cost: 0ms
2024-04-29 10:06:18,493 [main] INFO  server.RaftServer (ConfUtils.java:logGet(46)) - raft.rpc.type = GRPC (default)
2024-04-29 10:06:18,493 [main] INFO  grpc.GrpcConfigKeys (ConfUtils.java:logFallback(53)) - raft.grpc.admin.host = null (fallback to raft.grpc.server.host)
2024-04-29 10:06:18,493 [main] INFO  grpc.GrpcConfigKeys (ConfUtils.java:logGet(46)) - raft.grpc.admin.port = 15369 (custom)
2024-04-29 10:06:18,493 [main] INFO  grpc.GrpcConfigKeys (ConfUtils.java:logFallback(53)) - raft.grpc.client.host = null (fallback to raft.grpc.server.host)
2024-04-29 10:06:18,493 [main] INFO  grpc.GrpcConfigKeys (ConfUtils.java:logGet(46)) - raft.grpc.client.port = 15368 (custom)
2024-04-29 10:06:18,493 [main] INFO  grpc.GrpcConfigKeys (ConfUtils.java:logGet(46)) - raft.grpc.server.host = null (default)
2024-04-29 10:06:18,493 [main] INFO  grpc.GrpcConfigKeys (ConfUtils.java:logGet(46)) - raft.grpc.server.port = 15370 (custom)
2024-04-29 10:06:18,494 [main] INFO  server.GrpcService (ConfUtils.java:logGet(46)) - raft.grpc.message.size.max = 32MB (=33554432) (custom)
2024-04-29 10:06:18,494 [main] INFO  server.RaftServerConfigKeys (ConfUtils.java:logGet(46)) - raft.server.log.appender.buffer.byte-limit = 8388608 (custom)
2024-04-29 10:06:18,494 [main] INFO  server.GrpcService (ConfUtils.java:logGet(46)) - raft.grpc.flow.control.window = 5MB (=5242880) (custom)
2024-04-29 10:06:18,494 [main] INFO  server.RaftServerConfigKeys (ConfUtils.java:logGet(46)) - raft.server.rpc.request.timeout = 3000ms (default)
2024-04-29 10:06:18,494 [main] INFO  grpc.GrpcConfigKeys (ConfUtils.java:logGet(46)) - raft.grpc.server.heartbeat.channel = true (default)
2024-04-29 10:06:18,494 [main] INFO  grpc.GrpcConfigKeys (ConfUtils.java:logGet(46)) - raft.grpc.server.async.request.thread.pool.cached = true (default)
2024-04-29 10:06:18,494 [main] INFO  grpc.GrpcConfigKeys (ConfUtils.java:logGet(46)) - raft.grpc.server.async.request.thread.pool.size = 32 (default)
2024-04-29 10:06:18,496 [main] INFO  impl.DataStreamServerImpl (ConfUtils.java:logGet(46)) - raft.datastream.type = NETTY (custom)
2024-04-29 10:06:18,496 [main] INFO  server.RaftServerConfigKeys (ConfUtils.java:logGet(46)) - raft.server.data-stream.async.request.thread.pool.cached = false (default)
2024-04-29 10:06:18,496 [main] INFO  server.RaftServerConfigKeys (ConfUtils.java:logGet(46)) - raft.server.data-stream.async.request.thread.pool.size = 20 (custom)
2024-04-29 10:06:18,496 [main] INFO  server.RaftServerConfigKeys (ConfUtils.java:logGet(46)) - raft.server.data-stream.async.write.thread.pool.size = 16 (default)
2024-04-29 10:06:18,496 [main] INFO  netty.NettyConfigKeys$DataStream (ConfUtils.java:logGet(46)) - raft.netty.dataStream.server.channel.inactive.grace-period = 10min (default)
2024-04-29 10:06:18,496 [main] INFO  server.RaftServerConfigKeys (ConfUtils.java:logGet(46)) - raft.server.data-stream.client.pool.size = 10 (default)
2024-04-29 10:06:18,496 [main] INFO  netty.NettyConfigKeys$DataStream (ConfUtils.java:logGet(46)) - raft.netty.dataStream.server.use-epoll = true (default)
2024-04-29 10:06:18,496 [main] INFO  netty.NettyConfigKeys$DataStream (ConfUtils.java:logGet(46)) - raft.netty.dataStream.server.boss-group.size = 0 (default)
2024-04-29 10:06:18,497 [main] INFO  netty.NettyUtils (NettyUtils.java:newEventLoopGroup(69)) - Create EpollEventLoopGroup for 375cf2e4-ad97-40d4-80c3-6a50f82e6a65-NettyServerStreamRpc-bossGroup; Thread size is 0.
2024-04-29 10:06:18,497 [main] INFO  netty.NettyConfigKeys$DataStream (ConfUtils.java:logGet(46)) - raft.netty.dataStream.server.worker-group.size = 0 (default)
2024-04-29 10:06:18,497 [main] INFO  netty.NettyUtils (NettyUtils.java:newEventLoopGroup(69)) - Create EpollEventLoopGroup for 375cf2e4-ad97-40d4-80c3-6a50f82e6a65-NettyServerStreamRpc-workerGroup; Thread size is 0.
2024-04-29 10:06:18,497 [main] INFO  netty.NettyConfigKeys$DataStream (ConfUtils.java:logGet(46)) - raft.netty.dataStream.server.tls.conf = null (default)
2024-04-29 10:06:18,497 [main] INFO  netty.NettyConfigKeys$DataStream (ConfUtils.java:logGet(46)) - raft.netty.dataStream.host = null (default)
2024-04-29 10:06:18,497 [main] INFO  netty.NettyConfigKeys$DataStream (ConfUtils.java:logGet(46)) - raft.netty.dataStream.port = 15371 (custom)
2024-04-29 10:06:18,498 [main] INFO  server.RaftServerConfigKeys (ConfUtils.java:logGet(46)) - raft.server.sleep.deviation.threshold = 300ms (default)
2024-04-29 10:06:18,498 [main] INFO  server.RaftServerConfigKeys (ConfUtils.java:logGet(46)) - raft.server.close.threshold = 60s (default)
2024-04-29 10:06:18,498 [main] INFO  server.RaftServerConfigKeys (ConfUtils.java:logGet(46)) - raft.server.leaderelection.leader.step-down.wait-time = 10s (default)
2024-04-29 10:06:18,498 [375cf2e4-ad97-40d4-80c3-6a50f82e6a65-NettyServerStreamRpc-bossGroup--thread1] INFO  logging.LoggingHandler (AbstractInternalLogger.java:log(148)) - [id: 0xf4ecd65a] REGISTERED
2024-04-29 10:06:18,498 [main] INFO  server.RaftServerConfigKeys (ConfUtils.java:logGet(46)) - raft.server.storage.dir = [/home/runner/work/ozone/ozone/hadoop-ozone/integration-test/target/test-dir/MiniOzoneClusterImpl-2cdd5cd5-9c4c-463f-a193-9ffbc37dc237/ozone-meta/datanode-1/ratis] (custom)
2024-04-29 10:06:18,498 [main] INFO  server.RaftServerConfigKeys (ConfUtils.java:logGet(46)) - raft.server.threadpool.proxy.cached = true (default)
2024-04-29 10:06:18,498 [main] INFO  server.RaftServerConfigKeys (ConfUtils.java:logGet(46)) - raft.server.threadpool.proxy.size = 0 (default)
2024-04-29 10:06:18,498 [375cf2e4-ad97-40d4-80c3-6a50f82e6a65-NettyServerStreamRpc-bossGroup--thread1] INFO  logging.LoggingHandler (AbstractInternalLogger.java:log(148)) - [id: 0xf4ecd65a] BIND: 0.0.0.0/0.0.0.0:15371
2024-04-29 10:06:18,499 [375cf2e4-ad97-40d4-80c3-6a50f82e6a65-NettyServerStreamRpc-bossGroup--thread1] INFO  logging.LoggingHandler (AbstractInternalLogger.java:log(148)) - [id: 0xf4ecd65a, L:/0.0.0.0:15371] ACTIVE
2024-04-29 10:06:18,499 [375cf2e4-ad97-40d4-80c3-6a50f82e6a65-impl-thread1] INFO  server.RaftServer (RaftServerProxy.java:initGroupDir(264)) - 375cf2e4-ad97-40d4-80c3-6a50f82e6a65: found a subdirectory /home/runner/work/ozone/ozone/hadoop-ozone/integration-test/target/test-dir/MiniOzoneClusterImpl-2cdd5cd5-9c4c-463f-a193-9ffbc37dc237/ozone-meta/datanode-1/ratis/tmp
2024-04-29 10:06:18,499 [375cf2e4-ad97-40d4-80c3-6a50f82e6a65-impl-thread1] INFO  server.RaftServer (RaftServerProxy.java:initGroupDir(269)) - 375cf2e4-ad97-40d4-80c3-6a50f82e6a65: The directory /home/runner/work/ozone/ozone/hadoop-ozone/integration-test/target/test-dir/MiniOzoneClusterImpl-2cdd5cd5-9c4c-463f-a193-9ffbc37dc237/ozone-meta/datanode-1/ratis/tmp is not a group directory; ignoring it. 
2024-04-29 10:06:18,499 [main] INFO  replication.ReplicationServer (ReplicationServer.java:<init>(86)) - Initializing replication server with thread count = 10 queue length = 4096
2024-04-29 10:06:18,500 [main] INFO  server.XceiverServerGrpc (XceiverServerGrpc.java:<init>(141)) - GrpcServer channel type EpollServerSocketChannel
2024-04-29 10:06:18,501 [main] INFO  replication.ReplicationSupervisor (ReplicationSupervisor.java:build(157)) - Initializing replication supervisor with thread count = 10
2024-04-29 10:06:18,501 [main] INFO  replication.ReplicationSupervisor (ReplicationSupervisor.java:nodeStateUpdated(312)) - Node state updated to IN_SERVICE, scaling executor pool size to 10
2024-04-29 10:06:18,503 [main] INFO  http.BaseHttpServer (BaseHttpServer.java:newHttpServer2BuilderForOzone(223)) - Starting Web-server for hddsDatanode at: http://0.0.0.0:15365
2024-04-29 10:06:18,503 [main] INFO  http.BaseHttpServer (BaseHttpServer.java:<init>(110)) - Hadoop Security Enabled: false Ozone Security Enabled: false Ozone HTTP Security Enabled: false 
2024-04-29 10:06:18,504 [main] WARN  server.AuthenticationFilter (AuthenticationFilter.java:constructSecretProvider(240)) - Unable to initialize FileSignerSecretProvider, falling back to use random secrets. Reason: Could not read signature secret file: /home/runner/hadoop-http-auth-signature-secret
2024-04-29 10:06:18,504 [main] INFO  http.HttpRequestLog (HttpRequestLog.java:getRequestLog(86)) - Http request log for http.requests.hddsDatanode is not defined
2024-04-29 10:06:18,505 [main] INFO  http.HttpServer2 (HttpServer2.java:addGlobalFilter(1036)) - Added global filter 'safety' (class=org.apache.hadoop.hdds.server.http.HttpServer2$QuotingInputFilter)
2024-04-29 10:06:18,505 [main] INFO  http.HttpServer2 (HttpServer2.java:addFilter(1012)) - Added filter static_user_filter (class=org.apache.hadoop.http.lib.StaticUserWebFilter$StaticUserFilter) to context hddsDatanode
2024-04-29 10:06:18,505 [main] INFO  http.HttpServer2 (HttpServer2.java:addFilter(1020)) - Added filter static_user_filter (class=org.apache.hadoop.http.lib.StaticUserWebFilter$StaticUserFilter) to context logs
2024-04-29 10:06:18,505 [main] INFO  http.HttpServer2 (HttpServer2.java:addFilter(1020)) - Added filter static_user_filter (class=org.apache.hadoop.http.lib.StaticUserWebFilter$StaticUserFilter) to context static
2024-04-29 10:06:18,506 [main] INFO  http.BaseHttpServer (BaseHttpServer.java:<init>(189)) - HTTP server of hddsDatanode uses base directory /home/runner/work/ozone/ozone/hadoop-ozone/integration-test/target/test-dir/MiniOzoneClusterImpl-2cdd5cd5-9c4c-463f-a193-9ffbc37dc237/ozone-meta/datanode-1/meta/webserver
2024-04-29 10:06:18,506 [main] INFO  http.HttpServer2 (HttpServer2.java:bindListener(1236)) - Jetty bound to port 15365
2024-04-29 10:06:18,506 [main] INFO  server.Server (Server.java:doStart(375)) - jetty-9.4.54.v20240208; built: 2024-02-08T19:42:39.027Z; git: cef3fbd6d736a21e7d541a5db490381d95a2047d; jvm 17.0.10+7
2024-04-29 10:06:18,507 [main] INFO  server.session (DefaultSessionIdManager.java:doStart(334)) - DefaultSessionIdManager workerName=node0
2024-04-29 10:06:18,507 [main] INFO  server.session (DefaultSessionIdManager.java:doStart(339)) - No SessionScavenger set, using defaults
2024-04-29 10:06:18,507 [main] INFO  server.session (HouseKeeper.java:startScavenging(132)) - node0 Scavenging every 600000ms
2024-04-29 10:06:18,507 [main] INFO  handler.ContextHandler (ContextHandler.java:doStart(921)) - Started o.e.j.s.ServletContextHandler@454e8cba{logs,/logs,file:///home/runner/work/ozone/ozone/hadoop-ozone/integration-test/target/log,AVAILABLE}
2024-04-29 10:06:18,507 [main] INFO  handler.ContextHandler (ContextHandler.java:doStart(921)) - Started o.e.j.s.ServletContextHandler@4dee8b9a{static,/static,file:///home/runner/work/ozone/ozone/hadoop-hdds/container-service/target/classes/webapps/static,AVAILABLE}
2024-04-29 10:06:18,511 [main] INFO  handler.ContextHandler (ContextHandler.java:doStart(921)) - Started o.e.j.w.WebAppContext@39eb97b4{hddsDatanode,/,file:///home/runner/work/ozone/ozone/hadoop-hdds/container-service/target/classes/webapps/hddsDatanode/,AVAILABLE}{file:/home/runner/work/ozone/ozone/hadoop-hdds/container-service/target/classes/webapps/hddsDatanode}
2024-04-29 10:06:18,512 [main] INFO  server.AbstractConnector (AbstractConnector.java:doStart(333)) - Started ServerConnector@3239f4c1{HTTP/1.1, (http/1.1)}{0.0.0.0:15365}
2024-04-29 10:06:18,512 [main] INFO  server.Server (Server.java:doStart(415)) - Started @145884ms
2024-04-29 10:06:18,512 [main] WARN  impl.MetricsSystemImpl (MetricsSystemImpl.java:register(279)) - Sink prometheus already exists!
2024-04-29 10:06:18,512 [main] INFO  http.BaseHttpServer (BaseHttpServer.java:updateConnectorAddress(354)) - HTTP server of hddsDatanode listening at http://0.0.0.0:15365
2024-04-29 10:06:18,513 [main] INFO  ipc.CallQueueManager (CallQueueManager.java:<init>(90)) - Using callQueue: class java.util.concurrent.LinkedBlockingQueue, queueCapacity: 100, scheduler: class org.apache.hadoop.ipc.DefaultRpcScheduler, ipcBackoff: false.
2024-04-29 10:06:18,513 [main] INFO  ipc.Server (Server.java:<init>(1287)) - Listener at 0.0.0.0:15366
2024-04-29 10:06:18,513 [Socket Reader #1 for port 15366] INFO  ipc.Server (Server.java:run(1323)) - Starting Socket Reader #1 for port 15366
2024-04-29 10:06:18,517 [main] INFO  ozone.HddsDatanodeService (HddsDatanodeService.java:start(327)) - Datanode start with admins: [runner]
2024-04-29 10:06:18,517 [main] INFO  ozone.HddsDatanodeClientProtocolServer (HddsDatanodeClientProtocolServer.java:start(77)) - RPC server for Client /0.0.0.0:15366
2024-04-29 10:06:18,517 [IPC Server Responder] INFO  ipc.Server (Server.java:run(1562)) - IPC Server Responder: starting
2024-04-29 10:06:18,517 [IPC Server listener on 15366] INFO  ipc.Server (Server.java:run(1402)) - IPC Server listener on 15366: starting
2024-04-29 10:06:18,518 [375cf2e4-ad97-40d4-80c3-6a50f82e6a65-DatanodeStateMachineDaemonThread] INFO  statemachine.DatanodeStateMachine (DatanodeStateMachine.java:lambda$startDaemon$1(555)) - Ozone container server started.
2024-04-29 10:06:18,518 [main] WARN  dropwizard3.Dm3MetricRegistriesImpl (Dm3MetricRegistriesImpl.java:addReporterRegistration(113)) - New reporters are added after registries were created. Some metrics will be missing from the reporter. Please add reporter before adding any new registry.
2024-04-29 10:06:18,518 [main] WARN  dropwizard3.Dm3MetricRegistriesImpl (Dm3MetricRegistriesImpl.java:addReporterRegistration(113)) - New reporters are added after registries were created. Some metrics will be missing from the reporter. Please add reporter before adding any new registry.
2024-04-29 10:06:18,518 [main] INFO  impl.MetricsSystemImpl (MetricsSystemImpl.java:init(158)) - HddsDatanode metrics system started (again)
2024-04-29 10:06:18,520 [375cf2e4-ad97-40d4-80c3-6a50f82e6a65-DatanodeStateMachineTaskThread-0] INFO  datanode.InitDatanodeState (InitDatanodeState.java:persistContainerDatanodeDetails(139)) - DatanodeDetails is persisted to /home/runner/work/ozone/ozone/hadoop-ozone/integration-test/target/test-dir/MiniOzoneClusterImpl-2cdd5cd5-9c4c-463f-a193-9ffbc37dc237/ozone-meta/datanode-1/meta/datanode.id
2024-04-29 10:06:18,526 [main] INFO  ozone.HddsDatanodeService (HddsDatanodeService.java:start(240)) - HddsDatanodeService host:fv-az913-54.hn4i015bbztebps0p24f5airth.phxx.internal.cloudapp.net ip:10.1.0.39
2024-04-29 10:06:18,544 [main] INFO  upgrade.AbstractLayoutVersionManager (AbstractLayoutVersionManager.java:init(83)) - Initializing Layout version manager with metadata layout = HADOOP_PRC_PORTS_IN_DATANODEDETAILS (version = 7), software layout = HADOOP_PRC_PORTS_IN_DATANODEDETAILS (version = 7)
2024-04-29 10:06:18,545 [main] INFO  statemachine.DatanodeStateMachine (DatanodeStateMachine.java:getEndPointTaskThreadPoolSize(299)) - Datanode State Machine Task Thread Pool size 2
2024-04-29 10:06:18,545 [main] INFO  volume.HddsVolume (HddsVolume.java:<init>(126)) - Creating HddsVolume: /home/runner/work/ozone/ozone/hadoop-ozone/integration-test/target/test-dir/MiniOzoneClusterImpl-2cdd5cd5-9c4c-463f-a193-9ffbc37dc237/ozone-meta/datanode-2/data-0/hdds of storage type : DISK capacity : 9223372036854775807
2024-04-29 10:06:18,546 [main] INFO  volume.MutableVolumeSet (MutableVolumeSet.java:initializeVolumeSet(173)) - Added Volume : /home/runner/work/ozone/ozone/hadoop-ozone/integration-test/target/test-dir/MiniOzoneClusterImpl-2cdd5cd5-9c4c-463f-a193-9ffbc37dc237/ozone-meta/datanode-2/data-0/hdds to VolumeSet
2024-04-29 10:06:18,546 [main] INFO  volume.MutableVolumeSet (MutableVolumeSet.java:initializeVolumeSet(173)) - Added Volume : /home/runner/work/ozone/ozone/hadoop-ozone/integration-test/target/test-dir/MiniOzoneClusterImpl-2cdd5cd5-9c4c-463f-a193-9ffbc37dc237/ozone-meta/datanode-2/ratis to VolumeSet
2024-04-29 10:06:18,546 [main] INFO  ozoneimpl.OzoneContainer (HddsVolumeUtil.java:loadAllHddsVolumeDbStore(103)) - Load 1 volumes DbStore cost: 0ms
2024-04-29 10:06:18,548 [main] INFO  server.RaftServer (ConfUtils.java:logGet(46)) - raft.rpc.type = GRPC (default)
2024-04-29 10:06:18,548 [main] INFO  grpc.GrpcConfigKeys (ConfUtils.java:logFallback(53)) - raft.grpc.admin.host = null (fallback to raft.grpc.server.host)
2024-04-29 10:06:18,548 [main] INFO  grpc.GrpcConfigKeys (ConfUtils.java:logGet(46)) - raft.grpc.admin.port = 15378 (custom)
2024-04-29 10:06:18,548 [main] INFO  grpc.GrpcConfigKeys (ConfUtils.java:logFallback(53)) - raft.grpc.client.host = null (fallback to raft.grpc.server.host)
2024-04-29 10:06:18,548 [main] INFO  grpc.GrpcConfigKeys (ConfUtils.java:logGet(46)) - raft.grpc.client.port = 15377 (custom)
2024-04-29 10:06:18,548 [main] INFO  grpc.GrpcConfigKeys (ConfUtils.java:logGet(46)) - raft.grpc.server.host = null (default)
2024-04-29 10:06:18,548 [main] INFO  grpc.GrpcConfigKeys (ConfUtils.java:logGet(46)) - raft.grpc.server.port = 15379 (custom)
2024-04-29 10:06:18,548 [main] INFO  server.GrpcService (ConfUtils.java:logGet(46)) - raft.grpc.message.size.max = 32MB (=33554432) (custom)
2024-04-29 10:06:18,549 [main] INFO  server.RaftServerConfigKeys (ConfUtils.java:logGet(46)) - raft.server.log.appender.buffer.byte-limit = 8388608 (custom)
2024-04-29 10:06:18,549 [main] INFO  server.GrpcService (ConfUtils.java:logGet(46)) - raft.grpc.flow.control.window = 5MB (=5242880) (custom)
2024-04-29 10:06:18,549 [main] INFO  server.RaftServerConfigKeys (ConfUtils.java:logGet(46)) - raft.server.rpc.request.timeout = 3000ms (default)
2024-04-29 10:06:18,549 [main] INFO  grpc.GrpcConfigKeys (ConfUtils.java:logGet(46)) - raft.grpc.server.heartbeat.channel = true (default)
2024-04-29 10:06:18,549 [main] INFO  grpc.GrpcConfigKeys (ConfUtils.java:logGet(46)) - raft.grpc.server.async.request.thread.pool.cached = true (default)
2024-04-29 10:06:18,549 [main] INFO  grpc.GrpcConfigKeys (ConfUtils.java:logGet(46)) - raft.grpc.server.async.request.thread.pool.size = 32 (default)
2024-04-29 10:06:18,551 [main] INFO  impl.DataStreamServerImpl (ConfUtils.java:logGet(46)) - raft.datastream.type = NETTY (custom)
2024-04-29 10:06:18,551 [main] INFO  server.RaftServerConfigKeys (ConfUtils.java:logGet(46)) - raft.server.data-stream.async.request.thread.pool.cached = false (default)
2024-04-29 10:06:18,551 [main] INFO  server.RaftServerConfigKeys (ConfUtils.java:logGet(46)) - raft.server.data-stream.async.request.thread.pool.size = 20 (custom)
2024-04-29 10:06:18,551 [main] INFO  server.RaftServerConfigKeys (ConfUtils.java:logGet(46)) - raft.server.data-stream.async.write.thread.pool.size = 16 (default)
2024-04-29 10:06:18,551 [main] INFO  netty.NettyConfigKeys$DataStream (ConfUtils.java:logGet(46)) - raft.netty.dataStream.server.channel.inactive.grace-period = 10min (default)
2024-04-29 10:06:18,551 [main] INFO  server.RaftServerConfigKeys (ConfUtils.java:logGet(46)) - raft.server.data-stream.client.pool.size = 10 (default)
2024-04-29 10:06:18,551 [main] INFO  netty.NettyConfigKeys$DataStream (ConfUtils.java:logGet(46)) - raft.netty.dataStream.server.use-epoll = true (default)
2024-04-29 10:06:18,552 [main] INFO  netty.NettyConfigKeys$DataStream (ConfUtils.java:logGet(46)) - raft.netty.dataStream.server.boss-group.size = 0 (default)
2024-04-29 10:06:18,552 [main] INFO  netty.NettyUtils (NettyUtils.java:newEventLoopGroup(69)) - Create EpollEventLoopGroup for 22afc6ef-83d9-42e2-a783-8bf224581d75-NettyServerStreamRpc-bossGroup; Thread size is 0.
2024-04-29 10:06:18,552 [main] INFO  netty.NettyConfigKeys$DataStream (ConfUtils.java:logGet(46)) - raft.netty.dataStream.server.worker-group.size = 0 (default)
2024-04-29 10:06:18,552 [main] INFO  netty.NettyUtils (NettyUtils.java:newEventLoopGroup(69)) - Create EpollEventLoopGroup for 22afc6ef-83d9-42e2-a783-8bf224581d75-NettyServerStreamRpc-workerGroup; Thread size is 0.
2024-04-29 10:06:18,552 [main] INFO  netty.NettyConfigKeys$DataStream (ConfUtils.java:logGet(46)) - raft.netty.dataStream.server.tls.conf = null (default)
2024-04-29 10:06:18,553 [main] INFO  netty.NettyConfigKeys$DataStream (ConfUtils.java:logGet(46)) - raft.netty.dataStream.host = null (default)
2024-04-29 10:06:18,553 [main] INFO  netty.NettyConfigKeys$DataStream (ConfUtils.java:logGet(46)) - raft.netty.dataStream.port = 15380 (custom)
2024-04-29 10:06:18,553 [main] INFO  server.RaftServerConfigKeys (ConfUtils.java:logGet(46)) - raft.server.sleep.deviation.threshold = 300ms (default)
2024-04-29 10:06:18,553 [main] INFO  server.RaftServerConfigKeys (ConfUtils.java:logGet(46)) - raft.server.close.threshold = 60s (default)
2024-04-29 10:06:18,553 [main] INFO  server.RaftServerConfigKeys (ConfUtils.java:logGet(46)) - raft.server.leaderelection.leader.step-down.wait-time = 10s (default)
2024-04-29 10:06:18,553 [main] INFO  server.RaftServerConfigKeys (ConfUtils.java:logGet(46)) - raft.server.storage.dir = [/home/runner/work/ozone/ozone/hadoop-ozone/integration-test/target/test-dir/MiniOzoneClusterImpl-2cdd5cd5-9c4c-463f-a193-9ffbc37dc237/ozone-meta/datanode-2/ratis] (custom)
2024-04-29 10:06:18,554 [main] INFO  server.RaftServerConfigKeys (ConfUtils.java:logGet(46)) - raft.server.threadpool.proxy.cached = true (default)
2024-04-29 10:06:18,554 [main] INFO  server.RaftServerConfigKeys (ConfUtils.java:logGet(46)) - raft.server.threadpool.proxy.size = 0 (default)
2024-04-29 10:06:18,553 [22afc6ef-83d9-42e2-a783-8bf224581d75-NettyServerStreamRpc-bossGroup--thread1] INFO  logging.LoggingHandler (AbstractInternalLogger.java:log(148)) - [id: 0xb8d1b0fe] REGISTERED
2024-04-29 10:06:18,554 [22afc6ef-83d9-42e2-a783-8bf224581d75-NettyServerStreamRpc-bossGroup--thread1] INFO  logging.LoggingHandler (AbstractInternalLogger.java:log(148)) - [id: 0xb8d1b0fe] BIND: 0.0.0.0/0.0.0.0:15380
2024-04-29 10:06:18,554 [22afc6ef-83d9-42e2-a783-8bf224581d75-NettyServerStreamRpc-bossGroup--thread1] INFO  logging.LoggingHandler (AbstractInternalLogger.java:log(148)) - [id: 0xb8d1b0fe, L:/0.0.0.0:15380] ACTIVE
2024-04-29 10:06:18,556 [22afc6ef-83d9-42e2-a783-8bf224581d75-impl-thread1] INFO  server.RaftServer (RaftServerProxy.java:initGroupDir(264)) - 22afc6ef-83d9-42e2-a783-8bf224581d75: found a subdirectory /home/runner/work/ozone/ozone/hadoop-ozone/integration-test/target/test-dir/MiniOzoneClusterImpl-2cdd5cd5-9c4c-463f-a193-9ffbc37dc237/ozone-meta/datanode-2/ratis/tmp
2024-04-29 10:06:18,556 [22afc6ef-83d9-42e2-a783-8bf224581d75-impl-thread1] INFO  server.RaftServer (RaftServerProxy.java:initGroupDir(269)) - 22afc6ef-83d9-42e2-a783-8bf224581d75: The directory /home/runner/work/ozone/ozone/hadoop-ozone/integration-test/target/test-dir/MiniOzoneClusterImpl-2cdd5cd5-9c4c-463f-a193-9ffbc37dc237/ozone-meta/datanode-2/ratis/tmp is not a group directory; ignoring it. 
2024-04-29 10:06:18,556 [main] INFO  replication.ReplicationServer (ReplicationServer.java:<init>(86)) - Initializing replication server with thread count = 10 queue length = 4096
2024-04-29 10:06:18,557 [main] INFO  server.XceiverServerGrpc (XceiverServerGrpc.java:<init>(141)) - GrpcServer channel type EpollServerSocketChannel
2024-04-29 10:06:18,559 [main] INFO  replication.ReplicationSupervisor (ReplicationSupervisor.java:build(157)) - Initializing replication supervisor with thread count = 10
2024-04-29 10:06:18,559 [main] INFO  replication.ReplicationSupervisor (ReplicationSupervisor.java:nodeStateUpdated(312)) - Node state updated to IN_SERVICE, scaling executor pool size to 10
2024-04-29 10:06:18,562 [main] INFO  http.BaseHttpServer (BaseHttpServer.java:newHttpServer2BuilderForOzone(223)) - Starting Web-server for hddsDatanode at: http://0.0.0.0:15374
2024-04-29 10:06:18,562 [main] INFO  http.BaseHttpServer (BaseHttpServer.java:<init>(110)) - Hadoop Security Enabled: false Ozone Security Enabled: false Ozone HTTP Security Enabled: false 
2024-04-29 10:06:18,563 [main] WARN  server.AuthenticationFilter (AuthenticationFilter.java:constructSecretProvider(240)) - Unable to initialize FileSignerSecretProvider, falling back to use random secrets. Reason: Could not read signature secret file: /home/runner/hadoop-http-auth-signature-secret
2024-04-29 10:06:18,564 [main] INFO  http.HttpRequestLog (HttpRequestLog.java:getRequestLog(86)) - Http request log for http.requests.hddsDatanode is not defined
2024-04-29 10:06:18,565 [main] INFO  http.HttpServer2 (HttpServer2.java:addGlobalFilter(1036)) - Added global filter 'safety' (class=org.apache.hadoop.hdds.server.http.HttpServer2$QuotingInputFilter)
2024-04-29 10:06:18,565 [main] INFO  http.HttpServer2 (HttpServer2.java:addFilter(1012)) - Added filter static_user_filter (class=org.apache.hadoop.http.lib.StaticUserWebFilter$StaticUserFilter) to context hddsDatanode
2024-04-29 10:06:18,565 [main] INFO  http.HttpServer2 (HttpServer2.java:addFilter(1020)) - Added filter static_user_filter (class=org.apache.hadoop.http.lib.StaticUserWebFilter$StaticUserFilter) to context static
2024-04-29 10:06:18,565 [main] INFO  http.HttpServer2 (HttpServer2.java:addFilter(1020)) - Added filter static_user_filter (class=org.apache.hadoop.http.lib.StaticUserWebFilter$StaticUserFilter) to context logs
2024-04-29 10:06:18,566 [main] INFO  http.BaseHttpServer (BaseHttpServer.java:<init>(189)) - HTTP server of hddsDatanode uses base directory /home/runner/work/ozone/ozone/hadoop-ozone/integration-test/target/test-dir/MiniOzoneClusterImpl-2cdd5cd5-9c4c-463f-a193-9ffbc37dc237/ozone-meta/datanode-2/meta/webserver
2024-04-29 10:06:18,566 [main] INFO  http.HttpServer2 (HttpServer2.java:bindListener(1236)) - Jetty bound to port 15374
2024-04-29 10:06:18,566 [main] INFO  server.Server (Server.java:doStart(375)) - jetty-9.4.54.v20240208; built: 2024-02-08T19:42:39.027Z; git: cef3fbd6d736a21e7d541a5db490381d95a2047d; jvm 17.0.10+7
2024-04-29 10:06:18,568 [main] INFO  server.session (DefaultSessionIdManager.java:doStart(334)) - DefaultSessionIdManager workerName=node0
2024-04-29 10:06:18,568 [main] INFO  server.session (DefaultSessionIdManager.java:doStart(339)) - No SessionScavenger set, using defaults
2024-04-29 10:06:18,568 [main] INFO  server.session (HouseKeeper.java:startScavenging(132)) - node0 Scavenging every 660000ms
2024-04-29 10:06:18,569 [main] INFO  handler.ContextHandler (ContextHandler.java:doStart(921)) - Started o.e.j.s.ServletContextHandler@2c892155{logs,/logs,file:///home/runner/work/ozone/ozone/hadoop-ozone/integration-test/target/log,AVAILABLE}
2024-04-29 10:06:18,569 [main] INFO  handler.ContextHandler (ContextHandler.java:doStart(921)) - Started o.e.j.s.ServletContextHandler@5275b8c2{static,/static,file:///home/runner/work/ozone/ozone/hadoop-hdds/container-service/target/classes/webapps/static,AVAILABLE}
2024-04-29 10:06:18,571 [main] INFO  handler.ContextHandler (ContextHandler.java:doStart(921)) - Started o.e.j.w.WebAppContext@63d9cd59{hddsDatanode,/,file:///home/runner/work/ozone/ozone/hadoop-hdds/container-service/target/classes/webapps/hddsDatanode/,AVAILABLE}{file:/home/runner/work/ozone/ozone/hadoop-hdds/container-service/target/classes/webapps/hddsDatanode}
2024-04-29 10:06:18,572 [main] INFO  server.AbstractConnector (AbstractConnector.java:doStart(333)) - Started ServerConnector@6014a1f5{HTTP/1.1, (http/1.1)}{0.0.0.0:15374}
2024-04-29 10:06:18,572 [main] INFO  server.Server (Server.java:doStart(415)) - Started @145945ms
2024-04-29 10:06:18,572 [main] WARN  impl.MetricsSystemImpl (MetricsSystemImpl.java:register(279)) - Sink prometheus already exists!
2024-04-29 10:06:18,573 [main] INFO  http.BaseHttpServer (BaseHttpServer.java:updateConnectorAddress(354)) - HTTP server of hddsDatanode listening at http://0.0.0.0:15374
2024-04-29 10:06:18,573 [main] INFO  ipc.CallQueueManager (CallQueueManager.java:<init>(90)) - Using callQueue: class java.util.concurrent.LinkedBlockingQueue, queueCapacity: 100, scheduler: class org.apache.hadoop.ipc.DefaultRpcScheduler, ipcBackoff: false.
2024-04-29 10:06:18,573 [main] INFO  ipc.Server (Server.java:<init>(1287)) - Listener at 0.0.0.0:15375
2024-04-29 10:06:18,573 [Socket Reader #1 for port 15375] INFO  ipc.Server (Server.java:run(1323)) - Starting Socket Reader #1 for port 15375
2024-04-29 10:06:18,574 [main] INFO  ozone.HddsDatanodeService (HddsDatanodeService.java:start(327)) - Datanode start with admins: [runner]
2024-04-29 10:06:18,574 [main] INFO  ozone.HddsDatanodeClientProtocolServer (HddsDatanodeClientProtocolServer.java:start(77)) - RPC server for Client /0.0.0.0:15375
2024-04-29 10:06:18,574 [IPC Server Responder] INFO  ipc.Server (Server.java:run(1562)) - IPC Server Responder: starting
2024-04-29 10:06:18,575 [IPC Server listener on 15375] INFO  ipc.Server (Server.java:run(1402)) - IPC Server listener on 15375: starting
2024-04-29 10:06:18,577 [22afc6ef-83d9-42e2-a783-8bf224581d75-DatanodeStateMachineDaemonThread] INFO  statemachine.DatanodeStateMachine (DatanodeStateMachine.java:lambda$startDaemon$1(555)) - Ozone container server started.
2024-04-29 10:06:18,577 [main] WARN  dropwizard3.Dm3MetricRegistriesImpl (Dm3MetricRegistriesImpl.java:addReporterRegistration(113)) - New reporters are added after registries were created. Some metrics will be missing from the reporter. Please add reporter before adding any new registry.
2024-04-29 10:06:18,578 [main] WARN  dropwizard3.Dm3MetricRegistriesImpl (Dm3MetricRegistriesImpl.java:addReporterRegistration(113)) - New reporters are added after registries were created. Some metrics will be missing from the reporter. Please add reporter before adding any new registry.
2024-04-29 10:06:18,578 [main] INFO  impl.MetricsSystemImpl (MetricsSystemImpl.java:init(158)) - HddsDatanode metrics system started (again)
2024-04-29 10:06:18,580 [22afc6ef-83d9-42e2-a783-8bf224581d75-DatanodeStateMachineTaskThread-0] INFO  datanode.InitDatanodeState (InitDatanodeState.java:persistContainerDatanodeDetails(139)) - DatanodeDetails is persisted to /home/runner/work/ozone/ozone/hadoop-ozone/integration-test/target/test-dir/MiniOzoneClusterImpl-2cdd5cd5-9c4c-463f-a193-9ffbc37dc237/ozone-meta/datanode-2/meta/datanode.id
2024-04-29 10:06:18,586 [main] INFO  ozone.HddsDatanodeService (HddsDatanodeService.java:start(240)) - HddsDatanodeService host:fv-az913-54.hn4i015bbztebps0p24f5airth.phxx.internal.cloudapp.net ip:10.1.0.39
2024-04-29 10:06:18,607 [main] INFO  upgrade.AbstractLayoutVersionManager (AbstractLayoutVersionManager.java:init(83)) - Initializing Layout version manager with metadata layout = HADOOP_PRC_PORTS_IN_DATANODEDETAILS (version = 7), software layout = HADOOP_PRC_PORTS_IN_DATANODEDETAILS (version = 7)
2024-04-29 10:06:18,607 [main] INFO  statemachine.DatanodeStateMachine (DatanodeStateMachine.java:getEndPointTaskThreadPoolSize(299)) - Datanode State Machine Task Thread Pool size 2
2024-04-29 10:06:18,608 [main] INFO  volume.HddsVolume (HddsVolume.java:<init>(126)) - Creating HddsVolume: /home/runner/work/ozone/ozone/hadoop-ozone/integration-test/target/test-dir/MiniOzoneClusterImpl-2cdd5cd5-9c4c-463f-a193-9ffbc37dc237/ozone-meta/datanode-3/data-0/hdds of storage type : DISK capacity : 9223372036854775807
2024-04-29 10:06:18,608 [main] INFO  volume.MutableVolumeSet (MutableVolumeSet.java:initializeVolumeSet(173)) - Added Volume : /home/runner/work/ozone/ozone/hadoop-ozone/integration-test/target/test-dir/MiniOzoneClusterImpl-2cdd5cd5-9c4c-463f-a193-9ffbc37dc237/ozone-meta/datanode-3/data-0/hdds to VolumeSet
2024-04-29 10:06:18,609 [main] INFO  volume.MutableVolumeSet (MutableVolumeSet.java:initializeVolumeSet(173)) - Added Volume : /home/runner/work/ozone/ozone/hadoop-ozone/integration-test/target/test-dir/MiniOzoneClusterImpl-2cdd5cd5-9c4c-463f-a193-9ffbc37dc237/ozone-meta/datanode-3/ratis to VolumeSet
2024-04-29 10:06:18,609 [main] INFO  ozoneimpl.OzoneContainer (HddsVolumeUtil.java:loadAllHddsVolumeDbStore(103)) - Load 1 volumes DbStore cost: 0ms
2024-04-29 10:06:18,610 [main] INFO  server.RaftServer (ConfUtils.java:logGet(46)) - raft.rpc.type = GRPC (default)
2024-04-29 10:06:18,611 [main] INFO  grpc.GrpcConfigKeys (ConfUtils.java:logFallback(53)) - raft.grpc.admin.host = null (fallback to raft.grpc.server.host)
2024-04-29 10:06:18,611 [main] INFO  grpc.GrpcConfigKeys (ConfUtils.java:logGet(46)) - raft.grpc.admin.port = 15387 (custom)
2024-04-29 10:06:18,611 [main] INFO  grpc.GrpcConfigKeys (ConfUtils.java:logFallback(53)) - raft.grpc.client.host = null (fallback to raft.grpc.server.host)
2024-04-29 10:06:18,611 [main] INFO  grpc.GrpcConfigKeys (ConfUtils.java:logGet(46)) - raft.grpc.client.port = 15386 (custom)
2024-04-29 10:06:18,611 [main] INFO  grpc.GrpcConfigKeys (ConfUtils.java:logGet(46)) - raft.grpc.server.host = null (default)
2024-04-29 10:06:18,611 [main] INFO  grpc.GrpcConfigKeys (ConfUtils.java:logGet(46)) - raft.grpc.server.port = 15388 (custom)
2024-04-29 10:06:18,611 [main] INFO  server.GrpcService (ConfUtils.java:logGet(46)) - raft.grpc.message.size.max = 32MB (=33554432) (custom)
2024-04-29 10:06:18,611 [main] INFO  server.RaftServerConfigKeys (ConfUtils.java:logGet(46)) - raft.server.log.appender.buffer.byte-limit = 8388608 (custom)
2024-04-29 10:06:18,611 [main] INFO  server.GrpcService (ConfUtils.java:logGet(46)) - raft.grpc.flow.control.window = 5MB (=5242880) (custom)
2024-04-29 10:06:18,611 [main] INFO  server.RaftServerConfigKeys (ConfUtils.java:logGet(46)) - raft.server.rpc.request.timeout = 3000ms (default)
2024-04-29 10:06:18,612 [main] INFO  grpc.GrpcConfigKeys (ConfUtils.java:logGet(46)) - raft.grpc.server.heartbeat.channel = true (default)
2024-04-29 10:06:18,612 [main] INFO  grpc.GrpcConfigKeys (ConfUtils.java:logGet(46)) - raft.grpc.server.async.request.thread.pool.cached = true (default)
2024-04-29 10:06:18,612 [main] INFO  grpc.GrpcConfigKeys (ConfUtils.java:logGet(46)) - raft.grpc.server.async.request.thread.pool.size = 32 (default)
2024-04-29 10:06:18,613 [main] INFO  impl.DataStreamServerImpl (ConfUtils.java:logGet(46)) - raft.datastream.type = NETTY (custom)
2024-04-29 10:06:18,614 [main] INFO  server.RaftServerConfigKeys (ConfUtils.java:logGet(46)) - raft.server.data-stream.async.request.thread.pool.cached = false (default)
2024-04-29 10:06:18,614 [main] INFO  server.RaftServerConfigKeys (ConfUtils.java:logGet(46)) - raft.server.data-stream.async.request.thread.pool.size = 20 (custom)
2024-04-29 10:06:18,614 [main] INFO  server.RaftServerConfigKeys (ConfUtils.java:logGet(46)) - raft.server.data-stream.async.write.thread.pool.size = 16 (default)
2024-04-29 10:06:18,614 [main] INFO  netty.NettyConfigKeys$DataStream (ConfUtils.java:logGet(46)) - raft.netty.dataStream.server.channel.inactive.grace-period = 10min (default)
2024-04-29 10:06:18,614 [main] INFO  server.RaftServerConfigKeys (ConfUtils.java:logGet(46)) - raft.server.data-stream.client.pool.size = 10 (default)
2024-04-29 10:06:18,614 [main] INFO  netty.NettyConfigKeys$DataStream (ConfUtils.java:logGet(46)) - raft.netty.dataStream.server.use-epoll = true (default)
2024-04-29 10:06:18,614 [main] INFO  netty.NettyConfigKeys$DataStream (ConfUtils.java:logGet(46)) - raft.netty.dataStream.server.boss-group.size = 0 (default)
2024-04-29 10:06:18,614 [main] INFO  netty.NettyUtils (NettyUtils.java:newEventLoopGroup(69)) - Create EpollEventLoopGroup for a7d28670-f9d1-457c-83f3-4caf0bab89df-NettyServerStreamRpc-bossGroup; Thread size is 0.
2024-04-29 10:06:18,615 [main] INFO  netty.NettyConfigKeys$DataStream (ConfUtils.java:logGet(46)) - raft.netty.dataStream.server.worker-group.size = 0 (default)
2024-04-29 10:06:18,615 [main] INFO  netty.NettyUtils (NettyUtils.java:newEventLoopGroup(69)) - Create EpollEventLoopGroup for a7d28670-f9d1-457c-83f3-4caf0bab89df-NettyServerStreamRpc-workerGroup; Thread size is 0.
2024-04-29 10:06:18,615 [main] INFO  netty.NettyConfigKeys$DataStream (ConfUtils.java:logGet(46)) - raft.netty.dataStream.server.tls.conf = null (default)
2024-04-29 10:06:18,615 [main] INFO  netty.NettyConfigKeys$DataStream (ConfUtils.java:logGet(46)) - raft.netty.dataStream.host = null (default)
2024-04-29 10:06:18,615 [main] INFO  netty.NettyConfigKeys$DataStream (ConfUtils.java:logGet(46)) - raft.netty.dataStream.port = 15389 (custom)
2024-04-29 10:06:18,615 [main] INFO  server.RaftServerConfigKeys (ConfUtils.java:logGet(46)) - raft.server.sleep.deviation.threshold = 300ms (default)
2024-04-29 10:06:18,616 [main] INFO  server.RaftServerConfigKeys (ConfUtils.java:logGet(46)) - raft.server.close.threshold = 60s (default)
2024-04-29 10:06:18,616 [main] INFO  server.RaftServerConfigKeys (ConfUtils.java:logGet(46)) - raft.server.leaderelection.leader.step-down.wait-time = 10s (default)
2024-04-29 10:06:18,616 [a7d28670-f9d1-457c-83f3-4caf0bab89df-NettyServerStreamRpc-bossGroup--thread1] INFO  logging.LoggingHandler (AbstractInternalLogger.java:log(148)) - [id: 0x3bfc963b] REGISTERED
2024-04-29 10:06:18,616 [a7d28670-f9d1-457c-83f3-4caf0bab89df-NettyServerStreamRpc-bossGroup--thread1] INFO  logging.LoggingHandler (AbstractInternalLogger.java:log(148)) - [id: 0x3bfc963b] BIND: 0.0.0.0/0.0.0.0:15389
2024-04-29 10:06:18,616 [a7d28670-f9d1-457c-83f3-4caf0bab89df-NettyServerStreamRpc-bossGroup--thread1] INFO  logging.LoggingHandler (AbstractInternalLogger.java:log(148)) - [id: 0x3bfc963b, L:/0.0.0.0:15389] ACTIVE
2024-04-29 10:06:18,616 [main] INFO  server.RaftServerConfigKeys (ConfUtils.java:logGet(46)) - raft.server.storage.dir = [/home/runner/work/ozone/ozone/hadoop-ozone/integration-test/target/test-dir/MiniOzoneClusterImpl-2cdd5cd5-9c4c-463f-a193-9ffbc37dc237/ozone-meta/datanode-3/ratis] (custom)
2024-04-29 10:06:18,616 [main] INFO  server.RaftServerConfigKeys (ConfUtils.java:logGet(46)) - raft.server.threadpool.proxy.cached = true (default)
2024-04-29 10:06:18,616 [main] INFO  server.RaftServerConfigKeys (ConfUtils.java:logGet(46)) - raft.server.threadpool.proxy.size = 0 (default)
2024-04-29 10:06:18,616 [a7d28670-f9d1-457c-83f3-4caf0bab89df-impl-thread1] INFO  server.RaftServer (RaftServerProxy.java:initGroupDir(264)) - a7d28670-f9d1-457c-83f3-4caf0bab89df: found a subdirectory /home/runner/work/ozone/ozone/hadoop-ozone/integration-test/target/test-dir/MiniOzoneClusterImpl-2cdd5cd5-9c4c-463f-a193-9ffbc37dc237/ozone-meta/datanode-3/ratis/tmp
2024-04-29 10:06:18,617 [a7d28670-f9d1-457c-83f3-4caf0bab89df-impl-thread1] INFO  server.RaftServer (RaftServerProxy.java:initGroupDir(269)) - a7d28670-f9d1-457c-83f3-4caf0bab89df: The directory /home/runner/work/ozone/ozone/hadoop-ozone/integration-test/target/test-dir/MiniOzoneClusterImpl-2cdd5cd5-9c4c-463f-a193-9ffbc37dc237/ozone-meta/datanode-3/ratis/tmp is not a group directory; ignoring it. 
2024-04-29 10:06:18,617 [main] INFO  replication.ReplicationServer (ReplicationServer.java:<init>(86)) - Initializing replication server with thread count = 10 queue length = 4096
2024-04-29 10:06:18,617 [main] INFO  server.XceiverServerGrpc (XceiverServerGrpc.java:<init>(141)) - GrpcServer channel type EpollServerSocketChannel
2024-04-29 10:06:18,618 [main] INFO  replication.ReplicationSupervisor (ReplicationSupervisor.java:build(157)) - Initializing replication supervisor with thread count = 10
2024-04-29 10:06:18,618 [main] INFO  replication.ReplicationSupervisor (ReplicationSupervisor.java:nodeStateUpdated(312)) - Node state updated to IN_SERVICE, scaling executor pool size to 10
2024-04-29 10:06:18,620 [main] INFO  http.BaseHttpServer (BaseHttpServer.java:newHttpServer2BuilderForOzone(223)) - Starting Web-server for hddsDatanode at: http://0.0.0.0:15383
2024-04-29 10:06:18,620 [main] INFO  http.BaseHttpServer (BaseHttpServer.java:<init>(110)) - Hadoop Security Enabled: false Ozone Security Enabled: false Ozone HTTP Security Enabled: false 
2024-04-29 10:06:18,621 [main] WARN  server.AuthenticationFilter (AuthenticationFilter.java:constructSecretProvider(240)) - Unable to initialize FileSignerSecretProvider, falling back to use random secrets. Reason: Could not read signature secret file: /home/runner/hadoop-http-auth-signature-secret
2024-04-29 10:06:18,621 [main] INFO  http.HttpRequestLog (HttpRequestLog.java:getRequestLog(86)) - Http request log for http.requests.hddsDatanode is not defined
2024-04-29 10:06:18,622 [main] INFO  http.HttpServer2 (HttpServer2.java:addGlobalFilter(1036)) - Added global filter 'safety' (class=org.apache.hadoop.hdds.server.http.HttpServer2$QuotingInputFilter)
2024-04-29 10:06:18,622 [main] INFO  http.HttpServer2 (HttpServer2.java:addFilter(1012)) - Added filter static_user_filter (class=org.apache.hadoop.http.lib.StaticUserWebFilter$StaticUserFilter) to context hddsDatanode
2024-04-29 10:06:18,622 [main] INFO  http.HttpServer2 (HttpServer2.java:addFilter(1020)) - Added filter static_user_filter (class=org.apache.hadoop.http.lib.StaticUserWebFilter$StaticUserFilter) to context static
2024-04-29 10:06:18,622 [main] INFO  http.HttpServer2 (HttpServer2.java:addFilter(1020)) - Added filter static_user_filter (class=org.apache.hadoop.http.lib.StaticUserWebFilter$StaticUserFilter) to context logs
2024-04-29 10:06:18,623 [main] INFO  http.BaseHttpServer (BaseHttpServer.java:<init>(189)) - HTTP server of hddsDatanode uses base directory /home/runner/work/ozone/ozone/hadoop-ozone/integration-test/target/test-dir/MiniOzoneClusterImpl-2cdd5cd5-9c4c-463f-a193-9ffbc37dc237/ozone-meta/datanode-3/meta/webserver
2024-04-29 10:06:18,623 [main] INFO  http.HttpServer2 (HttpServer2.java:bindListener(1236)) - Jetty bound to port 15383
2024-04-29 10:06:18,623 [main] INFO  server.Server (Server.java:doStart(375)) - jetty-9.4.54.v20240208; built: 2024-02-08T19:42:39.027Z; git: cef3fbd6d736a21e7d541a5db490381d95a2047d; jvm 17.0.10+7
2024-04-29 10:06:18,624 [main] INFO  server.session (DefaultSessionIdManager.java:doStart(334)) - DefaultSessionIdManager workerName=node0
2024-04-29 10:06:18,624 [main] INFO  server.session (DefaultSessionIdManager.java:doStart(339)) - No SessionScavenger set, using defaults
2024-04-29 10:06:18,624 [main] INFO  server.session (HouseKeeper.java:startScavenging(132)) - node0 Scavenging every 660000ms
2024-04-29 10:06:18,624 [main] INFO  handler.ContextHandler (ContextHandler.java:doStart(921)) - Started o.e.j.s.ServletContextHandler@428ea503{logs,/logs,file:///home/runner/work/ozone/ozone/hadoop-ozone/integration-test/target/log,AVAILABLE}
2024-04-29 10:06:18,625 [main] INFO  handler.ContextHandler (ContextHandler.java:doStart(921)) - Started o.e.j.s.ServletContextHandler@4bc796dc{static,/static,file:///home/runner/work/ozone/ozone/hadoop-hdds/container-service/target/classes/webapps/static,AVAILABLE}
2024-04-29 10:06:18,627 [main] INFO  handler.ContextHandler (ContextHandler.java:doStart(921)) - Started o.e.j.w.WebAppContext@6cfa1cb2{hddsDatanode,/,file:///home/runner/work/ozone/ozone/hadoop-hdds/container-service/target/classes/webapps/hddsDatanode/,AVAILABLE}{file:/home/runner/work/ozone/ozone/hadoop-hdds/container-service/target/classes/webapps/hddsDatanode}
2024-04-29 10:06:18,628 [main] INFO  server.AbstractConnector (AbstractConnector.java:doStart(333)) - Started ServerConnector@299c20bd{HTTP/1.1, (http/1.1)}{0.0.0.0:15383}
2024-04-29 10:06:18,628 [main] INFO  server.Server (Server.java:doStart(415)) - Started @146001ms
2024-04-29 10:06:18,628 [main] WARN  impl.MetricsSystemImpl (MetricsSystemImpl.java:register(279)) - Sink prometheus already exists!
2024-04-29 10:06:18,628 [main] INFO  http.BaseHttpServer (BaseHttpServer.java:updateConnectorAddress(354)) - HTTP server of hddsDatanode listening at http://0.0.0.0:15383
2024-04-29 10:06:18,629 [main] INFO  ipc.CallQueueManager (CallQueueManager.java:<init>(90)) - Using callQueue: class java.util.concurrent.LinkedBlockingQueue, queueCapacity: 100, scheduler: class org.apache.hadoop.ipc.DefaultRpcScheduler, ipcBackoff: false.
2024-04-29 10:06:18,629 [main] INFO  ipc.Server (Server.java:<init>(1287)) - Listener at 0.0.0.0:15384
2024-04-29 10:06:18,629 [Socket Reader #1 for port 15384] INFO  ipc.Server (Server.java:run(1323)) - Starting Socket Reader #1 for port 15384
2024-04-29 10:06:18,630 [main] INFO  ozone.HddsDatanodeService (HddsDatanodeService.java:start(327)) - Datanode start with admins: [runner]
2024-04-29 10:06:18,630 [main] INFO  ozone.HddsDatanodeClientProtocolServer (HddsDatanodeClientProtocolServer.java:start(77)) - RPC server for Client /0.0.0.0:15384
2024-04-29 10:06:18,633 [IPC Server Responder] INFO  ipc.Server (Server.java:run(1562)) - IPC Server Responder: starting
2024-04-29 10:06:18,633 [IPC Server listener on 15384] INFO  ipc.Server (Server.java:run(1402)) - IPC Server listener on 15384: starting
2024-04-29 10:06:18,637 [a7d28670-f9d1-457c-83f3-4caf0bab89df-DatanodeStateMachineDaemonThread] INFO  statemachine.DatanodeStateMachine (DatanodeStateMachine.java:lambda$startDaemon$1(555)) - Ozone container server started.
2024-04-29 10:06:18,637 [main] WARN  dropwizard3.Dm3MetricRegistriesImpl (Dm3MetricRegistriesImpl.java:addReporterRegistration(113)) - New reporters are added after registries were created. Some metrics will be missing from the reporter. Please add reporter before adding any new registry.
2024-04-29 10:06:18,637 [main] WARN  dropwizard3.Dm3MetricRegistriesImpl (Dm3MetricRegistriesImpl.java:addReporterRegistration(113)) - New reporters are added after registries were created. Some metrics will be missing from the reporter. Please add reporter before adding any new registry.
2024-04-29 10:06:18,638 [main] INFO  impl.MetricsSystemImpl (MetricsSystemImpl.java:init(158)) - HddsDatanode metrics system started (again)
2024-04-29 10:06:18,646 [main] INFO  ozone.HddsDatanodeService (HddsDatanodeService.java:start(240)) - HddsDatanodeService host:fv-az913-54.hn4i015bbztebps0p24f5airth.phxx.internal.cloudapp.net ip:10.1.0.39
2024-04-29 10:06:18,650 [a7d28670-f9d1-457c-83f3-4caf0bab89df-DatanodeStateMachineTaskThread-0] INFO  datanode.InitDatanodeState (InitDatanodeState.java:persistContainerDatanodeDetails(139)) - DatanodeDetails is persisted to /home/runner/work/ozone/ozone/hadoop-ozone/integration-test/target/test-dir/MiniOzoneClusterImpl-2cdd5cd5-9c4c-463f-a193-9ffbc37dc237/ozone-meta/datanode-3/meta/datanode.id
2024-04-29 10:06:18,666 [main] INFO  upgrade.AbstractLayoutVersionManager (AbstractLayoutVersionManager.java:init(83)) - Initializing Layout version manager with metadata layout = HADOOP_PRC_PORTS_IN_DATANODEDETAILS (version = 7), software layout = HADOOP_PRC_PORTS_IN_DATANODEDETAILS (version = 7)
2024-04-29 10:06:18,667 [main] INFO  statemachine.DatanodeStateMachine (DatanodeStateMachine.java:getEndPointTaskThreadPoolSize(299)) - Datanode State Machine Task Thread Pool size 2
2024-04-29 10:06:18,668 [main] INFO  volume.HddsVolume (HddsVolume.java:<init>(126)) - Creating HddsVolume: /home/runner/work/ozone/ozone/hadoop-ozone/integration-test/target/test-dir/MiniOzoneClusterImpl-2cdd5cd5-9c4c-463f-a193-9ffbc37dc237/ozone-meta/datanode-4/data-0/hdds of storage type : DISK capacity : 9223372036854775807
2024-04-29 10:06:18,668 [main] INFO  volume.MutableVolumeSet (MutableVolumeSet.java:initializeVolumeSet(173)) - Added Volume : /home/runner/work/ozone/ozone/hadoop-ozone/integration-test/target/test-dir/MiniOzoneClusterImpl-2cdd5cd5-9c4c-463f-a193-9ffbc37dc237/ozone-meta/datanode-4/data-0/hdds to VolumeSet
2024-04-29 10:06:18,668 [main] INFO  volume.MutableVolumeSet (MutableVolumeSet.java:initializeVolumeSet(173)) - Added Volume : /home/runner/work/ozone/ozone/hadoop-ozone/integration-test/target/test-dir/MiniOzoneClusterImpl-2cdd5cd5-9c4c-463f-a193-9ffbc37dc237/ozone-meta/datanode-4/ratis to VolumeSet
2024-04-29 10:06:18,669 [main] INFO  ozoneimpl.OzoneContainer (HddsVolumeUtil.java:loadAllHddsVolumeDbStore(103)) - Load 1 volumes DbStore cost: 1ms
2024-04-29 10:06:18,670 [main] INFO  server.RaftServer (ConfUtils.java:logGet(46)) - raft.rpc.type = GRPC (default)
2024-04-29 10:06:18,670 [main] INFO  grpc.GrpcConfigKeys (ConfUtils.java:logFallback(53)) - raft.grpc.admin.host = null (fallback to raft.grpc.server.host)
2024-04-29 10:06:18,670 [main] INFO  grpc.GrpcConfigKeys (ConfUtils.java:logGet(46)) - raft.grpc.admin.port = 15396 (custom)
2024-04-29 10:06:18,671 [main] INFO  grpc.GrpcConfigKeys (ConfUtils.java:logFallback(53)) - raft.grpc.client.host = null (fallback to raft.grpc.server.host)
2024-04-29 10:06:18,671 [main] INFO  grpc.GrpcConfigKeys (ConfUtils.java:logGet(46)) - raft.grpc.client.port = 15395 (custom)
2024-04-29 10:06:18,671 [main] INFO  grpc.GrpcConfigKeys (ConfUtils.java:logGet(46)) - raft.grpc.server.host = null (default)
2024-04-29 10:06:18,671 [main] INFO  grpc.GrpcConfigKeys (ConfUtils.java:logGet(46)) - raft.grpc.server.port = 15397 (custom)
2024-04-29 10:06:18,671 [main] INFO  server.GrpcService (ConfUtils.java:logGet(46)) - raft.grpc.message.size.max = 32MB (=33554432) (custom)
2024-04-29 10:06:18,671 [main] INFO  server.RaftServerConfigKeys (ConfUtils.java:logGet(46)) - raft.server.log.appender.buffer.byte-limit = 8388608 (custom)
2024-04-29 10:06:18,671 [main] INFO  server.GrpcService (ConfUtils.java:logGet(46)) - raft.grpc.flow.control.window = 5MB (=5242880) (custom)
2024-04-29 10:06:18,671 [main] INFO  server.RaftServerConfigKeys (ConfUtils.java:logGet(46)) - raft.server.rpc.request.timeout = 3000ms (default)
2024-04-29 10:06:18,671 [main] INFO  grpc.GrpcConfigKeys (ConfUtils.java:logGet(46)) - raft.grpc.server.heartbeat.channel = true (default)
2024-04-29 10:06:18,671 [main] INFO  grpc.GrpcConfigKeys (ConfUtils.java:logGet(46)) - raft.grpc.server.async.request.thread.pool.cached = true (default)
2024-04-29 10:06:18,671 [main] INFO  grpc.GrpcConfigKeys (ConfUtils.java:logGet(46)) - raft.grpc.server.async.request.thread.pool.size = 32 (default)
2024-04-29 10:06:18,673 [main] INFO  impl.DataStreamServerImpl (ConfUtils.java:logGet(46)) - raft.datastream.type = NETTY (custom)
2024-04-29 10:06:18,673 [main] INFO  server.RaftServerConfigKeys (ConfUtils.java:logGet(46)) - raft.server.data-stream.async.request.thread.pool.cached = false (default)
2024-04-29 10:06:18,673 [main] INFO  server.RaftServerConfigKeys (ConfUtils.java:logGet(46)) - raft.server.data-stream.async.request.thread.pool.size = 20 (custom)
2024-04-29 10:06:18,674 [main] INFO  server.RaftServerConfigKeys (ConfUtils.java:logGet(46)) - raft.server.data-stream.async.write.thread.pool.size = 16 (default)
2024-04-29 10:06:18,674 [main] INFO  netty.NettyConfigKeys$DataStream (ConfUtils.java:logGet(46)) - raft.netty.dataStream.server.channel.inactive.grace-period = 10min (default)
2024-04-29 10:06:18,674 [main] INFO  server.RaftServerConfigKeys (ConfUtils.java:logGet(46)) - raft.server.data-stream.client.pool.size = 10 (default)
2024-04-29 10:06:18,674 [main] INFO  netty.NettyConfigKeys$DataStream (ConfUtils.java:logGet(46)) - raft.netty.dataStream.server.use-epoll = true (default)
2024-04-29 10:06:18,674 [main] INFO  netty.NettyConfigKeys$DataStream (ConfUtils.java:logGet(46)) - raft.netty.dataStream.server.boss-group.size = 0 (default)
2024-04-29 10:06:18,674 [main] INFO  netty.NettyUtils (NettyUtils.java:newEventLoopGroup(69)) - Create EpollEventLoopGroup for 258cf687-9dbc-46c1-b255-600d670a4b6c-NettyServerStreamRpc-bossGroup; Thread size is 0.
2024-04-29 10:06:18,674 [main] INFO  netty.NettyConfigKeys$DataStream (ConfUtils.java:logGet(46)) - raft.netty.dataStream.server.worker-group.size = 0 (default)
2024-04-29 10:06:18,674 [main] INFO  netty.NettyUtils (NettyUtils.java:newEventLoopGroup(69)) - Create EpollEventLoopGroup for 258cf687-9dbc-46c1-b255-600d670a4b6c-NettyServerStreamRpc-workerGroup; Thread size is 0.
2024-04-29 10:06:18,675 [main] INFO  netty.NettyConfigKeys$DataStream (ConfUtils.java:logGet(46)) - raft.netty.dataStream.server.tls.conf = null (default)
2024-04-29 10:06:18,675 [main] INFO  netty.NettyConfigKeys$DataStream (ConfUtils.java:logGet(46)) - raft.netty.dataStream.host = null (default)
2024-04-29 10:06:18,675 [main] INFO  netty.NettyConfigKeys$DataStream (ConfUtils.java:logGet(46)) - raft.netty.dataStream.port = 15398 (custom)
2024-04-29 10:06:18,675 [main] INFO  server.RaftServerConfigKeys (ConfUtils.java:logGet(46)) - raft.server.sleep.deviation.threshold = 300ms (default)
2024-04-29 10:06:18,675 [main] INFO  server.RaftServerConfigKeys (ConfUtils.java:logGet(46)) - raft.server.close.threshold = 60s (default)
2024-04-29 10:06:18,676 [main] INFO  server.RaftServerConfigKeys (ConfUtils.java:logGet(46)) - raft.server.leaderelection.leader.step-down.wait-time = 10s (default)
2024-04-29 10:06:18,675 [258cf687-9dbc-46c1-b255-600d670a4b6c-NettyServerStreamRpc-bossGroup--thread1] INFO  logging.LoggingHandler (AbstractInternalLogger.java:log(148)) - [id: 0x80db1a79] REGISTERED
2024-04-29 10:06:18,676 [main] INFO  server.RaftServerConfigKeys (ConfUtils.java:logGet(46)) - raft.server.storage.dir = [/home/runner/work/ozone/ozone/hadoop-ozone/integration-test/target/test-dir/MiniOzoneClusterImpl-2cdd5cd5-9c4c-463f-a193-9ffbc37dc237/ozone-meta/datanode-4/ratis] (custom)
2024-04-29 10:06:18,676 [258cf687-9dbc-46c1-b255-600d670a4b6c-NettyServerStreamRpc-bossGroup--thread1] INFO  logging.LoggingHandler (AbstractInternalLogger.java:log(148)) - [id: 0x80db1a79] BIND: 0.0.0.0/0.0.0.0:15398
2024-04-29 10:06:18,676 [main] INFO  server.RaftServerConfigKeys (ConfUtils.java:logGet(46)) - raft.server.threadpool.proxy.cached = true (default)
2024-04-29 10:06:18,676 [258cf687-9dbc-46c1-b255-600d670a4b6c-NettyServerStreamRpc-bossGroup--thread1] INFO  logging.LoggingHandler (AbstractInternalLogger.java:log(148)) - [id: 0x80db1a79, L:/0.0.0.0:15398] ACTIVE
2024-04-29 10:06:18,676 [main] INFO  server.RaftServerConfigKeys (ConfUtils.java:logGet(46)) - raft.server.threadpool.proxy.size = 0 (default)
2024-04-29 10:06:18,677 [258cf687-9dbc-46c1-b255-600d670a4b6c-impl-thread1] INFO  server.RaftServer (RaftServerProxy.java:initGroupDir(264)) - 258cf687-9dbc-46c1-b255-600d670a4b6c: found a subdirectory /home/runner/work/ozone/ozone/hadoop-ozone/integration-test/target/test-dir/MiniOzoneClusterImpl-2cdd5cd5-9c4c-463f-a193-9ffbc37dc237/ozone-meta/datanode-4/ratis/tmp
2024-04-29 10:06:18,677 [258cf687-9dbc-46c1-b255-600d670a4b6c-impl-thread1] INFO  server.RaftServer (RaftServerProxy.java:initGroupDir(269)) - 258cf687-9dbc-46c1-b255-600d670a4b6c: The directory /home/runner/work/ozone/ozone/hadoop-ozone/integration-test/target/test-dir/MiniOzoneClusterImpl-2cdd5cd5-9c4c-463f-a193-9ffbc37dc237/ozone-meta/datanode-4/ratis/tmp is not a group directory; ignoring it. 
2024-04-29 10:06:18,677 [main] INFO  replication.ReplicationServer (ReplicationServer.java:<init>(86)) - Initializing replication server with thread count = 10 queue length = 4096
2024-04-29 10:06:18,678 [main] INFO  server.XceiverServerGrpc (XceiverServerGrpc.java:<init>(141)) - GrpcServer channel type EpollServerSocketChannel
2024-04-29 10:06:18,679 [main] INFO  replication.ReplicationSupervisor (ReplicationSupervisor.java:build(157)) - Initializing replication supervisor with thread count = 10
2024-04-29 10:06:18,679 [main] INFO  replication.ReplicationSupervisor (ReplicationSupervisor.java:nodeStateUpdated(312)) - Node state updated to IN_SERVICE, scaling executor pool size to 10
2024-04-29 10:06:18,680 [main] INFO  http.BaseHttpServer (BaseHttpServer.java:newHttpServer2BuilderForOzone(223)) - Starting Web-server for hddsDatanode at: http://0.0.0.0:15392
2024-04-29 10:06:18,680 [main] INFO  http.BaseHttpServer (BaseHttpServer.java:<init>(110)) - Hadoop Security Enabled: false Ozone Security Enabled: false Ozone HTTP Security Enabled: false 
2024-04-29 10:06:18,681 [main] WARN  server.AuthenticationFilter (AuthenticationFilter.java:constructSecretProvider(240)) - Unable to initialize FileSignerSecretProvider, falling back to use random secrets. Reason: Could not read signature secret file: /home/runner/hadoop-http-auth-signature-secret
2024-04-29 10:06:18,682 [main] INFO  http.HttpRequestLog (HttpRequestLog.java:getRequestLog(86)) - Http request log for http.requests.hddsDatanode is not defined
2024-04-29 10:06:18,682 [main] INFO  http.HttpServer2 (HttpServer2.java:addGlobalFilter(1036)) - Added global filter 'safety' (class=org.apache.hadoop.hdds.server.http.HttpServer2$QuotingInputFilter)
2024-04-29 10:06:18,683 [main] INFO  http.HttpServer2 (HttpServer2.java:addFilter(1012)) - Added filter static_user_filter (class=org.apache.hadoop.http.lib.StaticUserWebFilter$StaticUserFilter) to context hddsDatanode
2024-04-29 10:06:18,683 [main] INFO  http.HttpServer2 (HttpServer2.java:addFilter(1020)) - Added filter static_user_filter (class=org.apache.hadoop.http.lib.StaticUserWebFilter$StaticUserFilter) to context static
2024-04-29 10:06:18,683 [main] INFO  http.HttpServer2 (HttpServer2.java:addFilter(1020)) - Added filter static_user_filter (class=org.apache.hadoop.http.lib.StaticUserWebFilter$StaticUserFilter) to context logs
2024-04-29 10:06:18,684 [main] INFO  http.BaseHttpServer (BaseHttpServer.java:<init>(189)) - HTTP server of hddsDatanode uses base directory /home/runner/work/ozone/ozone/hadoop-ozone/integration-test/target/test-dir/MiniOzoneClusterImpl-2cdd5cd5-9c4c-463f-a193-9ffbc37dc237/ozone-meta/datanode-4/meta/webserver
2024-04-29 10:06:18,684 [main] INFO  http.HttpServer2 (HttpServer2.java:bindListener(1236)) - Jetty bound to port 15392
2024-04-29 10:06:18,684 [main] INFO  server.Server (Server.java:doStart(375)) - jetty-9.4.54.v20240208; built: 2024-02-08T19:42:39.027Z; git: cef3fbd6d736a21e7d541a5db490381d95a2047d; jvm 17.0.10+7
2024-04-29 10:06:18,685 [main] INFO  server.session (DefaultSessionIdManager.java:doStart(334)) - DefaultSessionIdManager workerName=node0
2024-04-29 10:06:18,685 [main] INFO  server.session (DefaultSessionIdManager.java:doStart(339)) - No SessionScavenger set, using defaults
2024-04-29 10:06:18,685 [main] INFO  server.session (HouseKeeper.java:startScavenging(132)) - node0 Scavenging every 600000ms
2024-04-29 10:06:18,686 [main] INFO  handler.ContextHandler (ContextHandler.java:doStart(921)) - Started o.e.j.s.ServletContextHandler@6bafbab8{logs,/logs,file:///home/runner/work/ozone/ozone/hadoop-ozone/integration-test/target/log,AVAILABLE}
2024-04-29 10:06:18,686 [main] INFO  handler.ContextHandler (ContextHandler.java:doStart(921)) - Started o.e.j.s.ServletContextHandler@1efdefcc{static,/static,file:///home/runner/work/ozone/ozone/hadoop-hdds/container-service/target/classes/webapps/static,AVAILABLE}
2024-04-29 10:06:18,688 [main] INFO  handler.ContextHandler (ContextHandler.java:doStart(921)) - Started o.e.j.w.WebAppContext@43853f89{hddsDatanode,/,file:///home/runner/work/ozone/ozone/hadoop-hdds/container-service/target/classes/webapps/hddsDatanode/,AVAILABLE}{file:/home/runner/work/ozone/ozone/hadoop-hdds/container-service/target/classes/webapps/hddsDatanode}
2024-04-29 10:06:18,689 [main] INFO  server.AbstractConnector (AbstractConnector.java:doStart(333)) - Started ServerConnector@2f985057{HTTP/1.1, (http/1.1)}{0.0.0.0:15392}
2024-04-29 10:06:18,689 [main] INFO  server.Server (Server.java:doStart(415)) - Started @146062ms
2024-04-29 10:06:18,689 [main] WARN  impl.MetricsSystemImpl (MetricsSystemImpl.java:register(279)) - Sink prometheus already exists!
2024-04-29 10:06:18,690 [main] INFO  http.BaseHttpServer (BaseHttpServer.java:updateConnectorAddress(354)) - HTTP server of hddsDatanode listening at http://0.0.0.0:15392
2024-04-29 10:06:18,690 [main] INFO  ipc.CallQueueManager (CallQueueManager.java:<init>(90)) - Using callQueue: class java.util.concurrent.LinkedBlockingQueue, queueCapacity: 100, scheduler: class org.apache.hadoop.ipc.DefaultRpcScheduler, ipcBackoff: false.
2024-04-29 10:06:18,690 [main] INFO  ipc.Server (Server.java:<init>(1287)) - Listener at 0.0.0.0:15393
2024-04-29 10:06:18,691 [Socket Reader #1 for port 15393] INFO  ipc.Server (Server.java:run(1323)) - Starting Socket Reader #1 for port 15393
2024-04-29 10:06:18,692 [main] INFO  ozone.HddsDatanodeService (HddsDatanodeService.java:start(327)) - Datanode start with admins: [runner]
2024-04-29 10:06:18,692 [main] INFO  ozone.HddsDatanodeClientProtocolServer (HddsDatanodeClientProtocolServer.java:start(77)) - RPC server for Client /0.0.0.0:15393
2024-04-29 10:06:18,692 [IPC Server Responder] INFO  ipc.Server (Server.java:run(1562)) - IPC Server Responder: starting
2024-04-29 10:06:18,692 [IPC Server listener on 15393] INFO  ipc.Server (Server.java:run(1402)) - IPC Server listener on 15393: starting
2024-04-29 10:06:18,692 [258cf687-9dbc-46c1-b255-600d670a4b6c-DatanodeStateMachineDaemonThread] INFO  statemachine.DatanodeStateMachine (DatanodeStateMachine.java:lambda$startDaemon$1(555)) - Ozone container server started.
2024-04-29 10:06:18,692 [main] WARN  dropwizard3.Dm3MetricRegistriesImpl (Dm3MetricRegistriesImpl.java:addReporterRegistration(113)) - New reporters are added after registries were created. Some metrics will be missing from the reporter. Please add reporter before adding any new registry.
2024-04-29 10:06:18,693 [main] WARN  dropwizard3.Dm3MetricRegistriesImpl (Dm3MetricRegistriesImpl.java:addReporterRegistration(113)) - New reporters are added after registries were created. Some metrics will be missing from the reporter. Please add reporter before adding any new registry.
2024-04-29 10:06:18,693 [main] INFO  impl.MetricsSystemImpl (MetricsSystemImpl.java:init(158)) - HddsDatanode metrics system started (again)
2024-04-29 10:06:18,698 [258cf687-9dbc-46c1-b255-600d670a4b6c-DatanodeStateMachineTaskThread-0] INFO  datanode.InitDatanodeState (InitDatanodeState.java:persistContainerDatanodeDetails(139)) - DatanodeDetails is persisted to /home/runner/work/ozone/ozone/hadoop-ozone/integration-test/target/test-dir/MiniOzoneClusterImpl-2cdd5cd5-9c4c-463f-a193-9ffbc37dc237/ozone-meta/datanode-4/meta/datanode.id
2024-04-29 10:06:18,704 [main] INFO  ozone.HddsDatanodeService (HddsDatanodeService.java:start(240)) - HddsDatanodeService host:fv-az913-54.hn4i015bbztebps0p24f5airth.phxx.internal.cloudapp.net ip:10.1.0.39
2024-04-29 10:06:18,722 [main] INFO  upgrade.AbstractLayoutVersionManager (AbstractLayoutVersionManager.java:init(83)) - Initializing Layout version manager with metadata layout = HADOOP_PRC_PORTS_IN_DATANODEDETAILS (version = 7), software layout = HADOOP_PRC_PORTS_IN_DATANODEDETAILS (version = 7)
2024-04-29 10:06:18,722 [main] INFO  statemachine.DatanodeStateMachine (DatanodeStateMachine.java:getEndPointTaskThreadPoolSize(299)) - Datanode State Machine Task Thread Pool size 2
2024-04-29 10:06:18,723 [main] INFO  volume.HddsVolume (HddsVolume.java:<init>(126)) - Creating HddsVolume: /home/runner/work/ozone/ozone/hadoop-ozone/integration-test/target/test-dir/MiniOzoneClusterImpl-2cdd5cd5-9c4c-463f-a193-9ffbc37dc237/ozone-meta/datanode-5/data-0/hdds of storage type : DISK capacity : 9223372036854775807
2024-04-29 10:06:18,723 [main] INFO  volume.MutableVolumeSet (MutableVolumeSet.java:initializeVolumeSet(173)) - Added Volume : /home/runner/work/ozone/ozone/hadoop-ozone/integration-test/target/test-dir/MiniOzoneClusterImpl-2cdd5cd5-9c4c-463f-a193-9ffbc37dc237/ozone-meta/datanode-5/data-0/hdds to VolumeSet
2024-04-29 10:06:18,724 [main] INFO  volume.MutableVolumeSet (MutableVolumeSet.java:initializeVolumeSet(173)) - Added Volume : /home/runner/work/ozone/ozone/hadoop-ozone/integration-test/target/test-dir/MiniOzoneClusterImpl-2cdd5cd5-9c4c-463f-a193-9ffbc37dc237/ozone-meta/datanode-5/ratis to VolumeSet
2024-04-29 10:06:18,724 [main] INFO  ozoneimpl.OzoneContainer (HddsVolumeUtil.java:loadAllHddsVolumeDbStore(103)) - Load 1 volumes DbStore cost: 0ms
2024-04-29 10:06:18,725 [main] INFO  server.RaftServer (ConfUtils.java:logGet(46)) - raft.rpc.type = GRPC (default)
2024-04-29 10:06:18,725 [main] INFO  grpc.GrpcConfigKeys (ConfUtils.java:logFallback(53)) - raft.grpc.admin.host = null (fallback to raft.grpc.server.host)
2024-04-29 10:06:18,726 [main] INFO  grpc.GrpcConfigKeys (ConfUtils.java:logGet(46)) - raft.grpc.admin.port = 15405 (custom)
2024-04-29 10:06:18,726 [main] INFO  grpc.GrpcConfigKeys (ConfUtils.java:logFallback(53)) - raft.grpc.client.host = null (fallback to raft.grpc.server.host)
2024-04-29 10:06:18,726 [main] INFO  grpc.GrpcConfigKeys (ConfUtils.java:logGet(46)) - raft.grpc.client.port = 15404 (custom)
2024-04-29 10:06:18,726 [main] INFO  grpc.GrpcConfigKeys (ConfUtils.java:logGet(46)) - raft.grpc.server.host = null (default)
2024-04-29 10:06:18,726 [main] INFO  grpc.GrpcConfigKeys (ConfUtils.java:logGet(46)) - raft.grpc.server.port = 15406 (custom)
2024-04-29 10:06:18,726 [main] INFO  server.GrpcService (ConfUtils.java:logGet(46)) - raft.grpc.message.size.max = 32MB (=33554432) (custom)
2024-04-29 10:06:18,726 [main] INFO  server.RaftServerConfigKeys (ConfUtils.java:logGet(46)) - raft.server.log.appender.buffer.byte-limit = 8388608 (custom)
2024-04-29 10:06:18,726 [main] INFO  server.GrpcService (ConfUtils.java:logGet(46)) - raft.grpc.flow.control.window = 5MB (=5242880) (custom)
2024-04-29 10:06:18,726 [main] INFO  server.RaftServerConfigKeys (ConfUtils.java:logGet(46)) - raft.server.rpc.request.timeout = 3000ms (default)
2024-04-29 10:06:18,726 [main] INFO  grpc.GrpcConfigKeys (ConfUtils.java:logGet(46)) - raft.grpc.server.heartbeat.channel = true (default)
2024-04-29 10:06:18,726 [main] INFO  grpc.GrpcConfigKeys (ConfUtils.java:logGet(46)) - raft.grpc.server.async.request.thread.pool.cached = true (default)
2024-04-29 10:06:18,726 [main] INFO  grpc.GrpcConfigKeys (ConfUtils.java:logGet(46)) - raft.grpc.server.async.request.thread.pool.size = 32 (default)
2024-04-29 10:06:18,728 [main] INFO  impl.DataStreamServerImpl (ConfUtils.java:logGet(46)) - raft.datastream.type = NETTY (custom)
2024-04-29 10:06:18,728 [main] INFO  server.RaftServerConfigKeys (ConfUtils.java:logGet(46)) - raft.server.data-stream.async.request.thread.pool.cached = false (default)
2024-04-29 10:06:18,728 [main] INFO  server.RaftServerConfigKeys (ConfUtils.java:logGet(46)) - raft.server.data-stream.async.request.thread.pool.size = 20 (custom)
2024-04-29 10:06:18,728 [main] INFO  server.RaftServerConfigKeys (ConfUtils.java:logGet(46)) - raft.server.data-stream.async.write.thread.pool.size = 16 (default)
2024-04-29 10:06:18,728 [main] INFO  netty.NettyConfigKeys$DataStream (ConfUtils.java:logGet(46)) - raft.netty.dataStream.server.channel.inactive.grace-period = 10min (default)
2024-04-29 10:06:18,728 [main] INFO  server.RaftServerConfigKeys (ConfUtils.java:logGet(46)) - raft.server.data-stream.client.pool.size = 10 (default)
2024-04-29 10:06:18,728 [main] INFO  netty.NettyConfigKeys$DataStream (ConfUtils.java:logGet(46)) - raft.netty.dataStream.server.use-epoll = true (default)
2024-04-29 10:06:18,728 [main] INFO  netty.NettyConfigKeys$DataStream (ConfUtils.java:logGet(46)) - raft.netty.dataStream.server.boss-group.size = 0 (default)
2024-04-29 10:06:18,729 [main] INFO  netty.NettyUtils (NettyUtils.java:newEventLoopGroup(69)) - Create EpollEventLoopGroup for 96aec129-8b92-4385-b6bc-dde0a337a972-NettyServerStreamRpc-bossGroup; Thread size is 0.
2024-04-29 10:06:18,729 [main] INFO  netty.NettyConfigKeys$DataStream (ConfUtils.java:logGet(46)) - raft.netty.dataStream.server.worker-group.size = 0 (default)
2024-04-29 10:06:18,729 [main] INFO  netty.NettyUtils (NettyUtils.java:newEventLoopGroup(69)) - Create EpollEventLoopGroup for 96aec129-8b92-4385-b6bc-dde0a337a972-NettyServerStreamRpc-workerGroup; Thread size is 0.
2024-04-29 10:06:18,729 [main] INFO  netty.NettyConfigKeys$DataStream (ConfUtils.java:logGet(46)) - raft.netty.dataStream.server.tls.conf = null (default)
2024-04-29 10:06:18,729 [main] INFO  netty.NettyConfigKeys$DataStream (ConfUtils.java:logGet(46)) - raft.netty.dataStream.host = null (default)
2024-04-29 10:06:18,730 [main] INFO  netty.NettyConfigKeys$DataStream (ConfUtils.java:logGet(46)) - raft.netty.dataStream.port = 15407 (custom)
2024-04-29 10:06:18,730 [main] INFO  server.RaftServerConfigKeys (ConfUtils.java:logGet(46)) - raft.server.sleep.deviation.threshold = 300ms (default)
2024-04-29 10:06:18,730 [main] INFO  server.RaftServerConfigKeys (ConfUtils.java:logGet(46)) - raft.server.close.threshold = 60s (default)
2024-04-29 10:06:18,730 [main] INFO  server.RaftServerConfigKeys (ConfUtils.java:logGet(46)) - raft.server.leaderelection.leader.step-down.wait-time = 10s (default)
2024-04-29 10:06:18,730 [main] INFO  server.RaftServerConfigKeys (ConfUtils.java:logGet(46)) - raft.server.storage.dir = [/home/runner/work/ozone/ozone/hadoop-ozone/integration-test/target/test-dir/MiniOzoneClusterImpl-2cdd5cd5-9c4c-463f-a193-9ffbc37dc237/ozone-meta/datanode-5/ratis] (custom)
2024-04-29 10:06:18,731 [main] INFO  server.RaftServerConfigKeys (ConfUtils.java:logGet(46)) - raft.server.threadpool.proxy.cached = true (default)
2024-04-29 10:06:18,731 [main] INFO  server.RaftServerConfigKeys (ConfUtils.java:logGet(46)) - raft.server.threadpool.proxy.size = 0 (default)
2024-04-29 10:06:18,730 [96aec129-8b92-4385-b6bc-dde0a337a972-NettyServerStreamRpc-bossGroup--thread1] INFO  logging.LoggingHandler (AbstractInternalLogger.java:log(148)) - [id: 0x4282f8f3] REGISTERED
2024-04-29 10:06:18,731 [96aec129-8b92-4385-b6bc-dde0a337a972-NettyServerStreamRpc-bossGroup--thread1] INFO  logging.LoggingHandler (AbstractInternalLogger.java:log(148)) - [id: 0x4282f8f3] BIND: 0.0.0.0/0.0.0.0:15407
2024-04-29 10:06:18,731 [96aec129-8b92-4385-b6bc-dde0a337a972-NettyServerStreamRpc-bossGroup--thread1] INFO  logging.LoggingHandler (AbstractInternalLogger.java:log(148)) - [id: 0x4282f8f3, L:/0.0.0.0:15407] ACTIVE
2024-04-29 10:06:18,731 [96aec129-8b92-4385-b6bc-dde0a337a972-impl-thread1] INFO  server.RaftServer (RaftServerProxy.java:initGroupDir(264)) - 96aec129-8b92-4385-b6bc-dde0a337a972: found a subdirectory /home/runner/work/ozone/ozone/hadoop-ozone/integration-test/target/test-dir/MiniOzoneClusterImpl-2cdd5cd5-9c4c-463f-a193-9ffbc37dc237/ozone-meta/datanode-5/ratis/tmp
2024-04-29 10:06:18,731 [96aec129-8b92-4385-b6bc-dde0a337a972-impl-thread1] INFO  server.RaftServer (RaftServerProxy.java:initGroupDir(269)) - 96aec129-8b92-4385-b6bc-dde0a337a972: The directory /home/runner/work/ozone/ozone/hadoop-ozone/integration-test/target/test-dir/MiniOzoneClusterImpl-2cdd5cd5-9c4c-463f-a193-9ffbc37dc237/ozone-meta/datanode-5/ratis/tmp is not a group directory; ignoring it. 
2024-04-29 10:06:18,732 [main] INFO  replication.ReplicationServer (ReplicationServer.java:<init>(86)) - Initializing replication server with thread count = 10 queue length = 4096
2024-04-29 10:06:18,733 [main] INFO  server.XceiverServerGrpc (XceiverServerGrpc.java:<init>(141)) - GrpcServer channel type EpollServerSocketChannel
2024-04-29 10:06:18,734 [main] INFO  replication.ReplicationSupervisor (ReplicationSupervisor.java:build(157)) - Initializing replication supervisor with thread count = 10
2024-04-29 10:06:18,734 [main] INFO  replication.ReplicationSupervisor (ReplicationSupervisor.java:nodeStateUpdated(312)) - Node state updated to IN_SERVICE, scaling executor pool size to 10
2024-04-29 10:06:18,736 [main] INFO  http.BaseHttpServer (BaseHttpServer.java:newHttpServer2BuilderForOzone(223)) - Starting Web-server for hddsDatanode at: http://0.0.0.0:15401
2024-04-29 10:06:18,736 [main] INFO  http.BaseHttpServer (BaseHttpServer.java:<init>(110)) - Hadoop Security Enabled: false Ozone Security Enabled: false Ozone HTTP Security Enabled: false 
2024-04-29 10:06:18,737 [main] WARN  server.AuthenticationFilter (AuthenticationFilter.java:constructSecretProvider(240)) - Unable to initialize FileSignerSecretProvider, falling back to use random secrets. Reason: Could not read signature secret file: /home/runner/hadoop-http-auth-signature-secret
2024-04-29 10:06:18,737 [main] INFO  http.HttpRequestLog (HttpRequestLog.java:getRequestLog(86)) - Http request log for http.requests.hddsDatanode is not defined
2024-04-29 10:06:18,738 [main] INFO  http.HttpServer2 (HttpServer2.java:addGlobalFilter(1036)) - Added global filter 'safety' (class=org.apache.hadoop.hdds.server.http.HttpServer2$QuotingInputFilter)
2024-04-29 10:06:18,739 [main] INFO  http.HttpServer2 (HttpServer2.java:addFilter(1012)) - Added filter static_user_filter (class=org.apache.hadoop.http.lib.StaticUserWebFilter$StaticUserFilter) to context hddsDatanode
2024-04-29 10:06:18,739 [main] INFO  http.HttpServer2 (HttpServer2.java:addFilter(1020)) - Added filter static_user_filter (class=org.apache.hadoop.http.lib.StaticUserWebFilter$StaticUserFilter) to context static
2024-04-29 10:06:18,739 [main] INFO  http.HttpServer2 (HttpServer2.java:addFilter(1020)) - Added filter static_user_filter (class=org.apache.hadoop.http.lib.StaticUserWebFilter$StaticUserFilter) to context logs
2024-04-29 10:06:18,739 [main] INFO  http.BaseHttpServer (BaseHttpServer.java:<init>(189)) - HTTP server of hddsDatanode uses base directory /home/runner/work/ozone/ozone/hadoop-ozone/integration-test/target/test-dir/MiniOzoneClusterImpl-2cdd5cd5-9c4c-463f-a193-9ffbc37dc237/ozone-meta/datanode-5/meta/webserver
2024-04-29 10:06:18,739 [main] INFO  http.HttpServer2 (HttpServer2.java:bindListener(1236)) - Jetty bound to port 15401
2024-04-29 10:06:18,739 [main] INFO  server.Server (Server.java:doStart(375)) - jetty-9.4.54.v20240208; built: 2024-02-08T19:42:39.027Z; git: cef3fbd6d736a21e7d541a5db490381d95a2047d; jvm 17.0.10+7
2024-04-29 10:06:18,741 [main] INFO  server.session (DefaultSessionIdManager.java:doStart(334)) - DefaultSessionIdManager workerName=node0
2024-04-29 10:06:18,741 [main] INFO  server.session (DefaultSessionIdManager.java:doStart(339)) - No SessionScavenger set, using defaults
2024-04-29 10:06:18,741 [main] INFO  server.session (HouseKeeper.java:startScavenging(132)) - node0 Scavenging every 600000ms
2024-04-29 10:06:18,741 [main] INFO  handler.ContextHandler (ContextHandler.java:doStart(921)) - Started o.e.j.s.ServletContextHandler@21d1f97f{logs,/logs,file:///home/runner/work/ozone/ozone/hadoop-ozone/integration-test/target/log,AVAILABLE}
2024-04-29 10:06:18,742 [main] INFO  handler.ContextHandler (ContextHandler.java:doStart(921)) - Started o.e.j.s.ServletContextHandler@68a45b0f{static,/static,file:///home/runner/work/ozone/ozone/hadoop-hdds/container-service/target/classes/webapps/static,AVAILABLE}
2024-04-29 10:06:18,745 [main] INFO  handler.ContextHandler (ContextHandler.java:doStart(921)) - Started o.e.j.w.WebAppContext@4512af0e{hddsDatanode,/,file:///home/runner/work/ozone/ozone/hadoop-hdds/container-service/target/classes/webapps/hddsDatanode/,AVAILABLE}{file:/home/runner/work/ozone/ozone/hadoop-hdds/container-service/target/classes/webapps/hddsDatanode}
2024-04-29 10:06:18,746 [main] INFO  server.AbstractConnector (AbstractConnector.java:doStart(333)) - Started ServerConnector@1f7f2e76{HTTP/1.1, (http/1.1)}{0.0.0.0:15401}
2024-04-29 10:06:18,746 [main] INFO  server.Server (Server.java:doStart(415)) - Started @146119ms
2024-04-29 10:06:18,746 [main] WARN  impl.MetricsSystemImpl (MetricsSystemImpl.java:register(279)) - Sink prometheus already exists!
2024-04-29 10:06:18,747 [main] INFO  http.BaseHttpServer (BaseHttpServer.java:updateConnectorAddress(354)) - HTTP server of hddsDatanode listening at http://0.0.0.0:15401
2024-04-29 10:06:18,747 [main] INFO  ipc.CallQueueManager (CallQueueManager.java:<init>(90)) - Using callQueue: class java.util.concurrent.LinkedBlockingQueue, queueCapacity: 100, scheduler: class org.apache.hadoop.ipc.DefaultRpcScheduler, ipcBackoff: false.
2024-04-29 10:06:18,747 [main] INFO  ipc.Server (Server.java:<init>(1287)) - Listener at 0.0.0.0:15402
2024-04-29 10:06:18,748 [Socket Reader #1 for port 15402] INFO  ipc.Server (Server.java:run(1323)) - Starting Socket Reader #1 for port 15402
2024-04-29 10:06:18,749 [main] INFO  ozone.HddsDatanodeService (HddsDatanodeService.java:start(327)) - Datanode start with admins: [runner]
2024-04-29 10:06:18,749 [main] INFO  ozone.HddsDatanodeClientProtocolServer (HddsDatanodeClientProtocolServer.java:start(77)) - RPC server for Client /0.0.0.0:15402
2024-04-29 10:06:18,749 [IPC Server Responder] INFO  ipc.Server (Server.java:run(1562)) - IPC Server Responder: starting
2024-04-29 10:06:18,749 [IPC Server listener on 15402] INFO  ipc.Server (Server.java:run(1402)) - IPC Server listener on 15402: starting
2024-04-29 10:06:18,753 [96aec129-8b92-4385-b6bc-dde0a337a972-DatanodeStateMachineDaemonThread] INFO  statemachine.DatanodeStateMachine (DatanodeStateMachine.java:lambda$startDaemon$1(555)) - Ozone container server started.
2024-04-29 10:06:18,753 [main] WARN  dropwizard3.Dm3MetricRegistriesImpl (Dm3MetricRegistriesImpl.java:addReporterRegistration(113)) - New reporters are added after registries were created. Some metrics will be missing from the reporter. Please add reporter before adding any new registry.
2024-04-29 10:06:18,754 [main] WARN  dropwizard3.Dm3MetricRegistriesImpl (Dm3MetricRegistriesImpl.java:addReporterRegistration(113)) - New reporters are added after registries were created. Some metrics will be missing from the reporter. Please add reporter before adding any new registry.
2024-04-29 10:06:18,754 [main] INFO  impl.MetricsSystemImpl (MetricsSystemImpl.java:init(158)) - HddsDatanode metrics system started (again)
2024-04-29 10:06:18,759 [96aec129-8b92-4385-b6bc-dde0a337a972-DatanodeStateMachineTaskThread-0] INFO  datanode.InitDatanodeState (InitDatanodeState.java:persistContainerDatanodeDetails(139)) - DatanodeDetails is persisted to /home/runner/work/ozone/ozone/hadoop-ozone/integration-test/target/test-dir/MiniOzoneClusterImpl-2cdd5cd5-9c4c-463f-a193-9ffbc37dc237/ozone-meta/datanode-5/meta/datanode.id
2024-04-29 10:06:18,766 [main] INFO  ozone.HddsDatanodeService (HddsDatanodeService.java:start(240)) - HddsDatanodeService host:fv-az913-54.hn4i015bbztebps0p24f5airth.phxx.internal.cloudapp.net ip:10.1.0.39
2024-04-29 10:06:18,784 [main] INFO  upgrade.AbstractLayoutVersionManager (AbstractLayoutVersionManager.java:init(83)) - Initializing Layout version manager with metadata layout = HADOOP_PRC_PORTS_IN_DATANODEDETAILS (version = 7), software layout = HADOOP_PRC_PORTS_IN_DATANODEDETAILS (version = 7)
2024-04-29 10:06:18,784 [main] INFO  statemachine.DatanodeStateMachine (DatanodeStateMachine.java:getEndPointTaskThreadPoolSize(299)) - Datanode State Machine Task Thread Pool size 2
2024-04-29 10:06:18,785 [main] INFO  volume.HddsVolume (HddsVolume.java:<init>(126)) - Creating HddsVolume: /home/runner/work/ozone/ozone/hadoop-ozone/integration-test/target/test-dir/MiniOzoneClusterImpl-2cdd5cd5-9c4c-463f-a193-9ffbc37dc237/ozone-meta/datanode-6/data-0/hdds of storage type : DISK capacity : 9223372036854775807
2024-04-29 10:06:18,785 [main] INFO  volume.MutableVolumeSet (MutableVolumeSet.java:initializeVolumeSet(173)) - Added Volume : /home/runner/work/ozone/ozone/hadoop-ozone/integration-test/target/test-dir/MiniOzoneClusterImpl-2cdd5cd5-9c4c-463f-a193-9ffbc37dc237/ozone-meta/datanode-6/data-0/hdds to VolumeSet
2024-04-29 10:06:18,785 [main] INFO  volume.MutableVolumeSet (MutableVolumeSet.java:initializeVolumeSet(173)) - Added Volume : /home/runner/work/ozone/ozone/hadoop-ozone/integration-test/target/test-dir/MiniOzoneClusterImpl-2cdd5cd5-9c4c-463f-a193-9ffbc37dc237/ozone-meta/datanode-6/ratis to VolumeSet
2024-04-29 10:06:18,785 [main] INFO  ozoneimpl.OzoneContainer (HddsVolumeUtil.java:loadAllHddsVolumeDbStore(103)) - Load 1 volumes DbStore cost: 0ms
2024-04-29 10:06:18,787 [main] INFO  server.RaftServer (ConfUtils.java:logGet(46)) - raft.rpc.type = GRPC (default)
2024-04-29 10:06:18,787 [main] INFO  grpc.GrpcConfigKeys (ConfUtils.java:logFallback(53)) - raft.grpc.admin.host = null (fallback to raft.grpc.server.host)
2024-04-29 10:06:18,787 [main] INFO  grpc.GrpcConfigKeys (ConfUtils.java:logGet(46)) - raft.grpc.admin.port = 15414 (custom)
2024-04-29 10:06:18,787 [main] INFO  grpc.GrpcConfigKeys (ConfUtils.java:logFallback(53)) - raft.grpc.client.host = null (fallback to raft.grpc.server.host)
2024-04-29 10:06:18,787 [main] INFO  grpc.GrpcConfigKeys (ConfUtils.java:logGet(46)) - raft.grpc.client.port = 15413 (custom)
2024-04-29 10:06:18,787 [main] INFO  grpc.GrpcConfigKeys (ConfUtils.java:logGet(46)) - raft.grpc.server.host = null (default)
2024-04-29 10:06:18,787 [main] INFO  grpc.GrpcConfigKeys (ConfUtils.java:logGet(46)) - raft.grpc.server.port = 15415 (custom)
2024-04-29 10:06:18,787 [main] INFO  server.GrpcService (ConfUtils.java:logGet(46)) - raft.grpc.message.size.max = 32MB (=33554432) (custom)
2024-04-29 10:06:18,788 [main] INFO  server.RaftServerConfigKeys (ConfUtils.java:logGet(46)) - raft.server.log.appender.buffer.byte-limit = 8388608 (custom)
2024-04-29 10:06:18,788 [main] INFO  server.GrpcService (ConfUtils.java:logGet(46)) - raft.grpc.flow.control.window = 5MB (=5242880) (custom)
2024-04-29 10:06:18,788 [main] INFO  server.RaftServerConfigKeys (ConfUtils.java:logGet(46)) - raft.server.rpc.request.timeout = 3000ms (default)
2024-04-29 10:06:18,788 [main] INFO  grpc.GrpcConfigKeys (ConfUtils.java:logGet(46)) - raft.grpc.server.heartbeat.channel = true (default)
2024-04-29 10:06:18,788 [main] INFO  grpc.GrpcConfigKeys (ConfUtils.java:logGet(46)) - raft.grpc.server.async.request.thread.pool.cached = true (default)
2024-04-29 10:06:18,788 [main] INFO  grpc.GrpcConfigKeys (ConfUtils.java:logGet(46)) - raft.grpc.server.async.request.thread.pool.size = 32 (default)
2024-04-29 10:06:18,789 [main] INFO  impl.DataStreamServerImpl (ConfUtils.java:logGet(46)) - raft.datastream.type = NETTY (custom)
2024-04-29 10:06:18,790 [main] INFO  server.RaftServerConfigKeys (ConfUtils.java:logGet(46)) - raft.server.data-stream.async.request.thread.pool.cached = false (default)
2024-04-29 10:06:18,790 [main] INFO  server.RaftServerConfigKeys (ConfUtils.java:logGet(46)) - raft.server.data-stream.async.request.thread.pool.size = 20 (custom)
2024-04-29 10:06:18,790 [main] INFO  server.RaftServerConfigKeys (ConfUtils.java:logGet(46)) - raft.server.data-stream.async.write.thread.pool.size = 16 (default)
2024-04-29 10:06:18,790 [main] INFO  netty.NettyConfigKeys$DataStream (ConfUtils.java:logGet(46)) - raft.netty.dataStream.server.channel.inactive.grace-period = 10min (default)
2024-04-29 10:06:18,790 [main] INFO  server.RaftServerConfigKeys (ConfUtils.java:logGet(46)) - raft.server.data-stream.client.pool.size = 10 (default)
2024-04-29 10:06:18,790 [main] INFO  netty.NettyConfigKeys$DataStream (ConfUtils.java:logGet(46)) - raft.netty.dataStream.server.use-epoll = true (default)
2024-04-29 10:06:18,790 [main] INFO  netty.NettyConfigKeys$DataStream (ConfUtils.java:logGet(46)) - raft.netty.dataStream.server.boss-group.size = 0 (default)
2024-04-29 10:06:18,790 [main] INFO  netty.NettyUtils (NettyUtils.java:newEventLoopGroup(69)) - Create EpollEventLoopGroup for 9d50a68e-635c-4808-a075-dce2406a94a2-NettyServerStreamRpc-bossGroup; Thread size is 0.
2024-04-29 10:06:18,790 [main] INFO  netty.NettyConfigKeys$DataStream (ConfUtils.java:logGet(46)) - raft.netty.dataStream.server.worker-group.size = 0 (default)
2024-04-29 10:06:18,790 [main] INFO  netty.NettyUtils (NettyUtils.java:newEventLoopGroup(69)) - Create EpollEventLoopGroup for 9d50a68e-635c-4808-a075-dce2406a94a2-NettyServerStreamRpc-workerGroup; Thread size is 0.
2024-04-29 10:06:18,791 [main] INFO  netty.NettyConfigKeys$DataStream (ConfUtils.java:logGet(46)) - raft.netty.dataStream.server.tls.conf = null (default)
2024-04-29 10:06:18,791 [main] INFO  netty.NettyConfigKeys$DataStream (ConfUtils.java:logGet(46)) - raft.netty.dataStream.host = null (default)
2024-04-29 10:06:18,791 [main] INFO  netty.NettyConfigKeys$DataStream (ConfUtils.java:logGet(46)) - raft.netty.dataStream.port = 15416 (custom)
2024-04-29 10:06:18,791 [main] INFO  server.RaftServerConfigKeys (ConfUtils.java:logGet(46)) - raft.server.sleep.deviation.threshold = 300ms (default)
2024-04-29 10:06:18,791 [main] INFO  server.RaftServerConfigKeys (ConfUtils.java:logGet(46)) - raft.server.close.threshold = 60s (default)
2024-04-29 10:06:18,791 [main] INFO  server.RaftServerConfigKeys (ConfUtils.java:logGet(46)) - raft.server.leaderelection.leader.step-down.wait-time = 10s (default)
2024-04-29 10:06:18,791 [9d50a68e-635c-4808-a075-dce2406a94a2-NettyServerStreamRpc-bossGroup--thread1] INFO  logging.LoggingHandler (AbstractInternalLogger.java:log(148)) - [id: 0x00ad6640] REGISTERED
2024-04-29 10:06:18,791 [main] INFO  server.RaftServerConfigKeys (ConfUtils.java:logGet(46)) - raft.server.storage.dir = [/home/runner/work/ozone/ozone/hadoop-ozone/integration-test/target/test-dir/MiniOzoneClusterImpl-2cdd5cd5-9c4c-463f-a193-9ffbc37dc237/ozone-meta/datanode-6/ratis] (custom)
2024-04-29 10:06:18,792 [9d50a68e-635c-4808-a075-dce2406a94a2-NettyServerStreamRpc-bossGroup--thread1] INFO  logging.LoggingHandler (AbstractInternalLogger.java:log(148)) - [id: 0x00ad6640] BIND: 0.0.0.0/0.0.0.0:15416
2024-04-29 10:06:18,792 [main] INFO  server.RaftServerConfigKeys (ConfUtils.java:logGet(46)) - raft.server.threadpool.proxy.cached = true (default)
2024-04-29 10:06:18,792 [main] INFO  server.RaftServerConfigKeys (ConfUtils.java:logGet(46)) - raft.server.threadpool.proxy.size = 0 (default)
2024-04-29 10:06:18,792 [9d50a68e-635c-4808-a075-dce2406a94a2-NettyServerStreamRpc-bossGroup--thread1] INFO  logging.LoggingHandler (AbstractInternalLogger.java:log(148)) - [id: 0x00ad6640, L:/0.0.0.0:15416] ACTIVE
2024-04-29 10:06:18,792 [9d50a68e-635c-4808-a075-dce2406a94a2-impl-thread1] INFO  server.RaftServer (RaftServerProxy.java:initGroupDir(264)) - 9d50a68e-635c-4808-a075-dce2406a94a2: found a subdirectory /home/runner/work/ozone/ozone/hadoop-ozone/integration-test/target/test-dir/MiniOzoneClusterImpl-2cdd5cd5-9c4c-463f-a193-9ffbc37dc237/ozone-meta/datanode-6/ratis/tmp
2024-04-29 10:06:18,792 [9d50a68e-635c-4808-a075-dce2406a94a2-impl-thread1] INFO  server.RaftServer (RaftServerProxy.java:initGroupDir(269)) - 9d50a68e-635c-4808-a075-dce2406a94a2: The directory /home/runner/work/ozone/ozone/hadoop-ozone/integration-test/target/test-dir/MiniOzoneClusterImpl-2cdd5cd5-9c4c-463f-a193-9ffbc37dc237/ozone-meta/datanode-6/ratis/tmp is not a group directory; ignoring it. 
2024-04-29 10:06:18,792 [main] INFO  replication.ReplicationServer (ReplicationServer.java:<init>(86)) - Initializing replication server with thread count = 10 queue length = 4096
2024-04-29 10:06:18,793 [main] INFO  server.XceiverServerGrpc (XceiverServerGrpc.java:<init>(141)) - GrpcServer channel type EpollServerSocketChannel
2024-04-29 10:06:18,794 [main] INFO  replication.ReplicationSupervisor (ReplicationSupervisor.java:build(157)) - Initializing replication supervisor with thread count = 10
2024-04-29 10:06:18,794 [main] INFO  replication.ReplicationSupervisor (ReplicationSupervisor.java:nodeStateUpdated(312)) - Node state updated to IN_SERVICE, scaling executor pool size to 10
2024-04-29 10:06:18,795 [main] INFO  http.BaseHttpServer (BaseHttpServer.java:newHttpServer2BuilderForOzone(223)) - Starting Web-server for hddsDatanode at: http://0.0.0.0:15410
2024-04-29 10:06:18,795 [main] INFO  http.BaseHttpServer (BaseHttpServer.java:<init>(110)) - Hadoop Security Enabled: false Ozone Security Enabled: false Ozone HTTP Security Enabled: false 
2024-04-29 10:06:18,796 [main] WARN  server.AuthenticationFilter (AuthenticationFilter.java:constructSecretProvider(240)) - Unable to initialize FileSignerSecretProvider, falling back to use random secrets. Reason: Could not read signature secret file: /home/runner/hadoop-http-auth-signature-secret
2024-04-29 10:06:18,797 [main] INFO  http.HttpRequestLog (HttpRequestLog.java:getRequestLog(86)) - Http request log for http.requests.hddsDatanode is not defined
2024-04-29 10:06:18,797 [main] INFO  http.HttpServer2 (HttpServer2.java:addGlobalFilter(1036)) - Added global filter 'safety' (class=org.apache.hadoop.hdds.server.http.HttpServer2$QuotingInputFilter)
2024-04-29 10:06:18,798 [main] INFO  http.HttpServer2 (HttpServer2.java:addFilter(1012)) - Added filter static_user_filter (class=org.apache.hadoop.http.lib.StaticUserWebFilter$StaticUserFilter) to context hddsDatanode
2024-04-29 10:06:18,798 [main] INFO  http.HttpServer2 (HttpServer2.java:addFilter(1020)) - Added filter static_user_filter (class=org.apache.hadoop.http.lib.StaticUserWebFilter$StaticUserFilter) to context logs
2024-04-29 10:06:18,798 [main] INFO  http.HttpServer2 (HttpServer2.java:addFilter(1020)) - Added filter static_user_filter (class=org.apache.hadoop.http.lib.StaticUserWebFilter$StaticUserFilter) to context static
2024-04-29 10:06:18,798 [main] INFO  http.BaseHttpServer (BaseHttpServer.java:<init>(189)) - HTTP server of hddsDatanode uses base directory /home/runner/work/ozone/ozone/hadoop-ozone/integration-test/target/test-dir/MiniOzoneClusterImpl-2cdd5cd5-9c4c-463f-a193-9ffbc37dc237/ozone-meta/datanode-6/meta/webserver
2024-04-29 10:06:18,798 [main] INFO  http.HttpServer2 (HttpServer2.java:bindListener(1236)) - Jetty bound to port 15410
2024-04-29 10:06:18,798 [main] INFO  server.Server (Server.java:doStart(375)) - jetty-9.4.54.v20240208; built: 2024-02-08T19:42:39.027Z; git: cef3fbd6d736a21e7d541a5db490381d95a2047d; jvm 17.0.10+7
2024-04-29 10:06:18,799 [main] INFO  server.session (DefaultSessionIdManager.java:doStart(334)) - DefaultSessionIdManager workerName=node0
2024-04-29 10:06:18,799 [main] INFO  server.session (DefaultSessionIdManager.java:doStart(339)) - No SessionScavenger set, using defaults
2024-04-29 10:06:18,799 [main] INFO  server.session (HouseKeeper.java:startScavenging(132)) - node0 Scavenging every 600000ms
2024-04-29 10:06:18,800 [main] INFO  handler.ContextHandler (ContextHandler.java:doStart(921)) - Started o.e.j.s.ServletContextHandler@809f75c{logs,/logs,file:///home/runner/work/ozone/ozone/hadoop-ozone/integration-test/target/log,AVAILABLE}
2024-04-29 10:06:18,800 [main] INFO  handler.ContextHandler (ContextHandler.java:doStart(921)) - Started o.e.j.s.ServletContextHandler@114a18d6{static,/static,file:///home/runner/work/ozone/ozone/hadoop-hdds/container-service/target/classes/webapps/static,AVAILABLE}
2024-04-29 10:06:18,803 [main] INFO  handler.ContextHandler (ContextHandler.java:doStart(921)) - Started o.e.j.w.WebAppContext@61fab063{hddsDatanode,/,file:///home/runner/work/ozone/ozone/hadoop-hdds/container-service/target/classes/webapps/hddsDatanode/,AVAILABLE}{file:/home/runner/work/ozone/ozone/hadoop-hdds/container-service/target/classes/webapps/hddsDatanode}
2024-04-29 10:06:18,803 [main] INFO  server.AbstractConnector (AbstractConnector.java:doStart(333)) - Started ServerConnector@733e1e36{HTTP/1.1, (http/1.1)}{0.0.0.0:15410}
2024-04-29 10:06:18,803 [main] INFO  server.Server (Server.java:doStart(415)) - Started @146176ms
2024-04-29 10:06:18,803 [main] WARN  impl.MetricsSystemImpl (MetricsSystemImpl.java:register(279)) - Sink prometheus already exists!
2024-04-29 10:06:18,804 [main] INFO  http.BaseHttpServer (BaseHttpServer.java:updateConnectorAddress(354)) - HTTP server of hddsDatanode listening at http://0.0.0.0:15410
2024-04-29 10:06:18,804 [main] INFO  ipc.CallQueueManager (CallQueueManager.java:<init>(90)) - Using callQueue: class java.util.concurrent.LinkedBlockingQueue, queueCapacity: 100, scheduler: class org.apache.hadoop.ipc.DefaultRpcScheduler, ipcBackoff: false.
2024-04-29 10:06:18,804 [main] INFO  ipc.Server (Server.java:<init>(1287)) - Listener at 0.0.0.0:15411
2024-04-29 10:06:18,804 [Socket Reader #1 for port 15411] INFO  ipc.Server (Server.java:run(1323)) - Starting Socket Reader #1 for port 15411
2024-04-29 10:06:18,805 [main] INFO  ozone.HddsDatanodeService (HddsDatanodeService.java:start(327)) - Datanode start with admins: [runner]
2024-04-29 10:06:18,805 [main] INFO  ozone.HddsDatanodeClientProtocolServer (HddsDatanodeClientProtocolServer.java:start(77)) - RPC server for Client /0.0.0.0:15411
2024-04-29 10:06:18,806 [IPC Server Responder] INFO  ipc.Server (Server.java:run(1562)) - IPC Server Responder: starting
2024-04-29 10:06:18,806 [IPC Server listener on 15411] INFO  ipc.Server (Server.java:run(1402)) - IPC Server listener on 15411: starting
2024-04-29 10:06:18,806 [main] WARN  dropwizard3.Dm3MetricRegistriesImpl (Dm3MetricRegistriesImpl.java:addReporterRegistration(113)) - New reporters are added after registries were created. Some metrics will be missing from the reporter. Please add reporter before adding any new registry.
2024-04-29 10:06:18,806 [main] WARN  dropwizard3.Dm3MetricRegistriesImpl (Dm3MetricRegistriesImpl.java:addReporterRegistration(113)) - New reporters are added after registries were created. Some metrics will be missing from the reporter. Please add reporter before adding any new registry.
2024-04-29 10:06:18,806 [main] INFO  impl.MetricsSystemImpl (MetricsSystemImpl.java:init(158)) - HddsDatanode metrics system started (again)
2024-04-29 10:06:18,812 [9d50a68e-635c-4808-a075-dce2406a94a2-DatanodeStateMachineDaemonThread] INFO  statemachine.DatanodeStateMachine (DatanodeStateMachine.java:lambda$startDaemon$1(555)) - Ozone container server started.
2024-04-29 10:06:18,814 [9d50a68e-635c-4808-a075-dce2406a94a2-DatanodeStateMachineTaskThread-0] INFO  datanode.InitDatanodeState (InitDatanodeState.java:persistContainerDatanodeDetails(139)) - DatanodeDetails is persisted to /home/runner/work/ozone/ozone/hadoop-ozone/integration-test/target/test-dir/MiniOzoneClusterImpl-2cdd5cd5-9c4c-463f-a193-9ffbc37dc237/ozone-meta/datanode-6/meta/datanode.id
2024-04-29 10:06:18,816 [main] INFO  ozone.HddsDatanodeService (HddsDatanodeService.java:start(240)) - HddsDatanodeService host:fv-az913-54.hn4i015bbztebps0p24f5airth.phxx.internal.cloudapp.net ip:10.1.0.39
2024-04-29 10:06:18,833 [main] INFO  upgrade.AbstractLayoutVersionManager (AbstractLayoutVersionManager.java:init(83)) - Initializing Layout version manager with metadata layout = HADOOP_PRC_PORTS_IN_DATANODEDETAILS (version = 7), software layout = HADOOP_PRC_PORTS_IN_DATANODEDETAILS (version = 7)
2024-04-29 10:06:18,834 [main] INFO  statemachine.DatanodeStateMachine (DatanodeStateMachine.java:getEndPointTaskThreadPoolSize(299)) - Datanode State Machine Task Thread Pool size 2
2024-04-29 10:06:18,835 [main] INFO  volume.HddsVolume (HddsVolume.java:<init>(126)) - Creating HddsVolume: /home/runner/work/ozone/ozone/hadoop-ozone/integration-test/target/test-dir/MiniOzoneClusterImpl-2cdd5cd5-9c4c-463f-a193-9ffbc37dc237/ozone-meta/datanode-7/data-0/hdds of storage type : DISK capacity : 9223372036854775807
2024-04-29 10:06:18,835 [main] INFO  volume.MutableVolumeSet (MutableVolumeSet.java:initializeVolumeSet(173)) - Added Volume : /home/runner/work/ozone/ozone/hadoop-ozone/integration-test/target/test-dir/MiniOzoneClusterImpl-2cdd5cd5-9c4c-463f-a193-9ffbc37dc237/ozone-meta/datanode-7/data-0/hdds to VolumeSet
2024-04-29 10:06:18,835 [main] INFO  volume.MutableVolumeSet (MutableVolumeSet.java:initializeVolumeSet(173)) - Added Volume : /home/runner/work/ozone/ozone/hadoop-ozone/integration-test/target/test-dir/MiniOzoneClusterImpl-2cdd5cd5-9c4c-463f-a193-9ffbc37dc237/ozone-meta/datanode-7/ratis to VolumeSet
2024-04-29 10:06:18,836 [main] INFO  ozoneimpl.OzoneContainer (HddsVolumeUtil.java:loadAllHddsVolumeDbStore(103)) - Load 1 volumes DbStore cost: 0ms
2024-04-29 10:06:18,838 [main] INFO  server.RaftServer (ConfUtils.java:logGet(46)) - raft.rpc.type = GRPC (default)
2024-04-29 10:06:18,838 [main] INFO  grpc.GrpcConfigKeys (ConfUtils.java:logFallback(53)) - raft.grpc.admin.host = null (fallback to raft.grpc.server.host)
2024-04-29 10:06:18,838 [main] INFO  grpc.GrpcConfigKeys (ConfUtils.java:logGet(46)) - raft.grpc.admin.port = 15423 (custom)
2024-04-29 10:06:18,838 [main] INFO  grpc.GrpcConfigKeys (ConfUtils.java:logFallback(53)) - raft.grpc.client.host = null (fallback to raft.grpc.server.host)
2024-04-29 10:06:18,838 [main] INFO  grpc.GrpcConfigKeys (ConfUtils.java:logGet(46)) - raft.grpc.client.port = 15422 (custom)
2024-04-29 10:06:18,838 [main] INFO  grpc.GrpcConfigKeys (ConfUtils.java:logGet(46)) - raft.grpc.server.host = null (default)
2024-04-29 10:06:18,838 [main] INFO  grpc.GrpcConfigKeys (ConfUtils.java:logGet(46)) - raft.grpc.server.port = 15424 (custom)
2024-04-29 10:06:18,838 [main] INFO  server.GrpcService (ConfUtils.java:logGet(46)) - raft.grpc.message.size.max = 32MB (=33554432) (custom)
2024-04-29 10:06:18,839 [main] INFO  server.RaftServerConfigKeys (ConfUtils.java:logGet(46)) - raft.server.log.appender.buffer.byte-limit = 8388608 (custom)
2024-04-29 10:06:18,839 [main] INFO  server.GrpcService (ConfUtils.java:logGet(46)) - raft.grpc.flow.control.window = 5MB (=5242880) (custom)
2024-04-29 10:06:18,839 [main] INFO  server.RaftServerConfigKeys (ConfUtils.java:logGet(46)) - raft.server.rpc.request.timeout = 3000ms (default)
2024-04-29 10:06:18,839 [main] INFO  grpc.GrpcConfigKeys (ConfUtils.java:logGet(46)) - raft.grpc.server.heartbeat.channel = true (default)
2024-04-29 10:06:18,839 [main] INFO  grpc.GrpcConfigKeys (ConfUtils.java:logGet(46)) - raft.grpc.server.async.request.thread.pool.cached = true (default)
2024-04-29 10:06:18,839 [main] INFO  grpc.GrpcConfigKeys (ConfUtils.java:logGet(46)) - raft.grpc.server.async.request.thread.pool.size = 32 (default)
2024-04-29 10:06:18,841 [main] INFO  impl.DataStreamServerImpl (ConfUtils.java:logGet(46)) - raft.datastream.type = NETTY (custom)
2024-04-29 10:06:18,841 [main] INFO  server.RaftServerConfigKeys (ConfUtils.java:logGet(46)) - raft.server.data-stream.async.request.thread.pool.cached = false (default)
2024-04-29 10:06:18,842 [main] INFO  server.RaftServerConfigKeys (ConfUtils.java:logGet(46)) - raft.server.data-stream.async.request.thread.pool.size = 20 (custom)
2024-04-29 10:06:18,842 [main] INFO  server.RaftServerConfigKeys (ConfUtils.java:logGet(46)) - raft.server.data-stream.async.write.thread.pool.size = 16 (default)
2024-04-29 10:06:18,842 [main] INFO  netty.NettyConfigKeys$DataStream (ConfUtils.java:logGet(46)) - raft.netty.dataStream.server.channel.inactive.grace-period = 10min (default)
2024-04-29 10:06:18,842 [main] INFO  server.RaftServerConfigKeys (ConfUtils.java:logGet(46)) - raft.server.data-stream.client.pool.size = 10 (default)
2024-04-29 10:06:18,842 [main] INFO  netty.NettyConfigKeys$DataStream (ConfUtils.java:logGet(46)) - raft.netty.dataStream.server.use-epoll = true (default)
2024-04-29 10:06:18,842 [main] INFO  netty.NettyConfigKeys$DataStream (ConfUtils.java:logGet(46)) - raft.netty.dataStream.server.boss-group.size = 0 (default)
2024-04-29 10:06:18,842 [main] INFO  netty.NettyUtils (NettyUtils.java:newEventLoopGroup(69)) - Create EpollEventLoopGroup for 05b2082f-ed41-4af0-9481-4223771265a3-NettyServerStreamRpc-bossGroup; Thread size is 0.
2024-04-29 10:06:18,842 [main] INFO  netty.NettyConfigKeys$DataStream (ConfUtils.java:logGet(46)) - raft.netty.dataStream.server.worker-group.size = 0 (default)
2024-04-29 10:06:18,842 [main] INFO  netty.NettyUtils (NettyUtils.java:newEventLoopGroup(69)) - Create EpollEventLoopGroup for 05b2082f-ed41-4af0-9481-4223771265a3-NettyServerStreamRpc-workerGroup; Thread size is 0.
2024-04-29 10:06:18,843 [main] INFO  netty.NettyConfigKeys$DataStream (ConfUtils.java:logGet(46)) - raft.netty.dataStream.server.tls.conf = null (default)
2024-04-29 10:06:18,843 [main] INFO  netty.NettyConfigKeys$DataStream (ConfUtils.java:logGet(46)) - raft.netty.dataStream.host = null (default)
2024-04-29 10:06:18,843 [main] INFO  netty.NettyConfigKeys$DataStream (ConfUtils.java:logGet(46)) - raft.netty.dataStream.port = 15425 (custom)
2024-04-29 10:06:18,843 [main] INFO  server.RaftServerConfigKeys (ConfUtils.java:logGet(46)) - raft.server.sleep.deviation.threshold = 300ms (default)
2024-04-29 10:06:18,843 [main] INFO  server.RaftServerConfigKeys (ConfUtils.java:logGet(46)) - raft.server.close.threshold = 60s (default)
2024-04-29 10:06:18,844 [main] INFO  server.RaftServerConfigKeys (ConfUtils.java:logGet(46)) - raft.server.leaderelection.leader.step-down.wait-time = 10s (default)
2024-04-29 10:06:18,844 [main] INFO  server.RaftServerConfigKeys (ConfUtils.java:logGet(46)) - raft.server.storage.dir = [/home/runner/work/ozone/ozone/hadoop-ozone/integration-test/target/test-dir/MiniOzoneClusterImpl-2cdd5cd5-9c4c-463f-a193-9ffbc37dc237/ozone-meta/datanode-7/ratis] (custom)
2024-04-29 10:06:18,844 [main] INFO  server.RaftServerConfigKeys (ConfUtils.java:logGet(46)) - raft.server.threadpool.proxy.cached = true (default)
2024-04-29 10:06:18,844 [main] INFO  server.RaftServerConfigKeys (ConfUtils.java:logGet(46)) - raft.server.threadpool.proxy.size = 0 (default)
2024-04-29 10:06:18,844 [05b2082f-ed41-4af0-9481-4223771265a3-NettyServerStreamRpc-bossGroup--thread1] INFO  logging.LoggingHandler (AbstractInternalLogger.java:log(148)) - [id: 0xe1a13f42] REGISTERED
2024-04-29 10:06:18,844 [05b2082f-ed41-4af0-9481-4223771265a3-NettyServerStreamRpc-bossGroup--thread1] INFO  logging.LoggingHandler (AbstractInternalLogger.java:log(148)) - [id: 0xe1a13f42] BIND: 0.0.0.0/0.0.0.0:15425
2024-04-29 10:06:18,844 [05b2082f-ed41-4af0-9481-4223771265a3-NettyServerStreamRpc-bossGroup--thread1] INFO  logging.LoggingHandler (AbstractInternalLogger.java:log(148)) - [id: 0xe1a13f42, L:/0.0.0.0:15425] ACTIVE
2024-04-29 10:06:18,844 [05b2082f-ed41-4af0-9481-4223771265a3-impl-thread1] INFO  server.RaftServer (RaftServerProxy.java:initGroupDir(264)) - 05b2082f-ed41-4af0-9481-4223771265a3: found a subdirectory /home/runner/work/ozone/ozone/hadoop-ozone/integration-test/target/test-dir/MiniOzoneClusterImpl-2cdd5cd5-9c4c-463f-a193-9ffbc37dc237/ozone-meta/datanode-7/ratis/tmp
2024-04-29 10:06:18,845 [05b2082f-ed41-4af0-9481-4223771265a3-impl-thread1] INFO  server.RaftServer (RaftServerProxy.java:initGroupDir(269)) - 05b2082f-ed41-4af0-9481-4223771265a3: The directory /home/runner/work/ozone/ozone/hadoop-ozone/integration-test/target/test-dir/MiniOzoneClusterImpl-2cdd5cd5-9c4c-463f-a193-9ffbc37dc237/ozone-meta/datanode-7/ratis/tmp is not a group directory; ignoring it. 
2024-04-29 10:06:18,845 [main] INFO  replication.ReplicationServer (ReplicationServer.java:<init>(86)) - Initializing replication server with thread count = 10 queue length = 4096
2024-04-29 10:06:18,846 [main] INFO  server.XceiverServerGrpc (XceiverServerGrpc.java:<init>(141)) - GrpcServer channel type EpollServerSocketChannel
2024-04-29 10:06:18,847 [main] INFO  replication.ReplicationSupervisor (ReplicationSupervisor.java:build(157)) - Initializing replication supervisor with thread count = 10
2024-04-29 10:06:18,847 [main] INFO  replication.ReplicationSupervisor (ReplicationSupervisor.java:nodeStateUpdated(312)) - Node state updated to IN_SERVICE, scaling executor pool size to 10
2024-04-29 10:06:18,850 [main] INFO  http.BaseHttpServer (BaseHttpServer.java:newHttpServer2BuilderForOzone(223)) - Starting Web-server for hddsDatanode at: http://0.0.0.0:15419
2024-04-29 10:06:18,850 [main] INFO  http.BaseHttpServer (BaseHttpServer.java:<init>(110)) - Hadoop Security Enabled: false Ozone Security Enabled: false Ozone HTTP Security Enabled: false 
2024-04-29 10:06:18,851 [main] WARN  server.AuthenticationFilter (AuthenticationFilter.java:constructSecretProvider(240)) - Unable to initialize FileSignerSecretProvider, falling back to use random secrets. Reason: Could not read signature secret file: /home/runner/hadoop-http-auth-signature-secret
2024-04-29 10:06:18,852 [main] INFO  http.HttpRequestLog (HttpRequestLog.java:getRequestLog(86)) - Http request log for http.requests.hddsDatanode is not defined
2024-04-29 10:06:18,852 [main] INFO  http.HttpServer2 (HttpServer2.java:addGlobalFilter(1036)) - Added global filter 'safety' (class=org.apache.hadoop.hdds.server.http.HttpServer2$QuotingInputFilter)
2024-04-29 10:06:18,853 [main] INFO  http.HttpServer2 (HttpServer2.java:addFilter(1012)) - Added filter static_user_filter (class=org.apache.hadoop.http.lib.StaticUserWebFilter$StaticUserFilter) to context hddsDatanode
2024-04-29 10:06:18,853 [main] INFO  http.HttpServer2 (HttpServer2.java:addFilter(1020)) - Added filter static_user_filter (class=org.apache.hadoop.http.lib.StaticUserWebFilter$StaticUserFilter) to context logs
2024-04-29 10:06:18,853 [main] INFO  http.HttpServer2 (HttpServer2.java:addFilter(1020)) - Added filter static_user_filter (class=org.apache.hadoop.http.lib.StaticUserWebFilter$StaticUserFilter) to context static
2024-04-29 10:06:18,853 [main] INFO  http.BaseHttpServer (BaseHttpServer.java:<init>(189)) - HTTP server of hddsDatanode uses base directory /home/runner/work/ozone/ozone/hadoop-ozone/integration-test/target/test-dir/MiniOzoneClusterImpl-2cdd5cd5-9c4c-463f-a193-9ffbc37dc237/ozone-meta/datanode-7/meta/webserver
2024-04-29 10:06:18,854 [main] INFO  http.HttpServer2 (HttpServer2.java:bindListener(1236)) - Jetty bound to port 15419
2024-04-29 10:06:18,854 [main] INFO  server.Server (Server.java:doStart(375)) - jetty-9.4.54.v20240208; built: 2024-02-08T19:42:39.027Z; git: cef3fbd6d736a21e7d541a5db490381d95a2047d; jvm 17.0.10+7
2024-04-29 10:06:18,858 [main] INFO  server.session (DefaultSessionIdManager.java:doStart(334)) - DefaultSessionIdManager workerName=node0
2024-04-29 10:06:18,858 [main] INFO  server.session (DefaultSessionIdManager.java:doStart(339)) - No SessionScavenger set, using defaults
2024-04-29 10:06:18,858 [main] INFO  server.session (HouseKeeper.java:startScavenging(132)) - node0 Scavenging every 660000ms
2024-04-29 10:06:18,861 [main] INFO  handler.ContextHandler (ContextHandler.java:doStart(921)) - Started o.e.j.s.ServletContextHandler@2c8e3d8a{logs,/logs,file:///home/runner/work/ozone/ozone/hadoop-ozone/integration-test/target/log,AVAILABLE}
2024-04-29 10:06:18,862 [main] INFO  handler.ContextHandler (ContextHandler.java:doStart(921)) - Started o.e.j.s.ServletContextHandler@47a532d9{static,/static,file:///home/runner/work/ozone/ozone/hadoop-hdds/container-service/target/classes/webapps/static,AVAILABLE}
2024-04-29 10:06:18,865 [main] INFO  handler.ContextHandler (ContextHandler.java:doStart(921)) - Started o.e.j.w.WebAppContext@683cd50d{hddsDatanode,/,file:///home/runner/work/ozone/ozone/hadoop-hdds/container-service/target/classes/webapps/hddsDatanode/,AVAILABLE}{file:/home/runner/work/ozone/ozone/hadoop-hdds/container-service/target/classes/webapps/hddsDatanode}
2024-04-29 10:06:18,866 [main] INFO  server.AbstractConnector (AbstractConnector.java:doStart(333)) - Started ServerConnector@20a0eb1d{HTTP/1.1, (http/1.1)}{0.0.0.0:15419}
2024-04-29 10:06:18,866 [main] INFO  server.Server (Server.java:doStart(415)) - Started @146239ms
2024-04-29 10:06:18,866 [main] WARN  impl.MetricsSystemImpl (MetricsSystemImpl.java:register(279)) - Sink prometheus already exists!
2024-04-29 10:06:18,867 [main] INFO  http.BaseHttpServer (BaseHttpServer.java:updateConnectorAddress(354)) - HTTP server of hddsDatanode listening at http://0.0.0.0:15419
2024-04-29 10:06:18,867 [main] INFO  ipc.CallQueueManager (CallQueueManager.java:<init>(90)) - Using callQueue: class java.util.concurrent.LinkedBlockingQueue, queueCapacity: 100, scheduler: class org.apache.hadoop.ipc.DefaultRpcScheduler, ipcBackoff: false.
2024-04-29 10:06:18,867 [main] INFO  ipc.Server (Server.java:<init>(1287)) - Listener at 0.0.0.0:15420
2024-04-29 10:06:18,867 [Socket Reader #1 for port 15420] INFO  ipc.Server (Server.java:run(1323)) - Starting Socket Reader #1 for port 15420
2024-04-29 10:06:18,868 [main] INFO  ozone.HddsDatanodeService (HddsDatanodeService.java:start(327)) - Datanode start with admins: [runner]
2024-04-29 10:06:18,868 [main] INFO  ozone.HddsDatanodeClientProtocolServer (HddsDatanodeClientProtocolServer.java:start(77)) - RPC server for Client /0.0.0.0:15420
2024-04-29 10:06:18,869 [IPC Server Responder] INFO  ipc.Server (Server.java:run(1562)) - IPC Server Responder: starting
2024-04-29 10:06:18,869 [IPC Server listener on 15420] INFO  ipc.Server (Server.java:run(1402)) - IPC Server listener on 15420: starting
2024-04-29 10:06:18,869 [05b2082f-ed41-4af0-9481-4223771265a3-DatanodeStateMachineDaemonThread] INFO  statemachine.DatanodeStateMachine (DatanodeStateMachine.java:lambda$startDaemon$1(555)) - Ozone container server started.
2024-04-29 10:06:18,869 [main] WARN  dropwizard3.Dm3MetricRegistriesImpl (Dm3MetricRegistriesImpl.java:addReporterRegistration(113)) - New reporters are added after registries were created. Some metrics will be missing from the reporter. Please add reporter before adding any new registry.
2024-04-29 10:06:18,869 [main] WARN  dropwizard3.Dm3MetricRegistriesImpl (Dm3MetricRegistriesImpl.java:addReporterRegistration(113)) - New reporters are added after registries were created. Some metrics will be missing from the reporter. Please add reporter before adding any new registry.
2024-04-29 10:06:18,870 [main] INFO  impl.MetricsSystemImpl (MetricsSystemImpl.java:init(158)) - HddsDatanode metrics system started (again)
2024-04-29 10:06:18,872 [05b2082f-ed41-4af0-9481-4223771265a3-DatanodeStateMachineTaskThread-0] INFO  datanode.InitDatanodeState (InitDatanodeState.java:persistContainerDatanodeDetails(139)) - DatanodeDetails is persisted to /home/runner/work/ozone/ozone/hadoop-ozone/integration-test/target/test-dir/MiniOzoneClusterImpl-2cdd5cd5-9c4c-463f-a193-9ffbc37dc237/ozone-meta/datanode-7/meta/datanode.id
2024-04-29 10:06:18,879 [main] INFO  ozone.HddsDatanodeService (HddsDatanodeService.java:start(240)) - HddsDatanodeService host:fv-az913-54.hn4i015bbztebps0p24f5airth.phxx.internal.cloudapp.net ip:10.1.0.39
2024-04-29 10:06:18,899 [main] INFO  upgrade.AbstractLayoutVersionManager (AbstractLayoutVersionManager.java:init(83)) - Initializing Layout version manager with metadata layout = HADOOP_PRC_PORTS_IN_DATANODEDETAILS (version = 7), software layout = HADOOP_PRC_PORTS_IN_DATANODEDETAILS (version = 7)
2024-04-29 10:06:18,900 [main] INFO  statemachine.DatanodeStateMachine (DatanodeStateMachine.java:getEndPointTaskThreadPoolSize(299)) - Datanode State Machine Task Thread Pool size 2
2024-04-29 10:06:18,901 [main] INFO  volume.HddsVolume (HddsVolume.java:<init>(126)) - Creating HddsVolume: /home/runner/work/ozone/ozone/hadoop-ozone/integration-test/target/test-dir/MiniOzoneClusterImpl-2cdd5cd5-9c4c-463f-a193-9ffbc37dc237/ozone-meta/datanode-8/data-0/hdds of storage type : DISK capacity : 9223372036854775807
2024-04-29 10:06:18,901 [main] INFO  volume.MutableVolumeSet (MutableVolumeSet.java:initializeVolumeSet(173)) - Added Volume : /home/runner/work/ozone/ozone/hadoop-ozone/integration-test/target/test-dir/MiniOzoneClusterImpl-2cdd5cd5-9c4c-463f-a193-9ffbc37dc237/ozone-meta/datanode-8/data-0/hdds to VolumeSet
2024-04-29 10:06:18,901 [main] INFO  volume.MutableVolumeSet (MutableVolumeSet.java:initializeVolumeSet(173)) - Added Volume : /home/runner/work/ozone/ozone/hadoop-ozone/integration-test/target/test-dir/MiniOzoneClusterImpl-2cdd5cd5-9c4c-463f-a193-9ffbc37dc237/ozone-meta/datanode-8/ratis to VolumeSet
2024-04-29 10:06:18,902 [main] INFO  ozoneimpl.OzoneContainer (HddsVolumeUtil.java:loadAllHddsVolumeDbStore(103)) - Load 1 volumes DbStore cost: 0ms
2024-04-29 10:06:18,903 [main] INFO  server.RaftServer (ConfUtils.java:logGet(46)) - raft.rpc.type = GRPC (default)
2024-04-29 10:06:18,903 [main] INFO  grpc.GrpcConfigKeys (ConfUtils.java:logFallback(53)) - raft.grpc.admin.host = null (fallback to raft.grpc.server.host)
2024-04-29 10:06:18,903 [main] INFO  grpc.GrpcConfigKeys (ConfUtils.java:logGet(46)) - raft.grpc.admin.port = 15432 (custom)
2024-04-29 10:06:18,904 [main] INFO  grpc.GrpcConfigKeys (ConfUtils.java:logFallback(53)) - raft.grpc.client.host = null (fallback to raft.grpc.server.host)
2024-04-29 10:06:18,904 [main] INFO  grpc.GrpcConfigKeys (ConfUtils.java:logGet(46)) - raft.grpc.client.port = 15431 (custom)
2024-04-29 10:06:18,904 [main] INFO  grpc.GrpcConfigKeys (ConfUtils.java:logGet(46)) - raft.grpc.server.host = null (default)
2024-04-29 10:06:18,904 [main] INFO  grpc.GrpcConfigKeys (ConfUtils.java:logGet(46)) - raft.grpc.server.port = 15433 (custom)
2024-04-29 10:06:18,904 [main] INFO  server.GrpcService (ConfUtils.java:logGet(46)) - raft.grpc.message.size.max = 32MB (=33554432) (custom)
2024-04-29 10:06:18,904 [main] INFO  server.RaftServerConfigKeys (ConfUtils.java:logGet(46)) - raft.server.log.appender.buffer.byte-limit = 8388608 (custom)
2024-04-29 10:06:18,904 [main] INFO  server.GrpcService (ConfUtils.java:logGet(46)) - raft.grpc.flow.control.window = 5MB (=5242880) (custom)
2024-04-29 10:06:18,904 [main] INFO  server.RaftServerConfigKeys (ConfUtils.java:logGet(46)) - raft.server.rpc.request.timeout = 3000ms (default)
2024-04-29 10:06:18,904 [main] INFO  grpc.GrpcConfigKeys (ConfUtils.java:logGet(46)) - raft.grpc.server.heartbeat.channel = true (default)
2024-04-29 10:06:18,904 [main] INFO  grpc.GrpcConfigKeys (ConfUtils.java:logGet(46)) - raft.grpc.server.async.request.thread.pool.cached = true (default)
2024-04-29 10:06:18,904 [main] INFO  grpc.GrpcConfigKeys (ConfUtils.java:logGet(46)) - raft.grpc.server.async.request.thread.pool.size = 32 (default)
2024-04-29 10:06:18,905 [main] INFO  impl.DataStreamServerImpl (ConfUtils.java:logGet(46)) - raft.datastream.type = NETTY (custom)
2024-04-29 10:06:18,906 [main] INFO  server.RaftServerConfigKeys (ConfUtils.java:logGet(46)) - raft.server.data-stream.async.request.thread.pool.cached = false (default)
2024-04-29 10:06:18,906 [main] INFO  server.RaftServerConfigKeys (ConfUtils.java:logGet(46)) - raft.server.data-stream.async.request.thread.pool.size = 20 (custom)
2024-04-29 10:06:18,906 [main] INFO  server.RaftServerConfigKeys (ConfUtils.java:logGet(46)) - raft.server.data-stream.async.write.thread.pool.size = 16 (default)
2024-04-29 10:06:18,906 [main] INFO  netty.NettyConfigKeys$DataStream (ConfUtils.java:logGet(46)) - raft.netty.dataStream.server.channel.inactive.grace-period = 10min (default)
2024-04-29 10:06:18,906 [main] INFO  server.RaftServerConfigKeys (ConfUtils.java:logGet(46)) - raft.server.data-stream.client.pool.size = 10 (default)
2024-04-29 10:06:18,906 [main] INFO  netty.NettyConfigKeys$DataStream (ConfUtils.java:logGet(46)) - raft.netty.dataStream.server.use-epoll = true (default)
2024-04-29 10:06:18,906 [main] INFO  netty.NettyConfigKeys$DataStream (ConfUtils.java:logGet(46)) - raft.netty.dataStream.server.boss-group.size = 0 (default)
2024-04-29 10:06:18,906 [main] INFO  netty.NettyUtils (NettyUtils.java:newEventLoopGroup(69)) - Create EpollEventLoopGroup for e953ff49-4527-49f7-9f97-ccf5cafd9f48-NettyServerStreamRpc-bossGroup; Thread size is 0.
2024-04-29 10:06:18,906 [main] INFO  netty.NettyConfigKeys$DataStream (ConfUtils.java:logGet(46)) - raft.netty.dataStream.server.worker-group.size = 0 (default)
2024-04-29 10:06:18,907 [main] INFO  netty.NettyUtils (NettyUtils.java:newEventLoopGroup(69)) - Create EpollEventLoopGroup for e953ff49-4527-49f7-9f97-ccf5cafd9f48-NettyServerStreamRpc-workerGroup; Thread size is 0.
2024-04-29 10:06:18,907 [main] INFO  netty.NettyConfigKeys$DataStream (ConfUtils.java:logGet(46)) - raft.netty.dataStream.server.tls.conf = null (default)
2024-04-29 10:06:18,907 [main] INFO  netty.NettyConfigKeys$DataStream (ConfUtils.java:logGet(46)) - raft.netty.dataStream.host = null (default)
2024-04-29 10:06:18,907 [main] INFO  netty.NettyConfigKeys$DataStream (ConfUtils.java:logGet(46)) - raft.netty.dataStream.port = 15434 (custom)
2024-04-29 10:06:18,907 [main] INFO  server.RaftServerConfigKeys (ConfUtils.java:logGet(46)) - raft.server.sleep.deviation.threshold = 300ms (default)
2024-04-29 10:06:18,907 [main] INFO  server.RaftServerConfigKeys (ConfUtils.java:logGet(46)) - raft.server.close.threshold = 60s (default)
2024-04-29 10:06:18,907 [main] INFO  server.RaftServerConfigKeys (ConfUtils.java:logGet(46)) - raft.server.leaderelection.leader.step-down.wait-time = 10s (default)
2024-04-29 10:06:18,907 [e953ff49-4527-49f7-9f97-ccf5cafd9f48-NettyServerStreamRpc-bossGroup--thread1] INFO  logging.LoggingHandler (AbstractInternalLogger.java:log(148)) - [id: 0x4c114a96] REGISTERED
2024-04-29 10:06:18,908 [main] INFO  server.RaftServerConfigKeys (ConfUtils.java:logGet(46)) - raft.server.storage.dir = [/home/runner/work/ozone/ozone/hadoop-ozone/integration-test/target/test-dir/MiniOzoneClusterImpl-2cdd5cd5-9c4c-463f-a193-9ffbc37dc237/ozone-meta/datanode-8/ratis] (custom)
2024-04-29 10:06:18,908 [e953ff49-4527-49f7-9f97-ccf5cafd9f48-NettyServerStreamRpc-bossGroup--thread1] INFO  logging.LoggingHandler (AbstractInternalLogger.java:log(148)) - [id: 0x4c114a96] BIND: 0.0.0.0/0.0.0.0:15434
2024-04-29 10:06:18,908 [main] INFO  server.RaftServerConfigKeys (ConfUtils.java:logGet(46)) - raft.server.threadpool.proxy.cached = true (default)
2024-04-29 10:06:18,908 [e953ff49-4527-49f7-9f97-ccf5cafd9f48-NettyServerStreamRpc-bossGroup--thread1] INFO  logging.LoggingHandler (AbstractInternalLogger.java:log(148)) - [id: 0x4c114a96, L:/0.0.0.0:15434] ACTIVE
2024-04-29 10:06:18,908 [main] INFO  server.RaftServerConfigKeys (ConfUtils.java:logGet(46)) - raft.server.threadpool.proxy.size = 0 (default)
2024-04-29 10:06:18,908 [e953ff49-4527-49f7-9f97-ccf5cafd9f48-impl-thread1] INFO  server.RaftServer (RaftServerProxy.java:initGroupDir(264)) - e953ff49-4527-49f7-9f97-ccf5cafd9f48: found a subdirectory /home/runner/work/ozone/ozone/hadoop-ozone/integration-test/target/test-dir/MiniOzoneClusterImpl-2cdd5cd5-9c4c-463f-a193-9ffbc37dc237/ozone-meta/datanode-8/ratis/tmp
2024-04-29 10:06:18,908 [e953ff49-4527-49f7-9f97-ccf5cafd9f48-impl-thread1] INFO  server.RaftServer (RaftServerProxy.java:initGroupDir(269)) - e953ff49-4527-49f7-9f97-ccf5cafd9f48: The directory /home/runner/work/ozone/ozone/hadoop-ozone/integration-test/target/test-dir/MiniOzoneClusterImpl-2cdd5cd5-9c4c-463f-a193-9ffbc37dc237/ozone-meta/datanode-8/ratis/tmp is not a group directory; ignoring it. 
2024-04-29 10:06:18,908 [main] INFO  replication.ReplicationServer (ReplicationServer.java:<init>(86)) - Initializing replication server with thread count = 10 queue length = 4096
2024-04-29 10:06:18,909 [main] INFO  server.XceiverServerGrpc (XceiverServerGrpc.java:<init>(141)) - GrpcServer channel type EpollServerSocketChannel
2024-04-29 10:06:18,910 [main] INFO  replication.ReplicationSupervisor (ReplicationSupervisor.java:build(157)) - Initializing replication supervisor with thread count = 10
2024-04-29 10:06:18,910 [main] INFO  replication.ReplicationSupervisor (ReplicationSupervisor.java:nodeStateUpdated(312)) - Node state updated to IN_SERVICE, scaling executor pool size to 10
2024-04-29 10:06:18,911 [main] INFO  http.BaseHttpServer (BaseHttpServer.java:newHttpServer2BuilderForOzone(223)) - Starting Web-server for hddsDatanode at: http://0.0.0.0:15428
2024-04-29 10:06:18,911 [main] INFO  http.BaseHttpServer (BaseHttpServer.java:<init>(110)) - Hadoop Security Enabled: false Ozone Security Enabled: false Ozone HTTP Security Enabled: false 
2024-04-29 10:06:18,912 [main] WARN  server.AuthenticationFilter (AuthenticationFilter.java:constructSecretProvider(240)) - Unable to initialize FileSignerSecretProvider, falling back to use random secrets. Reason: Could not read signature secret file: /home/runner/hadoop-http-auth-signature-secret
2024-04-29 10:06:18,913 [main] INFO  http.HttpRequestLog (HttpRequestLog.java:getRequestLog(86)) - Http request log for http.requests.hddsDatanode is not defined
2024-04-29 10:06:18,914 [main] INFO  http.HttpServer2 (HttpServer2.java:addGlobalFilter(1036)) - Added global filter 'safety' (class=org.apache.hadoop.hdds.server.http.HttpServer2$QuotingInputFilter)
2024-04-29 10:06:18,914 [main] INFO  http.HttpServer2 (HttpServer2.java:addFilter(1012)) - Added filter static_user_filter (class=org.apache.hadoop.http.lib.StaticUserWebFilter$StaticUserFilter) to context hddsDatanode
2024-04-29 10:06:18,914 [main] INFO  http.HttpServer2 (HttpServer2.java:addFilter(1020)) - Added filter static_user_filter (class=org.apache.hadoop.http.lib.StaticUserWebFilter$StaticUserFilter) to context static
2024-04-29 10:06:18,914 [main] INFO  http.HttpServer2 (HttpServer2.java:addFilter(1020)) - Added filter static_user_filter (class=org.apache.hadoop.http.lib.StaticUserWebFilter$StaticUserFilter) to context logs
2024-04-29 10:06:18,915 [main] INFO  http.BaseHttpServer (BaseHttpServer.java:<init>(189)) - HTTP server of hddsDatanode uses base directory /home/runner/work/ozone/ozone/hadoop-ozone/integration-test/target/test-dir/MiniOzoneClusterImpl-2cdd5cd5-9c4c-463f-a193-9ffbc37dc237/ozone-meta/datanode-8/meta/webserver
2024-04-29 10:06:18,915 [main] INFO  http.HttpServer2 (HttpServer2.java:bindListener(1236)) - Jetty bound to port 15428
2024-04-29 10:06:18,915 [main] INFO  server.Server (Server.java:doStart(375)) - jetty-9.4.54.v20240208; built: 2024-02-08T19:42:39.027Z; git: cef3fbd6d736a21e7d541a5db490381d95a2047d; jvm 17.0.10+7
2024-04-29 10:06:18,916 [main] INFO  server.session (DefaultSessionIdManager.java:doStart(334)) - DefaultSessionIdManager workerName=node0
2024-04-29 10:06:18,916 [main] INFO  server.session (DefaultSessionIdManager.java:doStart(339)) - No SessionScavenger set, using defaults
2024-04-29 10:06:18,916 [main] INFO  server.session (HouseKeeper.java:startScavenging(132)) - node0 Scavenging every 660000ms
2024-04-29 10:06:18,917 [main] INFO  handler.ContextHandler (ContextHandler.java:doStart(921)) - Started o.e.j.s.ServletContextHandler@1ef39b1a{logs,/logs,file:///home/runner/work/ozone/ozone/hadoop-ozone/integration-test/target/log,AVAILABLE}
2024-04-29 10:06:18,917 [main] INFO  handler.ContextHandler (ContextHandler.java:doStart(921)) - Started o.e.j.s.ServletContextHandler@3cbe75ce{static,/static,file:///home/runner/work/ozone/ozone/hadoop-hdds/container-service/target/classes/webapps/static,AVAILABLE}
2024-04-29 10:06:18,920 [main] INFO  handler.ContextHandler (ContextHandler.java:doStart(921)) - Started o.e.j.w.WebAppContext@272c18a1{hddsDatanode,/,file:///home/runner/work/ozone/ozone/hadoop-hdds/container-service/target/classes/webapps/hddsDatanode/,AVAILABLE}{file:/home/runner/work/ozone/ozone/hadoop-hdds/container-service/target/classes/webapps/hddsDatanode}
2024-04-29 10:06:18,921 [main] INFO  server.AbstractConnector (AbstractConnector.java:doStart(333)) - Started ServerConnector@6f33e4be{HTTP/1.1, (http/1.1)}{0.0.0.0:15428}
2024-04-29 10:06:18,921 [main] INFO  server.Server (Server.java:doStart(415)) - Started @146294ms
2024-04-29 10:06:18,921 [main] WARN  impl.MetricsSystemImpl (MetricsSystemImpl.java:register(279)) - Sink prometheus already exists!
2024-04-29 10:06:18,922 [main] INFO  http.BaseHttpServer (BaseHttpServer.java:updateConnectorAddress(354)) - HTTP server of hddsDatanode listening at http://0.0.0.0:15428
2024-04-29 10:06:18,922 [main] INFO  ipc.CallQueueManager (CallQueueManager.java:<init>(90)) - Using callQueue: class java.util.concurrent.LinkedBlockingQueue, queueCapacity: 100, scheduler: class org.apache.hadoop.ipc.DefaultRpcScheduler, ipcBackoff: false.
2024-04-29 10:06:18,922 [main] INFO  ipc.Server (Server.java:<init>(1287)) - Listener at 0.0.0.0:15429
2024-04-29 10:06:18,924 [main] INFO  ozone.HddsDatanodeService (HddsDatanodeService.java:start(327)) - Datanode start with admins: [runner]
2024-04-29 10:06:18,924 [main] INFO  ozone.HddsDatanodeClientProtocolServer (HddsDatanodeClientProtocolServer.java:start(77)) - RPC server for Client /0.0.0.0:15429
2024-04-29 10:06:18,924 [Socket Reader #1 for port 15429] INFO  ipc.Server (Server.java:run(1323)) - Starting Socket Reader #1 for port 15429
2024-04-29 10:06:18,925 [IPC Server listener on 15429] INFO  ipc.Server (Server.java:run(1402)) - IPC Server listener on 15429: starting
2024-04-29 10:06:18,926 [IPC Server Responder] INFO  ipc.Server (Server.java:run(1562)) - IPC Server Responder: starting
2024-04-29 10:06:18,929 [main] WARN  dropwizard3.Dm3MetricRegistriesImpl (Dm3MetricRegistriesImpl.java:addReporterRegistration(113)) - New reporters are added after registries were created. Some metrics will be missing from the reporter. Please add reporter before adding any new registry.
2024-04-29 10:06:18,929 [main] WARN  dropwizard3.Dm3MetricRegistriesImpl (Dm3MetricRegistriesImpl.java:addReporterRegistration(113)) - New reporters are added after registries were created. Some metrics will be missing from the reporter. Please add reporter before adding any new registry.
2024-04-29 10:06:18,930 [main] INFO  impl.MetricsSystemImpl (MetricsSystemImpl.java:init(158)) - HddsDatanode metrics system started (again)
2024-04-29 10:06:18,941 [main] INFO  ozone.HddsDatanodeService (HddsDatanodeService.java:start(240)) - HddsDatanodeService host:fv-az913-54.hn4i015bbztebps0p24f5airth.phxx.internal.cloudapp.net ip:10.1.0.39
2024-04-29 10:06:18,942 [e953ff49-4527-49f7-9f97-ccf5cafd9f48-DatanodeStateMachineDaemonThread] INFO  statemachine.DatanodeStateMachine (DatanodeStateMachine.java:lambda$startDaemon$1(555)) - Ozone container server started.
2024-04-29 10:06:18,946 [e953ff49-4527-49f7-9f97-ccf5cafd9f48-DatanodeStateMachineTaskThread-0] INFO  datanode.InitDatanodeState (InitDatanodeState.java:persistContainerDatanodeDetails(139)) - DatanodeDetails is persisted to /home/runner/work/ozone/ozone/hadoop-ozone/integration-test/target/test-dir/MiniOzoneClusterImpl-2cdd5cd5-9c4c-463f-a193-9ffbc37dc237/ozone-meta/datanode-8/meta/datanode.id
2024-04-29 10:06:18,961 [main] INFO  upgrade.AbstractLayoutVersionManager (AbstractLayoutVersionManager.java:init(83)) - Initializing Layout version manager with metadata layout = HADOOP_PRC_PORTS_IN_DATANODEDETAILS (version = 7), software layout = HADOOP_PRC_PORTS_IN_DATANODEDETAILS (version = 7)
2024-04-29 10:06:18,962 [main] INFO  statemachine.DatanodeStateMachine (DatanodeStateMachine.java:getEndPointTaskThreadPoolSize(299)) - Datanode State Machine Task Thread Pool size 2
2024-04-29 10:06:18,963 [main] INFO  volume.HddsVolume (HddsVolume.java:<init>(126)) - Creating HddsVolume: /home/runner/work/ozone/ozone/hadoop-ozone/integration-test/target/test-dir/MiniOzoneClusterImpl-2cdd5cd5-9c4c-463f-a193-9ffbc37dc237/ozone-meta/datanode-9/data-0/hdds of storage type : DISK capacity : 9223372036854775807
2024-04-29 10:06:18,963 [main] INFO  volume.MutableVolumeSet (MutableVolumeSet.java:initializeVolumeSet(173)) - Added Volume : /home/runner/work/ozone/ozone/hadoop-ozone/integration-test/target/test-dir/MiniOzoneClusterImpl-2cdd5cd5-9c4c-463f-a193-9ffbc37dc237/ozone-meta/datanode-9/data-0/hdds to VolumeSet
2024-04-29 10:06:18,963 [main] INFO  volume.MutableVolumeSet (MutableVolumeSet.java:initializeVolumeSet(173)) - Added Volume : /home/runner/work/ozone/ozone/hadoop-ozone/integration-test/target/test-dir/MiniOzoneClusterImpl-2cdd5cd5-9c4c-463f-a193-9ffbc37dc237/ozone-meta/datanode-9/ratis to VolumeSet
2024-04-29 10:06:18,964 [main] INFO  ozoneimpl.OzoneContainer (HddsVolumeUtil.java:loadAllHddsVolumeDbStore(103)) - Load 1 volumes DbStore cost: 0ms
2024-04-29 10:06:18,965 [main] INFO  server.RaftServer (ConfUtils.java:logGet(46)) - raft.rpc.type = GRPC (default)
2024-04-29 10:06:18,966 [main] INFO  grpc.GrpcConfigKeys (ConfUtils.java:logFallback(53)) - raft.grpc.admin.host = null (fallback to raft.grpc.server.host)
2024-04-29 10:06:18,966 [main] INFO  grpc.GrpcConfigKeys (ConfUtils.java:logGet(46)) - raft.grpc.admin.port = 15441 (custom)
2024-04-29 10:06:18,966 [main] INFO  grpc.GrpcConfigKeys (ConfUtils.java:logFallback(53)) - raft.grpc.client.host = null (fallback to raft.grpc.server.host)
2024-04-29 10:06:18,966 [main] INFO  grpc.GrpcConfigKeys (ConfUtils.java:logGet(46)) - raft.grpc.client.port = 15440 (custom)
2024-04-29 10:06:18,966 [main] INFO  grpc.GrpcConfigKeys (ConfUtils.java:logGet(46)) - raft.grpc.server.host = null (default)
2024-04-29 10:06:18,966 [main] INFO  grpc.GrpcConfigKeys (ConfUtils.java:logGet(46)) - raft.grpc.server.port = 15442 (custom)
2024-04-29 10:06:18,966 [main] INFO  server.GrpcService (ConfUtils.java:logGet(46)) - raft.grpc.message.size.max = 32MB (=33554432) (custom)
2024-04-29 10:06:18,966 [main] INFO  server.RaftServerConfigKeys (ConfUtils.java:logGet(46)) - raft.server.log.appender.buffer.byte-limit = 8388608 (custom)
2024-04-29 10:06:18,966 [main] INFO  server.GrpcService (ConfUtils.java:logGet(46)) - raft.grpc.flow.control.window = 5MB (=5242880) (custom)
2024-04-29 10:06:18,967 [main] INFO  server.RaftServerConfigKeys (ConfUtils.java:logGet(46)) - raft.server.rpc.request.timeout = 3000ms (default)
2024-04-29 10:06:18,967 [main] INFO  grpc.GrpcConfigKeys (ConfUtils.java:logGet(46)) - raft.grpc.server.heartbeat.channel = true (default)
2024-04-29 10:06:18,967 [main] INFO  grpc.GrpcConfigKeys (ConfUtils.java:logGet(46)) - raft.grpc.server.async.request.thread.pool.cached = true (default)
2024-04-29 10:06:18,967 [main] INFO  grpc.GrpcConfigKeys (ConfUtils.java:logGet(46)) - raft.grpc.server.async.request.thread.pool.size = 32 (default)
2024-04-29 10:06:18,969 [main] INFO  impl.DataStreamServerImpl (ConfUtils.java:logGet(46)) - raft.datastream.type = NETTY (custom)
2024-04-29 10:06:18,969 [main] INFO  server.RaftServerConfigKeys (ConfUtils.java:logGet(46)) - raft.server.data-stream.async.request.thread.pool.cached = false (default)
2024-04-29 10:06:18,969 [main] INFO  server.RaftServerConfigKeys (ConfUtils.java:logGet(46)) - raft.server.data-stream.async.request.thread.pool.size = 20 (custom)
2024-04-29 10:06:18,969 [main] INFO  server.RaftServerConfigKeys (ConfUtils.java:logGet(46)) - raft.server.data-stream.async.write.thread.pool.size = 16 (default)
2024-04-29 10:06:18,969 [main] INFO  netty.NettyConfigKeys$DataStream (ConfUtils.java:logGet(46)) - raft.netty.dataStream.server.channel.inactive.grace-period = 10min (default)
2024-04-29 10:06:18,969 [main] INFO  server.RaftServerConfigKeys (ConfUtils.java:logGet(46)) - raft.server.data-stream.client.pool.size = 10 (default)
2024-04-29 10:06:18,970 [main] INFO  netty.NettyConfigKeys$DataStream (ConfUtils.java:logGet(46)) - raft.netty.dataStream.server.use-epoll = true (default)
2024-04-29 10:06:18,970 [main] INFO  netty.NettyConfigKeys$DataStream (ConfUtils.java:logGet(46)) - raft.netty.dataStream.server.boss-group.size = 0 (default)
2024-04-29 10:06:18,970 [main] INFO  netty.NettyUtils (NettyUtils.java:newEventLoopGroup(69)) - Create EpollEventLoopGroup for e630d950-2d07-45d9-8bac-ccae2e608fbd-NettyServerStreamRpc-bossGroup; Thread size is 0.
2024-04-29 10:06:18,970 [main] INFO  netty.NettyConfigKeys$DataStream (ConfUtils.java:logGet(46)) - raft.netty.dataStream.server.worker-group.size = 0 (default)
2024-04-29 10:06:18,970 [main] INFO  netty.NettyUtils (NettyUtils.java:newEventLoopGroup(69)) - Create EpollEventLoopGroup for e630d950-2d07-45d9-8bac-ccae2e608fbd-NettyServerStreamRpc-workerGroup; Thread size is 0.
2024-04-29 10:06:18,971 [main] INFO  netty.NettyConfigKeys$DataStream (ConfUtils.java:logGet(46)) - raft.netty.dataStream.server.tls.conf = null (default)
2024-04-29 10:06:18,971 [main] INFO  netty.NettyConfigKeys$DataStream (ConfUtils.java:logGet(46)) - raft.netty.dataStream.host = null (default)
2024-04-29 10:06:18,971 [main] INFO  netty.NettyConfigKeys$DataStream (ConfUtils.java:logGet(46)) - raft.netty.dataStream.port = 15443 (custom)
2024-04-29 10:06:18,971 [main] INFO  server.RaftServerConfigKeys (ConfUtils.java:logGet(46)) - raft.server.sleep.deviation.threshold = 300ms (default)
2024-04-29 10:06:18,971 [main] INFO  server.RaftServerConfigKeys (ConfUtils.java:logGet(46)) - raft.server.close.threshold = 60s (default)
2024-04-29 10:06:18,971 [main] INFO  server.RaftServerConfigKeys (ConfUtils.java:logGet(46)) - raft.server.leaderelection.leader.step-down.wait-time = 10s (default)
2024-04-29 10:06:18,972 [main] INFO  server.RaftServerConfigKeys (ConfUtils.java:logGet(46)) - raft.server.storage.dir = [/home/runner/work/ozone/ozone/hadoop-ozone/integration-test/target/test-dir/MiniOzoneClusterImpl-2cdd5cd5-9c4c-463f-a193-9ffbc37dc237/ozone-meta/datanode-9/ratis] (custom)
2024-04-29 10:06:18,972 [main] INFO  server.RaftServerConfigKeys (ConfUtils.java:logGet(46)) - raft.server.threadpool.proxy.cached = true (default)
2024-04-29 10:06:18,972 [main] INFO  server.RaftServerConfigKeys (ConfUtils.java:logGet(46)) - raft.server.threadpool.proxy.size = 0 (default)
2024-04-29 10:06:18,971 [e630d950-2d07-45d9-8bac-ccae2e608fbd-NettyServerStreamRpc-bossGroup--thread1] INFO  logging.LoggingHandler (AbstractInternalLogger.java:log(148)) - [id: 0xb76aa82d] REGISTERED
2024-04-29 10:06:18,972 [e630d950-2d07-45d9-8bac-ccae2e608fbd-NettyServerStreamRpc-bossGroup--thread1] INFO  logging.LoggingHandler (AbstractInternalLogger.java:log(148)) - [id: 0xb76aa82d] BIND: 0.0.0.0/0.0.0.0:15443
2024-04-29 10:06:18,972 [e630d950-2d07-45d9-8bac-ccae2e608fbd-NettyServerStreamRpc-bossGroup--thread1] INFO  logging.LoggingHandler (AbstractInternalLogger.java:log(148)) - [id: 0xb76aa82d, L:/0.0.0.0:15443] ACTIVE
2024-04-29 10:06:18,973 [e630d950-2d07-45d9-8bac-ccae2e608fbd-impl-thread1] INFO  server.RaftServer (RaftServerProxy.java:initGroupDir(264)) - e630d950-2d07-45d9-8bac-ccae2e608fbd: found a subdirectory /home/runner/work/ozone/ozone/hadoop-ozone/integration-test/target/test-dir/MiniOzoneClusterImpl-2cdd5cd5-9c4c-463f-a193-9ffbc37dc237/ozone-meta/datanode-9/ratis/tmp
2024-04-29 10:06:18,973 [e630d950-2d07-45d9-8bac-ccae2e608fbd-impl-thread1] INFO  server.RaftServer (RaftServerProxy.java:initGroupDir(269)) - e630d950-2d07-45d9-8bac-ccae2e608fbd: The directory /home/runner/work/ozone/ozone/hadoop-ozone/integration-test/target/test-dir/MiniOzoneClusterImpl-2cdd5cd5-9c4c-463f-a193-9ffbc37dc237/ozone-meta/datanode-9/ratis/tmp is not a group directory; ignoring it. 
2024-04-29 10:06:18,973 [main] INFO  replication.ReplicationServer (ReplicationServer.java:<init>(86)) - Initializing replication server with thread count = 10 queue length = 4096
2024-04-29 10:06:18,974 [main] INFO  server.XceiverServerGrpc (XceiverServerGrpc.java:<init>(141)) - GrpcServer channel type EpollServerSocketChannel
2024-04-29 10:06:18,975 [main] INFO  replication.ReplicationSupervisor (ReplicationSupervisor.java:build(157)) - Initializing replication supervisor with thread count = 10
2024-04-29 10:06:18,975 [main] INFO  replication.ReplicationSupervisor (ReplicationSupervisor.java:nodeStateUpdated(312)) - Node state updated to IN_SERVICE, scaling executor pool size to 10
2024-04-29 10:06:18,977 [main] INFO  http.BaseHttpServer (BaseHttpServer.java:newHttpServer2BuilderForOzone(223)) - Starting Web-server for hddsDatanode at: http://0.0.0.0:15437
2024-04-29 10:06:18,977 [main] INFO  http.BaseHttpServer (BaseHttpServer.java:<init>(110)) - Hadoop Security Enabled: false Ozone Security Enabled: false Ozone HTTP Security Enabled: false 
2024-04-29 10:06:18,978 [main] WARN  server.AuthenticationFilter (AuthenticationFilter.java:constructSecretProvider(240)) - Unable to initialize FileSignerSecretProvider, falling back to use random secrets. Reason: Could not read signature secret file: /home/runner/hadoop-http-auth-signature-secret
2024-04-29 10:06:18,979 [main] INFO  http.HttpRequestLog (HttpRequestLog.java:getRequestLog(86)) - Http request log for http.requests.hddsDatanode is not defined
2024-04-29 10:06:18,979 [main] INFO  http.HttpServer2 (HttpServer2.java:addGlobalFilter(1036)) - Added global filter 'safety' (class=org.apache.hadoop.hdds.server.http.HttpServer2$QuotingInputFilter)
2024-04-29 10:06:18,980 [main] INFO  http.HttpServer2 (HttpServer2.java:addFilter(1012)) - Added filter static_user_filter (class=org.apache.hadoop.http.lib.StaticUserWebFilter$StaticUserFilter) to context hddsDatanode
2024-04-29 10:06:18,980 [main] INFO  http.HttpServer2 (HttpServer2.java:addFilter(1020)) - Added filter static_user_filter (class=org.apache.hadoop.http.lib.StaticUserWebFilter$StaticUserFilter) to context static
2024-04-29 10:06:18,980 [main] INFO  http.HttpServer2 (HttpServer2.java:addFilter(1020)) - Added filter static_user_filter (class=org.apache.hadoop.http.lib.StaticUserWebFilter$StaticUserFilter) to context logs
2024-04-29 10:06:18,980 [main] INFO  http.BaseHttpServer (BaseHttpServer.java:<init>(189)) - HTTP server of hddsDatanode uses base directory /home/runner/work/ozone/ozone/hadoop-ozone/integration-test/target/test-dir/MiniOzoneClusterImpl-2cdd5cd5-9c4c-463f-a193-9ffbc37dc237/ozone-meta/datanode-9/meta/webserver
2024-04-29 10:06:18,981 [main] INFO  http.HttpServer2 (HttpServer2.java:bindListener(1236)) - Jetty bound to port 15437
2024-04-29 10:06:18,981 [main] INFO  server.Server (Server.java:doStart(375)) - jetty-9.4.54.v20240208; built: 2024-02-08T19:42:39.027Z; git: cef3fbd6d736a21e7d541a5db490381d95a2047d; jvm 17.0.10+7
2024-04-29 10:06:18,982 [main] INFO  server.session (DefaultSessionIdManager.java:doStart(334)) - DefaultSessionIdManager workerName=node0
2024-04-29 10:06:18,982 [main] INFO  server.session (DefaultSessionIdManager.java:doStart(339)) - No SessionScavenger set, using defaults
2024-04-29 10:06:18,982 [main] INFO  server.session (HouseKeeper.java:startScavenging(132)) - node0 Scavenging every 660000ms
2024-04-29 10:06:18,982 [main] INFO  handler.ContextHandler (ContextHandler.java:doStart(921)) - Started o.e.j.s.ServletContextHandler@768f12db{logs,/logs,file:///home/runner/work/ozone/ozone/hadoop-ozone/integration-test/target/log,AVAILABLE}
2024-04-29 10:06:18,983 [main] INFO  handler.ContextHandler (ContextHandler.java:doStart(921)) - Started o.e.j.s.ServletContextHandler@5af87c49{static,/static,file:///home/runner/work/ozone/ozone/hadoop-hdds/container-service/target/classes/webapps/static,AVAILABLE}
2024-04-29 10:06:18,986 [main] INFO  handler.ContextHandler (ContextHandler.java:doStart(921)) - Started o.e.j.w.WebAppContext@60a781{hddsDatanode,/,file:///home/runner/work/ozone/ozone/hadoop-hdds/container-service/target/classes/webapps/hddsDatanode/,AVAILABLE}{file:/home/runner/work/ozone/ozone/hadoop-hdds/container-service/target/classes/webapps/hddsDatanode}
2024-04-29 10:06:18,987 [main] INFO  server.AbstractConnector (AbstractConnector.java:doStart(333)) - Started ServerConnector@7787a602{HTTP/1.1, (http/1.1)}{0.0.0.0:15437}
2024-04-29 10:06:18,987 [main] INFO  server.Server (Server.java:doStart(415)) - Started @146360ms
2024-04-29 10:06:18,987 [main] WARN  impl.MetricsSystemImpl (MetricsSystemImpl.java:register(279)) - Sink prometheus already exists!
2024-04-29 10:06:18,987 [main] INFO  http.BaseHttpServer (BaseHttpServer.java:updateConnectorAddress(354)) - HTTP server of hddsDatanode listening at http://0.0.0.0:15437
2024-04-29 10:06:18,988 [main] INFO  ipc.CallQueueManager (CallQueueManager.java:<init>(90)) - Using callQueue: class java.util.concurrent.LinkedBlockingQueue, queueCapacity: 100, scheduler: class org.apache.hadoop.ipc.DefaultRpcScheduler, ipcBackoff: false.
2024-04-29 10:06:18,988 [main] INFO  ipc.Server (Server.java:<init>(1287)) - Listener at 0.0.0.0:15438
2024-04-29 10:06:18,988 [Socket Reader #1 for port 15438] INFO  ipc.Server (Server.java:run(1323)) - Starting Socket Reader #1 for port 15438
2024-04-29 10:06:18,989 [main] INFO  ozone.HddsDatanodeService (HddsDatanodeService.java:start(327)) - Datanode start with admins: [runner]
2024-04-29 10:06:18,990 [main] INFO  ozone.HddsDatanodeClientProtocolServer (HddsDatanodeClientProtocolServer.java:start(77)) - RPC server for Client /0.0.0.0:15438
2024-04-29 10:06:18,996 [IPC Server listener on 15438] INFO  ipc.Server (Server.java:run(1402)) - IPC Server listener on 15438: starting
2024-04-29 10:06:18,996 [e630d950-2d07-45d9-8bac-ccae2e608fbd-DatanodeStateMachineDaemonThread] INFO  statemachine.DatanodeStateMachine (DatanodeStateMachine.java:lambda$startDaemon$1(555)) - Ozone container server started.
2024-04-29 10:06:18,996 [main] INFO  ozone.MiniOzoneClusterImpl (MiniOzoneClusterImpl.java:lambda$waitForClusterToBeReady$0(194)) - Waiting for nodes to be ready. Got 0 of 9 DN Heartbeats.
2024-04-29 10:06:18,997 [main] INFO  ozone.MiniOzoneClusterImpl (MiniOzoneClusterImpl.java:lambda$waitForClusterToBeReady$0(197)) - Waiting for cluster to exit safe mode
2024-04-29 10:06:18,997 [main] INFO  ozone.MiniOzoneClusterImpl (MiniOzoneClusterImpl.java:lambda$waitForClusterToBeReady$0(199)) - SCM became leader
2024-04-29 10:06:18,997 [IPC Server Responder] INFO  ipc.Server (Server.java:run(1562)) - IPC Server Responder: starting
2024-04-29 10:06:18,998 [e630d950-2d07-45d9-8bac-ccae2e608fbd-DatanodeStateMachineTaskThread-0] INFO  datanode.InitDatanodeState (InitDatanodeState.java:persistContainerDatanodeDetails(139)) - DatanodeDetails is persisted to /home/runner/work/ozone/ozone/hadoop-ozone/integration-test/target/test-dir/MiniOzoneClusterImpl-2cdd5cd5-9c4c-463f-a193-9ffbc37dc237/ozone-meta/datanode-9/meta/datanode.id
2024-04-29 10:06:19,518 [om1@group-C5BA1605619E-FollowerState] INFO  impl.FollowerState (FollowerState.java:run(143)) - om1@group-C5BA1605619E-FollowerState: change to CANDIDATE, lastRpcElapsedTime:1089025999ns, electionTimeout:1088ms
2024-04-29 10:06:19,518 [om1@group-C5BA1605619E-FollowerState] INFO  impl.RoleInfo (RoleInfo.java:shutdownFollowerState(110)) - om1: shutdown om1@group-C5BA1605619E-FollowerState
2024-04-29 10:06:19,518 [om1@group-C5BA1605619E-FollowerState] INFO  server.RaftServer$Division (RaftServerImpl.java:setRole(383)) - om1@group-C5BA1605619E: changes role from  FOLLOWER to CANDIDATE at term 0 for changeToCandidate
2024-04-29 10:06:19,518 [om1@group-C5BA1605619E-FollowerState] INFO  server.RaftServerConfigKeys (ConfUtils.java:logGet(46)) - raft.server.leaderelection.pre-vote = true (default)
2024-04-29 10:06:19,518 [om1@group-C5BA1605619E-FollowerState] INFO  impl.RoleInfo (RoleInfo.java:updateAndGet(139)) - om1: start om1@group-C5BA1605619E-LeaderElection64
2024-04-29 10:06:19,519 [om1@group-C5BA1605619E-LeaderElection64] INFO  impl.LeaderElection (LeaderElection.java:askForVotes(321)) - om1@group-C5BA1605619E-LeaderElection64 PRE_VOTE round 0: submit vote requests at term 0 for -1: peers:[om1|localhost:15363]|listeners:[], old=null
2024-04-29 10:06:19,519 [om1@group-C5BA1605619E-LeaderElection64] INFO  impl.LeaderElection (LeaderElection.java:askForVotes(323)) - om1@group-C5BA1605619E-LeaderElection64 PRE_VOTE round 0: result PASSED (term=0)
2024-04-29 10:06:19,520 [om1@group-C5BA1605619E-LeaderElection64] INFO  impl.LeaderElection (LeaderElection.java:askForVotes(321)) - om1@group-C5BA1605619E-LeaderElection64 ELECTION round 0: submit vote requests at term 1 for -1: peers:[om1|localhost:15363]|listeners:[], old=null
2024-04-29 10:06:19,520 [om1@group-C5BA1605619E-LeaderElection64] INFO  impl.LeaderElection (LeaderElection.java:askForVotes(323)) - om1@group-C5BA1605619E-LeaderElection64 ELECTION round 0: result PASSED (term=1)
2024-04-29 10:06:19,520 [om1@group-C5BA1605619E-LeaderElection64] INFO  impl.RoleInfo (RoleInfo.java:shutdownLeaderElection(130)) - om1: shutdown om1@group-C5BA1605619E-LeaderElection64
2024-04-29 10:06:19,520 [om1@group-C5BA1605619E-LeaderElection64] INFO  server.RaftServer$Division (RaftServerImpl.java:setRole(383)) - om1@group-C5BA1605619E: changes role from CANDIDATE to LEADER at term 1 for changeToLeader
2024-04-29 10:06:19,520 [om1@group-C5BA1605619E-LeaderElection64] INFO  server.RaftServerConfigKeys (ConfUtils.java:logGet(46)) - raft.server.staging.catchup.gap = 1000 (default)
2024-04-29 10:06:19,520 [om1@group-C5BA1605619E-LeaderElection64] INFO  server.RaftServerConfigKeys (ConfUtils.java:logGet(46)) - raft.server.write.element-limit = 4096 (default)
2024-04-29 10:06:19,520 [om1@group-C5BA1605619E-LeaderElection64] INFO  server.RaftServerConfigKeys (ConfUtils.java:logGet(46)) - raft.server.write.byte-limit = 64MB (=67108864) (default)
2024-04-29 10:06:19,521 [om1@group-C5BA1605619E-LeaderElection64] INFO  server.RaftServerConfigKeys (ConfUtils.java:logGet(46)) - raft.server.watch.timeout = 10s (default)
2024-04-29 10:06:19,521 [om1@group-C5BA1605619E-LeaderElection64] INFO  server.RaftServerConfigKeys (ConfUtils.java:logGet(46)) - raft.server.watch.timeout.denomination = 1s (default)
2024-04-29 10:06:19,521 [om1@group-C5BA1605619E-LeaderElection64] INFO  server.RaftServerConfigKeys (ConfUtils.java:logGet(46)) - raft.server.watch.element-limit = 65536 (default)
2024-04-29 10:06:19,521 [om1@group-C5BA1605619E-LeaderElection64] INFO  server.RaftServerConfigKeys (ConfUtils.java:logGet(46)) - raft.server.read.leader.lease.enabled = false (default)
2024-04-29 10:06:19,521 [om1@group-C5BA1605619E-LeaderElection64] INFO  server.RaftServerConfigKeys (ConfUtils.java:logGet(46)) - raft.server.read.leader.lease.timeout.ratio = 0.9 (default)
2024-04-29 10:06:19,521 [om1@group-C5BA1605619E-LeaderElection64] INFO  server.RaftServerConfigKeys (ConfUtils.java:logGet(46)) - raft.server.rpc.timeout.min = 1s (custom)
2024-04-29 10:06:19,521 [om1@group-C5BA1605619E-LeaderElection64] INFO  server.RaftServerConfigKeys (ConfUtils.java:logGet(46)) - raft.server.write.element-limit = 4096 (default)
2024-04-29 10:06:19,521 [om1@group-C5BA1605619E-LeaderElection64] INFO  server.RaftServerConfigKeys (ConfUtils.java:logGet(46)) - raft.server.write.follower.gap.ratio.max = -1.0 (default)
2024-04-29 10:06:19,521 [om1@group-C5BA1605619E-LeaderElection64] INFO  impl.RoleInfo (RoleInfo.java:updateAndGet(139)) - om1: start om1@group-C5BA1605619E-LeaderStateImpl
2024-04-29 10:06:19,521 [om1@group-C5BA1605619E-LeaderElection64] INFO  server.RaftServer$Division (RaftServerImpl.java:setFirstElection(574)) - om1@group-C5BA1605619E: set firstElectionSinceStartup to false for becomeLeader
2024-04-29 10:06:19,521 [om1@group-C5BA1605619E-LeaderElection64] INFO  server.RaftServer$Division (ServerState.java:setLeader(269)) - om1@group-C5BA1605619E: change Leader from null to om1 at term 1 for becomeLeader, leader elected after 1335ms
2024-04-29 10:06:19,521 [om1@group-C5BA1605619E-LeaderElection64] INFO  segmented.SegmentedRaftLogWorker (SegmentedRaftLogWorker.java:startLogSegment(430)) - om1@group-C5BA1605619E-SegmentedRaftLogWorker: Starting segment from index:0
2024-04-29 10:06:19,522 [om1@group-C5BA1605619E-LeaderElection64] INFO  server.RaftServer$Division (ServerState.java:setRaftConf(386)) - om1@group-C5BA1605619E: set configuration 0: peers:[om1|localhost:15363]|listeners:[], old=null
2024-04-29 10:06:19,522 [om1@group-C5BA1605619E-SegmentedRaftLogWorker] INFO  segmented.BufferedWriteChannel (BufferedWriteChannel.java:open(62)) - open log_inprogress_0 at position 0
2024-04-29 10:06:19,529 [om1@group-C5BA1605619E-SegmentedRaftLogWorker] INFO  segmented.SegmentedRaftLogWorker (SegmentedRaftLogWorker.java:execute(634)) - om1@group-C5BA1605619E-SegmentedRaftLogWorker: created new log segment /home/runner/work/ozone/ozone/hadoop-ozone/integration-test/target/test-dir/MiniOzoneClusterImpl-2cdd5cd5-9c4c-463f-a193-9ffbc37dc237/ozone-meta/ratis/bf265839-605b-3f16-9796-c5ba1605619e/current/log_inprogress_0
2024-04-29 10:06:19,530 [om1@group-C5BA1605619E-StateMachineUpdater] INFO  ratis.OzoneManagerStateMachine (OzoneManagerStateMachine.java:notifyConfigurationChanged(212)) - Received Configuration change notification from Ratis. New Peer list:
[id: "om1"
address: "localhost:15363"
startupRole: FOLLOWER
]
2024-04-29 10:06:19,530 [om1@group-C5BA1605619E-StateMachineUpdater] INFO  server.RaftServer$Division (LeaderStateImpl.java:isApplied(320)) - leader is ready since appliedIndex == 0 >= startIndex == 0
2024-04-29 10:06:19,997 [main] INFO  ozone.MiniOzoneClusterImpl (MiniOzoneClusterImpl.java:lambda$waitForClusterToBeReady$0(194)) - Waiting for nodes to be ready. Got 0 of 9 DN Heartbeats.
2024-04-29 10:06:19,997 [main] INFO  ozone.MiniOzoneClusterImpl (MiniOzoneClusterImpl.java:lambda$waitForClusterToBeReady$0(197)) - Waiting for cluster to exit safe mode
2024-04-29 10:06:19,997 [main] INFO  ozone.MiniOzoneClusterImpl (MiniOzoneClusterImpl.java:lambda$waitForClusterToBeReady$0(199)) - SCM became leader
2024-04-29 10:06:20,540 [375cf2e4-ad97-40d4-80c3-6a50f82e6a65-EndpointStateMachineTaskThread-/0.0.0.0:15358-0 ] INFO  utils.DatanodeStoreCache (DatanodeStoreCache.java:addDB(72)) - Added db /home/runner/work/ozone/ozone/hadoop-ozone/integration-test/target/test-dir/MiniOzoneClusterImpl-2cdd5cd5-9c4c-463f-a193-9ffbc37dc237/ozone-meta/datanode-1/data-0/hdds/2cdd5cd5-9c4c-463f-a193-9ffbc37dc237/DS-6519c744-7775-4c40-8ce9-038f1193935f/container.db to cache
2024-04-29 10:06:20,540 [375cf2e4-ad97-40d4-80c3-6a50f82e6a65-EndpointStateMachineTaskThread-/0.0.0.0:15358-0 ] INFO  volume.HddsVolume (HddsVolume.java:createDbStore(437)) - SchemaV3 db is created and loaded at /home/runner/work/ozone/ozone/hadoop-ozone/integration-test/target/test-dir/MiniOzoneClusterImpl-2cdd5cd5-9c4c-463f-a193-9ffbc37dc237/ozone-meta/datanode-1/data-0/hdds/2cdd5cd5-9c4c-463f-a193-9ffbc37dc237/DS-6519c744-7775-4c40-8ce9-038f1193935f/container.db for volume DS-6519c744-7775-4c40-8ce9-038f1193935f
2024-04-29 10:06:20,542 [375cf2e4-ad97-40d4-80c3-6a50f82e6a65-ContainerReader-0] INFO  ozoneimpl.ContainerReader (ContainerReader.java:readVolume(148)) - Start to verify containers on volume /home/runner/work/ozone/ozone/hadoop-ozone/integration-test/target/test-dir/MiniOzoneClusterImpl-2cdd5cd5-9c4c-463f-a193-9ffbc37dc237/ozone-meta/datanode-1/data-0/hdds
2024-04-29 10:06:20,542 [375cf2e4-ad97-40d4-80c3-6a50f82e6a65-ContainerReader-0] INFO  ozoneimpl.ContainerReader (ContainerReader.java:readVolume(178)) - Finish verifying containers on volume /home/runner/work/ozone/ozone/hadoop-ozone/integration-test/target/test-dir/MiniOzoneClusterImpl-2cdd5cd5-9c4c-463f-a193-9ffbc37dc237/ozone-meta/datanode-1/data-0/hdds
2024-04-29 10:06:20,542 [375cf2e4-ad97-40d4-80c3-6a50f82e6a65-EndpointStateMachineTaskThread-/0.0.0.0:15358-0 ] INFO  ozoneimpl.OzoneContainer (OzoneContainer.java:buildContainerSet(328)) - Build ContainerSet costs 0s
2024-04-29 10:06:20,543 [375cf2e4-ad97-40d4-80c3-6a50f82e6a65-EndpointStateMachineTaskThread-/0.0.0.0:15358-0 ] INFO  volume.ThrottledAsyncChecker (ThrottledAsyncChecker.java:schedule(141)) - Scheduling a check for /home/runner/work/ozone/ozone/hadoop-ozone/integration-test/target/test-dir/MiniOzoneClusterImpl-2cdd5cd5-9c4c-463f-a193-9ffbc37dc237/ozone-meta/datanode-1/data-0/hdds
2024-04-29 10:06:20,543 [375cf2e4-ad97-40d4-80c3-6a50f82e6a65-EndpointStateMachineTaskThread-/0.0.0.0:15358-0 ] INFO  volume.StorageVolumeChecker (StorageVolumeChecker.java:checkAllVolumes(218)) - Scheduled health check for volume /home/runner/work/ozone/ozone/hadoop-ozone/integration-test/target/test-dir/MiniOzoneClusterImpl-2cdd5cd5-9c4c-463f-a193-9ffbc37dc237/ozone-meta/datanode-1/data-0/hdds
2024-04-29 10:06:20,544 [375cf2e4-ad97-40d4-80c3-6a50f82e6a65-EndpointStateMachineTaskThread-/0.0.0.0:15358-0 ] INFO  volume.ThrottledAsyncChecker (ThrottledAsyncChecker.java:schedule(141)) - Scheduling a check for /home/runner/work/ozone/ozone/hadoop-ozone/integration-test/target/test-dir/MiniOzoneClusterImpl-2cdd5cd5-9c4c-463f-a193-9ffbc37dc237/ozone-meta/datanode-1/ratis
2024-04-29 10:06:20,553 [375cf2e4-ad97-40d4-80c3-6a50f82e6a65-EndpointStateMachineTaskThread-/0.0.0.0:15358-0 ] INFO  volume.StorageVolumeChecker (StorageVolumeChecker.java:checkAllVolumes(218)) - Scheduled health check for volume /home/runner/work/ozone/ozone/hadoop-ozone/integration-test/target/test-dir/MiniOzoneClusterImpl-2cdd5cd5-9c4c-463f-a193-9ffbc37dc237/ozone-meta/datanode-1/ratis
2024-04-29 10:06:20,554 [375cf2e4-ad97-40d4-80c3-6a50f82e6a65-EndpointStateMachineTaskThread-/0.0.0.0:15358-0 ] INFO  ozoneimpl.OzoneContainer (OzoneContainer.java:start(459)) - Attempting to start container services.
2024-04-29 10:06:20,555 [ContainerMetadataScanner] INFO  ozoneimpl.AbstractBackgroundContainerScanner (AbstractBackgroundContainerScanner.java:runIteration(87)) - Completed an iteration in 0 minutes. Number of iterations (since the data-node restart) : 1, Number of containers scanned in this iteration : 0, Number of unhealthy containers found in this iteration : 0
2024-04-29 10:06:20,555 [375cf2e4-ad97-40d4-80c3-6a50f82e6a65-EndpointStateMachineTaskThread-/0.0.0.0:15358-0 ] INFO  replication.ReplicationServer (ReplicationServer.java:start(142)) - ReplicationServer is started using port 15372
2024-04-29 10:06:20,555 [375cf2e4-ad97-40d4-80c3-6a50f82e6a65-EndpointStateMachineTaskThread-/0.0.0.0:15358-0 ] INFO  ratis.XceiverServerRatis (XceiverServerRatis.java:start(566)) - Starting XceiverServerRatis 375cf2e4-ad97-40d4-80c3-6a50f82e6a65
2024-04-29 10:06:20,555 [ContainerDataScanner(/home/runner/work/ozone/ozone/hadoop-ozone/integration-test/target/test-dir/MiniOzoneClusterImpl-2cdd5cd5-9c4c-463f-a193-9ffbc37dc237/ozone-meta/datanode-1/data-0/hdds)] INFO  ozoneimpl.AbstractBackgroundContainerScanner (AbstractBackgroundContainerScanner.java:runIteration(87)) - Completed an iteration in 0 minutes. Number of iterations (since the data-node restart) : 1, Number of containers scanned in this iteration : 0, Number of unhealthy containers found in this iteration : 0
2024-04-29 10:06:20,558 [375cf2e4-ad97-40d4-80c3-6a50f82e6a65-EndpointStateMachineTaskThread-/0.0.0.0:15358-0 ] INFO  server.RaftServer (RaftServerProxy.java:startImpl(406)) - 375cf2e4-ad97-40d4-80c3-6a50f82e6a65: start RPC server
2024-04-29 10:06:20,558 [375cf2e4-ad97-40d4-80c3-6a50f82e6a65-EndpointStateMachineTaskThread-/0.0.0.0:15358-0 ] INFO  server.GrpcService (GrpcService.java:startImpl(302)) - 375cf2e4-ad97-40d4-80c3-6a50f82e6a65: GrpcService started, listening on 15368
2024-04-29 10:06:20,558 [375cf2e4-ad97-40d4-80c3-6a50f82e6a65-EndpointStateMachineTaskThread-/0.0.0.0:15358-0 ] INFO  server.GrpcService (GrpcService.java:startImpl(302)) - 375cf2e4-ad97-40d4-80c3-6a50f82e6a65: GrpcService started, listening on 15370
2024-04-29 10:06:20,558 [375cf2e4-ad97-40d4-80c3-6a50f82e6a65-EndpointStateMachineTaskThread-/0.0.0.0:15358-0 ] INFO  server.GrpcService (GrpcService.java:startImpl(302)) - 375cf2e4-ad97-40d4-80c3-6a50f82e6a65: GrpcService started, listening on 15369
2024-04-29 10:06:20,558 [375cf2e4-ad97-40d4-80c3-6a50f82e6a65-EndpointStateMachineTaskThread-/0.0.0.0:15358-0 ] INFO  ratis.XceiverServerRatis (XceiverServerRatis.java:getRealPort(592)) - XceiverServerRatis 375cf2e4-ad97-40d4-80c3-6a50f82e6a65 is started using port 15368 for RATIS
2024-04-29 10:06:20,558 [375cf2e4-ad97-40d4-80c3-6a50f82e6a65-EndpointStateMachineTaskThread-/0.0.0.0:15358-0 ] INFO  ratis.XceiverServerRatis (XceiverServerRatis.java:getRealPort(592)) - XceiverServerRatis 375cf2e4-ad97-40d4-80c3-6a50f82e6a65 is started using port 15369 for RATIS_ADMIN
2024-04-29 10:06:20,558 [375cf2e4-ad97-40d4-80c3-6a50f82e6a65-EndpointStateMachineTaskThread-/0.0.0.0:15358-0 ] INFO  ratis.XceiverServerRatis (XceiverServerRatis.java:getRealPort(592)) - XceiverServerRatis 375cf2e4-ad97-40d4-80c3-6a50f82e6a65 is started using port 15370 for RATIS_SERVER
2024-04-29 10:06:20,558 [375cf2e4-ad97-40d4-80c3-6a50f82e6a65-EndpointStateMachineTaskThread-/0.0.0.0:15358-0 ] INFO  ratis.XceiverServerRatis (XceiverServerRatis.java:getRealPort(592)) - XceiverServerRatis 375cf2e4-ad97-40d4-80c3-6a50f82e6a65 is started using port 15371 for RATIS_DATASTREAM
2024-04-29 10:06:20,558 [JvmPauseMonitor46] INFO  util.JvmPauseMonitor (JvmPauseMonitor.java:run(146)) - JvmPauseMonitor-375cf2e4-ad97-40d4-80c3-6a50f82e6a65: Started
2024-04-29 10:06:20,562 [375cf2e4-ad97-40d4-80c3-6a50f82e6a65-BlockDeletingService#0] INFO  interfaces.ContainerDeletionChoosingPolicyTemplate (ContainerDeletionChoosingPolicyTemplate.java:chooseContainerForBlockDeletion(85)) - Chosen 0/5000 blocks from 0 candidate containers.
2024-04-29 10:06:20,602 [22afc6ef-83d9-42e2-a783-8bf224581d75-EndpointStateMachineTaskThread-/0.0.0.0:15358-0 ] INFO  utils.DatanodeStoreCache (DatanodeStoreCache.java:addDB(72)) - Added db /home/runner/work/ozone/ozone/hadoop-ozone/integration-test/target/test-dir/MiniOzoneClusterImpl-2cdd5cd5-9c4c-463f-a193-9ffbc37dc237/ozone-meta/datanode-2/data-0/hdds/2cdd5cd5-9c4c-463f-a193-9ffbc37dc237/DS-c0aeb411-4cd4-4f00-9492-494c1f8d49c4/container.db to cache
2024-04-29 10:06:20,602 [22afc6ef-83d9-42e2-a783-8bf224581d75-EndpointStateMachineTaskThread-/0.0.0.0:15358-0 ] INFO  volume.HddsVolume (HddsVolume.java:createDbStore(437)) - SchemaV3 db is created and loaded at /home/runner/work/ozone/ozone/hadoop-ozone/integration-test/target/test-dir/MiniOzoneClusterImpl-2cdd5cd5-9c4c-463f-a193-9ffbc37dc237/ozone-meta/datanode-2/data-0/hdds/2cdd5cd5-9c4c-463f-a193-9ffbc37dc237/DS-c0aeb411-4cd4-4f00-9492-494c1f8d49c4/container.db for volume DS-c0aeb411-4cd4-4f00-9492-494c1f8d49c4
2024-04-29 10:06:20,604 [22afc6ef-83d9-42e2-a783-8bf224581d75-ContainerReader-0] INFO  ozoneimpl.ContainerReader (ContainerReader.java:readVolume(148)) - Start to verify containers on volume /home/runner/work/ozone/ozone/hadoop-ozone/integration-test/target/test-dir/MiniOzoneClusterImpl-2cdd5cd5-9c4c-463f-a193-9ffbc37dc237/ozone-meta/datanode-2/data-0/hdds
2024-04-29 10:06:20,604 [22afc6ef-83d9-42e2-a783-8bf224581d75-ContainerReader-0] INFO  ozoneimpl.ContainerReader (ContainerReader.java:readVolume(178)) - Finish verifying containers on volume /home/runner/work/ozone/ozone/hadoop-ozone/integration-test/target/test-dir/MiniOzoneClusterImpl-2cdd5cd5-9c4c-463f-a193-9ffbc37dc237/ozone-meta/datanode-2/data-0/hdds
2024-04-29 10:06:20,604 [22afc6ef-83d9-42e2-a783-8bf224581d75-EndpointStateMachineTaskThread-/0.0.0.0:15358-0 ] INFO  ozoneimpl.OzoneContainer (OzoneContainer.java:buildContainerSet(328)) - Build ContainerSet costs 0s
2024-04-29 10:06:20,604 [22afc6ef-83d9-42e2-a783-8bf224581d75-EndpointStateMachineTaskThread-/0.0.0.0:15358-0 ] INFO  volume.ThrottledAsyncChecker (ThrottledAsyncChecker.java:schedule(141)) - Scheduling a check for /home/runner/work/ozone/ozone/hadoop-ozone/integration-test/target/test-dir/MiniOzoneClusterImpl-2cdd5cd5-9c4c-463f-a193-9ffbc37dc237/ozone-meta/datanode-2/data-0/hdds
2024-04-29 10:06:20,604 [22afc6ef-83d9-42e2-a783-8bf224581d75-EndpointStateMachineTaskThread-/0.0.0.0:15358-0 ] INFO  volume.StorageVolumeChecker (StorageVolumeChecker.java:checkAllVolumes(218)) - Scheduled health check for volume /home/runner/work/ozone/ozone/hadoop-ozone/integration-test/target/test-dir/MiniOzoneClusterImpl-2cdd5cd5-9c4c-463f-a193-9ffbc37dc237/ozone-meta/datanode-2/data-0/hdds
2024-04-29 10:06:20,605 [22afc6ef-83d9-42e2-a783-8bf224581d75-EndpointStateMachineTaskThread-/0.0.0.0:15358-0 ] INFO  volume.ThrottledAsyncChecker (ThrottledAsyncChecker.java:schedule(141)) - Scheduling a check for /home/runner/work/ozone/ozone/hadoop-ozone/integration-test/target/test-dir/MiniOzoneClusterImpl-2cdd5cd5-9c4c-463f-a193-9ffbc37dc237/ozone-meta/datanode-2/ratis
2024-04-29 10:06:20,605 [22afc6ef-83d9-42e2-a783-8bf224581d75-EndpointStateMachineTaskThread-/0.0.0.0:15358-0 ] INFO  volume.StorageVolumeChecker (StorageVolumeChecker.java:checkAllVolumes(218)) - Scheduled health check for volume /home/runner/work/ozone/ozone/hadoop-ozone/integration-test/target/test-dir/MiniOzoneClusterImpl-2cdd5cd5-9c4c-463f-a193-9ffbc37dc237/ozone-meta/datanode-2/ratis
2024-04-29 10:06:20,606 [22afc6ef-83d9-42e2-a783-8bf224581d75-EndpointStateMachineTaskThread-/0.0.0.0:15358-0 ] INFO  ozoneimpl.OzoneContainer (OzoneContainer.java:start(459)) - Attempting to start container services.
2024-04-29 10:06:20,606 [22afc6ef-83d9-42e2-a783-8bf224581d75-EndpointStateMachineTaskThread-/0.0.0.0:15358-0 ] WARN  ozoneimpl.OnDemandContainerDataScanner (OnDemandContainerDataScanner.java:init(75)) - Trying to initialize on demand scanner a second time on a datanode.
2024-04-29 10:06:20,607 [ContainerMetadataScanner] INFO  ozoneimpl.AbstractBackgroundContainerScanner (AbstractBackgroundContainerScanner.java:runIteration(87)) - Completed an iteration in 0 minutes. Number of iterations (since the data-node restart) : 1, Number of containers scanned in this iteration : 0, Number of unhealthy containers found in this iteration : 0
2024-04-29 10:06:20,607 [ContainerDataScanner(/home/runner/work/ozone/ozone/hadoop-ozone/integration-test/target/test-dir/MiniOzoneClusterImpl-2cdd5cd5-9c4c-463f-a193-9ffbc37dc237/ozone-meta/datanode-2/data-0/hdds)] INFO  ozoneimpl.AbstractBackgroundContainerScanner (AbstractBackgroundContainerScanner.java:runIteration(87)) - Completed an iteration in 0 minutes. Number of iterations (since the data-node restart) : 1, Number of containers scanned in this iteration : 0, Number of unhealthy containers found in this iteration : 0
2024-04-29 10:06:20,607 [22afc6ef-83d9-42e2-a783-8bf224581d75-EndpointStateMachineTaskThread-/0.0.0.0:15358-0 ] INFO  replication.ReplicationServer (ReplicationServer.java:start(142)) - ReplicationServer is started using port 15381
2024-04-29 10:06:20,607 [22afc6ef-83d9-42e2-a783-8bf224581d75-EndpointStateMachineTaskThread-/0.0.0.0:15358-0 ] INFO  ratis.XceiverServerRatis (XceiverServerRatis.java:start(566)) - Starting XceiverServerRatis 22afc6ef-83d9-42e2-a783-8bf224581d75
2024-04-29 10:06:20,608 [22afc6ef-83d9-42e2-a783-8bf224581d75-EndpointStateMachineTaskThread-/0.0.0.0:15358-0 ] INFO  server.RaftServer (RaftServerProxy.java:startImpl(406)) - 22afc6ef-83d9-42e2-a783-8bf224581d75: start RPC server
2024-04-29 10:06:20,608 [22afc6ef-83d9-42e2-a783-8bf224581d75-EndpointStateMachineTaskThread-/0.0.0.0:15358-0 ] INFO  server.GrpcService (GrpcService.java:startImpl(302)) - 22afc6ef-83d9-42e2-a783-8bf224581d75: GrpcService started, listening on 15377
2024-04-29 10:06:20,608 [22afc6ef-83d9-42e2-a783-8bf224581d75-EndpointStateMachineTaskThread-/0.0.0.0:15358-0 ] INFO  server.GrpcService (GrpcService.java:startImpl(302)) - 22afc6ef-83d9-42e2-a783-8bf224581d75: GrpcService started, listening on 15379
2024-04-29 10:06:20,608 [22afc6ef-83d9-42e2-a783-8bf224581d75-EndpointStateMachineTaskThread-/0.0.0.0:15358-0 ] INFO  server.GrpcService (GrpcService.java:startImpl(302)) - 22afc6ef-83d9-42e2-a783-8bf224581d75: GrpcService started, listening on 15378
2024-04-29 10:06:20,608 [22afc6ef-83d9-42e2-a783-8bf224581d75-EndpointStateMachineTaskThread-/0.0.0.0:15358-0 ] INFO  ratis.XceiverServerRatis (XceiverServerRatis.java:getRealPort(592)) - XceiverServerRatis 22afc6ef-83d9-42e2-a783-8bf224581d75 is started using port 15377 for RATIS
2024-04-29 10:06:20,608 [JvmPauseMonitor47] INFO  util.JvmPauseMonitor (JvmPauseMonitor.java:run(146)) - JvmPauseMonitor-22afc6ef-83d9-42e2-a783-8bf224581d75: Started
2024-04-29 10:06:20,608 [22afc6ef-83d9-42e2-a783-8bf224581d75-EndpointStateMachineTaskThread-/0.0.0.0:15358-0 ] INFO  ratis.XceiverServerRatis (XceiverServerRatis.java:getRealPort(592)) - XceiverServerRatis 22afc6ef-83d9-42e2-a783-8bf224581d75 is started using port 15378 for RATIS_ADMIN
2024-04-29 10:06:20,609 [22afc6ef-83d9-42e2-a783-8bf224581d75-EndpointStateMachineTaskThread-/0.0.0.0:15358-0 ] INFO  ratis.XceiverServerRatis (XceiverServerRatis.java:getRealPort(592)) - XceiverServerRatis 22afc6ef-83d9-42e2-a783-8bf224581d75 is started using port 15379 for RATIS_SERVER
2024-04-29 10:06:20,609 [22afc6ef-83d9-42e2-a783-8bf224581d75-EndpointStateMachineTaskThread-/0.0.0.0:15358-0 ] INFO  ratis.XceiverServerRatis (XceiverServerRatis.java:getRealPort(592)) - XceiverServerRatis 22afc6ef-83d9-42e2-a783-8bf224581d75 is started using port 15380 for RATIS_DATASTREAM
2024-04-29 10:06:20,609 [22afc6ef-83d9-42e2-a783-8bf224581d75-BlockDeletingService#0] INFO  interfaces.ContainerDeletionChoosingPolicyTemplate (ContainerDeletionChoosingPolicyTemplate.java:chooseContainerForBlockDeletion(85)) - Chosen 0/5000 blocks from 0 candidate containers.
2024-04-29 10:06:20,667 [a7d28670-f9d1-457c-83f3-4caf0bab89df-EndpointStateMachineTaskThread-/0.0.0.0:15358-0 ] INFO  utils.DatanodeStoreCache (DatanodeStoreCache.java:addDB(72)) - Added db /home/runner/work/ozone/ozone/hadoop-ozone/integration-test/target/test-dir/MiniOzoneClusterImpl-2cdd5cd5-9c4c-463f-a193-9ffbc37dc237/ozone-meta/datanode-3/data-0/hdds/2cdd5cd5-9c4c-463f-a193-9ffbc37dc237/DS-c761f43b-e569-4ec0-8c94-ad8d81c38b41/container.db to cache
2024-04-29 10:06:20,667 [a7d28670-f9d1-457c-83f3-4caf0bab89df-EndpointStateMachineTaskThread-/0.0.0.0:15358-0 ] INFO  volume.HddsVolume (HddsVolume.java:createDbStore(437)) - SchemaV3 db is created and loaded at /home/runner/work/ozone/ozone/hadoop-ozone/integration-test/target/test-dir/MiniOzoneClusterImpl-2cdd5cd5-9c4c-463f-a193-9ffbc37dc237/ozone-meta/datanode-3/data-0/hdds/2cdd5cd5-9c4c-463f-a193-9ffbc37dc237/DS-c761f43b-e569-4ec0-8c94-ad8d81c38b41/container.db for volume DS-c761f43b-e569-4ec0-8c94-ad8d81c38b41
2024-04-29 10:06:20,669 [a7d28670-f9d1-457c-83f3-4caf0bab89df-ContainerReader-0] INFO  ozoneimpl.ContainerReader (ContainerReader.java:readVolume(148)) - Start to verify containers on volume /home/runner/work/ozone/ozone/hadoop-ozone/integration-test/target/test-dir/MiniOzoneClusterImpl-2cdd5cd5-9c4c-463f-a193-9ffbc37dc237/ozone-meta/datanode-3/data-0/hdds
2024-04-29 10:06:20,669 [a7d28670-f9d1-457c-83f3-4caf0bab89df-ContainerReader-0] INFO  ozoneimpl.ContainerReader (ContainerReader.java:readVolume(178)) - Finish verifying containers on volume /home/runner/work/ozone/ozone/hadoop-ozone/integration-test/target/test-dir/MiniOzoneClusterImpl-2cdd5cd5-9c4c-463f-a193-9ffbc37dc237/ozone-meta/datanode-3/data-0/hdds
2024-04-29 10:06:20,669 [a7d28670-f9d1-457c-83f3-4caf0bab89df-EndpointStateMachineTaskThread-/0.0.0.0:15358-0 ] INFO  ozoneimpl.OzoneContainer (OzoneContainer.java:buildContainerSet(328)) - Build ContainerSet costs 0s
2024-04-29 10:06:20,669 [a7d28670-f9d1-457c-83f3-4caf0bab89df-EndpointStateMachineTaskThread-/0.0.0.0:15358-0 ] INFO  volume.ThrottledAsyncChecker (ThrottledAsyncChecker.java:schedule(141)) - Scheduling a check for /home/runner/work/ozone/ozone/hadoop-ozone/integration-test/target/test-dir/MiniOzoneClusterImpl-2cdd5cd5-9c4c-463f-a193-9ffbc37dc237/ozone-meta/datanode-3/data-0/hdds
2024-04-29 10:06:20,670 [a7d28670-f9d1-457c-83f3-4caf0bab89df-EndpointStateMachineTaskThread-/0.0.0.0:15358-0 ] INFO  volume.StorageVolumeChecker (StorageVolumeChecker.java:checkAllVolumes(218)) - Scheduled health check for volume /home/runner/work/ozone/ozone/hadoop-ozone/integration-test/target/test-dir/MiniOzoneClusterImpl-2cdd5cd5-9c4c-463f-a193-9ffbc37dc237/ozone-meta/datanode-3/data-0/hdds
2024-04-29 10:06:20,670 [a7d28670-f9d1-457c-83f3-4caf0bab89df-EndpointStateMachineTaskThread-/0.0.0.0:15358-0 ] INFO  volume.ThrottledAsyncChecker (ThrottledAsyncChecker.java:schedule(141)) - Scheduling a check for /home/runner/work/ozone/ozone/hadoop-ozone/integration-test/target/test-dir/MiniOzoneClusterImpl-2cdd5cd5-9c4c-463f-a193-9ffbc37dc237/ozone-meta/datanode-3/ratis
2024-04-29 10:06:20,670 [a7d28670-f9d1-457c-83f3-4caf0bab89df-EndpointStateMachineTaskThread-/0.0.0.0:15358-0 ] INFO  volume.StorageVolumeChecker (StorageVolumeChecker.java:checkAllVolumes(218)) - Scheduled health check for volume /home/runner/work/ozone/ozone/hadoop-ozone/integration-test/target/test-dir/MiniOzoneClusterImpl-2cdd5cd5-9c4c-463f-a193-9ffbc37dc237/ozone-meta/datanode-3/ratis
2024-04-29 10:06:20,671 [a7d28670-f9d1-457c-83f3-4caf0bab89df-EndpointStateMachineTaskThread-/0.0.0.0:15358-0 ] INFO  ozoneimpl.OzoneContainer (OzoneContainer.java:start(459)) - Attempting to start container services.
2024-04-29 10:06:20,671 [a7d28670-f9d1-457c-83f3-4caf0bab89df-EndpointStateMachineTaskThread-/0.0.0.0:15358-0 ] WARN  ozoneimpl.OnDemandContainerDataScanner (OnDemandContainerDataScanner.java:init(75)) - Trying to initialize on demand scanner a second time on a datanode.
2024-04-29 10:06:20,671 [ContainerMetadataScanner] INFO  ozoneimpl.AbstractBackgroundContainerScanner (AbstractBackgroundContainerScanner.java:runIteration(87)) - Completed an iteration in 0 minutes. Number of iterations (since the data-node restart) : 1, Number of containers scanned in this iteration : 0, Number of unhealthy containers found in this iteration : 0
2024-04-29 10:06:20,672 [ContainerDataScanner(/home/runner/work/ozone/ozone/hadoop-ozone/integration-test/target/test-dir/MiniOzoneClusterImpl-2cdd5cd5-9c4c-463f-a193-9ffbc37dc237/ozone-meta/datanode-3/data-0/hdds)] INFO  ozoneimpl.AbstractBackgroundContainerScanner (AbstractBackgroundContainerScanner.java:runIteration(87)) - Completed an iteration in 0 minutes. Number of iterations (since the data-node restart) : 1, Number of containers scanned in this iteration : 0, Number of unhealthy containers found in this iteration : 0
2024-04-29 10:06:20,672 [a7d28670-f9d1-457c-83f3-4caf0bab89df-EndpointStateMachineTaskThread-/0.0.0.0:15358-0 ] INFO  replication.ReplicationServer (ReplicationServer.java:start(142)) - ReplicationServer is started using port 15390
2024-04-29 10:06:20,672 [a7d28670-f9d1-457c-83f3-4caf0bab89df-EndpointStateMachineTaskThread-/0.0.0.0:15358-0 ] INFO  ratis.XceiverServerRatis (XceiverServerRatis.java:start(566)) - Starting XceiverServerRatis a7d28670-f9d1-457c-83f3-4caf0bab89df
2024-04-29 10:06:20,673 [a7d28670-f9d1-457c-83f3-4caf0bab89df-EndpointStateMachineTaskThread-/0.0.0.0:15358-0 ] INFO  server.RaftServer (RaftServerProxy.java:startImpl(406)) - a7d28670-f9d1-457c-83f3-4caf0bab89df: start RPC server
2024-04-29 10:06:20,674 [a7d28670-f9d1-457c-83f3-4caf0bab89df-EndpointStateMachineTaskThread-/0.0.0.0:15358-0 ] INFO  server.GrpcService (GrpcService.java:startImpl(302)) - a7d28670-f9d1-457c-83f3-4caf0bab89df: GrpcService started, listening on 15386
2024-04-29 10:06:20,674 [a7d28670-f9d1-457c-83f3-4caf0bab89df-EndpointStateMachineTaskThread-/0.0.0.0:15358-0 ] INFO  server.GrpcService (GrpcService.java:startImpl(302)) - a7d28670-f9d1-457c-83f3-4caf0bab89df: GrpcService started, listening on 15388
2024-04-29 10:06:20,674 [a7d28670-f9d1-457c-83f3-4caf0bab89df-EndpointStateMachineTaskThread-/0.0.0.0:15358-0 ] INFO  server.GrpcService (GrpcService.java:startImpl(302)) - a7d28670-f9d1-457c-83f3-4caf0bab89df: GrpcService started, listening on 15387
2024-04-29 10:06:20,674 [a7d28670-f9d1-457c-83f3-4caf0bab89df-EndpointStateMachineTaskThread-/0.0.0.0:15358-0 ] INFO  ratis.XceiverServerRatis (XceiverServerRatis.java:getRealPort(592)) - XceiverServerRatis a7d28670-f9d1-457c-83f3-4caf0bab89df is started using port 15386 for RATIS
2024-04-29 10:06:20,674 [JvmPauseMonitor48] INFO  util.JvmPauseMonitor (JvmPauseMonitor.java:run(146)) - JvmPauseMonitor-a7d28670-f9d1-457c-83f3-4caf0bab89df: Started
2024-04-29 10:06:20,674 [a7d28670-f9d1-457c-83f3-4caf0bab89df-EndpointStateMachineTaskThread-/0.0.0.0:15358-0 ] INFO  ratis.XceiverServerRatis (XceiverServerRatis.java:getRealPort(592)) - XceiverServerRatis a7d28670-f9d1-457c-83f3-4caf0bab89df is started using port 15387 for RATIS_ADMIN
2024-04-29 10:06:20,675 [a7d28670-f9d1-457c-83f3-4caf0bab89df-EndpointStateMachineTaskThread-/0.0.0.0:15358-0 ] INFO  ratis.XceiverServerRatis (XceiverServerRatis.java:getRealPort(592)) - XceiverServerRatis a7d28670-f9d1-457c-83f3-4caf0bab89df is started using port 15388 for RATIS_SERVER
2024-04-29 10:06:20,675 [a7d28670-f9d1-457c-83f3-4caf0bab89df-EndpointStateMachineTaskThread-/0.0.0.0:15358-0 ] INFO  ratis.XceiverServerRatis (XceiverServerRatis.java:getRealPort(592)) - XceiverServerRatis a7d28670-f9d1-457c-83f3-4caf0bab89df is started using port 15389 for RATIS_DATASTREAM
2024-04-29 10:06:20,676 [a7d28670-f9d1-457c-83f3-4caf0bab89df-BlockDeletingService#0] INFO  interfaces.ContainerDeletionChoosingPolicyTemplate (ContainerDeletionChoosingPolicyTemplate.java:chooseContainerForBlockDeletion(85)) - Chosen 0/5000 blocks from 0 candidate containers.
2024-04-29 10:06:20,720 [258cf687-9dbc-46c1-b255-600d670a4b6c-EndpointStateMachineTaskThread-/0.0.0.0:15358-0 ] INFO  utils.DatanodeStoreCache (DatanodeStoreCache.java:addDB(72)) - Added db /home/runner/work/ozone/ozone/hadoop-ozone/integration-test/target/test-dir/MiniOzoneClusterImpl-2cdd5cd5-9c4c-463f-a193-9ffbc37dc237/ozone-meta/datanode-4/data-0/hdds/2cdd5cd5-9c4c-463f-a193-9ffbc37dc237/DS-8e2903ed-be65-4c62-845b-a61c2d154cf6/container.db to cache
2024-04-29 10:06:20,720 [258cf687-9dbc-46c1-b255-600d670a4b6c-EndpointStateMachineTaskThread-/0.0.0.0:15358-0 ] INFO  volume.HddsVolume (HddsVolume.java:createDbStore(437)) - SchemaV3 db is created and loaded at /home/runner/work/ozone/ozone/hadoop-ozone/integration-test/target/test-dir/MiniOzoneClusterImpl-2cdd5cd5-9c4c-463f-a193-9ffbc37dc237/ozone-meta/datanode-4/data-0/hdds/2cdd5cd5-9c4c-463f-a193-9ffbc37dc237/DS-8e2903ed-be65-4c62-845b-a61c2d154cf6/container.db for volume DS-8e2903ed-be65-4c62-845b-a61c2d154cf6
2024-04-29 10:06:20,721 [258cf687-9dbc-46c1-b255-600d670a4b6c-ContainerReader-0] INFO  ozoneimpl.ContainerReader (ContainerReader.java:readVolume(148)) - Start to verify containers on volume /home/runner/work/ozone/ozone/hadoop-ozone/integration-test/target/test-dir/MiniOzoneClusterImpl-2cdd5cd5-9c4c-463f-a193-9ffbc37dc237/ozone-meta/datanode-4/data-0/hdds
2024-04-29 10:06:20,722 [258cf687-9dbc-46c1-b255-600d670a4b6c-ContainerReader-0] INFO  ozoneimpl.ContainerReader (ContainerReader.java:readVolume(178)) - Finish verifying containers on volume /home/runner/work/ozone/ozone/hadoop-ozone/integration-test/target/test-dir/MiniOzoneClusterImpl-2cdd5cd5-9c4c-463f-a193-9ffbc37dc237/ozone-meta/datanode-4/data-0/hdds
2024-04-29 10:06:20,722 [258cf687-9dbc-46c1-b255-600d670a4b6c-EndpointStateMachineTaskThread-/0.0.0.0:15358-0 ] INFO  ozoneimpl.OzoneContainer (OzoneContainer.java:buildContainerSet(328)) - Build ContainerSet costs 0s
2024-04-29 10:06:20,722 [258cf687-9dbc-46c1-b255-600d670a4b6c-EndpointStateMachineTaskThread-/0.0.0.0:15358-0 ] INFO  volume.ThrottledAsyncChecker (ThrottledAsyncChecker.java:schedule(141)) - Scheduling a check for /home/runner/work/ozone/ozone/hadoop-ozone/integration-test/target/test-dir/MiniOzoneClusterImpl-2cdd5cd5-9c4c-463f-a193-9ffbc37dc237/ozone-meta/datanode-4/data-0/hdds
2024-04-29 10:06:20,722 [258cf687-9dbc-46c1-b255-600d670a4b6c-EndpointStateMachineTaskThread-/0.0.0.0:15358-0 ] INFO  volume.StorageVolumeChecker (StorageVolumeChecker.java:checkAllVolumes(218)) - Scheduled health check for volume /home/runner/work/ozone/ozone/hadoop-ozone/integration-test/target/test-dir/MiniOzoneClusterImpl-2cdd5cd5-9c4c-463f-a193-9ffbc37dc237/ozone-meta/datanode-4/data-0/hdds
2024-04-29 10:06:20,723 [258cf687-9dbc-46c1-b255-600d670a4b6c-EndpointStateMachineTaskThread-/0.0.0.0:15358-0 ] INFO  volume.ThrottledAsyncChecker (ThrottledAsyncChecker.java:schedule(141)) - Scheduling a check for /home/runner/work/ozone/ozone/hadoop-ozone/integration-test/target/test-dir/MiniOzoneClusterImpl-2cdd5cd5-9c4c-463f-a193-9ffbc37dc237/ozone-meta/datanode-4/ratis
2024-04-29 10:06:20,723 [258cf687-9dbc-46c1-b255-600d670a4b6c-EndpointStateMachineTaskThread-/0.0.0.0:15358-0 ] INFO  volume.StorageVolumeChecker (StorageVolumeChecker.java:checkAllVolumes(218)) - Scheduled health check for volume /home/runner/work/ozone/ozone/hadoop-ozone/integration-test/target/test-dir/MiniOzoneClusterImpl-2cdd5cd5-9c4c-463f-a193-9ffbc37dc237/ozone-meta/datanode-4/ratis
2024-04-29 10:06:20,724 [258cf687-9dbc-46c1-b255-600d670a4b6c-EndpointStateMachineTaskThread-/0.0.0.0:15358-0 ] INFO  ozoneimpl.OzoneContainer (OzoneContainer.java:start(459)) - Attempting to start container services.
2024-04-29 10:06:20,724 [258cf687-9dbc-46c1-b255-600d670a4b6c-EndpointStateMachineTaskThread-/0.0.0.0:15358-0 ] WARN  ozoneimpl.OnDemandContainerDataScanner (OnDemandContainerDataScanner.java:init(75)) - Trying to initialize on demand scanner a second time on a datanode.
2024-04-29 10:06:20,724 [ContainerMetadataScanner] INFO  ozoneimpl.AbstractBackgroundContainerScanner (AbstractBackgroundContainerScanner.java:runIteration(87)) - Completed an iteration in 0 minutes. Number of iterations (since the data-node restart) : 1, Number of containers scanned in this iteration : 0, Number of unhealthy containers found in this iteration : 0
2024-04-29 10:06:20,725 [ContainerDataScanner(/home/runner/work/ozone/ozone/hadoop-ozone/integration-test/target/test-dir/MiniOzoneClusterImpl-2cdd5cd5-9c4c-463f-a193-9ffbc37dc237/ozone-meta/datanode-4/data-0/hdds)] INFO  ozoneimpl.AbstractBackgroundContainerScanner (AbstractBackgroundContainerScanner.java:runIteration(87)) - Completed an iteration in 0 minutes. Number of iterations (since the data-node restart) : 1, Number of containers scanned in this iteration : 0, Number of unhealthy containers found in this iteration : 0
2024-04-29 10:06:20,725 [258cf687-9dbc-46c1-b255-600d670a4b6c-EndpointStateMachineTaskThread-/0.0.0.0:15358-0 ] INFO  replication.ReplicationServer (ReplicationServer.java:start(142)) - ReplicationServer is started using port 15399
2024-04-29 10:06:20,725 [258cf687-9dbc-46c1-b255-600d670a4b6c-EndpointStateMachineTaskThread-/0.0.0.0:15358-0 ] INFO  ratis.XceiverServerRatis (XceiverServerRatis.java:start(566)) - Starting XceiverServerRatis 258cf687-9dbc-46c1-b255-600d670a4b6c
2024-04-29 10:06:20,725 [258cf687-9dbc-46c1-b255-600d670a4b6c-EndpointStateMachineTaskThread-/0.0.0.0:15358-0 ] INFO  server.RaftServer (RaftServerProxy.java:startImpl(406)) - 258cf687-9dbc-46c1-b255-600d670a4b6c: start RPC server
2024-04-29 10:06:20,726 [258cf687-9dbc-46c1-b255-600d670a4b6c-EndpointStateMachineTaskThread-/0.0.0.0:15358-0 ] INFO  server.GrpcService (GrpcService.java:startImpl(302)) - 258cf687-9dbc-46c1-b255-600d670a4b6c: GrpcService started, listening on 15395
2024-04-29 10:06:20,726 [258cf687-9dbc-46c1-b255-600d670a4b6c-EndpointStateMachineTaskThread-/0.0.0.0:15358-0 ] INFO  server.GrpcService (GrpcService.java:startImpl(302)) - 258cf687-9dbc-46c1-b255-600d670a4b6c: GrpcService started, listening on 15397
2024-04-29 10:06:20,726 [258cf687-9dbc-46c1-b255-600d670a4b6c-EndpointStateMachineTaskThread-/0.0.0.0:15358-0 ] INFO  server.GrpcService (GrpcService.java:startImpl(302)) - 258cf687-9dbc-46c1-b255-600d670a4b6c: GrpcService started, listening on 15396
2024-04-29 10:06:20,726 [258cf687-9dbc-46c1-b255-600d670a4b6c-EndpointStateMachineTaskThread-/0.0.0.0:15358-0 ] INFO  ratis.XceiverServerRatis (XceiverServerRatis.java:getRealPort(592)) - XceiverServerRatis 258cf687-9dbc-46c1-b255-600d670a4b6c is started using port 15395 for RATIS
2024-04-29 10:06:20,726 [258cf687-9dbc-46c1-b255-600d670a4b6c-EndpointStateMachineTaskThread-/0.0.0.0:15358-0 ] INFO  ratis.XceiverServerRatis (XceiverServerRatis.java:getRealPort(592)) - XceiverServerRatis 258cf687-9dbc-46c1-b255-600d670a4b6c is started using port 15396 for RATIS_ADMIN
2024-04-29 10:06:20,726 [258cf687-9dbc-46c1-b255-600d670a4b6c-EndpointStateMachineTaskThread-/0.0.0.0:15358-0 ] INFO  ratis.XceiverServerRatis (XceiverServerRatis.java:getRealPort(592)) - XceiverServerRatis 258cf687-9dbc-46c1-b255-600d670a4b6c is started using port 15397 for RATIS_SERVER
2024-04-29 10:06:20,726 [258cf687-9dbc-46c1-b255-600d670a4b6c-EndpointStateMachineTaskThread-/0.0.0.0:15358-0 ] INFO  ratis.XceiverServerRatis (XceiverServerRatis.java:getRealPort(592)) - XceiverServerRatis 258cf687-9dbc-46c1-b255-600d670a4b6c is started using port 15398 for RATIS_DATASTREAM
2024-04-29 10:06:20,726 [JvmPauseMonitor49] INFO  util.JvmPauseMonitor (JvmPauseMonitor.java:run(146)) - JvmPauseMonitor-258cf687-9dbc-46c1-b255-600d670a4b6c: Started
2024-04-29 10:06:20,727 [258cf687-9dbc-46c1-b255-600d670a4b6c-BlockDeletingService#0] INFO  interfaces.ContainerDeletionChoosingPolicyTemplate (ContainerDeletionChoosingPolicyTemplate.java:chooseContainerForBlockDeletion(85)) - Chosen 0/5000 blocks from 0 candidate containers.
2024-04-29 10:06:20,777 [96aec129-8b92-4385-b6bc-dde0a337a972-EndpointStateMachineTaskThread-/0.0.0.0:15358-0 ] INFO  utils.DatanodeStoreCache (DatanodeStoreCache.java:addDB(72)) - Added db /home/runner/work/ozone/ozone/hadoop-ozone/integration-test/target/test-dir/MiniOzoneClusterImpl-2cdd5cd5-9c4c-463f-a193-9ffbc37dc237/ozone-meta/datanode-5/data-0/hdds/2cdd5cd5-9c4c-463f-a193-9ffbc37dc237/DS-48dd3b5e-1f8b-4b6e-aa66-cecbad168110/container.db to cache
2024-04-29 10:06:20,777 [96aec129-8b92-4385-b6bc-dde0a337a972-EndpointStateMachineTaskThread-/0.0.0.0:15358-0 ] INFO  volume.HddsVolume (HddsVolume.java:createDbStore(437)) - SchemaV3 db is created and loaded at /home/runner/work/ozone/ozone/hadoop-ozone/integration-test/target/test-dir/MiniOzoneClusterImpl-2cdd5cd5-9c4c-463f-a193-9ffbc37dc237/ozone-meta/datanode-5/data-0/hdds/2cdd5cd5-9c4c-463f-a193-9ffbc37dc237/DS-48dd3b5e-1f8b-4b6e-aa66-cecbad168110/container.db for volume DS-48dd3b5e-1f8b-4b6e-aa66-cecbad168110
2024-04-29 10:06:20,779 [96aec129-8b92-4385-b6bc-dde0a337a972-ContainerReader-0] INFO  ozoneimpl.ContainerReader (ContainerReader.java:readVolume(148)) - Start to verify containers on volume /home/runner/work/ozone/ozone/hadoop-ozone/integration-test/target/test-dir/MiniOzoneClusterImpl-2cdd5cd5-9c4c-463f-a193-9ffbc37dc237/ozone-meta/datanode-5/data-0/hdds
2024-04-29 10:06:20,779 [96aec129-8b92-4385-b6bc-dde0a337a972-ContainerReader-0] INFO  ozoneimpl.ContainerReader (ContainerReader.java:readVolume(178)) - Finish verifying containers on volume /home/runner/work/ozone/ozone/hadoop-ozone/integration-test/target/test-dir/MiniOzoneClusterImpl-2cdd5cd5-9c4c-463f-a193-9ffbc37dc237/ozone-meta/datanode-5/data-0/hdds
2024-04-29 10:06:20,779 [96aec129-8b92-4385-b6bc-dde0a337a972-EndpointStateMachineTaskThread-/0.0.0.0:15358-0 ] INFO  ozoneimpl.OzoneContainer (OzoneContainer.java:buildContainerSet(328)) - Build ContainerSet costs 0s
2024-04-29 10:06:20,779 [96aec129-8b92-4385-b6bc-dde0a337a972-EndpointStateMachineTaskThread-/0.0.0.0:15358-0 ] INFO  volume.ThrottledAsyncChecker (ThrottledAsyncChecker.java:schedule(141)) - Scheduling a check for /home/runner/work/ozone/ozone/hadoop-ozone/integration-test/target/test-dir/MiniOzoneClusterImpl-2cdd5cd5-9c4c-463f-a193-9ffbc37dc237/ozone-meta/datanode-5/data-0/hdds
2024-04-29 10:06:20,780 [96aec129-8b92-4385-b6bc-dde0a337a972-EndpointStateMachineTaskThread-/0.0.0.0:15358-0 ] INFO  volume.StorageVolumeChecker (StorageVolumeChecker.java:checkAllVolumes(218)) - Scheduled health check for volume /home/runner/work/ozone/ozone/hadoop-ozone/integration-test/target/test-dir/MiniOzoneClusterImpl-2cdd5cd5-9c4c-463f-a193-9ffbc37dc237/ozone-meta/datanode-5/data-0/hdds
2024-04-29 10:06:20,780 [96aec129-8b92-4385-b6bc-dde0a337a972-EndpointStateMachineTaskThread-/0.0.0.0:15358-0 ] INFO  volume.ThrottledAsyncChecker (ThrottledAsyncChecker.java:schedule(141)) - Scheduling a check for /home/runner/work/ozone/ozone/hadoop-ozone/integration-test/target/test-dir/MiniOzoneClusterImpl-2cdd5cd5-9c4c-463f-a193-9ffbc37dc237/ozone-meta/datanode-5/ratis
2024-04-29 10:06:20,781 [96aec129-8b92-4385-b6bc-dde0a337a972-EndpointStateMachineTaskThread-/0.0.0.0:15358-0 ] INFO  volume.StorageVolumeChecker (StorageVolumeChecker.java:checkAllVolumes(218)) - Scheduled health check for volume /home/runner/work/ozone/ozone/hadoop-ozone/integration-test/target/test-dir/MiniOzoneClusterImpl-2cdd5cd5-9c4c-463f-a193-9ffbc37dc237/ozone-meta/datanode-5/ratis
2024-04-29 10:06:20,781 [96aec129-8b92-4385-b6bc-dde0a337a972-EndpointStateMachineTaskThread-/0.0.0.0:15358-0 ] INFO  ozoneimpl.OzoneContainer (OzoneContainer.java:start(459)) - Attempting to start container services.
2024-04-29 10:06:20,781 [96aec129-8b92-4385-b6bc-dde0a337a972-EndpointStateMachineTaskThread-/0.0.0.0:15358-0 ] WARN  ozoneimpl.OnDemandContainerDataScanner (OnDemandContainerDataScanner.java:init(75)) - Trying to initialize on demand scanner a second time on a datanode.
2024-04-29 10:06:20,782 [ContainerMetadataScanner] INFO  ozoneimpl.AbstractBackgroundContainerScanner (AbstractBackgroundContainerScanner.java:runIteration(87)) - Completed an iteration in 0 minutes. Number of iterations (since the data-node restart) : 1, Number of containers scanned in this iteration : 0, Number of unhealthy containers found in this iteration : 0
2024-04-29 10:06:20,782 [ContainerDataScanner(/home/runner/work/ozone/ozone/hadoop-ozone/integration-test/target/test-dir/MiniOzoneClusterImpl-2cdd5cd5-9c4c-463f-a193-9ffbc37dc237/ozone-meta/datanode-5/data-0/hdds)] INFO  ozoneimpl.AbstractBackgroundContainerScanner (AbstractBackgroundContainerScanner.java:runIteration(87)) - Completed an iteration in 0 minutes. Number of iterations (since the data-node restart) : 1, Number of containers scanned in this iteration : 0, Number of unhealthy containers found in this iteration : 0
2024-04-29 10:06:20,782 [96aec129-8b92-4385-b6bc-dde0a337a972-EndpointStateMachineTaskThread-/0.0.0.0:15358-0 ] INFO  replication.ReplicationServer (ReplicationServer.java:start(142)) - ReplicationServer is started using port 15408
2024-04-29 10:06:20,782 [96aec129-8b92-4385-b6bc-dde0a337a972-EndpointStateMachineTaskThread-/0.0.0.0:15358-0 ] INFO  ratis.XceiverServerRatis (XceiverServerRatis.java:start(566)) - Starting XceiverServerRatis 96aec129-8b92-4385-b6bc-dde0a337a972
2024-04-29 10:06:20,783 [96aec129-8b92-4385-b6bc-dde0a337a972-EndpointStateMachineTaskThread-/0.0.0.0:15358-0 ] INFO  server.RaftServer (RaftServerProxy.java:startImpl(406)) - 96aec129-8b92-4385-b6bc-dde0a337a972: start RPC server
2024-04-29 10:06:20,783 [96aec129-8b92-4385-b6bc-dde0a337a972-EndpointStateMachineTaskThread-/0.0.0.0:15358-0 ] INFO  server.GrpcService (GrpcService.java:startImpl(302)) - 96aec129-8b92-4385-b6bc-dde0a337a972: GrpcService started, listening on 15404
2024-04-29 10:06:20,783 [96aec129-8b92-4385-b6bc-dde0a337a972-EndpointStateMachineTaskThread-/0.0.0.0:15358-0 ] INFO  server.GrpcService (GrpcService.java:startImpl(302)) - 96aec129-8b92-4385-b6bc-dde0a337a972: GrpcService started, listening on 15406
2024-04-29 10:06:20,783 [96aec129-8b92-4385-b6bc-dde0a337a972-EndpointStateMachineTaskThread-/0.0.0.0:15358-0 ] INFO  server.GrpcService (GrpcService.java:startImpl(302)) - 96aec129-8b92-4385-b6bc-dde0a337a972: GrpcService started, listening on 15405
2024-04-29 10:06:20,784 [96aec129-8b92-4385-b6bc-dde0a337a972-EndpointStateMachineTaskThread-/0.0.0.0:15358-0 ] INFO  ratis.XceiverServerRatis (XceiverServerRatis.java:getRealPort(592)) - XceiverServerRatis 96aec129-8b92-4385-b6bc-dde0a337a972 is started using port 15404 for RATIS
2024-04-29 10:06:20,784 [JvmPauseMonitor50] INFO  util.JvmPauseMonitor (JvmPauseMonitor.java:run(146)) - JvmPauseMonitor-96aec129-8b92-4385-b6bc-dde0a337a972: Started
2024-04-29 10:06:20,784 [96aec129-8b92-4385-b6bc-dde0a337a972-EndpointStateMachineTaskThread-/0.0.0.0:15358-0 ] INFO  ratis.XceiverServerRatis (XceiverServerRatis.java:getRealPort(592)) - XceiverServerRatis 96aec129-8b92-4385-b6bc-dde0a337a972 is started using port 15405 for RATIS_ADMIN
2024-04-29 10:06:20,784 [96aec129-8b92-4385-b6bc-dde0a337a972-EndpointStateMachineTaskThread-/0.0.0.0:15358-0 ] INFO  ratis.XceiverServerRatis (XceiverServerRatis.java:getRealPort(592)) - XceiverServerRatis 96aec129-8b92-4385-b6bc-dde0a337a972 is started using port 15406 for RATIS_SERVER
2024-04-29 10:06:20,784 [96aec129-8b92-4385-b6bc-dde0a337a972-EndpointStateMachineTaskThread-/0.0.0.0:15358-0 ] INFO  ratis.XceiverServerRatis (XceiverServerRatis.java:getRealPort(592)) - XceiverServerRatis 96aec129-8b92-4385-b6bc-dde0a337a972 is started using port 15407 for RATIS_DATASTREAM
2024-04-29 10:06:20,784 [96aec129-8b92-4385-b6bc-dde0a337a972-BlockDeletingService#0] INFO  interfaces.ContainerDeletionChoosingPolicyTemplate (ContainerDeletionChoosingPolicyTemplate.java:chooseContainerForBlockDeletion(85)) - Chosen 0/5000 blocks from 0 candidate containers.
2024-04-29 10:06:20,835 [9d50a68e-635c-4808-a075-dce2406a94a2-EndpointStateMachineTaskThread-/0.0.0.0:15358-0 ] INFO  utils.DatanodeStoreCache (DatanodeStoreCache.java:addDB(72)) - Added db /home/runner/work/ozone/ozone/hadoop-ozone/integration-test/target/test-dir/MiniOzoneClusterImpl-2cdd5cd5-9c4c-463f-a193-9ffbc37dc237/ozone-meta/datanode-6/data-0/hdds/2cdd5cd5-9c4c-463f-a193-9ffbc37dc237/DS-04762224-3861-488d-80ab-37361c060ec5/container.db to cache
2024-04-29 10:06:20,835 [9d50a68e-635c-4808-a075-dce2406a94a2-EndpointStateMachineTaskThread-/0.0.0.0:15358-0 ] INFO  volume.HddsVolume (HddsVolume.java:createDbStore(437)) - SchemaV3 db is created and loaded at /home/runner/work/ozone/ozone/hadoop-ozone/integration-test/target/test-dir/MiniOzoneClusterImpl-2cdd5cd5-9c4c-463f-a193-9ffbc37dc237/ozone-meta/datanode-6/data-0/hdds/2cdd5cd5-9c4c-463f-a193-9ffbc37dc237/DS-04762224-3861-488d-80ab-37361c060ec5/container.db for volume DS-04762224-3861-488d-80ab-37361c060ec5
2024-04-29 10:06:20,837 [9d50a68e-635c-4808-a075-dce2406a94a2-ContainerReader-0] INFO  ozoneimpl.ContainerReader (ContainerReader.java:readVolume(148)) - Start to verify containers on volume /home/runner/work/ozone/ozone/hadoop-ozone/integration-test/target/test-dir/MiniOzoneClusterImpl-2cdd5cd5-9c4c-463f-a193-9ffbc37dc237/ozone-meta/datanode-6/data-0/hdds
2024-04-29 10:06:20,837 [9d50a68e-635c-4808-a075-dce2406a94a2-ContainerReader-0] INFO  ozoneimpl.ContainerReader (ContainerReader.java:readVolume(178)) - Finish verifying containers on volume /home/runner/work/ozone/ozone/hadoop-ozone/integration-test/target/test-dir/MiniOzoneClusterImpl-2cdd5cd5-9c4c-463f-a193-9ffbc37dc237/ozone-meta/datanode-6/data-0/hdds
2024-04-29 10:06:20,837 [9d50a68e-635c-4808-a075-dce2406a94a2-EndpointStateMachineTaskThread-/0.0.0.0:15358-0 ] INFO  ozoneimpl.OzoneContainer (OzoneContainer.java:buildContainerSet(328)) - Build ContainerSet costs 0s
2024-04-29 10:06:20,837 [9d50a68e-635c-4808-a075-dce2406a94a2-EndpointStateMachineTaskThread-/0.0.0.0:15358-0 ] INFO  volume.ThrottledAsyncChecker (ThrottledAsyncChecker.java:schedule(141)) - Scheduling a check for /home/runner/work/ozone/ozone/hadoop-ozone/integration-test/target/test-dir/MiniOzoneClusterImpl-2cdd5cd5-9c4c-463f-a193-9ffbc37dc237/ozone-meta/datanode-6/data-0/hdds
2024-04-29 10:06:20,837 [9d50a68e-635c-4808-a075-dce2406a94a2-EndpointStateMachineTaskThread-/0.0.0.0:15358-0 ] INFO  volume.StorageVolumeChecker (StorageVolumeChecker.java:checkAllVolumes(218)) - Scheduled health check for volume /home/runner/work/ozone/ozone/hadoop-ozone/integration-test/target/test-dir/MiniOzoneClusterImpl-2cdd5cd5-9c4c-463f-a193-9ffbc37dc237/ozone-meta/datanode-6/data-0/hdds
2024-04-29 10:06:20,839 [9d50a68e-635c-4808-a075-dce2406a94a2-EndpointStateMachineTaskThread-/0.0.0.0:15358-0 ] INFO  volume.ThrottledAsyncChecker (ThrottledAsyncChecker.java:schedule(141)) - Scheduling a check for /home/runner/work/ozone/ozone/hadoop-ozone/integration-test/target/test-dir/MiniOzoneClusterImpl-2cdd5cd5-9c4c-463f-a193-9ffbc37dc237/ozone-meta/datanode-6/ratis
2024-04-29 10:06:20,839 [9d50a68e-635c-4808-a075-dce2406a94a2-EndpointStateMachineTaskThread-/0.0.0.0:15358-0 ] INFO  volume.StorageVolumeChecker (StorageVolumeChecker.java:checkAllVolumes(218)) - Scheduled health check for volume /home/runner/work/ozone/ozone/hadoop-ozone/integration-test/target/test-dir/MiniOzoneClusterImpl-2cdd5cd5-9c4c-463f-a193-9ffbc37dc237/ozone-meta/datanode-6/ratis
2024-04-29 10:06:20,840 [9d50a68e-635c-4808-a075-dce2406a94a2-EndpointStateMachineTaskThread-/0.0.0.0:15358-0 ] INFO  ozoneimpl.OzoneContainer (OzoneContainer.java:start(459)) - Attempting to start container services.
2024-04-29 10:06:20,840 [9d50a68e-635c-4808-a075-dce2406a94a2-EndpointStateMachineTaskThread-/0.0.0.0:15358-0 ] WARN  ozoneimpl.OnDemandContainerDataScanner (OnDemandContainerDataScanner.java:init(75)) - Trying to initialize on demand scanner a second time on a datanode.
2024-04-29 10:06:20,840 [ContainerMetadataScanner] INFO  ozoneimpl.AbstractBackgroundContainerScanner (AbstractBackgroundContainerScanner.java:runIteration(87)) - Completed an iteration in 0 minutes. Number of iterations (since the data-node restart) : 1, Number of containers scanned in this iteration : 0, Number of unhealthy containers found in this iteration : 0
2024-04-29 10:06:20,840 [ContainerDataScanner(/home/runner/work/ozone/ozone/hadoop-ozone/integration-test/target/test-dir/MiniOzoneClusterImpl-2cdd5cd5-9c4c-463f-a193-9ffbc37dc237/ozone-meta/datanode-6/data-0/hdds)] INFO  ozoneimpl.AbstractBackgroundContainerScanner (AbstractBackgroundContainerScanner.java:runIteration(87)) - Completed an iteration in 0 minutes. Number of iterations (since the data-node restart) : 1, Number of containers scanned in this iteration : 0, Number of unhealthy containers found in this iteration : 0
2024-04-29 10:06:20,841 [9d50a68e-635c-4808-a075-dce2406a94a2-EndpointStateMachineTaskThread-/0.0.0.0:15358-0 ] INFO  replication.ReplicationServer (ReplicationServer.java:start(142)) - ReplicationServer is started using port 15417
2024-04-29 10:06:20,841 [9d50a68e-635c-4808-a075-dce2406a94a2-EndpointStateMachineTaskThread-/0.0.0.0:15358-0 ] INFO  ratis.XceiverServerRatis (XceiverServerRatis.java:start(566)) - Starting XceiverServerRatis 9d50a68e-635c-4808-a075-dce2406a94a2
2024-04-29 10:06:20,842 [9d50a68e-635c-4808-a075-dce2406a94a2-EndpointStateMachineTaskThread-/0.0.0.0:15358-0 ] INFO  server.RaftServer (RaftServerProxy.java:startImpl(406)) - 9d50a68e-635c-4808-a075-dce2406a94a2: start RPC server
2024-04-29 10:06:20,842 [9d50a68e-635c-4808-a075-dce2406a94a2-EndpointStateMachineTaskThread-/0.0.0.0:15358-0 ] INFO  server.GrpcService (GrpcService.java:startImpl(302)) - 9d50a68e-635c-4808-a075-dce2406a94a2: GrpcService started, listening on 15413
2024-04-29 10:06:20,842 [9d50a68e-635c-4808-a075-dce2406a94a2-EndpointStateMachineTaskThread-/0.0.0.0:15358-0 ] INFO  server.GrpcService (GrpcService.java:startImpl(302)) - 9d50a68e-635c-4808-a075-dce2406a94a2: GrpcService started, listening on 15415
2024-04-29 10:06:20,842 [9d50a68e-635c-4808-a075-dce2406a94a2-EndpointStateMachineTaskThread-/0.0.0.0:15358-0 ] INFO  server.GrpcService (GrpcService.java:startImpl(302)) - 9d50a68e-635c-4808-a075-dce2406a94a2: GrpcService started, listening on 15414
2024-04-29 10:06:20,843 [9d50a68e-635c-4808-a075-dce2406a94a2-EndpointStateMachineTaskThread-/0.0.0.0:15358-0 ] INFO  ratis.XceiverServerRatis (XceiverServerRatis.java:getRealPort(592)) - XceiverServerRatis 9d50a68e-635c-4808-a075-dce2406a94a2 is started using port 15413 for RATIS
2024-04-29 10:06:20,843 [JvmPauseMonitor51] INFO  util.JvmPauseMonitor (JvmPauseMonitor.java:run(146)) - JvmPauseMonitor-9d50a68e-635c-4808-a075-dce2406a94a2: Started
2024-04-29 10:06:20,843 [9d50a68e-635c-4808-a075-dce2406a94a2-EndpointStateMachineTaskThread-/0.0.0.0:15358-0 ] INFO  ratis.XceiverServerRatis (XceiverServerRatis.java:getRealPort(592)) - XceiverServerRatis 9d50a68e-635c-4808-a075-dce2406a94a2 is started using port 15414 for RATIS_ADMIN
2024-04-29 10:06:20,843 [9d50a68e-635c-4808-a075-dce2406a94a2-EndpointStateMachineTaskThread-/0.0.0.0:15358-0 ] INFO  ratis.XceiverServerRatis (XceiverServerRatis.java:getRealPort(592)) - XceiverServerRatis 9d50a68e-635c-4808-a075-dce2406a94a2 is started using port 15415 for RATIS_SERVER
2024-04-29 10:06:20,843 [9d50a68e-635c-4808-a075-dce2406a94a2-EndpointStateMachineTaskThread-/0.0.0.0:15358-0 ] INFO  ratis.XceiverServerRatis (XceiverServerRatis.java:getRealPort(592)) - XceiverServerRatis 9d50a68e-635c-4808-a075-dce2406a94a2 is started using port 15416 for RATIS_DATASTREAM
2024-04-29 10:06:20,843 [9d50a68e-635c-4808-a075-dce2406a94a2-BlockDeletingService#0] INFO  interfaces.ContainerDeletionChoosingPolicyTemplate (ContainerDeletionChoosingPolicyTemplate.java:chooseContainerForBlockDeletion(85)) - Chosen 0/5000 blocks from 0 candidate containers.
2024-04-29 10:06:20,902 [05b2082f-ed41-4af0-9481-4223771265a3-EndpointStateMachineTaskThread-/0.0.0.0:15358-0 ] INFO  utils.DatanodeStoreCache (DatanodeStoreCache.java:addDB(72)) - Added db /home/runner/work/ozone/ozone/hadoop-ozone/integration-test/target/test-dir/MiniOzoneClusterImpl-2cdd5cd5-9c4c-463f-a193-9ffbc37dc237/ozone-meta/datanode-7/data-0/hdds/2cdd5cd5-9c4c-463f-a193-9ffbc37dc237/DS-c1fd3a77-35f2-45e2-87c2-5cbbbffd7b20/container.db to cache
2024-04-29 10:06:20,902 [05b2082f-ed41-4af0-9481-4223771265a3-EndpointStateMachineTaskThread-/0.0.0.0:15358-0 ] INFO  volume.HddsVolume (HddsVolume.java:createDbStore(437)) - SchemaV3 db is created and loaded at /home/runner/work/ozone/ozone/hadoop-ozone/integration-test/target/test-dir/MiniOzoneClusterImpl-2cdd5cd5-9c4c-463f-a193-9ffbc37dc237/ozone-meta/datanode-7/data-0/hdds/2cdd5cd5-9c4c-463f-a193-9ffbc37dc237/DS-c1fd3a77-35f2-45e2-87c2-5cbbbffd7b20/container.db for volume DS-c1fd3a77-35f2-45e2-87c2-5cbbbffd7b20
2024-04-29 10:06:20,903 [05b2082f-ed41-4af0-9481-4223771265a3-ContainerReader-0] INFO  ozoneimpl.ContainerReader (ContainerReader.java:readVolume(148)) - Start to verify containers on volume /home/runner/work/ozone/ozone/hadoop-ozone/integration-test/target/test-dir/MiniOzoneClusterImpl-2cdd5cd5-9c4c-463f-a193-9ffbc37dc237/ozone-meta/datanode-7/data-0/hdds
2024-04-29 10:06:20,903 [05b2082f-ed41-4af0-9481-4223771265a3-ContainerReader-0] INFO  ozoneimpl.ContainerReader (ContainerReader.java:readVolume(178)) - Finish verifying containers on volume /home/runner/work/ozone/ozone/hadoop-ozone/integration-test/target/test-dir/MiniOzoneClusterImpl-2cdd5cd5-9c4c-463f-a193-9ffbc37dc237/ozone-meta/datanode-7/data-0/hdds
2024-04-29 10:06:20,904 [05b2082f-ed41-4af0-9481-4223771265a3-EndpointStateMachineTaskThread-/0.0.0.0:15358-0 ] INFO  ozoneimpl.OzoneContainer (OzoneContainer.java:buildContainerSet(328)) - Build ContainerSet costs 0s
2024-04-29 10:06:20,904 [05b2082f-ed41-4af0-9481-4223771265a3-EndpointStateMachineTaskThread-/0.0.0.0:15358-0 ] INFO  volume.ThrottledAsyncChecker (ThrottledAsyncChecker.java:schedule(141)) - Scheduling a check for /home/runner/work/ozone/ozone/hadoop-ozone/integration-test/target/test-dir/MiniOzoneClusterImpl-2cdd5cd5-9c4c-463f-a193-9ffbc37dc237/ozone-meta/datanode-7/data-0/hdds
2024-04-29 10:06:20,904 [05b2082f-ed41-4af0-9481-4223771265a3-EndpointStateMachineTaskThread-/0.0.0.0:15358-0 ] INFO  volume.StorageVolumeChecker (StorageVolumeChecker.java:checkAllVolumes(218)) - Scheduled health check for volume /home/runner/work/ozone/ozone/hadoop-ozone/integration-test/target/test-dir/MiniOzoneClusterImpl-2cdd5cd5-9c4c-463f-a193-9ffbc37dc237/ozone-meta/datanode-7/data-0/hdds
2024-04-29 10:06:20,906 [05b2082f-ed41-4af0-9481-4223771265a3-EndpointStateMachineTaskThread-/0.0.0.0:15358-0 ] INFO  volume.ThrottledAsyncChecker (ThrottledAsyncChecker.java:schedule(141)) - Scheduling a check for /home/runner/work/ozone/ozone/hadoop-ozone/integration-test/target/test-dir/MiniOzoneClusterImpl-2cdd5cd5-9c4c-463f-a193-9ffbc37dc237/ozone-meta/datanode-7/ratis
2024-04-29 10:06:20,906 [05b2082f-ed41-4af0-9481-4223771265a3-EndpointStateMachineTaskThread-/0.0.0.0:15358-0 ] INFO  volume.StorageVolumeChecker (StorageVolumeChecker.java:checkAllVolumes(218)) - Scheduled health check for volume /home/runner/work/ozone/ozone/hadoop-ozone/integration-test/target/test-dir/MiniOzoneClusterImpl-2cdd5cd5-9c4c-463f-a193-9ffbc37dc237/ozone-meta/datanode-7/ratis
2024-04-29 10:06:20,907 [05b2082f-ed41-4af0-9481-4223771265a3-EndpointStateMachineTaskThread-/0.0.0.0:15358-0 ] INFO  ozoneimpl.OzoneContainer (OzoneContainer.java:start(459)) - Attempting to start container services.
2024-04-29 10:06:20,907 [05b2082f-ed41-4af0-9481-4223771265a3-EndpointStateMachineTaskThread-/0.0.0.0:15358-0 ] WARN  ozoneimpl.OnDemandContainerDataScanner (OnDemandContainerDataScanner.java:init(75)) - Trying to initialize on demand scanner a second time on a datanode.
2024-04-29 10:06:20,907 [ContainerMetadataScanner] INFO  ozoneimpl.AbstractBackgroundContainerScanner (AbstractBackgroundContainerScanner.java:runIteration(87)) - Completed an iteration in 0 minutes. Number of iterations (since the data-node restart) : 1, Number of containers scanned in this iteration : 0, Number of unhealthy containers found in this iteration : 0
2024-04-29 10:06:20,908 [ContainerDataScanner(/home/runner/work/ozone/ozone/hadoop-ozone/integration-test/target/test-dir/MiniOzoneClusterImpl-2cdd5cd5-9c4c-463f-a193-9ffbc37dc237/ozone-meta/datanode-7/data-0/hdds)] INFO  ozoneimpl.AbstractBackgroundContainerScanner (AbstractBackgroundContainerScanner.java:runIteration(87)) - Completed an iteration in 0 minutes. Number of iterations (since the data-node restart) : 1, Number of containers scanned in this iteration : 0, Number of unhealthy containers found in this iteration : 0
2024-04-29 10:06:20,908 [05b2082f-ed41-4af0-9481-4223771265a3-EndpointStateMachineTaskThread-/0.0.0.0:15358-0 ] INFO  replication.ReplicationServer (ReplicationServer.java:start(142)) - ReplicationServer is started using port 15426
2024-04-29 10:06:20,908 [05b2082f-ed41-4af0-9481-4223771265a3-EndpointStateMachineTaskThread-/0.0.0.0:15358-0 ] INFO  ratis.XceiverServerRatis (XceiverServerRatis.java:start(566)) - Starting XceiverServerRatis 05b2082f-ed41-4af0-9481-4223771265a3
2024-04-29 10:06:20,908 [05b2082f-ed41-4af0-9481-4223771265a3-EndpointStateMachineTaskThread-/0.0.0.0:15358-0 ] INFO  server.RaftServer (RaftServerProxy.java:startImpl(406)) - 05b2082f-ed41-4af0-9481-4223771265a3: start RPC server
2024-04-29 10:06:20,908 [05b2082f-ed41-4af0-9481-4223771265a3-EndpointStateMachineTaskThread-/0.0.0.0:15358-0 ] INFO  server.GrpcService (GrpcService.java:startImpl(302)) - 05b2082f-ed41-4af0-9481-4223771265a3: GrpcService started, listening on 15422
2024-04-29 10:06:20,909 [05b2082f-ed41-4af0-9481-4223771265a3-EndpointStateMachineTaskThread-/0.0.0.0:15358-0 ] INFO  server.GrpcService (GrpcService.java:startImpl(302)) - 05b2082f-ed41-4af0-9481-4223771265a3: GrpcService started, listening on 15424
2024-04-29 10:06:20,909 [05b2082f-ed41-4af0-9481-4223771265a3-EndpointStateMachineTaskThread-/0.0.0.0:15358-0 ] INFO  server.GrpcService (GrpcService.java:startImpl(302)) - 05b2082f-ed41-4af0-9481-4223771265a3: GrpcService started, listening on 15423
2024-04-29 10:06:20,909 [05b2082f-ed41-4af0-9481-4223771265a3-EndpointStateMachineTaskThread-/0.0.0.0:15358-0 ] INFO  ratis.XceiverServerRatis (XceiverServerRatis.java:getRealPort(592)) - XceiverServerRatis 05b2082f-ed41-4af0-9481-4223771265a3 is started using port 15422 for RATIS
2024-04-29 10:06:20,909 [JvmPauseMonitor52] INFO  util.JvmPauseMonitor (JvmPauseMonitor.java:run(146)) - JvmPauseMonitor-05b2082f-ed41-4af0-9481-4223771265a3: Started
2024-04-29 10:06:20,909 [05b2082f-ed41-4af0-9481-4223771265a3-EndpointStateMachineTaskThread-/0.0.0.0:15358-0 ] INFO  ratis.XceiverServerRatis (XceiverServerRatis.java:getRealPort(592)) - XceiverServerRatis 05b2082f-ed41-4af0-9481-4223771265a3 is started using port 15423 for RATIS_ADMIN
2024-04-29 10:06:20,909 [05b2082f-ed41-4af0-9481-4223771265a3-EndpointStateMachineTaskThread-/0.0.0.0:15358-0 ] INFO  ratis.XceiverServerRatis (XceiverServerRatis.java:getRealPort(592)) - XceiverServerRatis 05b2082f-ed41-4af0-9481-4223771265a3 is started using port 15424 for RATIS_SERVER
2024-04-29 10:06:20,909 [05b2082f-ed41-4af0-9481-4223771265a3-EndpointStateMachineTaskThread-/0.0.0.0:15358-0 ] INFO  ratis.XceiverServerRatis (XceiverServerRatis.java:getRealPort(592)) - XceiverServerRatis 05b2082f-ed41-4af0-9481-4223771265a3 is started using port 15425 for RATIS_DATASTREAM
2024-04-29 10:06:20,910 [05b2082f-ed41-4af0-9481-4223771265a3-BlockDeletingService#0] INFO  interfaces.ContainerDeletionChoosingPolicyTemplate (ContainerDeletionChoosingPolicyTemplate.java:chooseContainerForBlockDeletion(85)) - Chosen 0/5000 blocks from 0 candidate containers.
2024-04-29 10:06:20,962 [e953ff49-4527-49f7-9f97-ccf5cafd9f48-EndpointStateMachineTaskThread-/0.0.0.0:15358-0 ] INFO  utils.DatanodeStoreCache (DatanodeStoreCache.java:addDB(72)) - Added db /home/runner/work/ozone/ozone/hadoop-ozone/integration-test/target/test-dir/MiniOzoneClusterImpl-2cdd5cd5-9c4c-463f-a193-9ffbc37dc237/ozone-meta/datanode-8/data-0/hdds/2cdd5cd5-9c4c-463f-a193-9ffbc37dc237/DS-cc1ef874-51e6-45c1-b424-c25e8e0c9ee7/container.db to cache
2024-04-29 10:06:20,962 [e953ff49-4527-49f7-9f97-ccf5cafd9f48-EndpointStateMachineTaskThread-/0.0.0.0:15358-0 ] INFO  volume.HddsVolume (HddsVolume.java:createDbStore(437)) - SchemaV3 db is created and loaded at /home/runner/work/ozone/ozone/hadoop-ozone/integration-test/target/test-dir/MiniOzoneClusterImpl-2cdd5cd5-9c4c-463f-a193-9ffbc37dc237/ozone-meta/datanode-8/data-0/hdds/2cdd5cd5-9c4c-463f-a193-9ffbc37dc237/DS-cc1ef874-51e6-45c1-b424-c25e8e0c9ee7/container.db for volume DS-cc1ef874-51e6-45c1-b424-c25e8e0c9ee7
2024-04-29 10:06:20,963 [e953ff49-4527-49f7-9f97-ccf5cafd9f48-ContainerReader-0] INFO  ozoneimpl.ContainerReader (ContainerReader.java:readVolume(148)) - Start to verify containers on volume /home/runner/work/ozone/ozone/hadoop-ozone/integration-test/target/test-dir/MiniOzoneClusterImpl-2cdd5cd5-9c4c-463f-a193-9ffbc37dc237/ozone-meta/datanode-8/data-0/hdds
2024-04-29 10:06:20,964 [e953ff49-4527-49f7-9f97-ccf5cafd9f48-ContainerReader-0] INFO  ozoneimpl.ContainerReader (ContainerReader.java:readVolume(178)) - Finish verifying containers on volume /home/runner/work/ozone/ozone/hadoop-ozone/integration-test/target/test-dir/MiniOzoneClusterImpl-2cdd5cd5-9c4c-463f-a193-9ffbc37dc237/ozone-meta/datanode-8/data-0/hdds
2024-04-29 10:06:20,964 [e953ff49-4527-49f7-9f97-ccf5cafd9f48-EndpointStateMachineTaskThread-/0.0.0.0:15358-0 ] INFO  ozoneimpl.OzoneContainer (OzoneContainer.java:buildContainerSet(328)) - Build ContainerSet costs 0s
2024-04-29 10:06:20,964 [e953ff49-4527-49f7-9f97-ccf5cafd9f48-EndpointStateMachineTaskThread-/0.0.0.0:15358-0 ] INFO  volume.ThrottledAsyncChecker (ThrottledAsyncChecker.java:schedule(141)) - Scheduling a check for /home/runner/work/ozone/ozone/hadoop-ozone/integration-test/target/test-dir/MiniOzoneClusterImpl-2cdd5cd5-9c4c-463f-a193-9ffbc37dc237/ozone-meta/datanode-8/data-0/hdds
2024-04-29 10:06:20,964 [e953ff49-4527-49f7-9f97-ccf5cafd9f48-EndpointStateMachineTaskThread-/0.0.0.0:15358-0 ] INFO  volume.StorageVolumeChecker (StorageVolumeChecker.java:checkAllVolumes(218)) - Scheduled health check for volume /home/runner/work/ozone/ozone/hadoop-ozone/integration-test/target/test-dir/MiniOzoneClusterImpl-2cdd5cd5-9c4c-463f-a193-9ffbc37dc237/ozone-meta/datanode-8/data-0/hdds
2024-04-29 10:06:20,965 [e953ff49-4527-49f7-9f97-ccf5cafd9f48-EndpointStateMachineTaskThread-/0.0.0.0:15358-0 ] INFO  volume.ThrottledAsyncChecker (ThrottledAsyncChecker.java:schedule(141)) - Scheduling a check for /home/runner/work/ozone/ozone/hadoop-ozone/integration-test/target/test-dir/MiniOzoneClusterImpl-2cdd5cd5-9c4c-463f-a193-9ffbc37dc237/ozone-meta/datanode-8/ratis
2024-04-29 10:06:20,965 [e953ff49-4527-49f7-9f97-ccf5cafd9f48-EndpointStateMachineTaskThread-/0.0.0.0:15358-0 ] INFO  volume.StorageVolumeChecker (StorageVolumeChecker.java:checkAllVolumes(218)) - Scheduled health check for volume /home/runner/work/ozone/ozone/hadoop-ozone/integration-test/target/test-dir/MiniOzoneClusterImpl-2cdd5cd5-9c4c-463f-a193-9ffbc37dc237/ozone-meta/datanode-8/ratis
2024-04-29 10:06:20,966 [e953ff49-4527-49f7-9f97-ccf5cafd9f48-EndpointStateMachineTaskThread-/0.0.0.0:15358-0 ] INFO  ozoneimpl.OzoneContainer (OzoneContainer.java:start(459)) - Attempting to start container services.
2024-04-29 10:06:20,966 [e953ff49-4527-49f7-9f97-ccf5cafd9f48-EndpointStateMachineTaskThread-/0.0.0.0:15358-0 ] WARN  ozoneimpl.OnDemandContainerDataScanner (OnDemandContainerDataScanner.java:init(75)) - Trying to initialize on demand scanner a second time on a datanode.
2024-04-29 10:06:20,966 [ContainerMetadataScanner] INFO  ozoneimpl.AbstractBackgroundContainerScanner (AbstractBackgroundContainerScanner.java:runIteration(87)) - Completed an iteration in 0 minutes. Number of iterations (since the data-node restart) : 1, Number of containers scanned in this iteration : 0, Number of unhealthy containers found in this iteration : 0
2024-04-29 10:06:20,966 [ContainerDataScanner(/home/runner/work/ozone/ozone/hadoop-ozone/integration-test/target/test-dir/MiniOzoneClusterImpl-2cdd5cd5-9c4c-463f-a193-9ffbc37dc237/ozone-meta/datanode-8/data-0/hdds)] INFO  ozoneimpl.AbstractBackgroundContainerScanner (AbstractBackgroundContainerScanner.java:runIteration(87)) - Completed an iteration in 0 minutes. Number of iterations (since the data-node restart) : 1, Number of containers scanned in this iteration : 0, Number of unhealthy containers found in this iteration : 0
2024-04-29 10:06:20,966 [e953ff49-4527-49f7-9f97-ccf5cafd9f48-EndpointStateMachineTaskThread-/0.0.0.0:15358-0 ] INFO  replication.ReplicationServer (ReplicationServer.java:start(142)) - ReplicationServer is started using port 15435
2024-04-29 10:06:20,966 [e953ff49-4527-49f7-9f97-ccf5cafd9f48-EndpointStateMachineTaskThread-/0.0.0.0:15358-0 ] INFO  ratis.XceiverServerRatis (XceiverServerRatis.java:start(566)) - Starting XceiverServerRatis e953ff49-4527-49f7-9f97-ccf5cafd9f48
2024-04-29 10:06:20,967 [e953ff49-4527-49f7-9f97-ccf5cafd9f48-EndpointStateMachineTaskThread-/0.0.0.0:15358-0 ] INFO  server.RaftServer (RaftServerProxy.java:startImpl(406)) - e953ff49-4527-49f7-9f97-ccf5cafd9f48: start RPC server
2024-04-29 10:06:20,967 [e953ff49-4527-49f7-9f97-ccf5cafd9f48-EndpointStateMachineTaskThread-/0.0.0.0:15358-0 ] INFO  server.GrpcService (GrpcService.java:startImpl(302)) - e953ff49-4527-49f7-9f97-ccf5cafd9f48: GrpcService started, listening on 15431
2024-04-29 10:06:20,967 [e953ff49-4527-49f7-9f97-ccf5cafd9f48-EndpointStateMachineTaskThread-/0.0.0.0:15358-0 ] INFO  server.GrpcService (GrpcService.java:startImpl(302)) - e953ff49-4527-49f7-9f97-ccf5cafd9f48: GrpcService started, listening on 15433
2024-04-29 10:06:20,967 [e953ff49-4527-49f7-9f97-ccf5cafd9f48-EndpointStateMachineTaskThread-/0.0.0.0:15358-0 ] INFO  server.GrpcService (GrpcService.java:startImpl(302)) - e953ff49-4527-49f7-9f97-ccf5cafd9f48: GrpcService started, listening on 15432
2024-04-29 10:06:20,968 [e953ff49-4527-49f7-9f97-ccf5cafd9f48-EndpointStateMachineTaskThread-/0.0.0.0:15358-0 ] INFO  ratis.XceiverServerRatis (XceiverServerRatis.java:getRealPort(592)) - XceiverServerRatis e953ff49-4527-49f7-9f97-ccf5cafd9f48 is started using port 15431 for RATIS
2024-04-29 10:06:20,968 [e953ff49-4527-49f7-9f97-ccf5cafd9f48-EndpointStateMachineTaskThread-/0.0.0.0:15358-0 ] INFO  ratis.XceiverServerRatis (XceiverServerRatis.java:getRealPort(592)) - XceiverServerRatis e953ff49-4527-49f7-9f97-ccf5cafd9f48 is started using port 15432 for RATIS_ADMIN
2024-04-29 10:06:20,968 [JvmPauseMonitor53] INFO  util.JvmPauseMonitor (JvmPauseMonitor.java:run(146)) - JvmPauseMonitor-e953ff49-4527-49f7-9f97-ccf5cafd9f48: Started
2024-04-29 10:06:20,968 [e953ff49-4527-49f7-9f97-ccf5cafd9f48-EndpointStateMachineTaskThread-/0.0.0.0:15358-0 ] INFO  ratis.XceiverServerRatis (XceiverServerRatis.java:getRealPort(592)) - XceiverServerRatis e953ff49-4527-49f7-9f97-ccf5cafd9f48 is started using port 15433 for RATIS_SERVER
2024-04-29 10:06:20,968 [e953ff49-4527-49f7-9f97-ccf5cafd9f48-EndpointStateMachineTaskThread-/0.0.0.0:15358-0 ] INFO  ratis.XceiverServerRatis (XceiverServerRatis.java:getRealPort(592)) - XceiverServerRatis e953ff49-4527-49f7-9f97-ccf5cafd9f48 is started using port 15434 for RATIS_DATASTREAM
2024-04-29 10:06:20,968 [e953ff49-4527-49f7-9f97-ccf5cafd9f48-BlockDeletingService#0] INFO  interfaces.ContainerDeletionChoosingPolicyTemplate (ContainerDeletionChoosingPolicyTemplate.java:chooseContainerForBlockDeletion(85)) - Chosen 0/5000 blocks from 0 candidate containers.
2024-04-29 10:06:20,997 [main] INFO  ozone.MiniOzoneClusterImpl (MiniOzoneClusterImpl.java:lambda$waitForClusterToBeReady$0(194)) - Waiting for nodes to be ready. Got 0 of 9 DN Heartbeats.
2024-04-29 10:06:20,997 [main] INFO  ozone.MiniOzoneClusterImpl (MiniOzoneClusterImpl.java:lambda$waitForClusterToBeReady$0(197)) - Waiting for cluster to exit safe mode
2024-04-29 10:06:20,997 [main] INFO  ozone.MiniOzoneClusterImpl (MiniOzoneClusterImpl.java:lambda$waitForClusterToBeReady$0(199)) - SCM became leader
2024-04-29 10:06:21,019 [e630d950-2d07-45d9-8bac-ccae2e608fbd-EndpointStateMachineTaskThread-/0.0.0.0:15358-0 ] INFO  utils.DatanodeStoreCache (DatanodeStoreCache.java:addDB(72)) - Added db /home/runner/work/ozone/ozone/hadoop-ozone/integration-test/target/test-dir/MiniOzoneClusterImpl-2cdd5cd5-9c4c-463f-a193-9ffbc37dc237/ozone-meta/datanode-9/data-0/hdds/2cdd5cd5-9c4c-463f-a193-9ffbc37dc237/DS-fb3aacb6-1dba-4b84-be76-0ba145da025a/container.db to cache
2024-04-29 10:06:21,019 [e630d950-2d07-45d9-8bac-ccae2e608fbd-EndpointStateMachineTaskThread-/0.0.0.0:15358-0 ] INFO  volume.HddsVolume (HddsVolume.java:createDbStore(437)) - SchemaV3 db is created and loaded at /home/runner/work/ozone/ozone/hadoop-ozone/integration-test/target/test-dir/MiniOzoneClusterImpl-2cdd5cd5-9c4c-463f-a193-9ffbc37dc237/ozone-meta/datanode-9/data-0/hdds/2cdd5cd5-9c4c-463f-a193-9ffbc37dc237/DS-fb3aacb6-1dba-4b84-be76-0ba145da025a/container.db for volume DS-fb3aacb6-1dba-4b84-be76-0ba145da025a
2024-04-29 10:06:21,021 [e630d950-2d07-45d9-8bac-ccae2e608fbd-ContainerReader-0] INFO  ozoneimpl.ContainerReader (ContainerReader.java:readVolume(148)) - Start to verify containers on volume /home/runner/work/ozone/ozone/hadoop-ozone/integration-test/target/test-dir/MiniOzoneClusterImpl-2cdd5cd5-9c4c-463f-a193-9ffbc37dc237/ozone-meta/datanode-9/data-0/hdds
2024-04-29 10:06:21,021 [e630d950-2d07-45d9-8bac-ccae2e608fbd-ContainerReader-0] INFO  ozoneimpl.ContainerReader (ContainerReader.java:readVolume(178)) - Finish verifying containers on volume /home/runner/work/ozone/ozone/hadoop-ozone/integration-test/target/test-dir/MiniOzoneClusterImpl-2cdd5cd5-9c4c-463f-a193-9ffbc37dc237/ozone-meta/datanode-9/data-0/hdds
2024-04-29 10:06:21,021 [e630d950-2d07-45d9-8bac-ccae2e608fbd-EndpointStateMachineTaskThread-/0.0.0.0:15358-0 ] INFO  ozoneimpl.OzoneContainer (OzoneContainer.java:buildContainerSet(328)) - Build ContainerSet costs 0s
2024-04-29 10:06:21,021 [e630d950-2d07-45d9-8bac-ccae2e608fbd-EndpointStateMachineTaskThread-/0.0.0.0:15358-0 ] INFO  volume.ThrottledAsyncChecker (ThrottledAsyncChecker.java:schedule(141)) - Scheduling a check for /home/runner/work/ozone/ozone/hadoop-ozone/integration-test/target/test-dir/MiniOzoneClusterImpl-2cdd5cd5-9c4c-463f-a193-9ffbc37dc237/ozone-meta/datanode-9/data-0/hdds
2024-04-29 10:06:21,021 [e630d950-2d07-45d9-8bac-ccae2e608fbd-EndpointStateMachineTaskThread-/0.0.0.0:15358-0 ] INFO  volume.StorageVolumeChecker (StorageVolumeChecker.java:checkAllVolumes(218)) - Scheduled health check for volume /home/runner/work/ozone/ozone/hadoop-ozone/integration-test/target/test-dir/MiniOzoneClusterImpl-2cdd5cd5-9c4c-463f-a193-9ffbc37dc237/ozone-meta/datanode-9/data-0/hdds
2024-04-29 10:06:21,022 [e630d950-2d07-45d9-8bac-ccae2e608fbd-EndpointStateMachineTaskThread-/0.0.0.0:15358-0 ] INFO  volume.ThrottledAsyncChecker (ThrottledAsyncChecker.java:schedule(141)) - Scheduling a check for /home/runner/work/ozone/ozone/hadoop-ozone/integration-test/target/test-dir/MiniOzoneClusterImpl-2cdd5cd5-9c4c-463f-a193-9ffbc37dc237/ozone-meta/datanode-9/ratis
2024-04-29 10:06:21,022 [e630d950-2d07-45d9-8bac-ccae2e608fbd-EndpointStateMachineTaskThread-/0.0.0.0:15358-0 ] INFO  volume.StorageVolumeChecker (StorageVolumeChecker.java:checkAllVolumes(218)) - Scheduled health check for volume /home/runner/work/ozone/ozone/hadoop-ozone/integration-test/target/test-dir/MiniOzoneClusterImpl-2cdd5cd5-9c4c-463f-a193-9ffbc37dc237/ozone-meta/datanode-9/ratis
2024-04-29 10:06:21,023 [e630d950-2d07-45d9-8bac-ccae2e608fbd-EndpointStateMachineTaskThread-/0.0.0.0:15358-0 ] INFO  ozoneimpl.OzoneContainer (OzoneContainer.java:start(459)) - Attempting to start container services.
2024-04-29 10:06:21,023 [e630d950-2d07-45d9-8bac-ccae2e608fbd-EndpointStateMachineTaskThread-/0.0.0.0:15358-0 ] WARN  ozoneimpl.OnDemandContainerDataScanner (OnDemandContainerDataScanner.java:init(75)) - Trying to initialize on demand scanner a second time on a datanode.
2024-04-29 10:06:21,023 [ContainerMetadataScanner] INFO  ozoneimpl.AbstractBackgroundContainerScanner (AbstractBackgroundContainerScanner.java:runIteration(87)) - Completed an iteration in 0 minutes. Number of iterations (since the data-node restart) : 1, Number of containers scanned in this iteration : 0, Number of unhealthy containers found in this iteration : 0
2024-04-29 10:06:21,024 [ContainerDataScanner(/home/runner/work/ozone/ozone/hadoop-ozone/integration-test/target/test-dir/MiniOzoneClusterImpl-2cdd5cd5-9c4c-463f-a193-9ffbc37dc237/ozone-meta/datanode-9/data-0/hdds)] INFO  ozoneimpl.AbstractBackgroundContainerScanner (AbstractBackgroundContainerScanner.java:runIteration(87)) - Completed an iteration in 0 minutes. Number of iterations (since the data-node restart) : 1, Number of containers scanned in this iteration : 0, Number of unhealthy containers found in this iteration : 0
2024-04-29 10:06:21,025 [e630d950-2d07-45d9-8bac-ccae2e608fbd-EndpointStateMachineTaskThread-/0.0.0.0:15358-0 ] INFO  replication.ReplicationServer (ReplicationServer.java:start(142)) - ReplicationServer is started using port 15444
2024-04-29 10:06:21,025 [e630d950-2d07-45d9-8bac-ccae2e608fbd-EndpointStateMachineTaskThread-/0.0.0.0:15358-0 ] INFO  ratis.XceiverServerRatis (XceiverServerRatis.java:start(566)) - Starting XceiverServerRatis e630d950-2d07-45d9-8bac-ccae2e608fbd
2024-04-29 10:06:21,026 [e630d950-2d07-45d9-8bac-ccae2e608fbd-EndpointStateMachineTaskThread-/0.0.0.0:15358-0 ] INFO  server.RaftServer (RaftServerProxy.java:startImpl(406)) - e630d950-2d07-45d9-8bac-ccae2e608fbd: start RPC server
2024-04-29 10:06:21,026 [e630d950-2d07-45d9-8bac-ccae2e608fbd-EndpointStateMachineTaskThread-/0.0.0.0:15358-0 ] INFO  server.GrpcService (GrpcService.java:startImpl(302)) - e630d950-2d07-45d9-8bac-ccae2e608fbd: GrpcService started, listening on 15440
2024-04-29 10:06:21,026 [e630d950-2d07-45d9-8bac-ccae2e608fbd-EndpointStateMachineTaskThread-/0.0.0.0:15358-0 ] INFO  server.GrpcService (GrpcService.java:startImpl(302)) - e630d950-2d07-45d9-8bac-ccae2e608fbd: GrpcService started, listening on 15442
2024-04-29 10:06:21,027 [e630d950-2d07-45d9-8bac-ccae2e608fbd-EndpointStateMachineTaskThread-/0.0.0.0:15358-0 ] INFO  server.GrpcService (GrpcService.java:startImpl(302)) - e630d950-2d07-45d9-8bac-ccae2e608fbd: GrpcService started, listening on 15441
2024-04-29 10:06:21,029 [e630d950-2d07-45d9-8bac-ccae2e608fbd-EndpointStateMachineTaskThread-/0.0.0.0:15358-0 ] INFO  ratis.XceiverServerRatis (XceiverServerRatis.java:getRealPort(592)) - XceiverServerRatis e630d950-2d07-45d9-8bac-ccae2e608fbd is started using port 15440 for RATIS
2024-04-29 10:06:21,029 [e630d950-2d07-45d9-8bac-ccae2e608fbd-EndpointStateMachineTaskThread-/0.0.0.0:15358-0 ] INFO  ratis.XceiverServerRatis (XceiverServerRatis.java:getRealPort(592)) - XceiverServerRatis e630d950-2d07-45d9-8bac-ccae2e608fbd is started using port 15441 for RATIS_ADMIN
2024-04-29 10:06:21,029 [JvmPauseMonitor54] INFO  util.JvmPauseMonitor (JvmPauseMonitor.java:run(146)) - JvmPauseMonitor-e630d950-2d07-45d9-8bac-ccae2e608fbd: Started
2024-04-29 10:06:21,029 [e630d950-2d07-45d9-8bac-ccae2e608fbd-EndpointStateMachineTaskThread-/0.0.0.0:15358-0 ] INFO  ratis.XceiverServerRatis (XceiverServerRatis.java:getRealPort(592)) - XceiverServerRatis e630d950-2d07-45d9-8bac-ccae2e608fbd is started using port 15442 for RATIS_SERVER
2024-04-29 10:06:21,029 [e630d950-2d07-45d9-8bac-ccae2e608fbd-EndpointStateMachineTaskThread-/0.0.0.0:15358-0 ] INFO  ratis.XceiverServerRatis (XceiverServerRatis.java:getRealPort(592)) - XceiverServerRatis e630d950-2d07-45d9-8bac-ccae2e608fbd is started using port 15443 for RATIS_DATASTREAM
2024-04-29 10:06:21,030 [e630d950-2d07-45d9-8bac-ccae2e608fbd-BlockDeletingService#0] INFO  interfaces.ContainerDeletionChoosingPolicyTemplate (ContainerDeletionChoosingPolicyTemplate.java:chooseContainerForBlockDeletion(85)) - Chosen 0/5000 blocks from 0 candidate containers.
2024-04-29 10:06:21,998 [main] INFO  ozone.MiniOzoneClusterImpl (MiniOzoneClusterImpl.java:lambda$waitForClusterToBeReady$0(194)) - Waiting for nodes to be ready. Got 0 of 9 DN Heartbeats.
2024-04-29 10:06:21,998 [main] INFO  ozone.MiniOzoneClusterImpl (MiniOzoneClusterImpl.java:lambda$waitForClusterToBeReady$0(197)) - Waiting for cluster to exit safe mode
2024-04-29 10:06:21,998 [main] INFO  ozone.MiniOzoneClusterImpl (MiniOzoneClusterImpl.java:lambda$waitForClusterToBeReady$0(199)) - SCM became leader
2024-04-29 10:06:22,521 [IPC Server handler 1 on default port 15358] INFO  net.NetworkTopologyImpl (NetworkTopologyImpl.java:add(134)) - Added a new node: /default-rack/375cf2e4-ad97-40d4-80c3-6a50f82e6a65
2024-04-29 10:06:22,521 [IPC Server handler 1 on default port 15358] INFO  node.SCMNodeManager (SCMNodeManager.java:register(421)) - Registered datanode: 375cf2e4-ad97-40d4-80c3-6a50f82e6a65{ip: 127.0.0.1, host: localhost, ports: [HTTP=15365, CLIENT_RPC=15366, REPLICATION=15372, RATIS=15368, RATIS_ADMIN=15369, RATIS_SERVER=15370, RATIS_DATASTREAM=15371, STANDALONE=15367], networkLocation: /default-rack, certSerialId: null, persistedOpState: null, persistedOpStateExpiryEpochSec: 0}
2024-04-29 10:06:22,522 [EventQueue-NewNodeForNewNodeHandler] INFO  pipeline.BackgroundPipelineCreator (BackgroundPipelineCreator.java:notifyEventTriggered(280)) - trigger a one-shot run on RatisPipelineUtilsThread.
2024-04-29 10:06:22,522 [RatisPipelineUtilsThread-0] INFO  pipeline.RatisPipelineProvider (RatisPipelineProvider.java:lambda$create$0(205)) - Sending CreatePipelineCommand for pipeline:PipelineID=55d3d81b-35d3-4073-9585-fd0516444208 to datanode:375cf2e4-ad97-40d4-80c3-6a50f82e6a65
2024-04-29 10:06:22,522 [EventQueue-NodeRegistrationContainerReportForDataNodeSafeModeRule] INFO  safemode.SCMSafeModeManager (DataNodeSafeModeRule.java:process(71)) - SCM in safe mode. 1 DataNodes registered, 3 required.
2024-04-29 10:06:22,523 [EventQueue-NodeRegistrationContainerReportForContainerSafeModeRule] INFO  safemode.SCMSafeModeManager (SCMSafeModeManager.java:validateSafeModeExitRules(203)) - ContainerSafeModeRule rule is successfully validated
2024-04-29 10:06:22,523 [EventQueue-PipelineReportForOneReplicaPipelineSafeModeRule] INFO  safemode.SCMSafeModeManager (SCMSafeModeManager.java:validateSafeModeExitRules(203)) - AtleastOneDatanodeReportedRule rule is successfully validated
2024-04-29 10:06:22,523 [RatisPipelineUtilsThread-0] INFO  pipeline.BackgroundPipelineCreator (BackgroundPipelineCreator.java:createPipelines(236)) - Created new pipeline Pipeline[ Id: 55d3d81b-35d3-4073-9585-fd0516444208, Nodes: 375cf2e4-ad97-40d4-80c3-6a50f82e6a65(localhost/127.0.0.1), ReplicationConfig: RATIS/ONE, State:ALLOCATED, leaderId:, CreationTimestamp2024-04-29T10:06:22.522405829Z[Etc/UTC]]
2024-04-29 10:06:22,580 [IPC Server handler 2 on default port 15358] INFO  net.NetworkTopologyImpl (NetworkTopologyImpl.java:add(134)) - Added a new node: /default-rack/22afc6ef-83d9-42e2-a783-8bf224581d75
2024-04-29 10:06:22,580 [IPC Server handler 2 on default port 15358] INFO  node.SCMNodeManager (SCMNodeManager.java:register(421)) - Registered datanode: 22afc6ef-83d9-42e2-a783-8bf224581d75{ip: 127.0.0.1, host: localhost, ports: [HTTP=15374, CLIENT_RPC=15375, REPLICATION=15381, RATIS=15377, RATIS_ADMIN=15378, RATIS_SERVER=15379, RATIS_DATASTREAM=15380, STANDALONE=15376], networkLocation: /default-rack, certSerialId: null, persistedOpState: null, persistedOpStateExpiryEpochSec: 0}
2024-04-29 10:06:22,581 [EventQueue-NodeRegistrationContainerReportForDataNodeSafeModeRule] INFO  safemode.SCMSafeModeManager (DataNodeSafeModeRule.java:process(71)) - SCM in safe mode. 2 DataNodes registered, 3 required.
2024-04-29 10:06:22,581 [EventQueue-NewNodeForNewNodeHandler] INFO  pipeline.BackgroundPipelineCreator (BackgroundPipelineCreator.java:notifyEventTriggered(280)) - trigger a one-shot run on RatisPipelineUtilsThread.
2024-04-29 10:06:22,581 [RatisPipelineUtilsThread-0] INFO  pipeline.RatisPipelineProvider (RatisPipelineProvider.java:lambda$create$0(205)) - Sending CreatePipelineCommand for pipeline:PipelineID=dcc051ae-9701-4807-b1c4-441d7b4faa17 to datanode:22afc6ef-83d9-42e2-a783-8bf224581d75
2024-04-29 10:06:22,582 [RatisPipelineUtilsThread-0] INFO  pipeline.BackgroundPipelineCreator (BackgroundPipelineCreator.java:createPipelines(236)) - Created new pipeline Pipeline[ Id: dcc051ae-9701-4807-b1c4-441d7b4faa17, Nodes: 22afc6ef-83d9-42e2-a783-8bf224581d75(localhost/127.0.0.1), ReplicationConfig: RATIS/ONE, State:ALLOCATED, leaderId:, CreationTimestamp2024-04-29T10:06:22.581722093Z[Etc/UTC]]
2024-04-29 10:06:22,647 [IPC Server handler 3 on default port 15358] INFO  net.NetworkTopologyImpl (NetworkTopologyImpl.java:add(134)) - Added a new node: /default-rack/a7d28670-f9d1-457c-83f3-4caf0bab89df
2024-04-29 10:06:22,648 [IPC Server handler 3 on default port 15358] INFO  node.SCMNodeManager (SCMNodeManager.java:register(421)) - Registered datanode: a7d28670-f9d1-457c-83f3-4caf0bab89df{ip: 127.0.0.1, host: localhost, ports: [HTTP=15383, CLIENT_RPC=15384, REPLICATION=15390, RATIS=15386, RATIS_ADMIN=15387, RATIS_SERVER=15388, RATIS_DATASTREAM=15389, STANDALONE=15385], networkLocation: /default-rack, certSerialId: null, persistedOpState: null, persistedOpStateExpiryEpochSec: 0}
2024-04-29 10:06:22,648 [EventQueue-NewNodeForNewNodeHandler] INFO  pipeline.BackgroundPipelineCreator (BackgroundPipelineCreator.java:notifyEventTriggered(280)) - trigger a one-shot run on RatisPipelineUtilsThread.
2024-04-29 10:06:22,648 [EventQueue-NodeRegistrationContainerReportForDataNodeSafeModeRule] INFO  safemode.SCMSafeModeManager (DataNodeSafeModeRule.java:process(71)) - SCM in safe mode. 3 DataNodes registered, 3 required.
2024-04-29 10:06:22,648 [EventQueue-NodeRegistrationContainerReportForDataNodeSafeModeRule] INFO  safemode.SCMSafeModeManager (SCMSafeModeManager.java:validateSafeModeExitRules(203)) - DataNodeSafeModeRule rule is successfully validated
2024-04-29 10:06:22,648 [EventQueue-NodeRegistrationContainerReportForDataNodeSafeModeRule] INFO  safemode.SCMSafeModeManager (SCMSafeModeManager.java:completePreCheck(232)) - All SCM safe mode pre check rules have passed
2024-04-29 10:06:22,648 [EventQueue-NodeRegistrationContainerReportForDataNodeSafeModeRule] INFO  ha.SCMContext (SCMContext.java:updateSafeModeStatus(225)) - Update SafeModeStatus from SafeModeStatus{safeModeStatus=true, preCheckPassed=false} to SafeModeStatus{safeModeStatus=true, preCheckPassed=true}.
2024-04-29 10:06:22,648 [EventQueue-NodeRegistrationContainerReportForDataNodeSafeModeRule] INFO  pipeline.BackgroundPipelineCreator (BackgroundPipelineCreator.java:notifyEventTriggered(280)) - trigger a one-shot run on RatisPipelineUtilsThread.
2024-04-29 10:06:22,648 [RatisPipelineUtilsThread-0] INFO  pipeline.RatisPipelineProvider (RatisPipelineProvider.java:lambda$create$0(205)) - Sending CreatePipelineCommand for pipeline:PipelineID=51ab81b7-421b-4766-81fa-146b84fb1a91 to datanode:a7d28670-f9d1-457c-83f3-4caf0bab89df
2024-04-29 10:06:22,649 [RatisPipelineUtilsThread-0] INFO  pipeline.BackgroundPipelineCreator (BackgroundPipelineCreator.java:createPipelines(236)) - Created new pipeline Pipeline[ Id: 51ab81b7-421b-4766-81fa-146b84fb1a91, Nodes: a7d28670-f9d1-457c-83f3-4caf0bab89df(localhost/127.0.0.1), ReplicationConfig: RATIS/ONE, State:ALLOCATED, leaderId:, CreationTimestamp2024-04-29T10:06:22.648980046Z[Etc/UTC]]
2024-04-29 10:06:22,649 [RatisPipelineUtilsThread-0] INFO  pipeline.RatisPipelineProvider (RatisPipelineProvider.java:lambda$create$0(205)) - Sending CreatePipelineCommand for pipeline:PipelineID=232cd721-934f-49df-8d20-3b3f94b40ec3 to datanode:a7d28670-f9d1-457c-83f3-4caf0bab89df
2024-04-29 10:06:22,649 [RatisPipelineUtilsThread-0] INFO  pipeline.RatisPipelineProvider (RatisPipelineProvider.java:lambda$create$0(205)) - Sending CreatePipelineCommand for pipeline:PipelineID=232cd721-934f-49df-8d20-3b3f94b40ec3 to datanode:375cf2e4-ad97-40d4-80c3-6a50f82e6a65
2024-04-29 10:06:22,649 [RatisPipelineUtilsThread-0] INFO  pipeline.RatisPipelineProvider (RatisPipelineProvider.java:lambda$create$0(205)) - Sending CreatePipelineCommand for pipeline:PipelineID=232cd721-934f-49df-8d20-3b3f94b40ec3 to datanode:22afc6ef-83d9-42e2-a783-8bf224581d75
2024-04-29 10:06:22,650 [RatisPipelineUtilsThread-0] INFO  pipeline.BackgroundPipelineCreator (BackgroundPipelineCreator.java:createPipelines(236)) - Created new pipeline Pipeline[ Id: 232cd721-934f-49df-8d20-3b3f94b40ec3, Nodes: a7d28670-f9d1-457c-83f3-4caf0bab89df(localhost/127.0.0.1)375cf2e4-ad97-40d4-80c3-6a50f82e6a65(localhost/127.0.0.1)22afc6ef-83d9-42e2-a783-8bf224581d75(localhost/127.0.0.1), ReplicationConfig: RATIS/THREE, State:ALLOCATED, leaderId:, CreationTimestamp2024-04-29T10:06:22.649818767Z[Etc/UTC]]
2024-04-29 10:06:22,699 [IPC Server handler 4 on default port 15358] INFO  net.NetworkTopologyImpl (NetworkTopologyImpl.java:add(134)) - Added a new node: /default-rack/258cf687-9dbc-46c1-b255-600d670a4b6c
2024-04-29 10:06:22,699 [IPC Server handler 4 on default port 15358] INFO  node.SCMNodeManager (SCMNodeManager.java:register(421)) - Registered datanode: 258cf687-9dbc-46c1-b255-600d670a4b6c{ip: 127.0.0.1, host: localhost, ports: [HTTP=15392, CLIENT_RPC=15393, REPLICATION=15399, RATIS=15395, RATIS_ADMIN=15396, RATIS_SERVER=15397, RATIS_DATASTREAM=15398, STANDALONE=15394], networkLocation: /default-rack, certSerialId: null, persistedOpState: null, persistedOpStateExpiryEpochSec: 0}
2024-04-29 10:06:22,699 [EventQueue-NewNodeForNewNodeHandler] INFO  pipeline.BackgroundPipelineCreator (BackgroundPipelineCreator.java:notifyEventTriggered(280)) - trigger a one-shot run on RatisPipelineUtilsThread.
2024-04-29 10:06:22,699 [RatisPipelineUtilsThread-0] INFO  pipeline.RatisPipelineProvider (RatisPipelineProvider.java:lambda$create$0(205)) - Sending CreatePipelineCommand for pipeline:PipelineID=922be877-8da3-4e55-813a-add0c83e6892 to datanode:258cf687-9dbc-46c1-b255-600d670a4b6c
2024-04-29 10:06:22,700 [RatisPipelineUtilsThread-0] INFO  pipeline.BackgroundPipelineCreator (BackgroundPipelineCreator.java:createPipelines(236)) - Created new pipeline Pipeline[ Id: 922be877-8da3-4e55-813a-add0c83e6892, Nodes: 258cf687-9dbc-46c1-b255-600d670a4b6c(localhost/127.0.0.1), ReplicationConfig: RATIS/ONE, State:ALLOCATED, leaderId:, CreationTimestamp2024-04-29T10:06:22.699829679Z[Etc/UTC]]
2024-04-29 10:06:22,755 [IPC Server handler 5 on default port 15358] INFO  net.NetworkTopologyImpl (NetworkTopologyImpl.java:add(134)) - Added a new node: /default-rack/96aec129-8b92-4385-b6bc-dde0a337a972
2024-04-29 10:06:22,755 [IPC Server handler 5 on default port 15358] INFO  node.SCMNodeManager (SCMNodeManager.java:register(421)) - Registered datanode: 96aec129-8b92-4385-b6bc-dde0a337a972{ip: 127.0.0.1, host: localhost, ports: [HTTP=15401, CLIENT_RPC=15402, REPLICATION=15408, RATIS=15404, RATIS_ADMIN=15405, RATIS_SERVER=15406, RATIS_DATASTREAM=15407, STANDALONE=15403], networkLocation: /default-rack, certSerialId: null, persistedOpState: null, persistedOpStateExpiryEpochSec: 0}
2024-04-29 10:06:22,755 [EventQueue-NewNodeForNewNodeHandler] INFO  pipeline.BackgroundPipelineCreator (BackgroundPipelineCreator.java:notifyEventTriggered(280)) - trigger a one-shot run on RatisPipelineUtilsThread.
2024-04-29 10:06:22,756 [RatisPipelineUtilsThread-0] INFO  pipeline.RatisPipelineProvider (RatisPipelineProvider.java:lambda$create$0(205)) - Sending CreatePipelineCommand for pipeline:PipelineID=4a543431-5045-4466-8351-7e6710e055b0 to datanode:96aec129-8b92-4385-b6bc-dde0a337a972
2024-04-29 10:06:22,756 [RatisPipelineUtilsThread-0] INFO  pipeline.BackgroundPipelineCreator (BackgroundPipelineCreator.java:createPipelines(236)) - Created new pipeline Pipeline[ Id: 4a543431-5045-4466-8351-7e6710e055b0, Nodes: 96aec129-8b92-4385-b6bc-dde0a337a972(localhost/127.0.0.1), ReplicationConfig: RATIS/ONE, State:ALLOCATED, leaderId:, CreationTimestamp2024-04-29T10:06:22.756001248Z[Etc/UTC]]
2024-04-29 10:06:22,813 [IPC Server handler 6 on default port 15358] INFO  net.NetworkTopologyImpl (NetworkTopologyImpl.java:add(134)) - Added a new node: /default-rack/9d50a68e-635c-4808-a075-dce2406a94a2
2024-04-29 10:06:22,813 [IPC Server handler 6 on default port 15358] INFO  node.SCMNodeManager (SCMNodeManager.java:register(421)) - Registered datanode: 9d50a68e-635c-4808-a075-dce2406a94a2{ip: 127.0.0.1, host: localhost, ports: [HTTP=15410, CLIENT_RPC=15411, REPLICATION=15417, RATIS=15413, RATIS_ADMIN=15414, RATIS_SERVER=15415, RATIS_DATASTREAM=15416, STANDALONE=15412], networkLocation: /default-rack, certSerialId: null, persistedOpState: null, persistedOpStateExpiryEpochSec: 0}
2024-04-29 10:06:22,813 [EventQueue-NewNodeForNewNodeHandler] INFO  pipeline.BackgroundPipelineCreator (BackgroundPipelineCreator.java:notifyEventTriggered(280)) - trigger a one-shot run on RatisPipelineUtilsThread.
2024-04-29 10:06:22,814 [RatisPipelineUtilsThread-0] INFO  pipeline.RatisPipelineProvider (RatisPipelineProvider.java:lambda$create$0(205)) - Sending CreatePipelineCommand for pipeline:PipelineID=7c40a7e7-adb3-4371-a5c8-c3c3c2b38eff to datanode:9d50a68e-635c-4808-a075-dce2406a94a2
2024-04-29 10:06:22,814 [RatisPipelineUtilsThread-0] INFO  pipeline.BackgroundPipelineCreator (BackgroundPipelineCreator.java:createPipelines(236)) - Created new pipeline Pipeline[ Id: 7c40a7e7-adb3-4371-a5c8-c3c3c2b38eff, Nodes: 9d50a68e-635c-4808-a075-dce2406a94a2(localhost/127.0.0.1), ReplicationConfig: RATIS/ONE, State:ALLOCATED, leaderId:, CreationTimestamp2024-04-29T10:06:22.814175117Z[Etc/UTC]]
2024-04-29 10:06:22,814 [RatisPipelineUtilsThread-0] INFO  pipeline.RatisPipelineProvider (RatisPipelineProvider.java:lambda$create$0(205)) - Sending CreatePipelineCommand for pipeline:PipelineID=0d7410f7-5039-47a1-bbfe-60b79ced8902 to datanode:258cf687-9dbc-46c1-b255-600d670a4b6c
2024-04-29 10:06:22,814 [RatisPipelineUtilsThread-0] INFO  pipeline.RatisPipelineProvider (RatisPipelineProvider.java:lambda$create$0(205)) - Sending CreatePipelineCommand for pipeline:PipelineID=0d7410f7-5039-47a1-bbfe-60b79ced8902 to datanode:96aec129-8b92-4385-b6bc-dde0a337a972
2024-04-29 10:06:22,814 [RatisPipelineUtilsThread-0] INFO  pipeline.RatisPipelineProvider (RatisPipelineProvider.java:lambda$create$0(205)) - Sending CreatePipelineCommand for pipeline:PipelineID=0d7410f7-5039-47a1-bbfe-60b79ced8902 to datanode:9d50a68e-635c-4808-a075-dce2406a94a2
2024-04-29 10:06:22,815 [RatisPipelineUtilsThread-0] INFO  pipeline.BackgroundPipelineCreator (BackgroundPipelineCreator.java:createPipelines(236)) - Created new pipeline Pipeline[ Id: 0d7410f7-5039-47a1-bbfe-60b79ced8902, Nodes: 258cf687-9dbc-46c1-b255-600d670a4b6c(localhost/127.0.0.1)96aec129-8b92-4385-b6bc-dde0a337a972(localhost/127.0.0.1)9d50a68e-635c-4808-a075-dce2406a94a2(localhost/127.0.0.1), ReplicationConfig: RATIS/THREE, State:ALLOCATED, leaderId:, CreationTimestamp2024-04-29T10:06:22.814801650Z[Etc/UTC]]
2024-04-29 10:06:22,871 [IPC Server handler 7 on default port 15358] INFO  net.NetworkTopologyImpl (NetworkTopologyImpl.java:add(134)) - Added a new node: /default-rack/05b2082f-ed41-4af0-9481-4223771265a3
2024-04-29 10:06:22,872 [IPC Server handler 7 on default port 15358] INFO  node.SCMNodeManager (SCMNodeManager.java:register(421)) - Registered datanode: 05b2082f-ed41-4af0-9481-4223771265a3{ip: 127.0.0.1, host: localhost, ports: [HTTP=15419, CLIENT_RPC=15420, REPLICATION=15426, RATIS=15422, RATIS_ADMIN=15423, RATIS_SERVER=15424, RATIS_DATASTREAM=15425, STANDALONE=15421], networkLocation: /default-rack, certSerialId: null, persistedOpState: null, persistedOpStateExpiryEpochSec: 0}
2024-04-29 10:06:22,872 [EventQueue-NewNodeForNewNodeHandler] INFO  pipeline.BackgroundPipelineCreator (BackgroundPipelineCreator.java:notifyEventTriggered(280)) - trigger a one-shot run on RatisPipelineUtilsThread.
2024-04-29 10:06:22,872 [RatisPipelineUtilsThread-0] INFO  pipeline.RatisPipelineProvider (RatisPipelineProvider.java:lambda$create$0(205)) - Sending CreatePipelineCommand for pipeline:PipelineID=2a8ccaea-c1be-4746-b64c-b4fe43d966c8 to datanode:05b2082f-ed41-4af0-9481-4223771265a3
2024-04-29 10:06:22,873 [RatisPipelineUtilsThread-0] INFO  pipeline.BackgroundPipelineCreator (BackgroundPipelineCreator.java:createPipelines(236)) - Created new pipeline Pipeline[ Id: 2a8ccaea-c1be-4746-b64c-b4fe43d966c8, Nodes: 05b2082f-ed41-4af0-9481-4223771265a3(localhost/127.0.0.1), ReplicationConfig: RATIS/ONE, State:ALLOCATED, leaderId:, CreationTimestamp2024-04-29T10:06:22.872694031Z[Etc/UTC]]
2024-04-29 10:06:22,943 [IPC Server handler 8 on default port 15358] INFO  net.NetworkTopologyImpl (NetworkTopologyImpl.java:add(134)) - Added a new node: /default-rack/e953ff49-4527-49f7-9f97-ccf5cafd9f48
2024-04-29 10:06:22,943 [IPC Server handler 8 on default port 15358] INFO  node.SCMNodeManager (SCMNodeManager.java:register(421)) - Registered datanode: e953ff49-4527-49f7-9f97-ccf5cafd9f48{ip: 127.0.0.1, host: localhost, ports: [HTTP=15428, CLIENT_RPC=15429, REPLICATION=15435, RATIS=15431, RATIS_ADMIN=15432, RATIS_SERVER=15433, RATIS_DATASTREAM=15434, STANDALONE=15430], networkLocation: /default-rack, certSerialId: null, persistedOpState: null, persistedOpStateExpiryEpochSec: 0}
2024-04-29 10:06:22,943 [EventQueue-NewNodeForNewNodeHandler] INFO  pipeline.BackgroundPipelineCreator (BackgroundPipelineCreator.java:notifyEventTriggered(280)) - trigger a one-shot run on RatisPipelineUtilsThread.
2024-04-29 10:06:22,944 [RatisPipelineUtilsThread-0] INFO  pipeline.RatisPipelineProvider (RatisPipelineProvider.java:lambda$create$0(205)) - Sending CreatePipelineCommand for pipeline:PipelineID=3ec25403-0473-4ceb-992c-269b65e56047 to datanode:e953ff49-4527-49f7-9f97-ccf5cafd9f48
2024-04-29 10:06:22,944 [RatisPipelineUtilsThread-0] INFO  pipeline.BackgroundPipelineCreator (BackgroundPipelineCreator.java:createPipelines(236)) - Created new pipeline Pipeline[ Id: 3ec25403-0473-4ceb-992c-269b65e56047, Nodes: e953ff49-4527-49f7-9f97-ccf5cafd9f48(localhost/127.0.0.1), ReplicationConfig: RATIS/ONE, State:ALLOCATED, leaderId:, CreationTimestamp2024-04-29T10:06:22.944211594Z[Etc/UTC]]
2024-04-29 10:06:22,998 [IPC Server handler 0 on default port 15358] INFO  net.NetworkTopologyImpl (NetworkTopologyImpl.java:add(134)) - Added a new node: /default-rack/e630d950-2d07-45d9-8bac-ccae2e608fbd
2024-04-29 10:06:22,998 [main] INFO  ozone.MiniOzoneClusterImpl (MiniOzoneClusterImpl.java:lambda$waitForClusterToBeReady$0(194)) - Waiting for nodes to be ready. Got 8 of 9 DN Heartbeats.
2024-04-29 10:06:22,998 [main] INFO  ozone.MiniOzoneClusterImpl (MiniOzoneClusterImpl.java:lambda$waitForClusterToBeReady$0(197)) - Waiting for cluster to exit safe mode
2024-04-29 10:06:22,998 [main] INFO  ozone.MiniOzoneClusterImpl (MiniOzoneClusterImpl.java:lambda$waitForClusterToBeReady$0(199)) - SCM became leader
2024-04-29 10:06:22,998 [IPC Server handler 0 on default port 15358] INFO  node.SCMNodeManager (SCMNodeManager.java:register(421)) - Registered datanode: e630d950-2d07-45d9-8bac-ccae2e608fbd{ip: 127.0.0.1, host: localhost, ports: [HTTP=15437, CLIENT_RPC=15438, REPLICATION=15444, RATIS=15440, RATIS_ADMIN=15441, RATIS_SERVER=15442, RATIS_DATASTREAM=15443, STANDALONE=15439], networkLocation: /default-rack, certSerialId: null, persistedOpState: null, persistedOpStateExpiryEpochSec: 0}
2024-04-29 10:06:22,998 [EventQueue-NewNodeForNewNodeHandler] INFO  pipeline.BackgroundPipelineCreator (BackgroundPipelineCreator.java:notifyEventTriggered(280)) - trigger a one-shot run on RatisPipelineUtilsThread.
2024-04-29 10:06:22,999 [RatisPipelineUtilsThread-0] INFO  pipeline.RatisPipelineProvider (RatisPipelineProvider.java:lambda$create$0(205)) - Sending CreatePipelineCommand for pipeline:PipelineID=2cd0ce55-3a2b-4719-b090-cff810345dff to datanode:e630d950-2d07-45d9-8bac-ccae2e608fbd
2024-04-29 10:06:22,999 [RatisPipelineUtilsThread-0] INFO  pipeline.BackgroundPipelineCreator (BackgroundPipelineCreator.java:createPipelines(236)) - Created new pipeline Pipeline[ Id: 2cd0ce55-3a2b-4719-b090-cff810345dff, Nodes: e630d950-2d07-45d9-8bac-ccae2e608fbd(localhost/127.0.0.1), ReplicationConfig: RATIS/ONE, State:ALLOCATED, leaderId:, CreationTimestamp2024-04-29T10:06:22.999292664Z[Etc/UTC]]
2024-04-29 10:06:23,000 [RatisPipelineUtilsThread-0] INFO  pipeline.RatisPipelineProvider (RatisPipelineProvider.java:lambda$create$0(205)) - Sending CreatePipelineCommand for pipeline:PipelineID=3403de07-fa73-484e-bd45-5f1d51dc6c06 to datanode:e630d950-2d07-45d9-8bac-ccae2e608fbd
2024-04-29 10:06:23,000 [RatisPipelineUtilsThread-0] INFO  pipeline.RatisPipelineProvider (RatisPipelineProvider.java:lambda$create$0(205)) - Sending CreatePipelineCommand for pipeline:PipelineID=3403de07-fa73-484e-bd45-5f1d51dc6c06 to datanode:e953ff49-4527-49f7-9f97-ccf5cafd9f48
2024-04-29 10:06:23,000 [RatisPipelineUtilsThread-0] INFO  pipeline.RatisPipelineProvider (RatisPipelineProvider.java:lambda$create$0(205)) - Sending CreatePipelineCommand for pipeline:PipelineID=3403de07-fa73-484e-bd45-5f1d51dc6c06 to datanode:05b2082f-ed41-4af0-9481-4223771265a3
2024-04-29 10:06:23,000 [RatisPipelineUtilsThread-0] INFO  pipeline.BackgroundPipelineCreator (BackgroundPipelineCreator.java:createPipelines(236)) - Created new pipeline Pipeline[ Id: 3403de07-fa73-484e-bd45-5f1d51dc6c06, Nodes: e630d950-2d07-45d9-8bac-ccae2e608fbd(localhost/127.0.0.1)e953ff49-4527-49f7-9f97-ccf5cafd9f48(localhost/127.0.0.1)05b2082f-ed41-4af0-9481-4223771265a3(localhost/127.0.0.1), ReplicationConfig: RATIS/THREE, State:ALLOCATED, leaderId:, CreationTimestamp2024-04-29T10:06:23.000160510Z[Etc/UTC]]
2024-04-29 10:06:23,998 [main] INFO  ozone.MiniOzoneClusterImpl (MiniOzoneClusterImpl.java:lambda$waitForClusterToBeReady$0(194)) - Nodes are ready. Got 9 of 9 DN Heartbeats.
2024-04-29 10:06:23,999 [main] INFO  ozone.MiniOzoneClusterImpl (MiniOzoneClusterImpl.java:lambda$waitForClusterToBeReady$0(197)) - Waiting for cluster to exit safe mode
2024-04-29 10:06:23,999 [main] INFO  ozone.MiniOzoneClusterImpl (MiniOzoneClusterImpl.java:lambda$waitForClusterToBeReady$0(199)) - SCM became leader
2024-04-29 10:06:24,999 [main] INFO  ozone.MiniOzoneClusterImpl (MiniOzoneClusterImpl.java:lambda$waitForClusterToBeReady$0(194)) - Nodes are ready. Got 9 of 9 DN Heartbeats.
2024-04-29 10:06:24,999 [main] INFO  ozone.MiniOzoneClusterImpl (MiniOzoneClusterImpl.java:lambda$waitForClusterToBeReady$0(197)) - Waiting for cluster to exit safe mode
2024-04-29 10:06:24,999 [main] INFO  ozone.MiniOzoneClusterImpl (MiniOzoneClusterImpl.java:lambda$waitForClusterToBeReady$0(199)) - SCM became leader
2024-04-29 10:06:25,520 [375cf2e4-ad97-40d4-80c3-6a50f82e6a65-PipelineCommandHandlerThread-0] INFO  server.RaftServer (RaftServerProxy.java:addNew(100)) - 375cf2e4-ad97-40d4-80c3-6a50f82e6a65: addNew group-FD0516444208:[375cf2e4-ad97-40d4-80c3-6a50f82e6a65|127.0.0.1:15370] returns group-FD0516444208:java.util.concurrent.CompletableFuture@4ba16649[Not completed]
2024-04-29 10:06:25,521 [375cf2e4-ad97-40d4-80c3-6a50f82e6a65-groupManagement] INFO  server.RaftServer$Division (RaftServerImpl.java:<init>(256)) - 375cf2e4-ad97-40d4-80c3-6a50f82e6a65: new RaftServerImpl for group-FD0516444208:[375cf2e4-ad97-40d4-80c3-6a50f82e6a65|127.0.0.1:15370] with ContainerStateMachine:uninitialized
2024-04-29 10:06:25,521 [375cf2e4-ad97-40d4-80c3-6a50f82e6a65-groupManagement] INFO  server.RaftServerConfigKeys (ConfUtils.java:logGet(46)) - raft.server.rpc.timeout.min = 5s (custom)
2024-04-29 10:06:25,521 [375cf2e4-ad97-40d4-80c3-6a50f82e6a65-groupManagement] INFO  server.RaftServerConfigKeys (ConfUtils.java:logGet(46)) - raft.server.rpc.timeout.max = 5200ms (custom)
2024-04-29 10:06:25,521 [375cf2e4-ad97-40d4-80c3-6a50f82e6a65-groupManagement] INFO  server.RaftServerConfigKeys (ConfUtils.java:logGet(46)) - raft.server.rpc.sleep.time = 25ms (default)
2024-04-29 10:06:25,522 [375cf2e4-ad97-40d4-80c3-6a50f82e6a65-groupManagement] INFO  server.RaftServerConfigKeys (ConfUtils.java:logGet(46)) - raft.server.rpc.slowness.timeout = 300000ms (custom)
2024-04-29 10:06:25,522 [375cf2e4-ad97-40d4-80c3-6a50f82e6a65-groupManagement] INFO  server.RaftServerConfigKeys (ConfUtils.java:logGet(46)) - raft.server.leaderelection.leader.step-down.wait-time = 10s (default)
2024-04-29 10:06:25,522 [375cf2e4-ad97-40d4-80c3-6a50f82e6a65-groupManagement] INFO  server.RaftServerConfigKeys (ConfUtils.java:logGet(46)) - raft.server.leaderelection.member.majority-add = false (default)
2024-04-29 10:06:25,522 [375cf2e4-ad97-40d4-80c3-6a50f82e6a65-groupManagement] INFO  server.RaftServerConfigKeys (ConfUtils.java:logGet(46)) - raft.server.sleep.deviation.threshold = 300ms (default)
2024-04-29 10:06:25,522 [375cf2e4-ad97-40d4-80c3-6a50f82e6a65-groupManagement] INFO  server.RaftServer$Division (ServerState.java:<init>(113)) - 375cf2e4-ad97-40d4-80c3-6a50f82e6a65@group-FD0516444208: ConfigurationManager, init=-1: peers:[375cf2e4-ad97-40d4-80c3-6a50f82e6a65|127.0.0.1:15370]|listeners:[], old=null, confs=<EMPTY_MAP>
2024-04-29 10:06:25,522 [375cf2e4-ad97-40d4-80c3-6a50f82e6a65-groupManagement] INFO  server.RaftServerConfigKeys (ConfUtils.java:logGet(46)) - raft.server.notification.no-leader.timeout = 300000ms (custom)
2024-04-29 10:06:25,522 [375cf2e4-ad97-40d4-80c3-6a50f82e6a65-groupManagement] INFO  server.RaftServerConfigKeys (ConfUtils.java:logGet(46)) - raft.server.read.timeout = 10s (default)
2024-04-29 10:06:25,522 [375cf2e4-ad97-40d4-80c3-6a50f82e6a65-groupManagement] INFO  server.RaftServerConfigKeys (ConfUtils.java:logGet(46)) - raft.server.retrycache.expirytime = 600000ms (custom)
2024-04-29 10:06:25,522 [375cf2e4-ad97-40d4-80c3-6a50f82e6a65-groupManagement] INFO  server.RaftServerConfigKeys (ConfUtils.java:logGet(46)) - raft.server.retrycache.statistics.expirytime = 100ms (default)
2024-04-29 10:06:25,522 [375cf2e4-ad97-40d4-80c3-6a50f82e6a65-groupManagement] INFO  server.RaftServerConfigKeys (ConfUtils.java:logGet(46)) - raft.server.read.option = DEFAULT (default)
2024-04-29 10:06:25,522 [375cf2e4-ad97-40d4-80c3-6a50f82e6a65-groupManagement] INFO  server.RaftServerConfigKeys (ConfUtils.java:logGet(46)) - raft.server.read.read-after-write-consistent.write-index-cache.expiry-time = 60s (default)
2024-04-29 10:06:25,524 [375cf2e4-ad97-40d4-80c3-6a50f82e6a65-groupManagement] INFO  server.RaftServerConfigKeys (ConfUtils.java:logGet(46)) - raft.server.rpc.request.timeout = 3000ms (default)
2024-04-29 10:06:25,524 [375cf2e4-ad97-40d4-80c3-6a50f82e6a65-groupManagement] INFO  server.RaftServerConfigKeys (ConfUtils.java:logGet(46)) - raft.server.log.appender.install.snapshot.enabled = false (custom)
2024-04-29 10:06:25,525 [375cf2e4-ad97-40d4-80c3-6a50f82e6a65-groupManagement] INFO  server.RaftServerConfigKeys (ConfUtils.java:logGet(46)) - raft.server.threadpool.server.cached = true (default)
2024-04-29 10:06:25,525 [375cf2e4-ad97-40d4-80c3-6a50f82e6a65-groupManagement] INFO  server.RaftServerConfigKeys (ConfUtils.java:logGet(46)) - raft.server.threadpool.server.size = 0 (default)
2024-04-29 10:06:25,525 [375cf2e4-ad97-40d4-80c3-6a50f82e6a65-groupManagement] INFO  server.RaftServerConfigKeys (ConfUtils.java:logGet(46)) - raft.server.threadpool.client.cached = true (default)
2024-04-29 10:06:25,525 [375cf2e4-ad97-40d4-80c3-6a50f82e6a65-groupManagement] INFO  server.RaftServerConfigKeys (ConfUtils.java:logGet(46)) - raft.server.threadpool.client.size = 0 (default)
2024-04-29 10:06:25,525 [375cf2e4-ad97-40d4-80c3-6a50f82e6a65-groupManagement] INFO  server.RaftServerConfigKeys (ConfUtils.java:logGet(46)) - raft.server.storage.free-space.min = 0MB (=0) (default)
2024-04-29 10:06:25,525 [375cf2e4-ad97-40d4-80c3-6a50f82e6a65-groupManagement] INFO  server.RaftServerConfigKeys (ConfUtils.java:logGet(46)) - raft.server.log.corruption.policy = EXCEPTION (default)
2024-04-29 10:06:25,525 [375cf2e4-ad97-40d4-80c3-6a50f82e6a65-groupManagement] INFO  server.RaftServerConfigKeys (ConfUtils.java:logGet(46)) - raft.server.storage.dir = [/home/runner/work/ozone/ozone/hadoop-ozone/integration-test/target/test-dir/MiniOzoneClusterImpl-2cdd5cd5-9c4c-463f-a193-9ffbc37dc237/ozone-meta/datanode-1/ratis] (custom)
2024-04-29 10:06:25,525 [375cf2e4-ad97-40d4-80c3-6a50f82e6a65-groupManagement] INFO  storage.RaftStorageDirectory (RaftStorageDirectoryImpl.java:analyzeStorage(138)) - The storage directory /home/runner/work/ozone/ozone/hadoop-ozone/integration-test/target/test-dir/MiniOzoneClusterImpl-2cdd5cd5-9c4c-463f-a193-9ffbc37dc237/ozone-meta/datanode-1/ratis/55d3d81b-35d3-4073-9585-fd0516444208 does not exist. Creating ...
2024-04-29 10:06:25,527 [375cf2e4-ad97-40d4-80c3-6a50f82e6a65-groupManagement] INFO  storage.RaftStorageDirectory (RaftStorageDirectoryImpl.java:tryLock(228)) - Lock on /home/runner/work/ozone/ozone/hadoop-ozone/integration-test/target/test-dir/MiniOzoneClusterImpl-2cdd5cd5-9c4c-463f-a193-9ffbc37dc237/ozone-meta/datanode-1/ratis/55d3d81b-35d3-4073-9585-fd0516444208/in_use.lock acquired by nodename 20825@fv-az913-54
2024-04-29 10:06:25,528 [375cf2e4-ad97-40d4-80c3-6a50f82e6a65-groupManagement] INFO  storage.RaftStorage (RaftStorageImpl.java:format(99)) - Storage directory /home/runner/work/ozone/ozone/hadoop-ozone/integration-test/target/test-dir/MiniOzoneClusterImpl-2cdd5cd5-9c4c-463f-a193-9ffbc37dc237/ozone-meta/datanode-1/ratis/55d3d81b-35d3-4073-9585-fd0516444208 has been successfully formatted.
2024-04-29 10:06:25,528 [375cf2e4-ad97-40d4-80c3-6a50f82e6a65-groupManagement] WARN  util.FileUtils (LogUtils.java:supplyAndLog(63)) - Failed to Files.newInputStream /home/runner/work/ozone/ozone/hadoop-ozone/integration-test/target/test-dir/MiniOzoneClusterImpl-2cdd5cd5-9c4c-463f-a193-9ffbc37dc237/ozone-meta/datanode-1/ratis/55d3d81b-35d3-4073-9585-fd0516444208/current/raft-meta.conf with options []: java.nio.file.NoSuchFileException: /home/runner/work/ozone/ozone/hadoop-ozone/integration-test/target/test-dir/MiniOzoneClusterImpl-2cdd5cd5-9c4c-463f-a193-9ffbc37dc237/ozone-meta/datanode-1/ratis/55d3d81b-35d3-4073-9585-fd0516444208/current/raft-meta.conf
2024-04-29 10:06:25,529 [375cf2e4-ad97-40d4-80c3-6a50f82e6a65-groupManagement] INFO  ratis.ContainerStateMachine (ContainerStateMachine.java:loadSnapshot(287)) - group-FD0516444208: The snapshot info is null. Setting the last applied index to:(t:0, i:~)
2024-04-29 10:06:25,529 [375cf2e4-ad97-40d4-80c3-6a50f82e6a65-groupManagement] INFO  server.RaftServerConfigKeys (ConfUtils.java:logGet(46)) - raft.server.log.use.memory = false (default)
2024-04-29 10:06:25,529 [375cf2e4-ad97-40d4-80c3-6a50f82e6a65-groupManagement] INFO  server.RaftServerConfigKeys (ConfUtils.java:logGet(46)) - raft.server.log.purge.gap = 1000000 (custom)
2024-04-29 10:06:25,529 [375cf2e4-ad97-40d4-80c3-6a50f82e6a65-groupManagement] INFO  server.RaftServerConfigKeys (ConfUtils.java:logGet(46)) - raft.server.log.appender.buffer.byte-limit = 8388608 (custom)
2024-04-29 10:06:25,529 [375cf2e4-ad97-40d4-80c3-6a50f82e6a65-groupManagement] INFO  server.RaftServerConfigKeys (ConfUtils.java:logGet(46)) - raft.server.log.statemachine.data.read.timeout = 1000ms (default)
2024-04-29 10:06:25,529 [375cf2e4-ad97-40d4-80c3-6a50f82e6a65-groupManagement] INFO  server.RaftServerConfigKeys (ConfUtils.java:logGet(46)) - raft.server.log.purge.preservation.log.num = 0 (default)
2024-04-29 10:06:25,530 [EventQueue-PipelineReportForPipelineReportHandler] INFO  pipeline.PipelineReportHandler (PipelineReportHandler.java:processPipelineReport(136)) - Opened pipeline PipelineID=55d3d81b-35d3-4073-9585-fd0516444208
2024-04-29 10:06:25,530 [EventQueue-OpenPipelineForHealthyPipelineSafeModeRule] INFO  safemode.SCMSafeModeManager (HealthyPipelineSafeModeRule.java:process(140)) - SCM in safe mode. Healthy pipelines reported count is 0, required healthy pipeline reported count is 1
2024-04-29 10:06:25,530 [375cf2e4-ad97-40d4-80c3-6a50f82e6a65-groupManagement] INFO  server.RaftServerConfigKeys (ConfUtils.java:logGet(46)) - raft.server.log.segment.size.max = 67108864 (custom)
2024-04-29 10:06:25,531 [375cf2e4-ad97-40d4-80c3-6a50f82e6a65-groupManagement] INFO  server.RaftServerConfigKeys (ConfUtils.java:logGet(46)) - raft.server.log.segment.cache.num.max = 2 (custom)
2024-04-29 10:06:25,531 [375cf2e4-ad97-40d4-80c3-6a50f82e6a65-groupManagement] INFO  server.RaftServerConfigKeys (ConfUtils.java:logGet(46)) - raft.server.log.segment.cache.size.max = 200MB (=209715200) (default)
2024-04-29 10:06:25,531 [375cf2e4-ad97-40d4-80c3-6a50f82e6a65-groupManagement] INFO  server.RaftServerConfigKeys (ConfUtils.java:logGet(46)) - raft.server.log.appender.buffer.byte-limit = 8388608 (custom)
2024-04-29 10:06:25,531 [375cf2e4-ad97-40d4-80c3-6a50f82e6a65-groupManagement] INFO  util.AwaitToRun (AwaitToRun.java:start(81)) - Thread[375cf2e4-ad97-40d4-80c3-6a50f82e6a65@group-FD0516444208-cacheEviction-AwaitToRun,5,main] started
2024-04-29 10:06:25,531 [375cf2e4-ad97-40d4-80c3-6a50f82e6a65-groupManagement] INFO  segmented.SegmentedRaftLogWorker (SegmentedRaftLogWorker.java:<init>(182)) - new 375cf2e4-ad97-40d4-80c3-6a50f82e6a65@group-FD0516444208-SegmentedRaftLogWorker for RaftStorageImpl:Storage Directory /home/runner/work/ozone/ozone/hadoop-ozone/integration-test/target/test-dir/MiniOzoneClusterImpl-2cdd5cd5-9c4c-463f-a193-9ffbc37dc237/ozone-meta/datanode-1/ratis/55d3d81b-35d3-4073-9585-fd0516444208
2024-04-29 10:06:25,531 [375cf2e4-ad97-40d4-80c3-6a50f82e6a65-groupManagement] INFO  server.RaftServerConfigKeys (ConfUtils.java:logGet(46)) - raft.server.log.queue.byte-limit = 4294967296 (custom)
2024-04-29 10:06:25,531 [375cf2e4-ad97-40d4-80c3-6a50f82e6a65-groupManagement] INFO  server.RaftServerConfigKeys (ConfUtils.java:logGet(46)) - raft.server.log.queue.element-limit = 1024 (custom)
2024-04-29 10:06:25,531 [375cf2e4-ad97-40d4-80c3-6a50f82e6a65-groupManagement] INFO  server.RaftServerConfigKeys (ConfUtils.java:logGet(46)) - raft.server.log.segment.size.max = 67108864 (custom)
2024-04-29 10:06:25,531 [375cf2e4-ad97-40d4-80c3-6a50f82e6a65-groupManagement] INFO  server.RaftServerConfigKeys (ConfUtils.java:logGet(46)) - raft.server.log.preallocated.size = 4194304 (custom)
2024-04-29 10:06:25,531 [375cf2e4-ad97-40d4-80c3-6a50f82e6a65-groupManagement] INFO  server.RaftServerConfigKeys (ConfUtils.java:logGet(46)) - raft.server.log.force.sync.num = 128 (default)
2024-04-29 10:06:25,531 [375cf2e4-ad97-40d4-80c3-6a50f82e6a65-groupManagement] INFO  server.RaftServerConfigKeys (ConfUtils.java:logGet(46)) - raft.server.log.statemachine.data.sync = true (default)
2024-04-29 10:06:25,531 [375cf2e4-ad97-40d4-80c3-6a50f82e6a65-groupManagement] INFO  server.RaftServerConfigKeys (ConfUtils.java:logGet(46)) - raft.server.log.statemachine.data.sync.timeout = 10s (default)
2024-04-29 10:06:25,531 [375cf2e4-ad97-40d4-80c3-6a50f82e6a65-groupManagement] INFO  server.RaftServerConfigKeys (ConfUtils.java:logGet(46)) - raft.server.log.statemachine.data.sync.timeout.retry = 30 (custom)
2024-04-29 10:06:25,532 [375cf2e4-ad97-40d4-80c3-6a50f82e6a65-groupManagement] INFO  server.RaftServerConfigKeys (ConfUtils.java:logGet(46)) - raft.server.log.write.buffer.size = 8388616 (custom)
2024-04-29 10:06:25,533 [375cf2e4-ad97-40d4-80c3-6a50f82e6a65-groupManagement] INFO  server.RaftServerConfigKeys (ConfUtils.java:logGet(46)) - raft.server.log.appender.buffer.byte-limit = 8388608 (custom)
2024-04-29 10:06:25,533 [375cf2e4-ad97-40d4-80c3-6a50f82e6a65-groupManagement] INFO  server.RaftServerConfigKeys (ConfUtils.java:logGet(46)) - raft.server.log.unsafe-flush.enabled = false (default)
2024-04-29 10:06:25,533 [375cf2e4-ad97-40d4-80c3-6a50f82e6a65-groupManagement] INFO  server.RaftServerConfigKeys (ConfUtils.java:logGet(46)) - raft.server.log.async-flush.enabled = false (default)
2024-04-29 10:06:25,533 [375cf2e4-ad97-40d4-80c3-6a50f82e6a65-groupManagement] INFO  server.RaftServerConfigKeys (ConfUtils.java:logGet(46)) - raft.server.log.statemachine.data.caching.enabled = true (custom)
2024-04-29 10:06:25,533 [375cf2e4-ad97-40d4-80c3-6a50f82e6a65-groupManagement] INFO  segmented.SegmentedRaftLogWorker (SegmentedRaftLogWorker.java:lambda$new$0(134)) - 375cf2e4-ad97-40d4-80c3-6a50f82e6a65@group-FD0516444208-SegmentedRaftLogWorker: flushIndex: setUnconditionally 0 -> -1
2024-04-29 10:06:25,534 [375cf2e4-ad97-40d4-80c3-6a50f82e6a65-groupManagement] INFO  segmented.SegmentedRaftLogWorker (SegmentedRaftLogWorker.java:lambda$new$0(134)) - 375cf2e4-ad97-40d4-80c3-6a50f82e6a65@group-FD0516444208-SegmentedRaftLogWorker: safeCacheEvictIndex: setUnconditionally 0 -> -1
2024-04-29 10:06:25,534 [375cf2e4-ad97-40d4-80c3-6a50f82e6a65-groupManagement] INFO  server.RaftServer$Division (RaftServerImpl.java:start(396)) - 375cf2e4-ad97-40d4-80c3-6a50f82e6a65@group-FD0516444208: start as a follower, conf=-1: peers:[375cf2e4-ad97-40d4-80c3-6a50f82e6a65|127.0.0.1:15370]|listeners:[], old=null
2024-04-29 10:06:25,534 [375cf2e4-ad97-40d4-80c3-6a50f82e6a65-groupManagement] INFO  server.RaftServer$Division (RaftServerImpl.java:setRole(383)) - 375cf2e4-ad97-40d4-80c3-6a50f82e6a65@group-FD0516444208: changes role from      null to FOLLOWER at term 0 for startAsFollower
2024-04-29 10:06:25,534 [375cf2e4-ad97-40d4-80c3-6a50f82e6a65-groupManagement] INFO  impl.RoleInfo (RoleInfo.java:updateAndGet(139)) - 375cf2e4-ad97-40d4-80c3-6a50f82e6a65: start 375cf2e4-ad97-40d4-80c3-6a50f82e6a65@group-FD0516444208-FollowerState
2024-04-29 10:06:25,534 [375cf2e4-ad97-40d4-80c3-6a50f82e6a65-groupManagement] INFO  util.JmxRegister (JmxRegister.java:tryRegister(44)) - Successfully registered JMX Bean with object name Ratis:service=RaftServer,group=group-FD0516444208,id=375cf2e4-ad97-40d4-80c3-6a50f82e6a65
2024-04-29 10:06:25,534 [375cf2e4-ad97-40d4-80c3-6a50f82e6a65-groupManagement] INFO  server.RaftServerConfigKeys (ConfUtils.java:logGet(46)) - raft.server.snapshot.trigger-when-stop.enabled = true (default)
2024-04-29 10:06:25,534 [375cf2e4-ad97-40d4-80c3-6a50f82e6a65-groupManagement] INFO  server.RaftServerConfigKeys (ConfUtils.java:logGet(46)) - raft.server.snapshot.auto.trigger.enabled = true (custom)
2024-04-29 10:06:25,534 [375cf2e4-ad97-40d4-80c3-6a50f82e6a65-groupManagement] INFO  server.RaftServerConfigKeys (ConfUtils.java:logGet(46)) - raft.server.snapshot.auto.trigger.threshold = 10000 (custom)
2024-04-29 10:06:25,534 [375cf2e4-ad97-40d4-80c3-6a50f82e6a65-groupManagement] INFO  server.RaftServerConfigKeys (ConfUtils.java:logGet(46)) - raft.server.snapshot.retention.file.num = 5 (custom)
2024-04-29 10:06:25,534 [375cf2e4-ad97-40d4-80c3-6a50f82e6a65-groupManagement] INFO  server.RaftServerConfigKeys (ConfUtils.java:logGet(46)) - raft.server.log.purge.upto.snapshot.index = false (default)
2024-04-29 10:06:25,534 [375cf2e4-ad97-40d4-80c3-6a50f82e6a65@group-FD0516444208-FollowerState] INFO  server.RaftServerConfigKeys (ConfUtils.java:logFallback(53)) - raft.server.rpc.first-election.timeout.min = 5s (fallback to raft.server.rpc.timeout.min)
2024-04-29 10:06:25,535 [375cf2e4-ad97-40d4-80c3-6a50f82e6a65@group-FD0516444208-FollowerState] INFO  server.RaftServerConfigKeys (ConfUtils.java:logFallback(53)) - raft.server.rpc.first-election.timeout.max = 5200ms (fallback to raft.server.rpc.timeout.max)
2024-04-29 10:06:25,535 [375cf2e4-ad97-40d4-80c3-6a50f82e6a65-PipelineCommandHandlerThread-0] INFO  ratis.XceiverServerRatis (XceiverServerRatis.java:addGroup(864)) - Created group PipelineID=55d3d81b-35d3-4073-9585-fd0516444208
2024-04-29 10:06:25,535 [375cf2e4-ad97-40d4-80c3-6a50f82e6a65-PipelineCommandHandlerThread-0] INFO  commandhandler.CreatePipelineCommandHandler (CreatePipelineCommandHandler.java:lambda$handle$2(124)) - Created Pipeline RATIS ONE PipelineID=55d3d81b-35d3-4073-9585-fd0516444208.
2024-04-29 10:06:25,535 [375cf2e4-ad97-40d4-80c3-6a50f82e6a65-PipelineCommandHandlerThread-0] INFO  server.RaftServer (RaftServerProxy.java:addNew(100)) - 375cf2e4-ad97-40d4-80c3-6a50f82e6a65: addNew group-3B3F94B40EC3:[a7d28670-f9d1-457c-83f3-4caf0bab89df|127.0.0.1:15388, 22afc6ef-83d9-42e2-a783-8bf224581d75|127.0.0.1:15379, 375cf2e4-ad97-40d4-80c3-6a50f82e6a65|127.0.0.1:15370] returns group-3B3F94B40EC3:java.util.concurrent.CompletableFuture@4f9efbe5[Not completed]
2024-04-29 10:06:25,536 [375cf2e4-ad97-40d4-80c3-6a50f82e6a65-groupManagement] INFO  server.RaftServer$Division (RaftServerImpl.java:<init>(256)) - 375cf2e4-ad97-40d4-80c3-6a50f82e6a65: new RaftServerImpl for group-3B3F94B40EC3:[a7d28670-f9d1-457c-83f3-4caf0bab89df|127.0.0.1:15388, 22afc6ef-83d9-42e2-a783-8bf224581d75|127.0.0.1:15379, 375cf2e4-ad97-40d4-80c3-6a50f82e6a65|127.0.0.1:15370] with ContainerStateMachine:uninitialized
2024-04-29 10:06:25,536 [375cf2e4-ad97-40d4-80c3-6a50f82e6a65-groupManagement] INFO  server.RaftServerConfigKeys (ConfUtils.java:logGet(46)) - raft.server.rpc.timeout.min = 5s (custom)
2024-04-29 10:06:25,536 [375cf2e4-ad97-40d4-80c3-6a50f82e6a65-groupManagement] INFO  server.RaftServerConfigKeys (ConfUtils.java:logGet(46)) - raft.server.rpc.timeout.max = 5200ms (custom)
2024-04-29 10:06:25,536 [375cf2e4-ad97-40d4-80c3-6a50f82e6a65-groupManagement] INFO  server.RaftServerConfigKeys (ConfUtils.java:logGet(46)) - raft.server.rpc.sleep.time = 25ms (default)
2024-04-29 10:06:25,536 [375cf2e4-ad97-40d4-80c3-6a50f82e6a65-groupManagement] INFO  server.RaftServerConfigKeys (ConfUtils.java:logGet(46)) - raft.server.rpc.slowness.timeout = 300000ms (custom)
2024-04-29 10:06:25,536 [375cf2e4-ad97-40d4-80c3-6a50f82e6a65-groupManagement] INFO  server.RaftServerConfigKeys (ConfUtils.java:logGet(46)) - raft.server.leaderelection.leader.step-down.wait-time = 10s (default)
2024-04-29 10:06:25,536 [375cf2e4-ad97-40d4-80c3-6a50f82e6a65-groupManagement] INFO  server.RaftServerConfigKeys (ConfUtils.java:logGet(46)) - raft.server.leaderelection.member.majority-add = false (default)
2024-04-29 10:06:25,536 [375cf2e4-ad97-40d4-80c3-6a50f82e6a65-groupManagement] INFO  server.RaftServerConfigKeys (ConfUtils.java:logGet(46)) - raft.server.sleep.deviation.threshold = 300ms (default)
2024-04-29 10:06:25,536 [375cf2e4-ad97-40d4-80c3-6a50f82e6a65-groupManagement] INFO  server.RaftServer$Division (ServerState.java:<init>(113)) - 375cf2e4-ad97-40d4-80c3-6a50f82e6a65@group-3B3F94B40EC3: ConfigurationManager, init=-1: peers:[a7d28670-f9d1-457c-83f3-4caf0bab89df|127.0.0.1:15388, 22afc6ef-83d9-42e2-a783-8bf224581d75|127.0.0.1:15379, 375cf2e4-ad97-40d4-80c3-6a50f82e6a65|127.0.0.1:15370]|listeners:[], old=null, confs=<EMPTY_MAP>
2024-04-29 10:06:25,536 [375cf2e4-ad97-40d4-80c3-6a50f82e6a65-groupManagement] INFO  server.RaftServerConfigKeys (ConfUtils.java:logGet(46)) - raft.server.notification.no-leader.timeout = 300000ms (custom)
2024-04-29 10:06:25,536 [375cf2e4-ad97-40d4-80c3-6a50f82e6a65-groupManagement] INFO  server.RaftServerConfigKeys (ConfUtils.java:logGet(46)) - raft.server.read.timeout = 10s (default)
2024-04-29 10:06:25,537 [375cf2e4-ad97-40d4-80c3-6a50f82e6a65-groupManagement] INFO  server.RaftServerConfigKeys (ConfUtils.java:logGet(46)) - raft.server.retrycache.expirytime = 600000ms (custom)
2024-04-29 10:06:25,537 [375cf2e4-ad97-40d4-80c3-6a50f82e6a65-groupManagement] INFO  server.RaftServerConfigKeys (ConfUtils.java:logGet(46)) - raft.server.retrycache.statistics.expirytime = 100ms (default)
2024-04-29 10:06:25,537 [375cf2e4-ad97-40d4-80c3-6a50f82e6a65-groupManagement] INFO  server.RaftServerConfigKeys (ConfUtils.java:logGet(46)) - raft.server.read.option = DEFAULT (default)
2024-04-29 10:06:25,537 [375cf2e4-ad97-40d4-80c3-6a50f82e6a65-groupManagement] INFO  server.RaftServerConfigKeys (ConfUtils.java:logGet(46)) - raft.server.read.read-after-write-consistent.write-index-cache.expiry-time = 60s (default)
2024-04-29 10:06:25,539 [375cf2e4-ad97-40d4-80c3-6a50f82e6a65-groupManagement] INFO  server.RaftServerConfigKeys (ConfUtils.java:logGet(46)) - raft.server.rpc.request.timeout = 3000ms (default)
2024-04-29 10:06:25,539 [375cf2e4-ad97-40d4-80c3-6a50f82e6a65-groupManagement] INFO  server.RaftServerConfigKeys (ConfUtils.java:logGet(46)) - raft.server.log.appender.install.snapshot.enabled = false (custom)
2024-04-29 10:06:25,539 [375cf2e4-ad97-40d4-80c3-6a50f82e6a65-groupManagement] INFO  server.RaftServerConfigKeys (ConfUtils.java:logGet(46)) - raft.server.threadpool.server.cached = true (default)
2024-04-29 10:06:25,539 [375cf2e4-ad97-40d4-80c3-6a50f82e6a65-groupManagement] INFO  server.RaftServerConfigKeys (ConfUtils.java:logGet(46)) - raft.server.threadpool.server.size = 0 (default)
2024-04-29 10:06:25,539 [375cf2e4-ad97-40d4-80c3-6a50f82e6a65-groupManagement] INFO  server.RaftServerConfigKeys (ConfUtils.java:logGet(46)) - raft.server.threadpool.client.cached = true (default)
2024-04-29 10:06:25,539 [375cf2e4-ad97-40d4-80c3-6a50f82e6a65-groupManagement] INFO  server.RaftServerConfigKeys (ConfUtils.java:logGet(46)) - raft.server.threadpool.client.size = 0 (default)
2024-04-29 10:06:25,539 [375cf2e4-ad97-40d4-80c3-6a50f82e6a65-groupManagement] INFO  server.RaftServerConfigKeys (ConfUtils.java:logGet(46)) - raft.server.storage.free-space.min = 0MB (=0) (default)
2024-04-29 10:06:25,539 [375cf2e4-ad97-40d4-80c3-6a50f82e6a65-groupManagement] INFO  server.RaftServerConfigKeys (ConfUtils.java:logGet(46)) - raft.server.log.corruption.policy = EXCEPTION (default)
2024-04-29 10:06:25,539 [375cf2e4-ad97-40d4-80c3-6a50f82e6a65-groupManagement] INFO  server.RaftServerConfigKeys (ConfUtils.java:logGet(46)) - raft.server.storage.dir = [/home/runner/work/ozone/ozone/hadoop-ozone/integration-test/target/test-dir/MiniOzoneClusterImpl-2cdd5cd5-9c4c-463f-a193-9ffbc37dc237/ozone-meta/datanode-1/ratis] (custom)
2024-04-29 10:06:25,540 [375cf2e4-ad97-40d4-80c3-6a50f82e6a65-groupManagement] INFO  storage.RaftStorageDirectory (RaftStorageDirectoryImpl.java:analyzeStorage(138)) - The storage directory /home/runner/work/ozone/ozone/hadoop-ozone/integration-test/target/test-dir/MiniOzoneClusterImpl-2cdd5cd5-9c4c-463f-a193-9ffbc37dc237/ozone-meta/datanode-1/ratis/232cd721-934f-49df-8d20-3b3f94b40ec3 does not exist. Creating ...
2024-04-29 10:06:25,540 [375cf2e4-ad97-40d4-80c3-6a50f82e6a65-groupManagement] INFO  storage.RaftStorageDirectory (RaftStorageDirectoryImpl.java:tryLock(228)) - Lock on /home/runner/work/ozone/ozone/hadoop-ozone/integration-test/target/test-dir/MiniOzoneClusterImpl-2cdd5cd5-9c4c-463f-a193-9ffbc37dc237/ozone-meta/datanode-1/ratis/232cd721-934f-49df-8d20-3b3f94b40ec3/in_use.lock acquired by nodename 20825@fv-az913-54
2024-04-29 10:06:25,541 [375cf2e4-ad97-40d4-80c3-6a50f82e6a65-groupManagement] INFO  storage.RaftStorage (RaftStorageImpl.java:format(99)) - Storage directory /home/runner/work/ozone/ozone/hadoop-ozone/integration-test/target/test-dir/MiniOzoneClusterImpl-2cdd5cd5-9c4c-463f-a193-9ffbc37dc237/ozone-meta/datanode-1/ratis/232cd721-934f-49df-8d20-3b3f94b40ec3 has been successfully formatted.
2024-04-29 10:06:25,542 [375cf2e4-ad97-40d4-80c3-6a50f82e6a65-groupManagement] WARN  util.FileUtils (LogUtils.java:supplyAndLog(63)) - Failed to Files.newInputStream /home/runner/work/ozone/ozone/hadoop-ozone/integration-test/target/test-dir/MiniOzoneClusterImpl-2cdd5cd5-9c4c-463f-a193-9ffbc37dc237/ozone-meta/datanode-1/ratis/232cd721-934f-49df-8d20-3b3f94b40ec3/current/raft-meta.conf with options []: java.nio.file.NoSuchFileException: /home/runner/work/ozone/ozone/hadoop-ozone/integration-test/target/test-dir/MiniOzoneClusterImpl-2cdd5cd5-9c4c-463f-a193-9ffbc37dc237/ozone-meta/datanode-1/ratis/232cd721-934f-49df-8d20-3b3f94b40ec3/current/raft-meta.conf
2024-04-29 10:06:25,542 [375cf2e4-ad97-40d4-80c3-6a50f82e6a65-groupManagement] INFO  ratis.ContainerStateMachine (ContainerStateMachine.java:loadSnapshot(287)) - group-3B3F94B40EC3: The snapshot info is null. Setting the last applied index to:(t:0, i:~)
2024-04-29 10:06:25,542 [375cf2e4-ad97-40d4-80c3-6a50f82e6a65-groupManagement] INFO  server.RaftServerConfigKeys (ConfUtils.java:logGet(46)) - raft.server.log.use.memory = false (default)
2024-04-29 10:06:25,542 [375cf2e4-ad97-40d4-80c3-6a50f82e6a65-groupManagement] INFO  server.RaftServerConfigKeys (ConfUtils.java:logGet(46)) - raft.server.log.purge.gap = 1000000 (custom)
2024-04-29 10:06:25,542 [375cf2e4-ad97-40d4-80c3-6a50f82e6a65-groupManagement] INFO  server.RaftServerConfigKeys (ConfUtils.java:logGet(46)) - raft.server.log.appender.buffer.byte-limit = 8388608 (custom)
2024-04-29 10:06:25,542 [375cf2e4-ad97-40d4-80c3-6a50f82e6a65-groupManagement] INFO  server.RaftServerConfigKeys (ConfUtils.java:logGet(46)) - raft.server.log.statemachine.data.read.timeout = 1000ms (default)
2024-04-29 10:06:25,542 [375cf2e4-ad97-40d4-80c3-6a50f82e6a65-groupManagement] INFO  server.RaftServerConfigKeys (ConfUtils.java:logGet(46)) - raft.server.log.purge.preservation.log.num = 0 (default)
2024-04-29 10:06:25,543 [EventQueue-OpenPipelineForHealthyPipelineSafeModeRule] INFO  safemode.SCMSafeModeManager (HealthyPipelineSafeModeRule.java:process(140)) - SCM in safe mode. Healthy pipelines reported count is 0, required healthy pipeline reported count is 1
2024-04-29 10:06:25,544 [375cf2e4-ad97-40d4-80c3-6a50f82e6a65-groupManagement] INFO  server.RaftServerConfigKeys (ConfUtils.java:logGet(46)) - raft.server.log.segment.size.max = 67108864 (custom)
2024-04-29 10:06:25,544 [375cf2e4-ad97-40d4-80c3-6a50f82e6a65-groupManagement] INFO  server.RaftServerConfigKeys (ConfUtils.java:logGet(46)) - raft.server.log.segment.cache.num.max = 2 (custom)
2024-04-29 10:06:25,544 [375cf2e4-ad97-40d4-80c3-6a50f82e6a65-groupManagement] INFO  server.RaftServerConfigKeys (ConfUtils.java:logGet(46)) - raft.server.log.segment.cache.size.max = 200MB (=209715200) (default)
2024-04-29 10:06:25,544 [375cf2e4-ad97-40d4-80c3-6a50f82e6a65-groupManagement] INFO  server.RaftServerConfigKeys (ConfUtils.java:logGet(46)) - raft.server.log.appender.buffer.byte-limit = 8388608 (custom)
2024-04-29 10:06:25,544 [375cf2e4-ad97-40d4-80c3-6a50f82e6a65-groupManagement] INFO  util.AwaitToRun (AwaitToRun.java:start(81)) - Thread[375cf2e4-ad97-40d4-80c3-6a50f82e6a65@group-3B3F94B40EC3-cacheEviction-AwaitToRun,5,main] started
2024-04-29 10:06:25,544 [375cf2e4-ad97-40d4-80c3-6a50f82e6a65-groupManagement] INFO  segmented.SegmentedRaftLogWorker (SegmentedRaftLogWorker.java:<init>(182)) - new 375cf2e4-ad97-40d4-80c3-6a50f82e6a65@group-3B3F94B40EC3-SegmentedRaftLogWorker for RaftStorageImpl:Storage Directory /home/runner/work/ozone/ozone/hadoop-ozone/integration-test/target/test-dir/MiniOzoneClusterImpl-2cdd5cd5-9c4c-463f-a193-9ffbc37dc237/ozone-meta/datanode-1/ratis/232cd721-934f-49df-8d20-3b3f94b40ec3
2024-04-29 10:06:25,544 [375cf2e4-ad97-40d4-80c3-6a50f82e6a65-groupManagement] INFO  server.RaftServerConfigKeys (ConfUtils.java:logGet(46)) - raft.server.log.queue.byte-limit = 4294967296 (custom)
2024-04-29 10:06:25,544 [375cf2e4-ad97-40d4-80c3-6a50f82e6a65-groupManagement] INFO  server.RaftServerConfigKeys (ConfUtils.java:logGet(46)) - raft.server.log.queue.element-limit = 1024 (custom)
2024-04-29 10:06:25,544 [375cf2e4-ad97-40d4-80c3-6a50f82e6a65-groupManagement] INFO  server.RaftServerConfigKeys (ConfUtils.java:logGet(46)) - raft.server.log.segment.size.max = 67108864 (custom)
2024-04-29 10:06:25,545 [375cf2e4-ad97-40d4-80c3-6a50f82e6a65-groupManagement] INFO  server.RaftServerConfigKeys (ConfUtils.java:logGet(46)) - raft.server.log.preallocated.size = 4194304 (custom)
2024-04-29 10:06:25,545 [375cf2e4-ad97-40d4-80c3-6a50f82e6a65-groupManagement] INFO  server.RaftServerConfigKeys (ConfUtils.java:logGet(46)) - raft.server.log.force.sync.num = 128 (default)
2024-04-29 10:06:25,545 [375cf2e4-ad97-40d4-80c3-6a50f82e6a65-groupManagement] INFO  server.RaftServerConfigKeys (ConfUtils.java:logGet(46)) - raft.server.log.statemachine.data.sync = true (default)
2024-04-29 10:06:25,545 [375cf2e4-ad97-40d4-80c3-6a50f82e6a65-groupManagement] INFO  server.RaftServerConfigKeys (ConfUtils.java:logGet(46)) - raft.server.log.statemachine.data.sync.timeout = 10s (default)
2024-04-29 10:06:25,545 [375cf2e4-ad97-40d4-80c3-6a50f82e6a65-groupManagement] INFO  server.RaftServerConfigKeys (ConfUtils.java:logGet(46)) - raft.server.log.statemachine.data.sync.timeout.retry = 30 (custom)
2024-04-29 10:06:25,545 [375cf2e4-ad97-40d4-80c3-6a50f82e6a65-groupManagement] INFO  server.RaftServerConfigKeys (ConfUtils.java:logGet(46)) - raft.server.log.write.buffer.size = 8388616 (custom)
2024-04-29 10:06:25,547 [375cf2e4-ad97-40d4-80c3-6a50f82e6a65-groupManagement] INFO  server.RaftServerConfigKeys (ConfUtils.java:logGet(46)) - raft.server.log.appender.buffer.byte-limit = 8388608 (custom)
2024-04-29 10:06:25,547 [375cf2e4-ad97-40d4-80c3-6a50f82e6a65-groupManagement] INFO  server.RaftServerConfigKeys (ConfUtils.java:logGet(46)) - raft.server.log.unsafe-flush.enabled = false (default)
2024-04-29 10:06:25,547 [375cf2e4-ad97-40d4-80c3-6a50f82e6a65-groupManagement] INFO  server.RaftServerConfigKeys (ConfUtils.java:logGet(46)) - raft.server.log.async-flush.enabled = false (default)
2024-04-29 10:06:25,547 [375cf2e4-ad97-40d4-80c3-6a50f82e6a65-groupManagement] INFO  server.RaftServerConfigKeys (ConfUtils.java:logGet(46)) - raft.server.log.statemachine.data.caching.enabled = true (custom)
2024-04-29 10:06:25,547 [375cf2e4-ad97-40d4-80c3-6a50f82e6a65-groupManagement] INFO  segmented.SegmentedRaftLogWorker (SegmentedRaftLogWorker.java:lambda$new$0(134)) - 375cf2e4-ad97-40d4-80c3-6a50f82e6a65@group-3B3F94B40EC3-SegmentedRaftLogWorker: flushIndex: setUnconditionally 0 -> -1
2024-04-29 10:06:25,547 [375cf2e4-ad97-40d4-80c3-6a50f82e6a65-groupManagement] INFO  segmented.SegmentedRaftLogWorker (SegmentedRaftLogWorker.java:lambda$new$0(134)) - 375cf2e4-ad97-40d4-80c3-6a50f82e6a65@group-3B3F94B40EC3-SegmentedRaftLogWorker: safeCacheEvictIndex: setUnconditionally 0 -> -1
2024-04-29 10:06:25,547 [375cf2e4-ad97-40d4-80c3-6a50f82e6a65-groupManagement] INFO  server.RaftServer$Division (RaftServerImpl.java:start(396)) - 375cf2e4-ad97-40d4-80c3-6a50f82e6a65@group-3B3F94B40EC3: start as a follower, conf=-1: peers:[a7d28670-f9d1-457c-83f3-4caf0bab89df|127.0.0.1:15388, 22afc6ef-83d9-42e2-a783-8bf224581d75|127.0.0.1:15379, 375cf2e4-ad97-40d4-80c3-6a50f82e6a65|127.0.0.1:15370]|listeners:[], old=null
2024-04-29 10:06:25,547 [375cf2e4-ad97-40d4-80c3-6a50f82e6a65-groupManagement] INFO  server.RaftServer$Division (RaftServerImpl.java:setRole(383)) - 375cf2e4-ad97-40d4-80c3-6a50f82e6a65@group-3B3F94B40EC3: changes role from      null to FOLLOWER at term 0 for startAsFollower
2024-04-29 10:06:25,547 [375cf2e4-ad97-40d4-80c3-6a50f82e6a65-groupManagement] INFO  impl.RoleInfo (RoleInfo.java:updateAndGet(139)) - 375cf2e4-ad97-40d4-80c3-6a50f82e6a65: start 375cf2e4-ad97-40d4-80c3-6a50f82e6a65@group-3B3F94B40EC3-FollowerState
2024-04-29 10:06:25,549 [375cf2e4-ad97-40d4-80c3-6a50f82e6a65-groupManagement] INFO  util.JmxRegister (JmxRegister.java:tryRegister(44)) - Successfully registered JMX Bean with object name Ratis:service=RaftServer,group=group-3B3F94B40EC3,id=375cf2e4-ad97-40d4-80c3-6a50f82e6a65
2024-04-29 10:06:25,549 [375cf2e4-ad97-40d4-80c3-6a50f82e6a65@group-3B3F94B40EC3-FollowerState] INFO  server.RaftServerConfigKeys (ConfUtils.java:logFallback(53)) - raft.server.rpc.first-election.timeout.min = 5s (fallback to raft.server.rpc.timeout.min)
2024-04-29 10:06:25,549 [375cf2e4-ad97-40d4-80c3-6a50f82e6a65@group-3B3F94B40EC3-FollowerState] INFO  server.RaftServerConfigKeys (ConfUtils.java:logFallback(53)) - raft.server.rpc.first-election.timeout.max = 5200ms (fallback to raft.server.rpc.timeout.max)
2024-04-29 10:06:25,549 [375cf2e4-ad97-40d4-80c3-6a50f82e6a65-groupManagement] INFO  server.RaftServerConfigKeys (ConfUtils.java:logGet(46)) - raft.server.snapshot.trigger-when-stop.enabled = true (default)
2024-04-29 10:06:25,550 [375cf2e4-ad97-40d4-80c3-6a50f82e6a65-groupManagement] INFO  server.RaftServerConfigKeys (ConfUtils.java:logGet(46)) - raft.server.snapshot.auto.trigger.enabled = true (custom)
2024-04-29 10:06:25,550 [375cf2e4-ad97-40d4-80c3-6a50f82e6a65-groupManagement] INFO  server.RaftServerConfigKeys (ConfUtils.java:logGet(46)) - raft.server.snapshot.auto.trigger.threshold = 10000 (custom)
2024-04-29 10:06:25,550 [375cf2e4-ad97-40d4-80c3-6a50f82e6a65-groupManagement] INFO  server.RaftServerConfigKeys (ConfUtils.java:logGet(46)) - raft.server.snapshot.retention.file.num = 5 (custom)
2024-04-29 10:06:25,550 [375cf2e4-ad97-40d4-80c3-6a50f82e6a65-groupManagement] INFO  server.RaftServerConfigKeys (ConfUtils.java:logGet(46)) - raft.server.log.purge.upto.snapshot.index = false (default)
2024-04-29 10:06:25,551 [375cf2e4-ad97-40d4-80c3-6a50f82e6a65-PipelineCommandHandlerThread-0] INFO  ratis.XceiverServerRatis (XceiverServerRatis.java:addGroup(864)) - Created group PipelineID=232cd721-934f-49df-8d20-3b3f94b40ec3
2024-04-29 10:06:25,556 [grpc-default-executor-2] INFO  server.RaftServer (RaftServerProxy.java:addNew(100)) - a7d28670-f9d1-457c-83f3-4caf0bab89df: addNew group-3B3F94B40EC3:[a7d28670-f9d1-457c-83f3-4caf0bab89df|127.0.0.1:15388, 22afc6ef-83d9-42e2-a783-8bf224581d75|127.0.0.1:15379, 375cf2e4-ad97-40d4-80c3-6a50f82e6a65|127.0.0.1:15370] returns group-3B3F94B40EC3:java.util.concurrent.CompletableFuture@132a29ef[Not completed]
2024-04-29 10:06:25,557 [a7d28670-f9d1-457c-83f3-4caf0bab89df-groupManagement] INFO  server.RaftServer$Division (RaftServerImpl.java:<init>(256)) - a7d28670-f9d1-457c-83f3-4caf0bab89df: new RaftServerImpl for group-3B3F94B40EC3:[a7d28670-f9d1-457c-83f3-4caf0bab89df|127.0.0.1:15388, 22afc6ef-83d9-42e2-a783-8bf224581d75|127.0.0.1:15379, 375cf2e4-ad97-40d4-80c3-6a50f82e6a65|127.0.0.1:15370] with ContainerStateMachine:uninitialized
2024-04-29 10:06:25,557 [a7d28670-f9d1-457c-83f3-4caf0bab89df-groupManagement] INFO  server.RaftServerConfigKeys (ConfUtils.java:logGet(46)) - raft.server.rpc.timeout.min = 5s (custom)
2024-04-29 10:06:25,557 [a7d28670-f9d1-457c-83f3-4caf0bab89df-groupManagement] INFO  server.RaftServerConfigKeys (ConfUtils.java:logGet(46)) - raft.server.rpc.timeout.max = 5200ms (custom)
2024-04-29 10:06:25,557 [a7d28670-f9d1-457c-83f3-4caf0bab89df-groupManagement] INFO  server.RaftServerConfigKeys (ConfUtils.java:logGet(46)) - raft.server.rpc.sleep.time = 25ms (default)
2024-04-29 10:06:25,557 [a7d28670-f9d1-457c-83f3-4caf0bab89df-groupManagement] INFO  server.RaftServerConfigKeys (ConfUtils.java:logGet(46)) - raft.server.rpc.slowness.timeout = 300000ms (custom)
2024-04-29 10:06:25,557 [a7d28670-f9d1-457c-83f3-4caf0bab89df-groupManagement] INFO  server.RaftServerConfigKeys (ConfUtils.java:logGet(46)) - raft.server.leaderelection.leader.step-down.wait-time = 10s (default)
2024-04-29 10:06:25,557 [a7d28670-f9d1-457c-83f3-4caf0bab89df-groupManagement] INFO  server.RaftServerConfigKeys (ConfUtils.java:logGet(46)) - raft.server.leaderelection.member.majority-add = false (default)
2024-04-29 10:06:25,557 [a7d28670-f9d1-457c-83f3-4caf0bab89df-groupManagement] INFO  server.RaftServerConfigKeys (ConfUtils.java:logGet(46)) - raft.server.sleep.deviation.threshold = 300ms (default)
2024-04-29 10:06:25,557 [a7d28670-f9d1-457c-83f3-4caf0bab89df-groupManagement] INFO  server.RaftServer$Division (ServerState.java:<init>(113)) - a7d28670-f9d1-457c-83f3-4caf0bab89df@group-3B3F94B40EC3: ConfigurationManager, init=-1: peers:[a7d28670-f9d1-457c-83f3-4caf0bab89df|127.0.0.1:15388, 22afc6ef-83d9-42e2-a783-8bf224581d75|127.0.0.1:15379, 375cf2e4-ad97-40d4-80c3-6a50f82e6a65|127.0.0.1:15370]|listeners:[], old=null, confs=<EMPTY_MAP>
2024-04-29 10:06:25,557 [a7d28670-f9d1-457c-83f3-4caf0bab89df-groupManagement] INFO  server.RaftServerConfigKeys (ConfUtils.java:logGet(46)) - raft.server.notification.no-leader.timeout = 300000ms (custom)
2024-04-29 10:06:25,557 [a7d28670-f9d1-457c-83f3-4caf0bab89df-groupManagement] INFO  server.RaftServerConfigKeys (ConfUtils.java:logGet(46)) - raft.server.read.timeout = 10s (default)
2024-04-29 10:06:25,557 [a7d28670-f9d1-457c-83f3-4caf0bab89df-groupManagement] INFO  server.RaftServerConfigKeys (ConfUtils.java:logGet(46)) - raft.server.retrycache.expirytime = 600000ms (custom)
2024-04-29 10:06:25,557 [a7d28670-f9d1-457c-83f3-4caf0bab89df-groupManagement] INFO  server.RaftServerConfigKeys (ConfUtils.java:logGet(46)) - raft.server.retrycache.statistics.expirytime = 100ms (default)
2024-04-29 10:06:25,557 [a7d28670-f9d1-457c-83f3-4caf0bab89df-groupManagement] INFO  server.RaftServerConfigKeys (ConfUtils.java:logGet(46)) - raft.server.read.option = DEFAULT (default)
2024-04-29 10:06:25,558 [a7d28670-f9d1-457c-83f3-4caf0bab89df-groupManagement] INFO  server.RaftServerConfigKeys (ConfUtils.java:logGet(46)) - raft.server.read.read-after-write-consistent.write-index-cache.expiry-time = 60s (default)
2024-04-29 10:06:25,559 [a7d28670-f9d1-457c-83f3-4caf0bab89df-groupManagement] INFO  server.RaftServerConfigKeys (ConfUtils.java:logGet(46)) - raft.server.rpc.request.timeout = 3000ms (default)
2024-04-29 10:06:25,559 [a7d28670-f9d1-457c-83f3-4caf0bab89df-groupManagement] INFO  server.RaftServerConfigKeys (ConfUtils.java:logGet(46)) - raft.server.log.appender.install.snapshot.enabled = false (custom)
2024-04-29 10:06:25,559 [a7d28670-f9d1-457c-83f3-4caf0bab89df-groupManagement] INFO  server.RaftServerConfigKeys (ConfUtils.java:logGet(46)) - raft.server.threadpool.server.cached = true (default)
2024-04-29 10:06:25,559 [a7d28670-f9d1-457c-83f3-4caf0bab89df-groupManagement] INFO  server.RaftServerConfigKeys (ConfUtils.java:logGet(46)) - raft.server.threadpool.server.size = 0 (default)
2024-04-29 10:06:25,559 [a7d28670-f9d1-457c-83f3-4caf0bab89df-groupManagement] INFO  server.RaftServerConfigKeys (ConfUtils.java:logGet(46)) - raft.server.threadpool.client.cached = true (default)
2024-04-29 10:06:25,559 [a7d28670-f9d1-457c-83f3-4caf0bab89df-groupManagement] INFO  server.RaftServerConfigKeys (ConfUtils.java:logGet(46)) - raft.server.threadpool.client.size = 0 (default)
2024-04-29 10:06:25,559 [a7d28670-f9d1-457c-83f3-4caf0bab89df-groupManagement] INFO  server.RaftServerConfigKeys (ConfUtils.java:logGet(46)) - raft.server.storage.free-space.min = 0MB (=0) (default)
2024-04-29 10:06:25,559 [a7d28670-f9d1-457c-83f3-4caf0bab89df-groupManagement] INFO  server.RaftServerConfigKeys (ConfUtils.java:logGet(46)) - raft.server.log.corruption.policy = EXCEPTION (default)
2024-04-29 10:06:25,559 [a7d28670-f9d1-457c-83f3-4caf0bab89df-groupManagement] INFO  server.RaftServerConfigKeys (ConfUtils.java:logGet(46)) - raft.server.storage.dir = [/home/runner/work/ozone/ozone/hadoop-ozone/integration-test/target/test-dir/MiniOzoneClusterImpl-2cdd5cd5-9c4c-463f-a193-9ffbc37dc237/ozone-meta/datanode-3/ratis] (custom)
2024-04-29 10:06:25,560 [a7d28670-f9d1-457c-83f3-4caf0bab89df-groupManagement] INFO  storage.RaftStorageDirectory (RaftStorageDirectoryImpl.java:analyzeStorage(138)) - The storage directory /home/runner/work/ozone/ozone/hadoop-ozone/integration-test/target/test-dir/MiniOzoneClusterImpl-2cdd5cd5-9c4c-463f-a193-9ffbc37dc237/ozone-meta/datanode-3/ratis/232cd721-934f-49df-8d20-3b3f94b40ec3 does not exist. Creating ...
2024-04-29 10:06:25,560 [a7d28670-f9d1-457c-83f3-4caf0bab89df-groupManagement] INFO  storage.RaftStorageDirectory (RaftStorageDirectoryImpl.java:tryLock(228)) - Lock on /home/runner/work/ozone/ozone/hadoop-ozone/integration-test/target/test-dir/MiniOzoneClusterImpl-2cdd5cd5-9c4c-463f-a193-9ffbc37dc237/ozone-meta/datanode-3/ratis/232cd721-934f-49df-8d20-3b3f94b40ec3/in_use.lock acquired by nodename 20825@fv-az913-54
2024-04-29 10:06:25,561 [a7d28670-f9d1-457c-83f3-4caf0bab89df-groupManagement] INFO  storage.RaftStorage (RaftStorageImpl.java:format(99)) - Storage directory /home/runner/work/ozone/ozone/hadoop-ozone/integration-test/target/test-dir/MiniOzoneClusterImpl-2cdd5cd5-9c4c-463f-a193-9ffbc37dc237/ozone-meta/datanode-3/ratis/232cd721-934f-49df-8d20-3b3f94b40ec3 has been successfully formatted.
2024-04-29 10:06:25,562 [a7d28670-f9d1-457c-83f3-4caf0bab89df-groupManagement] WARN  util.FileUtils (LogUtils.java:supplyAndLog(63)) - Failed to Files.newInputStream /home/runner/work/ozone/ozone/hadoop-ozone/integration-test/target/test-dir/MiniOzoneClusterImpl-2cdd5cd5-9c4c-463f-a193-9ffbc37dc237/ozone-meta/datanode-3/ratis/232cd721-934f-49df-8d20-3b3f94b40ec3/current/raft-meta.conf with options []: java.nio.file.NoSuchFileException: /home/runner/work/ozone/ozone/hadoop-ozone/integration-test/target/test-dir/MiniOzoneClusterImpl-2cdd5cd5-9c4c-463f-a193-9ffbc37dc237/ozone-meta/datanode-3/ratis/232cd721-934f-49df-8d20-3b3f94b40ec3/current/raft-meta.conf
2024-04-29 10:06:25,562 [a7d28670-f9d1-457c-83f3-4caf0bab89df-groupManagement] INFO  ratis.ContainerStateMachine (ContainerStateMachine.java:loadSnapshot(287)) - group-3B3F94B40EC3: The snapshot info is null. Setting the last applied index to:(t:0, i:~)
2024-04-29 10:06:25,562 [a7d28670-f9d1-457c-83f3-4caf0bab89df-groupManagement] INFO  server.RaftServerConfigKeys (ConfUtils.java:logGet(46)) - raft.server.log.use.memory = false (default)
2024-04-29 10:06:25,562 [a7d28670-f9d1-457c-83f3-4caf0bab89df-groupManagement] INFO  server.RaftServerConfigKeys (ConfUtils.java:logGet(46)) - raft.server.log.purge.gap = 1000000 (custom)
2024-04-29 10:06:25,562 [a7d28670-f9d1-457c-83f3-4caf0bab89df-groupManagement] INFO  server.RaftServerConfigKeys (ConfUtils.java:logGet(46)) - raft.server.log.appender.buffer.byte-limit = 8388608 (custom)
2024-04-29 10:06:25,562 [a7d28670-f9d1-457c-83f3-4caf0bab89df-groupManagement] INFO  server.RaftServerConfigKeys (ConfUtils.java:logGet(46)) - raft.server.log.statemachine.data.read.timeout = 1000ms (default)
2024-04-29 10:06:25,562 [a7d28670-f9d1-457c-83f3-4caf0bab89df-groupManagement] INFO  server.RaftServerConfigKeys (ConfUtils.java:logGet(46)) - raft.server.log.purge.preservation.log.num = 0 (default)
2024-04-29 10:06:25,564 [a7d28670-f9d1-457c-83f3-4caf0bab89df-groupManagement] INFO  server.RaftServerConfigKeys (ConfUtils.java:logGet(46)) - raft.server.log.segment.size.max = 67108864 (custom)
2024-04-29 10:06:25,564 [a7d28670-f9d1-457c-83f3-4caf0bab89df-groupManagement] INFO  server.RaftServerConfigKeys (ConfUtils.java:logGet(46)) - raft.server.log.segment.cache.num.max = 2 (custom)
2024-04-29 10:06:25,564 [a7d28670-f9d1-457c-83f3-4caf0bab89df-groupManagement] INFO  server.RaftServerConfigKeys (ConfUtils.java:logGet(46)) - raft.server.log.segment.cache.size.max = 200MB (=209715200) (default)
2024-04-29 10:06:25,564 [a7d28670-f9d1-457c-83f3-4caf0bab89df-groupManagement] INFO  server.RaftServerConfigKeys (ConfUtils.java:logGet(46)) - raft.server.log.appender.buffer.byte-limit = 8388608 (custom)
2024-04-29 10:06:25,564 [a7d28670-f9d1-457c-83f3-4caf0bab89df-groupManagement] INFO  util.AwaitToRun (AwaitToRun.java:start(81)) - Thread[a7d28670-f9d1-457c-83f3-4caf0bab89df@group-3B3F94B40EC3-cacheEviction-AwaitToRun,5,main] started
2024-04-29 10:06:25,564 [a7d28670-f9d1-457c-83f3-4caf0bab89df-groupManagement] INFO  segmented.SegmentedRaftLogWorker (SegmentedRaftLogWorker.java:<init>(182)) - new a7d28670-f9d1-457c-83f3-4caf0bab89df@group-3B3F94B40EC3-SegmentedRaftLogWorker for RaftStorageImpl:Storage Directory /home/runner/work/ozone/ozone/hadoop-ozone/integration-test/target/test-dir/MiniOzoneClusterImpl-2cdd5cd5-9c4c-463f-a193-9ffbc37dc237/ozone-meta/datanode-3/ratis/232cd721-934f-49df-8d20-3b3f94b40ec3
2024-04-29 10:06:25,564 [a7d28670-f9d1-457c-83f3-4caf0bab89df-groupManagement] INFO  server.RaftServerConfigKeys (ConfUtils.java:logGet(46)) - raft.server.log.queue.byte-limit = 4294967296 (custom)
2024-04-29 10:06:25,564 [a7d28670-f9d1-457c-83f3-4caf0bab89df-groupManagement] INFO  server.RaftServerConfigKeys (ConfUtils.java:logGet(46)) - raft.server.log.queue.element-limit = 1024 (custom)
2024-04-29 10:06:25,564 [a7d28670-f9d1-457c-83f3-4caf0bab89df-groupManagement] INFO  server.RaftServerConfigKeys (ConfUtils.java:logGet(46)) - raft.server.log.segment.size.max = 67108864 (custom)
2024-04-29 10:06:25,564 [a7d28670-f9d1-457c-83f3-4caf0bab89df-groupManagement] INFO  server.RaftServerConfigKeys (ConfUtils.java:logGet(46)) - raft.server.log.preallocated.size = 4194304 (custom)
2024-04-29 10:06:25,564 [a7d28670-f9d1-457c-83f3-4caf0bab89df-groupManagement] INFO  server.RaftServerConfigKeys (ConfUtils.java:logGet(46)) - raft.server.log.force.sync.num = 128 (default)
2024-04-29 10:06:25,565 [a7d28670-f9d1-457c-83f3-4caf0bab89df-groupManagement] INFO  server.RaftServerConfigKeys (ConfUtils.java:logGet(46)) - raft.server.log.statemachine.data.sync = true (default)
2024-04-29 10:06:25,565 [a7d28670-f9d1-457c-83f3-4caf0bab89df-groupManagement] INFO  server.RaftServerConfigKeys (ConfUtils.java:logGet(46)) - raft.server.log.statemachine.data.sync.timeout = 10s (default)
2024-04-29 10:06:25,565 [a7d28670-f9d1-457c-83f3-4caf0bab89df-groupManagement] INFO  server.RaftServerConfigKeys (ConfUtils.java:logGet(46)) - raft.server.log.statemachine.data.sync.timeout.retry = 30 (custom)
2024-04-29 10:06:25,565 [a7d28670-f9d1-457c-83f3-4caf0bab89df-groupManagement] INFO  server.RaftServerConfigKeys (ConfUtils.java:logGet(46)) - raft.server.log.write.buffer.size = 8388616 (custom)
2024-04-29 10:06:25,566 [a7d28670-f9d1-457c-83f3-4caf0bab89df-groupManagement] INFO  server.RaftServerConfigKeys (ConfUtils.java:logGet(46)) - raft.server.log.appender.buffer.byte-limit = 8388608 (custom)
2024-04-29 10:06:25,567 [a7d28670-f9d1-457c-83f3-4caf0bab89df-groupManagement] INFO  server.RaftServerConfigKeys (ConfUtils.java:logGet(46)) - raft.server.log.unsafe-flush.enabled = false (default)
2024-04-29 10:06:25,567 [a7d28670-f9d1-457c-83f3-4caf0bab89df-groupManagement] INFO  server.RaftServerConfigKeys (ConfUtils.java:logGet(46)) - raft.server.log.async-flush.enabled = false (default)
2024-04-29 10:06:25,567 [a7d28670-f9d1-457c-83f3-4caf0bab89df-groupManagement] INFO  server.RaftServerConfigKeys (ConfUtils.java:logGet(46)) - raft.server.log.statemachine.data.caching.enabled = true (custom)
2024-04-29 10:06:25,567 [a7d28670-f9d1-457c-83f3-4caf0bab89df-groupManagement] INFO  segmented.SegmentedRaftLogWorker (SegmentedRaftLogWorker.java:lambda$new$0(134)) - a7d28670-f9d1-457c-83f3-4caf0bab89df@group-3B3F94B40EC3-SegmentedRaftLogWorker: flushIndex: setUnconditionally 0 -> -1
2024-04-29 10:06:25,567 [a7d28670-f9d1-457c-83f3-4caf0bab89df-groupManagement] INFO  segmented.SegmentedRaftLogWorker (SegmentedRaftLogWorker.java:lambda$new$0(134)) - a7d28670-f9d1-457c-83f3-4caf0bab89df@group-3B3F94B40EC3-SegmentedRaftLogWorker: safeCacheEvictIndex: setUnconditionally 0 -> -1
2024-04-29 10:06:25,567 [a7d28670-f9d1-457c-83f3-4caf0bab89df-groupManagement] INFO  server.RaftServer$Division (RaftServerImpl.java:start(396)) - a7d28670-f9d1-457c-83f3-4caf0bab89df@group-3B3F94B40EC3: start as a follower, conf=-1: peers:[a7d28670-f9d1-457c-83f3-4caf0bab89df|127.0.0.1:15388, 22afc6ef-83d9-42e2-a783-8bf224581d75|127.0.0.1:15379, 375cf2e4-ad97-40d4-80c3-6a50f82e6a65|127.0.0.1:15370]|listeners:[], old=null
2024-04-29 10:06:25,567 [a7d28670-f9d1-457c-83f3-4caf0bab89df-groupManagement] INFO  server.RaftServer$Division (RaftServerImpl.java:setRole(383)) - a7d28670-f9d1-457c-83f3-4caf0bab89df@group-3B3F94B40EC3: changes role from      null to FOLLOWER at term 0 for startAsFollower
2024-04-29 10:06:25,567 [a7d28670-f9d1-457c-83f3-4caf0bab89df-groupManagement] INFO  impl.RoleInfo (RoleInfo.java:updateAndGet(139)) - a7d28670-f9d1-457c-83f3-4caf0bab89df: start a7d28670-f9d1-457c-83f3-4caf0bab89df@group-3B3F94B40EC3-FollowerState
2024-04-29 10:06:25,567 [a7d28670-f9d1-457c-83f3-4caf0bab89df@group-3B3F94B40EC3-FollowerState] INFO  server.RaftServerConfigKeys (ConfUtils.java:logFallback(53)) - raft.server.rpc.first-election.timeout.min = 5s (fallback to raft.server.rpc.timeout.min)
2024-04-29 10:06:25,567 [a7d28670-f9d1-457c-83f3-4caf0bab89df@group-3B3F94B40EC3-FollowerState] INFO  server.RaftServerConfigKeys (ConfUtils.java:logFallback(53)) - raft.server.rpc.first-election.timeout.max = 5200ms (fallback to raft.server.rpc.timeout.max)
2024-04-29 10:06:25,567 [a7d28670-f9d1-457c-83f3-4caf0bab89df-groupManagement] INFO  util.JmxRegister (JmxRegister.java:tryRegister(44)) - Successfully registered JMX Bean with object name Ratis:service=RaftServer,group=group-3B3F94B40EC3,id=a7d28670-f9d1-457c-83f3-4caf0bab89df
2024-04-29 10:06:25,567 [a7d28670-f9d1-457c-83f3-4caf0bab89df-groupManagement] INFO  server.RaftServerConfigKeys (ConfUtils.java:logGet(46)) - raft.server.snapshot.trigger-when-stop.enabled = true (default)
2024-04-29 10:06:25,567 [a7d28670-f9d1-457c-83f3-4caf0bab89df-groupManagement] INFO  server.RaftServerConfigKeys (ConfUtils.java:logGet(46)) - raft.server.snapshot.auto.trigger.enabled = true (custom)
2024-04-29 10:06:25,567 [a7d28670-f9d1-457c-83f3-4caf0bab89df-groupManagement] INFO  server.RaftServerConfigKeys (ConfUtils.java:logGet(46)) - raft.server.snapshot.auto.trigger.threshold = 10000 (custom)
2024-04-29 10:06:25,568 [a7d28670-f9d1-457c-83f3-4caf0bab89df-groupManagement] INFO  server.RaftServerConfigKeys (ConfUtils.java:logGet(46)) - raft.server.snapshot.retention.file.num = 5 (custom)
2024-04-29 10:06:25,568 [a7d28670-f9d1-457c-83f3-4caf0bab89df-groupManagement] INFO  server.RaftServerConfigKeys (ConfUtils.java:logGet(46)) - raft.server.log.purge.upto.snapshot.index = false (default)
2024-04-29 10:06:25,574 [grpc-default-executor-2] INFO  server.RaftServer (RaftServerProxy.java:addNew(100)) - 22afc6ef-83d9-42e2-a783-8bf224581d75: addNew group-3B3F94B40EC3:[a7d28670-f9d1-457c-83f3-4caf0bab89df|127.0.0.1:15388, 22afc6ef-83d9-42e2-a783-8bf224581d75|127.0.0.1:15379, 375cf2e4-ad97-40d4-80c3-6a50f82e6a65|127.0.0.1:15370] returns group-3B3F94B40EC3:java.util.concurrent.CompletableFuture@61faec09[Not completed]
2024-04-29 10:06:25,575 [22afc6ef-83d9-42e2-a783-8bf224581d75-groupManagement] INFO  server.RaftServer$Division (RaftServerImpl.java:<init>(256)) - 22afc6ef-83d9-42e2-a783-8bf224581d75: new RaftServerImpl for group-3B3F94B40EC3:[a7d28670-f9d1-457c-83f3-4caf0bab89df|127.0.0.1:15388, 22afc6ef-83d9-42e2-a783-8bf224581d75|127.0.0.1:15379, 375cf2e4-ad97-40d4-80c3-6a50f82e6a65|127.0.0.1:15370] with ContainerStateMachine:uninitialized
2024-04-29 10:06:25,575 [22afc6ef-83d9-42e2-a783-8bf224581d75-groupManagement] INFO  server.RaftServerConfigKeys (ConfUtils.java:logGet(46)) - raft.server.rpc.timeout.min = 5s (custom)
2024-04-29 10:06:25,575 [22afc6ef-83d9-42e2-a783-8bf224581d75-groupManagement] INFO  server.RaftServerConfigKeys (ConfUtils.java:logGet(46)) - raft.server.rpc.timeout.max = 5200ms (custom)
2024-04-29 10:06:25,575 [22afc6ef-83d9-42e2-a783-8bf224581d75-groupManagement] INFO  server.RaftServerConfigKeys (ConfUtils.java:logGet(46)) - raft.server.rpc.sleep.time = 25ms (default)
2024-04-29 10:06:25,575 [22afc6ef-83d9-42e2-a783-8bf224581d75-groupManagement] INFO  server.RaftServerConfigKeys (ConfUtils.java:logGet(46)) - raft.server.rpc.slowness.timeout = 300000ms (custom)
2024-04-29 10:06:25,575 [22afc6ef-83d9-42e2-a783-8bf224581d75-groupManagement] INFO  server.RaftServerConfigKeys (ConfUtils.java:logGet(46)) - raft.server.leaderelection.leader.step-down.wait-time = 10s (default)
2024-04-29 10:06:25,575 [22afc6ef-83d9-42e2-a783-8bf224581d75-groupManagement] INFO  server.RaftServerConfigKeys (ConfUtils.java:logGet(46)) - raft.server.leaderelection.member.majority-add = false (default)
2024-04-29 10:06:25,575 [22afc6ef-83d9-42e2-a783-8bf224581d75-groupManagement] INFO  server.RaftServerConfigKeys (ConfUtils.java:logGet(46)) - raft.server.sleep.deviation.threshold = 300ms (default)
2024-04-29 10:06:25,575 [22afc6ef-83d9-42e2-a783-8bf224581d75-groupManagement] INFO  server.RaftServer$Division (ServerState.java:<init>(113)) - 22afc6ef-83d9-42e2-a783-8bf224581d75@group-3B3F94B40EC3: ConfigurationManager, init=-1: peers:[a7d28670-f9d1-457c-83f3-4caf0bab89df|127.0.0.1:15388, 22afc6ef-83d9-42e2-a783-8bf224581d75|127.0.0.1:15379, 375cf2e4-ad97-40d4-80c3-6a50f82e6a65|127.0.0.1:15370]|listeners:[], old=null, confs=<EMPTY_MAP>
2024-04-29 10:06:25,575 [22afc6ef-83d9-42e2-a783-8bf224581d75-groupManagement] INFO  server.RaftServerConfigKeys (ConfUtils.java:logGet(46)) - raft.server.notification.no-leader.timeout = 300000ms (custom)
2024-04-29 10:06:25,575 [22afc6ef-83d9-42e2-a783-8bf224581d75-groupManagement] INFO  server.RaftServerConfigKeys (ConfUtils.java:logGet(46)) - raft.server.read.timeout = 10s (default)
2024-04-29 10:06:25,576 [22afc6ef-83d9-42e2-a783-8bf224581d75-groupManagement] INFO  server.RaftServerConfigKeys (ConfUtils.java:logGet(46)) - raft.server.retrycache.expirytime = 600000ms (custom)
2024-04-29 10:06:25,576 [22afc6ef-83d9-42e2-a783-8bf224581d75-groupManagement] INFO  server.RaftServerConfigKeys (ConfUtils.java:logGet(46)) - raft.server.retrycache.statistics.expirytime = 100ms (default)
2024-04-29 10:06:25,576 [22afc6ef-83d9-42e2-a783-8bf224581d75-groupManagement] INFO  server.RaftServerConfigKeys (ConfUtils.java:logGet(46)) - raft.server.read.option = DEFAULT (default)
2024-04-29 10:06:25,576 [22afc6ef-83d9-42e2-a783-8bf224581d75-groupManagement] INFO  server.RaftServerConfigKeys (ConfUtils.java:logGet(46)) - raft.server.read.read-after-write-consistent.write-index-cache.expiry-time = 60s (default)
2024-04-29 10:06:25,577 [22afc6ef-83d9-42e2-a783-8bf224581d75-groupManagement] INFO  server.RaftServerConfigKeys (ConfUtils.java:logGet(46)) - raft.server.rpc.request.timeout = 3000ms (default)
2024-04-29 10:06:25,577 [22afc6ef-83d9-42e2-a783-8bf224581d75-groupManagement] INFO  server.RaftServerConfigKeys (ConfUtils.java:logGet(46)) - raft.server.log.appender.install.snapshot.enabled = false (custom)
2024-04-29 10:06:25,577 [22afc6ef-83d9-42e2-a783-8bf224581d75-groupManagement] INFO  server.RaftServerConfigKeys (ConfUtils.java:logGet(46)) - raft.server.threadpool.server.cached = true (default)
2024-04-29 10:06:25,577 [22afc6ef-83d9-42e2-a783-8bf224581d75-groupManagement] INFO  server.RaftServerConfigKeys (ConfUtils.java:logGet(46)) - raft.server.threadpool.server.size = 0 (default)
2024-04-29 10:06:25,577 [22afc6ef-83d9-42e2-a783-8bf224581d75-groupManagement] INFO  server.RaftServerConfigKeys (ConfUtils.java:logGet(46)) - raft.server.threadpool.client.cached = true (default)
2024-04-29 10:06:25,577 [22afc6ef-83d9-42e2-a783-8bf224581d75-groupManagement] INFO  server.RaftServerConfigKeys (ConfUtils.java:logGet(46)) - raft.server.threadpool.client.size = 0 (default)
2024-04-29 10:06:25,577 [22afc6ef-83d9-42e2-a783-8bf224581d75-groupManagement] INFO  server.RaftServerConfigKeys (ConfUtils.java:logGet(46)) - raft.server.storage.free-space.min = 0MB (=0) (default)
2024-04-29 10:06:25,578 [22afc6ef-83d9-42e2-a783-8bf224581d75-groupManagement] INFO  server.RaftServerConfigKeys (ConfUtils.java:logGet(46)) - raft.server.log.corruption.policy = EXCEPTION (default)
2024-04-29 10:06:25,578 [22afc6ef-83d9-42e2-a783-8bf224581d75-groupManagement] INFO  server.RaftServerConfigKeys (ConfUtils.java:logGet(46)) - raft.server.storage.dir = [/home/runner/work/ozone/ozone/hadoop-ozone/integration-test/target/test-dir/MiniOzoneClusterImpl-2cdd5cd5-9c4c-463f-a193-9ffbc37dc237/ozone-meta/datanode-2/ratis] (custom)
2024-04-29 10:06:25,578 [22afc6ef-83d9-42e2-a783-8bf224581d75-groupManagement] INFO  storage.RaftStorageDirectory (RaftStorageDirectoryImpl.java:analyzeStorage(138)) - The storage directory /home/runner/work/ozone/ozone/hadoop-ozone/integration-test/target/test-dir/MiniOzoneClusterImpl-2cdd5cd5-9c4c-463f-a193-9ffbc37dc237/ozone-meta/datanode-2/ratis/232cd721-934f-49df-8d20-3b3f94b40ec3 does not exist. Creating ...
2024-04-29 10:06:25,579 [22afc6ef-83d9-42e2-a783-8bf224581d75-groupManagement] INFO  storage.RaftStorageDirectory (RaftStorageDirectoryImpl.java:tryLock(228)) - Lock on /home/runner/work/ozone/ozone/hadoop-ozone/integration-test/target/test-dir/MiniOzoneClusterImpl-2cdd5cd5-9c4c-463f-a193-9ffbc37dc237/ozone-meta/datanode-2/ratis/232cd721-934f-49df-8d20-3b3f94b40ec3/in_use.lock acquired by nodename 20825@fv-az913-54
2024-04-29 10:06:25,580 [22afc6ef-83d9-42e2-a783-8bf224581d75-groupManagement] INFO  storage.RaftStorage (RaftStorageImpl.java:format(99)) - Storage directory /home/runner/work/ozone/ozone/hadoop-ozone/integration-test/target/test-dir/MiniOzoneClusterImpl-2cdd5cd5-9c4c-463f-a193-9ffbc37dc237/ozone-meta/datanode-2/ratis/232cd721-934f-49df-8d20-3b3f94b40ec3 has been successfully formatted.
2024-04-29 10:06:25,580 [22afc6ef-83d9-42e2-a783-8bf224581d75-groupManagement] WARN  util.FileUtils (LogUtils.java:supplyAndLog(63)) - Failed to Files.newInputStream /home/runner/work/ozone/ozone/hadoop-ozone/integration-test/target/test-dir/MiniOzoneClusterImpl-2cdd5cd5-9c4c-463f-a193-9ffbc37dc237/ozone-meta/datanode-2/ratis/232cd721-934f-49df-8d20-3b3f94b40ec3/current/raft-meta.conf with options []: java.nio.file.NoSuchFileException: /home/runner/work/ozone/ozone/hadoop-ozone/integration-test/target/test-dir/MiniOzoneClusterImpl-2cdd5cd5-9c4c-463f-a193-9ffbc37dc237/ozone-meta/datanode-2/ratis/232cd721-934f-49df-8d20-3b3f94b40ec3/current/raft-meta.conf
2024-04-29 10:06:25,580 [22afc6ef-83d9-42e2-a783-8bf224581d75-groupManagement] INFO  ratis.ContainerStateMachine (ContainerStateMachine.java:loadSnapshot(287)) - group-3B3F94B40EC3: The snapshot info is null. Setting the last applied index to:(t:0, i:~)
2024-04-29 10:06:25,580 [22afc6ef-83d9-42e2-a783-8bf224581d75-groupManagement] INFO  server.RaftServerConfigKeys (ConfUtils.java:logGet(46)) - raft.server.log.use.memory = false (default)
2024-04-29 10:06:25,580 [22afc6ef-83d9-42e2-a783-8bf224581d75-groupManagement] INFO  server.RaftServerConfigKeys (ConfUtils.java:logGet(46)) - raft.server.log.purge.gap = 1000000 (custom)
2024-04-29 10:06:25,580 [22afc6ef-83d9-42e2-a783-8bf224581d75-groupManagement] INFO  server.RaftServerConfigKeys (ConfUtils.java:logGet(46)) - raft.server.log.appender.buffer.byte-limit = 8388608 (custom)
2024-04-29 10:06:25,580 [22afc6ef-83d9-42e2-a783-8bf224581d75-groupManagement] INFO  server.RaftServerConfigKeys (ConfUtils.java:logGet(46)) - raft.server.log.statemachine.data.read.timeout = 1000ms (default)
2024-04-29 10:06:25,580 [22afc6ef-83d9-42e2-a783-8bf224581d75-groupManagement] INFO  server.RaftServerConfigKeys (ConfUtils.java:logGet(46)) - raft.server.log.purge.preservation.log.num = 0 (default)
2024-04-29 10:06:25,581 [22afc6ef-83d9-42e2-a783-8bf224581d75-PipelineCommandHandlerThread-0] INFO  server.RaftServer (RaftServerProxy.java:addNew(100)) - 22afc6ef-83d9-42e2-a783-8bf224581d75: addNew group-441D7B4FAA17:[22afc6ef-83d9-42e2-a783-8bf224581d75|127.0.0.1:15379] returns group-441D7B4FAA17:java.util.concurrent.CompletableFuture@31b84f3e[Not completed]
2024-04-29 10:06:25,581 [22afc6ef-83d9-42e2-a783-8bf224581d75-groupManagement] INFO  server.RaftServerConfigKeys (ConfUtils.java:logGet(46)) - raft.server.log.segment.size.max = 67108864 (custom)
2024-04-29 10:06:25,582 [22afc6ef-83d9-42e2-a783-8bf224581d75-groupManagement] INFO  server.RaftServerConfigKeys (ConfUtils.java:logGet(46)) - raft.server.log.segment.cache.num.max = 2 (custom)
2024-04-29 10:06:25,582 [22afc6ef-83d9-42e2-a783-8bf224581d75-groupManagement] INFO  server.RaftServerConfigKeys (ConfUtils.java:logGet(46)) - raft.server.log.segment.cache.size.max = 200MB (=209715200) (default)
2024-04-29 10:06:25,582 [22afc6ef-83d9-42e2-a783-8bf224581d75-groupManagement] INFO  server.RaftServerConfigKeys (ConfUtils.java:logGet(46)) - raft.server.log.appender.buffer.byte-limit = 8388608 (custom)
2024-04-29 10:06:25,582 [22afc6ef-83d9-42e2-a783-8bf224581d75-groupManagement] INFO  util.AwaitToRun (AwaitToRun.java:start(81)) - Thread[22afc6ef-83d9-42e2-a783-8bf224581d75@group-3B3F94B40EC3-cacheEviction-AwaitToRun,5,main] started
2024-04-29 10:06:25,582 [22afc6ef-83d9-42e2-a783-8bf224581d75-groupManagement] INFO  segmented.SegmentedRaftLogWorker (SegmentedRaftLogWorker.java:<init>(182)) - new 22afc6ef-83d9-42e2-a783-8bf224581d75@group-3B3F94B40EC3-SegmentedRaftLogWorker for RaftStorageImpl:Storage Directory /home/runner/work/ozone/ozone/hadoop-ozone/integration-test/target/test-dir/MiniOzoneClusterImpl-2cdd5cd5-9c4c-463f-a193-9ffbc37dc237/ozone-meta/datanode-2/ratis/232cd721-934f-49df-8d20-3b3f94b40ec3
2024-04-29 10:06:25,582 [22afc6ef-83d9-42e2-a783-8bf224581d75-groupManagement] INFO  server.RaftServerConfigKeys (ConfUtils.java:logGet(46)) - raft.server.log.queue.byte-limit = 4294967296 (custom)
2024-04-29 10:06:25,582 [22afc6ef-83d9-42e2-a783-8bf224581d75-groupManagement] INFO  server.RaftServerConfigKeys (ConfUtils.java:logGet(46)) - raft.server.log.queue.element-limit = 1024 (custom)
2024-04-29 10:06:25,582 [22afc6ef-83d9-42e2-a783-8bf224581d75-groupManagement] INFO  server.RaftServerConfigKeys (ConfUtils.java:logGet(46)) - raft.server.log.segment.size.max = 67108864 (custom)
2024-04-29 10:06:25,582 [22afc6ef-83d9-42e2-a783-8bf224581d75-groupManagement] INFO  server.RaftServerConfigKeys (ConfUtils.java:logGet(46)) - raft.server.log.preallocated.size = 4194304 (custom)
2024-04-29 10:06:25,582 [22afc6ef-83d9-42e2-a783-8bf224581d75-groupManagement] INFO  server.RaftServerConfigKeys (ConfUtils.java:logGet(46)) - raft.server.log.force.sync.num = 128 (default)
2024-04-29 10:06:25,582 [22afc6ef-83d9-42e2-a783-8bf224581d75-groupManagement] INFO  server.RaftServerConfigKeys (ConfUtils.java:logGet(46)) - raft.server.log.statemachine.data.sync = true (default)
2024-04-29 10:06:25,582 [22afc6ef-83d9-42e2-a783-8bf224581d75-groupManagement] INFO  server.RaftServerConfigKeys (ConfUtils.java:logGet(46)) - raft.server.log.statemachine.data.sync.timeout = 10s (default)
2024-04-29 10:06:25,582 [22afc6ef-83d9-42e2-a783-8bf224581d75-groupManagement] INFO  server.RaftServerConfigKeys (ConfUtils.java:logGet(46)) - raft.server.log.statemachine.data.sync.timeout.retry = 30 (custom)
2024-04-29 10:06:25,582 [22afc6ef-83d9-42e2-a783-8bf224581d75-groupManagement] INFO  server.RaftServerConfigKeys (ConfUtils.java:logGet(46)) - raft.server.log.write.buffer.size = 8388616 (custom)
2024-04-29 10:06:25,584 [22afc6ef-83d9-42e2-a783-8bf224581d75-groupManagement] INFO  server.RaftServerConfigKeys (ConfUtils.java:logGet(46)) - raft.server.log.appender.buffer.byte-limit = 8388608 (custom)
2024-04-29 10:06:25,584 [22afc6ef-83d9-42e2-a783-8bf224581d75-groupManagement] INFO  server.RaftServerConfigKeys (ConfUtils.java:logGet(46)) - raft.server.log.unsafe-flush.enabled = false (default)
2024-04-29 10:06:25,584 [22afc6ef-83d9-42e2-a783-8bf224581d75-groupManagement] INFO  server.RaftServerConfigKeys (ConfUtils.java:logGet(46)) - raft.server.log.async-flush.enabled = false (default)
2024-04-29 10:06:25,584 [22afc6ef-83d9-42e2-a783-8bf224581d75-groupManagement] INFO  server.RaftServerConfigKeys (ConfUtils.java:logGet(46)) - raft.server.log.statemachine.data.caching.enabled = true (custom)
2024-04-29 10:06:25,584 [22afc6ef-83d9-42e2-a783-8bf224581d75-groupManagement] INFO  segmented.SegmentedRaftLogWorker (SegmentedRaftLogWorker.java:lambda$new$0(134)) - 22afc6ef-83d9-42e2-a783-8bf224581d75@group-3B3F94B40EC3-SegmentedRaftLogWorker: flushIndex: setUnconditionally 0 -> -1
2024-04-29 10:06:25,584 [22afc6ef-83d9-42e2-a783-8bf224581d75-groupManagement] INFO  segmented.SegmentedRaftLogWorker (SegmentedRaftLogWorker.java:lambda$new$0(134)) - 22afc6ef-83d9-42e2-a783-8bf224581d75@group-3B3F94B40EC3-SegmentedRaftLogWorker: safeCacheEvictIndex: setUnconditionally 0 -> -1
2024-04-29 10:06:25,584 [22afc6ef-83d9-42e2-a783-8bf224581d75-groupManagement] INFO  server.RaftServer$Division (RaftServerImpl.java:start(396)) - 22afc6ef-83d9-42e2-a783-8bf224581d75@group-3B3F94B40EC3: start as a follower, conf=-1: peers:[a7d28670-f9d1-457c-83f3-4caf0bab89df|127.0.0.1:15388, 22afc6ef-83d9-42e2-a783-8bf224581d75|127.0.0.1:15379, 375cf2e4-ad97-40d4-80c3-6a50f82e6a65|127.0.0.1:15370]|listeners:[], old=null
2024-04-29 10:06:25,584 [22afc6ef-83d9-42e2-a783-8bf224581d75-groupManagement] INFO  server.RaftServer$Division (RaftServerImpl.java:setRole(383)) - 22afc6ef-83d9-42e2-a783-8bf224581d75@group-3B3F94B40EC3: changes role from      null to FOLLOWER at term 0 for startAsFollower
2024-04-29 10:06:25,584 [22afc6ef-83d9-42e2-a783-8bf224581d75-groupManagement] INFO  impl.RoleInfo (RoleInfo.java:updateAndGet(139)) - 22afc6ef-83d9-42e2-a783-8bf224581d75: start 22afc6ef-83d9-42e2-a783-8bf224581d75@group-3B3F94B40EC3-FollowerState
2024-04-29 10:06:25,584 [22afc6ef-83d9-42e2-a783-8bf224581d75@group-3B3F94B40EC3-FollowerState] INFO  server.RaftServerConfigKeys (ConfUtils.java:logFallback(53)) - raft.server.rpc.first-election.timeout.min = 5s (fallback to raft.server.rpc.timeout.min)
2024-04-29 10:06:25,584 [22afc6ef-83d9-42e2-a783-8bf224581d75@group-3B3F94B40EC3-FollowerState] INFO  server.RaftServerConfigKeys (ConfUtils.java:logFallback(53)) - raft.server.rpc.first-election.timeout.max = 5200ms (fallback to raft.server.rpc.timeout.max)
2024-04-29 10:06:25,584 [22afc6ef-83d9-42e2-a783-8bf224581d75-groupManagement] INFO  util.JmxRegister (JmxRegister.java:tryRegister(44)) - Successfully registered JMX Bean with object name Ratis:service=RaftServer,group=group-3B3F94B40EC3,id=22afc6ef-83d9-42e2-a783-8bf224581d75
2024-04-29 10:06:25,585 [22afc6ef-83d9-42e2-a783-8bf224581d75-groupManagement] INFO  server.RaftServerConfigKeys (ConfUtils.java:logGet(46)) - raft.server.snapshot.trigger-when-stop.enabled = true (default)
2024-04-29 10:06:25,585 [22afc6ef-83d9-42e2-a783-8bf224581d75-groupManagement] INFO  server.RaftServerConfigKeys (ConfUtils.java:logGet(46)) - raft.server.snapshot.auto.trigger.enabled = true (custom)
2024-04-29 10:06:25,585 [22afc6ef-83d9-42e2-a783-8bf224581d75-groupManagement] INFO  server.RaftServerConfigKeys (ConfUtils.java:logGet(46)) - raft.server.snapshot.auto.trigger.threshold = 10000 (custom)
2024-04-29 10:06:25,585 [22afc6ef-83d9-42e2-a783-8bf224581d75-groupManagement] INFO  server.RaftServerConfigKeys (ConfUtils.java:logGet(46)) - raft.server.snapshot.retention.file.num = 5 (custom)
2024-04-29 10:06:25,585 [22afc6ef-83d9-42e2-a783-8bf224581d75-groupManagement] INFO  server.RaftServerConfigKeys (ConfUtils.java:logGet(46)) - raft.server.log.purge.upto.snapshot.index = false (default)
2024-04-29 10:06:25,586 [22afc6ef-83d9-42e2-a783-8bf224581d75-groupManagement] INFO  server.RaftServer$Division (RaftServerImpl.java:<init>(256)) - 22afc6ef-83d9-42e2-a783-8bf224581d75: new RaftServerImpl for group-441D7B4FAA17:[22afc6ef-83d9-42e2-a783-8bf224581d75|127.0.0.1:15379] with ContainerStateMachine:uninitialized
2024-04-29 10:06:25,586 [22afc6ef-83d9-42e2-a783-8bf224581d75-groupManagement] INFO  server.RaftServerConfigKeys (ConfUtils.java:logGet(46)) - raft.server.rpc.timeout.min = 5s (custom)
2024-04-29 10:06:25,586 [22afc6ef-83d9-42e2-a783-8bf224581d75-groupManagement] INFO  server.RaftServerConfigKeys (ConfUtils.java:logGet(46)) - raft.server.rpc.timeout.max = 5200ms (custom)
2024-04-29 10:06:25,586 [22afc6ef-83d9-42e2-a783-8bf224581d75-groupManagement] INFO  server.RaftServerConfigKeys (ConfUtils.java:logGet(46)) - raft.server.rpc.sleep.time = 25ms (default)
2024-04-29 10:06:25,586 [22afc6ef-83d9-42e2-a783-8bf224581d75-groupManagement] INFO  server.RaftServerConfigKeys (ConfUtils.java:logGet(46)) - raft.server.rpc.slowness.timeout = 300000ms (custom)
2024-04-29 10:06:25,587 [22afc6ef-83d9-42e2-a783-8bf224581d75-groupManagement] INFO  server.RaftServerConfigKeys (ConfUtils.java:logGet(46)) - raft.server.leaderelection.leader.step-down.wait-time = 10s (default)
2024-04-29 10:06:25,587 [22afc6ef-83d9-42e2-a783-8bf224581d75-groupManagement] INFO  server.RaftServerConfigKeys (ConfUtils.java:logGet(46)) - raft.server.leaderelection.member.majority-add = false (default)
2024-04-29 10:06:25,587 [22afc6ef-83d9-42e2-a783-8bf224581d75-groupManagement] INFO  server.RaftServerConfigKeys (ConfUtils.java:logGet(46)) - raft.server.sleep.deviation.threshold = 300ms (default)
2024-04-29 10:06:25,587 [22afc6ef-83d9-42e2-a783-8bf224581d75-groupManagement] INFO  server.RaftServer$Division (ServerState.java:<init>(113)) - 22afc6ef-83d9-42e2-a783-8bf224581d75@group-441D7B4FAA17: ConfigurationManager, init=-1: peers:[22afc6ef-83d9-42e2-a783-8bf224581d75|127.0.0.1:15379]|listeners:[], old=null, confs=<EMPTY_MAP>
2024-04-29 10:06:25,587 [375cf2e4-ad97-40d4-80c3-6a50f82e6a65-PipelineCommandHandlerThread-0] INFO  commandhandler.CreatePipelineCommandHandler (CreatePipelineCommandHandler.java:lambda$handle$2(124)) - Created Pipeline RATIS THREE PipelineID=232cd721-934f-49df-8d20-3b3f94b40ec3.
2024-04-29 10:06:25,587 [22afc6ef-83d9-42e2-a783-8bf224581d75-groupManagement] INFO  server.RaftServerConfigKeys (ConfUtils.java:logGet(46)) - raft.server.notification.no-leader.timeout = 300000ms (custom)
2024-04-29 10:06:25,587 [22afc6ef-83d9-42e2-a783-8bf224581d75-groupManagement] INFO  server.RaftServerConfigKeys (ConfUtils.java:logGet(46)) - raft.server.read.timeout = 10s (default)
2024-04-29 10:06:25,587 [22afc6ef-83d9-42e2-a783-8bf224581d75-groupManagement] INFO  server.RaftServerConfigKeys (ConfUtils.java:logGet(46)) - raft.server.retrycache.expirytime = 600000ms (custom)
2024-04-29 10:06:25,587 [22afc6ef-83d9-42e2-a783-8bf224581d75-groupManagement] INFO  server.RaftServerConfigKeys (ConfUtils.java:logGet(46)) - raft.server.retrycache.statistics.expirytime = 100ms (default)
2024-04-29 10:06:25,587 [22afc6ef-83d9-42e2-a783-8bf224581d75-groupManagement] INFO  server.RaftServerConfigKeys (ConfUtils.java:logGet(46)) - raft.server.read.option = DEFAULT (default)
2024-04-29 10:06:25,587 [22afc6ef-83d9-42e2-a783-8bf224581d75-groupManagement] INFO  server.RaftServerConfigKeys (ConfUtils.java:logGet(46)) - raft.server.read.read-after-write-consistent.write-index-cache.expiry-time = 60s (default)
2024-04-29 10:06:25,589 [22afc6ef-83d9-42e2-a783-8bf224581d75-groupManagement] INFO  server.RaftServerConfigKeys (ConfUtils.java:logGet(46)) - raft.server.rpc.request.timeout = 3000ms (default)
2024-04-29 10:06:25,589 [22afc6ef-83d9-42e2-a783-8bf224581d75-groupManagement] INFO  server.RaftServerConfigKeys (ConfUtils.java:logGet(46)) - raft.server.log.appender.install.snapshot.enabled = false (custom)
2024-04-29 10:06:25,589 [22afc6ef-83d9-42e2-a783-8bf224581d75-groupManagement] INFO  server.RaftServerConfigKeys (ConfUtils.java:logGet(46)) - raft.server.threadpool.server.cached = true (default)
2024-04-29 10:06:25,589 [22afc6ef-83d9-42e2-a783-8bf224581d75-groupManagement] INFO  server.RaftServerConfigKeys (ConfUtils.java:logGet(46)) - raft.server.threadpool.server.size = 0 (default)
2024-04-29 10:06:25,589 [22afc6ef-83d9-42e2-a783-8bf224581d75-groupManagement] INFO  server.RaftServerConfigKeys (ConfUtils.java:logGet(46)) - raft.server.threadpool.client.cached = true (default)
2024-04-29 10:06:25,589 [22afc6ef-83d9-42e2-a783-8bf224581d75-groupManagement] INFO  server.RaftServerConfigKeys (ConfUtils.java:logGet(46)) - raft.server.threadpool.client.size = 0 (default)
2024-04-29 10:06:25,589 [22afc6ef-83d9-42e2-a783-8bf224581d75-groupManagement] INFO  server.RaftServerConfigKeys (ConfUtils.java:logGet(46)) - raft.server.storage.free-space.min = 0MB (=0) (default)
2024-04-29 10:06:25,589 [22afc6ef-83d9-42e2-a783-8bf224581d75-groupManagement] INFO  server.RaftServerConfigKeys (ConfUtils.java:logGet(46)) - raft.server.log.corruption.policy = EXCEPTION (default)
2024-04-29 10:06:25,589 [22afc6ef-83d9-42e2-a783-8bf224581d75-groupManagement] INFO  server.RaftServerConfigKeys (ConfUtils.java:logGet(46)) - raft.server.storage.dir = [/home/runner/work/ozone/ozone/hadoop-ozone/integration-test/target/test-dir/MiniOzoneClusterImpl-2cdd5cd5-9c4c-463f-a193-9ffbc37dc237/ozone-meta/datanode-2/ratis] (custom)
2024-04-29 10:06:25,589 [22afc6ef-83d9-42e2-a783-8bf224581d75-groupManagement] INFO  storage.RaftStorageDirectory (RaftStorageDirectoryImpl.java:analyzeStorage(138)) - The storage directory /home/runner/work/ozone/ozone/hadoop-ozone/integration-test/target/test-dir/MiniOzoneClusterImpl-2cdd5cd5-9c4c-463f-a193-9ffbc37dc237/ozone-meta/datanode-2/ratis/dcc051ae-9701-4807-b1c4-441d7b4faa17 does not exist. Creating ...
2024-04-29 10:06:25,591 [22afc6ef-83d9-42e2-a783-8bf224581d75-groupManagement] INFO  storage.RaftStorageDirectory (RaftStorageDirectoryImpl.java:tryLock(228)) - Lock on /home/runner/work/ozone/ozone/hadoop-ozone/integration-test/target/test-dir/MiniOzoneClusterImpl-2cdd5cd5-9c4c-463f-a193-9ffbc37dc237/ozone-meta/datanode-2/ratis/dcc051ae-9701-4807-b1c4-441d7b4faa17/in_use.lock acquired by nodename 20825@fv-az913-54
2024-04-29 10:06:25,592 [22afc6ef-83d9-42e2-a783-8bf224581d75-groupManagement] INFO  storage.RaftStorage (RaftStorageImpl.java:format(99)) - Storage directory /home/runner/work/ozone/ozone/hadoop-ozone/integration-test/target/test-dir/MiniOzoneClusterImpl-2cdd5cd5-9c4c-463f-a193-9ffbc37dc237/ozone-meta/datanode-2/ratis/dcc051ae-9701-4807-b1c4-441d7b4faa17 has been successfully formatted.
2024-04-29 10:06:25,592 [22afc6ef-83d9-42e2-a783-8bf224581d75-groupManagement] WARN  util.FileUtils (LogUtils.java:supplyAndLog(63)) - Failed to Files.newInputStream /home/runner/work/ozone/ozone/hadoop-ozone/integration-test/target/test-dir/MiniOzoneClusterImpl-2cdd5cd5-9c4c-463f-a193-9ffbc37dc237/ozone-meta/datanode-2/ratis/dcc051ae-9701-4807-b1c4-441d7b4faa17/current/raft-meta.conf with options []: java.nio.file.NoSuchFileException: /home/runner/work/ozone/ozone/hadoop-ozone/integration-test/target/test-dir/MiniOzoneClusterImpl-2cdd5cd5-9c4c-463f-a193-9ffbc37dc237/ozone-meta/datanode-2/ratis/dcc051ae-9701-4807-b1c4-441d7b4faa17/current/raft-meta.conf
2024-04-29 10:06:25,592 [22afc6ef-83d9-42e2-a783-8bf224581d75-groupManagement] INFO  ratis.ContainerStateMachine (ContainerStateMachine.java:loadSnapshot(287)) - group-441D7B4FAA17: The snapshot info is null. Setting the last applied index to:(t:0, i:~)
2024-04-29 10:06:25,592 [22afc6ef-83d9-42e2-a783-8bf224581d75-groupManagement] INFO  server.RaftServerConfigKeys (ConfUtils.java:logGet(46)) - raft.server.log.use.memory = false (default)
2024-04-29 10:06:25,592 [22afc6ef-83d9-42e2-a783-8bf224581d75-groupManagement] INFO  server.RaftServerConfigKeys (ConfUtils.java:logGet(46)) - raft.server.log.purge.gap = 1000000 (custom)
2024-04-29 10:06:25,592 [22afc6ef-83d9-42e2-a783-8bf224581d75-groupManagement] INFO  server.RaftServerConfigKeys (ConfUtils.java:logGet(46)) - raft.server.log.appender.buffer.byte-limit = 8388608 (custom)
2024-04-29 10:06:25,592 [22afc6ef-83d9-42e2-a783-8bf224581d75-groupManagement] INFO  server.RaftServerConfigKeys (ConfUtils.java:logGet(46)) - raft.server.log.statemachine.data.read.timeout = 1000ms (default)
2024-04-29 10:06:25,592 [22afc6ef-83d9-42e2-a783-8bf224581d75-groupManagement] INFO  server.RaftServerConfigKeys (ConfUtils.java:logGet(46)) - raft.server.log.purge.preservation.log.num = 0 (default)
2024-04-29 10:06:25,593 [EventQueue-PipelineReportForPipelineReportHandler] INFO  pipeline.PipelineReportHandler (PipelineReportHandler.java:processPipelineReport(136)) - Opened pipeline PipelineID=dcc051ae-9701-4807-b1c4-441d7b4faa17
2024-04-29 10:06:25,593 [EventQueue-OpenPipelineForHealthyPipelineSafeModeRule] INFO  safemode.SCMSafeModeManager (HealthyPipelineSafeModeRule.java:process(140)) - SCM in safe mode. Healthy pipelines reported count is 0, required healthy pipeline reported count is 1
2024-04-29 10:06:25,594 [22afc6ef-83d9-42e2-a783-8bf224581d75-groupManagement] INFO  server.RaftServerConfigKeys (ConfUtils.java:logGet(46)) - raft.server.log.segment.size.max = 67108864 (custom)
2024-04-29 10:06:25,594 [22afc6ef-83d9-42e2-a783-8bf224581d75-groupManagement] INFO  server.RaftServerConfigKeys (ConfUtils.java:logGet(46)) - raft.server.log.segment.cache.num.max = 2 (custom)
2024-04-29 10:06:25,594 [22afc6ef-83d9-42e2-a783-8bf224581d75-groupManagement] INFO  server.RaftServerConfigKeys (ConfUtils.java:logGet(46)) - raft.server.log.segment.cache.size.max = 200MB (=209715200) (default)
2024-04-29 10:06:25,594 [22afc6ef-83d9-42e2-a783-8bf224581d75-groupManagement] INFO  server.RaftServerConfigKeys (ConfUtils.java:logGet(46)) - raft.server.log.appender.buffer.byte-limit = 8388608 (custom)
2024-04-29 10:06:25,594 [22afc6ef-83d9-42e2-a783-8bf224581d75-groupManagement] INFO  util.AwaitToRun (AwaitToRun.java:start(81)) - Thread[22afc6ef-83d9-42e2-a783-8bf224581d75@group-441D7B4FAA17-cacheEviction-AwaitToRun,5,main] started
2024-04-29 10:06:25,594 [22afc6ef-83d9-42e2-a783-8bf224581d75-groupManagement] INFO  segmented.SegmentedRaftLogWorker (SegmentedRaftLogWorker.java:<init>(182)) - new 22afc6ef-83d9-42e2-a783-8bf224581d75@group-441D7B4FAA17-SegmentedRaftLogWorker for RaftStorageImpl:Storage Directory /home/runner/work/ozone/ozone/hadoop-ozone/integration-test/target/test-dir/MiniOzoneClusterImpl-2cdd5cd5-9c4c-463f-a193-9ffbc37dc237/ozone-meta/datanode-2/ratis/dcc051ae-9701-4807-b1c4-441d7b4faa17
2024-04-29 10:06:25,594 [22afc6ef-83d9-42e2-a783-8bf224581d75-groupManagement] INFO  server.RaftServerConfigKeys (ConfUtils.java:logGet(46)) - raft.server.log.queue.byte-limit = 4294967296 (custom)
2024-04-29 10:06:25,594 [22afc6ef-83d9-42e2-a783-8bf224581d75-groupManagement] INFO  server.RaftServerConfigKeys (ConfUtils.java:logGet(46)) - raft.server.log.queue.element-limit = 1024 (custom)
2024-04-29 10:06:25,594 [22afc6ef-83d9-42e2-a783-8bf224581d75-groupManagement] INFO  server.RaftServerConfigKeys (ConfUtils.java:logGet(46)) - raft.server.log.segment.size.max = 67108864 (custom)
2024-04-29 10:06:25,594 [22afc6ef-83d9-42e2-a783-8bf224581d75-groupManagement] INFO  server.RaftServerConfigKeys (ConfUtils.java:logGet(46)) - raft.server.log.preallocated.size = 4194304 (custom)
2024-04-29 10:06:25,594 [22afc6ef-83d9-42e2-a783-8bf224581d75-groupManagement] INFO  server.RaftServerConfigKeys (ConfUtils.java:logGet(46)) - raft.server.log.force.sync.num = 128 (default)
2024-04-29 10:06:25,594 [22afc6ef-83d9-42e2-a783-8bf224581d75-groupManagement] INFO  server.RaftServerConfigKeys (ConfUtils.java:logGet(46)) - raft.server.log.statemachine.data.sync = true (default)
2024-04-29 10:06:25,594 [22afc6ef-83d9-42e2-a783-8bf224581d75-groupManagement] INFO  server.RaftServerConfigKeys (ConfUtils.java:logGet(46)) - raft.server.log.statemachine.data.sync.timeout = 10s (default)
2024-04-29 10:06:25,594 [22afc6ef-83d9-42e2-a783-8bf224581d75-groupManagement] INFO  server.RaftServerConfigKeys (ConfUtils.java:logGet(46)) - raft.server.log.statemachine.data.sync.timeout.retry = 30 (custom)
2024-04-29 10:06:25,594 [22afc6ef-83d9-42e2-a783-8bf224581d75-groupManagement] INFO  server.RaftServerConfigKeys (ConfUtils.java:logGet(46)) - raft.server.log.write.buffer.size = 8388616 (custom)
2024-04-29 10:06:25,596 [22afc6ef-83d9-42e2-a783-8bf224581d75-groupManagement] INFO  server.RaftServerConfigKeys (ConfUtils.java:logGet(46)) - raft.server.log.appender.buffer.byte-limit = 8388608 (custom)
2024-04-29 10:06:25,596 [22afc6ef-83d9-42e2-a783-8bf224581d75-groupManagement] INFO  server.RaftServerConfigKeys (ConfUtils.java:logGet(46)) - raft.server.log.unsafe-flush.enabled = false (default)
2024-04-29 10:06:25,596 [22afc6ef-83d9-42e2-a783-8bf224581d75-groupManagement] INFO  server.RaftServerConfigKeys (ConfUtils.java:logGet(46)) - raft.server.log.async-flush.enabled = false (default)
2024-04-29 10:06:25,596 [22afc6ef-83d9-42e2-a783-8bf224581d75-groupManagement] INFO  server.RaftServerConfigKeys (ConfUtils.java:logGet(46)) - raft.server.log.statemachine.data.caching.enabled = true (custom)
2024-04-29 10:06:25,596 [22afc6ef-83d9-42e2-a783-8bf224581d75-groupManagement] INFO  segmented.SegmentedRaftLogWorker (SegmentedRaftLogWorker.java:lambda$new$0(134)) - 22afc6ef-83d9-42e2-a783-8bf224581d75@group-441D7B4FAA17-SegmentedRaftLogWorker: flushIndex: setUnconditionally 0 -> -1
2024-04-29 10:06:25,596 [22afc6ef-83d9-42e2-a783-8bf224581d75-groupManagement] INFO  segmented.SegmentedRaftLogWorker (SegmentedRaftLogWorker.java:lambda$new$0(134)) - 22afc6ef-83d9-42e2-a783-8bf224581d75@group-441D7B4FAA17-SegmentedRaftLogWorker: safeCacheEvictIndex: setUnconditionally 0 -> -1
2024-04-29 10:06:25,596 [22afc6ef-83d9-42e2-a783-8bf224581d75-groupManagement] INFO  server.RaftServer$Division (RaftServerImpl.java:start(396)) - 22afc6ef-83d9-42e2-a783-8bf224581d75@group-441D7B4FAA17: start as a follower, conf=-1: peers:[22afc6ef-83d9-42e2-a783-8bf224581d75|127.0.0.1:15379]|listeners:[], old=null
2024-04-29 10:06:25,596 [22afc6ef-83d9-42e2-a783-8bf224581d75-groupManagement] INFO  server.RaftServer$Division (RaftServerImpl.java:setRole(383)) - 22afc6ef-83d9-42e2-a783-8bf224581d75@group-441D7B4FAA17: changes role from      null to FOLLOWER at term 0 for startAsFollower
2024-04-29 10:06:25,596 [22afc6ef-83d9-42e2-a783-8bf224581d75-groupManagement] INFO  impl.RoleInfo (RoleInfo.java:updateAndGet(139)) - 22afc6ef-83d9-42e2-a783-8bf224581d75: start 22afc6ef-83d9-42e2-a783-8bf224581d75@group-441D7B4FAA17-FollowerState
2024-04-29 10:06:25,596 [22afc6ef-83d9-42e2-a783-8bf224581d75@group-441D7B4FAA17-FollowerState] INFO  server.RaftServerConfigKeys (ConfUtils.java:logFallback(53)) - raft.server.rpc.first-election.timeout.min = 5s (fallback to raft.server.rpc.timeout.min)
2024-04-29 10:06:25,596 [22afc6ef-83d9-42e2-a783-8bf224581d75-groupManagement] INFO  util.JmxRegister (JmxRegister.java:tryRegister(44)) - Successfully registered JMX Bean with object name Ratis:service=RaftServer,group=group-441D7B4FAA17,id=22afc6ef-83d9-42e2-a783-8bf224581d75
2024-04-29 10:06:25,596 [22afc6ef-83d9-42e2-a783-8bf224581d75-groupManagement] INFO  server.RaftServerConfigKeys (ConfUtils.java:logGet(46)) - raft.server.snapshot.trigger-when-stop.enabled = true (default)
2024-04-29 10:06:25,596 [22afc6ef-83d9-42e2-a783-8bf224581d75-groupManagement] INFO  server.RaftServerConfigKeys (ConfUtils.java:logGet(46)) - raft.server.snapshot.auto.trigger.enabled = true (custom)
2024-04-29 10:06:25,597 [22afc6ef-83d9-42e2-a783-8bf224581d75-groupManagement] INFO  server.RaftServerConfigKeys (ConfUtils.java:logGet(46)) - raft.server.snapshot.auto.trigger.threshold = 10000 (custom)
2024-04-29 10:06:25,597 [22afc6ef-83d9-42e2-a783-8bf224581d75-groupManagement] INFO  server.RaftServerConfigKeys (ConfUtils.java:logGet(46)) - raft.server.snapshot.retention.file.num = 5 (custom)
2024-04-29 10:06:25,597 [22afc6ef-83d9-42e2-a783-8bf224581d75-groupManagement] INFO  server.RaftServerConfigKeys (ConfUtils.java:logGet(46)) - raft.server.log.purge.upto.snapshot.index = false (default)
2024-04-29 10:06:25,596 [22afc6ef-83d9-42e2-a783-8bf224581d75@group-441D7B4FAA17-FollowerState] INFO  server.RaftServerConfigKeys (ConfUtils.java:logFallback(53)) - raft.server.rpc.first-election.timeout.max = 5200ms (fallback to raft.server.rpc.timeout.max)
2024-04-29 10:06:25,597 [22afc6ef-83d9-42e2-a783-8bf224581d75-PipelineCommandHandlerThread-0] INFO  ratis.XceiverServerRatis (XceiverServerRatis.java:addGroup(864)) - Created group PipelineID=dcc051ae-9701-4807-b1c4-441d7b4faa17
2024-04-29 10:06:25,597 [22afc6ef-83d9-42e2-a783-8bf224581d75-PipelineCommandHandlerThread-0] INFO  commandhandler.CreatePipelineCommandHandler (CreatePipelineCommandHandler.java:lambda$handle$2(124)) - Created Pipeline RATIS ONE PipelineID=dcc051ae-9701-4807-b1c4-441d7b4faa17.
2024-04-29 10:06:25,647 [a7d28670-f9d1-457c-83f3-4caf0bab89df-PipelineCommandHandlerThread-0] INFO  server.RaftServer (RaftServerProxy.java:addNew(100)) - a7d28670-f9d1-457c-83f3-4caf0bab89df: addNew group-146B84FB1A91:[a7d28670-f9d1-457c-83f3-4caf0bab89df|127.0.0.1:15388] returns group-146B84FB1A91:java.util.concurrent.CompletableFuture@6d7f28e5[Not completed]
2024-04-29 10:06:25,648 [a7d28670-f9d1-457c-83f3-4caf0bab89df-groupManagement] INFO  server.RaftServer$Division (RaftServerImpl.java:<init>(256)) - a7d28670-f9d1-457c-83f3-4caf0bab89df: new RaftServerImpl for group-146B84FB1A91:[a7d28670-f9d1-457c-83f3-4caf0bab89df|127.0.0.1:15388] with ContainerStateMachine:uninitialized
2024-04-29 10:06:25,648 [a7d28670-f9d1-457c-83f3-4caf0bab89df-groupManagement] INFO  server.RaftServerConfigKeys (ConfUtils.java:logGet(46)) - raft.server.rpc.timeout.min = 5s (custom)
2024-04-29 10:06:25,648 [a7d28670-f9d1-457c-83f3-4caf0bab89df-groupManagement] INFO  server.RaftServerConfigKeys (ConfUtils.java:logGet(46)) - raft.server.rpc.timeout.max = 5200ms (custom)
2024-04-29 10:06:25,648 [a7d28670-f9d1-457c-83f3-4caf0bab89df-groupManagement] INFO  server.RaftServerConfigKeys (ConfUtils.java:logGet(46)) - raft.server.rpc.sleep.time = 25ms (default)
2024-04-29 10:06:25,648 [a7d28670-f9d1-457c-83f3-4caf0bab89df-groupManagement] INFO  server.RaftServerConfigKeys (ConfUtils.java:logGet(46)) - raft.server.rpc.slowness.timeout = 300000ms (custom)
2024-04-29 10:06:25,648 [a7d28670-f9d1-457c-83f3-4caf0bab89df-groupManagement] INFO  server.RaftServerConfigKeys (ConfUtils.java:logGet(46)) - raft.server.leaderelection.leader.step-down.wait-time = 10s (default)
2024-04-29 10:06:25,648 [a7d28670-f9d1-457c-83f3-4caf0bab89df-groupManagement] INFO  server.RaftServerConfigKeys (ConfUtils.java:logGet(46)) - raft.server.leaderelection.member.majority-add = false (default)
2024-04-29 10:06:25,648 [a7d28670-f9d1-457c-83f3-4caf0bab89df-groupManagement] INFO  server.RaftServerConfigKeys (ConfUtils.java:logGet(46)) - raft.server.sleep.deviation.threshold = 300ms (default)
2024-04-29 10:06:25,648 [a7d28670-f9d1-457c-83f3-4caf0bab89df-groupManagement] INFO  server.RaftServer$Division (ServerState.java:<init>(113)) - a7d28670-f9d1-457c-83f3-4caf0bab89df@group-146B84FB1A91: ConfigurationManager, init=-1: peers:[a7d28670-f9d1-457c-83f3-4caf0bab89df|127.0.0.1:15388]|listeners:[], old=null, confs=<EMPTY_MAP>
2024-04-29 10:06:25,648 [a7d28670-f9d1-457c-83f3-4caf0bab89df-groupManagement] INFO  server.RaftServerConfigKeys (ConfUtils.java:logGet(46)) - raft.server.notification.no-leader.timeout = 300000ms (custom)
2024-04-29 10:06:25,648 [a7d28670-f9d1-457c-83f3-4caf0bab89df-groupManagement] INFO  server.RaftServerConfigKeys (ConfUtils.java:logGet(46)) - raft.server.read.timeout = 10s (default)
2024-04-29 10:06:25,648 [a7d28670-f9d1-457c-83f3-4caf0bab89df-groupManagement] INFO  server.RaftServerConfigKeys (ConfUtils.java:logGet(46)) - raft.server.retrycache.expirytime = 600000ms (custom)
2024-04-29 10:06:25,648 [a7d28670-f9d1-457c-83f3-4caf0bab89df-groupManagement] INFO  server.RaftServerConfigKeys (ConfUtils.java:logGet(46)) - raft.server.retrycache.statistics.expirytime = 100ms (default)
2024-04-29 10:06:25,648 [a7d28670-f9d1-457c-83f3-4caf0bab89df-groupManagement] INFO  server.RaftServerConfigKeys (ConfUtils.java:logGet(46)) - raft.server.read.option = DEFAULT (default)
2024-04-29 10:06:25,648 [a7d28670-f9d1-457c-83f3-4caf0bab89df-groupManagement] INFO  server.RaftServerConfigKeys (ConfUtils.java:logGet(46)) - raft.server.read.read-after-write-consistent.write-index-cache.expiry-time = 60s (default)
2024-04-29 10:06:25,651 [a7d28670-f9d1-457c-83f3-4caf0bab89df-groupManagement] INFO  server.RaftServerConfigKeys (ConfUtils.java:logGet(46)) - raft.server.rpc.request.timeout = 3000ms (default)
2024-04-29 10:06:25,651 [a7d28670-f9d1-457c-83f3-4caf0bab89df-groupManagement] INFO  server.RaftServerConfigKeys (ConfUtils.java:logGet(46)) - raft.server.log.appender.install.snapshot.enabled = false (custom)
2024-04-29 10:06:25,651 [a7d28670-f9d1-457c-83f3-4caf0bab89df-groupManagement] INFO  server.RaftServerConfigKeys (ConfUtils.java:logGet(46)) - raft.server.threadpool.server.cached = true (default)
2024-04-29 10:06:25,651 [a7d28670-f9d1-457c-83f3-4caf0bab89df-groupManagement] INFO  server.RaftServerConfigKeys (ConfUtils.java:logGet(46)) - raft.server.threadpool.server.size = 0 (default)
2024-04-29 10:06:25,651 [a7d28670-f9d1-457c-83f3-4caf0bab89df-groupManagement] INFO  server.RaftServerConfigKeys (ConfUtils.java:logGet(46)) - raft.server.threadpool.client.cached = true (default)
2024-04-29 10:06:25,651 [a7d28670-f9d1-457c-83f3-4caf0bab89df-groupManagement] INFO  server.RaftServerConfigKeys (ConfUtils.java:logGet(46)) - raft.server.threadpool.client.size = 0 (default)
2024-04-29 10:06:25,651 [a7d28670-f9d1-457c-83f3-4caf0bab89df-groupManagement] INFO  server.RaftServerConfigKeys (ConfUtils.java:logGet(46)) - raft.server.storage.free-space.min = 0MB (=0) (default)
2024-04-29 10:06:25,651 [a7d28670-f9d1-457c-83f3-4caf0bab89df-groupManagement] INFO  server.RaftServerConfigKeys (ConfUtils.java:logGet(46)) - raft.server.log.corruption.policy = EXCEPTION (default)
2024-04-29 10:06:25,651 [a7d28670-f9d1-457c-83f3-4caf0bab89df-groupManagement] INFO  server.RaftServerConfigKeys (ConfUtils.java:logGet(46)) - raft.server.storage.dir = [/home/runner/work/ozone/ozone/hadoop-ozone/integration-test/target/test-dir/MiniOzoneClusterImpl-2cdd5cd5-9c4c-463f-a193-9ffbc37dc237/ozone-meta/datanode-3/ratis] (custom)
2024-04-29 10:06:25,651 [a7d28670-f9d1-457c-83f3-4caf0bab89df-groupManagement] INFO  storage.RaftStorageDirectory (RaftStorageDirectoryImpl.java:analyzeStorage(138)) - The storage directory /home/runner/work/ozone/ozone/hadoop-ozone/integration-test/target/test-dir/MiniOzoneClusterImpl-2cdd5cd5-9c4c-463f-a193-9ffbc37dc237/ozone-meta/datanode-3/ratis/51ab81b7-421b-4766-81fa-146b84fb1a91 does not exist. Creating ...
2024-04-29 10:06:25,652 [a7d28670-f9d1-457c-83f3-4caf0bab89df-groupManagement] INFO  storage.RaftStorageDirectory (RaftStorageDirectoryImpl.java:tryLock(228)) - Lock on /home/runner/work/ozone/ozone/hadoop-ozone/integration-test/target/test-dir/MiniOzoneClusterImpl-2cdd5cd5-9c4c-463f-a193-9ffbc37dc237/ozone-meta/datanode-3/ratis/51ab81b7-421b-4766-81fa-146b84fb1a91/in_use.lock acquired by nodename 20825@fv-az913-54
2024-04-29 10:06:25,654 [a7d28670-f9d1-457c-83f3-4caf0bab89df-groupManagement] INFO  storage.RaftStorage (RaftStorageImpl.java:format(99)) - Storage directory /home/runner/work/ozone/ozone/hadoop-ozone/integration-test/target/test-dir/MiniOzoneClusterImpl-2cdd5cd5-9c4c-463f-a193-9ffbc37dc237/ozone-meta/datanode-3/ratis/51ab81b7-421b-4766-81fa-146b84fb1a91 has been successfully formatted.
2024-04-29 10:06:25,654 [a7d28670-f9d1-457c-83f3-4caf0bab89df-groupManagement] WARN  util.FileUtils (LogUtils.java:supplyAndLog(63)) - Failed to Files.newInputStream /home/runner/work/ozone/ozone/hadoop-ozone/integration-test/target/test-dir/MiniOzoneClusterImpl-2cdd5cd5-9c4c-463f-a193-9ffbc37dc237/ozone-meta/datanode-3/ratis/51ab81b7-421b-4766-81fa-146b84fb1a91/current/raft-meta.conf with options []: java.nio.file.NoSuchFileException: /home/runner/work/ozone/ozone/hadoop-ozone/integration-test/target/test-dir/MiniOzoneClusterImpl-2cdd5cd5-9c4c-463f-a193-9ffbc37dc237/ozone-meta/datanode-3/ratis/51ab81b7-421b-4766-81fa-146b84fb1a91/current/raft-meta.conf
2024-04-29 10:06:25,654 [a7d28670-f9d1-457c-83f3-4caf0bab89df-groupManagement] INFO  ratis.ContainerStateMachine (ContainerStateMachine.java:loadSnapshot(287)) - group-146B84FB1A91: The snapshot info is null. Setting the last applied index to:(t:0, i:~)
2024-04-29 10:06:25,654 [a7d28670-f9d1-457c-83f3-4caf0bab89df-groupManagement] INFO  server.RaftServerConfigKeys (ConfUtils.java:logGet(46)) - raft.server.log.use.memory = false (default)
2024-04-29 10:06:25,654 [a7d28670-f9d1-457c-83f3-4caf0bab89df-groupManagement] INFO  server.RaftServerConfigKeys (ConfUtils.java:logGet(46)) - raft.server.log.purge.gap = 1000000 (custom)
2024-04-29 10:06:25,654 [a7d28670-f9d1-457c-83f3-4caf0bab89df-groupManagement] INFO  server.RaftServerConfigKeys (ConfUtils.java:logGet(46)) - raft.server.log.appender.buffer.byte-limit = 8388608 (custom)
2024-04-29 10:06:25,654 [a7d28670-f9d1-457c-83f3-4caf0bab89df-groupManagement] INFO  server.RaftServerConfigKeys (ConfUtils.java:logGet(46)) - raft.server.log.statemachine.data.read.timeout = 1000ms (default)
2024-04-29 10:06:25,654 [a7d28670-f9d1-457c-83f3-4caf0bab89df-groupManagement] INFO  server.RaftServerConfigKeys (ConfUtils.java:logGet(46)) - raft.server.log.purge.preservation.log.num = 0 (default)
2024-04-29 10:06:25,655 [EventQueue-PipelineReportForPipelineReportHandler] INFO  pipeline.PipelineReportHandler (PipelineReportHandler.java:processPipelineReport(136)) - Opened pipeline PipelineID=51ab81b7-421b-4766-81fa-146b84fb1a91
2024-04-29 10:06:25,655 [EventQueue-OpenPipelineForHealthyPipelineSafeModeRule] INFO  safemode.SCMSafeModeManager (HealthyPipelineSafeModeRule.java:process(140)) - SCM in safe mode. Healthy pipelines reported count is 0, required healthy pipeline reported count is 1
2024-04-29 10:06:25,655 [a7d28670-f9d1-457c-83f3-4caf0bab89df-groupManagement] INFO  server.RaftServerConfigKeys (ConfUtils.java:logGet(46)) - raft.server.log.segment.size.max = 67108864 (custom)
2024-04-29 10:06:25,656 [a7d28670-f9d1-457c-83f3-4caf0bab89df-groupManagement] INFO  server.RaftServerConfigKeys (ConfUtils.java:logGet(46)) - raft.server.log.segment.cache.num.max = 2 (custom)
2024-04-29 10:06:25,656 [a7d28670-f9d1-457c-83f3-4caf0bab89df-groupManagement] INFO  server.RaftServerConfigKeys (ConfUtils.java:logGet(46)) - raft.server.log.segment.cache.size.max = 200MB (=209715200) (default)
2024-04-29 10:06:25,656 [a7d28670-f9d1-457c-83f3-4caf0bab89df-groupManagement] INFO  server.RaftServerConfigKeys (ConfUtils.java:logGet(46)) - raft.server.log.appender.buffer.byte-limit = 8388608 (custom)
2024-04-29 10:06:25,656 [a7d28670-f9d1-457c-83f3-4caf0bab89df-groupManagement] INFO  util.AwaitToRun (AwaitToRun.java:start(81)) - Thread[a7d28670-f9d1-457c-83f3-4caf0bab89df@group-146B84FB1A91-cacheEviction-AwaitToRun,5,main] started
2024-04-29 10:06:25,656 [a7d28670-f9d1-457c-83f3-4caf0bab89df-groupManagement] INFO  segmented.SegmentedRaftLogWorker (SegmentedRaftLogWorker.java:<init>(182)) - new a7d28670-f9d1-457c-83f3-4caf0bab89df@group-146B84FB1A91-SegmentedRaftLogWorker for RaftStorageImpl:Storage Directory /home/runner/work/ozone/ozone/hadoop-ozone/integration-test/target/test-dir/MiniOzoneClusterImpl-2cdd5cd5-9c4c-463f-a193-9ffbc37dc237/ozone-meta/datanode-3/ratis/51ab81b7-421b-4766-81fa-146b84fb1a91
2024-04-29 10:06:25,656 [a7d28670-f9d1-457c-83f3-4caf0bab89df-groupManagement] INFO  server.RaftServerConfigKeys (ConfUtils.java:logGet(46)) - raft.server.log.queue.byte-limit = 4294967296 (custom)
2024-04-29 10:06:25,656 [a7d28670-f9d1-457c-83f3-4caf0bab89df-groupManagement] INFO  server.RaftServerConfigKeys (ConfUtils.java:logGet(46)) - raft.server.log.queue.element-limit = 1024 (custom)
2024-04-29 10:06:25,656 [a7d28670-f9d1-457c-83f3-4caf0bab89df-groupManagement] INFO  server.RaftServerConfigKeys (ConfUtils.java:logGet(46)) - raft.server.log.segment.size.max = 67108864 (custom)
2024-04-29 10:06:25,656 [a7d28670-f9d1-457c-83f3-4caf0bab89df-groupManagement] INFO  server.RaftServerConfigKeys (ConfUtils.java:logGet(46)) - raft.server.log.preallocated.size = 4194304 (custom)
2024-04-29 10:06:25,656 [a7d28670-f9d1-457c-83f3-4caf0bab89df-groupManagement] INFO  server.RaftServerConfigKeys (ConfUtils.java:logGet(46)) - raft.server.log.force.sync.num = 128 (default)
2024-04-29 10:06:25,656 [a7d28670-f9d1-457c-83f3-4caf0bab89df-groupManagement] INFO  server.RaftServerConfigKeys (ConfUtils.java:logGet(46)) - raft.server.log.statemachine.data.sync = true (default)
2024-04-29 10:06:25,656 [a7d28670-f9d1-457c-83f3-4caf0bab89df-groupManagement] INFO  server.RaftServerConfigKeys (ConfUtils.java:logGet(46)) - raft.server.log.statemachine.data.sync.timeout = 10s (default)
2024-04-29 10:06:25,656 [a7d28670-f9d1-457c-83f3-4caf0bab89df-groupManagement] INFO  server.RaftServerConfigKeys (ConfUtils.java:logGet(46)) - raft.server.log.statemachine.data.sync.timeout.retry = 30 (custom)
2024-04-29 10:06:25,656 [a7d28670-f9d1-457c-83f3-4caf0bab89df-groupManagement] INFO  server.RaftServerConfigKeys (ConfUtils.java:logGet(46)) - raft.server.log.write.buffer.size = 8388616 (custom)
2024-04-29 10:06:25,658 [a7d28670-f9d1-457c-83f3-4caf0bab89df-groupManagement] INFO  server.RaftServerConfigKeys (ConfUtils.java:logGet(46)) - raft.server.log.appender.buffer.byte-limit = 8388608 (custom)
2024-04-29 10:06:25,658 [a7d28670-f9d1-457c-83f3-4caf0bab89df-groupManagement] INFO  server.RaftServerConfigKeys (ConfUtils.java:logGet(46)) - raft.server.log.unsafe-flush.enabled = false (default)
2024-04-29 10:06:25,658 [a7d28670-f9d1-457c-83f3-4caf0bab89df-groupManagement] INFO  server.RaftServerConfigKeys (ConfUtils.java:logGet(46)) - raft.server.log.async-flush.enabled = false (default)
2024-04-29 10:06:25,658 [a7d28670-f9d1-457c-83f3-4caf0bab89df-groupManagement] INFO  server.RaftServerConfigKeys (ConfUtils.java:logGet(46)) - raft.server.log.statemachine.data.caching.enabled = true (custom)
2024-04-29 10:06:25,658 [a7d28670-f9d1-457c-83f3-4caf0bab89df-groupManagement] INFO  segmented.SegmentedRaftLogWorker (SegmentedRaftLogWorker.java:lambda$new$0(134)) - a7d28670-f9d1-457c-83f3-4caf0bab89df@group-146B84FB1A91-SegmentedRaftLogWorker: flushIndex: setUnconditionally 0 -> -1
2024-04-29 10:06:25,658 [a7d28670-f9d1-457c-83f3-4caf0bab89df-groupManagement] INFO  segmented.SegmentedRaftLogWorker (SegmentedRaftLogWorker.java:lambda$new$0(134)) - a7d28670-f9d1-457c-83f3-4caf0bab89df@group-146B84FB1A91-SegmentedRaftLogWorker: safeCacheEvictIndex: setUnconditionally 0 -> -1
2024-04-29 10:06:25,658 [a7d28670-f9d1-457c-83f3-4caf0bab89df-groupManagement] INFO  server.RaftServer$Division (RaftServerImpl.java:start(396)) - a7d28670-f9d1-457c-83f3-4caf0bab89df@group-146B84FB1A91: start as a follower, conf=-1: peers:[a7d28670-f9d1-457c-83f3-4caf0bab89df|127.0.0.1:15388]|listeners:[], old=null
2024-04-29 10:06:25,658 [a7d28670-f9d1-457c-83f3-4caf0bab89df-groupManagement] INFO  server.RaftServer$Division (RaftServerImpl.java:setRole(383)) - a7d28670-f9d1-457c-83f3-4caf0bab89df@group-146B84FB1A91: changes role from      null to FOLLOWER at term 0 for startAsFollower
2024-04-29 10:06:25,658 [a7d28670-f9d1-457c-83f3-4caf0bab89df-groupManagement] INFO  impl.RoleInfo (RoleInfo.java:updateAndGet(139)) - a7d28670-f9d1-457c-83f3-4caf0bab89df: start a7d28670-f9d1-457c-83f3-4caf0bab89df@group-146B84FB1A91-FollowerState
2024-04-29 10:06:25,658 [a7d28670-f9d1-457c-83f3-4caf0bab89df-groupManagement] INFO  util.JmxRegister (JmxRegister.java:tryRegister(44)) - Successfully registered JMX Bean with object name Ratis:service=RaftServer,group=group-146B84FB1A91,id=a7d28670-f9d1-457c-83f3-4caf0bab89df
2024-04-29 10:06:25,658 [a7d28670-f9d1-457c-83f3-4caf0bab89df-groupManagement] INFO  server.RaftServerConfigKeys (ConfUtils.java:logGet(46)) - raft.server.snapshot.trigger-when-stop.enabled = true (default)
2024-04-29 10:06:25,658 [a7d28670-f9d1-457c-83f3-4caf0bab89df-groupManagement] INFO  server.RaftServerConfigKeys (ConfUtils.java:logGet(46)) - raft.server.snapshot.auto.trigger.enabled = true (custom)
2024-04-29 10:06:25,658 [a7d28670-f9d1-457c-83f3-4caf0bab89df-groupManagement] INFO  server.RaftServerConfigKeys (ConfUtils.java:logGet(46)) - raft.server.snapshot.auto.trigger.threshold = 10000 (custom)
2024-04-29 10:06:25,658 [a7d28670-f9d1-457c-83f3-4caf0bab89df-groupManagement] INFO  server.RaftServerConfigKeys (ConfUtils.java:logGet(46)) - raft.server.snapshot.retention.file.num = 5 (custom)
2024-04-29 10:06:25,658 [a7d28670-f9d1-457c-83f3-4caf0bab89df-groupManagement] INFO  server.RaftServerConfigKeys (ConfUtils.java:logGet(46)) - raft.server.log.purge.upto.snapshot.index = false (default)
2024-04-29 10:06:25,658 [a7d28670-f9d1-457c-83f3-4caf0bab89df@group-146B84FB1A91-FollowerState] INFO  server.RaftServerConfigKeys (ConfUtils.java:logFallback(53)) - raft.server.rpc.first-election.timeout.min = 5s (fallback to raft.server.rpc.timeout.min)
2024-04-29 10:06:25,659 [a7d28670-f9d1-457c-83f3-4caf0bab89df@group-146B84FB1A91-FollowerState] INFO  server.RaftServerConfigKeys (ConfUtils.java:logFallback(53)) - raft.server.rpc.first-election.timeout.max = 5200ms (fallback to raft.server.rpc.timeout.max)
2024-04-29 10:06:25,659 [a7d28670-f9d1-457c-83f3-4caf0bab89df-PipelineCommandHandlerThread-0] INFO  ratis.XceiverServerRatis (XceiverServerRatis.java:addGroup(864)) - Created group PipelineID=51ab81b7-421b-4766-81fa-146b84fb1a91
2024-04-29 10:06:25,659 [a7d28670-f9d1-457c-83f3-4caf0bab89df-PipelineCommandHandlerThread-0] INFO  commandhandler.CreatePipelineCommandHandler (CreatePipelineCommandHandler.java:lambda$handle$2(124)) - Created Pipeline RATIS ONE PipelineID=51ab81b7-421b-4766-81fa-146b84fb1a91.
2024-04-29 10:06:25,698 [258cf687-9dbc-46c1-b255-600d670a4b6c-PipelineCommandHandlerThread-0] INFO  server.RaftServer (RaftServerProxy.java:addNew(100)) - 258cf687-9dbc-46c1-b255-600d670a4b6c: addNew group-ADD0C83E6892:[258cf687-9dbc-46c1-b255-600d670a4b6c|127.0.0.1:15397] returns group-ADD0C83E6892:java.util.concurrent.CompletableFuture@6a8c1892[Not completed]
2024-04-29 10:06:25,699 [258cf687-9dbc-46c1-b255-600d670a4b6c-groupManagement] INFO  server.RaftServer$Division (RaftServerImpl.java:<init>(256)) - 258cf687-9dbc-46c1-b255-600d670a4b6c: new RaftServerImpl for group-ADD0C83E6892:[258cf687-9dbc-46c1-b255-600d670a4b6c|127.0.0.1:15397] with ContainerStateMachine:uninitialized
2024-04-29 10:06:25,699 [258cf687-9dbc-46c1-b255-600d670a4b6c-groupManagement] INFO  server.RaftServerConfigKeys (ConfUtils.java:logGet(46)) - raft.server.rpc.timeout.min = 5s (custom)
2024-04-29 10:06:25,699 [258cf687-9dbc-46c1-b255-600d670a4b6c-groupManagement] INFO  server.RaftServerConfigKeys (ConfUtils.java:logGet(46)) - raft.server.rpc.timeout.max = 5200ms (custom)
2024-04-29 10:06:25,699 [258cf687-9dbc-46c1-b255-600d670a4b6c-groupManagement] INFO  server.RaftServerConfigKeys (ConfUtils.java:logGet(46)) - raft.server.rpc.sleep.time = 25ms (default)
2024-04-29 10:06:25,699 [258cf687-9dbc-46c1-b255-600d670a4b6c-groupManagement] INFO  server.RaftServerConfigKeys (ConfUtils.java:logGet(46)) - raft.server.rpc.slowness.timeout = 300000ms (custom)
2024-04-29 10:06:25,699 [258cf687-9dbc-46c1-b255-600d670a4b6c-groupManagement] INFO  server.RaftServerConfigKeys (ConfUtils.java:logGet(46)) - raft.server.leaderelection.leader.step-down.wait-time = 10s (default)
2024-04-29 10:06:25,699 [258cf687-9dbc-46c1-b255-600d670a4b6c-groupManagement] INFO  server.RaftServerConfigKeys (ConfUtils.java:logGet(46)) - raft.server.leaderelection.member.majority-add = false (default)
2024-04-29 10:06:25,699 [258cf687-9dbc-46c1-b255-600d670a4b6c-groupManagement] INFO  server.RaftServerConfigKeys (ConfUtils.java:logGet(46)) - raft.server.sleep.deviation.threshold = 300ms (default)
2024-04-29 10:06:25,699 [258cf687-9dbc-46c1-b255-600d670a4b6c-groupManagement] INFO  server.RaftServer$Division (ServerState.java:<init>(113)) - 258cf687-9dbc-46c1-b255-600d670a4b6c@group-ADD0C83E6892: ConfigurationManager, init=-1: peers:[258cf687-9dbc-46c1-b255-600d670a4b6c|127.0.0.1:15397]|listeners:[], old=null, confs=<EMPTY_MAP>
2024-04-29 10:06:25,699 [258cf687-9dbc-46c1-b255-600d670a4b6c-groupManagement] INFO  server.RaftServerConfigKeys (ConfUtils.java:logGet(46)) - raft.server.notification.no-leader.timeout = 300000ms (custom)
2024-04-29 10:06:25,699 [258cf687-9dbc-46c1-b255-600d670a4b6c-groupManagement] INFO  server.RaftServerConfigKeys (ConfUtils.java:logGet(46)) - raft.server.read.timeout = 10s (default)
2024-04-29 10:06:25,699 [258cf687-9dbc-46c1-b255-600d670a4b6c-groupManagement] INFO  server.RaftServerConfigKeys (ConfUtils.java:logGet(46)) - raft.server.retrycache.expirytime = 600000ms (custom)
2024-04-29 10:06:25,699 [258cf687-9dbc-46c1-b255-600d670a4b6c-groupManagement] INFO  server.RaftServerConfigKeys (ConfUtils.java:logGet(46)) - raft.server.retrycache.statistics.expirytime = 100ms (default)
2024-04-29 10:06:25,699 [258cf687-9dbc-46c1-b255-600d670a4b6c-groupManagement] INFO  server.RaftServerConfigKeys (ConfUtils.java:logGet(46)) - raft.server.read.option = DEFAULT (default)
2024-04-29 10:06:25,699 [258cf687-9dbc-46c1-b255-600d670a4b6c-groupManagement] INFO  server.RaftServerConfigKeys (ConfUtils.java:logGet(46)) - raft.server.read.read-after-write-consistent.write-index-cache.expiry-time = 60s (default)
2024-04-29 10:06:25,702 [258cf687-9dbc-46c1-b255-600d670a4b6c-groupManagement] INFO  server.RaftServerConfigKeys (ConfUtils.java:logGet(46)) - raft.server.rpc.request.timeout = 3000ms (default)
2024-04-29 10:06:25,702 [258cf687-9dbc-46c1-b255-600d670a4b6c-groupManagement] INFO  server.RaftServerConfigKeys (ConfUtils.java:logGet(46)) - raft.server.log.appender.install.snapshot.enabled = false (custom)
2024-04-29 10:06:25,702 [258cf687-9dbc-46c1-b255-600d670a4b6c-groupManagement] INFO  server.RaftServerConfigKeys (ConfUtils.java:logGet(46)) - raft.server.threadpool.server.cached = true (default)
2024-04-29 10:06:25,702 [258cf687-9dbc-46c1-b255-600d670a4b6c-groupManagement] INFO  server.RaftServerConfigKeys (ConfUtils.java:logGet(46)) - raft.server.threadpool.server.size = 0 (default)
2024-04-29 10:06:25,702 [258cf687-9dbc-46c1-b255-600d670a4b6c-groupManagement] INFO  server.RaftServerConfigKeys (ConfUtils.java:logGet(46)) - raft.server.threadpool.client.cached = true (default)
2024-04-29 10:06:25,702 [258cf687-9dbc-46c1-b255-600d670a4b6c-groupManagement] INFO  server.RaftServerConfigKeys (ConfUtils.java:logGet(46)) - raft.server.threadpool.client.size = 0 (default)
2024-04-29 10:06:25,702 [258cf687-9dbc-46c1-b255-600d670a4b6c-groupManagement] INFO  server.RaftServerConfigKeys (ConfUtils.java:logGet(46)) - raft.server.storage.free-space.min = 0MB (=0) (default)
2024-04-29 10:06:25,702 [258cf687-9dbc-46c1-b255-600d670a4b6c-groupManagement] INFO  server.RaftServerConfigKeys (ConfUtils.java:logGet(46)) - raft.server.log.corruption.policy = EXCEPTION (default)
2024-04-29 10:06:25,702 [258cf687-9dbc-46c1-b255-600d670a4b6c-groupManagement] INFO  server.RaftServerConfigKeys (ConfUtils.java:logGet(46)) - raft.server.storage.dir = [/home/runner/work/ozone/ozone/hadoop-ozone/integration-test/target/test-dir/MiniOzoneClusterImpl-2cdd5cd5-9c4c-463f-a193-9ffbc37dc237/ozone-meta/datanode-4/ratis] (custom)
2024-04-29 10:06:25,702 [258cf687-9dbc-46c1-b255-600d670a4b6c-groupManagement] INFO  storage.RaftStorageDirectory (RaftStorageDirectoryImpl.java:analyzeStorage(138)) - The storage directory /home/runner/work/ozone/ozone/hadoop-ozone/integration-test/target/test-dir/MiniOzoneClusterImpl-2cdd5cd5-9c4c-463f-a193-9ffbc37dc237/ozone-meta/datanode-4/ratis/922be877-8da3-4e55-813a-add0c83e6892 does not exist. Creating ...
2024-04-29 10:06:25,703 [258cf687-9dbc-46c1-b255-600d670a4b6c-groupManagement] INFO  storage.RaftStorageDirectory (RaftStorageDirectoryImpl.java:tryLock(228)) - Lock on /home/runner/work/ozone/ozone/hadoop-ozone/integration-test/target/test-dir/MiniOzoneClusterImpl-2cdd5cd5-9c4c-463f-a193-9ffbc37dc237/ozone-meta/datanode-4/ratis/922be877-8da3-4e55-813a-add0c83e6892/in_use.lock acquired by nodename 20825@fv-az913-54
2024-04-29 10:06:25,705 [258cf687-9dbc-46c1-b255-600d670a4b6c-groupManagement] INFO  storage.RaftStorage (RaftStorageImpl.java:format(99)) - Storage directory /home/runner/work/ozone/ozone/hadoop-ozone/integration-test/target/test-dir/MiniOzoneClusterImpl-2cdd5cd5-9c4c-463f-a193-9ffbc37dc237/ozone-meta/datanode-4/ratis/922be877-8da3-4e55-813a-add0c83e6892 has been successfully formatted.
2024-04-29 10:06:25,705 [258cf687-9dbc-46c1-b255-600d670a4b6c-groupManagement] WARN  util.FileUtils (LogUtils.java:supplyAndLog(63)) - Failed to Files.newInputStream /home/runner/work/ozone/ozone/hadoop-ozone/integration-test/target/test-dir/MiniOzoneClusterImpl-2cdd5cd5-9c4c-463f-a193-9ffbc37dc237/ozone-meta/datanode-4/ratis/922be877-8da3-4e55-813a-add0c83e6892/current/raft-meta.conf with options []: java.nio.file.NoSuchFileException: /home/runner/work/ozone/ozone/hadoop-ozone/integration-test/target/test-dir/MiniOzoneClusterImpl-2cdd5cd5-9c4c-463f-a193-9ffbc37dc237/ozone-meta/datanode-4/ratis/922be877-8da3-4e55-813a-add0c83e6892/current/raft-meta.conf
2024-04-29 10:06:25,705 [258cf687-9dbc-46c1-b255-600d670a4b6c-groupManagement] INFO  ratis.ContainerStateMachine (ContainerStateMachine.java:loadSnapshot(287)) - group-ADD0C83E6892: The snapshot info is null. Setting the last applied index to:(t:0, i:~)
2024-04-29 10:06:25,705 [258cf687-9dbc-46c1-b255-600d670a4b6c-groupManagement] INFO  server.RaftServerConfigKeys (ConfUtils.java:logGet(46)) - raft.server.log.use.memory = false (default)
2024-04-29 10:06:25,705 [258cf687-9dbc-46c1-b255-600d670a4b6c-groupManagement] INFO  server.RaftServerConfigKeys (ConfUtils.java:logGet(46)) - raft.server.log.purge.gap = 1000000 (custom)
2024-04-29 10:06:25,705 [258cf687-9dbc-46c1-b255-600d670a4b6c-groupManagement] INFO  server.RaftServerConfigKeys (ConfUtils.java:logGet(46)) - raft.server.log.appender.buffer.byte-limit = 8388608 (custom)
2024-04-29 10:06:25,705 [258cf687-9dbc-46c1-b255-600d670a4b6c-groupManagement] INFO  server.RaftServerConfigKeys (ConfUtils.java:logGet(46)) - raft.server.log.statemachine.data.read.timeout = 1000ms (default)
2024-04-29 10:06:25,705 [258cf687-9dbc-46c1-b255-600d670a4b6c-groupManagement] INFO  server.RaftServerConfigKeys (ConfUtils.java:logGet(46)) - raft.server.log.purge.preservation.log.num = 0 (default)
2024-04-29 10:06:25,706 [EventQueue-PipelineReportForPipelineReportHandler] INFO  pipeline.PipelineReportHandler (PipelineReportHandler.java:processPipelineReport(136)) - Opened pipeline PipelineID=922be877-8da3-4e55-813a-add0c83e6892
2024-04-29 10:06:25,706 [EventQueue-OpenPipelineForHealthyPipelineSafeModeRule] INFO  safemode.SCMSafeModeManager (HealthyPipelineSafeModeRule.java:process(140)) - SCM in safe mode. Healthy pipelines reported count is 0, required healthy pipeline reported count is 1
2024-04-29 10:06:25,707 [258cf687-9dbc-46c1-b255-600d670a4b6c-groupManagement] INFO  server.RaftServerConfigKeys (ConfUtils.java:logGet(46)) - raft.server.log.segment.size.max = 67108864 (custom)
2024-04-29 10:06:25,707 [258cf687-9dbc-46c1-b255-600d670a4b6c-groupManagement] INFO  server.RaftServerConfigKeys (ConfUtils.java:logGet(46)) - raft.server.log.segment.cache.num.max = 2 (custom)
2024-04-29 10:06:25,707 [258cf687-9dbc-46c1-b255-600d670a4b6c-groupManagement] INFO  server.RaftServerConfigKeys (ConfUtils.java:logGet(46)) - raft.server.log.segment.cache.size.max = 200MB (=209715200) (default)
2024-04-29 10:06:25,707 [258cf687-9dbc-46c1-b255-600d670a4b6c-groupManagement] INFO  server.RaftServerConfigKeys (ConfUtils.java:logGet(46)) - raft.server.log.appender.buffer.byte-limit = 8388608 (custom)
2024-04-29 10:06:25,707 [258cf687-9dbc-46c1-b255-600d670a4b6c-groupManagement] INFO  util.AwaitToRun (AwaitToRun.java:start(81)) - Thread[258cf687-9dbc-46c1-b255-600d670a4b6c@group-ADD0C83E6892-cacheEviction-AwaitToRun,5,main] started
2024-04-29 10:06:25,707 [258cf687-9dbc-46c1-b255-600d670a4b6c-groupManagement] INFO  segmented.SegmentedRaftLogWorker (SegmentedRaftLogWorker.java:<init>(182)) - new 258cf687-9dbc-46c1-b255-600d670a4b6c@group-ADD0C83E6892-SegmentedRaftLogWorker for RaftStorageImpl:Storage Directory /home/runner/work/ozone/ozone/hadoop-ozone/integration-test/target/test-dir/MiniOzoneClusterImpl-2cdd5cd5-9c4c-463f-a193-9ffbc37dc237/ozone-meta/datanode-4/ratis/922be877-8da3-4e55-813a-add0c83e6892
2024-04-29 10:06:25,707 [258cf687-9dbc-46c1-b255-600d670a4b6c-groupManagement] INFO  server.RaftServerConfigKeys (ConfUtils.java:logGet(46)) - raft.server.log.queue.byte-limit = 4294967296 (custom)
2024-04-29 10:06:25,707 [258cf687-9dbc-46c1-b255-600d670a4b6c-groupManagement] INFO  server.RaftServerConfigKeys (ConfUtils.java:logGet(46)) - raft.server.log.queue.element-limit = 1024 (custom)
2024-04-29 10:06:25,707 [258cf687-9dbc-46c1-b255-600d670a4b6c-groupManagement] INFO  server.RaftServerConfigKeys (ConfUtils.java:logGet(46)) - raft.server.log.segment.size.max = 67108864 (custom)
2024-04-29 10:06:25,707 [258cf687-9dbc-46c1-b255-600d670a4b6c-groupManagement] INFO  server.RaftServerConfigKeys (ConfUtils.java:logGet(46)) - raft.server.log.preallocated.size = 4194304 (custom)
2024-04-29 10:06:25,707 [258cf687-9dbc-46c1-b255-600d670a4b6c-groupManagement] INFO  server.RaftServerConfigKeys (ConfUtils.java:logGet(46)) - raft.server.log.force.sync.num = 128 (default)
2024-04-29 10:06:25,707 [258cf687-9dbc-46c1-b255-600d670a4b6c-groupManagement] INFO  server.RaftServerConfigKeys (ConfUtils.java:logGet(46)) - raft.server.log.statemachine.data.sync = true (default)
2024-04-29 10:06:25,707 [258cf687-9dbc-46c1-b255-600d670a4b6c-groupManagement] INFO  server.RaftServerConfigKeys (ConfUtils.java:logGet(46)) - raft.server.log.statemachine.data.sync.timeout = 10s (default)
2024-04-29 10:06:25,707 [258cf687-9dbc-46c1-b255-600d670a4b6c-groupManagement] INFO  server.RaftServerConfigKeys (ConfUtils.java:logGet(46)) - raft.server.log.statemachine.data.sync.timeout.retry = 30 (custom)
2024-04-29 10:06:25,708 [258cf687-9dbc-46c1-b255-600d670a4b6c-groupManagement] INFO  server.RaftServerConfigKeys (ConfUtils.java:logGet(46)) - raft.server.log.write.buffer.size = 8388616 (custom)
2024-04-29 10:06:25,709 [258cf687-9dbc-46c1-b255-600d670a4b6c-groupManagement] INFO  server.RaftServerConfigKeys (ConfUtils.java:logGet(46)) - raft.server.log.appender.buffer.byte-limit = 8388608 (custom)
2024-04-29 10:06:25,709 [258cf687-9dbc-46c1-b255-600d670a4b6c-groupManagement] INFO  server.RaftServerConfigKeys (ConfUtils.java:logGet(46)) - raft.server.log.unsafe-flush.enabled = false (default)
2024-04-29 10:06:25,709 [258cf687-9dbc-46c1-b255-600d670a4b6c-groupManagement] INFO  server.RaftServerConfigKeys (ConfUtils.java:logGet(46)) - raft.server.log.async-flush.enabled = false (default)
2024-04-29 10:06:25,709 [258cf687-9dbc-46c1-b255-600d670a4b6c-groupManagement] INFO  server.RaftServerConfigKeys (ConfUtils.java:logGet(46)) - raft.server.log.statemachine.data.caching.enabled = true (custom)
2024-04-29 10:06:25,709 [258cf687-9dbc-46c1-b255-600d670a4b6c-groupManagement] INFO  segmented.SegmentedRaftLogWorker (SegmentedRaftLogWorker.java:lambda$new$0(134)) - 258cf687-9dbc-46c1-b255-600d670a4b6c@group-ADD0C83E6892-SegmentedRaftLogWorker: flushIndex: setUnconditionally 0 -> -1
2024-04-29 10:06:25,709 [258cf687-9dbc-46c1-b255-600d670a4b6c-groupManagement] INFO  segmented.SegmentedRaftLogWorker (SegmentedRaftLogWorker.java:lambda$new$0(134)) - 258cf687-9dbc-46c1-b255-600d670a4b6c@group-ADD0C83E6892-SegmentedRaftLogWorker: safeCacheEvictIndex: setUnconditionally 0 -> -1
2024-04-29 10:06:25,709 [258cf687-9dbc-46c1-b255-600d670a4b6c-groupManagement] INFO  server.RaftServer$Division (RaftServerImpl.java:start(396)) - 258cf687-9dbc-46c1-b255-600d670a4b6c@group-ADD0C83E6892: start as a follower, conf=-1: peers:[258cf687-9dbc-46c1-b255-600d670a4b6c|127.0.0.1:15397]|listeners:[], old=null
2024-04-29 10:06:25,709 [258cf687-9dbc-46c1-b255-600d670a4b6c-groupManagement] INFO  server.RaftServer$Division (RaftServerImpl.java:setRole(383)) - 258cf687-9dbc-46c1-b255-600d670a4b6c@group-ADD0C83E6892: changes role from      null to FOLLOWER at term 0 for startAsFollower
2024-04-29 10:06:25,709 [258cf687-9dbc-46c1-b255-600d670a4b6c-groupManagement] INFO  impl.RoleInfo (RoleInfo.java:updateAndGet(139)) - 258cf687-9dbc-46c1-b255-600d670a4b6c: start 258cf687-9dbc-46c1-b255-600d670a4b6c@group-ADD0C83E6892-FollowerState
2024-04-29 10:06:25,710 [258cf687-9dbc-46c1-b255-600d670a4b6c@group-ADD0C83E6892-FollowerState] INFO  server.RaftServerConfigKeys (ConfUtils.java:logFallback(53)) - raft.server.rpc.first-election.timeout.min = 5s (fallback to raft.server.rpc.timeout.min)
2024-04-29 10:06:25,710 [258cf687-9dbc-46c1-b255-600d670a4b6c-groupManagement] INFO  util.JmxRegister (JmxRegister.java:tryRegister(44)) - Successfully registered JMX Bean with object name Ratis:service=RaftServer,group=group-ADD0C83E6892,id=258cf687-9dbc-46c1-b255-600d670a4b6c
2024-04-29 10:06:25,710 [258cf687-9dbc-46c1-b255-600d670a4b6c-groupManagement] INFO  server.RaftServerConfigKeys (ConfUtils.java:logGet(46)) - raft.server.snapshot.trigger-when-stop.enabled = true (default)
2024-04-29 10:06:25,710 [258cf687-9dbc-46c1-b255-600d670a4b6c-groupManagement] INFO  server.RaftServerConfigKeys (ConfUtils.java:logGet(46)) - raft.server.snapshot.auto.trigger.enabled = true (custom)
2024-04-29 10:06:25,710 [258cf687-9dbc-46c1-b255-600d670a4b6c-groupManagement] INFO  server.RaftServerConfigKeys (ConfUtils.java:logGet(46)) - raft.server.snapshot.auto.trigger.threshold = 10000 (custom)
2024-04-29 10:06:25,710 [258cf687-9dbc-46c1-b255-600d670a4b6c-groupManagement] INFO  server.RaftServerConfigKeys (ConfUtils.java:logGet(46)) - raft.server.snapshot.retention.file.num = 5 (custom)
2024-04-29 10:06:25,710 [258cf687-9dbc-46c1-b255-600d670a4b6c-groupManagement] INFO  server.RaftServerConfigKeys (ConfUtils.java:logGet(46)) - raft.server.log.purge.upto.snapshot.index = false (default)
2024-04-29 10:06:25,710 [258cf687-9dbc-46c1-b255-600d670a4b6c@group-ADD0C83E6892-FollowerState] INFO  server.RaftServerConfigKeys (ConfUtils.java:logFallback(53)) - raft.server.rpc.first-election.timeout.max = 5200ms (fallback to raft.server.rpc.timeout.max)
2024-04-29 10:06:25,717 [258cf687-9dbc-46c1-b255-600d670a4b6c-PipelineCommandHandlerThread-0] INFO  ratis.XceiverServerRatis (XceiverServerRatis.java:addGroup(864)) - Created group PipelineID=922be877-8da3-4e55-813a-add0c83e6892
2024-04-29 10:06:25,717 [258cf687-9dbc-46c1-b255-600d670a4b6c-PipelineCommandHandlerThread-0] INFO  commandhandler.CreatePipelineCommandHandler (CreatePipelineCommandHandler.java:lambda$handle$2(124)) - Created Pipeline RATIS ONE PipelineID=922be877-8da3-4e55-813a-add0c83e6892.
2024-04-29 10:06:25,718 [258cf687-9dbc-46c1-b255-600d670a4b6c-PipelineCommandHandlerThread-0] INFO  server.RaftServer (RaftServerProxy.java:addNew(100)) - 258cf687-9dbc-46c1-b255-600d670a4b6c: addNew group-60B79CED8902:[96aec129-8b92-4385-b6bc-dde0a337a972|127.0.0.1:15406, 258cf687-9dbc-46c1-b255-600d670a4b6c|127.0.0.1:15397, 9d50a68e-635c-4808-a075-dce2406a94a2|127.0.0.1:15415] returns group-60B79CED8902:java.util.concurrent.CompletableFuture@6eb3911b[Not completed]
2024-04-29 10:06:25,718 [258cf687-9dbc-46c1-b255-600d670a4b6c-groupManagement] INFO  server.RaftServer$Division (RaftServerImpl.java:<init>(256)) - 258cf687-9dbc-46c1-b255-600d670a4b6c: new RaftServerImpl for group-60B79CED8902:[96aec129-8b92-4385-b6bc-dde0a337a972|127.0.0.1:15406, 258cf687-9dbc-46c1-b255-600d670a4b6c|127.0.0.1:15397, 9d50a68e-635c-4808-a075-dce2406a94a2|127.0.0.1:15415] with ContainerStateMachine:uninitialized
2024-04-29 10:06:25,718 [258cf687-9dbc-46c1-b255-600d670a4b6c-groupManagement] INFO  server.RaftServerConfigKeys (ConfUtils.java:logGet(46)) - raft.server.rpc.timeout.min = 5s (custom)
2024-04-29 10:06:25,718 [258cf687-9dbc-46c1-b255-600d670a4b6c-groupManagement] INFO  server.RaftServerConfigKeys (ConfUtils.java:logGet(46)) - raft.server.rpc.timeout.max = 5200ms (custom)
2024-04-29 10:06:25,718 [258cf687-9dbc-46c1-b255-600d670a4b6c-groupManagement] INFO  server.RaftServerConfigKeys (ConfUtils.java:logGet(46)) - raft.server.rpc.sleep.time = 25ms (default)
2024-04-29 10:06:25,718 [258cf687-9dbc-46c1-b255-600d670a4b6c-groupManagement] INFO  server.RaftServerConfigKeys (ConfUtils.java:logGet(46)) - raft.server.rpc.slowness.timeout = 300000ms (custom)
2024-04-29 10:06:25,718 [258cf687-9dbc-46c1-b255-600d670a4b6c-groupManagement] INFO  server.RaftServerConfigKeys (ConfUtils.java:logGet(46)) - raft.server.leaderelection.leader.step-down.wait-time = 10s (default)
2024-04-29 10:06:25,718 [258cf687-9dbc-46c1-b255-600d670a4b6c-groupManagement] INFO  server.RaftServerConfigKeys (ConfUtils.java:logGet(46)) - raft.server.leaderelection.member.majority-add = false (default)
2024-04-29 10:06:25,718 [258cf687-9dbc-46c1-b255-600d670a4b6c-groupManagement] INFO  server.RaftServerConfigKeys (ConfUtils.java:logGet(46)) - raft.server.sleep.deviation.threshold = 300ms (default)
2024-04-29 10:06:25,719 [258cf687-9dbc-46c1-b255-600d670a4b6c-groupManagement] INFO  server.RaftServer$Division (ServerState.java:<init>(113)) - 258cf687-9dbc-46c1-b255-600d670a4b6c@group-60B79CED8902: ConfigurationManager, init=-1: peers:[96aec129-8b92-4385-b6bc-dde0a337a972|127.0.0.1:15406, 258cf687-9dbc-46c1-b255-600d670a4b6c|127.0.0.1:15397, 9d50a68e-635c-4808-a075-dce2406a94a2|127.0.0.1:15415]|listeners:[], old=null, confs=<EMPTY_MAP>
2024-04-29 10:06:25,719 [258cf687-9dbc-46c1-b255-600d670a4b6c-groupManagement] INFO  server.RaftServerConfigKeys (ConfUtils.java:logGet(46)) - raft.server.notification.no-leader.timeout = 300000ms (custom)
2024-04-29 10:06:25,719 [258cf687-9dbc-46c1-b255-600d670a4b6c-groupManagement] INFO  server.RaftServerConfigKeys (ConfUtils.java:logGet(46)) - raft.server.read.timeout = 10s (default)
2024-04-29 10:06:25,719 [258cf687-9dbc-46c1-b255-600d670a4b6c-groupManagement] INFO  server.RaftServerConfigKeys (ConfUtils.java:logGet(46)) - raft.server.retrycache.expirytime = 600000ms (custom)
2024-04-29 10:06:25,719 [258cf687-9dbc-46c1-b255-600d670a4b6c-groupManagement] INFO  server.RaftServerConfigKeys (ConfUtils.java:logGet(46)) - raft.server.retrycache.statistics.expirytime = 100ms (default)
2024-04-29 10:06:25,719 [258cf687-9dbc-46c1-b255-600d670a4b6c-groupManagement] INFO  server.RaftServerConfigKeys (ConfUtils.java:logGet(46)) - raft.server.read.option = DEFAULT (default)
2024-04-29 10:06:25,719 [258cf687-9dbc-46c1-b255-600d670a4b6c-groupManagement] INFO  server.RaftServerConfigKeys (ConfUtils.java:logGet(46)) - raft.server.read.read-after-write-consistent.write-index-cache.expiry-time = 60s (default)
2024-04-29 10:06:25,720 [258cf687-9dbc-46c1-b255-600d670a4b6c-groupManagement] INFO  server.RaftServerConfigKeys (ConfUtils.java:logGet(46)) - raft.server.rpc.request.timeout = 3000ms (default)
2024-04-29 10:06:25,720 [258cf687-9dbc-46c1-b255-600d670a4b6c-groupManagement] INFO  server.RaftServerConfigKeys (ConfUtils.java:logGet(46)) - raft.server.log.appender.install.snapshot.enabled = false (custom)
2024-04-29 10:06:25,720 [258cf687-9dbc-46c1-b255-600d670a4b6c-groupManagement] INFO  server.RaftServerConfigKeys (ConfUtils.java:logGet(46)) - raft.server.threadpool.server.cached = true (default)
2024-04-29 10:06:25,721 [258cf687-9dbc-46c1-b255-600d670a4b6c-groupManagement] INFO  server.RaftServerConfigKeys (ConfUtils.java:logGet(46)) - raft.server.threadpool.server.size = 0 (default)
2024-04-29 10:06:25,721 [258cf687-9dbc-46c1-b255-600d670a4b6c-groupManagement] INFO  server.RaftServerConfigKeys (ConfUtils.java:logGet(46)) - raft.server.threadpool.client.cached = true (default)
2024-04-29 10:06:25,721 [258cf687-9dbc-46c1-b255-600d670a4b6c-groupManagement] INFO  server.RaftServerConfigKeys (ConfUtils.java:logGet(46)) - raft.server.threadpool.client.size = 0 (default)
2024-04-29 10:06:25,721 [258cf687-9dbc-46c1-b255-600d670a4b6c-groupManagement] INFO  server.RaftServerConfigKeys (ConfUtils.java:logGet(46)) - raft.server.storage.free-space.min = 0MB (=0) (default)
2024-04-29 10:06:25,721 [258cf687-9dbc-46c1-b255-600d670a4b6c-groupManagement] INFO  server.RaftServerConfigKeys (ConfUtils.java:logGet(46)) - raft.server.log.corruption.policy = EXCEPTION (default)
2024-04-29 10:06:25,721 [258cf687-9dbc-46c1-b255-600d670a4b6c-groupManagement] INFO  server.RaftServerConfigKeys (ConfUtils.java:logGet(46)) - raft.server.storage.dir = [/home/runner/work/ozone/ozone/hadoop-ozone/integration-test/target/test-dir/MiniOzoneClusterImpl-2cdd5cd5-9c4c-463f-a193-9ffbc37dc237/ozone-meta/datanode-4/ratis] (custom)
2024-04-29 10:06:25,721 [258cf687-9dbc-46c1-b255-600d670a4b6c-groupManagement] INFO  storage.RaftStorageDirectory (RaftStorageDirectoryImpl.java:analyzeStorage(138)) - The storage directory /home/runner/work/ozone/ozone/hadoop-ozone/integration-test/target/test-dir/MiniOzoneClusterImpl-2cdd5cd5-9c4c-463f-a193-9ffbc37dc237/ozone-meta/datanode-4/ratis/0d7410f7-5039-47a1-bbfe-60b79ced8902 does not exist. Creating ...
2024-04-29 10:06:25,722 [258cf687-9dbc-46c1-b255-600d670a4b6c-groupManagement] INFO  storage.RaftStorageDirectory (RaftStorageDirectoryImpl.java:tryLock(228)) - Lock on /home/runner/work/ozone/ozone/hadoop-ozone/integration-test/target/test-dir/MiniOzoneClusterImpl-2cdd5cd5-9c4c-463f-a193-9ffbc37dc237/ozone-meta/datanode-4/ratis/0d7410f7-5039-47a1-bbfe-60b79ced8902/in_use.lock acquired by nodename 20825@fv-az913-54
2024-04-29 10:06:25,725 [258cf687-9dbc-46c1-b255-600d670a4b6c-groupManagement] INFO  storage.RaftStorage (RaftStorageImpl.java:format(99)) - Storage directory /home/runner/work/ozone/ozone/hadoop-ozone/integration-test/target/test-dir/MiniOzoneClusterImpl-2cdd5cd5-9c4c-463f-a193-9ffbc37dc237/ozone-meta/datanode-4/ratis/0d7410f7-5039-47a1-bbfe-60b79ced8902 has been successfully formatted.
2024-04-29 10:06:25,725 [258cf687-9dbc-46c1-b255-600d670a4b6c-groupManagement] WARN  util.FileUtils (LogUtils.java:supplyAndLog(63)) - Failed to Files.newInputStream /home/runner/work/ozone/ozone/hadoop-ozone/integration-test/target/test-dir/MiniOzoneClusterImpl-2cdd5cd5-9c4c-463f-a193-9ffbc37dc237/ozone-meta/datanode-4/ratis/0d7410f7-5039-47a1-bbfe-60b79ced8902/current/raft-meta.conf with options []: java.nio.file.NoSuchFileException: /home/runner/work/ozone/ozone/hadoop-ozone/integration-test/target/test-dir/MiniOzoneClusterImpl-2cdd5cd5-9c4c-463f-a193-9ffbc37dc237/ozone-meta/datanode-4/ratis/0d7410f7-5039-47a1-bbfe-60b79ced8902/current/raft-meta.conf
2024-04-29 10:06:25,726 [258cf687-9dbc-46c1-b255-600d670a4b6c-groupManagement] INFO  ratis.ContainerStateMachine (ContainerStateMachine.java:loadSnapshot(287)) - group-60B79CED8902: The snapshot info is null. Setting the last applied index to:(t:0, i:~)
2024-04-29 10:06:25,726 [258cf687-9dbc-46c1-b255-600d670a4b6c-groupManagement] INFO  server.RaftServerConfigKeys (ConfUtils.java:logGet(46)) - raft.server.log.use.memory = false (default)
2024-04-29 10:06:25,726 [258cf687-9dbc-46c1-b255-600d670a4b6c-groupManagement] INFO  server.RaftServerConfigKeys (ConfUtils.java:logGet(46)) - raft.server.log.purge.gap = 1000000 (custom)
2024-04-29 10:06:25,726 [258cf687-9dbc-46c1-b255-600d670a4b6c-groupManagement] INFO  server.RaftServerConfigKeys (ConfUtils.java:logGet(46)) - raft.server.log.appender.buffer.byte-limit = 8388608 (custom)
2024-04-29 10:06:25,726 [258cf687-9dbc-46c1-b255-600d670a4b6c-groupManagement] INFO  server.RaftServerConfigKeys (ConfUtils.java:logGet(46)) - raft.server.log.statemachine.data.read.timeout = 1000ms (default)
2024-04-29 10:06:25,726 [258cf687-9dbc-46c1-b255-600d670a4b6c-groupManagement] INFO  server.RaftServerConfigKeys (ConfUtils.java:logGet(46)) - raft.server.log.purge.preservation.log.num = 0 (default)
2024-04-29 10:06:25,727 [EventQueue-OpenPipelineForHealthyPipelineSafeModeRule] INFO  safemode.SCMSafeModeManager (HealthyPipelineSafeModeRule.java:process(140)) - SCM in safe mode. Healthy pipelines reported count is 0, required healthy pipeline reported count is 1
2024-04-29 10:06:25,727 [258cf687-9dbc-46c1-b255-600d670a4b6c-groupManagement] INFO  server.RaftServerConfigKeys (ConfUtils.java:logGet(46)) - raft.server.log.segment.size.max = 67108864 (custom)
2024-04-29 10:06:25,727 [258cf687-9dbc-46c1-b255-600d670a4b6c-groupManagement] INFO  server.RaftServerConfigKeys (ConfUtils.java:logGet(46)) - raft.server.log.segment.cache.num.max = 2 (custom)
2024-04-29 10:06:25,727 [258cf687-9dbc-46c1-b255-600d670a4b6c-groupManagement] INFO  server.RaftServerConfigKeys (ConfUtils.java:logGet(46)) - raft.server.log.segment.cache.size.max = 200MB (=209715200) (default)
2024-04-29 10:06:25,727 [258cf687-9dbc-46c1-b255-600d670a4b6c-groupManagement] INFO  server.RaftServerConfigKeys (ConfUtils.java:logGet(46)) - raft.server.log.appender.buffer.byte-limit = 8388608 (custom)
2024-04-29 10:06:25,728 [258cf687-9dbc-46c1-b255-600d670a4b6c-groupManagement] INFO  util.AwaitToRun (AwaitToRun.java:start(81)) - Thread[258cf687-9dbc-46c1-b255-600d670a4b6c@group-60B79CED8902-cacheEviction-AwaitToRun,5,main] started
2024-04-29 10:06:25,728 [258cf687-9dbc-46c1-b255-600d670a4b6c-groupManagement] INFO  segmented.SegmentedRaftLogWorker (SegmentedRaftLogWorker.java:<init>(182)) - new 258cf687-9dbc-46c1-b255-600d670a4b6c@group-60B79CED8902-SegmentedRaftLogWorker for RaftStorageImpl:Storage Directory /home/runner/work/ozone/ozone/hadoop-ozone/integration-test/target/test-dir/MiniOzoneClusterImpl-2cdd5cd5-9c4c-463f-a193-9ffbc37dc237/ozone-meta/datanode-4/ratis/0d7410f7-5039-47a1-bbfe-60b79ced8902
2024-04-29 10:06:25,728 [258cf687-9dbc-46c1-b255-600d670a4b6c-groupManagement] INFO  server.RaftServerConfigKeys (ConfUtils.java:logGet(46)) - raft.server.log.queue.byte-limit = 4294967296 (custom)
2024-04-29 10:06:25,728 [258cf687-9dbc-46c1-b255-600d670a4b6c-groupManagement] INFO  server.RaftServerConfigKeys (ConfUtils.java:logGet(46)) - raft.server.log.queue.element-limit = 1024 (custom)
2024-04-29 10:06:25,728 [258cf687-9dbc-46c1-b255-600d670a4b6c-groupManagement] INFO  server.RaftServerConfigKeys (ConfUtils.java:logGet(46)) - raft.server.log.segment.size.max = 67108864 (custom)
2024-04-29 10:06:25,728 [258cf687-9dbc-46c1-b255-600d670a4b6c-groupManagement] INFO  server.RaftServerConfigKeys (ConfUtils.java:logGet(46)) - raft.server.log.preallocated.size = 4194304 (custom)
2024-04-29 10:06:25,728 [258cf687-9dbc-46c1-b255-600d670a4b6c-groupManagement] INFO  server.RaftServerConfigKeys (ConfUtils.java:logGet(46)) - raft.server.log.force.sync.num = 128 (default)
2024-04-29 10:06:25,728 [258cf687-9dbc-46c1-b255-600d670a4b6c-groupManagement] INFO  server.RaftServerConfigKeys (ConfUtils.java:logGet(46)) - raft.server.log.statemachine.data.sync = true (default)
2024-04-29 10:06:25,728 [258cf687-9dbc-46c1-b255-600d670a4b6c-groupManagement] INFO  server.RaftServerConfigKeys (ConfUtils.java:logGet(46)) - raft.server.log.statemachine.data.sync.timeout = 10s (default)
2024-04-29 10:06:25,728 [258cf687-9dbc-46c1-b255-600d670a4b6c-groupManagement] INFO  server.RaftServerConfigKeys (ConfUtils.java:logGet(46)) - raft.server.log.statemachine.data.sync.timeout.retry = 30 (custom)
2024-04-29 10:06:25,728 [258cf687-9dbc-46c1-b255-600d670a4b6c-groupManagement] INFO  server.RaftServerConfigKeys (ConfUtils.java:logGet(46)) - raft.server.log.write.buffer.size = 8388616 (custom)
2024-04-29 10:06:25,729 [258cf687-9dbc-46c1-b255-600d670a4b6c-groupManagement] INFO  server.RaftServerConfigKeys (ConfUtils.java:logGet(46)) - raft.server.log.appender.buffer.byte-limit = 8388608 (custom)
2024-04-29 10:06:25,729 [258cf687-9dbc-46c1-b255-600d670a4b6c-groupManagement] INFO  server.RaftServerConfigKeys (ConfUtils.java:logGet(46)) - raft.server.log.unsafe-flush.enabled = false (default)
2024-04-29 10:06:25,729 [258cf687-9dbc-46c1-b255-600d670a4b6c-groupManagement] INFO  server.RaftServerConfigKeys (ConfUtils.java:logGet(46)) - raft.server.log.async-flush.enabled = false (default)
2024-04-29 10:06:25,730 [258cf687-9dbc-46c1-b255-600d670a4b6c-groupManagement] INFO  server.RaftServerConfigKeys (ConfUtils.java:logGet(46)) - raft.server.log.statemachine.data.caching.enabled = true (custom)
2024-04-29 10:06:25,730 [258cf687-9dbc-46c1-b255-600d670a4b6c-groupManagement] INFO  segmented.SegmentedRaftLogWorker (SegmentedRaftLogWorker.java:lambda$new$0(134)) - 258cf687-9dbc-46c1-b255-600d670a4b6c@group-60B79CED8902-SegmentedRaftLogWorker: flushIndex: setUnconditionally 0 -> -1
2024-04-29 10:06:25,730 [258cf687-9dbc-46c1-b255-600d670a4b6c-groupManagement] INFO  segmented.SegmentedRaftLogWorker (SegmentedRaftLogWorker.java:lambda$new$0(134)) - 258cf687-9dbc-46c1-b255-600d670a4b6c@group-60B79CED8902-SegmentedRaftLogWorker: safeCacheEvictIndex: setUnconditionally 0 -> -1
2024-04-29 10:06:25,730 [258cf687-9dbc-46c1-b255-600d670a4b6c-groupManagement] INFO  server.RaftServer$Division (RaftServerImpl.java:start(396)) - 258cf687-9dbc-46c1-b255-600d670a4b6c@group-60B79CED8902: start as a follower, conf=-1: peers:[96aec129-8b92-4385-b6bc-dde0a337a972|127.0.0.1:15406, 258cf687-9dbc-46c1-b255-600d670a4b6c|127.0.0.1:15397, 9d50a68e-635c-4808-a075-dce2406a94a2|127.0.0.1:15415]|listeners:[], old=null
2024-04-29 10:06:25,730 [258cf687-9dbc-46c1-b255-600d670a4b6c-groupManagement] INFO  server.RaftServer$Division (RaftServerImpl.java:setRole(383)) - 258cf687-9dbc-46c1-b255-600d670a4b6c@group-60B79CED8902: changes role from      null to FOLLOWER at term 0 for startAsFollower
2024-04-29 10:06:25,730 [258cf687-9dbc-46c1-b255-600d670a4b6c-groupManagement] INFO  impl.RoleInfo (RoleInfo.java:updateAndGet(139)) - 258cf687-9dbc-46c1-b255-600d670a4b6c: start 258cf687-9dbc-46c1-b255-600d670a4b6c@group-60B79CED8902-FollowerState
2024-04-29 10:06:25,730 [258cf687-9dbc-46c1-b255-600d670a4b6c-groupManagement] INFO  util.JmxRegister (JmxRegister.java:tryRegister(44)) - Successfully registered JMX Bean with object name Ratis:service=RaftServer,group=group-60B79CED8902,id=258cf687-9dbc-46c1-b255-600d670a4b6c
2024-04-29 10:06:25,730 [258cf687-9dbc-46c1-b255-600d670a4b6c-groupManagement] INFO  server.RaftServerConfigKeys (ConfUtils.java:logGet(46)) - raft.server.snapshot.trigger-when-stop.enabled = true (default)
2024-04-29 10:06:25,730 [258cf687-9dbc-46c1-b255-600d670a4b6c-groupManagement] INFO  server.RaftServerConfigKeys (ConfUtils.java:logGet(46)) - raft.server.snapshot.auto.trigger.enabled = true (custom)
2024-04-29 10:06:25,730 [258cf687-9dbc-46c1-b255-600d670a4b6c-groupManagement] INFO  server.RaftServerConfigKeys (ConfUtils.java:logGet(46)) - raft.server.snapshot.auto.trigger.threshold = 10000 (custom)
2024-04-29 10:06:25,730 [258cf687-9dbc-46c1-b255-600d670a4b6c-groupManagement] INFO  server.RaftServerConfigKeys (ConfUtils.java:logGet(46)) - raft.server.snapshot.retention.file.num = 5 (custom)
2024-04-29 10:06:25,730 [258cf687-9dbc-46c1-b255-600d670a4b6c-groupManagement] INFO  server.RaftServerConfigKeys (ConfUtils.java:logGet(46)) - raft.server.log.purge.upto.snapshot.index = false (default)
2024-04-29 10:06:25,730 [258cf687-9dbc-46c1-b255-600d670a4b6c@group-60B79CED8902-FollowerState] INFO  server.RaftServerConfigKeys (ConfUtils.java:logFallback(53)) - raft.server.rpc.first-election.timeout.min = 5s (fallback to raft.server.rpc.timeout.min)
2024-04-29 10:06:25,731 [258cf687-9dbc-46c1-b255-600d670a4b6c@group-60B79CED8902-FollowerState] INFO  server.RaftServerConfigKeys (ConfUtils.java:logFallback(53)) - raft.server.rpc.first-election.timeout.max = 5200ms (fallback to raft.server.rpc.timeout.max)
2024-04-29 10:06:25,735 [258cf687-9dbc-46c1-b255-600d670a4b6c-PipelineCommandHandlerThread-0] INFO  ratis.XceiverServerRatis (XceiverServerRatis.java:addGroup(864)) - Created group PipelineID=0d7410f7-5039-47a1-bbfe-60b79ced8902
2024-04-29 10:06:25,740 [grpc-default-executor-2] INFO  server.RaftServer (RaftServerProxy.java:addNew(100)) - 96aec129-8b92-4385-b6bc-dde0a337a972: addNew group-60B79CED8902:[96aec129-8b92-4385-b6bc-dde0a337a972|127.0.0.1:15406, 258cf687-9dbc-46c1-b255-600d670a4b6c|127.0.0.1:15397, 9d50a68e-635c-4808-a075-dce2406a94a2|127.0.0.1:15415] returns group-60B79CED8902:java.util.concurrent.CompletableFuture@433f8dd[Not completed]
2024-04-29 10:06:25,740 [96aec129-8b92-4385-b6bc-dde0a337a972-groupManagement] INFO  server.RaftServer$Division (RaftServerImpl.java:<init>(256)) - 96aec129-8b92-4385-b6bc-dde0a337a972: new RaftServerImpl for group-60B79CED8902:[96aec129-8b92-4385-b6bc-dde0a337a972|127.0.0.1:15406, 258cf687-9dbc-46c1-b255-600d670a4b6c|127.0.0.1:15397, 9d50a68e-635c-4808-a075-dce2406a94a2|127.0.0.1:15415] with ContainerStateMachine:uninitialized
2024-04-29 10:06:25,740 [96aec129-8b92-4385-b6bc-dde0a337a972-groupManagement] INFO  server.RaftServerConfigKeys (ConfUtils.java:logGet(46)) - raft.server.rpc.timeout.min = 5s (custom)
2024-04-29 10:06:25,741 [96aec129-8b92-4385-b6bc-dde0a337a972-groupManagement] INFO  server.RaftServerConfigKeys (ConfUtils.java:logGet(46)) - raft.server.rpc.timeout.max = 5200ms (custom)
2024-04-29 10:06:25,741 [96aec129-8b92-4385-b6bc-dde0a337a972-groupManagement] INFO  server.RaftServerConfigKeys (ConfUtils.java:logGet(46)) - raft.server.rpc.sleep.time = 25ms (default)
2024-04-29 10:06:25,741 [96aec129-8b92-4385-b6bc-dde0a337a972-groupManagement] INFO  server.RaftServerConfigKeys (ConfUtils.java:logGet(46)) - raft.server.rpc.slowness.timeout = 300000ms (custom)
2024-04-29 10:06:25,741 [96aec129-8b92-4385-b6bc-dde0a337a972-groupManagement] INFO  server.RaftServerConfigKeys (ConfUtils.java:logGet(46)) - raft.server.leaderelection.leader.step-down.wait-time = 10s (default)
2024-04-29 10:06:25,741 [96aec129-8b92-4385-b6bc-dde0a337a972-groupManagement] INFO  server.RaftServerConfigKeys (ConfUtils.java:logGet(46)) - raft.server.leaderelection.member.majority-add = false (default)
2024-04-29 10:06:25,741 [96aec129-8b92-4385-b6bc-dde0a337a972-groupManagement] INFO  server.RaftServerConfigKeys (ConfUtils.java:logGet(46)) - raft.server.sleep.deviation.threshold = 300ms (default)
2024-04-29 10:06:25,741 [96aec129-8b92-4385-b6bc-dde0a337a972-groupManagement] INFO  server.RaftServer$Division (ServerState.java:<init>(113)) - 96aec129-8b92-4385-b6bc-dde0a337a972@group-60B79CED8902: ConfigurationManager, init=-1: peers:[96aec129-8b92-4385-b6bc-dde0a337a972|127.0.0.1:15406, 258cf687-9dbc-46c1-b255-600d670a4b6c|127.0.0.1:15397, 9d50a68e-635c-4808-a075-dce2406a94a2|127.0.0.1:15415]|listeners:[], old=null, confs=<EMPTY_MAP>
2024-04-29 10:06:25,741 [96aec129-8b92-4385-b6bc-dde0a337a972-groupManagement] INFO  server.RaftServerConfigKeys (ConfUtils.java:logGet(46)) - raft.server.notification.no-leader.timeout = 300000ms (custom)
2024-04-29 10:06:25,741 [96aec129-8b92-4385-b6bc-dde0a337a972-groupManagement] INFO  server.RaftServerConfigKeys (ConfUtils.java:logGet(46)) - raft.server.read.timeout = 10s (default)
2024-04-29 10:06:25,741 [96aec129-8b92-4385-b6bc-dde0a337a972-groupManagement] INFO  server.RaftServerConfigKeys (ConfUtils.java:logGet(46)) - raft.server.retrycache.expirytime = 600000ms (custom)
2024-04-29 10:06:25,741 [96aec129-8b92-4385-b6bc-dde0a337a972-groupManagement] INFO  server.RaftServerConfigKeys (ConfUtils.java:logGet(46)) - raft.server.retrycache.statistics.expirytime = 100ms (default)
2024-04-29 10:06:25,741 [96aec129-8b92-4385-b6bc-dde0a337a972-groupManagement] INFO  server.RaftServerConfigKeys (ConfUtils.java:logGet(46)) - raft.server.read.option = DEFAULT (default)
2024-04-29 10:06:25,741 [96aec129-8b92-4385-b6bc-dde0a337a972-groupManagement] INFO  server.RaftServerConfigKeys (ConfUtils.java:logGet(46)) - raft.server.read.read-after-write-consistent.write-index-cache.expiry-time = 60s (default)
2024-04-29 10:06:25,742 [96aec129-8b92-4385-b6bc-dde0a337a972-groupManagement] INFO  server.RaftServerConfigKeys (ConfUtils.java:logGet(46)) - raft.server.rpc.request.timeout = 3000ms (default)
2024-04-29 10:06:25,743 [96aec129-8b92-4385-b6bc-dde0a337a972-groupManagement] INFO  server.RaftServerConfigKeys (ConfUtils.java:logGet(46)) - raft.server.log.appender.install.snapshot.enabled = false (custom)
2024-04-29 10:06:25,743 [96aec129-8b92-4385-b6bc-dde0a337a972-groupManagement] INFO  server.RaftServerConfigKeys (ConfUtils.java:logGet(46)) - raft.server.threadpool.server.cached = true (default)
2024-04-29 10:06:25,743 [96aec129-8b92-4385-b6bc-dde0a337a972-groupManagement] INFO  server.RaftServerConfigKeys (ConfUtils.java:logGet(46)) - raft.server.threadpool.server.size = 0 (default)
2024-04-29 10:06:25,743 [96aec129-8b92-4385-b6bc-dde0a337a972-groupManagement] INFO  server.RaftServerConfigKeys (ConfUtils.java:logGet(46)) - raft.server.threadpool.client.cached = true (default)
2024-04-29 10:06:25,743 [96aec129-8b92-4385-b6bc-dde0a337a972-groupManagement] INFO  server.RaftServerConfigKeys (ConfUtils.java:logGet(46)) - raft.server.threadpool.client.size = 0 (default)
2024-04-29 10:06:25,743 [96aec129-8b92-4385-b6bc-dde0a337a972-groupManagement] INFO  server.RaftServerConfigKeys (ConfUtils.java:logGet(46)) - raft.server.storage.free-space.min = 0MB (=0) (default)
2024-04-29 10:06:25,743 [96aec129-8b92-4385-b6bc-dde0a337a972-groupManagement] INFO  server.RaftServerConfigKeys (ConfUtils.java:logGet(46)) - raft.server.log.corruption.policy = EXCEPTION (default)
2024-04-29 10:06:25,743 [96aec129-8b92-4385-b6bc-dde0a337a972-groupManagement] INFO  server.RaftServerConfigKeys (ConfUtils.java:logGet(46)) - raft.server.storage.dir = [/home/runner/work/ozone/ozone/hadoop-ozone/integration-test/target/test-dir/MiniOzoneClusterImpl-2cdd5cd5-9c4c-463f-a193-9ffbc37dc237/ozone-meta/datanode-5/ratis] (custom)
2024-04-29 10:06:25,743 [96aec129-8b92-4385-b6bc-dde0a337a972-groupManagement] INFO  storage.RaftStorageDirectory (RaftStorageDirectoryImpl.java:analyzeStorage(138)) - The storage directory /home/runner/work/ozone/ozone/hadoop-ozone/integration-test/target/test-dir/MiniOzoneClusterImpl-2cdd5cd5-9c4c-463f-a193-9ffbc37dc237/ozone-meta/datanode-5/ratis/0d7410f7-5039-47a1-bbfe-60b79ced8902 does not exist. Creating ...
2024-04-29 10:06:25,744 [96aec129-8b92-4385-b6bc-dde0a337a972-groupManagement] INFO  storage.RaftStorageDirectory (RaftStorageDirectoryImpl.java:tryLock(228)) - Lock on /home/runner/work/ozone/ozone/hadoop-ozone/integration-test/target/test-dir/MiniOzoneClusterImpl-2cdd5cd5-9c4c-463f-a193-9ffbc37dc237/ozone-meta/datanode-5/ratis/0d7410f7-5039-47a1-bbfe-60b79ced8902/in_use.lock acquired by nodename 20825@fv-az913-54
2024-04-29 10:06:25,745 [96aec129-8b92-4385-b6bc-dde0a337a972-groupManagement] INFO  storage.RaftStorage (RaftStorageImpl.java:format(99)) - Storage directory /home/runner/work/ozone/ozone/hadoop-ozone/integration-test/target/test-dir/MiniOzoneClusterImpl-2cdd5cd5-9c4c-463f-a193-9ffbc37dc237/ozone-meta/datanode-5/ratis/0d7410f7-5039-47a1-bbfe-60b79ced8902 has been successfully formatted.
2024-04-29 10:06:25,745 [96aec129-8b92-4385-b6bc-dde0a337a972-groupManagement] WARN  util.FileUtils (LogUtils.java:supplyAndLog(63)) - Failed to Files.newInputStream /home/runner/work/ozone/ozone/hadoop-ozone/integration-test/target/test-dir/MiniOzoneClusterImpl-2cdd5cd5-9c4c-463f-a193-9ffbc37dc237/ozone-meta/datanode-5/ratis/0d7410f7-5039-47a1-bbfe-60b79ced8902/current/raft-meta.conf with options []: java.nio.file.NoSuchFileException: /home/runner/work/ozone/ozone/hadoop-ozone/integration-test/target/test-dir/MiniOzoneClusterImpl-2cdd5cd5-9c4c-463f-a193-9ffbc37dc237/ozone-meta/datanode-5/ratis/0d7410f7-5039-47a1-bbfe-60b79ced8902/current/raft-meta.conf
2024-04-29 10:06:25,745 [96aec129-8b92-4385-b6bc-dde0a337a972-groupManagement] INFO  ratis.ContainerStateMachine (ContainerStateMachine.java:loadSnapshot(287)) - group-60B79CED8902: The snapshot info is null. Setting the last applied index to:(t:0, i:~)
2024-04-29 10:06:25,745 [96aec129-8b92-4385-b6bc-dde0a337a972-groupManagement] INFO  server.RaftServerConfigKeys (ConfUtils.java:logGet(46)) - raft.server.log.use.memory = false (default)
2024-04-29 10:06:25,745 [96aec129-8b92-4385-b6bc-dde0a337a972-groupManagement] INFO  server.RaftServerConfigKeys (ConfUtils.java:logGet(46)) - raft.server.log.purge.gap = 1000000 (custom)
2024-04-29 10:06:25,745 [96aec129-8b92-4385-b6bc-dde0a337a972-groupManagement] INFO  server.RaftServerConfigKeys (ConfUtils.java:logGet(46)) - raft.server.log.appender.buffer.byte-limit = 8388608 (custom)
2024-04-29 10:06:25,746 [96aec129-8b92-4385-b6bc-dde0a337a972-groupManagement] INFO  server.RaftServerConfigKeys (ConfUtils.java:logGet(46)) - raft.server.log.statemachine.data.read.timeout = 1000ms (default)
2024-04-29 10:06:25,746 [96aec129-8b92-4385-b6bc-dde0a337a972-groupManagement] INFO  server.RaftServerConfigKeys (ConfUtils.java:logGet(46)) - raft.server.log.purge.preservation.log.num = 0 (default)
2024-04-29 10:06:25,747 [96aec129-8b92-4385-b6bc-dde0a337a972-groupManagement] INFO  server.RaftServerConfigKeys (ConfUtils.java:logGet(46)) - raft.server.log.segment.size.max = 67108864 (custom)
2024-04-29 10:06:25,747 [96aec129-8b92-4385-b6bc-dde0a337a972-groupManagement] INFO  server.RaftServerConfigKeys (ConfUtils.java:logGet(46)) - raft.server.log.segment.cache.num.max = 2 (custom)
2024-04-29 10:06:25,747 [96aec129-8b92-4385-b6bc-dde0a337a972-groupManagement] INFO  server.RaftServerConfigKeys (ConfUtils.java:logGet(46)) - raft.server.log.segment.cache.size.max = 200MB (=209715200) (default)
2024-04-29 10:06:25,747 [96aec129-8b92-4385-b6bc-dde0a337a972-groupManagement] INFO  server.RaftServerConfigKeys (ConfUtils.java:logGet(46)) - raft.server.log.appender.buffer.byte-limit = 8388608 (custom)
2024-04-29 10:06:25,747 [96aec129-8b92-4385-b6bc-dde0a337a972-groupManagement] INFO  util.AwaitToRun (AwaitToRun.java:start(81)) - Thread[96aec129-8b92-4385-b6bc-dde0a337a972@group-60B79CED8902-cacheEviction-AwaitToRun,5,main] started
2024-04-29 10:06:25,747 [96aec129-8b92-4385-b6bc-dde0a337a972-groupManagement] INFO  segmented.SegmentedRaftLogWorker (SegmentedRaftLogWorker.java:<init>(182)) - new 96aec129-8b92-4385-b6bc-dde0a337a972@group-60B79CED8902-SegmentedRaftLogWorker for RaftStorageImpl:Storage Directory /home/runner/work/ozone/ozone/hadoop-ozone/integration-test/target/test-dir/MiniOzoneClusterImpl-2cdd5cd5-9c4c-463f-a193-9ffbc37dc237/ozone-meta/datanode-5/ratis/0d7410f7-5039-47a1-bbfe-60b79ced8902
2024-04-29 10:06:25,747 [96aec129-8b92-4385-b6bc-dde0a337a972-groupManagement] INFO  server.RaftServerConfigKeys (ConfUtils.java:logGet(46)) - raft.server.log.queue.byte-limit = 4294967296 (custom)
2024-04-29 10:06:25,747 [96aec129-8b92-4385-b6bc-dde0a337a972-groupManagement] INFO  server.RaftServerConfigKeys (ConfUtils.java:logGet(46)) - raft.server.log.queue.element-limit = 1024 (custom)
2024-04-29 10:06:25,747 [96aec129-8b92-4385-b6bc-dde0a337a972-groupManagement] INFO  server.RaftServerConfigKeys (ConfUtils.java:logGet(46)) - raft.server.log.segment.size.max = 67108864 (custom)
2024-04-29 10:06:25,747 [96aec129-8b92-4385-b6bc-dde0a337a972-groupManagement] INFO  server.RaftServerConfigKeys (ConfUtils.java:logGet(46)) - raft.server.log.preallocated.size = 4194304 (custom)
2024-04-29 10:06:25,748 [96aec129-8b92-4385-b6bc-dde0a337a972-groupManagement] INFO  server.RaftServerConfigKeys (ConfUtils.java:logGet(46)) - raft.server.log.force.sync.num = 128 (default)
2024-04-29 10:06:25,748 [96aec129-8b92-4385-b6bc-dde0a337a972-groupManagement] INFO  server.RaftServerConfigKeys (ConfUtils.java:logGet(46)) - raft.server.log.statemachine.data.sync = true (default)
2024-04-29 10:06:25,748 [96aec129-8b92-4385-b6bc-dde0a337a972-groupManagement] INFO  server.RaftServerConfigKeys (ConfUtils.java:logGet(46)) - raft.server.log.statemachine.data.sync.timeout = 10s (default)
2024-04-29 10:06:25,748 [96aec129-8b92-4385-b6bc-dde0a337a972-groupManagement] INFO  server.RaftServerConfigKeys (ConfUtils.java:logGet(46)) - raft.server.log.statemachine.data.sync.timeout.retry = 30 (custom)
2024-04-29 10:06:25,748 [96aec129-8b92-4385-b6bc-dde0a337a972-groupManagement] INFO  server.RaftServerConfigKeys (ConfUtils.java:logGet(46)) - raft.server.log.write.buffer.size = 8388616 (custom)
2024-04-29 10:06:25,749 [96aec129-8b92-4385-b6bc-dde0a337a972-groupManagement] INFO  server.RaftServerConfigKeys (ConfUtils.java:logGet(46)) - raft.server.log.appender.buffer.byte-limit = 8388608 (custom)
2024-04-29 10:06:25,749 [96aec129-8b92-4385-b6bc-dde0a337a972-groupManagement] INFO  server.RaftServerConfigKeys (ConfUtils.java:logGet(46)) - raft.server.log.unsafe-flush.enabled = false (default)
2024-04-29 10:06:25,749 [96aec129-8b92-4385-b6bc-dde0a337a972-groupManagement] INFO  server.RaftServerConfigKeys (ConfUtils.java:logGet(46)) - raft.server.log.async-flush.enabled = false (default)
2024-04-29 10:06:25,749 [96aec129-8b92-4385-b6bc-dde0a337a972-groupManagement] INFO  server.RaftServerConfigKeys (ConfUtils.java:logGet(46)) - raft.server.log.statemachine.data.caching.enabled = true (custom)
2024-04-29 10:06:25,749 [96aec129-8b92-4385-b6bc-dde0a337a972-groupManagement] INFO  segmented.SegmentedRaftLogWorker (SegmentedRaftLogWorker.java:lambda$new$0(134)) - 96aec129-8b92-4385-b6bc-dde0a337a972@group-60B79CED8902-SegmentedRaftLogWorker: flushIndex: setUnconditionally 0 -> -1
2024-04-29 10:06:25,749 [96aec129-8b92-4385-b6bc-dde0a337a972-groupManagement] INFO  segmented.SegmentedRaftLogWorker (SegmentedRaftLogWorker.java:lambda$new$0(134)) - 96aec129-8b92-4385-b6bc-dde0a337a972@group-60B79CED8902-SegmentedRaftLogWorker: safeCacheEvictIndex: setUnconditionally 0 -> -1
2024-04-29 10:06:25,749 [96aec129-8b92-4385-b6bc-dde0a337a972-groupManagement] INFO  server.RaftServer$Division (RaftServerImpl.java:start(396)) - 96aec129-8b92-4385-b6bc-dde0a337a972@group-60B79CED8902: start as a follower, conf=-1: peers:[96aec129-8b92-4385-b6bc-dde0a337a972|127.0.0.1:15406, 258cf687-9dbc-46c1-b255-600d670a4b6c|127.0.0.1:15397, 9d50a68e-635c-4808-a075-dce2406a94a2|127.0.0.1:15415]|listeners:[], old=null
2024-04-29 10:06:25,749 [96aec129-8b92-4385-b6bc-dde0a337a972-groupManagement] INFO  server.RaftServer$Division (RaftServerImpl.java:setRole(383)) - 96aec129-8b92-4385-b6bc-dde0a337a972@group-60B79CED8902: changes role from      null to FOLLOWER at term 0 for startAsFollower
2024-04-29 10:06:25,750 [96aec129-8b92-4385-b6bc-dde0a337a972-groupManagement] INFO  impl.RoleInfo (RoleInfo.java:updateAndGet(139)) - 96aec129-8b92-4385-b6bc-dde0a337a972: start 96aec129-8b92-4385-b6bc-dde0a337a972@group-60B79CED8902-FollowerState
2024-04-29 10:06:25,750 [96aec129-8b92-4385-b6bc-dde0a337a972@group-60B79CED8902-FollowerState] INFO  server.RaftServerConfigKeys (ConfUtils.java:logFallback(53)) - raft.server.rpc.first-election.timeout.min = 5s (fallback to raft.server.rpc.timeout.min)
2024-04-29 10:06:25,750 [96aec129-8b92-4385-b6bc-dde0a337a972@group-60B79CED8902-FollowerState] INFO  server.RaftServerConfigKeys (ConfUtils.java:logFallback(53)) - raft.server.rpc.first-election.timeout.max = 5200ms (fallback to raft.server.rpc.timeout.max)
2024-04-29 10:06:25,750 [96aec129-8b92-4385-b6bc-dde0a337a972-groupManagement] INFO  util.JmxRegister (JmxRegister.java:tryRegister(44)) - Successfully registered JMX Bean with object name Ratis:service=RaftServer,group=group-60B79CED8902,id=96aec129-8b92-4385-b6bc-dde0a337a972
2024-04-29 10:06:25,750 [96aec129-8b92-4385-b6bc-dde0a337a972-groupManagement] INFO  server.RaftServerConfigKeys (ConfUtils.java:logGet(46)) - raft.server.snapshot.trigger-when-stop.enabled = true (default)
2024-04-29 10:06:25,750 [96aec129-8b92-4385-b6bc-dde0a337a972-groupManagement] INFO  server.RaftServerConfigKeys (ConfUtils.java:logGet(46)) - raft.server.snapshot.auto.trigger.enabled = true (custom)
2024-04-29 10:06:25,750 [96aec129-8b92-4385-b6bc-dde0a337a972-groupManagement] INFO  server.RaftServerConfigKeys (ConfUtils.java:logGet(46)) - raft.server.snapshot.auto.trigger.threshold = 10000 (custom)
2024-04-29 10:06:25,750 [96aec129-8b92-4385-b6bc-dde0a337a972-groupManagement] INFO  server.RaftServerConfigKeys (ConfUtils.java:logGet(46)) - raft.server.snapshot.retention.file.num = 5 (custom)
2024-04-29 10:06:25,750 [96aec129-8b92-4385-b6bc-dde0a337a972-groupManagement] INFO  server.RaftServerConfigKeys (ConfUtils.java:logGet(46)) - raft.server.log.purge.upto.snapshot.index = false (default)
2024-04-29 10:06:25,755 [96aec129-8b92-4385-b6bc-dde0a337a972-PipelineCommandHandlerThread-0] INFO  server.RaftServer (RaftServerProxy.java:addNew(100)) - 96aec129-8b92-4385-b6bc-dde0a337a972: addNew group-7E6710E055B0:[96aec129-8b92-4385-b6bc-dde0a337a972|127.0.0.1:15406] returns group-7E6710E055B0:java.util.concurrent.CompletableFuture@1284ea70[Not completed]
2024-04-29 10:06:25,756 [96aec129-8b92-4385-b6bc-dde0a337a972-groupManagement] INFO  server.RaftServer$Division (RaftServerImpl.java:<init>(256)) - 96aec129-8b92-4385-b6bc-dde0a337a972: new RaftServerImpl for group-7E6710E055B0:[96aec129-8b92-4385-b6bc-dde0a337a972|127.0.0.1:15406] with ContainerStateMachine:uninitialized
2024-04-29 10:06:25,756 [96aec129-8b92-4385-b6bc-dde0a337a972-groupManagement] INFO  server.RaftServerConfigKeys (ConfUtils.java:logGet(46)) - raft.server.rpc.timeout.min = 5s (custom)
2024-04-29 10:06:25,756 [96aec129-8b92-4385-b6bc-dde0a337a972-groupManagement] INFO  server.RaftServerConfigKeys (ConfUtils.java:logGet(46)) - raft.server.rpc.timeout.max = 5200ms (custom)
2024-04-29 10:06:25,756 [96aec129-8b92-4385-b6bc-dde0a337a972-groupManagement] INFO  server.RaftServerConfigKeys (ConfUtils.java:logGet(46)) - raft.server.rpc.sleep.time = 25ms (default)
2024-04-29 10:06:25,756 [96aec129-8b92-4385-b6bc-dde0a337a972-groupManagement] INFO  server.RaftServerConfigKeys (ConfUtils.java:logGet(46)) - raft.server.rpc.slowness.timeout = 300000ms (custom)
2024-04-29 10:06:25,756 [96aec129-8b92-4385-b6bc-dde0a337a972-groupManagement] INFO  server.RaftServerConfigKeys (ConfUtils.java:logGet(46)) - raft.server.leaderelection.leader.step-down.wait-time = 10s (default)
2024-04-29 10:06:25,756 [96aec129-8b92-4385-b6bc-dde0a337a972-groupManagement] INFO  server.RaftServerConfigKeys (ConfUtils.java:logGet(46)) - raft.server.leaderelection.member.majority-add = false (default)
2024-04-29 10:06:25,756 [96aec129-8b92-4385-b6bc-dde0a337a972-groupManagement] INFO  server.RaftServerConfigKeys (ConfUtils.java:logGet(46)) - raft.server.sleep.deviation.threshold = 300ms (default)
2024-04-29 10:06:25,756 [96aec129-8b92-4385-b6bc-dde0a337a972-groupManagement] INFO  server.RaftServer$Division (ServerState.java:<init>(113)) - 96aec129-8b92-4385-b6bc-dde0a337a972@group-7E6710E055B0: ConfigurationManager, init=-1: peers:[96aec129-8b92-4385-b6bc-dde0a337a972|127.0.0.1:15406]|listeners:[], old=null, confs=<EMPTY_MAP>
2024-04-29 10:06:25,756 [96aec129-8b92-4385-b6bc-dde0a337a972-groupManagement] INFO  server.RaftServerConfigKeys (ConfUtils.java:logGet(46)) - raft.server.notification.no-leader.timeout = 300000ms (custom)
2024-04-29 10:06:25,756 [96aec129-8b92-4385-b6bc-dde0a337a972-groupManagement] INFO  server.RaftServerConfigKeys (ConfUtils.java:logGet(46)) - raft.server.read.timeout = 10s (default)
2024-04-29 10:06:25,756 [96aec129-8b92-4385-b6bc-dde0a337a972-groupManagement] INFO  server.RaftServerConfigKeys (ConfUtils.java:logGet(46)) - raft.server.retrycache.expirytime = 600000ms (custom)
2024-04-29 10:06:25,756 [96aec129-8b92-4385-b6bc-dde0a337a972-groupManagement] INFO  server.RaftServerConfigKeys (ConfUtils.java:logGet(46)) - raft.server.retrycache.statistics.expirytime = 100ms (default)
2024-04-29 10:06:25,756 [96aec129-8b92-4385-b6bc-dde0a337a972-groupManagement] INFO  server.RaftServerConfigKeys (ConfUtils.java:logGet(46)) - raft.server.read.option = DEFAULT (default)
2024-04-29 10:06:25,756 [grpc-default-executor-2] INFO  server.RaftServer (RaftServerProxy.java:addNew(100)) - 9d50a68e-635c-4808-a075-dce2406a94a2: addNew group-60B79CED8902:[96aec129-8b92-4385-b6bc-dde0a337a972|127.0.0.1:15406, 258cf687-9dbc-46c1-b255-600d670a4b6c|127.0.0.1:15397, 9d50a68e-635c-4808-a075-dce2406a94a2|127.0.0.1:15415] returns group-60B79CED8902:java.util.concurrent.CompletableFuture@559585d9[Not completed]
2024-04-29 10:06:25,756 [96aec129-8b92-4385-b6bc-dde0a337a972-groupManagement] INFO  server.RaftServerConfigKeys (ConfUtils.java:logGet(46)) - raft.server.read.read-after-write-consistent.write-index-cache.expiry-time = 60s (default)
2024-04-29 10:06:25,757 [9d50a68e-635c-4808-a075-dce2406a94a2-groupManagement] INFO  server.RaftServer$Division (RaftServerImpl.java:<init>(256)) - 9d50a68e-635c-4808-a075-dce2406a94a2: new RaftServerImpl for group-60B79CED8902:[96aec129-8b92-4385-b6bc-dde0a337a972|127.0.0.1:15406, 258cf687-9dbc-46c1-b255-600d670a4b6c|127.0.0.1:15397, 9d50a68e-635c-4808-a075-dce2406a94a2|127.0.0.1:15415] with ContainerStateMachine:uninitialized
2024-04-29 10:06:25,757 [9d50a68e-635c-4808-a075-dce2406a94a2-groupManagement] INFO  server.RaftServerConfigKeys (ConfUtils.java:logGet(46)) - raft.server.rpc.timeout.min = 5s (custom)
2024-04-29 10:06:25,757 [9d50a68e-635c-4808-a075-dce2406a94a2-groupManagement] INFO  server.RaftServerConfigKeys (ConfUtils.java:logGet(46)) - raft.server.rpc.timeout.max = 5200ms (custom)
2024-04-29 10:06:25,757 [9d50a68e-635c-4808-a075-dce2406a94a2-groupManagement] INFO  server.RaftServerConfigKeys (ConfUtils.java:logGet(46)) - raft.server.rpc.sleep.time = 25ms (default)
2024-04-29 10:06:25,757 [9d50a68e-635c-4808-a075-dce2406a94a2-groupManagement] INFO  server.RaftServerConfigKeys (ConfUtils.java:logGet(46)) - raft.server.rpc.slowness.timeout = 300000ms (custom)
2024-04-29 10:06:25,757 [9d50a68e-635c-4808-a075-dce2406a94a2-groupManagement] INFO  server.RaftServerConfigKeys (ConfUtils.java:logGet(46)) - raft.server.leaderelection.leader.step-down.wait-time = 10s (default)
2024-04-29 10:06:25,758 [9d50a68e-635c-4808-a075-dce2406a94a2-groupManagement] INFO  server.RaftServerConfigKeys (ConfUtils.java:logGet(46)) - raft.server.leaderelection.member.majority-add = false (default)
2024-04-29 10:06:25,758 [9d50a68e-635c-4808-a075-dce2406a94a2-groupManagement] INFO  server.RaftServerConfigKeys (ConfUtils.java:logGet(46)) - raft.server.sleep.deviation.threshold = 300ms (default)
2024-04-29 10:06:25,758 [9d50a68e-635c-4808-a075-dce2406a94a2-groupManagement] INFO  server.RaftServer$Division (ServerState.java:<init>(113)) - 9d50a68e-635c-4808-a075-dce2406a94a2@group-60B79CED8902: ConfigurationManager, init=-1: peers:[96aec129-8b92-4385-b6bc-dde0a337a972|127.0.0.1:15406, 258cf687-9dbc-46c1-b255-600d670a4b6c|127.0.0.1:15397, 9d50a68e-635c-4808-a075-dce2406a94a2|127.0.0.1:15415]|listeners:[], old=null, confs=<EMPTY_MAP>
2024-04-29 10:06:25,758 [9d50a68e-635c-4808-a075-dce2406a94a2-groupManagement] INFO  server.RaftServerConfigKeys (ConfUtils.java:logGet(46)) - raft.server.notification.no-leader.timeout = 300000ms (custom)
2024-04-29 10:06:25,758 [9d50a68e-635c-4808-a075-dce2406a94a2-groupManagement] INFO  server.RaftServerConfigKeys (ConfUtils.java:logGet(46)) - raft.server.read.timeout = 10s (default)
2024-04-29 10:06:25,758 [9d50a68e-635c-4808-a075-dce2406a94a2-groupManagement] INFO  server.RaftServerConfigKeys (ConfUtils.java:logGet(46)) - raft.server.retrycache.expirytime = 600000ms (custom)
2024-04-29 10:06:25,758 [9d50a68e-635c-4808-a075-dce2406a94a2-groupManagement] INFO  server.RaftServerConfigKeys (ConfUtils.java:logGet(46)) - raft.server.retrycache.statistics.expirytime = 100ms (default)
2024-04-29 10:06:25,758 [9d50a68e-635c-4808-a075-dce2406a94a2-groupManagement] INFO  server.RaftServerConfigKeys (ConfUtils.java:logGet(46)) - raft.server.read.option = DEFAULT (default)
2024-04-29 10:06:25,758 [9d50a68e-635c-4808-a075-dce2406a94a2-groupManagement] INFO  server.RaftServerConfigKeys (ConfUtils.java:logGet(46)) - raft.server.read.read-after-write-consistent.write-index-cache.expiry-time = 60s (default)
2024-04-29 10:06:25,759 [96aec129-8b92-4385-b6bc-dde0a337a972-groupManagement] INFO  server.RaftServerConfigKeys (ConfUtils.java:logGet(46)) - raft.server.rpc.request.timeout = 3000ms (default)
2024-04-29 10:06:25,760 [96aec129-8b92-4385-b6bc-dde0a337a972-groupManagement] INFO  server.RaftServerConfigKeys (ConfUtils.java:logGet(46)) - raft.server.log.appender.install.snapshot.enabled = false (custom)
2024-04-29 10:06:25,760 [96aec129-8b92-4385-b6bc-dde0a337a972-groupManagement] INFO  server.RaftServerConfigKeys (ConfUtils.java:logGet(46)) - raft.server.threadpool.server.cached = true (default)
2024-04-29 10:06:25,760 [96aec129-8b92-4385-b6bc-dde0a337a972-groupManagement] INFO  server.RaftServerConfigKeys (ConfUtils.java:logGet(46)) - raft.server.threadpool.server.size = 0 (default)
2024-04-29 10:06:25,760 [96aec129-8b92-4385-b6bc-dde0a337a972-groupManagement] INFO  server.RaftServerConfigKeys (ConfUtils.java:logGet(46)) - raft.server.threadpool.client.cached = true (default)
2024-04-29 10:06:25,760 [96aec129-8b92-4385-b6bc-dde0a337a972-groupManagement] INFO  server.RaftServerConfigKeys (ConfUtils.java:logGet(46)) - raft.server.threadpool.client.size = 0 (default)
2024-04-29 10:06:25,760 [96aec129-8b92-4385-b6bc-dde0a337a972-groupManagement] INFO  server.RaftServerConfigKeys (ConfUtils.java:logGet(46)) - raft.server.storage.free-space.min = 0MB (=0) (default)
2024-04-29 10:06:25,760 [96aec129-8b92-4385-b6bc-dde0a337a972-groupManagement] INFO  server.RaftServerConfigKeys (ConfUtils.java:logGet(46)) - raft.server.log.corruption.policy = EXCEPTION (default)
2024-04-29 10:06:25,760 [96aec129-8b92-4385-b6bc-dde0a337a972-groupManagement] INFO  server.RaftServerConfigKeys (ConfUtils.java:logGet(46)) - raft.server.storage.dir = [/home/runner/work/ozone/ozone/hadoop-ozone/integration-test/target/test-dir/MiniOzoneClusterImpl-2cdd5cd5-9c4c-463f-a193-9ffbc37dc237/ozone-meta/datanode-5/ratis] (custom)
2024-04-29 10:06:25,760 [96aec129-8b92-4385-b6bc-dde0a337a972-groupManagement] INFO  storage.RaftStorageDirectory (RaftStorageDirectoryImpl.java:analyzeStorage(138)) - The storage directory /home/runner/work/ozone/ozone/hadoop-ozone/integration-test/target/test-dir/MiniOzoneClusterImpl-2cdd5cd5-9c4c-463f-a193-9ffbc37dc237/ozone-meta/datanode-5/ratis/4a543431-5045-4466-8351-7e6710e055b0 does not exist. Creating ...
2024-04-29 10:06:25,761 [9d50a68e-635c-4808-a075-dce2406a94a2-groupManagement] INFO  server.RaftServerConfigKeys (ConfUtils.java:logGet(46)) - raft.server.rpc.request.timeout = 3000ms (default)
2024-04-29 10:06:25,761 [9d50a68e-635c-4808-a075-dce2406a94a2-groupManagement] INFO  server.RaftServerConfigKeys (ConfUtils.java:logGet(46)) - raft.server.log.appender.install.snapshot.enabled = false (custom)
2024-04-29 10:06:25,761 [9d50a68e-635c-4808-a075-dce2406a94a2-groupManagement] INFO  server.RaftServerConfigKeys (ConfUtils.java:logGet(46)) - raft.server.threadpool.server.cached = true (default)
2024-04-29 10:06:25,761 [9d50a68e-635c-4808-a075-dce2406a94a2-groupManagement] INFO  server.RaftServerConfigKeys (ConfUtils.java:logGet(46)) - raft.server.threadpool.server.size = 0 (default)
2024-04-29 10:06:25,761 [9d50a68e-635c-4808-a075-dce2406a94a2-groupManagement] INFO  server.RaftServerConfigKeys (ConfUtils.java:logGet(46)) - raft.server.threadpool.client.cached = true (default)
2024-04-29 10:06:25,761 [9d50a68e-635c-4808-a075-dce2406a94a2-groupManagement] INFO  server.RaftServerConfigKeys (ConfUtils.java:logGet(46)) - raft.server.threadpool.client.size = 0 (default)
2024-04-29 10:06:25,761 [9d50a68e-635c-4808-a075-dce2406a94a2-groupManagement] INFO  server.RaftServerConfigKeys (ConfUtils.java:logGet(46)) - raft.server.storage.free-space.min = 0MB (=0) (default)
2024-04-29 10:06:25,761 [96aec129-8b92-4385-b6bc-dde0a337a972-groupManagement] INFO  storage.RaftStorageDirectory (RaftStorageDirectoryImpl.java:tryLock(228)) - Lock on /home/runner/work/ozone/ozone/hadoop-ozone/integration-test/target/test-dir/MiniOzoneClusterImpl-2cdd5cd5-9c4c-463f-a193-9ffbc37dc237/ozone-meta/datanode-5/ratis/4a543431-5045-4466-8351-7e6710e055b0/in_use.lock acquired by nodename 20825@fv-az913-54
2024-04-29 10:06:25,761 [9d50a68e-635c-4808-a075-dce2406a94a2-groupManagement] INFO  server.RaftServerConfigKeys (ConfUtils.java:logGet(46)) - raft.server.log.corruption.policy = EXCEPTION (default)
2024-04-29 10:06:25,761 [9d50a68e-635c-4808-a075-dce2406a94a2-groupManagement] INFO  server.RaftServerConfigKeys (ConfUtils.java:logGet(46)) - raft.server.storage.dir = [/home/runner/work/ozone/ozone/hadoop-ozone/integration-test/target/test-dir/MiniOzoneClusterImpl-2cdd5cd5-9c4c-463f-a193-9ffbc37dc237/ozone-meta/datanode-6/ratis] (custom)
2024-04-29 10:06:25,762 [9d50a68e-635c-4808-a075-dce2406a94a2-groupManagement] INFO  storage.RaftStorageDirectory (RaftStorageDirectoryImpl.java:analyzeStorage(138)) - The storage directory /home/runner/work/ozone/ozone/hadoop-ozone/integration-test/target/test-dir/MiniOzoneClusterImpl-2cdd5cd5-9c4c-463f-a193-9ffbc37dc237/ozone-meta/datanode-6/ratis/0d7410f7-5039-47a1-bbfe-60b79ced8902 does not exist. Creating ...
2024-04-29 10:06:25,762 [96aec129-8b92-4385-b6bc-dde0a337a972-groupManagement] INFO  storage.RaftStorage (RaftStorageImpl.java:format(99)) - Storage directory /home/runner/work/ozone/ozone/hadoop-ozone/integration-test/target/test-dir/MiniOzoneClusterImpl-2cdd5cd5-9c4c-463f-a193-9ffbc37dc237/ozone-meta/datanode-5/ratis/4a543431-5045-4466-8351-7e6710e055b0 has been successfully formatted.
2024-04-29 10:06:25,762 [96aec129-8b92-4385-b6bc-dde0a337a972-groupManagement] WARN  util.FileUtils (LogUtils.java:supplyAndLog(63)) - Failed to Files.newInputStream /home/runner/work/ozone/ozone/hadoop-ozone/integration-test/target/test-dir/MiniOzoneClusterImpl-2cdd5cd5-9c4c-463f-a193-9ffbc37dc237/ozone-meta/datanode-5/ratis/4a543431-5045-4466-8351-7e6710e055b0/current/raft-meta.conf with options []: java.nio.file.NoSuchFileException: /home/runner/work/ozone/ozone/hadoop-ozone/integration-test/target/test-dir/MiniOzoneClusterImpl-2cdd5cd5-9c4c-463f-a193-9ffbc37dc237/ozone-meta/datanode-5/ratis/4a543431-5045-4466-8351-7e6710e055b0/current/raft-meta.conf
2024-04-29 10:06:25,763 [9d50a68e-635c-4808-a075-dce2406a94a2-groupManagement] INFO  storage.RaftStorageDirectory (RaftStorageDirectoryImpl.java:tryLock(228)) - Lock on /home/runner/work/ozone/ozone/hadoop-ozone/integration-test/target/test-dir/MiniOzoneClusterImpl-2cdd5cd5-9c4c-463f-a193-9ffbc37dc237/ozone-meta/datanode-6/ratis/0d7410f7-5039-47a1-bbfe-60b79ced8902/in_use.lock acquired by nodename 20825@fv-az913-54
2024-04-29 10:06:25,763 [96aec129-8b92-4385-b6bc-dde0a337a972-groupManagement] INFO  ratis.ContainerStateMachine (ContainerStateMachine.java:loadSnapshot(287)) - group-7E6710E055B0: The snapshot info is null. Setting the last applied index to:(t:0, i:~)
2024-04-29 10:06:25,763 [96aec129-8b92-4385-b6bc-dde0a337a972-groupManagement] INFO  server.RaftServerConfigKeys (ConfUtils.java:logGet(46)) - raft.server.log.use.memory = false (default)
2024-04-29 10:06:25,763 [96aec129-8b92-4385-b6bc-dde0a337a972-groupManagement] INFO  server.RaftServerConfigKeys (ConfUtils.java:logGet(46)) - raft.server.log.purge.gap = 1000000 (custom)
2024-04-29 10:06:25,763 [96aec129-8b92-4385-b6bc-dde0a337a972-groupManagement] INFO  server.RaftServerConfigKeys (ConfUtils.java:logGet(46)) - raft.server.log.appender.buffer.byte-limit = 8388608 (custom)
2024-04-29 10:06:25,763 [96aec129-8b92-4385-b6bc-dde0a337a972-groupManagement] INFO  server.RaftServerConfigKeys (ConfUtils.java:logGet(46)) - raft.server.log.statemachine.data.read.timeout = 1000ms (default)
2024-04-29 10:06:25,763 [96aec129-8b92-4385-b6bc-dde0a337a972-groupManagement] INFO  server.RaftServerConfigKeys (ConfUtils.java:logGet(46)) - raft.server.log.purge.preservation.log.num = 0 (default)
2024-04-29 10:06:25,764 [EventQueue-PipelineReportForPipelineReportHandler] INFO  pipeline.PipelineReportHandler (PipelineReportHandler.java:processPipelineReport(136)) - Opened pipeline PipelineID=4a543431-5045-4466-8351-7e6710e055b0
2024-04-29 10:06:25,764 [EventQueue-OpenPipelineForHealthyPipelineSafeModeRule] INFO  safemode.SCMSafeModeManager (HealthyPipelineSafeModeRule.java:process(140)) - SCM in safe mode. Healthy pipelines reported count is 0, required healthy pipeline reported count is 1
2024-04-29 10:06:25,764 [96aec129-8b92-4385-b6bc-dde0a337a972-groupManagement] INFO  server.RaftServerConfigKeys (ConfUtils.java:logGet(46)) - raft.server.log.segment.size.max = 67108864 (custom)
2024-04-29 10:06:25,765 [9d50a68e-635c-4808-a075-dce2406a94a2-groupManagement] INFO  storage.RaftStorage (RaftStorageImpl.java:format(99)) - Storage directory /home/runner/work/ozone/ozone/hadoop-ozone/integration-test/target/test-dir/MiniOzoneClusterImpl-2cdd5cd5-9c4c-463f-a193-9ffbc37dc237/ozone-meta/datanode-6/ratis/0d7410f7-5039-47a1-bbfe-60b79ced8902 has been successfully formatted.
2024-04-29 10:06:25,765 [96aec129-8b92-4385-b6bc-dde0a337a972-groupManagement] INFO  server.RaftServerConfigKeys (ConfUtils.java:logGet(46)) - raft.server.log.segment.cache.num.max = 2 (custom)
2024-04-29 10:06:25,765 [96aec129-8b92-4385-b6bc-dde0a337a972-groupManagement] INFO  server.RaftServerConfigKeys (ConfUtils.java:logGet(46)) - raft.server.log.segment.cache.size.max = 200MB (=209715200) (default)
2024-04-29 10:06:25,765 [96aec129-8b92-4385-b6bc-dde0a337a972-groupManagement] INFO  server.RaftServerConfigKeys (ConfUtils.java:logGet(46)) - raft.server.log.appender.buffer.byte-limit = 8388608 (custom)
2024-04-29 10:06:25,765 [9d50a68e-635c-4808-a075-dce2406a94a2-groupManagement] WARN  util.FileUtils (LogUtils.java:supplyAndLog(63)) - Failed to Files.newInputStream /home/runner/work/ozone/ozone/hadoop-ozone/integration-test/target/test-dir/MiniOzoneClusterImpl-2cdd5cd5-9c4c-463f-a193-9ffbc37dc237/ozone-meta/datanode-6/ratis/0d7410f7-5039-47a1-bbfe-60b79ced8902/current/raft-meta.conf with options []: java.nio.file.NoSuchFileException: /home/runner/work/ozone/ozone/hadoop-ozone/integration-test/target/test-dir/MiniOzoneClusterImpl-2cdd5cd5-9c4c-463f-a193-9ffbc37dc237/ozone-meta/datanode-6/ratis/0d7410f7-5039-47a1-bbfe-60b79ced8902/current/raft-meta.conf
2024-04-29 10:06:25,765 [96aec129-8b92-4385-b6bc-dde0a337a972-groupManagement] INFO  util.AwaitToRun (AwaitToRun.java:start(81)) - Thread[96aec129-8b92-4385-b6bc-dde0a337a972@group-7E6710E055B0-cacheEviction-AwaitToRun,5,main] started
2024-04-29 10:06:25,765 [9d50a68e-635c-4808-a075-dce2406a94a2-groupManagement] INFO  ratis.ContainerStateMachine (ContainerStateMachine.java:loadSnapshot(287)) - group-60B79CED8902: The snapshot info is null. Setting the last applied index to:(t:0, i:~)
2024-04-29 10:06:25,765 [9d50a68e-635c-4808-a075-dce2406a94a2-groupManagement] INFO  server.RaftServerConfigKeys (ConfUtils.java:logGet(46)) - raft.server.log.use.memory = false (default)
2024-04-29 10:06:25,765 [96aec129-8b92-4385-b6bc-dde0a337a972-groupManagement] INFO  segmented.SegmentedRaftLogWorker (SegmentedRaftLogWorker.java:<init>(182)) - new 96aec129-8b92-4385-b6bc-dde0a337a972@group-7E6710E055B0-SegmentedRaftLogWorker for RaftStorageImpl:Storage Directory /home/runner/work/ozone/ozone/hadoop-ozone/integration-test/target/test-dir/MiniOzoneClusterImpl-2cdd5cd5-9c4c-463f-a193-9ffbc37dc237/ozone-meta/datanode-5/ratis/4a543431-5045-4466-8351-7e6710e055b0
2024-04-29 10:06:25,765 [9d50a68e-635c-4808-a075-dce2406a94a2-groupManagement] INFO  server.RaftServerConfigKeys (ConfUtils.java:logGet(46)) - raft.server.log.purge.gap = 1000000 (custom)
2024-04-29 10:06:25,765 [9d50a68e-635c-4808-a075-dce2406a94a2-groupManagement] INFO  server.RaftServerConfigKeys (ConfUtils.java:logGet(46)) - raft.server.log.appender.buffer.byte-limit = 8388608 (custom)
2024-04-29 10:06:25,765 [9d50a68e-635c-4808-a075-dce2406a94a2-groupManagement] INFO  server.RaftServerConfigKeys (ConfUtils.java:logGet(46)) - raft.server.log.statemachine.data.read.timeout = 1000ms (default)
2024-04-29 10:06:25,765 [9d50a68e-635c-4808-a075-dce2406a94a2-groupManagement] INFO  server.RaftServerConfigKeys (ConfUtils.java:logGet(46)) - raft.server.log.purge.preservation.log.num = 0 (default)
2024-04-29 10:06:25,765 [96aec129-8b92-4385-b6bc-dde0a337a972-groupManagement] INFO  server.RaftServerConfigKeys (ConfUtils.java:logGet(46)) - raft.server.log.queue.byte-limit = 4294967296 (custom)
2024-04-29 10:06:25,766 [96aec129-8b92-4385-b6bc-dde0a337a972-groupManagement] INFO  server.RaftServerConfigKeys (ConfUtils.java:logGet(46)) - raft.server.log.queue.element-limit = 1024 (custom)
2024-04-29 10:06:25,766 [96aec129-8b92-4385-b6bc-dde0a337a972-groupManagement] INFO  server.RaftServerConfigKeys (ConfUtils.java:logGet(46)) - raft.server.log.segment.size.max = 67108864 (custom)
2024-04-29 10:06:25,766 [96aec129-8b92-4385-b6bc-dde0a337a972-groupManagement] INFO  server.RaftServerConfigKeys (ConfUtils.java:logGet(46)) - raft.server.log.preallocated.size = 4194304 (custom)
2024-04-29 10:06:25,766 [96aec129-8b92-4385-b6bc-dde0a337a972-groupManagement] INFO  server.RaftServerConfigKeys (ConfUtils.java:logGet(46)) - raft.server.log.force.sync.num = 128 (default)
2024-04-29 10:06:25,766 [96aec129-8b92-4385-b6bc-dde0a337a972-groupManagement] INFO  server.RaftServerConfigKeys (ConfUtils.java:logGet(46)) - raft.server.log.statemachine.data.sync = true (default)
2024-04-29 10:06:25,766 [96aec129-8b92-4385-b6bc-dde0a337a972-groupManagement] INFO  server.RaftServerConfigKeys (ConfUtils.java:logGet(46)) - raft.server.log.statemachine.data.sync.timeout = 10s (default)
2024-04-29 10:06:25,766 [96aec129-8b92-4385-b6bc-dde0a337a972-groupManagement] INFO  server.RaftServerConfigKeys (ConfUtils.java:logGet(46)) - raft.server.log.statemachine.data.sync.timeout.retry = 30 (custom)
2024-04-29 10:06:25,767 [96aec129-8b92-4385-b6bc-dde0a337a972-groupManagement] INFO  server.RaftServerConfigKeys (ConfUtils.java:logGet(46)) - raft.server.log.write.buffer.size = 8388616 (custom)
2024-04-29 10:06:25,767 [9d50a68e-635c-4808-a075-dce2406a94a2-groupManagement] INFO  server.RaftServerConfigKeys (ConfUtils.java:logGet(46)) - raft.server.log.segment.size.max = 67108864 (custom)
2024-04-29 10:06:25,768 [9d50a68e-635c-4808-a075-dce2406a94a2-groupManagement] INFO  server.RaftServerConfigKeys (ConfUtils.java:logGet(46)) - raft.server.log.segment.cache.num.max = 2 (custom)
2024-04-29 10:06:25,768 [9d50a68e-635c-4808-a075-dce2406a94a2-groupManagement] INFO  server.RaftServerConfigKeys (ConfUtils.java:logGet(46)) - raft.server.log.segment.cache.size.max = 200MB (=209715200) (default)
2024-04-29 10:06:25,768 [9d50a68e-635c-4808-a075-dce2406a94a2-groupManagement] INFO  server.RaftServerConfigKeys (ConfUtils.java:logGet(46)) - raft.server.log.appender.buffer.byte-limit = 8388608 (custom)
2024-04-29 10:06:25,768 [9d50a68e-635c-4808-a075-dce2406a94a2-groupManagement] INFO  util.AwaitToRun (AwaitToRun.java:start(81)) - Thread[9d50a68e-635c-4808-a075-dce2406a94a2@group-60B79CED8902-cacheEviction-AwaitToRun,5,main] started
2024-04-29 10:06:25,768 [9d50a68e-635c-4808-a075-dce2406a94a2-groupManagement] INFO  segmented.SegmentedRaftLogWorker (SegmentedRaftLogWorker.java:<init>(182)) - new 9d50a68e-635c-4808-a075-dce2406a94a2@group-60B79CED8902-SegmentedRaftLogWorker for RaftStorageImpl:Storage Directory /home/runner/work/ozone/ozone/hadoop-ozone/integration-test/target/test-dir/MiniOzoneClusterImpl-2cdd5cd5-9c4c-463f-a193-9ffbc37dc237/ozone-meta/datanode-6/ratis/0d7410f7-5039-47a1-bbfe-60b79ced8902
2024-04-29 10:06:25,768 [9d50a68e-635c-4808-a075-dce2406a94a2-groupManagement] INFO  server.RaftServerConfigKeys (ConfUtils.java:logGet(46)) - raft.server.log.queue.byte-limit = 4294967296 (custom)
2024-04-29 10:06:25,769 [9d50a68e-635c-4808-a075-dce2406a94a2-groupManagement] INFO  server.RaftServerConfigKeys (ConfUtils.java:logGet(46)) - raft.server.log.queue.element-limit = 1024 (custom)
2024-04-29 10:06:25,769 [9d50a68e-635c-4808-a075-dce2406a94a2-groupManagement] INFO  server.RaftServerConfigKeys (ConfUtils.java:logGet(46)) - raft.server.log.segment.size.max = 67108864 (custom)
2024-04-29 10:06:25,769 [96aec129-8b92-4385-b6bc-dde0a337a972-groupManagement] INFO  server.RaftServerConfigKeys (ConfUtils.java:logGet(46)) - raft.server.log.appender.buffer.byte-limit = 8388608 (custom)
2024-04-29 10:06:25,769 [96aec129-8b92-4385-b6bc-dde0a337a972-groupManagement] INFO  server.RaftServerConfigKeys (ConfUtils.java:logGet(46)) - raft.server.log.unsafe-flush.enabled = false (default)
2024-04-29 10:06:25,769 [96aec129-8b92-4385-b6bc-dde0a337a972-groupManagement] INFO  server.RaftServerConfigKeys (ConfUtils.java:logGet(46)) - raft.server.log.async-flush.enabled = false (default)
2024-04-29 10:06:25,769 [96aec129-8b92-4385-b6bc-dde0a337a972-groupManagement] INFO  server.RaftServerConfigKeys (ConfUtils.java:logGet(46)) - raft.server.log.statemachine.data.caching.enabled = true (custom)
2024-04-29 10:06:25,769 [96aec129-8b92-4385-b6bc-dde0a337a972-groupManagement] INFO  segmented.SegmentedRaftLogWorker (SegmentedRaftLogWorker.java:lambda$new$0(134)) - 96aec129-8b92-4385-b6bc-dde0a337a972@group-7E6710E055B0-SegmentedRaftLogWorker: flushIndex: setUnconditionally 0 -> -1
2024-04-29 10:06:25,769 [96aec129-8b92-4385-b6bc-dde0a337a972-groupManagement] INFO  segmented.SegmentedRaftLogWorker (SegmentedRaftLogWorker.java:lambda$new$0(134)) - 96aec129-8b92-4385-b6bc-dde0a337a972@group-7E6710E055B0-SegmentedRaftLogWorker: safeCacheEvictIndex: setUnconditionally 0 -> -1
2024-04-29 10:06:25,769 [9d50a68e-635c-4808-a075-dce2406a94a2-groupManagement] INFO  server.RaftServerConfigKeys (ConfUtils.java:logGet(46)) - raft.server.log.preallocated.size = 4194304 (custom)
2024-04-29 10:06:25,769 [9d50a68e-635c-4808-a075-dce2406a94a2-groupManagement] INFO  server.RaftServerConfigKeys (ConfUtils.java:logGet(46)) - raft.server.log.force.sync.num = 128 (default)
2024-04-29 10:06:25,769 [9d50a68e-635c-4808-a075-dce2406a94a2-groupManagement] INFO  server.RaftServerConfigKeys (ConfUtils.java:logGet(46)) - raft.server.log.statemachine.data.sync = true (default)
2024-04-29 10:06:25,769 [9d50a68e-635c-4808-a075-dce2406a94a2-groupManagement] INFO  server.RaftServerConfigKeys (ConfUtils.java:logGet(46)) - raft.server.log.statemachine.data.sync.timeout = 10s (default)
2024-04-29 10:06:25,769 [9d50a68e-635c-4808-a075-dce2406a94a2-groupManagement] INFO  server.RaftServerConfigKeys (ConfUtils.java:logGet(46)) - raft.server.log.statemachine.data.sync.timeout.retry = 30 (custom)
2024-04-29 10:06:25,770 [9d50a68e-635c-4808-a075-dce2406a94a2-groupManagement] INFO  server.RaftServerConfigKeys (ConfUtils.java:logGet(46)) - raft.server.log.write.buffer.size = 8388616 (custom)
2024-04-29 10:06:25,771 [9d50a68e-635c-4808-a075-dce2406a94a2-groupManagement] INFO  server.RaftServerConfigKeys (ConfUtils.java:logGet(46)) - raft.server.log.appender.buffer.byte-limit = 8388608 (custom)
2024-04-29 10:06:25,771 [9d50a68e-635c-4808-a075-dce2406a94a2-groupManagement] INFO  server.RaftServerConfigKeys (ConfUtils.java:logGet(46)) - raft.server.log.unsafe-flush.enabled = false (default)
2024-04-29 10:06:25,771 [9d50a68e-635c-4808-a075-dce2406a94a2-groupManagement] INFO  server.RaftServerConfigKeys (ConfUtils.java:logGet(46)) - raft.server.log.async-flush.enabled = false (default)
2024-04-29 10:06:25,771 [9d50a68e-635c-4808-a075-dce2406a94a2-groupManagement] INFO  server.RaftServerConfigKeys (ConfUtils.java:logGet(46)) - raft.server.log.statemachine.data.caching.enabled = true (custom)
2024-04-29 10:06:25,771 [9d50a68e-635c-4808-a075-dce2406a94a2-groupManagement] INFO  segmented.SegmentedRaftLogWorker (SegmentedRaftLogWorker.java:lambda$new$0(134)) - 9d50a68e-635c-4808-a075-dce2406a94a2@group-60B79CED8902-SegmentedRaftLogWorker: flushIndex: setUnconditionally 0 -> -1
2024-04-29 10:06:25,771 [9d50a68e-635c-4808-a075-dce2406a94a2-groupManagement] INFO  segmented.SegmentedRaftLogWorker (SegmentedRaftLogWorker.java:lambda$new$0(134)) - 9d50a68e-635c-4808-a075-dce2406a94a2@group-60B79CED8902-SegmentedRaftLogWorker: safeCacheEvictIndex: setUnconditionally 0 -> -1
2024-04-29 10:06:25,773 [96aec129-8b92-4385-b6bc-dde0a337a972-groupManagement] INFO  server.RaftServer$Division (RaftServerImpl.java:start(396)) - 96aec129-8b92-4385-b6bc-dde0a337a972@group-7E6710E055B0: start as a follower, conf=-1: peers:[96aec129-8b92-4385-b6bc-dde0a337a972|127.0.0.1:15406]|listeners:[], old=null
2024-04-29 10:06:25,773 [96aec129-8b92-4385-b6bc-dde0a337a972-groupManagement] INFO  server.RaftServer$Division (RaftServerImpl.java:setRole(383)) - 96aec129-8b92-4385-b6bc-dde0a337a972@group-7E6710E055B0: changes role from      null to FOLLOWER at term 0 for startAsFollower
2024-04-29 10:06:25,773 [96aec129-8b92-4385-b6bc-dde0a337a972-groupManagement] INFO  impl.RoleInfo (RoleInfo.java:updateAndGet(139)) - 96aec129-8b92-4385-b6bc-dde0a337a972: start 96aec129-8b92-4385-b6bc-dde0a337a972@group-7E6710E055B0-FollowerState
2024-04-29 10:06:25,773 [9d50a68e-635c-4808-a075-dce2406a94a2-groupManagement] INFO  server.RaftServer$Division (RaftServerImpl.java:start(396)) - 9d50a68e-635c-4808-a075-dce2406a94a2@group-60B79CED8902: start as a follower, conf=-1: peers:[96aec129-8b92-4385-b6bc-dde0a337a972|127.0.0.1:15406, 258cf687-9dbc-46c1-b255-600d670a4b6c|127.0.0.1:15397, 9d50a68e-635c-4808-a075-dce2406a94a2|127.0.0.1:15415]|listeners:[], old=null
2024-04-29 10:06:25,774 [9d50a68e-635c-4808-a075-dce2406a94a2-groupManagement] INFO  server.RaftServer$Division (RaftServerImpl.java:setRole(383)) - 9d50a68e-635c-4808-a075-dce2406a94a2@group-60B79CED8902: changes role from      null to FOLLOWER at term 0 for startAsFollower
2024-04-29 10:06:25,774 [96aec129-8b92-4385-b6bc-dde0a337a972@group-7E6710E055B0-FollowerState] INFO  server.RaftServerConfigKeys (ConfUtils.java:logFallback(53)) - raft.server.rpc.first-election.timeout.min = 5s (fallback to raft.server.rpc.timeout.min)
2024-04-29 10:06:25,774 [96aec129-8b92-4385-b6bc-dde0a337a972-groupManagement] INFO  util.JmxRegister (JmxRegister.java:tryRegister(44)) - Successfully registered JMX Bean with object name Ratis:service=RaftServer,group=group-7E6710E055B0,id=96aec129-8b92-4385-b6bc-dde0a337a972
2024-04-29 10:06:25,774 [96aec129-8b92-4385-b6bc-dde0a337a972@group-7E6710E055B0-FollowerState] INFO  server.RaftServerConfigKeys (ConfUtils.java:logFallback(53)) - raft.server.rpc.first-election.timeout.max = 5200ms (fallback to raft.server.rpc.timeout.max)
2024-04-29 10:06:25,774 [9d50a68e-635c-4808-a075-dce2406a94a2-groupManagement] INFO  impl.RoleInfo (RoleInfo.java:updateAndGet(139)) - 9d50a68e-635c-4808-a075-dce2406a94a2: start 9d50a68e-635c-4808-a075-dce2406a94a2@group-60B79CED8902-FollowerState
2024-04-29 10:06:25,774 [96aec129-8b92-4385-b6bc-dde0a337a972-groupManagement] INFO  server.RaftServerConfigKeys (ConfUtils.java:logGet(46)) - raft.server.snapshot.trigger-when-stop.enabled = true (default)
2024-04-29 10:06:25,774 [96aec129-8b92-4385-b6bc-dde0a337a972-groupManagement] INFO  server.RaftServerConfigKeys (ConfUtils.java:logGet(46)) - raft.server.snapshot.auto.trigger.enabled = true (custom)
2024-04-29 10:06:25,774 [96aec129-8b92-4385-b6bc-dde0a337a972-groupManagement] INFO  server.RaftServerConfigKeys (ConfUtils.java:logGet(46)) - raft.server.snapshot.auto.trigger.threshold = 10000 (custom)
2024-04-29 10:06:25,774 [96aec129-8b92-4385-b6bc-dde0a337a972-groupManagement] INFO  server.RaftServerConfigKeys (ConfUtils.java:logGet(46)) - raft.server.snapshot.retention.file.num = 5 (custom)
2024-04-29 10:06:25,774 [9d50a68e-635c-4808-a075-dce2406a94a2-groupManagement] INFO  util.JmxRegister (JmxRegister.java:tryRegister(44)) - Successfully registered JMX Bean with object name Ratis:service=RaftServer,group=group-60B79CED8902,id=9d50a68e-635c-4808-a075-dce2406a94a2
2024-04-29 10:06:25,774 [9d50a68e-635c-4808-a075-dce2406a94a2@group-60B79CED8902-FollowerState] INFO  server.RaftServerConfigKeys (ConfUtils.java:logFallback(53)) - raft.server.rpc.first-election.timeout.min = 5s (fallback to raft.server.rpc.timeout.min)
2024-04-29 10:06:25,774 [96aec129-8b92-4385-b6bc-dde0a337a972-groupManagement] INFO  server.RaftServerConfigKeys (ConfUtils.java:logGet(46)) - raft.server.log.purge.upto.snapshot.index = false (default)
2024-04-29 10:06:25,774 [9d50a68e-635c-4808-a075-dce2406a94a2@group-60B79CED8902-FollowerState] INFO  server.RaftServerConfigKeys (ConfUtils.java:logFallback(53)) - raft.server.rpc.first-election.timeout.max = 5200ms (fallback to raft.server.rpc.timeout.max)
2024-04-29 10:06:25,774 [9d50a68e-635c-4808-a075-dce2406a94a2-groupManagement] INFO  server.RaftServerConfigKeys (ConfUtils.java:logGet(46)) - raft.server.snapshot.trigger-when-stop.enabled = true (default)
2024-04-29 10:06:25,774 [9d50a68e-635c-4808-a075-dce2406a94a2-groupManagement] INFO  server.RaftServerConfigKeys (ConfUtils.java:logGet(46)) - raft.server.snapshot.auto.trigger.enabled = true (custom)
2024-04-29 10:06:25,774 [9d50a68e-635c-4808-a075-dce2406a94a2-groupManagement] INFO  server.RaftServerConfigKeys (ConfUtils.java:logGet(46)) - raft.server.snapshot.auto.trigger.threshold = 10000 (custom)
2024-04-29 10:06:25,774 [9d50a68e-635c-4808-a075-dce2406a94a2-groupManagement] INFO  server.RaftServerConfigKeys (ConfUtils.java:logGet(46)) - raft.server.snapshot.retention.file.num = 5 (custom)
2024-04-29 10:06:25,774 [9d50a68e-635c-4808-a075-dce2406a94a2-groupManagement] INFO  server.RaftServerConfigKeys (ConfUtils.java:logGet(46)) - raft.server.log.purge.upto.snapshot.index = false (default)
2024-04-29 10:06:25,775 [96aec129-8b92-4385-b6bc-dde0a337a972-PipelineCommandHandlerThread-0] INFO  ratis.XceiverServerRatis (XceiverServerRatis.java:addGroup(864)) - Created group PipelineID=4a543431-5045-4466-8351-7e6710e055b0
2024-04-29 10:06:25,775 [96aec129-8b92-4385-b6bc-dde0a337a972-PipelineCommandHandlerThread-0] INFO  commandhandler.CreatePipelineCommandHandler (CreatePipelineCommandHandler.java:lambda$handle$2(124)) - Created Pipeline RATIS ONE PipelineID=4a543431-5045-4466-8351-7e6710e055b0.
2024-04-29 10:06:25,776 [258cf687-9dbc-46c1-b255-600d670a4b6c-PipelineCommandHandlerThread-0] INFO  commandhandler.CreatePipelineCommandHandler (CreatePipelineCommandHandler.java:lambda$handle$2(124)) - Created Pipeline RATIS THREE PipelineID=0d7410f7-5039-47a1-bbfe-60b79ced8902.
2024-04-29 10:06:25,813 [9d50a68e-635c-4808-a075-dce2406a94a2-PipelineCommandHandlerThread-0] INFO  server.RaftServer (RaftServerProxy.java:addNew(100)) - 9d50a68e-635c-4808-a075-dce2406a94a2: addNew group-C3C3C2B38EFF:[9d50a68e-635c-4808-a075-dce2406a94a2|127.0.0.1:15415] returns group-C3C3C2B38EFF:java.util.concurrent.CompletableFuture@68fa42c2[Not completed]
2024-04-29 10:06:25,814 [9d50a68e-635c-4808-a075-dce2406a94a2-groupManagement] INFO  server.RaftServer$Division (RaftServerImpl.java:<init>(256)) - 9d50a68e-635c-4808-a075-dce2406a94a2: new RaftServerImpl for group-C3C3C2B38EFF:[9d50a68e-635c-4808-a075-dce2406a94a2|127.0.0.1:15415] with ContainerStateMachine:uninitialized
2024-04-29 10:06:25,814 [9d50a68e-635c-4808-a075-dce2406a94a2-groupManagement] INFO  server.RaftServerConfigKeys (ConfUtils.java:logGet(46)) - raft.server.rpc.timeout.min = 5s (custom)
2024-04-29 10:06:25,814 [9d50a68e-635c-4808-a075-dce2406a94a2-groupManagement] INFO  server.RaftServerConfigKeys (ConfUtils.java:logGet(46)) - raft.server.rpc.timeout.max = 5200ms (custom)
2024-04-29 10:06:25,814 [9d50a68e-635c-4808-a075-dce2406a94a2-groupManagement] INFO  server.RaftServerConfigKeys (ConfUtils.java:logGet(46)) - raft.server.rpc.sleep.time = 25ms (default)
2024-04-29 10:06:25,814 [9d50a68e-635c-4808-a075-dce2406a94a2-groupManagement] INFO  server.RaftServerConfigKeys (ConfUtils.java:logGet(46)) - raft.server.rpc.slowness.timeout = 300000ms (custom)
2024-04-29 10:06:25,814 [9d50a68e-635c-4808-a075-dce2406a94a2-groupManagement] INFO  server.RaftServerConfigKeys (ConfUtils.java:logGet(46)) - raft.server.leaderelection.leader.step-down.wait-time = 10s (default)
2024-04-29 10:06:25,814 [9d50a68e-635c-4808-a075-dce2406a94a2-groupManagement] INFO  server.RaftServerConfigKeys (ConfUtils.java:logGet(46)) - raft.server.leaderelection.member.majority-add = false (default)
2024-04-29 10:06:25,814 [9d50a68e-635c-4808-a075-dce2406a94a2-groupManagement] INFO  server.RaftServerConfigKeys (ConfUtils.java:logGet(46)) - raft.server.sleep.deviation.threshold = 300ms (default)
2024-04-29 10:06:25,814 [9d50a68e-635c-4808-a075-dce2406a94a2-groupManagement] INFO  server.RaftServer$Division (ServerState.java:<init>(113)) - 9d50a68e-635c-4808-a075-dce2406a94a2@group-C3C3C2B38EFF: ConfigurationManager, init=-1: peers:[9d50a68e-635c-4808-a075-dce2406a94a2|127.0.0.1:15415]|listeners:[], old=null, confs=<EMPTY_MAP>
2024-04-29 10:06:25,814 [9d50a68e-635c-4808-a075-dce2406a94a2-groupManagement] INFO  server.RaftServerConfigKeys (ConfUtils.java:logGet(46)) - raft.server.notification.no-leader.timeout = 300000ms (custom)
2024-04-29 10:06:25,814 [9d50a68e-635c-4808-a075-dce2406a94a2-groupManagement] INFO  server.RaftServerConfigKeys (ConfUtils.java:logGet(46)) - raft.server.read.timeout = 10s (default)
2024-04-29 10:06:25,814 [9d50a68e-635c-4808-a075-dce2406a94a2-groupManagement] INFO  server.RaftServerConfigKeys (ConfUtils.java:logGet(46)) - raft.server.retrycache.expirytime = 600000ms (custom)
2024-04-29 10:06:25,814 [9d50a68e-635c-4808-a075-dce2406a94a2-groupManagement] INFO  server.RaftServerConfigKeys (ConfUtils.java:logGet(46)) - raft.server.retrycache.statistics.expirytime = 100ms (default)
2024-04-29 10:06:25,814 [9d50a68e-635c-4808-a075-dce2406a94a2-groupManagement] INFO  server.RaftServerConfigKeys (ConfUtils.java:logGet(46)) - raft.server.read.option = DEFAULT (default)
2024-04-29 10:06:25,814 [9d50a68e-635c-4808-a075-dce2406a94a2-groupManagement] INFO  server.RaftServerConfigKeys (ConfUtils.java:logGet(46)) - raft.server.read.read-after-write-consistent.write-index-cache.expiry-time = 60s (default)
2024-04-29 10:06:25,816 [9d50a68e-635c-4808-a075-dce2406a94a2-groupManagement] INFO  server.RaftServerConfigKeys (ConfUtils.java:logGet(46)) - raft.server.rpc.request.timeout = 3000ms (default)
2024-04-29 10:06:25,816 [9d50a68e-635c-4808-a075-dce2406a94a2-groupManagement] INFO  server.RaftServerConfigKeys (ConfUtils.java:logGet(46)) - raft.server.log.appender.install.snapshot.enabled = false (custom)
2024-04-29 10:06:25,816 [9d50a68e-635c-4808-a075-dce2406a94a2-groupManagement] INFO  server.RaftServerConfigKeys (ConfUtils.java:logGet(46)) - raft.server.threadpool.server.cached = true (default)
2024-04-29 10:06:25,816 [9d50a68e-635c-4808-a075-dce2406a94a2-groupManagement] INFO  server.RaftServerConfigKeys (ConfUtils.java:logGet(46)) - raft.server.threadpool.server.size = 0 (default)
2024-04-29 10:06:25,816 [9d50a68e-635c-4808-a075-dce2406a94a2-groupManagement] INFO  server.RaftServerConfigKeys (ConfUtils.java:logGet(46)) - raft.server.threadpool.client.cached = true (default)
2024-04-29 10:06:25,816 [9d50a68e-635c-4808-a075-dce2406a94a2-groupManagement] INFO  server.RaftServerConfigKeys (ConfUtils.java:logGet(46)) - raft.server.threadpool.client.size = 0 (default)
2024-04-29 10:06:25,816 [9d50a68e-635c-4808-a075-dce2406a94a2-groupManagement] INFO  server.RaftServerConfigKeys (ConfUtils.java:logGet(46)) - raft.server.storage.free-space.min = 0MB (=0) (default)
2024-04-29 10:06:25,816 [9d50a68e-635c-4808-a075-dce2406a94a2-groupManagement] INFO  server.RaftServerConfigKeys (ConfUtils.java:logGet(46)) - raft.server.log.corruption.policy = EXCEPTION (default)
2024-04-29 10:06:25,816 [9d50a68e-635c-4808-a075-dce2406a94a2-groupManagement] INFO  server.RaftServerConfigKeys (ConfUtils.java:logGet(46)) - raft.server.storage.dir = [/home/runner/work/ozone/ozone/hadoop-ozone/integration-test/target/test-dir/MiniOzoneClusterImpl-2cdd5cd5-9c4c-463f-a193-9ffbc37dc237/ozone-meta/datanode-6/ratis] (custom)
2024-04-29 10:06:25,816 [9d50a68e-635c-4808-a075-dce2406a94a2-groupManagement] INFO  storage.RaftStorageDirectory (RaftStorageDirectoryImpl.java:analyzeStorage(138)) - The storage directory /home/runner/work/ozone/ozone/hadoop-ozone/integration-test/target/test-dir/MiniOzoneClusterImpl-2cdd5cd5-9c4c-463f-a193-9ffbc37dc237/ozone-meta/datanode-6/ratis/7c40a7e7-adb3-4371-a5c8-c3c3c2b38eff does not exist. Creating ...
2024-04-29 10:06:25,817 [9d50a68e-635c-4808-a075-dce2406a94a2-groupManagement] INFO  storage.RaftStorageDirectory (RaftStorageDirectoryImpl.java:tryLock(228)) - Lock on /home/runner/work/ozone/ozone/hadoop-ozone/integration-test/target/test-dir/MiniOzoneClusterImpl-2cdd5cd5-9c4c-463f-a193-9ffbc37dc237/ozone-meta/datanode-6/ratis/7c40a7e7-adb3-4371-a5c8-c3c3c2b38eff/in_use.lock acquired by nodename 20825@fv-az913-54
2024-04-29 10:06:25,818 [9d50a68e-635c-4808-a075-dce2406a94a2-groupManagement] INFO  storage.RaftStorage (RaftStorageImpl.java:format(99)) - Storage directory /home/runner/work/ozone/ozone/hadoop-ozone/integration-test/target/test-dir/MiniOzoneClusterImpl-2cdd5cd5-9c4c-463f-a193-9ffbc37dc237/ozone-meta/datanode-6/ratis/7c40a7e7-adb3-4371-a5c8-c3c3c2b38eff has been successfully formatted.
2024-04-29 10:06:25,818 [9d50a68e-635c-4808-a075-dce2406a94a2-groupManagement] WARN  util.FileUtils (LogUtils.java:supplyAndLog(63)) - Failed to Files.newInputStream /home/runner/work/ozone/ozone/hadoop-ozone/integration-test/target/test-dir/MiniOzoneClusterImpl-2cdd5cd5-9c4c-463f-a193-9ffbc37dc237/ozone-meta/datanode-6/ratis/7c40a7e7-adb3-4371-a5c8-c3c3c2b38eff/current/raft-meta.conf with options []: java.nio.file.NoSuchFileException: /home/runner/work/ozone/ozone/hadoop-ozone/integration-test/target/test-dir/MiniOzoneClusterImpl-2cdd5cd5-9c4c-463f-a193-9ffbc37dc237/ozone-meta/datanode-6/ratis/7c40a7e7-adb3-4371-a5c8-c3c3c2b38eff/current/raft-meta.conf
2024-04-29 10:06:25,819 [9d50a68e-635c-4808-a075-dce2406a94a2-groupManagement] INFO  ratis.ContainerStateMachine (ContainerStateMachine.java:loadSnapshot(287)) - group-C3C3C2B38EFF: The snapshot info is null. Setting the last applied index to:(t:0, i:~)
2024-04-29 10:06:25,819 [9d50a68e-635c-4808-a075-dce2406a94a2-groupManagement] INFO  server.RaftServerConfigKeys (ConfUtils.java:logGet(46)) - raft.server.log.use.memory = false (default)
2024-04-29 10:06:25,819 [9d50a68e-635c-4808-a075-dce2406a94a2-groupManagement] INFO  server.RaftServerConfigKeys (ConfUtils.java:logGet(46)) - raft.server.log.purge.gap = 1000000 (custom)
2024-04-29 10:06:25,819 [9d50a68e-635c-4808-a075-dce2406a94a2-groupManagement] INFO  server.RaftServerConfigKeys (ConfUtils.java:logGet(46)) - raft.server.log.appender.buffer.byte-limit = 8388608 (custom)
2024-04-29 10:06:25,819 [9d50a68e-635c-4808-a075-dce2406a94a2-groupManagement] INFO  server.RaftServerConfigKeys (ConfUtils.java:logGet(46)) - raft.server.log.statemachine.data.read.timeout = 1000ms (default)
2024-04-29 10:06:25,819 [9d50a68e-635c-4808-a075-dce2406a94a2-groupManagement] INFO  server.RaftServerConfigKeys (ConfUtils.java:logGet(46)) - raft.server.log.purge.preservation.log.num = 0 (default)
2024-04-29 10:06:25,820 [9d50a68e-635c-4808-a075-dce2406a94a2-groupManagement] INFO  server.RaftServerConfigKeys (ConfUtils.java:logGet(46)) - raft.server.log.segment.size.max = 67108864 (custom)
2024-04-29 10:06:25,820 [9d50a68e-635c-4808-a075-dce2406a94a2-groupManagement] INFO  server.RaftServerConfigKeys (ConfUtils.java:logGet(46)) - raft.server.log.segment.cache.num.max = 2 (custom)
2024-04-29 10:06:25,820 [9d50a68e-635c-4808-a075-dce2406a94a2-groupManagement] INFO  server.RaftServerConfigKeys (ConfUtils.java:logGet(46)) - raft.server.log.segment.cache.size.max = 200MB (=209715200) (default)
2024-04-29 10:06:25,820 [9d50a68e-635c-4808-a075-dce2406a94a2-groupManagement] INFO  server.RaftServerConfigKeys (ConfUtils.java:logGet(46)) - raft.server.log.appender.buffer.byte-limit = 8388608 (custom)
2024-04-29 10:06:25,821 [9d50a68e-635c-4808-a075-dce2406a94a2-groupManagement] INFO  util.AwaitToRun (AwaitToRun.java:start(81)) - Thread[9d50a68e-635c-4808-a075-dce2406a94a2@group-C3C3C2B38EFF-cacheEviction-AwaitToRun,5,main] started
2024-04-29 10:06:25,821 [9d50a68e-635c-4808-a075-dce2406a94a2-groupManagement] INFO  segmented.SegmentedRaftLogWorker (SegmentedRaftLogWorker.java:<init>(182)) - new 9d50a68e-635c-4808-a075-dce2406a94a2@group-C3C3C2B38EFF-SegmentedRaftLogWorker for RaftStorageImpl:Storage Directory /home/runner/work/ozone/ozone/hadoop-ozone/integration-test/target/test-dir/MiniOzoneClusterImpl-2cdd5cd5-9c4c-463f-a193-9ffbc37dc237/ozone-meta/datanode-6/ratis/7c40a7e7-adb3-4371-a5c8-c3c3c2b38eff
2024-04-29 10:06:25,821 [9d50a68e-635c-4808-a075-dce2406a94a2-groupManagement] INFO  server.RaftServerConfigKeys (ConfUtils.java:logGet(46)) - raft.server.log.queue.byte-limit = 4294967296 (custom)
2024-04-29 10:06:25,821 [9d50a68e-635c-4808-a075-dce2406a94a2-groupManagement] INFO  server.RaftServerConfigKeys (ConfUtils.java:logGet(46)) - raft.server.log.queue.element-limit = 1024 (custom)
2024-04-29 10:06:25,821 [9d50a68e-635c-4808-a075-dce2406a94a2-groupManagement] INFO  server.RaftServerConfigKeys (ConfUtils.java:logGet(46)) - raft.server.log.segment.size.max = 67108864 (custom)
2024-04-29 10:06:25,821 [9d50a68e-635c-4808-a075-dce2406a94a2-groupManagement] INFO  server.RaftServerConfigKeys (ConfUtils.java:logGet(46)) - raft.server.log.preallocated.size = 4194304 (custom)
2024-04-29 10:06:25,821 [9d50a68e-635c-4808-a075-dce2406a94a2-groupManagement] INFO  server.RaftServerConfigKeys (ConfUtils.java:logGet(46)) - raft.server.log.force.sync.num = 128 (default)
2024-04-29 10:06:25,821 [9d50a68e-635c-4808-a075-dce2406a94a2-groupManagement] INFO  server.RaftServerConfigKeys (ConfUtils.java:logGet(46)) - raft.server.log.statemachine.data.sync = true (default)
2024-04-29 10:06:25,821 [9d50a68e-635c-4808-a075-dce2406a94a2-groupManagement] INFO  server.RaftServerConfigKeys (ConfUtils.java:logGet(46)) - raft.server.log.statemachine.data.sync.timeout = 10s (default)
2024-04-29 10:06:25,821 [9d50a68e-635c-4808-a075-dce2406a94a2-groupManagement] INFO  server.RaftServerConfigKeys (ConfUtils.java:logGet(46)) - raft.server.log.statemachine.data.sync.timeout.retry = 30 (custom)
2024-04-29 10:06:25,821 [9d50a68e-635c-4808-a075-dce2406a94a2-groupManagement] INFO  server.RaftServerConfigKeys (ConfUtils.java:logGet(46)) - raft.server.log.write.buffer.size = 8388616 (custom)
2024-04-29 10:06:25,822 [9d50a68e-635c-4808-a075-dce2406a94a2-groupManagement] INFO  server.RaftServerConfigKeys (ConfUtils.java:logGet(46)) - raft.server.log.appender.buffer.byte-limit = 8388608 (custom)
2024-04-29 10:06:25,822 [9d50a68e-635c-4808-a075-dce2406a94a2-groupManagement] INFO  server.RaftServerConfigKeys (ConfUtils.java:logGet(46)) - raft.server.log.unsafe-flush.enabled = false (default)
2024-04-29 10:06:25,822 [9d50a68e-635c-4808-a075-dce2406a94a2-groupManagement] INFO  server.RaftServerConfigKeys (ConfUtils.java:logGet(46)) - raft.server.log.async-flush.enabled = false (default)
2024-04-29 10:06:25,822 [9d50a68e-635c-4808-a075-dce2406a94a2-groupManagement] INFO  server.RaftServerConfigKeys (ConfUtils.java:logGet(46)) - raft.server.log.statemachine.data.caching.enabled = true (custom)
2024-04-29 10:06:25,823 [9d50a68e-635c-4808-a075-dce2406a94a2-groupManagement] INFO  segmented.SegmentedRaftLogWorker (SegmentedRaftLogWorker.java:lambda$new$0(134)) - 9d50a68e-635c-4808-a075-dce2406a94a2@group-C3C3C2B38EFF-SegmentedRaftLogWorker: flushIndex: setUnconditionally 0 -> -1
2024-04-29 10:06:25,823 [9d50a68e-635c-4808-a075-dce2406a94a2-groupManagement] INFO  segmented.SegmentedRaftLogWorker (SegmentedRaftLogWorker.java:lambda$new$0(134)) - 9d50a68e-635c-4808-a075-dce2406a94a2@group-C3C3C2B38EFF-SegmentedRaftLogWorker: safeCacheEvictIndex: setUnconditionally 0 -> -1
2024-04-29 10:06:25,823 [9d50a68e-635c-4808-a075-dce2406a94a2-groupManagement] INFO  server.RaftServer$Division (RaftServerImpl.java:start(396)) - 9d50a68e-635c-4808-a075-dce2406a94a2@group-C3C3C2B38EFF: start as a follower, conf=-1: peers:[9d50a68e-635c-4808-a075-dce2406a94a2|127.0.0.1:15415]|listeners:[], old=null
2024-04-29 10:06:25,823 [EventQueue-PipelineReportForPipelineReportHandler] INFO  pipeline.PipelineReportHandler (PipelineReportHandler.java:processPipelineReport(136)) - Opened pipeline PipelineID=7c40a7e7-adb3-4371-a5c8-c3c3c2b38eff
2024-04-29 10:06:25,823 [9d50a68e-635c-4808-a075-dce2406a94a2-groupManagement] INFO  server.RaftServer$Division (RaftServerImpl.java:setRole(383)) - 9d50a68e-635c-4808-a075-dce2406a94a2@group-C3C3C2B38EFF: changes role from      null to FOLLOWER at term 0 for startAsFollower
2024-04-29 10:06:25,823 [EventQueue-OpenPipelineForHealthyPipelineSafeModeRule] INFO  safemode.SCMSafeModeManager (HealthyPipelineSafeModeRule.java:process(140)) - SCM in safe mode. Healthy pipelines reported count is 0, required healthy pipeline reported count is 1
2024-04-29 10:06:25,823 [9d50a68e-635c-4808-a075-dce2406a94a2-groupManagement] INFO  impl.RoleInfo (RoleInfo.java:updateAndGet(139)) - 9d50a68e-635c-4808-a075-dce2406a94a2: start 9d50a68e-635c-4808-a075-dce2406a94a2@group-C3C3C2B38EFF-FollowerState
2024-04-29 10:06:25,823 [9d50a68e-635c-4808-a075-dce2406a94a2@group-C3C3C2B38EFF-FollowerState] INFO  server.RaftServerConfigKeys (ConfUtils.java:logFallback(53)) - raft.server.rpc.first-election.timeout.min = 5s (fallback to raft.server.rpc.timeout.min)
2024-04-29 10:06:25,823 [9d50a68e-635c-4808-a075-dce2406a94a2@group-C3C3C2B38EFF-FollowerState] INFO  server.RaftServerConfigKeys (ConfUtils.java:logFallback(53)) - raft.server.rpc.first-election.timeout.max = 5200ms (fallback to raft.server.rpc.timeout.max)
2024-04-29 10:06:25,823 [9d50a68e-635c-4808-a075-dce2406a94a2-groupManagement] INFO  util.JmxRegister (JmxRegister.java:tryRegister(44)) - Successfully registered JMX Bean with object name Ratis:service=RaftServer,group=group-C3C3C2B38EFF,id=9d50a68e-635c-4808-a075-dce2406a94a2
2024-04-29 10:06:25,823 [9d50a68e-635c-4808-a075-dce2406a94a2-groupManagement] INFO  server.RaftServerConfigKeys (ConfUtils.java:logGet(46)) - raft.server.snapshot.trigger-when-stop.enabled = true (default)
2024-04-29 10:06:25,823 [9d50a68e-635c-4808-a075-dce2406a94a2-groupManagement] INFO  server.RaftServerConfigKeys (ConfUtils.java:logGet(46)) - raft.server.snapshot.auto.trigger.enabled = true (custom)
2024-04-29 10:06:25,823 [9d50a68e-635c-4808-a075-dce2406a94a2-groupManagement] INFO  server.RaftServerConfigKeys (ConfUtils.java:logGet(46)) - raft.server.snapshot.auto.trigger.threshold = 10000 (custom)
2024-04-29 10:06:25,823 [9d50a68e-635c-4808-a075-dce2406a94a2-groupManagement] INFO  server.RaftServerConfigKeys (ConfUtils.java:logGet(46)) - raft.server.snapshot.retention.file.num = 5 (custom)
2024-04-29 10:06:25,824 [9d50a68e-635c-4808-a075-dce2406a94a2-groupManagement] INFO  server.RaftServerConfigKeys (ConfUtils.java:logGet(46)) - raft.server.log.purge.upto.snapshot.index = false (default)
2024-04-29 10:06:25,824 [9d50a68e-635c-4808-a075-dce2406a94a2-PipelineCommandHandlerThread-0] INFO  ratis.XceiverServerRatis (XceiverServerRatis.java:addGroup(864)) - Created group PipelineID=7c40a7e7-adb3-4371-a5c8-c3c3c2b38eff
2024-04-29 10:06:25,824 [9d50a68e-635c-4808-a075-dce2406a94a2-PipelineCommandHandlerThread-0] INFO  commandhandler.CreatePipelineCommandHandler (CreatePipelineCommandHandler.java:lambda$handle$2(124)) - Created Pipeline RATIS ONE PipelineID=7c40a7e7-adb3-4371-a5c8-c3c3c2b38eff.
2024-04-29 10:06:25,871 [05b2082f-ed41-4af0-9481-4223771265a3-PipelineCommandHandlerThread-0] INFO  server.RaftServer (RaftServerProxy.java:addNew(100)) - 05b2082f-ed41-4af0-9481-4223771265a3: addNew group-B4FE43D966C8:[05b2082f-ed41-4af0-9481-4223771265a3|127.0.0.1:15424] returns group-B4FE43D966C8:java.util.concurrent.CompletableFuture@7e45efda[Not completed]
2024-04-29 10:06:25,872 [05b2082f-ed41-4af0-9481-4223771265a3-groupManagement] INFO  server.RaftServer$Division (RaftServerImpl.java:<init>(256)) - 05b2082f-ed41-4af0-9481-4223771265a3: new RaftServerImpl for group-B4FE43D966C8:[05b2082f-ed41-4af0-9481-4223771265a3|127.0.0.1:15424] with ContainerStateMachine:uninitialized
2024-04-29 10:06:25,872 [05b2082f-ed41-4af0-9481-4223771265a3-groupManagement] INFO  server.RaftServerConfigKeys (ConfUtils.java:logGet(46)) - raft.server.rpc.timeout.min = 5s (custom)
2024-04-29 10:06:25,872 [05b2082f-ed41-4af0-9481-4223771265a3-groupManagement] INFO  server.RaftServerConfigKeys (ConfUtils.java:logGet(46)) - raft.server.rpc.timeout.max = 5200ms (custom)
2024-04-29 10:06:25,872 [05b2082f-ed41-4af0-9481-4223771265a3-groupManagement] INFO  server.RaftServerConfigKeys (ConfUtils.java:logGet(46)) - raft.server.rpc.sleep.time = 25ms (default)
2024-04-29 10:06:25,872 [05b2082f-ed41-4af0-9481-4223771265a3-groupManagement] INFO  server.RaftServerConfigKeys (ConfUtils.java:logGet(46)) - raft.server.rpc.slowness.timeout = 300000ms (custom)
2024-04-29 10:06:25,872 [05b2082f-ed41-4af0-9481-4223771265a3-groupManagement] INFO  server.RaftServerConfigKeys (ConfUtils.java:logGet(46)) - raft.server.leaderelection.leader.step-down.wait-time = 10s (default)
2024-04-29 10:06:25,872 [05b2082f-ed41-4af0-9481-4223771265a3-groupManagement] INFO  server.RaftServerConfigKeys (ConfUtils.java:logGet(46)) - raft.server.leaderelection.member.majority-add = false (default)
2024-04-29 10:06:25,872 [05b2082f-ed41-4af0-9481-4223771265a3-groupManagement] INFO  server.RaftServerConfigKeys (ConfUtils.java:logGet(46)) - raft.server.sleep.deviation.threshold = 300ms (default)
2024-04-29 10:06:25,872 [05b2082f-ed41-4af0-9481-4223771265a3-groupManagement] INFO  server.RaftServer$Division (ServerState.java:<init>(113)) - 05b2082f-ed41-4af0-9481-4223771265a3@group-B4FE43D966C8: ConfigurationManager, init=-1: peers:[05b2082f-ed41-4af0-9481-4223771265a3|127.0.0.1:15424]|listeners:[], old=null, confs=<EMPTY_MAP>
2024-04-29 10:06:25,872 [05b2082f-ed41-4af0-9481-4223771265a3-groupManagement] INFO  server.RaftServerConfigKeys (ConfUtils.java:logGet(46)) - raft.server.notification.no-leader.timeout = 300000ms (custom)
2024-04-29 10:06:25,872 [05b2082f-ed41-4af0-9481-4223771265a3-groupManagement] INFO  server.RaftServerConfigKeys (ConfUtils.java:logGet(46)) - raft.server.read.timeout = 10s (default)
2024-04-29 10:06:25,872 [05b2082f-ed41-4af0-9481-4223771265a3-groupManagement] INFO  server.RaftServerConfigKeys (ConfUtils.java:logGet(46)) - raft.server.retrycache.expirytime = 600000ms (custom)
2024-04-29 10:06:25,872 [05b2082f-ed41-4af0-9481-4223771265a3-groupManagement] INFO  server.RaftServerConfigKeys (ConfUtils.java:logGet(46)) - raft.server.retrycache.statistics.expirytime = 100ms (default)
2024-04-29 10:06:25,873 [05b2082f-ed41-4af0-9481-4223771265a3-groupManagement] INFO  server.RaftServerConfigKeys (ConfUtils.java:logGet(46)) - raft.server.read.option = DEFAULT (default)
2024-04-29 10:06:25,873 [05b2082f-ed41-4af0-9481-4223771265a3-groupManagement] INFO  server.RaftServerConfigKeys (ConfUtils.java:logGet(46)) - raft.server.read.read-after-write-consistent.write-index-cache.expiry-time = 60s (default)
2024-04-29 10:06:25,874 [05b2082f-ed41-4af0-9481-4223771265a3-groupManagement] INFO  server.RaftServerConfigKeys (ConfUtils.java:logGet(46)) - raft.server.rpc.request.timeout = 3000ms (default)
2024-04-29 10:06:25,874 [05b2082f-ed41-4af0-9481-4223771265a3-groupManagement] INFO  server.RaftServerConfigKeys (ConfUtils.java:logGet(46)) - raft.server.log.appender.install.snapshot.enabled = false (custom)
2024-04-29 10:06:25,874 [05b2082f-ed41-4af0-9481-4223771265a3-groupManagement] INFO  server.RaftServerConfigKeys (ConfUtils.java:logGet(46)) - raft.server.threadpool.server.cached = true (default)
2024-04-29 10:06:25,874 [05b2082f-ed41-4af0-9481-4223771265a3-groupManagement] INFO  server.RaftServerConfigKeys (ConfUtils.java:logGet(46)) - raft.server.threadpool.server.size = 0 (default)
2024-04-29 10:06:25,874 [05b2082f-ed41-4af0-9481-4223771265a3-groupManagement] INFO  server.RaftServerConfigKeys (ConfUtils.java:logGet(46)) - raft.server.threadpool.client.cached = true (default)
2024-04-29 10:06:25,874 [05b2082f-ed41-4af0-9481-4223771265a3-groupManagement] INFO  server.RaftServerConfigKeys (ConfUtils.java:logGet(46)) - raft.server.threadpool.client.size = 0 (default)
2024-04-29 10:06:25,874 [05b2082f-ed41-4af0-9481-4223771265a3-groupManagement] INFO  server.RaftServerConfigKeys (ConfUtils.java:logGet(46)) - raft.server.storage.free-space.min = 0MB (=0) (default)
2024-04-29 10:06:25,875 [05b2082f-ed41-4af0-9481-4223771265a3-groupManagement] INFO  server.RaftServerConfigKeys (ConfUtils.java:logGet(46)) - raft.server.log.corruption.policy = EXCEPTION (default)
2024-04-29 10:06:25,875 [05b2082f-ed41-4af0-9481-4223771265a3-groupManagement] INFO  server.RaftServerConfigKeys (ConfUtils.java:logGet(46)) - raft.server.storage.dir = [/home/runner/work/ozone/ozone/hadoop-ozone/integration-test/target/test-dir/MiniOzoneClusterImpl-2cdd5cd5-9c4c-463f-a193-9ffbc37dc237/ozone-meta/datanode-7/ratis] (custom)
2024-04-29 10:06:25,875 [05b2082f-ed41-4af0-9481-4223771265a3-groupManagement] INFO  storage.RaftStorageDirectory (RaftStorageDirectoryImpl.java:analyzeStorage(138)) - The storage directory /home/runner/work/ozone/ozone/hadoop-ozone/integration-test/target/test-dir/MiniOzoneClusterImpl-2cdd5cd5-9c4c-463f-a193-9ffbc37dc237/ozone-meta/datanode-7/ratis/2a8ccaea-c1be-4746-b64c-b4fe43d966c8 does not exist. Creating ...
2024-04-29 10:06:25,876 [05b2082f-ed41-4af0-9481-4223771265a3-groupManagement] INFO  storage.RaftStorageDirectory (RaftStorageDirectoryImpl.java:tryLock(228)) - Lock on /home/runner/work/ozone/ozone/hadoop-ozone/integration-test/target/test-dir/MiniOzoneClusterImpl-2cdd5cd5-9c4c-463f-a193-9ffbc37dc237/ozone-meta/datanode-7/ratis/2a8ccaea-c1be-4746-b64c-b4fe43d966c8/in_use.lock acquired by nodename 20825@fv-az913-54
2024-04-29 10:06:25,877 [05b2082f-ed41-4af0-9481-4223771265a3-groupManagement] INFO  storage.RaftStorage (RaftStorageImpl.java:format(99)) - Storage directory /home/runner/work/ozone/ozone/hadoop-ozone/integration-test/target/test-dir/MiniOzoneClusterImpl-2cdd5cd5-9c4c-463f-a193-9ffbc37dc237/ozone-meta/datanode-7/ratis/2a8ccaea-c1be-4746-b64c-b4fe43d966c8 has been successfully formatted.
2024-04-29 10:06:25,877 [05b2082f-ed41-4af0-9481-4223771265a3-groupManagement] WARN  util.FileUtils (LogUtils.java:supplyAndLog(63)) - Failed to Files.newInputStream /home/runner/work/ozone/ozone/hadoop-ozone/integration-test/target/test-dir/MiniOzoneClusterImpl-2cdd5cd5-9c4c-463f-a193-9ffbc37dc237/ozone-meta/datanode-7/ratis/2a8ccaea-c1be-4746-b64c-b4fe43d966c8/current/raft-meta.conf with options []: java.nio.file.NoSuchFileException: /home/runner/work/ozone/ozone/hadoop-ozone/integration-test/target/test-dir/MiniOzoneClusterImpl-2cdd5cd5-9c4c-463f-a193-9ffbc37dc237/ozone-meta/datanode-7/ratis/2a8ccaea-c1be-4746-b64c-b4fe43d966c8/current/raft-meta.conf
2024-04-29 10:06:25,877 [05b2082f-ed41-4af0-9481-4223771265a3-groupManagement] INFO  ratis.ContainerStateMachine (ContainerStateMachine.java:loadSnapshot(287)) - group-B4FE43D966C8: The snapshot info is null. Setting the last applied index to:(t:0, i:~)
2024-04-29 10:06:25,877 [05b2082f-ed41-4af0-9481-4223771265a3-groupManagement] INFO  server.RaftServerConfigKeys (ConfUtils.java:logGet(46)) - raft.server.log.use.memory = false (default)
2024-04-29 10:06:25,877 [05b2082f-ed41-4af0-9481-4223771265a3-groupManagement] INFO  server.RaftServerConfigKeys (ConfUtils.java:logGet(46)) - raft.server.log.purge.gap = 1000000 (custom)
2024-04-29 10:06:25,877 [05b2082f-ed41-4af0-9481-4223771265a3-groupManagement] INFO  server.RaftServerConfigKeys (ConfUtils.java:logGet(46)) - raft.server.log.appender.buffer.byte-limit = 8388608 (custom)
2024-04-29 10:06:25,877 [05b2082f-ed41-4af0-9481-4223771265a3-groupManagement] INFO  server.RaftServerConfigKeys (ConfUtils.java:logGet(46)) - raft.server.log.statemachine.data.read.timeout = 1000ms (default)
2024-04-29 10:06:25,878 [05b2082f-ed41-4af0-9481-4223771265a3-groupManagement] INFO  server.RaftServerConfigKeys (ConfUtils.java:logGet(46)) - raft.server.log.purge.preservation.log.num = 0 (default)
2024-04-29 10:06:25,878 [EventQueue-PipelineReportForPipelineReportHandler] INFO  pipeline.PipelineReportHandler (PipelineReportHandler.java:processPipelineReport(136)) - Opened pipeline PipelineID=2a8ccaea-c1be-4746-b64c-b4fe43d966c8
2024-04-29 10:06:25,878 [EventQueue-OpenPipelineForHealthyPipelineSafeModeRule] INFO  safemode.SCMSafeModeManager (HealthyPipelineSafeModeRule.java:process(140)) - SCM in safe mode. Healthy pipelines reported count is 0, required healthy pipeline reported count is 1
2024-04-29 10:06:25,879 [05b2082f-ed41-4af0-9481-4223771265a3-groupManagement] INFO  server.RaftServerConfigKeys (ConfUtils.java:logGet(46)) - raft.server.log.segment.size.max = 67108864 (custom)
2024-04-29 10:06:25,879 [05b2082f-ed41-4af0-9481-4223771265a3-groupManagement] INFO  server.RaftServerConfigKeys (ConfUtils.java:logGet(46)) - raft.server.log.segment.cache.num.max = 2 (custom)
2024-04-29 10:06:25,879 [05b2082f-ed41-4af0-9481-4223771265a3-groupManagement] INFO  server.RaftServerConfigKeys (ConfUtils.java:logGet(46)) - raft.server.log.segment.cache.size.max = 200MB (=209715200) (default)
2024-04-29 10:06:25,879 [05b2082f-ed41-4af0-9481-4223771265a3-groupManagement] INFO  server.RaftServerConfigKeys (ConfUtils.java:logGet(46)) - raft.server.log.appender.buffer.byte-limit = 8388608 (custom)
2024-04-29 10:06:25,879 [05b2082f-ed41-4af0-9481-4223771265a3-groupManagement] INFO  util.AwaitToRun (AwaitToRun.java:start(81)) - Thread[05b2082f-ed41-4af0-9481-4223771265a3@group-B4FE43D966C8-cacheEviction-AwaitToRun,5,main] started
2024-04-29 10:06:25,879 [05b2082f-ed41-4af0-9481-4223771265a3-groupManagement] INFO  segmented.SegmentedRaftLogWorker (SegmentedRaftLogWorker.java:<init>(182)) - new 05b2082f-ed41-4af0-9481-4223771265a3@group-B4FE43D966C8-SegmentedRaftLogWorker for RaftStorageImpl:Storage Directory /home/runner/work/ozone/ozone/hadoop-ozone/integration-test/target/test-dir/MiniOzoneClusterImpl-2cdd5cd5-9c4c-463f-a193-9ffbc37dc237/ozone-meta/datanode-7/ratis/2a8ccaea-c1be-4746-b64c-b4fe43d966c8
2024-04-29 10:06:25,879 [05b2082f-ed41-4af0-9481-4223771265a3-groupManagement] INFO  server.RaftServerConfigKeys (ConfUtils.java:logGet(46)) - raft.server.log.queue.byte-limit = 4294967296 (custom)
2024-04-29 10:06:25,879 [05b2082f-ed41-4af0-9481-4223771265a3-groupManagement] INFO  server.RaftServerConfigKeys (ConfUtils.java:logGet(46)) - raft.server.log.queue.element-limit = 1024 (custom)
2024-04-29 10:06:25,879 [05b2082f-ed41-4af0-9481-4223771265a3-groupManagement] INFO  server.RaftServerConfigKeys (ConfUtils.java:logGet(46)) - raft.server.log.segment.size.max = 67108864 (custom)
2024-04-29 10:06:25,879 [05b2082f-ed41-4af0-9481-4223771265a3-groupManagement] INFO  server.RaftServerConfigKeys (ConfUtils.java:logGet(46)) - raft.server.log.preallocated.size = 4194304 (custom)
2024-04-29 10:06:25,879 [05b2082f-ed41-4af0-9481-4223771265a3-groupManagement] INFO  server.RaftServerConfigKeys (ConfUtils.java:logGet(46)) - raft.server.log.force.sync.num = 128 (default)
2024-04-29 10:06:25,879 [05b2082f-ed41-4af0-9481-4223771265a3-groupManagement] INFO  server.RaftServerConfigKeys (ConfUtils.java:logGet(46)) - raft.server.log.statemachine.data.sync = true (default)
2024-04-29 10:06:25,880 [05b2082f-ed41-4af0-9481-4223771265a3-groupManagement] INFO  server.RaftServerConfigKeys (ConfUtils.java:logGet(46)) - raft.server.log.statemachine.data.sync.timeout = 10s (default)
2024-04-29 10:06:25,880 [05b2082f-ed41-4af0-9481-4223771265a3-groupManagement] INFO  server.RaftServerConfigKeys (ConfUtils.java:logGet(46)) - raft.server.log.statemachine.data.sync.timeout.retry = 30 (custom)
2024-04-29 10:06:25,880 [05b2082f-ed41-4af0-9481-4223771265a3-groupManagement] INFO  server.RaftServerConfigKeys (ConfUtils.java:logGet(46)) - raft.server.log.write.buffer.size = 8388616 (custom)
2024-04-29 10:06:25,881 [05b2082f-ed41-4af0-9481-4223771265a3-groupManagement] INFO  server.RaftServerConfigKeys (ConfUtils.java:logGet(46)) - raft.server.log.appender.buffer.byte-limit = 8388608 (custom)
2024-04-29 10:06:25,881 [05b2082f-ed41-4af0-9481-4223771265a3-groupManagement] INFO  server.RaftServerConfigKeys (ConfUtils.java:logGet(46)) - raft.server.log.unsafe-flush.enabled = false (default)
2024-04-29 10:06:25,881 [05b2082f-ed41-4af0-9481-4223771265a3-groupManagement] INFO  server.RaftServerConfigKeys (ConfUtils.java:logGet(46)) - raft.server.log.async-flush.enabled = false (default)
2024-04-29 10:06:25,881 [05b2082f-ed41-4af0-9481-4223771265a3-groupManagement] INFO  server.RaftServerConfigKeys (ConfUtils.java:logGet(46)) - raft.server.log.statemachine.data.caching.enabled = true (custom)
2024-04-29 10:06:25,882 [05b2082f-ed41-4af0-9481-4223771265a3-groupManagement] INFO  segmented.SegmentedRaftLogWorker (SegmentedRaftLogWorker.java:lambda$new$0(134)) - 05b2082f-ed41-4af0-9481-4223771265a3@group-B4FE43D966C8-SegmentedRaftLogWorker: flushIndex: setUnconditionally 0 -> -1
2024-04-29 10:06:25,882 [05b2082f-ed41-4af0-9481-4223771265a3-groupManagement] INFO  segmented.SegmentedRaftLogWorker (SegmentedRaftLogWorker.java:lambda$new$0(134)) - 05b2082f-ed41-4af0-9481-4223771265a3@group-B4FE43D966C8-SegmentedRaftLogWorker: safeCacheEvictIndex: setUnconditionally 0 -> -1
2024-04-29 10:06:25,883 [05b2082f-ed41-4af0-9481-4223771265a3-groupManagement] INFO  server.RaftServer$Division (RaftServerImpl.java:start(396)) - 05b2082f-ed41-4af0-9481-4223771265a3@group-B4FE43D966C8: start as a follower, conf=-1: peers:[05b2082f-ed41-4af0-9481-4223771265a3|127.0.0.1:15424]|listeners:[], old=null
2024-04-29 10:06:25,883 [05b2082f-ed41-4af0-9481-4223771265a3-groupManagement] INFO  server.RaftServer$Division (RaftServerImpl.java:setRole(383)) - 05b2082f-ed41-4af0-9481-4223771265a3@group-B4FE43D966C8: changes role from      null to FOLLOWER at term 0 for startAsFollower
2024-04-29 10:06:25,883 [05b2082f-ed41-4af0-9481-4223771265a3-groupManagement] INFO  impl.RoleInfo (RoleInfo.java:updateAndGet(139)) - 05b2082f-ed41-4af0-9481-4223771265a3: start 05b2082f-ed41-4af0-9481-4223771265a3@group-B4FE43D966C8-FollowerState
2024-04-29 10:06:25,883 [05b2082f-ed41-4af0-9481-4223771265a3-groupManagement] INFO  util.JmxRegister (JmxRegister.java:tryRegister(44)) - Successfully registered JMX Bean with object name Ratis:service=RaftServer,group=group-B4FE43D966C8,id=05b2082f-ed41-4af0-9481-4223771265a3
2024-04-29 10:06:25,883 [05b2082f-ed41-4af0-9481-4223771265a3-groupManagement] INFO  server.RaftServerConfigKeys (ConfUtils.java:logGet(46)) - raft.server.snapshot.trigger-when-stop.enabled = true (default)
2024-04-29 10:06:25,883 [05b2082f-ed41-4af0-9481-4223771265a3-groupManagement] INFO  server.RaftServerConfigKeys (ConfUtils.java:logGet(46)) - raft.server.snapshot.auto.trigger.enabled = true (custom)
2024-04-29 10:06:25,883 [05b2082f-ed41-4af0-9481-4223771265a3-groupManagement] INFO  server.RaftServerConfigKeys (ConfUtils.java:logGet(46)) - raft.server.snapshot.auto.trigger.threshold = 10000 (custom)
2024-04-29 10:06:25,883 [05b2082f-ed41-4af0-9481-4223771265a3-groupManagement] INFO  server.RaftServerConfigKeys (ConfUtils.java:logGet(46)) - raft.server.snapshot.retention.file.num = 5 (custom)
2024-04-29 10:06:25,883 [05b2082f-ed41-4af0-9481-4223771265a3-groupManagement] INFO  server.RaftServerConfigKeys (ConfUtils.java:logGet(46)) - raft.server.log.purge.upto.snapshot.index = false (default)
2024-04-29 10:06:25,883 [05b2082f-ed41-4af0-9481-4223771265a3@group-B4FE43D966C8-FollowerState] INFO  server.RaftServerConfigKeys (ConfUtils.java:logFallback(53)) - raft.server.rpc.first-election.timeout.min = 5s (fallback to raft.server.rpc.timeout.min)
2024-04-29 10:06:25,883 [05b2082f-ed41-4af0-9481-4223771265a3@group-B4FE43D966C8-FollowerState] INFO  server.RaftServerConfigKeys (ConfUtils.java:logFallback(53)) - raft.server.rpc.first-election.timeout.max = 5200ms (fallback to raft.server.rpc.timeout.max)
2024-04-29 10:06:25,884 [05b2082f-ed41-4af0-9481-4223771265a3-PipelineCommandHandlerThread-0] INFO  ratis.XceiverServerRatis (XceiverServerRatis.java:addGroup(864)) - Created group PipelineID=2a8ccaea-c1be-4746-b64c-b4fe43d966c8
2024-04-29 10:06:25,884 [05b2082f-ed41-4af0-9481-4223771265a3-PipelineCommandHandlerThread-0] INFO  commandhandler.CreatePipelineCommandHandler (CreatePipelineCommandHandler.java:lambda$handle$2(124)) - Created Pipeline RATIS ONE PipelineID=2a8ccaea-c1be-4746-b64c-b4fe43d966c8.
2024-04-29 10:06:25,884 [05b2082f-ed41-4af0-9481-4223771265a3-PipelineCommandHandlerThread-0] INFO  server.RaftServer (RaftServerProxy.java:addNew(100)) - 05b2082f-ed41-4af0-9481-4223771265a3: addNew group-5F1D51DC6C06:[05b2082f-ed41-4af0-9481-4223771265a3|127.0.0.1:15424, e630d950-2d07-45d9-8bac-ccae2e608fbd|127.0.0.1:15442, e953ff49-4527-49f7-9f97-ccf5cafd9f48|127.0.0.1:15433] returns group-5F1D51DC6C06:java.util.concurrent.CompletableFuture@7a7a74ca[Not completed]
2024-04-29 10:06:25,885 [05b2082f-ed41-4af0-9481-4223771265a3-groupManagement] INFO  server.RaftServer$Division (RaftServerImpl.java:<init>(256)) - 05b2082f-ed41-4af0-9481-4223771265a3: new RaftServerImpl for group-5F1D51DC6C06:[05b2082f-ed41-4af0-9481-4223771265a3|127.0.0.1:15424, e630d950-2d07-45d9-8bac-ccae2e608fbd|127.0.0.1:15442, e953ff49-4527-49f7-9f97-ccf5cafd9f48|127.0.0.1:15433] with ContainerStateMachine:uninitialized
2024-04-29 10:06:25,885 [05b2082f-ed41-4af0-9481-4223771265a3-groupManagement] INFO  server.RaftServerConfigKeys (ConfUtils.java:logGet(46)) - raft.server.rpc.timeout.min = 5s (custom)
2024-04-29 10:06:25,885 [05b2082f-ed41-4af0-9481-4223771265a3-groupManagement] INFO  server.RaftServerConfigKeys (ConfUtils.java:logGet(46)) - raft.server.rpc.timeout.max = 5200ms (custom)
2024-04-29 10:06:25,885 [05b2082f-ed41-4af0-9481-4223771265a3-groupManagement] INFO  server.RaftServerConfigKeys (ConfUtils.java:logGet(46)) - raft.server.rpc.sleep.time = 25ms (default)
2024-04-29 10:06:25,885 [05b2082f-ed41-4af0-9481-4223771265a3-groupManagement] INFO  server.RaftServerConfigKeys (ConfUtils.java:logGet(46)) - raft.server.rpc.slowness.timeout = 300000ms (custom)
2024-04-29 10:06:25,885 [05b2082f-ed41-4af0-9481-4223771265a3-groupManagement] INFO  server.RaftServerConfigKeys (ConfUtils.java:logGet(46)) - raft.server.leaderelection.leader.step-down.wait-time = 10s (default)
2024-04-29 10:06:25,885 [05b2082f-ed41-4af0-9481-4223771265a3-groupManagement] INFO  server.RaftServerConfigKeys (ConfUtils.java:logGet(46)) - raft.server.leaderelection.member.majority-add = false (default)
2024-04-29 10:06:25,885 [05b2082f-ed41-4af0-9481-4223771265a3-groupManagement] INFO  server.RaftServerConfigKeys (ConfUtils.java:logGet(46)) - raft.server.sleep.deviation.threshold = 300ms (default)
2024-04-29 10:06:25,885 [05b2082f-ed41-4af0-9481-4223771265a3-groupManagement] INFO  server.RaftServer$Division (ServerState.java:<init>(113)) - 05b2082f-ed41-4af0-9481-4223771265a3@group-5F1D51DC6C06: ConfigurationManager, init=-1: peers:[05b2082f-ed41-4af0-9481-4223771265a3|127.0.0.1:15424, e630d950-2d07-45d9-8bac-ccae2e608fbd|127.0.0.1:15442, e953ff49-4527-49f7-9f97-ccf5cafd9f48|127.0.0.1:15433]|listeners:[], old=null, confs=<EMPTY_MAP>
2024-04-29 10:06:25,885 [05b2082f-ed41-4af0-9481-4223771265a3-groupManagement] INFO  server.RaftServerConfigKeys (ConfUtils.java:logGet(46)) - raft.server.notification.no-leader.timeout = 300000ms (custom)
2024-04-29 10:06:25,885 [05b2082f-ed41-4af0-9481-4223771265a3-groupManagement] INFO  server.RaftServerConfigKeys (ConfUtils.java:logGet(46)) - raft.server.read.timeout = 10s (default)
2024-04-29 10:06:25,885 [05b2082f-ed41-4af0-9481-4223771265a3-groupManagement] INFO  server.RaftServerConfigKeys (ConfUtils.java:logGet(46)) - raft.server.retrycache.expirytime = 600000ms (custom)
2024-04-29 10:06:25,885 [05b2082f-ed41-4af0-9481-4223771265a3-groupManagement] INFO  server.RaftServerConfigKeys (ConfUtils.java:logGet(46)) - raft.server.retrycache.statistics.expirytime = 100ms (default)
2024-04-29 10:06:25,885 [05b2082f-ed41-4af0-9481-4223771265a3-groupManagement] INFO  server.RaftServerConfigKeys (ConfUtils.java:logGet(46)) - raft.server.read.option = DEFAULT (default)
2024-04-29 10:06:25,885 [05b2082f-ed41-4af0-9481-4223771265a3-groupManagement] INFO  server.RaftServerConfigKeys (ConfUtils.java:logGet(46)) - raft.server.read.read-after-write-consistent.write-index-cache.expiry-time = 60s (default)
2024-04-29 10:06:25,887 [05b2082f-ed41-4af0-9481-4223771265a3-groupManagement] INFO  server.RaftServerConfigKeys (ConfUtils.java:logGet(46)) - raft.server.rpc.request.timeout = 3000ms (default)
2024-04-29 10:06:25,887 [05b2082f-ed41-4af0-9481-4223771265a3-groupManagement] INFO  server.RaftServerConfigKeys (ConfUtils.java:logGet(46)) - raft.server.log.appender.install.snapshot.enabled = false (custom)
2024-04-29 10:06:25,887 [05b2082f-ed41-4af0-9481-4223771265a3-groupManagement] INFO  server.RaftServerConfigKeys (ConfUtils.java:logGet(46)) - raft.server.threadpool.server.cached = true (default)
2024-04-29 10:06:25,887 [05b2082f-ed41-4af0-9481-4223771265a3-groupManagement] INFO  server.RaftServerConfigKeys (ConfUtils.java:logGet(46)) - raft.server.threadpool.server.size = 0 (default)
2024-04-29 10:06:25,887 [05b2082f-ed41-4af0-9481-4223771265a3-groupManagement] INFO  server.RaftServerConfigKeys (ConfUtils.java:logGet(46)) - raft.server.threadpool.client.cached = true (default)
2024-04-29 10:06:25,887 [05b2082f-ed41-4af0-9481-4223771265a3-groupManagement] INFO  server.RaftServerConfigKeys (ConfUtils.java:logGet(46)) - raft.server.threadpool.client.size = 0 (default)
2024-04-29 10:06:25,887 [05b2082f-ed41-4af0-9481-4223771265a3-groupManagement] INFO  server.RaftServerConfigKeys (ConfUtils.java:logGet(46)) - raft.server.storage.free-space.min = 0MB (=0) (default)
2024-04-29 10:06:25,887 [05b2082f-ed41-4af0-9481-4223771265a3-groupManagement] INFO  server.RaftServerConfigKeys (ConfUtils.java:logGet(46)) - raft.server.log.corruption.policy = EXCEPTION (default)
2024-04-29 10:06:25,887 [05b2082f-ed41-4af0-9481-4223771265a3-groupManagement] INFO  server.RaftServerConfigKeys (ConfUtils.java:logGet(46)) - raft.server.storage.dir = [/home/runner/work/ozone/ozone/hadoop-ozone/integration-test/target/test-dir/MiniOzoneClusterImpl-2cdd5cd5-9c4c-463f-a193-9ffbc37dc237/ozone-meta/datanode-7/ratis] (custom)
2024-04-29 10:06:25,887 [05b2082f-ed41-4af0-9481-4223771265a3-groupManagement] INFO  storage.RaftStorageDirectory (RaftStorageDirectoryImpl.java:analyzeStorage(138)) - The storage directory /home/runner/work/ozone/ozone/hadoop-ozone/integration-test/target/test-dir/MiniOzoneClusterImpl-2cdd5cd5-9c4c-463f-a193-9ffbc37dc237/ozone-meta/datanode-7/ratis/3403de07-fa73-484e-bd45-5f1d51dc6c06 does not exist. Creating ...
2024-04-29 10:06:25,888 [05b2082f-ed41-4af0-9481-4223771265a3-groupManagement] INFO  storage.RaftStorageDirectory (RaftStorageDirectoryImpl.java:tryLock(228)) - Lock on /home/runner/work/ozone/ozone/hadoop-ozone/integration-test/target/test-dir/MiniOzoneClusterImpl-2cdd5cd5-9c4c-463f-a193-9ffbc37dc237/ozone-meta/datanode-7/ratis/3403de07-fa73-484e-bd45-5f1d51dc6c06/in_use.lock acquired by nodename 20825@fv-az913-54
2024-04-29 10:06:25,889 [05b2082f-ed41-4af0-9481-4223771265a3-groupManagement] INFO  storage.RaftStorage (RaftStorageImpl.java:format(99)) - Storage directory /home/runner/work/ozone/ozone/hadoop-ozone/integration-test/target/test-dir/MiniOzoneClusterImpl-2cdd5cd5-9c4c-463f-a193-9ffbc37dc237/ozone-meta/datanode-7/ratis/3403de07-fa73-484e-bd45-5f1d51dc6c06 has been successfully formatted.
2024-04-29 10:06:25,889 [05b2082f-ed41-4af0-9481-4223771265a3-groupManagement] WARN  util.FileUtils (LogUtils.java:supplyAndLog(63)) - Failed to Files.newInputStream /home/runner/work/ozone/ozone/hadoop-ozone/integration-test/target/test-dir/MiniOzoneClusterImpl-2cdd5cd5-9c4c-463f-a193-9ffbc37dc237/ozone-meta/datanode-7/ratis/3403de07-fa73-484e-bd45-5f1d51dc6c06/current/raft-meta.conf with options []: java.nio.file.NoSuchFileException: /home/runner/work/ozone/ozone/hadoop-ozone/integration-test/target/test-dir/MiniOzoneClusterImpl-2cdd5cd5-9c4c-463f-a193-9ffbc37dc237/ozone-meta/datanode-7/ratis/3403de07-fa73-484e-bd45-5f1d51dc6c06/current/raft-meta.conf
2024-04-29 10:06:25,889 [05b2082f-ed41-4af0-9481-4223771265a3-groupManagement] INFO  ratis.ContainerStateMachine (ContainerStateMachine.java:loadSnapshot(287)) - group-5F1D51DC6C06: The snapshot info is null. Setting the last applied index to:(t:0, i:~)
2024-04-29 10:06:25,890 [05b2082f-ed41-4af0-9481-4223771265a3-groupManagement] INFO  server.RaftServerConfigKeys (ConfUtils.java:logGet(46)) - raft.server.log.use.memory = false (default)
2024-04-29 10:06:25,890 [EventQueue-OpenPipelineForHealthyPipelineSafeModeRule] INFO  safemode.SCMSafeModeManager (HealthyPipelineSafeModeRule.java:process(140)) - SCM in safe mode. Healthy pipelines reported count is 0, required healthy pipeline reported count is 1
2024-04-29 10:06:25,890 [05b2082f-ed41-4af0-9481-4223771265a3-groupManagement] INFO  server.RaftServerConfigKeys (ConfUtils.java:logGet(46)) - raft.server.log.purge.gap = 1000000 (custom)
2024-04-29 10:06:25,890 [05b2082f-ed41-4af0-9481-4223771265a3-groupManagement] INFO  server.RaftServerConfigKeys (ConfUtils.java:logGet(46)) - raft.server.log.appender.buffer.byte-limit = 8388608 (custom)
2024-04-29 10:06:25,890 [05b2082f-ed41-4af0-9481-4223771265a3-groupManagement] INFO  server.RaftServerConfigKeys (ConfUtils.java:logGet(46)) - raft.server.log.statemachine.data.read.timeout = 1000ms (default)
2024-04-29 10:06:25,890 [05b2082f-ed41-4af0-9481-4223771265a3-groupManagement] INFO  server.RaftServerConfigKeys (ConfUtils.java:logGet(46)) - raft.server.log.purge.preservation.log.num = 0 (default)
2024-04-29 10:06:25,892 [05b2082f-ed41-4af0-9481-4223771265a3-groupManagement] INFO  server.RaftServerConfigKeys (ConfUtils.java:logGet(46)) - raft.server.log.segment.size.max = 67108864 (custom)
2024-04-29 10:06:25,892 [05b2082f-ed41-4af0-9481-4223771265a3-groupManagement] INFO  server.RaftServerConfigKeys (ConfUtils.java:logGet(46)) - raft.server.log.segment.cache.num.max = 2 (custom)
2024-04-29 10:06:25,892 [05b2082f-ed41-4af0-9481-4223771265a3-groupManagement] INFO  server.RaftServerConfigKeys (ConfUtils.java:logGet(46)) - raft.server.log.segment.cache.size.max = 200MB (=209715200) (default)
2024-04-29 10:06:25,892 [05b2082f-ed41-4af0-9481-4223771265a3-groupManagement] INFO  server.RaftServerConfigKeys (ConfUtils.java:logGet(46)) - raft.server.log.appender.buffer.byte-limit = 8388608 (custom)
2024-04-29 10:06:25,892 [05b2082f-ed41-4af0-9481-4223771265a3-groupManagement] INFO  util.AwaitToRun (AwaitToRun.java:start(81)) - Thread[05b2082f-ed41-4af0-9481-4223771265a3@group-5F1D51DC6C06-cacheEviction-AwaitToRun,5,main] started
2024-04-29 10:06:25,892 [05b2082f-ed41-4af0-9481-4223771265a3-groupManagement] INFO  segmented.SegmentedRaftLogWorker (SegmentedRaftLogWorker.java:<init>(182)) - new 05b2082f-ed41-4af0-9481-4223771265a3@group-5F1D51DC6C06-SegmentedRaftLogWorker for RaftStorageImpl:Storage Directory /home/runner/work/ozone/ozone/hadoop-ozone/integration-test/target/test-dir/MiniOzoneClusterImpl-2cdd5cd5-9c4c-463f-a193-9ffbc37dc237/ozone-meta/datanode-7/ratis/3403de07-fa73-484e-bd45-5f1d51dc6c06
2024-04-29 10:06:25,892 [05b2082f-ed41-4af0-9481-4223771265a3-groupManagement] INFO  server.RaftServerConfigKeys (ConfUtils.java:logGet(46)) - raft.server.log.queue.byte-limit = 4294967296 (custom)
2024-04-29 10:06:25,892 [05b2082f-ed41-4af0-9481-4223771265a3-groupManagement] INFO  server.RaftServerConfigKeys (ConfUtils.java:logGet(46)) - raft.server.log.queue.element-limit = 1024 (custom)
2024-04-29 10:06:25,892 [05b2082f-ed41-4af0-9481-4223771265a3-groupManagement] INFO  server.RaftServerConfigKeys (ConfUtils.java:logGet(46)) - raft.server.log.segment.size.max = 67108864 (custom)
2024-04-29 10:06:25,892 [05b2082f-ed41-4af0-9481-4223771265a3-groupManagement] INFO  server.RaftServerConfigKeys (ConfUtils.java:logGet(46)) - raft.server.log.preallocated.size = 4194304 (custom)
2024-04-29 10:06:25,892 [05b2082f-ed41-4af0-9481-4223771265a3-groupManagement] INFO  server.RaftServerConfigKeys (ConfUtils.java:logGet(46)) - raft.server.log.force.sync.num = 128 (default)
2024-04-29 10:06:25,892 [05b2082f-ed41-4af0-9481-4223771265a3-groupManagement] INFO  server.RaftServerConfigKeys (ConfUtils.java:logGet(46)) - raft.server.log.statemachine.data.sync = true (default)
2024-04-29 10:06:25,892 [05b2082f-ed41-4af0-9481-4223771265a3-groupManagement] INFO  server.RaftServerConfigKeys (ConfUtils.java:logGet(46)) - raft.server.log.statemachine.data.sync.timeout = 10s (default)
2024-04-29 10:06:25,892 [05b2082f-ed41-4af0-9481-4223771265a3-groupManagement] INFO  server.RaftServerConfigKeys (ConfUtils.java:logGet(46)) - raft.server.log.statemachine.data.sync.timeout.retry = 30 (custom)
2024-04-29 10:06:25,893 [05b2082f-ed41-4af0-9481-4223771265a3-groupManagement] INFO  server.RaftServerConfigKeys (ConfUtils.java:logGet(46)) - raft.server.log.write.buffer.size = 8388616 (custom)
2024-04-29 10:06:25,894 [05b2082f-ed41-4af0-9481-4223771265a3-groupManagement] INFO  server.RaftServerConfigKeys (ConfUtils.java:logGet(46)) - raft.server.log.appender.buffer.byte-limit = 8388608 (custom)
2024-04-29 10:06:25,894 [05b2082f-ed41-4af0-9481-4223771265a3-groupManagement] INFO  server.RaftServerConfigKeys (ConfUtils.java:logGet(46)) - raft.server.log.unsafe-flush.enabled = false (default)
2024-04-29 10:06:25,894 [05b2082f-ed41-4af0-9481-4223771265a3-groupManagement] INFO  server.RaftServerConfigKeys (ConfUtils.java:logGet(46)) - raft.server.log.async-flush.enabled = false (default)
2024-04-29 10:06:25,894 [05b2082f-ed41-4af0-9481-4223771265a3-groupManagement] INFO  server.RaftServerConfigKeys (ConfUtils.java:logGet(46)) - raft.server.log.statemachine.data.caching.enabled = true (custom)
2024-04-29 10:06:25,894 [05b2082f-ed41-4af0-9481-4223771265a3-groupManagement] INFO  segmented.SegmentedRaftLogWorker (SegmentedRaftLogWorker.java:lambda$new$0(134)) - 05b2082f-ed41-4af0-9481-4223771265a3@group-5F1D51DC6C06-SegmentedRaftLogWorker: flushIndex: setUnconditionally 0 -> -1
2024-04-29 10:06:25,894 [05b2082f-ed41-4af0-9481-4223771265a3-groupManagement] INFO  segmented.SegmentedRaftLogWorker (SegmentedRaftLogWorker.java:lambda$new$0(134)) - 05b2082f-ed41-4af0-9481-4223771265a3@group-5F1D51DC6C06-SegmentedRaftLogWorker: safeCacheEvictIndex: setUnconditionally 0 -> -1
2024-04-29 10:06:25,894 [05b2082f-ed41-4af0-9481-4223771265a3-groupManagement] INFO  server.RaftServer$Division (RaftServerImpl.java:start(396)) - 05b2082f-ed41-4af0-9481-4223771265a3@group-5F1D51DC6C06: start as a follower, conf=-1: peers:[05b2082f-ed41-4af0-9481-4223771265a3|127.0.0.1:15424, e630d950-2d07-45d9-8bac-ccae2e608fbd|127.0.0.1:15442, e953ff49-4527-49f7-9f97-ccf5cafd9f48|127.0.0.1:15433]|listeners:[], old=null
2024-04-29 10:06:25,894 [05b2082f-ed41-4af0-9481-4223771265a3-groupManagement] INFO  server.RaftServer$Division (RaftServerImpl.java:setRole(383)) - 05b2082f-ed41-4af0-9481-4223771265a3@group-5F1D51DC6C06: changes role from      null to FOLLOWER at term 0 for startAsFollower
2024-04-29 10:06:25,894 [05b2082f-ed41-4af0-9481-4223771265a3-groupManagement] INFO  impl.RoleInfo (RoleInfo.java:updateAndGet(139)) - 05b2082f-ed41-4af0-9481-4223771265a3: start 05b2082f-ed41-4af0-9481-4223771265a3@group-5F1D51DC6C06-FollowerState
2024-04-29 10:06:25,895 [05b2082f-ed41-4af0-9481-4223771265a3-groupManagement] INFO  util.JmxRegister (JmxRegister.java:tryRegister(44)) - Successfully registered JMX Bean with object name Ratis:service=RaftServer,group=group-5F1D51DC6C06,id=05b2082f-ed41-4af0-9481-4223771265a3
2024-04-29 10:06:25,895 [05b2082f-ed41-4af0-9481-4223771265a3@group-5F1D51DC6C06-FollowerState] INFO  server.RaftServerConfigKeys (ConfUtils.java:logFallback(53)) - raft.server.rpc.first-election.timeout.min = 5s (fallback to raft.server.rpc.timeout.min)
2024-04-29 10:06:25,895 [05b2082f-ed41-4af0-9481-4223771265a3-groupManagement] INFO  server.RaftServerConfigKeys (ConfUtils.java:logGet(46)) - raft.server.snapshot.trigger-when-stop.enabled = true (default)
2024-04-29 10:06:25,895 [05b2082f-ed41-4af0-9481-4223771265a3-groupManagement] INFO  server.RaftServerConfigKeys (ConfUtils.java:logGet(46)) - raft.server.snapshot.auto.trigger.enabled = true (custom)
2024-04-29 10:06:25,895 [05b2082f-ed41-4af0-9481-4223771265a3@group-5F1D51DC6C06-FollowerState] INFO  server.RaftServerConfigKeys (ConfUtils.java:logFallback(53)) - raft.server.rpc.first-election.timeout.max = 5200ms (fallback to raft.server.rpc.timeout.max)
2024-04-29 10:06:25,895 [05b2082f-ed41-4af0-9481-4223771265a3-groupManagement] INFO  server.RaftServerConfigKeys (ConfUtils.java:logGet(46)) - raft.server.snapshot.auto.trigger.threshold = 10000 (custom)
2024-04-29 10:06:25,895 [05b2082f-ed41-4af0-9481-4223771265a3-groupManagement] INFO  server.RaftServerConfigKeys (ConfUtils.java:logGet(46)) - raft.server.snapshot.retention.file.num = 5 (custom)
2024-04-29 10:06:25,895 [05b2082f-ed41-4af0-9481-4223771265a3-groupManagement] INFO  server.RaftServerConfigKeys (ConfUtils.java:logGet(46)) - raft.server.log.purge.upto.snapshot.index = false (default)
2024-04-29 10:06:25,895 [05b2082f-ed41-4af0-9481-4223771265a3-PipelineCommandHandlerThread-0] INFO  ratis.XceiverServerRatis (XceiverServerRatis.java:addGroup(864)) - Created group PipelineID=3403de07-fa73-484e-bd45-5f1d51dc6c06
2024-04-29 10:06:25,900 [grpc-default-executor-2] INFO  server.RaftServer (RaftServerProxy.java:addNew(100)) - e630d950-2d07-45d9-8bac-ccae2e608fbd: addNew group-5F1D51DC6C06:[05b2082f-ed41-4af0-9481-4223771265a3|127.0.0.1:15424, e630d950-2d07-45d9-8bac-ccae2e608fbd|127.0.0.1:15442, e953ff49-4527-49f7-9f97-ccf5cafd9f48|127.0.0.1:15433] returns group-5F1D51DC6C06:java.util.concurrent.CompletableFuture@4f8e3311[Not completed]
2024-04-29 10:06:25,900 [e630d950-2d07-45d9-8bac-ccae2e608fbd-groupManagement] INFO  server.RaftServer$Division (RaftServerImpl.java:<init>(256)) - e630d950-2d07-45d9-8bac-ccae2e608fbd: new RaftServerImpl for group-5F1D51DC6C06:[05b2082f-ed41-4af0-9481-4223771265a3|127.0.0.1:15424, e630d950-2d07-45d9-8bac-ccae2e608fbd|127.0.0.1:15442, e953ff49-4527-49f7-9f97-ccf5cafd9f48|127.0.0.1:15433] with ContainerStateMachine:uninitialized
2024-04-29 10:06:25,900 [e630d950-2d07-45d9-8bac-ccae2e608fbd-groupManagement] INFO  server.RaftServerConfigKeys (ConfUtils.java:logGet(46)) - raft.server.rpc.timeout.min = 5s (custom)
2024-04-29 10:06:25,900 [e630d950-2d07-45d9-8bac-ccae2e608fbd-groupManagement] INFO  server.RaftServerConfigKeys (ConfUtils.java:logGet(46)) - raft.server.rpc.timeout.max = 5200ms (custom)
2024-04-29 10:06:25,900 [e630d950-2d07-45d9-8bac-ccae2e608fbd-groupManagement] INFO  server.RaftServerConfigKeys (ConfUtils.java:logGet(46)) - raft.server.rpc.sleep.time = 25ms (default)
2024-04-29 10:06:25,900 [e630d950-2d07-45d9-8bac-ccae2e608fbd-groupManagement] INFO  server.RaftServerConfigKeys (ConfUtils.java:logGet(46)) - raft.server.rpc.slowness.timeout = 300000ms (custom)
2024-04-29 10:06:25,900 [e630d950-2d07-45d9-8bac-ccae2e608fbd-groupManagement] INFO  server.RaftServerConfigKeys (ConfUtils.java:logGet(46)) - raft.server.leaderelection.leader.step-down.wait-time = 10s (default)
2024-04-29 10:06:25,900 [e630d950-2d07-45d9-8bac-ccae2e608fbd-groupManagement] INFO  server.RaftServerConfigKeys (ConfUtils.java:logGet(46)) - raft.server.leaderelection.member.majority-add = false (default)
2024-04-29 10:06:25,900 [e630d950-2d07-45d9-8bac-ccae2e608fbd-groupManagement] INFO  server.RaftServerConfigKeys (ConfUtils.java:logGet(46)) - raft.server.sleep.deviation.threshold = 300ms (default)
2024-04-29 10:06:25,900 [e630d950-2d07-45d9-8bac-ccae2e608fbd-groupManagement] INFO  server.RaftServer$Division (ServerState.java:<init>(113)) - e630d950-2d07-45d9-8bac-ccae2e608fbd@group-5F1D51DC6C06: ConfigurationManager, init=-1: peers:[05b2082f-ed41-4af0-9481-4223771265a3|127.0.0.1:15424, e630d950-2d07-45d9-8bac-ccae2e608fbd|127.0.0.1:15442, e953ff49-4527-49f7-9f97-ccf5cafd9f48|127.0.0.1:15433]|listeners:[], old=null, confs=<EMPTY_MAP>
2024-04-29 10:06:25,900 [e630d950-2d07-45d9-8bac-ccae2e608fbd-groupManagement] INFO  server.RaftServerConfigKeys (ConfUtils.java:logGet(46)) - raft.server.notification.no-leader.timeout = 300000ms (custom)
2024-04-29 10:06:25,900 [e630d950-2d07-45d9-8bac-ccae2e608fbd-groupManagement] INFO  server.RaftServerConfigKeys (ConfUtils.java:logGet(46)) - raft.server.read.timeout = 10s (default)
2024-04-29 10:06:25,900 [e630d950-2d07-45d9-8bac-ccae2e608fbd-groupManagement] INFO  server.RaftServerConfigKeys (ConfUtils.java:logGet(46)) - raft.server.retrycache.expirytime = 600000ms (custom)
2024-04-29 10:06:25,900 [e630d950-2d07-45d9-8bac-ccae2e608fbd-groupManagement] INFO  server.RaftServerConfigKeys (ConfUtils.java:logGet(46)) - raft.server.retrycache.statistics.expirytime = 100ms (default)
2024-04-29 10:06:25,901 [e630d950-2d07-45d9-8bac-ccae2e608fbd-groupManagement] INFO  server.RaftServerConfigKeys (ConfUtils.java:logGet(46)) - raft.server.read.option = DEFAULT (default)
2024-04-29 10:06:25,901 [e630d950-2d07-45d9-8bac-ccae2e608fbd-groupManagement] INFO  server.RaftServerConfigKeys (ConfUtils.java:logGet(46)) - raft.server.read.read-after-write-consistent.write-index-cache.expiry-time = 60s (default)
2024-04-29 10:06:25,902 [e630d950-2d07-45d9-8bac-ccae2e608fbd-groupManagement] INFO  server.RaftServerConfigKeys (ConfUtils.java:logGet(46)) - raft.server.rpc.request.timeout = 3000ms (default)
2024-04-29 10:06:25,902 [e630d950-2d07-45d9-8bac-ccae2e608fbd-groupManagement] INFO  server.RaftServerConfigKeys (ConfUtils.java:logGet(46)) - raft.server.log.appender.install.snapshot.enabled = false (custom)
2024-04-29 10:06:25,902 [e630d950-2d07-45d9-8bac-ccae2e608fbd-groupManagement] INFO  server.RaftServerConfigKeys (ConfUtils.java:logGet(46)) - raft.server.threadpool.server.cached = true (default)
2024-04-29 10:06:25,902 [e630d950-2d07-45d9-8bac-ccae2e608fbd-groupManagement] INFO  server.RaftServerConfigKeys (ConfUtils.java:logGet(46)) - raft.server.threadpool.server.size = 0 (default)
2024-04-29 10:06:25,902 [e630d950-2d07-45d9-8bac-ccae2e608fbd-groupManagement] INFO  server.RaftServerConfigKeys (ConfUtils.java:logGet(46)) - raft.server.threadpool.client.cached = true (default)
2024-04-29 10:06:25,902 [e630d950-2d07-45d9-8bac-ccae2e608fbd-groupManagement] INFO  server.RaftServerConfigKeys (ConfUtils.java:logGet(46)) - raft.server.threadpool.client.size = 0 (default)
2024-04-29 10:06:25,902 [e630d950-2d07-45d9-8bac-ccae2e608fbd-groupManagement] INFO  server.RaftServerConfigKeys (ConfUtils.java:logGet(46)) - raft.server.storage.free-space.min = 0MB (=0) (default)
2024-04-29 10:06:25,902 [e630d950-2d07-45d9-8bac-ccae2e608fbd-groupManagement] INFO  server.RaftServerConfigKeys (ConfUtils.java:logGet(46)) - raft.server.log.corruption.policy = EXCEPTION (default)
2024-04-29 10:06:25,902 [e630d950-2d07-45d9-8bac-ccae2e608fbd-groupManagement] INFO  server.RaftServerConfigKeys (ConfUtils.java:logGet(46)) - raft.server.storage.dir = [/home/runner/work/ozone/ozone/hadoop-ozone/integration-test/target/test-dir/MiniOzoneClusterImpl-2cdd5cd5-9c4c-463f-a193-9ffbc37dc237/ozone-meta/datanode-9/ratis] (custom)
2024-04-29 10:06:25,902 [e630d950-2d07-45d9-8bac-ccae2e608fbd-groupManagement] INFO  storage.RaftStorageDirectory (RaftStorageDirectoryImpl.java:analyzeStorage(138)) - The storage directory /home/runner/work/ozone/ozone/hadoop-ozone/integration-test/target/test-dir/MiniOzoneClusterImpl-2cdd5cd5-9c4c-463f-a193-9ffbc37dc237/ozone-meta/datanode-9/ratis/3403de07-fa73-484e-bd45-5f1d51dc6c06 does not exist. Creating ...
2024-04-29 10:06:25,903 [e630d950-2d07-45d9-8bac-ccae2e608fbd-groupManagement] INFO  storage.RaftStorageDirectory (RaftStorageDirectoryImpl.java:tryLock(228)) - Lock on /home/runner/work/ozone/ozone/hadoop-ozone/integration-test/target/test-dir/MiniOzoneClusterImpl-2cdd5cd5-9c4c-463f-a193-9ffbc37dc237/ozone-meta/datanode-9/ratis/3403de07-fa73-484e-bd45-5f1d51dc6c06/in_use.lock acquired by nodename 20825@fv-az913-54
2024-04-29 10:06:25,905 [e630d950-2d07-45d9-8bac-ccae2e608fbd-groupManagement] INFO  storage.RaftStorage (RaftStorageImpl.java:format(99)) - Storage directory /home/runner/work/ozone/ozone/hadoop-ozone/integration-test/target/test-dir/MiniOzoneClusterImpl-2cdd5cd5-9c4c-463f-a193-9ffbc37dc237/ozone-meta/datanode-9/ratis/3403de07-fa73-484e-bd45-5f1d51dc6c06 has been successfully formatted.
2024-04-29 10:06:25,905 [e630d950-2d07-45d9-8bac-ccae2e608fbd-groupManagement] WARN  util.FileUtils (LogUtils.java:supplyAndLog(63)) - Failed to Files.newInputStream /home/runner/work/ozone/ozone/hadoop-ozone/integration-test/target/test-dir/MiniOzoneClusterImpl-2cdd5cd5-9c4c-463f-a193-9ffbc37dc237/ozone-meta/datanode-9/ratis/3403de07-fa73-484e-bd45-5f1d51dc6c06/current/raft-meta.conf with options []: java.nio.file.NoSuchFileException: /home/runner/work/ozone/ozone/hadoop-ozone/integration-test/target/test-dir/MiniOzoneClusterImpl-2cdd5cd5-9c4c-463f-a193-9ffbc37dc237/ozone-meta/datanode-9/ratis/3403de07-fa73-484e-bd45-5f1d51dc6c06/current/raft-meta.conf
2024-04-29 10:06:25,905 [e630d950-2d07-45d9-8bac-ccae2e608fbd-groupManagement] INFO  ratis.ContainerStateMachine (ContainerStateMachine.java:loadSnapshot(287)) - group-5F1D51DC6C06: The snapshot info is null. Setting the last applied index to:(t:0, i:~)
2024-04-29 10:06:25,905 [e630d950-2d07-45d9-8bac-ccae2e608fbd-groupManagement] INFO  server.RaftServerConfigKeys (ConfUtils.java:logGet(46)) - raft.server.log.use.memory = false (default)
2024-04-29 10:06:25,905 [e630d950-2d07-45d9-8bac-ccae2e608fbd-groupManagement] INFO  server.RaftServerConfigKeys (ConfUtils.java:logGet(46)) - raft.server.log.purge.gap = 1000000 (custom)
2024-04-29 10:06:25,905 [e630d950-2d07-45d9-8bac-ccae2e608fbd-groupManagement] INFO  server.RaftServerConfigKeys (ConfUtils.java:logGet(46)) - raft.server.log.appender.buffer.byte-limit = 8388608 (custom)
2024-04-29 10:06:25,905 [e630d950-2d07-45d9-8bac-ccae2e608fbd-groupManagement] INFO  server.RaftServerConfigKeys (ConfUtils.java:logGet(46)) - raft.server.log.statemachine.data.read.timeout = 1000ms (default)
2024-04-29 10:06:25,905 [e630d950-2d07-45d9-8bac-ccae2e608fbd-groupManagement] INFO  server.RaftServerConfigKeys (ConfUtils.java:logGet(46)) - raft.server.log.purge.preservation.log.num = 0 (default)
2024-04-29 10:06:25,906 [e630d950-2d07-45d9-8bac-ccae2e608fbd-groupManagement] INFO  server.RaftServerConfigKeys (ConfUtils.java:logGet(46)) - raft.server.log.segment.size.max = 67108864 (custom)
2024-04-29 10:06:25,907 [e630d950-2d07-45d9-8bac-ccae2e608fbd-groupManagement] INFO  server.RaftServerConfigKeys (ConfUtils.java:logGet(46)) - raft.server.log.segment.cache.num.max = 2 (custom)
2024-04-29 10:06:25,907 [e630d950-2d07-45d9-8bac-ccae2e608fbd-groupManagement] INFO  server.RaftServerConfigKeys (ConfUtils.java:logGet(46)) - raft.server.log.segment.cache.size.max = 200MB (=209715200) (default)
2024-04-29 10:06:25,907 [e630d950-2d07-45d9-8bac-ccae2e608fbd-groupManagement] INFO  server.RaftServerConfigKeys (ConfUtils.java:logGet(46)) - raft.server.log.appender.buffer.byte-limit = 8388608 (custom)
2024-04-29 10:06:25,907 [e630d950-2d07-45d9-8bac-ccae2e608fbd-groupManagement] INFO  util.AwaitToRun (AwaitToRun.java:start(81)) - Thread[e630d950-2d07-45d9-8bac-ccae2e608fbd@group-5F1D51DC6C06-cacheEviction-AwaitToRun,5,main] started
2024-04-29 10:06:25,907 [e630d950-2d07-45d9-8bac-ccae2e608fbd-groupManagement] INFO  segmented.SegmentedRaftLogWorker (SegmentedRaftLogWorker.java:<init>(182)) - new e630d950-2d07-45d9-8bac-ccae2e608fbd@group-5F1D51DC6C06-SegmentedRaftLogWorker for RaftStorageImpl:Storage Directory /home/runner/work/ozone/ozone/hadoop-ozone/integration-test/target/test-dir/MiniOzoneClusterImpl-2cdd5cd5-9c4c-463f-a193-9ffbc37dc237/ozone-meta/datanode-9/ratis/3403de07-fa73-484e-bd45-5f1d51dc6c06
2024-04-29 10:06:25,907 [e630d950-2d07-45d9-8bac-ccae2e608fbd-groupManagement] INFO  server.RaftServerConfigKeys (ConfUtils.java:logGet(46)) - raft.server.log.queue.byte-limit = 4294967296 (custom)
2024-04-29 10:06:25,907 [e630d950-2d07-45d9-8bac-ccae2e608fbd-groupManagement] INFO  server.RaftServerConfigKeys (ConfUtils.java:logGet(46)) - raft.server.log.queue.element-limit = 1024 (custom)
2024-04-29 10:06:25,907 [e630d950-2d07-45d9-8bac-ccae2e608fbd-groupManagement] INFO  server.RaftServerConfigKeys (ConfUtils.java:logGet(46)) - raft.server.log.segment.size.max = 67108864 (custom)
2024-04-29 10:06:25,907 [e630d950-2d07-45d9-8bac-ccae2e608fbd-groupManagement] INFO  server.RaftServerConfigKeys (ConfUtils.java:logGet(46)) - raft.server.log.preallocated.size = 4194304 (custom)
2024-04-29 10:06:25,907 [e630d950-2d07-45d9-8bac-ccae2e608fbd-groupManagement] INFO  server.RaftServerConfigKeys (ConfUtils.java:logGet(46)) - raft.server.log.force.sync.num = 128 (default)
2024-04-29 10:06:25,907 [e630d950-2d07-45d9-8bac-ccae2e608fbd-groupManagement] INFO  server.RaftServerConfigKeys (ConfUtils.java:logGet(46)) - raft.server.log.statemachine.data.sync = true (default)
2024-04-29 10:06:25,907 [e630d950-2d07-45d9-8bac-ccae2e608fbd-groupManagement] INFO  server.RaftServerConfigKeys (ConfUtils.java:logGet(46)) - raft.server.log.statemachine.data.sync.timeout = 10s (default)
2024-04-29 10:06:25,907 [e630d950-2d07-45d9-8bac-ccae2e608fbd-groupManagement] INFO  server.RaftServerConfigKeys (ConfUtils.java:logGet(46)) - raft.server.log.statemachine.data.sync.timeout.retry = 30 (custom)
2024-04-29 10:06:25,907 [e630d950-2d07-45d9-8bac-ccae2e608fbd-groupManagement] INFO  server.RaftServerConfigKeys (ConfUtils.java:logGet(46)) - raft.server.log.write.buffer.size = 8388616 (custom)
2024-04-29 10:06:25,909 [e630d950-2d07-45d9-8bac-ccae2e608fbd-groupManagement] INFO  server.RaftServerConfigKeys (ConfUtils.java:logGet(46)) - raft.server.log.appender.buffer.byte-limit = 8388608 (custom)
2024-04-29 10:06:25,909 [e630d950-2d07-45d9-8bac-ccae2e608fbd-groupManagement] INFO  server.RaftServerConfigKeys (ConfUtils.java:logGet(46)) - raft.server.log.unsafe-flush.enabled = false (default)
2024-04-29 10:06:25,909 [e630d950-2d07-45d9-8bac-ccae2e608fbd-groupManagement] INFO  server.RaftServerConfigKeys (ConfUtils.java:logGet(46)) - raft.server.log.async-flush.enabled = false (default)
2024-04-29 10:06:25,909 [e630d950-2d07-45d9-8bac-ccae2e608fbd-groupManagement] INFO  server.RaftServerConfigKeys (ConfUtils.java:logGet(46)) - raft.server.log.statemachine.data.caching.enabled = true (custom)
2024-04-29 10:06:25,909 [e630d950-2d07-45d9-8bac-ccae2e608fbd-groupManagement] INFO  segmented.SegmentedRaftLogWorker (SegmentedRaftLogWorker.java:lambda$new$0(134)) - e630d950-2d07-45d9-8bac-ccae2e608fbd@group-5F1D51DC6C06-SegmentedRaftLogWorker: flushIndex: setUnconditionally 0 -> -1
2024-04-29 10:06:25,909 [e630d950-2d07-45d9-8bac-ccae2e608fbd-groupManagement] INFO  segmented.SegmentedRaftLogWorker (SegmentedRaftLogWorker.java:lambda$new$0(134)) - e630d950-2d07-45d9-8bac-ccae2e608fbd@group-5F1D51DC6C06-SegmentedRaftLogWorker: safeCacheEvictIndex: setUnconditionally 0 -> -1
2024-04-29 10:06:25,909 [e630d950-2d07-45d9-8bac-ccae2e608fbd-groupManagement] INFO  server.RaftServer$Division (RaftServerImpl.java:start(396)) - e630d950-2d07-45d9-8bac-ccae2e608fbd@group-5F1D51DC6C06: start as a follower, conf=-1: peers:[05b2082f-ed41-4af0-9481-4223771265a3|127.0.0.1:15424, e630d950-2d07-45d9-8bac-ccae2e608fbd|127.0.0.1:15442, e953ff49-4527-49f7-9f97-ccf5cafd9f48|127.0.0.1:15433]|listeners:[], old=null
2024-04-29 10:06:25,909 [e630d950-2d07-45d9-8bac-ccae2e608fbd-groupManagement] INFO  server.RaftServer$Division (RaftServerImpl.java:setRole(383)) - e630d950-2d07-45d9-8bac-ccae2e608fbd@group-5F1D51DC6C06: changes role from      null to FOLLOWER at term 0 for startAsFollower
2024-04-29 10:06:25,909 [e630d950-2d07-45d9-8bac-ccae2e608fbd-groupManagement] INFO  impl.RoleInfo (RoleInfo.java:updateAndGet(139)) - e630d950-2d07-45d9-8bac-ccae2e608fbd: start e630d950-2d07-45d9-8bac-ccae2e608fbd@group-5F1D51DC6C06-FollowerState
2024-04-29 10:06:25,909 [e630d950-2d07-45d9-8bac-ccae2e608fbd@group-5F1D51DC6C06-FollowerState] INFO  server.RaftServerConfigKeys (ConfUtils.java:logFallback(53)) - raft.server.rpc.first-election.timeout.min = 5s (fallback to raft.server.rpc.timeout.min)
2024-04-29 10:06:25,909 [e630d950-2d07-45d9-8bac-ccae2e608fbd@group-5F1D51DC6C06-FollowerState] INFO  server.RaftServerConfigKeys (ConfUtils.java:logFallback(53)) - raft.server.rpc.first-election.timeout.max = 5200ms (fallback to raft.server.rpc.timeout.max)
2024-04-29 10:06:25,909 [e630d950-2d07-45d9-8bac-ccae2e608fbd-groupManagement] INFO  util.JmxRegister (JmxRegister.java:tryRegister(44)) - Successfully registered JMX Bean with object name Ratis:service=RaftServer,group=group-5F1D51DC6C06,id=e630d950-2d07-45d9-8bac-ccae2e608fbd
2024-04-29 10:06:25,909 [e630d950-2d07-45d9-8bac-ccae2e608fbd-groupManagement] INFO  server.RaftServerConfigKeys (ConfUtils.java:logGet(46)) - raft.server.snapshot.trigger-when-stop.enabled = true (default)
2024-04-29 10:06:25,910 [e630d950-2d07-45d9-8bac-ccae2e608fbd-groupManagement] INFO  server.RaftServerConfigKeys (ConfUtils.java:logGet(46)) - raft.server.snapshot.auto.trigger.enabled = true (custom)
2024-04-29 10:06:25,910 [e630d950-2d07-45d9-8bac-ccae2e608fbd-groupManagement] INFO  server.RaftServerConfigKeys (ConfUtils.java:logGet(46)) - raft.server.snapshot.auto.trigger.threshold = 10000 (custom)
2024-04-29 10:06:25,910 [e630d950-2d07-45d9-8bac-ccae2e608fbd-groupManagement] INFO  server.RaftServerConfigKeys (ConfUtils.java:logGet(46)) - raft.server.snapshot.retention.file.num = 5 (custom)
2024-04-29 10:06:25,910 [e630d950-2d07-45d9-8bac-ccae2e608fbd-groupManagement] INFO  server.RaftServerConfigKeys (ConfUtils.java:logGet(46)) - raft.server.log.purge.upto.snapshot.index = false (default)
2024-04-29 10:06:25,915 [grpc-default-executor-2] INFO  server.RaftServer (RaftServerProxy.java:addNew(100)) - e953ff49-4527-49f7-9f97-ccf5cafd9f48: addNew group-5F1D51DC6C06:[05b2082f-ed41-4af0-9481-4223771265a3|127.0.0.1:15424, e630d950-2d07-45d9-8bac-ccae2e608fbd|127.0.0.1:15442, e953ff49-4527-49f7-9f97-ccf5cafd9f48|127.0.0.1:15433] returns group-5F1D51DC6C06:java.util.concurrent.CompletableFuture@146c2e98[Not completed]
2024-04-29 10:06:25,915 [e953ff49-4527-49f7-9f97-ccf5cafd9f48-groupManagement] INFO  server.RaftServer$Division (RaftServerImpl.java:<init>(256)) - e953ff49-4527-49f7-9f97-ccf5cafd9f48: new RaftServerImpl for group-5F1D51DC6C06:[05b2082f-ed41-4af0-9481-4223771265a3|127.0.0.1:15424, e630d950-2d07-45d9-8bac-ccae2e608fbd|127.0.0.1:15442, e953ff49-4527-49f7-9f97-ccf5cafd9f48|127.0.0.1:15433] with ContainerStateMachine:uninitialized
2024-04-29 10:06:25,916 [e953ff49-4527-49f7-9f97-ccf5cafd9f48-groupManagement] INFO  server.RaftServerConfigKeys (ConfUtils.java:logGet(46)) - raft.server.rpc.timeout.min = 5s (custom)
2024-04-29 10:06:25,916 [e953ff49-4527-49f7-9f97-ccf5cafd9f48-groupManagement] INFO  server.RaftServerConfigKeys (ConfUtils.java:logGet(46)) - raft.server.rpc.timeout.max = 5200ms (custom)
2024-04-29 10:06:25,916 [e953ff49-4527-49f7-9f97-ccf5cafd9f48-groupManagement] INFO  server.RaftServerConfigKeys (ConfUtils.java:logGet(46)) - raft.server.rpc.sleep.time = 25ms (default)
2024-04-29 10:06:25,916 [e953ff49-4527-49f7-9f97-ccf5cafd9f48-groupManagement] INFO  server.RaftServerConfigKeys (ConfUtils.java:logGet(46)) - raft.server.rpc.slowness.timeout = 300000ms (custom)
2024-04-29 10:06:25,916 [e953ff49-4527-49f7-9f97-ccf5cafd9f48-groupManagement] INFO  server.RaftServerConfigKeys (ConfUtils.java:logGet(46)) - raft.server.leaderelection.leader.step-down.wait-time = 10s (default)
2024-04-29 10:06:25,916 [e953ff49-4527-49f7-9f97-ccf5cafd9f48-groupManagement] INFO  server.RaftServerConfigKeys (ConfUtils.java:logGet(46)) - raft.server.leaderelection.member.majority-add = false (default)
2024-04-29 10:06:25,916 [e953ff49-4527-49f7-9f97-ccf5cafd9f48-groupManagement] INFO  server.RaftServerConfigKeys (ConfUtils.java:logGet(46)) - raft.server.sleep.deviation.threshold = 300ms (default)
2024-04-29 10:06:25,916 [e953ff49-4527-49f7-9f97-ccf5cafd9f48-groupManagement] INFO  server.RaftServer$Division (ServerState.java:<init>(113)) - e953ff49-4527-49f7-9f97-ccf5cafd9f48@group-5F1D51DC6C06: ConfigurationManager, init=-1: peers:[05b2082f-ed41-4af0-9481-4223771265a3|127.0.0.1:15424, e630d950-2d07-45d9-8bac-ccae2e608fbd|127.0.0.1:15442, e953ff49-4527-49f7-9f97-ccf5cafd9f48|127.0.0.1:15433]|listeners:[], old=null, confs=<EMPTY_MAP>
2024-04-29 10:06:25,916 [e953ff49-4527-49f7-9f97-ccf5cafd9f48-groupManagement] INFO  server.RaftServerConfigKeys (ConfUtils.java:logGet(46)) - raft.server.notification.no-leader.timeout = 300000ms (custom)
2024-04-29 10:06:25,916 [e953ff49-4527-49f7-9f97-ccf5cafd9f48-groupManagement] INFO  server.RaftServerConfigKeys (ConfUtils.java:logGet(46)) - raft.server.read.timeout = 10s (default)
2024-04-29 10:06:25,916 [e953ff49-4527-49f7-9f97-ccf5cafd9f48-groupManagement] INFO  server.RaftServerConfigKeys (ConfUtils.java:logGet(46)) - raft.server.retrycache.expirytime = 600000ms (custom)
2024-04-29 10:06:25,916 [e953ff49-4527-49f7-9f97-ccf5cafd9f48-groupManagement] INFO  server.RaftServerConfigKeys (ConfUtils.java:logGet(46)) - raft.server.retrycache.statistics.expirytime = 100ms (default)
2024-04-29 10:06:25,916 [e953ff49-4527-49f7-9f97-ccf5cafd9f48-groupManagement] INFO  server.RaftServerConfigKeys (ConfUtils.java:logGet(46)) - raft.server.read.option = DEFAULT (default)
2024-04-29 10:06:25,916 [e953ff49-4527-49f7-9f97-ccf5cafd9f48-groupManagement] INFO  server.RaftServerConfigKeys (ConfUtils.java:logGet(46)) - raft.server.read.read-after-write-consistent.write-index-cache.expiry-time = 60s (default)
2024-04-29 10:06:25,918 [e953ff49-4527-49f7-9f97-ccf5cafd9f48-groupManagement] INFO  server.RaftServerConfigKeys (ConfUtils.java:logGet(46)) - raft.server.rpc.request.timeout = 3000ms (default)
2024-04-29 10:06:25,918 [e953ff49-4527-49f7-9f97-ccf5cafd9f48-groupManagement] INFO  server.RaftServerConfigKeys (ConfUtils.java:logGet(46)) - raft.server.log.appender.install.snapshot.enabled = false (custom)
2024-04-29 10:06:25,918 [e953ff49-4527-49f7-9f97-ccf5cafd9f48-groupManagement] INFO  server.RaftServerConfigKeys (ConfUtils.java:logGet(46)) - raft.server.threadpool.server.cached = true (default)
2024-04-29 10:06:25,918 [e953ff49-4527-49f7-9f97-ccf5cafd9f48-groupManagement] INFO  server.RaftServerConfigKeys (ConfUtils.java:logGet(46)) - raft.server.threadpool.server.size = 0 (default)
2024-04-29 10:06:25,918 [e953ff49-4527-49f7-9f97-ccf5cafd9f48-groupManagement] INFO  server.RaftServerConfigKeys (ConfUtils.java:logGet(46)) - raft.server.threadpool.client.cached = true (default)
2024-04-29 10:06:25,918 [e953ff49-4527-49f7-9f97-ccf5cafd9f48-groupManagement] INFO  server.RaftServerConfigKeys (ConfUtils.java:logGet(46)) - raft.server.threadpool.client.size = 0 (default)
2024-04-29 10:06:25,918 [e953ff49-4527-49f7-9f97-ccf5cafd9f48-groupManagement] INFO  server.RaftServerConfigKeys (ConfUtils.java:logGet(46)) - raft.server.storage.free-space.min = 0MB (=0) (default)
2024-04-29 10:06:25,918 [e953ff49-4527-49f7-9f97-ccf5cafd9f48-groupManagement] INFO  server.RaftServerConfigKeys (ConfUtils.java:logGet(46)) - raft.server.log.corruption.policy = EXCEPTION (default)
2024-04-29 10:06:25,918 [e953ff49-4527-49f7-9f97-ccf5cafd9f48-groupManagement] INFO  server.RaftServerConfigKeys (ConfUtils.java:logGet(46)) - raft.server.storage.dir = [/home/runner/work/ozone/ozone/hadoop-ozone/integration-test/target/test-dir/MiniOzoneClusterImpl-2cdd5cd5-9c4c-463f-a193-9ffbc37dc237/ozone-meta/datanode-8/ratis] (custom)
2024-04-29 10:06:25,918 [e953ff49-4527-49f7-9f97-ccf5cafd9f48-groupManagement] INFO  storage.RaftStorageDirectory (RaftStorageDirectoryImpl.java:analyzeStorage(138)) - The storage directory /home/runner/work/ozone/ozone/hadoop-ozone/integration-test/target/test-dir/MiniOzoneClusterImpl-2cdd5cd5-9c4c-463f-a193-9ffbc37dc237/ozone-meta/datanode-8/ratis/3403de07-fa73-484e-bd45-5f1d51dc6c06 does not exist. Creating ...
2024-04-29 10:06:25,919 [e953ff49-4527-49f7-9f97-ccf5cafd9f48-groupManagement] INFO  storage.RaftStorageDirectory (RaftStorageDirectoryImpl.java:tryLock(228)) - Lock on /home/runner/work/ozone/ozone/hadoop-ozone/integration-test/target/test-dir/MiniOzoneClusterImpl-2cdd5cd5-9c4c-463f-a193-9ffbc37dc237/ozone-meta/datanode-8/ratis/3403de07-fa73-484e-bd45-5f1d51dc6c06/in_use.lock acquired by nodename 20825@fv-az913-54
2024-04-29 10:06:25,920 [e953ff49-4527-49f7-9f97-ccf5cafd9f48-groupManagement] INFO  storage.RaftStorage (RaftStorageImpl.java:format(99)) - Storage directory /home/runner/work/ozone/ozone/hadoop-ozone/integration-test/target/test-dir/MiniOzoneClusterImpl-2cdd5cd5-9c4c-463f-a193-9ffbc37dc237/ozone-meta/datanode-8/ratis/3403de07-fa73-484e-bd45-5f1d51dc6c06 has been successfully formatted.
2024-04-29 10:06:25,920 [e953ff49-4527-49f7-9f97-ccf5cafd9f48-groupManagement] WARN  util.FileUtils (LogUtils.java:supplyAndLog(63)) - Failed to Files.newInputStream /home/runner/work/ozone/ozone/hadoop-ozone/integration-test/target/test-dir/MiniOzoneClusterImpl-2cdd5cd5-9c4c-463f-a193-9ffbc37dc237/ozone-meta/datanode-8/ratis/3403de07-fa73-484e-bd45-5f1d51dc6c06/current/raft-meta.conf with options []: java.nio.file.NoSuchFileException: /home/runner/work/ozone/ozone/hadoop-ozone/integration-test/target/test-dir/MiniOzoneClusterImpl-2cdd5cd5-9c4c-463f-a193-9ffbc37dc237/ozone-meta/datanode-8/ratis/3403de07-fa73-484e-bd45-5f1d51dc6c06/current/raft-meta.conf
2024-04-29 10:06:25,920 [e953ff49-4527-49f7-9f97-ccf5cafd9f48-groupManagement] INFO  ratis.ContainerStateMachine (ContainerStateMachine.java:loadSnapshot(287)) - group-5F1D51DC6C06: The snapshot info is null. Setting the last applied index to:(t:0, i:~)
2024-04-29 10:06:25,920 [e953ff49-4527-49f7-9f97-ccf5cafd9f48-groupManagement] INFO  server.RaftServerConfigKeys (ConfUtils.java:logGet(46)) - raft.server.log.use.memory = false (default)
2024-04-29 10:06:25,920 [e953ff49-4527-49f7-9f97-ccf5cafd9f48-groupManagement] INFO  server.RaftServerConfigKeys (ConfUtils.java:logGet(46)) - raft.server.log.purge.gap = 1000000 (custom)
2024-04-29 10:06:25,920 [e953ff49-4527-49f7-9f97-ccf5cafd9f48-groupManagement] INFO  server.RaftServerConfigKeys (ConfUtils.java:logGet(46)) - raft.server.log.appender.buffer.byte-limit = 8388608 (custom)
2024-04-29 10:06:25,921 [e953ff49-4527-49f7-9f97-ccf5cafd9f48-groupManagement] INFO  server.RaftServerConfigKeys (ConfUtils.java:logGet(46)) - raft.server.log.statemachine.data.read.timeout = 1000ms (default)
2024-04-29 10:06:25,921 [e953ff49-4527-49f7-9f97-ccf5cafd9f48-groupManagement] INFO  server.RaftServerConfigKeys (ConfUtils.java:logGet(46)) - raft.server.log.purge.preservation.log.num = 0 (default)
2024-04-29 10:06:25,922 [e953ff49-4527-49f7-9f97-ccf5cafd9f48-groupManagement] INFO  server.RaftServerConfigKeys (ConfUtils.java:logGet(46)) - raft.server.log.segment.size.max = 67108864 (custom)
2024-04-29 10:06:25,922 [e953ff49-4527-49f7-9f97-ccf5cafd9f48-groupManagement] INFO  server.RaftServerConfigKeys (ConfUtils.java:logGet(46)) - raft.server.log.segment.cache.num.max = 2 (custom)
2024-04-29 10:06:25,922 [e953ff49-4527-49f7-9f97-ccf5cafd9f48-groupManagement] INFO  server.RaftServerConfigKeys (ConfUtils.java:logGet(46)) - raft.server.log.segment.cache.size.max = 200MB (=209715200) (default)
2024-04-29 10:06:25,922 [e953ff49-4527-49f7-9f97-ccf5cafd9f48-groupManagement] INFO  server.RaftServerConfigKeys (ConfUtils.java:logGet(46)) - raft.server.log.appender.buffer.byte-limit = 8388608 (custom)
2024-04-29 10:06:25,922 [e953ff49-4527-49f7-9f97-ccf5cafd9f48-groupManagement] INFO  util.AwaitToRun (AwaitToRun.java:start(81)) - Thread[e953ff49-4527-49f7-9f97-ccf5cafd9f48@group-5F1D51DC6C06-cacheEviction-AwaitToRun,5,main] started
2024-04-29 10:06:25,922 [e953ff49-4527-49f7-9f97-ccf5cafd9f48-groupManagement] INFO  segmented.SegmentedRaftLogWorker (SegmentedRaftLogWorker.java:<init>(182)) - new e953ff49-4527-49f7-9f97-ccf5cafd9f48@group-5F1D51DC6C06-SegmentedRaftLogWorker for RaftStorageImpl:Storage Directory /home/runner/work/ozone/ozone/hadoop-ozone/integration-test/target/test-dir/MiniOzoneClusterImpl-2cdd5cd5-9c4c-463f-a193-9ffbc37dc237/ozone-meta/datanode-8/ratis/3403de07-fa73-484e-bd45-5f1d51dc6c06
2024-04-29 10:06:25,922 [e953ff49-4527-49f7-9f97-ccf5cafd9f48-groupManagement] INFO  server.RaftServerConfigKeys (ConfUtils.java:logGet(46)) - raft.server.log.queue.byte-limit = 4294967296 (custom)
2024-04-29 10:06:25,922 [e953ff49-4527-49f7-9f97-ccf5cafd9f48-groupManagement] INFO  server.RaftServerConfigKeys (ConfUtils.java:logGet(46)) - raft.server.log.queue.element-limit = 1024 (custom)
2024-04-29 10:06:25,922 [e953ff49-4527-49f7-9f97-ccf5cafd9f48-groupManagement] INFO  server.RaftServerConfigKeys (ConfUtils.java:logGet(46)) - raft.server.log.segment.size.max = 67108864 (custom)
2024-04-29 10:06:25,922 [e953ff49-4527-49f7-9f97-ccf5cafd9f48-groupManagement] INFO  server.RaftServerConfigKeys (ConfUtils.java:logGet(46)) - raft.server.log.preallocated.size = 4194304 (custom)
2024-04-29 10:06:25,922 [e953ff49-4527-49f7-9f97-ccf5cafd9f48-groupManagement] INFO  server.RaftServerConfigKeys (ConfUtils.java:logGet(46)) - raft.server.log.force.sync.num = 128 (default)
2024-04-29 10:06:25,922 [e953ff49-4527-49f7-9f97-ccf5cafd9f48-groupManagement] INFO  server.RaftServerConfigKeys (ConfUtils.java:logGet(46)) - raft.server.log.statemachine.data.sync = true (default)
2024-04-29 10:06:25,922 [e953ff49-4527-49f7-9f97-ccf5cafd9f48-groupManagement] INFO  server.RaftServerConfigKeys (ConfUtils.java:logGet(46)) - raft.server.log.statemachine.data.sync.timeout = 10s (default)
2024-04-29 10:06:25,923 [e953ff49-4527-49f7-9f97-ccf5cafd9f48-groupManagement] INFO  server.RaftServerConfigKeys (ConfUtils.java:logGet(46)) - raft.server.log.statemachine.data.sync.timeout.retry = 30 (custom)
2024-04-29 10:06:25,923 [e953ff49-4527-49f7-9f97-ccf5cafd9f48-groupManagement] INFO  server.RaftServerConfigKeys (ConfUtils.java:logGet(46)) - raft.server.log.write.buffer.size = 8388616 (custom)
2024-04-29 10:06:25,924 [e953ff49-4527-49f7-9f97-ccf5cafd9f48-groupManagement] INFO  server.RaftServerConfigKeys (ConfUtils.java:logGet(46)) - raft.server.log.appender.buffer.byte-limit = 8388608 (custom)
2024-04-29 10:06:25,924 [e953ff49-4527-49f7-9f97-ccf5cafd9f48-groupManagement] INFO  server.RaftServerConfigKeys (ConfUtils.java:logGet(46)) - raft.server.log.unsafe-flush.enabled = false (default)
2024-04-29 10:06:25,924 [e953ff49-4527-49f7-9f97-ccf5cafd9f48-groupManagement] INFO  server.RaftServerConfigKeys (ConfUtils.java:logGet(46)) - raft.server.log.async-flush.enabled = false (default)
2024-04-29 10:06:25,924 [e953ff49-4527-49f7-9f97-ccf5cafd9f48-groupManagement] INFO  server.RaftServerConfigKeys (ConfUtils.java:logGet(46)) - raft.server.log.statemachine.data.caching.enabled = true (custom)
2024-04-29 10:06:25,924 [e953ff49-4527-49f7-9f97-ccf5cafd9f48-groupManagement] INFO  segmented.SegmentedRaftLogWorker (SegmentedRaftLogWorker.java:lambda$new$0(134)) - e953ff49-4527-49f7-9f97-ccf5cafd9f48@group-5F1D51DC6C06-SegmentedRaftLogWorker: flushIndex: setUnconditionally 0 -> -1
2024-04-29 10:06:25,924 [e953ff49-4527-49f7-9f97-ccf5cafd9f48-groupManagement] INFO  segmented.SegmentedRaftLogWorker (SegmentedRaftLogWorker.java:lambda$new$0(134)) - e953ff49-4527-49f7-9f97-ccf5cafd9f48@group-5F1D51DC6C06-SegmentedRaftLogWorker: safeCacheEvictIndex: setUnconditionally 0 -> -1
2024-04-29 10:06:25,924 [e953ff49-4527-49f7-9f97-ccf5cafd9f48-groupManagement] INFO  server.RaftServer$Division (RaftServerImpl.java:start(396)) - e953ff49-4527-49f7-9f97-ccf5cafd9f48@group-5F1D51DC6C06: start as a follower, conf=-1: peers:[05b2082f-ed41-4af0-9481-4223771265a3|127.0.0.1:15424, e630d950-2d07-45d9-8bac-ccae2e608fbd|127.0.0.1:15442, e953ff49-4527-49f7-9f97-ccf5cafd9f48|127.0.0.1:15433]|listeners:[], old=null
2024-04-29 10:06:25,924 [e953ff49-4527-49f7-9f97-ccf5cafd9f48-groupManagement] INFO  server.RaftServer$Division (RaftServerImpl.java:setRole(383)) - e953ff49-4527-49f7-9f97-ccf5cafd9f48@group-5F1D51DC6C06: changes role from      null to FOLLOWER at term 0 for startAsFollower
2024-04-29 10:06:25,924 [e953ff49-4527-49f7-9f97-ccf5cafd9f48-groupManagement] INFO  impl.RoleInfo (RoleInfo.java:updateAndGet(139)) - e953ff49-4527-49f7-9f97-ccf5cafd9f48: start e953ff49-4527-49f7-9f97-ccf5cafd9f48@group-5F1D51DC6C06-FollowerState
2024-04-29 10:06:25,924 [e953ff49-4527-49f7-9f97-ccf5cafd9f48-groupManagement] INFO  util.JmxRegister (JmxRegister.java:tryRegister(44)) - Successfully registered JMX Bean with object name Ratis:service=RaftServer,group=group-5F1D51DC6C06,id=e953ff49-4527-49f7-9f97-ccf5cafd9f48
2024-04-29 10:06:25,925 [e953ff49-4527-49f7-9f97-ccf5cafd9f48@group-5F1D51DC6C06-FollowerState] INFO  server.RaftServerConfigKeys (ConfUtils.java:logFallback(53)) - raft.server.rpc.first-election.timeout.min = 5s (fallback to raft.server.rpc.timeout.min)
2024-04-29 10:06:25,925 [e953ff49-4527-49f7-9f97-ccf5cafd9f48@group-5F1D51DC6C06-FollowerState] INFO  server.RaftServerConfigKeys (ConfUtils.java:logFallback(53)) - raft.server.rpc.first-election.timeout.max = 5200ms (fallback to raft.server.rpc.timeout.max)
2024-04-29 10:06:25,925 [e953ff49-4527-49f7-9f97-ccf5cafd9f48-groupManagement] INFO  server.RaftServerConfigKeys (ConfUtils.java:logGet(46)) - raft.server.snapshot.trigger-when-stop.enabled = true (default)
2024-04-29 10:06:25,925 [e953ff49-4527-49f7-9f97-ccf5cafd9f48-groupManagement] INFO  server.RaftServerConfigKeys (ConfUtils.java:logGet(46)) - raft.server.snapshot.auto.trigger.enabled = true (custom)
2024-04-29 10:06:25,925 [e953ff49-4527-49f7-9f97-ccf5cafd9f48-groupManagement] INFO  server.RaftServerConfigKeys (ConfUtils.java:logGet(46)) - raft.server.snapshot.auto.trigger.threshold = 10000 (custom)
2024-04-29 10:06:25,925 [e953ff49-4527-49f7-9f97-ccf5cafd9f48-groupManagement] INFO  server.RaftServerConfigKeys (ConfUtils.java:logGet(46)) - raft.server.snapshot.retention.file.num = 5 (custom)
2024-04-29 10:06:25,925 [e953ff49-4527-49f7-9f97-ccf5cafd9f48-groupManagement] INFO  server.RaftServerConfigKeys (ConfUtils.java:logGet(46)) - raft.server.log.purge.upto.snapshot.index = false (default)
2024-04-29 10:06:25,927 [05b2082f-ed41-4af0-9481-4223771265a3-PipelineCommandHandlerThread-0] INFO  commandhandler.CreatePipelineCommandHandler (CreatePipelineCommandHandler.java:lambda$handle$2(124)) - Created Pipeline RATIS THREE PipelineID=3403de07-fa73-484e-bd45-5f1d51dc6c06.
2024-04-29 10:06:25,943 [e953ff49-4527-49f7-9f97-ccf5cafd9f48-PipelineCommandHandlerThread-0] INFO  server.RaftServer (RaftServerProxy.java:addNew(100)) - e953ff49-4527-49f7-9f97-ccf5cafd9f48: addNew group-269B65E56047:[e953ff49-4527-49f7-9f97-ccf5cafd9f48|127.0.0.1:15433] returns group-269B65E56047:java.util.concurrent.CompletableFuture@588a5f88[Not completed]
2024-04-29 10:06:25,944 [e953ff49-4527-49f7-9f97-ccf5cafd9f48-groupManagement] INFO  server.RaftServer$Division (RaftServerImpl.java:<init>(256)) - e953ff49-4527-49f7-9f97-ccf5cafd9f48: new RaftServerImpl for group-269B65E56047:[e953ff49-4527-49f7-9f97-ccf5cafd9f48|127.0.0.1:15433] with ContainerStateMachine:uninitialized
2024-04-29 10:06:25,944 [e953ff49-4527-49f7-9f97-ccf5cafd9f48-groupManagement] INFO  server.RaftServerConfigKeys (ConfUtils.java:logGet(46)) - raft.server.rpc.timeout.min = 5s (custom)
2024-04-29 10:06:25,944 [e953ff49-4527-49f7-9f97-ccf5cafd9f48-groupManagement] INFO  server.RaftServerConfigKeys (ConfUtils.java:logGet(46)) - raft.server.rpc.timeout.max = 5200ms (custom)
2024-04-29 10:06:25,944 [e953ff49-4527-49f7-9f97-ccf5cafd9f48-groupManagement] INFO  server.RaftServerConfigKeys (ConfUtils.java:logGet(46)) - raft.server.rpc.sleep.time = 25ms (default)
2024-04-29 10:06:25,944 [e953ff49-4527-49f7-9f97-ccf5cafd9f48-groupManagement] INFO  server.RaftServerConfigKeys (ConfUtils.java:logGet(46)) - raft.server.rpc.slowness.timeout = 300000ms (custom)
2024-04-29 10:06:25,944 [e953ff49-4527-49f7-9f97-ccf5cafd9f48-groupManagement] INFO  server.RaftServerConfigKeys (ConfUtils.java:logGet(46)) - raft.server.leaderelection.leader.step-down.wait-time = 10s (default)
2024-04-29 10:06:25,944 [e953ff49-4527-49f7-9f97-ccf5cafd9f48-groupManagement] INFO  server.RaftServerConfigKeys (ConfUtils.java:logGet(46)) - raft.server.leaderelection.member.majority-add = false (default)
2024-04-29 10:06:25,944 [e953ff49-4527-49f7-9f97-ccf5cafd9f48-groupManagement] INFO  server.RaftServerConfigKeys (ConfUtils.java:logGet(46)) - raft.server.sleep.deviation.threshold = 300ms (default)
2024-04-29 10:06:25,944 [e953ff49-4527-49f7-9f97-ccf5cafd9f48-groupManagement] INFO  server.RaftServer$Division (ServerState.java:<init>(113)) - e953ff49-4527-49f7-9f97-ccf5cafd9f48@group-269B65E56047: ConfigurationManager, init=-1: peers:[e953ff49-4527-49f7-9f97-ccf5cafd9f48|127.0.0.1:15433]|listeners:[], old=null, confs=<EMPTY_MAP>
2024-04-29 10:06:25,944 [e953ff49-4527-49f7-9f97-ccf5cafd9f48-groupManagement] INFO  server.RaftServerConfigKeys (ConfUtils.java:logGet(46)) - raft.server.notification.no-leader.timeout = 300000ms (custom)
2024-04-29 10:06:25,944 [e953ff49-4527-49f7-9f97-ccf5cafd9f48-groupManagement] INFO  server.RaftServerConfigKeys (ConfUtils.java:logGet(46)) - raft.server.read.timeout = 10s (default)
2024-04-29 10:06:25,944 [e953ff49-4527-49f7-9f97-ccf5cafd9f48-groupManagement] INFO  server.RaftServerConfigKeys (ConfUtils.java:logGet(46)) - raft.server.retrycache.expirytime = 600000ms (custom)
2024-04-29 10:06:25,944 [e953ff49-4527-49f7-9f97-ccf5cafd9f48-groupManagement] INFO  server.RaftServerConfigKeys (ConfUtils.java:logGet(46)) - raft.server.retrycache.statistics.expirytime = 100ms (default)
2024-04-29 10:06:25,944 [e953ff49-4527-49f7-9f97-ccf5cafd9f48-groupManagement] INFO  server.RaftServerConfigKeys (ConfUtils.java:logGet(46)) - raft.server.read.option = DEFAULT (default)
2024-04-29 10:06:25,944 [e953ff49-4527-49f7-9f97-ccf5cafd9f48-groupManagement] INFO  server.RaftServerConfigKeys (ConfUtils.java:logGet(46)) - raft.server.read.read-after-write-consistent.write-index-cache.expiry-time = 60s (default)
2024-04-29 10:06:25,946 [e953ff49-4527-49f7-9f97-ccf5cafd9f48-groupManagement] INFO  server.RaftServerConfigKeys (ConfUtils.java:logGet(46)) - raft.server.rpc.request.timeout = 3000ms (default)
2024-04-29 10:06:25,946 [e953ff49-4527-49f7-9f97-ccf5cafd9f48-groupManagement] INFO  server.RaftServerConfigKeys (ConfUtils.java:logGet(46)) - raft.server.log.appender.install.snapshot.enabled = false (custom)
2024-04-29 10:06:25,946 [e953ff49-4527-49f7-9f97-ccf5cafd9f48-groupManagement] INFO  server.RaftServerConfigKeys (ConfUtils.java:logGet(46)) - raft.server.threadpool.server.cached = true (default)
2024-04-29 10:06:25,946 [e953ff49-4527-49f7-9f97-ccf5cafd9f48-groupManagement] INFO  server.RaftServerConfigKeys (ConfUtils.java:logGet(46)) - raft.server.threadpool.server.size = 0 (default)
2024-04-29 10:06:25,946 [e953ff49-4527-49f7-9f97-ccf5cafd9f48-groupManagement] INFO  server.RaftServerConfigKeys (ConfUtils.java:logGet(46)) - raft.server.threadpool.client.cached = true (default)
2024-04-29 10:06:25,946 [e953ff49-4527-49f7-9f97-ccf5cafd9f48-groupManagement] INFO  server.RaftServerConfigKeys (ConfUtils.java:logGet(46)) - raft.server.threadpool.client.size = 0 (default)
2024-04-29 10:06:25,946 [e953ff49-4527-49f7-9f97-ccf5cafd9f48-groupManagement] INFO  server.RaftServerConfigKeys (ConfUtils.java:logGet(46)) - raft.server.storage.free-space.min = 0MB (=0) (default)
2024-04-29 10:06:25,946 [e953ff49-4527-49f7-9f97-ccf5cafd9f48-groupManagement] INFO  server.RaftServerConfigKeys (ConfUtils.java:logGet(46)) - raft.server.log.corruption.policy = EXCEPTION (default)
2024-04-29 10:06:25,946 [e953ff49-4527-49f7-9f97-ccf5cafd9f48-groupManagement] INFO  server.RaftServerConfigKeys (ConfUtils.java:logGet(46)) - raft.server.storage.dir = [/home/runner/work/ozone/ozone/hadoop-ozone/integration-test/target/test-dir/MiniOzoneClusterImpl-2cdd5cd5-9c4c-463f-a193-9ffbc37dc237/ozone-meta/datanode-8/ratis] (custom)
2024-04-29 10:06:25,946 [e953ff49-4527-49f7-9f97-ccf5cafd9f48-groupManagement] INFO  storage.RaftStorageDirectory (RaftStorageDirectoryImpl.java:analyzeStorage(138)) - The storage directory /home/runner/work/ozone/ozone/hadoop-ozone/integration-test/target/test-dir/MiniOzoneClusterImpl-2cdd5cd5-9c4c-463f-a193-9ffbc37dc237/ozone-meta/datanode-8/ratis/3ec25403-0473-4ceb-992c-269b65e56047 does not exist. Creating ...
2024-04-29 10:06:25,949 [e953ff49-4527-49f7-9f97-ccf5cafd9f48-groupManagement] INFO  storage.RaftStorageDirectory (RaftStorageDirectoryImpl.java:tryLock(228)) - Lock on /home/runner/work/ozone/ozone/hadoop-ozone/integration-test/target/test-dir/MiniOzoneClusterImpl-2cdd5cd5-9c4c-463f-a193-9ffbc37dc237/ozone-meta/datanode-8/ratis/3ec25403-0473-4ceb-992c-269b65e56047/in_use.lock acquired by nodename 20825@fv-az913-54
2024-04-29 10:06:25,950 [e953ff49-4527-49f7-9f97-ccf5cafd9f48-groupManagement] INFO  storage.RaftStorage (RaftStorageImpl.java:format(99)) - Storage directory /home/runner/work/ozone/ozone/hadoop-ozone/integration-test/target/test-dir/MiniOzoneClusterImpl-2cdd5cd5-9c4c-463f-a193-9ffbc37dc237/ozone-meta/datanode-8/ratis/3ec25403-0473-4ceb-992c-269b65e56047 has been successfully formatted.
2024-04-29 10:06:25,950 [e953ff49-4527-49f7-9f97-ccf5cafd9f48-groupManagement] WARN  util.FileUtils (LogUtils.java:supplyAndLog(63)) - Failed to Files.newInputStream /home/runner/work/ozone/ozone/hadoop-ozone/integration-test/target/test-dir/MiniOzoneClusterImpl-2cdd5cd5-9c4c-463f-a193-9ffbc37dc237/ozone-meta/datanode-8/ratis/3ec25403-0473-4ceb-992c-269b65e56047/current/raft-meta.conf with options []: java.nio.file.NoSuchFileException: /home/runner/work/ozone/ozone/hadoop-ozone/integration-test/target/test-dir/MiniOzoneClusterImpl-2cdd5cd5-9c4c-463f-a193-9ffbc37dc237/ozone-meta/datanode-8/ratis/3ec25403-0473-4ceb-992c-269b65e56047/current/raft-meta.conf
2024-04-29 10:06:25,951 [e953ff49-4527-49f7-9f97-ccf5cafd9f48-groupManagement] INFO  ratis.ContainerStateMachine (ContainerStateMachine.java:loadSnapshot(287)) - group-269B65E56047: The snapshot info is null. Setting the last applied index to:(t:0, i:~)
2024-04-29 10:06:25,951 [e953ff49-4527-49f7-9f97-ccf5cafd9f48-groupManagement] INFO  server.RaftServerConfigKeys (ConfUtils.java:logGet(46)) - raft.server.log.use.memory = false (default)
2024-04-29 10:06:25,951 [e953ff49-4527-49f7-9f97-ccf5cafd9f48-groupManagement] INFO  server.RaftServerConfigKeys (ConfUtils.java:logGet(46)) - raft.server.log.purge.gap = 1000000 (custom)
2024-04-29 10:06:25,951 [e953ff49-4527-49f7-9f97-ccf5cafd9f48-groupManagement] INFO  server.RaftServerConfigKeys (ConfUtils.java:logGet(46)) - raft.server.log.appender.buffer.byte-limit = 8388608 (custom)
2024-04-29 10:06:25,951 [e953ff49-4527-49f7-9f97-ccf5cafd9f48-groupManagement] INFO  server.RaftServerConfigKeys (ConfUtils.java:logGet(46)) - raft.server.log.statemachine.data.read.timeout = 1000ms (default)
2024-04-29 10:06:25,951 [e953ff49-4527-49f7-9f97-ccf5cafd9f48-groupManagement] INFO  server.RaftServerConfigKeys (ConfUtils.java:logGet(46)) - raft.server.log.purge.preservation.log.num = 0 (default)
2024-04-29 10:06:25,952 [EventQueue-PipelineReportForPipelineReportHandler] INFO  pipeline.PipelineReportHandler (PipelineReportHandler.java:processPipelineReport(136)) - Opened pipeline PipelineID=3ec25403-0473-4ceb-992c-269b65e56047
2024-04-29 10:06:25,952 [EventQueue-OpenPipelineForHealthyPipelineSafeModeRule] INFO  safemode.SCMSafeModeManager (HealthyPipelineSafeModeRule.java:process(140)) - SCM in safe mode. Healthy pipelines reported count is 0, required healthy pipeline reported count is 1
2024-04-29 10:06:25,952 [e953ff49-4527-49f7-9f97-ccf5cafd9f48-groupManagement] INFO  server.RaftServerConfigKeys (ConfUtils.java:logGet(46)) - raft.server.log.segment.size.max = 67108864 (custom)
2024-04-29 10:06:25,952 [e953ff49-4527-49f7-9f97-ccf5cafd9f48-groupManagement] INFO  server.RaftServerConfigKeys (ConfUtils.java:logGet(46)) - raft.server.log.segment.cache.num.max = 2 (custom)
2024-04-29 10:06:25,952 [e953ff49-4527-49f7-9f97-ccf5cafd9f48-groupManagement] INFO  server.RaftServerConfigKeys (ConfUtils.java:logGet(46)) - raft.server.log.segment.cache.size.max = 200MB (=209715200) (default)
2024-04-29 10:06:25,952 [e953ff49-4527-49f7-9f97-ccf5cafd9f48-groupManagement] INFO  server.RaftServerConfigKeys (ConfUtils.java:logGet(46)) - raft.server.log.appender.buffer.byte-limit = 8388608 (custom)
2024-04-29 10:06:25,953 [e953ff49-4527-49f7-9f97-ccf5cafd9f48-groupManagement] INFO  util.AwaitToRun (AwaitToRun.java:start(81)) - Thread[e953ff49-4527-49f7-9f97-ccf5cafd9f48@group-269B65E56047-cacheEviction-AwaitToRun,5,main] started
2024-04-29 10:06:25,953 [e953ff49-4527-49f7-9f97-ccf5cafd9f48-groupManagement] INFO  segmented.SegmentedRaftLogWorker (SegmentedRaftLogWorker.java:<init>(182)) - new e953ff49-4527-49f7-9f97-ccf5cafd9f48@group-269B65E56047-SegmentedRaftLogWorker for RaftStorageImpl:Storage Directory /home/runner/work/ozone/ozone/hadoop-ozone/integration-test/target/test-dir/MiniOzoneClusterImpl-2cdd5cd5-9c4c-463f-a193-9ffbc37dc237/ozone-meta/datanode-8/ratis/3ec25403-0473-4ceb-992c-269b65e56047
2024-04-29 10:06:25,953 [e953ff49-4527-49f7-9f97-ccf5cafd9f48-groupManagement] INFO  server.RaftServerConfigKeys (ConfUtils.java:logGet(46)) - raft.server.log.queue.byte-limit = 4294967296 (custom)
2024-04-29 10:06:25,953 [e953ff49-4527-49f7-9f97-ccf5cafd9f48-groupManagement] INFO  server.RaftServerConfigKeys (ConfUtils.java:logGet(46)) - raft.server.log.queue.element-limit = 1024 (custom)
2024-04-29 10:06:25,953 [e953ff49-4527-49f7-9f97-ccf5cafd9f48-groupManagement] INFO  server.RaftServerConfigKeys (ConfUtils.java:logGet(46)) - raft.server.log.segment.size.max = 67108864 (custom)
2024-04-29 10:06:25,953 [e953ff49-4527-49f7-9f97-ccf5cafd9f48-groupManagement] INFO  server.RaftServerConfigKeys (ConfUtils.java:logGet(46)) - raft.server.log.preallocated.size = 4194304 (custom)
2024-04-29 10:06:25,953 [e953ff49-4527-49f7-9f97-ccf5cafd9f48-groupManagement] INFO  server.RaftServerConfigKeys (ConfUtils.java:logGet(46)) - raft.server.log.force.sync.num = 128 (default)
2024-04-29 10:06:25,953 [e953ff49-4527-49f7-9f97-ccf5cafd9f48-groupManagement] INFO  server.RaftServerConfigKeys (ConfUtils.java:logGet(46)) - raft.server.log.statemachine.data.sync = true (default)
2024-04-29 10:06:25,953 [e953ff49-4527-49f7-9f97-ccf5cafd9f48-groupManagement] INFO  server.RaftServerConfigKeys (ConfUtils.java:logGet(46)) - raft.server.log.statemachine.data.sync.timeout = 10s (default)
2024-04-29 10:06:25,953 [e953ff49-4527-49f7-9f97-ccf5cafd9f48-groupManagement] INFO  server.RaftServerConfigKeys (ConfUtils.java:logGet(46)) - raft.server.log.statemachine.data.sync.timeout.retry = 30 (custom)
2024-04-29 10:06:25,953 [e953ff49-4527-49f7-9f97-ccf5cafd9f48-groupManagement] INFO  server.RaftServerConfigKeys (ConfUtils.java:logGet(46)) - raft.server.log.write.buffer.size = 8388616 (custom)
2024-04-29 10:06:25,954 [e953ff49-4527-49f7-9f97-ccf5cafd9f48-groupManagement] INFO  server.RaftServerConfigKeys (ConfUtils.java:logGet(46)) - raft.server.log.appender.buffer.byte-limit = 8388608 (custom)
2024-04-29 10:06:25,954 [e953ff49-4527-49f7-9f97-ccf5cafd9f48-groupManagement] INFO  server.RaftServerConfigKeys (ConfUtils.java:logGet(46)) - raft.server.log.unsafe-flush.enabled = false (default)
2024-04-29 10:06:25,955 [e953ff49-4527-49f7-9f97-ccf5cafd9f48-groupManagement] INFO  server.RaftServerConfigKeys (ConfUtils.java:logGet(46)) - raft.server.log.async-flush.enabled = false (default)
2024-04-29 10:06:25,955 [e953ff49-4527-49f7-9f97-ccf5cafd9f48-groupManagement] INFO  server.RaftServerConfigKeys (ConfUtils.java:logGet(46)) - raft.server.log.statemachine.data.caching.enabled = true (custom)
2024-04-29 10:06:25,955 [e953ff49-4527-49f7-9f97-ccf5cafd9f48-groupManagement] INFO  segmented.SegmentedRaftLogWorker (SegmentedRaftLogWorker.java:lambda$new$0(134)) - e953ff49-4527-49f7-9f97-ccf5cafd9f48@group-269B65E56047-SegmentedRaftLogWorker: flushIndex: setUnconditionally 0 -> -1
2024-04-29 10:06:25,955 [e953ff49-4527-49f7-9f97-ccf5cafd9f48-groupManagement] INFO  segmented.SegmentedRaftLogWorker (SegmentedRaftLogWorker.java:lambda$new$0(134)) - e953ff49-4527-49f7-9f97-ccf5cafd9f48@group-269B65E56047-SegmentedRaftLogWorker: safeCacheEvictIndex: setUnconditionally 0 -> -1
2024-04-29 10:06:25,955 [e953ff49-4527-49f7-9f97-ccf5cafd9f48-groupManagement] INFO  server.RaftServer$Division (RaftServerImpl.java:start(396)) - e953ff49-4527-49f7-9f97-ccf5cafd9f48@group-269B65E56047: start as a follower, conf=-1: peers:[e953ff49-4527-49f7-9f97-ccf5cafd9f48|127.0.0.1:15433]|listeners:[], old=null
2024-04-29 10:06:25,955 [e953ff49-4527-49f7-9f97-ccf5cafd9f48-groupManagement] INFO  server.RaftServer$Division (RaftServerImpl.java:setRole(383)) - e953ff49-4527-49f7-9f97-ccf5cafd9f48@group-269B65E56047: changes role from      null to FOLLOWER at term 0 for startAsFollower
2024-04-29 10:06:25,955 [e953ff49-4527-49f7-9f97-ccf5cafd9f48-groupManagement] INFO  impl.RoleInfo (RoleInfo.java:updateAndGet(139)) - e953ff49-4527-49f7-9f97-ccf5cafd9f48: start e953ff49-4527-49f7-9f97-ccf5cafd9f48@group-269B65E56047-FollowerState
2024-04-29 10:06:25,955 [e953ff49-4527-49f7-9f97-ccf5cafd9f48-groupManagement] INFO  util.JmxRegister (JmxRegister.java:tryRegister(44)) - Successfully registered JMX Bean with object name Ratis:service=RaftServer,group=group-269B65E56047,id=e953ff49-4527-49f7-9f97-ccf5cafd9f48
2024-04-29 10:06:25,955 [e953ff49-4527-49f7-9f97-ccf5cafd9f48@group-269B65E56047-FollowerState] INFO  server.RaftServerConfigKeys (ConfUtils.java:logFallback(53)) - raft.server.rpc.first-election.timeout.min = 5s (fallback to raft.server.rpc.timeout.min)
2024-04-29 10:06:25,955 [e953ff49-4527-49f7-9f97-ccf5cafd9f48-groupManagement] INFO  server.RaftServerConfigKeys (ConfUtils.java:logGet(46)) - raft.server.snapshot.trigger-when-stop.enabled = true (default)
2024-04-29 10:06:25,955 [e953ff49-4527-49f7-9f97-ccf5cafd9f48-groupManagement] INFO  server.RaftServerConfigKeys (ConfUtils.java:logGet(46)) - raft.server.snapshot.auto.trigger.enabled = true (custom)
2024-04-29 10:06:25,955 [e953ff49-4527-49f7-9f97-ccf5cafd9f48@group-269B65E56047-FollowerState] INFO  server.RaftServerConfigKeys (ConfUtils.java:logFallback(53)) - raft.server.rpc.first-election.timeout.max = 5200ms (fallback to raft.server.rpc.timeout.max)
2024-04-29 10:06:25,955 [e953ff49-4527-49f7-9f97-ccf5cafd9f48-groupManagement] INFO  server.RaftServerConfigKeys (ConfUtils.java:logGet(46)) - raft.server.snapshot.auto.trigger.threshold = 10000 (custom)
2024-04-29 10:06:25,956 [e953ff49-4527-49f7-9f97-ccf5cafd9f48-groupManagement] INFO  server.RaftServerConfigKeys (ConfUtils.java:logGet(46)) - raft.server.snapshot.retention.file.num = 5 (custom)
2024-04-29 10:06:25,956 [e953ff49-4527-49f7-9f97-ccf5cafd9f48-groupManagement] INFO  server.RaftServerConfigKeys (ConfUtils.java:logGet(46)) - raft.server.log.purge.upto.snapshot.index = false (default)
2024-04-29 10:06:25,956 [e953ff49-4527-49f7-9f97-ccf5cafd9f48-PipelineCommandHandlerThread-0] INFO  ratis.XceiverServerRatis (XceiverServerRatis.java:addGroup(864)) - Created group PipelineID=3ec25403-0473-4ceb-992c-269b65e56047
2024-04-29 10:06:25,956 [e953ff49-4527-49f7-9f97-ccf5cafd9f48-PipelineCommandHandlerThread-0] INFO  commandhandler.CreatePipelineCommandHandler (CreatePipelineCommandHandler.java:lambda$handle$2(124)) - Created Pipeline RATIS ONE PipelineID=3ec25403-0473-4ceb-992c-269b65e56047.
2024-04-29 10:06:25,998 [e630d950-2d07-45d9-8bac-ccae2e608fbd-PipelineCommandHandlerThread-0] INFO  server.RaftServer (RaftServerProxy.java:addNew(100)) - e630d950-2d07-45d9-8bac-ccae2e608fbd: addNew group-CFF810345DFF:[e630d950-2d07-45d9-8bac-ccae2e608fbd|127.0.0.1:15442] returns group-CFF810345DFF:java.util.concurrent.CompletableFuture@3e1d9acc[Not completed]
2024-04-29 10:06:25,998 [e630d950-2d07-45d9-8bac-ccae2e608fbd-groupManagement] INFO  server.RaftServer$Division (RaftServerImpl.java:<init>(256)) - e630d950-2d07-45d9-8bac-ccae2e608fbd: new RaftServerImpl for group-CFF810345DFF:[e630d950-2d07-45d9-8bac-ccae2e608fbd|127.0.0.1:15442] with ContainerStateMachine:uninitialized
2024-04-29 10:06:25,999 [e630d950-2d07-45d9-8bac-ccae2e608fbd-groupManagement] INFO  server.RaftServerConfigKeys (ConfUtils.java:logGet(46)) - raft.server.rpc.timeout.min = 5s (custom)
2024-04-29 10:06:25,999 [e630d950-2d07-45d9-8bac-ccae2e608fbd-groupManagement] INFO  server.RaftServerConfigKeys (ConfUtils.java:logGet(46)) - raft.server.rpc.timeout.max = 5200ms (custom)
2024-04-29 10:06:25,999 [e630d950-2d07-45d9-8bac-ccae2e608fbd-groupManagement] INFO  server.RaftServerConfigKeys (ConfUtils.java:logGet(46)) - raft.server.rpc.sleep.time = 25ms (default)
2024-04-29 10:06:25,999 [e630d950-2d07-45d9-8bac-ccae2e608fbd-groupManagement] INFO  server.RaftServerConfigKeys (ConfUtils.java:logGet(46)) - raft.server.rpc.slowness.timeout = 300000ms (custom)
2024-04-29 10:06:25,999 [e630d950-2d07-45d9-8bac-ccae2e608fbd-groupManagement] INFO  server.RaftServerConfigKeys (ConfUtils.java:logGet(46)) - raft.server.leaderelection.leader.step-down.wait-time = 10s (default)
2024-04-29 10:06:25,999 [e630d950-2d07-45d9-8bac-ccae2e608fbd-groupManagement] INFO  server.RaftServerConfigKeys (ConfUtils.java:logGet(46)) - raft.server.leaderelection.member.majority-add = false (default)
2024-04-29 10:06:25,999 [e630d950-2d07-45d9-8bac-ccae2e608fbd-groupManagement] INFO  server.RaftServerConfigKeys (ConfUtils.java:logGet(46)) - raft.server.sleep.deviation.threshold = 300ms (default)
2024-04-29 10:06:25,999 [e630d950-2d07-45d9-8bac-ccae2e608fbd-groupManagement] INFO  server.RaftServer$Division (ServerState.java:<init>(113)) - e630d950-2d07-45d9-8bac-ccae2e608fbd@group-CFF810345DFF: ConfigurationManager, init=-1: peers:[e630d950-2d07-45d9-8bac-ccae2e608fbd|127.0.0.1:15442]|listeners:[], old=null, confs=<EMPTY_MAP>
2024-04-29 10:06:25,999 [e630d950-2d07-45d9-8bac-ccae2e608fbd-groupManagement] INFO  server.RaftServerConfigKeys (ConfUtils.java:logGet(46)) - raft.server.notification.no-leader.timeout = 300000ms (custom)
2024-04-29 10:06:25,999 [e630d950-2d07-45d9-8bac-ccae2e608fbd-groupManagement] INFO  server.RaftServerConfigKeys (ConfUtils.java:logGet(46)) - raft.server.read.timeout = 10s (default)
2024-04-29 10:06:25,999 [e630d950-2d07-45d9-8bac-ccae2e608fbd-groupManagement] INFO  server.RaftServerConfigKeys (ConfUtils.java:logGet(46)) - raft.server.retrycache.expirytime = 600000ms (custom)
2024-04-29 10:06:25,999 [e630d950-2d07-45d9-8bac-ccae2e608fbd-groupManagement] INFO  server.RaftServerConfigKeys (ConfUtils.java:logGet(46)) - raft.server.retrycache.statistics.expirytime = 100ms (default)
2024-04-29 10:06:25,999 [e630d950-2d07-45d9-8bac-ccae2e608fbd-groupManagement] INFO  server.RaftServerConfigKeys (ConfUtils.java:logGet(46)) - raft.server.read.option = DEFAULT (default)
2024-04-29 10:06:25,999 [e630d950-2d07-45d9-8bac-ccae2e608fbd-groupManagement] INFO  server.RaftServerConfigKeys (ConfUtils.java:logGet(46)) - raft.server.read.read-after-write-consistent.write-index-cache.expiry-time = 60s (default)
2024-04-29 10:06:25,999 [main] INFO  ozone.MiniOzoneClusterImpl (MiniOzoneClusterImpl.java:lambda$waitForClusterToBeReady$0(194)) - Nodes are ready. Got 9 of 9 DN Heartbeats.
2024-04-29 10:06:25,999 [main] INFO  ozone.MiniOzoneClusterImpl (MiniOzoneClusterImpl.java:lambda$waitForClusterToBeReady$0(197)) - Waiting for cluster to exit safe mode
2024-04-29 10:06:26,000 [main] INFO  ozone.MiniOzoneClusterImpl (MiniOzoneClusterImpl.java:lambda$waitForClusterToBeReady$0(199)) - SCM became leader
2024-04-29 10:06:26,001 [e630d950-2d07-45d9-8bac-ccae2e608fbd-groupManagement] INFO  server.RaftServerConfigKeys (ConfUtils.java:logGet(46)) - raft.server.rpc.request.timeout = 3000ms (default)
2024-04-29 10:06:26,001 [e630d950-2d07-45d9-8bac-ccae2e608fbd-groupManagement] INFO  server.RaftServerConfigKeys (ConfUtils.java:logGet(46)) - raft.server.log.appender.install.snapshot.enabled = false (custom)
2024-04-29 10:06:26,001 [e630d950-2d07-45d9-8bac-ccae2e608fbd-groupManagement] INFO  server.RaftServerConfigKeys (ConfUtils.java:logGet(46)) - raft.server.threadpool.server.cached = true (default)
2024-04-29 10:06:26,001 [e630d950-2d07-45d9-8bac-ccae2e608fbd-groupManagement] INFO  server.RaftServerConfigKeys (ConfUtils.java:logGet(46)) - raft.server.threadpool.server.size = 0 (default)
2024-04-29 10:06:26,001 [e630d950-2d07-45d9-8bac-ccae2e608fbd-groupManagement] INFO  server.RaftServerConfigKeys (ConfUtils.java:logGet(46)) - raft.server.threadpool.client.cached = true (default)
2024-04-29 10:06:26,001 [e630d950-2d07-45d9-8bac-ccae2e608fbd-groupManagement] INFO  server.RaftServerConfigKeys (ConfUtils.java:logGet(46)) - raft.server.threadpool.client.size = 0 (default)
2024-04-29 10:06:26,001 [e630d950-2d07-45d9-8bac-ccae2e608fbd-groupManagement] INFO  server.RaftServerConfigKeys (ConfUtils.java:logGet(46)) - raft.server.storage.free-space.min = 0MB (=0) (default)
2024-04-29 10:06:26,001 [e630d950-2d07-45d9-8bac-ccae2e608fbd-groupManagement] INFO  server.RaftServerConfigKeys (ConfUtils.java:logGet(46)) - raft.server.log.corruption.policy = EXCEPTION (default)
2024-04-29 10:06:26,001 [e630d950-2d07-45d9-8bac-ccae2e608fbd-groupManagement] INFO  server.RaftServerConfigKeys (ConfUtils.java:logGet(46)) - raft.server.storage.dir = [/home/runner/work/ozone/ozone/hadoop-ozone/integration-test/target/test-dir/MiniOzoneClusterImpl-2cdd5cd5-9c4c-463f-a193-9ffbc37dc237/ozone-meta/datanode-9/ratis] (custom)
2024-04-29 10:06:26,001 [e630d950-2d07-45d9-8bac-ccae2e608fbd-groupManagement] INFO  storage.RaftStorageDirectory (RaftStorageDirectoryImpl.java:analyzeStorage(138)) - The storage directory /home/runner/work/ozone/ozone/hadoop-ozone/integration-test/target/test-dir/MiniOzoneClusterImpl-2cdd5cd5-9c4c-463f-a193-9ffbc37dc237/ozone-meta/datanode-9/ratis/2cd0ce55-3a2b-4719-b090-cff810345dff does not exist. Creating ...
2024-04-29 10:06:26,002 [e630d950-2d07-45d9-8bac-ccae2e608fbd-groupManagement] INFO  storage.RaftStorageDirectory (RaftStorageDirectoryImpl.java:tryLock(228)) - Lock on /home/runner/work/ozone/ozone/hadoop-ozone/integration-test/target/test-dir/MiniOzoneClusterImpl-2cdd5cd5-9c4c-463f-a193-9ffbc37dc237/ozone-meta/datanode-9/ratis/2cd0ce55-3a2b-4719-b090-cff810345dff/in_use.lock acquired by nodename 20825@fv-az913-54
2024-04-29 10:06:26,004 [e630d950-2d07-45d9-8bac-ccae2e608fbd-groupManagement] INFO  storage.RaftStorage (RaftStorageImpl.java:format(99)) - Storage directory /home/runner/work/ozone/ozone/hadoop-ozone/integration-test/target/test-dir/MiniOzoneClusterImpl-2cdd5cd5-9c4c-463f-a193-9ffbc37dc237/ozone-meta/datanode-9/ratis/2cd0ce55-3a2b-4719-b090-cff810345dff has been successfully formatted.
2024-04-29 10:06:26,004 [e630d950-2d07-45d9-8bac-ccae2e608fbd-groupManagement] WARN  util.FileUtils (LogUtils.java:supplyAndLog(63)) - Failed to Files.newInputStream /home/runner/work/ozone/ozone/hadoop-ozone/integration-test/target/test-dir/MiniOzoneClusterImpl-2cdd5cd5-9c4c-463f-a193-9ffbc37dc237/ozone-meta/datanode-9/ratis/2cd0ce55-3a2b-4719-b090-cff810345dff/current/raft-meta.conf with options []: java.nio.file.NoSuchFileException: /home/runner/work/ozone/ozone/hadoop-ozone/integration-test/target/test-dir/MiniOzoneClusterImpl-2cdd5cd5-9c4c-463f-a193-9ffbc37dc237/ozone-meta/datanode-9/ratis/2cd0ce55-3a2b-4719-b090-cff810345dff/current/raft-meta.conf
2024-04-29 10:06:26,004 [e630d950-2d07-45d9-8bac-ccae2e608fbd-groupManagement] INFO  ratis.ContainerStateMachine (ContainerStateMachine.java:loadSnapshot(287)) - group-CFF810345DFF: The snapshot info is null. Setting the last applied index to:(t:0, i:~)
2024-04-29 10:06:26,004 [e630d950-2d07-45d9-8bac-ccae2e608fbd-groupManagement] INFO  server.RaftServerConfigKeys (ConfUtils.java:logGet(46)) - raft.server.log.use.memory = false (default)
2024-04-29 10:06:26,004 [e630d950-2d07-45d9-8bac-ccae2e608fbd-groupManagement] INFO  server.RaftServerConfigKeys (ConfUtils.java:logGet(46)) - raft.server.log.purge.gap = 1000000 (custom)
2024-04-29 10:06:26,004 [e630d950-2d07-45d9-8bac-ccae2e608fbd-groupManagement] INFO  server.RaftServerConfigKeys (ConfUtils.java:logGet(46)) - raft.server.log.appender.buffer.byte-limit = 8388608 (custom)
2024-04-29 10:06:26,004 [e630d950-2d07-45d9-8bac-ccae2e608fbd-groupManagement] INFO  server.RaftServerConfigKeys (ConfUtils.java:logGet(46)) - raft.server.log.statemachine.data.read.timeout = 1000ms (default)
2024-04-29 10:06:26,004 [e630d950-2d07-45d9-8bac-ccae2e608fbd-groupManagement] INFO  server.RaftServerConfigKeys (ConfUtils.java:logGet(46)) - raft.server.log.purge.preservation.log.num = 0 (default)
2024-04-29 10:06:26,005 [EventQueue-PipelineReportForPipelineReportHandler] INFO  pipeline.PipelineReportHandler (PipelineReportHandler.java:processPipelineReport(136)) - Opened pipeline PipelineID=2cd0ce55-3a2b-4719-b090-cff810345dff
2024-04-29 10:06:26,005 [EventQueue-OpenPipelineForHealthyPipelineSafeModeRule] INFO  safemode.SCMSafeModeManager (HealthyPipelineSafeModeRule.java:process(140)) - SCM in safe mode. Healthy pipelines reported count is 0, required healthy pipeline reported count is 1
2024-04-29 10:06:26,006 [e630d950-2d07-45d9-8bac-ccae2e608fbd-groupManagement] INFO  server.RaftServerConfigKeys (ConfUtils.java:logGet(46)) - raft.server.log.segment.size.max = 67108864 (custom)
2024-04-29 10:06:26,006 [e630d950-2d07-45d9-8bac-ccae2e608fbd-groupManagement] INFO  server.RaftServerConfigKeys (ConfUtils.java:logGet(46)) - raft.server.log.segment.cache.num.max = 2 (custom)
2024-04-29 10:06:26,006 [e630d950-2d07-45d9-8bac-ccae2e608fbd-groupManagement] INFO  server.RaftServerConfigKeys (ConfUtils.java:logGet(46)) - raft.server.log.segment.cache.size.max = 200MB (=209715200) (default)
2024-04-29 10:06:26,006 [e630d950-2d07-45d9-8bac-ccae2e608fbd-groupManagement] INFO  server.RaftServerConfigKeys (ConfUtils.java:logGet(46)) - raft.server.log.appender.buffer.byte-limit = 8388608 (custom)
2024-04-29 10:06:26,006 [e630d950-2d07-45d9-8bac-ccae2e608fbd-groupManagement] INFO  util.AwaitToRun (AwaitToRun.java:start(81)) - Thread[e630d950-2d07-45d9-8bac-ccae2e608fbd@group-CFF810345DFF-cacheEviction-AwaitToRun,5,main] started
2024-04-29 10:06:26,006 [e630d950-2d07-45d9-8bac-ccae2e608fbd-groupManagement] INFO  segmented.SegmentedRaftLogWorker (SegmentedRaftLogWorker.java:<init>(182)) - new e630d950-2d07-45d9-8bac-ccae2e608fbd@group-CFF810345DFF-SegmentedRaftLogWorker for RaftStorageImpl:Storage Directory /home/runner/work/ozone/ozone/hadoop-ozone/integration-test/target/test-dir/MiniOzoneClusterImpl-2cdd5cd5-9c4c-463f-a193-9ffbc37dc237/ozone-meta/datanode-9/ratis/2cd0ce55-3a2b-4719-b090-cff810345dff
2024-04-29 10:06:26,006 [e630d950-2d07-45d9-8bac-ccae2e608fbd-groupManagement] INFO  server.RaftServerConfigKeys (ConfUtils.java:logGet(46)) - raft.server.log.queue.byte-limit = 4294967296 (custom)
2024-04-29 10:06:26,006 [e630d950-2d07-45d9-8bac-ccae2e608fbd-groupManagement] INFO  server.RaftServerConfigKeys (ConfUtils.java:logGet(46)) - raft.server.log.queue.element-limit = 1024 (custom)
2024-04-29 10:06:26,006 [e630d950-2d07-45d9-8bac-ccae2e608fbd-groupManagement] INFO  server.RaftServerConfigKeys (ConfUtils.java:logGet(46)) - raft.server.log.segment.size.max = 67108864 (custom)
2024-04-29 10:06:26,006 [e630d950-2d07-45d9-8bac-ccae2e608fbd-groupManagement] INFO  server.RaftServerConfigKeys (ConfUtils.java:logGet(46)) - raft.server.log.preallocated.size = 4194304 (custom)
2024-04-29 10:06:26,007 [e630d950-2d07-45d9-8bac-ccae2e608fbd-groupManagement] INFO  server.RaftServerConfigKeys (ConfUtils.java:logGet(46)) - raft.server.log.force.sync.num = 128 (default)
2024-04-29 10:06:26,007 [e630d950-2d07-45d9-8bac-ccae2e608fbd-groupManagement] INFO  server.RaftServerConfigKeys (ConfUtils.java:logGet(46)) - raft.server.log.statemachine.data.sync = true (default)
2024-04-29 10:06:26,007 [e630d950-2d07-45d9-8bac-ccae2e608fbd-groupManagement] INFO  server.RaftServerConfigKeys (ConfUtils.java:logGet(46)) - raft.server.log.statemachine.data.sync.timeout = 10s (default)
2024-04-29 10:06:26,007 [e630d950-2d07-45d9-8bac-ccae2e608fbd-groupManagement] INFO  server.RaftServerConfigKeys (ConfUtils.java:logGet(46)) - raft.server.log.statemachine.data.sync.timeout.retry = 30 (custom)
2024-04-29 10:06:26,007 [e630d950-2d07-45d9-8bac-ccae2e608fbd-groupManagement] INFO  server.RaftServerConfigKeys (ConfUtils.java:logGet(46)) - raft.server.log.write.buffer.size = 8388616 (custom)
2024-04-29 10:06:26,008 [e630d950-2d07-45d9-8bac-ccae2e608fbd-groupManagement] INFO  server.RaftServerConfigKeys (ConfUtils.java:logGet(46)) - raft.server.log.appender.buffer.byte-limit = 8388608 (custom)
2024-04-29 10:06:26,008 [e630d950-2d07-45d9-8bac-ccae2e608fbd-groupManagement] INFO  server.RaftServerConfigKeys (ConfUtils.java:logGet(46)) - raft.server.log.unsafe-flush.enabled = false (default)
2024-04-29 10:06:26,008 [e630d950-2d07-45d9-8bac-ccae2e608fbd-groupManagement] INFO  server.RaftServerConfigKeys (ConfUtils.java:logGet(46)) - raft.server.log.async-flush.enabled = false (default)
2024-04-29 10:06:26,009 [e630d950-2d07-45d9-8bac-ccae2e608fbd-groupManagement] INFO  server.RaftServerConfigKeys (ConfUtils.java:logGet(46)) - raft.server.log.statemachine.data.caching.enabled = true (custom)
2024-04-29 10:06:26,009 [e630d950-2d07-45d9-8bac-ccae2e608fbd-groupManagement] INFO  segmented.SegmentedRaftLogWorker (SegmentedRaftLogWorker.java:lambda$new$0(134)) - e630d950-2d07-45d9-8bac-ccae2e608fbd@group-CFF810345DFF-SegmentedRaftLogWorker: flushIndex: setUnconditionally 0 -> -1
2024-04-29 10:06:26,009 [e630d950-2d07-45d9-8bac-ccae2e608fbd-groupManagement] INFO  segmented.SegmentedRaftLogWorker (SegmentedRaftLogWorker.java:lambda$new$0(134)) - e630d950-2d07-45d9-8bac-ccae2e608fbd@group-CFF810345DFF-SegmentedRaftLogWorker: safeCacheEvictIndex: setUnconditionally 0 -> -1
2024-04-29 10:06:26,009 [e630d950-2d07-45d9-8bac-ccae2e608fbd-groupManagement] INFO  server.RaftServer$Division (RaftServerImpl.java:start(396)) - e630d950-2d07-45d9-8bac-ccae2e608fbd@group-CFF810345DFF: start as a follower, conf=-1: peers:[e630d950-2d07-45d9-8bac-ccae2e608fbd|127.0.0.1:15442]|listeners:[], old=null
2024-04-29 10:06:26,009 [e630d950-2d07-45d9-8bac-ccae2e608fbd-groupManagement] INFO  server.RaftServer$Division (RaftServerImpl.java:setRole(383)) - e630d950-2d07-45d9-8bac-ccae2e608fbd@group-CFF810345DFF: changes role from      null to FOLLOWER at term 0 for startAsFollower
2024-04-29 10:06:26,009 [e630d950-2d07-45d9-8bac-ccae2e608fbd-groupManagement] INFO  impl.RoleInfo (RoleInfo.java:updateAndGet(139)) - e630d950-2d07-45d9-8bac-ccae2e608fbd: start e630d950-2d07-45d9-8bac-ccae2e608fbd@group-CFF810345DFF-FollowerState
2024-04-29 10:06:26,009 [e630d950-2d07-45d9-8bac-ccae2e608fbd@group-CFF810345DFF-FollowerState] INFO  server.RaftServerConfigKeys (ConfUtils.java:logFallback(53)) - raft.server.rpc.first-election.timeout.min = 5s (fallback to raft.server.rpc.timeout.min)
2024-04-29 10:06:26,009 [e630d950-2d07-45d9-8bac-ccae2e608fbd-groupManagement] INFO  util.JmxRegister (JmxRegister.java:tryRegister(44)) - Successfully registered JMX Bean with object name Ratis:service=RaftServer,group=group-CFF810345DFF,id=e630d950-2d07-45d9-8bac-ccae2e608fbd
2024-04-29 10:06:26,009 [e630d950-2d07-45d9-8bac-ccae2e608fbd@group-CFF810345DFF-FollowerState] INFO  server.RaftServerConfigKeys (ConfUtils.java:logFallback(53)) - raft.server.rpc.first-election.timeout.max = 5200ms (fallback to raft.server.rpc.timeout.max)
2024-04-29 10:06:26,009 [e630d950-2d07-45d9-8bac-ccae2e608fbd-groupManagement] INFO  server.RaftServerConfigKeys (ConfUtils.java:logGet(46)) - raft.server.snapshot.trigger-when-stop.enabled = true (default)
2024-04-29 10:06:26,009 [e630d950-2d07-45d9-8bac-ccae2e608fbd-groupManagement] INFO  server.RaftServerConfigKeys (ConfUtils.java:logGet(46)) - raft.server.snapshot.auto.trigger.enabled = true (custom)
2024-04-29 10:06:26,009 [e630d950-2d07-45d9-8bac-ccae2e608fbd-groupManagement] INFO  server.RaftServerConfigKeys (ConfUtils.java:logGet(46)) - raft.server.snapshot.auto.trigger.threshold = 10000 (custom)
2024-04-29 10:06:26,009 [e630d950-2d07-45d9-8bac-ccae2e608fbd-groupManagement] INFO  server.RaftServerConfigKeys (ConfUtils.java:logGet(46)) - raft.server.snapshot.retention.file.num = 5 (custom)
2024-04-29 10:06:26,009 [e630d950-2d07-45d9-8bac-ccae2e608fbd-groupManagement] INFO  server.RaftServerConfigKeys (ConfUtils.java:logGet(46)) - raft.server.log.purge.upto.snapshot.index = false (default)
2024-04-29 10:06:26,010 [e630d950-2d07-45d9-8bac-ccae2e608fbd-PipelineCommandHandlerThread-0] INFO  ratis.XceiverServerRatis (XceiverServerRatis.java:addGroup(864)) - Created group PipelineID=2cd0ce55-3a2b-4719-b090-cff810345dff
2024-04-29 10:06:26,010 [e630d950-2d07-45d9-8bac-ccae2e608fbd-PipelineCommandHandlerThread-0] INFO  commandhandler.CreatePipelineCommandHandler (CreatePipelineCommandHandler.java:lambda$handle$2(124)) - Created Pipeline RATIS ONE PipelineID=2cd0ce55-3a2b-4719-b090-cff810345dff.
2024-04-29 10:06:27,000 [main] INFO  ozone.MiniOzoneClusterImpl (MiniOzoneClusterImpl.java:lambda$waitForClusterToBeReady$0(194)) - Nodes are ready. Got 9 of 9 DN Heartbeats.
2024-04-29 10:06:27,000 [main] INFO  ozone.MiniOzoneClusterImpl (MiniOzoneClusterImpl.java:lambda$waitForClusterToBeReady$0(197)) - Waiting for cluster to exit safe mode
2024-04-29 10:06:27,000 [main] INFO  ozone.MiniOzoneClusterImpl (MiniOzoneClusterImpl.java:lambda$waitForClusterToBeReady$0(199)) - SCM became leader
2024-04-29 10:06:28,000 [main] INFO  ozone.MiniOzoneClusterImpl (MiniOzoneClusterImpl.java:lambda$waitForClusterToBeReady$0(194)) - Nodes are ready. Got 9 of 9 DN Heartbeats.
2024-04-29 10:06:28,000 [main] INFO  ozone.MiniOzoneClusterImpl (MiniOzoneClusterImpl.java:lambda$waitForClusterToBeReady$0(197)) - Waiting for cluster to exit safe mode
2024-04-29 10:06:28,000 [main] INFO  ozone.MiniOzoneClusterImpl (MiniOzoneClusterImpl.java:lambda$waitForClusterToBeReady$0(199)) - SCM became leader
2024-04-29 10:06:29,001 [main] INFO  ozone.MiniOzoneClusterImpl (MiniOzoneClusterImpl.java:lambda$waitForClusterToBeReady$0(194)) - Nodes are ready. Got 9 of 9 DN Heartbeats.
2024-04-29 10:06:29,001 [main] INFO  ozone.MiniOzoneClusterImpl (MiniOzoneClusterImpl.java:lambda$waitForClusterToBeReady$0(197)) - Waiting for cluster to exit safe mode
2024-04-29 10:06:29,001 [main] INFO  ozone.MiniOzoneClusterImpl (MiniOzoneClusterImpl.java:lambda$waitForClusterToBeReady$0(199)) - SCM became leader
2024-04-29 10:06:30,001 [main] INFO  ozone.MiniOzoneClusterImpl (MiniOzoneClusterImpl.java:lambda$waitForClusterToBeReady$0(194)) - Nodes are ready. Got 9 of 9 DN Heartbeats.
2024-04-29 10:06:30,001 [main] INFO  ozone.MiniOzoneClusterImpl (MiniOzoneClusterImpl.java:lambda$waitForClusterToBeReady$0(197)) - Waiting for cluster to exit safe mode
2024-04-29 10:06:30,001 [main] INFO  ozone.MiniOzoneClusterImpl (MiniOzoneClusterImpl.java:lambda$waitForClusterToBeReady$0(199)) - SCM became leader
2024-04-29 10:06:30,592 [375cf2e4-ad97-40d4-80c3-6a50f82e6a65@group-3B3F94B40EC3-FollowerState] INFO  impl.FollowerState (FollowerState.java:run(143)) - 375cf2e4-ad97-40d4-80c3-6a50f82e6a65@group-3B3F94B40EC3-FollowerState: change to CANDIDATE, lastRpcElapsedTime:5044181265ns, electionTimeout:5042ms
2024-04-29 10:06:30,592 [375cf2e4-ad97-40d4-80c3-6a50f82e6a65@group-3B3F94B40EC3-FollowerState] INFO  impl.RoleInfo (RoleInfo.java:shutdownFollowerState(110)) - 375cf2e4-ad97-40d4-80c3-6a50f82e6a65: shutdown 375cf2e4-ad97-40d4-80c3-6a50f82e6a65@group-3B3F94B40EC3-FollowerState
2024-04-29 10:06:30,592 [375cf2e4-ad97-40d4-80c3-6a50f82e6a65@group-3B3F94B40EC3-FollowerState] INFO  server.RaftServer$Division (RaftServerImpl.java:setRole(383)) - 375cf2e4-ad97-40d4-80c3-6a50f82e6a65@group-3B3F94B40EC3: changes role from  FOLLOWER to CANDIDATE at term 0 for changeToCandidate
2024-04-29 10:06:30,592 [375cf2e4-ad97-40d4-80c3-6a50f82e6a65@group-3B3F94B40EC3-FollowerState] INFO  server.RaftServerConfigKeys (ConfUtils.java:logGet(46)) - raft.server.leaderelection.pre-vote = true (default)
2024-04-29 10:06:30,592 [375cf2e4-ad97-40d4-80c3-6a50f82e6a65@group-3B3F94B40EC3-FollowerState] INFO  impl.RoleInfo (RoleInfo.java:updateAndGet(139)) - 375cf2e4-ad97-40d4-80c3-6a50f82e6a65: start 375cf2e4-ad97-40d4-80c3-6a50f82e6a65@group-3B3F94B40EC3-LeaderElection65
2024-04-29 10:06:30,592 [375cf2e4-ad97-40d4-80c3-6a50f82e6a65@group-3B3F94B40EC3-LeaderElection65] INFO  impl.LeaderElection (LeaderElection.java:askForVotes(321)) - 375cf2e4-ad97-40d4-80c3-6a50f82e6a65@group-3B3F94B40EC3-LeaderElection65 PRE_VOTE round 0: submit vote requests at term 0 for -1: peers:[a7d28670-f9d1-457c-83f3-4caf0bab89df|127.0.0.1:15388, 22afc6ef-83d9-42e2-a783-8bf224581d75|127.0.0.1:15379, 375cf2e4-ad97-40d4-80c3-6a50f82e6a65|127.0.0.1:15370]|listeners:[], old=null
2024-04-29 10:06:30,593 [375cf2e4-ad97-40d4-80c3-6a50f82e6a65@group-3B3F94B40EC3-LeaderElection65-1] INFO  server.GrpcServerProtocolClient (GrpcServerProtocolClient.java:<init>(65)) - Build channel for a7d28670-f9d1-457c-83f3-4caf0bab89df|127.0.0.1:15388
2024-04-29 10:06:30,593 [375cf2e4-ad97-40d4-80c3-6a50f82e6a65@group-3B3F94B40EC3-LeaderElection65-2] INFO  server.GrpcServerProtocolClient (GrpcServerProtocolClient.java:<init>(65)) - Build channel for 22afc6ef-83d9-42e2-a783-8bf224581d75|127.0.0.1:15379
2024-04-29 10:06:30,593 [375cf2e4-ad97-40d4-80c3-6a50f82e6a65@group-3B3F94B40EC3-LeaderElection65] INFO  server.RaftServerConfigKeys (ConfUtils.java:logFallback(53)) - raft.server.rpc.first-election.timeout.min = 5s (fallback to raft.server.rpc.timeout.min)
2024-04-29 10:06:30,593 [375cf2e4-ad97-40d4-80c3-6a50f82e6a65@group-3B3F94B40EC3-LeaderElection65] INFO  server.RaftServerConfigKeys (ConfUtils.java:logFallback(53)) - raft.server.rpc.first-election.timeout.max = 5200ms (fallback to raft.server.rpc.timeout.max)
2024-04-29 10:06:30,596 [grpc-default-executor-3] INFO  server.RaftServer$Division (RaftServerImpl.java:requestVote(1389)) - a7d28670-f9d1-457c-83f3-4caf0bab89df@group-3B3F94B40EC3: receive requestVote(PRE_VOTE, 375cf2e4-ad97-40d4-80c3-6a50f82e6a65, group-3B3F94B40EC3, 0, (t:0, i:0))
2024-04-29 10:06:30,596 [grpc-default-executor-3] INFO  impl.VoteContext (VoteContext.java:log(49)) - a7d28670-f9d1-457c-83f3-4caf0bab89df@group-3B3F94B40EC3-FOLLOWER: accept PRE_VOTE from 375cf2e4-ad97-40d4-80c3-6a50f82e6a65: our priority 0 <= candidate's priority 1
2024-04-29 10:06:30,597 [grpc-default-executor-3] INFO  server.RaftServer$Division (RaftServerImpl.java:requestVote(1422)) - a7d28670-f9d1-457c-83f3-4caf0bab89df@group-3B3F94B40EC3 replies to PRE_VOTE vote request: 375cf2e4-ad97-40d4-80c3-6a50f82e6a65<-a7d28670-f9d1-457c-83f3-4caf0bab89df#0:OK-t0. Peer's state: a7d28670-f9d1-457c-83f3-4caf0bab89df@group-3B3F94B40EC3:t0, leader=null, voted=, raftlog=Memoized:a7d28670-f9d1-457c-83f3-4caf0bab89df@group-3B3F94B40EC3-SegmentedRaftLog:OPENED:c-1, conf=-1: peers:[a7d28670-f9d1-457c-83f3-4caf0bab89df|127.0.0.1:15388, 22afc6ef-83d9-42e2-a783-8bf224581d75|127.0.0.1:15379, 375cf2e4-ad97-40d4-80c3-6a50f82e6a65|127.0.0.1:15370]|listeners:[], old=null
2024-04-29 10:06:30,599 [grpc-default-executor-3] INFO  server.RaftServer$Division (RaftServerImpl.java:requestVote(1389)) - 22afc6ef-83d9-42e2-a783-8bf224581d75@group-3B3F94B40EC3: receive requestVote(PRE_VOTE, 375cf2e4-ad97-40d4-80c3-6a50f82e6a65, group-3B3F94B40EC3, 0, (t:0, i:0))
2024-04-29 10:06:30,599 [grpc-default-executor-3] INFO  impl.VoteContext (VoteContext.java:log(49)) - 22afc6ef-83d9-42e2-a783-8bf224581d75@group-3B3F94B40EC3-FOLLOWER: accept PRE_VOTE from 375cf2e4-ad97-40d4-80c3-6a50f82e6a65: our priority 0 <= candidate's priority 1
2024-04-29 10:06:30,600 [grpc-default-executor-3] INFO  server.RaftServer$Division (RaftServerImpl.java:requestVote(1422)) - 22afc6ef-83d9-42e2-a783-8bf224581d75@group-3B3F94B40EC3 replies to PRE_VOTE vote request: 375cf2e4-ad97-40d4-80c3-6a50f82e6a65<-22afc6ef-83d9-42e2-a783-8bf224581d75#0:OK-t0. Peer's state: 22afc6ef-83d9-42e2-a783-8bf224581d75@group-3B3F94B40EC3:t0, leader=null, voted=, raftlog=Memoized:22afc6ef-83d9-42e2-a783-8bf224581d75@group-3B3F94B40EC3-SegmentedRaftLog:OPENED:c-1, conf=-1: peers:[a7d28670-f9d1-457c-83f3-4caf0bab89df|127.0.0.1:15388, 22afc6ef-83d9-42e2-a783-8bf224581d75|127.0.0.1:15379, 375cf2e4-ad97-40d4-80c3-6a50f82e6a65|127.0.0.1:15370]|listeners:[], old=null
2024-04-29 10:06:30,601 [375cf2e4-ad97-40d4-80c3-6a50f82e6a65@group-3B3F94B40EC3-LeaderElection65] INFO  impl.LeaderElection (LeaderElection.java:logAndReturn(89)) - 375cf2e4-ad97-40d4-80c3-6a50f82e6a65@group-3B3F94B40EC3-LeaderElection65: PRE_VOTE PASSED received 1 response(s) and 0 exception(s):
2024-04-29 10:06:30,602 [375cf2e4-ad97-40d4-80c3-6a50f82e6a65@group-3B3F94B40EC3-LeaderElection65] INFO  impl.LeaderElection (LeaderElection.java:logAndReturn(93)) -   Response 0: 375cf2e4-ad97-40d4-80c3-6a50f82e6a65<-22afc6ef-83d9-42e2-a783-8bf224581d75#0:OK-t0
2024-04-29 10:06:30,602 [375cf2e4-ad97-40d4-80c3-6a50f82e6a65@group-3B3F94B40EC3-LeaderElection65] INFO  impl.LeaderElection (LeaderElection.java:askForVotes(323)) - 375cf2e4-ad97-40d4-80c3-6a50f82e6a65@group-3B3F94B40EC3-LeaderElection65 PRE_VOTE round 0: result PASSED
2024-04-29 10:06:30,603 [375cf2e4-ad97-40d4-80c3-6a50f82e6a65@group-3B3F94B40EC3-LeaderElection65] INFO  impl.LeaderElection (LeaderElection.java:askForVotes(321)) - 375cf2e4-ad97-40d4-80c3-6a50f82e6a65@group-3B3F94B40EC3-LeaderElection65 ELECTION round 0: submit vote requests at term 1 for -1: peers:[a7d28670-f9d1-457c-83f3-4caf0bab89df|127.0.0.1:15388, 22afc6ef-83d9-42e2-a783-8bf224581d75|127.0.0.1:15379, 375cf2e4-ad97-40d4-80c3-6a50f82e6a65|127.0.0.1:15370]|listeners:[], old=null
2024-04-29 10:06:30,603 [375cf2e4-ad97-40d4-80c3-6a50f82e6a65@group-3B3F94B40EC3-LeaderElection65] INFO  server.RaftServerConfigKeys (ConfUtils.java:logFallback(53)) - raft.server.rpc.first-election.timeout.min = 5s (fallback to raft.server.rpc.timeout.min)
2024-04-29 10:06:30,604 [375cf2e4-ad97-40d4-80c3-6a50f82e6a65@group-3B3F94B40EC3-LeaderElection65] INFO  server.RaftServerConfigKeys (ConfUtils.java:logFallback(53)) - raft.server.rpc.first-election.timeout.max = 5200ms (fallback to raft.server.rpc.timeout.max)
2024-04-29 10:06:30,604 [grpc-default-executor-3] INFO  server.RaftServer$Division (RaftServerImpl.java:requestVote(1389)) - 22afc6ef-83d9-42e2-a783-8bf224581d75@group-3B3F94B40EC3: receive requestVote(ELECTION, 375cf2e4-ad97-40d4-80c3-6a50f82e6a65, group-3B3F94B40EC3, 1, (t:0, i:0))
2024-04-29 10:06:30,604 [grpc-default-executor-3] INFO  impl.VoteContext (VoteContext.java:log(49)) - 22afc6ef-83d9-42e2-a783-8bf224581d75@group-3B3F94B40EC3-FOLLOWER: accept ELECTION from 375cf2e4-ad97-40d4-80c3-6a50f82e6a65: our priority 0 <= candidate's priority 1
2024-04-29 10:06:30,604 [grpc-default-executor-3] INFO  server.RaftServer$Division (RaftServerImpl.java:setRole(383)) - 22afc6ef-83d9-42e2-a783-8bf224581d75@group-3B3F94B40EC3: changes role from  FOLLOWER to FOLLOWER at term 1 for candidate:375cf2e4-ad97-40d4-80c3-6a50f82e6a65
2024-04-29 10:06:30,604 [grpc-default-executor-3] INFO  impl.RoleInfo (RoleInfo.java:shutdownFollowerState(110)) - 22afc6ef-83d9-42e2-a783-8bf224581d75: shutdown 22afc6ef-83d9-42e2-a783-8bf224581d75@group-3B3F94B40EC3-FollowerState
2024-04-29 10:06:30,604 [grpc-default-executor-3] INFO  impl.RoleInfo (RoleInfo.java:updateAndGet(139)) - 22afc6ef-83d9-42e2-a783-8bf224581d75: start 22afc6ef-83d9-42e2-a783-8bf224581d75@group-3B3F94B40EC3-FollowerState
2024-04-29 10:06:30,604 [22afc6ef-83d9-42e2-a783-8bf224581d75@group-3B3F94B40EC3-FollowerState] INFO  impl.FollowerState (FollowerState.java:run(152)) - 22afc6ef-83d9-42e2-a783-8bf224581d75@group-3B3F94B40EC3-FollowerState was interrupted
2024-04-29 10:06:30,605 [grpc-default-executor-3] INFO  server.RaftServer$Division (RaftServerImpl.java:setFirstElection(574)) - 22afc6ef-83d9-42e2-a783-8bf224581d75@group-3B3F94B40EC3: set firstElectionSinceStartup to false for candidate:375cf2e4-ad97-40d4-80c3-6a50f82e6a65
2024-04-29 10:06:30,605 [grpc-default-executor-2] INFO  server.RaftServer$Division (RaftServerImpl.java:requestVote(1389)) - a7d28670-f9d1-457c-83f3-4caf0bab89df@group-3B3F94B40EC3: receive requestVote(ELECTION, 375cf2e4-ad97-40d4-80c3-6a50f82e6a65, group-3B3F94B40EC3, 1, (t:0, i:0))
2024-04-29 10:06:30,605 [grpc-default-executor-2] INFO  impl.VoteContext (VoteContext.java:log(49)) - a7d28670-f9d1-457c-83f3-4caf0bab89df@group-3B3F94B40EC3-FOLLOWER: accept ELECTION from 375cf2e4-ad97-40d4-80c3-6a50f82e6a65: our priority 0 <= candidate's priority 1
2024-04-29 10:06:30,605 [grpc-default-executor-2] INFO  server.RaftServer$Division (RaftServerImpl.java:setRole(383)) - a7d28670-f9d1-457c-83f3-4caf0bab89df@group-3B3F94B40EC3: changes role from  FOLLOWER to FOLLOWER at term 1 for candidate:375cf2e4-ad97-40d4-80c3-6a50f82e6a65
2024-04-29 10:06:30,605 [grpc-default-executor-2] INFO  impl.RoleInfo (RoleInfo.java:shutdownFollowerState(110)) - a7d28670-f9d1-457c-83f3-4caf0bab89df: shutdown a7d28670-f9d1-457c-83f3-4caf0bab89df@group-3B3F94B40EC3-FollowerState
2024-04-29 10:06:30,605 [grpc-default-executor-2] INFO  impl.RoleInfo (RoleInfo.java:updateAndGet(139)) - a7d28670-f9d1-457c-83f3-4caf0bab89df: start a7d28670-f9d1-457c-83f3-4caf0bab89df@group-3B3F94B40EC3-FollowerState
2024-04-29 10:06:30,605 [a7d28670-f9d1-457c-83f3-4caf0bab89df@group-3B3F94B40EC3-FollowerState] INFO  impl.FollowerState (FollowerState.java:run(152)) - a7d28670-f9d1-457c-83f3-4caf0bab89df@group-3B3F94B40EC3-FollowerState was interrupted
2024-04-29 10:06:30,605 [grpc-default-executor-2] INFO  server.RaftServer$Division (RaftServerImpl.java:setFirstElection(574)) - a7d28670-f9d1-457c-83f3-4caf0bab89df@group-3B3F94B40EC3: set firstElectionSinceStartup to false for candidate:375cf2e4-ad97-40d4-80c3-6a50f82e6a65
2024-04-29 10:06:30,606 [grpc-default-executor-3] INFO  server.RaftServer$Division (RaftServerImpl.java:requestVote(1422)) - 22afc6ef-83d9-42e2-a783-8bf224581d75@group-3B3F94B40EC3 replies to ELECTION vote request: 375cf2e4-ad97-40d4-80c3-6a50f82e6a65<-22afc6ef-83d9-42e2-a783-8bf224581d75#0:OK-t1. Peer's state: 22afc6ef-83d9-42e2-a783-8bf224581d75@group-3B3F94B40EC3:t1, leader=null, voted=375cf2e4-ad97-40d4-80c3-6a50f82e6a65, raftlog=Memoized:22afc6ef-83d9-42e2-a783-8bf224581d75@group-3B3F94B40EC3-SegmentedRaftLog:OPENED:c-1, conf=-1: peers:[a7d28670-f9d1-457c-83f3-4caf0bab89df|127.0.0.1:15388, 22afc6ef-83d9-42e2-a783-8bf224581d75|127.0.0.1:15379, 375cf2e4-ad97-40d4-80c3-6a50f82e6a65|127.0.0.1:15370]|listeners:[], old=null
2024-04-29 10:06:30,606 [375cf2e4-ad97-40d4-80c3-6a50f82e6a65@group-3B3F94B40EC3-LeaderElection65] INFO  impl.LeaderElection (LeaderElection.java:logAndReturn(89)) - 375cf2e4-ad97-40d4-80c3-6a50f82e6a65@group-3B3F94B40EC3-LeaderElection65: ELECTION PASSED received 1 response(s) and 0 exception(s):
2024-04-29 10:06:30,606 [375cf2e4-ad97-40d4-80c3-6a50f82e6a65@group-3B3F94B40EC3-LeaderElection65] INFO  impl.LeaderElection (LeaderElection.java:logAndReturn(93)) -   Response 0: 375cf2e4-ad97-40d4-80c3-6a50f82e6a65<-22afc6ef-83d9-42e2-a783-8bf224581d75#0:OK-t1
2024-04-29 10:06:30,606 [375cf2e4-ad97-40d4-80c3-6a50f82e6a65@group-3B3F94B40EC3-LeaderElection65] INFO  impl.LeaderElection (LeaderElection.java:askForVotes(323)) - 375cf2e4-ad97-40d4-80c3-6a50f82e6a65@group-3B3F94B40EC3-LeaderElection65 ELECTION round 0: result PASSED
2024-04-29 10:06:30,606 [375cf2e4-ad97-40d4-80c3-6a50f82e6a65@group-3B3F94B40EC3-LeaderElection65] INFO  impl.RoleInfo (RoleInfo.java:shutdownLeaderElection(130)) - 375cf2e4-ad97-40d4-80c3-6a50f82e6a65: shutdown 375cf2e4-ad97-40d4-80c3-6a50f82e6a65@group-3B3F94B40EC3-LeaderElection65
2024-04-29 10:06:30,606 [375cf2e4-ad97-40d4-80c3-6a50f82e6a65@group-3B3F94B40EC3-LeaderElection65] INFO  server.RaftServer$Division (RaftServerImpl.java:setRole(383)) - 375cf2e4-ad97-40d4-80c3-6a50f82e6a65@group-3B3F94B40EC3: changes role from CANDIDATE to LEADER at term 1 for changeToLeader
2024-04-29 10:06:30,606 [375cf2e4-ad97-40d4-80c3-6a50f82e6a65@group-3B3F94B40EC3-LeaderElection65] INFO  server.RaftServerConfigKeys (ConfUtils.java:logGet(46)) - raft.server.staging.catchup.gap = 1000 (default)
2024-04-29 10:06:30,606 [grpc-default-executor-2] INFO  server.RaftServer$Division (RaftServerImpl.java:requestVote(1422)) - a7d28670-f9d1-457c-83f3-4caf0bab89df@group-3B3F94B40EC3 replies to ELECTION vote request: 375cf2e4-ad97-40d4-80c3-6a50f82e6a65<-a7d28670-f9d1-457c-83f3-4caf0bab89df#0:OK-t1. Peer's state: a7d28670-f9d1-457c-83f3-4caf0bab89df@group-3B3F94B40EC3:t1, leader=null, voted=375cf2e4-ad97-40d4-80c3-6a50f82e6a65, raftlog=Memoized:a7d28670-f9d1-457c-83f3-4caf0bab89df@group-3B3F94B40EC3-SegmentedRaftLog:OPENED:c-1, conf=-1: peers:[a7d28670-f9d1-457c-83f3-4caf0bab89df|127.0.0.1:15388, 22afc6ef-83d9-42e2-a783-8bf224581d75|127.0.0.1:15379, 375cf2e4-ad97-40d4-80c3-6a50f82e6a65|127.0.0.1:15370]|listeners:[], old=null
2024-04-29 10:06:30,606 [375cf2e4-ad97-40d4-80c3-6a50f82e6a65@group-3B3F94B40EC3-LeaderElection65] INFO  server.RaftServerConfigKeys (ConfUtils.java:logGet(46)) - raft.server.write.element-limit = 1024 (custom)
2024-04-29 10:06:30,607 [375cf2e4-ad97-40d4-80c3-6a50f82e6a65@group-3B3F94B40EC3-LeaderElection65] INFO  server.RaftServerConfigKeys (ConfUtils.java:logGet(46)) - raft.server.write.byte-limit = 1024 M (=1073741824) (custom)
2024-04-29 10:06:30,607 [375cf2e4-ad97-40d4-80c3-6a50f82e6a65@group-3B3F94B40EC3-LeaderElection65] INFO  server.RaftServerConfigKeys (ConfUtils.java:logGet(46)) - raft.server.watch.timeout = 3000ms (custom)
2024-04-29 10:06:30,607 [375cf2e4-ad97-40d4-80c3-6a50f82e6a65@group-3B3F94B40EC3-LeaderElection65] INFO  server.RaftServerConfigKeys (ConfUtils.java:logGet(46)) - raft.server.watch.timeout.denomination = 1s (default)
2024-04-29 10:06:30,607 [375cf2e4-ad97-40d4-80c3-6a50f82e6a65@group-3B3F94B40EC3-LeaderElection65] INFO  server.RaftServerConfigKeys (ConfUtils.java:logGet(46)) - raft.server.watch.element-limit = 65536 (default)
2024-04-29 10:06:30,607 [375cf2e4-ad97-40d4-80c3-6a50f82e6a65@group-3B3F94B40EC3-LeaderElection65] INFO  server.RaftServerConfigKeys (ConfUtils.java:logGet(46)) - raft.server.read.leader.lease.enabled = false (default)
2024-04-29 10:06:30,607 [375cf2e4-ad97-40d4-80c3-6a50f82e6a65@group-3B3F94B40EC3-LeaderElection65] INFO  server.RaftServerConfigKeys (ConfUtils.java:logGet(46)) - raft.server.read.leader.lease.timeout.ratio = 0.9 (default)
2024-04-29 10:06:30,607 [375cf2e4-ad97-40d4-80c3-6a50f82e6a65@group-3B3F94B40EC3-LeaderElection65] INFO  server.RaftServerConfigKeys (ConfUtils.java:logGet(46)) - raft.server.rpc.timeout.min = 5s (custom)
2024-04-29 10:06:30,607 [375cf2e4-ad97-40d4-80c3-6a50f82e6a65@group-3B3F94B40EC3-LeaderElection65] INFO  server.RaftServerConfigKeys (ConfUtils.java:logGet(46)) - raft.server.write.element-limit = 1024 (custom)
2024-04-29 10:06:30,607 [375cf2e4-ad97-40d4-80c3-6a50f82e6a65@group-3B3F94B40EC3-LeaderElection65] INFO  server.RaftServerConfigKeys (ConfUtils.java:logGet(46)) - raft.server.write.follower.gap.ratio.max = -1.0 (default)
2024-04-29 10:06:30,608 [375cf2e4-ad97-40d4-80c3-6a50f82e6a65@group-3B3F94B40EC3-LeaderElection65] INFO  server.RaftServerConfigKeys (ConfUtils.java:logGet(46)) - raft.server.log.appender.snapshot.chunk.size.max = 16MB (=16777216) (default)
2024-04-29 10:06:30,608 [375cf2e4-ad97-40d4-80c3-6a50f82e6a65@group-3B3F94B40EC3-LeaderElection65] INFO  server.RaftServerConfigKeys (ConfUtils.java:logGet(46)) - raft.server.log.appender.buffer.byte-limit = 8388608 (custom)
2024-04-29 10:06:30,608 [375cf2e4-ad97-40d4-80c3-6a50f82e6a65@group-3B3F94B40EC3-LeaderElection65] INFO  server.RaftServerConfigKeys (ConfUtils.java:logGet(46)) - raft.server.log.appender.buffer.element-limit = 1 (custom)
2024-04-29 10:06:30,608 [375cf2e4-ad97-40d4-80c3-6a50f82e6a65@group-3B3F94B40EC3-LeaderElection65] INFO  server.RaftServerConfigKeys (ConfUtils.java:logGet(46)) - raft.server.log.appender.wait-time.min = 0ms (custom)
2024-04-29 10:06:30,608 [375cf2e4-ad97-40d4-80c3-6a50f82e6a65@group-3B3F94B40EC3-LeaderElection65] INFO  grpc.GrpcConfigKeys (ConfUtils.java:logGet(46)) - raft.grpc.server.leader.outstanding.appends.max = 8 (default)
2024-04-29 10:06:30,608 [375cf2e4-ad97-40d4-80c3-6a50f82e6a65@group-3B3F94B40EC3-LeaderElection65] INFO  server.RaftServerConfigKeys (ConfUtils.java:logGet(46)) - raft.server.rpc.request.timeout = 3000ms (default)
2024-04-29 10:06:30,608 [375cf2e4-ad97-40d4-80c3-6a50f82e6a65@group-3B3F94B40EC3-LeaderElection65] INFO  grpc.GrpcConfigKeys (ConfUtils.java:logGet(46)) - raft.grpc.server.install_snapshot.request.element-limit = 8 (default)
2024-04-29 10:06:30,608 [375cf2e4-ad97-40d4-80c3-6a50f82e6a65@group-3B3F94B40EC3-LeaderElection65] INFO  grpc.GrpcConfigKeys (ConfUtils.java:logGet(46)) - raft.grpc.server.install_snapshot.request.timeout = 3000ms (default)
2024-04-29 10:06:30,608 [375cf2e4-ad97-40d4-80c3-6a50f82e6a65@group-3B3F94B40EC3-LeaderElection65] INFO  grpc.GrpcConfigKeys (ConfUtils.java:logGet(46)) - raft.grpc.server.log-message.batch.duration = 5s (default)
2024-04-29 10:06:30,608 [375cf2e4-ad97-40d4-80c3-6a50f82e6a65@group-3B3F94B40EC3-LeaderElection65] INFO  server.RaftServerConfigKeys (ConfUtils.java:logGet(46)) - raft.server.log.appender.install.snapshot.enabled = false (custom)
2024-04-29 10:06:30,608 [375cf2e4-ad97-40d4-80c3-6a50f82e6a65@group-3B3F94B40EC3-LeaderElection65] INFO  grpc.GrpcConfigKeys (ConfUtils.java:logGet(46)) - raft.grpc.server.heartbeat.channel = true (default)
2024-04-29 10:06:30,609 [375cf2e4-ad97-40d4-80c3-6a50f82e6a65@group-3B3F94B40EC3-LeaderElection65] INFO  server.RaftServerConfigKeys (ConfUtils.java:logGet(46)) - raft.server.log.appender.snapshot.chunk.size.max = 16MB (=16777216) (default)
2024-04-29 10:06:30,609 [375cf2e4-ad97-40d4-80c3-6a50f82e6a65@group-3B3F94B40EC3-LeaderElection65] INFO  server.RaftServerConfigKeys (ConfUtils.java:logGet(46)) - raft.server.log.appender.buffer.byte-limit = 8388608 (custom)
2024-04-29 10:06:30,609 [375cf2e4-ad97-40d4-80c3-6a50f82e6a65@group-3B3F94B40EC3-LeaderElection65] INFO  server.RaftServerConfigKeys (ConfUtils.java:logGet(46)) - raft.server.log.appender.buffer.element-limit = 1 (custom)
2024-04-29 10:06:30,609 [375cf2e4-ad97-40d4-80c3-6a50f82e6a65@group-3B3F94B40EC3-LeaderElection65] INFO  server.RaftServerConfigKeys (ConfUtils.java:logGet(46)) - raft.server.log.appender.wait-time.min = 0ms (custom)
2024-04-29 10:06:30,609 [375cf2e4-ad97-40d4-80c3-6a50f82e6a65@group-3B3F94B40EC3-LeaderElection65] INFO  grpc.GrpcConfigKeys (ConfUtils.java:logGet(46)) - raft.grpc.server.leader.outstanding.appends.max = 8 (default)
2024-04-29 10:06:30,609 [375cf2e4-ad97-40d4-80c3-6a50f82e6a65@group-3B3F94B40EC3-LeaderElection65] INFO  server.RaftServerConfigKeys (ConfUtils.java:logGet(46)) - raft.server.rpc.request.timeout = 3000ms (default)
2024-04-29 10:06:30,609 [375cf2e4-ad97-40d4-80c3-6a50f82e6a65@group-3B3F94B40EC3-LeaderElection65] INFO  grpc.GrpcConfigKeys (ConfUtils.java:logGet(46)) - raft.grpc.server.install_snapshot.request.element-limit = 8 (default)
2024-04-29 10:06:30,609 [375cf2e4-ad97-40d4-80c3-6a50f82e6a65@group-3B3F94B40EC3-LeaderElection65] INFO  grpc.GrpcConfigKeys (ConfUtils.java:logGet(46)) - raft.grpc.server.install_snapshot.request.timeout = 3000ms (default)
2024-04-29 10:06:30,609 [375cf2e4-ad97-40d4-80c3-6a50f82e6a65@group-3B3F94B40EC3-LeaderElection65] INFO  grpc.GrpcConfigKeys (ConfUtils.java:logGet(46)) - raft.grpc.server.log-message.batch.duration = 5s (default)
2024-04-29 10:06:30,609 [375cf2e4-ad97-40d4-80c3-6a50f82e6a65@group-3B3F94B40EC3-LeaderElection65] INFO  server.RaftServerConfigKeys (ConfUtils.java:logGet(46)) - raft.server.log.appender.install.snapshot.enabled = false (custom)
2024-04-29 10:06:30,610 [375cf2e4-ad97-40d4-80c3-6a50f82e6a65@group-3B3F94B40EC3-LeaderElection65] INFO  grpc.GrpcConfigKeys (ConfUtils.java:logGet(46)) - raft.grpc.server.heartbeat.channel = true (default)
2024-04-29 10:06:30,610 [375cf2e4-ad97-40d4-80c3-6a50f82e6a65@group-3B3F94B40EC3-LeaderElection65] INFO  impl.RoleInfo (RoleInfo.java:updateAndGet(139)) - 375cf2e4-ad97-40d4-80c3-6a50f82e6a65: start 375cf2e4-ad97-40d4-80c3-6a50f82e6a65@group-3B3F94B40EC3-LeaderStateImpl
2024-04-29 10:06:30,610 [375cf2e4-ad97-40d4-80c3-6a50f82e6a65@group-3B3F94B40EC3-LeaderElection65] INFO  server.RaftServer$Division (RaftServerImpl.java:setFirstElection(574)) - 375cf2e4-ad97-40d4-80c3-6a50f82e6a65@group-3B3F94B40EC3: set firstElectionSinceStartup to false for becomeLeader
2024-04-29 10:06:30,610 [375cf2e4-ad97-40d4-80c3-6a50f82e6a65@group-3B3F94B40EC3-LeaderElection65] INFO  ratis.XceiverServerRatis (XceiverServerRatis.java:handleLeaderChangedNotification(966)) - Leader change notification received for group: group-3B3F94B40EC3 with new leaderId: 375cf2e4-ad97-40d4-80c3-6a50f82e6a65
2024-04-29 10:06:30,610 [375cf2e4-ad97-40d4-80c3-6a50f82e6a65@group-3B3F94B40EC3-LeaderElection65] INFO  server.RaftServer$Division (ServerState.java:setLeader(269)) - 375cf2e4-ad97-40d4-80c3-6a50f82e6a65@group-3B3F94B40EC3: change Leader from null to 375cf2e4-ad97-40d4-80c3-6a50f82e6a65 at term 1 for becomeLeader, leader elected after 5073ms
2024-04-29 10:06:30,610 [375cf2e4-ad97-40d4-80c3-6a50f82e6a65@group-3B3F94B40EC3-LeaderElection65] INFO  segmented.SegmentedRaftLogWorker (SegmentedRaftLogWorker.java:startLogSegment(430)) - 375cf2e4-ad97-40d4-80c3-6a50f82e6a65@group-3B3F94B40EC3-SegmentedRaftLogWorker: Starting segment from index:0
2024-04-29 10:06:30,610 [375cf2e4-ad97-40d4-80c3-6a50f82e6a65@group-3B3F94B40EC3-SegmentedRaftLogWorker] INFO  segmented.BufferedWriteChannel (BufferedWriteChannel.java:open(62)) - open log_inprogress_0 at position 0
2024-04-29 10:06:30,611 [EventQueue-OpenPipelineForHealthyPipelineSafeModeRule] INFO  safemode.SCMSafeModeManager (HealthyPipelineSafeModeRule.java:process(140)) - SCM in safe mode. Healthy pipelines reported count is 0, required healthy pipeline reported count is 1
2024-04-29 10:06:30,611 [EventQueue-PipelineReportForPipelineReportHandler] INFO  pipeline.PipelineReportHandler (PipelineReportHandler.java:processPipelineReport(136)) - Opened pipeline PipelineID=232cd721-934f-49df-8d20-3b3f94b40ec3
2024-04-29 10:06:30,611 [EventQueue-OpenPipelineForHealthyPipelineSafeModeRule] INFO  safemode.SCMSafeModeManager (HealthyPipelineSafeModeRule.java:process(140)) - SCM in safe mode. Healthy pipelines reported count is 1, required healthy pipeline reported count is 1
2024-04-29 10:06:30,611 [EventQueue-OpenPipelineForHealthyPipelineSafeModeRule] INFO  safemode.SCMSafeModeManager (SCMSafeModeManager.java:validateSafeModeExitRules(203)) - HealthyPipelineSafeModeRule rule is successfully validated
2024-04-29 10:06:30,612 [EventQueue-OpenPipelineForHealthyPipelineSafeModeRule] INFO  safemode.SCMSafeModeManager (SCMSafeModeManager.java:validateSafeModeExitRules(218)) - ScmSafeModeManager, all rules are successfully validated
2024-04-29 10:06:30,612 [EventQueue-OpenPipelineForHealthyPipelineSafeModeRule] INFO  safemode.SCMSafeModeManager (SCMSafeModeManager.java:exitSafeMode(248)) - SCM exiting safe mode.
2024-04-29 10:06:30,612 [EventQueue-OpenPipelineForHealthyPipelineSafeModeRule] INFO  ha.SCMContext (SCMContext.java:updateSafeModeStatus(225)) - Update SafeModeStatus from SafeModeStatus{safeModeStatus=true, preCheckPassed=true} to SafeModeStatus{safeModeStatus=false, preCheckPassed=true}.
2024-04-29 10:06:30,612 [EventQueue-OpenPipelineForHealthyPipelineSafeModeRule] INFO  pipeline.BackgroundPipelineCreator (BackgroundPipelineCreator.java:notifyStatusChanged(258)) - Service BackgroundPipelineCreator transitions to RUNNING.
2024-04-29 10:06:30,612 [EventQueue-OpenPipelineForHealthyPipelineSafeModeRule] INFO  BackgroundPipelineScrubber (BackgroundSCMService.java:notifyStatusChanged(79)) - Service BackgroundPipelineScrubber transitions to RUNNING.
2024-04-29 10:06:30,612 [EventQueue-OpenPipelineForHealthyPipelineSafeModeRule] INFO  ExpiredContainerReplicaOpScrubber (BackgroundSCMService.java:notifyStatusChanged(79)) - Service ExpiredContainerReplicaOpScrubber transitions to RUNNING.
2024-04-29 10:06:30,612 [EventQueue-OpenPipelineForHealthyPipelineSafeModeRule] INFO  block.SCMBlockDeletingService (SCMBlockDeletingService.java:notifyStatusChanged(247)) - notifyStatusChanged:RUNNING
2024-04-29 10:06:30,612 [EventQueue-OpenPipelineForHealthyPipelineSafeModeRule] INFO  replication.ReplicationManager (ReplicationManager.java:notifyStatusChanged(1404)) - Service ReplicationManager transitions to RUNNING.
2024-04-29 10:06:30,612 [EventQueue-OpenPipelineForHealthyPipelineSafeModeRule] WARN  balancer.ContainerBalancer (ContainerBalancer.java:shouldRun(134)) - Could not find persisted configuration for ContainerBalancer when checking if ContainerBalancer should run. ContainerBalancer should not run now.
2024-04-29 10:06:30,613 [375cf2e4-ad97-40d4-80c3-6a50f82e6a65@group-3B3F94B40EC3-LeaderElection65] INFO  server.RaftServer$Division (ServerState.java:setRaftConf(386)) - 375cf2e4-ad97-40d4-80c3-6a50f82e6a65@group-3B3F94B40EC3: set configuration 0: peers:[a7d28670-f9d1-457c-83f3-4caf0bab89df|127.0.0.1:15388, 22afc6ef-83d9-42e2-a783-8bf224581d75|127.0.0.1:15379, 375cf2e4-ad97-40d4-80c3-6a50f82e6a65|127.0.0.1:15370]|listeners:[], old=null
2024-04-29 10:06:30,617 [22afc6ef-83d9-42e2-a783-8bf224581d75-server-thread1] INFO  ratis.XceiverServerRatis (XceiverServerRatis.java:handleLeaderChangedNotification(966)) - Leader change notification received for group: group-3B3F94B40EC3 with new leaderId: 375cf2e4-ad97-40d4-80c3-6a50f82e6a65
2024-04-29 10:06:30,617 [22afc6ef-83d9-42e2-a783-8bf224581d75-server-thread1] INFO  server.RaftServer$Division (ServerState.java:setLeader(269)) - 22afc6ef-83d9-42e2-a783-8bf224581d75@group-3B3F94B40EC3: change Leader from null to 375cf2e4-ad97-40d4-80c3-6a50f82e6a65 at term 1 for appendEntries, leader elected after 5041ms
2024-04-29 10:06:30,618 [a7d28670-f9d1-457c-83f3-4caf0bab89df-server-thread1] INFO  ratis.XceiverServerRatis (XceiverServerRatis.java:handleLeaderChangedNotification(966)) - Leader change notification received for group: group-3B3F94B40EC3 with new leaderId: 375cf2e4-ad97-40d4-80c3-6a50f82e6a65
2024-04-29 10:06:30,618 [a7d28670-f9d1-457c-83f3-4caf0bab89df-server-thread1] INFO  server.RaftServer$Division (ServerState.java:setLeader(269)) - a7d28670-f9d1-457c-83f3-4caf0bab89df@group-3B3F94B40EC3: change Leader from null to 375cf2e4-ad97-40d4-80c3-6a50f82e6a65 at term 1 for appendEntries, leader elected after 5060ms
2024-04-29 10:06:30,618 [375cf2e4-ad97-40d4-80c3-6a50f82e6a65@group-3B3F94B40EC3-SegmentedRaftLogWorker] INFO  segmented.SegmentedRaftLogWorker (SegmentedRaftLogWorker.java:execute(634)) - 375cf2e4-ad97-40d4-80c3-6a50f82e6a65@group-3B3F94B40EC3-SegmentedRaftLogWorker: created new log segment /home/runner/work/ozone/ozone/hadoop-ozone/integration-test/target/test-dir/MiniOzoneClusterImpl-2cdd5cd5-9c4c-463f-a193-9ffbc37dc237/ozone-meta/datanode-1/ratis/232cd721-934f-49df-8d20-3b3f94b40ec3/current/log_inprogress_0
2024-04-29 10:06:30,619 [22afc6ef-83d9-42e2-a783-8bf224581d75-server-thread3] INFO  server.RaftServer$Division (ServerState.java:setRaftConf(386)) - 22afc6ef-83d9-42e2-a783-8bf224581d75@group-3B3F94B40EC3: set configuration 0: peers:[a7d28670-f9d1-457c-83f3-4caf0bab89df|127.0.0.1:15388, 22afc6ef-83d9-42e2-a783-8bf224581d75|127.0.0.1:15379, 375cf2e4-ad97-40d4-80c3-6a50f82e6a65|127.0.0.1:15370]|listeners:[], old=null
2024-04-29 10:06:30,619 [a7d28670-f9d1-457c-83f3-4caf0bab89df-server-thread2] INFO  server.RaftServer$Division (ServerState.java:setRaftConf(386)) - a7d28670-f9d1-457c-83f3-4caf0bab89df@group-3B3F94B40EC3: set configuration 0: peers:[a7d28670-f9d1-457c-83f3-4caf0bab89df|127.0.0.1:15388, 22afc6ef-83d9-42e2-a783-8bf224581d75|127.0.0.1:15379, 375cf2e4-ad97-40d4-80c3-6a50f82e6a65|127.0.0.1:15370]|listeners:[], old=null
2024-04-29 10:06:30,619 [a7d28670-f9d1-457c-83f3-4caf0bab89df-server-thread2] INFO  segmented.SegmentedRaftLogWorker (SegmentedRaftLogWorker.java:startLogSegment(430)) - a7d28670-f9d1-457c-83f3-4caf0bab89df@group-3B3F94B40EC3-SegmentedRaftLogWorker: Starting segment from index:0
2024-04-29 10:06:30,619 [22afc6ef-83d9-42e2-a783-8bf224581d75-server-thread3] INFO  segmented.SegmentedRaftLogWorker (SegmentedRaftLogWorker.java:startLogSegment(430)) - 22afc6ef-83d9-42e2-a783-8bf224581d75@group-3B3F94B40EC3-SegmentedRaftLogWorker: Starting segment from index:0
2024-04-29 10:06:30,619 [22afc6ef-83d9-42e2-a783-8bf224581d75@group-3B3F94B40EC3-SegmentedRaftLogWorker] INFO  segmented.BufferedWriteChannel (BufferedWriteChannel.java:open(62)) - open log_inprogress_0 at position 0
2024-04-29 10:06:30,619 [a7d28670-f9d1-457c-83f3-4caf0bab89df@group-3B3F94B40EC3-SegmentedRaftLogWorker] INFO  segmented.BufferedWriteChannel (BufferedWriteChannel.java:open(62)) - open log_inprogress_0 at position 0
2024-04-29 10:06:30,627 [375cf2e4-ad97-40d4-80c3-6a50f82e6a65@group-FD0516444208-FollowerState] INFO  impl.FollowerState (FollowerState.java:run(143)) - 375cf2e4-ad97-40d4-80c3-6a50f82e6a65@group-FD0516444208-FollowerState: change to CANDIDATE, lastRpcElapsedTime:5092923340ns, electionTimeout:5092ms
2024-04-29 10:06:30,627 [375cf2e4-ad97-40d4-80c3-6a50f82e6a65@group-FD0516444208-FollowerState] INFO  impl.RoleInfo (RoleInfo.java:shutdownFollowerState(110)) - 375cf2e4-ad97-40d4-80c3-6a50f82e6a65: shutdown 375cf2e4-ad97-40d4-80c3-6a50f82e6a65@group-FD0516444208-FollowerState
2024-04-29 10:06:30,627 [375cf2e4-ad97-40d4-80c3-6a50f82e6a65@group-FD0516444208-FollowerState] INFO  server.RaftServer$Division (RaftServerImpl.java:setRole(383)) - 375cf2e4-ad97-40d4-80c3-6a50f82e6a65@group-FD0516444208: changes role from  FOLLOWER to CANDIDATE at term 0 for changeToCandidate
2024-04-29 10:06:30,627 [375cf2e4-ad97-40d4-80c3-6a50f82e6a65@group-FD0516444208-FollowerState] INFO  server.RaftServerConfigKeys (ConfUtils.java:logGet(46)) - raft.server.leaderelection.pre-vote = true (default)
2024-04-29 10:06:30,627 [375cf2e4-ad97-40d4-80c3-6a50f82e6a65@group-FD0516444208-FollowerState] INFO  impl.RoleInfo (RoleInfo.java:updateAndGet(139)) - 375cf2e4-ad97-40d4-80c3-6a50f82e6a65: start 375cf2e4-ad97-40d4-80c3-6a50f82e6a65@group-FD0516444208-LeaderElection66
2024-04-29 10:06:30,627 [375cf2e4-ad97-40d4-80c3-6a50f82e6a65@group-FD0516444208-LeaderElection66] INFO  impl.LeaderElection (LeaderElection.java:askForVotes(321)) - 375cf2e4-ad97-40d4-80c3-6a50f82e6a65@group-FD0516444208-LeaderElection66 PRE_VOTE round 0: submit vote requests at term 0 for -1: peers:[375cf2e4-ad97-40d4-80c3-6a50f82e6a65|127.0.0.1:15370]|listeners:[], old=null
2024-04-29 10:06:30,627 [375cf2e4-ad97-40d4-80c3-6a50f82e6a65@group-FD0516444208-LeaderElection66] INFO  impl.LeaderElection (LeaderElection.java:askForVotes(323)) - 375cf2e4-ad97-40d4-80c3-6a50f82e6a65@group-FD0516444208-LeaderElection66 PRE_VOTE round 0: result PASSED (term=0)
2024-04-29 10:06:30,629 [22afc6ef-83d9-42e2-a783-8bf224581d75@group-3B3F94B40EC3-SegmentedRaftLogWorker] INFO  segmented.SegmentedRaftLogWorker (SegmentedRaftLogWorker.java:execute(634)) - 22afc6ef-83d9-42e2-a783-8bf224581d75@group-3B3F94B40EC3-SegmentedRaftLogWorker: created new log segment /home/runner/work/ozone/ozone/hadoop-ozone/integration-test/target/test-dir/MiniOzoneClusterImpl-2cdd5cd5-9c4c-463f-a193-9ffbc37dc237/ozone-meta/datanode-2/ratis/232cd721-934f-49df-8d20-3b3f94b40ec3/current/log_inprogress_0
2024-04-29 10:06:30,629 [a7d28670-f9d1-457c-83f3-4caf0bab89df@group-3B3F94B40EC3-SegmentedRaftLogWorker] INFO  segmented.SegmentedRaftLogWorker (SegmentedRaftLogWorker.java:execute(634)) - a7d28670-f9d1-457c-83f3-4caf0bab89df@group-3B3F94B40EC3-SegmentedRaftLogWorker: created new log segment /home/runner/work/ozone/ozone/hadoop-ozone/integration-test/target/test-dir/MiniOzoneClusterImpl-2cdd5cd5-9c4c-463f-a193-9ffbc37dc237/ozone-meta/datanode-3/ratis/232cd721-934f-49df-8d20-3b3f94b40ec3/current/log_inprogress_0
2024-04-29 10:06:30,630 [375cf2e4-ad97-40d4-80c3-6a50f82e6a65@group-FD0516444208-LeaderElection66] INFO  impl.LeaderElection (LeaderElection.java:askForVotes(321)) - 375cf2e4-ad97-40d4-80c3-6a50f82e6a65@group-FD0516444208-LeaderElection66 ELECTION round 0: submit vote requests at term 1 for -1: peers:[375cf2e4-ad97-40d4-80c3-6a50f82e6a65|127.0.0.1:15370]|listeners:[], old=null
2024-04-29 10:06:30,630 [375cf2e4-ad97-40d4-80c3-6a50f82e6a65@group-FD0516444208-LeaderElection66] INFO  impl.LeaderElection (LeaderElection.java:askForVotes(323)) - 375cf2e4-ad97-40d4-80c3-6a50f82e6a65@group-FD0516444208-LeaderElection66 ELECTION round 0: result PASSED (term=1)
2024-04-29 10:06:30,630 [375cf2e4-ad97-40d4-80c3-6a50f82e6a65@group-FD0516444208-LeaderElection66] INFO  impl.RoleInfo (RoleInfo.java:shutdownLeaderElection(130)) - 375cf2e4-ad97-40d4-80c3-6a50f82e6a65: shutdown 375cf2e4-ad97-40d4-80c3-6a50f82e6a65@group-FD0516444208-LeaderElection66
2024-04-29 10:06:30,631 [375cf2e4-ad97-40d4-80c3-6a50f82e6a65@group-FD0516444208-LeaderElection66] INFO  server.RaftServer$Division (RaftServerImpl.java:setRole(383)) - 375cf2e4-ad97-40d4-80c3-6a50f82e6a65@group-FD0516444208: changes role from CANDIDATE to LEADER at term 1 for changeToLeader
2024-04-29 10:06:30,631 [375cf2e4-ad97-40d4-80c3-6a50f82e6a65@group-FD0516444208-LeaderElection66] INFO  server.RaftServerConfigKeys (ConfUtils.java:logGet(46)) - raft.server.staging.catchup.gap = 1000 (default)
2024-04-29 10:06:30,631 [375cf2e4-ad97-40d4-80c3-6a50f82e6a65@group-FD0516444208-LeaderElection66] INFO  server.RaftServerConfigKeys (ConfUtils.java:logGet(46)) - raft.server.write.element-limit = 1024 (custom)
2024-04-29 10:06:30,631 [375cf2e4-ad97-40d4-80c3-6a50f82e6a65@group-FD0516444208-LeaderElection66] INFO  server.RaftServerConfigKeys (ConfUtils.java:logGet(46)) - raft.server.write.byte-limit = 1024 M (=1073741824) (custom)
2024-04-29 10:06:30,631 [375cf2e4-ad97-40d4-80c3-6a50f82e6a65@group-FD0516444208-LeaderElection66] INFO  server.RaftServerConfigKeys (ConfUtils.java:logGet(46)) - raft.server.watch.timeout = 3000ms (custom)
2024-04-29 10:06:30,631 [375cf2e4-ad97-40d4-80c3-6a50f82e6a65@group-FD0516444208-LeaderElection66] INFO  server.RaftServerConfigKeys (ConfUtils.java:logGet(46)) - raft.server.watch.timeout.denomination = 1s (default)
2024-04-29 10:06:30,632 [375cf2e4-ad97-40d4-80c3-6a50f82e6a65@group-FD0516444208-LeaderElection66] INFO  server.RaftServerConfigKeys (ConfUtils.java:logGet(46)) - raft.server.watch.element-limit = 65536 (default)
2024-04-29 10:06:30,632 [375cf2e4-ad97-40d4-80c3-6a50f82e6a65@group-FD0516444208-LeaderElection66] INFO  server.RaftServerConfigKeys (ConfUtils.java:logGet(46)) - raft.server.read.leader.lease.enabled = false (default)
2024-04-29 10:06:30,632 [375cf2e4-ad97-40d4-80c3-6a50f82e6a65@group-FD0516444208-LeaderElection66] INFO  server.RaftServerConfigKeys (ConfUtils.java:logGet(46)) - raft.server.read.leader.lease.timeout.ratio = 0.9 (default)
2024-04-29 10:06:30,632 [375cf2e4-ad97-40d4-80c3-6a50f82e6a65@group-FD0516444208-LeaderElection66] INFO  server.RaftServerConfigKeys (ConfUtils.java:logGet(46)) - raft.server.rpc.timeout.min = 5s (custom)
2024-04-29 10:06:30,632 [375cf2e4-ad97-40d4-80c3-6a50f82e6a65@group-FD0516444208-LeaderElection66] INFO  server.RaftServerConfigKeys (ConfUtils.java:logGet(46)) - raft.server.write.element-limit = 1024 (custom)
2024-04-29 10:06:30,632 [375cf2e4-ad97-40d4-80c3-6a50f82e6a65@group-FD0516444208-LeaderElection66] INFO  server.RaftServerConfigKeys (ConfUtils.java:logGet(46)) - raft.server.write.follower.gap.ratio.max = -1.0 (default)
2024-04-29 10:06:30,632 [375cf2e4-ad97-40d4-80c3-6a50f82e6a65@group-FD0516444208-LeaderElection66] INFO  impl.RoleInfo (RoleInfo.java:updateAndGet(139)) - 375cf2e4-ad97-40d4-80c3-6a50f82e6a65: start 375cf2e4-ad97-40d4-80c3-6a50f82e6a65@group-FD0516444208-LeaderStateImpl
2024-04-29 10:06:30,632 [375cf2e4-ad97-40d4-80c3-6a50f82e6a65@group-FD0516444208-LeaderElection66] INFO  server.RaftServer$Division (RaftServerImpl.java:setFirstElection(574)) - 375cf2e4-ad97-40d4-80c3-6a50f82e6a65@group-FD0516444208: set firstElectionSinceStartup to false for becomeLeader
2024-04-29 10:06:30,632 [375cf2e4-ad97-40d4-80c3-6a50f82e6a65@group-FD0516444208-LeaderElection66] INFO  ratis.XceiverServerRatis (XceiverServerRatis.java:handleLeaderChangedNotification(966)) - Leader change notification received for group: group-FD0516444208 with new leaderId: 375cf2e4-ad97-40d4-80c3-6a50f82e6a65
2024-04-29 10:06:30,632 [375cf2e4-ad97-40d4-80c3-6a50f82e6a65@group-FD0516444208-LeaderElection66] INFO  server.RaftServer$Division (ServerState.java:setLeader(269)) - 375cf2e4-ad97-40d4-80c3-6a50f82e6a65@group-FD0516444208: change Leader from null to 375cf2e4-ad97-40d4-80c3-6a50f82e6a65 at term 1 for becomeLeader, leader elected after 5109ms
2024-04-29 10:06:30,633 [375cf2e4-ad97-40d4-80c3-6a50f82e6a65@group-FD0516444208-LeaderElection66] INFO  segmented.SegmentedRaftLogWorker (SegmentedRaftLogWorker.java:startLogSegment(430)) - 375cf2e4-ad97-40d4-80c3-6a50f82e6a65@group-FD0516444208-SegmentedRaftLogWorker: Starting segment from index:0
2024-04-29 10:06:30,633 [375cf2e4-ad97-40d4-80c3-6a50f82e6a65@group-FD0516444208-SegmentedRaftLogWorker] INFO  segmented.BufferedWriteChannel (BufferedWriteChannel.java:open(62)) - open log_inprogress_0 at position 0
2024-04-29 10:06:30,634 [375cf2e4-ad97-40d4-80c3-6a50f82e6a65@group-FD0516444208-LeaderElection66] INFO  server.RaftServer$Division (ServerState.java:setRaftConf(386)) - 375cf2e4-ad97-40d4-80c3-6a50f82e6a65@group-FD0516444208: set configuration 0: peers:[375cf2e4-ad97-40d4-80c3-6a50f82e6a65|127.0.0.1:15370]|listeners:[], old=null
2024-04-29 10:06:30,634 [375cf2e4-ad97-40d4-80c3-6a50f82e6a65@group-3B3F94B40EC3-StateMachineUpdater] INFO  server.RaftServer$Division (LeaderStateImpl.java:isApplied(320)) - leader is ready since appliedIndex == 0 >= startIndex == 0
2024-04-29 10:06:30,641 [375cf2e4-ad97-40d4-80c3-6a50f82e6a65@group-FD0516444208-SegmentedRaftLogWorker] INFO  segmented.SegmentedRaftLogWorker (SegmentedRaftLogWorker.java:execute(634)) - 375cf2e4-ad97-40d4-80c3-6a50f82e6a65@group-FD0516444208-SegmentedRaftLogWorker: created new log segment /home/runner/work/ozone/ozone/hadoop-ozone/integration-test/target/test-dir/MiniOzoneClusterImpl-2cdd5cd5-9c4c-463f-a193-9ffbc37dc237/ozone-meta/datanode-1/ratis/55d3d81b-35d3-4073-9585-fd0516444208/current/log_inprogress_0
2024-04-29 10:06:30,642 [375cf2e4-ad97-40d4-80c3-6a50f82e6a65@group-FD0516444208-StateMachineUpdater] INFO  server.RaftServer$Division (LeaderStateImpl.java:isApplied(320)) - leader is ready since appliedIndex == 0 >= startIndex == 0
2024-04-29 10:06:30,696 [22afc6ef-83d9-42e2-a783-8bf224581d75@group-441D7B4FAA17-FollowerState] INFO  impl.FollowerState (FollowerState.java:run(143)) - 22afc6ef-83d9-42e2-a783-8bf224581d75@group-441D7B4FAA17-FollowerState: change to CANDIDATE, lastRpcElapsedTime:5099863234ns, electionTimeout:5099ms
2024-04-29 10:06:30,696 [22afc6ef-83d9-42e2-a783-8bf224581d75@group-441D7B4FAA17-FollowerState] INFO  impl.RoleInfo (RoleInfo.java:shutdownFollowerState(110)) - 22afc6ef-83d9-42e2-a783-8bf224581d75: shutdown 22afc6ef-83d9-42e2-a783-8bf224581d75@group-441D7B4FAA17-FollowerState
2024-04-29 10:06:30,696 [22afc6ef-83d9-42e2-a783-8bf224581d75@group-441D7B4FAA17-FollowerState] INFO  server.RaftServer$Division (RaftServerImpl.java:setRole(383)) - 22afc6ef-83d9-42e2-a783-8bf224581d75@group-441D7B4FAA17: changes role from  FOLLOWER to CANDIDATE at term 0 for changeToCandidate
2024-04-29 10:06:30,696 [22afc6ef-83d9-42e2-a783-8bf224581d75@group-441D7B4FAA17-FollowerState] INFO  server.RaftServerConfigKeys (ConfUtils.java:logGet(46)) - raft.server.leaderelection.pre-vote = true (default)
2024-04-29 10:06:30,696 [22afc6ef-83d9-42e2-a783-8bf224581d75@group-441D7B4FAA17-FollowerState] INFO  impl.RoleInfo (RoleInfo.java:updateAndGet(139)) - 22afc6ef-83d9-42e2-a783-8bf224581d75: start 22afc6ef-83d9-42e2-a783-8bf224581d75@group-441D7B4FAA17-LeaderElection67
2024-04-29 10:06:30,696 [22afc6ef-83d9-42e2-a783-8bf224581d75@group-441D7B4FAA17-LeaderElection67] INFO  impl.LeaderElection (LeaderElection.java:askForVotes(321)) - 22afc6ef-83d9-42e2-a783-8bf224581d75@group-441D7B4FAA17-LeaderElection67 PRE_VOTE round 0: submit vote requests at term 0 for -1: peers:[22afc6ef-83d9-42e2-a783-8bf224581d75|127.0.0.1:15379]|listeners:[], old=null
2024-04-29 10:06:30,697 [22afc6ef-83d9-42e2-a783-8bf224581d75@group-441D7B4FAA17-LeaderElection67] INFO  impl.LeaderElection (LeaderElection.java:askForVotes(323)) - 22afc6ef-83d9-42e2-a783-8bf224581d75@group-441D7B4FAA17-LeaderElection67 PRE_VOTE round 0: result PASSED (term=0)
2024-04-29 10:06:30,698 [22afc6ef-83d9-42e2-a783-8bf224581d75@group-441D7B4FAA17-LeaderElection67] INFO  impl.LeaderElection (LeaderElection.java:askForVotes(321)) - 22afc6ef-83d9-42e2-a783-8bf224581d75@group-441D7B4FAA17-LeaderElection67 ELECTION round 0: submit vote requests at term 1 for -1: peers:[22afc6ef-83d9-42e2-a783-8bf224581d75|127.0.0.1:15379]|listeners:[], old=null
2024-04-29 10:06:30,698 [22afc6ef-83d9-42e2-a783-8bf224581d75@group-441D7B4FAA17-LeaderElection67] INFO  impl.LeaderElection (LeaderElection.java:askForVotes(323)) - 22afc6ef-83d9-42e2-a783-8bf224581d75@group-441D7B4FAA17-LeaderElection67 ELECTION round 0: result PASSED (term=1)
2024-04-29 10:06:30,698 [22afc6ef-83d9-42e2-a783-8bf224581d75@group-441D7B4FAA17-LeaderElection67] INFO  impl.RoleInfo (RoleInfo.java:shutdownLeaderElection(130)) - 22afc6ef-83d9-42e2-a783-8bf224581d75: shutdown 22afc6ef-83d9-42e2-a783-8bf224581d75@group-441D7B4FAA17-LeaderElection67
2024-04-29 10:06:30,698 [22afc6ef-83d9-42e2-a783-8bf224581d75@group-441D7B4FAA17-LeaderElection67] INFO  server.RaftServer$Division (RaftServerImpl.java:setRole(383)) - 22afc6ef-83d9-42e2-a783-8bf224581d75@group-441D7B4FAA17: changes role from CANDIDATE to LEADER at term 1 for changeToLeader
2024-04-29 10:06:30,698 [22afc6ef-83d9-42e2-a783-8bf224581d75@group-441D7B4FAA17-LeaderElection67] INFO  server.RaftServerConfigKeys (ConfUtils.java:logGet(46)) - raft.server.staging.catchup.gap = 1000 (default)
2024-04-29 10:06:30,698 [22afc6ef-83d9-42e2-a783-8bf224581d75@group-441D7B4FAA17-LeaderElection67] INFO  server.RaftServerConfigKeys (ConfUtils.java:logGet(46)) - raft.server.write.element-limit = 1024 (custom)
2024-04-29 10:06:30,698 [22afc6ef-83d9-42e2-a783-8bf224581d75@group-441D7B4FAA17-LeaderElection67] INFO  server.RaftServerConfigKeys (ConfUtils.java:logGet(46)) - raft.server.write.byte-limit = 1024 M (=1073741824) (custom)
2024-04-29 10:06:30,698 [22afc6ef-83d9-42e2-a783-8bf224581d75@group-441D7B4FAA17-LeaderElection67] INFO  server.RaftServerConfigKeys (ConfUtils.java:logGet(46)) - raft.server.watch.timeout = 3000ms (custom)
2024-04-29 10:06:30,698 [22afc6ef-83d9-42e2-a783-8bf224581d75@group-441D7B4FAA17-LeaderElection67] INFO  server.RaftServerConfigKeys (ConfUtils.java:logGet(46)) - raft.server.watch.timeout.denomination = 1s (default)
2024-04-29 10:06:30,698 [22afc6ef-83d9-42e2-a783-8bf224581d75@group-441D7B4FAA17-LeaderElection67] INFO  server.RaftServerConfigKeys (ConfUtils.java:logGet(46)) - raft.server.watch.element-limit = 65536 (default)
2024-04-29 10:06:30,698 [22afc6ef-83d9-42e2-a783-8bf224581d75@group-441D7B4FAA17-LeaderElection67] INFO  server.RaftServerConfigKeys (ConfUtils.java:logGet(46)) - raft.server.read.leader.lease.enabled = false (default)
2024-04-29 10:06:30,699 [22afc6ef-83d9-42e2-a783-8bf224581d75@group-441D7B4FAA17-LeaderElection67] INFO  server.RaftServerConfigKeys (ConfUtils.java:logGet(46)) - raft.server.read.leader.lease.timeout.ratio = 0.9 (default)
2024-04-29 10:06:30,699 [22afc6ef-83d9-42e2-a783-8bf224581d75@group-441D7B4FAA17-LeaderElection67] INFO  server.RaftServerConfigKeys (ConfUtils.java:logGet(46)) - raft.server.rpc.timeout.min = 5s (custom)
2024-04-29 10:06:30,699 [22afc6ef-83d9-42e2-a783-8bf224581d75@group-441D7B4FAA17-LeaderElection67] INFO  server.RaftServerConfigKeys (ConfUtils.java:logGet(46)) - raft.server.write.element-limit = 1024 (custom)
2024-04-29 10:06:30,699 [22afc6ef-83d9-42e2-a783-8bf224581d75@group-441D7B4FAA17-LeaderElection67] INFO  server.RaftServerConfigKeys (ConfUtils.java:logGet(46)) - raft.server.write.follower.gap.ratio.max = -1.0 (default)
2024-04-29 10:06:30,699 [22afc6ef-83d9-42e2-a783-8bf224581d75@group-441D7B4FAA17-LeaderElection67] INFO  impl.RoleInfo (RoleInfo.java:updateAndGet(139)) - 22afc6ef-83d9-42e2-a783-8bf224581d75: start 22afc6ef-83d9-42e2-a783-8bf224581d75@group-441D7B4FAA17-LeaderStateImpl
2024-04-29 10:06:30,699 [22afc6ef-83d9-42e2-a783-8bf224581d75@group-441D7B4FAA17-LeaderElection67] INFO  server.RaftServer$Division (RaftServerImpl.java:setFirstElection(574)) - 22afc6ef-83d9-42e2-a783-8bf224581d75@group-441D7B4FAA17: set firstElectionSinceStartup to false for becomeLeader
2024-04-29 10:06:30,699 [22afc6ef-83d9-42e2-a783-8bf224581d75@group-441D7B4FAA17-LeaderElection67] INFO  ratis.XceiverServerRatis (XceiverServerRatis.java:handleLeaderChangedNotification(966)) - Leader change notification received for group: group-441D7B4FAA17 with new leaderId: 22afc6ef-83d9-42e2-a783-8bf224581d75
2024-04-29 10:06:30,699 [22afc6ef-83d9-42e2-a783-8bf224581d75@group-441D7B4FAA17-LeaderElection67] INFO  server.RaftServer$Division (ServerState.java:setLeader(269)) - 22afc6ef-83d9-42e2-a783-8bf224581d75@group-441D7B4FAA17: change Leader from null to 22afc6ef-83d9-42e2-a783-8bf224581d75 at term 1 for becomeLeader, leader elected after 5111ms
2024-04-29 10:06:30,699 [22afc6ef-83d9-42e2-a783-8bf224581d75@group-441D7B4FAA17-LeaderElection67] INFO  segmented.SegmentedRaftLogWorker (SegmentedRaftLogWorker.java:startLogSegment(430)) - 22afc6ef-83d9-42e2-a783-8bf224581d75@group-441D7B4FAA17-SegmentedRaftLogWorker: Starting segment from index:0
2024-04-29 10:06:30,699 [22afc6ef-83d9-42e2-a783-8bf224581d75@group-441D7B4FAA17-LeaderElection67] INFO  server.RaftServer$Division (ServerState.java:setRaftConf(386)) - 22afc6ef-83d9-42e2-a783-8bf224581d75@group-441D7B4FAA17: set configuration 0: peers:[22afc6ef-83d9-42e2-a783-8bf224581d75|127.0.0.1:15379]|listeners:[], old=null
2024-04-29 10:06:30,699 [22afc6ef-83d9-42e2-a783-8bf224581d75@group-441D7B4FAA17-SegmentedRaftLogWorker] INFO  segmented.BufferedWriteChannel (BufferedWriteChannel.java:open(62)) - open log_inprogress_0 at position 0
2024-04-29 10:06:30,706 [22afc6ef-83d9-42e2-a783-8bf224581d75@group-441D7B4FAA17-SegmentedRaftLogWorker] INFO  segmented.SegmentedRaftLogWorker (SegmentedRaftLogWorker.java:execute(634)) - 22afc6ef-83d9-42e2-a783-8bf224581d75@group-441D7B4FAA17-SegmentedRaftLogWorker: created new log segment /home/runner/work/ozone/ozone/hadoop-ozone/integration-test/target/test-dir/MiniOzoneClusterImpl-2cdd5cd5-9c4c-463f-a193-9ffbc37dc237/ozone-meta/datanode-2/ratis/dcc051ae-9701-4807-b1c4-441d7b4faa17/current/log_inprogress_0
2024-04-29 10:06:30,708 [22afc6ef-83d9-42e2-a783-8bf224581d75@group-441D7B4FAA17-StateMachineUpdater] INFO  server.RaftServer$Division (LeaderStateImpl.java:isApplied(320)) - leader is ready since appliedIndex == 0 >= startIndex == 0
2024-04-29 10:06:30,735 [a7d28670-f9d1-457c-83f3-4caf0bab89df@group-146B84FB1A91-FollowerState] INFO  impl.FollowerState (FollowerState.java:run(143)) - a7d28670-f9d1-457c-83f3-4caf0bab89df@group-146B84FB1A91-FollowerState: change to CANDIDATE, lastRpcElapsedTime:5076874666ns, electionTimeout:5076ms
2024-04-29 10:06:30,735 [a7d28670-f9d1-457c-83f3-4caf0bab89df@group-146B84FB1A91-FollowerState] INFO  impl.RoleInfo (RoleInfo.java:shutdownFollowerState(110)) - a7d28670-f9d1-457c-83f3-4caf0bab89df: shutdown a7d28670-f9d1-457c-83f3-4caf0bab89df@group-146B84FB1A91-FollowerState
2024-04-29 10:06:30,735 [a7d28670-f9d1-457c-83f3-4caf0bab89df@group-146B84FB1A91-FollowerState] INFO  server.RaftServer$Division (RaftServerImpl.java:setRole(383)) - a7d28670-f9d1-457c-83f3-4caf0bab89df@group-146B84FB1A91: changes role from  FOLLOWER to CANDIDATE at term 0 for changeToCandidate
2024-04-29 10:06:30,735 [a7d28670-f9d1-457c-83f3-4caf0bab89df@group-146B84FB1A91-FollowerState] INFO  server.RaftServerConfigKeys (ConfUtils.java:logGet(46)) - raft.server.leaderelection.pre-vote = true (default)
2024-04-29 10:06:30,735 [a7d28670-f9d1-457c-83f3-4caf0bab89df@group-146B84FB1A91-FollowerState] INFO  impl.RoleInfo (RoleInfo.java:updateAndGet(139)) - a7d28670-f9d1-457c-83f3-4caf0bab89df: start a7d28670-f9d1-457c-83f3-4caf0bab89df@group-146B84FB1A91-LeaderElection68
2024-04-29 10:06:30,735 [a7d28670-f9d1-457c-83f3-4caf0bab89df@group-146B84FB1A91-LeaderElection68] INFO  impl.LeaderElection (LeaderElection.java:askForVotes(321)) - a7d28670-f9d1-457c-83f3-4caf0bab89df@group-146B84FB1A91-LeaderElection68 PRE_VOTE round 0: submit vote requests at term 0 for -1: peers:[a7d28670-f9d1-457c-83f3-4caf0bab89df|127.0.0.1:15388]|listeners:[], old=null
2024-04-29 10:06:30,735 [a7d28670-f9d1-457c-83f3-4caf0bab89df@group-146B84FB1A91-LeaderElection68] INFO  impl.LeaderElection (LeaderElection.java:askForVotes(323)) - a7d28670-f9d1-457c-83f3-4caf0bab89df@group-146B84FB1A91-LeaderElection68 PRE_VOTE round 0: result PASSED (term=0)
2024-04-29 10:06:30,736 [a7d28670-f9d1-457c-83f3-4caf0bab89df@group-146B84FB1A91-LeaderElection68] INFO  impl.LeaderElection (LeaderElection.java:askForVotes(321)) - a7d28670-f9d1-457c-83f3-4caf0bab89df@group-146B84FB1A91-LeaderElection68 ELECTION round 0: submit vote requests at term 1 for -1: peers:[a7d28670-f9d1-457c-83f3-4caf0bab89df|127.0.0.1:15388]|listeners:[], old=null
2024-04-29 10:06:30,736 [a7d28670-f9d1-457c-83f3-4caf0bab89df@group-146B84FB1A91-LeaderElection68] INFO  impl.LeaderElection (LeaderElection.java:askForVotes(323)) - a7d28670-f9d1-457c-83f3-4caf0bab89df@group-146B84FB1A91-LeaderElection68 ELECTION round 0: result PASSED (term=1)
2024-04-29 10:06:30,737 [a7d28670-f9d1-457c-83f3-4caf0bab89df@group-146B84FB1A91-LeaderElection68] INFO  impl.RoleInfo (RoleInfo.java:shutdownLeaderElection(130)) - a7d28670-f9d1-457c-83f3-4caf0bab89df: shutdown a7d28670-f9d1-457c-83f3-4caf0bab89df@group-146B84FB1A91-LeaderElection68
2024-04-29 10:06:30,737 [a7d28670-f9d1-457c-83f3-4caf0bab89df@group-146B84FB1A91-LeaderElection68] INFO  server.RaftServer$Division (RaftServerImpl.java:setRole(383)) - a7d28670-f9d1-457c-83f3-4caf0bab89df@group-146B84FB1A91: changes role from CANDIDATE to LEADER at term 1 for changeToLeader
2024-04-29 10:06:30,737 [a7d28670-f9d1-457c-83f3-4caf0bab89df@group-146B84FB1A91-LeaderElection68] INFO  server.RaftServerConfigKeys (ConfUtils.java:logGet(46)) - raft.server.staging.catchup.gap = 1000 (default)
2024-04-29 10:06:30,737 [a7d28670-f9d1-457c-83f3-4caf0bab89df@group-146B84FB1A91-LeaderElection68] INFO  server.RaftServerConfigKeys (ConfUtils.java:logGet(46)) - raft.server.write.element-limit = 1024 (custom)
2024-04-29 10:06:30,737 [a7d28670-f9d1-457c-83f3-4caf0bab89df@group-146B84FB1A91-LeaderElection68] INFO  server.RaftServerConfigKeys (ConfUtils.java:logGet(46)) - raft.server.write.byte-limit = 1024 M (=1073741824) (custom)
2024-04-29 10:06:30,737 [a7d28670-f9d1-457c-83f3-4caf0bab89df@group-146B84FB1A91-LeaderElection68] INFO  server.RaftServerConfigKeys (ConfUtils.java:logGet(46)) - raft.server.watch.timeout = 3000ms (custom)
2024-04-29 10:06:30,737 [a7d28670-f9d1-457c-83f3-4caf0bab89df@group-146B84FB1A91-LeaderElection68] INFO  server.RaftServerConfigKeys (ConfUtils.java:logGet(46)) - raft.server.watch.timeout.denomination = 1s (default)
2024-04-29 10:06:30,737 [a7d28670-f9d1-457c-83f3-4caf0bab89df@group-146B84FB1A91-LeaderElection68] INFO  server.RaftServerConfigKeys (ConfUtils.java:logGet(46)) - raft.server.watch.element-limit = 65536 (default)
2024-04-29 10:06:30,737 [a7d28670-f9d1-457c-83f3-4caf0bab89df@group-146B84FB1A91-LeaderElection68] INFO  server.RaftServerConfigKeys (ConfUtils.java:logGet(46)) - raft.server.read.leader.lease.enabled = false (default)
2024-04-29 10:06:30,737 [a7d28670-f9d1-457c-83f3-4caf0bab89df@group-146B84FB1A91-LeaderElection68] INFO  server.RaftServerConfigKeys (ConfUtils.java:logGet(46)) - raft.server.read.leader.lease.timeout.ratio = 0.9 (default)
2024-04-29 10:06:30,737 [a7d28670-f9d1-457c-83f3-4caf0bab89df@group-146B84FB1A91-LeaderElection68] INFO  server.RaftServerConfigKeys (ConfUtils.java:logGet(46)) - raft.server.rpc.timeout.min = 5s (custom)
2024-04-29 10:06:30,738 [a7d28670-f9d1-457c-83f3-4caf0bab89df@group-146B84FB1A91-LeaderElection68] INFO  server.RaftServerConfigKeys (ConfUtils.java:logGet(46)) - raft.server.write.element-limit = 1024 (custom)
2024-04-29 10:06:30,738 [a7d28670-f9d1-457c-83f3-4caf0bab89df@group-146B84FB1A91-LeaderElection68] INFO  server.RaftServerConfigKeys (ConfUtils.java:logGet(46)) - raft.server.write.follower.gap.ratio.max = -1.0 (default)
2024-04-29 10:06:30,738 [a7d28670-f9d1-457c-83f3-4caf0bab89df@group-146B84FB1A91-LeaderElection68] INFO  impl.RoleInfo (RoleInfo.java:updateAndGet(139)) - a7d28670-f9d1-457c-83f3-4caf0bab89df: start a7d28670-f9d1-457c-83f3-4caf0bab89df@group-146B84FB1A91-LeaderStateImpl
2024-04-29 10:06:30,738 [a7d28670-f9d1-457c-83f3-4caf0bab89df@group-146B84FB1A91-LeaderElection68] INFO  server.RaftServer$Division (RaftServerImpl.java:setFirstElection(574)) - a7d28670-f9d1-457c-83f3-4caf0bab89df@group-146B84FB1A91: set firstElectionSinceStartup to false for becomeLeader
2024-04-29 10:06:30,738 [a7d28670-f9d1-457c-83f3-4caf0bab89df@group-146B84FB1A91-LeaderElection68] INFO  ratis.XceiverServerRatis (XceiverServerRatis.java:handleLeaderChangedNotification(966)) - Leader change notification received for group: group-146B84FB1A91 with new leaderId: a7d28670-f9d1-457c-83f3-4caf0bab89df
2024-04-29 10:06:30,738 [a7d28670-f9d1-457c-83f3-4caf0bab89df@group-146B84FB1A91-LeaderElection68] INFO  server.RaftServer$Division (ServerState.java:setLeader(269)) - a7d28670-f9d1-457c-83f3-4caf0bab89df@group-146B84FB1A91: change Leader from null to a7d28670-f9d1-457c-83f3-4caf0bab89df at term 1 for becomeLeader, leader elected after 5089ms
2024-04-29 10:06:30,738 [a7d28670-f9d1-457c-83f3-4caf0bab89df@group-146B84FB1A91-LeaderElection68] INFO  segmented.SegmentedRaftLogWorker (SegmentedRaftLogWorker.java:startLogSegment(430)) - a7d28670-f9d1-457c-83f3-4caf0bab89df@group-146B84FB1A91-SegmentedRaftLogWorker: Starting segment from index:0
2024-04-29 10:06:30,738 [a7d28670-f9d1-457c-83f3-4caf0bab89df@group-146B84FB1A91-LeaderElection68] INFO  server.RaftServer$Division (ServerState.java:setRaftConf(386)) - a7d28670-f9d1-457c-83f3-4caf0bab89df@group-146B84FB1A91: set configuration 0: peers:[a7d28670-f9d1-457c-83f3-4caf0bab89df|127.0.0.1:15388]|listeners:[], old=null
2024-04-29 10:06:30,738 [a7d28670-f9d1-457c-83f3-4caf0bab89df@group-146B84FB1A91-SegmentedRaftLogWorker] INFO  segmented.BufferedWriteChannel (BufferedWriteChannel.java:open(62)) - open log_inprogress_0 at position 0
2024-04-29 10:06:30,745 [a7d28670-f9d1-457c-83f3-4caf0bab89df@group-146B84FB1A91-SegmentedRaftLogWorker] INFO  segmented.SegmentedRaftLogWorker (SegmentedRaftLogWorker.java:execute(634)) - a7d28670-f9d1-457c-83f3-4caf0bab89df@group-146B84FB1A91-SegmentedRaftLogWorker: created new log segment /home/runner/work/ozone/ozone/hadoop-ozone/integration-test/target/test-dir/MiniOzoneClusterImpl-2cdd5cd5-9c4c-463f-a193-9ffbc37dc237/ozone-meta/datanode-3/ratis/51ab81b7-421b-4766-81fa-146b84fb1a91/current/log_inprogress_0
2024-04-29 10:06:30,746 [a7d28670-f9d1-457c-83f3-4caf0bab89df@group-146B84FB1A91-StateMachineUpdater] INFO  server.RaftServer$Division (LeaderStateImpl.java:isApplied(320)) - leader is ready since appliedIndex == 0 >= startIndex == 0
2024-04-29 10:06:30,838 [258cf687-9dbc-46c1-b255-600d670a4b6c@group-ADD0C83E6892-FollowerState] INFO  impl.FollowerState (FollowerState.java:run(143)) - 258cf687-9dbc-46c1-b255-600d670a4b6c@group-ADD0C83E6892-FollowerState: change to CANDIDATE, lastRpcElapsedTime:5128914537ns, electionTimeout:5128ms
2024-04-29 10:06:30,838 [258cf687-9dbc-46c1-b255-600d670a4b6c@group-ADD0C83E6892-FollowerState] INFO  impl.RoleInfo (RoleInfo.java:shutdownFollowerState(110)) - 258cf687-9dbc-46c1-b255-600d670a4b6c: shutdown 258cf687-9dbc-46c1-b255-600d670a4b6c@group-ADD0C83E6892-FollowerState
2024-04-29 10:06:30,838 [258cf687-9dbc-46c1-b255-600d670a4b6c@group-ADD0C83E6892-FollowerState] INFO  server.RaftServer$Division (RaftServerImpl.java:setRole(383)) - 258cf687-9dbc-46c1-b255-600d670a4b6c@group-ADD0C83E6892: changes role from  FOLLOWER to CANDIDATE at term 0 for changeToCandidate
2024-04-29 10:06:30,839 [258cf687-9dbc-46c1-b255-600d670a4b6c@group-ADD0C83E6892-FollowerState] INFO  server.RaftServerConfigKeys (ConfUtils.java:logGet(46)) - raft.server.leaderelection.pre-vote = true (default)
2024-04-29 10:06:30,839 [258cf687-9dbc-46c1-b255-600d670a4b6c@group-ADD0C83E6892-FollowerState] INFO  impl.RoleInfo (RoleInfo.java:updateAndGet(139)) - 258cf687-9dbc-46c1-b255-600d670a4b6c: start 258cf687-9dbc-46c1-b255-600d670a4b6c@group-ADD0C83E6892-LeaderElection69
2024-04-29 10:06:30,839 [258cf687-9dbc-46c1-b255-600d670a4b6c@group-ADD0C83E6892-LeaderElection69] INFO  impl.LeaderElection (LeaderElection.java:askForVotes(321)) - 258cf687-9dbc-46c1-b255-600d670a4b6c@group-ADD0C83E6892-LeaderElection69 PRE_VOTE round 0: submit vote requests at term 0 for -1: peers:[258cf687-9dbc-46c1-b255-600d670a4b6c|127.0.0.1:15397]|listeners:[], old=null
2024-04-29 10:06:30,839 [258cf687-9dbc-46c1-b255-600d670a4b6c@group-ADD0C83E6892-LeaderElection69] INFO  impl.LeaderElection (LeaderElection.java:askForVotes(323)) - 258cf687-9dbc-46c1-b255-600d670a4b6c@group-ADD0C83E6892-LeaderElection69 PRE_VOTE round 0: result PASSED (term=0)
2024-04-29 10:06:30,839 [9d50a68e-635c-4808-a075-dce2406a94a2@group-60B79CED8902-FollowerState] INFO  impl.FollowerState (FollowerState.java:run(143)) - 9d50a68e-635c-4808-a075-dce2406a94a2@group-60B79CED8902-FollowerState: change to CANDIDATE, lastRpcElapsedTime:5065605975ns, electionTimeout:5065ms
2024-04-29 10:06:30,839 [9d50a68e-635c-4808-a075-dce2406a94a2@group-60B79CED8902-FollowerState] INFO  impl.RoleInfo (RoleInfo.java:shutdownFollowerState(110)) - 9d50a68e-635c-4808-a075-dce2406a94a2: shutdown 9d50a68e-635c-4808-a075-dce2406a94a2@group-60B79CED8902-FollowerState
2024-04-29 10:06:30,839 [9d50a68e-635c-4808-a075-dce2406a94a2@group-60B79CED8902-FollowerState] INFO  server.RaftServer$Division (RaftServerImpl.java:setRole(383)) - 9d50a68e-635c-4808-a075-dce2406a94a2@group-60B79CED8902: changes role from  FOLLOWER to CANDIDATE at term 0 for changeToCandidate
2024-04-29 10:06:30,839 [9d50a68e-635c-4808-a075-dce2406a94a2@group-60B79CED8902-FollowerState] INFO  server.RaftServerConfigKeys (ConfUtils.java:logGet(46)) - raft.server.leaderelection.pre-vote = true (default)
2024-04-29 10:06:30,839 [9d50a68e-635c-4808-a075-dce2406a94a2@group-60B79CED8902-FollowerState] INFO  impl.RoleInfo (RoleInfo.java:updateAndGet(139)) - 9d50a68e-635c-4808-a075-dce2406a94a2: start 9d50a68e-635c-4808-a075-dce2406a94a2@group-60B79CED8902-LeaderElection70
2024-04-29 10:06:30,840 [9d50a68e-635c-4808-a075-dce2406a94a2@group-60B79CED8902-LeaderElection70] INFO  impl.LeaderElection (LeaderElection.java:askForVotes(321)) - 9d50a68e-635c-4808-a075-dce2406a94a2@group-60B79CED8902-LeaderElection70 PRE_VOTE round 0: submit vote requests at term 0 for -1: peers:[96aec129-8b92-4385-b6bc-dde0a337a972|127.0.0.1:15406, 258cf687-9dbc-46c1-b255-600d670a4b6c|127.0.0.1:15397, 9d50a68e-635c-4808-a075-dce2406a94a2|127.0.0.1:15415]|listeners:[], old=null
2024-04-29 10:06:30,840 [9d50a68e-635c-4808-a075-dce2406a94a2@group-60B79CED8902-LeaderElection70-1] INFO  server.GrpcServerProtocolClient (GrpcServerProtocolClient.java:<init>(65)) - Build channel for 96aec129-8b92-4385-b6bc-dde0a337a972|127.0.0.1:15406
2024-04-29 10:06:30,840 [9d50a68e-635c-4808-a075-dce2406a94a2@group-60B79CED8902-LeaderElection70] INFO  server.RaftServerConfigKeys (ConfUtils.java:logFallback(53)) - raft.server.rpc.first-election.timeout.min = 5s (fallback to raft.server.rpc.timeout.min)
2024-04-29 10:06:30,840 [9d50a68e-635c-4808-a075-dce2406a94a2@group-60B79CED8902-LeaderElection70] INFO  server.RaftServerConfigKeys (ConfUtils.java:logFallback(53)) - raft.server.rpc.first-election.timeout.max = 5200ms (fallback to raft.server.rpc.timeout.max)
2024-04-29 10:06:30,840 [258cf687-9dbc-46c1-b255-600d670a4b6c@group-ADD0C83E6892-LeaderElection69] INFO  impl.LeaderElection (LeaderElection.java:askForVotes(321)) - 258cf687-9dbc-46c1-b255-600d670a4b6c@group-ADD0C83E6892-LeaderElection69 ELECTION round 0: submit vote requests at term 1 for -1: peers:[258cf687-9dbc-46c1-b255-600d670a4b6c|127.0.0.1:15397]|listeners:[], old=null
2024-04-29 10:06:30,840 [258cf687-9dbc-46c1-b255-600d670a4b6c@group-ADD0C83E6892-LeaderElection69] INFO  impl.LeaderElection (LeaderElection.java:askForVotes(323)) - 258cf687-9dbc-46c1-b255-600d670a4b6c@group-ADD0C83E6892-LeaderElection69 ELECTION round 0: result PASSED (term=1)
2024-04-29 10:06:30,840 [258cf687-9dbc-46c1-b255-600d670a4b6c@group-ADD0C83E6892-LeaderElection69] INFO  impl.RoleInfo (RoleInfo.java:shutdownLeaderElection(130)) - 258cf687-9dbc-46c1-b255-600d670a4b6c: shutdown 258cf687-9dbc-46c1-b255-600d670a4b6c@group-ADD0C83E6892-LeaderElection69
2024-04-29 10:06:30,840 [258cf687-9dbc-46c1-b255-600d670a4b6c@group-ADD0C83E6892-LeaderElection69] INFO  server.RaftServer$Division (RaftServerImpl.java:setRole(383)) - 258cf687-9dbc-46c1-b255-600d670a4b6c@group-ADD0C83E6892: changes role from CANDIDATE to LEADER at term 1 for changeToLeader
2024-04-29 10:06:30,840 [258cf687-9dbc-46c1-b255-600d670a4b6c@group-ADD0C83E6892-LeaderElection69] INFO  server.RaftServerConfigKeys (ConfUtils.java:logGet(46)) - raft.server.staging.catchup.gap = 1000 (default)
2024-04-29 10:06:30,840 [258cf687-9dbc-46c1-b255-600d670a4b6c@group-ADD0C83E6892-LeaderElection69] INFO  server.RaftServerConfigKeys (ConfUtils.java:logGet(46)) - raft.server.write.element-limit = 1024 (custom)
2024-04-29 10:06:30,840 [258cf687-9dbc-46c1-b255-600d670a4b6c@group-ADD0C83E6892-LeaderElection69] INFO  server.RaftServerConfigKeys (ConfUtils.java:logGet(46)) - raft.server.write.byte-limit = 1024 M (=1073741824) (custom)
2024-04-29 10:06:30,841 [258cf687-9dbc-46c1-b255-600d670a4b6c@group-ADD0C83E6892-LeaderElection69] INFO  server.RaftServerConfigKeys (ConfUtils.java:logGet(46)) - raft.server.watch.timeout = 3000ms (custom)
2024-04-29 10:06:30,841 [258cf687-9dbc-46c1-b255-600d670a4b6c@group-ADD0C83E6892-LeaderElection69] INFO  server.RaftServerConfigKeys (ConfUtils.java:logGet(46)) - raft.server.watch.timeout.denomination = 1s (default)
2024-04-29 10:06:30,841 [258cf687-9dbc-46c1-b255-600d670a4b6c@group-ADD0C83E6892-LeaderElection69] INFO  server.RaftServerConfigKeys (ConfUtils.java:logGet(46)) - raft.server.watch.element-limit = 65536 (default)
2024-04-29 10:06:30,841 [258cf687-9dbc-46c1-b255-600d670a4b6c@group-ADD0C83E6892-LeaderElection69] INFO  server.RaftServerConfigKeys (ConfUtils.java:logGet(46)) - raft.server.read.leader.lease.enabled = false (default)
2024-04-29 10:06:30,841 [258cf687-9dbc-46c1-b255-600d670a4b6c@group-ADD0C83E6892-LeaderElection69] INFO  server.RaftServerConfigKeys (ConfUtils.java:logGet(46)) - raft.server.read.leader.lease.timeout.ratio = 0.9 (default)
2024-04-29 10:06:30,841 [258cf687-9dbc-46c1-b255-600d670a4b6c@group-ADD0C83E6892-LeaderElection69] INFO  server.RaftServerConfigKeys (ConfUtils.java:logGet(46)) - raft.server.rpc.timeout.min = 5s (custom)
2024-04-29 10:06:30,841 [258cf687-9dbc-46c1-b255-600d670a4b6c@group-ADD0C83E6892-LeaderElection69] INFO  server.RaftServerConfigKeys (ConfUtils.java:logGet(46)) - raft.server.write.element-limit = 1024 (custom)
2024-04-29 10:06:30,841 [258cf687-9dbc-46c1-b255-600d670a4b6c@group-ADD0C83E6892-LeaderElection69] INFO  server.RaftServerConfigKeys (ConfUtils.java:logGet(46)) - raft.server.write.follower.gap.ratio.max = -1.0 (default)
2024-04-29 10:06:30,841 [258cf687-9dbc-46c1-b255-600d670a4b6c@group-ADD0C83E6892-LeaderElection69] INFO  impl.RoleInfo (RoleInfo.java:updateAndGet(139)) - 258cf687-9dbc-46c1-b255-600d670a4b6c: start 258cf687-9dbc-46c1-b255-600d670a4b6c@group-ADD0C83E6892-LeaderStateImpl
2024-04-29 10:06:30,841 [258cf687-9dbc-46c1-b255-600d670a4b6c@group-ADD0C83E6892-LeaderElection69] INFO  server.RaftServer$Division (RaftServerImpl.java:setFirstElection(574)) - 258cf687-9dbc-46c1-b255-600d670a4b6c@group-ADD0C83E6892: set firstElectionSinceStartup to false for becomeLeader
2024-04-29 10:06:30,841 [258cf687-9dbc-46c1-b255-600d670a4b6c@group-ADD0C83E6892-LeaderElection69] INFO  ratis.XceiverServerRatis (XceiverServerRatis.java:handleLeaderChangedNotification(966)) - Leader change notification received for group: group-ADD0C83E6892 with new leaderId: 258cf687-9dbc-46c1-b255-600d670a4b6c
2024-04-29 10:06:30,841 [258cf687-9dbc-46c1-b255-600d670a4b6c@group-ADD0C83E6892-LeaderElection69] INFO  server.RaftServer$Division (ServerState.java:setLeader(269)) - 258cf687-9dbc-46c1-b255-600d670a4b6c@group-ADD0C83E6892: change Leader from null to 258cf687-9dbc-46c1-b255-600d670a4b6c at term 1 for becomeLeader, leader elected after 5141ms
2024-04-29 10:06:30,841 [258cf687-9dbc-46c1-b255-600d670a4b6c@group-ADD0C83E6892-LeaderElection69] INFO  segmented.SegmentedRaftLogWorker (SegmentedRaftLogWorker.java:startLogSegment(430)) - 258cf687-9dbc-46c1-b255-600d670a4b6c@group-ADD0C83E6892-SegmentedRaftLogWorker: Starting segment from index:0
2024-04-29 10:06:30,841 [258cf687-9dbc-46c1-b255-600d670a4b6c@group-ADD0C83E6892-LeaderElection69] INFO  server.RaftServer$Division (ServerState.java:setRaftConf(386)) - 258cf687-9dbc-46c1-b255-600d670a4b6c@group-ADD0C83E6892: set configuration 0: peers:[258cf687-9dbc-46c1-b255-600d670a4b6c|127.0.0.1:15397]|listeners:[], old=null
2024-04-29 10:06:30,840 [9d50a68e-635c-4808-a075-dce2406a94a2@group-60B79CED8902-LeaderElection70-2] INFO  server.GrpcServerProtocolClient (GrpcServerProtocolClient.java:<init>(65)) - Build channel for 258cf687-9dbc-46c1-b255-600d670a4b6c|127.0.0.1:15397
2024-04-29 10:06:30,842 [258cf687-9dbc-46c1-b255-600d670a4b6c@group-ADD0C83E6892-SegmentedRaftLogWorker] INFO  segmented.BufferedWriteChannel (BufferedWriteChannel.java:open(62)) - open log_inprogress_0 at position 0
2024-04-29 10:06:30,848 [grpc-default-executor-1] INFO  server.RaftServer$Division (RaftServerImpl.java:requestVote(1389)) - 96aec129-8b92-4385-b6bc-dde0a337a972@group-60B79CED8902: receive requestVote(PRE_VOTE, 9d50a68e-635c-4808-a075-dce2406a94a2, group-60B79CED8902, 0, (t:0, i:0))
2024-04-29 10:06:30,848 [grpc-default-executor-1] INFO  impl.VoteContext (VoteContext.java:log(49)) - 96aec129-8b92-4385-b6bc-dde0a337a972@group-60B79CED8902-FOLLOWER: accept PRE_VOTE from 9d50a68e-635c-4808-a075-dce2406a94a2: our priority 0 <= candidate's priority 1
2024-04-29 10:06:30,848 [grpc-default-executor-1] INFO  server.RaftServer$Division (RaftServerImpl.java:requestVote(1422)) - 96aec129-8b92-4385-b6bc-dde0a337a972@group-60B79CED8902 replies to PRE_VOTE vote request: 9d50a68e-635c-4808-a075-dce2406a94a2<-96aec129-8b92-4385-b6bc-dde0a337a972#0:OK-t0. Peer's state: 96aec129-8b92-4385-b6bc-dde0a337a972@group-60B79CED8902:t0, leader=null, voted=, raftlog=Memoized:96aec129-8b92-4385-b6bc-dde0a337a972@group-60B79CED8902-SegmentedRaftLog:OPENED:c-1, conf=-1: peers:[96aec129-8b92-4385-b6bc-dde0a337a972|127.0.0.1:15406, 258cf687-9dbc-46c1-b255-600d670a4b6c|127.0.0.1:15397, 9d50a68e-635c-4808-a075-dce2406a94a2|127.0.0.1:15415]|listeners:[], old=null
2024-04-29 10:06:30,849 [grpc-default-executor-1] INFO  server.RaftServer$Division (RaftServerImpl.java:requestVote(1389)) - 258cf687-9dbc-46c1-b255-600d670a4b6c@group-60B79CED8902: receive requestVote(PRE_VOTE, 9d50a68e-635c-4808-a075-dce2406a94a2, group-60B79CED8902, 0, (t:0, i:0))
2024-04-29 10:06:30,849 [grpc-default-executor-1] INFO  impl.VoteContext (VoteContext.java:log(49)) - 258cf687-9dbc-46c1-b255-600d670a4b6c@group-60B79CED8902-FOLLOWER: accept PRE_VOTE from 9d50a68e-635c-4808-a075-dce2406a94a2: our priority 0 <= candidate's priority 1
2024-04-29 10:06:30,849 [grpc-default-executor-1] INFO  server.RaftServer$Division (RaftServerImpl.java:requestVote(1422)) - 258cf687-9dbc-46c1-b255-600d670a4b6c@group-60B79CED8902 replies to PRE_VOTE vote request: 9d50a68e-635c-4808-a075-dce2406a94a2<-258cf687-9dbc-46c1-b255-600d670a4b6c#0:OK-t0. Peer's state: 258cf687-9dbc-46c1-b255-600d670a4b6c@group-60B79CED8902:t0, leader=null, voted=, raftlog=Memoized:258cf687-9dbc-46c1-b255-600d670a4b6c@group-60B79CED8902-SegmentedRaftLog:OPENED:c-1, conf=-1: peers:[96aec129-8b92-4385-b6bc-dde0a337a972|127.0.0.1:15406, 258cf687-9dbc-46c1-b255-600d670a4b6c|127.0.0.1:15397, 9d50a68e-635c-4808-a075-dce2406a94a2|127.0.0.1:15415]|listeners:[], old=null
2024-04-29 10:06:30,850 [9d50a68e-635c-4808-a075-dce2406a94a2@group-C3C3C2B38EFF-FollowerState] INFO  impl.FollowerState (FollowerState.java:run(143)) - 9d50a68e-635c-4808-a075-dce2406a94a2@group-C3C3C2B38EFF-FollowerState: change to CANDIDATE, lastRpcElapsedTime:5026586040ns, electionTimeout:5026ms
2024-04-29 10:06:30,850 [9d50a68e-635c-4808-a075-dce2406a94a2@group-C3C3C2B38EFF-FollowerState] INFO  impl.RoleInfo (RoleInfo.java:shutdownFollowerState(110)) - 9d50a68e-635c-4808-a075-dce2406a94a2: shutdown 9d50a68e-635c-4808-a075-dce2406a94a2@group-C3C3C2B38EFF-FollowerState
2024-04-29 10:06:30,850 [9d50a68e-635c-4808-a075-dce2406a94a2@group-C3C3C2B38EFF-FollowerState] INFO  server.RaftServer$Division (RaftServerImpl.java:setRole(383)) - 9d50a68e-635c-4808-a075-dce2406a94a2@group-C3C3C2B38EFF: changes role from  FOLLOWER to CANDIDATE at term 0 for changeToCandidate
2024-04-29 10:06:30,850 [9d50a68e-635c-4808-a075-dce2406a94a2@group-C3C3C2B38EFF-FollowerState] INFO  server.RaftServerConfigKeys (ConfUtils.java:logGet(46)) - raft.server.leaderelection.pre-vote = true (default)
2024-04-29 10:06:30,850 [9d50a68e-635c-4808-a075-dce2406a94a2@group-C3C3C2B38EFF-FollowerState] INFO  impl.RoleInfo (RoleInfo.java:updateAndGet(139)) - 9d50a68e-635c-4808-a075-dce2406a94a2: start 9d50a68e-635c-4808-a075-dce2406a94a2@group-C3C3C2B38EFF-LeaderElection71
2024-04-29 10:06:30,850 [9d50a68e-635c-4808-a075-dce2406a94a2@group-C3C3C2B38EFF-LeaderElection71] INFO  impl.LeaderElection (LeaderElection.java:askForVotes(321)) - 9d50a68e-635c-4808-a075-dce2406a94a2@group-C3C3C2B38EFF-LeaderElection71 PRE_VOTE round 0: submit vote requests at term 0 for -1: peers:[9d50a68e-635c-4808-a075-dce2406a94a2|127.0.0.1:15415]|listeners:[], old=null
2024-04-29 10:06:30,850 [9d50a68e-635c-4808-a075-dce2406a94a2@group-C3C3C2B38EFF-LeaderElection71] INFO  impl.LeaderElection (LeaderElection.java:askForVotes(323)) - 9d50a68e-635c-4808-a075-dce2406a94a2@group-C3C3C2B38EFF-LeaderElection71 PRE_VOTE round 0: result PASSED (term=0)
2024-04-29 10:06:30,850 [9d50a68e-635c-4808-a075-dce2406a94a2@group-60B79CED8902-LeaderElection70] INFO  impl.LeaderElection (LeaderElection.java:logAndReturn(89)) - 9d50a68e-635c-4808-a075-dce2406a94a2@group-60B79CED8902-LeaderElection70: PRE_VOTE PASSED received 1 response(s) and 0 exception(s):
2024-04-29 10:06:30,850 [9d50a68e-635c-4808-a075-dce2406a94a2@group-60B79CED8902-LeaderElection70] INFO  impl.LeaderElection (LeaderElection.java:logAndReturn(93)) -   Response 0: 9d50a68e-635c-4808-a075-dce2406a94a2<-96aec129-8b92-4385-b6bc-dde0a337a972#0:OK-t0
2024-04-29 10:06:30,850 [9d50a68e-635c-4808-a075-dce2406a94a2@group-60B79CED8902-LeaderElection70] INFO  impl.LeaderElection (LeaderElection.java:askForVotes(323)) - 9d50a68e-635c-4808-a075-dce2406a94a2@group-60B79CED8902-LeaderElection70 PRE_VOTE round 0: result PASSED
2024-04-29 10:06:30,851 [96aec129-8b92-4385-b6bc-dde0a337a972@group-60B79CED8902-FollowerState] INFO  server.RaftServerConfigKeys (ConfUtils.java:logFallback(53)) - raft.server.rpc.first-election.timeout.min = 5s (fallback to raft.server.rpc.timeout.min)
2024-04-29 10:06:30,851 [96aec129-8b92-4385-b6bc-dde0a337a972@group-60B79CED8902-FollowerState] INFO  server.RaftServerConfigKeys (ConfUtils.java:logFallback(53)) - raft.server.rpc.first-election.timeout.max = 5200ms (fallback to raft.server.rpc.timeout.max)
2024-04-29 10:06:30,853 [96aec129-8b92-4385-b6bc-dde0a337a972@group-7E6710E055B0-FollowerState] INFO  impl.FollowerState (FollowerState.java:run(143)) - 96aec129-8b92-4385-b6bc-dde0a337a972@group-7E6710E055B0-FollowerState: change to CANDIDATE, lastRpcElapsedTime:5079489042ns, electionTimeout:5079ms
2024-04-29 10:06:30,853 [96aec129-8b92-4385-b6bc-dde0a337a972@group-7E6710E055B0-FollowerState] INFO  impl.RoleInfo (RoleInfo.java:shutdownFollowerState(110)) - 96aec129-8b92-4385-b6bc-dde0a337a972: shutdown 96aec129-8b92-4385-b6bc-dde0a337a972@group-7E6710E055B0-FollowerState
2024-04-29 10:06:30,853 [96aec129-8b92-4385-b6bc-dde0a337a972@group-7E6710E055B0-FollowerState] INFO  server.RaftServer$Division (RaftServerImpl.java:setRole(383)) - 96aec129-8b92-4385-b6bc-dde0a337a972@group-7E6710E055B0: changes role from  FOLLOWER to CANDIDATE at term 0 for changeToCandidate
2024-04-29 10:06:30,853 [96aec129-8b92-4385-b6bc-dde0a337a972@group-7E6710E055B0-FollowerState] INFO  server.RaftServerConfigKeys (ConfUtils.java:logGet(46)) - raft.server.leaderelection.pre-vote = true (default)
2024-04-29 10:06:30,853 [96aec129-8b92-4385-b6bc-dde0a337a972@group-7E6710E055B0-FollowerState] INFO  impl.RoleInfo (RoleInfo.java:updateAndGet(139)) - 96aec129-8b92-4385-b6bc-dde0a337a972: start 96aec129-8b92-4385-b6bc-dde0a337a972@group-7E6710E055B0-LeaderElection72
2024-04-29 10:06:30,853 [96aec129-8b92-4385-b6bc-dde0a337a972@group-7E6710E055B0-LeaderElection72] INFO  impl.LeaderElection (LeaderElection.java:askForVotes(321)) - 96aec129-8b92-4385-b6bc-dde0a337a972@group-7E6710E055B0-LeaderElection72 PRE_VOTE round 0: submit vote requests at term 0 for -1: peers:[96aec129-8b92-4385-b6bc-dde0a337a972|127.0.0.1:15406]|listeners:[], old=null
2024-04-29 10:06:30,853 [96aec129-8b92-4385-b6bc-dde0a337a972@group-7E6710E055B0-LeaderElection72] INFO  impl.LeaderElection (LeaderElection.java:askForVotes(323)) - 96aec129-8b92-4385-b6bc-dde0a337a972@group-7E6710E055B0-LeaderElection72 PRE_VOTE round 0: result PASSED (term=0)
2024-04-29 10:06:30,853 [9d50a68e-635c-4808-a075-dce2406a94a2@group-C3C3C2B38EFF-LeaderElection71] INFO  impl.LeaderElection (LeaderElection.java:askForVotes(321)) - 9d50a68e-635c-4808-a075-dce2406a94a2@group-C3C3C2B38EFF-LeaderElection71 ELECTION round 0: submit vote requests at term 1 for -1: peers:[9d50a68e-635c-4808-a075-dce2406a94a2|127.0.0.1:15415]|listeners:[], old=null
2024-04-29 10:06:30,853 [9d50a68e-635c-4808-a075-dce2406a94a2@group-C3C3C2B38EFF-LeaderElection71] INFO  impl.LeaderElection (LeaderElection.java:askForVotes(323)) - 9d50a68e-635c-4808-a075-dce2406a94a2@group-C3C3C2B38EFF-LeaderElection71 ELECTION round 0: result PASSED (term=1)
2024-04-29 10:06:30,853 [9d50a68e-635c-4808-a075-dce2406a94a2@group-C3C3C2B38EFF-LeaderElection71] INFO  impl.RoleInfo (RoleInfo.java:shutdownLeaderElection(130)) - 9d50a68e-635c-4808-a075-dce2406a94a2: shutdown 9d50a68e-635c-4808-a075-dce2406a94a2@group-C3C3C2B38EFF-LeaderElection71
2024-04-29 10:06:30,853 [9d50a68e-635c-4808-a075-dce2406a94a2@group-60B79CED8902-LeaderElection70] INFO  impl.LeaderElection (LeaderElection.java:askForVotes(321)) - 9d50a68e-635c-4808-a075-dce2406a94a2@group-60B79CED8902-LeaderElection70 ELECTION round 0: submit vote requests at term 1 for -1: peers:[96aec129-8b92-4385-b6bc-dde0a337a972|127.0.0.1:15406, 258cf687-9dbc-46c1-b255-600d670a4b6c|127.0.0.1:15397, 9d50a68e-635c-4808-a075-dce2406a94a2|127.0.0.1:15415]|listeners:[], old=null
2024-04-29 10:06:30,853 [9d50a68e-635c-4808-a075-dce2406a94a2@group-C3C3C2B38EFF-LeaderElection71] INFO  server.RaftServer$Division (RaftServerImpl.java:setRole(383)) - 9d50a68e-635c-4808-a075-dce2406a94a2@group-C3C3C2B38EFF: changes role from CANDIDATE to LEADER at term 1 for changeToLeader
2024-04-29 10:06:30,854 [9d50a68e-635c-4808-a075-dce2406a94a2@group-C3C3C2B38EFF-LeaderElection71] INFO  server.RaftServerConfigKeys (ConfUtils.java:logGet(46)) - raft.server.staging.catchup.gap = 1000 (default)
2024-04-29 10:06:30,854 [258cf687-9dbc-46c1-b255-600d670a4b6c@group-ADD0C83E6892-SegmentedRaftLogWorker] INFO  segmented.SegmentedRaftLogWorker (SegmentedRaftLogWorker.java:execute(634)) - 258cf687-9dbc-46c1-b255-600d670a4b6c@group-ADD0C83E6892-SegmentedRaftLogWorker: created new log segment /home/runner/work/ozone/ozone/hadoop-ozone/integration-test/target/test-dir/MiniOzoneClusterImpl-2cdd5cd5-9c4c-463f-a193-9ffbc37dc237/ozone-meta/datanode-4/ratis/922be877-8da3-4e55-813a-add0c83e6892/current/log_inprogress_0
2024-04-29 10:06:30,854 [9d50a68e-635c-4808-a075-dce2406a94a2@group-C3C3C2B38EFF-LeaderElection71] INFO  server.RaftServerConfigKeys (ConfUtils.java:logGet(46)) - raft.server.write.element-limit = 1024 (custom)
2024-04-29 10:06:30,854 [9d50a68e-635c-4808-a075-dce2406a94a2@group-C3C3C2B38EFF-LeaderElection71] INFO  server.RaftServerConfigKeys (ConfUtils.java:logGet(46)) - raft.server.write.byte-limit = 1024 M (=1073741824) (custom)
2024-04-29 10:06:30,854 [9d50a68e-635c-4808-a075-dce2406a94a2@group-C3C3C2B38EFF-LeaderElection71] INFO  server.RaftServerConfigKeys (ConfUtils.java:logGet(46)) - raft.server.watch.timeout = 3000ms (custom)
2024-04-29 10:06:30,854 [9d50a68e-635c-4808-a075-dce2406a94a2@group-C3C3C2B38EFF-LeaderElection71] INFO  server.RaftServerConfigKeys (ConfUtils.java:logGet(46)) - raft.server.watch.timeout.denomination = 1s (default)
2024-04-29 10:06:30,854 [9d50a68e-635c-4808-a075-dce2406a94a2@group-C3C3C2B38EFF-LeaderElection71] INFO  server.RaftServerConfigKeys (ConfUtils.java:logGet(46)) - raft.server.watch.element-limit = 65536 (default)
2024-04-29 10:06:30,854 [9d50a68e-635c-4808-a075-dce2406a94a2@group-60B79CED8902-LeaderElection70] INFO  server.RaftServerConfigKeys (ConfUtils.java:logFallback(53)) - raft.server.rpc.first-election.timeout.min = 5s (fallback to raft.server.rpc.timeout.min)
2024-04-29 10:06:30,854 [9d50a68e-635c-4808-a075-dce2406a94a2@group-C3C3C2B38EFF-LeaderElection71] INFO  server.RaftServerConfigKeys (ConfUtils.java:logGet(46)) - raft.server.read.leader.lease.enabled = false (default)
2024-04-29 10:06:30,854 [9d50a68e-635c-4808-a075-dce2406a94a2@group-C3C3C2B38EFF-LeaderElection71] INFO  server.RaftServerConfigKeys (ConfUtils.java:logGet(46)) - raft.server.read.leader.lease.timeout.ratio = 0.9 (default)
2024-04-29 10:06:30,854 [9d50a68e-635c-4808-a075-dce2406a94a2@group-C3C3C2B38EFF-LeaderElection71] INFO  server.RaftServerConfigKeys (ConfUtils.java:logGet(46)) - raft.server.rpc.timeout.min = 5s (custom)
2024-04-29 10:06:30,854 [9d50a68e-635c-4808-a075-dce2406a94a2@group-C3C3C2B38EFF-LeaderElection71] INFO  server.RaftServerConfigKeys (ConfUtils.java:logGet(46)) - raft.server.write.element-limit = 1024 (custom)
2024-04-29 10:06:30,854 [9d50a68e-635c-4808-a075-dce2406a94a2@group-C3C3C2B38EFF-LeaderElection71] INFO  server.RaftServerConfigKeys (ConfUtils.java:logGet(46)) - raft.server.write.follower.gap.ratio.max = -1.0 (default)
2024-04-29 10:06:30,854 [9d50a68e-635c-4808-a075-dce2406a94a2@group-C3C3C2B38EFF-LeaderElection71] INFO  impl.RoleInfo (RoleInfo.java:updateAndGet(139)) - 9d50a68e-635c-4808-a075-dce2406a94a2: start 9d50a68e-635c-4808-a075-dce2406a94a2@group-C3C3C2B38EFF-LeaderStateImpl
2024-04-29 10:06:30,855 [9d50a68e-635c-4808-a075-dce2406a94a2@group-C3C3C2B38EFF-LeaderElection71] INFO  server.RaftServer$Division (RaftServerImpl.java:setFirstElection(574)) - 9d50a68e-635c-4808-a075-dce2406a94a2@group-C3C3C2B38EFF: set firstElectionSinceStartup to false for becomeLeader
2024-04-29 10:06:30,855 [9d50a68e-635c-4808-a075-dce2406a94a2@group-C3C3C2B38EFF-LeaderElection71] INFO  ratis.XceiverServerRatis (XceiverServerRatis.java:handleLeaderChangedNotification(966)) - Leader change notification received for group: group-C3C3C2B38EFF with new leaderId: 9d50a68e-635c-4808-a075-dce2406a94a2
2024-04-29 10:06:30,855 [9d50a68e-635c-4808-a075-dce2406a94a2@group-C3C3C2B38EFF-LeaderElection71] INFO  server.RaftServer$Division (ServerState.java:setLeader(269)) - 9d50a68e-635c-4808-a075-dce2406a94a2@group-C3C3C2B38EFF: change Leader from null to 9d50a68e-635c-4808-a075-dce2406a94a2 at term 1 for becomeLeader, leader elected after 5040ms
2024-04-29 10:06:30,855 [9d50a68e-635c-4808-a075-dce2406a94a2@group-C3C3C2B38EFF-LeaderElection71] INFO  segmented.SegmentedRaftLogWorker (SegmentedRaftLogWorker.java:startLogSegment(430)) - 9d50a68e-635c-4808-a075-dce2406a94a2@group-C3C3C2B38EFF-SegmentedRaftLogWorker: Starting segment from index:0
2024-04-29 10:06:30,855 [9d50a68e-635c-4808-a075-dce2406a94a2@group-C3C3C2B38EFF-LeaderElection71] INFO  server.RaftServer$Division (ServerState.java:setRaftConf(386)) - 9d50a68e-635c-4808-a075-dce2406a94a2@group-C3C3C2B38EFF: set configuration 0: peers:[9d50a68e-635c-4808-a075-dce2406a94a2|127.0.0.1:15415]|listeners:[], old=null
2024-04-29 10:06:30,855 [9d50a68e-635c-4808-a075-dce2406a94a2@group-C3C3C2B38EFF-SegmentedRaftLogWorker] INFO  segmented.BufferedWriteChannel (BufferedWriteChannel.java:open(62)) - open log_inprogress_0 at position 0
2024-04-29 10:06:30,855 [grpc-default-executor-3] INFO  server.RaftServer$Division (RaftServerImpl.java:requestVote(1389)) - 96aec129-8b92-4385-b6bc-dde0a337a972@group-60B79CED8902: receive requestVote(ELECTION, 9d50a68e-635c-4808-a075-dce2406a94a2, group-60B79CED8902, 1, (t:0, i:0))
2024-04-29 10:06:30,854 [9d50a68e-635c-4808-a075-dce2406a94a2@group-60B79CED8902-LeaderElection70] INFO  server.RaftServerConfigKeys (ConfUtils.java:logFallback(53)) - raft.server.rpc.first-election.timeout.max = 5200ms (fallback to raft.server.rpc.timeout.max)
2024-04-29 10:06:30,856 [grpc-default-executor-3] INFO  impl.VoteContext (VoteContext.java:log(49)) - 96aec129-8b92-4385-b6bc-dde0a337a972@group-60B79CED8902-FOLLOWER: accept ELECTION from 9d50a68e-635c-4808-a075-dce2406a94a2: our priority 0 <= candidate's priority 1
2024-04-29 10:06:30,856 [grpc-default-executor-3] INFO  server.RaftServer$Division (RaftServerImpl.java:setRole(383)) - 96aec129-8b92-4385-b6bc-dde0a337a972@group-60B79CED8902: changes role from  FOLLOWER to FOLLOWER at term 1 for candidate:9d50a68e-635c-4808-a075-dce2406a94a2
2024-04-29 10:06:30,855 [96aec129-8b92-4385-b6bc-dde0a337a972@group-7E6710E055B0-LeaderElection72] INFO  impl.LeaderElection (LeaderElection.java:askForVotes(321)) - 96aec129-8b92-4385-b6bc-dde0a337a972@group-7E6710E055B0-LeaderElection72 ELECTION round 0: submit vote requests at term 1 for -1: peers:[96aec129-8b92-4385-b6bc-dde0a337a972|127.0.0.1:15406]|listeners:[], old=null
2024-04-29 10:06:30,856 [96aec129-8b92-4385-b6bc-dde0a337a972@group-7E6710E055B0-LeaderElection72] INFO  impl.LeaderElection (LeaderElection.java:askForVotes(323)) - 96aec129-8b92-4385-b6bc-dde0a337a972@group-7E6710E055B0-LeaderElection72 ELECTION round 0: result PASSED (term=1)
2024-04-29 10:06:30,856 [96aec129-8b92-4385-b6bc-dde0a337a972@group-7E6710E055B0-LeaderElection72] INFO  impl.RoleInfo (RoleInfo.java:shutdownLeaderElection(130)) - 96aec129-8b92-4385-b6bc-dde0a337a972: shutdown 96aec129-8b92-4385-b6bc-dde0a337a972@group-7E6710E055B0-LeaderElection72
2024-04-29 10:06:30,856 [96aec129-8b92-4385-b6bc-dde0a337a972@group-7E6710E055B0-LeaderElection72] INFO  server.RaftServer$Division (RaftServerImpl.java:setRole(383)) - 96aec129-8b92-4385-b6bc-dde0a337a972@group-7E6710E055B0: changes role from CANDIDATE to LEADER at term 1 for changeToLeader
2024-04-29 10:06:30,856 [96aec129-8b92-4385-b6bc-dde0a337a972@group-7E6710E055B0-LeaderElection72] INFO  server.RaftServerConfigKeys (ConfUtils.java:logGet(46)) - raft.server.staging.catchup.gap = 1000 (default)
2024-04-29 10:06:30,856 [grpc-default-executor-1] INFO  server.RaftServer$Division (RaftServerImpl.java:requestVote(1389)) - 258cf687-9dbc-46c1-b255-600d670a4b6c@group-60B79CED8902: receive requestVote(ELECTION, 9d50a68e-635c-4808-a075-dce2406a94a2, group-60B79CED8902, 1, (t:0, i:0))
2024-04-29 10:06:30,856 [grpc-default-executor-1] INFO  impl.VoteContext (VoteContext.java:log(49)) - 258cf687-9dbc-46c1-b255-600d670a4b6c@group-60B79CED8902-FOLLOWER: accept ELECTION from 9d50a68e-635c-4808-a075-dce2406a94a2: our priority 0 <= candidate's priority 1
2024-04-29 10:06:30,856 [grpc-default-executor-1] INFO  server.RaftServer$Division (RaftServerImpl.java:setRole(383)) - 258cf687-9dbc-46c1-b255-600d670a4b6c@group-60B79CED8902: changes role from  FOLLOWER to FOLLOWER at term 1 for candidate:9d50a68e-635c-4808-a075-dce2406a94a2
2024-04-29 10:06:30,856 [grpc-default-executor-1] INFO  impl.RoleInfo (RoleInfo.java:shutdownFollowerState(110)) - 258cf687-9dbc-46c1-b255-600d670a4b6c: shutdown 258cf687-9dbc-46c1-b255-600d670a4b6c@group-60B79CED8902-FollowerState
2024-04-29 10:06:30,856 [grpc-default-executor-1] INFO  impl.RoleInfo (RoleInfo.java:updateAndGet(139)) - 258cf687-9dbc-46c1-b255-600d670a4b6c: start 258cf687-9dbc-46c1-b255-600d670a4b6c@group-60B79CED8902-FollowerState
2024-04-29 10:06:30,856 [258cf687-9dbc-46c1-b255-600d670a4b6c@group-ADD0C83E6892-StateMachineUpdater] INFO  server.RaftServer$Division (LeaderStateImpl.java:isApplied(320)) - leader is ready since appliedIndex == 0 >= startIndex == 0
2024-04-29 10:06:30,856 [258cf687-9dbc-46c1-b255-600d670a4b6c@group-60B79CED8902-FollowerState] INFO  impl.FollowerState (FollowerState.java:run(152)) - 258cf687-9dbc-46c1-b255-600d670a4b6c@group-60B79CED8902-FollowerState was interrupted
2024-04-29 10:06:30,857 [96aec129-8b92-4385-b6bc-dde0a337a972@group-7E6710E055B0-LeaderElection72] INFO  server.RaftServerConfigKeys (ConfUtils.java:logGet(46)) - raft.server.write.element-limit = 1024 (custom)
2024-04-29 10:06:30,857 [96aec129-8b92-4385-b6bc-dde0a337a972@group-7E6710E055B0-LeaderElection72] INFO  server.RaftServerConfigKeys (ConfUtils.java:logGet(46)) - raft.server.write.byte-limit = 1024 M (=1073741824) (custom)
2024-04-29 10:06:30,857 [96aec129-8b92-4385-b6bc-dde0a337a972@group-7E6710E055B0-LeaderElection72] INFO  server.RaftServerConfigKeys (ConfUtils.java:logGet(46)) - raft.server.watch.timeout = 3000ms (custom)
2024-04-29 10:06:30,857 [96aec129-8b92-4385-b6bc-dde0a337a972@group-7E6710E055B0-LeaderElection72] INFO  server.RaftServerConfigKeys (ConfUtils.java:logGet(46)) - raft.server.watch.timeout.denomination = 1s (default)
2024-04-29 10:06:30,857 [96aec129-8b92-4385-b6bc-dde0a337a972@group-7E6710E055B0-LeaderElection72] INFO  server.RaftServerConfigKeys (ConfUtils.java:logGet(46)) - raft.server.watch.element-limit = 65536 (default)
2024-04-29 10:06:30,857 [96aec129-8b92-4385-b6bc-dde0a337a972@group-7E6710E055B0-LeaderElection72] INFO  server.RaftServerConfigKeys (ConfUtils.java:logGet(46)) - raft.server.read.leader.lease.enabled = false (default)
2024-04-29 10:06:30,857 [96aec129-8b92-4385-b6bc-dde0a337a972@group-7E6710E055B0-LeaderElection72] INFO  server.RaftServerConfigKeys (ConfUtils.java:logGet(46)) - raft.server.read.leader.lease.timeout.ratio = 0.9 (default)
2024-04-29 10:06:30,857 [96aec129-8b92-4385-b6bc-dde0a337a972@group-7E6710E055B0-LeaderElection72] INFO  server.RaftServerConfigKeys (ConfUtils.java:logGet(46)) - raft.server.rpc.timeout.min = 5s (custom)
2024-04-29 10:06:30,857 [96aec129-8b92-4385-b6bc-dde0a337a972@group-7E6710E055B0-LeaderElection72] INFO  server.RaftServerConfigKeys (ConfUtils.java:logGet(46)) - raft.server.write.element-limit = 1024 (custom)
2024-04-29 10:06:30,857 [96aec129-8b92-4385-b6bc-dde0a337a972@group-7E6710E055B0-LeaderElection72] INFO  server.RaftServerConfigKeys (ConfUtils.java:logGet(46)) - raft.server.write.follower.gap.ratio.max = -1.0 (default)
2024-04-29 10:06:30,857 [96aec129-8b92-4385-b6bc-dde0a337a972@group-7E6710E055B0-LeaderElection72] INFO  impl.RoleInfo (RoleInfo.java:updateAndGet(139)) - 96aec129-8b92-4385-b6bc-dde0a337a972: start 96aec129-8b92-4385-b6bc-dde0a337a972@group-7E6710E055B0-LeaderStateImpl
2024-04-29 10:06:30,857 [96aec129-8b92-4385-b6bc-dde0a337a972@group-7E6710E055B0-LeaderElection72] INFO  server.RaftServer$Division (RaftServerImpl.java:setFirstElection(574)) - 96aec129-8b92-4385-b6bc-dde0a337a972@group-7E6710E055B0: set firstElectionSinceStartup to false for becomeLeader
2024-04-29 10:06:30,857 [96aec129-8b92-4385-b6bc-dde0a337a972@group-7E6710E055B0-LeaderElection72] INFO  ratis.XceiverServerRatis (XceiverServerRatis.java:handleLeaderChangedNotification(966)) - Leader change notification received for group: group-7E6710E055B0 with new leaderId: 96aec129-8b92-4385-b6bc-dde0a337a972
2024-04-29 10:06:30,857 [96aec129-8b92-4385-b6bc-dde0a337a972@group-7E6710E055B0-LeaderElection72] INFO  server.RaftServer$Division (ServerState.java:setLeader(269)) - 96aec129-8b92-4385-b6bc-dde0a337a972@group-7E6710E055B0: change Leader from null to 96aec129-8b92-4385-b6bc-dde0a337a972 at term 1 for becomeLeader, leader elected after 5101ms
2024-04-29 10:06:30,858 [96aec129-8b92-4385-b6bc-dde0a337a972@group-7E6710E055B0-LeaderElection72] INFO  segmented.SegmentedRaftLogWorker (SegmentedRaftLogWorker.java:startLogSegment(430)) - 96aec129-8b92-4385-b6bc-dde0a337a972@group-7E6710E055B0-SegmentedRaftLogWorker: Starting segment from index:0
2024-04-29 10:06:30,858 [96aec129-8b92-4385-b6bc-dde0a337a972@group-7E6710E055B0-LeaderElection72] INFO  server.RaftServer$Division (ServerState.java:setRaftConf(386)) - 96aec129-8b92-4385-b6bc-dde0a337a972@group-7E6710E055B0: set configuration 0: peers:[96aec129-8b92-4385-b6bc-dde0a337a972|127.0.0.1:15406]|listeners:[], old=null
2024-04-29 10:06:30,858 [grpc-default-executor-1] INFO  server.RaftServer$Division (RaftServerImpl.java:setFirstElection(574)) - 258cf687-9dbc-46c1-b255-600d670a4b6c@group-60B79CED8902: set firstElectionSinceStartup to false for candidate:9d50a68e-635c-4808-a075-dce2406a94a2
2024-04-29 10:06:30,856 [grpc-default-executor-3] INFO  impl.RoleInfo (RoleInfo.java:shutdownFollowerState(110)) - 96aec129-8b92-4385-b6bc-dde0a337a972: shutdown 96aec129-8b92-4385-b6bc-dde0a337a972@group-60B79CED8902-FollowerState
2024-04-29 10:06:30,858 [grpc-default-executor-3] INFO  impl.RoleInfo (RoleInfo.java:updateAndGet(139)) - 96aec129-8b92-4385-b6bc-dde0a337a972: start 96aec129-8b92-4385-b6bc-dde0a337a972@group-60B79CED8902-FollowerState
2024-04-29 10:06:30,858 [96aec129-8b92-4385-b6bc-dde0a337a972@group-60B79CED8902-FollowerState] INFO  impl.FollowerState (FollowerState.java:run(152)) - 96aec129-8b92-4385-b6bc-dde0a337a972@group-60B79CED8902-FollowerState was interrupted
2024-04-29 10:06:30,858 [grpc-default-executor-3] INFO  server.RaftServer$Division (RaftServerImpl.java:setFirstElection(574)) - 96aec129-8b92-4385-b6bc-dde0a337a972@group-60B79CED8902: set firstElectionSinceStartup to false for candidate:9d50a68e-635c-4808-a075-dce2406a94a2
2024-04-29 10:06:30,859 [96aec129-8b92-4385-b6bc-dde0a337a972@group-7E6710E055B0-SegmentedRaftLogWorker] INFO  segmented.BufferedWriteChannel (BufferedWriteChannel.java:open(62)) - open log_inprogress_0 at position 0
2024-04-29 10:06:30,859 [grpc-default-executor-1] INFO  server.RaftServer$Division (RaftServerImpl.java:requestVote(1422)) - 258cf687-9dbc-46c1-b255-600d670a4b6c@group-60B79CED8902 replies to ELECTION vote request: 9d50a68e-635c-4808-a075-dce2406a94a2<-258cf687-9dbc-46c1-b255-600d670a4b6c#0:OK-t1. Peer's state: 258cf687-9dbc-46c1-b255-600d670a4b6c@group-60B79CED8902:t1, leader=null, voted=9d50a68e-635c-4808-a075-dce2406a94a2, raftlog=Memoized:258cf687-9dbc-46c1-b255-600d670a4b6c@group-60B79CED8902-SegmentedRaftLog:OPENED:c-1, conf=-1: peers:[96aec129-8b92-4385-b6bc-dde0a337a972|127.0.0.1:15406, 258cf687-9dbc-46c1-b255-600d670a4b6c|127.0.0.1:15397, 9d50a68e-635c-4808-a075-dce2406a94a2|127.0.0.1:15415]|listeners:[], old=null
2024-04-29 10:06:30,859 [9d50a68e-635c-4808-a075-dce2406a94a2@group-60B79CED8902-LeaderElection70] INFO  impl.LeaderElection (LeaderElection.java:logAndReturn(89)) - 9d50a68e-635c-4808-a075-dce2406a94a2@group-60B79CED8902-LeaderElection70: ELECTION PASSED received 1 response(s) and 0 exception(s):
2024-04-29 10:06:30,859 [9d50a68e-635c-4808-a075-dce2406a94a2@group-60B79CED8902-LeaderElection70] INFO  impl.LeaderElection (LeaderElection.java:logAndReturn(93)) -   Response 0: 9d50a68e-635c-4808-a075-dce2406a94a2<-258cf687-9dbc-46c1-b255-600d670a4b6c#0:OK-t1
2024-04-29 10:06:30,859 [9d50a68e-635c-4808-a075-dce2406a94a2@group-60B79CED8902-LeaderElection70] INFO  impl.LeaderElection (LeaderElection.java:askForVotes(323)) - 9d50a68e-635c-4808-a075-dce2406a94a2@group-60B79CED8902-LeaderElection70 ELECTION round 0: result PASSED
2024-04-29 10:06:30,860 [9d50a68e-635c-4808-a075-dce2406a94a2@group-60B79CED8902-LeaderElection70] INFO  impl.RoleInfo (RoleInfo.java:shutdownLeaderElection(130)) - 9d50a68e-635c-4808-a075-dce2406a94a2: shutdown 9d50a68e-635c-4808-a075-dce2406a94a2@group-60B79CED8902-LeaderElection70
2024-04-29 10:06:30,860 [9d50a68e-635c-4808-a075-dce2406a94a2@group-60B79CED8902-LeaderElection70] INFO  server.RaftServer$Division (RaftServerImpl.java:setRole(383)) - 9d50a68e-635c-4808-a075-dce2406a94a2@group-60B79CED8902: changes role from CANDIDATE to LEADER at term 1 for changeToLeader
2024-04-29 10:06:30,860 [9d50a68e-635c-4808-a075-dce2406a94a2@group-60B79CED8902-LeaderElection70] INFO  server.RaftServerConfigKeys (ConfUtils.java:logGet(46)) - raft.server.staging.catchup.gap = 1000 (default)
2024-04-29 10:06:30,860 [9d50a68e-635c-4808-a075-dce2406a94a2@group-60B79CED8902-LeaderElection70] INFO  server.RaftServerConfigKeys (ConfUtils.java:logGet(46)) - raft.server.write.element-limit = 1024 (custom)
2024-04-29 10:06:30,860 [9d50a68e-635c-4808-a075-dce2406a94a2@group-60B79CED8902-LeaderElection70] INFO  server.RaftServerConfigKeys (ConfUtils.java:logGet(46)) - raft.server.write.byte-limit = 1024 M (=1073741824) (custom)
2024-04-29 10:06:30,860 [9d50a68e-635c-4808-a075-dce2406a94a2@group-60B79CED8902-LeaderElection70] INFO  server.RaftServerConfigKeys (ConfUtils.java:logGet(46)) - raft.server.watch.timeout = 3000ms (custom)
2024-04-29 10:06:30,860 [9d50a68e-635c-4808-a075-dce2406a94a2@group-60B79CED8902-LeaderElection70] INFO  server.RaftServerConfigKeys (ConfUtils.java:logGet(46)) - raft.server.watch.timeout.denomination = 1s (default)
2024-04-29 10:06:30,860 [9d50a68e-635c-4808-a075-dce2406a94a2@group-60B79CED8902-LeaderElection70] INFO  server.RaftServerConfigKeys (ConfUtils.java:logGet(46)) - raft.server.watch.element-limit = 65536 (default)
2024-04-29 10:06:30,860 [9d50a68e-635c-4808-a075-dce2406a94a2@group-60B79CED8902-LeaderElection70] INFO  server.RaftServerConfigKeys (ConfUtils.java:logGet(46)) - raft.server.read.leader.lease.enabled = false (default)
2024-04-29 10:06:30,860 [9d50a68e-635c-4808-a075-dce2406a94a2@group-60B79CED8902-LeaderElection70] INFO  server.RaftServerConfigKeys (ConfUtils.java:logGet(46)) - raft.server.read.leader.lease.timeout.ratio = 0.9 (default)
2024-04-29 10:06:30,860 [9d50a68e-635c-4808-a075-dce2406a94a2@group-60B79CED8902-LeaderElection70] INFO  server.RaftServerConfigKeys (ConfUtils.java:logGet(46)) - raft.server.rpc.timeout.min = 5s (custom)
2024-04-29 10:06:30,860 [9d50a68e-635c-4808-a075-dce2406a94a2@group-60B79CED8902-LeaderElection70] INFO  server.RaftServerConfigKeys (ConfUtils.java:logGet(46)) - raft.server.write.element-limit = 1024 (custom)
2024-04-29 10:06:30,860 [9d50a68e-635c-4808-a075-dce2406a94a2@group-60B79CED8902-LeaderElection70] INFO  server.RaftServerConfigKeys (ConfUtils.java:logGet(46)) - raft.server.write.follower.gap.ratio.max = -1.0 (default)
2024-04-29 10:06:30,861 [9d50a68e-635c-4808-a075-dce2406a94a2@group-60B79CED8902-LeaderElection70] INFO  server.RaftServerConfigKeys (ConfUtils.java:logGet(46)) - raft.server.log.appender.snapshot.chunk.size.max = 16MB (=16777216) (default)
2024-04-29 10:06:30,861 [9d50a68e-635c-4808-a075-dce2406a94a2@group-60B79CED8902-LeaderElection70] INFO  server.RaftServerConfigKeys (ConfUtils.java:logGet(46)) - raft.server.log.appender.buffer.byte-limit = 8388608 (custom)
2024-04-29 10:06:30,861 [9d50a68e-635c-4808-a075-dce2406a94a2@group-60B79CED8902-LeaderElection70] INFO  server.RaftServerConfigKeys (ConfUtils.java:logGet(46)) - raft.server.log.appender.buffer.element-limit = 1 (custom)
2024-04-29 10:06:30,861 [9d50a68e-635c-4808-a075-dce2406a94a2@group-60B79CED8902-LeaderElection70] INFO  server.RaftServerConfigKeys (ConfUtils.java:logGet(46)) - raft.server.log.appender.wait-time.min = 0ms (custom)
2024-04-29 10:06:30,861 [9d50a68e-635c-4808-a075-dce2406a94a2@group-60B79CED8902-LeaderElection70] INFO  grpc.GrpcConfigKeys (ConfUtils.java:logGet(46)) - raft.grpc.server.leader.outstanding.appends.max = 8 (default)
2024-04-29 10:06:30,861 [9d50a68e-635c-4808-a075-dce2406a94a2@group-60B79CED8902-LeaderElection70] INFO  server.RaftServerConfigKeys (ConfUtils.java:logGet(46)) - raft.server.rpc.request.timeout = 3000ms (default)
2024-04-29 10:06:30,861 [9d50a68e-635c-4808-a075-dce2406a94a2@group-60B79CED8902-LeaderElection70] INFO  grpc.GrpcConfigKeys (ConfUtils.java:logGet(46)) - raft.grpc.server.install_snapshot.request.element-limit = 8 (default)
2024-04-29 10:06:30,861 [9d50a68e-635c-4808-a075-dce2406a94a2@group-60B79CED8902-LeaderElection70] INFO  grpc.GrpcConfigKeys (ConfUtils.java:logGet(46)) - raft.grpc.server.install_snapshot.request.timeout = 3000ms (default)
2024-04-29 10:06:30,861 [9d50a68e-635c-4808-a075-dce2406a94a2@group-60B79CED8902-LeaderElection70] INFO  grpc.GrpcConfigKeys (ConfUtils.java:logGet(46)) - raft.grpc.server.log-message.batch.duration = 5s (default)
2024-04-29 10:06:30,861 [9d50a68e-635c-4808-a075-dce2406a94a2@group-60B79CED8902-LeaderElection70] INFO  server.RaftServerConfigKeys (ConfUtils.java:logGet(46)) - raft.server.log.appender.install.snapshot.enabled = false (custom)
2024-04-29 10:06:30,861 [9d50a68e-635c-4808-a075-dce2406a94a2@group-60B79CED8902-LeaderElection70] INFO  grpc.GrpcConfigKeys (ConfUtils.java:logGet(46)) - raft.grpc.server.heartbeat.channel = true (default)
2024-04-29 10:06:30,861 [grpc-default-executor-3] INFO  server.RaftServer$Division (RaftServerImpl.java:requestVote(1422)) - 96aec129-8b92-4385-b6bc-dde0a337a972@group-60B79CED8902 replies to ELECTION vote request: 9d50a68e-635c-4808-a075-dce2406a94a2<-96aec129-8b92-4385-b6bc-dde0a337a972#0:OK-t1. Peer's state: 96aec129-8b92-4385-b6bc-dde0a337a972@group-60B79CED8902:t1, leader=null, voted=9d50a68e-635c-4808-a075-dce2406a94a2, raftlog=Memoized:96aec129-8b92-4385-b6bc-dde0a337a972@group-60B79CED8902-SegmentedRaftLog:OPENED:c-1, conf=-1: peers:[96aec129-8b92-4385-b6bc-dde0a337a972|127.0.0.1:15406, 258cf687-9dbc-46c1-b255-600d670a4b6c|127.0.0.1:15397, 9d50a68e-635c-4808-a075-dce2406a94a2|127.0.0.1:15415]|listeners:[], old=null
2024-04-29 10:06:30,862 [9d50a68e-635c-4808-a075-dce2406a94a2@group-60B79CED8902-LeaderElection70] INFO  server.RaftServerConfigKeys (ConfUtils.java:logGet(46)) - raft.server.log.appender.snapshot.chunk.size.max = 16MB (=16777216) (default)
2024-04-29 10:06:30,862 [9d50a68e-635c-4808-a075-dce2406a94a2@group-60B79CED8902-LeaderElection70] INFO  server.RaftServerConfigKeys (ConfUtils.java:logGet(46)) - raft.server.log.appender.buffer.byte-limit = 8388608 (custom)
2024-04-29 10:06:30,862 [9d50a68e-635c-4808-a075-dce2406a94a2@group-60B79CED8902-LeaderElection70] INFO  server.RaftServerConfigKeys (ConfUtils.java:logGet(46)) - raft.server.log.appender.buffer.element-limit = 1 (custom)
2024-04-29 10:06:30,862 [9d50a68e-635c-4808-a075-dce2406a94a2@group-60B79CED8902-LeaderElection70] INFO  server.RaftServerConfigKeys (ConfUtils.java:logGet(46)) - raft.server.log.appender.wait-time.min = 0ms (custom)
2024-04-29 10:06:30,862 [9d50a68e-635c-4808-a075-dce2406a94a2@group-60B79CED8902-LeaderElection70] INFO  grpc.GrpcConfigKeys (ConfUtils.java:logGet(46)) - raft.grpc.server.leader.outstanding.appends.max = 8 (default)
2024-04-29 10:06:30,862 [9d50a68e-635c-4808-a075-dce2406a94a2@group-60B79CED8902-LeaderElection70] INFO  server.RaftServerConfigKeys (ConfUtils.java:logGet(46)) - raft.server.rpc.request.timeout = 3000ms (default)
2024-04-29 10:06:30,862 [9d50a68e-635c-4808-a075-dce2406a94a2@group-60B79CED8902-LeaderElection70] INFO  grpc.GrpcConfigKeys (ConfUtils.java:logGet(46)) - raft.grpc.server.install_snapshot.request.element-limit = 8 (default)
2024-04-29 10:06:30,862 [9d50a68e-635c-4808-a075-dce2406a94a2@group-60B79CED8902-LeaderElection70] INFO  grpc.GrpcConfigKeys (ConfUtils.java:logGet(46)) - raft.grpc.server.install_snapshot.request.timeout = 3000ms (default)
2024-04-29 10:06:30,862 [9d50a68e-635c-4808-a075-dce2406a94a2@group-60B79CED8902-LeaderElection70] INFO  grpc.GrpcConfigKeys (ConfUtils.java:logGet(46)) - raft.grpc.server.log-message.batch.duration = 5s (default)
2024-04-29 10:06:30,862 [9d50a68e-635c-4808-a075-dce2406a94a2@group-60B79CED8902-LeaderElection70] INFO  server.RaftServerConfigKeys (ConfUtils.java:logGet(46)) - raft.server.log.appender.install.snapshot.enabled = false (custom)
2024-04-29 10:06:30,862 [9d50a68e-635c-4808-a075-dce2406a94a2@group-60B79CED8902-LeaderElection70] INFO  grpc.GrpcConfigKeys (ConfUtils.java:logGet(46)) - raft.grpc.server.heartbeat.channel = true (default)
2024-04-29 10:06:30,862 [9d50a68e-635c-4808-a075-dce2406a94a2@group-60B79CED8902-LeaderElection70] INFO  impl.RoleInfo (RoleInfo.java:updateAndGet(139)) - 9d50a68e-635c-4808-a075-dce2406a94a2: start 9d50a68e-635c-4808-a075-dce2406a94a2@group-60B79CED8902-LeaderStateImpl
2024-04-29 10:06:30,862 [9d50a68e-635c-4808-a075-dce2406a94a2@group-60B79CED8902-LeaderElection70] INFO  server.RaftServer$Division (RaftServerImpl.java:setFirstElection(574)) - 9d50a68e-635c-4808-a075-dce2406a94a2@group-60B79CED8902: set firstElectionSinceStartup to false for becomeLeader
2024-04-29 10:06:30,862 [9d50a68e-635c-4808-a075-dce2406a94a2@group-60B79CED8902-LeaderElection70] INFO  ratis.XceiverServerRatis (XceiverServerRatis.java:handleLeaderChangedNotification(966)) - Leader change notification received for group: group-60B79CED8902 with new leaderId: 9d50a68e-635c-4808-a075-dce2406a94a2
2024-04-29 10:06:30,863 [9d50a68e-635c-4808-a075-dce2406a94a2@group-60B79CED8902-LeaderElection70] INFO  server.RaftServer$Division (ServerState.java:setLeader(269)) - 9d50a68e-635c-4808-a075-dce2406a94a2@group-60B79CED8902: change Leader from null to 9d50a68e-635c-4808-a075-dce2406a94a2 at term 1 for becomeLeader, leader elected after 5104ms
2024-04-29 10:06:30,863 [9d50a68e-635c-4808-a075-dce2406a94a2@group-60B79CED8902-LeaderElection70] INFO  segmented.SegmentedRaftLogWorker (SegmentedRaftLogWorker.java:startLogSegment(430)) - 9d50a68e-635c-4808-a075-dce2406a94a2@group-60B79CED8902-SegmentedRaftLogWorker: Starting segment from index:0
2024-04-29 10:06:30,863 [9d50a68e-635c-4808-a075-dce2406a94a2@group-60B79CED8902-LeaderElection70] INFO  server.RaftServer$Division (ServerState.java:setRaftConf(386)) - 9d50a68e-635c-4808-a075-dce2406a94a2@group-60B79CED8902: set configuration 0: peers:[96aec129-8b92-4385-b6bc-dde0a337a972|127.0.0.1:15406, 258cf687-9dbc-46c1-b255-600d670a4b6c|127.0.0.1:15397, 9d50a68e-635c-4808-a075-dce2406a94a2|127.0.0.1:15415]|listeners:[], old=null
2024-04-29 10:06:30,863 [9d50a68e-635c-4808-a075-dce2406a94a2@group-60B79CED8902-SegmentedRaftLogWorker] INFO  segmented.BufferedWriteChannel (BufferedWriteChannel.java:open(62)) - open log_inprogress_0 at position 0
2024-04-29 10:06:30,863 [EventQueue-PipelineReportForPipelineReportHandler] INFO  pipeline.PipelineReportHandler (PipelineReportHandler.java:processPipelineReport(136)) - Opened pipeline PipelineID=0d7410f7-5039-47a1-bbfe-60b79ced8902
2024-04-29 10:06:30,869 [96aec129-8b92-4385-b6bc-dde0a337a972-server-thread1] INFO  ratis.XceiverServerRatis (XceiverServerRatis.java:handleLeaderChangedNotification(966)) - Leader change notification received for group: group-60B79CED8902 with new leaderId: 9d50a68e-635c-4808-a075-dce2406a94a2
2024-04-29 10:06:30,869 [96aec129-8b92-4385-b6bc-dde0a337a972-server-thread1] INFO  server.RaftServer$Division (ServerState.java:setLeader(269)) - 96aec129-8b92-4385-b6bc-dde0a337a972@group-60B79CED8902: change Leader from null to 9d50a68e-635c-4808-a075-dce2406a94a2 at term 1 for appendEntries, leader elected after 5128ms
2024-04-29 10:06:30,870 [96aec129-8b92-4385-b6bc-dde0a337a972-server-thread2] INFO  server.RaftServer$Division (ServerState.java:setRaftConf(386)) - 96aec129-8b92-4385-b6bc-dde0a337a972@group-60B79CED8902: set configuration 0: peers:[96aec129-8b92-4385-b6bc-dde0a337a972|127.0.0.1:15406, 258cf687-9dbc-46c1-b255-600d670a4b6c|127.0.0.1:15397, 9d50a68e-635c-4808-a075-dce2406a94a2|127.0.0.1:15415]|listeners:[], old=null
2024-04-29 10:06:30,870 [96aec129-8b92-4385-b6bc-dde0a337a972-server-thread2] INFO  segmented.SegmentedRaftLogWorker (SegmentedRaftLogWorker.java:startLogSegment(430)) - 96aec129-8b92-4385-b6bc-dde0a337a972@group-60B79CED8902-SegmentedRaftLogWorker: Starting segment from index:0
2024-04-29 10:06:30,870 [96aec129-8b92-4385-b6bc-dde0a337a972@group-60B79CED8902-SegmentedRaftLogWorker] INFO  segmented.BufferedWriteChannel (BufferedWriteChannel.java:open(62)) - open log_inprogress_0 at position 0
2024-04-29 10:06:30,872 [258cf687-9dbc-46c1-b255-600d670a4b6c-server-thread1] INFO  ratis.XceiverServerRatis (XceiverServerRatis.java:handleLeaderChangedNotification(966)) - Leader change notification received for group: group-60B79CED8902 with new leaderId: 9d50a68e-635c-4808-a075-dce2406a94a2
2024-04-29 10:06:30,872 [258cf687-9dbc-46c1-b255-600d670a4b6c-server-thread1] INFO  server.RaftServer$Division (ServerState.java:setLeader(269)) - 258cf687-9dbc-46c1-b255-600d670a4b6c@group-60B79CED8902: change Leader from null to 9d50a68e-635c-4808-a075-dce2406a94a2 at term 1 for appendEntries, leader elected after 5153ms
2024-04-29 10:06:30,874 [258cf687-9dbc-46c1-b255-600d670a4b6c-server-thread2] INFO  server.RaftServer$Division (ServerState.java:setRaftConf(386)) - 258cf687-9dbc-46c1-b255-600d670a4b6c@group-60B79CED8902: set configuration 0: peers:[96aec129-8b92-4385-b6bc-dde0a337a972|127.0.0.1:15406, 258cf687-9dbc-46c1-b255-600d670a4b6c|127.0.0.1:15397, 9d50a68e-635c-4808-a075-dce2406a94a2|127.0.0.1:15415]|listeners:[], old=null
2024-04-29 10:06:30,874 [258cf687-9dbc-46c1-b255-600d670a4b6c-server-thread2] INFO  segmented.SegmentedRaftLogWorker (SegmentedRaftLogWorker.java:startLogSegment(430)) - 258cf687-9dbc-46c1-b255-600d670a4b6c@group-60B79CED8902-SegmentedRaftLogWorker: Starting segment from index:0
2024-04-29 10:06:30,882 [258cf687-9dbc-46c1-b255-600d670a4b6c@group-60B79CED8902-SegmentedRaftLogWorker] INFO  segmented.BufferedWriteChannel (BufferedWriteChannel.java:open(62)) - open log_inprogress_0 at position 0
2024-04-29 10:06:30,883 [9d50a68e-635c-4808-a075-dce2406a94a2@group-C3C3C2B38EFF-SegmentedRaftLogWorker] INFO  segmented.SegmentedRaftLogWorker (SegmentedRaftLogWorker.java:execute(634)) - 9d50a68e-635c-4808-a075-dce2406a94a2@group-C3C3C2B38EFF-SegmentedRaftLogWorker: created new log segment /home/runner/work/ozone/ozone/hadoop-ozone/integration-test/target/test-dir/MiniOzoneClusterImpl-2cdd5cd5-9c4c-463f-a193-9ffbc37dc237/ozone-meta/datanode-6/ratis/7c40a7e7-adb3-4371-a5c8-c3c3c2b38eff/current/log_inprogress_0
2024-04-29 10:06:30,883 [9d50a68e-635c-4808-a075-dce2406a94a2@group-60B79CED8902-SegmentedRaftLogWorker] INFO  segmented.SegmentedRaftLogWorker (SegmentedRaftLogWorker.java:execute(634)) - 9d50a68e-635c-4808-a075-dce2406a94a2@group-60B79CED8902-SegmentedRaftLogWorker: created new log segment /home/runner/work/ozone/ozone/hadoop-ozone/integration-test/target/test-dir/MiniOzoneClusterImpl-2cdd5cd5-9c4c-463f-a193-9ffbc37dc237/ozone-meta/datanode-6/ratis/0d7410f7-5039-47a1-bbfe-60b79ced8902/current/log_inprogress_0
2024-04-29 10:06:30,884 [96aec129-8b92-4385-b6bc-dde0a337a972@group-7E6710E055B0-SegmentedRaftLogWorker] INFO  segmented.SegmentedRaftLogWorker (SegmentedRaftLogWorker.java:execute(634)) - 96aec129-8b92-4385-b6bc-dde0a337a972@group-7E6710E055B0-SegmentedRaftLogWorker: created new log segment /home/runner/work/ozone/ozone/hadoop-ozone/integration-test/target/test-dir/MiniOzoneClusterImpl-2cdd5cd5-9c4c-463f-a193-9ffbc37dc237/ozone-meta/datanode-5/ratis/4a543431-5045-4466-8351-7e6710e055b0/current/log_inprogress_0
2024-04-29 10:06:30,885 [9d50a68e-635c-4808-a075-dce2406a94a2@group-C3C3C2B38EFF-StateMachineUpdater] INFO  server.RaftServer$Division (LeaderStateImpl.java:isApplied(320)) - leader is ready since appliedIndex == 0 >= startIndex == 0
2024-04-29 10:06:30,885 [96aec129-8b92-4385-b6bc-dde0a337a972@group-60B79CED8902-SegmentedRaftLogWorker] INFO  segmented.SegmentedRaftLogWorker (SegmentedRaftLogWorker.java:execute(634)) - 96aec129-8b92-4385-b6bc-dde0a337a972@group-60B79CED8902-SegmentedRaftLogWorker: created new log segment /home/runner/work/ozone/ozone/hadoop-ozone/integration-test/target/test-dir/MiniOzoneClusterImpl-2cdd5cd5-9c4c-463f-a193-9ffbc37dc237/ozone-meta/datanode-5/ratis/0d7410f7-5039-47a1-bbfe-60b79ced8902/current/log_inprogress_0
2024-04-29 10:06:30,886 [96aec129-8b92-4385-b6bc-dde0a337a972@group-7E6710E055B0-StateMachineUpdater] INFO  server.RaftServer$Division (LeaderStateImpl.java:isApplied(320)) - leader is ready since appliedIndex == 0 >= startIndex == 0
2024-04-29 10:06:30,890 [258cf687-9dbc-46c1-b255-600d670a4b6c@group-60B79CED8902-SegmentedRaftLogWorker] INFO  segmented.SegmentedRaftLogWorker (SegmentedRaftLogWorker.java:execute(634)) - 258cf687-9dbc-46c1-b255-600d670a4b6c@group-60B79CED8902-SegmentedRaftLogWorker: created new log segment /home/runner/work/ozone/ozone/hadoop-ozone/integration-test/target/test-dir/MiniOzoneClusterImpl-2cdd5cd5-9c4c-463f-a193-9ffbc37dc237/ozone-meta/datanode-4/ratis/0d7410f7-5039-47a1-bbfe-60b79ced8902/current/log_inprogress_0
2024-04-29 10:06:30,890 [9d50a68e-635c-4808-a075-dce2406a94a2@group-60B79CED8902-StateMachineUpdater] INFO  server.RaftServer$Division (LeaderStateImpl.java:isApplied(320)) - leader is ready since appliedIndex == 0 >= startIndex == 0
2024-04-29 10:06:30,906 [05b2082f-ed41-4af0-9481-4223771265a3@group-5F1D51DC6C06-FollowerState] INFO  impl.FollowerState (FollowerState.java:run(143)) - 05b2082f-ed41-4af0-9481-4223771265a3@group-5F1D51DC6C06-FollowerState: change to CANDIDATE, lastRpcElapsedTime:5011534196ns, electionTimeout:5011ms
2024-04-29 10:06:30,906 [05b2082f-ed41-4af0-9481-4223771265a3@group-5F1D51DC6C06-FollowerState] INFO  impl.RoleInfo (RoleInfo.java:shutdownFollowerState(110)) - 05b2082f-ed41-4af0-9481-4223771265a3: shutdown 05b2082f-ed41-4af0-9481-4223771265a3@group-5F1D51DC6C06-FollowerState
2024-04-29 10:06:30,906 [05b2082f-ed41-4af0-9481-4223771265a3@group-5F1D51DC6C06-FollowerState] INFO  server.RaftServer$Division (RaftServerImpl.java:setRole(383)) - 05b2082f-ed41-4af0-9481-4223771265a3@group-5F1D51DC6C06: changes role from  FOLLOWER to CANDIDATE at term 0 for changeToCandidate
2024-04-29 10:06:30,906 [05b2082f-ed41-4af0-9481-4223771265a3@group-5F1D51DC6C06-FollowerState] INFO  server.RaftServerConfigKeys (ConfUtils.java:logGet(46)) - raft.server.leaderelection.pre-vote = true (default)
2024-04-29 10:06:30,906 [05b2082f-ed41-4af0-9481-4223771265a3@group-5F1D51DC6C06-FollowerState] INFO  impl.RoleInfo (RoleInfo.java:updateAndGet(139)) - 05b2082f-ed41-4af0-9481-4223771265a3: start 05b2082f-ed41-4af0-9481-4223771265a3@group-5F1D51DC6C06-LeaderElection73
2024-04-29 10:06:30,907 [05b2082f-ed41-4af0-9481-4223771265a3@group-5F1D51DC6C06-LeaderElection73] INFO  impl.LeaderElection (LeaderElection.java:askForVotes(321)) - 05b2082f-ed41-4af0-9481-4223771265a3@group-5F1D51DC6C06-LeaderElection73 PRE_VOTE round 0: submit vote requests at term 0 for -1: peers:[05b2082f-ed41-4af0-9481-4223771265a3|127.0.0.1:15424, e630d950-2d07-45d9-8bac-ccae2e608fbd|127.0.0.1:15442, e953ff49-4527-49f7-9f97-ccf5cafd9f48|127.0.0.1:15433]|listeners:[], old=null
2024-04-29 10:06:30,907 [05b2082f-ed41-4af0-9481-4223771265a3@group-5F1D51DC6C06-LeaderElection73-1] INFO  server.GrpcServerProtocolClient (GrpcServerProtocolClient.java:<init>(65)) - Build channel for e630d950-2d07-45d9-8bac-ccae2e608fbd|127.0.0.1:15442
2024-04-29 10:06:30,907 [05b2082f-ed41-4af0-9481-4223771265a3@group-5F1D51DC6C06-LeaderElection73-2] INFO  server.GrpcServerProtocolClient (GrpcServerProtocolClient.java:<init>(65)) - Build channel for e953ff49-4527-49f7-9f97-ccf5cafd9f48|127.0.0.1:15433
2024-04-29 10:06:30,907 [05b2082f-ed41-4af0-9481-4223771265a3@group-5F1D51DC6C06-LeaderElection73] INFO  server.RaftServerConfigKeys (ConfUtils.java:logFallback(53)) - raft.server.rpc.first-election.timeout.min = 5s (fallback to raft.server.rpc.timeout.min)
2024-04-29 10:06:30,907 [05b2082f-ed41-4af0-9481-4223771265a3@group-5F1D51DC6C06-LeaderElection73] INFO  server.RaftServerConfigKeys (ConfUtils.java:logFallback(53)) - raft.server.rpc.first-election.timeout.max = 5200ms (fallback to raft.server.rpc.timeout.max)
2024-04-29 10:06:30,911 [grpc-default-executor-4] INFO  server.RaftServer$Division (RaftServerImpl.java:requestVote(1389)) - e953ff49-4527-49f7-9f97-ccf5cafd9f48@group-5F1D51DC6C06: receive requestVote(PRE_VOTE, 05b2082f-ed41-4af0-9481-4223771265a3, group-5F1D51DC6C06, 0, (t:0, i:0))
2024-04-29 10:06:30,911 [grpc-default-executor-3] INFO  server.RaftServer$Division (RaftServerImpl.java:requestVote(1389)) - e630d950-2d07-45d9-8bac-ccae2e608fbd@group-5F1D51DC6C06: receive requestVote(PRE_VOTE, 05b2082f-ed41-4af0-9481-4223771265a3, group-5F1D51DC6C06, 0, (t:0, i:0))
2024-04-29 10:06:30,911 [grpc-default-executor-4] INFO  impl.VoteContext (VoteContext.java:log(49)) - e953ff49-4527-49f7-9f97-ccf5cafd9f48@group-5F1D51DC6C06-FOLLOWER: accept PRE_VOTE from 05b2082f-ed41-4af0-9481-4223771265a3: our priority 0 <= candidate's priority 0
2024-04-29 10:06:30,911 [grpc-default-executor-3] INFO  impl.VoteContext (VoteContext.java:log(49)) - e630d950-2d07-45d9-8bac-ccae2e608fbd@group-5F1D51DC6C06-FOLLOWER: reject PRE_VOTE from 05b2082f-ed41-4af0-9481-4223771265a3: our priority 1 > candidate's priority 0
2024-04-29 10:06:30,911 [grpc-default-executor-4] INFO  server.RaftServer$Division (RaftServerImpl.java:requestVote(1422)) - e953ff49-4527-49f7-9f97-ccf5cafd9f48@group-5F1D51DC6C06 replies to PRE_VOTE vote request: 05b2082f-ed41-4af0-9481-4223771265a3<-e953ff49-4527-49f7-9f97-ccf5cafd9f48#0:OK-t0. Peer's state: e953ff49-4527-49f7-9f97-ccf5cafd9f48@group-5F1D51DC6C06:t0, leader=null, voted=, raftlog=Memoized:e953ff49-4527-49f7-9f97-ccf5cafd9f48@group-5F1D51DC6C06-SegmentedRaftLog:OPENED:c-1, conf=-1: peers:[05b2082f-ed41-4af0-9481-4223771265a3|127.0.0.1:15424, e630d950-2d07-45d9-8bac-ccae2e608fbd|127.0.0.1:15442, e953ff49-4527-49f7-9f97-ccf5cafd9f48|127.0.0.1:15433]|listeners:[], old=null
2024-04-29 10:06:30,911 [grpc-default-executor-3] INFO  server.RaftServer$Division (RaftServerImpl.java:requestVote(1422)) - e630d950-2d07-45d9-8bac-ccae2e608fbd@group-5F1D51DC6C06 replies to PRE_VOTE vote request: 05b2082f-ed41-4af0-9481-4223771265a3<-e630d950-2d07-45d9-8bac-ccae2e608fbd#0:FAIL-t0. Peer's state: e630d950-2d07-45d9-8bac-ccae2e608fbd@group-5F1D51DC6C06:t0, leader=null, voted=, raftlog=Memoized:e630d950-2d07-45d9-8bac-ccae2e608fbd@group-5F1D51DC6C06-SegmentedRaftLog:OPENED:c-1, conf=-1: peers:[05b2082f-ed41-4af0-9481-4223771265a3|127.0.0.1:15424, e630d950-2d07-45d9-8bac-ccae2e608fbd|127.0.0.1:15442, e953ff49-4527-49f7-9f97-ccf5cafd9f48|127.0.0.1:15433]|listeners:[], old=null
2024-04-29 10:06:30,912 [05b2082f-ed41-4af0-9481-4223771265a3@group-5F1D51DC6C06-LeaderElection73] INFO  impl.LeaderElection (LeaderElection.java:logAndReturn(89)) - 05b2082f-ed41-4af0-9481-4223771265a3@group-5F1D51DC6C06-LeaderElection73: PRE_VOTE REJECTED received 2 response(s) and 0 exception(s):
2024-04-29 10:06:30,912 [05b2082f-ed41-4af0-9481-4223771265a3@group-5F1D51DC6C06-LeaderElection73] INFO  impl.LeaderElection (LeaderElection.java:logAndReturn(93)) -   Response 0: 05b2082f-ed41-4af0-9481-4223771265a3<-e630d950-2d07-45d9-8bac-ccae2e608fbd#0:FAIL-t0
2024-04-29 10:06:30,912 [05b2082f-ed41-4af0-9481-4223771265a3@group-5F1D51DC6C06-LeaderElection73] INFO  impl.LeaderElection (LeaderElection.java:logAndReturn(93)) -   Response 1: 05b2082f-ed41-4af0-9481-4223771265a3<-e953ff49-4527-49f7-9f97-ccf5cafd9f48#0:OK-t0
2024-04-29 10:06:30,912 [05b2082f-ed41-4af0-9481-4223771265a3@group-5F1D51DC6C06-LeaderElection73] INFO  impl.LeaderElection (LeaderElection.java:askForVotes(323)) - 05b2082f-ed41-4af0-9481-4223771265a3@group-5F1D51DC6C06-LeaderElection73 PRE_VOTE round 0: result REJECTED
2024-04-29 10:06:30,912 [05b2082f-ed41-4af0-9481-4223771265a3@group-5F1D51DC6C06-LeaderElection73] INFO  server.RaftServer$Division (RaftServerImpl.java:setRole(383)) - 05b2082f-ed41-4af0-9481-4223771265a3@group-5F1D51DC6C06: changes role from CANDIDATE to FOLLOWER at term 0 for REJECTED
2024-04-29 10:06:30,912 [05b2082f-ed41-4af0-9481-4223771265a3@group-5F1D51DC6C06-LeaderElection73] INFO  impl.RoleInfo (RoleInfo.java:shutdownLeaderElection(130)) - 05b2082f-ed41-4af0-9481-4223771265a3: shutdown 05b2082f-ed41-4af0-9481-4223771265a3@group-5F1D51DC6C06-LeaderElection73
2024-04-29 10:06:30,912 [05b2082f-ed41-4af0-9481-4223771265a3@group-5F1D51DC6C06-LeaderElection73] INFO  impl.RoleInfo (RoleInfo.java:updateAndGet(139)) - 05b2082f-ed41-4af0-9481-4223771265a3: start 05b2082f-ed41-4af0-9481-4223771265a3@group-5F1D51DC6C06-FollowerState
2024-04-29 10:06:30,913 [05b2082f-ed41-4af0-9481-4223771265a3@group-5F1D51DC6C06-LeaderElection73] INFO  server.RaftServer$Division (RaftServerImpl.java:setFirstElection(574)) - 05b2082f-ed41-4af0-9481-4223771265a3@group-5F1D51DC6C06: set firstElectionSinceStartup to false for REJECTED
2024-04-29 10:06:30,959 [05b2082f-ed41-4af0-9481-4223771265a3@group-B4FE43D966C8-FollowerState] INFO  impl.FollowerState (FollowerState.java:run(143)) - 05b2082f-ed41-4af0-9481-4223771265a3@group-B4FE43D966C8-FollowerState: change to CANDIDATE, lastRpcElapsedTime:5075726417ns, electionTimeout:5075ms
2024-04-29 10:06:30,959 [05b2082f-ed41-4af0-9481-4223771265a3@group-B4FE43D966C8-FollowerState] INFO  impl.RoleInfo (RoleInfo.java:shutdownFollowerState(110)) - 05b2082f-ed41-4af0-9481-4223771265a3: shutdown 05b2082f-ed41-4af0-9481-4223771265a3@group-B4FE43D966C8-FollowerState
2024-04-29 10:06:30,959 [05b2082f-ed41-4af0-9481-4223771265a3@group-B4FE43D966C8-FollowerState] INFO  server.RaftServer$Division (RaftServerImpl.java:setRole(383)) - 05b2082f-ed41-4af0-9481-4223771265a3@group-B4FE43D966C8: changes role from  FOLLOWER to CANDIDATE at term 0 for changeToCandidate
2024-04-29 10:06:30,959 [05b2082f-ed41-4af0-9481-4223771265a3@group-B4FE43D966C8-FollowerState] INFO  server.RaftServerConfigKeys (ConfUtils.java:logGet(46)) - raft.server.leaderelection.pre-vote = true (default)
2024-04-29 10:06:30,959 [05b2082f-ed41-4af0-9481-4223771265a3@group-B4FE43D966C8-FollowerState] INFO  impl.RoleInfo (RoleInfo.java:updateAndGet(139)) - 05b2082f-ed41-4af0-9481-4223771265a3: start 05b2082f-ed41-4af0-9481-4223771265a3@group-B4FE43D966C8-LeaderElection74
2024-04-29 10:06:30,959 [05b2082f-ed41-4af0-9481-4223771265a3@group-B4FE43D966C8-LeaderElection74] INFO  impl.LeaderElection (LeaderElection.java:askForVotes(321)) - 05b2082f-ed41-4af0-9481-4223771265a3@group-B4FE43D966C8-LeaderElection74 PRE_VOTE round 0: submit vote requests at term 0 for -1: peers:[05b2082f-ed41-4af0-9481-4223771265a3|127.0.0.1:15424]|listeners:[], old=null
2024-04-29 10:06:30,959 [05b2082f-ed41-4af0-9481-4223771265a3@group-B4FE43D966C8-LeaderElection74] INFO  impl.LeaderElection (LeaderElection.java:askForVotes(323)) - 05b2082f-ed41-4af0-9481-4223771265a3@group-B4FE43D966C8-LeaderElection74 PRE_VOTE round 0: result PASSED (term=0)
2024-04-29 10:06:30,960 [05b2082f-ed41-4af0-9481-4223771265a3@group-B4FE43D966C8-LeaderElection74] INFO  impl.LeaderElection (LeaderElection.java:askForVotes(321)) - 05b2082f-ed41-4af0-9481-4223771265a3@group-B4FE43D966C8-LeaderElection74 ELECTION round 0: submit vote requests at term 1 for -1: peers:[05b2082f-ed41-4af0-9481-4223771265a3|127.0.0.1:15424]|listeners:[], old=null
2024-04-29 10:06:30,960 [05b2082f-ed41-4af0-9481-4223771265a3@group-B4FE43D966C8-LeaderElection74] INFO  impl.LeaderElection (LeaderElection.java:askForVotes(323)) - 05b2082f-ed41-4af0-9481-4223771265a3@group-B4FE43D966C8-LeaderElection74 ELECTION round 0: result PASSED (term=1)
2024-04-29 10:06:30,960 [05b2082f-ed41-4af0-9481-4223771265a3@group-B4FE43D966C8-LeaderElection74] INFO  impl.RoleInfo (RoleInfo.java:shutdownLeaderElection(130)) - 05b2082f-ed41-4af0-9481-4223771265a3: shutdown 05b2082f-ed41-4af0-9481-4223771265a3@group-B4FE43D966C8-LeaderElection74
2024-04-29 10:06:30,961 [05b2082f-ed41-4af0-9481-4223771265a3@group-B4FE43D966C8-LeaderElection74] INFO  server.RaftServer$Division (RaftServerImpl.java:setRole(383)) - 05b2082f-ed41-4af0-9481-4223771265a3@group-B4FE43D966C8: changes role from CANDIDATE to LEADER at term 1 for changeToLeader
2024-04-29 10:06:30,961 [05b2082f-ed41-4af0-9481-4223771265a3@group-B4FE43D966C8-LeaderElection74] INFO  server.RaftServerConfigKeys (ConfUtils.java:logGet(46)) - raft.server.staging.catchup.gap = 1000 (default)
2024-04-29 10:06:30,961 [05b2082f-ed41-4af0-9481-4223771265a3@group-B4FE43D966C8-LeaderElection74] INFO  server.RaftServerConfigKeys (ConfUtils.java:logGet(46)) - raft.server.write.element-limit = 1024 (custom)
2024-04-29 10:06:30,961 [05b2082f-ed41-4af0-9481-4223771265a3@group-B4FE43D966C8-LeaderElection74] INFO  server.RaftServerConfigKeys (ConfUtils.java:logGet(46)) - raft.server.write.byte-limit = 1024 M (=1073741824) (custom)
2024-04-29 10:06:30,961 [05b2082f-ed41-4af0-9481-4223771265a3@group-B4FE43D966C8-LeaderElection74] INFO  server.RaftServerConfigKeys (ConfUtils.java:logGet(46)) - raft.server.watch.timeout = 3000ms (custom)
2024-04-29 10:06:30,961 [05b2082f-ed41-4af0-9481-4223771265a3@group-B4FE43D966C8-LeaderElection74] INFO  server.RaftServerConfigKeys (ConfUtils.java:logGet(46)) - raft.server.watch.timeout.denomination = 1s (default)
2024-04-29 10:06:30,961 [05b2082f-ed41-4af0-9481-4223771265a3@group-B4FE43D966C8-LeaderElection74] INFO  server.RaftServerConfigKeys (ConfUtils.java:logGet(46)) - raft.server.watch.element-limit = 65536 (default)
2024-04-29 10:06:30,961 [05b2082f-ed41-4af0-9481-4223771265a3@group-B4FE43D966C8-LeaderElection74] INFO  server.RaftServerConfigKeys (ConfUtils.java:logGet(46)) - raft.server.read.leader.lease.enabled = false (default)
2024-04-29 10:06:30,961 [05b2082f-ed41-4af0-9481-4223771265a3@group-B4FE43D966C8-LeaderElection74] INFO  server.RaftServerConfigKeys (ConfUtils.java:logGet(46)) - raft.server.read.leader.lease.timeout.ratio = 0.9 (default)
2024-04-29 10:06:30,961 [05b2082f-ed41-4af0-9481-4223771265a3@group-B4FE43D966C8-LeaderElection74] INFO  server.RaftServerConfigKeys (ConfUtils.java:logGet(46)) - raft.server.rpc.timeout.min = 5s (custom)
2024-04-29 10:06:30,961 [05b2082f-ed41-4af0-9481-4223771265a3@group-B4FE43D966C8-LeaderElection74] INFO  server.RaftServerConfigKeys (ConfUtils.java:logGet(46)) - raft.server.write.element-limit = 1024 (custom)
2024-04-29 10:06:30,961 [05b2082f-ed41-4af0-9481-4223771265a3@group-B4FE43D966C8-LeaderElection74] INFO  server.RaftServerConfigKeys (ConfUtils.java:logGet(46)) - raft.server.write.follower.gap.ratio.max = -1.0 (default)
2024-04-29 10:06:30,962 [05b2082f-ed41-4af0-9481-4223771265a3@group-B4FE43D966C8-LeaderElection74] INFO  impl.RoleInfo (RoleInfo.java:updateAndGet(139)) - 05b2082f-ed41-4af0-9481-4223771265a3: start 05b2082f-ed41-4af0-9481-4223771265a3@group-B4FE43D966C8-LeaderStateImpl
2024-04-29 10:06:30,962 [05b2082f-ed41-4af0-9481-4223771265a3@group-B4FE43D966C8-LeaderElection74] INFO  server.RaftServer$Division (RaftServerImpl.java:setFirstElection(574)) - 05b2082f-ed41-4af0-9481-4223771265a3@group-B4FE43D966C8: set firstElectionSinceStartup to false for becomeLeader
2024-04-29 10:06:30,962 [05b2082f-ed41-4af0-9481-4223771265a3@group-B4FE43D966C8-LeaderElection74] INFO  ratis.XceiverServerRatis (XceiverServerRatis.java:handleLeaderChangedNotification(966)) - Leader change notification received for group: group-B4FE43D966C8 with new leaderId: 05b2082f-ed41-4af0-9481-4223771265a3
2024-04-29 10:06:30,962 [05b2082f-ed41-4af0-9481-4223771265a3@group-B4FE43D966C8-LeaderElection74] INFO  server.RaftServer$Division (ServerState.java:setLeader(269)) - 05b2082f-ed41-4af0-9481-4223771265a3@group-B4FE43D966C8: change Leader from null to 05b2082f-ed41-4af0-9481-4223771265a3 at term 1 for becomeLeader, leader elected after 5089ms
2024-04-29 10:06:30,962 [05b2082f-ed41-4af0-9481-4223771265a3@group-B4FE43D966C8-LeaderElection74] INFO  segmented.SegmentedRaftLogWorker (SegmentedRaftLogWorker.java:startLogSegment(430)) - 05b2082f-ed41-4af0-9481-4223771265a3@group-B4FE43D966C8-SegmentedRaftLogWorker: Starting segment from index:0
2024-04-29 10:06:30,962 [05b2082f-ed41-4af0-9481-4223771265a3@group-B4FE43D966C8-SegmentedRaftLogWorker] INFO  segmented.BufferedWriteChannel (BufferedWriteChannel.java:open(62)) - open log_inprogress_0 at position 0
2024-04-29 10:06:30,965 [05b2082f-ed41-4af0-9481-4223771265a3@group-B4FE43D966C8-LeaderElection74] INFO  server.RaftServer$Division (ServerState.java:setRaftConf(386)) - 05b2082f-ed41-4af0-9481-4223771265a3@group-B4FE43D966C8: set configuration 0: peers:[05b2082f-ed41-4af0-9481-4223771265a3|127.0.0.1:15424]|listeners:[], old=null
2024-04-29 10:06:30,969 [05b2082f-ed41-4af0-9481-4223771265a3@group-B4FE43D966C8-SegmentedRaftLogWorker] INFO  segmented.SegmentedRaftLogWorker (SegmentedRaftLogWorker.java:execute(634)) - 05b2082f-ed41-4af0-9481-4223771265a3@group-B4FE43D966C8-SegmentedRaftLogWorker: created new log segment /home/runner/work/ozone/ozone/hadoop-ozone/integration-test/target/test-dir/MiniOzoneClusterImpl-2cdd5cd5-9c4c-463f-a193-9ffbc37dc237/ozone-meta/datanode-7/ratis/2a8ccaea-c1be-4746-b64c-b4fe43d966c8/current/log_inprogress_0
2024-04-29 10:06:30,971 [05b2082f-ed41-4af0-9481-4223771265a3@group-B4FE43D966C8-StateMachineUpdater] INFO  server.RaftServer$Division (LeaderStateImpl.java:isApplied(320)) - leader is ready since appliedIndex == 0 >= startIndex == 0
2024-04-29 10:06:31,001 [main] INFO  ozone.MiniOzoneClusterImpl (MiniOzoneClusterImpl.java:lambda$waitForClusterToBeReady$0(194)) - Nodes are ready. Got 9 of 9 DN Heartbeats.
2024-04-29 10:06:31,002 [main] INFO  ozone.MiniOzoneClusterImpl (MiniOzoneClusterImpl.java:lambda$waitForClusterToBeReady$0(197)) - Cluster exits safe mode
2024-04-29 10:06:31,002 [main] INFO  ozone.MiniOzoneClusterImpl (MiniOzoneClusterImpl.java:lambda$waitForClusterToBeReady$0(199)) - SCM became leader
2024-04-29 10:06:31,002 [main] INFO  protocolPB.OmTransportFactory (OmTransportFactory.java:createFactory(62)) - Loading OM transport implementation org.apache.hadoop.ozone.om.protocolPB.Hadoop3OmTransportFactory as specified by configuration.
2024-04-29 10:06:31,006 [main] INFO  rpc.RpcClient (RpcClient.java:createVolume(470)) - Creating Volume: watchforcommithandlingtest, with runner as owner and space quota set to -1 bytes, counts quota set to -1
2024-04-29 10:06:31,009 [om1-OMStateMachineApplyTransactionThread - 0] INFO  volume.OMVolumeCreateRequest (OMVolumeCreateRequest.java:validateAndUpdateCache(198)) - created volume:watchforcommithandlingtest for user:runner
2024-04-29 10:06:31,011 [main] INFO  rpc.RpcClient (RpcClient.java:createBucket(696)) - Creating Bucket: watchforcommithandlingtest/watchforcommithandlingtest, with server-side default bucket layout, runner as owner, Versioning false, Storage Type set to DISK and Encryption set to false, Replication Type set to server-side default replication type, Namespace Quota set to -1, Space Quota set to -1 
2024-04-29 10:06:31,013 [om1-OMStateMachineApplyTransactionThread - 0] INFO  bucket.OMBucketCreateRequest (OMBucketCreateRequest.java:validateAndUpdateCache(293)) - created bucket: watchforcommithandlingtest of layout FILE_SYSTEM_OPTIMIZED in volume: watchforcommithandlingtest
2024-04-29 10:06:31,017 [IPC Server handler 0 on default port 15356] INFO  ha.SequenceIdGenerator (SequenceIdGenerator.java:getNextId(145)) - Allocate a batch for containerId, change lastId from 0 to 1000.
2024-04-29 10:06:31,026 [e630d950-2d07-45d9-8bac-ccae2e608fbd@group-5F1D51DC6C06-FollowerState] INFO  impl.FollowerState (FollowerState.java:run(143)) - e630d950-2d07-45d9-8bac-ccae2e608fbd@group-5F1D51DC6C06-FollowerState: change to CANDIDATE, lastRpcElapsedTime:5117353471ns, electionTimeout:5117ms
2024-04-29 10:06:31,027 [e630d950-2d07-45d9-8bac-ccae2e608fbd@group-5F1D51DC6C06-FollowerState] INFO  impl.RoleInfo (RoleInfo.java:shutdownFollowerState(110)) - e630d950-2d07-45d9-8bac-ccae2e608fbd: shutdown e630d950-2d07-45d9-8bac-ccae2e608fbd@group-5F1D51DC6C06-FollowerState
2024-04-29 10:06:31,027 [e630d950-2d07-45d9-8bac-ccae2e608fbd@group-5F1D51DC6C06-FollowerState] INFO  server.RaftServer$Division (RaftServerImpl.java:setRole(383)) - e630d950-2d07-45d9-8bac-ccae2e608fbd@group-5F1D51DC6C06: changes role from  FOLLOWER to CANDIDATE at term 0 for changeToCandidate
2024-04-29 10:06:31,027 [e630d950-2d07-45d9-8bac-ccae2e608fbd@group-5F1D51DC6C06-FollowerState] INFO  server.RaftServerConfigKeys (ConfUtils.java:logGet(46)) - raft.server.leaderelection.pre-vote = true (default)
2024-04-29 10:06:31,027 [e630d950-2d07-45d9-8bac-ccae2e608fbd@group-5F1D51DC6C06-FollowerState] INFO  impl.RoleInfo (RoleInfo.java:updateAndGet(139)) - e630d950-2d07-45d9-8bac-ccae2e608fbd: start e630d950-2d07-45d9-8bac-ccae2e608fbd@group-5F1D51DC6C06-LeaderElection75
2024-04-29 10:06:31,030 [e630d950-2d07-45d9-8bac-ccae2e608fbd@group-5F1D51DC6C06-LeaderElection75] INFO  impl.LeaderElection (LeaderElection.java:askForVotes(321)) - e630d950-2d07-45d9-8bac-ccae2e608fbd@group-5F1D51DC6C06-LeaderElection75 PRE_VOTE round 0: submit vote requests at term 0 for -1: peers:[05b2082f-ed41-4af0-9481-4223771265a3|127.0.0.1:15424, e630d950-2d07-45d9-8bac-ccae2e608fbd|127.0.0.1:15442, e953ff49-4527-49f7-9f97-ccf5cafd9f48|127.0.0.1:15433]|listeners:[], old=null
2024-04-29 10:06:31,031 [e630d950-2d07-45d9-8bac-ccae2e608fbd@group-5F1D51DC6C06-LeaderElection75-1] INFO  server.GrpcServerProtocolClient (GrpcServerProtocolClient.java:<init>(65)) - Build channel for 05b2082f-ed41-4af0-9481-4223771265a3|127.0.0.1:15424
2024-04-29 10:06:31,031 [e630d950-2d07-45d9-8bac-ccae2e608fbd@group-5F1D51DC6C06-LeaderElection75-2] INFO  server.GrpcServerProtocolClient (GrpcServerProtocolClient.java:<init>(65)) - Build channel for e953ff49-4527-49f7-9f97-ccf5cafd9f48|127.0.0.1:15433
2024-04-29 10:06:31,031 [e630d950-2d07-45d9-8bac-ccae2e608fbd@group-5F1D51DC6C06-LeaderElection75] INFO  server.RaftServerConfigKeys (ConfUtils.java:logFallback(53)) - raft.server.rpc.first-election.timeout.min = 5s (fallback to raft.server.rpc.timeout.min)
2024-04-29 10:06:31,031 [e630d950-2d07-45d9-8bac-ccae2e608fbd@group-5F1D51DC6C06-LeaderElection75] INFO  server.RaftServerConfigKeys (ConfUtils.java:logFallback(53)) - raft.server.rpc.first-election.timeout.max = 5200ms (fallback to raft.server.rpc.timeout.max)
2024-04-29 10:06:31,034 [main] INFO  ozoneimpl.OzoneContainer (OzoneContainer.java:stop(481)) - Attempting to stop container services.
2024-04-29 10:06:31,034 [ContainerMetadataScanner] WARN  ozoneimpl.AbstractBackgroundContainerScanner (AbstractBackgroundContainerScanner.java:handleRemainingSleep(134)) - Background container scan was interrupted.
2024-04-29 10:06:31,034 [ContainerMetadataScanner] INFO  ozoneimpl.AbstractBackgroundContainerScanner (AbstractBackgroundContainerScanner.java:run(61)) - Thread[ContainerMetadataScanner,5,main] exiting.
2024-04-29 10:06:31,035 [main] INFO  ozoneimpl.BackgroundContainerDataScanner (BackgroundContainerDataScanner.java:shutdown(141)) - ContainerDataScanner(/home/runner/work/ozone/ozone/hadoop-ozone/integration-test/target/test-dir/MiniOzoneClusterImpl-2cdd5cd5-9c4c-463f-a193-9ffbc37dc237/ozone-meta/datanode-4/data-0/hdds) is shutting down. 
2024-04-29 10:06:31,035 [ContainerDataScanner(/home/runner/work/ozone/ozone/hadoop-ozone/integration-test/target/test-dir/MiniOzoneClusterImpl-2cdd5cd5-9c4c-463f-a193-9ffbc37dc237/ozone-meta/datanode-4/data-0/hdds)] WARN  ozoneimpl.AbstractBackgroundContainerScanner (AbstractBackgroundContainerScanner.java:handleRemainingSleep(134)) - Background container scan was interrupted.
2024-04-29 10:06:31,035 [ContainerDataScanner(/home/runner/work/ozone/ozone/hadoop-ozone/integration-test/target/test-dir/MiniOzoneClusterImpl-2cdd5cd5-9c4c-463f-a193-9ffbc37dc237/ozone-meta/datanode-4/data-0/hdds)] INFO  ozoneimpl.AbstractBackgroundContainerScanner (AbstractBackgroundContainerScanner.java:run(61)) - ContainerDataScanner(/home/runner/work/ozone/ozone/hadoop-ozone/integration-test/target/test-dir/MiniOzoneClusterImpl-2cdd5cd5-9c4c-463f-a193-9ffbc37dc237/ozone-meta/datanode-4/data-0/hdds, DS-8e2903ed-be65-4c62-845b-a61c2d154cf6) exiting.
2024-04-29 10:06:31,036 [main] INFO  ozoneimpl.OnDemandContainerDataScanner (OnDemandContainerDataScanner.java:shutdownScanner(206)) - On-demand container scanner is shutting down.
2024-04-29 10:06:31,036 [main] INFO  server.RaftServer (RaftServerProxy.java:lambda$close$9(416)) - 258cf687-9dbc-46c1-b255-600d670a4b6c: close
2024-04-29 10:06:31,036 [main] INFO  server.GrpcService (GrpcService.java:closeImpl(311)) - 258cf687-9dbc-46c1-b255-600d670a4b6c: shutdown server org.apache.ratis.grpc.server.GrpcClientProtocolService now
2024-04-29 10:06:31,037 [258cf687-9dbc-46c1-b255-600d670a4b6c-impl-thread2] INFO  server.RaftServer$Division (RaftServerImpl.java:lambda$close$3(526)) - 258cf687-9dbc-46c1-b255-600d670a4b6c@group-60B79CED8902: shutdown
2024-04-29 10:06:31,037 [258cf687-9dbc-46c1-b255-600d670a4b6c-impl-thread2] INFO  util.JmxRegister (JmxRegister.java:unregister(73)) - Successfully un-registered JMX Bean with object name Ratis:service=RaftServer,group=group-60B79CED8902,id=258cf687-9dbc-46c1-b255-600d670a4b6c
2024-04-29 10:06:31,037 [258cf687-9dbc-46c1-b255-600d670a4b6c-impl-thread2] INFO  impl.RoleInfo (RoleInfo.java:shutdownFollowerState(110)) - 258cf687-9dbc-46c1-b255-600d670a4b6c: shutdown 258cf687-9dbc-46c1-b255-600d670a4b6c@group-60B79CED8902-FollowerState
2024-04-29 10:06:31,038 [258cf687-9dbc-46c1-b255-600d670a4b6c@group-60B79CED8902-FollowerState] INFO  impl.FollowerState (FollowerState.java:run(152)) - 258cf687-9dbc-46c1-b255-600d670a4b6c@group-60B79CED8902-FollowerState was interrupted
2024-04-29 10:06:31,038 [258cf687-9dbc-46c1-b255-600d670a4b6c-impl-thread2] INFO  impl.StateMachineUpdater (StateMachineUpdater.java:stopAndJoin(157)) - 258cf687-9dbc-46c1-b255-600d670a4b6c@group-60B79CED8902-StateMachineUpdater: set stopIndex = 1
2024-04-29 10:06:31,038 [grpc-default-executor-3] INFO  server.RaftServer$Division (RaftServerImpl.java:requestVote(1389)) - e953ff49-4527-49f7-9f97-ccf5cafd9f48@group-5F1D51DC6C06: receive requestVote(PRE_VOTE, e630d950-2d07-45d9-8bac-ccae2e608fbd, group-5F1D51DC6C06, 0, (t:0, i:0))
2024-04-29 10:06:31,038 [grpc-default-executor-3] INFO  impl.VoteContext (VoteContext.java:log(49)) - e953ff49-4527-49f7-9f97-ccf5cafd9f48@group-5F1D51DC6C06-FOLLOWER: accept PRE_VOTE from e630d950-2d07-45d9-8bac-ccae2e608fbd: our priority 0 <= candidate's priority 1
2024-04-29 10:06:31,038 [grpc-default-executor-3] INFO  server.RaftServer$Division (RaftServerImpl.java:requestVote(1422)) - e953ff49-4527-49f7-9f97-ccf5cafd9f48@group-5F1D51DC6C06 replies to PRE_VOTE vote request: e630d950-2d07-45d9-8bac-ccae2e608fbd<-e953ff49-4527-49f7-9f97-ccf5cafd9f48#0:OK-t0. Peer's state: e953ff49-4527-49f7-9f97-ccf5cafd9f48@group-5F1D51DC6C06:t0, leader=null, voted=, raftlog=Memoized:e953ff49-4527-49f7-9f97-ccf5cafd9f48@group-5F1D51DC6C06-SegmentedRaftLog:OPENED:c-1, conf=-1: peers:[05b2082f-ed41-4af0-9481-4223771265a3|127.0.0.1:15424, e630d950-2d07-45d9-8bac-ccae2e608fbd|127.0.0.1:15442, e953ff49-4527-49f7-9f97-ccf5cafd9f48|127.0.0.1:15433]|listeners:[], old=null
2024-04-29 10:06:31,038 [grpc-default-executor-4] INFO  server.RaftServer$Division (RaftServerImpl.java:requestVote(1389)) - 05b2082f-ed41-4af0-9481-4223771265a3@group-5F1D51DC6C06: receive requestVote(PRE_VOTE, e630d950-2d07-45d9-8bac-ccae2e608fbd, group-5F1D51DC6C06, 0, (t:0, i:0))
2024-04-29 10:06:31,038 [grpc-default-executor-4] INFO  impl.VoteContext (VoteContext.java:log(49)) - 05b2082f-ed41-4af0-9481-4223771265a3@group-5F1D51DC6C06-FOLLOWER: accept PRE_VOTE from e630d950-2d07-45d9-8bac-ccae2e608fbd: our priority 0 <= candidate's priority 1
2024-04-29 10:06:31,038 [grpc-default-executor-4] INFO  server.RaftServer$Division (RaftServerImpl.java:requestVote(1422)) - 05b2082f-ed41-4af0-9481-4223771265a3@group-5F1D51DC6C06 replies to PRE_VOTE vote request: e630d950-2d07-45d9-8bac-ccae2e608fbd<-05b2082f-ed41-4af0-9481-4223771265a3#0:OK-t0. Peer's state: 05b2082f-ed41-4af0-9481-4223771265a3@group-5F1D51DC6C06:t0, leader=null, voted=, raftlog=Memoized:05b2082f-ed41-4af0-9481-4223771265a3@group-5F1D51DC6C06-SegmentedRaftLog:OPENED:c-1, conf=-1: peers:[05b2082f-ed41-4af0-9481-4223771265a3|127.0.0.1:15424, e630d950-2d07-45d9-8bac-ccae2e608fbd|127.0.0.1:15442, e953ff49-4527-49f7-9f97-ccf5cafd9f48|127.0.0.1:15433]|listeners:[], old=null
2024-04-29 10:06:31,039 [258cf687-9dbc-46c1-b255-600d670a4b6c@group-60B79CED8902-StateMachineUpdater] INFO  ratis.ContainerStateMachine (ContainerStateMachine.java:takeSnapshot(355)) - group-60B79CED8902: Taking a snapshot at:(t:1, i:1) file /home/runner/work/ozone/ozone/hadoop-ozone/integration-test/target/test-dir/MiniOzoneClusterImpl-2cdd5cd5-9c4c-463f-a193-9ffbc37dc237/ozone-meta/datanode-4/ratis/0d7410f7-5039-47a1-bbfe-60b79ced8902/sm/snapshot.1_1
2024-04-29 10:06:31,039 [e630d950-2d07-45d9-8bac-ccae2e608fbd@group-5F1D51DC6C06-LeaderElection75] INFO  impl.LeaderElection (LeaderElection.java:logAndReturn(89)) - e630d950-2d07-45d9-8bac-ccae2e608fbd@group-5F1D51DC6C06-LeaderElection75: PRE_VOTE PASSED received 1 response(s) and 0 exception(s):
2024-04-29 10:06:31,039 [e630d950-2d07-45d9-8bac-ccae2e608fbd@group-5F1D51DC6C06-LeaderElection75] INFO  impl.LeaderElection (LeaderElection.java:logAndReturn(93)) -   Response 0: e630d950-2d07-45d9-8bac-ccae2e608fbd<-05b2082f-ed41-4af0-9481-4223771265a3#0:OK-t0
2024-04-29 10:06:31,039 [e630d950-2d07-45d9-8bac-ccae2e608fbd@group-5F1D51DC6C06-LeaderElection75] INFO  impl.LeaderElection (LeaderElection.java:askForVotes(323)) - e630d950-2d07-45d9-8bac-ccae2e608fbd@group-5F1D51DC6C06-LeaderElection75 PRE_VOTE round 0: result PASSED
2024-04-29 10:06:31,040 [258cf687-9dbc-46c1-b255-600d670a4b6c@group-60B79CED8902-StateMachineUpdater] INFO  ratis.ContainerStateMachine (ContainerStateMachine.java:takeSnapshot(366)) - group-60B79CED8902: Finished taking a snapshot at:(t:1, i:1) file:/home/runner/work/ozone/ozone/hadoop-ozone/integration-test/target/test-dir/MiniOzoneClusterImpl-2cdd5cd5-9c4c-463f-a193-9ffbc37dc237/ozone-meta/datanode-4/ratis/0d7410f7-5039-47a1-bbfe-60b79ced8902/sm/snapshot.1_1 took: 1 ms
2024-04-29 10:06:31,040 [258cf687-9dbc-46c1-b255-600d670a4b6c@group-60B79CED8902-StateMachineUpdater] INFO  impl.StateMachineUpdater (StateMachineUpdater.java:takeSnapshot(295)) - 258cf687-9dbc-46c1-b255-600d670a4b6c@group-60B79CED8902-StateMachineUpdater: Took a snapshot at index 1
2024-04-29 10:06:31,040 [e630d950-2d07-45d9-8bac-ccae2e608fbd@group-5F1D51DC6C06-LeaderElection75] INFO  impl.LeaderElection (LeaderElection.java:askForVotes(321)) - e630d950-2d07-45d9-8bac-ccae2e608fbd@group-5F1D51DC6C06-LeaderElection75 ELECTION round 0: submit vote requests at term 1 for -1: peers:[05b2082f-ed41-4af0-9481-4223771265a3|127.0.0.1:15424, e630d950-2d07-45d9-8bac-ccae2e608fbd|127.0.0.1:15442, e953ff49-4527-49f7-9f97-ccf5cafd9f48|127.0.0.1:15433]|listeners:[], old=null
2024-04-29 10:06:31,040 [258cf687-9dbc-46c1-b255-600d670a4b6c@group-60B79CED8902-StateMachineUpdater] INFO  impl.StateMachineUpdater (StateMachineUpdater.java:lambda$new$0(98)) - 258cf687-9dbc-46c1-b255-600d670a4b6c@group-60B79CED8902-StateMachineUpdater: snapshotIndex: updateIncreasingly -1 -> 1
2024-04-29 10:06:31,041 [258cf687-9dbc-46c1-b255-600d670a4b6c-impl-thread1] INFO  server.RaftServer$Division (RaftServerImpl.java:lambda$close$3(526)) - 258cf687-9dbc-46c1-b255-600d670a4b6c@group-ADD0C83E6892: shutdown
2024-04-29 10:06:31,041 [258cf687-9dbc-46c1-b255-600d670a4b6c-impl-thread1] INFO  util.JmxRegister (JmxRegister.java:unregister(73)) - Successfully un-registered JMX Bean with object name Ratis:service=RaftServer,group=group-ADD0C83E6892,id=258cf687-9dbc-46c1-b255-600d670a4b6c
2024-04-29 10:06:31,041 [258cf687-9dbc-46c1-b255-600d670a4b6c-impl-thread1] INFO  impl.RoleInfo (RoleInfo.java:shutdownLeaderState(94)) - 258cf687-9dbc-46c1-b255-600d670a4b6c: shutdown 258cf687-9dbc-46c1-b255-600d670a4b6c@group-ADD0C83E6892-LeaderStateImpl
2024-04-29 10:06:31,041 [258cf687-9dbc-46c1-b255-600d670a4b6c-impl-thread2] INFO  server.RaftServer$Division (ServerState.java:close(427)) - 258cf687-9dbc-46c1-b255-600d670a4b6c@group-60B79CED8902: applyIndex: 1
2024-04-29 10:06:31,041 [258cf687-9dbc-46c1-b255-600d670a4b6c@group-60B79CED8902-cacheEviction-AwaitToRun] INFO  util.AwaitToRun (AwaitToRun.java:run(49)) - 258cf687-9dbc-46c1-b255-600d670a4b6c@group-60B79CED8902-cacheEviction-AwaitToRun-AwaitForSignal is interrupted
2024-04-29 10:06:31,041 [258cf687-9dbc-46c1-b255-600d670a4b6c-impl-thread1] INFO  impl.PendingRequests (PendingRequests.java:sendNotLeaderResponses(289)) - 258cf687-9dbc-46c1-b255-600d670a4b6c@group-ADD0C83E6892-PendingRequests: sendNotLeaderResponses
2024-04-29 10:06:31,041 [258cf687-9dbc-46c1-b255-600d670a4b6c-impl-thread1] INFO  impl.StateMachineUpdater (StateMachineUpdater.java:stopAndJoin(157)) - 258cf687-9dbc-46c1-b255-600d670a4b6c@group-ADD0C83E6892-StateMachineUpdater: set stopIndex = 0
2024-04-29 10:06:31,041 [258cf687-9dbc-46c1-b255-600d670a4b6c@group-ADD0C83E6892-StateMachineUpdater] INFO  ratis.ContainerStateMachine (ContainerStateMachine.java:takeSnapshot(355)) - group-ADD0C83E6892: Taking a snapshot at:(t:1, i:0) file /home/runner/work/ozone/ozone/hadoop-ozone/integration-test/target/test-dir/MiniOzoneClusterImpl-2cdd5cd5-9c4c-463f-a193-9ffbc37dc237/ozone-meta/datanode-4/ratis/922be877-8da3-4e55-813a-add0c83e6892/sm/snapshot.1_0
2024-04-29 10:06:31,042 [258cf687-9dbc-46c1-b255-600d670a4b6c@group-ADD0C83E6892-StateMachineUpdater] INFO  ratis.ContainerStateMachine (ContainerStateMachine.java:takeSnapshot(366)) - group-ADD0C83E6892: Finished taking a snapshot at:(t:1, i:0) file:/home/runner/work/ozone/ozone/hadoop-ozone/integration-test/target/test-dir/MiniOzoneClusterImpl-2cdd5cd5-9c4c-463f-a193-9ffbc37dc237/ozone-meta/datanode-4/ratis/922be877-8da3-4e55-813a-add0c83e6892/sm/snapshot.1_0 took: 0 ms
2024-04-29 10:06:31,042 [258cf687-9dbc-46c1-b255-600d670a4b6c@group-ADD0C83E6892-StateMachineUpdater] INFO  impl.StateMachineUpdater (StateMachineUpdater.java:takeSnapshot(295)) - 258cf687-9dbc-46c1-b255-600d670a4b6c@group-ADD0C83E6892-StateMachineUpdater: Took a snapshot at index 0
2024-04-29 10:06:31,042 [258cf687-9dbc-46c1-b255-600d670a4b6c@group-ADD0C83E6892-StateMachineUpdater] INFO  impl.StateMachineUpdater (StateMachineUpdater.java:lambda$new$0(98)) - 258cf687-9dbc-46c1-b255-600d670a4b6c@group-ADD0C83E6892-StateMachineUpdater: snapshotIndex: updateIncreasingly -1 -> 0
2024-04-29 10:06:31,042 [258cf687-9dbc-46c1-b255-600d670a4b6c-impl-thread1] INFO  server.RaftServer$Division (ServerState.java:close(427)) - 258cf687-9dbc-46c1-b255-600d670a4b6c@group-ADD0C83E6892: applyIndex: 0
2024-04-29 10:06:31,043 [258cf687-9dbc-46c1-b255-600d670a4b6c@group-ADD0C83E6892-cacheEviction-AwaitToRun] INFO  util.AwaitToRun (AwaitToRun.java:run(49)) - 258cf687-9dbc-46c1-b255-600d670a4b6c@group-ADD0C83E6892-cacheEviction-AwaitToRun-AwaitForSignal is interrupted
2024-04-29 10:06:31,043 [main] INFO  server.GrpcService (GrpcService.java:closeImpl(320)) - 258cf687-9dbc-46c1-b255-600d670a4b6c: shutdown server org.apache.ratis.grpc.server.GrpcClientProtocolService successfully
2024-04-29 10:06:31,043 [main] INFO  server.GrpcService (GrpcService.java:closeImpl(311)) - 258cf687-9dbc-46c1-b255-600d670a4b6c: shutdown server GrpcServerProtocolService now
2024-04-29 10:06:31,043 [grpc-default-executor-4] INFO  server.RaftServer$Division (RaftServerImpl.java:requestVote(1389)) - 05b2082f-ed41-4af0-9481-4223771265a3@group-5F1D51DC6C06: receive requestVote(ELECTION, e630d950-2d07-45d9-8bac-ccae2e608fbd, group-5F1D51DC6C06, 1, (t:0, i:0))
2024-04-29 10:06:31,043 [grpc-default-executor-4] INFO  impl.VoteContext (VoteContext.java:log(49)) - 05b2082f-ed41-4af0-9481-4223771265a3@group-5F1D51DC6C06-FOLLOWER: accept ELECTION from e630d950-2d07-45d9-8bac-ccae2e608fbd: our priority 0 <= candidate's priority 1
2024-04-29 10:06:31,044 [grpc-default-executor-4] INFO  server.RaftServer$Division (RaftServerImpl.java:setRole(383)) - 05b2082f-ed41-4af0-9481-4223771265a3@group-5F1D51DC6C06: changes role from  FOLLOWER to FOLLOWER at term 1 for candidate:e630d950-2d07-45d9-8bac-ccae2e608fbd
2024-04-29 10:06:31,044 [grpc-default-executor-4] INFO  impl.RoleInfo (RoleInfo.java:shutdownFollowerState(110)) - 05b2082f-ed41-4af0-9481-4223771265a3: shutdown 05b2082f-ed41-4af0-9481-4223771265a3@group-5F1D51DC6C06-FollowerState
2024-04-29 10:06:31,044 [grpc-default-executor-4] INFO  impl.RoleInfo (RoleInfo.java:updateAndGet(139)) - 05b2082f-ed41-4af0-9481-4223771265a3: start 05b2082f-ed41-4af0-9481-4223771265a3@group-5F1D51DC6C06-FollowerState
2024-04-29 10:06:31,044 [05b2082f-ed41-4af0-9481-4223771265a3@group-5F1D51DC6C06-FollowerState] INFO  impl.FollowerState (FollowerState.java:run(152)) - 05b2082f-ed41-4af0-9481-4223771265a3@group-5F1D51DC6C06-FollowerState was interrupted
2024-04-29 10:06:31,044 [grpc-default-executor-6] WARN  server.GrpcServerProtocolService (LogUtils.java:warn(121)) - 258cf687-9dbc-46c1-b255-600d670a4b6c: APPEND_ENTRIES onError, lastRequest: 9d50a68e-635c-4808-a075-dce2406a94a2->258cf687-9dbc-46c1-b255-600d670a4b6c#5-t1,previous=(t:1, i:1),leaderCommit=1,initializing? false,entries: size=1, first=(t:1, i:2), METADATAENTRY(c:1): org.apache.ratis.thirdparty.io.grpc.StatusRuntimeException: CANCELLED: client cancelled
2024-04-29 10:06:31,044 [grpc-default-executor-2] WARN  server.GrpcServerProtocolService (LogUtils.java:warn(121)) - 258cf687-9dbc-46c1-b255-600d670a4b6c: APPEND_ENTRIES onError, lastRequest: null: org.apache.ratis.thirdparty.io.grpc.StatusRuntimeException: CANCELLED: client cancelled
2024-04-29 10:06:31,044 [grpc-default-executor-6] WARN  server.GrpcLogAppender (LogUtils.java:warn(121)) - 9d50a68e-635c-4808-a075-dce2406a94a2@group-60B79CED8902->258cf687-9dbc-46c1-b255-600d670a4b6c-AppendLogResponseHandler: Failed appendEntries: org.apache.ratis.thirdparty.io.grpc.StatusRuntimeException: CANCELLED: RST_STREAM closed stream. HTTP/2 error code: CANCEL
2024-04-29 10:06:31,044 [grpc-default-executor-6] WARN  server.GrpcLogAppender (GrpcLogAppender.java:lambda$resetClient$1(217)) - 9d50a68e-635c-4808-a075-dce2406a94a2@group-60B79CED8902->258cf687-9dbc-46c1-b255-600d670a4b6c-GrpcLogAppender: Follower failed (request=null, errorCount=1); keep nextIndex (3) unchanged and retry.
2024-04-29 10:06:31,045 [e630d950-2d07-45d9-8bac-ccae2e608fbd@group-5F1D51DC6C06-LeaderElection75] INFO  server.RaftServerConfigKeys (ConfUtils.java:logFallback(53)) - raft.server.rpc.first-election.timeout.min = 5s (fallback to raft.server.rpc.timeout.min)
2024-04-29 10:06:31,045 [e630d950-2d07-45d9-8bac-ccae2e608fbd@group-5F1D51DC6C06-LeaderElection75] INFO  server.RaftServerConfigKeys (ConfUtils.java:logFallback(53)) - raft.server.rpc.first-election.timeout.max = 5200ms (fallback to raft.server.rpc.timeout.max)
2024-04-29 10:06:31,046 [grpc-default-executor-6] INFO  server.RaftServer$Division (RaftServerImpl.java:requestVote(1389)) - e953ff49-4527-49f7-9f97-ccf5cafd9f48@group-5F1D51DC6C06: receive requestVote(ELECTION, e630d950-2d07-45d9-8bac-ccae2e608fbd, group-5F1D51DC6C06, 1, (t:0, i:0))
2024-04-29 10:06:31,046 [grpc-default-executor-6] INFO  impl.VoteContext (VoteContext.java:log(49)) - e953ff49-4527-49f7-9f97-ccf5cafd9f48@group-5F1D51DC6C06-FOLLOWER: accept ELECTION from e630d950-2d07-45d9-8bac-ccae2e608fbd: our priority 0 <= candidate's priority 1
2024-04-29 10:06:31,046 [grpc-default-executor-6] INFO  server.RaftServer$Division (RaftServerImpl.java:setRole(383)) - e953ff49-4527-49f7-9f97-ccf5cafd9f48@group-5F1D51DC6C06: changes role from  FOLLOWER to FOLLOWER at term 1 for candidate:e630d950-2d07-45d9-8bac-ccae2e608fbd
2024-04-29 10:06:31,046 [grpc-default-executor-6] INFO  impl.RoleInfo (RoleInfo.java:shutdownFollowerState(110)) - e953ff49-4527-49f7-9f97-ccf5cafd9f48: shutdown e953ff49-4527-49f7-9f97-ccf5cafd9f48@group-5F1D51DC6C06-FollowerState
2024-04-29 10:06:31,046 [grpc-default-executor-6] INFO  impl.RoleInfo (RoleInfo.java:updateAndGet(139)) - e953ff49-4527-49f7-9f97-ccf5cafd9f48: start e953ff49-4527-49f7-9f97-ccf5cafd9f48@group-5F1D51DC6C06-FollowerState
2024-04-29 10:06:31,046 [e953ff49-4527-49f7-9f97-ccf5cafd9f48@group-5F1D51DC6C06-FollowerState] INFO  impl.FollowerState (FollowerState.java:run(152)) - e953ff49-4527-49f7-9f97-ccf5cafd9f48@group-5F1D51DC6C06-FollowerState was interrupted
2024-04-29 10:06:31,048 [grpc-default-executor-6] INFO  server.RaftServer$Division (RaftServerImpl.java:setFirstElection(574)) - e953ff49-4527-49f7-9f97-ccf5cafd9f48@group-5F1D51DC6C06: set firstElectionSinceStartup to false for candidate:e630d950-2d07-45d9-8bac-ccae2e608fbd
2024-04-29 10:06:31,049 [main] INFO  server.GrpcService (GrpcService.java:closeImpl(320)) - 258cf687-9dbc-46c1-b255-600d670a4b6c: shutdown server GrpcServerProtocolService successfully
2024-04-29 10:06:31,049 [main] INFO  server.GrpcService (GrpcService.java:closeImpl(311)) - 258cf687-9dbc-46c1-b255-600d670a4b6c: shutdown server org.apache.ratis.grpc.server.GrpcAdminProtocolService now
2024-04-29 10:06:31,049 [grpc-default-executor-4] INFO  server.RaftServer$Division (RaftServerImpl.java:requestVote(1422)) - 05b2082f-ed41-4af0-9481-4223771265a3@group-5F1D51DC6C06 replies to ELECTION vote request: e630d950-2d07-45d9-8bac-ccae2e608fbd<-05b2082f-ed41-4af0-9481-4223771265a3#0:OK-t1. Peer's state: 05b2082f-ed41-4af0-9481-4223771265a3@group-5F1D51DC6C06:t1, leader=null, voted=e630d950-2d07-45d9-8bac-ccae2e608fbd, raftlog=Memoized:05b2082f-ed41-4af0-9481-4223771265a3@group-5F1D51DC6C06-SegmentedRaftLog:OPENED:c-1, conf=-1: peers:[05b2082f-ed41-4af0-9481-4223771265a3|127.0.0.1:15424, e630d950-2d07-45d9-8bac-ccae2e608fbd|127.0.0.1:15442, e953ff49-4527-49f7-9f97-ccf5cafd9f48|127.0.0.1:15433]|listeners:[], old=null
2024-04-29 10:06:31,050 [e630d950-2d07-45d9-8bac-ccae2e608fbd@group-5F1D51DC6C06-LeaderElection75] INFO  impl.LeaderElection (LeaderElection.java:logAndReturn(89)) - e630d950-2d07-45d9-8bac-ccae2e608fbd@group-5F1D51DC6C06-LeaderElection75: ELECTION PASSED received 1 response(s) and 0 exception(s):
2024-04-29 10:06:31,050 [e630d950-2d07-45d9-8bac-ccae2e608fbd@group-5F1D51DC6C06-LeaderElection75] INFO  impl.LeaderElection (LeaderElection.java:logAndReturn(93)) -   Response 0: e630d950-2d07-45d9-8bac-ccae2e608fbd<-05b2082f-ed41-4af0-9481-4223771265a3#0:OK-t1
2024-04-29 10:06:31,050 [e630d950-2d07-45d9-8bac-ccae2e608fbd@group-5F1D51DC6C06-LeaderElection75] INFO  impl.LeaderElection (LeaderElection.java:askForVotes(323)) - e630d950-2d07-45d9-8bac-ccae2e608fbd@group-5F1D51DC6C06-LeaderElection75 ELECTION round 0: result PASSED
2024-04-29 10:06:31,050 [e630d950-2d07-45d9-8bac-ccae2e608fbd@group-5F1D51DC6C06-LeaderElection75] INFO  impl.RoleInfo (RoleInfo.java:shutdownLeaderElection(130)) - e630d950-2d07-45d9-8bac-ccae2e608fbd: shutdown e630d950-2d07-45d9-8bac-ccae2e608fbd@group-5F1D51DC6C06-LeaderElection75
2024-04-29 10:06:31,050 [e630d950-2d07-45d9-8bac-ccae2e608fbd@group-5F1D51DC6C06-LeaderElection75] INFO  server.RaftServer$Division (RaftServerImpl.java:setRole(383)) - e630d950-2d07-45d9-8bac-ccae2e608fbd@group-5F1D51DC6C06: changes role from CANDIDATE to LEADER at term 1 for changeToLeader
2024-04-29 10:06:31,050 [e630d950-2d07-45d9-8bac-ccae2e608fbd@group-5F1D51DC6C06-LeaderElection75] INFO  server.RaftServerConfigKeys (ConfUtils.java:logGet(46)) - raft.server.staging.catchup.gap = 1000 (default)
2024-04-29 10:06:31,050 [e630d950-2d07-45d9-8bac-ccae2e608fbd@group-5F1D51DC6C06-LeaderElection75] INFO  server.RaftServerConfigKeys (ConfUtils.java:logGet(46)) - raft.server.write.element-limit = 1024 (custom)
2024-04-29 10:06:31,050 [e630d950-2d07-45d9-8bac-ccae2e608fbd@group-5F1D51DC6C06-LeaderElection75] INFO  server.RaftServerConfigKeys (ConfUtils.java:logGet(46)) - raft.server.write.byte-limit = 1024 M (=1073741824) (custom)
2024-04-29 10:06:31,051 [e630d950-2d07-45d9-8bac-ccae2e608fbd@group-5F1D51DC6C06-LeaderElection75] INFO  server.RaftServerConfigKeys (ConfUtils.java:logGet(46)) - raft.server.watch.timeout = 3000ms (custom)
2024-04-29 10:06:31,051 [e630d950-2d07-45d9-8bac-ccae2e608fbd@group-5F1D51DC6C06-LeaderElection75] INFO  server.RaftServerConfigKeys (ConfUtils.java:logGet(46)) - raft.server.watch.timeout.denomination = 1s (default)
2024-04-29 10:06:31,051 [e630d950-2d07-45d9-8bac-ccae2e608fbd@group-5F1D51DC6C06-LeaderElection75] INFO  server.RaftServerConfigKeys (ConfUtils.java:logGet(46)) - raft.server.watch.element-limit = 65536 (default)
2024-04-29 10:06:31,051 [e630d950-2d07-45d9-8bac-ccae2e608fbd@group-5F1D51DC6C06-LeaderElection75] INFO  server.RaftServerConfigKeys (ConfUtils.java:logGet(46)) - raft.server.read.leader.lease.enabled = false (default)
2024-04-29 10:06:31,051 [e630d950-2d07-45d9-8bac-ccae2e608fbd@group-5F1D51DC6C06-LeaderElection75] INFO  server.RaftServerConfigKeys (ConfUtils.java:logGet(46)) - raft.server.read.leader.lease.timeout.ratio = 0.9 (default)
2024-04-29 10:06:31,051 [e630d950-2d07-45d9-8bac-ccae2e608fbd@group-5F1D51DC6C06-LeaderElection75] INFO  server.RaftServerConfigKeys (ConfUtils.java:logGet(46)) - raft.server.rpc.timeout.min = 5s (custom)
2024-04-29 10:06:31,051 [e630d950-2d07-45d9-8bac-ccae2e608fbd@group-5F1D51DC6C06-LeaderElection75] INFO  server.RaftServerConfigKeys (ConfUtils.java:logGet(46)) - raft.server.write.element-limit = 1024 (custom)
2024-04-29 10:06:31,051 [e630d950-2d07-45d9-8bac-ccae2e608fbd@group-5F1D51DC6C06-LeaderElection75] INFO  server.RaftServerConfigKeys (ConfUtils.java:logGet(46)) - raft.server.write.follower.gap.ratio.max = -1.0 (default)
2024-04-29 10:06:31,052 [e630d950-2d07-45d9-8bac-ccae2e608fbd@group-5F1D51DC6C06-LeaderElection75] INFO  server.RaftServerConfigKeys (ConfUtils.java:logGet(46)) - raft.server.log.appender.snapshot.chunk.size.max = 16MB (=16777216) (default)
2024-04-29 10:06:31,052 [e630d950-2d07-45d9-8bac-ccae2e608fbd@group-5F1D51DC6C06-LeaderElection75] INFO  server.RaftServerConfigKeys (ConfUtils.java:logGet(46)) - raft.server.log.appender.buffer.byte-limit = 8388608 (custom)
2024-04-29 10:06:31,052 [e630d950-2d07-45d9-8bac-ccae2e608fbd@group-5F1D51DC6C06-LeaderElection75] INFO  server.RaftServerConfigKeys (ConfUtils.java:logGet(46)) - raft.server.log.appender.buffer.element-limit = 1 (custom)
2024-04-29 10:06:31,052 [e630d950-2d07-45d9-8bac-ccae2e608fbd@group-5F1D51DC6C06-LeaderElection75] INFO  server.RaftServerConfigKeys (ConfUtils.java:logGet(46)) - raft.server.log.appender.wait-time.min = 0ms (custom)
2024-04-29 10:06:31,052 [e630d950-2d07-45d9-8bac-ccae2e608fbd@group-5F1D51DC6C06-LeaderElection75] INFO  grpc.GrpcConfigKeys (ConfUtils.java:logGet(46)) - raft.grpc.server.leader.outstanding.appends.max = 8 (default)
2024-04-29 10:06:31,052 [e630d950-2d07-45d9-8bac-ccae2e608fbd@group-5F1D51DC6C06-LeaderElection75] INFO  server.RaftServerConfigKeys (ConfUtils.java:logGet(46)) - raft.server.rpc.request.timeout = 3000ms (default)
2024-04-29 10:06:31,052 [e630d950-2d07-45d9-8bac-ccae2e608fbd@group-5F1D51DC6C06-LeaderElection75] INFO  grpc.GrpcConfigKeys (ConfUtils.java:logGet(46)) - raft.grpc.server.install_snapshot.request.element-limit = 8 (default)
2024-04-29 10:06:31,052 [e630d950-2d07-45d9-8bac-ccae2e608fbd@group-5F1D51DC6C06-LeaderElection75] INFO  grpc.GrpcConfigKeys (ConfUtils.java:logGet(46)) - raft.grpc.server.install_snapshot.request.timeout = 3000ms (default)
2024-04-29 10:06:31,052 [e630d950-2d07-45d9-8bac-ccae2e608fbd@group-5F1D51DC6C06-LeaderElection75] INFO  grpc.GrpcConfigKeys (ConfUtils.java:logGet(46)) - raft.grpc.server.log-message.batch.duration = 5s (default)
2024-04-29 10:06:31,052 [e630d950-2d07-45d9-8bac-ccae2e608fbd@group-5F1D51DC6C06-LeaderElection75] INFO  server.RaftServerConfigKeys (ConfUtils.java:logGet(46)) - raft.server.log.appender.install.snapshot.enabled = false (custom)
2024-04-29 10:06:31,052 [e630d950-2d07-45d9-8bac-ccae2e608fbd@group-5F1D51DC6C06-LeaderElection75] INFO  grpc.GrpcConfigKeys (ConfUtils.java:logGet(46)) - raft.grpc.server.heartbeat.channel = true (default)
2024-04-29 10:06:31,053 [e630d950-2d07-45d9-8bac-ccae2e608fbd@group-5F1D51DC6C06-LeaderElection75] INFO  server.RaftServerConfigKeys (ConfUtils.java:logGet(46)) - raft.server.log.appender.snapshot.chunk.size.max = 16MB (=16777216) (default)
2024-04-29 10:06:31,053 [e630d950-2d07-45d9-8bac-ccae2e608fbd@group-5F1D51DC6C06-LeaderElection75] INFO  server.RaftServerConfigKeys (ConfUtils.java:logGet(46)) - raft.server.log.appender.buffer.byte-limit = 8388608 (custom)
2024-04-29 10:06:31,053 [e630d950-2d07-45d9-8bac-ccae2e608fbd@group-5F1D51DC6C06-LeaderElection75] INFO  server.RaftServerConfigKeys (ConfUtils.java:logGet(46)) - raft.server.log.appender.buffer.element-limit = 1 (custom)
2024-04-29 10:06:31,053 [e630d950-2d07-45d9-8bac-ccae2e608fbd@group-5F1D51DC6C06-LeaderElection75] INFO  server.RaftServerConfigKeys (ConfUtils.java:logGet(46)) - raft.server.log.appender.wait-time.min = 0ms (custom)
2024-04-29 10:06:31,053 [e630d950-2d07-45d9-8bac-ccae2e608fbd@group-5F1D51DC6C06-LeaderElection75] INFO  grpc.GrpcConfigKeys (ConfUtils.java:logGet(46)) - raft.grpc.server.leader.outstanding.appends.max = 8 (default)
2024-04-29 10:06:31,053 [e630d950-2d07-45d9-8bac-ccae2e608fbd@group-5F1D51DC6C06-LeaderElection75] INFO  server.RaftServerConfigKeys (ConfUtils.java:logGet(46)) - raft.server.rpc.request.timeout = 3000ms (default)
2024-04-29 10:06:31,053 [e630d950-2d07-45d9-8bac-ccae2e608fbd@group-5F1D51DC6C06-LeaderElection75] INFO  grpc.GrpcConfigKeys (ConfUtils.java:logGet(46)) - raft.grpc.server.install_snapshot.request.element-limit = 8 (default)
2024-04-29 10:06:31,053 [e630d950-2d07-45d9-8bac-ccae2e608fbd@group-5F1D51DC6C06-LeaderElection75] INFO  grpc.GrpcConfigKeys (ConfUtils.java:logGet(46)) - raft.grpc.server.install_snapshot.request.timeout = 3000ms (default)
2024-04-29 10:06:31,054 [e630d950-2d07-45d9-8bac-ccae2e608fbd@group-5F1D51DC6C06-LeaderElection75] INFO  grpc.GrpcConfigKeys (ConfUtils.java:logGet(46)) - raft.grpc.server.log-message.batch.duration = 5s (default)
2024-04-29 10:06:31,054 [e630d950-2d07-45d9-8bac-ccae2e608fbd@group-5F1D51DC6C06-LeaderElection75] INFO  server.RaftServerConfigKeys (ConfUtils.java:logGet(46)) - raft.server.log.appender.install.snapshot.enabled = false (custom)
2024-04-29 10:06:31,053 [grpc-default-executor-6] INFO  server.RaftServer$Division (RaftServerImpl.java:requestVote(1422)) - e953ff49-4527-49f7-9f97-ccf5cafd9f48@group-5F1D51DC6C06 replies to ELECTION vote request: e630d950-2d07-45d9-8bac-ccae2e608fbd<-e953ff49-4527-49f7-9f97-ccf5cafd9f48#0:OK-t1. Peer's state: e953ff49-4527-49f7-9f97-ccf5cafd9f48@group-5F1D51DC6C06:t1, leader=null, voted=e630d950-2d07-45d9-8bac-ccae2e608fbd, raftlog=Memoized:e953ff49-4527-49f7-9f97-ccf5cafd9f48@group-5F1D51DC6C06-SegmentedRaftLog:OPENED:c-1, conf=-1: peers:[05b2082f-ed41-4af0-9481-4223771265a3|127.0.0.1:15424, e630d950-2d07-45d9-8bac-ccae2e608fbd|127.0.0.1:15442, e953ff49-4527-49f7-9f97-ccf5cafd9f48|127.0.0.1:15433]|listeners:[], old=null
2024-04-29 10:06:31,054 [main] INFO  server.GrpcService (GrpcService.java:closeImpl(320)) - 258cf687-9dbc-46c1-b255-600d670a4b6c: shutdown server org.apache.ratis.grpc.server.GrpcAdminProtocolService successfully
2024-04-29 10:06:31,054 [e630d950-2d07-45d9-8bac-ccae2e608fbd@group-5F1D51DC6C06-LeaderElection75] INFO  grpc.GrpcConfigKeys (ConfUtils.java:logGet(46)) - raft.grpc.server.heartbeat.channel = true (default)
2024-04-29 10:06:31,054 [e630d950-2d07-45d9-8bac-ccae2e608fbd@group-5F1D51DC6C06-LeaderElection75] INFO  impl.RoleInfo (RoleInfo.java:updateAndGet(139)) - e630d950-2d07-45d9-8bac-ccae2e608fbd: start e630d950-2d07-45d9-8bac-ccae2e608fbd@group-5F1D51DC6C06-LeaderStateImpl
2024-04-29 10:06:31,055 [e630d950-2d07-45d9-8bac-ccae2e608fbd@group-5F1D51DC6C06-LeaderElection75] INFO  server.RaftServer$Division (RaftServerImpl.java:setFirstElection(574)) - e630d950-2d07-45d9-8bac-ccae2e608fbd@group-5F1D51DC6C06: set firstElectionSinceStartup to false for becomeLeader
2024-04-29 10:06:31,055 [e630d950-2d07-45d9-8bac-ccae2e608fbd@group-5F1D51DC6C06-LeaderElection75] INFO  ratis.XceiverServerRatis (XceiverServerRatis.java:handleLeaderChangedNotification(966)) - Leader change notification received for group: group-5F1D51DC6C06 with new leaderId: e630d950-2d07-45d9-8bac-ccae2e608fbd
2024-04-29 10:06:31,055 [e630d950-2d07-45d9-8bac-ccae2e608fbd@group-5F1D51DC6C06-LeaderElection75] INFO  server.RaftServer$Division (ServerState.java:setLeader(269)) - e630d950-2d07-45d9-8bac-ccae2e608fbd@group-5F1D51DC6C06: change Leader from null to e630d950-2d07-45d9-8bac-ccae2e608fbd at term 1 for becomeLeader, leader elected after 5154ms
2024-04-29 10:06:31,056 [EventQueue-PipelineReportForPipelineReportHandler] INFO  pipeline.PipelineReportHandler (PipelineReportHandler.java:processPipelineReport(136)) - Opened pipeline PipelineID=3403de07-fa73-484e-bd45-5f1d51dc6c06
2024-04-29 10:06:31,056 [e630d950-2d07-45d9-8bac-ccae2e608fbd@group-5F1D51DC6C06-LeaderElection75] INFO  segmented.SegmentedRaftLogWorker (SegmentedRaftLogWorker.java:startLogSegment(430)) - e630d950-2d07-45d9-8bac-ccae2e608fbd@group-5F1D51DC6C06-SegmentedRaftLogWorker: Starting segment from index:0
2024-04-29 10:06:31,057 [e630d950-2d07-45d9-8bac-ccae2e608fbd@group-5F1D51DC6C06-SegmentedRaftLogWorker] INFO  segmented.BufferedWriteChannel (BufferedWriteChannel.java:open(62)) - open log_inprogress_0 at position 0
2024-04-29 10:06:31,061 [e630d950-2d07-45d9-8bac-ccae2e608fbd@group-5F1D51DC6C06-LeaderElection75] INFO  server.RaftServer$Division (ServerState.java:setRaftConf(386)) - e630d950-2d07-45d9-8bac-ccae2e608fbd@group-5F1D51DC6C06: set configuration 0: peers:[05b2082f-ed41-4af0-9481-4223771265a3|127.0.0.1:15424, e630d950-2d07-45d9-8bac-ccae2e608fbd|127.0.0.1:15442, e953ff49-4527-49f7-9f97-ccf5cafd9f48|127.0.0.1:15433]|listeners:[], old=null
2024-04-29 10:06:31,063 [e953ff49-4527-49f7-9f97-ccf5cafd9f48@group-269B65E56047-FollowerState] INFO  impl.FollowerState (FollowerState.java:run(143)) - e953ff49-4527-49f7-9f97-ccf5cafd9f48@group-269B65E56047-FollowerState: change to CANDIDATE, lastRpcElapsedTime:5107538981ns, electionTimeout:5107ms
2024-04-29 10:06:31,063 [e953ff49-4527-49f7-9f97-ccf5cafd9f48@group-269B65E56047-FollowerState] INFO  impl.RoleInfo (RoleInfo.java:shutdownFollowerState(110)) - e953ff49-4527-49f7-9f97-ccf5cafd9f48: shutdown e953ff49-4527-49f7-9f97-ccf5cafd9f48@group-269B65E56047-FollowerState
2024-04-29 10:06:31,063 [e953ff49-4527-49f7-9f97-ccf5cafd9f48@group-269B65E56047-FollowerState] INFO  server.RaftServer$Division (RaftServerImpl.java:setRole(383)) - e953ff49-4527-49f7-9f97-ccf5cafd9f48@group-269B65E56047: changes role from  FOLLOWER to CANDIDATE at term 0 for changeToCandidate
2024-04-29 10:06:31,063 [e953ff49-4527-49f7-9f97-ccf5cafd9f48@group-269B65E56047-FollowerState] INFO  server.RaftServerConfigKeys (ConfUtils.java:logGet(46)) - raft.server.leaderelection.pre-vote = true (default)
2024-04-29 10:06:31,063 [e953ff49-4527-49f7-9f97-ccf5cafd9f48@group-269B65E56047-FollowerState] INFO  impl.RoleInfo (RoleInfo.java:updateAndGet(139)) - e953ff49-4527-49f7-9f97-ccf5cafd9f48: start e953ff49-4527-49f7-9f97-ccf5cafd9f48@group-269B65E56047-LeaderElection76
2024-04-29 10:06:31,063 [e953ff49-4527-49f7-9f97-ccf5cafd9f48@group-269B65E56047-LeaderElection76] INFO  impl.LeaderElection (LeaderElection.java:askForVotes(321)) - e953ff49-4527-49f7-9f97-ccf5cafd9f48@group-269B65E56047-LeaderElection76 PRE_VOTE round 0: submit vote requests at term 0 for -1: peers:[e953ff49-4527-49f7-9f97-ccf5cafd9f48|127.0.0.1:15433]|listeners:[], old=null
2024-04-29 10:06:31,064 [e953ff49-4527-49f7-9f97-ccf5cafd9f48@group-269B65E56047-LeaderElection76] INFO  impl.LeaderElection (LeaderElection.java:askForVotes(323)) - e953ff49-4527-49f7-9f97-ccf5cafd9f48@group-269B65E56047-LeaderElection76 PRE_VOTE round 0: result PASSED (term=0)
2024-04-29 10:06:31,065 [e630d950-2d07-45d9-8bac-ccae2e608fbd@group-5F1D51DC6C06-SegmentedRaftLogWorker] INFO  segmented.SegmentedRaftLogWorker (SegmentedRaftLogWorker.java:execute(634)) - e630d950-2d07-45d9-8bac-ccae2e608fbd@group-5F1D51DC6C06-SegmentedRaftLogWorker: created new log segment /home/runner/work/ozone/ozone/hadoop-ozone/integration-test/target/test-dir/MiniOzoneClusterImpl-2cdd5cd5-9c4c-463f-a193-9ffbc37dc237/ozone-meta/datanode-9/ratis/3403de07-fa73-484e-bd45-5f1d51dc6c06/current/log_inprogress_0
2024-04-29 10:06:31,065 [e953ff49-4527-49f7-9f97-ccf5cafd9f48@group-269B65E56047-LeaderElection76] INFO  impl.LeaderElection (LeaderElection.java:askForVotes(321)) - e953ff49-4527-49f7-9f97-ccf5cafd9f48@group-269B65E56047-LeaderElection76 ELECTION round 0: submit vote requests at term 1 for -1: peers:[e953ff49-4527-49f7-9f97-ccf5cafd9f48|127.0.0.1:15433]|listeners:[], old=null
2024-04-29 10:06:31,065 [e953ff49-4527-49f7-9f97-ccf5cafd9f48@group-269B65E56047-LeaderElection76] INFO  impl.LeaderElection (LeaderElection.java:askForVotes(323)) - e953ff49-4527-49f7-9f97-ccf5cafd9f48@group-269B65E56047-LeaderElection76 ELECTION round 0: result PASSED (term=1)
2024-04-29 10:06:31,065 [e953ff49-4527-49f7-9f97-ccf5cafd9f48@group-269B65E56047-LeaderElection76] INFO  impl.RoleInfo (RoleInfo.java:shutdownLeaderElection(130)) - e953ff49-4527-49f7-9f97-ccf5cafd9f48: shutdown e953ff49-4527-49f7-9f97-ccf5cafd9f48@group-269B65E56047-LeaderElection76
2024-04-29 10:06:31,065 [e953ff49-4527-49f7-9f97-ccf5cafd9f48@group-269B65E56047-LeaderElection76] INFO  server.RaftServer$Division (RaftServerImpl.java:setRole(383)) - e953ff49-4527-49f7-9f97-ccf5cafd9f48@group-269B65E56047: changes role from CANDIDATE to LEADER at term 1 for changeToLeader
2024-04-29 10:06:31,065 [e953ff49-4527-49f7-9f97-ccf5cafd9f48@group-269B65E56047-LeaderElection76] INFO  server.RaftServerConfigKeys (ConfUtils.java:logGet(46)) - raft.server.staging.catchup.gap = 1000 (default)
2024-04-29 10:06:31,065 [e953ff49-4527-49f7-9f97-ccf5cafd9f48@group-269B65E56047-LeaderElection76] INFO  server.RaftServerConfigKeys (ConfUtils.java:logGet(46)) - raft.server.write.element-limit = 1024 (custom)
2024-04-29 10:06:31,065 [e953ff49-4527-49f7-9f97-ccf5cafd9f48@group-269B65E56047-LeaderElection76] INFO  server.RaftServerConfigKeys (ConfUtils.java:logGet(46)) - raft.server.write.byte-limit = 1024 M (=1073741824) (custom)
2024-04-29 10:06:31,065 [e953ff49-4527-49f7-9f97-ccf5cafd9f48@group-269B65E56047-LeaderElection76] INFO  server.RaftServerConfigKeys (ConfUtils.java:logGet(46)) - raft.server.watch.timeout = 3000ms (custom)
2024-04-29 10:06:31,065 [e953ff49-4527-49f7-9f97-ccf5cafd9f48@group-269B65E56047-LeaderElection76] INFO  server.RaftServerConfigKeys (ConfUtils.java:logGet(46)) - raft.server.watch.timeout.denomination = 1s (default)
2024-04-29 10:06:31,065 [e953ff49-4527-49f7-9f97-ccf5cafd9f48@group-269B65E56047-LeaderElection76] INFO  server.RaftServerConfigKeys (ConfUtils.java:logGet(46)) - raft.server.watch.element-limit = 65536 (default)
2024-04-29 10:06:31,065 [e953ff49-4527-49f7-9f97-ccf5cafd9f48@group-269B65E56047-LeaderElection76] INFO  server.RaftServerConfigKeys (ConfUtils.java:logGet(46)) - raft.server.read.leader.lease.enabled = false (default)
2024-04-29 10:06:31,066 [e953ff49-4527-49f7-9f97-ccf5cafd9f48@group-269B65E56047-LeaderElection76] INFO  server.RaftServerConfigKeys (ConfUtils.java:logGet(46)) - raft.server.read.leader.lease.timeout.ratio = 0.9 (default)
2024-04-29 10:06:31,066 [e953ff49-4527-49f7-9f97-ccf5cafd9f48@group-269B65E56047-LeaderElection76] INFO  server.RaftServerConfigKeys (ConfUtils.java:logGet(46)) - raft.server.rpc.timeout.min = 5s (custom)
2024-04-29 10:06:31,066 [e953ff49-4527-49f7-9f97-ccf5cafd9f48@group-269B65E56047-LeaderElection76] INFO  server.RaftServerConfigKeys (ConfUtils.java:logGet(46)) - raft.server.write.element-limit = 1024 (custom)
2024-04-29 10:06:31,066 [e953ff49-4527-49f7-9f97-ccf5cafd9f48@group-269B65E56047-LeaderElection76] INFO  server.RaftServerConfigKeys (ConfUtils.java:logGet(46)) - raft.server.write.follower.gap.ratio.max = -1.0 (default)
2024-04-29 10:06:31,066 [e953ff49-4527-49f7-9f97-ccf5cafd9f48@group-269B65E56047-LeaderElection76] INFO  impl.RoleInfo (RoleInfo.java:updateAndGet(139)) - e953ff49-4527-49f7-9f97-ccf5cafd9f48: start e953ff49-4527-49f7-9f97-ccf5cafd9f48@group-269B65E56047-LeaderStateImpl
2024-04-29 10:06:31,066 [e953ff49-4527-49f7-9f97-ccf5cafd9f48@group-269B65E56047-LeaderElection76] INFO  server.RaftServer$Division (RaftServerImpl.java:setFirstElection(574)) - e953ff49-4527-49f7-9f97-ccf5cafd9f48@group-269B65E56047: set firstElectionSinceStartup to false for becomeLeader
2024-04-29 10:06:31,066 [e953ff49-4527-49f7-9f97-ccf5cafd9f48@group-269B65E56047-LeaderElection76] INFO  ratis.XceiverServerRatis (XceiverServerRatis.java:handleLeaderChangedNotification(966)) - Leader change notification received for group: group-269B65E56047 with new leaderId: e953ff49-4527-49f7-9f97-ccf5cafd9f48
2024-04-29 10:06:31,066 [e953ff49-4527-49f7-9f97-ccf5cafd9f48@group-269B65E56047-LeaderElection76] INFO  server.RaftServer$Division (ServerState.java:setLeader(269)) - e953ff49-4527-49f7-9f97-ccf5cafd9f48@group-269B65E56047: change Leader from null to e953ff49-4527-49f7-9f97-ccf5cafd9f48 at term 1 for becomeLeader, leader elected after 5121ms
2024-04-29 10:06:31,066 [e953ff49-4527-49f7-9f97-ccf5cafd9f48@group-269B65E56047-LeaderElection76] INFO  segmented.SegmentedRaftLogWorker (SegmentedRaftLogWorker.java:startLogSegment(430)) - e953ff49-4527-49f7-9f97-ccf5cafd9f48@group-269B65E56047-SegmentedRaftLogWorker: Starting segment from index:0
2024-04-29 10:06:31,066 [e953ff49-4527-49f7-9f97-ccf5cafd9f48@group-269B65E56047-LeaderElection76] INFO  server.RaftServer$Division (ServerState.java:setRaftConf(386)) - e953ff49-4527-49f7-9f97-ccf5cafd9f48@group-269B65E56047: set configuration 0: peers:[e953ff49-4527-49f7-9f97-ccf5cafd9f48|127.0.0.1:15433]|listeners:[], old=null
2024-04-29 10:06:31,067 [e953ff49-4527-49f7-9f97-ccf5cafd9f48@group-269B65E56047-SegmentedRaftLogWorker] INFO  segmented.BufferedWriteChannel (BufferedWriteChannel.java:open(62)) - open log_inprogress_0 at position 0
2024-04-29 10:06:31,070 [05b2082f-ed41-4af0-9481-4223771265a3-server-thread1] INFO  ratis.XceiverServerRatis (XceiverServerRatis.java:handleLeaderChangedNotification(966)) - Leader change notification received for group: group-5F1D51DC6C06 with new leaderId: e630d950-2d07-45d9-8bac-ccae2e608fbd
2024-04-29 10:06:31,070 [e953ff49-4527-49f7-9f97-ccf5cafd9f48-server-thread1] INFO  ratis.XceiverServerRatis (XceiverServerRatis.java:handleLeaderChangedNotification(966)) - Leader change notification received for group: group-5F1D51DC6C06 with new leaderId: e630d950-2d07-45d9-8bac-ccae2e608fbd
2024-04-29 10:06:31,070 [05b2082f-ed41-4af0-9481-4223771265a3-server-thread1] INFO  server.RaftServer$Division (ServerState.java:setLeader(269)) - 05b2082f-ed41-4af0-9481-4223771265a3@group-5F1D51DC6C06: change Leader from null to e630d950-2d07-45d9-8bac-ccae2e608fbd at term 1 for appendEntries, leader elected after 5185ms
2024-04-29 10:06:31,070 [e953ff49-4527-49f7-9f97-ccf5cafd9f48-server-thread1] INFO  server.RaftServer$Division (ServerState.java:setLeader(269)) - e953ff49-4527-49f7-9f97-ccf5cafd9f48@group-5F1D51DC6C06: change Leader from null to e630d950-2d07-45d9-8bac-ccae2e608fbd at term 1 for appendEntries, leader elected after 5154ms
2024-04-29 10:06:31,071 [e953ff49-4527-49f7-9f97-ccf5cafd9f48-server-thread2] INFO  server.RaftServer$Division (ServerState.java:setRaftConf(386)) - e953ff49-4527-49f7-9f97-ccf5cafd9f48@group-5F1D51DC6C06: set configuration 0: peers:[05b2082f-ed41-4af0-9481-4223771265a3|127.0.0.1:15424, e630d950-2d07-45d9-8bac-ccae2e608fbd|127.0.0.1:15442, e953ff49-4527-49f7-9f97-ccf5cafd9f48|127.0.0.1:15433]|listeners:[], old=null
2024-04-29 10:06:31,071 [05b2082f-ed41-4af0-9481-4223771265a3-server-thread2] INFO  server.RaftServer$Division (ServerState.java:setRaftConf(386)) - 05b2082f-ed41-4af0-9481-4223771265a3@group-5F1D51DC6C06: set configuration 0: peers:[05b2082f-ed41-4af0-9481-4223771265a3|127.0.0.1:15424, e630d950-2d07-45d9-8bac-ccae2e608fbd|127.0.0.1:15442, e953ff49-4527-49f7-9f97-ccf5cafd9f48|127.0.0.1:15433]|listeners:[], old=null
2024-04-29 10:06:31,071 [e953ff49-4527-49f7-9f97-ccf5cafd9f48-server-thread2] INFO  segmented.SegmentedRaftLogWorker (SegmentedRaftLogWorker.java:startLogSegment(430)) - e953ff49-4527-49f7-9f97-ccf5cafd9f48@group-5F1D51DC6C06-SegmentedRaftLogWorker: Starting segment from index:0
2024-04-29 10:06:31,071 [05b2082f-ed41-4af0-9481-4223771265a3-server-thread2] INFO  segmented.SegmentedRaftLogWorker (SegmentedRaftLogWorker.java:startLogSegment(430)) - 05b2082f-ed41-4af0-9481-4223771265a3@group-5F1D51DC6C06-SegmentedRaftLogWorker: Starting segment from index:0
2024-04-29 10:06:31,071 [e953ff49-4527-49f7-9f97-ccf5cafd9f48@group-5F1D51DC6C06-SegmentedRaftLogWorker] INFO  segmented.BufferedWriteChannel (BufferedWriteChannel.java:open(62)) - open log_inprogress_0 at position 0
2024-04-29 10:06:31,071 [05b2082f-ed41-4af0-9481-4223771265a3@group-5F1D51DC6C06-SegmentedRaftLogWorker] INFO  segmented.BufferedWriteChannel (BufferedWriteChannel.java:open(62)) - open log_inprogress_0 at position 0
2024-04-29 10:06:31,074 [258cf687-9dbc-46c1-b255-600d670a4b6c-NettyServerStreamRpc-bossGroup--thread1] INFO  logging.LoggingHandler (AbstractInternalLogger.java:log(148)) - [id: 0x80db1a79, L:/0.0.0.0:15398] CLOSE
2024-04-29 10:06:31,074 [e953ff49-4527-49f7-9f97-ccf5cafd9f48@group-269B65E56047-SegmentedRaftLogWorker] INFO  segmented.SegmentedRaftLogWorker (SegmentedRaftLogWorker.java:execute(634)) - e953ff49-4527-49f7-9f97-ccf5cafd9f48@group-269B65E56047-SegmentedRaftLogWorker: created new log segment /home/runner/work/ozone/ozone/hadoop-ozone/integration-test/target/test-dir/MiniOzoneClusterImpl-2cdd5cd5-9c4c-463f-a193-9ffbc37dc237/ozone-meta/datanode-8/ratis/3ec25403-0473-4ceb-992c-269b65e56047/current/log_inprogress_0
2024-04-29 10:06:31,074 [258cf687-9dbc-46c1-b255-600d670a4b6c-NettyServerStreamRpc-bossGroup--thread1] INFO  logging.LoggingHandler (AbstractInternalLogger.java:log(148)) - [id: 0x80db1a79, L:/0.0.0.0:15398] INACTIVE
2024-04-29 10:06:31,074 [258cf687-9dbc-46c1-b255-600d670a4b6c-NettyServerStreamRpc-bossGroup--thread1] INFO  logging.LoggingHandler (AbstractInternalLogger.java:log(148)) - [id: 0x80db1a79, L:/0.0.0.0:15398] UNREGISTERED
2024-04-29 10:06:31,078 [e630d950-2d07-45d9-8bac-ccae2e608fbd@group-CFF810345DFF-FollowerState] INFO  impl.FollowerState (FollowerState.java:run(143)) - e630d950-2d07-45d9-8bac-ccae2e608fbd@group-CFF810345DFF-FollowerState: change to CANDIDATE, lastRpcElapsedTime:5068568006ns, electionTimeout:5068ms
2024-04-29 10:06:31,078 [e630d950-2d07-45d9-8bac-ccae2e608fbd@group-CFF810345DFF-FollowerState] INFO  impl.RoleInfo (RoleInfo.java:shutdownFollowerState(110)) - e630d950-2d07-45d9-8bac-ccae2e608fbd: shutdown e630d950-2d07-45d9-8bac-ccae2e608fbd@group-CFF810345DFF-FollowerState
2024-04-29 10:06:31,078 [e630d950-2d07-45d9-8bac-ccae2e608fbd@group-CFF810345DFF-FollowerState] INFO  server.RaftServer$Division (RaftServerImpl.java:setRole(383)) - e630d950-2d07-45d9-8bac-ccae2e608fbd@group-CFF810345DFF: changes role from  FOLLOWER to CANDIDATE at term 0 for changeToCandidate
2024-04-29 10:06:31,078 [e630d950-2d07-45d9-8bac-ccae2e608fbd@group-CFF810345DFF-FollowerState] INFO  server.RaftServerConfigKeys (ConfUtils.java:logGet(46)) - raft.server.leaderelection.pre-vote = true (default)
2024-04-29 10:06:31,078 [e630d950-2d07-45d9-8bac-ccae2e608fbd@group-CFF810345DFF-FollowerState] INFO  impl.RoleInfo (RoleInfo.java:updateAndGet(139)) - e630d950-2d07-45d9-8bac-ccae2e608fbd: start e630d950-2d07-45d9-8bac-ccae2e608fbd@group-CFF810345DFF-LeaderElection77
2024-04-29 10:06:31,078 [e630d950-2d07-45d9-8bac-ccae2e608fbd@group-CFF810345DFF-LeaderElection77] INFO  impl.LeaderElection (LeaderElection.java:askForVotes(321)) - e630d950-2d07-45d9-8bac-ccae2e608fbd@group-CFF810345DFF-LeaderElection77 PRE_VOTE round 0: submit vote requests at term 0 for -1: peers:[e630d950-2d07-45d9-8bac-ccae2e608fbd|127.0.0.1:15442]|listeners:[], old=null
2024-04-29 10:06:31,078 [e630d950-2d07-45d9-8bac-ccae2e608fbd@group-CFF810345DFF-LeaderElection77] INFO  impl.LeaderElection (LeaderElection.java:askForVotes(323)) - e630d950-2d07-45d9-8bac-ccae2e608fbd@group-CFF810345DFF-LeaderElection77 PRE_VOTE round 0: result PASSED (term=0)
2024-04-29 10:06:31,083 [05b2082f-ed41-4af0-9481-4223771265a3@group-5F1D51DC6C06-SegmentedRaftLogWorker] INFO  segmented.SegmentedRaftLogWorker (SegmentedRaftLogWorker.java:execute(634)) - 05b2082f-ed41-4af0-9481-4223771265a3@group-5F1D51DC6C06-SegmentedRaftLogWorker: created new log segment /home/runner/work/ozone/ozone/hadoop-ozone/integration-test/target/test-dir/MiniOzoneClusterImpl-2cdd5cd5-9c4c-463f-a193-9ffbc37dc237/ozone-meta/datanode-7/ratis/3403de07-fa73-484e-bd45-5f1d51dc6c06/current/log_inprogress_0
2024-04-29 10:06:31,097 [e953ff49-4527-49f7-9f97-ccf5cafd9f48@group-5F1D51DC6C06-SegmentedRaftLogWorker] INFO  segmented.SegmentedRaftLogWorker (SegmentedRaftLogWorker.java:execute(634)) - e953ff49-4527-49f7-9f97-ccf5cafd9f48@group-5F1D51DC6C06-SegmentedRaftLogWorker: created new log segment /home/runner/work/ozone/ozone/hadoop-ozone/integration-test/target/test-dir/MiniOzoneClusterImpl-2cdd5cd5-9c4c-463f-a193-9ffbc37dc237/ozone-meta/datanode-8/ratis/3403de07-fa73-484e-bd45-5f1d51dc6c06/current/log_inprogress_0
2024-04-29 10:06:31,097 [e630d950-2d07-45d9-8bac-ccae2e608fbd@group-CFF810345DFF-LeaderElection77] INFO  impl.LeaderElection (LeaderElection.java:askForVotes(321)) - e630d950-2d07-45d9-8bac-ccae2e608fbd@group-CFF810345DFF-LeaderElection77 ELECTION round 0: submit vote requests at term 1 for -1: peers:[e630d950-2d07-45d9-8bac-ccae2e608fbd|127.0.0.1:15442]|listeners:[], old=null
2024-04-29 10:06:31,098 [e630d950-2d07-45d9-8bac-ccae2e608fbd@group-CFF810345DFF-LeaderElection77] INFO  impl.LeaderElection (LeaderElection.java:askForVotes(323)) - e630d950-2d07-45d9-8bac-ccae2e608fbd@group-CFF810345DFF-LeaderElection77 ELECTION round 0: result PASSED (term=1)
2024-04-29 10:06:31,098 [e630d950-2d07-45d9-8bac-ccae2e608fbd@group-CFF810345DFF-LeaderElection77] INFO  impl.RoleInfo (RoleInfo.java:shutdownLeaderElection(130)) - e630d950-2d07-45d9-8bac-ccae2e608fbd: shutdown e630d950-2d07-45d9-8bac-ccae2e608fbd@group-CFF810345DFF-LeaderElection77
2024-04-29 10:06:31,098 [e630d950-2d07-45d9-8bac-ccae2e608fbd@group-CFF810345DFF-LeaderElection77] INFO  server.RaftServer$Division (RaftServerImpl.java:setRole(383)) - e630d950-2d07-45d9-8bac-ccae2e608fbd@group-CFF810345DFF: changes role from CANDIDATE to LEADER at term 1 for changeToLeader
2024-04-29 10:06:31,097 [e953ff49-4527-49f7-9f97-ccf5cafd9f48@group-269B65E56047-StateMachineUpdater] INFO  server.RaftServer$Division (LeaderStateImpl.java:isApplied(320)) - leader is ready since appliedIndex == 0 >= startIndex == 0
2024-04-29 10:06:31,098 [e630d950-2d07-45d9-8bac-ccae2e608fbd@group-CFF810345DFF-LeaderElection77] INFO  server.RaftServerConfigKeys (ConfUtils.java:logGet(46)) - raft.server.staging.catchup.gap = 1000 (default)
2024-04-29 10:06:31,098 [e630d950-2d07-45d9-8bac-ccae2e608fbd@group-CFF810345DFF-LeaderElection77] INFO  server.RaftServerConfigKeys (ConfUtils.java:logGet(46)) - raft.server.write.element-limit = 1024 (custom)
2024-04-29 10:06:31,098 [e630d950-2d07-45d9-8bac-ccae2e608fbd@group-CFF810345DFF-LeaderElection77] INFO  server.RaftServerConfigKeys (ConfUtils.java:logGet(46)) - raft.server.write.byte-limit = 1024 M (=1073741824) (custom)
2024-04-29 10:06:31,098 [e630d950-2d07-45d9-8bac-ccae2e608fbd@group-CFF810345DFF-LeaderElection77] INFO  server.RaftServerConfigKeys (ConfUtils.java:logGet(46)) - raft.server.watch.timeout = 3000ms (custom)
2024-04-29 10:06:31,098 [e630d950-2d07-45d9-8bac-ccae2e608fbd@group-CFF810345DFF-LeaderElection77] INFO  server.RaftServerConfigKeys (ConfUtils.java:logGet(46)) - raft.server.watch.timeout.denomination = 1s (default)
2024-04-29 10:06:31,098 [e630d950-2d07-45d9-8bac-ccae2e608fbd@group-CFF810345DFF-LeaderElection77] INFO  server.RaftServerConfigKeys (ConfUtils.java:logGet(46)) - raft.server.watch.element-limit = 65536 (default)
2024-04-29 10:06:31,098 [e630d950-2d07-45d9-8bac-ccae2e608fbd@group-CFF810345DFF-LeaderElection77] INFO  server.RaftServerConfigKeys (ConfUtils.java:logGet(46)) - raft.server.read.leader.lease.enabled = false (default)
2024-04-29 10:06:31,099 [e630d950-2d07-45d9-8bac-ccae2e608fbd@group-CFF810345DFF-LeaderElection77] INFO  server.RaftServerConfigKeys (ConfUtils.java:logGet(46)) - raft.server.read.leader.lease.timeout.ratio = 0.9 (default)
2024-04-29 10:06:31,099 [e630d950-2d07-45d9-8bac-ccae2e608fbd@group-CFF810345DFF-LeaderElection77] INFO  server.RaftServerConfigKeys (ConfUtils.java:logGet(46)) - raft.server.rpc.timeout.min = 5s (custom)
2024-04-29 10:06:31,099 [e630d950-2d07-45d9-8bac-ccae2e608fbd@group-CFF810345DFF-LeaderElection77] INFO  server.RaftServerConfigKeys (ConfUtils.java:logGet(46)) - raft.server.write.element-limit = 1024 (custom)
2024-04-29 10:06:31,099 [e630d950-2d07-45d9-8bac-ccae2e608fbd@group-CFF810345DFF-LeaderElection77] INFO  server.RaftServerConfigKeys (ConfUtils.java:logGet(46)) - raft.server.write.follower.gap.ratio.max = -1.0 (default)
2024-04-29 10:06:31,099 [e630d950-2d07-45d9-8bac-ccae2e608fbd@group-CFF810345DFF-LeaderElection77] INFO  impl.RoleInfo (RoleInfo.java:updateAndGet(139)) - e630d950-2d07-45d9-8bac-ccae2e608fbd: start e630d950-2d07-45d9-8bac-ccae2e608fbd@group-CFF810345DFF-LeaderStateImpl
2024-04-29 10:06:31,099 [e630d950-2d07-45d9-8bac-ccae2e608fbd@group-CFF810345DFF-LeaderElection77] INFO  server.RaftServer$Division (RaftServerImpl.java:setFirstElection(574)) - e630d950-2d07-45d9-8bac-ccae2e608fbd@group-CFF810345DFF: set firstElectionSinceStartup to false for becomeLeader
2024-04-29 10:06:31,099 [e630d950-2d07-45d9-8bac-ccae2e608fbd@group-CFF810345DFF-LeaderElection77] INFO  ratis.XceiverServerRatis (XceiverServerRatis.java:handleLeaderChangedNotification(966)) - Leader change notification received for group: group-CFF810345DFF with new leaderId: e630d950-2d07-45d9-8bac-ccae2e608fbd
2024-04-29 10:06:31,099 [e630d950-2d07-45d9-8bac-ccae2e608fbd@group-CFF810345DFF-LeaderElection77] INFO  server.RaftServer$Division (ServerState.java:setLeader(269)) - e630d950-2d07-45d9-8bac-ccae2e608fbd@group-CFF810345DFF: change Leader from null to e630d950-2d07-45d9-8bac-ccae2e608fbd at term 1 for becomeLeader, leader elected after 5100ms
2024-04-29 10:06:31,099 [e630d950-2d07-45d9-8bac-ccae2e608fbd@group-CFF810345DFF-LeaderElection77] INFO  segmented.SegmentedRaftLogWorker (SegmentedRaftLogWorker.java:startLogSegment(430)) - e630d950-2d07-45d9-8bac-ccae2e608fbd@group-CFF810345DFF-SegmentedRaftLogWorker: Starting segment from index:0
2024-04-29 10:06:31,100 [e630d950-2d07-45d9-8bac-ccae2e608fbd@group-CFF810345DFF-LeaderElection77] INFO  server.RaftServer$Division (ServerState.java:setRaftConf(386)) - e630d950-2d07-45d9-8bac-ccae2e608fbd@group-CFF810345DFF: set configuration 0: peers:[e630d950-2d07-45d9-8bac-ccae2e608fbd|127.0.0.1:15442]|listeners:[], old=null
2024-04-29 10:06:31,100 [e630d950-2d07-45d9-8bac-ccae2e608fbd@group-CFF810345DFF-SegmentedRaftLogWorker] INFO  segmented.BufferedWriteChannel (BufferedWriteChannel.java:open(62)) - open log_inprogress_0 at position 0
2024-04-29 10:06:31,106 [e630d950-2d07-45d9-8bac-ccae2e608fbd@group-5F1D51DC6C06-StateMachineUpdater] INFO  server.RaftServer$Division (LeaderStateImpl.java:isApplied(320)) - leader is ready since appliedIndex == 0 >= startIndex == 0
2024-04-29 10:06:31,107 [e630d950-2d07-45d9-8bac-ccae2e608fbd@group-CFF810345DFF-SegmentedRaftLogWorker] INFO  segmented.SegmentedRaftLogWorker (SegmentedRaftLogWorker.java:execute(634)) - e630d950-2d07-45d9-8bac-ccae2e608fbd@group-CFF810345DFF-SegmentedRaftLogWorker: created new log segment /home/runner/work/ozone/ozone/hadoop-ozone/integration-test/target/test-dir/MiniOzoneClusterImpl-2cdd5cd5-9c4c-463f-a193-9ffbc37dc237/ozone-meta/datanode-9/ratis/2cd0ce55-3a2b-4719-b090-cff810345dff/current/log_inprogress_0
2024-04-29 10:06:31,108 [e630d950-2d07-45d9-8bac-ccae2e608fbd@group-CFF810345DFF-StateMachineUpdater] INFO  server.RaftServer$Division (LeaderStateImpl.java:isApplied(320)) - leader is ready since appliedIndex == 0 >= startIndex == 0
2024-04-29 10:06:31,855 [258cf687-9dbc-46c1-b255-600d670a4b6c-impl-thread1] INFO  segmented.SegmentedRaftLogWorker (SegmentedRaftLogWorker.java:close(245)) - 258cf687-9dbc-46c1-b255-600d670a4b6c@group-ADD0C83E6892-SegmentedRaftLogWorker close()
2024-04-29 10:06:32,027 [258cf687-9dbc-46c1-b255-600d670a4b6c-impl-thread2] INFO  segmented.SegmentedRaftLogWorker (SegmentedRaftLogWorker.java:close(245)) - 258cf687-9dbc-46c1-b255-600d670a4b6c@group-60B79CED8902-SegmentedRaftLogWorker close()
2024-04-29 10:06:32,027 [JvmPauseMonitor49] INFO  util.JvmPauseMonitor (JvmPauseMonitor.java:run(152)) - JvmPauseMonitor-258cf687-9dbc-46c1-b255-600d670a4b6c: Stopped
2024-04-29 10:06:34,029 [main] INFO  utils.DatanodeStoreCache (DatanodeStoreCache.java:shutdownCache(116)) - Skip clearing cache in mini cluster mode. Entries left: [/home/runner/work/ozone/ozone/hadoop-ozone/integration-test/target/test-dir/MiniOzoneClusterImpl-2cdd5cd5-9c4c-463f-a193-9ffbc37dc237/ozone-meta/datanode-1/data-0/hdds/2cdd5cd5-9c4c-463f-a193-9ffbc37dc237/DS-6519c744-7775-4c40-8ce9-038f1193935f/container.db, /home/runner/work/ozone/ozone/hadoop-ozone/integration-test/target/test-dir/MiniOzoneClusterImpl-2cdd5cd5-9c4c-463f-a193-9ffbc37dc237/ozone-meta/datanode-2/data-0/hdds/2cdd5cd5-9c4c-463f-a193-9ffbc37dc237/DS-c0aeb411-4cd4-4f00-9492-494c1f8d49c4/container.db, /home/runner/work/ozone/ozone/hadoop-ozone/integration-test/target/test-dir/MiniOzoneClusterImpl-2cdd5cd5-9c4c-463f-a193-9ffbc37dc237/ozone-meta/datanode-3/data-0/hdds/2cdd5cd5-9c4c-463f-a193-9ffbc37dc237/DS-c761f43b-e569-4ec0-8c94-ad8d81c38b41/container.db, /home/runner/work/ozone/ozone/hadoop-ozone/integration-test/target/test-dir/MiniOzoneClusterImpl-2cdd5cd5-9c4c-463f-a193-9ffbc37dc237/ozone-meta/datanode-4/data-0/hdds/2cdd5cd5-9c4c-463f-a193-9ffbc37dc237/DS-8e2903ed-be65-4c62-845b-a61c2d154cf6/container.db, /home/runner/work/ozone/ozone/hadoop-ozone/integration-test/target/test-dir/MiniOzoneClusterImpl-2cdd5cd5-9c4c-463f-a193-9ffbc37dc237/ozone-meta/datanode-5/data-0/hdds/2cdd5cd5-9c4c-463f-a193-9ffbc37dc237/DS-48dd3b5e-1f8b-4b6e-aa66-cecbad168110/container.db, /home/runner/work/ozone/ozone/hadoop-ozone/integration-test/target/test-dir/MiniOzoneClusterImpl-2cdd5cd5-9c4c-463f-a193-9ffbc37dc237/ozone-meta/datanode-6/data-0/hdds/2cdd5cd5-9c4c-463f-a193-9ffbc37dc237/DS-04762224-3861-488d-80ab-37361c060ec5/container.db, /home/runner/work/ozone/ozone/hadoop-ozone/integration-test/target/test-dir/MiniOzoneClusterImpl-2cdd5cd5-9c4c-463f-a193-9ffbc37dc237/ozone-meta/datanode-7/data-0/hdds/2cdd5cd5-9c4c-463f-a193-9ffbc37dc237/DS-c1fd3a77-35f2-45e2-87c2-5cbbbffd7b20/container.db, /home/runner/work/ozone/ozone/hadoop-ozone/integration-test/target/test-dir/MiniOzoneClusterImpl-2cdd5cd5-9c4c-463f-a193-9ffbc37dc237/ozone-meta/datanode-8/data-0/hdds/2cdd5cd5-9c4c-463f-a193-9ffbc37dc237/DS-cc1ef874-51e6-45c1-b424-c25e8e0c9ee7/container.db, /home/runner/work/ozone/ozone/hadoop-ozone/integration-test/target/test-dir/MiniOzoneClusterImpl-2cdd5cd5-9c4c-463f-a193-9ffbc37dc237/ozone-meta/datanode-9/data-0/hdds/2cdd5cd5-9c4c-463f-a193-9ffbc37dc237/DS-fb3aacb6-1dba-4b84-be76-0ba145da025a/container.db]
2024-04-29 10:06:34,030 [main] INFO  utils.DatanodeStoreCache (DatanodeStoreCache.java:removeDB(110)) - Removed db /home/runner/work/ozone/ozone/hadoop-ozone/integration-test/target/test-dir/MiniOzoneClusterImpl-2cdd5cd5-9c4c-463f-a193-9ffbc37dc237/ozone-meta/datanode-4/data-0/hdds/2cdd5cd5-9c4c-463f-a193-9ffbc37dc237/DS-8e2903ed-be65-4c62-845b-a61c2d154cf6/container.db from cache
2024-04-29 10:06:34,031 [main] INFO  volume.HddsVolume (HddsVolume.java:closeDbStore(470)) - SchemaV3 db is stopped at /home/runner/work/ozone/ozone/hadoop-ozone/integration-test/target/test-dir/MiniOzoneClusterImpl-2cdd5cd5-9c4c-463f-a193-9ffbc37dc237/ozone-meta/datanode-4/data-0/hdds/2cdd5cd5-9c4c-463f-a193-9ffbc37dc237/DS-8e2903ed-be65-4c62-845b-a61c2d154cf6/container.db for volume DS-8e2903ed-be65-4c62-845b-a61c2d154cf6
2024-04-29 10:06:34,031 [main] INFO  utils.BackgroundService (BackgroundService.java:shutdown(160)) - Shutting down service BlockDeletingService
2024-04-29 10:06:34,031 [main] INFO  utils.BackgroundService (BackgroundService.java:shutdown(160)) - Shutting down service StaleRecoveringContainerScrubbingService
2024-04-29 10:06:34,032 [main] INFO  statemachine.DatanodeStateMachine (DatanodeStateMachine.java:stopDaemon(638)) - Ozone container server stopped.
2024-04-29 10:06:34,032 [main] INFO  handler.ContextHandler (ContextHandler.java:doStop(1159)) - Stopped o.e.j.w.WebAppContext@43853f89{hddsDatanode,/,null,STOPPED}{file:/home/runner/work/ozone/ozone/hadoop-hdds/container-service/target/classes/webapps/hddsDatanode}
2024-04-29 10:06:34,033 [main] INFO  server.AbstractConnector (AbstractConnector.java:doStop(383)) - Stopped ServerConnector@2f985057{HTTP/1.1, (http/1.1)}{0.0.0.0:15392}
2024-04-29 10:06:34,033 [main] INFO  server.session (HouseKeeper.java:stopScavenging(149)) - node0 Stopped scavenging
2024-04-29 10:06:34,033 [main] INFO  handler.ContextHandler (ContextHandler.java:doStop(1159)) - Stopped o.e.j.s.ServletContextHandler@1efdefcc{static,/static,file:///home/runner/work/ozone/ozone/hadoop-hdds/container-service/target/classes/webapps/static,STOPPED}
2024-04-29 10:06:34,033 [main] INFO  handler.ContextHandler (ContextHandler.java:doStop(1159)) - Stopped o.e.j.s.ServletContextHandler@6bafbab8{logs,/logs,file:///home/runner/work/ozone/ozone/hadoop-ozone/integration-test/target/log,STOPPED}
2024-04-29 10:06:34,034 [main] INFO  ozone.HddsDatanodeClientProtocolServer (HddsDatanodeClientProtocolServer.java:stop(83)) - Stopping the RPC server for Client Protocol
2024-04-29 10:06:34,034 [main] INFO  ipc.Server (Server.java:stop(3523)) - Stopping server on 15393
2024-04-29 10:06:34,034 [IPC Server listener on 15393] INFO  ipc.Server (Server.java:run(1434)) - Stopping IPC Server listener on 15393
2024-04-29 10:06:34,034 [IPC Server Responder] INFO  ipc.Server (Server.java:run(1567)) - Stopping IPC Server Responder
2024-04-29 10:06:34,035 [main] INFO  ozoneimpl.OzoneContainer (OzoneContainer.java:stop(481)) - Attempting to stop container services.
2024-04-29 10:06:34,035 [ContainerMetadataScanner] WARN  ozoneimpl.AbstractBackgroundContainerScanner (AbstractBackgroundContainerScanner.java:handleRemainingSleep(134)) - Background container scan was interrupted.
2024-04-29 10:06:34,036 [ContainerMetadataScanner] INFO  ozoneimpl.AbstractBackgroundContainerScanner (AbstractBackgroundContainerScanner.java:run(61)) - Thread[ContainerMetadataScanner,5,main] exiting.
2024-04-29 10:06:34,036 [main] INFO  ozoneimpl.BackgroundContainerDataScanner (BackgroundContainerDataScanner.java:shutdown(141)) - ContainerDataScanner(/home/runner/work/ozone/ozone/hadoop-ozone/integration-test/target/test-dir/MiniOzoneClusterImpl-2cdd5cd5-9c4c-463f-a193-9ffbc37dc237/ozone-meta/datanode-5/data-0/hdds) is shutting down. 
2024-04-29 10:06:34,036 [ContainerDataScanner(/home/runner/work/ozone/ozone/hadoop-ozone/integration-test/target/test-dir/MiniOzoneClusterImpl-2cdd5cd5-9c4c-463f-a193-9ffbc37dc237/ozone-meta/datanode-5/data-0/hdds)] WARN  ozoneimpl.AbstractBackgroundContainerScanner (AbstractBackgroundContainerScanner.java:handleRemainingSleep(134)) - Background container scan was interrupted.
2024-04-29 10:06:34,036 [ContainerDataScanner(/home/runner/work/ozone/ozone/hadoop-ozone/integration-test/target/test-dir/MiniOzoneClusterImpl-2cdd5cd5-9c4c-463f-a193-9ffbc37dc237/ozone-meta/datanode-5/data-0/hdds)] INFO  ozoneimpl.AbstractBackgroundContainerScanner (AbstractBackgroundContainerScanner.java:run(61)) - ContainerDataScanner(/home/runner/work/ozone/ozone/hadoop-ozone/integration-test/target/test-dir/MiniOzoneClusterImpl-2cdd5cd5-9c4c-463f-a193-9ffbc37dc237/ozone-meta/datanode-5/data-0/hdds, DS-48dd3b5e-1f8b-4b6e-aa66-cecbad168110) exiting.
2024-04-29 10:06:34,036 [main] INFO  server.RaftServer (RaftServerProxy.java:lambda$close$9(416)) - 96aec129-8b92-4385-b6bc-dde0a337a972: close
2024-04-29 10:06:34,036 [main] INFO  server.GrpcService (GrpcService.java:closeImpl(311)) - 96aec129-8b92-4385-b6bc-dde0a337a972: shutdown server org.apache.ratis.grpc.server.GrpcClientProtocolService now
2024-04-29 10:06:34,036 [96aec129-8b92-4385-b6bc-dde0a337a972-impl-thread1] INFO  server.RaftServer$Division (RaftServerImpl.java:lambda$close$3(526)) - 96aec129-8b92-4385-b6bc-dde0a337a972@group-7E6710E055B0: shutdown
2024-04-29 10:06:34,037 [96aec129-8b92-4385-b6bc-dde0a337a972-impl-thread1] INFO  util.JmxRegister (JmxRegister.java:unregister(73)) - Successfully un-registered JMX Bean with object name Ratis:service=RaftServer,group=group-7E6710E055B0,id=96aec129-8b92-4385-b6bc-dde0a337a972
2024-04-29 10:06:34,037 [96aec129-8b92-4385-b6bc-dde0a337a972-impl-thread1] INFO  impl.RoleInfo (RoleInfo.java:shutdownLeaderState(94)) - 96aec129-8b92-4385-b6bc-dde0a337a972: shutdown 96aec129-8b92-4385-b6bc-dde0a337a972@group-7E6710E055B0-LeaderStateImpl
2024-04-29 10:06:34,036 [96aec129-8b92-4385-b6bc-dde0a337a972-impl-thread2] INFO  server.RaftServer$Division (RaftServerImpl.java:lambda$close$3(526)) - 96aec129-8b92-4385-b6bc-dde0a337a972@group-60B79CED8902: shutdown
2024-04-29 10:06:34,037 [96aec129-8b92-4385-b6bc-dde0a337a972-impl-thread2] INFO  util.JmxRegister (JmxRegister.java:unregister(73)) - Successfully un-registered JMX Bean with object name Ratis:service=RaftServer,group=group-60B79CED8902,id=96aec129-8b92-4385-b6bc-dde0a337a972
2024-04-29 10:06:34,037 [96aec129-8b92-4385-b6bc-dde0a337a972-impl-thread2] INFO  impl.RoleInfo (RoleInfo.java:shutdownFollowerState(110)) - 96aec129-8b92-4385-b6bc-dde0a337a972: shutdown 96aec129-8b92-4385-b6bc-dde0a337a972@group-60B79CED8902-FollowerState
2024-04-29 10:06:34,037 [96aec129-8b92-4385-b6bc-dde0a337a972-impl-thread2] INFO  impl.StateMachineUpdater (StateMachineUpdater.java:stopAndJoin(157)) - 96aec129-8b92-4385-b6bc-dde0a337a972@group-60B79CED8902-StateMachineUpdater: set stopIndex = 2
2024-04-29 10:06:34,037 [96aec129-8b92-4385-b6bc-dde0a337a972-impl-thread1] INFO  impl.PendingRequests (PendingRequests.java:sendNotLeaderResponses(289)) - 96aec129-8b92-4385-b6bc-dde0a337a972@group-7E6710E055B0-PendingRequests: sendNotLeaderResponses
2024-04-29 10:06:34,037 [main] INFO  server.GrpcService (GrpcService.java:closeImpl(320)) - 96aec129-8b92-4385-b6bc-dde0a337a972: shutdown server org.apache.ratis.grpc.server.GrpcClientProtocolService successfully
2024-04-29 10:06:34,038 [main] INFO  server.GrpcService (GrpcService.java:closeImpl(311)) - 96aec129-8b92-4385-b6bc-dde0a337a972: shutdown server GrpcServerProtocolService now
2024-04-29 10:06:34,037 [96aec129-8b92-4385-b6bc-dde0a337a972@group-60B79CED8902-StateMachineUpdater] INFO  ratis.ContainerStateMachine (ContainerStateMachine.java:takeSnapshot(355)) - group-60B79CED8902: Taking a snapshot at:(t:1, i:2) file /home/runner/work/ozone/ozone/hadoop-ozone/integration-test/target/test-dir/MiniOzoneClusterImpl-2cdd5cd5-9c4c-463f-a193-9ffbc37dc237/ozone-meta/datanode-5/ratis/0d7410f7-5039-47a1-bbfe-60b79ced8902/sm/snapshot.1_2
2024-04-29 10:06:34,037 [96aec129-8b92-4385-b6bc-dde0a337a972@group-60B79CED8902-FollowerState] INFO  impl.FollowerState (FollowerState.java:run(152)) - 96aec129-8b92-4385-b6bc-dde0a337a972@group-60B79CED8902-FollowerState was interrupted
2024-04-29 10:06:34,038 [96aec129-8b92-4385-b6bc-dde0a337a972-impl-thread1] INFO  impl.StateMachineUpdater (StateMachineUpdater.java:stopAndJoin(157)) - 96aec129-8b92-4385-b6bc-dde0a337a972@group-7E6710E055B0-StateMachineUpdater: set stopIndex = 0
2024-04-29 10:06:34,038 [96aec129-8b92-4385-b6bc-dde0a337a972@group-7E6710E055B0-StateMachineUpdater] INFO  ratis.ContainerStateMachine (ContainerStateMachine.java:takeSnapshot(355)) - group-7E6710E055B0: Taking a snapshot at:(t:1, i:0) file /home/runner/work/ozone/ozone/hadoop-ozone/integration-test/target/test-dir/MiniOzoneClusterImpl-2cdd5cd5-9c4c-463f-a193-9ffbc37dc237/ozone-meta/datanode-5/ratis/4a543431-5045-4466-8351-7e6710e055b0/sm/snapshot.1_0
2024-04-29 10:06:34,039 [grpc-default-executor-6] WARN  server.GrpcServerProtocolService (LogUtils.java:warn(121)) - 96aec129-8b92-4385-b6bc-dde0a337a972: APPEND_ENTRIES onError, lastRequest: 9d50a68e-635c-4808-a075-dce2406a94a2->96aec129-8b92-4385-b6bc-dde0a337a972#5-t1,previous=(t:1, i:1),leaderCommit=1,initializing? false,entries: size=1, first=(t:1, i:2), METADATAENTRY(c:1): org.apache.ratis.thirdparty.io.grpc.StatusRuntimeException: CANCELLED: client cancelled
2024-04-29 10:06:34,039 [96aec129-8b92-4385-b6bc-dde0a337a972@group-7E6710E055B0-StateMachineUpdater] INFO  ratis.ContainerStateMachine (ContainerStateMachine.java:takeSnapshot(366)) - group-7E6710E055B0: Finished taking a snapshot at:(t:1, i:0) file:/home/runner/work/ozone/ozone/hadoop-ozone/integration-test/target/test-dir/MiniOzoneClusterImpl-2cdd5cd5-9c4c-463f-a193-9ffbc37dc237/ozone-meta/datanode-5/ratis/4a543431-5045-4466-8351-7e6710e055b0/sm/snapshot.1_0 took: 1 ms
2024-04-29 10:06:34,039 [96aec129-8b92-4385-b6bc-dde0a337a972@group-7E6710E055B0-StateMachineUpdater] INFO  impl.StateMachineUpdater (StateMachineUpdater.java:takeSnapshot(295)) - 96aec129-8b92-4385-b6bc-dde0a337a972@group-7E6710E055B0-StateMachineUpdater: Took a snapshot at index 0
2024-04-29 10:06:34,039 [96aec129-8b92-4385-b6bc-dde0a337a972@group-7E6710E055B0-StateMachineUpdater] INFO  impl.StateMachineUpdater (StateMachineUpdater.java:lambda$new$0(98)) - 96aec129-8b92-4385-b6bc-dde0a337a972@group-7E6710E055B0-StateMachineUpdater: snapshotIndex: updateIncreasingly -1 -> 0
2024-04-29 10:06:34,039 [96aec129-8b92-4385-b6bc-dde0a337a972-impl-thread1] INFO  server.RaftServer$Division (ServerState.java:close(427)) - 96aec129-8b92-4385-b6bc-dde0a337a972@group-7E6710E055B0: applyIndex: 0
2024-04-29 10:06:34,040 [grpc-default-executor-4] WARN  server.GrpcServerProtocolService (LogUtils.java:warn(121)) - 96aec129-8b92-4385-b6bc-dde0a337a972: APPEND_ENTRIES onError, lastRequest: null: org.apache.ratis.thirdparty.io.grpc.StatusRuntimeException: CANCELLED: client cancelled
2024-04-29 10:06:34,040 [main] INFO  server.GrpcService (GrpcService.java:closeImpl(320)) - 96aec129-8b92-4385-b6bc-dde0a337a972: shutdown server GrpcServerProtocolService successfully
2024-04-29 10:06:34,040 [main] INFO  server.GrpcService (GrpcService.java:closeImpl(311)) - 96aec129-8b92-4385-b6bc-dde0a337a972: shutdown server org.apache.ratis.grpc.server.GrpcAdminProtocolService now
2024-04-29 10:06:34,040 [grpc-default-executor-4] WARN  server.GrpcLogAppender (LogUtils.java:warn(121)) - 9d50a68e-635c-4808-a075-dce2406a94a2@group-60B79CED8902->96aec129-8b92-4385-b6bc-dde0a337a972-AppendLogResponseHandler: Failed appendEntries: org.apache.ratis.thirdparty.io.grpc.StatusRuntimeException: CANCELLED: RST_STREAM closed stream. HTTP/2 error code: CANCEL
2024-04-29 10:06:34,040 [96aec129-8b92-4385-b6bc-dde0a337a972@group-7E6710E055B0-cacheEviction-AwaitToRun] INFO  util.AwaitToRun (AwaitToRun.java:run(49)) - 96aec129-8b92-4385-b6bc-dde0a337a972@group-7E6710E055B0-cacheEviction-AwaitToRun-AwaitForSignal is interrupted
2024-04-29 10:06:34,040 [grpc-default-executor-4] WARN  server.GrpcLogAppender (GrpcLogAppender.java:lambda$resetClient$1(217)) - 9d50a68e-635c-4808-a075-dce2406a94a2@group-60B79CED8902->96aec129-8b92-4385-b6bc-dde0a337a972-GrpcLogAppender: Follower failed (request=null, errorCount=1); keep nextIndex (3) unchanged and retry.
2024-04-29 10:06:34,041 [main] INFO  server.GrpcService (GrpcService.java:closeImpl(320)) - 96aec129-8b92-4385-b6bc-dde0a337a972: shutdown server org.apache.ratis.grpc.server.GrpcAdminProtocolService successfully
2024-04-29 10:06:34,041 [96aec129-8b92-4385-b6bc-dde0a337a972@group-60B79CED8902-StateMachineUpdater] INFO  ratis.ContainerStateMachine (ContainerStateMachine.java:takeSnapshot(366)) - group-60B79CED8902: Finished taking a snapshot at:(t:1, i:2) file:/home/runner/work/ozone/ozone/hadoop-ozone/integration-test/target/test-dir/MiniOzoneClusterImpl-2cdd5cd5-9c4c-463f-a193-9ffbc37dc237/ozone-meta/datanode-5/ratis/0d7410f7-5039-47a1-bbfe-60b79ced8902/sm/snapshot.1_2 took: 5 ms
2024-04-29 10:06:34,041 [96aec129-8b92-4385-b6bc-dde0a337a972@group-60B79CED8902-StateMachineUpdater] INFO  impl.StateMachineUpdater (StateMachineUpdater.java:takeSnapshot(295)) - 96aec129-8b92-4385-b6bc-dde0a337a972@group-60B79CED8902-StateMachineUpdater: Took a snapshot at index 2
2024-04-29 10:06:34,041 [96aec129-8b92-4385-b6bc-dde0a337a972@group-60B79CED8902-StateMachineUpdater] INFO  impl.StateMachineUpdater (StateMachineUpdater.java:lambda$new$0(98)) - 96aec129-8b92-4385-b6bc-dde0a337a972@group-60B79CED8902-StateMachineUpdater: snapshotIndex: updateIncreasingly -1 -> 2
2024-04-29 10:06:34,042 [96aec129-8b92-4385-b6bc-dde0a337a972-impl-thread2] INFO  server.RaftServer$Division (ServerState.java:close(427)) - 96aec129-8b92-4385-b6bc-dde0a337a972@group-60B79CED8902: applyIndex: 2
2024-04-29 10:06:34,042 [96aec129-8b92-4385-b6bc-dde0a337a972@group-60B79CED8902-cacheEviction-AwaitToRun] INFO  util.AwaitToRun (AwaitToRun.java:run(49)) - 96aec129-8b92-4385-b6bc-dde0a337a972@group-60B79CED8902-cacheEviction-AwaitToRun-AwaitForSignal is interrupted
2024-04-29 10:06:34,044 [96aec129-8b92-4385-b6bc-dde0a337a972-NettyServerStreamRpc-bossGroup--thread1] INFO  logging.LoggingHandler (AbstractInternalLogger.java:log(148)) - [id: 0x4282f8f3, L:/0.0.0.0:15407] CLOSE
2024-04-29 10:06:34,044 [96aec129-8b92-4385-b6bc-dde0a337a972-NettyServerStreamRpc-bossGroup--thread1] INFO  logging.LoggingHandler (AbstractInternalLogger.java:log(148)) - [id: 0x4282f8f3, L:/0.0.0.0:15407] INACTIVE
2024-04-29 10:06:34,044 [96aec129-8b92-4385-b6bc-dde0a337a972-NettyServerStreamRpc-bossGroup--thread1] INFO  logging.LoggingHandler (AbstractInternalLogger.java:log(148)) - [id: 0x4282f8f3, L:/0.0.0.0:15407] UNREGISTERED
2024-04-29 10:06:34,885 [96aec129-8b92-4385-b6bc-dde0a337a972-impl-thread1] INFO  segmented.SegmentedRaftLogWorker (SegmentedRaftLogWorker.java:close(245)) - 96aec129-8b92-4385-b6bc-dde0a337a972@group-7E6710E055B0-SegmentedRaftLogWorker close()
2024-04-29 10:06:35,027 [96aec129-8b92-4385-b6bc-dde0a337a972-impl-thread2] INFO  segmented.SegmentedRaftLogWorker (SegmentedRaftLogWorker.java:close(245)) - 96aec129-8b92-4385-b6bc-dde0a337a972@group-60B79CED8902-SegmentedRaftLogWorker close()
2024-04-29 10:06:35,027 [JvmPauseMonitor50] INFO  util.JvmPauseMonitor (JvmPauseMonitor.java:run(152)) - JvmPauseMonitor-96aec129-8b92-4385-b6bc-dde0a337a972: Stopped
2024-04-29 10:06:36,044 [timer7] WARN  server.GrpcLogAppender (LogUtils.java:warn(121)) - 9d50a68e-635c-4808-a075-dce2406a94a2@group-60B79CED8902->258cf687-9dbc-46c1-b255-600d670a4b6c-AppendLogResponseHandler: Failed appendEntries (Repeated 10 times in the last 5.000s): org.apache.ratis.thirdparty.io.grpc.StatusRuntimeException: UNAVAILABLE: io exception
2024-04-29 10:06:36,044 [timer0] WARN  server.GrpcLogAppender (GrpcLogAppender.java:lambda$resetClient$1(217)) - 9d50a68e-635c-4808-a075-dce2406a94a2@group-60B79CED8902->258cf687-9dbc-46c1-b255-600d670a4b6c-GrpcLogAppender: Follower failed (request=null, errorCount=10); keep nextIndex (3) unchanged and retry. (Repeated 10 times in the last 5.000s)
2024-04-29 10:06:37,030 [main] INFO  utils.DatanodeStoreCache (DatanodeStoreCache.java:shutdownCache(116)) - Skip clearing cache in mini cluster mode. Entries left: [/home/runner/work/ozone/ozone/hadoop-ozone/integration-test/target/test-dir/MiniOzoneClusterImpl-2cdd5cd5-9c4c-463f-a193-9ffbc37dc237/ozone-meta/datanode-1/data-0/hdds/2cdd5cd5-9c4c-463f-a193-9ffbc37dc237/DS-6519c744-7775-4c40-8ce9-038f1193935f/container.db, /home/runner/work/ozone/ozone/hadoop-ozone/integration-test/target/test-dir/MiniOzoneClusterImpl-2cdd5cd5-9c4c-463f-a193-9ffbc37dc237/ozone-meta/datanode-2/data-0/hdds/2cdd5cd5-9c4c-463f-a193-9ffbc37dc237/DS-c0aeb411-4cd4-4f00-9492-494c1f8d49c4/container.db, /home/runner/work/ozone/ozone/hadoop-ozone/integration-test/target/test-dir/MiniOzoneClusterImpl-2cdd5cd5-9c4c-463f-a193-9ffbc37dc237/ozone-meta/datanode-3/data-0/hdds/2cdd5cd5-9c4c-463f-a193-9ffbc37dc237/DS-c761f43b-e569-4ec0-8c94-ad8d81c38b41/container.db, /home/runner/work/ozone/ozone/hadoop-ozone/integration-test/target/test-dir/MiniOzoneClusterImpl-2cdd5cd5-9c4c-463f-a193-9ffbc37dc237/ozone-meta/datanode-5/data-0/hdds/2cdd5cd5-9c4c-463f-a193-9ffbc37dc237/DS-48dd3b5e-1f8b-4b6e-aa66-cecbad168110/container.db, /home/runner/work/ozone/ozone/hadoop-ozone/integration-test/target/test-dir/MiniOzoneClusterImpl-2cdd5cd5-9c4c-463f-a193-9ffbc37dc237/ozone-meta/datanode-6/data-0/hdds/2cdd5cd5-9c4c-463f-a193-9ffbc37dc237/DS-04762224-3861-488d-80ab-37361c060ec5/container.db, /home/runner/work/ozone/ozone/hadoop-ozone/integration-test/target/test-dir/MiniOzoneClusterImpl-2cdd5cd5-9c4c-463f-a193-9ffbc37dc237/ozone-meta/datanode-7/data-0/hdds/2cdd5cd5-9c4c-463f-a193-9ffbc37dc237/DS-c1fd3a77-35f2-45e2-87c2-5cbbbffd7b20/container.db, /home/runner/work/ozone/ozone/hadoop-ozone/integration-test/target/test-dir/MiniOzoneClusterImpl-2cdd5cd5-9c4c-463f-a193-9ffbc37dc237/ozone-meta/datanode-8/data-0/hdds/2cdd5cd5-9c4c-463f-a193-9ffbc37dc237/DS-cc1ef874-51e6-45c1-b424-c25e8e0c9ee7/container.db, /home/runner/work/ozone/ozone/hadoop-ozone/integration-test/target/test-dir/MiniOzoneClusterImpl-2cdd5cd5-9c4c-463f-a193-9ffbc37dc237/ozone-meta/datanode-9/data-0/hdds/2cdd5cd5-9c4c-463f-a193-9ffbc37dc237/DS-fb3aacb6-1dba-4b84-be76-0ba145da025a/container.db]
2024-04-29 10:06:37,031 [main] INFO  utils.DatanodeStoreCache (DatanodeStoreCache.java:removeDB(110)) - Removed db /home/runner/work/ozone/ozone/hadoop-ozone/integration-test/target/test-dir/MiniOzoneClusterImpl-2cdd5cd5-9c4c-463f-a193-9ffbc37dc237/ozone-meta/datanode-5/data-0/hdds/2cdd5cd5-9c4c-463f-a193-9ffbc37dc237/DS-48dd3b5e-1f8b-4b6e-aa66-cecbad168110/container.db from cache
2024-04-29 10:06:37,031 [main] INFO  volume.HddsVolume (HddsVolume.java:closeDbStore(470)) - SchemaV3 db is stopped at /home/runner/work/ozone/ozone/hadoop-ozone/integration-test/target/test-dir/MiniOzoneClusterImpl-2cdd5cd5-9c4c-463f-a193-9ffbc37dc237/ozone-meta/datanode-5/data-0/hdds/2cdd5cd5-9c4c-463f-a193-9ffbc37dc237/DS-48dd3b5e-1f8b-4b6e-aa66-cecbad168110/container.db for volume DS-48dd3b5e-1f8b-4b6e-aa66-cecbad168110
2024-04-29 10:06:37,031 [main] INFO  utils.BackgroundService (BackgroundService.java:shutdown(160)) - Shutting down service BlockDeletingService
2024-04-29 10:06:37,032 [main] INFO  utils.BackgroundService (BackgroundService.java:shutdown(160)) - Shutting down service StaleRecoveringContainerScrubbingService
2024-04-29 10:06:37,032 [main] INFO  statemachine.DatanodeStateMachine (DatanodeStateMachine.java:stopDaemon(638)) - Ozone container server stopped.
2024-04-29 10:06:37,033 [main] INFO  handler.ContextHandler (ContextHandler.java:doStop(1159)) - Stopped o.e.j.w.WebAppContext@4512af0e{hddsDatanode,/,null,STOPPED}{file:/home/runner/work/ozone/ozone/hadoop-hdds/container-service/target/classes/webapps/hddsDatanode}
2024-04-29 10:06:37,033 [main] INFO  server.AbstractConnector (AbstractConnector.java:doStop(383)) - Stopped ServerConnector@1f7f2e76{HTTP/1.1, (http/1.1)}{0.0.0.0:15401}
2024-04-29 10:06:37,033 [main] INFO  server.session (HouseKeeper.java:stopScavenging(149)) - node0 Stopped scavenging
2024-04-29 10:06:37,033 [main] INFO  handler.ContextHandler (ContextHandler.java:doStop(1159)) - Stopped o.e.j.s.ServletContextHandler@68a45b0f{static,/static,file:///home/runner/work/ozone/ozone/hadoop-hdds/container-service/target/classes/webapps/static,STOPPED}
2024-04-29 10:06:37,033 [main] INFO  handler.ContextHandler (ContextHandler.java:doStop(1159)) - Stopped o.e.j.s.ServletContextHandler@21d1f97f{logs,/logs,file:///home/runner/work/ozone/ozone/hadoop-ozone/integration-test/target/log,STOPPED}
2024-04-29 10:06:37,034 [main] INFO  ozone.HddsDatanodeClientProtocolServer (HddsDatanodeClientProtocolServer.java:stop(83)) - Stopping the RPC server for Client Protocol
2024-04-29 10:06:37,034 [main] INFO  ipc.Server (Server.java:stop(3523)) - Stopping server on 15402
2024-04-29 10:06:37,034 [IPC Server listener on 15402] INFO  ipc.Server (Server.java:run(1434)) - Stopping IPC Server listener on 15402
2024-04-29 10:06:37,035 [IPC Server Responder] INFO  ipc.Server (Server.java:run(1567)) - Stopping IPC Server Responder
2024-04-29 10:06:37,036 [main] INFO  pipeline.PipelineManagerImpl (PipelineManagerImpl.java:closeContainersForPipeline(484)) - Container #1 closed for pipeline=PipelineID=0d7410f7-5039-47a1-bbfe-60b79ced8902
2024-04-29 10:06:37,036 [main] INFO  pipeline.PipelineManagerImpl (PipelineManagerImpl.java:closePipeline(518)) - Pipeline PipelineID=0d7410f7-5039-47a1-bbfe-60b79ced8902 moved to CLOSED state
2024-04-29 10:06:37,036 [EventQueue-CloseContainerForCloseContainerEventHandler] INFO  container.CloseContainerEventHandler (CloseContainerEventHandler.java:onMessage(88)) - Close container Event triggered for container : #1, current state: CLOSING
2024-04-29 10:06:37,283 [grpc-default-executor-3] WARN  server.GrpcLogAppender (LogUtils.java:warn(121)) - 9d50a68e-635c-4808-a075-dce2406a94a2@group-60B79CED8902->258cf687-9dbc-46c1-b255-600d670a4b6c-AppendLogResponseHandler: Failed appendEntries: org.apache.ratis.thirdparty.io.grpc.StatusRuntimeException: UNAVAILABLE: io exception
2024-04-29 10:06:37,284 [grpc-default-executor-6] WARN  server.GrpcLogAppender (GrpcLogAppender.java:lambda$resetClient$1(217)) - 9d50a68e-635c-4808-a075-dce2406a94a2@group-60B79CED8902->258cf687-9dbc-46c1-b255-600d670a4b6c-GrpcLogAppender: Follower failed (request=null, errorCount=11); keep nextIndex (3) unchanged and retry.
2024-04-29 10:06:39,040 [timer6] WARN  server.GrpcLogAppender (LogUtils.java:warn(121)) - 9d50a68e-635c-4808-a075-dce2406a94a2@group-60B79CED8902->96aec129-8b92-4385-b6bc-dde0a337a972-AppendLogResponseHandler: Failed appendEntries (Repeated 8 times in the last 5.000s): org.apache.ratis.thirdparty.io.grpc.StatusRuntimeException: UNAVAILABLE: io exception
2024-04-29 10:06:39,040 [timer7] WARN  server.GrpcLogAppender (GrpcLogAppender.java:lambda$resetClient$1(217)) - 9d50a68e-635c-4808-a075-dce2406a94a2@group-60B79CED8902->96aec129-8b92-4385-b6bc-dde0a337a972-GrpcLogAppender: Follower failed (request=null, errorCount=8); keep nextIndex (3) unchanged and retry. (Repeated 8 times in the last 5.000s)
2024-04-29 10:06:39,784 [grpc-default-executor-6] WARN  server.GrpcLogAppender (LogUtils.java:warn(121)) - 9d50a68e-635c-4808-a075-dce2406a94a2@group-60B79CED8902->96aec129-8b92-4385-b6bc-dde0a337a972-AppendLogResponseHandler: Failed appendEntries: org.apache.ratis.thirdparty.io.grpc.StatusRuntimeException: UNAVAILABLE: io exception
2024-04-29 10:06:39,785 [grpc-default-executor-3] WARN  server.GrpcLogAppender (GrpcLogAppender.java:lambda$resetClient$1(217)) - 9d50a68e-635c-4808-a075-dce2406a94a2@group-60B79CED8902->96aec129-8b92-4385-b6bc-dde0a337a972-GrpcLogAppender: Follower failed (request=null, errorCount=9); keep nextIndex (3) unchanged and retry.
2024-04-29 10:06:40,322 [null-request--thread1] INFO  server.GrpcClientProtocolService (GrpcClientProtocolService.java:lambda$processClientRequest$0(284)) - Failed RaftClientRequest:client-63A0B8CC5CC2->9d50a68e-635c-4808-a075-dce2406a94a2@group-60B79CED8902, cid=78, seq=null, Watch-ALL_COMMITTED(62), Message:<EMPTY>, reply=RaftClientReply:client-63A0B8CC5CC2->9d50a68e-635c-4808-a075-dce2406a94a2@group-60B79CED8902, cid=78, FAILED org.apache.ratis.protocol.exceptions.NotReplicatedException: Request with call Id 78 and log index 62 is not yet replicated to ALL_COMMITTED, logIndex=62, commits[9d50a68e-635c-4808-a075-dce2406a94a2:c2, 96aec129-8b92-4385-b6bc-dde0a337a972:c2, 258cf687-9dbc-46c1-b255-600d670a4b6c:c1]
2024-04-29 10:06:40,323 [main] WARN  scm.XceiverClientRatis (XceiverClientRatis.java:watchForCommit(284)) - 3 way commit failed on pipeline Pipeline[ Id: 0d7410f7-5039-47a1-bbfe-60b79ced8902, Nodes: 258cf687-9dbc-46c1-b255-600d670a4b6c(localhost/127.0.0.1)96aec129-8b92-4385-b6bc-dde0a337a972(localhost/127.0.0.1)9d50a68e-635c-4808-a075-dce2406a94a2(localhost/127.0.0.1), ReplicationConfig: RATIS/THREE, State:OPEN, leaderId:9d50a68e-635c-4808-a075-dce2406a94a2, CreationTimestamp2024-04-29T10:06:22.814Z[Etc/UTC]]
java.util.concurrent.ExecutionException: org.apache.ratis.protocol.exceptions.NotReplicatedException: Request with call Id 78 and log index 62 is not yet replicated to ALL_COMMITTED
	at java.base/java.util.concurrent.CompletableFuture.reportGet(CompletableFuture.java:396)
	at java.base/java.util.concurrent.CompletableFuture.get(CompletableFuture.java:2073)
	at org.apache.hadoop.hdds.scm.XceiverClientRatis.watchForCommit(XceiverClientRatis.java:279)
	at org.apache.hadoop.ozone.client.rpc.TestWatchForCommit.lambda$testWatchForCommitForRetryfailure$0(TestWatchForCommit.java:286)
	at org.junit.jupiter.api.AssertThrows.assertThrows(AssertThrows.java:53)
	at org.junit.jupiter.api.AssertThrows.assertThrows(AssertThrows.java:35)
	at org.junit.jupiter.api.Assertions.assertThrows(Assertions.java:3115)
	at org.apache.hadoop.ozone.client.rpc.TestWatchForCommit.testWatchForCommitForRetryfailure(TestWatchForCommit.java:285)
	at java.base/jdk.internal.reflect.NativeMethodAccessorImpl.invoke0(Native Method)
	at java.base/jdk.internal.reflect.NativeMethodAccessorImpl.invoke(NativeMethodAccessorImpl.java:77)
	at java.base/jdk.internal.reflect.DelegatingMethodAccessorImpl.invoke(DelegatingMethodAccessorImpl.java:43)
	at java.base/java.lang.reflect.Method.invoke(Method.java:568)
	at org.junit.platform.commons.util.ReflectionUtils.invokeMethod(ReflectionUtils.java:728)
	at org.junit.jupiter.engine.execution.MethodInvocation.proceed(MethodInvocation.java:60)
	at org.junit.jupiter.engine.execution.InvocationInterceptorChain$ValidatingInvocation.proceed(InvocationInterceptorChain.java:131)
	at org.junit.jupiter.engine.extension.TimeoutExtension.intercept(TimeoutExtension.java:156)
	at org.junit.jupiter.engine.extension.TimeoutExtension.interceptTestableMethod(TimeoutExtension.java:147)
	at org.junit.jupiter.engine.extension.TimeoutExtension.interceptTestMethod(TimeoutExtension.java:86)
	at org.junit.jupiter.engine.execution.InterceptingExecutableInvoker$ReflectiveInterceptorCall.lambda$ofVoidMethod$0(InterceptingExecutableInvoker.java:103)
	at org.junit.jupiter.engine.execution.InterceptingExecutableInvoker.lambda$invoke$0(InterceptingExecutableInvoker.java:93)
	at org.junit.jupiter.engine.execution.InvocationInterceptorChain$InterceptedInvocation.proceed(InvocationInterceptorChain.java:106)
	at org.junit.jupiter.engine.execution.InvocationInterceptorChain.proceed(InvocationInterceptorChain.java:64)
	at org.junit.jupiter.engine.execution.InvocationInterceptorChain.chainAndInvoke(InvocationInterceptorChain.java:45)
	at org.junit.jupiter.engine.execution.InvocationInterceptorChain.invoke(InvocationInterceptorChain.java:37)
	at org.junit.jupiter.engine.execution.InterceptingExecutableInvoker.invoke(InterceptingExecutableInvoker.java:92)
	at org.junit.jupiter.engine.execution.InterceptingExecutableInvoker.invoke(InterceptingExecutableInvoker.java:86)
	at org.junit.jupiter.engine.descriptor.TestMethodTestDescriptor.lambda$invokeTestMethod$7(TestMethodTestDescriptor.java:218)
	at org.junit.platform.engine.support.hierarchical.ThrowableCollector.execute(ThrowableCollector.java:73)
	at org.junit.jupiter.engine.descriptor.TestMethodTestDescriptor.invokeTestMethod(TestMethodTestDescriptor.java:214)
	at org.junit.jupiter.engine.descriptor.TestMethodTestDescriptor.execute(TestMethodTestDescriptor.java:139)
	at org.junit.jupiter.engine.descriptor.TestMethodTestDescriptor.execute(TestMethodTestDescriptor.java:69)
	at org.junit.platform.engine.support.hierarchical.NodeTestTask.lambda$executeRecursively$6(NodeTestTask.java:151)
	at org.junit.platform.engine.support.hierarchical.ThrowableCollector.execute(ThrowableCollector.java:73)
	at org.junit.platform.engine.support.hierarchical.NodeTestTask.lambda$executeRecursively$8(NodeTestTask.java:141)
	at org.junit.platform.engine.support.hierarchical.Node.around(Node.java:137)
	at org.junit.platform.engine.support.hierarchical.NodeTestTask.lambda$executeRecursively$9(NodeTestTask.java:139)
	at org.junit.platform.engine.support.hierarchical.ThrowableCollector.execute(ThrowableCollector.java:73)
	at org.junit.platform.engine.support.hierarchical.NodeTestTask.executeRecursively(NodeTestTask.java:138)
	at org.junit.platform.engine.support.hierarchical.NodeTestTask.execute(NodeTestTask.java:95)
	at java.base/java.util.ArrayList.forEach(ArrayList.java:1511)
	at org.junit.platform.engine.support.hierarchical.SameThreadHierarchicalTestExecutorService.invokeAll(SameThreadHierarchicalTestExecutorService.java:41)
	at org.junit.platform.engine.support.hierarchical.NodeTestTask.lambda$executeRecursively$6(NodeTestTask.java:155)
	at org.junit.platform.engine.support.hierarchical.ThrowableCollector.execute(ThrowableCollector.java:73)
	at org.junit.platform.engine.support.hierarchical.NodeTestTask.lambda$executeRecursively$8(NodeTestTask.java:141)
	at org.junit.platform.engine.support.hierarchical.Node.around(Node.java:137)
	at org.junit.platform.engine.support.hierarchical.NodeTestTask.lambda$executeRecursively$9(NodeTestTask.java:139)
	at org.junit.platform.engine.support.hierarchical.ThrowableCollector.execute(ThrowableCollector.java:73)
	at org.junit.platform.engine.support.hierarchical.NodeTestTask.executeRecursively(NodeTestTask.java:138)
	at org.junit.platform.engine.support.hierarchical.NodeTestTask.execute(NodeTestTask.java:95)
	at java.base/java.util.ArrayList.forEach(ArrayList.java:1511)
	at org.junit.platform.engine.support.hierarchical.SameThreadHierarchicalTestExecutorService.invokeAll(SameThreadHierarchicalTestExecutorService.java:41)
	at org.junit.platform.engine.support.hierarchical.NodeTestTask.lambda$executeRecursively$6(NodeTestTask.java:155)
	at org.junit.platform.engine.support.hierarchical.ThrowableCollector.execute(ThrowableCollector.java:73)
	at org.junit.platform.engine.support.hierarchical.NodeTestTask.lambda$executeRecursively$8(NodeTestTask.java:141)
	at org.junit.platform.engine.support.hierarchical.Node.around(Node.java:137)
	at org.junit.platform.engine.support.hierarchical.NodeTestTask.lambda$executeRecursively$9(NodeTestTask.java:139)
	at org.junit.platform.engine.support.hierarchical.ThrowableCollector.execute(ThrowableCollector.java:73)
	at org.junit.platform.engine.support.hierarchical.NodeTestTask.executeRecursively(NodeTestTask.java:138)
	at org.junit.platform.engine.support.hierarchical.NodeTestTask.execute(NodeTestTask.java:95)
	at org.junit.platform.engine.support.hierarchical.SameThreadHierarchicalTestExecutorService.submit(SameThreadHierarchicalTestExecutorService.java:35)
	at org.junit.platform.engine.support.hierarchical.HierarchicalTestExecutor.execute(HierarchicalTestExecutor.java:57)
	at org.junit.platform.engine.support.hierarchical.HierarchicalTestEngine.execute(HierarchicalTestEngine.java:54)
	at org.junit.platform.launcher.core.EngineExecutionOrchestrator.execute(EngineExecutionOrchestrator.java:198)
	at org.junit.platform.launcher.core.EngineExecutionOrchestrator.execute(EngineExecutionOrchestrator.java:169)
	at org.junit.platform.launcher.core.EngineExecutionOrchestrator.execute(EngineExecutionOrchestrator.java:93)
	at org.junit.platform.launcher.core.EngineExecutionOrchestrator.lambda$execute$0(EngineExecutionOrchestrator.java:58)
	at org.junit.platform.launcher.core.EngineExecutionOrchestrator.withInterceptedStreams(EngineExecutionOrchestrator.java:141)
	at org.junit.platform.launcher.core.EngineExecutionOrchestrator.execute(EngineExecutionOrchestrator.java:57)
	at org.junit.platform.launcher.core.DefaultLauncher.execute(DefaultLauncher.java:103)
	at org.junit.platform.launcher.core.DefaultLauncher.execute(DefaultLauncher.java:85)
	at org.junit.platform.launcher.core.DelegatingLauncher.execute(DelegatingLauncher.java:47)
	at org.junit.platform.launcher.core.SessionPerRequestLauncher.execute(SessionPerRequestLauncher.java:63)
	at org.apache.maven.surefire.junitplatform.JUnitPlatformProvider.invokeAllTests(JUnitPlatformProvider.java:165)
	at org.apache.maven.surefire.junitplatform.JUnitPlatformProvider.invoke(JUnitPlatformProvider.java:123)
	at org.apache.maven.surefire.booter.ForkedBooter.runSuitesInProcess(ForkedBooter.java:377)
	at org.apache.maven.surefire.booter.ForkedBooter.execute(ForkedBooter.java:138)
	at org.apache.maven.surefire.booter.ForkedBooter.run(ForkedBooter.java:465)
	at org.apache.maven.surefire.booter.ForkedBooter.main(ForkedBooter.java:451)
Caused by: org.apache.ratis.protocol.exceptions.NotReplicatedException: Request with call Id 78 and log index 62 is not yet replicated to ALL_COMMITTED
	at org.apache.ratis.client.impl.ClientProtoUtils.toRaftClientReply(ClientProtoUtils.java:400)
	at org.apache.ratis.grpc.client.GrpcClientProtocolClient$AsyncStreamObservers$1.onNext(GrpcClientProtocolClient.java:310)
	at org.apache.ratis.grpc.client.GrpcClientProtocolClient$AsyncStreamObservers$1.onNext(GrpcClientProtocolClient.java:305)
	at org.apache.ratis.thirdparty.io.grpc.stub.ClientCalls$StreamObserverToCallListenerAdapter.onMessage(ClientCalls.java:468)
	at org.apache.ratis.thirdparty.io.grpc.ForwardingClientCallListener.onMessage(ForwardingClientCallListener.java:33)
	at org.apache.ratis.thirdparty.io.grpc.internal.ClientCallImpl$ClientStreamListenerImpl$1MessagesAvailable.runInternal(ClientCallImpl.java:660)
	at org.apache.ratis.thirdparty.io.grpc.internal.ClientCallImpl$ClientStreamListenerImpl$1MessagesAvailable.runInContext(ClientCallImpl.java:647)
	at org.apache.ratis.thirdparty.io.grpc.internal.ContextRunnable.run(ContextRunnable.java:37)
	at org.apache.ratis.thirdparty.io.grpc.internal.SerializingExecutor.run(SerializingExecutor.java:133)
	at java.base/java.util.concurrent.ThreadPoolExecutor.runWorker(ThreadPoolExecutor.java:1136)
	at java.base/java.util.concurrent.ThreadPoolExecutor$Worker.run(ThreadPoolExecutor.java:635)
	at java.base/java.lang.Thread.run(Thread.java:840)
2024-04-29 10:06:41,427 [9d50a68e-635c-4808-a075-dce2406a94a2@group-60B79CED8902-LeaderStateImpl] WARN  server.RaftServer$Division (LeaderStateImpl.java:checkLeadership(1107)) - 9d50a68e-635c-4808-a075-dce2406a94a2@group-60B79CED8902-LeaderStateImpl: Lost leadership on term: 1. Election timeout: 5200ms. In charge for: 10567ms. Conf: 0: peers:[96aec129-8b92-4385-b6bc-dde0a337a972|127.0.0.1:15406, 258cf687-9dbc-46c1-b255-600d670a4b6c|127.0.0.1:15397, 9d50a68e-635c-4808-a075-dce2406a94a2|127.0.0.1:15415]|listeners:[], old=null
2024-04-29 10:06:41,427 [9d50a68e-635c-4808-a075-dce2406a94a2@group-60B79CED8902-LeaderStateImpl] WARN  server.RaftServer$Division (LeaderStateImpl.java:lambda$checkLeadership$21(1111)) - Follower 9d50a68e-635c-4808-a075-dce2406a94a2@group-60B79CED8902->96aec129-8b92-4385-b6bc-dde0a337a972(c2,m2,n3, caughtUp=true, lastRpcSendTime=390, lastRpcResponseTime=7899)
2024-04-29 10:06:41,427 [9d50a68e-635c-4808-a075-dce2406a94a2@group-60B79CED8902-LeaderStateImpl] WARN  server.RaftServer$Division (LeaderStateImpl.java:lambda$checkLeadership$21(1111)) - Follower 9d50a68e-635c-4808-a075-dce2406a94a2@group-60B79CED8902->258cf687-9dbc-46c1-b255-600d670a4b6c(c1,m2,n3, caughtUp=true, lastRpcSendTime=1256, lastRpcResponseTime=10401)
2024-04-29 10:06:41,427 [9d50a68e-635c-4808-a075-dce2406a94a2@group-60B79CED8902-LeaderStateImpl] INFO  server.RaftServer$Division (RaftServerImpl.java:setRole(383)) - 9d50a68e-635c-4808-a075-dce2406a94a2@group-60B79CED8902: changes role from    LEADER to FOLLOWER at term 1 for StepDownReason:LOST_MAJORITY_HEARTBEATS
2024-04-29 10:06:41,427 [9d50a68e-635c-4808-a075-dce2406a94a2@group-60B79CED8902-LeaderStateImpl] INFO  impl.RoleInfo (RoleInfo.java:shutdownLeaderState(94)) - 9d50a68e-635c-4808-a075-dce2406a94a2: shutdown 9d50a68e-635c-4808-a075-dce2406a94a2@group-60B79CED8902-LeaderStateImpl
2024-04-29 10:06:41,427 [9d50a68e-635c-4808-a075-dce2406a94a2@group-60B79CED8902->96aec129-8b92-4385-b6bc-dde0a337a972-GrpcLogAppender-LogAppenderDaemon] WARN  server.GrpcLogAppender (GrpcLogAppender.java:mayWait(289)) - 9d50a68e-635c-4808-a075-dce2406a94a2@group-60B79CED8902->96aec129-8b92-4385-b6bc-dde0a337a972-GrpcLogAppender: Wait interrupted by java.lang.InterruptedException
2024-04-29 10:06:41,427 [9d50a68e-635c-4808-a075-dce2406a94a2@group-60B79CED8902-LeaderStateImpl] INFO  impl.PendingRequests (PendingRequests.java:sendNotLeaderResponses(289)) - 9d50a68e-635c-4808-a075-dce2406a94a2@group-60B79CED8902-PendingRequests: sendNotLeaderResponses
2024-04-29 10:06:41,428 [null-request--thread1] INFO  server.GrpcClientProtocolService (GrpcClientProtocolService.java:lambda$processClientRequest$0(284)) - Failed RaftClientRequest:client-63A0B8CC5CC2->9d50a68e-635c-4808-a075-dce2406a94a2@group-60B79CED8902, cid=79, seq=null, Watch-MAJORITY_COMMITTED(62), Message:<EMPTY>, reply=RaftClientReply:client-63A0B8CC5CC2->9d50a68e-635c-4808-a075-dce2406a94a2@group-60B79CED8902, cid=79, FAILED org.apache.ratis.protocol.exceptions.NotLeaderException: Server 9d50a68e-635c-4808-a075-dce2406a94a2@group-60B79CED8902 is not the leader, logIndex=0, commits[9d50a68e-635c-4808-a075-dce2406a94a2:c2, 96aec129-8b92-4385-b6bc-dde0a337a972:c2, 258cf687-9dbc-46c1-b255-600d670a4b6c:c1]
2024-04-29 10:06:41,428 [9d50a68e-635c-4808-a075-dce2406a94a2@group-60B79CED8902-LeaderStateImpl] INFO  server.RaftServer$Division (ServerState.java:setLeader(269)) - 9d50a68e-635c-4808-a075-dce2406a94a2@group-60B79CED8902: change Leader from 9d50a68e-635c-4808-a075-dce2406a94a2 to null at term 1 for StepDownReason:LOST_MAJORITY_HEARTBEATS
2024-04-29 10:06:41,428 [9d50a68e-635c-4808-a075-dce2406a94a2@group-60B79CED8902-LeaderStateImpl] INFO  impl.RoleInfo (RoleInfo.java:updateAndGet(139)) - 9d50a68e-635c-4808-a075-dce2406a94a2: start 9d50a68e-635c-4808-a075-dce2406a94a2@group-60B79CED8902-FollowerState
2024-04-29 10:06:41,427 [9d50a68e-635c-4808-a075-dce2406a94a2@group-60B79CED8902->258cf687-9dbc-46c1-b255-600d670a4b6c-GrpcLogAppender-LogAppenderDaemon] WARN  server.GrpcLogAppender (GrpcLogAppender.java:mayWait(289)) - 9d50a68e-635c-4808-a075-dce2406a94a2@group-60B79CED8902->258cf687-9dbc-46c1-b255-600d670a4b6c-GrpcLogAppender: Wait interrupted by java.lang.InterruptedException
2024-04-29 10:06:42,034 [9d50a68e-635c-4808-a075-dce2406a94a2-CloseContainerThread-0] INFO  commandhandler.CloseContainerCommandHandler (CloseContainerCommandHandler.java:lambda$handle$0(154)) - Follower cannot close container #1.
2024-04-29 10:06:42,283 [timer6] WARN  server.GrpcLogAppender (LogUtils.java:warn(121)) - 9d50a68e-635c-4808-a075-dce2406a94a2@group-60B79CED8902->258cf687-9dbc-46c1-b255-600d670a4b6c-AppendLogResponseHandler: Failed appendEntries (Repeated 6 times in the last 5.000s): org.apache.ratis.thirdparty.io.grpc.StatusRuntimeException: UNAVAILABLE: io exception
2024-04-29 10:06:42,284 [timer7] WARN  server.GrpcLogAppender (GrpcLogAppender.java:lambda$resetClient$1(217)) - 9d50a68e-635c-4808-a075-dce2406a94a2@group-60B79CED8902->258cf687-9dbc-46c1-b255-600d670a4b6c-GrpcLogAppender: Follower failed (request=null, errorCount=16); keep nextIndex (3) unchanged and retry. (Repeated 6 times in the last 5.001s)
2024-04-29 10:06:43,881 [BackgroundPipelineScrubber] INFO  pipeline.PipelineManagerImpl (PipelineManagerImpl.java:scrubPipelines(610)) - Scrubbing pipeline: id: PipelineID=0d7410f7-5039-47a1-bbfe-60b79ced8902 since it stays at CLOSED stage.
2024-04-29 10:06:43,881 [BackgroundPipelineScrubber] INFO  pipeline.RatisPipelineProvider (RatisPipelineProvider.java:lambda$close$4(270)) - Send pipeline:PipelineID=0d7410f7-5039-47a1-bbfe-60b79ced8902 close command to datanode 258cf687-9dbc-46c1-b255-600d670a4b6c
2024-04-29 10:06:43,881 [BackgroundPipelineScrubber] INFO  pipeline.RatisPipelineProvider (RatisPipelineProvider.java:lambda$close$4(270)) - Send pipeline:PipelineID=0d7410f7-5039-47a1-bbfe-60b79ced8902 close command to datanode 96aec129-8b92-4385-b6bc-dde0a337a972
2024-04-29 10:06:43,881 [BackgroundPipelineScrubber] INFO  pipeline.RatisPipelineProvider (RatisPipelineProvider.java:lambda$close$4(270)) - Send pipeline:PipelineID=0d7410f7-5039-47a1-bbfe-60b79ced8902 close command to datanode 9d50a68e-635c-4808-a075-dce2406a94a2
2024-04-29 10:06:43,882 [BackgroundPipelineScrubber] INFO  pipeline.PipelineManagerImpl (PipelineManagerImpl.java:removePipeline(459)) - Pipeline Pipeline[ Id: 0d7410f7-5039-47a1-bbfe-60b79ced8902, Nodes: 258cf687-9dbc-46c1-b255-600d670a4b6c(localhost/127.0.0.1)96aec129-8b92-4385-b6bc-dde0a337a972(localhost/127.0.0.1)9d50a68e-635c-4808-a075-dce2406a94a2(localhost/127.0.0.1), ReplicationConfig: RATIS/THREE, State:CLOSED, leaderId:9d50a68e-635c-4808-a075-dce2406a94a2, CreationTimestamp2024-04-29T10:06:22.814Z[Etc/UTC]] removed.
2024-04-29 10:06:44,785 [timer6] WARN  server.GrpcLogAppender (LogUtils.java:warn(121)) - 9d50a68e-635c-4808-a075-dce2406a94a2@group-60B79CED8902->96aec129-8b92-4385-b6bc-dde0a337a972-AppendLogResponseHandler: Failed appendEntries (Repeated 4 times in the last 5.001s): org.apache.ratis.thirdparty.io.grpc.StatusRuntimeException: UNAVAILABLE: io exception
2024-04-29 10:06:44,786 [timer7] WARN  server.GrpcLogAppender (GrpcLogAppender.java:lambda$resetClient$1(217)) - 9d50a68e-635c-4808-a075-dce2406a94a2@group-60B79CED8902->96aec129-8b92-4385-b6bc-dde0a337a972-GrpcLogAppender: Follower failed (request=null, errorCount=12); keep nextIndex (3) unchanged and retry. (Repeated 4 times in the last 5.001s)
2024-04-29 10:06:45,034 [9d50a68e-635c-4808-a075-dce2406a94a2-PipelineCommandHandlerThread-0] INFO  server.RaftServer (RaftServerProxy.java:remove(111)) - 9d50a68e-635c-4808-a075-dce2406a94a2: remove  FOLLOWER 9d50a68e-635c-4808-a075-dce2406a94a2@group-60B79CED8902:t1, leader=null, voted=9d50a68e-635c-4808-a075-dce2406a94a2, raftlog=Memoized:9d50a68e-635c-4808-a075-dce2406a94a2@group-60B79CED8902-SegmentedRaftLog:OPENED:c2, conf=0: peers:[96aec129-8b92-4385-b6bc-dde0a337a972|127.0.0.1:15406, 258cf687-9dbc-46c1-b255-600d670a4b6c|127.0.0.1:15397, 9d50a68e-635c-4808-a075-dce2406a94a2|127.0.0.1:15415]|listeners:[], old=null RUNNING
2024-04-29 10:06:45,035 [9d50a68e-635c-4808-a075-dce2406a94a2-PipelineCommandHandlerThread-0] INFO  server.RaftServer$Division (RaftServerImpl.java:lambda$close$3(526)) - 9d50a68e-635c-4808-a075-dce2406a94a2@group-60B79CED8902: shutdown
2024-04-29 10:06:45,035 [9d50a68e-635c-4808-a075-dce2406a94a2-PipelineCommandHandlerThread-0] INFO  util.JmxRegister (JmxRegister.java:unregister(73)) - Successfully un-registered JMX Bean with object name Ratis:service=RaftServer,group=group-60B79CED8902,id=9d50a68e-635c-4808-a075-dce2406a94a2
2024-04-29 10:06:45,035 [9d50a68e-635c-4808-a075-dce2406a94a2-PipelineCommandHandlerThread-0] INFO  impl.RoleInfo (RoleInfo.java:shutdownFollowerState(110)) - 9d50a68e-635c-4808-a075-dce2406a94a2: shutdown 9d50a68e-635c-4808-a075-dce2406a94a2@group-60B79CED8902-FollowerState
2024-04-29 10:06:45,035 [9d50a68e-635c-4808-a075-dce2406a94a2-PipelineCommandHandlerThread-0] INFO  impl.StateMachineUpdater (StateMachineUpdater.java:stopAndJoin(157)) - 9d50a68e-635c-4808-a075-dce2406a94a2@group-60B79CED8902-StateMachineUpdater: set stopIndex = 2
2024-04-29 10:06:45,035 [9d50a68e-635c-4808-a075-dce2406a94a2@group-60B79CED8902-FollowerState] INFO  impl.FollowerState (FollowerState.java:run(152)) - 9d50a68e-635c-4808-a075-dce2406a94a2@group-60B79CED8902-FollowerState was interrupted
2024-04-29 10:06:45,035 [9d50a68e-635c-4808-a075-dce2406a94a2@group-60B79CED8902-StateMachineUpdater] INFO  ratis.ContainerStateMachine (ContainerStateMachine.java:takeSnapshot(355)) - group-60B79CED8902: Taking a snapshot at:(t:1, i:2) file /home/runner/work/ozone/ozone/hadoop-ozone/integration-test/target/test-dir/MiniOzoneClusterImpl-2cdd5cd5-9c4c-463f-a193-9ffbc37dc237/ozone-meta/datanode-6/ratis/0d7410f7-5039-47a1-bbfe-60b79ced8902/sm/snapshot.1_2
2024-04-29 10:06:45,036 [9d50a68e-635c-4808-a075-dce2406a94a2@group-60B79CED8902-StateMachineUpdater] INFO  ratis.ContainerStateMachine (ContainerStateMachine.java:takeSnapshot(366)) - group-60B79CED8902: Finished taking a snapshot at:(t:1, i:2) file:/home/runner/work/ozone/ozone/hadoop-ozone/integration-test/target/test-dir/MiniOzoneClusterImpl-2cdd5cd5-9c4c-463f-a193-9ffbc37dc237/ozone-meta/datanode-6/ratis/0d7410f7-5039-47a1-bbfe-60b79ced8902/sm/snapshot.1_2 took: 1 ms
2024-04-29 10:06:45,036 [9d50a68e-635c-4808-a075-dce2406a94a2@group-60B79CED8902-StateMachineUpdater] INFO  impl.StateMachineUpdater (StateMachineUpdater.java:takeSnapshot(295)) - 9d50a68e-635c-4808-a075-dce2406a94a2@group-60B79CED8902-StateMachineUpdater: Took a snapshot at index 2
2024-04-29 10:06:45,036 [9d50a68e-635c-4808-a075-dce2406a94a2@group-60B79CED8902-StateMachineUpdater] INFO  impl.StateMachineUpdater (StateMachineUpdater.java:lambda$new$0(98)) - 9d50a68e-635c-4808-a075-dce2406a94a2@group-60B79CED8902-StateMachineUpdater: snapshotIndex: updateIncreasingly -1 -> 2
2024-04-29 10:06:45,036 [9d50a68e-635c-4808-a075-dce2406a94a2-PipelineCommandHandlerThread-0] INFO  server.RaftServer$Division (ServerState.java:close(427)) - 9d50a68e-635c-4808-a075-dce2406a94a2@group-60B79CED8902: applyIndex: 2
2024-04-29 10:06:45,037 [9d50a68e-635c-4808-a075-dce2406a94a2@group-60B79CED8902-cacheEviction-AwaitToRun] INFO  util.AwaitToRun (AwaitToRun.java:run(49)) - 9d50a68e-635c-4808-a075-dce2406a94a2@group-60B79CED8902-cacheEviction-AwaitToRun-AwaitForSignal is interrupted
2024-04-29 10:06:46,027 [9d50a68e-635c-4808-a075-dce2406a94a2-PipelineCommandHandlerThread-0] INFO  segmented.SegmentedRaftLogWorker (SegmentedRaftLogWorker.java:close(245)) - 9d50a68e-635c-4808-a075-dce2406a94a2@group-60B79CED8902-SegmentedRaftLogWorker close()
2024-04-29 10:06:46,028 [9d50a68e-635c-4808-a075-dce2406a94a2-PipelineCommandHandlerThread-0] INFO  keyvalue.KeyValueContainer (KeyValueContainer.java:flushAndSyncDB(522)) - Container 1 is synced with bcsId 0.
2024-04-29 10:06:46,028 [9d50a68e-635c-4808-a075-dce2406a94a2-PipelineCommandHandlerThread-0] INFO  keyvalue.KeyValueContainer (KeyValueContainer.java:flushAndSyncDB(522)) - Container 1 is synced with bcsId 0.
2024-04-29 10:06:46,030 [9d50a68e-635c-4808-a075-dce2406a94a2-PipelineCommandHandlerThread-0] INFO  server.RaftServer$Division (RaftServerImpl.java:groupRemove(496)) - 9d50a68e-635c-4808-a075-dce2406a94a2@group-60B79CED8902: Succeed to remove RaftStorageDirectory Storage Directory /home/runner/work/ozone/ozone/hadoop-ozone/integration-test/target/test-dir/MiniOzoneClusterImpl-2cdd5cd5-9c4c-463f-a193-9ffbc37dc237/ozone-meta/datanode-6/ratis/0d7410f7-5039-47a1-bbfe-60b79ced8902
2024-04-29 10:06:46,031 [9d50a68e-635c-4808-a075-dce2406a94a2-PipelineCommandHandlerThread-0] ERROR commandhandler.ClosePipelineCommandHandler (ClosePipelineCommandHandler.java:lambda$handle$2(137)) - Can't close pipeline PipelineID=0d7410f7-5039-47a1-bbfe-60b79ced8902
org.apache.ratis.protocol.exceptions.GroupMismatchException: 9d50a68e-635c-4808-a075-dce2406a94a2: group-60B79CED8902 not found.
	at org.apache.ratis.server.impl.RaftServerProxy$ImplMap.get(RaftServerProxy.java:154)
	at org.apache.ratis.server.impl.RaftServerProxy.getImplFuture(RaftServerProxy.java:364)
	at org.apache.ratis.server.impl.RaftServerProxy.getImpl(RaftServerProxy.java:373)
	at org.apache.ratis.server.impl.RaftServerProxy.getDivision(RaftServerProxy.java:386)
	at org.apache.hadoop.ozone.container.common.transport.server.ratis.XceiverServerRatis.getRaftPeersInPipeline(XceiverServerRatis.java:951)
	at org.apache.hadoop.ozone.container.common.statemachine.commandhandler.ClosePipelineCommandHandler.lambda$handle$2(ClosePipelineCommandHandler.java:114)
	at java.base/java.util.concurrent.CompletableFuture$AsyncRun.run(CompletableFuture.java:1804)
	at java.base/java.util.concurrent.ThreadPoolExecutor.runWorker(ThreadPoolExecutor.java:1136)
	at java.base/java.util.concurrent.ThreadPoolExecutor$Worker.run(ThreadPoolExecutor.java:635)
	at java.base/java.lang.Thread.run(Thread.java:840)
2024-04-29 10:06:46,031 [FixedThreadPoolWithAffinityExecutor-0-0] INFO  container.IncrementalContainerReportHandler (AbstractContainerReportHandler.java:updateContainerState(287)) - Moving container #1 to QUASI_CLOSED state, datanode 9d50a68e-635c-4808-a075-dce2406a94a2(localhost/127.0.0.1) reported QUASI_CLOSED replica.
2024-04-29 10:06:51,329 [main] INFO  ozone.MiniOzoneClusterImpl (MiniOzoneClusterImpl.java:shutdown(396)) - Shutting down the Mini Ozone Cluster
2024-04-29 10:06:51,329 [main] INFO  db.CodecTestUtil (CodecTestUtil.java:gc(50)) - gc 0
2024-04-29 10:06:51,513 [main] INFO  ozone.MiniOzoneClusterImpl (MiniOzoneClusterImpl.java:stop(412)) - Stopping the Mini Ozone Cluster
2024-04-29 10:06:51,513 [main] INFO  om.OzoneManager (OzoneManager.java:stop(2232)) - om1[localhost:15360]: Stopping Ozone Manager
2024-04-29 10:06:51,514 [main] INFO  ipc.Server (Server.java:stop(3523)) - Stopping server on 15360
2024-04-29 10:06:51,514 [IPC Server Responder] INFO  ipc.Server (Server.java:run(1567)) - Stopping IPC Server Responder
2024-04-29 10:06:51,514 [main] INFO  ratis.OzoneManagerRatisServer (OzoneManagerRatisServer.java:stop(594)) - Stopping org.apache.hadoop.ozone.om.ratis.OzoneManagerRatisServer@4f0e935d at port 15363
2024-04-29 10:06:51,514 [main] INFO  server.RaftServer (RaftServerProxy.java:lambda$close$9(416)) - om1: close
2024-04-29 10:06:51,515 [main] INFO  server.GrpcService (GrpcService.java:closeImpl(311)) - om1: shutdown server GrpcServerProtocolService now
2024-04-29 10:06:51,514 [IPC Server listener on 15360] INFO  ipc.Server (Server.java:run(1434)) - Stopping IPC Server listener on 15360
2024-04-29 10:06:51,515 [om1-impl-thread1] INFO  server.RaftServer$Division (RaftServerImpl.java:lambda$close$3(526)) - om1@group-C5BA1605619E: shutdown
2024-04-29 10:06:51,516 [om1-impl-thread1] INFO  util.JmxRegister (JmxRegister.java:unregister(73)) - Successfully un-registered JMX Bean with object name Ratis:service=RaftServer,group=group-C5BA1605619E,id=om1
2024-04-29 10:06:51,516 [om1-impl-thread1] INFO  impl.RoleInfo (RoleInfo.java:shutdownLeaderState(94)) - om1: shutdown om1@group-C5BA1605619E-LeaderStateImpl
2024-04-29 10:06:51,516 [main] INFO  server.GrpcService (GrpcService.java:closeImpl(320)) - om1: shutdown server GrpcServerProtocolService successfully
2024-04-29 10:06:51,516 [om1-impl-thread1] INFO  impl.PendingRequests (PendingRequests.java:sendNotLeaderResponses(289)) - om1@group-C5BA1605619E-PendingRequests: sendNotLeaderResponses
2024-04-29 10:06:51,516 [om1-impl-thread1] INFO  impl.StateMachineUpdater (StateMachineUpdater.java:stopAndJoin(157)) - om1@group-C5BA1605619E-StateMachineUpdater: set stopIndex = 4
2024-04-29 10:06:51,516 [om1@group-C5BA1605619E-StateMachineUpdater] INFO  ratis.OzoneManagerStateMachine (OzoneManagerStateMachine.java:takeSnapshotImpl(481)) -  applied = (t:1, i:3)
2024-04-29 10:06:51,516 [om1@group-C5BA1605619E-StateMachineUpdater] INFO  ratis.OzoneManagerStateMachine (OzoneManagerStateMachine.java:takeSnapshotImpl(482)) -  skipped = 3
2024-04-29 10:06:51,516 [om1@group-C5BA1605619E-StateMachineUpdater] INFO  ratis.OzoneManagerStateMachine (OzoneManagerStateMachine.java:takeSnapshotImpl(483)) - notified = (t:1, i:4)
2024-04-29 10:06:51,516 [om1@group-C5BA1605619E-StateMachineUpdater] INFO  ratis.OzoneManagerStateMachine (OzoneManagerStateMachine.java:takeSnapshotImpl(484)) - snapshot = (t:1, i:4)
2024-04-29 10:06:51,527 [om1@group-C5BA1605619E-StateMachineUpdater] INFO  impl.StateMachineUpdater (StateMachineUpdater.java:takeSnapshot(295)) - om1@group-C5BA1605619E-StateMachineUpdater: Took a snapshot at index 4
2024-04-29 10:06:51,527 [om1@group-C5BA1605619E-StateMachineUpdater] INFO  impl.StateMachineUpdater (StateMachineUpdater.java:lambda$new$0(98)) - om1@group-C5BA1605619E-StateMachineUpdater: snapshotIndex: updateIncreasingly -1 -> 4
2024-04-29 10:06:51,527 [om1@group-C5BA1605619E-StateMachineUpdater] INFO  ratis.OzoneManagerStateMachine (OzoneManagerStateMachine.java:close(527)) - Stopping OzoneManagerStateMachine:om1:group-C5BA1605619E.
2024-04-29 10:06:51,527 [om1@group-C5BA1605619E-StateMachineUpdater] INFO  ratis.OzoneManagerDoubleBuffer (OzoneManagerDoubleBuffer.java:stopDaemon(517)) - Stopping OMDoubleBuffer flush thread
2024-04-29 10:06:51,527 [om1-OMDoubleBufferFlushThread] INFO  ratis.OzoneManagerDoubleBuffer (OzoneManagerDoubleBuffer.java:canFlush(581)) - OMDoubleBuffer flush thread om1-OMDoubleBufferFlushThread is interrupted and will exit.
2024-04-29 10:06:51,528 [om1-impl-thread1] INFO  server.RaftServer$Division (ServerState.java:close(427)) - om1@group-C5BA1605619E: applyIndex: 3
2024-04-29 10:06:51,528 [om1@group-C5BA1605619E-cacheEviction-AwaitToRun] INFO  util.AwaitToRun (AwaitToRun.java:run(49)) - om1@group-C5BA1605619E-cacheEviction-AwaitToRun-AwaitForSignal is interrupted
2024-04-29 10:06:52,015 [om1-impl-thread1] INFO  segmented.SegmentedRaftLogWorker (SegmentedRaftLogWorker.java:close(245)) - om1@group-C5BA1605619E-SegmentedRaftLogWorker close()
2024-04-29 10:06:52,016 [JvmPauseMonitor45] INFO  util.JvmPauseMonitor (JvmPauseMonitor.java:run(152)) - JvmPauseMonitor-om1: Stopped
2024-04-29 10:06:52,016 [main] INFO  utils.BackgroundService (BackgroundService.java:shutdown(160)) - Shutting down service KeyDeletingService
2024-04-29 10:06:52,016 [main] INFO  utils.BackgroundService (BackgroundService.java:shutdown(160)) - Shutting down service DirectoryDeletingService
2024-04-29 10:06:52,016 [main] INFO  utils.BackgroundService (BackgroundService.java:shutdown(160)) - Shutting down service OpenKeyCleanupService
2024-04-29 10:06:52,016 [main] INFO  utils.BackgroundService (BackgroundService.java:shutdown(160)) - Shutting down service SstFilteringService
2024-04-29 10:06:52,017 [main] INFO  utils.BackgroundService (BackgroundService.java:shutdown(160)) - Shutting down service SnapshotDeletingService
2024-04-29 10:06:52,017 [main] INFO  utils.BackgroundService (BackgroundService.java:shutdown(160)) - Shutting down service MultipartUploadCleanupService
2024-04-29 10:06:52,017 [main] INFO  utils.BackgroundService (BackgroundService.java:shutdown(160)) - Shutting down service SnapshotDirectoryCleaningService
2024-04-29 10:06:52,017 [main] INFO  handler.ContextHandler (ContextHandler.java:doStop(1159)) - Stopped o.e.j.w.WebAppContext@e2ef825{ozoneManager,/,null,STOPPED}{file:/home/runner/work/ozone/ozone/hadoop-ozone/integration-test/target/test-classes/webapps/ozoneManager}
2024-04-29 10:06:52,018 [main] INFO  server.AbstractConnector (AbstractConnector.java:doStop(383)) - Stopped ServerConnector@1ec7b3f2{HTTP/1.1, (http/1.1)}{0.0.0.0:15361}
2024-04-29 10:06:52,018 [main] INFO  server.session (HouseKeeper.java:stopScavenging(149)) - node0 Stopped scavenging
2024-04-29 10:06:52,018 [main] INFO  handler.ContextHandler (ContextHandler.java:doStop(1159)) - Stopped o.e.j.s.ServletContextHandler@6bd9a104{static,/static,file:///home/runner/work/ozone/ozone/hadoop-ozone/integration-test/target/test-classes/webapps/static,STOPPED}
2024-04-29 10:06:52,018 [main] INFO  handler.ContextHandler (ContextHandler.java:doStop(1159)) - Stopped o.e.j.s.ServletContextHandler@44a0de07{logs,/logs,file:///home/runner/work/ozone/ozone/hadoop-ozone/integration-test/target/log,STOPPED}
2024-04-29 10:06:52,019 [main] INFO  rocksdiff.RocksDBCheckpointDiffer (RocksDBCheckpointDiffer.java:close(310)) - Shutting down CompactionDagPruningService.
2024-04-29 10:06:52,020 [main] INFO  snapshot.SnapshotDiffManager (SnapshotDiffManager.java:closeExecutorService(1657)) - Shutting down executorService: 'SnapDiffExecutor'
2024-04-29 10:06:52,020 [main] INFO  utils.BackgroundService (BackgroundService.java:shutdown(160)) - Shutting down service SnapshotDiffCleanupService
2024-04-29 10:06:52,021 [main] INFO  ozone.MiniOzoneClusterImpl (MiniOzoneClusterImpl.java:stopDatanodes(471)) - Stopping the HddsDatanodes
2024-04-29 10:06:52,027 [ForkJoinPool.commonPool-worker-4] INFO  ozoneimpl.OzoneContainer (OzoneContainer.java:stop(481)) - Attempting to stop container services.
2024-04-29 10:06:52,027 [ForkJoinPool.commonPool-worker-2] INFO  ozoneimpl.OzoneContainer (OzoneContainer.java:stop(481)) - Attempting to stop container services.
2024-04-29 10:06:52,027 [ContainerMetadataScanner] WARN  ozoneimpl.AbstractBackgroundContainerScanner (AbstractBackgroundContainerScanner.java:handleRemainingSleep(134)) - Background container scan was interrupted.
2024-04-29 10:06:52,027 [main] INFO  ozoneimpl.OzoneContainer (OzoneContainer.java:stop(481)) - Attempting to stop container services.
2024-04-29 10:06:52,028 [ContainerMetadataScanner] WARN  ozoneimpl.AbstractBackgroundContainerScanner (AbstractBackgroundContainerScanner.java:handleRemainingSleep(134)) - Background container scan was interrupted.
2024-04-29 10:06:52,028 [ContainerMetadataScanner] INFO  ozoneimpl.AbstractBackgroundContainerScanner (AbstractBackgroundContainerScanner.java:run(61)) - Thread[ContainerMetadataScanner,5,main] exiting.
2024-04-29 10:06:52,027 [ForkJoinPool.commonPool-worker-1] INFO  ozoneimpl.OzoneContainer (OzoneContainer.java:stop(481)) - Attempting to stop container services.
2024-04-29 10:06:52,027 [ContainerMetadataScanner] INFO  ozoneimpl.AbstractBackgroundContainerScanner (AbstractBackgroundContainerScanner.java:run(61)) - Thread[ContainerMetadataScanner,5,main] exiting.
2024-04-29 10:06:52,028 [ForkJoinPool.commonPool-worker-2] INFO  ozoneimpl.BackgroundContainerDataScanner (BackgroundContainerDataScanner.java:shutdown(141)) - ContainerDataScanner(/home/runner/work/ozone/ozone/hadoop-ozone/integration-test/target/test-dir/MiniOzoneClusterImpl-2cdd5cd5-9c4c-463f-a193-9ffbc37dc237/ozone-meta/datanode-8/data-0/hdds) is shutting down. 
2024-04-29 10:06:52,027 [ContainerMetadataScanner] WARN  ozoneimpl.AbstractBackgroundContainerScanner (AbstractBackgroundContainerScanner.java:handleRemainingSleep(134)) - Background container scan was interrupted.
2024-04-29 10:06:52,028 [ContainerMetadataScanner] INFO  ozoneimpl.AbstractBackgroundContainerScanner (AbstractBackgroundContainerScanner.java:run(61)) - Thread[ContainerMetadataScanner,5,main] exiting.
2024-04-29 10:06:52,028 [ContainerDataScanner(/home/runner/work/ozone/ozone/hadoop-ozone/integration-test/target/test-dir/MiniOzoneClusterImpl-2cdd5cd5-9c4c-463f-a193-9ffbc37dc237/ozone-meta/datanode-8/data-0/hdds)] WARN  ozoneimpl.AbstractBackgroundContainerScanner (AbstractBackgroundContainerScanner.java:handleRemainingSleep(134)) - Background container scan was interrupted.
2024-04-29 10:06:52,028 [ContainerDataScanner(/home/runner/work/ozone/ozone/hadoop-ozone/integration-test/target/test-dir/MiniOzoneClusterImpl-2cdd5cd5-9c4c-463f-a193-9ffbc37dc237/ozone-meta/datanode-8/data-0/hdds)] INFO  ozoneimpl.AbstractBackgroundContainerScanner (AbstractBackgroundContainerScanner.java:run(61)) - ContainerDataScanner(/home/runner/work/ozone/ozone/hadoop-ozone/integration-test/target/test-dir/MiniOzoneClusterImpl-2cdd5cd5-9c4c-463f-a193-9ffbc37dc237/ozone-meta/datanode-8/data-0/hdds, DS-cc1ef874-51e6-45c1-b424-c25e8e0c9ee7) exiting.
2024-04-29 10:06:52,028 [main] INFO  ozoneimpl.BackgroundContainerDataScanner (BackgroundContainerDataScanner.java:shutdown(141)) - ContainerDataScanner(/home/runner/work/ozone/ozone/hadoop-ozone/integration-test/target/test-dir/MiniOzoneClusterImpl-2cdd5cd5-9c4c-463f-a193-9ffbc37dc237/ozone-meta/datanode-6/data-0/hdds) is shutting down. 
2024-04-29 10:06:52,028 [ContainerMetadataScanner] WARN  ozoneimpl.AbstractBackgroundContainerScanner (AbstractBackgroundContainerScanner.java:handleRemainingSleep(134)) - Background container scan was interrupted.
2024-04-29 10:06:52,028 [ContainerMetadataScanner] INFO  ozoneimpl.AbstractBackgroundContainerScanner (AbstractBackgroundContainerScanner.java:run(61)) - Thread[ContainerMetadataScanner,5,main] exiting.
2024-04-29 10:06:52,029 [ForkJoinPool.commonPool-worker-1] INFO  ozoneimpl.BackgroundContainerDataScanner (BackgroundContainerDataScanner.java:shutdown(141)) - ContainerDataScanner(/home/runner/work/ozone/ozone/hadoop-ozone/integration-test/target/test-dir/MiniOzoneClusterImpl-2cdd5cd5-9c4c-463f-a193-9ffbc37dc237/ozone-meta/datanode-3/data-0/hdds) is shutting down. 
2024-04-29 10:06:52,029 [ContainerDataScanner(/home/runner/work/ozone/ozone/hadoop-ozone/integration-test/target/test-dir/MiniOzoneClusterImpl-2cdd5cd5-9c4c-463f-a193-9ffbc37dc237/ozone-meta/datanode-6/data-0/hdds)] WARN  ozoneimpl.AbstractBackgroundContainerScanner (AbstractBackgroundContainerScanner.java:handleRemainingSleep(134)) - Background container scan was interrupted.
2024-04-29 10:06:52,028 [ForkJoinPool.commonPool-worker-2] INFO  server.RaftServer (RaftServerProxy.java:lambda$close$9(416)) - e953ff49-4527-49f7-9f97-ccf5cafd9f48: close
2024-04-29 10:06:52,028 [ForkJoinPool.commonPool-worker-4] INFO  ozoneimpl.BackgroundContainerDataScanner (BackgroundContainerDataScanner.java:shutdown(141)) - ContainerDataScanner(/home/runner/work/ozone/ozone/hadoop-ozone/integration-test/target/test-dir/MiniOzoneClusterImpl-2cdd5cd5-9c4c-463f-a193-9ffbc37dc237/ozone-meta/datanode-2/data-0/hdds) is shutting down. 
2024-04-29 10:06:52,029 [e953ff49-4527-49f7-9f97-ccf5cafd9f48-impl-thread1] INFO  server.RaftServer$Division (RaftServerImpl.java:lambda$close$3(526)) - e953ff49-4527-49f7-9f97-ccf5cafd9f48@group-5F1D51DC6C06: shutdown
2024-04-29 10:06:52,029 [ContainerDataScanner(/home/runner/work/ozone/ozone/hadoop-ozone/integration-test/target/test-dir/MiniOzoneClusterImpl-2cdd5cd5-9c4c-463f-a193-9ffbc37dc237/ozone-meta/datanode-6/data-0/hdds)] INFO  ozoneimpl.AbstractBackgroundContainerScanner (AbstractBackgroundContainerScanner.java:run(61)) - ContainerDataScanner(/home/runner/work/ozone/ozone/hadoop-ozone/integration-test/target/test-dir/MiniOzoneClusterImpl-2cdd5cd5-9c4c-463f-a193-9ffbc37dc237/ozone-meta/datanode-6/data-0/hdds, DS-04762224-3861-488d-80ab-37361c060ec5) exiting.
2024-04-29 10:06:52,029 [ContainerDataScanner(/home/runner/work/ozone/ozone/hadoop-ozone/integration-test/target/test-dir/MiniOzoneClusterImpl-2cdd5cd5-9c4c-463f-a193-9ffbc37dc237/ozone-meta/datanode-3/data-0/hdds)] WARN  ozoneimpl.AbstractBackgroundContainerScanner (AbstractBackgroundContainerScanner.java:handleRemainingSleep(134)) - Background container scan was interrupted.
2024-04-29 10:06:52,029 [ContainerDataScanner(/home/runner/work/ozone/ozone/hadoop-ozone/integration-test/target/test-dir/MiniOzoneClusterImpl-2cdd5cd5-9c4c-463f-a193-9ffbc37dc237/ozone-meta/datanode-3/data-0/hdds)] INFO  ozoneimpl.AbstractBackgroundContainerScanner (AbstractBackgroundContainerScanner.java:run(61)) - ContainerDataScanner(/home/runner/work/ozone/ozone/hadoop-ozone/integration-test/target/test-dir/MiniOzoneClusterImpl-2cdd5cd5-9c4c-463f-a193-9ffbc37dc237/ozone-meta/datanode-3/data-0/hdds, DS-c761f43b-e569-4ec0-8c94-ad8d81c38b41) exiting.
2024-04-29 10:06:52,029 [e953ff49-4527-49f7-9f97-ccf5cafd9f48-impl-thread1] INFO  util.JmxRegister (JmxRegister.java:unregister(73)) - Successfully un-registered JMX Bean with object name Ratis:service=RaftServer,group=group-5F1D51DC6C06,id=e953ff49-4527-49f7-9f97-ccf5cafd9f48
2024-04-29 10:06:52,029 [e953ff49-4527-49f7-9f97-ccf5cafd9f48-impl-thread1] INFO  impl.RoleInfo (RoleInfo.java:shutdownFollowerState(110)) - e953ff49-4527-49f7-9f97-ccf5cafd9f48: shutdown e953ff49-4527-49f7-9f97-ccf5cafd9f48@group-5F1D51DC6C06-FollowerState
2024-04-29 10:06:52,029 [ForkJoinPool.commonPool-worker-1] INFO  server.RaftServer (RaftServerProxy.java:lambda$close$9(416)) - a7d28670-f9d1-457c-83f3-4caf0bab89df: close
2024-04-29 10:06:52,029 [e953ff49-4527-49f7-9f97-ccf5cafd9f48-impl-thread2] INFO  server.RaftServer$Division (RaftServerImpl.java:lambda$close$3(526)) - e953ff49-4527-49f7-9f97-ccf5cafd9f48@group-269B65E56047: shutdown
2024-04-29 10:06:52,029 [e953ff49-4527-49f7-9f97-ccf5cafd9f48-impl-thread2] INFO  util.JmxRegister (JmxRegister.java:unregister(73)) - Successfully un-registered JMX Bean with object name Ratis:service=RaftServer,group=group-269B65E56047,id=e953ff49-4527-49f7-9f97-ccf5cafd9f48
2024-04-29 10:06:52,029 [e953ff49-4527-49f7-9f97-ccf5cafd9f48-impl-thread2] INFO  impl.RoleInfo (RoleInfo.java:shutdownLeaderState(94)) - e953ff49-4527-49f7-9f97-ccf5cafd9f48: shutdown e953ff49-4527-49f7-9f97-ccf5cafd9f48@group-269B65E56047-LeaderStateImpl
2024-04-29 10:06:52,029 [e953ff49-4527-49f7-9f97-ccf5cafd9f48@group-5F1D51DC6C06-FollowerState] INFO  impl.FollowerState (FollowerState.java:run(152)) - e953ff49-4527-49f7-9f97-ccf5cafd9f48@group-5F1D51DC6C06-FollowerState was interrupted
2024-04-29 10:06:52,030 [e953ff49-4527-49f7-9f97-ccf5cafd9f48-impl-thread1] INFO  impl.StateMachineUpdater (StateMachineUpdater.java:stopAndJoin(157)) - e953ff49-4527-49f7-9f97-ccf5cafd9f48@group-5F1D51DC6C06-StateMachineUpdater: set stopIndex = 0
2024-04-29 10:06:52,030 [e953ff49-4527-49f7-9f97-ccf5cafd9f48@group-5F1D51DC6C06-StateMachineUpdater] INFO  ratis.ContainerStateMachine (ContainerStateMachine.java:takeSnapshot(355)) - group-5F1D51DC6C06: Taking a snapshot at:(t:1, i:0) file /home/runner/work/ozone/ozone/hadoop-ozone/integration-test/target/test-dir/MiniOzoneClusterImpl-2cdd5cd5-9c4c-463f-a193-9ffbc37dc237/ozone-meta/datanode-8/ratis/3403de07-fa73-484e-bd45-5f1d51dc6c06/sm/snapshot.1_0
2024-04-29 10:06:52,029 [ContainerDataScanner(/home/runner/work/ozone/ozone/hadoop-ozone/integration-test/target/test-dir/MiniOzoneClusterImpl-2cdd5cd5-9c4c-463f-a193-9ffbc37dc237/ozone-meta/datanode-2/data-0/hdds)] WARN  ozoneimpl.AbstractBackgroundContainerScanner (AbstractBackgroundContainerScanner.java:handleRemainingSleep(134)) - Background container scan was interrupted.
2024-04-29 10:06:52,030 [ContainerDataScanner(/home/runner/work/ozone/ozone/hadoop-ozone/integration-test/target/test-dir/MiniOzoneClusterImpl-2cdd5cd5-9c4c-463f-a193-9ffbc37dc237/ozone-meta/datanode-2/data-0/hdds)] INFO  ozoneimpl.AbstractBackgroundContainerScanner (AbstractBackgroundContainerScanner.java:run(61)) - ContainerDataScanner(/home/runner/work/ozone/ozone/hadoop-ozone/integration-test/target/test-dir/MiniOzoneClusterImpl-2cdd5cd5-9c4c-463f-a193-9ffbc37dc237/ozone-meta/datanode-2/data-0/hdds, DS-c0aeb411-4cd4-4f00-9492-494c1f8d49c4) exiting.
2024-04-29 10:06:52,029 [e953ff49-4527-49f7-9f97-ccf5cafd9f48-impl-thread2] INFO  impl.PendingRequests (PendingRequests.java:sendNotLeaderResponses(289)) - e953ff49-4527-49f7-9f97-ccf5cafd9f48@group-269B65E56047-PendingRequests: sendNotLeaderResponses
2024-04-29 10:06:52,029 [a7d28670-f9d1-457c-83f3-4caf0bab89df-impl-thread1] INFO  server.RaftServer$Division (RaftServerImpl.java:lambda$close$3(526)) - a7d28670-f9d1-457c-83f3-4caf0bab89df@group-3B3F94B40EC3: shutdown
2024-04-29 10:06:52,030 [a7d28670-f9d1-457c-83f3-4caf0bab89df-impl-thread1] INFO  util.JmxRegister (JmxRegister.java:unregister(73)) - Successfully un-registered JMX Bean with object name Ratis:service=RaftServer,group=group-3B3F94B40EC3,id=a7d28670-f9d1-457c-83f3-4caf0bab89df
2024-04-29 10:06:52,030 [a7d28670-f9d1-457c-83f3-4caf0bab89df-impl-thread1] INFO  impl.RoleInfo (RoleInfo.java:shutdownFollowerState(110)) - a7d28670-f9d1-457c-83f3-4caf0bab89df: shutdown a7d28670-f9d1-457c-83f3-4caf0bab89df@group-3B3F94B40EC3-FollowerState
2024-04-29 10:06:52,030 [a7d28670-f9d1-457c-83f3-4caf0bab89df-impl-thread1] INFO  impl.StateMachineUpdater (StateMachineUpdater.java:stopAndJoin(157)) - a7d28670-f9d1-457c-83f3-4caf0bab89df@group-3B3F94B40EC3-StateMachineUpdater: set stopIndex = 0
2024-04-29 10:06:52,030 [a7d28670-f9d1-457c-83f3-4caf0bab89df@group-3B3F94B40EC3-StateMachineUpdater] INFO  ratis.ContainerStateMachine (ContainerStateMachine.java:takeSnapshot(355)) - group-3B3F94B40EC3: Taking a snapshot at:(t:1, i:0) file /home/runner/work/ozone/ozone/hadoop-ozone/integration-test/target/test-dir/MiniOzoneClusterImpl-2cdd5cd5-9c4c-463f-a193-9ffbc37dc237/ozone-meta/datanode-3/ratis/232cd721-934f-49df-8d20-3b3f94b40ec3/sm/snapshot.1_0
2024-04-29 10:06:52,029 [ForkJoinPool.commonPool-worker-2] INFO  server.GrpcService (GrpcService.java:closeImpl(311)) - e953ff49-4527-49f7-9f97-ccf5cafd9f48: shutdown server org.apache.ratis.grpc.server.GrpcClientProtocolService now
2024-04-29 10:06:52,030 [e953ff49-4527-49f7-9f97-ccf5cafd9f48@group-5F1D51DC6C06-StateMachineUpdater] INFO  ratis.ContainerStateMachine (ContainerStateMachine.java:takeSnapshot(366)) - group-5F1D51DC6C06: Finished taking a snapshot at:(t:1, i:0) file:/home/runner/work/ozone/ozone/hadoop-ozone/integration-test/target/test-dir/MiniOzoneClusterImpl-2cdd5cd5-9c4c-463f-a193-9ffbc37dc237/ozone-meta/datanode-8/ratis/3403de07-fa73-484e-bd45-5f1d51dc6c06/sm/snapshot.1_0 took: 1 ms
2024-04-29 10:06:52,031 [a7d28670-f9d1-457c-83f3-4caf0bab89df@group-3B3F94B40EC3-StateMachineUpdater] INFO  ratis.ContainerStateMachine (ContainerStateMachine.java:takeSnapshot(366)) - group-3B3F94B40EC3: Finished taking a snapshot at:(t:1, i:0) file:/home/runner/work/ozone/ozone/hadoop-ozone/integration-test/target/test-dir/MiniOzoneClusterImpl-2cdd5cd5-9c4c-463f-a193-9ffbc37dc237/ozone-meta/datanode-3/ratis/232cd721-934f-49df-8d20-3b3f94b40ec3/sm/snapshot.1_0 took: 0 ms
2024-04-29 10:06:52,031 [a7d28670-f9d1-457c-83f3-4caf0bab89df@group-3B3F94B40EC3-StateMachineUpdater] INFO  impl.StateMachineUpdater (StateMachineUpdater.java:takeSnapshot(295)) - a7d28670-f9d1-457c-83f3-4caf0bab89df@group-3B3F94B40EC3-StateMachineUpdater: Took a snapshot at index 0
2024-04-29 10:06:52,030 [main] INFO  server.RaftServer (RaftServerProxy.java:lambda$close$9(416)) - 9d50a68e-635c-4808-a075-dce2406a94a2: close
2024-04-29 10:06:52,030 [a7d28670-f9d1-457c-83f3-4caf0bab89df@group-3B3F94B40EC3-FollowerState] INFO  impl.FollowerState (FollowerState.java:run(152)) - a7d28670-f9d1-457c-83f3-4caf0bab89df@group-3B3F94B40EC3-FollowerState was interrupted
2024-04-29 10:06:52,030 [ForkJoinPool.commonPool-worker-4] INFO  server.RaftServer (RaftServerProxy.java:lambda$close$9(416)) - 22afc6ef-83d9-42e2-a783-8bf224581d75: close
2024-04-29 10:06:52,031 [9d50a68e-635c-4808-a075-dce2406a94a2-impl-thread1] INFO  server.RaftServer$Division (RaftServerImpl.java:lambda$close$3(526)) - 9d50a68e-635c-4808-a075-dce2406a94a2@group-C3C3C2B38EFF: shutdown
2024-04-29 10:06:52,031 [9d50a68e-635c-4808-a075-dce2406a94a2-impl-thread1] INFO  util.JmxRegister (JmxRegister.java:unregister(73)) - Successfully un-registered JMX Bean with object name Ratis:service=RaftServer,group=group-C3C3C2B38EFF,id=9d50a68e-635c-4808-a075-dce2406a94a2
2024-04-29 10:06:52,031 [9d50a68e-635c-4808-a075-dce2406a94a2-impl-thread1] INFO  impl.RoleInfo (RoleInfo.java:shutdownLeaderState(94)) - 9d50a68e-635c-4808-a075-dce2406a94a2: shutdown 9d50a68e-635c-4808-a075-dce2406a94a2@group-C3C3C2B38EFF-LeaderStateImpl
2024-04-29 10:06:52,031 [9d50a68e-635c-4808-a075-dce2406a94a2-impl-thread1] INFO  impl.PendingRequests (PendingRequests.java:sendNotLeaderResponses(289)) - 9d50a68e-635c-4808-a075-dce2406a94a2@group-C3C3C2B38EFF-PendingRequests: sendNotLeaderResponses
2024-04-29 10:06:52,032 [9d50a68e-635c-4808-a075-dce2406a94a2-impl-thread1] INFO  impl.StateMachineUpdater (StateMachineUpdater.java:stopAndJoin(157)) - 9d50a68e-635c-4808-a075-dce2406a94a2@group-C3C3C2B38EFF-StateMachineUpdater: set stopIndex = 0
2024-04-29 10:06:52,031 [main] INFO  server.GrpcService (GrpcService.java:closeImpl(311)) - 9d50a68e-635c-4808-a075-dce2406a94a2: shutdown server org.apache.ratis.grpc.server.GrpcClientProtocolService now
2024-04-29 10:06:52,031 [a7d28670-f9d1-457c-83f3-4caf0bab89df@group-3B3F94B40EC3-StateMachineUpdater] INFO  impl.StateMachineUpdater (StateMachineUpdater.java:lambda$new$0(98)) - a7d28670-f9d1-457c-83f3-4caf0bab89df@group-3B3F94B40EC3-StateMachineUpdater: snapshotIndex: updateIncreasingly -1 -> 0
2024-04-29 10:06:52,031 [e953ff49-4527-49f7-9f97-ccf5cafd9f48-impl-thread2] INFO  impl.StateMachineUpdater (StateMachineUpdater.java:stopAndJoin(157)) - e953ff49-4527-49f7-9f97-ccf5cafd9f48@group-269B65E56047-StateMachineUpdater: set stopIndex = 0
2024-04-29 10:06:52,031 [e953ff49-4527-49f7-9f97-ccf5cafd9f48@group-269B65E56047-StateMachineUpdater] INFO  ratis.ContainerStateMachine (ContainerStateMachine.java:takeSnapshot(355)) - group-269B65E56047: Taking a snapshot at:(t:1, i:0) file /home/runner/work/ozone/ozone/hadoop-ozone/integration-test/target/test-dir/MiniOzoneClusterImpl-2cdd5cd5-9c4c-463f-a193-9ffbc37dc237/ozone-meta/datanode-8/ratis/3ec25403-0473-4ceb-992c-269b65e56047/sm/snapshot.1_0
2024-04-29 10:06:52,032 [a7d28670-f9d1-457c-83f3-4caf0bab89df-impl-thread1] INFO  server.RaftServer$Division (ServerState.java:close(427)) - a7d28670-f9d1-457c-83f3-4caf0bab89df@group-3B3F94B40EC3: applyIndex: 0
2024-04-29 10:06:52,032 [a7d28670-f9d1-457c-83f3-4caf0bab89df@group-3B3F94B40EC3-cacheEviction-AwaitToRun] INFO  util.AwaitToRun (AwaitToRun.java:run(49)) - a7d28670-f9d1-457c-83f3-4caf0bab89df@group-3B3F94B40EC3-cacheEviction-AwaitToRun-AwaitForSignal is interrupted
2024-04-29 10:06:52,031 [e953ff49-4527-49f7-9f97-ccf5cafd9f48@group-5F1D51DC6C06-StateMachineUpdater] INFO  impl.StateMachineUpdater (StateMachineUpdater.java:takeSnapshot(295)) - e953ff49-4527-49f7-9f97-ccf5cafd9f48@group-5F1D51DC6C06-StateMachineUpdater: Took a snapshot at index 0
2024-04-29 10:06:52,032 [e953ff49-4527-49f7-9f97-ccf5cafd9f48@group-5F1D51DC6C06-StateMachineUpdater] INFO  impl.StateMachineUpdater (StateMachineUpdater.java:lambda$new$0(98)) - e953ff49-4527-49f7-9f97-ccf5cafd9f48@group-5F1D51DC6C06-StateMachineUpdater: snapshotIndex: updateIncreasingly -1 -> 0
2024-04-29 10:06:52,032 [e953ff49-4527-49f7-9f97-ccf5cafd9f48@group-269B65E56047-StateMachineUpdater] INFO  ratis.ContainerStateMachine (ContainerStateMachine.java:takeSnapshot(366)) - group-269B65E56047: Finished taking a snapshot at:(t:1, i:0) file:/home/runner/work/ozone/ozone/hadoop-ozone/integration-test/target/test-dir/MiniOzoneClusterImpl-2cdd5cd5-9c4c-463f-a193-9ffbc37dc237/ozone-meta/datanode-8/ratis/3ec25403-0473-4ceb-992c-269b65e56047/sm/snapshot.1_0 took: 2 ms
2024-04-29 10:06:52,033 [e953ff49-4527-49f7-9f97-ccf5cafd9f48@group-269B65E56047-StateMachineUpdater] INFO  impl.StateMachineUpdater (StateMachineUpdater.java:takeSnapshot(295)) - e953ff49-4527-49f7-9f97-ccf5cafd9f48@group-269B65E56047-StateMachineUpdater: Took a snapshot at index 0
2024-04-29 10:06:52,033 [e953ff49-4527-49f7-9f97-ccf5cafd9f48@group-269B65E56047-StateMachineUpdater] INFO  impl.StateMachineUpdater (StateMachineUpdater.java:lambda$new$0(98)) - e953ff49-4527-49f7-9f97-ccf5cafd9f48@group-269B65E56047-StateMachineUpdater: snapshotIndex: updateIncreasingly -1 -> 0
2024-04-29 10:06:52,033 [e953ff49-4527-49f7-9f97-ccf5cafd9f48-impl-thread2] INFO  server.RaftServer$Division (ServerState.java:close(427)) - e953ff49-4527-49f7-9f97-ccf5cafd9f48@group-269B65E56047: applyIndex: 0
2024-04-29 10:06:52,033 [e953ff49-4527-49f7-9f97-ccf5cafd9f48@group-269B65E56047-cacheEviction-AwaitToRun] INFO  util.AwaitToRun (AwaitToRun.java:run(49)) - e953ff49-4527-49f7-9f97-ccf5cafd9f48@group-269B65E56047-cacheEviction-AwaitToRun-AwaitForSignal is interrupted
2024-04-29 10:06:52,032 [9d50a68e-635c-4808-a075-dce2406a94a2@group-C3C3C2B38EFF-StateMachineUpdater] INFO  ratis.ContainerStateMachine (ContainerStateMachine.java:takeSnapshot(355)) - group-C3C3C2B38EFF: Taking a snapshot at:(t:1, i:0) file /home/runner/work/ozone/ozone/hadoop-ozone/integration-test/target/test-dir/MiniOzoneClusterImpl-2cdd5cd5-9c4c-463f-a193-9ffbc37dc237/ozone-meta/datanode-6/ratis/7c40a7e7-adb3-4371-a5c8-c3c3c2b38eff/sm/snapshot.1_0
2024-04-29 10:06:52,031 [22afc6ef-83d9-42e2-a783-8bf224581d75-impl-thread1] INFO  server.RaftServer$Division (RaftServerImpl.java:lambda$close$3(526)) - 22afc6ef-83d9-42e2-a783-8bf224581d75@group-3B3F94B40EC3: shutdown
2024-04-29 10:06:52,033 [22afc6ef-83d9-42e2-a783-8bf224581d75-impl-thread1] INFO  util.JmxRegister (JmxRegister.java:unregister(73)) - Successfully un-registered JMX Bean with object name Ratis:service=RaftServer,group=group-3B3F94B40EC3,id=22afc6ef-83d9-42e2-a783-8bf224581d75
2024-04-29 10:06:52,033 [22afc6ef-83d9-42e2-a783-8bf224581d75-impl-thread1] INFO  impl.RoleInfo (RoleInfo.java:shutdownFollowerState(110)) - 22afc6ef-83d9-42e2-a783-8bf224581d75: shutdown 22afc6ef-83d9-42e2-a783-8bf224581d75@group-3B3F94B40EC3-FollowerState
2024-04-29 10:06:52,033 [22afc6ef-83d9-42e2-a783-8bf224581d75-impl-thread1] INFO  impl.StateMachineUpdater (StateMachineUpdater.java:stopAndJoin(157)) - 22afc6ef-83d9-42e2-a783-8bf224581d75@group-3B3F94B40EC3-StateMachineUpdater: set stopIndex = 0
2024-04-29 10:06:52,033 [22afc6ef-83d9-42e2-a783-8bf224581d75@group-3B3F94B40EC3-StateMachineUpdater] INFO  ratis.ContainerStateMachine (ContainerStateMachine.java:takeSnapshot(355)) - group-3B3F94B40EC3: Taking a snapshot at:(t:1, i:0) file /home/runner/work/ozone/ozone/hadoop-ozone/integration-test/target/test-dir/MiniOzoneClusterImpl-2cdd5cd5-9c4c-463f-a193-9ffbc37dc237/ozone-meta/datanode-2/ratis/232cd721-934f-49df-8d20-3b3f94b40ec3/sm/snapshot.1_0
2024-04-29 10:06:52,033 [22afc6ef-83d9-42e2-a783-8bf224581d75@group-3B3F94B40EC3-FollowerState] INFO  impl.FollowerState (FollowerState.java:run(152)) - 22afc6ef-83d9-42e2-a783-8bf224581d75@group-3B3F94B40EC3-FollowerState was interrupted
2024-04-29 10:06:52,033 [e953ff49-4527-49f7-9f97-ccf5cafd9f48-impl-thread1] INFO  server.RaftServer$Division (ServerState.java:close(427)) - e953ff49-4527-49f7-9f97-ccf5cafd9f48@group-5F1D51DC6C06: applyIndex: 0
2024-04-29 10:06:52,033 [9d50a68e-635c-4808-a075-dce2406a94a2@group-C3C3C2B38EFF-StateMachineUpdater] INFO  ratis.ContainerStateMachine (ContainerStateMachine.java:takeSnapshot(366)) - group-C3C3C2B38EFF: Finished taking a snapshot at:(t:1, i:0) file:/home/runner/work/ozone/ozone/hadoop-ozone/integration-test/target/test-dir/MiniOzoneClusterImpl-2cdd5cd5-9c4c-463f-a193-9ffbc37dc237/ozone-meta/datanode-6/ratis/7c40a7e7-adb3-4371-a5c8-c3c3c2b38eff/sm/snapshot.1_0 took: 2 ms
2024-04-29 10:06:52,034 [e953ff49-4527-49f7-9f97-ccf5cafd9f48@group-5F1D51DC6C06-cacheEviction-AwaitToRun] INFO  util.AwaitToRun (AwaitToRun.java:run(49)) - e953ff49-4527-49f7-9f97-ccf5cafd9f48@group-5F1D51DC6C06-cacheEviction-AwaitToRun-AwaitForSignal is interrupted
2024-04-29 10:06:52,034 [9d50a68e-635c-4808-a075-dce2406a94a2@group-C3C3C2B38EFF-StateMachineUpdater] INFO  impl.StateMachineUpdater (StateMachineUpdater.java:takeSnapshot(295)) - 9d50a68e-635c-4808-a075-dce2406a94a2@group-C3C3C2B38EFF-StateMachineUpdater: Took a snapshot at index 0
2024-04-29 10:06:52,034 [22afc6ef-83d9-42e2-a783-8bf224581d75@group-3B3F94B40EC3-StateMachineUpdater] INFO  ratis.ContainerStateMachine (ContainerStateMachine.java:takeSnapshot(366)) - group-3B3F94B40EC3: Finished taking a snapshot at:(t:1, i:0) file:/home/runner/work/ozone/ozone/hadoop-ozone/integration-test/target/test-dir/MiniOzoneClusterImpl-2cdd5cd5-9c4c-463f-a193-9ffbc37dc237/ozone-meta/datanode-2/ratis/232cd721-934f-49df-8d20-3b3f94b40ec3/sm/snapshot.1_0 took: 0 ms
2024-04-29 10:06:52,034 [9d50a68e-635c-4808-a075-dce2406a94a2@group-C3C3C2B38EFF-StateMachineUpdater] INFO  impl.StateMachineUpdater (StateMachineUpdater.java:lambda$new$0(98)) - 9d50a68e-635c-4808-a075-dce2406a94a2@group-C3C3C2B38EFF-StateMachineUpdater: snapshotIndex: updateIncreasingly -1 -> 0
2024-04-29 10:06:52,034 [22afc6ef-83d9-42e2-a783-8bf224581d75@group-3B3F94B40EC3-StateMachineUpdater] INFO  impl.StateMachineUpdater (StateMachineUpdater.java:takeSnapshot(295)) - 22afc6ef-83d9-42e2-a783-8bf224581d75@group-3B3F94B40EC3-StateMachineUpdater: Took a snapshot at index 0
2024-04-29 10:06:52,034 [22afc6ef-83d9-42e2-a783-8bf224581d75@group-3B3F94B40EC3-StateMachineUpdater] INFO  impl.StateMachineUpdater (StateMachineUpdater.java:lambda$new$0(98)) - 22afc6ef-83d9-42e2-a783-8bf224581d75@group-3B3F94B40EC3-StateMachineUpdater: snapshotIndex: updateIncreasingly -1 -> 0
2024-04-29 10:06:52,034 [9d50a68e-635c-4808-a075-dce2406a94a2-impl-thread1] INFO  server.RaftServer$Division (ServerState.java:close(427)) - 9d50a68e-635c-4808-a075-dce2406a94a2@group-C3C3C2B38EFF: applyIndex: 0
2024-04-29 10:06:52,034 [9d50a68e-635c-4808-a075-dce2406a94a2@group-C3C3C2B38EFF-cacheEviction-AwaitToRun] INFO  util.AwaitToRun (AwaitToRun.java:run(49)) - 9d50a68e-635c-4808-a075-dce2406a94a2@group-C3C3C2B38EFF-cacheEviction-AwaitToRun-AwaitForSignal is interrupted
2024-04-29 10:06:52,034 [22afc6ef-83d9-42e2-a783-8bf224581d75-impl-thread1] INFO  server.RaftServer$Division (ServerState.java:close(427)) - 22afc6ef-83d9-42e2-a783-8bf224581d75@group-3B3F94B40EC3: applyIndex: 0
2024-04-29 10:06:52,034 [22afc6ef-83d9-42e2-a783-8bf224581d75@group-3B3F94B40EC3-cacheEviction-AwaitToRun] INFO  util.AwaitToRun (AwaitToRun.java:run(49)) - 22afc6ef-83d9-42e2-a783-8bf224581d75@group-3B3F94B40EC3-cacheEviction-AwaitToRun-AwaitForSignal is interrupted
2024-04-29 10:06:52,034 [ForkJoinPool.commonPool-worker-1] INFO  server.GrpcService (GrpcService.java:closeImpl(311)) - a7d28670-f9d1-457c-83f3-4caf0bab89df: shutdown server org.apache.ratis.grpc.server.GrpcClientProtocolService now
2024-04-29 10:06:52,035 [a7d28670-f9d1-457c-83f3-4caf0bab89df-impl-thread2] INFO  server.RaftServer$Division (RaftServerImpl.java:lambda$close$3(526)) - a7d28670-f9d1-457c-83f3-4caf0bab89df@group-146B84FB1A91: shutdown
2024-04-29 10:06:52,035 [a7d28670-f9d1-457c-83f3-4caf0bab89df-impl-thread2] INFO  util.JmxRegister (JmxRegister.java:unregister(73)) - Successfully un-registered JMX Bean with object name Ratis:service=RaftServer,group=group-146B84FB1A91,id=a7d28670-f9d1-457c-83f3-4caf0bab89df
2024-04-29 10:06:52,035 [a7d28670-f9d1-457c-83f3-4caf0bab89df-impl-thread2] INFO  impl.RoleInfo (RoleInfo.java:shutdownLeaderState(94)) - a7d28670-f9d1-457c-83f3-4caf0bab89df: shutdown a7d28670-f9d1-457c-83f3-4caf0bab89df@group-146B84FB1A91-LeaderStateImpl
2024-04-29 10:06:52,035 [a7d28670-f9d1-457c-83f3-4caf0bab89df-impl-thread2] INFO  impl.PendingRequests (PendingRequests.java:sendNotLeaderResponses(289)) - a7d28670-f9d1-457c-83f3-4caf0bab89df@group-146B84FB1A91-PendingRequests: sendNotLeaderResponses
2024-04-29 10:06:52,035 [a7d28670-f9d1-457c-83f3-4caf0bab89df-impl-thread2] INFO  impl.StateMachineUpdater (StateMachineUpdater.java:stopAndJoin(157)) - a7d28670-f9d1-457c-83f3-4caf0bab89df@group-146B84FB1A91-StateMachineUpdater: set stopIndex = 0
2024-04-29 10:06:52,035 [a7d28670-f9d1-457c-83f3-4caf0bab89df@group-146B84FB1A91-StateMachineUpdater] INFO  ratis.ContainerStateMachine (ContainerStateMachine.java:takeSnapshot(355)) - group-146B84FB1A91: Taking a snapshot at:(t:1, i:0) file /home/runner/work/ozone/ozone/hadoop-ozone/integration-test/target/test-dir/MiniOzoneClusterImpl-2cdd5cd5-9c4c-463f-a193-9ffbc37dc237/ozone-meta/datanode-3/ratis/51ab81b7-421b-4766-81fa-146b84fb1a91/sm/snapshot.1_0
2024-04-29 10:06:52,036 [a7d28670-f9d1-457c-83f3-4caf0bab89df@group-146B84FB1A91-StateMachineUpdater] INFO  ratis.ContainerStateMachine (ContainerStateMachine.java:takeSnapshot(366)) - group-146B84FB1A91: Finished taking a snapshot at:(t:1, i:0) file:/home/runner/work/ozone/ozone/hadoop-ozone/integration-test/target/test-dir/MiniOzoneClusterImpl-2cdd5cd5-9c4c-463f-a193-9ffbc37dc237/ozone-meta/datanode-3/ratis/51ab81b7-421b-4766-81fa-146b84fb1a91/sm/snapshot.1_0 took: 0 ms
2024-04-29 10:06:52,036 [Thread-5927] INFO  server.GrpcServerProtocolClient (GrpcServerProtocolClient.java:close(103)) - 96aec129-8b92-4385-b6bc-dde0a337a972 Close channels
2024-04-29 10:06:52,036 [a7d28670-f9d1-457c-83f3-4caf0bab89df@group-146B84FB1A91-StateMachineUpdater] INFO  impl.StateMachineUpdater (StateMachineUpdater.java:takeSnapshot(295)) - a7d28670-f9d1-457c-83f3-4caf0bab89df@group-146B84FB1A91-StateMachineUpdater: Took a snapshot at index 0
2024-04-29 10:06:52,036 [a7d28670-f9d1-457c-83f3-4caf0bab89df@group-146B84FB1A91-StateMachineUpdater] INFO  impl.StateMachineUpdater (StateMachineUpdater.java:lambda$new$0(98)) - a7d28670-f9d1-457c-83f3-4caf0bab89df@group-146B84FB1A91-StateMachineUpdater: snapshotIndex: updateIncreasingly -1 -> 0
2024-04-29 10:06:52,036 [a7d28670-f9d1-457c-83f3-4caf0bab89df-impl-thread2] INFO  server.RaftServer$Division (ServerState.java:close(427)) - a7d28670-f9d1-457c-83f3-4caf0bab89df@group-146B84FB1A91: applyIndex: 0
2024-04-29 10:06:52,036 [ForkJoinPool.commonPool-worker-4] INFO  server.GrpcService (GrpcService.java:closeImpl(311)) - 22afc6ef-83d9-42e2-a783-8bf224581d75: shutdown server org.apache.ratis.grpc.server.GrpcClientProtocolService now
2024-04-29 10:06:52,036 [Thread-5930] INFO  server.GrpcServerProtocolClient (GrpcServerProtocolClient.java:close(103)) - 258cf687-9dbc-46c1-b255-600d670a4b6c Close channels
2024-04-29 10:06:52,036 [a7d28670-f9d1-457c-83f3-4caf0bab89df@group-146B84FB1A91-cacheEviction-AwaitToRun] INFO  util.AwaitToRun (AwaitToRun.java:run(49)) - a7d28670-f9d1-457c-83f3-4caf0bab89df@group-146B84FB1A91-cacheEviction-AwaitToRun-AwaitForSignal is interrupted
2024-04-29 10:06:52,037 [22afc6ef-83d9-42e2-a783-8bf224581d75-impl-thread2] INFO  server.RaftServer$Division (RaftServerImpl.java:lambda$close$3(526)) - 22afc6ef-83d9-42e2-a783-8bf224581d75@group-441D7B4FAA17: shutdown
2024-04-29 10:06:52,037 [ForkJoinPool.commonPool-worker-1] INFO  server.GrpcService (GrpcService.java:closeImpl(320)) - a7d28670-f9d1-457c-83f3-4caf0bab89df: shutdown server org.apache.ratis.grpc.server.GrpcClientProtocolService successfully
2024-04-29 10:06:52,037 [ForkJoinPool.commonPool-worker-1] INFO  server.GrpcService (GrpcService.java:closeImpl(311)) - a7d28670-f9d1-457c-83f3-4caf0bab89df: shutdown server GrpcServerProtocolService now
2024-04-29 10:06:52,037 [22afc6ef-83d9-42e2-a783-8bf224581d75-impl-thread2] INFO  util.JmxRegister (JmxRegister.java:unregister(73)) - Successfully un-registered JMX Bean with object name Ratis:service=RaftServer,group=group-441D7B4FAA17,id=22afc6ef-83d9-42e2-a783-8bf224581d75
2024-04-29 10:06:52,037 [22afc6ef-83d9-42e2-a783-8bf224581d75-impl-thread2] INFO  impl.RoleInfo (RoleInfo.java:shutdownLeaderState(94)) - 22afc6ef-83d9-42e2-a783-8bf224581d75: shutdown 22afc6ef-83d9-42e2-a783-8bf224581d75@group-441D7B4FAA17-LeaderStateImpl
2024-04-29 10:06:52,037 [22afc6ef-83d9-42e2-a783-8bf224581d75-impl-thread2] INFO  impl.PendingRequests (PendingRequests.java:sendNotLeaderResponses(289)) - 22afc6ef-83d9-42e2-a783-8bf224581d75@group-441D7B4FAA17-PendingRequests: sendNotLeaderResponses
2024-04-29 10:06:52,038 [ForkJoinPool.commonPool-worker-2] INFO  server.GrpcService (GrpcService.java:closeImpl(320)) - e953ff49-4527-49f7-9f97-ccf5cafd9f48: shutdown server org.apache.ratis.grpc.server.GrpcClientProtocolService successfully
2024-04-29 10:06:52,038 [ForkJoinPool.commonPool-worker-2] INFO  server.GrpcService (GrpcService.java:closeImpl(311)) - e953ff49-4527-49f7-9f97-ccf5cafd9f48: shutdown server GrpcServerProtocolService now
2024-04-29 10:06:52,038 [22afc6ef-83d9-42e2-a783-8bf224581d75@group-441D7B4FAA17-StateMachineUpdater] INFO  ratis.ContainerStateMachine (ContainerStateMachine.java:takeSnapshot(355)) - group-441D7B4FAA17: Taking a snapshot at:(t:1, i:0) file /home/runner/work/ozone/ozone/hadoop-ozone/integration-test/target/test-dir/MiniOzoneClusterImpl-2cdd5cd5-9c4c-463f-a193-9ffbc37dc237/ozone-meta/datanode-2/ratis/dcc051ae-9701-4807-b1c4-441d7b4faa17/sm/snapshot.1_0
2024-04-29 10:06:52,038 [grpc-default-executor-6] WARN  server.GrpcLogAppender (LogUtils.java:warn(121)) - 375cf2e4-ad97-40d4-80c3-6a50f82e6a65@group-3B3F94B40EC3->a7d28670-f9d1-457c-83f3-4caf0bab89df-AppendLogResponseHandler: Failed appendEntries: org.apache.ratis.thirdparty.io.grpc.StatusRuntimeException: CANCELLED: RST_STREAM closed stream. HTTP/2 error code: CANCEL
2024-04-29 10:06:52,038 [grpc-default-executor-6] WARN  server.GrpcLogAppender (GrpcLogAppender.java:lambda$resetClient$1(217)) - 375cf2e4-ad97-40d4-80c3-6a50f82e6a65@group-3B3F94B40EC3->a7d28670-f9d1-457c-83f3-4caf0bab89df-GrpcLogAppender: Follower failed (request=null, errorCount=1); keep nextIndex (1) unchanged and retry.
2024-04-29 10:06:52,037 [grpc-default-executor-4] WARN  server.GrpcServerProtocolService (LogUtils.java:warn(121)) - a7d28670-f9d1-457c-83f3-4caf0bab89df: APPEND_ENTRIES onError, lastRequest: null: org.apache.ratis.thirdparty.io.grpc.StatusRuntimeException: CANCELLED: client cancelled
2024-04-29 10:06:52,039 [grpc-default-executor-2] WARN  server.GrpcServerProtocolService (LogUtils.java:warn(121)) - a7d28670-f9d1-457c-83f3-4caf0bab89df: APPEND_ENTRIES onError, lastRequest: 375cf2e4-ad97-40d4-80c3-6a50f82e6a65->a7d28670-f9d1-457c-83f3-4caf0bab89df#1-t1,previous=(t:0, i:0),leaderCommit=-1,initializing? false,entries: size=1, first=(t:1, i:0), CONFIGURATIONENTRY(current:id: "a7d28670-f9d1-457c-83f3-4caf0bab89df"
address: "127.0.0.1:15388"
dataStreamAddress: "127.0.0.1:15389"
clientAddress: "127.0.0.1:15386"
adminAddress: "127.0.0.1:15387"
startupRole: FOLLOWER
,id: "22afc6ef-83d9-42e2-a783-8bf224581d75"
address: "127.0.0.1:15379"
dataStreamAddress: "127.0.0.1:15380"
clientAddress: "127.0.0.1:15377"
adminAddress: "127.0.0.1:15378"
startupRole: FOLLOWER
,id: "375cf2e4-ad97-40d4-80c3-6a50f82e6a65"
address: "127.0.0.1:15370"
priority: 1
dataStreamAddress: "127.0.0.1:15371"
clientAddress: "127.0.0.1:15368"
adminAddress: "127.0.0.1:15369"
startupRole: FOLLOWER
, old:): org.apache.ratis.thirdparty.io.grpc.StatusRuntimeException: CANCELLED: client cancelled
2024-04-29 10:06:52,039 [22afc6ef-83d9-42e2-a783-8bf224581d75@group-441D7B4FAA17-StateMachineUpdater] INFO  ratis.ContainerStateMachine (ContainerStateMachine.java:takeSnapshot(366)) - group-441D7B4FAA17: Finished taking a snapshot at:(t:1, i:0) file:/home/runner/work/ozone/ozone/hadoop-ozone/integration-test/target/test-dir/MiniOzoneClusterImpl-2cdd5cd5-9c4c-463f-a193-9ffbc37dc237/ozone-meta/datanode-2/ratis/dcc051ae-9701-4807-b1c4-441d7b4faa17/sm/snapshot.1_0 took: 1 ms
2024-04-29 10:06:52,039 [grpc-default-executor-1] WARN  server.GrpcServerProtocolService (LogUtils.java:warn(121)) - e953ff49-4527-49f7-9f97-ccf5cafd9f48: APPEND_ENTRIES onError, lastRequest: e630d950-2d07-45d9-8bac-ccae2e608fbd->e953ff49-4527-49f7-9f97-ccf5cafd9f48#1-t1,previous=(t:0, i:0),leaderCommit=-1,initializing? false,entries: size=1, first=(t:1, i:0), CONFIGURATIONENTRY(current:id: "05b2082f-ed41-4af0-9481-4223771265a3"
address: "127.0.0.1:15424"
dataStreamAddress: "127.0.0.1:15425"
clientAddress: "127.0.0.1:15422"
adminAddress: "127.0.0.1:15423"
startupRole: FOLLOWER
,id: "e630d950-2d07-45d9-8bac-ccae2e608fbd"
address: "127.0.0.1:15442"
priority: 1
dataStreamAddress: "127.0.0.1:15443"
clientAddress: "127.0.0.1:15440"
adminAddress: "127.0.0.1:15441"
startupRole: FOLLOWER
,id: "e953ff49-4527-49f7-9f97-ccf5cafd9f48"
address: "127.0.0.1:15433"
dataStreamAddress: "127.0.0.1:15434"
clientAddress: "127.0.0.1:15431"
adminAddress: "127.0.0.1:15432"
startupRole: FOLLOWER
, old:): org.apache.ratis.thirdparty.io.grpc.StatusRuntimeException: CANCELLED: client cancelled
2024-04-29 10:06:52,038 [ForkJoinPool.commonPool-worker-3] INFO  ozoneimpl.OzoneContainer (OzoneContainer.java:stop(481)) - Attempting to stop container services.
2024-04-29 10:06:52,040 [grpc-default-executor-4] WARN  server.GrpcLogAppender (LogUtils.java:warn(121)) - e630d950-2d07-45d9-8bac-ccae2e608fbd@group-5F1D51DC6C06->e953ff49-4527-49f7-9f97-ccf5cafd9f48-AppendLogResponseHandler: Failed appendEntries: org.apache.ratis.thirdparty.io.grpc.StatusRuntimeException: CANCELLED: RST_STREAM closed stream. HTTP/2 error code: CANCEL
2024-04-29 10:06:52,040 [grpc-default-executor-4] WARN  server.GrpcLogAppender (GrpcLogAppender.java:lambda$resetClient$1(217)) - e630d950-2d07-45d9-8bac-ccae2e608fbd@group-5F1D51DC6C06->e953ff49-4527-49f7-9f97-ccf5cafd9f48-GrpcLogAppender: Follower failed (request=null, errorCount=1); keep nextIndex (1) unchanged and retry.
2024-04-29 10:06:52,040 [main] INFO  server.GrpcService (GrpcService.java:closeImpl(320)) - 9d50a68e-635c-4808-a075-dce2406a94a2: shutdown server org.apache.ratis.grpc.server.GrpcClientProtocolService successfully
2024-04-29 10:06:52,040 [main] INFO  server.GrpcService (GrpcService.java:closeImpl(311)) - 9d50a68e-635c-4808-a075-dce2406a94a2: shutdown server GrpcServerProtocolService now
2024-04-29 10:06:52,038 [22afc6ef-83d9-42e2-a783-8bf224581d75-impl-thread2] INFO  impl.StateMachineUpdater (StateMachineUpdater.java:stopAndJoin(157)) - 22afc6ef-83d9-42e2-a783-8bf224581d75@group-441D7B4FAA17-StateMachineUpdater: set stopIndex = 0
2024-04-29 10:06:52,040 [ContainerMetadataScanner] WARN  ozoneimpl.AbstractBackgroundContainerScanner (AbstractBackgroundContainerScanner.java:handleRemainingSleep(134)) - Background container scan was interrupted.
2024-04-29 10:06:52,040 [ForkJoinPool.commonPool-worker-4] INFO  server.GrpcService (GrpcService.java:closeImpl(320)) - 22afc6ef-83d9-42e2-a783-8bf224581d75: shutdown server org.apache.ratis.grpc.server.GrpcClientProtocolService successfully
2024-04-29 10:06:52,040 [ForkJoinPool.commonPool-worker-4] INFO  server.GrpcService (GrpcService.java:closeImpl(311)) - 22afc6ef-83d9-42e2-a783-8bf224581d75: shutdown server GrpcServerProtocolService now
2024-04-29 10:06:52,039 [22afc6ef-83d9-42e2-a783-8bf224581d75@group-441D7B4FAA17-StateMachineUpdater] INFO  impl.StateMachineUpdater (StateMachineUpdater.java:takeSnapshot(295)) - 22afc6ef-83d9-42e2-a783-8bf224581d75@group-441D7B4FAA17-StateMachineUpdater: Took a snapshot at index 0
2024-04-29 10:06:52,041 [22afc6ef-83d9-42e2-a783-8bf224581d75@group-441D7B4FAA17-StateMachineUpdater] INFO  impl.StateMachineUpdater (StateMachineUpdater.java:lambda$new$0(98)) - 22afc6ef-83d9-42e2-a783-8bf224581d75@group-441D7B4FAA17-StateMachineUpdater: snapshotIndex: updateIncreasingly -1 -> 0
2024-04-29 10:06:52,040 [ContainerMetadataScanner] INFO  ozoneimpl.AbstractBackgroundContainerScanner (AbstractBackgroundContainerScanner.java:run(61)) - Thread[ContainerMetadataScanner,5,main] exiting.
2024-04-29 10:06:52,041 [ForkJoinPool.commonPool-worker-3] INFO  ozoneimpl.BackgroundContainerDataScanner (BackgroundContainerDataScanner.java:shutdown(141)) - ContainerDataScanner(/home/runner/work/ozone/ozone/hadoop-ozone/integration-test/target/test-dir/MiniOzoneClusterImpl-2cdd5cd5-9c4c-463f-a193-9ffbc37dc237/ozone-meta/datanode-7/data-0/hdds) is shutting down. 
2024-04-29 10:06:52,041 [ContainerDataScanner(/home/runner/work/ozone/ozone/hadoop-ozone/integration-test/target/test-dir/MiniOzoneClusterImpl-2cdd5cd5-9c4c-463f-a193-9ffbc37dc237/ozone-meta/datanode-7/data-0/hdds)] WARN  ozoneimpl.AbstractBackgroundContainerScanner (AbstractBackgroundContainerScanner.java:handleRemainingSleep(134)) - Background container scan was interrupted.
2024-04-29 10:06:52,041 [ContainerDataScanner(/home/runner/work/ozone/ozone/hadoop-ozone/integration-test/target/test-dir/MiniOzoneClusterImpl-2cdd5cd5-9c4c-463f-a193-9ffbc37dc237/ozone-meta/datanode-7/data-0/hdds)] INFO  ozoneimpl.AbstractBackgroundContainerScanner (AbstractBackgroundContainerScanner.java:run(61)) - ContainerDataScanner(/home/runner/work/ozone/ozone/hadoop-ozone/integration-test/target/test-dir/MiniOzoneClusterImpl-2cdd5cd5-9c4c-463f-a193-9ffbc37dc237/ozone-meta/datanode-7/data-0/hdds, DS-c1fd3a77-35f2-45e2-87c2-5cbbbffd7b20) exiting.
2024-04-29 10:06:52,041 [ForkJoinPool.commonPool-worker-3] INFO  server.RaftServer (RaftServerProxy.java:lambda$close$9(416)) - 05b2082f-ed41-4af0-9481-4223771265a3: close
2024-04-29 10:06:52,042 [05b2082f-ed41-4af0-9481-4223771265a3-impl-thread1] INFO  server.RaftServer$Division (RaftServerImpl.java:lambda$close$3(526)) - 05b2082f-ed41-4af0-9481-4223771265a3@group-5F1D51DC6C06: shutdown
2024-04-29 10:06:52,042 [05b2082f-ed41-4af0-9481-4223771265a3-impl-thread1] INFO  util.JmxRegister (JmxRegister.java:unregister(73)) - Successfully un-registered JMX Bean with object name Ratis:service=RaftServer,group=group-5F1D51DC6C06,id=05b2082f-ed41-4af0-9481-4223771265a3
2024-04-29 10:06:52,042 [05b2082f-ed41-4af0-9481-4223771265a3-impl-thread1] INFO  impl.RoleInfo (RoleInfo.java:shutdownFollowerState(110)) - 05b2082f-ed41-4af0-9481-4223771265a3: shutdown 05b2082f-ed41-4af0-9481-4223771265a3@group-5F1D51DC6C06-FollowerState
2024-04-29 10:06:52,042 [05b2082f-ed41-4af0-9481-4223771265a3-impl-thread1] INFO  impl.StateMachineUpdater (StateMachineUpdater.java:stopAndJoin(157)) - 05b2082f-ed41-4af0-9481-4223771265a3@group-5F1D51DC6C06-StateMachineUpdater: set stopIndex = 0
2024-04-29 10:06:52,042 [05b2082f-ed41-4af0-9481-4223771265a3@group-5F1D51DC6C06-StateMachineUpdater] INFO  ratis.ContainerStateMachine (ContainerStateMachine.java:takeSnapshot(355)) - group-5F1D51DC6C06: Taking a snapshot at:(t:1, i:0) file /home/runner/work/ozone/ozone/hadoop-ozone/integration-test/target/test-dir/MiniOzoneClusterImpl-2cdd5cd5-9c4c-463f-a193-9ffbc37dc237/ozone-meta/datanode-7/ratis/3403de07-fa73-484e-bd45-5f1d51dc6c06/sm/snapshot.1_0
2024-04-29 10:06:52,042 [ForkJoinPool.commonPool-worker-3] INFO  server.GrpcService (GrpcService.java:closeImpl(311)) - 05b2082f-ed41-4af0-9481-4223771265a3: shutdown server org.apache.ratis.grpc.server.GrpcClientProtocolService now
2024-04-29 10:06:52,042 [05b2082f-ed41-4af0-9481-4223771265a3-impl-thread2] INFO  server.RaftServer$Division (RaftServerImpl.java:lambda$close$3(526)) - 05b2082f-ed41-4af0-9481-4223771265a3@group-B4FE43D966C8: shutdown
2024-04-29 10:06:52,042 [05b2082f-ed41-4af0-9481-4223771265a3-impl-thread2] INFO  util.JmxRegister (JmxRegister.java:unregister(73)) - Successfully un-registered JMX Bean with object name Ratis:service=RaftServer,group=group-B4FE43D966C8,id=05b2082f-ed41-4af0-9481-4223771265a3
2024-04-29 10:06:52,042 [05b2082f-ed41-4af0-9481-4223771265a3-impl-thread2] INFO  impl.RoleInfo (RoleInfo.java:shutdownLeaderState(94)) - 05b2082f-ed41-4af0-9481-4223771265a3: shutdown 05b2082f-ed41-4af0-9481-4223771265a3@group-B4FE43D966C8-LeaderStateImpl
2024-04-29 10:06:52,042 [05b2082f-ed41-4af0-9481-4223771265a3-impl-thread2] INFO  impl.PendingRequests (PendingRequests.java:sendNotLeaderResponses(289)) - 05b2082f-ed41-4af0-9481-4223771265a3@group-B4FE43D966C8-PendingRequests: sendNotLeaderResponses
2024-04-29 10:06:52,041 [22afc6ef-83d9-42e2-a783-8bf224581d75-impl-thread2] INFO  server.RaftServer$Division (ServerState.java:close(427)) - 22afc6ef-83d9-42e2-a783-8bf224581d75@group-441D7B4FAA17: applyIndex: 0
2024-04-29 10:06:52,043 [05b2082f-ed41-4af0-9481-4223771265a3@group-B4FE43D966C8-StateMachineUpdater] INFO  ratis.ContainerStateMachine (ContainerStateMachine.java:takeSnapshot(355)) - group-B4FE43D966C8: Taking a snapshot at:(t:1, i:0) file /home/runner/work/ozone/ozone/hadoop-ozone/integration-test/target/test-dir/MiniOzoneClusterImpl-2cdd5cd5-9c4c-463f-a193-9ffbc37dc237/ozone-meta/datanode-7/ratis/2a8ccaea-c1be-4746-b64c-b4fe43d966c8/sm/snapshot.1_0
2024-04-29 10:06:52,043 [05b2082f-ed41-4af0-9481-4223771265a3-impl-thread2] INFO  impl.StateMachineUpdater (StateMachineUpdater.java:stopAndJoin(157)) - 05b2082f-ed41-4af0-9481-4223771265a3@group-B4FE43D966C8-StateMachineUpdater: set stopIndex = 0
2024-04-29 10:06:52,042 [05b2082f-ed41-4af0-9481-4223771265a3@group-5F1D51DC6C06-StateMachineUpdater] INFO  ratis.ContainerStateMachine (ContainerStateMachine.java:takeSnapshot(366)) - group-5F1D51DC6C06: Finished taking a snapshot at:(t:1, i:0) file:/home/runner/work/ozone/ozone/hadoop-ozone/integration-test/target/test-dir/MiniOzoneClusterImpl-2cdd5cd5-9c4c-463f-a193-9ffbc37dc237/ozone-meta/datanode-7/ratis/3403de07-fa73-484e-bd45-5f1d51dc6c06/sm/snapshot.1_0 took: 0 ms
2024-04-29 10:06:52,042 [05b2082f-ed41-4af0-9481-4223771265a3@group-5F1D51DC6C06-FollowerState] INFO  impl.FollowerState (FollowerState.java:run(152)) - 05b2082f-ed41-4af0-9481-4223771265a3@group-5F1D51DC6C06-FollowerState was interrupted
2024-04-29 10:06:52,043 [05b2082f-ed41-4af0-9481-4223771265a3@group-5F1D51DC6C06-StateMachineUpdater] INFO  impl.StateMachineUpdater (StateMachineUpdater.java:takeSnapshot(295)) - 05b2082f-ed41-4af0-9481-4223771265a3@group-5F1D51DC6C06-StateMachineUpdater: Took a snapshot at index 0
2024-04-29 10:06:52,043 [05b2082f-ed41-4af0-9481-4223771265a3@group-5F1D51DC6C06-StateMachineUpdater] INFO  impl.StateMachineUpdater (StateMachineUpdater.java:lambda$new$0(98)) - 05b2082f-ed41-4af0-9481-4223771265a3@group-5F1D51DC6C06-StateMachineUpdater: snapshotIndex: updateIncreasingly -1 -> 0
2024-04-29 10:06:52,041 [grpc-default-executor-4] WARN  server.GrpcLogAppender (LogUtils.java:warn(121)) - 375cf2e4-ad97-40d4-80c3-6a50f82e6a65@group-3B3F94B40EC3->22afc6ef-83d9-42e2-a783-8bf224581d75-AppendLogResponseHandler: Failed appendEntries: org.apache.ratis.thirdparty.io.grpc.StatusRuntimeException: CANCELLED: RST_STREAM closed stream. HTTP/2 error code: CANCEL
2024-04-29 10:06:52,043 [grpc-default-executor-4] WARN  server.GrpcLogAppender (GrpcLogAppender.java:lambda$resetClient$1(217)) - 375cf2e4-ad97-40d4-80c3-6a50f82e6a65@group-3B3F94B40EC3->22afc6ef-83d9-42e2-a783-8bf224581d75-GrpcLogAppender: Follower failed (request=null, errorCount=1); keep nextIndex (1) unchanged and retry.
2024-04-29 10:06:52,041 [grpc-default-executor-1] WARN  server.GrpcServerProtocolService (LogUtils.java:warn(121)) - 22afc6ef-83d9-42e2-a783-8bf224581d75: APPEND_ENTRIES onError, lastRequest: 375cf2e4-ad97-40d4-80c3-6a50f82e6a65->22afc6ef-83d9-42e2-a783-8bf224581d75#1-t1,previous=(t:0, i:0),leaderCommit=-1,initializing? false,entries: size=1, first=(t:1, i:0), CONFIGURATIONENTRY(current:id: "a7d28670-f9d1-457c-83f3-4caf0bab89df"
address: "127.0.0.1:15388"
dataStreamAddress: "127.0.0.1:15389"
clientAddress: "127.0.0.1:15386"
adminAddress: "127.0.0.1:15387"
startupRole: FOLLOWER
,id: "22afc6ef-83d9-42e2-a783-8bf224581d75"
address: "127.0.0.1:15379"
dataStreamAddress: "127.0.0.1:15380"
clientAddress: "127.0.0.1:15377"
adminAddress: "127.0.0.1:15378"
startupRole: FOLLOWER
,id: "375cf2e4-ad97-40d4-80c3-6a50f82e6a65"
address: "127.0.0.1:15370"
priority: 1
dataStreamAddress: "127.0.0.1:15371"
clientAddress: "127.0.0.1:15368"
adminAddress: "127.0.0.1:15369"
startupRole: FOLLOWER
, old:): org.apache.ratis.thirdparty.io.grpc.StatusRuntimeException: CANCELLED: client cancelled
2024-04-29 10:06:52,043 [05b2082f-ed41-4af0-9481-4223771265a3-impl-thread1] INFO  server.RaftServer$Division (ServerState.java:close(427)) - 05b2082f-ed41-4af0-9481-4223771265a3@group-5F1D51DC6C06: applyIndex: 0
2024-04-29 10:06:52,043 [05b2082f-ed41-4af0-9481-4223771265a3@group-B4FE43D966C8-StateMachineUpdater] INFO  ratis.ContainerStateMachine (ContainerStateMachine.java:takeSnapshot(366)) - group-B4FE43D966C8: Finished taking a snapshot at:(t:1, i:0) file:/home/runner/work/ozone/ozone/hadoop-ozone/integration-test/target/test-dir/MiniOzoneClusterImpl-2cdd5cd5-9c4c-463f-a193-9ffbc37dc237/ozone-meta/datanode-7/ratis/2a8ccaea-c1be-4746-b64c-b4fe43d966c8/sm/snapshot.1_0 took: 0 ms
2024-04-29 10:06:52,043 [05b2082f-ed41-4af0-9481-4223771265a3@group-B4FE43D966C8-StateMachineUpdater] INFO  impl.StateMachineUpdater (StateMachineUpdater.java:takeSnapshot(295)) - 05b2082f-ed41-4af0-9481-4223771265a3@group-B4FE43D966C8-StateMachineUpdater: Took a snapshot at index 0
2024-04-29 10:06:52,044 [05b2082f-ed41-4af0-9481-4223771265a3@group-B4FE43D966C8-StateMachineUpdater] INFO  impl.StateMachineUpdater (StateMachineUpdater.java:lambda$new$0(98)) - 05b2082f-ed41-4af0-9481-4223771265a3@group-B4FE43D966C8-StateMachineUpdater: snapshotIndex: updateIncreasingly -1 -> 0
2024-04-29 10:06:52,044 [Thread-5946] INFO  server.GrpcServerProtocolClient (GrpcServerProtocolClient.java:close(103)) - e630d950-2d07-45d9-8bac-ccae2e608fbd Close channels
2024-04-29 10:06:52,044 [05b2082f-ed41-4af0-9481-4223771265a3-impl-thread2] INFO  server.RaftServer$Division (ServerState.java:close(427)) - 05b2082f-ed41-4af0-9481-4223771265a3@group-B4FE43D966C8: applyIndex: 0
2024-04-29 10:06:52,043 [Thread-5947] INFO  server.GrpcServerProtocolClient (GrpcServerProtocolClient.java:close(103)) - e953ff49-4527-49f7-9f97-ccf5cafd9f48 Close channels
2024-04-29 10:06:52,043 [22afc6ef-83d9-42e2-a783-8bf224581d75@group-441D7B4FAA17-cacheEviction-AwaitToRun] INFO  util.AwaitToRun (AwaitToRun.java:run(49)) - 22afc6ef-83d9-42e2-a783-8bf224581d75@group-441D7B4FAA17-cacheEviction-AwaitToRun-AwaitForSignal is interrupted
2024-04-29 10:06:52,044 [05b2082f-ed41-4af0-9481-4223771265a3@group-B4FE43D966C8-cacheEviction-AwaitToRun] INFO  util.AwaitToRun (AwaitToRun.java:run(49)) - 05b2082f-ed41-4af0-9481-4223771265a3@group-B4FE43D966C8-cacheEviction-AwaitToRun-AwaitForSignal is interrupted
2024-04-29 10:06:52,043 [05b2082f-ed41-4af0-9481-4223771265a3@group-5F1D51DC6C06-cacheEviction-AwaitToRun] INFO  util.AwaitToRun (AwaitToRun.java:run(49)) - 05b2082f-ed41-4af0-9481-4223771265a3@group-5F1D51DC6C06-cacheEviction-AwaitToRun-AwaitForSignal is interrupted
2024-04-29 10:06:52,044 [ForkJoinPool.commonPool-worker-4] INFO  server.GrpcService (GrpcService.java:closeImpl(320)) - 22afc6ef-83d9-42e2-a783-8bf224581d75: shutdown server GrpcServerProtocolService successfully
2024-04-29 10:06:52,045 [ForkJoinPool.commonPool-worker-4] INFO  server.GrpcService (GrpcService.java:closeImpl(311)) - 22afc6ef-83d9-42e2-a783-8bf224581d75: shutdown server org.apache.ratis.grpc.server.GrpcAdminProtocolService now
2024-04-29 10:06:52,045 [grpc-default-executor-2] WARN  server.GrpcServerProtocolService (LogUtils.java:warn(121)) - 22afc6ef-83d9-42e2-a783-8bf224581d75: APPEND_ENTRIES onError, lastRequest: null: org.apache.ratis.thirdparty.io.grpc.StatusRuntimeException: CANCELLED: client cancelled
2024-04-29 10:06:52,045 [grpc-default-executor-7] WARN  server.GrpcServerProtocolService (LogUtils.java:warn(121)) - e953ff49-4527-49f7-9f97-ccf5cafd9f48: APPEND_ENTRIES onError, lastRequest: null: org.apache.ratis.thirdparty.io.grpc.StatusRuntimeException: CANCELLED: client cancelled
2024-04-29 10:06:52,045 [ForkJoinPool.commonPool-worker-3] INFO  server.GrpcService (GrpcService.java:closeImpl(320)) - 05b2082f-ed41-4af0-9481-4223771265a3: shutdown server org.apache.ratis.grpc.server.GrpcClientProtocolService successfully
2024-04-29 10:06:52,045 [ForkJoinPool.commonPool-worker-3] INFO  server.GrpcService (GrpcService.java:closeImpl(311)) - 05b2082f-ed41-4af0-9481-4223771265a3: shutdown server GrpcServerProtocolService now
2024-04-29 10:06:52,046 [grpc-default-executor-7] WARN  server.GrpcLogAppender (LogUtils.java:warn(121)) - e630d950-2d07-45d9-8bac-ccae2e608fbd@group-5F1D51DC6C06->05b2082f-ed41-4af0-9481-4223771265a3-AppendLogResponseHandler: Failed appendEntries: org.apache.ratis.thirdparty.io.grpc.StatusRuntimeException: CANCELLED: RST_STREAM closed stream. HTTP/2 error code: CANCEL
2024-04-29 10:06:52,046 [grpc-default-executor-7] WARN  server.GrpcLogAppender (GrpcLogAppender.java:lambda$resetClient$1(217)) - e630d950-2d07-45d9-8bac-ccae2e608fbd@group-5F1D51DC6C06->05b2082f-ed41-4af0-9481-4223771265a3-GrpcLogAppender: Follower failed (request=null, errorCount=1); keep nextIndex (1) unchanged and retry.
2024-04-29 10:06:52,046 [grpc-default-executor-2] WARN  server.GrpcServerProtocolService (LogUtils.java:warn(121)) - 05b2082f-ed41-4af0-9481-4223771265a3: APPEND_ENTRIES onError, lastRequest: e630d950-2d07-45d9-8bac-ccae2e608fbd->05b2082f-ed41-4af0-9481-4223771265a3#1-t1,previous=(t:0, i:0),leaderCommit=-1,initializing? false,entries: size=1, first=(t:1, i:0), CONFIGURATIONENTRY(current:id: "05b2082f-ed41-4af0-9481-4223771265a3"
address: "127.0.0.1:15424"
dataStreamAddress: "127.0.0.1:15425"
clientAddress: "127.0.0.1:15422"
adminAddress: "127.0.0.1:15423"
startupRole: FOLLOWER
,id: "e630d950-2d07-45d9-8bac-ccae2e608fbd"
address: "127.0.0.1:15442"
priority: 1
dataStreamAddress: "127.0.0.1:15443"
clientAddress: "127.0.0.1:15440"
adminAddress: "127.0.0.1:15441"
startupRole: FOLLOWER
,id: "e953ff49-4527-49f7-9f97-ccf5cafd9f48"
address: "127.0.0.1:15433"
dataStreamAddress: "127.0.0.1:15434"
clientAddress: "127.0.0.1:15431"
adminAddress: "127.0.0.1:15432"
startupRole: FOLLOWER
, old:): org.apache.ratis.thirdparty.io.grpc.StatusRuntimeException: CANCELLED: client cancelled
2024-04-29 10:06:52,046 [grpc-default-executor-4] WARN  server.GrpcServerProtocolService (LogUtils.java:warn(121)) - 05b2082f-ed41-4af0-9481-4223771265a3: APPEND_ENTRIES onError, lastRequest: null: org.apache.ratis.thirdparty.io.grpc.StatusRuntimeException: CANCELLED: client cancelled
2024-04-29 10:06:52,048 [main] INFO  server.GrpcService (GrpcService.java:closeImpl(320)) - 9d50a68e-635c-4808-a075-dce2406a94a2: shutdown server GrpcServerProtocolService successfully
2024-04-29 10:06:52,048 [main] INFO  server.GrpcService (GrpcService.java:closeImpl(311)) - 9d50a68e-635c-4808-a075-dce2406a94a2: shutdown server org.apache.ratis.grpc.server.GrpcAdminProtocolService now
2024-04-29 10:06:52,048 [ForkJoinPool.commonPool-worker-2] INFO  server.GrpcService (GrpcService.java:closeImpl(320)) - e953ff49-4527-49f7-9f97-ccf5cafd9f48: shutdown server GrpcServerProtocolService successfully
2024-04-29 10:06:52,048 [ForkJoinPool.commonPool-worker-2] INFO  server.GrpcService (GrpcService.java:closeImpl(311)) - e953ff49-4527-49f7-9f97-ccf5cafd9f48: shutdown server org.apache.ratis.grpc.server.GrpcAdminProtocolService now
2024-04-29 10:06:52,048 [ForkJoinPool.commonPool-worker-4] INFO  server.GrpcService (GrpcService.java:closeImpl(320)) - 22afc6ef-83d9-42e2-a783-8bf224581d75: shutdown server org.apache.ratis.grpc.server.GrpcAdminProtocolService successfully
2024-04-29 10:06:52,049 [ForkJoinPool.commonPool-worker-1] INFO  server.GrpcService (GrpcService.java:closeImpl(320)) - a7d28670-f9d1-457c-83f3-4caf0bab89df: shutdown server GrpcServerProtocolService successfully
2024-04-29 10:06:52,049 [ForkJoinPool.commonPool-worker-1] INFO  server.GrpcService (GrpcService.java:closeImpl(311)) - a7d28670-f9d1-457c-83f3-4caf0bab89df: shutdown server org.apache.ratis.grpc.server.GrpcAdminProtocolService now
2024-04-29 10:06:52,049 [ForkJoinPool.commonPool-worker-2] INFO  server.GrpcService (GrpcService.java:closeImpl(320)) - e953ff49-4527-49f7-9f97-ccf5cafd9f48: shutdown server org.apache.ratis.grpc.server.GrpcAdminProtocolService successfully
2024-04-29 10:06:52,050 [ForkJoinPool.commonPool-worker-3] INFO  server.GrpcService (GrpcService.java:closeImpl(320)) - 05b2082f-ed41-4af0-9481-4223771265a3: shutdown server GrpcServerProtocolService successfully
2024-04-29 10:06:52,050 [ForkJoinPool.commonPool-worker-3] INFO  server.GrpcService (GrpcService.java:closeImpl(311)) - 05b2082f-ed41-4af0-9481-4223771265a3: shutdown server org.apache.ratis.grpc.server.GrpcAdminProtocolService now
2024-04-29 10:06:52,050 [ForkJoinPool.commonPool-worker-1] INFO  server.GrpcService (GrpcService.java:closeImpl(320)) - a7d28670-f9d1-457c-83f3-4caf0bab89df: shutdown server org.apache.ratis.grpc.server.GrpcAdminProtocolService successfully
2024-04-29 10:06:52,052 [ForkJoinPool.commonPool-worker-3] INFO  server.GrpcService (GrpcService.java:closeImpl(320)) - 05b2082f-ed41-4af0-9481-4223771265a3: shutdown server org.apache.ratis.grpc.server.GrpcAdminProtocolService successfully
2024-04-29 10:06:52,052 [main] INFO  server.GrpcService (GrpcService.java:closeImpl(320)) - 9d50a68e-635c-4808-a075-dce2406a94a2: shutdown server org.apache.ratis.grpc.server.GrpcAdminProtocolService successfully
2024-04-29 10:06:52,058 [05b2082f-ed41-4af0-9481-4223771265a3-NettyServerStreamRpc-bossGroup--thread1] INFO  logging.LoggingHandler (AbstractInternalLogger.java:log(148)) - [id: 0xe1a13f42, L:/0.0.0.0:15425] CLOSE
2024-04-29 10:06:52,058 [05b2082f-ed41-4af0-9481-4223771265a3-NettyServerStreamRpc-bossGroup--thread1] INFO  logging.LoggingHandler (AbstractInternalLogger.java:log(148)) - [id: 0xe1a13f42, L:/0.0.0.0:15425] INACTIVE
2024-04-29 10:06:52,058 [05b2082f-ed41-4af0-9481-4223771265a3-NettyServerStreamRpc-bossGroup--thread1] INFO  logging.LoggingHandler (AbstractInternalLogger.java:log(148)) - [id: 0xe1a13f42, L:/0.0.0.0:15425] UNREGISTERED
2024-04-29 10:06:52,059 [e953ff49-4527-49f7-9f97-ccf5cafd9f48-NettyServerStreamRpc-bossGroup--thread1] INFO  logging.LoggingHandler (AbstractInternalLogger.java:log(148)) - [id: 0x4c114a96, L:/0.0.0.0:15434] CLOSE
2024-04-29 10:06:52,059 [e953ff49-4527-49f7-9f97-ccf5cafd9f48-NettyServerStreamRpc-bossGroup--thread1] INFO  logging.LoggingHandler (AbstractInternalLogger.java:log(148)) - [id: 0x4c114a96, L:/0.0.0.0:15434] INACTIVE
2024-04-29 10:06:52,059 [e953ff49-4527-49f7-9f97-ccf5cafd9f48-NettyServerStreamRpc-bossGroup--thread1] INFO  logging.LoggingHandler (AbstractInternalLogger.java:log(148)) - [id: 0x4c114a96, L:/0.0.0.0:15434] UNREGISTERED
2024-04-29 10:06:52,062 [a7d28670-f9d1-457c-83f3-4caf0bab89df-NettyServerStreamRpc-bossGroup--thread1] INFO  logging.LoggingHandler (AbstractInternalLogger.java:log(148)) - [id: 0x3bfc963b, L:/0.0.0.0:15389] CLOSE
2024-04-29 10:06:52,062 [a7d28670-f9d1-457c-83f3-4caf0bab89df-NettyServerStreamRpc-bossGroup--thread1] INFO  logging.LoggingHandler (AbstractInternalLogger.java:log(148)) - [id: 0x3bfc963b, L:/0.0.0.0:15389] INACTIVE
2024-04-29 10:06:52,062 [a7d28670-f9d1-457c-83f3-4caf0bab89df-NettyServerStreamRpc-bossGroup--thread1] INFO  logging.LoggingHandler (AbstractInternalLogger.java:log(148)) - [id: 0x3bfc963b, L:/0.0.0.0:15389] UNREGISTERED
2024-04-29 10:06:52,067 [22afc6ef-83d9-42e2-a783-8bf224581d75-NettyServerStreamRpc-bossGroup--thread1] INFO  logging.LoggingHandler (AbstractInternalLogger.java:log(148)) - [id: 0xb8d1b0fe, L:/0.0.0.0:15380] CLOSE
2024-04-29 10:06:52,068 [22afc6ef-83d9-42e2-a783-8bf224581d75-NettyServerStreamRpc-bossGroup--thread1] INFO  logging.LoggingHandler (AbstractInternalLogger.java:log(148)) - [id: 0xb8d1b0fe, L:/0.0.0.0:15380] INACTIVE
2024-04-29 10:06:52,068 [22afc6ef-83d9-42e2-a783-8bf224581d75-NettyServerStreamRpc-bossGroup--thread1] INFO  logging.LoggingHandler (AbstractInternalLogger.java:log(148)) - [id: 0xb8d1b0fe, L:/0.0.0.0:15380] UNREGISTERED
2024-04-29 10:06:52,069 [9d50a68e-635c-4808-a075-dce2406a94a2-NettyServerStreamRpc-bossGroup--thread1] INFO  logging.LoggingHandler (AbstractInternalLogger.java:log(148)) - [id: 0x00ad6640, L:/0.0.0.0:15416] CLOSE
2024-04-29 10:06:52,070 [9d50a68e-635c-4808-a075-dce2406a94a2-NettyServerStreamRpc-bossGroup--thread1] INFO  logging.LoggingHandler (AbstractInternalLogger.java:log(148)) - [id: 0x00ad6640, L:/0.0.0.0:15416] INACTIVE
2024-04-29 10:06:52,070 [9d50a68e-635c-4808-a075-dce2406a94a2-NettyServerStreamRpc-bossGroup--thread1] INFO  logging.LoggingHandler (AbstractInternalLogger.java:log(148)) - [id: 0x00ad6640, L:/0.0.0.0:15416] UNREGISTERED
2024-04-29 10:06:52,076 [e953ff49-4527-49f7-9f97-ccf5cafd9f48-impl-thread2] INFO  segmented.SegmentedRaftLogWorker (SegmentedRaftLogWorker.java:close(245)) - e953ff49-4527-49f7-9f97-ccf5cafd9f48@group-269B65E56047-SegmentedRaftLogWorker close()
2024-04-29 10:06:52,102 [e953ff49-4527-49f7-9f97-ccf5cafd9f48-impl-thread1] INFO  segmented.SegmentedRaftLogWorker (SegmentedRaftLogWorker.java:close(245)) - e953ff49-4527-49f7-9f97-ccf5cafd9f48@group-5F1D51DC6C06-SegmentedRaftLogWorker close()
2024-04-29 10:06:52,103 [JvmPauseMonitor53] INFO  util.JvmPauseMonitor (JvmPauseMonitor.java:run(152)) - JvmPauseMonitor-e953ff49-4527-49f7-9f97-ccf5cafd9f48: Stopped
2024-04-29 10:06:52,104 [05b2082f-ed41-4af0-9481-4223771265a3-impl-thread1] INFO  segmented.SegmentedRaftLogWorker (SegmentedRaftLogWorker.java:close(245)) - 05b2082f-ed41-4af0-9481-4223771265a3@group-5F1D51DC6C06-SegmentedRaftLogWorker close()
2024-04-29 10:06:52,632 [22afc6ef-83d9-42e2-a783-8bf224581d75-impl-thread1] INFO  segmented.SegmentedRaftLogWorker (SegmentedRaftLogWorker.java:close(245)) - 22afc6ef-83d9-42e2-a783-8bf224581d75@group-3B3F94B40EC3-SegmentedRaftLogWorker close()
2024-04-29 10:06:52,632 [a7d28670-f9d1-457c-83f3-4caf0bab89df-impl-thread1] INFO  segmented.SegmentedRaftLogWorker (SegmentedRaftLogWorker.java:close(245)) - a7d28670-f9d1-457c-83f3-4caf0bab89df@group-3B3F94B40EC3-SegmentedRaftLogWorker close()
2024-04-29 10:06:52,709 [22afc6ef-83d9-42e2-a783-8bf224581d75-impl-thread2] INFO  segmented.SegmentedRaftLogWorker (SegmentedRaftLogWorker.java:close(245)) - 22afc6ef-83d9-42e2-a783-8bf224581d75@group-441D7B4FAA17-SegmentedRaftLogWorker close()
2024-04-29 10:06:52,709 [JvmPauseMonitor47] INFO  util.JvmPauseMonitor (JvmPauseMonitor.java:run(152)) - JvmPauseMonitor-22afc6ef-83d9-42e2-a783-8bf224581d75: Stopped
2024-04-29 10:06:52,747 [a7d28670-f9d1-457c-83f3-4caf0bab89df-impl-thread2] INFO  segmented.SegmentedRaftLogWorker (SegmentedRaftLogWorker.java:close(245)) - a7d28670-f9d1-457c-83f3-4caf0bab89df@group-146B84FB1A91-SegmentedRaftLogWorker close()
2024-04-29 10:06:52,748 [JvmPauseMonitor48] INFO  util.JvmPauseMonitor (JvmPauseMonitor.java:run(152)) - JvmPauseMonitor-a7d28670-f9d1-457c-83f3-4caf0bab89df: Stopped
2024-04-29 10:06:52,885 [9d50a68e-635c-4808-a075-dce2406a94a2-impl-thread1] INFO  segmented.SegmentedRaftLogWorker (SegmentedRaftLogWorker.java:close(245)) - 9d50a68e-635c-4808-a075-dce2406a94a2@group-C3C3C2B38EFF-SegmentedRaftLogWorker close()
2024-04-29 10:06:52,886 [JvmPauseMonitor51] INFO  util.JvmPauseMonitor (JvmPauseMonitor.java:run(152)) - JvmPauseMonitor-9d50a68e-635c-4808-a075-dce2406a94a2: Stopped
2024-04-29 10:06:52,972 [05b2082f-ed41-4af0-9481-4223771265a3-impl-thread2] INFO  segmented.SegmentedRaftLogWorker (SegmentedRaftLogWorker.java:close(245)) - 05b2082f-ed41-4af0-9481-4223771265a3@group-B4FE43D966C8-SegmentedRaftLogWorker close()
2024-04-29 10:06:52,972 [JvmPauseMonitor52] INFO  util.JvmPauseMonitor (JvmPauseMonitor.java:run(152)) - JvmPauseMonitor-05b2082f-ed41-4af0-9481-4223771265a3: Stopped
2024-04-29 10:06:54,105 [ForkJoinPool.commonPool-worker-2] INFO  utils.DatanodeStoreCache (DatanodeStoreCache.java:shutdownCache(116)) - Skip clearing cache in mini cluster mode. Entries left: [/home/runner/work/ozone/ozone/hadoop-ozone/integration-test/target/test-dir/MiniOzoneClusterImpl-2cdd5cd5-9c4c-463f-a193-9ffbc37dc237/ozone-meta/datanode-1/data-0/hdds/2cdd5cd5-9c4c-463f-a193-9ffbc37dc237/DS-6519c744-7775-4c40-8ce9-038f1193935f/container.db, /home/runner/work/ozone/ozone/hadoop-ozone/integration-test/target/test-dir/MiniOzoneClusterImpl-2cdd5cd5-9c4c-463f-a193-9ffbc37dc237/ozone-meta/datanode-2/data-0/hdds/2cdd5cd5-9c4c-463f-a193-9ffbc37dc237/DS-c0aeb411-4cd4-4f00-9492-494c1f8d49c4/container.db, /home/runner/work/ozone/ozone/hadoop-ozone/integration-test/target/test-dir/MiniOzoneClusterImpl-2cdd5cd5-9c4c-463f-a193-9ffbc37dc237/ozone-meta/datanode-3/data-0/hdds/2cdd5cd5-9c4c-463f-a193-9ffbc37dc237/DS-c761f43b-e569-4ec0-8c94-ad8d81c38b41/container.db, /home/runner/work/ozone/ozone/hadoop-ozone/integration-test/target/test-dir/MiniOzoneClusterImpl-2cdd5cd5-9c4c-463f-a193-9ffbc37dc237/ozone-meta/datanode-6/data-0/hdds/2cdd5cd5-9c4c-463f-a193-9ffbc37dc237/DS-04762224-3861-488d-80ab-37361c060ec5/container.db, /home/runner/work/ozone/ozone/hadoop-ozone/integration-test/target/test-dir/MiniOzoneClusterImpl-2cdd5cd5-9c4c-463f-a193-9ffbc37dc237/ozone-meta/datanode-7/data-0/hdds/2cdd5cd5-9c4c-463f-a193-9ffbc37dc237/DS-c1fd3a77-35f2-45e2-87c2-5cbbbffd7b20/container.db, /home/runner/work/ozone/ozone/hadoop-ozone/integration-test/target/test-dir/MiniOzoneClusterImpl-2cdd5cd5-9c4c-463f-a193-9ffbc37dc237/ozone-meta/datanode-8/data-0/hdds/2cdd5cd5-9c4c-463f-a193-9ffbc37dc237/DS-cc1ef874-51e6-45c1-b424-c25e8e0c9ee7/container.db, /home/runner/work/ozone/ozone/hadoop-ozone/integration-test/target/test-dir/MiniOzoneClusterImpl-2cdd5cd5-9c4c-463f-a193-9ffbc37dc237/ozone-meta/datanode-9/data-0/hdds/2cdd5cd5-9c4c-463f-a193-9ffbc37dc237/DS-fb3aacb6-1dba-4b84-be76-0ba145da025a/container.db]
2024-04-29 10:06:54,106 [ForkJoinPool.commonPool-worker-2] INFO  utils.DatanodeStoreCache (DatanodeStoreCache.java:removeDB(110)) - Removed db /home/runner/work/ozone/ozone/hadoop-ozone/integration-test/target/test-dir/MiniOzoneClusterImpl-2cdd5cd5-9c4c-463f-a193-9ffbc37dc237/ozone-meta/datanode-8/data-0/hdds/2cdd5cd5-9c4c-463f-a193-9ffbc37dc237/DS-cc1ef874-51e6-45c1-b424-c25e8e0c9ee7/container.db from cache
2024-04-29 10:06:54,106 [ForkJoinPool.commonPool-worker-2] INFO  volume.HddsVolume (HddsVolume.java:closeDbStore(470)) - SchemaV3 db is stopped at /home/runner/work/ozone/ozone/hadoop-ozone/integration-test/target/test-dir/MiniOzoneClusterImpl-2cdd5cd5-9c4c-463f-a193-9ffbc37dc237/ozone-meta/datanode-8/data-0/hdds/2cdd5cd5-9c4c-463f-a193-9ffbc37dc237/DS-cc1ef874-51e6-45c1-b424-c25e8e0c9ee7/container.db for volume DS-cc1ef874-51e6-45c1-b424-c25e8e0c9ee7
2024-04-29 10:06:54,106 [ForkJoinPool.commonPool-worker-2] INFO  utils.BackgroundService (BackgroundService.java:shutdown(160)) - Shutting down service BlockDeletingService
2024-04-29 10:06:54,106 [ForkJoinPool.commonPool-worker-2] INFO  utils.BackgroundService (BackgroundService.java:shutdown(160)) - Shutting down service StaleRecoveringContainerScrubbingService
2024-04-29 10:06:54,106 [ForkJoinPool.commonPool-worker-2] INFO  statemachine.DatanodeStateMachine (DatanodeStateMachine.java:stopDaemon(638)) - Ozone container server stopped.
2024-04-29 10:06:54,106 [ForkJoinPool.commonPool-worker-2] INFO  handler.ContextHandler (ContextHandler.java:doStop(1159)) - Stopped o.e.j.w.WebAppContext@272c18a1{hddsDatanode,/,null,STOPPED}{file:/home/runner/work/ozone/ozone/hadoop-hdds/container-service/target/classes/webapps/hddsDatanode}
2024-04-29 10:06:54,107 [ForkJoinPool.commonPool-worker-2] INFO  server.AbstractConnector (AbstractConnector.java:doStop(383)) - Stopped ServerConnector@6f33e4be{HTTP/1.1, (http/1.1)}{0.0.0.0:15428}
2024-04-29 10:06:54,107 [ForkJoinPool.commonPool-worker-2] INFO  server.session (HouseKeeper.java:stopScavenging(149)) - node0 Stopped scavenging
2024-04-29 10:06:54,107 [ForkJoinPool.commonPool-worker-2] INFO  handler.ContextHandler (ContextHandler.java:doStop(1159)) - Stopped o.e.j.s.ServletContextHandler@3cbe75ce{static,/static,file:///home/runner/work/ozone/ozone/hadoop-hdds/container-service/target/classes/webapps/static,STOPPED}
2024-04-29 10:06:54,107 [ForkJoinPool.commonPool-worker-2] INFO  handler.ContextHandler (ContextHandler.java:doStop(1159)) - Stopped o.e.j.s.ServletContextHandler@1ef39b1a{logs,/logs,file:///home/runner/work/ozone/ozone/hadoop-ozone/integration-test/target/log,STOPPED}
2024-04-29 10:06:54,108 [ForkJoinPool.commonPool-worker-2] INFO  ozone.HddsDatanodeClientProtocolServer (HddsDatanodeClientProtocolServer.java:stop(83)) - Stopping the RPC server for Client Protocol
2024-04-29 10:06:54,108 [ForkJoinPool.commonPool-worker-2] INFO  ipc.Server (Server.java:stop(3523)) - Stopping server on 15429
2024-04-29 10:06:54,108 [IPC Server listener on 15429] INFO  ipc.Server (Server.java:run(1434)) - Stopping IPC Server listener on 15429
2024-04-29 10:06:54,109 [IPC Server Responder] INFO  ipc.Server (Server.java:run(1567)) - Stopping IPC Server Responder
2024-04-29 10:06:54,110 [ForkJoinPool.commonPool-worker-2] INFO  ozoneimpl.OzoneContainer (OzoneContainer.java:stop(481)) - Attempting to stop container services.
2024-04-29 10:06:54,110 [ContainerMetadataScanner] WARN  ozoneimpl.AbstractBackgroundContainerScanner (AbstractBackgroundContainerScanner.java:handleRemainingSleep(134)) - Background container scan was interrupted.
2024-04-29 10:06:54,111 [ContainerMetadataScanner] INFO  ozoneimpl.AbstractBackgroundContainerScanner (AbstractBackgroundContainerScanner.java:run(61)) - Thread[ContainerMetadataScanner,5,main] exiting.
2024-04-29 10:06:54,111 [ForkJoinPool.commonPool-worker-2] INFO  ozoneimpl.BackgroundContainerDataScanner (BackgroundContainerDataScanner.java:shutdown(141)) - ContainerDataScanner(/home/runner/work/ozone/ozone/hadoop-ozone/integration-test/target/test-dir/MiniOzoneClusterImpl-2cdd5cd5-9c4c-463f-a193-9ffbc37dc237/ozone-meta/datanode-9/data-0/hdds) is shutting down. 
2024-04-29 10:06:54,111 [ContainerDataScanner(/home/runner/work/ozone/ozone/hadoop-ozone/integration-test/target/test-dir/MiniOzoneClusterImpl-2cdd5cd5-9c4c-463f-a193-9ffbc37dc237/ozone-meta/datanode-9/data-0/hdds)] WARN  ozoneimpl.AbstractBackgroundContainerScanner (AbstractBackgroundContainerScanner.java:handleRemainingSleep(134)) - Background container scan was interrupted.
2024-04-29 10:06:54,111 [ContainerDataScanner(/home/runner/work/ozone/ozone/hadoop-ozone/integration-test/target/test-dir/MiniOzoneClusterImpl-2cdd5cd5-9c4c-463f-a193-9ffbc37dc237/ozone-meta/datanode-9/data-0/hdds)] INFO  ozoneimpl.AbstractBackgroundContainerScanner (AbstractBackgroundContainerScanner.java:run(61)) - ContainerDataScanner(/home/runner/work/ozone/ozone/hadoop-ozone/integration-test/target/test-dir/MiniOzoneClusterImpl-2cdd5cd5-9c4c-463f-a193-9ffbc37dc237/ozone-meta/datanode-9/data-0/hdds, DS-fb3aacb6-1dba-4b84-be76-0ba145da025a) exiting.
2024-04-29 10:06:54,112 [ForkJoinPool.commonPool-worker-2] INFO  server.RaftServer (RaftServerProxy.java:lambda$close$9(416)) - e630d950-2d07-45d9-8bac-ccae2e608fbd: close
2024-04-29 10:06:54,112 [e630d950-2d07-45d9-8bac-ccae2e608fbd-impl-thread1] INFO  server.RaftServer$Division (RaftServerImpl.java:lambda$close$3(526)) - e630d950-2d07-45d9-8bac-ccae2e608fbd@group-CFF810345DFF: shutdown
2024-04-29 10:06:54,112 [e630d950-2d07-45d9-8bac-ccae2e608fbd-impl-thread1] INFO  util.JmxRegister (JmxRegister.java:unregister(73)) - Successfully un-registered JMX Bean with object name Ratis:service=RaftServer,group=group-CFF810345DFF,id=e630d950-2d07-45d9-8bac-ccae2e608fbd
2024-04-29 10:06:54,112 [e630d950-2d07-45d9-8bac-ccae2e608fbd-impl-thread1] INFO  impl.RoleInfo (RoleInfo.java:shutdownLeaderState(94)) - e630d950-2d07-45d9-8bac-ccae2e608fbd: shutdown e630d950-2d07-45d9-8bac-ccae2e608fbd@group-CFF810345DFF-LeaderStateImpl
2024-04-29 10:06:54,112 [e630d950-2d07-45d9-8bac-ccae2e608fbd-impl-thread1] INFO  impl.PendingRequests (PendingRequests.java:sendNotLeaderResponses(289)) - e630d950-2d07-45d9-8bac-ccae2e608fbd@group-CFF810345DFF-PendingRequests: sendNotLeaderResponses
2024-04-29 10:06:54,112 [e630d950-2d07-45d9-8bac-ccae2e608fbd-impl-thread1] INFO  impl.StateMachineUpdater (StateMachineUpdater.java:stopAndJoin(157)) - e630d950-2d07-45d9-8bac-ccae2e608fbd@group-CFF810345DFF-StateMachineUpdater: set stopIndex = 0
2024-04-29 10:06:54,112 [e630d950-2d07-45d9-8bac-ccae2e608fbd@group-CFF810345DFF-StateMachineUpdater] INFO  ratis.ContainerStateMachine (ContainerStateMachine.java:takeSnapshot(355)) - group-CFF810345DFF: Taking a snapshot at:(t:1, i:0) file /home/runner/work/ozone/ozone/hadoop-ozone/integration-test/target/test-dir/MiniOzoneClusterImpl-2cdd5cd5-9c4c-463f-a193-9ffbc37dc237/ozone-meta/datanode-9/ratis/2cd0ce55-3a2b-4719-b090-cff810345dff/sm/snapshot.1_0
2024-04-29 10:06:54,112 [ForkJoinPool.commonPool-worker-2] INFO  server.GrpcService (GrpcService.java:closeImpl(311)) - e630d950-2d07-45d9-8bac-ccae2e608fbd: shutdown server org.apache.ratis.grpc.server.GrpcClientProtocolService now
2024-04-29 10:06:54,113 [e630d950-2d07-45d9-8bac-ccae2e608fbd-impl-thread2] INFO  server.RaftServer$Division (RaftServerImpl.java:lambda$close$3(526)) - e630d950-2d07-45d9-8bac-ccae2e608fbd@group-5F1D51DC6C06: shutdown
2024-04-29 10:06:54,113 [e630d950-2d07-45d9-8bac-ccae2e608fbd-impl-thread2] INFO  util.JmxRegister (JmxRegister.java:unregister(73)) - Successfully un-registered JMX Bean with object name Ratis:service=RaftServer,group=group-5F1D51DC6C06,id=e630d950-2d07-45d9-8bac-ccae2e608fbd
2024-04-29 10:06:54,113 [e630d950-2d07-45d9-8bac-ccae2e608fbd-impl-thread2] INFO  impl.RoleInfo (RoleInfo.java:shutdownLeaderState(94)) - e630d950-2d07-45d9-8bac-ccae2e608fbd: shutdown e630d950-2d07-45d9-8bac-ccae2e608fbd@group-5F1D51DC6C06-LeaderStateImpl
2024-04-29 10:06:54,113 [Thread-6147] INFO  server.GrpcServerProtocolClient (GrpcServerProtocolClient.java:close(103)) - 05b2082f-ed41-4af0-9481-4223771265a3 Close channels
2024-04-29 10:06:54,113 [e630d950-2d07-45d9-8bac-ccae2e608fbd-impl-thread2] INFO  impl.PendingRequests (PendingRequests.java:sendNotLeaderResponses(289)) - e630d950-2d07-45d9-8bac-ccae2e608fbd@group-5F1D51DC6C06-PendingRequests: sendNotLeaderResponses
2024-04-29 10:06:54,113 [e630d950-2d07-45d9-8bac-ccae2e608fbd@group-5F1D51DC6C06->e953ff49-4527-49f7-9f97-ccf5cafd9f48-GrpcLogAppender-LogAppenderDaemon] WARN  server.GrpcLogAppender (GrpcLogAppender.java:mayWait(289)) - e630d950-2d07-45d9-8bac-ccae2e608fbd@group-5F1D51DC6C06->e953ff49-4527-49f7-9f97-ccf5cafd9f48-GrpcLogAppender: Wait interrupted by java.lang.InterruptedException
2024-04-29 10:06:54,113 [e630d950-2d07-45d9-8bac-ccae2e608fbd@group-5F1D51DC6C06->05b2082f-ed41-4af0-9481-4223771265a3-GrpcLogAppender-LogAppenderDaemon] WARN  server.GrpcLogAppender (GrpcLogAppender.java:mayWait(289)) - e630d950-2d07-45d9-8bac-ccae2e608fbd@group-5F1D51DC6C06->05b2082f-ed41-4af0-9481-4223771265a3-GrpcLogAppender: Wait interrupted by java.lang.InterruptedException
2024-04-29 10:06:54,113 [e630d950-2d07-45d9-8bac-ccae2e608fbd-impl-thread2] INFO  impl.StateMachineUpdater (StateMachineUpdater.java:stopAndJoin(157)) - e630d950-2d07-45d9-8bac-ccae2e608fbd@group-5F1D51DC6C06-StateMachineUpdater: set stopIndex = 0
2024-04-29 10:06:54,113 [e630d950-2d07-45d9-8bac-ccae2e608fbd@group-5F1D51DC6C06-StateMachineUpdater] INFO  ratis.ContainerStateMachine (ContainerStateMachine.java:takeSnapshot(355)) - group-5F1D51DC6C06: Taking a snapshot at:(t:1, i:0) file /home/runner/work/ozone/ozone/hadoop-ozone/integration-test/target/test-dir/MiniOzoneClusterImpl-2cdd5cd5-9c4c-463f-a193-9ffbc37dc237/ozone-meta/datanode-9/ratis/3403de07-fa73-484e-bd45-5f1d51dc6c06/sm/snapshot.1_0
2024-04-29 10:06:54,113 [e630d950-2d07-45d9-8bac-ccae2e608fbd@group-CFF810345DFF-StateMachineUpdater] INFO  ratis.ContainerStateMachine (ContainerStateMachine.java:takeSnapshot(366)) - group-CFF810345DFF: Finished taking a snapshot at:(t:1, i:0) file:/home/runner/work/ozone/ozone/hadoop-ozone/integration-test/target/test-dir/MiniOzoneClusterImpl-2cdd5cd5-9c4c-463f-a193-9ffbc37dc237/ozone-meta/datanode-9/ratis/2cd0ce55-3a2b-4719-b090-cff810345dff/sm/snapshot.1_0 took: 1 ms
2024-04-29 10:06:54,113 [Thread-6149] INFO  server.GrpcServerProtocolClient (GrpcServerProtocolClient.java:close(103)) - e953ff49-4527-49f7-9f97-ccf5cafd9f48 Close channels
2024-04-29 10:06:54,114 [e630d950-2d07-45d9-8bac-ccae2e608fbd@group-CFF810345DFF-StateMachineUpdater] INFO  impl.StateMachineUpdater (StateMachineUpdater.java:takeSnapshot(295)) - e630d950-2d07-45d9-8bac-ccae2e608fbd@group-CFF810345DFF-StateMachineUpdater: Took a snapshot at index 0
2024-04-29 10:06:54,114 [ForkJoinPool.commonPool-worker-2] INFO  server.GrpcService (GrpcService.java:closeImpl(320)) - e630d950-2d07-45d9-8bac-ccae2e608fbd: shutdown server org.apache.ratis.grpc.server.GrpcClientProtocolService successfully
2024-04-29 10:06:54,114 [ForkJoinPool.commonPool-worker-2] INFO  server.GrpcService (GrpcService.java:closeImpl(311)) - e630d950-2d07-45d9-8bac-ccae2e608fbd: shutdown server GrpcServerProtocolService now
2024-04-29 10:06:54,114 [e630d950-2d07-45d9-8bac-ccae2e608fbd@group-CFF810345DFF-StateMachineUpdater] INFO  impl.StateMachineUpdater (StateMachineUpdater.java:lambda$new$0(98)) - e630d950-2d07-45d9-8bac-ccae2e608fbd@group-CFF810345DFF-StateMachineUpdater: snapshotIndex: updateIncreasingly -1 -> 0
2024-04-29 10:06:54,114 [e630d950-2d07-45d9-8bac-ccae2e608fbd@group-5F1D51DC6C06-StateMachineUpdater] INFO  ratis.ContainerStateMachine (ContainerStateMachine.java:takeSnapshot(366)) - group-5F1D51DC6C06: Finished taking a snapshot at:(t:1, i:0) file:/home/runner/work/ozone/ozone/hadoop-ozone/integration-test/target/test-dir/MiniOzoneClusterImpl-2cdd5cd5-9c4c-463f-a193-9ffbc37dc237/ozone-meta/datanode-9/ratis/3403de07-fa73-484e-bd45-5f1d51dc6c06/sm/snapshot.1_0 took: 0 ms
2024-04-29 10:06:54,114 [e630d950-2d07-45d9-8bac-ccae2e608fbd@group-5F1D51DC6C06-StateMachineUpdater] INFO  impl.StateMachineUpdater (StateMachineUpdater.java:takeSnapshot(295)) - e630d950-2d07-45d9-8bac-ccae2e608fbd@group-5F1D51DC6C06-StateMachineUpdater: Took a snapshot at index 0
2024-04-29 10:06:54,114 [e630d950-2d07-45d9-8bac-ccae2e608fbd@group-5F1D51DC6C06-StateMachineUpdater] INFO  impl.StateMachineUpdater (StateMachineUpdater.java:lambda$new$0(98)) - e630d950-2d07-45d9-8bac-ccae2e608fbd@group-5F1D51DC6C06-StateMachineUpdater: snapshotIndex: updateIncreasingly -1 -> 0
2024-04-29 10:06:54,114 [e630d950-2d07-45d9-8bac-ccae2e608fbd-impl-thread1] INFO  server.RaftServer$Division (ServerState.java:close(427)) - e630d950-2d07-45d9-8bac-ccae2e608fbd@group-CFF810345DFF: applyIndex: 0
2024-04-29 10:06:54,114 [e630d950-2d07-45d9-8bac-ccae2e608fbd-impl-thread2] INFO  server.RaftServer$Division (ServerState.java:close(427)) - e630d950-2d07-45d9-8bac-ccae2e608fbd@group-5F1D51DC6C06: applyIndex: 0
2024-04-29 10:06:54,114 [e630d950-2d07-45d9-8bac-ccae2e608fbd@group-CFF810345DFF-cacheEviction-AwaitToRun] INFO  util.AwaitToRun (AwaitToRun.java:run(49)) - e630d950-2d07-45d9-8bac-ccae2e608fbd@group-CFF810345DFF-cacheEviction-AwaitToRun-AwaitForSignal is interrupted
2024-04-29 10:06:54,114 [e630d950-2d07-45d9-8bac-ccae2e608fbd@group-5F1D51DC6C06-cacheEviction-AwaitToRun] INFO  util.AwaitToRun (AwaitToRun.java:run(49)) - e630d950-2d07-45d9-8bac-ccae2e608fbd@group-5F1D51DC6C06-cacheEviction-AwaitToRun-AwaitForSignal is interrupted
2024-04-29 10:06:54,115 [ForkJoinPool.commonPool-worker-2] INFO  server.GrpcService (GrpcService.java:closeImpl(320)) - e630d950-2d07-45d9-8bac-ccae2e608fbd: shutdown server GrpcServerProtocolService successfully
2024-04-29 10:06:54,115 [ForkJoinPool.commonPool-worker-2] INFO  server.GrpcService (GrpcService.java:closeImpl(311)) - e630d950-2d07-45d9-8bac-ccae2e608fbd: shutdown server org.apache.ratis.grpc.server.GrpcAdminProtocolService now
2024-04-29 10:06:54,115 [ForkJoinPool.commonPool-worker-2] INFO  server.GrpcService (GrpcService.java:closeImpl(320)) - e630d950-2d07-45d9-8bac-ccae2e608fbd: shutdown server org.apache.ratis.grpc.server.GrpcAdminProtocolService successfully
2024-04-29 10:06:54,118 [e630d950-2d07-45d9-8bac-ccae2e608fbd-NettyServerStreamRpc-bossGroup--thread1] INFO  logging.LoggingHandler (AbstractInternalLogger.java:log(148)) - [id: 0xb76aa82d, L:/0.0.0.0:15443] CLOSE
2024-04-29 10:06:54,118 [e630d950-2d07-45d9-8bac-ccae2e608fbd-NettyServerStreamRpc-bossGroup--thread1] INFO  logging.LoggingHandler (AbstractInternalLogger.java:log(148)) - [id: 0xb76aa82d, L:/0.0.0.0:15443] INACTIVE
2024-04-29 10:06:54,119 [e630d950-2d07-45d9-8bac-ccae2e608fbd-NettyServerStreamRpc-bossGroup--thread1] INFO  logging.LoggingHandler (AbstractInternalLogger.java:log(148)) - [id: 0xb76aa82d, L:/0.0.0.0:15443] UNREGISTERED
2024-04-29 10:06:54,711 [ForkJoinPool.commonPool-worker-4] INFO  utils.DatanodeStoreCache (DatanodeStoreCache.java:shutdownCache(116)) - Skip clearing cache in mini cluster mode. Entries left: [/home/runner/work/ozone/ozone/hadoop-ozone/integration-test/target/test-dir/MiniOzoneClusterImpl-2cdd5cd5-9c4c-463f-a193-9ffbc37dc237/ozone-meta/datanode-1/data-0/hdds/2cdd5cd5-9c4c-463f-a193-9ffbc37dc237/DS-6519c744-7775-4c40-8ce9-038f1193935f/container.db, /home/runner/work/ozone/ozone/hadoop-ozone/integration-test/target/test-dir/MiniOzoneClusterImpl-2cdd5cd5-9c4c-463f-a193-9ffbc37dc237/ozone-meta/datanode-2/data-0/hdds/2cdd5cd5-9c4c-463f-a193-9ffbc37dc237/DS-c0aeb411-4cd4-4f00-9492-494c1f8d49c4/container.db, /home/runner/work/ozone/ozone/hadoop-ozone/integration-test/target/test-dir/MiniOzoneClusterImpl-2cdd5cd5-9c4c-463f-a193-9ffbc37dc237/ozone-meta/datanode-3/data-0/hdds/2cdd5cd5-9c4c-463f-a193-9ffbc37dc237/DS-c761f43b-e569-4ec0-8c94-ad8d81c38b41/container.db, /home/runner/work/ozone/ozone/hadoop-ozone/integration-test/target/test-dir/MiniOzoneClusterImpl-2cdd5cd5-9c4c-463f-a193-9ffbc37dc237/ozone-meta/datanode-6/data-0/hdds/2cdd5cd5-9c4c-463f-a193-9ffbc37dc237/DS-04762224-3861-488d-80ab-37361c060ec5/container.db, /home/runner/work/ozone/ozone/hadoop-ozone/integration-test/target/test-dir/MiniOzoneClusterImpl-2cdd5cd5-9c4c-463f-a193-9ffbc37dc237/ozone-meta/datanode-7/data-0/hdds/2cdd5cd5-9c4c-463f-a193-9ffbc37dc237/DS-c1fd3a77-35f2-45e2-87c2-5cbbbffd7b20/container.db, /home/runner/work/ozone/ozone/hadoop-ozone/integration-test/target/test-dir/MiniOzoneClusterImpl-2cdd5cd5-9c4c-463f-a193-9ffbc37dc237/ozone-meta/datanode-9/data-0/hdds/2cdd5cd5-9c4c-463f-a193-9ffbc37dc237/DS-fb3aacb6-1dba-4b84-be76-0ba145da025a/container.db]
2024-04-29 10:06:54,712 [ForkJoinPool.commonPool-worker-4] INFO  utils.DatanodeStoreCache (DatanodeStoreCache.java:removeDB(110)) - Removed db /home/runner/work/ozone/ozone/hadoop-ozone/integration-test/target/test-dir/MiniOzoneClusterImpl-2cdd5cd5-9c4c-463f-a193-9ffbc37dc237/ozone-meta/datanode-2/data-0/hdds/2cdd5cd5-9c4c-463f-a193-9ffbc37dc237/DS-c0aeb411-4cd4-4f00-9492-494c1f8d49c4/container.db from cache
2024-04-29 10:06:54,712 [ForkJoinPool.commonPool-worker-4] INFO  volume.HddsVolume (HddsVolume.java:closeDbStore(470)) - SchemaV3 db is stopped at /home/runner/work/ozone/ozone/hadoop-ozone/integration-test/target/test-dir/MiniOzoneClusterImpl-2cdd5cd5-9c4c-463f-a193-9ffbc37dc237/ozone-meta/datanode-2/data-0/hdds/2cdd5cd5-9c4c-463f-a193-9ffbc37dc237/DS-c0aeb411-4cd4-4f00-9492-494c1f8d49c4/container.db for volume DS-c0aeb411-4cd4-4f00-9492-494c1f8d49c4
2024-04-29 10:06:54,712 [ForkJoinPool.commonPool-worker-4] INFO  utils.BackgroundService (BackgroundService.java:shutdown(160)) - Shutting down service BlockDeletingService
2024-04-29 10:06:54,712 [ForkJoinPool.commonPool-worker-4] INFO  utils.BackgroundService (BackgroundService.java:shutdown(160)) - Shutting down service StaleRecoveringContainerScrubbingService
2024-04-29 10:06:54,712 [ForkJoinPool.commonPool-worker-4] INFO  statemachine.DatanodeStateMachine (DatanodeStateMachine.java:stopDaemon(638)) - Ozone container server stopped.
2024-04-29 10:06:54,712 [ForkJoinPool.commonPool-worker-4] INFO  handler.ContextHandler (ContextHandler.java:doStop(1159)) - Stopped o.e.j.w.WebAppContext@63d9cd59{hddsDatanode,/,null,STOPPED}{file:/home/runner/work/ozone/ozone/hadoop-hdds/container-service/target/classes/webapps/hddsDatanode}
2024-04-29 10:06:54,713 [ForkJoinPool.commonPool-worker-4] INFO  server.AbstractConnector (AbstractConnector.java:doStop(383)) - Stopped ServerConnector@6014a1f5{HTTP/1.1, (http/1.1)}{0.0.0.0:15374}
2024-04-29 10:06:54,713 [ForkJoinPool.commonPool-worker-4] INFO  server.session (HouseKeeper.java:stopScavenging(149)) - node0 Stopped scavenging
2024-04-29 10:06:54,713 [ForkJoinPool.commonPool-worker-4] INFO  handler.ContextHandler (ContextHandler.java:doStop(1159)) - Stopped o.e.j.s.ServletContextHandler@5275b8c2{static,/static,file:///home/runner/work/ozone/ozone/hadoop-hdds/container-service/target/classes/webapps/static,STOPPED}
2024-04-29 10:06:54,713 [ForkJoinPool.commonPool-worker-4] INFO  handler.ContextHandler (ContextHandler.java:doStop(1159)) - Stopped o.e.j.s.ServletContextHandler@2c892155{logs,/logs,file:///home/runner/work/ozone/ozone/hadoop-ozone/integration-test/target/log,STOPPED}
2024-04-29 10:06:54,714 [ForkJoinPool.commonPool-worker-4] INFO  ozone.HddsDatanodeClientProtocolServer (HddsDatanodeClientProtocolServer.java:stop(83)) - Stopping the RPC server for Client Protocol
2024-04-29 10:06:54,714 [ForkJoinPool.commonPool-worker-4] INFO  ipc.Server (Server.java:stop(3523)) - Stopping server on 15375
2024-04-29 10:06:54,714 [IPC Server Responder] INFO  ipc.Server (Server.java:run(1567)) - Stopping IPC Server Responder
2024-04-29 10:06:54,714 [IPC Server listener on 15375] INFO  ipc.Server (Server.java:run(1434)) - Stopping IPC Server listener on 15375
2024-04-29 10:06:54,717 [ForkJoinPool.commonPool-worker-4] INFO  ozoneimpl.OzoneContainer (OzoneContainer.java:stop(481)) - Attempting to stop container services.
2024-04-29 10:06:54,718 [ContainerMetadataScanner] WARN  ozoneimpl.AbstractBackgroundContainerScanner (AbstractBackgroundContainerScanner.java:handleRemainingSleep(134)) - Background container scan was interrupted.
2024-04-29 10:06:54,718 [ContainerMetadataScanner] INFO  ozoneimpl.AbstractBackgroundContainerScanner (AbstractBackgroundContainerScanner.java:run(61)) - Thread[ContainerMetadataScanner,5,main] exiting.
2024-04-29 10:06:54,718 [ForkJoinPool.commonPool-worker-4] INFO  ozoneimpl.BackgroundContainerDataScanner (BackgroundContainerDataScanner.java:shutdown(141)) - ContainerDataScanner(/home/runner/work/ozone/ozone/hadoop-ozone/integration-test/target/test-dir/MiniOzoneClusterImpl-2cdd5cd5-9c4c-463f-a193-9ffbc37dc237/ozone-meta/datanode-1/data-0/hdds) is shutting down. 
2024-04-29 10:06:54,718 [ContainerDataScanner(/home/runner/work/ozone/ozone/hadoop-ozone/integration-test/target/test-dir/MiniOzoneClusterImpl-2cdd5cd5-9c4c-463f-a193-9ffbc37dc237/ozone-meta/datanode-1/data-0/hdds)] WARN  ozoneimpl.AbstractBackgroundContainerScanner (AbstractBackgroundContainerScanner.java:handleRemainingSleep(134)) - Background container scan was interrupted.
2024-04-29 10:06:54,718 [ContainerDataScanner(/home/runner/work/ozone/ozone/hadoop-ozone/integration-test/target/test-dir/MiniOzoneClusterImpl-2cdd5cd5-9c4c-463f-a193-9ffbc37dc237/ozone-meta/datanode-1/data-0/hdds)] INFO  ozoneimpl.AbstractBackgroundContainerScanner (AbstractBackgroundContainerScanner.java:run(61)) - ContainerDataScanner(/home/runner/work/ozone/ozone/hadoop-ozone/integration-test/target/test-dir/MiniOzoneClusterImpl-2cdd5cd5-9c4c-463f-a193-9ffbc37dc237/ozone-meta/datanode-1/data-0/hdds, DS-6519c744-7775-4c40-8ce9-038f1193935f) exiting.
2024-04-29 10:06:54,718 [ForkJoinPool.commonPool-worker-4] INFO  server.RaftServer (RaftServerProxy.java:lambda$close$9(416)) - 375cf2e4-ad97-40d4-80c3-6a50f82e6a65: close
2024-04-29 10:06:54,718 [375cf2e4-ad97-40d4-80c3-6a50f82e6a65-impl-thread1] INFO  server.RaftServer$Division (RaftServerImpl.java:lambda$close$3(526)) - 375cf2e4-ad97-40d4-80c3-6a50f82e6a65@group-FD0516444208: shutdown
2024-04-29 10:06:54,718 [375cf2e4-ad97-40d4-80c3-6a50f82e6a65-impl-thread1] INFO  util.JmxRegister (JmxRegister.java:unregister(73)) - Successfully un-registered JMX Bean with object name Ratis:service=RaftServer,group=group-FD0516444208,id=375cf2e4-ad97-40d4-80c3-6a50f82e6a65
2024-04-29 10:06:54,718 [375cf2e4-ad97-40d4-80c3-6a50f82e6a65-impl-thread1] INFO  impl.RoleInfo (RoleInfo.java:shutdownLeaderState(94)) - 375cf2e4-ad97-40d4-80c3-6a50f82e6a65: shutdown 375cf2e4-ad97-40d4-80c3-6a50f82e6a65@group-FD0516444208-LeaderStateImpl
2024-04-29 10:06:54,719 [375cf2e4-ad97-40d4-80c3-6a50f82e6a65-impl-thread1] INFO  impl.PendingRequests (PendingRequests.java:sendNotLeaderResponses(289)) - 375cf2e4-ad97-40d4-80c3-6a50f82e6a65@group-FD0516444208-PendingRequests: sendNotLeaderResponses
2024-04-29 10:06:54,719 [ForkJoinPool.commonPool-worker-4] INFO  server.GrpcService (GrpcService.java:closeImpl(311)) - 375cf2e4-ad97-40d4-80c3-6a50f82e6a65: shutdown server org.apache.ratis.grpc.server.GrpcClientProtocolService now
2024-04-29 10:06:54,719 [375cf2e4-ad97-40d4-80c3-6a50f82e6a65-impl-thread1] INFO  impl.StateMachineUpdater (StateMachineUpdater.java:stopAndJoin(157)) - 375cf2e4-ad97-40d4-80c3-6a50f82e6a65@group-FD0516444208-StateMachineUpdater: set stopIndex = 0
2024-04-29 10:06:54,719 [Thread-6192] INFO  server.GrpcServerProtocolClient (GrpcServerProtocolClient.java:close(103)) - a7d28670-f9d1-457c-83f3-4caf0bab89df Close channels
2024-04-29 10:06:54,719 [375cf2e4-ad97-40d4-80c3-6a50f82e6a65@group-FD0516444208-StateMachineUpdater] INFO  ratis.ContainerStateMachine (ContainerStateMachine.java:takeSnapshot(355)) - group-FD0516444208: Taking a snapshot at:(t:1, i:0) file /home/runner/work/ozone/ozone/hadoop-ozone/integration-test/target/test-dir/MiniOzoneClusterImpl-2cdd5cd5-9c4c-463f-a193-9ffbc37dc237/ozone-meta/datanode-1/ratis/55d3d81b-35d3-4073-9585-fd0516444208/sm/snapshot.1_0
2024-04-29 10:06:54,719 [Thread-6193] INFO  server.GrpcServerProtocolClient (GrpcServerProtocolClient.java:close(103)) - 22afc6ef-83d9-42e2-a783-8bf224581d75 Close channels
2024-04-29 10:06:54,720 [375cf2e4-ad97-40d4-80c3-6a50f82e6a65-impl-thread2] INFO  server.RaftServer$Division (RaftServerImpl.java:lambda$close$3(526)) - 375cf2e4-ad97-40d4-80c3-6a50f82e6a65@group-3B3F94B40EC3: shutdown
2024-04-29 10:06:54,720 [375cf2e4-ad97-40d4-80c3-6a50f82e6a65-impl-thread2] INFO  util.JmxRegister (JmxRegister.java:unregister(73)) - Successfully un-registered JMX Bean with object name Ratis:service=RaftServer,group=group-3B3F94B40EC3,id=375cf2e4-ad97-40d4-80c3-6a50f82e6a65
2024-04-29 10:06:54,720 [375cf2e4-ad97-40d4-80c3-6a50f82e6a65-impl-thread2] INFO  impl.RoleInfo (RoleInfo.java:shutdownLeaderState(94)) - 375cf2e4-ad97-40d4-80c3-6a50f82e6a65: shutdown 375cf2e4-ad97-40d4-80c3-6a50f82e6a65@group-3B3F94B40EC3-LeaderStateImpl
2024-04-29 10:06:54,720 [375cf2e4-ad97-40d4-80c3-6a50f82e6a65@group-3B3F94B40EC3->a7d28670-f9d1-457c-83f3-4caf0bab89df-GrpcLogAppender-LogAppenderDaemon] WARN  server.GrpcLogAppender (GrpcLogAppender.java:mayWait(289)) - 375cf2e4-ad97-40d4-80c3-6a50f82e6a65@group-3B3F94B40EC3->a7d28670-f9d1-457c-83f3-4caf0bab89df-GrpcLogAppender: Wait interrupted by java.lang.InterruptedException
2024-04-29 10:06:54,720 [375cf2e4-ad97-40d4-80c3-6a50f82e6a65@group-FD0516444208-StateMachineUpdater] INFO  ratis.ContainerStateMachine (ContainerStateMachine.java:takeSnapshot(366)) - group-FD0516444208: Finished taking a snapshot at:(t:1, i:0) file:/home/runner/work/ozone/ozone/hadoop-ozone/integration-test/target/test-dir/MiniOzoneClusterImpl-2cdd5cd5-9c4c-463f-a193-9ffbc37dc237/ozone-meta/datanode-1/ratis/55d3d81b-35d3-4073-9585-fd0516444208/sm/snapshot.1_0 took: 0 ms
2024-04-29 10:06:54,720 [375cf2e4-ad97-40d4-80c3-6a50f82e6a65@group-FD0516444208-StateMachineUpdater] INFO  impl.StateMachineUpdater (StateMachineUpdater.java:takeSnapshot(295)) - 375cf2e4-ad97-40d4-80c3-6a50f82e6a65@group-FD0516444208-StateMachineUpdater: Took a snapshot at index 0
2024-04-29 10:06:54,720 [375cf2e4-ad97-40d4-80c3-6a50f82e6a65-impl-thread2] INFO  impl.PendingRequests (PendingRequests.java:sendNotLeaderResponses(289)) - 375cf2e4-ad97-40d4-80c3-6a50f82e6a65@group-3B3F94B40EC3-PendingRequests: sendNotLeaderResponses
2024-04-29 10:06:54,720 [375cf2e4-ad97-40d4-80c3-6a50f82e6a65@group-3B3F94B40EC3->22afc6ef-83d9-42e2-a783-8bf224581d75-GrpcLogAppender-LogAppenderDaemon] WARN  server.GrpcLogAppender (GrpcLogAppender.java:mayWait(289)) - 375cf2e4-ad97-40d4-80c3-6a50f82e6a65@group-3B3F94B40EC3->22afc6ef-83d9-42e2-a783-8bf224581d75-GrpcLogAppender: Wait interrupted by java.lang.InterruptedException
2024-04-29 10:06:54,720 [ForkJoinPool.commonPool-worker-4] INFO  server.GrpcService (GrpcService.java:closeImpl(320)) - 375cf2e4-ad97-40d4-80c3-6a50f82e6a65: shutdown server org.apache.ratis.grpc.server.GrpcClientProtocolService successfully
2024-04-29 10:06:54,721 [ForkJoinPool.commonPool-worker-4] INFO  server.GrpcService (GrpcService.java:closeImpl(311)) - 375cf2e4-ad97-40d4-80c3-6a50f82e6a65: shutdown server GrpcServerProtocolService now
2024-04-29 10:06:54,720 [375cf2e4-ad97-40d4-80c3-6a50f82e6a65@group-FD0516444208-StateMachineUpdater] INFO  impl.StateMachineUpdater (StateMachineUpdater.java:lambda$new$0(98)) - 375cf2e4-ad97-40d4-80c3-6a50f82e6a65@group-FD0516444208-StateMachineUpdater: snapshotIndex: updateIncreasingly -1 -> 0
2024-04-29 10:06:54,721 [375cf2e4-ad97-40d4-80c3-6a50f82e6a65-impl-thread1] INFO  server.RaftServer$Division (ServerState.java:close(427)) - 375cf2e4-ad97-40d4-80c3-6a50f82e6a65@group-FD0516444208: applyIndex: 0
2024-04-29 10:06:54,721 [375cf2e4-ad97-40d4-80c3-6a50f82e6a65@group-FD0516444208-cacheEviction-AwaitToRun] INFO  util.AwaitToRun (AwaitToRun.java:run(49)) - 375cf2e4-ad97-40d4-80c3-6a50f82e6a65@group-FD0516444208-cacheEviction-AwaitToRun-AwaitForSignal is interrupted
2024-04-29 10:06:54,721 [ForkJoinPool.commonPool-worker-4] INFO  server.GrpcService (GrpcService.java:closeImpl(320)) - 375cf2e4-ad97-40d4-80c3-6a50f82e6a65: shutdown server GrpcServerProtocolService successfully
2024-04-29 10:06:54,721 [375cf2e4-ad97-40d4-80c3-6a50f82e6a65-impl-thread2] INFO  impl.StateMachineUpdater (StateMachineUpdater.java:stopAndJoin(157)) - 375cf2e4-ad97-40d4-80c3-6a50f82e6a65@group-3B3F94B40EC3-StateMachineUpdater: set stopIndex = 0
2024-04-29 10:06:54,721 [ForkJoinPool.commonPool-worker-4] INFO  server.GrpcService (GrpcService.java:closeImpl(311)) - 375cf2e4-ad97-40d4-80c3-6a50f82e6a65: shutdown server org.apache.ratis.grpc.server.GrpcAdminProtocolService now
2024-04-29 10:06:54,721 [375cf2e4-ad97-40d4-80c3-6a50f82e6a65@group-3B3F94B40EC3-StateMachineUpdater] INFO  ratis.ContainerStateMachine (ContainerStateMachine.java:takeSnapshot(355)) - group-3B3F94B40EC3: Taking a snapshot at:(t:1, i:0) file /home/runner/work/ozone/ozone/hadoop-ozone/integration-test/target/test-dir/MiniOzoneClusterImpl-2cdd5cd5-9c4c-463f-a193-9ffbc37dc237/ozone-meta/datanode-1/ratis/232cd721-934f-49df-8d20-3b3f94b40ec3/sm/snapshot.1_0
2024-04-29 10:06:54,722 [ForkJoinPool.commonPool-worker-4] INFO  server.GrpcService (GrpcService.java:closeImpl(320)) - 375cf2e4-ad97-40d4-80c3-6a50f82e6a65: shutdown server org.apache.ratis.grpc.server.GrpcAdminProtocolService successfully
2024-04-29 10:06:54,722 [375cf2e4-ad97-40d4-80c3-6a50f82e6a65@group-3B3F94B40EC3-StateMachineUpdater] INFO  ratis.ContainerStateMachine (ContainerStateMachine.java:takeSnapshot(366)) - group-3B3F94B40EC3: Finished taking a snapshot at:(t:1, i:0) file:/home/runner/work/ozone/ozone/hadoop-ozone/integration-test/target/test-dir/MiniOzoneClusterImpl-2cdd5cd5-9c4c-463f-a193-9ffbc37dc237/ozone-meta/datanode-1/ratis/232cd721-934f-49df-8d20-3b3f94b40ec3/sm/snapshot.1_0 took: 0 ms
2024-04-29 10:06:54,722 [375cf2e4-ad97-40d4-80c3-6a50f82e6a65@group-3B3F94B40EC3-StateMachineUpdater] INFO  impl.StateMachineUpdater (StateMachineUpdater.java:takeSnapshot(295)) - 375cf2e4-ad97-40d4-80c3-6a50f82e6a65@group-3B3F94B40EC3-StateMachineUpdater: Took a snapshot at index 0
2024-04-29 10:06:54,722 [375cf2e4-ad97-40d4-80c3-6a50f82e6a65@group-3B3F94B40EC3-StateMachineUpdater] INFO  impl.StateMachineUpdater (StateMachineUpdater.java:lambda$new$0(98)) - 375cf2e4-ad97-40d4-80c3-6a50f82e6a65@group-3B3F94B40EC3-StateMachineUpdater: snapshotIndex: updateIncreasingly -1 -> 0
2024-04-29 10:06:54,722 [375cf2e4-ad97-40d4-80c3-6a50f82e6a65-impl-thread2] INFO  server.RaftServer$Division (ServerState.java:close(427)) - 375cf2e4-ad97-40d4-80c3-6a50f82e6a65@group-3B3F94B40EC3: applyIndex: 0
2024-04-29 10:06:54,723 [375cf2e4-ad97-40d4-80c3-6a50f82e6a65@group-3B3F94B40EC3-cacheEviction-AwaitToRun] INFO  util.AwaitToRun (AwaitToRun.java:run(49)) - 375cf2e4-ad97-40d4-80c3-6a50f82e6a65@group-3B3F94B40EC3-cacheEviction-AwaitToRun-AwaitForSignal is interrupted
2024-04-29 10:06:54,725 [375cf2e4-ad97-40d4-80c3-6a50f82e6a65-NettyServerStreamRpc-bossGroup--thread1] INFO  logging.LoggingHandler (AbstractInternalLogger.java:log(148)) - [id: 0xf4ecd65a, L:/0.0.0.0:15371] CLOSE
2024-04-29 10:06:54,725 [375cf2e4-ad97-40d4-80c3-6a50f82e6a65-NettyServerStreamRpc-bossGroup--thread1] INFO  logging.LoggingHandler (AbstractInternalLogger.java:log(148)) - [id: 0xf4ecd65a, L:/0.0.0.0:15371] INACTIVE
2024-04-29 10:06:54,725 [375cf2e4-ad97-40d4-80c3-6a50f82e6a65-NettyServerStreamRpc-bossGroup--thread1] INFO  logging.LoggingHandler (AbstractInternalLogger.java:log(148)) - [id: 0xf4ecd65a, L:/0.0.0.0:15371] UNREGISTERED
2024-04-29 10:06:54,749 [ForkJoinPool.commonPool-worker-1] INFO  utils.DatanodeStoreCache (DatanodeStoreCache.java:shutdownCache(116)) - Skip clearing cache in mini cluster mode. Entries left: [/home/runner/work/ozone/ozone/hadoop-ozone/integration-test/target/test-dir/MiniOzoneClusterImpl-2cdd5cd5-9c4c-463f-a193-9ffbc37dc237/ozone-meta/datanode-1/data-0/hdds/2cdd5cd5-9c4c-463f-a193-9ffbc37dc237/DS-6519c744-7775-4c40-8ce9-038f1193935f/container.db, /home/runner/work/ozone/ozone/hadoop-ozone/integration-test/target/test-dir/MiniOzoneClusterImpl-2cdd5cd5-9c4c-463f-a193-9ffbc37dc237/ozone-meta/datanode-3/data-0/hdds/2cdd5cd5-9c4c-463f-a193-9ffbc37dc237/DS-c761f43b-e569-4ec0-8c94-ad8d81c38b41/container.db, /home/runner/work/ozone/ozone/hadoop-ozone/integration-test/target/test-dir/MiniOzoneClusterImpl-2cdd5cd5-9c4c-463f-a193-9ffbc37dc237/ozone-meta/datanode-6/data-0/hdds/2cdd5cd5-9c4c-463f-a193-9ffbc37dc237/DS-04762224-3861-488d-80ab-37361c060ec5/container.db, /home/runner/work/ozone/ozone/hadoop-ozone/integration-test/target/test-dir/MiniOzoneClusterImpl-2cdd5cd5-9c4c-463f-a193-9ffbc37dc237/ozone-meta/datanode-7/data-0/hdds/2cdd5cd5-9c4c-463f-a193-9ffbc37dc237/DS-c1fd3a77-35f2-45e2-87c2-5cbbbffd7b20/container.db, /home/runner/work/ozone/ozone/hadoop-ozone/integration-test/target/test-dir/MiniOzoneClusterImpl-2cdd5cd5-9c4c-463f-a193-9ffbc37dc237/ozone-meta/datanode-9/data-0/hdds/2cdd5cd5-9c4c-463f-a193-9ffbc37dc237/DS-fb3aacb6-1dba-4b84-be76-0ba145da025a/container.db]
2024-04-29 10:06:54,750 [ForkJoinPool.commonPool-worker-1] INFO  utils.DatanodeStoreCache (DatanodeStoreCache.java:removeDB(110)) - Removed db /home/runner/work/ozone/ozone/hadoop-ozone/integration-test/target/test-dir/MiniOzoneClusterImpl-2cdd5cd5-9c4c-463f-a193-9ffbc37dc237/ozone-meta/datanode-3/data-0/hdds/2cdd5cd5-9c4c-463f-a193-9ffbc37dc237/DS-c761f43b-e569-4ec0-8c94-ad8d81c38b41/container.db from cache
2024-04-29 10:06:54,750 [ForkJoinPool.commonPool-worker-1] INFO  volume.HddsVolume (HddsVolume.java:closeDbStore(470)) - SchemaV3 db is stopped at /home/runner/work/ozone/ozone/hadoop-ozone/integration-test/target/test-dir/MiniOzoneClusterImpl-2cdd5cd5-9c4c-463f-a193-9ffbc37dc237/ozone-meta/datanode-3/data-0/hdds/2cdd5cd5-9c4c-463f-a193-9ffbc37dc237/DS-c761f43b-e569-4ec0-8c94-ad8d81c38b41/container.db for volume DS-c761f43b-e569-4ec0-8c94-ad8d81c38b41
2024-04-29 10:06:54,750 [ForkJoinPool.commonPool-worker-1] INFO  utils.BackgroundService (BackgroundService.java:shutdown(160)) - Shutting down service BlockDeletingService
2024-04-29 10:06:54,750 [ForkJoinPool.commonPool-worker-1] INFO  utils.BackgroundService (BackgroundService.java:shutdown(160)) - Shutting down service StaleRecoveringContainerScrubbingService
2024-04-29 10:06:54,751 [ForkJoinPool.commonPool-worker-1] INFO  statemachine.DatanodeStateMachine (DatanodeStateMachine.java:stopDaemon(638)) - Ozone container server stopped.
2024-04-29 10:06:54,751 [ForkJoinPool.commonPool-worker-1] INFO  handler.ContextHandler (ContextHandler.java:doStop(1159)) - Stopped o.e.j.w.WebAppContext@6cfa1cb2{hddsDatanode,/,null,STOPPED}{file:/home/runner/work/ozone/ozone/hadoop-hdds/container-service/target/classes/webapps/hddsDatanode}
2024-04-29 10:06:54,751 [ForkJoinPool.commonPool-worker-1] INFO  server.AbstractConnector (AbstractConnector.java:doStop(383)) - Stopped ServerConnector@299c20bd{HTTP/1.1, (http/1.1)}{0.0.0.0:15383}
2024-04-29 10:06:54,751 [ForkJoinPool.commonPool-worker-1] INFO  server.session (HouseKeeper.java:stopScavenging(149)) - node0 Stopped scavenging
2024-04-29 10:06:54,751 [ForkJoinPool.commonPool-worker-1] INFO  handler.ContextHandler (ContextHandler.java:doStop(1159)) - Stopped o.e.j.s.ServletContextHandler@4bc796dc{static,/static,file:///home/runner/work/ozone/ozone/hadoop-hdds/container-service/target/classes/webapps/static,STOPPED}
2024-04-29 10:06:54,751 [ForkJoinPool.commonPool-worker-1] INFO  handler.ContextHandler (ContextHandler.java:doStop(1159)) - Stopped o.e.j.s.ServletContextHandler@428ea503{logs,/logs,file:///home/runner/work/ozone/ozone/hadoop-ozone/integration-test/target/log,STOPPED}
2024-04-29 10:06:54,752 [ForkJoinPool.commonPool-worker-1] INFO  ozone.HddsDatanodeClientProtocolServer (HddsDatanodeClientProtocolServer.java:stop(83)) - Stopping the RPC server for Client Protocol
2024-04-29 10:06:54,752 [ForkJoinPool.commonPool-worker-1] INFO  ipc.Server (Server.java:stop(3523)) - Stopping server on 15384
2024-04-29 10:06:54,752 [IPC Server Responder] INFO  ipc.Server (Server.java:run(1567)) - Stopping IPC Server Responder
2024-04-29 10:06:54,752 [IPC Server listener on 15384] INFO  ipc.Server (Server.java:run(1434)) - Stopping IPC Server listener on 15384
2024-04-29 10:06:54,888 [main] INFO  utils.DatanodeStoreCache (DatanodeStoreCache.java:shutdownCache(116)) - Skip clearing cache in mini cluster mode. Entries left: [/home/runner/work/ozone/ozone/hadoop-ozone/integration-test/target/test-dir/MiniOzoneClusterImpl-2cdd5cd5-9c4c-463f-a193-9ffbc37dc237/ozone-meta/datanode-1/data-0/hdds/2cdd5cd5-9c4c-463f-a193-9ffbc37dc237/DS-6519c744-7775-4c40-8ce9-038f1193935f/container.db, /home/runner/work/ozone/ozone/hadoop-ozone/integration-test/target/test-dir/MiniOzoneClusterImpl-2cdd5cd5-9c4c-463f-a193-9ffbc37dc237/ozone-meta/datanode-6/data-0/hdds/2cdd5cd5-9c4c-463f-a193-9ffbc37dc237/DS-04762224-3861-488d-80ab-37361c060ec5/container.db, /home/runner/work/ozone/ozone/hadoop-ozone/integration-test/target/test-dir/MiniOzoneClusterImpl-2cdd5cd5-9c4c-463f-a193-9ffbc37dc237/ozone-meta/datanode-7/data-0/hdds/2cdd5cd5-9c4c-463f-a193-9ffbc37dc237/DS-c1fd3a77-35f2-45e2-87c2-5cbbbffd7b20/container.db, /home/runner/work/ozone/ozone/hadoop-ozone/integration-test/target/test-dir/MiniOzoneClusterImpl-2cdd5cd5-9c4c-463f-a193-9ffbc37dc237/ozone-meta/datanode-9/data-0/hdds/2cdd5cd5-9c4c-463f-a193-9ffbc37dc237/DS-fb3aacb6-1dba-4b84-be76-0ba145da025a/container.db]
2024-04-29 10:06:54,888 [main] INFO  utils.DatanodeStoreCache (DatanodeStoreCache.java:removeDB(110)) - Removed db /home/runner/work/ozone/ozone/hadoop-ozone/integration-test/target/test-dir/MiniOzoneClusterImpl-2cdd5cd5-9c4c-463f-a193-9ffbc37dc237/ozone-meta/datanode-6/data-0/hdds/2cdd5cd5-9c4c-463f-a193-9ffbc37dc237/DS-04762224-3861-488d-80ab-37361c060ec5/container.db from cache
2024-04-29 10:06:54,888 [main] INFO  volume.HddsVolume (HddsVolume.java:closeDbStore(470)) - SchemaV3 db is stopped at /home/runner/work/ozone/ozone/hadoop-ozone/integration-test/target/test-dir/MiniOzoneClusterImpl-2cdd5cd5-9c4c-463f-a193-9ffbc37dc237/ozone-meta/datanode-6/data-0/hdds/2cdd5cd5-9c4c-463f-a193-9ffbc37dc237/DS-04762224-3861-488d-80ab-37361c060ec5/container.db for volume DS-04762224-3861-488d-80ab-37361c060ec5
2024-04-29 10:06:54,889 [main] INFO  utils.BackgroundService (BackgroundService.java:shutdown(160)) - Shutting down service BlockDeletingService
2024-04-29 10:06:54,889 [main] INFO  utils.BackgroundService (BackgroundService.java:shutdown(160)) - Shutting down service StaleRecoveringContainerScrubbingService
2024-04-29 10:06:54,889 [main] INFO  statemachine.DatanodeStateMachine (DatanodeStateMachine.java:stopDaemon(638)) - Ozone container server stopped.
2024-04-29 10:06:54,889 [main] INFO  handler.ContextHandler (ContextHandler.java:doStop(1159)) - Stopped o.e.j.w.WebAppContext@61fab063{hddsDatanode,/,null,STOPPED}{file:/home/runner/work/ozone/ozone/hadoop-hdds/container-service/target/classes/webapps/hddsDatanode}
2024-04-29 10:06:54,890 [main] INFO  server.AbstractConnector (AbstractConnector.java:doStop(383)) - Stopped ServerConnector@733e1e36{HTTP/1.1, (http/1.1)}{0.0.0.0:15410}
2024-04-29 10:06:54,890 [main] INFO  server.session (HouseKeeper.java:stopScavenging(149)) - node0 Stopped scavenging
2024-04-29 10:06:54,890 [main] INFO  handler.ContextHandler (ContextHandler.java:doStop(1159)) - Stopped o.e.j.s.ServletContextHandler@114a18d6{static,/static,file:///home/runner/work/ozone/ozone/hadoop-hdds/container-service/target/classes/webapps/static,STOPPED}
2024-04-29 10:06:54,890 [main] INFO  handler.ContextHandler (ContextHandler.java:doStop(1159)) - Stopped o.e.j.s.ServletContextHandler@809f75c{logs,/logs,file:///home/runner/work/ozone/ozone/hadoop-ozone/integration-test/target/log,STOPPED}
2024-04-29 10:06:54,891 [main] INFO  ozone.HddsDatanodeClientProtocolServer (HddsDatanodeClientProtocolServer.java:stop(83)) - Stopping the RPC server for Client Protocol
2024-04-29 10:06:54,891 [main] INFO  ipc.Server (Server.java:stop(3523)) - Stopping server on 15411
2024-04-29 10:06:54,891 [IPC Server Responder] INFO  ipc.Server (Server.java:run(1567)) - Stopping IPC Server Responder
2024-04-29 10:06:54,891 [IPC Server listener on 15411] INFO  ipc.Server (Server.java:run(1434)) - Stopping IPC Server listener on 15411
2024-04-29 10:06:54,974 [ForkJoinPool.commonPool-worker-3] INFO  utils.DatanodeStoreCache (DatanodeStoreCache.java:shutdownCache(116)) - Skip clearing cache in mini cluster mode. Entries left: [/home/runner/work/ozone/ozone/hadoop-ozone/integration-test/target/test-dir/MiniOzoneClusterImpl-2cdd5cd5-9c4c-463f-a193-9ffbc37dc237/ozone-meta/datanode-1/data-0/hdds/2cdd5cd5-9c4c-463f-a193-9ffbc37dc237/DS-6519c744-7775-4c40-8ce9-038f1193935f/container.db, /home/runner/work/ozone/ozone/hadoop-ozone/integration-test/target/test-dir/MiniOzoneClusterImpl-2cdd5cd5-9c4c-463f-a193-9ffbc37dc237/ozone-meta/datanode-7/data-0/hdds/2cdd5cd5-9c4c-463f-a193-9ffbc37dc237/DS-c1fd3a77-35f2-45e2-87c2-5cbbbffd7b20/container.db, /home/runner/work/ozone/ozone/hadoop-ozone/integration-test/target/test-dir/MiniOzoneClusterImpl-2cdd5cd5-9c4c-463f-a193-9ffbc37dc237/ozone-meta/datanode-9/data-0/hdds/2cdd5cd5-9c4c-463f-a193-9ffbc37dc237/DS-fb3aacb6-1dba-4b84-be76-0ba145da025a/container.db]
2024-04-29 10:06:54,974 [ForkJoinPool.commonPool-worker-3] INFO  utils.DatanodeStoreCache (DatanodeStoreCache.java:removeDB(110)) - Removed db /home/runner/work/ozone/ozone/hadoop-ozone/integration-test/target/test-dir/MiniOzoneClusterImpl-2cdd5cd5-9c4c-463f-a193-9ffbc37dc237/ozone-meta/datanode-7/data-0/hdds/2cdd5cd5-9c4c-463f-a193-9ffbc37dc237/DS-c1fd3a77-35f2-45e2-87c2-5cbbbffd7b20/container.db from cache
2024-04-29 10:06:54,974 [ForkJoinPool.commonPool-worker-3] INFO  volume.HddsVolume (HddsVolume.java:closeDbStore(470)) - SchemaV3 db is stopped at /home/runner/work/ozone/ozone/hadoop-ozone/integration-test/target/test-dir/MiniOzoneClusterImpl-2cdd5cd5-9c4c-463f-a193-9ffbc37dc237/ozone-meta/datanode-7/data-0/hdds/2cdd5cd5-9c4c-463f-a193-9ffbc37dc237/DS-c1fd3a77-35f2-45e2-87c2-5cbbbffd7b20/container.db for volume DS-c1fd3a77-35f2-45e2-87c2-5cbbbffd7b20
2024-04-29 10:06:54,975 [ForkJoinPool.commonPool-worker-3] INFO  utils.BackgroundService (BackgroundService.java:shutdown(160)) - Shutting down service BlockDeletingService
2024-04-29 10:06:54,975 [ForkJoinPool.commonPool-worker-3] INFO  utils.BackgroundService (BackgroundService.java:shutdown(160)) - Shutting down service StaleRecoveringContainerScrubbingService
2024-04-29 10:06:54,975 [ForkJoinPool.commonPool-worker-3] INFO  statemachine.DatanodeStateMachine (DatanodeStateMachine.java:stopDaemon(638)) - Ozone container server stopped.
2024-04-29 10:06:54,976 [ForkJoinPool.commonPool-worker-3] INFO  handler.ContextHandler (ContextHandler.java:doStop(1159)) - Stopped o.e.j.w.WebAppContext@683cd50d{hddsDatanode,/,null,STOPPED}{file:/home/runner/work/ozone/ozone/hadoop-hdds/container-service/target/classes/webapps/hddsDatanode}
2024-04-29 10:06:54,976 [ForkJoinPool.commonPool-worker-3] INFO  server.AbstractConnector (AbstractConnector.java:doStop(383)) - Stopped ServerConnector@20a0eb1d{HTTP/1.1, (http/1.1)}{0.0.0.0:15419}
2024-04-29 10:06:54,976 [ForkJoinPool.commonPool-worker-3] INFO  server.session (HouseKeeper.java:stopScavenging(149)) - node0 Stopped scavenging
2024-04-29 10:06:54,976 [ForkJoinPool.commonPool-worker-3] INFO  handler.ContextHandler (ContextHandler.java:doStop(1159)) - Stopped o.e.j.s.ServletContextHandler@47a532d9{static,/static,file:///home/runner/work/ozone/ozone/hadoop-hdds/container-service/target/classes/webapps/static,STOPPED}
2024-04-29 10:06:54,976 [ForkJoinPool.commonPool-worker-3] INFO  handler.ContextHandler (ContextHandler.java:doStop(1159)) - Stopped o.e.j.s.ServletContextHandler@2c8e3d8a{logs,/logs,file:///home/runner/work/ozone/ozone/hadoop-ozone/integration-test/target/log,STOPPED}
2024-04-29 10:06:54,976 [ForkJoinPool.commonPool-worker-3] INFO  ozone.HddsDatanodeClientProtocolServer (HddsDatanodeClientProtocolServer.java:stop(83)) - Stopping the RPC server for Client Protocol
2024-04-29 10:06:54,977 [ForkJoinPool.commonPool-worker-3] INFO  ipc.Server (Server.java:stop(3523)) - Stopping server on 15420
2024-04-29 10:06:54,977 [IPC Server listener on 15420] INFO  ipc.Server (Server.java:run(1434)) - Stopping IPC Server listener on 15420
2024-04-29 10:06:54,977 [IPC Server Responder] INFO  ipc.Server (Server.java:run(1567)) - Stopping IPC Server Responder
2024-04-29 10:06:55,068 [e630d950-2d07-45d9-8bac-ccae2e608fbd-impl-thread2] INFO  segmented.SegmentedRaftLogWorker (SegmentedRaftLogWorker.java:close(245)) - e630d950-2d07-45d9-8bac-ccae2e608fbd@group-5F1D51DC6C06-SegmentedRaftLogWorker close()
2024-04-29 10:06:55,109 [e630d950-2d07-45d9-8bac-ccae2e608fbd-impl-thread1] INFO  segmented.SegmentedRaftLogWorker (SegmentedRaftLogWorker.java:close(245)) - e630d950-2d07-45d9-8bac-ccae2e608fbd@group-CFF810345DFF-SegmentedRaftLogWorker close()
2024-04-29 10:06:55,109 [JvmPauseMonitor54] INFO  util.JvmPauseMonitor (JvmPauseMonitor.java:run(152)) - JvmPauseMonitor-e630d950-2d07-45d9-8bac-ccae2e608fbd: Stopped
2024-04-29 10:06:55,624 [375cf2e4-ad97-40d4-80c3-6a50f82e6a65-impl-thread2] INFO  segmented.SegmentedRaftLogWorker (SegmentedRaftLogWorker.java:close(245)) - 375cf2e4-ad97-40d4-80c3-6a50f82e6a65@group-3B3F94B40EC3-SegmentedRaftLogWorker close()
2024-04-29 10:06:55,643 [375cf2e4-ad97-40d4-80c3-6a50f82e6a65-impl-thread1] INFO  segmented.SegmentedRaftLogWorker (SegmentedRaftLogWorker.java:close(245)) - 375cf2e4-ad97-40d4-80c3-6a50f82e6a65@group-FD0516444208-SegmentedRaftLogWorker close()
2024-04-29 10:06:55,643 [JvmPauseMonitor46] INFO  util.JvmPauseMonitor (JvmPauseMonitor.java:run(152)) - JvmPauseMonitor-375cf2e4-ad97-40d4-80c3-6a50f82e6a65: Stopped
2024-04-29 10:06:57,038 [timer7] WARN  server.GrpcLogAppender (LogUtils.java:warn(121)) - 375cf2e4-ad97-40d4-80c3-6a50f82e6a65@group-3B3F94B40EC3->a7d28670-f9d1-457c-83f3-4caf0bab89df-AppendLogResponseHandler: Failed appendEntries (Repeated 6 times in the last 5.000s): org.apache.ratis.thirdparty.io.grpc.StatusRuntimeException: UNAVAILABLE: io exception
2024-04-29 10:06:57,039 [timer0] WARN  server.GrpcLogAppender (GrpcLogAppender.java:lambda$resetClient$1(217)) - 375cf2e4-ad97-40d4-80c3-6a50f82e6a65@group-3B3F94B40EC3->a7d28670-f9d1-457c-83f3-4caf0bab89df-GrpcLogAppender: Follower failed (request=null, errorCount=6); keep nextIndex (1) unchanged and retry. (Repeated 6 times in the last 5.001s)
2024-04-29 10:06:57,040 [timer2] WARN  server.GrpcLogAppender (GrpcLogAppender.java:lambda$resetClient$1(217)) - e630d950-2d07-45d9-8bac-ccae2e608fbd@group-5F1D51DC6C06->e953ff49-4527-49f7-9f97-ccf5cafd9f48-GrpcLogAppender: Follower failed (request=null, errorCount=4); keep nextIndex (1) unchanged and retry. (Repeated 4 times in the last 5.001s)
2024-04-29 10:06:57,041 [timer1] WARN  server.GrpcLogAppender (LogUtils.java:warn(121)) - e630d950-2d07-45d9-8bac-ccae2e608fbd@group-5F1D51DC6C06->e953ff49-4527-49f7-9f97-ccf5cafd9f48-AppendLogResponseHandler: Failed appendEntries (Repeated 4 times in the last 5.001s): org.apache.ratis.thirdparty.io.grpc.StatusRuntimeException: UNAVAILABLE: io exception
2024-04-29 10:06:57,043 [timer4] WARN  server.GrpcLogAppender (GrpcLogAppender.java:lambda$resetClient$1(217)) - 375cf2e4-ad97-40d4-80c3-6a50f82e6a65@group-3B3F94B40EC3->22afc6ef-83d9-42e2-a783-8bf224581d75-GrpcLogAppender: Follower failed (request=null, errorCount=6); keep nextIndex (1) unchanged and retry. (Repeated 6 times in the last 4.999s)
2024-04-29 10:06:57,043 [timer3] WARN  server.GrpcLogAppender (LogUtils.java:warn(121)) - 375cf2e4-ad97-40d4-80c3-6a50f82e6a65@group-3B3F94B40EC3->22afc6ef-83d9-42e2-a783-8bf224581d75-AppendLogResponseHandler: Failed appendEntries (Repeated 6 times in the last 5.002s): org.apache.ratis.thirdparty.io.grpc.StatusRuntimeException: UNAVAILABLE: io exception
2024-04-29 10:06:57,046 [timer5] WARN  server.GrpcLogAppender (LogUtils.java:warn(121)) - e630d950-2d07-45d9-8bac-ccae2e608fbd@group-5F1D51DC6C06->05b2082f-ed41-4af0-9481-4223771265a3-AppendLogResponseHandler: Failed appendEntries (Repeated 4 times in the last 5.000s): org.apache.ratis.thirdparty.io.grpc.StatusRuntimeException: UNAVAILABLE: io exception
2024-04-29 10:06:57,046 [timer6] WARN  server.GrpcLogAppender (GrpcLogAppender.java:lambda$resetClient$1(217)) - e630d950-2d07-45d9-8bac-ccae2e608fbd@group-5F1D51DC6C06->05b2082f-ed41-4af0-9481-4223771265a3-GrpcLogAppender: Follower failed (request=null, errorCount=4); keep nextIndex (1) unchanged and retry. (Repeated 4 times in the last 5.000s)
2024-04-29 10:06:57,111 [ForkJoinPool.commonPool-worker-2] INFO  utils.DatanodeStoreCache (DatanodeStoreCache.java:shutdownCache(116)) - Skip clearing cache in mini cluster mode. Entries left: [/home/runner/work/ozone/ozone/hadoop-ozone/integration-test/target/test-dir/MiniOzoneClusterImpl-2cdd5cd5-9c4c-463f-a193-9ffbc37dc237/ozone-meta/datanode-1/data-0/hdds/2cdd5cd5-9c4c-463f-a193-9ffbc37dc237/DS-6519c744-7775-4c40-8ce9-038f1193935f/container.db, /home/runner/work/ozone/ozone/hadoop-ozone/integration-test/target/test-dir/MiniOzoneClusterImpl-2cdd5cd5-9c4c-463f-a193-9ffbc37dc237/ozone-meta/datanode-9/data-0/hdds/2cdd5cd5-9c4c-463f-a193-9ffbc37dc237/DS-fb3aacb6-1dba-4b84-be76-0ba145da025a/container.db]
2024-04-29 10:06:57,112 [ForkJoinPool.commonPool-worker-2] INFO  utils.DatanodeStoreCache (DatanodeStoreCache.java:removeDB(110)) - Removed db /home/runner/work/ozone/ozone/hadoop-ozone/integration-test/target/test-dir/MiniOzoneClusterImpl-2cdd5cd5-9c4c-463f-a193-9ffbc37dc237/ozone-meta/datanode-9/data-0/hdds/2cdd5cd5-9c4c-463f-a193-9ffbc37dc237/DS-fb3aacb6-1dba-4b84-be76-0ba145da025a/container.db from cache
2024-04-29 10:06:57,112 [ForkJoinPool.commonPool-worker-2] INFO  volume.HddsVolume (HddsVolume.java:closeDbStore(470)) - SchemaV3 db is stopped at /home/runner/work/ozone/ozone/hadoop-ozone/integration-test/target/test-dir/MiniOzoneClusterImpl-2cdd5cd5-9c4c-463f-a193-9ffbc37dc237/ozone-meta/datanode-9/data-0/hdds/2cdd5cd5-9c4c-463f-a193-9ffbc37dc237/DS-fb3aacb6-1dba-4b84-be76-0ba145da025a/container.db for volume DS-fb3aacb6-1dba-4b84-be76-0ba145da025a
2024-04-29 10:06:57,112 [ForkJoinPool.commonPool-worker-2] INFO  utils.BackgroundService (BackgroundService.java:shutdown(160)) - Shutting down service BlockDeletingService
2024-04-29 10:06:57,112 [ForkJoinPool.commonPool-worker-2] INFO  utils.BackgroundService (BackgroundService.java:shutdown(160)) - Shutting down service StaleRecoveringContainerScrubbingService
2024-04-29 10:06:57,112 [ForkJoinPool.commonPool-worker-2] INFO  statemachine.DatanodeStateMachine (DatanodeStateMachine.java:stopDaemon(638)) - Ozone container server stopped.
2024-04-29 10:06:57,113 [ForkJoinPool.commonPool-worker-2] INFO  handler.ContextHandler (ContextHandler.java:doStop(1159)) - Stopped o.e.j.w.WebAppContext@60a781{hddsDatanode,/,null,STOPPED}{file:/home/runner/work/ozone/ozone/hadoop-hdds/container-service/target/classes/webapps/hddsDatanode}
2024-04-29 10:06:57,113 [ForkJoinPool.commonPool-worker-2] INFO  server.AbstractConnector (AbstractConnector.java:doStop(383)) - Stopped ServerConnector@7787a602{HTTP/1.1, (http/1.1)}{0.0.0.0:15437}
2024-04-29 10:06:57,113 [ForkJoinPool.commonPool-worker-2] INFO  server.session (HouseKeeper.java:stopScavenging(149)) - node0 Stopped scavenging
2024-04-29 10:06:57,113 [ForkJoinPool.commonPool-worker-2] INFO  handler.ContextHandler (ContextHandler.java:doStop(1159)) - Stopped o.e.j.s.ServletContextHandler@5af87c49{static,/static,file:///home/runner/work/ozone/ozone/hadoop-hdds/container-service/target/classes/webapps/static,STOPPED}
2024-04-29 10:06:57,113 [ForkJoinPool.commonPool-worker-2] INFO  handler.ContextHandler (ContextHandler.java:doStop(1159)) - Stopped o.e.j.s.ServletContextHandler@768f12db{logs,/logs,file:///home/runner/work/ozone/ozone/hadoop-ozone/integration-test/target/log,STOPPED}
2024-04-29 10:06:57,114 [ForkJoinPool.commonPool-worker-2] INFO  ozone.HddsDatanodeClientProtocolServer (HddsDatanodeClientProtocolServer.java:stop(83)) - Stopping the RPC server for Client Protocol
2024-04-29 10:06:57,114 [ForkJoinPool.commonPool-worker-2] INFO  ipc.Server (Server.java:stop(3523)) - Stopping server on 15438
2024-04-29 10:06:57,114 [IPC Server listener on 15438] INFO  ipc.Server (Server.java:run(1434)) - Stopping IPC Server listener on 15438
2024-04-29 10:06:57,114 [IPC Server Responder] INFO  ipc.Server (Server.java:run(1567)) - Stopping IPC Server Responder
2024-04-29 10:06:57,645 [ForkJoinPool.commonPool-worker-4] INFO  utils.DatanodeStoreCache (DatanodeStoreCache.java:shutdownCache(116)) - Skip clearing cache in mini cluster mode. Entries left: [/home/runner/work/ozone/ozone/hadoop-ozone/integration-test/target/test-dir/MiniOzoneClusterImpl-2cdd5cd5-9c4c-463f-a193-9ffbc37dc237/ozone-meta/datanode-1/data-0/hdds/2cdd5cd5-9c4c-463f-a193-9ffbc37dc237/DS-6519c744-7775-4c40-8ce9-038f1193935f/container.db]
2024-04-29 10:06:57,646 [ForkJoinPool.commonPool-worker-4] INFO  utils.DatanodeStoreCache (DatanodeStoreCache.java:removeDB(110)) - Removed db /home/runner/work/ozone/ozone/hadoop-ozone/integration-test/target/test-dir/MiniOzoneClusterImpl-2cdd5cd5-9c4c-463f-a193-9ffbc37dc237/ozone-meta/datanode-1/data-0/hdds/2cdd5cd5-9c4c-463f-a193-9ffbc37dc237/DS-6519c744-7775-4c40-8ce9-038f1193935f/container.db from cache
2024-04-29 10:06:57,646 [ForkJoinPool.commonPool-worker-4] INFO  volume.HddsVolume (HddsVolume.java:closeDbStore(470)) - SchemaV3 db is stopped at /home/runner/work/ozone/ozone/hadoop-ozone/integration-test/target/test-dir/MiniOzoneClusterImpl-2cdd5cd5-9c4c-463f-a193-9ffbc37dc237/ozone-meta/datanode-1/data-0/hdds/2cdd5cd5-9c4c-463f-a193-9ffbc37dc237/DS-6519c744-7775-4c40-8ce9-038f1193935f/container.db for volume DS-6519c744-7775-4c40-8ce9-038f1193935f
2024-04-29 10:06:57,646 [ForkJoinPool.commonPool-worker-4] INFO  utils.BackgroundService (BackgroundService.java:shutdown(160)) - Shutting down service BlockDeletingService
2024-04-29 10:06:57,646 [ForkJoinPool.commonPool-worker-4] INFO  utils.BackgroundService (BackgroundService.java:shutdown(160)) - Shutting down service StaleRecoveringContainerScrubbingService
2024-04-29 10:06:57,647 [ForkJoinPool.commonPool-worker-4] INFO  statemachine.DatanodeStateMachine (DatanodeStateMachine.java:stopDaemon(638)) - Ozone container server stopped.
2024-04-29 10:06:57,647 [ForkJoinPool.commonPool-worker-4] INFO  handler.ContextHandler (ContextHandler.java:doStop(1159)) - Stopped o.e.j.w.WebAppContext@39eb97b4{hddsDatanode,/,null,STOPPED}{file:/home/runner/work/ozone/ozone/hadoop-hdds/container-service/target/classes/webapps/hddsDatanode}
2024-04-29 10:06:57,647 [ForkJoinPool.commonPool-worker-4] INFO  server.AbstractConnector (AbstractConnector.java:doStop(383)) - Stopped ServerConnector@3239f4c1{HTTP/1.1, (http/1.1)}{0.0.0.0:15365}
2024-04-29 10:06:57,647 [ForkJoinPool.commonPool-worker-4] INFO  server.session (HouseKeeper.java:stopScavenging(149)) - node0 Stopped scavenging
2024-04-29 10:06:57,647 [ForkJoinPool.commonPool-worker-4] INFO  handler.ContextHandler (ContextHandler.java:doStop(1159)) - Stopped o.e.j.s.ServletContextHandler@4dee8b9a{static,/static,file:///home/runner/work/ozone/ozone/hadoop-hdds/container-service/target/classes/webapps/static,STOPPED}
2024-04-29 10:06:57,648 [ForkJoinPool.commonPool-worker-4] INFO  handler.ContextHandler (ContextHandler.java:doStop(1159)) - Stopped o.e.j.s.ServletContextHandler@454e8cba{logs,/logs,file:///home/runner/work/ozone/ozone/hadoop-ozone/integration-test/target/log,STOPPED}
2024-04-29 10:06:57,648 [ForkJoinPool.commonPool-worker-4] INFO  ozone.HddsDatanodeClientProtocolServer (HddsDatanodeClientProtocolServer.java:stop(83)) - Stopping the RPC server for Client Protocol
2024-04-29 10:06:57,648 [ForkJoinPool.commonPool-worker-4] INFO  ipc.Server (Server.java:stop(3523)) - Stopping server on 15366
2024-04-29 10:06:57,648 [IPC Server listener on 15366] INFO  ipc.Server (Server.java:run(1434)) - Stopping IPC Server listener on 15366
2024-04-29 10:06:57,648 [IPC Server Responder] INFO  ipc.Server (Server.java:run(1567)) - Stopping IPC Server Responder
2024-04-29 10:06:57,649 [main] INFO  ozone.MiniOzoneClusterImpl (MiniOzoneClusterImpl.java:stopSCM(486)) - Stopping the StorageContainerManager
2024-04-29 10:06:57,649 [main] INFO  server.StorageContainerManager (StorageContainerManager.java:stop(1653)) - Container Balancer is not running.
2024-04-29 10:06:57,649 [main] INFO  server.StorageContainerManager (StorageContainerManager.java:stopReplicationManager(1786)) - Stopping Replication Manager Service.
2024-04-29 10:06:57,649 [main] INFO  replication.ReplicationManager (ReplicationManager.java:stop(329)) - Stopping Replication Monitor Thread.
2024-04-29 10:06:57,649 [main] INFO  server.StorageContainerManager (StorageContainerManager.java:stop(1662)) - Stopping the Datanode Admin Monitor.
2024-04-29 10:06:57,649 [ReplicationMonitor] INFO  replication.ReplicationManager (ReplicationManager.java:run(936)) - Replication Monitor Thread is stopped
2024-04-29 10:06:57,649 [UnderReplicatedProcessor] WARN  replication.UnhealthyReplicationProcessor (UnhealthyReplicationProcessor.java:run(180)) - UnderReplicatedProcessor interrupted. Exiting...
2024-04-29 10:06:57,649 [main] INFO  server.StorageContainerManager (StorageContainerManager.java:stop(1669)) - Stopping datanode service RPC server
2024-04-29 10:06:57,650 [main] INFO  server.SCMDatanodeProtocolServer (SCMDatanodeProtocolServer.java:stop(425)) - Stopping the RPC server for DataNodes
2024-04-29 10:06:57,650 [main] INFO  ipc.Server (Server.java:stop(3523)) - Stopping server on 15358
2024-04-29 10:06:57,650 [OverReplicatedProcessor] WARN  replication.UnhealthyReplicationProcessor (UnhealthyReplicationProcessor.java:run(180)) - OverReplicatedProcessor interrupted. Exiting...
2024-04-29 10:06:57,652 [IPC Server listener on 15358] INFO  ipc.Server (Server.java:run(1434)) - Stopping IPC Server listener on 15358
2024-04-29 10:06:57,652 [IPC Server Responder] INFO  ipc.Server (Server.java:run(1567)) - Stopping IPC Server Responder
2024-04-29 10:06:57,719 [SCMHeartbeatProcessor-0] WARN  node.NodeStateManager (NodeStateManager.java:scheduleNextHealthCheck(878)) - Current Thread is interrupted, shutting down HB processing thread for Node Manager.
2024-04-29 10:06:57,719 [main] INFO  server.StorageContainerManager (StorageContainerManager.java:stop(1677)) - Stopping block service RPC server
2024-04-29 10:06:57,719 [main] INFO  server.SCMBlockProtocolServer (SCMBlockProtocolServer.java:stop(171)) - Stopping the RPC server for Block Protocol
2024-04-29 10:06:57,719 [main] INFO  ipc.Server (Server.java:stop(3523)) - Stopping server on 15357
2024-04-29 10:06:57,720 [IPC Server listener on 15357] INFO  ipc.Server (Server.java:run(1434)) - Stopping IPC Server listener on 15357
2024-04-29 10:06:57,720 [IPC Server Responder] INFO  ipc.Server (Server.java:run(1567)) - Stopping IPC Server Responder
2024-04-29 10:06:57,720 [main] INFO  server.StorageContainerManager (StorageContainerManager.java:stop(1684)) - Stopping the StorageContainerLocationProtocol RPC server
2024-04-29 10:06:57,720 [main] INFO  server.SCMClientProtocolServer (SCMClientProtocolServer.java:stop(213)) - Stopping the RPC server for Client Protocol
2024-04-29 10:06:57,720 [main] INFO  ipc.Server (Server.java:stop(3523)) - Stopping server on 15356
2024-04-29 10:06:57,722 [IPC Server listener on 15356] INFO  ipc.Server (Server.java:run(1434)) - Stopping IPC Server listener on 15356
2024-04-29 10:06:57,722 [IPC Server Responder] INFO  ipc.Server (Server.java:run(1567)) - Stopping IPC Server Responder
2024-04-29 10:06:57,722 [main] INFO  server.StorageContainerManager (StorageContainerManager.java:stop(1691)) - Stopping Storage Container Manager HTTP server.
2024-04-29 10:06:57,723 [main] INFO  handler.ContextHandler (ContextHandler.java:doStop(1159)) - Stopped o.e.j.w.WebAppContext@32f17e62{scm,/,null,STOPPED}{file:/home/runner/work/ozone/ozone/hadoop-ozone/integration-test/target/test-classes/webapps/scm}
2024-04-29 10:06:57,723 [main] INFO  server.AbstractConnector (AbstractConnector.java:doStop(383)) - Stopped ServerConnector@72154fa4{HTTP/1.1, (http/1.1)}{0.0.0.0:15359}
2024-04-29 10:06:57,723 [main] INFO  server.session (HouseKeeper.java:stopScavenging(149)) - node0 Stopped scavenging
2024-04-29 10:06:57,723 [main] INFO  handler.ContextHandler (ContextHandler.java:doStop(1159)) - Stopped o.e.j.s.ServletContextHandler@3b0d4f43{static,/static,file:///home/runner/work/ozone/ozone/hadoop-ozone/integration-test/target/test-classes/webapps/static,STOPPED}
2024-04-29 10:06:57,723 [main] INFO  handler.ContextHandler (ContextHandler.java:doStop(1159)) - Stopped o.e.j.s.ServletContextHandler@6d8e8a06{logs,/logs,file:///home/runner/work/ozone/ozone/hadoop-ozone/integration-test/target/log,STOPPED}
2024-04-29 10:06:57,725 [main] INFO  server.StorageContainerManager (StorageContainerManager.java:stop(1699)) - Stopping SCM LayoutVersionManager Service.
2024-04-29 10:06:57,725 [main] INFO  server.StorageContainerManager (StorageContainerManager.java:stop(1711)) - Stopping Block Manager Service.
2024-04-29 10:06:57,726 [main] INFO  utils.BackgroundService (BackgroundService.java:shutdown(160)) - Shutting down service SCMBlockDeletingService
2024-04-29 10:06:57,726 [main] INFO  utils.BackgroundService (BackgroundService.java:shutdown(160)) - Shutting down service SCMBlockDeletingService
2024-04-29 10:06:57,726 [main] INFO  server.StorageContainerManager (StorageContainerManager.java:stop(1731)) - Stopping SCM Event Queue.
2024-04-29 10:06:57,727 [JvmPauseMonitor44] INFO  util.JvmPauseMonitor (JvmPauseMonitor.java:run(152)) - JvmPauseMonitor-29a8fcf5-ee7f-4518-bfb7-9a8bb6dba7e9: Stopped
2024-04-29 10:06:57,728 [main] INFO  server.StorageContainerManager (StorageContainerManager.java:stop(1742)) - Stopping SCM HA services.
2024-04-29 10:06:57,728 [main] INFO  pipeline.BackgroundPipelineCreator (BackgroundPipelineCreator.java:stop(152)) - Stopping RatisPipelineUtilsThread.
2024-04-29 10:06:57,728 [RatisPipelineUtilsThread-0] WARN  pipeline.BackgroundPipelineCreator (BackgroundPipelineCreator.java:run(183)) - RatisPipelineUtilsThread is interrupted.
2024-04-29 10:06:57,728 [main] INFO  BackgroundPipelineScrubber (BackgroundSCMService.java:stop(128)) - Stopping BackgroundPipelineScrubber Service.
2024-04-29 10:06:57,728 [BackgroundPipelineScrubber] WARN  BackgroundPipelineScrubber (BackgroundSCMService.java:run(112)) - BackgroundPipelineScrubber is interrupted, exit
2024-04-29 10:06:57,729 [main] INFO  impl.MetricsSystemImpl (MetricsSystemImpl.java:stop(210)) - Stopping HddsDatanode metrics system...
2024-04-29 10:06:57,732 [prometheus] INFO  impl.MetricsSinkAdapter (MetricsSinkAdapter.java:publishMetricsFromQueue(141)) - prometheus thread interrupted.
2024-04-29 10:06:57,732 [main] INFO  impl.MetricsSystemImpl (MetricsSystemImpl.java:stop(216)) - HddsDatanode metrics system stopped.
2024-04-29 10:06:57,733 [main] WARN  pipeline.BackgroundPipelineCreator (BackgroundPipelineCreator.java:stop(148)) - RatisPipelineUtilsThread is not running, just ignore.
2024-04-29 10:06:57,733 [main] INFO  BackgroundPipelineScrubber (BackgroundSCMService.java:stop(123)) - BackgroundPipelineScrubber Service is not running, skip stop.
2024-04-29 10:06:57,733 [main] INFO  ExpiredContainerReplicaOpScrubber (BackgroundSCMService.java:stop(128)) - Stopping ExpiredContainerReplicaOpScrubber Service.
2024-04-29 10:06:57,733 [ExpiredContainerReplicaOpScrubber] WARN  ExpiredContainerReplicaOpScrubber (BackgroundSCMService.java:run(112)) - ExpiredContainerReplicaOpScrubber is interrupted, exit
2024-04-29 10:06:57,733 [main] INFO  utils.BackgroundService (BackgroundService.java:shutdown(160)) - Shutting down service SCMBlockDeletingService
2024-04-29 10:06:57,733 [main] INFO  replication.ReplicationManager (ReplicationManager.java:stop(339)) - Replication Monitor Thread is not running.
2024-04-29 10:06:57,733 [main] WARN  balancer.ContainerBalancer (ContainerBalancer.java:stop(327)) - Cannot stop Container Balancer because it's not running or stopping
2024-04-29 10:06:57,734 [main] INFO  server.StorageContainerManager (StorageContainerManager.java:stop(1777)) - Stopping SCM MetadataStore.
]]></system-out>
    </flakyFailure>
    <flakyFailure type="java.lang.AssertionError">
      <stackTrace><![CDATA[java.lang.AssertionError: 

Expecting:
 <"org.apache.ratis.protocol.exceptions.RaftRetryFailureException: Failed RaftClientRequest:client-C2A63B57BB08->ff005283-6149-44cc-9e6b-88eb174549f2@group-CFFF5D2A65B7, cid=89, seq=null, Watch-MAJORITY_COMMITTED(38), null for 3 attempts with RequestTypeDependentRetryPolicy{WRITE->ExceptionDependentRetry(maxAttempts=2147483647; defaultPolicy=MultipleLinearRandomRetry[5x5s, 5x10s, 5x15s, 5x20s, 5x25s, 10x60s]; map={org.apache.ratis.protocol.exceptions.GroupMismatchException->NoRetry, org.apache.ratis.protocol.exceptions.NotReplicatedException->NoRetry, org.apache.ratis.protocol.exceptions.ResourceUnavailableException->org.apache.ratis.retry.ExponentialBackoffRetry@27de8f6f, org.apache.ratis.protocol.exceptions.StateMachineException->NoRetry, org.apache.ratis.protocol.exceptions.TimeoutIOException->org.apache.ratis.retry.ExponentialBackoffRetry@27de8f6f}), WATCH->ExceptionDependentRetry(maxAttempts=2147483647; defaultPolicy=MultipleLinearRandomRetry[5x5s, 5x10s, 5x15s, 5x20s, 5x25s, 10x60s]; map={org.apache.ratis.protocol.exceptions.GroupMismatchException->NoRetry, org.apache.ratis.protocol.exceptions.NotReplicatedException->NoRetry, org.apache.ratis.protocol.exceptions.ResourceUnavailableException->org.apache.ratis.retry.ExponentialBackoffRetry@27de8f6f, org.apache.ratis.protocol.exceptions.StateMachineException->NoRetry, org.apache.ratis.protocol.exceptions.TimeoutIOException->NoRetry})}">
not to contain:
 <"Watch-MAJORITY_COMMITTED">

	at org.apache.hadoop.ozone.client.rpc.TestWatchForCommit.testWatchForCommitForRetryfailure(TestWatchForCommit.java:295)
	at java.base/java.lang.reflect.Method.invoke(Method.java:568)
	at java.base/java.util.ArrayList.forEach(ArrayList.java:1511)
	at java.base/java.util.ArrayList.forEach(ArrayList.java:1511)
]]></stackTrace>
      <system-out><![CDATA[2024-04-29 10:06:57,807 [main] WARN  server.ServerUtils (ServerUtils.java:getScmDbDir(143)) - ozone.scm.db.dirs is not configured. We recommend adding this setting. Falling back to ozone.metadata.dirs instead.
2024-04-29 10:06:57,811 [main] WARN  server.ServerUtils (ServerUtils.java:getScmDbDir(143)) - ozone.scm.db.dirs is not configured. We recommend adding this setting. Falling back to ozone.metadata.dirs instead.
2024-04-29 10:06:57,811 [main] INFO  ha.SCMHANodeDetails (SCMHANodeDetails.java:loadSCMHAConfig(207)) - ServiceID for StorageContainerManager is null
2024-04-29 10:06:57,811 [main] INFO  ha.SCMHANodeDetails (SCMHANodeDetails.java:loadSCMHAConfig(212)) - ozone.scm.default.service.id is not defined, falling back to ozone.scm.service.ids to find serviceID for StorageContainerManager if it is HA enabled cluster
2024-04-29 10:06:57,812 [main] WARN  utils.HAUtils (HAUtils.java:getMetaDir(339)) - ozone.scm.db.dirs is not configured. We recommend adding this setting. Falling back to ozone.metadata.dirs instead.
2024-04-29 10:06:57,812 [main] WARN  db.DBStoreBuilder (DBStoreBuilder.java:applyDBDefinition(171)) - ozone.scm.db.dirs is not configured. We recommend adding this setting. Falling back to ozone.metadata.dirs instead.
2024-04-29 10:06:57,900 [main] INFO  net.NodeSchemaLoader (NodeSchemaLoader.java:loadSchemaFromFile(129)) - Loading schema from [file:/home/runner/work/ozone/ozone/hadoop-hdds/common/target/classes/network-topology-default.xml]
2024-04-29 10:06:57,900 [main] INFO  net.NodeSchemaLoader (NodeSchemaLoader.java:loadSchema(176)) - Loading network topology layer schema file
2024-04-29 10:06:57,902 [main] INFO  upgrade.AbstractLayoutVersionManager (AbstractLayoutVersionManager.java:init(83)) - Initializing Layout version manager with metadata layout = HADOOP_PRC_PORTS_IN_DATANODEDETAILS (version = 7), software layout = HADOOP_PRC_PORTS_IN_DATANODEDETAILS (version = 7)
2024-04-29 10:06:57,903 [main] INFO  ha.SequenceIdGenerator (SequenceIdGenerator.java:upgradeToSequenceId(370)) - upgrade localId to 113750153625600000
2024-04-29 10:06:57,904 [main] INFO  ha.SequenceIdGenerator (SequenceIdGenerator.java:upgradeToSequenceId(380)) - upgrade delTxnId to 0
2024-04-29 10:06:57,904 [main] INFO  ha.SequenceIdGenerator (SequenceIdGenerator.java:upgradeToSequenceId(397)) - upgrade containerId to 0
2024-04-29 10:06:57,905 [main] INFO  ha.SequenceIdGenerator (SequenceIdGenerator.java:upgradeToCertificateSequenceId(444)) - upgrade CertificateId to 2
2024-04-29 10:06:57,905 [main] INFO  ha.SequenceIdGenerator (SequenceIdGenerator.java:<init>(241)) - Init the HA SequenceIdGenerator.
2024-04-29 10:06:57,906 [main] INFO  node.SCMNodeManager (SCMNodeManager.java:<init>(177)) - Entering startup safe mode.
2024-04-29 10:06:57,906 [main] INFO  algorithms.ContainerPlacementPolicyFactory (ContainerPlacementPolicyFactory.java:getPolicyInternal(86)) - Create container placement policy of type org.apache.hadoop.hdds.scm.container.placement.algorithms.SCMContainerPlacementRackAware
2024-04-29 10:06:57,906 [main] INFO  algorithms.ContainerPlacementPolicyFactory (ContainerPlacementPolicyFactory.java:getPolicyInternal(86)) - Create container placement policy of type org.apache.hadoop.hdds.scm.container.placement.algorithms.SCMContainerPlacementRackScatter
2024-04-29 10:06:57,906 [main] INFO  pipeline.PipelineStateManagerImpl (PipelineStateManagerImpl.java:initialize(78)) - No pipeline exists in current db
2024-04-29 10:06:57,907 [main] INFO  algorithms.LeaderChoosePolicyFactory (LeaderChoosePolicyFactory.java:getPolicy(57)) - Create leader choose policy of type org.apache.hadoop.hdds.scm.pipeline.leader.choose.algorithms.MinLeaderCountChoosePolicy
2024-04-29 10:06:57,907 [main] INFO  algorithms.ContainerPlacementPolicyFactory (ContainerPlacementPolicyFactory.java:getPolicyInternal(86)) - Create container placement policy of type org.apache.hadoop.hdds.scm.container.placement.algorithms.SCMContainerPlacementRackScatter
2024-04-29 10:06:57,907 [main] INFO  ha.SCMServiceManager (SCMServiceManager.java:register(42)) - Registering service BackgroundPipelineCreator.
2024-04-29 10:06:57,907 [main] INFO  pipeline.BackgroundPipelineCreator (BackgroundPipelineCreator.java:start(127)) - Starting RatisPipelineUtilsThread.
2024-04-29 10:06:57,907 [main] INFO  BackgroundPipelineScrubber (BackgroundSCMService.java:start(65)) - Starting BackgroundPipelineScrubber Service.
2024-04-29 10:06:57,907 [main] INFO  ha.SCMServiceManager (SCMServiceManager.java:register(42)) - Registering service BackgroundPipelineScrubber.
2024-04-29 10:06:57,907 [main] INFO  ExpiredContainerReplicaOpScrubber (BackgroundSCMService.java:start(65)) - Starting ExpiredContainerReplicaOpScrubber Service.
2024-04-29 10:06:57,908 [main] INFO  ha.SCMServiceManager (SCMServiceManager.java:register(42)) - Registering service ExpiredContainerReplicaOpScrubber.
2024-04-29 10:06:57,908 [main] INFO  algorithms.PipelineChoosePolicyFactory (PipelineChoosePolicyFactory.java:createPipelineChoosePolicyFromClass(80)) - Create pipeline choose policy of type org.apache.hadoop.hdds.scm.pipeline.choose.algorithms.RandomPipelineChoosePolicy
2024-04-29 10:06:57,908 [main] INFO  algorithms.PipelineChoosePolicyFactory (PipelineChoosePolicyFactory.java:createPipelineChoosePolicyFromClass(80)) - Create pipeline choose policy of type org.apache.hadoop.hdds.scm.pipeline.choose.algorithms.RandomPipelineChoosePolicy
2024-04-29 10:06:57,909 [main] INFO  ha.SCMServiceManager (SCMServiceManager.java:register(42)) - Registering service SCMBlockDeletingService.
2024-04-29 10:06:57,909 [main] INFO  replication.ReplicationManager (ReplicationManager.java:start(296)) - Starting Replication Monitor Thread.
2024-04-29 10:06:57,909 [ReplicationMonitor] INFO  replication.ReplicationManager (ReplicationManager.java:processAll(372)) - Replication Manager is not ready to run until 3000ms after safemode exit
2024-04-29 10:06:57,909 [main] INFO  ha.SCMServiceManager (SCMServiceManager.java:register(42)) - Registering service ReplicationManager.
2024-04-29 10:06:57,910 [main] INFO  safemode.ContainerSafeModeRule (ContainerSafeModeRule.java:<init>(91)) - containers with one replica threshold count 0
2024-04-29 10:06:57,910 [main] INFO  safemode.HealthyPipelineSafeModeRule (HealthyPipelineSafeModeRule.java:initializeRule(176)) - Total pipeline count is 0, healthy pipeline threshold count is 1
2024-04-29 10:06:57,910 [main] INFO  safemode.OneReplicaPipelineSafeModeRule (OneReplicaPipelineSafeModeRule.java:initializeRule(193)) - Total pipeline count is 0, pipeline's with at least one datanode reported threshold count is 0
2024-04-29 10:06:57,910 [main] INFO  server.StorageContainerManager (StorageContainerManager.java:<init>(440)) - SCM start with adminUsers: [runner]
2024-04-29 10:06:57,911 [main] INFO  ipc.CallQueueManager (CallQueueManager.java:<init>(90)) - Using callQueue: class java.util.concurrent.LinkedBlockingQueue, queueCapacity: 10000, scheduler: class org.apache.hadoop.ipc.DefaultRpcScheduler, ipcBackoff: false.
2024-04-29 10:06:57,911 [main] INFO  ipc.Server (Server.java:<init>(1287)) - Listener at 0.0.0.0:15447
2024-04-29 10:06:57,911 [Socket Reader #1 for port 15447] INFO  ipc.Server (Server.java:run(1323)) - Starting Socket Reader #1 for port 15447
2024-04-29 10:06:57,914 [main] INFO  ipc.CallQueueManager (CallQueueManager.java:<init>(90)) - Using callQueue: class java.util.concurrent.LinkedBlockingQueue, queueCapacity: 10000, scheduler: class org.apache.hadoop.ipc.DefaultRpcScheduler, ipcBackoff: false.
2024-04-29 10:06:57,914 [main] INFO  ipc.Server (Server.java:<init>(1287)) - Listener at 0.0.0.0:15446
2024-04-29 10:06:57,914 [Socket Reader #1 for port 15446] INFO  ipc.Server (Server.java:run(1323)) - Starting Socket Reader #1 for port 15446
2024-04-29 10:06:57,915 [main] INFO  ipc.CallQueueManager (CallQueueManager.java:<init>(90)) - Using callQueue: class java.util.concurrent.LinkedBlockingQueue, queueCapacity: 10000, scheduler: class org.apache.hadoop.ipc.DefaultRpcScheduler, ipcBackoff: false.
2024-04-29 10:06:57,915 [main] INFO  ipc.Server (Server.java:<init>(1287)) - Listener at 0.0.0.0:15445
2024-04-29 10:06:57,917 [Socket Reader #1 for port 15445] INFO  ipc.Server (Server.java:run(1323)) - Starting Socket Reader #1 for port 15445
2024-04-29 10:06:57,923 [main] INFO  ha.SCMServiceManager (SCMServiceManager.java:register(42)) - Registering service ContainerBalancer.
2024-04-29 10:06:57,923 [main] INFO  ha.SCMContext (SCMContext.java:updateSafeModeStatus(225)) - Update SafeModeStatus from SafeModeStatus{safeModeStatus=true, preCheckPassed=false} to SafeModeStatus{safeModeStatus=true, preCheckPassed=false}.
2024-04-29 10:06:57,924 [main] INFO  server.StorageContainerManager (StorageContainerManager.java:start(1545)) - StorageContainerLocationProtocol RPC server is listening at /0.0.0.0:15445
2024-04-29 10:06:57,925 [main] WARN  impl.MetricsConfig (MetricsConfig.java:loadFirst(136)) - Cannot locate configuration: tried hadoop-metrics2-storagecontainermanager.properties,hadoop-metrics2.properties
2024-04-29 10:06:57,925 [main] INFO  impl.MetricsSystemImpl (MetricsSystemImpl.java:startTimer(378)) - Scheduled Metric snapshot period at 10 second(s).
2024-04-29 10:06:57,925 [main] INFO  impl.MetricsSystemImpl (MetricsSystemImpl.java:start(191)) - StorageContainerManager metrics system started
2024-04-29 10:06:57,937 [main] INFO  impl.MetricsSinkAdapter (MetricsSinkAdapter.java:start(204)) - Sink prometheus started
2024-04-29 10:06:57,937 [main] INFO  impl.MetricsSystemImpl (MetricsSystemImpl.java:registerSink(305)) - Registered sink prometheus
2024-04-29 10:06:57,946 [main] INFO  server.SCMClientProtocolServer (SCMClientProtocolServer.java:start(204)) - RPC server for Client  is listening at /0.0.0.0:15445
2024-04-29 10:06:57,947 [IPC Server Responder] INFO  ipc.Server (Server.java:run(1562)) - IPC Server Responder: starting
2024-04-29 10:06:57,947 [IPC Server listener on 15445] INFO  ipc.Server (Server.java:run(1402)) - IPC Server listener on 15445: starting
2024-04-29 10:06:57,955 [main] INFO  server.StorageContainerManager (StorageContainerManager.java:start(1558)) - ScmBlockLocationProtocol RPC server is listening at /0.0.0.0:15446
2024-04-29 10:06:57,955 [main] INFO  server.SCMBlockProtocolServer (SCMBlockProtocolServer.java:start(162)) - RPC server for Block Protocol is listening at /0.0.0.0:15446
2024-04-29 10:06:57,955 [IPC Server Responder] INFO  ipc.Server (Server.java:run(1562)) - IPC Server Responder: starting
2024-04-29 10:06:57,961 [IPC Server listener on 15446] INFO  ipc.Server (Server.java:run(1402)) - IPC Server listener on 15446: starting
2024-04-29 10:06:57,974 [main] INFO  server.SCMDatanodeProtocolServer (SCMDatanodeProtocolServer.java:start(194)) - ScmDatanodeProtocol RPC server for DataNodes is listening at /0.0.0.0:15447
2024-04-29 10:06:57,974 [IPC Server Responder] INFO  ipc.Server (Server.java:run(1562)) - IPC Server Responder: starting
2024-04-29 10:06:57,977 [IPC Server listener on 15447] INFO  ipc.Server (Server.java:run(1402)) - IPC Server listener on 15447: starting
2024-04-29 10:06:57,990 [JvmPauseMonitor55] INFO  util.JvmPauseMonitor (JvmPauseMonitor.java:run(146)) - JvmPauseMonitor-45783a4f-19e9-4ac7-b43d-ac3eb66d28f9: Started
2024-04-29 10:06:57,990 [main] INFO  http.BaseHttpServer (BaseHttpServer.java:newHttpServer2BuilderForOzone(223)) - Starting Web-server for scm at: http://0.0.0.0:15448
2024-04-29 10:06:57,990 [main] INFO  http.BaseHttpServer (BaseHttpServer.java:<init>(110)) - Hadoop Security Enabled: false Ozone Security Enabled: false Ozone HTTP Security Enabled: false 
2024-04-29 10:06:57,991 [main] WARN  server.AuthenticationFilter (AuthenticationFilter.java:constructSecretProvider(240)) - Unable to initialize FileSignerSecretProvider, falling back to use random secrets. Reason: Could not read signature secret file: /home/runner/hadoop-http-auth-signature-secret
2024-04-29 10:06:57,992 [main] INFO  http.HttpRequestLog (HttpRequestLog.java:getRequestLog(86)) - Http request log for http.requests.scm is not defined
2024-04-29 10:06:57,992 [main] INFO  http.HttpServer2 (HttpServer2.java:addGlobalFilter(1036)) - Added global filter 'safety' (class=org.apache.hadoop.hdds.server.http.HttpServer2$QuotingInputFilter)
2024-04-29 10:06:57,993 [main] INFO  http.HttpServer2 (HttpServer2.java:addFilter(1012)) - Added filter static_user_filter (class=org.apache.hadoop.http.lib.StaticUserWebFilter$StaticUserFilter) to context scm
2024-04-29 10:06:57,993 [main] INFO  http.HttpServer2 (HttpServer2.java:addFilter(1020)) - Added filter static_user_filter (class=org.apache.hadoop.http.lib.StaticUserWebFilter$StaticUserFilter) to context logs
2024-04-29 10:06:57,993 [main] INFO  http.HttpServer2 (HttpServer2.java:addFilter(1020)) - Added filter static_user_filter (class=org.apache.hadoop.http.lib.StaticUserWebFilter$StaticUserFilter) to context static
2024-04-29 10:06:57,993 [main] INFO  http.BaseHttpServer (BaseHttpServer.java:<init>(189)) - HTTP server of scm uses base directory /home/runner/work/ozone/ozone/hadoop-ozone/integration-test/target/test-dir/MiniOzoneClusterImpl-9e79b078-2218-4abd-b04c-a65fc7f927a6/ozone-meta/webserver
2024-04-29 10:06:57,993 [main] INFO  http.HttpServer2 (HttpServer2.java:bindListener(1236)) - Jetty bound to port 15448
2024-04-29 10:06:57,994 [main] INFO  server.Server (Server.java:doStart(375)) - jetty-9.4.54.v20240208; built: 2024-02-08T19:42:39.027Z; git: cef3fbd6d736a21e7d541a5db490381d95a2047d; jvm 17.0.10+7
2024-04-29 10:06:57,995 [main] INFO  server.session (DefaultSessionIdManager.java:doStart(334)) - DefaultSessionIdManager workerName=node0
2024-04-29 10:06:57,995 [main] INFO  server.session (DefaultSessionIdManager.java:doStart(339)) - No SessionScavenger set, using defaults
2024-04-29 10:06:57,995 [main] INFO  server.session (HouseKeeper.java:startScavenging(132)) - node0 Scavenging every 600000ms
2024-04-29 10:06:57,995 [main] INFO  handler.ContextHandler (ContextHandler.java:doStart(921)) - Started o.e.j.s.ServletContextHandler@33d1d1ef{logs,/logs,file:///home/runner/work/ozone/ozone/hadoop-ozone/integration-test/target/log,AVAILABLE}
2024-04-29 10:06:57,995 [main] INFO  handler.ContextHandler (ContextHandler.java:doStart(921)) - Started o.e.j.s.ServletContextHandler@2723b53c{static,/static,file:///home/runner/work/ozone/ozone/hadoop-ozone/integration-test/target/test-classes/webapps/static,AVAILABLE}
2024-04-29 10:06:57,998 [main] INFO  handler.ContextHandler (ContextHandler.java:doStart(921)) - Started o.e.j.w.WebAppContext@7ba5e21c{scm,/,file:///home/runner/work/ozone/ozone/hadoop-ozone/integration-test/target/test-classes/webapps/scm/,AVAILABLE}{file:/home/runner/work/ozone/ozone/hadoop-ozone/integration-test/target/test-classes/webapps/scm}
2024-04-29 10:06:57,998 [main] INFO  server.AbstractConnector (AbstractConnector.java:doStart(333)) - Started ServerConnector@1688ac20{HTTP/1.1, (http/1.1)}{0.0.0.0:15448}
2024-04-29 10:06:57,998 [main] INFO  server.Server (Server.java:doStart(415)) - Started @185371ms
2024-04-29 10:06:57,999 [main] WARN  impl.MetricsSystemImpl (MetricsSystemImpl.java:register(279)) - Sink prometheus already exists!
2024-04-29 10:06:57,999 [main] INFO  http.BaseHttpServer (BaseHttpServer.java:updateConnectorAddress(354)) - HTTP server of scm listening at http://0.0.0.0:15448
2024-04-29 10:06:57,999 [main] WARN  server.ServerUtils (ServerUtils.java:getDBPath(299)) - ozone.om.db.dirs is not configured. We recommend adding this setting. Falling back to ozone.metadata.dirs instead.
2024-04-29 10:06:58,001 [main] INFO  ha.OMHANodeDetails (OMHANodeDetails.java:loadOMHAConfig(115)) - ozone.om.internal.service.id is not defined, falling back to ozone.om.service.ids to find serviceID for OzoneManager if it is HA enabled cluster
2024-04-29 10:06:58,001 [main] INFO  ha.OMHANodeDetails (OMHANodeDetails.java:loadOMHAConfig(226)) - Configuration does not have ozone.om.address set. Falling back to the default OM address /127.0.0.1:15449
2024-04-29 10:06:58,001 [main] INFO  ha.OMHANodeDetails (OMHANodeDetails.java:getOMNodeDetailsForNonHA(254)) - OM Service ID is not set. Setting it to the default ID: omServiceIdDefault
2024-04-29 10:06:58,001 [main] INFO  ha.OMHANodeDetails (OMHANodeDetails.java:getOMNodeDetailsForNonHA(261)) - OM Node ID is not set. Setting it to the default ID: om1
2024-04-29 10:06:58,001 [main] WARN  server.ServerUtils (ServerUtils.java:getDBPath(299)) - ozone.om.db.dirs is not configured. We recommend adding this setting. Falling back to ozone.metadata.dirs instead.
2024-04-29 10:06:58,002 [main] INFO  upgrade.AbstractLayoutVersionManager (AbstractLayoutVersionManager.java:init(83)) - Initializing Layout version manager with metadata layout = QUOTA (version = 6), software layout = QUOTA (version = 6)
2024-04-29 10:06:58,026 [main] INFO  reflections.Reflections (Reflections.java:scan(219)) - Reflections took 23 ms to scan 2 urls, producing 188 keys and 545 values
2024-04-29 10:06:58,026 [main] INFO  upgrade.OMLayoutVersionManager (OMLayoutVersionManager.java:lambda$0(113)) - Skipping Upgrade Action QuotaRepairUpgradeAction since it has been finalized.
2024-04-29 10:06:58,026 [main] INFO  upgrade.OMLayoutVersionManager (OMLayoutVersionManager.java:lambda$0(113)) - Skipping Upgrade Action MockOmUpgradeAction since it has been finalized.
2024-04-29 10:06:58,027 [main] WARN  server.ServerUtils (ServerUtils.java:getDBPath(299)) - ozone.om.db.dirs is not configured. We recommend adding this setting. Falling back to ozone.metadata.dirs instead.
2024-04-29 10:06:58,027 [main] INFO  proxy.SCMBlockLocationFailoverProxyProvider (SCMBlockLocationFailoverProxyProvider.java:<init>(115)) - Created block location fail-over proxy with 1 nodes: [nodeId=scmNodeId,nodeAddress=/0.0.0.0:15446]
2024-04-29 10:06:58,028 [main] INFO  proxy.SCMBlockLocationFailoverProxyProvider (SCMBlockLocationFailoverProxyProvider.java:<init>(115)) - Created block location fail-over proxy with 1 nodes: [nodeId=scmNodeId,nodeAddress=/0.0.0.0:15446]
2024-04-29 10:06:58,030 [main] INFO  om.OzoneManager (OzoneManager.java:<init>(677)) - OM start with adminUsers: [runner]
2024-04-29 10:06:58,031 [main] WARN  server.ServerUtils (ServerUtils.java:getDBPath(299)) - ozone.om.db.dirs is not configured. We recommend adding this setting. Falling back to ozone.metadata.dirs instead.
2024-04-29 10:06:58,031 [main] INFO  helpers.OmKeyInfo (OmKeyInfo.java:getCodec(72)) - OmKeyInfo.getCodec ignorePipeline = true
2024-04-29 10:06:58,178 [main] INFO  om.OzoneManager (OzoneManager.java:instantiateServices(811)) - S3 Multi-Tenancy is disabled
2024-04-29 10:06:58,179 [main] INFO  om.OmSnapshotManager (OmSnapshotManager.java:<init>(179)) - Ozone filesystem snapshot feature is enabled.
2024-04-29 10:06:58,179 [main] WARN  server.ServerUtils (ServerUtils.java:getDBPath(299)) - ozone.om.snapshot.diff.db.dir is not configured. We recommend adding this setting. Falling back to ozone.metadata.dirs instead.
2024-04-29 10:06:58,196 [main] INFO  utils.NativeLibraryLoader (NativeLibraryLoader.java:loadLibrary(111)) - Loading Library: ozone_rocksdb_tools
2024-04-29 10:06:58,197 [main] ERROR snapshot.SnapshotDiffManager (SnapshotDiffManager.java:initNativeLibraryForEfficientDiff(287)) - Native Library for raw sst file reading loading failed.
org.apache.hadoop.hdds.utils.NativeLibraryNotLoadedException: Unable to load library ozone_rocksdb_tools from both java.library.path & resource file libozone_rocksdb_tools.so from jar.
	at org.apache.hadoop.hdds.utils.db.managed.ManagedRawSSTFileReader.loadLibrary(ManagedRawSSTFileReader.java:40)
	at org.apache.hadoop.ozone.om.snapshot.SnapshotDiffManager.initNativeLibraryForEfficientDiff(SnapshotDiffManager.java:285)
	at org.apache.hadoop.ozone.om.snapshot.SnapshotDiffManager.<init>(SnapshotDiffManager.java:259)
	at org.apache.hadoop.ozone.om.OmSnapshotManager.<init>(OmSnapshotManager.java:286)
	at org.apache.hadoop.ozone.om.OzoneManager.instantiateServices(OzoneManager.java:863)
	at org.apache.hadoop.ozone.om.OzoneManager.<init>(OzoneManager.java:687)
	at org.apache.hadoop.ozone.om.OzoneManager.createOm(OzoneManager.java:774)
	at org.apache.hadoop.ozone.MiniOzoneClusterImpl$Builder.createOM(MiniOzoneClusterImpl.java:689)
	at org.apache.hadoop.ozone.MiniOzoneClusterImpl$Builder.createAndStartSingleOM(MiniOzoneClusterImpl.java:673)
	at org.apache.hadoop.ozone.MiniOzoneClusterImpl$Builder.build(MiniOzoneClusterImpl.java:535)
	at org.apache.hadoop.ozone.client.rpc.TestWatchForCommit.init(TestWatchForCommit.java:154)
	at java.base/jdk.internal.reflect.NativeMethodAccessorImpl.invoke0(Native Method)
	at java.base/jdk.internal.reflect.NativeMethodAccessorImpl.invoke(NativeMethodAccessorImpl.java:77)
	at java.base/jdk.internal.reflect.DelegatingMethodAccessorImpl.invoke(DelegatingMethodAccessorImpl.java:43)
	at java.base/java.lang.reflect.Method.invoke(Method.java:568)
	at org.junit.platform.commons.util.ReflectionUtils.invokeMethod(ReflectionUtils.java:728)
	at org.junit.jupiter.engine.execution.MethodInvocation.proceed(MethodInvocation.java:60)
	at org.junit.jupiter.engine.execution.InvocationInterceptorChain$ValidatingInvocation.proceed(InvocationInterceptorChain.java:131)
	at org.junit.jupiter.engine.extension.TimeoutExtension.intercept(TimeoutExtension.java:156)
	at org.junit.jupiter.engine.extension.TimeoutExtension.interceptLifecycleMethod(TimeoutExtension.java:128)
	at org.junit.jupiter.engine.extension.TimeoutExtension.interceptBeforeEachMethod(TimeoutExtension.java:78)
	at org.junit.jupiter.engine.execution.InterceptingExecutableInvoker$ReflectiveInterceptorCall.lambda$ofVoidMethod$0(InterceptingExecutableInvoker.java:103)
	at org.junit.jupiter.engine.execution.InterceptingExecutableInvoker.lambda$invoke$0(InterceptingExecutableInvoker.java:93)
	at org.junit.jupiter.engine.execution.InvocationInterceptorChain$InterceptedInvocation.proceed(InvocationInterceptorChain.java:106)
	at org.junit.jupiter.engine.execution.InvocationInterceptorChain.proceed(InvocationInterceptorChain.java:64)
	at org.junit.jupiter.engine.execution.InvocationInterceptorChain.chainAndInvoke(InvocationInterceptorChain.java:45)
	at org.junit.jupiter.engine.execution.InvocationInterceptorChain.invoke(InvocationInterceptorChain.java:37)
	at org.junit.jupiter.engine.execution.InterceptingExecutableInvoker.invoke(InterceptingExecutableInvoker.java:92)
	at org.junit.jupiter.engine.execution.InterceptingExecutableInvoker.invoke(InterceptingExecutableInvoker.java:86)
	at org.junit.jupiter.engine.descriptor.ClassBasedTestDescriptor.invokeMethodInExtensionContext(ClassBasedTestDescriptor.java:521)
	at org.junit.jupiter.engine.descriptor.ClassBasedTestDescriptor.lambda$synthesizeBeforeEachMethodAdapter$23(ClassBasedTestDescriptor.java:506)
	at org.junit.jupiter.engine.descriptor.TestMethodTestDescriptor.lambda$invokeBeforeEachMethods$3(TestMethodTestDescriptor.java:175)
	at org.junit.jupiter.engine.descriptor.TestMethodTestDescriptor.lambda$invokeBeforeMethodsOrCallbacksUntilExceptionOccurs$6(TestMethodTestDescriptor.java:203)
	at org.junit.platform.engine.support.hierarchical.ThrowableCollector.execute(ThrowableCollector.java:73)
	at org.junit.jupiter.engine.descriptor.TestMethodTestDescriptor.invokeBeforeMethodsOrCallbacksUntilExceptionOccurs(TestMethodTestDescriptor.java:203)
	at org.junit.jupiter.engine.descriptor.TestMethodTestDescriptor.invokeBeforeEachMethods(TestMethodTestDescriptor.java:172)
	at org.junit.jupiter.engine.descriptor.TestMethodTestDescriptor.execute(TestMethodTestDescriptor.java:135)
	at org.junit.jupiter.engine.descriptor.TestMethodTestDescriptor.execute(TestMethodTestDescriptor.java:69)
	at org.junit.platform.engine.support.hierarchical.NodeTestTask.lambda$executeRecursively$6(NodeTestTask.java:151)
	at org.junit.platform.engine.support.hierarchical.ThrowableCollector.execute(ThrowableCollector.java:73)
	at org.junit.platform.engine.support.hierarchical.NodeTestTask.lambda$executeRecursively$8(NodeTestTask.java:141)
	at org.junit.platform.engine.support.hierarchical.Node.around(Node.java:137)
	at org.junit.platform.engine.support.hierarchical.NodeTestTask.lambda$executeRecursively$9(NodeTestTask.java:139)
	at org.junit.platform.engine.support.hierarchical.ThrowableCollector.execute(ThrowableCollector.java:73)
	at org.junit.platform.engine.support.hierarchical.NodeTestTask.executeRecursively(NodeTestTask.java:138)
	at org.junit.platform.engine.support.hierarchical.NodeTestTask.execute(NodeTestTask.java:95)
	at java.base/java.util.ArrayList.forEach(ArrayList.java:1511)
	at org.junit.platform.engine.support.hierarchical.SameThreadHierarchicalTestExecutorService.invokeAll(SameThreadHierarchicalTestExecutorService.java:41)
	at org.junit.platform.engine.support.hierarchical.NodeTestTask.lambda$executeRecursively$6(NodeTestTask.java:155)
	at org.junit.platform.engine.support.hierarchical.ThrowableCollector.execute(ThrowableCollector.java:73)
	at org.junit.platform.engine.support.hierarchical.NodeTestTask.lambda$executeRecursively$8(NodeTestTask.java:141)
	at org.junit.platform.engine.support.hierarchical.Node.around(Node.java:137)
	at org.junit.platform.engine.support.hierarchical.NodeTestTask.lambda$executeRecursively$9(NodeTestTask.java:139)
	at org.junit.platform.engine.support.hierarchical.ThrowableCollector.execute(ThrowableCollector.java:73)
	at org.junit.platform.engine.support.hierarchical.NodeTestTask.executeRecursively(NodeTestTask.java:138)
	at org.junit.platform.engine.support.hierarchical.NodeTestTask.execute(NodeTestTask.java:95)
	at java.base/java.util.ArrayList.forEach(ArrayList.java:1511)
	at org.junit.platform.engine.support.hierarchical.SameThreadHierarchicalTestExecutorService.invokeAll(SameThreadHierarchicalTestExecutorService.java:41)
	at org.junit.platform.engine.support.hierarchical.NodeTestTask.lambda$executeRecursively$6(NodeTestTask.java:155)
	at org.junit.platform.engine.support.hierarchical.ThrowableCollector.execute(ThrowableCollector.java:73)
	at org.junit.platform.engine.support.hierarchical.NodeTestTask.lambda$executeRecursively$8(NodeTestTask.java:141)
	at org.junit.platform.engine.support.hierarchical.Node.around(Node.java:137)
	at org.junit.platform.engine.support.hierarchical.NodeTestTask.lambda$executeRecursively$9(NodeTestTask.java:139)
	at org.junit.platform.engine.support.hierarchical.ThrowableCollector.execute(ThrowableCollector.java:73)
	at org.junit.platform.engine.support.hierarchical.NodeTestTask.executeRecursively(NodeTestTask.java:138)
	at org.junit.platform.engine.support.hierarchical.NodeTestTask.execute(NodeTestTask.java:95)
	at org.junit.platform.engine.support.hierarchical.SameThreadHierarchicalTestExecutorService.submit(SameThreadHierarchicalTestExecutorService.java:35)
	at org.junit.platform.engine.support.hierarchical.HierarchicalTestExecutor.execute(HierarchicalTestExecutor.java:57)
	at org.junit.platform.engine.support.hierarchical.HierarchicalTestEngine.execute(HierarchicalTestEngine.java:54)
	at org.junit.platform.launcher.core.EngineExecutionOrchestrator.execute(EngineExecutionOrchestrator.java:198)
	at org.junit.platform.launcher.core.EngineExecutionOrchestrator.execute(EngineExecutionOrchestrator.java:169)
	at org.junit.platform.launcher.core.EngineExecutionOrchestrator.execute(EngineExecutionOrchestrator.java:93)
	at org.junit.platform.launcher.core.EngineExecutionOrchestrator.lambda$execute$0(EngineExecutionOrchestrator.java:58)
	at org.junit.platform.launcher.core.EngineExecutionOrchestrator.withInterceptedStreams(EngineExecutionOrchestrator.java:141)
	at org.junit.platform.launcher.core.EngineExecutionOrchestrator.execute(EngineExecutionOrchestrator.java:57)
	at org.junit.platform.launcher.core.DefaultLauncher.execute(DefaultLauncher.java:103)
	at org.junit.platform.launcher.core.DefaultLauncher.execute(DefaultLauncher.java:85)
	at org.junit.platform.launcher.core.DelegatingLauncher.execute(DelegatingLauncher.java:47)
	at org.junit.platform.launcher.core.SessionPerRequestLauncher.execute(SessionPerRequestLauncher.java:63)
	at org.apache.maven.surefire.junitplatform.JUnitPlatformProvider.invokeAllTests(JUnitPlatformProvider.java:165)
	at org.apache.maven.surefire.junitplatform.JUnitPlatformProvider.invoke(JUnitPlatformProvider.java:123)
	at org.apache.maven.surefire.booter.ForkedBooter.runSuitesInProcess(ForkedBooter.java:377)
	at org.apache.maven.surefire.booter.ForkedBooter.execute(ForkedBooter.java:138)
	at org.apache.maven.surefire.booter.ForkedBooter.run(ForkedBooter.java:465)
	at org.apache.maven.surefire.booter.ForkedBooter.main(ForkedBooter.java:451)
2024-04-29 10:06:58,199 [main] INFO  om.OzoneManager (OzoneManager.java:addS3GVolumeToDB(4463)) - Created Volume s3v With Owner runner required for S3Gateway operations.
2024-04-29 10:06:58,199 [main] WARN  server.ServerUtils (ServerUtils.java:getDefaultRatisDirectory(311)) - Storage directory for Ratis is not configured. It is a good idea to map this to an SSD disk. Falling back to ozone.metadata.dirs
2024-04-29 10:06:58,199 [main] WARN  utils.OzoneManagerRatisUtils (OzoneManagerRatisUtils.java:getOMRatisSnapshotDirectory(476)) - ozone.om.ratis.snapshot.dir is not configured. Falling back to ozone.metadata.dirs config
2024-04-29 10:06:58,199 [main] WARN  server.ServerUtils (ServerUtils.java:getDefaultRatisDirectory(311)) - Storage directory for Ratis is not configured. It is a good idea to map this to an SSD disk. Falling back to ozone.metadata.dirs
2024-04-29 10:06:58,200 [main] INFO  ratis.OzoneManagerRatisServer (OzoneManagerRatisServer.java:<init>(167)) - Instantiating OM Ratis server with groupID: omServiceIdDefault and peers: localhost:15452
2024-04-29 10:06:58,200 [main] INFO  ratis.OzoneManagerStateMachine (OzoneManagerStateMachine.java:loadSnapshotInfoFromDB(589)) - TransactionInfo not found in OM DB.
2024-04-29 10:06:58,200 [main] INFO  server.RaftServer (ConfUtils.java:logGet(46)) - raft.rpc.type = GRPC (default)
2024-04-29 10:06:58,201 [main] INFO  grpc.GrpcConfigKeys (ConfUtils.java:logFallback(53)) - raft.grpc.admin.host = null (fallback to raft.grpc.server.host)
2024-04-29 10:06:58,201 [main] INFO  grpc.GrpcConfigKeys (ConfUtils.java:logFallback(53)) - raft.grpc.admin.port = 15452 (fallback to raft.grpc.server.port)
2024-04-29 10:06:58,201 [main] INFO  grpc.GrpcConfigKeys (ConfUtils.java:logFallback(53)) - raft.grpc.client.host = null (fallback to raft.grpc.server.host)
2024-04-29 10:06:58,201 [main] INFO  grpc.GrpcConfigKeys (ConfUtils.java:logFallback(53)) - raft.grpc.client.port = 15452 (fallback to raft.grpc.server.port)
2024-04-29 10:06:58,201 [main] INFO  grpc.GrpcConfigKeys (ConfUtils.java:logGet(46)) - raft.grpc.server.host = null (default)
2024-04-29 10:06:58,201 [main] INFO  grpc.GrpcConfigKeys (ConfUtils.java:logGet(46)) - raft.grpc.server.port = 15452 (custom)
2024-04-29 10:06:58,201 [main] INFO  server.GrpcService (ConfUtils.java:logGet(46)) - raft.grpc.message.size.max = 4194304 (custom)
2024-04-29 10:06:58,201 [main] INFO  server.RaftServerConfigKeys (ConfUtils.java:logGet(46)) - raft.server.log.appender.buffer.byte-limit = 4194304 (custom)
2024-04-29 10:06:58,201 [main] INFO  server.GrpcService (ConfUtils.java:logGet(46)) - raft.grpc.flow.control.window = 1MB (=1048576) (default)
2024-04-29 10:06:58,201 [main] INFO  server.RaftServerConfigKeys (ConfUtils.java:logGet(46)) - raft.server.rpc.request.timeout = 3000ms (default)
2024-04-29 10:06:58,202 [main] INFO  grpc.GrpcConfigKeys (ConfUtils.java:logGet(46)) - raft.grpc.server.heartbeat.channel = true (default)
2024-04-29 10:06:58,202 [main] INFO  grpc.GrpcConfigKeys (ConfUtils.java:logGet(46)) - raft.grpc.server.async.request.thread.pool.cached = true (default)
2024-04-29 10:06:58,202 [main] INFO  grpc.GrpcConfigKeys (ConfUtils.java:logGet(46)) - raft.grpc.server.async.request.thread.pool.size = 32 (default)
2024-04-29 10:06:58,203 [main] INFO  impl.DataStreamServerImpl (ConfUtils.java:logGet(46)) - raft.datastream.type = DISABLED (default)
2024-04-29 10:06:58,203 [main] INFO  server.RaftServerConfigKeys (ConfUtils.java:logGet(46)) - raft.server.sleep.deviation.threshold = 300ms (default)
2024-04-29 10:06:58,203 [main] INFO  server.RaftServerConfigKeys (ConfUtils.java:logGet(46)) - raft.server.close.threshold = 60s (default)
2024-04-29 10:06:58,203 [main] INFO  server.RaftServerConfigKeys (ConfUtils.java:logGet(46)) - raft.server.leaderelection.leader.step-down.wait-time = 10s (default)
2024-04-29 10:06:58,203 [main] INFO  server.RaftServerConfigKeys (ConfUtils.java:logGet(46)) - raft.server.storage.dir = [/home/runner/work/ozone/ozone/hadoop-ozone/integration-test/target/test-dir/MiniOzoneClusterImpl-9e79b078-2218-4abd-b04c-a65fc7f927a6/ozone-meta/ratis] (custom)
2024-04-29 10:06:58,203 [main] INFO  server.RaftServerConfigKeys (ConfUtils.java:logGet(46)) - raft.server.threadpool.proxy.cached = true (default)
2024-04-29 10:06:58,203 [main] INFO  server.RaftServerConfigKeys (ConfUtils.java:logGet(46)) - raft.server.threadpool.proxy.size = 0 (default)
2024-04-29 10:06:58,204 [main] INFO  server.RaftServer (RaftServerProxy.java:addNew(100)) - om1: addNew group-C5BA1605619E:[om1|localhost:15452] returns group-C5BA1605619E:java.util.concurrent.CompletableFuture@76da1984[Not completed]
2024-04-29 10:06:58,204 [om1-groupManagement] INFO  server.RaftServer$Division (RaftServerImpl.java:<init>(256)) - om1: new RaftServerImpl for group-C5BA1605619E:[om1|localhost:15452] with OzoneManagerStateMachine:uninitialized
2024-04-29 10:06:58,204 [om1-groupManagement] INFO  server.RaftServerConfigKeys (ConfUtils.java:logGet(46)) - raft.server.rpc.timeout.min = 1s (custom)
2024-04-29 10:06:58,204 [om1-groupManagement] INFO  server.RaftServerConfigKeys (ConfUtils.java:logGet(46)) - raft.server.rpc.timeout.max = 1200ms (custom)
2024-04-29 10:06:58,204 [om1-groupManagement] INFO  server.RaftServerConfigKeys (ConfUtils.java:logGet(46)) - raft.server.rpc.sleep.time = 25ms (default)
2024-04-29 10:06:58,204 [om1-groupManagement] INFO  server.RaftServerConfigKeys (ConfUtils.java:logGet(46)) - raft.server.rpc.slowness.timeout = 120s (custom)
2024-04-29 10:06:58,204 [om1-groupManagement] INFO  server.RaftServerConfigKeys (ConfUtils.java:logGet(46)) - raft.server.leaderelection.leader.step-down.wait-time = 10s (default)
2024-04-29 10:06:58,204 [om1-groupManagement] INFO  server.RaftServerConfigKeys (ConfUtils.java:logGet(46)) - raft.server.leaderelection.member.majority-add = false (default)
2024-04-29 10:06:58,204 [om1-groupManagement] INFO  server.RaftServerConfigKeys (ConfUtils.java:logGet(46)) - raft.server.sleep.deviation.threshold = 300ms (default)
2024-04-29 10:06:58,204 [main] INFO  om.OzoneManager (OzoneManager.java:initializeRatisServer(2168)) - OzoneManager Ratis server initialized at port 15452
2024-04-29 10:06:58,204 [om1-groupManagement] INFO  server.RaftServer$Division (ServerState.java:<init>(113)) - om1@group-C5BA1605619E: ConfigurationManager, init=-1: peers:[om1|localhost:15452]|listeners:[], old=null, confs=<EMPTY_MAP>
2024-04-29 10:06:58,204 [main] INFO  om.OzoneManager (OzoneManager.java:getRpcServer(1227)) - Creating RPC Server
2024-04-29 10:06:58,204 [om1-groupManagement] INFO  server.RaftServerConfigKeys (ConfUtils.java:logGet(46)) - raft.server.notification.no-leader.timeout = 120s (custom)
2024-04-29 10:06:58,205 [om1-groupManagement] INFO  server.RaftServerConfigKeys (ConfUtils.java:logGet(46)) - raft.server.read.timeout = 10s (default)
2024-04-29 10:06:58,205 [om1-groupManagement] INFO  server.RaftServerConfigKeys (ConfUtils.java:logGet(46)) - raft.server.retrycache.expirytime = 300s (custom)
2024-04-29 10:06:58,205 [om1-groupManagement] INFO  server.RaftServerConfigKeys (ConfUtils.java:logGet(46)) - raft.server.retrycache.statistics.expirytime = 100ms (default)
2024-04-29 10:06:58,205 [om1-groupManagement] INFO  server.RaftServerConfigKeys (ConfUtils.java:logGet(46)) - raft.server.read.option = DEFAULT (default)
2024-04-29 10:06:58,205 [om1-groupManagement] INFO  server.RaftServerConfigKeys (ConfUtils.java:logGet(46)) - raft.server.read.read-after-write-consistent.write-index-cache.expiry-time = 60s (default)
2024-04-29 10:06:58,219 [om1-groupManagement] INFO  server.RaftServerConfigKeys (ConfUtils.java:logGet(46)) - raft.server.rpc.request.timeout = 3000ms (default)
2024-04-29 10:06:58,221 [om1-groupManagement] INFO  server.RaftServerConfigKeys (ConfUtils.java:logGet(46)) - raft.server.log.appender.install.snapshot.enabled = false (custom)
2024-04-29 10:06:58,221 [om1-groupManagement] INFO  server.RaftServerConfigKeys (ConfUtils.java:logGet(46)) - raft.server.threadpool.server.cached = true (default)
2024-04-29 10:06:58,222 [om1-groupManagement] INFO  server.RaftServerConfigKeys (ConfUtils.java:logGet(46)) - raft.server.threadpool.server.size = 0 (default)
2024-04-29 10:06:58,222 [om1-groupManagement] INFO  server.RaftServerConfigKeys (ConfUtils.java:logGet(46)) - raft.server.threadpool.client.cached = true (default)
2024-04-29 10:06:58,222 [om1-groupManagement] INFO  server.RaftServerConfigKeys (ConfUtils.java:logGet(46)) - raft.server.threadpool.client.size = 0 (default)
2024-04-29 10:06:58,417 [main] INFO  reflections.Reflections (Reflections.java:scan(219)) - Reflections took 211 ms to scan 20 urls, producing 58 keys and 6549 values
2024-04-29 10:06:58,418 [main] INFO  ipc.CallQueueManager (CallQueueManager.java:<init>(90)) - Using callQueue: class java.util.concurrent.LinkedBlockingQueue, queueCapacity: 2000, scheduler: class org.apache.hadoop.ipc.DefaultRpcScheduler, ipcBackoff: false.
2024-04-29 10:06:58,418 [main] INFO  ipc.Server (Server.java:<init>(1287)) - Listener at 127.0.0.1:15449
2024-04-29 10:06:58,418 [Socket Reader #1 for port 15449] INFO  ipc.Server (Server.java:run(1323)) - Starting Socket Reader #1 for port 15449
2024-04-29 10:06:58,431 [main] INFO  impl.MetricsSystemImpl (MetricsSystemImpl.java:init(158)) - OzoneManager metrics system started (again)
2024-04-29 10:06:58,439 [main] INFO  om.OzoneManager (OzoneManager.java:start(1649)) - OzoneManager RPC server is listening at localhost/127.0.0.1:15449
2024-04-29 10:06:58,439 [main] INFO  ratis.OzoneManagerRatisServer (OzoneManagerRatisServer.java:start(588)) - Starting OzoneManagerRatisServer om1 at port 15452
2024-04-29 10:06:58,439 [om1-impl-thread1] INFO  server.RaftServerConfigKeys (ConfUtils.java:logGet(46)) - raft.server.storage.free-space.min = 0MB (=0) (default)
2024-04-29 10:06:58,439 [om1-impl-thread1] INFO  server.RaftServerConfigKeys (ConfUtils.java:logGet(46)) - raft.server.log.corruption.policy = EXCEPTION (default)
2024-04-29 10:06:58,439 [om1-impl-thread1] INFO  server.RaftServerConfigKeys (ConfUtils.java:logGet(46)) - raft.server.storage.dir = [/home/runner/work/ozone/ozone/hadoop-ozone/integration-test/target/test-dir/MiniOzoneClusterImpl-9e79b078-2218-4abd-b04c-a65fc7f927a6/ozone-meta/ratis] (custom)
2024-04-29 10:06:58,440 [om1-impl-thread1] INFO  storage.RaftStorageDirectory (RaftStorageDirectoryImpl.java:analyzeStorage(138)) - The storage directory /home/runner/work/ozone/ozone/hadoop-ozone/integration-test/target/test-dir/MiniOzoneClusterImpl-9e79b078-2218-4abd-b04c-a65fc7f927a6/ozone-meta/ratis/bf265839-605b-3f16-9796-c5ba1605619e does not exist. Creating ...
2024-04-29 10:06:58,441 [om1-impl-thread1] INFO  storage.RaftStorageDirectory (RaftStorageDirectoryImpl.java:tryLock(228)) - Lock on /home/runner/work/ozone/ozone/hadoop-ozone/integration-test/target/test-dir/MiniOzoneClusterImpl-9e79b078-2218-4abd-b04c-a65fc7f927a6/ozone-meta/ratis/bf265839-605b-3f16-9796-c5ba1605619e/in_use.lock acquired by nodename 20825@fv-az913-54
2024-04-29 10:06:58,442 [om1-impl-thread1] INFO  storage.RaftStorage (RaftStorageImpl.java:format(99)) - Storage directory /home/runner/work/ozone/ozone/hadoop-ozone/integration-test/target/test-dir/MiniOzoneClusterImpl-9e79b078-2218-4abd-b04c-a65fc7f927a6/ozone-meta/ratis/bf265839-605b-3f16-9796-c5ba1605619e has been successfully formatted.
2024-04-29 10:06:58,442 [om1-impl-thread1] WARN  util.FileUtils (LogUtils.java:supplyAndLog(63)) - Failed to Files.newInputStream /home/runner/work/ozone/ozone/hadoop-ozone/integration-test/target/test-dir/MiniOzoneClusterImpl-9e79b078-2218-4abd-b04c-a65fc7f927a6/ozone-meta/ratis/bf265839-605b-3f16-9796-c5ba1605619e/current/raft-meta.conf with options []: java.nio.file.NoSuchFileException: /home/runner/work/ozone/ozone/hadoop-ozone/integration-test/target/test-dir/MiniOzoneClusterImpl-9e79b078-2218-4abd-b04c-a65fc7f927a6/ozone-meta/ratis/bf265839-605b-3f16-9796-c5ba1605619e/current/raft-meta.conf
2024-04-29 10:06:58,442 [om1-impl-thread1] INFO  server.RaftServerConfigKeys (ConfUtils.java:logGet(46)) - raft.server.log.use.memory = false (default)
2024-04-29 10:06:58,442 [om1-impl-thread1] INFO  server.RaftServerConfigKeys (ConfUtils.java:logGet(46)) - raft.server.log.purge.gap = 1000000 (custom)
2024-04-29 10:06:58,442 [om1-impl-thread1] INFO  server.RaftServerConfigKeys (ConfUtils.java:logGet(46)) - raft.server.log.appender.buffer.byte-limit = 4194304 (custom)
2024-04-29 10:06:58,443 [om1-impl-thread1] INFO  server.RaftServerConfigKeys (ConfUtils.java:logGet(46)) - raft.server.log.statemachine.data.read.timeout = 1000ms (default)
2024-04-29 10:06:58,443 [om1-impl-thread1] INFO  server.RaftServerConfigKeys (ConfUtils.java:logGet(46)) - raft.server.log.purge.preservation.log.num = 0 (default)
2024-04-29 10:06:58,443 [om1-impl-thread1] INFO  server.RaftServerConfigKeys (ConfUtils.java:logGet(46)) - raft.server.log.segment.size.max = 4194304 (custom)
2024-04-29 10:06:58,443 [om1-impl-thread1] INFO  server.RaftServerConfigKeys (ConfUtils.java:logGet(46)) - raft.server.log.segment.cache.num.max = 2 (custom)
2024-04-29 10:06:58,443 [om1-impl-thread1] INFO  server.RaftServerConfigKeys (ConfUtils.java:logGet(46)) - raft.server.log.segment.cache.size.max = 200MB (=209715200) (default)
2024-04-29 10:06:58,443 [om1-impl-thread1] INFO  server.RaftServerConfigKeys (ConfUtils.java:logGet(46)) - raft.server.log.appender.buffer.byte-limit = 4194304 (custom)
2024-04-29 10:06:58,443 [om1-impl-thread1] INFO  util.AwaitToRun (AwaitToRun.java:start(81)) - Thread[om1@group-C5BA1605619E-cacheEviction-AwaitToRun,5,main] started
2024-04-29 10:06:58,443 [om1-impl-thread1] INFO  segmented.SegmentedRaftLogWorker (SegmentedRaftLogWorker.java:<init>(182)) - new om1@group-C5BA1605619E-SegmentedRaftLogWorker for RaftStorageImpl:Storage Directory /home/runner/work/ozone/ozone/hadoop-ozone/integration-test/target/test-dir/MiniOzoneClusterImpl-9e79b078-2218-4abd-b04c-a65fc7f927a6/ozone-meta/ratis/bf265839-605b-3f16-9796-c5ba1605619e
2024-04-29 10:06:58,443 [om1-impl-thread1] INFO  server.RaftServerConfigKeys (ConfUtils.java:logGet(46)) - raft.server.log.queue.byte-limit = 64MB (=67108864) (default)
2024-04-29 10:06:58,443 [om1-impl-thread1] INFO  server.RaftServerConfigKeys (ConfUtils.java:logGet(46)) - raft.server.log.queue.element-limit = 4096 (default)
2024-04-29 10:06:58,443 [om1-impl-thread1] INFO  server.RaftServerConfigKeys (ConfUtils.java:logGet(46)) - raft.server.log.segment.size.max = 4194304 (custom)
2024-04-29 10:06:58,444 [om1-impl-thread1] INFO  server.RaftServerConfigKeys (ConfUtils.java:logGet(46)) - raft.server.log.preallocated.size = 4194304 (custom)
2024-04-29 10:06:58,444 [om1-impl-thread1] INFO  server.RaftServerConfigKeys (ConfUtils.java:logGet(46)) - raft.server.log.force.sync.num = 128 (default)
2024-04-29 10:06:58,444 [om1-impl-thread1] INFO  server.RaftServerConfigKeys (ConfUtils.java:logGet(46)) - raft.server.log.statemachine.data.sync = true (default)
2024-04-29 10:06:58,444 [om1-impl-thread1] INFO  server.RaftServerConfigKeys (ConfUtils.java:logGet(46)) - raft.server.log.statemachine.data.sync.timeout = 10s (default)
2024-04-29 10:06:58,444 [om1-impl-thread1] INFO  server.RaftServerConfigKeys (ConfUtils.java:logGet(46)) - raft.server.log.statemachine.data.sync.timeout.retry = -1 (default)
2024-04-29 10:06:58,444 [om1-impl-thread1] INFO  server.RaftServerConfigKeys (ConfUtils.java:logGet(46)) - raft.server.log.write.buffer.size = 4194312 (custom)
2024-04-29 10:06:58,445 [om1-impl-thread1] INFO  server.RaftServerConfigKeys (ConfUtils.java:logGet(46)) - raft.server.log.appender.buffer.byte-limit = 4194304 (custom)
2024-04-29 10:06:58,445 [om1-impl-thread1] INFO  server.RaftServerConfigKeys (ConfUtils.java:logGet(46)) - raft.server.log.unsafe-flush.enabled = false (default)
2024-04-29 10:06:58,445 [om1-impl-thread1] INFO  server.RaftServerConfigKeys (ConfUtils.java:logGet(46)) - raft.server.log.async-flush.enabled = false (default)
2024-04-29 10:06:58,445 [om1-impl-thread1] INFO  server.RaftServerConfigKeys (ConfUtils.java:logGet(46)) - raft.server.log.statemachine.data.caching.enabled = false (default)
2024-04-29 10:06:58,445 [om1-impl-thread1] INFO  segmented.SegmentedRaftLogWorker (SegmentedRaftLogWorker.java:lambda$new$0(134)) - om1@group-C5BA1605619E-SegmentedRaftLogWorker: flushIndex: setUnconditionally 0 -> -1
2024-04-29 10:06:58,445 [om1-impl-thread1] INFO  segmented.SegmentedRaftLogWorker (SegmentedRaftLogWorker.java:lambda$new$0(134)) - om1@group-C5BA1605619E-SegmentedRaftLogWorker: safeCacheEvictIndex: setUnconditionally 0 -> -1
2024-04-29 10:06:58,445 [om1-impl-thread1] INFO  server.RaftServer$Division (RaftServerImpl.java:start(396)) - om1@group-C5BA1605619E: start as a follower, conf=-1: peers:[om1|localhost:15452]|listeners:[], old=null
2024-04-29 10:06:58,445 [om1-impl-thread1] INFO  server.RaftServer$Division (RaftServerImpl.java:setRole(383)) - om1@group-C5BA1605619E: changes role from      null to FOLLOWER at term 0 for startAsFollower
2024-04-29 10:06:58,445 [om1-impl-thread1] INFO  impl.RoleInfo (RoleInfo.java:updateAndGet(139)) - om1: start om1@group-C5BA1605619E-FollowerState
2024-04-29 10:06:58,445 [om1-impl-thread1] INFO  util.JmxRegister (JmxRegister.java:tryRegister(44)) - Successfully registered JMX Bean with object name Ratis:service=RaftServer,group=group-C5BA1605619E,id=om1
2024-04-29 10:06:58,446 [om1-impl-thread1] INFO  server.RaftServerConfigKeys (ConfUtils.java:logGet(46)) - raft.server.snapshot.trigger-when-stop.enabled = true (default)
2024-04-29 10:06:58,446 [om1-impl-thread1] INFO  server.RaftServerConfigKeys (ConfUtils.java:logGet(46)) - raft.server.snapshot.auto.trigger.enabled = true (custom)
2024-04-29 10:06:58,446 [om1-impl-thread1] INFO  server.RaftServerConfigKeys (ConfUtils.java:logGet(46)) - raft.server.snapshot.auto.trigger.threshold = 400000 (default)
2024-04-29 10:06:58,446 [om1-impl-thread1] INFO  server.RaftServerConfigKeys (ConfUtils.java:logGet(46)) - raft.server.snapshot.retention.file.num = -1 (default)
2024-04-29 10:06:58,446 [om1-impl-thread1] INFO  server.RaftServerConfigKeys (ConfUtils.java:logGet(46)) - raft.server.log.purge.upto.snapshot.index = true (custom)
2024-04-29 10:06:58,445 [om1@group-C5BA1605619E-FollowerState] INFO  server.RaftServerConfigKeys (ConfUtils.java:logFallback(53)) - raft.server.rpc.first-election.timeout.min = 1s (fallback to raft.server.rpc.timeout.min)
2024-04-29 10:06:58,446 [om1@group-C5BA1605619E-FollowerState] INFO  server.RaftServerConfigKeys (ConfUtils.java:logFallback(53)) - raft.server.rpc.first-election.timeout.max = 1200ms (fallback to raft.server.rpc.timeout.max)
2024-04-29 10:06:58,446 [main] INFO  server.RaftServer (RaftServerProxy.java:startImpl(406)) - om1: start RPC server
2024-04-29 10:06:58,447 [main] INFO  server.GrpcService (GrpcService.java:startImpl(302)) - om1: GrpcService started, listening on 15452
2024-04-29 10:06:58,447 [JvmPauseMonitor56] INFO  util.JvmPauseMonitor (JvmPauseMonitor.java:run(146)) - JvmPauseMonitor-om1: Started
2024-04-29 10:06:58,447 [main] INFO  om.OzoneManager (OzoneManager.java:start(1665)) - Version File has different layout version (6) than OM DB (null). That is expected if this OM has never been finalized to a newer layout version.
2024-04-29 10:06:58,450 [main] INFO  client.ScmTopologyClient (ScmTopologyClient.java:start(72)) - Initial network topology fetched from SCM: /.
2024-04-29 10:06:58,450 [main] INFO  net.NodeSchemaLoader (NodeSchemaLoader.java:loadSchemaFromFile(129)) - Loading schema from [file:/home/runner/work/ozone/ozone/hadoop-hdds/common/target/classes/network-topology-default.xml]
2024-04-29 10:06:58,450 [main] INFO  net.NodeSchemaLoader (NodeSchemaLoader.java:loadSchema(176)) - Loading network topology layer schema file
2024-04-29 10:06:58,458 [main] INFO  http.BaseHttpServer (BaseHttpServer.java:newHttpServer2BuilderForOzone(223)) - Starting Web-server for ozoneManager at: http://0.0.0.0:15450
2024-04-29 10:06:58,458 [main] INFO  http.BaseHttpServer (BaseHttpServer.java:<init>(110)) - Hadoop Security Enabled: false Ozone Security Enabled: false Ozone HTTP Security Enabled: false 
2024-04-29 10:06:58,459 [main] WARN  server.AuthenticationFilter (AuthenticationFilter.java:constructSecretProvider(240)) - Unable to initialize FileSignerSecretProvider, falling back to use random secrets. Reason: Could not read signature secret file: /home/runner/hadoop-http-auth-signature-secret
2024-04-29 10:06:58,460 [main] INFO  http.HttpRequestLog (HttpRequestLog.java:getRequestLog(86)) - Http request log for http.requests.ozoneManager is not defined
2024-04-29 10:06:58,460 [main] INFO  http.HttpServer2 (HttpServer2.java:addGlobalFilter(1036)) - Added global filter 'safety' (class=org.apache.hadoop.hdds.server.http.HttpServer2$QuotingInputFilter)
2024-04-29 10:06:58,460 [main] INFO  http.HttpServer2 (HttpServer2.java:addFilter(1012)) - Added filter static_user_filter (class=org.apache.hadoop.http.lib.StaticUserWebFilter$StaticUserFilter) to context ozoneManager
2024-04-29 10:06:58,460 [main] INFO  http.HttpServer2 (HttpServer2.java:addFilter(1020)) - Added filter static_user_filter (class=org.apache.hadoop.http.lib.StaticUserWebFilter$StaticUserFilter) to context logs
2024-04-29 10:06:58,460 [main] INFO  http.HttpServer2 (HttpServer2.java:addFilter(1020)) - Added filter static_user_filter (class=org.apache.hadoop.http.lib.StaticUserWebFilter$StaticUserFilter) to context static
2024-04-29 10:06:58,461 [main] INFO  http.BaseHttpServer (BaseHttpServer.java:<init>(189)) - HTTP server of ozoneManager uses base directory /home/runner/work/ozone/ozone/hadoop-ozone/integration-test/target/test-dir/MiniOzoneClusterImpl-9e79b078-2218-4abd-b04c-a65fc7f927a6/ozone-meta/webserver
2024-04-29 10:06:58,461 [main] INFO  http.HttpServer2 (HttpServer2.java:bindListener(1236)) - Jetty bound to port 15450
2024-04-29 10:06:58,461 [main] INFO  server.Server (Server.java:doStart(375)) - jetty-9.4.54.v20240208; built: 2024-02-08T19:42:39.027Z; git: cef3fbd6d736a21e7d541a5db490381d95a2047d; jvm 17.0.10+7
2024-04-29 10:06:58,462 [main] INFO  server.session (DefaultSessionIdManager.java:doStart(334)) - DefaultSessionIdManager workerName=node0
2024-04-29 10:06:58,462 [main] INFO  server.session (DefaultSessionIdManager.java:doStart(339)) - No SessionScavenger set, using defaults
2024-04-29 10:06:58,462 [main] INFO  server.session (HouseKeeper.java:startScavenging(132)) - node0 Scavenging every 660000ms
2024-04-29 10:06:58,462 [main] INFO  handler.ContextHandler (ContextHandler.java:doStart(921)) - Started o.e.j.s.ServletContextHandler@927e34d{logs,/logs,file:///home/runner/work/ozone/ozone/hadoop-ozone/integration-test/target/log,AVAILABLE}
2024-04-29 10:06:58,462 [main] INFO  handler.ContextHandler (ContextHandler.java:doStart(921)) - Started o.e.j.s.ServletContextHandler@4a6f9ca5{static,/static,file:///home/runner/work/ozone/ozone/hadoop-ozone/integration-test/target/test-classes/webapps/static,AVAILABLE}
2024-04-29 10:06:58,465 [main] INFO  handler.ContextHandler (ContextHandler.java:doStart(921)) - Started o.e.j.w.WebAppContext@5638bee0{ozoneManager,/,file:///home/runner/work/ozone/ozone/hadoop-ozone/integration-test/target/test-classes/webapps/ozoneManager/,AVAILABLE}{file:/home/runner/work/ozone/ozone/hadoop-ozone/integration-test/target/test-classes/webapps/ozoneManager}
2024-04-29 10:06:58,465 [main] INFO  server.AbstractConnector (AbstractConnector.java:doStart(333)) - Started ServerConnector@52d710e2{HTTP/1.1, (http/1.1)}{0.0.0.0:15450}
2024-04-29 10:06:58,465 [main] INFO  server.Server (Server.java:doStart(415)) - Started @185838ms
2024-04-29 10:06:58,465 [main] WARN  impl.MetricsSystemImpl (MetricsSystemImpl.java:register(279)) - Sink prometheus already exists!
2024-04-29 10:06:58,466 [main] INFO  http.BaseHttpServer (BaseHttpServer.java:updateConnectorAddress(354)) - HTTP server of ozoneManager listening at http://0.0.0.0:15450
2024-04-29 10:06:58,466 [IPC Server Responder] INFO  ipc.Server (Server.java:run(1562)) - IPC Server Responder: starting
2024-04-29 10:06:58,466 [IPC Server listener on 15449] INFO  ipc.Server (Server.java:run(1402)) - IPC Server listener on 15449: starting
2024-04-29 10:06:58,468 [main] INFO  om.OzoneManager (OzoneManager.java:startTrashEmptier(2121)) - Trash Interval set to 0. Files deleted won't move to trash
2024-04-29 10:06:58,480 [main] WARN  dropwizard3.Dm3MetricRegistriesImpl (Dm3MetricRegistriesImpl.java:addReporterRegistration(113)) - New reporters are added after registries were created. Some metrics will be missing from the reporter. Please add reporter before adding any new registry.
2024-04-29 10:06:58,480 [main] WARN  dropwizard3.Dm3MetricRegistriesImpl (Dm3MetricRegistriesImpl.java:addReporterRegistration(113)) - New reporters are added after registries were created. Some metrics will be missing from the reporter. Please add reporter before adding any new registry.
2024-04-29 10:06:58,480 [main] INFO  impl.MetricsSystemImpl (MetricsSystemImpl.java:init(158)) - HddsDatanode metrics system started (again)
2024-04-29 10:06:58,488 [main] INFO  ozone.HddsDatanodeService (HddsDatanodeService.java:start(240)) - HddsDatanodeService host:fv-az913-54.hn4i015bbztebps0p24f5airth.phxx.internal.cloudapp.net ip:10.1.0.39
2024-04-29 10:06:58,505 [main] INFO  upgrade.AbstractLayoutVersionManager (AbstractLayoutVersionManager.java:init(83)) - Initializing Layout version manager with metadata layout = HADOOP_PRC_PORTS_IN_DATANODEDETAILS (version = 7), software layout = HADOOP_PRC_PORTS_IN_DATANODEDETAILS (version = 7)
2024-04-29 10:06:58,505 [main] INFO  statemachine.DatanodeStateMachine (DatanodeStateMachine.java:getEndPointTaskThreadPoolSize(299)) - Datanode State Machine Task Thread Pool size 2
2024-04-29 10:06:58,506 [main] INFO  volume.HddsVolume (HddsVolume.java:<init>(126)) - Creating HddsVolume: /home/runner/work/ozone/ozone/hadoop-ozone/integration-test/target/test-dir/MiniOzoneClusterImpl-9e79b078-2218-4abd-b04c-a65fc7f927a6/ozone-meta/datanode-1/data-0/hdds of storage type : DISK capacity : 9223372036854775807
2024-04-29 10:06:58,506 [main] INFO  volume.MutableVolumeSet (MutableVolumeSet.java:initializeVolumeSet(173)) - Added Volume : /home/runner/work/ozone/ozone/hadoop-ozone/integration-test/target/test-dir/MiniOzoneClusterImpl-9e79b078-2218-4abd-b04c-a65fc7f927a6/ozone-meta/datanode-1/data-0/hdds to VolumeSet
2024-04-29 10:06:58,507 [main] INFO  volume.MutableVolumeSet (MutableVolumeSet.java:initializeVolumeSet(173)) - Added Volume : /home/runner/work/ozone/ozone/hadoop-ozone/integration-test/target/test-dir/MiniOzoneClusterImpl-9e79b078-2218-4abd-b04c-a65fc7f927a6/ozone-meta/datanode-1/ratis to VolumeSet
2024-04-29 10:06:58,507 [main] INFO  ozoneimpl.OzoneContainer (HddsVolumeUtil.java:loadAllHddsVolumeDbStore(103)) - Load 1 volumes DbStore cost: 0ms
2024-04-29 10:06:58,508 [main] INFO  server.RaftServer (ConfUtils.java:logGet(46)) - raft.rpc.type = GRPC (default)
2024-04-29 10:06:58,508 [main] INFO  grpc.GrpcConfigKeys (ConfUtils.java:logFallback(53)) - raft.grpc.admin.host = null (fallback to raft.grpc.server.host)
2024-04-29 10:06:58,508 [main] INFO  grpc.GrpcConfigKeys (ConfUtils.java:logGet(46)) - raft.grpc.admin.port = 15458 (custom)
2024-04-29 10:06:58,508 [main] INFO  grpc.GrpcConfigKeys (ConfUtils.java:logFallback(53)) - raft.grpc.client.host = null (fallback to raft.grpc.server.host)
2024-04-29 10:06:58,508 [main] INFO  grpc.GrpcConfigKeys (ConfUtils.java:logGet(46)) - raft.grpc.client.port = 15457 (custom)
2024-04-29 10:06:58,509 [main] INFO  grpc.GrpcConfigKeys (ConfUtils.java:logGet(46)) - raft.grpc.server.host = null (default)
2024-04-29 10:06:58,509 [main] INFO  grpc.GrpcConfigKeys (ConfUtils.java:logGet(46)) - raft.grpc.server.port = 15459 (custom)
2024-04-29 10:06:58,509 [main] INFO  server.GrpcService (ConfUtils.java:logGet(46)) - raft.grpc.message.size.max = 32MB (=33554432) (custom)
2024-04-29 10:06:58,509 [main] INFO  server.RaftServerConfigKeys (ConfUtils.java:logGet(46)) - raft.server.log.appender.buffer.byte-limit = 8388608 (custom)
2024-04-29 10:06:58,509 [main] INFO  server.GrpcService (ConfUtils.java:logGet(46)) - raft.grpc.flow.control.window = 5MB (=5242880) (custom)
2024-04-29 10:06:58,509 [main] INFO  server.RaftServerConfigKeys (ConfUtils.java:logGet(46)) - raft.server.rpc.request.timeout = 3000ms (default)
2024-04-29 10:06:58,509 [main] INFO  grpc.GrpcConfigKeys (ConfUtils.java:logGet(46)) - raft.grpc.server.heartbeat.channel = true (default)
2024-04-29 10:06:58,509 [main] INFO  grpc.GrpcConfigKeys (ConfUtils.java:logGet(46)) - raft.grpc.server.async.request.thread.pool.cached = true (default)
2024-04-29 10:06:58,509 [main] INFO  grpc.GrpcConfigKeys (ConfUtils.java:logGet(46)) - raft.grpc.server.async.request.thread.pool.size = 32 (default)
2024-04-29 10:06:58,511 [main] INFO  impl.DataStreamServerImpl (ConfUtils.java:logGet(46)) - raft.datastream.type = NETTY (custom)
2024-04-29 10:06:58,511 [main] INFO  server.RaftServerConfigKeys (ConfUtils.java:logGet(46)) - raft.server.data-stream.async.request.thread.pool.cached = false (default)
2024-04-29 10:06:58,511 [main] INFO  server.RaftServerConfigKeys (ConfUtils.java:logGet(46)) - raft.server.data-stream.async.request.thread.pool.size = 20 (custom)
2024-04-29 10:06:58,511 [main] INFO  server.RaftServerConfigKeys (ConfUtils.java:logGet(46)) - raft.server.data-stream.async.write.thread.pool.size = 16 (default)
2024-04-29 10:06:58,511 [main] INFO  netty.NettyConfigKeys$DataStream (ConfUtils.java:logGet(46)) - raft.netty.dataStream.server.channel.inactive.grace-period = 10min (default)
2024-04-29 10:06:58,511 [main] INFO  server.RaftServerConfigKeys (ConfUtils.java:logGet(46)) - raft.server.data-stream.client.pool.size = 10 (default)
2024-04-29 10:06:58,511 [main] INFO  netty.NettyConfigKeys$DataStream (ConfUtils.java:logGet(46)) - raft.netty.dataStream.server.use-epoll = true (default)
2024-04-29 10:06:58,511 [main] INFO  netty.NettyConfigKeys$DataStream (ConfUtils.java:logGet(46)) - raft.netty.dataStream.server.boss-group.size = 0 (default)
2024-04-29 10:06:58,511 [main] INFO  netty.NettyUtils (NettyUtils.java:newEventLoopGroup(69)) - Create EpollEventLoopGroup for ff005283-6149-44cc-9e6b-88eb174549f2-NettyServerStreamRpc-bossGroup; Thread size is 0.
2024-04-29 10:06:58,512 [main] INFO  netty.NettyConfigKeys$DataStream (ConfUtils.java:logGet(46)) - raft.netty.dataStream.server.worker-group.size = 0 (default)
2024-04-29 10:06:58,512 [main] INFO  netty.NettyUtils (NettyUtils.java:newEventLoopGroup(69)) - Create EpollEventLoopGroup for ff005283-6149-44cc-9e6b-88eb174549f2-NettyServerStreamRpc-workerGroup; Thread size is 0.
2024-04-29 10:06:58,512 [main] INFO  netty.NettyConfigKeys$DataStream (ConfUtils.java:logGet(46)) - raft.netty.dataStream.server.tls.conf = null (default)
2024-04-29 10:06:58,512 [main] INFO  netty.NettyConfigKeys$DataStream (ConfUtils.java:logGet(46)) - raft.netty.dataStream.host = null (default)
2024-04-29 10:06:58,512 [main] INFO  netty.NettyConfigKeys$DataStream (ConfUtils.java:logGet(46)) - raft.netty.dataStream.port = 15460 (custom)
2024-04-29 10:06:58,512 [main] INFO  server.RaftServerConfigKeys (ConfUtils.java:logGet(46)) - raft.server.sleep.deviation.threshold = 300ms (default)
2024-04-29 10:06:58,513 [main] INFO  server.RaftServerConfigKeys (ConfUtils.java:logGet(46)) - raft.server.close.threshold = 60s (default)
2024-04-29 10:06:58,513 [main] INFO  server.RaftServerConfigKeys (ConfUtils.java:logGet(46)) - raft.server.leaderelection.leader.step-down.wait-time = 10s (default)
2024-04-29 10:06:58,513 [main] INFO  server.RaftServerConfigKeys (ConfUtils.java:logGet(46)) - raft.server.storage.dir = [/home/runner/work/ozone/ozone/hadoop-ozone/integration-test/target/test-dir/MiniOzoneClusterImpl-9e79b078-2218-4abd-b04c-a65fc7f927a6/ozone-meta/datanode-1/ratis] (custom)
2024-04-29 10:06:58,513 [main] INFO  server.RaftServerConfigKeys (ConfUtils.java:logGet(46)) - raft.server.threadpool.proxy.cached = true (default)
2024-04-29 10:06:58,513 [main] INFO  server.RaftServerConfigKeys (ConfUtils.java:logGet(46)) - raft.server.threadpool.proxy.size = 0 (default)
2024-04-29 10:06:58,513 [ff005283-6149-44cc-9e6b-88eb174549f2-NettyServerStreamRpc-bossGroup--thread1] INFO  logging.LoggingHandler (AbstractInternalLogger.java:log(148)) - [id: 0x159951e6] REGISTERED
2024-04-29 10:06:58,513 [ff005283-6149-44cc-9e6b-88eb174549f2-NettyServerStreamRpc-bossGroup--thread1] INFO  logging.LoggingHandler (AbstractInternalLogger.java:log(148)) - [id: 0x159951e6] BIND: 0.0.0.0/0.0.0.0:15460
2024-04-29 10:06:58,514 [ff005283-6149-44cc-9e6b-88eb174549f2-NettyServerStreamRpc-bossGroup--thread1] INFO  logging.LoggingHandler (AbstractInternalLogger.java:log(148)) - [id: 0x159951e6, L:/0.0.0.0:15460] ACTIVE
2024-04-29 10:06:58,513 [ff005283-6149-44cc-9e6b-88eb174549f2-impl-thread1] INFO  server.RaftServer (RaftServerProxy.java:initGroupDir(264)) - ff005283-6149-44cc-9e6b-88eb174549f2: found a subdirectory /home/runner/work/ozone/ozone/hadoop-ozone/integration-test/target/test-dir/MiniOzoneClusterImpl-9e79b078-2218-4abd-b04c-a65fc7f927a6/ozone-meta/datanode-1/ratis/tmp
2024-04-29 10:06:58,514 [ff005283-6149-44cc-9e6b-88eb174549f2-impl-thread1] INFO  server.RaftServer (RaftServerProxy.java:initGroupDir(269)) - ff005283-6149-44cc-9e6b-88eb174549f2: The directory /home/runner/work/ozone/ozone/hadoop-ozone/integration-test/target/test-dir/MiniOzoneClusterImpl-9e79b078-2218-4abd-b04c-a65fc7f927a6/ozone-meta/datanode-1/ratis/tmp is not a group directory; ignoring it. 
2024-04-29 10:06:58,514 [main] INFO  replication.ReplicationServer (ReplicationServer.java:<init>(86)) - Initializing replication server with thread count = 10 queue length = 4096
2024-04-29 10:06:58,514 [main] INFO  server.XceiverServerGrpc (XceiverServerGrpc.java:<init>(141)) - GrpcServer channel type EpollServerSocketChannel
2024-04-29 10:06:58,515 [main] INFO  replication.ReplicationSupervisor (ReplicationSupervisor.java:build(157)) - Initializing replication supervisor with thread count = 10
2024-04-29 10:06:58,515 [main] INFO  replication.ReplicationSupervisor (ReplicationSupervisor.java:nodeStateUpdated(312)) - Node state updated to IN_SERVICE, scaling executor pool size to 10
2024-04-29 10:06:58,517 [main] INFO  http.BaseHttpServer (BaseHttpServer.java:newHttpServer2BuilderForOzone(223)) - Starting Web-server for hddsDatanode at: http://0.0.0.0:15454
2024-04-29 10:06:58,517 [main] INFO  http.BaseHttpServer (BaseHttpServer.java:<init>(110)) - Hadoop Security Enabled: false Ozone Security Enabled: false Ozone HTTP Security Enabled: false 
2024-04-29 10:06:58,517 [main] WARN  server.AuthenticationFilter (AuthenticationFilter.java:constructSecretProvider(240)) - Unable to initialize FileSignerSecretProvider, falling back to use random secrets. Reason: Could not read signature secret file: /home/runner/hadoop-http-auth-signature-secret
2024-04-29 10:06:58,518 [main] INFO  http.HttpRequestLog (HttpRequestLog.java:getRequestLog(86)) - Http request log for http.requests.hddsDatanode is not defined
2024-04-29 10:06:58,518 [main] INFO  http.HttpServer2 (HttpServer2.java:addGlobalFilter(1036)) - Added global filter 'safety' (class=org.apache.hadoop.hdds.server.http.HttpServer2$QuotingInputFilter)
2024-04-29 10:06:58,519 [main] INFO  http.HttpServer2 (HttpServer2.java:addFilter(1012)) - Added filter static_user_filter (class=org.apache.hadoop.http.lib.StaticUserWebFilter$StaticUserFilter) to context hddsDatanode
2024-04-29 10:06:58,519 [main] INFO  http.HttpServer2 (HttpServer2.java:addFilter(1020)) - Added filter static_user_filter (class=org.apache.hadoop.http.lib.StaticUserWebFilter$StaticUserFilter) to context static
2024-04-29 10:06:58,519 [main] INFO  http.HttpServer2 (HttpServer2.java:addFilter(1020)) - Added filter static_user_filter (class=org.apache.hadoop.http.lib.StaticUserWebFilter$StaticUserFilter) to context logs
2024-04-29 10:06:58,519 [main] INFO  http.BaseHttpServer (BaseHttpServer.java:<init>(189)) - HTTP server of hddsDatanode uses base directory /home/runner/work/ozone/ozone/hadoop-ozone/integration-test/target/test-dir/MiniOzoneClusterImpl-9e79b078-2218-4abd-b04c-a65fc7f927a6/ozone-meta/datanode-1/meta/webserver
2024-04-29 10:06:58,519 [main] INFO  http.HttpServer2 (HttpServer2.java:bindListener(1236)) - Jetty bound to port 15454
2024-04-29 10:06:58,519 [main] INFO  server.Server (Server.java:doStart(375)) - jetty-9.4.54.v20240208; built: 2024-02-08T19:42:39.027Z; git: cef3fbd6d736a21e7d541a5db490381d95a2047d; jvm 17.0.10+7
2024-04-29 10:06:58,520 [main] INFO  server.session (DefaultSessionIdManager.java:doStart(334)) - DefaultSessionIdManager workerName=node0
2024-04-29 10:06:58,520 [main] INFO  server.session (DefaultSessionIdManager.java:doStart(339)) - No SessionScavenger set, using defaults
2024-04-29 10:06:58,520 [main] INFO  server.session (HouseKeeper.java:startScavenging(132)) - node0 Scavenging every 660000ms
2024-04-29 10:06:58,521 [main] INFO  handler.ContextHandler (ContextHandler.java:doStart(921)) - Started o.e.j.s.ServletContextHandler@7d72b1fc{logs,/logs,file:///home/runner/work/ozone/ozone/hadoop-ozone/integration-test/target/log,AVAILABLE}
2024-04-29 10:06:58,521 [main] INFO  handler.ContextHandler (ContextHandler.java:doStart(921)) - Started o.e.j.s.ServletContextHandler@249676e4{static,/static,file:///home/runner/work/ozone/ozone/hadoop-hdds/container-service/target/classes/webapps/static,AVAILABLE}
2024-04-29 10:06:58,523 [main] INFO  handler.ContextHandler (ContextHandler.java:doStart(921)) - Started o.e.j.w.WebAppContext@6ae5ead4{hddsDatanode,/,file:///home/runner/work/ozone/ozone/hadoop-hdds/container-service/target/classes/webapps/hddsDatanode/,AVAILABLE}{file:/home/runner/work/ozone/ozone/hadoop-hdds/container-service/target/classes/webapps/hddsDatanode}
2024-04-29 10:06:58,524 [main] INFO  server.AbstractConnector (AbstractConnector.java:doStart(333)) - Started ServerConnector@408d5c64{HTTP/1.1, (http/1.1)}{0.0.0.0:15454}
2024-04-29 10:06:58,524 [main] INFO  server.Server (Server.java:doStart(415)) - Started @185897ms
2024-04-29 10:06:58,524 [main] WARN  impl.MetricsSystemImpl (MetricsSystemImpl.java:register(279)) - Sink prometheus already exists!
2024-04-29 10:06:58,524 [main] INFO  http.BaseHttpServer (BaseHttpServer.java:updateConnectorAddress(354)) - HTTP server of hddsDatanode listening at http://0.0.0.0:15454
2024-04-29 10:06:58,524 [main] INFO  ipc.CallQueueManager (CallQueueManager.java:<init>(90)) - Using callQueue: class java.util.concurrent.LinkedBlockingQueue, queueCapacity: 100, scheduler: class org.apache.hadoop.ipc.DefaultRpcScheduler, ipcBackoff: false.
2024-04-29 10:06:58,525 [main] INFO  ipc.Server (Server.java:<init>(1287)) - Listener at 0.0.0.0:15455
2024-04-29 10:06:58,525 [Socket Reader #1 for port 15455] INFO  ipc.Server (Server.java:run(1323)) - Starting Socket Reader #1 for port 15455
2024-04-29 10:06:58,527 [main] INFO  ozone.HddsDatanodeService (HddsDatanodeService.java:start(327)) - Datanode start with admins: [runner]
2024-04-29 10:06:58,527 [main] INFO  ozone.HddsDatanodeClientProtocolServer (HddsDatanodeClientProtocolServer.java:start(77)) - RPC server for Client /0.0.0.0:15455
2024-04-29 10:06:58,527 [IPC Server Responder] INFO  ipc.Server (Server.java:run(1562)) - IPC Server Responder: starting
2024-04-29 10:06:58,527 [IPC Server listener on 15455] INFO  ipc.Server (Server.java:run(1402)) - IPC Server listener on 15455: starting
2024-04-29 10:06:58,527 [ff005283-6149-44cc-9e6b-88eb174549f2-DatanodeStateMachineDaemonThread] INFO  statemachine.DatanodeStateMachine (DatanodeStateMachine.java:lambda$startDaemon$1(555)) - Ozone container server started.
2024-04-29 10:06:58,528 [main] WARN  dropwizard3.Dm3MetricRegistriesImpl (Dm3MetricRegistriesImpl.java:addReporterRegistration(113)) - New reporters are added after registries were created. Some metrics will be missing from the reporter. Please add reporter before adding any new registry.
2024-04-29 10:06:58,528 [main] WARN  dropwizard3.Dm3MetricRegistriesImpl (Dm3MetricRegistriesImpl.java:addReporterRegistration(113)) - New reporters are added after registries were created. Some metrics will be missing from the reporter. Please add reporter before adding any new registry.
2024-04-29 10:06:58,528 [main] INFO  impl.MetricsSystemImpl (MetricsSystemImpl.java:init(158)) - HddsDatanode metrics system started (again)
2024-04-29 10:06:58,530 [ff005283-6149-44cc-9e6b-88eb174549f2-DatanodeStateMachineTaskThread-0] INFO  datanode.InitDatanodeState (InitDatanodeState.java:persistContainerDatanodeDetails(139)) - DatanodeDetails is persisted to /home/runner/work/ozone/ozone/hadoop-ozone/integration-test/target/test-dir/MiniOzoneClusterImpl-9e79b078-2218-4abd-b04c-a65fc7f927a6/ozone-meta/datanode-1/meta/datanode.id
2024-04-29 10:06:58,536 [main] INFO  ozone.HddsDatanodeService (HddsDatanodeService.java:start(240)) - HddsDatanodeService host:fv-az913-54.hn4i015bbztebps0p24f5airth.phxx.internal.cloudapp.net ip:10.1.0.39
2024-04-29 10:06:58,550 [main] INFO  upgrade.AbstractLayoutVersionManager (AbstractLayoutVersionManager.java:init(83)) - Initializing Layout version manager with metadata layout = HADOOP_PRC_PORTS_IN_DATANODEDETAILS (version = 7), software layout = HADOOP_PRC_PORTS_IN_DATANODEDETAILS (version = 7)
2024-04-29 10:06:58,550 [main] INFO  statemachine.DatanodeStateMachine (DatanodeStateMachine.java:getEndPointTaskThreadPoolSize(299)) - Datanode State Machine Task Thread Pool size 2
2024-04-29 10:06:58,551 [main] INFO  volume.HddsVolume (HddsVolume.java:<init>(126)) - Creating HddsVolume: /home/runner/work/ozone/ozone/hadoop-ozone/integration-test/target/test-dir/MiniOzoneClusterImpl-9e79b078-2218-4abd-b04c-a65fc7f927a6/ozone-meta/datanode-2/data-0/hdds of storage type : DISK capacity : 9223372036854775807
2024-04-29 10:06:58,551 [main] INFO  volume.MutableVolumeSet (MutableVolumeSet.java:initializeVolumeSet(173)) - Added Volume : /home/runner/work/ozone/ozone/hadoop-ozone/integration-test/target/test-dir/MiniOzoneClusterImpl-9e79b078-2218-4abd-b04c-a65fc7f927a6/ozone-meta/datanode-2/data-0/hdds to VolumeSet
2024-04-29 10:06:58,552 [main] INFO  volume.MutableVolumeSet (MutableVolumeSet.java:initializeVolumeSet(173)) - Added Volume : /home/runner/work/ozone/ozone/hadoop-ozone/integration-test/target/test-dir/MiniOzoneClusterImpl-9e79b078-2218-4abd-b04c-a65fc7f927a6/ozone-meta/datanode-2/ratis to VolumeSet
2024-04-29 10:06:58,552 [main] INFO  ozoneimpl.OzoneContainer (HddsVolumeUtil.java:loadAllHddsVolumeDbStore(103)) - Load 1 volumes DbStore cost: 0ms
2024-04-29 10:06:58,553 [main] INFO  server.RaftServer (ConfUtils.java:logGet(46)) - raft.rpc.type = GRPC (default)
2024-04-29 10:06:58,553 [main] INFO  grpc.GrpcConfigKeys (ConfUtils.java:logFallback(53)) - raft.grpc.admin.host = null (fallback to raft.grpc.server.host)
2024-04-29 10:06:58,553 [main] INFO  grpc.GrpcConfigKeys (ConfUtils.java:logGet(46)) - raft.grpc.admin.port = 15467 (custom)
2024-04-29 10:06:58,554 [main] INFO  grpc.GrpcConfigKeys (ConfUtils.java:logFallback(53)) - raft.grpc.client.host = null (fallback to raft.grpc.server.host)
2024-04-29 10:06:58,554 [main] INFO  grpc.GrpcConfigKeys (ConfUtils.java:logGet(46)) - raft.grpc.client.port = 15466 (custom)
2024-04-29 10:06:58,554 [main] INFO  grpc.GrpcConfigKeys (ConfUtils.java:logGet(46)) - raft.grpc.server.host = null (default)
2024-04-29 10:06:58,554 [main] INFO  grpc.GrpcConfigKeys (ConfUtils.java:logGet(46)) - raft.grpc.server.port = 15468 (custom)
2024-04-29 10:06:58,554 [main] INFO  server.GrpcService (ConfUtils.java:logGet(46)) - raft.grpc.message.size.max = 32MB (=33554432) (custom)
2024-04-29 10:06:58,554 [main] INFO  server.RaftServerConfigKeys (ConfUtils.java:logGet(46)) - raft.server.log.appender.buffer.byte-limit = 8388608 (custom)
2024-04-29 10:06:58,554 [main] INFO  server.GrpcService (ConfUtils.java:logGet(46)) - raft.grpc.flow.control.window = 5MB (=5242880) (custom)
2024-04-29 10:06:58,554 [main] INFO  server.RaftServerConfigKeys (ConfUtils.java:logGet(46)) - raft.server.rpc.request.timeout = 3000ms (default)
2024-04-29 10:06:58,554 [main] INFO  grpc.GrpcConfigKeys (ConfUtils.java:logGet(46)) - raft.grpc.server.heartbeat.channel = true (default)
2024-04-29 10:06:58,554 [main] INFO  grpc.GrpcConfigKeys (ConfUtils.java:logGet(46)) - raft.grpc.server.async.request.thread.pool.cached = true (default)
2024-04-29 10:06:58,554 [main] INFO  grpc.GrpcConfigKeys (ConfUtils.java:logGet(46)) - raft.grpc.server.async.request.thread.pool.size = 32 (default)
2024-04-29 10:06:58,556 [main] INFO  impl.DataStreamServerImpl (ConfUtils.java:logGet(46)) - raft.datastream.type = NETTY (custom)
2024-04-29 10:06:58,556 [main] INFO  server.RaftServerConfigKeys (ConfUtils.java:logGet(46)) - raft.server.data-stream.async.request.thread.pool.cached = false (default)
2024-04-29 10:06:58,556 [main] INFO  server.RaftServerConfigKeys (ConfUtils.java:logGet(46)) - raft.server.data-stream.async.request.thread.pool.size = 20 (custom)
2024-04-29 10:06:58,556 [main] INFO  server.RaftServerConfigKeys (ConfUtils.java:logGet(46)) - raft.server.data-stream.async.write.thread.pool.size = 16 (default)
2024-04-29 10:06:58,556 [main] INFO  netty.NettyConfigKeys$DataStream (ConfUtils.java:logGet(46)) - raft.netty.dataStream.server.channel.inactive.grace-period = 10min (default)
2024-04-29 10:06:58,556 [main] INFO  server.RaftServerConfigKeys (ConfUtils.java:logGet(46)) - raft.server.data-stream.client.pool.size = 10 (default)
2024-04-29 10:06:58,556 [main] INFO  netty.NettyConfigKeys$DataStream (ConfUtils.java:logGet(46)) - raft.netty.dataStream.server.use-epoll = true (default)
2024-04-29 10:06:58,556 [main] INFO  netty.NettyConfigKeys$DataStream (ConfUtils.java:logGet(46)) - raft.netty.dataStream.server.boss-group.size = 0 (default)
2024-04-29 10:06:58,556 [main] INFO  netty.NettyUtils (NettyUtils.java:newEventLoopGroup(69)) - Create EpollEventLoopGroup for a3deba03-ffe7-4d5f-b81f-0cb8f398f916-NettyServerStreamRpc-bossGroup; Thread size is 0.
2024-04-29 10:06:58,557 [main] INFO  netty.NettyConfigKeys$DataStream (ConfUtils.java:logGet(46)) - raft.netty.dataStream.server.worker-group.size = 0 (default)
2024-04-29 10:06:58,557 [main] INFO  netty.NettyUtils (NettyUtils.java:newEventLoopGroup(69)) - Create EpollEventLoopGroup for a3deba03-ffe7-4d5f-b81f-0cb8f398f916-NettyServerStreamRpc-workerGroup; Thread size is 0.
2024-04-29 10:06:58,557 [main] INFO  netty.NettyConfigKeys$DataStream (ConfUtils.java:logGet(46)) - raft.netty.dataStream.server.tls.conf = null (default)
2024-04-29 10:06:58,557 [main] INFO  netty.NettyConfigKeys$DataStream (ConfUtils.java:logGet(46)) - raft.netty.dataStream.host = null (default)
2024-04-29 10:06:58,557 [main] INFO  netty.NettyConfigKeys$DataStream (ConfUtils.java:logGet(46)) - raft.netty.dataStream.port = 15469 (custom)
2024-04-29 10:06:58,557 [main] INFO  server.RaftServerConfigKeys (ConfUtils.java:logGet(46)) - raft.server.sleep.deviation.threshold = 300ms (default)
2024-04-29 10:06:58,557 [main] INFO  server.RaftServerConfigKeys (ConfUtils.java:logGet(46)) - raft.server.close.threshold = 60s (default)
2024-04-29 10:06:58,557 [main] INFO  server.RaftServerConfigKeys (ConfUtils.java:logGet(46)) - raft.server.leaderelection.leader.step-down.wait-time = 10s (default)
2024-04-29 10:06:58,557 [a3deba03-ffe7-4d5f-b81f-0cb8f398f916-NettyServerStreamRpc-bossGroup--thread1] INFO  logging.LoggingHandler (AbstractInternalLogger.java:log(148)) - [id: 0xf9e32e40] REGISTERED
2024-04-29 10:06:58,557 [main] INFO  server.RaftServerConfigKeys (ConfUtils.java:logGet(46)) - raft.server.storage.dir = [/home/runner/work/ozone/ozone/hadoop-ozone/integration-test/target/test-dir/MiniOzoneClusterImpl-9e79b078-2218-4abd-b04c-a65fc7f927a6/ozone-meta/datanode-2/ratis] (custom)
2024-04-29 10:06:58,558 [a3deba03-ffe7-4d5f-b81f-0cb8f398f916-NettyServerStreamRpc-bossGroup--thread1] INFO  logging.LoggingHandler (AbstractInternalLogger.java:log(148)) - [id: 0xf9e32e40] BIND: 0.0.0.0/0.0.0.0:15469
2024-04-29 10:06:58,558 [main] INFO  server.RaftServerConfigKeys (ConfUtils.java:logGet(46)) - raft.server.threadpool.proxy.cached = true (default)
2024-04-29 10:06:58,558 [a3deba03-ffe7-4d5f-b81f-0cb8f398f916-NettyServerStreamRpc-bossGroup--thread1] INFO  logging.LoggingHandler (AbstractInternalLogger.java:log(148)) - [id: 0xf9e32e40, L:/0.0.0.0:15469] ACTIVE
2024-04-29 10:06:58,558 [main] INFO  server.RaftServerConfigKeys (ConfUtils.java:logGet(46)) - raft.server.threadpool.proxy.size = 0 (default)
2024-04-29 10:06:58,558 [a3deba03-ffe7-4d5f-b81f-0cb8f398f916-impl-thread1] INFO  server.RaftServer (RaftServerProxy.java:initGroupDir(264)) - a3deba03-ffe7-4d5f-b81f-0cb8f398f916: found a subdirectory /home/runner/work/ozone/ozone/hadoop-ozone/integration-test/target/test-dir/MiniOzoneClusterImpl-9e79b078-2218-4abd-b04c-a65fc7f927a6/ozone-meta/datanode-2/ratis/tmp
2024-04-29 10:06:58,558 [a3deba03-ffe7-4d5f-b81f-0cb8f398f916-impl-thread1] INFO  server.RaftServer (RaftServerProxy.java:initGroupDir(269)) - a3deba03-ffe7-4d5f-b81f-0cb8f398f916: The directory /home/runner/work/ozone/ozone/hadoop-ozone/integration-test/target/test-dir/MiniOzoneClusterImpl-9e79b078-2218-4abd-b04c-a65fc7f927a6/ozone-meta/datanode-2/ratis/tmp is not a group directory; ignoring it. 
2024-04-29 10:06:58,558 [main] INFO  replication.ReplicationServer (ReplicationServer.java:<init>(86)) - Initializing replication server with thread count = 10 queue length = 4096
2024-04-29 10:06:58,559 [main] INFO  server.XceiverServerGrpc (XceiverServerGrpc.java:<init>(141)) - GrpcServer channel type EpollServerSocketChannel
2024-04-29 10:06:58,560 [main] INFO  replication.ReplicationSupervisor (ReplicationSupervisor.java:build(157)) - Initializing replication supervisor with thread count = 10
2024-04-29 10:06:58,560 [main] INFO  replication.ReplicationSupervisor (ReplicationSupervisor.java:nodeStateUpdated(312)) - Node state updated to IN_SERVICE, scaling executor pool size to 10
2024-04-29 10:06:58,561 [main] INFO  http.BaseHttpServer (BaseHttpServer.java:newHttpServer2BuilderForOzone(223)) - Starting Web-server for hddsDatanode at: http://0.0.0.0:15463
2024-04-29 10:06:58,561 [main] INFO  http.BaseHttpServer (BaseHttpServer.java:<init>(110)) - Hadoop Security Enabled: false Ozone Security Enabled: false Ozone HTTP Security Enabled: false 
2024-04-29 10:06:58,562 [main] WARN  server.AuthenticationFilter (AuthenticationFilter.java:constructSecretProvider(240)) - Unable to initialize FileSignerSecretProvider, falling back to use random secrets. Reason: Could not read signature secret file: /home/runner/hadoop-http-auth-signature-secret
2024-04-29 10:06:58,563 [main] INFO  http.HttpRequestLog (HttpRequestLog.java:getRequestLog(86)) - Http request log for http.requests.hddsDatanode is not defined
2024-04-29 10:06:58,563 [main] INFO  http.HttpServer2 (HttpServer2.java:addGlobalFilter(1036)) - Added global filter 'safety' (class=org.apache.hadoop.hdds.server.http.HttpServer2$QuotingInputFilter)
2024-04-29 10:06:58,564 [main] INFO  http.HttpServer2 (HttpServer2.java:addFilter(1012)) - Added filter static_user_filter (class=org.apache.hadoop.http.lib.StaticUserWebFilter$StaticUserFilter) to context hddsDatanode
2024-04-29 10:06:58,564 [main] INFO  http.HttpServer2 (HttpServer2.java:addFilter(1020)) - Added filter static_user_filter (class=org.apache.hadoop.http.lib.StaticUserWebFilter$StaticUserFilter) to context static
2024-04-29 10:06:58,564 [main] INFO  http.HttpServer2 (HttpServer2.java:addFilter(1020)) - Added filter static_user_filter (class=org.apache.hadoop.http.lib.StaticUserWebFilter$StaticUserFilter) to context logs
2024-04-29 10:06:58,564 [main] INFO  http.BaseHttpServer (BaseHttpServer.java:<init>(189)) - HTTP server of hddsDatanode uses base directory /home/runner/work/ozone/ozone/hadoop-ozone/integration-test/target/test-dir/MiniOzoneClusterImpl-9e79b078-2218-4abd-b04c-a65fc7f927a6/ozone-meta/datanode-2/meta/webserver
2024-04-29 10:06:58,564 [main] INFO  http.HttpServer2 (HttpServer2.java:bindListener(1236)) - Jetty bound to port 15463
2024-04-29 10:06:58,565 [main] INFO  server.Server (Server.java:doStart(375)) - jetty-9.4.54.v20240208; built: 2024-02-08T19:42:39.027Z; git: cef3fbd6d736a21e7d541a5db490381d95a2047d; jvm 17.0.10+7
2024-04-29 10:06:58,566 [main] INFO  server.session (DefaultSessionIdManager.java:doStart(334)) - DefaultSessionIdManager workerName=node0
2024-04-29 10:06:58,566 [main] INFO  server.session (DefaultSessionIdManager.java:doStart(339)) - No SessionScavenger set, using defaults
2024-04-29 10:06:58,566 [main] INFO  server.session (HouseKeeper.java:startScavenging(132)) - node0 Scavenging every 660000ms
2024-04-29 10:06:58,566 [main] INFO  handler.ContextHandler (ContextHandler.java:doStart(921)) - Started o.e.j.s.ServletContextHandler@f6f5188{logs,/logs,file:///home/runner/work/ozone/ozone/hadoop-ozone/integration-test/target/log,AVAILABLE}
2024-04-29 10:06:58,566 [main] INFO  handler.ContextHandler (ContextHandler.java:doStart(921)) - Started o.e.j.s.ServletContextHandler@793b6fb9{static,/static,file:///home/runner/work/ozone/ozone/hadoop-hdds/container-service/target/classes/webapps/static,AVAILABLE}
2024-04-29 10:06:58,570 [main] INFO  handler.ContextHandler (ContextHandler.java:doStart(921)) - Started o.e.j.w.WebAppContext@6b6ec6b2{hddsDatanode,/,file:///home/runner/work/ozone/ozone/hadoop-hdds/container-service/target/classes/webapps/hddsDatanode/,AVAILABLE}{file:/home/runner/work/ozone/ozone/hadoop-hdds/container-service/target/classes/webapps/hddsDatanode}
2024-04-29 10:06:58,570 [main] INFO  server.AbstractConnector (AbstractConnector.java:doStart(333)) - Started ServerConnector@48873409{HTTP/1.1, (http/1.1)}{0.0.0.0:15463}
2024-04-29 10:06:58,571 [main] INFO  server.Server (Server.java:doStart(415)) - Started @185943ms
2024-04-29 10:06:58,571 [main] WARN  impl.MetricsSystemImpl (MetricsSystemImpl.java:register(279)) - Sink prometheus already exists!
2024-04-29 10:06:58,571 [main] INFO  http.BaseHttpServer (BaseHttpServer.java:updateConnectorAddress(354)) - HTTP server of hddsDatanode listening at http://0.0.0.0:15463
2024-04-29 10:06:58,571 [main] INFO  ipc.CallQueueManager (CallQueueManager.java:<init>(90)) - Using callQueue: class java.util.concurrent.LinkedBlockingQueue, queueCapacity: 100, scheduler: class org.apache.hadoop.ipc.DefaultRpcScheduler, ipcBackoff: false.
2024-04-29 10:06:58,572 [main] INFO  ipc.Server (Server.java:<init>(1287)) - Listener at 0.0.0.0:15464
2024-04-29 10:06:58,572 [Socket Reader #1 for port 15464] INFO  ipc.Server (Server.java:run(1323)) - Starting Socket Reader #1 for port 15464
2024-04-29 10:06:58,573 [main] INFO  ozone.HddsDatanodeService (HddsDatanodeService.java:start(327)) - Datanode start with admins: [runner]
2024-04-29 10:06:58,573 [main] INFO  ozone.HddsDatanodeClientProtocolServer (HddsDatanodeClientProtocolServer.java:start(77)) - RPC server for Client /0.0.0.0:15464
2024-04-29 10:06:58,573 [IPC Server Responder] INFO  ipc.Server (Server.java:run(1562)) - IPC Server Responder: starting
2024-04-29 10:06:58,577 [IPC Server listener on 15464] INFO  ipc.Server (Server.java:run(1402)) - IPC Server listener on 15464: starting
2024-04-29 10:06:58,577 [a3deba03-ffe7-4d5f-b81f-0cb8f398f916-DatanodeStateMachineDaemonThread] INFO  statemachine.DatanodeStateMachine (DatanodeStateMachine.java:lambda$startDaemon$1(555)) - Ozone container server started.
2024-04-29 10:06:58,577 [main] WARN  dropwizard3.Dm3MetricRegistriesImpl (Dm3MetricRegistriesImpl.java:addReporterRegistration(113)) - New reporters are added after registries were created. Some metrics will be missing from the reporter. Please add reporter before adding any new registry.
2024-04-29 10:06:58,577 [main] WARN  dropwizard3.Dm3MetricRegistriesImpl (Dm3MetricRegistriesImpl.java:addReporterRegistration(113)) - New reporters are added after registries were created. Some metrics will be missing from the reporter. Please add reporter before adding any new registry.
2024-04-29 10:06:58,577 [main] INFO  impl.MetricsSystemImpl (MetricsSystemImpl.java:init(158)) - HddsDatanode metrics system started (again)
2024-04-29 10:06:58,583 [a3deba03-ffe7-4d5f-b81f-0cb8f398f916-DatanodeStateMachineTaskThread-0] INFO  datanode.InitDatanodeState (InitDatanodeState.java:persistContainerDatanodeDetails(139)) - DatanodeDetails is persisted to /home/runner/work/ozone/ozone/hadoop-ozone/integration-test/target/test-dir/MiniOzoneClusterImpl-9e79b078-2218-4abd-b04c-a65fc7f927a6/ozone-meta/datanode-2/meta/datanode.id
2024-04-29 10:06:58,589 [main] INFO  ozone.HddsDatanodeService (HddsDatanodeService.java:start(240)) - HddsDatanodeService host:fv-az913-54.hn4i015bbztebps0p24f5airth.phxx.internal.cloudapp.net ip:10.1.0.39
2024-04-29 10:06:58,607 [main] INFO  upgrade.AbstractLayoutVersionManager (AbstractLayoutVersionManager.java:init(83)) - Initializing Layout version manager with metadata layout = HADOOP_PRC_PORTS_IN_DATANODEDETAILS (version = 7), software layout = HADOOP_PRC_PORTS_IN_DATANODEDETAILS (version = 7)
2024-04-29 10:06:58,607 [main] INFO  statemachine.DatanodeStateMachine (DatanodeStateMachine.java:getEndPointTaskThreadPoolSize(299)) - Datanode State Machine Task Thread Pool size 2
2024-04-29 10:06:58,608 [main] INFO  volume.HddsVolume (HddsVolume.java:<init>(126)) - Creating HddsVolume: /home/runner/work/ozone/ozone/hadoop-ozone/integration-test/target/test-dir/MiniOzoneClusterImpl-9e79b078-2218-4abd-b04c-a65fc7f927a6/ozone-meta/datanode-3/data-0/hdds of storage type : DISK capacity : 9223372036854775807
2024-04-29 10:06:58,608 [main] INFO  volume.MutableVolumeSet (MutableVolumeSet.java:initializeVolumeSet(173)) - Added Volume : /home/runner/work/ozone/ozone/hadoop-ozone/integration-test/target/test-dir/MiniOzoneClusterImpl-9e79b078-2218-4abd-b04c-a65fc7f927a6/ozone-meta/datanode-3/data-0/hdds to VolumeSet
2024-04-29 10:06:58,609 [main] INFO  volume.MutableVolumeSet (MutableVolumeSet.java:initializeVolumeSet(173)) - Added Volume : /home/runner/work/ozone/ozone/hadoop-ozone/integration-test/target/test-dir/MiniOzoneClusterImpl-9e79b078-2218-4abd-b04c-a65fc7f927a6/ozone-meta/datanode-3/ratis to VolumeSet
2024-04-29 10:06:58,609 [main] INFO  ozoneimpl.OzoneContainer (HddsVolumeUtil.java:loadAllHddsVolumeDbStore(103)) - Load 1 volumes DbStore cost: 0ms
2024-04-29 10:06:58,610 [main] INFO  server.RaftServer (ConfUtils.java:logGet(46)) - raft.rpc.type = GRPC (default)
2024-04-29 10:06:58,610 [main] INFO  grpc.GrpcConfigKeys (ConfUtils.java:logFallback(53)) - raft.grpc.admin.host = null (fallback to raft.grpc.server.host)
2024-04-29 10:06:58,610 [main] INFO  grpc.GrpcConfigKeys (ConfUtils.java:logGet(46)) - raft.grpc.admin.port = 15476 (custom)
2024-04-29 10:06:58,610 [main] INFO  grpc.GrpcConfigKeys (ConfUtils.java:logFallback(53)) - raft.grpc.client.host = null (fallback to raft.grpc.server.host)
2024-04-29 10:06:58,611 [main] INFO  grpc.GrpcConfigKeys (ConfUtils.java:logGet(46)) - raft.grpc.client.port = 15475 (custom)
2024-04-29 10:06:58,611 [main] INFO  grpc.GrpcConfigKeys (ConfUtils.java:logGet(46)) - raft.grpc.server.host = null (default)
2024-04-29 10:06:58,611 [main] INFO  grpc.GrpcConfigKeys (ConfUtils.java:logGet(46)) - raft.grpc.server.port = 15477 (custom)
2024-04-29 10:06:58,611 [main] INFO  server.GrpcService (ConfUtils.java:logGet(46)) - raft.grpc.message.size.max = 32MB (=33554432) (custom)
2024-04-29 10:06:58,611 [main] INFO  server.RaftServerConfigKeys (ConfUtils.java:logGet(46)) - raft.server.log.appender.buffer.byte-limit = 8388608 (custom)
2024-04-29 10:06:58,611 [main] INFO  server.GrpcService (ConfUtils.java:logGet(46)) - raft.grpc.flow.control.window = 5MB (=5242880) (custom)
2024-04-29 10:06:58,611 [main] INFO  server.RaftServerConfigKeys (ConfUtils.java:logGet(46)) - raft.server.rpc.request.timeout = 3000ms (default)
2024-04-29 10:06:58,611 [main] INFO  grpc.GrpcConfigKeys (ConfUtils.java:logGet(46)) - raft.grpc.server.heartbeat.channel = true (default)
2024-04-29 10:06:58,611 [main] INFO  grpc.GrpcConfigKeys (ConfUtils.java:logGet(46)) - raft.grpc.server.async.request.thread.pool.cached = true (default)
2024-04-29 10:06:58,611 [main] INFO  grpc.GrpcConfigKeys (ConfUtils.java:logGet(46)) - raft.grpc.server.async.request.thread.pool.size = 32 (default)
2024-04-29 10:06:58,613 [main] INFO  impl.DataStreamServerImpl (ConfUtils.java:logGet(46)) - raft.datastream.type = NETTY (custom)
2024-04-29 10:06:58,613 [main] INFO  server.RaftServerConfigKeys (ConfUtils.java:logGet(46)) - raft.server.data-stream.async.request.thread.pool.cached = false (default)
2024-04-29 10:06:58,613 [main] INFO  server.RaftServerConfigKeys (ConfUtils.java:logGet(46)) - raft.server.data-stream.async.request.thread.pool.size = 20 (custom)
2024-04-29 10:06:58,613 [main] INFO  server.RaftServerConfigKeys (ConfUtils.java:logGet(46)) - raft.server.data-stream.async.write.thread.pool.size = 16 (default)
2024-04-29 10:06:58,613 [main] INFO  netty.NettyConfigKeys$DataStream (ConfUtils.java:logGet(46)) - raft.netty.dataStream.server.channel.inactive.grace-period = 10min (default)
2024-04-29 10:06:58,613 [main] INFO  server.RaftServerConfigKeys (ConfUtils.java:logGet(46)) - raft.server.data-stream.client.pool.size = 10 (default)
2024-04-29 10:06:58,613 [main] INFO  netty.NettyConfigKeys$DataStream (ConfUtils.java:logGet(46)) - raft.netty.dataStream.server.use-epoll = true (default)
2024-04-29 10:06:58,613 [main] INFO  netty.NettyConfigKeys$DataStream (ConfUtils.java:logGet(46)) - raft.netty.dataStream.server.boss-group.size = 0 (default)
2024-04-29 10:06:58,613 [main] INFO  netty.NettyUtils (NettyUtils.java:newEventLoopGroup(69)) - Create EpollEventLoopGroup for 023796c2-f42d-4d4c-8c53-1144d6bee25f-NettyServerStreamRpc-bossGroup; Thread size is 0.
2024-04-29 10:06:58,614 [main] INFO  netty.NettyConfigKeys$DataStream (ConfUtils.java:logGet(46)) - raft.netty.dataStream.server.worker-group.size = 0 (default)
2024-04-29 10:06:58,614 [main] INFO  netty.NettyUtils (NettyUtils.java:newEventLoopGroup(69)) - Create EpollEventLoopGroup for 023796c2-f42d-4d4c-8c53-1144d6bee25f-NettyServerStreamRpc-workerGroup; Thread size is 0.
2024-04-29 10:06:58,614 [main] INFO  netty.NettyConfigKeys$DataStream (ConfUtils.java:logGet(46)) - raft.netty.dataStream.server.tls.conf = null (default)
2024-04-29 10:06:58,614 [main] INFO  netty.NettyConfigKeys$DataStream (ConfUtils.java:logGet(46)) - raft.netty.dataStream.host = null (default)
2024-04-29 10:06:58,614 [main] INFO  netty.NettyConfigKeys$DataStream (ConfUtils.java:logGet(46)) - raft.netty.dataStream.port = 15478 (custom)
2024-04-29 10:06:58,615 [main] INFO  server.RaftServerConfigKeys (ConfUtils.java:logGet(46)) - raft.server.sleep.deviation.threshold = 300ms (default)
2024-04-29 10:06:58,615 [main] INFO  server.RaftServerConfigKeys (ConfUtils.java:logGet(46)) - raft.server.close.threshold = 60s (default)
2024-04-29 10:06:58,615 [main] INFO  server.RaftServerConfigKeys (ConfUtils.java:logGet(46)) - raft.server.leaderelection.leader.step-down.wait-time = 10s (default)
2024-04-29 10:06:58,615 [023796c2-f42d-4d4c-8c53-1144d6bee25f-NettyServerStreamRpc-bossGroup--thread1] INFO  logging.LoggingHandler (AbstractInternalLogger.java:log(148)) - [id: 0xb4450b54] REGISTERED
2024-04-29 10:06:58,615 [main] INFO  server.RaftServerConfigKeys (ConfUtils.java:logGet(46)) - raft.server.storage.dir = [/home/runner/work/ozone/ozone/hadoop-ozone/integration-test/target/test-dir/MiniOzoneClusterImpl-9e79b078-2218-4abd-b04c-a65fc7f927a6/ozone-meta/datanode-3/ratis] (custom)
2024-04-29 10:06:58,615 [023796c2-f42d-4d4c-8c53-1144d6bee25f-NettyServerStreamRpc-bossGroup--thread1] INFO  logging.LoggingHandler (AbstractInternalLogger.java:log(148)) - [id: 0xb4450b54] BIND: 0.0.0.0/0.0.0.0:15478
2024-04-29 10:06:58,615 [main] INFO  server.RaftServerConfigKeys (ConfUtils.java:logGet(46)) - raft.server.threadpool.proxy.cached = true (default)
2024-04-29 10:06:58,615 [023796c2-f42d-4d4c-8c53-1144d6bee25f-NettyServerStreamRpc-bossGroup--thread1] INFO  logging.LoggingHandler (AbstractInternalLogger.java:log(148)) - [id: 0xb4450b54, L:/0.0.0.0:15478] ACTIVE
2024-04-29 10:06:58,615 [main] INFO  server.RaftServerConfigKeys (ConfUtils.java:logGet(46)) - raft.server.threadpool.proxy.size = 0 (default)
2024-04-29 10:06:58,616 [023796c2-f42d-4d4c-8c53-1144d6bee25f-impl-thread1] INFO  server.RaftServer (RaftServerProxy.java:initGroupDir(264)) - 023796c2-f42d-4d4c-8c53-1144d6bee25f: found a subdirectory /home/runner/work/ozone/ozone/hadoop-ozone/integration-test/target/test-dir/MiniOzoneClusterImpl-9e79b078-2218-4abd-b04c-a65fc7f927a6/ozone-meta/datanode-3/ratis/tmp
2024-04-29 10:06:58,616 [023796c2-f42d-4d4c-8c53-1144d6bee25f-impl-thread1] INFO  server.RaftServer (RaftServerProxy.java:initGroupDir(269)) - 023796c2-f42d-4d4c-8c53-1144d6bee25f: The directory /home/runner/work/ozone/ozone/hadoop-ozone/integration-test/target/test-dir/MiniOzoneClusterImpl-9e79b078-2218-4abd-b04c-a65fc7f927a6/ozone-meta/datanode-3/ratis/tmp is not a group directory; ignoring it. 
2024-04-29 10:06:58,616 [main] INFO  replication.ReplicationServer (ReplicationServer.java:<init>(86)) - Initializing replication server with thread count = 10 queue length = 4096
2024-04-29 10:06:58,617 [main] INFO  server.XceiverServerGrpc (XceiverServerGrpc.java:<init>(141)) - GrpcServer channel type EpollServerSocketChannel
2024-04-29 10:06:58,617 [main] INFO  replication.ReplicationSupervisor (ReplicationSupervisor.java:build(157)) - Initializing replication supervisor with thread count = 10
2024-04-29 10:06:58,617 [main] INFO  replication.ReplicationSupervisor (ReplicationSupervisor.java:nodeStateUpdated(312)) - Node state updated to IN_SERVICE, scaling executor pool size to 10
2024-04-29 10:06:58,618 [main] INFO  http.BaseHttpServer (BaseHttpServer.java:newHttpServer2BuilderForOzone(223)) - Starting Web-server for hddsDatanode at: http://0.0.0.0:15472
2024-04-29 10:06:58,619 [main] INFO  http.BaseHttpServer (BaseHttpServer.java:<init>(110)) - Hadoop Security Enabled: false Ozone Security Enabled: false Ozone HTTP Security Enabled: false 
2024-04-29 10:06:58,619 [main] WARN  server.AuthenticationFilter (AuthenticationFilter.java:constructSecretProvider(240)) - Unable to initialize FileSignerSecretProvider, falling back to use random secrets. Reason: Could not read signature secret file: /home/runner/hadoop-http-auth-signature-secret
2024-04-29 10:06:58,620 [main] INFO  http.HttpRequestLog (HttpRequestLog.java:getRequestLog(86)) - Http request log for http.requests.hddsDatanode is not defined
2024-04-29 10:06:58,620 [main] INFO  http.HttpServer2 (HttpServer2.java:addGlobalFilter(1036)) - Added global filter 'safety' (class=org.apache.hadoop.hdds.server.http.HttpServer2$QuotingInputFilter)
2024-04-29 10:06:58,620 [main] INFO  http.HttpServer2 (HttpServer2.java:addFilter(1012)) - Added filter static_user_filter (class=org.apache.hadoop.http.lib.StaticUserWebFilter$StaticUserFilter) to context hddsDatanode
2024-04-29 10:06:58,620 [main] INFO  http.HttpServer2 (HttpServer2.java:addFilter(1020)) - Added filter static_user_filter (class=org.apache.hadoop.http.lib.StaticUserWebFilter$StaticUserFilter) to context logs
2024-04-29 10:06:58,620 [main] INFO  http.HttpServer2 (HttpServer2.java:addFilter(1020)) - Added filter static_user_filter (class=org.apache.hadoop.http.lib.StaticUserWebFilter$StaticUserFilter) to context static
2024-04-29 10:06:58,621 [main] INFO  http.BaseHttpServer (BaseHttpServer.java:<init>(189)) - HTTP server of hddsDatanode uses base directory /home/runner/work/ozone/ozone/hadoop-ozone/integration-test/target/test-dir/MiniOzoneClusterImpl-9e79b078-2218-4abd-b04c-a65fc7f927a6/ozone-meta/datanode-3/meta/webserver
2024-04-29 10:06:58,621 [main] INFO  http.HttpServer2 (HttpServer2.java:bindListener(1236)) - Jetty bound to port 15472
2024-04-29 10:06:58,621 [main] INFO  server.Server (Server.java:doStart(375)) - jetty-9.4.54.v20240208; built: 2024-02-08T19:42:39.027Z; git: cef3fbd6d736a21e7d541a5db490381d95a2047d; jvm 17.0.10+7
2024-04-29 10:06:58,622 [main] INFO  server.session (DefaultSessionIdManager.java:doStart(334)) - DefaultSessionIdManager workerName=node0
2024-04-29 10:06:58,622 [main] INFO  server.session (DefaultSessionIdManager.java:doStart(339)) - No SessionScavenger set, using defaults
2024-04-29 10:06:58,622 [main] INFO  server.session (HouseKeeper.java:startScavenging(132)) - node0 Scavenging every 660000ms
2024-04-29 10:06:58,622 [main] INFO  handler.ContextHandler (ContextHandler.java:doStart(921)) - Started o.e.j.s.ServletContextHandler@30515926{logs,/logs,file:///home/runner/work/ozone/ozone/hadoop-ozone/integration-test/target/log,AVAILABLE}
2024-04-29 10:06:58,622 [main] INFO  handler.ContextHandler (ContextHandler.java:doStart(921)) - Started o.e.j.s.ServletContextHandler@2d13cb4c{static,/static,file:///home/runner/work/ozone/ozone/hadoop-hdds/container-service/target/classes/webapps/static,AVAILABLE}
2024-04-29 10:06:58,625 [main] INFO  handler.ContextHandler (ContextHandler.java:doStart(921)) - Started o.e.j.w.WebAppContext@5fc27e3f{hddsDatanode,/,file:///home/runner/work/ozone/ozone/hadoop-hdds/container-service/target/classes/webapps/hddsDatanode/,AVAILABLE}{file:/home/runner/work/ozone/ozone/hadoop-hdds/container-service/target/classes/webapps/hddsDatanode}
2024-04-29 10:06:58,625 [main] INFO  server.AbstractConnector (AbstractConnector.java:doStart(333)) - Started ServerConnector@8d86c4d{HTTP/1.1, (http/1.1)}{0.0.0.0:15472}
2024-04-29 10:06:58,625 [main] INFO  server.Server (Server.java:doStart(415)) - Started @185998ms
2024-04-29 10:06:58,626 [main] WARN  impl.MetricsSystemImpl (MetricsSystemImpl.java:register(279)) - Sink prometheus already exists!
2024-04-29 10:06:58,626 [main] INFO  http.BaseHttpServer (BaseHttpServer.java:updateConnectorAddress(354)) - HTTP server of hddsDatanode listening at http://0.0.0.0:15472
2024-04-29 10:06:58,626 [main] INFO  ipc.CallQueueManager (CallQueueManager.java:<init>(90)) - Using callQueue: class java.util.concurrent.LinkedBlockingQueue, queueCapacity: 100, scheduler: class org.apache.hadoop.ipc.DefaultRpcScheduler, ipcBackoff: false.
2024-04-29 10:06:58,626 [main] INFO  ipc.Server (Server.java:<init>(1287)) - Listener at 0.0.0.0:15473
2024-04-29 10:06:58,627 [Socket Reader #1 for port 15473] INFO  ipc.Server (Server.java:run(1323)) - Starting Socket Reader #1 for port 15473
2024-04-29 10:06:58,627 [main] INFO  ozone.HddsDatanodeService (HddsDatanodeService.java:start(327)) - Datanode start with admins: [runner]
2024-04-29 10:06:58,628 [main] INFO  ozone.HddsDatanodeClientProtocolServer (HddsDatanodeClientProtocolServer.java:start(77)) - RPC server for Client /0.0.0.0:15473
2024-04-29 10:06:58,628 [IPC Server Responder] INFO  ipc.Server (Server.java:run(1562)) - IPC Server Responder: starting
2024-04-29 10:06:58,628 [IPC Server listener on 15473] INFO  ipc.Server (Server.java:run(1402)) - IPC Server listener on 15473: starting
2024-04-29 10:06:58,628 [023796c2-f42d-4d4c-8c53-1144d6bee25f-DatanodeStateMachineDaemonThread] INFO  statemachine.DatanodeStateMachine (DatanodeStateMachine.java:lambda$startDaemon$1(555)) - Ozone container server started.
2024-04-29 10:06:58,628 [main] WARN  dropwizard3.Dm3MetricRegistriesImpl (Dm3MetricRegistriesImpl.java:addReporterRegistration(113)) - New reporters are added after registries were created. Some metrics will be missing from the reporter. Please add reporter before adding any new registry.
2024-04-29 10:06:58,628 [main] WARN  dropwizard3.Dm3MetricRegistriesImpl (Dm3MetricRegistriesImpl.java:addReporterRegistration(113)) - New reporters are added after registries were created. Some metrics will be missing from the reporter. Please add reporter before adding any new registry.
2024-04-29 10:06:58,628 [main] INFO  impl.MetricsSystemImpl (MetricsSystemImpl.java:init(158)) - HddsDatanode metrics system started (again)
2024-04-29 10:06:58,630 [023796c2-f42d-4d4c-8c53-1144d6bee25f-DatanodeStateMachineTaskThread-0] INFO  datanode.InitDatanodeState (InitDatanodeState.java:persistContainerDatanodeDetails(139)) - DatanodeDetails is persisted to /home/runner/work/ozone/ozone/hadoop-ozone/integration-test/target/test-dir/MiniOzoneClusterImpl-9e79b078-2218-4abd-b04c-a65fc7f927a6/ozone-meta/datanode-3/meta/datanode.id
2024-04-29 10:06:58,637 [main] INFO  ozone.HddsDatanodeService (HddsDatanodeService.java:start(240)) - HddsDatanodeService host:fv-az913-54.hn4i015bbztebps0p24f5airth.phxx.internal.cloudapp.net ip:10.1.0.39
2024-04-29 10:06:58,652 [main] INFO  upgrade.AbstractLayoutVersionManager (AbstractLayoutVersionManager.java:init(83)) - Initializing Layout version manager with metadata layout = HADOOP_PRC_PORTS_IN_DATANODEDETAILS (version = 7), software layout = HADOOP_PRC_PORTS_IN_DATANODEDETAILS (version = 7)
2024-04-29 10:06:58,652 [main] INFO  statemachine.DatanodeStateMachine (DatanodeStateMachine.java:getEndPointTaskThreadPoolSize(299)) - Datanode State Machine Task Thread Pool size 2
2024-04-29 10:06:58,653 [main] INFO  volume.HddsVolume (HddsVolume.java:<init>(126)) - Creating HddsVolume: /home/runner/work/ozone/ozone/hadoop-ozone/integration-test/target/test-dir/MiniOzoneClusterImpl-9e79b078-2218-4abd-b04c-a65fc7f927a6/ozone-meta/datanode-4/data-0/hdds of storage type : DISK capacity : 9223372036854775807
2024-04-29 10:06:58,653 [main] INFO  volume.MutableVolumeSet (MutableVolumeSet.java:initializeVolumeSet(173)) - Added Volume : /home/runner/work/ozone/ozone/hadoop-ozone/integration-test/target/test-dir/MiniOzoneClusterImpl-9e79b078-2218-4abd-b04c-a65fc7f927a6/ozone-meta/datanode-4/data-0/hdds to VolumeSet
2024-04-29 10:06:58,653 [main] INFO  volume.MutableVolumeSet (MutableVolumeSet.java:initializeVolumeSet(173)) - Added Volume : /home/runner/work/ozone/ozone/hadoop-ozone/integration-test/target/test-dir/MiniOzoneClusterImpl-9e79b078-2218-4abd-b04c-a65fc7f927a6/ozone-meta/datanode-4/ratis to VolumeSet
2024-04-29 10:06:58,654 [main] INFO  ozoneimpl.OzoneContainer (HddsVolumeUtil.java:loadAllHddsVolumeDbStore(103)) - Load 1 volumes DbStore cost: 1ms
2024-04-29 10:06:58,655 [main] INFO  server.RaftServer (ConfUtils.java:logGet(46)) - raft.rpc.type = GRPC (default)
2024-04-29 10:06:58,655 [main] INFO  grpc.GrpcConfigKeys (ConfUtils.java:logFallback(53)) - raft.grpc.admin.host = null (fallback to raft.grpc.server.host)
2024-04-29 10:06:58,655 [main] INFO  grpc.GrpcConfigKeys (ConfUtils.java:logGet(46)) - raft.grpc.admin.port = 15485 (custom)
2024-04-29 10:06:58,655 [main] INFO  grpc.GrpcConfigKeys (ConfUtils.java:logFallback(53)) - raft.grpc.client.host = null (fallback to raft.grpc.server.host)
2024-04-29 10:06:58,655 [main] INFO  grpc.GrpcConfigKeys (ConfUtils.java:logGet(46)) - raft.grpc.client.port = 15484 (custom)
2024-04-29 10:06:58,655 [main] INFO  grpc.GrpcConfigKeys (ConfUtils.java:logGet(46)) - raft.grpc.server.host = null (default)
2024-04-29 10:06:58,655 [main] INFO  grpc.GrpcConfigKeys (ConfUtils.java:logGet(46)) - raft.grpc.server.port = 15486 (custom)
2024-04-29 10:06:58,655 [main] INFO  server.GrpcService (ConfUtils.java:logGet(46)) - raft.grpc.message.size.max = 32MB (=33554432) (custom)
2024-04-29 10:06:58,655 [main] INFO  server.RaftServerConfigKeys (ConfUtils.java:logGet(46)) - raft.server.log.appender.buffer.byte-limit = 8388608 (custom)
2024-04-29 10:06:58,655 [main] INFO  server.GrpcService (ConfUtils.java:logGet(46)) - raft.grpc.flow.control.window = 5MB (=5242880) (custom)
2024-04-29 10:06:58,656 [main] INFO  server.RaftServerConfigKeys (ConfUtils.java:logGet(46)) - raft.server.rpc.request.timeout = 3000ms (default)
2024-04-29 10:06:58,656 [main] INFO  grpc.GrpcConfigKeys (ConfUtils.java:logGet(46)) - raft.grpc.server.heartbeat.channel = true (default)
2024-04-29 10:06:58,656 [main] INFO  grpc.GrpcConfigKeys (ConfUtils.java:logGet(46)) - raft.grpc.server.async.request.thread.pool.cached = true (default)
2024-04-29 10:06:58,656 [main] INFO  grpc.GrpcConfigKeys (ConfUtils.java:logGet(46)) - raft.grpc.server.async.request.thread.pool.size = 32 (default)
2024-04-29 10:06:58,657 [main] INFO  impl.DataStreamServerImpl (ConfUtils.java:logGet(46)) - raft.datastream.type = NETTY (custom)
2024-04-29 10:06:58,657 [main] INFO  server.RaftServerConfigKeys (ConfUtils.java:logGet(46)) - raft.server.data-stream.async.request.thread.pool.cached = false (default)
2024-04-29 10:06:58,657 [main] INFO  server.RaftServerConfigKeys (ConfUtils.java:logGet(46)) - raft.server.data-stream.async.request.thread.pool.size = 20 (custom)
2024-04-29 10:06:58,657 [main] INFO  server.RaftServerConfigKeys (ConfUtils.java:logGet(46)) - raft.server.data-stream.async.write.thread.pool.size = 16 (default)
2024-04-29 10:06:58,658 [main] INFO  netty.NettyConfigKeys$DataStream (ConfUtils.java:logGet(46)) - raft.netty.dataStream.server.channel.inactive.grace-period = 10min (default)
2024-04-29 10:06:58,658 [main] INFO  server.RaftServerConfigKeys (ConfUtils.java:logGet(46)) - raft.server.data-stream.client.pool.size = 10 (default)
2024-04-29 10:06:58,658 [main] INFO  netty.NettyConfigKeys$DataStream (ConfUtils.java:logGet(46)) - raft.netty.dataStream.server.use-epoll = true (default)
2024-04-29 10:06:58,658 [main] INFO  netty.NettyConfigKeys$DataStream (ConfUtils.java:logGet(46)) - raft.netty.dataStream.server.boss-group.size = 0 (default)
2024-04-29 10:06:58,658 [main] INFO  netty.NettyUtils (NettyUtils.java:newEventLoopGroup(69)) - Create EpollEventLoopGroup for 98bce0f1-b1ff-4756-b9de-e813dc1af0d3-NettyServerStreamRpc-bossGroup; Thread size is 0.
2024-04-29 10:06:58,658 [main] INFO  netty.NettyConfigKeys$DataStream (ConfUtils.java:logGet(46)) - raft.netty.dataStream.server.worker-group.size = 0 (default)
2024-04-29 10:06:58,658 [main] INFO  netty.NettyUtils (NettyUtils.java:newEventLoopGroup(69)) - Create EpollEventLoopGroup for 98bce0f1-b1ff-4756-b9de-e813dc1af0d3-NettyServerStreamRpc-workerGroup; Thread size is 0.
2024-04-29 10:06:58,658 [main] INFO  netty.NettyConfigKeys$DataStream (ConfUtils.java:logGet(46)) - raft.netty.dataStream.server.tls.conf = null (default)
2024-04-29 10:06:58,658 [main] INFO  netty.NettyConfigKeys$DataStream (ConfUtils.java:logGet(46)) - raft.netty.dataStream.host = null (default)
2024-04-29 10:06:58,658 [main] INFO  netty.NettyConfigKeys$DataStream (ConfUtils.java:logGet(46)) - raft.netty.dataStream.port = 15487 (custom)
2024-04-29 10:06:58,659 [main] INFO  server.RaftServerConfigKeys (ConfUtils.java:logGet(46)) - raft.server.sleep.deviation.threshold = 300ms (default)
2024-04-29 10:06:58,659 [main] INFO  server.RaftServerConfigKeys (ConfUtils.java:logGet(46)) - raft.server.close.threshold = 60s (default)
2024-04-29 10:06:58,659 [main] INFO  server.RaftServerConfigKeys (ConfUtils.java:logGet(46)) - raft.server.leaderelection.leader.step-down.wait-time = 10s (default)
2024-04-29 10:06:58,659 [main] INFO  server.RaftServerConfigKeys (ConfUtils.java:logGet(46)) - raft.server.storage.dir = [/home/runner/work/ozone/ozone/hadoop-ozone/integration-test/target/test-dir/MiniOzoneClusterImpl-9e79b078-2218-4abd-b04c-a65fc7f927a6/ozone-meta/datanode-4/ratis] (custom)
2024-04-29 10:06:58,659 [main] INFO  server.RaftServerConfigKeys (ConfUtils.java:logGet(46)) - raft.server.threadpool.proxy.cached = true (default)
2024-04-29 10:06:58,659 [main] INFO  server.RaftServerConfigKeys (ConfUtils.java:logGet(46)) - raft.server.threadpool.proxy.size = 0 (default)
2024-04-29 10:06:58,659 [98bce0f1-b1ff-4756-b9de-e813dc1af0d3-NettyServerStreamRpc-bossGroup--thread1] INFO  logging.LoggingHandler (AbstractInternalLogger.java:log(148)) - [id: 0xeb8a18e6] REGISTERED
2024-04-29 10:06:58,660 [98bce0f1-b1ff-4756-b9de-e813dc1af0d3-NettyServerStreamRpc-bossGroup--thread1] INFO  logging.LoggingHandler (AbstractInternalLogger.java:log(148)) - [id: 0xeb8a18e6] BIND: 0.0.0.0/0.0.0.0:15487
2024-04-29 10:06:58,660 [98bce0f1-b1ff-4756-b9de-e813dc1af0d3-NettyServerStreamRpc-bossGroup--thread1] INFO  logging.LoggingHandler (AbstractInternalLogger.java:log(148)) - [id: 0xeb8a18e6, L:/0.0.0.0:15487] ACTIVE
2024-04-29 10:06:58,660 [98bce0f1-b1ff-4756-b9de-e813dc1af0d3-impl-thread1] INFO  server.RaftServer (RaftServerProxy.java:initGroupDir(264)) - 98bce0f1-b1ff-4756-b9de-e813dc1af0d3: found a subdirectory /home/runner/work/ozone/ozone/hadoop-ozone/integration-test/target/test-dir/MiniOzoneClusterImpl-9e79b078-2218-4abd-b04c-a65fc7f927a6/ozone-meta/datanode-4/ratis/tmp
2024-04-29 10:06:58,660 [98bce0f1-b1ff-4756-b9de-e813dc1af0d3-impl-thread1] INFO  server.RaftServer (RaftServerProxy.java:initGroupDir(269)) - 98bce0f1-b1ff-4756-b9de-e813dc1af0d3: The directory /home/runner/work/ozone/ozone/hadoop-ozone/integration-test/target/test-dir/MiniOzoneClusterImpl-9e79b078-2218-4abd-b04c-a65fc7f927a6/ozone-meta/datanode-4/ratis/tmp is not a group directory; ignoring it. 
2024-04-29 10:06:58,660 [main] INFO  replication.ReplicationServer (ReplicationServer.java:<init>(86)) - Initializing replication server with thread count = 10 queue length = 4096
2024-04-29 10:06:58,661 [main] INFO  server.XceiverServerGrpc (XceiverServerGrpc.java:<init>(141)) - GrpcServer channel type EpollServerSocketChannel
2024-04-29 10:06:58,661 [main] INFO  replication.ReplicationSupervisor (ReplicationSupervisor.java:build(157)) - Initializing replication supervisor with thread count = 10
2024-04-29 10:06:58,661 [main] INFO  replication.ReplicationSupervisor (ReplicationSupervisor.java:nodeStateUpdated(312)) - Node state updated to IN_SERVICE, scaling executor pool size to 10
2024-04-29 10:06:58,663 [main] INFO  http.BaseHttpServer (BaseHttpServer.java:newHttpServer2BuilderForOzone(223)) - Starting Web-server for hddsDatanode at: http://0.0.0.0:15481
2024-04-29 10:06:58,663 [main] INFO  http.BaseHttpServer (BaseHttpServer.java:<init>(110)) - Hadoop Security Enabled: false Ozone Security Enabled: false Ozone HTTP Security Enabled: false 
2024-04-29 10:06:58,663 [main] WARN  server.AuthenticationFilter (AuthenticationFilter.java:constructSecretProvider(240)) - Unable to initialize FileSignerSecretProvider, falling back to use random secrets. Reason: Could not read signature secret file: /home/runner/hadoop-http-auth-signature-secret
2024-04-29 10:06:58,664 [main] INFO  http.HttpRequestLog (HttpRequestLog.java:getRequestLog(86)) - Http request log for http.requests.hddsDatanode is not defined
2024-04-29 10:06:58,664 [main] INFO  http.HttpServer2 (HttpServer2.java:addGlobalFilter(1036)) - Added global filter 'safety' (class=org.apache.hadoop.hdds.server.http.HttpServer2$QuotingInputFilter)
2024-04-29 10:06:58,665 [main] INFO  http.HttpServer2 (HttpServer2.java:addFilter(1012)) - Added filter static_user_filter (class=org.apache.hadoop.http.lib.StaticUserWebFilter$StaticUserFilter) to context hddsDatanode
2024-04-29 10:06:58,665 [main] INFO  http.HttpServer2 (HttpServer2.java:addFilter(1020)) - Added filter static_user_filter (class=org.apache.hadoop.http.lib.StaticUserWebFilter$StaticUserFilter) to context static
2024-04-29 10:06:58,665 [main] INFO  http.HttpServer2 (HttpServer2.java:addFilter(1020)) - Added filter static_user_filter (class=org.apache.hadoop.http.lib.StaticUserWebFilter$StaticUserFilter) to context logs
2024-04-29 10:06:58,665 [main] INFO  http.BaseHttpServer (BaseHttpServer.java:<init>(189)) - HTTP server of hddsDatanode uses base directory /home/runner/work/ozone/ozone/hadoop-ozone/integration-test/target/test-dir/MiniOzoneClusterImpl-9e79b078-2218-4abd-b04c-a65fc7f927a6/ozone-meta/datanode-4/meta/webserver
2024-04-29 10:06:58,665 [main] INFO  http.HttpServer2 (HttpServer2.java:bindListener(1236)) - Jetty bound to port 15481
2024-04-29 10:06:58,665 [main] INFO  server.Server (Server.java:doStart(375)) - jetty-9.4.54.v20240208; built: 2024-02-08T19:42:39.027Z; git: cef3fbd6d736a21e7d541a5db490381d95a2047d; jvm 17.0.10+7
2024-04-29 10:06:58,666 [main] INFO  server.session (DefaultSessionIdManager.java:doStart(334)) - DefaultSessionIdManager workerName=node0
2024-04-29 10:06:58,666 [main] INFO  server.session (DefaultSessionIdManager.java:doStart(339)) - No SessionScavenger set, using defaults
2024-04-29 10:06:58,666 [main] INFO  server.session (HouseKeeper.java:startScavenging(132)) - node0 Scavenging every 660000ms
2024-04-29 10:06:58,667 [main] INFO  handler.ContextHandler (ContextHandler.java:doStart(921)) - Started o.e.j.s.ServletContextHandler@72ef3f9b{logs,/logs,file:///home/runner/work/ozone/ozone/hadoop-ozone/integration-test/target/log,AVAILABLE}
2024-04-29 10:06:58,667 [main] INFO  handler.ContextHandler (ContextHandler.java:doStart(921)) - Started o.e.j.s.ServletContextHandler@e8ebd3c{static,/static,file:///home/runner/work/ozone/ozone/hadoop-hdds/container-service/target/classes/webapps/static,AVAILABLE}
2024-04-29 10:06:58,669 [main] INFO  handler.ContextHandler (ContextHandler.java:doStart(921)) - Started o.e.j.w.WebAppContext@52760b04{hddsDatanode,/,file:///home/runner/work/ozone/ozone/hadoop-hdds/container-service/target/classes/webapps/hddsDatanode/,AVAILABLE}{file:/home/runner/work/ozone/ozone/hadoop-hdds/container-service/target/classes/webapps/hddsDatanode}
2024-04-29 10:06:58,670 [main] INFO  server.AbstractConnector (AbstractConnector.java:doStart(333)) - Started ServerConnector@113b0382{HTTP/1.1, (http/1.1)}{0.0.0.0:15481}
2024-04-29 10:06:58,670 [main] INFO  server.Server (Server.java:doStart(415)) - Started @186043ms
2024-04-29 10:06:58,670 [main] WARN  impl.MetricsSystemImpl (MetricsSystemImpl.java:register(279)) - Sink prometheus already exists!
2024-04-29 10:06:58,670 [main] INFO  http.BaseHttpServer (BaseHttpServer.java:updateConnectorAddress(354)) - HTTP server of hddsDatanode listening at http://0.0.0.0:15481
2024-04-29 10:06:58,670 [main] INFO  ipc.CallQueueManager (CallQueueManager.java:<init>(90)) - Using callQueue: class java.util.concurrent.LinkedBlockingQueue, queueCapacity: 100, scheduler: class org.apache.hadoop.ipc.DefaultRpcScheduler, ipcBackoff: false.
2024-04-29 10:06:58,671 [main] INFO  ipc.Server (Server.java:<init>(1287)) - Listener at 0.0.0.0:15482
2024-04-29 10:06:58,671 [Socket Reader #1 for port 15482] INFO  ipc.Server (Server.java:run(1323)) - Starting Socket Reader #1 for port 15482
2024-04-29 10:06:58,672 [main] INFO  ozone.HddsDatanodeService (HddsDatanodeService.java:start(327)) - Datanode start with admins: [runner]
2024-04-29 10:06:58,672 [main] INFO  ozone.HddsDatanodeClientProtocolServer (HddsDatanodeClientProtocolServer.java:start(77)) - RPC server for Client /0.0.0.0:15482
2024-04-29 10:06:58,672 [IPC Server Responder] INFO  ipc.Server (Server.java:run(1562)) - IPC Server Responder: starting
2024-04-29 10:06:58,672 [IPC Server listener on 15482] INFO  ipc.Server (Server.java:run(1402)) - IPC Server listener on 15482: starting
2024-04-29 10:06:58,672 [98bce0f1-b1ff-4756-b9de-e813dc1af0d3-DatanodeStateMachineDaemonThread] INFO  statemachine.DatanodeStateMachine (DatanodeStateMachine.java:lambda$startDaemon$1(555)) - Ozone container server started.
2024-04-29 10:06:58,672 [main] WARN  dropwizard3.Dm3MetricRegistriesImpl (Dm3MetricRegistriesImpl.java:addReporterRegistration(113)) - New reporters are added after registries were created. Some metrics will be missing from the reporter. Please add reporter before adding any new registry.
2024-04-29 10:06:58,672 [main] WARN  dropwizard3.Dm3MetricRegistriesImpl (Dm3MetricRegistriesImpl.java:addReporterRegistration(113)) - New reporters are added after registries were created. Some metrics will be missing from the reporter. Please add reporter before adding any new registry.
2024-04-29 10:06:58,672 [main] INFO  impl.MetricsSystemImpl (MetricsSystemImpl.java:init(158)) - HddsDatanode metrics system started (again)
2024-04-29 10:06:58,680 [main] INFO  ozone.HddsDatanodeService (HddsDatanodeService.java:start(240)) - HddsDatanodeService host:fv-az913-54.hn4i015bbztebps0p24f5airth.phxx.internal.cloudapp.net ip:10.1.0.39
2024-04-29 10:06:58,684 [98bce0f1-b1ff-4756-b9de-e813dc1af0d3-DatanodeStateMachineTaskThread-0] INFO  datanode.InitDatanodeState (InitDatanodeState.java:persistContainerDatanodeDetails(139)) - DatanodeDetails is persisted to /home/runner/work/ozone/ozone/hadoop-ozone/integration-test/target/test-dir/MiniOzoneClusterImpl-9e79b078-2218-4abd-b04c-a65fc7f927a6/ozone-meta/datanode-4/meta/datanode.id
2024-04-29 10:06:58,699 [main] INFO  upgrade.AbstractLayoutVersionManager (AbstractLayoutVersionManager.java:init(83)) - Initializing Layout version manager with metadata layout = HADOOP_PRC_PORTS_IN_DATANODEDETAILS (version = 7), software layout = HADOOP_PRC_PORTS_IN_DATANODEDETAILS (version = 7)
2024-04-29 10:06:58,699 [main] INFO  statemachine.DatanodeStateMachine (DatanodeStateMachine.java:getEndPointTaskThreadPoolSize(299)) - Datanode State Machine Task Thread Pool size 2
2024-04-29 10:06:58,700 [main] INFO  volume.HddsVolume (HddsVolume.java:<init>(126)) - Creating HddsVolume: /home/runner/work/ozone/ozone/hadoop-ozone/integration-test/target/test-dir/MiniOzoneClusterImpl-9e79b078-2218-4abd-b04c-a65fc7f927a6/ozone-meta/datanode-5/data-0/hdds of storage type : DISK capacity : 9223372036854775807
2024-04-29 10:06:58,700 [main] INFO  volume.MutableVolumeSet (MutableVolumeSet.java:initializeVolumeSet(173)) - Added Volume : /home/runner/work/ozone/ozone/hadoop-ozone/integration-test/target/test-dir/MiniOzoneClusterImpl-9e79b078-2218-4abd-b04c-a65fc7f927a6/ozone-meta/datanode-5/data-0/hdds to VolumeSet
2024-04-29 10:06:58,700 [main] INFO  volume.MutableVolumeSet (MutableVolumeSet.java:initializeVolumeSet(173)) - Added Volume : /home/runner/work/ozone/ozone/hadoop-ozone/integration-test/target/test-dir/MiniOzoneClusterImpl-9e79b078-2218-4abd-b04c-a65fc7f927a6/ozone-meta/datanode-5/ratis to VolumeSet
2024-04-29 10:06:58,700 [main] INFO  ozoneimpl.OzoneContainer (HddsVolumeUtil.java:loadAllHddsVolumeDbStore(103)) - Load 1 volumes DbStore cost: 0ms
2024-04-29 10:06:58,702 [main] INFO  server.RaftServer (ConfUtils.java:logGet(46)) - raft.rpc.type = GRPC (default)
2024-04-29 10:06:58,702 [main] INFO  grpc.GrpcConfigKeys (ConfUtils.java:logFallback(53)) - raft.grpc.admin.host = null (fallback to raft.grpc.server.host)
2024-04-29 10:06:58,702 [main] INFO  grpc.GrpcConfigKeys (ConfUtils.java:logGet(46)) - raft.grpc.admin.port = 15494 (custom)
2024-04-29 10:06:58,702 [main] INFO  grpc.GrpcConfigKeys (ConfUtils.java:logFallback(53)) - raft.grpc.client.host = null (fallback to raft.grpc.server.host)
2024-04-29 10:06:58,702 [main] INFO  grpc.GrpcConfigKeys (ConfUtils.java:logGet(46)) - raft.grpc.client.port = 15493 (custom)
2024-04-29 10:06:58,702 [main] INFO  grpc.GrpcConfigKeys (ConfUtils.java:logGet(46)) - raft.grpc.server.host = null (default)
2024-04-29 10:06:58,702 [main] INFO  grpc.GrpcConfigKeys (ConfUtils.java:logGet(46)) - raft.grpc.server.port = 15495 (custom)
2024-04-29 10:06:58,702 [main] INFO  server.GrpcService (ConfUtils.java:logGet(46)) - raft.grpc.message.size.max = 32MB (=33554432) (custom)
2024-04-29 10:06:58,702 [main] INFO  server.RaftServerConfigKeys (ConfUtils.java:logGet(46)) - raft.server.log.appender.buffer.byte-limit = 8388608 (custom)
2024-04-29 10:06:58,702 [main] INFO  server.GrpcService (ConfUtils.java:logGet(46)) - raft.grpc.flow.control.window = 5MB (=5242880) (custom)
2024-04-29 10:06:58,702 [main] INFO  server.RaftServerConfigKeys (ConfUtils.java:logGet(46)) - raft.server.rpc.request.timeout = 3000ms (default)
2024-04-29 10:06:58,703 [main] INFO  grpc.GrpcConfigKeys (ConfUtils.java:logGet(46)) - raft.grpc.server.heartbeat.channel = true (default)
2024-04-29 10:06:58,703 [main] INFO  grpc.GrpcConfigKeys (ConfUtils.java:logGet(46)) - raft.grpc.server.async.request.thread.pool.cached = true (default)
2024-04-29 10:06:58,703 [main] INFO  grpc.GrpcConfigKeys (ConfUtils.java:logGet(46)) - raft.grpc.server.async.request.thread.pool.size = 32 (default)
2024-04-29 10:06:58,704 [main] INFO  impl.DataStreamServerImpl (ConfUtils.java:logGet(46)) - raft.datastream.type = NETTY (custom)
2024-04-29 10:06:58,704 [main] INFO  server.RaftServerConfigKeys (ConfUtils.java:logGet(46)) - raft.server.data-stream.async.request.thread.pool.cached = false (default)
2024-04-29 10:06:58,704 [main] INFO  server.RaftServerConfigKeys (ConfUtils.java:logGet(46)) - raft.server.data-stream.async.request.thread.pool.size = 20 (custom)
2024-04-29 10:06:58,704 [main] INFO  server.RaftServerConfigKeys (ConfUtils.java:logGet(46)) - raft.server.data-stream.async.write.thread.pool.size = 16 (default)
2024-04-29 10:06:58,704 [main] INFO  netty.NettyConfigKeys$DataStream (ConfUtils.java:logGet(46)) - raft.netty.dataStream.server.channel.inactive.grace-period = 10min (default)
2024-04-29 10:06:58,704 [main] INFO  server.RaftServerConfigKeys (ConfUtils.java:logGet(46)) - raft.server.data-stream.client.pool.size = 10 (default)
2024-04-29 10:06:58,705 [main] INFO  netty.NettyConfigKeys$DataStream (ConfUtils.java:logGet(46)) - raft.netty.dataStream.server.use-epoll = true (default)
2024-04-29 10:06:58,705 [main] INFO  netty.NettyConfigKeys$DataStream (ConfUtils.java:logGet(46)) - raft.netty.dataStream.server.boss-group.size = 0 (default)
2024-04-29 10:06:58,705 [main] INFO  netty.NettyUtils (NettyUtils.java:newEventLoopGroup(69)) - Create EpollEventLoopGroup for 05a782ff-e365-47f1-b590-80dc8e3c2105-NettyServerStreamRpc-bossGroup; Thread size is 0.
2024-04-29 10:06:58,705 [main] INFO  netty.NettyConfigKeys$DataStream (ConfUtils.java:logGet(46)) - raft.netty.dataStream.server.worker-group.size = 0 (default)
2024-04-29 10:06:58,705 [main] INFO  netty.NettyUtils (NettyUtils.java:newEventLoopGroup(69)) - Create EpollEventLoopGroup for 05a782ff-e365-47f1-b590-80dc8e3c2105-NettyServerStreamRpc-workerGroup; Thread size is 0.
2024-04-29 10:06:58,705 [main] INFO  netty.NettyConfigKeys$DataStream (ConfUtils.java:logGet(46)) - raft.netty.dataStream.server.tls.conf = null (default)
2024-04-29 10:06:58,705 [main] INFO  netty.NettyConfigKeys$DataStream (ConfUtils.java:logGet(46)) - raft.netty.dataStream.host = null (default)
2024-04-29 10:06:58,705 [main] INFO  netty.NettyConfigKeys$DataStream (ConfUtils.java:logGet(46)) - raft.netty.dataStream.port = 15496 (custom)
2024-04-29 10:06:58,706 [main] INFO  server.RaftServerConfigKeys (ConfUtils.java:logGet(46)) - raft.server.sleep.deviation.threshold = 300ms (default)
2024-04-29 10:06:58,706 [main] INFO  server.RaftServerConfigKeys (ConfUtils.java:logGet(46)) - raft.server.close.threshold = 60s (default)
2024-04-29 10:06:58,706 [main] INFO  server.RaftServerConfigKeys (ConfUtils.java:logGet(46)) - raft.server.leaderelection.leader.step-down.wait-time = 10s (default)
2024-04-29 10:06:58,706 [main] INFO  server.RaftServerConfigKeys (ConfUtils.java:logGet(46)) - raft.server.storage.dir = [/home/runner/work/ozone/ozone/hadoop-ozone/integration-test/target/test-dir/MiniOzoneClusterImpl-9e79b078-2218-4abd-b04c-a65fc7f927a6/ozone-meta/datanode-5/ratis] (custom)
2024-04-29 10:06:58,706 [main] INFO  server.RaftServerConfigKeys (ConfUtils.java:logGet(46)) - raft.server.threadpool.proxy.cached = true (default)
2024-04-29 10:06:58,706 [main] INFO  server.RaftServerConfigKeys (ConfUtils.java:logGet(46)) - raft.server.threadpool.proxy.size = 0 (default)
2024-04-29 10:06:58,706 [05a782ff-e365-47f1-b590-80dc8e3c2105-NettyServerStreamRpc-bossGroup--thread1] INFO  logging.LoggingHandler (AbstractInternalLogger.java:log(148)) - [id: 0xe337ee5b] REGISTERED
2024-04-29 10:06:58,706 [05a782ff-e365-47f1-b590-80dc8e3c2105-NettyServerStreamRpc-bossGroup--thread1] INFO  logging.LoggingHandler (AbstractInternalLogger.java:log(148)) - [id: 0xe337ee5b] BIND: 0.0.0.0/0.0.0.0:15496
2024-04-29 10:06:58,706 [05a782ff-e365-47f1-b590-80dc8e3c2105-NettyServerStreamRpc-bossGroup--thread1] INFO  logging.LoggingHandler (AbstractInternalLogger.java:log(148)) - [id: 0xe337ee5b, L:/0.0.0.0:15496] ACTIVE
2024-04-29 10:06:58,707 [05a782ff-e365-47f1-b590-80dc8e3c2105-impl-thread1] INFO  server.RaftServer (RaftServerProxy.java:initGroupDir(264)) - 05a782ff-e365-47f1-b590-80dc8e3c2105: found a subdirectory /home/runner/work/ozone/ozone/hadoop-ozone/integration-test/target/test-dir/MiniOzoneClusterImpl-9e79b078-2218-4abd-b04c-a65fc7f927a6/ozone-meta/datanode-5/ratis/tmp
2024-04-29 10:06:58,707 [05a782ff-e365-47f1-b590-80dc8e3c2105-impl-thread1] INFO  server.RaftServer (RaftServerProxy.java:initGroupDir(269)) - 05a782ff-e365-47f1-b590-80dc8e3c2105: The directory /home/runner/work/ozone/ozone/hadoop-ozone/integration-test/target/test-dir/MiniOzoneClusterImpl-9e79b078-2218-4abd-b04c-a65fc7f927a6/ozone-meta/datanode-5/ratis/tmp is not a group directory; ignoring it. 
2024-04-29 10:06:58,707 [main] INFO  replication.ReplicationServer (ReplicationServer.java:<init>(86)) - Initializing replication server with thread count = 10 queue length = 4096
2024-04-29 10:06:58,707 [main] INFO  server.XceiverServerGrpc (XceiverServerGrpc.java:<init>(141)) - GrpcServer channel type EpollServerSocketChannel
2024-04-29 10:06:58,708 [main] INFO  replication.ReplicationSupervisor (ReplicationSupervisor.java:build(157)) - Initializing replication supervisor with thread count = 10
2024-04-29 10:06:58,709 [main] INFO  replication.ReplicationSupervisor (ReplicationSupervisor.java:nodeStateUpdated(312)) - Node state updated to IN_SERVICE, scaling executor pool size to 10
2024-04-29 10:06:58,710 [main] INFO  http.BaseHttpServer (BaseHttpServer.java:newHttpServer2BuilderForOzone(223)) - Starting Web-server for hddsDatanode at: http://0.0.0.0:15490
2024-04-29 10:06:58,710 [main] INFO  http.BaseHttpServer (BaseHttpServer.java:<init>(110)) - Hadoop Security Enabled: false Ozone Security Enabled: false Ozone HTTP Security Enabled: false 
2024-04-29 10:06:58,711 [main] WARN  server.AuthenticationFilter (AuthenticationFilter.java:constructSecretProvider(240)) - Unable to initialize FileSignerSecretProvider, falling back to use random secrets. Reason: Could not read signature secret file: /home/runner/hadoop-http-auth-signature-secret
2024-04-29 10:06:58,715 [main] INFO  http.HttpRequestLog (HttpRequestLog.java:getRequestLog(86)) - Http request log for http.requests.hddsDatanode is not defined
2024-04-29 10:06:58,716 [main] INFO  http.HttpServer2 (HttpServer2.java:addGlobalFilter(1036)) - Added global filter 'safety' (class=org.apache.hadoop.hdds.server.http.HttpServer2$QuotingInputFilter)
2024-04-29 10:06:58,716 [main] INFO  http.HttpServer2 (HttpServer2.java:addFilter(1012)) - Added filter static_user_filter (class=org.apache.hadoop.http.lib.StaticUserWebFilter$StaticUserFilter) to context hddsDatanode
2024-04-29 10:06:58,716 [main] INFO  http.HttpServer2 (HttpServer2.java:addFilter(1020)) - Added filter static_user_filter (class=org.apache.hadoop.http.lib.StaticUserWebFilter$StaticUserFilter) to context logs
2024-04-29 10:06:58,716 [main] INFO  http.HttpServer2 (HttpServer2.java:addFilter(1020)) - Added filter static_user_filter (class=org.apache.hadoop.http.lib.StaticUserWebFilter$StaticUserFilter) to context static
2024-04-29 10:06:58,717 [main] INFO  http.BaseHttpServer (BaseHttpServer.java:<init>(189)) - HTTP server of hddsDatanode uses base directory /home/runner/work/ozone/ozone/hadoop-ozone/integration-test/target/test-dir/MiniOzoneClusterImpl-9e79b078-2218-4abd-b04c-a65fc7f927a6/ozone-meta/datanode-5/meta/webserver
2024-04-29 10:06:58,717 [main] INFO  http.HttpServer2 (HttpServer2.java:bindListener(1236)) - Jetty bound to port 15490
2024-04-29 10:06:58,717 [main] INFO  server.Server (Server.java:doStart(375)) - jetty-9.4.54.v20240208; built: 2024-02-08T19:42:39.027Z; git: cef3fbd6d736a21e7d541a5db490381d95a2047d; jvm 17.0.10+7
2024-04-29 10:06:58,718 [main] INFO  server.session (DefaultSessionIdManager.java:doStart(334)) - DefaultSessionIdManager workerName=node0
2024-04-29 10:06:58,718 [main] INFO  server.session (DefaultSessionIdManager.java:doStart(339)) - No SessionScavenger set, using defaults
2024-04-29 10:06:58,718 [main] INFO  server.session (HouseKeeper.java:startScavenging(132)) - node0 Scavenging every 660000ms
2024-04-29 10:06:58,721 [main] INFO  handler.ContextHandler (ContextHandler.java:doStart(921)) - Started o.e.j.s.ServletContextHandler@8ab9629{logs,/logs,file:///home/runner/work/ozone/ozone/hadoop-ozone/integration-test/target/log,AVAILABLE}
2024-04-29 10:06:58,721 [main] INFO  handler.ContextHandler (ContextHandler.java:doStart(921)) - Started o.e.j.s.ServletContextHandler@7751cdf5{static,/static,file:///home/runner/work/ozone/ozone/hadoop-hdds/container-service/target/classes/webapps/static,AVAILABLE}
2024-04-29 10:06:58,724 [main] INFO  handler.ContextHandler (ContextHandler.java:doStart(921)) - Started o.e.j.w.WebAppContext@366558a2{hddsDatanode,/,file:///home/runner/work/ozone/ozone/hadoop-hdds/container-service/target/classes/webapps/hddsDatanode/,AVAILABLE}{file:/home/runner/work/ozone/ozone/hadoop-hdds/container-service/target/classes/webapps/hddsDatanode}
2024-04-29 10:06:58,724 [main] INFO  server.AbstractConnector (AbstractConnector.java:doStart(333)) - Started ServerConnector@6796ec2b{HTTP/1.1, (http/1.1)}{0.0.0.0:15490}
2024-04-29 10:06:58,724 [main] INFO  server.Server (Server.java:doStart(415)) - Started @186097ms
2024-04-29 10:06:58,724 [main] WARN  impl.MetricsSystemImpl (MetricsSystemImpl.java:register(279)) - Sink prometheus already exists!
2024-04-29 10:06:58,725 [main] INFO  http.BaseHttpServer (BaseHttpServer.java:updateConnectorAddress(354)) - HTTP server of hddsDatanode listening at http://0.0.0.0:15490
2024-04-29 10:06:58,725 [main] INFO  ipc.CallQueueManager (CallQueueManager.java:<init>(90)) - Using callQueue: class java.util.concurrent.LinkedBlockingQueue, queueCapacity: 100, scheduler: class org.apache.hadoop.ipc.DefaultRpcScheduler, ipcBackoff: false.
2024-04-29 10:06:58,725 [main] INFO  ipc.Server (Server.java:<init>(1287)) - Listener at 0.0.0.0:15491
2024-04-29 10:06:58,725 [Socket Reader #1 for port 15491] INFO  ipc.Server (Server.java:run(1323)) - Starting Socket Reader #1 for port 15491
2024-04-29 10:06:58,727 [main] INFO  ozone.HddsDatanodeService (HddsDatanodeService.java:start(327)) - Datanode start with admins: [runner]
2024-04-29 10:06:58,727 [main] INFO  ozone.HddsDatanodeClientProtocolServer (HddsDatanodeClientProtocolServer.java:start(77)) - RPC server for Client /0.0.0.0:15491
2024-04-29 10:06:58,727 [IPC Server Responder] INFO  ipc.Server (Server.java:run(1562)) - IPC Server Responder: starting
2024-04-29 10:06:58,727 [IPC Server listener on 15491] INFO  ipc.Server (Server.java:run(1402)) - IPC Server listener on 15491: starting
2024-04-29 10:06:58,728 [main] WARN  dropwizard3.Dm3MetricRegistriesImpl (Dm3MetricRegistriesImpl.java:addReporterRegistration(113)) - New reporters are added after registries were created. Some metrics will be missing from the reporter. Please add reporter before adding any new registry.
2024-04-29 10:06:58,728 [main] WARN  dropwizard3.Dm3MetricRegistriesImpl (Dm3MetricRegistriesImpl.java:addReporterRegistration(113)) - New reporters are added after registries were created. Some metrics will be missing from the reporter. Please add reporter before adding any new registry.
2024-04-29 10:06:58,727 [05a782ff-e365-47f1-b590-80dc8e3c2105-DatanodeStateMachineDaemonThread] INFO  statemachine.DatanodeStateMachine (DatanodeStateMachine.java:lambda$startDaemon$1(555)) - Ozone container server started.
2024-04-29 10:06:58,728 [main] INFO  impl.MetricsSystemImpl (MetricsSystemImpl.java:init(158)) - HddsDatanode metrics system started (again)
2024-04-29 10:06:58,729 [05a782ff-e365-47f1-b590-80dc8e3c2105-DatanodeStateMachineTaskThread-0] INFO  datanode.InitDatanodeState (InitDatanodeState.java:persistContainerDatanodeDetails(139)) - DatanodeDetails is persisted to /home/runner/work/ozone/ozone/hadoop-ozone/integration-test/target/test-dir/MiniOzoneClusterImpl-9e79b078-2218-4abd-b04c-a65fc7f927a6/ozone-meta/datanode-5/meta/datanode.id
2024-04-29 10:06:58,736 [main] INFO  ozone.HddsDatanodeService (HddsDatanodeService.java:start(240)) - HddsDatanodeService host:fv-az913-54.hn4i015bbztebps0p24f5airth.phxx.internal.cloudapp.net ip:10.1.0.39
2024-04-29 10:06:58,756 [main] INFO  upgrade.AbstractLayoutVersionManager (AbstractLayoutVersionManager.java:init(83)) - Initializing Layout version manager with metadata layout = HADOOP_PRC_PORTS_IN_DATANODEDETAILS (version = 7), software layout = HADOOP_PRC_PORTS_IN_DATANODEDETAILS (version = 7)
2024-04-29 10:06:58,756 [main] INFO  statemachine.DatanodeStateMachine (DatanodeStateMachine.java:getEndPointTaskThreadPoolSize(299)) - Datanode State Machine Task Thread Pool size 2
2024-04-29 10:06:58,757 [main] INFO  volume.HddsVolume (HddsVolume.java:<init>(126)) - Creating HddsVolume: /home/runner/work/ozone/ozone/hadoop-ozone/integration-test/target/test-dir/MiniOzoneClusterImpl-9e79b078-2218-4abd-b04c-a65fc7f927a6/ozone-meta/datanode-6/data-0/hdds of storage type : DISK capacity : 9223372036854775807
2024-04-29 10:06:58,757 [main] INFO  volume.MutableVolumeSet (MutableVolumeSet.java:initializeVolumeSet(173)) - Added Volume : /home/runner/work/ozone/ozone/hadoop-ozone/integration-test/target/test-dir/MiniOzoneClusterImpl-9e79b078-2218-4abd-b04c-a65fc7f927a6/ozone-meta/datanode-6/data-0/hdds to VolumeSet
2024-04-29 10:06:58,758 [main] INFO  volume.MutableVolumeSet (MutableVolumeSet.java:initializeVolumeSet(173)) - Added Volume : /home/runner/work/ozone/ozone/hadoop-ozone/integration-test/target/test-dir/MiniOzoneClusterImpl-9e79b078-2218-4abd-b04c-a65fc7f927a6/ozone-meta/datanode-6/ratis to VolumeSet
2024-04-29 10:06:58,758 [main] INFO  ozoneimpl.OzoneContainer (HddsVolumeUtil.java:loadAllHddsVolumeDbStore(103)) - Load 1 volumes DbStore cost: 0ms
2024-04-29 10:06:58,759 [main] INFO  server.RaftServer (ConfUtils.java:logGet(46)) - raft.rpc.type = GRPC (default)
2024-04-29 10:06:58,759 [main] INFO  grpc.GrpcConfigKeys (ConfUtils.java:logFallback(53)) - raft.grpc.admin.host = null (fallback to raft.grpc.server.host)
2024-04-29 10:06:58,769 [main] INFO  grpc.GrpcConfigKeys (ConfUtils.java:logGet(46)) - raft.grpc.admin.port = 15503 (custom)
2024-04-29 10:06:58,770 [main] INFO  grpc.GrpcConfigKeys (ConfUtils.java:logFallback(53)) - raft.grpc.client.host = null (fallback to raft.grpc.server.host)
2024-04-29 10:06:58,770 [main] INFO  grpc.GrpcConfigKeys (ConfUtils.java:logGet(46)) - raft.grpc.client.port = 15502 (custom)
2024-04-29 10:06:58,770 [main] INFO  grpc.GrpcConfigKeys (ConfUtils.java:logGet(46)) - raft.grpc.server.host = null (default)
2024-04-29 10:06:58,770 [main] INFO  grpc.GrpcConfigKeys (ConfUtils.java:logGet(46)) - raft.grpc.server.port = 15504 (custom)
2024-04-29 10:06:58,770 [main] INFO  server.GrpcService (ConfUtils.java:logGet(46)) - raft.grpc.message.size.max = 32MB (=33554432) (custom)
2024-04-29 10:06:58,770 [main] INFO  server.RaftServerConfigKeys (ConfUtils.java:logGet(46)) - raft.server.log.appender.buffer.byte-limit = 8388608 (custom)
2024-04-29 10:06:58,770 [main] INFO  server.GrpcService (ConfUtils.java:logGet(46)) - raft.grpc.flow.control.window = 5MB (=5242880) (custom)
2024-04-29 10:06:58,770 [main] INFO  server.RaftServerConfigKeys (ConfUtils.java:logGet(46)) - raft.server.rpc.request.timeout = 3000ms (default)
2024-04-29 10:06:58,770 [main] INFO  grpc.GrpcConfigKeys (ConfUtils.java:logGet(46)) - raft.grpc.server.heartbeat.channel = true (default)
2024-04-29 10:06:58,770 [main] INFO  grpc.GrpcConfigKeys (ConfUtils.java:logGet(46)) - raft.grpc.server.async.request.thread.pool.cached = true (default)
2024-04-29 10:06:58,771 [main] INFO  grpc.GrpcConfigKeys (ConfUtils.java:logGet(46)) - raft.grpc.server.async.request.thread.pool.size = 32 (default)
2024-04-29 10:06:58,772 [main] INFO  impl.DataStreamServerImpl (ConfUtils.java:logGet(46)) - raft.datastream.type = NETTY (custom)
2024-04-29 10:06:58,772 [main] INFO  server.RaftServerConfigKeys (ConfUtils.java:logGet(46)) - raft.server.data-stream.async.request.thread.pool.cached = false (default)
2024-04-29 10:06:58,772 [main] INFO  server.RaftServerConfigKeys (ConfUtils.java:logGet(46)) - raft.server.data-stream.async.request.thread.pool.size = 20 (custom)
2024-04-29 10:06:58,772 [main] INFO  server.RaftServerConfigKeys (ConfUtils.java:logGet(46)) - raft.server.data-stream.async.write.thread.pool.size = 16 (default)
2024-04-29 10:06:58,772 [main] INFO  netty.NettyConfigKeys$DataStream (ConfUtils.java:logGet(46)) - raft.netty.dataStream.server.channel.inactive.grace-period = 10min (default)
2024-04-29 10:06:58,772 [main] INFO  server.RaftServerConfigKeys (ConfUtils.java:logGet(46)) - raft.server.data-stream.client.pool.size = 10 (default)
2024-04-29 10:06:58,773 [main] INFO  netty.NettyConfigKeys$DataStream (ConfUtils.java:logGet(46)) - raft.netty.dataStream.server.use-epoll = true (default)
2024-04-29 10:06:58,773 [main] INFO  netty.NettyConfigKeys$DataStream (ConfUtils.java:logGet(46)) - raft.netty.dataStream.server.boss-group.size = 0 (default)
2024-04-29 10:06:58,773 [main] INFO  netty.NettyUtils (NettyUtils.java:newEventLoopGroup(69)) - Create EpollEventLoopGroup for 7c1b7d40-21b8-4f63-a346-8b6e9b157cbc-NettyServerStreamRpc-bossGroup; Thread size is 0.
2024-04-29 10:06:58,773 [main] INFO  netty.NettyConfigKeys$DataStream (ConfUtils.java:logGet(46)) - raft.netty.dataStream.server.worker-group.size = 0 (default)
2024-04-29 10:06:58,773 [main] INFO  netty.NettyUtils (NettyUtils.java:newEventLoopGroup(69)) - Create EpollEventLoopGroup for 7c1b7d40-21b8-4f63-a346-8b6e9b157cbc-NettyServerStreamRpc-workerGroup; Thread size is 0.
2024-04-29 10:06:58,773 [main] INFO  netty.NettyConfigKeys$DataStream (ConfUtils.java:logGet(46)) - raft.netty.dataStream.server.tls.conf = null (default)
2024-04-29 10:06:58,773 [main] INFO  netty.NettyConfigKeys$DataStream (ConfUtils.java:logGet(46)) - raft.netty.dataStream.host = null (default)
2024-04-29 10:06:58,773 [main] INFO  netty.NettyConfigKeys$DataStream (ConfUtils.java:logGet(46)) - raft.netty.dataStream.port = 15505 (custom)
2024-04-29 10:06:58,774 [main] INFO  server.RaftServerConfigKeys (ConfUtils.java:logGet(46)) - raft.server.sleep.deviation.threshold = 300ms (default)
2024-04-29 10:06:58,774 [main] INFO  server.RaftServerConfigKeys (ConfUtils.java:logGet(46)) - raft.server.close.threshold = 60s (default)
2024-04-29 10:06:58,774 [main] INFO  server.RaftServerConfigKeys (ConfUtils.java:logGet(46)) - raft.server.leaderelection.leader.step-down.wait-time = 10s (default)
2024-04-29 10:06:58,774 [main] INFO  server.RaftServerConfigKeys (ConfUtils.java:logGet(46)) - raft.server.storage.dir = [/home/runner/work/ozone/ozone/hadoop-ozone/integration-test/target/test-dir/MiniOzoneClusterImpl-9e79b078-2218-4abd-b04c-a65fc7f927a6/ozone-meta/datanode-6/ratis] (custom)
2024-04-29 10:06:58,774 [main] INFO  server.RaftServerConfigKeys (ConfUtils.java:logGet(46)) - raft.server.threadpool.proxy.cached = true (default)
2024-04-29 10:06:58,774 [main] INFO  server.RaftServerConfigKeys (ConfUtils.java:logGet(46)) - raft.server.threadpool.proxy.size = 0 (default)
2024-04-29 10:06:58,774 [7c1b7d40-21b8-4f63-a346-8b6e9b157cbc-NettyServerStreamRpc-bossGroup--thread1] INFO  logging.LoggingHandler (AbstractInternalLogger.java:log(148)) - [id: 0xd6c9b2f9] REGISTERED
2024-04-29 10:06:58,775 [7c1b7d40-21b8-4f63-a346-8b6e9b157cbc-NettyServerStreamRpc-bossGroup--thread1] INFO  logging.LoggingHandler (AbstractInternalLogger.java:log(148)) - [id: 0xd6c9b2f9] BIND: 0.0.0.0/0.0.0.0:15505
2024-04-29 10:06:58,775 [7c1b7d40-21b8-4f63-a346-8b6e9b157cbc-NettyServerStreamRpc-bossGroup--thread1] INFO  logging.LoggingHandler (AbstractInternalLogger.java:log(148)) - [id: 0xd6c9b2f9, L:/0.0.0.0:15505] ACTIVE
2024-04-29 10:06:58,776 [7c1b7d40-21b8-4f63-a346-8b6e9b157cbc-impl-thread1] INFO  server.RaftServer (RaftServerProxy.java:initGroupDir(264)) - 7c1b7d40-21b8-4f63-a346-8b6e9b157cbc: found a subdirectory /home/runner/work/ozone/ozone/hadoop-ozone/integration-test/target/test-dir/MiniOzoneClusterImpl-9e79b078-2218-4abd-b04c-a65fc7f927a6/ozone-meta/datanode-6/ratis/tmp
2024-04-29 10:06:58,776 [7c1b7d40-21b8-4f63-a346-8b6e9b157cbc-impl-thread1] INFO  server.RaftServer (RaftServerProxy.java:initGroupDir(269)) - 7c1b7d40-21b8-4f63-a346-8b6e9b157cbc: The directory /home/runner/work/ozone/ozone/hadoop-ozone/integration-test/target/test-dir/MiniOzoneClusterImpl-9e79b078-2218-4abd-b04c-a65fc7f927a6/ozone-meta/datanode-6/ratis/tmp is not a group directory; ignoring it. 
2024-04-29 10:06:58,776 [main] INFO  replication.ReplicationServer (ReplicationServer.java:<init>(86)) - Initializing replication server with thread count = 10 queue length = 4096
2024-04-29 10:06:58,777 [main] INFO  server.XceiverServerGrpc (XceiverServerGrpc.java:<init>(141)) - GrpcServer channel type EpollServerSocketChannel
2024-04-29 10:06:58,778 [main] INFO  replication.ReplicationSupervisor (ReplicationSupervisor.java:build(157)) - Initializing replication supervisor with thread count = 10
2024-04-29 10:06:58,778 [main] INFO  replication.ReplicationSupervisor (ReplicationSupervisor.java:nodeStateUpdated(312)) - Node state updated to IN_SERVICE, scaling executor pool size to 10
2024-04-29 10:06:58,779 [main] INFO  http.BaseHttpServer (BaseHttpServer.java:newHttpServer2BuilderForOzone(223)) - Starting Web-server for hddsDatanode at: http://0.0.0.0:15499
2024-04-29 10:06:58,779 [main] INFO  http.BaseHttpServer (BaseHttpServer.java:<init>(110)) - Hadoop Security Enabled: false Ozone Security Enabled: false Ozone HTTP Security Enabled: false 
2024-04-29 10:06:58,780 [main] WARN  server.AuthenticationFilter (AuthenticationFilter.java:constructSecretProvider(240)) - Unable to initialize FileSignerSecretProvider, falling back to use random secrets. Reason: Could not read signature secret file: /home/runner/hadoop-http-auth-signature-secret
2024-04-29 10:06:58,780 [main] INFO  http.HttpRequestLog (HttpRequestLog.java:getRequestLog(86)) - Http request log for http.requests.hddsDatanode is not defined
2024-04-29 10:06:58,781 [main] INFO  http.HttpServer2 (HttpServer2.java:addGlobalFilter(1036)) - Added global filter 'safety' (class=org.apache.hadoop.hdds.server.http.HttpServer2$QuotingInputFilter)
2024-04-29 10:06:58,781 [main] INFO  http.HttpServer2 (HttpServer2.java:addFilter(1012)) - Added filter static_user_filter (class=org.apache.hadoop.http.lib.StaticUserWebFilter$StaticUserFilter) to context hddsDatanode
2024-04-29 10:06:58,781 [main] INFO  http.HttpServer2 (HttpServer2.java:addFilter(1020)) - Added filter static_user_filter (class=org.apache.hadoop.http.lib.StaticUserWebFilter$StaticUserFilter) to context static
2024-04-29 10:06:58,781 [main] INFO  http.HttpServer2 (HttpServer2.java:addFilter(1020)) - Added filter static_user_filter (class=org.apache.hadoop.http.lib.StaticUserWebFilter$StaticUserFilter) to context logs
2024-04-29 10:06:58,782 [main] INFO  http.BaseHttpServer (BaseHttpServer.java:<init>(189)) - HTTP server of hddsDatanode uses base directory /home/runner/work/ozone/ozone/hadoop-ozone/integration-test/target/test-dir/MiniOzoneClusterImpl-9e79b078-2218-4abd-b04c-a65fc7f927a6/ozone-meta/datanode-6/meta/webserver
2024-04-29 10:06:58,782 [main] INFO  http.HttpServer2 (HttpServer2.java:bindListener(1236)) - Jetty bound to port 15499
2024-04-29 10:06:58,782 [main] INFO  server.Server (Server.java:doStart(375)) - jetty-9.4.54.v20240208; built: 2024-02-08T19:42:39.027Z; git: cef3fbd6d736a21e7d541a5db490381d95a2047d; jvm 17.0.10+7
2024-04-29 10:06:58,783 [main] INFO  server.session (DefaultSessionIdManager.java:doStart(334)) - DefaultSessionIdManager workerName=node0
2024-04-29 10:06:58,783 [main] INFO  server.session (DefaultSessionIdManager.java:doStart(339)) - No SessionScavenger set, using defaults
2024-04-29 10:06:58,783 [main] INFO  server.session (HouseKeeper.java:startScavenging(132)) - node0 Scavenging every 600000ms
2024-04-29 10:06:58,783 [main] INFO  handler.ContextHandler (ContextHandler.java:doStart(921)) - Started o.e.j.s.ServletContextHandler@63157033{logs,/logs,file:///home/runner/work/ozone/ozone/hadoop-ozone/integration-test/target/log,AVAILABLE}
2024-04-29 10:06:58,784 [main] INFO  handler.ContextHandler (ContextHandler.java:doStart(921)) - Started o.e.j.s.ServletContextHandler@4469a74d{static,/static,file:///home/runner/work/ozone/ozone/hadoop-hdds/container-service/target/classes/webapps/static,AVAILABLE}
2024-04-29 10:06:58,786 [main] INFO  handler.ContextHandler (ContextHandler.java:doStart(921)) - Started o.e.j.w.WebAppContext@5938638f{hddsDatanode,/,file:///home/runner/work/ozone/ozone/hadoop-hdds/container-service/target/classes/webapps/hddsDatanode/,AVAILABLE}{file:/home/runner/work/ozone/ozone/hadoop-hdds/container-service/target/classes/webapps/hddsDatanode}
2024-04-29 10:06:58,787 [main] INFO  server.AbstractConnector (AbstractConnector.java:doStart(333)) - Started ServerConnector@4cf9fa3d{HTTP/1.1, (http/1.1)}{0.0.0.0:15499}
2024-04-29 10:06:58,787 [main] INFO  server.Server (Server.java:doStart(415)) - Started @186159ms
2024-04-29 10:06:58,787 [main] WARN  impl.MetricsSystemImpl (MetricsSystemImpl.java:register(279)) - Sink prometheus already exists!
2024-04-29 10:06:58,787 [main] INFO  http.BaseHttpServer (BaseHttpServer.java:updateConnectorAddress(354)) - HTTP server of hddsDatanode listening at http://0.0.0.0:15499
2024-04-29 10:06:58,787 [main] INFO  ipc.CallQueueManager (CallQueueManager.java:<init>(90)) - Using callQueue: class java.util.concurrent.LinkedBlockingQueue, queueCapacity: 100, scheduler: class org.apache.hadoop.ipc.DefaultRpcScheduler, ipcBackoff: false.
2024-04-29 10:06:58,788 [main] INFO  ipc.Server (Server.java:<init>(1287)) - Listener at 0.0.0.0:15500
2024-04-29 10:06:58,788 [Socket Reader #1 for port 15500] INFO  ipc.Server (Server.java:run(1323)) - Starting Socket Reader #1 for port 15500
2024-04-29 10:06:58,789 [main] INFO  ozone.HddsDatanodeService (HddsDatanodeService.java:start(327)) - Datanode start with admins: [runner]
2024-04-29 10:06:58,789 [main] INFO  ozone.HddsDatanodeClientProtocolServer (HddsDatanodeClientProtocolServer.java:start(77)) - RPC server for Client /0.0.0.0:15500
2024-04-29 10:06:58,789 [IPC Server Responder] INFO  ipc.Server (Server.java:run(1562)) - IPC Server Responder: starting
2024-04-29 10:06:58,789 [IPC Server listener on 15500] INFO  ipc.Server (Server.java:run(1402)) - IPC Server listener on 15500: starting
2024-04-29 10:06:58,791 [7c1b7d40-21b8-4f63-a346-8b6e9b157cbc-DatanodeStateMachineDaemonThread] INFO  statemachine.DatanodeStateMachine (DatanodeStateMachine.java:lambda$startDaemon$1(555)) - Ozone container server started.
2024-04-29 10:06:58,791 [main] WARN  dropwizard3.Dm3MetricRegistriesImpl (Dm3MetricRegistriesImpl.java:addReporterRegistration(113)) - New reporters are added after registries were created. Some metrics will be missing from the reporter. Please add reporter before adding any new registry.
2024-04-29 10:06:58,791 [main] WARN  dropwizard3.Dm3MetricRegistriesImpl (Dm3MetricRegistriesImpl.java:addReporterRegistration(113)) - New reporters are added after registries were created. Some metrics will be missing from the reporter. Please add reporter before adding any new registry.
2024-04-29 10:06:58,791 [main] INFO  impl.MetricsSystemImpl (MetricsSystemImpl.java:init(158)) - HddsDatanode metrics system started (again)
2024-04-29 10:06:58,793 [7c1b7d40-21b8-4f63-a346-8b6e9b157cbc-DatanodeStateMachineTaskThread-0] INFO  datanode.InitDatanodeState (InitDatanodeState.java:persistContainerDatanodeDetails(139)) - DatanodeDetails is persisted to /home/runner/work/ozone/ozone/hadoop-ozone/integration-test/target/test-dir/MiniOzoneClusterImpl-9e79b078-2218-4abd-b04c-a65fc7f927a6/ozone-meta/datanode-6/meta/datanode.id
2024-04-29 10:06:58,800 [main] INFO  ozone.HddsDatanodeService (HddsDatanodeService.java:start(240)) - HddsDatanodeService host:fv-az913-54.hn4i015bbztebps0p24f5airth.phxx.internal.cloudapp.net ip:10.1.0.39
2024-04-29 10:06:58,817 [main] INFO  upgrade.AbstractLayoutVersionManager (AbstractLayoutVersionManager.java:init(83)) - Initializing Layout version manager with metadata layout = HADOOP_PRC_PORTS_IN_DATANODEDETAILS (version = 7), software layout = HADOOP_PRC_PORTS_IN_DATANODEDETAILS (version = 7)
2024-04-29 10:06:58,818 [main] INFO  statemachine.DatanodeStateMachine (DatanodeStateMachine.java:getEndPointTaskThreadPoolSize(299)) - Datanode State Machine Task Thread Pool size 2
2024-04-29 10:06:58,818 [main] INFO  volume.HddsVolume (HddsVolume.java:<init>(126)) - Creating HddsVolume: /home/runner/work/ozone/ozone/hadoop-ozone/integration-test/target/test-dir/MiniOzoneClusterImpl-9e79b078-2218-4abd-b04c-a65fc7f927a6/ozone-meta/datanode-7/data-0/hdds of storage type : DISK capacity : 9223372036854775807
2024-04-29 10:06:58,819 [main] INFO  volume.MutableVolumeSet (MutableVolumeSet.java:initializeVolumeSet(173)) - Added Volume : /home/runner/work/ozone/ozone/hadoop-ozone/integration-test/target/test-dir/MiniOzoneClusterImpl-9e79b078-2218-4abd-b04c-a65fc7f927a6/ozone-meta/datanode-7/data-0/hdds to VolumeSet
2024-04-29 10:06:58,819 [main] INFO  volume.MutableVolumeSet (MutableVolumeSet.java:initializeVolumeSet(173)) - Added Volume : /home/runner/work/ozone/ozone/hadoop-ozone/integration-test/target/test-dir/MiniOzoneClusterImpl-9e79b078-2218-4abd-b04c-a65fc7f927a6/ozone-meta/datanode-7/ratis to VolumeSet
2024-04-29 10:06:58,819 [main] INFO  ozoneimpl.OzoneContainer (HddsVolumeUtil.java:loadAllHddsVolumeDbStore(103)) - Load 1 volumes DbStore cost: 0ms
2024-04-29 10:06:58,820 [main] INFO  server.RaftServer (ConfUtils.java:logGet(46)) - raft.rpc.type = GRPC (default)
2024-04-29 10:06:58,821 [main] INFO  grpc.GrpcConfigKeys (ConfUtils.java:logFallback(53)) - raft.grpc.admin.host = null (fallback to raft.grpc.server.host)
2024-04-29 10:06:58,821 [main] INFO  grpc.GrpcConfigKeys (ConfUtils.java:logGet(46)) - raft.grpc.admin.port = 15512 (custom)
2024-04-29 10:06:58,821 [main] INFO  grpc.GrpcConfigKeys (ConfUtils.java:logFallback(53)) - raft.grpc.client.host = null (fallback to raft.grpc.server.host)
2024-04-29 10:06:58,821 [main] INFO  grpc.GrpcConfigKeys (ConfUtils.java:logGet(46)) - raft.grpc.client.port = 15511 (custom)
2024-04-29 10:06:58,821 [main] INFO  grpc.GrpcConfigKeys (ConfUtils.java:logGet(46)) - raft.grpc.server.host = null (default)
2024-04-29 10:06:58,821 [main] INFO  grpc.GrpcConfigKeys (ConfUtils.java:logGet(46)) - raft.grpc.server.port = 15513 (custom)
2024-04-29 10:06:58,821 [main] INFO  server.GrpcService (ConfUtils.java:logGet(46)) - raft.grpc.message.size.max = 32MB (=33554432) (custom)
2024-04-29 10:06:58,821 [main] INFO  server.RaftServerConfigKeys (ConfUtils.java:logGet(46)) - raft.server.log.appender.buffer.byte-limit = 8388608 (custom)
2024-04-29 10:06:58,821 [main] INFO  server.GrpcService (ConfUtils.java:logGet(46)) - raft.grpc.flow.control.window = 5MB (=5242880) (custom)
2024-04-29 10:06:58,821 [main] INFO  server.RaftServerConfigKeys (ConfUtils.java:logGet(46)) - raft.server.rpc.request.timeout = 3000ms (default)
2024-04-29 10:06:58,821 [main] INFO  grpc.GrpcConfigKeys (ConfUtils.java:logGet(46)) - raft.grpc.server.heartbeat.channel = true (default)
2024-04-29 10:06:58,821 [main] INFO  grpc.GrpcConfigKeys (ConfUtils.java:logGet(46)) - raft.grpc.server.async.request.thread.pool.cached = true (default)
2024-04-29 10:06:58,821 [main] INFO  grpc.GrpcConfigKeys (ConfUtils.java:logGet(46)) - raft.grpc.server.async.request.thread.pool.size = 32 (default)
2024-04-29 10:06:58,823 [main] INFO  impl.DataStreamServerImpl (ConfUtils.java:logGet(46)) - raft.datastream.type = NETTY (custom)
2024-04-29 10:06:58,823 [main] INFO  server.RaftServerConfigKeys (ConfUtils.java:logGet(46)) - raft.server.data-stream.async.request.thread.pool.cached = false (default)
2024-04-29 10:06:58,823 [main] INFO  server.RaftServerConfigKeys (ConfUtils.java:logGet(46)) - raft.server.data-stream.async.request.thread.pool.size = 20 (custom)
2024-04-29 10:06:58,823 [main] INFO  server.RaftServerConfigKeys (ConfUtils.java:logGet(46)) - raft.server.data-stream.async.write.thread.pool.size = 16 (default)
2024-04-29 10:06:58,823 [main] INFO  netty.NettyConfigKeys$DataStream (ConfUtils.java:logGet(46)) - raft.netty.dataStream.server.channel.inactive.grace-period = 10min (default)
2024-04-29 10:06:58,823 [main] INFO  server.RaftServerConfigKeys (ConfUtils.java:logGet(46)) - raft.server.data-stream.client.pool.size = 10 (default)
2024-04-29 10:06:58,823 [main] INFO  netty.NettyConfigKeys$DataStream (ConfUtils.java:logGet(46)) - raft.netty.dataStream.server.use-epoll = true (default)
2024-04-29 10:06:58,823 [main] INFO  netty.NettyConfigKeys$DataStream (ConfUtils.java:logGet(46)) - raft.netty.dataStream.server.boss-group.size = 0 (default)
2024-04-29 10:06:58,823 [main] INFO  netty.NettyUtils (NettyUtils.java:newEventLoopGroup(69)) - Create EpollEventLoopGroup for 6d3d555f-4cf8-4e54-a907-fcd788b1b69a-NettyServerStreamRpc-bossGroup; Thread size is 0.
2024-04-29 10:06:58,824 [main] INFO  netty.NettyConfigKeys$DataStream (ConfUtils.java:logGet(46)) - raft.netty.dataStream.server.worker-group.size = 0 (default)
2024-04-29 10:06:58,824 [main] INFO  netty.NettyUtils (NettyUtils.java:newEventLoopGroup(69)) - Create EpollEventLoopGroup for 6d3d555f-4cf8-4e54-a907-fcd788b1b69a-NettyServerStreamRpc-workerGroup; Thread size is 0.
2024-04-29 10:06:58,824 [main] INFO  netty.NettyConfigKeys$DataStream (ConfUtils.java:logGet(46)) - raft.netty.dataStream.server.tls.conf = null (default)
2024-04-29 10:06:58,824 [main] INFO  netty.NettyConfigKeys$DataStream (ConfUtils.java:logGet(46)) - raft.netty.dataStream.host = null (default)
2024-04-29 10:06:58,824 [main] INFO  netty.NettyConfigKeys$DataStream (ConfUtils.java:logGet(46)) - raft.netty.dataStream.port = 15514 (custom)
2024-04-29 10:06:58,824 [main] INFO  server.RaftServerConfigKeys (ConfUtils.java:logGet(46)) - raft.server.sleep.deviation.threshold = 300ms (default)
2024-04-29 10:06:58,824 [main] INFO  server.RaftServerConfigKeys (ConfUtils.java:logGet(46)) - raft.server.close.threshold = 60s (default)
2024-04-29 10:06:58,825 [main] INFO  server.RaftServerConfigKeys (ConfUtils.java:logGet(46)) - raft.server.leaderelection.leader.step-down.wait-time = 10s (default)
2024-04-29 10:06:58,825 [main] INFO  server.RaftServerConfigKeys (ConfUtils.java:logGet(46)) - raft.server.storage.dir = [/home/runner/work/ozone/ozone/hadoop-ozone/integration-test/target/test-dir/MiniOzoneClusterImpl-9e79b078-2218-4abd-b04c-a65fc7f927a6/ozone-meta/datanode-7/ratis] (custom)
2024-04-29 10:06:58,825 [main] INFO  server.RaftServerConfigKeys (ConfUtils.java:logGet(46)) - raft.server.threadpool.proxy.cached = true (default)
2024-04-29 10:06:58,825 [main] INFO  server.RaftServerConfigKeys (ConfUtils.java:logGet(46)) - raft.server.threadpool.proxy.size = 0 (default)
2024-04-29 10:06:58,825 [6d3d555f-4cf8-4e54-a907-fcd788b1b69a-NettyServerStreamRpc-bossGroup--thread1] INFO  logging.LoggingHandler (AbstractInternalLogger.java:log(148)) - [id: 0xbcb4221e] REGISTERED
2024-04-29 10:06:58,825 [6d3d555f-4cf8-4e54-a907-fcd788b1b69a-NettyServerStreamRpc-bossGroup--thread1] INFO  logging.LoggingHandler (AbstractInternalLogger.java:log(148)) - [id: 0xbcb4221e] BIND: 0.0.0.0/0.0.0.0:15514
2024-04-29 10:06:58,825 [6d3d555f-4cf8-4e54-a907-fcd788b1b69a-NettyServerStreamRpc-bossGroup--thread1] INFO  logging.LoggingHandler (AbstractInternalLogger.java:log(148)) - [id: 0xbcb4221e, L:/0.0.0.0:15514] ACTIVE
2024-04-29 10:06:58,825 [6d3d555f-4cf8-4e54-a907-fcd788b1b69a-impl-thread1] INFO  server.RaftServer (RaftServerProxy.java:initGroupDir(264)) - 6d3d555f-4cf8-4e54-a907-fcd788b1b69a: found a subdirectory /home/runner/work/ozone/ozone/hadoop-ozone/integration-test/target/test-dir/MiniOzoneClusterImpl-9e79b078-2218-4abd-b04c-a65fc7f927a6/ozone-meta/datanode-7/ratis/tmp
2024-04-29 10:06:58,825 [6d3d555f-4cf8-4e54-a907-fcd788b1b69a-impl-thread1] INFO  server.RaftServer (RaftServerProxy.java:initGroupDir(269)) - 6d3d555f-4cf8-4e54-a907-fcd788b1b69a: The directory /home/runner/work/ozone/ozone/hadoop-ozone/integration-test/target/test-dir/MiniOzoneClusterImpl-9e79b078-2218-4abd-b04c-a65fc7f927a6/ozone-meta/datanode-7/ratis/tmp is not a group directory; ignoring it. 
2024-04-29 10:06:58,826 [main] INFO  replication.ReplicationServer (ReplicationServer.java:<init>(86)) - Initializing replication server with thread count = 10 queue length = 4096
2024-04-29 10:06:58,826 [main] INFO  server.XceiverServerGrpc (XceiverServerGrpc.java:<init>(141)) - GrpcServer channel type EpollServerSocketChannel
2024-04-29 10:06:58,827 [main] INFO  replication.ReplicationSupervisor (ReplicationSupervisor.java:build(157)) - Initializing replication supervisor with thread count = 10
2024-04-29 10:06:58,827 [main] INFO  replication.ReplicationSupervisor (ReplicationSupervisor.java:nodeStateUpdated(312)) - Node state updated to IN_SERVICE, scaling executor pool size to 10
2024-04-29 10:06:58,828 [main] INFO  http.BaseHttpServer (BaseHttpServer.java:newHttpServer2BuilderForOzone(223)) - Starting Web-server for hddsDatanode at: http://0.0.0.0:15508
2024-04-29 10:06:58,829 [main] INFO  http.BaseHttpServer (BaseHttpServer.java:<init>(110)) - Hadoop Security Enabled: false Ozone Security Enabled: false Ozone HTTP Security Enabled: false 
2024-04-29 10:06:58,829 [main] WARN  server.AuthenticationFilter (AuthenticationFilter.java:constructSecretProvider(240)) - Unable to initialize FileSignerSecretProvider, falling back to use random secrets. Reason: Could not read signature secret file: /home/runner/hadoop-http-auth-signature-secret
2024-04-29 10:06:58,833 [main] INFO  http.HttpRequestLog (HttpRequestLog.java:getRequestLog(86)) - Http request log for http.requests.hddsDatanode is not defined
2024-04-29 10:06:58,834 [main] INFO  http.HttpServer2 (HttpServer2.java:addGlobalFilter(1036)) - Added global filter 'safety' (class=org.apache.hadoop.hdds.server.http.HttpServer2$QuotingInputFilter)
2024-04-29 10:06:58,834 [main] INFO  http.HttpServer2 (HttpServer2.java:addFilter(1012)) - Added filter static_user_filter (class=org.apache.hadoop.http.lib.StaticUserWebFilter$StaticUserFilter) to context hddsDatanode
2024-04-29 10:06:58,835 [main] INFO  http.HttpServer2 (HttpServer2.java:addFilter(1020)) - Added filter static_user_filter (class=org.apache.hadoop.http.lib.StaticUserWebFilter$StaticUserFilter) to context logs
2024-04-29 10:06:58,835 [main] INFO  http.HttpServer2 (HttpServer2.java:addFilter(1020)) - Added filter static_user_filter (class=org.apache.hadoop.http.lib.StaticUserWebFilter$StaticUserFilter) to context static
2024-04-29 10:06:58,835 [main] INFO  http.BaseHttpServer (BaseHttpServer.java:<init>(189)) - HTTP server of hddsDatanode uses base directory /home/runner/work/ozone/ozone/hadoop-ozone/integration-test/target/test-dir/MiniOzoneClusterImpl-9e79b078-2218-4abd-b04c-a65fc7f927a6/ozone-meta/datanode-7/meta/webserver
2024-04-29 10:06:58,835 [main] INFO  http.HttpServer2 (HttpServer2.java:bindListener(1236)) - Jetty bound to port 15508
2024-04-29 10:06:58,835 [main] INFO  server.Server (Server.java:doStart(375)) - jetty-9.4.54.v20240208; built: 2024-02-08T19:42:39.027Z; git: cef3fbd6d736a21e7d541a5db490381d95a2047d; jvm 17.0.10+7
2024-04-29 10:06:58,837 [main] INFO  server.session (DefaultSessionIdManager.java:doStart(334)) - DefaultSessionIdManager workerName=node0
2024-04-29 10:06:58,837 [main] INFO  server.session (DefaultSessionIdManager.java:doStart(339)) - No SessionScavenger set, using defaults
2024-04-29 10:06:58,837 [main] INFO  server.session (HouseKeeper.java:startScavenging(132)) - node0 Scavenging every 600000ms
2024-04-29 10:06:58,840 [main] INFO  handler.ContextHandler (ContextHandler.java:doStart(921)) - Started o.e.j.s.ServletContextHandler@58b2df95{logs,/logs,file:///home/runner/work/ozone/ozone/hadoop-ozone/integration-test/target/log,AVAILABLE}
2024-04-29 10:06:58,840 [main] INFO  handler.ContextHandler (ContextHandler.java:doStart(921)) - Started o.e.j.s.ServletContextHandler@7d9d4205{static,/static,file:///home/runner/work/ozone/ozone/hadoop-hdds/container-service/target/classes/webapps/static,AVAILABLE}
2024-04-29 10:06:58,844 [main] INFO  handler.ContextHandler (ContextHandler.java:doStart(921)) - Started o.e.j.w.WebAppContext@4036d9cd{hddsDatanode,/,file:///home/runner/work/ozone/ozone/hadoop-hdds/container-service/target/classes/webapps/hddsDatanode/,AVAILABLE}{file:/home/runner/work/ozone/ozone/hadoop-hdds/container-service/target/classes/webapps/hddsDatanode}
2024-04-29 10:06:58,844 [main] INFO  server.AbstractConnector (AbstractConnector.java:doStart(333)) - Started ServerConnector@486ee396{HTTP/1.1, (http/1.1)}{0.0.0.0:15508}
2024-04-29 10:06:58,844 [main] INFO  server.Server (Server.java:doStart(415)) - Started @186217ms
2024-04-29 10:06:58,844 [main] WARN  impl.MetricsSystemImpl (MetricsSystemImpl.java:register(279)) - Sink prometheus already exists!
2024-04-29 10:06:58,845 [main] INFO  http.BaseHttpServer (BaseHttpServer.java:updateConnectorAddress(354)) - HTTP server of hddsDatanode listening at http://0.0.0.0:15508
2024-04-29 10:06:58,845 [main] INFO  ipc.CallQueueManager (CallQueueManager.java:<init>(90)) - Using callQueue: class java.util.concurrent.LinkedBlockingQueue, queueCapacity: 100, scheduler: class org.apache.hadoop.ipc.DefaultRpcScheduler, ipcBackoff: false.
2024-04-29 10:06:58,845 [main] INFO  ipc.Server (Server.java:<init>(1287)) - Listener at 0.0.0.0:15509
2024-04-29 10:06:58,847 [Socket Reader #1 for port 15509] INFO  ipc.Server (Server.java:run(1323)) - Starting Socket Reader #1 for port 15509
2024-04-29 10:06:58,848 [main] INFO  ozone.HddsDatanodeService (HddsDatanodeService.java:start(327)) - Datanode start with admins: [runner]
2024-04-29 10:06:58,848 [main] INFO  ozone.HddsDatanodeClientProtocolServer (HddsDatanodeClientProtocolServer.java:start(77)) - RPC server for Client /0.0.0.0:15509
2024-04-29 10:06:58,848 [IPC Server Responder] INFO  ipc.Server (Server.java:run(1562)) - IPC Server Responder: starting
2024-04-29 10:06:58,848 [IPC Server listener on 15509] INFO  ipc.Server (Server.java:run(1402)) - IPC Server listener on 15509: starting
2024-04-29 10:06:58,849 [6d3d555f-4cf8-4e54-a907-fcd788b1b69a-DatanodeStateMachineDaemonThread] INFO  statemachine.DatanodeStateMachine (DatanodeStateMachine.java:lambda$startDaemon$1(555)) - Ozone container server started.
2024-04-29 10:06:58,849 [main] WARN  dropwizard3.Dm3MetricRegistriesImpl (Dm3MetricRegistriesImpl.java:addReporterRegistration(113)) - New reporters are added after registries were created. Some metrics will be missing from the reporter. Please add reporter before adding any new registry.
2024-04-29 10:06:58,849 [main] WARN  dropwizard3.Dm3MetricRegistriesImpl (Dm3MetricRegistriesImpl.java:addReporterRegistration(113)) - New reporters are added after registries were created. Some metrics will be missing from the reporter. Please add reporter before adding any new registry.
2024-04-29 10:06:58,849 [main] INFO  impl.MetricsSystemImpl (MetricsSystemImpl.java:init(158)) - HddsDatanode metrics system started (again)
2024-04-29 10:06:58,851 [6d3d555f-4cf8-4e54-a907-fcd788b1b69a-DatanodeStateMachineTaskThread-0] INFO  datanode.InitDatanodeState (InitDatanodeState.java:persistContainerDatanodeDetails(139)) - DatanodeDetails is persisted to /home/runner/work/ozone/ozone/hadoop-ozone/integration-test/target/test-dir/MiniOzoneClusterImpl-9e79b078-2218-4abd-b04c-a65fc7f927a6/ozone-meta/datanode-7/meta/datanode.id
2024-04-29 10:06:58,857 [main] INFO  ozone.HddsDatanodeService (HddsDatanodeService.java:start(240)) - HddsDatanodeService host:fv-az913-54.hn4i015bbztebps0p24f5airth.phxx.internal.cloudapp.net ip:10.1.0.39
2024-04-29 10:06:58,873 [main] INFO  upgrade.AbstractLayoutVersionManager (AbstractLayoutVersionManager.java:init(83)) - Initializing Layout version manager with metadata layout = HADOOP_PRC_PORTS_IN_DATANODEDETAILS (version = 7), software layout = HADOOP_PRC_PORTS_IN_DATANODEDETAILS (version = 7)
2024-04-29 10:06:58,873 [main] INFO  statemachine.DatanodeStateMachine (DatanodeStateMachine.java:getEndPointTaskThreadPoolSize(299)) - Datanode State Machine Task Thread Pool size 2
2024-04-29 10:06:58,874 [main] INFO  volume.HddsVolume (HddsVolume.java:<init>(126)) - Creating HddsVolume: /home/runner/work/ozone/ozone/hadoop-ozone/integration-test/target/test-dir/MiniOzoneClusterImpl-9e79b078-2218-4abd-b04c-a65fc7f927a6/ozone-meta/datanode-8/data-0/hdds of storage type : DISK capacity : 9223372036854775807
2024-04-29 10:06:58,874 [main] INFO  volume.MutableVolumeSet (MutableVolumeSet.java:initializeVolumeSet(173)) - Added Volume : /home/runner/work/ozone/ozone/hadoop-ozone/integration-test/target/test-dir/MiniOzoneClusterImpl-9e79b078-2218-4abd-b04c-a65fc7f927a6/ozone-meta/datanode-8/data-0/hdds to VolumeSet
2024-04-29 10:06:58,875 [main] INFO  volume.MutableVolumeSet (MutableVolumeSet.java:initializeVolumeSet(173)) - Added Volume : /home/runner/work/ozone/ozone/hadoop-ozone/integration-test/target/test-dir/MiniOzoneClusterImpl-9e79b078-2218-4abd-b04c-a65fc7f927a6/ozone-meta/datanode-8/ratis to VolumeSet
2024-04-29 10:06:58,875 [main] INFO  ozoneimpl.OzoneContainer (HddsVolumeUtil.java:loadAllHddsVolumeDbStore(103)) - Load 1 volumes DbStore cost: 0ms
2024-04-29 10:06:58,876 [main] INFO  server.RaftServer (ConfUtils.java:logGet(46)) - raft.rpc.type = GRPC (default)
2024-04-29 10:06:58,876 [main] INFO  grpc.GrpcConfigKeys (ConfUtils.java:logFallback(53)) - raft.grpc.admin.host = null (fallback to raft.grpc.server.host)
2024-04-29 10:06:58,876 [main] INFO  grpc.GrpcConfigKeys (ConfUtils.java:logGet(46)) - raft.grpc.admin.port = 15521 (custom)
2024-04-29 10:06:58,876 [main] INFO  grpc.GrpcConfigKeys (ConfUtils.java:logFallback(53)) - raft.grpc.client.host = null (fallback to raft.grpc.server.host)
2024-04-29 10:06:58,876 [main] INFO  grpc.GrpcConfigKeys (ConfUtils.java:logGet(46)) - raft.grpc.client.port = 15520 (custom)
2024-04-29 10:06:58,876 [main] INFO  grpc.GrpcConfigKeys (ConfUtils.java:logGet(46)) - raft.grpc.server.host = null (default)
2024-04-29 10:06:58,876 [main] INFO  grpc.GrpcConfigKeys (ConfUtils.java:logGet(46)) - raft.grpc.server.port = 15522 (custom)
2024-04-29 10:06:58,877 [main] INFO  server.GrpcService (ConfUtils.java:logGet(46)) - raft.grpc.message.size.max = 32MB (=33554432) (custom)
2024-04-29 10:06:58,877 [main] INFO  server.RaftServerConfigKeys (ConfUtils.java:logGet(46)) - raft.server.log.appender.buffer.byte-limit = 8388608 (custom)
2024-04-29 10:06:58,877 [main] INFO  server.GrpcService (ConfUtils.java:logGet(46)) - raft.grpc.flow.control.window = 5MB (=5242880) (custom)
2024-04-29 10:06:58,877 [main] INFO  server.RaftServerConfigKeys (ConfUtils.java:logGet(46)) - raft.server.rpc.request.timeout = 3000ms (default)
2024-04-29 10:06:58,877 [main] INFO  grpc.GrpcConfigKeys (ConfUtils.java:logGet(46)) - raft.grpc.server.heartbeat.channel = true (default)
2024-04-29 10:06:58,877 [main] INFO  grpc.GrpcConfigKeys (ConfUtils.java:logGet(46)) - raft.grpc.server.async.request.thread.pool.cached = true (default)
2024-04-29 10:06:58,877 [main] INFO  grpc.GrpcConfigKeys (ConfUtils.java:logGet(46)) - raft.grpc.server.async.request.thread.pool.size = 32 (default)
2024-04-29 10:06:58,878 [main] INFO  impl.DataStreamServerImpl (ConfUtils.java:logGet(46)) - raft.datastream.type = NETTY (custom)
2024-04-29 10:06:58,878 [main] INFO  server.RaftServerConfigKeys (ConfUtils.java:logGet(46)) - raft.server.data-stream.async.request.thread.pool.cached = false (default)
2024-04-29 10:06:58,879 [main] INFO  server.RaftServerConfigKeys (ConfUtils.java:logGet(46)) - raft.server.data-stream.async.request.thread.pool.size = 20 (custom)
2024-04-29 10:06:58,879 [main] INFO  server.RaftServerConfigKeys (ConfUtils.java:logGet(46)) - raft.server.data-stream.async.write.thread.pool.size = 16 (default)
2024-04-29 10:06:58,879 [main] INFO  netty.NettyConfigKeys$DataStream (ConfUtils.java:logGet(46)) - raft.netty.dataStream.server.channel.inactive.grace-period = 10min (default)
2024-04-29 10:06:58,879 [main] INFO  server.RaftServerConfigKeys (ConfUtils.java:logGet(46)) - raft.server.data-stream.client.pool.size = 10 (default)
2024-04-29 10:06:58,879 [main] INFO  netty.NettyConfigKeys$DataStream (ConfUtils.java:logGet(46)) - raft.netty.dataStream.server.use-epoll = true (default)
2024-04-29 10:06:58,879 [main] INFO  netty.NettyConfigKeys$DataStream (ConfUtils.java:logGet(46)) - raft.netty.dataStream.server.boss-group.size = 0 (default)
2024-04-29 10:06:58,879 [main] INFO  netty.NettyUtils (NettyUtils.java:newEventLoopGroup(69)) - Create EpollEventLoopGroup for d40c8439-b047-4b38-90b1-52a68d7d9fe2-NettyServerStreamRpc-bossGroup; Thread size is 0.
2024-04-29 10:06:58,879 [main] INFO  netty.NettyConfigKeys$DataStream (ConfUtils.java:logGet(46)) - raft.netty.dataStream.server.worker-group.size = 0 (default)
2024-04-29 10:06:58,879 [main] INFO  netty.NettyUtils (NettyUtils.java:newEventLoopGroup(69)) - Create EpollEventLoopGroup for d40c8439-b047-4b38-90b1-52a68d7d9fe2-NettyServerStreamRpc-workerGroup; Thread size is 0.
2024-04-29 10:06:58,879 [main] INFO  netty.NettyConfigKeys$DataStream (ConfUtils.java:logGet(46)) - raft.netty.dataStream.server.tls.conf = null (default)
2024-04-29 10:06:58,879 [main] INFO  netty.NettyConfigKeys$DataStream (ConfUtils.java:logGet(46)) - raft.netty.dataStream.host = null (default)
2024-04-29 10:06:58,880 [main] INFO  netty.NettyConfigKeys$DataStream (ConfUtils.java:logGet(46)) - raft.netty.dataStream.port = 15523 (custom)
2024-04-29 10:06:58,880 [main] INFO  server.RaftServerConfigKeys (ConfUtils.java:logGet(46)) - raft.server.sleep.deviation.threshold = 300ms (default)
2024-04-29 10:06:58,880 [main] INFO  server.RaftServerConfigKeys (ConfUtils.java:logGet(46)) - raft.server.close.threshold = 60s (default)
2024-04-29 10:06:58,880 [main] INFO  server.RaftServerConfigKeys (ConfUtils.java:logGet(46)) - raft.server.leaderelection.leader.step-down.wait-time = 10s (default)
2024-04-29 10:06:58,880 [main] INFO  server.RaftServerConfigKeys (ConfUtils.java:logGet(46)) - raft.server.storage.dir = [/home/runner/work/ozone/ozone/hadoop-ozone/integration-test/target/test-dir/MiniOzoneClusterImpl-9e79b078-2218-4abd-b04c-a65fc7f927a6/ozone-meta/datanode-8/ratis] (custom)
2024-04-29 10:06:58,880 [main] INFO  server.RaftServerConfigKeys (ConfUtils.java:logGet(46)) - raft.server.threadpool.proxy.cached = true (default)
2024-04-29 10:06:58,880 [main] INFO  server.RaftServerConfigKeys (ConfUtils.java:logGet(46)) - raft.server.threadpool.proxy.size = 0 (default)
2024-04-29 10:06:58,880 [d40c8439-b047-4b38-90b1-52a68d7d9fe2-NettyServerStreamRpc-bossGroup--thread1] INFO  logging.LoggingHandler (AbstractInternalLogger.java:log(148)) - [id: 0x01a43eec] REGISTERED
2024-04-29 10:06:58,881 [d40c8439-b047-4b38-90b1-52a68d7d9fe2-impl-thread1] INFO  server.RaftServer (RaftServerProxy.java:initGroupDir(264)) - d40c8439-b047-4b38-90b1-52a68d7d9fe2: found a subdirectory /home/runner/work/ozone/ozone/hadoop-ozone/integration-test/target/test-dir/MiniOzoneClusterImpl-9e79b078-2218-4abd-b04c-a65fc7f927a6/ozone-meta/datanode-8/ratis/tmp
2024-04-29 10:06:58,881 [d40c8439-b047-4b38-90b1-52a68d7d9fe2-impl-thread1] INFO  server.RaftServer (RaftServerProxy.java:initGroupDir(269)) - d40c8439-b047-4b38-90b1-52a68d7d9fe2: The directory /home/runner/work/ozone/ozone/hadoop-ozone/integration-test/target/test-dir/MiniOzoneClusterImpl-9e79b078-2218-4abd-b04c-a65fc7f927a6/ozone-meta/datanode-8/ratis/tmp is not a group directory; ignoring it. 
2024-04-29 10:06:58,881 [d40c8439-b047-4b38-90b1-52a68d7d9fe2-NettyServerStreamRpc-bossGroup--thread1] INFO  logging.LoggingHandler (AbstractInternalLogger.java:log(148)) - [id: 0x01a43eec] BIND: 0.0.0.0/0.0.0.0:15523
2024-04-29 10:06:58,881 [main] INFO  replication.ReplicationServer (ReplicationServer.java:<init>(86)) - Initializing replication server with thread count = 10 queue length = 4096
2024-04-29 10:06:58,881 [d40c8439-b047-4b38-90b1-52a68d7d9fe2-NettyServerStreamRpc-bossGroup--thread1] INFO  logging.LoggingHandler (AbstractInternalLogger.java:log(148)) - [id: 0x01a43eec, L:/0.0.0.0:15523] ACTIVE
2024-04-29 10:06:58,882 [main] INFO  server.XceiverServerGrpc (XceiverServerGrpc.java:<init>(141)) - GrpcServer channel type EpollServerSocketChannel
2024-04-29 10:06:58,883 [main] INFO  replication.ReplicationSupervisor (ReplicationSupervisor.java:build(157)) - Initializing replication supervisor with thread count = 10
2024-04-29 10:06:58,883 [main] INFO  replication.ReplicationSupervisor (ReplicationSupervisor.java:nodeStateUpdated(312)) - Node state updated to IN_SERVICE, scaling executor pool size to 10
2024-04-29 10:06:58,884 [main] INFO  http.BaseHttpServer (BaseHttpServer.java:newHttpServer2BuilderForOzone(223)) - Starting Web-server for hddsDatanode at: http://0.0.0.0:15517
2024-04-29 10:06:58,884 [main] INFO  http.BaseHttpServer (BaseHttpServer.java:<init>(110)) - Hadoop Security Enabled: false Ozone Security Enabled: false Ozone HTTP Security Enabled: false 
2024-04-29 10:06:58,885 [main] WARN  server.AuthenticationFilter (AuthenticationFilter.java:constructSecretProvider(240)) - Unable to initialize FileSignerSecretProvider, falling back to use random secrets. Reason: Could not read signature secret file: /home/runner/hadoop-http-auth-signature-secret
2024-04-29 10:06:58,885 [main] INFO  http.HttpRequestLog (HttpRequestLog.java:getRequestLog(86)) - Http request log for http.requests.hddsDatanode is not defined
2024-04-29 10:06:58,886 [main] INFO  http.HttpServer2 (HttpServer2.java:addGlobalFilter(1036)) - Added global filter 'safety' (class=org.apache.hadoop.hdds.server.http.HttpServer2$QuotingInputFilter)
2024-04-29 10:06:58,886 [main] INFO  http.HttpServer2 (HttpServer2.java:addFilter(1012)) - Added filter static_user_filter (class=org.apache.hadoop.http.lib.StaticUserWebFilter$StaticUserFilter) to context hddsDatanode
2024-04-29 10:06:58,886 [main] INFO  http.HttpServer2 (HttpServer2.java:addFilter(1020)) - Added filter static_user_filter (class=org.apache.hadoop.http.lib.StaticUserWebFilter$StaticUserFilter) to context static
2024-04-29 10:06:58,886 [main] INFO  http.HttpServer2 (HttpServer2.java:addFilter(1020)) - Added filter static_user_filter (class=org.apache.hadoop.http.lib.StaticUserWebFilter$StaticUserFilter) to context logs
2024-04-29 10:06:58,887 [main] INFO  http.BaseHttpServer (BaseHttpServer.java:<init>(189)) - HTTP server of hddsDatanode uses base directory /home/runner/work/ozone/ozone/hadoop-ozone/integration-test/target/test-dir/MiniOzoneClusterImpl-9e79b078-2218-4abd-b04c-a65fc7f927a6/ozone-meta/datanode-8/meta/webserver
2024-04-29 10:06:58,887 [main] INFO  http.HttpServer2 (HttpServer2.java:bindListener(1236)) - Jetty bound to port 15517
2024-04-29 10:06:58,887 [main] INFO  server.Server (Server.java:doStart(375)) - jetty-9.4.54.v20240208; built: 2024-02-08T19:42:39.027Z; git: cef3fbd6d736a21e7d541a5db490381d95a2047d; jvm 17.0.10+7
2024-04-29 10:06:58,888 [main] INFO  server.session (DefaultSessionIdManager.java:doStart(334)) - DefaultSessionIdManager workerName=node0
2024-04-29 10:06:58,888 [main] INFO  server.session (DefaultSessionIdManager.java:doStart(339)) - No SessionScavenger set, using defaults
2024-04-29 10:06:58,888 [main] INFO  server.session (HouseKeeper.java:startScavenging(132)) - node0 Scavenging every 660000ms
2024-04-29 10:06:58,888 [main] INFO  handler.ContextHandler (ContextHandler.java:doStart(921)) - Started o.e.j.s.ServletContextHandler@3246b04b{logs,/logs,file:///home/runner/work/ozone/ozone/hadoop-ozone/integration-test/target/log,AVAILABLE}
2024-04-29 10:06:58,889 [main] INFO  handler.ContextHandler (ContextHandler.java:doStart(921)) - Started o.e.j.s.ServletContextHandler@31ba3b3c{static,/static,file:///home/runner/work/ozone/ozone/hadoop-hdds/container-service/target/classes/webapps/static,AVAILABLE}
2024-04-29 10:06:58,891 [main] INFO  handler.ContextHandler (ContextHandler.java:doStart(921)) - Started o.e.j.w.WebAppContext@79832158{hddsDatanode,/,file:///home/runner/work/ozone/ozone/hadoop-hdds/container-service/target/classes/webapps/hddsDatanode/,AVAILABLE}{file:/home/runner/work/ozone/ozone/hadoop-hdds/container-service/target/classes/webapps/hddsDatanode}
2024-04-29 10:06:58,891 [main] INFO  server.AbstractConnector (AbstractConnector.java:doStart(333)) - Started ServerConnector@4ad30ac5{HTTP/1.1, (http/1.1)}{0.0.0.0:15517}
2024-04-29 10:06:58,891 [main] INFO  server.Server (Server.java:doStart(415)) - Started @186264ms
2024-04-29 10:06:58,891 [main] WARN  impl.MetricsSystemImpl (MetricsSystemImpl.java:register(279)) - Sink prometheus already exists!
2024-04-29 10:06:58,892 [main] INFO  http.BaseHttpServer (BaseHttpServer.java:updateConnectorAddress(354)) - HTTP server of hddsDatanode listening at http://0.0.0.0:15517
2024-04-29 10:06:58,892 [main] INFO  ipc.CallQueueManager (CallQueueManager.java:<init>(90)) - Using callQueue: class java.util.concurrent.LinkedBlockingQueue, queueCapacity: 100, scheduler: class org.apache.hadoop.ipc.DefaultRpcScheduler, ipcBackoff: false.
2024-04-29 10:06:58,892 [main] INFO  ipc.Server (Server.java:<init>(1287)) - Listener at 0.0.0.0:15518
2024-04-29 10:06:58,892 [Socket Reader #1 for port 15518] INFO  ipc.Server (Server.java:run(1323)) - Starting Socket Reader #1 for port 15518
2024-04-29 10:06:58,893 [main] INFO  ozone.HddsDatanodeService (HddsDatanodeService.java:start(327)) - Datanode start with admins: [runner]
2024-04-29 10:06:58,893 [main] INFO  ozone.HddsDatanodeClientProtocolServer (HddsDatanodeClientProtocolServer.java:start(77)) - RPC server for Client /0.0.0.0:15518
2024-04-29 10:06:58,894 [IPC Server listener on 15518] INFO  ipc.Server (Server.java:run(1402)) - IPC Server listener on 15518: starting
2024-04-29 10:06:58,894 [IPC Server Responder] INFO  ipc.Server (Server.java:run(1562)) - IPC Server Responder: starting
2024-04-29 10:06:58,894 [d40c8439-b047-4b38-90b1-52a68d7d9fe2-DatanodeStateMachineDaemonThread] INFO  statemachine.DatanodeStateMachine (DatanodeStateMachine.java:lambda$startDaemon$1(555)) - Ozone container server started.
2024-04-29 10:06:58,894 [main] WARN  dropwizard3.Dm3MetricRegistriesImpl (Dm3MetricRegistriesImpl.java:addReporterRegistration(113)) - New reporters are added after registries were created. Some metrics will be missing from the reporter. Please add reporter before adding any new registry.
2024-04-29 10:06:58,894 [main] WARN  dropwizard3.Dm3MetricRegistriesImpl (Dm3MetricRegistriesImpl.java:addReporterRegistration(113)) - New reporters are added after registries were created. Some metrics will be missing from the reporter. Please add reporter before adding any new registry.
2024-04-29 10:06:58,894 [main] INFO  impl.MetricsSystemImpl (MetricsSystemImpl.java:init(158)) - HddsDatanode metrics system started (again)
2024-04-29 10:06:58,898 [d40c8439-b047-4b38-90b1-52a68d7d9fe2-DatanodeStateMachineTaskThread-0] INFO  datanode.InitDatanodeState (InitDatanodeState.java:persistContainerDatanodeDetails(139)) - DatanodeDetails is persisted to /home/runner/work/ozone/ozone/hadoop-ozone/integration-test/target/test-dir/MiniOzoneClusterImpl-9e79b078-2218-4abd-b04c-a65fc7f927a6/ozone-meta/datanode-8/meta/datanode.id
2024-04-29 10:06:58,903 [main] INFO  ozone.HddsDatanodeService (HddsDatanodeService.java:start(240)) - HddsDatanodeService host:fv-az913-54.hn4i015bbztebps0p24f5airth.phxx.internal.cloudapp.net ip:10.1.0.39
2024-04-29 10:06:58,918 [main] INFO  upgrade.AbstractLayoutVersionManager (AbstractLayoutVersionManager.java:init(83)) - Initializing Layout version manager with metadata layout = HADOOP_PRC_PORTS_IN_DATANODEDETAILS (version = 7), software layout = HADOOP_PRC_PORTS_IN_DATANODEDETAILS (version = 7)
2024-04-29 10:06:58,919 [main] INFO  statemachine.DatanodeStateMachine (DatanodeStateMachine.java:getEndPointTaskThreadPoolSize(299)) - Datanode State Machine Task Thread Pool size 2
2024-04-29 10:06:58,919 [main] INFO  volume.HddsVolume (HddsVolume.java:<init>(126)) - Creating HddsVolume: /home/runner/work/ozone/ozone/hadoop-ozone/integration-test/target/test-dir/MiniOzoneClusterImpl-9e79b078-2218-4abd-b04c-a65fc7f927a6/ozone-meta/datanode-9/data-0/hdds of storage type : DISK capacity : 9223372036854775807
2024-04-29 10:06:58,919 [main] INFO  volume.MutableVolumeSet (MutableVolumeSet.java:initializeVolumeSet(173)) - Added Volume : /home/runner/work/ozone/ozone/hadoop-ozone/integration-test/target/test-dir/MiniOzoneClusterImpl-9e79b078-2218-4abd-b04c-a65fc7f927a6/ozone-meta/datanode-9/data-0/hdds to VolumeSet
2024-04-29 10:06:58,920 [main] INFO  volume.MutableVolumeSet (MutableVolumeSet.java:initializeVolumeSet(173)) - Added Volume : /home/runner/work/ozone/ozone/hadoop-ozone/integration-test/target/test-dir/MiniOzoneClusterImpl-9e79b078-2218-4abd-b04c-a65fc7f927a6/ozone-meta/datanode-9/ratis to VolumeSet
2024-04-29 10:06:58,920 [main] INFO  ozoneimpl.OzoneContainer (HddsVolumeUtil.java:loadAllHddsVolumeDbStore(103)) - Load 1 volumes DbStore cost: 0ms
2024-04-29 10:06:58,921 [main] INFO  server.RaftServer (ConfUtils.java:logGet(46)) - raft.rpc.type = GRPC (default)
2024-04-29 10:06:58,921 [main] INFO  grpc.GrpcConfigKeys (ConfUtils.java:logFallback(53)) - raft.grpc.admin.host = null (fallback to raft.grpc.server.host)
2024-04-29 10:06:58,921 [main] INFO  grpc.GrpcConfigKeys (ConfUtils.java:logGet(46)) - raft.grpc.admin.port = 15530 (custom)
2024-04-29 10:06:58,922 [main] INFO  grpc.GrpcConfigKeys (ConfUtils.java:logFallback(53)) - raft.grpc.client.host = null (fallback to raft.grpc.server.host)
2024-04-29 10:06:58,922 [main] INFO  grpc.GrpcConfigKeys (ConfUtils.java:logGet(46)) - raft.grpc.client.port = 15529 (custom)
2024-04-29 10:06:58,922 [main] INFO  grpc.GrpcConfigKeys (ConfUtils.java:logGet(46)) - raft.grpc.server.host = null (default)
2024-04-29 10:06:58,922 [main] INFO  grpc.GrpcConfigKeys (ConfUtils.java:logGet(46)) - raft.grpc.server.port = 15531 (custom)
2024-04-29 10:06:58,922 [main] INFO  server.GrpcService (ConfUtils.java:logGet(46)) - raft.grpc.message.size.max = 32MB (=33554432) (custom)
2024-04-29 10:06:58,922 [main] INFO  server.RaftServerConfigKeys (ConfUtils.java:logGet(46)) - raft.server.log.appender.buffer.byte-limit = 8388608 (custom)
2024-04-29 10:06:58,922 [main] INFO  server.GrpcService (ConfUtils.java:logGet(46)) - raft.grpc.flow.control.window = 5MB (=5242880) (custom)
2024-04-29 10:06:58,922 [main] INFO  server.RaftServerConfigKeys (ConfUtils.java:logGet(46)) - raft.server.rpc.request.timeout = 3000ms (default)
2024-04-29 10:06:58,922 [main] INFO  grpc.GrpcConfigKeys (ConfUtils.java:logGet(46)) - raft.grpc.server.heartbeat.channel = true (default)
2024-04-29 10:06:58,922 [main] INFO  grpc.GrpcConfigKeys (ConfUtils.java:logGet(46)) - raft.grpc.server.async.request.thread.pool.cached = true (default)
2024-04-29 10:06:58,922 [main] INFO  grpc.GrpcConfigKeys (ConfUtils.java:logGet(46)) - raft.grpc.server.async.request.thread.pool.size = 32 (default)
2024-04-29 10:06:58,924 [main] INFO  impl.DataStreamServerImpl (ConfUtils.java:logGet(46)) - raft.datastream.type = NETTY (custom)
2024-04-29 10:06:58,924 [main] INFO  server.RaftServerConfigKeys (ConfUtils.java:logGet(46)) - raft.server.data-stream.async.request.thread.pool.cached = false (default)
2024-04-29 10:06:58,924 [main] INFO  server.RaftServerConfigKeys (ConfUtils.java:logGet(46)) - raft.server.data-stream.async.request.thread.pool.size = 20 (custom)
2024-04-29 10:06:58,924 [main] INFO  server.RaftServerConfigKeys (ConfUtils.java:logGet(46)) - raft.server.data-stream.async.write.thread.pool.size = 16 (default)
2024-04-29 10:06:58,924 [main] INFO  netty.NettyConfigKeys$DataStream (ConfUtils.java:logGet(46)) - raft.netty.dataStream.server.channel.inactive.grace-period = 10min (default)
2024-04-29 10:06:58,924 [main] INFO  server.RaftServerConfigKeys (ConfUtils.java:logGet(46)) - raft.server.data-stream.client.pool.size = 10 (default)
2024-04-29 10:06:58,925 [main] INFO  netty.NettyConfigKeys$DataStream (ConfUtils.java:logGet(46)) - raft.netty.dataStream.server.use-epoll = true (default)
2024-04-29 10:06:58,925 [main] INFO  netty.NettyConfigKeys$DataStream (ConfUtils.java:logGet(46)) - raft.netty.dataStream.server.boss-group.size = 0 (default)
2024-04-29 10:06:58,925 [main] INFO  netty.NettyUtils (NettyUtils.java:newEventLoopGroup(69)) - Create EpollEventLoopGroup for 158faee4-db49-465b-9160-a35c663658b4-NettyServerStreamRpc-bossGroup; Thread size is 0.
2024-04-29 10:06:58,925 [main] INFO  netty.NettyConfigKeys$DataStream (ConfUtils.java:logGet(46)) - raft.netty.dataStream.server.worker-group.size = 0 (default)
2024-04-29 10:06:58,925 [main] INFO  netty.NettyUtils (NettyUtils.java:newEventLoopGroup(69)) - Create EpollEventLoopGroup for 158faee4-db49-465b-9160-a35c663658b4-NettyServerStreamRpc-workerGroup; Thread size is 0.
2024-04-29 10:06:58,925 [main] INFO  netty.NettyConfigKeys$DataStream (ConfUtils.java:logGet(46)) - raft.netty.dataStream.server.tls.conf = null (default)
2024-04-29 10:06:58,925 [main] INFO  netty.NettyConfigKeys$DataStream (ConfUtils.java:logGet(46)) - raft.netty.dataStream.host = null (default)
2024-04-29 10:06:58,925 [main] INFO  netty.NettyConfigKeys$DataStream (ConfUtils.java:logGet(46)) - raft.netty.dataStream.port = 15532 (custom)
2024-04-29 10:06:58,926 [main] INFO  server.RaftServerConfigKeys (ConfUtils.java:logGet(46)) - raft.server.sleep.deviation.threshold = 300ms (default)
2024-04-29 10:06:58,926 [main] INFO  server.RaftServerConfigKeys (ConfUtils.java:logGet(46)) - raft.server.close.threshold = 60s (default)
2024-04-29 10:06:58,926 [main] INFO  server.RaftServerConfigKeys (ConfUtils.java:logGet(46)) - raft.server.leaderelection.leader.step-down.wait-time = 10s (default)
2024-04-29 10:06:58,926 [main] INFO  server.RaftServerConfigKeys (ConfUtils.java:logGet(46)) - raft.server.storage.dir = [/home/runner/work/ozone/ozone/hadoop-ozone/integration-test/target/test-dir/MiniOzoneClusterImpl-9e79b078-2218-4abd-b04c-a65fc7f927a6/ozone-meta/datanode-9/ratis] (custom)
2024-04-29 10:06:58,926 [main] INFO  server.RaftServerConfigKeys (ConfUtils.java:logGet(46)) - raft.server.threadpool.proxy.cached = true (default)
2024-04-29 10:06:58,926 [main] INFO  server.RaftServerConfigKeys (ConfUtils.java:logGet(46)) - raft.server.threadpool.proxy.size = 0 (default)
2024-04-29 10:06:58,926 [158faee4-db49-465b-9160-a35c663658b4-NettyServerStreamRpc-bossGroup--thread1] INFO  logging.LoggingHandler (AbstractInternalLogger.java:log(148)) - [id: 0x726a6ac5] REGISTERED
2024-04-29 10:06:58,927 [158faee4-db49-465b-9160-a35c663658b4-NettyServerStreamRpc-bossGroup--thread1] INFO  logging.LoggingHandler (AbstractInternalLogger.java:log(148)) - [id: 0x726a6ac5] BIND: 0.0.0.0/0.0.0.0:15532
2024-04-29 10:06:58,927 [158faee4-db49-465b-9160-a35c663658b4-NettyServerStreamRpc-bossGroup--thread1] INFO  logging.LoggingHandler (AbstractInternalLogger.java:log(148)) - [id: 0x726a6ac5, L:/0.0.0.0:15532] ACTIVE
2024-04-29 10:06:58,928 [158faee4-db49-465b-9160-a35c663658b4-impl-thread1] INFO  server.RaftServer (RaftServerProxy.java:initGroupDir(264)) - 158faee4-db49-465b-9160-a35c663658b4: found a subdirectory /home/runner/work/ozone/ozone/hadoop-ozone/integration-test/target/test-dir/MiniOzoneClusterImpl-9e79b078-2218-4abd-b04c-a65fc7f927a6/ozone-meta/datanode-9/ratis/tmp
2024-04-29 10:06:58,928 [158faee4-db49-465b-9160-a35c663658b4-impl-thread1] INFO  server.RaftServer (RaftServerProxy.java:initGroupDir(269)) - 158faee4-db49-465b-9160-a35c663658b4: The directory /home/runner/work/ozone/ozone/hadoop-ozone/integration-test/target/test-dir/MiniOzoneClusterImpl-9e79b078-2218-4abd-b04c-a65fc7f927a6/ozone-meta/datanode-9/ratis/tmp is not a group directory; ignoring it. 
2024-04-29 10:06:58,929 [main] INFO  replication.ReplicationServer (ReplicationServer.java:<init>(86)) - Initializing replication server with thread count = 10 queue length = 4096
2024-04-29 10:06:58,929 [main] INFO  server.XceiverServerGrpc (XceiverServerGrpc.java:<init>(141)) - GrpcServer channel type EpollServerSocketChannel
2024-04-29 10:06:58,930 [main] INFO  replication.ReplicationSupervisor (ReplicationSupervisor.java:build(157)) - Initializing replication supervisor with thread count = 10
2024-04-29 10:06:58,930 [main] INFO  replication.ReplicationSupervisor (ReplicationSupervisor.java:nodeStateUpdated(312)) - Node state updated to IN_SERVICE, scaling executor pool size to 10
2024-04-29 10:06:58,931 [main] INFO  http.BaseHttpServer (BaseHttpServer.java:newHttpServer2BuilderForOzone(223)) - Starting Web-server for hddsDatanode at: http://0.0.0.0:15526
2024-04-29 10:06:58,932 [main] INFO  http.BaseHttpServer (BaseHttpServer.java:<init>(110)) - Hadoop Security Enabled: false Ozone Security Enabled: false Ozone HTTP Security Enabled: false 
2024-04-29 10:06:58,932 [main] WARN  server.AuthenticationFilter (AuthenticationFilter.java:constructSecretProvider(240)) - Unable to initialize FileSignerSecretProvider, falling back to use random secrets. Reason: Could not read signature secret file: /home/runner/hadoop-http-auth-signature-secret
2024-04-29 10:06:58,933 [main] INFO  http.HttpRequestLog (HttpRequestLog.java:getRequestLog(86)) - Http request log for http.requests.hddsDatanode is not defined
2024-04-29 10:06:58,933 [main] INFO  http.HttpServer2 (HttpServer2.java:addGlobalFilter(1036)) - Added global filter 'safety' (class=org.apache.hadoop.hdds.server.http.HttpServer2$QuotingInputFilter)
2024-04-29 10:06:58,933 [main] INFO  http.HttpServer2 (HttpServer2.java:addFilter(1012)) - Added filter static_user_filter (class=org.apache.hadoop.http.lib.StaticUserWebFilter$StaticUserFilter) to context hddsDatanode
2024-04-29 10:06:58,934 [main] INFO  http.HttpServer2 (HttpServer2.java:addFilter(1020)) - Added filter static_user_filter (class=org.apache.hadoop.http.lib.StaticUserWebFilter$StaticUserFilter) to context logs
2024-04-29 10:06:58,934 [main] INFO  http.HttpServer2 (HttpServer2.java:addFilter(1020)) - Added filter static_user_filter (class=org.apache.hadoop.http.lib.StaticUserWebFilter$StaticUserFilter) to context static
2024-04-29 10:06:58,934 [main] INFO  http.BaseHttpServer (BaseHttpServer.java:<init>(189)) - HTTP server of hddsDatanode uses base directory /home/runner/work/ozone/ozone/hadoop-ozone/integration-test/target/test-dir/MiniOzoneClusterImpl-9e79b078-2218-4abd-b04c-a65fc7f927a6/ozone-meta/datanode-9/meta/webserver
2024-04-29 10:06:58,934 [main] INFO  http.HttpServer2 (HttpServer2.java:bindListener(1236)) - Jetty bound to port 15526
2024-04-29 10:06:58,934 [main] INFO  server.Server (Server.java:doStart(375)) - jetty-9.4.54.v20240208; built: 2024-02-08T19:42:39.027Z; git: cef3fbd6d736a21e7d541a5db490381d95a2047d; jvm 17.0.10+7
2024-04-29 10:06:58,935 [main] INFO  server.session (DefaultSessionIdManager.java:doStart(334)) - DefaultSessionIdManager workerName=node0
2024-04-29 10:06:58,935 [main] INFO  server.session (DefaultSessionIdManager.java:doStart(339)) - No SessionScavenger set, using defaults
2024-04-29 10:06:58,935 [main] INFO  server.session (HouseKeeper.java:startScavenging(132)) - node0 Scavenging every 600000ms
2024-04-29 10:06:58,936 [main] INFO  handler.ContextHandler (ContextHandler.java:doStart(921)) - Started o.e.j.s.ServletContextHandler@36f2bb92{logs,/logs,file:///home/runner/work/ozone/ozone/hadoop-ozone/integration-test/target/log,AVAILABLE}
2024-04-29 10:06:58,936 [main] INFO  handler.ContextHandler (ContextHandler.java:doStart(921)) - Started o.e.j.s.ServletContextHandler@4237aaa6{static,/static,file:///home/runner/work/ozone/ozone/hadoop-hdds/container-service/target/classes/webapps/static,AVAILABLE}
2024-04-29 10:06:58,938 [main] INFO  handler.ContextHandler (ContextHandler.java:doStart(921)) - Started o.e.j.w.WebAppContext@be6b0d6{hddsDatanode,/,file:///home/runner/work/ozone/ozone/hadoop-hdds/container-service/target/classes/webapps/hddsDatanode/,AVAILABLE}{file:/home/runner/work/ozone/ozone/hadoop-hdds/container-service/target/classes/webapps/hddsDatanode}
2024-04-29 10:06:58,939 [main] INFO  server.AbstractConnector (AbstractConnector.java:doStart(333)) - Started ServerConnector@925e0c8{HTTP/1.1, (http/1.1)}{0.0.0.0:15526}
2024-04-29 10:06:58,939 [main] INFO  server.Server (Server.java:doStart(415)) - Started @186312ms
2024-04-29 10:06:58,939 [main] WARN  impl.MetricsSystemImpl (MetricsSystemImpl.java:register(279)) - Sink prometheus already exists!
2024-04-29 10:06:58,939 [main] INFO  http.BaseHttpServer (BaseHttpServer.java:updateConnectorAddress(354)) - HTTP server of hddsDatanode listening at http://0.0.0.0:15526
2024-04-29 10:06:58,940 [main] INFO  ipc.CallQueueManager (CallQueueManager.java:<init>(90)) - Using callQueue: class java.util.concurrent.LinkedBlockingQueue, queueCapacity: 100, scheduler: class org.apache.hadoop.ipc.DefaultRpcScheduler, ipcBackoff: false.
2024-04-29 10:06:58,940 [main] INFO  ipc.Server (Server.java:<init>(1287)) - Listener at 0.0.0.0:15527
2024-04-29 10:06:58,940 [Socket Reader #1 for port 15527] INFO  ipc.Server (Server.java:run(1323)) - Starting Socket Reader #1 for port 15527
2024-04-29 10:06:58,941 [main] INFO  ozone.HddsDatanodeService (HddsDatanodeService.java:start(327)) - Datanode start with admins: [runner]
2024-04-29 10:06:58,941 [main] INFO  ozone.HddsDatanodeClientProtocolServer (HddsDatanodeClientProtocolServer.java:start(77)) - RPC server for Client /0.0.0.0:15527
2024-04-29 10:06:58,942 [IPC Server Responder] INFO  ipc.Server (Server.java:run(1562)) - IPC Server Responder: starting
2024-04-29 10:06:58,945 [IPC Server listener on 15527] INFO  ipc.Server (Server.java:run(1402)) - IPC Server listener on 15527: starting
2024-04-29 10:06:58,946 [158faee4-db49-465b-9160-a35c663658b4-DatanodeStateMachineDaemonThread] INFO  statemachine.DatanodeStateMachine (DatanodeStateMachine.java:lambda$startDaemon$1(555)) - Ozone container server started.
2024-04-29 10:06:58,946 [main] INFO  ozone.MiniOzoneClusterImpl (MiniOzoneClusterImpl.java:lambda$waitForClusterToBeReady$0(194)) - Waiting for nodes to be ready. Got 0 of 9 DN Heartbeats.
2024-04-29 10:06:58,946 [main] INFO  ozone.MiniOzoneClusterImpl (MiniOzoneClusterImpl.java:lambda$waitForClusterToBeReady$0(197)) - Waiting for cluster to exit safe mode
2024-04-29 10:06:58,946 [main] INFO  ozone.MiniOzoneClusterImpl (MiniOzoneClusterImpl.java:lambda$waitForClusterToBeReady$0(199)) - SCM became leader
2024-04-29 10:06:58,949 [158faee4-db49-465b-9160-a35c663658b4-DatanodeStateMachineTaskThread-0] INFO  datanode.InitDatanodeState (InitDatanodeState.java:persistContainerDatanodeDetails(139)) - DatanodeDetails is persisted to /home/runner/work/ozone/ozone/hadoop-ozone/integration-test/target/test-dir/MiniOzoneClusterImpl-9e79b078-2218-4abd-b04c-a65fc7f927a6/ozone-meta/datanode-9/meta/datanode.id
2024-04-29 10:06:59,467 [om1@group-C5BA1605619E-FollowerState] INFO  impl.FollowerState (FollowerState.java:run(143)) - om1@group-C5BA1605619E-FollowerState: change to CANDIDATE, lastRpcElapsedTime:1021927638ns, electionTimeout:1021ms
2024-04-29 10:06:59,467 [om1@group-C5BA1605619E-FollowerState] INFO  impl.RoleInfo (RoleInfo.java:shutdownFollowerState(110)) - om1: shutdown om1@group-C5BA1605619E-FollowerState
2024-04-29 10:06:59,467 [om1@group-C5BA1605619E-FollowerState] INFO  server.RaftServer$Division (RaftServerImpl.java:setRole(383)) - om1@group-C5BA1605619E: changes role from  FOLLOWER to CANDIDATE at term 0 for changeToCandidate
2024-04-29 10:06:59,468 [om1@group-C5BA1605619E-FollowerState] INFO  server.RaftServerConfigKeys (ConfUtils.java:logGet(46)) - raft.server.leaderelection.pre-vote = true (default)
2024-04-29 10:06:59,468 [om1@group-C5BA1605619E-FollowerState] INFO  impl.RoleInfo (RoleInfo.java:updateAndGet(139)) - om1: start om1@group-C5BA1605619E-LeaderElection78
2024-04-29 10:06:59,468 [om1@group-C5BA1605619E-LeaderElection78] INFO  impl.LeaderElection (LeaderElection.java:askForVotes(321)) - om1@group-C5BA1605619E-LeaderElection78 PRE_VOTE round 0: submit vote requests at term 0 for -1: peers:[om1|localhost:15452]|listeners:[], old=null
2024-04-29 10:06:59,468 [om1@group-C5BA1605619E-LeaderElection78] INFO  impl.LeaderElection (LeaderElection.java:askForVotes(323)) - om1@group-C5BA1605619E-LeaderElection78 PRE_VOTE round 0: result PASSED (term=0)
2024-04-29 10:06:59,469 [om1@group-C5BA1605619E-LeaderElection78] INFO  impl.LeaderElection (LeaderElection.java:askForVotes(321)) - om1@group-C5BA1605619E-LeaderElection78 ELECTION round 0: submit vote requests at term 1 for -1: peers:[om1|localhost:15452]|listeners:[], old=null
2024-04-29 10:06:59,469 [om1@group-C5BA1605619E-LeaderElection78] INFO  impl.LeaderElection (LeaderElection.java:askForVotes(323)) - om1@group-C5BA1605619E-LeaderElection78 ELECTION round 0: result PASSED (term=1)
2024-04-29 10:06:59,469 [om1@group-C5BA1605619E-LeaderElection78] INFO  impl.RoleInfo (RoleInfo.java:shutdownLeaderElection(130)) - om1: shutdown om1@group-C5BA1605619E-LeaderElection78
2024-04-29 10:06:59,469 [om1@group-C5BA1605619E-LeaderElection78] INFO  server.RaftServer$Division (RaftServerImpl.java:setRole(383)) - om1@group-C5BA1605619E: changes role from CANDIDATE to LEADER at term 1 for changeToLeader
2024-04-29 10:06:59,469 [om1@group-C5BA1605619E-LeaderElection78] INFO  server.RaftServerConfigKeys (ConfUtils.java:logGet(46)) - raft.server.staging.catchup.gap = 1000 (default)
2024-04-29 10:06:59,469 [om1@group-C5BA1605619E-LeaderElection78] INFO  server.RaftServerConfigKeys (ConfUtils.java:logGet(46)) - raft.server.write.element-limit = 4096 (default)
2024-04-29 10:06:59,469 [om1@group-C5BA1605619E-LeaderElection78] INFO  server.RaftServerConfigKeys (ConfUtils.java:logGet(46)) - raft.server.write.byte-limit = 64MB (=67108864) (default)
2024-04-29 10:06:59,470 [om1@group-C5BA1605619E-LeaderElection78] INFO  server.RaftServerConfigKeys (ConfUtils.java:logGet(46)) - raft.server.watch.timeout = 10s (default)
2024-04-29 10:06:59,470 [om1@group-C5BA1605619E-LeaderElection78] INFO  server.RaftServerConfigKeys (ConfUtils.java:logGet(46)) - raft.server.watch.timeout.denomination = 1s (default)
2024-04-29 10:06:59,470 [om1@group-C5BA1605619E-LeaderElection78] INFO  server.RaftServerConfigKeys (ConfUtils.java:logGet(46)) - raft.server.watch.element-limit = 65536 (default)
2024-04-29 10:06:59,470 [om1@group-C5BA1605619E-LeaderElection78] INFO  server.RaftServerConfigKeys (ConfUtils.java:logGet(46)) - raft.server.read.leader.lease.enabled = false (default)
2024-04-29 10:06:59,470 [om1@group-C5BA1605619E-LeaderElection78] INFO  server.RaftServerConfigKeys (ConfUtils.java:logGet(46)) - raft.server.read.leader.lease.timeout.ratio = 0.9 (default)
2024-04-29 10:06:59,470 [om1@group-C5BA1605619E-LeaderElection78] INFO  server.RaftServerConfigKeys (ConfUtils.java:logGet(46)) - raft.server.rpc.timeout.min = 1s (custom)
2024-04-29 10:06:59,470 [om1@group-C5BA1605619E-LeaderElection78] INFO  server.RaftServerConfigKeys (ConfUtils.java:logGet(46)) - raft.server.write.element-limit = 4096 (default)
2024-04-29 10:06:59,470 [om1@group-C5BA1605619E-LeaderElection78] INFO  server.RaftServerConfigKeys (ConfUtils.java:logGet(46)) - raft.server.write.follower.gap.ratio.max = -1.0 (default)
2024-04-29 10:06:59,470 [om1@group-C5BA1605619E-LeaderElection78] INFO  impl.RoleInfo (RoleInfo.java:updateAndGet(139)) - om1: start om1@group-C5BA1605619E-LeaderStateImpl
2024-04-29 10:06:59,470 [om1@group-C5BA1605619E-LeaderElection78] INFO  server.RaftServer$Division (RaftServerImpl.java:setFirstElection(574)) - om1@group-C5BA1605619E: set firstElectionSinceStartup to false for becomeLeader
2024-04-29 10:06:59,470 [om1@group-C5BA1605619E-LeaderElection78] INFO  server.RaftServer$Division (ServerState.java:setLeader(269)) - om1@group-C5BA1605619E: change Leader from null to om1 at term 1 for becomeLeader, leader elected after 1265ms
2024-04-29 10:06:59,470 [om1@group-C5BA1605619E-LeaderElection78] INFO  segmented.SegmentedRaftLogWorker (SegmentedRaftLogWorker.java:startLogSegment(430)) - om1@group-C5BA1605619E-SegmentedRaftLogWorker: Starting segment from index:0
2024-04-29 10:06:59,471 [om1@group-C5BA1605619E-SegmentedRaftLogWorker] INFO  segmented.BufferedWriteChannel (BufferedWriteChannel.java:open(62)) - open log_inprogress_0 at position 0
2024-04-29 10:06:59,473 [om1@group-C5BA1605619E-LeaderElection78] INFO  server.RaftServer$Division (ServerState.java:setRaftConf(386)) - om1@group-C5BA1605619E: set configuration 0: peers:[om1|localhost:15452]|listeners:[], old=null
2024-04-29 10:06:59,477 [om1@group-C5BA1605619E-SegmentedRaftLogWorker] INFO  segmented.SegmentedRaftLogWorker (SegmentedRaftLogWorker.java:execute(634)) - om1@group-C5BA1605619E-SegmentedRaftLogWorker: created new log segment /home/runner/work/ozone/ozone/hadoop-ozone/integration-test/target/test-dir/MiniOzoneClusterImpl-9e79b078-2218-4abd-b04c-a65fc7f927a6/ozone-meta/ratis/bf265839-605b-3f16-9796-c5ba1605619e/current/log_inprogress_0
2024-04-29 10:06:59,479 [om1@group-C5BA1605619E-StateMachineUpdater] INFO  ratis.OzoneManagerStateMachine (OzoneManagerStateMachine.java:notifyConfigurationChanged(212)) - Received Configuration change notification from Ratis. New Peer list:
[id: "om1"
address: "localhost:15452"
startupRole: FOLLOWER
]
2024-04-29 10:06:59,479 [om1@group-C5BA1605619E-StateMachineUpdater] INFO  server.RaftServer$Division (LeaderStateImpl.java:isApplied(320)) - leader is ready since appliedIndex == 0 >= startIndex == 0
2024-04-29 10:06:59,946 [main] INFO  ozone.MiniOzoneClusterImpl (MiniOzoneClusterImpl.java:lambda$waitForClusterToBeReady$0(194)) - Waiting for nodes to be ready. Got 0 of 9 DN Heartbeats.
2024-04-29 10:06:59,947 [main] INFO  ozone.MiniOzoneClusterImpl (MiniOzoneClusterImpl.java:lambda$waitForClusterToBeReady$0(197)) - Waiting for cluster to exit safe mode
2024-04-29 10:06:59,947 [main] INFO  ozone.MiniOzoneClusterImpl (MiniOzoneClusterImpl.java:lambda$waitForClusterToBeReady$0(199)) - SCM became leader
2024-04-29 10:07:00,551 [ff005283-6149-44cc-9e6b-88eb174549f2-EndpointStateMachineTaskThread-/0.0.0.0:15447-0 ] INFO  utils.DatanodeStoreCache (DatanodeStoreCache.java:addDB(72)) - Added db /home/runner/work/ozone/ozone/hadoop-ozone/integration-test/target/test-dir/MiniOzoneClusterImpl-9e79b078-2218-4abd-b04c-a65fc7f927a6/ozone-meta/datanode-1/data-0/hdds/9e79b078-2218-4abd-b04c-a65fc7f927a6/DS-31b389e1-ac02-42b6-b9d9-31cf6c6e9e9b/container.db to cache
2024-04-29 10:07:00,552 [ff005283-6149-44cc-9e6b-88eb174549f2-EndpointStateMachineTaskThread-/0.0.0.0:15447-0 ] INFO  volume.HddsVolume (HddsVolume.java:createDbStore(437)) - SchemaV3 db is created and loaded at /home/runner/work/ozone/ozone/hadoop-ozone/integration-test/target/test-dir/MiniOzoneClusterImpl-9e79b078-2218-4abd-b04c-a65fc7f927a6/ozone-meta/datanode-1/data-0/hdds/9e79b078-2218-4abd-b04c-a65fc7f927a6/DS-31b389e1-ac02-42b6-b9d9-31cf6c6e9e9b/container.db for volume DS-31b389e1-ac02-42b6-b9d9-31cf6c6e9e9b
2024-04-29 10:07:00,553 [ff005283-6149-44cc-9e6b-88eb174549f2-ContainerReader-0] INFO  ozoneimpl.ContainerReader (ContainerReader.java:readVolume(148)) - Start to verify containers on volume /home/runner/work/ozone/ozone/hadoop-ozone/integration-test/target/test-dir/MiniOzoneClusterImpl-9e79b078-2218-4abd-b04c-a65fc7f927a6/ozone-meta/datanode-1/data-0/hdds
2024-04-29 10:07:00,553 [ff005283-6149-44cc-9e6b-88eb174549f2-ContainerReader-0] INFO  ozoneimpl.ContainerReader (ContainerReader.java:readVolume(178)) - Finish verifying containers on volume /home/runner/work/ozone/ozone/hadoop-ozone/integration-test/target/test-dir/MiniOzoneClusterImpl-9e79b078-2218-4abd-b04c-a65fc7f927a6/ozone-meta/datanode-1/data-0/hdds
2024-04-29 10:07:00,553 [ff005283-6149-44cc-9e6b-88eb174549f2-EndpointStateMachineTaskThread-/0.0.0.0:15447-0 ] INFO  ozoneimpl.OzoneContainer (OzoneContainer.java:buildContainerSet(328)) - Build ContainerSet costs 0s
2024-04-29 10:07:00,553 [ff005283-6149-44cc-9e6b-88eb174549f2-EndpointStateMachineTaskThread-/0.0.0.0:15447-0 ] INFO  volume.ThrottledAsyncChecker (ThrottledAsyncChecker.java:schedule(141)) - Scheduling a check for /home/runner/work/ozone/ozone/hadoop-ozone/integration-test/target/test-dir/MiniOzoneClusterImpl-9e79b078-2218-4abd-b04c-a65fc7f927a6/ozone-meta/datanode-1/data-0/hdds
2024-04-29 10:07:00,553 [ff005283-6149-44cc-9e6b-88eb174549f2-EndpointStateMachineTaskThread-/0.0.0.0:15447-0 ] INFO  volume.StorageVolumeChecker (StorageVolumeChecker.java:checkAllVolumes(218)) - Scheduled health check for volume /home/runner/work/ozone/ozone/hadoop-ozone/integration-test/target/test-dir/MiniOzoneClusterImpl-9e79b078-2218-4abd-b04c-a65fc7f927a6/ozone-meta/datanode-1/data-0/hdds
2024-04-29 10:07:00,554 [ff005283-6149-44cc-9e6b-88eb174549f2-EndpointStateMachineTaskThread-/0.0.0.0:15447-0 ] INFO  volume.ThrottledAsyncChecker (ThrottledAsyncChecker.java:schedule(141)) - Scheduling a check for /home/runner/work/ozone/ozone/hadoop-ozone/integration-test/target/test-dir/MiniOzoneClusterImpl-9e79b078-2218-4abd-b04c-a65fc7f927a6/ozone-meta/datanode-1/ratis
2024-04-29 10:07:00,554 [ff005283-6149-44cc-9e6b-88eb174549f2-EndpointStateMachineTaskThread-/0.0.0.0:15447-0 ] INFO  volume.StorageVolumeChecker (StorageVolumeChecker.java:checkAllVolumes(218)) - Scheduled health check for volume /home/runner/work/ozone/ozone/hadoop-ozone/integration-test/target/test-dir/MiniOzoneClusterImpl-9e79b078-2218-4abd-b04c-a65fc7f927a6/ozone-meta/datanode-1/ratis
2024-04-29 10:07:00,555 [ff005283-6149-44cc-9e6b-88eb174549f2-EndpointStateMachineTaskThread-/0.0.0.0:15447-0 ] INFO  ozoneimpl.OzoneContainer (OzoneContainer.java:start(459)) - Attempting to start container services.
2024-04-29 10:07:00,555 [ContainerMetadataScanner] INFO  ozoneimpl.AbstractBackgroundContainerScanner (AbstractBackgroundContainerScanner.java:runIteration(87)) - Completed an iteration in 0 minutes. Number of iterations (since the data-node restart) : 1, Number of containers scanned in this iteration : 0, Number of unhealthy containers found in this iteration : 0
2024-04-29 10:07:00,556 [ContainerDataScanner(/home/runner/work/ozone/ozone/hadoop-ozone/integration-test/target/test-dir/MiniOzoneClusterImpl-9e79b078-2218-4abd-b04c-a65fc7f927a6/ozone-meta/datanode-1/data-0/hdds)] INFO  ozoneimpl.AbstractBackgroundContainerScanner (AbstractBackgroundContainerScanner.java:runIteration(87)) - Completed an iteration in 0 minutes. Number of iterations (since the data-node restart) : 1, Number of containers scanned in this iteration : 0, Number of unhealthy containers found in this iteration : 0
2024-04-29 10:07:00,556 [ff005283-6149-44cc-9e6b-88eb174549f2-EndpointStateMachineTaskThread-/0.0.0.0:15447-0 ] INFO  replication.ReplicationServer (ReplicationServer.java:start(142)) - ReplicationServer is started using port 15461
2024-04-29 10:07:00,556 [ff005283-6149-44cc-9e6b-88eb174549f2-EndpointStateMachineTaskThread-/0.0.0.0:15447-0 ] INFO  ratis.XceiverServerRatis (XceiverServerRatis.java:start(566)) - Starting XceiverServerRatis ff005283-6149-44cc-9e6b-88eb174549f2
2024-04-29 10:07:00,556 [ff005283-6149-44cc-9e6b-88eb174549f2-EndpointStateMachineTaskThread-/0.0.0.0:15447-0 ] INFO  server.RaftServer (RaftServerProxy.java:startImpl(406)) - ff005283-6149-44cc-9e6b-88eb174549f2: start RPC server
2024-04-29 10:07:00,556 [ff005283-6149-44cc-9e6b-88eb174549f2-EndpointStateMachineTaskThread-/0.0.0.0:15447-0 ] INFO  server.GrpcService (GrpcService.java:startImpl(302)) - ff005283-6149-44cc-9e6b-88eb174549f2: GrpcService started, listening on 15457
2024-04-29 10:07:00,557 [ff005283-6149-44cc-9e6b-88eb174549f2-EndpointStateMachineTaskThread-/0.0.0.0:15447-0 ] INFO  server.GrpcService (GrpcService.java:startImpl(302)) - ff005283-6149-44cc-9e6b-88eb174549f2: GrpcService started, listening on 15459
2024-04-29 10:07:00,557 [ff005283-6149-44cc-9e6b-88eb174549f2-EndpointStateMachineTaskThread-/0.0.0.0:15447-0 ] INFO  server.GrpcService (GrpcService.java:startImpl(302)) - ff005283-6149-44cc-9e6b-88eb174549f2: GrpcService started, listening on 15458
2024-04-29 10:07:00,557 [ff005283-6149-44cc-9e6b-88eb174549f2-EndpointStateMachineTaskThread-/0.0.0.0:15447-0 ] INFO  ratis.XceiverServerRatis (XceiverServerRatis.java:getRealPort(592)) - XceiverServerRatis ff005283-6149-44cc-9e6b-88eb174549f2 is started using port 15457 for RATIS
2024-04-29 10:07:00,557 [JvmPauseMonitor57] INFO  util.JvmPauseMonitor (JvmPauseMonitor.java:run(146)) - JvmPauseMonitor-ff005283-6149-44cc-9e6b-88eb174549f2: Started
2024-04-29 10:07:00,557 [ff005283-6149-44cc-9e6b-88eb174549f2-EndpointStateMachineTaskThread-/0.0.0.0:15447-0 ] INFO  ratis.XceiverServerRatis (XceiverServerRatis.java:getRealPort(592)) - XceiverServerRatis ff005283-6149-44cc-9e6b-88eb174549f2 is started using port 15458 for RATIS_ADMIN
2024-04-29 10:07:00,557 [ff005283-6149-44cc-9e6b-88eb174549f2-EndpointStateMachineTaskThread-/0.0.0.0:15447-0 ] INFO  ratis.XceiverServerRatis (XceiverServerRatis.java:getRealPort(592)) - XceiverServerRatis ff005283-6149-44cc-9e6b-88eb174549f2 is started using port 15459 for RATIS_SERVER
2024-04-29 10:07:00,557 [ff005283-6149-44cc-9e6b-88eb174549f2-EndpointStateMachineTaskThread-/0.0.0.0:15447-0 ] INFO  ratis.XceiverServerRatis (XceiverServerRatis.java:getRealPort(592)) - XceiverServerRatis ff005283-6149-44cc-9e6b-88eb174549f2 is started using port 15460 for RATIS_DATASTREAM
2024-04-29 10:07:00,558 [ff005283-6149-44cc-9e6b-88eb174549f2-BlockDeletingService#0] INFO  interfaces.ContainerDeletionChoosingPolicyTemplate (ContainerDeletionChoosingPolicyTemplate.java:chooseContainerForBlockDeletion(85)) - Chosen 0/5000 blocks from 0 candidate containers.
2024-04-29 10:07:00,598 [a3deba03-ffe7-4d5f-b81f-0cb8f398f916-EndpointStateMachineTaskThread-/0.0.0.0:15447-0 ] INFO  utils.DatanodeStoreCache (DatanodeStoreCache.java:addDB(72)) - Added db /home/runner/work/ozone/ozone/hadoop-ozone/integration-test/target/test-dir/MiniOzoneClusterImpl-9e79b078-2218-4abd-b04c-a65fc7f927a6/ozone-meta/datanode-2/data-0/hdds/9e79b078-2218-4abd-b04c-a65fc7f927a6/DS-3ec9864c-cf60-405c-90e2-0dc953ac364d/container.db to cache
2024-04-29 10:07:00,598 [a3deba03-ffe7-4d5f-b81f-0cb8f398f916-EndpointStateMachineTaskThread-/0.0.0.0:15447-0 ] INFO  volume.HddsVolume (HddsVolume.java:createDbStore(437)) - SchemaV3 db is created and loaded at /home/runner/work/ozone/ozone/hadoop-ozone/integration-test/target/test-dir/MiniOzoneClusterImpl-9e79b078-2218-4abd-b04c-a65fc7f927a6/ozone-meta/datanode-2/data-0/hdds/9e79b078-2218-4abd-b04c-a65fc7f927a6/DS-3ec9864c-cf60-405c-90e2-0dc953ac364d/container.db for volume DS-3ec9864c-cf60-405c-90e2-0dc953ac364d
2024-04-29 10:07:00,599 [a3deba03-ffe7-4d5f-b81f-0cb8f398f916-ContainerReader-0] INFO  ozoneimpl.ContainerReader (ContainerReader.java:readVolume(148)) - Start to verify containers on volume /home/runner/work/ozone/ozone/hadoop-ozone/integration-test/target/test-dir/MiniOzoneClusterImpl-9e79b078-2218-4abd-b04c-a65fc7f927a6/ozone-meta/datanode-2/data-0/hdds
2024-04-29 10:07:00,599 [a3deba03-ffe7-4d5f-b81f-0cb8f398f916-ContainerReader-0] INFO  ozoneimpl.ContainerReader (ContainerReader.java:readVolume(178)) - Finish verifying containers on volume /home/runner/work/ozone/ozone/hadoop-ozone/integration-test/target/test-dir/MiniOzoneClusterImpl-9e79b078-2218-4abd-b04c-a65fc7f927a6/ozone-meta/datanode-2/data-0/hdds
2024-04-29 10:07:00,600 [a3deba03-ffe7-4d5f-b81f-0cb8f398f916-EndpointStateMachineTaskThread-/0.0.0.0:15447-0 ] INFO  ozoneimpl.OzoneContainer (OzoneContainer.java:buildContainerSet(328)) - Build ContainerSet costs 0s
2024-04-29 10:07:00,600 [a3deba03-ffe7-4d5f-b81f-0cb8f398f916-EndpointStateMachineTaskThread-/0.0.0.0:15447-0 ] INFO  volume.ThrottledAsyncChecker (ThrottledAsyncChecker.java:schedule(141)) - Scheduling a check for /home/runner/work/ozone/ozone/hadoop-ozone/integration-test/target/test-dir/MiniOzoneClusterImpl-9e79b078-2218-4abd-b04c-a65fc7f927a6/ozone-meta/datanode-2/data-0/hdds
2024-04-29 10:07:00,600 [a3deba03-ffe7-4d5f-b81f-0cb8f398f916-EndpointStateMachineTaskThread-/0.0.0.0:15447-0 ] INFO  volume.StorageVolumeChecker (StorageVolumeChecker.java:checkAllVolumes(218)) - Scheduled health check for volume /home/runner/work/ozone/ozone/hadoop-ozone/integration-test/target/test-dir/MiniOzoneClusterImpl-9e79b078-2218-4abd-b04c-a65fc7f927a6/ozone-meta/datanode-2/data-0/hdds
2024-04-29 10:07:00,601 [a3deba03-ffe7-4d5f-b81f-0cb8f398f916-EndpointStateMachineTaskThread-/0.0.0.0:15447-0 ] INFO  volume.ThrottledAsyncChecker (ThrottledAsyncChecker.java:schedule(141)) - Scheduling a check for /home/runner/work/ozone/ozone/hadoop-ozone/integration-test/target/test-dir/MiniOzoneClusterImpl-9e79b078-2218-4abd-b04c-a65fc7f927a6/ozone-meta/datanode-2/ratis
2024-04-29 10:07:00,601 [a3deba03-ffe7-4d5f-b81f-0cb8f398f916-EndpointStateMachineTaskThread-/0.0.0.0:15447-0 ] INFO  volume.StorageVolumeChecker (StorageVolumeChecker.java:checkAllVolumes(218)) - Scheduled health check for volume /home/runner/work/ozone/ozone/hadoop-ozone/integration-test/target/test-dir/MiniOzoneClusterImpl-9e79b078-2218-4abd-b04c-a65fc7f927a6/ozone-meta/datanode-2/ratis
2024-04-29 10:07:00,602 [a3deba03-ffe7-4d5f-b81f-0cb8f398f916-EndpointStateMachineTaskThread-/0.0.0.0:15447-0 ] INFO  ozoneimpl.OzoneContainer (OzoneContainer.java:start(459)) - Attempting to start container services.
2024-04-29 10:07:00,602 [a3deba03-ffe7-4d5f-b81f-0cb8f398f916-EndpointStateMachineTaskThread-/0.0.0.0:15447-0 ] WARN  ozoneimpl.OnDemandContainerDataScanner (OnDemandContainerDataScanner.java:init(75)) - Trying to initialize on demand scanner a second time on a datanode.
2024-04-29 10:07:00,602 [ContainerMetadataScanner] INFO  ozoneimpl.AbstractBackgroundContainerScanner (AbstractBackgroundContainerScanner.java:runIteration(87)) - Completed an iteration in 0 minutes. Number of iterations (since the data-node restart) : 1, Number of containers scanned in this iteration : 0, Number of unhealthy containers found in this iteration : 0
2024-04-29 10:07:00,603 [ContainerDataScanner(/home/runner/work/ozone/ozone/hadoop-ozone/integration-test/target/test-dir/MiniOzoneClusterImpl-9e79b078-2218-4abd-b04c-a65fc7f927a6/ozone-meta/datanode-2/data-0/hdds)] INFO  ozoneimpl.AbstractBackgroundContainerScanner (AbstractBackgroundContainerScanner.java:runIteration(87)) - Completed an iteration in 0 minutes. Number of iterations (since the data-node restart) : 1, Number of containers scanned in this iteration : 0, Number of unhealthy containers found in this iteration : 0
2024-04-29 10:07:00,603 [a3deba03-ffe7-4d5f-b81f-0cb8f398f916-EndpointStateMachineTaskThread-/0.0.0.0:15447-0 ] INFO  replication.ReplicationServer (ReplicationServer.java:start(142)) - ReplicationServer is started using port 15470
2024-04-29 10:07:00,603 [a3deba03-ffe7-4d5f-b81f-0cb8f398f916-EndpointStateMachineTaskThread-/0.0.0.0:15447-0 ] INFO  ratis.XceiverServerRatis (XceiverServerRatis.java:start(566)) - Starting XceiverServerRatis a3deba03-ffe7-4d5f-b81f-0cb8f398f916
2024-04-29 10:07:00,603 [a3deba03-ffe7-4d5f-b81f-0cb8f398f916-EndpointStateMachineTaskThread-/0.0.0.0:15447-0 ] INFO  server.RaftServer (RaftServerProxy.java:startImpl(406)) - a3deba03-ffe7-4d5f-b81f-0cb8f398f916: start RPC server
2024-04-29 10:07:00,604 [a3deba03-ffe7-4d5f-b81f-0cb8f398f916-EndpointStateMachineTaskThread-/0.0.0.0:15447-0 ] INFO  server.GrpcService (GrpcService.java:startImpl(302)) - a3deba03-ffe7-4d5f-b81f-0cb8f398f916: GrpcService started, listening on 15466
2024-04-29 10:07:00,604 [a3deba03-ffe7-4d5f-b81f-0cb8f398f916-EndpointStateMachineTaskThread-/0.0.0.0:15447-0 ] INFO  server.GrpcService (GrpcService.java:startImpl(302)) - a3deba03-ffe7-4d5f-b81f-0cb8f398f916: GrpcService started, listening on 15468
2024-04-29 10:07:00,604 [a3deba03-ffe7-4d5f-b81f-0cb8f398f916-EndpointStateMachineTaskThread-/0.0.0.0:15447-0 ] INFO  server.GrpcService (GrpcService.java:startImpl(302)) - a3deba03-ffe7-4d5f-b81f-0cb8f398f916: GrpcService started, listening on 15467
2024-04-29 10:07:00,604 [a3deba03-ffe7-4d5f-b81f-0cb8f398f916-EndpointStateMachineTaskThread-/0.0.0.0:15447-0 ] INFO  ratis.XceiverServerRatis (XceiverServerRatis.java:getRealPort(592)) - XceiverServerRatis a3deba03-ffe7-4d5f-b81f-0cb8f398f916 is started using port 15466 for RATIS
2024-04-29 10:07:00,604 [JvmPauseMonitor58] INFO  util.JvmPauseMonitor (JvmPauseMonitor.java:run(146)) - JvmPauseMonitor-a3deba03-ffe7-4d5f-b81f-0cb8f398f916: Started
2024-04-29 10:07:00,604 [a3deba03-ffe7-4d5f-b81f-0cb8f398f916-EndpointStateMachineTaskThread-/0.0.0.0:15447-0 ] INFO  ratis.XceiverServerRatis (XceiverServerRatis.java:getRealPort(592)) - XceiverServerRatis a3deba03-ffe7-4d5f-b81f-0cb8f398f916 is started using port 15467 for RATIS_ADMIN
2024-04-29 10:07:00,604 [a3deba03-ffe7-4d5f-b81f-0cb8f398f916-EndpointStateMachineTaskThread-/0.0.0.0:15447-0 ] INFO  ratis.XceiverServerRatis (XceiverServerRatis.java:getRealPort(592)) - XceiverServerRatis a3deba03-ffe7-4d5f-b81f-0cb8f398f916 is started using port 15468 for RATIS_SERVER
2024-04-29 10:07:00,604 [a3deba03-ffe7-4d5f-b81f-0cb8f398f916-EndpointStateMachineTaskThread-/0.0.0.0:15447-0 ] INFO  ratis.XceiverServerRatis (XceiverServerRatis.java:getRealPort(592)) - XceiverServerRatis a3deba03-ffe7-4d5f-b81f-0cb8f398f916 is started using port 15469 for RATIS_DATASTREAM
2024-04-29 10:07:00,605 [a3deba03-ffe7-4d5f-b81f-0cb8f398f916-BlockDeletingService#0] INFO  interfaces.ContainerDeletionChoosingPolicyTemplate (ContainerDeletionChoosingPolicyTemplate.java:chooseContainerForBlockDeletion(85)) - Chosen 0/5000 blocks from 0 candidate containers.
2024-04-29 10:07:00,649 [023796c2-f42d-4d4c-8c53-1144d6bee25f-EndpointStateMachineTaskThread-/0.0.0.0:15447-0 ] INFO  utils.DatanodeStoreCache (DatanodeStoreCache.java:addDB(72)) - Added db /home/runner/work/ozone/ozone/hadoop-ozone/integration-test/target/test-dir/MiniOzoneClusterImpl-9e79b078-2218-4abd-b04c-a65fc7f927a6/ozone-meta/datanode-3/data-0/hdds/9e79b078-2218-4abd-b04c-a65fc7f927a6/DS-307f2ce1-f560-4301-9545-0db10d2fed8b/container.db to cache
2024-04-29 10:07:00,650 [023796c2-f42d-4d4c-8c53-1144d6bee25f-EndpointStateMachineTaskThread-/0.0.0.0:15447-0 ] INFO  volume.HddsVolume (HddsVolume.java:createDbStore(437)) - SchemaV3 db is created and loaded at /home/runner/work/ozone/ozone/hadoop-ozone/integration-test/target/test-dir/MiniOzoneClusterImpl-9e79b078-2218-4abd-b04c-a65fc7f927a6/ozone-meta/datanode-3/data-0/hdds/9e79b078-2218-4abd-b04c-a65fc7f927a6/DS-307f2ce1-f560-4301-9545-0db10d2fed8b/container.db for volume DS-307f2ce1-f560-4301-9545-0db10d2fed8b
2024-04-29 10:07:00,651 [023796c2-f42d-4d4c-8c53-1144d6bee25f-ContainerReader-0] INFO  ozoneimpl.ContainerReader (ContainerReader.java:readVolume(148)) - Start to verify containers on volume /home/runner/work/ozone/ozone/hadoop-ozone/integration-test/target/test-dir/MiniOzoneClusterImpl-9e79b078-2218-4abd-b04c-a65fc7f927a6/ozone-meta/datanode-3/data-0/hdds
2024-04-29 10:07:00,651 [023796c2-f42d-4d4c-8c53-1144d6bee25f-ContainerReader-0] INFO  ozoneimpl.ContainerReader (ContainerReader.java:readVolume(178)) - Finish verifying containers on volume /home/runner/work/ozone/ozone/hadoop-ozone/integration-test/target/test-dir/MiniOzoneClusterImpl-9e79b078-2218-4abd-b04c-a65fc7f927a6/ozone-meta/datanode-3/data-0/hdds
2024-04-29 10:07:00,651 [023796c2-f42d-4d4c-8c53-1144d6bee25f-EndpointStateMachineTaskThread-/0.0.0.0:15447-0 ] INFO  ozoneimpl.OzoneContainer (OzoneContainer.java:buildContainerSet(328)) - Build ContainerSet costs 0s
2024-04-29 10:07:00,651 [023796c2-f42d-4d4c-8c53-1144d6bee25f-EndpointStateMachineTaskThread-/0.0.0.0:15447-0 ] INFO  volume.ThrottledAsyncChecker (ThrottledAsyncChecker.java:schedule(141)) - Scheduling a check for /home/runner/work/ozone/ozone/hadoop-ozone/integration-test/target/test-dir/MiniOzoneClusterImpl-9e79b078-2218-4abd-b04c-a65fc7f927a6/ozone-meta/datanode-3/data-0/hdds
2024-04-29 10:07:00,652 [023796c2-f42d-4d4c-8c53-1144d6bee25f-EndpointStateMachineTaskThread-/0.0.0.0:15447-0 ] INFO  volume.StorageVolumeChecker (StorageVolumeChecker.java:checkAllVolumes(218)) - Scheduled health check for volume /home/runner/work/ozone/ozone/hadoop-ozone/integration-test/target/test-dir/MiniOzoneClusterImpl-9e79b078-2218-4abd-b04c-a65fc7f927a6/ozone-meta/datanode-3/data-0/hdds
2024-04-29 10:07:00,653 [023796c2-f42d-4d4c-8c53-1144d6bee25f-EndpointStateMachineTaskThread-/0.0.0.0:15447-0 ] INFO  volume.ThrottledAsyncChecker (ThrottledAsyncChecker.java:schedule(141)) - Scheduling a check for /home/runner/work/ozone/ozone/hadoop-ozone/integration-test/target/test-dir/MiniOzoneClusterImpl-9e79b078-2218-4abd-b04c-a65fc7f927a6/ozone-meta/datanode-3/ratis
2024-04-29 10:07:00,653 [023796c2-f42d-4d4c-8c53-1144d6bee25f-EndpointStateMachineTaskThread-/0.0.0.0:15447-0 ] INFO  volume.StorageVolumeChecker (StorageVolumeChecker.java:checkAllVolumes(218)) - Scheduled health check for volume /home/runner/work/ozone/ozone/hadoop-ozone/integration-test/target/test-dir/MiniOzoneClusterImpl-9e79b078-2218-4abd-b04c-a65fc7f927a6/ozone-meta/datanode-3/ratis
2024-04-29 10:07:00,654 [023796c2-f42d-4d4c-8c53-1144d6bee25f-EndpointStateMachineTaskThread-/0.0.0.0:15447-0 ] INFO  ozoneimpl.OzoneContainer (OzoneContainer.java:start(459)) - Attempting to start container services.
2024-04-29 10:07:00,654 [023796c2-f42d-4d4c-8c53-1144d6bee25f-EndpointStateMachineTaskThread-/0.0.0.0:15447-0 ] WARN  ozoneimpl.OnDemandContainerDataScanner (OnDemandContainerDataScanner.java:init(75)) - Trying to initialize on demand scanner a second time on a datanode.
2024-04-29 10:07:00,654 [ContainerMetadataScanner] INFO  ozoneimpl.AbstractBackgroundContainerScanner (AbstractBackgroundContainerScanner.java:runIteration(87)) - Completed an iteration in 0 minutes. Number of iterations (since the data-node restart) : 1, Number of containers scanned in this iteration : 0, Number of unhealthy containers found in this iteration : 0
2024-04-29 10:07:00,655 [ContainerDataScanner(/home/runner/work/ozone/ozone/hadoop-ozone/integration-test/target/test-dir/MiniOzoneClusterImpl-9e79b078-2218-4abd-b04c-a65fc7f927a6/ozone-meta/datanode-3/data-0/hdds)] INFO  ozoneimpl.AbstractBackgroundContainerScanner (AbstractBackgroundContainerScanner.java:runIteration(87)) - Completed an iteration in 0 minutes. Number of iterations (since the data-node restart) : 1, Number of containers scanned in this iteration : 0, Number of unhealthy containers found in this iteration : 0
2024-04-29 10:07:00,655 [023796c2-f42d-4d4c-8c53-1144d6bee25f-EndpointStateMachineTaskThread-/0.0.0.0:15447-0 ] INFO  replication.ReplicationServer (ReplicationServer.java:start(142)) - ReplicationServer is started using port 15479
2024-04-29 10:07:00,655 [023796c2-f42d-4d4c-8c53-1144d6bee25f-EndpointStateMachineTaskThread-/0.0.0.0:15447-0 ] INFO  ratis.XceiverServerRatis (XceiverServerRatis.java:start(566)) - Starting XceiverServerRatis 023796c2-f42d-4d4c-8c53-1144d6bee25f
2024-04-29 10:07:00,656 [023796c2-f42d-4d4c-8c53-1144d6bee25f-EndpointStateMachineTaskThread-/0.0.0.0:15447-0 ] INFO  server.RaftServer (RaftServerProxy.java:startImpl(406)) - 023796c2-f42d-4d4c-8c53-1144d6bee25f: start RPC server
2024-04-29 10:07:00,656 [023796c2-f42d-4d4c-8c53-1144d6bee25f-EndpointStateMachineTaskThread-/0.0.0.0:15447-0 ] INFO  server.GrpcService (GrpcService.java:startImpl(302)) - 023796c2-f42d-4d4c-8c53-1144d6bee25f: GrpcService started, listening on 15475
2024-04-29 10:07:00,656 [023796c2-f42d-4d4c-8c53-1144d6bee25f-EndpointStateMachineTaskThread-/0.0.0.0:15447-0 ] INFO  server.GrpcService (GrpcService.java:startImpl(302)) - 023796c2-f42d-4d4c-8c53-1144d6bee25f: GrpcService started, listening on 15477
2024-04-29 10:07:00,656 [023796c2-f42d-4d4c-8c53-1144d6bee25f-EndpointStateMachineTaskThread-/0.0.0.0:15447-0 ] INFO  server.GrpcService (GrpcService.java:startImpl(302)) - 023796c2-f42d-4d4c-8c53-1144d6bee25f: GrpcService started, listening on 15476
2024-04-29 10:07:00,657 [023796c2-f42d-4d4c-8c53-1144d6bee25f-EndpointStateMachineTaskThread-/0.0.0.0:15447-0 ] INFO  ratis.XceiverServerRatis (XceiverServerRatis.java:getRealPort(592)) - XceiverServerRatis 023796c2-f42d-4d4c-8c53-1144d6bee25f is started using port 15475 for RATIS
2024-04-29 10:07:00,657 [023796c2-f42d-4d4c-8c53-1144d6bee25f-EndpointStateMachineTaskThread-/0.0.0.0:15447-0 ] INFO  ratis.XceiverServerRatis (XceiverServerRatis.java:getRealPort(592)) - XceiverServerRatis 023796c2-f42d-4d4c-8c53-1144d6bee25f is started using port 15476 for RATIS_ADMIN
2024-04-29 10:07:00,657 [023796c2-f42d-4d4c-8c53-1144d6bee25f-EndpointStateMachineTaskThread-/0.0.0.0:15447-0 ] INFO  ratis.XceiverServerRatis (XceiverServerRatis.java:getRealPort(592)) - XceiverServerRatis 023796c2-f42d-4d4c-8c53-1144d6bee25f is started using port 15477 for RATIS_SERVER
2024-04-29 10:07:00,657 [023796c2-f42d-4d4c-8c53-1144d6bee25f-EndpointStateMachineTaskThread-/0.0.0.0:15447-0 ] INFO  ratis.XceiverServerRatis (XceiverServerRatis.java:getRealPort(592)) - XceiverServerRatis 023796c2-f42d-4d4c-8c53-1144d6bee25f is started using port 15478 for RATIS_DATASTREAM
2024-04-29 10:07:00,657 [JvmPauseMonitor59] INFO  util.JvmPauseMonitor (JvmPauseMonitor.java:run(146)) - JvmPauseMonitor-023796c2-f42d-4d4c-8c53-1144d6bee25f: Started
2024-04-29 10:07:00,657 [023796c2-f42d-4d4c-8c53-1144d6bee25f-BlockDeletingService#0] INFO  interfaces.ContainerDeletionChoosingPolicyTemplate (ContainerDeletionChoosingPolicyTemplate.java:chooseContainerForBlockDeletion(85)) - Chosen 0/5000 blocks from 0 candidate containers.
2024-04-29 10:07:00,705 [98bce0f1-b1ff-4756-b9de-e813dc1af0d3-EndpointStateMachineTaskThread-/0.0.0.0:15447-0 ] INFO  utils.DatanodeStoreCache (DatanodeStoreCache.java:addDB(72)) - Added db /home/runner/work/ozone/ozone/hadoop-ozone/integration-test/target/test-dir/MiniOzoneClusterImpl-9e79b078-2218-4abd-b04c-a65fc7f927a6/ozone-meta/datanode-4/data-0/hdds/9e79b078-2218-4abd-b04c-a65fc7f927a6/DS-c2b5c243-603b-4d39-8589-1da2a9d8f69f/container.db to cache
2024-04-29 10:07:00,705 [98bce0f1-b1ff-4756-b9de-e813dc1af0d3-EndpointStateMachineTaskThread-/0.0.0.0:15447-0 ] INFO  volume.HddsVolume (HddsVolume.java:createDbStore(437)) - SchemaV3 db is created and loaded at /home/runner/work/ozone/ozone/hadoop-ozone/integration-test/target/test-dir/MiniOzoneClusterImpl-9e79b078-2218-4abd-b04c-a65fc7f927a6/ozone-meta/datanode-4/data-0/hdds/9e79b078-2218-4abd-b04c-a65fc7f927a6/DS-c2b5c243-603b-4d39-8589-1da2a9d8f69f/container.db for volume DS-c2b5c243-603b-4d39-8589-1da2a9d8f69f
2024-04-29 10:07:00,707 [98bce0f1-b1ff-4756-b9de-e813dc1af0d3-ContainerReader-0] INFO  ozoneimpl.ContainerReader (ContainerReader.java:readVolume(148)) - Start to verify containers on volume /home/runner/work/ozone/ozone/hadoop-ozone/integration-test/target/test-dir/MiniOzoneClusterImpl-9e79b078-2218-4abd-b04c-a65fc7f927a6/ozone-meta/datanode-4/data-0/hdds
2024-04-29 10:07:00,707 [98bce0f1-b1ff-4756-b9de-e813dc1af0d3-ContainerReader-0] INFO  ozoneimpl.ContainerReader (ContainerReader.java:readVolume(178)) - Finish verifying containers on volume /home/runner/work/ozone/ozone/hadoop-ozone/integration-test/target/test-dir/MiniOzoneClusterImpl-9e79b078-2218-4abd-b04c-a65fc7f927a6/ozone-meta/datanode-4/data-0/hdds
2024-04-29 10:07:00,707 [98bce0f1-b1ff-4756-b9de-e813dc1af0d3-EndpointStateMachineTaskThread-/0.0.0.0:15447-0 ] INFO  ozoneimpl.OzoneContainer (OzoneContainer.java:buildContainerSet(328)) - Build ContainerSet costs 0s
2024-04-29 10:07:00,707 [98bce0f1-b1ff-4756-b9de-e813dc1af0d3-EndpointStateMachineTaskThread-/0.0.0.0:15447-0 ] INFO  volume.ThrottledAsyncChecker (ThrottledAsyncChecker.java:schedule(141)) - Scheduling a check for /home/runner/work/ozone/ozone/hadoop-ozone/integration-test/target/test-dir/MiniOzoneClusterImpl-9e79b078-2218-4abd-b04c-a65fc7f927a6/ozone-meta/datanode-4/data-0/hdds
2024-04-29 10:07:00,707 [98bce0f1-b1ff-4756-b9de-e813dc1af0d3-EndpointStateMachineTaskThread-/0.0.0.0:15447-0 ] INFO  volume.StorageVolumeChecker (StorageVolumeChecker.java:checkAllVolumes(218)) - Scheduled health check for volume /home/runner/work/ozone/ozone/hadoop-ozone/integration-test/target/test-dir/MiniOzoneClusterImpl-9e79b078-2218-4abd-b04c-a65fc7f927a6/ozone-meta/datanode-4/data-0/hdds
2024-04-29 10:07:00,708 [98bce0f1-b1ff-4756-b9de-e813dc1af0d3-EndpointStateMachineTaskThread-/0.0.0.0:15447-0 ] INFO  volume.ThrottledAsyncChecker (ThrottledAsyncChecker.java:schedule(141)) - Scheduling a check for /home/runner/work/ozone/ozone/hadoop-ozone/integration-test/target/test-dir/MiniOzoneClusterImpl-9e79b078-2218-4abd-b04c-a65fc7f927a6/ozone-meta/datanode-4/ratis
2024-04-29 10:07:00,708 [98bce0f1-b1ff-4756-b9de-e813dc1af0d3-EndpointStateMachineTaskThread-/0.0.0.0:15447-0 ] INFO  volume.StorageVolumeChecker (StorageVolumeChecker.java:checkAllVolumes(218)) - Scheduled health check for volume /home/runner/work/ozone/ozone/hadoop-ozone/integration-test/target/test-dir/MiniOzoneClusterImpl-9e79b078-2218-4abd-b04c-a65fc7f927a6/ozone-meta/datanode-4/ratis
2024-04-29 10:07:00,709 [98bce0f1-b1ff-4756-b9de-e813dc1af0d3-EndpointStateMachineTaskThread-/0.0.0.0:15447-0 ] INFO  ozoneimpl.OzoneContainer (OzoneContainer.java:start(459)) - Attempting to start container services.
2024-04-29 10:07:00,709 [98bce0f1-b1ff-4756-b9de-e813dc1af0d3-EndpointStateMachineTaskThread-/0.0.0.0:15447-0 ] WARN  ozoneimpl.OnDemandContainerDataScanner (OnDemandContainerDataScanner.java:init(75)) - Trying to initialize on demand scanner a second time on a datanode.
2024-04-29 10:07:00,709 [ContainerMetadataScanner] INFO  ozoneimpl.AbstractBackgroundContainerScanner (AbstractBackgroundContainerScanner.java:runIteration(87)) - Completed an iteration in 0 minutes. Number of iterations (since the data-node restart) : 1, Number of containers scanned in this iteration : 0, Number of unhealthy containers found in this iteration : 0
2024-04-29 10:07:00,710 [98bce0f1-b1ff-4756-b9de-e813dc1af0d3-EndpointStateMachineTaskThread-/0.0.0.0:15447-0 ] INFO  replication.ReplicationServer (ReplicationServer.java:start(142)) - ReplicationServer is started using port 15488
2024-04-29 10:07:00,710 [ContainerDataScanner(/home/runner/work/ozone/ozone/hadoop-ozone/integration-test/target/test-dir/MiniOzoneClusterImpl-9e79b078-2218-4abd-b04c-a65fc7f927a6/ozone-meta/datanode-4/data-0/hdds)] INFO  ozoneimpl.AbstractBackgroundContainerScanner (AbstractBackgroundContainerScanner.java:runIteration(87)) - Completed an iteration in 0 minutes. Number of iterations (since the data-node restart) : 1, Number of containers scanned in this iteration : 0, Number of unhealthy containers found in this iteration : 0
2024-04-29 10:07:00,710 [98bce0f1-b1ff-4756-b9de-e813dc1af0d3-EndpointStateMachineTaskThread-/0.0.0.0:15447-0 ] INFO  ratis.XceiverServerRatis (XceiverServerRatis.java:start(566)) - Starting XceiverServerRatis 98bce0f1-b1ff-4756-b9de-e813dc1af0d3
2024-04-29 10:07:00,710 [98bce0f1-b1ff-4756-b9de-e813dc1af0d3-EndpointStateMachineTaskThread-/0.0.0.0:15447-0 ] INFO  server.RaftServer (RaftServerProxy.java:startImpl(406)) - 98bce0f1-b1ff-4756-b9de-e813dc1af0d3: start RPC server
2024-04-29 10:07:00,711 [98bce0f1-b1ff-4756-b9de-e813dc1af0d3-EndpointStateMachineTaskThread-/0.0.0.0:15447-0 ] INFO  server.GrpcService (GrpcService.java:startImpl(302)) - 98bce0f1-b1ff-4756-b9de-e813dc1af0d3: GrpcService started, listening on 15484
2024-04-29 10:07:00,711 [98bce0f1-b1ff-4756-b9de-e813dc1af0d3-EndpointStateMachineTaskThread-/0.0.0.0:15447-0 ] INFO  server.GrpcService (GrpcService.java:startImpl(302)) - 98bce0f1-b1ff-4756-b9de-e813dc1af0d3: GrpcService started, listening on 15486
2024-04-29 10:07:00,711 [98bce0f1-b1ff-4756-b9de-e813dc1af0d3-EndpointStateMachineTaskThread-/0.0.0.0:15447-0 ] INFO  server.GrpcService (GrpcService.java:startImpl(302)) - 98bce0f1-b1ff-4756-b9de-e813dc1af0d3: GrpcService started, listening on 15485
2024-04-29 10:07:00,711 [98bce0f1-b1ff-4756-b9de-e813dc1af0d3-EndpointStateMachineTaskThread-/0.0.0.0:15447-0 ] INFO  ratis.XceiverServerRatis (XceiverServerRatis.java:getRealPort(592)) - XceiverServerRatis 98bce0f1-b1ff-4756-b9de-e813dc1af0d3 is started using port 15484 for RATIS
2024-04-29 10:07:00,711 [98bce0f1-b1ff-4756-b9de-e813dc1af0d3-EndpointStateMachineTaskThread-/0.0.0.0:15447-0 ] INFO  ratis.XceiverServerRatis (XceiverServerRatis.java:getRealPort(592)) - XceiverServerRatis 98bce0f1-b1ff-4756-b9de-e813dc1af0d3 is started using port 15485 for RATIS_ADMIN
2024-04-29 10:07:00,711 [98bce0f1-b1ff-4756-b9de-e813dc1af0d3-EndpointStateMachineTaskThread-/0.0.0.0:15447-0 ] INFO  ratis.XceiverServerRatis (XceiverServerRatis.java:getRealPort(592)) - XceiverServerRatis 98bce0f1-b1ff-4756-b9de-e813dc1af0d3 is started using port 15486 for RATIS_SERVER
2024-04-29 10:07:00,711 [98bce0f1-b1ff-4756-b9de-e813dc1af0d3-EndpointStateMachineTaskThread-/0.0.0.0:15447-0 ] INFO  ratis.XceiverServerRatis (XceiverServerRatis.java:getRealPort(592)) - XceiverServerRatis 98bce0f1-b1ff-4756-b9de-e813dc1af0d3 is started using port 15487 for RATIS_DATASTREAM
2024-04-29 10:07:00,711 [JvmPauseMonitor60] INFO  util.JvmPauseMonitor (JvmPauseMonitor.java:run(146)) - JvmPauseMonitor-98bce0f1-b1ff-4756-b9de-e813dc1af0d3: Started
2024-04-29 10:07:00,712 [98bce0f1-b1ff-4756-b9de-e813dc1af0d3-BlockDeletingService#0] INFO  interfaces.ContainerDeletionChoosingPolicyTemplate (ContainerDeletionChoosingPolicyTemplate.java:chooseContainerForBlockDeletion(85)) - Chosen 0/5000 blocks from 0 candidate containers.
2024-04-29 10:07:00,750 [05a782ff-e365-47f1-b590-80dc8e3c2105-EndpointStateMachineTaskThread-/0.0.0.0:15447-0 ] INFO  utils.DatanodeStoreCache (DatanodeStoreCache.java:addDB(72)) - Added db /home/runner/work/ozone/ozone/hadoop-ozone/integration-test/target/test-dir/MiniOzoneClusterImpl-9e79b078-2218-4abd-b04c-a65fc7f927a6/ozone-meta/datanode-5/data-0/hdds/9e79b078-2218-4abd-b04c-a65fc7f927a6/DS-bb2feb34-e223-4413-9a34-e5964ffc5faa/container.db to cache
2024-04-29 10:07:00,750 [05a782ff-e365-47f1-b590-80dc8e3c2105-EndpointStateMachineTaskThread-/0.0.0.0:15447-0 ] INFO  volume.HddsVolume (HddsVolume.java:createDbStore(437)) - SchemaV3 db is created and loaded at /home/runner/work/ozone/ozone/hadoop-ozone/integration-test/target/test-dir/MiniOzoneClusterImpl-9e79b078-2218-4abd-b04c-a65fc7f927a6/ozone-meta/datanode-5/data-0/hdds/9e79b078-2218-4abd-b04c-a65fc7f927a6/DS-bb2feb34-e223-4413-9a34-e5964ffc5faa/container.db for volume DS-bb2feb34-e223-4413-9a34-e5964ffc5faa
2024-04-29 10:07:00,752 [05a782ff-e365-47f1-b590-80dc8e3c2105-ContainerReader-0] INFO  ozoneimpl.ContainerReader (ContainerReader.java:readVolume(148)) - Start to verify containers on volume /home/runner/work/ozone/ozone/hadoop-ozone/integration-test/target/test-dir/MiniOzoneClusterImpl-9e79b078-2218-4abd-b04c-a65fc7f927a6/ozone-meta/datanode-5/data-0/hdds
2024-04-29 10:07:00,752 [05a782ff-e365-47f1-b590-80dc8e3c2105-ContainerReader-0] INFO  ozoneimpl.ContainerReader (ContainerReader.java:readVolume(178)) - Finish verifying containers on volume /home/runner/work/ozone/ozone/hadoop-ozone/integration-test/target/test-dir/MiniOzoneClusterImpl-9e79b078-2218-4abd-b04c-a65fc7f927a6/ozone-meta/datanode-5/data-0/hdds
2024-04-29 10:07:00,752 [05a782ff-e365-47f1-b590-80dc8e3c2105-EndpointStateMachineTaskThread-/0.0.0.0:15447-0 ] INFO  ozoneimpl.OzoneContainer (OzoneContainer.java:buildContainerSet(328)) - Build ContainerSet costs 0s
2024-04-29 10:07:00,752 [05a782ff-e365-47f1-b590-80dc8e3c2105-EndpointStateMachineTaskThread-/0.0.0.0:15447-0 ] INFO  volume.ThrottledAsyncChecker (ThrottledAsyncChecker.java:schedule(141)) - Scheduling a check for /home/runner/work/ozone/ozone/hadoop-ozone/integration-test/target/test-dir/MiniOzoneClusterImpl-9e79b078-2218-4abd-b04c-a65fc7f927a6/ozone-meta/datanode-5/data-0/hdds
2024-04-29 10:07:00,752 [05a782ff-e365-47f1-b590-80dc8e3c2105-EndpointStateMachineTaskThread-/0.0.0.0:15447-0 ] INFO  volume.StorageVolumeChecker (StorageVolumeChecker.java:checkAllVolumes(218)) - Scheduled health check for volume /home/runner/work/ozone/ozone/hadoop-ozone/integration-test/target/test-dir/MiniOzoneClusterImpl-9e79b078-2218-4abd-b04c-a65fc7f927a6/ozone-meta/datanode-5/data-0/hdds
2024-04-29 10:07:00,753 [05a782ff-e365-47f1-b590-80dc8e3c2105-EndpointStateMachineTaskThread-/0.0.0.0:15447-0 ] INFO  volume.ThrottledAsyncChecker (ThrottledAsyncChecker.java:schedule(141)) - Scheduling a check for /home/runner/work/ozone/ozone/hadoop-ozone/integration-test/target/test-dir/MiniOzoneClusterImpl-9e79b078-2218-4abd-b04c-a65fc7f927a6/ozone-meta/datanode-5/ratis
2024-04-29 10:07:00,753 [05a782ff-e365-47f1-b590-80dc8e3c2105-EndpointStateMachineTaskThread-/0.0.0.0:15447-0 ] INFO  volume.StorageVolumeChecker (StorageVolumeChecker.java:checkAllVolumes(218)) - Scheduled health check for volume /home/runner/work/ozone/ozone/hadoop-ozone/integration-test/target/test-dir/MiniOzoneClusterImpl-9e79b078-2218-4abd-b04c-a65fc7f927a6/ozone-meta/datanode-5/ratis
2024-04-29 10:07:00,754 [05a782ff-e365-47f1-b590-80dc8e3c2105-EndpointStateMachineTaskThread-/0.0.0.0:15447-0 ] INFO  ozoneimpl.OzoneContainer (OzoneContainer.java:start(459)) - Attempting to start container services.
2024-04-29 10:07:00,754 [05a782ff-e365-47f1-b590-80dc8e3c2105-EndpointStateMachineTaskThread-/0.0.0.0:15447-0 ] WARN  ozoneimpl.OnDemandContainerDataScanner (OnDemandContainerDataScanner.java:init(75)) - Trying to initialize on demand scanner a second time on a datanode.
2024-04-29 10:07:00,755 [ContainerMetadataScanner] INFO  ozoneimpl.AbstractBackgroundContainerScanner (AbstractBackgroundContainerScanner.java:runIteration(87)) - Completed an iteration in 0 minutes. Number of iterations (since the data-node restart) : 1, Number of containers scanned in this iteration : 0, Number of unhealthy containers found in this iteration : 0
2024-04-29 10:07:00,755 [ContainerDataScanner(/home/runner/work/ozone/ozone/hadoop-ozone/integration-test/target/test-dir/MiniOzoneClusterImpl-9e79b078-2218-4abd-b04c-a65fc7f927a6/ozone-meta/datanode-5/data-0/hdds)] INFO  ozoneimpl.AbstractBackgroundContainerScanner (AbstractBackgroundContainerScanner.java:runIteration(87)) - Completed an iteration in 0 minutes. Number of iterations (since the data-node restart) : 1, Number of containers scanned in this iteration : 0, Number of unhealthy containers found in this iteration : 0
2024-04-29 10:07:00,755 [05a782ff-e365-47f1-b590-80dc8e3c2105-EndpointStateMachineTaskThread-/0.0.0.0:15447-0 ] INFO  replication.ReplicationServer (ReplicationServer.java:start(142)) - ReplicationServer is started using port 15497
2024-04-29 10:07:00,755 [05a782ff-e365-47f1-b590-80dc8e3c2105-EndpointStateMachineTaskThread-/0.0.0.0:15447-0 ] INFO  ratis.XceiverServerRatis (XceiverServerRatis.java:start(566)) - Starting XceiverServerRatis 05a782ff-e365-47f1-b590-80dc8e3c2105
2024-04-29 10:07:00,755 [05a782ff-e365-47f1-b590-80dc8e3c2105-EndpointStateMachineTaskThread-/0.0.0.0:15447-0 ] INFO  server.RaftServer (RaftServerProxy.java:startImpl(406)) - 05a782ff-e365-47f1-b590-80dc8e3c2105: start RPC server
2024-04-29 10:07:00,756 [05a782ff-e365-47f1-b590-80dc8e3c2105-EndpointStateMachineTaskThread-/0.0.0.0:15447-0 ] INFO  server.GrpcService (GrpcService.java:startImpl(302)) - 05a782ff-e365-47f1-b590-80dc8e3c2105: GrpcService started, listening on 15493
2024-04-29 10:07:00,756 [05a782ff-e365-47f1-b590-80dc8e3c2105-EndpointStateMachineTaskThread-/0.0.0.0:15447-0 ] INFO  server.GrpcService (GrpcService.java:startImpl(302)) - 05a782ff-e365-47f1-b590-80dc8e3c2105: GrpcService started, listening on 15495
2024-04-29 10:07:00,756 [05a782ff-e365-47f1-b590-80dc8e3c2105-EndpointStateMachineTaskThread-/0.0.0.0:15447-0 ] INFO  server.GrpcService (GrpcService.java:startImpl(302)) - 05a782ff-e365-47f1-b590-80dc8e3c2105: GrpcService started, listening on 15494
2024-04-29 10:07:00,756 [05a782ff-e365-47f1-b590-80dc8e3c2105-EndpointStateMachineTaskThread-/0.0.0.0:15447-0 ] INFO  ratis.XceiverServerRatis (XceiverServerRatis.java:getRealPort(592)) - XceiverServerRatis 05a782ff-e365-47f1-b590-80dc8e3c2105 is started using port 15493 for RATIS
2024-04-29 10:07:00,756 [05a782ff-e365-47f1-b590-80dc8e3c2105-EndpointStateMachineTaskThread-/0.0.0.0:15447-0 ] INFO  ratis.XceiverServerRatis (XceiverServerRatis.java:getRealPort(592)) - XceiverServerRatis 05a782ff-e365-47f1-b590-80dc8e3c2105 is started using port 15494 for RATIS_ADMIN
2024-04-29 10:07:00,756 [05a782ff-e365-47f1-b590-80dc8e3c2105-EndpointStateMachineTaskThread-/0.0.0.0:15447-0 ] INFO  ratis.XceiverServerRatis (XceiverServerRatis.java:getRealPort(592)) - XceiverServerRatis 05a782ff-e365-47f1-b590-80dc8e3c2105 is started using port 15495 for RATIS_SERVER
2024-04-29 10:07:00,756 [05a782ff-e365-47f1-b590-80dc8e3c2105-EndpointStateMachineTaskThread-/0.0.0.0:15447-0 ] INFO  ratis.XceiverServerRatis (XceiverServerRatis.java:getRealPort(592)) - XceiverServerRatis 05a782ff-e365-47f1-b590-80dc8e3c2105 is started using port 15496 for RATIS_DATASTREAM
2024-04-29 10:07:00,756 [JvmPauseMonitor61] INFO  util.JvmPauseMonitor (JvmPauseMonitor.java:run(146)) - JvmPauseMonitor-05a782ff-e365-47f1-b590-80dc8e3c2105: Started
2024-04-29 10:07:00,757 [05a782ff-e365-47f1-b590-80dc8e3c2105-BlockDeletingService#0] INFO  interfaces.ContainerDeletionChoosingPolicyTemplate (ContainerDeletionChoosingPolicyTemplate.java:chooseContainerForBlockDeletion(85)) - Chosen 0/5000 blocks from 0 candidate containers.
2024-04-29 10:07:00,811 [7c1b7d40-21b8-4f63-a346-8b6e9b157cbc-EndpointStateMachineTaskThread-/0.0.0.0:15447-0 ] INFO  utils.DatanodeStoreCache (DatanodeStoreCache.java:addDB(72)) - Added db /home/runner/work/ozone/ozone/hadoop-ozone/integration-test/target/test-dir/MiniOzoneClusterImpl-9e79b078-2218-4abd-b04c-a65fc7f927a6/ozone-meta/datanode-6/data-0/hdds/9e79b078-2218-4abd-b04c-a65fc7f927a6/DS-5c06ff99-7281-4c84-8ce8-ef9515db8985/container.db to cache
2024-04-29 10:07:00,811 [7c1b7d40-21b8-4f63-a346-8b6e9b157cbc-EndpointStateMachineTaskThread-/0.0.0.0:15447-0 ] INFO  volume.HddsVolume (HddsVolume.java:createDbStore(437)) - SchemaV3 db is created and loaded at /home/runner/work/ozone/ozone/hadoop-ozone/integration-test/target/test-dir/MiniOzoneClusterImpl-9e79b078-2218-4abd-b04c-a65fc7f927a6/ozone-meta/datanode-6/data-0/hdds/9e79b078-2218-4abd-b04c-a65fc7f927a6/DS-5c06ff99-7281-4c84-8ce8-ef9515db8985/container.db for volume DS-5c06ff99-7281-4c84-8ce8-ef9515db8985
2024-04-29 10:07:00,812 [7c1b7d40-21b8-4f63-a346-8b6e9b157cbc-ContainerReader-0] INFO  ozoneimpl.ContainerReader (ContainerReader.java:readVolume(148)) - Start to verify containers on volume /home/runner/work/ozone/ozone/hadoop-ozone/integration-test/target/test-dir/MiniOzoneClusterImpl-9e79b078-2218-4abd-b04c-a65fc7f927a6/ozone-meta/datanode-6/data-0/hdds
2024-04-29 10:07:00,812 [7c1b7d40-21b8-4f63-a346-8b6e9b157cbc-ContainerReader-0] INFO  ozoneimpl.ContainerReader (ContainerReader.java:readVolume(178)) - Finish verifying containers on volume /home/runner/work/ozone/ozone/hadoop-ozone/integration-test/target/test-dir/MiniOzoneClusterImpl-9e79b078-2218-4abd-b04c-a65fc7f927a6/ozone-meta/datanode-6/data-0/hdds
2024-04-29 10:07:00,812 [7c1b7d40-21b8-4f63-a346-8b6e9b157cbc-EndpointStateMachineTaskThread-/0.0.0.0:15447-0 ] INFO  ozoneimpl.OzoneContainer (OzoneContainer.java:buildContainerSet(328)) - Build ContainerSet costs 0s
2024-04-29 10:07:00,812 [7c1b7d40-21b8-4f63-a346-8b6e9b157cbc-EndpointStateMachineTaskThread-/0.0.0.0:15447-0 ] INFO  volume.ThrottledAsyncChecker (ThrottledAsyncChecker.java:schedule(141)) - Scheduling a check for /home/runner/work/ozone/ozone/hadoop-ozone/integration-test/target/test-dir/MiniOzoneClusterImpl-9e79b078-2218-4abd-b04c-a65fc7f927a6/ozone-meta/datanode-6/data-0/hdds
2024-04-29 10:07:00,813 [7c1b7d40-21b8-4f63-a346-8b6e9b157cbc-EndpointStateMachineTaskThread-/0.0.0.0:15447-0 ] INFO  volume.StorageVolumeChecker (StorageVolumeChecker.java:checkAllVolumes(218)) - Scheduled health check for volume /home/runner/work/ozone/ozone/hadoop-ozone/integration-test/target/test-dir/MiniOzoneClusterImpl-9e79b078-2218-4abd-b04c-a65fc7f927a6/ozone-meta/datanode-6/data-0/hdds
2024-04-29 10:07:00,814 [7c1b7d40-21b8-4f63-a346-8b6e9b157cbc-EndpointStateMachineTaskThread-/0.0.0.0:15447-0 ] INFO  volume.ThrottledAsyncChecker (ThrottledAsyncChecker.java:schedule(141)) - Scheduling a check for /home/runner/work/ozone/ozone/hadoop-ozone/integration-test/target/test-dir/MiniOzoneClusterImpl-9e79b078-2218-4abd-b04c-a65fc7f927a6/ozone-meta/datanode-6/ratis
2024-04-29 10:07:00,814 [7c1b7d40-21b8-4f63-a346-8b6e9b157cbc-EndpointStateMachineTaskThread-/0.0.0.0:15447-0 ] INFO  volume.StorageVolumeChecker (StorageVolumeChecker.java:checkAllVolumes(218)) - Scheduled health check for volume /home/runner/work/ozone/ozone/hadoop-ozone/integration-test/target/test-dir/MiniOzoneClusterImpl-9e79b078-2218-4abd-b04c-a65fc7f927a6/ozone-meta/datanode-6/ratis
2024-04-29 10:07:00,814 [7c1b7d40-21b8-4f63-a346-8b6e9b157cbc-EndpointStateMachineTaskThread-/0.0.0.0:15447-0 ] INFO  ozoneimpl.OzoneContainer (OzoneContainer.java:start(459)) - Attempting to start container services.
2024-04-29 10:07:00,814 [7c1b7d40-21b8-4f63-a346-8b6e9b157cbc-EndpointStateMachineTaskThread-/0.0.0.0:15447-0 ] WARN  ozoneimpl.OnDemandContainerDataScanner (OnDemandContainerDataScanner.java:init(75)) - Trying to initialize on demand scanner a second time on a datanode.
2024-04-29 10:07:00,815 [ContainerMetadataScanner] INFO  ozoneimpl.AbstractBackgroundContainerScanner (AbstractBackgroundContainerScanner.java:runIteration(87)) - Completed an iteration in 0 minutes. Number of iterations (since the data-node restart) : 1, Number of containers scanned in this iteration : 0, Number of unhealthy containers found in this iteration : 0
2024-04-29 10:07:00,815 [ContainerDataScanner(/home/runner/work/ozone/ozone/hadoop-ozone/integration-test/target/test-dir/MiniOzoneClusterImpl-9e79b078-2218-4abd-b04c-a65fc7f927a6/ozone-meta/datanode-6/data-0/hdds)] INFO  ozoneimpl.AbstractBackgroundContainerScanner (AbstractBackgroundContainerScanner.java:runIteration(87)) - Completed an iteration in 0 minutes. Number of iterations (since the data-node restart) : 1, Number of containers scanned in this iteration : 0, Number of unhealthy containers found in this iteration : 0
2024-04-29 10:07:00,815 [7c1b7d40-21b8-4f63-a346-8b6e9b157cbc-EndpointStateMachineTaskThread-/0.0.0.0:15447-0 ] INFO  replication.ReplicationServer (ReplicationServer.java:start(142)) - ReplicationServer is started using port 15506
2024-04-29 10:07:00,815 [7c1b7d40-21b8-4f63-a346-8b6e9b157cbc-EndpointStateMachineTaskThread-/0.0.0.0:15447-0 ] INFO  ratis.XceiverServerRatis (XceiverServerRatis.java:start(566)) - Starting XceiverServerRatis 7c1b7d40-21b8-4f63-a346-8b6e9b157cbc
2024-04-29 10:07:00,815 [7c1b7d40-21b8-4f63-a346-8b6e9b157cbc-EndpointStateMachineTaskThread-/0.0.0.0:15447-0 ] INFO  server.RaftServer (RaftServerProxy.java:startImpl(406)) - 7c1b7d40-21b8-4f63-a346-8b6e9b157cbc: start RPC server
2024-04-29 10:07:00,816 [7c1b7d40-21b8-4f63-a346-8b6e9b157cbc-EndpointStateMachineTaskThread-/0.0.0.0:15447-0 ] INFO  server.GrpcService (GrpcService.java:startImpl(302)) - 7c1b7d40-21b8-4f63-a346-8b6e9b157cbc: GrpcService started, listening on 15502
2024-04-29 10:07:00,816 [7c1b7d40-21b8-4f63-a346-8b6e9b157cbc-EndpointStateMachineTaskThread-/0.0.0.0:15447-0 ] INFO  server.GrpcService (GrpcService.java:startImpl(302)) - 7c1b7d40-21b8-4f63-a346-8b6e9b157cbc: GrpcService started, listening on 15504
2024-04-29 10:07:00,816 [7c1b7d40-21b8-4f63-a346-8b6e9b157cbc-EndpointStateMachineTaskThread-/0.0.0.0:15447-0 ] INFO  server.GrpcService (GrpcService.java:startImpl(302)) - 7c1b7d40-21b8-4f63-a346-8b6e9b157cbc: GrpcService started, listening on 15503
2024-04-29 10:07:00,816 [7c1b7d40-21b8-4f63-a346-8b6e9b157cbc-EndpointStateMachineTaskThread-/0.0.0.0:15447-0 ] INFO  ratis.XceiverServerRatis (XceiverServerRatis.java:getRealPort(592)) - XceiverServerRatis 7c1b7d40-21b8-4f63-a346-8b6e9b157cbc is started using port 15502 for RATIS
2024-04-29 10:07:00,816 [7c1b7d40-21b8-4f63-a346-8b6e9b157cbc-EndpointStateMachineTaskThread-/0.0.0.0:15447-0 ] INFO  ratis.XceiverServerRatis (XceiverServerRatis.java:getRealPort(592)) - XceiverServerRatis 7c1b7d40-21b8-4f63-a346-8b6e9b157cbc is started using port 15503 for RATIS_ADMIN
2024-04-29 10:07:00,816 [7c1b7d40-21b8-4f63-a346-8b6e9b157cbc-EndpointStateMachineTaskThread-/0.0.0.0:15447-0 ] INFO  ratis.XceiverServerRatis (XceiverServerRatis.java:getRealPort(592)) - XceiverServerRatis 7c1b7d40-21b8-4f63-a346-8b6e9b157cbc is started using port 15504 for RATIS_SERVER
2024-04-29 10:07:00,816 [7c1b7d40-21b8-4f63-a346-8b6e9b157cbc-EndpointStateMachineTaskThread-/0.0.0.0:15447-0 ] INFO  ratis.XceiverServerRatis (XceiverServerRatis.java:getRealPort(592)) - XceiverServerRatis 7c1b7d40-21b8-4f63-a346-8b6e9b157cbc is started using port 15505 for RATIS_DATASTREAM
2024-04-29 10:07:00,816 [JvmPauseMonitor62] INFO  util.JvmPauseMonitor (JvmPauseMonitor.java:run(146)) - JvmPauseMonitor-7c1b7d40-21b8-4f63-a346-8b6e9b157cbc: Started
2024-04-29 10:07:00,817 [7c1b7d40-21b8-4f63-a346-8b6e9b157cbc-BlockDeletingService#0] INFO  interfaces.ContainerDeletionChoosingPolicyTemplate (ContainerDeletionChoosingPolicyTemplate.java:chooseContainerForBlockDeletion(85)) - Chosen 0/5000 blocks from 0 candidate containers.
2024-04-29 10:07:00,869 [6d3d555f-4cf8-4e54-a907-fcd788b1b69a-EndpointStateMachineTaskThread-/0.0.0.0:15447-0 ] INFO  utils.DatanodeStoreCache (DatanodeStoreCache.java:addDB(72)) - Added db /home/runner/work/ozone/ozone/hadoop-ozone/integration-test/target/test-dir/MiniOzoneClusterImpl-9e79b078-2218-4abd-b04c-a65fc7f927a6/ozone-meta/datanode-7/data-0/hdds/9e79b078-2218-4abd-b04c-a65fc7f927a6/DS-03942266-31a7-4d9c-bd6f-84a32e8f56fe/container.db to cache
2024-04-29 10:07:00,870 [6d3d555f-4cf8-4e54-a907-fcd788b1b69a-EndpointStateMachineTaskThread-/0.0.0.0:15447-0 ] INFO  volume.HddsVolume (HddsVolume.java:createDbStore(437)) - SchemaV3 db is created and loaded at /home/runner/work/ozone/ozone/hadoop-ozone/integration-test/target/test-dir/MiniOzoneClusterImpl-9e79b078-2218-4abd-b04c-a65fc7f927a6/ozone-meta/datanode-7/data-0/hdds/9e79b078-2218-4abd-b04c-a65fc7f927a6/DS-03942266-31a7-4d9c-bd6f-84a32e8f56fe/container.db for volume DS-03942266-31a7-4d9c-bd6f-84a32e8f56fe
2024-04-29 10:07:00,871 [6d3d555f-4cf8-4e54-a907-fcd788b1b69a-ContainerReader-0] INFO  ozoneimpl.ContainerReader (ContainerReader.java:readVolume(148)) - Start to verify containers on volume /home/runner/work/ozone/ozone/hadoop-ozone/integration-test/target/test-dir/MiniOzoneClusterImpl-9e79b078-2218-4abd-b04c-a65fc7f927a6/ozone-meta/datanode-7/data-0/hdds
2024-04-29 10:07:00,871 [6d3d555f-4cf8-4e54-a907-fcd788b1b69a-ContainerReader-0] INFO  ozoneimpl.ContainerReader (ContainerReader.java:readVolume(178)) - Finish verifying containers on volume /home/runner/work/ozone/ozone/hadoop-ozone/integration-test/target/test-dir/MiniOzoneClusterImpl-9e79b078-2218-4abd-b04c-a65fc7f927a6/ozone-meta/datanode-7/data-0/hdds
2024-04-29 10:07:00,871 [6d3d555f-4cf8-4e54-a907-fcd788b1b69a-EndpointStateMachineTaskThread-/0.0.0.0:15447-0 ] INFO  ozoneimpl.OzoneContainer (OzoneContainer.java:buildContainerSet(328)) - Build ContainerSet costs 0s
2024-04-29 10:07:00,871 [6d3d555f-4cf8-4e54-a907-fcd788b1b69a-EndpointStateMachineTaskThread-/0.0.0.0:15447-0 ] INFO  volume.ThrottledAsyncChecker (ThrottledAsyncChecker.java:schedule(141)) - Scheduling a check for /home/runner/work/ozone/ozone/hadoop-ozone/integration-test/target/test-dir/MiniOzoneClusterImpl-9e79b078-2218-4abd-b04c-a65fc7f927a6/ozone-meta/datanode-7/data-0/hdds
2024-04-29 10:07:00,871 [6d3d555f-4cf8-4e54-a907-fcd788b1b69a-EndpointStateMachineTaskThread-/0.0.0.0:15447-0 ] INFO  volume.StorageVolumeChecker (StorageVolumeChecker.java:checkAllVolumes(218)) - Scheduled health check for volume /home/runner/work/ozone/ozone/hadoop-ozone/integration-test/target/test-dir/MiniOzoneClusterImpl-9e79b078-2218-4abd-b04c-a65fc7f927a6/ozone-meta/datanode-7/data-0/hdds
2024-04-29 10:07:00,872 [6d3d555f-4cf8-4e54-a907-fcd788b1b69a-EndpointStateMachineTaskThread-/0.0.0.0:15447-0 ] INFO  volume.ThrottledAsyncChecker (ThrottledAsyncChecker.java:schedule(141)) - Scheduling a check for /home/runner/work/ozone/ozone/hadoop-ozone/integration-test/target/test-dir/MiniOzoneClusterImpl-9e79b078-2218-4abd-b04c-a65fc7f927a6/ozone-meta/datanode-7/ratis
2024-04-29 10:07:00,872 [6d3d555f-4cf8-4e54-a907-fcd788b1b69a-EndpointStateMachineTaskThread-/0.0.0.0:15447-0 ] INFO  volume.StorageVolumeChecker (StorageVolumeChecker.java:checkAllVolumes(218)) - Scheduled health check for volume /home/runner/work/ozone/ozone/hadoop-ozone/integration-test/target/test-dir/MiniOzoneClusterImpl-9e79b078-2218-4abd-b04c-a65fc7f927a6/ozone-meta/datanode-7/ratis
2024-04-29 10:07:00,873 [6d3d555f-4cf8-4e54-a907-fcd788b1b69a-EndpointStateMachineTaskThread-/0.0.0.0:15447-0 ] INFO  ozoneimpl.OzoneContainer (OzoneContainer.java:start(459)) - Attempting to start container services.
2024-04-29 10:07:00,873 [6d3d555f-4cf8-4e54-a907-fcd788b1b69a-EndpointStateMachineTaskThread-/0.0.0.0:15447-0 ] WARN  ozoneimpl.OnDemandContainerDataScanner (OnDemandContainerDataScanner.java:init(75)) - Trying to initialize on demand scanner a second time on a datanode.
2024-04-29 10:07:00,873 [ContainerMetadataScanner] INFO  ozoneimpl.AbstractBackgroundContainerScanner (AbstractBackgroundContainerScanner.java:runIteration(87)) - Completed an iteration in 0 minutes. Number of iterations (since the data-node restart) : 1, Number of containers scanned in this iteration : 0, Number of unhealthy containers found in this iteration : 0
2024-04-29 10:07:00,874 [ContainerDataScanner(/home/runner/work/ozone/ozone/hadoop-ozone/integration-test/target/test-dir/MiniOzoneClusterImpl-9e79b078-2218-4abd-b04c-a65fc7f927a6/ozone-meta/datanode-7/data-0/hdds)] INFO  ozoneimpl.AbstractBackgroundContainerScanner (AbstractBackgroundContainerScanner.java:runIteration(87)) - Completed an iteration in 0 minutes. Number of iterations (since the data-node restart) : 1, Number of containers scanned in this iteration : 0, Number of unhealthy containers found in this iteration : 0
2024-04-29 10:07:00,874 [6d3d555f-4cf8-4e54-a907-fcd788b1b69a-EndpointStateMachineTaskThread-/0.0.0.0:15447-0 ] INFO  replication.ReplicationServer (ReplicationServer.java:start(142)) - ReplicationServer is started using port 15515
2024-04-29 10:07:00,874 [6d3d555f-4cf8-4e54-a907-fcd788b1b69a-EndpointStateMachineTaskThread-/0.0.0.0:15447-0 ] INFO  ratis.XceiverServerRatis (XceiverServerRatis.java:start(566)) - Starting XceiverServerRatis 6d3d555f-4cf8-4e54-a907-fcd788b1b69a
2024-04-29 10:07:00,874 [6d3d555f-4cf8-4e54-a907-fcd788b1b69a-EndpointStateMachineTaskThread-/0.0.0.0:15447-0 ] INFO  server.RaftServer (RaftServerProxy.java:startImpl(406)) - 6d3d555f-4cf8-4e54-a907-fcd788b1b69a: start RPC server
2024-04-29 10:07:00,874 [6d3d555f-4cf8-4e54-a907-fcd788b1b69a-EndpointStateMachineTaskThread-/0.0.0.0:15447-0 ] INFO  server.GrpcService (GrpcService.java:startImpl(302)) - 6d3d555f-4cf8-4e54-a907-fcd788b1b69a: GrpcService started, listening on 15511
2024-04-29 10:07:00,875 [6d3d555f-4cf8-4e54-a907-fcd788b1b69a-EndpointStateMachineTaskThread-/0.0.0.0:15447-0 ] INFO  server.GrpcService (GrpcService.java:startImpl(302)) - 6d3d555f-4cf8-4e54-a907-fcd788b1b69a: GrpcService started, listening on 15513
2024-04-29 10:07:00,875 [6d3d555f-4cf8-4e54-a907-fcd788b1b69a-EndpointStateMachineTaskThread-/0.0.0.0:15447-0 ] INFO  server.GrpcService (GrpcService.java:startImpl(302)) - 6d3d555f-4cf8-4e54-a907-fcd788b1b69a: GrpcService started, listening on 15512
2024-04-29 10:07:00,875 [6d3d555f-4cf8-4e54-a907-fcd788b1b69a-EndpointStateMachineTaskThread-/0.0.0.0:15447-0 ] INFO  ratis.XceiverServerRatis (XceiverServerRatis.java:getRealPort(592)) - XceiverServerRatis 6d3d555f-4cf8-4e54-a907-fcd788b1b69a is started using port 15511 for RATIS
2024-04-29 10:07:00,875 [6d3d555f-4cf8-4e54-a907-fcd788b1b69a-EndpointStateMachineTaskThread-/0.0.0.0:15447-0 ] INFO  ratis.XceiverServerRatis (XceiverServerRatis.java:getRealPort(592)) - XceiverServerRatis 6d3d555f-4cf8-4e54-a907-fcd788b1b69a is started using port 15512 for RATIS_ADMIN
2024-04-29 10:07:00,875 [JvmPauseMonitor63] INFO  util.JvmPauseMonitor (JvmPauseMonitor.java:run(146)) - JvmPauseMonitor-6d3d555f-4cf8-4e54-a907-fcd788b1b69a: Started
2024-04-29 10:07:00,875 [6d3d555f-4cf8-4e54-a907-fcd788b1b69a-EndpointStateMachineTaskThread-/0.0.0.0:15447-0 ] INFO  ratis.XceiverServerRatis (XceiverServerRatis.java:getRealPort(592)) - XceiverServerRatis 6d3d555f-4cf8-4e54-a907-fcd788b1b69a is started using port 15513 for RATIS_SERVER
2024-04-29 10:07:00,875 [6d3d555f-4cf8-4e54-a907-fcd788b1b69a-EndpointStateMachineTaskThread-/0.0.0.0:15447-0 ] INFO  ratis.XceiverServerRatis (XceiverServerRatis.java:getRealPort(592)) - XceiverServerRatis 6d3d555f-4cf8-4e54-a907-fcd788b1b69a is started using port 15514 for RATIS_DATASTREAM
2024-04-29 10:07:00,876 [6d3d555f-4cf8-4e54-a907-fcd788b1b69a-BlockDeletingService#0] INFO  interfaces.ContainerDeletionChoosingPolicyTemplate (ContainerDeletionChoosingPolicyTemplate.java:chooseContainerForBlockDeletion(85)) - Chosen 0/5000 blocks from 0 candidate containers.
2024-04-29 10:07:00,916 [d40c8439-b047-4b38-90b1-52a68d7d9fe2-EndpointStateMachineTaskThread-/0.0.0.0:15447-0 ] INFO  utils.DatanodeStoreCache (DatanodeStoreCache.java:addDB(72)) - Added db /home/runner/work/ozone/ozone/hadoop-ozone/integration-test/target/test-dir/MiniOzoneClusterImpl-9e79b078-2218-4abd-b04c-a65fc7f927a6/ozone-meta/datanode-8/data-0/hdds/9e79b078-2218-4abd-b04c-a65fc7f927a6/DS-8996fb91-b66c-4db4-86bb-dde3eda381d7/container.db to cache
2024-04-29 10:07:00,916 [d40c8439-b047-4b38-90b1-52a68d7d9fe2-EndpointStateMachineTaskThread-/0.0.0.0:15447-0 ] INFO  volume.HddsVolume (HddsVolume.java:createDbStore(437)) - SchemaV3 db is created and loaded at /home/runner/work/ozone/ozone/hadoop-ozone/integration-test/target/test-dir/MiniOzoneClusterImpl-9e79b078-2218-4abd-b04c-a65fc7f927a6/ozone-meta/datanode-8/data-0/hdds/9e79b078-2218-4abd-b04c-a65fc7f927a6/DS-8996fb91-b66c-4db4-86bb-dde3eda381d7/container.db for volume DS-8996fb91-b66c-4db4-86bb-dde3eda381d7
2024-04-29 10:07:00,917 [d40c8439-b047-4b38-90b1-52a68d7d9fe2-ContainerReader-0] INFO  ozoneimpl.ContainerReader (ContainerReader.java:readVolume(148)) - Start to verify containers on volume /home/runner/work/ozone/ozone/hadoop-ozone/integration-test/target/test-dir/MiniOzoneClusterImpl-9e79b078-2218-4abd-b04c-a65fc7f927a6/ozone-meta/datanode-8/data-0/hdds
2024-04-29 10:07:00,917 [d40c8439-b047-4b38-90b1-52a68d7d9fe2-ContainerReader-0] INFO  ozoneimpl.ContainerReader (ContainerReader.java:readVolume(178)) - Finish verifying containers on volume /home/runner/work/ozone/ozone/hadoop-ozone/integration-test/target/test-dir/MiniOzoneClusterImpl-9e79b078-2218-4abd-b04c-a65fc7f927a6/ozone-meta/datanode-8/data-0/hdds
2024-04-29 10:07:00,917 [d40c8439-b047-4b38-90b1-52a68d7d9fe2-EndpointStateMachineTaskThread-/0.0.0.0:15447-0 ] INFO  ozoneimpl.OzoneContainer (OzoneContainer.java:buildContainerSet(328)) - Build ContainerSet costs 0s
2024-04-29 10:07:00,917 [d40c8439-b047-4b38-90b1-52a68d7d9fe2-EndpointStateMachineTaskThread-/0.0.0.0:15447-0 ] INFO  volume.ThrottledAsyncChecker (ThrottledAsyncChecker.java:schedule(141)) - Scheduling a check for /home/runner/work/ozone/ozone/hadoop-ozone/integration-test/target/test-dir/MiniOzoneClusterImpl-9e79b078-2218-4abd-b04c-a65fc7f927a6/ozone-meta/datanode-8/data-0/hdds
2024-04-29 10:07:00,917 [d40c8439-b047-4b38-90b1-52a68d7d9fe2-EndpointStateMachineTaskThread-/0.0.0.0:15447-0 ] INFO  volume.StorageVolumeChecker (StorageVolumeChecker.java:checkAllVolumes(218)) - Scheduled health check for volume /home/runner/work/ozone/ozone/hadoop-ozone/integration-test/target/test-dir/MiniOzoneClusterImpl-9e79b078-2218-4abd-b04c-a65fc7f927a6/ozone-meta/datanode-8/data-0/hdds
2024-04-29 10:07:00,918 [d40c8439-b047-4b38-90b1-52a68d7d9fe2-EndpointStateMachineTaskThread-/0.0.0.0:15447-0 ] INFO  volume.ThrottledAsyncChecker (ThrottledAsyncChecker.java:schedule(141)) - Scheduling a check for /home/runner/work/ozone/ozone/hadoop-ozone/integration-test/target/test-dir/MiniOzoneClusterImpl-9e79b078-2218-4abd-b04c-a65fc7f927a6/ozone-meta/datanode-8/ratis
2024-04-29 10:07:00,918 [d40c8439-b047-4b38-90b1-52a68d7d9fe2-EndpointStateMachineTaskThread-/0.0.0.0:15447-0 ] INFO  volume.StorageVolumeChecker (StorageVolumeChecker.java:checkAllVolumes(218)) - Scheduled health check for volume /home/runner/work/ozone/ozone/hadoop-ozone/integration-test/target/test-dir/MiniOzoneClusterImpl-9e79b078-2218-4abd-b04c-a65fc7f927a6/ozone-meta/datanode-8/ratis
2024-04-29 10:07:00,919 [d40c8439-b047-4b38-90b1-52a68d7d9fe2-EndpointStateMachineTaskThread-/0.0.0.0:15447-0 ] INFO  ozoneimpl.OzoneContainer (OzoneContainer.java:start(459)) - Attempting to start container services.
2024-04-29 10:07:00,920 [d40c8439-b047-4b38-90b1-52a68d7d9fe2-EndpointStateMachineTaskThread-/0.0.0.0:15447-0 ] WARN  ozoneimpl.OnDemandContainerDataScanner (OnDemandContainerDataScanner.java:init(75)) - Trying to initialize on demand scanner a second time on a datanode.
2024-04-29 10:07:00,920 [ContainerMetadataScanner] INFO  ozoneimpl.AbstractBackgroundContainerScanner (AbstractBackgroundContainerScanner.java:runIteration(87)) - Completed an iteration in 0 minutes. Number of iterations (since the data-node restart) : 1, Number of containers scanned in this iteration : 0, Number of unhealthy containers found in this iteration : 0
2024-04-29 10:07:00,920 [d40c8439-b047-4b38-90b1-52a68d7d9fe2-EndpointStateMachineTaskThread-/0.0.0.0:15447-0 ] INFO  replication.ReplicationServer (ReplicationServer.java:start(142)) - ReplicationServer is started using port 15524
2024-04-29 10:07:00,920 [d40c8439-b047-4b38-90b1-52a68d7d9fe2-EndpointStateMachineTaskThread-/0.0.0.0:15447-0 ] INFO  ratis.XceiverServerRatis (XceiverServerRatis.java:start(566)) - Starting XceiverServerRatis d40c8439-b047-4b38-90b1-52a68d7d9fe2
2024-04-29 10:07:00,920 [ContainerDataScanner(/home/runner/work/ozone/ozone/hadoop-ozone/integration-test/target/test-dir/MiniOzoneClusterImpl-9e79b078-2218-4abd-b04c-a65fc7f927a6/ozone-meta/datanode-8/data-0/hdds)] INFO  ozoneimpl.AbstractBackgroundContainerScanner (AbstractBackgroundContainerScanner.java:runIteration(87)) - Completed an iteration in 0 minutes. Number of iterations (since the data-node restart) : 1, Number of containers scanned in this iteration : 0, Number of unhealthy containers found in this iteration : 0
2024-04-29 10:07:00,921 [d40c8439-b047-4b38-90b1-52a68d7d9fe2-EndpointStateMachineTaskThread-/0.0.0.0:15447-0 ] INFO  server.RaftServer (RaftServerProxy.java:startImpl(406)) - d40c8439-b047-4b38-90b1-52a68d7d9fe2: start RPC server
2024-04-29 10:07:00,921 [d40c8439-b047-4b38-90b1-52a68d7d9fe2-EndpointStateMachineTaskThread-/0.0.0.0:15447-0 ] INFO  server.GrpcService (GrpcService.java:startImpl(302)) - d40c8439-b047-4b38-90b1-52a68d7d9fe2: GrpcService started, listening on 15520
2024-04-29 10:07:00,921 [d40c8439-b047-4b38-90b1-52a68d7d9fe2-EndpointStateMachineTaskThread-/0.0.0.0:15447-0 ] INFO  server.GrpcService (GrpcService.java:startImpl(302)) - d40c8439-b047-4b38-90b1-52a68d7d9fe2: GrpcService started, listening on 15522
2024-04-29 10:07:00,921 [d40c8439-b047-4b38-90b1-52a68d7d9fe2-EndpointStateMachineTaskThread-/0.0.0.0:15447-0 ] INFO  server.GrpcService (GrpcService.java:startImpl(302)) - d40c8439-b047-4b38-90b1-52a68d7d9fe2: GrpcService started, listening on 15521
2024-04-29 10:07:00,922 [d40c8439-b047-4b38-90b1-52a68d7d9fe2-EndpointStateMachineTaskThread-/0.0.0.0:15447-0 ] INFO  ratis.XceiverServerRatis (XceiverServerRatis.java:getRealPort(592)) - XceiverServerRatis d40c8439-b047-4b38-90b1-52a68d7d9fe2 is started using port 15520 for RATIS
2024-04-29 10:07:00,922 [d40c8439-b047-4b38-90b1-52a68d7d9fe2-EndpointStateMachineTaskThread-/0.0.0.0:15447-0 ] INFO  ratis.XceiverServerRatis (XceiverServerRatis.java:getRealPort(592)) - XceiverServerRatis d40c8439-b047-4b38-90b1-52a68d7d9fe2 is started using port 15521 for RATIS_ADMIN
2024-04-29 10:07:00,922 [d40c8439-b047-4b38-90b1-52a68d7d9fe2-EndpointStateMachineTaskThread-/0.0.0.0:15447-0 ] INFO  ratis.XceiverServerRatis (XceiverServerRatis.java:getRealPort(592)) - XceiverServerRatis d40c8439-b047-4b38-90b1-52a68d7d9fe2 is started using port 15522 for RATIS_SERVER
2024-04-29 10:07:00,922 [d40c8439-b047-4b38-90b1-52a68d7d9fe2-EndpointStateMachineTaskThread-/0.0.0.0:15447-0 ] INFO  ratis.XceiverServerRatis (XceiverServerRatis.java:getRealPort(592)) - XceiverServerRatis d40c8439-b047-4b38-90b1-52a68d7d9fe2 is started using port 15523 for RATIS_DATASTREAM
2024-04-29 10:07:00,922 [JvmPauseMonitor64] INFO  util.JvmPauseMonitor (JvmPauseMonitor.java:run(146)) - JvmPauseMonitor-d40c8439-b047-4b38-90b1-52a68d7d9fe2: Started
2024-04-29 10:07:00,922 [d40c8439-b047-4b38-90b1-52a68d7d9fe2-BlockDeletingService#0] INFO  interfaces.ContainerDeletionChoosingPolicyTemplate (ContainerDeletionChoosingPolicyTemplate.java:chooseContainerForBlockDeletion(85)) - Chosen 0/5000 blocks from 0 candidate containers.
2024-04-29 10:07:00,947 [main] INFO  ozone.MiniOzoneClusterImpl (MiniOzoneClusterImpl.java:lambda$waitForClusterToBeReady$0(194)) - Waiting for nodes to be ready. Got 0 of 9 DN Heartbeats.
2024-04-29 10:07:00,947 [main] INFO  ozone.MiniOzoneClusterImpl (MiniOzoneClusterImpl.java:lambda$waitForClusterToBeReady$0(197)) - Waiting for cluster to exit safe mode
2024-04-29 10:07:00,947 [main] INFO  ozone.MiniOzoneClusterImpl (MiniOzoneClusterImpl.java:lambda$waitForClusterToBeReady$0(199)) - SCM became leader
2024-04-29 10:07:00,968 [158faee4-db49-465b-9160-a35c663658b4-EndpointStateMachineTaskThread-/0.0.0.0:15447-0 ] INFO  utils.DatanodeStoreCache (DatanodeStoreCache.java:addDB(72)) - Added db /home/runner/work/ozone/ozone/hadoop-ozone/integration-test/target/test-dir/MiniOzoneClusterImpl-9e79b078-2218-4abd-b04c-a65fc7f927a6/ozone-meta/datanode-9/data-0/hdds/9e79b078-2218-4abd-b04c-a65fc7f927a6/DS-13853fe7-caa3-4730-b931-d312fdda933b/container.db to cache
2024-04-29 10:07:00,968 [158faee4-db49-465b-9160-a35c663658b4-EndpointStateMachineTaskThread-/0.0.0.0:15447-0 ] INFO  volume.HddsVolume (HddsVolume.java:createDbStore(437)) - SchemaV3 db is created and loaded at /home/runner/work/ozone/ozone/hadoop-ozone/integration-test/target/test-dir/MiniOzoneClusterImpl-9e79b078-2218-4abd-b04c-a65fc7f927a6/ozone-meta/datanode-9/data-0/hdds/9e79b078-2218-4abd-b04c-a65fc7f927a6/DS-13853fe7-caa3-4730-b931-d312fdda933b/container.db for volume DS-13853fe7-caa3-4730-b931-d312fdda933b
2024-04-29 10:07:00,970 [158faee4-db49-465b-9160-a35c663658b4-ContainerReader-0] INFO  ozoneimpl.ContainerReader (ContainerReader.java:readVolume(148)) - Start to verify containers on volume /home/runner/work/ozone/ozone/hadoop-ozone/integration-test/target/test-dir/MiniOzoneClusterImpl-9e79b078-2218-4abd-b04c-a65fc7f927a6/ozone-meta/datanode-9/data-0/hdds
2024-04-29 10:07:00,970 [158faee4-db49-465b-9160-a35c663658b4-ContainerReader-0] INFO  ozoneimpl.ContainerReader (ContainerReader.java:readVolume(178)) - Finish verifying containers on volume /home/runner/work/ozone/ozone/hadoop-ozone/integration-test/target/test-dir/MiniOzoneClusterImpl-9e79b078-2218-4abd-b04c-a65fc7f927a6/ozone-meta/datanode-9/data-0/hdds
2024-04-29 10:07:00,970 [158faee4-db49-465b-9160-a35c663658b4-EndpointStateMachineTaskThread-/0.0.0.0:15447-0 ] INFO  ozoneimpl.OzoneContainer (OzoneContainer.java:buildContainerSet(328)) - Build ContainerSet costs 0s
2024-04-29 10:07:00,970 [158faee4-db49-465b-9160-a35c663658b4-EndpointStateMachineTaskThread-/0.0.0.0:15447-0 ] INFO  volume.ThrottledAsyncChecker (ThrottledAsyncChecker.java:schedule(141)) - Scheduling a check for /home/runner/work/ozone/ozone/hadoop-ozone/integration-test/target/test-dir/MiniOzoneClusterImpl-9e79b078-2218-4abd-b04c-a65fc7f927a6/ozone-meta/datanode-9/data-0/hdds
2024-04-29 10:07:00,970 [158faee4-db49-465b-9160-a35c663658b4-EndpointStateMachineTaskThread-/0.0.0.0:15447-0 ] INFO  volume.StorageVolumeChecker (StorageVolumeChecker.java:checkAllVolumes(218)) - Scheduled health check for volume /home/runner/work/ozone/ozone/hadoop-ozone/integration-test/target/test-dir/MiniOzoneClusterImpl-9e79b078-2218-4abd-b04c-a65fc7f927a6/ozone-meta/datanode-9/data-0/hdds
2024-04-29 10:07:00,971 [158faee4-db49-465b-9160-a35c663658b4-EndpointStateMachineTaskThread-/0.0.0.0:15447-0 ] INFO  volume.ThrottledAsyncChecker (ThrottledAsyncChecker.java:schedule(141)) - Scheduling a check for /home/runner/work/ozone/ozone/hadoop-ozone/integration-test/target/test-dir/MiniOzoneClusterImpl-9e79b078-2218-4abd-b04c-a65fc7f927a6/ozone-meta/datanode-9/ratis
2024-04-29 10:07:00,971 [158faee4-db49-465b-9160-a35c663658b4-EndpointStateMachineTaskThread-/0.0.0.0:15447-0 ] INFO  volume.StorageVolumeChecker (StorageVolumeChecker.java:checkAllVolumes(218)) - Scheduled health check for volume /home/runner/work/ozone/ozone/hadoop-ozone/integration-test/target/test-dir/MiniOzoneClusterImpl-9e79b078-2218-4abd-b04c-a65fc7f927a6/ozone-meta/datanode-9/ratis
2024-04-29 10:07:00,972 [158faee4-db49-465b-9160-a35c663658b4-EndpointStateMachineTaskThread-/0.0.0.0:15447-0 ] INFO  ozoneimpl.OzoneContainer (OzoneContainer.java:start(459)) - Attempting to start container services.
2024-04-29 10:07:00,972 [158faee4-db49-465b-9160-a35c663658b4-EndpointStateMachineTaskThread-/0.0.0.0:15447-0 ] WARN  ozoneimpl.OnDemandContainerDataScanner (OnDemandContainerDataScanner.java:init(75)) - Trying to initialize on demand scanner a second time on a datanode.
2024-04-29 10:07:00,972 [ContainerMetadataScanner] INFO  ozoneimpl.AbstractBackgroundContainerScanner (AbstractBackgroundContainerScanner.java:runIteration(87)) - Completed an iteration in 0 minutes. Number of iterations (since the data-node restart) : 1, Number of containers scanned in this iteration : 0, Number of unhealthy containers found in this iteration : 0
2024-04-29 10:07:00,972 [ContainerDataScanner(/home/runner/work/ozone/ozone/hadoop-ozone/integration-test/target/test-dir/MiniOzoneClusterImpl-9e79b078-2218-4abd-b04c-a65fc7f927a6/ozone-meta/datanode-9/data-0/hdds)] INFO  ozoneimpl.AbstractBackgroundContainerScanner (AbstractBackgroundContainerScanner.java:runIteration(87)) - Completed an iteration in 0 minutes. Number of iterations (since the data-node restart) : 1, Number of containers scanned in this iteration : 0, Number of unhealthy containers found in this iteration : 0
2024-04-29 10:07:00,973 [158faee4-db49-465b-9160-a35c663658b4-EndpointStateMachineTaskThread-/0.0.0.0:15447-0 ] INFO  replication.ReplicationServer (ReplicationServer.java:start(142)) - ReplicationServer is started using port 15533
2024-04-29 10:07:00,973 [158faee4-db49-465b-9160-a35c663658b4-EndpointStateMachineTaskThread-/0.0.0.0:15447-0 ] INFO  ratis.XceiverServerRatis (XceiverServerRatis.java:start(566)) - Starting XceiverServerRatis 158faee4-db49-465b-9160-a35c663658b4
2024-04-29 10:07:00,973 [158faee4-db49-465b-9160-a35c663658b4-EndpointStateMachineTaskThread-/0.0.0.0:15447-0 ] INFO  server.RaftServer (RaftServerProxy.java:startImpl(406)) - 158faee4-db49-465b-9160-a35c663658b4: start RPC server
2024-04-29 10:07:00,973 [158faee4-db49-465b-9160-a35c663658b4-EndpointStateMachineTaskThread-/0.0.0.0:15447-0 ] INFO  server.GrpcService (GrpcService.java:startImpl(302)) - 158faee4-db49-465b-9160-a35c663658b4: GrpcService started, listening on 15529
2024-04-29 10:07:00,974 [158faee4-db49-465b-9160-a35c663658b4-EndpointStateMachineTaskThread-/0.0.0.0:15447-0 ] INFO  server.GrpcService (GrpcService.java:startImpl(302)) - 158faee4-db49-465b-9160-a35c663658b4: GrpcService started, listening on 15531
2024-04-29 10:07:00,974 [158faee4-db49-465b-9160-a35c663658b4-EndpointStateMachineTaskThread-/0.0.0.0:15447-0 ] INFO  server.GrpcService (GrpcService.java:startImpl(302)) - 158faee4-db49-465b-9160-a35c663658b4: GrpcService started, listening on 15530
2024-04-29 10:07:00,974 [158faee4-db49-465b-9160-a35c663658b4-EndpointStateMachineTaskThread-/0.0.0.0:15447-0 ] INFO  ratis.XceiverServerRatis (XceiverServerRatis.java:getRealPort(592)) - XceiverServerRatis 158faee4-db49-465b-9160-a35c663658b4 is started using port 15529 for RATIS
2024-04-29 10:07:00,974 [JvmPauseMonitor65] INFO  util.JvmPauseMonitor (JvmPauseMonitor.java:run(146)) - JvmPauseMonitor-158faee4-db49-465b-9160-a35c663658b4: Started
2024-04-29 10:07:00,974 [158faee4-db49-465b-9160-a35c663658b4-EndpointStateMachineTaskThread-/0.0.0.0:15447-0 ] INFO  ratis.XceiverServerRatis (XceiverServerRatis.java:getRealPort(592)) - XceiverServerRatis 158faee4-db49-465b-9160-a35c663658b4 is started using port 15530 for RATIS_ADMIN
2024-04-29 10:07:00,974 [158faee4-db49-465b-9160-a35c663658b4-EndpointStateMachineTaskThread-/0.0.0.0:15447-0 ] INFO  ratis.XceiverServerRatis (XceiverServerRatis.java:getRealPort(592)) - XceiverServerRatis 158faee4-db49-465b-9160-a35c663658b4 is started using port 15531 for RATIS_SERVER
2024-04-29 10:07:00,974 [158faee4-db49-465b-9160-a35c663658b4-EndpointStateMachineTaskThread-/0.0.0.0:15447-0 ] INFO  ratis.XceiverServerRatis (XceiverServerRatis.java:getRealPort(592)) - XceiverServerRatis 158faee4-db49-465b-9160-a35c663658b4 is started using port 15532 for RATIS_DATASTREAM
2024-04-29 10:07:00,975 [158faee4-db49-465b-9160-a35c663658b4-BlockDeletingService#0] INFO  interfaces.ContainerDeletionChoosingPolicyTemplate (ContainerDeletionChoosingPolicyTemplate.java:chooseContainerForBlockDeletion(85)) - Chosen 0/5000 blocks from 0 candidate containers.
2024-04-29 10:07:01,947 [main] INFO  ozone.MiniOzoneClusterImpl (MiniOzoneClusterImpl.java:lambda$waitForClusterToBeReady$0(194)) - Waiting for nodes to be ready. Got 0 of 9 DN Heartbeats.
2024-04-29 10:07:01,947 [main] INFO  ozone.MiniOzoneClusterImpl (MiniOzoneClusterImpl.java:lambda$waitForClusterToBeReady$0(197)) - Waiting for cluster to exit safe mode
2024-04-29 10:07:01,947 [main] INFO  ozone.MiniOzoneClusterImpl (MiniOzoneClusterImpl.java:lambda$waitForClusterToBeReady$0(199)) - SCM became leader
2024-04-29 10:07:02,530 [IPC Server handler 0 on default port 15447] INFO  net.NetworkTopologyImpl (NetworkTopologyImpl.java:add(134)) - Added a new node: /default-rack/ff005283-6149-44cc-9e6b-88eb174549f2
2024-04-29 10:07:02,530 [IPC Server handler 0 on default port 15447] INFO  node.SCMNodeManager (SCMNodeManager.java:register(421)) - Registered datanode: ff005283-6149-44cc-9e6b-88eb174549f2{ip: 127.0.0.1, host: localhost, ports: [HTTP=15454, CLIENT_RPC=15455, REPLICATION=15461, RATIS=15457, RATIS_ADMIN=15458, RATIS_SERVER=15459, RATIS_DATASTREAM=15460, STANDALONE=15456], networkLocation: /default-rack, certSerialId: null, persistedOpState: null, persistedOpStateExpiryEpochSec: 0}
2024-04-29 10:07:02,531 [EventQueue-NewNodeForNewNodeHandler] INFO  pipeline.BackgroundPipelineCreator (BackgroundPipelineCreator.java:notifyEventTriggered(280)) - trigger a one-shot run on RatisPipelineUtilsThread.
2024-04-29 10:07:02,531 [EventQueue-NodeRegistrationContainerReportForDataNodeSafeModeRule] INFO  safemode.SCMSafeModeManager (DataNodeSafeModeRule.java:process(71)) - SCM in safe mode. 1 DataNodes registered, 3 required.
2024-04-29 10:07:02,531 [EventQueue-NodeRegistrationContainerReportForContainerSafeModeRule] INFO  safemode.SCMSafeModeManager (SCMSafeModeManager.java:validateSafeModeExitRules(203)) - ContainerSafeModeRule rule is successfully validated
2024-04-29 10:07:02,531 [EventQueue-PipelineReportForOneReplicaPipelineSafeModeRule] INFO  safemode.SCMSafeModeManager (SCMSafeModeManager.java:validateSafeModeExitRules(203)) - AtleastOneDatanodeReportedRule rule is successfully validated
2024-04-29 10:07:02,532 [RatisPipelineUtilsThread-0] INFO  pipeline.RatisPipelineProvider (RatisPipelineProvider.java:lambda$create$0(205)) - Sending CreatePipelineCommand for pipeline:PipelineID=89164fa4-b052-4c7c-80e5-3e5916b6a231 to datanode:ff005283-6149-44cc-9e6b-88eb174549f2
2024-04-29 10:07:02,533 [RatisPipelineUtilsThread-0] INFO  pipeline.BackgroundPipelineCreator (BackgroundPipelineCreator.java:createPipelines(236)) - Created new pipeline Pipeline[ Id: 89164fa4-b052-4c7c-80e5-3e5916b6a231, Nodes: ff005283-6149-44cc-9e6b-88eb174549f2(localhost/127.0.0.1), ReplicationConfig: RATIS/ONE, State:ALLOCATED, leaderId:, CreationTimestamp2024-04-29T10:07:02.532236806Z[Etc/UTC]]
2024-04-29 10:07:02,580 [IPC Server handler 1 on default port 15447] INFO  net.NetworkTopologyImpl (NetworkTopologyImpl.java:add(134)) - Added a new node: /default-rack/a3deba03-ffe7-4d5f-b81f-0cb8f398f916
2024-04-29 10:07:02,580 [IPC Server handler 1 on default port 15447] INFO  node.SCMNodeManager (SCMNodeManager.java:register(421)) - Registered datanode: a3deba03-ffe7-4d5f-b81f-0cb8f398f916{ip: 127.0.0.1, host: localhost, ports: [HTTP=15463, CLIENT_RPC=15464, REPLICATION=15470, RATIS=15466, RATIS_ADMIN=15467, RATIS_SERVER=15468, RATIS_DATASTREAM=15469, STANDALONE=15465], networkLocation: /default-rack, certSerialId: null, persistedOpState: null, persistedOpStateExpiryEpochSec: 0}
2024-04-29 10:07:02,580 [EventQueue-NodeRegistrationContainerReportForDataNodeSafeModeRule] INFO  safemode.SCMSafeModeManager (DataNodeSafeModeRule.java:process(71)) - SCM in safe mode. 2 DataNodes registered, 3 required.
2024-04-29 10:07:02,580 [EventQueue-NewNodeForNewNodeHandler] INFO  pipeline.BackgroundPipelineCreator (BackgroundPipelineCreator.java:notifyEventTriggered(280)) - trigger a one-shot run on RatisPipelineUtilsThread.
2024-04-29 10:07:02,581 [RatisPipelineUtilsThread-0] INFO  pipeline.RatisPipelineProvider (RatisPipelineProvider.java:lambda$create$0(205)) - Sending CreatePipelineCommand for pipeline:PipelineID=42041f5e-2e61-4afc-88fc-cc65c46a3609 to datanode:a3deba03-ffe7-4d5f-b81f-0cb8f398f916
2024-04-29 10:07:02,582 [RatisPipelineUtilsThread-0] INFO  pipeline.BackgroundPipelineCreator (BackgroundPipelineCreator.java:createPipelines(236)) - Created new pipeline Pipeline[ Id: 42041f5e-2e61-4afc-88fc-cc65c46a3609, Nodes: a3deba03-ffe7-4d5f-b81f-0cb8f398f916(localhost/127.0.0.1), ReplicationConfig: RATIS/ONE, State:ALLOCATED, leaderId:, CreationTimestamp2024-04-29T10:07:02.581481163Z[Etc/UTC]]
2024-04-29 10:07:02,629 [IPC Server handler 2 on default port 15447] INFO  net.NetworkTopologyImpl (NetworkTopologyImpl.java:add(134)) - Added a new node: /default-rack/023796c2-f42d-4d4c-8c53-1144d6bee25f
2024-04-29 10:07:02,629 [IPC Server handler 2 on default port 15447] INFO  node.SCMNodeManager (SCMNodeManager.java:register(421)) - Registered datanode: 023796c2-f42d-4d4c-8c53-1144d6bee25f{ip: 127.0.0.1, host: localhost, ports: [HTTP=15472, CLIENT_RPC=15473, REPLICATION=15479, RATIS=15475, RATIS_ADMIN=15476, RATIS_SERVER=15477, RATIS_DATASTREAM=15478, STANDALONE=15474], networkLocation: /default-rack, certSerialId: null, persistedOpState: null, persistedOpStateExpiryEpochSec: 0}
2024-04-29 10:07:02,630 [EventQueue-NodeRegistrationContainerReportForDataNodeSafeModeRule] INFO  safemode.SCMSafeModeManager (DataNodeSafeModeRule.java:process(71)) - SCM in safe mode. 3 DataNodes registered, 3 required.
2024-04-29 10:07:02,630 [EventQueue-NodeRegistrationContainerReportForDataNodeSafeModeRule] INFO  safemode.SCMSafeModeManager (SCMSafeModeManager.java:validateSafeModeExitRules(203)) - DataNodeSafeModeRule rule is successfully validated
2024-04-29 10:07:02,630 [EventQueue-NodeRegistrationContainerReportForDataNodeSafeModeRule] INFO  safemode.SCMSafeModeManager (SCMSafeModeManager.java:completePreCheck(232)) - All SCM safe mode pre check rules have passed
2024-04-29 10:07:02,630 [EventQueue-NodeRegistrationContainerReportForDataNodeSafeModeRule] INFO  ha.SCMContext (SCMContext.java:updateSafeModeStatus(225)) - Update SafeModeStatus from SafeModeStatus{safeModeStatus=true, preCheckPassed=false} to SafeModeStatus{safeModeStatus=true, preCheckPassed=true}.
2024-04-29 10:07:02,630 [EventQueue-NewNodeForNewNodeHandler] INFO  pipeline.BackgroundPipelineCreator (BackgroundPipelineCreator.java:notifyEventTriggered(280)) - trigger a one-shot run on RatisPipelineUtilsThread.
2024-04-29 10:07:02,630 [EventQueue-NodeRegistrationContainerReportForDataNodeSafeModeRule] INFO  pipeline.BackgroundPipelineCreator (BackgroundPipelineCreator.java:notifyEventTriggered(280)) - trigger a one-shot run on RatisPipelineUtilsThread.
2024-04-29 10:07:02,630 [RatisPipelineUtilsThread-0] INFO  pipeline.RatisPipelineProvider (RatisPipelineProvider.java:lambda$create$0(205)) - Sending CreatePipelineCommand for pipeline:PipelineID=dec08726-ba3f-4d06-bdc3-92fdc0f9b532 to datanode:023796c2-f42d-4d4c-8c53-1144d6bee25f
2024-04-29 10:07:02,631 [RatisPipelineUtilsThread-0] INFO  pipeline.BackgroundPipelineCreator (BackgroundPipelineCreator.java:createPipelines(236)) - Created new pipeline Pipeline[ Id: dec08726-ba3f-4d06-bdc3-92fdc0f9b532, Nodes: 023796c2-f42d-4d4c-8c53-1144d6bee25f(localhost/127.0.0.1), ReplicationConfig: RATIS/ONE, State:ALLOCATED, leaderId:, CreationTimestamp2024-04-29T10:07:02.630753898Z[Etc/UTC]]
2024-04-29 10:07:02,631 [RatisPipelineUtilsThread-0] INFO  pipeline.RatisPipelineProvider (RatisPipelineProvider.java:lambda$create$0(205)) - Sending CreatePipelineCommand for pipeline:PipelineID=c918cea1-a9aa-4f84-8425-cfff5d2a65b7 to datanode:a3deba03-ffe7-4d5f-b81f-0cb8f398f916
2024-04-29 10:07:02,631 [RatisPipelineUtilsThread-0] INFO  pipeline.RatisPipelineProvider (RatisPipelineProvider.java:lambda$create$0(205)) - Sending CreatePipelineCommand for pipeline:PipelineID=c918cea1-a9aa-4f84-8425-cfff5d2a65b7 to datanode:023796c2-f42d-4d4c-8c53-1144d6bee25f
2024-04-29 10:07:02,631 [RatisPipelineUtilsThread-0] INFO  pipeline.RatisPipelineProvider (RatisPipelineProvider.java:lambda$create$0(205)) - Sending CreatePipelineCommand for pipeline:PipelineID=c918cea1-a9aa-4f84-8425-cfff5d2a65b7 to datanode:ff005283-6149-44cc-9e6b-88eb174549f2
2024-04-29 10:07:02,632 [RatisPipelineUtilsThread-0] INFO  pipeline.BackgroundPipelineCreator (BackgroundPipelineCreator.java:createPipelines(236)) - Created new pipeline Pipeline[ Id: c918cea1-a9aa-4f84-8425-cfff5d2a65b7, Nodes: a3deba03-ffe7-4d5f-b81f-0cb8f398f916(localhost/127.0.0.1)023796c2-f42d-4d4c-8c53-1144d6bee25f(localhost/127.0.0.1)ff005283-6149-44cc-9e6b-88eb174549f2(localhost/127.0.0.1), ReplicationConfig: RATIS/THREE, State:ALLOCATED, leaderId:, CreationTimestamp2024-04-29T10:07:02.631497591Z[Etc/UTC]]
2024-04-29 10:07:02,685 [IPC Server handler 3 on default port 15447] INFO  net.NetworkTopologyImpl (NetworkTopologyImpl.java:add(134)) - Added a new node: /default-rack/98bce0f1-b1ff-4756-b9de-e813dc1af0d3
2024-04-29 10:07:02,685 [IPC Server handler 3 on default port 15447] INFO  node.SCMNodeManager (SCMNodeManager.java:register(421)) - Registered datanode: 98bce0f1-b1ff-4756-b9de-e813dc1af0d3{ip: 127.0.0.1, host: localhost, ports: [HTTP=15481, CLIENT_RPC=15482, REPLICATION=15488, RATIS=15484, RATIS_ADMIN=15485, RATIS_SERVER=15486, RATIS_DATASTREAM=15487, STANDALONE=15483], networkLocation: /default-rack, certSerialId: null, persistedOpState: null, persistedOpStateExpiryEpochSec: 0}
2024-04-29 10:07:02,685 [EventQueue-NewNodeForNewNodeHandler] INFO  pipeline.BackgroundPipelineCreator (BackgroundPipelineCreator.java:notifyEventTriggered(280)) - trigger a one-shot run on RatisPipelineUtilsThread.
2024-04-29 10:07:02,685 [RatisPipelineUtilsThread-0] INFO  pipeline.RatisPipelineProvider (RatisPipelineProvider.java:lambda$create$0(205)) - Sending CreatePipelineCommand for pipeline:PipelineID=b8e86791-9cb7-4ebf-981d-c9e38a37dcca to datanode:98bce0f1-b1ff-4756-b9de-e813dc1af0d3
2024-04-29 10:07:02,686 [RatisPipelineUtilsThread-0] INFO  pipeline.BackgroundPipelineCreator (BackgroundPipelineCreator.java:createPipelines(236)) - Created new pipeline Pipeline[ Id: b8e86791-9cb7-4ebf-981d-c9e38a37dcca, Nodes: 98bce0f1-b1ff-4756-b9de-e813dc1af0d3(localhost/127.0.0.1), ReplicationConfig: RATIS/ONE, State:ALLOCATED, leaderId:, CreationTimestamp2024-04-29T10:07:02.685793236Z[Etc/UTC]]
2024-04-29 10:07:02,729 [IPC Server handler 5 on default port 15447] INFO  net.NetworkTopologyImpl (NetworkTopologyImpl.java:add(134)) - Added a new node: /default-rack/05a782ff-e365-47f1-b590-80dc8e3c2105
2024-04-29 10:07:02,729 [IPC Server handler 5 on default port 15447] INFO  node.SCMNodeManager (SCMNodeManager.java:register(421)) - Registered datanode: 05a782ff-e365-47f1-b590-80dc8e3c2105{ip: 127.0.0.1, host: localhost, ports: [HTTP=15490, CLIENT_RPC=15491, REPLICATION=15497, RATIS=15493, RATIS_ADMIN=15494, RATIS_SERVER=15495, RATIS_DATASTREAM=15496, STANDALONE=15492], networkLocation: /default-rack, certSerialId: null, persistedOpState: null, persistedOpStateExpiryEpochSec: 0}
2024-04-29 10:07:02,729 [EventQueue-NewNodeForNewNodeHandler] INFO  pipeline.BackgroundPipelineCreator (BackgroundPipelineCreator.java:notifyEventTriggered(280)) - trigger a one-shot run on RatisPipelineUtilsThread.
2024-04-29 10:07:02,730 [RatisPipelineUtilsThread-0] INFO  pipeline.RatisPipelineProvider (RatisPipelineProvider.java:lambda$create$0(205)) - Sending CreatePipelineCommand for pipeline:PipelineID=f5de92bf-8eff-4819-905c-656abe1ee4f1 to datanode:05a782ff-e365-47f1-b590-80dc8e3c2105
2024-04-29 10:07:02,730 [RatisPipelineUtilsThread-0] INFO  pipeline.BackgroundPipelineCreator (BackgroundPipelineCreator.java:createPipelines(236)) - Created new pipeline Pipeline[ Id: f5de92bf-8eff-4819-905c-656abe1ee4f1, Nodes: 05a782ff-e365-47f1-b590-80dc8e3c2105(localhost/127.0.0.1), ReplicationConfig: RATIS/ONE, State:ALLOCATED, leaderId:, CreationTimestamp2024-04-29T10:07:02.730170619Z[Etc/UTC]]
2024-04-29 10:07:02,792 [IPC Server handler 4 on default port 15447] INFO  net.NetworkTopologyImpl (NetworkTopologyImpl.java:add(134)) - Added a new node: /default-rack/7c1b7d40-21b8-4f63-a346-8b6e9b157cbc
2024-04-29 10:07:02,792 [IPC Server handler 4 on default port 15447] INFO  node.SCMNodeManager (SCMNodeManager.java:register(421)) - Registered datanode: 7c1b7d40-21b8-4f63-a346-8b6e9b157cbc{ip: 127.0.0.1, host: localhost, ports: [HTTP=15499, CLIENT_RPC=15500, REPLICATION=15506, RATIS=15502, RATIS_ADMIN=15503, RATIS_SERVER=15504, RATIS_DATASTREAM=15505, STANDALONE=15501], networkLocation: /default-rack, certSerialId: null, persistedOpState: null, persistedOpStateExpiryEpochSec: 0}
2024-04-29 10:07:02,792 [EventQueue-NewNodeForNewNodeHandler] INFO  pipeline.BackgroundPipelineCreator (BackgroundPipelineCreator.java:notifyEventTriggered(280)) - trigger a one-shot run on RatisPipelineUtilsThread.
2024-04-29 10:07:02,792 [RatisPipelineUtilsThread-0] INFO  pipeline.RatisPipelineProvider (RatisPipelineProvider.java:lambda$create$0(205)) - Sending CreatePipelineCommand for pipeline:PipelineID=03df29b8-9c30-4757-b1ef-9a2a807aa8f8 to datanode:7c1b7d40-21b8-4f63-a346-8b6e9b157cbc
2024-04-29 10:07:02,793 [RatisPipelineUtilsThread-0] INFO  pipeline.BackgroundPipelineCreator (BackgroundPipelineCreator.java:createPipelines(236)) - Created new pipeline Pipeline[ Id: 03df29b8-9c30-4757-b1ef-9a2a807aa8f8, Nodes: 7c1b7d40-21b8-4f63-a346-8b6e9b157cbc(localhost/127.0.0.1), ReplicationConfig: RATIS/ONE, State:ALLOCATED, leaderId:, CreationTimestamp2024-04-29T10:07:02.792962620Z[Etc/UTC]]
2024-04-29 10:07:02,793 [RatisPipelineUtilsThread-0] INFO  pipeline.RatisPipelineProvider (RatisPipelineProvider.java:lambda$create$0(205)) - Sending CreatePipelineCommand for pipeline:PipelineID=e01ff82f-0497-4e07-ba82-441ab6a0d421 to datanode:7c1b7d40-21b8-4f63-a346-8b6e9b157cbc
2024-04-29 10:07:02,793 [RatisPipelineUtilsThread-0] INFO  pipeline.RatisPipelineProvider (RatisPipelineProvider.java:lambda$create$0(205)) - Sending CreatePipelineCommand for pipeline:PipelineID=e01ff82f-0497-4e07-ba82-441ab6a0d421 to datanode:98bce0f1-b1ff-4756-b9de-e813dc1af0d3
2024-04-29 10:07:02,793 [RatisPipelineUtilsThread-0] INFO  pipeline.RatisPipelineProvider (RatisPipelineProvider.java:lambda$create$0(205)) - Sending CreatePipelineCommand for pipeline:PipelineID=e01ff82f-0497-4e07-ba82-441ab6a0d421 to datanode:05a782ff-e365-47f1-b590-80dc8e3c2105
2024-04-29 10:07:02,794 [RatisPipelineUtilsThread-0] INFO  pipeline.BackgroundPipelineCreator (BackgroundPipelineCreator.java:createPipelines(236)) - Created new pipeline Pipeline[ Id: e01ff82f-0497-4e07-ba82-441ab6a0d421, Nodes: 7c1b7d40-21b8-4f63-a346-8b6e9b157cbc(localhost/127.0.0.1)98bce0f1-b1ff-4756-b9de-e813dc1af0d3(localhost/127.0.0.1)05a782ff-e365-47f1-b590-80dc8e3c2105(localhost/127.0.0.1), ReplicationConfig: RATIS/THREE, State:ALLOCATED, leaderId:, CreationTimestamp2024-04-29T10:07:02.793658093Z[Etc/UTC]]
2024-04-29 10:07:02,850 [IPC Server handler 6 on default port 15447] INFO  net.NetworkTopologyImpl (NetworkTopologyImpl.java:add(134)) - Added a new node: /default-rack/6d3d555f-4cf8-4e54-a907-fcd788b1b69a
2024-04-29 10:07:02,851 [IPC Server handler 6 on default port 15447] INFO  node.SCMNodeManager (SCMNodeManager.java:register(421)) - Registered datanode: 6d3d555f-4cf8-4e54-a907-fcd788b1b69a{ip: 127.0.0.1, host: localhost, ports: [HTTP=15508, CLIENT_RPC=15509, REPLICATION=15515, RATIS=15511, RATIS_ADMIN=15512, RATIS_SERVER=15513, RATIS_DATASTREAM=15514, STANDALONE=15510], networkLocation: /default-rack, certSerialId: null, persistedOpState: null, persistedOpStateExpiryEpochSec: 0}
2024-04-29 10:07:02,851 [EventQueue-NewNodeForNewNodeHandler] INFO  pipeline.BackgroundPipelineCreator (BackgroundPipelineCreator.java:notifyEventTriggered(280)) - trigger a one-shot run on RatisPipelineUtilsThread.
2024-04-29 10:07:02,851 [RatisPipelineUtilsThread-0] INFO  pipeline.RatisPipelineProvider (RatisPipelineProvider.java:lambda$create$0(205)) - Sending CreatePipelineCommand for pipeline:PipelineID=bd4322aa-90e3-4d72-8db0-de7044d61293 to datanode:6d3d555f-4cf8-4e54-a907-fcd788b1b69a
2024-04-29 10:07:02,851 [RatisPipelineUtilsThread-0] INFO  pipeline.BackgroundPipelineCreator (BackgroundPipelineCreator.java:createPipelines(236)) - Created new pipeline Pipeline[ Id: bd4322aa-90e3-4d72-8db0-de7044d61293, Nodes: 6d3d555f-4cf8-4e54-a907-fcd788b1b69a(localhost/127.0.0.1), ReplicationConfig: RATIS/ONE, State:ALLOCATED, leaderId:, CreationTimestamp2024-04-29T10:07:02.851483638Z[Etc/UTC]]
2024-04-29 10:07:02,898 [IPC Server handler 7 on default port 15447] INFO  net.NetworkTopologyImpl (NetworkTopologyImpl.java:add(134)) - Added a new node: /default-rack/d40c8439-b047-4b38-90b1-52a68d7d9fe2
2024-04-29 10:07:02,898 [IPC Server handler 7 on default port 15447] INFO  node.SCMNodeManager (SCMNodeManager.java:register(421)) - Registered datanode: d40c8439-b047-4b38-90b1-52a68d7d9fe2{ip: 127.0.0.1, host: localhost, ports: [HTTP=15517, CLIENT_RPC=15518, REPLICATION=15524, RATIS=15520, RATIS_ADMIN=15521, RATIS_SERVER=15522, RATIS_DATASTREAM=15523, STANDALONE=15519], networkLocation: /default-rack, certSerialId: null, persistedOpState: null, persistedOpStateExpiryEpochSec: 0}
2024-04-29 10:07:02,898 [EventQueue-NewNodeForNewNodeHandler] INFO  pipeline.BackgroundPipelineCreator (BackgroundPipelineCreator.java:notifyEventTriggered(280)) - trigger a one-shot run on RatisPipelineUtilsThread.
2024-04-29 10:07:02,899 [RatisPipelineUtilsThread-0] INFO  pipeline.RatisPipelineProvider (RatisPipelineProvider.java:lambda$create$0(205)) - Sending CreatePipelineCommand for pipeline:PipelineID=55eb9c21-da10-48b8-b4f4-65edf0013e08 to datanode:d40c8439-b047-4b38-90b1-52a68d7d9fe2
2024-04-29 10:07:02,899 [RatisPipelineUtilsThread-0] INFO  pipeline.BackgroundPipelineCreator (BackgroundPipelineCreator.java:createPipelines(236)) - Created new pipeline Pipeline[ Id: 55eb9c21-da10-48b8-b4f4-65edf0013e08, Nodes: d40c8439-b047-4b38-90b1-52a68d7d9fe2(localhost/127.0.0.1), ReplicationConfig: RATIS/ONE, State:ALLOCATED, leaderId:, CreationTimestamp2024-04-29T10:07:02.899028452Z[Etc/UTC]]
2024-04-29 10:07:02,948 [main] INFO  ozone.MiniOzoneClusterImpl (MiniOzoneClusterImpl.java:lambda$waitForClusterToBeReady$0(194)) - Waiting for nodes to be ready. Got 8 of 9 DN Heartbeats.
2024-04-29 10:07:02,948 [main] INFO  ozone.MiniOzoneClusterImpl (MiniOzoneClusterImpl.java:lambda$waitForClusterToBeReady$0(197)) - Waiting for cluster to exit safe mode
2024-04-29 10:07:02,948 [main] INFO  ozone.MiniOzoneClusterImpl (MiniOzoneClusterImpl.java:lambda$waitForClusterToBeReady$0(199)) - SCM became leader
2024-04-29 10:07:02,949 [IPC Server handler 8 on default port 15447] INFO  net.NetworkTopologyImpl (NetworkTopologyImpl.java:add(134)) - Added a new node: /default-rack/158faee4-db49-465b-9160-a35c663658b4
2024-04-29 10:07:02,949 [IPC Server handler 8 on default port 15447] INFO  node.SCMNodeManager (SCMNodeManager.java:register(421)) - Registered datanode: 158faee4-db49-465b-9160-a35c663658b4{ip: 127.0.0.1, host: localhost, ports: [HTTP=15526, CLIENT_RPC=15527, REPLICATION=15533, RATIS=15529, RATIS_ADMIN=15530, RATIS_SERVER=15531, RATIS_DATASTREAM=15532, STANDALONE=15528], networkLocation: /default-rack, certSerialId: null, persistedOpState: null, persistedOpStateExpiryEpochSec: 0}
2024-04-29 10:07:02,949 [EventQueue-NewNodeForNewNodeHandler] INFO  pipeline.BackgroundPipelineCreator (BackgroundPipelineCreator.java:notifyEventTriggered(280)) - trigger a one-shot run on RatisPipelineUtilsThread.
2024-04-29 10:07:02,949 [RatisPipelineUtilsThread-0] INFO  pipeline.RatisPipelineProvider (RatisPipelineProvider.java:lambda$create$0(205)) - Sending CreatePipelineCommand for pipeline:PipelineID=32a37a04-1808-476b-9a48-7af5a4ae1164 to datanode:158faee4-db49-465b-9160-a35c663658b4
2024-04-29 10:07:02,950 [RatisPipelineUtilsThread-0] INFO  pipeline.BackgroundPipelineCreator (BackgroundPipelineCreator.java:createPipelines(236)) - Created new pipeline Pipeline[ Id: 32a37a04-1808-476b-9a48-7af5a4ae1164, Nodes: 158faee4-db49-465b-9160-a35c663658b4(localhost/127.0.0.1), ReplicationConfig: RATIS/ONE, State:ALLOCATED, leaderId:, CreationTimestamp2024-04-29T10:07:02.949799296Z[Etc/UTC]]
2024-04-29 10:07:02,950 [RatisPipelineUtilsThread-0] INFO  pipeline.RatisPipelineProvider (RatisPipelineProvider.java:lambda$create$0(205)) - Sending CreatePipelineCommand for pipeline:PipelineID=4acc1650-dd09-4707-ae62-19a9548fa913 to datanode:158faee4-db49-465b-9160-a35c663658b4
2024-04-29 10:07:02,950 [RatisPipelineUtilsThread-0] INFO  pipeline.RatisPipelineProvider (RatisPipelineProvider.java:lambda$create$0(205)) - Sending CreatePipelineCommand for pipeline:PipelineID=4acc1650-dd09-4707-ae62-19a9548fa913 to datanode:d40c8439-b047-4b38-90b1-52a68d7d9fe2
2024-04-29 10:07:02,951 [RatisPipelineUtilsThread-0] INFO  pipeline.RatisPipelineProvider (RatisPipelineProvider.java:lambda$create$0(205)) - Sending CreatePipelineCommand for pipeline:PipelineID=4acc1650-dd09-4707-ae62-19a9548fa913 to datanode:6d3d555f-4cf8-4e54-a907-fcd788b1b69a
2024-04-29 10:07:02,951 [RatisPipelineUtilsThread-0] INFO  pipeline.BackgroundPipelineCreator (BackgroundPipelineCreator.java:createPipelines(236)) - Created new pipeline Pipeline[ Id: 4acc1650-dd09-4707-ae62-19a9548fa913, Nodes: 158faee4-db49-465b-9160-a35c663658b4(localhost/127.0.0.1)d40c8439-b047-4b38-90b1-52a68d7d9fe2(localhost/127.0.0.1)6d3d555f-4cf8-4e54-a907-fcd788b1b69a(localhost/127.0.0.1), ReplicationConfig: RATIS/THREE, State:ALLOCATED, leaderId:, CreationTimestamp2024-04-29T10:07:02.950486193Z[Etc/UTC]]
2024-04-29 10:07:03,948 [main] INFO  ozone.MiniOzoneClusterImpl (MiniOzoneClusterImpl.java:lambda$waitForClusterToBeReady$0(194)) - Nodes are ready. Got 9 of 9 DN Heartbeats.
2024-04-29 10:07:03,948 [main] INFO  ozone.MiniOzoneClusterImpl (MiniOzoneClusterImpl.java:lambda$waitForClusterToBeReady$0(197)) - Waiting for cluster to exit safe mode
2024-04-29 10:07:03,948 [main] INFO  ozone.MiniOzoneClusterImpl (MiniOzoneClusterImpl.java:lambda$waitForClusterToBeReady$0(199)) - SCM became leader
2024-04-29 10:07:04,948 [main] INFO  ozone.MiniOzoneClusterImpl (MiniOzoneClusterImpl.java:lambda$waitForClusterToBeReady$0(194)) - Nodes are ready. Got 9 of 9 DN Heartbeats.
2024-04-29 10:07:04,949 [main] INFO  ozone.MiniOzoneClusterImpl (MiniOzoneClusterImpl.java:lambda$waitForClusterToBeReady$0(197)) - Waiting for cluster to exit safe mode
2024-04-29 10:07:04,949 [main] INFO  ozone.MiniOzoneClusterImpl (MiniOzoneClusterImpl.java:lambda$waitForClusterToBeReady$0(199)) - SCM became leader
2024-04-29 10:07:05,530 [ff005283-6149-44cc-9e6b-88eb174549f2-PipelineCommandHandlerThread-0] INFO  server.RaftServer (RaftServerProxy.java:addNew(100)) - ff005283-6149-44cc-9e6b-88eb174549f2: addNew group-3E5916B6A231:[ff005283-6149-44cc-9e6b-88eb174549f2|127.0.0.1:15459] returns group-3E5916B6A231:java.util.concurrent.CompletableFuture@2502e229[Not completed]
2024-04-29 10:07:05,530 [ff005283-6149-44cc-9e6b-88eb174549f2-groupManagement] INFO  server.RaftServer$Division (RaftServerImpl.java:<init>(256)) - ff005283-6149-44cc-9e6b-88eb174549f2: new RaftServerImpl for group-3E5916B6A231:[ff005283-6149-44cc-9e6b-88eb174549f2|127.0.0.1:15459] with ContainerStateMachine:uninitialized
2024-04-29 10:07:05,530 [ff005283-6149-44cc-9e6b-88eb174549f2-groupManagement] INFO  server.RaftServerConfigKeys (ConfUtils.java:logGet(46)) - raft.server.rpc.timeout.min = 5s (custom)
2024-04-29 10:07:05,530 [ff005283-6149-44cc-9e6b-88eb174549f2-groupManagement] INFO  server.RaftServerConfigKeys (ConfUtils.java:logGet(46)) - raft.server.rpc.timeout.max = 5200ms (custom)
2024-04-29 10:07:05,530 [ff005283-6149-44cc-9e6b-88eb174549f2-groupManagement] INFO  server.RaftServerConfigKeys (ConfUtils.java:logGet(46)) - raft.server.rpc.sleep.time = 25ms (default)
2024-04-29 10:07:05,531 [ff005283-6149-44cc-9e6b-88eb174549f2-groupManagement] INFO  server.RaftServerConfigKeys (ConfUtils.java:logGet(46)) - raft.server.rpc.slowness.timeout = 300000ms (custom)
2024-04-29 10:07:05,531 [ff005283-6149-44cc-9e6b-88eb174549f2-groupManagement] INFO  server.RaftServerConfigKeys (ConfUtils.java:logGet(46)) - raft.server.leaderelection.leader.step-down.wait-time = 10s (default)
2024-04-29 10:07:05,531 [ff005283-6149-44cc-9e6b-88eb174549f2-groupManagement] INFO  server.RaftServerConfigKeys (ConfUtils.java:logGet(46)) - raft.server.leaderelection.member.majority-add = false (default)
2024-04-29 10:07:05,531 [ff005283-6149-44cc-9e6b-88eb174549f2-groupManagement] INFO  server.RaftServerConfigKeys (ConfUtils.java:logGet(46)) - raft.server.sleep.deviation.threshold = 300ms (default)
2024-04-29 10:07:05,531 [ff005283-6149-44cc-9e6b-88eb174549f2-groupManagement] INFO  server.RaftServer$Division (ServerState.java:<init>(113)) - ff005283-6149-44cc-9e6b-88eb174549f2@group-3E5916B6A231: ConfigurationManager, init=-1: peers:[ff005283-6149-44cc-9e6b-88eb174549f2|127.0.0.1:15459]|listeners:[], old=null, confs=<EMPTY_MAP>
2024-04-29 10:07:05,531 [ff005283-6149-44cc-9e6b-88eb174549f2-groupManagement] INFO  server.RaftServerConfigKeys (ConfUtils.java:logGet(46)) - raft.server.notification.no-leader.timeout = 300000ms (custom)
2024-04-29 10:07:05,531 [ff005283-6149-44cc-9e6b-88eb174549f2-groupManagement] INFO  server.RaftServerConfigKeys (ConfUtils.java:logGet(46)) - raft.server.read.timeout = 10s (default)
2024-04-29 10:07:05,531 [ff005283-6149-44cc-9e6b-88eb174549f2-groupManagement] INFO  server.RaftServerConfigKeys (ConfUtils.java:logGet(46)) - raft.server.retrycache.expirytime = 600000ms (custom)
2024-04-29 10:07:05,531 [ff005283-6149-44cc-9e6b-88eb174549f2-groupManagement] INFO  server.RaftServerConfigKeys (ConfUtils.java:logGet(46)) - raft.server.retrycache.statistics.expirytime = 100ms (default)
2024-04-29 10:07:05,531 [ff005283-6149-44cc-9e6b-88eb174549f2-groupManagement] INFO  server.RaftServerConfigKeys (ConfUtils.java:logGet(46)) - raft.server.read.option = DEFAULT (default)
2024-04-29 10:07:05,531 [ff005283-6149-44cc-9e6b-88eb174549f2-groupManagement] INFO  server.RaftServerConfigKeys (ConfUtils.java:logGet(46)) - raft.server.read.read-after-write-consistent.write-index-cache.expiry-time = 60s (default)
2024-04-29 10:07:05,533 [ff005283-6149-44cc-9e6b-88eb174549f2-groupManagement] INFO  server.RaftServerConfigKeys (ConfUtils.java:logGet(46)) - raft.server.rpc.request.timeout = 3000ms (default)
2024-04-29 10:07:05,533 [ff005283-6149-44cc-9e6b-88eb174549f2-groupManagement] INFO  server.RaftServerConfigKeys (ConfUtils.java:logGet(46)) - raft.server.log.appender.install.snapshot.enabled = false (custom)
2024-04-29 10:07:05,533 [ff005283-6149-44cc-9e6b-88eb174549f2-groupManagement] INFO  server.RaftServerConfigKeys (ConfUtils.java:logGet(46)) - raft.server.threadpool.server.cached = true (default)
2024-04-29 10:07:05,533 [ff005283-6149-44cc-9e6b-88eb174549f2-groupManagement] INFO  server.RaftServerConfigKeys (ConfUtils.java:logGet(46)) - raft.server.threadpool.server.size = 0 (default)
2024-04-29 10:07:05,534 [ff005283-6149-44cc-9e6b-88eb174549f2-groupManagement] INFO  server.RaftServerConfigKeys (ConfUtils.java:logGet(46)) - raft.server.threadpool.client.cached = true (default)
2024-04-29 10:07:05,534 [ff005283-6149-44cc-9e6b-88eb174549f2-groupManagement] INFO  server.RaftServerConfigKeys (ConfUtils.java:logGet(46)) - raft.server.threadpool.client.size = 0 (default)
2024-04-29 10:07:05,534 [ff005283-6149-44cc-9e6b-88eb174549f2-groupManagement] INFO  server.RaftServerConfigKeys (ConfUtils.java:logGet(46)) - raft.server.storage.free-space.min = 0MB (=0) (default)
2024-04-29 10:07:05,534 [ff005283-6149-44cc-9e6b-88eb174549f2-groupManagement] INFO  server.RaftServerConfigKeys (ConfUtils.java:logGet(46)) - raft.server.log.corruption.policy = EXCEPTION (default)
2024-04-29 10:07:05,534 [ff005283-6149-44cc-9e6b-88eb174549f2-groupManagement] INFO  server.RaftServerConfigKeys (ConfUtils.java:logGet(46)) - raft.server.storage.dir = [/home/runner/work/ozone/ozone/hadoop-ozone/integration-test/target/test-dir/MiniOzoneClusterImpl-9e79b078-2218-4abd-b04c-a65fc7f927a6/ozone-meta/datanode-1/ratis] (custom)
2024-04-29 10:07:05,534 [ff005283-6149-44cc-9e6b-88eb174549f2-groupManagement] INFO  storage.RaftStorageDirectory (RaftStorageDirectoryImpl.java:analyzeStorage(138)) - The storage directory /home/runner/work/ozone/ozone/hadoop-ozone/integration-test/target/test-dir/MiniOzoneClusterImpl-9e79b078-2218-4abd-b04c-a65fc7f927a6/ozone-meta/datanode-1/ratis/89164fa4-b052-4c7c-80e5-3e5916b6a231 does not exist. Creating ...
2024-04-29 10:07:05,535 [ff005283-6149-44cc-9e6b-88eb174549f2-groupManagement] INFO  storage.RaftStorageDirectory (RaftStorageDirectoryImpl.java:tryLock(228)) - Lock on /home/runner/work/ozone/ozone/hadoop-ozone/integration-test/target/test-dir/MiniOzoneClusterImpl-9e79b078-2218-4abd-b04c-a65fc7f927a6/ozone-meta/datanode-1/ratis/89164fa4-b052-4c7c-80e5-3e5916b6a231/in_use.lock acquired by nodename 20825@fv-az913-54
2024-04-29 10:07:05,536 [ff005283-6149-44cc-9e6b-88eb174549f2-groupManagement] INFO  storage.RaftStorage (RaftStorageImpl.java:format(99)) - Storage directory /home/runner/work/ozone/ozone/hadoop-ozone/integration-test/target/test-dir/MiniOzoneClusterImpl-9e79b078-2218-4abd-b04c-a65fc7f927a6/ozone-meta/datanode-1/ratis/89164fa4-b052-4c7c-80e5-3e5916b6a231 has been successfully formatted.
2024-04-29 10:07:05,536 [ff005283-6149-44cc-9e6b-88eb174549f2-groupManagement] WARN  util.FileUtils (LogUtils.java:supplyAndLog(63)) - Failed to Files.newInputStream /home/runner/work/ozone/ozone/hadoop-ozone/integration-test/target/test-dir/MiniOzoneClusterImpl-9e79b078-2218-4abd-b04c-a65fc7f927a6/ozone-meta/datanode-1/ratis/89164fa4-b052-4c7c-80e5-3e5916b6a231/current/raft-meta.conf with options []: java.nio.file.NoSuchFileException: /home/runner/work/ozone/ozone/hadoop-ozone/integration-test/target/test-dir/MiniOzoneClusterImpl-9e79b078-2218-4abd-b04c-a65fc7f927a6/ozone-meta/datanode-1/ratis/89164fa4-b052-4c7c-80e5-3e5916b6a231/current/raft-meta.conf
2024-04-29 10:07:05,536 [ff005283-6149-44cc-9e6b-88eb174549f2-groupManagement] INFO  ratis.ContainerStateMachine (ContainerStateMachine.java:loadSnapshot(287)) - group-3E5916B6A231: The snapshot info is null. Setting the last applied index to:(t:0, i:~)
2024-04-29 10:07:05,536 [ff005283-6149-44cc-9e6b-88eb174549f2-groupManagement] INFO  server.RaftServerConfigKeys (ConfUtils.java:logGet(46)) - raft.server.log.use.memory = false (default)
2024-04-29 10:07:05,537 [ff005283-6149-44cc-9e6b-88eb174549f2-groupManagement] INFO  server.RaftServerConfigKeys (ConfUtils.java:logGet(46)) - raft.server.log.purge.gap = 1000000 (custom)
2024-04-29 10:07:05,537 [ff005283-6149-44cc-9e6b-88eb174549f2-groupManagement] INFO  server.RaftServerConfigKeys (ConfUtils.java:logGet(46)) - raft.server.log.appender.buffer.byte-limit = 8388608 (custom)
2024-04-29 10:07:05,537 [ff005283-6149-44cc-9e6b-88eb174549f2-groupManagement] INFO  server.RaftServerConfigKeys (ConfUtils.java:logGet(46)) - raft.server.log.statemachine.data.read.timeout = 1000ms (default)
2024-04-29 10:07:05,537 [ff005283-6149-44cc-9e6b-88eb174549f2-groupManagement] INFO  server.RaftServerConfigKeys (ConfUtils.java:logGet(46)) - raft.server.log.purge.preservation.log.num = 0 (default)
2024-04-29 10:07:05,537 [EventQueue-PipelineReportForPipelineReportHandler] INFO  pipeline.PipelineReportHandler (PipelineReportHandler.java:processPipelineReport(136)) - Opened pipeline PipelineID=89164fa4-b052-4c7c-80e5-3e5916b6a231
2024-04-29 10:07:05,538 [EventQueue-OpenPipelineForHealthyPipelineSafeModeRule] INFO  safemode.SCMSafeModeManager (HealthyPipelineSafeModeRule.java:process(140)) - SCM in safe mode. Healthy pipelines reported count is 0, required healthy pipeline reported count is 1
2024-04-29 10:07:05,538 [ff005283-6149-44cc-9e6b-88eb174549f2-groupManagement] INFO  server.RaftServerConfigKeys (ConfUtils.java:logGet(46)) - raft.server.log.segment.size.max = 67108864 (custom)
2024-04-29 10:07:05,538 [ff005283-6149-44cc-9e6b-88eb174549f2-groupManagement] INFO  server.RaftServerConfigKeys (ConfUtils.java:logGet(46)) - raft.server.log.segment.cache.num.max = 2 (custom)
2024-04-29 10:07:05,538 [ff005283-6149-44cc-9e6b-88eb174549f2-groupManagement] INFO  server.RaftServerConfigKeys (ConfUtils.java:logGet(46)) - raft.server.log.segment.cache.size.max = 200MB (=209715200) (default)
2024-04-29 10:07:05,538 [ff005283-6149-44cc-9e6b-88eb174549f2-groupManagement] INFO  server.RaftServerConfigKeys (ConfUtils.java:logGet(46)) - raft.server.log.appender.buffer.byte-limit = 8388608 (custom)
2024-04-29 10:07:05,539 [ff005283-6149-44cc-9e6b-88eb174549f2-groupManagement] INFO  util.AwaitToRun (AwaitToRun.java:start(81)) - Thread[ff005283-6149-44cc-9e6b-88eb174549f2@group-3E5916B6A231-cacheEviction-AwaitToRun,5,main] started
2024-04-29 10:07:05,539 [ff005283-6149-44cc-9e6b-88eb174549f2-groupManagement] INFO  segmented.SegmentedRaftLogWorker (SegmentedRaftLogWorker.java:<init>(182)) - new ff005283-6149-44cc-9e6b-88eb174549f2@group-3E5916B6A231-SegmentedRaftLogWorker for RaftStorageImpl:Storage Directory /home/runner/work/ozone/ozone/hadoop-ozone/integration-test/target/test-dir/MiniOzoneClusterImpl-9e79b078-2218-4abd-b04c-a65fc7f927a6/ozone-meta/datanode-1/ratis/89164fa4-b052-4c7c-80e5-3e5916b6a231
2024-04-29 10:07:05,539 [ff005283-6149-44cc-9e6b-88eb174549f2-groupManagement] INFO  server.RaftServerConfigKeys (ConfUtils.java:logGet(46)) - raft.server.log.queue.byte-limit = 4294967296 (custom)
2024-04-29 10:07:05,539 [ff005283-6149-44cc-9e6b-88eb174549f2-groupManagement] INFO  server.RaftServerConfigKeys (ConfUtils.java:logGet(46)) - raft.server.log.queue.element-limit = 1024 (custom)
2024-04-29 10:07:05,539 [ff005283-6149-44cc-9e6b-88eb174549f2-groupManagement] INFO  server.RaftServerConfigKeys (ConfUtils.java:logGet(46)) - raft.server.log.segment.size.max = 67108864 (custom)
2024-04-29 10:07:05,539 [ff005283-6149-44cc-9e6b-88eb174549f2-groupManagement] INFO  server.RaftServerConfigKeys (ConfUtils.java:logGet(46)) - raft.server.log.preallocated.size = 4194304 (custom)
2024-04-29 10:07:05,539 [ff005283-6149-44cc-9e6b-88eb174549f2-groupManagement] INFO  server.RaftServerConfigKeys (ConfUtils.java:logGet(46)) - raft.server.log.force.sync.num = 128 (default)
2024-04-29 10:07:05,539 [ff005283-6149-44cc-9e6b-88eb174549f2-groupManagement] INFO  server.RaftServerConfigKeys (ConfUtils.java:logGet(46)) - raft.server.log.statemachine.data.sync = true (default)
2024-04-29 10:07:05,539 [ff005283-6149-44cc-9e6b-88eb174549f2-groupManagement] INFO  server.RaftServerConfigKeys (ConfUtils.java:logGet(46)) - raft.server.log.statemachine.data.sync.timeout = 10s (default)
2024-04-29 10:07:05,539 [ff005283-6149-44cc-9e6b-88eb174549f2-groupManagement] INFO  server.RaftServerConfigKeys (ConfUtils.java:logGet(46)) - raft.server.log.statemachine.data.sync.timeout.retry = 30 (custom)
2024-04-29 10:07:05,539 [ff005283-6149-44cc-9e6b-88eb174549f2-groupManagement] INFO  server.RaftServerConfigKeys (ConfUtils.java:logGet(46)) - raft.server.log.write.buffer.size = 8388616 (custom)
2024-04-29 10:07:05,540 [ff005283-6149-44cc-9e6b-88eb174549f2-groupManagement] INFO  server.RaftServerConfigKeys (ConfUtils.java:logGet(46)) - raft.server.log.appender.buffer.byte-limit = 8388608 (custom)
2024-04-29 10:07:05,540 [ff005283-6149-44cc-9e6b-88eb174549f2-groupManagement] INFO  server.RaftServerConfigKeys (ConfUtils.java:logGet(46)) - raft.server.log.unsafe-flush.enabled = false (default)
2024-04-29 10:07:05,541 [ff005283-6149-44cc-9e6b-88eb174549f2-groupManagement] INFO  server.RaftServerConfigKeys (ConfUtils.java:logGet(46)) - raft.server.log.async-flush.enabled = false (default)
2024-04-29 10:07:05,541 [ff005283-6149-44cc-9e6b-88eb174549f2-groupManagement] INFO  server.RaftServerConfigKeys (ConfUtils.java:logGet(46)) - raft.server.log.statemachine.data.caching.enabled = true (custom)
2024-04-29 10:07:05,541 [ff005283-6149-44cc-9e6b-88eb174549f2-groupManagement] INFO  segmented.SegmentedRaftLogWorker (SegmentedRaftLogWorker.java:lambda$new$0(134)) - ff005283-6149-44cc-9e6b-88eb174549f2@group-3E5916B6A231-SegmentedRaftLogWorker: flushIndex: setUnconditionally 0 -> -1
2024-04-29 10:07:05,541 [ff005283-6149-44cc-9e6b-88eb174549f2-groupManagement] INFO  segmented.SegmentedRaftLogWorker (SegmentedRaftLogWorker.java:lambda$new$0(134)) - ff005283-6149-44cc-9e6b-88eb174549f2@group-3E5916B6A231-SegmentedRaftLogWorker: safeCacheEvictIndex: setUnconditionally 0 -> -1
2024-04-29 10:07:05,541 [ff005283-6149-44cc-9e6b-88eb174549f2-groupManagement] INFO  server.RaftServer$Division (RaftServerImpl.java:start(396)) - ff005283-6149-44cc-9e6b-88eb174549f2@group-3E5916B6A231: start as a follower, conf=-1: peers:[ff005283-6149-44cc-9e6b-88eb174549f2|127.0.0.1:15459]|listeners:[], old=null
2024-04-29 10:07:05,541 [ff005283-6149-44cc-9e6b-88eb174549f2-groupManagement] INFO  server.RaftServer$Division (RaftServerImpl.java:setRole(383)) - ff005283-6149-44cc-9e6b-88eb174549f2@group-3E5916B6A231: changes role from      null to FOLLOWER at term 0 for startAsFollower
2024-04-29 10:07:05,541 [ff005283-6149-44cc-9e6b-88eb174549f2-groupManagement] INFO  impl.RoleInfo (RoleInfo.java:updateAndGet(139)) - ff005283-6149-44cc-9e6b-88eb174549f2: start ff005283-6149-44cc-9e6b-88eb174549f2@group-3E5916B6A231-FollowerState
2024-04-29 10:07:05,541 [ff005283-6149-44cc-9e6b-88eb174549f2-groupManagement] INFO  util.JmxRegister (JmxRegister.java:tryRegister(44)) - Successfully registered JMX Bean with object name Ratis:service=RaftServer,group=group-3E5916B6A231,id=ff005283-6149-44cc-9e6b-88eb174549f2
2024-04-29 10:07:05,541 [ff005283-6149-44cc-9e6b-88eb174549f2-groupManagement] INFO  server.RaftServerConfigKeys (ConfUtils.java:logGet(46)) - raft.server.snapshot.trigger-when-stop.enabled = true (default)
2024-04-29 10:07:05,542 [ff005283-6149-44cc-9e6b-88eb174549f2-groupManagement] INFO  server.RaftServerConfigKeys (ConfUtils.java:logGet(46)) - raft.server.snapshot.auto.trigger.enabled = true (custom)
2024-04-29 10:07:05,542 [ff005283-6149-44cc-9e6b-88eb174549f2-groupManagement] INFO  server.RaftServerConfigKeys (ConfUtils.java:logGet(46)) - raft.server.snapshot.auto.trigger.threshold = 10000 (custom)
2024-04-29 10:07:05,542 [ff005283-6149-44cc-9e6b-88eb174549f2-groupManagement] INFO  server.RaftServerConfigKeys (ConfUtils.java:logGet(46)) - raft.server.snapshot.retention.file.num = 5 (custom)
2024-04-29 10:07:05,542 [ff005283-6149-44cc-9e6b-88eb174549f2-groupManagement] INFO  server.RaftServerConfigKeys (ConfUtils.java:logGet(46)) - raft.server.log.purge.upto.snapshot.index = false (default)
2024-04-29 10:07:05,541 [ff005283-6149-44cc-9e6b-88eb174549f2@group-3E5916B6A231-FollowerState] INFO  server.RaftServerConfigKeys (ConfUtils.java:logFallback(53)) - raft.server.rpc.first-election.timeout.min = 5s (fallback to raft.server.rpc.timeout.min)
2024-04-29 10:07:05,542 [ff005283-6149-44cc-9e6b-88eb174549f2@group-3E5916B6A231-FollowerState] INFO  server.RaftServerConfigKeys (ConfUtils.java:logFallback(53)) - raft.server.rpc.first-election.timeout.max = 5200ms (fallback to raft.server.rpc.timeout.max)
2024-04-29 10:07:05,542 [ff005283-6149-44cc-9e6b-88eb174549f2-PipelineCommandHandlerThread-0] INFO  ratis.XceiverServerRatis (XceiverServerRatis.java:addGroup(864)) - Created group PipelineID=89164fa4-b052-4c7c-80e5-3e5916b6a231
2024-04-29 10:07:05,542 [ff005283-6149-44cc-9e6b-88eb174549f2-PipelineCommandHandlerThread-0] INFO  commandhandler.CreatePipelineCommandHandler (CreatePipelineCommandHandler.java:lambda$handle$2(124)) - Created Pipeline RATIS ONE PipelineID=89164fa4-b052-4c7c-80e5-3e5916b6a231.
2024-04-29 10:07:05,542 [ff005283-6149-44cc-9e6b-88eb174549f2-PipelineCommandHandlerThread-0] INFO  server.RaftServer (RaftServerProxy.java:addNew(100)) - ff005283-6149-44cc-9e6b-88eb174549f2: addNew group-CFFF5D2A65B7:[023796c2-f42d-4d4c-8c53-1144d6bee25f|127.0.0.1:15477, a3deba03-ffe7-4d5f-b81f-0cb8f398f916|127.0.0.1:15468, ff005283-6149-44cc-9e6b-88eb174549f2|127.0.0.1:15459] returns group-CFFF5D2A65B7:java.util.concurrent.CompletableFuture@213d7251[Not completed]
2024-04-29 10:07:05,543 [ff005283-6149-44cc-9e6b-88eb174549f2-groupManagement] INFO  server.RaftServer$Division (RaftServerImpl.java:<init>(256)) - ff005283-6149-44cc-9e6b-88eb174549f2: new RaftServerImpl for group-CFFF5D2A65B7:[023796c2-f42d-4d4c-8c53-1144d6bee25f|127.0.0.1:15477, a3deba03-ffe7-4d5f-b81f-0cb8f398f916|127.0.0.1:15468, ff005283-6149-44cc-9e6b-88eb174549f2|127.0.0.1:15459] with ContainerStateMachine:uninitialized
2024-04-29 10:07:05,543 [ff005283-6149-44cc-9e6b-88eb174549f2-groupManagement] INFO  server.RaftServerConfigKeys (ConfUtils.java:logGet(46)) - raft.server.rpc.timeout.min = 5s (custom)
2024-04-29 10:07:05,543 [ff005283-6149-44cc-9e6b-88eb174549f2-groupManagement] INFO  server.RaftServerConfigKeys (ConfUtils.java:logGet(46)) - raft.server.rpc.timeout.max = 5200ms (custom)
2024-04-29 10:07:05,543 [ff005283-6149-44cc-9e6b-88eb174549f2-groupManagement] INFO  server.RaftServerConfigKeys (ConfUtils.java:logGet(46)) - raft.server.rpc.sleep.time = 25ms (default)
2024-04-29 10:07:05,543 [ff005283-6149-44cc-9e6b-88eb174549f2-groupManagement] INFO  server.RaftServerConfigKeys (ConfUtils.java:logGet(46)) - raft.server.rpc.slowness.timeout = 300000ms (custom)
2024-04-29 10:07:05,543 [ff005283-6149-44cc-9e6b-88eb174549f2-groupManagement] INFO  server.RaftServerConfigKeys (ConfUtils.java:logGet(46)) - raft.server.leaderelection.leader.step-down.wait-time = 10s (default)
2024-04-29 10:07:05,543 [ff005283-6149-44cc-9e6b-88eb174549f2-groupManagement] INFO  server.RaftServerConfigKeys (ConfUtils.java:logGet(46)) - raft.server.leaderelection.member.majority-add = false (default)
2024-04-29 10:07:05,543 [ff005283-6149-44cc-9e6b-88eb174549f2-groupManagement] INFO  server.RaftServerConfigKeys (ConfUtils.java:logGet(46)) - raft.server.sleep.deviation.threshold = 300ms (default)
2024-04-29 10:07:05,543 [ff005283-6149-44cc-9e6b-88eb174549f2-groupManagement] INFO  server.RaftServer$Division (ServerState.java:<init>(113)) - ff005283-6149-44cc-9e6b-88eb174549f2@group-CFFF5D2A65B7: ConfigurationManager, init=-1: peers:[023796c2-f42d-4d4c-8c53-1144d6bee25f|127.0.0.1:15477, a3deba03-ffe7-4d5f-b81f-0cb8f398f916|127.0.0.1:15468, ff005283-6149-44cc-9e6b-88eb174549f2|127.0.0.1:15459]|listeners:[], old=null, confs=<EMPTY_MAP>
2024-04-29 10:07:05,543 [ff005283-6149-44cc-9e6b-88eb174549f2-groupManagement] INFO  server.RaftServerConfigKeys (ConfUtils.java:logGet(46)) - raft.server.notification.no-leader.timeout = 300000ms (custom)
2024-04-29 10:07:05,543 [ff005283-6149-44cc-9e6b-88eb174549f2-groupManagement] INFO  server.RaftServerConfigKeys (ConfUtils.java:logGet(46)) - raft.server.read.timeout = 10s (default)
2024-04-29 10:07:05,543 [ff005283-6149-44cc-9e6b-88eb174549f2-groupManagement] INFO  server.RaftServerConfigKeys (ConfUtils.java:logGet(46)) - raft.server.retrycache.expirytime = 600000ms (custom)
2024-04-29 10:07:05,543 [ff005283-6149-44cc-9e6b-88eb174549f2-groupManagement] INFO  server.RaftServerConfigKeys (ConfUtils.java:logGet(46)) - raft.server.retrycache.statistics.expirytime = 100ms (default)
2024-04-29 10:07:05,543 [ff005283-6149-44cc-9e6b-88eb174549f2-groupManagement] INFO  server.RaftServerConfigKeys (ConfUtils.java:logGet(46)) - raft.server.read.option = DEFAULT (default)
2024-04-29 10:07:05,543 [ff005283-6149-44cc-9e6b-88eb174549f2-groupManagement] INFO  server.RaftServerConfigKeys (ConfUtils.java:logGet(46)) - raft.server.read.read-after-write-consistent.write-index-cache.expiry-time = 60s (default)
2024-04-29 10:07:05,545 [ff005283-6149-44cc-9e6b-88eb174549f2-groupManagement] INFO  server.RaftServerConfigKeys (ConfUtils.java:logGet(46)) - raft.server.rpc.request.timeout = 3000ms (default)
2024-04-29 10:07:05,545 [ff005283-6149-44cc-9e6b-88eb174549f2-groupManagement] INFO  server.RaftServerConfigKeys (ConfUtils.java:logGet(46)) - raft.server.log.appender.install.snapshot.enabled = false (custom)
2024-04-29 10:07:05,545 [ff005283-6149-44cc-9e6b-88eb174549f2-groupManagement] INFO  server.RaftServerConfigKeys (ConfUtils.java:logGet(46)) - raft.server.threadpool.server.cached = true (default)
2024-04-29 10:07:05,545 [ff005283-6149-44cc-9e6b-88eb174549f2-groupManagement] INFO  server.RaftServerConfigKeys (ConfUtils.java:logGet(46)) - raft.server.threadpool.server.size = 0 (default)
2024-04-29 10:07:05,545 [ff005283-6149-44cc-9e6b-88eb174549f2-groupManagement] INFO  server.RaftServerConfigKeys (ConfUtils.java:logGet(46)) - raft.server.threadpool.client.cached = true (default)
2024-04-29 10:07:05,545 [ff005283-6149-44cc-9e6b-88eb174549f2-groupManagement] INFO  server.RaftServerConfigKeys (ConfUtils.java:logGet(46)) - raft.server.threadpool.client.size = 0 (default)
2024-04-29 10:07:05,545 [ff005283-6149-44cc-9e6b-88eb174549f2-groupManagement] INFO  server.RaftServerConfigKeys (ConfUtils.java:logGet(46)) - raft.server.storage.free-space.min = 0MB (=0) (default)
2024-04-29 10:07:05,545 [ff005283-6149-44cc-9e6b-88eb174549f2-groupManagement] INFO  server.RaftServerConfigKeys (ConfUtils.java:logGet(46)) - raft.server.log.corruption.policy = EXCEPTION (default)
2024-04-29 10:07:05,545 [ff005283-6149-44cc-9e6b-88eb174549f2-groupManagement] INFO  server.RaftServerConfigKeys (ConfUtils.java:logGet(46)) - raft.server.storage.dir = [/home/runner/work/ozone/ozone/hadoop-ozone/integration-test/target/test-dir/MiniOzoneClusterImpl-9e79b078-2218-4abd-b04c-a65fc7f927a6/ozone-meta/datanode-1/ratis] (custom)
2024-04-29 10:07:05,546 [ff005283-6149-44cc-9e6b-88eb174549f2-groupManagement] INFO  storage.RaftStorageDirectory (RaftStorageDirectoryImpl.java:analyzeStorage(138)) - The storage directory /home/runner/work/ozone/ozone/hadoop-ozone/integration-test/target/test-dir/MiniOzoneClusterImpl-9e79b078-2218-4abd-b04c-a65fc7f927a6/ozone-meta/datanode-1/ratis/c918cea1-a9aa-4f84-8425-cfff5d2a65b7 does not exist. Creating ...
2024-04-29 10:07:05,546 [ff005283-6149-44cc-9e6b-88eb174549f2-groupManagement] INFO  storage.RaftStorageDirectory (RaftStorageDirectoryImpl.java:tryLock(228)) - Lock on /home/runner/work/ozone/ozone/hadoop-ozone/integration-test/target/test-dir/MiniOzoneClusterImpl-9e79b078-2218-4abd-b04c-a65fc7f927a6/ozone-meta/datanode-1/ratis/c918cea1-a9aa-4f84-8425-cfff5d2a65b7/in_use.lock acquired by nodename 20825@fv-az913-54
2024-04-29 10:07:05,547 [ff005283-6149-44cc-9e6b-88eb174549f2-groupManagement] INFO  storage.RaftStorage (RaftStorageImpl.java:format(99)) - Storage directory /home/runner/work/ozone/ozone/hadoop-ozone/integration-test/target/test-dir/MiniOzoneClusterImpl-9e79b078-2218-4abd-b04c-a65fc7f927a6/ozone-meta/datanode-1/ratis/c918cea1-a9aa-4f84-8425-cfff5d2a65b7 has been successfully formatted.
2024-04-29 10:07:05,548 [ff005283-6149-44cc-9e6b-88eb174549f2-groupManagement] WARN  util.FileUtils (LogUtils.java:supplyAndLog(63)) - Failed to Files.newInputStream /home/runner/work/ozone/ozone/hadoop-ozone/integration-test/target/test-dir/MiniOzoneClusterImpl-9e79b078-2218-4abd-b04c-a65fc7f927a6/ozone-meta/datanode-1/ratis/c918cea1-a9aa-4f84-8425-cfff5d2a65b7/current/raft-meta.conf with options []: java.nio.file.NoSuchFileException: /home/runner/work/ozone/ozone/hadoop-ozone/integration-test/target/test-dir/MiniOzoneClusterImpl-9e79b078-2218-4abd-b04c-a65fc7f927a6/ozone-meta/datanode-1/ratis/c918cea1-a9aa-4f84-8425-cfff5d2a65b7/current/raft-meta.conf
2024-04-29 10:07:05,548 [ff005283-6149-44cc-9e6b-88eb174549f2-groupManagement] INFO  ratis.ContainerStateMachine (ContainerStateMachine.java:loadSnapshot(287)) - group-CFFF5D2A65B7: The snapshot info is null. Setting the last applied index to:(t:0, i:~)
2024-04-29 10:07:05,548 [ff005283-6149-44cc-9e6b-88eb174549f2-groupManagement] INFO  server.RaftServerConfigKeys (ConfUtils.java:logGet(46)) - raft.server.log.use.memory = false (default)
2024-04-29 10:07:05,548 [ff005283-6149-44cc-9e6b-88eb174549f2-groupManagement] INFO  server.RaftServerConfigKeys (ConfUtils.java:logGet(46)) - raft.server.log.purge.gap = 1000000 (custom)
2024-04-29 10:07:05,548 [ff005283-6149-44cc-9e6b-88eb174549f2-groupManagement] INFO  server.RaftServerConfigKeys (ConfUtils.java:logGet(46)) - raft.server.log.appender.buffer.byte-limit = 8388608 (custom)
2024-04-29 10:07:05,548 [ff005283-6149-44cc-9e6b-88eb174549f2-groupManagement] INFO  server.RaftServerConfigKeys (ConfUtils.java:logGet(46)) - raft.server.log.statemachine.data.read.timeout = 1000ms (default)
2024-04-29 10:07:05,548 [ff005283-6149-44cc-9e6b-88eb174549f2-groupManagement] INFO  server.RaftServerConfigKeys (ConfUtils.java:logGet(46)) - raft.server.log.purge.preservation.log.num = 0 (default)
2024-04-29 10:07:05,548 [EventQueue-OpenPipelineForHealthyPipelineSafeModeRule] INFO  safemode.SCMSafeModeManager (HealthyPipelineSafeModeRule.java:process(140)) - SCM in safe mode. Healthy pipelines reported count is 0, required healthy pipeline reported count is 1
2024-04-29 10:07:05,549 [ff005283-6149-44cc-9e6b-88eb174549f2-groupManagement] INFO  server.RaftServerConfigKeys (ConfUtils.java:logGet(46)) - raft.server.log.segment.size.max = 67108864 (custom)
2024-04-29 10:07:05,549 [ff005283-6149-44cc-9e6b-88eb174549f2-groupManagement] INFO  server.RaftServerConfigKeys (ConfUtils.java:logGet(46)) - raft.server.log.segment.cache.num.max = 2 (custom)
2024-04-29 10:07:05,549 [ff005283-6149-44cc-9e6b-88eb174549f2-groupManagement] INFO  server.RaftServerConfigKeys (ConfUtils.java:logGet(46)) - raft.server.log.segment.cache.size.max = 200MB (=209715200) (default)
2024-04-29 10:07:05,549 [ff005283-6149-44cc-9e6b-88eb174549f2-groupManagement] INFO  server.RaftServerConfigKeys (ConfUtils.java:logGet(46)) - raft.server.log.appender.buffer.byte-limit = 8388608 (custom)
2024-04-29 10:07:05,550 [ff005283-6149-44cc-9e6b-88eb174549f2-groupManagement] INFO  util.AwaitToRun (AwaitToRun.java:start(81)) - Thread[ff005283-6149-44cc-9e6b-88eb174549f2@group-CFFF5D2A65B7-cacheEviction-AwaitToRun,5,main] started
2024-04-29 10:07:05,550 [ff005283-6149-44cc-9e6b-88eb174549f2-groupManagement] INFO  segmented.SegmentedRaftLogWorker (SegmentedRaftLogWorker.java:<init>(182)) - new ff005283-6149-44cc-9e6b-88eb174549f2@group-CFFF5D2A65B7-SegmentedRaftLogWorker for RaftStorageImpl:Storage Directory /home/runner/work/ozone/ozone/hadoop-ozone/integration-test/target/test-dir/MiniOzoneClusterImpl-9e79b078-2218-4abd-b04c-a65fc7f927a6/ozone-meta/datanode-1/ratis/c918cea1-a9aa-4f84-8425-cfff5d2a65b7
2024-04-29 10:07:05,550 [ff005283-6149-44cc-9e6b-88eb174549f2-groupManagement] INFO  server.RaftServerConfigKeys (ConfUtils.java:logGet(46)) - raft.server.log.queue.byte-limit = 4294967296 (custom)
2024-04-29 10:07:05,550 [ff005283-6149-44cc-9e6b-88eb174549f2-groupManagement] INFO  server.RaftServerConfigKeys (ConfUtils.java:logGet(46)) - raft.server.log.queue.element-limit = 1024 (custom)
2024-04-29 10:07:05,550 [ff005283-6149-44cc-9e6b-88eb174549f2-groupManagement] INFO  server.RaftServerConfigKeys (ConfUtils.java:logGet(46)) - raft.server.log.segment.size.max = 67108864 (custom)
2024-04-29 10:07:05,550 [ff005283-6149-44cc-9e6b-88eb174549f2-groupManagement] INFO  server.RaftServerConfigKeys (ConfUtils.java:logGet(46)) - raft.server.log.preallocated.size = 4194304 (custom)
2024-04-29 10:07:05,550 [ff005283-6149-44cc-9e6b-88eb174549f2-groupManagement] INFO  server.RaftServerConfigKeys (ConfUtils.java:logGet(46)) - raft.server.log.force.sync.num = 128 (default)
2024-04-29 10:07:05,550 [ff005283-6149-44cc-9e6b-88eb174549f2-groupManagement] INFO  server.RaftServerConfigKeys (ConfUtils.java:logGet(46)) - raft.server.log.statemachine.data.sync = true (default)
2024-04-29 10:07:05,550 [ff005283-6149-44cc-9e6b-88eb174549f2-groupManagement] INFO  server.RaftServerConfigKeys (ConfUtils.java:logGet(46)) - raft.server.log.statemachine.data.sync.timeout = 10s (default)
2024-04-29 10:07:05,550 [ff005283-6149-44cc-9e6b-88eb174549f2-groupManagement] INFO  server.RaftServerConfigKeys (ConfUtils.java:logGet(46)) - raft.server.log.statemachine.data.sync.timeout.retry = 30 (custom)
2024-04-29 10:07:05,550 [ff005283-6149-44cc-9e6b-88eb174549f2-groupManagement] INFO  server.RaftServerConfigKeys (ConfUtils.java:logGet(46)) - raft.server.log.write.buffer.size = 8388616 (custom)
2024-04-29 10:07:05,552 [ff005283-6149-44cc-9e6b-88eb174549f2-groupManagement] INFO  server.RaftServerConfigKeys (ConfUtils.java:logGet(46)) - raft.server.log.appender.buffer.byte-limit = 8388608 (custom)
2024-04-29 10:07:05,552 [ff005283-6149-44cc-9e6b-88eb174549f2-groupManagement] INFO  server.RaftServerConfigKeys (ConfUtils.java:logGet(46)) - raft.server.log.unsafe-flush.enabled = false (default)
2024-04-29 10:07:05,552 [ff005283-6149-44cc-9e6b-88eb174549f2-groupManagement] INFO  server.RaftServerConfigKeys (ConfUtils.java:logGet(46)) - raft.server.log.async-flush.enabled = false (default)
2024-04-29 10:07:05,552 [ff005283-6149-44cc-9e6b-88eb174549f2-groupManagement] INFO  server.RaftServerConfigKeys (ConfUtils.java:logGet(46)) - raft.server.log.statemachine.data.caching.enabled = true (custom)
2024-04-29 10:07:05,552 [ff005283-6149-44cc-9e6b-88eb174549f2-groupManagement] INFO  segmented.SegmentedRaftLogWorker (SegmentedRaftLogWorker.java:lambda$new$0(134)) - ff005283-6149-44cc-9e6b-88eb174549f2@group-CFFF5D2A65B7-SegmentedRaftLogWorker: flushIndex: setUnconditionally 0 -> -1
2024-04-29 10:07:05,552 [ff005283-6149-44cc-9e6b-88eb174549f2-groupManagement] INFO  segmented.SegmentedRaftLogWorker (SegmentedRaftLogWorker.java:lambda$new$0(134)) - ff005283-6149-44cc-9e6b-88eb174549f2@group-CFFF5D2A65B7-SegmentedRaftLogWorker: safeCacheEvictIndex: setUnconditionally 0 -> -1
2024-04-29 10:07:05,552 [ff005283-6149-44cc-9e6b-88eb174549f2-groupManagement] INFO  server.RaftServer$Division (RaftServerImpl.java:start(396)) - ff005283-6149-44cc-9e6b-88eb174549f2@group-CFFF5D2A65B7: start as a follower, conf=-1: peers:[023796c2-f42d-4d4c-8c53-1144d6bee25f|127.0.0.1:15477, a3deba03-ffe7-4d5f-b81f-0cb8f398f916|127.0.0.1:15468, ff005283-6149-44cc-9e6b-88eb174549f2|127.0.0.1:15459]|listeners:[], old=null
2024-04-29 10:07:05,552 [ff005283-6149-44cc-9e6b-88eb174549f2-groupManagement] INFO  server.RaftServer$Division (RaftServerImpl.java:setRole(383)) - ff005283-6149-44cc-9e6b-88eb174549f2@group-CFFF5D2A65B7: changes role from      null to FOLLOWER at term 0 for startAsFollower
2024-04-29 10:07:05,552 [ff005283-6149-44cc-9e6b-88eb174549f2-groupManagement] INFO  impl.RoleInfo (RoleInfo.java:updateAndGet(139)) - ff005283-6149-44cc-9e6b-88eb174549f2: start ff005283-6149-44cc-9e6b-88eb174549f2@group-CFFF5D2A65B7-FollowerState
2024-04-29 10:07:05,553 [ff005283-6149-44cc-9e6b-88eb174549f2-groupManagement] INFO  util.JmxRegister (JmxRegister.java:tryRegister(44)) - Successfully registered JMX Bean with object name Ratis:service=RaftServer,group=group-CFFF5D2A65B7,id=ff005283-6149-44cc-9e6b-88eb174549f2
2024-04-29 10:07:05,553 [ff005283-6149-44cc-9e6b-88eb174549f2-groupManagement] INFO  server.RaftServerConfigKeys (ConfUtils.java:logGet(46)) - raft.server.snapshot.trigger-when-stop.enabled = true (default)
2024-04-29 10:07:05,553 [ff005283-6149-44cc-9e6b-88eb174549f2-groupManagement] INFO  server.RaftServerConfigKeys (ConfUtils.java:logGet(46)) - raft.server.snapshot.auto.trigger.enabled = true (custom)
2024-04-29 10:07:05,553 [ff005283-6149-44cc-9e6b-88eb174549f2-groupManagement] INFO  server.RaftServerConfigKeys (ConfUtils.java:logGet(46)) - raft.server.snapshot.auto.trigger.threshold = 10000 (custom)
2024-04-29 10:07:05,553 [ff005283-6149-44cc-9e6b-88eb174549f2@group-CFFF5D2A65B7-FollowerState] INFO  server.RaftServerConfigKeys (ConfUtils.java:logFallback(53)) - raft.server.rpc.first-election.timeout.min = 5s (fallback to raft.server.rpc.timeout.min)
2024-04-29 10:07:05,553 [ff005283-6149-44cc-9e6b-88eb174549f2@group-CFFF5D2A65B7-FollowerState] INFO  server.RaftServerConfigKeys (ConfUtils.java:logFallback(53)) - raft.server.rpc.first-election.timeout.max = 5200ms (fallback to raft.server.rpc.timeout.max)
2024-04-29 10:07:05,553 [ff005283-6149-44cc-9e6b-88eb174549f2-groupManagement] INFO  server.RaftServerConfigKeys (ConfUtils.java:logGet(46)) - raft.server.snapshot.retention.file.num = 5 (custom)
2024-04-29 10:07:05,553 [ff005283-6149-44cc-9e6b-88eb174549f2-groupManagement] INFO  server.RaftServerConfigKeys (ConfUtils.java:logGet(46)) - raft.server.log.purge.upto.snapshot.index = false (default)
2024-04-29 10:07:05,553 [ff005283-6149-44cc-9e6b-88eb174549f2-PipelineCommandHandlerThread-0] INFO  ratis.XceiverServerRatis (XceiverServerRatis.java:addGroup(864)) - Created group PipelineID=c918cea1-a9aa-4f84-8425-cfff5d2a65b7
2024-04-29 10:07:05,558 [grpc-default-executor-1] INFO  server.RaftServer (RaftServerProxy.java:addNew(100)) - a3deba03-ffe7-4d5f-b81f-0cb8f398f916: addNew group-CFFF5D2A65B7:[023796c2-f42d-4d4c-8c53-1144d6bee25f|127.0.0.1:15477, a3deba03-ffe7-4d5f-b81f-0cb8f398f916|127.0.0.1:15468, ff005283-6149-44cc-9e6b-88eb174549f2|127.0.0.1:15459] returns group-CFFF5D2A65B7:java.util.concurrent.CompletableFuture@7e6155e2[Not completed]
2024-04-29 10:07:05,559 [a3deba03-ffe7-4d5f-b81f-0cb8f398f916-groupManagement] INFO  server.RaftServer$Division (RaftServerImpl.java:<init>(256)) - a3deba03-ffe7-4d5f-b81f-0cb8f398f916: new RaftServerImpl for group-CFFF5D2A65B7:[023796c2-f42d-4d4c-8c53-1144d6bee25f|127.0.0.1:15477, a3deba03-ffe7-4d5f-b81f-0cb8f398f916|127.0.0.1:15468, ff005283-6149-44cc-9e6b-88eb174549f2|127.0.0.1:15459] with ContainerStateMachine:uninitialized
2024-04-29 10:07:05,559 [a3deba03-ffe7-4d5f-b81f-0cb8f398f916-groupManagement] INFO  server.RaftServerConfigKeys (ConfUtils.java:logGet(46)) - raft.server.rpc.timeout.min = 5s (custom)
2024-04-29 10:07:05,559 [a3deba03-ffe7-4d5f-b81f-0cb8f398f916-groupManagement] INFO  server.RaftServerConfigKeys (ConfUtils.java:logGet(46)) - raft.server.rpc.timeout.max = 5200ms (custom)
2024-04-29 10:07:05,559 [a3deba03-ffe7-4d5f-b81f-0cb8f398f916-groupManagement] INFO  server.RaftServerConfigKeys (ConfUtils.java:logGet(46)) - raft.server.rpc.sleep.time = 25ms (default)
2024-04-29 10:07:05,559 [a3deba03-ffe7-4d5f-b81f-0cb8f398f916-groupManagement] INFO  server.RaftServerConfigKeys (ConfUtils.java:logGet(46)) - raft.server.rpc.slowness.timeout = 300000ms (custom)
2024-04-29 10:07:05,559 [a3deba03-ffe7-4d5f-b81f-0cb8f398f916-groupManagement] INFO  server.RaftServerConfigKeys (ConfUtils.java:logGet(46)) - raft.server.leaderelection.leader.step-down.wait-time = 10s (default)
2024-04-29 10:07:05,559 [a3deba03-ffe7-4d5f-b81f-0cb8f398f916-groupManagement] INFO  server.RaftServerConfigKeys (ConfUtils.java:logGet(46)) - raft.server.leaderelection.member.majority-add = false (default)
2024-04-29 10:07:05,559 [a3deba03-ffe7-4d5f-b81f-0cb8f398f916-groupManagement] INFO  server.RaftServerConfigKeys (ConfUtils.java:logGet(46)) - raft.server.sleep.deviation.threshold = 300ms (default)
2024-04-29 10:07:05,559 [a3deba03-ffe7-4d5f-b81f-0cb8f398f916-groupManagement] INFO  server.RaftServer$Division (ServerState.java:<init>(113)) - a3deba03-ffe7-4d5f-b81f-0cb8f398f916@group-CFFF5D2A65B7: ConfigurationManager, init=-1: peers:[023796c2-f42d-4d4c-8c53-1144d6bee25f|127.0.0.1:15477, a3deba03-ffe7-4d5f-b81f-0cb8f398f916|127.0.0.1:15468, ff005283-6149-44cc-9e6b-88eb174549f2|127.0.0.1:15459]|listeners:[], old=null, confs=<EMPTY_MAP>
2024-04-29 10:07:05,559 [a3deba03-ffe7-4d5f-b81f-0cb8f398f916-groupManagement] INFO  server.RaftServerConfigKeys (ConfUtils.java:logGet(46)) - raft.server.notification.no-leader.timeout = 300000ms (custom)
2024-04-29 10:07:05,559 [a3deba03-ffe7-4d5f-b81f-0cb8f398f916-groupManagement] INFO  server.RaftServerConfigKeys (ConfUtils.java:logGet(46)) - raft.server.read.timeout = 10s (default)
2024-04-29 10:07:05,559 [a3deba03-ffe7-4d5f-b81f-0cb8f398f916-groupManagement] INFO  server.RaftServerConfigKeys (ConfUtils.java:logGet(46)) - raft.server.retrycache.expirytime = 600000ms (custom)
2024-04-29 10:07:05,559 [a3deba03-ffe7-4d5f-b81f-0cb8f398f916-groupManagement] INFO  server.RaftServerConfigKeys (ConfUtils.java:logGet(46)) - raft.server.retrycache.statistics.expirytime = 100ms (default)
2024-04-29 10:07:05,559 [a3deba03-ffe7-4d5f-b81f-0cb8f398f916-groupManagement] INFO  server.RaftServerConfigKeys (ConfUtils.java:logGet(46)) - raft.server.read.option = DEFAULT (default)
2024-04-29 10:07:05,559 [a3deba03-ffe7-4d5f-b81f-0cb8f398f916-groupManagement] INFO  server.RaftServerConfigKeys (ConfUtils.java:logGet(46)) - raft.server.read.read-after-write-consistent.write-index-cache.expiry-time = 60s (default)
2024-04-29 10:07:05,561 [a3deba03-ffe7-4d5f-b81f-0cb8f398f916-groupManagement] INFO  server.RaftServerConfigKeys (ConfUtils.java:logGet(46)) - raft.server.rpc.request.timeout = 3000ms (default)
2024-04-29 10:07:05,561 [a3deba03-ffe7-4d5f-b81f-0cb8f398f916-groupManagement] INFO  server.RaftServerConfigKeys (ConfUtils.java:logGet(46)) - raft.server.log.appender.install.snapshot.enabled = false (custom)
2024-04-29 10:07:05,561 [a3deba03-ffe7-4d5f-b81f-0cb8f398f916-groupManagement] INFO  server.RaftServerConfigKeys (ConfUtils.java:logGet(46)) - raft.server.threadpool.server.cached = true (default)
2024-04-29 10:07:05,561 [a3deba03-ffe7-4d5f-b81f-0cb8f398f916-groupManagement] INFO  server.RaftServerConfigKeys (ConfUtils.java:logGet(46)) - raft.server.threadpool.server.size = 0 (default)
2024-04-29 10:07:05,561 [a3deba03-ffe7-4d5f-b81f-0cb8f398f916-groupManagement] INFO  server.RaftServerConfigKeys (ConfUtils.java:logGet(46)) - raft.server.threadpool.client.cached = true (default)
2024-04-29 10:07:05,561 [a3deba03-ffe7-4d5f-b81f-0cb8f398f916-groupManagement] INFO  server.RaftServerConfigKeys (ConfUtils.java:logGet(46)) - raft.server.threadpool.client.size = 0 (default)
2024-04-29 10:07:05,561 [a3deba03-ffe7-4d5f-b81f-0cb8f398f916-groupManagement] INFO  server.RaftServerConfigKeys (ConfUtils.java:logGet(46)) - raft.server.storage.free-space.min = 0MB (=0) (default)
2024-04-29 10:07:05,561 [a3deba03-ffe7-4d5f-b81f-0cb8f398f916-groupManagement] INFO  server.RaftServerConfigKeys (ConfUtils.java:logGet(46)) - raft.server.log.corruption.policy = EXCEPTION (default)
2024-04-29 10:07:05,561 [a3deba03-ffe7-4d5f-b81f-0cb8f398f916-groupManagement] INFO  server.RaftServerConfigKeys (ConfUtils.java:logGet(46)) - raft.server.storage.dir = [/home/runner/work/ozone/ozone/hadoop-ozone/integration-test/target/test-dir/MiniOzoneClusterImpl-9e79b078-2218-4abd-b04c-a65fc7f927a6/ozone-meta/datanode-2/ratis] (custom)
2024-04-29 10:07:05,561 [a3deba03-ffe7-4d5f-b81f-0cb8f398f916-groupManagement] INFO  storage.RaftStorageDirectory (RaftStorageDirectoryImpl.java:analyzeStorage(138)) - The storage directory /home/runner/work/ozone/ozone/hadoop-ozone/integration-test/target/test-dir/MiniOzoneClusterImpl-9e79b078-2218-4abd-b04c-a65fc7f927a6/ozone-meta/datanode-2/ratis/c918cea1-a9aa-4f84-8425-cfff5d2a65b7 does not exist. Creating ...
2024-04-29 10:07:05,562 [a3deba03-ffe7-4d5f-b81f-0cb8f398f916-groupManagement] INFO  storage.RaftStorageDirectory (RaftStorageDirectoryImpl.java:tryLock(228)) - Lock on /home/runner/work/ozone/ozone/hadoop-ozone/integration-test/target/test-dir/MiniOzoneClusterImpl-9e79b078-2218-4abd-b04c-a65fc7f927a6/ozone-meta/datanode-2/ratis/c918cea1-a9aa-4f84-8425-cfff5d2a65b7/in_use.lock acquired by nodename 20825@fv-az913-54
2024-04-29 10:07:05,564 [a3deba03-ffe7-4d5f-b81f-0cb8f398f916-groupManagement] INFO  storage.RaftStorage (RaftStorageImpl.java:format(99)) - Storage directory /home/runner/work/ozone/ozone/hadoop-ozone/integration-test/target/test-dir/MiniOzoneClusterImpl-9e79b078-2218-4abd-b04c-a65fc7f927a6/ozone-meta/datanode-2/ratis/c918cea1-a9aa-4f84-8425-cfff5d2a65b7 has been successfully formatted.
2024-04-29 10:07:05,564 [a3deba03-ffe7-4d5f-b81f-0cb8f398f916-groupManagement] WARN  util.FileUtils (LogUtils.java:supplyAndLog(63)) - Failed to Files.newInputStream /home/runner/work/ozone/ozone/hadoop-ozone/integration-test/target/test-dir/MiniOzoneClusterImpl-9e79b078-2218-4abd-b04c-a65fc7f927a6/ozone-meta/datanode-2/ratis/c918cea1-a9aa-4f84-8425-cfff5d2a65b7/current/raft-meta.conf with options []: java.nio.file.NoSuchFileException: /home/runner/work/ozone/ozone/hadoop-ozone/integration-test/target/test-dir/MiniOzoneClusterImpl-9e79b078-2218-4abd-b04c-a65fc7f927a6/ozone-meta/datanode-2/ratis/c918cea1-a9aa-4f84-8425-cfff5d2a65b7/current/raft-meta.conf
2024-04-29 10:07:05,564 [a3deba03-ffe7-4d5f-b81f-0cb8f398f916-groupManagement] INFO  ratis.ContainerStateMachine (ContainerStateMachine.java:loadSnapshot(287)) - group-CFFF5D2A65B7: The snapshot info is null. Setting the last applied index to:(t:0, i:~)
2024-04-29 10:07:05,564 [a3deba03-ffe7-4d5f-b81f-0cb8f398f916-groupManagement] INFO  server.RaftServerConfigKeys (ConfUtils.java:logGet(46)) - raft.server.log.use.memory = false (default)
2024-04-29 10:07:05,564 [a3deba03-ffe7-4d5f-b81f-0cb8f398f916-groupManagement] INFO  server.RaftServerConfigKeys (ConfUtils.java:logGet(46)) - raft.server.log.purge.gap = 1000000 (custom)
2024-04-29 10:07:05,564 [a3deba03-ffe7-4d5f-b81f-0cb8f398f916-groupManagement] INFO  server.RaftServerConfigKeys (ConfUtils.java:logGet(46)) - raft.server.log.appender.buffer.byte-limit = 8388608 (custom)
2024-04-29 10:07:05,564 [a3deba03-ffe7-4d5f-b81f-0cb8f398f916-groupManagement] INFO  server.RaftServerConfigKeys (ConfUtils.java:logGet(46)) - raft.server.log.statemachine.data.read.timeout = 1000ms (default)
2024-04-29 10:07:05,564 [a3deba03-ffe7-4d5f-b81f-0cb8f398f916-groupManagement] INFO  server.RaftServerConfigKeys (ConfUtils.java:logGet(46)) - raft.server.log.purge.preservation.log.num = 0 (default)
2024-04-29 10:07:05,565 [a3deba03-ffe7-4d5f-b81f-0cb8f398f916-groupManagement] INFO  server.RaftServerConfigKeys (ConfUtils.java:logGet(46)) - raft.server.log.segment.size.max = 67108864 (custom)
2024-04-29 10:07:05,565 [a3deba03-ffe7-4d5f-b81f-0cb8f398f916-groupManagement] INFO  server.RaftServerConfigKeys (ConfUtils.java:logGet(46)) - raft.server.log.segment.cache.num.max = 2 (custom)
2024-04-29 10:07:05,565 [a3deba03-ffe7-4d5f-b81f-0cb8f398f916-groupManagement] INFO  server.RaftServerConfigKeys (ConfUtils.java:logGet(46)) - raft.server.log.segment.cache.size.max = 200MB (=209715200) (default)
2024-04-29 10:07:05,565 [a3deba03-ffe7-4d5f-b81f-0cb8f398f916-groupManagement] INFO  server.RaftServerConfigKeys (ConfUtils.java:logGet(46)) - raft.server.log.appender.buffer.byte-limit = 8388608 (custom)
2024-04-29 10:07:05,566 [a3deba03-ffe7-4d5f-b81f-0cb8f398f916-groupManagement] INFO  util.AwaitToRun (AwaitToRun.java:start(81)) - Thread[a3deba03-ffe7-4d5f-b81f-0cb8f398f916@group-CFFF5D2A65B7-cacheEviction-AwaitToRun,5,main] started
2024-04-29 10:07:05,566 [a3deba03-ffe7-4d5f-b81f-0cb8f398f916-groupManagement] INFO  segmented.SegmentedRaftLogWorker (SegmentedRaftLogWorker.java:<init>(182)) - new a3deba03-ffe7-4d5f-b81f-0cb8f398f916@group-CFFF5D2A65B7-SegmentedRaftLogWorker for RaftStorageImpl:Storage Directory /home/runner/work/ozone/ozone/hadoop-ozone/integration-test/target/test-dir/MiniOzoneClusterImpl-9e79b078-2218-4abd-b04c-a65fc7f927a6/ozone-meta/datanode-2/ratis/c918cea1-a9aa-4f84-8425-cfff5d2a65b7
2024-04-29 10:07:05,566 [a3deba03-ffe7-4d5f-b81f-0cb8f398f916-groupManagement] INFO  server.RaftServerConfigKeys (ConfUtils.java:logGet(46)) - raft.server.log.queue.byte-limit = 4294967296 (custom)
2024-04-29 10:07:05,566 [a3deba03-ffe7-4d5f-b81f-0cb8f398f916-groupManagement] INFO  server.RaftServerConfigKeys (ConfUtils.java:logGet(46)) - raft.server.log.queue.element-limit = 1024 (custom)
2024-04-29 10:07:05,566 [a3deba03-ffe7-4d5f-b81f-0cb8f398f916-groupManagement] INFO  server.RaftServerConfigKeys (ConfUtils.java:logGet(46)) - raft.server.log.segment.size.max = 67108864 (custom)
2024-04-29 10:07:05,566 [a3deba03-ffe7-4d5f-b81f-0cb8f398f916-groupManagement] INFO  server.RaftServerConfigKeys (ConfUtils.java:logGet(46)) - raft.server.log.preallocated.size = 4194304 (custom)
2024-04-29 10:07:05,566 [a3deba03-ffe7-4d5f-b81f-0cb8f398f916-groupManagement] INFO  server.RaftServerConfigKeys (ConfUtils.java:logGet(46)) - raft.server.log.force.sync.num = 128 (default)
2024-04-29 10:07:05,566 [a3deba03-ffe7-4d5f-b81f-0cb8f398f916-groupManagement] INFO  server.RaftServerConfigKeys (ConfUtils.java:logGet(46)) - raft.server.log.statemachine.data.sync = true (default)
2024-04-29 10:07:05,566 [a3deba03-ffe7-4d5f-b81f-0cb8f398f916-groupManagement] INFO  server.RaftServerConfigKeys (ConfUtils.java:logGet(46)) - raft.server.log.statemachine.data.sync.timeout = 10s (default)
2024-04-29 10:07:05,566 [a3deba03-ffe7-4d5f-b81f-0cb8f398f916-groupManagement] INFO  server.RaftServerConfigKeys (ConfUtils.java:logGet(46)) - raft.server.log.statemachine.data.sync.timeout.retry = 30 (custom)
2024-04-29 10:07:05,566 [a3deba03-ffe7-4d5f-b81f-0cb8f398f916-groupManagement] INFO  server.RaftServerConfigKeys (ConfUtils.java:logGet(46)) - raft.server.log.write.buffer.size = 8388616 (custom)
2024-04-29 10:07:05,567 [a3deba03-ffe7-4d5f-b81f-0cb8f398f916-groupManagement] INFO  server.RaftServerConfigKeys (ConfUtils.java:logGet(46)) - raft.server.log.appender.buffer.byte-limit = 8388608 (custom)
2024-04-29 10:07:05,567 [a3deba03-ffe7-4d5f-b81f-0cb8f398f916-groupManagement] INFO  server.RaftServerConfigKeys (ConfUtils.java:logGet(46)) - raft.server.log.unsafe-flush.enabled = false (default)
2024-04-29 10:07:05,567 [a3deba03-ffe7-4d5f-b81f-0cb8f398f916-groupManagement] INFO  server.RaftServerConfigKeys (ConfUtils.java:logGet(46)) - raft.server.log.async-flush.enabled = false (default)
2024-04-29 10:07:05,567 [a3deba03-ffe7-4d5f-b81f-0cb8f398f916-groupManagement] INFO  server.RaftServerConfigKeys (ConfUtils.java:logGet(46)) - raft.server.log.statemachine.data.caching.enabled = true (custom)
2024-04-29 10:07:05,567 [a3deba03-ffe7-4d5f-b81f-0cb8f398f916-groupManagement] INFO  segmented.SegmentedRaftLogWorker (SegmentedRaftLogWorker.java:lambda$new$0(134)) - a3deba03-ffe7-4d5f-b81f-0cb8f398f916@group-CFFF5D2A65B7-SegmentedRaftLogWorker: flushIndex: setUnconditionally 0 -> -1
2024-04-29 10:07:05,567 [a3deba03-ffe7-4d5f-b81f-0cb8f398f916-groupManagement] INFO  segmented.SegmentedRaftLogWorker (SegmentedRaftLogWorker.java:lambda$new$0(134)) - a3deba03-ffe7-4d5f-b81f-0cb8f398f916@group-CFFF5D2A65B7-SegmentedRaftLogWorker: safeCacheEvictIndex: setUnconditionally 0 -> -1
2024-04-29 10:07:05,568 [a3deba03-ffe7-4d5f-b81f-0cb8f398f916-groupManagement] INFO  server.RaftServer$Division (RaftServerImpl.java:start(396)) - a3deba03-ffe7-4d5f-b81f-0cb8f398f916@group-CFFF5D2A65B7: start as a follower, conf=-1: peers:[023796c2-f42d-4d4c-8c53-1144d6bee25f|127.0.0.1:15477, a3deba03-ffe7-4d5f-b81f-0cb8f398f916|127.0.0.1:15468, ff005283-6149-44cc-9e6b-88eb174549f2|127.0.0.1:15459]|listeners:[], old=null
2024-04-29 10:07:05,568 [a3deba03-ffe7-4d5f-b81f-0cb8f398f916-groupManagement] INFO  server.RaftServer$Division (RaftServerImpl.java:setRole(383)) - a3deba03-ffe7-4d5f-b81f-0cb8f398f916@group-CFFF5D2A65B7: changes role from      null to FOLLOWER at term 0 for startAsFollower
2024-04-29 10:07:05,568 [a3deba03-ffe7-4d5f-b81f-0cb8f398f916-groupManagement] INFO  impl.RoleInfo (RoleInfo.java:updateAndGet(139)) - a3deba03-ffe7-4d5f-b81f-0cb8f398f916: start a3deba03-ffe7-4d5f-b81f-0cb8f398f916@group-CFFF5D2A65B7-FollowerState
2024-04-29 10:07:05,568 [a3deba03-ffe7-4d5f-b81f-0cb8f398f916@group-CFFF5D2A65B7-FollowerState] INFO  server.RaftServerConfigKeys (ConfUtils.java:logFallback(53)) - raft.server.rpc.first-election.timeout.min = 5s (fallback to raft.server.rpc.timeout.min)
2024-04-29 10:07:05,568 [a3deba03-ffe7-4d5f-b81f-0cb8f398f916@group-CFFF5D2A65B7-FollowerState] INFO  server.RaftServerConfigKeys (ConfUtils.java:logFallback(53)) - raft.server.rpc.first-election.timeout.max = 5200ms (fallback to raft.server.rpc.timeout.max)
2024-04-29 10:07:05,568 [a3deba03-ffe7-4d5f-b81f-0cb8f398f916-groupManagement] INFO  util.JmxRegister (JmxRegister.java:tryRegister(44)) - Successfully registered JMX Bean with object name Ratis:service=RaftServer,group=group-CFFF5D2A65B7,id=a3deba03-ffe7-4d5f-b81f-0cb8f398f916
2024-04-29 10:07:05,568 [a3deba03-ffe7-4d5f-b81f-0cb8f398f916-groupManagement] INFO  server.RaftServerConfigKeys (ConfUtils.java:logGet(46)) - raft.server.snapshot.trigger-when-stop.enabled = true (default)
2024-04-29 10:07:05,568 [a3deba03-ffe7-4d5f-b81f-0cb8f398f916-groupManagement] INFO  server.RaftServerConfigKeys (ConfUtils.java:logGet(46)) - raft.server.snapshot.auto.trigger.enabled = true (custom)
2024-04-29 10:07:05,568 [a3deba03-ffe7-4d5f-b81f-0cb8f398f916-groupManagement] INFO  server.RaftServerConfigKeys (ConfUtils.java:logGet(46)) - raft.server.snapshot.auto.trigger.threshold = 10000 (custom)
2024-04-29 10:07:05,568 [a3deba03-ffe7-4d5f-b81f-0cb8f398f916-groupManagement] INFO  server.RaftServerConfigKeys (ConfUtils.java:logGet(46)) - raft.server.snapshot.retention.file.num = 5 (custom)
2024-04-29 10:07:05,568 [a3deba03-ffe7-4d5f-b81f-0cb8f398f916-groupManagement] INFO  server.RaftServerConfigKeys (ConfUtils.java:logGet(46)) - raft.server.log.purge.upto.snapshot.index = false (default)
2024-04-29 10:07:05,573 [grpc-default-executor-1] INFO  server.RaftServer (RaftServerProxy.java:addNew(100)) - 023796c2-f42d-4d4c-8c53-1144d6bee25f: addNew group-CFFF5D2A65B7:[023796c2-f42d-4d4c-8c53-1144d6bee25f|127.0.0.1:15477, a3deba03-ffe7-4d5f-b81f-0cb8f398f916|127.0.0.1:15468, ff005283-6149-44cc-9e6b-88eb174549f2|127.0.0.1:15459] returns group-CFFF5D2A65B7:java.util.concurrent.CompletableFuture@3892af1f[Not completed]
2024-04-29 10:07:05,574 [023796c2-f42d-4d4c-8c53-1144d6bee25f-groupManagement] INFO  server.RaftServer$Division (RaftServerImpl.java:<init>(256)) - 023796c2-f42d-4d4c-8c53-1144d6bee25f: new RaftServerImpl for group-CFFF5D2A65B7:[023796c2-f42d-4d4c-8c53-1144d6bee25f|127.0.0.1:15477, a3deba03-ffe7-4d5f-b81f-0cb8f398f916|127.0.0.1:15468, ff005283-6149-44cc-9e6b-88eb174549f2|127.0.0.1:15459] with ContainerStateMachine:uninitialized
2024-04-29 10:07:05,574 [023796c2-f42d-4d4c-8c53-1144d6bee25f-groupManagement] INFO  server.RaftServerConfigKeys (ConfUtils.java:logGet(46)) - raft.server.rpc.timeout.min = 5s (custom)
2024-04-29 10:07:05,574 [023796c2-f42d-4d4c-8c53-1144d6bee25f-groupManagement] INFO  server.RaftServerConfigKeys (ConfUtils.java:logGet(46)) - raft.server.rpc.timeout.max = 5200ms (custom)
2024-04-29 10:07:05,574 [023796c2-f42d-4d4c-8c53-1144d6bee25f-groupManagement] INFO  server.RaftServerConfigKeys (ConfUtils.java:logGet(46)) - raft.server.rpc.sleep.time = 25ms (default)
2024-04-29 10:07:05,574 [023796c2-f42d-4d4c-8c53-1144d6bee25f-groupManagement] INFO  server.RaftServerConfigKeys (ConfUtils.java:logGet(46)) - raft.server.rpc.slowness.timeout = 300000ms (custom)
2024-04-29 10:07:05,574 [023796c2-f42d-4d4c-8c53-1144d6bee25f-groupManagement] INFO  server.RaftServerConfigKeys (ConfUtils.java:logGet(46)) - raft.server.leaderelection.leader.step-down.wait-time = 10s (default)
2024-04-29 10:07:05,574 [023796c2-f42d-4d4c-8c53-1144d6bee25f-groupManagement] INFO  server.RaftServerConfigKeys (ConfUtils.java:logGet(46)) - raft.server.leaderelection.member.majority-add = false (default)
2024-04-29 10:07:05,574 [023796c2-f42d-4d4c-8c53-1144d6bee25f-groupManagement] INFO  server.RaftServerConfigKeys (ConfUtils.java:logGet(46)) - raft.server.sleep.deviation.threshold = 300ms (default)
2024-04-29 10:07:05,574 [023796c2-f42d-4d4c-8c53-1144d6bee25f-groupManagement] INFO  server.RaftServer$Division (ServerState.java:<init>(113)) - 023796c2-f42d-4d4c-8c53-1144d6bee25f@group-CFFF5D2A65B7: ConfigurationManager, init=-1: peers:[023796c2-f42d-4d4c-8c53-1144d6bee25f|127.0.0.1:15477, a3deba03-ffe7-4d5f-b81f-0cb8f398f916|127.0.0.1:15468, ff005283-6149-44cc-9e6b-88eb174549f2|127.0.0.1:15459]|listeners:[], old=null, confs=<EMPTY_MAP>
2024-04-29 10:07:05,574 [023796c2-f42d-4d4c-8c53-1144d6bee25f-groupManagement] INFO  server.RaftServerConfigKeys (ConfUtils.java:logGet(46)) - raft.server.notification.no-leader.timeout = 300000ms (custom)
2024-04-29 10:07:05,574 [023796c2-f42d-4d4c-8c53-1144d6bee25f-groupManagement] INFO  server.RaftServerConfigKeys (ConfUtils.java:logGet(46)) - raft.server.read.timeout = 10s (default)
2024-04-29 10:07:05,574 [023796c2-f42d-4d4c-8c53-1144d6bee25f-groupManagement] INFO  server.RaftServerConfigKeys (ConfUtils.java:logGet(46)) - raft.server.retrycache.expirytime = 600000ms (custom)
2024-04-29 10:07:05,574 [023796c2-f42d-4d4c-8c53-1144d6bee25f-groupManagement] INFO  server.RaftServerConfigKeys (ConfUtils.java:logGet(46)) - raft.server.retrycache.statistics.expirytime = 100ms (default)
2024-04-29 10:07:05,574 [023796c2-f42d-4d4c-8c53-1144d6bee25f-groupManagement] INFO  server.RaftServerConfigKeys (ConfUtils.java:logGet(46)) - raft.server.read.option = DEFAULT (default)
2024-04-29 10:07:05,575 [023796c2-f42d-4d4c-8c53-1144d6bee25f-groupManagement] INFO  server.RaftServerConfigKeys (ConfUtils.java:logGet(46)) - raft.server.read.read-after-write-consistent.write-index-cache.expiry-time = 60s (default)
2024-04-29 10:07:05,576 [023796c2-f42d-4d4c-8c53-1144d6bee25f-groupManagement] INFO  server.RaftServerConfigKeys (ConfUtils.java:logGet(46)) - raft.server.rpc.request.timeout = 3000ms (default)
2024-04-29 10:07:05,576 [023796c2-f42d-4d4c-8c53-1144d6bee25f-groupManagement] INFO  server.RaftServerConfigKeys (ConfUtils.java:logGet(46)) - raft.server.log.appender.install.snapshot.enabled = false (custom)
2024-04-29 10:07:05,576 [023796c2-f42d-4d4c-8c53-1144d6bee25f-groupManagement] INFO  server.RaftServerConfigKeys (ConfUtils.java:logGet(46)) - raft.server.threadpool.server.cached = true (default)
2024-04-29 10:07:05,576 [023796c2-f42d-4d4c-8c53-1144d6bee25f-groupManagement] INFO  server.RaftServerConfigKeys (ConfUtils.java:logGet(46)) - raft.server.threadpool.server.size = 0 (default)
2024-04-29 10:07:05,576 [023796c2-f42d-4d4c-8c53-1144d6bee25f-groupManagement] INFO  server.RaftServerConfigKeys (ConfUtils.java:logGet(46)) - raft.server.threadpool.client.cached = true (default)
2024-04-29 10:07:05,576 [023796c2-f42d-4d4c-8c53-1144d6bee25f-groupManagement] INFO  server.RaftServerConfigKeys (ConfUtils.java:logGet(46)) - raft.server.threadpool.client.size = 0 (default)
2024-04-29 10:07:05,576 [023796c2-f42d-4d4c-8c53-1144d6bee25f-groupManagement] INFO  server.RaftServerConfigKeys (ConfUtils.java:logGet(46)) - raft.server.storage.free-space.min = 0MB (=0) (default)
2024-04-29 10:07:05,576 [023796c2-f42d-4d4c-8c53-1144d6bee25f-groupManagement] INFO  server.RaftServerConfigKeys (ConfUtils.java:logGet(46)) - raft.server.log.corruption.policy = EXCEPTION (default)
2024-04-29 10:07:05,576 [023796c2-f42d-4d4c-8c53-1144d6bee25f-groupManagement] INFO  server.RaftServerConfigKeys (ConfUtils.java:logGet(46)) - raft.server.storage.dir = [/home/runner/work/ozone/ozone/hadoop-ozone/integration-test/target/test-dir/MiniOzoneClusterImpl-9e79b078-2218-4abd-b04c-a65fc7f927a6/ozone-meta/datanode-3/ratis] (custom)
2024-04-29 10:07:05,577 [023796c2-f42d-4d4c-8c53-1144d6bee25f-groupManagement] INFO  storage.RaftStorageDirectory (RaftStorageDirectoryImpl.java:analyzeStorage(138)) - The storage directory /home/runner/work/ozone/ozone/hadoop-ozone/integration-test/target/test-dir/MiniOzoneClusterImpl-9e79b078-2218-4abd-b04c-a65fc7f927a6/ozone-meta/datanode-3/ratis/c918cea1-a9aa-4f84-8425-cfff5d2a65b7 does not exist. Creating ...
2024-04-29 10:07:05,577 [023796c2-f42d-4d4c-8c53-1144d6bee25f-groupManagement] INFO  storage.RaftStorageDirectory (RaftStorageDirectoryImpl.java:tryLock(228)) - Lock on /home/runner/work/ozone/ozone/hadoop-ozone/integration-test/target/test-dir/MiniOzoneClusterImpl-9e79b078-2218-4abd-b04c-a65fc7f927a6/ozone-meta/datanode-3/ratis/c918cea1-a9aa-4f84-8425-cfff5d2a65b7/in_use.lock acquired by nodename 20825@fv-az913-54
2024-04-29 10:07:05,578 [023796c2-f42d-4d4c-8c53-1144d6bee25f-groupManagement] INFO  storage.RaftStorage (RaftStorageImpl.java:format(99)) - Storage directory /home/runner/work/ozone/ozone/hadoop-ozone/integration-test/target/test-dir/MiniOzoneClusterImpl-9e79b078-2218-4abd-b04c-a65fc7f927a6/ozone-meta/datanode-3/ratis/c918cea1-a9aa-4f84-8425-cfff5d2a65b7 has been successfully formatted.
2024-04-29 10:07:05,578 [023796c2-f42d-4d4c-8c53-1144d6bee25f-groupManagement] WARN  util.FileUtils (LogUtils.java:supplyAndLog(63)) - Failed to Files.newInputStream /home/runner/work/ozone/ozone/hadoop-ozone/integration-test/target/test-dir/MiniOzoneClusterImpl-9e79b078-2218-4abd-b04c-a65fc7f927a6/ozone-meta/datanode-3/ratis/c918cea1-a9aa-4f84-8425-cfff5d2a65b7/current/raft-meta.conf with options []: java.nio.file.NoSuchFileException: /home/runner/work/ozone/ozone/hadoop-ozone/integration-test/target/test-dir/MiniOzoneClusterImpl-9e79b078-2218-4abd-b04c-a65fc7f927a6/ozone-meta/datanode-3/ratis/c918cea1-a9aa-4f84-8425-cfff5d2a65b7/current/raft-meta.conf
2024-04-29 10:07:05,579 [023796c2-f42d-4d4c-8c53-1144d6bee25f-groupManagement] INFO  ratis.ContainerStateMachine (ContainerStateMachine.java:loadSnapshot(287)) - group-CFFF5D2A65B7: The snapshot info is null. Setting the last applied index to:(t:0, i:~)
2024-04-29 10:07:05,579 [023796c2-f42d-4d4c-8c53-1144d6bee25f-groupManagement] INFO  server.RaftServerConfigKeys (ConfUtils.java:logGet(46)) - raft.server.log.use.memory = false (default)
2024-04-29 10:07:05,579 [023796c2-f42d-4d4c-8c53-1144d6bee25f-groupManagement] INFO  server.RaftServerConfigKeys (ConfUtils.java:logGet(46)) - raft.server.log.purge.gap = 1000000 (custom)
2024-04-29 10:07:05,579 [023796c2-f42d-4d4c-8c53-1144d6bee25f-groupManagement] INFO  server.RaftServerConfigKeys (ConfUtils.java:logGet(46)) - raft.server.log.appender.buffer.byte-limit = 8388608 (custom)
2024-04-29 10:07:05,579 [023796c2-f42d-4d4c-8c53-1144d6bee25f-groupManagement] INFO  server.RaftServerConfigKeys (ConfUtils.java:logGet(46)) - raft.server.log.statemachine.data.read.timeout = 1000ms (default)
2024-04-29 10:07:05,579 [023796c2-f42d-4d4c-8c53-1144d6bee25f-groupManagement] INFO  server.RaftServerConfigKeys (ConfUtils.java:logGet(46)) - raft.server.log.purge.preservation.log.num = 0 (default)
2024-04-29 10:07:05,579 [a3deba03-ffe7-4d5f-b81f-0cb8f398f916-groupManagement] INFO  server.RaftServer$Division (RaftServerImpl.java:<init>(256)) - a3deba03-ffe7-4d5f-b81f-0cb8f398f916: new RaftServerImpl for group-CC65C46A3609:[a3deba03-ffe7-4d5f-b81f-0cb8f398f916|127.0.0.1:15468] with ContainerStateMachine:uninitialized
2024-04-29 10:07:05,579 [a3deba03-ffe7-4d5f-b81f-0cb8f398f916-groupManagement] INFO  server.RaftServerConfigKeys (ConfUtils.java:logGet(46)) - raft.server.rpc.timeout.min = 5s (custom)
2024-04-29 10:07:05,579 [a3deba03-ffe7-4d5f-b81f-0cb8f398f916-groupManagement] INFO  server.RaftServerConfigKeys (ConfUtils.java:logGet(46)) - raft.server.rpc.timeout.max = 5200ms (custom)
2024-04-29 10:07:05,579 [a3deba03-ffe7-4d5f-b81f-0cb8f398f916-groupManagement] INFO  server.RaftServerConfigKeys (ConfUtils.java:logGet(46)) - raft.server.rpc.sleep.time = 25ms (default)
2024-04-29 10:07:05,579 [a3deba03-ffe7-4d5f-b81f-0cb8f398f916-groupManagement] INFO  server.RaftServerConfigKeys (ConfUtils.java:logGet(46)) - raft.server.rpc.slowness.timeout = 300000ms (custom)
2024-04-29 10:07:05,579 [a3deba03-ffe7-4d5f-b81f-0cb8f398f916-groupManagement] INFO  server.RaftServerConfigKeys (ConfUtils.java:logGet(46)) - raft.server.leaderelection.leader.step-down.wait-time = 10s (default)
2024-04-29 10:07:05,579 [a3deba03-ffe7-4d5f-b81f-0cb8f398f916-groupManagement] INFO  server.RaftServerConfigKeys (ConfUtils.java:logGet(46)) - raft.server.leaderelection.member.majority-add = false (default)
2024-04-29 10:07:05,579 [a3deba03-ffe7-4d5f-b81f-0cb8f398f916-groupManagement] INFO  server.RaftServerConfigKeys (ConfUtils.java:logGet(46)) - raft.server.sleep.deviation.threshold = 300ms (default)
2024-04-29 10:07:05,579 [a3deba03-ffe7-4d5f-b81f-0cb8f398f916-groupManagement] INFO  server.RaftServer$Division (ServerState.java:<init>(113)) - a3deba03-ffe7-4d5f-b81f-0cb8f398f916@group-CC65C46A3609: ConfigurationManager, init=-1: peers:[a3deba03-ffe7-4d5f-b81f-0cb8f398f916|127.0.0.1:15468]|listeners:[], old=null, confs=<EMPTY_MAP>
2024-04-29 10:07:05,580 [a3deba03-ffe7-4d5f-b81f-0cb8f398f916-groupManagement] INFO  server.RaftServerConfigKeys (ConfUtils.java:logGet(46)) - raft.server.notification.no-leader.timeout = 300000ms (custom)
2024-04-29 10:07:05,580 [a3deba03-ffe7-4d5f-b81f-0cb8f398f916-groupManagement] INFO  server.RaftServerConfigKeys (ConfUtils.java:logGet(46)) - raft.server.read.timeout = 10s (default)
2024-04-29 10:07:05,580 [a3deba03-ffe7-4d5f-b81f-0cb8f398f916-groupManagement] INFO  server.RaftServerConfigKeys (ConfUtils.java:logGet(46)) - raft.server.retrycache.expirytime = 600000ms (custom)
2024-04-29 10:07:05,580 [a3deba03-ffe7-4d5f-b81f-0cb8f398f916-groupManagement] INFO  server.RaftServerConfigKeys (ConfUtils.java:logGet(46)) - raft.server.retrycache.statistics.expirytime = 100ms (default)
2024-04-29 10:07:05,580 [a3deba03-ffe7-4d5f-b81f-0cb8f398f916-groupManagement] INFO  server.RaftServerConfigKeys (ConfUtils.java:logGet(46)) - raft.server.read.option = DEFAULT (default)
2024-04-29 10:07:05,580 [a3deba03-ffe7-4d5f-b81f-0cb8f398f916-groupManagement] INFO  server.RaftServerConfigKeys (ConfUtils.java:logGet(46)) - raft.server.read.read-after-write-consistent.write-index-cache.expiry-time = 60s (default)
2024-04-29 10:07:05,580 [a3deba03-ffe7-4d5f-b81f-0cb8f398f916-PipelineCommandHandlerThread-0] INFO  server.RaftServer (RaftServerProxy.java:addNew(100)) - a3deba03-ffe7-4d5f-b81f-0cb8f398f916: addNew group-CC65C46A3609:[a3deba03-ffe7-4d5f-b81f-0cb8f398f916|127.0.0.1:15468] returns group-CC65C46A3609:java.util.concurrent.CompletableFuture@28a3b2c1[Not completed]
2024-04-29 10:07:05,582 [a3deba03-ffe7-4d5f-b81f-0cb8f398f916-groupManagement] INFO  server.RaftServerConfigKeys (ConfUtils.java:logGet(46)) - raft.server.rpc.request.timeout = 3000ms (default)
2024-04-29 10:07:05,582 [a3deba03-ffe7-4d5f-b81f-0cb8f398f916-groupManagement] INFO  server.RaftServerConfigKeys (ConfUtils.java:logGet(46)) - raft.server.log.appender.install.snapshot.enabled = false (custom)
2024-04-29 10:07:05,582 [023796c2-f42d-4d4c-8c53-1144d6bee25f-groupManagement] INFO  server.RaftServerConfigKeys (ConfUtils.java:logGet(46)) - raft.server.log.segment.size.max = 67108864 (custom)
2024-04-29 10:07:05,582 [a3deba03-ffe7-4d5f-b81f-0cb8f398f916-groupManagement] INFO  server.RaftServerConfigKeys (ConfUtils.java:logGet(46)) - raft.server.threadpool.server.cached = true (default)
2024-04-29 10:07:05,582 [a3deba03-ffe7-4d5f-b81f-0cb8f398f916-groupManagement] INFO  server.RaftServerConfigKeys (ConfUtils.java:logGet(46)) - raft.server.threadpool.server.size = 0 (default)
2024-04-29 10:07:05,582 [a3deba03-ffe7-4d5f-b81f-0cb8f398f916-groupManagement] INFO  server.RaftServerConfigKeys (ConfUtils.java:logGet(46)) - raft.server.threadpool.client.cached = true (default)
2024-04-29 10:07:05,582 [a3deba03-ffe7-4d5f-b81f-0cb8f398f916-groupManagement] INFO  server.RaftServerConfigKeys (ConfUtils.java:logGet(46)) - raft.server.threadpool.client.size = 0 (default)
2024-04-29 10:07:05,582 [a3deba03-ffe7-4d5f-b81f-0cb8f398f916-groupManagement] INFO  server.RaftServerConfigKeys (ConfUtils.java:logGet(46)) - raft.server.storage.free-space.min = 0MB (=0) (default)
2024-04-29 10:07:05,582 [a3deba03-ffe7-4d5f-b81f-0cb8f398f916-groupManagement] INFO  server.RaftServerConfigKeys (ConfUtils.java:logGet(46)) - raft.server.log.corruption.policy = EXCEPTION (default)
2024-04-29 10:07:05,582 [023796c2-f42d-4d4c-8c53-1144d6bee25f-groupManagement] INFO  server.RaftServerConfigKeys (ConfUtils.java:logGet(46)) - raft.server.log.segment.cache.num.max = 2 (custom)
2024-04-29 10:07:05,582 [023796c2-f42d-4d4c-8c53-1144d6bee25f-groupManagement] INFO  server.RaftServerConfigKeys (ConfUtils.java:logGet(46)) - raft.server.log.segment.cache.size.max = 200MB (=209715200) (default)
2024-04-29 10:07:05,582 [023796c2-f42d-4d4c-8c53-1144d6bee25f-groupManagement] INFO  server.RaftServerConfigKeys (ConfUtils.java:logGet(46)) - raft.server.log.appender.buffer.byte-limit = 8388608 (custom)
2024-04-29 10:07:05,582 [a3deba03-ffe7-4d5f-b81f-0cb8f398f916-groupManagement] INFO  server.RaftServerConfigKeys (ConfUtils.java:logGet(46)) - raft.server.storage.dir = [/home/runner/work/ozone/ozone/hadoop-ozone/integration-test/target/test-dir/MiniOzoneClusterImpl-9e79b078-2218-4abd-b04c-a65fc7f927a6/ozone-meta/datanode-2/ratis] (custom)
2024-04-29 10:07:05,582 [023796c2-f42d-4d4c-8c53-1144d6bee25f-groupManagement] INFO  util.AwaitToRun (AwaitToRun.java:start(81)) - Thread[023796c2-f42d-4d4c-8c53-1144d6bee25f@group-CFFF5D2A65B7-cacheEviction-AwaitToRun,5,main] started
2024-04-29 10:07:05,582 [a3deba03-ffe7-4d5f-b81f-0cb8f398f916-groupManagement] INFO  storage.RaftStorageDirectory (RaftStorageDirectoryImpl.java:analyzeStorage(138)) - The storage directory /home/runner/work/ozone/ozone/hadoop-ozone/integration-test/target/test-dir/MiniOzoneClusterImpl-9e79b078-2218-4abd-b04c-a65fc7f927a6/ozone-meta/datanode-2/ratis/42041f5e-2e61-4afc-88fc-cc65c46a3609 does not exist. Creating ...
2024-04-29 10:07:05,582 [023796c2-f42d-4d4c-8c53-1144d6bee25f-groupManagement] INFO  segmented.SegmentedRaftLogWorker (SegmentedRaftLogWorker.java:<init>(182)) - new 023796c2-f42d-4d4c-8c53-1144d6bee25f@group-CFFF5D2A65B7-SegmentedRaftLogWorker for RaftStorageImpl:Storage Directory /home/runner/work/ozone/ozone/hadoop-ozone/integration-test/target/test-dir/MiniOzoneClusterImpl-9e79b078-2218-4abd-b04c-a65fc7f927a6/ozone-meta/datanode-3/ratis/c918cea1-a9aa-4f84-8425-cfff5d2a65b7
2024-04-29 10:07:05,582 [023796c2-f42d-4d4c-8c53-1144d6bee25f-groupManagement] INFO  server.RaftServerConfigKeys (ConfUtils.java:logGet(46)) - raft.server.log.queue.byte-limit = 4294967296 (custom)
2024-04-29 10:07:05,582 [023796c2-f42d-4d4c-8c53-1144d6bee25f-groupManagement] INFO  server.RaftServerConfigKeys (ConfUtils.java:logGet(46)) - raft.server.log.queue.element-limit = 1024 (custom)
2024-04-29 10:07:05,582 [023796c2-f42d-4d4c-8c53-1144d6bee25f-groupManagement] INFO  server.RaftServerConfigKeys (ConfUtils.java:logGet(46)) - raft.server.log.segment.size.max = 67108864 (custom)
2024-04-29 10:07:05,582 [023796c2-f42d-4d4c-8c53-1144d6bee25f-groupManagement] INFO  server.RaftServerConfigKeys (ConfUtils.java:logGet(46)) - raft.server.log.preallocated.size = 4194304 (custom)
2024-04-29 10:07:05,582 [023796c2-f42d-4d4c-8c53-1144d6bee25f-groupManagement] INFO  server.RaftServerConfigKeys (ConfUtils.java:logGet(46)) - raft.server.log.force.sync.num = 128 (default)
2024-04-29 10:07:05,582 [023796c2-f42d-4d4c-8c53-1144d6bee25f-groupManagement] INFO  server.RaftServerConfigKeys (ConfUtils.java:logGet(46)) - raft.server.log.statemachine.data.sync = true (default)
2024-04-29 10:07:05,582 [023796c2-f42d-4d4c-8c53-1144d6bee25f-groupManagement] INFO  server.RaftServerConfigKeys (ConfUtils.java:logGet(46)) - raft.server.log.statemachine.data.sync.timeout = 10s (default)
2024-04-29 10:07:05,583 [023796c2-f42d-4d4c-8c53-1144d6bee25f-groupManagement] INFO  server.RaftServerConfigKeys (ConfUtils.java:logGet(46)) - raft.server.log.statemachine.data.sync.timeout.retry = 30 (custom)
2024-04-29 10:07:05,583 [023796c2-f42d-4d4c-8c53-1144d6bee25f-groupManagement] INFO  server.RaftServerConfigKeys (ConfUtils.java:logGet(46)) - raft.server.log.write.buffer.size = 8388616 (custom)
2024-04-29 10:07:05,583 [a3deba03-ffe7-4d5f-b81f-0cb8f398f916-groupManagement] INFO  storage.RaftStorageDirectory (RaftStorageDirectoryImpl.java:tryLock(228)) - Lock on /home/runner/work/ozone/ozone/hadoop-ozone/integration-test/target/test-dir/MiniOzoneClusterImpl-9e79b078-2218-4abd-b04c-a65fc7f927a6/ozone-meta/datanode-2/ratis/42041f5e-2e61-4afc-88fc-cc65c46a3609/in_use.lock acquired by nodename 20825@fv-az913-54
2024-04-29 10:07:05,584 [023796c2-f42d-4d4c-8c53-1144d6bee25f-groupManagement] INFO  server.RaftServerConfigKeys (ConfUtils.java:logGet(46)) - raft.server.log.appender.buffer.byte-limit = 8388608 (custom)
2024-04-29 10:07:05,584 [023796c2-f42d-4d4c-8c53-1144d6bee25f-groupManagement] INFO  server.RaftServerConfigKeys (ConfUtils.java:logGet(46)) - raft.server.log.unsafe-flush.enabled = false (default)
2024-04-29 10:07:05,584 [023796c2-f42d-4d4c-8c53-1144d6bee25f-groupManagement] INFO  server.RaftServerConfigKeys (ConfUtils.java:logGet(46)) - raft.server.log.async-flush.enabled = false (default)
2024-04-29 10:07:05,584 [023796c2-f42d-4d4c-8c53-1144d6bee25f-groupManagement] INFO  server.RaftServerConfigKeys (ConfUtils.java:logGet(46)) - raft.server.log.statemachine.data.caching.enabled = true (custom)
2024-04-29 10:07:05,584 [a3deba03-ffe7-4d5f-b81f-0cb8f398f916-groupManagement] INFO  storage.RaftStorage (RaftStorageImpl.java:format(99)) - Storage directory /home/runner/work/ozone/ozone/hadoop-ozone/integration-test/target/test-dir/MiniOzoneClusterImpl-9e79b078-2218-4abd-b04c-a65fc7f927a6/ozone-meta/datanode-2/ratis/42041f5e-2e61-4afc-88fc-cc65c46a3609 has been successfully formatted.
2024-04-29 10:07:05,584 [023796c2-f42d-4d4c-8c53-1144d6bee25f-groupManagement] INFO  segmented.SegmentedRaftLogWorker (SegmentedRaftLogWorker.java:lambda$new$0(134)) - 023796c2-f42d-4d4c-8c53-1144d6bee25f@group-CFFF5D2A65B7-SegmentedRaftLogWorker: flushIndex: setUnconditionally 0 -> -1
2024-04-29 10:07:05,584 [023796c2-f42d-4d4c-8c53-1144d6bee25f-groupManagement] INFO  segmented.SegmentedRaftLogWorker (SegmentedRaftLogWorker.java:lambda$new$0(134)) - 023796c2-f42d-4d4c-8c53-1144d6bee25f@group-CFFF5D2A65B7-SegmentedRaftLogWorker: safeCacheEvictIndex: setUnconditionally 0 -> -1
2024-04-29 10:07:05,584 [a3deba03-ffe7-4d5f-b81f-0cb8f398f916-groupManagement] WARN  util.FileUtils (LogUtils.java:supplyAndLog(63)) - Failed to Files.newInputStream /home/runner/work/ozone/ozone/hadoop-ozone/integration-test/target/test-dir/MiniOzoneClusterImpl-9e79b078-2218-4abd-b04c-a65fc7f927a6/ozone-meta/datanode-2/ratis/42041f5e-2e61-4afc-88fc-cc65c46a3609/current/raft-meta.conf with options []: java.nio.file.NoSuchFileException: /home/runner/work/ozone/ozone/hadoop-ozone/integration-test/target/test-dir/MiniOzoneClusterImpl-9e79b078-2218-4abd-b04c-a65fc7f927a6/ozone-meta/datanode-2/ratis/42041f5e-2e61-4afc-88fc-cc65c46a3609/current/raft-meta.conf
2024-04-29 10:07:05,585 [023796c2-f42d-4d4c-8c53-1144d6bee25f-groupManagement] INFO  server.RaftServer$Division (RaftServerImpl.java:start(396)) - 023796c2-f42d-4d4c-8c53-1144d6bee25f@group-CFFF5D2A65B7: start as a follower, conf=-1: peers:[023796c2-f42d-4d4c-8c53-1144d6bee25f|127.0.0.1:15477, a3deba03-ffe7-4d5f-b81f-0cb8f398f916|127.0.0.1:15468, ff005283-6149-44cc-9e6b-88eb174549f2|127.0.0.1:15459]|listeners:[], old=null
2024-04-29 10:07:05,585 [023796c2-f42d-4d4c-8c53-1144d6bee25f-groupManagement] INFO  server.RaftServer$Division (RaftServerImpl.java:setRole(383)) - 023796c2-f42d-4d4c-8c53-1144d6bee25f@group-CFFF5D2A65B7: changes role from      null to FOLLOWER at term 0 for startAsFollower
2024-04-29 10:07:05,585 [a3deba03-ffe7-4d5f-b81f-0cb8f398f916-groupManagement] INFO  ratis.ContainerStateMachine (ContainerStateMachine.java:loadSnapshot(287)) - group-CC65C46A3609: The snapshot info is null. Setting the last applied index to:(t:0, i:~)
2024-04-29 10:07:05,585 [023796c2-f42d-4d4c-8c53-1144d6bee25f-groupManagement] INFO  impl.RoleInfo (RoleInfo.java:updateAndGet(139)) - 023796c2-f42d-4d4c-8c53-1144d6bee25f: start 023796c2-f42d-4d4c-8c53-1144d6bee25f@group-CFFF5D2A65B7-FollowerState
2024-04-29 10:07:05,585 [a3deba03-ffe7-4d5f-b81f-0cb8f398f916-groupManagement] INFO  server.RaftServerConfigKeys (ConfUtils.java:logGet(46)) - raft.server.log.use.memory = false (default)
2024-04-29 10:07:05,585 [a3deba03-ffe7-4d5f-b81f-0cb8f398f916-groupManagement] INFO  server.RaftServerConfigKeys (ConfUtils.java:logGet(46)) - raft.server.log.purge.gap = 1000000 (custom)
2024-04-29 10:07:05,585 [a3deba03-ffe7-4d5f-b81f-0cb8f398f916-groupManagement] INFO  server.RaftServerConfigKeys (ConfUtils.java:logGet(46)) - raft.server.log.appender.buffer.byte-limit = 8388608 (custom)
2024-04-29 10:07:05,585 [a3deba03-ffe7-4d5f-b81f-0cb8f398f916-groupManagement] INFO  server.RaftServerConfigKeys (ConfUtils.java:logGet(46)) - raft.server.log.statemachine.data.read.timeout = 1000ms (default)
2024-04-29 10:07:05,585 [a3deba03-ffe7-4d5f-b81f-0cb8f398f916-groupManagement] INFO  server.RaftServerConfigKeys (ConfUtils.java:logGet(46)) - raft.server.log.purge.preservation.log.num = 0 (default)
2024-04-29 10:07:05,585 [023796c2-f42d-4d4c-8c53-1144d6bee25f-groupManagement] INFO  util.JmxRegister (JmxRegister.java:tryRegister(44)) - Successfully registered JMX Bean with object name Ratis:service=RaftServer,group=group-CFFF5D2A65B7,id=023796c2-f42d-4d4c-8c53-1144d6bee25f
2024-04-29 10:07:05,585 [023796c2-f42d-4d4c-8c53-1144d6bee25f-groupManagement] INFO  server.RaftServerConfigKeys (ConfUtils.java:logGet(46)) - raft.server.snapshot.trigger-when-stop.enabled = true (default)
2024-04-29 10:07:05,585 [023796c2-f42d-4d4c-8c53-1144d6bee25f-groupManagement] INFO  server.RaftServerConfigKeys (ConfUtils.java:logGet(46)) - raft.server.snapshot.auto.trigger.enabled = true (custom)
2024-04-29 10:07:05,585 [023796c2-f42d-4d4c-8c53-1144d6bee25f-groupManagement] INFO  server.RaftServerConfigKeys (ConfUtils.java:logGet(46)) - raft.server.snapshot.auto.trigger.threshold = 10000 (custom)
2024-04-29 10:07:05,585 [EventQueue-PipelineReportForPipelineReportHandler] INFO  pipeline.PipelineReportHandler (PipelineReportHandler.java:processPipelineReport(136)) - Opened pipeline PipelineID=42041f5e-2e61-4afc-88fc-cc65c46a3609
2024-04-29 10:07:05,586 [023796c2-f42d-4d4c-8c53-1144d6bee25f@group-CFFF5D2A65B7-FollowerState] INFO  server.RaftServerConfigKeys (ConfUtils.java:logFallback(53)) - raft.server.rpc.first-election.timeout.min = 5s (fallback to raft.server.rpc.timeout.min)
2024-04-29 10:07:05,586 [023796c2-f42d-4d4c-8c53-1144d6bee25f@group-CFFF5D2A65B7-FollowerState] INFO  server.RaftServerConfigKeys (ConfUtils.java:logFallback(53)) - raft.server.rpc.first-election.timeout.max = 5200ms (fallback to raft.server.rpc.timeout.max)
2024-04-29 10:07:05,585 [023796c2-f42d-4d4c-8c53-1144d6bee25f-groupManagement] INFO  server.RaftServerConfigKeys (ConfUtils.java:logGet(46)) - raft.server.snapshot.retention.file.num = 5 (custom)
2024-04-29 10:07:05,586 [EventQueue-OpenPipelineForHealthyPipelineSafeModeRule] INFO  safemode.SCMSafeModeManager (HealthyPipelineSafeModeRule.java:process(140)) - SCM in safe mode. Healthy pipelines reported count is 0, required healthy pipeline reported count is 1
2024-04-29 10:07:05,586 [023796c2-f42d-4d4c-8c53-1144d6bee25f-groupManagement] INFO  server.RaftServerConfigKeys (ConfUtils.java:logGet(46)) - raft.server.log.purge.upto.snapshot.index = false (default)
2024-04-29 10:07:05,590 [a3deba03-ffe7-4d5f-b81f-0cb8f398f916-groupManagement] INFO  server.RaftServerConfigKeys (ConfUtils.java:logGet(46)) - raft.server.log.segment.size.max = 67108864 (custom)
2024-04-29 10:07:05,591 [a3deba03-ffe7-4d5f-b81f-0cb8f398f916-groupManagement] INFO  server.RaftServerConfigKeys (ConfUtils.java:logGet(46)) - raft.server.log.segment.cache.num.max = 2 (custom)
2024-04-29 10:07:05,591 [a3deba03-ffe7-4d5f-b81f-0cb8f398f916-groupManagement] INFO  server.RaftServerConfigKeys (ConfUtils.java:logGet(46)) - raft.server.log.segment.cache.size.max = 200MB (=209715200) (default)
2024-04-29 10:07:05,591 [a3deba03-ffe7-4d5f-b81f-0cb8f398f916-groupManagement] INFO  server.RaftServerConfigKeys (ConfUtils.java:logGet(46)) - raft.server.log.appender.buffer.byte-limit = 8388608 (custom)
2024-04-29 10:07:05,593 [a3deba03-ffe7-4d5f-b81f-0cb8f398f916-groupManagement] INFO  util.AwaitToRun (AwaitToRun.java:start(81)) - Thread[a3deba03-ffe7-4d5f-b81f-0cb8f398f916@group-CC65C46A3609-cacheEviction-AwaitToRun,5,main] started
2024-04-29 10:07:05,593 [a3deba03-ffe7-4d5f-b81f-0cb8f398f916-groupManagement] INFO  segmented.SegmentedRaftLogWorker (SegmentedRaftLogWorker.java:<init>(182)) - new a3deba03-ffe7-4d5f-b81f-0cb8f398f916@group-CC65C46A3609-SegmentedRaftLogWorker for RaftStorageImpl:Storage Directory /home/runner/work/ozone/ozone/hadoop-ozone/integration-test/target/test-dir/MiniOzoneClusterImpl-9e79b078-2218-4abd-b04c-a65fc7f927a6/ozone-meta/datanode-2/ratis/42041f5e-2e61-4afc-88fc-cc65c46a3609
2024-04-29 10:07:05,593 [a3deba03-ffe7-4d5f-b81f-0cb8f398f916-groupManagement] INFO  server.RaftServerConfigKeys (ConfUtils.java:logGet(46)) - raft.server.log.queue.byte-limit = 4294967296 (custom)
2024-04-29 10:07:05,593 [a3deba03-ffe7-4d5f-b81f-0cb8f398f916-groupManagement] INFO  server.RaftServerConfigKeys (ConfUtils.java:logGet(46)) - raft.server.log.queue.element-limit = 1024 (custom)
2024-04-29 10:07:05,594 [a3deba03-ffe7-4d5f-b81f-0cb8f398f916-groupManagement] INFO  server.RaftServerConfigKeys (ConfUtils.java:logGet(46)) - raft.server.log.segment.size.max = 67108864 (custom)
2024-04-29 10:07:05,594 [a3deba03-ffe7-4d5f-b81f-0cb8f398f916-groupManagement] INFO  server.RaftServerConfigKeys (ConfUtils.java:logGet(46)) - raft.server.log.preallocated.size = 4194304 (custom)
2024-04-29 10:07:05,594 [a3deba03-ffe7-4d5f-b81f-0cb8f398f916-groupManagement] INFO  server.RaftServerConfigKeys (ConfUtils.java:logGet(46)) - raft.server.log.force.sync.num = 128 (default)
2024-04-29 10:07:05,594 [a3deba03-ffe7-4d5f-b81f-0cb8f398f916-groupManagement] INFO  server.RaftServerConfigKeys (ConfUtils.java:logGet(46)) - raft.server.log.statemachine.data.sync = true (default)
2024-04-29 10:07:05,594 [a3deba03-ffe7-4d5f-b81f-0cb8f398f916-groupManagement] INFO  server.RaftServerConfigKeys (ConfUtils.java:logGet(46)) - raft.server.log.statemachine.data.sync.timeout = 10s (default)
2024-04-29 10:07:05,594 [a3deba03-ffe7-4d5f-b81f-0cb8f398f916-groupManagement] INFO  server.RaftServerConfigKeys (ConfUtils.java:logGet(46)) - raft.server.log.statemachine.data.sync.timeout.retry = 30 (custom)
2024-04-29 10:07:05,594 [a3deba03-ffe7-4d5f-b81f-0cb8f398f916-groupManagement] INFO  server.RaftServerConfigKeys (ConfUtils.java:logGet(46)) - raft.server.log.write.buffer.size = 8388616 (custom)
2024-04-29 10:07:05,595 [a3deba03-ffe7-4d5f-b81f-0cb8f398f916-groupManagement] INFO  server.RaftServerConfigKeys (ConfUtils.java:logGet(46)) - raft.server.log.appender.buffer.byte-limit = 8388608 (custom)
2024-04-29 10:07:05,595 [a3deba03-ffe7-4d5f-b81f-0cb8f398f916-groupManagement] INFO  server.RaftServerConfigKeys (ConfUtils.java:logGet(46)) - raft.server.log.unsafe-flush.enabled = false (default)
2024-04-29 10:07:05,595 [a3deba03-ffe7-4d5f-b81f-0cb8f398f916-groupManagement] INFO  server.RaftServerConfigKeys (ConfUtils.java:logGet(46)) - raft.server.log.async-flush.enabled = false (default)
2024-04-29 10:07:05,595 [a3deba03-ffe7-4d5f-b81f-0cb8f398f916-groupManagement] INFO  server.RaftServerConfigKeys (ConfUtils.java:logGet(46)) - raft.server.log.statemachine.data.caching.enabled = true (custom)
2024-04-29 10:07:05,595 [a3deba03-ffe7-4d5f-b81f-0cb8f398f916-groupManagement] INFO  segmented.SegmentedRaftLogWorker (SegmentedRaftLogWorker.java:lambda$new$0(134)) - a3deba03-ffe7-4d5f-b81f-0cb8f398f916@group-CC65C46A3609-SegmentedRaftLogWorker: flushIndex: setUnconditionally 0 -> -1
2024-04-29 10:07:05,595 [a3deba03-ffe7-4d5f-b81f-0cb8f398f916-groupManagement] INFO  segmented.SegmentedRaftLogWorker (SegmentedRaftLogWorker.java:lambda$new$0(134)) - a3deba03-ffe7-4d5f-b81f-0cb8f398f916@group-CC65C46A3609-SegmentedRaftLogWorker: safeCacheEvictIndex: setUnconditionally 0 -> -1
2024-04-29 10:07:05,597 [a3deba03-ffe7-4d5f-b81f-0cb8f398f916-groupManagement] INFO  server.RaftServer$Division (RaftServerImpl.java:start(396)) - a3deba03-ffe7-4d5f-b81f-0cb8f398f916@group-CC65C46A3609: start as a follower, conf=-1: peers:[a3deba03-ffe7-4d5f-b81f-0cb8f398f916|127.0.0.1:15468]|listeners:[], old=null
2024-04-29 10:07:05,597 [a3deba03-ffe7-4d5f-b81f-0cb8f398f916-groupManagement] INFO  server.RaftServer$Division (RaftServerImpl.java:setRole(383)) - a3deba03-ffe7-4d5f-b81f-0cb8f398f916@group-CC65C46A3609: changes role from      null to FOLLOWER at term 0 for startAsFollower
2024-04-29 10:07:05,597 [a3deba03-ffe7-4d5f-b81f-0cb8f398f916-groupManagement] INFO  impl.RoleInfo (RoleInfo.java:updateAndGet(139)) - a3deba03-ffe7-4d5f-b81f-0cb8f398f916: start a3deba03-ffe7-4d5f-b81f-0cb8f398f916@group-CC65C46A3609-FollowerState
2024-04-29 10:07:05,597 [ff005283-6149-44cc-9e6b-88eb174549f2-PipelineCommandHandlerThread-0] INFO  commandhandler.CreatePipelineCommandHandler (CreatePipelineCommandHandler.java:lambda$handle$2(124)) - Created Pipeline RATIS THREE PipelineID=c918cea1-a9aa-4f84-8425-cfff5d2a65b7.
2024-04-29 10:07:05,597 [a3deba03-ffe7-4d5f-b81f-0cb8f398f916-groupManagement] INFO  util.JmxRegister (JmxRegister.java:tryRegister(44)) - Successfully registered JMX Bean with object name Ratis:service=RaftServer,group=group-CC65C46A3609,id=a3deba03-ffe7-4d5f-b81f-0cb8f398f916
2024-04-29 10:07:05,597 [a3deba03-ffe7-4d5f-b81f-0cb8f398f916-groupManagement] INFO  server.RaftServerConfigKeys (ConfUtils.java:logGet(46)) - raft.server.snapshot.trigger-when-stop.enabled = true (default)
2024-04-29 10:07:05,597 [a3deba03-ffe7-4d5f-b81f-0cb8f398f916-groupManagement] INFO  server.RaftServerConfigKeys (ConfUtils.java:logGet(46)) - raft.server.snapshot.auto.trigger.enabled = true (custom)
2024-04-29 10:07:05,597 [a3deba03-ffe7-4d5f-b81f-0cb8f398f916-groupManagement] INFO  server.RaftServerConfigKeys (ConfUtils.java:logGet(46)) - raft.server.snapshot.auto.trigger.threshold = 10000 (custom)
2024-04-29 10:07:05,597 [a3deba03-ffe7-4d5f-b81f-0cb8f398f916-groupManagement] INFO  server.RaftServerConfigKeys (ConfUtils.java:logGet(46)) - raft.server.snapshot.retention.file.num = 5 (custom)
2024-04-29 10:07:05,597 [a3deba03-ffe7-4d5f-b81f-0cb8f398f916-groupManagement] INFO  server.RaftServerConfigKeys (ConfUtils.java:logGet(46)) - raft.server.log.purge.upto.snapshot.index = false (default)
2024-04-29 10:07:05,598 [a3deba03-ffe7-4d5f-b81f-0cb8f398f916@group-CC65C46A3609-FollowerState] INFO  server.RaftServerConfigKeys (ConfUtils.java:logFallback(53)) - raft.server.rpc.first-election.timeout.min = 5s (fallback to raft.server.rpc.timeout.min)
2024-04-29 10:07:05,598 [a3deba03-ffe7-4d5f-b81f-0cb8f398f916-PipelineCommandHandlerThread-0] INFO  ratis.XceiverServerRatis (XceiverServerRatis.java:addGroup(864)) - Created group PipelineID=42041f5e-2e61-4afc-88fc-cc65c46a3609
2024-04-29 10:07:05,598 [a3deba03-ffe7-4d5f-b81f-0cb8f398f916@group-CC65C46A3609-FollowerState] INFO  server.RaftServerConfigKeys (ConfUtils.java:logFallback(53)) - raft.server.rpc.first-election.timeout.max = 5200ms (fallback to raft.server.rpc.timeout.max)
2024-04-29 10:07:05,598 [a3deba03-ffe7-4d5f-b81f-0cb8f398f916-PipelineCommandHandlerThread-0] INFO  commandhandler.CreatePipelineCommandHandler (CreatePipelineCommandHandler.java:lambda$handle$2(124)) - Created Pipeline RATIS ONE PipelineID=42041f5e-2e61-4afc-88fc-cc65c46a3609.
2024-04-29 10:07:05,629 [023796c2-f42d-4d4c-8c53-1144d6bee25f-PipelineCommandHandlerThread-0] INFO  server.RaftServer (RaftServerProxy.java:addNew(100)) - 023796c2-f42d-4d4c-8c53-1144d6bee25f: addNew group-92FDC0F9B532:[023796c2-f42d-4d4c-8c53-1144d6bee25f|127.0.0.1:15477] returns group-92FDC0F9B532:java.util.concurrent.CompletableFuture@37d552d5[Not completed]
2024-04-29 10:07:05,630 [023796c2-f42d-4d4c-8c53-1144d6bee25f-groupManagement] INFO  server.RaftServer$Division (RaftServerImpl.java:<init>(256)) - 023796c2-f42d-4d4c-8c53-1144d6bee25f: new RaftServerImpl for group-92FDC0F9B532:[023796c2-f42d-4d4c-8c53-1144d6bee25f|127.0.0.1:15477] with ContainerStateMachine:uninitialized
2024-04-29 10:07:05,630 [023796c2-f42d-4d4c-8c53-1144d6bee25f-groupManagement] INFO  server.RaftServerConfigKeys (ConfUtils.java:logGet(46)) - raft.server.rpc.timeout.min = 5s (custom)
2024-04-29 10:07:05,630 [023796c2-f42d-4d4c-8c53-1144d6bee25f-groupManagement] INFO  server.RaftServerConfigKeys (ConfUtils.java:logGet(46)) - raft.server.rpc.timeout.max = 5200ms (custom)
2024-04-29 10:07:05,630 [023796c2-f42d-4d4c-8c53-1144d6bee25f-groupManagement] INFO  server.RaftServerConfigKeys (ConfUtils.java:logGet(46)) - raft.server.rpc.sleep.time = 25ms (default)
2024-04-29 10:07:05,630 [023796c2-f42d-4d4c-8c53-1144d6bee25f-groupManagement] INFO  server.RaftServerConfigKeys (ConfUtils.java:logGet(46)) - raft.server.rpc.slowness.timeout = 300000ms (custom)
2024-04-29 10:07:05,630 [023796c2-f42d-4d4c-8c53-1144d6bee25f-groupManagement] INFO  server.RaftServerConfigKeys (ConfUtils.java:logGet(46)) - raft.server.leaderelection.leader.step-down.wait-time = 10s (default)
2024-04-29 10:07:05,630 [023796c2-f42d-4d4c-8c53-1144d6bee25f-groupManagement] INFO  server.RaftServerConfigKeys (ConfUtils.java:logGet(46)) - raft.server.leaderelection.member.majority-add = false (default)
2024-04-29 10:07:05,630 [023796c2-f42d-4d4c-8c53-1144d6bee25f-groupManagement] INFO  server.RaftServerConfigKeys (ConfUtils.java:logGet(46)) - raft.server.sleep.deviation.threshold = 300ms (default)
2024-04-29 10:07:05,630 [023796c2-f42d-4d4c-8c53-1144d6bee25f-groupManagement] INFO  server.RaftServer$Division (ServerState.java:<init>(113)) - 023796c2-f42d-4d4c-8c53-1144d6bee25f@group-92FDC0F9B532: ConfigurationManager, init=-1: peers:[023796c2-f42d-4d4c-8c53-1144d6bee25f|127.0.0.1:15477]|listeners:[], old=null, confs=<EMPTY_MAP>
2024-04-29 10:07:05,630 [023796c2-f42d-4d4c-8c53-1144d6bee25f-groupManagement] INFO  server.RaftServerConfigKeys (ConfUtils.java:logGet(46)) - raft.server.notification.no-leader.timeout = 300000ms (custom)
2024-04-29 10:07:05,630 [023796c2-f42d-4d4c-8c53-1144d6bee25f-groupManagement] INFO  server.RaftServerConfigKeys (ConfUtils.java:logGet(46)) - raft.server.read.timeout = 10s (default)
2024-04-29 10:07:05,631 [023796c2-f42d-4d4c-8c53-1144d6bee25f-groupManagement] INFO  server.RaftServerConfigKeys (ConfUtils.java:logGet(46)) - raft.server.retrycache.expirytime = 600000ms (custom)
2024-04-29 10:07:05,631 [023796c2-f42d-4d4c-8c53-1144d6bee25f-groupManagement] INFO  server.RaftServerConfigKeys (ConfUtils.java:logGet(46)) - raft.server.retrycache.statistics.expirytime = 100ms (default)
2024-04-29 10:07:05,631 [023796c2-f42d-4d4c-8c53-1144d6bee25f-groupManagement] INFO  server.RaftServerConfigKeys (ConfUtils.java:logGet(46)) - raft.server.read.option = DEFAULT (default)
2024-04-29 10:07:05,631 [023796c2-f42d-4d4c-8c53-1144d6bee25f-groupManagement] INFO  server.RaftServerConfigKeys (ConfUtils.java:logGet(46)) - raft.server.read.read-after-write-consistent.write-index-cache.expiry-time = 60s (default)
2024-04-29 10:07:05,634 [023796c2-f42d-4d4c-8c53-1144d6bee25f-groupManagement] INFO  server.RaftServerConfigKeys (ConfUtils.java:logGet(46)) - raft.server.rpc.request.timeout = 3000ms (default)
2024-04-29 10:07:05,634 [023796c2-f42d-4d4c-8c53-1144d6bee25f-groupManagement] INFO  server.RaftServerConfigKeys (ConfUtils.java:logGet(46)) - raft.server.log.appender.install.snapshot.enabled = false (custom)
2024-04-29 10:07:05,634 [023796c2-f42d-4d4c-8c53-1144d6bee25f-groupManagement] INFO  server.RaftServerConfigKeys (ConfUtils.java:logGet(46)) - raft.server.threadpool.server.cached = true (default)
2024-04-29 10:07:05,634 [023796c2-f42d-4d4c-8c53-1144d6bee25f-groupManagement] INFO  server.RaftServerConfigKeys (ConfUtils.java:logGet(46)) - raft.server.threadpool.server.size = 0 (default)
2024-04-29 10:07:05,634 [023796c2-f42d-4d4c-8c53-1144d6bee25f-groupManagement] INFO  server.RaftServerConfigKeys (ConfUtils.java:logGet(46)) - raft.server.threadpool.client.cached = true (default)
2024-04-29 10:07:05,634 [023796c2-f42d-4d4c-8c53-1144d6bee25f-groupManagement] INFO  server.RaftServerConfigKeys (ConfUtils.java:logGet(46)) - raft.server.threadpool.client.size = 0 (default)
2024-04-29 10:07:05,634 [023796c2-f42d-4d4c-8c53-1144d6bee25f-groupManagement] INFO  server.RaftServerConfigKeys (ConfUtils.java:logGet(46)) - raft.server.storage.free-space.min = 0MB (=0) (default)
2024-04-29 10:07:05,634 [023796c2-f42d-4d4c-8c53-1144d6bee25f-groupManagement] INFO  server.RaftServerConfigKeys (ConfUtils.java:logGet(46)) - raft.server.log.corruption.policy = EXCEPTION (default)
2024-04-29 10:07:05,634 [023796c2-f42d-4d4c-8c53-1144d6bee25f-groupManagement] INFO  server.RaftServerConfigKeys (ConfUtils.java:logGet(46)) - raft.server.storage.dir = [/home/runner/work/ozone/ozone/hadoop-ozone/integration-test/target/test-dir/MiniOzoneClusterImpl-9e79b078-2218-4abd-b04c-a65fc7f927a6/ozone-meta/datanode-3/ratis] (custom)
2024-04-29 10:07:05,634 [023796c2-f42d-4d4c-8c53-1144d6bee25f-groupManagement] INFO  storage.RaftStorageDirectory (RaftStorageDirectoryImpl.java:analyzeStorage(138)) - The storage directory /home/runner/work/ozone/ozone/hadoop-ozone/integration-test/target/test-dir/MiniOzoneClusterImpl-9e79b078-2218-4abd-b04c-a65fc7f927a6/ozone-meta/datanode-3/ratis/dec08726-ba3f-4d06-bdc3-92fdc0f9b532 does not exist. Creating ...
2024-04-29 10:07:05,635 [023796c2-f42d-4d4c-8c53-1144d6bee25f-groupManagement] INFO  storage.RaftStorageDirectory (RaftStorageDirectoryImpl.java:tryLock(228)) - Lock on /home/runner/work/ozone/ozone/hadoop-ozone/integration-test/target/test-dir/MiniOzoneClusterImpl-9e79b078-2218-4abd-b04c-a65fc7f927a6/ozone-meta/datanode-3/ratis/dec08726-ba3f-4d06-bdc3-92fdc0f9b532/in_use.lock acquired by nodename 20825@fv-az913-54
2024-04-29 10:07:05,636 [023796c2-f42d-4d4c-8c53-1144d6bee25f-groupManagement] INFO  storage.RaftStorage (RaftStorageImpl.java:format(99)) - Storage directory /home/runner/work/ozone/ozone/hadoop-ozone/integration-test/target/test-dir/MiniOzoneClusterImpl-9e79b078-2218-4abd-b04c-a65fc7f927a6/ozone-meta/datanode-3/ratis/dec08726-ba3f-4d06-bdc3-92fdc0f9b532 has been successfully formatted.
2024-04-29 10:07:05,637 [023796c2-f42d-4d4c-8c53-1144d6bee25f-groupManagement] WARN  util.FileUtils (LogUtils.java:supplyAndLog(63)) - Failed to Files.newInputStream /home/runner/work/ozone/ozone/hadoop-ozone/integration-test/target/test-dir/MiniOzoneClusterImpl-9e79b078-2218-4abd-b04c-a65fc7f927a6/ozone-meta/datanode-3/ratis/dec08726-ba3f-4d06-bdc3-92fdc0f9b532/current/raft-meta.conf with options []: java.nio.file.NoSuchFileException: /home/runner/work/ozone/ozone/hadoop-ozone/integration-test/target/test-dir/MiniOzoneClusterImpl-9e79b078-2218-4abd-b04c-a65fc7f927a6/ozone-meta/datanode-3/ratis/dec08726-ba3f-4d06-bdc3-92fdc0f9b532/current/raft-meta.conf
2024-04-29 10:07:05,637 [023796c2-f42d-4d4c-8c53-1144d6bee25f-groupManagement] INFO  ratis.ContainerStateMachine (ContainerStateMachine.java:loadSnapshot(287)) - group-92FDC0F9B532: The snapshot info is null. Setting the last applied index to:(t:0, i:~)
2024-04-29 10:07:05,637 [023796c2-f42d-4d4c-8c53-1144d6bee25f-groupManagement] INFO  server.RaftServerConfigKeys (ConfUtils.java:logGet(46)) - raft.server.log.use.memory = false (default)
2024-04-29 10:07:05,637 [023796c2-f42d-4d4c-8c53-1144d6bee25f-groupManagement] INFO  server.RaftServerConfigKeys (ConfUtils.java:logGet(46)) - raft.server.log.purge.gap = 1000000 (custom)
2024-04-29 10:07:05,637 [023796c2-f42d-4d4c-8c53-1144d6bee25f-groupManagement] INFO  server.RaftServerConfigKeys (ConfUtils.java:logGet(46)) - raft.server.log.appender.buffer.byte-limit = 8388608 (custom)
2024-04-29 10:07:05,637 [023796c2-f42d-4d4c-8c53-1144d6bee25f-groupManagement] INFO  server.RaftServerConfigKeys (ConfUtils.java:logGet(46)) - raft.server.log.statemachine.data.read.timeout = 1000ms (default)
2024-04-29 10:07:05,637 [023796c2-f42d-4d4c-8c53-1144d6bee25f-groupManagement] INFO  server.RaftServerConfigKeys (ConfUtils.java:logGet(46)) - raft.server.log.purge.preservation.log.num = 0 (default)
2024-04-29 10:07:05,638 [EventQueue-PipelineReportForPipelineReportHandler] INFO  pipeline.PipelineReportHandler (PipelineReportHandler.java:processPipelineReport(136)) - Opened pipeline PipelineID=dec08726-ba3f-4d06-bdc3-92fdc0f9b532
2024-04-29 10:07:05,638 [EventQueue-OpenPipelineForHealthyPipelineSafeModeRule] INFO  safemode.SCMSafeModeManager (HealthyPipelineSafeModeRule.java:process(140)) - SCM in safe mode. Healthy pipelines reported count is 0, required healthy pipeline reported count is 1
2024-04-29 10:07:05,639 [023796c2-f42d-4d4c-8c53-1144d6bee25f-groupManagement] INFO  server.RaftServerConfigKeys (ConfUtils.java:logGet(46)) - raft.server.log.segment.size.max = 67108864 (custom)
2024-04-29 10:07:05,639 [023796c2-f42d-4d4c-8c53-1144d6bee25f-groupManagement] INFO  server.RaftServerConfigKeys (ConfUtils.java:logGet(46)) - raft.server.log.segment.cache.num.max = 2 (custom)
2024-04-29 10:07:05,639 [023796c2-f42d-4d4c-8c53-1144d6bee25f-groupManagement] INFO  server.RaftServerConfigKeys (ConfUtils.java:logGet(46)) - raft.server.log.segment.cache.size.max = 200MB (=209715200) (default)
2024-04-29 10:07:05,639 [023796c2-f42d-4d4c-8c53-1144d6bee25f-groupManagement] INFO  server.RaftServerConfigKeys (ConfUtils.java:logGet(46)) - raft.server.log.appender.buffer.byte-limit = 8388608 (custom)
2024-04-29 10:07:05,639 [023796c2-f42d-4d4c-8c53-1144d6bee25f-groupManagement] INFO  util.AwaitToRun (AwaitToRun.java:start(81)) - Thread[023796c2-f42d-4d4c-8c53-1144d6bee25f@group-92FDC0F9B532-cacheEviction-AwaitToRun,5,main] started
2024-04-29 10:07:05,639 [023796c2-f42d-4d4c-8c53-1144d6bee25f-groupManagement] INFO  segmented.SegmentedRaftLogWorker (SegmentedRaftLogWorker.java:<init>(182)) - new 023796c2-f42d-4d4c-8c53-1144d6bee25f@group-92FDC0F9B532-SegmentedRaftLogWorker for RaftStorageImpl:Storage Directory /home/runner/work/ozone/ozone/hadoop-ozone/integration-test/target/test-dir/MiniOzoneClusterImpl-9e79b078-2218-4abd-b04c-a65fc7f927a6/ozone-meta/datanode-3/ratis/dec08726-ba3f-4d06-bdc3-92fdc0f9b532
2024-04-29 10:07:05,639 [023796c2-f42d-4d4c-8c53-1144d6bee25f-groupManagement] INFO  server.RaftServerConfigKeys (ConfUtils.java:logGet(46)) - raft.server.log.queue.byte-limit = 4294967296 (custom)
2024-04-29 10:07:05,639 [023796c2-f42d-4d4c-8c53-1144d6bee25f-groupManagement] INFO  server.RaftServerConfigKeys (ConfUtils.java:logGet(46)) - raft.server.log.queue.element-limit = 1024 (custom)
2024-04-29 10:07:05,639 [023796c2-f42d-4d4c-8c53-1144d6bee25f-groupManagement] INFO  server.RaftServerConfigKeys (ConfUtils.java:logGet(46)) - raft.server.log.segment.size.max = 67108864 (custom)
2024-04-29 10:07:05,639 [023796c2-f42d-4d4c-8c53-1144d6bee25f-groupManagement] INFO  server.RaftServerConfigKeys (ConfUtils.java:logGet(46)) - raft.server.log.preallocated.size = 4194304 (custom)
2024-04-29 10:07:05,639 [023796c2-f42d-4d4c-8c53-1144d6bee25f-groupManagement] INFO  server.RaftServerConfigKeys (ConfUtils.java:logGet(46)) - raft.server.log.force.sync.num = 128 (default)
2024-04-29 10:07:05,639 [023796c2-f42d-4d4c-8c53-1144d6bee25f-groupManagement] INFO  server.RaftServerConfigKeys (ConfUtils.java:logGet(46)) - raft.server.log.statemachine.data.sync = true (default)
2024-04-29 10:07:05,639 [023796c2-f42d-4d4c-8c53-1144d6bee25f-groupManagement] INFO  server.RaftServerConfigKeys (ConfUtils.java:logGet(46)) - raft.server.log.statemachine.data.sync.timeout = 10s (default)
2024-04-29 10:07:05,639 [023796c2-f42d-4d4c-8c53-1144d6bee25f-groupManagement] INFO  server.RaftServerConfigKeys (ConfUtils.java:logGet(46)) - raft.server.log.statemachine.data.sync.timeout.retry = 30 (custom)
2024-04-29 10:07:05,640 [023796c2-f42d-4d4c-8c53-1144d6bee25f-groupManagement] INFO  server.RaftServerConfigKeys (ConfUtils.java:logGet(46)) - raft.server.log.write.buffer.size = 8388616 (custom)
2024-04-29 10:07:05,641 [023796c2-f42d-4d4c-8c53-1144d6bee25f-groupManagement] INFO  server.RaftServerConfigKeys (ConfUtils.java:logGet(46)) - raft.server.log.appender.buffer.byte-limit = 8388608 (custom)
2024-04-29 10:07:05,641 [023796c2-f42d-4d4c-8c53-1144d6bee25f-groupManagement] INFO  server.RaftServerConfigKeys (ConfUtils.java:logGet(46)) - raft.server.log.unsafe-flush.enabled = false (default)
2024-04-29 10:07:05,641 [023796c2-f42d-4d4c-8c53-1144d6bee25f-groupManagement] INFO  server.RaftServerConfigKeys (ConfUtils.java:logGet(46)) - raft.server.log.async-flush.enabled = false (default)
2024-04-29 10:07:05,641 [023796c2-f42d-4d4c-8c53-1144d6bee25f-groupManagement] INFO  server.RaftServerConfigKeys (ConfUtils.java:logGet(46)) - raft.server.log.statemachine.data.caching.enabled = true (custom)
2024-04-29 10:07:05,641 [023796c2-f42d-4d4c-8c53-1144d6bee25f-groupManagement] INFO  segmented.SegmentedRaftLogWorker (SegmentedRaftLogWorker.java:lambda$new$0(134)) - 023796c2-f42d-4d4c-8c53-1144d6bee25f@group-92FDC0F9B532-SegmentedRaftLogWorker: flushIndex: setUnconditionally 0 -> -1
2024-04-29 10:07:05,641 [023796c2-f42d-4d4c-8c53-1144d6bee25f-groupManagement] INFO  segmented.SegmentedRaftLogWorker (SegmentedRaftLogWorker.java:lambda$new$0(134)) - 023796c2-f42d-4d4c-8c53-1144d6bee25f@group-92FDC0F9B532-SegmentedRaftLogWorker: safeCacheEvictIndex: setUnconditionally 0 -> -1
2024-04-29 10:07:05,642 [023796c2-f42d-4d4c-8c53-1144d6bee25f-groupManagement] INFO  server.RaftServer$Division (RaftServerImpl.java:start(396)) - 023796c2-f42d-4d4c-8c53-1144d6bee25f@group-92FDC0F9B532: start as a follower, conf=-1: peers:[023796c2-f42d-4d4c-8c53-1144d6bee25f|127.0.0.1:15477]|listeners:[], old=null
2024-04-29 10:07:05,642 [023796c2-f42d-4d4c-8c53-1144d6bee25f-groupManagement] INFO  server.RaftServer$Division (RaftServerImpl.java:setRole(383)) - 023796c2-f42d-4d4c-8c53-1144d6bee25f@group-92FDC0F9B532: changes role from      null to FOLLOWER at term 0 for startAsFollower
2024-04-29 10:07:05,642 [023796c2-f42d-4d4c-8c53-1144d6bee25f-groupManagement] INFO  impl.RoleInfo (RoleInfo.java:updateAndGet(139)) - 023796c2-f42d-4d4c-8c53-1144d6bee25f: start 023796c2-f42d-4d4c-8c53-1144d6bee25f@group-92FDC0F9B532-FollowerState
2024-04-29 10:07:05,642 [023796c2-f42d-4d4c-8c53-1144d6bee25f@group-92FDC0F9B532-FollowerState] INFO  server.RaftServerConfigKeys (ConfUtils.java:logFallback(53)) - raft.server.rpc.first-election.timeout.min = 5s (fallback to raft.server.rpc.timeout.min)
2024-04-29 10:07:05,642 [023796c2-f42d-4d4c-8c53-1144d6bee25f@group-92FDC0F9B532-FollowerState] INFO  server.RaftServerConfigKeys (ConfUtils.java:logFallback(53)) - raft.server.rpc.first-election.timeout.max = 5200ms (fallback to raft.server.rpc.timeout.max)
2024-04-29 10:07:05,642 [023796c2-f42d-4d4c-8c53-1144d6bee25f-groupManagement] INFO  util.JmxRegister (JmxRegister.java:tryRegister(44)) - Successfully registered JMX Bean with object name Ratis:service=RaftServer,group=group-92FDC0F9B532,id=023796c2-f42d-4d4c-8c53-1144d6bee25f
2024-04-29 10:07:05,642 [023796c2-f42d-4d4c-8c53-1144d6bee25f-groupManagement] INFO  server.RaftServerConfigKeys (ConfUtils.java:logGet(46)) - raft.server.snapshot.trigger-when-stop.enabled = true (default)
2024-04-29 10:07:05,642 [023796c2-f42d-4d4c-8c53-1144d6bee25f-groupManagement] INFO  server.RaftServerConfigKeys (ConfUtils.java:logGet(46)) - raft.server.snapshot.auto.trigger.enabled = true (custom)
2024-04-29 10:07:05,642 [023796c2-f42d-4d4c-8c53-1144d6bee25f-groupManagement] INFO  server.RaftServerConfigKeys (ConfUtils.java:logGet(46)) - raft.server.snapshot.auto.trigger.threshold = 10000 (custom)
2024-04-29 10:07:05,642 [023796c2-f42d-4d4c-8c53-1144d6bee25f-groupManagement] INFO  server.RaftServerConfigKeys (ConfUtils.java:logGet(46)) - raft.server.snapshot.retention.file.num = 5 (custom)
2024-04-29 10:07:05,642 [023796c2-f42d-4d4c-8c53-1144d6bee25f-groupManagement] INFO  server.RaftServerConfigKeys (ConfUtils.java:logGet(46)) - raft.server.log.purge.upto.snapshot.index = false (default)
2024-04-29 10:07:05,643 [023796c2-f42d-4d4c-8c53-1144d6bee25f-PipelineCommandHandlerThread-0] INFO  ratis.XceiverServerRatis (XceiverServerRatis.java:addGroup(864)) - Created group PipelineID=dec08726-ba3f-4d06-bdc3-92fdc0f9b532
2024-04-29 10:07:05,643 [023796c2-f42d-4d4c-8c53-1144d6bee25f-PipelineCommandHandlerThread-0] INFO  commandhandler.CreatePipelineCommandHandler (CreatePipelineCommandHandler.java:lambda$handle$2(124)) - Created Pipeline RATIS ONE PipelineID=dec08726-ba3f-4d06-bdc3-92fdc0f9b532.
2024-04-29 10:07:05,684 [98bce0f1-b1ff-4756-b9de-e813dc1af0d3-PipelineCommandHandlerThread-0] INFO  server.RaftServer (RaftServerProxy.java:addNew(100)) - 98bce0f1-b1ff-4756-b9de-e813dc1af0d3: addNew group-C9E38A37DCCA:[98bce0f1-b1ff-4756-b9de-e813dc1af0d3|127.0.0.1:15486] returns group-C9E38A37DCCA:java.util.concurrent.CompletableFuture@749e9e2a[Not completed]
2024-04-29 10:07:05,685 [98bce0f1-b1ff-4756-b9de-e813dc1af0d3-groupManagement] INFO  server.RaftServer$Division (RaftServerImpl.java:<init>(256)) - 98bce0f1-b1ff-4756-b9de-e813dc1af0d3: new RaftServerImpl for group-C9E38A37DCCA:[98bce0f1-b1ff-4756-b9de-e813dc1af0d3|127.0.0.1:15486] with ContainerStateMachine:uninitialized
2024-04-29 10:07:05,685 [98bce0f1-b1ff-4756-b9de-e813dc1af0d3-groupManagement] INFO  server.RaftServerConfigKeys (ConfUtils.java:logGet(46)) - raft.server.rpc.timeout.min = 5s (custom)
2024-04-29 10:07:05,685 [98bce0f1-b1ff-4756-b9de-e813dc1af0d3-groupManagement] INFO  server.RaftServerConfigKeys (ConfUtils.java:logGet(46)) - raft.server.rpc.timeout.max = 5200ms (custom)
2024-04-29 10:07:05,685 [98bce0f1-b1ff-4756-b9de-e813dc1af0d3-groupManagement] INFO  server.RaftServerConfigKeys (ConfUtils.java:logGet(46)) - raft.server.rpc.sleep.time = 25ms (default)
2024-04-29 10:07:05,685 [98bce0f1-b1ff-4756-b9de-e813dc1af0d3-groupManagement] INFO  server.RaftServerConfigKeys (ConfUtils.java:logGet(46)) - raft.server.rpc.slowness.timeout = 300000ms (custom)
2024-04-29 10:07:05,685 [98bce0f1-b1ff-4756-b9de-e813dc1af0d3-groupManagement] INFO  server.RaftServerConfigKeys (ConfUtils.java:logGet(46)) - raft.server.leaderelection.leader.step-down.wait-time = 10s (default)
2024-04-29 10:07:05,685 [98bce0f1-b1ff-4756-b9de-e813dc1af0d3-groupManagement] INFO  server.RaftServerConfigKeys (ConfUtils.java:logGet(46)) - raft.server.leaderelection.member.majority-add = false (default)
2024-04-29 10:07:05,685 [98bce0f1-b1ff-4756-b9de-e813dc1af0d3-groupManagement] INFO  server.RaftServerConfigKeys (ConfUtils.java:logGet(46)) - raft.server.sleep.deviation.threshold = 300ms (default)
2024-04-29 10:07:05,685 [98bce0f1-b1ff-4756-b9de-e813dc1af0d3-groupManagement] INFO  server.RaftServer$Division (ServerState.java:<init>(113)) - 98bce0f1-b1ff-4756-b9de-e813dc1af0d3@group-C9E38A37DCCA: ConfigurationManager, init=-1: peers:[98bce0f1-b1ff-4756-b9de-e813dc1af0d3|127.0.0.1:15486]|listeners:[], old=null, confs=<EMPTY_MAP>
2024-04-29 10:07:05,685 [98bce0f1-b1ff-4756-b9de-e813dc1af0d3-groupManagement] INFO  server.RaftServerConfigKeys (ConfUtils.java:logGet(46)) - raft.server.notification.no-leader.timeout = 300000ms (custom)
2024-04-29 10:07:05,685 [98bce0f1-b1ff-4756-b9de-e813dc1af0d3-groupManagement] INFO  server.RaftServerConfigKeys (ConfUtils.java:logGet(46)) - raft.server.read.timeout = 10s (default)
2024-04-29 10:07:05,685 [98bce0f1-b1ff-4756-b9de-e813dc1af0d3-groupManagement] INFO  server.RaftServerConfigKeys (ConfUtils.java:logGet(46)) - raft.server.retrycache.expirytime = 600000ms (custom)
2024-04-29 10:07:05,685 [98bce0f1-b1ff-4756-b9de-e813dc1af0d3-groupManagement] INFO  server.RaftServerConfigKeys (ConfUtils.java:logGet(46)) - raft.server.retrycache.statistics.expirytime = 100ms (default)
2024-04-29 10:07:05,685 [98bce0f1-b1ff-4756-b9de-e813dc1af0d3-groupManagement] INFO  server.RaftServerConfigKeys (ConfUtils.java:logGet(46)) - raft.server.read.option = DEFAULT (default)
2024-04-29 10:07:05,685 [98bce0f1-b1ff-4756-b9de-e813dc1af0d3-groupManagement] INFO  server.RaftServerConfigKeys (ConfUtils.java:logGet(46)) - raft.server.read.read-after-write-consistent.write-index-cache.expiry-time = 60s (default)
2024-04-29 10:07:05,687 [98bce0f1-b1ff-4756-b9de-e813dc1af0d3-groupManagement] INFO  server.RaftServerConfigKeys (ConfUtils.java:logGet(46)) - raft.server.rpc.request.timeout = 3000ms (default)
2024-04-29 10:07:05,687 [98bce0f1-b1ff-4756-b9de-e813dc1af0d3-groupManagement] INFO  server.RaftServerConfigKeys (ConfUtils.java:logGet(46)) - raft.server.log.appender.install.snapshot.enabled = false (custom)
2024-04-29 10:07:05,687 [98bce0f1-b1ff-4756-b9de-e813dc1af0d3-groupManagement] INFO  server.RaftServerConfigKeys (ConfUtils.java:logGet(46)) - raft.server.threadpool.server.cached = true (default)
2024-04-29 10:07:05,687 [98bce0f1-b1ff-4756-b9de-e813dc1af0d3-groupManagement] INFO  server.RaftServerConfigKeys (ConfUtils.java:logGet(46)) - raft.server.threadpool.server.size = 0 (default)
2024-04-29 10:07:05,687 [98bce0f1-b1ff-4756-b9de-e813dc1af0d3-groupManagement] INFO  server.RaftServerConfigKeys (ConfUtils.java:logGet(46)) - raft.server.threadpool.client.cached = true (default)
2024-04-29 10:07:05,687 [98bce0f1-b1ff-4756-b9de-e813dc1af0d3-groupManagement] INFO  server.RaftServerConfigKeys (ConfUtils.java:logGet(46)) - raft.server.threadpool.client.size = 0 (default)
2024-04-29 10:07:05,687 [98bce0f1-b1ff-4756-b9de-e813dc1af0d3-groupManagement] INFO  server.RaftServerConfigKeys (ConfUtils.java:logGet(46)) - raft.server.storage.free-space.min = 0MB (=0) (default)
2024-04-29 10:07:05,687 [98bce0f1-b1ff-4756-b9de-e813dc1af0d3-groupManagement] INFO  server.RaftServerConfigKeys (ConfUtils.java:logGet(46)) - raft.server.log.corruption.policy = EXCEPTION (default)
2024-04-29 10:07:05,687 [98bce0f1-b1ff-4756-b9de-e813dc1af0d3-groupManagement] INFO  server.RaftServerConfigKeys (ConfUtils.java:logGet(46)) - raft.server.storage.dir = [/home/runner/work/ozone/ozone/hadoop-ozone/integration-test/target/test-dir/MiniOzoneClusterImpl-9e79b078-2218-4abd-b04c-a65fc7f927a6/ozone-meta/datanode-4/ratis] (custom)
2024-04-29 10:07:05,687 [98bce0f1-b1ff-4756-b9de-e813dc1af0d3-groupManagement] INFO  storage.RaftStorageDirectory (RaftStorageDirectoryImpl.java:analyzeStorage(138)) - The storage directory /home/runner/work/ozone/ozone/hadoop-ozone/integration-test/target/test-dir/MiniOzoneClusterImpl-9e79b078-2218-4abd-b04c-a65fc7f927a6/ozone-meta/datanode-4/ratis/b8e86791-9cb7-4ebf-981d-c9e38a37dcca does not exist. Creating ...
2024-04-29 10:07:05,689 [98bce0f1-b1ff-4756-b9de-e813dc1af0d3-groupManagement] INFO  storage.RaftStorageDirectory (RaftStorageDirectoryImpl.java:tryLock(228)) - Lock on /home/runner/work/ozone/ozone/hadoop-ozone/integration-test/target/test-dir/MiniOzoneClusterImpl-9e79b078-2218-4abd-b04c-a65fc7f927a6/ozone-meta/datanode-4/ratis/b8e86791-9cb7-4ebf-981d-c9e38a37dcca/in_use.lock acquired by nodename 20825@fv-az913-54
2024-04-29 10:07:05,690 [98bce0f1-b1ff-4756-b9de-e813dc1af0d3-groupManagement] INFO  storage.RaftStorage (RaftStorageImpl.java:format(99)) - Storage directory /home/runner/work/ozone/ozone/hadoop-ozone/integration-test/target/test-dir/MiniOzoneClusterImpl-9e79b078-2218-4abd-b04c-a65fc7f927a6/ozone-meta/datanode-4/ratis/b8e86791-9cb7-4ebf-981d-c9e38a37dcca has been successfully formatted.
2024-04-29 10:07:05,690 [98bce0f1-b1ff-4756-b9de-e813dc1af0d3-groupManagement] WARN  util.FileUtils (LogUtils.java:supplyAndLog(63)) - Failed to Files.newInputStream /home/runner/work/ozone/ozone/hadoop-ozone/integration-test/target/test-dir/MiniOzoneClusterImpl-9e79b078-2218-4abd-b04c-a65fc7f927a6/ozone-meta/datanode-4/ratis/b8e86791-9cb7-4ebf-981d-c9e38a37dcca/current/raft-meta.conf with options []: java.nio.file.NoSuchFileException: /home/runner/work/ozone/ozone/hadoop-ozone/integration-test/target/test-dir/MiniOzoneClusterImpl-9e79b078-2218-4abd-b04c-a65fc7f927a6/ozone-meta/datanode-4/ratis/b8e86791-9cb7-4ebf-981d-c9e38a37dcca/current/raft-meta.conf
2024-04-29 10:07:05,690 [98bce0f1-b1ff-4756-b9de-e813dc1af0d3-groupManagement] INFO  ratis.ContainerStateMachine (ContainerStateMachine.java:loadSnapshot(287)) - group-C9E38A37DCCA: The snapshot info is null. Setting the last applied index to:(t:0, i:~)
2024-04-29 10:07:05,690 [98bce0f1-b1ff-4756-b9de-e813dc1af0d3-groupManagement] INFO  server.RaftServerConfigKeys (ConfUtils.java:logGet(46)) - raft.server.log.use.memory = false (default)
2024-04-29 10:07:05,690 [98bce0f1-b1ff-4756-b9de-e813dc1af0d3-groupManagement] INFO  server.RaftServerConfigKeys (ConfUtils.java:logGet(46)) - raft.server.log.purge.gap = 1000000 (custom)
2024-04-29 10:07:05,690 [98bce0f1-b1ff-4756-b9de-e813dc1af0d3-groupManagement] INFO  server.RaftServerConfigKeys (ConfUtils.java:logGet(46)) - raft.server.log.appender.buffer.byte-limit = 8388608 (custom)
2024-04-29 10:07:05,690 [98bce0f1-b1ff-4756-b9de-e813dc1af0d3-groupManagement] INFO  server.RaftServerConfigKeys (ConfUtils.java:logGet(46)) - raft.server.log.statemachine.data.read.timeout = 1000ms (default)
2024-04-29 10:07:05,690 [98bce0f1-b1ff-4756-b9de-e813dc1af0d3-groupManagement] INFO  server.RaftServerConfigKeys (ConfUtils.java:logGet(46)) - raft.server.log.purge.preservation.log.num = 0 (default)
2024-04-29 10:07:05,691 [EventQueue-PipelineReportForPipelineReportHandler] INFO  pipeline.PipelineReportHandler (PipelineReportHandler.java:processPipelineReport(136)) - Opened pipeline PipelineID=b8e86791-9cb7-4ebf-981d-c9e38a37dcca
2024-04-29 10:07:05,691 [EventQueue-OpenPipelineForHealthyPipelineSafeModeRule] INFO  safemode.SCMSafeModeManager (HealthyPipelineSafeModeRule.java:process(140)) - SCM in safe mode. Healthy pipelines reported count is 0, required healthy pipeline reported count is 1
2024-04-29 10:07:05,692 [98bce0f1-b1ff-4756-b9de-e813dc1af0d3-groupManagement] INFO  server.RaftServerConfigKeys (ConfUtils.java:logGet(46)) - raft.server.log.segment.size.max = 67108864 (custom)
2024-04-29 10:07:05,692 [98bce0f1-b1ff-4756-b9de-e813dc1af0d3-groupManagement] INFO  server.RaftServerConfigKeys (ConfUtils.java:logGet(46)) - raft.server.log.segment.cache.num.max = 2 (custom)
2024-04-29 10:07:05,692 [98bce0f1-b1ff-4756-b9de-e813dc1af0d3-groupManagement] INFO  server.RaftServerConfigKeys (ConfUtils.java:logGet(46)) - raft.server.log.segment.cache.size.max = 200MB (=209715200) (default)
2024-04-29 10:07:05,692 [98bce0f1-b1ff-4756-b9de-e813dc1af0d3-groupManagement] INFO  server.RaftServerConfigKeys (ConfUtils.java:logGet(46)) - raft.server.log.appender.buffer.byte-limit = 8388608 (custom)
2024-04-29 10:07:05,692 [98bce0f1-b1ff-4756-b9de-e813dc1af0d3-groupManagement] INFO  util.AwaitToRun (AwaitToRun.java:start(81)) - Thread[98bce0f1-b1ff-4756-b9de-e813dc1af0d3@group-C9E38A37DCCA-cacheEviction-AwaitToRun,5,main] started
2024-04-29 10:07:05,692 [98bce0f1-b1ff-4756-b9de-e813dc1af0d3-groupManagement] INFO  segmented.SegmentedRaftLogWorker (SegmentedRaftLogWorker.java:<init>(182)) - new 98bce0f1-b1ff-4756-b9de-e813dc1af0d3@group-C9E38A37DCCA-SegmentedRaftLogWorker for RaftStorageImpl:Storage Directory /home/runner/work/ozone/ozone/hadoop-ozone/integration-test/target/test-dir/MiniOzoneClusterImpl-9e79b078-2218-4abd-b04c-a65fc7f927a6/ozone-meta/datanode-4/ratis/b8e86791-9cb7-4ebf-981d-c9e38a37dcca
2024-04-29 10:07:05,692 [98bce0f1-b1ff-4756-b9de-e813dc1af0d3-groupManagement] INFO  server.RaftServerConfigKeys (ConfUtils.java:logGet(46)) - raft.server.log.queue.byte-limit = 4294967296 (custom)
2024-04-29 10:07:05,692 [98bce0f1-b1ff-4756-b9de-e813dc1af0d3-groupManagement] INFO  server.RaftServerConfigKeys (ConfUtils.java:logGet(46)) - raft.server.log.queue.element-limit = 1024 (custom)
2024-04-29 10:07:05,692 [98bce0f1-b1ff-4756-b9de-e813dc1af0d3-groupManagement] INFO  server.RaftServerConfigKeys (ConfUtils.java:logGet(46)) - raft.server.log.segment.size.max = 67108864 (custom)
2024-04-29 10:07:05,692 [98bce0f1-b1ff-4756-b9de-e813dc1af0d3-groupManagement] INFO  server.RaftServerConfigKeys (ConfUtils.java:logGet(46)) - raft.server.log.preallocated.size = 4194304 (custom)
2024-04-29 10:07:05,693 [98bce0f1-b1ff-4756-b9de-e813dc1af0d3-groupManagement] INFO  server.RaftServerConfigKeys (ConfUtils.java:logGet(46)) - raft.server.log.force.sync.num = 128 (default)
2024-04-29 10:07:05,693 [98bce0f1-b1ff-4756-b9de-e813dc1af0d3-groupManagement] INFO  server.RaftServerConfigKeys (ConfUtils.java:logGet(46)) - raft.server.log.statemachine.data.sync = true (default)
2024-04-29 10:07:05,693 [98bce0f1-b1ff-4756-b9de-e813dc1af0d3-groupManagement] INFO  server.RaftServerConfigKeys (ConfUtils.java:logGet(46)) - raft.server.log.statemachine.data.sync.timeout = 10s (default)
2024-04-29 10:07:05,693 [98bce0f1-b1ff-4756-b9de-e813dc1af0d3-groupManagement] INFO  server.RaftServerConfigKeys (ConfUtils.java:logGet(46)) - raft.server.log.statemachine.data.sync.timeout.retry = 30 (custom)
2024-04-29 10:07:05,693 [98bce0f1-b1ff-4756-b9de-e813dc1af0d3-groupManagement] INFO  server.RaftServerConfigKeys (ConfUtils.java:logGet(46)) - raft.server.log.write.buffer.size = 8388616 (custom)
2024-04-29 10:07:05,694 [98bce0f1-b1ff-4756-b9de-e813dc1af0d3-groupManagement] INFO  server.RaftServerConfigKeys (ConfUtils.java:logGet(46)) - raft.server.log.appender.buffer.byte-limit = 8388608 (custom)
2024-04-29 10:07:05,694 [98bce0f1-b1ff-4756-b9de-e813dc1af0d3-groupManagement] INFO  server.RaftServerConfigKeys (ConfUtils.java:logGet(46)) - raft.server.log.unsafe-flush.enabled = false (default)
2024-04-29 10:07:05,695 [98bce0f1-b1ff-4756-b9de-e813dc1af0d3-groupManagement] INFO  server.RaftServerConfigKeys (ConfUtils.java:logGet(46)) - raft.server.log.async-flush.enabled = false (default)
2024-04-29 10:07:05,695 [98bce0f1-b1ff-4756-b9de-e813dc1af0d3-groupManagement] INFO  server.RaftServerConfigKeys (ConfUtils.java:logGet(46)) - raft.server.log.statemachine.data.caching.enabled = true (custom)
2024-04-29 10:07:05,695 [98bce0f1-b1ff-4756-b9de-e813dc1af0d3-groupManagement] INFO  segmented.SegmentedRaftLogWorker (SegmentedRaftLogWorker.java:lambda$new$0(134)) - 98bce0f1-b1ff-4756-b9de-e813dc1af0d3@group-C9E38A37DCCA-SegmentedRaftLogWorker: flushIndex: setUnconditionally 0 -> -1
2024-04-29 10:07:05,695 [98bce0f1-b1ff-4756-b9de-e813dc1af0d3-groupManagement] INFO  segmented.SegmentedRaftLogWorker (SegmentedRaftLogWorker.java:lambda$new$0(134)) - 98bce0f1-b1ff-4756-b9de-e813dc1af0d3@group-C9E38A37DCCA-SegmentedRaftLogWorker: safeCacheEvictIndex: setUnconditionally 0 -> -1
2024-04-29 10:07:05,695 [98bce0f1-b1ff-4756-b9de-e813dc1af0d3-groupManagement] INFO  server.RaftServer$Division (RaftServerImpl.java:start(396)) - 98bce0f1-b1ff-4756-b9de-e813dc1af0d3@group-C9E38A37DCCA: start as a follower, conf=-1: peers:[98bce0f1-b1ff-4756-b9de-e813dc1af0d3|127.0.0.1:15486]|listeners:[], old=null
2024-04-29 10:07:05,695 [98bce0f1-b1ff-4756-b9de-e813dc1af0d3-groupManagement] INFO  server.RaftServer$Division (RaftServerImpl.java:setRole(383)) - 98bce0f1-b1ff-4756-b9de-e813dc1af0d3@group-C9E38A37DCCA: changes role from      null to FOLLOWER at term 0 for startAsFollower
2024-04-29 10:07:05,695 [98bce0f1-b1ff-4756-b9de-e813dc1af0d3-groupManagement] INFO  impl.RoleInfo (RoleInfo.java:updateAndGet(139)) - 98bce0f1-b1ff-4756-b9de-e813dc1af0d3: start 98bce0f1-b1ff-4756-b9de-e813dc1af0d3@group-C9E38A37DCCA-FollowerState
2024-04-29 10:07:05,695 [98bce0f1-b1ff-4756-b9de-e813dc1af0d3@group-C9E38A37DCCA-FollowerState] INFO  server.RaftServerConfigKeys (ConfUtils.java:logFallback(53)) - raft.server.rpc.first-election.timeout.min = 5s (fallback to raft.server.rpc.timeout.min)
2024-04-29 10:07:05,695 [98bce0f1-b1ff-4756-b9de-e813dc1af0d3@group-C9E38A37DCCA-FollowerState] INFO  server.RaftServerConfigKeys (ConfUtils.java:logFallback(53)) - raft.server.rpc.first-election.timeout.max = 5200ms (fallback to raft.server.rpc.timeout.max)
2024-04-29 10:07:05,695 [98bce0f1-b1ff-4756-b9de-e813dc1af0d3-groupManagement] INFO  util.JmxRegister (JmxRegister.java:tryRegister(44)) - Successfully registered JMX Bean with object name Ratis:service=RaftServer,group=group-C9E38A37DCCA,id=98bce0f1-b1ff-4756-b9de-e813dc1af0d3
2024-04-29 10:07:05,695 [98bce0f1-b1ff-4756-b9de-e813dc1af0d3-groupManagement] INFO  server.RaftServerConfigKeys (ConfUtils.java:logGet(46)) - raft.server.snapshot.trigger-when-stop.enabled = true (default)
2024-04-29 10:07:05,695 [98bce0f1-b1ff-4756-b9de-e813dc1af0d3-groupManagement] INFO  server.RaftServerConfigKeys (ConfUtils.java:logGet(46)) - raft.server.snapshot.auto.trigger.enabled = true (custom)
2024-04-29 10:07:05,696 [98bce0f1-b1ff-4756-b9de-e813dc1af0d3-groupManagement] INFO  server.RaftServerConfigKeys (ConfUtils.java:logGet(46)) - raft.server.snapshot.auto.trigger.threshold = 10000 (custom)
2024-04-29 10:07:05,696 [98bce0f1-b1ff-4756-b9de-e813dc1af0d3-groupManagement] INFO  server.RaftServerConfigKeys (ConfUtils.java:logGet(46)) - raft.server.snapshot.retention.file.num = 5 (custom)
2024-04-29 10:07:05,696 [98bce0f1-b1ff-4756-b9de-e813dc1af0d3-groupManagement] INFO  server.RaftServerConfigKeys (ConfUtils.java:logGet(46)) - raft.server.log.purge.upto.snapshot.index = false (default)
2024-04-29 10:07:05,696 [98bce0f1-b1ff-4756-b9de-e813dc1af0d3-PipelineCommandHandlerThread-0] INFO  ratis.XceiverServerRatis (XceiverServerRatis.java:addGroup(864)) - Created group PipelineID=b8e86791-9cb7-4ebf-981d-c9e38a37dcca
2024-04-29 10:07:05,696 [98bce0f1-b1ff-4756-b9de-e813dc1af0d3-PipelineCommandHandlerThread-0] INFO  commandhandler.CreatePipelineCommandHandler (CreatePipelineCommandHandler.java:lambda$handle$2(124)) - Created Pipeline RATIS ONE PipelineID=b8e86791-9cb7-4ebf-981d-c9e38a37dcca.
2024-04-29 10:07:05,696 [98bce0f1-b1ff-4756-b9de-e813dc1af0d3-PipelineCommandHandlerThread-0] INFO  server.RaftServer (RaftServerProxy.java:addNew(100)) - 98bce0f1-b1ff-4756-b9de-e813dc1af0d3: addNew group-441AB6A0D421:[05a782ff-e365-47f1-b590-80dc8e3c2105|127.0.0.1:15495, 7c1b7d40-21b8-4f63-a346-8b6e9b157cbc|127.0.0.1:15504, 98bce0f1-b1ff-4756-b9de-e813dc1af0d3|127.0.0.1:15486] returns group-441AB6A0D421:java.util.concurrent.CompletableFuture@70a11461[Not completed]
2024-04-29 10:07:05,697 [98bce0f1-b1ff-4756-b9de-e813dc1af0d3-groupManagement] INFO  server.RaftServer$Division (RaftServerImpl.java:<init>(256)) - 98bce0f1-b1ff-4756-b9de-e813dc1af0d3: new RaftServerImpl for group-441AB6A0D421:[05a782ff-e365-47f1-b590-80dc8e3c2105|127.0.0.1:15495, 7c1b7d40-21b8-4f63-a346-8b6e9b157cbc|127.0.0.1:15504, 98bce0f1-b1ff-4756-b9de-e813dc1af0d3|127.0.0.1:15486] with ContainerStateMachine:uninitialized
2024-04-29 10:07:05,697 [98bce0f1-b1ff-4756-b9de-e813dc1af0d3-groupManagement] INFO  server.RaftServerConfigKeys (ConfUtils.java:logGet(46)) - raft.server.rpc.timeout.min = 5s (custom)
2024-04-29 10:07:05,697 [98bce0f1-b1ff-4756-b9de-e813dc1af0d3-groupManagement] INFO  server.RaftServerConfigKeys (ConfUtils.java:logGet(46)) - raft.server.rpc.timeout.max = 5200ms (custom)
2024-04-29 10:07:05,697 [98bce0f1-b1ff-4756-b9de-e813dc1af0d3-groupManagement] INFO  server.RaftServerConfigKeys (ConfUtils.java:logGet(46)) - raft.server.rpc.sleep.time = 25ms (default)
2024-04-29 10:07:05,697 [98bce0f1-b1ff-4756-b9de-e813dc1af0d3-groupManagement] INFO  server.RaftServerConfigKeys (ConfUtils.java:logGet(46)) - raft.server.rpc.slowness.timeout = 300000ms (custom)
2024-04-29 10:07:05,697 [98bce0f1-b1ff-4756-b9de-e813dc1af0d3-groupManagement] INFO  server.RaftServerConfigKeys (ConfUtils.java:logGet(46)) - raft.server.leaderelection.leader.step-down.wait-time = 10s (default)
2024-04-29 10:07:05,697 [98bce0f1-b1ff-4756-b9de-e813dc1af0d3-groupManagement] INFO  server.RaftServerConfigKeys (ConfUtils.java:logGet(46)) - raft.server.leaderelection.member.majority-add = false (default)
2024-04-29 10:07:05,697 [98bce0f1-b1ff-4756-b9de-e813dc1af0d3-groupManagement] INFO  server.RaftServerConfigKeys (ConfUtils.java:logGet(46)) - raft.server.sleep.deviation.threshold = 300ms (default)
2024-04-29 10:07:05,697 [98bce0f1-b1ff-4756-b9de-e813dc1af0d3-groupManagement] INFO  server.RaftServer$Division (ServerState.java:<init>(113)) - 98bce0f1-b1ff-4756-b9de-e813dc1af0d3@group-441AB6A0D421: ConfigurationManager, init=-1: peers:[05a782ff-e365-47f1-b590-80dc8e3c2105|127.0.0.1:15495, 7c1b7d40-21b8-4f63-a346-8b6e9b157cbc|127.0.0.1:15504, 98bce0f1-b1ff-4756-b9de-e813dc1af0d3|127.0.0.1:15486]|listeners:[], old=null, confs=<EMPTY_MAP>
2024-04-29 10:07:05,697 [98bce0f1-b1ff-4756-b9de-e813dc1af0d3-groupManagement] INFO  server.RaftServerConfigKeys (ConfUtils.java:logGet(46)) - raft.server.notification.no-leader.timeout = 300000ms (custom)
2024-04-29 10:07:05,697 [98bce0f1-b1ff-4756-b9de-e813dc1af0d3-groupManagement] INFO  server.RaftServerConfigKeys (ConfUtils.java:logGet(46)) - raft.server.read.timeout = 10s (default)
2024-04-29 10:07:05,697 [98bce0f1-b1ff-4756-b9de-e813dc1af0d3-groupManagement] INFO  server.RaftServerConfigKeys (ConfUtils.java:logGet(46)) - raft.server.retrycache.expirytime = 600000ms (custom)
2024-04-29 10:07:05,697 [98bce0f1-b1ff-4756-b9de-e813dc1af0d3-groupManagement] INFO  server.RaftServerConfigKeys (ConfUtils.java:logGet(46)) - raft.server.retrycache.statistics.expirytime = 100ms (default)
2024-04-29 10:07:05,697 [98bce0f1-b1ff-4756-b9de-e813dc1af0d3-groupManagement] INFO  server.RaftServerConfigKeys (ConfUtils.java:logGet(46)) - raft.server.read.option = DEFAULT (default)
2024-04-29 10:07:05,697 [98bce0f1-b1ff-4756-b9de-e813dc1af0d3-groupManagement] INFO  server.RaftServerConfigKeys (ConfUtils.java:logGet(46)) - raft.server.read.read-after-write-consistent.write-index-cache.expiry-time = 60s (default)
2024-04-29 10:07:05,699 [98bce0f1-b1ff-4756-b9de-e813dc1af0d3-groupManagement] INFO  server.RaftServerConfigKeys (ConfUtils.java:logGet(46)) - raft.server.rpc.request.timeout = 3000ms (default)
2024-04-29 10:07:05,699 [98bce0f1-b1ff-4756-b9de-e813dc1af0d3-groupManagement] INFO  server.RaftServerConfigKeys (ConfUtils.java:logGet(46)) - raft.server.log.appender.install.snapshot.enabled = false (custom)
2024-04-29 10:07:05,699 [98bce0f1-b1ff-4756-b9de-e813dc1af0d3-groupManagement] INFO  server.RaftServerConfigKeys (ConfUtils.java:logGet(46)) - raft.server.threadpool.server.cached = true (default)
2024-04-29 10:07:05,699 [98bce0f1-b1ff-4756-b9de-e813dc1af0d3-groupManagement] INFO  server.RaftServerConfigKeys (ConfUtils.java:logGet(46)) - raft.server.threadpool.server.size = 0 (default)
2024-04-29 10:07:05,699 [98bce0f1-b1ff-4756-b9de-e813dc1af0d3-groupManagement] INFO  server.RaftServerConfigKeys (ConfUtils.java:logGet(46)) - raft.server.threadpool.client.cached = true (default)
2024-04-29 10:07:05,699 [98bce0f1-b1ff-4756-b9de-e813dc1af0d3-groupManagement] INFO  server.RaftServerConfigKeys (ConfUtils.java:logGet(46)) - raft.server.threadpool.client.size = 0 (default)
2024-04-29 10:07:05,699 [98bce0f1-b1ff-4756-b9de-e813dc1af0d3-groupManagement] INFO  server.RaftServerConfigKeys (ConfUtils.java:logGet(46)) - raft.server.storage.free-space.min = 0MB (=0) (default)
2024-04-29 10:07:05,699 [98bce0f1-b1ff-4756-b9de-e813dc1af0d3-groupManagement] INFO  server.RaftServerConfigKeys (ConfUtils.java:logGet(46)) - raft.server.log.corruption.policy = EXCEPTION (default)
2024-04-29 10:07:05,699 [98bce0f1-b1ff-4756-b9de-e813dc1af0d3-groupManagement] INFO  server.RaftServerConfigKeys (ConfUtils.java:logGet(46)) - raft.server.storage.dir = [/home/runner/work/ozone/ozone/hadoop-ozone/integration-test/target/test-dir/MiniOzoneClusterImpl-9e79b078-2218-4abd-b04c-a65fc7f927a6/ozone-meta/datanode-4/ratis] (custom)
2024-04-29 10:07:05,699 [98bce0f1-b1ff-4756-b9de-e813dc1af0d3-groupManagement] INFO  storage.RaftStorageDirectory (RaftStorageDirectoryImpl.java:analyzeStorage(138)) - The storage directory /home/runner/work/ozone/ozone/hadoop-ozone/integration-test/target/test-dir/MiniOzoneClusterImpl-9e79b078-2218-4abd-b04c-a65fc7f927a6/ozone-meta/datanode-4/ratis/e01ff82f-0497-4e07-ba82-441ab6a0d421 does not exist. Creating ...
2024-04-29 10:07:05,700 [98bce0f1-b1ff-4756-b9de-e813dc1af0d3-groupManagement] INFO  storage.RaftStorageDirectory (RaftStorageDirectoryImpl.java:tryLock(228)) - Lock on /home/runner/work/ozone/ozone/hadoop-ozone/integration-test/target/test-dir/MiniOzoneClusterImpl-9e79b078-2218-4abd-b04c-a65fc7f927a6/ozone-meta/datanode-4/ratis/e01ff82f-0497-4e07-ba82-441ab6a0d421/in_use.lock acquired by nodename 20825@fv-az913-54
2024-04-29 10:07:05,701 [98bce0f1-b1ff-4756-b9de-e813dc1af0d3-groupManagement] INFO  storage.RaftStorage (RaftStorageImpl.java:format(99)) - Storage directory /home/runner/work/ozone/ozone/hadoop-ozone/integration-test/target/test-dir/MiniOzoneClusterImpl-9e79b078-2218-4abd-b04c-a65fc7f927a6/ozone-meta/datanode-4/ratis/e01ff82f-0497-4e07-ba82-441ab6a0d421 has been successfully formatted.
2024-04-29 10:07:05,702 [98bce0f1-b1ff-4756-b9de-e813dc1af0d3-groupManagement] WARN  util.FileUtils (LogUtils.java:supplyAndLog(63)) - Failed to Files.newInputStream /home/runner/work/ozone/ozone/hadoop-ozone/integration-test/target/test-dir/MiniOzoneClusterImpl-9e79b078-2218-4abd-b04c-a65fc7f927a6/ozone-meta/datanode-4/ratis/e01ff82f-0497-4e07-ba82-441ab6a0d421/current/raft-meta.conf with options []: java.nio.file.NoSuchFileException: /home/runner/work/ozone/ozone/hadoop-ozone/integration-test/target/test-dir/MiniOzoneClusterImpl-9e79b078-2218-4abd-b04c-a65fc7f927a6/ozone-meta/datanode-4/ratis/e01ff82f-0497-4e07-ba82-441ab6a0d421/current/raft-meta.conf
2024-04-29 10:07:05,702 [98bce0f1-b1ff-4756-b9de-e813dc1af0d3-groupManagement] INFO  ratis.ContainerStateMachine (ContainerStateMachine.java:loadSnapshot(287)) - group-441AB6A0D421: The snapshot info is null. Setting the last applied index to:(t:0, i:~)
2024-04-29 10:07:05,702 [98bce0f1-b1ff-4756-b9de-e813dc1af0d3-groupManagement] INFO  server.RaftServerConfigKeys (ConfUtils.java:logGet(46)) - raft.server.log.use.memory = false (default)
2024-04-29 10:07:05,702 [98bce0f1-b1ff-4756-b9de-e813dc1af0d3-groupManagement] INFO  server.RaftServerConfigKeys (ConfUtils.java:logGet(46)) - raft.server.log.purge.gap = 1000000 (custom)
2024-04-29 10:07:05,702 [98bce0f1-b1ff-4756-b9de-e813dc1af0d3-groupManagement] INFO  server.RaftServerConfigKeys (ConfUtils.java:logGet(46)) - raft.server.log.appender.buffer.byte-limit = 8388608 (custom)
2024-04-29 10:07:05,702 [98bce0f1-b1ff-4756-b9de-e813dc1af0d3-groupManagement] INFO  server.RaftServerConfigKeys (ConfUtils.java:logGet(46)) - raft.server.log.statemachine.data.read.timeout = 1000ms (default)
2024-04-29 10:07:05,702 [98bce0f1-b1ff-4756-b9de-e813dc1af0d3-groupManagement] INFO  server.RaftServerConfigKeys (ConfUtils.java:logGet(46)) - raft.server.log.purge.preservation.log.num = 0 (default)
2024-04-29 10:07:05,702 [EventQueue-OpenPipelineForHealthyPipelineSafeModeRule] INFO  safemode.SCMSafeModeManager (HealthyPipelineSafeModeRule.java:process(140)) - SCM in safe mode. Healthy pipelines reported count is 0, required healthy pipeline reported count is 1
2024-04-29 10:07:05,703 [98bce0f1-b1ff-4756-b9de-e813dc1af0d3-groupManagement] INFO  server.RaftServerConfigKeys (ConfUtils.java:logGet(46)) - raft.server.log.segment.size.max = 67108864 (custom)
2024-04-29 10:07:05,703 [98bce0f1-b1ff-4756-b9de-e813dc1af0d3-groupManagement] INFO  server.RaftServerConfigKeys (ConfUtils.java:logGet(46)) - raft.server.log.segment.cache.num.max = 2 (custom)
2024-04-29 10:07:05,703 [98bce0f1-b1ff-4756-b9de-e813dc1af0d3-groupManagement] INFO  server.RaftServerConfigKeys (ConfUtils.java:logGet(46)) - raft.server.log.segment.cache.size.max = 200MB (=209715200) (default)
2024-04-29 10:07:05,703 [98bce0f1-b1ff-4756-b9de-e813dc1af0d3-groupManagement] INFO  server.RaftServerConfigKeys (ConfUtils.java:logGet(46)) - raft.server.log.appender.buffer.byte-limit = 8388608 (custom)
2024-04-29 10:07:05,703 [98bce0f1-b1ff-4756-b9de-e813dc1af0d3-groupManagement] INFO  util.AwaitToRun (AwaitToRun.java:start(81)) - Thread[98bce0f1-b1ff-4756-b9de-e813dc1af0d3@group-441AB6A0D421-cacheEviction-AwaitToRun,5,main] started
2024-04-29 10:07:05,703 [98bce0f1-b1ff-4756-b9de-e813dc1af0d3-groupManagement] INFO  segmented.SegmentedRaftLogWorker (SegmentedRaftLogWorker.java:<init>(182)) - new 98bce0f1-b1ff-4756-b9de-e813dc1af0d3@group-441AB6A0D421-SegmentedRaftLogWorker for RaftStorageImpl:Storage Directory /home/runner/work/ozone/ozone/hadoop-ozone/integration-test/target/test-dir/MiniOzoneClusterImpl-9e79b078-2218-4abd-b04c-a65fc7f927a6/ozone-meta/datanode-4/ratis/e01ff82f-0497-4e07-ba82-441ab6a0d421
2024-04-29 10:07:05,703 [98bce0f1-b1ff-4756-b9de-e813dc1af0d3-groupManagement] INFO  server.RaftServerConfigKeys (ConfUtils.java:logGet(46)) - raft.server.log.queue.byte-limit = 4294967296 (custom)
2024-04-29 10:07:05,703 [98bce0f1-b1ff-4756-b9de-e813dc1af0d3-groupManagement] INFO  server.RaftServerConfigKeys (ConfUtils.java:logGet(46)) - raft.server.log.queue.element-limit = 1024 (custom)
2024-04-29 10:07:05,703 [98bce0f1-b1ff-4756-b9de-e813dc1af0d3-groupManagement] INFO  server.RaftServerConfigKeys (ConfUtils.java:logGet(46)) - raft.server.log.segment.size.max = 67108864 (custom)
2024-04-29 10:07:05,704 [98bce0f1-b1ff-4756-b9de-e813dc1af0d3-groupManagement] INFO  server.RaftServerConfigKeys (ConfUtils.java:logGet(46)) - raft.server.log.preallocated.size = 4194304 (custom)
2024-04-29 10:07:05,704 [98bce0f1-b1ff-4756-b9de-e813dc1af0d3-groupManagement] INFO  server.RaftServerConfigKeys (ConfUtils.java:logGet(46)) - raft.server.log.force.sync.num = 128 (default)
2024-04-29 10:07:05,704 [98bce0f1-b1ff-4756-b9de-e813dc1af0d3-groupManagement] INFO  server.RaftServerConfigKeys (ConfUtils.java:logGet(46)) - raft.server.log.statemachine.data.sync = true (default)
2024-04-29 10:07:05,704 [98bce0f1-b1ff-4756-b9de-e813dc1af0d3-groupManagement] INFO  server.RaftServerConfigKeys (ConfUtils.java:logGet(46)) - raft.server.log.statemachine.data.sync.timeout = 10s (default)
2024-04-29 10:07:05,704 [98bce0f1-b1ff-4756-b9de-e813dc1af0d3-groupManagement] INFO  server.RaftServerConfigKeys (ConfUtils.java:logGet(46)) - raft.server.log.statemachine.data.sync.timeout.retry = 30 (custom)
2024-04-29 10:07:05,704 [98bce0f1-b1ff-4756-b9de-e813dc1af0d3-groupManagement] INFO  server.RaftServerConfigKeys (ConfUtils.java:logGet(46)) - raft.server.log.write.buffer.size = 8388616 (custom)
2024-04-29 10:07:05,705 [98bce0f1-b1ff-4756-b9de-e813dc1af0d3-groupManagement] INFO  server.RaftServerConfigKeys (ConfUtils.java:logGet(46)) - raft.server.log.appender.buffer.byte-limit = 8388608 (custom)
2024-04-29 10:07:05,705 [98bce0f1-b1ff-4756-b9de-e813dc1af0d3-groupManagement] INFO  server.RaftServerConfigKeys (ConfUtils.java:logGet(46)) - raft.server.log.unsafe-flush.enabled = false (default)
2024-04-29 10:07:05,705 [98bce0f1-b1ff-4756-b9de-e813dc1af0d3-groupManagement] INFO  server.RaftServerConfigKeys (ConfUtils.java:logGet(46)) - raft.server.log.async-flush.enabled = false (default)
2024-04-29 10:07:05,705 [98bce0f1-b1ff-4756-b9de-e813dc1af0d3-groupManagement] INFO  server.RaftServerConfigKeys (ConfUtils.java:logGet(46)) - raft.server.log.statemachine.data.caching.enabled = true (custom)
2024-04-29 10:07:05,705 [98bce0f1-b1ff-4756-b9de-e813dc1af0d3-groupManagement] INFO  segmented.SegmentedRaftLogWorker (SegmentedRaftLogWorker.java:lambda$new$0(134)) - 98bce0f1-b1ff-4756-b9de-e813dc1af0d3@group-441AB6A0D421-SegmentedRaftLogWorker: flushIndex: setUnconditionally 0 -> -1
2024-04-29 10:07:05,705 [98bce0f1-b1ff-4756-b9de-e813dc1af0d3-groupManagement] INFO  segmented.SegmentedRaftLogWorker (SegmentedRaftLogWorker.java:lambda$new$0(134)) - 98bce0f1-b1ff-4756-b9de-e813dc1af0d3@group-441AB6A0D421-SegmentedRaftLogWorker: safeCacheEvictIndex: setUnconditionally 0 -> -1
2024-04-29 10:07:05,705 [98bce0f1-b1ff-4756-b9de-e813dc1af0d3-groupManagement] INFO  server.RaftServer$Division (RaftServerImpl.java:start(396)) - 98bce0f1-b1ff-4756-b9de-e813dc1af0d3@group-441AB6A0D421: start as a follower, conf=-1: peers:[05a782ff-e365-47f1-b590-80dc8e3c2105|127.0.0.1:15495, 7c1b7d40-21b8-4f63-a346-8b6e9b157cbc|127.0.0.1:15504, 98bce0f1-b1ff-4756-b9de-e813dc1af0d3|127.0.0.1:15486]|listeners:[], old=null
2024-04-29 10:07:05,706 [98bce0f1-b1ff-4756-b9de-e813dc1af0d3-groupManagement] INFO  server.RaftServer$Division (RaftServerImpl.java:setRole(383)) - 98bce0f1-b1ff-4756-b9de-e813dc1af0d3@group-441AB6A0D421: changes role from      null to FOLLOWER at term 0 for startAsFollower
2024-04-29 10:07:05,706 [98bce0f1-b1ff-4756-b9de-e813dc1af0d3-groupManagement] INFO  impl.RoleInfo (RoleInfo.java:updateAndGet(139)) - 98bce0f1-b1ff-4756-b9de-e813dc1af0d3: start 98bce0f1-b1ff-4756-b9de-e813dc1af0d3@group-441AB6A0D421-FollowerState
2024-04-29 10:07:05,706 [98bce0f1-b1ff-4756-b9de-e813dc1af0d3-groupManagement] INFO  util.JmxRegister (JmxRegister.java:tryRegister(44)) - Successfully registered JMX Bean with object name Ratis:service=RaftServer,group=group-441AB6A0D421,id=98bce0f1-b1ff-4756-b9de-e813dc1af0d3
2024-04-29 10:07:05,706 [98bce0f1-b1ff-4756-b9de-e813dc1af0d3-groupManagement] INFO  server.RaftServerConfigKeys (ConfUtils.java:logGet(46)) - raft.server.snapshot.trigger-when-stop.enabled = true (default)
2024-04-29 10:07:05,706 [98bce0f1-b1ff-4756-b9de-e813dc1af0d3-groupManagement] INFO  server.RaftServerConfigKeys (ConfUtils.java:logGet(46)) - raft.server.snapshot.auto.trigger.enabled = true (custom)
2024-04-29 10:07:05,706 [98bce0f1-b1ff-4756-b9de-e813dc1af0d3-groupManagement] INFO  server.RaftServerConfigKeys (ConfUtils.java:logGet(46)) - raft.server.snapshot.auto.trigger.threshold = 10000 (custom)
2024-04-29 10:07:05,706 [98bce0f1-b1ff-4756-b9de-e813dc1af0d3-groupManagement] INFO  server.RaftServerConfigKeys (ConfUtils.java:logGet(46)) - raft.server.snapshot.retention.file.num = 5 (custom)
2024-04-29 10:07:05,706 [98bce0f1-b1ff-4756-b9de-e813dc1af0d3-groupManagement] INFO  server.RaftServerConfigKeys (ConfUtils.java:logGet(46)) - raft.server.log.purge.upto.snapshot.index = false (default)
2024-04-29 10:07:05,706 [98bce0f1-b1ff-4756-b9de-e813dc1af0d3@group-441AB6A0D421-FollowerState] INFO  server.RaftServerConfigKeys (ConfUtils.java:logFallback(53)) - raft.server.rpc.first-election.timeout.min = 5s (fallback to raft.server.rpc.timeout.min)
2024-04-29 10:07:05,706 [98bce0f1-b1ff-4756-b9de-e813dc1af0d3@group-441AB6A0D421-FollowerState] INFO  server.RaftServerConfigKeys (ConfUtils.java:logFallback(53)) - raft.server.rpc.first-election.timeout.max = 5200ms (fallback to raft.server.rpc.timeout.max)
2024-04-29 10:07:05,706 [98bce0f1-b1ff-4756-b9de-e813dc1af0d3-PipelineCommandHandlerThread-0] INFO  ratis.XceiverServerRatis (XceiverServerRatis.java:addGroup(864)) - Created group PipelineID=e01ff82f-0497-4e07-ba82-441ab6a0d421
2024-04-29 10:07:05,710 [grpc-default-executor-1] INFO  server.RaftServer (RaftServerProxy.java:addNew(100)) - 7c1b7d40-21b8-4f63-a346-8b6e9b157cbc: addNew group-441AB6A0D421:[05a782ff-e365-47f1-b590-80dc8e3c2105|127.0.0.1:15495, 7c1b7d40-21b8-4f63-a346-8b6e9b157cbc|127.0.0.1:15504, 98bce0f1-b1ff-4756-b9de-e813dc1af0d3|127.0.0.1:15486] returns group-441AB6A0D421:java.util.concurrent.CompletableFuture@76b9f951[Not completed]
2024-04-29 10:07:05,711 [7c1b7d40-21b8-4f63-a346-8b6e9b157cbc-groupManagement] INFO  server.RaftServer$Division (RaftServerImpl.java:<init>(256)) - 7c1b7d40-21b8-4f63-a346-8b6e9b157cbc: new RaftServerImpl for group-441AB6A0D421:[05a782ff-e365-47f1-b590-80dc8e3c2105|127.0.0.1:15495, 7c1b7d40-21b8-4f63-a346-8b6e9b157cbc|127.0.0.1:15504, 98bce0f1-b1ff-4756-b9de-e813dc1af0d3|127.0.0.1:15486] with ContainerStateMachine:uninitialized
2024-04-29 10:07:05,711 [7c1b7d40-21b8-4f63-a346-8b6e9b157cbc-groupManagement] INFO  server.RaftServerConfigKeys (ConfUtils.java:logGet(46)) - raft.server.rpc.timeout.min = 5s (custom)
2024-04-29 10:07:05,711 [7c1b7d40-21b8-4f63-a346-8b6e9b157cbc-groupManagement] INFO  server.RaftServerConfigKeys (ConfUtils.java:logGet(46)) - raft.server.rpc.timeout.max = 5200ms (custom)
2024-04-29 10:07:05,711 [7c1b7d40-21b8-4f63-a346-8b6e9b157cbc-groupManagement] INFO  server.RaftServerConfigKeys (ConfUtils.java:logGet(46)) - raft.server.rpc.sleep.time = 25ms (default)
2024-04-29 10:07:05,711 [7c1b7d40-21b8-4f63-a346-8b6e9b157cbc-groupManagement] INFO  server.RaftServerConfigKeys (ConfUtils.java:logGet(46)) - raft.server.rpc.slowness.timeout = 300000ms (custom)
2024-04-29 10:07:05,711 [7c1b7d40-21b8-4f63-a346-8b6e9b157cbc-groupManagement] INFO  server.RaftServerConfigKeys (ConfUtils.java:logGet(46)) - raft.server.leaderelection.leader.step-down.wait-time = 10s (default)
2024-04-29 10:07:05,711 [7c1b7d40-21b8-4f63-a346-8b6e9b157cbc-groupManagement] INFO  server.RaftServerConfigKeys (ConfUtils.java:logGet(46)) - raft.server.leaderelection.member.majority-add = false (default)
2024-04-29 10:07:05,711 [7c1b7d40-21b8-4f63-a346-8b6e9b157cbc-groupManagement] INFO  server.RaftServerConfigKeys (ConfUtils.java:logGet(46)) - raft.server.sleep.deviation.threshold = 300ms (default)
2024-04-29 10:07:05,711 [7c1b7d40-21b8-4f63-a346-8b6e9b157cbc-groupManagement] INFO  server.RaftServer$Division (ServerState.java:<init>(113)) - 7c1b7d40-21b8-4f63-a346-8b6e9b157cbc@group-441AB6A0D421: ConfigurationManager, init=-1: peers:[05a782ff-e365-47f1-b590-80dc8e3c2105|127.0.0.1:15495, 7c1b7d40-21b8-4f63-a346-8b6e9b157cbc|127.0.0.1:15504, 98bce0f1-b1ff-4756-b9de-e813dc1af0d3|127.0.0.1:15486]|listeners:[], old=null, confs=<EMPTY_MAP>
2024-04-29 10:07:05,711 [7c1b7d40-21b8-4f63-a346-8b6e9b157cbc-groupManagement] INFO  server.RaftServerConfigKeys (ConfUtils.java:logGet(46)) - raft.server.notification.no-leader.timeout = 300000ms (custom)
2024-04-29 10:07:05,711 [7c1b7d40-21b8-4f63-a346-8b6e9b157cbc-groupManagement] INFO  server.RaftServerConfigKeys (ConfUtils.java:logGet(46)) - raft.server.read.timeout = 10s (default)
2024-04-29 10:07:05,711 [7c1b7d40-21b8-4f63-a346-8b6e9b157cbc-groupManagement] INFO  server.RaftServerConfigKeys (ConfUtils.java:logGet(46)) - raft.server.retrycache.expirytime = 600000ms (custom)
2024-04-29 10:07:05,711 [7c1b7d40-21b8-4f63-a346-8b6e9b157cbc-groupManagement] INFO  server.RaftServerConfigKeys (ConfUtils.java:logGet(46)) - raft.server.retrycache.statistics.expirytime = 100ms (default)
2024-04-29 10:07:05,712 [7c1b7d40-21b8-4f63-a346-8b6e9b157cbc-groupManagement] INFO  server.RaftServerConfigKeys (ConfUtils.java:logGet(46)) - raft.server.read.option = DEFAULT (default)
2024-04-29 10:07:05,712 [7c1b7d40-21b8-4f63-a346-8b6e9b157cbc-groupManagement] INFO  server.RaftServerConfigKeys (ConfUtils.java:logGet(46)) - raft.server.read.read-after-write-consistent.write-index-cache.expiry-time = 60s (default)
2024-04-29 10:07:05,713 [7c1b7d40-21b8-4f63-a346-8b6e9b157cbc-groupManagement] INFO  server.RaftServerConfigKeys (ConfUtils.java:logGet(46)) - raft.server.rpc.request.timeout = 3000ms (default)
2024-04-29 10:07:05,713 [7c1b7d40-21b8-4f63-a346-8b6e9b157cbc-groupManagement] INFO  server.RaftServerConfigKeys (ConfUtils.java:logGet(46)) - raft.server.log.appender.install.snapshot.enabled = false (custom)
2024-04-29 10:07:05,713 [7c1b7d40-21b8-4f63-a346-8b6e9b157cbc-groupManagement] INFO  server.RaftServerConfigKeys (ConfUtils.java:logGet(46)) - raft.server.threadpool.server.cached = true (default)
2024-04-29 10:07:05,713 [7c1b7d40-21b8-4f63-a346-8b6e9b157cbc-groupManagement] INFO  server.RaftServerConfigKeys (ConfUtils.java:logGet(46)) - raft.server.threadpool.server.size = 0 (default)
2024-04-29 10:07:05,713 [7c1b7d40-21b8-4f63-a346-8b6e9b157cbc-groupManagement] INFO  server.RaftServerConfigKeys (ConfUtils.java:logGet(46)) - raft.server.threadpool.client.cached = true (default)
2024-04-29 10:07:05,713 [7c1b7d40-21b8-4f63-a346-8b6e9b157cbc-groupManagement] INFO  server.RaftServerConfigKeys (ConfUtils.java:logGet(46)) - raft.server.threadpool.client.size = 0 (default)
2024-04-29 10:07:05,713 [7c1b7d40-21b8-4f63-a346-8b6e9b157cbc-groupManagement] INFO  server.RaftServerConfigKeys (ConfUtils.java:logGet(46)) - raft.server.storage.free-space.min = 0MB (=0) (default)
2024-04-29 10:07:05,713 [7c1b7d40-21b8-4f63-a346-8b6e9b157cbc-groupManagement] INFO  server.RaftServerConfigKeys (ConfUtils.java:logGet(46)) - raft.server.log.corruption.policy = EXCEPTION (default)
2024-04-29 10:07:05,713 [7c1b7d40-21b8-4f63-a346-8b6e9b157cbc-groupManagement] INFO  server.RaftServerConfigKeys (ConfUtils.java:logGet(46)) - raft.server.storage.dir = [/home/runner/work/ozone/ozone/hadoop-ozone/integration-test/target/test-dir/MiniOzoneClusterImpl-9e79b078-2218-4abd-b04c-a65fc7f927a6/ozone-meta/datanode-6/ratis] (custom)
2024-04-29 10:07:05,713 [7c1b7d40-21b8-4f63-a346-8b6e9b157cbc-groupManagement] INFO  storage.RaftStorageDirectory (RaftStorageDirectoryImpl.java:analyzeStorage(138)) - The storage directory /home/runner/work/ozone/ozone/hadoop-ozone/integration-test/target/test-dir/MiniOzoneClusterImpl-9e79b078-2218-4abd-b04c-a65fc7f927a6/ozone-meta/datanode-6/ratis/e01ff82f-0497-4e07-ba82-441ab6a0d421 does not exist. Creating ...
2024-04-29 10:07:05,714 [7c1b7d40-21b8-4f63-a346-8b6e9b157cbc-groupManagement] INFO  storage.RaftStorageDirectory (RaftStorageDirectoryImpl.java:tryLock(228)) - Lock on /home/runner/work/ozone/ozone/hadoop-ozone/integration-test/target/test-dir/MiniOzoneClusterImpl-9e79b078-2218-4abd-b04c-a65fc7f927a6/ozone-meta/datanode-6/ratis/e01ff82f-0497-4e07-ba82-441ab6a0d421/in_use.lock acquired by nodename 20825@fv-az913-54
2024-04-29 10:07:05,715 [7c1b7d40-21b8-4f63-a346-8b6e9b157cbc-groupManagement] INFO  storage.RaftStorage (RaftStorageImpl.java:format(99)) - Storage directory /home/runner/work/ozone/ozone/hadoop-ozone/integration-test/target/test-dir/MiniOzoneClusterImpl-9e79b078-2218-4abd-b04c-a65fc7f927a6/ozone-meta/datanode-6/ratis/e01ff82f-0497-4e07-ba82-441ab6a0d421 has been successfully formatted.
2024-04-29 10:07:05,715 [7c1b7d40-21b8-4f63-a346-8b6e9b157cbc-groupManagement] WARN  util.FileUtils (LogUtils.java:supplyAndLog(63)) - Failed to Files.newInputStream /home/runner/work/ozone/ozone/hadoop-ozone/integration-test/target/test-dir/MiniOzoneClusterImpl-9e79b078-2218-4abd-b04c-a65fc7f927a6/ozone-meta/datanode-6/ratis/e01ff82f-0497-4e07-ba82-441ab6a0d421/current/raft-meta.conf with options []: java.nio.file.NoSuchFileException: /home/runner/work/ozone/ozone/hadoop-ozone/integration-test/target/test-dir/MiniOzoneClusterImpl-9e79b078-2218-4abd-b04c-a65fc7f927a6/ozone-meta/datanode-6/ratis/e01ff82f-0497-4e07-ba82-441ab6a0d421/current/raft-meta.conf
2024-04-29 10:07:05,715 [7c1b7d40-21b8-4f63-a346-8b6e9b157cbc-groupManagement] INFO  ratis.ContainerStateMachine (ContainerStateMachine.java:loadSnapshot(287)) - group-441AB6A0D421: The snapshot info is null. Setting the last applied index to:(t:0, i:~)
2024-04-29 10:07:05,715 [7c1b7d40-21b8-4f63-a346-8b6e9b157cbc-groupManagement] INFO  server.RaftServerConfigKeys (ConfUtils.java:logGet(46)) - raft.server.log.use.memory = false (default)
2024-04-29 10:07:05,716 [7c1b7d40-21b8-4f63-a346-8b6e9b157cbc-groupManagement] INFO  server.RaftServerConfigKeys (ConfUtils.java:logGet(46)) - raft.server.log.purge.gap = 1000000 (custom)
2024-04-29 10:07:05,716 [7c1b7d40-21b8-4f63-a346-8b6e9b157cbc-groupManagement] INFO  server.RaftServerConfigKeys (ConfUtils.java:logGet(46)) - raft.server.log.appender.buffer.byte-limit = 8388608 (custom)
2024-04-29 10:07:05,716 [7c1b7d40-21b8-4f63-a346-8b6e9b157cbc-groupManagement] INFO  server.RaftServerConfigKeys (ConfUtils.java:logGet(46)) - raft.server.log.statemachine.data.read.timeout = 1000ms (default)
2024-04-29 10:07:05,716 [7c1b7d40-21b8-4f63-a346-8b6e9b157cbc-groupManagement] INFO  server.RaftServerConfigKeys (ConfUtils.java:logGet(46)) - raft.server.log.purge.preservation.log.num = 0 (default)
2024-04-29 10:07:05,717 [7c1b7d40-21b8-4f63-a346-8b6e9b157cbc-groupManagement] INFO  server.RaftServerConfigKeys (ConfUtils.java:logGet(46)) - raft.server.log.segment.size.max = 67108864 (custom)
2024-04-29 10:07:05,717 [7c1b7d40-21b8-4f63-a346-8b6e9b157cbc-groupManagement] INFO  server.RaftServerConfigKeys (ConfUtils.java:logGet(46)) - raft.server.log.segment.cache.num.max = 2 (custom)
2024-04-29 10:07:05,717 [7c1b7d40-21b8-4f63-a346-8b6e9b157cbc-groupManagement] INFO  server.RaftServerConfigKeys (ConfUtils.java:logGet(46)) - raft.server.log.segment.cache.size.max = 200MB (=209715200) (default)
2024-04-29 10:07:05,717 [7c1b7d40-21b8-4f63-a346-8b6e9b157cbc-groupManagement] INFO  server.RaftServerConfigKeys (ConfUtils.java:logGet(46)) - raft.server.log.appender.buffer.byte-limit = 8388608 (custom)
2024-04-29 10:07:05,717 [7c1b7d40-21b8-4f63-a346-8b6e9b157cbc-groupManagement] INFO  util.AwaitToRun (AwaitToRun.java:start(81)) - Thread[7c1b7d40-21b8-4f63-a346-8b6e9b157cbc@group-441AB6A0D421-cacheEviction-AwaitToRun,5,main] started
2024-04-29 10:07:05,717 [7c1b7d40-21b8-4f63-a346-8b6e9b157cbc-groupManagement] INFO  segmented.SegmentedRaftLogWorker (SegmentedRaftLogWorker.java:<init>(182)) - new 7c1b7d40-21b8-4f63-a346-8b6e9b157cbc@group-441AB6A0D421-SegmentedRaftLogWorker for RaftStorageImpl:Storage Directory /home/runner/work/ozone/ozone/hadoop-ozone/integration-test/target/test-dir/MiniOzoneClusterImpl-9e79b078-2218-4abd-b04c-a65fc7f927a6/ozone-meta/datanode-6/ratis/e01ff82f-0497-4e07-ba82-441ab6a0d421
2024-04-29 10:07:05,717 [7c1b7d40-21b8-4f63-a346-8b6e9b157cbc-groupManagement] INFO  server.RaftServerConfigKeys (ConfUtils.java:logGet(46)) - raft.server.log.queue.byte-limit = 4294967296 (custom)
2024-04-29 10:07:05,717 [7c1b7d40-21b8-4f63-a346-8b6e9b157cbc-groupManagement] INFO  server.RaftServerConfigKeys (ConfUtils.java:logGet(46)) - raft.server.log.queue.element-limit = 1024 (custom)
2024-04-29 10:07:05,717 [7c1b7d40-21b8-4f63-a346-8b6e9b157cbc-groupManagement] INFO  server.RaftServerConfigKeys (ConfUtils.java:logGet(46)) - raft.server.log.segment.size.max = 67108864 (custom)
2024-04-29 10:07:05,717 [7c1b7d40-21b8-4f63-a346-8b6e9b157cbc-groupManagement] INFO  server.RaftServerConfigKeys (ConfUtils.java:logGet(46)) - raft.server.log.preallocated.size = 4194304 (custom)
2024-04-29 10:07:05,717 [7c1b7d40-21b8-4f63-a346-8b6e9b157cbc-groupManagement] INFO  server.RaftServerConfigKeys (ConfUtils.java:logGet(46)) - raft.server.log.force.sync.num = 128 (default)
2024-04-29 10:07:05,717 [7c1b7d40-21b8-4f63-a346-8b6e9b157cbc-groupManagement] INFO  server.RaftServerConfigKeys (ConfUtils.java:logGet(46)) - raft.server.log.statemachine.data.sync = true (default)
2024-04-29 10:07:05,717 [7c1b7d40-21b8-4f63-a346-8b6e9b157cbc-groupManagement] INFO  server.RaftServerConfigKeys (ConfUtils.java:logGet(46)) - raft.server.log.statemachine.data.sync.timeout = 10s (default)
2024-04-29 10:07:05,717 [7c1b7d40-21b8-4f63-a346-8b6e9b157cbc-groupManagement] INFO  server.RaftServerConfigKeys (ConfUtils.java:logGet(46)) - raft.server.log.statemachine.data.sync.timeout.retry = 30 (custom)
2024-04-29 10:07:05,717 [7c1b7d40-21b8-4f63-a346-8b6e9b157cbc-groupManagement] INFO  server.RaftServerConfigKeys (ConfUtils.java:logGet(46)) - raft.server.log.write.buffer.size = 8388616 (custom)
2024-04-29 10:07:05,719 [7c1b7d40-21b8-4f63-a346-8b6e9b157cbc-groupManagement] INFO  server.RaftServerConfigKeys (ConfUtils.java:logGet(46)) - raft.server.log.appender.buffer.byte-limit = 8388608 (custom)
2024-04-29 10:07:05,719 [7c1b7d40-21b8-4f63-a346-8b6e9b157cbc-groupManagement] INFO  server.RaftServerConfigKeys (ConfUtils.java:logGet(46)) - raft.server.log.unsafe-flush.enabled = false (default)
2024-04-29 10:07:05,719 [7c1b7d40-21b8-4f63-a346-8b6e9b157cbc-groupManagement] INFO  server.RaftServerConfigKeys (ConfUtils.java:logGet(46)) - raft.server.log.async-flush.enabled = false (default)
2024-04-29 10:07:05,719 [7c1b7d40-21b8-4f63-a346-8b6e9b157cbc-groupManagement] INFO  server.RaftServerConfigKeys (ConfUtils.java:logGet(46)) - raft.server.log.statemachine.data.caching.enabled = true (custom)
2024-04-29 10:07:05,719 [7c1b7d40-21b8-4f63-a346-8b6e9b157cbc-groupManagement] INFO  segmented.SegmentedRaftLogWorker (SegmentedRaftLogWorker.java:lambda$new$0(134)) - 7c1b7d40-21b8-4f63-a346-8b6e9b157cbc@group-441AB6A0D421-SegmentedRaftLogWorker: flushIndex: setUnconditionally 0 -> -1
2024-04-29 10:07:05,719 [7c1b7d40-21b8-4f63-a346-8b6e9b157cbc-groupManagement] INFO  segmented.SegmentedRaftLogWorker (SegmentedRaftLogWorker.java:lambda$new$0(134)) - 7c1b7d40-21b8-4f63-a346-8b6e9b157cbc@group-441AB6A0D421-SegmentedRaftLogWorker: safeCacheEvictIndex: setUnconditionally 0 -> -1
2024-04-29 10:07:05,719 [7c1b7d40-21b8-4f63-a346-8b6e9b157cbc-groupManagement] INFO  server.RaftServer$Division (RaftServerImpl.java:start(396)) - 7c1b7d40-21b8-4f63-a346-8b6e9b157cbc@group-441AB6A0D421: start as a follower, conf=-1: peers:[05a782ff-e365-47f1-b590-80dc8e3c2105|127.0.0.1:15495, 7c1b7d40-21b8-4f63-a346-8b6e9b157cbc|127.0.0.1:15504, 98bce0f1-b1ff-4756-b9de-e813dc1af0d3|127.0.0.1:15486]|listeners:[], old=null
2024-04-29 10:07:05,719 [7c1b7d40-21b8-4f63-a346-8b6e9b157cbc-groupManagement] INFO  server.RaftServer$Division (RaftServerImpl.java:setRole(383)) - 7c1b7d40-21b8-4f63-a346-8b6e9b157cbc@group-441AB6A0D421: changes role from      null to FOLLOWER at term 0 for startAsFollower
2024-04-29 10:07:05,719 [7c1b7d40-21b8-4f63-a346-8b6e9b157cbc-groupManagement] INFO  impl.RoleInfo (RoleInfo.java:updateAndGet(139)) - 7c1b7d40-21b8-4f63-a346-8b6e9b157cbc: start 7c1b7d40-21b8-4f63-a346-8b6e9b157cbc@group-441AB6A0D421-FollowerState
2024-04-29 10:07:05,719 [7c1b7d40-21b8-4f63-a346-8b6e9b157cbc@group-441AB6A0D421-FollowerState] INFO  server.RaftServerConfigKeys (ConfUtils.java:logFallback(53)) - raft.server.rpc.first-election.timeout.min = 5s (fallback to raft.server.rpc.timeout.min)
2024-04-29 10:07:05,719 [7c1b7d40-21b8-4f63-a346-8b6e9b157cbc-groupManagement] INFO  util.JmxRegister (JmxRegister.java:tryRegister(44)) - Successfully registered JMX Bean with object name Ratis:service=RaftServer,group=group-441AB6A0D421,id=7c1b7d40-21b8-4f63-a346-8b6e9b157cbc
2024-04-29 10:07:05,719 [7c1b7d40-21b8-4f63-a346-8b6e9b157cbc@group-441AB6A0D421-FollowerState] INFO  server.RaftServerConfigKeys (ConfUtils.java:logFallback(53)) - raft.server.rpc.first-election.timeout.max = 5200ms (fallback to raft.server.rpc.timeout.max)
2024-04-29 10:07:05,719 [7c1b7d40-21b8-4f63-a346-8b6e9b157cbc-groupManagement] INFO  server.RaftServerConfigKeys (ConfUtils.java:logGet(46)) - raft.server.snapshot.trigger-when-stop.enabled = true (default)
2024-04-29 10:07:05,720 [7c1b7d40-21b8-4f63-a346-8b6e9b157cbc-groupManagement] INFO  server.RaftServerConfigKeys (ConfUtils.java:logGet(46)) - raft.server.snapshot.auto.trigger.enabled = true (custom)
2024-04-29 10:07:05,720 [7c1b7d40-21b8-4f63-a346-8b6e9b157cbc-groupManagement] INFO  server.RaftServerConfigKeys (ConfUtils.java:logGet(46)) - raft.server.snapshot.auto.trigger.threshold = 10000 (custom)
2024-04-29 10:07:05,720 [7c1b7d40-21b8-4f63-a346-8b6e9b157cbc-groupManagement] INFO  server.RaftServerConfigKeys (ConfUtils.java:logGet(46)) - raft.server.snapshot.retention.file.num = 5 (custom)
2024-04-29 10:07:05,720 [7c1b7d40-21b8-4f63-a346-8b6e9b157cbc-groupManagement] INFO  server.RaftServerConfigKeys (ConfUtils.java:logGet(46)) - raft.server.log.purge.upto.snapshot.index = false (default)
2024-04-29 10:07:05,726 [grpc-default-executor-1] INFO  server.RaftServer (RaftServerProxy.java:addNew(100)) - 05a782ff-e365-47f1-b590-80dc8e3c2105: addNew group-441AB6A0D421:[05a782ff-e365-47f1-b590-80dc8e3c2105|127.0.0.1:15495, 7c1b7d40-21b8-4f63-a346-8b6e9b157cbc|127.0.0.1:15504, 98bce0f1-b1ff-4756-b9de-e813dc1af0d3|127.0.0.1:15486] returns group-441AB6A0D421:java.util.concurrent.CompletableFuture@1e7ec065[Not completed]
2024-04-29 10:07:05,726 [05a782ff-e365-47f1-b590-80dc8e3c2105-groupManagement] INFO  server.RaftServer$Division (RaftServerImpl.java:<init>(256)) - 05a782ff-e365-47f1-b590-80dc8e3c2105: new RaftServerImpl for group-441AB6A0D421:[05a782ff-e365-47f1-b590-80dc8e3c2105|127.0.0.1:15495, 7c1b7d40-21b8-4f63-a346-8b6e9b157cbc|127.0.0.1:15504, 98bce0f1-b1ff-4756-b9de-e813dc1af0d3|127.0.0.1:15486] with ContainerStateMachine:uninitialized
2024-04-29 10:07:05,726 [05a782ff-e365-47f1-b590-80dc8e3c2105-groupManagement] INFO  server.RaftServerConfigKeys (ConfUtils.java:logGet(46)) - raft.server.rpc.timeout.min = 5s (custom)
2024-04-29 10:07:05,726 [05a782ff-e365-47f1-b590-80dc8e3c2105-groupManagement] INFO  server.RaftServerConfigKeys (ConfUtils.java:logGet(46)) - raft.server.rpc.timeout.max = 5200ms (custom)
2024-04-29 10:07:05,726 [05a782ff-e365-47f1-b590-80dc8e3c2105-groupManagement] INFO  server.RaftServerConfigKeys (ConfUtils.java:logGet(46)) - raft.server.rpc.sleep.time = 25ms (default)
2024-04-29 10:07:05,726 [05a782ff-e365-47f1-b590-80dc8e3c2105-groupManagement] INFO  server.RaftServerConfigKeys (ConfUtils.java:logGet(46)) - raft.server.rpc.slowness.timeout = 300000ms (custom)
2024-04-29 10:07:05,726 [05a782ff-e365-47f1-b590-80dc8e3c2105-groupManagement] INFO  server.RaftServerConfigKeys (ConfUtils.java:logGet(46)) - raft.server.leaderelection.leader.step-down.wait-time = 10s (default)
2024-04-29 10:07:05,726 [05a782ff-e365-47f1-b590-80dc8e3c2105-groupManagement] INFO  server.RaftServerConfigKeys (ConfUtils.java:logGet(46)) - raft.server.leaderelection.member.majority-add = false (default)
2024-04-29 10:07:05,726 [05a782ff-e365-47f1-b590-80dc8e3c2105-groupManagement] INFO  server.RaftServerConfigKeys (ConfUtils.java:logGet(46)) - raft.server.sleep.deviation.threshold = 300ms (default)
2024-04-29 10:07:05,726 [05a782ff-e365-47f1-b590-80dc8e3c2105-groupManagement] INFO  server.RaftServer$Division (ServerState.java:<init>(113)) - 05a782ff-e365-47f1-b590-80dc8e3c2105@group-441AB6A0D421: ConfigurationManager, init=-1: peers:[05a782ff-e365-47f1-b590-80dc8e3c2105|127.0.0.1:15495, 7c1b7d40-21b8-4f63-a346-8b6e9b157cbc|127.0.0.1:15504, 98bce0f1-b1ff-4756-b9de-e813dc1af0d3|127.0.0.1:15486]|listeners:[], old=null, confs=<EMPTY_MAP>
2024-04-29 10:07:05,726 [05a782ff-e365-47f1-b590-80dc8e3c2105-groupManagement] INFO  server.RaftServerConfigKeys (ConfUtils.java:logGet(46)) - raft.server.notification.no-leader.timeout = 300000ms (custom)
2024-04-29 10:07:05,727 [05a782ff-e365-47f1-b590-80dc8e3c2105-groupManagement] INFO  server.RaftServerConfigKeys (ConfUtils.java:logGet(46)) - raft.server.read.timeout = 10s (default)
2024-04-29 10:07:05,727 [05a782ff-e365-47f1-b590-80dc8e3c2105-groupManagement] INFO  server.RaftServerConfigKeys (ConfUtils.java:logGet(46)) - raft.server.retrycache.expirytime = 600000ms (custom)
2024-04-29 10:07:05,727 [05a782ff-e365-47f1-b590-80dc8e3c2105-groupManagement] INFO  server.RaftServerConfigKeys (ConfUtils.java:logGet(46)) - raft.server.retrycache.statistics.expirytime = 100ms (default)
2024-04-29 10:07:05,727 [05a782ff-e365-47f1-b590-80dc8e3c2105-groupManagement] INFO  server.RaftServerConfigKeys (ConfUtils.java:logGet(46)) - raft.server.read.option = DEFAULT (default)
2024-04-29 10:07:05,727 [05a782ff-e365-47f1-b590-80dc8e3c2105-groupManagement] INFO  server.RaftServerConfigKeys (ConfUtils.java:logGet(46)) - raft.server.read.read-after-write-consistent.write-index-cache.expiry-time = 60s (default)
2024-04-29 10:07:05,728 [05a782ff-e365-47f1-b590-80dc8e3c2105-groupManagement] INFO  server.RaftServerConfigKeys (ConfUtils.java:logGet(46)) - raft.server.rpc.request.timeout = 3000ms (default)
2024-04-29 10:07:05,728 [05a782ff-e365-47f1-b590-80dc8e3c2105-groupManagement] INFO  server.RaftServerConfigKeys (ConfUtils.java:logGet(46)) - raft.server.log.appender.install.snapshot.enabled = false (custom)
2024-04-29 10:07:05,728 [05a782ff-e365-47f1-b590-80dc8e3c2105-groupManagement] INFO  server.RaftServerConfigKeys (ConfUtils.java:logGet(46)) - raft.server.threadpool.server.cached = true (default)
2024-04-29 10:07:05,728 [05a782ff-e365-47f1-b590-80dc8e3c2105-groupManagement] INFO  server.RaftServerConfigKeys (ConfUtils.java:logGet(46)) - raft.server.threadpool.server.size = 0 (default)
2024-04-29 10:07:05,728 [05a782ff-e365-47f1-b590-80dc8e3c2105-groupManagement] INFO  server.RaftServerConfigKeys (ConfUtils.java:logGet(46)) - raft.server.threadpool.client.cached = true (default)
2024-04-29 10:07:05,728 [05a782ff-e365-47f1-b590-80dc8e3c2105-groupManagement] INFO  server.RaftServerConfigKeys (ConfUtils.java:logGet(46)) - raft.server.threadpool.client.size = 0 (default)
2024-04-29 10:07:05,728 [05a782ff-e365-47f1-b590-80dc8e3c2105-groupManagement] INFO  server.RaftServerConfigKeys (ConfUtils.java:logGet(46)) - raft.server.storage.free-space.min = 0MB (=0) (default)
2024-04-29 10:07:05,728 [05a782ff-e365-47f1-b590-80dc8e3c2105-groupManagement] INFO  server.RaftServerConfigKeys (ConfUtils.java:logGet(46)) - raft.server.log.corruption.policy = EXCEPTION (default)
2024-04-29 10:07:05,729 [05a782ff-e365-47f1-b590-80dc8e3c2105-groupManagement] INFO  server.RaftServerConfigKeys (ConfUtils.java:logGet(46)) - raft.server.storage.dir = [/home/runner/work/ozone/ozone/hadoop-ozone/integration-test/target/test-dir/MiniOzoneClusterImpl-9e79b078-2218-4abd-b04c-a65fc7f927a6/ozone-meta/datanode-5/ratis] (custom)
2024-04-29 10:07:05,729 [05a782ff-e365-47f1-b590-80dc8e3c2105-groupManagement] INFO  storage.RaftStorageDirectory (RaftStorageDirectoryImpl.java:analyzeStorage(138)) - The storage directory /home/runner/work/ozone/ozone/hadoop-ozone/integration-test/target/test-dir/MiniOzoneClusterImpl-9e79b078-2218-4abd-b04c-a65fc7f927a6/ozone-meta/datanode-5/ratis/e01ff82f-0497-4e07-ba82-441ab6a0d421 does not exist. Creating ...
2024-04-29 10:07:05,729 [05a782ff-e365-47f1-b590-80dc8e3c2105-PipelineCommandHandlerThread-0] INFO  server.RaftServer (RaftServerProxy.java:addNew(100)) - 05a782ff-e365-47f1-b590-80dc8e3c2105: addNew group-656ABE1EE4F1:[05a782ff-e365-47f1-b590-80dc8e3c2105|127.0.0.1:15495] returns group-656ABE1EE4F1:java.util.concurrent.CompletableFuture@5cef0630[Not completed]
2024-04-29 10:07:05,730 [05a782ff-e365-47f1-b590-80dc8e3c2105-groupManagement] INFO  storage.RaftStorageDirectory (RaftStorageDirectoryImpl.java:tryLock(228)) - Lock on /home/runner/work/ozone/ozone/hadoop-ozone/integration-test/target/test-dir/MiniOzoneClusterImpl-9e79b078-2218-4abd-b04c-a65fc7f927a6/ozone-meta/datanode-5/ratis/e01ff82f-0497-4e07-ba82-441ab6a0d421/in_use.lock acquired by nodename 20825@fv-az913-54
2024-04-29 10:07:05,731 [05a782ff-e365-47f1-b590-80dc8e3c2105-groupManagement] INFO  storage.RaftStorage (RaftStorageImpl.java:format(99)) - Storage directory /home/runner/work/ozone/ozone/hadoop-ozone/integration-test/target/test-dir/MiniOzoneClusterImpl-9e79b078-2218-4abd-b04c-a65fc7f927a6/ozone-meta/datanode-5/ratis/e01ff82f-0497-4e07-ba82-441ab6a0d421 has been successfully formatted.
2024-04-29 10:07:05,731 [05a782ff-e365-47f1-b590-80dc8e3c2105-groupManagement] WARN  util.FileUtils (LogUtils.java:supplyAndLog(63)) - Failed to Files.newInputStream /home/runner/work/ozone/ozone/hadoop-ozone/integration-test/target/test-dir/MiniOzoneClusterImpl-9e79b078-2218-4abd-b04c-a65fc7f927a6/ozone-meta/datanode-5/ratis/e01ff82f-0497-4e07-ba82-441ab6a0d421/current/raft-meta.conf with options []: java.nio.file.NoSuchFileException: /home/runner/work/ozone/ozone/hadoop-ozone/integration-test/target/test-dir/MiniOzoneClusterImpl-9e79b078-2218-4abd-b04c-a65fc7f927a6/ozone-meta/datanode-5/ratis/e01ff82f-0497-4e07-ba82-441ab6a0d421/current/raft-meta.conf
2024-04-29 10:07:05,731 [05a782ff-e365-47f1-b590-80dc8e3c2105-groupManagement] INFO  ratis.ContainerStateMachine (ContainerStateMachine.java:loadSnapshot(287)) - group-441AB6A0D421: The snapshot info is null. Setting the last applied index to:(t:0, i:~)
2024-04-29 10:07:05,731 [05a782ff-e365-47f1-b590-80dc8e3c2105-groupManagement] INFO  server.RaftServerConfigKeys (ConfUtils.java:logGet(46)) - raft.server.log.use.memory = false (default)
2024-04-29 10:07:05,731 [05a782ff-e365-47f1-b590-80dc8e3c2105-groupManagement] INFO  server.RaftServerConfigKeys (ConfUtils.java:logGet(46)) - raft.server.log.purge.gap = 1000000 (custom)
2024-04-29 10:07:05,731 [05a782ff-e365-47f1-b590-80dc8e3c2105-groupManagement] INFO  server.RaftServerConfigKeys (ConfUtils.java:logGet(46)) - raft.server.log.appender.buffer.byte-limit = 8388608 (custom)
2024-04-29 10:07:05,731 [05a782ff-e365-47f1-b590-80dc8e3c2105-groupManagement] INFO  server.RaftServerConfigKeys (ConfUtils.java:logGet(46)) - raft.server.log.statemachine.data.read.timeout = 1000ms (default)
2024-04-29 10:07:05,731 [05a782ff-e365-47f1-b590-80dc8e3c2105-groupManagement] INFO  server.RaftServerConfigKeys (ConfUtils.java:logGet(46)) - raft.server.log.purge.preservation.log.num = 0 (default)
2024-04-29 10:07:05,732 [EventQueue-PipelineReportForPipelineReportHandler] INFO  pipeline.PipelineReportHandler (PipelineReportHandler.java:processPipelineReport(136)) - Opened pipeline PipelineID=f5de92bf-8eff-4819-905c-656abe1ee4f1
2024-04-29 10:07:05,732 [EventQueue-OpenPipelineForHealthyPipelineSafeModeRule] INFO  safemode.SCMSafeModeManager (HealthyPipelineSafeModeRule.java:process(140)) - SCM in safe mode. Healthy pipelines reported count is 0, required healthy pipeline reported count is 1
2024-04-29 10:07:05,732 [05a782ff-e365-47f1-b590-80dc8e3c2105-groupManagement] INFO  server.RaftServerConfigKeys (ConfUtils.java:logGet(46)) - raft.server.log.segment.size.max = 67108864 (custom)
2024-04-29 10:07:05,732 [05a782ff-e365-47f1-b590-80dc8e3c2105-groupManagement] INFO  server.RaftServerConfigKeys (ConfUtils.java:logGet(46)) - raft.server.log.segment.cache.num.max = 2 (custom)
2024-04-29 10:07:05,732 [05a782ff-e365-47f1-b590-80dc8e3c2105-groupManagement] INFO  server.RaftServerConfigKeys (ConfUtils.java:logGet(46)) - raft.server.log.segment.cache.size.max = 200MB (=209715200) (default)
2024-04-29 10:07:05,732 [05a782ff-e365-47f1-b590-80dc8e3c2105-groupManagement] INFO  server.RaftServerConfigKeys (ConfUtils.java:logGet(46)) - raft.server.log.appender.buffer.byte-limit = 8388608 (custom)
2024-04-29 10:07:05,733 [05a782ff-e365-47f1-b590-80dc8e3c2105-groupManagement] INFO  util.AwaitToRun (AwaitToRun.java:start(81)) - Thread[05a782ff-e365-47f1-b590-80dc8e3c2105@group-441AB6A0D421-cacheEviction-AwaitToRun,5,main] started
2024-04-29 10:07:05,733 [05a782ff-e365-47f1-b590-80dc8e3c2105-groupManagement] INFO  segmented.SegmentedRaftLogWorker (SegmentedRaftLogWorker.java:<init>(182)) - new 05a782ff-e365-47f1-b590-80dc8e3c2105@group-441AB6A0D421-SegmentedRaftLogWorker for RaftStorageImpl:Storage Directory /home/runner/work/ozone/ozone/hadoop-ozone/integration-test/target/test-dir/MiniOzoneClusterImpl-9e79b078-2218-4abd-b04c-a65fc7f927a6/ozone-meta/datanode-5/ratis/e01ff82f-0497-4e07-ba82-441ab6a0d421
2024-04-29 10:07:05,733 [05a782ff-e365-47f1-b590-80dc8e3c2105-groupManagement] INFO  server.RaftServerConfigKeys (ConfUtils.java:logGet(46)) - raft.server.log.queue.byte-limit = 4294967296 (custom)
2024-04-29 10:07:05,733 [05a782ff-e365-47f1-b590-80dc8e3c2105-groupManagement] INFO  server.RaftServerConfigKeys (ConfUtils.java:logGet(46)) - raft.server.log.queue.element-limit = 1024 (custom)
2024-04-29 10:07:05,733 [05a782ff-e365-47f1-b590-80dc8e3c2105-groupManagement] INFO  server.RaftServerConfigKeys (ConfUtils.java:logGet(46)) - raft.server.log.segment.size.max = 67108864 (custom)
2024-04-29 10:07:05,733 [05a782ff-e365-47f1-b590-80dc8e3c2105-groupManagement] INFO  server.RaftServerConfigKeys (ConfUtils.java:logGet(46)) - raft.server.log.preallocated.size = 4194304 (custom)
2024-04-29 10:07:05,733 [05a782ff-e365-47f1-b590-80dc8e3c2105-groupManagement] INFO  server.RaftServerConfigKeys (ConfUtils.java:logGet(46)) - raft.server.log.force.sync.num = 128 (default)
2024-04-29 10:07:05,733 [05a782ff-e365-47f1-b590-80dc8e3c2105-groupManagement] INFO  server.RaftServerConfigKeys (ConfUtils.java:logGet(46)) - raft.server.log.statemachine.data.sync = true (default)
2024-04-29 10:07:05,733 [05a782ff-e365-47f1-b590-80dc8e3c2105-groupManagement] INFO  server.RaftServerConfigKeys (ConfUtils.java:logGet(46)) - raft.server.log.statemachine.data.sync.timeout = 10s (default)
2024-04-29 10:07:05,733 [05a782ff-e365-47f1-b590-80dc8e3c2105-groupManagement] INFO  server.RaftServerConfigKeys (ConfUtils.java:logGet(46)) - raft.server.log.statemachine.data.sync.timeout.retry = 30 (custom)
2024-04-29 10:07:05,733 [05a782ff-e365-47f1-b590-80dc8e3c2105-groupManagement] INFO  server.RaftServerConfigKeys (ConfUtils.java:logGet(46)) - raft.server.log.write.buffer.size = 8388616 (custom)
2024-04-29 10:07:05,734 [05a782ff-e365-47f1-b590-80dc8e3c2105-groupManagement] INFO  server.RaftServerConfigKeys (ConfUtils.java:logGet(46)) - raft.server.log.appender.buffer.byte-limit = 8388608 (custom)
2024-04-29 10:07:05,734 [05a782ff-e365-47f1-b590-80dc8e3c2105-groupManagement] INFO  server.RaftServerConfigKeys (ConfUtils.java:logGet(46)) - raft.server.log.unsafe-flush.enabled = false (default)
2024-04-29 10:07:05,734 [05a782ff-e365-47f1-b590-80dc8e3c2105-groupManagement] INFO  server.RaftServerConfigKeys (ConfUtils.java:logGet(46)) - raft.server.log.async-flush.enabled = false (default)
2024-04-29 10:07:05,734 [05a782ff-e365-47f1-b590-80dc8e3c2105-groupManagement] INFO  server.RaftServerConfigKeys (ConfUtils.java:logGet(46)) - raft.server.log.statemachine.data.caching.enabled = true (custom)
2024-04-29 10:07:05,734 [05a782ff-e365-47f1-b590-80dc8e3c2105-groupManagement] INFO  segmented.SegmentedRaftLogWorker (SegmentedRaftLogWorker.java:lambda$new$0(134)) - 05a782ff-e365-47f1-b590-80dc8e3c2105@group-441AB6A0D421-SegmentedRaftLogWorker: flushIndex: setUnconditionally 0 -> -1
2024-04-29 10:07:05,734 [05a782ff-e365-47f1-b590-80dc8e3c2105-groupManagement] INFO  segmented.SegmentedRaftLogWorker (SegmentedRaftLogWorker.java:lambda$new$0(134)) - 05a782ff-e365-47f1-b590-80dc8e3c2105@group-441AB6A0D421-SegmentedRaftLogWorker: safeCacheEvictIndex: setUnconditionally 0 -> -1
2024-04-29 10:07:05,735 [05a782ff-e365-47f1-b590-80dc8e3c2105-groupManagement] INFO  server.RaftServer$Division (RaftServerImpl.java:start(396)) - 05a782ff-e365-47f1-b590-80dc8e3c2105@group-441AB6A0D421: start as a follower, conf=-1: peers:[05a782ff-e365-47f1-b590-80dc8e3c2105|127.0.0.1:15495, 7c1b7d40-21b8-4f63-a346-8b6e9b157cbc|127.0.0.1:15504, 98bce0f1-b1ff-4756-b9de-e813dc1af0d3|127.0.0.1:15486]|listeners:[], old=null
2024-04-29 10:07:05,735 [05a782ff-e365-47f1-b590-80dc8e3c2105-groupManagement] INFO  server.RaftServer$Division (RaftServerImpl.java:setRole(383)) - 05a782ff-e365-47f1-b590-80dc8e3c2105@group-441AB6A0D421: changes role from      null to FOLLOWER at term 0 for startAsFollower
2024-04-29 10:07:05,735 [05a782ff-e365-47f1-b590-80dc8e3c2105-groupManagement] INFO  impl.RoleInfo (RoleInfo.java:updateAndGet(139)) - 05a782ff-e365-47f1-b590-80dc8e3c2105: start 05a782ff-e365-47f1-b590-80dc8e3c2105@group-441AB6A0D421-FollowerState
2024-04-29 10:07:05,735 [05a782ff-e365-47f1-b590-80dc8e3c2105@group-441AB6A0D421-FollowerState] INFO  server.RaftServerConfigKeys (ConfUtils.java:logFallback(53)) - raft.server.rpc.first-election.timeout.min = 5s (fallback to raft.server.rpc.timeout.min)
2024-04-29 10:07:05,735 [05a782ff-e365-47f1-b590-80dc8e3c2105@group-441AB6A0D421-FollowerState] INFO  server.RaftServerConfigKeys (ConfUtils.java:logFallback(53)) - raft.server.rpc.first-election.timeout.max = 5200ms (fallback to raft.server.rpc.timeout.max)
2024-04-29 10:07:05,735 [05a782ff-e365-47f1-b590-80dc8e3c2105-groupManagement] INFO  util.JmxRegister (JmxRegister.java:tryRegister(44)) - Successfully registered JMX Bean with object name Ratis:service=RaftServer,group=group-441AB6A0D421,id=05a782ff-e365-47f1-b590-80dc8e3c2105
2024-04-29 10:07:05,735 [05a782ff-e365-47f1-b590-80dc8e3c2105-groupManagement] INFO  server.RaftServerConfigKeys (ConfUtils.java:logGet(46)) - raft.server.snapshot.trigger-when-stop.enabled = true (default)
2024-04-29 10:07:05,735 [05a782ff-e365-47f1-b590-80dc8e3c2105-groupManagement] INFO  server.RaftServerConfigKeys (ConfUtils.java:logGet(46)) - raft.server.snapshot.auto.trigger.enabled = true (custom)
2024-04-29 10:07:05,735 [05a782ff-e365-47f1-b590-80dc8e3c2105-groupManagement] INFO  server.RaftServerConfigKeys (ConfUtils.java:logGet(46)) - raft.server.snapshot.auto.trigger.threshold = 10000 (custom)
2024-04-29 10:07:05,735 [05a782ff-e365-47f1-b590-80dc8e3c2105-groupManagement] INFO  server.RaftServerConfigKeys (ConfUtils.java:logGet(46)) - raft.server.snapshot.retention.file.num = 5 (custom)
2024-04-29 10:07:05,735 [05a782ff-e365-47f1-b590-80dc8e3c2105-groupManagement] INFO  server.RaftServerConfigKeys (ConfUtils.java:logGet(46)) - raft.server.log.purge.upto.snapshot.index = false (default)
2024-04-29 10:07:05,736 [05a782ff-e365-47f1-b590-80dc8e3c2105-groupManagement] INFO  server.RaftServer$Division (RaftServerImpl.java:<init>(256)) - 05a782ff-e365-47f1-b590-80dc8e3c2105: new RaftServerImpl for group-656ABE1EE4F1:[05a782ff-e365-47f1-b590-80dc8e3c2105|127.0.0.1:15495] with ContainerStateMachine:uninitialized
2024-04-29 10:07:05,736 [05a782ff-e365-47f1-b590-80dc8e3c2105-groupManagement] INFO  server.RaftServerConfigKeys (ConfUtils.java:logGet(46)) - raft.server.rpc.timeout.min = 5s (custom)
2024-04-29 10:07:05,736 [05a782ff-e365-47f1-b590-80dc8e3c2105-groupManagement] INFO  server.RaftServerConfigKeys (ConfUtils.java:logGet(46)) - raft.server.rpc.timeout.max = 5200ms (custom)
2024-04-29 10:07:05,736 [05a782ff-e365-47f1-b590-80dc8e3c2105-groupManagement] INFO  server.RaftServerConfigKeys (ConfUtils.java:logGet(46)) - raft.server.rpc.sleep.time = 25ms (default)
2024-04-29 10:07:05,736 [05a782ff-e365-47f1-b590-80dc8e3c2105-groupManagement] INFO  server.RaftServerConfigKeys (ConfUtils.java:logGet(46)) - raft.server.rpc.slowness.timeout = 300000ms (custom)
2024-04-29 10:07:05,736 [05a782ff-e365-47f1-b590-80dc8e3c2105-groupManagement] INFO  server.RaftServerConfigKeys (ConfUtils.java:logGet(46)) - raft.server.leaderelection.leader.step-down.wait-time = 10s (default)
2024-04-29 10:07:05,737 [05a782ff-e365-47f1-b590-80dc8e3c2105-groupManagement] INFO  server.RaftServerConfigKeys (ConfUtils.java:logGet(46)) - raft.server.leaderelection.member.majority-add = false (default)
2024-04-29 10:07:05,737 [05a782ff-e365-47f1-b590-80dc8e3c2105-groupManagement] INFO  server.RaftServerConfigKeys (ConfUtils.java:logGet(46)) - raft.server.sleep.deviation.threshold = 300ms (default)
2024-04-29 10:07:05,737 [05a782ff-e365-47f1-b590-80dc8e3c2105-groupManagement] INFO  server.RaftServer$Division (ServerState.java:<init>(113)) - 05a782ff-e365-47f1-b590-80dc8e3c2105@group-656ABE1EE4F1: ConfigurationManager, init=-1: peers:[05a782ff-e365-47f1-b590-80dc8e3c2105|127.0.0.1:15495]|listeners:[], old=null, confs=<EMPTY_MAP>
2024-04-29 10:07:05,737 [05a782ff-e365-47f1-b590-80dc8e3c2105-groupManagement] INFO  server.RaftServerConfigKeys (ConfUtils.java:logGet(46)) - raft.server.notification.no-leader.timeout = 300000ms (custom)
2024-04-29 10:07:05,737 [05a782ff-e365-47f1-b590-80dc8e3c2105-groupManagement] INFO  server.RaftServerConfigKeys (ConfUtils.java:logGet(46)) - raft.server.read.timeout = 10s (default)
2024-04-29 10:07:05,737 [05a782ff-e365-47f1-b590-80dc8e3c2105-groupManagement] INFO  server.RaftServerConfigKeys (ConfUtils.java:logGet(46)) - raft.server.retrycache.expirytime = 600000ms (custom)
2024-04-29 10:07:05,737 [05a782ff-e365-47f1-b590-80dc8e3c2105-groupManagement] INFO  server.RaftServerConfigKeys (ConfUtils.java:logGet(46)) - raft.server.retrycache.statistics.expirytime = 100ms (default)
2024-04-29 10:07:05,737 [05a782ff-e365-47f1-b590-80dc8e3c2105-groupManagement] INFO  server.RaftServerConfigKeys (ConfUtils.java:logGet(46)) - raft.server.read.option = DEFAULT (default)
2024-04-29 10:07:05,737 [05a782ff-e365-47f1-b590-80dc8e3c2105-groupManagement] INFO  server.RaftServerConfigKeys (ConfUtils.java:logGet(46)) - raft.server.read.read-after-write-consistent.write-index-cache.expiry-time = 60s (default)
2024-04-29 10:07:05,739 [05a782ff-e365-47f1-b590-80dc8e3c2105-groupManagement] INFO  server.RaftServerConfigKeys (ConfUtils.java:logGet(46)) - raft.server.rpc.request.timeout = 3000ms (default)
2024-04-29 10:07:05,739 [05a782ff-e365-47f1-b590-80dc8e3c2105-groupManagement] INFO  server.RaftServerConfigKeys (ConfUtils.java:logGet(46)) - raft.server.log.appender.install.snapshot.enabled = false (custom)
2024-04-29 10:07:05,739 [05a782ff-e365-47f1-b590-80dc8e3c2105-groupManagement] INFO  server.RaftServerConfigKeys (ConfUtils.java:logGet(46)) - raft.server.threadpool.server.cached = true (default)
2024-04-29 10:07:05,739 [05a782ff-e365-47f1-b590-80dc8e3c2105-groupManagement] INFO  server.RaftServerConfigKeys (ConfUtils.java:logGet(46)) - raft.server.threadpool.server.size = 0 (default)
2024-04-29 10:07:05,739 [05a782ff-e365-47f1-b590-80dc8e3c2105-groupManagement] INFO  server.RaftServerConfigKeys (ConfUtils.java:logGet(46)) - raft.server.threadpool.client.cached = true (default)
2024-04-29 10:07:05,739 [05a782ff-e365-47f1-b590-80dc8e3c2105-groupManagement] INFO  server.RaftServerConfigKeys (ConfUtils.java:logGet(46)) - raft.server.threadpool.client.size = 0 (default)
2024-04-29 10:07:05,739 [05a782ff-e365-47f1-b590-80dc8e3c2105-groupManagement] INFO  server.RaftServerConfigKeys (ConfUtils.java:logGet(46)) - raft.server.storage.free-space.min = 0MB (=0) (default)
2024-04-29 10:07:05,739 [05a782ff-e365-47f1-b590-80dc8e3c2105-groupManagement] INFO  server.RaftServerConfigKeys (ConfUtils.java:logGet(46)) - raft.server.log.corruption.policy = EXCEPTION (default)
2024-04-29 10:07:05,739 [05a782ff-e365-47f1-b590-80dc8e3c2105-groupManagement] INFO  server.RaftServerConfigKeys (ConfUtils.java:logGet(46)) - raft.server.storage.dir = [/home/runner/work/ozone/ozone/hadoop-ozone/integration-test/target/test-dir/MiniOzoneClusterImpl-9e79b078-2218-4abd-b04c-a65fc7f927a6/ozone-meta/datanode-5/ratis] (custom)
2024-04-29 10:07:05,739 [05a782ff-e365-47f1-b590-80dc8e3c2105-groupManagement] INFO  storage.RaftStorageDirectory (RaftStorageDirectoryImpl.java:analyzeStorage(138)) - The storage directory /home/runner/work/ozone/ozone/hadoop-ozone/integration-test/target/test-dir/MiniOzoneClusterImpl-9e79b078-2218-4abd-b04c-a65fc7f927a6/ozone-meta/datanode-5/ratis/f5de92bf-8eff-4819-905c-656abe1ee4f1 does not exist. Creating ...
2024-04-29 10:07:05,739 [98bce0f1-b1ff-4756-b9de-e813dc1af0d3-PipelineCommandHandlerThread-0] INFO  commandhandler.CreatePipelineCommandHandler (CreatePipelineCommandHandler.java:lambda$handle$2(124)) - Created Pipeline RATIS THREE PipelineID=e01ff82f-0497-4e07-ba82-441ab6a0d421.
2024-04-29 10:07:05,740 [05a782ff-e365-47f1-b590-80dc8e3c2105-groupManagement] INFO  storage.RaftStorageDirectory (RaftStorageDirectoryImpl.java:tryLock(228)) - Lock on /home/runner/work/ozone/ozone/hadoop-ozone/integration-test/target/test-dir/MiniOzoneClusterImpl-9e79b078-2218-4abd-b04c-a65fc7f927a6/ozone-meta/datanode-5/ratis/f5de92bf-8eff-4819-905c-656abe1ee4f1/in_use.lock acquired by nodename 20825@fv-az913-54
2024-04-29 10:07:05,741 [05a782ff-e365-47f1-b590-80dc8e3c2105-groupManagement] INFO  storage.RaftStorage (RaftStorageImpl.java:format(99)) - Storage directory /home/runner/work/ozone/ozone/hadoop-ozone/integration-test/target/test-dir/MiniOzoneClusterImpl-9e79b078-2218-4abd-b04c-a65fc7f927a6/ozone-meta/datanode-5/ratis/f5de92bf-8eff-4819-905c-656abe1ee4f1 has been successfully formatted.
2024-04-29 10:07:05,741 [05a782ff-e365-47f1-b590-80dc8e3c2105-groupManagement] WARN  util.FileUtils (LogUtils.java:supplyAndLog(63)) - Failed to Files.newInputStream /home/runner/work/ozone/ozone/hadoop-ozone/integration-test/target/test-dir/MiniOzoneClusterImpl-9e79b078-2218-4abd-b04c-a65fc7f927a6/ozone-meta/datanode-5/ratis/f5de92bf-8eff-4819-905c-656abe1ee4f1/current/raft-meta.conf with options []: java.nio.file.NoSuchFileException: /home/runner/work/ozone/ozone/hadoop-ozone/integration-test/target/test-dir/MiniOzoneClusterImpl-9e79b078-2218-4abd-b04c-a65fc7f927a6/ozone-meta/datanode-5/ratis/f5de92bf-8eff-4819-905c-656abe1ee4f1/current/raft-meta.conf
2024-04-29 10:07:05,741 [05a782ff-e365-47f1-b590-80dc8e3c2105-groupManagement] INFO  ratis.ContainerStateMachine (ContainerStateMachine.java:loadSnapshot(287)) - group-656ABE1EE4F1: The snapshot info is null. Setting the last applied index to:(t:0, i:~)
2024-04-29 10:07:05,741 [05a782ff-e365-47f1-b590-80dc8e3c2105-groupManagement] INFO  server.RaftServerConfigKeys (ConfUtils.java:logGet(46)) - raft.server.log.use.memory = false (default)
2024-04-29 10:07:05,741 [05a782ff-e365-47f1-b590-80dc8e3c2105-groupManagement] INFO  server.RaftServerConfigKeys (ConfUtils.java:logGet(46)) - raft.server.log.purge.gap = 1000000 (custom)
2024-04-29 10:07:05,741 [05a782ff-e365-47f1-b590-80dc8e3c2105-groupManagement] INFO  server.RaftServerConfigKeys (ConfUtils.java:logGet(46)) - raft.server.log.appender.buffer.byte-limit = 8388608 (custom)
2024-04-29 10:07:05,741 [05a782ff-e365-47f1-b590-80dc8e3c2105-groupManagement] INFO  server.RaftServerConfigKeys (ConfUtils.java:logGet(46)) - raft.server.log.statemachine.data.read.timeout = 1000ms (default)
2024-04-29 10:07:05,741 [05a782ff-e365-47f1-b590-80dc8e3c2105-groupManagement] INFO  server.RaftServerConfigKeys (ConfUtils.java:logGet(46)) - raft.server.log.purge.preservation.log.num = 0 (default)
2024-04-29 10:07:05,742 [EventQueue-OpenPipelineForHealthyPipelineSafeModeRule] INFO  safemode.SCMSafeModeManager (HealthyPipelineSafeModeRule.java:process(140)) - SCM in safe mode. Healthy pipelines reported count is 0, required healthy pipeline reported count is 1
2024-04-29 10:07:05,742 [05a782ff-e365-47f1-b590-80dc8e3c2105-groupManagement] INFO  server.RaftServerConfigKeys (ConfUtils.java:logGet(46)) - raft.server.log.segment.size.max = 67108864 (custom)
2024-04-29 10:07:05,742 [05a782ff-e365-47f1-b590-80dc8e3c2105-groupManagement] INFO  server.RaftServerConfigKeys (ConfUtils.java:logGet(46)) - raft.server.log.segment.cache.num.max = 2 (custom)
2024-04-29 10:07:05,742 [05a782ff-e365-47f1-b590-80dc8e3c2105-groupManagement] INFO  server.RaftServerConfigKeys (ConfUtils.java:logGet(46)) - raft.server.log.segment.cache.size.max = 200MB (=209715200) (default)
2024-04-29 10:07:05,742 [05a782ff-e365-47f1-b590-80dc8e3c2105-groupManagement] INFO  server.RaftServerConfigKeys (ConfUtils.java:logGet(46)) - raft.server.log.appender.buffer.byte-limit = 8388608 (custom)
2024-04-29 10:07:05,743 [05a782ff-e365-47f1-b590-80dc8e3c2105-groupManagement] INFO  util.AwaitToRun (AwaitToRun.java:start(81)) - Thread[05a782ff-e365-47f1-b590-80dc8e3c2105@group-656ABE1EE4F1-cacheEviction-AwaitToRun,5,main] started
2024-04-29 10:07:05,743 [05a782ff-e365-47f1-b590-80dc8e3c2105-groupManagement] INFO  segmented.SegmentedRaftLogWorker (SegmentedRaftLogWorker.java:<init>(182)) - new 05a782ff-e365-47f1-b590-80dc8e3c2105@group-656ABE1EE4F1-SegmentedRaftLogWorker for RaftStorageImpl:Storage Directory /home/runner/work/ozone/ozone/hadoop-ozone/integration-test/target/test-dir/MiniOzoneClusterImpl-9e79b078-2218-4abd-b04c-a65fc7f927a6/ozone-meta/datanode-5/ratis/f5de92bf-8eff-4819-905c-656abe1ee4f1
2024-04-29 10:07:05,743 [05a782ff-e365-47f1-b590-80dc8e3c2105-groupManagement] INFO  server.RaftServerConfigKeys (ConfUtils.java:logGet(46)) - raft.server.log.queue.byte-limit = 4294967296 (custom)
2024-04-29 10:07:05,743 [05a782ff-e365-47f1-b590-80dc8e3c2105-groupManagement] INFO  server.RaftServerConfigKeys (ConfUtils.java:logGet(46)) - raft.server.log.queue.element-limit = 1024 (custom)
2024-04-29 10:07:05,743 [05a782ff-e365-47f1-b590-80dc8e3c2105-groupManagement] INFO  server.RaftServerConfigKeys (ConfUtils.java:logGet(46)) - raft.server.log.segment.size.max = 67108864 (custom)
2024-04-29 10:07:05,743 [05a782ff-e365-47f1-b590-80dc8e3c2105-groupManagement] INFO  server.RaftServerConfigKeys (ConfUtils.java:logGet(46)) - raft.server.log.preallocated.size = 4194304 (custom)
2024-04-29 10:07:05,743 [05a782ff-e365-47f1-b590-80dc8e3c2105-groupManagement] INFO  server.RaftServerConfigKeys (ConfUtils.java:logGet(46)) - raft.server.log.force.sync.num = 128 (default)
2024-04-29 10:07:05,743 [05a782ff-e365-47f1-b590-80dc8e3c2105-groupManagement] INFO  server.RaftServerConfigKeys (ConfUtils.java:logGet(46)) - raft.server.log.statemachine.data.sync = true (default)
2024-04-29 10:07:05,743 [05a782ff-e365-47f1-b590-80dc8e3c2105-groupManagement] INFO  server.RaftServerConfigKeys (ConfUtils.java:logGet(46)) - raft.server.log.statemachine.data.sync.timeout = 10s (default)
2024-04-29 10:07:05,743 [05a782ff-e365-47f1-b590-80dc8e3c2105-groupManagement] INFO  server.RaftServerConfigKeys (ConfUtils.java:logGet(46)) - raft.server.log.statemachine.data.sync.timeout.retry = 30 (custom)
2024-04-29 10:07:05,743 [05a782ff-e365-47f1-b590-80dc8e3c2105-groupManagement] INFO  server.RaftServerConfigKeys (ConfUtils.java:logGet(46)) - raft.server.log.write.buffer.size = 8388616 (custom)
2024-04-29 10:07:05,744 [05a782ff-e365-47f1-b590-80dc8e3c2105-groupManagement] INFO  server.RaftServerConfigKeys (ConfUtils.java:logGet(46)) - raft.server.log.appender.buffer.byte-limit = 8388608 (custom)
2024-04-29 10:07:05,744 [05a782ff-e365-47f1-b590-80dc8e3c2105-groupManagement] INFO  server.RaftServerConfigKeys (ConfUtils.java:logGet(46)) - raft.server.log.unsafe-flush.enabled = false (default)
2024-04-29 10:07:05,744 [05a782ff-e365-47f1-b590-80dc8e3c2105-groupManagement] INFO  server.RaftServerConfigKeys (ConfUtils.java:logGet(46)) - raft.server.log.async-flush.enabled = false (default)
2024-04-29 10:07:05,744 [05a782ff-e365-47f1-b590-80dc8e3c2105-groupManagement] INFO  server.RaftServerConfigKeys (ConfUtils.java:logGet(46)) - raft.server.log.statemachine.data.caching.enabled = true (custom)
2024-04-29 10:07:05,744 [05a782ff-e365-47f1-b590-80dc8e3c2105-groupManagement] INFO  segmented.SegmentedRaftLogWorker (SegmentedRaftLogWorker.java:lambda$new$0(134)) - 05a782ff-e365-47f1-b590-80dc8e3c2105@group-656ABE1EE4F1-SegmentedRaftLogWorker: flushIndex: setUnconditionally 0 -> -1
2024-04-29 10:07:05,745 [05a782ff-e365-47f1-b590-80dc8e3c2105-groupManagement] INFO  segmented.SegmentedRaftLogWorker (SegmentedRaftLogWorker.java:lambda$new$0(134)) - 05a782ff-e365-47f1-b590-80dc8e3c2105@group-656ABE1EE4F1-SegmentedRaftLogWorker: safeCacheEvictIndex: setUnconditionally 0 -> -1
2024-04-29 10:07:05,745 [05a782ff-e365-47f1-b590-80dc8e3c2105-groupManagement] INFO  server.RaftServer$Division (RaftServerImpl.java:start(396)) - 05a782ff-e365-47f1-b590-80dc8e3c2105@group-656ABE1EE4F1: start as a follower, conf=-1: peers:[05a782ff-e365-47f1-b590-80dc8e3c2105|127.0.0.1:15495]|listeners:[], old=null
2024-04-29 10:07:05,745 [05a782ff-e365-47f1-b590-80dc8e3c2105-groupManagement] INFO  server.RaftServer$Division (RaftServerImpl.java:setRole(383)) - 05a782ff-e365-47f1-b590-80dc8e3c2105@group-656ABE1EE4F1: changes role from      null to FOLLOWER at term 0 for startAsFollower
2024-04-29 10:07:05,745 [05a782ff-e365-47f1-b590-80dc8e3c2105-groupManagement] INFO  impl.RoleInfo (RoleInfo.java:updateAndGet(139)) - 05a782ff-e365-47f1-b590-80dc8e3c2105: start 05a782ff-e365-47f1-b590-80dc8e3c2105@group-656ABE1EE4F1-FollowerState
2024-04-29 10:07:05,745 [05a782ff-e365-47f1-b590-80dc8e3c2105-groupManagement] INFO  util.JmxRegister (JmxRegister.java:tryRegister(44)) - Successfully registered JMX Bean with object name Ratis:service=RaftServer,group=group-656ABE1EE4F1,id=05a782ff-e365-47f1-b590-80dc8e3c2105
2024-04-29 10:07:05,745 [05a782ff-e365-47f1-b590-80dc8e3c2105@group-656ABE1EE4F1-FollowerState] INFO  server.RaftServerConfigKeys (ConfUtils.java:logFallback(53)) - raft.server.rpc.first-election.timeout.min = 5s (fallback to raft.server.rpc.timeout.min)
2024-04-29 10:07:05,745 [05a782ff-e365-47f1-b590-80dc8e3c2105@group-656ABE1EE4F1-FollowerState] INFO  server.RaftServerConfigKeys (ConfUtils.java:logFallback(53)) - raft.server.rpc.first-election.timeout.max = 5200ms (fallback to raft.server.rpc.timeout.max)
2024-04-29 10:07:05,745 [05a782ff-e365-47f1-b590-80dc8e3c2105-groupManagement] INFO  server.RaftServerConfigKeys (ConfUtils.java:logGet(46)) - raft.server.snapshot.trigger-when-stop.enabled = true (default)
2024-04-29 10:07:05,745 [05a782ff-e365-47f1-b590-80dc8e3c2105-groupManagement] INFO  server.RaftServerConfigKeys (ConfUtils.java:logGet(46)) - raft.server.snapshot.auto.trigger.enabled = true (custom)
2024-04-29 10:07:05,745 [05a782ff-e365-47f1-b590-80dc8e3c2105-groupManagement] INFO  server.RaftServerConfigKeys (ConfUtils.java:logGet(46)) - raft.server.snapshot.auto.trigger.threshold = 10000 (custom)
2024-04-29 10:07:05,745 [05a782ff-e365-47f1-b590-80dc8e3c2105-groupManagement] INFO  server.RaftServerConfigKeys (ConfUtils.java:logGet(46)) - raft.server.snapshot.retention.file.num = 5 (custom)
2024-04-29 10:07:05,745 [05a782ff-e365-47f1-b590-80dc8e3c2105-groupManagement] INFO  server.RaftServerConfigKeys (ConfUtils.java:logGet(46)) - raft.server.log.purge.upto.snapshot.index = false (default)
2024-04-29 10:07:05,746 [05a782ff-e365-47f1-b590-80dc8e3c2105-PipelineCommandHandlerThread-0] INFO  ratis.XceiverServerRatis (XceiverServerRatis.java:addGroup(864)) - Created group PipelineID=f5de92bf-8eff-4819-905c-656abe1ee4f1
2024-04-29 10:07:05,746 [05a782ff-e365-47f1-b590-80dc8e3c2105-PipelineCommandHandlerThread-0] INFO  commandhandler.CreatePipelineCommandHandler (CreatePipelineCommandHandler.java:lambda$handle$2(124)) - Created Pipeline RATIS ONE PipelineID=f5de92bf-8eff-4819-905c-656abe1ee4f1.
2024-04-29 10:07:05,792 [7c1b7d40-21b8-4f63-a346-8b6e9b157cbc-PipelineCommandHandlerThread-0] INFO  server.RaftServer (RaftServerProxy.java:addNew(100)) - 7c1b7d40-21b8-4f63-a346-8b6e9b157cbc: addNew group-9A2A807AA8F8:[7c1b7d40-21b8-4f63-a346-8b6e9b157cbc|127.0.0.1:15504] returns group-9A2A807AA8F8:java.util.concurrent.CompletableFuture@7af7a63d[Not completed]
2024-04-29 10:07:05,792 [7c1b7d40-21b8-4f63-a346-8b6e9b157cbc-groupManagement] INFO  server.RaftServer$Division (RaftServerImpl.java:<init>(256)) - 7c1b7d40-21b8-4f63-a346-8b6e9b157cbc: new RaftServerImpl for group-9A2A807AA8F8:[7c1b7d40-21b8-4f63-a346-8b6e9b157cbc|127.0.0.1:15504] with ContainerStateMachine:uninitialized
2024-04-29 10:07:05,792 [7c1b7d40-21b8-4f63-a346-8b6e9b157cbc-groupManagement] INFO  server.RaftServerConfigKeys (ConfUtils.java:logGet(46)) - raft.server.rpc.timeout.min = 5s (custom)
2024-04-29 10:07:05,792 [7c1b7d40-21b8-4f63-a346-8b6e9b157cbc-groupManagement] INFO  server.RaftServerConfigKeys (ConfUtils.java:logGet(46)) - raft.server.rpc.timeout.max = 5200ms (custom)
2024-04-29 10:07:05,792 [7c1b7d40-21b8-4f63-a346-8b6e9b157cbc-groupManagement] INFO  server.RaftServerConfigKeys (ConfUtils.java:logGet(46)) - raft.server.rpc.sleep.time = 25ms (default)
2024-04-29 10:07:05,792 [7c1b7d40-21b8-4f63-a346-8b6e9b157cbc-groupManagement] INFO  server.RaftServerConfigKeys (ConfUtils.java:logGet(46)) - raft.server.rpc.slowness.timeout = 300000ms (custom)
2024-04-29 10:07:05,792 [7c1b7d40-21b8-4f63-a346-8b6e9b157cbc-groupManagement] INFO  server.RaftServerConfigKeys (ConfUtils.java:logGet(46)) - raft.server.leaderelection.leader.step-down.wait-time = 10s (default)
2024-04-29 10:07:05,792 [7c1b7d40-21b8-4f63-a346-8b6e9b157cbc-groupManagement] INFO  server.RaftServerConfigKeys (ConfUtils.java:logGet(46)) - raft.server.leaderelection.member.majority-add = false (default)
2024-04-29 10:07:05,792 [7c1b7d40-21b8-4f63-a346-8b6e9b157cbc-groupManagement] INFO  server.RaftServerConfigKeys (ConfUtils.java:logGet(46)) - raft.server.sleep.deviation.threshold = 300ms (default)
2024-04-29 10:07:05,792 [7c1b7d40-21b8-4f63-a346-8b6e9b157cbc-groupManagement] INFO  server.RaftServer$Division (ServerState.java:<init>(113)) - 7c1b7d40-21b8-4f63-a346-8b6e9b157cbc@group-9A2A807AA8F8: ConfigurationManager, init=-1: peers:[7c1b7d40-21b8-4f63-a346-8b6e9b157cbc|127.0.0.1:15504]|listeners:[], old=null, confs=<EMPTY_MAP>
2024-04-29 10:07:05,793 [7c1b7d40-21b8-4f63-a346-8b6e9b157cbc-groupManagement] INFO  server.RaftServerConfigKeys (ConfUtils.java:logGet(46)) - raft.server.notification.no-leader.timeout = 300000ms (custom)
2024-04-29 10:07:05,793 [7c1b7d40-21b8-4f63-a346-8b6e9b157cbc-groupManagement] INFO  server.RaftServerConfigKeys (ConfUtils.java:logGet(46)) - raft.server.read.timeout = 10s (default)
2024-04-29 10:07:05,793 [7c1b7d40-21b8-4f63-a346-8b6e9b157cbc-groupManagement] INFO  server.RaftServerConfigKeys (ConfUtils.java:logGet(46)) - raft.server.retrycache.expirytime = 600000ms (custom)
2024-04-29 10:07:05,793 [7c1b7d40-21b8-4f63-a346-8b6e9b157cbc-groupManagement] INFO  server.RaftServerConfigKeys (ConfUtils.java:logGet(46)) - raft.server.retrycache.statistics.expirytime = 100ms (default)
2024-04-29 10:07:05,793 [7c1b7d40-21b8-4f63-a346-8b6e9b157cbc-groupManagement] INFO  server.RaftServerConfigKeys (ConfUtils.java:logGet(46)) - raft.server.read.option = DEFAULT (default)
2024-04-29 10:07:05,793 [7c1b7d40-21b8-4f63-a346-8b6e9b157cbc-groupManagement] INFO  server.RaftServerConfigKeys (ConfUtils.java:logGet(46)) - raft.server.read.read-after-write-consistent.write-index-cache.expiry-time = 60s (default)
2024-04-29 10:07:05,794 [7c1b7d40-21b8-4f63-a346-8b6e9b157cbc-groupManagement] INFO  server.RaftServerConfigKeys (ConfUtils.java:logGet(46)) - raft.server.rpc.request.timeout = 3000ms (default)
2024-04-29 10:07:05,794 [7c1b7d40-21b8-4f63-a346-8b6e9b157cbc-groupManagement] INFO  server.RaftServerConfigKeys (ConfUtils.java:logGet(46)) - raft.server.log.appender.install.snapshot.enabled = false (custom)
2024-04-29 10:07:05,794 [7c1b7d40-21b8-4f63-a346-8b6e9b157cbc-groupManagement] INFO  server.RaftServerConfigKeys (ConfUtils.java:logGet(46)) - raft.server.threadpool.server.cached = true (default)
2024-04-29 10:07:05,794 [7c1b7d40-21b8-4f63-a346-8b6e9b157cbc-groupManagement] INFO  server.RaftServerConfigKeys (ConfUtils.java:logGet(46)) - raft.server.threadpool.server.size = 0 (default)
2024-04-29 10:07:05,794 [7c1b7d40-21b8-4f63-a346-8b6e9b157cbc-groupManagement] INFO  server.RaftServerConfigKeys (ConfUtils.java:logGet(46)) - raft.server.threadpool.client.cached = true (default)
2024-04-29 10:07:05,794 [7c1b7d40-21b8-4f63-a346-8b6e9b157cbc-groupManagement] INFO  server.RaftServerConfigKeys (ConfUtils.java:logGet(46)) - raft.server.threadpool.client.size = 0 (default)
2024-04-29 10:07:05,794 [7c1b7d40-21b8-4f63-a346-8b6e9b157cbc-groupManagement] INFO  server.RaftServerConfigKeys (ConfUtils.java:logGet(46)) - raft.server.storage.free-space.min = 0MB (=0) (default)
2024-04-29 10:07:05,794 [7c1b7d40-21b8-4f63-a346-8b6e9b157cbc-groupManagement] INFO  server.RaftServerConfigKeys (ConfUtils.java:logGet(46)) - raft.server.log.corruption.policy = EXCEPTION (default)
2024-04-29 10:07:05,794 [7c1b7d40-21b8-4f63-a346-8b6e9b157cbc-groupManagement] INFO  server.RaftServerConfigKeys (ConfUtils.java:logGet(46)) - raft.server.storage.dir = [/home/runner/work/ozone/ozone/hadoop-ozone/integration-test/target/test-dir/MiniOzoneClusterImpl-9e79b078-2218-4abd-b04c-a65fc7f927a6/ozone-meta/datanode-6/ratis] (custom)
2024-04-29 10:07:05,795 [7c1b7d40-21b8-4f63-a346-8b6e9b157cbc-groupManagement] INFO  storage.RaftStorageDirectory (RaftStorageDirectoryImpl.java:analyzeStorage(138)) - The storage directory /home/runner/work/ozone/ozone/hadoop-ozone/integration-test/target/test-dir/MiniOzoneClusterImpl-9e79b078-2218-4abd-b04c-a65fc7f927a6/ozone-meta/datanode-6/ratis/03df29b8-9c30-4757-b1ef-9a2a807aa8f8 does not exist. Creating ...
2024-04-29 10:07:05,796 [7c1b7d40-21b8-4f63-a346-8b6e9b157cbc-groupManagement] INFO  storage.RaftStorageDirectory (RaftStorageDirectoryImpl.java:tryLock(228)) - Lock on /home/runner/work/ozone/ozone/hadoop-ozone/integration-test/target/test-dir/MiniOzoneClusterImpl-9e79b078-2218-4abd-b04c-a65fc7f927a6/ozone-meta/datanode-6/ratis/03df29b8-9c30-4757-b1ef-9a2a807aa8f8/in_use.lock acquired by nodename 20825@fv-az913-54
2024-04-29 10:07:05,797 [7c1b7d40-21b8-4f63-a346-8b6e9b157cbc-groupManagement] INFO  storage.RaftStorage (RaftStorageImpl.java:format(99)) - Storage directory /home/runner/work/ozone/ozone/hadoop-ozone/integration-test/target/test-dir/MiniOzoneClusterImpl-9e79b078-2218-4abd-b04c-a65fc7f927a6/ozone-meta/datanode-6/ratis/03df29b8-9c30-4757-b1ef-9a2a807aa8f8 has been successfully formatted.
2024-04-29 10:07:05,797 [7c1b7d40-21b8-4f63-a346-8b6e9b157cbc-groupManagement] WARN  util.FileUtils (LogUtils.java:supplyAndLog(63)) - Failed to Files.newInputStream /home/runner/work/ozone/ozone/hadoop-ozone/integration-test/target/test-dir/MiniOzoneClusterImpl-9e79b078-2218-4abd-b04c-a65fc7f927a6/ozone-meta/datanode-6/ratis/03df29b8-9c30-4757-b1ef-9a2a807aa8f8/current/raft-meta.conf with options []: java.nio.file.NoSuchFileException: /home/runner/work/ozone/ozone/hadoop-ozone/integration-test/target/test-dir/MiniOzoneClusterImpl-9e79b078-2218-4abd-b04c-a65fc7f927a6/ozone-meta/datanode-6/ratis/03df29b8-9c30-4757-b1ef-9a2a807aa8f8/current/raft-meta.conf
2024-04-29 10:07:05,797 [7c1b7d40-21b8-4f63-a346-8b6e9b157cbc-groupManagement] INFO  ratis.ContainerStateMachine (ContainerStateMachine.java:loadSnapshot(287)) - group-9A2A807AA8F8: The snapshot info is null. Setting the last applied index to:(t:0, i:~)
2024-04-29 10:07:05,797 [7c1b7d40-21b8-4f63-a346-8b6e9b157cbc-groupManagement] INFO  server.RaftServerConfigKeys (ConfUtils.java:logGet(46)) - raft.server.log.use.memory = false (default)
2024-04-29 10:07:05,797 [7c1b7d40-21b8-4f63-a346-8b6e9b157cbc-groupManagement] INFO  server.RaftServerConfigKeys (ConfUtils.java:logGet(46)) - raft.server.log.purge.gap = 1000000 (custom)
2024-04-29 10:07:05,797 [7c1b7d40-21b8-4f63-a346-8b6e9b157cbc-groupManagement] INFO  server.RaftServerConfigKeys (ConfUtils.java:logGet(46)) - raft.server.log.appender.buffer.byte-limit = 8388608 (custom)
2024-04-29 10:07:05,797 [7c1b7d40-21b8-4f63-a346-8b6e9b157cbc-groupManagement] INFO  server.RaftServerConfigKeys (ConfUtils.java:logGet(46)) - raft.server.log.statemachine.data.read.timeout = 1000ms (default)
2024-04-29 10:07:05,797 [7c1b7d40-21b8-4f63-a346-8b6e9b157cbc-groupManagement] INFO  server.RaftServerConfigKeys (ConfUtils.java:logGet(46)) - raft.server.log.purge.preservation.log.num = 0 (default)
2024-04-29 10:07:05,798 [EventQueue-PipelineReportForPipelineReportHandler] INFO  pipeline.PipelineReportHandler (PipelineReportHandler.java:processPipelineReport(136)) - Opened pipeline PipelineID=03df29b8-9c30-4757-b1ef-9a2a807aa8f8
2024-04-29 10:07:05,798 [EventQueue-OpenPipelineForHealthyPipelineSafeModeRule] INFO  safemode.SCMSafeModeManager (HealthyPipelineSafeModeRule.java:process(140)) - SCM in safe mode. Healthy pipelines reported count is 0, required healthy pipeline reported count is 1
2024-04-29 10:07:05,799 [7c1b7d40-21b8-4f63-a346-8b6e9b157cbc-groupManagement] INFO  server.RaftServerConfigKeys (ConfUtils.java:logGet(46)) - raft.server.log.segment.size.max = 67108864 (custom)
2024-04-29 10:07:05,799 [7c1b7d40-21b8-4f63-a346-8b6e9b157cbc-groupManagement] INFO  server.RaftServerConfigKeys (ConfUtils.java:logGet(46)) - raft.server.log.segment.cache.num.max = 2 (custom)
2024-04-29 10:07:05,799 [7c1b7d40-21b8-4f63-a346-8b6e9b157cbc-groupManagement] INFO  server.RaftServerConfigKeys (ConfUtils.java:logGet(46)) - raft.server.log.segment.cache.size.max = 200MB (=209715200) (default)
2024-04-29 10:07:05,799 [7c1b7d40-21b8-4f63-a346-8b6e9b157cbc-groupManagement] INFO  server.RaftServerConfigKeys (ConfUtils.java:logGet(46)) - raft.server.log.appender.buffer.byte-limit = 8388608 (custom)
2024-04-29 10:07:05,799 [7c1b7d40-21b8-4f63-a346-8b6e9b157cbc-groupManagement] INFO  util.AwaitToRun (AwaitToRun.java:start(81)) - Thread[7c1b7d40-21b8-4f63-a346-8b6e9b157cbc@group-9A2A807AA8F8-cacheEviction-AwaitToRun,5,main] started
2024-04-29 10:07:05,799 [7c1b7d40-21b8-4f63-a346-8b6e9b157cbc-groupManagement] INFO  segmented.SegmentedRaftLogWorker (SegmentedRaftLogWorker.java:<init>(182)) - new 7c1b7d40-21b8-4f63-a346-8b6e9b157cbc@group-9A2A807AA8F8-SegmentedRaftLogWorker for RaftStorageImpl:Storage Directory /home/runner/work/ozone/ozone/hadoop-ozone/integration-test/target/test-dir/MiniOzoneClusterImpl-9e79b078-2218-4abd-b04c-a65fc7f927a6/ozone-meta/datanode-6/ratis/03df29b8-9c30-4757-b1ef-9a2a807aa8f8
2024-04-29 10:07:05,799 [7c1b7d40-21b8-4f63-a346-8b6e9b157cbc-groupManagement] INFO  server.RaftServerConfigKeys (ConfUtils.java:logGet(46)) - raft.server.log.queue.byte-limit = 4294967296 (custom)
2024-04-29 10:07:05,799 [7c1b7d40-21b8-4f63-a346-8b6e9b157cbc-groupManagement] INFO  server.RaftServerConfigKeys (ConfUtils.java:logGet(46)) - raft.server.log.queue.element-limit = 1024 (custom)
2024-04-29 10:07:05,799 [7c1b7d40-21b8-4f63-a346-8b6e9b157cbc-groupManagement] INFO  server.RaftServerConfigKeys (ConfUtils.java:logGet(46)) - raft.server.log.segment.size.max = 67108864 (custom)
2024-04-29 10:07:05,799 [7c1b7d40-21b8-4f63-a346-8b6e9b157cbc-groupManagement] INFO  server.RaftServerConfigKeys (ConfUtils.java:logGet(46)) - raft.server.log.preallocated.size = 4194304 (custom)
2024-04-29 10:07:05,799 [7c1b7d40-21b8-4f63-a346-8b6e9b157cbc-groupManagement] INFO  server.RaftServerConfigKeys (ConfUtils.java:logGet(46)) - raft.server.log.force.sync.num = 128 (default)
2024-04-29 10:07:05,799 [7c1b7d40-21b8-4f63-a346-8b6e9b157cbc-groupManagement] INFO  server.RaftServerConfigKeys (ConfUtils.java:logGet(46)) - raft.server.log.statemachine.data.sync = true (default)
2024-04-29 10:07:05,799 [7c1b7d40-21b8-4f63-a346-8b6e9b157cbc-groupManagement] INFO  server.RaftServerConfigKeys (ConfUtils.java:logGet(46)) - raft.server.log.statemachine.data.sync.timeout = 10s (default)
2024-04-29 10:07:05,799 [7c1b7d40-21b8-4f63-a346-8b6e9b157cbc-groupManagement] INFO  server.RaftServerConfigKeys (ConfUtils.java:logGet(46)) - raft.server.log.statemachine.data.sync.timeout.retry = 30 (custom)
2024-04-29 10:07:05,799 [7c1b7d40-21b8-4f63-a346-8b6e9b157cbc-groupManagement] INFO  server.RaftServerConfigKeys (ConfUtils.java:logGet(46)) - raft.server.log.write.buffer.size = 8388616 (custom)
2024-04-29 10:07:05,801 [7c1b7d40-21b8-4f63-a346-8b6e9b157cbc-groupManagement] INFO  server.RaftServerConfigKeys (ConfUtils.java:logGet(46)) - raft.server.log.appender.buffer.byte-limit = 8388608 (custom)
2024-04-29 10:07:05,801 [7c1b7d40-21b8-4f63-a346-8b6e9b157cbc-groupManagement] INFO  server.RaftServerConfigKeys (ConfUtils.java:logGet(46)) - raft.server.log.unsafe-flush.enabled = false (default)
2024-04-29 10:07:05,801 [7c1b7d40-21b8-4f63-a346-8b6e9b157cbc-groupManagement] INFO  server.RaftServerConfigKeys (ConfUtils.java:logGet(46)) - raft.server.log.async-flush.enabled = false (default)
2024-04-29 10:07:05,801 [7c1b7d40-21b8-4f63-a346-8b6e9b157cbc-groupManagement] INFO  server.RaftServerConfigKeys (ConfUtils.java:logGet(46)) - raft.server.log.statemachine.data.caching.enabled = true (custom)
2024-04-29 10:07:05,801 [7c1b7d40-21b8-4f63-a346-8b6e9b157cbc-groupManagement] INFO  segmented.SegmentedRaftLogWorker (SegmentedRaftLogWorker.java:lambda$new$0(134)) - 7c1b7d40-21b8-4f63-a346-8b6e9b157cbc@group-9A2A807AA8F8-SegmentedRaftLogWorker: flushIndex: setUnconditionally 0 -> -1
2024-04-29 10:07:05,801 [7c1b7d40-21b8-4f63-a346-8b6e9b157cbc-groupManagement] INFO  segmented.SegmentedRaftLogWorker (SegmentedRaftLogWorker.java:lambda$new$0(134)) - 7c1b7d40-21b8-4f63-a346-8b6e9b157cbc@group-9A2A807AA8F8-SegmentedRaftLogWorker: safeCacheEvictIndex: setUnconditionally 0 -> -1
2024-04-29 10:07:05,801 [7c1b7d40-21b8-4f63-a346-8b6e9b157cbc-groupManagement] INFO  server.RaftServer$Division (RaftServerImpl.java:start(396)) - 7c1b7d40-21b8-4f63-a346-8b6e9b157cbc@group-9A2A807AA8F8: start as a follower, conf=-1: peers:[7c1b7d40-21b8-4f63-a346-8b6e9b157cbc|127.0.0.1:15504]|listeners:[], old=null
2024-04-29 10:07:05,801 [7c1b7d40-21b8-4f63-a346-8b6e9b157cbc-groupManagement] INFO  server.RaftServer$Division (RaftServerImpl.java:setRole(383)) - 7c1b7d40-21b8-4f63-a346-8b6e9b157cbc@group-9A2A807AA8F8: changes role from      null to FOLLOWER at term 0 for startAsFollower
2024-04-29 10:07:05,801 [7c1b7d40-21b8-4f63-a346-8b6e9b157cbc-groupManagement] INFO  impl.RoleInfo (RoleInfo.java:updateAndGet(139)) - 7c1b7d40-21b8-4f63-a346-8b6e9b157cbc: start 7c1b7d40-21b8-4f63-a346-8b6e9b157cbc@group-9A2A807AA8F8-FollowerState
2024-04-29 10:07:05,801 [7c1b7d40-21b8-4f63-a346-8b6e9b157cbc@group-9A2A807AA8F8-FollowerState] INFO  server.RaftServerConfigKeys (ConfUtils.java:logFallback(53)) - raft.server.rpc.first-election.timeout.min = 5s (fallback to raft.server.rpc.timeout.min)
2024-04-29 10:07:05,801 [7c1b7d40-21b8-4f63-a346-8b6e9b157cbc@group-9A2A807AA8F8-FollowerState] INFO  server.RaftServerConfigKeys (ConfUtils.java:logFallback(53)) - raft.server.rpc.first-election.timeout.max = 5200ms (fallback to raft.server.rpc.timeout.max)
2024-04-29 10:07:05,801 [7c1b7d40-21b8-4f63-a346-8b6e9b157cbc-groupManagement] INFO  util.JmxRegister (JmxRegister.java:tryRegister(44)) - Successfully registered JMX Bean with object name Ratis:service=RaftServer,group=group-9A2A807AA8F8,id=7c1b7d40-21b8-4f63-a346-8b6e9b157cbc
2024-04-29 10:07:05,801 [7c1b7d40-21b8-4f63-a346-8b6e9b157cbc-groupManagement] INFO  server.RaftServerConfigKeys (ConfUtils.java:logGet(46)) - raft.server.snapshot.trigger-when-stop.enabled = true (default)
2024-04-29 10:07:05,801 [7c1b7d40-21b8-4f63-a346-8b6e9b157cbc-groupManagement] INFO  server.RaftServerConfigKeys (ConfUtils.java:logGet(46)) - raft.server.snapshot.auto.trigger.enabled = true (custom)
2024-04-29 10:07:05,801 [7c1b7d40-21b8-4f63-a346-8b6e9b157cbc-groupManagement] INFO  server.RaftServerConfigKeys (ConfUtils.java:logGet(46)) - raft.server.snapshot.auto.trigger.threshold = 10000 (custom)
2024-04-29 10:07:05,801 [7c1b7d40-21b8-4f63-a346-8b6e9b157cbc-groupManagement] INFO  server.RaftServerConfigKeys (ConfUtils.java:logGet(46)) - raft.server.snapshot.retention.file.num = 5 (custom)
2024-04-29 10:07:05,801 [7c1b7d40-21b8-4f63-a346-8b6e9b157cbc-groupManagement] INFO  server.RaftServerConfigKeys (ConfUtils.java:logGet(46)) - raft.server.log.purge.upto.snapshot.index = false (default)
2024-04-29 10:07:05,802 [7c1b7d40-21b8-4f63-a346-8b6e9b157cbc-PipelineCommandHandlerThread-0] INFO  ratis.XceiverServerRatis (XceiverServerRatis.java:addGroup(864)) - Created group PipelineID=03df29b8-9c30-4757-b1ef-9a2a807aa8f8
2024-04-29 10:07:05,802 [7c1b7d40-21b8-4f63-a346-8b6e9b157cbc-PipelineCommandHandlerThread-0] INFO  commandhandler.CreatePipelineCommandHandler (CreatePipelineCommandHandler.java:lambda$handle$2(124)) - Created Pipeline RATIS ONE PipelineID=03df29b8-9c30-4757-b1ef-9a2a807aa8f8.
2024-04-29 10:07:05,850 [6d3d555f-4cf8-4e54-a907-fcd788b1b69a-PipelineCommandHandlerThread-0] INFO  server.RaftServer (RaftServerProxy.java:addNew(100)) - 6d3d555f-4cf8-4e54-a907-fcd788b1b69a: addNew group-DE7044D61293:[6d3d555f-4cf8-4e54-a907-fcd788b1b69a|127.0.0.1:15513] returns group-DE7044D61293:java.util.concurrent.CompletableFuture@18f4a4c1[Not completed]
2024-04-29 10:07:05,851 [6d3d555f-4cf8-4e54-a907-fcd788b1b69a-groupManagement] INFO  server.RaftServer$Division (RaftServerImpl.java:<init>(256)) - 6d3d555f-4cf8-4e54-a907-fcd788b1b69a: new RaftServerImpl for group-DE7044D61293:[6d3d555f-4cf8-4e54-a907-fcd788b1b69a|127.0.0.1:15513] with ContainerStateMachine:uninitialized
2024-04-29 10:07:05,851 [6d3d555f-4cf8-4e54-a907-fcd788b1b69a-groupManagement] INFO  server.RaftServerConfigKeys (ConfUtils.java:logGet(46)) - raft.server.rpc.timeout.min = 5s (custom)
2024-04-29 10:07:05,851 [6d3d555f-4cf8-4e54-a907-fcd788b1b69a-groupManagement] INFO  server.RaftServerConfigKeys (ConfUtils.java:logGet(46)) - raft.server.rpc.timeout.max = 5200ms (custom)
2024-04-29 10:07:05,851 [6d3d555f-4cf8-4e54-a907-fcd788b1b69a-groupManagement] INFO  server.RaftServerConfigKeys (ConfUtils.java:logGet(46)) - raft.server.rpc.sleep.time = 25ms (default)
2024-04-29 10:07:05,851 [6d3d555f-4cf8-4e54-a907-fcd788b1b69a-groupManagement] INFO  server.RaftServerConfigKeys (ConfUtils.java:logGet(46)) - raft.server.rpc.slowness.timeout = 300000ms (custom)
2024-04-29 10:07:05,851 [6d3d555f-4cf8-4e54-a907-fcd788b1b69a-groupManagement] INFO  server.RaftServerConfigKeys (ConfUtils.java:logGet(46)) - raft.server.leaderelection.leader.step-down.wait-time = 10s (default)
2024-04-29 10:07:05,851 [6d3d555f-4cf8-4e54-a907-fcd788b1b69a-groupManagement] INFO  server.RaftServerConfigKeys (ConfUtils.java:logGet(46)) - raft.server.leaderelection.member.majority-add = false (default)
2024-04-29 10:07:05,851 [6d3d555f-4cf8-4e54-a907-fcd788b1b69a-groupManagement] INFO  server.RaftServerConfigKeys (ConfUtils.java:logGet(46)) - raft.server.sleep.deviation.threshold = 300ms (default)
2024-04-29 10:07:05,851 [6d3d555f-4cf8-4e54-a907-fcd788b1b69a-groupManagement] INFO  server.RaftServer$Division (ServerState.java:<init>(113)) - 6d3d555f-4cf8-4e54-a907-fcd788b1b69a@group-DE7044D61293: ConfigurationManager, init=-1: peers:[6d3d555f-4cf8-4e54-a907-fcd788b1b69a|127.0.0.1:15513]|listeners:[], old=null, confs=<EMPTY_MAP>
2024-04-29 10:07:05,852 [6d3d555f-4cf8-4e54-a907-fcd788b1b69a-groupManagement] INFO  server.RaftServerConfigKeys (ConfUtils.java:logGet(46)) - raft.server.notification.no-leader.timeout = 300000ms (custom)
2024-04-29 10:07:05,852 [6d3d555f-4cf8-4e54-a907-fcd788b1b69a-groupManagement] INFO  server.RaftServerConfigKeys (ConfUtils.java:logGet(46)) - raft.server.read.timeout = 10s (default)
2024-04-29 10:07:05,852 [6d3d555f-4cf8-4e54-a907-fcd788b1b69a-groupManagement] INFO  server.RaftServerConfigKeys (ConfUtils.java:logGet(46)) - raft.server.retrycache.expirytime = 600000ms (custom)
2024-04-29 10:07:05,852 [6d3d555f-4cf8-4e54-a907-fcd788b1b69a-groupManagement] INFO  server.RaftServerConfigKeys (ConfUtils.java:logGet(46)) - raft.server.retrycache.statistics.expirytime = 100ms (default)
2024-04-29 10:07:05,852 [6d3d555f-4cf8-4e54-a907-fcd788b1b69a-groupManagement] INFO  server.RaftServerConfigKeys (ConfUtils.java:logGet(46)) - raft.server.read.option = DEFAULT (default)
2024-04-29 10:07:05,852 [6d3d555f-4cf8-4e54-a907-fcd788b1b69a-groupManagement] INFO  server.RaftServerConfigKeys (ConfUtils.java:logGet(46)) - raft.server.read.read-after-write-consistent.write-index-cache.expiry-time = 60s (default)
2024-04-29 10:07:05,854 [6d3d555f-4cf8-4e54-a907-fcd788b1b69a-groupManagement] INFO  server.RaftServerConfigKeys (ConfUtils.java:logGet(46)) - raft.server.rpc.request.timeout = 3000ms (default)
2024-04-29 10:07:05,854 [6d3d555f-4cf8-4e54-a907-fcd788b1b69a-groupManagement] INFO  server.RaftServerConfigKeys (ConfUtils.java:logGet(46)) - raft.server.log.appender.install.snapshot.enabled = false (custom)
2024-04-29 10:07:05,854 [6d3d555f-4cf8-4e54-a907-fcd788b1b69a-groupManagement] INFO  server.RaftServerConfigKeys (ConfUtils.java:logGet(46)) - raft.server.threadpool.server.cached = true (default)
2024-04-29 10:07:05,854 [6d3d555f-4cf8-4e54-a907-fcd788b1b69a-groupManagement] INFO  server.RaftServerConfigKeys (ConfUtils.java:logGet(46)) - raft.server.threadpool.server.size = 0 (default)
2024-04-29 10:07:05,854 [6d3d555f-4cf8-4e54-a907-fcd788b1b69a-groupManagement] INFO  server.RaftServerConfigKeys (ConfUtils.java:logGet(46)) - raft.server.threadpool.client.cached = true (default)
2024-04-29 10:07:05,854 [6d3d555f-4cf8-4e54-a907-fcd788b1b69a-groupManagement] INFO  server.RaftServerConfigKeys (ConfUtils.java:logGet(46)) - raft.server.threadpool.client.size = 0 (default)
2024-04-29 10:07:05,854 [6d3d555f-4cf8-4e54-a907-fcd788b1b69a-groupManagement] INFO  server.RaftServerConfigKeys (ConfUtils.java:logGet(46)) - raft.server.storage.free-space.min = 0MB (=0) (default)
2024-04-29 10:07:05,854 [6d3d555f-4cf8-4e54-a907-fcd788b1b69a-groupManagement] INFO  server.RaftServerConfigKeys (ConfUtils.java:logGet(46)) - raft.server.log.corruption.policy = EXCEPTION (default)
2024-04-29 10:07:05,854 [6d3d555f-4cf8-4e54-a907-fcd788b1b69a-groupManagement] INFO  server.RaftServerConfigKeys (ConfUtils.java:logGet(46)) - raft.server.storage.dir = [/home/runner/work/ozone/ozone/hadoop-ozone/integration-test/target/test-dir/MiniOzoneClusterImpl-9e79b078-2218-4abd-b04c-a65fc7f927a6/ozone-meta/datanode-7/ratis] (custom)
2024-04-29 10:07:05,854 [6d3d555f-4cf8-4e54-a907-fcd788b1b69a-groupManagement] INFO  storage.RaftStorageDirectory (RaftStorageDirectoryImpl.java:analyzeStorage(138)) - The storage directory /home/runner/work/ozone/ozone/hadoop-ozone/integration-test/target/test-dir/MiniOzoneClusterImpl-9e79b078-2218-4abd-b04c-a65fc7f927a6/ozone-meta/datanode-7/ratis/bd4322aa-90e3-4d72-8db0-de7044d61293 does not exist. Creating ...
2024-04-29 10:07:05,855 [6d3d555f-4cf8-4e54-a907-fcd788b1b69a-groupManagement] INFO  storage.RaftStorageDirectory (RaftStorageDirectoryImpl.java:tryLock(228)) - Lock on /home/runner/work/ozone/ozone/hadoop-ozone/integration-test/target/test-dir/MiniOzoneClusterImpl-9e79b078-2218-4abd-b04c-a65fc7f927a6/ozone-meta/datanode-7/ratis/bd4322aa-90e3-4d72-8db0-de7044d61293/in_use.lock acquired by nodename 20825@fv-az913-54
2024-04-29 10:07:05,856 [6d3d555f-4cf8-4e54-a907-fcd788b1b69a-groupManagement] INFO  storage.RaftStorage (RaftStorageImpl.java:format(99)) - Storage directory /home/runner/work/ozone/ozone/hadoop-ozone/integration-test/target/test-dir/MiniOzoneClusterImpl-9e79b078-2218-4abd-b04c-a65fc7f927a6/ozone-meta/datanode-7/ratis/bd4322aa-90e3-4d72-8db0-de7044d61293 has been successfully formatted.
2024-04-29 10:07:05,856 [6d3d555f-4cf8-4e54-a907-fcd788b1b69a-groupManagement] WARN  util.FileUtils (LogUtils.java:supplyAndLog(63)) - Failed to Files.newInputStream /home/runner/work/ozone/ozone/hadoop-ozone/integration-test/target/test-dir/MiniOzoneClusterImpl-9e79b078-2218-4abd-b04c-a65fc7f927a6/ozone-meta/datanode-7/ratis/bd4322aa-90e3-4d72-8db0-de7044d61293/current/raft-meta.conf with options []: java.nio.file.NoSuchFileException: /home/runner/work/ozone/ozone/hadoop-ozone/integration-test/target/test-dir/MiniOzoneClusterImpl-9e79b078-2218-4abd-b04c-a65fc7f927a6/ozone-meta/datanode-7/ratis/bd4322aa-90e3-4d72-8db0-de7044d61293/current/raft-meta.conf
2024-04-29 10:07:05,857 [6d3d555f-4cf8-4e54-a907-fcd788b1b69a-groupManagement] INFO  ratis.ContainerStateMachine (ContainerStateMachine.java:loadSnapshot(287)) - group-DE7044D61293: The snapshot info is null. Setting the last applied index to:(t:0, i:~)
2024-04-29 10:07:05,857 [6d3d555f-4cf8-4e54-a907-fcd788b1b69a-groupManagement] INFO  server.RaftServerConfigKeys (ConfUtils.java:logGet(46)) - raft.server.log.use.memory = false (default)
2024-04-29 10:07:05,857 [6d3d555f-4cf8-4e54-a907-fcd788b1b69a-groupManagement] INFO  server.RaftServerConfigKeys (ConfUtils.java:logGet(46)) - raft.server.log.purge.gap = 1000000 (custom)
2024-04-29 10:07:05,857 [6d3d555f-4cf8-4e54-a907-fcd788b1b69a-groupManagement] INFO  server.RaftServerConfigKeys (ConfUtils.java:logGet(46)) - raft.server.log.appender.buffer.byte-limit = 8388608 (custom)
2024-04-29 10:07:05,857 [6d3d555f-4cf8-4e54-a907-fcd788b1b69a-groupManagement] INFO  server.RaftServerConfigKeys (ConfUtils.java:logGet(46)) - raft.server.log.statemachine.data.read.timeout = 1000ms (default)
2024-04-29 10:07:05,857 [6d3d555f-4cf8-4e54-a907-fcd788b1b69a-groupManagement] INFO  server.RaftServerConfigKeys (ConfUtils.java:logGet(46)) - raft.server.log.purge.preservation.log.num = 0 (default)
2024-04-29 10:07:05,858 [6d3d555f-4cf8-4e54-a907-fcd788b1b69a-groupManagement] INFO  server.RaftServerConfigKeys (ConfUtils.java:logGet(46)) - raft.server.log.segment.size.max = 67108864 (custom)
2024-04-29 10:07:05,859 [6d3d555f-4cf8-4e54-a907-fcd788b1b69a-groupManagement] INFO  server.RaftServerConfigKeys (ConfUtils.java:logGet(46)) - raft.server.log.segment.cache.num.max = 2 (custom)
2024-04-29 10:07:05,859 [6d3d555f-4cf8-4e54-a907-fcd788b1b69a-groupManagement] INFO  server.RaftServerConfigKeys (ConfUtils.java:logGet(46)) - raft.server.log.segment.cache.size.max = 200MB (=209715200) (default)
2024-04-29 10:07:05,859 [EventQueue-PipelineReportForPipelineReportHandler] INFO  pipeline.PipelineReportHandler (PipelineReportHandler.java:processPipelineReport(136)) - Opened pipeline PipelineID=bd4322aa-90e3-4d72-8db0-de7044d61293
2024-04-29 10:07:05,859 [EventQueue-OpenPipelineForHealthyPipelineSafeModeRule] INFO  safemode.SCMSafeModeManager (HealthyPipelineSafeModeRule.java:process(140)) - SCM in safe mode. Healthy pipelines reported count is 0, required healthy pipeline reported count is 1
2024-04-29 10:07:05,859 [6d3d555f-4cf8-4e54-a907-fcd788b1b69a-groupManagement] INFO  server.RaftServerConfigKeys (ConfUtils.java:logGet(46)) - raft.server.log.appender.buffer.byte-limit = 8388608 (custom)
2024-04-29 10:07:05,859 [6d3d555f-4cf8-4e54-a907-fcd788b1b69a-groupManagement] INFO  util.AwaitToRun (AwaitToRun.java:start(81)) - Thread[6d3d555f-4cf8-4e54-a907-fcd788b1b69a@group-DE7044D61293-cacheEviction-AwaitToRun,5,main] started
2024-04-29 10:07:05,859 [6d3d555f-4cf8-4e54-a907-fcd788b1b69a-groupManagement] INFO  segmented.SegmentedRaftLogWorker (SegmentedRaftLogWorker.java:<init>(182)) - new 6d3d555f-4cf8-4e54-a907-fcd788b1b69a@group-DE7044D61293-SegmentedRaftLogWorker for RaftStorageImpl:Storage Directory /home/runner/work/ozone/ozone/hadoop-ozone/integration-test/target/test-dir/MiniOzoneClusterImpl-9e79b078-2218-4abd-b04c-a65fc7f927a6/ozone-meta/datanode-7/ratis/bd4322aa-90e3-4d72-8db0-de7044d61293
2024-04-29 10:07:05,859 [6d3d555f-4cf8-4e54-a907-fcd788b1b69a-groupManagement] INFO  server.RaftServerConfigKeys (ConfUtils.java:logGet(46)) - raft.server.log.queue.byte-limit = 4294967296 (custom)
2024-04-29 10:07:05,859 [6d3d555f-4cf8-4e54-a907-fcd788b1b69a-groupManagement] INFO  server.RaftServerConfigKeys (ConfUtils.java:logGet(46)) - raft.server.log.queue.element-limit = 1024 (custom)
2024-04-29 10:07:05,859 [6d3d555f-4cf8-4e54-a907-fcd788b1b69a-groupManagement] INFO  server.RaftServerConfigKeys (ConfUtils.java:logGet(46)) - raft.server.log.segment.size.max = 67108864 (custom)
2024-04-29 10:07:05,859 [6d3d555f-4cf8-4e54-a907-fcd788b1b69a-groupManagement] INFO  server.RaftServerConfigKeys (ConfUtils.java:logGet(46)) - raft.server.log.preallocated.size = 4194304 (custom)
2024-04-29 10:07:05,859 [6d3d555f-4cf8-4e54-a907-fcd788b1b69a-groupManagement] INFO  server.RaftServerConfigKeys (ConfUtils.java:logGet(46)) - raft.server.log.force.sync.num = 128 (default)
2024-04-29 10:07:05,859 [6d3d555f-4cf8-4e54-a907-fcd788b1b69a-groupManagement] INFO  server.RaftServerConfigKeys (ConfUtils.java:logGet(46)) - raft.server.log.statemachine.data.sync = true (default)
2024-04-29 10:07:05,859 [6d3d555f-4cf8-4e54-a907-fcd788b1b69a-groupManagement] INFO  server.RaftServerConfigKeys (ConfUtils.java:logGet(46)) - raft.server.log.statemachine.data.sync.timeout = 10s (default)
2024-04-29 10:07:05,859 [6d3d555f-4cf8-4e54-a907-fcd788b1b69a-groupManagement] INFO  server.RaftServerConfigKeys (ConfUtils.java:logGet(46)) - raft.server.log.statemachine.data.sync.timeout.retry = 30 (custom)
2024-04-29 10:07:05,860 [6d3d555f-4cf8-4e54-a907-fcd788b1b69a-groupManagement] INFO  server.RaftServerConfigKeys (ConfUtils.java:logGet(46)) - raft.server.log.write.buffer.size = 8388616 (custom)
2024-04-29 10:07:05,861 [6d3d555f-4cf8-4e54-a907-fcd788b1b69a-groupManagement] INFO  server.RaftServerConfigKeys (ConfUtils.java:logGet(46)) - raft.server.log.appender.buffer.byte-limit = 8388608 (custom)
2024-04-29 10:07:05,861 [6d3d555f-4cf8-4e54-a907-fcd788b1b69a-groupManagement] INFO  server.RaftServerConfigKeys (ConfUtils.java:logGet(46)) - raft.server.log.unsafe-flush.enabled = false (default)
2024-04-29 10:07:05,861 [6d3d555f-4cf8-4e54-a907-fcd788b1b69a-groupManagement] INFO  server.RaftServerConfigKeys (ConfUtils.java:logGet(46)) - raft.server.log.async-flush.enabled = false (default)
2024-04-29 10:07:05,861 [6d3d555f-4cf8-4e54-a907-fcd788b1b69a-groupManagement] INFO  server.RaftServerConfigKeys (ConfUtils.java:logGet(46)) - raft.server.log.statemachine.data.caching.enabled = true (custom)
2024-04-29 10:07:05,861 [6d3d555f-4cf8-4e54-a907-fcd788b1b69a-groupManagement] INFO  segmented.SegmentedRaftLogWorker (SegmentedRaftLogWorker.java:lambda$new$0(134)) - 6d3d555f-4cf8-4e54-a907-fcd788b1b69a@group-DE7044D61293-SegmentedRaftLogWorker: flushIndex: setUnconditionally 0 -> -1
2024-04-29 10:07:05,862 [6d3d555f-4cf8-4e54-a907-fcd788b1b69a-groupManagement] INFO  segmented.SegmentedRaftLogWorker (SegmentedRaftLogWorker.java:lambda$new$0(134)) - 6d3d555f-4cf8-4e54-a907-fcd788b1b69a@group-DE7044D61293-SegmentedRaftLogWorker: safeCacheEvictIndex: setUnconditionally 0 -> -1
2024-04-29 10:07:05,862 [6d3d555f-4cf8-4e54-a907-fcd788b1b69a-groupManagement] INFO  server.RaftServer$Division (RaftServerImpl.java:start(396)) - 6d3d555f-4cf8-4e54-a907-fcd788b1b69a@group-DE7044D61293: start as a follower, conf=-1: peers:[6d3d555f-4cf8-4e54-a907-fcd788b1b69a|127.0.0.1:15513]|listeners:[], old=null
2024-04-29 10:07:05,862 [6d3d555f-4cf8-4e54-a907-fcd788b1b69a-groupManagement] INFO  server.RaftServer$Division (RaftServerImpl.java:setRole(383)) - 6d3d555f-4cf8-4e54-a907-fcd788b1b69a@group-DE7044D61293: changes role from      null to FOLLOWER at term 0 for startAsFollower
2024-04-29 10:07:05,862 [6d3d555f-4cf8-4e54-a907-fcd788b1b69a-groupManagement] INFO  impl.RoleInfo (RoleInfo.java:updateAndGet(139)) - 6d3d555f-4cf8-4e54-a907-fcd788b1b69a: start 6d3d555f-4cf8-4e54-a907-fcd788b1b69a@group-DE7044D61293-FollowerState
2024-04-29 10:07:05,862 [6d3d555f-4cf8-4e54-a907-fcd788b1b69a@group-DE7044D61293-FollowerState] INFO  server.RaftServerConfigKeys (ConfUtils.java:logFallback(53)) - raft.server.rpc.first-election.timeout.min = 5s (fallback to raft.server.rpc.timeout.min)
2024-04-29 10:07:05,862 [6d3d555f-4cf8-4e54-a907-fcd788b1b69a@group-DE7044D61293-FollowerState] INFO  server.RaftServerConfigKeys (ConfUtils.java:logFallback(53)) - raft.server.rpc.first-election.timeout.max = 5200ms (fallback to raft.server.rpc.timeout.max)
2024-04-29 10:07:05,862 [6d3d555f-4cf8-4e54-a907-fcd788b1b69a-groupManagement] INFO  util.JmxRegister (JmxRegister.java:tryRegister(44)) - Successfully registered JMX Bean with object name Ratis:service=RaftServer,group=group-DE7044D61293,id=6d3d555f-4cf8-4e54-a907-fcd788b1b69a
2024-04-29 10:07:05,862 [6d3d555f-4cf8-4e54-a907-fcd788b1b69a-groupManagement] INFO  server.RaftServerConfigKeys (ConfUtils.java:logGet(46)) - raft.server.snapshot.trigger-when-stop.enabled = true (default)
2024-04-29 10:07:05,862 [6d3d555f-4cf8-4e54-a907-fcd788b1b69a-groupManagement] INFO  server.RaftServerConfigKeys (ConfUtils.java:logGet(46)) - raft.server.snapshot.auto.trigger.enabled = true (custom)
2024-04-29 10:07:05,862 [6d3d555f-4cf8-4e54-a907-fcd788b1b69a-groupManagement] INFO  server.RaftServerConfigKeys (ConfUtils.java:logGet(46)) - raft.server.snapshot.auto.trigger.threshold = 10000 (custom)
2024-04-29 10:07:05,862 [6d3d555f-4cf8-4e54-a907-fcd788b1b69a-groupManagement] INFO  server.RaftServerConfigKeys (ConfUtils.java:logGet(46)) - raft.server.snapshot.retention.file.num = 5 (custom)
2024-04-29 10:07:05,862 [6d3d555f-4cf8-4e54-a907-fcd788b1b69a-groupManagement] INFO  server.RaftServerConfigKeys (ConfUtils.java:logGet(46)) - raft.server.log.purge.upto.snapshot.index = false (default)
2024-04-29 10:07:05,863 [6d3d555f-4cf8-4e54-a907-fcd788b1b69a-PipelineCommandHandlerThread-0] INFO  ratis.XceiverServerRatis (XceiverServerRatis.java:addGroup(864)) - Created group PipelineID=bd4322aa-90e3-4d72-8db0-de7044d61293
2024-04-29 10:07:05,863 [6d3d555f-4cf8-4e54-a907-fcd788b1b69a-PipelineCommandHandlerThread-0] INFO  commandhandler.CreatePipelineCommandHandler (CreatePipelineCommandHandler.java:lambda$handle$2(124)) - Created Pipeline RATIS ONE PipelineID=bd4322aa-90e3-4d72-8db0-de7044d61293.
2024-04-29 10:07:05,863 [6d3d555f-4cf8-4e54-a907-fcd788b1b69a-PipelineCommandHandlerThread-0] INFO  server.RaftServer (RaftServerProxy.java:addNew(100)) - 6d3d555f-4cf8-4e54-a907-fcd788b1b69a: addNew group-19A9548FA913:[6d3d555f-4cf8-4e54-a907-fcd788b1b69a|127.0.0.1:15513, 158faee4-db49-465b-9160-a35c663658b4|127.0.0.1:15531, d40c8439-b047-4b38-90b1-52a68d7d9fe2|127.0.0.1:15522] returns group-19A9548FA913:java.util.concurrent.CompletableFuture@1ccb2307[Not completed]
2024-04-29 10:07:05,863 [6d3d555f-4cf8-4e54-a907-fcd788b1b69a-groupManagement] INFO  server.RaftServer$Division (RaftServerImpl.java:<init>(256)) - 6d3d555f-4cf8-4e54-a907-fcd788b1b69a: new RaftServerImpl for group-19A9548FA913:[6d3d555f-4cf8-4e54-a907-fcd788b1b69a|127.0.0.1:15513, 158faee4-db49-465b-9160-a35c663658b4|127.0.0.1:15531, d40c8439-b047-4b38-90b1-52a68d7d9fe2|127.0.0.1:15522] with ContainerStateMachine:uninitialized
2024-04-29 10:07:05,863 [6d3d555f-4cf8-4e54-a907-fcd788b1b69a-groupManagement] INFO  server.RaftServerConfigKeys (ConfUtils.java:logGet(46)) - raft.server.rpc.timeout.min = 5s (custom)
2024-04-29 10:07:05,864 [6d3d555f-4cf8-4e54-a907-fcd788b1b69a-groupManagement] INFO  server.RaftServerConfigKeys (ConfUtils.java:logGet(46)) - raft.server.rpc.timeout.max = 5200ms (custom)
2024-04-29 10:07:05,864 [6d3d555f-4cf8-4e54-a907-fcd788b1b69a-groupManagement] INFO  server.RaftServerConfigKeys (ConfUtils.java:logGet(46)) - raft.server.rpc.sleep.time = 25ms (default)
2024-04-29 10:07:05,864 [6d3d555f-4cf8-4e54-a907-fcd788b1b69a-groupManagement] INFO  server.RaftServerConfigKeys (ConfUtils.java:logGet(46)) - raft.server.rpc.slowness.timeout = 300000ms (custom)
2024-04-29 10:07:05,864 [6d3d555f-4cf8-4e54-a907-fcd788b1b69a-groupManagement] INFO  server.RaftServerConfigKeys (ConfUtils.java:logGet(46)) - raft.server.leaderelection.leader.step-down.wait-time = 10s (default)
2024-04-29 10:07:05,864 [6d3d555f-4cf8-4e54-a907-fcd788b1b69a-groupManagement] INFO  server.RaftServerConfigKeys (ConfUtils.java:logGet(46)) - raft.server.leaderelection.member.majority-add = false (default)
2024-04-29 10:07:05,864 [6d3d555f-4cf8-4e54-a907-fcd788b1b69a-groupManagement] INFO  server.RaftServerConfigKeys (ConfUtils.java:logGet(46)) - raft.server.sleep.deviation.threshold = 300ms (default)
2024-04-29 10:07:05,864 [6d3d555f-4cf8-4e54-a907-fcd788b1b69a-groupManagement] INFO  server.RaftServer$Division (ServerState.java:<init>(113)) - 6d3d555f-4cf8-4e54-a907-fcd788b1b69a@group-19A9548FA913: ConfigurationManager, init=-1: peers:[6d3d555f-4cf8-4e54-a907-fcd788b1b69a|127.0.0.1:15513, 158faee4-db49-465b-9160-a35c663658b4|127.0.0.1:15531, d40c8439-b047-4b38-90b1-52a68d7d9fe2|127.0.0.1:15522]|listeners:[], old=null, confs=<EMPTY_MAP>
2024-04-29 10:07:05,864 [6d3d555f-4cf8-4e54-a907-fcd788b1b69a-groupManagement] INFO  server.RaftServerConfigKeys (ConfUtils.java:logGet(46)) - raft.server.notification.no-leader.timeout = 300000ms (custom)
2024-04-29 10:07:05,864 [6d3d555f-4cf8-4e54-a907-fcd788b1b69a-groupManagement] INFO  server.RaftServerConfigKeys (ConfUtils.java:logGet(46)) - raft.server.read.timeout = 10s (default)
2024-04-29 10:07:05,864 [6d3d555f-4cf8-4e54-a907-fcd788b1b69a-groupManagement] INFO  server.RaftServerConfigKeys (ConfUtils.java:logGet(46)) - raft.server.retrycache.expirytime = 600000ms (custom)
2024-04-29 10:07:05,864 [6d3d555f-4cf8-4e54-a907-fcd788b1b69a-groupManagement] INFO  server.RaftServerConfigKeys (ConfUtils.java:logGet(46)) - raft.server.retrycache.statistics.expirytime = 100ms (default)
2024-04-29 10:07:05,864 [6d3d555f-4cf8-4e54-a907-fcd788b1b69a-groupManagement] INFO  server.RaftServerConfigKeys (ConfUtils.java:logGet(46)) - raft.server.read.option = DEFAULT (default)
2024-04-29 10:07:05,864 [6d3d555f-4cf8-4e54-a907-fcd788b1b69a-groupManagement] INFO  server.RaftServerConfigKeys (ConfUtils.java:logGet(46)) - raft.server.read.read-after-write-consistent.write-index-cache.expiry-time = 60s (default)
2024-04-29 10:07:05,865 [6d3d555f-4cf8-4e54-a907-fcd788b1b69a-groupManagement] INFO  server.RaftServerConfigKeys (ConfUtils.java:logGet(46)) - raft.server.rpc.request.timeout = 3000ms (default)
2024-04-29 10:07:05,866 [6d3d555f-4cf8-4e54-a907-fcd788b1b69a-groupManagement] INFO  server.RaftServerConfigKeys (ConfUtils.java:logGet(46)) - raft.server.log.appender.install.snapshot.enabled = false (custom)
2024-04-29 10:07:05,866 [6d3d555f-4cf8-4e54-a907-fcd788b1b69a-groupManagement] INFO  server.RaftServerConfigKeys (ConfUtils.java:logGet(46)) - raft.server.threadpool.server.cached = true (default)
2024-04-29 10:07:05,866 [6d3d555f-4cf8-4e54-a907-fcd788b1b69a-groupManagement] INFO  server.RaftServerConfigKeys (ConfUtils.java:logGet(46)) - raft.server.threadpool.server.size = 0 (default)
2024-04-29 10:07:05,866 [6d3d555f-4cf8-4e54-a907-fcd788b1b69a-groupManagement] INFO  server.RaftServerConfigKeys (ConfUtils.java:logGet(46)) - raft.server.threadpool.client.cached = true (default)
2024-04-29 10:07:05,866 [6d3d555f-4cf8-4e54-a907-fcd788b1b69a-groupManagement] INFO  server.RaftServerConfigKeys (ConfUtils.java:logGet(46)) - raft.server.threadpool.client.size = 0 (default)
2024-04-29 10:07:05,866 [6d3d555f-4cf8-4e54-a907-fcd788b1b69a-groupManagement] INFO  server.RaftServerConfigKeys (ConfUtils.java:logGet(46)) - raft.server.storage.free-space.min = 0MB (=0) (default)
2024-04-29 10:07:05,866 [6d3d555f-4cf8-4e54-a907-fcd788b1b69a-groupManagement] INFO  server.RaftServerConfigKeys (ConfUtils.java:logGet(46)) - raft.server.log.corruption.policy = EXCEPTION (default)
2024-04-29 10:07:05,866 [6d3d555f-4cf8-4e54-a907-fcd788b1b69a-groupManagement] INFO  server.RaftServerConfigKeys (ConfUtils.java:logGet(46)) - raft.server.storage.dir = [/home/runner/work/ozone/ozone/hadoop-ozone/integration-test/target/test-dir/MiniOzoneClusterImpl-9e79b078-2218-4abd-b04c-a65fc7f927a6/ozone-meta/datanode-7/ratis] (custom)
2024-04-29 10:07:05,866 [6d3d555f-4cf8-4e54-a907-fcd788b1b69a-groupManagement] INFO  storage.RaftStorageDirectory (RaftStorageDirectoryImpl.java:analyzeStorage(138)) - The storage directory /home/runner/work/ozone/ozone/hadoop-ozone/integration-test/target/test-dir/MiniOzoneClusterImpl-9e79b078-2218-4abd-b04c-a65fc7f927a6/ozone-meta/datanode-7/ratis/4acc1650-dd09-4707-ae62-19a9548fa913 does not exist. Creating ...
2024-04-29 10:07:05,867 [6d3d555f-4cf8-4e54-a907-fcd788b1b69a-groupManagement] INFO  storage.RaftStorageDirectory (RaftStorageDirectoryImpl.java:tryLock(228)) - Lock on /home/runner/work/ozone/ozone/hadoop-ozone/integration-test/target/test-dir/MiniOzoneClusterImpl-9e79b078-2218-4abd-b04c-a65fc7f927a6/ozone-meta/datanode-7/ratis/4acc1650-dd09-4707-ae62-19a9548fa913/in_use.lock acquired by nodename 20825@fv-az913-54
2024-04-29 10:07:05,868 [6d3d555f-4cf8-4e54-a907-fcd788b1b69a-groupManagement] INFO  storage.RaftStorage (RaftStorageImpl.java:format(99)) - Storage directory /home/runner/work/ozone/ozone/hadoop-ozone/integration-test/target/test-dir/MiniOzoneClusterImpl-9e79b078-2218-4abd-b04c-a65fc7f927a6/ozone-meta/datanode-7/ratis/4acc1650-dd09-4707-ae62-19a9548fa913 has been successfully formatted.
2024-04-29 10:07:05,868 [6d3d555f-4cf8-4e54-a907-fcd788b1b69a-groupManagement] WARN  util.FileUtils (LogUtils.java:supplyAndLog(63)) - Failed to Files.newInputStream /home/runner/work/ozone/ozone/hadoop-ozone/integration-test/target/test-dir/MiniOzoneClusterImpl-9e79b078-2218-4abd-b04c-a65fc7f927a6/ozone-meta/datanode-7/ratis/4acc1650-dd09-4707-ae62-19a9548fa913/current/raft-meta.conf with options []: java.nio.file.NoSuchFileException: /home/runner/work/ozone/ozone/hadoop-ozone/integration-test/target/test-dir/MiniOzoneClusterImpl-9e79b078-2218-4abd-b04c-a65fc7f927a6/ozone-meta/datanode-7/ratis/4acc1650-dd09-4707-ae62-19a9548fa913/current/raft-meta.conf
2024-04-29 10:07:05,868 [6d3d555f-4cf8-4e54-a907-fcd788b1b69a-groupManagement] INFO  ratis.ContainerStateMachine (ContainerStateMachine.java:loadSnapshot(287)) - group-19A9548FA913: The snapshot info is null. Setting the last applied index to:(t:0, i:~)
2024-04-29 10:07:05,869 [6d3d555f-4cf8-4e54-a907-fcd788b1b69a-groupManagement] INFO  server.RaftServerConfigKeys (ConfUtils.java:logGet(46)) - raft.server.log.use.memory = false (default)
2024-04-29 10:07:05,869 [6d3d555f-4cf8-4e54-a907-fcd788b1b69a-groupManagement] INFO  server.RaftServerConfigKeys (ConfUtils.java:logGet(46)) - raft.server.log.purge.gap = 1000000 (custom)
2024-04-29 10:07:05,869 [6d3d555f-4cf8-4e54-a907-fcd788b1b69a-groupManagement] INFO  server.RaftServerConfigKeys (ConfUtils.java:logGet(46)) - raft.server.log.appender.buffer.byte-limit = 8388608 (custom)
2024-04-29 10:07:05,869 [6d3d555f-4cf8-4e54-a907-fcd788b1b69a-groupManagement] INFO  server.RaftServerConfigKeys (ConfUtils.java:logGet(46)) - raft.server.log.statemachine.data.read.timeout = 1000ms (default)
2024-04-29 10:07:05,869 [6d3d555f-4cf8-4e54-a907-fcd788b1b69a-groupManagement] INFO  server.RaftServerConfigKeys (ConfUtils.java:logGet(46)) - raft.server.log.purge.preservation.log.num = 0 (default)
2024-04-29 10:07:05,870 [6d3d555f-4cf8-4e54-a907-fcd788b1b69a-groupManagement] INFO  server.RaftServerConfigKeys (ConfUtils.java:logGet(46)) - raft.server.log.segment.size.max = 67108864 (custom)
2024-04-29 10:07:05,870 [6d3d555f-4cf8-4e54-a907-fcd788b1b69a-groupManagement] INFO  server.RaftServerConfigKeys (ConfUtils.java:logGet(46)) - raft.server.log.segment.cache.num.max = 2 (custom)
2024-04-29 10:07:05,870 [6d3d555f-4cf8-4e54-a907-fcd788b1b69a-groupManagement] INFO  server.RaftServerConfigKeys (ConfUtils.java:logGet(46)) - raft.server.log.segment.cache.size.max = 200MB (=209715200) (default)
2024-04-29 10:07:05,870 [6d3d555f-4cf8-4e54-a907-fcd788b1b69a-groupManagement] INFO  server.RaftServerConfigKeys (ConfUtils.java:logGet(46)) - raft.server.log.appender.buffer.byte-limit = 8388608 (custom)
2024-04-29 10:07:05,870 [6d3d555f-4cf8-4e54-a907-fcd788b1b69a-groupManagement] INFO  util.AwaitToRun (AwaitToRun.java:start(81)) - Thread[6d3d555f-4cf8-4e54-a907-fcd788b1b69a@group-19A9548FA913-cacheEviction-AwaitToRun,5,main] started
2024-04-29 10:07:05,871 [6d3d555f-4cf8-4e54-a907-fcd788b1b69a-groupManagement] INFO  segmented.SegmentedRaftLogWorker (SegmentedRaftLogWorker.java:<init>(182)) - new 6d3d555f-4cf8-4e54-a907-fcd788b1b69a@group-19A9548FA913-SegmentedRaftLogWorker for RaftStorageImpl:Storage Directory /home/runner/work/ozone/ozone/hadoop-ozone/integration-test/target/test-dir/MiniOzoneClusterImpl-9e79b078-2218-4abd-b04c-a65fc7f927a6/ozone-meta/datanode-7/ratis/4acc1650-dd09-4707-ae62-19a9548fa913
2024-04-29 10:07:05,871 [6d3d555f-4cf8-4e54-a907-fcd788b1b69a-groupManagement] INFO  server.RaftServerConfigKeys (ConfUtils.java:logGet(46)) - raft.server.log.queue.byte-limit = 4294967296 (custom)
2024-04-29 10:07:05,871 [6d3d555f-4cf8-4e54-a907-fcd788b1b69a-groupManagement] INFO  server.RaftServerConfigKeys (ConfUtils.java:logGet(46)) - raft.server.log.queue.element-limit = 1024 (custom)
2024-04-29 10:07:05,871 [6d3d555f-4cf8-4e54-a907-fcd788b1b69a-groupManagement] INFO  server.RaftServerConfigKeys (ConfUtils.java:logGet(46)) - raft.server.log.segment.size.max = 67108864 (custom)
2024-04-29 10:07:05,871 [6d3d555f-4cf8-4e54-a907-fcd788b1b69a-groupManagement] INFO  server.RaftServerConfigKeys (ConfUtils.java:logGet(46)) - raft.server.log.preallocated.size = 4194304 (custom)
2024-04-29 10:07:05,871 [6d3d555f-4cf8-4e54-a907-fcd788b1b69a-groupManagement] INFO  server.RaftServerConfigKeys (ConfUtils.java:logGet(46)) - raft.server.log.force.sync.num = 128 (default)
2024-04-29 10:07:05,871 [6d3d555f-4cf8-4e54-a907-fcd788b1b69a-groupManagement] INFO  server.RaftServerConfigKeys (ConfUtils.java:logGet(46)) - raft.server.log.statemachine.data.sync = true (default)
2024-04-29 10:07:05,871 [6d3d555f-4cf8-4e54-a907-fcd788b1b69a-groupManagement] INFO  server.RaftServerConfigKeys (ConfUtils.java:logGet(46)) - raft.server.log.statemachine.data.sync.timeout = 10s (default)
2024-04-29 10:07:05,871 [6d3d555f-4cf8-4e54-a907-fcd788b1b69a-groupManagement] INFO  server.RaftServerConfigKeys (ConfUtils.java:logGet(46)) - raft.server.log.statemachine.data.sync.timeout.retry = 30 (custom)
2024-04-29 10:07:05,871 [6d3d555f-4cf8-4e54-a907-fcd788b1b69a-groupManagement] INFO  server.RaftServerConfigKeys (ConfUtils.java:logGet(46)) - raft.server.log.write.buffer.size = 8388616 (custom)
2024-04-29 10:07:05,872 [6d3d555f-4cf8-4e54-a907-fcd788b1b69a-groupManagement] INFO  server.RaftServerConfigKeys (ConfUtils.java:logGet(46)) - raft.server.log.appender.buffer.byte-limit = 8388608 (custom)
2024-04-29 10:07:05,872 [6d3d555f-4cf8-4e54-a907-fcd788b1b69a-groupManagement] INFO  server.RaftServerConfigKeys (ConfUtils.java:logGet(46)) - raft.server.log.unsafe-flush.enabled = false (default)
2024-04-29 10:07:05,872 [6d3d555f-4cf8-4e54-a907-fcd788b1b69a-groupManagement] INFO  server.RaftServerConfigKeys (ConfUtils.java:logGet(46)) - raft.server.log.async-flush.enabled = false (default)
2024-04-29 10:07:05,872 [6d3d555f-4cf8-4e54-a907-fcd788b1b69a-groupManagement] INFO  server.RaftServerConfigKeys (ConfUtils.java:logGet(46)) - raft.server.log.statemachine.data.caching.enabled = true (custom)
2024-04-29 10:07:05,873 [6d3d555f-4cf8-4e54-a907-fcd788b1b69a-groupManagement] INFO  segmented.SegmentedRaftLogWorker (SegmentedRaftLogWorker.java:lambda$new$0(134)) - 6d3d555f-4cf8-4e54-a907-fcd788b1b69a@group-19A9548FA913-SegmentedRaftLogWorker: flushIndex: setUnconditionally 0 -> -1
2024-04-29 10:07:05,873 [6d3d555f-4cf8-4e54-a907-fcd788b1b69a-groupManagement] INFO  segmented.SegmentedRaftLogWorker (SegmentedRaftLogWorker.java:lambda$new$0(134)) - 6d3d555f-4cf8-4e54-a907-fcd788b1b69a@group-19A9548FA913-SegmentedRaftLogWorker: safeCacheEvictIndex: setUnconditionally 0 -> -1
2024-04-29 10:07:05,873 [6d3d555f-4cf8-4e54-a907-fcd788b1b69a-groupManagement] INFO  server.RaftServer$Division (RaftServerImpl.java:start(396)) - 6d3d555f-4cf8-4e54-a907-fcd788b1b69a@group-19A9548FA913: start as a follower, conf=-1: peers:[6d3d555f-4cf8-4e54-a907-fcd788b1b69a|127.0.0.1:15513, 158faee4-db49-465b-9160-a35c663658b4|127.0.0.1:15531, d40c8439-b047-4b38-90b1-52a68d7d9fe2|127.0.0.1:15522]|listeners:[], old=null
2024-04-29 10:07:05,873 [6d3d555f-4cf8-4e54-a907-fcd788b1b69a-groupManagement] INFO  server.RaftServer$Division (RaftServerImpl.java:setRole(383)) - 6d3d555f-4cf8-4e54-a907-fcd788b1b69a@group-19A9548FA913: changes role from      null to FOLLOWER at term 0 for startAsFollower
2024-04-29 10:07:05,873 [6d3d555f-4cf8-4e54-a907-fcd788b1b69a-groupManagement] INFO  impl.RoleInfo (RoleInfo.java:updateAndGet(139)) - 6d3d555f-4cf8-4e54-a907-fcd788b1b69a: start 6d3d555f-4cf8-4e54-a907-fcd788b1b69a@group-19A9548FA913-FollowerState
2024-04-29 10:07:05,873 [EventQueue-OpenPipelineForHealthyPipelineSafeModeRule] INFO  safemode.SCMSafeModeManager (HealthyPipelineSafeModeRule.java:process(140)) - SCM in safe mode. Healthy pipelines reported count is 0, required healthy pipeline reported count is 1
2024-04-29 10:07:05,877 [6d3d555f-4cf8-4e54-a907-fcd788b1b69a@group-19A9548FA913-FollowerState] INFO  server.RaftServerConfigKeys (ConfUtils.java:logFallback(53)) - raft.server.rpc.first-election.timeout.min = 5s (fallback to raft.server.rpc.timeout.min)
2024-04-29 10:07:05,877 [6d3d555f-4cf8-4e54-a907-fcd788b1b69a@group-19A9548FA913-FollowerState] INFO  server.RaftServerConfigKeys (ConfUtils.java:logFallback(53)) - raft.server.rpc.first-election.timeout.max = 5200ms (fallback to raft.server.rpc.timeout.max)
2024-04-29 10:07:05,877 [6d3d555f-4cf8-4e54-a907-fcd788b1b69a-groupManagement] INFO  util.JmxRegister (JmxRegister.java:tryRegister(44)) - Successfully registered JMX Bean with object name Ratis:service=RaftServer,group=group-19A9548FA913,id=6d3d555f-4cf8-4e54-a907-fcd788b1b69a
2024-04-29 10:07:05,877 [6d3d555f-4cf8-4e54-a907-fcd788b1b69a-groupManagement] INFO  server.RaftServerConfigKeys (ConfUtils.java:logGet(46)) - raft.server.snapshot.trigger-when-stop.enabled = true (default)
2024-04-29 10:07:05,877 [6d3d555f-4cf8-4e54-a907-fcd788b1b69a-groupManagement] INFO  server.RaftServerConfigKeys (ConfUtils.java:logGet(46)) - raft.server.snapshot.auto.trigger.enabled = true (custom)
2024-04-29 10:07:05,878 [6d3d555f-4cf8-4e54-a907-fcd788b1b69a-groupManagement] INFO  server.RaftServerConfigKeys (ConfUtils.java:logGet(46)) - raft.server.snapshot.auto.trigger.threshold = 10000 (custom)
2024-04-29 10:07:05,878 [6d3d555f-4cf8-4e54-a907-fcd788b1b69a-groupManagement] INFO  server.RaftServerConfigKeys (ConfUtils.java:logGet(46)) - raft.server.snapshot.retention.file.num = 5 (custom)
2024-04-29 10:07:05,878 [6d3d555f-4cf8-4e54-a907-fcd788b1b69a-groupManagement] INFO  server.RaftServerConfigKeys (ConfUtils.java:logGet(46)) - raft.server.log.purge.upto.snapshot.index = false (default)
2024-04-29 10:07:05,878 [6d3d555f-4cf8-4e54-a907-fcd788b1b69a-PipelineCommandHandlerThread-0] INFO  ratis.XceiverServerRatis (XceiverServerRatis.java:addGroup(864)) - Created group PipelineID=4acc1650-dd09-4707-ae62-19a9548fa913
2024-04-29 10:07:05,883 [grpc-default-executor-1] INFO  server.RaftServer (RaftServerProxy.java:addNew(100)) - 158faee4-db49-465b-9160-a35c663658b4: addNew group-19A9548FA913:[6d3d555f-4cf8-4e54-a907-fcd788b1b69a|127.0.0.1:15513, 158faee4-db49-465b-9160-a35c663658b4|127.0.0.1:15531, d40c8439-b047-4b38-90b1-52a68d7d9fe2|127.0.0.1:15522] returns group-19A9548FA913:java.util.concurrent.CompletableFuture@10ca5f1a[Not completed]
2024-04-29 10:07:05,883 [158faee4-db49-465b-9160-a35c663658b4-groupManagement] INFO  server.RaftServer$Division (RaftServerImpl.java:<init>(256)) - 158faee4-db49-465b-9160-a35c663658b4: new RaftServerImpl for group-19A9548FA913:[6d3d555f-4cf8-4e54-a907-fcd788b1b69a|127.0.0.1:15513, 158faee4-db49-465b-9160-a35c663658b4|127.0.0.1:15531, d40c8439-b047-4b38-90b1-52a68d7d9fe2|127.0.0.1:15522] with ContainerStateMachine:uninitialized
2024-04-29 10:07:05,883 [158faee4-db49-465b-9160-a35c663658b4-groupManagement] INFO  server.RaftServerConfigKeys (ConfUtils.java:logGet(46)) - raft.server.rpc.timeout.min = 5s (custom)
2024-04-29 10:07:05,884 [158faee4-db49-465b-9160-a35c663658b4-groupManagement] INFO  server.RaftServerConfigKeys (ConfUtils.java:logGet(46)) - raft.server.rpc.timeout.max = 5200ms (custom)
2024-04-29 10:07:05,884 [158faee4-db49-465b-9160-a35c663658b4-groupManagement] INFO  server.RaftServerConfigKeys (ConfUtils.java:logGet(46)) - raft.server.rpc.sleep.time = 25ms (default)
2024-04-29 10:07:05,884 [158faee4-db49-465b-9160-a35c663658b4-groupManagement] INFO  server.RaftServerConfigKeys (ConfUtils.java:logGet(46)) - raft.server.rpc.slowness.timeout = 300000ms (custom)
2024-04-29 10:07:05,884 [158faee4-db49-465b-9160-a35c663658b4-groupManagement] INFO  server.RaftServerConfigKeys (ConfUtils.java:logGet(46)) - raft.server.leaderelection.leader.step-down.wait-time = 10s (default)
2024-04-29 10:07:05,884 [158faee4-db49-465b-9160-a35c663658b4-groupManagement] INFO  server.RaftServerConfigKeys (ConfUtils.java:logGet(46)) - raft.server.leaderelection.member.majority-add = false (default)
2024-04-29 10:07:05,884 [158faee4-db49-465b-9160-a35c663658b4-groupManagement] INFO  server.RaftServerConfigKeys (ConfUtils.java:logGet(46)) - raft.server.sleep.deviation.threshold = 300ms (default)
2024-04-29 10:07:05,884 [158faee4-db49-465b-9160-a35c663658b4-groupManagement] INFO  server.RaftServer$Division (ServerState.java:<init>(113)) - 158faee4-db49-465b-9160-a35c663658b4@group-19A9548FA913: ConfigurationManager, init=-1: peers:[6d3d555f-4cf8-4e54-a907-fcd788b1b69a|127.0.0.1:15513, 158faee4-db49-465b-9160-a35c663658b4|127.0.0.1:15531, d40c8439-b047-4b38-90b1-52a68d7d9fe2|127.0.0.1:15522]|listeners:[], old=null, confs=<EMPTY_MAP>
2024-04-29 10:07:05,884 [158faee4-db49-465b-9160-a35c663658b4-groupManagement] INFO  server.RaftServerConfigKeys (ConfUtils.java:logGet(46)) - raft.server.notification.no-leader.timeout = 300000ms (custom)
2024-04-29 10:07:05,884 [158faee4-db49-465b-9160-a35c663658b4-groupManagement] INFO  server.RaftServerConfigKeys (ConfUtils.java:logGet(46)) - raft.server.read.timeout = 10s (default)
2024-04-29 10:07:05,884 [158faee4-db49-465b-9160-a35c663658b4-groupManagement] INFO  server.RaftServerConfigKeys (ConfUtils.java:logGet(46)) - raft.server.retrycache.expirytime = 600000ms (custom)
2024-04-29 10:07:05,884 [158faee4-db49-465b-9160-a35c663658b4-groupManagement] INFO  server.RaftServerConfigKeys (ConfUtils.java:logGet(46)) - raft.server.retrycache.statistics.expirytime = 100ms (default)
2024-04-29 10:07:05,884 [158faee4-db49-465b-9160-a35c663658b4-groupManagement] INFO  server.RaftServerConfigKeys (ConfUtils.java:logGet(46)) - raft.server.read.option = DEFAULT (default)
2024-04-29 10:07:05,884 [158faee4-db49-465b-9160-a35c663658b4-groupManagement] INFO  server.RaftServerConfigKeys (ConfUtils.java:logGet(46)) - raft.server.read.read-after-write-consistent.write-index-cache.expiry-time = 60s (default)
2024-04-29 10:07:05,886 [158faee4-db49-465b-9160-a35c663658b4-groupManagement] INFO  server.RaftServerConfigKeys (ConfUtils.java:logGet(46)) - raft.server.rpc.request.timeout = 3000ms (default)
2024-04-29 10:07:05,886 [158faee4-db49-465b-9160-a35c663658b4-groupManagement] INFO  server.RaftServerConfigKeys (ConfUtils.java:logGet(46)) - raft.server.log.appender.install.snapshot.enabled = false (custom)
2024-04-29 10:07:05,886 [158faee4-db49-465b-9160-a35c663658b4-groupManagement] INFO  server.RaftServerConfigKeys (ConfUtils.java:logGet(46)) - raft.server.threadpool.server.cached = true (default)
2024-04-29 10:07:05,886 [158faee4-db49-465b-9160-a35c663658b4-groupManagement] INFO  server.RaftServerConfigKeys (ConfUtils.java:logGet(46)) - raft.server.threadpool.server.size = 0 (default)
2024-04-29 10:07:05,886 [158faee4-db49-465b-9160-a35c663658b4-groupManagement] INFO  server.RaftServerConfigKeys (ConfUtils.java:logGet(46)) - raft.server.threadpool.client.cached = true (default)
2024-04-29 10:07:05,886 [158faee4-db49-465b-9160-a35c663658b4-groupManagement] INFO  server.RaftServerConfigKeys (ConfUtils.java:logGet(46)) - raft.server.threadpool.client.size = 0 (default)
2024-04-29 10:07:05,886 [158faee4-db49-465b-9160-a35c663658b4-groupManagement] INFO  server.RaftServerConfigKeys (ConfUtils.java:logGet(46)) - raft.server.storage.free-space.min = 0MB (=0) (default)
2024-04-29 10:07:05,886 [158faee4-db49-465b-9160-a35c663658b4-groupManagement] INFO  server.RaftServerConfigKeys (ConfUtils.java:logGet(46)) - raft.server.log.corruption.policy = EXCEPTION (default)
2024-04-29 10:07:05,886 [158faee4-db49-465b-9160-a35c663658b4-groupManagement] INFO  server.RaftServerConfigKeys (ConfUtils.java:logGet(46)) - raft.server.storage.dir = [/home/runner/work/ozone/ozone/hadoop-ozone/integration-test/target/test-dir/MiniOzoneClusterImpl-9e79b078-2218-4abd-b04c-a65fc7f927a6/ozone-meta/datanode-9/ratis] (custom)
2024-04-29 10:07:05,886 [158faee4-db49-465b-9160-a35c663658b4-groupManagement] INFO  storage.RaftStorageDirectory (RaftStorageDirectoryImpl.java:analyzeStorage(138)) - The storage directory /home/runner/work/ozone/ozone/hadoop-ozone/integration-test/target/test-dir/MiniOzoneClusterImpl-9e79b078-2218-4abd-b04c-a65fc7f927a6/ozone-meta/datanode-9/ratis/4acc1650-dd09-4707-ae62-19a9548fa913 does not exist. Creating ...
2024-04-29 10:07:05,887 [158faee4-db49-465b-9160-a35c663658b4-groupManagement] INFO  storage.RaftStorageDirectory (RaftStorageDirectoryImpl.java:tryLock(228)) - Lock on /home/runner/work/ozone/ozone/hadoop-ozone/integration-test/target/test-dir/MiniOzoneClusterImpl-9e79b078-2218-4abd-b04c-a65fc7f927a6/ozone-meta/datanode-9/ratis/4acc1650-dd09-4707-ae62-19a9548fa913/in_use.lock acquired by nodename 20825@fv-az913-54
2024-04-29 10:07:05,888 [158faee4-db49-465b-9160-a35c663658b4-groupManagement] INFO  storage.RaftStorage (RaftStorageImpl.java:format(99)) - Storage directory /home/runner/work/ozone/ozone/hadoop-ozone/integration-test/target/test-dir/MiniOzoneClusterImpl-9e79b078-2218-4abd-b04c-a65fc7f927a6/ozone-meta/datanode-9/ratis/4acc1650-dd09-4707-ae62-19a9548fa913 has been successfully formatted.
2024-04-29 10:07:05,888 [158faee4-db49-465b-9160-a35c663658b4-groupManagement] WARN  util.FileUtils (LogUtils.java:supplyAndLog(63)) - Failed to Files.newInputStream /home/runner/work/ozone/ozone/hadoop-ozone/integration-test/target/test-dir/MiniOzoneClusterImpl-9e79b078-2218-4abd-b04c-a65fc7f927a6/ozone-meta/datanode-9/ratis/4acc1650-dd09-4707-ae62-19a9548fa913/current/raft-meta.conf with options []: java.nio.file.NoSuchFileException: /home/runner/work/ozone/ozone/hadoop-ozone/integration-test/target/test-dir/MiniOzoneClusterImpl-9e79b078-2218-4abd-b04c-a65fc7f927a6/ozone-meta/datanode-9/ratis/4acc1650-dd09-4707-ae62-19a9548fa913/current/raft-meta.conf
2024-04-29 10:07:05,888 [158faee4-db49-465b-9160-a35c663658b4-groupManagement] INFO  ratis.ContainerStateMachine (ContainerStateMachine.java:loadSnapshot(287)) - group-19A9548FA913: The snapshot info is null. Setting the last applied index to:(t:0, i:~)
2024-04-29 10:07:05,888 [158faee4-db49-465b-9160-a35c663658b4-groupManagement] INFO  server.RaftServerConfigKeys (ConfUtils.java:logGet(46)) - raft.server.log.use.memory = false (default)
2024-04-29 10:07:05,888 [158faee4-db49-465b-9160-a35c663658b4-groupManagement] INFO  server.RaftServerConfigKeys (ConfUtils.java:logGet(46)) - raft.server.log.purge.gap = 1000000 (custom)
2024-04-29 10:07:05,888 [158faee4-db49-465b-9160-a35c663658b4-groupManagement] INFO  server.RaftServerConfigKeys (ConfUtils.java:logGet(46)) - raft.server.log.appender.buffer.byte-limit = 8388608 (custom)
2024-04-29 10:07:05,888 [158faee4-db49-465b-9160-a35c663658b4-groupManagement] INFO  server.RaftServerConfigKeys (ConfUtils.java:logGet(46)) - raft.server.log.statemachine.data.read.timeout = 1000ms (default)
2024-04-29 10:07:05,888 [158faee4-db49-465b-9160-a35c663658b4-groupManagement] INFO  server.RaftServerConfigKeys (ConfUtils.java:logGet(46)) - raft.server.log.purge.preservation.log.num = 0 (default)
2024-04-29 10:07:05,889 [158faee4-db49-465b-9160-a35c663658b4-groupManagement] INFO  server.RaftServerConfigKeys (ConfUtils.java:logGet(46)) - raft.server.log.segment.size.max = 67108864 (custom)
2024-04-29 10:07:05,890 [158faee4-db49-465b-9160-a35c663658b4-groupManagement] INFO  server.RaftServerConfigKeys (ConfUtils.java:logGet(46)) - raft.server.log.segment.cache.num.max = 2 (custom)
2024-04-29 10:07:05,890 [158faee4-db49-465b-9160-a35c663658b4-groupManagement] INFO  server.RaftServerConfigKeys (ConfUtils.java:logGet(46)) - raft.server.log.segment.cache.size.max = 200MB (=209715200) (default)
2024-04-29 10:07:05,890 [158faee4-db49-465b-9160-a35c663658b4-groupManagement] INFO  server.RaftServerConfigKeys (ConfUtils.java:logGet(46)) - raft.server.log.appender.buffer.byte-limit = 8388608 (custom)
2024-04-29 10:07:05,890 [158faee4-db49-465b-9160-a35c663658b4-groupManagement] INFO  util.AwaitToRun (AwaitToRun.java:start(81)) - Thread[158faee4-db49-465b-9160-a35c663658b4@group-19A9548FA913-cacheEviction-AwaitToRun,5,main] started
2024-04-29 10:07:05,890 [158faee4-db49-465b-9160-a35c663658b4-groupManagement] INFO  segmented.SegmentedRaftLogWorker (SegmentedRaftLogWorker.java:<init>(182)) - new 158faee4-db49-465b-9160-a35c663658b4@group-19A9548FA913-SegmentedRaftLogWorker for RaftStorageImpl:Storage Directory /home/runner/work/ozone/ozone/hadoop-ozone/integration-test/target/test-dir/MiniOzoneClusterImpl-9e79b078-2218-4abd-b04c-a65fc7f927a6/ozone-meta/datanode-9/ratis/4acc1650-dd09-4707-ae62-19a9548fa913
2024-04-29 10:07:05,890 [158faee4-db49-465b-9160-a35c663658b4-groupManagement] INFO  server.RaftServerConfigKeys (ConfUtils.java:logGet(46)) - raft.server.log.queue.byte-limit = 4294967296 (custom)
2024-04-29 10:07:05,890 [158faee4-db49-465b-9160-a35c663658b4-groupManagement] INFO  server.RaftServerConfigKeys (ConfUtils.java:logGet(46)) - raft.server.log.queue.element-limit = 1024 (custom)
2024-04-29 10:07:05,890 [158faee4-db49-465b-9160-a35c663658b4-groupManagement] INFO  server.RaftServerConfigKeys (ConfUtils.java:logGet(46)) - raft.server.log.segment.size.max = 67108864 (custom)
2024-04-29 10:07:05,890 [158faee4-db49-465b-9160-a35c663658b4-groupManagement] INFO  server.RaftServerConfigKeys (ConfUtils.java:logGet(46)) - raft.server.log.preallocated.size = 4194304 (custom)
2024-04-29 10:07:05,890 [158faee4-db49-465b-9160-a35c663658b4-groupManagement] INFO  server.RaftServerConfigKeys (ConfUtils.java:logGet(46)) - raft.server.log.force.sync.num = 128 (default)
2024-04-29 10:07:05,890 [158faee4-db49-465b-9160-a35c663658b4-groupManagement] INFO  server.RaftServerConfigKeys (ConfUtils.java:logGet(46)) - raft.server.log.statemachine.data.sync = true (default)
2024-04-29 10:07:05,890 [158faee4-db49-465b-9160-a35c663658b4-groupManagement] INFO  server.RaftServerConfigKeys (ConfUtils.java:logGet(46)) - raft.server.log.statemachine.data.sync.timeout = 10s (default)
2024-04-29 10:07:05,890 [158faee4-db49-465b-9160-a35c663658b4-groupManagement] INFO  server.RaftServerConfigKeys (ConfUtils.java:logGet(46)) - raft.server.log.statemachine.data.sync.timeout.retry = 30 (custom)
2024-04-29 10:07:05,890 [158faee4-db49-465b-9160-a35c663658b4-groupManagement] INFO  server.RaftServerConfigKeys (ConfUtils.java:logGet(46)) - raft.server.log.write.buffer.size = 8388616 (custom)
2024-04-29 10:07:05,891 [158faee4-db49-465b-9160-a35c663658b4-groupManagement] INFO  server.RaftServerConfigKeys (ConfUtils.java:logGet(46)) - raft.server.log.appender.buffer.byte-limit = 8388608 (custom)
2024-04-29 10:07:05,891 [158faee4-db49-465b-9160-a35c663658b4-groupManagement] INFO  server.RaftServerConfigKeys (ConfUtils.java:logGet(46)) - raft.server.log.unsafe-flush.enabled = false (default)
2024-04-29 10:07:05,892 [158faee4-db49-465b-9160-a35c663658b4-groupManagement] INFO  server.RaftServerConfigKeys (ConfUtils.java:logGet(46)) - raft.server.log.async-flush.enabled = false (default)
2024-04-29 10:07:05,892 [158faee4-db49-465b-9160-a35c663658b4-groupManagement] INFO  server.RaftServerConfigKeys (ConfUtils.java:logGet(46)) - raft.server.log.statemachine.data.caching.enabled = true (custom)
2024-04-29 10:07:05,892 [158faee4-db49-465b-9160-a35c663658b4-groupManagement] INFO  segmented.SegmentedRaftLogWorker (SegmentedRaftLogWorker.java:lambda$new$0(134)) - 158faee4-db49-465b-9160-a35c663658b4@group-19A9548FA913-SegmentedRaftLogWorker: flushIndex: setUnconditionally 0 -> -1
2024-04-29 10:07:05,892 [158faee4-db49-465b-9160-a35c663658b4-groupManagement] INFO  segmented.SegmentedRaftLogWorker (SegmentedRaftLogWorker.java:lambda$new$0(134)) - 158faee4-db49-465b-9160-a35c663658b4@group-19A9548FA913-SegmentedRaftLogWorker: safeCacheEvictIndex: setUnconditionally 0 -> -1
2024-04-29 10:07:05,892 [158faee4-db49-465b-9160-a35c663658b4-groupManagement] INFO  server.RaftServer$Division (RaftServerImpl.java:start(396)) - 158faee4-db49-465b-9160-a35c663658b4@group-19A9548FA913: start as a follower, conf=-1: peers:[6d3d555f-4cf8-4e54-a907-fcd788b1b69a|127.0.0.1:15513, 158faee4-db49-465b-9160-a35c663658b4|127.0.0.1:15531, d40c8439-b047-4b38-90b1-52a68d7d9fe2|127.0.0.1:15522]|listeners:[], old=null
2024-04-29 10:07:05,892 [158faee4-db49-465b-9160-a35c663658b4-groupManagement] INFO  server.RaftServer$Division (RaftServerImpl.java:setRole(383)) - 158faee4-db49-465b-9160-a35c663658b4@group-19A9548FA913: changes role from      null to FOLLOWER at term 0 for startAsFollower
2024-04-29 10:07:05,892 [158faee4-db49-465b-9160-a35c663658b4-groupManagement] INFO  impl.RoleInfo (RoleInfo.java:updateAndGet(139)) - 158faee4-db49-465b-9160-a35c663658b4: start 158faee4-db49-465b-9160-a35c663658b4@group-19A9548FA913-FollowerState
2024-04-29 10:07:05,892 [158faee4-db49-465b-9160-a35c663658b4-groupManagement] INFO  util.JmxRegister (JmxRegister.java:tryRegister(44)) - Successfully registered JMX Bean with object name Ratis:service=RaftServer,group=group-19A9548FA913,id=158faee4-db49-465b-9160-a35c663658b4
2024-04-29 10:07:05,892 [158faee4-db49-465b-9160-a35c663658b4@group-19A9548FA913-FollowerState] INFO  server.RaftServerConfigKeys (ConfUtils.java:logFallback(53)) - raft.server.rpc.first-election.timeout.min = 5s (fallback to raft.server.rpc.timeout.min)
2024-04-29 10:07:05,892 [158faee4-db49-465b-9160-a35c663658b4-groupManagement] INFO  server.RaftServerConfigKeys (ConfUtils.java:logGet(46)) - raft.server.snapshot.trigger-when-stop.enabled = true (default)
2024-04-29 10:07:05,892 [158faee4-db49-465b-9160-a35c663658b4@group-19A9548FA913-FollowerState] INFO  server.RaftServerConfigKeys (ConfUtils.java:logFallback(53)) - raft.server.rpc.first-election.timeout.max = 5200ms (fallback to raft.server.rpc.timeout.max)
2024-04-29 10:07:05,892 [158faee4-db49-465b-9160-a35c663658b4-groupManagement] INFO  server.RaftServerConfigKeys (ConfUtils.java:logGet(46)) - raft.server.snapshot.auto.trigger.enabled = true (custom)
2024-04-29 10:07:05,892 [158faee4-db49-465b-9160-a35c663658b4-groupManagement] INFO  server.RaftServerConfigKeys (ConfUtils.java:logGet(46)) - raft.server.snapshot.auto.trigger.threshold = 10000 (custom)
2024-04-29 10:07:05,892 [158faee4-db49-465b-9160-a35c663658b4-groupManagement] INFO  server.RaftServerConfigKeys (ConfUtils.java:logGet(46)) - raft.server.snapshot.retention.file.num = 5 (custom)
2024-04-29 10:07:05,892 [158faee4-db49-465b-9160-a35c663658b4-groupManagement] INFO  server.RaftServerConfigKeys (ConfUtils.java:logGet(46)) - raft.server.log.purge.upto.snapshot.index = false (default)
2024-04-29 10:07:05,899 [d40c8439-b047-4b38-90b1-52a68d7d9fe2-PipelineCommandHandlerThread-0] INFO  server.RaftServer (RaftServerProxy.java:addNew(100)) - d40c8439-b047-4b38-90b1-52a68d7d9fe2: addNew group-65EDF0013E08:[d40c8439-b047-4b38-90b1-52a68d7d9fe2|127.0.0.1:15522] returns group-65EDF0013E08:java.util.concurrent.CompletableFuture@6ed67142[Not completed]
2024-04-29 10:07:05,899 [grpc-default-executor-1] INFO  server.RaftServer (RaftServerProxy.java:addNew(100)) - d40c8439-b047-4b38-90b1-52a68d7d9fe2: addNew group-19A9548FA913:[6d3d555f-4cf8-4e54-a907-fcd788b1b69a|127.0.0.1:15513, 158faee4-db49-465b-9160-a35c663658b4|127.0.0.1:15531, d40c8439-b047-4b38-90b1-52a68d7d9fe2|127.0.0.1:15522] returns group-19A9548FA913:java.util.concurrent.CompletableFuture@576e010c[Not completed]
2024-04-29 10:07:05,900 [d40c8439-b047-4b38-90b1-52a68d7d9fe2-groupManagement] INFO  server.RaftServer$Division (RaftServerImpl.java:<init>(256)) - d40c8439-b047-4b38-90b1-52a68d7d9fe2: new RaftServerImpl for group-65EDF0013E08:[d40c8439-b047-4b38-90b1-52a68d7d9fe2|127.0.0.1:15522] with ContainerStateMachine:uninitialized
2024-04-29 10:07:05,900 [d40c8439-b047-4b38-90b1-52a68d7d9fe2-groupManagement] INFO  server.RaftServerConfigKeys (ConfUtils.java:logGet(46)) - raft.server.rpc.timeout.min = 5s (custom)
2024-04-29 10:07:05,900 [d40c8439-b047-4b38-90b1-52a68d7d9fe2-groupManagement] INFO  server.RaftServerConfigKeys (ConfUtils.java:logGet(46)) - raft.server.rpc.timeout.max = 5200ms (custom)
2024-04-29 10:07:05,900 [d40c8439-b047-4b38-90b1-52a68d7d9fe2-groupManagement] INFO  server.RaftServerConfigKeys (ConfUtils.java:logGet(46)) - raft.server.rpc.sleep.time = 25ms (default)
2024-04-29 10:07:05,900 [d40c8439-b047-4b38-90b1-52a68d7d9fe2-groupManagement] INFO  server.RaftServerConfigKeys (ConfUtils.java:logGet(46)) - raft.server.rpc.slowness.timeout = 300000ms (custom)
2024-04-29 10:07:05,900 [d40c8439-b047-4b38-90b1-52a68d7d9fe2-groupManagement] INFO  server.RaftServerConfigKeys (ConfUtils.java:logGet(46)) - raft.server.leaderelection.leader.step-down.wait-time = 10s (default)
2024-04-29 10:07:05,900 [d40c8439-b047-4b38-90b1-52a68d7d9fe2-groupManagement] INFO  server.RaftServerConfigKeys (ConfUtils.java:logGet(46)) - raft.server.leaderelection.member.majority-add = false (default)
2024-04-29 10:07:05,900 [d40c8439-b047-4b38-90b1-52a68d7d9fe2-groupManagement] INFO  server.RaftServerConfigKeys (ConfUtils.java:logGet(46)) - raft.server.sleep.deviation.threshold = 300ms (default)
2024-04-29 10:07:05,900 [d40c8439-b047-4b38-90b1-52a68d7d9fe2-groupManagement] INFO  server.RaftServer$Division (ServerState.java:<init>(113)) - d40c8439-b047-4b38-90b1-52a68d7d9fe2@group-65EDF0013E08: ConfigurationManager, init=-1: peers:[d40c8439-b047-4b38-90b1-52a68d7d9fe2|127.0.0.1:15522]|listeners:[], old=null, confs=<EMPTY_MAP>
2024-04-29 10:07:05,900 [d40c8439-b047-4b38-90b1-52a68d7d9fe2-groupManagement] INFO  server.RaftServerConfigKeys (ConfUtils.java:logGet(46)) - raft.server.notification.no-leader.timeout = 300000ms (custom)
2024-04-29 10:07:05,900 [d40c8439-b047-4b38-90b1-52a68d7d9fe2-groupManagement] INFO  server.RaftServerConfigKeys (ConfUtils.java:logGet(46)) - raft.server.read.timeout = 10s (default)
2024-04-29 10:07:05,900 [d40c8439-b047-4b38-90b1-52a68d7d9fe2-groupManagement] INFO  server.RaftServerConfigKeys (ConfUtils.java:logGet(46)) - raft.server.retrycache.expirytime = 600000ms (custom)
2024-04-29 10:07:05,900 [d40c8439-b047-4b38-90b1-52a68d7d9fe2-groupManagement] INFO  server.RaftServerConfigKeys (ConfUtils.java:logGet(46)) - raft.server.retrycache.statistics.expirytime = 100ms (default)
2024-04-29 10:07:05,901 [d40c8439-b047-4b38-90b1-52a68d7d9fe2-groupManagement] INFO  server.RaftServerConfigKeys (ConfUtils.java:logGet(46)) - raft.server.read.option = DEFAULT (default)
2024-04-29 10:07:05,901 [d40c8439-b047-4b38-90b1-52a68d7d9fe2-groupManagement] INFO  server.RaftServerConfigKeys (ConfUtils.java:logGet(46)) - raft.server.read.read-after-write-consistent.write-index-cache.expiry-time = 60s (default)
2024-04-29 10:07:05,903 [d40c8439-b047-4b38-90b1-52a68d7d9fe2-groupManagement] INFO  server.RaftServerConfigKeys (ConfUtils.java:logGet(46)) - raft.server.rpc.request.timeout = 3000ms (default)
2024-04-29 10:07:05,903 [d40c8439-b047-4b38-90b1-52a68d7d9fe2-groupManagement] INFO  server.RaftServerConfigKeys (ConfUtils.java:logGet(46)) - raft.server.log.appender.install.snapshot.enabled = false (custom)
2024-04-29 10:07:05,903 [d40c8439-b047-4b38-90b1-52a68d7d9fe2-groupManagement] INFO  server.RaftServerConfigKeys (ConfUtils.java:logGet(46)) - raft.server.threadpool.server.cached = true (default)
2024-04-29 10:07:05,903 [d40c8439-b047-4b38-90b1-52a68d7d9fe2-groupManagement] INFO  server.RaftServerConfigKeys (ConfUtils.java:logGet(46)) - raft.server.threadpool.server.size = 0 (default)
2024-04-29 10:07:05,903 [d40c8439-b047-4b38-90b1-52a68d7d9fe2-groupManagement] INFO  server.RaftServerConfigKeys (ConfUtils.java:logGet(46)) - raft.server.threadpool.client.cached = true (default)
2024-04-29 10:07:05,903 [d40c8439-b047-4b38-90b1-52a68d7d9fe2-groupManagement] INFO  server.RaftServerConfigKeys (ConfUtils.java:logGet(46)) - raft.server.threadpool.client.size = 0 (default)
2024-04-29 10:07:05,904 [d40c8439-b047-4b38-90b1-52a68d7d9fe2-groupManagement] INFO  server.RaftServer$Division (RaftServerImpl.java:<init>(256)) - d40c8439-b047-4b38-90b1-52a68d7d9fe2: new RaftServerImpl for group-19A9548FA913:[6d3d555f-4cf8-4e54-a907-fcd788b1b69a|127.0.0.1:15513, 158faee4-db49-465b-9160-a35c663658b4|127.0.0.1:15531, d40c8439-b047-4b38-90b1-52a68d7d9fe2|127.0.0.1:15522] with ContainerStateMachine:uninitialized
2024-04-29 10:07:05,904 [d40c8439-b047-4b38-90b1-52a68d7d9fe2-groupManagement] INFO  server.RaftServerConfigKeys (ConfUtils.java:logGet(46)) - raft.server.rpc.timeout.min = 5s (custom)
2024-04-29 10:07:05,904 [d40c8439-b047-4b38-90b1-52a68d7d9fe2-groupManagement] INFO  server.RaftServerConfigKeys (ConfUtils.java:logGet(46)) - raft.server.rpc.timeout.max = 5200ms (custom)
2024-04-29 10:07:05,904 [d40c8439-b047-4b38-90b1-52a68d7d9fe2-groupManagement] INFO  server.RaftServerConfigKeys (ConfUtils.java:logGet(46)) - raft.server.rpc.sleep.time = 25ms (default)
2024-04-29 10:07:05,904 [d40c8439-b047-4b38-90b1-52a68d7d9fe2-groupManagement] INFO  server.RaftServerConfigKeys (ConfUtils.java:logGet(46)) - raft.server.rpc.slowness.timeout = 300000ms (custom)
2024-04-29 10:07:05,904 [d40c8439-b047-4b38-90b1-52a68d7d9fe2-groupManagement] INFO  server.RaftServerConfigKeys (ConfUtils.java:logGet(46)) - raft.server.leaderelection.leader.step-down.wait-time = 10s (default)
2024-04-29 10:07:05,904 [d40c8439-b047-4b38-90b1-52a68d7d9fe2-groupManagement] INFO  server.RaftServerConfigKeys (ConfUtils.java:logGet(46)) - raft.server.leaderelection.member.majority-add = false (default)
2024-04-29 10:07:05,904 [d40c8439-b047-4b38-90b1-52a68d7d9fe2-groupManagement] INFO  server.RaftServerConfigKeys (ConfUtils.java:logGet(46)) - raft.server.sleep.deviation.threshold = 300ms (default)
2024-04-29 10:07:05,904 [d40c8439-b047-4b38-90b1-52a68d7d9fe2-groupManagement] INFO  server.RaftServer$Division (ServerState.java:<init>(113)) - d40c8439-b047-4b38-90b1-52a68d7d9fe2@group-19A9548FA913: ConfigurationManager, init=-1: peers:[6d3d555f-4cf8-4e54-a907-fcd788b1b69a|127.0.0.1:15513, 158faee4-db49-465b-9160-a35c663658b4|127.0.0.1:15531, d40c8439-b047-4b38-90b1-52a68d7d9fe2|127.0.0.1:15522]|listeners:[], old=null, confs=<EMPTY_MAP>
2024-04-29 10:07:05,904 [d40c8439-b047-4b38-90b1-52a68d7d9fe2-groupManagement] INFO  server.RaftServerConfigKeys (ConfUtils.java:logGet(46)) - raft.server.notification.no-leader.timeout = 300000ms (custom)
2024-04-29 10:07:05,904 [d40c8439-b047-4b38-90b1-52a68d7d9fe2-groupManagement] INFO  server.RaftServerConfigKeys (ConfUtils.java:logGet(46)) - raft.server.read.timeout = 10s (default)
2024-04-29 10:07:05,904 [d40c8439-b047-4b38-90b1-52a68d7d9fe2-groupManagement] INFO  server.RaftServerConfigKeys (ConfUtils.java:logGet(46)) - raft.server.retrycache.expirytime = 600000ms (custom)
2024-04-29 10:07:05,904 [d40c8439-b047-4b38-90b1-52a68d7d9fe2-groupManagement] INFO  server.RaftServerConfigKeys (ConfUtils.java:logGet(46)) - raft.server.retrycache.statistics.expirytime = 100ms (default)
2024-04-29 10:07:05,904 [d40c8439-b047-4b38-90b1-52a68d7d9fe2-groupManagement] INFO  server.RaftServerConfigKeys (ConfUtils.java:logGet(46)) - raft.server.read.option = DEFAULT (default)
2024-04-29 10:07:05,904 [d40c8439-b047-4b38-90b1-52a68d7d9fe2-groupManagement] INFO  server.RaftServerConfigKeys (ConfUtils.java:logGet(46)) - raft.server.read.read-after-write-consistent.write-index-cache.expiry-time = 60s (default)
2024-04-29 10:07:05,907 [d40c8439-b047-4b38-90b1-52a68d7d9fe2-groupManagement] INFO  server.RaftServerConfigKeys (ConfUtils.java:logGet(46)) - raft.server.rpc.request.timeout = 3000ms (default)
2024-04-29 10:07:05,907 [d40c8439-b047-4b38-90b1-52a68d7d9fe2-groupManagement] INFO  server.RaftServerConfigKeys (ConfUtils.java:logGet(46)) - raft.server.log.appender.install.snapshot.enabled = false (custom)
2024-04-29 10:07:05,907 [d40c8439-b047-4b38-90b1-52a68d7d9fe2-groupManagement] INFO  server.RaftServerConfigKeys (ConfUtils.java:logGet(46)) - raft.server.threadpool.server.cached = true (default)
2024-04-29 10:07:05,907 [d40c8439-b047-4b38-90b1-52a68d7d9fe2-groupManagement] INFO  server.RaftServerConfigKeys (ConfUtils.java:logGet(46)) - raft.server.threadpool.server.size = 0 (default)
2024-04-29 10:07:05,907 [d40c8439-b047-4b38-90b1-52a68d7d9fe2-groupManagement] INFO  server.RaftServerConfigKeys (ConfUtils.java:logGet(46)) - raft.server.threadpool.client.cached = true (default)
2024-04-29 10:07:05,907 [d40c8439-b047-4b38-90b1-52a68d7d9fe2-groupManagement] INFO  server.RaftServerConfigKeys (ConfUtils.java:logGet(46)) - raft.server.threadpool.client.size = 0 (default)
2024-04-29 10:07:05,907 [d40c8439-b047-4b38-90b1-52a68d7d9fe2-groupManagement] INFO  server.RaftServerConfigKeys (ConfUtils.java:logGet(46)) - raft.server.storage.free-space.min = 0MB (=0) (default)
2024-04-29 10:07:05,907 [d40c8439-b047-4b38-90b1-52a68d7d9fe2-groupManagement] INFO  server.RaftServerConfigKeys (ConfUtils.java:logGet(46)) - raft.server.log.corruption.policy = EXCEPTION (default)
2024-04-29 10:07:05,907 [d40c8439-b047-4b38-90b1-52a68d7d9fe2-groupManagement] INFO  server.RaftServerConfigKeys (ConfUtils.java:logGet(46)) - raft.server.storage.dir = [/home/runner/work/ozone/ozone/hadoop-ozone/integration-test/target/test-dir/MiniOzoneClusterImpl-9e79b078-2218-4abd-b04c-a65fc7f927a6/ozone-meta/datanode-8/ratis] (custom)
2024-04-29 10:07:05,907 [d40c8439-b047-4b38-90b1-52a68d7d9fe2-groupManagement] INFO  storage.RaftStorageDirectory (RaftStorageDirectoryImpl.java:analyzeStorage(138)) - The storage directory /home/runner/work/ozone/ozone/hadoop-ozone/integration-test/target/test-dir/MiniOzoneClusterImpl-9e79b078-2218-4abd-b04c-a65fc7f927a6/ozone-meta/datanode-8/ratis/55eb9c21-da10-48b8-b4f4-65edf0013e08 does not exist. Creating ...
2024-04-29 10:07:05,909 [d40c8439-b047-4b38-90b1-52a68d7d9fe2-groupManagement] INFO  storage.RaftStorageDirectory (RaftStorageDirectoryImpl.java:tryLock(228)) - Lock on /home/runner/work/ozone/ozone/hadoop-ozone/integration-test/target/test-dir/MiniOzoneClusterImpl-9e79b078-2218-4abd-b04c-a65fc7f927a6/ozone-meta/datanode-8/ratis/55eb9c21-da10-48b8-b4f4-65edf0013e08/in_use.lock acquired by nodename 20825@fv-az913-54
2024-04-29 10:07:05,910 [d40c8439-b047-4b38-90b1-52a68d7d9fe2-groupManagement] INFO  storage.RaftStorage (RaftStorageImpl.java:format(99)) - Storage directory /home/runner/work/ozone/ozone/hadoop-ozone/integration-test/target/test-dir/MiniOzoneClusterImpl-9e79b078-2218-4abd-b04c-a65fc7f927a6/ozone-meta/datanode-8/ratis/55eb9c21-da10-48b8-b4f4-65edf0013e08 has been successfully formatted.
2024-04-29 10:07:05,910 [d40c8439-b047-4b38-90b1-52a68d7d9fe2-groupManagement] WARN  util.FileUtils (LogUtils.java:supplyAndLog(63)) - Failed to Files.newInputStream /home/runner/work/ozone/ozone/hadoop-ozone/integration-test/target/test-dir/MiniOzoneClusterImpl-9e79b078-2218-4abd-b04c-a65fc7f927a6/ozone-meta/datanode-8/ratis/55eb9c21-da10-48b8-b4f4-65edf0013e08/current/raft-meta.conf with options []: java.nio.file.NoSuchFileException: /home/runner/work/ozone/ozone/hadoop-ozone/integration-test/target/test-dir/MiniOzoneClusterImpl-9e79b078-2218-4abd-b04c-a65fc7f927a6/ozone-meta/datanode-8/ratis/55eb9c21-da10-48b8-b4f4-65edf0013e08/current/raft-meta.conf
2024-04-29 10:07:05,910 [d40c8439-b047-4b38-90b1-52a68d7d9fe2-groupManagement] INFO  ratis.ContainerStateMachine (ContainerStateMachine.java:loadSnapshot(287)) - group-65EDF0013E08: The snapshot info is null. Setting the last applied index to:(t:0, i:~)
2024-04-29 10:07:05,910 [d40c8439-b047-4b38-90b1-52a68d7d9fe2-groupManagement] INFO  server.RaftServerConfigKeys (ConfUtils.java:logGet(46)) - raft.server.log.use.memory = false (default)
2024-04-29 10:07:05,910 [d40c8439-b047-4b38-90b1-52a68d7d9fe2-groupManagement] INFO  server.RaftServerConfigKeys (ConfUtils.java:logGet(46)) - raft.server.log.purge.gap = 1000000 (custom)
2024-04-29 10:07:05,911 [d40c8439-b047-4b38-90b1-52a68d7d9fe2-groupManagement] INFO  server.RaftServerConfigKeys (ConfUtils.java:logGet(46)) - raft.server.log.appender.buffer.byte-limit = 8388608 (custom)
2024-04-29 10:07:05,911 [d40c8439-b047-4b38-90b1-52a68d7d9fe2-groupManagement] INFO  server.RaftServerConfigKeys (ConfUtils.java:logGet(46)) - raft.server.log.statemachine.data.read.timeout = 1000ms (default)
2024-04-29 10:07:05,911 [d40c8439-b047-4b38-90b1-52a68d7d9fe2-groupManagement] INFO  server.RaftServerConfigKeys (ConfUtils.java:logGet(46)) - raft.server.log.purge.preservation.log.num = 0 (default)
2024-04-29 10:07:05,911 [EventQueue-PipelineReportForPipelineReportHandler] INFO  pipeline.PipelineReportHandler (PipelineReportHandler.java:processPipelineReport(136)) - Opened pipeline PipelineID=55eb9c21-da10-48b8-b4f4-65edf0013e08
2024-04-29 10:07:05,911 [EventQueue-OpenPipelineForHealthyPipelineSafeModeRule] INFO  safemode.SCMSafeModeManager (HealthyPipelineSafeModeRule.java:process(140)) - SCM in safe mode. Healthy pipelines reported count is 0, required healthy pipeline reported count is 1
2024-04-29 10:07:05,912 [d40c8439-b047-4b38-90b1-52a68d7d9fe2-groupManagement] INFO  server.RaftServerConfigKeys (ConfUtils.java:logGet(46)) - raft.server.log.segment.size.max = 67108864 (custom)
2024-04-29 10:07:05,912 [d40c8439-b047-4b38-90b1-52a68d7d9fe2-groupManagement] INFO  server.RaftServerConfigKeys (ConfUtils.java:logGet(46)) - raft.server.log.segment.cache.num.max = 2 (custom)
2024-04-29 10:07:05,913 [d40c8439-b047-4b38-90b1-52a68d7d9fe2-groupManagement] INFO  server.RaftServerConfigKeys (ConfUtils.java:logGet(46)) - raft.server.log.segment.cache.size.max = 200MB (=209715200) (default)
2024-04-29 10:07:05,913 [d40c8439-b047-4b38-90b1-52a68d7d9fe2-groupManagement] INFO  server.RaftServerConfigKeys (ConfUtils.java:logGet(46)) - raft.server.log.appender.buffer.byte-limit = 8388608 (custom)
2024-04-29 10:07:05,913 [d40c8439-b047-4b38-90b1-52a68d7d9fe2-groupManagement] INFO  util.AwaitToRun (AwaitToRun.java:start(81)) - Thread[d40c8439-b047-4b38-90b1-52a68d7d9fe2@group-65EDF0013E08-cacheEviction-AwaitToRun,5,main] started
2024-04-29 10:07:05,913 [d40c8439-b047-4b38-90b1-52a68d7d9fe2-groupManagement] INFO  segmented.SegmentedRaftLogWorker (SegmentedRaftLogWorker.java:<init>(182)) - new d40c8439-b047-4b38-90b1-52a68d7d9fe2@group-65EDF0013E08-SegmentedRaftLogWorker for RaftStorageImpl:Storage Directory /home/runner/work/ozone/ozone/hadoop-ozone/integration-test/target/test-dir/MiniOzoneClusterImpl-9e79b078-2218-4abd-b04c-a65fc7f927a6/ozone-meta/datanode-8/ratis/55eb9c21-da10-48b8-b4f4-65edf0013e08
2024-04-29 10:07:05,913 [d40c8439-b047-4b38-90b1-52a68d7d9fe2-groupManagement] INFO  server.RaftServerConfigKeys (ConfUtils.java:logGet(46)) - raft.server.log.queue.byte-limit = 4294967296 (custom)
2024-04-29 10:07:05,913 [d40c8439-b047-4b38-90b1-52a68d7d9fe2-groupManagement] INFO  server.RaftServerConfigKeys (ConfUtils.java:logGet(46)) - raft.server.log.queue.element-limit = 1024 (custom)
2024-04-29 10:07:05,913 [d40c8439-b047-4b38-90b1-52a68d7d9fe2-groupManagement] INFO  server.RaftServerConfigKeys (ConfUtils.java:logGet(46)) - raft.server.log.segment.size.max = 67108864 (custom)
2024-04-29 10:07:05,913 [d40c8439-b047-4b38-90b1-52a68d7d9fe2-groupManagement] INFO  server.RaftServerConfigKeys (ConfUtils.java:logGet(46)) - raft.server.log.preallocated.size = 4194304 (custom)
2024-04-29 10:07:05,913 [d40c8439-b047-4b38-90b1-52a68d7d9fe2-groupManagement] INFO  server.RaftServerConfigKeys (ConfUtils.java:logGet(46)) - raft.server.log.force.sync.num = 128 (default)
2024-04-29 10:07:05,913 [d40c8439-b047-4b38-90b1-52a68d7d9fe2-groupManagement] INFO  server.RaftServerConfigKeys (ConfUtils.java:logGet(46)) - raft.server.log.statemachine.data.sync = true (default)
2024-04-29 10:07:05,913 [d40c8439-b047-4b38-90b1-52a68d7d9fe2-groupManagement] INFO  server.RaftServerConfigKeys (ConfUtils.java:logGet(46)) - raft.server.log.statemachine.data.sync.timeout = 10s (default)
2024-04-29 10:07:05,913 [d40c8439-b047-4b38-90b1-52a68d7d9fe2-groupManagement] INFO  server.RaftServerConfigKeys (ConfUtils.java:logGet(46)) - raft.server.log.statemachine.data.sync.timeout.retry = 30 (custom)
2024-04-29 10:07:05,914 [d40c8439-b047-4b38-90b1-52a68d7d9fe2-groupManagement] INFO  server.RaftServerConfigKeys (ConfUtils.java:logGet(46)) - raft.server.log.write.buffer.size = 8388616 (custom)
2024-04-29 10:07:05,915 [d40c8439-b047-4b38-90b1-52a68d7d9fe2-groupManagement] INFO  server.RaftServerConfigKeys (ConfUtils.java:logGet(46)) - raft.server.log.appender.buffer.byte-limit = 8388608 (custom)
2024-04-29 10:07:05,915 [d40c8439-b047-4b38-90b1-52a68d7d9fe2-groupManagement] INFO  server.RaftServerConfigKeys (ConfUtils.java:logGet(46)) - raft.server.log.unsafe-flush.enabled = false (default)
2024-04-29 10:07:05,915 [d40c8439-b047-4b38-90b1-52a68d7d9fe2-groupManagement] INFO  server.RaftServerConfigKeys (ConfUtils.java:logGet(46)) - raft.server.log.async-flush.enabled = false (default)
2024-04-29 10:07:05,915 [d40c8439-b047-4b38-90b1-52a68d7d9fe2-groupManagement] INFO  server.RaftServerConfigKeys (ConfUtils.java:logGet(46)) - raft.server.log.statemachine.data.caching.enabled = true (custom)
2024-04-29 10:07:05,915 [d40c8439-b047-4b38-90b1-52a68d7d9fe2-groupManagement] INFO  segmented.SegmentedRaftLogWorker (SegmentedRaftLogWorker.java:lambda$new$0(134)) - d40c8439-b047-4b38-90b1-52a68d7d9fe2@group-65EDF0013E08-SegmentedRaftLogWorker: flushIndex: setUnconditionally 0 -> -1
2024-04-29 10:07:05,916 [d40c8439-b047-4b38-90b1-52a68d7d9fe2-groupManagement] INFO  segmented.SegmentedRaftLogWorker (SegmentedRaftLogWorker.java:lambda$new$0(134)) - d40c8439-b047-4b38-90b1-52a68d7d9fe2@group-65EDF0013E08-SegmentedRaftLogWorker: safeCacheEvictIndex: setUnconditionally 0 -> -1
2024-04-29 10:07:05,916 [d40c8439-b047-4b38-90b1-52a68d7d9fe2-groupManagement] INFO  server.RaftServer$Division (RaftServerImpl.java:start(396)) - d40c8439-b047-4b38-90b1-52a68d7d9fe2@group-65EDF0013E08: start as a follower, conf=-1: peers:[d40c8439-b047-4b38-90b1-52a68d7d9fe2|127.0.0.1:15522]|listeners:[], old=null
2024-04-29 10:07:05,916 [d40c8439-b047-4b38-90b1-52a68d7d9fe2-groupManagement] INFO  server.RaftServer$Division (RaftServerImpl.java:setRole(383)) - d40c8439-b047-4b38-90b1-52a68d7d9fe2@group-65EDF0013E08: changes role from      null to FOLLOWER at term 0 for startAsFollower
2024-04-29 10:07:05,916 [d40c8439-b047-4b38-90b1-52a68d7d9fe2-groupManagement] INFO  impl.RoleInfo (RoleInfo.java:updateAndGet(139)) - d40c8439-b047-4b38-90b1-52a68d7d9fe2: start d40c8439-b047-4b38-90b1-52a68d7d9fe2@group-65EDF0013E08-FollowerState
2024-04-29 10:07:05,916 [d40c8439-b047-4b38-90b1-52a68d7d9fe2-groupManagement] INFO  util.JmxRegister (JmxRegister.java:tryRegister(44)) - Successfully registered JMX Bean with object name Ratis:service=RaftServer,group=group-65EDF0013E08,id=d40c8439-b047-4b38-90b1-52a68d7d9fe2
2024-04-29 10:07:05,916 [d40c8439-b047-4b38-90b1-52a68d7d9fe2@group-65EDF0013E08-FollowerState] INFO  server.RaftServerConfigKeys (ConfUtils.java:logFallback(53)) - raft.server.rpc.first-election.timeout.min = 5s (fallback to raft.server.rpc.timeout.min)
2024-04-29 10:07:05,916 [d40c8439-b047-4b38-90b1-52a68d7d9fe2@group-65EDF0013E08-FollowerState] INFO  server.RaftServerConfigKeys (ConfUtils.java:logFallback(53)) - raft.server.rpc.first-election.timeout.max = 5200ms (fallback to raft.server.rpc.timeout.max)
2024-04-29 10:07:05,916 [d40c8439-b047-4b38-90b1-52a68d7d9fe2-groupManagement] INFO  server.RaftServerConfigKeys (ConfUtils.java:logGet(46)) - raft.server.snapshot.trigger-when-stop.enabled = true (default)
2024-04-29 10:07:05,916 [d40c8439-b047-4b38-90b1-52a68d7d9fe2-groupManagement] INFO  server.RaftServerConfigKeys (ConfUtils.java:logGet(46)) - raft.server.snapshot.auto.trigger.enabled = true (custom)
2024-04-29 10:07:05,917 [d40c8439-b047-4b38-90b1-52a68d7d9fe2-groupManagement] INFO  server.RaftServerConfigKeys (ConfUtils.java:logGet(46)) - raft.server.snapshot.auto.trigger.threshold = 10000 (custom)
2024-04-29 10:07:05,917 [d40c8439-b047-4b38-90b1-52a68d7d9fe2-groupManagement] INFO  server.RaftServerConfigKeys (ConfUtils.java:logGet(46)) - raft.server.snapshot.retention.file.num = 5 (custom)
2024-04-29 10:07:05,917 [d40c8439-b047-4b38-90b1-52a68d7d9fe2-groupManagement] INFO  server.RaftServerConfigKeys (ConfUtils.java:logGet(46)) - raft.server.log.purge.upto.snapshot.index = false (default)
2024-04-29 10:07:05,917 [d40c8439-b047-4b38-90b1-52a68d7d9fe2-groupManagement] INFO  server.RaftServerConfigKeys (ConfUtils.java:logGet(46)) - raft.server.storage.free-space.min = 0MB (=0) (default)
2024-04-29 10:07:05,917 [d40c8439-b047-4b38-90b1-52a68d7d9fe2-groupManagement] INFO  server.RaftServerConfigKeys (ConfUtils.java:logGet(46)) - raft.server.log.corruption.policy = EXCEPTION (default)
2024-04-29 10:07:05,917 [d40c8439-b047-4b38-90b1-52a68d7d9fe2-groupManagement] INFO  server.RaftServerConfigKeys (ConfUtils.java:logGet(46)) - raft.server.storage.dir = [/home/runner/work/ozone/ozone/hadoop-ozone/integration-test/target/test-dir/MiniOzoneClusterImpl-9e79b078-2218-4abd-b04c-a65fc7f927a6/ozone-meta/datanode-8/ratis] (custom)
2024-04-29 10:07:05,917 [d40c8439-b047-4b38-90b1-52a68d7d9fe2-groupManagement] INFO  storage.RaftStorageDirectory (RaftStorageDirectoryImpl.java:analyzeStorage(138)) - The storage directory /home/runner/work/ozone/ozone/hadoop-ozone/integration-test/target/test-dir/MiniOzoneClusterImpl-9e79b078-2218-4abd-b04c-a65fc7f927a6/ozone-meta/datanode-8/ratis/4acc1650-dd09-4707-ae62-19a9548fa913 does not exist. Creating ...
2024-04-29 10:07:05,917 [d40c8439-b047-4b38-90b1-52a68d7d9fe2-PipelineCommandHandlerThread-0] INFO  ratis.XceiverServerRatis (XceiverServerRatis.java:addGroup(864)) - Created group PipelineID=55eb9c21-da10-48b8-b4f4-65edf0013e08
2024-04-29 10:07:05,918 [d40c8439-b047-4b38-90b1-52a68d7d9fe2-PipelineCommandHandlerThread-0] INFO  commandhandler.CreatePipelineCommandHandler (CreatePipelineCommandHandler.java:lambda$handle$2(124)) - Created Pipeline RATIS ONE PipelineID=55eb9c21-da10-48b8-b4f4-65edf0013e08.
2024-04-29 10:07:05,918 [d40c8439-b047-4b38-90b1-52a68d7d9fe2-groupManagement] INFO  storage.RaftStorageDirectory (RaftStorageDirectoryImpl.java:tryLock(228)) - Lock on /home/runner/work/ozone/ozone/hadoop-ozone/integration-test/target/test-dir/MiniOzoneClusterImpl-9e79b078-2218-4abd-b04c-a65fc7f927a6/ozone-meta/datanode-8/ratis/4acc1650-dd09-4707-ae62-19a9548fa913/in_use.lock acquired by nodename 20825@fv-az913-54
2024-04-29 10:07:05,919 [d40c8439-b047-4b38-90b1-52a68d7d9fe2-groupManagement] INFO  storage.RaftStorage (RaftStorageImpl.java:format(99)) - Storage directory /home/runner/work/ozone/ozone/hadoop-ozone/integration-test/target/test-dir/MiniOzoneClusterImpl-9e79b078-2218-4abd-b04c-a65fc7f927a6/ozone-meta/datanode-8/ratis/4acc1650-dd09-4707-ae62-19a9548fa913 has been successfully formatted.
2024-04-29 10:07:05,920 [d40c8439-b047-4b38-90b1-52a68d7d9fe2-groupManagement] WARN  util.FileUtils (LogUtils.java:supplyAndLog(63)) - Failed to Files.newInputStream /home/runner/work/ozone/ozone/hadoop-ozone/integration-test/target/test-dir/MiniOzoneClusterImpl-9e79b078-2218-4abd-b04c-a65fc7f927a6/ozone-meta/datanode-8/ratis/4acc1650-dd09-4707-ae62-19a9548fa913/current/raft-meta.conf with options []: java.nio.file.NoSuchFileException: /home/runner/work/ozone/ozone/hadoop-ozone/integration-test/target/test-dir/MiniOzoneClusterImpl-9e79b078-2218-4abd-b04c-a65fc7f927a6/ozone-meta/datanode-8/ratis/4acc1650-dd09-4707-ae62-19a9548fa913/current/raft-meta.conf
2024-04-29 10:07:05,920 [d40c8439-b047-4b38-90b1-52a68d7d9fe2-groupManagement] INFO  ratis.ContainerStateMachine (ContainerStateMachine.java:loadSnapshot(287)) - group-19A9548FA913: The snapshot info is null. Setting the last applied index to:(t:0, i:~)
2024-04-29 10:07:05,920 [d40c8439-b047-4b38-90b1-52a68d7d9fe2-groupManagement] INFO  server.RaftServerConfigKeys (ConfUtils.java:logGet(46)) - raft.server.log.use.memory = false (default)
2024-04-29 10:07:05,920 [d40c8439-b047-4b38-90b1-52a68d7d9fe2-groupManagement] INFO  server.RaftServerConfigKeys (ConfUtils.java:logGet(46)) - raft.server.log.purge.gap = 1000000 (custom)
2024-04-29 10:07:05,920 [d40c8439-b047-4b38-90b1-52a68d7d9fe2-groupManagement] INFO  server.RaftServerConfigKeys (ConfUtils.java:logGet(46)) - raft.server.log.appender.buffer.byte-limit = 8388608 (custom)
2024-04-29 10:07:05,920 [d40c8439-b047-4b38-90b1-52a68d7d9fe2-groupManagement] INFO  server.RaftServerConfigKeys (ConfUtils.java:logGet(46)) - raft.server.log.statemachine.data.read.timeout = 1000ms (default)
2024-04-29 10:07:05,920 [d40c8439-b047-4b38-90b1-52a68d7d9fe2-groupManagement] INFO  server.RaftServerConfigKeys (ConfUtils.java:logGet(46)) - raft.server.log.purge.preservation.log.num = 0 (default)
2024-04-29 10:07:05,920 [EventQueue-OpenPipelineForHealthyPipelineSafeModeRule] INFO  safemode.SCMSafeModeManager (HealthyPipelineSafeModeRule.java:process(140)) - SCM in safe mode. Healthy pipelines reported count is 0, required healthy pipeline reported count is 1
2024-04-29 10:07:05,921 [d40c8439-b047-4b38-90b1-52a68d7d9fe2-groupManagement] INFO  server.RaftServerConfigKeys (ConfUtils.java:logGet(46)) - raft.server.log.segment.size.max = 67108864 (custom)
2024-04-29 10:07:05,922 [d40c8439-b047-4b38-90b1-52a68d7d9fe2-groupManagement] INFO  server.RaftServerConfigKeys (ConfUtils.java:logGet(46)) - raft.server.log.segment.cache.num.max = 2 (custom)
2024-04-29 10:07:05,922 [d40c8439-b047-4b38-90b1-52a68d7d9fe2-groupManagement] INFO  server.RaftServerConfigKeys (ConfUtils.java:logGet(46)) - raft.server.log.segment.cache.size.max = 200MB (=209715200) (default)
2024-04-29 10:07:05,922 [d40c8439-b047-4b38-90b1-52a68d7d9fe2-groupManagement] INFO  server.RaftServerConfigKeys (ConfUtils.java:logGet(46)) - raft.server.log.appender.buffer.byte-limit = 8388608 (custom)
2024-04-29 10:07:05,922 [d40c8439-b047-4b38-90b1-52a68d7d9fe2-groupManagement] INFO  util.AwaitToRun (AwaitToRun.java:start(81)) - Thread[d40c8439-b047-4b38-90b1-52a68d7d9fe2@group-19A9548FA913-cacheEviction-AwaitToRun,5,main] started
2024-04-29 10:07:05,922 [d40c8439-b047-4b38-90b1-52a68d7d9fe2-groupManagement] INFO  segmented.SegmentedRaftLogWorker (SegmentedRaftLogWorker.java:<init>(182)) - new d40c8439-b047-4b38-90b1-52a68d7d9fe2@group-19A9548FA913-SegmentedRaftLogWorker for RaftStorageImpl:Storage Directory /home/runner/work/ozone/ozone/hadoop-ozone/integration-test/target/test-dir/MiniOzoneClusterImpl-9e79b078-2218-4abd-b04c-a65fc7f927a6/ozone-meta/datanode-8/ratis/4acc1650-dd09-4707-ae62-19a9548fa913
2024-04-29 10:07:05,922 [d40c8439-b047-4b38-90b1-52a68d7d9fe2-groupManagement] INFO  server.RaftServerConfigKeys (ConfUtils.java:logGet(46)) - raft.server.log.queue.byte-limit = 4294967296 (custom)
2024-04-29 10:07:05,922 [d40c8439-b047-4b38-90b1-52a68d7d9fe2-groupManagement] INFO  server.RaftServerConfigKeys (ConfUtils.java:logGet(46)) - raft.server.log.queue.element-limit = 1024 (custom)
2024-04-29 10:07:05,922 [d40c8439-b047-4b38-90b1-52a68d7d9fe2-groupManagement] INFO  server.RaftServerConfigKeys (ConfUtils.java:logGet(46)) - raft.server.log.segment.size.max = 67108864 (custom)
2024-04-29 10:07:05,922 [d40c8439-b047-4b38-90b1-52a68d7d9fe2-groupManagement] INFO  server.RaftServerConfigKeys (ConfUtils.java:logGet(46)) - raft.server.log.preallocated.size = 4194304 (custom)
2024-04-29 10:07:05,922 [d40c8439-b047-4b38-90b1-52a68d7d9fe2-groupManagement] INFO  server.RaftServerConfigKeys (ConfUtils.java:logGet(46)) - raft.server.log.force.sync.num = 128 (default)
2024-04-29 10:07:05,922 [d40c8439-b047-4b38-90b1-52a68d7d9fe2-groupManagement] INFO  server.RaftServerConfigKeys (ConfUtils.java:logGet(46)) - raft.server.log.statemachine.data.sync = true (default)
2024-04-29 10:07:05,922 [d40c8439-b047-4b38-90b1-52a68d7d9fe2-groupManagement] INFO  server.RaftServerConfigKeys (ConfUtils.java:logGet(46)) - raft.server.log.statemachine.data.sync.timeout = 10s (default)
2024-04-29 10:07:05,922 [d40c8439-b047-4b38-90b1-52a68d7d9fe2-groupManagement] INFO  server.RaftServerConfigKeys (ConfUtils.java:logGet(46)) - raft.server.log.statemachine.data.sync.timeout.retry = 30 (custom)
2024-04-29 10:07:05,923 [d40c8439-b047-4b38-90b1-52a68d7d9fe2-groupManagement] INFO  server.RaftServerConfigKeys (ConfUtils.java:logGet(46)) - raft.server.log.write.buffer.size = 8388616 (custom)
2024-04-29 10:07:05,924 [d40c8439-b047-4b38-90b1-52a68d7d9fe2-groupManagement] INFO  server.RaftServerConfigKeys (ConfUtils.java:logGet(46)) - raft.server.log.appender.buffer.byte-limit = 8388608 (custom)
2024-04-29 10:07:05,924 [d40c8439-b047-4b38-90b1-52a68d7d9fe2-groupManagement] INFO  server.RaftServerConfigKeys (ConfUtils.java:logGet(46)) - raft.server.log.unsafe-flush.enabled = false (default)
2024-04-29 10:07:05,924 [d40c8439-b047-4b38-90b1-52a68d7d9fe2-groupManagement] INFO  server.RaftServerConfigKeys (ConfUtils.java:logGet(46)) - raft.server.log.async-flush.enabled = false (default)
2024-04-29 10:07:05,924 [d40c8439-b047-4b38-90b1-52a68d7d9fe2-groupManagement] INFO  server.RaftServerConfigKeys (ConfUtils.java:logGet(46)) - raft.server.log.statemachine.data.caching.enabled = true (custom)
2024-04-29 10:07:05,924 [d40c8439-b047-4b38-90b1-52a68d7d9fe2-groupManagement] INFO  segmented.SegmentedRaftLogWorker (SegmentedRaftLogWorker.java:lambda$new$0(134)) - d40c8439-b047-4b38-90b1-52a68d7d9fe2@group-19A9548FA913-SegmentedRaftLogWorker: flushIndex: setUnconditionally 0 -> -1
2024-04-29 10:07:05,924 [d40c8439-b047-4b38-90b1-52a68d7d9fe2-groupManagement] INFO  segmented.SegmentedRaftLogWorker (SegmentedRaftLogWorker.java:lambda$new$0(134)) - d40c8439-b047-4b38-90b1-52a68d7d9fe2@group-19A9548FA913-SegmentedRaftLogWorker: safeCacheEvictIndex: setUnconditionally 0 -> -1
2024-04-29 10:07:05,925 [d40c8439-b047-4b38-90b1-52a68d7d9fe2-groupManagement] INFO  server.RaftServer$Division (RaftServerImpl.java:start(396)) - d40c8439-b047-4b38-90b1-52a68d7d9fe2@group-19A9548FA913: start as a follower, conf=-1: peers:[6d3d555f-4cf8-4e54-a907-fcd788b1b69a|127.0.0.1:15513, 158faee4-db49-465b-9160-a35c663658b4|127.0.0.1:15531, d40c8439-b047-4b38-90b1-52a68d7d9fe2|127.0.0.1:15522]|listeners:[], old=null
2024-04-29 10:07:05,925 [d40c8439-b047-4b38-90b1-52a68d7d9fe2-groupManagement] INFO  server.RaftServer$Division (RaftServerImpl.java:setRole(383)) - d40c8439-b047-4b38-90b1-52a68d7d9fe2@group-19A9548FA913: changes role from      null to FOLLOWER at term 0 for startAsFollower
2024-04-29 10:07:05,925 [d40c8439-b047-4b38-90b1-52a68d7d9fe2-groupManagement] INFO  impl.RoleInfo (RoleInfo.java:updateAndGet(139)) - d40c8439-b047-4b38-90b1-52a68d7d9fe2: start d40c8439-b047-4b38-90b1-52a68d7d9fe2@group-19A9548FA913-FollowerState
2024-04-29 10:07:05,925 [d40c8439-b047-4b38-90b1-52a68d7d9fe2-groupManagement] INFO  util.JmxRegister (JmxRegister.java:tryRegister(44)) - Successfully registered JMX Bean with object name Ratis:service=RaftServer,group=group-19A9548FA913,id=d40c8439-b047-4b38-90b1-52a68d7d9fe2
2024-04-29 10:07:05,925 [d40c8439-b047-4b38-90b1-52a68d7d9fe2-groupManagement] INFO  server.RaftServerConfigKeys (ConfUtils.java:logGet(46)) - raft.server.snapshot.trigger-when-stop.enabled = true (default)
2024-04-29 10:07:05,925 [d40c8439-b047-4b38-90b1-52a68d7d9fe2-groupManagement] INFO  server.RaftServerConfigKeys (ConfUtils.java:logGet(46)) - raft.server.snapshot.auto.trigger.enabled = true (custom)
2024-04-29 10:07:05,925 [d40c8439-b047-4b38-90b1-52a68d7d9fe2-groupManagement] INFO  server.RaftServerConfigKeys (ConfUtils.java:logGet(46)) - raft.server.snapshot.auto.trigger.threshold = 10000 (custom)
2024-04-29 10:07:05,925 [d40c8439-b047-4b38-90b1-52a68d7d9fe2-groupManagement] INFO  server.RaftServerConfigKeys (ConfUtils.java:logGet(46)) - raft.server.snapshot.retention.file.num = 5 (custom)
2024-04-29 10:07:05,925 [d40c8439-b047-4b38-90b1-52a68d7d9fe2-groupManagement] INFO  server.RaftServerConfigKeys (ConfUtils.java:logGet(46)) - raft.server.log.purge.upto.snapshot.index = false (default)
2024-04-29 10:07:05,926 [d40c8439-b047-4b38-90b1-52a68d7d9fe2@group-19A9548FA913-FollowerState] INFO  server.RaftServerConfigKeys (ConfUtils.java:logFallback(53)) - raft.server.rpc.first-election.timeout.min = 5s (fallback to raft.server.rpc.timeout.min)
2024-04-29 10:07:05,926 [d40c8439-b047-4b38-90b1-52a68d7d9fe2@group-19A9548FA913-FollowerState] INFO  server.RaftServerConfigKeys (ConfUtils.java:logFallback(53)) - raft.server.rpc.first-election.timeout.max = 5200ms (fallback to raft.server.rpc.timeout.max)
2024-04-29 10:07:05,931 [6d3d555f-4cf8-4e54-a907-fcd788b1b69a-PipelineCommandHandlerThread-0] INFO  commandhandler.CreatePipelineCommandHandler (CreatePipelineCommandHandler.java:lambda$handle$2(124)) - Created Pipeline RATIS THREE PipelineID=4acc1650-dd09-4707-ae62-19a9548fa913.
2024-04-29 10:07:05,949 [158faee4-db49-465b-9160-a35c663658b4-PipelineCommandHandlerThread-0] INFO  server.RaftServer (RaftServerProxy.java:addNew(100)) - 158faee4-db49-465b-9160-a35c663658b4: addNew group-7AF5A4AE1164:[158faee4-db49-465b-9160-a35c663658b4|127.0.0.1:15531] returns group-7AF5A4AE1164:java.util.concurrent.CompletableFuture@3826f428[Not completed]
2024-04-29 10:07:05,949 [main] INFO  ozone.MiniOzoneClusterImpl (MiniOzoneClusterImpl.java:lambda$waitForClusterToBeReady$0(194)) - Nodes are ready. Got 9 of 9 DN Heartbeats.
2024-04-29 10:07:05,949 [main] INFO  ozone.MiniOzoneClusterImpl (MiniOzoneClusterImpl.java:lambda$waitForClusterToBeReady$0(197)) - Waiting for cluster to exit safe mode
2024-04-29 10:07:05,949 [main] INFO  ozone.MiniOzoneClusterImpl (MiniOzoneClusterImpl.java:lambda$waitForClusterToBeReady$0(199)) - SCM became leader
2024-04-29 10:07:05,949 [158faee4-db49-465b-9160-a35c663658b4-groupManagement] INFO  server.RaftServer$Division (RaftServerImpl.java:<init>(256)) - 158faee4-db49-465b-9160-a35c663658b4: new RaftServerImpl for group-7AF5A4AE1164:[158faee4-db49-465b-9160-a35c663658b4|127.0.0.1:15531] with ContainerStateMachine:uninitialized
2024-04-29 10:07:05,949 [158faee4-db49-465b-9160-a35c663658b4-groupManagement] INFO  server.RaftServerConfigKeys (ConfUtils.java:logGet(46)) - raft.server.rpc.timeout.min = 5s (custom)
2024-04-29 10:07:05,949 [158faee4-db49-465b-9160-a35c663658b4-groupManagement] INFO  server.RaftServerConfigKeys (ConfUtils.java:logGet(46)) - raft.server.rpc.timeout.max = 5200ms (custom)
2024-04-29 10:07:05,949 [158faee4-db49-465b-9160-a35c663658b4-groupManagement] INFO  server.RaftServerConfigKeys (ConfUtils.java:logGet(46)) - raft.server.rpc.sleep.time = 25ms (default)
2024-04-29 10:07:05,949 [158faee4-db49-465b-9160-a35c663658b4-groupManagement] INFO  server.RaftServerConfigKeys (ConfUtils.java:logGet(46)) - raft.server.rpc.slowness.timeout = 300000ms (custom)
2024-04-29 10:07:05,950 [158faee4-db49-465b-9160-a35c663658b4-groupManagement] INFO  server.RaftServerConfigKeys (ConfUtils.java:logGet(46)) - raft.server.leaderelection.leader.step-down.wait-time = 10s (default)
2024-04-29 10:07:05,950 [158faee4-db49-465b-9160-a35c663658b4-groupManagement] INFO  server.RaftServerConfigKeys (ConfUtils.java:logGet(46)) - raft.server.leaderelection.member.majority-add = false (default)
2024-04-29 10:07:05,950 [158faee4-db49-465b-9160-a35c663658b4-groupManagement] INFO  server.RaftServerConfigKeys (ConfUtils.java:logGet(46)) - raft.server.sleep.deviation.threshold = 300ms (default)
2024-04-29 10:07:05,950 [158faee4-db49-465b-9160-a35c663658b4-groupManagement] INFO  server.RaftServer$Division (ServerState.java:<init>(113)) - 158faee4-db49-465b-9160-a35c663658b4@group-7AF5A4AE1164: ConfigurationManager, init=-1: peers:[158faee4-db49-465b-9160-a35c663658b4|127.0.0.1:15531]|listeners:[], old=null, confs=<EMPTY_MAP>
2024-04-29 10:07:05,950 [158faee4-db49-465b-9160-a35c663658b4-groupManagement] INFO  server.RaftServerConfigKeys (ConfUtils.java:logGet(46)) - raft.server.notification.no-leader.timeout = 300000ms (custom)
2024-04-29 10:07:05,950 [158faee4-db49-465b-9160-a35c663658b4-groupManagement] INFO  server.RaftServerConfigKeys (ConfUtils.java:logGet(46)) - raft.server.read.timeout = 10s (default)
2024-04-29 10:07:05,950 [158faee4-db49-465b-9160-a35c663658b4-groupManagement] INFO  server.RaftServerConfigKeys (ConfUtils.java:logGet(46)) - raft.server.retrycache.expirytime = 600000ms (custom)
2024-04-29 10:07:05,950 [158faee4-db49-465b-9160-a35c663658b4-groupManagement] INFO  server.RaftServerConfigKeys (ConfUtils.java:logGet(46)) - raft.server.retrycache.statistics.expirytime = 100ms (default)
2024-04-29 10:07:05,950 [158faee4-db49-465b-9160-a35c663658b4-groupManagement] INFO  server.RaftServerConfigKeys (ConfUtils.java:logGet(46)) - raft.server.read.option = DEFAULT (default)
2024-04-29 10:07:05,950 [158faee4-db49-465b-9160-a35c663658b4-groupManagement] INFO  server.RaftServerConfigKeys (ConfUtils.java:logGet(46)) - raft.server.read.read-after-write-consistent.write-index-cache.expiry-time = 60s (default)
2024-04-29 10:07:05,952 [158faee4-db49-465b-9160-a35c663658b4-groupManagement] INFO  server.RaftServerConfigKeys (ConfUtils.java:logGet(46)) - raft.server.rpc.request.timeout = 3000ms (default)
2024-04-29 10:07:05,952 [158faee4-db49-465b-9160-a35c663658b4-groupManagement] INFO  server.RaftServerConfigKeys (ConfUtils.java:logGet(46)) - raft.server.log.appender.install.snapshot.enabled = false (custom)
2024-04-29 10:07:05,952 [158faee4-db49-465b-9160-a35c663658b4-groupManagement] INFO  server.RaftServerConfigKeys (ConfUtils.java:logGet(46)) - raft.server.threadpool.server.cached = true (default)
2024-04-29 10:07:05,952 [158faee4-db49-465b-9160-a35c663658b4-groupManagement] INFO  server.RaftServerConfigKeys (ConfUtils.java:logGet(46)) - raft.server.threadpool.server.size = 0 (default)
2024-04-29 10:07:05,952 [158faee4-db49-465b-9160-a35c663658b4-groupManagement] INFO  server.RaftServerConfigKeys (ConfUtils.java:logGet(46)) - raft.server.threadpool.client.cached = true (default)
2024-04-29 10:07:05,952 [158faee4-db49-465b-9160-a35c663658b4-groupManagement] INFO  server.RaftServerConfigKeys (ConfUtils.java:logGet(46)) - raft.server.threadpool.client.size = 0 (default)
2024-04-29 10:07:05,952 [158faee4-db49-465b-9160-a35c663658b4-groupManagement] INFO  server.RaftServerConfigKeys (ConfUtils.java:logGet(46)) - raft.server.storage.free-space.min = 0MB (=0) (default)
2024-04-29 10:07:05,952 [158faee4-db49-465b-9160-a35c663658b4-groupManagement] INFO  server.RaftServerConfigKeys (ConfUtils.java:logGet(46)) - raft.server.log.corruption.policy = EXCEPTION (default)
2024-04-29 10:07:05,952 [158faee4-db49-465b-9160-a35c663658b4-groupManagement] INFO  server.RaftServerConfigKeys (ConfUtils.java:logGet(46)) - raft.server.storage.dir = [/home/runner/work/ozone/ozone/hadoop-ozone/integration-test/target/test-dir/MiniOzoneClusterImpl-9e79b078-2218-4abd-b04c-a65fc7f927a6/ozone-meta/datanode-9/ratis] (custom)
2024-04-29 10:07:05,952 [158faee4-db49-465b-9160-a35c663658b4-groupManagement] INFO  storage.RaftStorageDirectory (RaftStorageDirectoryImpl.java:analyzeStorage(138)) - The storage directory /home/runner/work/ozone/ozone/hadoop-ozone/integration-test/target/test-dir/MiniOzoneClusterImpl-9e79b078-2218-4abd-b04c-a65fc7f927a6/ozone-meta/datanode-9/ratis/32a37a04-1808-476b-9a48-7af5a4ae1164 does not exist. Creating ...
2024-04-29 10:07:05,953 [158faee4-db49-465b-9160-a35c663658b4-groupManagement] INFO  storage.RaftStorageDirectory (RaftStorageDirectoryImpl.java:tryLock(228)) - Lock on /home/runner/work/ozone/ozone/hadoop-ozone/integration-test/target/test-dir/MiniOzoneClusterImpl-9e79b078-2218-4abd-b04c-a65fc7f927a6/ozone-meta/datanode-9/ratis/32a37a04-1808-476b-9a48-7af5a4ae1164/in_use.lock acquired by nodename 20825@fv-az913-54
2024-04-29 10:07:05,954 [158faee4-db49-465b-9160-a35c663658b4-groupManagement] INFO  storage.RaftStorage (RaftStorageImpl.java:format(99)) - Storage directory /home/runner/work/ozone/ozone/hadoop-ozone/integration-test/target/test-dir/MiniOzoneClusterImpl-9e79b078-2218-4abd-b04c-a65fc7f927a6/ozone-meta/datanode-9/ratis/32a37a04-1808-476b-9a48-7af5a4ae1164 has been successfully formatted.
2024-04-29 10:07:05,954 [158faee4-db49-465b-9160-a35c663658b4-groupManagement] WARN  util.FileUtils (LogUtils.java:supplyAndLog(63)) - Failed to Files.newInputStream /home/runner/work/ozone/ozone/hadoop-ozone/integration-test/target/test-dir/MiniOzoneClusterImpl-9e79b078-2218-4abd-b04c-a65fc7f927a6/ozone-meta/datanode-9/ratis/32a37a04-1808-476b-9a48-7af5a4ae1164/current/raft-meta.conf with options []: java.nio.file.NoSuchFileException: /home/runner/work/ozone/ozone/hadoop-ozone/integration-test/target/test-dir/MiniOzoneClusterImpl-9e79b078-2218-4abd-b04c-a65fc7f927a6/ozone-meta/datanode-9/ratis/32a37a04-1808-476b-9a48-7af5a4ae1164/current/raft-meta.conf
2024-04-29 10:07:05,955 [158faee4-db49-465b-9160-a35c663658b4-groupManagement] INFO  ratis.ContainerStateMachine (ContainerStateMachine.java:loadSnapshot(287)) - group-7AF5A4AE1164: The snapshot info is null. Setting the last applied index to:(t:0, i:~)
2024-04-29 10:07:05,955 [158faee4-db49-465b-9160-a35c663658b4-groupManagement] INFO  server.RaftServerConfigKeys (ConfUtils.java:logGet(46)) - raft.server.log.use.memory = false (default)
2024-04-29 10:07:05,955 [158faee4-db49-465b-9160-a35c663658b4-groupManagement] INFO  server.RaftServerConfigKeys (ConfUtils.java:logGet(46)) - raft.server.log.purge.gap = 1000000 (custom)
2024-04-29 10:07:05,955 [158faee4-db49-465b-9160-a35c663658b4-groupManagement] INFO  server.RaftServerConfigKeys (ConfUtils.java:logGet(46)) - raft.server.log.appender.buffer.byte-limit = 8388608 (custom)
2024-04-29 10:07:05,955 [158faee4-db49-465b-9160-a35c663658b4-groupManagement] INFO  server.RaftServerConfigKeys (ConfUtils.java:logGet(46)) - raft.server.log.statemachine.data.read.timeout = 1000ms (default)
2024-04-29 10:07:05,955 [158faee4-db49-465b-9160-a35c663658b4-groupManagement] INFO  server.RaftServerConfigKeys (ConfUtils.java:logGet(46)) - raft.server.log.purge.preservation.log.num = 0 (default)
2024-04-29 10:07:05,956 [EventQueue-PipelineReportForPipelineReportHandler] INFO  pipeline.PipelineReportHandler (PipelineReportHandler.java:processPipelineReport(136)) - Opened pipeline PipelineID=32a37a04-1808-476b-9a48-7af5a4ae1164
2024-04-29 10:07:05,956 [EventQueue-OpenPipelineForHealthyPipelineSafeModeRule] INFO  safemode.SCMSafeModeManager (HealthyPipelineSafeModeRule.java:process(140)) - SCM in safe mode. Healthy pipelines reported count is 0, required healthy pipeline reported count is 1
2024-04-29 10:07:05,956 [158faee4-db49-465b-9160-a35c663658b4-groupManagement] INFO  server.RaftServerConfigKeys (ConfUtils.java:logGet(46)) - raft.server.log.segment.size.max = 67108864 (custom)
2024-04-29 10:07:05,956 [158faee4-db49-465b-9160-a35c663658b4-groupManagement] INFO  server.RaftServerConfigKeys (ConfUtils.java:logGet(46)) - raft.server.log.segment.cache.num.max = 2 (custom)
2024-04-29 10:07:05,956 [158faee4-db49-465b-9160-a35c663658b4-groupManagement] INFO  server.RaftServerConfigKeys (ConfUtils.java:logGet(46)) - raft.server.log.segment.cache.size.max = 200MB (=209715200) (default)
2024-04-29 10:07:05,957 [158faee4-db49-465b-9160-a35c663658b4-groupManagement] INFO  server.RaftServerConfigKeys (ConfUtils.java:logGet(46)) - raft.server.log.appender.buffer.byte-limit = 8388608 (custom)
2024-04-29 10:07:05,957 [158faee4-db49-465b-9160-a35c663658b4-groupManagement] INFO  util.AwaitToRun (AwaitToRun.java:start(81)) - Thread[158faee4-db49-465b-9160-a35c663658b4@group-7AF5A4AE1164-cacheEviction-AwaitToRun,5,main] started
2024-04-29 10:07:05,957 [158faee4-db49-465b-9160-a35c663658b4-groupManagement] INFO  segmented.SegmentedRaftLogWorker (SegmentedRaftLogWorker.java:<init>(182)) - new 158faee4-db49-465b-9160-a35c663658b4@group-7AF5A4AE1164-SegmentedRaftLogWorker for RaftStorageImpl:Storage Directory /home/runner/work/ozone/ozone/hadoop-ozone/integration-test/target/test-dir/MiniOzoneClusterImpl-9e79b078-2218-4abd-b04c-a65fc7f927a6/ozone-meta/datanode-9/ratis/32a37a04-1808-476b-9a48-7af5a4ae1164
2024-04-29 10:07:05,957 [158faee4-db49-465b-9160-a35c663658b4-groupManagement] INFO  server.RaftServerConfigKeys (ConfUtils.java:logGet(46)) - raft.server.log.queue.byte-limit = 4294967296 (custom)
2024-04-29 10:07:05,957 [158faee4-db49-465b-9160-a35c663658b4-groupManagement] INFO  server.RaftServerConfigKeys (ConfUtils.java:logGet(46)) - raft.server.log.queue.element-limit = 1024 (custom)
2024-04-29 10:07:05,957 [158faee4-db49-465b-9160-a35c663658b4-groupManagement] INFO  server.RaftServerConfigKeys (ConfUtils.java:logGet(46)) - raft.server.log.segment.size.max = 67108864 (custom)
2024-04-29 10:07:05,957 [158faee4-db49-465b-9160-a35c663658b4-groupManagement] INFO  server.RaftServerConfigKeys (ConfUtils.java:logGet(46)) - raft.server.log.preallocated.size = 4194304 (custom)
2024-04-29 10:07:05,957 [158faee4-db49-465b-9160-a35c663658b4-groupManagement] INFO  server.RaftServerConfigKeys (ConfUtils.java:logGet(46)) - raft.server.log.force.sync.num = 128 (default)
2024-04-29 10:07:05,957 [158faee4-db49-465b-9160-a35c663658b4-groupManagement] INFO  server.RaftServerConfigKeys (ConfUtils.java:logGet(46)) - raft.server.log.statemachine.data.sync = true (default)
2024-04-29 10:07:05,957 [158faee4-db49-465b-9160-a35c663658b4-groupManagement] INFO  server.RaftServerConfigKeys (ConfUtils.java:logGet(46)) - raft.server.log.statemachine.data.sync.timeout = 10s (default)
2024-04-29 10:07:05,957 [158faee4-db49-465b-9160-a35c663658b4-groupManagement] INFO  server.RaftServerConfigKeys (ConfUtils.java:logGet(46)) - raft.server.log.statemachine.data.sync.timeout.retry = 30 (custom)
2024-04-29 10:07:05,957 [158faee4-db49-465b-9160-a35c663658b4-groupManagement] INFO  server.RaftServerConfigKeys (ConfUtils.java:logGet(46)) - raft.server.log.write.buffer.size = 8388616 (custom)
2024-04-29 10:07:05,958 [158faee4-db49-465b-9160-a35c663658b4-groupManagement] INFO  server.RaftServerConfigKeys (ConfUtils.java:logGet(46)) - raft.server.log.appender.buffer.byte-limit = 8388608 (custom)
2024-04-29 10:07:05,958 [158faee4-db49-465b-9160-a35c663658b4-groupManagement] INFO  server.RaftServerConfigKeys (ConfUtils.java:logGet(46)) - raft.server.log.unsafe-flush.enabled = false (default)
2024-04-29 10:07:05,958 [158faee4-db49-465b-9160-a35c663658b4-groupManagement] INFO  server.RaftServerConfigKeys (ConfUtils.java:logGet(46)) - raft.server.log.async-flush.enabled = false (default)
2024-04-29 10:07:05,958 [158faee4-db49-465b-9160-a35c663658b4-groupManagement] INFO  server.RaftServerConfigKeys (ConfUtils.java:logGet(46)) - raft.server.log.statemachine.data.caching.enabled = true (custom)
2024-04-29 10:07:05,959 [158faee4-db49-465b-9160-a35c663658b4-groupManagement] INFO  segmented.SegmentedRaftLogWorker (SegmentedRaftLogWorker.java:lambda$new$0(134)) - 158faee4-db49-465b-9160-a35c663658b4@group-7AF5A4AE1164-SegmentedRaftLogWorker: flushIndex: setUnconditionally 0 -> -1
2024-04-29 10:07:05,959 [158faee4-db49-465b-9160-a35c663658b4-groupManagement] INFO  segmented.SegmentedRaftLogWorker (SegmentedRaftLogWorker.java:lambda$new$0(134)) - 158faee4-db49-465b-9160-a35c663658b4@group-7AF5A4AE1164-SegmentedRaftLogWorker: safeCacheEvictIndex: setUnconditionally 0 -> -1
2024-04-29 10:07:05,959 [158faee4-db49-465b-9160-a35c663658b4-groupManagement] INFO  server.RaftServer$Division (RaftServerImpl.java:start(396)) - 158faee4-db49-465b-9160-a35c663658b4@group-7AF5A4AE1164: start as a follower, conf=-1: peers:[158faee4-db49-465b-9160-a35c663658b4|127.0.0.1:15531]|listeners:[], old=null
2024-04-29 10:07:05,959 [158faee4-db49-465b-9160-a35c663658b4-groupManagement] INFO  server.RaftServer$Division (RaftServerImpl.java:setRole(383)) - 158faee4-db49-465b-9160-a35c663658b4@group-7AF5A4AE1164: changes role from      null to FOLLOWER at term 0 for startAsFollower
2024-04-29 10:07:05,959 [158faee4-db49-465b-9160-a35c663658b4-groupManagement] INFO  impl.RoleInfo (RoleInfo.java:updateAndGet(139)) - 158faee4-db49-465b-9160-a35c663658b4: start 158faee4-db49-465b-9160-a35c663658b4@group-7AF5A4AE1164-FollowerState
2024-04-29 10:07:05,959 [158faee4-db49-465b-9160-a35c663658b4@group-7AF5A4AE1164-FollowerState] INFO  server.RaftServerConfigKeys (ConfUtils.java:logFallback(53)) - raft.server.rpc.first-election.timeout.min = 5s (fallback to raft.server.rpc.timeout.min)
2024-04-29 10:07:05,959 [158faee4-db49-465b-9160-a35c663658b4@group-7AF5A4AE1164-FollowerState] INFO  server.RaftServerConfigKeys (ConfUtils.java:logFallback(53)) - raft.server.rpc.first-election.timeout.max = 5200ms (fallback to raft.server.rpc.timeout.max)
2024-04-29 10:07:05,959 [158faee4-db49-465b-9160-a35c663658b4-groupManagement] INFO  util.JmxRegister (JmxRegister.java:tryRegister(44)) - Successfully registered JMX Bean with object name Ratis:service=RaftServer,group=group-7AF5A4AE1164,id=158faee4-db49-465b-9160-a35c663658b4
2024-04-29 10:07:05,959 [158faee4-db49-465b-9160-a35c663658b4-groupManagement] INFO  server.RaftServerConfigKeys (ConfUtils.java:logGet(46)) - raft.server.snapshot.trigger-when-stop.enabled = true (default)
2024-04-29 10:07:05,959 [158faee4-db49-465b-9160-a35c663658b4-groupManagement] INFO  server.RaftServerConfigKeys (ConfUtils.java:logGet(46)) - raft.server.snapshot.auto.trigger.enabled = true (custom)
2024-04-29 10:07:05,959 [158faee4-db49-465b-9160-a35c663658b4-groupManagement] INFO  server.RaftServerConfigKeys (ConfUtils.java:logGet(46)) - raft.server.snapshot.auto.trigger.threshold = 10000 (custom)
2024-04-29 10:07:05,959 [158faee4-db49-465b-9160-a35c663658b4-groupManagement] INFO  server.RaftServerConfigKeys (ConfUtils.java:logGet(46)) - raft.server.snapshot.retention.file.num = 5 (custom)
2024-04-29 10:07:05,959 [158faee4-db49-465b-9160-a35c663658b4-groupManagement] INFO  server.RaftServerConfigKeys (ConfUtils.java:logGet(46)) - raft.server.log.purge.upto.snapshot.index = false (default)
2024-04-29 10:07:05,960 [158faee4-db49-465b-9160-a35c663658b4-PipelineCommandHandlerThread-0] INFO  ratis.XceiverServerRatis (XceiverServerRatis.java:addGroup(864)) - Created group PipelineID=32a37a04-1808-476b-9a48-7af5a4ae1164
2024-04-29 10:07:05,960 [158faee4-db49-465b-9160-a35c663658b4-PipelineCommandHandlerThread-0] INFO  commandhandler.CreatePipelineCommandHandler (CreatePipelineCommandHandler.java:lambda$handle$2(124)) - Created Pipeline RATIS ONE PipelineID=32a37a04-1808-476b-9a48-7af5a4ae1164.
2024-04-29 10:07:06,949 [main] INFO  ozone.MiniOzoneClusterImpl (MiniOzoneClusterImpl.java:lambda$waitForClusterToBeReady$0(194)) - Nodes are ready. Got 9 of 9 DN Heartbeats.
2024-04-29 10:07:06,950 [main] INFO  ozone.MiniOzoneClusterImpl (MiniOzoneClusterImpl.java:lambda$waitForClusterToBeReady$0(197)) - Waiting for cluster to exit safe mode
2024-04-29 10:07:06,950 [main] INFO  ozone.MiniOzoneClusterImpl (MiniOzoneClusterImpl.java:lambda$waitForClusterToBeReady$0(199)) - SCM became leader
2024-04-29 10:07:07,950 [main] INFO  ozone.MiniOzoneClusterImpl (MiniOzoneClusterImpl.java:lambda$waitForClusterToBeReady$0(194)) - Nodes are ready. Got 9 of 9 DN Heartbeats.
2024-04-29 10:07:07,950 [main] INFO  ozone.MiniOzoneClusterImpl (MiniOzoneClusterImpl.java:lambda$waitForClusterToBeReady$0(197)) - Waiting for cluster to exit safe mode
2024-04-29 10:07:07,950 [main] INFO  ozone.MiniOzoneClusterImpl (MiniOzoneClusterImpl.java:lambda$waitForClusterToBeReady$0(199)) - SCM became leader
2024-04-29 10:07:08,950 [main] INFO  ozone.MiniOzoneClusterImpl (MiniOzoneClusterImpl.java:lambda$waitForClusterToBeReady$0(194)) - Nodes are ready. Got 9 of 9 DN Heartbeats.
2024-04-29 10:07:08,951 [main] INFO  ozone.MiniOzoneClusterImpl (MiniOzoneClusterImpl.java:lambda$waitForClusterToBeReady$0(197)) - Waiting for cluster to exit safe mode
2024-04-29 10:07:08,951 [main] INFO  ozone.MiniOzoneClusterImpl (MiniOzoneClusterImpl.java:lambda$waitForClusterToBeReady$0(199)) - SCM became leader
2024-04-29 10:07:09,951 [main] INFO  ozone.MiniOzoneClusterImpl (MiniOzoneClusterImpl.java:lambda$waitForClusterToBeReady$0(194)) - Nodes are ready. Got 9 of 9 DN Heartbeats.
2024-04-29 10:07:09,951 [main] INFO  ozone.MiniOzoneClusterImpl (MiniOzoneClusterImpl.java:lambda$waitForClusterToBeReady$0(197)) - Waiting for cluster to exit safe mode
2024-04-29 10:07:09,951 [main] INFO  ozone.MiniOzoneClusterImpl (MiniOzoneClusterImpl.java:lambda$waitForClusterToBeReady$0(199)) - SCM became leader
2024-04-29 10:07:10,558 [ff005283-6149-44cc-9e6b-88eb174549f2@group-CFFF5D2A65B7-FollowerState] INFO  impl.FollowerState (FollowerState.java:run(143)) - ff005283-6149-44cc-9e6b-88eb174549f2@group-CFFF5D2A65B7-FollowerState: change to CANDIDATE, lastRpcElapsedTime:5005571229ns, electionTimeout:5005ms
2024-04-29 10:07:10,558 [ff005283-6149-44cc-9e6b-88eb174549f2@group-CFFF5D2A65B7-FollowerState] INFO  impl.RoleInfo (RoleInfo.java:shutdownFollowerState(110)) - ff005283-6149-44cc-9e6b-88eb174549f2: shutdown ff005283-6149-44cc-9e6b-88eb174549f2@group-CFFF5D2A65B7-FollowerState
2024-04-29 10:07:10,558 [ff005283-6149-44cc-9e6b-88eb174549f2@group-CFFF5D2A65B7-FollowerState] INFO  server.RaftServer$Division (RaftServerImpl.java:setRole(383)) - ff005283-6149-44cc-9e6b-88eb174549f2@group-CFFF5D2A65B7: changes role from  FOLLOWER to CANDIDATE at term 0 for changeToCandidate
2024-04-29 10:07:10,558 [ff005283-6149-44cc-9e6b-88eb174549f2@group-CFFF5D2A65B7-FollowerState] INFO  server.RaftServerConfigKeys (ConfUtils.java:logGet(46)) - raft.server.leaderelection.pre-vote = true (default)
2024-04-29 10:07:10,558 [ff005283-6149-44cc-9e6b-88eb174549f2@group-CFFF5D2A65B7-FollowerState] INFO  impl.RoleInfo (RoleInfo.java:updateAndGet(139)) - ff005283-6149-44cc-9e6b-88eb174549f2: start ff005283-6149-44cc-9e6b-88eb174549f2@group-CFFF5D2A65B7-LeaderElection79
2024-04-29 10:07:10,559 [ff005283-6149-44cc-9e6b-88eb174549f2@group-CFFF5D2A65B7-LeaderElection79] INFO  impl.LeaderElection (LeaderElection.java:askForVotes(321)) - ff005283-6149-44cc-9e6b-88eb174549f2@group-CFFF5D2A65B7-LeaderElection79 PRE_VOTE round 0: submit vote requests at term 0 for -1: peers:[023796c2-f42d-4d4c-8c53-1144d6bee25f|127.0.0.1:15477, a3deba03-ffe7-4d5f-b81f-0cb8f398f916|127.0.0.1:15468, ff005283-6149-44cc-9e6b-88eb174549f2|127.0.0.1:15459]|listeners:[], old=null
2024-04-29 10:07:10,559 [ff005283-6149-44cc-9e6b-88eb174549f2@group-CFFF5D2A65B7-LeaderElection79-1] INFO  server.GrpcServerProtocolClient (GrpcServerProtocolClient.java:<init>(65)) - Build channel for 023796c2-f42d-4d4c-8c53-1144d6bee25f|127.0.0.1:15477
2024-04-29 10:07:10,559 [ff005283-6149-44cc-9e6b-88eb174549f2@group-CFFF5D2A65B7-LeaderElection79-2] INFO  server.GrpcServerProtocolClient (GrpcServerProtocolClient.java:<init>(65)) - Build channel for a3deba03-ffe7-4d5f-b81f-0cb8f398f916|127.0.0.1:15468
2024-04-29 10:07:10,559 [ff005283-6149-44cc-9e6b-88eb174549f2@group-CFFF5D2A65B7-LeaderElection79] INFO  server.RaftServerConfigKeys (ConfUtils.java:logFallback(53)) - raft.server.rpc.first-election.timeout.min = 5s (fallback to raft.server.rpc.timeout.min)
2024-04-29 10:07:10,560 [ff005283-6149-44cc-9e6b-88eb174549f2@group-CFFF5D2A65B7-LeaderElection79] INFO  server.RaftServerConfigKeys (ConfUtils.java:logFallback(53)) - raft.server.rpc.first-election.timeout.max = 5200ms (fallback to raft.server.rpc.timeout.max)
2024-04-29 10:07:10,563 [grpc-default-executor-1] INFO  server.RaftServer$Division (RaftServerImpl.java:requestVote(1389)) - 023796c2-f42d-4d4c-8c53-1144d6bee25f@group-CFFF5D2A65B7: receive requestVote(PRE_VOTE, ff005283-6149-44cc-9e6b-88eb174549f2, group-CFFF5D2A65B7, 0, (t:0, i:0))
2024-04-29 10:07:10,563 [grpc-default-executor-1] INFO  impl.VoteContext (VoteContext.java:log(49)) - 023796c2-f42d-4d4c-8c53-1144d6bee25f@group-CFFF5D2A65B7-FOLLOWER: accept PRE_VOTE from ff005283-6149-44cc-9e6b-88eb174549f2: our priority 0 <= candidate's priority 1
2024-04-29 10:07:10,563 [grpc-default-executor-1] INFO  server.RaftServer$Division (RaftServerImpl.java:requestVote(1422)) - 023796c2-f42d-4d4c-8c53-1144d6bee25f@group-CFFF5D2A65B7 replies to PRE_VOTE vote request: ff005283-6149-44cc-9e6b-88eb174549f2<-023796c2-f42d-4d4c-8c53-1144d6bee25f#0:OK-t0. Peer's state: 023796c2-f42d-4d4c-8c53-1144d6bee25f@group-CFFF5D2A65B7:t0, leader=null, voted=, raftlog=Memoized:023796c2-f42d-4d4c-8c53-1144d6bee25f@group-CFFF5D2A65B7-SegmentedRaftLog:OPENED:c-1, conf=-1: peers:[023796c2-f42d-4d4c-8c53-1144d6bee25f|127.0.0.1:15477, a3deba03-ffe7-4d5f-b81f-0cb8f398f916|127.0.0.1:15468, ff005283-6149-44cc-9e6b-88eb174549f2|127.0.0.1:15459]|listeners:[], old=null
2024-04-29 10:07:10,563 [grpc-default-executor-4] INFO  server.RaftServer$Division (RaftServerImpl.java:requestVote(1389)) - a3deba03-ffe7-4d5f-b81f-0cb8f398f916@group-CFFF5D2A65B7: receive requestVote(PRE_VOTE, ff005283-6149-44cc-9e6b-88eb174549f2, group-CFFF5D2A65B7, 0, (t:0, i:0))
2024-04-29 10:07:10,564 [grpc-default-executor-4] INFO  impl.VoteContext (VoteContext.java:log(49)) - a3deba03-ffe7-4d5f-b81f-0cb8f398f916@group-CFFF5D2A65B7-FOLLOWER: accept PRE_VOTE from ff005283-6149-44cc-9e6b-88eb174549f2: our priority 0 <= candidate's priority 1
2024-04-29 10:07:10,564 [grpc-default-executor-4] INFO  server.RaftServer$Division (RaftServerImpl.java:requestVote(1422)) - a3deba03-ffe7-4d5f-b81f-0cb8f398f916@group-CFFF5D2A65B7 replies to PRE_VOTE vote request: ff005283-6149-44cc-9e6b-88eb174549f2<-a3deba03-ffe7-4d5f-b81f-0cb8f398f916#0:OK-t0. Peer's state: a3deba03-ffe7-4d5f-b81f-0cb8f398f916@group-CFFF5D2A65B7:t0, leader=null, voted=, raftlog=Memoized:a3deba03-ffe7-4d5f-b81f-0cb8f398f916@group-CFFF5D2A65B7-SegmentedRaftLog:OPENED:c-1, conf=-1: peers:[023796c2-f42d-4d4c-8c53-1144d6bee25f|127.0.0.1:15477, a3deba03-ffe7-4d5f-b81f-0cb8f398f916|127.0.0.1:15468, ff005283-6149-44cc-9e6b-88eb174549f2|127.0.0.1:15459]|listeners:[], old=null
2024-04-29 10:07:10,565 [ff005283-6149-44cc-9e6b-88eb174549f2@group-CFFF5D2A65B7-LeaderElection79] INFO  impl.LeaderElection (LeaderElection.java:logAndReturn(89)) - ff005283-6149-44cc-9e6b-88eb174549f2@group-CFFF5D2A65B7-LeaderElection79: PRE_VOTE PASSED received 1 response(s) and 0 exception(s):
2024-04-29 10:07:10,565 [ff005283-6149-44cc-9e6b-88eb174549f2@group-CFFF5D2A65B7-LeaderElection79] INFO  impl.LeaderElection (LeaderElection.java:logAndReturn(93)) -   Response 0: ff005283-6149-44cc-9e6b-88eb174549f2<-023796c2-f42d-4d4c-8c53-1144d6bee25f#0:OK-t0
2024-04-29 10:07:10,565 [ff005283-6149-44cc-9e6b-88eb174549f2@group-CFFF5D2A65B7-LeaderElection79] INFO  impl.LeaderElection (LeaderElection.java:askForVotes(323)) - ff005283-6149-44cc-9e6b-88eb174549f2@group-CFFF5D2A65B7-LeaderElection79 PRE_VOTE round 0: result PASSED
2024-04-29 10:07:10,566 [ff005283-6149-44cc-9e6b-88eb174549f2@group-CFFF5D2A65B7-LeaderElection79] INFO  impl.LeaderElection (LeaderElection.java:askForVotes(321)) - ff005283-6149-44cc-9e6b-88eb174549f2@group-CFFF5D2A65B7-LeaderElection79 ELECTION round 0: submit vote requests at term 1 for -1: peers:[023796c2-f42d-4d4c-8c53-1144d6bee25f|127.0.0.1:15477, a3deba03-ffe7-4d5f-b81f-0cb8f398f916|127.0.0.1:15468, ff005283-6149-44cc-9e6b-88eb174549f2|127.0.0.1:15459]|listeners:[], old=null
2024-04-29 10:07:10,566 [ff005283-6149-44cc-9e6b-88eb174549f2@group-CFFF5D2A65B7-LeaderElection79] INFO  server.RaftServerConfigKeys (ConfUtils.java:logFallback(53)) - raft.server.rpc.first-election.timeout.min = 5s (fallback to raft.server.rpc.timeout.min)
2024-04-29 10:07:10,566 [ff005283-6149-44cc-9e6b-88eb174549f2@group-CFFF5D2A65B7-LeaderElection79] INFO  server.RaftServerConfigKeys (ConfUtils.java:logFallback(53)) - raft.server.rpc.first-election.timeout.max = 5200ms (fallback to raft.server.rpc.timeout.max)
2024-04-29 10:07:10,567 [grpc-default-executor-4] INFO  server.RaftServer$Division (RaftServerImpl.java:requestVote(1389)) - a3deba03-ffe7-4d5f-b81f-0cb8f398f916@group-CFFF5D2A65B7: receive requestVote(ELECTION, ff005283-6149-44cc-9e6b-88eb174549f2, group-CFFF5D2A65B7, 1, (t:0, i:0))
2024-04-29 10:07:10,567 [grpc-default-executor-4] INFO  impl.VoteContext (VoteContext.java:log(49)) - a3deba03-ffe7-4d5f-b81f-0cb8f398f916@group-CFFF5D2A65B7-FOLLOWER: accept ELECTION from ff005283-6149-44cc-9e6b-88eb174549f2: our priority 0 <= candidate's priority 1
2024-04-29 10:07:10,567 [grpc-default-executor-4] INFO  server.RaftServer$Division (RaftServerImpl.java:setRole(383)) - a3deba03-ffe7-4d5f-b81f-0cb8f398f916@group-CFFF5D2A65B7: changes role from  FOLLOWER to FOLLOWER at term 1 for candidate:ff005283-6149-44cc-9e6b-88eb174549f2
2024-04-29 10:07:10,567 [grpc-default-executor-4] INFO  impl.RoleInfo (RoleInfo.java:shutdownFollowerState(110)) - a3deba03-ffe7-4d5f-b81f-0cb8f398f916: shutdown a3deba03-ffe7-4d5f-b81f-0cb8f398f916@group-CFFF5D2A65B7-FollowerState
2024-04-29 10:07:10,567 [grpc-default-executor-4] INFO  impl.RoleInfo (RoleInfo.java:updateAndGet(139)) - a3deba03-ffe7-4d5f-b81f-0cb8f398f916: start a3deba03-ffe7-4d5f-b81f-0cb8f398f916@group-CFFF5D2A65B7-FollowerState
2024-04-29 10:07:10,567 [a3deba03-ffe7-4d5f-b81f-0cb8f398f916@group-CFFF5D2A65B7-FollowerState] INFO  impl.FollowerState (FollowerState.java:run(152)) - a3deba03-ffe7-4d5f-b81f-0cb8f398f916@group-CFFF5D2A65B7-FollowerState was interrupted
2024-04-29 10:07:10,567 [grpc-default-executor-1] INFO  server.RaftServer$Division (RaftServerImpl.java:requestVote(1389)) - 023796c2-f42d-4d4c-8c53-1144d6bee25f@group-CFFF5D2A65B7: receive requestVote(ELECTION, ff005283-6149-44cc-9e6b-88eb174549f2, group-CFFF5D2A65B7, 1, (t:0, i:0))
2024-04-29 10:07:10,568 [grpc-default-executor-1] INFO  impl.VoteContext (VoteContext.java:log(49)) - 023796c2-f42d-4d4c-8c53-1144d6bee25f@group-CFFF5D2A65B7-FOLLOWER: accept ELECTION from ff005283-6149-44cc-9e6b-88eb174549f2: our priority 0 <= candidate's priority 1
2024-04-29 10:07:10,568 [grpc-default-executor-1] INFO  server.RaftServer$Division (RaftServerImpl.java:setRole(383)) - 023796c2-f42d-4d4c-8c53-1144d6bee25f@group-CFFF5D2A65B7: changes role from  FOLLOWER to FOLLOWER at term 1 for candidate:ff005283-6149-44cc-9e6b-88eb174549f2
2024-04-29 10:07:10,568 [grpc-default-executor-1] INFO  impl.RoleInfo (RoleInfo.java:shutdownFollowerState(110)) - 023796c2-f42d-4d4c-8c53-1144d6bee25f: shutdown 023796c2-f42d-4d4c-8c53-1144d6bee25f@group-CFFF5D2A65B7-FollowerState
2024-04-29 10:07:10,568 [grpc-default-executor-1] INFO  impl.RoleInfo (RoleInfo.java:updateAndGet(139)) - 023796c2-f42d-4d4c-8c53-1144d6bee25f: start 023796c2-f42d-4d4c-8c53-1144d6bee25f@group-CFFF5D2A65B7-FollowerState
2024-04-29 10:07:10,568 [023796c2-f42d-4d4c-8c53-1144d6bee25f@group-CFFF5D2A65B7-FollowerState] INFO  impl.FollowerState (FollowerState.java:run(152)) - 023796c2-f42d-4d4c-8c53-1144d6bee25f@group-CFFF5D2A65B7-FollowerState was interrupted
2024-04-29 10:07:10,568 [grpc-default-executor-4] INFO  server.RaftServer$Division (RaftServerImpl.java:setFirstElection(574)) - a3deba03-ffe7-4d5f-b81f-0cb8f398f916@group-CFFF5D2A65B7: set firstElectionSinceStartup to false for candidate:ff005283-6149-44cc-9e6b-88eb174549f2
2024-04-29 10:07:10,568 [grpc-default-executor-1] INFO  server.RaftServer$Division (RaftServerImpl.java:setFirstElection(574)) - 023796c2-f42d-4d4c-8c53-1144d6bee25f@group-CFFF5D2A65B7: set firstElectionSinceStartup to false for candidate:ff005283-6149-44cc-9e6b-88eb174549f2
2024-04-29 10:07:10,569 [grpc-default-executor-1] INFO  server.RaftServer$Division (RaftServerImpl.java:requestVote(1422)) - 023796c2-f42d-4d4c-8c53-1144d6bee25f@group-CFFF5D2A65B7 replies to ELECTION vote request: ff005283-6149-44cc-9e6b-88eb174549f2<-023796c2-f42d-4d4c-8c53-1144d6bee25f#0:OK-t1. Peer's state: 023796c2-f42d-4d4c-8c53-1144d6bee25f@group-CFFF5D2A65B7:t1, leader=null, voted=ff005283-6149-44cc-9e6b-88eb174549f2, raftlog=Memoized:023796c2-f42d-4d4c-8c53-1144d6bee25f@group-CFFF5D2A65B7-SegmentedRaftLog:OPENED:c-1, conf=-1: peers:[023796c2-f42d-4d4c-8c53-1144d6bee25f|127.0.0.1:15477, a3deba03-ffe7-4d5f-b81f-0cb8f398f916|127.0.0.1:15468, ff005283-6149-44cc-9e6b-88eb174549f2|127.0.0.1:15459]|listeners:[], old=null
2024-04-29 10:07:10,569 [grpc-default-executor-4] INFO  server.RaftServer$Division (RaftServerImpl.java:requestVote(1422)) - a3deba03-ffe7-4d5f-b81f-0cb8f398f916@group-CFFF5D2A65B7 replies to ELECTION vote request: ff005283-6149-44cc-9e6b-88eb174549f2<-a3deba03-ffe7-4d5f-b81f-0cb8f398f916#0:OK-t1. Peer's state: a3deba03-ffe7-4d5f-b81f-0cb8f398f916@group-CFFF5D2A65B7:t1, leader=null, voted=ff005283-6149-44cc-9e6b-88eb174549f2, raftlog=Memoized:a3deba03-ffe7-4d5f-b81f-0cb8f398f916@group-CFFF5D2A65B7-SegmentedRaftLog:OPENED:c-1, conf=-1: peers:[023796c2-f42d-4d4c-8c53-1144d6bee25f|127.0.0.1:15477, a3deba03-ffe7-4d5f-b81f-0cb8f398f916|127.0.0.1:15468, ff005283-6149-44cc-9e6b-88eb174549f2|127.0.0.1:15459]|listeners:[], old=null
2024-04-29 10:07:10,569 [ff005283-6149-44cc-9e6b-88eb174549f2@group-CFFF5D2A65B7-LeaderElection79] INFO  impl.LeaderElection (LeaderElection.java:logAndReturn(89)) - ff005283-6149-44cc-9e6b-88eb174549f2@group-CFFF5D2A65B7-LeaderElection79: ELECTION PASSED received 1 response(s) and 0 exception(s):
2024-04-29 10:07:10,569 [ff005283-6149-44cc-9e6b-88eb174549f2@group-CFFF5D2A65B7-LeaderElection79] INFO  impl.LeaderElection (LeaderElection.java:logAndReturn(93)) -   Response 0: ff005283-6149-44cc-9e6b-88eb174549f2<-a3deba03-ffe7-4d5f-b81f-0cb8f398f916#0:OK-t1
2024-04-29 10:07:10,570 [ff005283-6149-44cc-9e6b-88eb174549f2@group-CFFF5D2A65B7-LeaderElection79] INFO  impl.LeaderElection (LeaderElection.java:askForVotes(323)) - ff005283-6149-44cc-9e6b-88eb174549f2@group-CFFF5D2A65B7-LeaderElection79 ELECTION round 0: result PASSED
2024-04-29 10:07:10,570 [ff005283-6149-44cc-9e6b-88eb174549f2@group-CFFF5D2A65B7-LeaderElection79] INFO  impl.RoleInfo (RoleInfo.java:shutdownLeaderElection(130)) - ff005283-6149-44cc-9e6b-88eb174549f2: shutdown ff005283-6149-44cc-9e6b-88eb174549f2@group-CFFF5D2A65B7-LeaderElection79
2024-04-29 10:07:10,570 [ff005283-6149-44cc-9e6b-88eb174549f2@group-CFFF5D2A65B7-LeaderElection79] INFO  server.RaftServer$Division (RaftServerImpl.java:setRole(383)) - ff005283-6149-44cc-9e6b-88eb174549f2@group-CFFF5D2A65B7: changes role from CANDIDATE to LEADER at term 1 for changeToLeader
2024-04-29 10:07:10,570 [ff005283-6149-44cc-9e6b-88eb174549f2@group-CFFF5D2A65B7-LeaderElection79] INFO  server.RaftServerConfigKeys (ConfUtils.java:logGet(46)) - raft.server.staging.catchup.gap = 1000 (default)
2024-04-29 10:07:10,570 [ff005283-6149-44cc-9e6b-88eb174549f2@group-CFFF5D2A65B7-LeaderElection79] INFO  server.RaftServerConfigKeys (ConfUtils.java:logGet(46)) - raft.server.write.element-limit = 1024 (custom)
2024-04-29 10:07:10,570 [ff005283-6149-44cc-9e6b-88eb174549f2@group-CFFF5D2A65B7-LeaderElection79] INFO  server.RaftServerConfigKeys (ConfUtils.java:logGet(46)) - raft.server.write.byte-limit = 1024 M (=1073741824) (custom)
2024-04-29 10:07:10,570 [ff005283-6149-44cc-9e6b-88eb174549f2@group-CFFF5D2A65B7-LeaderElection79] INFO  server.RaftServerConfigKeys (ConfUtils.java:logGet(46)) - raft.server.watch.timeout = 3000ms (custom)
2024-04-29 10:07:10,570 [ff005283-6149-44cc-9e6b-88eb174549f2@group-CFFF5D2A65B7-LeaderElection79] INFO  server.RaftServerConfigKeys (ConfUtils.java:logGet(46)) - raft.server.watch.timeout.denomination = 1s (default)
2024-04-29 10:07:10,570 [ff005283-6149-44cc-9e6b-88eb174549f2@group-CFFF5D2A65B7-LeaderElection79] INFO  server.RaftServerConfigKeys (ConfUtils.java:logGet(46)) - raft.server.watch.element-limit = 65536 (default)
2024-04-29 10:07:10,570 [ff005283-6149-44cc-9e6b-88eb174549f2@group-CFFF5D2A65B7-LeaderElection79] INFO  server.RaftServerConfigKeys (ConfUtils.java:logGet(46)) - raft.server.read.leader.lease.enabled = false (default)
2024-04-29 10:07:10,570 [ff005283-6149-44cc-9e6b-88eb174549f2@group-CFFF5D2A65B7-LeaderElection79] INFO  server.RaftServerConfigKeys (ConfUtils.java:logGet(46)) - raft.server.read.leader.lease.timeout.ratio = 0.9 (default)
2024-04-29 10:07:10,571 [ff005283-6149-44cc-9e6b-88eb174549f2@group-CFFF5D2A65B7-LeaderElection79] INFO  server.RaftServerConfigKeys (ConfUtils.java:logGet(46)) - raft.server.rpc.timeout.min = 5s (custom)
2024-04-29 10:07:10,571 [ff005283-6149-44cc-9e6b-88eb174549f2@group-CFFF5D2A65B7-LeaderElection79] INFO  server.RaftServerConfigKeys (ConfUtils.java:logGet(46)) - raft.server.write.element-limit = 1024 (custom)
2024-04-29 10:07:10,571 [ff005283-6149-44cc-9e6b-88eb174549f2@group-CFFF5D2A65B7-LeaderElection79] INFO  server.RaftServerConfigKeys (ConfUtils.java:logGet(46)) - raft.server.write.follower.gap.ratio.max = -1.0 (default)
2024-04-29 10:07:10,571 [ff005283-6149-44cc-9e6b-88eb174549f2@group-CFFF5D2A65B7-LeaderElection79] INFO  server.RaftServerConfigKeys (ConfUtils.java:logGet(46)) - raft.server.log.appender.snapshot.chunk.size.max = 16MB (=16777216) (default)
2024-04-29 10:07:10,571 [ff005283-6149-44cc-9e6b-88eb174549f2@group-CFFF5D2A65B7-LeaderElection79] INFO  server.RaftServerConfigKeys (ConfUtils.java:logGet(46)) - raft.server.log.appender.buffer.byte-limit = 8388608 (custom)
2024-04-29 10:07:10,571 [ff005283-6149-44cc-9e6b-88eb174549f2@group-CFFF5D2A65B7-LeaderElection79] INFO  server.RaftServerConfigKeys (ConfUtils.java:logGet(46)) - raft.server.log.appender.buffer.element-limit = 1 (custom)
2024-04-29 10:07:10,571 [ff005283-6149-44cc-9e6b-88eb174549f2@group-CFFF5D2A65B7-LeaderElection79] INFO  server.RaftServerConfigKeys (ConfUtils.java:logGet(46)) - raft.server.log.appender.wait-time.min = 0ms (custom)
2024-04-29 10:07:10,571 [ff005283-6149-44cc-9e6b-88eb174549f2@group-CFFF5D2A65B7-LeaderElection79] INFO  grpc.GrpcConfigKeys (ConfUtils.java:logGet(46)) - raft.grpc.server.leader.outstanding.appends.max = 8 (default)
2024-04-29 10:07:10,571 [ff005283-6149-44cc-9e6b-88eb174549f2@group-CFFF5D2A65B7-LeaderElection79] INFO  server.RaftServerConfigKeys (ConfUtils.java:logGet(46)) - raft.server.rpc.request.timeout = 3000ms (default)
2024-04-29 10:07:10,571 [ff005283-6149-44cc-9e6b-88eb174549f2@group-CFFF5D2A65B7-LeaderElection79] INFO  grpc.GrpcConfigKeys (ConfUtils.java:logGet(46)) - raft.grpc.server.install_snapshot.request.element-limit = 8 (default)
2024-04-29 10:07:10,571 [ff005283-6149-44cc-9e6b-88eb174549f2@group-CFFF5D2A65B7-LeaderElection79] INFO  grpc.GrpcConfigKeys (ConfUtils.java:logGet(46)) - raft.grpc.server.install_snapshot.request.timeout = 3000ms (default)
2024-04-29 10:07:10,572 [ff005283-6149-44cc-9e6b-88eb174549f2@group-CFFF5D2A65B7-LeaderElection79] INFO  grpc.GrpcConfigKeys (ConfUtils.java:logGet(46)) - raft.grpc.server.log-message.batch.duration = 5s (default)
2024-04-29 10:07:10,572 [ff005283-6149-44cc-9e6b-88eb174549f2@group-CFFF5D2A65B7-LeaderElection79] INFO  server.RaftServerConfigKeys (ConfUtils.java:logGet(46)) - raft.server.log.appender.install.snapshot.enabled = false (custom)
2024-04-29 10:07:10,572 [ff005283-6149-44cc-9e6b-88eb174549f2@group-CFFF5D2A65B7-LeaderElection79] INFO  grpc.GrpcConfigKeys (ConfUtils.java:logGet(46)) - raft.grpc.server.heartbeat.channel = true (default)
2024-04-29 10:07:10,572 [ff005283-6149-44cc-9e6b-88eb174549f2@group-CFFF5D2A65B7-LeaderElection79] INFO  server.RaftServerConfigKeys (ConfUtils.java:logGet(46)) - raft.server.log.appender.snapshot.chunk.size.max = 16MB (=16777216) (default)
2024-04-29 10:07:10,572 [ff005283-6149-44cc-9e6b-88eb174549f2@group-CFFF5D2A65B7-LeaderElection79] INFO  server.RaftServerConfigKeys (ConfUtils.java:logGet(46)) - raft.server.log.appender.buffer.byte-limit = 8388608 (custom)
2024-04-29 10:07:10,572 [ff005283-6149-44cc-9e6b-88eb174549f2@group-CFFF5D2A65B7-LeaderElection79] INFO  server.RaftServerConfigKeys (ConfUtils.java:logGet(46)) - raft.server.log.appender.buffer.element-limit = 1 (custom)
2024-04-29 10:07:10,572 [ff005283-6149-44cc-9e6b-88eb174549f2@group-CFFF5D2A65B7-LeaderElection79] INFO  server.RaftServerConfigKeys (ConfUtils.java:logGet(46)) - raft.server.log.appender.wait-time.min = 0ms (custom)
2024-04-29 10:07:10,572 [ff005283-6149-44cc-9e6b-88eb174549f2@group-CFFF5D2A65B7-LeaderElection79] INFO  grpc.GrpcConfigKeys (ConfUtils.java:logGet(46)) - raft.grpc.server.leader.outstanding.appends.max = 8 (default)
2024-04-29 10:07:10,572 [ff005283-6149-44cc-9e6b-88eb174549f2@group-CFFF5D2A65B7-LeaderElection79] INFO  server.RaftServerConfigKeys (ConfUtils.java:logGet(46)) - raft.server.rpc.request.timeout = 3000ms (default)
2024-04-29 10:07:10,573 [ff005283-6149-44cc-9e6b-88eb174549f2@group-CFFF5D2A65B7-LeaderElection79] INFO  grpc.GrpcConfigKeys (ConfUtils.java:logGet(46)) - raft.grpc.server.install_snapshot.request.element-limit = 8 (default)
2024-04-29 10:07:10,573 [ff005283-6149-44cc-9e6b-88eb174549f2@group-CFFF5D2A65B7-LeaderElection79] INFO  grpc.GrpcConfigKeys (ConfUtils.java:logGet(46)) - raft.grpc.server.install_snapshot.request.timeout = 3000ms (default)
2024-04-29 10:07:10,573 [ff005283-6149-44cc-9e6b-88eb174549f2@group-CFFF5D2A65B7-LeaderElection79] INFO  grpc.GrpcConfigKeys (ConfUtils.java:logGet(46)) - raft.grpc.server.log-message.batch.duration = 5s (default)
2024-04-29 10:07:10,573 [ff005283-6149-44cc-9e6b-88eb174549f2@group-CFFF5D2A65B7-LeaderElection79] INFO  server.RaftServerConfigKeys (ConfUtils.java:logGet(46)) - raft.server.log.appender.install.snapshot.enabled = false (custom)
2024-04-29 10:07:10,573 [ff005283-6149-44cc-9e6b-88eb174549f2@group-CFFF5D2A65B7-LeaderElection79] INFO  grpc.GrpcConfigKeys (ConfUtils.java:logGet(46)) - raft.grpc.server.heartbeat.channel = true (default)
2024-04-29 10:07:10,573 [ff005283-6149-44cc-9e6b-88eb174549f2@group-CFFF5D2A65B7-LeaderElection79] INFO  impl.RoleInfo (RoleInfo.java:updateAndGet(139)) - ff005283-6149-44cc-9e6b-88eb174549f2: start ff005283-6149-44cc-9e6b-88eb174549f2@group-CFFF5D2A65B7-LeaderStateImpl
2024-04-29 10:07:10,573 [ff005283-6149-44cc-9e6b-88eb174549f2@group-CFFF5D2A65B7-LeaderElection79] INFO  server.RaftServer$Division (RaftServerImpl.java:setFirstElection(574)) - ff005283-6149-44cc-9e6b-88eb174549f2@group-CFFF5D2A65B7: set firstElectionSinceStartup to false for becomeLeader
2024-04-29 10:07:10,573 [ff005283-6149-44cc-9e6b-88eb174549f2@group-CFFF5D2A65B7-LeaderElection79] INFO  ratis.XceiverServerRatis (XceiverServerRatis.java:handleLeaderChangedNotification(966)) - Leader change notification received for group: group-CFFF5D2A65B7 with new leaderId: ff005283-6149-44cc-9e6b-88eb174549f2
2024-04-29 10:07:10,573 [ff005283-6149-44cc-9e6b-88eb174549f2@group-CFFF5D2A65B7-LeaderElection79] INFO  server.RaftServer$Division (ServerState.java:setLeader(269)) - ff005283-6149-44cc-9e6b-88eb174549f2@group-CFFF5D2A65B7: change Leader from null to ff005283-6149-44cc-9e6b-88eb174549f2 at term 1 for becomeLeader, leader elected after 5029ms
2024-04-29 10:07:10,573 [ff005283-6149-44cc-9e6b-88eb174549f2@group-CFFF5D2A65B7-LeaderElection79] INFO  segmented.SegmentedRaftLogWorker (SegmentedRaftLogWorker.java:startLogSegment(430)) - ff005283-6149-44cc-9e6b-88eb174549f2@group-CFFF5D2A65B7-SegmentedRaftLogWorker: Starting segment from index:0
2024-04-29 10:07:10,574 [ff005283-6149-44cc-9e6b-88eb174549f2@group-CFFF5D2A65B7-SegmentedRaftLogWorker] INFO  segmented.BufferedWriteChannel (BufferedWriteChannel.java:open(62)) - open log_inprogress_0 at position 0
2024-04-29 10:07:10,574 [EventQueue-PipelineReportForPipelineReportHandler] INFO  pipeline.PipelineReportHandler (PipelineReportHandler.java:processPipelineReport(136)) - Opened pipeline PipelineID=c918cea1-a9aa-4f84-8425-cfff5d2a65b7
2024-04-29 10:07:10,574 [EventQueue-OpenPipelineForHealthyPipelineSafeModeRule] INFO  safemode.SCMSafeModeManager (HealthyPipelineSafeModeRule.java:process(140)) - SCM in safe mode. Healthy pipelines reported count is 1, required healthy pipeline reported count is 1
2024-04-29 10:07:10,574 [EventQueue-OpenPipelineForHealthyPipelineSafeModeRule] INFO  safemode.SCMSafeModeManager (SCMSafeModeManager.java:validateSafeModeExitRules(203)) - HealthyPipelineSafeModeRule rule is successfully validated
2024-04-29 10:07:10,574 [EventQueue-OpenPipelineForHealthyPipelineSafeModeRule] INFO  safemode.SCMSafeModeManager (SCMSafeModeManager.java:validateSafeModeExitRules(218)) - ScmSafeModeManager, all rules are successfully validated
2024-04-29 10:07:10,575 [EventQueue-OpenPipelineForHealthyPipelineSafeModeRule] INFO  safemode.SCMSafeModeManager (SCMSafeModeManager.java:exitSafeMode(248)) - SCM exiting safe mode.
2024-04-29 10:07:10,575 [EventQueue-OpenPipelineForHealthyPipelineSafeModeRule] INFO  ha.SCMContext (SCMContext.java:updateSafeModeStatus(225)) - Update SafeModeStatus from SafeModeStatus{safeModeStatus=true, preCheckPassed=true} to SafeModeStatus{safeModeStatus=false, preCheckPassed=true}.
2024-04-29 10:07:10,575 [EventQueue-OpenPipelineForHealthyPipelineSafeModeRule] INFO  pipeline.BackgroundPipelineCreator (BackgroundPipelineCreator.java:notifyStatusChanged(258)) - Service BackgroundPipelineCreator transitions to RUNNING.
2024-04-29 10:07:10,575 [EventQueue-OpenPipelineForHealthyPipelineSafeModeRule] INFO  BackgroundPipelineScrubber (BackgroundSCMService.java:notifyStatusChanged(79)) - Service BackgroundPipelineScrubber transitions to RUNNING.
2024-04-29 10:07:10,575 [EventQueue-OpenPipelineForHealthyPipelineSafeModeRule] INFO  ExpiredContainerReplicaOpScrubber (BackgroundSCMService.java:notifyStatusChanged(79)) - Service ExpiredContainerReplicaOpScrubber transitions to RUNNING.
2024-04-29 10:07:10,575 [EventQueue-OpenPipelineForHealthyPipelineSafeModeRule] INFO  block.SCMBlockDeletingService (SCMBlockDeletingService.java:notifyStatusChanged(247)) - notifyStatusChanged:RUNNING
2024-04-29 10:07:10,575 [EventQueue-OpenPipelineForHealthyPipelineSafeModeRule] INFO  replication.ReplicationManager (ReplicationManager.java:notifyStatusChanged(1404)) - Service ReplicationManager transitions to RUNNING.
2024-04-29 10:07:10,575 [EventQueue-OpenPipelineForHealthyPipelineSafeModeRule] WARN  balancer.ContainerBalancer (ContainerBalancer.java:shouldRun(134)) - Could not find persisted configuration for ContainerBalancer when checking if ContainerBalancer should run. ContainerBalancer should not run now.
2024-04-29 10:07:10,576 [ff005283-6149-44cc-9e6b-88eb174549f2@group-CFFF5D2A65B7-LeaderElection79] INFO  server.RaftServer$Division (ServerState.java:setRaftConf(386)) - ff005283-6149-44cc-9e6b-88eb174549f2@group-CFFF5D2A65B7: set configuration 0: peers:[023796c2-f42d-4d4c-8c53-1144d6bee25f|127.0.0.1:15477, a3deba03-ffe7-4d5f-b81f-0cb8f398f916|127.0.0.1:15468, ff005283-6149-44cc-9e6b-88eb174549f2|127.0.0.1:15459]|listeners:[], old=null
2024-04-29 10:07:10,580 [a3deba03-ffe7-4d5f-b81f-0cb8f398f916-server-thread1] INFO  ratis.XceiverServerRatis (XceiverServerRatis.java:handleLeaderChangedNotification(966)) - Leader change notification received for group: group-CFFF5D2A65B7 with new leaderId: ff005283-6149-44cc-9e6b-88eb174549f2
2024-04-29 10:07:10,580 [a3deba03-ffe7-4d5f-b81f-0cb8f398f916-server-thread1] INFO  server.RaftServer$Division (ServerState.java:setLeader(269)) - a3deba03-ffe7-4d5f-b81f-0cb8f398f916@group-CFFF5D2A65B7: change Leader from null to ff005283-6149-44cc-9e6b-88eb174549f2 at term 1 for appendEntries, leader elected after 5020ms
2024-04-29 10:07:10,581 [a3deba03-ffe7-4d5f-b81f-0cb8f398f916-server-thread2] INFO  server.RaftServer$Division (ServerState.java:setRaftConf(386)) - a3deba03-ffe7-4d5f-b81f-0cb8f398f916@group-CFFF5D2A65B7: set configuration 0: peers:[023796c2-f42d-4d4c-8c53-1144d6bee25f|127.0.0.1:15477, a3deba03-ffe7-4d5f-b81f-0cb8f398f916|127.0.0.1:15468, ff005283-6149-44cc-9e6b-88eb174549f2|127.0.0.1:15459]|listeners:[], old=null
2024-04-29 10:07:10,581 [a3deba03-ffe7-4d5f-b81f-0cb8f398f916-server-thread2] INFO  segmented.SegmentedRaftLogWorker (SegmentedRaftLogWorker.java:startLogSegment(430)) - a3deba03-ffe7-4d5f-b81f-0cb8f398f916@group-CFFF5D2A65B7-SegmentedRaftLogWorker: Starting segment from index:0
2024-04-29 10:07:10,582 [a3deba03-ffe7-4d5f-b81f-0cb8f398f916@group-CFFF5D2A65B7-SegmentedRaftLogWorker] INFO  segmented.BufferedWriteChannel (BufferedWriteChannel.java:open(62)) - open log_inprogress_0 at position 0
2024-04-29 10:07:10,582 [023796c2-f42d-4d4c-8c53-1144d6bee25f-server-thread1] INFO  ratis.XceiverServerRatis (XceiverServerRatis.java:handleLeaderChangedNotification(966)) - Leader change notification received for group: group-CFFF5D2A65B7 with new leaderId: ff005283-6149-44cc-9e6b-88eb174549f2
2024-04-29 10:07:10,582 [023796c2-f42d-4d4c-8c53-1144d6bee25f-server-thread1] INFO  server.RaftServer$Division (ServerState.java:setLeader(269)) - 023796c2-f42d-4d4c-8c53-1144d6bee25f@group-CFFF5D2A65B7: change Leader from null to ff005283-6149-44cc-9e6b-88eb174549f2 at term 1 for appendEntries, leader elected after 5007ms
2024-04-29 10:07:10,586 [023796c2-f42d-4d4c-8c53-1144d6bee25f-server-thread2] INFO  server.RaftServer$Division (ServerState.java:setRaftConf(386)) - 023796c2-f42d-4d4c-8c53-1144d6bee25f@group-CFFF5D2A65B7: set configuration 0: peers:[023796c2-f42d-4d4c-8c53-1144d6bee25f|127.0.0.1:15477, a3deba03-ffe7-4d5f-b81f-0cb8f398f916|127.0.0.1:15468, ff005283-6149-44cc-9e6b-88eb174549f2|127.0.0.1:15459]|listeners:[], old=null
2024-04-29 10:07:10,586 [023796c2-f42d-4d4c-8c53-1144d6bee25f-server-thread2] INFO  segmented.SegmentedRaftLogWorker (SegmentedRaftLogWorker.java:startLogSegment(430)) - 023796c2-f42d-4d4c-8c53-1144d6bee25f@group-CFFF5D2A65B7-SegmentedRaftLogWorker: Starting segment from index:0
2024-04-29 10:07:10,586 [023796c2-f42d-4d4c-8c53-1144d6bee25f@group-CFFF5D2A65B7-SegmentedRaftLogWorker] INFO  segmented.BufferedWriteChannel (BufferedWriteChannel.java:open(62)) - open log_inprogress_0 at position 0
2024-04-29 10:07:10,592 [ff005283-6149-44cc-9e6b-88eb174549f2@group-CFFF5D2A65B7-SegmentedRaftLogWorker] INFO  segmented.SegmentedRaftLogWorker (SegmentedRaftLogWorker.java:execute(634)) - ff005283-6149-44cc-9e6b-88eb174549f2@group-CFFF5D2A65B7-SegmentedRaftLogWorker: created new log segment /home/runner/work/ozone/ozone/hadoop-ozone/integration-test/target/test-dir/MiniOzoneClusterImpl-9e79b078-2218-4abd-b04c-a65fc7f927a6/ozone-meta/datanode-1/ratis/c918cea1-a9aa-4f84-8425-cfff5d2a65b7/current/log_inprogress_0
2024-04-29 10:07:10,592 [a3deba03-ffe7-4d5f-b81f-0cb8f398f916@group-CFFF5D2A65B7-SegmentedRaftLogWorker] INFO  segmented.SegmentedRaftLogWorker (SegmentedRaftLogWorker.java:execute(634)) - a3deba03-ffe7-4d5f-b81f-0cb8f398f916@group-CFFF5D2A65B7-SegmentedRaftLogWorker: created new log segment /home/runner/work/ozone/ozone/hadoop-ozone/integration-test/target/test-dir/MiniOzoneClusterImpl-9e79b078-2218-4abd-b04c-a65fc7f927a6/ozone-meta/datanode-2/ratis/c918cea1-a9aa-4f84-8425-cfff5d2a65b7/current/log_inprogress_0
2024-04-29 10:07:10,594 [023796c2-f42d-4d4c-8c53-1144d6bee25f@group-CFFF5D2A65B7-SegmentedRaftLogWorker] INFO  segmented.SegmentedRaftLogWorker (SegmentedRaftLogWorker.java:execute(634)) - 023796c2-f42d-4d4c-8c53-1144d6bee25f@group-CFFF5D2A65B7-SegmentedRaftLogWorker: created new log segment /home/runner/work/ozone/ozone/hadoop-ozone/integration-test/target/test-dir/MiniOzoneClusterImpl-9e79b078-2218-4abd-b04c-a65fc7f927a6/ozone-meta/datanode-3/ratis/c918cea1-a9aa-4f84-8425-cfff5d2a65b7/current/log_inprogress_0
2024-04-29 10:07:10,596 [ff005283-6149-44cc-9e6b-88eb174549f2@group-CFFF5D2A65B7-StateMachineUpdater] INFO  server.RaftServer$Division (LeaderStateImpl.java:isApplied(320)) - leader is ready since appliedIndex == 0 >= startIndex == 0
2024-04-29 10:07:10,628 [ff005283-6149-44cc-9e6b-88eb174549f2@group-3E5916B6A231-FollowerState] INFO  impl.FollowerState (FollowerState.java:run(143)) - ff005283-6149-44cc-9e6b-88eb174549f2@group-3E5916B6A231-FollowerState: change to CANDIDATE, lastRpcElapsedTime:5087015560ns, electionTimeout:5086ms
2024-04-29 10:07:10,628 [ff005283-6149-44cc-9e6b-88eb174549f2@group-3E5916B6A231-FollowerState] INFO  impl.RoleInfo (RoleInfo.java:shutdownFollowerState(110)) - ff005283-6149-44cc-9e6b-88eb174549f2: shutdown ff005283-6149-44cc-9e6b-88eb174549f2@group-3E5916B6A231-FollowerState
2024-04-29 10:07:10,628 [ff005283-6149-44cc-9e6b-88eb174549f2@group-3E5916B6A231-FollowerState] INFO  server.RaftServer$Division (RaftServerImpl.java:setRole(383)) - ff005283-6149-44cc-9e6b-88eb174549f2@group-3E5916B6A231: changes role from  FOLLOWER to CANDIDATE at term 0 for changeToCandidate
2024-04-29 10:07:10,628 [ff005283-6149-44cc-9e6b-88eb174549f2@group-3E5916B6A231-FollowerState] INFO  server.RaftServerConfigKeys (ConfUtils.java:logGet(46)) - raft.server.leaderelection.pre-vote = true (default)
2024-04-29 10:07:10,628 [ff005283-6149-44cc-9e6b-88eb174549f2@group-3E5916B6A231-FollowerState] INFO  impl.RoleInfo (RoleInfo.java:updateAndGet(139)) - ff005283-6149-44cc-9e6b-88eb174549f2: start ff005283-6149-44cc-9e6b-88eb174549f2@group-3E5916B6A231-LeaderElection80
2024-04-29 10:07:10,629 [ff005283-6149-44cc-9e6b-88eb174549f2@group-3E5916B6A231-LeaderElection80] INFO  impl.LeaderElection (LeaderElection.java:askForVotes(321)) - ff005283-6149-44cc-9e6b-88eb174549f2@group-3E5916B6A231-LeaderElection80 PRE_VOTE round 0: submit vote requests at term 0 for -1: peers:[ff005283-6149-44cc-9e6b-88eb174549f2|127.0.0.1:15459]|listeners:[], old=null
2024-04-29 10:07:10,629 [ff005283-6149-44cc-9e6b-88eb174549f2@group-3E5916B6A231-LeaderElection80] INFO  impl.LeaderElection (LeaderElection.java:askForVotes(323)) - ff005283-6149-44cc-9e6b-88eb174549f2@group-3E5916B6A231-LeaderElection80 PRE_VOTE round 0: result PASSED (term=0)
2024-04-29 10:07:10,630 [ff005283-6149-44cc-9e6b-88eb174549f2@group-3E5916B6A231-LeaderElection80] INFO  impl.LeaderElection (LeaderElection.java:askForVotes(321)) - ff005283-6149-44cc-9e6b-88eb174549f2@group-3E5916B6A231-LeaderElection80 ELECTION round 0: submit vote requests at term 1 for -1: peers:[ff005283-6149-44cc-9e6b-88eb174549f2|127.0.0.1:15459]|listeners:[], old=null
2024-04-29 10:07:10,630 [ff005283-6149-44cc-9e6b-88eb174549f2@group-3E5916B6A231-LeaderElection80] INFO  impl.LeaderElection (LeaderElection.java:askForVotes(323)) - ff005283-6149-44cc-9e6b-88eb174549f2@group-3E5916B6A231-LeaderElection80 ELECTION round 0: result PASSED (term=1)
2024-04-29 10:07:10,630 [ff005283-6149-44cc-9e6b-88eb174549f2@group-3E5916B6A231-LeaderElection80] INFO  impl.RoleInfo (RoleInfo.java:shutdownLeaderElection(130)) - ff005283-6149-44cc-9e6b-88eb174549f2: shutdown ff005283-6149-44cc-9e6b-88eb174549f2@group-3E5916B6A231-LeaderElection80
2024-04-29 10:07:10,630 [ff005283-6149-44cc-9e6b-88eb174549f2@group-3E5916B6A231-LeaderElection80] INFO  server.RaftServer$Division (RaftServerImpl.java:setRole(383)) - ff005283-6149-44cc-9e6b-88eb174549f2@group-3E5916B6A231: changes role from CANDIDATE to LEADER at term 1 for changeToLeader
2024-04-29 10:07:10,630 [ff005283-6149-44cc-9e6b-88eb174549f2@group-3E5916B6A231-LeaderElection80] INFO  server.RaftServerConfigKeys (ConfUtils.java:logGet(46)) - raft.server.staging.catchup.gap = 1000 (default)
2024-04-29 10:07:10,630 [ff005283-6149-44cc-9e6b-88eb174549f2@group-3E5916B6A231-LeaderElection80] INFO  server.RaftServerConfigKeys (ConfUtils.java:logGet(46)) - raft.server.write.element-limit = 1024 (custom)
2024-04-29 10:07:10,630 [ff005283-6149-44cc-9e6b-88eb174549f2@group-3E5916B6A231-LeaderElection80] INFO  server.RaftServerConfigKeys (ConfUtils.java:logGet(46)) - raft.server.write.byte-limit = 1024 M (=1073741824) (custom)
2024-04-29 10:07:10,630 [ff005283-6149-44cc-9e6b-88eb174549f2@group-3E5916B6A231-LeaderElection80] INFO  server.RaftServerConfigKeys (ConfUtils.java:logGet(46)) - raft.server.watch.timeout = 3000ms (custom)
2024-04-29 10:07:10,630 [ff005283-6149-44cc-9e6b-88eb174549f2@group-3E5916B6A231-LeaderElection80] INFO  server.RaftServerConfigKeys (ConfUtils.java:logGet(46)) - raft.server.watch.timeout.denomination = 1s (default)
2024-04-29 10:07:10,631 [ff005283-6149-44cc-9e6b-88eb174549f2@group-3E5916B6A231-LeaderElection80] INFO  server.RaftServerConfigKeys (ConfUtils.java:logGet(46)) - raft.server.watch.element-limit = 65536 (default)
2024-04-29 10:07:10,631 [ff005283-6149-44cc-9e6b-88eb174549f2@group-3E5916B6A231-LeaderElection80] INFO  server.RaftServerConfigKeys (ConfUtils.java:logGet(46)) - raft.server.read.leader.lease.enabled = false (default)
2024-04-29 10:07:10,631 [ff005283-6149-44cc-9e6b-88eb174549f2@group-3E5916B6A231-LeaderElection80] INFO  server.RaftServerConfigKeys (ConfUtils.java:logGet(46)) - raft.server.read.leader.lease.timeout.ratio = 0.9 (default)
2024-04-29 10:07:10,631 [ff005283-6149-44cc-9e6b-88eb174549f2@group-3E5916B6A231-LeaderElection80] INFO  server.RaftServerConfigKeys (ConfUtils.java:logGet(46)) - raft.server.rpc.timeout.min = 5s (custom)
2024-04-29 10:07:10,631 [ff005283-6149-44cc-9e6b-88eb174549f2@group-3E5916B6A231-LeaderElection80] INFO  server.RaftServerConfigKeys (ConfUtils.java:logGet(46)) - raft.server.write.element-limit = 1024 (custom)
2024-04-29 10:07:10,631 [ff005283-6149-44cc-9e6b-88eb174549f2@group-3E5916B6A231-LeaderElection80] INFO  server.RaftServerConfigKeys (ConfUtils.java:logGet(46)) - raft.server.write.follower.gap.ratio.max = -1.0 (default)
2024-04-29 10:07:10,631 [ff005283-6149-44cc-9e6b-88eb174549f2@group-3E5916B6A231-LeaderElection80] INFO  impl.RoleInfo (RoleInfo.java:updateAndGet(139)) - ff005283-6149-44cc-9e6b-88eb174549f2: start ff005283-6149-44cc-9e6b-88eb174549f2@group-3E5916B6A231-LeaderStateImpl
2024-04-29 10:07:10,631 [ff005283-6149-44cc-9e6b-88eb174549f2@group-3E5916B6A231-LeaderElection80] INFO  server.RaftServer$Division (RaftServerImpl.java:setFirstElection(574)) - ff005283-6149-44cc-9e6b-88eb174549f2@group-3E5916B6A231: set firstElectionSinceStartup to false for becomeLeader
2024-04-29 10:07:10,631 [ff005283-6149-44cc-9e6b-88eb174549f2@group-3E5916B6A231-LeaderElection80] INFO  ratis.XceiverServerRatis (XceiverServerRatis.java:handleLeaderChangedNotification(966)) - Leader change notification received for group: group-3E5916B6A231 with new leaderId: ff005283-6149-44cc-9e6b-88eb174549f2
2024-04-29 10:07:10,631 [ff005283-6149-44cc-9e6b-88eb174549f2@group-3E5916B6A231-LeaderElection80] INFO  server.RaftServer$Division (ServerState.java:setLeader(269)) - ff005283-6149-44cc-9e6b-88eb174549f2@group-3E5916B6A231: change Leader from null to ff005283-6149-44cc-9e6b-88eb174549f2 at term 1 for becomeLeader, leader elected after 5100ms
2024-04-29 10:07:10,631 [ff005283-6149-44cc-9e6b-88eb174549f2@group-3E5916B6A231-LeaderElection80] INFO  segmented.SegmentedRaftLogWorker (SegmentedRaftLogWorker.java:startLogSegment(430)) - ff005283-6149-44cc-9e6b-88eb174549f2@group-3E5916B6A231-SegmentedRaftLogWorker: Starting segment from index:0
2024-04-29 10:07:10,631 [ff005283-6149-44cc-9e6b-88eb174549f2@group-3E5916B6A231-SegmentedRaftLogWorker] INFO  segmented.BufferedWriteChannel (BufferedWriteChannel.java:open(62)) - open log_inprogress_0 at position 0
2024-04-29 10:07:10,635 [ff005283-6149-44cc-9e6b-88eb174549f2@group-3E5916B6A231-LeaderElection80] INFO  server.RaftServer$Division (ServerState.java:setRaftConf(386)) - ff005283-6149-44cc-9e6b-88eb174549f2@group-3E5916B6A231: set configuration 0: peers:[ff005283-6149-44cc-9e6b-88eb174549f2|127.0.0.1:15459]|listeners:[], old=null
2024-04-29 10:07:10,640 [ff005283-6149-44cc-9e6b-88eb174549f2@group-3E5916B6A231-SegmentedRaftLogWorker] INFO  segmented.SegmentedRaftLogWorker (SegmentedRaftLogWorker.java:execute(634)) - ff005283-6149-44cc-9e6b-88eb174549f2@group-3E5916B6A231-SegmentedRaftLogWorker: created new log segment /home/runner/work/ozone/ozone/hadoop-ozone/integration-test/target/test-dir/MiniOzoneClusterImpl-9e79b078-2218-4abd-b04c-a65fc7f927a6/ozone-meta/datanode-1/ratis/89164fa4-b052-4c7c-80e5-3e5916b6a231/current/log_inprogress_0
2024-04-29 10:07:10,641 [ff005283-6149-44cc-9e6b-88eb174549f2@group-3E5916B6A231-StateMachineUpdater] INFO  server.RaftServer$Division (LeaderStateImpl.java:isApplied(320)) - leader is ready since appliedIndex == 0 >= startIndex == 0
2024-04-29 10:07:10,670 [a3deba03-ffe7-4d5f-b81f-0cb8f398f916@group-CC65C46A3609-FollowerState] INFO  impl.FollowerState (FollowerState.java:run(143)) - a3deba03-ffe7-4d5f-b81f-0cb8f398f916@group-CC65C46A3609-FollowerState: change to CANDIDATE, lastRpcElapsedTime:5073138524ns, electionTimeout:5072ms
2024-04-29 10:07:10,670 [a3deba03-ffe7-4d5f-b81f-0cb8f398f916@group-CC65C46A3609-FollowerState] INFO  impl.RoleInfo (RoleInfo.java:shutdownFollowerState(110)) - a3deba03-ffe7-4d5f-b81f-0cb8f398f916: shutdown a3deba03-ffe7-4d5f-b81f-0cb8f398f916@group-CC65C46A3609-FollowerState
2024-04-29 10:07:10,670 [a3deba03-ffe7-4d5f-b81f-0cb8f398f916@group-CC65C46A3609-FollowerState] INFO  server.RaftServer$Division (RaftServerImpl.java:setRole(383)) - a3deba03-ffe7-4d5f-b81f-0cb8f398f916@group-CC65C46A3609: changes role from  FOLLOWER to CANDIDATE at term 0 for changeToCandidate
2024-04-29 10:07:10,670 [a3deba03-ffe7-4d5f-b81f-0cb8f398f916@group-CC65C46A3609-FollowerState] INFO  server.RaftServerConfigKeys (ConfUtils.java:logGet(46)) - raft.server.leaderelection.pre-vote = true (default)
2024-04-29 10:07:10,670 [a3deba03-ffe7-4d5f-b81f-0cb8f398f916@group-CC65C46A3609-FollowerState] INFO  impl.RoleInfo (RoleInfo.java:updateAndGet(139)) - a3deba03-ffe7-4d5f-b81f-0cb8f398f916: start a3deba03-ffe7-4d5f-b81f-0cb8f398f916@group-CC65C46A3609-LeaderElection81
2024-04-29 10:07:10,670 [a3deba03-ffe7-4d5f-b81f-0cb8f398f916@group-CC65C46A3609-LeaderElection81] INFO  impl.LeaderElection (LeaderElection.java:askForVotes(321)) - a3deba03-ffe7-4d5f-b81f-0cb8f398f916@group-CC65C46A3609-LeaderElection81 PRE_VOTE round 0: submit vote requests at term 0 for -1: peers:[a3deba03-ffe7-4d5f-b81f-0cb8f398f916|127.0.0.1:15468]|listeners:[], old=null
2024-04-29 10:07:10,670 [a3deba03-ffe7-4d5f-b81f-0cb8f398f916@group-CC65C46A3609-LeaderElection81] INFO  impl.LeaderElection (LeaderElection.java:askForVotes(323)) - a3deba03-ffe7-4d5f-b81f-0cb8f398f916@group-CC65C46A3609-LeaderElection81 PRE_VOTE round 0: result PASSED (term=0)
2024-04-29 10:07:10,672 [a3deba03-ffe7-4d5f-b81f-0cb8f398f916@group-CC65C46A3609-LeaderElection81] INFO  impl.LeaderElection (LeaderElection.java:askForVotes(321)) - a3deba03-ffe7-4d5f-b81f-0cb8f398f916@group-CC65C46A3609-LeaderElection81 ELECTION round 0: submit vote requests at term 1 for -1: peers:[a3deba03-ffe7-4d5f-b81f-0cb8f398f916|127.0.0.1:15468]|listeners:[], old=null
2024-04-29 10:07:10,672 [a3deba03-ffe7-4d5f-b81f-0cb8f398f916@group-CC65C46A3609-LeaderElection81] INFO  impl.LeaderElection (LeaderElection.java:askForVotes(323)) - a3deba03-ffe7-4d5f-b81f-0cb8f398f916@group-CC65C46A3609-LeaderElection81 ELECTION round 0: result PASSED (term=1)
2024-04-29 10:07:10,672 [a3deba03-ffe7-4d5f-b81f-0cb8f398f916@group-CC65C46A3609-LeaderElection81] INFO  impl.RoleInfo (RoleInfo.java:shutdownLeaderElection(130)) - a3deba03-ffe7-4d5f-b81f-0cb8f398f916: shutdown a3deba03-ffe7-4d5f-b81f-0cb8f398f916@group-CC65C46A3609-LeaderElection81
2024-04-29 10:07:10,672 [a3deba03-ffe7-4d5f-b81f-0cb8f398f916@group-CC65C46A3609-LeaderElection81] INFO  server.RaftServer$Division (RaftServerImpl.java:setRole(383)) - a3deba03-ffe7-4d5f-b81f-0cb8f398f916@group-CC65C46A3609: changes role from CANDIDATE to LEADER at term 1 for changeToLeader
2024-04-29 10:07:10,672 [a3deba03-ffe7-4d5f-b81f-0cb8f398f916@group-CC65C46A3609-LeaderElection81] INFO  server.RaftServerConfigKeys (ConfUtils.java:logGet(46)) - raft.server.staging.catchup.gap = 1000 (default)
2024-04-29 10:07:10,672 [a3deba03-ffe7-4d5f-b81f-0cb8f398f916@group-CC65C46A3609-LeaderElection81] INFO  server.RaftServerConfigKeys (ConfUtils.java:logGet(46)) - raft.server.write.element-limit = 1024 (custom)
2024-04-29 10:07:10,672 [a3deba03-ffe7-4d5f-b81f-0cb8f398f916@group-CC65C46A3609-LeaderElection81] INFO  server.RaftServerConfigKeys (ConfUtils.java:logGet(46)) - raft.server.write.byte-limit = 1024 M (=1073741824) (custom)
2024-04-29 10:07:10,673 [a3deba03-ffe7-4d5f-b81f-0cb8f398f916@group-CC65C46A3609-LeaderElection81] INFO  server.RaftServerConfigKeys (ConfUtils.java:logGet(46)) - raft.server.watch.timeout = 3000ms (custom)
2024-04-29 10:07:10,673 [a3deba03-ffe7-4d5f-b81f-0cb8f398f916@group-CC65C46A3609-LeaderElection81] INFO  server.RaftServerConfigKeys (ConfUtils.java:logGet(46)) - raft.server.watch.timeout.denomination = 1s (default)
2024-04-29 10:07:10,673 [a3deba03-ffe7-4d5f-b81f-0cb8f398f916@group-CC65C46A3609-LeaderElection81] INFO  server.RaftServerConfigKeys (ConfUtils.java:logGet(46)) - raft.server.watch.element-limit = 65536 (default)
2024-04-29 10:07:10,673 [a3deba03-ffe7-4d5f-b81f-0cb8f398f916@group-CC65C46A3609-LeaderElection81] INFO  server.RaftServerConfigKeys (ConfUtils.java:logGet(46)) - raft.server.read.leader.lease.enabled = false (default)
2024-04-29 10:07:10,673 [a3deba03-ffe7-4d5f-b81f-0cb8f398f916@group-CC65C46A3609-LeaderElection81] INFO  server.RaftServerConfigKeys (ConfUtils.java:logGet(46)) - raft.server.read.leader.lease.timeout.ratio = 0.9 (default)
2024-04-29 10:07:10,673 [a3deba03-ffe7-4d5f-b81f-0cb8f398f916@group-CC65C46A3609-LeaderElection81] INFO  server.RaftServerConfigKeys (ConfUtils.java:logGet(46)) - raft.server.rpc.timeout.min = 5s (custom)
2024-04-29 10:07:10,673 [a3deba03-ffe7-4d5f-b81f-0cb8f398f916@group-CC65C46A3609-LeaderElection81] INFO  server.RaftServerConfigKeys (ConfUtils.java:logGet(46)) - raft.server.write.element-limit = 1024 (custom)
2024-04-29 10:07:10,673 [a3deba03-ffe7-4d5f-b81f-0cb8f398f916@group-CC65C46A3609-LeaderElection81] INFO  server.RaftServerConfigKeys (ConfUtils.java:logGet(46)) - raft.server.write.follower.gap.ratio.max = -1.0 (default)
2024-04-29 10:07:10,673 [a3deba03-ffe7-4d5f-b81f-0cb8f398f916@group-CC65C46A3609-LeaderElection81] INFO  impl.RoleInfo (RoleInfo.java:updateAndGet(139)) - a3deba03-ffe7-4d5f-b81f-0cb8f398f916: start a3deba03-ffe7-4d5f-b81f-0cb8f398f916@group-CC65C46A3609-LeaderStateImpl
2024-04-29 10:07:10,673 [a3deba03-ffe7-4d5f-b81f-0cb8f398f916@group-CC65C46A3609-LeaderElection81] INFO  server.RaftServer$Division (RaftServerImpl.java:setFirstElection(574)) - a3deba03-ffe7-4d5f-b81f-0cb8f398f916@group-CC65C46A3609: set firstElectionSinceStartup to false for becomeLeader
2024-04-29 10:07:10,673 [a3deba03-ffe7-4d5f-b81f-0cb8f398f916@group-CC65C46A3609-LeaderElection81] INFO  ratis.XceiverServerRatis (XceiverServerRatis.java:handleLeaderChangedNotification(966)) - Leader change notification received for group: group-CC65C46A3609 with new leaderId: a3deba03-ffe7-4d5f-b81f-0cb8f398f916
2024-04-29 10:07:10,673 [a3deba03-ffe7-4d5f-b81f-0cb8f398f916@group-CC65C46A3609-LeaderElection81] INFO  server.RaftServer$Division (ServerState.java:setLeader(269)) - a3deba03-ffe7-4d5f-b81f-0cb8f398f916@group-CC65C46A3609: change Leader from null to a3deba03-ffe7-4d5f-b81f-0cb8f398f916 at term 1 for becomeLeader, leader elected after 5093ms
2024-04-29 10:07:10,673 [a3deba03-ffe7-4d5f-b81f-0cb8f398f916@group-CC65C46A3609-LeaderElection81] INFO  segmented.SegmentedRaftLogWorker (SegmentedRaftLogWorker.java:startLogSegment(430)) - a3deba03-ffe7-4d5f-b81f-0cb8f398f916@group-CC65C46A3609-SegmentedRaftLogWorker: Starting segment from index:0
2024-04-29 10:07:10,673 [a3deba03-ffe7-4d5f-b81f-0cb8f398f916@group-CC65C46A3609-SegmentedRaftLogWorker] INFO  segmented.BufferedWriteChannel (BufferedWriteChannel.java:open(62)) - open log_inprogress_0 at position 0
2024-04-29 10:07:10,676 [a3deba03-ffe7-4d5f-b81f-0cb8f398f916@group-CC65C46A3609-LeaderElection81] INFO  server.RaftServer$Division (ServerState.java:setRaftConf(386)) - a3deba03-ffe7-4d5f-b81f-0cb8f398f916@group-CC65C46A3609: set configuration 0: peers:[a3deba03-ffe7-4d5f-b81f-0cb8f398f916|127.0.0.1:15468]|listeners:[], old=null
2024-04-29 10:07:10,680 [a3deba03-ffe7-4d5f-b81f-0cb8f398f916@group-CC65C46A3609-SegmentedRaftLogWorker] INFO  segmented.SegmentedRaftLogWorker (SegmentedRaftLogWorker.java:execute(634)) - a3deba03-ffe7-4d5f-b81f-0cb8f398f916@group-CC65C46A3609-SegmentedRaftLogWorker: created new log segment /home/runner/work/ozone/ozone/hadoop-ozone/integration-test/target/test-dir/MiniOzoneClusterImpl-9e79b078-2218-4abd-b04c-a65fc7f927a6/ozone-meta/datanode-2/ratis/42041f5e-2e61-4afc-88fc-cc65c46a3609/current/log_inprogress_0
2024-04-29 10:07:10,682 [a3deba03-ffe7-4d5f-b81f-0cb8f398f916@group-CC65C46A3609-StateMachineUpdater] INFO  server.RaftServer$Division (LeaderStateImpl.java:isApplied(320)) - leader is ready since appliedIndex == 0 >= startIndex == 0
2024-04-29 10:07:10,768 [023796c2-f42d-4d4c-8c53-1144d6bee25f@group-92FDC0F9B532-FollowerState] INFO  impl.FollowerState (FollowerState.java:run(143)) - 023796c2-f42d-4d4c-8c53-1144d6bee25f@group-92FDC0F9B532-FollowerState: change to CANDIDATE, lastRpcElapsedTime:5126332102ns, electionTimeout:5126ms
2024-04-29 10:07:10,768 [023796c2-f42d-4d4c-8c53-1144d6bee25f@group-92FDC0F9B532-FollowerState] INFO  impl.RoleInfo (RoleInfo.java:shutdownFollowerState(110)) - 023796c2-f42d-4d4c-8c53-1144d6bee25f: shutdown 023796c2-f42d-4d4c-8c53-1144d6bee25f@group-92FDC0F9B532-FollowerState
2024-04-29 10:07:10,768 [023796c2-f42d-4d4c-8c53-1144d6bee25f@group-92FDC0F9B532-FollowerState] INFO  server.RaftServer$Division (RaftServerImpl.java:setRole(383)) - 023796c2-f42d-4d4c-8c53-1144d6bee25f@group-92FDC0F9B532: changes role from  FOLLOWER to CANDIDATE at term 0 for changeToCandidate
2024-04-29 10:07:10,768 [023796c2-f42d-4d4c-8c53-1144d6bee25f@group-92FDC0F9B532-FollowerState] INFO  server.RaftServerConfigKeys (ConfUtils.java:logGet(46)) - raft.server.leaderelection.pre-vote = true (default)
2024-04-29 10:07:10,768 [023796c2-f42d-4d4c-8c53-1144d6bee25f@group-92FDC0F9B532-FollowerState] INFO  impl.RoleInfo (RoleInfo.java:updateAndGet(139)) - 023796c2-f42d-4d4c-8c53-1144d6bee25f: start 023796c2-f42d-4d4c-8c53-1144d6bee25f@group-92FDC0F9B532-LeaderElection82
2024-04-29 10:07:10,768 [023796c2-f42d-4d4c-8c53-1144d6bee25f@group-92FDC0F9B532-LeaderElection82] INFO  impl.LeaderElection (LeaderElection.java:askForVotes(321)) - 023796c2-f42d-4d4c-8c53-1144d6bee25f@group-92FDC0F9B532-LeaderElection82 PRE_VOTE round 0: submit vote requests at term 0 for -1: peers:[023796c2-f42d-4d4c-8c53-1144d6bee25f|127.0.0.1:15477]|listeners:[], old=null
2024-04-29 10:07:10,768 [023796c2-f42d-4d4c-8c53-1144d6bee25f@group-92FDC0F9B532-LeaderElection82] INFO  impl.LeaderElection (LeaderElection.java:askForVotes(323)) - 023796c2-f42d-4d4c-8c53-1144d6bee25f@group-92FDC0F9B532-LeaderElection82 PRE_VOTE round 0: result PASSED (term=0)
2024-04-29 10:07:10,770 [023796c2-f42d-4d4c-8c53-1144d6bee25f@group-92FDC0F9B532-LeaderElection82] INFO  impl.LeaderElection (LeaderElection.java:askForVotes(321)) - 023796c2-f42d-4d4c-8c53-1144d6bee25f@group-92FDC0F9B532-LeaderElection82 ELECTION round 0: submit vote requests at term 1 for -1: peers:[023796c2-f42d-4d4c-8c53-1144d6bee25f|127.0.0.1:15477]|listeners:[], old=null
2024-04-29 10:07:10,770 [023796c2-f42d-4d4c-8c53-1144d6bee25f@group-92FDC0F9B532-LeaderElection82] INFO  impl.LeaderElection (LeaderElection.java:askForVotes(323)) - 023796c2-f42d-4d4c-8c53-1144d6bee25f@group-92FDC0F9B532-LeaderElection82 ELECTION round 0: result PASSED (term=1)
2024-04-29 10:07:10,770 [023796c2-f42d-4d4c-8c53-1144d6bee25f@group-92FDC0F9B532-LeaderElection82] INFO  impl.RoleInfo (RoleInfo.java:shutdownLeaderElection(130)) - 023796c2-f42d-4d4c-8c53-1144d6bee25f: shutdown 023796c2-f42d-4d4c-8c53-1144d6bee25f@group-92FDC0F9B532-LeaderElection82
2024-04-29 10:07:10,770 [023796c2-f42d-4d4c-8c53-1144d6bee25f@group-92FDC0F9B532-LeaderElection82] INFO  server.RaftServer$Division (RaftServerImpl.java:setRole(383)) - 023796c2-f42d-4d4c-8c53-1144d6bee25f@group-92FDC0F9B532: changes role from CANDIDATE to LEADER at term 1 for changeToLeader
2024-04-29 10:07:10,770 [023796c2-f42d-4d4c-8c53-1144d6bee25f@group-92FDC0F9B532-LeaderElection82] INFO  server.RaftServerConfigKeys (ConfUtils.java:logGet(46)) - raft.server.staging.catchup.gap = 1000 (default)
2024-04-29 10:07:10,770 [023796c2-f42d-4d4c-8c53-1144d6bee25f@group-92FDC0F9B532-LeaderElection82] INFO  server.RaftServerConfigKeys (ConfUtils.java:logGet(46)) - raft.server.write.element-limit = 1024 (custom)
2024-04-29 10:07:10,770 [023796c2-f42d-4d4c-8c53-1144d6bee25f@group-92FDC0F9B532-LeaderElection82] INFO  server.RaftServerConfigKeys (ConfUtils.java:logGet(46)) - raft.server.write.byte-limit = 1024 M (=1073741824) (custom)
2024-04-29 10:07:10,770 [023796c2-f42d-4d4c-8c53-1144d6bee25f@group-92FDC0F9B532-LeaderElection82] INFO  server.RaftServerConfigKeys (ConfUtils.java:logGet(46)) - raft.server.watch.timeout = 3000ms (custom)
2024-04-29 10:07:10,770 [023796c2-f42d-4d4c-8c53-1144d6bee25f@group-92FDC0F9B532-LeaderElection82] INFO  server.RaftServerConfigKeys (ConfUtils.java:logGet(46)) - raft.server.watch.timeout.denomination = 1s (default)
2024-04-29 10:07:10,770 [023796c2-f42d-4d4c-8c53-1144d6bee25f@group-92FDC0F9B532-LeaderElection82] INFO  server.RaftServerConfigKeys (ConfUtils.java:logGet(46)) - raft.server.watch.element-limit = 65536 (default)
2024-04-29 10:07:10,770 [023796c2-f42d-4d4c-8c53-1144d6bee25f@group-92FDC0F9B532-LeaderElection82] INFO  server.RaftServerConfigKeys (ConfUtils.java:logGet(46)) - raft.server.read.leader.lease.enabled = false (default)
2024-04-29 10:07:10,770 [023796c2-f42d-4d4c-8c53-1144d6bee25f@group-92FDC0F9B532-LeaderElection82] INFO  server.RaftServerConfigKeys (ConfUtils.java:logGet(46)) - raft.server.read.leader.lease.timeout.ratio = 0.9 (default)
2024-04-29 10:07:10,770 [023796c2-f42d-4d4c-8c53-1144d6bee25f@group-92FDC0F9B532-LeaderElection82] INFO  server.RaftServerConfigKeys (ConfUtils.java:logGet(46)) - raft.server.rpc.timeout.min = 5s (custom)
2024-04-29 10:07:10,770 [023796c2-f42d-4d4c-8c53-1144d6bee25f@group-92FDC0F9B532-LeaderElection82] INFO  server.RaftServerConfigKeys (ConfUtils.java:logGet(46)) - raft.server.write.element-limit = 1024 (custom)
2024-04-29 10:07:10,770 [023796c2-f42d-4d4c-8c53-1144d6bee25f@group-92FDC0F9B532-LeaderElection82] INFO  server.RaftServerConfigKeys (ConfUtils.java:logGet(46)) - raft.server.write.follower.gap.ratio.max = -1.0 (default)
2024-04-29 10:07:10,770 [023796c2-f42d-4d4c-8c53-1144d6bee25f@group-92FDC0F9B532-LeaderElection82] INFO  impl.RoleInfo (RoleInfo.java:updateAndGet(139)) - 023796c2-f42d-4d4c-8c53-1144d6bee25f: start 023796c2-f42d-4d4c-8c53-1144d6bee25f@group-92FDC0F9B532-LeaderStateImpl
2024-04-29 10:07:10,770 [023796c2-f42d-4d4c-8c53-1144d6bee25f@group-92FDC0F9B532-LeaderElection82] INFO  server.RaftServer$Division (RaftServerImpl.java:setFirstElection(574)) - 023796c2-f42d-4d4c-8c53-1144d6bee25f@group-92FDC0F9B532: set firstElectionSinceStartup to false for becomeLeader
2024-04-29 10:07:10,770 [023796c2-f42d-4d4c-8c53-1144d6bee25f@group-92FDC0F9B532-LeaderElection82] INFO  ratis.XceiverServerRatis (XceiverServerRatis.java:handleLeaderChangedNotification(966)) - Leader change notification received for group: group-92FDC0F9B532 with new leaderId: 023796c2-f42d-4d4c-8c53-1144d6bee25f
2024-04-29 10:07:10,770 [023796c2-f42d-4d4c-8c53-1144d6bee25f@group-92FDC0F9B532-LeaderElection82] INFO  server.RaftServer$Division (ServerState.java:setLeader(269)) - 023796c2-f42d-4d4c-8c53-1144d6bee25f@group-92FDC0F9B532: change Leader from null to 023796c2-f42d-4d4c-8c53-1144d6bee25f at term 1 for becomeLeader, leader elected after 5139ms
2024-04-29 10:07:10,771 [023796c2-f42d-4d4c-8c53-1144d6bee25f@group-92FDC0F9B532-LeaderElection82] INFO  segmented.SegmentedRaftLogWorker (SegmentedRaftLogWorker.java:startLogSegment(430)) - 023796c2-f42d-4d4c-8c53-1144d6bee25f@group-92FDC0F9B532-SegmentedRaftLogWorker: Starting segment from index:0
2024-04-29 10:07:10,771 [023796c2-f42d-4d4c-8c53-1144d6bee25f@group-92FDC0F9B532-LeaderElection82] INFO  server.RaftServer$Division (ServerState.java:setRaftConf(386)) - 023796c2-f42d-4d4c-8c53-1144d6bee25f@group-92FDC0F9B532: set configuration 0: peers:[023796c2-f42d-4d4c-8c53-1144d6bee25f|127.0.0.1:15477]|listeners:[], old=null
2024-04-29 10:07:10,771 [023796c2-f42d-4d4c-8c53-1144d6bee25f@group-92FDC0F9B532-SegmentedRaftLogWorker] INFO  segmented.BufferedWriteChannel (BufferedWriteChannel.java:open(62)) - open log_inprogress_0 at position 0
2024-04-29 10:07:10,779 [023796c2-f42d-4d4c-8c53-1144d6bee25f@group-92FDC0F9B532-SegmentedRaftLogWorker] INFO  segmented.SegmentedRaftLogWorker (SegmentedRaftLogWorker.java:execute(634)) - 023796c2-f42d-4d4c-8c53-1144d6bee25f@group-92FDC0F9B532-SegmentedRaftLogWorker: created new log segment /home/runner/work/ozone/ozone/hadoop-ozone/integration-test/target/test-dir/MiniOzoneClusterImpl-9e79b078-2218-4abd-b04c-a65fc7f927a6/ozone-meta/datanode-3/ratis/dec08726-ba3f-4d06-bdc3-92fdc0f9b532/current/log_inprogress_0
2024-04-29 10:07:10,781 [023796c2-f42d-4d4c-8c53-1144d6bee25f@group-92FDC0F9B532-StateMachineUpdater] INFO  server.RaftServer$Division (LeaderStateImpl.java:isApplied(320)) - leader is ready since appliedIndex == 0 >= startIndex == 0
2024-04-29 10:07:10,788 [7c1b7d40-21b8-4f63-a346-8b6e9b157cbc@group-441AB6A0D421-FollowerState] INFO  impl.FollowerState (FollowerState.java:run(143)) - 7c1b7d40-21b8-4f63-a346-8b6e9b157cbc@group-441AB6A0D421-FollowerState: change to CANDIDATE, lastRpcElapsedTime:5068385429ns, electionTimeout:5068ms
2024-04-29 10:07:10,788 [7c1b7d40-21b8-4f63-a346-8b6e9b157cbc@group-441AB6A0D421-FollowerState] INFO  impl.RoleInfo (RoleInfo.java:shutdownFollowerState(110)) - 7c1b7d40-21b8-4f63-a346-8b6e9b157cbc: shutdown 7c1b7d40-21b8-4f63-a346-8b6e9b157cbc@group-441AB6A0D421-FollowerState
2024-04-29 10:07:10,788 [7c1b7d40-21b8-4f63-a346-8b6e9b157cbc@group-441AB6A0D421-FollowerState] INFO  server.RaftServer$Division (RaftServerImpl.java:setRole(383)) - 7c1b7d40-21b8-4f63-a346-8b6e9b157cbc@group-441AB6A0D421: changes role from  FOLLOWER to CANDIDATE at term 0 for changeToCandidate
2024-04-29 10:07:10,788 [7c1b7d40-21b8-4f63-a346-8b6e9b157cbc@group-441AB6A0D421-FollowerState] INFO  server.RaftServerConfigKeys (ConfUtils.java:logGet(46)) - raft.server.leaderelection.pre-vote = true (default)
2024-04-29 10:07:10,788 [7c1b7d40-21b8-4f63-a346-8b6e9b157cbc@group-441AB6A0D421-FollowerState] INFO  impl.RoleInfo (RoleInfo.java:updateAndGet(139)) - 7c1b7d40-21b8-4f63-a346-8b6e9b157cbc: start 7c1b7d40-21b8-4f63-a346-8b6e9b157cbc@group-441AB6A0D421-LeaderElection83
2024-04-29 10:07:10,788 [7c1b7d40-21b8-4f63-a346-8b6e9b157cbc@group-441AB6A0D421-LeaderElection83] INFO  impl.LeaderElection (LeaderElection.java:askForVotes(321)) - 7c1b7d40-21b8-4f63-a346-8b6e9b157cbc@group-441AB6A0D421-LeaderElection83 PRE_VOTE round 0: submit vote requests at term 0 for -1: peers:[05a782ff-e365-47f1-b590-80dc8e3c2105|127.0.0.1:15495, 7c1b7d40-21b8-4f63-a346-8b6e9b157cbc|127.0.0.1:15504, 98bce0f1-b1ff-4756-b9de-e813dc1af0d3|127.0.0.1:15486]|listeners:[], old=null
2024-04-29 10:07:10,788 [7c1b7d40-21b8-4f63-a346-8b6e9b157cbc@group-441AB6A0D421-LeaderElection83-1] INFO  server.GrpcServerProtocolClient (GrpcServerProtocolClient.java:<init>(65)) - Build channel for 05a782ff-e365-47f1-b590-80dc8e3c2105|127.0.0.1:15495
2024-04-29 10:07:10,788 [7c1b7d40-21b8-4f63-a346-8b6e9b157cbc@group-441AB6A0D421-LeaderElection83-2] INFO  server.GrpcServerProtocolClient (GrpcServerProtocolClient.java:<init>(65)) - Build channel for 98bce0f1-b1ff-4756-b9de-e813dc1af0d3|127.0.0.1:15486
2024-04-29 10:07:10,788 [7c1b7d40-21b8-4f63-a346-8b6e9b157cbc@group-441AB6A0D421-LeaderElection83] INFO  server.RaftServerConfigKeys (ConfUtils.java:logFallback(53)) - raft.server.rpc.first-election.timeout.min = 5s (fallback to raft.server.rpc.timeout.min)
2024-04-29 10:07:10,788 [7c1b7d40-21b8-4f63-a346-8b6e9b157cbc@group-441AB6A0D421-LeaderElection83] INFO  server.RaftServerConfigKeys (ConfUtils.java:logFallback(53)) - raft.server.rpc.first-election.timeout.max = 5200ms (fallback to raft.server.rpc.timeout.max)
2024-04-29 10:07:10,788 [98bce0f1-b1ff-4756-b9de-e813dc1af0d3@group-441AB6A0D421-FollowerState] INFO  impl.FollowerState (FollowerState.java:run(143)) - 98bce0f1-b1ff-4756-b9de-e813dc1af0d3@group-441AB6A0D421-FollowerState: change to CANDIDATE, lastRpcElapsedTime:5082870091ns, electionTimeout:5082ms
2024-04-29 10:07:10,788 [98bce0f1-b1ff-4756-b9de-e813dc1af0d3@group-441AB6A0D421-FollowerState] INFO  impl.RoleInfo (RoleInfo.java:shutdownFollowerState(110)) - 98bce0f1-b1ff-4756-b9de-e813dc1af0d3: shutdown 98bce0f1-b1ff-4756-b9de-e813dc1af0d3@group-441AB6A0D421-FollowerState
2024-04-29 10:07:10,789 [98bce0f1-b1ff-4756-b9de-e813dc1af0d3@group-441AB6A0D421-FollowerState] INFO  server.RaftServer$Division (RaftServerImpl.java:setRole(383)) - 98bce0f1-b1ff-4756-b9de-e813dc1af0d3@group-441AB6A0D421: changes role from  FOLLOWER to CANDIDATE at term 0 for changeToCandidate
2024-04-29 10:07:10,789 [98bce0f1-b1ff-4756-b9de-e813dc1af0d3@group-441AB6A0D421-FollowerState] INFO  server.RaftServerConfigKeys (ConfUtils.java:logGet(46)) - raft.server.leaderelection.pre-vote = true (default)
2024-04-29 10:07:10,789 [98bce0f1-b1ff-4756-b9de-e813dc1af0d3@group-441AB6A0D421-FollowerState] INFO  impl.RoleInfo (RoleInfo.java:updateAndGet(139)) - 98bce0f1-b1ff-4756-b9de-e813dc1af0d3: start 98bce0f1-b1ff-4756-b9de-e813dc1af0d3@group-441AB6A0D421-LeaderElection84
2024-04-29 10:07:10,789 [98bce0f1-b1ff-4756-b9de-e813dc1af0d3@group-441AB6A0D421-LeaderElection84] INFO  impl.LeaderElection (LeaderElection.java:askForVotes(321)) - 98bce0f1-b1ff-4756-b9de-e813dc1af0d3@group-441AB6A0D421-LeaderElection84 PRE_VOTE round 0: submit vote requests at term 0 for -1: peers:[05a782ff-e365-47f1-b590-80dc8e3c2105|127.0.0.1:15495, 7c1b7d40-21b8-4f63-a346-8b6e9b157cbc|127.0.0.1:15504, 98bce0f1-b1ff-4756-b9de-e813dc1af0d3|127.0.0.1:15486]|listeners:[], old=null
2024-04-29 10:07:10,789 [98bce0f1-b1ff-4756-b9de-e813dc1af0d3@group-441AB6A0D421-LeaderElection84-1] INFO  server.GrpcServerProtocolClient (GrpcServerProtocolClient.java:<init>(65)) - Build channel for 05a782ff-e365-47f1-b590-80dc8e3c2105|127.0.0.1:15495
2024-04-29 10:07:10,789 [98bce0f1-b1ff-4756-b9de-e813dc1af0d3@group-441AB6A0D421-LeaderElection84] INFO  server.RaftServerConfigKeys (ConfUtils.java:logFallback(53)) - raft.server.rpc.first-election.timeout.min = 5s (fallback to raft.server.rpc.timeout.min)
2024-04-29 10:07:10,789 [98bce0f1-b1ff-4756-b9de-e813dc1af0d3@group-441AB6A0D421-LeaderElection84] INFO  server.RaftServerConfigKeys (ConfUtils.java:logFallback(53)) - raft.server.rpc.first-election.timeout.max = 5200ms (fallback to raft.server.rpc.timeout.max)
2024-04-29 10:07:10,790 [98bce0f1-b1ff-4756-b9de-e813dc1af0d3@group-441AB6A0D421-LeaderElection84-2] INFO  server.GrpcServerProtocolClient (GrpcServerProtocolClient.java:<init>(65)) - Build channel for 7c1b7d40-21b8-4f63-a346-8b6e9b157cbc|127.0.0.1:15504
2024-04-29 10:07:10,793 [grpc-default-executor-7] INFO  server.RaftServer$Division (RaftServerImpl.java:requestVote(1389)) - 05a782ff-e365-47f1-b590-80dc8e3c2105@group-441AB6A0D421: receive requestVote(PRE_VOTE, 98bce0f1-b1ff-4756-b9de-e813dc1af0d3, group-441AB6A0D421, 0, (t:0, i:0))
2024-04-29 10:07:10,793 [grpc-default-executor-7] INFO  impl.VoteContext (VoteContext.java:log(49)) - 05a782ff-e365-47f1-b590-80dc8e3c2105@group-441AB6A0D421-FOLLOWER: accept PRE_VOTE from 98bce0f1-b1ff-4756-b9de-e813dc1af0d3: our priority 0 <= candidate's priority 1
2024-04-29 10:07:10,793 [grpc-default-executor-7] INFO  server.RaftServer$Division (RaftServerImpl.java:requestVote(1422)) - 05a782ff-e365-47f1-b590-80dc8e3c2105@group-441AB6A0D421 replies to PRE_VOTE vote request: 98bce0f1-b1ff-4756-b9de-e813dc1af0d3<-05a782ff-e365-47f1-b590-80dc8e3c2105#0:OK-t0. Peer's state: 05a782ff-e365-47f1-b590-80dc8e3c2105@group-441AB6A0D421:t0, leader=null, voted=, raftlog=Memoized:05a782ff-e365-47f1-b590-80dc8e3c2105@group-441AB6A0D421-SegmentedRaftLog:OPENED:c-1, conf=-1: peers:[05a782ff-e365-47f1-b590-80dc8e3c2105|127.0.0.1:15495, 7c1b7d40-21b8-4f63-a346-8b6e9b157cbc|127.0.0.1:15504, 98bce0f1-b1ff-4756-b9de-e813dc1af0d3|127.0.0.1:15486]|listeners:[], old=null
2024-04-29 10:07:10,793 [grpc-default-executor-2] INFO  server.RaftServer$Division (RaftServerImpl.java:requestVote(1389)) - 98bce0f1-b1ff-4756-b9de-e813dc1af0d3@group-441AB6A0D421: receive requestVote(PRE_VOTE, 7c1b7d40-21b8-4f63-a346-8b6e9b157cbc, group-441AB6A0D421, 0, (t:0, i:0))
2024-04-29 10:07:10,793 [grpc-default-executor-2] INFO  impl.VoteContext (VoteContext.java:log(49)) - 98bce0f1-b1ff-4756-b9de-e813dc1af0d3@group-441AB6A0D421-CANDIDATE: reject PRE_VOTE from 7c1b7d40-21b8-4f63-a346-8b6e9b157cbc: our priority 1 > candidate's priority 0
2024-04-29 10:07:10,794 [grpc-default-executor-2] INFO  server.RaftServer$Division (RaftServerImpl.java:requestVote(1422)) - 98bce0f1-b1ff-4756-b9de-e813dc1af0d3@group-441AB6A0D421 replies to PRE_VOTE vote request: 7c1b7d40-21b8-4f63-a346-8b6e9b157cbc<-98bce0f1-b1ff-4756-b9de-e813dc1af0d3#0:FAIL-t0. Peer's state: 98bce0f1-b1ff-4756-b9de-e813dc1af0d3@group-441AB6A0D421:t0, leader=null, voted=, raftlog=Memoized:98bce0f1-b1ff-4756-b9de-e813dc1af0d3@group-441AB6A0D421-SegmentedRaftLog:OPENED:c-1, conf=-1: peers:[05a782ff-e365-47f1-b590-80dc8e3c2105|127.0.0.1:15495, 7c1b7d40-21b8-4f63-a346-8b6e9b157cbc|127.0.0.1:15504, 98bce0f1-b1ff-4756-b9de-e813dc1af0d3|127.0.0.1:15486]|listeners:[], old=null
2024-04-29 10:07:10,794 [7c1b7d40-21b8-4f63-a346-8b6e9b157cbc@group-441AB6A0D421-LeaderElection83] INFO  impl.LeaderElection (LeaderElection.java:logAndReturn(89)) - 7c1b7d40-21b8-4f63-a346-8b6e9b157cbc@group-441AB6A0D421-LeaderElection83: PRE_VOTE REJECTED received 1 response(s) and 0 exception(s):
2024-04-29 10:07:10,794 [7c1b7d40-21b8-4f63-a346-8b6e9b157cbc@group-441AB6A0D421-LeaderElection83] INFO  impl.LeaderElection (LeaderElection.java:logAndReturn(93)) -   Response 0: 7c1b7d40-21b8-4f63-a346-8b6e9b157cbc<-98bce0f1-b1ff-4756-b9de-e813dc1af0d3#0:FAIL-t0
2024-04-29 10:07:10,794 [7c1b7d40-21b8-4f63-a346-8b6e9b157cbc@group-441AB6A0D421-LeaderElection83] INFO  impl.LeaderElection (LeaderElection.java:askForVotes(323)) - 7c1b7d40-21b8-4f63-a346-8b6e9b157cbc@group-441AB6A0D421-LeaderElection83 PRE_VOTE round 0: result REJECTED
2024-04-29 10:07:10,794 [7c1b7d40-21b8-4f63-a346-8b6e9b157cbc@group-441AB6A0D421-LeaderElection83] INFO  server.RaftServer$Division (RaftServerImpl.java:setRole(383)) - 7c1b7d40-21b8-4f63-a346-8b6e9b157cbc@group-441AB6A0D421: changes role from CANDIDATE to FOLLOWER at term 0 for REJECTED
2024-04-29 10:07:10,794 [7c1b7d40-21b8-4f63-a346-8b6e9b157cbc@group-441AB6A0D421-LeaderElection83] INFO  impl.RoleInfo (RoleInfo.java:shutdownLeaderElection(130)) - 7c1b7d40-21b8-4f63-a346-8b6e9b157cbc: shutdown 7c1b7d40-21b8-4f63-a346-8b6e9b157cbc@group-441AB6A0D421-LeaderElection83
2024-04-29 10:07:10,794 [7c1b7d40-21b8-4f63-a346-8b6e9b157cbc@group-441AB6A0D421-LeaderElection83] INFO  impl.RoleInfo (RoleInfo.java:updateAndGet(139)) - 7c1b7d40-21b8-4f63-a346-8b6e9b157cbc: start 7c1b7d40-21b8-4f63-a346-8b6e9b157cbc@group-441AB6A0D421-FollowerState
2024-04-29 10:07:10,794 [7c1b7d40-21b8-4f63-a346-8b6e9b157cbc@group-441AB6A0D421-LeaderElection83] INFO  server.RaftServer$Division (RaftServerImpl.java:setFirstElection(574)) - 7c1b7d40-21b8-4f63-a346-8b6e9b157cbc@group-441AB6A0D421: set firstElectionSinceStartup to false for REJECTED
2024-04-29 10:07:10,795 [98bce0f1-b1ff-4756-b9de-e813dc1af0d3@group-441AB6A0D421-LeaderElection84] INFO  impl.LeaderElection (LeaderElection.java:logAndReturn(89)) - 98bce0f1-b1ff-4756-b9de-e813dc1af0d3@group-441AB6A0D421-LeaderElection84: PRE_VOTE PASSED received 1 response(s) and 0 exception(s):
2024-04-29 10:07:10,795 [98bce0f1-b1ff-4756-b9de-e813dc1af0d3@group-441AB6A0D421-LeaderElection84] INFO  impl.LeaderElection (LeaderElection.java:logAndReturn(93)) -   Response 0: 98bce0f1-b1ff-4756-b9de-e813dc1af0d3<-05a782ff-e365-47f1-b590-80dc8e3c2105#0:OK-t0
2024-04-29 10:07:10,795 [98bce0f1-b1ff-4756-b9de-e813dc1af0d3@group-441AB6A0D421-LeaderElection84] INFO  impl.LeaderElection (LeaderElection.java:askForVotes(323)) - 98bce0f1-b1ff-4756-b9de-e813dc1af0d3@group-441AB6A0D421-LeaderElection84 PRE_VOTE round 0: result PASSED
2024-04-29 10:07:10,796 [98bce0f1-b1ff-4756-b9de-e813dc1af0d3@group-441AB6A0D421-LeaderElection84] INFO  impl.LeaderElection (LeaderElection.java:askForVotes(321)) - 98bce0f1-b1ff-4756-b9de-e813dc1af0d3@group-441AB6A0D421-LeaderElection84 ELECTION round 0: submit vote requests at term 1 for -1: peers:[05a782ff-e365-47f1-b590-80dc8e3c2105|127.0.0.1:15495, 7c1b7d40-21b8-4f63-a346-8b6e9b157cbc|127.0.0.1:15504, 98bce0f1-b1ff-4756-b9de-e813dc1af0d3|127.0.0.1:15486]|listeners:[], old=null
2024-04-29 10:07:10,796 [98bce0f1-b1ff-4756-b9de-e813dc1af0d3@group-441AB6A0D421-LeaderElection84] INFO  server.RaftServerConfigKeys (ConfUtils.java:logFallback(53)) - raft.server.rpc.first-election.timeout.min = 5s (fallback to raft.server.rpc.timeout.min)
2024-04-29 10:07:10,797 [98bce0f1-b1ff-4756-b9de-e813dc1af0d3@group-441AB6A0D421-LeaderElection84] INFO  server.RaftServerConfigKeys (ConfUtils.java:logFallback(53)) - raft.server.rpc.first-election.timeout.max = 5200ms (fallback to raft.server.rpc.timeout.max)
2024-04-29 10:07:10,797 [grpc-default-executor-2] INFO  server.RaftServer$Division (RaftServerImpl.java:requestVote(1389)) - 05a782ff-e365-47f1-b590-80dc8e3c2105@group-441AB6A0D421: receive requestVote(ELECTION, 98bce0f1-b1ff-4756-b9de-e813dc1af0d3, group-441AB6A0D421, 1, (t:0, i:0))
2024-04-29 10:07:10,797 [grpc-default-executor-2] INFO  impl.VoteContext (VoteContext.java:log(49)) - 05a782ff-e365-47f1-b590-80dc8e3c2105@group-441AB6A0D421-FOLLOWER: accept ELECTION from 98bce0f1-b1ff-4756-b9de-e813dc1af0d3: our priority 0 <= candidate's priority 1
2024-04-29 10:07:10,797 [grpc-default-executor-2] INFO  server.RaftServer$Division (RaftServerImpl.java:setRole(383)) - 05a782ff-e365-47f1-b590-80dc8e3c2105@group-441AB6A0D421: changes role from  FOLLOWER to FOLLOWER at term 1 for candidate:98bce0f1-b1ff-4756-b9de-e813dc1af0d3
2024-04-29 10:07:10,797 [grpc-default-executor-2] INFO  impl.RoleInfo (RoleInfo.java:shutdownFollowerState(110)) - 05a782ff-e365-47f1-b590-80dc8e3c2105: shutdown 05a782ff-e365-47f1-b590-80dc8e3c2105@group-441AB6A0D421-FollowerState
2024-04-29 10:07:10,797 [grpc-default-executor-2] INFO  impl.RoleInfo (RoleInfo.java:updateAndGet(139)) - 05a782ff-e365-47f1-b590-80dc8e3c2105: start 05a782ff-e365-47f1-b590-80dc8e3c2105@group-441AB6A0D421-FollowerState
2024-04-29 10:07:10,798 [grpc-default-executor-2] INFO  server.RaftServer$Division (RaftServerImpl.java:setFirstElection(574)) - 05a782ff-e365-47f1-b590-80dc8e3c2105@group-441AB6A0D421: set firstElectionSinceStartup to false for candidate:98bce0f1-b1ff-4756-b9de-e813dc1af0d3
2024-04-29 10:07:10,798 [grpc-default-executor-1] INFO  server.RaftServer$Division (RaftServerImpl.java:requestVote(1389)) - 7c1b7d40-21b8-4f63-a346-8b6e9b157cbc@group-441AB6A0D421: receive requestVote(PRE_VOTE, 98bce0f1-b1ff-4756-b9de-e813dc1af0d3, group-441AB6A0D421, 0, (t:0, i:0))
2024-04-29 10:07:10,798 [grpc-default-executor-7] INFO  server.RaftServer$Division (RaftServerImpl.java:requestVote(1389)) - 7c1b7d40-21b8-4f63-a346-8b6e9b157cbc@group-441AB6A0D421: receive requestVote(ELECTION, 98bce0f1-b1ff-4756-b9de-e813dc1af0d3, group-441AB6A0D421, 1, (t:0, i:0))
2024-04-29 10:07:10,798 [grpc-default-executor-1] INFO  impl.VoteContext (VoteContext.java:log(49)) - 7c1b7d40-21b8-4f63-a346-8b6e9b157cbc@group-441AB6A0D421-FOLLOWER: accept PRE_VOTE from 98bce0f1-b1ff-4756-b9de-e813dc1af0d3: our priority 0 <= candidate's priority 1
2024-04-29 10:07:10,798 [grpc-default-executor-1] INFO  server.RaftServer$Division (RaftServerImpl.java:requestVote(1422)) - 7c1b7d40-21b8-4f63-a346-8b6e9b157cbc@group-441AB6A0D421 replies to PRE_VOTE vote request: 98bce0f1-b1ff-4756-b9de-e813dc1af0d3<-7c1b7d40-21b8-4f63-a346-8b6e9b157cbc#0:OK-t0. Peer's state: 7c1b7d40-21b8-4f63-a346-8b6e9b157cbc@group-441AB6A0D421:t0, leader=null, voted=, raftlog=Memoized:7c1b7d40-21b8-4f63-a346-8b6e9b157cbc@group-441AB6A0D421-SegmentedRaftLog:OPENED:c-1, conf=-1: peers:[05a782ff-e365-47f1-b590-80dc8e3c2105|127.0.0.1:15495, 7c1b7d40-21b8-4f63-a346-8b6e9b157cbc|127.0.0.1:15504, 98bce0f1-b1ff-4756-b9de-e813dc1af0d3|127.0.0.1:15486]|listeners:[], old=null
2024-04-29 10:07:10,798 [grpc-default-executor-7] INFO  impl.VoteContext (VoteContext.java:log(49)) - 7c1b7d40-21b8-4f63-a346-8b6e9b157cbc@group-441AB6A0D421-FOLLOWER: accept ELECTION from 98bce0f1-b1ff-4756-b9de-e813dc1af0d3: our priority 0 <= candidate's priority 1
2024-04-29 10:07:10,798 [grpc-default-executor-7] INFO  server.RaftServer$Division (RaftServerImpl.java:setRole(383)) - 7c1b7d40-21b8-4f63-a346-8b6e9b157cbc@group-441AB6A0D421: changes role from  FOLLOWER to FOLLOWER at term 1 for candidate:98bce0f1-b1ff-4756-b9de-e813dc1af0d3
2024-04-29 10:07:10,798 [grpc-default-executor-7] INFO  impl.RoleInfo (RoleInfo.java:shutdownFollowerState(110)) - 7c1b7d40-21b8-4f63-a346-8b6e9b157cbc: shutdown 7c1b7d40-21b8-4f63-a346-8b6e9b157cbc@group-441AB6A0D421-FollowerState
2024-04-29 10:07:10,798 [grpc-default-executor-7] INFO  impl.RoleInfo (RoleInfo.java:updateAndGet(139)) - 7c1b7d40-21b8-4f63-a346-8b6e9b157cbc: start 7c1b7d40-21b8-4f63-a346-8b6e9b157cbc@group-441AB6A0D421-FollowerState
2024-04-29 10:07:10,798 [7c1b7d40-21b8-4f63-a346-8b6e9b157cbc@group-441AB6A0D421-FollowerState] INFO  impl.FollowerState (FollowerState.java:run(152)) - 7c1b7d40-21b8-4f63-a346-8b6e9b157cbc@group-441AB6A0D421-FollowerState was interrupted
2024-04-29 10:07:10,799 [grpc-default-executor-2] INFO  server.RaftServer$Division (RaftServerImpl.java:requestVote(1422)) - 05a782ff-e365-47f1-b590-80dc8e3c2105@group-441AB6A0D421 replies to ELECTION vote request: 98bce0f1-b1ff-4756-b9de-e813dc1af0d3<-05a782ff-e365-47f1-b590-80dc8e3c2105#0:OK-t1. Peer's state: 05a782ff-e365-47f1-b590-80dc8e3c2105@group-441AB6A0D421:t1, leader=null, voted=98bce0f1-b1ff-4756-b9de-e813dc1af0d3, raftlog=Memoized:05a782ff-e365-47f1-b590-80dc8e3c2105@group-441AB6A0D421-SegmentedRaftLog:OPENED:c-1, conf=-1: peers:[05a782ff-e365-47f1-b590-80dc8e3c2105|127.0.0.1:15495, 7c1b7d40-21b8-4f63-a346-8b6e9b157cbc|127.0.0.1:15504, 98bce0f1-b1ff-4756-b9de-e813dc1af0d3|127.0.0.1:15486]|listeners:[], old=null
2024-04-29 10:07:10,799 [98bce0f1-b1ff-4756-b9de-e813dc1af0d3@group-441AB6A0D421-LeaderElection84] INFO  impl.LeaderElection (LeaderElection.java:logAndReturn(89)) - 98bce0f1-b1ff-4756-b9de-e813dc1af0d3@group-441AB6A0D421-LeaderElection84: ELECTION PASSED received 1 response(s) and 0 exception(s):
2024-04-29 10:07:10,799 [98bce0f1-b1ff-4756-b9de-e813dc1af0d3@group-441AB6A0D421-LeaderElection84] INFO  impl.LeaderElection (LeaderElection.java:logAndReturn(93)) -   Response 0: 98bce0f1-b1ff-4756-b9de-e813dc1af0d3<-05a782ff-e365-47f1-b590-80dc8e3c2105#0:OK-t1
2024-04-29 10:07:10,799 [98bce0f1-b1ff-4756-b9de-e813dc1af0d3@group-441AB6A0D421-LeaderElection84] INFO  impl.LeaderElection (LeaderElection.java:askForVotes(323)) - 98bce0f1-b1ff-4756-b9de-e813dc1af0d3@group-441AB6A0D421-LeaderElection84 ELECTION round 0: result PASSED
2024-04-29 10:07:10,799 [98bce0f1-b1ff-4756-b9de-e813dc1af0d3@group-441AB6A0D421-LeaderElection84] INFO  impl.RoleInfo (RoleInfo.java:shutdownLeaderElection(130)) - 98bce0f1-b1ff-4756-b9de-e813dc1af0d3: shutdown 98bce0f1-b1ff-4756-b9de-e813dc1af0d3@group-441AB6A0D421-LeaderElection84
2024-04-29 10:07:10,799 [98bce0f1-b1ff-4756-b9de-e813dc1af0d3@group-441AB6A0D421-LeaderElection84] INFO  server.RaftServer$Division (RaftServerImpl.java:setRole(383)) - 98bce0f1-b1ff-4756-b9de-e813dc1af0d3@group-441AB6A0D421: changes role from CANDIDATE to LEADER at term 1 for changeToLeader
2024-04-29 10:07:10,800 [98bce0f1-b1ff-4756-b9de-e813dc1af0d3@group-441AB6A0D421-LeaderElection84] INFO  server.RaftServerConfigKeys (ConfUtils.java:logGet(46)) - raft.server.staging.catchup.gap = 1000 (default)
2024-04-29 10:07:10,800 [98bce0f1-b1ff-4756-b9de-e813dc1af0d3@group-441AB6A0D421-LeaderElection84] INFO  server.RaftServerConfigKeys (ConfUtils.java:logGet(46)) - raft.server.write.element-limit = 1024 (custom)
2024-04-29 10:07:10,800 [98bce0f1-b1ff-4756-b9de-e813dc1af0d3@group-441AB6A0D421-LeaderElection84] INFO  server.RaftServerConfigKeys (ConfUtils.java:logGet(46)) - raft.server.write.byte-limit = 1024 M (=1073741824) (custom)
2024-04-29 10:07:10,800 [98bce0f1-b1ff-4756-b9de-e813dc1af0d3@group-441AB6A0D421-LeaderElection84] INFO  server.RaftServerConfigKeys (ConfUtils.java:logGet(46)) - raft.server.watch.timeout = 3000ms (custom)
2024-04-29 10:07:10,800 [98bce0f1-b1ff-4756-b9de-e813dc1af0d3@group-441AB6A0D421-LeaderElection84] INFO  server.RaftServerConfigKeys (ConfUtils.java:logGet(46)) - raft.server.watch.timeout.denomination = 1s (default)
2024-04-29 10:07:10,800 [98bce0f1-b1ff-4756-b9de-e813dc1af0d3@group-441AB6A0D421-LeaderElection84] INFO  server.RaftServerConfigKeys (ConfUtils.java:logGet(46)) - raft.server.watch.element-limit = 65536 (default)
2024-04-29 10:07:10,800 [98bce0f1-b1ff-4756-b9de-e813dc1af0d3@group-441AB6A0D421-LeaderElection84] INFO  server.RaftServerConfigKeys (ConfUtils.java:logGet(46)) - raft.server.read.leader.lease.enabled = false (default)
2024-04-29 10:07:10,800 [98bce0f1-b1ff-4756-b9de-e813dc1af0d3@group-441AB6A0D421-LeaderElection84] INFO  server.RaftServerConfigKeys (ConfUtils.java:logGet(46)) - raft.server.read.leader.lease.timeout.ratio = 0.9 (default)
2024-04-29 10:07:10,800 [98bce0f1-b1ff-4756-b9de-e813dc1af0d3@group-441AB6A0D421-LeaderElection84] INFO  server.RaftServerConfigKeys (ConfUtils.java:logGet(46)) - raft.server.rpc.timeout.min = 5s (custom)
2024-04-29 10:07:10,800 [98bce0f1-b1ff-4756-b9de-e813dc1af0d3@group-441AB6A0D421-LeaderElection84] INFO  server.RaftServerConfigKeys (ConfUtils.java:logGet(46)) - raft.server.write.element-limit = 1024 (custom)
2024-04-29 10:07:10,800 [98bce0f1-b1ff-4756-b9de-e813dc1af0d3@group-441AB6A0D421-LeaderElection84] INFO  server.RaftServerConfigKeys (ConfUtils.java:logGet(46)) - raft.server.write.follower.gap.ratio.max = -1.0 (default)
2024-04-29 10:07:10,801 [98bce0f1-b1ff-4756-b9de-e813dc1af0d3@group-441AB6A0D421-LeaderElection84] INFO  server.RaftServerConfigKeys (ConfUtils.java:logGet(46)) - raft.server.log.appender.snapshot.chunk.size.max = 16MB (=16777216) (default)
2024-04-29 10:07:10,801 [98bce0f1-b1ff-4756-b9de-e813dc1af0d3@group-441AB6A0D421-LeaderElection84] INFO  server.RaftServerConfigKeys (ConfUtils.java:logGet(46)) - raft.server.log.appender.buffer.byte-limit = 8388608 (custom)
2024-04-29 10:07:10,801 [98bce0f1-b1ff-4756-b9de-e813dc1af0d3@group-441AB6A0D421-LeaderElection84] INFO  server.RaftServerConfigKeys (ConfUtils.java:logGet(46)) - raft.server.log.appender.buffer.element-limit = 1 (custom)
2024-04-29 10:07:10,801 [98bce0f1-b1ff-4756-b9de-e813dc1af0d3@group-441AB6A0D421-LeaderElection84] INFO  server.RaftServerConfigKeys (ConfUtils.java:logGet(46)) - raft.server.log.appender.wait-time.min = 0ms (custom)
2024-04-29 10:07:10,801 [98bce0f1-b1ff-4756-b9de-e813dc1af0d3@group-441AB6A0D421-LeaderElection84] INFO  grpc.GrpcConfigKeys (ConfUtils.java:logGet(46)) - raft.grpc.server.leader.outstanding.appends.max = 8 (default)
2024-04-29 10:07:10,801 [98bce0f1-b1ff-4756-b9de-e813dc1af0d3@group-441AB6A0D421-LeaderElection84] INFO  server.RaftServerConfigKeys (ConfUtils.java:logGet(46)) - raft.server.rpc.request.timeout = 3000ms (default)
2024-04-29 10:07:10,801 [98bce0f1-b1ff-4756-b9de-e813dc1af0d3@group-441AB6A0D421-LeaderElection84] INFO  grpc.GrpcConfigKeys (ConfUtils.java:logGet(46)) - raft.grpc.server.install_snapshot.request.element-limit = 8 (default)
2024-04-29 10:07:10,801 [98bce0f1-b1ff-4756-b9de-e813dc1af0d3@group-441AB6A0D421-LeaderElection84] INFO  grpc.GrpcConfigKeys (ConfUtils.java:logGet(46)) - raft.grpc.server.install_snapshot.request.timeout = 3000ms (default)
2024-04-29 10:07:10,801 [98bce0f1-b1ff-4756-b9de-e813dc1af0d3@group-441AB6A0D421-LeaderElection84] INFO  grpc.GrpcConfigKeys (ConfUtils.java:logGet(46)) - raft.grpc.server.log-message.batch.duration = 5s (default)
2024-04-29 10:07:10,801 [98bce0f1-b1ff-4756-b9de-e813dc1af0d3@group-441AB6A0D421-LeaderElection84] INFO  server.RaftServerConfigKeys (ConfUtils.java:logGet(46)) - raft.server.log.appender.install.snapshot.enabled = false (custom)
2024-04-29 10:07:10,801 [98bce0f1-b1ff-4756-b9de-e813dc1af0d3@group-441AB6A0D421-LeaderElection84] INFO  grpc.GrpcConfigKeys (ConfUtils.java:logGet(46)) - raft.grpc.server.heartbeat.channel = true (default)
2024-04-29 10:07:10,801 [05a782ff-e365-47f1-b590-80dc8e3c2105@group-441AB6A0D421-FollowerState] INFO  impl.FollowerState (FollowerState.java:run(152)) - 05a782ff-e365-47f1-b590-80dc8e3c2105@group-441AB6A0D421-FollowerState was interrupted
2024-04-29 10:07:10,802 [grpc-default-executor-4] INFO  server.RaftServer$Division (RaftServerImpl.java:requestVote(1389)) - 05a782ff-e365-47f1-b590-80dc8e3c2105@group-441AB6A0D421: receive requestVote(PRE_VOTE, 7c1b7d40-21b8-4f63-a346-8b6e9b157cbc, group-441AB6A0D421, 0, (t:0, i:0))
2024-04-29 10:07:10,802 [grpc-default-executor-4] INFO  impl.VoteContext (VoteContext.java:log(49)) - 05a782ff-e365-47f1-b590-80dc8e3c2105@group-441AB6A0D421-FOLLOWER: accept PRE_VOTE from 7c1b7d40-21b8-4f63-a346-8b6e9b157cbc: our priority 0 <= candidate's priority 0
2024-04-29 10:07:10,802 [grpc-default-executor-4] INFO  server.RaftServer$Division (RaftServerImpl.java:requestVote(1422)) - 05a782ff-e365-47f1-b590-80dc8e3c2105@group-441AB6A0D421 replies to PRE_VOTE vote request: 7c1b7d40-21b8-4f63-a346-8b6e9b157cbc<-05a782ff-e365-47f1-b590-80dc8e3c2105#0:OK-t1. Peer's state: 05a782ff-e365-47f1-b590-80dc8e3c2105@group-441AB6A0D421:t1, leader=null, voted=98bce0f1-b1ff-4756-b9de-e813dc1af0d3, raftlog=Memoized:05a782ff-e365-47f1-b590-80dc8e3c2105@group-441AB6A0D421-SegmentedRaftLog:OPENED:c-1, conf=-1: peers:[05a782ff-e365-47f1-b590-80dc8e3c2105|127.0.0.1:15495, 7c1b7d40-21b8-4f63-a346-8b6e9b157cbc|127.0.0.1:15504, 98bce0f1-b1ff-4756-b9de-e813dc1af0d3|127.0.0.1:15486]|listeners:[], old=null
2024-04-29 10:07:10,802 [98bce0f1-b1ff-4756-b9de-e813dc1af0d3@group-441AB6A0D421-LeaderElection84] INFO  server.RaftServerConfigKeys (ConfUtils.java:logGet(46)) - raft.server.log.appender.snapshot.chunk.size.max = 16MB (=16777216) (default)
2024-04-29 10:07:10,803 [98bce0f1-b1ff-4756-b9de-e813dc1af0d3@group-441AB6A0D421-LeaderElection84] INFO  server.RaftServerConfigKeys (ConfUtils.java:logGet(46)) - raft.server.log.appender.buffer.byte-limit = 8388608 (custom)
2024-04-29 10:07:10,803 [98bce0f1-b1ff-4756-b9de-e813dc1af0d3@group-441AB6A0D421-LeaderElection84] INFO  server.RaftServerConfigKeys (ConfUtils.java:logGet(46)) - raft.server.log.appender.buffer.element-limit = 1 (custom)
2024-04-29 10:07:10,803 [98bce0f1-b1ff-4756-b9de-e813dc1af0d3@group-441AB6A0D421-LeaderElection84] INFO  server.RaftServerConfigKeys (ConfUtils.java:logGet(46)) - raft.server.log.appender.wait-time.min = 0ms (custom)
2024-04-29 10:07:10,803 [98bce0f1-b1ff-4756-b9de-e813dc1af0d3@group-441AB6A0D421-LeaderElection84] INFO  grpc.GrpcConfigKeys (ConfUtils.java:logGet(46)) - raft.grpc.server.leader.outstanding.appends.max = 8 (default)
2024-04-29 10:07:10,803 [98bce0f1-b1ff-4756-b9de-e813dc1af0d3@group-441AB6A0D421-LeaderElection84] INFO  server.RaftServerConfigKeys (ConfUtils.java:logGet(46)) - raft.server.rpc.request.timeout = 3000ms (default)
2024-04-29 10:07:10,803 [98bce0f1-b1ff-4756-b9de-e813dc1af0d3@group-441AB6A0D421-LeaderElection84] INFO  grpc.GrpcConfigKeys (ConfUtils.java:logGet(46)) - raft.grpc.server.install_snapshot.request.element-limit = 8 (default)
2024-04-29 10:07:10,803 [98bce0f1-b1ff-4756-b9de-e813dc1af0d3@group-441AB6A0D421-LeaderElection84] INFO  grpc.GrpcConfigKeys (ConfUtils.java:logGet(46)) - raft.grpc.server.install_snapshot.request.timeout = 3000ms (default)
2024-04-29 10:07:10,803 [98bce0f1-b1ff-4756-b9de-e813dc1af0d3@group-441AB6A0D421-LeaderElection84] INFO  grpc.GrpcConfigKeys (ConfUtils.java:logGet(46)) - raft.grpc.server.log-message.batch.duration = 5s (default)
2024-04-29 10:07:10,803 [98bce0f1-b1ff-4756-b9de-e813dc1af0d3@group-441AB6A0D421-LeaderElection84] INFO  server.RaftServerConfigKeys (ConfUtils.java:logGet(46)) - raft.server.log.appender.install.snapshot.enabled = false (custom)
2024-04-29 10:07:10,803 [98bce0f1-b1ff-4756-b9de-e813dc1af0d3@group-441AB6A0D421-LeaderElection84] INFO  grpc.GrpcConfigKeys (ConfUtils.java:logGet(46)) - raft.grpc.server.heartbeat.channel = true (default)
2024-04-29 10:07:10,803 [98bce0f1-b1ff-4756-b9de-e813dc1af0d3@group-441AB6A0D421-LeaderElection84] INFO  impl.RoleInfo (RoleInfo.java:updateAndGet(139)) - 98bce0f1-b1ff-4756-b9de-e813dc1af0d3: start 98bce0f1-b1ff-4756-b9de-e813dc1af0d3@group-441AB6A0D421-LeaderStateImpl
2024-04-29 10:07:10,803 [98bce0f1-b1ff-4756-b9de-e813dc1af0d3@group-441AB6A0D421-LeaderElection84] INFO  server.RaftServer$Division (RaftServerImpl.java:setFirstElection(574)) - 98bce0f1-b1ff-4756-b9de-e813dc1af0d3@group-441AB6A0D421: set firstElectionSinceStartup to false for becomeLeader
2024-04-29 10:07:10,803 [98bce0f1-b1ff-4756-b9de-e813dc1af0d3@group-441AB6A0D421-LeaderElection84] INFO  ratis.XceiverServerRatis (XceiverServerRatis.java:handleLeaderChangedNotification(966)) - Leader change notification received for group: group-441AB6A0D421 with new leaderId: 98bce0f1-b1ff-4756-b9de-e813dc1af0d3
2024-04-29 10:07:10,803 [98bce0f1-b1ff-4756-b9de-e813dc1af0d3@group-441AB6A0D421-LeaderElection84] INFO  server.RaftServer$Division (ServerState.java:setLeader(269)) - 98bce0f1-b1ff-4756-b9de-e813dc1af0d3@group-441AB6A0D421: change Leader from null to 98bce0f1-b1ff-4756-b9de-e813dc1af0d3 at term 1 for becomeLeader, leader elected after 5106ms
2024-04-29 10:07:10,803 [98bce0f1-b1ff-4756-b9de-e813dc1af0d3@group-441AB6A0D421-LeaderElection84] INFO  segmented.SegmentedRaftLogWorker (SegmentedRaftLogWorker.java:startLogSegment(430)) - 98bce0f1-b1ff-4756-b9de-e813dc1af0d3@group-441AB6A0D421-SegmentedRaftLogWorker: Starting segment from index:0
2024-04-29 10:07:10,804 [98bce0f1-b1ff-4756-b9de-e813dc1af0d3@group-441AB6A0D421-LeaderElection84] INFO  server.RaftServer$Division (ServerState.java:setRaftConf(386)) - 98bce0f1-b1ff-4756-b9de-e813dc1af0d3@group-441AB6A0D421: set configuration 0: peers:[05a782ff-e365-47f1-b590-80dc8e3c2105|127.0.0.1:15495, 7c1b7d40-21b8-4f63-a346-8b6e9b157cbc|127.0.0.1:15504, 98bce0f1-b1ff-4756-b9de-e813dc1af0d3|127.0.0.1:15486]|listeners:[], old=null
2024-04-29 10:07:10,804 [98bce0f1-b1ff-4756-b9de-e813dc1af0d3@group-441AB6A0D421-SegmentedRaftLogWorker] INFO  segmented.BufferedWriteChannel (BufferedWriteChannel.java:open(62)) - open log_inprogress_0 at position 0
2024-04-29 10:07:10,804 [grpc-default-executor-7] INFO  server.RaftServer$Division (RaftServerImpl.java:requestVote(1422)) - 7c1b7d40-21b8-4f63-a346-8b6e9b157cbc@group-441AB6A0D421 replies to ELECTION vote request: 98bce0f1-b1ff-4756-b9de-e813dc1af0d3<-7c1b7d40-21b8-4f63-a346-8b6e9b157cbc#0:OK-t1. Peer's state: 7c1b7d40-21b8-4f63-a346-8b6e9b157cbc@group-441AB6A0D421:t1, leader=null, voted=98bce0f1-b1ff-4756-b9de-e813dc1af0d3, raftlog=Memoized:7c1b7d40-21b8-4f63-a346-8b6e9b157cbc@group-441AB6A0D421-SegmentedRaftLog:OPENED:c-1, conf=-1: peers:[05a782ff-e365-47f1-b590-80dc8e3c2105|127.0.0.1:15495, 7c1b7d40-21b8-4f63-a346-8b6e9b157cbc|127.0.0.1:15504, 98bce0f1-b1ff-4756-b9de-e813dc1af0d3|127.0.0.1:15486]|listeners:[], old=null
2024-04-29 10:07:10,804 [EventQueue-PipelineReportForPipelineReportHandler] INFO  pipeline.PipelineReportHandler (PipelineReportHandler.java:processPipelineReport(136)) - Opened pipeline PipelineID=e01ff82f-0497-4e07-ba82-441ab6a0d421
2024-04-29 10:07:10,810 [05a782ff-e365-47f1-b590-80dc8e3c2105-server-thread1] INFO  ratis.XceiverServerRatis (XceiverServerRatis.java:handleLeaderChangedNotification(966)) - Leader change notification received for group: group-441AB6A0D421 with new leaderId: 98bce0f1-b1ff-4756-b9de-e813dc1af0d3
2024-04-29 10:07:10,810 [05a782ff-e365-47f1-b590-80dc8e3c2105-server-thread1] INFO  server.RaftServer$Division (ServerState.java:setLeader(269)) - 05a782ff-e365-47f1-b590-80dc8e3c2105@group-441AB6A0D421: change Leader from null to 98bce0f1-b1ff-4756-b9de-e813dc1af0d3 at term 1 for appendEntries, leader elected after 5083ms
2024-04-29 10:07:10,811 [7c1b7d40-21b8-4f63-a346-8b6e9b157cbc-server-thread1] INFO  ratis.XceiverServerRatis (XceiverServerRatis.java:handleLeaderChangedNotification(966)) - Leader change notification received for group: group-441AB6A0D421 with new leaderId: 98bce0f1-b1ff-4756-b9de-e813dc1af0d3
2024-04-29 10:07:10,812 [7c1b7d40-21b8-4f63-a346-8b6e9b157cbc-server-thread1] INFO  server.RaftServer$Division (ServerState.java:setLeader(269)) - 7c1b7d40-21b8-4f63-a346-8b6e9b157cbc@group-441AB6A0D421: change Leader from null to 98bce0f1-b1ff-4756-b9de-e813dc1af0d3 at term 1 for appendEntries, leader elected after 5100ms
2024-04-29 10:07:10,812 [98bce0f1-b1ff-4756-b9de-e813dc1af0d3@group-441AB6A0D421-SegmentedRaftLogWorker] INFO  segmented.SegmentedRaftLogWorker (SegmentedRaftLogWorker.java:execute(634)) - 98bce0f1-b1ff-4756-b9de-e813dc1af0d3@group-441AB6A0D421-SegmentedRaftLogWorker: created new log segment /home/runner/work/ozone/ozone/hadoop-ozone/integration-test/target/test-dir/MiniOzoneClusterImpl-9e79b078-2218-4abd-b04c-a65fc7f927a6/ozone-meta/datanode-4/ratis/e01ff82f-0497-4e07-ba82-441ab6a0d421/current/log_inprogress_0
2024-04-29 10:07:10,813 [7c1b7d40-21b8-4f63-a346-8b6e9b157cbc-server-thread2] INFO  server.RaftServer$Division (ServerState.java:setRaftConf(386)) - 7c1b7d40-21b8-4f63-a346-8b6e9b157cbc@group-441AB6A0D421: set configuration 0: peers:[05a782ff-e365-47f1-b590-80dc8e3c2105|127.0.0.1:15495, 7c1b7d40-21b8-4f63-a346-8b6e9b157cbc|127.0.0.1:15504, 98bce0f1-b1ff-4756-b9de-e813dc1af0d3|127.0.0.1:15486]|listeners:[], old=null
2024-04-29 10:07:10,813 [7c1b7d40-21b8-4f63-a346-8b6e9b157cbc-server-thread2] INFO  segmented.SegmentedRaftLogWorker (SegmentedRaftLogWorker.java:startLogSegment(430)) - 7c1b7d40-21b8-4f63-a346-8b6e9b157cbc@group-441AB6A0D421-SegmentedRaftLogWorker: Starting segment from index:0
2024-04-29 10:07:10,813 [05a782ff-e365-47f1-b590-80dc8e3c2105-server-thread3] INFO  server.RaftServer$Division (ServerState.java:setRaftConf(386)) - 05a782ff-e365-47f1-b590-80dc8e3c2105@group-441AB6A0D421: set configuration 0: peers:[05a782ff-e365-47f1-b590-80dc8e3c2105|127.0.0.1:15495, 7c1b7d40-21b8-4f63-a346-8b6e9b157cbc|127.0.0.1:15504, 98bce0f1-b1ff-4756-b9de-e813dc1af0d3|127.0.0.1:15486]|listeners:[], old=null
2024-04-29 10:07:10,813 [7c1b7d40-21b8-4f63-a346-8b6e9b157cbc@group-441AB6A0D421-SegmentedRaftLogWorker] INFO  segmented.BufferedWriteChannel (BufferedWriteChannel.java:open(62)) - open log_inprogress_0 at position 0
2024-04-29 10:07:10,817 [05a782ff-e365-47f1-b590-80dc8e3c2105-server-thread3] INFO  segmented.SegmentedRaftLogWorker (SegmentedRaftLogWorker.java:startLogSegment(430)) - 05a782ff-e365-47f1-b590-80dc8e3c2105@group-441AB6A0D421-SegmentedRaftLogWorker: Starting segment from index:0
2024-04-29 10:07:10,818 [05a782ff-e365-47f1-b590-80dc8e3c2105@group-441AB6A0D421-SegmentedRaftLogWorker] INFO  segmented.BufferedWriteChannel (BufferedWriteChannel.java:open(62)) - open log_inprogress_0 at position 0
2024-04-29 10:07:10,824 [7c1b7d40-21b8-4f63-a346-8b6e9b157cbc@group-441AB6A0D421-SegmentedRaftLogWorker] INFO  segmented.SegmentedRaftLogWorker (SegmentedRaftLogWorker.java:execute(634)) - 7c1b7d40-21b8-4f63-a346-8b6e9b157cbc@group-441AB6A0D421-SegmentedRaftLogWorker: created new log segment /home/runner/work/ozone/ozone/hadoop-ozone/integration-test/target/test-dir/MiniOzoneClusterImpl-9e79b078-2218-4abd-b04c-a65fc7f927a6/ozone-meta/datanode-6/ratis/e01ff82f-0497-4e07-ba82-441ab6a0d421/current/log_inprogress_0
2024-04-29 10:07:10,825 [05a782ff-e365-47f1-b590-80dc8e3c2105@group-441AB6A0D421-SegmentedRaftLogWorker] INFO  segmented.SegmentedRaftLogWorker (SegmentedRaftLogWorker.java:execute(634)) - 05a782ff-e365-47f1-b590-80dc8e3c2105@group-441AB6A0D421-SegmentedRaftLogWorker: created new log segment /home/runner/work/ozone/ozone/hadoop-ozone/integration-test/target/test-dir/MiniOzoneClusterImpl-9e79b078-2218-4abd-b04c-a65fc7f927a6/ozone-meta/datanode-5/ratis/e01ff82f-0497-4e07-ba82-441ab6a0d421/current/log_inprogress_0
2024-04-29 10:07:10,827 [98bce0f1-b1ff-4756-b9de-e813dc1af0d3@group-441AB6A0D421-StateMachineUpdater] INFO  server.RaftServer$Division (LeaderStateImpl.java:isApplied(320)) - leader is ready since appliedIndex == 0 >= startIndex == 0
2024-04-29 10:07:10,835 [7c1b7d40-21b8-4f63-a346-8b6e9b157cbc@group-9A2A807AA8F8-FollowerState] INFO  impl.FollowerState (FollowerState.java:run(143)) - 7c1b7d40-21b8-4f63-a346-8b6e9b157cbc@group-9A2A807AA8F8-FollowerState: change to CANDIDATE, lastRpcElapsedTime:5034323834ns, electionTimeout:5034ms
2024-04-29 10:07:10,835 [7c1b7d40-21b8-4f63-a346-8b6e9b157cbc@group-9A2A807AA8F8-FollowerState] INFO  impl.RoleInfo (RoleInfo.java:shutdownFollowerState(110)) - 7c1b7d40-21b8-4f63-a346-8b6e9b157cbc: shutdown 7c1b7d40-21b8-4f63-a346-8b6e9b157cbc@group-9A2A807AA8F8-FollowerState
2024-04-29 10:07:10,835 [7c1b7d40-21b8-4f63-a346-8b6e9b157cbc@group-9A2A807AA8F8-FollowerState] INFO  server.RaftServer$Division (RaftServerImpl.java:setRole(383)) - 7c1b7d40-21b8-4f63-a346-8b6e9b157cbc@group-9A2A807AA8F8: changes role from  FOLLOWER to CANDIDATE at term 0 for changeToCandidate
2024-04-29 10:07:10,835 [7c1b7d40-21b8-4f63-a346-8b6e9b157cbc@group-9A2A807AA8F8-FollowerState] INFO  server.RaftServerConfigKeys (ConfUtils.java:logGet(46)) - raft.server.leaderelection.pre-vote = true (default)
2024-04-29 10:07:10,836 [7c1b7d40-21b8-4f63-a346-8b6e9b157cbc@group-9A2A807AA8F8-FollowerState] INFO  impl.RoleInfo (RoleInfo.java:updateAndGet(139)) - 7c1b7d40-21b8-4f63-a346-8b6e9b157cbc: start 7c1b7d40-21b8-4f63-a346-8b6e9b157cbc@group-9A2A807AA8F8-LeaderElection85
2024-04-29 10:07:10,836 [7c1b7d40-21b8-4f63-a346-8b6e9b157cbc@group-9A2A807AA8F8-LeaderElection85] INFO  impl.LeaderElection (LeaderElection.java:askForVotes(321)) - 7c1b7d40-21b8-4f63-a346-8b6e9b157cbc@group-9A2A807AA8F8-LeaderElection85 PRE_VOTE round 0: submit vote requests at term 0 for -1: peers:[7c1b7d40-21b8-4f63-a346-8b6e9b157cbc|127.0.0.1:15504]|listeners:[], old=null
2024-04-29 10:07:10,836 [7c1b7d40-21b8-4f63-a346-8b6e9b157cbc@group-9A2A807AA8F8-LeaderElection85] INFO  impl.LeaderElection (LeaderElection.java:askForVotes(323)) - 7c1b7d40-21b8-4f63-a346-8b6e9b157cbc@group-9A2A807AA8F8-LeaderElection85 PRE_VOTE round 0: result PASSED (term=0)
2024-04-29 10:07:10,837 [7c1b7d40-21b8-4f63-a346-8b6e9b157cbc@group-9A2A807AA8F8-LeaderElection85] INFO  impl.LeaderElection (LeaderElection.java:askForVotes(321)) - 7c1b7d40-21b8-4f63-a346-8b6e9b157cbc@group-9A2A807AA8F8-LeaderElection85 ELECTION round 0: submit vote requests at term 1 for -1: peers:[7c1b7d40-21b8-4f63-a346-8b6e9b157cbc|127.0.0.1:15504]|listeners:[], old=null
2024-04-29 10:07:10,837 [7c1b7d40-21b8-4f63-a346-8b6e9b157cbc@group-9A2A807AA8F8-LeaderElection85] INFO  impl.LeaderElection (LeaderElection.java:askForVotes(323)) - 7c1b7d40-21b8-4f63-a346-8b6e9b157cbc@group-9A2A807AA8F8-LeaderElection85 ELECTION round 0: result PASSED (term=1)
2024-04-29 10:07:10,837 [7c1b7d40-21b8-4f63-a346-8b6e9b157cbc@group-9A2A807AA8F8-LeaderElection85] INFO  impl.RoleInfo (RoleInfo.java:shutdownLeaderElection(130)) - 7c1b7d40-21b8-4f63-a346-8b6e9b157cbc: shutdown 7c1b7d40-21b8-4f63-a346-8b6e9b157cbc@group-9A2A807AA8F8-LeaderElection85
2024-04-29 10:07:10,837 [7c1b7d40-21b8-4f63-a346-8b6e9b157cbc@group-9A2A807AA8F8-LeaderElection85] INFO  server.RaftServer$Division (RaftServerImpl.java:setRole(383)) - 7c1b7d40-21b8-4f63-a346-8b6e9b157cbc@group-9A2A807AA8F8: changes role from CANDIDATE to LEADER at term 1 for changeToLeader
2024-04-29 10:07:10,837 [7c1b7d40-21b8-4f63-a346-8b6e9b157cbc@group-9A2A807AA8F8-LeaderElection85] INFO  server.RaftServerConfigKeys (ConfUtils.java:logGet(46)) - raft.server.staging.catchup.gap = 1000 (default)
2024-04-29 10:07:10,837 [7c1b7d40-21b8-4f63-a346-8b6e9b157cbc@group-9A2A807AA8F8-LeaderElection85] INFO  server.RaftServerConfigKeys (ConfUtils.java:logGet(46)) - raft.server.write.element-limit = 1024 (custom)
2024-04-29 10:07:10,837 [7c1b7d40-21b8-4f63-a346-8b6e9b157cbc@group-9A2A807AA8F8-LeaderElection85] INFO  server.RaftServerConfigKeys (ConfUtils.java:logGet(46)) - raft.server.write.byte-limit = 1024 M (=1073741824) (custom)
2024-04-29 10:07:10,837 [7c1b7d40-21b8-4f63-a346-8b6e9b157cbc@group-9A2A807AA8F8-LeaderElection85] INFO  server.RaftServerConfigKeys (ConfUtils.java:logGet(46)) - raft.server.watch.timeout = 3000ms (custom)
2024-04-29 10:07:10,837 [7c1b7d40-21b8-4f63-a346-8b6e9b157cbc@group-9A2A807AA8F8-LeaderElection85] INFO  server.RaftServerConfigKeys (ConfUtils.java:logGet(46)) - raft.server.watch.timeout.denomination = 1s (default)
2024-04-29 10:07:10,837 [7c1b7d40-21b8-4f63-a346-8b6e9b157cbc@group-9A2A807AA8F8-LeaderElection85] INFO  server.RaftServerConfigKeys (ConfUtils.java:logGet(46)) - raft.server.watch.element-limit = 65536 (default)
2024-04-29 10:07:10,838 [7c1b7d40-21b8-4f63-a346-8b6e9b157cbc@group-9A2A807AA8F8-LeaderElection85] INFO  server.RaftServerConfigKeys (ConfUtils.java:logGet(46)) - raft.server.read.leader.lease.enabled = false (default)
2024-04-29 10:07:10,838 [7c1b7d40-21b8-4f63-a346-8b6e9b157cbc@group-9A2A807AA8F8-LeaderElection85] INFO  server.RaftServerConfigKeys (ConfUtils.java:logGet(46)) - raft.server.read.leader.lease.timeout.ratio = 0.9 (default)
2024-04-29 10:07:10,838 [7c1b7d40-21b8-4f63-a346-8b6e9b157cbc@group-9A2A807AA8F8-LeaderElection85] INFO  server.RaftServerConfigKeys (ConfUtils.java:logGet(46)) - raft.server.rpc.timeout.min = 5s (custom)
2024-04-29 10:07:10,838 [7c1b7d40-21b8-4f63-a346-8b6e9b157cbc@group-9A2A807AA8F8-LeaderElection85] INFO  server.RaftServerConfigKeys (ConfUtils.java:logGet(46)) - raft.server.write.element-limit = 1024 (custom)
2024-04-29 10:07:10,838 [7c1b7d40-21b8-4f63-a346-8b6e9b157cbc@group-9A2A807AA8F8-LeaderElection85] INFO  server.RaftServerConfigKeys (ConfUtils.java:logGet(46)) - raft.server.write.follower.gap.ratio.max = -1.0 (default)
2024-04-29 10:07:10,838 [7c1b7d40-21b8-4f63-a346-8b6e9b157cbc@group-9A2A807AA8F8-LeaderElection85] INFO  impl.RoleInfo (RoleInfo.java:updateAndGet(139)) - 7c1b7d40-21b8-4f63-a346-8b6e9b157cbc: start 7c1b7d40-21b8-4f63-a346-8b6e9b157cbc@group-9A2A807AA8F8-LeaderStateImpl
2024-04-29 10:07:10,838 [7c1b7d40-21b8-4f63-a346-8b6e9b157cbc@group-9A2A807AA8F8-LeaderElection85] INFO  server.RaftServer$Division (RaftServerImpl.java:setFirstElection(574)) - 7c1b7d40-21b8-4f63-a346-8b6e9b157cbc@group-9A2A807AA8F8: set firstElectionSinceStartup to false for becomeLeader
2024-04-29 10:07:10,838 [7c1b7d40-21b8-4f63-a346-8b6e9b157cbc@group-9A2A807AA8F8-LeaderElection85] INFO  ratis.XceiverServerRatis (XceiverServerRatis.java:handleLeaderChangedNotification(966)) - Leader change notification received for group: group-9A2A807AA8F8 with new leaderId: 7c1b7d40-21b8-4f63-a346-8b6e9b157cbc
2024-04-29 10:07:10,838 [7c1b7d40-21b8-4f63-a346-8b6e9b157cbc@group-9A2A807AA8F8-LeaderElection85] INFO  server.RaftServer$Division (ServerState.java:setLeader(269)) - 7c1b7d40-21b8-4f63-a346-8b6e9b157cbc@group-9A2A807AA8F8: change Leader from null to 7c1b7d40-21b8-4f63-a346-8b6e9b157cbc at term 1 for becomeLeader, leader elected after 5045ms
2024-04-29 10:07:10,838 [7c1b7d40-21b8-4f63-a346-8b6e9b157cbc@group-9A2A807AA8F8-LeaderElection85] INFO  segmented.SegmentedRaftLogWorker (SegmentedRaftLogWorker.java:startLogSegment(430)) - 7c1b7d40-21b8-4f63-a346-8b6e9b157cbc@group-9A2A807AA8F8-SegmentedRaftLogWorker: Starting segment from index:0
2024-04-29 10:07:10,838 [7c1b7d40-21b8-4f63-a346-8b6e9b157cbc@group-9A2A807AA8F8-LeaderElection85] INFO  server.RaftServer$Division (ServerState.java:setRaftConf(386)) - 7c1b7d40-21b8-4f63-a346-8b6e9b157cbc@group-9A2A807AA8F8: set configuration 0: peers:[7c1b7d40-21b8-4f63-a346-8b6e9b157cbc|127.0.0.1:15504]|listeners:[], old=null
2024-04-29 10:07:10,838 [7c1b7d40-21b8-4f63-a346-8b6e9b157cbc@group-9A2A807AA8F8-SegmentedRaftLogWorker] INFO  segmented.BufferedWriteChannel (BufferedWriteChannel.java:open(62)) - open log_inprogress_0 at position 0
2024-04-29 10:07:10,846 [7c1b7d40-21b8-4f63-a346-8b6e9b157cbc@group-9A2A807AA8F8-SegmentedRaftLogWorker] INFO  segmented.SegmentedRaftLogWorker (SegmentedRaftLogWorker.java:execute(634)) - 7c1b7d40-21b8-4f63-a346-8b6e9b157cbc@group-9A2A807AA8F8-SegmentedRaftLogWorker: created new log segment /home/runner/work/ozone/ozone/hadoop-ozone/integration-test/target/test-dir/MiniOzoneClusterImpl-9e79b078-2218-4abd-b04c-a65fc7f927a6/ozone-meta/datanode-6/ratis/03df29b8-9c30-4757-b1ef-9a2a807aa8f8/current/log_inprogress_0
2024-04-29 10:07:10,848 [7c1b7d40-21b8-4f63-a346-8b6e9b157cbc@group-9A2A807AA8F8-StateMachineUpdater] INFO  server.RaftServer$Division (LeaderStateImpl.java:isApplied(320)) - leader is ready since appliedIndex == 0 >= startIndex == 0
2024-04-29 10:07:10,850 [98bce0f1-b1ff-4756-b9de-e813dc1af0d3@group-C9E38A37DCCA-FollowerState] INFO  impl.FollowerState (FollowerState.java:run(143)) - 98bce0f1-b1ff-4756-b9de-e813dc1af0d3@group-C9E38A37DCCA-FollowerState: change to CANDIDATE, lastRpcElapsedTime:5155375015ns, electionTimeout:5155ms
2024-04-29 10:07:10,850 [98bce0f1-b1ff-4756-b9de-e813dc1af0d3@group-C9E38A37DCCA-FollowerState] INFO  impl.RoleInfo (RoleInfo.java:shutdownFollowerState(110)) - 98bce0f1-b1ff-4756-b9de-e813dc1af0d3: shutdown 98bce0f1-b1ff-4756-b9de-e813dc1af0d3@group-C9E38A37DCCA-FollowerState
2024-04-29 10:07:10,851 [98bce0f1-b1ff-4756-b9de-e813dc1af0d3@group-C9E38A37DCCA-FollowerState] INFO  server.RaftServer$Division (RaftServerImpl.java:setRole(383)) - 98bce0f1-b1ff-4756-b9de-e813dc1af0d3@group-C9E38A37DCCA: changes role from  FOLLOWER to CANDIDATE at term 0 for changeToCandidate
2024-04-29 10:07:10,851 [98bce0f1-b1ff-4756-b9de-e813dc1af0d3@group-C9E38A37DCCA-FollowerState] INFO  server.RaftServerConfigKeys (ConfUtils.java:logGet(46)) - raft.server.leaderelection.pre-vote = true (default)
2024-04-29 10:07:10,851 [98bce0f1-b1ff-4756-b9de-e813dc1af0d3@group-C9E38A37DCCA-FollowerState] INFO  impl.RoleInfo (RoleInfo.java:updateAndGet(139)) - 98bce0f1-b1ff-4756-b9de-e813dc1af0d3: start 98bce0f1-b1ff-4756-b9de-e813dc1af0d3@group-C9E38A37DCCA-LeaderElection86
2024-04-29 10:07:10,851 [98bce0f1-b1ff-4756-b9de-e813dc1af0d3@group-C9E38A37DCCA-LeaderElection86] INFO  impl.LeaderElection (LeaderElection.java:askForVotes(321)) - 98bce0f1-b1ff-4756-b9de-e813dc1af0d3@group-C9E38A37DCCA-LeaderElection86 PRE_VOTE round 0: submit vote requests at term 0 for -1: peers:[98bce0f1-b1ff-4756-b9de-e813dc1af0d3|127.0.0.1:15486]|listeners:[], old=null
2024-04-29 10:07:10,851 [98bce0f1-b1ff-4756-b9de-e813dc1af0d3@group-C9E38A37DCCA-LeaderElection86] INFO  impl.LeaderElection (LeaderElection.java:askForVotes(323)) - 98bce0f1-b1ff-4756-b9de-e813dc1af0d3@group-C9E38A37DCCA-LeaderElection86 PRE_VOTE round 0: result PASSED (term=0)
2024-04-29 10:07:10,852 [98bce0f1-b1ff-4756-b9de-e813dc1af0d3@group-C9E38A37DCCA-LeaderElection86] INFO  impl.LeaderElection (LeaderElection.java:askForVotes(321)) - 98bce0f1-b1ff-4756-b9de-e813dc1af0d3@group-C9E38A37DCCA-LeaderElection86 ELECTION round 0: submit vote requests at term 1 for -1: peers:[98bce0f1-b1ff-4756-b9de-e813dc1af0d3|127.0.0.1:15486]|listeners:[], old=null
2024-04-29 10:07:10,852 [98bce0f1-b1ff-4756-b9de-e813dc1af0d3@group-C9E38A37DCCA-LeaderElection86] INFO  impl.LeaderElection (LeaderElection.java:askForVotes(323)) - 98bce0f1-b1ff-4756-b9de-e813dc1af0d3@group-C9E38A37DCCA-LeaderElection86 ELECTION round 0: result PASSED (term=1)
2024-04-29 10:07:10,852 [98bce0f1-b1ff-4756-b9de-e813dc1af0d3@group-C9E38A37DCCA-LeaderElection86] INFO  impl.RoleInfo (RoleInfo.java:shutdownLeaderElection(130)) - 98bce0f1-b1ff-4756-b9de-e813dc1af0d3: shutdown 98bce0f1-b1ff-4756-b9de-e813dc1af0d3@group-C9E38A37DCCA-LeaderElection86
2024-04-29 10:07:10,852 [98bce0f1-b1ff-4756-b9de-e813dc1af0d3@group-C9E38A37DCCA-LeaderElection86] INFO  server.RaftServer$Division (RaftServerImpl.java:setRole(383)) - 98bce0f1-b1ff-4756-b9de-e813dc1af0d3@group-C9E38A37DCCA: changes role from CANDIDATE to LEADER at term 1 for changeToLeader
2024-04-29 10:07:10,852 [98bce0f1-b1ff-4756-b9de-e813dc1af0d3@group-C9E38A37DCCA-LeaderElection86] INFO  server.RaftServerConfigKeys (ConfUtils.java:logGet(46)) - raft.server.staging.catchup.gap = 1000 (default)
2024-04-29 10:07:10,852 [98bce0f1-b1ff-4756-b9de-e813dc1af0d3@group-C9E38A37DCCA-LeaderElection86] INFO  server.RaftServerConfigKeys (ConfUtils.java:logGet(46)) - raft.server.write.element-limit = 1024 (custom)
2024-04-29 10:07:10,852 [98bce0f1-b1ff-4756-b9de-e813dc1af0d3@group-C9E38A37DCCA-LeaderElection86] INFO  server.RaftServerConfigKeys (ConfUtils.java:logGet(46)) - raft.server.write.byte-limit = 1024 M (=1073741824) (custom)
2024-04-29 10:07:10,853 [98bce0f1-b1ff-4756-b9de-e813dc1af0d3@group-C9E38A37DCCA-LeaderElection86] INFO  server.RaftServerConfigKeys (ConfUtils.java:logGet(46)) - raft.server.watch.timeout = 3000ms (custom)
2024-04-29 10:07:10,853 [98bce0f1-b1ff-4756-b9de-e813dc1af0d3@group-C9E38A37DCCA-LeaderElection86] INFO  server.RaftServerConfigKeys (ConfUtils.java:logGet(46)) - raft.server.watch.timeout.denomination = 1s (default)
2024-04-29 10:07:10,853 [98bce0f1-b1ff-4756-b9de-e813dc1af0d3@group-C9E38A37DCCA-LeaderElection86] INFO  server.RaftServerConfigKeys (ConfUtils.java:logGet(46)) - raft.server.watch.element-limit = 65536 (default)
2024-04-29 10:07:10,853 [98bce0f1-b1ff-4756-b9de-e813dc1af0d3@group-C9E38A37DCCA-LeaderElection86] INFO  server.RaftServerConfigKeys (ConfUtils.java:logGet(46)) - raft.server.read.leader.lease.enabled = false (default)
2024-04-29 10:07:10,853 [98bce0f1-b1ff-4756-b9de-e813dc1af0d3@group-C9E38A37DCCA-LeaderElection86] INFO  server.RaftServerConfigKeys (ConfUtils.java:logGet(46)) - raft.server.read.leader.lease.timeout.ratio = 0.9 (default)
2024-04-29 10:07:10,853 [98bce0f1-b1ff-4756-b9de-e813dc1af0d3@group-C9E38A37DCCA-LeaderElection86] INFO  server.RaftServerConfigKeys (ConfUtils.java:logGet(46)) - raft.server.rpc.timeout.min = 5s (custom)
2024-04-29 10:07:10,853 [98bce0f1-b1ff-4756-b9de-e813dc1af0d3@group-C9E38A37DCCA-LeaderElection86] INFO  server.RaftServerConfigKeys (ConfUtils.java:logGet(46)) - raft.server.write.element-limit = 1024 (custom)
2024-04-29 10:07:10,853 [98bce0f1-b1ff-4756-b9de-e813dc1af0d3@group-C9E38A37DCCA-LeaderElection86] INFO  server.RaftServerConfigKeys (ConfUtils.java:logGet(46)) - raft.server.write.follower.gap.ratio.max = -1.0 (default)
2024-04-29 10:07:10,853 [98bce0f1-b1ff-4756-b9de-e813dc1af0d3@group-C9E38A37DCCA-LeaderElection86] INFO  impl.RoleInfo (RoleInfo.java:updateAndGet(139)) - 98bce0f1-b1ff-4756-b9de-e813dc1af0d3: start 98bce0f1-b1ff-4756-b9de-e813dc1af0d3@group-C9E38A37DCCA-LeaderStateImpl
2024-04-29 10:07:10,853 [98bce0f1-b1ff-4756-b9de-e813dc1af0d3@group-C9E38A37DCCA-LeaderElection86] INFO  server.RaftServer$Division (RaftServerImpl.java:setFirstElection(574)) - 98bce0f1-b1ff-4756-b9de-e813dc1af0d3@group-C9E38A37DCCA: set firstElectionSinceStartup to false for becomeLeader
2024-04-29 10:07:10,853 [98bce0f1-b1ff-4756-b9de-e813dc1af0d3@group-C9E38A37DCCA-LeaderElection86] INFO  ratis.XceiverServerRatis (XceiverServerRatis.java:handleLeaderChangedNotification(966)) - Leader change notification received for group: group-C9E38A37DCCA with new leaderId: 98bce0f1-b1ff-4756-b9de-e813dc1af0d3
2024-04-29 10:07:10,853 [98bce0f1-b1ff-4756-b9de-e813dc1af0d3@group-C9E38A37DCCA-LeaderElection86] INFO  server.RaftServer$Division (ServerState.java:setLeader(269)) - 98bce0f1-b1ff-4756-b9de-e813dc1af0d3@group-C9E38A37DCCA: change Leader from null to 98bce0f1-b1ff-4756-b9de-e813dc1af0d3 at term 1 for becomeLeader, leader elected after 5167ms
2024-04-29 10:07:10,853 [98bce0f1-b1ff-4756-b9de-e813dc1af0d3@group-C9E38A37DCCA-LeaderElection86] INFO  segmented.SegmentedRaftLogWorker (SegmentedRaftLogWorker.java:startLogSegment(430)) - 98bce0f1-b1ff-4756-b9de-e813dc1af0d3@group-C9E38A37DCCA-SegmentedRaftLogWorker: Starting segment from index:0
2024-04-29 10:07:10,853 [98bce0f1-b1ff-4756-b9de-e813dc1af0d3@group-C9E38A37DCCA-SegmentedRaftLogWorker] INFO  segmented.BufferedWriteChannel (BufferedWriteChannel.java:open(62)) - open log_inprogress_0 at position 0
2024-04-29 10:07:10,857 [98bce0f1-b1ff-4756-b9de-e813dc1af0d3@group-C9E38A37DCCA-LeaderElection86] INFO  server.RaftServer$Division (ServerState.java:setRaftConf(386)) - 98bce0f1-b1ff-4756-b9de-e813dc1af0d3@group-C9E38A37DCCA: set configuration 0: peers:[98bce0f1-b1ff-4756-b9de-e813dc1af0d3|127.0.0.1:15486]|listeners:[], old=null
2024-04-29 10:07:10,861 [98bce0f1-b1ff-4756-b9de-e813dc1af0d3@group-C9E38A37DCCA-SegmentedRaftLogWorker] INFO  segmented.SegmentedRaftLogWorker (SegmentedRaftLogWorker.java:execute(634)) - 98bce0f1-b1ff-4756-b9de-e813dc1af0d3@group-C9E38A37DCCA-SegmentedRaftLogWorker: created new log segment /home/runner/work/ozone/ozone/hadoop-ozone/integration-test/target/test-dir/MiniOzoneClusterImpl-9e79b078-2218-4abd-b04c-a65fc7f927a6/ozone-meta/datanode-4/ratis/b8e86791-9cb7-4ebf-981d-c9e38a37dcca/current/log_inprogress_0
2024-04-29 10:07:10,863 [98bce0f1-b1ff-4756-b9de-e813dc1af0d3@group-C9E38A37DCCA-StateMachineUpdater] INFO  server.RaftServer$Division (LeaderStateImpl.java:isApplied(320)) - leader is ready since appliedIndex == 0 >= startIndex == 0
2024-04-29 10:07:10,867 [05a782ff-e365-47f1-b590-80dc8e3c2105@group-656ABE1EE4F1-FollowerState] INFO  impl.FollowerState (FollowerState.java:run(143)) - 05a782ff-e365-47f1-b590-80dc8e3c2105@group-656ABE1EE4F1-FollowerState: change to CANDIDATE, lastRpcElapsedTime:5122337654ns, electionTimeout:5122ms
2024-04-29 10:07:10,867 [05a782ff-e365-47f1-b590-80dc8e3c2105@group-656ABE1EE4F1-FollowerState] INFO  impl.RoleInfo (RoleInfo.java:shutdownFollowerState(110)) - 05a782ff-e365-47f1-b590-80dc8e3c2105: shutdown 05a782ff-e365-47f1-b590-80dc8e3c2105@group-656ABE1EE4F1-FollowerState
2024-04-29 10:07:10,867 [05a782ff-e365-47f1-b590-80dc8e3c2105@group-656ABE1EE4F1-FollowerState] INFO  server.RaftServer$Division (RaftServerImpl.java:setRole(383)) - 05a782ff-e365-47f1-b590-80dc8e3c2105@group-656ABE1EE4F1: changes role from  FOLLOWER to CANDIDATE at term 0 for changeToCandidate
2024-04-29 10:07:10,867 [05a782ff-e365-47f1-b590-80dc8e3c2105@group-656ABE1EE4F1-FollowerState] INFO  server.RaftServerConfigKeys (ConfUtils.java:logGet(46)) - raft.server.leaderelection.pre-vote = true (default)
2024-04-29 10:07:10,867 [05a782ff-e365-47f1-b590-80dc8e3c2105@group-656ABE1EE4F1-FollowerState] INFO  impl.RoleInfo (RoleInfo.java:updateAndGet(139)) - 05a782ff-e365-47f1-b590-80dc8e3c2105: start 05a782ff-e365-47f1-b590-80dc8e3c2105@group-656ABE1EE4F1-LeaderElection87
2024-04-29 10:07:10,867 [05a782ff-e365-47f1-b590-80dc8e3c2105@group-656ABE1EE4F1-LeaderElection87] INFO  impl.LeaderElection (LeaderElection.java:askForVotes(321)) - 05a782ff-e365-47f1-b590-80dc8e3c2105@group-656ABE1EE4F1-LeaderElection87 PRE_VOTE round 0: submit vote requests at term 0 for -1: peers:[05a782ff-e365-47f1-b590-80dc8e3c2105|127.0.0.1:15495]|listeners:[], old=null
2024-04-29 10:07:10,867 [05a782ff-e365-47f1-b590-80dc8e3c2105@group-656ABE1EE4F1-LeaderElection87] INFO  impl.LeaderElection (LeaderElection.java:askForVotes(323)) - 05a782ff-e365-47f1-b590-80dc8e3c2105@group-656ABE1EE4F1-LeaderElection87 PRE_VOTE round 0: result PASSED (term=0)
2024-04-29 10:07:10,868 [05a782ff-e365-47f1-b590-80dc8e3c2105@group-656ABE1EE4F1-LeaderElection87] INFO  impl.LeaderElection (LeaderElection.java:askForVotes(321)) - 05a782ff-e365-47f1-b590-80dc8e3c2105@group-656ABE1EE4F1-LeaderElection87 ELECTION round 0: submit vote requests at term 1 for -1: peers:[05a782ff-e365-47f1-b590-80dc8e3c2105|127.0.0.1:15495]|listeners:[], old=null
2024-04-29 10:07:10,868 [05a782ff-e365-47f1-b590-80dc8e3c2105@group-656ABE1EE4F1-LeaderElection87] INFO  impl.LeaderElection (LeaderElection.java:askForVotes(323)) - 05a782ff-e365-47f1-b590-80dc8e3c2105@group-656ABE1EE4F1-LeaderElection87 ELECTION round 0: result PASSED (term=1)
2024-04-29 10:07:10,868 [05a782ff-e365-47f1-b590-80dc8e3c2105@group-656ABE1EE4F1-LeaderElection87] INFO  impl.RoleInfo (RoleInfo.java:shutdownLeaderElection(130)) - 05a782ff-e365-47f1-b590-80dc8e3c2105: shutdown 05a782ff-e365-47f1-b590-80dc8e3c2105@group-656ABE1EE4F1-LeaderElection87
2024-04-29 10:07:10,868 [05a782ff-e365-47f1-b590-80dc8e3c2105@group-656ABE1EE4F1-LeaderElection87] INFO  server.RaftServer$Division (RaftServerImpl.java:setRole(383)) - 05a782ff-e365-47f1-b590-80dc8e3c2105@group-656ABE1EE4F1: changes role from CANDIDATE to LEADER at term 1 for changeToLeader
2024-04-29 10:07:10,868 [05a782ff-e365-47f1-b590-80dc8e3c2105@group-656ABE1EE4F1-LeaderElection87] INFO  server.RaftServerConfigKeys (ConfUtils.java:logGet(46)) - raft.server.staging.catchup.gap = 1000 (default)
2024-04-29 10:07:10,869 [05a782ff-e365-47f1-b590-80dc8e3c2105@group-656ABE1EE4F1-LeaderElection87] INFO  server.RaftServerConfigKeys (ConfUtils.java:logGet(46)) - raft.server.write.element-limit = 1024 (custom)
2024-04-29 10:07:10,869 [05a782ff-e365-47f1-b590-80dc8e3c2105@group-656ABE1EE4F1-LeaderElection87] INFO  server.RaftServerConfigKeys (ConfUtils.java:logGet(46)) - raft.server.write.byte-limit = 1024 M (=1073741824) (custom)
2024-04-29 10:07:10,869 [05a782ff-e365-47f1-b590-80dc8e3c2105@group-656ABE1EE4F1-LeaderElection87] INFO  server.RaftServerConfigKeys (ConfUtils.java:logGet(46)) - raft.server.watch.timeout = 3000ms (custom)
2024-04-29 10:07:10,869 [05a782ff-e365-47f1-b590-80dc8e3c2105@group-656ABE1EE4F1-LeaderElection87] INFO  server.RaftServerConfigKeys (ConfUtils.java:logGet(46)) - raft.server.watch.timeout.denomination = 1s (default)
2024-04-29 10:07:10,869 [05a782ff-e365-47f1-b590-80dc8e3c2105@group-656ABE1EE4F1-LeaderElection87] INFO  server.RaftServerConfigKeys (ConfUtils.java:logGet(46)) - raft.server.watch.element-limit = 65536 (default)
2024-04-29 10:07:10,869 [05a782ff-e365-47f1-b590-80dc8e3c2105@group-656ABE1EE4F1-LeaderElection87] INFO  server.RaftServerConfigKeys (ConfUtils.java:logGet(46)) - raft.server.read.leader.lease.enabled = false (default)
2024-04-29 10:07:10,869 [05a782ff-e365-47f1-b590-80dc8e3c2105@group-656ABE1EE4F1-LeaderElection87] INFO  server.RaftServerConfigKeys (ConfUtils.java:logGet(46)) - raft.server.read.leader.lease.timeout.ratio = 0.9 (default)
2024-04-29 10:07:10,869 [05a782ff-e365-47f1-b590-80dc8e3c2105@group-656ABE1EE4F1-LeaderElection87] INFO  server.RaftServerConfigKeys (ConfUtils.java:logGet(46)) - raft.server.rpc.timeout.min = 5s (custom)
2024-04-29 10:07:10,869 [05a782ff-e365-47f1-b590-80dc8e3c2105@group-656ABE1EE4F1-LeaderElection87] INFO  server.RaftServerConfigKeys (ConfUtils.java:logGet(46)) - raft.server.write.element-limit = 1024 (custom)
2024-04-29 10:07:10,869 [05a782ff-e365-47f1-b590-80dc8e3c2105@group-656ABE1EE4F1-LeaderElection87] INFO  server.RaftServerConfigKeys (ConfUtils.java:logGet(46)) - raft.server.write.follower.gap.ratio.max = -1.0 (default)
2024-04-29 10:07:10,869 [05a782ff-e365-47f1-b590-80dc8e3c2105@group-656ABE1EE4F1-LeaderElection87] INFO  impl.RoleInfo (RoleInfo.java:updateAndGet(139)) - 05a782ff-e365-47f1-b590-80dc8e3c2105: start 05a782ff-e365-47f1-b590-80dc8e3c2105@group-656ABE1EE4F1-LeaderStateImpl
2024-04-29 10:07:10,869 [05a782ff-e365-47f1-b590-80dc8e3c2105@group-656ABE1EE4F1-LeaderElection87] INFO  server.RaftServer$Division (RaftServerImpl.java:setFirstElection(574)) - 05a782ff-e365-47f1-b590-80dc8e3c2105@group-656ABE1EE4F1: set firstElectionSinceStartup to false for becomeLeader
2024-04-29 10:07:10,869 [05a782ff-e365-47f1-b590-80dc8e3c2105@group-656ABE1EE4F1-LeaderElection87] INFO  ratis.XceiverServerRatis (XceiverServerRatis.java:handleLeaderChangedNotification(966)) - Leader change notification received for group: group-656ABE1EE4F1 with new leaderId: 05a782ff-e365-47f1-b590-80dc8e3c2105
2024-04-29 10:07:10,869 [05a782ff-e365-47f1-b590-80dc8e3c2105@group-656ABE1EE4F1-LeaderElection87] INFO  server.RaftServer$Division (ServerState.java:setLeader(269)) - 05a782ff-e365-47f1-b590-80dc8e3c2105@group-656ABE1EE4F1: change Leader from null to 05a782ff-e365-47f1-b590-80dc8e3c2105 at term 1 for becomeLeader, leader elected after 5132ms
2024-04-29 10:07:10,869 [05a782ff-e365-47f1-b590-80dc8e3c2105@group-656ABE1EE4F1-LeaderElection87] INFO  segmented.SegmentedRaftLogWorker (SegmentedRaftLogWorker.java:startLogSegment(430)) - 05a782ff-e365-47f1-b590-80dc8e3c2105@group-656ABE1EE4F1-SegmentedRaftLogWorker: Starting segment from index:0
2024-04-29 10:07:10,869 [05a782ff-e365-47f1-b590-80dc8e3c2105@group-656ABE1EE4F1-LeaderElection87] INFO  server.RaftServer$Division (ServerState.java:setRaftConf(386)) - 05a782ff-e365-47f1-b590-80dc8e3c2105@group-656ABE1EE4F1: set configuration 0: peers:[05a782ff-e365-47f1-b590-80dc8e3c2105|127.0.0.1:15495]|listeners:[], old=null
2024-04-29 10:07:10,870 [05a782ff-e365-47f1-b590-80dc8e3c2105@group-656ABE1EE4F1-SegmentedRaftLogWorker] INFO  segmented.BufferedWriteChannel (BufferedWriteChannel.java:open(62)) - open log_inprogress_0 at position 0
2024-04-29 10:07:10,876 [05a782ff-e365-47f1-b590-80dc8e3c2105@group-656ABE1EE4F1-SegmentedRaftLogWorker] INFO  segmented.SegmentedRaftLogWorker (SegmentedRaftLogWorker.java:execute(634)) - 05a782ff-e365-47f1-b590-80dc8e3c2105@group-656ABE1EE4F1-SegmentedRaftLogWorker: created new log segment /home/runner/work/ozone/ozone/hadoop-ozone/integration-test/target/test-dir/MiniOzoneClusterImpl-9e79b078-2218-4abd-b04c-a65fc7f927a6/ozone-meta/datanode-5/ratis/f5de92bf-8eff-4819-905c-656abe1ee4f1/current/log_inprogress_0
2024-04-29 10:07:10,878 [05a782ff-e365-47f1-b590-80dc8e3c2105@group-656ABE1EE4F1-StateMachineUpdater] INFO  server.RaftServer$Division (LeaderStateImpl.java:isApplied(320)) - leader is ready since appliedIndex == 0 >= startIndex == 0
2024-04-29 10:07:10,951 [main] INFO  ozone.MiniOzoneClusterImpl (MiniOzoneClusterImpl.java:lambda$waitForClusterToBeReady$0(194)) - Nodes are ready. Got 9 of 9 DN Heartbeats.
2024-04-29 10:07:10,951 [main] INFO  ozone.MiniOzoneClusterImpl (MiniOzoneClusterImpl.java:lambda$waitForClusterToBeReady$0(197)) - Cluster exits safe mode
2024-04-29 10:07:10,951 [main] INFO  ozone.MiniOzoneClusterImpl (MiniOzoneClusterImpl.java:lambda$waitForClusterToBeReady$0(199)) - SCM became leader
2024-04-29 10:07:10,952 [main] INFO  protocolPB.OmTransportFactory (OmTransportFactory.java:createFactory(62)) - Loading OM transport implementation org.apache.hadoop.ozone.om.protocolPB.Hadoop3OmTransportFactory as specified by configuration.
2024-04-29 10:07:10,956 [main] INFO  rpc.RpcClient (RpcClient.java:createVolume(470)) - Creating Volume: watchforcommithandlingtest, with runner as owner and space quota set to -1 bytes, counts quota set to -1
2024-04-29 10:07:10,958 [om1-OMStateMachineApplyTransactionThread - 0] INFO  volume.OMVolumeCreateRequest (OMVolumeCreateRequest.java:validateAndUpdateCache(198)) - created volume:watchforcommithandlingtest for user:runner
2024-04-29 10:07:10,961 [main] INFO  rpc.RpcClient (RpcClient.java:createBucket(696)) - Creating Bucket: watchforcommithandlingtest/watchforcommithandlingtest, with server-side default bucket layout, runner as owner, Versioning false, Storage Type set to DISK and Encryption set to false, Replication Type set to server-side default replication type, Namespace Quota set to -1, Space Quota set to -1 
2024-04-29 10:07:10,963 [om1-OMStateMachineApplyTransactionThread - 0] INFO  bucket.OMBucketCreateRequest (OMBucketCreateRequest.java:validateAndUpdateCache(293)) - created bucket: watchforcommithandlingtest of layout FILE_SYSTEM_OPTIMIZED in volume: watchforcommithandlingtest
2024-04-29 10:07:10,966 [IPC Server handler 0 on default port 15445] INFO  ha.SequenceIdGenerator (SequenceIdGenerator.java:getNextId(145)) - Allocate a batch for containerId, change lastId from 0 to 1000.
2024-04-29 10:07:10,983 [a3deba03-ffe7-4d5f-b81f-0cb8f398f916-DatanodeStateMachineDaemonThread] WARN  statemachine.StateContext (StateContext.java:setState(262)) - Ignore disallowed transition from SHUTDOWN to RUNNING
2024-04-29 10:07:10,984 [main] INFO  ozoneimpl.OzoneContainer (OzoneContainer.java:stop(481)) - Attempting to stop container services.
2024-04-29 10:07:10,984 [ContainerMetadataScanner] WARN  ozoneimpl.AbstractBackgroundContainerScanner (AbstractBackgroundContainerScanner.java:handleRemainingSleep(134)) - Background container scan was interrupted.
2024-04-29 10:07:10,984 [ContainerMetadataScanner] INFO  ozoneimpl.AbstractBackgroundContainerScanner (AbstractBackgroundContainerScanner.java:run(61)) - Thread[ContainerMetadataScanner,5,main] exiting.
2024-04-29 10:07:10,984 [main] INFO  ozoneimpl.BackgroundContainerDataScanner (BackgroundContainerDataScanner.java:shutdown(141)) - ContainerDataScanner(/home/runner/work/ozone/ozone/hadoop-ozone/integration-test/target/test-dir/MiniOzoneClusterImpl-9e79b078-2218-4abd-b04c-a65fc7f927a6/ozone-meta/datanode-2/data-0/hdds) is shutting down. 
2024-04-29 10:07:10,984 [ContainerDataScanner(/home/runner/work/ozone/ozone/hadoop-ozone/integration-test/target/test-dir/MiniOzoneClusterImpl-9e79b078-2218-4abd-b04c-a65fc7f927a6/ozone-meta/datanode-2/data-0/hdds)] WARN  ozoneimpl.AbstractBackgroundContainerScanner (AbstractBackgroundContainerScanner.java:handleRemainingSleep(134)) - Background container scan was interrupted.
2024-04-29 10:07:10,984 [ContainerDataScanner(/home/runner/work/ozone/ozone/hadoop-ozone/integration-test/target/test-dir/MiniOzoneClusterImpl-9e79b078-2218-4abd-b04c-a65fc7f927a6/ozone-meta/datanode-2/data-0/hdds)] INFO  ozoneimpl.AbstractBackgroundContainerScanner (AbstractBackgroundContainerScanner.java:run(61)) - ContainerDataScanner(/home/runner/work/ozone/ozone/hadoop-ozone/integration-test/target/test-dir/MiniOzoneClusterImpl-9e79b078-2218-4abd-b04c-a65fc7f927a6/ozone-meta/datanode-2/data-0/hdds, DS-3ec9864c-cf60-405c-90e2-0dc953ac364d) exiting.
2024-04-29 10:07:10,984 [main] INFO  ozoneimpl.OnDemandContainerDataScanner (OnDemandContainerDataScanner.java:shutdownScanner(206)) - On-demand container scanner is shutting down.
2024-04-29 10:07:10,985 [main] INFO  server.RaftServer (RaftServerProxy.java:lambda$close$9(416)) - a3deba03-ffe7-4d5f-b81f-0cb8f398f916: close
2024-04-29 10:07:10,985 [a3deba03-ffe7-4d5f-b81f-0cb8f398f916-impl-thread1] INFO  server.RaftServer$Division (RaftServerImpl.java:lambda$close$3(526)) - a3deba03-ffe7-4d5f-b81f-0cb8f398f916@group-CFFF5D2A65B7: shutdown
2024-04-29 10:07:10,985 [a3deba03-ffe7-4d5f-b81f-0cb8f398f916-impl-thread1] INFO  util.JmxRegister (JmxRegister.java:unregister(73)) - Successfully un-registered JMX Bean with object name Ratis:service=RaftServer,group=group-CFFF5D2A65B7,id=a3deba03-ffe7-4d5f-b81f-0cb8f398f916
2024-04-29 10:07:10,985 [a3deba03-ffe7-4d5f-b81f-0cb8f398f916-impl-thread1] INFO  impl.RoleInfo (RoleInfo.java:shutdownFollowerState(110)) - a3deba03-ffe7-4d5f-b81f-0cb8f398f916: shutdown a3deba03-ffe7-4d5f-b81f-0cb8f398f916@group-CFFF5D2A65B7-FollowerState
2024-04-29 10:07:10,985 [a3deba03-ffe7-4d5f-b81f-0cb8f398f916-impl-thread1] INFO  impl.StateMachineUpdater (StateMachineUpdater.java:stopAndJoin(157)) - a3deba03-ffe7-4d5f-b81f-0cb8f398f916@group-CFFF5D2A65B7-StateMachineUpdater: set stopIndex = 1
2024-04-29 10:07:10,985 [a3deba03-ffe7-4d5f-b81f-0cb8f398f916@group-CFFF5D2A65B7-FollowerState] INFO  impl.FollowerState (FollowerState.java:run(152)) - a3deba03-ffe7-4d5f-b81f-0cb8f398f916@group-CFFF5D2A65B7-FollowerState was interrupted
2024-04-29 10:07:10,985 [a3deba03-ffe7-4d5f-b81f-0cb8f398f916@group-CFFF5D2A65B7-StateMachineUpdater] INFO  ratis.ContainerStateMachine (ContainerStateMachine.java:takeSnapshot(355)) - group-CFFF5D2A65B7: Taking a snapshot at:(t:1, i:1) file /home/runner/work/ozone/ozone/hadoop-ozone/integration-test/target/test-dir/MiniOzoneClusterImpl-9e79b078-2218-4abd-b04c-a65fc7f927a6/ozone-meta/datanode-2/ratis/c918cea1-a9aa-4f84-8425-cfff5d2a65b7/sm/snapshot.1_1
2024-04-29 10:07:10,985 [main] INFO  server.GrpcService (GrpcService.java:closeImpl(311)) - a3deba03-ffe7-4d5f-b81f-0cb8f398f916: shutdown server org.apache.ratis.grpc.server.GrpcClientProtocolService now
2024-04-29 10:07:10,986 [a3deba03-ffe7-4d5f-b81f-0cb8f398f916-impl-thread2] INFO  server.RaftServer$Division (RaftServerImpl.java:lambda$close$3(526)) - a3deba03-ffe7-4d5f-b81f-0cb8f398f916@group-CC65C46A3609: shutdown
2024-04-29 10:07:10,986 [a3deba03-ffe7-4d5f-b81f-0cb8f398f916-impl-thread2] INFO  util.JmxRegister (JmxRegister.java:unregister(73)) - Successfully un-registered JMX Bean with object name Ratis:service=RaftServer,group=group-CC65C46A3609,id=a3deba03-ffe7-4d5f-b81f-0cb8f398f916
2024-04-29 10:07:10,986 [a3deba03-ffe7-4d5f-b81f-0cb8f398f916@group-CFFF5D2A65B7-StateMachineUpdater] INFO  ratis.ContainerStateMachine (ContainerStateMachine.java:takeSnapshot(366)) - group-CFFF5D2A65B7: Finished taking a snapshot at:(t:1, i:1) file:/home/runner/work/ozone/ozone/hadoop-ozone/integration-test/target/test-dir/MiniOzoneClusterImpl-9e79b078-2218-4abd-b04c-a65fc7f927a6/ozone-meta/datanode-2/ratis/c918cea1-a9aa-4f84-8425-cfff5d2a65b7/sm/snapshot.1_1 took: 1 ms
2024-04-29 10:07:10,986 [a3deba03-ffe7-4d5f-b81f-0cb8f398f916-impl-thread2] INFO  impl.RoleInfo (RoleInfo.java:shutdownLeaderState(94)) - a3deba03-ffe7-4d5f-b81f-0cb8f398f916: shutdown a3deba03-ffe7-4d5f-b81f-0cb8f398f916@group-CC65C46A3609-LeaderStateImpl
2024-04-29 10:07:10,986 [a3deba03-ffe7-4d5f-b81f-0cb8f398f916@group-CFFF5D2A65B7-StateMachineUpdater] INFO  impl.StateMachineUpdater (StateMachineUpdater.java:takeSnapshot(295)) - a3deba03-ffe7-4d5f-b81f-0cb8f398f916@group-CFFF5D2A65B7-StateMachineUpdater: Took a snapshot at index 1
2024-04-29 10:07:10,986 [a3deba03-ffe7-4d5f-b81f-0cb8f398f916@group-CFFF5D2A65B7-StateMachineUpdater] INFO  impl.StateMachineUpdater (StateMachineUpdater.java:lambda$new$0(98)) - a3deba03-ffe7-4d5f-b81f-0cb8f398f916@group-CFFF5D2A65B7-StateMachineUpdater: snapshotIndex: updateIncreasingly -1 -> 1
2024-04-29 10:07:10,986 [a3deba03-ffe7-4d5f-b81f-0cb8f398f916-impl-thread2] INFO  impl.PendingRequests (PendingRequests.java:sendNotLeaderResponses(289)) - a3deba03-ffe7-4d5f-b81f-0cb8f398f916@group-CC65C46A3609-PendingRequests: sendNotLeaderResponses
2024-04-29 10:07:10,986 [a3deba03-ffe7-4d5f-b81f-0cb8f398f916-impl-thread1] INFO  server.RaftServer$Division (ServerState.java:close(427)) - a3deba03-ffe7-4d5f-b81f-0cb8f398f916@group-CFFF5D2A65B7: applyIndex: 1
2024-04-29 10:07:10,987 [a3deba03-ffe7-4d5f-b81f-0cb8f398f916@group-CFFF5D2A65B7-cacheEviction-AwaitToRun] INFO  util.AwaitToRun (AwaitToRun.java:run(49)) - a3deba03-ffe7-4d5f-b81f-0cb8f398f916@group-CFFF5D2A65B7-cacheEviction-AwaitToRun-AwaitForSignal is interrupted
2024-04-29 10:07:10,987 [a3deba03-ffe7-4d5f-b81f-0cb8f398f916@group-CC65C46A3609-StateMachineUpdater] INFO  ratis.ContainerStateMachine (ContainerStateMachine.java:takeSnapshot(355)) - group-CC65C46A3609: Taking a snapshot at:(t:1, i:0) file /home/runner/work/ozone/ozone/hadoop-ozone/integration-test/target/test-dir/MiniOzoneClusterImpl-9e79b078-2218-4abd-b04c-a65fc7f927a6/ozone-meta/datanode-2/ratis/42041f5e-2e61-4afc-88fc-cc65c46a3609/sm/snapshot.1_0
2024-04-29 10:07:10,987 [a3deba03-ffe7-4d5f-b81f-0cb8f398f916-impl-thread2] INFO  impl.StateMachineUpdater (StateMachineUpdater.java:stopAndJoin(157)) - a3deba03-ffe7-4d5f-b81f-0cb8f398f916@group-CC65C46A3609-StateMachineUpdater: set stopIndex = 0
2024-04-29 10:07:10,988 [a3deba03-ffe7-4d5f-b81f-0cb8f398f916@group-CC65C46A3609-StateMachineUpdater] INFO  ratis.ContainerStateMachine (ContainerStateMachine.java:takeSnapshot(366)) - group-CC65C46A3609: Finished taking a snapshot at:(t:1, i:0) file:/home/runner/work/ozone/ozone/hadoop-ozone/integration-test/target/test-dir/MiniOzoneClusterImpl-9e79b078-2218-4abd-b04c-a65fc7f927a6/ozone-meta/datanode-2/ratis/42041f5e-2e61-4afc-88fc-cc65c46a3609/sm/snapshot.1_0 took: 0 ms
2024-04-29 10:07:10,988 [a3deba03-ffe7-4d5f-b81f-0cb8f398f916@group-CC65C46A3609-StateMachineUpdater] INFO  impl.StateMachineUpdater (StateMachineUpdater.java:takeSnapshot(295)) - a3deba03-ffe7-4d5f-b81f-0cb8f398f916@group-CC65C46A3609-StateMachineUpdater: Took a snapshot at index 0
2024-04-29 10:07:10,988 [a3deba03-ffe7-4d5f-b81f-0cb8f398f916@group-CC65C46A3609-StateMachineUpdater] INFO  impl.StateMachineUpdater (StateMachineUpdater.java:lambda$new$0(98)) - a3deba03-ffe7-4d5f-b81f-0cb8f398f916@group-CC65C46A3609-StateMachineUpdater: snapshotIndex: updateIncreasingly -1 -> 0
2024-04-29 10:07:10,988 [a3deba03-ffe7-4d5f-b81f-0cb8f398f916-impl-thread2] INFO  server.RaftServer$Division (ServerState.java:close(427)) - a3deba03-ffe7-4d5f-b81f-0cb8f398f916@group-CC65C46A3609: applyIndex: 0
2024-04-29 10:07:10,988 [a3deba03-ffe7-4d5f-b81f-0cb8f398f916@group-CC65C46A3609-cacheEviction-AwaitToRun] INFO  util.AwaitToRun (AwaitToRun.java:run(49)) - a3deba03-ffe7-4d5f-b81f-0cb8f398f916@group-CC65C46A3609-cacheEviction-AwaitToRun-AwaitForSignal is interrupted
2024-04-29 10:07:10,990 [main] INFO  server.GrpcService (GrpcService.java:closeImpl(320)) - a3deba03-ffe7-4d5f-b81f-0cb8f398f916: shutdown server org.apache.ratis.grpc.server.GrpcClientProtocolService successfully
2024-04-29 10:07:10,990 [main] INFO  server.GrpcService (GrpcService.java:closeImpl(311)) - a3deba03-ffe7-4d5f-b81f-0cb8f398f916: shutdown server GrpcServerProtocolService now
2024-04-29 10:07:10,990 [grpc-default-executor-4] WARN  server.GrpcServerProtocolService (LogUtils.java:warn(121)) - a3deba03-ffe7-4d5f-b81f-0cb8f398f916: APPEND_ENTRIES onError, lastRequest: null: org.apache.ratis.thirdparty.io.grpc.StatusRuntimeException: CANCELLED: client cancelled
2024-04-29 10:07:10,990 [grpc-default-executor-2] WARN  server.GrpcServerProtocolService (LogUtils.java:warn(121)) - a3deba03-ffe7-4d5f-b81f-0cb8f398f916: APPEND_ENTRIES onError, lastRequest: ff005283-6149-44cc-9e6b-88eb174549f2->a3deba03-ffe7-4d5f-b81f-0cb8f398f916#5-t1,previous=(t:1, i:1),leaderCommit=1,initializing? false,entries: size=1, first=(t:1, i:2), METADATAENTRY(c:1): org.apache.ratis.thirdparty.io.grpc.StatusRuntimeException: CANCELLED: client cancelled
2024-04-29 10:07:10,991 [grpc-default-executor-1] WARN  server.GrpcLogAppender (LogUtils.java:warn(121)) - ff005283-6149-44cc-9e6b-88eb174549f2@group-CFFF5D2A65B7->a3deba03-ffe7-4d5f-b81f-0cb8f398f916-AppendLogResponseHandler: Failed appendEntries: org.apache.ratis.thirdparty.io.grpc.StatusRuntimeException: CANCELLED: RST_STREAM closed stream. HTTP/2 error code: CANCEL
2024-04-29 10:07:10,991 [grpc-default-executor-1] WARN  server.GrpcLogAppender (GrpcLogAppender.java:lambda$resetClient$1(217)) - ff005283-6149-44cc-9e6b-88eb174549f2@group-CFFF5D2A65B7->a3deba03-ffe7-4d5f-b81f-0cb8f398f916-GrpcLogAppender: Follower failed (request=null, errorCount=1); keep nextIndex (3) unchanged and retry.
2024-04-29 10:07:10,991 [158faee4-db49-465b-9160-a35c663658b4@group-7AF5A4AE1164-FollowerState] INFO  impl.FollowerState (FollowerState.java:run(143)) - 158faee4-db49-465b-9160-a35c663658b4@group-7AF5A4AE1164-FollowerState: change to CANDIDATE, lastRpcElapsedTime:5032325969ns, electionTimeout:5032ms
2024-04-29 10:07:10,991 [158faee4-db49-465b-9160-a35c663658b4@group-7AF5A4AE1164-FollowerState] INFO  impl.RoleInfo (RoleInfo.java:shutdownFollowerState(110)) - 158faee4-db49-465b-9160-a35c663658b4: shutdown 158faee4-db49-465b-9160-a35c663658b4@group-7AF5A4AE1164-FollowerState
2024-04-29 10:07:10,991 [158faee4-db49-465b-9160-a35c663658b4@group-7AF5A4AE1164-FollowerState] INFO  server.RaftServer$Division (RaftServerImpl.java:setRole(383)) - 158faee4-db49-465b-9160-a35c663658b4@group-7AF5A4AE1164: changes role from  FOLLOWER to CANDIDATE at term 0 for changeToCandidate
2024-04-29 10:07:10,991 [main] INFO  server.GrpcService (GrpcService.java:closeImpl(320)) - a3deba03-ffe7-4d5f-b81f-0cb8f398f916: shutdown server GrpcServerProtocolService successfully
2024-04-29 10:07:10,992 [main] INFO  server.GrpcService (GrpcService.java:closeImpl(311)) - a3deba03-ffe7-4d5f-b81f-0cb8f398f916: shutdown server org.apache.ratis.grpc.server.GrpcAdminProtocolService now
2024-04-29 10:07:10,991 [158faee4-db49-465b-9160-a35c663658b4@group-7AF5A4AE1164-FollowerState] INFO  server.RaftServerConfigKeys (ConfUtils.java:logGet(46)) - raft.server.leaderelection.pre-vote = true (default)
2024-04-29 10:07:10,992 [158faee4-db49-465b-9160-a35c663658b4@group-7AF5A4AE1164-FollowerState] INFO  impl.RoleInfo (RoleInfo.java:updateAndGet(139)) - 158faee4-db49-465b-9160-a35c663658b4: start 158faee4-db49-465b-9160-a35c663658b4@group-7AF5A4AE1164-LeaderElection88
2024-04-29 10:07:10,992 [158faee4-db49-465b-9160-a35c663658b4@group-7AF5A4AE1164-LeaderElection88] INFO  impl.LeaderElection (LeaderElection.java:askForVotes(321)) - 158faee4-db49-465b-9160-a35c663658b4@group-7AF5A4AE1164-LeaderElection88 PRE_VOTE round 0: submit vote requests at term 0 for -1: peers:[158faee4-db49-465b-9160-a35c663658b4|127.0.0.1:15531]|listeners:[], old=null
2024-04-29 10:07:10,992 [158faee4-db49-465b-9160-a35c663658b4@group-7AF5A4AE1164-LeaderElection88] INFO  impl.LeaderElection (LeaderElection.java:askForVotes(323)) - 158faee4-db49-465b-9160-a35c663658b4@group-7AF5A4AE1164-LeaderElection88 PRE_VOTE round 0: result PASSED (term=0)
2024-04-29 10:07:10,993 [158faee4-db49-465b-9160-a35c663658b4@group-7AF5A4AE1164-LeaderElection88] INFO  impl.LeaderElection (LeaderElection.java:askForVotes(321)) - 158faee4-db49-465b-9160-a35c663658b4@group-7AF5A4AE1164-LeaderElection88 ELECTION round 0: submit vote requests at term 1 for -1: peers:[158faee4-db49-465b-9160-a35c663658b4|127.0.0.1:15531]|listeners:[], old=null
2024-04-29 10:07:10,993 [158faee4-db49-465b-9160-a35c663658b4@group-7AF5A4AE1164-LeaderElection88] INFO  impl.LeaderElection (LeaderElection.java:askForVotes(323)) - 158faee4-db49-465b-9160-a35c663658b4@group-7AF5A4AE1164-LeaderElection88 ELECTION round 0: result PASSED (term=1)
2024-04-29 10:07:10,993 [158faee4-db49-465b-9160-a35c663658b4@group-7AF5A4AE1164-LeaderElection88] INFO  impl.RoleInfo (RoleInfo.java:shutdownLeaderElection(130)) - 158faee4-db49-465b-9160-a35c663658b4: shutdown 158faee4-db49-465b-9160-a35c663658b4@group-7AF5A4AE1164-LeaderElection88
2024-04-29 10:07:10,993 [158faee4-db49-465b-9160-a35c663658b4@group-7AF5A4AE1164-LeaderElection88] INFO  server.RaftServer$Division (RaftServerImpl.java:setRole(383)) - 158faee4-db49-465b-9160-a35c663658b4@group-7AF5A4AE1164: changes role from CANDIDATE to LEADER at term 1 for changeToLeader
2024-04-29 10:07:10,993 [158faee4-db49-465b-9160-a35c663658b4@group-7AF5A4AE1164-LeaderElection88] INFO  server.RaftServerConfigKeys (ConfUtils.java:logGet(46)) - raft.server.staging.catchup.gap = 1000 (default)
2024-04-29 10:07:10,994 [158faee4-db49-465b-9160-a35c663658b4@group-7AF5A4AE1164-LeaderElection88] INFO  server.RaftServerConfigKeys (ConfUtils.java:logGet(46)) - raft.server.write.element-limit = 1024 (custom)
2024-04-29 10:07:10,994 [158faee4-db49-465b-9160-a35c663658b4@group-7AF5A4AE1164-LeaderElection88] INFO  server.RaftServerConfigKeys (ConfUtils.java:logGet(46)) - raft.server.write.byte-limit = 1024 M (=1073741824) (custom)
2024-04-29 10:07:10,994 [158faee4-db49-465b-9160-a35c663658b4@group-7AF5A4AE1164-LeaderElection88] INFO  server.RaftServerConfigKeys (ConfUtils.java:logGet(46)) - raft.server.watch.timeout = 3000ms (custom)
2024-04-29 10:07:10,994 [158faee4-db49-465b-9160-a35c663658b4@group-7AF5A4AE1164-LeaderElection88] INFO  server.RaftServerConfigKeys (ConfUtils.java:logGet(46)) - raft.server.watch.timeout.denomination = 1s (default)
2024-04-29 10:07:10,994 [158faee4-db49-465b-9160-a35c663658b4@group-7AF5A4AE1164-LeaderElection88] INFO  server.RaftServerConfigKeys (ConfUtils.java:logGet(46)) - raft.server.watch.element-limit = 65536 (default)
2024-04-29 10:07:10,994 [158faee4-db49-465b-9160-a35c663658b4@group-7AF5A4AE1164-LeaderElection88] INFO  server.RaftServerConfigKeys (ConfUtils.java:logGet(46)) - raft.server.read.leader.lease.enabled = false (default)
2024-04-29 10:07:10,994 [158faee4-db49-465b-9160-a35c663658b4@group-7AF5A4AE1164-LeaderElection88] INFO  server.RaftServerConfigKeys (ConfUtils.java:logGet(46)) - raft.server.read.leader.lease.timeout.ratio = 0.9 (default)
2024-04-29 10:07:10,994 [158faee4-db49-465b-9160-a35c663658b4@group-7AF5A4AE1164-LeaderElection88] INFO  server.RaftServerConfigKeys (ConfUtils.java:logGet(46)) - raft.server.rpc.timeout.min = 5s (custom)
2024-04-29 10:07:10,994 [158faee4-db49-465b-9160-a35c663658b4@group-7AF5A4AE1164-LeaderElection88] INFO  server.RaftServerConfigKeys (ConfUtils.java:logGet(46)) - raft.server.write.element-limit = 1024 (custom)
2024-04-29 10:07:10,994 [158faee4-db49-465b-9160-a35c663658b4@group-7AF5A4AE1164-LeaderElection88] INFO  server.RaftServerConfigKeys (ConfUtils.java:logGet(46)) - raft.server.write.follower.gap.ratio.max = -1.0 (default)
2024-04-29 10:07:10,994 [158faee4-db49-465b-9160-a35c663658b4@group-7AF5A4AE1164-LeaderElection88] INFO  impl.RoleInfo (RoleInfo.java:updateAndGet(139)) - 158faee4-db49-465b-9160-a35c663658b4: start 158faee4-db49-465b-9160-a35c663658b4@group-7AF5A4AE1164-LeaderStateImpl
2024-04-29 10:07:10,994 [158faee4-db49-465b-9160-a35c663658b4@group-7AF5A4AE1164-LeaderElection88] INFO  server.RaftServer$Division (RaftServerImpl.java:setFirstElection(574)) - 158faee4-db49-465b-9160-a35c663658b4@group-7AF5A4AE1164: set firstElectionSinceStartup to false for becomeLeader
2024-04-29 10:07:10,994 [158faee4-db49-465b-9160-a35c663658b4@group-7AF5A4AE1164-LeaderElection88] INFO  ratis.XceiverServerRatis (XceiverServerRatis.java:handleLeaderChangedNotification(966)) - Leader change notification received for group: group-7AF5A4AE1164 with new leaderId: 158faee4-db49-465b-9160-a35c663658b4
2024-04-29 10:07:10,994 [158faee4-db49-465b-9160-a35c663658b4@group-7AF5A4AE1164-LeaderElection88] INFO  server.RaftServer$Division (ServerState.java:setLeader(269)) - 158faee4-db49-465b-9160-a35c663658b4@group-7AF5A4AE1164: change Leader from null to 158faee4-db49-465b-9160-a35c663658b4 at term 1 for becomeLeader, leader elected after 5044ms
2024-04-29 10:07:10,994 [158faee4-db49-465b-9160-a35c663658b4@group-7AF5A4AE1164-LeaderElection88] INFO  segmented.SegmentedRaftLogWorker (SegmentedRaftLogWorker.java:startLogSegment(430)) - 158faee4-db49-465b-9160-a35c663658b4@group-7AF5A4AE1164-SegmentedRaftLogWorker: Starting segment from index:0
2024-04-29 10:07:10,995 [158faee4-db49-465b-9160-a35c663658b4@group-7AF5A4AE1164-SegmentedRaftLogWorker] INFO  segmented.BufferedWriteChannel (BufferedWriteChannel.java:open(62)) - open log_inprogress_0 at position 0
2024-04-29 10:07:10,997 [158faee4-db49-465b-9160-a35c663658b4@group-7AF5A4AE1164-LeaderElection88] INFO  server.RaftServer$Division (ServerState.java:setRaftConf(386)) - 158faee4-db49-465b-9160-a35c663658b4@group-7AF5A4AE1164: set configuration 0: peers:[158faee4-db49-465b-9160-a35c663658b4|127.0.0.1:15531]|listeners:[], old=null
2024-04-29 10:07:11,001 [158faee4-db49-465b-9160-a35c663658b4@group-7AF5A4AE1164-SegmentedRaftLogWorker] INFO  segmented.SegmentedRaftLogWorker (SegmentedRaftLogWorker.java:execute(634)) - 158faee4-db49-465b-9160-a35c663658b4@group-7AF5A4AE1164-SegmentedRaftLogWorker: created new log segment /home/runner/work/ozone/ozone/hadoop-ozone/integration-test/target/test-dir/MiniOzoneClusterImpl-9e79b078-2218-4abd-b04c-a65fc7f927a6/ozone-meta/datanode-9/ratis/32a37a04-1808-476b-9a48-7af5a4ae1164/current/log_inprogress_0
2024-04-29 10:07:11,003 [main] INFO  server.GrpcService (GrpcService.java:closeImpl(320)) - a3deba03-ffe7-4d5f-b81f-0cb8f398f916: shutdown server org.apache.ratis.grpc.server.GrpcAdminProtocolService successfully
2024-04-29 10:07:11,003 [158faee4-db49-465b-9160-a35c663658b4@group-7AF5A4AE1164-StateMachineUpdater] INFO  server.RaftServer$Division (LeaderStateImpl.java:isApplied(320)) - leader is ready since appliedIndex == 0 >= startIndex == 0
2024-04-29 10:07:11,006 [a3deba03-ffe7-4d5f-b81f-0cb8f398f916-NettyServerStreamRpc-bossGroup--thread1] INFO  logging.LoggingHandler (AbstractInternalLogger.java:log(148)) - [id: 0xf9e32e40, L:/0.0.0.0:15469] CLOSE
2024-04-29 10:07:11,006 [a3deba03-ffe7-4d5f-b81f-0cb8f398f916-NettyServerStreamRpc-bossGroup--thread1] INFO  logging.LoggingHandler (AbstractInternalLogger.java:log(148)) - [id: 0xf9e32e40, L:/0.0.0.0:15469] INACTIVE
2024-04-29 10:07:11,006 [a3deba03-ffe7-4d5f-b81f-0cb8f398f916-NettyServerStreamRpc-bossGroup--thread1] INFO  logging.LoggingHandler (AbstractInternalLogger.java:log(148)) - [id: 0xf9e32e40, L:/0.0.0.0:15469] UNREGISTERED
2024-04-29 10:07:11,007 [6d3d555f-4cf8-4e54-a907-fcd788b1b69a@group-19A9548FA913-FollowerState] INFO  impl.FollowerState (FollowerState.java:run(143)) - 6d3d555f-4cf8-4e54-a907-fcd788b1b69a@group-19A9548FA913-FollowerState: change to CANDIDATE, lastRpcElapsedTime:5134565138ns, electionTimeout:5130ms
2024-04-29 10:07:11,008 [6d3d555f-4cf8-4e54-a907-fcd788b1b69a@group-19A9548FA913-FollowerState] INFO  impl.RoleInfo (RoleInfo.java:shutdownFollowerState(110)) - 6d3d555f-4cf8-4e54-a907-fcd788b1b69a: shutdown 6d3d555f-4cf8-4e54-a907-fcd788b1b69a@group-19A9548FA913-FollowerState
2024-04-29 10:07:11,008 [6d3d555f-4cf8-4e54-a907-fcd788b1b69a@group-19A9548FA913-FollowerState] INFO  server.RaftServer$Division (RaftServerImpl.java:setRole(383)) - 6d3d555f-4cf8-4e54-a907-fcd788b1b69a@group-19A9548FA913: changes role from  FOLLOWER to CANDIDATE at term 0 for changeToCandidate
2024-04-29 10:07:11,008 [6d3d555f-4cf8-4e54-a907-fcd788b1b69a@group-19A9548FA913-FollowerState] INFO  server.RaftServerConfigKeys (ConfUtils.java:logGet(46)) - raft.server.leaderelection.pre-vote = true (default)
2024-04-29 10:07:11,008 [6d3d555f-4cf8-4e54-a907-fcd788b1b69a@group-19A9548FA913-FollowerState] INFO  impl.RoleInfo (RoleInfo.java:updateAndGet(139)) - 6d3d555f-4cf8-4e54-a907-fcd788b1b69a: start 6d3d555f-4cf8-4e54-a907-fcd788b1b69a@group-19A9548FA913-LeaderElection89
2024-04-29 10:07:11,009 [6d3d555f-4cf8-4e54-a907-fcd788b1b69a@group-19A9548FA913-LeaderElection89] INFO  impl.LeaderElection (LeaderElection.java:askForVotes(321)) - 6d3d555f-4cf8-4e54-a907-fcd788b1b69a@group-19A9548FA913-LeaderElection89 PRE_VOTE round 0: submit vote requests at term 0 for -1: peers:[6d3d555f-4cf8-4e54-a907-fcd788b1b69a|127.0.0.1:15513, 158faee4-db49-465b-9160-a35c663658b4|127.0.0.1:15531, d40c8439-b047-4b38-90b1-52a68d7d9fe2|127.0.0.1:15522]|listeners:[], old=null
2024-04-29 10:07:11,012 [6d3d555f-4cf8-4e54-a907-fcd788b1b69a@group-DE7044D61293-FollowerState] INFO  impl.FollowerState (FollowerState.java:run(143)) - 6d3d555f-4cf8-4e54-a907-fcd788b1b69a@group-DE7044D61293-FollowerState: change to CANDIDATE, lastRpcElapsedTime:5150346539ns, electionTimeout:5150ms
2024-04-29 10:07:11,012 [6d3d555f-4cf8-4e54-a907-fcd788b1b69a@group-DE7044D61293-FollowerState] INFO  impl.RoleInfo (RoleInfo.java:shutdownFollowerState(110)) - 6d3d555f-4cf8-4e54-a907-fcd788b1b69a: shutdown 6d3d555f-4cf8-4e54-a907-fcd788b1b69a@group-DE7044D61293-FollowerState
2024-04-29 10:07:11,012 [6d3d555f-4cf8-4e54-a907-fcd788b1b69a@group-DE7044D61293-FollowerState] INFO  server.RaftServer$Division (RaftServerImpl.java:setRole(383)) - 6d3d555f-4cf8-4e54-a907-fcd788b1b69a@group-DE7044D61293: changes role from  FOLLOWER to CANDIDATE at term 0 for changeToCandidate
2024-04-29 10:07:11,012 [6d3d555f-4cf8-4e54-a907-fcd788b1b69a@group-DE7044D61293-FollowerState] INFO  server.RaftServerConfigKeys (ConfUtils.java:logGet(46)) - raft.server.leaderelection.pre-vote = true (default)
2024-04-29 10:07:11,012 [6d3d555f-4cf8-4e54-a907-fcd788b1b69a@group-DE7044D61293-FollowerState] INFO  impl.RoleInfo (RoleInfo.java:updateAndGet(139)) - 6d3d555f-4cf8-4e54-a907-fcd788b1b69a: start 6d3d555f-4cf8-4e54-a907-fcd788b1b69a@group-DE7044D61293-LeaderElection90
2024-04-29 10:07:11,013 [6d3d555f-4cf8-4e54-a907-fcd788b1b69a@group-19A9548FA913-LeaderElection89-1] INFO  server.GrpcServerProtocolClient (GrpcServerProtocolClient.java:<init>(65)) - Build channel for 158faee4-db49-465b-9160-a35c663658b4|127.0.0.1:15531
2024-04-29 10:07:11,017 [grpc-default-executor-2] INFO  server.RaftServer$Division (RaftServerImpl.java:requestVote(1389)) - 158faee4-db49-465b-9160-a35c663658b4@group-19A9548FA913: receive requestVote(PRE_VOTE, 6d3d555f-4cf8-4e54-a907-fcd788b1b69a, group-19A9548FA913, 0, (t:0, i:0))
2024-04-29 10:07:11,017 [grpc-default-executor-2] INFO  impl.VoteContext (VoteContext.java:log(49)) - 158faee4-db49-465b-9160-a35c663658b4@group-19A9548FA913-FOLLOWER: accept PRE_VOTE from 6d3d555f-4cf8-4e54-a907-fcd788b1b69a: our priority 0 <= candidate's priority 0
2024-04-29 10:07:11,017 [grpc-default-executor-2] INFO  server.RaftServer$Division (RaftServerImpl.java:requestVote(1422)) - 158faee4-db49-465b-9160-a35c663658b4@group-19A9548FA913 replies to PRE_VOTE vote request: 6d3d555f-4cf8-4e54-a907-fcd788b1b69a<-158faee4-db49-465b-9160-a35c663658b4#0:OK-t0. Peer's state: 158faee4-db49-465b-9160-a35c663658b4@group-19A9548FA913:t0, leader=null, voted=, raftlog=Memoized:158faee4-db49-465b-9160-a35c663658b4@group-19A9548FA913-SegmentedRaftLog:OPENED:c-1, conf=-1: peers:[6d3d555f-4cf8-4e54-a907-fcd788b1b69a|127.0.0.1:15513, 158faee4-db49-465b-9160-a35c663658b4|127.0.0.1:15531, d40c8439-b047-4b38-90b1-52a68d7d9fe2|127.0.0.1:15522]|listeners:[], old=null
2024-04-29 10:07:11,020 [6d3d555f-4cf8-4e54-a907-fcd788b1b69a@group-19A9548FA913-LeaderElection89] INFO  server.RaftServerConfigKeys (ConfUtils.java:logFallback(53)) - raft.server.rpc.first-election.timeout.min = 5s (fallback to raft.server.rpc.timeout.min)
2024-04-29 10:07:11,020 [6d3d555f-4cf8-4e54-a907-fcd788b1b69a@group-19A9548FA913-LeaderElection89] INFO  server.RaftServerConfigKeys (ConfUtils.java:logFallback(53)) - raft.server.rpc.first-election.timeout.max = 5200ms (fallback to raft.server.rpc.timeout.max)
2024-04-29 10:07:11,020 [6d3d555f-4cf8-4e54-a907-fcd788b1b69a@group-DE7044D61293-LeaderElection90] INFO  impl.LeaderElection (LeaderElection.java:askForVotes(321)) - 6d3d555f-4cf8-4e54-a907-fcd788b1b69a@group-DE7044D61293-LeaderElection90 PRE_VOTE round 0: submit vote requests at term 0 for -1: peers:[6d3d555f-4cf8-4e54-a907-fcd788b1b69a|127.0.0.1:15513]|listeners:[], old=null
2024-04-29 10:07:11,020 [6d3d555f-4cf8-4e54-a907-fcd788b1b69a@group-DE7044D61293-LeaderElection90] INFO  impl.LeaderElection (LeaderElection.java:askForVotes(323)) - 6d3d555f-4cf8-4e54-a907-fcd788b1b69a@group-DE7044D61293-LeaderElection90 PRE_VOTE round 0: result PASSED (term=0)
2024-04-29 10:07:11,020 [6d3d555f-4cf8-4e54-a907-fcd788b1b69a@group-19A9548FA913-LeaderElection89-2] INFO  server.GrpcServerProtocolClient (GrpcServerProtocolClient.java:<init>(65)) - Build channel for d40c8439-b047-4b38-90b1-52a68d7d9fe2|127.0.0.1:15522
2024-04-29 10:07:11,021 [6d3d555f-4cf8-4e54-a907-fcd788b1b69a@group-DE7044D61293-LeaderElection90] INFO  impl.LeaderElection (LeaderElection.java:askForVotes(321)) - 6d3d555f-4cf8-4e54-a907-fcd788b1b69a@group-DE7044D61293-LeaderElection90 ELECTION round 0: submit vote requests at term 1 for -1: peers:[6d3d555f-4cf8-4e54-a907-fcd788b1b69a|127.0.0.1:15513]|listeners:[], old=null
2024-04-29 10:07:11,021 [6d3d555f-4cf8-4e54-a907-fcd788b1b69a@group-DE7044D61293-LeaderElection90] INFO  impl.LeaderElection (LeaderElection.java:askForVotes(323)) - 6d3d555f-4cf8-4e54-a907-fcd788b1b69a@group-DE7044D61293-LeaderElection90 ELECTION round 0: result PASSED (term=1)
2024-04-29 10:07:11,021 [6d3d555f-4cf8-4e54-a907-fcd788b1b69a@group-DE7044D61293-LeaderElection90] INFO  impl.RoleInfo (RoleInfo.java:shutdownLeaderElection(130)) - 6d3d555f-4cf8-4e54-a907-fcd788b1b69a: shutdown 6d3d555f-4cf8-4e54-a907-fcd788b1b69a@group-DE7044D61293-LeaderElection90
2024-04-29 10:07:11,021 [6d3d555f-4cf8-4e54-a907-fcd788b1b69a@group-DE7044D61293-LeaderElection90] INFO  server.RaftServer$Division (RaftServerImpl.java:setRole(383)) - 6d3d555f-4cf8-4e54-a907-fcd788b1b69a@group-DE7044D61293: changes role from CANDIDATE to LEADER at term 1 for changeToLeader
2024-04-29 10:07:11,021 [6d3d555f-4cf8-4e54-a907-fcd788b1b69a@group-DE7044D61293-LeaderElection90] INFO  server.RaftServerConfigKeys (ConfUtils.java:logGet(46)) - raft.server.staging.catchup.gap = 1000 (default)
2024-04-29 10:07:11,021 [6d3d555f-4cf8-4e54-a907-fcd788b1b69a@group-DE7044D61293-LeaderElection90] INFO  server.RaftServerConfigKeys (ConfUtils.java:logGet(46)) - raft.server.write.element-limit = 1024 (custom)
2024-04-29 10:07:11,021 [6d3d555f-4cf8-4e54-a907-fcd788b1b69a@group-DE7044D61293-LeaderElection90] INFO  server.RaftServerConfigKeys (ConfUtils.java:logGet(46)) - raft.server.write.byte-limit = 1024 M (=1073741824) (custom)
2024-04-29 10:07:11,022 [6d3d555f-4cf8-4e54-a907-fcd788b1b69a@group-DE7044D61293-LeaderElection90] INFO  server.RaftServerConfigKeys (ConfUtils.java:logGet(46)) - raft.server.watch.timeout = 3000ms (custom)
2024-04-29 10:07:11,022 [6d3d555f-4cf8-4e54-a907-fcd788b1b69a@group-DE7044D61293-LeaderElection90] INFO  server.RaftServerConfigKeys (ConfUtils.java:logGet(46)) - raft.server.watch.timeout.denomination = 1s (default)
2024-04-29 10:07:11,022 [6d3d555f-4cf8-4e54-a907-fcd788b1b69a@group-DE7044D61293-LeaderElection90] INFO  server.RaftServerConfigKeys (ConfUtils.java:logGet(46)) - raft.server.watch.element-limit = 65536 (default)
2024-04-29 10:07:11,022 [6d3d555f-4cf8-4e54-a907-fcd788b1b69a@group-DE7044D61293-LeaderElection90] INFO  server.RaftServerConfigKeys (ConfUtils.java:logGet(46)) - raft.server.read.leader.lease.enabled = false (default)
2024-04-29 10:07:11,022 [6d3d555f-4cf8-4e54-a907-fcd788b1b69a@group-DE7044D61293-LeaderElection90] INFO  server.RaftServerConfigKeys (ConfUtils.java:logGet(46)) - raft.server.read.leader.lease.timeout.ratio = 0.9 (default)
2024-04-29 10:07:11,022 [6d3d555f-4cf8-4e54-a907-fcd788b1b69a@group-DE7044D61293-LeaderElection90] INFO  server.RaftServerConfigKeys (ConfUtils.java:logGet(46)) - raft.server.rpc.timeout.min = 5s (custom)
2024-04-29 10:07:11,022 [6d3d555f-4cf8-4e54-a907-fcd788b1b69a@group-DE7044D61293-LeaderElection90] INFO  server.RaftServerConfigKeys (ConfUtils.java:logGet(46)) - raft.server.write.element-limit = 1024 (custom)
2024-04-29 10:07:11,022 [6d3d555f-4cf8-4e54-a907-fcd788b1b69a@group-DE7044D61293-LeaderElection90] INFO  server.RaftServerConfigKeys (ConfUtils.java:logGet(46)) - raft.server.write.follower.gap.ratio.max = -1.0 (default)
2024-04-29 10:07:11,022 [6d3d555f-4cf8-4e54-a907-fcd788b1b69a@group-DE7044D61293-LeaderElection90] INFO  impl.RoleInfo (RoleInfo.java:updateAndGet(139)) - 6d3d555f-4cf8-4e54-a907-fcd788b1b69a: start 6d3d555f-4cf8-4e54-a907-fcd788b1b69a@group-DE7044D61293-LeaderStateImpl
2024-04-29 10:07:11,022 [6d3d555f-4cf8-4e54-a907-fcd788b1b69a@group-DE7044D61293-LeaderElection90] INFO  server.RaftServer$Division (RaftServerImpl.java:setFirstElection(574)) - 6d3d555f-4cf8-4e54-a907-fcd788b1b69a@group-DE7044D61293: set firstElectionSinceStartup to false for becomeLeader
2024-04-29 10:07:11,022 [6d3d555f-4cf8-4e54-a907-fcd788b1b69a@group-DE7044D61293-LeaderElection90] INFO  ratis.XceiverServerRatis (XceiverServerRatis.java:handleLeaderChangedNotification(966)) - Leader change notification received for group: group-DE7044D61293 with new leaderId: 6d3d555f-4cf8-4e54-a907-fcd788b1b69a
2024-04-29 10:07:11,022 [6d3d555f-4cf8-4e54-a907-fcd788b1b69a@group-DE7044D61293-LeaderElection90] INFO  server.RaftServer$Division (ServerState.java:setLeader(269)) - 6d3d555f-4cf8-4e54-a907-fcd788b1b69a@group-DE7044D61293: change Leader from null to 6d3d555f-4cf8-4e54-a907-fcd788b1b69a at term 1 for becomeLeader, leader elected after 5170ms
2024-04-29 10:07:11,022 [6d3d555f-4cf8-4e54-a907-fcd788b1b69a@group-DE7044D61293-LeaderElection90] INFO  segmented.SegmentedRaftLogWorker (SegmentedRaftLogWorker.java:startLogSegment(430)) - 6d3d555f-4cf8-4e54-a907-fcd788b1b69a@group-DE7044D61293-SegmentedRaftLogWorker: Starting segment from index:0
2024-04-29 10:07:11,023 [6d3d555f-4cf8-4e54-a907-fcd788b1b69a@group-DE7044D61293-LeaderElection90] INFO  server.RaftServer$Division (ServerState.java:setRaftConf(386)) - 6d3d555f-4cf8-4e54-a907-fcd788b1b69a@group-DE7044D61293: set configuration 0: peers:[6d3d555f-4cf8-4e54-a907-fcd788b1b69a|127.0.0.1:15513]|listeners:[], old=null
2024-04-29 10:07:11,023 [6d3d555f-4cf8-4e54-a907-fcd788b1b69a@group-DE7044D61293-SegmentedRaftLogWorker] INFO  segmented.BufferedWriteChannel (BufferedWriteChannel.java:open(62)) - open log_inprogress_0 at position 0
2024-04-29 10:07:11,025 [grpc-default-executor-2] INFO  server.RaftServer$Division (RaftServerImpl.java:requestVote(1389)) - d40c8439-b047-4b38-90b1-52a68d7d9fe2@group-19A9548FA913: receive requestVote(PRE_VOTE, 6d3d555f-4cf8-4e54-a907-fcd788b1b69a, group-19A9548FA913, 0, (t:0, i:0))
2024-04-29 10:07:11,025 [grpc-default-executor-2] INFO  impl.VoteContext (VoteContext.java:log(49)) - d40c8439-b047-4b38-90b1-52a68d7d9fe2@group-19A9548FA913-FOLLOWER: reject PRE_VOTE from 6d3d555f-4cf8-4e54-a907-fcd788b1b69a: our priority 1 > candidate's priority 0
2024-04-29 10:07:11,025 [grpc-default-executor-2] INFO  server.RaftServer$Division (RaftServerImpl.java:requestVote(1422)) - d40c8439-b047-4b38-90b1-52a68d7d9fe2@group-19A9548FA913 replies to PRE_VOTE vote request: 6d3d555f-4cf8-4e54-a907-fcd788b1b69a<-d40c8439-b047-4b38-90b1-52a68d7d9fe2#0:FAIL-t0. Peer's state: d40c8439-b047-4b38-90b1-52a68d7d9fe2@group-19A9548FA913:t0, leader=null, voted=, raftlog=Memoized:d40c8439-b047-4b38-90b1-52a68d7d9fe2@group-19A9548FA913-SegmentedRaftLog:OPENED:c-1, conf=-1: peers:[6d3d555f-4cf8-4e54-a907-fcd788b1b69a|127.0.0.1:15513, 158faee4-db49-465b-9160-a35c663658b4|127.0.0.1:15531, d40c8439-b047-4b38-90b1-52a68d7d9fe2|127.0.0.1:15522]|listeners:[], old=null
2024-04-29 10:07:11,026 [6d3d555f-4cf8-4e54-a907-fcd788b1b69a@group-19A9548FA913-LeaderElection89] INFO  impl.LeaderElection (LeaderElection.java:logAndReturn(89)) - 6d3d555f-4cf8-4e54-a907-fcd788b1b69a@group-19A9548FA913-LeaderElection89: PRE_VOTE REJECTED received 2 response(s) and 0 exception(s):
2024-04-29 10:07:11,026 [6d3d555f-4cf8-4e54-a907-fcd788b1b69a@group-19A9548FA913-LeaderElection89] INFO  impl.LeaderElection (LeaderElection.java:logAndReturn(93)) -   Response 0: 6d3d555f-4cf8-4e54-a907-fcd788b1b69a<-158faee4-db49-465b-9160-a35c663658b4#0:OK-t0
2024-04-29 10:07:11,026 [6d3d555f-4cf8-4e54-a907-fcd788b1b69a@group-19A9548FA913-LeaderElection89] INFO  impl.LeaderElection (LeaderElection.java:logAndReturn(93)) -   Response 1: 6d3d555f-4cf8-4e54-a907-fcd788b1b69a<-d40c8439-b047-4b38-90b1-52a68d7d9fe2#0:FAIL-t0
2024-04-29 10:07:11,026 [6d3d555f-4cf8-4e54-a907-fcd788b1b69a@group-19A9548FA913-LeaderElection89] INFO  impl.LeaderElection (LeaderElection.java:askForVotes(323)) - 6d3d555f-4cf8-4e54-a907-fcd788b1b69a@group-19A9548FA913-LeaderElection89 PRE_VOTE round 0: result REJECTED
2024-04-29 10:07:11,026 [6d3d555f-4cf8-4e54-a907-fcd788b1b69a@group-19A9548FA913-LeaderElection89] INFO  server.RaftServer$Division (RaftServerImpl.java:setRole(383)) - 6d3d555f-4cf8-4e54-a907-fcd788b1b69a@group-19A9548FA913: changes role from CANDIDATE to FOLLOWER at term 0 for REJECTED
2024-04-29 10:07:11,026 [6d3d555f-4cf8-4e54-a907-fcd788b1b69a@group-19A9548FA913-LeaderElection89] INFO  impl.RoleInfo (RoleInfo.java:shutdownLeaderElection(130)) - 6d3d555f-4cf8-4e54-a907-fcd788b1b69a: shutdown 6d3d555f-4cf8-4e54-a907-fcd788b1b69a@group-19A9548FA913-LeaderElection89
2024-04-29 10:07:11,026 [6d3d555f-4cf8-4e54-a907-fcd788b1b69a@group-19A9548FA913-LeaderElection89] INFO  impl.RoleInfo (RoleInfo.java:updateAndGet(139)) - 6d3d555f-4cf8-4e54-a907-fcd788b1b69a: start 6d3d555f-4cf8-4e54-a907-fcd788b1b69a@group-19A9548FA913-FollowerState
2024-04-29 10:07:11,027 [6d3d555f-4cf8-4e54-a907-fcd788b1b69a@group-19A9548FA913-LeaderElection89] INFO  server.RaftServer$Division (RaftServerImpl.java:setFirstElection(574)) - 6d3d555f-4cf8-4e54-a907-fcd788b1b69a@group-19A9548FA913: set firstElectionSinceStartup to false for REJECTED
2024-04-29 10:07:11,032 [6d3d555f-4cf8-4e54-a907-fcd788b1b69a@group-DE7044D61293-SegmentedRaftLogWorker] INFO  segmented.SegmentedRaftLogWorker (SegmentedRaftLogWorker.java:execute(634)) - 6d3d555f-4cf8-4e54-a907-fcd788b1b69a@group-DE7044D61293-SegmentedRaftLogWorker: created new log segment /home/runner/work/ozone/ozone/hadoop-ozone/integration-test/target/test-dir/MiniOzoneClusterImpl-9e79b078-2218-4abd-b04c-a65fc7f927a6/ozone-meta/datanode-7/ratis/bd4322aa-90e3-4d72-8db0-de7044d61293/current/log_inprogress_0
2024-04-29 10:07:11,033 [6d3d555f-4cf8-4e54-a907-fcd788b1b69a@group-DE7044D61293-StateMachineUpdater] INFO  server.RaftServer$Division (LeaderStateImpl.java:isApplied(320)) - leader is ready since appliedIndex == 0 >= startIndex == 0
2024-04-29 10:07:11,034 [158faee4-db49-465b-9160-a35c663658b4@group-19A9548FA913-FollowerState] INFO  server.RaftServerConfigKeys (ConfUtils.java:logFallback(53)) - raft.server.rpc.first-election.timeout.min = 5s (fallback to raft.server.rpc.timeout.min)
2024-04-29 10:07:11,034 [158faee4-db49-465b-9160-a35c663658b4@group-19A9548FA913-FollowerState] INFO  server.RaftServerConfigKeys (ConfUtils.java:logFallback(53)) - raft.server.rpc.first-election.timeout.max = 5200ms (fallback to raft.server.rpc.timeout.max)
2024-04-29 10:07:11,039 [d40c8439-b047-4b38-90b1-52a68d7d9fe2@group-65EDF0013E08-FollowerState] INFO  impl.FollowerState (FollowerState.java:run(143)) - d40c8439-b047-4b38-90b1-52a68d7d9fe2@group-65EDF0013E08-FollowerState: change to CANDIDATE, lastRpcElapsedTime:5123486089ns, electionTimeout:5123ms
2024-04-29 10:07:11,040 [d40c8439-b047-4b38-90b1-52a68d7d9fe2@group-65EDF0013E08-FollowerState] INFO  impl.RoleInfo (RoleInfo.java:shutdownFollowerState(110)) - d40c8439-b047-4b38-90b1-52a68d7d9fe2: shutdown d40c8439-b047-4b38-90b1-52a68d7d9fe2@group-65EDF0013E08-FollowerState
2024-04-29 10:07:11,040 [d40c8439-b047-4b38-90b1-52a68d7d9fe2@group-65EDF0013E08-FollowerState] INFO  server.RaftServer$Division (RaftServerImpl.java:setRole(383)) - d40c8439-b047-4b38-90b1-52a68d7d9fe2@group-65EDF0013E08: changes role from  FOLLOWER to CANDIDATE at term 0 for changeToCandidate
2024-04-29 10:07:11,040 [d40c8439-b047-4b38-90b1-52a68d7d9fe2@group-65EDF0013E08-FollowerState] INFO  server.RaftServerConfigKeys (ConfUtils.java:logGet(46)) - raft.server.leaderelection.pre-vote = true (default)
2024-04-29 10:07:11,040 [d40c8439-b047-4b38-90b1-52a68d7d9fe2@group-65EDF0013E08-FollowerState] INFO  impl.RoleInfo (RoleInfo.java:updateAndGet(139)) - d40c8439-b047-4b38-90b1-52a68d7d9fe2: start d40c8439-b047-4b38-90b1-52a68d7d9fe2@group-65EDF0013E08-LeaderElection91
2024-04-29 10:07:11,040 [d40c8439-b047-4b38-90b1-52a68d7d9fe2@group-65EDF0013E08-LeaderElection91] INFO  impl.LeaderElection (LeaderElection.java:askForVotes(321)) - d40c8439-b047-4b38-90b1-52a68d7d9fe2@group-65EDF0013E08-LeaderElection91 PRE_VOTE round 0: submit vote requests at term 0 for -1: peers:[d40c8439-b047-4b38-90b1-52a68d7d9fe2|127.0.0.1:15522]|listeners:[], old=null
2024-04-29 10:07:11,040 [d40c8439-b047-4b38-90b1-52a68d7d9fe2@group-65EDF0013E08-LeaderElection91] INFO  impl.LeaderElection (LeaderElection.java:askForVotes(323)) - d40c8439-b047-4b38-90b1-52a68d7d9fe2@group-65EDF0013E08-LeaderElection91 PRE_VOTE round 0: result PASSED (term=0)
2024-04-29 10:07:11,041 [d40c8439-b047-4b38-90b1-52a68d7d9fe2@group-65EDF0013E08-LeaderElection91] INFO  impl.LeaderElection (LeaderElection.java:askForVotes(321)) - d40c8439-b047-4b38-90b1-52a68d7d9fe2@group-65EDF0013E08-LeaderElection91 ELECTION round 0: submit vote requests at term 1 for -1: peers:[d40c8439-b047-4b38-90b1-52a68d7d9fe2|127.0.0.1:15522]|listeners:[], old=null
2024-04-29 10:07:11,041 [d40c8439-b047-4b38-90b1-52a68d7d9fe2@group-65EDF0013E08-LeaderElection91] INFO  impl.LeaderElection (LeaderElection.java:askForVotes(323)) - d40c8439-b047-4b38-90b1-52a68d7d9fe2@group-65EDF0013E08-LeaderElection91 ELECTION round 0: result PASSED (term=1)
2024-04-29 10:07:11,041 [d40c8439-b047-4b38-90b1-52a68d7d9fe2@group-65EDF0013E08-LeaderElection91] INFO  impl.RoleInfo (RoleInfo.java:shutdownLeaderElection(130)) - d40c8439-b047-4b38-90b1-52a68d7d9fe2: shutdown d40c8439-b047-4b38-90b1-52a68d7d9fe2@group-65EDF0013E08-LeaderElection91
2024-04-29 10:07:11,041 [d40c8439-b047-4b38-90b1-52a68d7d9fe2@group-65EDF0013E08-LeaderElection91] INFO  server.RaftServer$Division (RaftServerImpl.java:setRole(383)) - d40c8439-b047-4b38-90b1-52a68d7d9fe2@group-65EDF0013E08: changes role from CANDIDATE to LEADER at term 1 for changeToLeader
2024-04-29 10:07:11,041 [d40c8439-b047-4b38-90b1-52a68d7d9fe2@group-65EDF0013E08-LeaderElection91] INFO  server.RaftServerConfigKeys (ConfUtils.java:logGet(46)) - raft.server.staging.catchup.gap = 1000 (default)
2024-04-29 10:07:11,041 [d40c8439-b047-4b38-90b1-52a68d7d9fe2@group-65EDF0013E08-LeaderElection91] INFO  server.RaftServerConfigKeys (ConfUtils.java:logGet(46)) - raft.server.write.element-limit = 1024 (custom)
2024-04-29 10:07:11,041 [d40c8439-b047-4b38-90b1-52a68d7d9fe2@group-65EDF0013E08-LeaderElection91] INFO  server.RaftServerConfigKeys (ConfUtils.java:logGet(46)) - raft.server.write.byte-limit = 1024 M (=1073741824) (custom)
2024-04-29 10:07:11,042 [d40c8439-b047-4b38-90b1-52a68d7d9fe2@group-65EDF0013E08-LeaderElection91] INFO  server.RaftServerConfigKeys (ConfUtils.java:logGet(46)) - raft.server.watch.timeout = 3000ms (custom)
2024-04-29 10:07:11,042 [d40c8439-b047-4b38-90b1-52a68d7d9fe2@group-65EDF0013E08-LeaderElection91] INFO  server.RaftServerConfigKeys (ConfUtils.java:logGet(46)) - raft.server.watch.timeout.denomination = 1s (default)
2024-04-29 10:07:11,042 [d40c8439-b047-4b38-90b1-52a68d7d9fe2@group-65EDF0013E08-LeaderElection91] INFO  server.RaftServerConfigKeys (ConfUtils.java:logGet(46)) - raft.server.watch.element-limit = 65536 (default)
2024-04-29 10:07:11,042 [d40c8439-b047-4b38-90b1-52a68d7d9fe2@group-65EDF0013E08-LeaderElection91] INFO  server.RaftServerConfigKeys (ConfUtils.java:logGet(46)) - raft.server.read.leader.lease.enabled = false (default)
2024-04-29 10:07:11,042 [d40c8439-b047-4b38-90b1-52a68d7d9fe2@group-65EDF0013E08-LeaderElection91] INFO  server.RaftServerConfigKeys (ConfUtils.java:logGet(46)) - raft.server.read.leader.lease.timeout.ratio = 0.9 (default)
2024-04-29 10:07:11,042 [d40c8439-b047-4b38-90b1-52a68d7d9fe2@group-65EDF0013E08-LeaderElection91] INFO  server.RaftServerConfigKeys (ConfUtils.java:logGet(46)) - raft.server.rpc.timeout.min = 5s (custom)
2024-04-29 10:07:11,042 [d40c8439-b047-4b38-90b1-52a68d7d9fe2@group-65EDF0013E08-LeaderElection91] INFO  server.RaftServerConfigKeys (ConfUtils.java:logGet(46)) - raft.server.write.element-limit = 1024 (custom)
2024-04-29 10:07:11,042 [d40c8439-b047-4b38-90b1-52a68d7d9fe2@group-65EDF0013E08-LeaderElection91] INFO  server.RaftServerConfigKeys (ConfUtils.java:logGet(46)) - raft.server.write.follower.gap.ratio.max = -1.0 (default)
2024-04-29 10:07:11,042 [d40c8439-b047-4b38-90b1-52a68d7d9fe2@group-65EDF0013E08-LeaderElection91] INFO  impl.RoleInfo (RoleInfo.java:updateAndGet(139)) - d40c8439-b047-4b38-90b1-52a68d7d9fe2: start d40c8439-b047-4b38-90b1-52a68d7d9fe2@group-65EDF0013E08-LeaderStateImpl
2024-04-29 10:07:11,042 [d40c8439-b047-4b38-90b1-52a68d7d9fe2@group-65EDF0013E08-LeaderElection91] INFO  server.RaftServer$Division (RaftServerImpl.java:setFirstElection(574)) - d40c8439-b047-4b38-90b1-52a68d7d9fe2@group-65EDF0013E08: set firstElectionSinceStartup to false for becomeLeader
2024-04-29 10:07:11,042 [d40c8439-b047-4b38-90b1-52a68d7d9fe2@group-65EDF0013E08-LeaderElection91] INFO  ratis.XceiverServerRatis (XceiverServerRatis.java:handleLeaderChangedNotification(966)) - Leader change notification received for group: group-65EDF0013E08 with new leaderId: d40c8439-b047-4b38-90b1-52a68d7d9fe2
2024-04-29 10:07:11,042 [d40c8439-b047-4b38-90b1-52a68d7d9fe2@group-65EDF0013E08-LeaderElection91] INFO  server.RaftServer$Division (ServerState.java:setLeader(269)) - d40c8439-b047-4b38-90b1-52a68d7d9fe2@group-65EDF0013E08: change Leader from null to d40c8439-b047-4b38-90b1-52a68d7d9fe2 at term 1 for becomeLeader, leader elected after 5141ms
2024-04-29 10:07:11,043 [d40c8439-b047-4b38-90b1-52a68d7d9fe2@group-65EDF0013E08-LeaderElection91] INFO  segmented.SegmentedRaftLogWorker (SegmentedRaftLogWorker.java:startLogSegment(430)) - d40c8439-b047-4b38-90b1-52a68d7d9fe2@group-65EDF0013E08-SegmentedRaftLogWorker: Starting segment from index:0
2024-04-29 10:07:11,043 [d40c8439-b047-4b38-90b1-52a68d7d9fe2@group-65EDF0013E08-LeaderElection91] INFO  server.RaftServer$Division (ServerState.java:setRaftConf(386)) - d40c8439-b047-4b38-90b1-52a68d7d9fe2@group-65EDF0013E08: set configuration 0: peers:[d40c8439-b047-4b38-90b1-52a68d7d9fe2|127.0.0.1:15522]|listeners:[], old=null
2024-04-29 10:07:11,043 [d40c8439-b047-4b38-90b1-52a68d7d9fe2@group-65EDF0013E08-SegmentedRaftLogWorker] INFO  segmented.BufferedWriteChannel (BufferedWriteChannel.java:open(62)) - open log_inprogress_0 at position 0
2024-04-29 10:07:11,050 [d40c8439-b047-4b38-90b1-52a68d7d9fe2@group-65EDF0013E08-SegmentedRaftLogWorker] INFO  segmented.SegmentedRaftLogWorker (SegmentedRaftLogWorker.java:execute(634)) - d40c8439-b047-4b38-90b1-52a68d7d9fe2@group-65EDF0013E08-SegmentedRaftLogWorker: created new log segment /home/runner/work/ozone/ozone/hadoop-ozone/integration-test/target/test-dir/MiniOzoneClusterImpl-9e79b078-2218-4abd-b04c-a65fc7f927a6/ozone-meta/datanode-8/ratis/55eb9c21-da10-48b8-b4f4-65edf0013e08/current/log_inprogress_0
2024-04-29 10:07:11,052 [d40c8439-b047-4b38-90b1-52a68d7d9fe2@group-65EDF0013E08-StateMachineUpdater] INFO  server.RaftServer$Division (LeaderStateImpl.java:isApplied(320)) - leader is ready since appliedIndex == 0 >= startIndex == 0
2024-04-29 10:07:11,086 [d40c8439-b047-4b38-90b1-52a68d7d9fe2@group-19A9548FA913-FollowerState] INFO  impl.FollowerState (FollowerState.java:run(143)) - d40c8439-b047-4b38-90b1-52a68d7d9fe2@group-19A9548FA913-FollowerState: change to CANDIDATE, lastRpcElapsedTime:5161034924ns, electionTimeout:5160ms
2024-04-29 10:07:11,086 [d40c8439-b047-4b38-90b1-52a68d7d9fe2@group-19A9548FA913-FollowerState] INFO  impl.RoleInfo (RoleInfo.java:shutdownFollowerState(110)) - d40c8439-b047-4b38-90b1-52a68d7d9fe2: shutdown d40c8439-b047-4b38-90b1-52a68d7d9fe2@group-19A9548FA913-FollowerState
2024-04-29 10:07:11,086 [d40c8439-b047-4b38-90b1-52a68d7d9fe2@group-19A9548FA913-FollowerState] INFO  server.RaftServer$Division (RaftServerImpl.java:setRole(383)) - d40c8439-b047-4b38-90b1-52a68d7d9fe2@group-19A9548FA913: changes role from  FOLLOWER to CANDIDATE at term 0 for changeToCandidate
2024-04-29 10:07:11,086 [d40c8439-b047-4b38-90b1-52a68d7d9fe2@group-19A9548FA913-FollowerState] INFO  server.RaftServerConfigKeys (ConfUtils.java:logGet(46)) - raft.server.leaderelection.pre-vote = true (default)
2024-04-29 10:07:11,086 [d40c8439-b047-4b38-90b1-52a68d7d9fe2@group-19A9548FA913-FollowerState] INFO  impl.RoleInfo (RoleInfo.java:updateAndGet(139)) - d40c8439-b047-4b38-90b1-52a68d7d9fe2: start d40c8439-b047-4b38-90b1-52a68d7d9fe2@group-19A9548FA913-LeaderElection92
2024-04-29 10:07:11,086 [d40c8439-b047-4b38-90b1-52a68d7d9fe2@group-19A9548FA913-LeaderElection92] INFO  impl.LeaderElection (LeaderElection.java:askForVotes(321)) - d40c8439-b047-4b38-90b1-52a68d7d9fe2@group-19A9548FA913-LeaderElection92 PRE_VOTE round 0: submit vote requests at term 0 for -1: peers:[6d3d555f-4cf8-4e54-a907-fcd788b1b69a|127.0.0.1:15513, 158faee4-db49-465b-9160-a35c663658b4|127.0.0.1:15531, d40c8439-b047-4b38-90b1-52a68d7d9fe2|127.0.0.1:15522]|listeners:[], old=null
2024-04-29 10:07:11,087 [d40c8439-b047-4b38-90b1-52a68d7d9fe2@group-19A9548FA913-LeaderElection92-1] INFO  server.GrpcServerProtocolClient (GrpcServerProtocolClient.java:<init>(65)) - Build channel for 6d3d555f-4cf8-4e54-a907-fcd788b1b69a|127.0.0.1:15513
2024-04-29 10:07:11,087 [d40c8439-b047-4b38-90b1-52a68d7d9fe2@group-19A9548FA913-LeaderElection92-2] INFO  server.GrpcServerProtocolClient (GrpcServerProtocolClient.java:<init>(65)) - Build channel for 158faee4-db49-465b-9160-a35c663658b4|127.0.0.1:15531
2024-04-29 10:07:11,087 [d40c8439-b047-4b38-90b1-52a68d7d9fe2@group-19A9548FA913-LeaderElection92] INFO  server.RaftServerConfigKeys (ConfUtils.java:logFallback(53)) - raft.server.rpc.first-election.timeout.min = 5s (fallback to raft.server.rpc.timeout.min)
2024-04-29 10:07:11,087 [d40c8439-b047-4b38-90b1-52a68d7d9fe2@group-19A9548FA913-LeaderElection92] INFO  server.RaftServerConfigKeys (ConfUtils.java:logFallback(53)) - raft.server.rpc.first-election.timeout.max = 5200ms (fallback to raft.server.rpc.timeout.max)
2024-04-29 10:07:11,090 [grpc-default-executor-2] INFO  server.RaftServer$Division (RaftServerImpl.java:requestVote(1389)) - 6d3d555f-4cf8-4e54-a907-fcd788b1b69a@group-19A9548FA913: receive requestVote(PRE_VOTE, d40c8439-b047-4b38-90b1-52a68d7d9fe2, group-19A9548FA913, 0, (t:0, i:0))
2024-04-29 10:07:11,091 [grpc-default-executor-2] INFO  impl.VoteContext (VoteContext.java:log(49)) - 6d3d555f-4cf8-4e54-a907-fcd788b1b69a@group-19A9548FA913-FOLLOWER: accept PRE_VOTE from d40c8439-b047-4b38-90b1-52a68d7d9fe2: our priority 0 <= candidate's priority 1
2024-04-29 10:07:11,091 [grpc-default-executor-2] INFO  server.RaftServer$Division (RaftServerImpl.java:requestVote(1422)) - 6d3d555f-4cf8-4e54-a907-fcd788b1b69a@group-19A9548FA913 replies to PRE_VOTE vote request: d40c8439-b047-4b38-90b1-52a68d7d9fe2<-6d3d555f-4cf8-4e54-a907-fcd788b1b69a#0:OK-t0. Peer's state: 6d3d555f-4cf8-4e54-a907-fcd788b1b69a@group-19A9548FA913:t0, leader=null, voted=, raftlog=Memoized:6d3d555f-4cf8-4e54-a907-fcd788b1b69a@group-19A9548FA913-SegmentedRaftLog:OPENED:c-1, conf=-1: peers:[6d3d555f-4cf8-4e54-a907-fcd788b1b69a|127.0.0.1:15513, 158faee4-db49-465b-9160-a35c663658b4|127.0.0.1:15531, d40c8439-b047-4b38-90b1-52a68d7d9fe2|127.0.0.1:15522]|listeners:[], old=null
2024-04-29 10:07:11,091 [d40c8439-b047-4b38-90b1-52a68d7d9fe2@group-19A9548FA913-LeaderElection92] INFO  impl.LeaderElection (LeaderElection.java:logAndReturn(89)) - d40c8439-b047-4b38-90b1-52a68d7d9fe2@group-19A9548FA913-LeaderElection92: PRE_VOTE PASSED received 1 response(s) and 0 exception(s):
2024-04-29 10:07:11,091 [d40c8439-b047-4b38-90b1-52a68d7d9fe2@group-19A9548FA913-LeaderElection92] INFO  impl.LeaderElection (LeaderElection.java:logAndReturn(93)) -   Response 0: d40c8439-b047-4b38-90b1-52a68d7d9fe2<-6d3d555f-4cf8-4e54-a907-fcd788b1b69a#0:OK-t0
2024-04-29 10:07:11,091 [d40c8439-b047-4b38-90b1-52a68d7d9fe2@group-19A9548FA913-LeaderElection92] INFO  impl.LeaderElection (LeaderElection.java:askForVotes(323)) - d40c8439-b047-4b38-90b1-52a68d7d9fe2@group-19A9548FA913-LeaderElection92 PRE_VOTE round 0: result PASSED
2024-04-29 10:07:11,092 [d40c8439-b047-4b38-90b1-52a68d7d9fe2@group-19A9548FA913-LeaderElection92] INFO  impl.LeaderElection (LeaderElection.java:askForVotes(321)) - d40c8439-b047-4b38-90b1-52a68d7d9fe2@group-19A9548FA913-LeaderElection92 ELECTION round 0: submit vote requests at term 1 for -1: peers:[6d3d555f-4cf8-4e54-a907-fcd788b1b69a|127.0.0.1:15513, 158faee4-db49-465b-9160-a35c663658b4|127.0.0.1:15531, d40c8439-b047-4b38-90b1-52a68d7d9fe2|127.0.0.1:15522]|listeners:[], old=null
2024-04-29 10:07:11,093 [d40c8439-b047-4b38-90b1-52a68d7d9fe2@group-19A9548FA913-LeaderElection92] INFO  server.RaftServerConfigKeys (ConfUtils.java:logFallback(53)) - raft.server.rpc.first-election.timeout.min = 5s (fallback to raft.server.rpc.timeout.min)
2024-04-29 10:07:11,093 [d40c8439-b047-4b38-90b1-52a68d7d9fe2@group-19A9548FA913-LeaderElection92] INFO  server.RaftServerConfigKeys (ConfUtils.java:logFallback(53)) - raft.server.rpc.first-election.timeout.max = 5200ms (fallback to raft.server.rpc.timeout.max)
2024-04-29 10:07:11,093 [grpc-default-executor-7] INFO  server.RaftServer$Division (RaftServerImpl.java:requestVote(1389)) - 6d3d555f-4cf8-4e54-a907-fcd788b1b69a@group-19A9548FA913: receive requestVote(ELECTION, d40c8439-b047-4b38-90b1-52a68d7d9fe2, group-19A9548FA913, 1, (t:0, i:0))
2024-04-29 10:07:11,093 [grpc-default-executor-2] INFO  server.RaftServer$Division (RaftServerImpl.java:requestVote(1389)) - 158faee4-db49-465b-9160-a35c663658b4@group-19A9548FA913: receive requestVote(PRE_VOTE, d40c8439-b047-4b38-90b1-52a68d7d9fe2, group-19A9548FA913, 0, (t:0, i:0))
2024-04-29 10:07:11,093 [grpc-default-executor-1] INFO  server.RaftServer$Division (RaftServerImpl.java:requestVote(1389)) - 158faee4-db49-465b-9160-a35c663658b4@group-19A9548FA913: receive requestVote(ELECTION, d40c8439-b047-4b38-90b1-52a68d7d9fe2, group-19A9548FA913, 1, (t:0, i:0))
2024-04-29 10:07:11,093 [grpc-default-executor-2] INFO  impl.VoteContext (VoteContext.java:log(49)) - 158faee4-db49-465b-9160-a35c663658b4@group-19A9548FA913-FOLLOWER: accept PRE_VOTE from d40c8439-b047-4b38-90b1-52a68d7d9fe2: our priority 0 <= candidate's priority 1
2024-04-29 10:07:11,094 [grpc-default-executor-2] INFO  server.RaftServer$Division (RaftServerImpl.java:requestVote(1422)) - 158faee4-db49-465b-9160-a35c663658b4@group-19A9548FA913 replies to PRE_VOTE vote request: d40c8439-b047-4b38-90b1-52a68d7d9fe2<-158faee4-db49-465b-9160-a35c663658b4#0:OK-t0. Peer's state: 158faee4-db49-465b-9160-a35c663658b4@group-19A9548FA913:t0, leader=null, voted=, raftlog=Memoized:158faee4-db49-465b-9160-a35c663658b4@group-19A9548FA913-SegmentedRaftLog:OPENED:c-1, conf=-1: peers:[6d3d555f-4cf8-4e54-a907-fcd788b1b69a|127.0.0.1:15513, 158faee4-db49-465b-9160-a35c663658b4|127.0.0.1:15531, d40c8439-b047-4b38-90b1-52a68d7d9fe2|127.0.0.1:15522]|listeners:[], old=null
2024-04-29 10:07:11,094 [grpc-default-executor-1] INFO  impl.VoteContext (VoteContext.java:log(49)) - 158faee4-db49-465b-9160-a35c663658b4@group-19A9548FA913-FOLLOWER: accept ELECTION from d40c8439-b047-4b38-90b1-52a68d7d9fe2: our priority 0 <= candidate's priority 1
2024-04-29 10:07:11,093 [grpc-default-executor-7] INFO  impl.VoteContext (VoteContext.java:log(49)) - 6d3d555f-4cf8-4e54-a907-fcd788b1b69a@group-19A9548FA913-FOLLOWER: accept ELECTION from d40c8439-b047-4b38-90b1-52a68d7d9fe2: our priority 0 <= candidate's priority 1
2024-04-29 10:07:11,094 [grpc-default-executor-1] INFO  server.RaftServer$Division (RaftServerImpl.java:setRole(383)) - 158faee4-db49-465b-9160-a35c663658b4@group-19A9548FA913: changes role from  FOLLOWER to FOLLOWER at term 1 for candidate:d40c8439-b047-4b38-90b1-52a68d7d9fe2
2024-04-29 10:07:11,094 [grpc-default-executor-1] INFO  impl.RoleInfo (RoleInfo.java:shutdownFollowerState(110)) - 158faee4-db49-465b-9160-a35c663658b4: shutdown 158faee4-db49-465b-9160-a35c663658b4@group-19A9548FA913-FollowerState
2024-04-29 10:07:11,094 [grpc-default-executor-1] INFO  impl.RoleInfo (RoleInfo.java:updateAndGet(139)) - 158faee4-db49-465b-9160-a35c663658b4: start 158faee4-db49-465b-9160-a35c663658b4@group-19A9548FA913-FollowerState
2024-04-29 10:07:11,094 [158faee4-db49-465b-9160-a35c663658b4@group-19A9548FA913-FollowerState] INFO  impl.FollowerState (FollowerState.java:run(152)) - 158faee4-db49-465b-9160-a35c663658b4@group-19A9548FA913-FollowerState was interrupted
2024-04-29 10:07:11,094 [grpc-default-executor-7] INFO  server.RaftServer$Division (RaftServerImpl.java:setRole(383)) - 6d3d555f-4cf8-4e54-a907-fcd788b1b69a@group-19A9548FA913: changes role from  FOLLOWER to FOLLOWER at term 1 for candidate:d40c8439-b047-4b38-90b1-52a68d7d9fe2
2024-04-29 10:07:11,094 [grpc-default-executor-7] INFO  impl.RoleInfo (RoleInfo.java:shutdownFollowerState(110)) - 6d3d555f-4cf8-4e54-a907-fcd788b1b69a: shutdown 6d3d555f-4cf8-4e54-a907-fcd788b1b69a@group-19A9548FA913-FollowerState
2024-04-29 10:07:11,094 [grpc-default-executor-1] INFO  server.RaftServer$Division (RaftServerImpl.java:setFirstElection(574)) - 158faee4-db49-465b-9160-a35c663658b4@group-19A9548FA913: set firstElectionSinceStartup to false for candidate:d40c8439-b047-4b38-90b1-52a68d7d9fe2
2024-04-29 10:07:11,094 [6d3d555f-4cf8-4e54-a907-fcd788b1b69a@group-19A9548FA913-FollowerState] INFO  impl.FollowerState (FollowerState.java:run(152)) - 6d3d555f-4cf8-4e54-a907-fcd788b1b69a@group-19A9548FA913-FollowerState was interrupted
2024-04-29 10:07:11,094 [grpc-default-executor-7] INFO  impl.RoleInfo (RoleInfo.java:updateAndGet(139)) - 6d3d555f-4cf8-4e54-a907-fcd788b1b69a: start 6d3d555f-4cf8-4e54-a907-fcd788b1b69a@group-19A9548FA913-FollowerState
2024-04-29 10:07:11,095 [grpc-default-executor-1] INFO  server.RaftServer$Division (RaftServerImpl.java:requestVote(1422)) - 158faee4-db49-465b-9160-a35c663658b4@group-19A9548FA913 replies to ELECTION vote request: d40c8439-b047-4b38-90b1-52a68d7d9fe2<-158faee4-db49-465b-9160-a35c663658b4#0:OK-t1. Peer's state: 158faee4-db49-465b-9160-a35c663658b4@group-19A9548FA913:t1, leader=null, voted=d40c8439-b047-4b38-90b1-52a68d7d9fe2, raftlog=Memoized:158faee4-db49-465b-9160-a35c663658b4@group-19A9548FA913-SegmentedRaftLog:OPENED:c-1, conf=-1: peers:[6d3d555f-4cf8-4e54-a907-fcd788b1b69a|127.0.0.1:15513, 158faee4-db49-465b-9160-a35c663658b4|127.0.0.1:15531, d40c8439-b047-4b38-90b1-52a68d7d9fe2|127.0.0.1:15522]|listeners:[], old=null
2024-04-29 10:07:11,096 [grpc-default-executor-7] INFO  server.RaftServer$Division (RaftServerImpl.java:requestVote(1422)) - 6d3d555f-4cf8-4e54-a907-fcd788b1b69a@group-19A9548FA913 replies to ELECTION vote request: d40c8439-b047-4b38-90b1-52a68d7d9fe2<-6d3d555f-4cf8-4e54-a907-fcd788b1b69a#0:OK-t1. Peer's state: 6d3d555f-4cf8-4e54-a907-fcd788b1b69a@group-19A9548FA913:t1, leader=null, voted=d40c8439-b047-4b38-90b1-52a68d7d9fe2, raftlog=Memoized:6d3d555f-4cf8-4e54-a907-fcd788b1b69a@group-19A9548FA913-SegmentedRaftLog:OPENED:c-1, conf=-1: peers:[6d3d555f-4cf8-4e54-a907-fcd788b1b69a|127.0.0.1:15513, 158faee4-db49-465b-9160-a35c663658b4|127.0.0.1:15531, d40c8439-b047-4b38-90b1-52a68d7d9fe2|127.0.0.1:15522]|listeners:[], old=null
2024-04-29 10:07:11,096 [d40c8439-b047-4b38-90b1-52a68d7d9fe2@group-19A9548FA913-LeaderElection92] INFO  impl.LeaderElection (LeaderElection.java:logAndReturn(89)) - d40c8439-b047-4b38-90b1-52a68d7d9fe2@group-19A9548FA913-LeaderElection92: ELECTION PASSED received 1 response(s) and 0 exception(s):
2024-04-29 10:07:11,096 [d40c8439-b047-4b38-90b1-52a68d7d9fe2@group-19A9548FA913-LeaderElection92] INFO  impl.LeaderElection (LeaderElection.java:logAndReturn(93)) -   Response 0: d40c8439-b047-4b38-90b1-52a68d7d9fe2<-158faee4-db49-465b-9160-a35c663658b4#0:OK-t1
2024-04-29 10:07:11,096 [d40c8439-b047-4b38-90b1-52a68d7d9fe2@group-19A9548FA913-LeaderElection92] INFO  impl.LeaderElection (LeaderElection.java:askForVotes(323)) - d40c8439-b047-4b38-90b1-52a68d7d9fe2@group-19A9548FA913-LeaderElection92 ELECTION round 0: result PASSED
2024-04-29 10:07:11,096 [d40c8439-b047-4b38-90b1-52a68d7d9fe2@group-19A9548FA913-LeaderElection92] INFO  impl.RoleInfo (RoleInfo.java:shutdownLeaderElection(130)) - d40c8439-b047-4b38-90b1-52a68d7d9fe2: shutdown d40c8439-b047-4b38-90b1-52a68d7d9fe2@group-19A9548FA913-LeaderElection92
2024-04-29 10:07:11,096 [d40c8439-b047-4b38-90b1-52a68d7d9fe2@group-19A9548FA913-LeaderElection92] INFO  server.RaftServer$Division (RaftServerImpl.java:setRole(383)) - d40c8439-b047-4b38-90b1-52a68d7d9fe2@group-19A9548FA913: changes role from CANDIDATE to LEADER at term 1 for changeToLeader
2024-04-29 10:07:11,096 [d40c8439-b047-4b38-90b1-52a68d7d9fe2@group-19A9548FA913-LeaderElection92] INFO  server.RaftServerConfigKeys (ConfUtils.java:logGet(46)) - raft.server.staging.catchup.gap = 1000 (default)
2024-04-29 10:07:11,096 [d40c8439-b047-4b38-90b1-52a68d7d9fe2@group-19A9548FA913-LeaderElection92] INFO  server.RaftServerConfigKeys (ConfUtils.java:logGet(46)) - raft.server.write.element-limit = 1024 (custom)
2024-04-29 10:07:11,096 [d40c8439-b047-4b38-90b1-52a68d7d9fe2@group-19A9548FA913-LeaderElection92] INFO  server.RaftServerConfigKeys (ConfUtils.java:logGet(46)) - raft.server.write.byte-limit = 1024 M (=1073741824) (custom)
2024-04-29 10:07:11,096 [d40c8439-b047-4b38-90b1-52a68d7d9fe2@group-19A9548FA913-LeaderElection92] INFO  server.RaftServerConfigKeys (ConfUtils.java:logGet(46)) - raft.server.watch.timeout = 3000ms (custom)
2024-04-29 10:07:11,096 [d40c8439-b047-4b38-90b1-52a68d7d9fe2@group-19A9548FA913-LeaderElection92] INFO  server.RaftServerConfigKeys (ConfUtils.java:logGet(46)) - raft.server.watch.timeout.denomination = 1s (default)
2024-04-29 10:07:11,096 [d40c8439-b047-4b38-90b1-52a68d7d9fe2@group-19A9548FA913-LeaderElection92] INFO  server.RaftServerConfigKeys (ConfUtils.java:logGet(46)) - raft.server.watch.element-limit = 65536 (default)
2024-04-29 10:07:11,097 [d40c8439-b047-4b38-90b1-52a68d7d9fe2@group-19A9548FA913-LeaderElection92] INFO  server.RaftServerConfigKeys (ConfUtils.java:logGet(46)) - raft.server.read.leader.lease.enabled = false (default)
2024-04-29 10:07:11,097 [d40c8439-b047-4b38-90b1-52a68d7d9fe2@group-19A9548FA913-LeaderElection92] INFO  server.RaftServerConfigKeys (ConfUtils.java:logGet(46)) - raft.server.read.leader.lease.timeout.ratio = 0.9 (default)
2024-04-29 10:07:11,097 [d40c8439-b047-4b38-90b1-52a68d7d9fe2@group-19A9548FA913-LeaderElection92] INFO  server.RaftServerConfigKeys (ConfUtils.java:logGet(46)) - raft.server.rpc.timeout.min = 5s (custom)
2024-04-29 10:07:11,097 [d40c8439-b047-4b38-90b1-52a68d7d9fe2@group-19A9548FA913-LeaderElection92] INFO  server.RaftServerConfigKeys (ConfUtils.java:logGet(46)) - raft.server.write.element-limit = 1024 (custom)
2024-04-29 10:07:11,097 [d40c8439-b047-4b38-90b1-52a68d7d9fe2@group-19A9548FA913-LeaderElection92] INFO  server.RaftServerConfigKeys (ConfUtils.java:logGet(46)) - raft.server.write.follower.gap.ratio.max = -1.0 (default)
2024-04-29 10:07:11,097 [d40c8439-b047-4b38-90b1-52a68d7d9fe2@group-19A9548FA913-LeaderElection92] INFO  server.RaftServerConfigKeys (ConfUtils.java:logGet(46)) - raft.server.log.appender.snapshot.chunk.size.max = 16MB (=16777216) (default)
2024-04-29 10:07:11,097 [d40c8439-b047-4b38-90b1-52a68d7d9fe2@group-19A9548FA913-LeaderElection92] INFO  server.RaftServerConfigKeys (ConfUtils.java:logGet(46)) - raft.server.log.appender.buffer.byte-limit = 8388608 (custom)
2024-04-29 10:07:11,097 [d40c8439-b047-4b38-90b1-52a68d7d9fe2@group-19A9548FA913-LeaderElection92] INFO  server.RaftServerConfigKeys (ConfUtils.java:logGet(46)) - raft.server.log.appender.buffer.element-limit = 1 (custom)
2024-04-29 10:07:11,097 [d40c8439-b047-4b38-90b1-52a68d7d9fe2@group-19A9548FA913-LeaderElection92] INFO  server.RaftServerConfigKeys (ConfUtils.java:logGet(46)) - raft.server.log.appender.wait-time.min = 0ms (custom)
2024-04-29 10:07:11,097 [d40c8439-b047-4b38-90b1-52a68d7d9fe2@group-19A9548FA913-LeaderElection92] INFO  grpc.GrpcConfigKeys (ConfUtils.java:logGet(46)) - raft.grpc.server.leader.outstanding.appends.max = 8 (default)
2024-04-29 10:07:11,097 [d40c8439-b047-4b38-90b1-52a68d7d9fe2@group-19A9548FA913-LeaderElection92] INFO  server.RaftServerConfigKeys (ConfUtils.java:logGet(46)) - raft.server.rpc.request.timeout = 3000ms (default)
2024-04-29 10:07:11,097 [d40c8439-b047-4b38-90b1-52a68d7d9fe2@group-19A9548FA913-LeaderElection92] INFO  grpc.GrpcConfigKeys (ConfUtils.java:logGet(46)) - raft.grpc.server.install_snapshot.request.element-limit = 8 (default)
2024-04-29 10:07:11,097 [d40c8439-b047-4b38-90b1-52a68d7d9fe2@group-19A9548FA913-LeaderElection92] INFO  grpc.GrpcConfigKeys (ConfUtils.java:logGet(46)) - raft.grpc.server.install_snapshot.request.timeout = 3000ms (default)
2024-04-29 10:07:11,097 [d40c8439-b047-4b38-90b1-52a68d7d9fe2@group-19A9548FA913-LeaderElection92] INFO  grpc.GrpcConfigKeys (ConfUtils.java:logGet(46)) - raft.grpc.server.log-message.batch.duration = 5s (default)
2024-04-29 10:07:11,097 [d40c8439-b047-4b38-90b1-52a68d7d9fe2@group-19A9548FA913-LeaderElection92] INFO  server.RaftServerConfigKeys (ConfUtils.java:logGet(46)) - raft.server.log.appender.install.snapshot.enabled = false (custom)
2024-04-29 10:07:11,097 [d40c8439-b047-4b38-90b1-52a68d7d9fe2@group-19A9548FA913-LeaderElection92] INFO  grpc.GrpcConfigKeys (ConfUtils.java:logGet(46)) - raft.grpc.server.heartbeat.channel = true (default)
2024-04-29 10:07:11,098 [d40c8439-b047-4b38-90b1-52a68d7d9fe2@group-19A9548FA913-LeaderElection92] INFO  server.RaftServerConfigKeys (ConfUtils.java:logGet(46)) - raft.server.log.appender.snapshot.chunk.size.max = 16MB (=16777216) (default)
2024-04-29 10:07:11,098 [d40c8439-b047-4b38-90b1-52a68d7d9fe2@group-19A9548FA913-LeaderElection92] INFO  server.RaftServerConfigKeys (ConfUtils.java:logGet(46)) - raft.server.log.appender.buffer.byte-limit = 8388608 (custom)
2024-04-29 10:07:11,098 [d40c8439-b047-4b38-90b1-52a68d7d9fe2@group-19A9548FA913-LeaderElection92] INFO  server.RaftServerConfigKeys (ConfUtils.java:logGet(46)) - raft.server.log.appender.buffer.element-limit = 1 (custom)
2024-04-29 10:07:11,098 [d40c8439-b047-4b38-90b1-52a68d7d9fe2@group-19A9548FA913-LeaderElection92] INFO  server.RaftServerConfigKeys (ConfUtils.java:logGet(46)) - raft.server.log.appender.wait-time.min = 0ms (custom)
2024-04-29 10:07:11,098 [d40c8439-b047-4b38-90b1-52a68d7d9fe2@group-19A9548FA913-LeaderElection92] INFO  grpc.GrpcConfigKeys (ConfUtils.java:logGet(46)) - raft.grpc.server.leader.outstanding.appends.max = 8 (default)
2024-04-29 10:07:11,099 [d40c8439-b047-4b38-90b1-52a68d7d9fe2@group-19A9548FA913-LeaderElection92] INFO  server.RaftServerConfigKeys (ConfUtils.java:logGet(46)) - raft.server.rpc.request.timeout = 3000ms (default)
2024-04-29 10:07:11,099 [d40c8439-b047-4b38-90b1-52a68d7d9fe2@group-19A9548FA913-LeaderElection92] INFO  grpc.GrpcConfigKeys (ConfUtils.java:logGet(46)) - raft.grpc.server.install_snapshot.request.element-limit = 8 (default)
2024-04-29 10:07:11,099 [d40c8439-b047-4b38-90b1-52a68d7d9fe2@group-19A9548FA913-LeaderElection92] INFO  grpc.GrpcConfigKeys (ConfUtils.java:logGet(46)) - raft.grpc.server.install_snapshot.request.timeout = 3000ms (default)
2024-04-29 10:07:11,099 [d40c8439-b047-4b38-90b1-52a68d7d9fe2@group-19A9548FA913-LeaderElection92] INFO  grpc.GrpcConfigKeys (ConfUtils.java:logGet(46)) - raft.grpc.server.log-message.batch.duration = 5s (default)
2024-04-29 10:07:11,099 [d40c8439-b047-4b38-90b1-52a68d7d9fe2@group-19A9548FA913-LeaderElection92] INFO  server.RaftServerConfigKeys (ConfUtils.java:logGet(46)) - raft.server.log.appender.install.snapshot.enabled = false (custom)
2024-04-29 10:07:11,099 [d40c8439-b047-4b38-90b1-52a68d7d9fe2@group-19A9548FA913-LeaderElection92] INFO  grpc.GrpcConfigKeys (ConfUtils.java:logGet(46)) - raft.grpc.server.heartbeat.channel = true (default)
2024-04-29 10:07:11,099 [d40c8439-b047-4b38-90b1-52a68d7d9fe2@group-19A9548FA913-LeaderElection92] INFO  impl.RoleInfo (RoleInfo.java:updateAndGet(139)) - d40c8439-b047-4b38-90b1-52a68d7d9fe2: start d40c8439-b047-4b38-90b1-52a68d7d9fe2@group-19A9548FA913-LeaderStateImpl
2024-04-29 10:07:11,099 [d40c8439-b047-4b38-90b1-52a68d7d9fe2@group-19A9548FA913-LeaderElection92] INFO  server.RaftServer$Division (RaftServerImpl.java:setFirstElection(574)) - d40c8439-b047-4b38-90b1-52a68d7d9fe2@group-19A9548FA913: set firstElectionSinceStartup to false for becomeLeader
2024-04-29 10:07:11,099 [d40c8439-b047-4b38-90b1-52a68d7d9fe2@group-19A9548FA913-LeaderElection92] INFO  ratis.XceiverServerRatis (XceiverServerRatis.java:handleLeaderChangedNotification(966)) - Leader change notification received for group: group-19A9548FA913 with new leaderId: d40c8439-b047-4b38-90b1-52a68d7d9fe2
2024-04-29 10:07:11,099 [d40c8439-b047-4b38-90b1-52a68d7d9fe2@group-19A9548FA913-LeaderElection92] INFO  server.RaftServer$Division (ServerState.java:setLeader(269)) - d40c8439-b047-4b38-90b1-52a68d7d9fe2@group-19A9548FA913: change Leader from null to d40c8439-b047-4b38-90b1-52a68d7d9fe2 at term 1 for becomeLeader, leader elected after 5194ms
2024-04-29 10:07:11,100 [d40c8439-b047-4b38-90b1-52a68d7d9fe2@group-19A9548FA913-LeaderElection92] INFO  segmented.SegmentedRaftLogWorker (SegmentedRaftLogWorker.java:startLogSegment(430)) - d40c8439-b047-4b38-90b1-52a68d7d9fe2@group-19A9548FA913-SegmentedRaftLogWorker: Starting segment from index:0
2024-04-29 10:07:11,102 [d40c8439-b047-4b38-90b1-52a68d7d9fe2@group-19A9548FA913-SegmentedRaftLogWorker] INFO  segmented.BufferedWriteChannel (BufferedWriteChannel.java:open(62)) - open log_inprogress_0 at position 0
2024-04-29 10:07:11,105 [EventQueue-PipelineReportForPipelineReportHandler] INFO  pipeline.PipelineReportHandler (PipelineReportHandler.java:processPipelineReport(136)) - Opened pipeline PipelineID=4acc1650-dd09-4707-ae62-19a9548fa913
2024-04-29 10:07:11,105 [d40c8439-b047-4b38-90b1-52a68d7d9fe2@group-19A9548FA913-LeaderElection92] INFO  server.RaftServer$Division (ServerState.java:setRaftConf(386)) - d40c8439-b047-4b38-90b1-52a68d7d9fe2@group-19A9548FA913: set configuration 0: peers:[6d3d555f-4cf8-4e54-a907-fcd788b1b69a|127.0.0.1:15513, 158faee4-db49-465b-9160-a35c663658b4|127.0.0.1:15531, d40c8439-b047-4b38-90b1-52a68d7d9fe2|127.0.0.1:15522]|listeners:[], old=null
2024-04-29 10:07:11,110 [d40c8439-b047-4b38-90b1-52a68d7d9fe2@group-19A9548FA913-SegmentedRaftLogWorker] INFO  segmented.SegmentedRaftLogWorker (SegmentedRaftLogWorker.java:execute(634)) - d40c8439-b047-4b38-90b1-52a68d7d9fe2@group-19A9548FA913-SegmentedRaftLogWorker: created new log segment /home/runner/work/ozone/ozone/hadoop-ozone/integration-test/target/test-dir/MiniOzoneClusterImpl-9e79b078-2218-4abd-b04c-a65fc7f927a6/ozone-meta/datanode-8/ratis/4acc1650-dd09-4707-ae62-19a9548fa913/current/log_inprogress_0
2024-04-29 10:07:11,117 [6d3d555f-4cf8-4e54-a907-fcd788b1b69a-server-thread1] INFO  ratis.XceiverServerRatis (XceiverServerRatis.java:handleLeaderChangedNotification(966)) - Leader change notification received for group: group-19A9548FA913 with new leaderId: d40c8439-b047-4b38-90b1-52a68d7d9fe2
2024-04-29 10:07:11,117 [158faee4-db49-465b-9160-a35c663658b4-server-thread1] INFO  ratis.XceiverServerRatis (XceiverServerRatis.java:handleLeaderChangedNotification(966)) - Leader change notification received for group: group-19A9548FA913 with new leaderId: d40c8439-b047-4b38-90b1-52a68d7d9fe2
2024-04-29 10:07:11,117 [158faee4-db49-465b-9160-a35c663658b4-server-thread1] INFO  server.RaftServer$Division (ServerState.java:setLeader(269)) - 158faee4-db49-465b-9160-a35c663658b4@group-19A9548FA913: change Leader from null to d40c8439-b047-4b38-90b1-52a68d7d9fe2 at term 1 for appendEntries, leader elected after 5233ms
2024-04-29 10:07:11,117 [6d3d555f-4cf8-4e54-a907-fcd788b1b69a-server-thread1] INFO  server.RaftServer$Division (ServerState.java:setLeader(269)) - 6d3d555f-4cf8-4e54-a907-fcd788b1b69a@group-19A9548FA913: change Leader from null to d40c8439-b047-4b38-90b1-52a68d7d9fe2 at term 1 for appendEntries, leader elected after 5253ms
2024-04-29 10:07:11,122 [158faee4-db49-465b-9160-a35c663658b4-server-thread2] INFO  server.RaftServer$Division (ServerState.java:setRaftConf(386)) - 158faee4-db49-465b-9160-a35c663658b4@group-19A9548FA913: set configuration 0: peers:[6d3d555f-4cf8-4e54-a907-fcd788b1b69a|127.0.0.1:15513, 158faee4-db49-465b-9160-a35c663658b4|127.0.0.1:15531, d40c8439-b047-4b38-90b1-52a68d7d9fe2|127.0.0.1:15522]|listeners:[], old=null
2024-04-29 10:07:11,122 [158faee4-db49-465b-9160-a35c663658b4-server-thread2] INFO  segmented.SegmentedRaftLogWorker (SegmentedRaftLogWorker.java:startLogSegment(430)) - 158faee4-db49-465b-9160-a35c663658b4@group-19A9548FA913-SegmentedRaftLogWorker: Starting segment from index:0
2024-04-29 10:07:11,122 [6d3d555f-4cf8-4e54-a907-fcd788b1b69a-server-thread2] INFO  server.RaftServer$Division (ServerState.java:setRaftConf(386)) - 6d3d555f-4cf8-4e54-a907-fcd788b1b69a@group-19A9548FA913: set configuration 0: peers:[6d3d555f-4cf8-4e54-a907-fcd788b1b69a|127.0.0.1:15513, 158faee4-db49-465b-9160-a35c663658b4|127.0.0.1:15531, d40c8439-b047-4b38-90b1-52a68d7d9fe2|127.0.0.1:15522]|listeners:[], old=null
2024-04-29 10:07:11,122 [6d3d555f-4cf8-4e54-a907-fcd788b1b69a-server-thread2] INFO  segmented.SegmentedRaftLogWorker (SegmentedRaftLogWorker.java:startLogSegment(430)) - 6d3d555f-4cf8-4e54-a907-fcd788b1b69a@group-19A9548FA913-SegmentedRaftLogWorker: Starting segment from index:0
2024-04-29 10:07:11,126 [158faee4-db49-465b-9160-a35c663658b4@group-19A9548FA913-SegmentedRaftLogWorker] INFO  segmented.BufferedWriteChannel (BufferedWriteChannel.java:open(62)) - open log_inprogress_0 at position 0
2024-04-29 10:07:11,127 [6d3d555f-4cf8-4e54-a907-fcd788b1b69a@group-19A9548FA913-SegmentedRaftLogWorker] INFO  segmented.BufferedWriteChannel (BufferedWriteChannel.java:open(62)) - open log_inprogress_0 at position 0
2024-04-29 10:07:11,136 [158faee4-db49-465b-9160-a35c663658b4@group-19A9548FA913-SegmentedRaftLogWorker] INFO  segmented.SegmentedRaftLogWorker (SegmentedRaftLogWorker.java:execute(634)) - 158faee4-db49-465b-9160-a35c663658b4@group-19A9548FA913-SegmentedRaftLogWorker: created new log segment /home/runner/work/ozone/ozone/hadoop-ozone/integration-test/target/test-dir/MiniOzoneClusterImpl-9e79b078-2218-4abd-b04c-a65fc7f927a6/ozone-meta/datanode-9/ratis/4acc1650-dd09-4707-ae62-19a9548fa913/current/log_inprogress_0
2024-04-29 10:07:11,138 [6d3d555f-4cf8-4e54-a907-fcd788b1b69a@group-19A9548FA913-SegmentedRaftLogWorker] INFO  segmented.SegmentedRaftLogWorker (SegmentedRaftLogWorker.java:execute(634)) - 6d3d555f-4cf8-4e54-a907-fcd788b1b69a@group-19A9548FA913-SegmentedRaftLogWorker: created new log segment /home/runner/work/ozone/ozone/hadoop-ozone/integration-test/target/test-dir/MiniOzoneClusterImpl-9e79b078-2218-4abd-b04c-a65fc7f927a6/ozone-meta/datanode-7/ratis/4acc1650-dd09-4707-ae62-19a9548fa913/current/log_inprogress_0
2024-04-29 10:07:11,140 [d40c8439-b047-4b38-90b1-52a68d7d9fe2@group-19A9548FA913-StateMachineUpdater] INFO  server.RaftServer$Division (LeaderStateImpl.java:isApplied(320)) - leader is ready since appliedIndex == 0 >= startIndex == 0
2024-04-29 10:07:11,681 [a3deba03-ffe7-4d5f-b81f-0cb8f398f916-impl-thread2] INFO  segmented.SegmentedRaftLogWorker (SegmentedRaftLogWorker.java:close(245)) - a3deba03-ffe7-4d5f-b81f-0cb8f398f916@group-CC65C46A3609-SegmentedRaftLogWorker close()
2024-04-29 10:07:11,978 [a3deba03-ffe7-4d5f-b81f-0cb8f398f916-impl-thread1] INFO  segmented.SegmentedRaftLogWorker (SegmentedRaftLogWorker.java:close(245)) - a3deba03-ffe7-4d5f-b81f-0cb8f398f916@group-CFFF5D2A65B7-SegmentedRaftLogWorker close()
2024-04-29 10:07:11,978 [JvmPauseMonitor58] INFO  util.JvmPauseMonitor (JvmPauseMonitor.java:run(152)) - JvmPauseMonitor-a3deba03-ffe7-4d5f-b81f-0cb8f398f916: Stopped
2024-04-29 10:07:13,980 [main] INFO  utils.DatanodeStoreCache (DatanodeStoreCache.java:shutdownCache(116)) - Skip clearing cache in mini cluster mode. Entries left: [/home/runner/work/ozone/ozone/hadoop-ozone/integration-test/target/test-dir/MiniOzoneClusterImpl-9e79b078-2218-4abd-b04c-a65fc7f927a6/ozone-meta/datanode-1/data-0/hdds/9e79b078-2218-4abd-b04c-a65fc7f927a6/DS-31b389e1-ac02-42b6-b9d9-31cf6c6e9e9b/container.db, /home/runner/work/ozone/ozone/hadoop-ozone/integration-test/target/test-dir/MiniOzoneClusterImpl-9e79b078-2218-4abd-b04c-a65fc7f927a6/ozone-meta/datanode-2/data-0/hdds/9e79b078-2218-4abd-b04c-a65fc7f927a6/DS-3ec9864c-cf60-405c-90e2-0dc953ac364d/container.db, /home/runner/work/ozone/ozone/hadoop-ozone/integration-test/target/test-dir/MiniOzoneClusterImpl-9e79b078-2218-4abd-b04c-a65fc7f927a6/ozone-meta/datanode-3/data-0/hdds/9e79b078-2218-4abd-b04c-a65fc7f927a6/DS-307f2ce1-f560-4301-9545-0db10d2fed8b/container.db, /home/runner/work/ozone/ozone/hadoop-ozone/integration-test/target/test-dir/MiniOzoneClusterImpl-9e79b078-2218-4abd-b04c-a65fc7f927a6/ozone-meta/datanode-4/data-0/hdds/9e79b078-2218-4abd-b04c-a65fc7f927a6/DS-c2b5c243-603b-4d39-8589-1da2a9d8f69f/container.db, /home/runner/work/ozone/ozone/hadoop-ozone/integration-test/target/test-dir/MiniOzoneClusterImpl-9e79b078-2218-4abd-b04c-a65fc7f927a6/ozone-meta/datanode-5/data-0/hdds/9e79b078-2218-4abd-b04c-a65fc7f927a6/DS-bb2feb34-e223-4413-9a34-e5964ffc5faa/container.db, /home/runner/work/ozone/ozone/hadoop-ozone/integration-test/target/test-dir/MiniOzoneClusterImpl-9e79b078-2218-4abd-b04c-a65fc7f927a6/ozone-meta/datanode-6/data-0/hdds/9e79b078-2218-4abd-b04c-a65fc7f927a6/DS-5c06ff99-7281-4c84-8ce8-ef9515db8985/container.db, /home/runner/work/ozone/ozone/hadoop-ozone/integration-test/target/test-dir/MiniOzoneClusterImpl-9e79b078-2218-4abd-b04c-a65fc7f927a6/ozone-meta/datanode-7/data-0/hdds/9e79b078-2218-4abd-b04c-a65fc7f927a6/DS-03942266-31a7-4d9c-bd6f-84a32e8f56fe/container.db, /home/runner/work/ozone/ozone/hadoop-ozone/integration-test/target/test-dir/MiniOzoneClusterImpl-9e79b078-2218-4abd-b04c-a65fc7f927a6/ozone-meta/datanode-8/data-0/hdds/9e79b078-2218-4abd-b04c-a65fc7f927a6/DS-8996fb91-b66c-4db4-86bb-dde3eda381d7/container.db, /home/runner/work/ozone/ozone/hadoop-ozone/integration-test/target/test-dir/MiniOzoneClusterImpl-9e79b078-2218-4abd-b04c-a65fc7f927a6/ozone-meta/datanode-9/data-0/hdds/9e79b078-2218-4abd-b04c-a65fc7f927a6/DS-13853fe7-caa3-4730-b931-d312fdda933b/container.db]
2024-04-29 10:07:13,981 [main] INFO  utils.DatanodeStoreCache (DatanodeStoreCache.java:removeDB(110)) - Removed db /home/runner/work/ozone/ozone/hadoop-ozone/integration-test/target/test-dir/MiniOzoneClusterImpl-9e79b078-2218-4abd-b04c-a65fc7f927a6/ozone-meta/datanode-2/data-0/hdds/9e79b078-2218-4abd-b04c-a65fc7f927a6/DS-3ec9864c-cf60-405c-90e2-0dc953ac364d/container.db from cache
2024-04-29 10:07:13,981 [main] INFO  volume.HddsVolume (HddsVolume.java:closeDbStore(470)) - SchemaV3 db is stopped at /home/runner/work/ozone/ozone/hadoop-ozone/integration-test/target/test-dir/MiniOzoneClusterImpl-9e79b078-2218-4abd-b04c-a65fc7f927a6/ozone-meta/datanode-2/data-0/hdds/9e79b078-2218-4abd-b04c-a65fc7f927a6/DS-3ec9864c-cf60-405c-90e2-0dc953ac364d/container.db for volume DS-3ec9864c-cf60-405c-90e2-0dc953ac364d
2024-04-29 10:07:13,982 [main] INFO  utils.BackgroundService (BackgroundService.java:shutdown(160)) - Shutting down service BlockDeletingService
2024-04-29 10:07:13,982 [main] INFO  utils.BackgroundService (BackgroundService.java:shutdown(160)) - Shutting down service StaleRecoveringContainerScrubbingService
2024-04-29 10:07:13,982 [main] INFO  statemachine.DatanodeStateMachine (DatanodeStateMachine.java:stopDaemon(638)) - Ozone container server stopped.
2024-04-29 10:07:13,983 [main] INFO  handler.ContextHandler (ContextHandler.java:doStop(1159)) - Stopped o.e.j.w.WebAppContext@6b6ec6b2{hddsDatanode,/,null,STOPPED}{file:/home/runner/work/ozone/ozone/hadoop-hdds/container-service/target/classes/webapps/hddsDatanode}
2024-04-29 10:07:13,983 [main] INFO  server.AbstractConnector (AbstractConnector.java:doStop(383)) - Stopped ServerConnector@48873409{HTTP/1.1, (http/1.1)}{0.0.0.0:15463}
2024-04-29 10:07:13,983 [main] INFO  server.session (HouseKeeper.java:stopScavenging(149)) - node0 Stopped scavenging
2024-04-29 10:07:13,984 [main] INFO  handler.ContextHandler (ContextHandler.java:doStop(1159)) - Stopped o.e.j.s.ServletContextHandler@793b6fb9{static,/static,file:///home/runner/work/ozone/ozone/hadoop-hdds/container-service/target/classes/webapps/static,STOPPED}
2024-04-29 10:07:13,984 [main] INFO  handler.ContextHandler (ContextHandler.java:doStop(1159)) - Stopped o.e.j.s.ServletContextHandler@f6f5188{logs,/logs,file:///home/runner/work/ozone/ozone/hadoop-ozone/integration-test/target/log,STOPPED}
2024-04-29 10:07:13,985 [main] INFO  ozone.HddsDatanodeClientProtocolServer (HddsDatanodeClientProtocolServer.java:stop(83)) - Stopping the RPC server for Client Protocol
2024-04-29 10:07:13,985 [main] INFO  ipc.Server (Server.java:stop(3523)) - Stopping server on 15464
2024-04-29 10:07:13,985 [IPC Server listener on 15464] INFO  ipc.Server (Server.java:run(1434)) - Stopping IPC Server listener on 15464
2024-04-29 10:07:13,985 [IPC Server Responder] INFO  ipc.Server (Server.java:run(1567)) - Stopping IPC Server Responder
2024-04-29 10:07:13,987 [main] INFO  ozoneimpl.OzoneContainer (OzoneContainer.java:stop(481)) - Attempting to stop container services.
2024-04-29 10:07:13,987 [ContainerMetadataScanner] WARN  ozoneimpl.AbstractBackgroundContainerScanner (AbstractBackgroundContainerScanner.java:handleRemainingSleep(134)) - Background container scan was interrupted.
2024-04-29 10:07:13,987 [ContainerMetadataScanner] INFO  ozoneimpl.AbstractBackgroundContainerScanner (AbstractBackgroundContainerScanner.java:run(61)) - Thread[ContainerMetadataScanner,5,main] exiting.
2024-04-29 10:07:13,987 [main] INFO  ozoneimpl.BackgroundContainerDataScanner (BackgroundContainerDataScanner.java:shutdown(141)) - ContainerDataScanner(/home/runner/work/ozone/ozone/hadoop-ozone/integration-test/target/test-dir/MiniOzoneClusterImpl-9e79b078-2218-4abd-b04c-a65fc7f927a6/ozone-meta/datanode-3/data-0/hdds) is shutting down. 
2024-04-29 10:07:13,987 [ContainerDataScanner(/home/runner/work/ozone/ozone/hadoop-ozone/integration-test/target/test-dir/MiniOzoneClusterImpl-9e79b078-2218-4abd-b04c-a65fc7f927a6/ozone-meta/datanode-3/data-0/hdds)] WARN  ozoneimpl.AbstractBackgroundContainerScanner (AbstractBackgroundContainerScanner.java:handleRemainingSleep(134)) - Background container scan was interrupted.
2024-04-29 10:07:13,987 [ContainerDataScanner(/home/runner/work/ozone/ozone/hadoop-ozone/integration-test/target/test-dir/MiniOzoneClusterImpl-9e79b078-2218-4abd-b04c-a65fc7f927a6/ozone-meta/datanode-3/data-0/hdds)] INFO  ozoneimpl.AbstractBackgroundContainerScanner (AbstractBackgroundContainerScanner.java:run(61)) - ContainerDataScanner(/home/runner/work/ozone/ozone/hadoop-ozone/integration-test/target/test-dir/MiniOzoneClusterImpl-9e79b078-2218-4abd-b04c-a65fc7f927a6/ozone-meta/datanode-3/data-0/hdds, DS-307f2ce1-f560-4301-9545-0db10d2fed8b) exiting.
2024-04-29 10:07:13,987 [main] INFO  server.RaftServer (RaftServerProxy.java:lambda$close$9(416)) - 023796c2-f42d-4d4c-8c53-1144d6bee25f: close
2024-04-29 10:07:13,988 [023796c2-f42d-4d4c-8c53-1144d6bee25f-impl-thread1] INFO  server.RaftServer$Division (RaftServerImpl.java:lambda$close$3(526)) - 023796c2-f42d-4d4c-8c53-1144d6bee25f@group-CFFF5D2A65B7: shutdown
2024-04-29 10:07:13,988 [main] INFO  server.GrpcService (GrpcService.java:closeImpl(311)) - 023796c2-f42d-4d4c-8c53-1144d6bee25f: shutdown server org.apache.ratis.grpc.server.GrpcClientProtocolService now
2024-04-29 10:07:13,988 [023796c2-f42d-4d4c-8c53-1144d6bee25f-impl-thread1] INFO  util.JmxRegister (JmxRegister.java:unregister(73)) - Successfully un-registered JMX Bean with object name Ratis:service=RaftServer,group=group-CFFF5D2A65B7,id=023796c2-f42d-4d4c-8c53-1144d6bee25f
2024-04-29 10:07:13,988 [023796c2-f42d-4d4c-8c53-1144d6bee25f-impl-thread1] INFO  impl.RoleInfo (RoleInfo.java:shutdownFollowerState(110)) - 023796c2-f42d-4d4c-8c53-1144d6bee25f: shutdown 023796c2-f42d-4d4c-8c53-1144d6bee25f@group-CFFF5D2A65B7-FollowerState
2024-04-29 10:07:13,988 [023796c2-f42d-4d4c-8c53-1144d6bee25f-impl-thread1] INFO  impl.StateMachineUpdater (StateMachineUpdater.java:stopAndJoin(157)) - 023796c2-f42d-4d4c-8c53-1144d6bee25f@group-CFFF5D2A65B7-StateMachineUpdater: set stopIndex = 2
2024-04-29 10:07:13,988 [023796c2-f42d-4d4c-8c53-1144d6bee25f@group-CFFF5D2A65B7-StateMachineUpdater] INFO  ratis.ContainerStateMachine (ContainerStateMachine.java:takeSnapshot(355)) - group-CFFF5D2A65B7: Taking a snapshot at:(t:1, i:2) file /home/runner/work/ozone/ozone/hadoop-ozone/integration-test/target/test-dir/MiniOzoneClusterImpl-9e79b078-2218-4abd-b04c-a65fc7f927a6/ozone-meta/datanode-3/ratis/c918cea1-a9aa-4f84-8425-cfff5d2a65b7/sm/snapshot.1_2
2024-04-29 10:07:13,988 [023796c2-f42d-4d4c-8c53-1144d6bee25f-impl-thread2] INFO  server.RaftServer$Division (RaftServerImpl.java:lambda$close$3(526)) - 023796c2-f42d-4d4c-8c53-1144d6bee25f@group-92FDC0F9B532: shutdown
2024-04-29 10:07:13,988 [023796c2-f42d-4d4c-8c53-1144d6bee25f@group-CFFF5D2A65B7-FollowerState] INFO  impl.FollowerState (FollowerState.java:run(152)) - 023796c2-f42d-4d4c-8c53-1144d6bee25f@group-CFFF5D2A65B7-FollowerState was interrupted
2024-04-29 10:07:13,988 [023796c2-f42d-4d4c-8c53-1144d6bee25f-impl-thread2] INFO  util.JmxRegister (JmxRegister.java:unregister(73)) - Successfully un-registered JMX Bean with object name Ratis:service=RaftServer,group=group-92FDC0F9B532,id=023796c2-f42d-4d4c-8c53-1144d6bee25f
2024-04-29 10:07:13,988 [023796c2-f42d-4d4c-8c53-1144d6bee25f-impl-thread2] INFO  impl.RoleInfo (RoleInfo.java:shutdownLeaderState(94)) - 023796c2-f42d-4d4c-8c53-1144d6bee25f: shutdown 023796c2-f42d-4d4c-8c53-1144d6bee25f@group-92FDC0F9B532-LeaderStateImpl
2024-04-29 10:07:13,988 [023796c2-f42d-4d4c-8c53-1144d6bee25f-impl-thread2] INFO  impl.PendingRequests (PendingRequests.java:sendNotLeaderResponses(289)) - 023796c2-f42d-4d4c-8c53-1144d6bee25f@group-92FDC0F9B532-PendingRequests: sendNotLeaderResponses
2024-04-29 10:07:13,989 [main] INFO  server.GrpcService (GrpcService.java:closeImpl(320)) - 023796c2-f42d-4d4c-8c53-1144d6bee25f: shutdown server org.apache.ratis.grpc.server.GrpcClientProtocolService successfully
2024-04-29 10:07:13,989 [main] INFO  server.GrpcService (GrpcService.java:closeImpl(311)) - 023796c2-f42d-4d4c-8c53-1144d6bee25f: shutdown server GrpcServerProtocolService now
2024-04-29 10:07:13,989 [023796c2-f42d-4d4c-8c53-1144d6bee25f@group-92FDC0F9B532-StateMachineUpdater] INFO  ratis.ContainerStateMachine (ContainerStateMachine.java:takeSnapshot(355)) - group-92FDC0F9B532: Taking a snapshot at:(t:1, i:0) file /home/runner/work/ozone/ozone/hadoop-ozone/integration-test/target/test-dir/MiniOzoneClusterImpl-9e79b078-2218-4abd-b04c-a65fc7f927a6/ozone-meta/datanode-3/ratis/dec08726-ba3f-4d06-bdc3-92fdc0f9b532/sm/snapshot.1_0
2024-04-29 10:07:13,989 [023796c2-f42d-4d4c-8c53-1144d6bee25f@group-CFFF5D2A65B7-StateMachineUpdater] INFO  ratis.ContainerStateMachine (ContainerStateMachine.java:takeSnapshot(366)) - group-CFFF5D2A65B7: Finished taking a snapshot at:(t:1, i:2) file:/home/runner/work/ozone/ozone/hadoop-ozone/integration-test/target/test-dir/MiniOzoneClusterImpl-9e79b078-2218-4abd-b04c-a65fc7f927a6/ozone-meta/datanode-3/ratis/c918cea1-a9aa-4f84-8425-cfff5d2a65b7/sm/snapshot.1_2 took: 2 ms
2024-04-29 10:07:13,989 [023796c2-f42d-4d4c-8c53-1144d6bee25f-impl-thread2] INFO  impl.StateMachineUpdater (StateMachineUpdater.java:stopAndJoin(157)) - 023796c2-f42d-4d4c-8c53-1144d6bee25f@group-92FDC0F9B532-StateMachineUpdater: set stopIndex = 0
2024-04-29 10:07:13,990 [023796c2-f42d-4d4c-8c53-1144d6bee25f@group-CFFF5D2A65B7-StateMachineUpdater] INFO  impl.StateMachineUpdater (StateMachineUpdater.java:takeSnapshot(295)) - 023796c2-f42d-4d4c-8c53-1144d6bee25f@group-CFFF5D2A65B7-StateMachineUpdater: Took a snapshot at index 2
2024-04-29 10:07:13,990 [023796c2-f42d-4d4c-8c53-1144d6bee25f@group-CFFF5D2A65B7-StateMachineUpdater] INFO  impl.StateMachineUpdater (StateMachineUpdater.java:lambda$new$0(98)) - 023796c2-f42d-4d4c-8c53-1144d6bee25f@group-CFFF5D2A65B7-StateMachineUpdater: snapshotIndex: updateIncreasingly -1 -> 2
2024-04-29 10:07:13,990 [023796c2-f42d-4d4c-8c53-1144d6bee25f@group-92FDC0F9B532-StateMachineUpdater] INFO  ratis.ContainerStateMachine (ContainerStateMachine.java:takeSnapshot(366)) - group-92FDC0F9B532: Finished taking a snapshot at:(t:1, i:0) file:/home/runner/work/ozone/ozone/hadoop-ozone/integration-test/target/test-dir/MiniOzoneClusterImpl-9e79b078-2218-4abd-b04c-a65fc7f927a6/ozone-meta/datanode-3/ratis/dec08726-ba3f-4d06-bdc3-92fdc0f9b532/sm/snapshot.1_0 took: 1 ms
2024-04-29 10:07:13,990 [023796c2-f42d-4d4c-8c53-1144d6bee25f@group-92FDC0F9B532-StateMachineUpdater] INFO  impl.StateMachineUpdater (StateMachineUpdater.java:takeSnapshot(295)) - 023796c2-f42d-4d4c-8c53-1144d6bee25f@group-92FDC0F9B532-StateMachineUpdater: Took a snapshot at index 0
2024-04-29 10:07:13,990 [023796c2-f42d-4d4c-8c53-1144d6bee25f@group-92FDC0F9B532-StateMachineUpdater] INFO  impl.StateMachineUpdater (StateMachineUpdater.java:lambda$new$0(98)) - 023796c2-f42d-4d4c-8c53-1144d6bee25f@group-92FDC0F9B532-StateMachineUpdater: snapshotIndex: updateIncreasingly -1 -> 0
2024-04-29 10:07:13,990 [grpc-default-executor-2] WARN  server.GrpcServerProtocolService (LogUtils.java:warn(121)) - 023796c2-f42d-4d4c-8c53-1144d6bee25f: APPEND_ENTRIES onError, lastRequest: null: org.apache.ratis.thirdparty.io.grpc.StatusRuntimeException: CANCELLED: client cancelled
2024-04-29 10:07:13,990 [grpc-default-executor-4] WARN  server.GrpcServerProtocolService (LogUtils.java:warn(121)) - 023796c2-f42d-4d4c-8c53-1144d6bee25f: APPEND_ENTRIES onError, lastRequest: ff005283-6149-44cc-9e6b-88eb174549f2->023796c2-f42d-4d4c-8c53-1144d6bee25f#7-t1,previous=(t:1, i:1),leaderCommit=1,initializing? false,entries: size=1, first=(t:1, i:2), METADATAENTRY(c:1): org.apache.ratis.thirdparty.io.grpc.StatusRuntimeException: CANCELLED: client cancelled
2024-04-29 10:07:13,990 [023796c2-f42d-4d4c-8c53-1144d6bee25f-impl-thread2] INFO  server.RaftServer$Division (ServerState.java:close(427)) - 023796c2-f42d-4d4c-8c53-1144d6bee25f@group-92FDC0F9B532: applyIndex: 0
2024-04-29 10:07:13,990 [023796c2-f42d-4d4c-8c53-1144d6bee25f-impl-thread1] INFO  server.RaftServer$Division (ServerState.java:close(427)) - 023796c2-f42d-4d4c-8c53-1144d6bee25f@group-CFFF5D2A65B7: applyIndex: 2
2024-04-29 10:07:13,991 [grpc-default-executor-4] WARN  server.GrpcLogAppender (GrpcLogAppender.java:lambda$resetClient$1(217)) - ff005283-6149-44cc-9e6b-88eb174549f2@group-CFFF5D2A65B7->023796c2-f42d-4d4c-8c53-1144d6bee25f-GrpcLogAppender: Follower failed (request=null, errorCount=1); keep nextIndex (3) unchanged and retry.
2024-04-29 10:07:13,991 [main] INFO  server.GrpcService (GrpcService.java:closeImpl(320)) - 023796c2-f42d-4d4c-8c53-1144d6bee25f: shutdown server GrpcServerProtocolService successfully
2024-04-29 10:07:13,991 [main] INFO  server.GrpcService (GrpcService.java:closeImpl(311)) - 023796c2-f42d-4d4c-8c53-1144d6bee25f: shutdown server org.apache.ratis.grpc.server.GrpcAdminProtocolService now
2024-04-29 10:07:13,990 [grpc-default-executor-2] WARN  server.GrpcLogAppender (LogUtils.java:warn(121)) - ff005283-6149-44cc-9e6b-88eb174549f2@group-CFFF5D2A65B7->023796c2-f42d-4d4c-8c53-1144d6bee25f-AppendLogResponseHandler: Failed appendEntries: org.apache.ratis.thirdparty.io.grpc.StatusRuntimeException: CANCELLED: RST_STREAM closed stream. HTTP/2 error code: CANCEL
2024-04-29 10:07:13,991 [023796c2-f42d-4d4c-8c53-1144d6bee25f@group-92FDC0F9B532-cacheEviction-AwaitToRun] INFO  util.AwaitToRun (AwaitToRun.java:run(49)) - 023796c2-f42d-4d4c-8c53-1144d6bee25f@group-92FDC0F9B532-cacheEviction-AwaitToRun-AwaitForSignal is interrupted
2024-04-29 10:07:13,991 [023796c2-f42d-4d4c-8c53-1144d6bee25f@group-CFFF5D2A65B7-cacheEviction-AwaitToRun] INFO  util.AwaitToRun (AwaitToRun.java:run(49)) - 023796c2-f42d-4d4c-8c53-1144d6bee25f@group-CFFF5D2A65B7-cacheEviction-AwaitToRun-AwaitForSignal is interrupted
2024-04-29 10:07:13,992 [main] INFO  server.GrpcService (GrpcService.java:closeImpl(320)) - 023796c2-f42d-4d4c-8c53-1144d6bee25f: shutdown server org.apache.ratis.grpc.server.GrpcAdminProtocolService successfully
2024-04-29 10:07:13,994 [023796c2-f42d-4d4c-8c53-1144d6bee25f-NettyServerStreamRpc-bossGroup--thread1] INFO  logging.LoggingHandler (AbstractInternalLogger.java:log(148)) - [id: 0xb4450b54, L:/0.0.0.0:15478] CLOSE
2024-04-29 10:07:13,994 [023796c2-f42d-4d4c-8c53-1144d6bee25f-NettyServerStreamRpc-bossGroup--thread1] INFO  logging.LoggingHandler (AbstractInternalLogger.java:log(148)) - [id: 0xb4450b54, L:/0.0.0.0:15478] INACTIVE
2024-04-29 10:07:13,994 [023796c2-f42d-4d4c-8c53-1144d6bee25f-NettyServerStreamRpc-bossGroup--thread1] INFO  logging.LoggingHandler (AbstractInternalLogger.java:log(148)) - [id: 0xb4450b54, L:/0.0.0.0:15478] UNREGISTERED
2024-04-29 10:07:14,780 [023796c2-f42d-4d4c-8c53-1144d6bee25f-impl-thread2] INFO  segmented.SegmentedRaftLogWorker (SegmentedRaftLogWorker.java:close(245)) - 023796c2-f42d-4d4c-8c53-1144d6bee25f@group-92FDC0F9B532-SegmentedRaftLogWorker close()
2024-04-29 10:07:14,978 [023796c2-f42d-4d4c-8c53-1144d6bee25f-impl-thread1] INFO  segmented.SegmentedRaftLogWorker (SegmentedRaftLogWorker.java:close(245)) - 023796c2-f42d-4d4c-8c53-1144d6bee25f@group-CFFF5D2A65B7-SegmentedRaftLogWorker close()
2024-04-29 10:07:14,978 [JvmPauseMonitor59] INFO  util.JvmPauseMonitor (JvmPauseMonitor.java:run(152)) - JvmPauseMonitor-023796c2-f42d-4d4c-8c53-1144d6bee25f: Stopped
2024-04-29 10:07:15,991 [timer0] WARN  server.GrpcLogAppender (GrpcLogAppender.java:lambda$resetClient$1(217)) - ff005283-6149-44cc-9e6b-88eb174549f2@group-CFFF5D2A65B7->a3deba03-ffe7-4d5f-b81f-0cb8f398f916-GrpcLogAppender: Follower failed (request=null, errorCount=8); keep nextIndex (3) unchanged and retry. (Repeated 8 times in the last 5.000s)
2024-04-29 10:07:15,991 [timer7] WARN  server.GrpcLogAppender (LogUtils.java:warn(121)) - ff005283-6149-44cc-9e6b-88eb174549f2@group-CFFF5D2A65B7->a3deba03-ffe7-4d5f-b81f-0cb8f398f916-AppendLogResponseHandler: Failed appendEntries (Repeated 8 times in the last 5.000s): org.apache.ratis.thirdparty.io.grpc.StatusRuntimeException: UNAVAILABLE: io exception
2024-04-29 10:07:16,980 [main] INFO  utils.DatanodeStoreCache (DatanodeStoreCache.java:shutdownCache(116)) - Skip clearing cache in mini cluster mode. Entries left: [/home/runner/work/ozone/ozone/hadoop-ozone/integration-test/target/test-dir/MiniOzoneClusterImpl-9e79b078-2218-4abd-b04c-a65fc7f927a6/ozone-meta/datanode-1/data-0/hdds/9e79b078-2218-4abd-b04c-a65fc7f927a6/DS-31b389e1-ac02-42b6-b9d9-31cf6c6e9e9b/container.db, /home/runner/work/ozone/ozone/hadoop-ozone/integration-test/target/test-dir/MiniOzoneClusterImpl-9e79b078-2218-4abd-b04c-a65fc7f927a6/ozone-meta/datanode-3/data-0/hdds/9e79b078-2218-4abd-b04c-a65fc7f927a6/DS-307f2ce1-f560-4301-9545-0db10d2fed8b/container.db, /home/runner/work/ozone/ozone/hadoop-ozone/integration-test/target/test-dir/MiniOzoneClusterImpl-9e79b078-2218-4abd-b04c-a65fc7f927a6/ozone-meta/datanode-4/data-0/hdds/9e79b078-2218-4abd-b04c-a65fc7f927a6/DS-c2b5c243-603b-4d39-8589-1da2a9d8f69f/container.db, /home/runner/work/ozone/ozone/hadoop-ozone/integration-test/target/test-dir/MiniOzoneClusterImpl-9e79b078-2218-4abd-b04c-a65fc7f927a6/ozone-meta/datanode-5/data-0/hdds/9e79b078-2218-4abd-b04c-a65fc7f927a6/DS-bb2feb34-e223-4413-9a34-e5964ffc5faa/container.db, /home/runner/work/ozone/ozone/hadoop-ozone/integration-test/target/test-dir/MiniOzoneClusterImpl-9e79b078-2218-4abd-b04c-a65fc7f927a6/ozone-meta/datanode-6/data-0/hdds/9e79b078-2218-4abd-b04c-a65fc7f927a6/DS-5c06ff99-7281-4c84-8ce8-ef9515db8985/container.db, /home/runner/work/ozone/ozone/hadoop-ozone/integration-test/target/test-dir/MiniOzoneClusterImpl-9e79b078-2218-4abd-b04c-a65fc7f927a6/ozone-meta/datanode-7/data-0/hdds/9e79b078-2218-4abd-b04c-a65fc7f927a6/DS-03942266-31a7-4d9c-bd6f-84a32e8f56fe/container.db, /home/runner/work/ozone/ozone/hadoop-ozone/integration-test/target/test-dir/MiniOzoneClusterImpl-9e79b078-2218-4abd-b04c-a65fc7f927a6/ozone-meta/datanode-8/data-0/hdds/9e79b078-2218-4abd-b04c-a65fc7f927a6/DS-8996fb91-b66c-4db4-86bb-dde3eda381d7/container.db, /home/runner/work/ozone/ozone/hadoop-ozone/integration-test/target/test-dir/MiniOzoneClusterImpl-9e79b078-2218-4abd-b04c-a65fc7f927a6/ozone-meta/datanode-9/data-0/hdds/9e79b078-2218-4abd-b04c-a65fc7f927a6/DS-13853fe7-caa3-4730-b931-d312fdda933b/container.db]
2024-04-29 10:07:16,982 [main] INFO  utils.DatanodeStoreCache (DatanodeStoreCache.java:removeDB(110)) - Removed db /home/runner/work/ozone/ozone/hadoop-ozone/integration-test/target/test-dir/MiniOzoneClusterImpl-9e79b078-2218-4abd-b04c-a65fc7f927a6/ozone-meta/datanode-3/data-0/hdds/9e79b078-2218-4abd-b04c-a65fc7f927a6/DS-307f2ce1-f560-4301-9545-0db10d2fed8b/container.db from cache
2024-04-29 10:07:16,982 [main] INFO  volume.HddsVolume (HddsVolume.java:closeDbStore(470)) - SchemaV3 db is stopped at /home/runner/work/ozone/ozone/hadoop-ozone/integration-test/target/test-dir/MiniOzoneClusterImpl-9e79b078-2218-4abd-b04c-a65fc7f927a6/ozone-meta/datanode-3/data-0/hdds/9e79b078-2218-4abd-b04c-a65fc7f927a6/DS-307f2ce1-f560-4301-9545-0db10d2fed8b/container.db for volume DS-307f2ce1-f560-4301-9545-0db10d2fed8b
2024-04-29 10:07:16,982 [main] INFO  utils.BackgroundService (BackgroundService.java:shutdown(160)) - Shutting down service BlockDeletingService
2024-04-29 10:07:16,982 [main] INFO  utils.BackgroundService (BackgroundService.java:shutdown(160)) - Shutting down service StaleRecoveringContainerScrubbingService
2024-04-29 10:07:16,982 [main] INFO  statemachine.DatanodeStateMachine (DatanodeStateMachine.java:stopDaemon(638)) - Ozone container server stopped.
2024-04-29 10:07:16,983 [main] INFO  handler.ContextHandler (ContextHandler.java:doStop(1159)) - Stopped o.e.j.w.WebAppContext@5fc27e3f{hddsDatanode,/,null,STOPPED}{file:/home/runner/work/ozone/ozone/hadoop-hdds/container-service/target/classes/webapps/hddsDatanode}
2024-04-29 10:07:16,983 [main] INFO  server.AbstractConnector (AbstractConnector.java:doStop(383)) - Stopped ServerConnector@8d86c4d{HTTP/1.1, (http/1.1)}{0.0.0.0:15472}
2024-04-29 10:07:16,983 [main] INFO  server.session (HouseKeeper.java:stopScavenging(149)) - node0 Stopped scavenging
2024-04-29 10:07:16,983 [main] INFO  handler.ContextHandler (ContextHandler.java:doStop(1159)) - Stopped o.e.j.s.ServletContextHandler@2d13cb4c{static,/static,file:///home/runner/work/ozone/ozone/hadoop-hdds/container-service/target/classes/webapps/static,STOPPED}
2024-04-29 10:07:16,984 [main] INFO  handler.ContextHandler (ContextHandler.java:doStop(1159)) - Stopped o.e.j.s.ServletContextHandler@30515926{logs,/logs,file:///home/runner/work/ozone/ozone/hadoop-ozone/integration-test/target/log,STOPPED}
2024-04-29 10:07:16,984 [main] INFO  ozone.HddsDatanodeClientProtocolServer (HddsDatanodeClientProtocolServer.java:stop(83)) - Stopping the RPC server for Client Protocol
2024-04-29 10:07:16,984 [main] INFO  ipc.Server (Server.java:stop(3523)) - Stopping server on 15473
2024-04-29 10:07:16,985 [IPC Server Responder] INFO  ipc.Server (Server.java:run(1567)) - Stopping IPC Server Responder
2024-04-29 10:07:16,985 [IPC Server listener on 15473] INFO  ipc.Server (Server.java:run(1434)) - Stopping IPC Server listener on 15473
2024-04-29 10:07:16,986 [main] INFO  pipeline.PipelineManagerImpl (PipelineManagerImpl.java:closeContainersForPipeline(484)) - Container #1 closed for pipeline=PipelineID=c918cea1-a9aa-4f84-8425-cfff5d2a65b7
2024-04-29 10:07:16,986 [EventQueue-CloseContainerForCloseContainerEventHandler] INFO  container.CloseContainerEventHandler (CloseContainerEventHandler.java:onMessage(88)) - Close container Event triggered for container : #1, current state: CLOSING
2024-04-29 10:07:16,986 [main] INFO  pipeline.PipelineManagerImpl (PipelineManagerImpl.java:closePipeline(518)) - Pipeline PipelineID=c918cea1-a9aa-4f84-8425-cfff5d2a65b7 moved to CLOSED state
2024-04-29 10:07:17,236 [grpc-default-executor-1] WARN  server.GrpcLogAppender (LogUtils.java:warn(121)) - ff005283-6149-44cc-9e6b-88eb174549f2@group-CFFF5D2A65B7->a3deba03-ffe7-4d5f-b81f-0cb8f398f916-AppendLogResponseHandler: Failed appendEntries: org.apache.ratis.thirdparty.io.grpc.StatusRuntimeException: UNAVAILABLE: io exception
2024-04-29 10:07:17,236 [grpc-default-executor-2] WARN  server.GrpcLogAppender (GrpcLogAppender.java:lambda$resetClient$1(217)) - ff005283-6149-44cc-9e6b-88eb174549f2@group-CFFF5D2A65B7->a3deba03-ffe7-4d5f-b81f-0cb8f398f916-GrpcLogAppender: Follower failed (request=null, errorCount=9); keep nextIndex (3) unchanged and retry.
2024-04-29 10:07:18,991 [timer6] WARN  server.GrpcLogAppender (GrpcLogAppender.java:lambda$resetClient$1(217)) - ff005283-6149-44cc-9e6b-88eb174549f2@group-CFFF5D2A65B7->023796c2-f42d-4d4c-8c53-1144d6bee25f-GrpcLogAppender: Follower failed (request=null, errorCount=8); keep nextIndex (3) unchanged and retry. (Repeated 8 times in the last 5.001s)
2024-04-29 10:07:18,992 [timer7] WARN  server.GrpcLogAppender (LogUtils.java:warn(121)) - ff005283-6149-44cc-9e6b-88eb174549f2@group-CFFF5D2A65B7->023796c2-f42d-4d4c-8c53-1144d6bee25f-AppendLogResponseHandler: Failed appendEntries (Repeated 8 times in the last 5.001s): org.apache.ratis.thirdparty.io.grpc.StatusRuntimeException: UNAVAILABLE: io exception
2024-04-29 10:07:19,738 [grpc-default-executor-1] WARN  server.GrpcLogAppender (LogUtils.java:warn(121)) - ff005283-6149-44cc-9e6b-88eb174549f2@group-CFFF5D2A65B7->023796c2-f42d-4d4c-8c53-1144d6bee25f-AppendLogResponseHandler: Failed appendEntries: org.apache.ratis.thirdparty.io.grpc.StatusRuntimeException: UNAVAILABLE: io exception
2024-04-29 10:07:19,738 [grpc-default-executor-2] WARN  server.GrpcLogAppender (GrpcLogAppender.java:lambda$resetClient$1(217)) - ff005283-6149-44cc-9e6b-88eb174549f2@group-CFFF5D2A65B7->023796c2-f42d-4d4c-8c53-1144d6bee25f-GrpcLogAppender: Follower failed (request=null, errorCount=9); keep nextIndex (3) unchanged and retry.
2024-04-29 10:07:20,322 [null-request--thread1] INFO  server.GrpcClientProtocolService (GrpcClientProtocolService.java:lambda$processClientRequest$0(284)) - Failed RaftClientRequest:client-C2A63B57BB08->ff005283-6149-44cc-9e6b-88eb174549f2@group-CFFF5D2A65B7, cid=88, seq=null, Watch-ALL_COMMITTED(38), Message:<EMPTY>, reply=RaftClientReply:client-C2A63B57BB08->ff005283-6149-44cc-9e6b-88eb174549f2@group-CFFF5D2A65B7, cid=88, FAILED org.apache.ratis.protocol.exceptions.NotReplicatedException: Request with call Id 88 and log index 38 is not yet replicated to ALL_COMMITTED, logIndex=38, commits[ff005283-6149-44cc-9e6b-88eb174549f2:c2, 023796c2-f42d-4d4c-8c53-1144d6bee25f:c2, a3deba03-ffe7-4d5f-b81f-0cb8f398f916:c1]
2024-04-29 10:07:20,323 [main] WARN  scm.XceiverClientRatis (XceiverClientRatis.java:watchForCommit(284)) - 3 way commit failed on pipeline Pipeline[ Id: c918cea1-a9aa-4f84-8425-cfff5d2a65b7, Nodes: a3deba03-ffe7-4d5f-b81f-0cb8f398f916(localhost/127.0.0.1)023796c2-f42d-4d4c-8c53-1144d6bee25f(localhost/127.0.0.1)ff005283-6149-44cc-9e6b-88eb174549f2(localhost/127.0.0.1), ReplicationConfig: RATIS/THREE, State:OPEN, leaderId:ff005283-6149-44cc-9e6b-88eb174549f2, CreationTimestamp2024-04-29T10:07:02.631Z[Etc/UTC]]
java.util.concurrent.ExecutionException: org.apache.ratis.protocol.exceptions.NotReplicatedException: Request with call Id 88 and log index 38 is not yet replicated to ALL_COMMITTED
	at java.base/java.util.concurrent.CompletableFuture.reportGet(CompletableFuture.java:396)
	at java.base/java.util.concurrent.CompletableFuture.get(CompletableFuture.java:2073)
	at org.apache.hadoop.hdds.scm.XceiverClientRatis.watchForCommit(XceiverClientRatis.java:279)
	at org.apache.hadoop.ozone.client.rpc.TestWatchForCommit.lambda$testWatchForCommitForRetryfailure$0(TestWatchForCommit.java:286)
	at org.junit.jupiter.api.AssertThrows.assertThrows(AssertThrows.java:53)
	at org.junit.jupiter.api.AssertThrows.assertThrows(AssertThrows.java:35)
	at org.junit.jupiter.api.Assertions.assertThrows(Assertions.java:3115)
	at org.apache.hadoop.ozone.client.rpc.TestWatchForCommit.testWatchForCommitForRetryfailure(TestWatchForCommit.java:285)
	at java.base/jdk.internal.reflect.NativeMethodAccessorImpl.invoke0(Native Method)
	at java.base/jdk.internal.reflect.NativeMethodAccessorImpl.invoke(NativeMethodAccessorImpl.java:77)
	at java.base/jdk.internal.reflect.DelegatingMethodAccessorImpl.invoke(DelegatingMethodAccessorImpl.java:43)
	at java.base/java.lang.reflect.Method.invoke(Method.java:568)
	at org.junit.platform.commons.util.ReflectionUtils.invokeMethod(ReflectionUtils.java:728)
	at org.junit.jupiter.engine.execution.MethodInvocation.proceed(MethodInvocation.java:60)
	at org.junit.jupiter.engine.execution.InvocationInterceptorChain$ValidatingInvocation.proceed(InvocationInterceptorChain.java:131)
	at org.junit.jupiter.engine.extension.TimeoutExtension.intercept(TimeoutExtension.java:156)
	at org.junit.jupiter.engine.extension.TimeoutExtension.interceptTestableMethod(TimeoutExtension.java:147)
	at org.junit.jupiter.engine.extension.TimeoutExtension.interceptTestMethod(TimeoutExtension.java:86)
	at org.junit.jupiter.engine.execution.InterceptingExecutableInvoker$ReflectiveInterceptorCall.lambda$ofVoidMethod$0(InterceptingExecutableInvoker.java:103)
	at org.junit.jupiter.engine.execution.InterceptingExecutableInvoker.lambda$invoke$0(InterceptingExecutableInvoker.java:93)
	at org.junit.jupiter.engine.execution.InvocationInterceptorChain$InterceptedInvocation.proceed(InvocationInterceptorChain.java:106)
	at org.junit.jupiter.engine.execution.InvocationInterceptorChain.proceed(InvocationInterceptorChain.java:64)
	at org.junit.jupiter.engine.execution.InvocationInterceptorChain.chainAndInvoke(InvocationInterceptorChain.java:45)
	at org.junit.jupiter.engine.execution.InvocationInterceptorChain.invoke(InvocationInterceptorChain.java:37)
	at org.junit.jupiter.engine.execution.InterceptingExecutableInvoker.invoke(InterceptingExecutableInvoker.java:92)
	at org.junit.jupiter.engine.execution.InterceptingExecutableInvoker.invoke(InterceptingExecutableInvoker.java:86)
	at org.junit.jupiter.engine.descriptor.TestMethodTestDescriptor.lambda$invokeTestMethod$7(TestMethodTestDescriptor.java:218)
	at org.junit.platform.engine.support.hierarchical.ThrowableCollector.execute(ThrowableCollector.java:73)
	at org.junit.jupiter.engine.descriptor.TestMethodTestDescriptor.invokeTestMethod(TestMethodTestDescriptor.java:214)
	at org.junit.jupiter.engine.descriptor.TestMethodTestDescriptor.execute(TestMethodTestDescriptor.java:139)
	at org.junit.jupiter.engine.descriptor.TestMethodTestDescriptor.execute(TestMethodTestDescriptor.java:69)
	at org.junit.platform.engine.support.hierarchical.NodeTestTask.lambda$executeRecursively$6(NodeTestTask.java:151)
	at org.junit.platform.engine.support.hierarchical.ThrowableCollector.execute(ThrowableCollector.java:73)
	at org.junit.platform.engine.support.hierarchical.NodeTestTask.lambda$executeRecursively$8(NodeTestTask.java:141)
	at org.junit.platform.engine.support.hierarchical.Node.around(Node.java:137)
	at org.junit.platform.engine.support.hierarchical.NodeTestTask.lambda$executeRecursively$9(NodeTestTask.java:139)
	at org.junit.platform.engine.support.hierarchical.ThrowableCollector.execute(ThrowableCollector.java:73)
	at org.junit.platform.engine.support.hierarchical.NodeTestTask.executeRecursively(NodeTestTask.java:138)
	at org.junit.platform.engine.support.hierarchical.NodeTestTask.execute(NodeTestTask.java:95)
	at java.base/java.util.ArrayList.forEach(ArrayList.java:1511)
	at org.junit.platform.engine.support.hierarchical.SameThreadHierarchicalTestExecutorService.invokeAll(SameThreadHierarchicalTestExecutorService.java:41)
	at org.junit.platform.engine.support.hierarchical.NodeTestTask.lambda$executeRecursively$6(NodeTestTask.java:155)
	at org.junit.platform.engine.support.hierarchical.ThrowableCollector.execute(ThrowableCollector.java:73)
	at org.junit.platform.engine.support.hierarchical.NodeTestTask.lambda$executeRecursively$8(NodeTestTask.java:141)
	at org.junit.platform.engine.support.hierarchical.Node.around(Node.java:137)
	at org.junit.platform.engine.support.hierarchical.NodeTestTask.lambda$executeRecursively$9(NodeTestTask.java:139)
	at org.junit.platform.engine.support.hierarchical.ThrowableCollector.execute(ThrowableCollector.java:73)
	at org.junit.platform.engine.support.hierarchical.NodeTestTask.executeRecursively(NodeTestTask.java:138)
	at org.junit.platform.engine.support.hierarchical.NodeTestTask.execute(NodeTestTask.java:95)
	at java.base/java.util.ArrayList.forEach(ArrayList.java:1511)
	at org.junit.platform.engine.support.hierarchical.SameThreadHierarchicalTestExecutorService.invokeAll(SameThreadHierarchicalTestExecutorService.java:41)
	at org.junit.platform.engine.support.hierarchical.NodeTestTask.lambda$executeRecursively$6(NodeTestTask.java:155)
	at org.junit.platform.engine.support.hierarchical.ThrowableCollector.execute(ThrowableCollector.java:73)
	at org.junit.platform.engine.support.hierarchical.NodeTestTask.lambda$executeRecursively$8(NodeTestTask.java:141)
	at org.junit.platform.engine.support.hierarchical.Node.around(Node.java:137)
	at org.junit.platform.engine.support.hierarchical.NodeTestTask.lambda$executeRecursively$9(NodeTestTask.java:139)
	at org.junit.platform.engine.support.hierarchical.ThrowableCollector.execute(ThrowableCollector.java:73)
	at org.junit.platform.engine.support.hierarchical.NodeTestTask.executeRecursively(NodeTestTask.java:138)
	at org.junit.platform.engine.support.hierarchical.NodeTestTask.execute(NodeTestTask.java:95)
	at org.junit.platform.engine.support.hierarchical.SameThreadHierarchicalTestExecutorService.submit(SameThreadHierarchicalTestExecutorService.java:35)
	at org.junit.platform.engine.support.hierarchical.HierarchicalTestExecutor.execute(HierarchicalTestExecutor.java:57)
	at org.junit.platform.engine.support.hierarchical.HierarchicalTestEngine.execute(HierarchicalTestEngine.java:54)
	at org.junit.platform.launcher.core.EngineExecutionOrchestrator.execute(EngineExecutionOrchestrator.java:198)
	at org.junit.platform.launcher.core.EngineExecutionOrchestrator.execute(EngineExecutionOrchestrator.java:169)
	at org.junit.platform.launcher.core.EngineExecutionOrchestrator.execute(EngineExecutionOrchestrator.java:93)
	at org.junit.platform.launcher.core.EngineExecutionOrchestrator.lambda$execute$0(EngineExecutionOrchestrator.java:58)
	at org.junit.platform.launcher.core.EngineExecutionOrchestrator.withInterceptedStreams(EngineExecutionOrchestrator.java:141)
	at org.junit.platform.launcher.core.EngineExecutionOrchestrator.execute(EngineExecutionOrchestrator.java:57)
	at org.junit.platform.launcher.core.DefaultLauncher.execute(DefaultLauncher.java:103)
	at org.junit.platform.launcher.core.DefaultLauncher.execute(DefaultLauncher.java:85)
	at org.junit.platform.launcher.core.DelegatingLauncher.execute(DelegatingLauncher.java:47)
	at org.junit.platform.launcher.core.SessionPerRequestLauncher.execute(SessionPerRequestLauncher.java:63)
	at org.apache.maven.surefire.junitplatform.JUnitPlatformProvider.invokeAllTests(JUnitPlatformProvider.java:165)
	at org.apache.maven.surefire.junitplatform.JUnitPlatformProvider.invoke(JUnitPlatformProvider.java:123)
	at org.apache.maven.surefire.booter.ForkedBooter.runSuitesInProcess(ForkedBooter.java:377)
	at org.apache.maven.surefire.booter.ForkedBooter.execute(ForkedBooter.java:138)
	at org.apache.maven.surefire.booter.ForkedBooter.run(ForkedBooter.java:465)
	at org.apache.maven.surefire.booter.ForkedBooter.main(ForkedBooter.java:451)
Caused by: org.apache.ratis.protocol.exceptions.NotReplicatedException: Request with call Id 88 and log index 38 is not yet replicated to ALL_COMMITTED
	at org.apache.ratis.client.impl.ClientProtoUtils.toRaftClientReply(ClientProtoUtils.java:400)
	at org.apache.ratis.grpc.client.GrpcClientProtocolClient$AsyncStreamObservers$1.onNext(GrpcClientProtocolClient.java:310)
	at org.apache.ratis.grpc.client.GrpcClientProtocolClient$AsyncStreamObservers$1.onNext(GrpcClientProtocolClient.java:305)
	at org.apache.ratis.thirdparty.io.grpc.stub.ClientCalls$StreamObserverToCallListenerAdapter.onMessage(ClientCalls.java:468)
	at org.apache.ratis.thirdparty.io.grpc.ForwardingClientCallListener.onMessage(ForwardingClientCallListener.java:33)
	at org.apache.ratis.thirdparty.io.grpc.internal.ClientCallImpl$ClientStreamListenerImpl$1MessagesAvailable.runInternal(ClientCallImpl.java:660)
	at org.apache.ratis.thirdparty.io.grpc.internal.ClientCallImpl$ClientStreamListenerImpl$1MessagesAvailable.runInContext(ClientCallImpl.java:647)
	at org.apache.ratis.thirdparty.io.grpc.internal.ContextRunnable.run(ContextRunnable.java:37)
	at org.apache.ratis.thirdparty.io.grpc.internal.SerializingExecutor.run(SerializingExecutor.java:133)
	at java.base/java.util.concurrent.ThreadPoolExecutor.runWorker(ThreadPoolExecutor.java:1136)
	at java.base/java.util.concurrent.ThreadPoolExecutor$Worker.run(ThreadPoolExecutor.java:635)
	at java.base/java.lang.Thread.run(Thread.java:840)
2024-04-29 10:07:21,378 [ff005283-6149-44cc-9e6b-88eb174549f2@group-CFFF5D2A65B7-LeaderStateImpl] WARN  server.RaftServer$Division (LeaderStateImpl.java:checkLeadership(1107)) - ff005283-6149-44cc-9e6b-88eb174549f2@group-CFFF5D2A65B7-LeaderStateImpl: Lost leadership on term: 1. Election timeout: 5200ms. In charge for: 10808ms. Conf: 0: peers:[023796c2-f42d-4d4c-8c53-1144d6bee25f|127.0.0.1:15477, a3deba03-ffe7-4d5f-b81f-0cb8f398f916|127.0.0.1:15468, ff005283-6149-44cc-9e6b-88eb174549f2|127.0.0.1:15459]|listeners:[], old=null
2024-04-29 10:07:21,378 [ff005283-6149-44cc-9e6b-88eb174549f2@group-CFFF5D2A65B7-LeaderStateImpl] WARN  server.RaftServer$Division (LeaderStateImpl.java:lambda$checkLeadership$21(1111)) - Follower ff005283-6149-44cc-9e6b-88eb174549f2@group-CFFF5D2A65B7->023796c2-f42d-4d4c-8c53-1144d6bee25f(c2,m2,n3, caughtUp=true, lastRpcSendTime=387, lastRpcResponseTime=7896)
2024-04-29 10:07:21,378 [ff005283-6149-44cc-9e6b-88eb174549f2@group-CFFF5D2A65B7-LeaderStateImpl] WARN  server.RaftServer$Division (LeaderStateImpl.java:lambda$checkLeadership$21(1111)) - Follower ff005283-6149-44cc-9e6b-88eb174549f2@group-CFFF5D2A65B7->a3deba03-ffe7-4d5f-b81f-0cb8f398f916(c1,m2,n3, caughtUp=true, lastRpcSendTime=875, lastRpcResponseTime=10400)
2024-04-29 10:07:21,378 [ff005283-6149-44cc-9e6b-88eb174549f2@group-CFFF5D2A65B7-LeaderStateImpl] INFO  server.RaftServer$Division (RaftServerImpl.java:setRole(383)) - ff005283-6149-44cc-9e6b-88eb174549f2@group-CFFF5D2A65B7: changes role from    LEADER to FOLLOWER at term 1 for StepDownReason:LOST_MAJORITY_HEARTBEATS
2024-04-29 10:07:21,378 [ff005283-6149-44cc-9e6b-88eb174549f2@group-CFFF5D2A65B7-LeaderStateImpl] INFO  impl.RoleInfo (RoleInfo.java:shutdownLeaderState(94)) - ff005283-6149-44cc-9e6b-88eb174549f2: shutdown ff005283-6149-44cc-9e6b-88eb174549f2@group-CFFF5D2A65B7-LeaderStateImpl
2024-04-29 10:07:21,378 [ff005283-6149-44cc-9e6b-88eb174549f2@group-CFFF5D2A65B7->a3deba03-ffe7-4d5f-b81f-0cb8f398f916-GrpcLogAppender-LogAppenderDaemon] WARN  server.GrpcLogAppender (GrpcLogAppender.java:mayWait(289)) - ff005283-6149-44cc-9e6b-88eb174549f2@group-CFFF5D2A65B7->a3deba03-ffe7-4d5f-b81f-0cb8f398f916-GrpcLogAppender: Wait interrupted by java.lang.InterruptedException
2024-04-29 10:07:21,378 [ff005283-6149-44cc-9e6b-88eb174549f2@group-CFFF5D2A65B7-LeaderStateImpl] INFO  impl.PendingRequests (PendingRequests.java:sendNotLeaderResponses(289)) - ff005283-6149-44cc-9e6b-88eb174549f2@group-CFFF5D2A65B7-PendingRequests: sendNotLeaderResponses
2024-04-29 10:07:21,378 [ff005283-6149-44cc-9e6b-88eb174549f2@group-CFFF5D2A65B7->023796c2-f42d-4d4c-8c53-1144d6bee25f-GrpcLogAppender-LogAppenderDaemon] WARN  server.GrpcLogAppender (GrpcLogAppender.java:mayWait(289)) - ff005283-6149-44cc-9e6b-88eb174549f2@group-CFFF5D2A65B7->023796c2-f42d-4d4c-8c53-1144d6bee25f-GrpcLogAppender: Wait interrupted by java.lang.InterruptedException
2024-04-29 10:07:21,379 [null-request--thread1] INFO  server.GrpcClientProtocolService (GrpcClientProtocolService.java:lambda$processClientRequest$0(284)) - Failed RaftClientRequest:client-C2A63B57BB08->ff005283-6149-44cc-9e6b-88eb174549f2@group-CFFF5D2A65B7, cid=89, seq=null, Watch-MAJORITY_COMMITTED(38), Message:<EMPTY>, reply=RaftClientReply:client-C2A63B57BB08->ff005283-6149-44cc-9e6b-88eb174549f2@group-CFFF5D2A65B7, cid=89, FAILED org.apache.ratis.protocol.exceptions.NotLeaderException: Server ff005283-6149-44cc-9e6b-88eb174549f2@group-CFFF5D2A65B7 is not the leader, logIndex=0, commits[ff005283-6149-44cc-9e6b-88eb174549f2:c2, 023796c2-f42d-4d4c-8c53-1144d6bee25f:c2, a3deba03-ffe7-4d5f-b81f-0cb8f398f916:c1]
2024-04-29 10:07:21,379 [ff005283-6149-44cc-9e6b-88eb174549f2@group-CFFF5D2A65B7-LeaderStateImpl] INFO  server.RaftServer$Division (ServerState.java:setLeader(269)) - ff005283-6149-44cc-9e6b-88eb174549f2@group-CFFF5D2A65B7: change Leader from ff005283-6149-44cc-9e6b-88eb174549f2 to null at term 1 for StepDownReason:LOST_MAJORITY_HEARTBEATS
2024-04-29 10:07:21,379 [ff005283-6149-44cc-9e6b-88eb174549f2@group-CFFF5D2A65B7-LeaderStateImpl] INFO  impl.RoleInfo (RoleInfo.java:updateAndGet(139)) - ff005283-6149-44cc-9e6b-88eb174549f2: start ff005283-6149-44cc-9e6b-88eb174549f2@group-CFFF5D2A65B7-FollowerState
2024-04-29 10:07:21,985 [ff005283-6149-44cc-9e6b-88eb174549f2-CloseContainerThread-0] INFO  commandhandler.CloseContainerCommandHandler (CloseContainerCommandHandler.java:lambda$handle$0(154)) - Follower cannot close container #1.
2024-04-29 10:07:22,236 [timer7] WARN  server.GrpcLogAppender (GrpcLogAppender.java:lambda$resetClient$1(217)) - ff005283-6149-44cc-9e6b-88eb174549f2@group-CFFF5D2A65B7->a3deba03-ffe7-4d5f-b81f-0cb8f398f916-GrpcLogAppender: Follower failed (request=null, errorCount=14); keep nextIndex (3) unchanged and retry. (Repeated 6 times in the last 5.000s)
2024-04-29 10:07:22,236 [timer6] WARN  server.GrpcLogAppender (LogUtils.java:warn(121)) - ff005283-6149-44cc-9e6b-88eb174549f2@group-CFFF5D2A65B7->a3deba03-ffe7-4d5f-b81f-0cb8f398f916-AppendLogResponseHandler: Failed appendEntries (Repeated 6 times in the last 5.001s): org.apache.ratis.thirdparty.io.grpc.StatusRuntimeException: UNAVAILABLE: io exception
2024-04-29 10:07:23,908 [BackgroundPipelineScrubber] INFO  pipeline.PipelineManagerImpl (PipelineManagerImpl.java:scrubPipelines(610)) - Scrubbing pipeline: id: PipelineID=c918cea1-a9aa-4f84-8425-cfff5d2a65b7 since it stays at CLOSED stage.
2024-04-29 10:07:23,909 [BackgroundPipelineScrubber] INFO  pipeline.RatisPipelineProvider (RatisPipelineProvider.java:lambda$close$4(270)) - Send pipeline:PipelineID=c918cea1-a9aa-4f84-8425-cfff5d2a65b7 close command to datanode a3deba03-ffe7-4d5f-b81f-0cb8f398f916
2024-04-29 10:07:23,909 [BackgroundPipelineScrubber] INFO  pipeline.RatisPipelineProvider (RatisPipelineProvider.java:lambda$close$4(270)) - Send pipeline:PipelineID=c918cea1-a9aa-4f84-8425-cfff5d2a65b7 close command to datanode 023796c2-f42d-4d4c-8c53-1144d6bee25f
2024-04-29 10:07:23,909 [BackgroundPipelineScrubber] INFO  pipeline.RatisPipelineProvider (RatisPipelineProvider.java:lambda$close$4(270)) - Send pipeline:PipelineID=c918cea1-a9aa-4f84-8425-cfff5d2a65b7 close command to datanode ff005283-6149-44cc-9e6b-88eb174549f2
2024-04-29 10:07:23,909 [BackgroundPipelineScrubber] INFO  pipeline.PipelineManagerImpl (PipelineManagerImpl.java:removePipeline(459)) - Pipeline Pipeline[ Id: c918cea1-a9aa-4f84-8425-cfff5d2a65b7, Nodes: a3deba03-ffe7-4d5f-b81f-0cb8f398f916(localhost/127.0.0.1)023796c2-f42d-4d4c-8c53-1144d6bee25f(localhost/127.0.0.1)ff005283-6149-44cc-9e6b-88eb174549f2(localhost/127.0.0.1), ReplicationConfig: RATIS/THREE, State:CLOSED, leaderId:ff005283-6149-44cc-9e6b-88eb174549f2, CreationTimestamp2024-04-29T10:07:02.631Z[Etc/UTC]] removed.
2024-04-29 10:07:24,738 [timer7] WARN  server.GrpcLogAppender (GrpcLogAppender.java:lambda$resetClient$1(217)) - ff005283-6149-44cc-9e6b-88eb174549f2@group-CFFF5D2A65B7->023796c2-f42d-4d4c-8c53-1144d6bee25f-GrpcLogAppender: Follower failed (request=null, errorCount=12); keep nextIndex (3) unchanged and retry. (Repeated 4 times in the last 5.000s)
2024-04-29 10:07:24,739 [timer6] WARN  server.GrpcLogAppender (LogUtils.java:warn(121)) - ff005283-6149-44cc-9e6b-88eb174549f2@group-CFFF5D2A65B7->023796c2-f42d-4d4c-8c53-1144d6bee25f-AppendLogResponseHandler: Failed appendEntries (Repeated 4 times in the last 5.000s): org.apache.ratis.thirdparty.io.grpc.StatusRuntimeException: UNAVAILABLE: io exception
2024-04-29 10:07:24,985 [ff005283-6149-44cc-9e6b-88eb174549f2-PipelineCommandHandlerThread-0] INFO  server.RaftServer (RaftServerProxy.java:remove(111)) - ff005283-6149-44cc-9e6b-88eb174549f2: remove  FOLLOWER ff005283-6149-44cc-9e6b-88eb174549f2@group-CFFF5D2A65B7:t1, leader=null, voted=ff005283-6149-44cc-9e6b-88eb174549f2, raftlog=Memoized:ff005283-6149-44cc-9e6b-88eb174549f2@group-CFFF5D2A65B7-SegmentedRaftLog:OPENED:c2, conf=0: peers:[023796c2-f42d-4d4c-8c53-1144d6bee25f|127.0.0.1:15477, a3deba03-ffe7-4d5f-b81f-0cb8f398f916|127.0.0.1:15468, ff005283-6149-44cc-9e6b-88eb174549f2|127.0.0.1:15459]|listeners:[], old=null RUNNING
2024-04-29 10:07:24,985 [ff005283-6149-44cc-9e6b-88eb174549f2-PipelineCommandHandlerThread-0] INFO  server.RaftServer$Division (RaftServerImpl.java:lambda$close$3(526)) - ff005283-6149-44cc-9e6b-88eb174549f2@group-CFFF5D2A65B7: shutdown
2024-04-29 10:07:24,985 [ff005283-6149-44cc-9e6b-88eb174549f2-PipelineCommandHandlerThread-0] INFO  util.JmxRegister (JmxRegister.java:unregister(73)) - Successfully un-registered JMX Bean with object name Ratis:service=RaftServer,group=group-CFFF5D2A65B7,id=ff005283-6149-44cc-9e6b-88eb174549f2
2024-04-29 10:07:24,985 [ff005283-6149-44cc-9e6b-88eb174549f2-PipelineCommandHandlerThread-0] INFO  impl.RoleInfo (RoleInfo.java:shutdownFollowerState(110)) - ff005283-6149-44cc-9e6b-88eb174549f2: shutdown ff005283-6149-44cc-9e6b-88eb174549f2@group-CFFF5D2A65B7-FollowerState
2024-04-29 10:07:24,985 [ff005283-6149-44cc-9e6b-88eb174549f2-PipelineCommandHandlerThread-0] INFO  impl.StateMachineUpdater (StateMachineUpdater.java:stopAndJoin(157)) - ff005283-6149-44cc-9e6b-88eb174549f2@group-CFFF5D2A65B7-StateMachineUpdater: set stopIndex = 2
2024-04-29 10:07:24,985 [ff005283-6149-44cc-9e6b-88eb174549f2@group-CFFF5D2A65B7-FollowerState] INFO  impl.FollowerState (FollowerState.java:run(152)) - ff005283-6149-44cc-9e6b-88eb174549f2@group-CFFF5D2A65B7-FollowerState was interrupted
2024-04-29 10:07:24,985 [ff005283-6149-44cc-9e6b-88eb174549f2@group-CFFF5D2A65B7-StateMachineUpdater] INFO  ratis.ContainerStateMachine (ContainerStateMachine.java:takeSnapshot(355)) - group-CFFF5D2A65B7: Taking a snapshot at:(t:1, i:2) file /home/runner/work/ozone/ozone/hadoop-ozone/integration-test/target/test-dir/MiniOzoneClusterImpl-9e79b078-2218-4abd-b04c-a65fc7f927a6/ozone-meta/datanode-1/ratis/c918cea1-a9aa-4f84-8425-cfff5d2a65b7/sm/snapshot.1_2
2024-04-29 10:07:24,986 [ff005283-6149-44cc-9e6b-88eb174549f2@group-CFFF5D2A65B7-StateMachineUpdater] INFO  ratis.ContainerStateMachine (ContainerStateMachine.java:takeSnapshot(366)) - group-CFFF5D2A65B7: Finished taking a snapshot at:(t:1, i:2) file:/home/runner/work/ozone/ozone/hadoop-ozone/integration-test/target/test-dir/MiniOzoneClusterImpl-9e79b078-2218-4abd-b04c-a65fc7f927a6/ozone-meta/datanode-1/ratis/c918cea1-a9aa-4f84-8425-cfff5d2a65b7/sm/snapshot.1_2 took: 1 ms
2024-04-29 10:07:24,986 [ff005283-6149-44cc-9e6b-88eb174549f2@group-CFFF5D2A65B7-StateMachineUpdater] INFO  impl.StateMachineUpdater (StateMachineUpdater.java:takeSnapshot(295)) - ff005283-6149-44cc-9e6b-88eb174549f2@group-CFFF5D2A65B7-StateMachineUpdater: Took a snapshot at index 2
2024-04-29 10:07:24,986 [ff005283-6149-44cc-9e6b-88eb174549f2@group-CFFF5D2A65B7-StateMachineUpdater] INFO  impl.StateMachineUpdater (StateMachineUpdater.java:lambda$new$0(98)) - ff005283-6149-44cc-9e6b-88eb174549f2@group-CFFF5D2A65B7-StateMachineUpdater: snapshotIndex: updateIncreasingly -1 -> 2
2024-04-29 10:07:24,987 [ff005283-6149-44cc-9e6b-88eb174549f2-PipelineCommandHandlerThread-0] INFO  server.RaftServer$Division (ServerState.java:close(427)) - ff005283-6149-44cc-9e6b-88eb174549f2@group-CFFF5D2A65B7: applyIndex: 2
2024-04-29 10:07:24,988 [ff005283-6149-44cc-9e6b-88eb174549f2@group-CFFF5D2A65B7-cacheEviction-AwaitToRun] INFO  util.AwaitToRun (AwaitToRun.java:run(49)) - ff005283-6149-44cc-9e6b-88eb174549f2@group-CFFF5D2A65B7-cacheEviction-AwaitToRun-AwaitForSignal is interrupted
2024-04-29 10:07:25,978 [ff005283-6149-44cc-9e6b-88eb174549f2-PipelineCommandHandlerThread-0] INFO  segmented.SegmentedRaftLogWorker (SegmentedRaftLogWorker.java:close(245)) - ff005283-6149-44cc-9e6b-88eb174549f2@group-CFFF5D2A65B7-SegmentedRaftLogWorker close()
2024-04-29 10:07:25,979 [ff005283-6149-44cc-9e6b-88eb174549f2-PipelineCommandHandlerThread-0] INFO  keyvalue.KeyValueContainer (KeyValueContainer.java:flushAndSyncDB(522)) - Container 1 is synced with bcsId 0.
2024-04-29 10:07:25,979 [ff005283-6149-44cc-9e6b-88eb174549f2-PipelineCommandHandlerThread-0] INFO  keyvalue.KeyValueContainer (KeyValueContainer.java:flushAndSyncDB(522)) - Container 1 is synced with bcsId 0.
2024-04-29 10:07:25,982 [ff005283-6149-44cc-9e6b-88eb174549f2-PipelineCommandHandlerThread-0] INFO  server.RaftServer$Division (RaftServerImpl.java:groupRemove(496)) - ff005283-6149-44cc-9e6b-88eb174549f2@group-CFFF5D2A65B7: Succeed to remove RaftStorageDirectory Storage Directory /home/runner/work/ozone/ozone/hadoop-ozone/integration-test/target/test-dir/MiniOzoneClusterImpl-9e79b078-2218-4abd-b04c-a65fc7f927a6/ozone-meta/datanode-1/ratis/c918cea1-a9aa-4f84-8425-cfff5d2a65b7
2024-04-29 10:07:25,982 [ff005283-6149-44cc-9e6b-88eb174549f2-PipelineCommandHandlerThread-0] ERROR commandhandler.ClosePipelineCommandHandler (ClosePipelineCommandHandler.java:lambda$handle$2(137)) - Can't close pipeline PipelineID=c918cea1-a9aa-4f84-8425-cfff5d2a65b7
org.apache.ratis.protocol.exceptions.GroupMismatchException: ff005283-6149-44cc-9e6b-88eb174549f2: group-CFFF5D2A65B7 not found.
	at org.apache.ratis.server.impl.RaftServerProxy$ImplMap.get(RaftServerProxy.java:154)
	at org.apache.ratis.server.impl.RaftServerProxy.getImplFuture(RaftServerProxy.java:364)
	at org.apache.ratis.server.impl.RaftServerProxy.getImpl(RaftServerProxy.java:373)
	at org.apache.ratis.server.impl.RaftServerProxy.getDivision(RaftServerProxy.java:386)
	at org.apache.hadoop.ozone.container.common.transport.server.ratis.XceiverServerRatis.getRaftPeersInPipeline(XceiverServerRatis.java:951)
	at org.apache.hadoop.ozone.container.common.statemachine.commandhandler.ClosePipelineCommandHandler.lambda$handle$2(ClosePipelineCommandHandler.java:114)
	at java.base/java.util.concurrent.CompletableFuture$AsyncRun.run(CompletableFuture.java:1804)
	at java.base/java.util.concurrent.ThreadPoolExecutor.runWorker(ThreadPoolExecutor.java:1136)
	at java.base/java.util.concurrent.ThreadPoolExecutor$Worker.run(ThreadPoolExecutor.java:635)
	at java.base/java.lang.Thread.run(Thread.java:840)
2024-04-29 10:07:25,982 [FixedThreadPoolWithAffinityExecutor-0-0] INFO  container.IncrementalContainerReportHandler (AbstractContainerReportHandler.java:updateContainerState(287)) - Moving container #1 to QUASI_CLOSED state, datanode ff005283-6149-44cc-9e6b-88eb174549f2(localhost/127.0.0.1) reported QUASI_CLOSED replica.
2024-04-29 10:07:30,889 [main] INFO  ozone.MiniOzoneClusterImpl (MiniOzoneClusterImpl.java:shutdown(396)) - Shutting down the Mini Ozone Cluster
2024-04-29 10:07:30,890 [main] INFO  db.CodecTestUtil (CodecTestUtil.java:gc(50)) - gc 0
2024-04-29 10:07:31,080 [main] INFO  ozone.MiniOzoneClusterImpl (MiniOzoneClusterImpl.java:stop(412)) - Stopping the Mini Ozone Cluster
2024-04-29 10:07:31,080 [main] INFO  om.OzoneManager (OzoneManager.java:stop(2232)) - om1[localhost:15449]: Stopping Ozone Manager
2024-04-29 10:07:31,081 [main] INFO  ipc.Server (Server.java:stop(3523)) - Stopping server on 15449
2024-04-29 10:07:31,081 [IPC Server listener on 15449] INFO  ipc.Server (Server.java:run(1434)) - Stopping IPC Server listener on 15449
2024-04-29 10:07:31,081 [IPC Server Responder] INFO  ipc.Server (Server.java:run(1567)) - Stopping IPC Server Responder
2024-04-29 10:07:31,081 [main] INFO  ratis.OzoneManagerRatisServer (OzoneManagerRatisServer.java:stop(594)) - Stopping org.apache.hadoop.ozone.om.ratis.OzoneManagerRatisServer@344d9421 at port 15452
2024-04-29 10:07:31,082 [main] INFO  server.RaftServer (RaftServerProxy.java:lambda$close$9(416)) - om1: close
2024-04-29 10:07:31,082 [main] INFO  server.GrpcService (GrpcService.java:closeImpl(311)) - om1: shutdown server GrpcServerProtocolService now
2024-04-29 10:07:31,082 [om1-impl-thread1] INFO  server.RaftServer$Division (RaftServerImpl.java:lambda$close$3(526)) - om1@group-C5BA1605619E: shutdown
2024-04-29 10:07:31,082 [om1-impl-thread1] INFO  util.JmxRegister (JmxRegister.java:unregister(73)) - Successfully un-registered JMX Bean with object name Ratis:service=RaftServer,group=group-C5BA1605619E,id=om1
2024-04-29 10:07:31,082 [om1-impl-thread1] INFO  impl.RoleInfo (RoleInfo.java:shutdownLeaderState(94)) - om1: shutdown om1@group-C5BA1605619E-LeaderStateImpl
2024-04-29 10:07:31,082 [om1-impl-thread1] INFO  impl.PendingRequests (PendingRequests.java:sendNotLeaderResponses(289)) - om1@group-C5BA1605619E-PendingRequests: sendNotLeaderResponses
2024-04-29 10:07:31,083 [om1-impl-thread1] INFO  impl.StateMachineUpdater (StateMachineUpdater.java:stopAndJoin(157)) - om1@group-C5BA1605619E-StateMachineUpdater: set stopIndex = 4
2024-04-29 10:07:31,083 [om1@group-C5BA1605619E-StateMachineUpdater] INFO  ratis.OzoneManagerStateMachine (OzoneManagerStateMachine.java:takeSnapshotImpl(481)) -  applied = (t:1, i:3)
2024-04-29 10:07:31,083 [om1@group-C5BA1605619E-StateMachineUpdater] INFO  ratis.OzoneManagerStateMachine (OzoneManagerStateMachine.java:takeSnapshotImpl(482)) -  skipped = 3
2024-04-29 10:07:31,083 [om1@group-C5BA1605619E-StateMachineUpdater] INFO  ratis.OzoneManagerStateMachine (OzoneManagerStateMachine.java:takeSnapshotImpl(483)) - notified = (t:1, i:4)
2024-04-29 10:07:31,083 [om1@group-C5BA1605619E-StateMachineUpdater] INFO  ratis.OzoneManagerStateMachine (OzoneManagerStateMachine.java:takeSnapshotImpl(484)) - snapshot = (t:1, i:4)
2024-04-29 10:07:31,083 [main] INFO  server.GrpcService (GrpcService.java:closeImpl(320)) - om1: shutdown server GrpcServerProtocolService successfully
2024-04-29 10:07:31,095 [om1@group-C5BA1605619E-StateMachineUpdater] INFO  impl.StateMachineUpdater (StateMachineUpdater.java:takeSnapshot(295)) - om1@group-C5BA1605619E-StateMachineUpdater: Took a snapshot at index 4
2024-04-29 10:07:31,095 [om1@group-C5BA1605619E-StateMachineUpdater] INFO  impl.StateMachineUpdater (StateMachineUpdater.java:lambda$new$0(98)) - om1@group-C5BA1605619E-StateMachineUpdater: snapshotIndex: updateIncreasingly -1 -> 4
2024-04-29 10:07:31,095 [om1@group-C5BA1605619E-StateMachineUpdater] INFO  ratis.OzoneManagerStateMachine (OzoneManagerStateMachine.java:close(527)) - Stopping OzoneManagerStateMachine:om1:group-C5BA1605619E.
2024-04-29 10:07:31,095 [om1@group-C5BA1605619E-StateMachineUpdater] INFO  ratis.OzoneManagerDoubleBuffer (OzoneManagerDoubleBuffer.java:stopDaemon(517)) - Stopping OMDoubleBuffer flush thread
2024-04-29 10:07:31,095 [om1-OMDoubleBufferFlushThread] INFO  ratis.OzoneManagerDoubleBuffer (OzoneManagerDoubleBuffer.java:canFlush(581)) - OMDoubleBuffer flush thread om1-OMDoubleBufferFlushThread is interrupted and will exit.
2024-04-29 10:07:31,095 [om1-impl-thread1] INFO  server.RaftServer$Division (ServerState.java:close(427)) - om1@group-C5BA1605619E: applyIndex: 3
2024-04-29 10:07:31,095 [om1@group-C5BA1605619E-cacheEviction-AwaitToRun] INFO  util.AwaitToRun (AwaitToRun.java:run(49)) - om1@group-C5BA1605619E-cacheEviction-AwaitToRun-AwaitForSignal is interrupted
2024-04-29 10:07:31,981 [om1-impl-thread1] INFO  segmented.SegmentedRaftLogWorker (SegmentedRaftLogWorker.java:close(245)) - om1@group-C5BA1605619E-SegmentedRaftLogWorker close()
2024-04-29 10:07:31,982 [JvmPauseMonitor56] INFO  util.JvmPauseMonitor (JvmPauseMonitor.java:run(152)) - JvmPauseMonitor-om1: Stopped
2024-04-29 10:07:31,982 [main] INFO  utils.BackgroundService (BackgroundService.java:shutdown(160)) - Shutting down service KeyDeletingService
2024-04-29 10:07:31,982 [main] INFO  utils.BackgroundService (BackgroundService.java:shutdown(160)) - Shutting down service DirectoryDeletingService
2024-04-29 10:07:31,982 [main] INFO  utils.BackgroundService (BackgroundService.java:shutdown(160)) - Shutting down service OpenKeyCleanupService
2024-04-29 10:07:31,982 [main] INFO  utils.BackgroundService (BackgroundService.java:shutdown(160)) - Shutting down service SstFilteringService
2024-04-29 10:07:31,982 [main] INFO  utils.BackgroundService (BackgroundService.java:shutdown(160)) - Shutting down service SnapshotDeletingService
2024-04-29 10:07:31,983 [main] INFO  utils.BackgroundService (BackgroundService.java:shutdown(160)) - Shutting down service MultipartUploadCleanupService
2024-04-29 10:07:31,983 [main] INFO  utils.BackgroundService (BackgroundService.java:shutdown(160)) - Shutting down service SnapshotDirectoryCleaningService
2024-04-29 10:07:31,983 [main] INFO  handler.ContextHandler (ContextHandler.java:doStop(1159)) - Stopped o.e.j.w.WebAppContext@5638bee0{ozoneManager,/,null,STOPPED}{file:/home/runner/work/ozone/ozone/hadoop-ozone/integration-test/target/test-classes/webapps/ozoneManager}
2024-04-29 10:07:31,984 [main] INFO  server.AbstractConnector (AbstractConnector.java:doStop(383)) - Stopped ServerConnector@52d710e2{HTTP/1.1, (http/1.1)}{0.0.0.0:15450}
2024-04-29 10:07:31,984 [main] INFO  server.session (HouseKeeper.java:stopScavenging(149)) - node0 Stopped scavenging
2024-04-29 10:07:31,984 [main] INFO  handler.ContextHandler (ContextHandler.java:doStop(1159)) - Stopped o.e.j.s.ServletContextHandler@4a6f9ca5{static,/static,file:///home/runner/work/ozone/ozone/hadoop-ozone/integration-test/target/test-classes/webapps/static,STOPPED}
2024-04-29 10:07:31,984 [main] INFO  handler.ContextHandler (ContextHandler.java:doStop(1159)) - Stopped o.e.j.s.ServletContextHandler@927e34d{logs,/logs,file:///home/runner/work/ozone/ozone/hadoop-ozone/integration-test/target/log,STOPPED}
2024-04-29 10:07:31,985 [main] INFO  rocksdiff.RocksDBCheckpointDiffer (RocksDBCheckpointDiffer.java:close(310)) - Shutting down CompactionDagPruningService.
2024-04-29 10:07:31,986 [main] INFO  snapshot.SnapshotDiffManager (SnapshotDiffManager.java:closeExecutorService(1657)) - Shutting down executorService: 'SnapDiffExecutor'
2024-04-29 10:07:31,987 [main] INFO  utils.BackgroundService (BackgroundService.java:shutdown(160)) - Shutting down service SnapshotDiffCleanupService
2024-04-29 10:07:31,987 [main] INFO  ozone.MiniOzoneClusterImpl (MiniOzoneClusterImpl.java:stopDatanodes(471)) - Stopping the HddsDatanodes
2024-04-29 10:07:31,989 [ForkJoinPool.commonPool-worker-3] INFO  ozoneimpl.OzoneContainer (OzoneContainer.java:stop(481)) - Attempting to stop container services.
2024-04-29 10:07:31,989 [ForkJoinPool.commonPool-worker-2] INFO  ozoneimpl.OzoneContainer (OzoneContainer.java:stop(481)) - Attempting to stop container services.
2024-04-29 10:07:31,989 [ContainerMetadataScanner] WARN  ozoneimpl.AbstractBackgroundContainerScanner (AbstractBackgroundContainerScanner.java:handleRemainingSleep(134)) - Background container scan was interrupted.
2024-04-29 10:07:31,989 [ContainerMetadataScanner] WARN  ozoneimpl.AbstractBackgroundContainerScanner (AbstractBackgroundContainerScanner.java:handleRemainingSleep(134)) - Background container scan was interrupted.
2024-04-29 10:07:31,990 [ContainerMetadataScanner] INFO  ozoneimpl.AbstractBackgroundContainerScanner (AbstractBackgroundContainerScanner.java:run(61)) - Thread[ContainerMetadataScanner,5,main] exiting.
2024-04-29 10:07:31,990 [ForkJoinPool.commonPool-worker-2] INFO  ozoneimpl.BackgroundContainerDataScanner (BackgroundContainerDataScanner.java:shutdown(141)) - ContainerDataScanner(/home/runner/work/ozone/ozone/hadoop-ozone/integration-test/target/test-dir/MiniOzoneClusterImpl-9e79b078-2218-4abd-b04c-a65fc7f927a6/ozone-meta/datanode-8/data-0/hdds) is shutting down. 
2024-04-29 10:07:31,990 [ContainerDataScanner(/home/runner/work/ozone/ozone/hadoop-ozone/integration-test/target/test-dir/MiniOzoneClusterImpl-9e79b078-2218-4abd-b04c-a65fc7f927a6/ozone-meta/datanode-8/data-0/hdds)] WARN  ozoneimpl.AbstractBackgroundContainerScanner (AbstractBackgroundContainerScanner.java:handleRemainingSleep(134)) - Background container scan was interrupted.
2024-04-29 10:07:31,990 [main] INFO  ozoneimpl.OzoneContainer (OzoneContainer.java:stop(481)) - Attempting to stop container services.
2024-04-29 10:07:31,990 [ContainerMetadataScanner] WARN  ozoneimpl.AbstractBackgroundContainerScanner (AbstractBackgroundContainerScanner.java:handleRemainingSleep(134)) - Background container scan was interrupted.
2024-04-29 10:07:31,989 [ForkJoinPool.commonPool-worker-4] INFO  ozoneimpl.OzoneContainer (OzoneContainer.java:stop(481)) - Attempting to stop container services.
2024-04-29 10:07:31,990 [ContainerDataScanner(/home/runner/work/ozone/ozone/hadoop-ozone/integration-test/target/test-dir/MiniOzoneClusterImpl-9e79b078-2218-4abd-b04c-a65fc7f927a6/ozone-meta/datanode-8/data-0/hdds)] INFO  ozoneimpl.AbstractBackgroundContainerScanner (AbstractBackgroundContainerScanner.java:run(61)) - ContainerDataScanner(/home/runner/work/ozone/ozone/hadoop-ozone/integration-test/target/test-dir/MiniOzoneClusterImpl-9e79b078-2218-4abd-b04c-a65fc7f927a6/ozone-meta/datanode-8/data-0/hdds, DS-8996fb91-b66c-4db4-86bb-dde3eda381d7) exiting.
2024-04-29 10:07:31,990 [ContainerMetadataScanner] INFO  ozoneimpl.AbstractBackgroundContainerScanner (AbstractBackgroundContainerScanner.java:run(61)) - Thread[ContainerMetadataScanner,5,main] exiting.
2024-04-29 10:07:31,989 [ContainerMetadataScanner] INFO  ozoneimpl.AbstractBackgroundContainerScanner (AbstractBackgroundContainerScanner.java:run(61)) - Thread[ContainerMetadataScanner,5,main] exiting.
2024-04-29 10:07:31,991 [main] INFO  ozoneimpl.BackgroundContainerDataScanner (BackgroundContainerDataScanner.java:shutdown(141)) - ContainerDataScanner(/home/runner/work/ozone/ozone/hadoop-ozone/integration-test/target/test-dir/MiniOzoneClusterImpl-9e79b078-2218-4abd-b04c-a65fc7f927a6/ozone-meta/datanode-6/data-0/hdds) is shutting down. 
2024-04-29 10:07:31,990 [ContainerMetadataScanner] WARN  ozoneimpl.AbstractBackgroundContainerScanner (AbstractBackgroundContainerScanner.java:handleRemainingSleep(134)) - Background container scan was interrupted.
2024-04-29 10:07:31,991 [ContainerMetadataScanner] INFO  ozoneimpl.AbstractBackgroundContainerScanner (AbstractBackgroundContainerScanner.java:run(61)) - Thread[ContainerMetadataScanner,5,main] exiting.
2024-04-29 10:07:31,991 [ForkJoinPool.commonPool-worker-4] INFO  ozoneimpl.BackgroundContainerDataScanner (BackgroundContainerDataScanner.java:shutdown(141)) - ContainerDataScanner(/home/runner/work/ozone/ozone/hadoop-ozone/integration-test/target/test-dir/MiniOzoneClusterImpl-9e79b078-2218-4abd-b04c-a65fc7f927a6/ozone-meta/datanode-4/data-0/hdds) is shutting down. 
2024-04-29 10:07:31,991 [ContainerDataScanner(/home/runner/work/ozone/ozone/hadoop-ozone/integration-test/target/test-dir/MiniOzoneClusterImpl-9e79b078-2218-4abd-b04c-a65fc7f927a6/ozone-meta/datanode-6/data-0/hdds)] WARN  ozoneimpl.AbstractBackgroundContainerScanner (AbstractBackgroundContainerScanner.java:handleRemainingSleep(134)) - Background container scan was interrupted.
2024-04-29 10:07:31,991 [ContainerDataScanner(/home/runner/work/ozone/ozone/hadoop-ozone/integration-test/target/test-dir/MiniOzoneClusterImpl-9e79b078-2218-4abd-b04c-a65fc7f927a6/ozone-meta/datanode-4/data-0/hdds)] WARN  ozoneimpl.AbstractBackgroundContainerScanner (AbstractBackgroundContainerScanner.java:handleRemainingSleep(134)) - Background container scan was interrupted.
2024-04-29 10:07:31,991 [ContainerDataScanner(/home/runner/work/ozone/ozone/hadoop-ozone/integration-test/target/test-dir/MiniOzoneClusterImpl-9e79b078-2218-4abd-b04c-a65fc7f927a6/ozone-meta/datanode-4/data-0/hdds)] INFO  ozoneimpl.AbstractBackgroundContainerScanner (AbstractBackgroundContainerScanner.java:run(61)) - ContainerDataScanner(/home/runner/work/ozone/ozone/hadoop-ozone/integration-test/target/test-dir/MiniOzoneClusterImpl-9e79b078-2218-4abd-b04c-a65fc7f927a6/ozone-meta/datanode-4/data-0/hdds, DS-c2b5c243-603b-4d39-8589-1da2a9d8f69f) exiting.
2024-04-29 10:07:31,991 [ForkJoinPool.commonPool-worker-3] INFO  ozoneimpl.BackgroundContainerDataScanner (BackgroundContainerDataScanner.java:shutdown(141)) - ContainerDataScanner(/home/runner/work/ozone/ozone/hadoop-ozone/integration-test/target/test-dir/MiniOzoneClusterImpl-9e79b078-2218-4abd-b04c-a65fc7f927a6/ozone-meta/datanode-5/data-0/hdds) is shutting down. 
2024-04-29 10:07:31,992 [ContainerDataScanner(/home/runner/work/ozone/ozone/hadoop-ozone/integration-test/target/test-dir/MiniOzoneClusterImpl-9e79b078-2218-4abd-b04c-a65fc7f927a6/ozone-meta/datanode-5/data-0/hdds)] WARN  ozoneimpl.AbstractBackgroundContainerScanner (AbstractBackgroundContainerScanner.java:handleRemainingSleep(134)) - Background container scan was interrupted.
2024-04-29 10:07:31,991 [ForkJoinPool.commonPool-worker-4] INFO  server.RaftServer (RaftServerProxy.java:lambda$close$9(416)) - 98bce0f1-b1ff-4756-b9de-e813dc1af0d3: close
2024-04-29 10:07:31,992 [98bce0f1-b1ff-4756-b9de-e813dc1af0d3-impl-thread1] INFO  server.RaftServer$Division (RaftServerImpl.java:lambda$close$3(526)) - 98bce0f1-b1ff-4756-b9de-e813dc1af0d3@group-C9E38A37DCCA: shutdown
2024-04-29 10:07:31,992 [98bce0f1-b1ff-4756-b9de-e813dc1af0d3-impl-thread1] INFO  util.JmxRegister (JmxRegister.java:unregister(73)) - Successfully un-registered JMX Bean with object name Ratis:service=RaftServer,group=group-C9E38A37DCCA,id=98bce0f1-b1ff-4756-b9de-e813dc1af0d3
2024-04-29 10:07:31,992 [98bce0f1-b1ff-4756-b9de-e813dc1af0d3-impl-thread1] INFO  impl.RoleInfo (RoleInfo.java:shutdownLeaderState(94)) - 98bce0f1-b1ff-4756-b9de-e813dc1af0d3: shutdown 98bce0f1-b1ff-4756-b9de-e813dc1af0d3@group-C9E38A37DCCA-LeaderStateImpl
2024-04-29 10:07:31,992 [98bce0f1-b1ff-4756-b9de-e813dc1af0d3-impl-thread1] INFO  impl.PendingRequests (PendingRequests.java:sendNotLeaderResponses(289)) - 98bce0f1-b1ff-4756-b9de-e813dc1af0d3@group-C9E38A37DCCA-PendingRequests: sendNotLeaderResponses
2024-04-29 10:07:31,992 [98bce0f1-b1ff-4756-b9de-e813dc1af0d3-impl-thread1] INFO  impl.StateMachineUpdater (StateMachineUpdater.java:stopAndJoin(157)) - 98bce0f1-b1ff-4756-b9de-e813dc1af0d3@group-C9E38A37DCCA-StateMachineUpdater: set stopIndex = 0
2024-04-29 10:07:31,991 [ContainerDataScanner(/home/runner/work/ozone/ozone/hadoop-ozone/integration-test/target/test-dir/MiniOzoneClusterImpl-9e79b078-2218-4abd-b04c-a65fc7f927a6/ozone-meta/datanode-6/data-0/hdds)] INFO  ozoneimpl.AbstractBackgroundContainerScanner (AbstractBackgroundContainerScanner.java:run(61)) - ContainerDataScanner(/home/runner/work/ozone/ozone/hadoop-ozone/integration-test/target/test-dir/MiniOzoneClusterImpl-9e79b078-2218-4abd-b04c-a65fc7f927a6/ozone-meta/datanode-6/data-0/hdds, DS-5c06ff99-7281-4c84-8ce8-ef9515db8985) exiting.
2024-04-29 10:07:31,991 [ForkJoinPool.commonPool-worker-2] INFO  server.RaftServer (RaftServerProxy.java:lambda$close$9(416)) - d40c8439-b047-4b38-90b1-52a68d7d9fe2: close
2024-04-29 10:07:31,992 [98bce0f1-b1ff-4756-b9de-e813dc1af0d3@group-C9E38A37DCCA-StateMachineUpdater] INFO  ratis.ContainerStateMachine (ContainerStateMachine.java:takeSnapshot(355)) - group-C9E38A37DCCA: Taking a snapshot at:(t:1, i:0) file /home/runner/work/ozone/ozone/hadoop-ozone/integration-test/target/test-dir/MiniOzoneClusterImpl-9e79b078-2218-4abd-b04c-a65fc7f927a6/ozone-meta/datanode-4/ratis/b8e86791-9cb7-4ebf-981d-c9e38a37dcca/sm/snapshot.1_0
2024-04-29 10:07:31,992 [ForkJoinPool.commonPool-worker-2] INFO  server.GrpcService (GrpcService.java:closeImpl(311)) - d40c8439-b047-4b38-90b1-52a68d7d9fe2: shutdown server org.apache.ratis.grpc.server.GrpcClientProtocolService now
2024-04-29 10:07:31,993 [d40c8439-b047-4b38-90b1-52a68d7d9fe2-impl-thread1] INFO  server.RaftServer$Division (RaftServerImpl.java:lambda$close$3(526)) - d40c8439-b047-4b38-90b1-52a68d7d9fe2@group-65EDF0013E08: shutdown
2024-04-29 10:07:31,993 [d40c8439-b047-4b38-90b1-52a68d7d9fe2-impl-thread1] INFO  util.JmxRegister (JmxRegister.java:unregister(73)) - Successfully un-registered JMX Bean with object name Ratis:service=RaftServer,group=group-65EDF0013E08,id=d40c8439-b047-4b38-90b1-52a68d7d9fe2
2024-04-29 10:07:31,993 [d40c8439-b047-4b38-90b1-52a68d7d9fe2-impl-thread1] INFO  impl.RoleInfo (RoleInfo.java:shutdownLeaderState(94)) - d40c8439-b047-4b38-90b1-52a68d7d9fe2: shutdown d40c8439-b047-4b38-90b1-52a68d7d9fe2@group-65EDF0013E08-LeaderStateImpl
2024-04-29 10:07:31,993 [d40c8439-b047-4b38-90b1-52a68d7d9fe2-impl-thread1] INFO  impl.PendingRequests (PendingRequests.java:sendNotLeaderResponses(289)) - d40c8439-b047-4b38-90b1-52a68d7d9fe2@group-65EDF0013E08-PendingRequests: sendNotLeaderResponses
2024-04-29 10:07:31,993 [Thread-7153] INFO  server.GrpcServerProtocolClient (GrpcServerProtocolClient.java:close(103)) - 158faee4-db49-465b-9160-a35c663658b4 Close channels
2024-04-29 10:07:31,993 [d40c8439-b047-4b38-90b1-52a68d7d9fe2-impl-thread1] INFO  impl.StateMachineUpdater (StateMachineUpdater.java:stopAndJoin(157)) - d40c8439-b047-4b38-90b1-52a68d7d9fe2@group-65EDF0013E08-StateMachineUpdater: set stopIndex = 0
2024-04-29 10:07:31,994 [d40c8439-b047-4b38-90b1-52a68d7d9fe2@group-65EDF0013E08-StateMachineUpdater] INFO  ratis.ContainerStateMachine (ContainerStateMachine.java:takeSnapshot(355)) - group-65EDF0013E08: Taking a snapshot at:(t:1, i:0) file /home/runner/work/ozone/ozone/hadoop-ozone/integration-test/target/test-dir/MiniOzoneClusterImpl-9e79b078-2218-4abd-b04c-a65fc7f927a6/ozone-meta/datanode-8/ratis/55eb9c21-da10-48b8-b4f4-65edf0013e08/sm/snapshot.1_0
2024-04-29 10:07:31,992 [98bce0f1-b1ff-4756-b9de-e813dc1af0d3-impl-thread2] INFO  server.RaftServer$Division (RaftServerImpl.java:lambda$close$3(526)) - 98bce0f1-b1ff-4756-b9de-e813dc1af0d3@group-441AB6A0D421: shutdown
2024-04-29 10:07:31,992 [ForkJoinPool.commonPool-worker-4] INFO  server.GrpcService (GrpcService.java:closeImpl(311)) - 98bce0f1-b1ff-4756-b9de-e813dc1af0d3: shutdown server org.apache.ratis.grpc.server.GrpcClientProtocolService now
2024-04-29 10:07:31,992 [ContainerDataScanner(/home/runner/work/ozone/ozone/hadoop-ozone/integration-test/target/test-dir/MiniOzoneClusterImpl-9e79b078-2218-4abd-b04c-a65fc7f927a6/ozone-meta/datanode-5/data-0/hdds)] INFO  ozoneimpl.AbstractBackgroundContainerScanner (AbstractBackgroundContainerScanner.java:run(61)) - ContainerDataScanner(/home/runner/work/ozone/ozone/hadoop-ozone/integration-test/target/test-dir/MiniOzoneClusterImpl-9e79b078-2218-4abd-b04c-a65fc7f927a6/ozone-meta/datanode-5/data-0/hdds, DS-bb2feb34-e223-4413-9a34-e5964ffc5faa) exiting.
2024-04-29 10:07:31,994 [main] INFO  server.RaftServer (RaftServerProxy.java:lambda$close$9(416)) - 7c1b7d40-21b8-4f63-a346-8b6e9b157cbc: close
2024-04-29 10:07:31,994 [98bce0f1-b1ff-4756-b9de-e813dc1af0d3@group-C9E38A37DCCA-StateMachineUpdater] INFO  ratis.ContainerStateMachine (ContainerStateMachine.java:takeSnapshot(366)) - group-C9E38A37DCCA: Finished taking a snapshot at:(t:1, i:0) file:/home/runner/work/ozone/ozone/hadoop-ozone/integration-test/target/test-dir/MiniOzoneClusterImpl-9e79b078-2218-4abd-b04c-a65fc7f927a6/ozone-meta/datanode-4/ratis/b8e86791-9cb7-4ebf-981d-c9e38a37dcca/sm/snapshot.1_0 took: 1 ms
2024-04-29 10:07:31,995 [98bce0f1-b1ff-4756-b9de-e813dc1af0d3@group-C9E38A37DCCA-StateMachineUpdater] INFO  impl.StateMachineUpdater (StateMachineUpdater.java:takeSnapshot(295)) - 98bce0f1-b1ff-4756-b9de-e813dc1af0d3@group-C9E38A37DCCA-StateMachineUpdater: Took a snapshot at index 0
2024-04-29 10:07:31,995 [98bce0f1-b1ff-4756-b9de-e813dc1af0d3@group-C9E38A37DCCA-StateMachineUpdater] INFO  impl.StateMachineUpdater (StateMachineUpdater.java:lambda$new$0(98)) - 98bce0f1-b1ff-4756-b9de-e813dc1af0d3@group-C9E38A37DCCA-StateMachineUpdater: snapshotIndex: updateIncreasingly -1 -> 0
2024-04-29 10:07:31,993 [Thread-7152] INFO  server.GrpcServerProtocolClient (GrpcServerProtocolClient.java:close(103)) - 6d3d555f-4cf8-4e54-a907-fcd788b1b69a Close channels
2024-04-29 10:07:31,993 [d40c8439-b047-4b38-90b1-52a68d7d9fe2-impl-thread2] INFO  server.RaftServer$Division (RaftServerImpl.java:lambda$close$3(526)) - d40c8439-b047-4b38-90b1-52a68d7d9fe2@group-19A9548FA913: shutdown
2024-04-29 10:07:31,995 [d40c8439-b047-4b38-90b1-52a68d7d9fe2-impl-thread2] INFO  util.JmxRegister (JmxRegister.java:unregister(73)) - Successfully un-registered JMX Bean with object name Ratis:service=RaftServer,group=group-19A9548FA913,id=d40c8439-b047-4b38-90b1-52a68d7d9fe2
2024-04-29 10:07:31,995 [d40c8439-b047-4b38-90b1-52a68d7d9fe2-impl-thread2] INFO  impl.RoleInfo (RoleInfo.java:shutdownLeaderState(94)) - d40c8439-b047-4b38-90b1-52a68d7d9fe2: shutdown d40c8439-b047-4b38-90b1-52a68d7d9fe2@group-19A9548FA913-LeaderStateImpl
2024-04-29 10:07:31,995 [Thread-7157] INFO  server.GrpcServerProtocolClient (GrpcServerProtocolClient.java:close(103)) - 7c1b7d40-21b8-4f63-a346-8b6e9b157cbc Close channels
2024-04-29 10:07:31,995 [d40c8439-b047-4b38-90b1-52a68d7d9fe2@group-19A9548FA913->158faee4-db49-465b-9160-a35c663658b4-GrpcLogAppender-LogAppenderDaemon] WARN  server.GrpcLogAppender (GrpcLogAppender.java:mayWait(289)) - d40c8439-b047-4b38-90b1-52a68d7d9fe2@group-19A9548FA913->158faee4-db49-465b-9160-a35c663658b4-GrpcLogAppender: Wait interrupted by java.lang.InterruptedException
2024-04-29 10:07:31,995 [Thread-7155] INFO  server.GrpcServerProtocolClient (GrpcServerProtocolClient.java:close(103)) - 05a782ff-e365-47f1-b590-80dc8e3c2105 Close channels
2024-04-29 10:07:31,995 [98bce0f1-b1ff-4756-b9de-e813dc1af0d3-impl-thread2] INFO  util.JmxRegister (JmxRegister.java:unregister(73)) - Successfully un-registered JMX Bean with object name Ratis:service=RaftServer,group=group-441AB6A0D421,id=98bce0f1-b1ff-4756-b9de-e813dc1af0d3
2024-04-29 10:07:31,996 [98bce0f1-b1ff-4756-b9de-e813dc1af0d3-impl-thread2] INFO  impl.RoleInfo (RoleInfo.java:shutdownLeaderState(94)) - 98bce0f1-b1ff-4756-b9de-e813dc1af0d3: shutdown 98bce0f1-b1ff-4756-b9de-e813dc1af0d3@group-441AB6A0D421-LeaderStateImpl
2024-04-29 10:07:31,995 [7c1b7d40-21b8-4f63-a346-8b6e9b157cbc-impl-thread1] INFO  server.RaftServer$Division (RaftServerImpl.java:lambda$close$3(526)) - 7c1b7d40-21b8-4f63-a346-8b6e9b157cbc@group-9A2A807AA8F8: shutdown
2024-04-29 10:07:31,996 [98bce0f1-b1ff-4756-b9de-e813dc1af0d3@group-441AB6A0D421->7c1b7d40-21b8-4f63-a346-8b6e9b157cbc-GrpcLogAppender-LogAppenderDaemon] WARN  server.GrpcLogAppender (GrpcLogAppender.java:mayWait(289)) - 98bce0f1-b1ff-4756-b9de-e813dc1af0d3@group-441AB6A0D421->7c1b7d40-21b8-4f63-a346-8b6e9b157cbc-GrpcLogAppender: Wait interrupted by java.lang.InterruptedException
2024-04-29 10:07:31,995 [98bce0f1-b1ff-4756-b9de-e813dc1af0d3-impl-thread1] INFO  server.RaftServer$Division (ServerState.java:close(427)) - 98bce0f1-b1ff-4756-b9de-e813dc1af0d3@group-C9E38A37DCCA: applyIndex: 0
2024-04-29 10:07:31,994 [d40c8439-b047-4b38-90b1-52a68d7d9fe2@group-65EDF0013E08-StateMachineUpdater] INFO  ratis.ContainerStateMachine (ContainerStateMachine.java:takeSnapshot(366)) - group-65EDF0013E08: Finished taking a snapshot at:(t:1, i:0) file:/home/runner/work/ozone/ozone/hadoop-ozone/integration-test/target/test-dir/MiniOzoneClusterImpl-9e79b078-2218-4abd-b04c-a65fc7f927a6/ozone-meta/datanode-8/ratis/55eb9c21-da10-48b8-b4f4-65edf0013e08/sm/snapshot.1_0 took: 1 ms
2024-04-29 10:07:31,996 [d40c8439-b047-4b38-90b1-52a68d7d9fe2@group-65EDF0013E08-StateMachineUpdater] INFO  impl.StateMachineUpdater (StateMachineUpdater.java:takeSnapshot(295)) - d40c8439-b047-4b38-90b1-52a68d7d9fe2@group-65EDF0013E08-StateMachineUpdater: Took a snapshot at index 0
2024-04-29 10:07:31,996 [grpc-default-executor-7] INFO  server.GrpcServerProtocolService (GrpcServerProtocolService.java:onCompleted(157)) - 158faee4-db49-465b-9160-a35c663658b4: Completed APPEND_ENTRIES, lastRequest: d40c8439-b047-4b38-90b1-52a68d7d9fe2->158faee4-db49-465b-9160-a35c663658b4#1-t1,previous=(t:0, i:0),leaderCommit=-1,initializing? false,entries: size=1, first=(t:1, i:0), CONFIGURATIONENTRY(current:id: "6d3d555f-4cf8-4e54-a907-fcd788b1b69a"
address: "127.0.0.1:15513"
dataStreamAddress: "127.0.0.1:15514"
clientAddress: "127.0.0.1:15511"
adminAddress: "127.0.0.1:15512"
startupRole: FOLLOWER
,id: "158faee4-db49-465b-9160-a35c663658b4"
address: "127.0.0.1:15531"
dataStreamAddress: "127.0.0.1:15532"
clientAddress: "127.0.0.1:15529"
adminAddress: "127.0.0.1:15530"
startupRole: FOLLOWER
,id: "d40c8439-b047-4b38-90b1-52a68d7d9fe2"
address: "127.0.0.1:15522"
priority: 1
dataStreamAddress: "127.0.0.1:15523"
clientAddress: "127.0.0.1:15520"
adminAddress: "127.0.0.1:15521"
startupRole: FOLLOWER
, old:)
2024-04-29 10:07:31,996 [grpc-default-executor-7] INFO  server.GrpcServerProtocolService (GrpcServerProtocolService.java:lambda$onCompleted$5(159)) - 158faee4-db49-465b-9160-a35c663658b4: Completed APPEND_ENTRIES, lastReply: null
2024-04-29 10:07:31,996 [grpc-default-executor-1] INFO  server.GrpcServerProtocolService (GrpcServerProtocolService.java:onCompleted(157)) - 158faee4-db49-465b-9160-a35c663658b4: Completed APPEND_ENTRIES, lastRequest: null
2024-04-29 10:07:31,994 [ForkJoinPool.commonPool-worker-1] INFO  ozoneimpl.OzoneContainer (OzoneContainer.java:stop(481)) - Attempting to stop container services.
2024-04-29 10:07:31,997 [grpc-default-executor-4] INFO  server.GrpcServerProtocolService (GrpcServerProtocolService.java:onCompleted(157)) - 7c1b7d40-21b8-4f63-a346-8b6e9b157cbc: Completed APPEND_ENTRIES, lastRequest: null
2024-04-29 10:07:31,994 [ForkJoinPool.commonPool-worker-3] INFO  server.RaftServer (RaftServerProxy.java:lambda$close$9(416)) - 05a782ff-e365-47f1-b590-80dc8e3c2105: close
2024-04-29 10:07:31,997 [ContainerMetadataScanner] WARN  ozoneimpl.AbstractBackgroundContainerScanner (AbstractBackgroundContainerScanner.java:handleRemainingSleep(134)) - Background container scan was interrupted.
2024-04-29 10:07:31,997 [ContainerMetadataScanner] INFO  ozoneimpl.AbstractBackgroundContainerScanner (AbstractBackgroundContainerScanner.java:run(61)) - Thread[ContainerMetadataScanner,5,main] exiting.
2024-04-29 10:07:31,997 [grpc-default-executor-1] INFO  server.GrpcServerProtocolService (GrpcServerProtocolService.java:lambda$onCompleted$5(159)) - 158faee4-db49-465b-9160-a35c663658b4: Completed APPEND_ENTRIES, lastReply: serverReply {
  requestorId: "d40c8439-b047-4b38-90b1-52a68d7d9fe2"
  replyId: "158faee4-db49-465b-9160-a35c663658b4"
  raftGroupId {
    id: "J\314\026P\335\tG\a\256b\031\251T\217\251\023"
  }
  callId: 10
  success: true
}
term: 1
nextIndex: 1
matchIndex: 18446744073709551615
isHearbeat: true

2024-04-29 10:07:31,996 [98bce0f1-b1ff-4756-b9de-e813dc1af0d3@group-441AB6A0D421->05a782ff-e365-47f1-b590-80dc8e3c2105-GrpcLogAppender-LogAppenderDaemon] WARN  server.GrpcLogAppender (GrpcLogAppender.java:mayWait(289)) - 98bce0f1-b1ff-4756-b9de-e813dc1af0d3@group-441AB6A0D421->05a782ff-e365-47f1-b590-80dc8e3c2105-GrpcLogAppender: Wait interrupted by java.lang.InterruptedException
2024-04-29 10:07:31,996 [d40c8439-b047-4b38-90b1-52a68d7d9fe2@group-65EDF0013E08-StateMachineUpdater] INFO  impl.StateMachineUpdater (StateMachineUpdater.java:lambda$new$0(98)) - d40c8439-b047-4b38-90b1-52a68d7d9fe2@group-65EDF0013E08-StateMachineUpdater: snapshotIndex: updateIncreasingly -1 -> 0
2024-04-29 10:07:31,996 [98bce0f1-b1ff-4756-b9de-e813dc1af0d3@group-C9E38A37DCCA-cacheEviction-AwaitToRun] INFO  util.AwaitToRun (AwaitToRun.java:run(49)) - 98bce0f1-b1ff-4756-b9de-e813dc1af0d3@group-C9E38A37DCCA-cacheEviction-AwaitToRun-AwaitForSignal is interrupted
2024-04-29 10:07:31,997 [d40c8439-b047-4b38-90b1-52a68d7d9fe2-impl-thread1] INFO  server.RaftServer$Division (ServerState.java:close(427)) - d40c8439-b047-4b38-90b1-52a68d7d9fe2@group-65EDF0013E08: applyIndex: 0
2024-04-29 10:07:31,996 [7c1b7d40-21b8-4f63-a346-8b6e9b157cbc-impl-thread1] INFO  util.JmxRegister (JmxRegister.java:unregister(73)) - Successfully un-registered JMX Bean with object name Ratis:service=RaftServer,group=group-9A2A807AA8F8,id=7c1b7d40-21b8-4f63-a346-8b6e9b157cbc
2024-04-29 10:07:31,997 [7c1b7d40-21b8-4f63-a346-8b6e9b157cbc-impl-thread1] INFO  impl.RoleInfo (RoleInfo.java:shutdownLeaderState(94)) - 7c1b7d40-21b8-4f63-a346-8b6e9b157cbc: shutdown 7c1b7d40-21b8-4f63-a346-8b6e9b157cbc@group-9A2A807AA8F8-LeaderStateImpl
2024-04-29 10:07:31,998 [7c1b7d40-21b8-4f63-a346-8b6e9b157cbc-impl-thread1] INFO  impl.PendingRequests (PendingRequests.java:sendNotLeaderResponses(289)) - 7c1b7d40-21b8-4f63-a346-8b6e9b157cbc@group-9A2A807AA8F8-PendingRequests: sendNotLeaderResponses
2024-04-29 10:07:31,996 [98bce0f1-b1ff-4756-b9de-e813dc1af0d3-impl-thread2] INFO  impl.PendingRequests (PendingRequests.java:sendNotLeaderResponses(289)) - 98bce0f1-b1ff-4756-b9de-e813dc1af0d3@group-441AB6A0D421-PendingRequests: sendNotLeaderResponses
2024-04-29 10:07:31,998 [7c1b7d40-21b8-4f63-a346-8b6e9b157cbc-impl-thread1] INFO  impl.StateMachineUpdater (StateMachineUpdater.java:stopAndJoin(157)) - 7c1b7d40-21b8-4f63-a346-8b6e9b157cbc@group-9A2A807AA8F8-StateMachineUpdater: set stopIndex = 0
2024-04-29 10:07:31,998 [7c1b7d40-21b8-4f63-a346-8b6e9b157cbc@group-9A2A807AA8F8-StateMachineUpdater] INFO  ratis.ContainerStateMachine (ContainerStateMachine.java:takeSnapshot(355)) - group-9A2A807AA8F8: Taking a snapshot at:(t:1, i:0) file /home/runner/work/ozone/ozone/hadoop-ozone/integration-test/target/test-dir/MiniOzoneClusterImpl-9e79b078-2218-4abd-b04c-a65fc7f927a6/ozone-meta/datanode-6/ratis/03df29b8-9c30-4757-b1ef-9a2a807aa8f8/sm/snapshot.1_0
2024-04-29 10:07:31,998 [98bce0f1-b1ff-4756-b9de-e813dc1af0d3-impl-thread2] INFO  impl.StateMachineUpdater (StateMachineUpdater.java:stopAndJoin(157)) - 98bce0f1-b1ff-4756-b9de-e813dc1af0d3@group-441AB6A0D421-StateMachineUpdater: set stopIndex = 0
2024-04-29 10:07:31,998 [grpc-default-executor-3] INFO  server.GrpcLogAppender (GrpcLogAppender.java:onCompleted(546)) - d40c8439-b047-4b38-90b1-52a68d7d9fe2@group-19A9548FA913->158faee4-db49-465b-9160-a35c663658b4-AppendLogResponseHandler: follower responses appendEntries COMPLETED
2024-04-29 10:07:31,998 [grpc-default-executor-6] INFO  server.GrpcServerProtocolService (GrpcServerProtocolService.java:onCompleted(157)) - 05a782ff-e365-47f1-b590-80dc8e3c2105: Completed APPEND_ENTRIES, lastRequest: null
2024-04-29 10:07:31,995 [d40c8439-b047-4b38-90b1-52a68d7d9fe2@group-19A9548FA913->6d3d555f-4cf8-4e54-a907-fcd788b1b69a-GrpcLogAppender-LogAppenderDaemon] WARN  server.GrpcLogAppender (GrpcLogAppender.java:mayWait(289)) - d40c8439-b047-4b38-90b1-52a68d7d9fe2@group-19A9548FA913->6d3d555f-4cf8-4e54-a907-fcd788b1b69a-GrpcLogAppender: Wait interrupted by java.lang.InterruptedException
2024-04-29 10:07:31,995 [d40c8439-b047-4b38-90b1-52a68d7d9fe2-impl-thread2] INFO  impl.PendingRequests (PendingRequests.java:sendNotLeaderResponses(289)) - d40c8439-b047-4b38-90b1-52a68d7d9fe2@group-19A9548FA913-PendingRequests: sendNotLeaderResponses
2024-04-29 10:07:31,998 [grpc-default-executor-6] INFO  server.GrpcServerProtocolService (GrpcServerProtocolService.java:lambda$onCompleted$5(159)) - 05a782ff-e365-47f1-b590-80dc8e3c2105: Completed APPEND_ENTRIES, lastReply: serverReply {
  requestorId: "98bce0f1-b1ff-4756-b9de-e813dc1af0d3"
  replyId: "05a782ff-e365-47f1-b590-80dc8e3c2105"
  raftGroupId {
    id: "\340\037\370/\004\227N\a\272\202D\032\266\240\324!"
  }
  callId: 11
  success: true
}
term: 1
nextIndex: 1
matchIndex: 18446744073709551615
isHearbeat: true

2024-04-29 10:07:31,998 [grpc-default-executor-3] WARN  server.GrpcLogAppender (GrpcLogAppender.java:resetClient(226)) - d40c8439-b047-4b38-90b1-52a68d7d9fe2@group-19A9548FA913->158faee4-db49-465b-9160-a35c663658b4-GrpcLogAppender: Failed to getClient for 158faee4-db49-465b-9160-a35c663658b4
org.apache.ratis.protocol.exceptions.AlreadyClosedException: d40c8439-b047-4b38-90b1-52a68d7d9fe2 is already CLOSED
	at org.apache.ratis.util.PeerProxyMap$PeerAndProxy.getProxy(PeerProxyMap.java:65)
	at org.apache.ratis.util.PeerProxyMap.getProxy(PeerProxyMap.java:114)
	at org.apache.ratis.grpc.server.GrpcLogAppender.getClient(GrpcLogAppender.java:196)
	at org.apache.ratis.grpc.server.GrpcLogAppender.resetClient(GrpcLogAppender.java:201)
	at org.apache.ratis.grpc.server.GrpcLogAppender.access$800(GrpcLogAppender.java:62)
	at org.apache.ratis.grpc.server.GrpcLogAppender$AppendLogResponseHandler.onCompleted(GrpcLogAppender.java:547)
	at org.apache.ratis.thirdparty.io.grpc.stub.ClientCalls$StreamObserverToCallListenerAdapter.onClose(ClientCalls.java:479)
	at org.apache.ratis.thirdparty.io.grpc.internal.ClientCallImpl.closeObserver(ClientCallImpl.java:567)
	at org.apache.ratis.thirdparty.io.grpc.internal.ClientCallImpl.access$300(ClientCallImpl.java:71)
	at org.apache.ratis.thirdparty.io.grpc.internal.ClientCallImpl$ClientStreamListenerImpl$1StreamClosed.runInternal(ClientCallImpl.java:735)
	at org.apache.ratis.thirdparty.io.grpc.internal.ClientCallImpl$ClientStreamListenerImpl$1StreamClosed.runInContext(ClientCallImpl.java:716)
	at org.apache.ratis.thirdparty.io.grpc.internal.ContextRunnable.run(ContextRunnable.java:37)
	at org.apache.ratis.thirdparty.io.grpc.internal.SerializingExecutor.run(SerializingExecutor.java:133)
	at java.base/java.util.concurrent.ThreadPoolExecutor.runWorker(ThreadPoolExecutor.java:1136)
	at java.base/java.util.concurrent.ThreadPoolExecutor$Worker.run(ThreadPoolExecutor.java:635)
	at java.base/java.lang.Thread.run(Thread.java:840)
2024-04-29 10:07:31,998 [98bce0f1-b1ff-4756-b9de-e813dc1af0d3@group-441AB6A0D421-StateMachineUpdater] INFO  ratis.ContainerStateMachine (ContainerStateMachine.java:takeSnapshot(355)) - group-441AB6A0D421: Taking a snapshot at:(t:1, i:0) file /home/runner/work/ozone/ozone/hadoop-ozone/integration-test/target/test-dir/MiniOzoneClusterImpl-9e79b078-2218-4abd-b04c-a65fc7f927a6/ozone-meta/datanode-4/ratis/e01ff82f-0497-4e07-ba82-441ab6a0d421/sm/snapshot.1_0
2024-04-29 10:07:31,998 [grpc-default-executor-2] INFO  server.GrpcLogAppender (GrpcLogAppender.java:onCompleted(546)) - d40c8439-b047-4b38-90b1-52a68d7d9fe2@group-19A9548FA913->158faee4-db49-465b-9160-a35c663658b4-AppendLogResponseHandler: follower responses appendEntries COMPLETED
2024-04-29 10:07:31,998 [d40c8439-b047-4b38-90b1-52a68d7d9fe2@group-65EDF0013E08-cacheEviction-AwaitToRun] INFO  util.AwaitToRun (AwaitToRun.java:run(49)) - d40c8439-b047-4b38-90b1-52a68d7d9fe2@group-65EDF0013E08-cacheEviction-AwaitToRun-AwaitForSignal is interrupted
2024-04-29 10:07:31,999 [grpc-default-executor-3] INFO  server.GrpcServerProtocolService (GrpcServerProtocolService.java:onCompleted(157)) - 6d3d555f-4cf8-4e54-a907-fcd788b1b69a: Completed APPEND_ENTRIES, lastRequest: d40c8439-b047-4b38-90b1-52a68d7d9fe2->6d3d555f-4cf8-4e54-a907-fcd788b1b69a#1-t1,previous=(t:0, i:0),leaderCommit=-1,initializing? false,entries: size=1, first=(t:1, i:0), CONFIGURATIONENTRY(current:id: "6d3d555f-4cf8-4e54-a907-fcd788b1b69a"
address: "127.0.0.1:15513"
dataStreamAddress: "127.0.0.1:15514"
clientAddress: "127.0.0.1:15511"
adminAddress: "127.0.0.1:15512"
startupRole: FOLLOWER
,id: "158faee4-db49-465b-9160-a35c663658b4"
address: "127.0.0.1:15531"
dataStreamAddress: "127.0.0.1:15532"
clientAddress: "127.0.0.1:15529"
adminAddress: "127.0.0.1:15530"
startupRole: FOLLOWER
,id: "d40c8439-b047-4b38-90b1-52a68d7d9fe2"
address: "127.0.0.1:15522"
priority: 1
dataStreamAddress: "127.0.0.1:15523"
clientAddress: "127.0.0.1:15520"
adminAddress: "127.0.0.1:15521"
startupRole: FOLLOWER
, old:)
2024-04-29 10:07:31,999 [grpc-default-executor-3] INFO  server.GrpcServerProtocolService (GrpcServerProtocolService.java:lambda$onCompleted$5(159)) - 6d3d555f-4cf8-4e54-a907-fcd788b1b69a: Completed APPEND_ENTRIES, lastReply: null
2024-04-29 10:07:31,997 [ForkJoinPool.commonPool-worker-1] INFO  ozoneimpl.BackgroundContainerDataScanner (BackgroundContainerDataScanner.java:shutdown(141)) - ContainerDataScanner(/home/runner/work/ozone/ozone/hadoop-ozone/integration-test/target/test-dir/MiniOzoneClusterImpl-9e79b078-2218-4abd-b04c-a65fc7f927a6/ozone-meta/datanode-1/data-0/hdds) is shutting down. 
2024-04-29 10:07:31,999 [grpc-default-executor-7] INFO  server.GrpcServerProtocolService (GrpcServerProtocolService.java:onCompleted(157)) - 7c1b7d40-21b8-4f63-a346-8b6e9b157cbc: Completed APPEND_ENTRIES, lastRequest: 98bce0f1-b1ff-4756-b9de-e813dc1af0d3->7c1b7d40-21b8-4f63-a346-8b6e9b157cbc#1-t1,previous=(t:0, i:0),leaderCommit=-1,initializing? false,entries: size=1, first=(t:1, i:0), CONFIGURATIONENTRY(current:id: "05a782ff-e365-47f1-b590-80dc8e3c2105"
address: "127.0.0.1:15495"
dataStreamAddress: "127.0.0.1:15496"
clientAddress: "127.0.0.1:15493"
adminAddress: "127.0.0.1:15494"
startupRole: FOLLOWER
,id: "7c1b7d40-21b8-4f63-a346-8b6e9b157cbc"
address: "127.0.0.1:15504"
dataStreamAddress: "127.0.0.1:15505"
clientAddress: "127.0.0.1:15502"
adminAddress: "127.0.0.1:15503"
startupRole: FOLLOWER
,id: "98bce0f1-b1ff-4756-b9de-e813dc1af0d3"
address: "127.0.0.1:15486"
priority: 1
dataStreamAddress: "127.0.0.1:15487"
clientAddress: "127.0.0.1:15484"
adminAddress: "127.0.0.1:15485"
startupRole: FOLLOWER
, old:)
2024-04-29 10:07:31,999 [grpc-default-executor-7] INFO  server.GrpcServerProtocolService (GrpcServerProtocolService.java:lambda$onCompleted$5(159)) - 7c1b7d40-21b8-4f63-a346-8b6e9b157cbc: Completed APPEND_ENTRIES, lastReply: null
2024-04-29 10:07:31,997 [grpc-default-executor-4] INFO  server.GrpcServerProtocolService (GrpcServerProtocolService.java:lambda$onCompleted$5(159)) - 7c1b7d40-21b8-4f63-a346-8b6e9b157cbc: Completed APPEND_ENTRIES, lastReply: serverReply {
  requestorId: "98bce0f1-b1ff-4756-b9de-e813dc1af0d3"
  replyId: "7c1b7d40-21b8-4f63-a346-8b6e9b157cbc"
  raftGroupId {
    id: "\340\037\370/\004\227N\a\272\202D\032\266\240\324!"
  }
  callId: 11
  success: true
}
term: 1
nextIndex: 1
matchIndex: 18446744073709551615
isHearbeat: true

2024-04-29 10:07:31,997 [05a782ff-e365-47f1-b590-80dc8e3c2105-impl-thread1] INFO  server.RaftServer$Division (RaftServerImpl.java:lambda$close$3(526)) - 05a782ff-e365-47f1-b590-80dc8e3c2105@group-441AB6A0D421: shutdown
2024-04-29 10:07:32,000 [05a782ff-e365-47f1-b590-80dc8e3c2105-impl-thread1] INFO  util.JmxRegister (JmxRegister.java:unregister(73)) - Successfully un-registered JMX Bean with object name Ratis:service=RaftServer,group=group-441AB6A0D421,id=05a782ff-e365-47f1-b590-80dc8e3c2105
2024-04-29 10:07:32,000 [05a782ff-e365-47f1-b590-80dc8e3c2105-impl-thread1] INFO  impl.RoleInfo (RoleInfo.java:shutdownFollowerState(110)) - 05a782ff-e365-47f1-b590-80dc8e3c2105: shutdown 05a782ff-e365-47f1-b590-80dc8e3c2105@group-441AB6A0D421-FollowerState
2024-04-29 10:07:32,000 [05a782ff-e365-47f1-b590-80dc8e3c2105-impl-thread1] INFO  impl.StateMachineUpdater (StateMachineUpdater.java:stopAndJoin(157)) - 05a782ff-e365-47f1-b590-80dc8e3c2105@group-441AB6A0D421-StateMachineUpdater: set stopIndex = 0
2024-04-29 10:07:31,999 [grpc-default-executor-1] INFO  server.GrpcServerProtocolService (GrpcServerProtocolService.java:onCompleted(157)) - 6d3d555f-4cf8-4e54-a907-fcd788b1b69a: Completed APPEND_ENTRIES, lastRequest: null
2024-04-29 10:07:32,000 [grpc-default-executor-2] WARN  server.GrpcLogAppender (GrpcLogAppender.java:resetClient(226)) - d40c8439-b047-4b38-90b1-52a68d7d9fe2@group-19A9548FA913->158faee4-db49-465b-9160-a35c663658b4-GrpcLogAppender: Failed to getClient for 158faee4-db49-465b-9160-a35c663658b4
org.apache.ratis.protocol.exceptions.AlreadyClosedException: d40c8439-b047-4b38-90b1-52a68d7d9fe2 is already CLOSED
	at org.apache.ratis.util.PeerProxyMap$PeerAndProxy.getProxy(PeerProxyMap.java:65)
	at org.apache.ratis.util.PeerProxyMap.getProxy(PeerProxyMap.java:114)
	at org.apache.ratis.grpc.server.GrpcLogAppender.getClient(GrpcLogAppender.java:196)
	at org.apache.ratis.grpc.server.GrpcLogAppender.resetClient(GrpcLogAppender.java:201)
	at org.apache.ratis.grpc.server.GrpcLogAppender.access$800(GrpcLogAppender.java:62)
	at org.apache.ratis.grpc.server.GrpcLogAppender$AppendLogResponseHandler.onCompleted(GrpcLogAppender.java:547)
	at org.apache.ratis.thirdparty.io.grpc.stub.ClientCalls$StreamObserverToCallListenerAdapter.onClose(ClientCalls.java:479)
	at org.apache.ratis.thirdparty.io.grpc.internal.ClientCallImpl.closeObserver(ClientCallImpl.java:567)
	at org.apache.ratis.thirdparty.io.grpc.internal.ClientCallImpl.access$300(ClientCallImpl.java:71)
	at org.apache.ratis.thirdparty.io.grpc.internal.ClientCallImpl$ClientStreamListenerImpl$1StreamClosed.runInternal(ClientCallImpl.java:735)
	at org.apache.ratis.thirdparty.io.grpc.internal.ClientCallImpl$ClientStreamListenerImpl$1StreamClosed.runInContext(ClientCallImpl.java:716)
	at org.apache.ratis.thirdparty.io.grpc.internal.ContextRunnable.run(ContextRunnable.java:37)
	at org.apache.ratis.thirdparty.io.grpc.internal.SerializingExecutor.run(SerializingExecutor.java:133)
	at java.base/java.util.concurrent.ThreadPoolExecutor.runWorker(ThreadPoolExecutor.java:1136)
	at java.base/java.util.concurrent.ThreadPoolExecutor$Worker.run(ThreadPoolExecutor.java:635)
	at java.base/java.lang.Thread.run(Thread.java:840)
2024-04-29 10:07:31,999 [98bce0f1-b1ff-4756-b9de-e813dc1af0d3@group-441AB6A0D421-StateMachineUpdater] INFO  ratis.ContainerStateMachine (ContainerStateMachine.java:takeSnapshot(366)) - group-441AB6A0D421: Finished taking a snapshot at:(t:1, i:0) file:/home/runner/work/ozone/ozone/hadoop-ozone/integration-test/target/test-dir/MiniOzoneClusterImpl-9e79b078-2218-4abd-b04c-a65fc7f927a6/ozone-meta/datanode-4/ratis/e01ff82f-0497-4e07-ba82-441ab6a0d421/sm/snapshot.1_0 took: 2 ms
2024-04-29 10:07:32,000 [98bce0f1-b1ff-4756-b9de-e813dc1af0d3@group-441AB6A0D421-StateMachineUpdater] INFO  impl.StateMachineUpdater (StateMachineUpdater.java:takeSnapshot(295)) - 98bce0f1-b1ff-4756-b9de-e813dc1af0d3@group-441AB6A0D421-StateMachineUpdater: Took a snapshot at index 0
2024-04-29 10:07:32,000 [98bce0f1-b1ff-4756-b9de-e813dc1af0d3@group-441AB6A0D421-StateMachineUpdater] INFO  impl.StateMachineUpdater (StateMachineUpdater.java:lambda$new$0(98)) - 98bce0f1-b1ff-4756-b9de-e813dc1af0d3@group-441AB6A0D421-StateMachineUpdater: snapshotIndex: updateIncreasingly -1 -> 0
2024-04-29 10:07:31,999 [grpc-default-executor-5] INFO  server.GrpcServerProtocolService (GrpcServerProtocolService.java:onCompleted(157)) - 05a782ff-e365-47f1-b590-80dc8e3c2105: Completed APPEND_ENTRIES, lastRequest: 98bce0f1-b1ff-4756-b9de-e813dc1af0d3->05a782ff-e365-47f1-b590-80dc8e3c2105#1-t1,previous=(t:0, i:0),leaderCommit=-1,initializing? false,entries: size=1, first=(t:1, i:0), CONFIGURATIONENTRY(current:id: "05a782ff-e365-47f1-b590-80dc8e3c2105"
address: "127.0.0.1:15495"
dataStreamAddress: "127.0.0.1:15496"
clientAddress: "127.0.0.1:15493"
adminAddress: "127.0.0.1:15494"
startupRole: FOLLOWER
,id: "7c1b7d40-21b8-4f63-a346-8b6e9b157cbc"
address: "127.0.0.1:15504"
dataStreamAddress: "127.0.0.1:15505"
clientAddress: "127.0.0.1:15502"
adminAddress: "127.0.0.1:15503"
startupRole: FOLLOWER
,id: "98bce0f1-b1ff-4756-b9de-e813dc1af0d3"
address: "127.0.0.1:15486"
priority: 1
dataStreamAddress: "127.0.0.1:15487"
clientAddress: "127.0.0.1:15484"
adminAddress: "127.0.0.1:15485"
startupRole: FOLLOWER
, old:)
2024-04-29 10:07:32,000 [grpc-default-executor-5] INFO  server.GrpcServerProtocolService (GrpcServerProtocolService.java:lambda$onCompleted$5(159)) - 05a782ff-e365-47f1-b590-80dc8e3c2105: Completed APPEND_ENTRIES, lastReply: null
2024-04-29 10:07:31,999 [7c1b7d40-21b8-4f63-a346-8b6e9b157cbc@group-9A2A807AA8F8-StateMachineUpdater] INFO  ratis.ContainerStateMachine (ContainerStateMachine.java:takeSnapshot(366)) - group-9A2A807AA8F8: Finished taking a snapshot at:(t:1, i:0) file:/home/runner/work/ozone/ozone/hadoop-ozone/integration-test/target/test-dir/MiniOzoneClusterImpl-9e79b078-2218-4abd-b04c-a65fc7f927a6/ozone-meta/datanode-6/ratis/03df29b8-9c30-4757-b1ef-9a2a807aa8f8/sm/snapshot.1_0 took: 1 ms
2024-04-29 10:07:32,000 [7c1b7d40-21b8-4f63-a346-8b6e9b157cbc@group-9A2A807AA8F8-StateMachineUpdater] INFO  impl.StateMachineUpdater (StateMachineUpdater.java:takeSnapshot(295)) - 7c1b7d40-21b8-4f63-a346-8b6e9b157cbc@group-9A2A807AA8F8-StateMachineUpdater: Took a snapshot at index 0
2024-04-29 10:07:32,001 [7c1b7d40-21b8-4f63-a346-8b6e9b157cbc@group-9A2A807AA8F8-StateMachineUpdater] INFO  impl.StateMachineUpdater (StateMachineUpdater.java:lambda$new$0(98)) - 7c1b7d40-21b8-4f63-a346-8b6e9b157cbc@group-9A2A807AA8F8-StateMachineUpdater: snapshotIndex: updateIncreasingly -1 -> 0
2024-04-29 10:07:31,999 [d40c8439-b047-4b38-90b1-52a68d7d9fe2@group-19A9548FA913-StateMachineUpdater] INFO  ratis.ContainerStateMachine (ContainerStateMachine.java:takeSnapshot(355)) - group-19A9548FA913: Taking a snapshot at:(t:1, i:0) file /home/runner/work/ozone/ozone/hadoop-ozone/integration-test/target/test-dir/MiniOzoneClusterImpl-9e79b078-2218-4abd-b04c-a65fc7f927a6/ozone-meta/datanode-8/ratis/4acc1650-dd09-4707-ae62-19a9548fa913/sm/snapshot.1_0
2024-04-29 10:07:31,998 [d40c8439-b047-4b38-90b1-52a68d7d9fe2-impl-thread2] INFO  impl.StateMachineUpdater (StateMachineUpdater.java:stopAndJoin(157)) - d40c8439-b047-4b38-90b1-52a68d7d9fe2@group-19A9548FA913-StateMachineUpdater: set stopIndex = 0
2024-04-29 10:07:32,001 [7c1b7d40-21b8-4f63-a346-8b6e9b157cbc-impl-thread1] INFO  server.RaftServer$Division (ServerState.java:close(427)) - 7c1b7d40-21b8-4f63-a346-8b6e9b157cbc@group-9A2A807AA8F8: applyIndex: 0
2024-04-29 10:07:32,000 [98bce0f1-b1ff-4756-b9de-e813dc1af0d3-impl-thread2] INFO  server.RaftServer$Division (ServerState.java:close(427)) - 98bce0f1-b1ff-4756-b9de-e813dc1af0d3@group-441AB6A0D421: applyIndex: 0
2024-04-29 10:07:32,000 [grpc-default-executor-1] INFO  server.GrpcServerProtocolService (GrpcServerProtocolService.java:lambda$onCompleted$5(159)) - 6d3d555f-4cf8-4e54-a907-fcd788b1b69a: Completed APPEND_ENTRIES, lastReply: serverReply {
  requestorId: "d40c8439-b047-4b38-90b1-52a68d7d9fe2"
  replyId: "6d3d555f-4cf8-4e54-a907-fcd788b1b69a"
  raftGroupId {
    id: "J\314\026P\335\tG\a\256b\031\251T\217\251\023"
  }
  callId: 12
  success: true
}
term: 1
nextIndex: 1
matchIndex: 18446744073709551615
isHearbeat: true

2024-04-29 10:07:32,001 [98bce0f1-b1ff-4756-b9de-e813dc1af0d3@group-441AB6A0D421-cacheEviction-AwaitToRun] INFO  util.AwaitToRun (AwaitToRun.java:run(49)) - 98bce0f1-b1ff-4756-b9de-e813dc1af0d3@group-441AB6A0D421-cacheEviction-AwaitToRun-AwaitForSignal is interrupted
2024-04-29 10:07:32,000 [ContainerDataScanner(/home/runner/work/ozone/ozone/hadoop-ozone/integration-test/target/test-dir/MiniOzoneClusterImpl-9e79b078-2218-4abd-b04c-a65fc7f927a6/ozone-meta/datanode-1/data-0/hdds)] WARN  ozoneimpl.AbstractBackgroundContainerScanner (AbstractBackgroundContainerScanner.java:handleRemainingSleep(134)) - Background container scan was interrupted.
2024-04-29 10:07:32,000 [05a782ff-e365-47f1-b590-80dc8e3c2105@group-441AB6A0D421-StateMachineUpdater] INFO  ratis.ContainerStateMachine (ContainerStateMachine.java:takeSnapshot(355)) - group-441AB6A0D421: Taking a snapshot at:(t:1, i:0) file /home/runner/work/ozone/ozone/hadoop-ozone/integration-test/target/test-dir/MiniOzoneClusterImpl-9e79b078-2218-4abd-b04c-a65fc7f927a6/ozone-meta/datanode-5/ratis/e01ff82f-0497-4e07-ba82-441ab6a0d421/sm/snapshot.1_0
2024-04-29 10:07:32,000 [05a782ff-e365-47f1-b590-80dc8e3c2105@group-441AB6A0D421-FollowerState] INFO  impl.FollowerState (FollowerState.java:run(152)) - 05a782ff-e365-47f1-b590-80dc8e3c2105@group-441AB6A0D421-FollowerState was interrupted
2024-04-29 10:07:32,001 [d40c8439-b047-4b38-90b1-52a68d7d9fe2@group-19A9548FA913-StateMachineUpdater] INFO  ratis.ContainerStateMachine (ContainerStateMachine.java:takeSnapshot(366)) - group-19A9548FA913: Finished taking a snapshot at:(t:1, i:0) file:/home/runner/work/ozone/ozone/hadoop-ozone/integration-test/target/test-dir/MiniOzoneClusterImpl-9e79b078-2218-4abd-b04c-a65fc7f927a6/ozone-meta/datanode-8/ratis/4acc1650-dd09-4707-ae62-19a9548fa913/sm/snapshot.1_0 took: 3 ms
2024-04-29 10:07:32,001 [ContainerDataScanner(/home/runner/work/ozone/ozone/hadoop-ozone/integration-test/target/test-dir/MiniOzoneClusterImpl-9e79b078-2218-4abd-b04c-a65fc7f927a6/ozone-meta/datanode-1/data-0/hdds)] INFO  ozoneimpl.AbstractBackgroundContainerScanner (AbstractBackgroundContainerScanner.java:run(61)) - ContainerDataScanner(/home/runner/work/ozone/ozone/hadoop-ozone/integration-test/target/test-dir/MiniOzoneClusterImpl-9e79b078-2218-4abd-b04c-a65fc7f927a6/ozone-meta/datanode-1/data-0/hdds, DS-31b389e1-ac02-42b6-b9d9-31cf6c6e9e9b) exiting.
2024-04-29 10:07:32,001 [d40c8439-b047-4b38-90b1-52a68d7d9fe2@group-19A9548FA913-StateMachineUpdater] INFO  impl.StateMachineUpdater (StateMachineUpdater.java:takeSnapshot(295)) - d40c8439-b047-4b38-90b1-52a68d7d9fe2@group-19A9548FA913-StateMachineUpdater: Took a snapshot at index 0
2024-04-29 10:07:32,001 [7c1b7d40-21b8-4f63-a346-8b6e9b157cbc@group-9A2A807AA8F8-cacheEviction-AwaitToRun] INFO  util.AwaitToRun (AwaitToRun.java:run(49)) - 7c1b7d40-21b8-4f63-a346-8b6e9b157cbc@group-9A2A807AA8F8-cacheEviction-AwaitToRun-AwaitForSignal is interrupted
2024-04-29 10:07:32,002 [d40c8439-b047-4b38-90b1-52a68d7d9fe2@group-19A9548FA913-StateMachineUpdater] INFO  impl.StateMachineUpdater (StateMachineUpdater.java:lambda$new$0(98)) - d40c8439-b047-4b38-90b1-52a68d7d9fe2@group-19A9548FA913-StateMachineUpdater: snapshotIndex: updateIncreasingly -1 -> 0
2024-04-29 10:07:32,002 [d40c8439-b047-4b38-90b1-52a68d7d9fe2-impl-thread2] INFO  server.RaftServer$Division (ServerState.java:close(427)) - d40c8439-b047-4b38-90b1-52a68d7d9fe2@group-19A9548FA913: applyIndex: 0
2024-04-29 10:07:32,002 [d40c8439-b047-4b38-90b1-52a68d7d9fe2@group-19A9548FA913-cacheEviction-AwaitToRun] INFO  util.AwaitToRun (AwaitToRun.java:run(49)) - d40c8439-b047-4b38-90b1-52a68d7d9fe2@group-19A9548FA913-cacheEviction-AwaitToRun-AwaitForSignal is interrupted
2024-04-29 10:07:32,002 [05a782ff-e365-47f1-b590-80dc8e3c2105@group-441AB6A0D421-StateMachineUpdater] INFO  ratis.ContainerStateMachine (ContainerStateMachine.java:takeSnapshot(366)) - group-441AB6A0D421: Finished taking a snapshot at:(t:1, i:0) file:/home/runner/work/ozone/ozone/hadoop-ozone/integration-test/target/test-dir/MiniOzoneClusterImpl-9e79b078-2218-4abd-b04c-a65fc7f927a6/ozone-meta/datanode-5/ratis/e01ff82f-0497-4e07-ba82-441ab6a0d421/sm/snapshot.1_0 took: 2 ms
2024-04-29 10:07:32,002 [ForkJoinPool.commonPool-worker-1] INFO  server.RaftServer (RaftServerProxy.java:lambda$close$9(416)) - ff005283-6149-44cc-9e6b-88eb174549f2: close
2024-04-29 10:07:32,002 [05a782ff-e365-47f1-b590-80dc8e3c2105@group-441AB6A0D421-StateMachineUpdater] INFO  impl.StateMachineUpdater (StateMachineUpdater.java:takeSnapshot(295)) - 05a782ff-e365-47f1-b590-80dc8e3c2105@group-441AB6A0D421-StateMachineUpdater: Took a snapshot at index 0
2024-04-29 10:07:32,002 [ForkJoinPool.commonPool-worker-1] INFO  server.GrpcService (GrpcService.java:closeImpl(311)) - ff005283-6149-44cc-9e6b-88eb174549f2: shutdown server org.apache.ratis.grpc.server.GrpcClientProtocolService now
2024-04-29 10:07:32,002 [05a782ff-e365-47f1-b590-80dc8e3c2105@group-441AB6A0D421-StateMachineUpdater] INFO  impl.StateMachineUpdater (StateMachineUpdater.java:lambda$new$0(98)) - 05a782ff-e365-47f1-b590-80dc8e3c2105@group-441AB6A0D421-StateMachineUpdater: snapshotIndex: updateIncreasingly -1 -> 0
2024-04-29 10:07:32,002 [05a782ff-e365-47f1-b590-80dc8e3c2105-impl-thread1] INFO  server.RaftServer$Division (ServerState.java:close(427)) - 05a782ff-e365-47f1-b590-80dc8e3c2105@group-441AB6A0D421: applyIndex: 0
2024-04-29 10:07:32,002 [grpc-default-executor-1] INFO  server.GrpcLogAppender (GrpcLogAppender.java:onCompleted(546)) - 98bce0f1-b1ff-4756-b9de-e813dc1af0d3@group-441AB6A0D421->05a782ff-e365-47f1-b590-80dc8e3c2105-AppendLogResponseHandler: follower responses appendEntries COMPLETED
2024-04-29 10:07:32,002 [ff005283-6149-44cc-9e6b-88eb174549f2-impl-thread1] INFO  server.RaftServer$Division (RaftServerImpl.java:lambda$close$3(526)) - ff005283-6149-44cc-9e6b-88eb174549f2@group-3E5916B6A231: shutdown
2024-04-29 10:07:32,002 [05a782ff-e365-47f1-b590-80dc8e3c2105@group-441AB6A0D421-cacheEviction-AwaitToRun] INFO  util.AwaitToRun (AwaitToRun.java:run(49)) - 05a782ff-e365-47f1-b590-80dc8e3c2105@group-441AB6A0D421-cacheEviction-AwaitToRun-AwaitForSignal is interrupted
2024-04-29 10:07:32,002 [grpc-default-executor-1] WARN  server.GrpcLogAppender (GrpcLogAppender.java:resetClient(226)) - 98bce0f1-b1ff-4756-b9de-e813dc1af0d3@group-441AB6A0D421->05a782ff-e365-47f1-b590-80dc8e3c2105-GrpcLogAppender: Failed to getClient for 05a782ff-e365-47f1-b590-80dc8e3c2105
org.apache.ratis.protocol.exceptions.AlreadyClosedException: 98bce0f1-b1ff-4756-b9de-e813dc1af0d3 is already CLOSED
	at org.apache.ratis.util.PeerProxyMap$PeerAndProxy.getProxy(PeerProxyMap.java:65)
	at org.apache.ratis.util.PeerProxyMap.getProxy(PeerProxyMap.java:114)
	at org.apache.ratis.grpc.server.GrpcLogAppender.getClient(GrpcLogAppender.java:196)
	at org.apache.ratis.grpc.server.GrpcLogAppender.resetClient(GrpcLogAppender.java:201)
	at org.apache.ratis.grpc.server.GrpcLogAppender.access$800(GrpcLogAppender.java:62)
	at org.apache.ratis.grpc.server.GrpcLogAppender$AppendLogResponseHandler.onCompleted(GrpcLogAppender.java:547)
	at org.apache.ratis.thirdparty.io.grpc.stub.ClientCalls$StreamObserverToCallListenerAdapter.onClose(ClientCalls.java:479)
	at org.apache.ratis.thirdparty.io.grpc.internal.ClientCallImpl.closeObserver(ClientCallImpl.java:567)
	at org.apache.ratis.thirdparty.io.grpc.internal.ClientCallImpl.access$300(ClientCallImpl.java:71)
	at org.apache.ratis.thirdparty.io.grpc.internal.ClientCallImpl$ClientStreamListenerImpl$1StreamClosed.runInternal(ClientCallImpl.java:735)
	at org.apache.ratis.thirdparty.io.grpc.internal.ClientCallImpl$ClientStreamListenerImpl$1StreamClosed.runInContext(ClientCallImpl.java:716)
	at org.apache.ratis.thirdparty.io.grpc.internal.ContextRunnable.run(ContextRunnable.java:37)
	at org.apache.ratis.thirdparty.io.grpc.internal.SerializingExecutor.run(SerializingExecutor.java:133)
	at java.base/java.util.concurrent.ThreadPoolExecutor.runWorker(ThreadPoolExecutor.java:1136)
	at java.base/java.util.concurrent.ThreadPoolExecutor$Worker.run(ThreadPoolExecutor.java:635)
	at java.base/java.lang.Thread.run(Thread.java:840)
2024-04-29 10:07:32,002 [ff005283-6149-44cc-9e6b-88eb174549f2-impl-thread1] INFO  util.JmxRegister (JmxRegister.java:unregister(73)) - Successfully un-registered JMX Bean with object name Ratis:service=RaftServer,group=group-3E5916B6A231,id=ff005283-6149-44cc-9e6b-88eb174549f2
2024-04-29 10:07:32,003 [ff005283-6149-44cc-9e6b-88eb174549f2-impl-thread1] INFO  impl.RoleInfo (RoleInfo.java:shutdownLeaderState(94)) - ff005283-6149-44cc-9e6b-88eb174549f2: shutdown ff005283-6149-44cc-9e6b-88eb174549f2@group-3E5916B6A231-LeaderStateImpl
2024-04-29 10:07:32,003 [ff005283-6149-44cc-9e6b-88eb174549f2-impl-thread1] INFO  impl.PendingRequests (PendingRequests.java:sendNotLeaderResponses(289)) - ff005283-6149-44cc-9e6b-88eb174549f2@group-3E5916B6A231-PendingRequests: sendNotLeaderResponses
2024-04-29 10:07:32,003 [ff005283-6149-44cc-9e6b-88eb174549f2-impl-thread1] INFO  impl.StateMachineUpdater (StateMachineUpdater.java:stopAndJoin(157)) - ff005283-6149-44cc-9e6b-88eb174549f2@group-3E5916B6A231-StateMachineUpdater: set stopIndex = 0
2024-04-29 10:07:32,003 [ff005283-6149-44cc-9e6b-88eb174549f2@group-3E5916B6A231-StateMachineUpdater] INFO  ratis.ContainerStateMachine (ContainerStateMachine.java:takeSnapshot(355)) - group-3E5916B6A231: Taking a snapshot at:(t:1, i:0) file /home/runner/work/ozone/ozone/hadoop-ozone/integration-test/target/test-dir/MiniOzoneClusterImpl-9e79b078-2218-4abd-b04c-a65fc7f927a6/ozone-meta/datanode-1/ratis/89164fa4-b052-4c7c-80e5-3e5916b6a231/sm/snapshot.1_0
2024-04-29 10:07:32,004 [ff005283-6149-44cc-9e6b-88eb174549f2@group-3E5916B6A231-StateMachineUpdater] INFO  ratis.ContainerStateMachine (ContainerStateMachine.java:takeSnapshot(366)) - group-3E5916B6A231: Finished taking a snapshot at:(t:1, i:0) file:/home/runner/work/ozone/ozone/hadoop-ozone/integration-test/target/test-dir/MiniOzoneClusterImpl-9e79b078-2218-4abd-b04c-a65fc7f927a6/ozone-meta/datanode-1/ratis/89164fa4-b052-4c7c-80e5-3e5916b6a231/sm/snapshot.1_0 took: 1 ms
2024-04-29 10:07:32,004 [ff005283-6149-44cc-9e6b-88eb174549f2@group-3E5916B6A231-StateMachineUpdater] INFO  impl.StateMachineUpdater (StateMachineUpdater.java:takeSnapshot(295)) - ff005283-6149-44cc-9e6b-88eb174549f2@group-3E5916B6A231-StateMachineUpdater: Took a snapshot at index 0
2024-04-29 10:07:32,004 [ff005283-6149-44cc-9e6b-88eb174549f2@group-3E5916B6A231-StateMachineUpdater] INFO  impl.StateMachineUpdater (StateMachineUpdater.java:lambda$new$0(98)) - ff005283-6149-44cc-9e6b-88eb174549f2@group-3E5916B6A231-StateMachineUpdater: snapshotIndex: updateIncreasingly -1 -> 0
2024-04-29 10:07:32,004 [ff005283-6149-44cc-9e6b-88eb174549f2-impl-thread1] INFO  server.RaftServer$Division (ServerState.java:close(427)) - ff005283-6149-44cc-9e6b-88eb174549f2@group-3E5916B6A231: applyIndex: 0
2024-04-29 10:07:32,004 [ff005283-6149-44cc-9e6b-88eb174549f2@group-3E5916B6A231-cacheEviction-AwaitToRun] INFO  util.AwaitToRun (AwaitToRun.java:run(49)) - ff005283-6149-44cc-9e6b-88eb174549f2@group-3E5916B6A231-cacheEviction-AwaitToRun-AwaitForSignal is interrupted
2024-04-29 10:07:32,005 [main] INFO  server.GrpcService (GrpcService.java:closeImpl(311)) - 7c1b7d40-21b8-4f63-a346-8b6e9b157cbc: shutdown server org.apache.ratis.grpc.server.GrpcClientProtocolService now
2024-04-29 10:07:32,006 [7c1b7d40-21b8-4f63-a346-8b6e9b157cbc-impl-thread2] INFO  server.RaftServer$Division (RaftServerImpl.java:lambda$close$3(526)) - 7c1b7d40-21b8-4f63-a346-8b6e9b157cbc@group-441AB6A0D421: shutdown
2024-04-29 10:07:32,006 [ForkJoinPool.commonPool-worker-3] INFO  server.GrpcService (GrpcService.java:closeImpl(311)) - 05a782ff-e365-47f1-b590-80dc8e3c2105: shutdown server org.apache.ratis.grpc.server.GrpcClientProtocolService now
2024-04-29 10:07:32,006 [7c1b7d40-21b8-4f63-a346-8b6e9b157cbc-impl-thread2] INFO  util.JmxRegister (JmxRegister.java:unregister(73)) - Successfully un-registered JMX Bean with object name Ratis:service=RaftServer,group=group-441AB6A0D421,id=7c1b7d40-21b8-4f63-a346-8b6e9b157cbc
2024-04-29 10:07:32,006 [7c1b7d40-21b8-4f63-a346-8b6e9b157cbc-impl-thread2] INFO  impl.RoleInfo (RoleInfo.java:shutdownFollowerState(110)) - 7c1b7d40-21b8-4f63-a346-8b6e9b157cbc: shutdown 7c1b7d40-21b8-4f63-a346-8b6e9b157cbc@group-441AB6A0D421-FollowerState
2024-04-29 10:07:32,006 [05a782ff-e365-47f1-b590-80dc8e3c2105-impl-thread2] INFO  server.RaftServer$Division (RaftServerImpl.java:lambda$close$3(526)) - 05a782ff-e365-47f1-b590-80dc8e3c2105@group-656ABE1EE4F1: shutdown
2024-04-29 10:07:32,006 [7c1b7d40-21b8-4f63-a346-8b6e9b157cbc@group-441AB6A0D421-FollowerState] INFO  impl.FollowerState (FollowerState.java:run(152)) - 7c1b7d40-21b8-4f63-a346-8b6e9b157cbc@group-441AB6A0D421-FollowerState was interrupted
2024-04-29 10:07:32,006 [05a782ff-e365-47f1-b590-80dc8e3c2105-impl-thread2] INFO  util.JmxRegister (JmxRegister.java:unregister(73)) - Successfully un-registered JMX Bean with object name Ratis:service=RaftServer,group=group-656ABE1EE4F1,id=05a782ff-e365-47f1-b590-80dc8e3c2105
2024-04-29 10:07:32,006 [05a782ff-e365-47f1-b590-80dc8e3c2105-impl-thread2] INFO  impl.RoleInfo (RoleInfo.java:shutdownLeaderState(94)) - 05a782ff-e365-47f1-b590-80dc8e3c2105: shutdown 05a782ff-e365-47f1-b590-80dc8e3c2105@group-656ABE1EE4F1-LeaderStateImpl
2024-04-29 10:07:32,006 [grpc-default-executor-5] INFO  server.GrpcLogAppender (GrpcLogAppender.java:onCompleted(546)) - 98bce0f1-b1ff-4756-b9de-e813dc1af0d3@group-441AB6A0D421->7c1b7d40-21b8-4f63-a346-8b6e9b157cbc-AppendLogResponseHandler: follower responses appendEntries COMPLETED
2024-04-29 10:07:32,006 [grpc-default-executor-1] INFO  server.GrpcLogAppender (GrpcLogAppender.java:onCompleted(546)) - 98bce0f1-b1ff-4756-b9de-e813dc1af0d3@group-441AB6A0D421->7c1b7d40-21b8-4f63-a346-8b6e9b157cbc-AppendLogResponseHandler: follower responses appendEntries COMPLETED
2024-04-29 10:07:32,006 [05a782ff-e365-47f1-b590-80dc8e3c2105-impl-thread2] INFO  impl.PendingRequests (PendingRequests.java:sendNotLeaderResponses(289)) - 05a782ff-e365-47f1-b590-80dc8e3c2105@group-656ABE1EE4F1-PendingRequests: sendNotLeaderResponses
2024-04-29 10:07:32,006 [7c1b7d40-21b8-4f63-a346-8b6e9b157cbc@group-441AB6A0D421-StateMachineUpdater] INFO  ratis.ContainerStateMachine (ContainerStateMachine.java:takeSnapshot(355)) - group-441AB6A0D421: Taking a snapshot at:(t:1, i:0) file /home/runner/work/ozone/ozone/hadoop-ozone/integration-test/target/test-dir/MiniOzoneClusterImpl-9e79b078-2218-4abd-b04c-a65fc7f927a6/ozone-meta/datanode-6/ratis/e01ff82f-0497-4e07-ba82-441ab6a0d421/sm/snapshot.1_0
2024-04-29 10:07:32,006 [grpc-default-executor-1] WARN  server.GrpcLogAppender (GrpcLogAppender.java:resetClient(226)) - 98bce0f1-b1ff-4756-b9de-e813dc1af0d3@group-441AB6A0D421->7c1b7d40-21b8-4f63-a346-8b6e9b157cbc-GrpcLogAppender: Failed to getClient for 7c1b7d40-21b8-4f63-a346-8b6e9b157cbc
org.apache.ratis.protocol.exceptions.AlreadyClosedException: 98bce0f1-b1ff-4756-b9de-e813dc1af0d3 is already CLOSED
	at org.apache.ratis.util.PeerProxyMap$PeerAndProxy.getProxy(PeerProxyMap.java:65)
	at org.apache.ratis.util.PeerProxyMap.getProxy(PeerProxyMap.java:114)
	at org.apache.ratis.grpc.server.GrpcLogAppender.getClient(GrpcLogAppender.java:196)
	at org.apache.ratis.grpc.server.GrpcLogAppender.resetClient(GrpcLogAppender.java:201)
	at org.apache.ratis.grpc.server.GrpcLogAppender.access$800(GrpcLogAppender.java:62)
	at org.apache.ratis.grpc.server.GrpcLogAppender$AppendLogResponseHandler.onCompleted(GrpcLogAppender.java:547)
	at org.apache.ratis.thirdparty.io.grpc.stub.ClientCalls$StreamObserverToCallListenerAdapter.onClose(ClientCalls.java:479)
	at org.apache.ratis.thirdparty.io.grpc.internal.ClientCallImpl.closeObserver(ClientCallImpl.java:567)
	at org.apache.ratis.thirdparty.io.grpc.internal.ClientCallImpl.access$300(ClientCallImpl.java:71)
	at org.apache.ratis.thirdparty.io.grpc.internal.ClientCallImpl$ClientStreamListenerImpl$1StreamClosed.runInternal(ClientCallImpl.java:735)
	at org.apache.ratis.thirdparty.io.grpc.internal.ClientCallImpl$ClientStreamListenerImpl$1StreamClosed.runInContext(ClientCallImpl.java:716)
	at org.apache.ratis.thirdparty.io.grpc.internal.ContextRunnable.run(ContextRunnable.java:37)
	at org.apache.ratis.thirdparty.io.grpc.internal.SerializingExecutor.run(SerializingExecutor.java:133)
	at java.base/java.util.concurrent.ThreadPoolExecutor.runWorker(ThreadPoolExecutor.java:1136)
	at java.base/java.util.concurrent.ThreadPoolExecutor$Worker.run(ThreadPoolExecutor.java:635)
	at java.base/java.lang.Thread.run(Thread.java:840)
2024-04-29 10:07:32,007 [7c1b7d40-21b8-4f63-a346-8b6e9b157cbc-impl-thread2] INFO  impl.StateMachineUpdater (StateMachineUpdater.java:stopAndJoin(157)) - 7c1b7d40-21b8-4f63-a346-8b6e9b157cbc@group-441AB6A0D421-StateMachineUpdater: set stopIndex = 0
2024-04-29 10:07:32,006 [grpc-default-executor-5] WARN  server.GrpcLogAppender (GrpcLogAppender.java:resetClient(226)) - 98bce0f1-b1ff-4756-b9de-e813dc1af0d3@group-441AB6A0D421->7c1b7d40-21b8-4f63-a346-8b6e9b157cbc-GrpcLogAppender: Failed to getClient for 7c1b7d40-21b8-4f63-a346-8b6e9b157cbc
org.apache.ratis.protocol.exceptions.AlreadyClosedException: 98bce0f1-b1ff-4756-b9de-e813dc1af0d3 is already CLOSED
	at org.apache.ratis.util.PeerProxyMap$PeerAndProxy.getProxy(PeerProxyMap.java:65)
	at org.apache.ratis.util.PeerProxyMap.getProxy(PeerProxyMap.java:114)
	at org.apache.ratis.grpc.server.GrpcLogAppender.getClient(GrpcLogAppender.java:196)
	at org.apache.ratis.grpc.server.GrpcLogAppender.resetClient(GrpcLogAppender.java:201)
	at org.apache.ratis.grpc.server.GrpcLogAppender.access$800(GrpcLogAppender.java:62)
	at org.apache.ratis.grpc.server.GrpcLogAppender$AppendLogResponseHandler.onCompleted(GrpcLogAppender.java:547)
	at org.apache.ratis.thirdparty.io.grpc.stub.ClientCalls$StreamObserverToCallListenerAdapter.onClose(ClientCalls.java:479)
	at org.apache.ratis.thirdparty.io.grpc.internal.ClientCallImpl.closeObserver(ClientCallImpl.java:567)
	at org.apache.ratis.thirdparty.io.grpc.internal.ClientCallImpl.access$300(ClientCallImpl.java:71)
	at org.apache.ratis.thirdparty.io.grpc.internal.ClientCallImpl$ClientStreamListenerImpl$1StreamClosed.runInternal(ClientCallImpl.java:735)
	at org.apache.ratis.thirdparty.io.grpc.internal.ClientCallImpl$ClientStreamListenerImpl$1StreamClosed.runInContext(ClientCallImpl.java:716)
	at org.apache.ratis.thirdparty.io.grpc.internal.ContextRunnable.run(ContextRunnable.java:37)
	at org.apache.ratis.thirdparty.io.grpc.internal.SerializingExecutor.run(SerializingExecutor.java:133)
	at java.base/java.util.concurrent.ThreadPoolExecutor.runWorker(ThreadPoolExecutor.java:1136)
	at java.base/java.util.concurrent.ThreadPoolExecutor$Worker.run(ThreadPoolExecutor.java:635)
	at java.base/java.lang.Thread.run(Thread.java:840)
2024-04-29 10:07:32,007 [grpc-default-executor-9] INFO  server.GrpcLogAppender (GrpcLogAppender.java:onCompleted(546)) - d40c8439-b047-4b38-90b1-52a68d7d9fe2@group-19A9548FA913->6d3d555f-4cf8-4e54-a907-fcd788b1b69a-AppendLogResponseHandler: follower responses appendEntries COMPLETED
2024-04-29 10:07:32,007 [05a782ff-e365-47f1-b590-80dc8e3c2105@group-656ABE1EE4F1-StateMachineUpdater] INFO  ratis.ContainerStateMachine (ContainerStateMachine.java:takeSnapshot(355)) - group-656ABE1EE4F1: Taking a snapshot at:(t:1, i:0) file /home/runner/work/ozone/ozone/hadoop-ozone/integration-test/target/test-dir/MiniOzoneClusterImpl-9e79b078-2218-4abd-b04c-a65fc7f927a6/ozone-meta/datanode-5/ratis/f5de92bf-8eff-4819-905c-656abe1ee4f1/sm/snapshot.1_0
2024-04-29 10:07:32,007 [Thread-7161] INFO  server.GrpcServerProtocolClient (GrpcServerProtocolClient.java:close(103)) - 05a782ff-e365-47f1-b590-80dc8e3c2105 Close channels
2024-04-29 10:07:32,007 [05a782ff-e365-47f1-b590-80dc8e3c2105-impl-thread2] INFO  impl.StateMachineUpdater (StateMachineUpdater.java:stopAndJoin(157)) - 05a782ff-e365-47f1-b590-80dc8e3c2105@group-656ABE1EE4F1-StateMachineUpdater: set stopIndex = 0
2024-04-29 10:07:32,007 [grpc-default-executor-9] WARN  server.GrpcLogAppender (GrpcLogAppender.java:resetClient(226)) - d40c8439-b047-4b38-90b1-52a68d7d9fe2@group-19A9548FA913->6d3d555f-4cf8-4e54-a907-fcd788b1b69a-GrpcLogAppender: Failed to getClient for 6d3d555f-4cf8-4e54-a907-fcd788b1b69a
org.apache.ratis.protocol.exceptions.AlreadyClosedException: d40c8439-b047-4b38-90b1-52a68d7d9fe2 is already CLOSED
	at org.apache.ratis.util.PeerProxyMap$PeerAndProxy.getProxy(PeerProxyMap.java:65)
	at org.apache.ratis.util.PeerProxyMap.getProxy(PeerProxyMap.java:114)
	at org.apache.ratis.grpc.server.GrpcLogAppender.getClient(GrpcLogAppender.java:196)
	at org.apache.ratis.grpc.server.GrpcLogAppender.resetClient(GrpcLogAppender.java:201)
	at org.apache.ratis.grpc.server.GrpcLogAppender.access$800(GrpcLogAppender.java:62)
	at org.apache.ratis.grpc.server.GrpcLogAppender$AppendLogResponseHandler.onCompleted(GrpcLogAppender.java:547)
	at org.apache.ratis.thirdparty.io.grpc.stub.ClientCalls$StreamObserverToCallListenerAdapter.onClose(ClientCalls.java:479)
	at org.apache.ratis.thirdparty.io.grpc.internal.ClientCallImpl.closeObserver(ClientCallImpl.java:567)
	at org.apache.ratis.thirdparty.io.grpc.internal.ClientCallImpl.access$300(ClientCallImpl.java:71)
	at org.apache.ratis.thirdparty.io.grpc.internal.ClientCallImpl$ClientStreamListenerImpl$1StreamClosed.runInternal(ClientCallImpl.java:735)
	at org.apache.ratis.thirdparty.io.grpc.internal.ClientCallImpl$ClientStreamListenerImpl$1StreamClosed.runInContext(ClientCallImpl.java:716)
	at org.apache.ratis.thirdparty.io.grpc.internal.ContextRunnable.run(ContextRunnable.java:37)
	at org.apache.ratis.thirdparty.io.grpc.internal.SerializingExecutor.run(SerializingExecutor.java:133)
	at java.base/java.util.concurrent.ThreadPoolExecutor.runWorker(ThreadPoolExecutor.java:1136)
	at java.base/java.util.concurrent.ThreadPoolExecutor$Worker.run(ThreadPoolExecutor.java:635)
	at java.base/java.lang.Thread.run(Thread.java:840)
2024-04-29 10:07:32,007 [7c1b7d40-21b8-4f63-a346-8b6e9b157cbc@group-441AB6A0D421-StateMachineUpdater] INFO  ratis.ContainerStateMachine (ContainerStateMachine.java:takeSnapshot(366)) - group-441AB6A0D421: Finished taking a snapshot at:(t:1, i:0) file:/home/runner/work/ozone/ozone/hadoop-ozone/integration-test/target/test-dir/MiniOzoneClusterImpl-9e79b078-2218-4abd-b04c-a65fc7f927a6/ozone-meta/datanode-6/ratis/e01ff82f-0497-4e07-ba82-441ab6a0d421/sm/snapshot.1_0 took: 1 ms
2024-04-29 10:07:32,008 [05a782ff-e365-47f1-b590-80dc8e3c2105@group-656ABE1EE4F1-StateMachineUpdater] INFO  ratis.ContainerStateMachine (ContainerStateMachine.java:takeSnapshot(366)) - group-656ABE1EE4F1: Finished taking a snapshot at:(t:1, i:0) file:/home/runner/work/ozone/ozone/hadoop-ozone/integration-test/target/test-dir/MiniOzoneClusterImpl-9e79b078-2218-4abd-b04c-a65fc7f927a6/ozone-meta/datanode-5/ratis/f5de92bf-8eff-4819-905c-656abe1ee4f1/sm/snapshot.1_0 took: 1 ms
2024-04-29 10:07:32,008 [7c1b7d40-21b8-4f63-a346-8b6e9b157cbc@group-441AB6A0D421-StateMachineUpdater] INFO  impl.StateMachineUpdater (StateMachineUpdater.java:takeSnapshot(295)) - 7c1b7d40-21b8-4f63-a346-8b6e9b157cbc@group-441AB6A0D421-StateMachineUpdater: Took a snapshot at index 0
2024-04-29 10:07:32,008 [7c1b7d40-21b8-4f63-a346-8b6e9b157cbc@group-441AB6A0D421-StateMachineUpdater] INFO  impl.StateMachineUpdater (StateMachineUpdater.java:lambda$new$0(98)) - 7c1b7d40-21b8-4f63-a346-8b6e9b157cbc@group-441AB6A0D421-StateMachineUpdater: snapshotIndex: updateIncreasingly -1 -> 0
2024-04-29 10:07:32,008 [05a782ff-e365-47f1-b590-80dc8e3c2105@group-656ABE1EE4F1-StateMachineUpdater] INFO  impl.StateMachineUpdater (StateMachineUpdater.java:takeSnapshot(295)) - 05a782ff-e365-47f1-b590-80dc8e3c2105@group-656ABE1EE4F1-StateMachineUpdater: Took a snapshot at index 0
2024-04-29 10:07:32,008 [05a782ff-e365-47f1-b590-80dc8e3c2105@group-656ABE1EE4F1-StateMachineUpdater] INFO  impl.StateMachineUpdater (StateMachineUpdater.java:lambda$new$0(98)) - 05a782ff-e365-47f1-b590-80dc8e3c2105@group-656ABE1EE4F1-StateMachineUpdater: snapshotIndex: updateIncreasingly -1 -> 0
2024-04-29 10:07:32,008 [7c1b7d40-21b8-4f63-a346-8b6e9b157cbc-impl-thread2] INFO  server.RaftServer$Division (ServerState.java:close(427)) - 7c1b7d40-21b8-4f63-a346-8b6e9b157cbc@group-441AB6A0D421: applyIndex: 0
2024-04-29 10:07:32,008 [7c1b7d40-21b8-4f63-a346-8b6e9b157cbc@group-441AB6A0D421-cacheEviction-AwaitToRun] INFO  util.AwaitToRun (AwaitToRun.java:run(49)) - 7c1b7d40-21b8-4f63-a346-8b6e9b157cbc@group-441AB6A0D421-cacheEviction-AwaitToRun-AwaitForSignal is interrupted
2024-04-29 10:07:32,008 [05a782ff-e365-47f1-b590-80dc8e3c2105-impl-thread2] INFO  server.RaftServer$Division (ServerState.java:close(427)) - 05a782ff-e365-47f1-b590-80dc8e3c2105@group-656ABE1EE4F1: applyIndex: 0
2024-04-29 10:07:32,008 [05a782ff-e365-47f1-b590-80dc8e3c2105@group-656ABE1EE4F1-cacheEviction-AwaitToRun] INFO  util.AwaitToRun (AwaitToRun.java:run(49)) - 05a782ff-e365-47f1-b590-80dc8e3c2105@group-656ABE1EE4F1-cacheEviction-AwaitToRun-AwaitForSignal is interrupted
2024-04-29 10:07:32,009 [grpc-default-executor-8] INFO  server.GrpcLogAppender (GrpcLogAppender.java:onCompleted(546)) - 98bce0f1-b1ff-4756-b9de-e813dc1af0d3@group-441AB6A0D421->05a782ff-e365-47f1-b590-80dc8e3c2105-AppendLogResponseHandler: follower responses appendEntries COMPLETED
2024-04-29 10:07:32,009 [grpc-default-executor-5] INFO  server.GrpcLogAppender (GrpcLogAppender.java:onCompleted(546)) - d40c8439-b047-4b38-90b1-52a68d7d9fe2@group-19A9548FA913->6d3d555f-4cf8-4e54-a907-fcd788b1b69a-AppendLogResponseHandler: follower responses appendEntries COMPLETED
2024-04-29 10:07:32,009 [grpc-default-executor-5] WARN  server.GrpcLogAppender (GrpcLogAppender.java:resetClient(226)) - d40c8439-b047-4b38-90b1-52a68d7d9fe2@group-19A9548FA913->6d3d555f-4cf8-4e54-a907-fcd788b1b69a-GrpcLogAppender: Failed to getClient for 6d3d555f-4cf8-4e54-a907-fcd788b1b69a
org.apache.ratis.protocol.exceptions.AlreadyClosedException: d40c8439-b047-4b38-90b1-52a68d7d9fe2 is already CLOSED
	at org.apache.ratis.util.PeerProxyMap$PeerAndProxy.getProxy(PeerProxyMap.java:65)
	at org.apache.ratis.util.PeerProxyMap.getProxy(PeerProxyMap.java:114)
	at org.apache.ratis.grpc.server.GrpcLogAppender.getClient(GrpcLogAppender.java:196)
	at org.apache.ratis.grpc.server.GrpcLogAppender.resetClient(GrpcLogAppender.java:201)
	at org.apache.ratis.grpc.server.GrpcLogAppender.access$800(GrpcLogAppender.java:62)
	at org.apache.ratis.grpc.server.GrpcLogAppender$AppendLogResponseHandler.onCompleted(GrpcLogAppender.java:547)
	at org.apache.ratis.thirdparty.io.grpc.stub.ClientCalls$StreamObserverToCallListenerAdapter.onClose(ClientCalls.java:479)
	at org.apache.ratis.thirdparty.io.grpc.internal.ClientCallImpl.closeObserver(ClientCallImpl.java:567)
	at org.apache.ratis.thirdparty.io.grpc.internal.ClientCallImpl.access$300(ClientCallImpl.java:71)
	at org.apache.ratis.thirdparty.io.grpc.internal.ClientCallImpl$ClientStreamListenerImpl$1StreamClosed.runInternal(ClientCallImpl.java:735)
	at org.apache.ratis.thirdparty.io.grpc.internal.ClientCallImpl$ClientStreamListenerImpl$1StreamClosed.runInContext(ClientCallImpl.java:716)
	at org.apache.ratis.thirdparty.io.grpc.internal.ContextRunnable.run(ContextRunnable.java:37)
	at org.apache.ratis.thirdparty.io.grpc.internal.SerializingExecutor.run(SerializingExecutor.java:133)
	at java.base/java.util.concurrent.ThreadPoolExecutor.runWorker(ThreadPoolExecutor.java:1136)
	at java.base/java.util.concurrent.ThreadPoolExecutor$Worker.run(ThreadPoolExecutor.java:635)
	at java.base/java.lang.Thread.run(Thread.java:840)
2024-04-29 10:07:32,009 [grpc-default-executor-8] WARN  server.GrpcLogAppender (GrpcLogAppender.java:resetClient(226)) - 98bce0f1-b1ff-4756-b9de-e813dc1af0d3@group-441AB6A0D421->05a782ff-e365-47f1-b590-80dc8e3c2105-GrpcLogAppender: Failed to getClient for 05a782ff-e365-47f1-b590-80dc8e3c2105
org.apache.ratis.protocol.exceptions.AlreadyClosedException: 98bce0f1-b1ff-4756-b9de-e813dc1af0d3 is already CLOSED
	at org.apache.ratis.util.PeerProxyMap$PeerAndProxy.getProxy(PeerProxyMap.java:65)
	at org.apache.ratis.util.PeerProxyMap.getProxy(PeerProxyMap.java:114)
	at org.apache.ratis.grpc.server.GrpcLogAppender.getClient(GrpcLogAppender.java:196)
	at org.apache.ratis.grpc.server.GrpcLogAppender.resetClient(GrpcLogAppender.java:201)
	at org.apache.ratis.grpc.server.GrpcLogAppender.access$800(GrpcLogAppender.java:62)
	at org.apache.ratis.grpc.server.GrpcLogAppender$AppendLogResponseHandler.onCompleted(GrpcLogAppender.java:547)
	at org.apache.ratis.thirdparty.io.grpc.stub.ClientCalls$StreamObserverToCallListenerAdapter.onClose(ClientCalls.java:479)
	at org.apache.ratis.thirdparty.io.grpc.internal.DelayedClientCall$DelayedListener$3.run(DelayedClientCall.java:489)
	at org.apache.ratis.thirdparty.io.grpc.internal.DelayedClientCall$DelayedListener.delayOrExecute(DelayedClientCall.java:453)
	at org.apache.ratis.thirdparty.io.grpc.internal.DelayedClientCall$DelayedListener.onClose(DelayedClientCall.java:486)
	at org.apache.ratis.thirdparty.io.grpc.internal.ClientCallImpl.closeObserver(ClientCallImpl.java:567)
	at org.apache.ratis.thirdparty.io.grpc.internal.ClientCallImpl.access$300(ClientCallImpl.java:71)
	at org.apache.ratis.thirdparty.io.grpc.internal.ClientCallImpl$ClientStreamListenerImpl$1StreamClosed.runInternal(ClientCallImpl.java:735)
	at org.apache.ratis.thirdparty.io.grpc.internal.ClientCallImpl$ClientStreamListenerImpl$1StreamClosed.runInContext(ClientCallImpl.java:716)
	at org.apache.ratis.thirdparty.io.grpc.internal.ContextRunnable.run(ContextRunnable.java:37)
	at org.apache.ratis.thirdparty.io.grpc.internal.SerializingExecutor.run(SerializingExecutor.java:133)
	at java.base/java.util.concurrent.ThreadPoolExecutor.runWorker(ThreadPoolExecutor.java:1136)
	at java.base/java.util.concurrent.ThreadPoolExecutor$Worker.run(ThreadPoolExecutor.java:635)
	at java.base/java.lang.Thread.run(Thread.java:840)
2024-04-29 10:07:32,010 [ForkJoinPool.commonPool-worker-2] INFO  server.GrpcService (GrpcService.java:closeImpl(320)) - d40c8439-b047-4b38-90b1-52a68d7d9fe2: shutdown server org.apache.ratis.grpc.server.GrpcClientProtocolService successfully
2024-04-29 10:07:32,010 [ForkJoinPool.commonPool-worker-2] INFO  server.GrpcService (GrpcService.java:closeImpl(311)) - d40c8439-b047-4b38-90b1-52a68d7d9fe2: shutdown server GrpcServerProtocolService now
2024-04-29 10:07:32,010 [Thread-7160] INFO  server.GrpcServerProtocolClient (GrpcServerProtocolClient.java:close(103)) - 023796c2-f42d-4d4c-8c53-1144d6bee25f Close channels
2024-04-29 10:07:32,010 [Thread-7165] INFO  server.GrpcServerProtocolClient (GrpcServerProtocolClient.java:close(103)) - a3deba03-ffe7-4d5f-b81f-0cb8f398f916 Close channels
2024-04-29 10:07:32,010 [Thread-7164] INFO  server.GrpcServerProtocolClient (GrpcServerProtocolClient.java:close(103)) - 98bce0f1-b1ff-4756-b9de-e813dc1af0d3 Close channels
2024-04-29 10:07:32,011 [main] INFO  server.GrpcService (GrpcService.java:closeImpl(320)) - 7c1b7d40-21b8-4f63-a346-8b6e9b157cbc: shutdown server org.apache.ratis.grpc.server.GrpcClientProtocolService successfully
2024-04-29 10:07:32,011 [main] INFO  server.GrpcService (GrpcService.java:closeImpl(311)) - 7c1b7d40-21b8-4f63-a346-8b6e9b157cbc: shutdown server GrpcServerProtocolService now
2024-04-29 10:07:32,011 [ForkJoinPool.commonPool-worker-4] INFO  server.GrpcService (GrpcService.java:closeImpl(320)) - 98bce0f1-b1ff-4756-b9de-e813dc1af0d3: shutdown server org.apache.ratis.grpc.server.GrpcClientProtocolService successfully
2024-04-29 10:07:32,011 [ForkJoinPool.commonPool-worker-4] INFO  server.GrpcService (GrpcService.java:closeImpl(311)) - 98bce0f1-b1ff-4756-b9de-e813dc1af0d3: shutdown server GrpcServerProtocolService now
2024-04-29 10:07:32,014 [ForkJoinPool.commonPool-worker-4] INFO  server.GrpcService (GrpcService.java:closeImpl(320)) - 98bce0f1-b1ff-4756-b9de-e813dc1af0d3: shutdown server GrpcServerProtocolService successfully
2024-04-29 10:07:32,014 [ForkJoinPool.commonPool-worker-4] INFO  server.GrpcService (GrpcService.java:closeImpl(311)) - 98bce0f1-b1ff-4756-b9de-e813dc1af0d3: shutdown server org.apache.ratis.grpc.server.GrpcAdminProtocolService now
2024-04-29 10:07:32,014 [ForkJoinPool.commonPool-worker-2] INFO  server.GrpcService (GrpcService.java:closeImpl(320)) - d40c8439-b047-4b38-90b1-52a68d7d9fe2: shutdown server GrpcServerProtocolService successfully
2024-04-29 10:07:32,014 [ForkJoinPool.commonPool-worker-2] INFO  server.GrpcService (GrpcService.java:closeImpl(311)) - d40c8439-b047-4b38-90b1-52a68d7d9fe2: shutdown server org.apache.ratis.grpc.server.GrpcAdminProtocolService now
2024-04-29 10:07:32,014 [ForkJoinPool.commonPool-worker-1] INFO  server.GrpcService (GrpcService.java:closeImpl(320)) - ff005283-6149-44cc-9e6b-88eb174549f2: shutdown server org.apache.ratis.grpc.server.GrpcClientProtocolService successfully
2024-04-29 10:07:32,014 [ForkJoinPool.commonPool-worker-1] INFO  server.GrpcService (GrpcService.java:closeImpl(311)) - ff005283-6149-44cc-9e6b-88eb174549f2: shutdown server GrpcServerProtocolService now
2024-04-29 10:07:32,015 [ForkJoinPool.commonPool-worker-3] INFO  server.GrpcService (GrpcService.java:closeImpl(320)) - 05a782ff-e365-47f1-b590-80dc8e3c2105: shutdown server org.apache.ratis.grpc.server.GrpcClientProtocolService successfully
2024-04-29 10:07:32,015 [ForkJoinPool.commonPool-worker-3] INFO  server.GrpcService (GrpcService.java:closeImpl(311)) - 05a782ff-e365-47f1-b590-80dc8e3c2105: shutdown server GrpcServerProtocolService now
2024-04-29 10:07:32,015 [ForkJoinPool.commonPool-worker-1] INFO  server.GrpcService (GrpcService.java:closeImpl(320)) - ff005283-6149-44cc-9e6b-88eb174549f2: shutdown server GrpcServerProtocolService successfully
2024-04-29 10:07:32,015 [ForkJoinPool.commonPool-worker-1] INFO  server.GrpcService (GrpcService.java:closeImpl(311)) - ff005283-6149-44cc-9e6b-88eb174549f2: shutdown server org.apache.ratis.grpc.server.GrpcAdminProtocolService now
2024-04-29 10:07:32,015 [ForkJoinPool.commonPool-worker-2] INFO  server.GrpcService (GrpcService.java:closeImpl(320)) - d40c8439-b047-4b38-90b1-52a68d7d9fe2: shutdown server org.apache.ratis.grpc.server.GrpcAdminProtocolService successfully
2024-04-29 10:07:32,016 [ForkJoinPool.commonPool-worker-1] INFO  server.GrpcService (GrpcService.java:closeImpl(320)) - ff005283-6149-44cc-9e6b-88eb174549f2: shutdown server org.apache.ratis.grpc.server.GrpcAdminProtocolService successfully
2024-04-29 10:07:32,017 [ForkJoinPool.commonPool-worker-3] INFO  server.GrpcService (GrpcService.java:closeImpl(320)) - 05a782ff-e365-47f1-b590-80dc8e3c2105: shutdown server GrpcServerProtocolService successfully
2024-04-29 10:07:32,017 [ForkJoinPool.commonPool-worker-3] INFO  server.GrpcService (GrpcService.java:closeImpl(311)) - 05a782ff-e365-47f1-b590-80dc8e3c2105: shutdown server org.apache.ratis.grpc.server.GrpcAdminProtocolService now
2024-04-29 10:07:32,017 [main] INFO  server.GrpcService (GrpcService.java:closeImpl(320)) - 7c1b7d40-21b8-4f63-a346-8b6e9b157cbc: shutdown server GrpcServerProtocolService successfully
2024-04-29 10:07:32,017 [main] INFO  server.GrpcService (GrpcService.java:closeImpl(311)) - 7c1b7d40-21b8-4f63-a346-8b6e9b157cbc: shutdown server org.apache.ratis.grpc.server.GrpcAdminProtocolService now
2024-04-29 10:07:32,017 [ForkJoinPool.commonPool-worker-4] INFO  server.GrpcService (GrpcService.java:closeImpl(320)) - 98bce0f1-b1ff-4756-b9de-e813dc1af0d3: shutdown server org.apache.ratis.grpc.server.GrpcAdminProtocolService successfully
2024-04-29 10:07:32,018 [ForkJoinPool.commonPool-worker-3] INFO  server.GrpcService (GrpcService.java:closeImpl(320)) - 05a782ff-e365-47f1-b590-80dc8e3c2105: shutdown server org.apache.ratis.grpc.server.GrpcAdminProtocolService successfully
2024-04-29 10:07:32,019 [main] INFO  server.GrpcService (GrpcService.java:closeImpl(320)) - 7c1b7d40-21b8-4f63-a346-8b6e9b157cbc: shutdown server org.apache.ratis.grpc.server.GrpcAdminProtocolService successfully
2024-04-29 10:07:32,025 [98bce0f1-b1ff-4756-b9de-e813dc1af0d3-NettyServerStreamRpc-bossGroup--thread1] INFO  logging.LoggingHandler (AbstractInternalLogger.java:log(148)) - [id: 0xeb8a18e6, L:/0.0.0.0:15487] CLOSE
2024-04-29 10:07:32,025 [98bce0f1-b1ff-4756-b9de-e813dc1af0d3-NettyServerStreamRpc-bossGroup--thread1] INFO  logging.LoggingHandler (AbstractInternalLogger.java:log(148)) - [id: 0xeb8a18e6, L:/0.0.0.0:15487] INACTIVE
2024-04-29 10:07:32,025 [98bce0f1-b1ff-4756-b9de-e813dc1af0d3-NettyServerStreamRpc-bossGroup--thread1] INFO  logging.LoggingHandler (AbstractInternalLogger.java:log(148)) - [id: 0xeb8a18e6, L:/0.0.0.0:15487] UNREGISTERED
2024-04-29 10:07:32,027 [d40c8439-b047-4b38-90b1-52a68d7d9fe2-NettyServerStreamRpc-bossGroup--thread1] INFO  logging.LoggingHandler (AbstractInternalLogger.java:log(148)) - [id: 0x01a43eec, L:/0.0.0.0:15523] CLOSE
2024-04-29 10:07:32,027 [d40c8439-b047-4b38-90b1-52a68d7d9fe2-NettyServerStreamRpc-bossGroup--thread1] INFO  logging.LoggingHandler (AbstractInternalLogger.java:log(148)) - [id: 0x01a43eec, L:/0.0.0.0:15523] INACTIVE
2024-04-29 10:07:32,027 [d40c8439-b047-4b38-90b1-52a68d7d9fe2-NettyServerStreamRpc-bossGroup--thread1] INFO  logging.LoggingHandler (AbstractInternalLogger.java:log(148)) - [id: 0x01a43eec, L:/0.0.0.0:15523] UNREGISTERED
2024-04-29 10:07:32,030 [05a782ff-e365-47f1-b590-80dc8e3c2105-NettyServerStreamRpc-bossGroup--thread1] INFO  logging.LoggingHandler (AbstractInternalLogger.java:log(148)) - [id: 0xe337ee5b, L:/0.0.0.0:15496] CLOSE
2024-04-29 10:07:32,030 [05a782ff-e365-47f1-b590-80dc8e3c2105-NettyServerStreamRpc-bossGroup--thread1] INFO  logging.LoggingHandler (AbstractInternalLogger.java:log(148)) - [id: 0xe337ee5b, L:/0.0.0.0:15496] INACTIVE
2024-04-29 10:07:32,030 [05a782ff-e365-47f1-b590-80dc8e3c2105-NettyServerStreamRpc-bossGroup--thread1] INFO  logging.LoggingHandler (AbstractInternalLogger.java:log(148)) - [id: 0xe337ee5b, L:/0.0.0.0:15496] UNREGISTERED
2024-04-29 10:07:32,032 [ff005283-6149-44cc-9e6b-88eb174549f2-NettyServerStreamRpc-bossGroup--thread1] INFO  logging.LoggingHandler (AbstractInternalLogger.java:log(148)) - [id: 0x159951e6, L:/0.0.0.0:15460] CLOSE
2024-04-29 10:07:32,033 [ff005283-6149-44cc-9e6b-88eb174549f2-NettyServerStreamRpc-bossGroup--thread1] INFO  logging.LoggingHandler (AbstractInternalLogger.java:log(148)) - [id: 0x159951e6, L:/0.0.0.0:15460] INACTIVE
2024-04-29 10:07:32,033 [ff005283-6149-44cc-9e6b-88eb174549f2-NettyServerStreamRpc-bossGroup--thread1] INFO  logging.LoggingHandler (AbstractInternalLogger.java:log(148)) - [id: 0x159951e6, L:/0.0.0.0:15460] UNREGISTERED
2024-04-29 10:07:32,035 [7c1b7d40-21b8-4f63-a346-8b6e9b157cbc-NettyServerStreamRpc-bossGroup--thread1] INFO  logging.LoggingHandler (AbstractInternalLogger.java:log(148)) - [id: 0xd6c9b2f9, L:/0.0.0.0:15505] CLOSE
2024-04-29 10:07:32,035 [7c1b7d40-21b8-4f63-a346-8b6e9b157cbc-NettyServerStreamRpc-bossGroup--thread1] INFO  logging.LoggingHandler (AbstractInternalLogger.java:log(148)) - [id: 0xd6c9b2f9, L:/0.0.0.0:15505] INACTIVE
2024-04-29 10:07:32,035 [7c1b7d40-21b8-4f63-a346-8b6e9b157cbc-NettyServerStreamRpc-bossGroup--thread1] INFO  logging.LoggingHandler (AbstractInternalLogger.java:log(148)) - [id: 0xd6c9b2f9, L:/0.0.0.0:15505] UNREGISTERED
2024-04-29 10:07:32,052 [d40c8439-b047-4b38-90b1-52a68d7d9fe2-impl-thread1] INFO  segmented.SegmentedRaftLogWorker (SegmentedRaftLogWorker.java:close(245)) - d40c8439-b047-4b38-90b1-52a68d7d9fe2@group-65EDF0013E08-SegmentedRaftLogWorker close()
2024-04-29 10:07:32,113 [d40c8439-b047-4b38-90b1-52a68d7d9fe2-impl-thread2] INFO  segmented.SegmentedRaftLogWorker (SegmentedRaftLogWorker.java:close(245)) - d40c8439-b047-4b38-90b1-52a68d7d9fe2@group-19A9548FA913-SegmentedRaftLogWorker close()
2024-04-29 10:07:32,113 [JvmPauseMonitor64] INFO  util.JvmPauseMonitor (JvmPauseMonitor.java:run(152)) - JvmPauseMonitor-d40c8439-b047-4b38-90b1-52a68d7d9fe2: Stopped
2024-04-29 10:07:32,642 [ff005283-6149-44cc-9e6b-88eb174549f2-impl-thread1] INFO  segmented.SegmentedRaftLogWorker (SegmentedRaftLogWorker.java:close(245)) - ff005283-6149-44cc-9e6b-88eb174549f2@group-3E5916B6A231-SegmentedRaftLogWorker close()
2024-04-29 10:07:32,643 [JvmPauseMonitor57] INFO  util.JvmPauseMonitor (JvmPauseMonitor.java:run(152)) - JvmPauseMonitor-ff005283-6149-44cc-9e6b-88eb174549f2: Stopped
2024-04-29 10:07:32,815 [98bce0f1-b1ff-4756-b9de-e813dc1af0d3-impl-thread2] INFO  segmented.SegmentedRaftLogWorker (SegmentedRaftLogWorker.java:close(245)) - 98bce0f1-b1ff-4756-b9de-e813dc1af0d3@group-441AB6A0D421-SegmentedRaftLogWorker close()
2024-04-29 10:07:32,827 [7c1b7d40-21b8-4f63-a346-8b6e9b157cbc-impl-thread2] INFO  segmented.SegmentedRaftLogWorker (SegmentedRaftLogWorker.java:close(245)) - 7c1b7d40-21b8-4f63-a346-8b6e9b157cbc@group-441AB6A0D421-SegmentedRaftLogWorker close()
2024-04-29 10:07:32,827 [05a782ff-e365-47f1-b590-80dc8e3c2105-impl-thread1] INFO  segmented.SegmentedRaftLogWorker (SegmentedRaftLogWorker.java:close(245)) - 05a782ff-e365-47f1-b590-80dc8e3c2105@group-441AB6A0D421-SegmentedRaftLogWorker close()
2024-04-29 10:07:32,849 [7c1b7d40-21b8-4f63-a346-8b6e9b157cbc-impl-thread1] INFO  segmented.SegmentedRaftLogWorker (SegmentedRaftLogWorker.java:close(245)) - 7c1b7d40-21b8-4f63-a346-8b6e9b157cbc@group-9A2A807AA8F8-SegmentedRaftLogWorker close()
2024-04-29 10:07:32,849 [JvmPauseMonitor62] INFO  util.JvmPauseMonitor (JvmPauseMonitor.java:run(152)) - JvmPauseMonitor-7c1b7d40-21b8-4f63-a346-8b6e9b157cbc: Stopped
2024-04-29 10:07:32,864 [98bce0f1-b1ff-4756-b9de-e813dc1af0d3-impl-thread1] INFO  segmented.SegmentedRaftLogWorker (SegmentedRaftLogWorker.java:close(245)) - 98bce0f1-b1ff-4756-b9de-e813dc1af0d3@group-C9E38A37DCCA-SegmentedRaftLogWorker close()
2024-04-29 10:07:32,864 [JvmPauseMonitor60] INFO  util.JvmPauseMonitor (JvmPauseMonitor.java:run(152)) - JvmPauseMonitor-98bce0f1-b1ff-4756-b9de-e813dc1af0d3: Stopped
2024-04-29 10:07:32,878 [05a782ff-e365-47f1-b590-80dc8e3c2105-impl-thread2] INFO  segmented.SegmentedRaftLogWorker (SegmentedRaftLogWorker.java:close(245)) - 05a782ff-e365-47f1-b590-80dc8e3c2105@group-656ABE1EE4F1-SegmentedRaftLogWorker close()
2024-04-29 10:07:32,879 [JvmPauseMonitor61] INFO  util.JvmPauseMonitor (JvmPauseMonitor.java:run(152)) - JvmPauseMonitor-05a782ff-e365-47f1-b590-80dc8e3c2105: Stopped
2024-04-29 10:07:34,115 [ForkJoinPool.commonPool-worker-2] INFO  utils.DatanodeStoreCache (DatanodeStoreCache.java:shutdownCache(116)) - Skip clearing cache in mini cluster mode. Entries left: [/home/runner/work/ozone/ozone/hadoop-ozone/integration-test/target/test-dir/MiniOzoneClusterImpl-9e79b078-2218-4abd-b04c-a65fc7f927a6/ozone-meta/datanode-1/data-0/hdds/9e79b078-2218-4abd-b04c-a65fc7f927a6/DS-31b389e1-ac02-42b6-b9d9-31cf6c6e9e9b/container.db, /home/runner/work/ozone/ozone/hadoop-ozone/integration-test/target/test-dir/MiniOzoneClusterImpl-9e79b078-2218-4abd-b04c-a65fc7f927a6/ozone-meta/datanode-4/data-0/hdds/9e79b078-2218-4abd-b04c-a65fc7f927a6/DS-c2b5c243-603b-4d39-8589-1da2a9d8f69f/container.db, /home/runner/work/ozone/ozone/hadoop-ozone/integration-test/target/test-dir/MiniOzoneClusterImpl-9e79b078-2218-4abd-b04c-a65fc7f927a6/ozone-meta/datanode-5/data-0/hdds/9e79b078-2218-4abd-b04c-a65fc7f927a6/DS-bb2feb34-e223-4413-9a34-e5964ffc5faa/container.db, /home/runner/work/ozone/ozone/hadoop-ozone/integration-test/target/test-dir/MiniOzoneClusterImpl-9e79b078-2218-4abd-b04c-a65fc7f927a6/ozone-meta/datanode-6/data-0/hdds/9e79b078-2218-4abd-b04c-a65fc7f927a6/DS-5c06ff99-7281-4c84-8ce8-ef9515db8985/container.db, /home/runner/work/ozone/ozone/hadoop-ozone/integration-test/target/test-dir/MiniOzoneClusterImpl-9e79b078-2218-4abd-b04c-a65fc7f927a6/ozone-meta/datanode-7/data-0/hdds/9e79b078-2218-4abd-b04c-a65fc7f927a6/DS-03942266-31a7-4d9c-bd6f-84a32e8f56fe/container.db, /home/runner/work/ozone/ozone/hadoop-ozone/integration-test/target/test-dir/MiniOzoneClusterImpl-9e79b078-2218-4abd-b04c-a65fc7f927a6/ozone-meta/datanode-8/data-0/hdds/9e79b078-2218-4abd-b04c-a65fc7f927a6/DS-8996fb91-b66c-4db4-86bb-dde3eda381d7/container.db, /home/runner/work/ozone/ozone/hadoop-ozone/integration-test/target/test-dir/MiniOzoneClusterImpl-9e79b078-2218-4abd-b04c-a65fc7f927a6/ozone-meta/datanode-9/data-0/hdds/9e79b078-2218-4abd-b04c-a65fc7f927a6/DS-13853fe7-caa3-4730-b931-d312fdda933b/container.db]
2024-04-29 10:07:34,116 [ForkJoinPool.commonPool-worker-2] INFO  utils.DatanodeStoreCache (DatanodeStoreCache.java:removeDB(110)) - Removed db /home/runner/work/ozone/ozone/hadoop-ozone/integration-test/target/test-dir/MiniOzoneClusterImpl-9e79b078-2218-4abd-b04c-a65fc7f927a6/ozone-meta/datanode-8/data-0/hdds/9e79b078-2218-4abd-b04c-a65fc7f927a6/DS-8996fb91-b66c-4db4-86bb-dde3eda381d7/container.db from cache
2024-04-29 10:07:34,116 [ForkJoinPool.commonPool-worker-2] INFO  volume.HddsVolume (HddsVolume.java:closeDbStore(470)) - SchemaV3 db is stopped at /home/runner/work/ozone/ozone/hadoop-ozone/integration-test/target/test-dir/MiniOzoneClusterImpl-9e79b078-2218-4abd-b04c-a65fc7f927a6/ozone-meta/datanode-8/data-0/hdds/9e79b078-2218-4abd-b04c-a65fc7f927a6/DS-8996fb91-b66c-4db4-86bb-dde3eda381d7/container.db for volume DS-8996fb91-b66c-4db4-86bb-dde3eda381d7
2024-04-29 10:07:34,116 [ForkJoinPool.commonPool-worker-2] INFO  utils.BackgroundService (BackgroundService.java:shutdown(160)) - Shutting down service BlockDeletingService
2024-04-29 10:07:34,116 [ForkJoinPool.commonPool-worker-2] INFO  utils.BackgroundService (BackgroundService.java:shutdown(160)) - Shutting down service StaleRecoveringContainerScrubbingService
2024-04-29 10:07:34,117 [ForkJoinPool.commonPool-worker-2] INFO  statemachine.DatanodeStateMachine (DatanodeStateMachine.java:stopDaemon(638)) - Ozone container server stopped.
2024-04-29 10:07:34,117 [ForkJoinPool.commonPool-worker-2] INFO  handler.ContextHandler (ContextHandler.java:doStop(1159)) - Stopped o.e.j.w.WebAppContext@79832158{hddsDatanode,/,null,STOPPED}{file:/home/runner/work/ozone/ozone/hadoop-hdds/container-service/target/classes/webapps/hddsDatanode}
2024-04-29 10:07:34,117 [ForkJoinPool.commonPool-worker-2] INFO  server.AbstractConnector (AbstractConnector.java:doStop(383)) - Stopped ServerConnector@4ad30ac5{HTTP/1.1, (http/1.1)}{0.0.0.0:15517}
2024-04-29 10:07:34,117 [ForkJoinPool.commonPool-worker-2] INFO  server.session (HouseKeeper.java:stopScavenging(149)) - node0 Stopped scavenging
2024-04-29 10:07:34,117 [ForkJoinPool.commonPool-worker-2] INFO  handler.ContextHandler (ContextHandler.java:doStop(1159)) - Stopped o.e.j.s.ServletContextHandler@31ba3b3c{static,/static,file:///home/runner/work/ozone/ozone/hadoop-hdds/container-service/target/classes/webapps/static,STOPPED}
2024-04-29 10:07:34,117 [ForkJoinPool.commonPool-worker-2] INFO  handler.ContextHandler (ContextHandler.java:doStop(1159)) - Stopped o.e.j.s.ServletContextHandler@3246b04b{logs,/logs,file:///home/runner/work/ozone/ozone/hadoop-ozone/integration-test/target/log,STOPPED}
2024-04-29 10:07:34,118 [ForkJoinPool.commonPool-worker-2] INFO  ozone.HddsDatanodeClientProtocolServer (HddsDatanodeClientProtocolServer.java:stop(83)) - Stopping the RPC server for Client Protocol
2024-04-29 10:07:34,118 [ForkJoinPool.commonPool-worker-2] INFO  ipc.Server (Server.java:stop(3523)) - Stopping server on 15518
2024-04-29 10:07:34,118 [IPC Server Responder] INFO  ipc.Server (Server.java:run(1567)) - Stopping IPC Server Responder
2024-04-29 10:07:34,118 [IPC Server listener on 15518] INFO  ipc.Server (Server.java:run(1434)) - Stopping IPC Server listener on 15518
2024-04-29 10:07:34,126 [ForkJoinPool.commonPool-worker-2] INFO  ozoneimpl.OzoneContainer (OzoneContainer.java:stop(481)) - Attempting to stop container services.
2024-04-29 10:07:34,126 [ContainerMetadataScanner] WARN  ozoneimpl.AbstractBackgroundContainerScanner (AbstractBackgroundContainerScanner.java:handleRemainingSleep(134)) - Background container scan was interrupted.
2024-04-29 10:07:34,126 [ContainerMetadataScanner] INFO  ozoneimpl.AbstractBackgroundContainerScanner (AbstractBackgroundContainerScanner.java:run(61)) - Thread[ContainerMetadataScanner,5,main] exiting.
2024-04-29 10:07:34,126 [ForkJoinPool.commonPool-worker-2] INFO  ozoneimpl.BackgroundContainerDataScanner (BackgroundContainerDataScanner.java:shutdown(141)) - ContainerDataScanner(/home/runner/work/ozone/ozone/hadoop-ozone/integration-test/target/test-dir/MiniOzoneClusterImpl-9e79b078-2218-4abd-b04c-a65fc7f927a6/ozone-meta/datanode-9/data-0/hdds) is shutting down. 
2024-04-29 10:07:34,126 [ContainerDataScanner(/home/runner/work/ozone/ozone/hadoop-ozone/integration-test/target/test-dir/MiniOzoneClusterImpl-9e79b078-2218-4abd-b04c-a65fc7f927a6/ozone-meta/datanode-9/data-0/hdds)] WARN  ozoneimpl.AbstractBackgroundContainerScanner (AbstractBackgroundContainerScanner.java:handleRemainingSleep(134)) - Background container scan was interrupted.
2024-04-29 10:07:34,126 [ContainerDataScanner(/home/runner/work/ozone/ozone/hadoop-ozone/integration-test/target/test-dir/MiniOzoneClusterImpl-9e79b078-2218-4abd-b04c-a65fc7f927a6/ozone-meta/datanode-9/data-0/hdds)] INFO  ozoneimpl.AbstractBackgroundContainerScanner (AbstractBackgroundContainerScanner.java:run(61)) - ContainerDataScanner(/home/runner/work/ozone/ozone/hadoop-ozone/integration-test/target/test-dir/MiniOzoneClusterImpl-9e79b078-2218-4abd-b04c-a65fc7f927a6/ozone-meta/datanode-9/data-0/hdds, DS-13853fe7-caa3-4730-b931-d312fdda933b) exiting.
2024-04-29 10:07:34,126 [ForkJoinPool.commonPool-worker-2] INFO  server.RaftServer (RaftServerProxy.java:lambda$close$9(416)) - 158faee4-db49-465b-9160-a35c663658b4: close
2024-04-29 10:07:34,126 [158faee4-db49-465b-9160-a35c663658b4-impl-thread1] INFO  server.RaftServer$Division (RaftServerImpl.java:lambda$close$3(526)) - 158faee4-db49-465b-9160-a35c663658b4@group-7AF5A4AE1164: shutdown
2024-04-29 10:07:34,126 [158faee4-db49-465b-9160-a35c663658b4-impl-thread1] INFO  util.JmxRegister (JmxRegister.java:unregister(73)) - Successfully un-registered JMX Bean with object name Ratis:service=RaftServer,group=group-7AF5A4AE1164,id=158faee4-db49-465b-9160-a35c663658b4
2024-04-29 10:07:34,126 [ForkJoinPool.commonPool-worker-2] INFO  server.GrpcService (GrpcService.java:closeImpl(311)) - 158faee4-db49-465b-9160-a35c663658b4: shutdown server org.apache.ratis.grpc.server.GrpcClientProtocolService now
2024-04-29 10:07:34,127 [158faee4-db49-465b-9160-a35c663658b4-impl-thread2] INFO  server.RaftServer$Division (RaftServerImpl.java:lambda$close$3(526)) - 158faee4-db49-465b-9160-a35c663658b4@group-19A9548FA913: shutdown
2024-04-29 10:07:34,127 [158faee4-db49-465b-9160-a35c663658b4-impl-thread2] INFO  util.JmxRegister (JmxRegister.java:unregister(73)) - Successfully un-registered JMX Bean with object name Ratis:service=RaftServer,group=group-19A9548FA913,id=158faee4-db49-465b-9160-a35c663658b4
2024-04-29 10:07:34,127 [158faee4-db49-465b-9160-a35c663658b4-impl-thread2] INFO  impl.RoleInfo (RoleInfo.java:shutdownFollowerState(110)) - 158faee4-db49-465b-9160-a35c663658b4: shutdown 158faee4-db49-465b-9160-a35c663658b4@group-19A9548FA913-FollowerState
2024-04-29 10:07:34,126 [158faee4-db49-465b-9160-a35c663658b4-impl-thread1] INFO  impl.RoleInfo (RoleInfo.java:shutdownLeaderState(94)) - 158faee4-db49-465b-9160-a35c663658b4: shutdown 158faee4-db49-465b-9160-a35c663658b4@group-7AF5A4AE1164-LeaderStateImpl
2024-04-29 10:07:34,127 [158faee4-db49-465b-9160-a35c663658b4@group-19A9548FA913-StateMachineUpdater] INFO  ratis.ContainerStateMachine (ContainerStateMachine.java:takeSnapshot(355)) - group-19A9548FA913: Taking a snapshot at:(t:1, i:0) file /home/runner/work/ozone/ozone/hadoop-ozone/integration-test/target/test-dir/MiniOzoneClusterImpl-9e79b078-2218-4abd-b04c-a65fc7f927a6/ozone-meta/datanode-9/ratis/4acc1650-dd09-4707-ae62-19a9548fa913/sm/snapshot.1_0
2024-04-29 10:07:34,127 [158faee4-db49-465b-9160-a35c663658b4@group-19A9548FA913-FollowerState] INFO  impl.FollowerState (FollowerState.java:run(152)) - 158faee4-db49-465b-9160-a35c663658b4@group-19A9548FA913-FollowerState was interrupted
2024-04-29 10:07:34,127 [ForkJoinPool.commonPool-worker-2] INFO  server.GrpcService (GrpcService.java:closeImpl(320)) - 158faee4-db49-465b-9160-a35c663658b4: shutdown server org.apache.ratis.grpc.server.GrpcClientProtocolService successfully
2024-04-29 10:07:34,127 [ForkJoinPool.commonPool-worker-2] INFO  server.GrpcService (GrpcService.java:closeImpl(311)) - 158faee4-db49-465b-9160-a35c663658b4: shutdown server GrpcServerProtocolService now
2024-04-29 10:07:34,127 [158faee4-db49-465b-9160-a35c663658b4-impl-thread1] INFO  impl.PendingRequests (PendingRequests.java:sendNotLeaderResponses(289)) - 158faee4-db49-465b-9160-a35c663658b4@group-7AF5A4AE1164-PendingRequests: sendNotLeaderResponses
2024-04-29 10:07:34,128 [158faee4-db49-465b-9160-a35c663658b4-impl-thread2] INFO  impl.StateMachineUpdater (StateMachineUpdater.java:stopAndJoin(157)) - 158faee4-db49-465b-9160-a35c663658b4@group-19A9548FA913-StateMachineUpdater: set stopIndex = 0
2024-04-29 10:07:34,128 [158faee4-db49-465b-9160-a35c663658b4-impl-thread1] INFO  impl.StateMachineUpdater (StateMachineUpdater.java:stopAndJoin(157)) - 158faee4-db49-465b-9160-a35c663658b4@group-7AF5A4AE1164-StateMachineUpdater: set stopIndex = 0
2024-04-29 10:07:34,128 [158faee4-db49-465b-9160-a35c663658b4@group-19A9548FA913-StateMachineUpdater] INFO  ratis.ContainerStateMachine (ContainerStateMachine.java:takeSnapshot(366)) - group-19A9548FA913: Finished taking a snapshot at:(t:1, i:0) file:/home/runner/work/ozone/ozone/hadoop-ozone/integration-test/target/test-dir/MiniOzoneClusterImpl-9e79b078-2218-4abd-b04c-a65fc7f927a6/ozone-meta/datanode-9/ratis/4acc1650-dd09-4707-ae62-19a9548fa913/sm/snapshot.1_0 took: 1 ms
2024-04-29 10:07:34,128 [158faee4-db49-465b-9160-a35c663658b4@group-7AF5A4AE1164-StateMachineUpdater] INFO  ratis.ContainerStateMachine (ContainerStateMachine.java:takeSnapshot(355)) - group-7AF5A4AE1164: Taking a snapshot at:(t:1, i:0) file /home/runner/work/ozone/ozone/hadoop-ozone/integration-test/target/test-dir/MiniOzoneClusterImpl-9e79b078-2218-4abd-b04c-a65fc7f927a6/ozone-meta/datanode-9/ratis/32a37a04-1808-476b-9a48-7af5a4ae1164/sm/snapshot.1_0
2024-04-29 10:07:34,128 [158faee4-db49-465b-9160-a35c663658b4@group-19A9548FA913-StateMachineUpdater] INFO  impl.StateMachineUpdater (StateMachineUpdater.java:takeSnapshot(295)) - 158faee4-db49-465b-9160-a35c663658b4@group-19A9548FA913-StateMachineUpdater: Took a snapshot at index 0
2024-04-29 10:07:34,128 [158faee4-db49-465b-9160-a35c663658b4@group-19A9548FA913-StateMachineUpdater] INFO  impl.StateMachineUpdater (StateMachineUpdater.java:lambda$new$0(98)) - 158faee4-db49-465b-9160-a35c663658b4@group-19A9548FA913-StateMachineUpdater: snapshotIndex: updateIncreasingly -1 -> 0
2024-04-29 10:07:34,128 [158faee4-db49-465b-9160-a35c663658b4-impl-thread2] INFO  server.RaftServer$Division (ServerState.java:close(427)) - 158faee4-db49-465b-9160-a35c663658b4@group-19A9548FA913: applyIndex: 0
2024-04-29 10:07:34,129 [158faee4-db49-465b-9160-a35c663658b4@group-19A9548FA913-cacheEviction-AwaitToRun] INFO  util.AwaitToRun (AwaitToRun.java:run(49)) - 158faee4-db49-465b-9160-a35c663658b4@group-19A9548FA913-cacheEviction-AwaitToRun-AwaitForSignal is interrupted
2024-04-29 10:07:34,129 [ForkJoinPool.commonPool-worker-2] INFO  server.GrpcService (GrpcService.java:closeImpl(320)) - 158faee4-db49-465b-9160-a35c663658b4: shutdown server GrpcServerProtocolService successfully
2024-04-29 10:07:34,129 [158faee4-db49-465b-9160-a35c663658b4@group-7AF5A4AE1164-StateMachineUpdater] INFO  ratis.ContainerStateMachine (ContainerStateMachine.java:takeSnapshot(366)) - group-7AF5A4AE1164: Finished taking a snapshot at:(t:1, i:0) file:/home/runner/work/ozone/ozone/hadoop-ozone/integration-test/target/test-dir/MiniOzoneClusterImpl-9e79b078-2218-4abd-b04c-a65fc7f927a6/ozone-meta/datanode-9/ratis/32a37a04-1808-476b-9a48-7af5a4ae1164/sm/snapshot.1_0 took: 1 ms
2024-04-29 10:07:34,129 [ForkJoinPool.commonPool-worker-2] INFO  server.GrpcService (GrpcService.java:closeImpl(311)) - 158faee4-db49-465b-9160-a35c663658b4: shutdown server org.apache.ratis.grpc.server.GrpcAdminProtocolService now
2024-04-29 10:07:34,129 [158faee4-db49-465b-9160-a35c663658b4@group-7AF5A4AE1164-StateMachineUpdater] INFO  impl.StateMachineUpdater (StateMachineUpdater.java:takeSnapshot(295)) - 158faee4-db49-465b-9160-a35c663658b4@group-7AF5A4AE1164-StateMachineUpdater: Took a snapshot at index 0
2024-04-29 10:07:34,129 [158faee4-db49-465b-9160-a35c663658b4@group-7AF5A4AE1164-StateMachineUpdater] INFO  impl.StateMachineUpdater (StateMachineUpdater.java:lambda$new$0(98)) - 158faee4-db49-465b-9160-a35c663658b4@group-7AF5A4AE1164-StateMachineUpdater: snapshotIndex: updateIncreasingly -1 -> 0
2024-04-29 10:07:34,129 [158faee4-db49-465b-9160-a35c663658b4-impl-thread1] INFO  server.RaftServer$Division (ServerState.java:close(427)) - 158faee4-db49-465b-9160-a35c663658b4@group-7AF5A4AE1164: applyIndex: 0
2024-04-29 10:07:34,129 [158faee4-db49-465b-9160-a35c663658b4@group-7AF5A4AE1164-cacheEviction-AwaitToRun] INFO  util.AwaitToRun (AwaitToRun.java:run(49)) - 158faee4-db49-465b-9160-a35c663658b4@group-7AF5A4AE1164-cacheEviction-AwaitToRun-AwaitForSignal is interrupted
2024-04-29 10:07:34,131 [ForkJoinPool.commonPool-worker-2] INFO  server.GrpcService (GrpcService.java:closeImpl(320)) - 158faee4-db49-465b-9160-a35c663658b4: shutdown server org.apache.ratis.grpc.server.GrpcAdminProtocolService successfully
2024-04-29 10:07:34,133 [158faee4-db49-465b-9160-a35c663658b4-NettyServerStreamRpc-bossGroup--thread1] INFO  logging.LoggingHandler (AbstractInternalLogger.java:log(148)) - [id: 0x726a6ac5, L:/0.0.0.0:15532] CLOSE
2024-04-29 10:07:34,133 [158faee4-db49-465b-9160-a35c663658b4-NettyServerStreamRpc-bossGroup--thread1] INFO  logging.LoggingHandler (AbstractInternalLogger.java:log(148)) - [id: 0x726a6ac5, L:/0.0.0.0:15532] INACTIVE
2024-04-29 10:07:34,133 [158faee4-db49-465b-9160-a35c663658b4-NettyServerStreamRpc-bossGroup--thread1] INFO  logging.LoggingHandler (AbstractInternalLogger.java:log(148)) - [id: 0x726a6ac5, L:/0.0.0.0:15532] UNREGISTERED
2024-04-29 10:07:34,139 [158faee4-db49-465b-9160-a35c663658b4-impl-thread2] INFO  segmented.SegmentedRaftLogWorker (SegmentedRaftLogWorker.java:close(245)) - 158faee4-db49-465b-9160-a35c663658b4@group-19A9548FA913-SegmentedRaftLogWorker close()
2024-04-29 10:07:34,645 [ForkJoinPool.commonPool-worker-1] INFO  utils.DatanodeStoreCache (DatanodeStoreCache.java:shutdownCache(116)) - Skip clearing cache in mini cluster mode. Entries left: [/home/runner/work/ozone/ozone/hadoop-ozone/integration-test/target/test-dir/MiniOzoneClusterImpl-9e79b078-2218-4abd-b04c-a65fc7f927a6/ozone-meta/datanode-1/data-0/hdds/9e79b078-2218-4abd-b04c-a65fc7f927a6/DS-31b389e1-ac02-42b6-b9d9-31cf6c6e9e9b/container.db, /home/runner/work/ozone/ozone/hadoop-ozone/integration-test/target/test-dir/MiniOzoneClusterImpl-9e79b078-2218-4abd-b04c-a65fc7f927a6/ozone-meta/datanode-4/data-0/hdds/9e79b078-2218-4abd-b04c-a65fc7f927a6/DS-c2b5c243-603b-4d39-8589-1da2a9d8f69f/container.db, /home/runner/work/ozone/ozone/hadoop-ozone/integration-test/target/test-dir/MiniOzoneClusterImpl-9e79b078-2218-4abd-b04c-a65fc7f927a6/ozone-meta/datanode-5/data-0/hdds/9e79b078-2218-4abd-b04c-a65fc7f927a6/DS-bb2feb34-e223-4413-9a34-e5964ffc5faa/container.db, /home/runner/work/ozone/ozone/hadoop-ozone/integration-test/target/test-dir/MiniOzoneClusterImpl-9e79b078-2218-4abd-b04c-a65fc7f927a6/ozone-meta/datanode-6/data-0/hdds/9e79b078-2218-4abd-b04c-a65fc7f927a6/DS-5c06ff99-7281-4c84-8ce8-ef9515db8985/container.db, /home/runner/work/ozone/ozone/hadoop-ozone/integration-test/target/test-dir/MiniOzoneClusterImpl-9e79b078-2218-4abd-b04c-a65fc7f927a6/ozone-meta/datanode-7/data-0/hdds/9e79b078-2218-4abd-b04c-a65fc7f927a6/DS-03942266-31a7-4d9c-bd6f-84a32e8f56fe/container.db, /home/runner/work/ozone/ozone/hadoop-ozone/integration-test/target/test-dir/MiniOzoneClusterImpl-9e79b078-2218-4abd-b04c-a65fc7f927a6/ozone-meta/datanode-9/data-0/hdds/9e79b078-2218-4abd-b04c-a65fc7f927a6/DS-13853fe7-caa3-4730-b931-d312fdda933b/container.db]
2024-04-29 10:07:34,645 [ForkJoinPool.commonPool-worker-1] INFO  utils.DatanodeStoreCache (DatanodeStoreCache.java:removeDB(110)) - Removed db /home/runner/work/ozone/ozone/hadoop-ozone/integration-test/target/test-dir/MiniOzoneClusterImpl-9e79b078-2218-4abd-b04c-a65fc7f927a6/ozone-meta/datanode-1/data-0/hdds/9e79b078-2218-4abd-b04c-a65fc7f927a6/DS-31b389e1-ac02-42b6-b9d9-31cf6c6e9e9b/container.db from cache
2024-04-29 10:07:34,645 [ForkJoinPool.commonPool-worker-1] INFO  volume.HddsVolume (HddsVolume.java:closeDbStore(470)) - SchemaV3 db is stopped at /home/runner/work/ozone/ozone/hadoop-ozone/integration-test/target/test-dir/MiniOzoneClusterImpl-9e79b078-2218-4abd-b04c-a65fc7f927a6/ozone-meta/datanode-1/data-0/hdds/9e79b078-2218-4abd-b04c-a65fc7f927a6/DS-31b389e1-ac02-42b6-b9d9-31cf6c6e9e9b/container.db for volume DS-31b389e1-ac02-42b6-b9d9-31cf6c6e9e9b
2024-04-29 10:07:34,645 [ForkJoinPool.commonPool-worker-1] INFO  utils.BackgroundService (BackgroundService.java:shutdown(160)) - Shutting down service BlockDeletingService
2024-04-29 10:07:34,646 [ForkJoinPool.commonPool-worker-1] INFO  utils.BackgroundService (BackgroundService.java:shutdown(160)) - Shutting down service StaleRecoveringContainerScrubbingService
2024-04-29 10:07:34,646 [ForkJoinPool.commonPool-worker-1] INFO  statemachine.DatanodeStateMachine (DatanodeStateMachine.java:stopDaemon(638)) - Ozone container server stopped.
2024-04-29 10:07:34,646 [ForkJoinPool.commonPool-worker-1] INFO  handler.ContextHandler (ContextHandler.java:doStop(1159)) - Stopped o.e.j.w.WebAppContext@6ae5ead4{hddsDatanode,/,null,STOPPED}{file:/home/runner/work/ozone/ozone/hadoop-hdds/container-service/target/classes/webapps/hddsDatanode}
2024-04-29 10:07:34,647 [ForkJoinPool.commonPool-worker-1] INFO  server.AbstractConnector (AbstractConnector.java:doStop(383)) - Stopped ServerConnector@408d5c64{HTTP/1.1, (http/1.1)}{0.0.0.0:15454}
2024-04-29 10:07:34,647 [ForkJoinPool.commonPool-worker-1] INFO  server.session (HouseKeeper.java:stopScavenging(149)) - node0 Stopped scavenging
2024-04-29 10:07:34,647 [ForkJoinPool.commonPool-worker-1] INFO  handler.ContextHandler (ContextHandler.java:doStop(1159)) - Stopped o.e.j.s.ServletContextHandler@249676e4{static,/static,file:///home/runner/work/ozone/ozone/hadoop-hdds/container-service/target/classes/webapps/static,STOPPED}
2024-04-29 10:07:34,647 [ForkJoinPool.commonPool-worker-1] INFO  handler.ContextHandler (ContextHandler.java:doStop(1159)) - Stopped o.e.j.s.ServletContextHandler@7d72b1fc{logs,/logs,file:///home/runner/work/ozone/ozone/hadoop-ozone/integration-test/target/log,STOPPED}
2024-04-29 10:07:34,647 [ForkJoinPool.commonPool-worker-1] INFO  ozone.HddsDatanodeClientProtocolServer (HddsDatanodeClientProtocolServer.java:stop(83)) - Stopping the RPC server for Client Protocol
2024-04-29 10:07:34,647 [ForkJoinPool.commonPool-worker-1] INFO  ipc.Server (Server.java:stop(3523)) - Stopping server on 15455
2024-04-29 10:07:34,647 [IPC Server listener on 15455] INFO  ipc.Server (Server.java:run(1434)) - Stopping IPC Server listener on 15455
2024-04-29 10:07:34,647 [IPC Server Responder] INFO  ipc.Server (Server.java:run(1567)) - Stopping IPC Server Responder
2024-04-29 10:07:34,649 [ForkJoinPool.commonPool-worker-1] INFO  ozoneimpl.OzoneContainer (OzoneContainer.java:stop(481)) - Attempting to stop container services.
2024-04-29 10:07:34,649 [ContainerMetadataScanner] WARN  ozoneimpl.AbstractBackgroundContainerScanner (AbstractBackgroundContainerScanner.java:handleRemainingSleep(134)) - Background container scan was interrupted.
2024-04-29 10:07:34,649 [ContainerMetadataScanner] INFO  ozoneimpl.AbstractBackgroundContainerScanner (AbstractBackgroundContainerScanner.java:run(61)) - Thread[ContainerMetadataScanner,5,main] exiting.
2024-04-29 10:07:34,649 [ForkJoinPool.commonPool-worker-1] INFO  ozoneimpl.BackgroundContainerDataScanner (BackgroundContainerDataScanner.java:shutdown(141)) - ContainerDataScanner(/home/runner/work/ozone/ozone/hadoop-ozone/integration-test/target/test-dir/MiniOzoneClusterImpl-9e79b078-2218-4abd-b04c-a65fc7f927a6/ozone-meta/datanode-7/data-0/hdds) is shutting down. 
2024-04-29 10:07:34,649 [ContainerDataScanner(/home/runner/work/ozone/ozone/hadoop-ozone/integration-test/target/test-dir/MiniOzoneClusterImpl-9e79b078-2218-4abd-b04c-a65fc7f927a6/ozone-meta/datanode-7/data-0/hdds)] WARN  ozoneimpl.AbstractBackgroundContainerScanner (AbstractBackgroundContainerScanner.java:handleRemainingSleep(134)) - Background container scan was interrupted.
2024-04-29 10:07:34,649 [ContainerDataScanner(/home/runner/work/ozone/ozone/hadoop-ozone/integration-test/target/test-dir/MiniOzoneClusterImpl-9e79b078-2218-4abd-b04c-a65fc7f927a6/ozone-meta/datanode-7/data-0/hdds)] INFO  ozoneimpl.AbstractBackgroundContainerScanner (AbstractBackgroundContainerScanner.java:run(61)) - ContainerDataScanner(/home/runner/work/ozone/ozone/hadoop-ozone/integration-test/target/test-dir/MiniOzoneClusterImpl-9e79b078-2218-4abd-b04c-a65fc7f927a6/ozone-meta/datanode-7/data-0/hdds, DS-03942266-31a7-4d9c-bd6f-84a32e8f56fe) exiting.
2024-04-29 10:07:34,649 [ForkJoinPool.commonPool-worker-1] INFO  server.RaftServer (RaftServerProxy.java:lambda$close$9(416)) - 6d3d555f-4cf8-4e54-a907-fcd788b1b69a: close
2024-04-29 10:07:34,650 [6d3d555f-4cf8-4e54-a907-fcd788b1b69a-impl-thread1] INFO  server.RaftServer$Division (RaftServerImpl.java:lambda$close$3(526)) - 6d3d555f-4cf8-4e54-a907-fcd788b1b69a@group-19A9548FA913: shutdown
2024-04-29 10:07:34,650 [6d3d555f-4cf8-4e54-a907-fcd788b1b69a-impl-thread1] INFO  util.JmxRegister (JmxRegister.java:unregister(73)) - Successfully un-registered JMX Bean with object name Ratis:service=RaftServer,group=group-19A9548FA913,id=6d3d555f-4cf8-4e54-a907-fcd788b1b69a
2024-04-29 10:07:34,650 [6d3d555f-4cf8-4e54-a907-fcd788b1b69a-impl-thread1] INFO  impl.RoleInfo (RoleInfo.java:shutdownFollowerState(110)) - 6d3d555f-4cf8-4e54-a907-fcd788b1b69a: shutdown 6d3d555f-4cf8-4e54-a907-fcd788b1b69a@group-19A9548FA913-FollowerState
2024-04-29 10:07:34,650 [6d3d555f-4cf8-4e54-a907-fcd788b1b69a-impl-thread1] INFO  impl.StateMachineUpdater (StateMachineUpdater.java:stopAndJoin(157)) - 6d3d555f-4cf8-4e54-a907-fcd788b1b69a@group-19A9548FA913-StateMachineUpdater: set stopIndex = 0
2024-04-29 10:07:34,650 [6d3d555f-4cf8-4e54-a907-fcd788b1b69a@group-19A9548FA913-FollowerState] INFO  impl.FollowerState (FollowerState.java:run(152)) - 6d3d555f-4cf8-4e54-a907-fcd788b1b69a@group-19A9548FA913-FollowerState was interrupted
2024-04-29 10:07:34,650 [ForkJoinPool.commonPool-worker-1] INFO  server.GrpcService (GrpcService.java:closeImpl(311)) - 6d3d555f-4cf8-4e54-a907-fcd788b1b69a: shutdown server org.apache.ratis.grpc.server.GrpcClientProtocolService now
2024-04-29 10:07:34,650 [6d3d555f-4cf8-4e54-a907-fcd788b1b69a@group-19A9548FA913-StateMachineUpdater] INFO  ratis.ContainerStateMachine (ContainerStateMachine.java:takeSnapshot(355)) - group-19A9548FA913: Taking a snapshot at:(t:1, i:0) file /home/runner/work/ozone/ozone/hadoop-ozone/integration-test/target/test-dir/MiniOzoneClusterImpl-9e79b078-2218-4abd-b04c-a65fc7f927a6/ozone-meta/datanode-7/ratis/4acc1650-dd09-4707-ae62-19a9548fa913/sm/snapshot.1_0
2024-04-29 10:07:34,650 [6d3d555f-4cf8-4e54-a907-fcd788b1b69a-impl-thread2] INFO  server.RaftServer$Division (RaftServerImpl.java:lambda$close$3(526)) - 6d3d555f-4cf8-4e54-a907-fcd788b1b69a@group-DE7044D61293: shutdown
2024-04-29 10:07:34,650 [6d3d555f-4cf8-4e54-a907-fcd788b1b69a-impl-thread2] INFO  util.JmxRegister (JmxRegister.java:unregister(73)) - Successfully un-registered JMX Bean with object name Ratis:service=RaftServer,group=group-DE7044D61293,id=6d3d555f-4cf8-4e54-a907-fcd788b1b69a
2024-04-29 10:07:34,650 [6d3d555f-4cf8-4e54-a907-fcd788b1b69a-impl-thread2] INFO  impl.RoleInfo (RoleInfo.java:shutdownLeaderState(94)) - 6d3d555f-4cf8-4e54-a907-fcd788b1b69a: shutdown 6d3d555f-4cf8-4e54-a907-fcd788b1b69a@group-DE7044D61293-LeaderStateImpl
2024-04-29 10:07:34,650 [Thread-7421] INFO  server.GrpcServerProtocolClient (GrpcServerProtocolClient.java:close(103)) - 158faee4-db49-465b-9160-a35c663658b4 Close channels
2024-04-29 10:07:34,651 [Thread-7422] INFO  server.GrpcServerProtocolClient (GrpcServerProtocolClient.java:close(103)) - d40c8439-b047-4b38-90b1-52a68d7d9fe2 Close channels
2024-04-29 10:07:34,651 [6d3d555f-4cf8-4e54-a907-fcd788b1b69a-impl-thread2] INFO  impl.PendingRequests (PendingRequests.java:sendNotLeaderResponses(289)) - 6d3d555f-4cf8-4e54-a907-fcd788b1b69a@group-DE7044D61293-PendingRequests: sendNotLeaderResponses
2024-04-29 10:07:34,651 [ForkJoinPool.commonPool-worker-1] INFO  server.GrpcService (GrpcService.java:closeImpl(320)) - 6d3d555f-4cf8-4e54-a907-fcd788b1b69a: shutdown server org.apache.ratis.grpc.server.GrpcClientProtocolService successfully
2024-04-29 10:07:34,651 [ForkJoinPool.commonPool-worker-1] INFO  server.GrpcService (GrpcService.java:closeImpl(311)) - 6d3d555f-4cf8-4e54-a907-fcd788b1b69a: shutdown server GrpcServerProtocolService now
2024-04-29 10:07:34,651 [6d3d555f-4cf8-4e54-a907-fcd788b1b69a@group-19A9548FA913-StateMachineUpdater] INFO  ratis.ContainerStateMachine (ContainerStateMachine.java:takeSnapshot(366)) - group-19A9548FA913: Finished taking a snapshot at:(t:1, i:0) file:/home/runner/work/ozone/ozone/hadoop-ozone/integration-test/target/test-dir/MiniOzoneClusterImpl-9e79b078-2218-4abd-b04c-a65fc7f927a6/ozone-meta/datanode-7/ratis/4acc1650-dd09-4707-ae62-19a9548fa913/sm/snapshot.1_0 took: 1 ms
2024-04-29 10:07:34,651 [6d3d555f-4cf8-4e54-a907-fcd788b1b69a@group-19A9548FA913-StateMachineUpdater] INFO  impl.StateMachineUpdater (StateMachineUpdater.java:takeSnapshot(295)) - 6d3d555f-4cf8-4e54-a907-fcd788b1b69a@group-19A9548FA913-StateMachineUpdater: Took a snapshot at index 0
2024-04-29 10:07:34,651 [6d3d555f-4cf8-4e54-a907-fcd788b1b69a@group-19A9548FA913-StateMachineUpdater] INFO  impl.StateMachineUpdater (StateMachineUpdater.java:lambda$new$0(98)) - 6d3d555f-4cf8-4e54-a907-fcd788b1b69a@group-19A9548FA913-StateMachineUpdater: snapshotIndex: updateIncreasingly -1 -> 0
2024-04-29 10:07:34,651 [6d3d555f-4cf8-4e54-a907-fcd788b1b69a-impl-thread1] INFO  server.RaftServer$Division (ServerState.java:close(427)) - 6d3d555f-4cf8-4e54-a907-fcd788b1b69a@group-19A9548FA913: applyIndex: 0
2024-04-29 10:07:34,651 [6d3d555f-4cf8-4e54-a907-fcd788b1b69a-impl-thread2] INFO  impl.StateMachineUpdater (StateMachineUpdater.java:stopAndJoin(157)) - 6d3d555f-4cf8-4e54-a907-fcd788b1b69a@group-DE7044D61293-StateMachineUpdater: set stopIndex = 0
2024-04-29 10:07:34,652 [6d3d555f-4cf8-4e54-a907-fcd788b1b69a@group-DE7044D61293-StateMachineUpdater] INFO  ratis.ContainerStateMachine (ContainerStateMachine.java:takeSnapshot(355)) - group-DE7044D61293: Taking a snapshot at:(t:1, i:0) file /home/runner/work/ozone/ozone/hadoop-ozone/integration-test/target/test-dir/MiniOzoneClusterImpl-9e79b078-2218-4abd-b04c-a65fc7f927a6/ozone-meta/datanode-7/ratis/bd4322aa-90e3-4d72-8db0-de7044d61293/sm/snapshot.1_0
2024-04-29 10:07:34,652 [ForkJoinPool.commonPool-worker-1] INFO  server.GrpcService (GrpcService.java:closeImpl(320)) - 6d3d555f-4cf8-4e54-a907-fcd788b1b69a: shutdown server GrpcServerProtocolService successfully
2024-04-29 10:07:34,652 [ForkJoinPool.commonPool-worker-1] INFO  server.GrpcService (GrpcService.java:closeImpl(311)) - 6d3d555f-4cf8-4e54-a907-fcd788b1b69a: shutdown server org.apache.ratis.grpc.server.GrpcAdminProtocolService now
2024-04-29 10:07:34,652 [6d3d555f-4cf8-4e54-a907-fcd788b1b69a@group-DE7044D61293-StateMachineUpdater] INFO  ratis.ContainerStateMachine (ContainerStateMachine.java:takeSnapshot(366)) - group-DE7044D61293: Finished taking a snapshot at:(t:1, i:0) file:/home/runner/work/ozone/ozone/hadoop-ozone/integration-test/target/test-dir/MiniOzoneClusterImpl-9e79b078-2218-4abd-b04c-a65fc7f927a6/ozone-meta/datanode-7/ratis/bd4322aa-90e3-4d72-8db0-de7044d61293/sm/snapshot.1_0 took: 0 ms
2024-04-29 10:07:34,652 [6d3d555f-4cf8-4e54-a907-fcd788b1b69a@group-DE7044D61293-StateMachineUpdater] INFO  impl.StateMachineUpdater (StateMachineUpdater.java:takeSnapshot(295)) - 6d3d555f-4cf8-4e54-a907-fcd788b1b69a@group-DE7044D61293-StateMachineUpdater: Took a snapshot at index 0
2024-04-29 10:07:34,652 [6d3d555f-4cf8-4e54-a907-fcd788b1b69a@group-DE7044D61293-StateMachineUpdater] INFO  impl.StateMachineUpdater (StateMachineUpdater.java:lambda$new$0(98)) - 6d3d555f-4cf8-4e54-a907-fcd788b1b69a@group-DE7044D61293-StateMachineUpdater: snapshotIndex: updateIncreasingly -1 -> 0
2024-04-29 10:07:34,652 [6d3d555f-4cf8-4e54-a907-fcd788b1b69a-impl-thread2] INFO  server.RaftServer$Division (ServerState.java:close(427)) - 6d3d555f-4cf8-4e54-a907-fcd788b1b69a@group-DE7044D61293: applyIndex: 0
2024-04-29 10:07:34,652 [6d3d555f-4cf8-4e54-a907-fcd788b1b69a@group-DE7044D61293-cacheEviction-AwaitToRun] INFO  util.AwaitToRun (AwaitToRun.java:run(49)) - 6d3d555f-4cf8-4e54-a907-fcd788b1b69a@group-DE7044D61293-cacheEviction-AwaitToRun-AwaitForSignal is interrupted
2024-04-29 10:07:34,652 [ForkJoinPool.commonPool-worker-1] INFO  server.GrpcService (GrpcService.java:closeImpl(320)) - 6d3d555f-4cf8-4e54-a907-fcd788b1b69a: shutdown server org.apache.ratis.grpc.server.GrpcAdminProtocolService successfully
2024-04-29 10:07:34,654 [6d3d555f-4cf8-4e54-a907-fcd788b1b69a@group-19A9548FA913-cacheEviction-AwaitToRun] INFO  util.AwaitToRun (AwaitToRun.java:run(49)) - 6d3d555f-4cf8-4e54-a907-fcd788b1b69a@group-19A9548FA913-cacheEviction-AwaitToRun-AwaitForSignal is interrupted
2024-04-29 10:07:34,656 [6d3d555f-4cf8-4e54-a907-fcd788b1b69a-NettyServerStreamRpc-bossGroup--thread1] INFO  logging.LoggingHandler (AbstractInternalLogger.java:log(148)) - [id: 0xbcb4221e, L:/0.0.0.0:15514] CLOSE
2024-04-29 10:07:34,656 [6d3d555f-4cf8-4e54-a907-fcd788b1b69a-NettyServerStreamRpc-bossGroup--thread1] INFO  logging.LoggingHandler (AbstractInternalLogger.java:log(148)) - [id: 0xbcb4221e, L:/0.0.0.0:15514] INACTIVE
2024-04-29 10:07:34,656 [6d3d555f-4cf8-4e54-a907-fcd788b1b69a-NettyServerStreamRpc-bossGroup--thread1] INFO  logging.LoggingHandler (AbstractInternalLogger.java:log(148)) - [id: 0xbcb4221e, L:/0.0.0.0:15514] UNREGISTERED
2024-04-29 10:07:34,851 [main] INFO  utils.DatanodeStoreCache (DatanodeStoreCache.java:shutdownCache(116)) - Skip clearing cache in mini cluster mode. Entries left: [/home/runner/work/ozone/ozone/hadoop-ozone/integration-test/target/test-dir/MiniOzoneClusterImpl-9e79b078-2218-4abd-b04c-a65fc7f927a6/ozone-meta/datanode-4/data-0/hdds/9e79b078-2218-4abd-b04c-a65fc7f927a6/DS-c2b5c243-603b-4d39-8589-1da2a9d8f69f/container.db, /home/runner/work/ozone/ozone/hadoop-ozone/integration-test/target/test-dir/MiniOzoneClusterImpl-9e79b078-2218-4abd-b04c-a65fc7f927a6/ozone-meta/datanode-5/data-0/hdds/9e79b078-2218-4abd-b04c-a65fc7f927a6/DS-bb2feb34-e223-4413-9a34-e5964ffc5faa/container.db, /home/runner/work/ozone/ozone/hadoop-ozone/integration-test/target/test-dir/MiniOzoneClusterImpl-9e79b078-2218-4abd-b04c-a65fc7f927a6/ozone-meta/datanode-6/data-0/hdds/9e79b078-2218-4abd-b04c-a65fc7f927a6/DS-5c06ff99-7281-4c84-8ce8-ef9515db8985/container.db, /home/runner/work/ozone/ozone/hadoop-ozone/integration-test/target/test-dir/MiniOzoneClusterImpl-9e79b078-2218-4abd-b04c-a65fc7f927a6/ozone-meta/datanode-7/data-0/hdds/9e79b078-2218-4abd-b04c-a65fc7f927a6/DS-03942266-31a7-4d9c-bd6f-84a32e8f56fe/container.db, /home/runner/work/ozone/ozone/hadoop-ozone/integration-test/target/test-dir/MiniOzoneClusterImpl-9e79b078-2218-4abd-b04c-a65fc7f927a6/ozone-meta/datanode-9/data-0/hdds/9e79b078-2218-4abd-b04c-a65fc7f927a6/DS-13853fe7-caa3-4730-b931-d312fdda933b/container.db]
2024-04-29 10:07:34,852 [main] INFO  utils.DatanodeStoreCache (DatanodeStoreCache.java:removeDB(110)) - Removed db /home/runner/work/ozone/ozone/hadoop-ozone/integration-test/target/test-dir/MiniOzoneClusterImpl-9e79b078-2218-4abd-b04c-a65fc7f927a6/ozone-meta/datanode-6/data-0/hdds/9e79b078-2218-4abd-b04c-a65fc7f927a6/DS-5c06ff99-7281-4c84-8ce8-ef9515db8985/container.db from cache
2024-04-29 10:07:34,852 [main] INFO  volume.HddsVolume (HddsVolume.java:closeDbStore(470)) - SchemaV3 db is stopped at /home/runner/work/ozone/ozone/hadoop-ozone/integration-test/target/test-dir/MiniOzoneClusterImpl-9e79b078-2218-4abd-b04c-a65fc7f927a6/ozone-meta/datanode-6/data-0/hdds/9e79b078-2218-4abd-b04c-a65fc7f927a6/DS-5c06ff99-7281-4c84-8ce8-ef9515db8985/container.db for volume DS-5c06ff99-7281-4c84-8ce8-ef9515db8985
2024-04-29 10:07:34,852 [main] INFO  utils.BackgroundService (BackgroundService.java:shutdown(160)) - Shutting down service BlockDeletingService
2024-04-29 10:07:34,852 [main] INFO  utils.BackgroundService (BackgroundService.java:shutdown(160)) - Shutting down service StaleRecoveringContainerScrubbingService
2024-04-29 10:07:34,853 [main] INFO  statemachine.DatanodeStateMachine (DatanodeStateMachine.java:stopDaemon(638)) - Ozone container server stopped.
2024-04-29 10:07:34,853 [main] INFO  handler.ContextHandler (ContextHandler.java:doStop(1159)) - Stopped o.e.j.w.WebAppContext@5938638f{hddsDatanode,/,null,STOPPED}{file:/home/runner/work/ozone/ozone/hadoop-hdds/container-service/target/classes/webapps/hddsDatanode}
2024-04-29 10:07:34,853 [main] INFO  server.AbstractConnector (AbstractConnector.java:doStop(383)) - Stopped ServerConnector@4cf9fa3d{HTTP/1.1, (http/1.1)}{0.0.0.0:15499}
2024-04-29 10:07:34,853 [main] INFO  server.session (HouseKeeper.java:stopScavenging(149)) - node0 Stopped scavenging
2024-04-29 10:07:34,853 [main] INFO  handler.ContextHandler (ContextHandler.java:doStop(1159)) - Stopped o.e.j.s.ServletContextHandler@4469a74d{static,/static,file:///home/runner/work/ozone/ozone/hadoop-hdds/container-service/target/classes/webapps/static,STOPPED}
2024-04-29 10:07:34,854 [main] INFO  handler.ContextHandler (ContextHandler.java:doStop(1159)) - Stopped o.e.j.s.ServletContextHandler@63157033{logs,/logs,file:///home/runner/work/ozone/ozone/hadoop-ozone/integration-test/target/log,STOPPED}
2024-04-29 10:07:34,854 [main] INFO  ozone.HddsDatanodeClientProtocolServer (HddsDatanodeClientProtocolServer.java:stop(83)) - Stopping the RPC server for Client Protocol
2024-04-29 10:07:34,854 [main] INFO  ipc.Server (Server.java:stop(3523)) - Stopping server on 15500
2024-04-29 10:07:34,854 [IPC Server listener on 15500] INFO  ipc.Server (Server.java:run(1434)) - Stopping IPC Server listener on 15500
2024-04-29 10:07:34,854 [IPC Server Responder] INFO  ipc.Server (Server.java:run(1567)) - Stopping IPC Server Responder
2024-04-29 10:07:34,866 [ForkJoinPool.commonPool-worker-4] INFO  utils.DatanodeStoreCache (DatanodeStoreCache.java:shutdownCache(116)) - Skip clearing cache in mini cluster mode. Entries left: [/home/runner/work/ozone/ozone/hadoop-ozone/integration-test/target/test-dir/MiniOzoneClusterImpl-9e79b078-2218-4abd-b04c-a65fc7f927a6/ozone-meta/datanode-4/data-0/hdds/9e79b078-2218-4abd-b04c-a65fc7f927a6/DS-c2b5c243-603b-4d39-8589-1da2a9d8f69f/container.db, /home/runner/work/ozone/ozone/hadoop-ozone/integration-test/target/test-dir/MiniOzoneClusterImpl-9e79b078-2218-4abd-b04c-a65fc7f927a6/ozone-meta/datanode-5/data-0/hdds/9e79b078-2218-4abd-b04c-a65fc7f927a6/DS-bb2feb34-e223-4413-9a34-e5964ffc5faa/container.db, /home/runner/work/ozone/ozone/hadoop-ozone/integration-test/target/test-dir/MiniOzoneClusterImpl-9e79b078-2218-4abd-b04c-a65fc7f927a6/ozone-meta/datanode-7/data-0/hdds/9e79b078-2218-4abd-b04c-a65fc7f927a6/DS-03942266-31a7-4d9c-bd6f-84a32e8f56fe/container.db, /home/runner/work/ozone/ozone/hadoop-ozone/integration-test/target/test-dir/MiniOzoneClusterImpl-9e79b078-2218-4abd-b04c-a65fc7f927a6/ozone-meta/datanode-9/data-0/hdds/9e79b078-2218-4abd-b04c-a65fc7f927a6/DS-13853fe7-caa3-4730-b931-d312fdda933b/container.db]
2024-04-29 10:07:34,866 [ForkJoinPool.commonPool-worker-4] INFO  utils.DatanodeStoreCache (DatanodeStoreCache.java:removeDB(110)) - Removed db /home/runner/work/ozone/ozone/hadoop-ozone/integration-test/target/test-dir/MiniOzoneClusterImpl-9e79b078-2218-4abd-b04c-a65fc7f927a6/ozone-meta/datanode-4/data-0/hdds/9e79b078-2218-4abd-b04c-a65fc7f927a6/DS-c2b5c243-603b-4d39-8589-1da2a9d8f69f/container.db from cache
2024-04-29 10:07:34,866 [ForkJoinPool.commonPool-worker-4] INFO  volume.HddsVolume (HddsVolume.java:closeDbStore(470)) - SchemaV3 db is stopped at /home/runner/work/ozone/ozone/hadoop-ozone/integration-test/target/test-dir/MiniOzoneClusterImpl-9e79b078-2218-4abd-b04c-a65fc7f927a6/ozone-meta/datanode-4/data-0/hdds/9e79b078-2218-4abd-b04c-a65fc7f927a6/DS-c2b5c243-603b-4d39-8589-1da2a9d8f69f/container.db for volume DS-c2b5c243-603b-4d39-8589-1da2a9d8f69f
2024-04-29 10:07:34,866 [ForkJoinPool.commonPool-worker-4] INFO  utils.BackgroundService (BackgroundService.java:shutdown(160)) - Shutting down service BlockDeletingService
2024-04-29 10:07:34,867 [ForkJoinPool.commonPool-worker-4] INFO  utils.BackgroundService (BackgroundService.java:shutdown(160)) - Shutting down service StaleRecoveringContainerScrubbingService
2024-04-29 10:07:34,867 [ForkJoinPool.commonPool-worker-4] INFO  statemachine.DatanodeStateMachine (DatanodeStateMachine.java:stopDaemon(638)) - Ozone container server stopped.
2024-04-29 10:07:34,867 [ForkJoinPool.commonPool-worker-4] INFO  handler.ContextHandler (ContextHandler.java:doStop(1159)) - Stopped o.e.j.w.WebAppContext@52760b04{hddsDatanode,/,null,STOPPED}{file:/home/runner/work/ozone/ozone/hadoop-hdds/container-service/target/classes/webapps/hddsDatanode}
2024-04-29 10:07:34,868 [ForkJoinPool.commonPool-worker-4] INFO  server.AbstractConnector (AbstractConnector.java:doStop(383)) - Stopped ServerConnector@113b0382{HTTP/1.1, (http/1.1)}{0.0.0.0:15481}
2024-04-29 10:07:34,868 [ForkJoinPool.commonPool-worker-4] INFO  server.session (HouseKeeper.java:stopScavenging(149)) - node0 Stopped scavenging
2024-04-29 10:07:34,868 [ForkJoinPool.commonPool-worker-4] INFO  handler.ContextHandler (ContextHandler.java:doStop(1159)) - Stopped o.e.j.s.ServletContextHandler@e8ebd3c{static,/static,file:///home/runner/work/ozone/ozone/hadoop-hdds/container-service/target/classes/webapps/static,STOPPED}
2024-04-29 10:07:34,868 [ForkJoinPool.commonPool-worker-4] INFO  handler.ContextHandler (ContextHandler.java:doStop(1159)) - Stopped o.e.j.s.ServletContextHandler@72ef3f9b{logs,/logs,file:///home/runner/work/ozone/ozone/hadoop-ozone/integration-test/target/log,STOPPED}
2024-04-29 10:07:34,868 [ForkJoinPool.commonPool-worker-4] INFO  ozone.HddsDatanodeClientProtocolServer (HddsDatanodeClientProtocolServer.java:stop(83)) - Stopping the RPC server for Client Protocol
2024-04-29 10:07:34,868 [ForkJoinPool.commonPool-worker-4] INFO  ipc.Server (Server.java:stop(3523)) - Stopping server on 15482
2024-04-29 10:07:34,869 [IPC Server listener on 15482] INFO  ipc.Server (Server.java:run(1434)) - Stopping IPC Server listener on 15482
2024-04-29 10:07:34,869 [IPC Server Responder] INFO  ipc.Server (Server.java:run(1567)) - Stopping IPC Server Responder
2024-04-29 10:07:34,881 [ForkJoinPool.commonPool-worker-3] INFO  utils.DatanodeStoreCache (DatanodeStoreCache.java:shutdownCache(116)) - Skip clearing cache in mini cluster mode. Entries left: [/home/runner/work/ozone/ozone/hadoop-ozone/integration-test/target/test-dir/MiniOzoneClusterImpl-9e79b078-2218-4abd-b04c-a65fc7f927a6/ozone-meta/datanode-5/data-0/hdds/9e79b078-2218-4abd-b04c-a65fc7f927a6/DS-bb2feb34-e223-4413-9a34-e5964ffc5faa/container.db, /home/runner/work/ozone/ozone/hadoop-ozone/integration-test/target/test-dir/MiniOzoneClusterImpl-9e79b078-2218-4abd-b04c-a65fc7f927a6/ozone-meta/datanode-7/data-0/hdds/9e79b078-2218-4abd-b04c-a65fc7f927a6/DS-03942266-31a7-4d9c-bd6f-84a32e8f56fe/container.db, /home/runner/work/ozone/ozone/hadoop-ozone/integration-test/target/test-dir/MiniOzoneClusterImpl-9e79b078-2218-4abd-b04c-a65fc7f927a6/ozone-meta/datanode-9/data-0/hdds/9e79b078-2218-4abd-b04c-a65fc7f927a6/DS-13853fe7-caa3-4730-b931-d312fdda933b/container.db]
2024-04-29 10:07:34,881 [ForkJoinPool.commonPool-worker-3] INFO  utils.DatanodeStoreCache (DatanodeStoreCache.java:removeDB(110)) - Removed db /home/runner/work/ozone/ozone/hadoop-ozone/integration-test/target/test-dir/MiniOzoneClusterImpl-9e79b078-2218-4abd-b04c-a65fc7f927a6/ozone-meta/datanode-5/data-0/hdds/9e79b078-2218-4abd-b04c-a65fc7f927a6/DS-bb2feb34-e223-4413-9a34-e5964ffc5faa/container.db from cache
2024-04-29 10:07:34,881 [ForkJoinPool.commonPool-worker-3] INFO  volume.HddsVolume (HddsVolume.java:closeDbStore(470)) - SchemaV3 db is stopped at /home/runner/work/ozone/ozone/hadoop-ozone/integration-test/target/test-dir/MiniOzoneClusterImpl-9e79b078-2218-4abd-b04c-a65fc7f927a6/ozone-meta/datanode-5/data-0/hdds/9e79b078-2218-4abd-b04c-a65fc7f927a6/DS-bb2feb34-e223-4413-9a34-e5964ffc5faa/container.db for volume DS-bb2feb34-e223-4413-9a34-e5964ffc5faa
2024-04-29 10:07:34,882 [ForkJoinPool.commonPool-worker-3] INFO  utils.BackgroundService (BackgroundService.java:shutdown(160)) - Shutting down service BlockDeletingService
2024-04-29 10:07:34,882 [ForkJoinPool.commonPool-worker-3] INFO  utils.BackgroundService (BackgroundService.java:shutdown(160)) - Shutting down service StaleRecoveringContainerScrubbingService
2024-04-29 10:07:34,882 [ForkJoinPool.commonPool-worker-3] INFO  statemachine.DatanodeStateMachine (DatanodeStateMachine.java:stopDaemon(638)) - Ozone container server stopped.
2024-04-29 10:07:34,882 [ForkJoinPool.commonPool-worker-3] INFO  handler.ContextHandler (ContextHandler.java:doStop(1159)) - Stopped o.e.j.w.WebAppContext@366558a2{hddsDatanode,/,null,STOPPED}{file:/home/runner/work/ozone/ozone/hadoop-hdds/container-service/target/classes/webapps/hddsDatanode}
2024-04-29 10:07:34,883 [ForkJoinPool.commonPool-worker-3] INFO  server.AbstractConnector (AbstractConnector.java:doStop(383)) - Stopped ServerConnector@6796ec2b{HTTP/1.1, (http/1.1)}{0.0.0.0:15490}
2024-04-29 10:07:34,883 [ForkJoinPool.commonPool-worker-3] INFO  server.session (HouseKeeper.java:stopScavenging(149)) - node0 Stopped scavenging
2024-04-29 10:07:34,883 [ForkJoinPool.commonPool-worker-3] INFO  handler.ContextHandler (ContextHandler.java:doStop(1159)) - Stopped o.e.j.s.ServletContextHandler@7751cdf5{static,/static,file:///home/runner/work/ozone/ozone/hadoop-hdds/container-service/target/classes/webapps/static,STOPPED}
2024-04-29 10:07:34,883 [ForkJoinPool.commonPool-worker-3] INFO  handler.ContextHandler (ContextHandler.java:doStop(1159)) - Stopped o.e.j.s.ServletContextHandler@8ab9629{logs,/logs,file:///home/runner/work/ozone/ozone/hadoop-ozone/integration-test/target/log,STOPPED}
2024-04-29 10:07:34,884 [ForkJoinPool.commonPool-worker-3] INFO  ozone.HddsDatanodeClientProtocolServer (HddsDatanodeClientProtocolServer.java:stop(83)) - Stopping the RPC server for Client Protocol
2024-04-29 10:07:34,884 [ForkJoinPool.commonPool-worker-3] INFO  ipc.Server (Server.java:stop(3523)) - Stopping server on 15491
2024-04-29 10:07:34,884 [IPC Server Responder] INFO  ipc.Server (Server.java:run(1567)) - Stopping IPC Server Responder
2024-04-29 10:07:34,884 [IPC Server listener on 15491] INFO  ipc.Server (Server.java:run(1434)) - Stopping IPC Server listener on 15491
2024-04-29 10:07:35,004 [158faee4-db49-465b-9160-a35c663658b4-impl-thread1] INFO  segmented.SegmentedRaftLogWorker (SegmentedRaftLogWorker.java:close(245)) - 158faee4-db49-465b-9160-a35c663658b4@group-7AF5A4AE1164-SegmentedRaftLogWorker close()
2024-04-29 10:07:35,004 [JvmPauseMonitor65] INFO  util.JvmPauseMonitor (JvmPauseMonitor.java:run(152)) - JvmPauseMonitor-158faee4-db49-465b-9160-a35c663658b4: Stopped
2024-04-29 10:07:35,034 [6d3d555f-4cf8-4e54-a907-fcd788b1b69a-impl-thread2] INFO  segmented.SegmentedRaftLogWorker (SegmentedRaftLogWorker.java:close(245)) - 6d3d555f-4cf8-4e54-a907-fcd788b1b69a@group-DE7044D61293-SegmentedRaftLogWorker close()
2024-04-29 10:07:35,141 [6d3d555f-4cf8-4e54-a907-fcd788b1b69a-impl-thread1] INFO  segmented.SegmentedRaftLogWorker (SegmentedRaftLogWorker.java:close(245)) - 6d3d555f-4cf8-4e54-a907-fcd788b1b69a@group-19A9548FA913-SegmentedRaftLogWorker close()
2024-04-29 10:07:35,142 [JvmPauseMonitor63] INFO  util.JvmPauseMonitor (JvmPauseMonitor.java:run(152)) - JvmPauseMonitor-6d3d555f-4cf8-4e54-a907-fcd788b1b69a: Stopped
2024-04-29 10:07:37,007 [ForkJoinPool.commonPool-worker-2] INFO  utils.DatanodeStoreCache (DatanodeStoreCache.java:shutdownCache(116)) - Skip clearing cache in mini cluster mode. Entries left: [/home/runner/work/ozone/ozone/hadoop-ozone/integration-test/target/test-dir/MiniOzoneClusterImpl-9e79b078-2218-4abd-b04c-a65fc7f927a6/ozone-meta/datanode-7/data-0/hdds/9e79b078-2218-4abd-b04c-a65fc7f927a6/DS-03942266-31a7-4d9c-bd6f-84a32e8f56fe/container.db, /home/runner/work/ozone/ozone/hadoop-ozone/integration-test/target/test-dir/MiniOzoneClusterImpl-9e79b078-2218-4abd-b04c-a65fc7f927a6/ozone-meta/datanode-9/data-0/hdds/9e79b078-2218-4abd-b04c-a65fc7f927a6/DS-13853fe7-caa3-4730-b931-d312fdda933b/container.db]
2024-04-29 10:07:37,008 [ForkJoinPool.commonPool-worker-2] INFO  utils.DatanodeStoreCache (DatanodeStoreCache.java:removeDB(110)) - Removed db /home/runner/work/ozone/ozone/hadoop-ozone/integration-test/target/test-dir/MiniOzoneClusterImpl-9e79b078-2218-4abd-b04c-a65fc7f927a6/ozone-meta/datanode-9/data-0/hdds/9e79b078-2218-4abd-b04c-a65fc7f927a6/DS-13853fe7-caa3-4730-b931-d312fdda933b/container.db from cache
2024-04-29 10:07:37,008 [ForkJoinPool.commonPool-worker-2] INFO  volume.HddsVolume (HddsVolume.java:closeDbStore(470)) - SchemaV3 db is stopped at /home/runner/work/ozone/ozone/hadoop-ozone/integration-test/target/test-dir/MiniOzoneClusterImpl-9e79b078-2218-4abd-b04c-a65fc7f927a6/ozone-meta/datanode-9/data-0/hdds/9e79b078-2218-4abd-b04c-a65fc7f927a6/DS-13853fe7-caa3-4730-b931-d312fdda933b/container.db for volume DS-13853fe7-caa3-4730-b931-d312fdda933b
2024-04-29 10:07:37,008 [ForkJoinPool.commonPool-worker-2] INFO  utils.BackgroundService (BackgroundService.java:shutdown(160)) - Shutting down service BlockDeletingService
2024-04-29 10:07:37,008 [ForkJoinPool.commonPool-worker-2] INFO  utils.BackgroundService (BackgroundService.java:shutdown(160)) - Shutting down service StaleRecoveringContainerScrubbingService
2024-04-29 10:07:37,008 [ForkJoinPool.commonPool-worker-2] INFO  statemachine.DatanodeStateMachine (DatanodeStateMachine.java:stopDaemon(638)) - Ozone container server stopped.
2024-04-29 10:07:37,009 [ForkJoinPool.commonPool-worker-2] INFO  handler.ContextHandler (ContextHandler.java:doStop(1159)) - Stopped o.e.j.w.WebAppContext@be6b0d6{hddsDatanode,/,null,STOPPED}{file:/home/runner/work/ozone/ozone/hadoop-hdds/container-service/target/classes/webapps/hddsDatanode}
2024-04-29 10:07:37,009 [ForkJoinPool.commonPool-worker-2] INFO  server.AbstractConnector (AbstractConnector.java:doStop(383)) - Stopped ServerConnector@925e0c8{HTTP/1.1, (http/1.1)}{0.0.0.0:15526}
2024-04-29 10:07:37,009 [ForkJoinPool.commonPool-worker-2] INFO  server.session (HouseKeeper.java:stopScavenging(149)) - node0 Stopped scavenging
2024-04-29 10:07:37,009 [ForkJoinPool.commonPool-worker-2] INFO  handler.ContextHandler (ContextHandler.java:doStop(1159)) - Stopped o.e.j.s.ServletContextHandler@4237aaa6{static,/static,file:///home/runner/work/ozone/ozone/hadoop-hdds/container-service/target/classes/webapps/static,STOPPED}
2024-04-29 10:07:37,010 [ForkJoinPool.commonPool-worker-2] INFO  handler.ContextHandler (ContextHandler.java:doStop(1159)) - Stopped o.e.j.s.ServletContextHandler@36f2bb92{logs,/logs,file:///home/runner/work/ozone/ozone/hadoop-ozone/integration-test/target/log,STOPPED}
2024-04-29 10:07:37,010 [ForkJoinPool.commonPool-worker-2] INFO  ozone.HddsDatanodeClientProtocolServer (HddsDatanodeClientProtocolServer.java:stop(83)) - Stopping the RPC server for Client Protocol
2024-04-29 10:07:37,010 [ForkJoinPool.commonPool-worker-2] INFO  ipc.Server (Server.java:stop(3523)) - Stopping server on 15527
2024-04-29 10:07:37,012 [IPC Server listener on 15527] INFO  ipc.Server (Server.java:run(1434)) - Stopping IPC Server listener on 15527
2024-04-29 10:07:37,012 [IPC Server Responder] INFO  ipc.Server (Server.java:run(1567)) - Stopping IPC Server Responder
2024-04-29 10:07:37,144 [ForkJoinPool.commonPool-worker-1] INFO  utils.DatanodeStoreCache (DatanodeStoreCache.java:shutdownCache(116)) - Skip clearing cache in mini cluster mode. Entries left: [/home/runner/work/ozone/ozone/hadoop-ozone/integration-test/target/test-dir/MiniOzoneClusterImpl-9e79b078-2218-4abd-b04c-a65fc7f927a6/ozone-meta/datanode-7/data-0/hdds/9e79b078-2218-4abd-b04c-a65fc7f927a6/DS-03942266-31a7-4d9c-bd6f-84a32e8f56fe/container.db]
2024-04-29 10:07:37,145 [ForkJoinPool.commonPool-worker-1] INFO  utils.DatanodeStoreCache (DatanodeStoreCache.java:removeDB(110)) - Removed db /home/runner/work/ozone/ozone/hadoop-ozone/integration-test/target/test-dir/MiniOzoneClusterImpl-9e79b078-2218-4abd-b04c-a65fc7f927a6/ozone-meta/datanode-7/data-0/hdds/9e79b078-2218-4abd-b04c-a65fc7f927a6/DS-03942266-31a7-4d9c-bd6f-84a32e8f56fe/container.db from cache
2024-04-29 10:07:37,145 [ForkJoinPool.commonPool-worker-1] INFO  volume.HddsVolume (HddsVolume.java:closeDbStore(470)) - SchemaV3 db is stopped at /home/runner/work/ozone/ozone/hadoop-ozone/integration-test/target/test-dir/MiniOzoneClusterImpl-9e79b078-2218-4abd-b04c-a65fc7f927a6/ozone-meta/datanode-7/data-0/hdds/9e79b078-2218-4abd-b04c-a65fc7f927a6/DS-03942266-31a7-4d9c-bd6f-84a32e8f56fe/container.db for volume DS-03942266-31a7-4d9c-bd6f-84a32e8f56fe
2024-04-29 10:07:37,145 [ForkJoinPool.commonPool-worker-1] INFO  utils.BackgroundService (BackgroundService.java:shutdown(160)) - Shutting down service BlockDeletingService
2024-04-29 10:07:37,145 [ForkJoinPool.commonPool-worker-1] INFO  utils.BackgroundService (BackgroundService.java:shutdown(160)) - Shutting down service StaleRecoveringContainerScrubbingService
2024-04-29 10:07:37,146 [ForkJoinPool.commonPool-worker-1] INFO  statemachine.DatanodeStateMachine (DatanodeStateMachine.java:stopDaemon(638)) - Ozone container server stopped.
2024-04-29 10:07:37,146 [ForkJoinPool.commonPool-worker-1] INFO  handler.ContextHandler (ContextHandler.java:doStop(1159)) - Stopped o.e.j.w.WebAppContext@4036d9cd{hddsDatanode,/,null,STOPPED}{file:/home/runner/work/ozone/ozone/hadoop-hdds/container-service/target/classes/webapps/hddsDatanode}
2024-04-29 10:07:37,146 [ForkJoinPool.commonPool-worker-1] INFO  server.AbstractConnector (AbstractConnector.java:doStop(383)) - Stopped ServerConnector@486ee396{HTTP/1.1, (http/1.1)}{0.0.0.0:15508}
2024-04-29 10:07:37,146 [ForkJoinPool.commonPool-worker-1] INFO  server.session (HouseKeeper.java:stopScavenging(149)) - node0 Stopped scavenging
2024-04-29 10:07:37,147 [ForkJoinPool.commonPool-worker-1] INFO  handler.ContextHandler (ContextHandler.java:doStop(1159)) - Stopped o.e.j.s.ServletContextHandler@7d9d4205{static,/static,file:///home/runner/work/ozone/ozone/hadoop-hdds/container-service/target/classes/webapps/static,STOPPED}
2024-04-29 10:07:37,147 [ForkJoinPool.commonPool-worker-1] INFO  handler.ContextHandler (ContextHandler.java:doStop(1159)) - Stopped o.e.j.s.ServletContextHandler@58b2df95{logs,/logs,file:///home/runner/work/ozone/ozone/hadoop-ozone/integration-test/target/log,STOPPED}
2024-04-29 10:07:37,147 [ForkJoinPool.commonPool-worker-1] INFO  ozone.HddsDatanodeClientProtocolServer (HddsDatanodeClientProtocolServer.java:stop(83)) - Stopping the RPC server for Client Protocol
2024-04-29 10:07:37,147 [ForkJoinPool.commonPool-worker-1] INFO  ipc.Server (Server.java:stop(3523)) - Stopping server on 15509
2024-04-29 10:07:37,147 [IPC Server Responder] INFO  ipc.Server (Server.java:run(1567)) - Stopping IPC Server Responder
2024-04-29 10:07:37,147 [IPC Server listener on 15509] INFO  ipc.Server (Server.java:run(1434)) - Stopping IPC Server listener on 15509
2024-04-29 10:07:37,148 [main] INFO  ozone.MiniOzoneClusterImpl (MiniOzoneClusterImpl.java:stopSCM(486)) - Stopping the StorageContainerManager
2024-04-29 10:07:37,148 [main] INFO  server.StorageContainerManager (StorageContainerManager.java:stop(1653)) - Container Balancer is not running.
2024-04-29 10:07:37,148 [main] INFO  server.StorageContainerManager (StorageContainerManager.java:stopReplicationManager(1786)) - Stopping Replication Manager Service.
2024-04-29 10:07:37,148 [main] INFO  replication.ReplicationManager (ReplicationManager.java:stop(329)) - Stopping Replication Monitor Thread.
2024-04-29 10:07:37,148 [main] INFO  server.StorageContainerManager (StorageContainerManager.java:stop(1662)) - Stopping the Datanode Admin Monitor.
2024-04-29 10:07:37,148 [ReplicationMonitor] INFO  replication.ReplicationManager (ReplicationManager.java:run(936)) - Replication Monitor Thread is stopped
2024-04-29 10:07:37,148 [OverReplicatedProcessor] WARN  replication.UnhealthyReplicationProcessor (UnhealthyReplicationProcessor.java:run(180)) - OverReplicatedProcessor interrupted. Exiting...
2024-04-29 10:07:37,148 [UnderReplicatedProcessor] WARN  replication.UnhealthyReplicationProcessor (UnhealthyReplicationProcessor.java:run(180)) - UnderReplicatedProcessor interrupted. Exiting...
2024-04-29 10:07:37,148 [main] INFO  server.StorageContainerManager (StorageContainerManager.java:stop(1669)) - Stopping datanode service RPC server
2024-04-29 10:07:37,149 [main] INFO  server.SCMDatanodeProtocolServer (SCMDatanodeProtocolServer.java:stop(425)) - Stopping the RPC server for DataNodes
2024-04-29 10:07:37,149 [main] INFO  ipc.Server (Server.java:stop(3523)) - Stopping server on 15447
2024-04-29 10:07:37,155 [IPC Server listener on 15447] INFO  ipc.Server (Server.java:run(1434)) - Stopping IPC Server listener on 15447
2024-04-29 10:07:37,157 [IPC Server Responder] INFO  ipc.Server (Server.java:run(1567)) - Stopping IPC Server Responder
2024-04-29 10:07:37,185 [SCMHeartbeatProcessor-0] WARN  node.NodeStateManager (NodeStateManager.java:scheduleNextHealthCheck(878)) - Current Thread is interrupted, shutting down HB processing thread for Node Manager.
2024-04-29 10:07:37,185 [main] INFO  server.StorageContainerManager (StorageContainerManager.java:stop(1677)) - Stopping block service RPC server
2024-04-29 10:07:37,186 [main] INFO  server.SCMBlockProtocolServer (SCMBlockProtocolServer.java:stop(171)) - Stopping the RPC server for Block Protocol
2024-04-29 10:07:37,186 [main] INFO  ipc.Server (Server.java:stop(3523)) - Stopping server on 15446
2024-04-29 10:07:37,189 [IPC Server Responder] INFO  ipc.Server (Server.java:run(1567)) - Stopping IPC Server Responder
2024-04-29 10:07:37,189 [IPC Server listener on 15446] INFO  ipc.Server (Server.java:run(1434)) - Stopping IPC Server listener on 15446
2024-04-29 10:07:37,189 [main] INFO  server.StorageContainerManager (StorageContainerManager.java:stop(1684)) - Stopping the StorageContainerLocationProtocol RPC server
2024-04-29 10:07:37,189 [main] INFO  server.SCMClientProtocolServer (SCMClientProtocolServer.java:stop(213)) - Stopping the RPC server for Client Protocol
2024-04-29 10:07:37,189 [main] INFO  ipc.Server (Server.java:stop(3523)) - Stopping server on 15445
2024-04-29 10:07:37,191 [IPC Server listener on 15445] INFO  ipc.Server (Server.java:run(1434)) - Stopping IPC Server listener on 15445
2024-04-29 10:07:37,191 [IPC Server Responder] INFO  ipc.Server (Server.java:run(1567)) - Stopping IPC Server Responder
2024-04-29 10:07:37,192 [main] INFO  server.StorageContainerManager (StorageContainerManager.java:stop(1691)) - Stopping Storage Container Manager HTTP server.
2024-04-29 10:07:37,193 [main] INFO  handler.ContextHandler (ContextHandler.java:doStop(1159)) - Stopped o.e.j.w.WebAppContext@7ba5e21c{scm,/,null,STOPPED}{file:/home/runner/work/ozone/ozone/hadoop-ozone/integration-test/target/test-classes/webapps/scm}
2024-04-29 10:07:37,194 [main] INFO  server.AbstractConnector (AbstractConnector.java:doStop(383)) - Stopped ServerConnector@1688ac20{HTTP/1.1, (http/1.1)}{0.0.0.0:15448}
2024-04-29 10:07:37,194 [main] INFO  server.session (HouseKeeper.java:stopScavenging(149)) - node0 Stopped scavenging
2024-04-29 10:07:37,195 [main] INFO  handler.ContextHandler (ContextHandler.java:doStop(1159)) - Stopped o.e.j.s.ServletContextHandler@2723b53c{static,/static,file:///home/runner/work/ozone/ozone/hadoop-ozone/integration-test/target/test-classes/webapps/static,STOPPED}
2024-04-29 10:07:37,195 [main] INFO  handler.ContextHandler (ContextHandler.java:doStop(1159)) - Stopped o.e.j.s.ServletContextHandler@33d1d1ef{logs,/logs,file:///home/runner/work/ozone/ozone/hadoop-ozone/integration-test/target/log,STOPPED}
2024-04-29 10:07:37,196 [main] INFO  server.StorageContainerManager (StorageContainerManager.java:stop(1699)) - Stopping SCM LayoutVersionManager Service.
2024-04-29 10:07:37,197 [main] INFO  server.StorageContainerManager (StorageContainerManager.java:stop(1711)) - Stopping Block Manager Service.
2024-04-29 10:07:37,197 [main] INFO  utils.BackgroundService (BackgroundService.java:shutdown(160)) - Shutting down service SCMBlockDeletingService
2024-04-29 10:07:37,197 [main] INFO  utils.BackgroundService (BackgroundService.java:shutdown(160)) - Shutting down service SCMBlockDeletingService
2024-04-29 10:07:37,197 [main] INFO  server.StorageContainerManager (StorageContainerManager.java:stop(1731)) - Stopping SCM Event Queue.
2024-04-29 10:07:37,198 [JvmPauseMonitor55] INFO  util.JvmPauseMonitor (JvmPauseMonitor.java:run(152)) - JvmPauseMonitor-45783a4f-19e9-4ac7-b43d-ac3eb66d28f9: Stopped
2024-04-29 10:07:37,198 [main] INFO  server.StorageContainerManager (StorageContainerManager.java:stop(1742)) - Stopping SCM HA services.
2024-04-29 10:07:37,198 [main] INFO  pipeline.BackgroundPipelineCreator (BackgroundPipelineCreator.java:stop(152)) - Stopping RatisPipelineUtilsThread.
2024-04-29 10:07:37,199 [RatisPipelineUtilsThread-0] WARN  pipeline.BackgroundPipelineCreator (BackgroundPipelineCreator.java:run(183)) - RatisPipelineUtilsThread is interrupted.
2024-04-29 10:07:37,199 [BackgroundPipelineScrubber] WARN  BackgroundPipelineScrubber (BackgroundSCMService.java:run(112)) - BackgroundPipelineScrubber is interrupted, exit
2024-04-29 10:07:37,199 [main] INFO  BackgroundPipelineScrubber (BackgroundSCMService.java:stop(128)) - Stopping BackgroundPipelineScrubber Service.
2024-04-29 10:07:37,200 [main] INFO  impl.MetricsSystemImpl (MetricsSystemImpl.java:stop(210)) - Stopping HddsDatanode metrics system...
2024-04-29 10:07:37,204 [prometheus] INFO  impl.MetricsSinkAdapter (MetricsSinkAdapter.java:publishMetricsFromQueue(141)) - prometheus thread interrupted.
2024-04-29 10:07:37,204 [main] INFO  impl.MetricsSystemImpl (MetricsSystemImpl.java:stop(216)) - HddsDatanode metrics system stopped.
2024-04-29 10:07:37,204 [main] WARN  pipeline.BackgroundPipelineCreator (BackgroundPipelineCreator.java:stop(148)) - RatisPipelineUtilsThread is not running, just ignore.
2024-04-29 10:07:37,204 [main] INFO  BackgroundPipelineScrubber (BackgroundSCMService.java:stop(123)) - BackgroundPipelineScrubber Service is not running, skip stop.
2024-04-29 10:07:37,204 [main] INFO  ExpiredContainerReplicaOpScrubber (BackgroundSCMService.java:stop(128)) - Stopping ExpiredContainerReplicaOpScrubber Service.
2024-04-29 10:07:37,205 [ExpiredContainerReplicaOpScrubber] WARN  ExpiredContainerReplicaOpScrubber (BackgroundSCMService.java:run(112)) - ExpiredContainerReplicaOpScrubber is interrupted, exit
2024-04-29 10:07:37,205 [main] INFO  utils.BackgroundService (BackgroundService.java:shutdown(160)) - Shutting down service SCMBlockDeletingService
2024-04-29 10:07:37,205 [main] INFO  replication.ReplicationManager (ReplicationManager.java:stop(339)) - Replication Monitor Thread is not running.
2024-04-29 10:07:37,205 [main] WARN  balancer.ContainerBalancer (ContainerBalancer.java:stop(327)) - Cannot stop Container Balancer because it's not running or stopping
2024-04-29 10:07:37,205 [main] INFO  server.StorageContainerManager (StorageContainerManager.java:stop(1777)) - Stopping SCM MetadataStore.
]]></system-out>
      <system-err><![CDATA[Apr 29, 2024 10:07:31 AM org.apache.ratis.thirdparty.io.grpc.internal.ManagedChannelOrphanWrapper$ManagedChannelReference cleanQueue
SEVERE: *~*~*~ Previous channel ManagedChannelImpl{logId=1711, target=127.0.0.1:15413} was not shutdown properly!!! ~*~*~*
    Make sure to call shutdown()/shutdownNow() and wait until awaitTermination() returns true.
java.lang.RuntimeException: ManagedChannel allocation site
	at org.apache.ratis.thirdparty.io.grpc.internal.ManagedChannelOrphanWrapper$ManagedChannelReference.<init>(ManagedChannelOrphanWrapper.java:102)
	at org.apache.ratis.thirdparty.io.grpc.internal.ManagedChannelOrphanWrapper.<init>(ManagedChannelOrphanWrapper.java:60)
	at org.apache.ratis.thirdparty.io.grpc.internal.ManagedChannelOrphanWrapper.<init>(ManagedChannelOrphanWrapper.java:51)
	at org.apache.ratis.thirdparty.io.grpc.internal.ManagedChannelImplBuilder.build(ManagedChannelImplBuilder.java:631)
	at org.apache.ratis.thirdparty.io.grpc.internal.AbstractManagedChannelImplBuilder.build(AbstractManagedChannelImplBuilder.java:297)
	at org.apache.ratis.grpc.client.GrpcClientProtocolClient.buildChannel(GrpcClientProtocolClient.java:151)
	at org.apache.ratis.grpc.client.GrpcClientProtocolClient.<init>(GrpcClientProtocolClient.java:113)
	at org.apache.ratis.grpc.client.GrpcClientRpc.lambda$new$0(GrpcClientRpc.java:59)
	at org.apache.ratis.util.PeerProxyMap$PeerAndProxy.lambda$getProxy$0(PeerProxyMap.java:68)
	at org.apache.ratis.util.LifeCycle.startAndTransition(LifeCycle.java:277)
	at org.apache.ratis.util.PeerProxyMap$PeerAndProxy.getProxy(PeerProxyMap.java:67)
	at org.apache.ratis.util.PeerProxyMap.getProxy(PeerProxyMap.java:114)
	at org.apache.ratis.grpc.client.GrpcClientRpc.sendRequestAsyncUnordered(GrpcClientRpc.java:81)
	at org.apache.ratis.client.impl.UnorderedAsync.sendRequestWithRetry(UnorderedAsync.java:80)
	at org.apache.ratis.client.impl.UnorderedAsync.lambda$null$2(UnorderedAsync.java:129)
	at org.apache.ratis.util.TimeoutTimer.lambda$onTimeout$2(TimeoutTimer.java:101)
	at org.apache.ratis.util.LogUtils.runAndLog(LogUtils.java:38)
	at org.apache.ratis.util.LogUtils$1.run(LogUtils.java:78)
	at org.apache.ratis.util.TimeoutTimer$Task.run(TimeoutTimer.java:55)
	at java.base/java.util.TimerThread.mainLoop(Timer.java:566)
	at java.base/java.util.TimerThread.run(Timer.java:516)

Apr 29, 2024 10:07:31 AM org.apache.ratis.thirdparty.io.grpc.internal.ManagedChannelOrphanWrapper$ManagedChannelReference cleanQueue
SEVERE: *~*~*~ Previous channel ManagedChannelImpl{logId=1713, target=127.0.0.1:15414} was not shutdown properly!!! ~*~*~*
    Make sure to call shutdown()/shutdownNow() and wait until awaitTermination() returns true.
java.lang.RuntimeException: ManagedChannel allocation site
	at org.apache.ratis.thirdparty.io.grpc.internal.ManagedChannelOrphanWrapper$ManagedChannelReference.<init>(ManagedChannelOrphanWrapper.java:102)
	at org.apache.ratis.thirdparty.io.grpc.internal.ManagedChannelOrphanWrapper.<init>(ManagedChannelOrphanWrapper.java:60)
	at org.apache.ratis.thirdparty.io.grpc.internal.ManagedChannelOrphanWrapper.<init>(ManagedChannelOrphanWrapper.java:51)
	at org.apache.ratis.thirdparty.io.grpc.internal.ManagedChannelImplBuilder.build(ManagedChannelImplBuilder.java:631)
	at org.apache.ratis.thirdparty.io.grpc.internal.AbstractManagedChannelImplBuilder.build(AbstractManagedChannelImplBuilder.java:297)
	at org.apache.ratis.grpc.client.GrpcClientProtocolClient.buildChannel(GrpcClientProtocolClient.java:151)
	at org.apache.ratis.grpc.client.GrpcClientProtocolClient.<init>(GrpcClientProtocolClient.java:116)
	at org.apache.ratis.grpc.client.GrpcClientRpc.lambda$new$0(GrpcClientRpc.java:59)
	at org.apache.ratis.util.PeerProxyMap$PeerAndProxy.lambda$getProxy$0(PeerProxyMap.java:68)
	at org.apache.ratis.util.LifeCycle.startAndTransition(LifeCycle.java:277)
	at org.apache.ratis.util.PeerProxyMap$PeerAndProxy.getProxy(PeerProxyMap.java:67)
	at org.apache.ratis.util.PeerProxyMap.getProxy(PeerProxyMap.java:114)
	at org.apache.ratis.grpc.client.GrpcClientRpc.sendRequestAsyncUnordered(GrpcClientRpc.java:81)
	at org.apache.ratis.client.impl.UnorderedAsync.sendRequestWithRetry(UnorderedAsync.java:80)
	at org.apache.ratis.client.impl.UnorderedAsync.lambda$null$2(UnorderedAsync.java:129)
	at org.apache.ratis.util.TimeoutTimer.lambda$onTimeout$2(TimeoutTimer.java:101)
	at org.apache.ratis.util.LogUtils.runAndLog(LogUtils.java:38)
	at org.apache.ratis.util.LogUtils$1.run(LogUtils.java:78)
	at org.apache.ratis.util.TimeoutTimer$Task.run(TimeoutTimer.java:55)
	at java.base/java.util.TimerThread.mainLoop(Timer.java:566)
	at java.base/java.util.TimerThread.run(Timer.java:516)

]]></system-err>
    </flakyFailure>
    <flakyFailure type="java.lang.AssertionError">
      <stackTrace><![CDATA[java.lang.AssertionError: 

Expecting:
 <"org.apache.ratis.protocol.exceptions.RaftRetryFailureException: Failed RaftClientRequest:client-7FF066D95203->0b459a02-f078-4553-b8ee-4a7bbebe5aa1@group-5F07EAC53845, cid=99, seq=null, Watch-MAJORITY_COMMITTED(76), null for 3 attempts with RequestTypeDependentRetryPolicy{WRITE->ExceptionDependentRetry(maxAttempts=2147483647; defaultPolicy=MultipleLinearRandomRetry[5x5s, 5x10s, 5x15s, 5x20s, 5x25s, 10x60s]; map={org.apache.ratis.protocol.exceptions.GroupMismatchException->NoRetry, org.apache.ratis.protocol.exceptions.NotReplicatedException->NoRetry, org.apache.ratis.protocol.exceptions.ResourceUnavailableException->org.apache.ratis.retry.ExponentialBackoffRetry@10af52a5, org.apache.ratis.protocol.exceptions.StateMachineException->NoRetry, org.apache.ratis.protocol.exceptions.TimeoutIOException->org.apache.ratis.retry.ExponentialBackoffRetry@10af52a5}), WATCH->ExceptionDependentRetry(maxAttempts=2147483647; defaultPolicy=MultipleLinearRandomRetry[5x5s, 5x10s, 5x15s, 5x20s, 5x25s, 10x60s]; map={org.apache.ratis.protocol.exceptions.GroupMismatchException->NoRetry, org.apache.ratis.protocol.exceptions.NotReplicatedException->NoRetry, org.apache.ratis.protocol.exceptions.ResourceUnavailableException->org.apache.ratis.retry.ExponentialBackoffRetry@10af52a5, org.apache.ratis.protocol.exceptions.StateMachineException->NoRetry, org.apache.ratis.protocol.exceptions.TimeoutIOException->NoRetry})}">
not to contain:
 <"Watch-MAJORITY_COMMITTED">

	at org.apache.hadoop.ozone.client.rpc.TestWatchForCommit.testWatchForCommitForRetryfailure(TestWatchForCommit.java:295)
	at java.base/java.lang.reflect.Method.invoke(Method.java:568)
	at java.base/java.util.ArrayList.forEach(ArrayList.java:1511)
	at java.base/java.util.ArrayList.forEach(ArrayList.java:1511)
]]></stackTrace>
      <system-out><![CDATA[2024-04-29 10:07:37,271 [main] WARN  server.ServerUtils (ServerUtils.java:getScmDbDir(143)) - ozone.scm.db.dirs is not configured. We recommend adding this setting. Falling back to ozone.metadata.dirs instead.
2024-04-29 10:07:37,283 [main] WARN  server.ServerUtils (ServerUtils.java:getScmDbDir(143)) - ozone.scm.db.dirs is not configured. We recommend adding this setting. Falling back to ozone.metadata.dirs instead.
2024-04-29 10:07:37,283 [main] INFO  ha.SCMHANodeDetails (SCMHANodeDetails.java:loadSCMHAConfig(207)) - ServiceID for StorageContainerManager is null
2024-04-29 10:07:37,283 [main] INFO  ha.SCMHANodeDetails (SCMHANodeDetails.java:loadSCMHAConfig(212)) - ozone.scm.default.service.id is not defined, falling back to ozone.scm.service.ids to find serviceID for StorageContainerManager if it is HA enabled cluster
2024-04-29 10:07:37,283 [main] WARN  utils.HAUtils (HAUtils.java:getMetaDir(339)) - ozone.scm.db.dirs is not configured. We recommend adding this setting. Falling back to ozone.metadata.dirs instead.
2024-04-29 10:07:37,284 [main] WARN  db.DBStoreBuilder (DBStoreBuilder.java:applyDBDefinition(171)) - ozone.scm.db.dirs is not configured. We recommend adding this setting. Falling back to ozone.metadata.dirs instead.
2024-04-29 10:07:37,388 [main] INFO  net.NodeSchemaLoader (NodeSchemaLoader.java:loadSchemaFromFile(129)) - Loading schema from [file:/home/runner/work/ozone/ozone/hadoop-hdds/common/target/classes/network-topology-default.xml]
2024-04-29 10:07:37,388 [main] INFO  net.NodeSchemaLoader (NodeSchemaLoader.java:loadSchema(176)) - Loading network topology layer schema file
2024-04-29 10:07:37,390 [main] INFO  upgrade.AbstractLayoutVersionManager (AbstractLayoutVersionManager.java:init(83)) - Initializing Layout version manager with metadata layout = HADOOP_PRC_PORTS_IN_DATANODEDETAILS (version = 7), software layout = HADOOP_PRC_PORTS_IN_DATANODEDETAILS (version = 7)
2024-04-29 10:07:37,390 [main] INFO  ha.SequenceIdGenerator (SequenceIdGenerator.java:upgradeToSequenceId(370)) - upgrade localId to 113750153625600000
2024-04-29 10:07:37,391 [main] INFO  ha.SequenceIdGenerator (SequenceIdGenerator.java:upgradeToSequenceId(380)) - upgrade delTxnId to 0
2024-04-29 10:07:37,392 [main] INFO  ha.SequenceIdGenerator (SequenceIdGenerator.java:upgradeToSequenceId(397)) - upgrade containerId to 0
2024-04-29 10:07:37,392 [main] INFO  ha.SequenceIdGenerator (SequenceIdGenerator.java:upgradeToCertificateSequenceId(444)) - upgrade CertificateId to 2
2024-04-29 10:07:37,393 [main] INFO  ha.SequenceIdGenerator (SequenceIdGenerator.java:<init>(241)) - Init the HA SequenceIdGenerator.
2024-04-29 10:07:37,393 [main] INFO  node.SCMNodeManager (SCMNodeManager.java:<init>(177)) - Entering startup safe mode.
2024-04-29 10:07:37,393 [main] INFO  algorithms.ContainerPlacementPolicyFactory (ContainerPlacementPolicyFactory.java:getPolicyInternal(86)) - Create container placement policy of type org.apache.hadoop.hdds.scm.container.placement.algorithms.SCMContainerPlacementRackAware
2024-04-29 10:07:37,393 [main] INFO  algorithms.ContainerPlacementPolicyFactory (ContainerPlacementPolicyFactory.java:getPolicyInternal(86)) - Create container placement policy of type org.apache.hadoop.hdds.scm.container.placement.algorithms.SCMContainerPlacementRackScatter
2024-04-29 10:07:37,394 [main] INFO  pipeline.PipelineStateManagerImpl (PipelineStateManagerImpl.java:initialize(78)) - No pipeline exists in current db
2024-04-29 10:07:37,394 [main] INFO  algorithms.LeaderChoosePolicyFactory (LeaderChoosePolicyFactory.java:getPolicy(57)) - Create leader choose policy of type org.apache.hadoop.hdds.scm.pipeline.leader.choose.algorithms.MinLeaderCountChoosePolicy
2024-04-29 10:07:37,394 [main] INFO  algorithms.ContainerPlacementPolicyFactory (ContainerPlacementPolicyFactory.java:getPolicyInternal(86)) - Create container placement policy of type org.apache.hadoop.hdds.scm.container.placement.algorithms.SCMContainerPlacementRackScatter
2024-04-29 10:07:37,394 [main] INFO  ha.SCMServiceManager (SCMServiceManager.java:register(42)) - Registering service BackgroundPipelineCreator.
2024-04-29 10:07:37,394 [main] INFO  pipeline.BackgroundPipelineCreator (BackgroundPipelineCreator.java:start(127)) - Starting RatisPipelineUtilsThread.
2024-04-29 10:07:37,394 [main] INFO  BackgroundPipelineScrubber (BackgroundSCMService.java:start(65)) - Starting BackgroundPipelineScrubber Service.
2024-04-29 10:07:37,395 [main] INFO  ha.SCMServiceManager (SCMServiceManager.java:register(42)) - Registering service BackgroundPipelineScrubber.
2024-04-29 10:07:37,395 [main] INFO  ExpiredContainerReplicaOpScrubber (BackgroundSCMService.java:start(65)) - Starting ExpiredContainerReplicaOpScrubber Service.
2024-04-29 10:07:37,395 [main] INFO  ha.SCMServiceManager (SCMServiceManager.java:register(42)) - Registering service ExpiredContainerReplicaOpScrubber.
2024-04-29 10:07:37,395 [main] INFO  algorithms.PipelineChoosePolicyFactory (PipelineChoosePolicyFactory.java:createPipelineChoosePolicyFromClass(80)) - Create pipeline choose policy of type org.apache.hadoop.hdds.scm.pipeline.choose.algorithms.RandomPipelineChoosePolicy
2024-04-29 10:07:37,396 [main] INFO  algorithms.PipelineChoosePolicyFactory (PipelineChoosePolicyFactory.java:createPipelineChoosePolicyFromClass(80)) - Create pipeline choose policy of type org.apache.hadoop.hdds.scm.pipeline.choose.algorithms.RandomPipelineChoosePolicy
2024-04-29 10:07:37,396 [main] INFO  ha.SCMServiceManager (SCMServiceManager.java:register(42)) - Registering service SCMBlockDeletingService.
2024-04-29 10:07:37,396 [main] INFO  replication.ReplicationManager (ReplicationManager.java:start(296)) - Starting Replication Monitor Thread.
2024-04-29 10:07:37,397 [ReplicationMonitor] INFO  replication.ReplicationManager (ReplicationManager.java:processAll(372)) - Replication Manager is not ready to run until 3000ms after safemode exit
2024-04-29 10:07:37,397 [main] INFO  ha.SCMServiceManager (SCMServiceManager.java:register(42)) - Registering service ReplicationManager.
2024-04-29 10:07:37,397 [main] INFO  safemode.ContainerSafeModeRule (ContainerSafeModeRule.java:<init>(91)) - containers with one replica threshold count 0
2024-04-29 10:07:37,397 [main] INFO  safemode.HealthyPipelineSafeModeRule (HealthyPipelineSafeModeRule.java:initializeRule(176)) - Total pipeline count is 0, healthy pipeline threshold count is 1
2024-04-29 10:07:37,398 [main] INFO  safemode.OneReplicaPipelineSafeModeRule (OneReplicaPipelineSafeModeRule.java:initializeRule(193)) - Total pipeline count is 0, pipeline's with at least one datanode reported threshold count is 0
2024-04-29 10:07:37,398 [main] INFO  server.StorageContainerManager (StorageContainerManager.java:<init>(440)) - SCM start with adminUsers: [runner]
2024-04-29 10:07:37,398 [main] INFO  ipc.CallQueueManager (CallQueueManager.java:<init>(90)) - Using callQueue: class java.util.concurrent.LinkedBlockingQueue, queueCapacity: 10000, scheduler: class org.apache.hadoop.ipc.DefaultRpcScheduler, ipcBackoff: false.
2024-04-29 10:07:37,398 [main] INFO  ipc.Server (Server.java:<init>(1287)) - Listener at 0.0.0.0:15536
2024-04-29 10:07:37,399 [Socket Reader #1 for port 15536] INFO  ipc.Server (Server.java:run(1323)) - Starting Socket Reader #1 for port 15536
2024-04-29 10:07:37,399 [main] INFO  ipc.CallQueueManager (CallQueueManager.java:<init>(90)) - Using callQueue: class java.util.concurrent.LinkedBlockingQueue, queueCapacity: 10000, scheduler: class org.apache.hadoop.ipc.DefaultRpcScheduler, ipcBackoff: false.
2024-04-29 10:07:37,399 [main] INFO  ipc.Server (Server.java:<init>(1287)) - Listener at 0.0.0.0:15535
2024-04-29 10:07:37,400 [Socket Reader #1 for port 15535] INFO  ipc.Server (Server.java:run(1323)) - Starting Socket Reader #1 for port 15535
2024-04-29 10:07:37,400 [main] INFO  ipc.CallQueueManager (CallQueueManager.java:<init>(90)) - Using callQueue: class java.util.concurrent.LinkedBlockingQueue, queueCapacity: 10000, scheduler: class org.apache.hadoop.ipc.DefaultRpcScheduler, ipcBackoff: false.
2024-04-29 10:07:37,400 [main] INFO  ipc.Server (Server.java:<init>(1287)) - Listener at 0.0.0.0:15534
2024-04-29 10:07:37,400 [Socket Reader #1 for port 15534] INFO  ipc.Server (Server.java:run(1323)) - Starting Socket Reader #1 for port 15534
2024-04-29 10:07:37,403 [main] INFO  ha.SCMServiceManager (SCMServiceManager.java:register(42)) - Registering service ContainerBalancer.
2024-04-29 10:07:37,403 [main] INFO  ha.SCMContext (SCMContext.java:updateSafeModeStatus(225)) - Update SafeModeStatus from SafeModeStatus{safeModeStatus=true, preCheckPassed=false} to SafeModeStatus{safeModeStatus=true, preCheckPassed=false}.
2024-04-29 10:07:37,403 [main] INFO  server.StorageContainerManager (StorageContainerManager.java:start(1545)) - StorageContainerLocationProtocol RPC server is listening at /0.0.0.0:15534
2024-04-29 10:07:37,404 [main] WARN  impl.MetricsConfig (MetricsConfig.java:loadFirst(136)) - Cannot locate configuration: tried hadoop-metrics2-storagecontainermanager.properties,hadoop-metrics2.properties
2024-04-29 10:07:37,405 [main] INFO  impl.MetricsSystemImpl (MetricsSystemImpl.java:startTimer(378)) - Scheduled Metric snapshot period at 10 second(s).
2024-04-29 10:07:37,405 [main] INFO  impl.MetricsSystemImpl (MetricsSystemImpl.java:start(191)) - StorageContainerManager metrics system started
2024-04-29 10:07:37,410 [main] INFO  impl.MetricsSinkAdapter (MetricsSinkAdapter.java:start(204)) - Sink prometheus started
2024-04-29 10:07:37,410 [main] INFO  impl.MetricsSystemImpl (MetricsSystemImpl.java:registerSink(305)) - Registered sink prometheus
2024-04-29 10:07:37,427 [main] INFO  server.SCMClientProtocolServer (SCMClientProtocolServer.java:start(204)) - RPC server for Client  is listening at /0.0.0.0:15534
2024-04-29 10:07:37,428 [IPC Server Responder] INFO  ipc.Server (Server.java:run(1562)) - IPC Server Responder: starting
2024-04-29 10:07:37,428 [IPC Server listener on 15534] INFO  ipc.Server (Server.java:run(1402)) - IPC Server listener on 15534: starting
2024-04-29 10:07:37,445 [main] INFO  server.StorageContainerManager (StorageContainerManager.java:start(1558)) - ScmBlockLocationProtocol RPC server is listening at /0.0.0.0:15535
2024-04-29 10:07:37,445 [main] INFO  server.SCMBlockProtocolServer (SCMBlockProtocolServer.java:start(162)) - RPC server for Block Protocol is listening at /0.0.0.0:15535
2024-04-29 10:07:37,445 [IPC Server Responder] INFO  ipc.Server (Server.java:run(1562)) - IPC Server Responder: starting
2024-04-29 10:07:37,449 [IPC Server listener on 15535] INFO  ipc.Server (Server.java:run(1402)) - IPC Server listener on 15535: starting
2024-04-29 10:07:37,462 [main] INFO  server.SCMDatanodeProtocolServer (SCMDatanodeProtocolServer.java:start(194)) - ScmDatanodeProtocol RPC server for DataNodes is listening at /0.0.0.0:15536
2024-04-29 10:07:37,462 [IPC Server Responder] INFO  ipc.Server (Server.java:run(1562)) - IPC Server Responder: starting
2024-04-29 10:07:37,465 [IPC Server listener on 15536] INFO  ipc.Server (Server.java:run(1402)) - IPC Server listener on 15536: starting
2024-04-29 10:07:37,481 [JvmPauseMonitor66] INFO  util.JvmPauseMonitor (JvmPauseMonitor.java:run(146)) - JvmPauseMonitor-82ca2f0e-70c7-49ae-a850-1dace803bbdd: Started
2024-04-29 10:07:37,482 [main] INFO  http.BaseHttpServer (BaseHttpServer.java:newHttpServer2BuilderForOzone(223)) - Starting Web-server for scm at: http://0.0.0.0:15537
2024-04-29 10:07:37,482 [main] INFO  http.BaseHttpServer (BaseHttpServer.java:<init>(110)) - Hadoop Security Enabled: false Ozone Security Enabled: false Ozone HTTP Security Enabled: false 
2024-04-29 10:07:37,483 [main] WARN  server.AuthenticationFilter (AuthenticationFilter.java:constructSecretProvider(240)) - Unable to initialize FileSignerSecretProvider, falling back to use random secrets. Reason: Could not read signature secret file: /home/runner/hadoop-http-auth-signature-secret
2024-04-29 10:07:37,483 [main] INFO  http.HttpRequestLog (HttpRequestLog.java:getRequestLog(86)) - Http request log for http.requests.scm is not defined
2024-04-29 10:07:37,484 [main] INFO  http.HttpServer2 (HttpServer2.java:addGlobalFilter(1036)) - Added global filter 'safety' (class=org.apache.hadoop.hdds.server.http.HttpServer2$QuotingInputFilter)
2024-04-29 10:07:37,484 [main] INFO  http.HttpServer2 (HttpServer2.java:addFilter(1012)) - Added filter static_user_filter (class=org.apache.hadoop.http.lib.StaticUserWebFilter$StaticUserFilter) to context scm
2024-04-29 10:07:37,484 [main] INFO  http.HttpServer2 (HttpServer2.java:addFilter(1020)) - Added filter static_user_filter (class=org.apache.hadoop.http.lib.StaticUserWebFilter$StaticUserFilter) to context logs
2024-04-29 10:07:37,484 [main] INFO  http.HttpServer2 (HttpServer2.java:addFilter(1020)) - Added filter static_user_filter (class=org.apache.hadoop.http.lib.StaticUserWebFilter$StaticUserFilter) to context static
2024-04-29 10:07:37,485 [main] INFO  http.BaseHttpServer (BaseHttpServer.java:<init>(189)) - HTTP server of scm uses base directory /home/runner/work/ozone/ozone/hadoop-ozone/integration-test/target/test-dir/MiniOzoneClusterImpl-b29d8e3c-9ac1-4bd8-916d-9a49b4a73262/ozone-meta/webserver
2024-04-29 10:07:37,485 [main] INFO  http.HttpServer2 (HttpServer2.java:bindListener(1236)) - Jetty bound to port 15537
2024-04-29 10:07:37,485 [main] INFO  server.Server (Server.java:doStart(375)) - jetty-9.4.54.v20240208; built: 2024-02-08T19:42:39.027Z; git: cef3fbd6d736a21e7d541a5db490381d95a2047d; jvm 17.0.10+7
2024-04-29 10:07:37,486 [main] INFO  server.session (DefaultSessionIdManager.java:doStart(334)) - DefaultSessionIdManager workerName=node0
2024-04-29 10:07:37,486 [main] INFO  server.session (DefaultSessionIdManager.java:doStart(339)) - No SessionScavenger set, using defaults
2024-04-29 10:07:37,487 [main] INFO  server.session (HouseKeeper.java:startScavenging(132)) - node0 Scavenging every 660000ms
2024-04-29 10:07:37,487 [main] INFO  handler.ContextHandler (ContextHandler.java:doStart(921)) - Started o.e.j.s.ServletContextHandler@63828988{logs,/logs,file:///home/runner/work/ozone/ozone/hadoop-ozone/integration-test/target/log,AVAILABLE}
2024-04-29 10:07:37,487 [main] INFO  handler.ContextHandler (ContextHandler.java:doStart(921)) - Started o.e.j.s.ServletContextHandler@54c6506d{static,/static,file:///home/runner/work/ozone/ozone/hadoop-ozone/integration-test/target/test-classes/webapps/static,AVAILABLE}
2024-04-29 10:07:37,490 [main] INFO  handler.ContextHandler (ContextHandler.java:doStart(921)) - Started o.e.j.w.WebAppContext@6185cb4d{scm,/,file:///home/runner/work/ozone/ozone/hadoop-ozone/integration-test/target/test-classes/webapps/scm/,AVAILABLE}{file:/home/runner/work/ozone/ozone/hadoop-ozone/integration-test/target/test-classes/webapps/scm}
2024-04-29 10:07:37,490 [main] INFO  server.AbstractConnector (AbstractConnector.java:doStart(333)) - Started ServerConnector@59362a47{HTTP/1.1, (http/1.1)}{0.0.0.0:15537}
2024-04-29 10:07:37,490 [main] INFO  server.Server (Server.java:doStart(415)) - Started @224863ms
2024-04-29 10:07:37,491 [main] WARN  impl.MetricsSystemImpl (MetricsSystemImpl.java:register(279)) - Sink prometheus already exists!
2024-04-29 10:07:37,491 [main] INFO  http.BaseHttpServer (BaseHttpServer.java:updateConnectorAddress(354)) - HTTP server of scm listening at http://0.0.0.0:15537
2024-04-29 10:07:37,491 [main] WARN  server.ServerUtils (ServerUtils.java:getDBPath(299)) - ozone.om.db.dirs is not configured. We recommend adding this setting. Falling back to ozone.metadata.dirs instead.
2024-04-29 10:07:37,492 [main] INFO  ha.OMHANodeDetails (OMHANodeDetails.java:loadOMHAConfig(115)) - ozone.om.internal.service.id is not defined, falling back to ozone.om.service.ids to find serviceID for OzoneManager if it is HA enabled cluster
2024-04-29 10:07:37,492 [main] INFO  ha.OMHANodeDetails (OMHANodeDetails.java:loadOMHAConfig(226)) - Configuration does not have ozone.om.address set. Falling back to the default OM address /127.0.0.1:15538
2024-04-29 10:07:37,493 [main] INFO  ha.OMHANodeDetails (OMHANodeDetails.java:getOMNodeDetailsForNonHA(254)) - OM Service ID is not set. Setting it to the default ID: omServiceIdDefault
2024-04-29 10:07:37,493 [main] INFO  ha.OMHANodeDetails (OMHANodeDetails.java:getOMNodeDetailsForNonHA(261)) - OM Node ID is not set. Setting it to the default ID: om1
2024-04-29 10:07:37,493 [main] WARN  server.ServerUtils (ServerUtils.java:getDBPath(299)) - ozone.om.db.dirs is not configured. We recommend adding this setting. Falling back to ozone.metadata.dirs instead.
2024-04-29 10:07:37,494 [main] INFO  upgrade.AbstractLayoutVersionManager (AbstractLayoutVersionManager.java:init(83)) - Initializing Layout version manager with metadata layout = QUOTA (version = 6), software layout = QUOTA (version = 6)
2024-04-29 10:07:37,518 [main] INFO  reflections.Reflections (Reflections.java:scan(219)) - Reflections took 24 ms to scan 2 urls, producing 188 keys and 545 values
2024-04-29 10:07:37,518 [main] INFO  upgrade.OMLayoutVersionManager (OMLayoutVersionManager.java:lambda$0(113)) - Skipping Upgrade Action QuotaRepairUpgradeAction since it has been finalized.
2024-04-29 10:07:37,519 [main] INFO  upgrade.OMLayoutVersionManager (OMLayoutVersionManager.java:lambda$0(113)) - Skipping Upgrade Action MockOmUpgradeAction since it has been finalized.
2024-04-29 10:07:37,519 [main] WARN  server.ServerUtils (ServerUtils.java:getDBPath(299)) - ozone.om.db.dirs is not configured. We recommend adding this setting. Falling back to ozone.metadata.dirs instead.
2024-04-29 10:07:37,520 [main] INFO  proxy.SCMBlockLocationFailoverProxyProvider (SCMBlockLocationFailoverProxyProvider.java:<init>(115)) - Created block location fail-over proxy with 1 nodes: [nodeId=scmNodeId,nodeAddress=/0.0.0.0:15535]
2024-04-29 10:07:37,521 [main] INFO  proxy.SCMBlockLocationFailoverProxyProvider (SCMBlockLocationFailoverProxyProvider.java:<init>(115)) - Created block location fail-over proxy with 1 nodes: [nodeId=scmNodeId,nodeAddress=/0.0.0.0:15535]
2024-04-29 10:07:37,523 [main] INFO  om.OzoneManager (OzoneManager.java:<init>(677)) - OM start with adminUsers: [runner]
2024-04-29 10:07:37,524 [main] WARN  server.ServerUtils (ServerUtils.java:getDBPath(299)) - ozone.om.db.dirs is not configured. We recommend adding this setting. Falling back to ozone.metadata.dirs instead.
2024-04-29 10:07:37,524 [main] INFO  helpers.OmKeyInfo (OmKeyInfo.java:getCodec(72)) - OmKeyInfo.getCodec ignorePipeline = true
2024-04-29 10:07:37,705 [main] INFO  om.OzoneManager (OzoneManager.java:instantiateServices(811)) - S3 Multi-Tenancy is disabled
2024-04-29 10:07:37,705 [main] INFO  om.OmSnapshotManager (OmSnapshotManager.java:<init>(179)) - Ozone filesystem snapshot feature is enabled.
2024-04-29 10:07:37,705 [main] WARN  server.ServerUtils (ServerUtils.java:getDBPath(299)) - ozone.om.snapshot.diff.db.dir is not configured. We recommend adding this setting. Falling back to ozone.metadata.dirs instead.
2024-04-29 10:07:37,722 [main] INFO  utils.NativeLibraryLoader (NativeLibraryLoader.java:loadLibrary(111)) - Loading Library: ozone_rocksdb_tools
2024-04-29 10:07:37,723 [main] ERROR snapshot.SnapshotDiffManager (SnapshotDiffManager.java:initNativeLibraryForEfficientDiff(287)) - Native Library for raw sst file reading loading failed.
org.apache.hadoop.hdds.utils.NativeLibraryNotLoadedException: Unable to load library ozone_rocksdb_tools from both java.library.path & resource file libozone_rocksdb_tools.so from jar.
	at org.apache.hadoop.hdds.utils.db.managed.ManagedRawSSTFileReader.loadLibrary(ManagedRawSSTFileReader.java:40)
	at org.apache.hadoop.ozone.om.snapshot.SnapshotDiffManager.initNativeLibraryForEfficientDiff(SnapshotDiffManager.java:285)
	at org.apache.hadoop.ozone.om.snapshot.SnapshotDiffManager.<init>(SnapshotDiffManager.java:259)
	at org.apache.hadoop.ozone.om.OmSnapshotManager.<init>(OmSnapshotManager.java:286)
	at org.apache.hadoop.ozone.om.OzoneManager.instantiateServices(OzoneManager.java:863)
	at org.apache.hadoop.ozone.om.OzoneManager.<init>(OzoneManager.java:687)
	at org.apache.hadoop.ozone.om.OzoneManager.createOm(OzoneManager.java:774)
	at org.apache.hadoop.ozone.MiniOzoneClusterImpl$Builder.createOM(MiniOzoneClusterImpl.java:689)
	at org.apache.hadoop.ozone.MiniOzoneClusterImpl$Builder.createAndStartSingleOM(MiniOzoneClusterImpl.java:673)
	at org.apache.hadoop.ozone.MiniOzoneClusterImpl$Builder.build(MiniOzoneClusterImpl.java:535)
	at org.apache.hadoop.ozone.client.rpc.TestWatchForCommit.init(TestWatchForCommit.java:154)
	at java.base/jdk.internal.reflect.NativeMethodAccessorImpl.invoke0(Native Method)
	at java.base/jdk.internal.reflect.NativeMethodAccessorImpl.invoke(NativeMethodAccessorImpl.java:77)
	at java.base/jdk.internal.reflect.DelegatingMethodAccessorImpl.invoke(DelegatingMethodAccessorImpl.java:43)
	at java.base/java.lang.reflect.Method.invoke(Method.java:568)
	at org.junit.platform.commons.util.ReflectionUtils.invokeMethod(ReflectionUtils.java:728)
	at org.junit.jupiter.engine.execution.MethodInvocation.proceed(MethodInvocation.java:60)
	at org.junit.jupiter.engine.execution.InvocationInterceptorChain$ValidatingInvocation.proceed(InvocationInterceptorChain.java:131)
	at org.junit.jupiter.engine.extension.TimeoutExtension.intercept(TimeoutExtension.java:156)
	at org.junit.jupiter.engine.extension.TimeoutExtension.interceptLifecycleMethod(TimeoutExtension.java:128)
	at org.junit.jupiter.engine.extension.TimeoutExtension.interceptBeforeEachMethod(TimeoutExtension.java:78)
	at org.junit.jupiter.engine.execution.InterceptingExecutableInvoker$ReflectiveInterceptorCall.lambda$ofVoidMethod$0(InterceptingExecutableInvoker.java:103)
	at org.junit.jupiter.engine.execution.InterceptingExecutableInvoker.lambda$invoke$0(InterceptingExecutableInvoker.java:93)
	at org.junit.jupiter.engine.execution.InvocationInterceptorChain$InterceptedInvocation.proceed(InvocationInterceptorChain.java:106)
	at org.junit.jupiter.engine.execution.InvocationInterceptorChain.proceed(InvocationInterceptorChain.java:64)
	at org.junit.jupiter.engine.execution.InvocationInterceptorChain.chainAndInvoke(InvocationInterceptorChain.java:45)
	at org.junit.jupiter.engine.execution.InvocationInterceptorChain.invoke(InvocationInterceptorChain.java:37)
	at org.junit.jupiter.engine.execution.InterceptingExecutableInvoker.invoke(InterceptingExecutableInvoker.java:92)
	at org.junit.jupiter.engine.execution.InterceptingExecutableInvoker.invoke(InterceptingExecutableInvoker.java:86)
	at org.junit.jupiter.engine.descriptor.ClassBasedTestDescriptor.invokeMethodInExtensionContext(ClassBasedTestDescriptor.java:521)
	at org.junit.jupiter.engine.descriptor.ClassBasedTestDescriptor.lambda$synthesizeBeforeEachMethodAdapter$23(ClassBasedTestDescriptor.java:506)
	at org.junit.jupiter.engine.descriptor.TestMethodTestDescriptor.lambda$invokeBeforeEachMethods$3(TestMethodTestDescriptor.java:175)
	at org.junit.jupiter.engine.descriptor.TestMethodTestDescriptor.lambda$invokeBeforeMethodsOrCallbacksUntilExceptionOccurs$6(TestMethodTestDescriptor.java:203)
	at org.junit.platform.engine.support.hierarchical.ThrowableCollector.execute(ThrowableCollector.java:73)
	at org.junit.jupiter.engine.descriptor.TestMethodTestDescriptor.invokeBeforeMethodsOrCallbacksUntilExceptionOccurs(TestMethodTestDescriptor.java:203)
	at org.junit.jupiter.engine.descriptor.TestMethodTestDescriptor.invokeBeforeEachMethods(TestMethodTestDescriptor.java:172)
	at org.junit.jupiter.engine.descriptor.TestMethodTestDescriptor.execute(TestMethodTestDescriptor.java:135)
	at org.junit.jupiter.engine.descriptor.TestMethodTestDescriptor.execute(TestMethodTestDescriptor.java:69)
	at org.junit.platform.engine.support.hierarchical.NodeTestTask.lambda$executeRecursively$6(NodeTestTask.java:151)
	at org.junit.platform.engine.support.hierarchical.ThrowableCollector.execute(ThrowableCollector.java:73)
	at org.junit.platform.engine.support.hierarchical.NodeTestTask.lambda$executeRecursively$8(NodeTestTask.java:141)
	at org.junit.platform.engine.support.hierarchical.Node.around(Node.java:137)
	at org.junit.platform.engine.support.hierarchical.NodeTestTask.lambda$executeRecursively$9(NodeTestTask.java:139)
	at org.junit.platform.engine.support.hierarchical.ThrowableCollector.execute(ThrowableCollector.java:73)
	at org.junit.platform.engine.support.hierarchical.NodeTestTask.executeRecursively(NodeTestTask.java:138)
	at org.junit.platform.engine.support.hierarchical.NodeTestTask.execute(NodeTestTask.java:95)
	at java.base/java.util.ArrayList.forEach(ArrayList.java:1511)
	at org.junit.platform.engine.support.hierarchical.SameThreadHierarchicalTestExecutorService.invokeAll(SameThreadHierarchicalTestExecutorService.java:41)
	at org.junit.platform.engine.support.hierarchical.NodeTestTask.lambda$executeRecursively$6(NodeTestTask.java:155)
	at org.junit.platform.engine.support.hierarchical.ThrowableCollector.execute(ThrowableCollector.java:73)
	at org.junit.platform.engine.support.hierarchical.NodeTestTask.lambda$executeRecursively$8(NodeTestTask.java:141)
	at org.junit.platform.engine.support.hierarchical.Node.around(Node.java:137)
	at org.junit.platform.engine.support.hierarchical.NodeTestTask.lambda$executeRecursively$9(NodeTestTask.java:139)
	at org.junit.platform.engine.support.hierarchical.ThrowableCollector.execute(ThrowableCollector.java:73)
	at org.junit.platform.engine.support.hierarchical.NodeTestTask.executeRecursively(NodeTestTask.java:138)
	at org.junit.platform.engine.support.hierarchical.NodeTestTask.execute(NodeTestTask.java:95)
	at java.base/java.util.ArrayList.forEach(ArrayList.java:1511)
	at org.junit.platform.engine.support.hierarchical.SameThreadHierarchicalTestExecutorService.invokeAll(SameThreadHierarchicalTestExecutorService.java:41)
	at org.junit.platform.engine.support.hierarchical.NodeTestTask.lambda$executeRecursively$6(NodeTestTask.java:155)
	at org.junit.platform.engine.support.hierarchical.ThrowableCollector.execute(ThrowableCollector.java:73)
	at org.junit.platform.engine.support.hierarchical.NodeTestTask.lambda$executeRecursively$8(NodeTestTask.java:141)
	at org.junit.platform.engine.support.hierarchical.Node.around(Node.java:137)
	at org.junit.platform.engine.support.hierarchical.NodeTestTask.lambda$executeRecursively$9(NodeTestTask.java:139)
	at org.junit.platform.engine.support.hierarchical.ThrowableCollector.execute(ThrowableCollector.java:73)
	at org.junit.platform.engine.support.hierarchical.NodeTestTask.executeRecursively(NodeTestTask.java:138)
	at org.junit.platform.engine.support.hierarchical.NodeTestTask.execute(NodeTestTask.java:95)
	at org.junit.platform.engine.support.hierarchical.SameThreadHierarchicalTestExecutorService.submit(SameThreadHierarchicalTestExecutorService.java:35)
	at org.junit.platform.engine.support.hierarchical.HierarchicalTestExecutor.execute(HierarchicalTestExecutor.java:57)
	at org.junit.platform.engine.support.hierarchical.HierarchicalTestEngine.execute(HierarchicalTestEngine.java:54)
	at org.junit.platform.launcher.core.EngineExecutionOrchestrator.execute(EngineExecutionOrchestrator.java:198)
	at org.junit.platform.launcher.core.EngineExecutionOrchestrator.execute(EngineExecutionOrchestrator.java:169)
	at org.junit.platform.launcher.core.EngineExecutionOrchestrator.execute(EngineExecutionOrchestrator.java:93)
	at org.junit.platform.launcher.core.EngineExecutionOrchestrator.lambda$execute$0(EngineExecutionOrchestrator.java:58)
	at org.junit.platform.launcher.core.EngineExecutionOrchestrator.withInterceptedStreams(EngineExecutionOrchestrator.java:141)
	at org.junit.platform.launcher.core.EngineExecutionOrchestrator.execute(EngineExecutionOrchestrator.java:57)
	at org.junit.platform.launcher.core.DefaultLauncher.execute(DefaultLauncher.java:103)
	at org.junit.platform.launcher.core.DefaultLauncher.execute(DefaultLauncher.java:85)
	at org.junit.platform.launcher.core.DelegatingLauncher.execute(DelegatingLauncher.java:47)
	at org.junit.platform.launcher.core.SessionPerRequestLauncher.execute(SessionPerRequestLauncher.java:63)
	at org.apache.maven.surefire.junitplatform.JUnitPlatformProvider.invokeAllTests(JUnitPlatformProvider.java:165)
	at org.apache.maven.surefire.junitplatform.JUnitPlatformProvider.invoke(JUnitPlatformProvider.java:123)
	at org.apache.maven.surefire.booter.ForkedBooter.runSuitesInProcess(ForkedBooter.java:377)
	at org.apache.maven.surefire.booter.ForkedBooter.execute(ForkedBooter.java:138)
	at org.apache.maven.surefire.booter.ForkedBooter.run(ForkedBooter.java:465)
	at org.apache.maven.surefire.booter.ForkedBooter.main(ForkedBooter.java:451)
2024-04-29 10:07:37,725 [main] INFO  om.OzoneManager (OzoneManager.java:addS3GVolumeToDB(4463)) - Created Volume s3v With Owner runner required for S3Gateway operations.
2024-04-29 10:07:37,725 [main] WARN  server.ServerUtils (ServerUtils.java:getDefaultRatisDirectory(311)) - Storage directory for Ratis is not configured. It is a good idea to map this to an SSD disk. Falling back to ozone.metadata.dirs
2024-04-29 10:07:37,725 [main] WARN  utils.OzoneManagerRatisUtils (OzoneManagerRatisUtils.java:getOMRatisSnapshotDirectory(476)) - ozone.om.ratis.snapshot.dir is not configured. Falling back to ozone.metadata.dirs config
2024-04-29 10:07:37,726 [main] WARN  server.ServerUtils (ServerUtils.java:getDefaultRatisDirectory(311)) - Storage directory for Ratis is not configured. It is a good idea to map this to an SSD disk. Falling back to ozone.metadata.dirs
2024-04-29 10:07:37,727 [main] INFO  ratis.OzoneManagerRatisServer (OzoneManagerRatisServer.java:<init>(167)) - Instantiating OM Ratis server with groupID: omServiceIdDefault and peers: localhost:15541
2024-04-29 10:07:37,727 [main] INFO  ratis.OzoneManagerStateMachine (OzoneManagerStateMachine.java:loadSnapshotInfoFromDB(589)) - TransactionInfo not found in OM DB.
2024-04-29 10:07:37,727 [main] INFO  server.RaftServer (ConfUtils.java:logGet(46)) - raft.rpc.type = GRPC (default)
2024-04-29 10:07:37,728 [main] INFO  grpc.GrpcConfigKeys (ConfUtils.java:logFallback(53)) - raft.grpc.admin.host = null (fallback to raft.grpc.server.host)
2024-04-29 10:07:37,728 [main] INFO  grpc.GrpcConfigKeys (ConfUtils.java:logFallback(53)) - raft.grpc.admin.port = 15541 (fallback to raft.grpc.server.port)
2024-04-29 10:07:37,728 [main] INFO  grpc.GrpcConfigKeys (ConfUtils.java:logFallback(53)) - raft.grpc.client.host = null (fallback to raft.grpc.server.host)
2024-04-29 10:07:37,728 [main] INFO  grpc.GrpcConfigKeys (ConfUtils.java:logFallback(53)) - raft.grpc.client.port = 15541 (fallback to raft.grpc.server.port)
2024-04-29 10:07:37,728 [main] INFO  grpc.GrpcConfigKeys (ConfUtils.java:logGet(46)) - raft.grpc.server.host = null (default)
2024-04-29 10:07:37,728 [main] INFO  grpc.GrpcConfigKeys (ConfUtils.java:logGet(46)) - raft.grpc.server.port = 15541 (custom)
2024-04-29 10:07:37,728 [main] INFO  server.GrpcService (ConfUtils.java:logGet(46)) - raft.grpc.message.size.max = 4194304 (custom)
2024-04-29 10:07:37,728 [main] INFO  server.RaftServerConfigKeys (ConfUtils.java:logGet(46)) - raft.server.log.appender.buffer.byte-limit = 4194304 (custom)
2024-04-29 10:07:37,728 [main] INFO  server.GrpcService (ConfUtils.java:logGet(46)) - raft.grpc.flow.control.window = 1MB (=1048576) (default)
2024-04-29 10:07:37,728 [main] INFO  server.RaftServerConfigKeys (ConfUtils.java:logGet(46)) - raft.server.rpc.request.timeout = 3000ms (default)
2024-04-29 10:07:37,729 [main] INFO  grpc.GrpcConfigKeys (ConfUtils.java:logGet(46)) - raft.grpc.server.heartbeat.channel = true (default)
2024-04-29 10:07:37,729 [main] INFO  grpc.GrpcConfigKeys (ConfUtils.java:logGet(46)) - raft.grpc.server.async.request.thread.pool.cached = true (default)
2024-04-29 10:07:37,729 [main] INFO  grpc.GrpcConfigKeys (ConfUtils.java:logGet(46)) - raft.grpc.server.async.request.thread.pool.size = 32 (default)
2024-04-29 10:07:37,730 [main] INFO  impl.DataStreamServerImpl (ConfUtils.java:logGet(46)) - raft.datastream.type = DISABLED (default)
2024-04-29 10:07:37,730 [main] INFO  server.RaftServerConfigKeys (ConfUtils.java:logGet(46)) - raft.server.sleep.deviation.threshold = 300ms (default)
2024-04-29 10:07:37,730 [main] INFO  server.RaftServerConfigKeys (ConfUtils.java:logGet(46)) - raft.server.close.threshold = 60s (default)
2024-04-29 10:07:37,730 [main] INFO  server.RaftServerConfigKeys (ConfUtils.java:logGet(46)) - raft.server.leaderelection.leader.step-down.wait-time = 10s (default)
2024-04-29 10:07:37,730 [main] INFO  server.RaftServerConfigKeys (ConfUtils.java:logGet(46)) - raft.server.storage.dir = [/home/runner/work/ozone/ozone/hadoop-ozone/integration-test/target/test-dir/MiniOzoneClusterImpl-b29d8e3c-9ac1-4bd8-916d-9a49b4a73262/ozone-meta/ratis] (custom)
2024-04-29 10:07:37,730 [main] INFO  server.RaftServerConfigKeys (ConfUtils.java:logGet(46)) - raft.server.threadpool.proxy.cached = true (default)
2024-04-29 10:07:37,730 [main] INFO  server.RaftServerConfigKeys (ConfUtils.java:logGet(46)) - raft.server.threadpool.proxy.size = 0 (default)
2024-04-29 10:07:37,731 [main] INFO  server.RaftServer (RaftServerProxy.java:addNew(100)) - om1: addNew group-C5BA1605619E:[om1|localhost:15541] returns group-C5BA1605619E:java.util.concurrent.CompletableFuture@2e754572[Not completed]
2024-04-29 10:07:37,731 [main] INFO  om.OzoneManager (OzoneManager.java:initializeRatisServer(2168)) - OzoneManager Ratis server initialized at port 15541
2024-04-29 10:07:37,731 [om1-groupManagement] INFO  server.RaftServer$Division (RaftServerImpl.java:<init>(256)) - om1: new RaftServerImpl for group-C5BA1605619E:[om1|localhost:15541] with OzoneManagerStateMachine:uninitialized
2024-04-29 10:07:37,731 [main] INFO  om.OzoneManager (OzoneManager.java:getRpcServer(1227)) - Creating RPC Server
2024-04-29 10:07:37,731 [om1-groupManagement] INFO  server.RaftServerConfigKeys (ConfUtils.java:logGet(46)) - raft.server.rpc.timeout.min = 1s (custom)
2024-04-29 10:07:37,732 [om1-groupManagement] INFO  server.RaftServerConfigKeys (ConfUtils.java:logGet(46)) - raft.server.rpc.timeout.max = 1200ms (custom)
2024-04-29 10:07:37,732 [om1-groupManagement] INFO  server.RaftServerConfigKeys (ConfUtils.java:logGet(46)) - raft.server.rpc.sleep.time = 25ms (default)
2024-04-29 10:07:37,732 [om1-groupManagement] INFO  server.RaftServerConfigKeys (ConfUtils.java:logGet(46)) - raft.server.rpc.slowness.timeout = 120s (custom)
2024-04-29 10:07:37,732 [om1-groupManagement] INFO  server.RaftServerConfigKeys (ConfUtils.java:logGet(46)) - raft.server.leaderelection.leader.step-down.wait-time = 10s (default)
2024-04-29 10:07:37,732 [om1-groupManagement] INFO  server.RaftServerConfigKeys (ConfUtils.java:logGet(46)) - raft.server.leaderelection.member.majority-add = false (default)
2024-04-29 10:07:37,732 [om1-groupManagement] INFO  server.RaftServerConfigKeys (ConfUtils.java:logGet(46)) - raft.server.sleep.deviation.threshold = 300ms (default)
2024-04-29 10:07:37,732 [om1-groupManagement] INFO  server.RaftServer$Division (ServerState.java:<init>(113)) - om1@group-C5BA1605619E: ConfigurationManager, init=-1: peers:[om1|localhost:15541]|listeners:[], old=null, confs=<EMPTY_MAP>
2024-04-29 10:07:37,732 [om1-groupManagement] INFO  server.RaftServerConfigKeys (ConfUtils.java:logGet(46)) - raft.server.notification.no-leader.timeout = 120s (custom)
2024-04-29 10:07:37,732 [om1-groupManagement] INFO  server.RaftServerConfigKeys (ConfUtils.java:logGet(46)) - raft.server.read.timeout = 10s (default)
2024-04-29 10:07:37,733 [om1-groupManagement] INFO  server.RaftServerConfigKeys (ConfUtils.java:logGet(46)) - raft.server.retrycache.expirytime = 300s (custom)
2024-04-29 10:07:37,733 [om1-groupManagement] INFO  server.RaftServerConfigKeys (ConfUtils.java:logGet(46)) - raft.server.retrycache.statistics.expirytime = 100ms (default)
2024-04-29 10:07:37,733 [om1-groupManagement] INFO  server.RaftServerConfigKeys (ConfUtils.java:logGet(46)) - raft.server.read.option = DEFAULT (default)
2024-04-29 10:07:37,733 [om1-groupManagement] INFO  server.RaftServerConfigKeys (ConfUtils.java:logGet(46)) - raft.server.read.read-after-write-consistent.write-index-cache.expiry-time = 60s (default)
2024-04-29 10:07:37,734 [om1-groupManagement] INFO  server.RaftServerConfigKeys (ConfUtils.java:logGet(46)) - raft.server.rpc.request.timeout = 3000ms (default)
2024-04-29 10:07:37,734 [om1-groupManagement] INFO  server.RaftServerConfigKeys (ConfUtils.java:logGet(46)) - raft.server.log.appender.install.snapshot.enabled = false (custom)
2024-04-29 10:07:37,734 [om1-groupManagement] INFO  server.RaftServerConfigKeys (ConfUtils.java:logGet(46)) - raft.server.threadpool.server.cached = true (default)
2024-04-29 10:07:37,734 [om1-groupManagement] INFO  server.RaftServerConfigKeys (ConfUtils.java:logGet(46)) - raft.server.threadpool.server.size = 0 (default)
2024-04-29 10:07:37,734 [om1-groupManagement] INFO  server.RaftServerConfigKeys (ConfUtils.java:logGet(46)) - raft.server.threadpool.client.cached = true (default)
2024-04-29 10:07:37,734 [om1-groupManagement] INFO  server.RaftServerConfigKeys (ConfUtils.java:logGet(46)) - raft.server.threadpool.client.size = 0 (default)
2024-04-29 10:07:37,985 [main] INFO  reflections.Reflections (Reflections.java:scan(219)) - Reflections took 253 ms to scan 20 urls, producing 58 keys and 6549 values
2024-04-29 10:07:37,987 [main] INFO  ipc.CallQueueManager (CallQueueManager.java:<init>(90)) - Using callQueue: class java.util.concurrent.LinkedBlockingQueue, queueCapacity: 2000, scheduler: class org.apache.hadoop.ipc.DefaultRpcScheduler, ipcBackoff: false.
2024-04-29 10:07:37,987 [main] INFO  ipc.Server (Server.java:<init>(1287)) - Listener at 127.0.0.1:15538
2024-04-29 10:07:37,987 [Socket Reader #1 for port 15538] INFO  ipc.Server (Server.java:run(1323)) - Starting Socket Reader #1 for port 15538
2024-04-29 10:07:38,000 [main] INFO  impl.MetricsSystemImpl (MetricsSystemImpl.java:init(158)) - OzoneManager metrics system started (again)
2024-04-29 10:07:38,008 [main] INFO  om.OzoneManager (OzoneManager.java:start(1649)) - OzoneManager RPC server is listening at localhost/127.0.0.1:15538
2024-04-29 10:07:38,008 [main] INFO  ratis.OzoneManagerRatisServer (OzoneManagerRatisServer.java:start(588)) - Starting OzoneManagerRatisServer om1 at port 15541
2024-04-29 10:07:38,008 [om1-impl-thread1] INFO  server.RaftServerConfigKeys (ConfUtils.java:logGet(46)) - raft.server.storage.free-space.min = 0MB (=0) (default)
2024-04-29 10:07:38,008 [om1-impl-thread1] INFO  server.RaftServerConfigKeys (ConfUtils.java:logGet(46)) - raft.server.log.corruption.policy = EXCEPTION (default)
2024-04-29 10:07:38,008 [om1-impl-thread1] INFO  server.RaftServerConfigKeys (ConfUtils.java:logGet(46)) - raft.server.storage.dir = [/home/runner/work/ozone/ozone/hadoop-ozone/integration-test/target/test-dir/MiniOzoneClusterImpl-b29d8e3c-9ac1-4bd8-916d-9a49b4a73262/ozone-meta/ratis] (custom)
2024-04-29 10:07:38,008 [om1-impl-thread1] INFO  storage.RaftStorageDirectory (RaftStorageDirectoryImpl.java:analyzeStorage(138)) - The storage directory /home/runner/work/ozone/ozone/hadoop-ozone/integration-test/target/test-dir/MiniOzoneClusterImpl-b29d8e3c-9ac1-4bd8-916d-9a49b4a73262/ozone-meta/ratis/bf265839-605b-3f16-9796-c5ba1605619e does not exist. Creating ...
2024-04-29 10:07:38,010 [om1-impl-thread1] INFO  storage.RaftStorageDirectory (RaftStorageDirectoryImpl.java:tryLock(228)) - Lock on /home/runner/work/ozone/ozone/hadoop-ozone/integration-test/target/test-dir/MiniOzoneClusterImpl-b29d8e3c-9ac1-4bd8-916d-9a49b4a73262/ozone-meta/ratis/bf265839-605b-3f16-9796-c5ba1605619e/in_use.lock acquired by nodename 20825@fv-az913-54
2024-04-29 10:07:38,011 [om1-impl-thread1] INFO  storage.RaftStorage (RaftStorageImpl.java:format(99)) - Storage directory /home/runner/work/ozone/ozone/hadoop-ozone/integration-test/target/test-dir/MiniOzoneClusterImpl-b29d8e3c-9ac1-4bd8-916d-9a49b4a73262/ozone-meta/ratis/bf265839-605b-3f16-9796-c5ba1605619e has been successfully formatted.
2024-04-29 10:07:38,011 [om1-impl-thread1] WARN  util.FileUtils (LogUtils.java:supplyAndLog(63)) - Failed to Files.newInputStream /home/runner/work/ozone/ozone/hadoop-ozone/integration-test/target/test-dir/MiniOzoneClusterImpl-b29d8e3c-9ac1-4bd8-916d-9a49b4a73262/ozone-meta/ratis/bf265839-605b-3f16-9796-c5ba1605619e/current/raft-meta.conf with options []: java.nio.file.NoSuchFileException: /home/runner/work/ozone/ozone/hadoop-ozone/integration-test/target/test-dir/MiniOzoneClusterImpl-b29d8e3c-9ac1-4bd8-916d-9a49b4a73262/ozone-meta/ratis/bf265839-605b-3f16-9796-c5ba1605619e/current/raft-meta.conf
2024-04-29 10:07:38,011 [om1-impl-thread1] INFO  server.RaftServerConfigKeys (ConfUtils.java:logGet(46)) - raft.server.log.use.memory = false (default)
2024-04-29 10:07:38,011 [om1-impl-thread1] INFO  server.RaftServerConfigKeys (ConfUtils.java:logGet(46)) - raft.server.log.purge.gap = 1000000 (custom)
2024-04-29 10:07:38,011 [om1-impl-thread1] INFO  server.RaftServerConfigKeys (ConfUtils.java:logGet(46)) - raft.server.log.appender.buffer.byte-limit = 4194304 (custom)
2024-04-29 10:07:38,011 [om1-impl-thread1] INFO  server.RaftServerConfigKeys (ConfUtils.java:logGet(46)) - raft.server.log.statemachine.data.read.timeout = 1000ms (default)
2024-04-29 10:07:38,011 [om1-impl-thread1] INFO  server.RaftServerConfigKeys (ConfUtils.java:logGet(46)) - raft.server.log.purge.preservation.log.num = 0 (default)
2024-04-29 10:07:38,012 [om1-impl-thread1] INFO  server.RaftServerConfigKeys (ConfUtils.java:logGet(46)) - raft.server.log.segment.size.max = 4194304 (custom)
2024-04-29 10:07:38,012 [om1-impl-thread1] INFO  server.RaftServerConfigKeys (ConfUtils.java:logGet(46)) - raft.server.log.segment.cache.num.max = 2 (custom)
2024-04-29 10:07:38,012 [om1-impl-thread1] INFO  server.RaftServerConfigKeys (ConfUtils.java:logGet(46)) - raft.server.log.segment.cache.size.max = 200MB (=209715200) (default)
2024-04-29 10:07:38,012 [om1-impl-thread1] INFO  server.RaftServerConfigKeys (ConfUtils.java:logGet(46)) - raft.server.log.appender.buffer.byte-limit = 4194304 (custom)
2024-04-29 10:07:38,012 [om1-impl-thread1] INFO  util.AwaitToRun (AwaitToRun.java:start(81)) - Thread[om1@group-C5BA1605619E-cacheEviction-AwaitToRun,5,main] started
2024-04-29 10:07:38,012 [om1-impl-thread1] INFO  segmented.SegmentedRaftLogWorker (SegmentedRaftLogWorker.java:<init>(182)) - new om1@group-C5BA1605619E-SegmentedRaftLogWorker for RaftStorageImpl:Storage Directory /home/runner/work/ozone/ozone/hadoop-ozone/integration-test/target/test-dir/MiniOzoneClusterImpl-b29d8e3c-9ac1-4bd8-916d-9a49b4a73262/ozone-meta/ratis/bf265839-605b-3f16-9796-c5ba1605619e
2024-04-29 10:07:38,012 [om1-impl-thread1] INFO  server.RaftServerConfigKeys (ConfUtils.java:logGet(46)) - raft.server.log.queue.byte-limit = 64MB (=67108864) (default)
2024-04-29 10:07:38,012 [om1-impl-thread1] INFO  server.RaftServerConfigKeys (ConfUtils.java:logGet(46)) - raft.server.log.queue.element-limit = 4096 (default)
2024-04-29 10:07:38,012 [om1-impl-thread1] INFO  server.RaftServerConfigKeys (ConfUtils.java:logGet(46)) - raft.server.log.segment.size.max = 4194304 (custom)
2024-04-29 10:07:38,012 [om1-impl-thread1] INFO  server.RaftServerConfigKeys (ConfUtils.java:logGet(46)) - raft.server.log.preallocated.size = 4194304 (custom)
2024-04-29 10:07:38,012 [om1-impl-thread1] INFO  server.RaftServerConfigKeys (ConfUtils.java:logGet(46)) - raft.server.log.force.sync.num = 128 (default)
2024-04-29 10:07:38,012 [om1-impl-thread1] INFO  server.RaftServerConfigKeys (ConfUtils.java:logGet(46)) - raft.server.log.statemachine.data.sync = true (default)
2024-04-29 10:07:38,012 [om1-impl-thread1] INFO  server.RaftServerConfigKeys (ConfUtils.java:logGet(46)) - raft.server.log.statemachine.data.sync.timeout = 10s (default)
2024-04-29 10:07:38,012 [om1-impl-thread1] INFO  server.RaftServerConfigKeys (ConfUtils.java:logGet(46)) - raft.server.log.statemachine.data.sync.timeout.retry = -1 (default)
2024-04-29 10:07:38,013 [om1-impl-thread1] INFO  server.RaftServerConfigKeys (ConfUtils.java:logGet(46)) - raft.server.log.write.buffer.size = 4194312 (custom)
2024-04-29 10:07:38,013 [om1-impl-thread1] INFO  server.RaftServerConfigKeys (ConfUtils.java:logGet(46)) - raft.server.log.appender.buffer.byte-limit = 4194304 (custom)
2024-04-29 10:07:38,013 [om1-impl-thread1] INFO  server.RaftServerConfigKeys (ConfUtils.java:logGet(46)) - raft.server.log.unsafe-flush.enabled = false (default)
2024-04-29 10:07:38,013 [om1-impl-thread1] INFO  server.RaftServerConfigKeys (ConfUtils.java:logGet(46)) - raft.server.log.async-flush.enabled = false (default)
2024-04-29 10:07:38,014 [om1-impl-thread1] INFO  server.RaftServerConfigKeys (ConfUtils.java:logGet(46)) - raft.server.log.statemachine.data.caching.enabled = false (default)
2024-04-29 10:07:38,014 [om1-impl-thread1] INFO  segmented.SegmentedRaftLogWorker (SegmentedRaftLogWorker.java:lambda$new$0(134)) - om1@group-C5BA1605619E-SegmentedRaftLogWorker: flushIndex: setUnconditionally 0 -> -1
2024-04-29 10:07:38,014 [om1-impl-thread1] INFO  segmented.SegmentedRaftLogWorker (SegmentedRaftLogWorker.java:lambda$new$0(134)) - om1@group-C5BA1605619E-SegmentedRaftLogWorker: safeCacheEvictIndex: setUnconditionally 0 -> -1
2024-04-29 10:07:38,014 [om1-impl-thread1] INFO  server.RaftServer$Division (RaftServerImpl.java:start(396)) - om1@group-C5BA1605619E: start as a follower, conf=-1: peers:[om1|localhost:15541]|listeners:[], old=null
2024-04-29 10:07:38,014 [om1-impl-thread1] INFO  server.RaftServer$Division (RaftServerImpl.java:setRole(383)) - om1@group-C5BA1605619E: changes role from      null to FOLLOWER at term 0 for startAsFollower
2024-04-29 10:07:38,014 [om1-impl-thread1] INFO  impl.RoleInfo (RoleInfo.java:updateAndGet(139)) - om1: start om1@group-C5BA1605619E-FollowerState
2024-04-29 10:07:38,014 [om1-impl-thread1] INFO  util.JmxRegister (JmxRegister.java:tryRegister(44)) - Successfully registered JMX Bean with object name Ratis:service=RaftServer,group=group-C5BA1605619E,id=om1
2024-04-29 10:07:38,014 [om1-impl-thread1] INFO  server.RaftServerConfigKeys (ConfUtils.java:logGet(46)) - raft.server.snapshot.trigger-when-stop.enabled = true (default)
2024-04-29 10:07:38,014 [om1-impl-thread1] INFO  server.RaftServerConfigKeys (ConfUtils.java:logGet(46)) - raft.server.snapshot.auto.trigger.enabled = true (custom)
2024-04-29 10:07:38,014 [om1-impl-thread1] INFO  server.RaftServerConfigKeys (ConfUtils.java:logGet(46)) - raft.server.snapshot.auto.trigger.threshold = 400000 (default)
2024-04-29 10:07:38,014 [om1-impl-thread1] INFO  server.RaftServerConfigKeys (ConfUtils.java:logGet(46)) - raft.server.snapshot.retention.file.num = -1 (default)
2024-04-29 10:07:38,014 [om1-impl-thread1] INFO  server.RaftServerConfigKeys (ConfUtils.java:logGet(46)) - raft.server.log.purge.upto.snapshot.index = true (custom)
2024-04-29 10:07:38,015 [om1@group-C5BA1605619E-FollowerState] INFO  server.RaftServerConfigKeys (ConfUtils.java:logFallback(53)) - raft.server.rpc.first-election.timeout.min = 1s (fallback to raft.server.rpc.timeout.min)
2024-04-29 10:07:38,015 [main] INFO  server.RaftServer (RaftServerProxy.java:startImpl(406)) - om1: start RPC server
2024-04-29 10:07:38,015 [om1@group-C5BA1605619E-FollowerState] INFO  server.RaftServerConfigKeys (ConfUtils.java:logFallback(53)) - raft.server.rpc.first-election.timeout.max = 1200ms (fallback to raft.server.rpc.timeout.max)
2024-04-29 10:07:38,015 [main] INFO  server.GrpcService (GrpcService.java:startImpl(302)) - om1: GrpcService started, listening on 15541
2024-04-29 10:07:38,016 [JvmPauseMonitor67] INFO  util.JvmPauseMonitor (JvmPauseMonitor.java:run(146)) - JvmPauseMonitor-om1: Started
2024-04-29 10:07:38,016 [main] INFO  om.OzoneManager (OzoneManager.java:start(1665)) - Version File has different layout version (6) than OM DB (null). That is expected if this OM has never been finalized to a newer layout version.
2024-04-29 10:07:38,019 [main] INFO  client.ScmTopologyClient (ScmTopologyClient.java:start(72)) - Initial network topology fetched from SCM: /.
2024-04-29 10:07:38,019 [main] INFO  net.NodeSchemaLoader (NodeSchemaLoader.java:loadSchemaFromFile(129)) - Loading schema from [file:/home/runner/work/ozone/ozone/hadoop-hdds/common/target/classes/network-topology-default.xml]
2024-04-29 10:07:38,019 [main] INFO  net.NodeSchemaLoader (NodeSchemaLoader.java:loadSchema(176)) - Loading network topology layer schema file
2024-04-29 10:07:38,023 [main] INFO  http.BaseHttpServer (BaseHttpServer.java:newHttpServer2BuilderForOzone(223)) - Starting Web-server for ozoneManager at: http://0.0.0.0:15539
2024-04-29 10:07:38,023 [main] INFO  http.BaseHttpServer (BaseHttpServer.java:<init>(110)) - Hadoop Security Enabled: false Ozone Security Enabled: false Ozone HTTP Security Enabled: false 
2024-04-29 10:07:38,023 [main] WARN  server.AuthenticationFilter (AuthenticationFilter.java:constructSecretProvider(240)) - Unable to initialize FileSignerSecretProvider, falling back to use random secrets. Reason: Could not read signature secret file: /home/runner/hadoop-http-auth-signature-secret
2024-04-29 10:07:38,024 [main] INFO  http.HttpRequestLog (HttpRequestLog.java:getRequestLog(86)) - Http request log for http.requests.ozoneManager is not defined
2024-04-29 10:07:38,024 [main] INFO  http.HttpServer2 (HttpServer2.java:addGlobalFilter(1036)) - Added global filter 'safety' (class=org.apache.hadoop.hdds.server.http.HttpServer2$QuotingInputFilter)
2024-04-29 10:07:38,025 [main] INFO  http.HttpServer2 (HttpServer2.java:addFilter(1012)) - Added filter static_user_filter (class=org.apache.hadoop.http.lib.StaticUserWebFilter$StaticUserFilter) to context ozoneManager
2024-04-29 10:07:38,025 [main] INFO  http.HttpServer2 (HttpServer2.java:addFilter(1020)) - Added filter static_user_filter (class=org.apache.hadoop.http.lib.StaticUserWebFilter$StaticUserFilter) to context logs
2024-04-29 10:07:38,025 [main] INFO  http.HttpServer2 (HttpServer2.java:addFilter(1020)) - Added filter static_user_filter (class=org.apache.hadoop.http.lib.StaticUserWebFilter$StaticUserFilter) to context static
2024-04-29 10:07:38,025 [main] INFO  http.BaseHttpServer (BaseHttpServer.java:<init>(189)) - HTTP server of ozoneManager uses base directory /home/runner/work/ozone/ozone/hadoop-ozone/integration-test/target/test-dir/MiniOzoneClusterImpl-b29d8e3c-9ac1-4bd8-916d-9a49b4a73262/ozone-meta/webserver
2024-04-29 10:07:38,025 [main] INFO  http.HttpServer2 (HttpServer2.java:bindListener(1236)) - Jetty bound to port 15539
2024-04-29 10:07:38,025 [main] INFO  server.Server (Server.java:doStart(375)) - jetty-9.4.54.v20240208; built: 2024-02-08T19:42:39.027Z; git: cef3fbd6d736a21e7d541a5db490381d95a2047d; jvm 17.0.10+7
2024-04-29 10:07:38,026 [main] INFO  server.session (DefaultSessionIdManager.java:doStart(334)) - DefaultSessionIdManager workerName=node0
2024-04-29 10:07:38,026 [main] INFO  server.session (DefaultSessionIdManager.java:doStart(339)) - No SessionScavenger set, using defaults
2024-04-29 10:07:38,026 [main] INFO  server.session (HouseKeeper.java:startScavenging(132)) - node0 Scavenging every 660000ms
2024-04-29 10:07:38,027 [main] INFO  handler.ContextHandler (ContextHandler.java:doStart(921)) - Started o.e.j.s.ServletContextHandler@5a9529a{logs,/logs,file:///home/runner/work/ozone/ozone/hadoop-ozone/integration-test/target/log,AVAILABLE}
2024-04-29 10:07:38,027 [main] INFO  handler.ContextHandler (ContextHandler.java:doStart(921)) - Started o.e.j.s.ServletContextHandler@42898c45{static,/static,file:///home/runner/work/ozone/ozone/hadoop-ozone/integration-test/target/test-classes/webapps/static,AVAILABLE}
2024-04-29 10:07:38,029 [main] INFO  handler.ContextHandler (ContextHandler.java:doStart(921)) - Started o.e.j.w.WebAppContext@19a98be6{ozoneManager,/,file:///home/runner/work/ozone/ozone/hadoop-ozone/integration-test/target/test-classes/webapps/ozoneManager/,AVAILABLE}{file:/home/runner/work/ozone/ozone/hadoop-ozone/integration-test/target/test-classes/webapps/ozoneManager}
2024-04-29 10:07:38,030 [main] INFO  server.AbstractConnector (AbstractConnector.java:doStart(333)) - Started ServerConnector@2dc0a0a7{HTTP/1.1, (http/1.1)}{0.0.0.0:15539}
2024-04-29 10:07:38,030 [main] INFO  server.Server (Server.java:doStart(415)) - Started @225403ms
2024-04-29 10:07:38,030 [main] WARN  impl.MetricsSystemImpl (MetricsSystemImpl.java:register(279)) - Sink prometheus already exists!
2024-04-29 10:07:38,030 [main] INFO  http.BaseHttpServer (BaseHttpServer.java:updateConnectorAddress(354)) - HTTP server of ozoneManager listening at http://0.0.0.0:15539
2024-04-29 10:07:38,031 [IPC Server Responder] INFO  ipc.Server (Server.java:run(1562)) - IPC Server Responder: starting
2024-04-29 10:07:38,033 [IPC Server listener on 15538] INFO  ipc.Server (Server.java:run(1402)) - IPC Server listener on 15538: starting
2024-04-29 10:07:38,038 [main] INFO  om.OzoneManager (OzoneManager.java:startTrashEmptier(2121)) - Trash Interval set to 0. Files deleted won't move to trash
2024-04-29 10:07:38,049 [main] WARN  dropwizard3.Dm3MetricRegistriesImpl (Dm3MetricRegistriesImpl.java:addReporterRegistration(113)) - New reporters are added after registries were created. Some metrics will be missing from the reporter. Please add reporter before adding any new registry.
2024-04-29 10:07:38,049 [main] WARN  dropwizard3.Dm3MetricRegistriesImpl (Dm3MetricRegistriesImpl.java:addReporterRegistration(113)) - New reporters are added after registries were created. Some metrics will be missing from the reporter. Please add reporter before adding any new registry.
2024-04-29 10:07:38,050 [main] INFO  impl.MetricsSystemImpl (MetricsSystemImpl.java:init(158)) - HddsDatanode metrics system started (again)
2024-04-29 10:07:38,058 [main] INFO  ozone.HddsDatanodeService (HddsDatanodeService.java:start(240)) - HddsDatanodeService host:fv-az913-54.hn4i015bbztebps0p24f5airth.phxx.internal.cloudapp.net ip:10.1.0.39
2024-04-29 10:07:38,080 [main] INFO  upgrade.AbstractLayoutVersionManager (AbstractLayoutVersionManager.java:init(83)) - Initializing Layout version manager with metadata layout = HADOOP_PRC_PORTS_IN_DATANODEDETAILS (version = 7), software layout = HADOOP_PRC_PORTS_IN_DATANODEDETAILS (version = 7)
2024-04-29 10:07:38,081 [main] INFO  statemachine.DatanodeStateMachine (DatanodeStateMachine.java:getEndPointTaskThreadPoolSize(299)) - Datanode State Machine Task Thread Pool size 2
2024-04-29 10:07:38,086 [main] INFO  volume.HddsVolume (HddsVolume.java:<init>(126)) - Creating HddsVolume: /home/runner/work/ozone/ozone/hadoop-ozone/integration-test/target/test-dir/MiniOzoneClusterImpl-b29d8e3c-9ac1-4bd8-916d-9a49b4a73262/ozone-meta/datanode-1/data-0/hdds of storage type : DISK capacity : 9223372036854775807
2024-04-29 10:07:38,086 [main] INFO  volume.MutableVolumeSet (MutableVolumeSet.java:initializeVolumeSet(173)) - Added Volume : /home/runner/work/ozone/ozone/hadoop-ozone/integration-test/target/test-dir/MiniOzoneClusterImpl-b29d8e3c-9ac1-4bd8-916d-9a49b4a73262/ozone-meta/datanode-1/data-0/hdds to VolumeSet
2024-04-29 10:07:38,087 [main] INFO  volume.MutableVolumeSet (MutableVolumeSet.java:initializeVolumeSet(173)) - Added Volume : /home/runner/work/ozone/ozone/hadoop-ozone/integration-test/target/test-dir/MiniOzoneClusterImpl-b29d8e3c-9ac1-4bd8-916d-9a49b4a73262/ozone-meta/datanode-1/ratis to VolumeSet
2024-04-29 10:07:38,087 [main] INFO  ozoneimpl.OzoneContainer (HddsVolumeUtil.java:loadAllHddsVolumeDbStore(103)) - Load 1 volumes DbStore cost: 0ms
2024-04-29 10:07:38,089 [main] INFO  server.RaftServer (ConfUtils.java:logGet(46)) - raft.rpc.type = GRPC (default)
2024-04-29 10:07:38,089 [main] INFO  grpc.GrpcConfigKeys (ConfUtils.java:logFallback(53)) - raft.grpc.admin.host = null (fallback to raft.grpc.server.host)
2024-04-29 10:07:38,089 [main] INFO  grpc.GrpcConfigKeys (ConfUtils.java:logGet(46)) - raft.grpc.admin.port = 15547 (custom)
2024-04-29 10:07:38,089 [main] INFO  grpc.GrpcConfigKeys (ConfUtils.java:logFallback(53)) - raft.grpc.client.host = null (fallback to raft.grpc.server.host)
2024-04-29 10:07:38,089 [main] INFO  grpc.GrpcConfigKeys (ConfUtils.java:logGet(46)) - raft.grpc.client.port = 15546 (custom)
2024-04-29 10:07:38,089 [main] INFO  grpc.GrpcConfigKeys (ConfUtils.java:logGet(46)) - raft.grpc.server.host = null (default)
2024-04-29 10:07:38,090 [main] INFO  grpc.GrpcConfigKeys (ConfUtils.java:logGet(46)) - raft.grpc.server.port = 15548 (custom)
2024-04-29 10:07:38,090 [main] INFO  server.GrpcService (ConfUtils.java:logGet(46)) - raft.grpc.message.size.max = 32MB (=33554432) (custom)
2024-04-29 10:07:38,090 [main] INFO  server.RaftServerConfigKeys (ConfUtils.java:logGet(46)) - raft.server.log.appender.buffer.byte-limit = 8388608 (custom)
2024-04-29 10:07:38,090 [main] INFO  server.GrpcService (ConfUtils.java:logGet(46)) - raft.grpc.flow.control.window = 5MB (=5242880) (custom)
2024-04-29 10:07:38,090 [main] INFO  server.RaftServerConfigKeys (ConfUtils.java:logGet(46)) - raft.server.rpc.request.timeout = 3000ms (default)
2024-04-29 10:07:38,090 [main] INFO  grpc.GrpcConfigKeys (ConfUtils.java:logGet(46)) - raft.grpc.server.heartbeat.channel = true (default)
2024-04-29 10:07:38,090 [main] INFO  grpc.GrpcConfigKeys (ConfUtils.java:logGet(46)) - raft.grpc.server.async.request.thread.pool.cached = true (default)
2024-04-29 10:07:38,090 [main] INFO  grpc.GrpcConfigKeys (ConfUtils.java:logGet(46)) - raft.grpc.server.async.request.thread.pool.size = 32 (default)
2024-04-29 10:07:38,092 [main] INFO  impl.DataStreamServerImpl (ConfUtils.java:logGet(46)) - raft.datastream.type = NETTY (custom)
2024-04-29 10:07:38,092 [main] INFO  server.RaftServerConfigKeys (ConfUtils.java:logGet(46)) - raft.server.data-stream.async.request.thread.pool.cached = false (default)
2024-04-29 10:07:38,093 [main] INFO  server.RaftServerConfigKeys (ConfUtils.java:logGet(46)) - raft.server.data-stream.async.request.thread.pool.size = 20 (custom)
2024-04-29 10:07:38,093 [main] INFO  server.RaftServerConfigKeys (ConfUtils.java:logGet(46)) - raft.server.data-stream.async.write.thread.pool.size = 16 (default)
2024-04-29 10:07:38,093 [main] INFO  netty.NettyConfigKeys$DataStream (ConfUtils.java:logGet(46)) - raft.netty.dataStream.server.channel.inactive.grace-period = 10min (default)
2024-04-29 10:07:38,093 [main] INFO  server.RaftServerConfigKeys (ConfUtils.java:logGet(46)) - raft.server.data-stream.client.pool.size = 10 (default)
2024-04-29 10:07:38,093 [main] INFO  netty.NettyConfigKeys$DataStream (ConfUtils.java:logGet(46)) - raft.netty.dataStream.server.use-epoll = true (default)
2024-04-29 10:07:38,093 [main] INFO  netty.NettyConfigKeys$DataStream (ConfUtils.java:logGet(46)) - raft.netty.dataStream.server.boss-group.size = 0 (default)
2024-04-29 10:07:38,093 [main] INFO  netty.NettyUtils (NettyUtils.java:newEventLoopGroup(69)) - Create EpollEventLoopGroup for 45d7554a-4794-4db0-8ec2-ed03ee8d9322-NettyServerStreamRpc-bossGroup; Thread size is 0.
2024-04-29 10:07:38,093 [main] INFO  netty.NettyConfigKeys$DataStream (ConfUtils.java:logGet(46)) - raft.netty.dataStream.server.worker-group.size = 0 (default)
2024-04-29 10:07:38,094 [main] INFO  netty.NettyUtils (NettyUtils.java:newEventLoopGroup(69)) - Create EpollEventLoopGroup for 45d7554a-4794-4db0-8ec2-ed03ee8d9322-NettyServerStreamRpc-workerGroup; Thread size is 0.
2024-04-29 10:07:38,094 [main] INFO  netty.NettyConfigKeys$DataStream (ConfUtils.java:logGet(46)) - raft.netty.dataStream.server.tls.conf = null (default)
2024-04-29 10:07:38,094 [main] INFO  netty.NettyConfigKeys$DataStream (ConfUtils.java:logGet(46)) - raft.netty.dataStream.host = null (default)
2024-04-29 10:07:38,094 [main] INFO  netty.NettyConfigKeys$DataStream (ConfUtils.java:logGet(46)) - raft.netty.dataStream.port = 15549 (custom)
2024-04-29 10:07:38,094 [main] INFO  server.RaftServerConfigKeys (ConfUtils.java:logGet(46)) - raft.server.sleep.deviation.threshold = 300ms (default)
2024-04-29 10:07:38,094 [main] INFO  server.RaftServerConfigKeys (ConfUtils.java:logGet(46)) - raft.server.close.threshold = 60s (default)
2024-04-29 10:07:38,095 [main] INFO  server.RaftServerConfigKeys (ConfUtils.java:logGet(46)) - raft.server.leaderelection.leader.step-down.wait-time = 10s (default)
2024-04-29 10:07:38,094 [45d7554a-4794-4db0-8ec2-ed03ee8d9322-NettyServerStreamRpc-bossGroup--thread1] INFO  logging.LoggingHandler (AbstractInternalLogger.java:log(148)) - [id: 0x53c825b1] REGISTERED
2024-04-29 10:07:38,095 [main] INFO  server.RaftServerConfigKeys (ConfUtils.java:logGet(46)) - raft.server.storage.dir = [/home/runner/work/ozone/ozone/hadoop-ozone/integration-test/target/test-dir/MiniOzoneClusterImpl-b29d8e3c-9ac1-4bd8-916d-9a49b4a73262/ozone-meta/datanode-1/ratis] (custom)
2024-04-29 10:07:38,095 [main] INFO  server.RaftServerConfigKeys (ConfUtils.java:logGet(46)) - raft.server.threadpool.proxy.cached = true (default)
2024-04-29 10:07:38,095 [main] INFO  server.RaftServerConfigKeys (ConfUtils.java:logGet(46)) - raft.server.threadpool.proxy.size = 0 (default)
2024-04-29 10:07:38,095 [45d7554a-4794-4db0-8ec2-ed03ee8d9322-NettyServerStreamRpc-bossGroup--thread1] INFO  logging.LoggingHandler (AbstractInternalLogger.java:log(148)) - [id: 0x53c825b1] BIND: 0.0.0.0/0.0.0.0:15549
2024-04-29 10:07:38,095 [45d7554a-4794-4db0-8ec2-ed03ee8d9322-NettyServerStreamRpc-bossGroup--thread1] INFO  logging.LoggingHandler (AbstractInternalLogger.java:log(148)) - [id: 0x53c825b1, L:/0.0.0.0:15549] ACTIVE
2024-04-29 10:07:38,096 [45d7554a-4794-4db0-8ec2-ed03ee8d9322-impl-thread1] INFO  server.RaftServer (RaftServerProxy.java:initGroupDir(264)) - 45d7554a-4794-4db0-8ec2-ed03ee8d9322: found a subdirectory /home/runner/work/ozone/ozone/hadoop-ozone/integration-test/target/test-dir/MiniOzoneClusterImpl-b29d8e3c-9ac1-4bd8-916d-9a49b4a73262/ozone-meta/datanode-1/ratis/tmp
2024-04-29 10:07:38,096 [45d7554a-4794-4db0-8ec2-ed03ee8d9322-impl-thread1] INFO  server.RaftServer (RaftServerProxy.java:initGroupDir(269)) - 45d7554a-4794-4db0-8ec2-ed03ee8d9322: The directory /home/runner/work/ozone/ozone/hadoop-ozone/integration-test/target/test-dir/MiniOzoneClusterImpl-b29d8e3c-9ac1-4bd8-916d-9a49b4a73262/ozone-meta/datanode-1/ratis/tmp is not a group directory; ignoring it. 
2024-04-29 10:07:38,096 [main] INFO  replication.ReplicationServer (ReplicationServer.java:<init>(86)) - Initializing replication server with thread count = 10 queue length = 4096
2024-04-29 10:07:38,097 [main] INFO  server.XceiverServerGrpc (XceiverServerGrpc.java:<init>(141)) - GrpcServer channel type EpollServerSocketChannel
2024-04-29 10:07:38,098 [main] INFO  replication.ReplicationSupervisor (ReplicationSupervisor.java:build(157)) - Initializing replication supervisor with thread count = 10
2024-04-29 10:07:38,098 [main] INFO  replication.ReplicationSupervisor (ReplicationSupervisor.java:nodeStateUpdated(312)) - Node state updated to IN_SERVICE, scaling executor pool size to 10
2024-04-29 10:07:38,100 [main] INFO  http.BaseHttpServer (BaseHttpServer.java:newHttpServer2BuilderForOzone(223)) - Starting Web-server for hddsDatanode at: http://0.0.0.0:15543
2024-04-29 10:07:38,100 [main] INFO  http.BaseHttpServer (BaseHttpServer.java:<init>(110)) - Hadoop Security Enabled: false Ozone Security Enabled: false Ozone HTTP Security Enabled: false 
2024-04-29 10:07:38,100 [main] WARN  server.AuthenticationFilter (AuthenticationFilter.java:constructSecretProvider(240)) - Unable to initialize FileSignerSecretProvider, falling back to use random secrets. Reason: Could not read signature secret file: /home/runner/hadoop-http-auth-signature-secret
2024-04-29 10:07:38,101 [main] INFO  http.HttpRequestLog (HttpRequestLog.java:getRequestLog(86)) - Http request log for http.requests.hddsDatanode is not defined
2024-04-29 10:07:38,102 [main] INFO  http.HttpServer2 (HttpServer2.java:addGlobalFilter(1036)) - Added global filter 'safety' (class=org.apache.hadoop.hdds.server.http.HttpServer2$QuotingInputFilter)
2024-04-29 10:07:38,102 [main] INFO  http.HttpServer2 (HttpServer2.java:addFilter(1012)) - Added filter static_user_filter (class=org.apache.hadoop.http.lib.StaticUserWebFilter$StaticUserFilter) to context hddsDatanode
2024-04-29 10:07:38,102 [main] INFO  http.HttpServer2 (HttpServer2.java:addFilter(1020)) - Added filter static_user_filter (class=org.apache.hadoop.http.lib.StaticUserWebFilter$StaticUserFilter) to context static
2024-04-29 10:07:38,102 [main] INFO  http.HttpServer2 (HttpServer2.java:addFilter(1020)) - Added filter static_user_filter (class=org.apache.hadoop.http.lib.StaticUserWebFilter$StaticUserFilter) to context logs
2024-04-29 10:07:38,102 [main] INFO  http.BaseHttpServer (BaseHttpServer.java:<init>(189)) - HTTP server of hddsDatanode uses base directory /home/runner/work/ozone/ozone/hadoop-ozone/integration-test/target/test-dir/MiniOzoneClusterImpl-b29d8e3c-9ac1-4bd8-916d-9a49b4a73262/ozone-meta/datanode-1/meta/webserver
2024-04-29 10:07:38,103 [main] INFO  http.HttpServer2 (HttpServer2.java:bindListener(1236)) - Jetty bound to port 15543
2024-04-29 10:07:38,103 [main] INFO  server.Server (Server.java:doStart(375)) - jetty-9.4.54.v20240208; built: 2024-02-08T19:42:39.027Z; git: cef3fbd6d736a21e7d541a5db490381d95a2047d; jvm 17.0.10+7
2024-04-29 10:07:38,104 [main] INFO  server.session (DefaultSessionIdManager.java:doStart(334)) - DefaultSessionIdManager workerName=node0
2024-04-29 10:07:38,104 [main] INFO  server.session (DefaultSessionIdManager.java:doStart(339)) - No SessionScavenger set, using defaults
2024-04-29 10:07:38,104 [main] INFO  server.session (HouseKeeper.java:startScavenging(132)) - node0 Scavenging every 660000ms
2024-04-29 10:07:38,104 [main] INFO  handler.ContextHandler (ContextHandler.java:doStart(921)) - Started o.e.j.s.ServletContextHandler@3916a56a{logs,/logs,file:///home/runner/work/ozone/ozone/hadoop-ozone/integration-test/target/log,AVAILABLE}
2024-04-29 10:07:38,104 [main] INFO  handler.ContextHandler (ContextHandler.java:doStart(921)) - Started o.e.j.s.ServletContextHandler@ae4fa3f{static,/static,file:///home/runner/work/ozone/ozone/hadoop-hdds/container-service/target/classes/webapps/static,AVAILABLE}
2024-04-29 10:07:38,108 [main] INFO  handler.ContextHandler (ContextHandler.java:doStart(921)) - Started o.e.j.w.WebAppContext@40709895{hddsDatanode,/,file:///home/runner/work/ozone/ozone/hadoop-hdds/container-service/target/classes/webapps/hddsDatanode/,AVAILABLE}{file:/home/runner/work/ozone/ozone/hadoop-hdds/container-service/target/classes/webapps/hddsDatanode}
2024-04-29 10:07:38,108 [main] INFO  server.AbstractConnector (AbstractConnector.java:doStart(333)) - Started ServerConnector@6edc2a71{HTTP/1.1, (http/1.1)}{0.0.0.0:15543}
2024-04-29 10:07:38,108 [main] INFO  server.Server (Server.java:doStart(415)) - Started @225481ms
2024-04-29 10:07:38,108 [main] WARN  impl.MetricsSystemImpl (MetricsSystemImpl.java:register(279)) - Sink prometheus already exists!
2024-04-29 10:07:38,109 [main] INFO  http.BaseHttpServer (BaseHttpServer.java:updateConnectorAddress(354)) - HTTP server of hddsDatanode listening at http://0.0.0.0:15543
2024-04-29 10:07:38,109 [main] INFO  ipc.CallQueueManager (CallQueueManager.java:<init>(90)) - Using callQueue: class java.util.concurrent.LinkedBlockingQueue, queueCapacity: 100, scheduler: class org.apache.hadoop.ipc.DefaultRpcScheduler, ipcBackoff: false.
2024-04-29 10:07:38,109 [main] INFO  ipc.Server (Server.java:<init>(1287)) - Listener at 0.0.0.0:15544
2024-04-29 10:07:38,109 [Socket Reader #1 for port 15544] INFO  ipc.Server (Server.java:run(1323)) - Starting Socket Reader #1 for port 15544
2024-04-29 10:07:38,110 [main] INFO  ozone.HddsDatanodeService (HddsDatanodeService.java:start(327)) - Datanode start with admins: [runner]
2024-04-29 10:07:38,110 [main] INFO  ozone.HddsDatanodeClientProtocolServer (HddsDatanodeClientProtocolServer.java:start(77)) - RPC server for Client /0.0.0.0:15544
2024-04-29 10:07:38,113 [IPC Server listener on 15544] INFO  ipc.Server (Server.java:run(1402)) - IPC Server listener on 15544: starting
2024-04-29 10:07:38,114 [IPC Server Responder] INFO  ipc.Server (Server.java:run(1562)) - IPC Server Responder: starting
2024-04-29 10:07:38,117 [main] WARN  dropwizard3.Dm3MetricRegistriesImpl (Dm3MetricRegistriesImpl.java:addReporterRegistration(113)) - New reporters are added after registries were created. Some metrics will be missing from the reporter. Please add reporter before adding any new registry.
2024-04-29 10:07:38,117 [main] WARN  dropwizard3.Dm3MetricRegistriesImpl (Dm3MetricRegistriesImpl.java:addReporterRegistration(113)) - New reporters are added after registries were created. Some metrics will be missing from the reporter. Please add reporter before adding any new registry.
2024-04-29 10:07:38,118 [main] INFO  impl.MetricsSystemImpl (MetricsSystemImpl.java:init(158)) - HddsDatanode metrics system started (again)
2024-04-29 10:07:38,125 [45d7554a-4794-4db0-8ec2-ed03ee8d9322-DatanodeStateMachineDaemonThread] INFO  statemachine.DatanodeStateMachine (DatanodeStateMachine.java:lambda$startDaemon$1(555)) - Ozone container server started.
2024-04-29 10:07:38,128 [45d7554a-4794-4db0-8ec2-ed03ee8d9322-DatanodeStateMachineTaskThread-0] INFO  datanode.InitDatanodeState (InitDatanodeState.java:persistContainerDatanodeDetails(139)) - DatanodeDetails is persisted to /home/runner/work/ozone/ozone/hadoop-ozone/integration-test/target/test-dir/MiniOzoneClusterImpl-b29d8e3c-9ac1-4bd8-916d-9a49b4a73262/ozone-meta/datanode-1/meta/datanode.id
2024-04-29 10:07:38,129 [main] INFO  ozone.HddsDatanodeService (HddsDatanodeService.java:start(240)) - HddsDatanodeService host:fv-az913-54.hn4i015bbztebps0p24f5airth.phxx.internal.cloudapp.net ip:10.1.0.39
2024-04-29 10:07:38,151 [main] INFO  upgrade.AbstractLayoutVersionManager (AbstractLayoutVersionManager.java:init(83)) - Initializing Layout version manager with metadata layout = HADOOP_PRC_PORTS_IN_DATANODEDETAILS (version = 7), software layout = HADOOP_PRC_PORTS_IN_DATANODEDETAILS (version = 7)
2024-04-29 10:07:38,151 [main] INFO  statemachine.DatanodeStateMachine (DatanodeStateMachine.java:getEndPointTaskThreadPoolSize(299)) - Datanode State Machine Task Thread Pool size 2
2024-04-29 10:07:38,152 [main] INFO  volume.HddsVolume (HddsVolume.java:<init>(126)) - Creating HddsVolume: /home/runner/work/ozone/ozone/hadoop-ozone/integration-test/target/test-dir/MiniOzoneClusterImpl-b29d8e3c-9ac1-4bd8-916d-9a49b4a73262/ozone-meta/datanode-2/data-0/hdds of storage type : DISK capacity : 9223372036854775807
2024-04-29 10:07:38,153 [main] INFO  volume.MutableVolumeSet (MutableVolumeSet.java:initializeVolumeSet(173)) - Added Volume : /home/runner/work/ozone/ozone/hadoop-ozone/integration-test/target/test-dir/MiniOzoneClusterImpl-b29d8e3c-9ac1-4bd8-916d-9a49b4a73262/ozone-meta/datanode-2/data-0/hdds to VolumeSet
2024-04-29 10:07:38,153 [main] INFO  volume.MutableVolumeSet (MutableVolumeSet.java:initializeVolumeSet(173)) - Added Volume : /home/runner/work/ozone/ozone/hadoop-ozone/integration-test/target/test-dir/MiniOzoneClusterImpl-b29d8e3c-9ac1-4bd8-916d-9a49b4a73262/ozone-meta/datanode-2/ratis to VolumeSet
2024-04-29 10:07:38,153 [main] INFO  ozoneimpl.OzoneContainer (HddsVolumeUtil.java:loadAllHddsVolumeDbStore(103)) - Load 1 volumes DbStore cost: 0ms
2024-04-29 10:07:38,155 [main] INFO  server.RaftServer (ConfUtils.java:logGet(46)) - raft.rpc.type = GRPC (default)
2024-04-29 10:07:38,155 [main] INFO  grpc.GrpcConfigKeys (ConfUtils.java:logFallback(53)) - raft.grpc.admin.host = null (fallback to raft.grpc.server.host)
2024-04-29 10:07:38,155 [main] INFO  grpc.GrpcConfigKeys (ConfUtils.java:logGet(46)) - raft.grpc.admin.port = 15556 (custom)
2024-04-29 10:07:38,155 [main] INFO  grpc.GrpcConfigKeys (ConfUtils.java:logFallback(53)) - raft.grpc.client.host = null (fallback to raft.grpc.server.host)
2024-04-29 10:07:38,155 [main] INFO  grpc.GrpcConfigKeys (ConfUtils.java:logGet(46)) - raft.grpc.client.port = 15555 (custom)
2024-04-29 10:07:38,155 [main] INFO  grpc.GrpcConfigKeys (ConfUtils.java:logGet(46)) - raft.grpc.server.host = null (default)
2024-04-29 10:07:38,155 [main] INFO  grpc.GrpcConfigKeys (ConfUtils.java:logGet(46)) - raft.grpc.server.port = 15557 (custom)
2024-04-29 10:07:38,156 [main] INFO  server.GrpcService (ConfUtils.java:logGet(46)) - raft.grpc.message.size.max = 32MB (=33554432) (custom)
2024-04-29 10:07:38,156 [main] INFO  server.RaftServerConfigKeys (ConfUtils.java:logGet(46)) - raft.server.log.appender.buffer.byte-limit = 8388608 (custom)
2024-04-29 10:07:38,156 [main] INFO  server.GrpcService (ConfUtils.java:logGet(46)) - raft.grpc.flow.control.window = 5MB (=5242880) (custom)
2024-04-29 10:07:38,156 [main] INFO  server.RaftServerConfigKeys (ConfUtils.java:logGet(46)) - raft.server.rpc.request.timeout = 3000ms (default)
2024-04-29 10:07:38,156 [main] INFO  grpc.GrpcConfigKeys (ConfUtils.java:logGet(46)) - raft.grpc.server.heartbeat.channel = true (default)
2024-04-29 10:07:38,156 [main] INFO  grpc.GrpcConfigKeys (ConfUtils.java:logGet(46)) - raft.grpc.server.async.request.thread.pool.cached = true (default)
2024-04-29 10:07:38,156 [main] INFO  grpc.GrpcConfigKeys (ConfUtils.java:logGet(46)) - raft.grpc.server.async.request.thread.pool.size = 32 (default)
2024-04-29 10:07:38,158 [main] INFO  impl.DataStreamServerImpl (ConfUtils.java:logGet(46)) - raft.datastream.type = NETTY (custom)
2024-04-29 10:07:38,158 [main] INFO  server.RaftServerConfigKeys (ConfUtils.java:logGet(46)) - raft.server.data-stream.async.request.thread.pool.cached = false (default)
2024-04-29 10:07:38,158 [main] INFO  server.RaftServerConfigKeys (ConfUtils.java:logGet(46)) - raft.server.data-stream.async.request.thread.pool.size = 20 (custom)
2024-04-29 10:07:38,158 [main] INFO  server.RaftServerConfigKeys (ConfUtils.java:logGet(46)) - raft.server.data-stream.async.write.thread.pool.size = 16 (default)
2024-04-29 10:07:38,158 [main] INFO  netty.NettyConfigKeys$DataStream (ConfUtils.java:logGet(46)) - raft.netty.dataStream.server.channel.inactive.grace-period = 10min (default)
2024-04-29 10:07:38,158 [main] INFO  server.RaftServerConfigKeys (ConfUtils.java:logGet(46)) - raft.server.data-stream.client.pool.size = 10 (default)
2024-04-29 10:07:38,158 [main] INFO  netty.NettyConfigKeys$DataStream (ConfUtils.java:logGet(46)) - raft.netty.dataStream.server.use-epoll = true (default)
2024-04-29 10:07:38,159 [main] INFO  netty.NettyConfigKeys$DataStream (ConfUtils.java:logGet(46)) - raft.netty.dataStream.server.boss-group.size = 0 (default)
2024-04-29 10:07:38,159 [main] INFO  netty.NettyUtils (NettyUtils.java:newEventLoopGroup(69)) - Create EpollEventLoopGroup for 4c7d070b-487d-4f6a-a802-5407a717b610-NettyServerStreamRpc-bossGroup; Thread size is 0.
2024-04-29 10:07:38,159 [main] INFO  netty.NettyConfigKeys$DataStream (ConfUtils.java:logGet(46)) - raft.netty.dataStream.server.worker-group.size = 0 (default)
2024-04-29 10:07:38,159 [main] INFO  netty.NettyUtils (NettyUtils.java:newEventLoopGroup(69)) - Create EpollEventLoopGroup for 4c7d070b-487d-4f6a-a802-5407a717b610-NettyServerStreamRpc-workerGroup; Thread size is 0.
2024-04-29 10:07:38,159 [main] INFO  netty.NettyConfigKeys$DataStream (ConfUtils.java:logGet(46)) - raft.netty.dataStream.server.tls.conf = null (default)
2024-04-29 10:07:38,159 [main] INFO  netty.NettyConfigKeys$DataStream (ConfUtils.java:logGet(46)) - raft.netty.dataStream.host = null (default)
2024-04-29 10:07:38,159 [main] INFO  netty.NettyConfigKeys$DataStream (ConfUtils.java:logGet(46)) - raft.netty.dataStream.port = 15558 (custom)
2024-04-29 10:07:38,160 [main] INFO  server.RaftServerConfigKeys (ConfUtils.java:logGet(46)) - raft.server.sleep.deviation.threshold = 300ms (default)
2024-04-29 10:07:38,160 [main] INFO  server.RaftServerConfigKeys (ConfUtils.java:logGet(46)) - raft.server.close.threshold = 60s (default)
2024-04-29 10:07:38,160 [main] INFO  server.RaftServerConfigKeys (ConfUtils.java:logGet(46)) - raft.server.leaderelection.leader.step-down.wait-time = 10s (default)
2024-04-29 10:07:38,160 [main] INFO  server.RaftServerConfigKeys (ConfUtils.java:logGet(46)) - raft.server.storage.dir = [/home/runner/work/ozone/ozone/hadoop-ozone/integration-test/target/test-dir/MiniOzoneClusterImpl-b29d8e3c-9ac1-4bd8-916d-9a49b4a73262/ozone-meta/datanode-2/ratis] (custom)
2024-04-29 10:07:38,160 [main] INFO  server.RaftServerConfigKeys (ConfUtils.java:logGet(46)) - raft.server.threadpool.proxy.cached = true (default)
2024-04-29 10:07:38,160 [main] INFO  server.RaftServerConfigKeys (ConfUtils.java:logGet(46)) - raft.server.threadpool.proxy.size = 0 (default)
2024-04-29 10:07:38,160 [4c7d070b-487d-4f6a-a802-5407a717b610-NettyServerStreamRpc-bossGroup--thread1] INFO  logging.LoggingHandler (AbstractInternalLogger.java:log(148)) - [id: 0x40051e57] REGISTERED
2024-04-29 10:07:38,160 [4c7d070b-487d-4f6a-a802-5407a717b610-NettyServerStreamRpc-bossGroup--thread1] INFO  logging.LoggingHandler (AbstractInternalLogger.java:log(148)) - [id: 0x40051e57] BIND: 0.0.0.0/0.0.0.0:15558
2024-04-29 10:07:38,161 [4c7d070b-487d-4f6a-a802-5407a717b610-NettyServerStreamRpc-bossGroup--thread1] INFO  logging.LoggingHandler (AbstractInternalLogger.java:log(148)) - [id: 0x40051e57, L:/0.0.0.0:15558] ACTIVE
2024-04-29 10:07:38,161 [4c7d070b-487d-4f6a-a802-5407a717b610-impl-thread1] INFO  server.RaftServer (RaftServerProxy.java:initGroupDir(264)) - 4c7d070b-487d-4f6a-a802-5407a717b610: found a subdirectory /home/runner/work/ozone/ozone/hadoop-ozone/integration-test/target/test-dir/MiniOzoneClusterImpl-b29d8e3c-9ac1-4bd8-916d-9a49b4a73262/ozone-meta/datanode-2/ratis/tmp
2024-04-29 10:07:38,161 [4c7d070b-487d-4f6a-a802-5407a717b610-impl-thread1] INFO  server.RaftServer (RaftServerProxy.java:initGroupDir(269)) - 4c7d070b-487d-4f6a-a802-5407a717b610: The directory /home/runner/work/ozone/ozone/hadoop-ozone/integration-test/target/test-dir/MiniOzoneClusterImpl-b29d8e3c-9ac1-4bd8-916d-9a49b4a73262/ozone-meta/datanode-2/ratis/tmp is not a group directory; ignoring it. 
2024-04-29 10:07:38,161 [main] INFO  replication.ReplicationServer (ReplicationServer.java:<init>(86)) - Initializing replication server with thread count = 10 queue length = 4096
2024-04-29 10:07:38,162 [main] INFO  server.XceiverServerGrpc (XceiverServerGrpc.java:<init>(141)) - GrpcServer channel type EpollServerSocketChannel
2024-04-29 10:07:38,163 [main] INFO  replication.ReplicationSupervisor (ReplicationSupervisor.java:build(157)) - Initializing replication supervisor with thread count = 10
2024-04-29 10:07:38,163 [main] INFO  replication.ReplicationSupervisor (ReplicationSupervisor.java:nodeStateUpdated(312)) - Node state updated to IN_SERVICE, scaling executor pool size to 10
2024-04-29 10:07:38,164 [main] INFO  http.BaseHttpServer (BaseHttpServer.java:newHttpServer2BuilderForOzone(223)) - Starting Web-server for hddsDatanode at: http://0.0.0.0:15552
2024-04-29 10:07:38,164 [main] INFO  http.BaseHttpServer (BaseHttpServer.java:<init>(110)) - Hadoop Security Enabled: false Ozone Security Enabled: false Ozone HTTP Security Enabled: false 
2024-04-29 10:07:38,165 [main] WARN  server.AuthenticationFilter (AuthenticationFilter.java:constructSecretProvider(240)) - Unable to initialize FileSignerSecretProvider, falling back to use random secrets. Reason: Could not read signature secret file: /home/runner/hadoop-http-auth-signature-secret
2024-04-29 10:07:38,165 [main] INFO  http.HttpRequestLog (HttpRequestLog.java:getRequestLog(86)) - Http request log for http.requests.hddsDatanode is not defined
2024-04-29 10:07:38,166 [main] INFO  http.HttpServer2 (HttpServer2.java:addGlobalFilter(1036)) - Added global filter 'safety' (class=org.apache.hadoop.hdds.server.http.HttpServer2$QuotingInputFilter)
2024-04-29 10:07:38,166 [main] INFO  http.HttpServer2 (HttpServer2.java:addFilter(1012)) - Added filter static_user_filter (class=org.apache.hadoop.http.lib.StaticUserWebFilter$StaticUserFilter) to context hddsDatanode
2024-04-29 10:07:38,166 [main] INFO  http.HttpServer2 (HttpServer2.java:addFilter(1020)) - Added filter static_user_filter (class=org.apache.hadoop.http.lib.StaticUserWebFilter$StaticUserFilter) to context static
2024-04-29 10:07:38,167 [main] INFO  http.HttpServer2 (HttpServer2.java:addFilter(1020)) - Added filter static_user_filter (class=org.apache.hadoop.http.lib.StaticUserWebFilter$StaticUserFilter) to context logs
2024-04-29 10:07:38,167 [main] INFO  http.BaseHttpServer (BaseHttpServer.java:<init>(189)) - HTTP server of hddsDatanode uses base directory /home/runner/work/ozone/ozone/hadoop-ozone/integration-test/target/test-dir/MiniOzoneClusterImpl-b29d8e3c-9ac1-4bd8-916d-9a49b4a73262/ozone-meta/datanode-2/meta/webserver
2024-04-29 10:07:38,167 [main] INFO  http.HttpServer2 (HttpServer2.java:bindListener(1236)) - Jetty bound to port 15552
2024-04-29 10:07:38,167 [main] INFO  server.Server (Server.java:doStart(375)) - jetty-9.4.54.v20240208; built: 2024-02-08T19:42:39.027Z; git: cef3fbd6d736a21e7d541a5db490381d95a2047d; jvm 17.0.10+7
2024-04-29 10:07:38,168 [main] INFO  server.session (DefaultSessionIdManager.java:doStart(334)) - DefaultSessionIdManager workerName=node0
2024-04-29 10:07:38,168 [main] INFO  server.session (DefaultSessionIdManager.java:doStart(339)) - No SessionScavenger set, using defaults
2024-04-29 10:07:38,168 [main] INFO  server.session (HouseKeeper.java:startScavenging(132)) - node0 Scavenging every 660000ms
2024-04-29 10:07:38,168 [main] INFO  handler.ContextHandler (ContextHandler.java:doStart(921)) - Started o.e.j.s.ServletContextHandler@b6eea98{logs,/logs,file:///home/runner/work/ozone/ozone/hadoop-ozone/integration-test/target/log,AVAILABLE}
2024-04-29 10:07:38,169 [main] INFO  handler.ContextHandler (ContextHandler.java:doStart(921)) - Started o.e.j.s.ServletContextHandler@6a2d06c8{static,/static,file:///home/runner/work/ozone/ozone/hadoop-hdds/container-service/target/classes/webapps/static,AVAILABLE}
2024-04-29 10:07:38,171 [main] INFO  handler.ContextHandler (ContextHandler.java:doStart(921)) - Started o.e.j.w.WebAppContext@64536c41{hddsDatanode,/,file:///home/runner/work/ozone/ozone/hadoop-hdds/container-service/target/classes/webapps/hddsDatanode/,AVAILABLE}{file:/home/runner/work/ozone/ozone/hadoop-hdds/container-service/target/classes/webapps/hddsDatanode}
2024-04-29 10:07:38,172 [main] INFO  server.AbstractConnector (AbstractConnector.java:doStart(333)) - Started ServerConnector@6a1a57e4{HTTP/1.1, (http/1.1)}{0.0.0.0:15552}
2024-04-29 10:07:38,172 [main] INFO  server.Server (Server.java:doStart(415)) - Started @225544ms
2024-04-29 10:07:38,172 [main] WARN  impl.MetricsSystemImpl (MetricsSystemImpl.java:register(279)) - Sink prometheus already exists!
2024-04-29 10:07:38,172 [main] INFO  http.BaseHttpServer (BaseHttpServer.java:updateConnectorAddress(354)) - HTTP server of hddsDatanode listening at http://0.0.0.0:15552
2024-04-29 10:07:38,172 [main] INFO  ipc.CallQueueManager (CallQueueManager.java:<init>(90)) - Using callQueue: class java.util.concurrent.LinkedBlockingQueue, queueCapacity: 100, scheduler: class org.apache.hadoop.ipc.DefaultRpcScheduler, ipcBackoff: false.
2024-04-29 10:07:38,173 [main] INFO  ipc.Server (Server.java:<init>(1287)) - Listener at 0.0.0.0:15553
2024-04-29 10:07:38,173 [Socket Reader #1 for port 15553] INFO  ipc.Server (Server.java:run(1323)) - Starting Socket Reader #1 for port 15553
2024-04-29 10:07:38,174 [main] INFO  ozone.HddsDatanodeService (HddsDatanodeService.java:start(327)) - Datanode start with admins: [runner]
2024-04-29 10:07:38,174 [main] INFO  ozone.HddsDatanodeClientProtocolServer (HddsDatanodeClientProtocolServer.java:start(77)) - RPC server for Client /0.0.0.0:15553
2024-04-29 10:07:38,174 [IPC Server Responder] INFO  ipc.Server (Server.java:run(1562)) - IPC Server Responder: starting
2024-04-29 10:07:38,177 [IPC Server listener on 15553] INFO  ipc.Server (Server.java:run(1402)) - IPC Server listener on 15553: starting
2024-04-29 10:07:38,178 [main] WARN  dropwizard3.Dm3MetricRegistriesImpl (Dm3MetricRegistriesImpl.java:addReporterRegistration(113)) - New reporters are added after registries were created. Some metrics will be missing from the reporter. Please add reporter before adding any new registry.
2024-04-29 10:07:38,178 [main] WARN  dropwizard3.Dm3MetricRegistriesImpl (Dm3MetricRegistriesImpl.java:addReporterRegistration(113)) - New reporters are added after registries were created. Some metrics will be missing from the reporter. Please add reporter before adding any new registry.
2024-04-29 10:07:38,177 [4c7d070b-487d-4f6a-a802-5407a717b610-DatanodeStateMachineDaemonThread] INFO  statemachine.DatanodeStateMachine (DatanodeStateMachine.java:lambda$startDaemon$1(555)) - Ozone container server started.
2024-04-29 10:07:38,178 [main] INFO  impl.MetricsSystemImpl (MetricsSystemImpl.java:init(158)) - HddsDatanode metrics system started (again)
2024-04-29 10:07:38,183 [4c7d070b-487d-4f6a-a802-5407a717b610-DatanodeStateMachineTaskThread-0] INFO  datanode.InitDatanodeState (InitDatanodeState.java:persistContainerDatanodeDetails(139)) - DatanodeDetails is persisted to /home/runner/work/ozone/ozone/hadoop-ozone/integration-test/target/test-dir/MiniOzoneClusterImpl-b29d8e3c-9ac1-4bd8-916d-9a49b4a73262/ozone-meta/datanode-2/meta/datanode.id
2024-04-29 10:07:38,187 [main] INFO  ozone.HddsDatanodeService (HddsDatanodeService.java:start(240)) - HddsDatanodeService host:fv-az913-54.hn4i015bbztebps0p24f5airth.phxx.internal.cloudapp.net ip:10.1.0.39
2024-04-29 10:07:38,206 [main] INFO  upgrade.AbstractLayoutVersionManager (AbstractLayoutVersionManager.java:init(83)) - Initializing Layout version manager with metadata layout = HADOOP_PRC_PORTS_IN_DATANODEDETAILS (version = 7), software layout = HADOOP_PRC_PORTS_IN_DATANODEDETAILS (version = 7)
2024-04-29 10:07:38,207 [main] INFO  statemachine.DatanodeStateMachine (DatanodeStateMachine.java:getEndPointTaskThreadPoolSize(299)) - Datanode State Machine Task Thread Pool size 2
2024-04-29 10:07:38,207 [main] INFO  volume.HddsVolume (HddsVolume.java:<init>(126)) - Creating HddsVolume: /home/runner/work/ozone/ozone/hadoop-ozone/integration-test/target/test-dir/MiniOzoneClusterImpl-b29d8e3c-9ac1-4bd8-916d-9a49b4a73262/ozone-meta/datanode-3/data-0/hdds of storage type : DISK capacity : 9223372036854775807
2024-04-29 10:07:38,207 [main] INFO  volume.MutableVolumeSet (MutableVolumeSet.java:initializeVolumeSet(173)) - Added Volume : /home/runner/work/ozone/ozone/hadoop-ozone/integration-test/target/test-dir/MiniOzoneClusterImpl-b29d8e3c-9ac1-4bd8-916d-9a49b4a73262/ozone-meta/datanode-3/data-0/hdds to VolumeSet
2024-04-29 10:07:38,208 [main] INFO  volume.MutableVolumeSet (MutableVolumeSet.java:initializeVolumeSet(173)) - Added Volume : /home/runner/work/ozone/ozone/hadoop-ozone/integration-test/target/test-dir/MiniOzoneClusterImpl-b29d8e3c-9ac1-4bd8-916d-9a49b4a73262/ozone-meta/datanode-3/ratis to VolumeSet
2024-04-29 10:07:38,208 [main] INFO  ozoneimpl.OzoneContainer (HddsVolumeUtil.java:loadAllHddsVolumeDbStore(103)) - Load 1 volumes DbStore cost: 0ms
2024-04-29 10:07:38,210 [main] INFO  server.RaftServer (ConfUtils.java:logGet(46)) - raft.rpc.type = GRPC (default)
2024-04-29 10:07:38,210 [main] INFO  grpc.GrpcConfigKeys (ConfUtils.java:logFallback(53)) - raft.grpc.admin.host = null (fallback to raft.grpc.server.host)
2024-04-29 10:07:38,210 [main] INFO  grpc.GrpcConfigKeys (ConfUtils.java:logGet(46)) - raft.grpc.admin.port = 15565 (custom)
2024-04-29 10:07:38,210 [main] INFO  grpc.GrpcConfigKeys (ConfUtils.java:logFallback(53)) - raft.grpc.client.host = null (fallback to raft.grpc.server.host)
2024-04-29 10:07:38,210 [main] INFO  grpc.GrpcConfigKeys (ConfUtils.java:logGet(46)) - raft.grpc.client.port = 15564 (custom)
2024-04-29 10:07:38,210 [main] INFO  grpc.GrpcConfigKeys (ConfUtils.java:logGet(46)) - raft.grpc.server.host = null (default)
2024-04-29 10:07:38,210 [main] INFO  grpc.GrpcConfigKeys (ConfUtils.java:logGet(46)) - raft.grpc.server.port = 15566 (custom)
2024-04-29 10:07:38,210 [main] INFO  server.GrpcService (ConfUtils.java:logGet(46)) - raft.grpc.message.size.max = 32MB (=33554432) (custom)
2024-04-29 10:07:38,210 [main] INFO  server.RaftServerConfigKeys (ConfUtils.java:logGet(46)) - raft.server.log.appender.buffer.byte-limit = 8388608 (custom)
2024-04-29 10:07:38,210 [main] INFO  server.GrpcService (ConfUtils.java:logGet(46)) - raft.grpc.flow.control.window = 5MB (=5242880) (custom)
2024-04-29 10:07:38,210 [main] INFO  server.RaftServerConfigKeys (ConfUtils.java:logGet(46)) - raft.server.rpc.request.timeout = 3000ms (default)
2024-04-29 10:07:38,210 [main] INFO  grpc.GrpcConfigKeys (ConfUtils.java:logGet(46)) - raft.grpc.server.heartbeat.channel = true (default)
2024-04-29 10:07:38,210 [main] INFO  grpc.GrpcConfigKeys (ConfUtils.java:logGet(46)) - raft.grpc.server.async.request.thread.pool.cached = true (default)
2024-04-29 10:07:38,210 [main] INFO  grpc.GrpcConfigKeys (ConfUtils.java:logGet(46)) - raft.grpc.server.async.request.thread.pool.size = 32 (default)
2024-04-29 10:07:38,212 [main] INFO  impl.DataStreamServerImpl (ConfUtils.java:logGet(46)) - raft.datastream.type = NETTY (custom)
2024-04-29 10:07:38,212 [main] INFO  server.RaftServerConfigKeys (ConfUtils.java:logGet(46)) - raft.server.data-stream.async.request.thread.pool.cached = false (default)
2024-04-29 10:07:38,212 [main] INFO  server.RaftServerConfigKeys (ConfUtils.java:logGet(46)) - raft.server.data-stream.async.request.thread.pool.size = 20 (custom)
2024-04-29 10:07:38,212 [main] INFO  server.RaftServerConfigKeys (ConfUtils.java:logGet(46)) - raft.server.data-stream.async.write.thread.pool.size = 16 (default)
2024-04-29 10:07:38,212 [main] INFO  netty.NettyConfigKeys$DataStream (ConfUtils.java:logGet(46)) - raft.netty.dataStream.server.channel.inactive.grace-period = 10min (default)
2024-04-29 10:07:38,212 [main] INFO  server.RaftServerConfigKeys (ConfUtils.java:logGet(46)) - raft.server.data-stream.client.pool.size = 10 (default)
2024-04-29 10:07:38,212 [main] INFO  netty.NettyConfigKeys$DataStream (ConfUtils.java:logGet(46)) - raft.netty.dataStream.server.use-epoll = true (default)
2024-04-29 10:07:38,212 [main] INFO  netty.NettyConfigKeys$DataStream (ConfUtils.java:logGet(46)) - raft.netty.dataStream.server.boss-group.size = 0 (default)
2024-04-29 10:07:38,212 [main] INFO  netty.NettyUtils (NettyUtils.java:newEventLoopGroup(69)) - Create EpollEventLoopGroup for 0b459a02-f078-4553-b8ee-4a7bbebe5aa1-NettyServerStreamRpc-bossGroup; Thread size is 0.
2024-04-29 10:07:38,213 [main] INFO  netty.NettyConfigKeys$DataStream (ConfUtils.java:logGet(46)) - raft.netty.dataStream.server.worker-group.size = 0 (default)
2024-04-29 10:07:38,213 [main] INFO  netty.NettyUtils (NettyUtils.java:newEventLoopGroup(69)) - Create EpollEventLoopGroup for 0b459a02-f078-4553-b8ee-4a7bbebe5aa1-NettyServerStreamRpc-workerGroup; Thread size is 0.
2024-04-29 10:07:38,213 [main] INFO  netty.NettyConfigKeys$DataStream (ConfUtils.java:logGet(46)) - raft.netty.dataStream.server.tls.conf = null (default)
2024-04-29 10:07:38,213 [main] INFO  netty.NettyConfigKeys$DataStream (ConfUtils.java:logGet(46)) - raft.netty.dataStream.host = null (default)
2024-04-29 10:07:38,213 [main] INFO  netty.NettyConfigKeys$DataStream (ConfUtils.java:logGet(46)) - raft.netty.dataStream.port = 15567 (custom)
2024-04-29 10:07:38,213 [main] INFO  server.RaftServerConfigKeys (ConfUtils.java:logGet(46)) - raft.server.sleep.deviation.threshold = 300ms (default)
2024-04-29 10:07:38,213 [main] INFO  server.RaftServerConfigKeys (ConfUtils.java:logGet(46)) - raft.server.close.threshold = 60s (default)
2024-04-29 10:07:38,213 [main] INFO  server.RaftServerConfigKeys (ConfUtils.java:logGet(46)) - raft.server.leaderelection.leader.step-down.wait-time = 10s (default)
2024-04-29 10:07:38,213 [0b459a02-f078-4553-b8ee-4a7bbebe5aa1-NettyServerStreamRpc-bossGroup--thread1] INFO  logging.LoggingHandler (AbstractInternalLogger.java:log(148)) - [id: 0xdfd1dfed] REGISTERED
2024-04-29 10:07:38,214 [main] INFO  server.RaftServerConfigKeys (ConfUtils.java:logGet(46)) - raft.server.storage.dir = [/home/runner/work/ozone/ozone/hadoop-ozone/integration-test/target/test-dir/MiniOzoneClusterImpl-b29d8e3c-9ac1-4bd8-916d-9a49b4a73262/ozone-meta/datanode-3/ratis] (custom)
2024-04-29 10:07:38,214 [0b459a02-f078-4553-b8ee-4a7bbebe5aa1-NettyServerStreamRpc-bossGroup--thread1] INFO  logging.LoggingHandler (AbstractInternalLogger.java:log(148)) - [id: 0xdfd1dfed] BIND: 0.0.0.0/0.0.0.0:15567
2024-04-29 10:07:38,214 [0b459a02-f078-4553-b8ee-4a7bbebe5aa1-NettyServerStreamRpc-bossGroup--thread1] INFO  logging.LoggingHandler (AbstractInternalLogger.java:log(148)) - [id: 0xdfd1dfed, L:/0.0.0.0:15567] ACTIVE
2024-04-29 10:07:38,214 [main] INFO  server.RaftServerConfigKeys (ConfUtils.java:logGet(46)) - raft.server.threadpool.proxy.cached = true (default)
2024-04-29 10:07:38,214 [main] INFO  server.RaftServerConfigKeys (ConfUtils.java:logGet(46)) - raft.server.threadpool.proxy.size = 0 (default)
2024-04-29 10:07:38,214 [0b459a02-f078-4553-b8ee-4a7bbebe5aa1-impl-thread1] INFO  server.RaftServer (RaftServerProxy.java:initGroupDir(264)) - 0b459a02-f078-4553-b8ee-4a7bbebe5aa1: found a subdirectory /home/runner/work/ozone/ozone/hadoop-ozone/integration-test/target/test-dir/MiniOzoneClusterImpl-b29d8e3c-9ac1-4bd8-916d-9a49b4a73262/ozone-meta/datanode-3/ratis/tmp
2024-04-29 10:07:38,214 [0b459a02-f078-4553-b8ee-4a7bbebe5aa1-impl-thread1] INFO  server.RaftServer (RaftServerProxy.java:initGroupDir(269)) - 0b459a02-f078-4553-b8ee-4a7bbebe5aa1: The directory /home/runner/work/ozone/ozone/hadoop-ozone/integration-test/target/test-dir/MiniOzoneClusterImpl-b29d8e3c-9ac1-4bd8-916d-9a49b4a73262/ozone-meta/datanode-3/ratis/tmp is not a group directory; ignoring it. 
2024-04-29 10:07:38,214 [main] INFO  replication.ReplicationServer (ReplicationServer.java:<init>(86)) - Initializing replication server with thread count = 10 queue length = 4096
2024-04-29 10:07:38,215 [main] INFO  server.XceiverServerGrpc (XceiverServerGrpc.java:<init>(141)) - GrpcServer channel type EpollServerSocketChannel
2024-04-29 10:07:38,216 [main] INFO  replication.ReplicationSupervisor (ReplicationSupervisor.java:build(157)) - Initializing replication supervisor with thread count = 10
2024-04-29 10:07:38,216 [main] INFO  replication.ReplicationSupervisor (ReplicationSupervisor.java:nodeStateUpdated(312)) - Node state updated to IN_SERVICE, scaling executor pool size to 10
2024-04-29 10:07:38,217 [main] INFO  http.BaseHttpServer (BaseHttpServer.java:newHttpServer2BuilderForOzone(223)) - Starting Web-server for hddsDatanode at: http://0.0.0.0:15561
2024-04-29 10:07:38,217 [main] INFO  http.BaseHttpServer (BaseHttpServer.java:<init>(110)) - Hadoop Security Enabled: false Ozone Security Enabled: false Ozone HTTP Security Enabled: false 
2024-04-29 10:07:38,218 [main] WARN  server.AuthenticationFilter (AuthenticationFilter.java:constructSecretProvider(240)) - Unable to initialize FileSignerSecretProvider, falling back to use random secrets. Reason: Could not read signature secret file: /home/runner/hadoop-http-auth-signature-secret
2024-04-29 10:07:38,222 [main] INFO  http.HttpRequestLog (HttpRequestLog.java:getRequestLog(86)) - Http request log for http.requests.hddsDatanode is not defined
2024-04-29 10:07:38,222 [main] INFO  http.HttpServer2 (HttpServer2.java:addGlobalFilter(1036)) - Added global filter 'safety' (class=org.apache.hadoop.hdds.server.http.HttpServer2$QuotingInputFilter)
2024-04-29 10:07:38,222 [main] INFO  http.HttpServer2 (HttpServer2.java:addFilter(1012)) - Added filter static_user_filter (class=org.apache.hadoop.http.lib.StaticUserWebFilter$StaticUserFilter) to context hddsDatanode
2024-04-29 10:07:38,223 [main] INFO  http.HttpServer2 (HttpServer2.java:addFilter(1020)) - Added filter static_user_filter (class=org.apache.hadoop.http.lib.StaticUserWebFilter$StaticUserFilter) to context logs
2024-04-29 10:07:38,223 [main] INFO  http.HttpServer2 (HttpServer2.java:addFilter(1020)) - Added filter static_user_filter (class=org.apache.hadoop.http.lib.StaticUserWebFilter$StaticUserFilter) to context static
2024-04-29 10:07:38,223 [main] INFO  http.BaseHttpServer (BaseHttpServer.java:<init>(189)) - HTTP server of hddsDatanode uses base directory /home/runner/work/ozone/ozone/hadoop-ozone/integration-test/target/test-dir/MiniOzoneClusterImpl-b29d8e3c-9ac1-4bd8-916d-9a49b4a73262/ozone-meta/datanode-3/meta/webserver
2024-04-29 10:07:38,223 [main] INFO  http.HttpServer2 (HttpServer2.java:bindListener(1236)) - Jetty bound to port 15561
2024-04-29 10:07:38,223 [main] INFO  server.Server (Server.java:doStart(375)) - jetty-9.4.54.v20240208; built: 2024-02-08T19:42:39.027Z; git: cef3fbd6d736a21e7d541a5db490381d95a2047d; jvm 17.0.10+7
2024-04-29 10:07:38,224 [main] INFO  server.session (DefaultSessionIdManager.java:doStart(334)) - DefaultSessionIdManager workerName=node0
2024-04-29 10:07:38,224 [main] INFO  server.session (DefaultSessionIdManager.java:doStart(339)) - No SessionScavenger set, using defaults
2024-04-29 10:07:38,224 [main] INFO  server.session (HouseKeeper.java:startScavenging(132)) - node0 Scavenging every 660000ms
2024-04-29 10:07:38,224 [main] INFO  handler.ContextHandler (ContextHandler.java:doStart(921)) - Started o.e.j.s.ServletContextHandler@12aba7cb{logs,/logs,file:///home/runner/work/ozone/ozone/hadoop-ozone/integration-test/target/log,AVAILABLE}
2024-04-29 10:07:38,225 [main] INFO  handler.ContextHandler (ContextHandler.java:doStart(921)) - Started o.e.j.s.ServletContextHandler@21ced418{static,/static,file:///home/runner/work/ozone/ozone/hadoop-hdds/container-service/target/classes/webapps/static,AVAILABLE}
2024-04-29 10:07:38,227 [main] INFO  handler.ContextHandler (ContextHandler.java:doStart(921)) - Started o.e.j.w.WebAppContext@222667ff{hddsDatanode,/,file:///home/runner/work/ozone/ozone/hadoop-hdds/container-service/target/classes/webapps/hddsDatanode/,AVAILABLE}{file:/home/runner/work/ozone/ozone/hadoop-hdds/container-service/target/classes/webapps/hddsDatanode}
2024-04-29 10:07:38,227 [main] INFO  server.AbstractConnector (AbstractConnector.java:doStart(333)) - Started ServerConnector@7acff702{HTTP/1.1, (http/1.1)}{0.0.0.0:15561}
2024-04-29 10:07:38,227 [main] INFO  server.Server (Server.java:doStart(415)) - Started @225600ms
2024-04-29 10:07:38,228 [main] WARN  impl.MetricsSystemImpl (MetricsSystemImpl.java:register(279)) - Sink prometheus already exists!
2024-04-29 10:07:38,228 [main] INFO  http.BaseHttpServer (BaseHttpServer.java:updateConnectorAddress(354)) - HTTP server of hddsDatanode listening at http://0.0.0.0:15561
2024-04-29 10:07:38,228 [main] INFO  ipc.CallQueueManager (CallQueueManager.java:<init>(90)) - Using callQueue: class java.util.concurrent.LinkedBlockingQueue, queueCapacity: 100, scheduler: class org.apache.hadoop.ipc.DefaultRpcScheduler, ipcBackoff: false.
2024-04-29 10:07:38,228 [main] INFO  ipc.Server (Server.java:<init>(1287)) - Listener at 0.0.0.0:15562
2024-04-29 10:07:38,229 [Socket Reader #1 for port 15562] INFO  ipc.Server (Server.java:run(1323)) - Starting Socket Reader #1 for port 15562
2024-04-29 10:07:38,230 [main] INFO  ozone.HddsDatanodeService (HddsDatanodeService.java:start(327)) - Datanode start with admins: [runner]
2024-04-29 10:07:38,230 [main] INFO  ozone.HddsDatanodeClientProtocolServer (HddsDatanodeClientProtocolServer.java:start(77)) - RPC server for Client /0.0.0.0:15562
2024-04-29 10:07:38,230 [IPC Server Responder] INFO  ipc.Server (Server.java:run(1562)) - IPC Server Responder: starting
2024-04-29 10:07:38,231 [IPC Server listener on 15562] INFO  ipc.Server (Server.java:run(1402)) - IPC Server listener on 15562: starting
2024-04-29 10:07:38,233 [0b459a02-f078-4553-b8ee-4a7bbebe5aa1-DatanodeStateMachineDaemonThread] INFO  statemachine.DatanodeStateMachine (DatanodeStateMachine.java:lambda$startDaemon$1(555)) - Ozone container server started.
2024-04-29 10:07:38,233 [main] WARN  dropwizard3.Dm3MetricRegistriesImpl (Dm3MetricRegistriesImpl.java:addReporterRegistration(113)) - New reporters are added after registries were created. Some metrics will be missing from the reporter. Please add reporter before adding any new registry.
2024-04-29 10:07:38,233 [main] WARN  dropwizard3.Dm3MetricRegistriesImpl (Dm3MetricRegistriesImpl.java:addReporterRegistration(113)) - New reporters are added after registries were created. Some metrics will be missing from the reporter. Please add reporter before adding any new registry.
2024-04-29 10:07:38,233 [main] INFO  impl.MetricsSystemImpl (MetricsSystemImpl.java:init(158)) - HddsDatanode metrics system started (again)
2024-04-29 10:07:38,238 [0b459a02-f078-4553-b8ee-4a7bbebe5aa1-DatanodeStateMachineTaskThread-0] INFO  datanode.InitDatanodeState (InitDatanodeState.java:persistContainerDatanodeDetails(139)) - DatanodeDetails is persisted to /home/runner/work/ozone/ozone/hadoop-ozone/integration-test/target/test-dir/MiniOzoneClusterImpl-b29d8e3c-9ac1-4bd8-916d-9a49b4a73262/ozone-meta/datanode-3/meta/datanode.id
2024-04-29 10:07:38,242 [main] INFO  ozone.HddsDatanodeService (HddsDatanodeService.java:start(240)) - HddsDatanodeService host:fv-az913-54.hn4i015bbztebps0p24f5airth.phxx.internal.cloudapp.net ip:10.1.0.39
2024-04-29 10:07:38,260 [main] INFO  upgrade.AbstractLayoutVersionManager (AbstractLayoutVersionManager.java:init(83)) - Initializing Layout version manager with metadata layout = HADOOP_PRC_PORTS_IN_DATANODEDETAILS (version = 7), software layout = HADOOP_PRC_PORTS_IN_DATANODEDETAILS (version = 7)
2024-04-29 10:07:38,261 [main] INFO  statemachine.DatanodeStateMachine (DatanodeStateMachine.java:getEndPointTaskThreadPoolSize(299)) - Datanode State Machine Task Thread Pool size 2
2024-04-29 10:07:38,261 [main] INFO  volume.HddsVolume (HddsVolume.java:<init>(126)) - Creating HddsVolume: /home/runner/work/ozone/ozone/hadoop-ozone/integration-test/target/test-dir/MiniOzoneClusterImpl-b29d8e3c-9ac1-4bd8-916d-9a49b4a73262/ozone-meta/datanode-4/data-0/hdds of storage type : DISK capacity : 9223372036854775807
2024-04-29 10:07:38,262 [main] INFO  volume.MutableVolumeSet (MutableVolumeSet.java:initializeVolumeSet(173)) - Added Volume : /home/runner/work/ozone/ozone/hadoop-ozone/integration-test/target/test-dir/MiniOzoneClusterImpl-b29d8e3c-9ac1-4bd8-916d-9a49b4a73262/ozone-meta/datanode-4/data-0/hdds to VolumeSet
2024-04-29 10:07:38,262 [main] INFO  volume.MutableVolumeSet (MutableVolumeSet.java:initializeVolumeSet(173)) - Added Volume : /home/runner/work/ozone/ozone/hadoop-ozone/integration-test/target/test-dir/MiniOzoneClusterImpl-b29d8e3c-9ac1-4bd8-916d-9a49b4a73262/ozone-meta/datanode-4/ratis to VolumeSet
2024-04-29 10:07:38,262 [main] INFO  ozoneimpl.OzoneContainer (HddsVolumeUtil.java:loadAllHddsVolumeDbStore(103)) - Load 1 volumes DbStore cost: 0ms
2024-04-29 10:07:38,263 [main] INFO  server.RaftServer (ConfUtils.java:logGet(46)) - raft.rpc.type = GRPC (default)
2024-04-29 10:07:38,264 [main] INFO  grpc.GrpcConfigKeys (ConfUtils.java:logFallback(53)) - raft.grpc.admin.host = null (fallback to raft.grpc.server.host)
2024-04-29 10:07:38,264 [main] INFO  grpc.GrpcConfigKeys (ConfUtils.java:logGet(46)) - raft.grpc.admin.port = 15574 (custom)
2024-04-29 10:07:38,264 [main] INFO  grpc.GrpcConfigKeys (ConfUtils.java:logFallback(53)) - raft.grpc.client.host = null (fallback to raft.grpc.server.host)
2024-04-29 10:07:38,264 [main] INFO  grpc.GrpcConfigKeys (ConfUtils.java:logGet(46)) - raft.grpc.client.port = 15573 (custom)
2024-04-29 10:07:38,264 [main] INFO  grpc.GrpcConfigKeys (ConfUtils.java:logGet(46)) - raft.grpc.server.host = null (default)
2024-04-29 10:07:38,264 [main] INFO  grpc.GrpcConfigKeys (ConfUtils.java:logGet(46)) - raft.grpc.server.port = 15575 (custom)
2024-04-29 10:07:38,264 [main] INFO  server.GrpcService (ConfUtils.java:logGet(46)) - raft.grpc.message.size.max = 32MB (=33554432) (custom)
2024-04-29 10:07:38,264 [main] INFO  server.RaftServerConfigKeys (ConfUtils.java:logGet(46)) - raft.server.log.appender.buffer.byte-limit = 8388608 (custom)
2024-04-29 10:07:38,264 [main] INFO  server.GrpcService (ConfUtils.java:logGet(46)) - raft.grpc.flow.control.window = 5MB (=5242880) (custom)
2024-04-29 10:07:38,264 [main] INFO  server.RaftServerConfigKeys (ConfUtils.java:logGet(46)) - raft.server.rpc.request.timeout = 3000ms (default)
2024-04-29 10:07:38,264 [main] INFO  grpc.GrpcConfigKeys (ConfUtils.java:logGet(46)) - raft.grpc.server.heartbeat.channel = true (default)
2024-04-29 10:07:38,264 [main] INFO  grpc.GrpcConfigKeys (ConfUtils.java:logGet(46)) - raft.grpc.server.async.request.thread.pool.cached = true (default)
2024-04-29 10:07:38,264 [main] INFO  grpc.GrpcConfigKeys (ConfUtils.java:logGet(46)) - raft.grpc.server.async.request.thread.pool.size = 32 (default)
2024-04-29 10:07:38,266 [main] INFO  impl.DataStreamServerImpl (ConfUtils.java:logGet(46)) - raft.datastream.type = NETTY (custom)
2024-04-29 10:07:38,266 [main] INFO  server.RaftServerConfigKeys (ConfUtils.java:logGet(46)) - raft.server.data-stream.async.request.thread.pool.cached = false (default)
2024-04-29 10:07:38,266 [main] INFO  server.RaftServerConfigKeys (ConfUtils.java:logGet(46)) - raft.server.data-stream.async.request.thread.pool.size = 20 (custom)
2024-04-29 10:07:38,266 [main] INFO  server.RaftServerConfigKeys (ConfUtils.java:logGet(46)) - raft.server.data-stream.async.write.thread.pool.size = 16 (default)
2024-04-29 10:07:38,266 [main] INFO  netty.NettyConfigKeys$DataStream (ConfUtils.java:logGet(46)) - raft.netty.dataStream.server.channel.inactive.grace-period = 10min (default)
2024-04-29 10:07:38,266 [main] INFO  server.RaftServerConfigKeys (ConfUtils.java:logGet(46)) - raft.server.data-stream.client.pool.size = 10 (default)
2024-04-29 10:07:38,266 [main] INFO  netty.NettyConfigKeys$DataStream (ConfUtils.java:logGet(46)) - raft.netty.dataStream.server.use-epoll = true (default)
2024-04-29 10:07:38,266 [main] INFO  netty.NettyConfigKeys$DataStream (ConfUtils.java:logGet(46)) - raft.netty.dataStream.server.boss-group.size = 0 (default)
2024-04-29 10:07:38,266 [main] INFO  netty.NettyUtils (NettyUtils.java:newEventLoopGroup(69)) - Create EpollEventLoopGroup for 57f64e1c-8fe8-4173-a2ca-9d6151488275-NettyServerStreamRpc-bossGroup; Thread size is 0.
2024-04-29 10:07:38,266 [main] INFO  netty.NettyConfigKeys$DataStream (ConfUtils.java:logGet(46)) - raft.netty.dataStream.server.worker-group.size = 0 (default)
2024-04-29 10:07:38,266 [main] INFO  netty.NettyUtils (NettyUtils.java:newEventLoopGroup(69)) - Create EpollEventLoopGroup for 57f64e1c-8fe8-4173-a2ca-9d6151488275-NettyServerStreamRpc-workerGroup; Thread size is 0.
2024-04-29 10:07:38,267 [main] INFO  netty.NettyConfigKeys$DataStream (ConfUtils.java:logGet(46)) - raft.netty.dataStream.server.tls.conf = null (default)
2024-04-29 10:07:38,267 [main] INFO  netty.NettyConfigKeys$DataStream (ConfUtils.java:logGet(46)) - raft.netty.dataStream.host = null (default)
2024-04-29 10:07:38,267 [main] INFO  netty.NettyConfigKeys$DataStream (ConfUtils.java:logGet(46)) - raft.netty.dataStream.port = 15576 (custom)
2024-04-29 10:07:38,267 [main] INFO  server.RaftServerConfigKeys (ConfUtils.java:logGet(46)) - raft.server.sleep.deviation.threshold = 300ms (default)
2024-04-29 10:07:38,267 [main] INFO  server.RaftServerConfigKeys (ConfUtils.java:logGet(46)) - raft.server.close.threshold = 60s (default)
2024-04-29 10:07:38,267 [main] INFO  server.RaftServerConfigKeys (ConfUtils.java:logGet(46)) - raft.server.leaderelection.leader.step-down.wait-time = 10s (default)
2024-04-29 10:07:38,267 [57f64e1c-8fe8-4173-a2ca-9d6151488275-NettyServerStreamRpc-bossGroup--thread1] INFO  logging.LoggingHandler (AbstractInternalLogger.java:log(148)) - [id: 0x96766f5b] REGISTERED
2024-04-29 10:07:38,267 [main] INFO  server.RaftServerConfigKeys (ConfUtils.java:logGet(46)) - raft.server.storage.dir = [/home/runner/work/ozone/ozone/hadoop-ozone/integration-test/target/test-dir/MiniOzoneClusterImpl-b29d8e3c-9ac1-4bd8-916d-9a49b4a73262/ozone-meta/datanode-4/ratis] (custom)
2024-04-29 10:07:38,267 [57f64e1c-8fe8-4173-a2ca-9d6151488275-NettyServerStreamRpc-bossGroup--thread1] INFO  logging.LoggingHandler (AbstractInternalLogger.java:log(148)) - [id: 0x96766f5b] BIND: 0.0.0.0/0.0.0.0:15576
2024-04-29 10:07:38,267 [main] INFO  server.RaftServerConfigKeys (ConfUtils.java:logGet(46)) - raft.server.threadpool.proxy.cached = true (default)
2024-04-29 10:07:38,267 [57f64e1c-8fe8-4173-a2ca-9d6151488275-NettyServerStreamRpc-bossGroup--thread1] INFO  logging.LoggingHandler (AbstractInternalLogger.java:log(148)) - [id: 0x96766f5b, L:/0.0.0.0:15576] ACTIVE
2024-04-29 10:07:38,267 [main] INFO  server.RaftServerConfigKeys (ConfUtils.java:logGet(46)) - raft.server.threadpool.proxy.size = 0 (default)
2024-04-29 10:07:38,268 [57f64e1c-8fe8-4173-a2ca-9d6151488275-impl-thread1] INFO  server.RaftServer (RaftServerProxy.java:initGroupDir(264)) - 57f64e1c-8fe8-4173-a2ca-9d6151488275: found a subdirectory /home/runner/work/ozone/ozone/hadoop-ozone/integration-test/target/test-dir/MiniOzoneClusterImpl-b29d8e3c-9ac1-4bd8-916d-9a49b4a73262/ozone-meta/datanode-4/ratis/tmp
2024-04-29 10:07:38,268 [57f64e1c-8fe8-4173-a2ca-9d6151488275-impl-thread1] INFO  server.RaftServer (RaftServerProxy.java:initGroupDir(269)) - 57f64e1c-8fe8-4173-a2ca-9d6151488275: The directory /home/runner/work/ozone/ozone/hadoop-ozone/integration-test/target/test-dir/MiniOzoneClusterImpl-b29d8e3c-9ac1-4bd8-916d-9a49b4a73262/ozone-meta/datanode-4/ratis/tmp is not a group directory; ignoring it. 
2024-04-29 10:07:38,268 [main] INFO  replication.ReplicationServer (ReplicationServer.java:<init>(86)) - Initializing replication server with thread count = 10 queue length = 4096
2024-04-29 10:07:38,269 [main] INFO  server.XceiverServerGrpc (XceiverServerGrpc.java:<init>(141)) - GrpcServer channel type EpollServerSocketChannel
2024-04-29 10:07:38,269 [main] INFO  replication.ReplicationSupervisor (ReplicationSupervisor.java:build(157)) - Initializing replication supervisor with thread count = 10
2024-04-29 10:07:38,269 [main] INFO  replication.ReplicationSupervisor (ReplicationSupervisor.java:nodeStateUpdated(312)) - Node state updated to IN_SERVICE, scaling executor pool size to 10
2024-04-29 10:07:38,271 [main] INFO  http.BaseHttpServer (BaseHttpServer.java:newHttpServer2BuilderForOzone(223)) - Starting Web-server for hddsDatanode at: http://0.0.0.0:15570
2024-04-29 10:07:38,271 [main] INFO  http.BaseHttpServer (BaseHttpServer.java:<init>(110)) - Hadoop Security Enabled: false Ozone Security Enabled: false Ozone HTTP Security Enabled: false 
2024-04-29 10:07:38,271 [main] WARN  server.AuthenticationFilter (AuthenticationFilter.java:constructSecretProvider(240)) - Unable to initialize FileSignerSecretProvider, falling back to use random secrets. Reason: Could not read signature secret file: /home/runner/hadoop-http-auth-signature-secret
2024-04-29 10:07:38,272 [main] INFO  http.HttpRequestLog (HttpRequestLog.java:getRequestLog(86)) - Http request log for http.requests.hddsDatanode is not defined
2024-04-29 10:07:38,272 [main] INFO  http.HttpServer2 (HttpServer2.java:addGlobalFilter(1036)) - Added global filter 'safety' (class=org.apache.hadoop.hdds.server.http.HttpServer2$QuotingInputFilter)
2024-04-29 10:07:38,272 [main] INFO  http.HttpServer2 (HttpServer2.java:addFilter(1012)) - Added filter static_user_filter (class=org.apache.hadoop.http.lib.StaticUserWebFilter$StaticUserFilter) to context hddsDatanode
2024-04-29 10:07:38,272 [main] INFO  http.HttpServer2 (HttpServer2.java:addFilter(1020)) - Added filter static_user_filter (class=org.apache.hadoop.http.lib.StaticUserWebFilter$StaticUserFilter) to context static
2024-04-29 10:07:38,272 [main] INFO  http.HttpServer2 (HttpServer2.java:addFilter(1020)) - Added filter static_user_filter (class=org.apache.hadoop.http.lib.StaticUserWebFilter$StaticUserFilter) to context logs
2024-04-29 10:07:38,273 [main] INFO  http.BaseHttpServer (BaseHttpServer.java:<init>(189)) - HTTP server of hddsDatanode uses base directory /home/runner/work/ozone/ozone/hadoop-ozone/integration-test/target/test-dir/MiniOzoneClusterImpl-b29d8e3c-9ac1-4bd8-916d-9a49b4a73262/ozone-meta/datanode-4/meta/webserver
2024-04-29 10:07:38,273 [main] INFO  http.HttpServer2 (HttpServer2.java:bindListener(1236)) - Jetty bound to port 15570
2024-04-29 10:07:38,273 [main] INFO  server.Server (Server.java:doStart(375)) - jetty-9.4.54.v20240208; built: 2024-02-08T19:42:39.027Z; git: cef3fbd6d736a21e7d541a5db490381d95a2047d; jvm 17.0.10+7
2024-04-29 10:07:38,274 [main] INFO  server.session (DefaultSessionIdManager.java:doStart(334)) - DefaultSessionIdManager workerName=node0
2024-04-29 10:07:38,274 [main] INFO  server.session (DefaultSessionIdManager.java:doStart(339)) - No SessionScavenger set, using defaults
2024-04-29 10:07:38,274 [main] INFO  server.session (HouseKeeper.java:startScavenging(132)) - node0 Scavenging every 660000ms
2024-04-29 10:07:38,274 [main] INFO  handler.ContextHandler (ContextHandler.java:doStart(921)) - Started o.e.j.s.ServletContextHandler@16c2da2c{logs,/logs,file:///home/runner/work/ozone/ozone/hadoop-ozone/integration-test/target/log,AVAILABLE}
2024-04-29 10:07:38,275 [main] INFO  handler.ContextHandler (ContextHandler.java:doStart(921)) - Started o.e.j.s.ServletContextHandler@1ac28194{static,/static,file:///home/runner/work/ozone/ozone/hadoop-hdds/container-service/target/classes/webapps/static,AVAILABLE}
2024-04-29 10:07:38,277 [main] INFO  handler.ContextHandler (ContextHandler.java:doStart(921)) - Started o.e.j.w.WebAppContext@4e872237{hddsDatanode,/,file:///home/runner/work/ozone/ozone/hadoop-hdds/container-service/target/classes/webapps/hddsDatanode/,AVAILABLE}{file:/home/runner/work/ozone/ozone/hadoop-hdds/container-service/target/classes/webapps/hddsDatanode}
2024-04-29 10:07:38,277 [main] INFO  server.AbstractConnector (AbstractConnector.java:doStart(333)) - Started ServerConnector@4eca7921{HTTP/1.1, (http/1.1)}{0.0.0.0:15570}
2024-04-29 10:07:38,277 [main] INFO  server.Server (Server.java:doStart(415)) - Started @225650ms
2024-04-29 10:07:38,278 [main] WARN  impl.MetricsSystemImpl (MetricsSystemImpl.java:register(279)) - Sink prometheus already exists!
2024-04-29 10:07:38,278 [main] INFO  http.BaseHttpServer (BaseHttpServer.java:updateConnectorAddress(354)) - HTTP server of hddsDatanode listening at http://0.0.0.0:15570
2024-04-29 10:07:38,278 [main] INFO  ipc.CallQueueManager (CallQueueManager.java:<init>(90)) - Using callQueue: class java.util.concurrent.LinkedBlockingQueue, queueCapacity: 100, scheduler: class org.apache.hadoop.ipc.DefaultRpcScheduler, ipcBackoff: false.
2024-04-29 10:07:38,278 [main] INFO  ipc.Server (Server.java:<init>(1287)) - Listener at 0.0.0.0:15571
2024-04-29 10:07:38,279 [Socket Reader #1 for port 15571] INFO  ipc.Server (Server.java:run(1323)) - Starting Socket Reader #1 for port 15571
2024-04-29 10:07:38,280 [main] INFO  ozone.HddsDatanodeService (HddsDatanodeService.java:start(327)) - Datanode start with admins: [runner]
2024-04-29 10:07:38,280 [main] INFO  ozone.HddsDatanodeClientProtocolServer (HddsDatanodeClientProtocolServer.java:start(77)) - RPC server for Client /0.0.0.0:15571
2024-04-29 10:07:38,281 [IPC Server Responder] INFO  ipc.Server (Server.java:run(1562)) - IPC Server Responder: starting
2024-04-29 10:07:38,281 [57f64e1c-8fe8-4173-a2ca-9d6151488275-DatanodeStateMachineDaemonThread] INFO  statemachine.DatanodeStateMachine (DatanodeStateMachine.java:lambda$startDaemon$1(555)) - Ozone container server started.
2024-04-29 10:07:38,281 [main] WARN  dropwizard3.Dm3MetricRegistriesImpl (Dm3MetricRegistriesImpl.java:addReporterRegistration(113)) - New reporters are added after registries were created. Some metrics will be missing from the reporter. Please add reporter before adding any new registry.
2024-04-29 10:07:38,281 [main] WARN  dropwizard3.Dm3MetricRegistriesImpl (Dm3MetricRegistriesImpl.java:addReporterRegistration(113)) - New reporters are added after registries were created. Some metrics will be missing from the reporter. Please add reporter before adding any new registry.
2024-04-29 10:07:38,281 [main] INFO  impl.MetricsSystemImpl (MetricsSystemImpl.java:init(158)) - HddsDatanode metrics system started (again)
2024-04-29 10:07:38,281 [IPC Server listener on 15571] INFO  ipc.Server (Server.java:run(1402)) - IPC Server listener on 15571: starting
2024-04-29 10:07:38,287 [57f64e1c-8fe8-4173-a2ca-9d6151488275-DatanodeStateMachineTaskThread-0] INFO  datanode.InitDatanodeState (InitDatanodeState.java:persistContainerDatanodeDetails(139)) - DatanodeDetails is persisted to /home/runner/work/ozone/ozone/hadoop-ozone/integration-test/target/test-dir/MiniOzoneClusterImpl-b29d8e3c-9ac1-4bd8-916d-9a49b4a73262/ozone-meta/datanode-4/meta/datanode.id
2024-04-29 10:07:38,290 [main] INFO  ozone.HddsDatanodeService (HddsDatanodeService.java:start(240)) - HddsDatanodeService host:fv-az913-54.hn4i015bbztebps0p24f5airth.phxx.internal.cloudapp.net ip:10.1.0.39
2024-04-29 10:07:38,311 [main] INFO  upgrade.AbstractLayoutVersionManager (AbstractLayoutVersionManager.java:init(83)) - Initializing Layout version manager with metadata layout = HADOOP_PRC_PORTS_IN_DATANODEDETAILS (version = 7), software layout = HADOOP_PRC_PORTS_IN_DATANODEDETAILS (version = 7)
2024-04-29 10:07:38,312 [main] INFO  statemachine.DatanodeStateMachine (DatanodeStateMachine.java:getEndPointTaskThreadPoolSize(299)) - Datanode State Machine Task Thread Pool size 2
2024-04-29 10:07:38,312 [main] INFO  volume.HddsVolume (HddsVolume.java:<init>(126)) - Creating HddsVolume: /home/runner/work/ozone/ozone/hadoop-ozone/integration-test/target/test-dir/MiniOzoneClusterImpl-b29d8e3c-9ac1-4bd8-916d-9a49b4a73262/ozone-meta/datanode-5/data-0/hdds of storage type : DISK capacity : 9223372036854775807
2024-04-29 10:07:38,312 [main] INFO  volume.MutableVolumeSet (MutableVolumeSet.java:initializeVolumeSet(173)) - Added Volume : /home/runner/work/ozone/ozone/hadoop-ozone/integration-test/target/test-dir/MiniOzoneClusterImpl-b29d8e3c-9ac1-4bd8-916d-9a49b4a73262/ozone-meta/datanode-5/data-0/hdds to VolumeSet
2024-04-29 10:07:38,313 [main] INFO  volume.MutableVolumeSet (MutableVolumeSet.java:initializeVolumeSet(173)) - Added Volume : /home/runner/work/ozone/ozone/hadoop-ozone/integration-test/target/test-dir/MiniOzoneClusterImpl-b29d8e3c-9ac1-4bd8-916d-9a49b4a73262/ozone-meta/datanode-5/ratis to VolumeSet
2024-04-29 10:07:38,313 [main] INFO  ozoneimpl.OzoneContainer (HddsVolumeUtil.java:loadAllHddsVolumeDbStore(103)) - Load 1 volumes DbStore cost: 0ms
2024-04-29 10:07:38,314 [main] INFO  server.RaftServer (ConfUtils.java:logGet(46)) - raft.rpc.type = GRPC (default)
2024-04-29 10:07:38,314 [main] INFO  grpc.GrpcConfigKeys (ConfUtils.java:logFallback(53)) - raft.grpc.admin.host = null (fallback to raft.grpc.server.host)
2024-04-29 10:07:38,314 [main] INFO  grpc.GrpcConfigKeys (ConfUtils.java:logGet(46)) - raft.grpc.admin.port = 15583 (custom)
2024-04-29 10:07:38,314 [main] INFO  grpc.GrpcConfigKeys (ConfUtils.java:logFallback(53)) - raft.grpc.client.host = null (fallback to raft.grpc.server.host)
2024-04-29 10:07:38,314 [main] INFO  grpc.GrpcConfigKeys (ConfUtils.java:logGet(46)) - raft.grpc.client.port = 15582 (custom)
2024-04-29 10:07:38,314 [main] INFO  grpc.GrpcConfigKeys (ConfUtils.java:logGet(46)) - raft.grpc.server.host = null (default)
2024-04-29 10:07:38,315 [main] INFO  grpc.GrpcConfigKeys (ConfUtils.java:logGet(46)) - raft.grpc.server.port = 15584 (custom)
2024-04-29 10:07:38,315 [main] INFO  server.GrpcService (ConfUtils.java:logGet(46)) - raft.grpc.message.size.max = 32MB (=33554432) (custom)
2024-04-29 10:07:38,315 [main] INFO  server.RaftServerConfigKeys (ConfUtils.java:logGet(46)) - raft.server.log.appender.buffer.byte-limit = 8388608 (custom)
2024-04-29 10:07:38,315 [main] INFO  server.GrpcService (ConfUtils.java:logGet(46)) - raft.grpc.flow.control.window = 5MB (=5242880) (custom)
2024-04-29 10:07:38,315 [main] INFO  server.RaftServerConfigKeys (ConfUtils.java:logGet(46)) - raft.server.rpc.request.timeout = 3000ms (default)
2024-04-29 10:07:38,315 [main] INFO  grpc.GrpcConfigKeys (ConfUtils.java:logGet(46)) - raft.grpc.server.heartbeat.channel = true (default)
2024-04-29 10:07:38,315 [main] INFO  grpc.GrpcConfigKeys (ConfUtils.java:logGet(46)) - raft.grpc.server.async.request.thread.pool.cached = true (default)
2024-04-29 10:07:38,315 [main] INFO  grpc.GrpcConfigKeys (ConfUtils.java:logGet(46)) - raft.grpc.server.async.request.thread.pool.size = 32 (default)
2024-04-29 10:07:38,316 [main] INFO  impl.DataStreamServerImpl (ConfUtils.java:logGet(46)) - raft.datastream.type = NETTY (custom)
2024-04-29 10:07:38,316 [main] INFO  server.RaftServerConfigKeys (ConfUtils.java:logGet(46)) - raft.server.data-stream.async.request.thread.pool.cached = false (default)
2024-04-29 10:07:38,317 [main] INFO  server.RaftServerConfigKeys (ConfUtils.java:logGet(46)) - raft.server.data-stream.async.request.thread.pool.size = 20 (custom)
2024-04-29 10:07:38,317 [main] INFO  server.RaftServerConfigKeys (ConfUtils.java:logGet(46)) - raft.server.data-stream.async.write.thread.pool.size = 16 (default)
2024-04-29 10:07:38,317 [main] INFO  netty.NettyConfigKeys$DataStream (ConfUtils.java:logGet(46)) - raft.netty.dataStream.server.channel.inactive.grace-period = 10min (default)
2024-04-29 10:07:38,317 [main] INFO  server.RaftServerConfigKeys (ConfUtils.java:logGet(46)) - raft.server.data-stream.client.pool.size = 10 (default)
2024-04-29 10:07:38,317 [main] INFO  netty.NettyConfigKeys$DataStream (ConfUtils.java:logGet(46)) - raft.netty.dataStream.server.use-epoll = true (default)
2024-04-29 10:07:38,317 [main] INFO  netty.NettyConfigKeys$DataStream (ConfUtils.java:logGet(46)) - raft.netty.dataStream.server.boss-group.size = 0 (default)
2024-04-29 10:07:38,317 [main] INFO  netty.NettyUtils (NettyUtils.java:newEventLoopGroup(69)) - Create EpollEventLoopGroup for e3a225ff-43b2-4083-b986-b10dee5980c8-NettyServerStreamRpc-bossGroup; Thread size is 0.
2024-04-29 10:07:38,317 [main] INFO  netty.NettyConfigKeys$DataStream (ConfUtils.java:logGet(46)) - raft.netty.dataStream.server.worker-group.size = 0 (default)
2024-04-29 10:07:38,317 [main] INFO  netty.NettyUtils (NettyUtils.java:newEventLoopGroup(69)) - Create EpollEventLoopGroup for e3a225ff-43b2-4083-b986-b10dee5980c8-NettyServerStreamRpc-workerGroup; Thread size is 0.
2024-04-29 10:07:38,318 [main] INFO  netty.NettyConfigKeys$DataStream (ConfUtils.java:logGet(46)) - raft.netty.dataStream.server.tls.conf = null (default)
2024-04-29 10:07:38,318 [main] INFO  netty.NettyConfigKeys$DataStream (ConfUtils.java:logGet(46)) - raft.netty.dataStream.host = null (default)
2024-04-29 10:07:38,318 [main] INFO  netty.NettyConfigKeys$DataStream (ConfUtils.java:logGet(46)) - raft.netty.dataStream.port = 15585 (custom)
2024-04-29 10:07:38,318 [main] INFO  server.RaftServerConfigKeys (ConfUtils.java:logGet(46)) - raft.server.sleep.deviation.threshold = 300ms (default)
2024-04-29 10:07:38,318 [main] INFO  server.RaftServerConfigKeys (ConfUtils.java:logGet(46)) - raft.server.close.threshold = 60s (default)
2024-04-29 10:07:38,318 [main] INFO  server.RaftServerConfigKeys (ConfUtils.java:logGet(46)) - raft.server.leaderelection.leader.step-down.wait-time = 10s (default)
2024-04-29 10:07:38,318 [e3a225ff-43b2-4083-b986-b10dee5980c8-NettyServerStreamRpc-bossGroup--thread1] INFO  logging.LoggingHandler (AbstractInternalLogger.java:log(148)) - [id: 0xfd412906] REGISTERED
2024-04-29 10:07:38,318 [main] INFO  server.RaftServerConfigKeys (ConfUtils.java:logGet(46)) - raft.server.storage.dir = [/home/runner/work/ozone/ozone/hadoop-ozone/integration-test/target/test-dir/MiniOzoneClusterImpl-b29d8e3c-9ac1-4bd8-916d-9a49b4a73262/ozone-meta/datanode-5/ratis] (custom)
2024-04-29 10:07:38,318 [main] INFO  server.RaftServerConfigKeys (ConfUtils.java:logGet(46)) - raft.server.threadpool.proxy.cached = true (default)
2024-04-29 10:07:38,318 [main] INFO  server.RaftServerConfigKeys (ConfUtils.java:logGet(46)) - raft.server.threadpool.proxy.size = 0 (default)
2024-04-29 10:07:38,318 [e3a225ff-43b2-4083-b986-b10dee5980c8-NettyServerStreamRpc-bossGroup--thread1] INFO  logging.LoggingHandler (AbstractInternalLogger.java:log(148)) - [id: 0xfd412906] BIND: 0.0.0.0/0.0.0.0:15585
2024-04-29 10:07:38,319 [e3a225ff-43b2-4083-b986-b10dee5980c8-NettyServerStreamRpc-bossGroup--thread1] INFO  logging.LoggingHandler (AbstractInternalLogger.java:log(148)) - [id: 0xfd412906, L:/0.0.0.0:15585] ACTIVE
2024-04-29 10:07:38,319 [e3a225ff-43b2-4083-b986-b10dee5980c8-impl-thread1] INFO  server.RaftServer (RaftServerProxy.java:initGroupDir(264)) - e3a225ff-43b2-4083-b986-b10dee5980c8: found a subdirectory /home/runner/work/ozone/ozone/hadoop-ozone/integration-test/target/test-dir/MiniOzoneClusterImpl-b29d8e3c-9ac1-4bd8-916d-9a49b4a73262/ozone-meta/datanode-5/ratis/tmp
2024-04-29 10:07:38,319 [e3a225ff-43b2-4083-b986-b10dee5980c8-impl-thread1] INFO  server.RaftServer (RaftServerProxy.java:initGroupDir(269)) - e3a225ff-43b2-4083-b986-b10dee5980c8: The directory /home/runner/work/ozone/ozone/hadoop-ozone/integration-test/target/test-dir/MiniOzoneClusterImpl-b29d8e3c-9ac1-4bd8-916d-9a49b4a73262/ozone-meta/datanode-5/ratis/tmp is not a group directory; ignoring it. 
2024-04-29 10:07:38,319 [main] INFO  replication.ReplicationServer (ReplicationServer.java:<init>(86)) - Initializing replication server with thread count = 10 queue length = 4096
2024-04-29 10:07:38,320 [main] INFO  server.XceiverServerGrpc (XceiverServerGrpc.java:<init>(141)) - GrpcServer channel type EpollServerSocketChannel
2024-04-29 10:07:38,320 [main] INFO  replication.ReplicationSupervisor (ReplicationSupervisor.java:build(157)) - Initializing replication supervisor with thread count = 10
2024-04-29 10:07:38,320 [main] INFO  replication.ReplicationSupervisor (ReplicationSupervisor.java:nodeStateUpdated(312)) - Node state updated to IN_SERVICE, scaling executor pool size to 10
2024-04-29 10:07:38,322 [main] INFO  http.BaseHttpServer (BaseHttpServer.java:newHttpServer2BuilderForOzone(223)) - Starting Web-server for hddsDatanode at: http://0.0.0.0:15579
2024-04-29 10:07:38,322 [main] INFO  http.BaseHttpServer (BaseHttpServer.java:<init>(110)) - Hadoop Security Enabled: false Ozone Security Enabled: false Ozone HTTP Security Enabled: false 
2024-04-29 10:07:38,322 [main] WARN  server.AuthenticationFilter (AuthenticationFilter.java:constructSecretProvider(240)) - Unable to initialize FileSignerSecretProvider, falling back to use random secrets. Reason: Could not read signature secret file: /home/runner/hadoop-http-auth-signature-secret
2024-04-29 10:07:38,323 [main] INFO  http.HttpRequestLog (HttpRequestLog.java:getRequestLog(86)) - Http request log for http.requests.hddsDatanode is not defined
2024-04-29 10:07:38,323 [main] INFO  http.HttpServer2 (HttpServer2.java:addGlobalFilter(1036)) - Added global filter 'safety' (class=org.apache.hadoop.hdds.server.http.HttpServer2$QuotingInputFilter)
2024-04-29 10:07:38,324 [main] INFO  http.HttpServer2 (HttpServer2.java:addFilter(1012)) - Added filter static_user_filter (class=org.apache.hadoop.http.lib.StaticUserWebFilter$StaticUserFilter) to context hddsDatanode
2024-04-29 10:07:38,324 [main] INFO  http.HttpServer2 (HttpServer2.java:addFilter(1020)) - Added filter static_user_filter (class=org.apache.hadoop.http.lib.StaticUserWebFilter$StaticUserFilter) to context static
2024-04-29 10:07:38,324 [main] INFO  http.HttpServer2 (HttpServer2.java:addFilter(1020)) - Added filter static_user_filter (class=org.apache.hadoop.http.lib.StaticUserWebFilter$StaticUserFilter) to context logs
2024-04-29 10:07:38,324 [main] INFO  http.BaseHttpServer (BaseHttpServer.java:<init>(189)) - HTTP server of hddsDatanode uses base directory /home/runner/work/ozone/ozone/hadoop-ozone/integration-test/target/test-dir/MiniOzoneClusterImpl-b29d8e3c-9ac1-4bd8-916d-9a49b4a73262/ozone-meta/datanode-5/meta/webserver
2024-04-29 10:07:38,324 [main] INFO  http.HttpServer2 (HttpServer2.java:bindListener(1236)) - Jetty bound to port 15579
2024-04-29 10:07:38,324 [main] INFO  server.Server (Server.java:doStart(375)) - jetty-9.4.54.v20240208; built: 2024-02-08T19:42:39.027Z; git: cef3fbd6d736a21e7d541a5db490381d95a2047d; jvm 17.0.10+7
2024-04-29 10:07:38,325 [main] INFO  server.session (DefaultSessionIdManager.java:doStart(334)) - DefaultSessionIdManager workerName=node0
2024-04-29 10:07:38,325 [main] INFO  server.session (DefaultSessionIdManager.java:doStart(339)) - No SessionScavenger set, using defaults
2024-04-29 10:07:38,325 [main] INFO  server.session (HouseKeeper.java:startScavenging(132)) - node0 Scavenging every 600000ms
2024-04-29 10:07:38,326 [main] INFO  handler.ContextHandler (ContextHandler.java:doStart(921)) - Started o.e.j.s.ServletContextHandler@1cb95256{logs,/logs,file:///home/runner/work/ozone/ozone/hadoop-ozone/integration-test/target/log,AVAILABLE}
2024-04-29 10:07:38,326 [main] INFO  handler.ContextHandler (ContextHandler.java:doStart(921)) - Started o.e.j.s.ServletContextHandler@325ca360{static,/static,file:///home/runner/work/ozone/ozone/hadoop-hdds/container-service/target/classes/webapps/static,AVAILABLE}
2024-04-29 10:07:38,328 [main] INFO  handler.ContextHandler (ContextHandler.java:doStart(921)) - Started o.e.j.w.WebAppContext@720c54c6{hddsDatanode,/,file:///home/runner/work/ozone/ozone/hadoop-hdds/container-service/target/classes/webapps/hddsDatanode/,AVAILABLE}{file:/home/runner/work/ozone/ozone/hadoop-hdds/container-service/target/classes/webapps/hddsDatanode}
2024-04-29 10:07:38,329 [main] INFO  server.AbstractConnector (AbstractConnector.java:doStart(333)) - Started ServerConnector@702e553b{HTTP/1.1, (http/1.1)}{0.0.0.0:15579}
2024-04-29 10:07:38,329 [main] INFO  server.Server (Server.java:doStart(415)) - Started @225702ms
2024-04-29 10:07:38,330 [main] WARN  impl.MetricsSystemImpl (MetricsSystemImpl.java:register(279)) - Sink prometheus already exists!
2024-04-29 10:07:38,330 [main] INFO  http.BaseHttpServer (BaseHttpServer.java:updateConnectorAddress(354)) - HTTP server of hddsDatanode listening at http://0.0.0.0:15579
2024-04-29 10:07:38,330 [main] INFO  ipc.CallQueueManager (CallQueueManager.java:<init>(90)) - Using callQueue: class java.util.concurrent.LinkedBlockingQueue, queueCapacity: 100, scheduler: class org.apache.hadoop.ipc.DefaultRpcScheduler, ipcBackoff: false.
2024-04-29 10:07:38,330 [main] INFO  ipc.Server (Server.java:<init>(1287)) - Listener at 0.0.0.0:15580
2024-04-29 10:07:38,331 [Socket Reader #1 for port 15580] INFO  ipc.Server (Server.java:run(1323)) - Starting Socket Reader #1 for port 15580
2024-04-29 10:07:38,334 [main] INFO  ozone.HddsDatanodeService (HddsDatanodeService.java:start(327)) - Datanode start with admins: [runner]
2024-04-29 10:07:38,334 [main] INFO  ozone.HddsDatanodeClientProtocolServer (HddsDatanodeClientProtocolServer.java:start(77)) - RPC server for Client /0.0.0.0:15580
2024-04-29 10:07:38,334 [IPC Server Responder] INFO  ipc.Server (Server.java:run(1562)) - IPC Server Responder: starting
2024-04-29 10:07:38,334 [IPC Server listener on 15580] INFO  ipc.Server (Server.java:run(1402)) - IPC Server listener on 15580: starting
2024-04-29 10:07:38,335 [e3a225ff-43b2-4083-b986-b10dee5980c8-DatanodeStateMachineDaemonThread] INFO  statemachine.DatanodeStateMachine (DatanodeStateMachine.java:lambda$startDaemon$1(555)) - Ozone container server started.
2024-04-29 10:07:38,335 [main] WARN  dropwizard3.Dm3MetricRegistriesImpl (Dm3MetricRegistriesImpl.java:addReporterRegistration(113)) - New reporters are added after registries were created. Some metrics will be missing from the reporter. Please add reporter before adding any new registry.
2024-04-29 10:07:38,335 [main] WARN  dropwizard3.Dm3MetricRegistriesImpl (Dm3MetricRegistriesImpl.java:addReporterRegistration(113)) - New reporters are added after registries were created. Some metrics will be missing from the reporter. Please add reporter before adding any new registry.
2024-04-29 10:07:38,335 [main] INFO  impl.MetricsSystemImpl (MetricsSystemImpl.java:init(158)) - HddsDatanode metrics system started (again)
2024-04-29 10:07:38,336 [e3a225ff-43b2-4083-b986-b10dee5980c8-DatanodeStateMachineTaskThread-0] INFO  datanode.InitDatanodeState (InitDatanodeState.java:persistContainerDatanodeDetails(139)) - DatanodeDetails is persisted to /home/runner/work/ozone/ozone/hadoop-ozone/integration-test/target/test-dir/MiniOzoneClusterImpl-b29d8e3c-9ac1-4bd8-916d-9a49b4a73262/ozone-meta/datanode-5/meta/datanode.id
2024-04-29 10:07:38,343 [main] INFO  ozone.HddsDatanodeService (HddsDatanodeService.java:start(240)) - HddsDatanodeService host:fv-az913-54.hn4i015bbztebps0p24f5airth.phxx.internal.cloudapp.net ip:10.1.0.39
2024-04-29 10:07:38,363 [main] INFO  upgrade.AbstractLayoutVersionManager (AbstractLayoutVersionManager.java:init(83)) - Initializing Layout version manager with metadata layout = HADOOP_PRC_PORTS_IN_DATANODEDETAILS (version = 7), software layout = HADOOP_PRC_PORTS_IN_DATANODEDETAILS (version = 7)
2024-04-29 10:07:38,363 [main] INFO  statemachine.DatanodeStateMachine (DatanodeStateMachine.java:getEndPointTaskThreadPoolSize(299)) - Datanode State Machine Task Thread Pool size 2
2024-04-29 10:07:38,364 [main] INFO  volume.HddsVolume (HddsVolume.java:<init>(126)) - Creating HddsVolume: /home/runner/work/ozone/ozone/hadoop-ozone/integration-test/target/test-dir/MiniOzoneClusterImpl-b29d8e3c-9ac1-4bd8-916d-9a49b4a73262/ozone-meta/datanode-6/data-0/hdds of storage type : DISK capacity : 9223372036854775807
2024-04-29 10:07:38,364 [main] INFO  volume.MutableVolumeSet (MutableVolumeSet.java:initializeVolumeSet(173)) - Added Volume : /home/runner/work/ozone/ozone/hadoop-ozone/integration-test/target/test-dir/MiniOzoneClusterImpl-b29d8e3c-9ac1-4bd8-916d-9a49b4a73262/ozone-meta/datanode-6/data-0/hdds to VolumeSet
2024-04-29 10:07:38,364 [main] INFO  volume.MutableVolumeSet (MutableVolumeSet.java:initializeVolumeSet(173)) - Added Volume : /home/runner/work/ozone/ozone/hadoop-ozone/integration-test/target/test-dir/MiniOzoneClusterImpl-b29d8e3c-9ac1-4bd8-916d-9a49b4a73262/ozone-meta/datanode-6/ratis to VolumeSet
2024-04-29 10:07:38,365 [main] INFO  ozoneimpl.OzoneContainer (HddsVolumeUtil.java:loadAllHddsVolumeDbStore(103)) - Load 1 volumes DbStore cost: 0ms
2024-04-29 10:07:38,366 [main] INFO  server.RaftServer (ConfUtils.java:logGet(46)) - raft.rpc.type = GRPC (default)
2024-04-29 10:07:38,366 [main] INFO  grpc.GrpcConfigKeys (ConfUtils.java:logFallback(53)) - raft.grpc.admin.host = null (fallback to raft.grpc.server.host)
2024-04-29 10:07:38,366 [main] INFO  grpc.GrpcConfigKeys (ConfUtils.java:logGet(46)) - raft.grpc.admin.port = 15592 (custom)
2024-04-29 10:07:38,366 [main] INFO  grpc.GrpcConfigKeys (ConfUtils.java:logFallback(53)) - raft.grpc.client.host = null (fallback to raft.grpc.server.host)
2024-04-29 10:07:38,366 [main] INFO  grpc.GrpcConfigKeys (ConfUtils.java:logGet(46)) - raft.grpc.client.port = 15591 (custom)
2024-04-29 10:07:38,366 [main] INFO  grpc.GrpcConfigKeys (ConfUtils.java:logGet(46)) - raft.grpc.server.host = null (default)
2024-04-29 10:07:38,367 [main] INFO  grpc.GrpcConfigKeys (ConfUtils.java:logGet(46)) - raft.grpc.server.port = 15593 (custom)
2024-04-29 10:07:38,367 [main] INFO  server.GrpcService (ConfUtils.java:logGet(46)) - raft.grpc.message.size.max = 32MB (=33554432) (custom)
2024-04-29 10:07:38,367 [main] INFO  server.RaftServerConfigKeys (ConfUtils.java:logGet(46)) - raft.server.log.appender.buffer.byte-limit = 8388608 (custom)
2024-04-29 10:07:38,367 [main] INFO  server.GrpcService (ConfUtils.java:logGet(46)) - raft.grpc.flow.control.window = 5MB (=5242880) (custom)
2024-04-29 10:07:38,367 [main] INFO  server.RaftServerConfigKeys (ConfUtils.java:logGet(46)) - raft.server.rpc.request.timeout = 3000ms (default)
2024-04-29 10:07:38,367 [main] INFO  grpc.GrpcConfigKeys (ConfUtils.java:logGet(46)) - raft.grpc.server.heartbeat.channel = true (default)
2024-04-29 10:07:38,367 [main] INFO  grpc.GrpcConfigKeys (ConfUtils.java:logGet(46)) - raft.grpc.server.async.request.thread.pool.cached = true (default)
2024-04-29 10:07:38,367 [main] INFO  grpc.GrpcConfigKeys (ConfUtils.java:logGet(46)) - raft.grpc.server.async.request.thread.pool.size = 32 (default)
2024-04-29 10:07:38,368 [main] INFO  impl.DataStreamServerImpl (ConfUtils.java:logGet(46)) - raft.datastream.type = NETTY (custom)
2024-04-29 10:07:38,369 [main] INFO  server.RaftServerConfigKeys (ConfUtils.java:logGet(46)) - raft.server.data-stream.async.request.thread.pool.cached = false (default)
2024-04-29 10:07:38,369 [main] INFO  server.RaftServerConfigKeys (ConfUtils.java:logGet(46)) - raft.server.data-stream.async.request.thread.pool.size = 20 (custom)
2024-04-29 10:07:38,369 [main] INFO  server.RaftServerConfigKeys (ConfUtils.java:logGet(46)) - raft.server.data-stream.async.write.thread.pool.size = 16 (default)
2024-04-29 10:07:38,369 [main] INFO  netty.NettyConfigKeys$DataStream (ConfUtils.java:logGet(46)) - raft.netty.dataStream.server.channel.inactive.grace-period = 10min (default)
2024-04-29 10:07:38,369 [main] INFO  server.RaftServerConfigKeys (ConfUtils.java:logGet(46)) - raft.server.data-stream.client.pool.size = 10 (default)
2024-04-29 10:07:38,369 [main] INFO  netty.NettyConfigKeys$DataStream (ConfUtils.java:logGet(46)) - raft.netty.dataStream.server.use-epoll = true (default)
2024-04-29 10:07:38,369 [main] INFO  netty.NettyConfigKeys$DataStream (ConfUtils.java:logGet(46)) - raft.netty.dataStream.server.boss-group.size = 0 (default)
2024-04-29 10:07:38,369 [main] INFO  netty.NettyUtils (NettyUtils.java:newEventLoopGroup(69)) - Create EpollEventLoopGroup for 55a78779-2920-4695-be09-c247c8260b05-NettyServerStreamRpc-bossGroup; Thread size is 0.
2024-04-29 10:07:38,369 [main] INFO  netty.NettyConfigKeys$DataStream (ConfUtils.java:logGet(46)) - raft.netty.dataStream.server.worker-group.size = 0 (default)
2024-04-29 10:07:38,370 [main] INFO  netty.NettyUtils (NettyUtils.java:newEventLoopGroup(69)) - Create EpollEventLoopGroup for 55a78779-2920-4695-be09-c247c8260b05-NettyServerStreamRpc-workerGroup; Thread size is 0.
2024-04-29 10:07:38,370 [main] INFO  netty.NettyConfigKeys$DataStream (ConfUtils.java:logGet(46)) - raft.netty.dataStream.server.tls.conf = null (default)
2024-04-29 10:07:38,370 [main] INFO  netty.NettyConfigKeys$DataStream (ConfUtils.java:logGet(46)) - raft.netty.dataStream.host = null (default)
2024-04-29 10:07:38,370 [main] INFO  netty.NettyConfigKeys$DataStream (ConfUtils.java:logGet(46)) - raft.netty.dataStream.port = 15594 (custom)
2024-04-29 10:07:38,370 [main] INFO  server.RaftServerConfigKeys (ConfUtils.java:logGet(46)) - raft.server.sleep.deviation.threshold = 300ms (default)
2024-04-29 10:07:38,370 [main] INFO  server.RaftServerConfigKeys (ConfUtils.java:logGet(46)) - raft.server.close.threshold = 60s (default)
2024-04-29 10:07:38,370 [main] INFO  server.RaftServerConfigKeys (ConfUtils.java:logGet(46)) - raft.server.leaderelection.leader.step-down.wait-time = 10s (default)
2024-04-29 10:07:38,370 [55a78779-2920-4695-be09-c247c8260b05-NettyServerStreamRpc-bossGroup--thread1] INFO  logging.LoggingHandler (AbstractInternalLogger.java:log(148)) - [id: 0x6bf5015e] REGISTERED
2024-04-29 10:07:38,371 [main] INFO  server.RaftServerConfigKeys (ConfUtils.java:logGet(46)) - raft.server.storage.dir = [/home/runner/work/ozone/ozone/hadoop-ozone/integration-test/target/test-dir/MiniOzoneClusterImpl-b29d8e3c-9ac1-4bd8-916d-9a49b4a73262/ozone-meta/datanode-6/ratis] (custom)
2024-04-29 10:07:38,371 [main] INFO  server.RaftServerConfigKeys (ConfUtils.java:logGet(46)) - raft.server.threadpool.proxy.cached = true (default)
2024-04-29 10:07:38,371 [main] INFO  server.RaftServerConfigKeys (ConfUtils.java:logGet(46)) - raft.server.threadpool.proxy.size = 0 (default)
2024-04-29 10:07:38,371 [55a78779-2920-4695-be09-c247c8260b05-NettyServerStreamRpc-bossGroup--thread1] INFO  logging.LoggingHandler (AbstractInternalLogger.java:log(148)) - [id: 0x6bf5015e] BIND: 0.0.0.0/0.0.0.0:15594
2024-04-29 10:07:38,371 [55a78779-2920-4695-be09-c247c8260b05-NettyServerStreamRpc-bossGroup--thread1] INFO  logging.LoggingHandler (AbstractInternalLogger.java:log(148)) - [id: 0x6bf5015e, L:/0.0.0.0:15594] ACTIVE
2024-04-29 10:07:38,372 [55a78779-2920-4695-be09-c247c8260b05-impl-thread1] INFO  server.RaftServer (RaftServerProxy.java:initGroupDir(264)) - 55a78779-2920-4695-be09-c247c8260b05: found a subdirectory /home/runner/work/ozone/ozone/hadoop-ozone/integration-test/target/test-dir/MiniOzoneClusterImpl-b29d8e3c-9ac1-4bd8-916d-9a49b4a73262/ozone-meta/datanode-6/ratis/tmp
2024-04-29 10:07:38,372 [55a78779-2920-4695-be09-c247c8260b05-impl-thread1] INFO  server.RaftServer (RaftServerProxy.java:initGroupDir(269)) - 55a78779-2920-4695-be09-c247c8260b05: The directory /home/runner/work/ozone/ozone/hadoop-ozone/integration-test/target/test-dir/MiniOzoneClusterImpl-b29d8e3c-9ac1-4bd8-916d-9a49b4a73262/ozone-meta/datanode-6/ratis/tmp is not a group directory; ignoring it. 
2024-04-29 10:07:38,372 [main] INFO  replication.ReplicationServer (ReplicationServer.java:<init>(86)) - Initializing replication server with thread count = 10 queue length = 4096
2024-04-29 10:07:38,373 [main] INFO  server.XceiverServerGrpc (XceiverServerGrpc.java:<init>(141)) - GrpcServer channel type EpollServerSocketChannel
2024-04-29 10:07:38,374 [main] INFO  replication.ReplicationSupervisor (ReplicationSupervisor.java:build(157)) - Initializing replication supervisor with thread count = 10
2024-04-29 10:07:38,374 [main] INFO  replication.ReplicationSupervisor (ReplicationSupervisor.java:nodeStateUpdated(312)) - Node state updated to IN_SERVICE, scaling executor pool size to 10
2024-04-29 10:07:38,375 [main] INFO  http.BaseHttpServer (BaseHttpServer.java:newHttpServer2BuilderForOzone(223)) - Starting Web-server for hddsDatanode at: http://0.0.0.0:15588
2024-04-29 10:07:38,375 [main] INFO  http.BaseHttpServer (BaseHttpServer.java:<init>(110)) - Hadoop Security Enabled: false Ozone Security Enabled: false Ozone HTTP Security Enabled: false 
2024-04-29 10:07:38,376 [main] WARN  server.AuthenticationFilter (AuthenticationFilter.java:constructSecretProvider(240)) - Unable to initialize FileSignerSecretProvider, falling back to use random secrets. Reason: Could not read signature secret file: /home/runner/hadoop-http-auth-signature-secret
2024-04-29 10:07:38,376 [main] INFO  http.HttpRequestLog (HttpRequestLog.java:getRequestLog(86)) - Http request log for http.requests.hddsDatanode is not defined
2024-04-29 10:07:38,377 [main] INFO  http.HttpServer2 (HttpServer2.java:addGlobalFilter(1036)) - Added global filter 'safety' (class=org.apache.hadoop.hdds.server.http.HttpServer2$QuotingInputFilter)
2024-04-29 10:07:38,377 [main] INFO  http.HttpServer2 (HttpServer2.java:addFilter(1012)) - Added filter static_user_filter (class=org.apache.hadoop.http.lib.StaticUserWebFilter$StaticUserFilter) to context hddsDatanode
2024-04-29 10:07:38,377 [main] INFO  http.HttpServer2 (HttpServer2.java:addFilter(1020)) - Added filter static_user_filter (class=org.apache.hadoop.http.lib.StaticUserWebFilter$StaticUserFilter) to context static
2024-04-29 10:07:38,377 [main] INFO  http.HttpServer2 (HttpServer2.java:addFilter(1020)) - Added filter static_user_filter (class=org.apache.hadoop.http.lib.StaticUserWebFilter$StaticUserFilter) to context logs
2024-04-29 10:07:38,377 [main] INFO  http.BaseHttpServer (BaseHttpServer.java:<init>(189)) - HTTP server of hddsDatanode uses base directory /home/runner/work/ozone/ozone/hadoop-ozone/integration-test/target/test-dir/MiniOzoneClusterImpl-b29d8e3c-9ac1-4bd8-916d-9a49b4a73262/ozone-meta/datanode-6/meta/webserver
2024-04-29 10:07:38,378 [main] INFO  http.HttpServer2 (HttpServer2.java:bindListener(1236)) - Jetty bound to port 15588
2024-04-29 10:07:38,378 [main] INFO  server.Server (Server.java:doStart(375)) - jetty-9.4.54.v20240208; built: 2024-02-08T19:42:39.027Z; git: cef3fbd6d736a21e7d541a5db490381d95a2047d; jvm 17.0.10+7
2024-04-29 10:07:38,378 [main] INFO  server.session (DefaultSessionIdManager.java:doStart(334)) - DefaultSessionIdManager workerName=node0
2024-04-29 10:07:38,378 [main] INFO  server.session (DefaultSessionIdManager.java:doStart(339)) - No SessionScavenger set, using defaults
2024-04-29 10:07:38,379 [main] INFO  server.session (HouseKeeper.java:startScavenging(132)) - node0 Scavenging every 600000ms
2024-04-29 10:07:38,379 [main] INFO  handler.ContextHandler (ContextHandler.java:doStart(921)) - Started o.e.j.s.ServletContextHandler@7cdab66c{logs,/logs,file:///home/runner/work/ozone/ozone/hadoop-ozone/integration-test/target/log,AVAILABLE}
2024-04-29 10:07:38,379 [main] INFO  handler.ContextHandler (ContextHandler.java:doStart(921)) - Started o.e.j.s.ServletContextHandler@49d761c3{static,/static,file:///home/runner/work/ozone/ozone/hadoop-hdds/container-service/target/classes/webapps/static,AVAILABLE}
2024-04-29 10:07:38,381 [main] INFO  handler.ContextHandler (ContextHandler.java:doStart(921)) - Started o.e.j.w.WebAppContext@7bd276f2{hddsDatanode,/,file:///home/runner/work/ozone/ozone/hadoop-hdds/container-service/target/classes/webapps/hddsDatanode/,AVAILABLE}{file:/home/runner/work/ozone/ozone/hadoop-hdds/container-service/target/classes/webapps/hddsDatanode}
2024-04-29 10:07:38,382 [main] INFO  server.AbstractConnector (AbstractConnector.java:doStart(333)) - Started ServerConnector@309c821d{HTTP/1.1, (http/1.1)}{0.0.0.0:15588}
2024-04-29 10:07:38,382 [main] INFO  server.Server (Server.java:doStart(415)) - Started @225755ms
2024-04-29 10:07:38,382 [main] WARN  impl.MetricsSystemImpl (MetricsSystemImpl.java:register(279)) - Sink prometheus already exists!
2024-04-29 10:07:38,382 [main] INFO  http.BaseHttpServer (BaseHttpServer.java:updateConnectorAddress(354)) - HTTP server of hddsDatanode listening at http://0.0.0.0:15588
2024-04-29 10:07:38,382 [main] INFO  ipc.CallQueueManager (CallQueueManager.java:<init>(90)) - Using callQueue: class java.util.concurrent.LinkedBlockingQueue, queueCapacity: 100, scheduler: class org.apache.hadoop.ipc.DefaultRpcScheduler, ipcBackoff: false.
2024-04-29 10:07:38,383 [main] INFO  ipc.Server (Server.java:<init>(1287)) - Listener at 0.0.0.0:15589
2024-04-29 10:07:38,383 [Socket Reader #1 for port 15589] INFO  ipc.Server (Server.java:run(1323)) - Starting Socket Reader #1 for port 15589
2024-04-29 10:07:38,384 [main] INFO  ozone.HddsDatanodeService (HddsDatanodeService.java:start(327)) - Datanode start with admins: [runner]
2024-04-29 10:07:38,384 [main] INFO  ozone.HddsDatanodeClientProtocolServer (HddsDatanodeClientProtocolServer.java:start(77)) - RPC server for Client /0.0.0.0:15589
2024-04-29 10:07:38,384 [IPC Server Responder] INFO  ipc.Server (Server.java:run(1562)) - IPC Server Responder: starting
2024-04-29 10:07:38,384 [IPC Server listener on 15589] INFO  ipc.Server (Server.java:run(1402)) - IPC Server listener on 15589: starting
2024-04-29 10:07:38,384 [55a78779-2920-4695-be09-c247c8260b05-DatanodeStateMachineDaemonThread] INFO  statemachine.DatanodeStateMachine (DatanodeStateMachine.java:lambda$startDaemon$1(555)) - Ozone container server started.
2024-04-29 10:07:38,384 [main] WARN  dropwizard3.Dm3MetricRegistriesImpl (Dm3MetricRegistriesImpl.java:addReporterRegistration(113)) - New reporters are added after registries were created. Some metrics will be missing from the reporter. Please add reporter before adding any new registry.
2024-04-29 10:07:38,384 [main] WARN  dropwizard3.Dm3MetricRegistriesImpl (Dm3MetricRegistriesImpl.java:addReporterRegistration(113)) - New reporters are added after registries were created. Some metrics will be missing from the reporter. Please add reporter before adding any new registry.
2024-04-29 10:07:38,385 [main] INFO  impl.MetricsSystemImpl (MetricsSystemImpl.java:init(158)) - HddsDatanode metrics system started (again)
2024-04-29 10:07:38,386 [55a78779-2920-4695-be09-c247c8260b05-DatanodeStateMachineTaskThread-0] INFO  datanode.InitDatanodeState (InitDatanodeState.java:persistContainerDatanodeDetails(139)) - DatanodeDetails is persisted to /home/runner/work/ozone/ozone/hadoop-ozone/integration-test/target/test-dir/MiniOzoneClusterImpl-b29d8e3c-9ac1-4bd8-916d-9a49b4a73262/ozone-meta/datanode-6/meta/datanode.id
2024-04-29 10:07:38,394 [main] INFO  ozone.HddsDatanodeService (HddsDatanodeService.java:start(240)) - HddsDatanodeService host:fv-az913-54.hn4i015bbztebps0p24f5airth.phxx.internal.cloudapp.net ip:10.1.0.39
2024-04-29 10:07:38,415 [main] INFO  upgrade.AbstractLayoutVersionManager (AbstractLayoutVersionManager.java:init(83)) - Initializing Layout version manager with metadata layout = HADOOP_PRC_PORTS_IN_DATANODEDETAILS (version = 7), software layout = HADOOP_PRC_PORTS_IN_DATANODEDETAILS (version = 7)
2024-04-29 10:07:38,415 [main] INFO  statemachine.DatanodeStateMachine (DatanodeStateMachine.java:getEndPointTaskThreadPoolSize(299)) - Datanode State Machine Task Thread Pool size 2
2024-04-29 10:07:38,416 [main] INFO  volume.HddsVolume (HddsVolume.java:<init>(126)) - Creating HddsVolume: /home/runner/work/ozone/ozone/hadoop-ozone/integration-test/target/test-dir/MiniOzoneClusterImpl-b29d8e3c-9ac1-4bd8-916d-9a49b4a73262/ozone-meta/datanode-7/data-0/hdds of storage type : DISK capacity : 9223372036854775807
2024-04-29 10:07:38,416 [main] INFO  volume.MutableVolumeSet (MutableVolumeSet.java:initializeVolumeSet(173)) - Added Volume : /home/runner/work/ozone/ozone/hadoop-ozone/integration-test/target/test-dir/MiniOzoneClusterImpl-b29d8e3c-9ac1-4bd8-916d-9a49b4a73262/ozone-meta/datanode-7/data-0/hdds to VolumeSet
2024-04-29 10:07:38,416 [main] INFO  volume.MutableVolumeSet (MutableVolumeSet.java:initializeVolumeSet(173)) - Added Volume : /home/runner/work/ozone/ozone/hadoop-ozone/integration-test/target/test-dir/MiniOzoneClusterImpl-b29d8e3c-9ac1-4bd8-916d-9a49b4a73262/ozone-meta/datanode-7/ratis to VolumeSet
2024-04-29 10:07:38,417 [main] INFO  ozoneimpl.OzoneContainer (HddsVolumeUtil.java:loadAllHddsVolumeDbStore(103)) - Load 1 volumes DbStore cost: 0ms
2024-04-29 10:07:38,418 [main] INFO  server.RaftServer (ConfUtils.java:logGet(46)) - raft.rpc.type = GRPC (default)
2024-04-29 10:07:38,418 [main] INFO  grpc.GrpcConfigKeys (ConfUtils.java:logFallback(53)) - raft.grpc.admin.host = null (fallback to raft.grpc.server.host)
2024-04-29 10:07:38,418 [main] INFO  grpc.GrpcConfigKeys (ConfUtils.java:logGet(46)) - raft.grpc.admin.port = 15601 (custom)
2024-04-29 10:07:38,418 [main] INFO  grpc.GrpcConfigKeys (ConfUtils.java:logFallback(53)) - raft.grpc.client.host = null (fallback to raft.grpc.server.host)
2024-04-29 10:07:38,418 [main] INFO  grpc.GrpcConfigKeys (ConfUtils.java:logGet(46)) - raft.grpc.client.port = 15600 (custom)
2024-04-29 10:07:38,418 [main] INFO  grpc.GrpcConfigKeys (ConfUtils.java:logGet(46)) - raft.grpc.server.host = null (default)
2024-04-29 10:07:38,418 [main] INFO  grpc.GrpcConfigKeys (ConfUtils.java:logGet(46)) - raft.grpc.server.port = 15602 (custom)
2024-04-29 10:07:38,419 [main] INFO  server.GrpcService (ConfUtils.java:logGet(46)) - raft.grpc.message.size.max = 32MB (=33554432) (custom)
2024-04-29 10:07:38,419 [main] INFO  server.RaftServerConfigKeys (ConfUtils.java:logGet(46)) - raft.server.log.appender.buffer.byte-limit = 8388608 (custom)
2024-04-29 10:07:38,419 [main] INFO  server.GrpcService (ConfUtils.java:logGet(46)) - raft.grpc.flow.control.window = 5MB (=5242880) (custom)
2024-04-29 10:07:38,419 [main] INFO  server.RaftServerConfigKeys (ConfUtils.java:logGet(46)) - raft.server.rpc.request.timeout = 3000ms (default)
2024-04-29 10:07:38,419 [main] INFO  grpc.GrpcConfigKeys (ConfUtils.java:logGet(46)) - raft.grpc.server.heartbeat.channel = true (default)
2024-04-29 10:07:38,419 [main] INFO  grpc.GrpcConfigKeys (ConfUtils.java:logGet(46)) - raft.grpc.server.async.request.thread.pool.cached = true (default)
2024-04-29 10:07:38,419 [main] INFO  grpc.GrpcConfigKeys (ConfUtils.java:logGet(46)) - raft.grpc.server.async.request.thread.pool.size = 32 (default)
2024-04-29 10:07:38,421 [main] INFO  impl.DataStreamServerImpl (ConfUtils.java:logGet(46)) - raft.datastream.type = NETTY (custom)
2024-04-29 10:07:38,421 [main] INFO  server.RaftServerConfigKeys (ConfUtils.java:logGet(46)) - raft.server.data-stream.async.request.thread.pool.cached = false (default)
2024-04-29 10:07:38,421 [main] INFO  server.RaftServerConfigKeys (ConfUtils.java:logGet(46)) - raft.server.data-stream.async.request.thread.pool.size = 20 (custom)
2024-04-29 10:07:38,421 [main] INFO  server.RaftServerConfigKeys (ConfUtils.java:logGet(46)) - raft.server.data-stream.async.write.thread.pool.size = 16 (default)
2024-04-29 10:07:38,421 [main] INFO  netty.NettyConfigKeys$DataStream (ConfUtils.java:logGet(46)) - raft.netty.dataStream.server.channel.inactive.grace-period = 10min (default)
2024-04-29 10:07:38,421 [main] INFO  server.RaftServerConfigKeys (ConfUtils.java:logGet(46)) - raft.server.data-stream.client.pool.size = 10 (default)
2024-04-29 10:07:38,421 [main] INFO  netty.NettyConfigKeys$DataStream (ConfUtils.java:logGet(46)) - raft.netty.dataStream.server.use-epoll = true (default)
2024-04-29 10:07:38,421 [main] INFO  netty.NettyConfigKeys$DataStream (ConfUtils.java:logGet(46)) - raft.netty.dataStream.server.boss-group.size = 0 (default)
2024-04-29 10:07:38,421 [main] INFO  netty.NettyUtils (NettyUtils.java:newEventLoopGroup(69)) - Create EpollEventLoopGroup for d62b1b2a-c9ad-4d76-9b36-24bd1a5a2aa1-NettyServerStreamRpc-bossGroup; Thread size is 0.
2024-04-29 10:07:38,422 [main] INFO  netty.NettyConfigKeys$DataStream (ConfUtils.java:logGet(46)) - raft.netty.dataStream.server.worker-group.size = 0 (default)
2024-04-29 10:07:38,422 [main] INFO  netty.NettyUtils (NettyUtils.java:newEventLoopGroup(69)) - Create EpollEventLoopGroup for d62b1b2a-c9ad-4d76-9b36-24bd1a5a2aa1-NettyServerStreamRpc-workerGroup; Thread size is 0.
2024-04-29 10:07:38,422 [main] INFO  netty.NettyConfigKeys$DataStream (ConfUtils.java:logGet(46)) - raft.netty.dataStream.server.tls.conf = null (default)
2024-04-29 10:07:38,422 [main] INFO  netty.NettyConfigKeys$DataStream (ConfUtils.java:logGet(46)) - raft.netty.dataStream.host = null (default)
2024-04-29 10:07:38,422 [main] INFO  netty.NettyConfigKeys$DataStream (ConfUtils.java:logGet(46)) - raft.netty.dataStream.port = 15603 (custom)
2024-04-29 10:07:38,422 [main] INFO  server.RaftServerConfigKeys (ConfUtils.java:logGet(46)) - raft.server.sleep.deviation.threshold = 300ms (default)
2024-04-29 10:07:38,422 [main] INFO  server.RaftServerConfigKeys (ConfUtils.java:logGet(46)) - raft.server.close.threshold = 60s (default)
2024-04-29 10:07:38,423 [main] INFO  server.RaftServerConfigKeys (ConfUtils.java:logGet(46)) - raft.server.leaderelection.leader.step-down.wait-time = 10s (default)
2024-04-29 10:07:38,422 [d62b1b2a-c9ad-4d76-9b36-24bd1a5a2aa1-NettyServerStreamRpc-bossGroup--thread1] INFO  logging.LoggingHandler (AbstractInternalLogger.java:log(148)) - [id: 0x5ca7ab75] REGISTERED
2024-04-29 10:07:38,423 [main] INFO  server.RaftServerConfigKeys (ConfUtils.java:logGet(46)) - raft.server.storage.dir = [/home/runner/work/ozone/ozone/hadoop-ozone/integration-test/target/test-dir/MiniOzoneClusterImpl-b29d8e3c-9ac1-4bd8-916d-9a49b4a73262/ozone-meta/datanode-7/ratis] (custom)
2024-04-29 10:07:38,423 [main] INFO  server.RaftServerConfigKeys (ConfUtils.java:logGet(46)) - raft.server.threadpool.proxy.cached = true (default)
2024-04-29 10:07:38,423 [main] INFO  server.RaftServerConfigKeys (ConfUtils.java:logGet(46)) - raft.server.threadpool.proxy.size = 0 (default)
2024-04-29 10:07:38,423 [d62b1b2a-c9ad-4d76-9b36-24bd1a5a2aa1-NettyServerStreamRpc-bossGroup--thread1] INFO  logging.LoggingHandler (AbstractInternalLogger.java:log(148)) - [id: 0x5ca7ab75] BIND: 0.0.0.0/0.0.0.0:15603
2024-04-29 10:07:38,423 [d62b1b2a-c9ad-4d76-9b36-24bd1a5a2aa1-NettyServerStreamRpc-bossGroup--thread1] INFO  logging.LoggingHandler (AbstractInternalLogger.java:log(148)) - [id: 0x5ca7ab75, L:/0.0.0.0:15603] ACTIVE
2024-04-29 10:07:38,423 [d62b1b2a-c9ad-4d76-9b36-24bd1a5a2aa1-impl-thread1] INFO  server.RaftServer (RaftServerProxy.java:initGroupDir(264)) - d62b1b2a-c9ad-4d76-9b36-24bd1a5a2aa1: found a subdirectory /home/runner/work/ozone/ozone/hadoop-ozone/integration-test/target/test-dir/MiniOzoneClusterImpl-b29d8e3c-9ac1-4bd8-916d-9a49b4a73262/ozone-meta/datanode-7/ratis/tmp
2024-04-29 10:07:38,423 [d62b1b2a-c9ad-4d76-9b36-24bd1a5a2aa1-impl-thread1] INFO  server.RaftServer (RaftServerProxy.java:initGroupDir(269)) - d62b1b2a-c9ad-4d76-9b36-24bd1a5a2aa1: The directory /home/runner/work/ozone/ozone/hadoop-ozone/integration-test/target/test-dir/MiniOzoneClusterImpl-b29d8e3c-9ac1-4bd8-916d-9a49b4a73262/ozone-meta/datanode-7/ratis/tmp is not a group directory; ignoring it. 
2024-04-29 10:07:38,424 [main] INFO  replication.ReplicationServer (ReplicationServer.java:<init>(86)) - Initializing replication server with thread count = 10 queue length = 4096
2024-04-29 10:07:38,424 [main] INFO  server.XceiverServerGrpc (XceiverServerGrpc.java:<init>(141)) - GrpcServer channel type EpollServerSocketChannel
2024-04-29 10:07:38,425 [main] INFO  replication.ReplicationSupervisor (ReplicationSupervisor.java:build(157)) - Initializing replication supervisor with thread count = 10
2024-04-29 10:07:38,425 [main] INFO  replication.ReplicationSupervisor (ReplicationSupervisor.java:nodeStateUpdated(312)) - Node state updated to IN_SERVICE, scaling executor pool size to 10
2024-04-29 10:07:38,426 [main] INFO  http.BaseHttpServer (BaseHttpServer.java:newHttpServer2BuilderForOzone(223)) - Starting Web-server for hddsDatanode at: http://0.0.0.0:15597
2024-04-29 10:07:38,427 [main] INFO  http.BaseHttpServer (BaseHttpServer.java:<init>(110)) - Hadoop Security Enabled: false Ozone Security Enabled: false Ozone HTTP Security Enabled: false 
2024-04-29 10:07:38,427 [main] WARN  server.AuthenticationFilter (AuthenticationFilter.java:constructSecretProvider(240)) - Unable to initialize FileSignerSecretProvider, falling back to use random secrets. Reason: Could not read signature secret file: /home/runner/hadoop-http-auth-signature-secret
2024-04-29 10:07:38,428 [main] INFO  http.HttpRequestLog (HttpRequestLog.java:getRequestLog(86)) - Http request log for http.requests.hddsDatanode is not defined
2024-04-29 10:07:38,428 [main] INFO  http.HttpServer2 (HttpServer2.java:addGlobalFilter(1036)) - Added global filter 'safety' (class=org.apache.hadoop.hdds.server.http.HttpServer2$QuotingInputFilter)
2024-04-29 10:07:38,428 [main] INFO  http.HttpServer2 (HttpServer2.java:addFilter(1012)) - Added filter static_user_filter (class=org.apache.hadoop.http.lib.StaticUserWebFilter$StaticUserFilter) to context hddsDatanode
2024-04-29 10:07:38,429 [main] INFO  http.HttpServer2 (HttpServer2.java:addFilter(1020)) - Added filter static_user_filter (class=org.apache.hadoop.http.lib.StaticUserWebFilter$StaticUserFilter) to context logs
2024-04-29 10:07:38,429 [main] INFO  http.HttpServer2 (HttpServer2.java:addFilter(1020)) - Added filter static_user_filter (class=org.apache.hadoop.http.lib.StaticUserWebFilter$StaticUserFilter) to context static
2024-04-29 10:07:38,429 [main] INFO  http.BaseHttpServer (BaseHttpServer.java:<init>(189)) - HTTP server of hddsDatanode uses base directory /home/runner/work/ozone/ozone/hadoop-ozone/integration-test/target/test-dir/MiniOzoneClusterImpl-b29d8e3c-9ac1-4bd8-916d-9a49b4a73262/ozone-meta/datanode-7/meta/webserver
2024-04-29 10:07:38,429 [main] INFO  http.HttpServer2 (HttpServer2.java:bindListener(1236)) - Jetty bound to port 15597
2024-04-29 10:07:38,429 [main] INFO  server.Server (Server.java:doStart(375)) - jetty-9.4.54.v20240208; built: 2024-02-08T19:42:39.027Z; git: cef3fbd6d736a21e7d541a5db490381d95a2047d; jvm 17.0.10+7
2024-04-29 10:07:38,430 [main] INFO  server.session (DefaultSessionIdManager.java:doStart(334)) - DefaultSessionIdManager workerName=node0
2024-04-29 10:07:38,430 [main] INFO  server.session (DefaultSessionIdManager.java:doStart(339)) - No SessionScavenger set, using defaults
2024-04-29 10:07:38,430 [main] INFO  server.session (HouseKeeper.java:startScavenging(132)) - node0 Scavenging every 660000ms
2024-04-29 10:07:38,431 [main] INFO  handler.ContextHandler (ContextHandler.java:doStart(921)) - Started o.e.j.s.ServletContextHandler@67b3fd0e{logs,/logs,file:///home/runner/work/ozone/ozone/hadoop-ozone/integration-test/target/log,AVAILABLE}
2024-04-29 10:07:38,431 [main] INFO  handler.ContextHandler (ContextHandler.java:doStart(921)) - Started o.e.j.s.ServletContextHandler@5f70053e{static,/static,file:///home/runner/work/ozone/ozone/hadoop-hdds/container-service/target/classes/webapps/static,AVAILABLE}
2024-04-29 10:07:38,434 [main] INFO  handler.ContextHandler (ContextHandler.java:doStart(921)) - Started o.e.j.w.WebAppContext@3f33316e{hddsDatanode,/,file:///home/runner/work/ozone/ozone/hadoop-hdds/container-service/target/classes/webapps/hddsDatanode/,AVAILABLE}{file:/home/runner/work/ozone/ozone/hadoop-hdds/container-service/target/classes/webapps/hddsDatanode}
2024-04-29 10:07:38,434 [main] INFO  server.AbstractConnector (AbstractConnector.java:doStart(333)) - Started ServerConnector@d78c346{HTTP/1.1, (http/1.1)}{0.0.0.0:15597}
2024-04-29 10:07:38,435 [main] INFO  server.Server (Server.java:doStart(415)) - Started @225807ms
2024-04-29 10:07:38,435 [main] WARN  impl.MetricsSystemImpl (MetricsSystemImpl.java:register(279)) - Sink prometheus already exists!
2024-04-29 10:07:38,435 [main] INFO  http.BaseHttpServer (BaseHttpServer.java:updateConnectorAddress(354)) - HTTP server of hddsDatanode listening at http://0.0.0.0:15597
2024-04-29 10:07:38,435 [main] INFO  ipc.CallQueueManager (CallQueueManager.java:<init>(90)) - Using callQueue: class java.util.concurrent.LinkedBlockingQueue, queueCapacity: 100, scheduler: class org.apache.hadoop.ipc.DefaultRpcScheduler, ipcBackoff: false.
2024-04-29 10:07:38,435 [main] INFO  ipc.Server (Server.java:<init>(1287)) - Listener at 0.0.0.0:15598
2024-04-29 10:07:38,436 [Socket Reader #1 for port 15598] INFO  ipc.Server (Server.java:run(1323)) - Starting Socket Reader #1 for port 15598
2024-04-29 10:07:38,437 [main] INFO  ozone.HddsDatanodeService (HddsDatanodeService.java:start(327)) - Datanode start with admins: [runner]
2024-04-29 10:07:38,437 [main] INFO  ozone.HddsDatanodeClientProtocolServer (HddsDatanodeClientProtocolServer.java:start(77)) - RPC server for Client /0.0.0.0:15598
2024-04-29 10:07:38,437 [IPC Server listener on 15598] INFO  ipc.Server (Server.java:run(1402)) - IPC Server listener on 15598: starting
2024-04-29 10:07:38,437 [d62b1b2a-c9ad-4d76-9b36-24bd1a5a2aa1-DatanodeStateMachineDaemonThread] INFO  statemachine.DatanodeStateMachine (DatanodeStateMachine.java:lambda$startDaemon$1(555)) - Ozone container server started.
2024-04-29 10:07:38,437 [main] WARN  dropwizard3.Dm3MetricRegistriesImpl (Dm3MetricRegistriesImpl.java:addReporterRegistration(113)) - New reporters are added after registries were created. Some metrics will be missing from the reporter. Please add reporter before adding any new registry.
2024-04-29 10:07:38,437 [main] WARN  dropwizard3.Dm3MetricRegistriesImpl (Dm3MetricRegistriesImpl.java:addReporterRegistration(113)) - New reporters are added after registries were created. Some metrics will be missing from the reporter. Please add reporter before adding any new registry.
2024-04-29 10:07:38,438 [main] INFO  impl.MetricsSystemImpl (MetricsSystemImpl.java:init(158)) - HddsDatanode metrics system started (again)
2024-04-29 10:07:38,437 [IPC Server Responder] INFO  ipc.Server (Server.java:run(1562)) - IPC Server Responder: starting
2024-04-29 10:07:38,449 [main] INFO  ozone.HddsDatanodeService (HddsDatanodeService.java:start(240)) - HddsDatanodeService host:fv-az913-54.hn4i015bbztebps0p24f5airth.phxx.internal.cloudapp.net ip:10.1.0.39
2024-04-29 10:07:38,451 [d62b1b2a-c9ad-4d76-9b36-24bd1a5a2aa1-DatanodeStateMachineTaskThread-0] INFO  datanode.InitDatanodeState (InitDatanodeState.java:persistContainerDatanodeDetails(139)) - DatanodeDetails is persisted to /home/runner/work/ozone/ozone/hadoop-ozone/integration-test/target/test-dir/MiniOzoneClusterImpl-b29d8e3c-9ac1-4bd8-916d-9a49b4a73262/ozone-meta/datanode-7/meta/datanode.id
2024-04-29 10:07:38,468 [main] INFO  upgrade.AbstractLayoutVersionManager (AbstractLayoutVersionManager.java:init(83)) - Initializing Layout version manager with metadata layout = HADOOP_PRC_PORTS_IN_DATANODEDETAILS (version = 7), software layout = HADOOP_PRC_PORTS_IN_DATANODEDETAILS (version = 7)
2024-04-29 10:07:38,468 [main] INFO  statemachine.DatanodeStateMachine (DatanodeStateMachine.java:getEndPointTaskThreadPoolSize(299)) - Datanode State Machine Task Thread Pool size 2
2024-04-29 10:07:38,469 [main] INFO  volume.HddsVolume (HddsVolume.java:<init>(126)) - Creating HddsVolume: /home/runner/work/ozone/ozone/hadoop-ozone/integration-test/target/test-dir/MiniOzoneClusterImpl-b29d8e3c-9ac1-4bd8-916d-9a49b4a73262/ozone-meta/datanode-8/data-0/hdds of storage type : DISK capacity : 9223372036854775807
2024-04-29 10:07:38,469 [main] INFO  volume.MutableVolumeSet (MutableVolumeSet.java:initializeVolumeSet(173)) - Added Volume : /home/runner/work/ozone/ozone/hadoop-ozone/integration-test/target/test-dir/MiniOzoneClusterImpl-b29d8e3c-9ac1-4bd8-916d-9a49b4a73262/ozone-meta/datanode-8/data-0/hdds to VolumeSet
2024-04-29 10:07:38,470 [main] INFO  volume.MutableVolumeSet (MutableVolumeSet.java:initializeVolumeSet(173)) - Added Volume : /home/runner/work/ozone/ozone/hadoop-ozone/integration-test/target/test-dir/MiniOzoneClusterImpl-b29d8e3c-9ac1-4bd8-916d-9a49b4a73262/ozone-meta/datanode-8/ratis to VolumeSet
2024-04-29 10:07:38,470 [main] INFO  ozoneimpl.OzoneContainer (HddsVolumeUtil.java:loadAllHddsVolumeDbStore(103)) - Load 1 volumes DbStore cost: 0ms
2024-04-29 10:07:38,471 [main] INFO  server.RaftServer (ConfUtils.java:logGet(46)) - raft.rpc.type = GRPC (default)
2024-04-29 10:07:38,471 [main] INFO  grpc.GrpcConfigKeys (ConfUtils.java:logFallback(53)) - raft.grpc.admin.host = null (fallback to raft.grpc.server.host)
2024-04-29 10:07:38,471 [main] INFO  grpc.GrpcConfigKeys (ConfUtils.java:logGet(46)) - raft.grpc.admin.port = 15610 (custom)
2024-04-29 10:07:38,471 [main] INFO  grpc.GrpcConfigKeys (ConfUtils.java:logFallback(53)) - raft.grpc.client.host = null (fallback to raft.grpc.server.host)
2024-04-29 10:07:38,471 [main] INFO  grpc.GrpcConfigKeys (ConfUtils.java:logGet(46)) - raft.grpc.client.port = 15609 (custom)
2024-04-29 10:07:38,471 [main] INFO  grpc.GrpcConfigKeys (ConfUtils.java:logGet(46)) - raft.grpc.server.host = null (default)
2024-04-29 10:07:38,471 [main] INFO  grpc.GrpcConfigKeys (ConfUtils.java:logGet(46)) - raft.grpc.server.port = 15611 (custom)
2024-04-29 10:07:38,471 [main] INFO  server.GrpcService (ConfUtils.java:logGet(46)) - raft.grpc.message.size.max = 32MB (=33554432) (custom)
2024-04-29 10:07:38,471 [main] INFO  server.RaftServerConfigKeys (ConfUtils.java:logGet(46)) - raft.server.log.appender.buffer.byte-limit = 8388608 (custom)
2024-04-29 10:07:38,471 [main] INFO  server.GrpcService (ConfUtils.java:logGet(46)) - raft.grpc.flow.control.window = 5MB (=5242880) (custom)
2024-04-29 10:07:38,472 [main] INFO  server.RaftServerConfigKeys (ConfUtils.java:logGet(46)) - raft.server.rpc.request.timeout = 3000ms (default)
2024-04-29 10:07:38,472 [main] INFO  grpc.GrpcConfigKeys (ConfUtils.java:logGet(46)) - raft.grpc.server.heartbeat.channel = true (default)
2024-04-29 10:07:38,472 [main] INFO  grpc.GrpcConfigKeys (ConfUtils.java:logGet(46)) - raft.grpc.server.async.request.thread.pool.cached = true (default)
2024-04-29 10:07:38,472 [main] INFO  grpc.GrpcConfigKeys (ConfUtils.java:logGet(46)) - raft.grpc.server.async.request.thread.pool.size = 32 (default)
2024-04-29 10:07:38,473 [main] INFO  impl.DataStreamServerImpl (ConfUtils.java:logGet(46)) - raft.datastream.type = NETTY (custom)
2024-04-29 10:07:38,473 [main] INFO  server.RaftServerConfigKeys (ConfUtils.java:logGet(46)) - raft.server.data-stream.async.request.thread.pool.cached = false (default)
2024-04-29 10:07:38,473 [main] INFO  server.RaftServerConfigKeys (ConfUtils.java:logGet(46)) - raft.server.data-stream.async.request.thread.pool.size = 20 (custom)
2024-04-29 10:07:38,473 [main] INFO  server.RaftServerConfigKeys (ConfUtils.java:logGet(46)) - raft.server.data-stream.async.write.thread.pool.size = 16 (default)
2024-04-29 10:07:38,473 [main] INFO  netty.NettyConfigKeys$DataStream (ConfUtils.java:logGet(46)) - raft.netty.dataStream.server.channel.inactive.grace-period = 10min (default)
2024-04-29 10:07:38,473 [main] INFO  server.RaftServerConfigKeys (ConfUtils.java:logGet(46)) - raft.server.data-stream.client.pool.size = 10 (default)
2024-04-29 10:07:38,474 [main] INFO  netty.NettyConfigKeys$DataStream (ConfUtils.java:logGet(46)) - raft.netty.dataStream.server.use-epoll = true (default)
2024-04-29 10:07:38,474 [main] INFO  netty.NettyConfigKeys$DataStream (ConfUtils.java:logGet(46)) - raft.netty.dataStream.server.boss-group.size = 0 (default)
2024-04-29 10:07:38,474 [main] INFO  netty.NettyUtils (NettyUtils.java:newEventLoopGroup(69)) - Create EpollEventLoopGroup for 29872338-e6e3-4ec5-923b-53e8a9791636-NettyServerStreamRpc-bossGroup; Thread size is 0.
2024-04-29 10:07:38,474 [main] INFO  netty.NettyConfigKeys$DataStream (ConfUtils.java:logGet(46)) - raft.netty.dataStream.server.worker-group.size = 0 (default)
2024-04-29 10:07:38,474 [main] INFO  netty.NettyUtils (NettyUtils.java:newEventLoopGroup(69)) - Create EpollEventLoopGroup for 29872338-e6e3-4ec5-923b-53e8a9791636-NettyServerStreamRpc-workerGroup; Thread size is 0.
2024-04-29 10:07:38,474 [main] INFO  netty.NettyConfigKeys$DataStream (ConfUtils.java:logGet(46)) - raft.netty.dataStream.server.tls.conf = null (default)
2024-04-29 10:07:38,474 [main] INFO  netty.NettyConfigKeys$DataStream (ConfUtils.java:logGet(46)) - raft.netty.dataStream.host = null (default)
2024-04-29 10:07:38,474 [main] INFO  netty.NettyConfigKeys$DataStream (ConfUtils.java:logGet(46)) - raft.netty.dataStream.port = 15612 (custom)
2024-04-29 10:07:38,475 [main] INFO  server.RaftServerConfigKeys (ConfUtils.java:logGet(46)) - raft.server.sleep.deviation.threshold = 300ms (default)
2024-04-29 10:07:38,475 [main] INFO  server.RaftServerConfigKeys (ConfUtils.java:logGet(46)) - raft.server.close.threshold = 60s (default)
2024-04-29 10:07:38,475 [main] INFO  server.RaftServerConfigKeys (ConfUtils.java:logGet(46)) - raft.server.leaderelection.leader.step-down.wait-time = 10s (default)
2024-04-29 10:07:38,475 [main] INFO  server.RaftServerConfigKeys (ConfUtils.java:logGet(46)) - raft.server.storage.dir = [/home/runner/work/ozone/ozone/hadoop-ozone/integration-test/target/test-dir/MiniOzoneClusterImpl-b29d8e3c-9ac1-4bd8-916d-9a49b4a73262/ozone-meta/datanode-8/ratis] (custom)
2024-04-29 10:07:38,475 [main] INFO  server.RaftServerConfigKeys (ConfUtils.java:logGet(46)) - raft.server.threadpool.proxy.cached = true (default)
2024-04-29 10:07:38,475 [main] INFO  server.RaftServerConfigKeys (ConfUtils.java:logGet(46)) - raft.server.threadpool.proxy.size = 0 (default)
2024-04-29 10:07:38,475 [29872338-e6e3-4ec5-923b-53e8a9791636-NettyServerStreamRpc-bossGroup--thread1] INFO  logging.LoggingHandler (AbstractInternalLogger.java:log(148)) - [id: 0x74526161] REGISTERED
2024-04-29 10:07:38,476 [29872338-e6e3-4ec5-923b-53e8a9791636-NettyServerStreamRpc-bossGroup--thread1] INFO  logging.LoggingHandler (AbstractInternalLogger.java:log(148)) - [id: 0x74526161] BIND: 0.0.0.0/0.0.0.0:15612
2024-04-29 10:07:38,476 [29872338-e6e3-4ec5-923b-53e8a9791636-NettyServerStreamRpc-bossGroup--thread1] INFO  logging.LoggingHandler (AbstractInternalLogger.java:log(148)) - [id: 0x74526161, L:/0.0.0.0:15612] ACTIVE
2024-04-29 10:07:38,476 [29872338-e6e3-4ec5-923b-53e8a9791636-impl-thread1] INFO  server.RaftServer (RaftServerProxy.java:initGroupDir(264)) - 29872338-e6e3-4ec5-923b-53e8a9791636: found a subdirectory /home/runner/work/ozone/ozone/hadoop-ozone/integration-test/target/test-dir/MiniOzoneClusterImpl-b29d8e3c-9ac1-4bd8-916d-9a49b4a73262/ozone-meta/datanode-8/ratis/tmp
2024-04-29 10:07:38,476 [29872338-e6e3-4ec5-923b-53e8a9791636-impl-thread1] INFO  server.RaftServer (RaftServerProxy.java:initGroupDir(269)) - 29872338-e6e3-4ec5-923b-53e8a9791636: The directory /home/runner/work/ozone/ozone/hadoop-ozone/integration-test/target/test-dir/MiniOzoneClusterImpl-b29d8e3c-9ac1-4bd8-916d-9a49b4a73262/ozone-meta/datanode-8/ratis/tmp is not a group directory; ignoring it. 
2024-04-29 10:07:38,476 [main] INFO  replication.ReplicationServer (ReplicationServer.java:<init>(86)) - Initializing replication server with thread count = 10 queue length = 4096
2024-04-29 10:07:38,477 [main] INFO  server.XceiverServerGrpc (XceiverServerGrpc.java:<init>(141)) - GrpcServer channel type EpollServerSocketChannel
2024-04-29 10:07:38,478 [main] INFO  replication.ReplicationSupervisor (ReplicationSupervisor.java:build(157)) - Initializing replication supervisor with thread count = 10
2024-04-29 10:07:38,478 [main] INFO  replication.ReplicationSupervisor (ReplicationSupervisor.java:nodeStateUpdated(312)) - Node state updated to IN_SERVICE, scaling executor pool size to 10
2024-04-29 10:07:38,479 [main] INFO  http.BaseHttpServer (BaseHttpServer.java:newHttpServer2BuilderForOzone(223)) - Starting Web-server for hddsDatanode at: http://0.0.0.0:15606
2024-04-29 10:07:38,479 [main] INFO  http.BaseHttpServer (BaseHttpServer.java:<init>(110)) - Hadoop Security Enabled: false Ozone Security Enabled: false Ozone HTTP Security Enabled: false 
2024-04-29 10:07:38,480 [main] WARN  server.AuthenticationFilter (AuthenticationFilter.java:constructSecretProvider(240)) - Unable to initialize FileSignerSecretProvider, falling back to use random secrets. Reason: Could not read signature secret file: /home/runner/hadoop-http-auth-signature-secret
2024-04-29 10:07:38,481 [main] INFO  http.HttpRequestLog (HttpRequestLog.java:getRequestLog(86)) - Http request log for http.requests.hddsDatanode is not defined
2024-04-29 10:07:38,481 [main] INFO  http.HttpServer2 (HttpServer2.java:addGlobalFilter(1036)) - Added global filter 'safety' (class=org.apache.hadoop.hdds.server.http.HttpServer2$QuotingInputFilter)
2024-04-29 10:07:38,481 [main] INFO  http.HttpServer2 (HttpServer2.java:addFilter(1012)) - Added filter static_user_filter (class=org.apache.hadoop.http.lib.StaticUserWebFilter$StaticUserFilter) to context hddsDatanode
2024-04-29 10:07:38,482 [main] INFO  http.HttpServer2 (HttpServer2.java:addFilter(1020)) - Added filter static_user_filter (class=org.apache.hadoop.http.lib.StaticUserWebFilter$StaticUserFilter) to context static
2024-04-29 10:07:38,482 [main] INFO  http.HttpServer2 (HttpServer2.java:addFilter(1020)) - Added filter static_user_filter (class=org.apache.hadoop.http.lib.StaticUserWebFilter$StaticUserFilter) to context logs
2024-04-29 10:07:38,482 [main] INFO  http.BaseHttpServer (BaseHttpServer.java:<init>(189)) - HTTP server of hddsDatanode uses base directory /home/runner/work/ozone/ozone/hadoop-ozone/integration-test/target/test-dir/MiniOzoneClusterImpl-b29d8e3c-9ac1-4bd8-916d-9a49b4a73262/ozone-meta/datanode-8/meta/webserver
2024-04-29 10:07:38,482 [main] INFO  http.HttpServer2 (HttpServer2.java:bindListener(1236)) - Jetty bound to port 15606
2024-04-29 10:07:38,482 [main] INFO  server.Server (Server.java:doStart(375)) - jetty-9.4.54.v20240208; built: 2024-02-08T19:42:39.027Z; git: cef3fbd6d736a21e7d541a5db490381d95a2047d; jvm 17.0.10+7
2024-04-29 10:07:38,483 [main] INFO  server.session (DefaultSessionIdManager.java:doStart(334)) - DefaultSessionIdManager workerName=node0
2024-04-29 10:07:38,483 [main] INFO  server.session (DefaultSessionIdManager.java:doStart(339)) - No SessionScavenger set, using defaults
2024-04-29 10:07:38,483 [main] INFO  server.session (HouseKeeper.java:startScavenging(132)) - node0 Scavenging every 600000ms
2024-04-29 10:07:38,484 [main] INFO  handler.ContextHandler (ContextHandler.java:doStart(921)) - Started o.e.j.s.ServletContextHandler@57b57ffe{logs,/logs,file:///home/runner/work/ozone/ozone/hadoop-ozone/integration-test/target/log,AVAILABLE}
2024-04-29 10:07:38,484 [main] INFO  handler.ContextHandler (ContextHandler.java:doStart(921)) - Started o.e.j.s.ServletContextHandler@e56c524{static,/static,file:///home/runner/work/ozone/ozone/hadoop-hdds/container-service/target/classes/webapps/static,AVAILABLE}
2024-04-29 10:07:38,487 [main] INFO  handler.ContextHandler (ContextHandler.java:doStart(921)) - Started o.e.j.w.WebAppContext@457cb870{hddsDatanode,/,file:///home/runner/work/ozone/ozone/hadoop-hdds/container-service/target/classes/webapps/hddsDatanode/,AVAILABLE}{file:/home/runner/work/ozone/ozone/hadoop-hdds/container-service/target/classes/webapps/hddsDatanode}
2024-04-29 10:07:38,487 [main] INFO  server.AbstractConnector (AbstractConnector.java:doStart(333)) - Started ServerConnector@64ebcabf{HTTP/1.1, (http/1.1)}{0.0.0.0:15606}
2024-04-29 10:07:38,487 [main] INFO  server.Server (Server.java:doStart(415)) - Started @225860ms
2024-04-29 10:07:38,487 [main] WARN  impl.MetricsSystemImpl (MetricsSystemImpl.java:register(279)) - Sink prometheus already exists!
2024-04-29 10:07:38,488 [main] INFO  http.BaseHttpServer (BaseHttpServer.java:updateConnectorAddress(354)) - HTTP server of hddsDatanode listening at http://0.0.0.0:15606
2024-04-29 10:07:38,488 [main] INFO  ipc.CallQueueManager (CallQueueManager.java:<init>(90)) - Using callQueue: class java.util.concurrent.LinkedBlockingQueue, queueCapacity: 100, scheduler: class org.apache.hadoop.ipc.DefaultRpcScheduler, ipcBackoff: false.
2024-04-29 10:07:38,488 [main] INFO  ipc.Server (Server.java:<init>(1287)) - Listener at 0.0.0.0:15607
2024-04-29 10:07:38,489 [Socket Reader #1 for port 15607] INFO  ipc.Server (Server.java:run(1323)) - Starting Socket Reader #1 for port 15607
2024-04-29 10:07:38,490 [main] INFO  ozone.HddsDatanodeService (HddsDatanodeService.java:start(327)) - Datanode start with admins: [runner]
2024-04-29 10:07:38,490 [main] INFO  ozone.HddsDatanodeClientProtocolServer (HddsDatanodeClientProtocolServer.java:start(77)) - RPC server for Client /0.0.0.0:15607
2024-04-29 10:07:38,490 [IPC Server Responder] INFO  ipc.Server (Server.java:run(1562)) - IPC Server Responder: starting
2024-04-29 10:07:38,490 [IPC Server listener on 15607] INFO  ipc.Server (Server.java:run(1402)) - IPC Server listener on 15607: starting
2024-04-29 10:07:38,491 [29872338-e6e3-4ec5-923b-53e8a9791636-DatanodeStateMachineDaemonThread] INFO  statemachine.DatanodeStateMachine (DatanodeStateMachine.java:lambda$startDaemon$1(555)) - Ozone container server started.
2024-04-29 10:07:38,491 [main] WARN  dropwizard3.Dm3MetricRegistriesImpl (Dm3MetricRegistriesImpl.java:addReporterRegistration(113)) - New reporters are added after registries were created. Some metrics will be missing from the reporter. Please add reporter before adding any new registry.
2024-04-29 10:07:38,491 [main] WARN  dropwizard3.Dm3MetricRegistriesImpl (Dm3MetricRegistriesImpl.java:addReporterRegistration(113)) - New reporters are added after registries were created. Some metrics will be missing from the reporter. Please add reporter before adding any new registry.
2024-04-29 10:07:38,491 [main] INFO  impl.MetricsSystemImpl (MetricsSystemImpl.java:init(158)) - HddsDatanode metrics system started (again)
2024-04-29 10:07:38,493 [29872338-e6e3-4ec5-923b-53e8a9791636-DatanodeStateMachineTaskThread-0] INFO  datanode.InitDatanodeState (InitDatanodeState.java:persistContainerDatanodeDetails(139)) - DatanodeDetails is persisted to /home/runner/work/ozone/ozone/hadoop-ozone/integration-test/target/test-dir/MiniOzoneClusterImpl-b29d8e3c-9ac1-4bd8-916d-9a49b4a73262/ozone-meta/datanode-8/meta/datanode.id
2024-04-29 10:07:38,503 [main] INFO  ozone.HddsDatanodeService (HddsDatanodeService.java:start(240)) - HddsDatanodeService host:fv-az913-54.hn4i015bbztebps0p24f5airth.phxx.internal.cloudapp.net ip:10.1.0.39
2024-04-29 10:07:38,526 [main] INFO  upgrade.AbstractLayoutVersionManager (AbstractLayoutVersionManager.java:init(83)) - Initializing Layout version manager with metadata layout = HADOOP_PRC_PORTS_IN_DATANODEDETAILS (version = 7), software layout = HADOOP_PRC_PORTS_IN_DATANODEDETAILS (version = 7)
2024-04-29 10:07:38,527 [main] INFO  statemachine.DatanodeStateMachine (DatanodeStateMachine.java:getEndPointTaskThreadPoolSize(299)) - Datanode State Machine Task Thread Pool size 2
2024-04-29 10:07:38,527 [main] INFO  volume.HddsVolume (HddsVolume.java:<init>(126)) - Creating HddsVolume: /home/runner/work/ozone/ozone/hadoop-ozone/integration-test/target/test-dir/MiniOzoneClusterImpl-b29d8e3c-9ac1-4bd8-916d-9a49b4a73262/ozone-meta/datanode-9/data-0/hdds of storage type : DISK capacity : 9223372036854775807
2024-04-29 10:07:38,528 [main] INFO  volume.MutableVolumeSet (MutableVolumeSet.java:initializeVolumeSet(173)) - Added Volume : /home/runner/work/ozone/ozone/hadoop-ozone/integration-test/target/test-dir/MiniOzoneClusterImpl-b29d8e3c-9ac1-4bd8-916d-9a49b4a73262/ozone-meta/datanode-9/data-0/hdds to VolumeSet
2024-04-29 10:07:38,528 [main] INFO  volume.MutableVolumeSet (MutableVolumeSet.java:initializeVolumeSet(173)) - Added Volume : /home/runner/work/ozone/ozone/hadoop-ozone/integration-test/target/test-dir/MiniOzoneClusterImpl-b29d8e3c-9ac1-4bd8-916d-9a49b4a73262/ozone-meta/datanode-9/ratis to VolumeSet
2024-04-29 10:07:38,528 [main] INFO  ozoneimpl.OzoneContainer (HddsVolumeUtil.java:loadAllHddsVolumeDbStore(103)) - Load 1 volumes DbStore cost: 0ms
2024-04-29 10:07:38,530 [main] INFO  server.RaftServer (ConfUtils.java:logGet(46)) - raft.rpc.type = GRPC (default)
2024-04-29 10:07:38,530 [main] INFO  grpc.GrpcConfigKeys (ConfUtils.java:logFallback(53)) - raft.grpc.admin.host = null (fallback to raft.grpc.server.host)
2024-04-29 10:07:38,530 [main] INFO  grpc.GrpcConfigKeys (ConfUtils.java:logGet(46)) - raft.grpc.admin.port = 15619 (custom)
2024-04-29 10:07:38,530 [main] INFO  grpc.GrpcConfigKeys (ConfUtils.java:logFallback(53)) - raft.grpc.client.host = null (fallback to raft.grpc.server.host)
2024-04-29 10:07:38,530 [main] INFO  grpc.GrpcConfigKeys (ConfUtils.java:logGet(46)) - raft.grpc.client.port = 15618 (custom)
2024-04-29 10:07:38,530 [main] INFO  grpc.GrpcConfigKeys (ConfUtils.java:logGet(46)) - raft.grpc.server.host = null (default)
2024-04-29 10:07:38,530 [main] INFO  grpc.GrpcConfigKeys (ConfUtils.java:logGet(46)) - raft.grpc.server.port = 15620 (custom)
2024-04-29 10:07:38,530 [main] INFO  server.GrpcService (ConfUtils.java:logGet(46)) - raft.grpc.message.size.max = 32MB (=33554432) (custom)
2024-04-29 10:07:38,531 [main] INFO  server.RaftServerConfigKeys (ConfUtils.java:logGet(46)) - raft.server.log.appender.buffer.byte-limit = 8388608 (custom)
2024-04-29 10:07:38,531 [main] INFO  server.GrpcService (ConfUtils.java:logGet(46)) - raft.grpc.flow.control.window = 5MB (=5242880) (custom)
2024-04-29 10:07:38,531 [main] INFO  server.RaftServerConfigKeys (ConfUtils.java:logGet(46)) - raft.server.rpc.request.timeout = 3000ms (default)
2024-04-29 10:07:38,531 [main] INFO  grpc.GrpcConfigKeys (ConfUtils.java:logGet(46)) - raft.grpc.server.heartbeat.channel = true (default)
2024-04-29 10:07:38,531 [main] INFO  grpc.GrpcConfigKeys (ConfUtils.java:logGet(46)) - raft.grpc.server.async.request.thread.pool.cached = true (default)
2024-04-29 10:07:38,531 [main] INFO  grpc.GrpcConfigKeys (ConfUtils.java:logGet(46)) - raft.grpc.server.async.request.thread.pool.size = 32 (default)
2024-04-29 10:07:38,533 [main] INFO  impl.DataStreamServerImpl (ConfUtils.java:logGet(46)) - raft.datastream.type = NETTY (custom)
2024-04-29 10:07:38,533 [main] INFO  server.RaftServerConfigKeys (ConfUtils.java:logGet(46)) - raft.server.data-stream.async.request.thread.pool.cached = false (default)
2024-04-29 10:07:38,533 [main] INFO  server.RaftServerConfigKeys (ConfUtils.java:logGet(46)) - raft.server.data-stream.async.request.thread.pool.size = 20 (custom)
2024-04-29 10:07:38,533 [main] INFO  server.RaftServerConfigKeys (ConfUtils.java:logGet(46)) - raft.server.data-stream.async.write.thread.pool.size = 16 (default)
2024-04-29 10:07:38,533 [main] INFO  netty.NettyConfigKeys$DataStream (ConfUtils.java:logGet(46)) - raft.netty.dataStream.server.channel.inactive.grace-period = 10min (default)
2024-04-29 10:07:38,533 [main] INFO  server.RaftServerConfigKeys (ConfUtils.java:logGet(46)) - raft.server.data-stream.client.pool.size = 10 (default)
2024-04-29 10:07:38,533 [main] INFO  netty.NettyConfigKeys$DataStream (ConfUtils.java:logGet(46)) - raft.netty.dataStream.server.use-epoll = true (default)
2024-04-29 10:07:38,533 [main] INFO  netty.NettyConfigKeys$DataStream (ConfUtils.java:logGet(46)) - raft.netty.dataStream.server.boss-group.size = 0 (default)
2024-04-29 10:07:38,533 [main] INFO  netty.NettyUtils (NettyUtils.java:newEventLoopGroup(69)) - Create EpollEventLoopGroup for 1f92b403-6a1c-4076-80c0-09f74f2f4297-NettyServerStreamRpc-bossGroup; Thread size is 0.
2024-04-29 10:07:38,534 [main] INFO  netty.NettyConfigKeys$DataStream (ConfUtils.java:logGet(46)) - raft.netty.dataStream.server.worker-group.size = 0 (default)
2024-04-29 10:07:38,534 [main] INFO  netty.NettyUtils (NettyUtils.java:newEventLoopGroup(69)) - Create EpollEventLoopGroup for 1f92b403-6a1c-4076-80c0-09f74f2f4297-NettyServerStreamRpc-workerGroup; Thread size is 0.
2024-04-29 10:07:38,534 [main] INFO  netty.NettyConfigKeys$DataStream (ConfUtils.java:logGet(46)) - raft.netty.dataStream.server.tls.conf = null (default)
2024-04-29 10:07:38,534 [main] INFO  netty.NettyConfigKeys$DataStream (ConfUtils.java:logGet(46)) - raft.netty.dataStream.host = null (default)
2024-04-29 10:07:38,534 [main] INFO  netty.NettyConfigKeys$DataStream (ConfUtils.java:logGet(46)) - raft.netty.dataStream.port = 15621 (custom)
2024-04-29 10:07:38,534 [main] INFO  server.RaftServerConfigKeys (ConfUtils.java:logGet(46)) - raft.server.sleep.deviation.threshold = 300ms (default)
2024-04-29 10:07:38,534 [main] INFO  server.RaftServerConfigKeys (ConfUtils.java:logGet(46)) - raft.server.close.threshold = 60s (default)
2024-04-29 10:07:38,534 [main] INFO  server.RaftServerConfigKeys (ConfUtils.java:logGet(46)) - raft.server.leaderelection.leader.step-down.wait-time = 10s (default)
2024-04-29 10:07:38,534 [1f92b403-6a1c-4076-80c0-09f74f2f4297-NettyServerStreamRpc-bossGroup--thread1] INFO  logging.LoggingHandler (AbstractInternalLogger.java:log(148)) - [id: 0x5f29dfe8] REGISTERED
2024-04-29 10:07:38,535 [main] INFO  server.RaftServerConfigKeys (ConfUtils.java:logGet(46)) - raft.server.storage.dir = [/home/runner/work/ozone/ozone/hadoop-ozone/integration-test/target/test-dir/MiniOzoneClusterImpl-b29d8e3c-9ac1-4bd8-916d-9a49b4a73262/ozone-meta/datanode-9/ratis] (custom)
2024-04-29 10:07:38,535 [1f92b403-6a1c-4076-80c0-09f74f2f4297-NettyServerStreamRpc-bossGroup--thread1] INFO  logging.LoggingHandler (AbstractInternalLogger.java:log(148)) - [id: 0x5f29dfe8] BIND: 0.0.0.0/0.0.0.0:15621
2024-04-29 10:07:38,535 [main] INFO  server.RaftServerConfigKeys (ConfUtils.java:logGet(46)) - raft.server.threadpool.proxy.cached = true (default)
2024-04-29 10:07:38,535 [1f92b403-6a1c-4076-80c0-09f74f2f4297-NettyServerStreamRpc-bossGroup--thread1] INFO  logging.LoggingHandler (AbstractInternalLogger.java:log(148)) - [id: 0x5f29dfe8, L:/0.0.0.0:15621] ACTIVE
2024-04-29 10:07:38,535 [main] INFO  server.RaftServerConfigKeys (ConfUtils.java:logGet(46)) - raft.server.threadpool.proxy.size = 0 (default)
2024-04-29 10:07:38,535 [1f92b403-6a1c-4076-80c0-09f74f2f4297-impl-thread1] INFO  server.RaftServer (RaftServerProxy.java:initGroupDir(264)) - 1f92b403-6a1c-4076-80c0-09f74f2f4297: found a subdirectory /home/runner/work/ozone/ozone/hadoop-ozone/integration-test/target/test-dir/MiniOzoneClusterImpl-b29d8e3c-9ac1-4bd8-916d-9a49b4a73262/ozone-meta/datanode-9/ratis/tmp
2024-04-29 10:07:38,535 [1f92b403-6a1c-4076-80c0-09f74f2f4297-impl-thread1] INFO  server.RaftServer (RaftServerProxy.java:initGroupDir(269)) - 1f92b403-6a1c-4076-80c0-09f74f2f4297: The directory /home/runner/work/ozone/ozone/hadoop-ozone/integration-test/target/test-dir/MiniOzoneClusterImpl-b29d8e3c-9ac1-4bd8-916d-9a49b4a73262/ozone-meta/datanode-9/ratis/tmp is not a group directory; ignoring it. 
2024-04-29 10:07:38,535 [main] INFO  replication.ReplicationServer (ReplicationServer.java:<init>(86)) - Initializing replication server with thread count = 10 queue length = 4096
2024-04-29 10:07:38,536 [main] INFO  server.XceiverServerGrpc (XceiverServerGrpc.java:<init>(141)) - GrpcServer channel type EpollServerSocketChannel
2024-04-29 10:07:38,537 [main] INFO  replication.ReplicationSupervisor (ReplicationSupervisor.java:build(157)) - Initializing replication supervisor with thread count = 10
2024-04-29 10:07:38,537 [main] INFO  replication.ReplicationSupervisor (ReplicationSupervisor.java:nodeStateUpdated(312)) - Node state updated to IN_SERVICE, scaling executor pool size to 10
2024-04-29 10:07:38,538 [main] INFO  http.BaseHttpServer (BaseHttpServer.java:newHttpServer2BuilderForOzone(223)) - Starting Web-server for hddsDatanode at: http://0.0.0.0:15615
2024-04-29 10:07:38,538 [main] INFO  http.BaseHttpServer (BaseHttpServer.java:<init>(110)) - Hadoop Security Enabled: false Ozone Security Enabled: false Ozone HTTP Security Enabled: false 
2024-04-29 10:07:38,539 [main] WARN  server.AuthenticationFilter (AuthenticationFilter.java:constructSecretProvider(240)) - Unable to initialize FileSignerSecretProvider, falling back to use random secrets. Reason: Could not read signature secret file: /home/runner/hadoop-http-auth-signature-secret
2024-04-29 10:07:38,539 [main] INFO  http.HttpRequestLog (HttpRequestLog.java:getRequestLog(86)) - Http request log for http.requests.hddsDatanode is not defined
2024-04-29 10:07:38,540 [main] INFO  http.HttpServer2 (HttpServer2.java:addGlobalFilter(1036)) - Added global filter 'safety' (class=org.apache.hadoop.hdds.server.http.HttpServer2$QuotingInputFilter)
2024-04-29 10:07:38,541 [main] INFO  http.HttpServer2 (HttpServer2.java:addFilter(1012)) - Added filter static_user_filter (class=org.apache.hadoop.http.lib.StaticUserWebFilter$StaticUserFilter) to context hddsDatanode
2024-04-29 10:07:38,541 [main] INFO  http.HttpServer2 (HttpServer2.java:addFilter(1020)) - Added filter static_user_filter (class=org.apache.hadoop.http.lib.StaticUserWebFilter$StaticUserFilter) to context logs
2024-04-29 10:07:38,541 [main] INFO  http.HttpServer2 (HttpServer2.java:addFilter(1020)) - Added filter static_user_filter (class=org.apache.hadoop.http.lib.StaticUserWebFilter$StaticUserFilter) to context static
2024-04-29 10:07:38,541 [main] INFO  http.BaseHttpServer (BaseHttpServer.java:<init>(189)) - HTTP server of hddsDatanode uses base directory /home/runner/work/ozone/ozone/hadoop-ozone/integration-test/target/test-dir/MiniOzoneClusterImpl-b29d8e3c-9ac1-4bd8-916d-9a49b4a73262/ozone-meta/datanode-9/meta/webserver
2024-04-29 10:07:38,541 [main] INFO  http.HttpServer2 (HttpServer2.java:bindListener(1236)) - Jetty bound to port 15615
2024-04-29 10:07:38,541 [main] INFO  server.Server (Server.java:doStart(375)) - jetty-9.4.54.v20240208; built: 2024-02-08T19:42:39.027Z; git: cef3fbd6d736a21e7d541a5db490381d95a2047d; jvm 17.0.10+7
2024-04-29 10:07:38,542 [main] INFO  server.session (DefaultSessionIdManager.java:doStart(334)) - DefaultSessionIdManager workerName=node0
2024-04-29 10:07:38,542 [main] INFO  server.session (DefaultSessionIdManager.java:doStart(339)) - No SessionScavenger set, using defaults
2024-04-29 10:07:38,542 [main] INFO  server.session (HouseKeeper.java:startScavenging(132)) - node0 Scavenging every 660000ms
2024-04-29 10:07:38,543 [main] INFO  handler.ContextHandler (ContextHandler.java:doStart(921)) - Started o.e.j.s.ServletContextHandler@5e3b72ad{logs,/logs,file:///home/runner/work/ozone/ozone/hadoop-ozone/integration-test/target/log,AVAILABLE}
2024-04-29 10:07:38,543 [main] INFO  handler.ContextHandler (ContextHandler.java:doStart(921)) - Started o.e.j.s.ServletContextHandler@6927c79a{static,/static,file:///home/runner/work/ozone/ozone/hadoop-hdds/container-service/target/classes/webapps/static,AVAILABLE}
2024-04-29 10:07:38,546 [main] INFO  handler.ContextHandler (ContextHandler.java:doStart(921)) - Started o.e.j.w.WebAppContext@43ae3c30{hddsDatanode,/,file:///home/runner/work/ozone/ozone/hadoop-hdds/container-service/target/classes/webapps/hddsDatanode/,AVAILABLE}{file:/home/runner/work/ozone/ozone/hadoop-hdds/container-service/target/classes/webapps/hddsDatanode}
2024-04-29 10:07:38,547 [main] INFO  server.AbstractConnector (AbstractConnector.java:doStart(333)) - Started ServerConnector@4af81941{HTTP/1.1, (http/1.1)}{0.0.0.0:15615}
2024-04-29 10:07:38,547 [main] INFO  server.Server (Server.java:doStart(415)) - Started @225920ms
2024-04-29 10:07:38,547 [main] WARN  impl.MetricsSystemImpl (MetricsSystemImpl.java:register(279)) - Sink prometheus already exists!
2024-04-29 10:07:38,547 [main] INFO  http.BaseHttpServer (BaseHttpServer.java:updateConnectorAddress(354)) - HTTP server of hddsDatanode listening at http://0.0.0.0:15615
2024-04-29 10:07:38,548 [main] INFO  ipc.CallQueueManager (CallQueueManager.java:<init>(90)) - Using callQueue: class java.util.concurrent.LinkedBlockingQueue, queueCapacity: 100, scheduler: class org.apache.hadoop.ipc.DefaultRpcScheduler, ipcBackoff: false.
2024-04-29 10:07:38,548 [main] INFO  ipc.Server (Server.java:<init>(1287)) - Listener at 0.0.0.0:15616
2024-04-29 10:07:38,548 [Socket Reader #1 for port 15616] INFO  ipc.Server (Server.java:run(1323)) - Starting Socket Reader #1 for port 15616
2024-04-29 10:07:38,549 [main] INFO  ozone.HddsDatanodeService (HddsDatanodeService.java:start(327)) - Datanode start with admins: [runner]
2024-04-29 10:07:38,549 [main] INFO  ozone.HddsDatanodeClientProtocolServer (HddsDatanodeClientProtocolServer.java:start(77)) - RPC server for Client /0.0.0.0:15616
2024-04-29 10:07:38,549 [IPC Server Responder] INFO  ipc.Server (Server.java:run(1562)) - IPC Server Responder: starting
2024-04-29 10:07:38,557 [IPC Server listener on 15616] INFO  ipc.Server (Server.java:run(1402)) - IPC Server listener on 15616: starting
2024-04-29 10:07:38,560 [main] INFO  ozone.MiniOzoneClusterImpl (MiniOzoneClusterImpl.java:lambda$waitForClusterToBeReady$0(194)) - Waiting for nodes to be ready. Got 0 of 9 DN Heartbeats.
2024-04-29 10:07:38,560 [main] INFO  ozone.MiniOzoneClusterImpl (MiniOzoneClusterImpl.java:lambda$waitForClusterToBeReady$0(197)) - Waiting for cluster to exit safe mode
2024-04-29 10:07:38,560 [main] INFO  ozone.MiniOzoneClusterImpl (MiniOzoneClusterImpl.java:lambda$waitForClusterToBeReady$0(199)) - SCM became leader
2024-04-29 10:07:38,561 [1f92b403-6a1c-4076-80c0-09f74f2f4297-DatanodeStateMachineDaemonThread] INFO  statemachine.DatanodeStateMachine (DatanodeStateMachine.java:lambda$startDaemon$1(555)) - Ozone container server started.
2024-04-29 10:07:38,565 [1f92b403-6a1c-4076-80c0-09f74f2f4297-DatanodeStateMachineTaskThread-0] INFO  datanode.InitDatanodeState (InitDatanodeState.java:persistContainerDatanodeDetails(139)) - DatanodeDetails is persisted to /home/runner/work/ozone/ozone/hadoop-ozone/integration-test/target/test-dir/MiniOzoneClusterImpl-b29d8e3c-9ac1-4bd8-916d-9a49b4a73262/ozone-meta/datanode-9/meta/datanode.id
2024-04-29 10:07:39,100 [om1@group-C5BA1605619E-FollowerState] INFO  impl.FollowerState (FollowerState.java:run(143)) - om1@group-C5BA1605619E-FollowerState: change to CANDIDATE, lastRpcElapsedTime:1085991620ns, electionTimeout:1085ms
2024-04-29 10:07:39,100 [om1@group-C5BA1605619E-FollowerState] INFO  impl.RoleInfo (RoleInfo.java:shutdownFollowerState(110)) - om1: shutdown om1@group-C5BA1605619E-FollowerState
2024-04-29 10:07:39,100 [om1@group-C5BA1605619E-FollowerState] INFO  server.RaftServer$Division (RaftServerImpl.java:setRole(383)) - om1@group-C5BA1605619E: changes role from  FOLLOWER to CANDIDATE at term 0 for changeToCandidate
2024-04-29 10:07:39,100 [om1@group-C5BA1605619E-FollowerState] INFO  server.RaftServerConfigKeys (ConfUtils.java:logGet(46)) - raft.server.leaderelection.pre-vote = true (default)
2024-04-29 10:07:39,100 [om1@group-C5BA1605619E-FollowerState] INFO  impl.RoleInfo (RoleInfo.java:updateAndGet(139)) - om1: start om1@group-C5BA1605619E-LeaderElection93
2024-04-29 10:07:39,101 [om1@group-C5BA1605619E-LeaderElection93] INFO  impl.LeaderElection (LeaderElection.java:askForVotes(321)) - om1@group-C5BA1605619E-LeaderElection93 PRE_VOTE round 0: submit vote requests at term 0 for -1: peers:[om1|localhost:15541]|listeners:[], old=null
2024-04-29 10:07:39,101 [om1@group-C5BA1605619E-LeaderElection93] INFO  impl.LeaderElection (LeaderElection.java:askForVotes(323)) - om1@group-C5BA1605619E-LeaderElection93 PRE_VOTE round 0: result PASSED (term=0)
2024-04-29 10:07:39,102 [om1@group-C5BA1605619E-LeaderElection93] INFO  impl.LeaderElection (LeaderElection.java:askForVotes(321)) - om1@group-C5BA1605619E-LeaderElection93 ELECTION round 0: submit vote requests at term 1 for -1: peers:[om1|localhost:15541]|listeners:[], old=null
2024-04-29 10:07:39,102 [om1@group-C5BA1605619E-LeaderElection93] INFO  impl.LeaderElection (LeaderElection.java:askForVotes(323)) - om1@group-C5BA1605619E-LeaderElection93 ELECTION round 0: result PASSED (term=1)
2024-04-29 10:07:39,102 [om1@group-C5BA1605619E-LeaderElection93] INFO  impl.RoleInfo (RoleInfo.java:shutdownLeaderElection(130)) - om1: shutdown om1@group-C5BA1605619E-LeaderElection93
2024-04-29 10:07:39,102 [om1@group-C5BA1605619E-LeaderElection93] INFO  server.RaftServer$Division (RaftServerImpl.java:setRole(383)) - om1@group-C5BA1605619E: changes role from CANDIDATE to LEADER at term 1 for changeToLeader
2024-04-29 10:07:39,102 [om1@group-C5BA1605619E-LeaderElection93] INFO  server.RaftServerConfigKeys (ConfUtils.java:logGet(46)) - raft.server.staging.catchup.gap = 1000 (default)
2024-04-29 10:07:39,103 [om1@group-C5BA1605619E-LeaderElection93] INFO  server.RaftServerConfigKeys (ConfUtils.java:logGet(46)) - raft.server.write.element-limit = 4096 (default)
2024-04-29 10:07:39,103 [om1@group-C5BA1605619E-LeaderElection93] INFO  server.RaftServerConfigKeys (ConfUtils.java:logGet(46)) - raft.server.write.byte-limit = 64MB (=67108864) (default)
2024-04-29 10:07:39,103 [om1@group-C5BA1605619E-LeaderElection93] INFO  server.RaftServerConfigKeys (ConfUtils.java:logGet(46)) - raft.server.watch.timeout = 10s (default)
2024-04-29 10:07:39,103 [om1@group-C5BA1605619E-LeaderElection93] INFO  server.RaftServerConfigKeys (ConfUtils.java:logGet(46)) - raft.server.watch.timeout.denomination = 1s (default)
2024-04-29 10:07:39,103 [om1@group-C5BA1605619E-LeaderElection93] INFO  server.RaftServerConfigKeys (ConfUtils.java:logGet(46)) - raft.server.watch.element-limit = 65536 (default)
2024-04-29 10:07:39,103 [om1@group-C5BA1605619E-LeaderElection93] INFO  server.RaftServerConfigKeys (ConfUtils.java:logGet(46)) - raft.server.read.leader.lease.enabled = false (default)
2024-04-29 10:07:39,103 [om1@group-C5BA1605619E-LeaderElection93] INFO  server.RaftServerConfigKeys (ConfUtils.java:logGet(46)) - raft.server.read.leader.lease.timeout.ratio = 0.9 (default)
2024-04-29 10:07:39,103 [om1@group-C5BA1605619E-LeaderElection93] INFO  server.RaftServerConfigKeys (ConfUtils.java:logGet(46)) - raft.server.rpc.timeout.min = 1s (custom)
2024-04-29 10:07:39,103 [om1@group-C5BA1605619E-LeaderElection93] INFO  server.RaftServerConfigKeys (ConfUtils.java:logGet(46)) - raft.server.write.element-limit = 4096 (default)
2024-04-29 10:07:39,103 [om1@group-C5BA1605619E-LeaderElection93] INFO  server.RaftServerConfigKeys (ConfUtils.java:logGet(46)) - raft.server.write.follower.gap.ratio.max = -1.0 (default)
2024-04-29 10:07:39,103 [om1@group-C5BA1605619E-LeaderElection93] INFO  impl.RoleInfo (RoleInfo.java:updateAndGet(139)) - om1: start om1@group-C5BA1605619E-LeaderStateImpl
2024-04-29 10:07:39,103 [om1@group-C5BA1605619E-LeaderElection93] INFO  server.RaftServer$Division (RaftServerImpl.java:setFirstElection(574)) - om1@group-C5BA1605619E: set firstElectionSinceStartup to false for becomeLeader
2024-04-29 10:07:39,103 [om1@group-C5BA1605619E-LeaderElection93] INFO  server.RaftServer$Division (ServerState.java:setLeader(269)) - om1@group-C5BA1605619E: change Leader from null to om1 at term 1 for becomeLeader, leader elected after 1370ms
2024-04-29 10:07:39,104 [om1@group-C5BA1605619E-LeaderElection93] INFO  segmented.SegmentedRaftLogWorker (SegmentedRaftLogWorker.java:startLogSegment(430)) - om1@group-C5BA1605619E-SegmentedRaftLogWorker: Starting segment from index:0
2024-04-29 10:07:39,104 [om1@group-C5BA1605619E-LeaderElection93] INFO  server.RaftServer$Division (ServerState.java:setRaftConf(386)) - om1@group-C5BA1605619E: set configuration 0: peers:[om1|localhost:15541]|listeners:[], old=null
2024-04-29 10:07:39,104 [om1@group-C5BA1605619E-SegmentedRaftLogWorker] INFO  segmented.BufferedWriteChannel (BufferedWriteChannel.java:open(62)) - open log_inprogress_0 at position 0
2024-04-29 10:07:39,112 [om1@group-C5BA1605619E-SegmentedRaftLogWorker] INFO  segmented.SegmentedRaftLogWorker (SegmentedRaftLogWorker.java:execute(634)) - om1@group-C5BA1605619E-SegmentedRaftLogWorker: created new log segment /home/runner/work/ozone/ozone/hadoop-ozone/integration-test/target/test-dir/MiniOzoneClusterImpl-b29d8e3c-9ac1-4bd8-916d-9a49b4a73262/ozone-meta/ratis/bf265839-605b-3f16-9796-c5ba1605619e/current/log_inprogress_0
2024-04-29 10:07:39,113 [om1@group-C5BA1605619E-StateMachineUpdater] INFO  ratis.OzoneManagerStateMachine (OzoneManagerStateMachine.java:notifyConfigurationChanged(212)) - Received Configuration change notification from Ratis. New Peer list:
[id: "om1"
address: "localhost:15541"
startupRole: FOLLOWER
]
2024-04-29 10:07:39,113 [om1@group-C5BA1605619E-StateMachineUpdater] INFO  server.RaftServer$Division (LeaderStateImpl.java:isApplied(320)) - leader is ready since appliedIndex == 0 >= startIndex == 0
2024-04-29 10:07:39,560 [main] INFO  ozone.MiniOzoneClusterImpl (MiniOzoneClusterImpl.java:lambda$waitForClusterToBeReady$0(194)) - Waiting for nodes to be ready. Got 0 of 9 DN Heartbeats.
2024-04-29 10:07:39,561 [main] INFO  ozone.MiniOzoneClusterImpl (MiniOzoneClusterImpl.java:lambda$waitForClusterToBeReady$0(197)) - Waiting for cluster to exit safe mode
2024-04-29 10:07:39,561 [main] INFO  ozone.MiniOzoneClusterImpl (MiniOzoneClusterImpl.java:lambda$waitForClusterToBeReady$0(199)) - SCM became leader
2024-04-29 10:07:40,148 [45d7554a-4794-4db0-8ec2-ed03ee8d9322-EndpointStateMachineTaskThread-/0.0.0.0:15536-0 ] INFO  utils.DatanodeStoreCache (DatanodeStoreCache.java:addDB(72)) - Added db /home/runner/work/ozone/ozone/hadoop-ozone/integration-test/target/test-dir/MiniOzoneClusterImpl-b29d8e3c-9ac1-4bd8-916d-9a49b4a73262/ozone-meta/datanode-1/data-0/hdds/b29d8e3c-9ac1-4bd8-916d-9a49b4a73262/DS-50d322bf-9a55-48c1-9ec0-cbea49032db6/container.db to cache
2024-04-29 10:07:40,149 [45d7554a-4794-4db0-8ec2-ed03ee8d9322-EndpointStateMachineTaskThread-/0.0.0.0:15536-0 ] INFO  volume.HddsVolume (HddsVolume.java:createDbStore(437)) - SchemaV3 db is created and loaded at /home/runner/work/ozone/ozone/hadoop-ozone/integration-test/target/test-dir/MiniOzoneClusterImpl-b29d8e3c-9ac1-4bd8-916d-9a49b4a73262/ozone-meta/datanode-1/data-0/hdds/b29d8e3c-9ac1-4bd8-916d-9a49b4a73262/DS-50d322bf-9a55-48c1-9ec0-cbea49032db6/container.db for volume DS-50d322bf-9a55-48c1-9ec0-cbea49032db6
2024-04-29 10:07:40,150 [45d7554a-4794-4db0-8ec2-ed03ee8d9322-ContainerReader-0] INFO  ozoneimpl.ContainerReader (ContainerReader.java:readVolume(148)) - Start to verify containers on volume /home/runner/work/ozone/ozone/hadoop-ozone/integration-test/target/test-dir/MiniOzoneClusterImpl-b29d8e3c-9ac1-4bd8-916d-9a49b4a73262/ozone-meta/datanode-1/data-0/hdds
2024-04-29 10:07:40,150 [45d7554a-4794-4db0-8ec2-ed03ee8d9322-ContainerReader-0] INFO  ozoneimpl.ContainerReader (ContainerReader.java:readVolume(178)) - Finish verifying containers on volume /home/runner/work/ozone/ozone/hadoop-ozone/integration-test/target/test-dir/MiniOzoneClusterImpl-b29d8e3c-9ac1-4bd8-916d-9a49b4a73262/ozone-meta/datanode-1/data-0/hdds
2024-04-29 10:07:40,150 [45d7554a-4794-4db0-8ec2-ed03ee8d9322-EndpointStateMachineTaskThread-/0.0.0.0:15536-0 ] INFO  ozoneimpl.OzoneContainer (OzoneContainer.java:buildContainerSet(328)) - Build ContainerSet costs 0s
2024-04-29 10:07:40,151 [45d7554a-4794-4db0-8ec2-ed03ee8d9322-EndpointStateMachineTaskThread-/0.0.0.0:15536-0 ] INFO  volume.ThrottledAsyncChecker (ThrottledAsyncChecker.java:schedule(141)) - Scheduling a check for /home/runner/work/ozone/ozone/hadoop-ozone/integration-test/target/test-dir/MiniOzoneClusterImpl-b29d8e3c-9ac1-4bd8-916d-9a49b4a73262/ozone-meta/datanode-1/data-0/hdds
2024-04-29 10:07:40,151 [45d7554a-4794-4db0-8ec2-ed03ee8d9322-EndpointStateMachineTaskThread-/0.0.0.0:15536-0 ] INFO  volume.StorageVolumeChecker (StorageVolumeChecker.java:checkAllVolumes(218)) - Scheduled health check for volume /home/runner/work/ozone/ozone/hadoop-ozone/integration-test/target/test-dir/MiniOzoneClusterImpl-b29d8e3c-9ac1-4bd8-916d-9a49b4a73262/ozone-meta/datanode-1/data-0/hdds
2024-04-29 10:07:40,152 [45d7554a-4794-4db0-8ec2-ed03ee8d9322-EndpointStateMachineTaskThread-/0.0.0.0:15536-0 ] INFO  volume.ThrottledAsyncChecker (ThrottledAsyncChecker.java:schedule(141)) - Scheduling a check for /home/runner/work/ozone/ozone/hadoop-ozone/integration-test/target/test-dir/MiniOzoneClusterImpl-b29d8e3c-9ac1-4bd8-916d-9a49b4a73262/ozone-meta/datanode-1/ratis
2024-04-29 10:07:40,152 [45d7554a-4794-4db0-8ec2-ed03ee8d9322-EndpointStateMachineTaskThread-/0.0.0.0:15536-0 ] INFO  volume.StorageVolumeChecker (StorageVolumeChecker.java:checkAllVolumes(218)) - Scheduled health check for volume /home/runner/work/ozone/ozone/hadoop-ozone/integration-test/target/test-dir/MiniOzoneClusterImpl-b29d8e3c-9ac1-4bd8-916d-9a49b4a73262/ozone-meta/datanode-1/ratis
2024-04-29 10:07:40,153 [45d7554a-4794-4db0-8ec2-ed03ee8d9322-EndpointStateMachineTaskThread-/0.0.0.0:15536-0 ] INFO  ozoneimpl.OzoneContainer (OzoneContainer.java:start(459)) - Attempting to start container services.
2024-04-29 10:07:40,153 [ContainerMetadataScanner] INFO  ozoneimpl.AbstractBackgroundContainerScanner (AbstractBackgroundContainerScanner.java:runIteration(87)) - Completed an iteration in 0 minutes. Number of iterations (since the data-node restart) : 1, Number of containers scanned in this iteration : 0, Number of unhealthy containers found in this iteration : 0
2024-04-29 10:07:40,153 [45d7554a-4794-4db0-8ec2-ed03ee8d9322-EndpointStateMachineTaskThread-/0.0.0.0:15536-0 ] INFO  replication.ReplicationServer (ReplicationServer.java:start(142)) - ReplicationServer is started using port 15550
2024-04-29 10:07:40,154 [45d7554a-4794-4db0-8ec2-ed03ee8d9322-EndpointStateMachineTaskThread-/0.0.0.0:15536-0 ] INFO  ratis.XceiverServerRatis (XceiverServerRatis.java:start(566)) - Starting XceiverServerRatis 45d7554a-4794-4db0-8ec2-ed03ee8d9322
2024-04-29 10:07:40,154 [ContainerDataScanner(/home/runner/work/ozone/ozone/hadoop-ozone/integration-test/target/test-dir/MiniOzoneClusterImpl-b29d8e3c-9ac1-4bd8-916d-9a49b4a73262/ozone-meta/datanode-1/data-0/hdds)] INFO  ozoneimpl.AbstractBackgroundContainerScanner (AbstractBackgroundContainerScanner.java:runIteration(87)) - Completed an iteration in 0 minutes. Number of iterations (since the data-node restart) : 1, Number of containers scanned in this iteration : 0, Number of unhealthy containers found in this iteration : 0
2024-04-29 10:07:40,154 [45d7554a-4794-4db0-8ec2-ed03ee8d9322-EndpointStateMachineTaskThread-/0.0.0.0:15536-0 ] INFO  server.RaftServer (RaftServerProxy.java:startImpl(406)) - 45d7554a-4794-4db0-8ec2-ed03ee8d9322: start RPC server
2024-04-29 10:07:40,154 [45d7554a-4794-4db0-8ec2-ed03ee8d9322-EndpointStateMachineTaskThread-/0.0.0.0:15536-0 ] INFO  server.GrpcService (GrpcService.java:startImpl(302)) - 45d7554a-4794-4db0-8ec2-ed03ee8d9322: GrpcService started, listening on 15546
2024-04-29 10:07:40,154 [45d7554a-4794-4db0-8ec2-ed03ee8d9322-EndpointStateMachineTaskThread-/0.0.0.0:15536-0 ] INFO  server.GrpcService (GrpcService.java:startImpl(302)) - 45d7554a-4794-4db0-8ec2-ed03ee8d9322: GrpcService started, listening on 15548
2024-04-29 10:07:40,155 [45d7554a-4794-4db0-8ec2-ed03ee8d9322-EndpointStateMachineTaskThread-/0.0.0.0:15536-0 ] INFO  server.GrpcService (GrpcService.java:startImpl(302)) - 45d7554a-4794-4db0-8ec2-ed03ee8d9322: GrpcService started, listening on 15547
2024-04-29 10:07:40,155 [45d7554a-4794-4db0-8ec2-ed03ee8d9322-EndpointStateMachineTaskThread-/0.0.0.0:15536-0 ] INFO  ratis.XceiverServerRatis (XceiverServerRatis.java:getRealPort(592)) - XceiverServerRatis 45d7554a-4794-4db0-8ec2-ed03ee8d9322 is started using port 15546 for RATIS
2024-04-29 10:07:40,155 [45d7554a-4794-4db0-8ec2-ed03ee8d9322-EndpointStateMachineTaskThread-/0.0.0.0:15536-0 ] INFO  ratis.XceiverServerRatis (XceiverServerRatis.java:getRealPort(592)) - XceiverServerRatis 45d7554a-4794-4db0-8ec2-ed03ee8d9322 is started using port 15547 for RATIS_ADMIN
2024-04-29 10:07:40,155 [45d7554a-4794-4db0-8ec2-ed03ee8d9322-EndpointStateMachineTaskThread-/0.0.0.0:15536-0 ] INFO  ratis.XceiverServerRatis (XceiverServerRatis.java:getRealPort(592)) - XceiverServerRatis 45d7554a-4794-4db0-8ec2-ed03ee8d9322 is started using port 15548 for RATIS_SERVER
2024-04-29 10:07:40,155 [45d7554a-4794-4db0-8ec2-ed03ee8d9322-EndpointStateMachineTaskThread-/0.0.0.0:15536-0 ] INFO  ratis.XceiverServerRatis (XceiverServerRatis.java:getRealPort(592)) - XceiverServerRatis 45d7554a-4794-4db0-8ec2-ed03ee8d9322 is started using port 15549 for RATIS_DATASTREAM
2024-04-29 10:07:40,155 [JvmPauseMonitor68] INFO  util.JvmPauseMonitor (JvmPauseMonitor.java:run(146)) - JvmPauseMonitor-45d7554a-4794-4db0-8ec2-ed03ee8d9322: Started
2024-04-29 10:07:40,156 [45d7554a-4794-4db0-8ec2-ed03ee8d9322-BlockDeletingService#0] INFO  interfaces.ContainerDeletionChoosingPolicyTemplate (ContainerDeletionChoosingPolicyTemplate.java:chooseContainerForBlockDeletion(85)) - Chosen 0/5000 blocks from 0 candidate containers.
2024-04-29 10:07:40,205 [4c7d070b-487d-4f6a-a802-5407a717b610-EndpointStateMachineTaskThread-/0.0.0.0:15536-0 ] INFO  utils.DatanodeStoreCache (DatanodeStoreCache.java:addDB(72)) - Added db /home/runner/work/ozone/ozone/hadoop-ozone/integration-test/target/test-dir/MiniOzoneClusterImpl-b29d8e3c-9ac1-4bd8-916d-9a49b4a73262/ozone-meta/datanode-2/data-0/hdds/b29d8e3c-9ac1-4bd8-916d-9a49b4a73262/DS-3ee9d314-7358-46e8-ba87-555dc8c7eeee/container.db to cache
2024-04-29 10:07:40,205 [4c7d070b-487d-4f6a-a802-5407a717b610-EndpointStateMachineTaskThread-/0.0.0.0:15536-0 ] INFO  volume.HddsVolume (HddsVolume.java:createDbStore(437)) - SchemaV3 db is created and loaded at /home/runner/work/ozone/ozone/hadoop-ozone/integration-test/target/test-dir/MiniOzoneClusterImpl-b29d8e3c-9ac1-4bd8-916d-9a49b4a73262/ozone-meta/datanode-2/data-0/hdds/b29d8e3c-9ac1-4bd8-916d-9a49b4a73262/DS-3ee9d314-7358-46e8-ba87-555dc8c7eeee/container.db for volume DS-3ee9d314-7358-46e8-ba87-555dc8c7eeee
2024-04-29 10:07:40,207 [4c7d070b-487d-4f6a-a802-5407a717b610-ContainerReader-0] INFO  ozoneimpl.ContainerReader (ContainerReader.java:readVolume(148)) - Start to verify containers on volume /home/runner/work/ozone/ozone/hadoop-ozone/integration-test/target/test-dir/MiniOzoneClusterImpl-b29d8e3c-9ac1-4bd8-916d-9a49b4a73262/ozone-meta/datanode-2/data-0/hdds
2024-04-29 10:07:40,207 [4c7d070b-487d-4f6a-a802-5407a717b610-ContainerReader-0] INFO  ozoneimpl.ContainerReader (ContainerReader.java:readVolume(178)) - Finish verifying containers on volume /home/runner/work/ozone/ozone/hadoop-ozone/integration-test/target/test-dir/MiniOzoneClusterImpl-b29d8e3c-9ac1-4bd8-916d-9a49b4a73262/ozone-meta/datanode-2/data-0/hdds
2024-04-29 10:07:40,207 [4c7d070b-487d-4f6a-a802-5407a717b610-EndpointStateMachineTaskThread-/0.0.0.0:15536-0 ] INFO  ozoneimpl.OzoneContainer (OzoneContainer.java:buildContainerSet(328)) - Build ContainerSet costs 0s
2024-04-29 10:07:40,207 [4c7d070b-487d-4f6a-a802-5407a717b610-EndpointStateMachineTaskThread-/0.0.0.0:15536-0 ] INFO  volume.ThrottledAsyncChecker (ThrottledAsyncChecker.java:schedule(141)) - Scheduling a check for /home/runner/work/ozone/ozone/hadoop-ozone/integration-test/target/test-dir/MiniOzoneClusterImpl-b29d8e3c-9ac1-4bd8-916d-9a49b4a73262/ozone-meta/datanode-2/data-0/hdds
2024-04-29 10:07:40,208 [4c7d070b-487d-4f6a-a802-5407a717b610-EndpointStateMachineTaskThread-/0.0.0.0:15536-0 ] INFO  volume.StorageVolumeChecker (StorageVolumeChecker.java:checkAllVolumes(218)) - Scheduled health check for volume /home/runner/work/ozone/ozone/hadoop-ozone/integration-test/target/test-dir/MiniOzoneClusterImpl-b29d8e3c-9ac1-4bd8-916d-9a49b4a73262/ozone-meta/datanode-2/data-0/hdds
2024-04-29 10:07:40,209 [4c7d070b-487d-4f6a-a802-5407a717b610-EndpointStateMachineTaskThread-/0.0.0.0:15536-0 ] INFO  volume.ThrottledAsyncChecker (ThrottledAsyncChecker.java:schedule(141)) - Scheduling a check for /home/runner/work/ozone/ozone/hadoop-ozone/integration-test/target/test-dir/MiniOzoneClusterImpl-b29d8e3c-9ac1-4bd8-916d-9a49b4a73262/ozone-meta/datanode-2/ratis
2024-04-29 10:07:40,209 [4c7d070b-487d-4f6a-a802-5407a717b610-EndpointStateMachineTaskThread-/0.0.0.0:15536-0 ] INFO  volume.StorageVolumeChecker (StorageVolumeChecker.java:checkAllVolumes(218)) - Scheduled health check for volume /home/runner/work/ozone/ozone/hadoop-ozone/integration-test/target/test-dir/MiniOzoneClusterImpl-b29d8e3c-9ac1-4bd8-916d-9a49b4a73262/ozone-meta/datanode-2/ratis
2024-04-29 10:07:40,210 [4c7d070b-487d-4f6a-a802-5407a717b610-EndpointStateMachineTaskThread-/0.0.0.0:15536-0 ] INFO  ozoneimpl.OzoneContainer (OzoneContainer.java:start(459)) - Attempting to start container services.
2024-04-29 10:07:40,210 [4c7d070b-487d-4f6a-a802-5407a717b610-EndpointStateMachineTaskThread-/0.0.0.0:15536-0 ] WARN  ozoneimpl.OnDemandContainerDataScanner (OnDemandContainerDataScanner.java:init(75)) - Trying to initialize on demand scanner a second time on a datanode.
2024-04-29 10:07:40,210 [ContainerMetadataScanner] INFO  ozoneimpl.AbstractBackgroundContainerScanner (AbstractBackgroundContainerScanner.java:runIteration(87)) - Completed an iteration in 0 minutes. Number of iterations (since the data-node restart) : 1, Number of containers scanned in this iteration : 0, Number of unhealthy containers found in this iteration : 0
2024-04-29 10:07:40,210 [ContainerDataScanner(/home/runner/work/ozone/ozone/hadoop-ozone/integration-test/target/test-dir/MiniOzoneClusterImpl-b29d8e3c-9ac1-4bd8-916d-9a49b4a73262/ozone-meta/datanode-2/data-0/hdds)] INFO  ozoneimpl.AbstractBackgroundContainerScanner (AbstractBackgroundContainerScanner.java:runIteration(87)) - Completed an iteration in 0 minutes. Number of iterations (since the data-node restart) : 1, Number of containers scanned in this iteration : 0, Number of unhealthy containers found in this iteration : 0
2024-04-29 10:07:40,211 [4c7d070b-487d-4f6a-a802-5407a717b610-EndpointStateMachineTaskThread-/0.0.0.0:15536-0 ] INFO  replication.ReplicationServer (ReplicationServer.java:start(142)) - ReplicationServer is started using port 15559
2024-04-29 10:07:40,211 [4c7d070b-487d-4f6a-a802-5407a717b610-EndpointStateMachineTaskThread-/0.0.0.0:15536-0 ] INFO  ratis.XceiverServerRatis (XceiverServerRatis.java:start(566)) - Starting XceiverServerRatis 4c7d070b-487d-4f6a-a802-5407a717b610
2024-04-29 10:07:40,211 [4c7d070b-487d-4f6a-a802-5407a717b610-EndpointStateMachineTaskThread-/0.0.0.0:15536-0 ] INFO  server.RaftServer (RaftServerProxy.java:startImpl(406)) - 4c7d070b-487d-4f6a-a802-5407a717b610: start RPC server
2024-04-29 10:07:40,211 [4c7d070b-487d-4f6a-a802-5407a717b610-EndpointStateMachineTaskThread-/0.0.0.0:15536-0 ] INFO  server.GrpcService (GrpcService.java:startImpl(302)) - 4c7d070b-487d-4f6a-a802-5407a717b610: GrpcService started, listening on 15555
2024-04-29 10:07:40,212 [4c7d070b-487d-4f6a-a802-5407a717b610-EndpointStateMachineTaskThread-/0.0.0.0:15536-0 ] INFO  server.GrpcService (GrpcService.java:startImpl(302)) - 4c7d070b-487d-4f6a-a802-5407a717b610: GrpcService started, listening on 15557
2024-04-29 10:07:40,212 [4c7d070b-487d-4f6a-a802-5407a717b610-EndpointStateMachineTaskThread-/0.0.0.0:15536-0 ] INFO  server.GrpcService (GrpcService.java:startImpl(302)) - 4c7d070b-487d-4f6a-a802-5407a717b610: GrpcService started, listening on 15556
2024-04-29 10:07:40,212 [4c7d070b-487d-4f6a-a802-5407a717b610-EndpointStateMachineTaskThread-/0.0.0.0:15536-0 ] INFO  ratis.XceiverServerRatis (XceiverServerRatis.java:getRealPort(592)) - XceiverServerRatis 4c7d070b-487d-4f6a-a802-5407a717b610 is started using port 15555 for RATIS
2024-04-29 10:07:40,212 [4c7d070b-487d-4f6a-a802-5407a717b610-EndpointStateMachineTaskThread-/0.0.0.0:15536-0 ] INFO  ratis.XceiverServerRatis (XceiverServerRatis.java:getRealPort(592)) - XceiverServerRatis 4c7d070b-487d-4f6a-a802-5407a717b610 is started using port 15556 for RATIS_ADMIN
2024-04-29 10:07:40,212 [4c7d070b-487d-4f6a-a802-5407a717b610-EndpointStateMachineTaskThread-/0.0.0.0:15536-0 ] INFO  ratis.XceiverServerRatis (XceiverServerRatis.java:getRealPort(592)) - XceiverServerRatis 4c7d070b-487d-4f6a-a802-5407a717b610 is started using port 15557 for RATIS_SERVER
2024-04-29 10:07:40,212 [4c7d070b-487d-4f6a-a802-5407a717b610-EndpointStateMachineTaskThread-/0.0.0.0:15536-0 ] INFO  ratis.XceiverServerRatis (XceiverServerRatis.java:getRealPort(592)) - XceiverServerRatis 4c7d070b-487d-4f6a-a802-5407a717b610 is started using port 15558 for RATIS_DATASTREAM
2024-04-29 10:07:40,212 [JvmPauseMonitor69] INFO  util.JvmPauseMonitor (JvmPauseMonitor.java:run(146)) - JvmPauseMonitor-4c7d070b-487d-4f6a-a802-5407a717b610: Started
2024-04-29 10:07:40,213 [4c7d070b-487d-4f6a-a802-5407a717b610-BlockDeletingService#0] INFO  interfaces.ContainerDeletionChoosingPolicyTemplate (ContainerDeletionChoosingPolicyTemplate.java:chooseContainerForBlockDeletion(85)) - Chosen 0/5000 blocks from 0 candidate containers.
2024-04-29 10:07:40,261 [0b459a02-f078-4553-b8ee-4a7bbebe5aa1-EndpointStateMachineTaskThread-/0.0.0.0:15536-0 ] INFO  utils.DatanodeStoreCache (DatanodeStoreCache.java:addDB(72)) - Added db /home/runner/work/ozone/ozone/hadoop-ozone/integration-test/target/test-dir/MiniOzoneClusterImpl-b29d8e3c-9ac1-4bd8-916d-9a49b4a73262/ozone-meta/datanode-3/data-0/hdds/b29d8e3c-9ac1-4bd8-916d-9a49b4a73262/DS-d53a4897-52ba-4f74-85dd-150e4d128613/container.db to cache
2024-04-29 10:07:40,261 [0b459a02-f078-4553-b8ee-4a7bbebe5aa1-EndpointStateMachineTaskThread-/0.0.0.0:15536-0 ] INFO  volume.HddsVolume (HddsVolume.java:createDbStore(437)) - SchemaV3 db is created and loaded at /home/runner/work/ozone/ozone/hadoop-ozone/integration-test/target/test-dir/MiniOzoneClusterImpl-b29d8e3c-9ac1-4bd8-916d-9a49b4a73262/ozone-meta/datanode-3/data-0/hdds/b29d8e3c-9ac1-4bd8-916d-9a49b4a73262/DS-d53a4897-52ba-4f74-85dd-150e4d128613/container.db for volume DS-d53a4897-52ba-4f74-85dd-150e4d128613
2024-04-29 10:07:40,262 [0b459a02-f078-4553-b8ee-4a7bbebe5aa1-ContainerReader-0] INFO  ozoneimpl.ContainerReader (ContainerReader.java:readVolume(148)) - Start to verify containers on volume /home/runner/work/ozone/ozone/hadoop-ozone/integration-test/target/test-dir/MiniOzoneClusterImpl-b29d8e3c-9ac1-4bd8-916d-9a49b4a73262/ozone-meta/datanode-3/data-0/hdds
2024-04-29 10:07:40,263 [0b459a02-f078-4553-b8ee-4a7bbebe5aa1-ContainerReader-0] INFO  ozoneimpl.ContainerReader (ContainerReader.java:readVolume(178)) - Finish verifying containers on volume /home/runner/work/ozone/ozone/hadoop-ozone/integration-test/target/test-dir/MiniOzoneClusterImpl-b29d8e3c-9ac1-4bd8-916d-9a49b4a73262/ozone-meta/datanode-3/data-0/hdds
2024-04-29 10:07:40,263 [0b459a02-f078-4553-b8ee-4a7bbebe5aa1-EndpointStateMachineTaskThread-/0.0.0.0:15536-0 ] INFO  ozoneimpl.OzoneContainer (OzoneContainer.java:buildContainerSet(328)) - Build ContainerSet costs 0s
2024-04-29 10:07:40,263 [0b459a02-f078-4553-b8ee-4a7bbebe5aa1-EndpointStateMachineTaskThread-/0.0.0.0:15536-0 ] INFO  volume.ThrottledAsyncChecker (ThrottledAsyncChecker.java:schedule(141)) - Scheduling a check for /home/runner/work/ozone/ozone/hadoop-ozone/integration-test/target/test-dir/MiniOzoneClusterImpl-b29d8e3c-9ac1-4bd8-916d-9a49b4a73262/ozone-meta/datanode-3/data-0/hdds
2024-04-29 10:07:40,263 [0b459a02-f078-4553-b8ee-4a7bbebe5aa1-EndpointStateMachineTaskThread-/0.0.0.0:15536-0 ] INFO  volume.StorageVolumeChecker (StorageVolumeChecker.java:checkAllVolumes(218)) - Scheduled health check for volume /home/runner/work/ozone/ozone/hadoop-ozone/integration-test/target/test-dir/MiniOzoneClusterImpl-b29d8e3c-9ac1-4bd8-916d-9a49b4a73262/ozone-meta/datanode-3/data-0/hdds
2024-04-29 10:07:40,264 [0b459a02-f078-4553-b8ee-4a7bbebe5aa1-EndpointStateMachineTaskThread-/0.0.0.0:15536-0 ] INFO  volume.ThrottledAsyncChecker (ThrottledAsyncChecker.java:schedule(141)) - Scheduling a check for /home/runner/work/ozone/ozone/hadoop-ozone/integration-test/target/test-dir/MiniOzoneClusterImpl-b29d8e3c-9ac1-4bd8-916d-9a49b4a73262/ozone-meta/datanode-3/ratis
2024-04-29 10:07:40,264 [0b459a02-f078-4553-b8ee-4a7bbebe5aa1-EndpointStateMachineTaskThread-/0.0.0.0:15536-0 ] INFO  volume.StorageVolumeChecker (StorageVolumeChecker.java:checkAllVolumes(218)) - Scheduled health check for volume /home/runner/work/ozone/ozone/hadoop-ozone/integration-test/target/test-dir/MiniOzoneClusterImpl-b29d8e3c-9ac1-4bd8-916d-9a49b4a73262/ozone-meta/datanode-3/ratis
2024-04-29 10:07:40,265 [0b459a02-f078-4553-b8ee-4a7bbebe5aa1-EndpointStateMachineTaskThread-/0.0.0.0:15536-0 ] INFO  ozoneimpl.OzoneContainer (OzoneContainer.java:start(459)) - Attempting to start container services.
2024-04-29 10:07:40,265 [0b459a02-f078-4553-b8ee-4a7bbebe5aa1-EndpointStateMachineTaskThread-/0.0.0.0:15536-0 ] WARN  ozoneimpl.OnDemandContainerDataScanner (OnDemandContainerDataScanner.java:init(75)) - Trying to initialize on demand scanner a second time on a datanode.
2024-04-29 10:07:40,266 [ContainerMetadataScanner] INFO  ozoneimpl.AbstractBackgroundContainerScanner (AbstractBackgroundContainerScanner.java:runIteration(87)) - Completed an iteration in 0 minutes. Number of iterations (since the data-node restart) : 1, Number of containers scanned in this iteration : 0, Number of unhealthy containers found in this iteration : 0
2024-04-29 10:07:40,266 [ContainerDataScanner(/home/runner/work/ozone/ozone/hadoop-ozone/integration-test/target/test-dir/MiniOzoneClusterImpl-b29d8e3c-9ac1-4bd8-916d-9a49b4a73262/ozone-meta/datanode-3/data-0/hdds)] INFO  ozoneimpl.AbstractBackgroundContainerScanner (AbstractBackgroundContainerScanner.java:runIteration(87)) - Completed an iteration in 0 minutes. Number of iterations (since the data-node restart) : 1, Number of containers scanned in this iteration : 0, Number of unhealthy containers found in this iteration : 0
2024-04-29 10:07:40,266 [0b459a02-f078-4553-b8ee-4a7bbebe5aa1-EndpointStateMachineTaskThread-/0.0.0.0:15536-0 ] INFO  replication.ReplicationServer (ReplicationServer.java:start(142)) - ReplicationServer is started using port 15568
2024-04-29 10:07:40,266 [0b459a02-f078-4553-b8ee-4a7bbebe5aa1-EndpointStateMachineTaskThread-/0.0.0.0:15536-0 ] INFO  ratis.XceiverServerRatis (XceiverServerRatis.java:start(566)) - Starting XceiverServerRatis 0b459a02-f078-4553-b8ee-4a7bbebe5aa1
2024-04-29 10:07:40,267 [0b459a02-f078-4553-b8ee-4a7bbebe5aa1-EndpointStateMachineTaskThread-/0.0.0.0:15536-0 ] INFO  server.RaftServer (RaftServerProxy.java:startImpl(406)) - 0b459a02-f078-4553-b8ee-4a7bbebe5aa1: start RPC server
2024-04-29 10:07:40,268 [0b459a02-f078-4553-b8ee-4a7bbebe5aa1-EndpointStateMachineTaskThread-/0.0.0.0:15536-0 ] INFO  server.GrpcService (GrpcService.java:startImpl(302)) - 0b459a02-f078-4553-b8ee-4a7bbebe5aa1: GrpcService started, listening on 15564
2024-04-29 10:07:40,268 [0b459a02-f078-4553-b8ee-4a7bbebe5aa1-EndpointStateMachineTaskThread-/0.0.0.0:15536-0 ] INFO  server.GrpcService (GrpcService.java:startImpl(302)) - 0b459a02-f078-4553-b8ee-4a7bbebe5aa1: GrpcService started, listening on 15566
2024-04-29 10:07:40,268 [0b459a02-f078-4553-b8ee-4a7bbebe5aa1-EndpointStateMachineTaskThread-/0.0.0.0:15536-0 ] INFO  server.GrpcService (GrpcService.java:startImpl(302)) - 0b459a02-f078-4553-b8ee-4a7bbebe5aa1: GrpcService started, listening on 15565
2024-04-29 10:07:40,268 [0b459a02-f078-4553-b8ee-4a7bbebe5aa1-EndpointStateMachineTaskThread-/0.0.0.0:15536-0 ] INFO  ratis.XceiverServerRatis (XceiverServerRatis.java:getRealPort(592)) - XceiverServerRatis 0b459a02-f078-4553-b8ee-4a7bbebe5aa1 is started using port 15564 for RATIS
2024-04-29 10:07:40,268 [0b459a02-f078-4553-b8ee-4a7bbebe5aa1-EndpointStateMachineTaskThread-/0.0.0.0:15536-0 ] INFO  ratis.XceiverServerRatis (XceiverServerRatis.java:getRealPort(592)) - XceiverServerRatis 0b459a02-f078-4553-b8ee-4a7bbebe5aa1 is started using port 15565 for RATIS_ADMIN
2024-04-29 10:07:40,268 [0b459a02-f078-4553-b8ee-4a7bbebe5aa1-EndpointStateMachineTaskThread-/0.0.0.0:15536-0 ] INFO  ratis.XceiverServerRatis (XceiverServerRatis.java:getRealPort(592)) - XceiverServerRatis 0b459a02-f078-4553-b8ee-4a7bbebe5aa1 is started using port 15566 for RATIS_SERVER
2024-04-29 10:07:40,268 [0b459a02-f078-4553-b8ee-4a7bbebe5aa1-EndpointStateMachineTaskThread-/0.0.0.0:15536-0 ] INFO  ratis.XceiverServerRatis (XceiverServerRatis.java:getRealPort(592)) - XceiverServerRatis 0b459a02-f078-4553-b8ee-4a7bbebe5aa1 is started using port 15567 for RATIS_DATASTREAM
2024-04-29 10:07:40,269 [JvmPauseMonitor70] INFO  util.JvmPauseMonitor (JvmPauseMonitor.java:run(146)) - JvmPauseMonitor-0b459a02-f078-4553-b8ee-4a7bbebe5aa1: Started
2024-04-29 10:07:40,269 [0b459a02-f078-4553-b8ee-4a7bbebe5aa1-BlockDeletingService#0] INFO  interfaces.ContainerDeletionChoosingPolicyTemplate (ContainerDeletionChoosingPolicyTemplate.java:chooseContainerForBlockDeletion(85)) - Chosen 0/5000 blocks from 0 candidate containers.
2024-04-29 10:07:40,307 [57f64e1c-8fe8-4173-a2ca-9d6151488275-EndpointStateMachineTaskThread-/0.0.0.0:15536-0 ] INFO  utils.DatanodeStoreCache (DatanodeStoreCache.java:addDB(72)) - Added db /home/runner/work/ozone/ozone/hadoop-ozone/integration-test/target/test-dir/MiniOzoneClusterImpl-b29d8e3c-9ac1-4bd8-916d-9a49b4a73262/ozone-meta/datanode-4/data-0/hdds/b29d8e3c-9ac1-4bd8-916d-9a49b4a73262/DS-a119d781-bd2f-42f6-ab2b-be2abab09e51/container.db to cache
2024-04-29 10:07:40,308 [57f64e1c-8fe8-4173-a2ca-9d6151488275-EndpointStateMachineTaskThread-/0.0.0.0:15536-0 ] INFO  volume.HddsVolume (HddsVolume.java:createDbStore(437)) - SchemaV3 db is created and loaded at /home/runner/work/ozone/ozone/hadoop-ozone/integration-test/target/test-dir/MiniOzoneClusterImpl-b29d8e3c-9ac1-4bd8-916d-9a49b4a73262/ozone-meta/datanode-4/data-0/hdds/b29d8e3c-9ac1-4bd8-916d-9a49b4a73262/DS-a119d781-bd2f-42f6-ab2b-be2abab09e51/container.db for volume DS-a119d781-bd2f-42f6-ab2b-be2abab09e51
2024-04-29 10:07:40,309 [57f64e1c-8fe8-4173-a2ca-9d6151488275-ContainerReader-0] INFO  ozoneimpl.ContainerReader (ContainerReader.java:readVolume(148)) - Start to verify containers on volume /home/runner/work/ozone/ozone/hadoop-ozone/integration-test/target/test-dir/MiniOzoneClusterImpl-b29d8e3c-9ac1-4bd8-916d-9a49b4a73262/ozone-meta/datanode-4/data-0/hdds
2024-04-29 10:07:40,309 [57f64e1c-8fe8-4173-a2ca-9d6151488275-ContainerReader-0] INFO  ozoneimpl.ContainerReader (ContainerReader.java:readVolume(178)) - Finish verifying containers on volume /home/runner/work/ozone/ozone/hadoop-ozone/integration-test/target/test-dir/MiniOzoneClusterImpl-b29d8e3c-9ac1-4bd8-916d-9a49b4a73262/ozone-meta/datanode-4/data-0/hdds
2024-04-29 10:07:40,309 [57f64e1c-8fe8-4173-a2ca-9d6151488275-EndpointStateMachineTaskThread-/0.0.0.0:15536-0 ] INFO  ozoneimpl.OzoneContainer (OzoneContainer.java:buildContainerSet(328)) - Build ContainerSet costs 0s
2024-04-29 10:07:40,310 [57f64e1c-8fe8-4173-a2ca-9d6151488275-EndpointStateMachineTaskThread-/0.0.0.0:15536-0 ] INFO  volume.ThrottledAsyncChecker (ThrottledAsyncChecker.java:schedule(141)) - Scheduling a check for /home/runner/work/ozone/ozone/hadoop-ozone/integration-test/target/test-dir/MiniOzoneClusterImpl-b29d8e3c-9ac1-4bd8-916d-9a49b4a73262/ozone-meta/datanode-4/data-0/hdds
2024-04-29 10:07:40,310 [57f64e1c-8fe8-4173-a2ca-9d6151488275-EndpointStateMachineTaskThread-/0.0.0.0:15536-0 ] INFO  volume.StorageVolumeChecker (StorageVolumeChecker.java:checkAllVolumes(218)) - Scheduled health check for volume /home/runner/work/ozone/ozone/hadoop-ozone/integration-test/target/test-dir/MiniOzoneClusterImpl-b29d8e3c-9ac1-4bd8-916d-9a49b4a73262/ozone-meta/datanode-4/data-0/hdds
2024-04-29 10:07:40,311 [57f64e1c-8fe8-4173-a2ca-9d6151488275-EndpointStateMachineTaskThread-/0.0.0.0:15536-0 ] INFO  volume.ThrottledAsyncChecker (ThrottledAsyncChecker.java:schedule(141)) - Scheduling a check for /home/runner/work/ozone/ozone/hadoop-ozone/integration-test/target/test-dir/MiniOzoneClusterImpl-b29d8e3c-9ac1-4bd8-916d-9a49b4a73262/ozone-meta/datanode-4/ratis
2024-04-29 10:07:40,311 [57f64e1c-8fe8-4173-a2ca-9d6151488275-EndpointStateMachineTaskThread-/0.0.0.0:15536-0 ] INFO  volume.StorageVolumeChecker (StorageVolumeChecker.java:checkAllVolumes(218)) - Scheduled health check for volume /home/runner/work/ozone/ozone/hadoop-ozone/integration-test/target/test-dir/MiniOzoneClusterImpl-b29d8e3c-9ac1-4bd8-916d-9a49b4a73262/ozone-meta/datanode-4/ratis
2024-04-29 10:07:40,314 [57f64e1c-8fe8-4173-a2ca-9d6151488275-EndpointStateMachineTaskThread-/0.0.0.0:15536-0 ] INFO  ozoneimpl.OzoneContainer (OzoneContainer.java:start(459)) - Attempting to start container services.
2024-04-29 10:07:40,315 [57f64e1c-8fe8-4173-a2ca-9d6151488275-EndpointStateMachineTaskThread-/0.0.0.0:15536-0 ] WARN  ozoneimpl.OnDemandContainerDataScanner (OnDemandContainerDataScanner.java:init(75)) - Trying to initialize on demand scanner a second time on a datanode.
2024-04-29 10:07:40,315 [ContainerMetadataScanner] INFO  ozoneimpl.AbstractBackgroundContainerScanner (AbstractBackgroundContainerScanner.java:runIteration(87)) - Completed an iteration in 0 minutes. Number of iterations (since the data-node restart) : 1, Number of containers scanned in this iteration : 0, Number of unhealthy containers found in this iteration : 0
2024-04-29 10:07:40,315 [57f64e1c-8fe8-4173-a2ca-9d6151488275-EndpointStateMachineTaskThread-/0.0.0.0:15536-0 ] INFO  replication.ReplicationServer (ReplicationServer.java:start(142)) - ReplicationServer is started using port 15577
2024-04-29 10:07:40,315 [ContainerDataScanner(/home/runner/work/ozone/ozone/hadoop-ozone/integration-test/target/test-dir/MiniOzoneClusterImpl-b29d8e3c-9ac1-4bd8-916d-9a49b4a73262/ozone-meta/datanode-4/data-0/hdds)] INFO  ozoneimpl.AbstractBackgroundContainerScanner (AbstractBackgroundContainerScanner.java:runIteration(87)) - Completed an iteration in 0 minutes. Number of iterations (since the data-node restart) : 1, Number of containers scanned in this iteration : 0, Number of unhealthy containers found in this iteration : 0
2024-04-29 10:07:40,315 [57f64e1c-8fe8-4173-a2ca-9d6151488275-EndpointStateMachineTaskThread-/0.0.0.0:15536-0 ] INFO  ratis.XceiverServerRatis (XceiverServerRatis.java:start(566)) - Starting XceiverServerRatis 57f64e1c-8fe8-4173-a2ca-9d6151488275
2024-04-29 10:07:40,316 [57f64e1c-8fe8-4173-a2ca-9d6151488275-EndpointStateMachineTaskThread-/0.0.0.0:15536-0 ] INFO  server.RaftServer (RaftServerProxy.java:startImpl(406)) - 57f64e1c-8fe8-4173-a2ca-9d6151488275: start RPC server
2024-04-29 10:07:40,317 [57f64e1c-8fe8-4173-a2ca-9d6151488275-EndpointStateMachineTaskThread-/0.0.0.0:15536-0 ] INFO  server.GrpcService (GrpcService.java:startImpl(302)) - 57f64e1c-8fe8-4173-a2ca-9d6151488275: GrpcService started, listening on 15573
2024-04-29 10:07:40,317 [57f64e1c-8fe8-4173-a2ca-9d6151488275-EndpointStateMachineTaskThread-/0.0.0.0:15536-0 ] INFO  server.GrpcService (GrpcService.java:startImpl(302)) - 57f64e1c-8fe8-4173-a2ca-9d6151488275: GrpcService started, listening on 15575
2024-04-29 10:07:40,317 [57f64e1c-8fe8-4173-a2ca-9d6151488275-EndpointStateMachineTaskThread-/0.0.0.0:15536-0 ] INFO  server.GrpcService (GrpcService.java:startImpl(302)) - 57f64e1c-8fe8-4173-a2ca-9d6151488275: GrpcService started, listening on 15574
2024-04-29 10:07:40,317 [57f64e1c-8fe8-4173-a2ca-9d6151488275-EndpointStateMachineTaskThread-/0.0.0.0:15536-0 ] INFO  ratis.XceiverServerRatis (XceiverServerRatis.java:getRealPort(592)) - XceiverServerRatis 57f64e1c-8fe8-4173-a2ca-9d6151488275 is started using port 15573 for RATIS
2024-04-29 10:07:40,317 [JvmPauseMonitor71] INFO  util.JvmPauseMonitor (JvmPauseMonitor.java:run(146)) - JvmPauseMonitor-57f64e1c-8fe8-4173-a2ca-9d6151488275: Started
2024-04-29 10:07:40,317 [57f64e1c-8fe8-4173-a2ca-9d6151488275-EndpointStateMachineTaskThread-/0.0.0.0:15536-0 ] INFO  ratis.XceiverServerRatis (XceiverServerRatis.java:getRealPort(592)) - XceiverServerRatis 57f64e1c-8fe8-4173-a2ca-9d6151488275 is started using port 15574 for RATIS_ADMIN
2024-04-29 10:07:40,317 [57f64e1c-8fe8-4173-a2ca-9d6151488275-EndpointStateMachineTaskThread-/0.0.0.0:15536-0 ] INFO  ratis.XceiverServerRatis (XceiverServerRatis.java:getRealPort(592)) - XceiverServerRatis 57f64e1c-8fe8-4173-a2ca-9d6151488275 is started using port 15575 for RATIS_SERVER
2024-04-29 10:07:40,317 [57f64e1c-8fe8-4173-a2ca-9d6151488275-EndpointStateMachineTaskThread-/0.0.0.0:15536-0 ] INFO  ratis.XceiverServerRatis (XceiverServerRatis.java:getRealPort(592)) - XceiverServerRatis 57f64e1c-8fe8-4173-a2ca-9d6151488275 is started using port 15576 for RATIS_DATASTREAM
2024-04-29 10:07:40,318 [57f64e1c-8fe8-4173-a2ca-9d6151488275-BlockDeletingService#0] INFO  interfaces.ContainerDeletionChoosingPolicyTemplate (ContainerDeletionChoosingPolicyTemplate.java:chooseContainerForBlockDeletion(85)) - Chosen 0/5000 blocks from 0 candidate containers.
2024-04-29 10:07:40,357 [e3a225ff-43b2-4083-b986-b10dee5980c8-EndpointStateMachineTaskThread-/0.0.0.0:15536-0 ] INFO  utils.DatanodeStoreCache (DatanodeStoreCache.java:addDB(72)) - Added db /home/runner/work/ozone/ozone/hadoop-ozone/integration-test/target/test-dir/MiniOzoneClusterImpl-b29d8e3c-9ac1-4bd8-916d-9a49b4a73262/ozone-meta/datanode-5/data-0/hdds/b29d8e3c-9ac1-4bd8-916d-9a49b4a73262/DS-092fafa3-12a1-4cfb-9464-a70c8eef549b/container.db to cache
2024-04-29 10:07:40,357 [e3a225ff-43b2-4083-b986-b10dee5980c8-EndpointStateMachineTaskThread-/0.0.0.0:15536-0 ] INFO  volume.HddsVolume (HddsVolume.java:createDbStore(437)) - SchemaV3 db is created and loaded at /home/runner/work/ozone/ozone/hadoop-ozone/integration-test/target/test-dir/MiniOzoneClusterImpl-b29d8e3c-9ac1-4bd8-916d-9a49b4a73262/ozone-meta/datanode-5/data-0/hdds/b29d8e3c-9ac1-4bd8-916d-9a49b4a73262/DS-092fafa3-12a1-4cfb-9464-a70c8eef549b/container.db for volume DS-092fafa3-12a1-4cfb-9464-a70c8eef549b
2024-04-29 10:07:40,359 [e3a225ff-43b2-4083-b986-b10dee5980c8-ContainerReader-0] INFO  ozoneimpl.ContainerReader (ContainerReader.java:readVolume(148)) - Start to verify containers on volume /home/runner/work/ozone/ozone/hadoop-ozone/integration-test/target/test-dir/MiniOzoneClusterImpl-b29d8e3c-9ac1-4bd8-916d-9a49b4a73262/ozone-meta/datanode-5/data-0/hdds
2024-04-29 10:07:40,359 [e3a225ff-43b2-4083-b986-b10dee5980c8-ContainerReader-0] INFO  ozoneimpl.ContainerReader (ContainerReader.java:readVolume(178)) - Finish verifying containers on volume /home/runner/work/ozone/ozone/hadoop-ozone/integration-test/target/test-dir/MiniOzoneClusterImpl-b29d8e3c-9ac1-4bd8-916d-9a49b4a73262/ozone-meta/datanode-5/data-0/hdds
2024-04-29 10:07:40,359 [e3a225ff-43b2-4083-b986-b10dee5980c8-EndpointStateMachineTaskThread-/0.0.0.0:15536-0 ] INFO  ozoneimpl.OzoneContainer (OzoneContainer.java:buildContainerSet(328)) - Build ContainerSet costs 0s
2024-04-29 10:07:40,359 [e3a225ff-43b2-4083-b986-b10dee5980c8-EndpointStateMachineTaskThread-/0.0.0.0:15536-0 ] INFO  volume.ThrottledAsyncChecker (ThrottledAsyncChecker.java:schedule(141)) - Scheduling a check for /home/runner/work/ozone/ozone/hadoop-ozone/integration-test/target/test-dir/MiniOzoneClusterImpl-b29d8e3c-9ac1-4bd8-916d-9a49b4a73262/ozone-meta/datanode-5/data-0/hdds
2024-04-29 10:07:40,359 [e3a225ff-43b2-4083-b986-b10dee5980c8-EndpointStateMachineTaskThread-/0.0.0.0:15536-0 ] INFO  volume.StorageVolumeChecker (StorageVolumeChecker.java:checkAllVolumes(218)) - Scheduled health check for volume /home/runner/work/ozone/ozone/hadoop-ozone/integration-test/target/test-dir/MiniOzoneClusterImpl-b29d8e3c-9ac1-4bd8-916d-9a49b4a73262/ozone-meta/datanode-5/data-0/hdds
2024-04-29 10:07:40,360 [e3a225ff-43b2-4083-b986-b10dee5980c8-EndpointStateMachineTaskThread-/0.0.0.0:15536-0 ] INFO  volume.ThrottledAsyncChecker (ThrottledAsyncChecker.java:schedule(141)) - Scheduling a check for /home/runner/work/ozone/ozone/hadoop-ozone/integration-test/target/test-dir/MiniOzoneClusterImpl-b29d8e3c-9ac1-4bd8-916d-9a49b4a73262/ozone-meta/datanode-5/ratis
2024-04-29 10:07:40,360 [e3a225ff-43b2-4083-b986-b10dee5980c8-EndpointStateMachineTaskThread-/0.0.0.0:15536-0 ] INFO  volume.StorageVolumeChecker (StorageVolumeChecker.java:checkAllVolumes(218)) - Scheduled health check for volume /home/runner/work/ozone/ozone/hadoop-ozone/integration-test/target/test-dir/MiniOzoneClusterImpl-b29d8e3c-9ac1-4bd8-916d-9a49b4a73262/ozone-meta/datanode-5/ratis
2024-04-29 10:07:40,361 [e3a225ff-43b2-4083-b986-b10dee5980c8-EndpointStateMachineTaskThread-/0.0.0.0:15536-0 ] INFO  ozoneimpl.OzoneContainer (OzoneContainer.java:start(459)) - Attempting to start container services.
2024-04-29 10:07:40,361 [e3a225ff-43b2-4083-b986-b10dee5980c8-EndpointStateMachineTaskThread-/0.0.0.0:15536-0 ] WARN  ozoneimpl.OnDemandContainerDataScanner (OnDemandContainerDataScanner.java:init(75)) - Trying to initialize on demand scanner a second time on a datanode.
2024-04-29 10:07:40,361 [ContainerMetadataScanner] INFO  ozoneimpl.AbstractBackgroundContainerScanner (AbstractBackgroundContainerScanner.java:runIteration(87)) - Completed an iteration in 0 minutes. Number of iterations (since the data-node restart) : 1, Number of containers scanned in this iteration : 0, Number of unhealthy containers found in this iteration : 0
2024-04-29 10:07:40,362 [ContainerDataScanner(/home/runner/work/ozone/ozone/hadoop-ozone/integration-test/target/test-dir/MiniOzoneClusterImpl-b29d8e3c-9ac1-4bd8-916d-9a49b4a73262/ozone-meta/datanode-5/data-0/hdds)] INFO  ozoneimpl.AbstractBackgroundContainerScanner (AbstractBackgroundContainerScanner.java:runIteration(87)) - Completed an iteration in 0 minutes. Number of iterations (since the data-node restart) : 1, Number of containers scanned in this iteration : 0, Number of unhealthy containers found in this iteration : 0
2024-04-29 10:07:40,362 [e3a225ff-43b2-4083-b986-b10dee5980c8-EndpointStateMachineTaskThread-/0.0.0.0:15536-0 ] INFO  replication.ReplicationServer (ReplicationServer.java:start(142)) - ReplicationServer is started using port 15586
2024-04-29 10:07:40,362 [e3a225ff-43b2-4083-b986-b10dee5980c8-EndpointStateMachineTaskThread-/0.0.0.0:15536-0 ] INFO  ratis.XceiverServerRatis (XceiverServerRatis.java:start(566)) - Starting XceiverServerRatis e3a225ff-43b2-4083-b986-b10dee5980c8
2024-04-29 10:07:40,362 [e3a225ff-43b2-4083-b986-b10dee5980c8-EndpointStateMachineTaskThread-/0.0.0.0:15536-0 ] INFO  server.RaftServer (RaftServerProxy.java:startImpl(406)) - e3a225ff-43b2-4083-b986-b10dee5980c8: start RPC server
2024-04-29 10:07:40,363 [e3a225ff-43b2-4083-b986-b10dee5980c8-EndpointStateMachineTaskThread-/0.0.0.0:15536-0 ] INFO  server.GrpcService (GrpcService.java:startImpl(302)) - e3a225ff-43b2-4083-b986-b10dee5980c8: GrpcService started, listening on 15582
2024-04-29 10:07:40,363 [e3a225ff-43b2-4083-b986-b10dee5980c8-EndpointStateMachineTaskThread-/0.0.0.0:15536-0 ] INFO  server.GrpcService (GrpcService.java:startImpl(302)) - e3a225ff-43b2-4083-b986-b10dee5980c8: GrpcService started, listening on 15584
2024-04-29 10:07:40,363 [e3a225ff-43b2-4083-b986-b10dee5980c8-EndpointStateMachineTaskThread-/0.0.0.0:15536-0 ] INFO  server.GrpcService (GrpcService.java:startImpl(302)) - e3a225ff-43b2-4083-b986-b10dee5980c8: GrpcService started, listening on 15583
2024-04-29 10:07:40,363 [e3a225ff-43b2-4083-b986-b10dee5980c8-EndpointStateMachineTaskThread-/0.0.0.0:15536-0 ] INFO  ratis.XceiverServerRatis (XceiverServerRatis.java:getRealPort(592)) - XceiverServerRatis e3a225ff-43b2-4083-b986-b10dee5980c8 is started using port 15582 for RATIS
2024-04-29 10:07:40,363 [e3a225ff-43b2-4083-b986-b10dee5980c8-EndpointStateMachineTaskThread-/0.0.0.0:15536-0 ] INFO  ratis.XceiverServerRatis (XceiverServerRatis.java:getRealPort(592)) - XceiverServerRatis e3a225ff-43b2-4083-b986-b10dee5980c8 is started using port 15583 for RATIS_ADMIN
2024-04-29 10:07:40,363 [e3a225ff-43b2-4083-b986-b10dee5980c8-EndpointStateMachineTaskThread-/0.0.0.0:15536-0 ] INFO  ratis.XceiverServerRatis (XceiverServerRatis.java:getRealPort(592)) - XceiverServerRatis e3a225ff-43b2-4083-b986-b10dee5980c8 is started using port 15584 for RATIS_SERVER
2024-04-29 10:07:40,363 [e3a225ff-43b2-4083-b986-b10dee5980c8-EndpointStateMachineTaskThread-/0.0.0.0:15536-0 ] INFO  ratis.XceiverServerRatis (XceiverServerRatis.java:getRealPort(592)) - XceiverServerRatis e3a225ff-43b2-4083-b986-b10dee5980c8 is started using port 15585 for RATIS_DATASTREAM
2024-04-29 10:07:40,363 [JvmPauseMonitor72] INFO  util.JvmPauseMonitor (JvmPauseMonitor.java:run(146)) - JvmPauseMonitor-e3a225ff-43b2-4083-b986-b10dee5980c8: Started
2024-04-29 10:07:40,364 [e3a225ff-43b2-4083-b986-b10dee5980c8-BlockDeletingService#0] INFO  interfaces.ContainerDeletionChoosingPolicyTemplate (ContainerDeletionChoosingPolicyTemplate.java:chooseContainerForBlockDeletion(85)) - Chosen 0/5000 blocks from 0 candidate containers.
2024-04-29 10:07:40,406 [55a78779-2920-4695-be09-c247c8260b05-EndpointStateMachineTaskThread-/0.0.0.0:15536-0 ] INFO  utils.DatanodeStoreCache (DatanodeStoreCache.java:addDB(72)) - Added db /home/runner/work/ozone/ozone/hadoop-ozone/integration-test/target/test-dir/MiniOzoneClusterImpl-b29d8e3c-9ac1-4bd8-916d-9a49b4a73262/ozone-meta/datanode-6/data-0/hdds/b29d8e3c-9ac1-4bd8-916d-9a49b4a73262/DS-2c7008e5-e9fd-4a76-bf19-8a67c618eb1d/container.db to cache
2024-04-29 10:07:40,406 [55a78779-2920-4695-be09-c247c8260b05-EndpointStateMachineTaskThread-/0.0.0.0:15536-0 ] INFO  volume.HddsVolume (HddsVolume.java:createDbStore(437)) - SchemaV3 db is created and loaded at /home/runner/work/ozone/ozone/hadoop-ozone/integration-test/target/test-dir/MiniOzoneClusterImpl-b29d8e3c-9ac1-4bd8-916d-9a49b4a73262/ozone-meta/datanode-6/data-0/hdds/b29d8e3c-9ac1-4bd8-916d-9a49b4a73262/DS-2c7008e5-e9fd-4a76-bf19-8a67c618eb1d/container.db for volume DS-2c7008e5-e9fd-4a76-bf19-8a67c618eb1d
2024-04-29 10:07:40,408 [55a78779-2920-4695-be09-c247c8260b05-ContainerReader-0] INFO  ozoneimpl.ContainerReader (ContainerReader.java:readVolume(148)) - Start to verify containers on volume /home/runner/work/ozone/ozone/hadoop-ozone/integration-test/target/test-dir/MiniOzoneClusterImpl-b29d8e3c-9ac1-4bd8-916d-9a49b4a73262/ozone-meta/datanode-6/data-0/hdds
2024-04-29 10:07:40,408 [55a78779-2920-4695-be09-c247c8260b05-ContainerReader-0] INFO  ozoneimpl.ContainerReader (ContainerReader.java:readVolume(178)) - Finish verifying containers on volume /home/runner/work/ozone/ozone/hadoop-ozone/integration-test/target/test-dir/MiniOzoneClusterImpl-b29d8e3c-9ac1-4bd8-916d-9a49b4a73262/ozone-meta/datanode-6/data-0/hdds
2024-04-29 10:07:40,408 [55a78779-2920-4695-be09-c247c8260b05-EndpointStateMachineTaskThread-/0.0.0.0:15536-0 ] INFO  ozoneimpl.OzoneContainer (OzoneContainer.java:buildContainerSet(328)) - Build ContainerSet costs 0s
2024-04-29 10:07:40,408 [55a78779-2920-4695-be09-c247c8260b05-EndpointStateMachineTaskThread-/0.0.0.0:15536-0 ] INFO  volume.ThrottledAsyncChecker (ThrottledAsyncChecker.java:schedule(141)) - Scheduling a check for /home/runner/work/ozone/ozone/hadoop-ozone/integration-test/target/test-dir/MiniOzoneClusterImpl-b29d8e3c-9ac1-4bd8-916d-9a49b4a73262/ozone-meta/datanode-6/data-0/hdds
2024-04-29 10:07:40,408 [55a78779-2920-4695-be09-c247c8260b05-EndpointStateMachineTaskThread-/0.0.0.0:15536-0 ] INFO  volume.StorageVolumeChecker (StorageVolumeChecker.java:checkAllVolumes(218)) - Scheduled health check for volume /home/runner/work/ozone/ozone/hadoop-ozone/integration-test/target/test-dir/MiniOzoneClusterImpl-b29d8e3c-9ac1-4bd8-916d-9a49b4a73262/ozone-meta/datanode-6/data-0/hdds
2024-04-29 10:07:40,409 [55a78779-2920-4695-be09-c247c8260b05-EndpointStateMachineTaskThread-/0.0.0.0:15536-0 ] INFO  volume.ThrottledAsyncChecker (ThrottledAsyncChecker.java:schedule(141)) - Scheduling a check for /home/runner/work/ozone/ozone/hadoop-ozone/integration-test/target/test-dir/MiniOzoneClusterImpl-b29d8e3c-9ac1-4bd8-916d-9a49b4a73262/ozone-meta/datanode-6/ratis
2024-04-29 10:07:40,409 [55a78779-2920-4695-be09-c247c8260b05-EndpointStateMachineTaskThread-/0.0.0.0:15536-0 ] INFO  volume.StorageVolumeChecker (StorageVolumeChecker.java:checkAllVolumes(218)) - Scheduled health check for volume /home/runner/work/ozone/ozone/hadoop-ozone/integration-test/target/test-dir/MiniOzoneClusterImpl-b29d8e3c-9ac1-4bd8-916d-9a49b4a73262/ozone-meta/datanode-6/ratis
2024-04-29 10:07:40,410 [55a78779-2920-4695-be09-c247c8260b05-EndpointStateMachineTaskThread-/0.0.0.0:15536-0 ] INFO  ozoneimpl.OzoneContainer (OzoneContainer.java:start(459)) - Attempting to start container services.
2024-04-29 10:07:40,410 [55a78779-2920-4695-be09-c247c8260b05-EndpointStateMachineTaskThread-/0.0.0.0:15536-0 ] WARN  ozoneimpl.OnDemandContainerDataScanner (OnDemandContainerDataScanner.java:init(75)) - Trying to initialize on demand scanner a second time on a datanode.
2024-04-29 10:07:40,410 [ContainerMetadataScanner] INFO  ozoneimpl.AbstractBackgroundContainerScanner (AbstractBackgroundContainerScanner.java:runIteration(87)) - Completed an iteration in 0 minutes. Number of iterations (since the data-node restart) : 1, Number of containers scanned in this iteration : 0, Number of unhealthy containers found in this iteration : 0
2024-04-29 10:07:40,411 [ContainerDataScanner(/home/runner/work/ozone/ozone/hadoop-ozone/integration-test/target/test-dir/MiniOzoneClusterImpl-b29d8e3c-9ac1-4bd8-916d-9a49b4a73262/ozone-meta/datanode-6/data-0/hdds)] INFO  ozoneimpl.AbstractBackgroundContainerScanner (AbstractBackgroundContainerScanner.java:runIteration(87)) - Completed an iteration in 0 minutes. Number of iterations (since the data-node restart) : 1, Number of containers scanned in this iteration : 0, Number of unhealthy containers found in this iteration : 0
2024-04-29 10:07:40,411 [55a78779-2920-4695-be09-c247c8260b05-EndpointStateMachineTaskThread-/0.0.0.0:15536-0 ] INFO  replication.ReplicationServer (ReplicationServer.java:start(142)) - ReplicationServer is started using port 15595
2024-04-29 10:07:40,411 [55a78779-2920-4695-be09-c247c8260b05-EndpointStateMachineTaskThread-/0.0.0.0:15536-0 ] INFO  ratis.XceiverServerRatis (XceiverServerRatis.java:start(566)) - Starting XceiverServerRatis 55a78779-2920-4695-be09-c247c8260b05
2024-04-29 10:07:40,411 [55a78779-2920-4695-be09-c247c8260b05-EndpointStateMachineTaskThread-/0.0.0.0:15536-0 ] INFO  server.RaftServer (RaftServerProxy.java:startImpl(406)) - 55a78779-2920-4695-be09-c247c8260b05: start RPC server
2024-04-29 10:07:40,412 [55a78779-2920-4695-be09-c247c8260b05-EndpointStateMachineTaskThread-/0.0.0.0:15536-0 ] INFO  server.GrpcService (GrpcService.java:startImpl(302)) - 55a78779-2920-4695-be09-c247c8260b05: GrpcService started, listening on 15591
2024-04-29 10:07:40,412 [55a78779-2920-4695-be09-c247c8260b05-EndpointStateMachineTaskThread-/0.0.0.0:15536-0 ] INFO  server.GrpcService (GrpcService.java:startImpl(302)) - 55a78779-2920-4695-be09-c247c8260b05: GrpcService started, listening on 15593
2024-04-29 10:07:40,412 [55a78779-2920-4695-be09-c247c8260b05-EndpointStateMachineTaskThread-/0.0.0.0:15536-0 ] INFO  server.GrpcService (GrpcService.java:startImpl(302)) - 55a78779-2920-4695-be09-c247c8260b05: GrpcService started, listening on 15592
2024-04-29 10:07:40,412 [55a78779-2920-4695-be09-c247c8260b05-EndpointStateMachineTaskThread-/0.0.0.0:15536-0 ] INFO  ratis.XceiverServerRatis (XceiverServerRatis.java:getRealPort(592)) - XceiverServerRatis 55a78779-2920-4695-be09-c247c8260b05 is started using port 15591 for RATIS
2024-04-29 10:07:40,412 [JvmPauseMonitor73] INFO  util.JvmPauseMonitor (JvmPauseMonitor.java:run(146)) - JvmPauseMonitor-55a78779-2920-4695-be09-c247c8260b05: Started
2024-04-29 10:07:40,412 [55a78779-2920-4695-be09-c247c8260b05-EndpointStateMachineTaskThread-/0.0.0.0:15536-0 ] INFO  ratis.XceiverServerRatis (XceiverServerRatis.java:getRealPort(592)) - XceiverServerRatis 55a78779-2920-4695-be09-c247c8260b05 is started using port 15592 for RATIS_ADMIN
2024-04-29 10:07:40,412 [55a78779-2920-4695-be09-c247c8260b05-EndpointStateMachineTaskThread-/0.0.0.0:15536-0 ] INFO  ratis.XceiverServerRatis (XceiverServerRatis.java:getRealPort(592)) - XceiverServerRatis 55a78779-2920-4695-be09-c247c8260b05 is started using port 15593 for RATIS_SERVER
2024-04-29 10:07:40,412 [55a78779-2920-4695-be09-c247c8260b05-EndpointStateMachineTaskThread-/0.0.0.0:15536-0 ] INFO  ratis.XceiverServerRatis (XceiverServerRatis.java:getRealPort(592)) - XceiverServerRatis 55a78779-2920-4695-be09-c247c8260b05 is started using port 15594 for RATIS_DATASTREAM
2024-04-29 10:07:40,413 [55a78779-2920-4695-be09-c247c8260b05-BlockDeletingService#0] INFO  interfaces.ContainerDeletionChoosingPolicyTemplate (ContainerDeletionChoosingPolicyTemplate.java:chooseContainerForBlockDeletion(85)) - Chosen 0/5000 blocks from 0 candidate containers.
2024-04-29 10:07:40,470 [d62b1b2a-c9ad-4d76-9b36-24bd1a5a2aa1-EndpointStateMachineTaskThread-/0.0.0.0:15536-0 ] INFO  utils.DatanodeStoreCache (DatanodeStoreCache.java:addDB(72)) - Added db /home/runner/work/ozone/ozone/hadoop-ozone/integration-test/target/test-dir/MiniOzoneClusterImpl-b29d8e3c-9ac1-4bd8-916d-9a49b4a73262/ozone-meta/datanode-7/data-0/hdds/b29d8e3c-9ac1-4bd8-916d-9a49b4a73262/DS-67f93884-5d3d-4211-9a22-d3f6d2c9da22/container.db to cache
2024-04-29 10:07:40,470 [d62b1b2a-c9ad-4d76-9b36-24bd1a5a2aa1-EndpointStateMachineTaskThread-/0.0.0.0:15536-0 ] INFO  volume.HddsVolume (HddsVolume.java:createDbStore(437)) - SchemaV3 db is created and loaded at /home/runner/work/ozone/ozone/hadoop-ozone/integration-test/target/test-dir/MiniOzoneClusterImpl-b29d8e3c-9ac1-4bd8-916d-9a49b4a73262/ozone-meta/datanode-7/data-0/hdds/b29d8e3c-9ac1-4bd8-916d-9a49b4a73262/DS-67f93884-5d3d-4211-9a22-d3f6d2c9da22/container.db for volume DS-67f93884-5d3d-4211-9a22-d3f6d2c9da22
2024-04-29 10:07:40,471 [d62b1b2a-c9ad-4d76-9b36-24bd1a5a2aa1-ContainerReader-0] INFO  ozoneimpl.ContainerReader (ContainerReader.java:readVolume(148)) - Start to verify containers on volume /home/runner/work/ozone/ozone/hadoop-ozone/integration-test/target/test-dir/MiniOzoneClusterImpl-b29d8e3c-9ac1-4bd8-916d-9a49b4a73262/ozone-meta/datanode-7/data-0/hdds
2024-04-29 10:07:40,472 [d62b1b2a-c9ad-4d76-9b36-24bd1a5a2aa1-ContainerReader-0] INFO  ozoneimpl.ContainerReader (ContainerReader.java:readVolume(178)) - Finish verifying containers on volume /home/runner/work/ozone/ozone/hadoop-ozone/integration-test/target/test-dir/MiniOzoneClusterImpl-b29d8e3c-9ac1-4bd8-916d-9a49b4a73262/ozone-meta/datanode-7/data-0/hdds
2024-04-29 10:07:40,472 [d62b1b2a-c9ad-4d76-9b36-24bd1a5a2aa1-EndpointStateMachineTaskThread-/0.0.0.0:15536-0 ] INFO  ozoneimpl.OzoneContainer (OzoneContainer.java:buildContainerSet(328)) - Build ContainerSet costs 0s
2024-04-29 10:07:40,472 [d62b1b2a-c9ad-4d76-9b36-24bd1a5a2aa1-EndpointStateMachineTaskThread-/0.0.0.0:15536-0 ] INFO  volume.ThrottledAsyncChecker (ThrottledAsyncChecker.java:schedule(141)) - Scheduling a check for /home/runner/work/ozone/ozone/hadoop-ozone/integration-test/target/test-dir/MiniOzoneClusterImpl-b29d8e3c-9ac1-4bd8-916d-9a49b4a73262/ozone-meta/datanode-7/data-0/hdds
2024-04-29 10:07:40,472 [d62b1b2a-c9ad-4d76-9b36-24bd1a5a2aa1-EndpointStateMachineTaskThread-/0.0.0.0:15536-0 ] INFO  volume.StorageVolumeChecker (StorageVolumeChecker.java:checkAllVolumes(218)) - Scheduled health check for volume /home/runner/work/ozone/ozone/hadoop-ozone/integration-test/target/test-dir/MiniOzoneClusterImpl-b29d8e3c-9ac1-4bd8-916d-9a49b4a73262/ozone-meta/datanode-7/data-0/hdds
2024-04-29 10:07:40,473 [d62b1b2a-c9ad-4d76-9b36-24bd1a5a2aa1-EndpointStateMachineTaskThread-/0.0.0.0:15536-0 ] INFO  volume.ThrottledAsyncChecker (ThrottledAsyncChecker.java:schedule(141)) - Scheduling a check for /home/runner/work/ozone/ozone/hadoop-ozone/integration-test/target/test-dir/MiniOzoneClusterImpl-b29d8e3c-9ac1-4bd8-916d-9a49b4a73262/ozone-meta/datanode-7/ratis
2024-04-29 10:07:40,473 [d62b1b2a-c9ad-4d76-9b36-24bd1a5a2aa1-EndpointStateMachineTaskThread-/0.0.0.0:15536-0 ] INFO  volume.StorageVolumeChecker (StorageVolumeChecker.java:checkAllVolumes(218)) - Scheduled health check for volume /home/runner/work/ozone/ozone/hadoop-ozone/integration-test/target/test-dir/MiniOzoneClusterImpl-b29d8e3c-9ac1-4bd8-916d-9a49b4a73262/ozone-meta/datanode-7/ratis
2024-04-29 10:07:40,474 [d62b1b2a-c9ad-4d76-9b36-24bd1a5a2aa1-EndpointStateMachineTaskThread-/0.0.0.0:15536-0 ] INFO  ozoneimpl.OzoneContainer (OzoneContainer.java:start(459)) - Attempting to start container services.
2024-04-29 10:07:40,474 [d62b1b2a-c9ad-4d76-9b36-24bd1a5a2aa1-EndpointStateMachineTaskThread-/0.0.0.0:15536-0 ] WARN  ozoneimpl.OnDemandContainerDataScanner (OnDemandContainerDataScanner.java:init(75)) - Trying to initialize on demand scanner a second time on a datanode.
2024-04-29 10:07:40,475 [ContainerMetadataScanner] INFO  ozoneimpl.AbstractBackgroundContainerScanner (AbstractBackgroundContainerScanner.java:runIteration(87)) - Completed an iteration in 0 minutes. Number of iterations (since the data-node restart) : 1, Number of containers scanned in this iteration : 0, Number of unhealthy containers found in this iteration : 0
2024-04-29 10:07:40,475 [ContainerDataScanner(/home/runner/work/ozone/ozone/hadoop-ozone/integration-test/target/test-dir/MiniOzoneClusterImpl-b29d8e3c-9ac1-4bd8-916d-9a49b4a73262/ozone-meta/datanode-7/data-0/hdds)] INFO  ozoneimpl.AbstractBackgroundContainerScanner (AbstractBackgroundContainerScanner.java:runIteration(87)) - Completed an iteration in 0 minutes. Number of iterations (since the data-node restart) : 1, Number of containers scanned in this iteration : 0, Number of unhealthy containers found in this iteration : 0
2024-04-29 10:07:40,475 [d62b1b2a-c9ad-4d76-9b36-24bd1a5a2aa1-EndpointStateMachineTaskThread-/0.0.0.0:15536-0 ] INFO  replication.ReplicationServer (ReplicationServer.java:start(142)) - ReplicationServer is started using port 15604
2024-04-29 10:07:40,475 [d62b1b2a-c9ad-4d76-9b36-24bd1a5a2aa1-EndpointStateMachineTaskThread-/0.0.0.0:15536-0 ] INFO  ratis.XceiverServerRatis (XceiverServerRatis.java:start(566)) - Starting XceiverServerRatis d62b1b2a-c9ad-4d76-9b36-24bd1a5a2aa1
2024-04-29 10:07:40,475 [d62b1b2a-c9ad-4d76-9b36-24bd1a5a2aa1-EndpointStateMachineTaskThread-/0.0.0.0:15536-0 ] INFO  server.RaftServer (RaftServerProxy.java:startImpl(406)) - d62b1b2a-c9ad-4d76-9b36-24bd1a5a2aa1: start RPC server
2024-04-29 10:07:40,476 [d62b1b2a-c9ad-4d76-9b36-24bd1a5a2aa1-EndpointStateMachineTaskThread-/0.0.0.0:15536-0 ] INFO  server.GrpcService (GrpcService.java:startImpl(302)) - d62b1b2a-c9ad-4d76-9b36-24bd1a5a2aa1: GrpcService started, listening on 15600
2024-04-29 10:07:40,476 [d62b1b2a-c9ad-4d76-9b36-24bd1a5a2aa1-EndpointStateMachineTaskThread-/0.0.0.0:15536-0 ] INFO  server.GrpcService (GrpcService.java:startImpl(302)) - d62b1b2a-c9ad-4d76-9b36-24bd1a5a2aa1: GrpcService started, listening on 15602
2024-04-29 10:07:40,476 [d62b1b2a-c9ad-4d76-9b36-24bd1a5a2aa1-EndpointStateMachineTaskThread-/0.0.0.0:15536-0 ] INFO  server.GrpcService (GrpcService.java:startImpl(302)) - d62b1b2a-c9ad-4d76-9b36-24bd1a5a2aa1: GrpcService started, listening on 15601
2024-04-29 10:07:40,476 [d62b1b2a-c9ad-4d76-9b36-24bd1a5a2aa1-EndpointStateMachineTaskThread-/0.0.0.0:15536-0 ] INFO  ratis.XceiverServerRatis (XceiverServerRatis.java:getRealPort(592)) - XceiverServerRatis d62b1b2a-c9ad-4d76-9b36-24bd1a5a2aa1 is started using port 15600 for RATIS
2024-04-29 10:07:40,476 [d62b1b2a-c9ad-4d76-9b36-24bd1a5a2aa1-EndpointStateMachineTaskThread-/0.0.0.0:15536-0 ] INFO  ratis.XceiverServerRatis (XceiverServerRatis.java:getRealPort(592)) - XceiverServerRatis d62b1b2a-c9ad-4d76-9b36-24bd1a5a2aa1 is started using port 15601 for RATIS_ADMIN
2024-04-29 10:07:40,476 [d62b1b2a-c9ad-4d76-9b36-24bd1a5a2aa1-EndpointStateMachineTaskThread-/0.0.0.0:15536-0 ] INFO  ratis.XceiverServerRatis (XceiverServerRatis.java:getRealPort(592)) - XceiverServerRatis d62b1b2a-c9ad-4d76-9b36-24bd1a5a2aa1 is started using port 15602 for RATIS_SERVER
2024-04-29 10:07:40,476 [JvmPauseMonitor74] INFO  util.JvmPauseMonitor (JvmPauseMonitor.java:run(146)) - JvmPauseMonitor-d62b1b2a-c9ad-4d76-9b36-24bd1a5a2aa1: Started
2024-04-29 10:07:40,476 [d62b1b2a-c9ad-4d76-9b36-24bd1a5a2aa1-EndpointStateMachineTaskThread-/0.0.0.0:15536-0 ] INFO  ratis.XceiverServerRatis (XceiverServerRatis.java:getRealPort(592)) - XceiverServerRatis d62b1b2a-c9ad-4d76-9b36-24bd1a5a2aa1 is started using port 15603 for RATIS_DATASTREAM
2024-04-29 10:07:40,477 [d62b1b2a-c9ad-4d76-9b36-24bd1a5a2aa1-BlockDeletingService#0] INFO  interfaces.ContainerDeletionChoosingPolicyTemplate (ContainerDeletionChoosingPolicyTemplate.java:chooseContainerForBlockDeletion(85)) - Chosen 0/5000 blocks from 0 candidate containers.
2024-04-29 10:07:40,514 [29872338-e6e3-4ec5-923b-53e8a9791636-EndpointStateMachineTaskThread-/0.0.0.0:15536-0 ] INFO  utils.DatanodeStoreCache (DatanodeStoreCache.java:addDB(72)) - Added db /home/runner/work/ozone/ozone/hadoop-ozone/integration-test/target/test-dir/MiniOzoneClusterImpl-b29d8e3c-9ac1-4bd8-916d-9a49b4a73262/ozone-meta/datanode-8/data-0/hdds/b29d8e3c-9ac1-4bd8-916d-9a49b4a73262/DS-c079e444-8ad1-4aaa-a90b-115d1425a17d/container.db to cache
2024-04-29 10:07:40,514 [29872338-e6e3-4ec5-923b-53e8a9791636-EndpointStateMachineTaskThread-/0.0.0.0:15536-0 ] INFO  volume.HddsVolume (HddsVolume.java:createDbStore(437)) - SchemaV3 db is created and loaded at /home/runner/work/ozone/ozone/hadoop-ozone/integration-test/target/test-dir/MiniOzoneClusterImpl-b29d8e3c-9ac1-4bd8-916d-9a49b4a73262/ozone-meta/datanode-8/data-0/hdds/b29d8e3c-9ac1-4bd8-916d-9a49b4a73262/DS-c079e444-8ad1-4aaa-a90b-115d1425a17d/container.db for volume DS-c079e444-8ad1-4aaa-a90b-115d1425a17d
2024-04-29 10:07:40,515 [29872338-e6e3-4ec5-923b-53e8a9791636-ContainerReader-0] INFO  ozoneimpl.ContainerReader (ContainerReader.java:readVolume(148)) - Start to verify containers on volume /home/runner/work/ozone/ozone/hadoop-ozone/integration-test/target/test-dir/MiniOzoneClusterImpl-b29d8e3c-9ac1-4bd8-916d-9a49b4a73262/ozone-meta/datanode-8/data-0/hdds
2024-04-29 10:07:40,515 [29872338-e6e3-4ec5-923b-53e8a9791636-ContainerReader-0] INFO  ozoneimpl.ContainerReader (ContainerReader.java:readVolume(178)) - Finish verifying containers on volume /home/runner/work/ozone/ozone/hadoop-ozone/integration-test/target/test-dir/MiniOzoneClusterImpl-b29d8e3c-9ac1-4bd8-916d-9a49b4a73262/ozone-meta/datanode-8/data-0/hdds
2024-04-29 10:07:40,515 [29872338-e6e3-4ec5-923b-53e8a9791636-EndpointStateMachineTaskThread-/0.0.0.0:15536-0 ] INFO  ozoneimpl.OzoneContainer (OzoneContainer.java:buildContainerSet(328)) - Build ContainerSet costs 0s
2024-04-29 10:07:40,515 [29872338-e6e3-4ec5-923b-53e8a9791636-EndpointStateMachineTaskThread-/0.0.0.0:15536-0 ] INFO  volume.ThrottledAsyncChecker (ThrottledAsyncChecker.java:schedule(141)) - Scheduling a check for /home/runner/work/ozone/ozone/hadoop-ozone/integration-test/target/test-dir/MiniOzoneClusterImpl-b29d8e3c-9ac1-4bd8-916d-9a49b4a73262/ozone-meta/datanode-8/data-0/hdds
2024-04-29 10:07:40,516 [29872338-e6e3-4ec5-923b-53e8a9791636-EndpointStateMachineTaskThread-/0.0.0.0:15536-0 ] INFO  volume.StorageVolumeChecker (StorageVolumeChecker.java:checkAllVolumes(218)) - Scheduled health check for volume /home/runner/work/ozone/ozone/hadoop-ozone/integration-test/target/test-dir/MiniOzoneClusterImpl-b29d8e3c-9ac1-4bd8-916d-9a49b4a73262/ozone-meta/datanode-8/data-0/hdds
2024-04-29 10:07:40,517 [29872338-e6e3-4ec5-923b-53e8a9791636-EndpointStateMachineTaskThread-/0.0.0.0:15536-0 ] INFO  volume.ThrottledAsyncChecker (ThrottledAsyncChecker.java:schedule(141)) - Scheduling a check for /home/runner/work/ozone/ozone/hadoop-ozone/integration-test/target/test-dir/MiniOzoneClusterImpl-b29d8e3c-9ac1-4bd8-916d-9a49b4a73262/ozone-meta/datanode-8/ratis
2024-04-29 10:07:40,517 [29872338-e6e3-4ec5-923b-53e8a9791636-EndpointStateMachineTaskThread-/0.0.0.0:15536-0 ] INFO  volume.StorageVolumeChecker (StorageVolumeChecker.java:checkAllVolumes(218)) - Scheduled health check for volume /home/runner/work/ozone/ozone/hadoop-ozone/integration-test/target/test-dir/MiniOzoneClusterImpl-b29d8e3c-9ac1-4bd8-916d-9a49b4a73262/ozone-meta/datanode-8/ratis
2024-04-29 10:07:40,518 [29872338-e6e3-4ec5-923b-53e8a9791636-EndpointStateMachineTaskThread-/0.0.0.0:15536-0 ] INFO  ozoneimpl.OzoneContainer (OzoneContainer.java:start(459)) - Attempting to start container services.
2024-04-29 10:07:40,518 [29872338-e6e3-4ec5-923b-53e8a9791636-EndpointStateMachineTaskThread-/0.0.0.0:15536-0 ] WARN  ozoneimpl.OnDemandContainerDataScanner (OnDemandContainerDataScanner.java:init(75)) - Trying to initialize on demand scanner a second time on a datanode.
2024-04-29 10:07:40,518 [ContainerMetadataScanner] INFO  ozoneimpl.AbstractBackgroundContainerScanner (AbstractBackgroundContainerScanner.java:runIteration(87)) - Completed an iteration in 0 minutes. Number of iterations (since the data-node restart) : 1, Number of containers scanned in this iteration : 0, Number of unhealthy containers found in this iteration : 0
2024-04-29 10:07:40,518 [29872338-e6e3-4ec5-923b-53e8a9791636-EndpointStateMachineTaskThread-/0.0.0.0:15536-0 ] INFO  replication.ReplicationServer (ReplicationServer.java:start(142)) - ReplicationServer is started using port 15613
2024-04-29 10:07:40,518 [29872338-e6e3-4ec5-923b-53e8a9791636-EndpointStateMachineTaskThread-/0.0.0.0:15536-0 ] INFO  ratis.XceiverServerRatis (XceiverServerRatis.java:start(566)) - Starting XceiverServerRatis 29872338-e6e3-4ec5-923b-53e8a9791636
2024-04-29 10:07:40,518 [ContainerDataScanner(/home/runner/work/ozone/ozone/hadoop-ozone/integration-test/target/test-dir/MiniOzoneClusterImpl-b29d8e3c-9ac1-4bd8-916d-9a49b4a73262/ozone-meta/datanode-8/data-0/hdds)] INFO  ozoneimpl.AbstractBackgroundContainerScanner (AbstractBackgroundContainerScanner.java:runIteration(87)) - Completed an iteration in 0 minutes. Number of iterations (since the data-node restart) : 1, Number of containers scanned in this iteration : 0, Number of unhealthy containers found in this iteration : 0
2024-04-29 10:07:40,519 [29872338-e6e3-4ec5-923b-53e8a9791636-EndpointStateMachineTaskThread-/0.0.0.0:15536-0 ] INFO  server.RaftServer (RaftServerProxy.java:startImpl(406)) - 29872338-e6e3-4ec5-923b-53e8a9791636: start RPC server
2024-04-29 10:07:40,519 [29872338-e6e3-4ec5-923b-53e8a9791636-EndpointStateMachineTaskThread-/0.0.0.0:15536-0 ] INFO  server.GrpcService (GrpcService.java:startImpl(302)) - 29872338-e6e3-4ec5-923b-53e8a9791636: GrpcService started, listening on 15609
2024-04-29 10:07:40,519 [29872338-e6e3-4ec5-923b-53e8a9791636-EndpointStateMachineTaskThread-/0.0.0.0:15536-0 ] INFO  server.GrpcService (GrpcService.java:startImpl(302)) - 29872338-e6e3-4ec5-923b-53e8a9791636: GrpcService started, listening on 15611
2024-04-29 10:07:40,519 [29872338-e6e3-4ec5-923b-53e8a9791636-EndpointStateMachineTaskThread-/0.0.0.0:15536-0 ] INFO  server.GrpcService (GrpcService.java:startImpl(302)) - 29872338-e6e3-4ec5-923b-53e8a9791636: GrpcService started, listening on 15610
2024-04-29 10:07:40,520 [29872338-e6e3-4ec5-923b-53e8a9791636-EndpointStateMachineTaskThread-/0.0.0.0:15536-0 ] INFO  ratis.XceiverServerRatis (XceiverServerRatis.java:getRealPort(592)) - XceiverServerRatis 29872338-e6e3-4ec5-923b-53e8a9791636 is started using port 15609 for RATIS
2024-04-29 10:07:40,520 [29872338-e6e3-4ec5-923b-53e8a9791636-EndpointStateMachineTaskThread-/0.0.0.0:15536-0 ] INFO  ratis.XceiverServerRatis (XceiverServerRatis.java:getRealPort(592)) - XceiverServerRatis 29872338-e6e3-4ec5-923b-53e8a9791636 is started using port 15610 for RATIS_ADMIN
2024-04-29 10:07:40,520 [29872338-e6e3-4ec5-923b-53e8a9791636-EndpointStateMachineTaskThread-/0.0.0.0:15536-0 ] INFO  ratis.XceiverServerRatis (XceiverServerRatis.java:getRealPort(592)) - XceiverServerRatis 29872338-e6e3-4ec5-923b-53e8a9791636 is started using port 15611 for RATIS_SERVER
2024-04-29 10:07:40,520 [29872338-e6e3-4ec5-923b-53e8a9791636-EndpointStateMachineTaskThread-/0.0.0.0:15536-0 ] INFO  ratis.XceiverServerRatis (XceiverServerRatis.java:getRealPort(592)) - XceiverServerRatis 29872338-e6e3-4ec5-923b-53e8a9791636 is started using port 15612 for RATIS_DATASTREAM
2024-04-29 10:07:40,520 [JvmPauseMonitor75] INFO  util.JvmPauseMonitor (JvmPauseMonitor.java:run(146)) - JvmPauseMonitor-29872338-e6e3-4ec5-923b-53e8a9791636: Started
2024-04-29 10:07:40,520 [29872338-e6e3-4ec5-923b-53e8a9791636-BlockDeletingService#0] INFO  interfaces.ContainerDeletionChoosingPolicyTemplate (ContainerDeletionChoosingPolicyTemplate.java:chooseContainerForBlockDeletion(85)) - Chosen 0/5000 blocks from 0 candidate containers.
2024-04-29 10:07:40,561 [main] INFO  ozone.MiniOzoneClusterImpl (MiniOzoneClusterImpl.java:lambda$waitForClusterToBeReady$0(194)) - Waiting for nodes to be ready. Got 0 of 9 DN Heartbeats.
2024-04-29 10:07:40,561 [main] INFO  ozone.MiniOzoneClusterImpl (MiniOzoneClusterImpl.java:lambda$waitForClusterToBeReady$0(197)) - Waiting for cluster to exit safe mode
2024-04-29 10:07:40,561 [main] INFO  ozone.MiniOzoneClusterImpl (MiniOzoneClusterImpl.java:lambda$waitForClusterToBeReady$0(199)) - SCM became leader
2024-04-29 10:07:40,586 [1f92b403-6a1c-4076-80c0-09f74f2f4297-EndpointStateMachineTaskThread-/0.0.0.0:15536-0 ] INFO  utils.DatanodeStoreCache (DatanodeStoreCache.java:addDB(72)) - Added db /home/runner/work/ozone/ozone/hadoop-ozone/integration-test/target/test-dir/MiniOzoneClusterImpl-b29d8e3c-9ac1-4bd8-916d-9a49b4a73262/ozone-meta/datanode-9/data-0/hdds/b29d8e3c-9ac1-4bd8-916d-9a49b4a73262/DS-1a635560-6da0-4e16-9086-750ee9322c7b/container.db to cache
2024-04-29 10:07:40,586 [1f92b403-6a1c-4076-80c0-09f74f2f4297-EndpointStateMachineTaskThread-/0.0.0.0:15536-0 ] INFO  volume.HddsVolume (HddsVolume.java:createDbStore(437)) - SchemaV3 db is created and loaded at /home/runner/work/ozone/ozone/hadoop-ozone/integration-test/target/test-dir/MiniOzoneClusterImpl-b29d8e3c-9ac1-4bd8-916d-9a49b4a73262/ozone-meta/datanode-9/data-0/hdds/b29d8e3c-9ac1-4bd8-916d-9a49b4a73262/DS-1a635560-6da0-4e16-9086-750ee9322c7b/container.db for volume DS-1a635560-6da0-4e16-9086-750ee9322c7b
2024-04-29 10:07:40,591 [1f92b403-6a1c-4076-80c0-09f74f2f4297-ContainerReader-0] INFO  ozoneimpl.ContainerReader (ContainerReader.java:readVolume(148)) - Start to verify containers on volume /home/runner/work/ozone/ozone/hadoop-ozone/integration-test/target/test-dir/MiniOzoneClusterImpl-b29d8e3c-9ac1-4bd8-916d-9a49b4a73262/ozone-meta/datanode-9/data-0/hdds
2024-04-29 10:07:40,591 [1f92b403-6a1c-4076-80c0-09f74f2f4297-ContainerReader-0] INFO  ozoneimpl.ContainerReader (ContainerReader.java:readVolume(178)) - Finish verifying containers on volume /home/runner/work/ozone/ozone/hadoop-ozone/integration-test/target/test-dir/MiniOzoneClusterImpl-b29d8e3c-9ac1-4bd8-916d-9a49b4a73262/ozone-meta/datanode-9/data-0/hdds
2024-04-29 10:07:40,591 [1f92b403-6a1c-4076-80c0-09f74f2f4297-EndpointStateMachineTaskThread-/0.0.0.0:15536-0 ] INFO  ozoneimpl.OzoneContainer (OzoneContainer.java:buildContainerSet(328)) - Build ContainerSet costs 0s
2024-04-29 10:07:40,591 [1f92b403-6a1c-4076-80c0-09f74f2f4297-EndpointStateMachineTaskThread-/0.0.0.0:15536-0 ] INFO  volume.ThrottledAsyncChecker (ThrottledAsyncChecker.java:schedule(141)) - Scheduling a check for /home/runner/work/ozone/ozone/hadoop-ozone/integration-test/target/test-dir/MiniOzoneClusterImpl-b29d8e3c-9ac1-4bd8-916d-9a49b4a73262/ozone-meta/datanode-9/data-0/hdds
2024-04-29 10:07:40,591 [1f92b403-6a1c-4076-80c0-09f74f2f4297-EndpointStateMachineTaskThread-/0.0.0.0:15536-0 ] INFO  volume.StorageVolumeChecker (StorageVolumeChecker.java:checkAllVolumes(218)) - Scheduled health check for volume /home/runner/work/ozone/ozone/hadoop-ozone/integration-test/target/test-dir/MiniOzoneClusterImpl-b29d8e3c-9ac1-4bd8-916d-9a49b4a73262/ozone-meta/datanode-9/data-0/hdds
2024-04-29 10:07:40,592 [1f92b403-6a1c-4076-80c0-09f74f2f4297-EndpointStateMachineTaskThread-/0.0.0.0:15536-0 ] INFO  volume.ThrottledAsyncChecker (ThrottledAsyncChecker.java:schedule(141)) - Scheduling a check for /home/runner/work/ozone/ozone/hadoop-ozone/integration-test/target/test-dir/MiniOzoneClusterImpl-b29d8e3c-9ac1-4bd8-916d-9a49b4a73262/ozone-meta/datanode-9/ratis
2024-04-29 10:07:40,592 [1f92b403-6a1c-4076-80c0-09f74f2f4297-EndpointStateMachineTaskThread-/0.0.0.0:15536-0 ] INFO  volume.StorageVolumeChecker (StorageVolumeChecker.java:checkAllVolumes(218)) - Scheduled health check for volume /home/runner/work/ozone/ozone/hadoop-ozone/integration-test/target/test-dir/MiniOzoneClusterImpl-b29d8e3c-9ac1-4bd8-916d-9a49b4a73262/ozone-meta/datanode-9/ratis
2024-04-29 10:07:40,593 [1f92b403-6a1c-4076-80c0-09f74f2f4297-EndpointStateMachineTaskThread-/0.0.0.0:15536-0 ] INFO  ozoneimpl.OzoneContainer (OzoneContainer.java:start(459)) - Attempting to start container services.
2024-04-29 10:07:40,593 [1f92b403-6a1c-4076-80c0-09f74f2f4297-EndpointStateMachineTaskThread-/0.0.0.0:15536-0 ] WARN  ozoneimpl.OnDemandContainerDataScanner (OnDemandContainerDataScanner.java:init(75)) - Trying to initialize on demand scanner a second time on a datanode.
2024-04-29 10:07:40,593 [ContainerMetadataScanner] INFO  ozoneimpl.AbstractBackgroundContainerScanner (AbstractBackgroundContainerScanner.java:runIteration(87)) - Completed an iteration in 0 minutes. Number of iterations (since the data-node restart) : 1, Number of containers scanned in this iteration : 0, Number of unhealthy containers found in this iteration : 0
2024-04-29 10:07:40,594 [ContainerDataScanner(/home/runner/work/ozone/ozone/hadoop-ozone/integration-test/target/test-dir/MiniOzoneClusterImpl-b29d8e3c-9ac1-4bd8-916d-9a49b4a73262/ozone-meta/datanode-9/data-0/hdds)] INFO  ozoneimpl.AbstractBackgroundContainerScanner (AbstractBackgroundContainerScanner.java:runIteration(87)) - Completed an iteration in 0 minutes. Number of iterations (since the data-node restart) : 1, Number of containers scanned in this iteration : 0, Number of unhealthy containers found in this iteration : 0
2024-04-29 10:07:40,594 [1f92b403-6a1c-4076-80c0-09f74f2f4297-EndpointStateMachineTaskThread-/0.0.0.0:15536-0 ] INFO  replication.ReplicationServer (ReplicationServer.java:start(142)) - ReplicationServer is started using port 15622
2024-04-29 10:07:40,594 [1f92b403-6a1c-4076-80c0-09f74f2f4297-EndpointStateMachineTaskThread-/0.0.0.0:15536-0 ] INFO  ratis.XceiverServerRatis (XceiverServerRatis.java:start(566)) - Starting XceiverServerRatis 1f92b403-6a1c-4076-80c0-09f74f2f4297
2024-04-29 10:07:40,594 [1f92b403-6a1c-4076-80c0-09f74f2f4297-EndpointStateMachineTaskThread-/0.0.0.0:15536-0 ] INFO  server.RaftServer (RaftServerProxy.java:startImpl(406)) - 1f92b403-6a1c-4076-80c0-09f74f2f4297: start RPC server
2024-04-29 10:07:40,594 [1f92b403-6a1c-4076-80c0-09f74f2f4297-EndpointStateMachineTaskThread-/0.0.0.0:15536-0 ] INFO  server.GrpcService (GrpcService.java:startImpl(302)) - 1f92b403-6a1c-4076-80c0-09f74f2f4297: GrpcService started, listening on 15618
2024-04-29 10:07:40,595 [1f92b403-6a1c-4076-80c0-09f74f2f4297-EndpointStateMachineTaskThread-/0.0.0.0:15536-0 ] INFO  server.GrpcService (GrpcService.java:startImpl(302)) - 1f92b403-6a1c-4076-80c0-09f74f2f4297: GrpcService started, listening on 15620
2024-04-29 10:07:40,595 [1f92b403-6a1c-4076-80c0-09f74f2f4297-EndpointStateMachineTaskThread-/0.0.0.0:15536-0 ] INFO  server.GrpcService (GrpcService.java:startImpl(302)) - 1f92b403-6a1c-4076-80c0-09f74f2f4297: GrpcService started, listening on 15619
2024-04-29 10:07:40,595 [1f92b403-6a1c-4076-80c0-09f74f2f4297-EndpointStateMachineTaskThread-/0.0.0.0:15536-0 ] INFO  ratis.XceiverServerRatis (XceiverServerRatis.java:getRealPort(592)) - XceiverServerRatis 1f92b403-6a1c-4076-80c0-09f74f2f4297 is started using port 15618 for RATIS
2024-04-29 10:07:40,595 [1f92b403-6a1c-4076-80c0-09f74f2f4297-EndpointStateMachineTaskThread-/0.0.0.0:15536-0 ] INFO  ratis.XceiverServerRatis (XceiverServerRatis.java:getRealPort(592)) - XceiverServerRatis 1f92b403-6a1c-4076-80c0-09f74f2f4297 is started using port 15619 for RATIS_ADMIN
2024-04-29 10:07:40,595 [1f92b403-6a1c-4076-80c0-09f74f2f4297-EndpointStateMachineTaskThread-/0.0.0.0:15536-0 ] INFO  ratis.XceiverServerRatis (XceiverServerRatis.java:getRealPort(592)) - XceiverServerRatis 1f92b403-6a1c-4076-80c0-09f74f2f4297 is started using port 15620 for RATIS_SERVER
2024-04-29 10:07:40,595 [JvmPauseMonitor76] INFO  util.JvmPauseMonitor (JvmPauseMonitor.java:run(146)) - JvmPauseMonitor-1f92b403-6a1c-4076-80c0-09f74f2f4297: Started
2024-04-29 10:07:40,595 [1f92b403-6a1c-4076-80c0-09f74f2f4297-EndpointStateMachineTaskThread-/0.0.0.0:15536-0 ] INFO  ratis.XceiverServerRatis (XceiverServerRatis.java:getRealPort(592)) - XceiverServerRatis 1f92b403-6a1c-4076-80c0-09f74f2f4297 is started using port 15621 for RATIS_DATASTREAM
2024-04-29 10:07:40,596 [1f92b403-6a1c-4076-80c0-09f74f2f4297-BlockDeletingService#0] INFO  interfaces.ContainerDeletionChoosingPolicyTemplate (ContainerDeletionChoosingPolicyTemplate.java:chooseContainerForBlockDeletion(85)) - Chosen 0/5000 blocks from 0 candidate containers.
2024-04-29 10:07:41,561 [main] INFO  ozone.MiniOzoneClusterImpl (MiniOzoneClusterImpl.java:lambda$waitForClusterToBeReady$0(194)) - Waiting for nodes to be ready. Got 0 of 9 DN Heartbeats.
2024-04-29 10:07:41,561 [main] INFO  ozone.MiniOzoneClusterImpl (MiniOzoneClusterImpl.java:lambda$waitForClusterToBeReady$0(197)) - Waiting for cluster to exit safe mode
2024-04-29 10:07:41,561 [main] INFO  ozone.MiniOzoneClusterImpl (MiniOzoneClusterImpl.java:lambda$waitForClusterToBeReady$0(199)) - SCM became leader
2024-04-29 10:07:42,127 [IPC Server handler 2 on default port 15536] INFO  net.NetworkTopologyImpl (NetworkTopologyImpl.java:add(134)) - Added a new node: /default-rack/45d7554a-4794-4db0-8ec2-ed03ee8d9322
2024-04-29 10:07:42,127 [IPC Server handler 2 on default port 15536] INFO  node.SCMNodeManager (SCMNodeManager.java:register(421)) - Registered datanode: 45d7554a-4794-4db0-8ec2-ed03ee8d9322{ip: 127.0.0.1, host: localhost, ports: [HTTP=15543, CLIENT_RPC=15544, REPLICATION=15550, RATIS=15546, RATIS_ADMIN=15547, RATIS_SERVER=15548, RATIS_DATASTREAM=15549, STANDALONE=15545], networkLocation: /default-rack, certSerialId: null, persistedOpState: null, persistedOpStateExpiryEpochSec: 0}
2024-04-29 10:07:42,127 [EventQueue-NewNodeForNewNodeHandler] INFO  pipeline.BackgroundPipelineCreator (BackgroundPipelineCreator.java:notifyEventTriggered(280)) - trigger a one-shot run on RatisPipelineUtilsThread.
2024-04-29 10:07:42,128 [EventQueue-NodeRegistrationContainerReportForDataNodeSafeModeRule] INFO  safemode.SCMSafeModeManager (DataNodeSafeModeRule.java:process(71)) - SCM in safe mode. 1 DataNodes registered, 3 required.
2024-04-29 10:07:42,128 [RatisPipelineUtilsThread-0] INFO  pipeline.RatisPipelineProvider (RatisPipelineProvider.java:lambda$create$0(205)) - Sending CreatePipelineCommand for pipeline:PipelineID=3382c539-88cb-469f-a59d-ccd0af0667b0 to datanode:45d7554a-4794-4db0-8ec2-ed03ee8d9322
2024-04-29 10:07:42,128 [EventQueue-NodeRegistrationContainerReportForContainerSafeModeRule] INFO  safemode.SCMSafeModeManager (SCMSafeModeManager.java:validateSafeModeExitRules(203)) - ContainerSafeModeRule rule is successfully validated
2024-04-29 10:07:42,128 [EventQueue-PipelineReportForOneReplicaPipelineSafeModeRule] INFO  safemode.SCMSafeModeManager (SCMSafeModeManager.java:validateSafeModeExitRules(203)) - AtleastOneDatanodeReportedRule rule is successfully validated
2024-04-29 10:07:42,129 [RatisPipelineUtilsThread-0] INFO  pipeline.BackgroundPipelineCreator (BackgroundPipelineCreator.java:createPipelines(236)) - Created new pipeline Pipeline[ Id: 3382c539-88cb-469f-a59d-ccd0af0667b0, Nodes: 45d7554a-4794-4db0-8ec2-ed03ee8d9322(localhost/127.0.0.1), ReplicationConfig: RATIS/ONE, State:ALLOCATED, leaderId:, CreationTimestamp2024-04-29T10:07:42.128118692Z[Etc/UTC]]
2024-04-29 10:07:42,183 [IPC Server handler 3 on default port 15536] INFO  net.NetworkTopologyImpl (NetworkTopologyImpl.java:add(134)) - Added a new node: /default-rack/4c7d070b-487d-4f6a-a802-5407a717b610
2024-04-29 10:07:42,183 [IPC Server handler 3 on default port 15536] INFO  node.SCMNodeManager (SCMNodeManager.java:register(421)) - Registered datanode: 4c7d070b-487d-4f6a-a802-5407a717b610{ip: 127.0.0.1, host: localhost, ports: [HTTP=15552, CLIENT_RPC=15553, REPLICATION=15559, RATIS=15555, RATIS_ADMIN=15556, RATIS_SERVER=15557, RATIS_DATASTREAM=15558, STANDALONE=15554], networkLocation: /default-rack, certSerialId: null, persistedOpState: null, persistedOpStateExpiryEpochSec: 0}
2024-04-29 10:07:42,183 [EventQueue-NodeRegistrationContainerReportForDataNodeSafeModeRule] INFO  safemode.SCMSafeModeManager (DataNodeSafeModeRule.java:process(71)) - SCM in safe mode. 2 DataNodes registered, 3 required.
2024-04-29 10:07:42,183 [EventQueue-NewNodeForNewNodeHandler] INFO  pipeline.BackgroundPipelineCreator (BackgroundPipelineCreator.java:notifyEventTriggered(280)) - trigger a one-shot run on RatisPipelineUtilsThread.
2024-04-29 10:07:42,183 [RatisPipelineUtilsThread-0] INFO  pipeline.RatisPipelineProvider (RatisPipelineProvider.java:lambda$create$0(205)) - Sending CreatePipelineCommand for pipeline:PipelineID=b191373b-afa4-4d10-969c-36b6a54a3c10 to datanode:4c7d070b-487d-4f6a-a802-5407a717b610
2024-04-29 10:07:42,184 [RatisPipelineUtilsThread-0] INFO  pipeline.BackgroundPipelineCreator (BackgroundPipelineCreator.java:createPipelines(236)) - Created new pipeline Pipeline[ Id: b191373b-afa4-4d10-969c-36b6a54a3c10, Nodes: 4c7d070b-487d-4f6a-a802-5407a717b610(localhost/127.0.0.1), ReplicationConfig: RATIS/ONE, State:ALLOCATED, leaderId:, CreationTimestamp2024-04-29T10:07:42.183837765Z[Etc/UTC]]
2024-04-29 10:07:42,238 [IPC Server handler 4 on default port 15536] INFO  net.NetworkTopologyImpl (NetworkTopologyImpl.java:add(134)) - Added a new node: /default-rack/0b459a02-f078-4553-b8ee-4a7bbebe5aa1
2024-04-29 10:07:42,238 [IPC Server handler 4 on default port 15536] INFO  node.SCMNodeManager (SCMNodeManager.java:register(421)) - Registered datanode: 0b459a02-f078-4553-b8ee-4a7bbebe5aa1{ip: 127.0.0.1, host: localhost, ports: [HTTP=15561, CLIENT_RPC=15562, REPLICATION=15568, RATIS=15564, RATIS_ADMIN=15565, RATIS_SERVER=15566, RATIS_DATASTREAM=15567, STANDALONE=15563], networkLocation: /default-rack, certSerialId: null, persistedOpState: null, persistedOpStateExpiryEpochSec: 0}
2024-04-29 10:07:42,238 [EventQueue-NewNodeForNewNodeHandler] INFO  pipeline.BackgroundPipelineCreator (BackgroundPipelineCreator.java:notifyEventTriggered(280)) - trigger a one-shot run on RatisPipelineUtilsThread.
2024-04-29 10:07:42,239 [EventQueue-NodeRegistrationContainerReportForDataNodeSafeModeRule] INFO  safemode.SCMSafeModeManager (DataNodeSafeModeRule.java:process(71)) - SCM in safe mode. 3 DataNodes registered, 3 required.
2024-04-29 10:07:42,239 [EventQueue-NodeRegistrationContainerReportForDataNodeSafeModeRule] INFO  safemode.SCMSafeModeManager (SCMSafeModeManager.java:validateSafeModeExitRules(203)) - DataNodeSafeModeRule rule is successfully validated
2024-04-29 10:07:42,239 [EventQueue-NodeRegistrationContainerReportForDataNodeSafeModeRule] INFO  safemode.SCMSafeModeManager (SCMSafeModeManager.java:completePreCheck(232)) - All SCM safe mode pre check rules have passed
2024-04-29 10:07:42,239 [EventQueue-NodeRegistrationContainerReportForDataNodeSafeModeRule] INFO  ha.SCMContext (SCMContext.java:updateSafeModeStatus(225)) - Update SafeModeStatus from SafeModeStatus{safeModeStatus=true, preCheckPassed=false} to SafeModeStatus{safeModeStatus=true, preCheckPassed=true}.
2024-04-29 10:07:42,239 [EventQueue-NodeRegistrationContainerReportForDataNodeSafeModeRule] INFO  pipeline.BackgroundPipelineCreator (BackgroundPipelineCreator.java:notifyEventTriggered(280)) - trigger a one-shot run on RatisPipelineUtilsThread.
2024-04-29 10:07:42,239 [RatisPipelineUtilsThread-0] INFO  pipeline.RatisPipelineProvider (RatisPipelineProvider.java:lambda$create$0(205)) - Sending CreatePipelineCommand for pipeline:PipelineID=3de6536f-9399-4115-a850-797a9d523f66 to datanode:0b459a02-f078-4553-b8ee-4a7bbebe5aa1
2024-04-29 10:07:42,239 [RatisPipelineUtilsThread-0] INFO  pipeline.BackgroundPipelineCreator (BackgroundPipelineCreator.java:createPipelines(236)) - Created new pipeline Pipeline[ Id: 3de6536f-9399-4115-a850-797a9d523f66, Nodes: 0b459a02-f078-4553-b8ee-4a7bbebe5aa1(localhost/127.0.0.1), ReplicationConfig: RATIS/ONE, State:ALLOCATED, leaderId:, CreationTimestamp2024-04-29T10:07:42.239277160Z[Etc/UTC]]
2024-04-29 10:07:42,240 [RatisPipelineUtilsThread-0] INFO  pipeline.RatisPipelineProvider (RatisPipelineProvider.java:lambda$create$0(205)) - Sending CreatePipelineCommand for pipeline:PipelineID=40ab4934-8feb-4e0b-a110-5f07eac53845 to datanode:45d7554a-4794-4db0-8ec2-ed03ee8d9322
2024-04-29 10:07:42,240 [RatisPipelineUtilsThread-0] INFO  pipeline.RatisPipelineProvider (RatisPipelineProvider.java:lambda$create$0(205)) - Sending CreatePipelineCommand for pipeline:PipelineID=40ab4934-8feb-4e0b-a110-5f07eac53845 to datanode:0b459a02-f078-4553-b8ee-4a7bbebe5aa1
2024-04-29 10:07:42,240 [RatisPipelineUtilsThread-0] INFO  pipeline.RatisPipelineProvider (RatisPipelineProvider.java:lambda$create$0(205)) - Sending CreatePipelineCommand for pipeline:PipelineID=40ab4934-8feb-4e0b-a110-5f07eac53845 to datanode:4c7d070b-487d-4f6a-a802-5407a717b610
2024-04-29 10:07:42,240 [RatisPipelineUtilsThread-0] INFO  pipeline.BackgroundPipelineCreator (BackgroundPipelineCreator.java:createPipelines(236)) - Created new pipeline Pipeline[ Id: 40ab4934-8feb-4e0b-a110-5f07eac53845, Nodes: 45d7554a-4794-4db0-8ec2-ed03ee8d9322(localhost/127.0.0.1)0b459a02-f078-4553-b8ee-4a7bbebe5aa1(localhost/127.0.0.1)4c7d070b-487d-4f6a-a802-5407a717b610(localhost/127.0.0.1), ReplicationConfig: RATIS/THREE, State:ALLOCATED, leaderId:, CreationTimestamp2024-04-29T10:07:42.240186346Z[Etc/UTC]]
2024-04-29 10:07:42,287 [IPC Server handler 5 on default port 15536] INFO  net.NetworkTopologyImpl (NetworkTopologyImpl.java:add(134)) - Added a new node: /default-rack/57f64e1c-8fe8-4173-a2ca-9d6151488275
2024-04-29 10:07:42,287 [IPC Server handler 5 on default port 15536] INFO  node.SCMNodeManager (SCMNodeManager.java:register(421)) - Registered datanode: 57f64e1c-8fe8-4173-a2ca-9d6151488275{ip: 127.0.0.1, host: localhost, ports: [HTTP=15570, CLIENT_RPC=15571, REPLICATION=15577, RATIS=15573, RATIS_ADMIN=15574, RATIS_SERVER=15575, RATIS_DATASTREAM=15576, STANDALONE=15572], networkLocation: /default-rack, certSerialId: null, persistedOpState: null, persistedOpStateExpiryEpochSec: 0}
2024-04-29 10:07:42,287 [EventQueue-NewNodeForNewNodeHandler] INFO  pipeline.BackgroundPipelineCreator (BackgroundPipelineCreator.java:notifyEventTriggered(280)) - trigger a one-shot run on RatisPipelineUtilsThread.
2024-04-29 10:07:42,287 [RatisPipelineUtilsThread-0] INFO  pipeline.RatisPipelineProvider (RatisPipelineProvider.java:lambda$create$0(205)) - Sending CreatePipelineCommand for pipeline:PipelineID=51b91730-2a03-401d-99e8-0f8502290335 to datanode:57f64e1c-8fe8-4173-a2ca-9d6151488275
2024-04-29 10:07:42,288 [RatisPipelineUtilsThread-0] INFO  pipeline.BackgroundPipelineCreator (BackgroundPipelineCreator.java:createPipelines(236)) - Created new pipeline Pipeline[ Id: 51b91730-2a03-401d-99e8-0f8502290335, Nodes: 57f64e1c-8fe8-4173-a2ca-9d6151488275(localhost/127.0.0.1), ReplicationConfig: RATIS/ONE, State:ALLOCATED, leaderId:, CreationTimestamp2024-04-29T10:07:42.287700283Z[Etc/UTC]]
2024-04-29 10:07:42,337 [IPC Server handler 6 on default port 15536] INFO  net.NetworkTopologyImpl (NetworkTopologyImpl.java:add(134)) - Added a new node: /default-rack/e3a225ff-43b2-4083-b986-b10dee5980c8
2024-04-29 10:07:42,337 [IPC Server handler 6 on default port 15536] INFO  node.SCMNodeManager (SCMNodeManager.java:register(421)) - Registered datanode: e3a225ff-43b2-4083-b986-b10dee5980c8{ip: 127.0.0.1, host: localhost, ports: [HTTP=15579, CLIENT_RPC=15580, REPLICATION=15586, RATIS=15582, RATIS_ADMIN=15583, RATIS_SERVER=15584, RATIS_DATASTREAM=15585, STANDALONE=15581], networkLocation: /default-rack, certSerialId: null, persistedOpState: null, persistedOpStateExpiryEpochSec: 0}
2024-04-29 10:07:42,337 [EventQueue-NewNodeForNewNodeHandler] INFO  pipeline.BackgroundPipelineCreator (BackgroundPipelineCreator.java:notifyEventTriggered(280)) - trigger a one-shot run on RatisPipelineUtilsThread.
2024-04-29 10:07:42,337 [RatisPipelineUtilsThread-0] INFO  pipeline.RatisPipelineProvider (RatisPipelineProvider.java:lambda$create$0(205)) - Sending CreatePipelineCommand for pipeline:PipelineID=8d4ea7f1-7849-49ab-90bc-f6811402c15e to datanode:e3a225ff-43b2-4083-b986-b10dee5980c8
2024-04-29 10:07:42,338 [RatisPipelineUtilsThread-0] INFO  pipeline.BackgroundPipelineCreator (BackgroundPipelineCreator.java:createPipelines(236)) - Created new pipeline Pipeline[ Id: 8d4ea7f1-7849-49ab-90bc-f6811402c15e, Nodes: e3a225ff-43b2-4083-b986-b10dee5980c8(localhost/127.0.0.1), ReplicationConfig: RATIS/ONE, State:ALLOCATED, leaderId:, CreationTimestamp2024-04-29T10:07:42.337737261Z[Etc/UTC]]
2024-04-29 10:07:42,386 [IPC Server handler 7 on default port 15536] INFO  net.NetworkTopologyImpl (NetworkTopologyImpl.java:add(134)) - Added a new node: /default-rack/55a78779-2920-4695-be09-c247c8260b05
2024-04-29 10:07:42,386 [IPC Server handler 7 on default port 15536] INFO  node.SCMNodeManager (SCMNodeManager.java:register(421)) - Registered datanode: 55a78779-2920-4695-be09-c247c8260b05{ip: 127.0.0.1, host: localhost, ports: [HTTP=15588, CLIENT_RPC=15589, REPLICATION=15595, RATIS=15591, RATIS_ADMIN=15592, RATIS_SERVER=15593, RATIS_DATASTREAM=15594, STANDALONE=15590], networkLocation: /default-rack, certSerialId: null, persistedOpState: null, persistedOpStateExpiryEpochSec: 0}
2024-04-29 10:07:42,387 [EventQueue-NewNodeForNewNodeHandler] INFO  pipeline.BackgroundPipelineCreator (BackgroundPipelineCreator.java:notifyEventTriggered(280)) - trigger a one-shot run on RatisPipelineUtilsThread.
2024-04-29 10:07:42,387 [RatisPipelineUtilsThread-0] INFO  pipeline.RatisPipelineProvider (RatisPipelineProvider.java:lambda$create$0(205)) - Sending CreatePipelineCommand for pipeline:PipelineID=f22884d0-df39-4def-95d3-0070392ad0ae to datanode:55a78779-2920-4695-be09-c247c8260b05
2024-04-29 10:07:42,388 [RatisPipelineUtilsThread-0] INFO  pipeline.BackgroundPipelineCreator (BackgroundPipelineCreator.java:createPipelines(236)) - Created new pipeline Pipeline[ Id: f22884d0-df39-4def-95d3-0070392ad0ae, Nodes: 55a78779-2920-4695-be09-c247c8260b05(localhost/127.0.0.1), ReplicationConfig: RATIS/ONE, State:ALLOCATED, leaderId:, CreationTimestamp2024-04-29T10:07:42.387370491Z[Etc/UTC]]
2024-04-29 10:07:42,388 [RatisPipelineUtilsThread-0] INFO  pipeline.RatisPipelineProvider (RatisPipelineProvider.java:lambda$create$0(205)) - Sending CreatePipelineCommand for pipeline:PipelineID=bec323c9-cefe-4bbb-9737-23704b2a1aeb to datanode:57f64e1c-8fe8-4173-a2ca-9d6151488275
2024-04-29 10:07:42,388 [RatisPipelineUtilsThread-0] INFO  pipeline.RatisPipelineProvider (RatisPipelineProvider.java:lambda$create$0(205)) - Sending CreatePipelineCommand for pipeline:PipelineID=bec323c9-cefe-4bbb-9737-23704b2a1aeb to datanode:e3a225ff-43b2-4083-b986-b10dee5980c8
2024-04-29 10:07:42,388 [RatisPipelineUtilsThread-0] INFO  pipeline.RatisPipelineProvider (RatisPipelineProvider.java:lambda$create$0(205)) - Sending CreatePipelineCommand for pipeline:PipelineID=bec323c9-cefe-4bbb-9737-23704b2a1aeb to datanode:55a78779-2920-4695-be09-c247c8260b05
2024-04-29 10:07:42,388 [RatisPipelineUtilsThread-0] INFO  pipeline.BackgroundPipelineCreator (BackgroundPipelineCreator.java:createPipelines(236)) - Created new pipeline Pipeline[ Id: bec323c9-cefe-4bbb-9737-23704b2a1aeb, Nodes: 57f64e1c-8fe8-4173-a2ca-9d6151488275(localhost/127.0.0.1)e3a225ff-43b2-4083-b986-b10dee5980c8(localhost/127.0.0.1)55a78779-2920-4695-be09-c247c8260b05(localhost/127.0.0.1), ReplicationConfig: RATIS/THREE, State:ALLOCATED, leaderId:, CreationTimestamp2024-04-29T10:07:42.388338173Z[Etc/UTC]]
2024-04-29 10:07:42,451 [IPC Server handler 8 on default port 15536] INFO  net.NetworkTopologyImpl (NetworkTopologyImpl.java:add(134)) - Added a new node: /default-rack/d62b1b2a-c9ad-4d76-9b36-24bd1a5a2aa1
2024-04-29 10:07:42,451 [IPC Server handler 8 on default port 15536] INFO  node.SCMNodeManager (SCMNodeManager.java:register(421)) - Registered datanode: d62b1b2a-c9ad-4d76-9b36-24bd1a5a2aa1{ip: 127.0.0.1, host: localhost, ports: [HTTP=15597, CLIENT_RPC=15598, REPLICATION=15604, RATIS=15600, RATIS_ADMIN=15601, RATIS_SERVER=15602, RATIS_DATASTREAM=15603, STANDALONE=15599], networkLocation: /default-rack, certSerialId: null, persistedOpState: null, persistedOpStateExpiryEpochSec: 0}
2024-04-29 10:07:42,452 [EventQueue-NewNodeForNewNodeHandler] INFO  pipeline.BackgroundPipelineCreator (BackgroundPipelineCreator.java:notifyEventTriggered(280)) - trigger a one-shot run on RatisPipelineUtilsThread.
2024-04-29 10:07:42,452 [RatisPipelineUtilsThread-0] INFO  pipeline.RatisPipelineProvider (RatisPipelineProvider.java:lambda$create$0(205)) - Sending CreatePipelineCommand for pipeline:PipelineID=e70adea4-fec5-469b-8e6c-30edbef5bfc7 to datanode:d62b1b2a-c9ad-4d76-9b36-24bd1a5a2aa1
2024-04-29 10:07:42,452 [RatisPipelineUtilsThread-0] INFO  pipeline.BackgroundPipelineCreator (BackgroundPipelineCreator.java:createPipelines(236)) - Created new pipeline Pipeline[ Id: e70adea4-fec5-469b-8e6c-30edbef5bfc7, Nodes: d62b1b2a-c9ad-4d76-9b36-24bd1a5a2aa1(localhost/127.0.0.1), ReplicationConfig: RATIS/ONE, State:ALLOCATED, leaderId:, CreationTimestamp2024-04-29T10:07:42.452352882Z[Etc/UTC]]
2024-04-29 10:07:42,492 [IPC Server handler 0 on default port 15536] INFO  net.NetworkTopologyImpl (NetworkTopologyImpl.java:add(134)) - Added a new node: /default-rack/29872338-e6e3-4ec5-923b-53e8a9791636
2024-04-29 10:07:42,492 [IPC Server handler 0 on default port 15536] INFO  node.SCMNodeManager (SCMNodeManager.java:register(421)) - Registered datanode: 29872338-e6e3-4ec5-923b-53e8a9791636{ip: 127.0.0.1, host: localhost, ports: [HTTP=15606, CLIENT_RPC=15607, REPLICATION=15613, RATIS=15609, RATIS_ADMIN=15610, RATIS_SERVER=15611, RATIS_DATASTREAM=15612, STANDALONE=15608], networkLocation: /default-rack, certSerialId: null, persistedOpState: null, persistedOpStateExpiryEpochSec: 0}
2024-04-29 10:07:42,493 [EventQueue-NewNodeForNewNodeHandler] INFO  pipeline.BackgroundPipelineCreator (BackgroundPipelineCreator.java:notifyEventTriggered(280)) - trigger a one-shot run on RatisPipelineUtilsThread.
2024-04-29 10:07:42,493 [RatisPipelineUtilsThread-0] INFO  pipeline.RatisPipelineProvider (RatisPipelineProvider.java:lambda$create$0(205)) - Sending CreatePipelineCommand for pipeline:PipelineID=b77868b8-cee7-4a10-b41b-cc876d3ffd49 to datanode:29872338-e6e3-4ec5-923b-53e8a9791636
2024-04-29 10:07:42,494 [RatisPipelineUtilsThread-0] INFO  pipeline.BackgroundPipelineCreator (BackgroundPipelineCreator.java:createPipelines(236)) - Created new pipeline Pipeline[ Id: b77868b8-cee7-4a10-b41b-cc876d3ffd49, Nodes: 29872338-e6e3-4ec5-923b-53e8a9791636(localhost/127.0.0.1), ReplicationConfig: RATIS/ONE, State:ALLOCATED, leaderId:, CreationTimestamp2024-04-29T10:07:42.493718984Z[Etc/UTC]]
2024-04-29 10:07:42,562 [main] INFO  ozone.MiniOzoneClusterImpl (MiniOzoneClusterImpl.java:lambda$waitForClusterToBeReady$0(194)) - Waiting for nodes to be ready. Got 8 of 9 DN Heartbeats.
2024-04-29 10:07:42,562 [main] INFO  ozone.MiniOzoneClusterImpl (MiniOzoneClusterImpl.java:lambda$waitForClusterToBeReady$0(197)) - Waiting for cluster to exit safe mode
2024-04-29 10:07:42,562 [main] INFO  ozone.MiniOzoneClusterImpl (MiniOzoneClusterImpl.java:lambda$waitForClusterToBeReady$0(199)) - SCM became leader
2024-04-29 10:07:42,566 [IPC Server handler 1 on default port 15536] INFO  net.NetworkTopologyImpl (NetworkTopologyImpl.java:add(134)) - Added a new node: /default-rack/1f92b403-6a1c-4076-80c0-09f74f2f4297
2024-04-29 10:07:42,566 [IPC Server handler 1 on default port 15536] INFO  node.SCMNodeManager (SCMNodeManager.java:register(421)) - Registered datanode: 1f92b403-6a1c-4076-80c0-09f74f2f4297{ip: 127.0.0.1, host: localhost, ports: [HTTP=15615, CLIENT_RPC=15616, REPLICATION=15622, RATIS=15618, RATIS_ADMIN=15619, RATIS_SERVER=15620, RATIS_DATASTREAM=15621, STANDALONE=15617], networkLocation: /default-rack, certSerialId: null, persistedOpState: null, persistedOpStateExpiryEpochSec: 0}
2024-04-29 10:07:42,566 [EventQueue-NewNodeForNewNodeHandler] INFO  pipeline.BackgroundPipelineCreator (BackgroundPipelineCreator.java:notifyEventTriggered(280)) - trigger a one-shot run on RatisPipelineUtilsThread.
2024-04-29 10:07:42,567 [RatisPipelineUtilsThread-0] INFO  pipeline.RatisPipelineProvider (RatisPipelineProvider.java:lambda$create$0(205)) - Sending CreatePipelineCommand for pipeline:PipelineID=bba541d4-32cb-47e6-86ae-eed01e0c8fba to datanode:1f92b403-6a1c-4076-80c0-09f74f2f4297
2024-04-29 10:07:42,567 [RatisPipelineUtilsThread-0] INFO  pipeline.BackgroundPipelineCreator (BackgroundPipelineCreator.java:createPipelines(236)) - Created new pipeline Pipeline[ Id: bba541d4-32cb-47e6-86ae-eed01e0c8fba, Nodes: 1f92b403-6a1c-4076-80c0-09f74f2f4297(localhost/127.0.0.1), ReplicationConfig: RATIS/ONE, State:ALLOCATED, leaderId:, CreationTimestamp2024-04-29T10:07:42.567082640Z[Etc/UTC]]
2024-04-29 10:07:42,567 [RatisPipelineUtilsThread-0] INFO  pipeline.RatisPipelineProvider (RatisPipelineProvider.java:lambda$create$0(205)) - Sending CreatePipelineCommand for pipeline:PipelineID=469e50ad-6cde-4a23-a4d7-3bd7d644ae46 to datanode:1f92b403-6a1c-4076-80c0-09f74f2f4297
2024-04-29 10:07:42,568 [RatisPipelineUtilsThread-0] INFO  pipeline.RatisPipelineProvider (RatisPipelineProvider.java:lambda$create$0(205)) - Sending CreatePipelineCommand for pipeline:PipelineID=469e50ad-6cde-4a23-a4d7-3bd7d644ae46 to datanode:29872338-e6e3-4ec5-923b-53e8a9791636
2024-04-29 10:07:42,568 [RatisPipelineUtilsThread-0] INFO  pipeline.RatisPipelineProvider (RatisPipelineProvider.java:lambda$create$0(205)) - Sending CreatePipelineCommand for pipeline:PipelineID=469e50ad-6cde-4a23-a4d7-3bd7d644ae46 to datanode:d62b1b2a-c9ad-4d76-9b36-24bd1a5a2aa1
2024-04-29 10:07:42,568 [RatisPipelineUtilsThread-0] INFO  pipeline.BackgroundPipelineCreator (BackgroundPipelineCreator.java:createPipelines(236)) - Created new pipeline Pipeline[ Id: 469e50ad-6cde-4a23-a4d7-3bd7d644ae46, Nodes: 1f92b403-6a1c-4076-80c0-09f74f2f4297(localhost/127.0.0.1)29872338-e6e3-4ec5-923b-53e8a9791636(localhost/127.0.0.1)d62b1b2a-c9ad-4d76-9b36-24bd1a5a2aa1(localhost/127.0.0.1), ReplicationConfig: RATIS/THREE, State:ALLOCATED, leaderId:, CreationTimestamp2024-04-29T10:07:42.567991662Z[Etc/UTC]]
2024-04-29 10:07:43,562 [main] INFO  ozone.MiniOzoneClusterImpl (MiniOzoneClusterImpl.java:lambda$waitForClusterToBeReady$0(194)) - Nodes are ready. Got 9 of 9 DN Heartbeats.
2024-04-29 10:07:43,562 [main] INFO  ozone.MiniOzoneClusterImpl (MiniOzoneClusterImpl.java:lambda$waitForClusterToBeReady$0(197)) - Waiting for cluster to exit safe mode
2024-04-29 10:07:43,562 [main] INFO  ozone.MiniOzoneClusterImpl (MiniOzoneClusterImpl.java:lambda$waitForClusterToBeReady$0(199)) - SCM became leader
2024-04-29 10:07:44,562 [main] INFO  ozone.MiniOzoneClusterImpl (MiniOzoneClusterImpl.java:lambda$waitForClusterToBeReady$0(194)) - Nodes are ready. Got 9 of 9 DN Heartbeats.
2024-04-29 10:07:44,563 [main] INFO  ozone.MiniOzoneClusterImpl (MiniOzoneClusterImpl.java:lambda$waitForClusterToBeReady$0(197)) - Waiting for cluster to exit safe mode
2024-04-29 10:07:44,563 [main] INFO  ozone.MiniOzoneClusterImpl (MiniOzoneClusterImpl.java:lambda$waitForClusterToBeReady$0(199)) - SCM became leader
2024-04-29 10:07:45,126 [45d7554a-4794-4db0-8ec2-ed03ee8d9322-PipelineCommandHandlerThread-0] INFO  server.RaftServer (RaftServerProxy.java:addNew(100)) - 45d7554a-4794-4db0-8ec2-ed03ee8d9322: addNew group-CCD0AF0667B0:[45d7554a-4794-4db0-8ec2-ed03ee8d9322|127.0.0.1:15548] returns group-CCD0AF0667B0:java.util.concurrent.CompletableFuture@2e8404a1[Not completed]
2024-04-29 10:07:45,127 [45d7554a-4794-4db0-8ec2-ed03ee8d9322-groupManagement] INFO  server.RaftServer$Division (RaftServerImpl.java:<init>(256)) - 45d7554a-4794-4db0-8ec2-ed03ee8d9322: new RaftServerImpl for group-CCD0AF0667B0:[45d7554a-4794-4db0-8ec2-ed03ee8d9322|127.0.0.1:15548] with ContainerStateMachine:uninitialized
2024-04-29 10:07:45,127 [45d7554a-4794-4db0-8ec2-ed03ee8d9322-groupManagement] INFO  server.RaftServerConfigKeys (ConfUtils.java:logGet(46)) - raft.server.rpc.timeout.min = 5s (custom)
2024-04-29 10:07:45,127 [45d7554a-4794-4db0-8ec2-ed03ee8d9322-groupManagement] INFO  server.RaftServerConfigKeys (ConfUtils.java:logGet(46)) - raft.server.rpc.timeout.max = 5200ms (custom)
2024-04-29 10:07:45,127 [45d7554a-4794-4db0-8ec2-ed03ee8d9322-groupManagement] INFO  server.RaftServerConfigKeys (ConfUtils.java:logGet(46)) - raft.server.rpc.sleep.time = 25ms (default)
2024-04-29 10:07:45,127 [45d7554a-4794-4db0-8ec2-ed03ee8d9322-groupManagement] INFO  server.RaftServerConfigKeys (ConfUtils.java:logGet(46)) - raft.server.rpc.slowness.timeout = 300000ms (custom)
2024-04-29 10:07:45,127 [45d7554a-4794-4db0-8ec2-ed03ee8d9322-groupManagement] INFO  server.RaftServerConfigKeys (ConfUtils.java:logGet(46)) - raft.server.leaderelection.leader.step-down.wait-time = 10s (default)
2024-04-29 10:07:45,127 [45d7554a-4794-4db0-8ec2-ed03ee8d9322-groupManagement] INFO  server.RaftServerConfigKeys (ConfUtils.java:logGet(46)) - raft.server.leaderelection.member.majority-add = false (default)
2024-04-29 10:07:45,127 [45d7554a-4794-4db0-8ec2-ed03ee8d9322-groupManagement] INFO  server.RaftServerConfigKeys (ConfUtils.java:logGet(46)) - raft.server.sleep.deviation.threshold = 300ms (default)
2024-04-29 10:07:45,127 [45d7554a-4794-4db0-8ec2-ed03ee8d9322-groupManagement] INFO  server.RaftServer$Division (ServerState.java:<init>(113)) - 45d7554a-4794-4db0-8ec2-ed03ee8d9322@group-CCD0AF0667B0: ConfigurationManager, init=-1: peers:[45d7554a-4794-4db0-8ec2-ed03ee8d9322|127.0.0.1:15548]|listeners:[], old=null, confs=<EMPTY_MAP>
2024-04-29 10:07:45,127 [45d7554a-4794-4db0-8ec2-ed03ee8d9322-groupManagement] INFO  server.RaftServerConfigKeys (ConfUtils.java:logGet(46)) - raft.server.notification.no-leader.timeout = 300000ms (custom)
2024-04-29 10:07:45,127 [45d7554a-4794-4db0-8ec2-ed03ee8d9322-groupManagement] INFO  server.RaftServerConfigKeys (ConfUtils.java:logGet(46)) - raft.server.read.timeout = 10s (default)
2024-04-29 10:07:45,127 [45d7554a-4794-4db0-8ec2-ed03ee8d9322-groupManagement] INFO  server.RaftServerConfigKeys (ConfUtils.java:logGet(46)) - raft.server.retrycache.expirytime = 600000ms (custom)
2024-04-29 10:07:45,127 [45d7554a-4794-4db0-8ec2-ed03ee8d9322-groupManagement] INFO  server.RaftServerConfigKeys (ConfUtils.java:logGet(46)) - raft.server.retrycache.statistics.expirytime = 100ms (default)
2024-04-29 10:07:45,128 [45d7554a-4794-4db0-8ec2-ed03ee8d9322-groupManagement] INFO  server.RaftServerConfigKeys (ConfUtils.java:logGet(46)) - raft.server.read.option = DEFAULT (default)
2024-04-29 10:07:45,128 [45d7554a-4794-4db0-8ec2-ed03ee8d9322-groupManagement] INFO  server.RaftServerConfigKeys (ConfUtils.java:logGet(46)) - raft.server.read.read-after-write-consistent.write-index-cache.expiry-time = 60s (default)
2024-04-29 10:07:45,130 [45d7554a-4794-4db0-8ec2-ed03ee8d9322-groupManagement] INFO  server.RaftServerConfigKeys (ConfUtils.java:logGet(46)) - raft.server.rpc.request.timeout = 3000ms (default)
2024-04-29 10:07:45,130 [45d7554a-4794-4db0-8ec2-ed03ee8d9322-groupManagement] INFO  server.RaftServerConfigKeys (ConfUtils.java:logGet(46)) - raft.server.log.appender.install.snapshot.enabled = false (custom)
2024-04-29 10:07:45,130 [45d7554a-4794-4db0-8ec2-ed03ee8d9322-groupManagement] INFO  server.RaftServerConfigKeys (ConfUtils.java:logGet(46)) - raft.server.threadpool.server.cached = true (default)
2024-04-29 10:07:45,130 [45d7554a-4794-4db0-8ec2-ed03ee8d9322-groupManagement] INFO  server.RaftServerConfigKeys (ConfUtils.java:logGet(46)) - raft.server.threadpool.server.size = 0 (default)
2024-04-29 10:07:45,130 [45d7554a-4794-4db0-8ec2-ed03ee8d9322-groupManagement] INFO  server.RaftServerConfigKeys (ConfUtils.java:logGet(46)) - raft.server.threadpool.client.cached = true (default)
2024-04-29 10:07:45,130 [45d7554a-4794-4db0-8ec2-ed03ee8d9322-groupManagement] INFO  server.RaftServerConfigKeys (ConfUtils.java:logGet(46)) - raft.server.threadpool.client.size = 0 (default)
2024-04-29 10:07:45,130 [45d7554a-4794-4db0-8ec2-ed03ee8d9322-groupManagement] INFO  server.RaftServerConfigKeys (ConfUtils.java:logGet(46)) - raft.server.storage.free-space.min = 0MB (=0) (default)
2024-04-29 10:07:45,130 [45d7554a-4794-4db0-8ec2-ed03ee8d9322-groupManagement] INFO  server.RaftServerConfigKeys (ConfUtils.java:logGet(46)) - raft.server.log.corruption.policy = EXCEPTION (default)
2024-04-29 10:07:45,130 [45d7554a-4794-4db0-8ec2-ed03ee8d9322-groupManagement] INFO  server.RaftServerConfigKeys (ConfUtils.java:logGet(46)) - raft.server.storage.dir = [/home/runner/work/ozone/ozone/hadoop-ozone/integration-test/target/test-dir/MiniOzoneClusterImpl-b29d8e3c-9ac1-4bd8-916d-9a49b4a73262/ozone-meta/datanode-1/ratis] (custom)
2024-04-29 10:07:45,130 [45d7554a-4794-4db0-8ec2-ed03ee8d9322-groupManagement] INFO  storage.RaftStorageDirectory (RaftStorageDirectoryImpl.java:analyzeStorage(138)) - The storage directory /home/runner/work/ozone/ozone/hadoop-ozone/integration-test/target/test-dir/MiniOzoneClusterImpl-b29d8e3c-9ac1-4bd8-916d-9a49b4a73262/ozone-meta/datanode-1/ratis/3382c539-88cb-469f-a59d-ccd0af0667b0 does not exist. Creating ...
2024-04-29 10:07:45,132 [45d7554a-4794-4db0-8ec2-ed03ee8d9322-groupManagement] INFO  storage.RaftStorageDirectory (RaftStorageDirectoryImpl.java:tryLock(228)) - Lock on /home/runner/work/ozone/ozone/hadoop-ozone/integration-test/target/test-dir/MiniOzoneClusterImpl-b29d8e3c-9ac1-4bd8-916d-9a49b4a73262/ozone-meta/datanode-1/ratis/3382c539-88cb-469f-a59d-ccd0af0667b0/in_use.lock acquired by nodename 20825@fv-az913-54
2024-04-29 10:07:45,133 [45d7554a-4794-4db0-8ec2-ed03ee8d9322-groupManagement] INFO  storage.RaftStorage (RaftStorageImpl.java:format(99)) - Storage directory /home/runner/work/ozone/ozone/hadoop-ozone/integration-test/target/test-dir/MiniOzoneClusterImpl-b29d8e3c-9ac1-4bd8-916d-9a49b4a73262/ozone-meta/datanode-1/ratis/3382c539-88cb-469f-a59d-ccd0af0667b0 has been successfully formatted.
2024-04-29 10:07:45,133 [45d7554a-4794-4db0-8ec2-ed03ee8d9322-groupManagement] WARN  util.FileUtils (LogUtils.java:supplyAndLog(63)) - Failed to Files.newInputStream /home/runner/work/ozone/ozone/hadoop-ozone/integration-test/target/test-dir/MiniOzoneClusterImpl-b29d8e3c-9ac1-4bd8-916d-9a49b4a73262/ozone-meta/datanode-1/ratis/3382c539-88cb-469f-a59d-ccd0af0667b0/current/raft-meta.conf with options []: java.nio.file.NoSuchFileException: /home/runner/work/ozone/ozone/hadoop-ozone/integration-test/target/test-dir/MiniOzoneClusterImpl-b29d8e3c-9ac1-4bd8-916d-9a49b4a73262/ozone-meta/datanode-1/ratis/3382c539-88cb-469f-a59d-ccd0af0667b0/current/raft-meta.conf
2024-04-29 10:07:45,133 [45d7554a-4794-4db0-8ec2-ed03ee8d9322-groupManagement] INFO  ratis.ContainerStateMachine (ContainerStateMachine.java:loadSnapshot(287)) - group-CCD0AF0667B0: The snapshot info is null. Setting the last applied index to:(t:0, i:~)
2024-04-29 10:07:45,133 [45d7554a-4794-4db0-8ec2-ed03ee8d9322-groupManagement] INFO  server.RaftServerConfigKeys (ConfUtils.java:logGet(46)) - raft.server.log.use.memory = false (default)
2024-04-29 10:07:45,134 [45d7554a-4794-4db0-8ec2-ed03ee8d9322-groupManagement] INFO  server.RaftServerConfigKeys (ConfUtils.java:logGet(46)) - raft.server.log.purge.gap = 1000000 (custom)
2024-04-29 10:07:45,134 [45d7554a-4794-4db0-8ec2-ed03ee8d9322-groupManagement] INFO  server.RaftServerConfigKeys (ConfUtils.java:logGet(46)) - raft.server.log.appender.buffer.byte-limit = 8388608 (custom)
2024-04-29 10:07:45,134 [45d7554a-4794-4db0-8ec2-ed03ee8d9322-groupManagement] INFO  server.RaftServerConfigKeys (ConfUtils.java:logGet(46)) - raft.server.log.statemachine.data.read.timeout = 1000ms (default)
2024-04-29 10:07:45,134 [45d7554a-4794-4db0-8ec2-ed03ee8d9322-groupManagement] INFO  server.RaftServerConfigKeys (ConfUtils.java:logGet(46)) - raft.server.log.purge.preservation.log.num = 0 (default)
2024-04-29 10:07:45,134 [EventQueue-PipelineReportForPipelineReportHandler] INFO  pipeline.PipelineReportHandler (PipelineReportHandler.java:processPipelineReport(136)) - Opened pipeline PipelineID=3382c539-88cb-469f-a59d-ccd0af0667b0
2024-04-29 10:07:45,135 [EventQueue-OpenPipelineForHealthyPipelineSafeModeRule] INFO  safemode.SCMSafeModeManager (HealthyPipelineSafeModeRule.java:process(140)) - SCM in safe mode. Healthy pipelines reported count is 0, required healthy pipeline reported count is 1
2024-04-29 10:07:45,135 [45d7554a-4794-4db0-8ec2-ed03ee8d9322-groupManagement] INFO  server.RaftServerConfigKeys (ConfUtils.java:logGet(46)) - raft.server.log.segment.size.max = 67108864 (custom)
2024-04-29 10:07:45,135 [45d7554a-4794-4db0-8ec2-ed03ee8d9322-groupManagement] INFO  server.RaftServerConfigKeys (ConfUtils.java:logGet(46)) - raft.server.log.segment.cache.num.max = 2 (custom)
2024-04-29 10:07:45,135 [45d7554a-4794-4db0-8ec2-ed03ee8d9322-groupManagement] INFO  server.RaftServerConfigKeys (ConfUtils.java:logGet(46)) - raft.server.log.segment.cache.size.max = 200MB (=209715200) (default)
2024-04-29 10:07:45,135 [45d7554a-4794-4db0-8ec2-ed03ee8d9322-groupManagement] INFO  server.RaftServerConfigKeys (ConfUtils.java:logGet(46)) - raft.server.log.appender.buffer.byte-limit = 8388608 (custom)
2024-04-29 10:07:45,135 [45d7554a-4794-4db0-8ec2-ed03ee8d9322-groupManagement] INFO  util.AwaitToRun (AwaitToRun.java:start(81)) - Thread[45d7554a-4794-4db0-8ec2-ed03ee8d9322@group-CCD0AF0667B0-cacheEviction-AwaitToRun,5,main] started
2024-04-29 10:07:45,135 [45d7554a-4794-4db0-8ec2-ed03ee8d9322-groupManagement] INFO  segmented.SegmentedRaftLogWorker (SegmentedRaftLogWorker.java:<init>(182)) - new 45d7554a-4794-4db0-8ec2-ed03ee8d9322@group-CCD0AF0667B0-SegmentedRaftLogWorker for RaftStorageImpl:Storage Directory /home/runner/work/ozone/ozone/hadoop-ozone/integration-test/target/test-dir/MiniOzoneClusterImpl-b29d8e3c-9ac1-4bd8-916d-9a49b4a73262/ozone-meta/datanode-1/ratis/3382c539-88cb-469f-a59d-ccd0af0667b0
2024-04-29 10:07:45,135 [45d7554a-4794-4db0-8ec2-ed03ee8d9322-groupManagement] INFO  server.RaftServerConfigKeys (ConfUtils.java:logGet(46)) - raft.server.log.queue.byte-limit = 4294967296 (custom)
2024-04-29 10:07:45,136 [45d7554a-4794-4db0-8ec2-ed03ee8d9322-groupManagement] INFO  server.RaftServerConfigKeys (ConfUtils.java:logGet(46)) - raft.server.log.queue.element-limit = 1024 (custom)
2024-04-29 10:07:45,136 [45d7554a-4794-4db0-8ec2-ed03ee8d9322-groupManagement] INFO  server.RaftServerConfigKeys (ConfUtils.java:logGet(46)) - raft.server.log.segment.size.max = 67108864 (custom)
2024-04-29 10:07:45,136 [45d7554a-4794-4db0-8ec2-ed03ee8d9322-groupManagement] INFO  server.RaftServerConfigKeys (ConfUtils.java:logGet(46)) - raft.server.log.preallocated.size = 4194304 (custom)
2024-04-29 10:07:45,136 [45d7554a-4794-4db0-8ec2-ed03ee8d9322-groupManagement] INFO  server.RaftServerConfigKeys (ConfUtils.java:logGet(46)) - raft.server.log.force.sync.num = 128 (default)
2024-04-29 10:07:45,136 [45d7554a-4794-4db0-8ec2-ed03ee8d9322-groupManagement] INFO  server.RaftServerConfigKeys (ConfUtils.java:logGet(46)) - raft.server.log.statemachine.data.sync = true (default)
2024-04-29 10:07:45,136 [45d7554a-4794-4db0-8ec2-ed03ee8d9322-groupManagement] INFO  server.RaftServerConfigKeys (ConfUtils.java:logGet(46)) - raft.server.log.statemachine.data.sync.timeout = 10s (default)
2024-04-29 10:07:45,136 [45d7554a-4794-4db0-8ec2-ed03ee8d9322-groupManagement] INFO  server.RaftServerConfigKeys (ConfUtils.java:logGet(46)) - raft.server.log.statemachine.data.sync.timeout.retry = 30 (custom)
2024-04-29 10:07:45,136 [45d7554a-4794-4db0-8ec2-ed03ee8d9322-groupManagement] INFO  server.RaftServerConfigKeys (ConfUtils.java:logGet(46)) - raft.server.log.write.buffer.size = 8388616 (custom)
2024-04-29 10:07:45,137 [45d7554a-4794-4db0-8ec2-ed03ee8d9322-groupManagement] INFO  server.RaftServerConfigKeys (ConfUtils.java:logGet(46)) - raft.server.log.appender.buffer.byte-limit = 8388608 (custom)
2024-04-29 10:07:45,137 [45d7554a-4794-4db0-8ec2-ed03ee8d9322-groupManagement] INFO  server.RaftServerConfigKeys (ConfUtils.java:logGet(46)) - raft.server.log.unsafe-flush.enabled = false (default)
2024-04-29 10:07:45,137 [45d7554a-4794-4db0-8ec2-ed03ee8d9322-groupManagement] INFO  server.RaftServerConfigKeys (ConfUtils.java:logGet(46)) - raft.server.log.async-flush.enabled = false (default)
2024-04-29 10:07:45,137 [45d7554a-4794-4db0-8ec2-ed03ee8d9322-groupManagement] INFO  server.RaftServerConfigKeys (ConfUtils.java:logGet(46)) - raft.server.log.statemachine.data.caching.enabled = true (custom)
2024-04-29 10:07:45,137 [45d7554a-4794-4db0-8ec2-ed03ee8d9322-groupManagement] INFO  segmented.SegmentedRaftLogWorker (SegmentedRaftLogWorker.java:lambda$new$0(134)) - 45d7554a-4794-4db0-8ec2-ed03ee8d9322@group-CCD0AF0667B0-SegmentedRaftLogWorker: flushIndex: setUnconditionally 0 -> -1
2024-04-29 10:07:45,137 [45d7554a-4794-4db0-8ec2-ed03ee8d9322-groupManagement] INFO  segmented.SegmentedRaftLogWorker (SegmentedRaftLogWorker.java:lambda$new$0(134)) - 45d7554a-4794-4db0-8ec2-ed03ee8d9322@group-CCD0AF0667B0-SegmentedRaftLogWorker: safeCacheEvictIndex: setUnconditionally 0 -> -1
2024-04-29 10:07:45,137 [45d7554a-4794-4db0-8ec2-ed03ee8d9322-groupManagement] INFO  server.RaftServer$Division (RaftServerImpl.java:start(396)) - 45d7554a-4794-4db0-8ec2-ed03ee8d9322@group-CCD0AF0667B0: start as a follower, conf=-1: peers:[45d7554a-4794-4db0-8ec2-ed03ee8d9322|127.0.0.1:15548]|listeners:[], old=null
2024-04-29 10:07:45,137 [45d7554a-4794-4db0-8ec2-ed03ee8d9322-groupManagement] INFO  server.RaftServer$Division (RaftServerImpl.java:setRole(383)) - 45d7554a-4794-4db0-8ec2-ed03ee8d9322@group-CCD0AF0667B0: changes role from      null to FOLLOWER at term 0 for startAsFollower
2024-04-29 10:07:45,137 [45d7554a-4794-4db0-8ec2-ed03ee8d9322-groupManagement] INFO  impl.RoleInfo (RoleInfo.java:updateAndGet(139)) - 45d7554a-4794-4db0-8ec2-ed03ee8d9322: start 45d7554a-4794-4db0-8ec2-ed03ee8d9322@group-CCD0AF0667B0-FollowerState
2024-04-29 10:07:45,138 [45d7554a-4794-4db0-8ec2-ed03ee8d9322@group-CCD0AF0667B0-FollowerState] INFO  server.RaftServerConfigKeys (ConfUtils.java:logFallback(53)) - raft.server.rpc.first-election.timeout.min = 5s (fallback to raft.server.rpc.timeout.min)
2024-04-29 10:07:45,138 [45d7554a-4794-4db0-8ec2-ed03ee8d9322@group-CCD0AF0667B0-FollowerState] INFO  server.RaftServerConfigKeys (ConfUtils.java:logFallback(53)) - raft.server.rpc.first-election.timeout.max = 5200ms (fallback to raft.server.rpc.timeout.max)
2024-04-29 10:07:45,138 [45d7554a-4794-4db0-8ec2-ed03ee8d9322-groupManagement] INFO  util.JmxRegister (JmxRegister.java:tryRegister(44)) - Successfully registered JMX Bean with object name Ratis:service=RaftServer,group=group-CCD0AF0667B0,id=45d7554a-4794-4db0-8ec2-ed03ee8d9322
2024-04-29 10:07:45,138 [45d7554a-4794-4db0-8ec2-ed03ee8d9322-groupManagement] INFO  server.RaftServerConfigKeys (ConfUtils.java:logGet(46)) - raft.server.snapshot.trigger-when-stop.enabled = true (default)
2024-04-29 10:07:45,138 [45d7554a-4794-4db0-8ec2-ed03ee8d9322-groupManagement] INFO  server.RaftServerConfigKeys (ConfUtils.java:logGet(46)) - raft.server.snapshot.auto.trigger.enabled = true (custom)
2024-04-29 10:07:45,138 [45d7554a-4794-4db0-8ec2-ed03ee8d9322-groupManagement] INFO  server.RaftServerConfigKeys (ConfUtils.java:logGet(46)) - raft.server.snapshot.auto.trigger.threshold = 10000 (custom)
2024-04-29 10:07:45,138 [45d7554a-4794-4db0-8ec2-ed03ee8d9322-groupManagement] INFO  server.RaftServerConfigKeys (ConfUtils.java:logGet(46)) - raft.server.snapshot.retention.file.num = 5 (custom)
2024-04-29 10:07:45,138 [45d7554a-4794-4db0-8ec2-ed03ee8d9322-groupManagement] INFO  server.RaftServerConfigKeys (ConfUtils.java:logGet(46)) - raft.server.log.purge.upto.snapshot.index = false (default)
2024-04-29 10:07:45,139 [45d7554a-4794-4db0-8ec2-ed03ee8d9322-PipelineCommandHandlerThread-0] INFO  ratis.XceiverServerRatis (XceiverServerRatis.java:addGroup(864)) - Created group PipelineID=3382c539-88cb-469f-a59d-ccd0af0667b0
2024-04-29 10:07:45,139 [45d7554a-4794-4db0-8ec2-ed03ee8d9322-PipelineCommandHandlerThread-0] INFO  commandhandler.CreatePipelineCommandHandler (CreatePipelineCommandHandler.java:lambda$handle$2(124)) - Created Pipeline RATIS ONE PipelineID=3382c539-88cb-469f-a59d-ccd0af0667b0.
2024-04-29 10:07:45,139 [45d7554a-4794-4db0-8ec2-ed03ee8d9322-PipelineCommandHandlerThread-0] INFO  server.RaftServer (RaftServerProxy.java:addNew(100)) - 45d7554a-4794-4db0-8ec2-ed03ee8d9322: addNew group-5F07EAC53845:[45d7554a-4794-4db0-8ec2-ed03ee8d9322|127.0.0.1:15548, 0b459a02-f078-4553-b8ee-4a7bbebe5aa1|127.0.0.1:15566, 4c7d070b-487d-4f6a-a802-5407a717b610|127.0.0.1:15557] returns group-5F07EAC53845:java.util.concurrent.CompletableFuture@2abb85a9[Not completed]
2024-04-29 10:07:45,139 [45d7554a-4794-4db0-8ec2-ed03ee8d9322-groupManagement] INFO  server.RaftServer$Division (RaftServerImpl.java:<init>(256)) - 45d7554a-4794-4db0-8ec2-ed03ee8d9322: new RaftServerImpl for group-5F07EAC53845:[45d7554a-4794-4db0-8ec2-ed03ee8d9322|127.0.0.1:15548, 0b459a02-f078-4553-b8ee-4a7bbebe5aa1|127.0.0.1:15566, 4c7d070b-487d-4f6a-a802-5407a717b610|127.0.0.1:15557] with ContainerStateMachine:uninitialized
2024-04-29 10:07:45,139 [45d7554a-4794-4db0-8ec2-ed03ee8d9322-groupManagement] INFO  server.RaftServerConfigKeys (ConfUtils.java:logGet(46)) - raft.server.rpc.timeout.min = 5s (custom)
2024-04-29 10:07:45,140 [45d7554a-4794-4db0-8ec2-ed03ee8d9322-groupManagement] INFO  server.RaftServerConfigKeys (ConfUtils.java:logGet(46)) - raft.server.rpc.timeout.max = 5200ms (custom)
2024-04-29 10:07:45,140 [45d7554a-4794-4db0-8ec2-ed03ee8d9322-groupManagement] INFO  server.RaftServerConfigKeys (ConfUtils.java:logGet(46)) - raft.server.rpc.sleep.time = 25ms (default)
2024-04-29 10:07:45,140 [45d7554a-4794-4db0-8ec2-ed03ee8d9322-groupManagement] INFO  server.RaftServerConfigKeys (ConfUtils.java:logGet(46)) - raft.server.rpc.slowness.timeout = 300000ms (custom)
2024-04-29 10:07:45,140 [45d7554a-4794-4db0-8ec2-ed03ee8d9322-groupManagement] INFO  server.RaftServerConfigKeys (ConfUtils.java:logGet(46)) - raft.server.leaderelection.leader.step-down.wait-time = 10s (default)
2024-04-29 10:07:45,140 [45d7554a-4794-4db0-8ec2-ed03ee8d9322-groupManagement] INFO  server.RaftServerConfigKeys (ConfUtils.java:logGet(46)) - raft.server.leaderelection.member.majority-add = false (default)
2024-04-29 10:07:45,140 [45d7554a-4794-4db0-8ec2-ed03ee8d9322-groupManagement] INFO  server.RaftServerConfigKeys (ConfUtils.java:logGet(46)) - raft.server.sleep.deviation.threshold = 300ms (default)
2024-04-29 10:07:45,140 [45d7554a-4794-4db0-8ec2-ed03ee8d9322-groupManagement] INFO  server.RaftServer$Division (ServerState.java:<init>(113)) - 45d7554a-4794-4db0-8ec2-ed03ee8d9322@group-5F07EAC53845: ConfigurationManager, init=-1: peers:[45d7554a-4794-4db0-8ec2-ed03ee8d9322|127.0.0.1:15548, 0b459a02-f078-4553-b8ee-4a7bbebe5aa1|127.0.0.1:15566, 4c7d070b-487d-4f6a-a802-5407a717b610|127.0.0.1:15557]|listeners:[], old=null, confs=<EMPTY_MAP>
2024-04-29 10:07:45,140 [45d7554a-4794-4db0-8ec2-ed03ee8d9322-groupManagement] INFO  server.RaftServerConfigKeys (ConfUtils.java:logGet(46)) - raft.server.notification.no-leader.timeout = 300000ms (custom)
2024-04-29 10:07:45,140 [45d7554a-4794-4db0-8ec2-ed03ee8d9322-groupManagement] INFO  server.RaftServerConfigKeys (ConfUtils.java:logGet(46)) - raft.server.read.timeout = 10s (default)
2024-04-29 10:07:45,140 [45d7554a-4794-4db0-8ec2-ed03ee8d9322-groupManagement] INFO  server.RaftServerConfigKeys (ConfUtils.java:logGet(46)) - raft.server.retrycache.expirytime = 600000ms (custom)
2024-04-29 10:07:45,140 [45d7554a-4794-4db0-8ec2-ed03ee8d9322-groupManagement] INFO  server.RaftServerConfigKeys (ConfUtils.java:logGet(46)) - raft.server.retrycache.statistics.expirytime = 100ms (default)
2024-04-29 10:07:45,140 [45d7554a-4794-4db0-8ec2-ed03ee8d9322-groupManagement] INFO  server.RaftServerConfigKeys (ConfUtils.java:logGet(46)) - raft.server.read.option = DEFAULT (default)
2024-04-29 10:07:45,140 [45d7554a-4794-4db0-8ec2-ed03ee8d9322-groupManagement] INFO  server.RaftServerConfigKeys (ConfUtils.java:logGet(46)) - raft.server.read.read-after-write-consistent.write-index-cache.expiry-time = 60s (default)
2024-04-29 10:07:45,141 [45d7554a-4794-4db0-8ec2-ed03ee8d9322-groupManagement] INFO  server.RaftServerConfigKeys (ConfUtils.java:logGet(46)) - raft.server.rpc.request.timeout = 3000ms (default)
2024-04-29 10:07:45,142 [45d7554a-4794-4db0-8ec2-ed03ee8d9322-groupManagement] INFO  server.RaftServerConfigKeys (ConfUtils.java:logGet(46)) - raft.server.log.appender.install.snapshot.enabled = false (custom)
2024-04-29 10:07:45,142 [45d7554a-4794-4db0-8ec2-ed03ee8d9322-groupManagement] INFO  server.RaftServerConfigKeys (ConfUtils.java:logGet(46)) - raft.server.threadpool.server.cached = true (default)
2024-04-29 10:07:45,142 [45d7554a-4794-4db0-8ec2-ed03ee8d9322-groupManagement] INFO  server.RaftServerConfigKeys (ConfUtils.java:logGet(46)) - raft.server.threadpool.server.size = 0 (default)
2024-04-29 10:07:45,142 [45d7554a-4794-4db0-8ec2-ed03ee8d9322-groupManagement] INFO  server.RaftServerConfigKeys (ConfUtils.java:logGet(46)) - raft.server.threadpool.client.cached = true (default)
2024-04-29 10:07:45,142 [45d7554a-4794-4db0-8ec2-ed03ee8d9322-groupManagement] INFO  server.RaftServerConfigKeys (ConfUtils.java:logGet(46)) - raft.server.threadpool.client.size = 0 (default)
2024-04-29 10:07:45,142 [45d7554a-4794-4db0-8ec2-ed03ee8d9322-groupManagement] INFO  server.RaftServerConfigKeys (ConfUtils.java:logGet(46)) - raft.server.storage.free-space.min = 0MB (=0) (default)
2024-04-29 10:07:45,142 [45d7554a-4794-4db0-8ec2-ed03ee8d9322-groupManagement] INFO  server.RaftServerConfigKeys (ConfUtils.java:logGet(46)) - raft.server.log.corruption.policy = EXCEPTION (default)
2024-04-29 10:07:45,142 [45d7554a-4794-4db0-8ec2-ed03ee8d9322-groupManagement] INFO  server.RaftServerConfigKeys (ConfUtils.java:logGet(46)) - raft.server.storage.dir = [/home/runner/work/ozone/ozone/hadoop-ozone/integration-test/target/test-dir/MiniOzoneClusterImpl-b29d8e3c-9ac1-4bd8-916d-9a49b4a73262/ozone-meta/datanode-1/ratis] (custom)
2024-04-29 10:07:45,142 [45d7554a-4794-4db0-8ec2-ed03ee8d9322-groupManagement] INFO  storage.RaftStorageDirectory (RaftStorageDirectoryImpl.java:analyzeStorage(138)) - The storage directory /home/runner/work/ozone/ozone/hadoop-ozone/integration-test/target/test-dir/MiniOzoneClusterImpl-b29d8e3c-9ac1-4bd8-916d-9a49b4a73262/ozone-meta/datanode-1/ratis/40ab4934-8feb-4e0b-a110-5f07eac53845 does not exist. Creating ...
2024-04-29 10:07:45,143 [45d7554a-4794-4db0-8ec2-ed03ee8d9322-groupManagement] INFO  storage.RaftStorageDirectory (RaftStorageDirectoryImpl.java:tryLock(228)) - Lock on /home/runner/work/ozone/ozone/hadoop-ozone/integration-test/target/test-dir/MiniOzoneClusterImpl-b29d8e3c-9ac1-4bd8-916d-9a49b4a73262/ozone-meta/datanode-1/ratis/40ab4934-8feb-4e0b-a110-5f07eac53845/in_use.lock acquired by nodename 20825@fv-az913-54
2024-04-29 10:07:45,144 [45d7554a-4794-4db0-8ec2-ed03ee8d9322-groupManagement] INFO  storage.RaftStorage (RaftStorageImpl.java:format(99)) - Storage directory /home/runner/work/ozone/ozone/hadoop-ozone/integration-test/target/test-dir/MiniOzoneClusterImpl-b29d8e3c-9ac1-4bd8-916d-9a49b4a73262/ozone-meta/datanode-1/ratis/40ab4934-8feb-4e0b-a110-5f07eac53845 has been successfully formatted.
2024-04-29 10:07:45,144 [45d7554a-4794-4db0-8ec2-ed03ee8d9322-groupManagement] WARN  util.FileUtils (LogUtils.java:supplyAndLog(63)) - Failed to Files.newInputStream /home/runner/work/ozone/ozone/hadoop-ozone/integration-test/target/test-dir/MiniOzoneClusterImpl-b29d8e3c-9ac1-4bd8-916d-9a49b4a73262/ozone-meta/datanode-1/ratis/40ab4934-8feb-4e0b-a110-5f07eac53845/current/raft-meta.conf with options []: java.nio.file.NoSuchFileException: /home/runner/work/ozone/ozone/hadoop-ozone/integration-test/target/test-dir/MiniOzoneClusterImpl-b29d8e3c-9ac1-4bd8-916d-9a49b4a73262/ozone-meta/datanode-1/ratis/40ab4934-8feb-4e0b-a110-5f07eac53845/current/raft-meta.conf
2024-04-29 10:07:45,144 [45d7554a-4794-4db0-8ec2-ed03ee8d9322-groupManagement] INFO  ratis.ContainerStateMachine (ContainerStateMachine.java:loadSnapshot(287)) - group-5F07EAC53845: The snapshot info is null. Setting the last applied index to:(t:0, i:~)
2024-04-29 10:07:45,144 [45d7554a-4794-4db0-8ec2-ed03ee8d9322-groupManagement] INFO  server.RaftServerConfigKeys (ConfUtils.java:logGet(46)) - raft.server.log.use.memory = false (default)
2024-04-29 10:07:45,144 [45d7554a-4794-4db0-8ec2-ed03ee8d9322-groupManagement] INFO  server.RaftServerConfigKeys (ConfUtils.java:logGet(46)) - raft.server.log.purge.gap = 1000000 (custom)
2024-04-29 10:07:45,145 [45d7554a-4794-4db0-8ec2-ed03ee8d9322-groupManagement] INFO  server.RaftServerConfigKeys (ConfUtils.java:logGet(46)) - raft.server.log.appender.buffer.byte-limit = 8388608 (custom)
2024-04-29 10:07:45,145 [45d7554a-4794-4db0-8ec2-ed03ee8d9322-groupManagement] INFO  server.RaftServerConfigKeys (ConfUtils.java:logGet(46)) - raft.server.log.statemachine.data.read.timeout = 1000ms (default)
2024-04-29 10:07:45,145 [45d7554a-4794-4db0-8ec2-ed03ee8d9322-groupManagement] INFO  server.RaftServerConfigKeys (ConfUtils.java:logGet(46)) - raft.server.log.purge.preservation.log.num = 0 (default)
2024-04-29 10:07:45,146 [45d7554a-4794-4db0-8ec2-ed03ee8d9322-groupManagement] INFO  server.RaftServerConfigKeys (ConfUtils.java:logGet(46)) - raft.server.log.segment.size.max = 67108864 (custom)
2024-04-29 10:07:45,146 [45d7554a-4794-4db0-8ec2-ed03ee8d9322-groupManagement] INFO  server.RaftServerConfigKeys (ConfUtils.java:logGet(46)) - raft.server.log.segment.cache.num.max = 2 (custom)
2024-04-29 10:07:45,146 [45d7554a-4794-4db0-8ec2-ed03ee8d9322-groupManagement] INFO  server.RaftServerConfigKeys (ConfUtils.java:logGet(46)) - raft.server.log.segment.cache.size.max = 200MB (=209715200) (default)
2024-04-29 10:07:45,146 [45d7554a-4794-4db0-8ec2-ed03ee8d9322-groupManagement] INFO  server.RaftServerConfigKeys (ConfUtils.java:logGet(46)) - raft.server.log.appender.buffer.byte-limit = 8388608 (custom)
2024-04-29 10:07:45,146 [45d7554a-4794-4db0-8ec2-ed03ee8d9322-groupManagement] INFO  util.AwaitToRun (AwaitToRun.java:start(81)) - Thread[45d7554a-4794-4db0-8ec2-ed03ee8d9322@group-5F07EAC53845-cacheEviction-AwaitToRun,5,main] started
2024-04-29 10:07:45,146 [45d7554a-4794-4db0-8ec2-ed03ee8d9322-groupManagement] INFO  segmented.SegmentedRaftLogWorker (SegmentedRaftLogWorker.java:<init>(182)) - new 45d7554a-4794-4db0-8ec2-ed03ee8d9322@group-5F07EAC53845-SegmentedRaftLogWorker for RaftStorageImpl:Storage Directory /home/runner/work/ozone/ozone/hadoop-ozone/integration-test/target/test-dir/MiniOzoneClusterImpl-b29d8e3c-9ac1-4bd8-916d-9a49b4a73262/ozone-meta/datanode-1/ratis/40ab4934-8feb-4e0b-a110-5f07eac53845
2024-04-29 10:07:45,146 [45d7554a-4794-4db0-8ec2-ed03ee8d9322-groupManagement] INFO  server.RaftServerConfigKeys (ConfUtils.java:logGet(46)) - raft.server.log.queue.byte-limit = 4294967296 (custom)
2024-04-29 10:07:45,146 [45d7554a-4794-4db0-8ec2-ed03ee8d9322-groupManagement] INFO  server.RaftServerConfigKeys (ConfUtils.java:logGet(46)) - raft.server.log.queue.element-limit = 1024 (custom)
2024-04-29 10:07:45,146 [45d7554a-4794-4db0-8ec2-ed03ee8d9322-groupManagement] INFO  server.RaftServerConfigKeys (ConfUtils.java:logGet(46)) - raft.server.log.segment.size.max = 67108864 (custom)
2024-04-29 10:07:45,146 [45d7554a-4794-4db0-8ec2-ed03ee8d9322-groupManagement] INFO  server.RaftServerConfigKeys (ConfUtils.java:logGet(46)) - raft.server.log.preallocated.size = 4194304 (custom)
2024-04-29 10:07:45,146 [45d7554a-4794-4db0-8ec2-ed03ee8d9322-groupManagement] INFO  server.RaftServerConfigKeys (ConfUtils.java:logGet(46)) - raft.server.log.force.sync.num = 128 (default)
2024-04-29 10:07:45,146 [45d7554a-4794-4db0-8ec2-ed03ee8d9322-groupManagement] INFO  server.RaftServerConfigKeys (ConfUtils.java:logGet(46)) - raft.server.log.statemachine.data.sync = true (default)
2024-04-29 10:07:45,146 [45d7554a-4794-4db0-8ec2-ed03ee8d9322-groupManagement] INFO  server.RaftServerConfigKeys (ConfUtils.java:logGet(46)) - raft.server.log.statemachine.data.sync.timeout = 10s (default)
2024-04-29 10:07:45,146 [45d7554a-4794-4db0-8ec2-ed03ee8d9322-groupManagement] INFO  server.RaftServerConfigKeys (ConfUtils.java:logGet(46)) - raft.server.log.statemachine.data.sync.timeout.retry = 30 (custom)
2024-04-29 10:07:45,147 [45d7554a-4794-4db0-8ec2-ed03ee8d9322-groupManagement] INFO  server.RaftServerConfigKeys (ConfUtils.java:logGet(46)) - raft.server.log.write.buffer.size = 8388616 (custom)
2024-04-29 10:07:45,148 [45d7554a-4794-4db0-8ec2-ed03ee8d9322-groupManagement] INFO  server.RaftServerConfigKeys (ConfUtils.java:logGet(46)) - raft.server.log.appender.buffer.byte-limit = 8388608 (custom)
2024-04-29 10:07:45,148 [45d7554a-4794-4db0-8ec2-ed03ee8d9322-groupManagement] INFO  server.RaftServerConfigKeys (ConfUtils.java:logGet(46)) - raft.server.log.unsafe-flush.enabled = false (default)
2024-04-29 10:07:45,148 [45d7554a-4794-4db0-8ec2-ed03ee8d9322-groupManagement] INFO  server.RaftServerConfigKeys (ConfUtils.java:logGet(46)) - raft.server.log.async-flush.enabled = false (default)
2024-04-29 10:07:45,148 [45d7554a-4794-4db0-8ec2-ed03ee8d9322-groupManagement] INFO  server.RaftServerConfigKeys (ConfUtils.java:logGet(46)) - raft.server.log.statemachine.data.caching.enabled = true (custom)
2024-04-29 10:07:45,148 [45d7554a-4794-4db0-8ec2-ed03ee8d9322-groupManagement] INFO  segmented.SegmentedRaftLogWorker (SegmentedRaftLogWorker.java:lambda$new$0(134)) - 45d7554a-4794-4db0-8ec2-ed03ee8d9322@group-5F07EAC53845-SegmentedRaftLogWorker: flushIndex: setUnconditionally 0 -> -1
2024-04-29 10:07:45,148 [45d7554a-4794-4db0-8ec2-ed03ee8d9322-groupManagement] INFO  segmented.SegmentedRaftLogWorker (SegmentedRaftLogWorker.java:lambda$new$0(134)) - 45d7554a-4794-4db0-8ec2-ed03ee8d9322@group-5F07EAC53845-SegmentedRaftLogWorker: safeCacheEvictIndex: setUnconditionally 0 -> -1
2024-04-29 10:07:45,148 [45d7554a-4794-4db0-8ec2-ed03ee8d9322-groupManagement] INFO  server.RaftServer$Division (RaftServerImpl.java:start(396)) - 45d7554a-4794-4db0-8ec2-ed03ee8d9322@group-5F07EAC53845: start as a follower, conf=-1: peers:[45d7554a-4794-4db0-8ec2-ed03ee8d9322|127.0.0.1:15548, 0b459a02-f078-4553-b8ee-4a7bbebe5aa1|127.0.0.1:15566, 4c7d070b-487d-4f6a-a802-5407a717b610|127.0.0.1:15557]|listeners:[], old=null
2024-04-29 10:07:45,148 [45d7554a-4794-4db0-8ec2-ed03ee8d9322-groupManagement] INFO  server.RaftServer$Division (RaftServerImpl.java:setRole(383)) - 45d7554a-4794-4db0-8ec2-ed03ee8d9322@group-5F07EAC53845: changes role from      null to FOLLOWER at term 0 for startAsFollower
2024-04-29 10:07:45,148 [45d7554a-4794-4db0-8ec2-ed03ee8d9322-groupManagement] INFO  impl.RoleInfo (RoleInfo.java:updateAndGet(139)) - 45d7554a-4794-4db0-8ec2-ed03ee8d9322: start 45d7554a-4794-4db0-8ec2-ed03ee8d9322@group-5F07EAC53845-FollowerState
2024-04-29 10:07:45,149 [45d7554a-4794-4db0-8ec2-ed03ee8d9322@group-5F07EAC53845-FollowerState] INFO  server.RaftServerConfigKeys (ConfUtils.java:logFallback(53)) - raft.server.rpc.first-election.timeout.min = 5s (fallback to raft.server.rpc.timeout.min)
2024-04-29 10:07:45,149 [45d7554a-4794-4db0-8ec2-ed03ee8d9322-groupManagement] INFO  util.JmxRegister (JmxRegister.java:tryRegister(44)) - Successfully registered JMX Bean with object name Ratis:service=RaftServer,group=group-5F07EAC53845,id=45d7554a-4794-4db0-8ec2-ed03ee8d9322
2024-04-29 10:07:45,149 [45d7554a-4794-4db0-8ec2-ed03ee8d9322-groupManagement] INFO  server.RaftServerConfigKeys (ConfUtils.java:logGet(46)) - raft.server.snapshot.trigger-when-stop.enabled = true (default)
2024-04-29 10:07:45,149 [45d7554a-4794-4db0-8ec2-ed03ee8d9322-groupManagement] INFO  server.RaftServerConfigKeys (ConfUtils.java:logGet(46)) - raft.server.snapshot.auto.trigger.enabled = true (custom)
2024-04-29 10:07:45,149 [45d7554a-4794-4db0-8ec2-ed03ee8d9322-groupManagement] INFO  server.RaftServerConfigKeys (ConfUtils.java:logGet(46)) - raft.server.snapshot.auto.trigger.threshold = 10000 (custom)
2024-04-29 10:07:45,149 [45d7554a-4794-4db0-8ec2-ed03ee8d9322-groupManagement] INFO  server.RaftServerConfigKeys (ConfUtils.java:logGet(46)) - raft.server.snapshot.retention.file.num = 5 (custom)
2024-04-29 10:07:45,149 [45d7554a-4794-4db0-8ec2-ed03ee8d9322-groupManagement] INFO  server.RaftServerConfigKeys (ConfUtils.java:logGet(46)) - raft.server.log.purge.upto.snapshot.index = false (default)
2024-04-29 10:07:45,149 [45d7554a-4794-4db0-8ec2-ed03ee8d9322@group-5F07EAC53845-FollowerState] INFO  server.RaftServerConfigKeys (ConfUtils.java:logFallback(53)) - raft.server.rpc.first-election.timeout.max = 5200ms (fallback to raft.server.rpc.timeout.max)
2024-04-29 10:07:45,149 [45d7554a-4794-4db0-8ec2-ed03ee8d9322-PipelineCommandHandlerThread-0] INFO  ratis.XceiverServerRatis (XceiverServerRatis.java:addGroup(864)) - Created group PipelineID=40ab4934-8feb-4e0b-a110-5f07eac53845
2024-04-29 10:07:45,154 [EventQueue-OpenPipelineForHealthyPipelineSafeModeRule] INFO  safemode.SCMSafeModeManager (HealthyPipelineSafeModeRule.java:process(140)) - SCM in safe mode. Healthy pipelines reported count is 0, required healthy pipeline reported count is 1
2024-04-29 10:07:45,155 [grpc-default-executor-9] INFO  server.RaftServer (RaftServerProxy.java:addNew(100)) - 0b459a02-f078-4553-b8ee-4a7bbebe5aa1: addNew group-5F07EAC53845:[45d7554a-4794-4db0-8ec2-ed03ee8d9322|127.0.0.1:15548, 0b459a02-f078-4553-b8ee-4a7bbebe5aa1|127.0.0.1:15566, 4c7d070b-487d-4f6a-a802-5407a717b610|127.0.0.1:15557] returns group-5F07EAC53845:java.util.concurrent.CompletableFuture@3ad5560a[Not completed]
2024-04-29 10:07:45,155 [0b459a02-f078-4553-b8ee-4a7bbebe5aa1-groupManagement] INFO  server.RaftServer$Division (RaftServerImpl.java:<init>(256)) - 0b459a02-f078-4553-b8ee-4a7bbebe5aa1: new RaftServerImpl for group-5F07EAC53845:[45d7554a-4794-4db0-8ec2-ed03ee8d9322|127.0.0.1:15548, 0b459a02-f078-4553-b8ee-4a7bbebe5aa1|127.0.0.1:15566, 4c7d070b-487d-4f6a-a802-5407a717b610|127.0.0.1:15557] with ContainerStateMachine:uninitialized
2024-04-29 10:07:45,155 [0b459a02-f078-4553-b8ee-4a7bbebe5aa1-groupManagement] INFO  server.RaftServerConfigKeys (ConfUtils.java:logGet(46)) - raft.server.rpc.timeout.min = 5s (custom)
2024-04-29 10:07:45,155 [0b459a02-f078-4553-b8ee-4a7bbebe5aa1-groupManagement] INFO  server.RaftServerConfigKeys (ConfUtils.java:logGet(46)) - raft.server.rpc.timeout.max = 5200ms (custom)
2024-04-29 10:07:45,155 [0b459a02-f078-4553-b8ee-4a7bbebe5aa1-groupManagement] INFO  server.RaftServerConfigKeys (ConfUtils.java:logGet(46)) - raft.server.rpc.sleep.time = 25ms (default)
2024-04-29 10:07:45,155 [0b459a02-f078-4553-b8ee-4a7bbebe5aa1-groupManagement] INFO  server.RaftServerConfigKeys (ConfUtils.java:logGet(46)) - raft.server.rpc.slowness.timeout = 300000ms (custom)
2024-04-29 10:07:45,155 [0b459a02-f078-4553-b8ee-4a7bbebe5aa1-groupManagement] INFO  server.RaftServerConfigKeys (ConfUtils.java:logGet(46)) - raft.server.leaderelection.leader.step-down.wait-time = 10s (default)
2024-04-29 10:07:45,156 [0b459a02-f078-4553-b8ee-4a7bbebe5aa1-groupManagement] INFO  server.RaftServerConfigKeys (ConfUtils.java:logGet(46)) - raft.server.leaderelection.member.majority-add = false (default)
2024-04-29 10:07:45,156 [0b459a02-f078-4553-b8ee-4a7bbebe5aa1-groupManagement] INFO  server.RaftServerConfigKeys (ConfUtils.java:logGet(46)) - raft.server.sleep.deviation.threshold = 300ms (default)
2024-04-29 10:07:45,156 [0b459a02-f078-4553-b8ee-4a7bbebe5aa1-groupManagement] INFO  server.RaftServer$Division (ServerState.java:<init>(113)) - 0b459a02-f078-4553-b8ee-4a7bbebe5aa1@group-5F07EAC53845: ConfigurationManager, init=-1: peers:[45d7554a-4794-4db0-8ec2-ed03ee8d9322|127.0.0.1:15548, 0b459a02-f078-4553-b8ee-4a7bbebe5aa1|127.0.0.1:15566, 4c7d070b-487d-4f6a-a802-5407a717b610|127.0.0.1:15557]|listeners:[], old=null, confs=<EMPTY_MAP>
2024-04-29 10:07:45,156 [0b459a02-f078-4553-b8ee-4a7bbebe5aa1-groupManagement] INFO  server.RaftServerConfigKeys (ConfUtils.java:logGet(46)) - raft.server.notification.no-leader.timeout = 300000ms (custom)
2024-04-29 10:07:45,156 [0b459a02-f078-4553-b8ee-4a7bbebe5aa1-groupManagement] INFO  server.RaftServerConfigKeys (ConfUtils.java:logGet(46)) - raft.server.read.timeout = 10s (default)
2024-04-29 10:07:45,156 [0b459a02-f078-4553-b8ee-4a7bbebe5aa1-groupManagement] INFO  server.RaftServerConfigKeys (ConfUtils.java:logGet(46)) - raft.server.retrycache.expirytime = 600000ms (custom)
2024-04-29 10:07:45,156 [0b459a02-f078-4553-b8ee-4a7bbebe5aa1-groupManagement] INFO  server.RaftServerConfigKeys (ConfUtils.java:logGet(46)) - raft.server.retrycache.statistics.expirytime = 100ms (default)
2024-04-29 10:07:45,156 [0b459a02-f078-4553-b8ee-4a7bbebe5aa1-groupManagement] INFO  server.RaftServerConfigKeys (ConfUtils.java:logGet(46)) - raft.server.read.option = DEFAULT (default)
2024-04-29 10:07:45,156 [0b459a02-f078-4553-b8ee-4a7bbebe5aa1-groupManagement] INFO  server.RaftServerConfigKeys (ConfUtils.java:logGet(46)) - raft.server.read.read-after-write-consistent.write-index-cache.expiry-time = 60s (default)
2024-04-29 10:07:45,157 [0b459a02-f078-4553-b8ee-4a7bbebe5aa1-groupManagement] INFO  server.RaftServerConfigKeys (ConfUtils.java:logGet(46)) - raft.server.rpc.request.timeout = 3000ms (default)
2024-04-29 10:07:45,158 [0b459a02-f078-4553-b8ee-4a7bbebe5aa1-groupManagement] INFO  server.RaftServerConfigKeys (ConfUtils.java:logGet(46)) - raft.server.log.appender.install.snapshot.enabled = false (custom)
2024-04-29 10:07:45,158 [0b459a02-f078-4553-b8ee-4a7bbebe5aa1-groupManagement] INFO  server.RaftServerConfigKeys (ConfUtils.java:logGet(46)) - raft.server.threadpool.server.cached = true (default)
2024-04-29 10:07:45,158 [0b459a02-f078-4553-b8ee-4a7bbebe5aa1-groupManagement] INFO  server.RaftServerConfigKeys (ConfUtils.java:logGet(46)) - raft.server.threadpool.server.size = 0 (default)
2024-04-29 10:07:45,158 [0b459a02-f078-4553-b8ee-4a7bbebe5aa1-groupManagement] INFO  server.RaftServerConfigKeys (ConfUtils.java:logGet(46)) - raft.server.threadpool.client.cached = true (default)
2024-04-29 10:07:45,158 [0b459a02-f078-4553-b8ee-4a7bbebe5aa1-groupManagement] INFO  server.RaftServerConfigKeys (ConfUtils.java:logGet(46)) - raft.server.threadpool.client.size = 0 (default)
2024-04-29 10:07:45,158 [0b459a02-f078-4553-b8ee-4a7bbebe5aa1-groupManagement] INFO  server.RaftServerConfigKeys (ConfUtils.java:logGet(46)) - raft.server.storage.free-space.min = 0MB (=0) (default)
2024-04-29 10:07:45,158 [0b459a02-f078-4553-b8ee-4a7bbebe5aa1-groupManagement] INFO  server.RaftServerConfigKeys (ConfUtils.java:logGet(46)) - raft.server.log.corruption.policy = EXCEPTION (default)
2024-04-29 10:07:45,158 [0b459a02-f078-4553-b8ee-4a7bbebe5aa1-groupManagement] INFO  server.RaftServerConfigKeys (ConfUtils.java:logGet(46)) - raft.server.storage.dir = [/home/runner/work/ozone/ozone/hadoop-ozone/integration-test/target/test-dir/MiniOzoneClusterImpl-b29d8e3c-9ac1-4bd8-916d-9a49b4a73262/ozone-meta/datanode-3/ratis] (custom)
2024-04-29 10:07:45,158 [0b459a02-f078-4553-b8ee-4a7bbebe5aa1-groupManagement] INFO  storage.RaftStorageDirectory (RaftStorageDirectoryImpl.java:analyzeStorage(138)) - The storage directory /home/runner/work/ozone/ozone/hadoop-ozone/integration-test/target/test-dir/MiniOzoneClusterImpl-b29d8e3c-9ac1-4bd8-916d-9a49b4a73262/ozone-meta/datanode-3/ratis/40ab4934-8feb-4e0b-a110-5f07eac53845 does not exist. Creating ...
2024-04-29 10:07:45,159 [0b459a02-f078-4553-b8ee-4a7bbebe5aa1-groupManagement] INFO  storage.RaftStorageDirectory (RaftStorageDirectoryImpl.java:tryLock(228)) - Lock on /home/runner/work/ozone/ozone/hadoop-ozone/integration-test/target/test-dir/MiniOzoneClusterImpl-b29d8e3c-9ac1-4bd8-916d-9a49b4a73262/ozone-meta/datanode-3/ratis/40ab4934-8feb-4e0b-a110-5f07eac53845/in_use.lock acquired by nodename 20825@fv-az913-54
2024-04-29 10:07:45,160 [0b459a02-f078-4553-b8ee-4a7bbebe5aa1-groupManagement] INFO  storage.RaftStorage (RaftStorageImpl.java:format(99)) - Storage directory /home/runner/work/ozone/ozone/hadoop-ozone/integration-test/target/test-dir/MiniOzoneClusterImpl-b29d8e3c-9ac1-4bd8-916d-9a49b4a73262/ozone-meta/datanode-3/ratis/40ab4934-8feb-4e0b-a110-5f07eac53845 has been successfully formatted.
2024-04-29 10:07:45,160 [0b459a02-f078-4553-b8ee-4a7bbebe5aa1-groupManagement] WARN  util.FileUtils (LogUtils.java:supplyAndLog(63)) - Failed to Files.newInputStream /home/runner/work/ozone/ozone/hadoop-ozone/integration-test/target/test-dir/MiniOzoneClusterImpl-b29d8e3c-9ac1-4bd8-916d-9a49b4a73262/ozone-meta/datanode-3/ratis/40ab4934-8feb-4e0b-a110-5f07eac53845/current/raft-meta.conf with options []: java.nio.file.NoSuchFileException: /home/runner/work/ozone/ozone/hadoop-ozone/integration-test/target/test-dir/MiniOzoneClusterImpl-b29d8e3c-9ac1-4bd8-916d-9a49b4a73262/ozone-meta/datanode-3/ratis/40ab4934-8feb-4e0b-a110-5f07eac53845/current/raft-meta.conf
2024-04-29 10:07:45,160 [0b459a02-f078-4553-b8ee-4a7bbebe5aa1-groupManagement] INFO  ratis.ContainerStateMachine (ContainerStateMachine.java:loadSnapshot(287)) - group-5F07EAC53845: The snapshot info is null. Setting the last applied index to:(t:0, i:~)
2024-04-29 10:07:45,160 [0b459a02-f078-4553-b8ee-4a7bbebe5aa1-groupManagement] INFO  server.RaftServerConfigKeys (ConfUtils.java:logGet(46)) - raft.server.log.use.memory = false (default)
2024-04-29 10:07:45,160 [0b459a02-f078-4553-b8ee-4a7bbebe5aa1-groupManagement] INFO  server.RaftServerConfigKeys (ConfUtils.java:logGet(46)) - raft.server.log.purge.gap = 1000000 (custom)
2024-04-29 10:07:45,160 [0b459a02-f078-4553-b8ee-4a7bbebe5aa1-groupManagement] INFO  server.RaftServerConfigKeys (ConfUtils.java:logGet(46)) - raft.server.log.appender.buffer.byte-limit = 8388608 (custom)
2024-04-29 10:07:45,161 [0b459a02-f078-4553-b8ee-4a7bbebe5aa1-groupManagement] INFO  server.RaftServerConfigKeys (ConfUtils.java:logGet(46)) - raft.server.log.statemachine.data.read.timeout = 1000ms (default)
2024-04-29 10:07:45,161 [0b459a02-f078-4553-b8ee-4a7bbebe5aa1-groupManagement] INFO  server.RaftServerConfigKeys (ConfUtils.java:logGet(46)) - raft.server.log.purge.preservation.log.num = 0 (default)
2024-04-29 10:07:45,162 [0b459a02-f078-4553-b8ee-4a7bbebe5aa1-groupManagement] INFO  server.RaftServerConfigKeys (ConfUtils.java:logGet(46)) - raft.server.log.segment.size.max = 67108864 (custom)
2024-04-29 10:07:45,162 [0b459a02-f078-4553-b8ee-4a7bbebe5aa1-groupManagement] INFO  server.RaftServerConfigKeys (ConfUtils.java:logGet(46)) - raft.server.log.segment.cache.num.max = 2 (custom)
2024-04-29 10:07:45,162 [0b459a02-f078-4553-b8ee-4a7bbebe5aa1-groupManagement] INFO  server.RaftServerConfigKeys (ConfUtils.java:logGet(46)) - raft.server.log.segment.cache.size.max = 200MB (=209715200) (default)
2024-04-29 10:07:45,162 [0b459a02-f078-4553-b8ee-4a7bbebe5aa1-groupManagement] INFO  server.RaftServerConfigKeys (ConfUtils.java:logGet(46)) - raft.server.log.appender.buffer.byte-limit = 8388608 (custom)
2024-04-29 10:07:45,162 [0b459a02-f078-4553-b8ee-4a7bbebe5aa1-groupManagement] INFO  util.AwaitToRun (AwaitToRun.java:start(81)) - Thread[0b459a02-f078-4553-b8ee-4a7bbebe5aa1@group-5F07EAC53845-cacheEviction-AwaitToRun,5,main] started
2024-04-29 10:07:45,162 [0b459a02-f078-4553-b8ee-4a7bbebe5aa1-groupManagement] INFO  segmented.SegmentedRaftLogWorker (SegmentedRaftLogWorker.java:<init>(182)) - new 0b459a02-f078-4553-b8ee-4a7bbebe5aa1@group-5F07EAC53845-SegmentedRaftLogWorker for RaftStorageImpl:Storage Directory /home/runner/work/ozone/ozone/hadoop-ozone/integration-test/target/test-dir/MiniOzoneClusterImpl-b29d8e3c-9ac1-4bd8-916d-9a49b4a73262/ozone-meta/datanode-3/ratis/40ab4934-8feb-4e0b-a110-5f07eac53845
2024-04-29 10:07:45,162 [0b459a02-f078-4553-b8ee-4a7bbebe5aa1-groupManagement] INFO  server.RaftServerConfigKeys (ConfUtils.java:logGet(46)) - raft.server.log.queue.byte-limit = 4294967296 (custom)
2024-04-29 10:07:45,162 [0b459a02-f078-4553-b8ee-4a7bbebe5aa1-groupManagement] INFO  server.RaftServerConfigKeys (ConfUtils.java:logGet(46)) - raft.server.log.queue.element-limit = 1024 (custom)
2024-04-29 10:07:45,162 [0b459a02-f078-4553-b8ee-4a7bbebe5aa1-groupManagement] INFO  server.RaftServerConfigKeys (ConfUtils.java:logGet(46)) - raft.server.log.segment.size.max = 67108864 (custom)
2024-04-29 10:07:45,162 [0b459a02-f078-4553-b8ee-4a7bbebe5aa1-groupManagement] INFO  server.RaftServerConfigKeys (ConfUtils.java:logGet(46)) - raft.server.log.preallocated.size = 4194304 (custom)
2024-04-29 10:07:45,162 [0b459a02-f078-4553-b8ee-4a7bbebe5aa1-groupManagement] INFO  server.RaftServerConfigKeys (ConfUtils.java:logGet(46)) - raft.server.log.force.sync.num = 128 (default)
2024-04-29 10:07:45,162 [0b459a02-f078-4553-b8ee-4a7bbebe5aa1-groupManagement] INFO  server.RaftServerConfigKeys (ConfUtils.java:logGet(46)) - raft.server.log.statemachine.data.sync = true (default)
2024-04-29 10:07:45,162 [0b459a02-f078-4553-b8ee-4a7bbebe5aa1-groupManagement] INFO  server.RaftServerConfigKeys (ConfUtils.java:logGet(46)) - raft.server.log.statemachine.data.sync.timeout = 10s (default)
2024-04-29 10:07:45,162 [0b459a02-f078-4553-b8ee-4a7bbebe5aa1-groupManagement] INFO  server.RaftServerConfigKeys (ConfUtils.java:logGet(46)) - raft.server.log.statemachine.data.sync.timeout.retry = 30 (custom)
2024-04-29 10:07:45,163 [0b459a02-f078-4553-b8ee-4a7bbebe5aa1-groupManagement] INFO  server.RaftServerConfigKeys (ConfUtils.java:logGet(46)) - raft.server.log.write.buffer.size = 8388616 (custom)
2024-04-29 10:07:45,164 [0b459a02-f078-4553-b8ee-4a7bbebe5aa1-groupManagement] INFO  server.RaftServerConfigKeys (ConfUtils.java:logGet(46)) - raft.server.log.appender.buffer.byte-limit = 8388608 (custom)
2024-04-29 10:07:45,164 [0b459a02-f078-4553-b8ee-4a7bbebe5aa1-groupManagement] INFO  server.RaftServerConfigKeys (ConfUtils.java:logGet(46)) - raft.server.log.unsafe-flush.enabled = false (default)
2024-04-29 10:07:45,164 [0b459a02-f078-4553-b8ee-4a7bbebe5aa1-groupManagement] INFO  server.RaftServerConfigKeys (ConfUtils.java:logGet(46)) - raft.server.log.async-flush.enabled = false (default)
2024-04-29 10:07:45,164 [0b459a02-f078-4553-b8ee-4a7bbebe5aa1-groupManagement] INFO  server.RaftServerConfigKeys (ConfUtils.java:logGet(46)) - raft.server.log.statemachine.data.caching.enabled = true (custom)
2024-04-29 10:07:45,164 [0b459a02-f078-4553-b8ee-4a7bbebe5aa1-groupManagement] INFO  segmented.SegmentedRaftLogWorker (SegmentedRaftLogWorker.java:lambda$new$0(134)) - 0b459a02-f078-4553-b8ee-4a7bbebe5aa1@group-5F07EAC53845-SegmentedRaftLogWorker: flushIndex: setUnconditionally 0 -> -1
2024-04-29 10:07:45,164 [0b459a02-f078-4553-b8ee-4a7bbebe5aa1-groupManagement] INFO  segmented.SegmentedRaftLogWorker (SegmentedRaftLogWorker.java:lambda$new$0(134)) - 0b459a02-f078-4553-b8ee-4a7bbebe5aa1@group-5F07EAC53845-SegmentedRaftLogWorker: safeCacheEvictIndex: setUnconditionally 0 -> -1
2024-04-29 10:07:45,164 [0b459a02-f078-4553-b8ee-4a7bbebe5aa1-groupManagement] INFO  server.RaftServer$Division (RaftServerImpl.java:start(396)) - 0b459a02-f078-4553-b8ee-4a7bbebe5aa1@group-5F07EAC53845: start as a follower, conf=-1: peers:[45d7554a-4794-4db0-8ec2-ed03ee8d9322|127.0.0.1:15548, 0b459a02-f078-4553-b8ee-4a7bbebe5aa1|127.0.0.1:15566, 4c7d070b-487d-4f6a-a802-5407a717b610|127.0.0.1:15557]|listeners:[], old=null
2024-04-29 10:07:45,164 [0b459a02-f078-4553-b8ee-4a7bbebe5aa1-groupManagement] INFO  server.RaftServer$Division (RaftServerImpl.java:setRole(383)) - 0b459a02-f078-4553-b8ee-4a7bbebe5aa1@group-5F07EAC53845: changes role from      null to FOLLOWER at term 0 for startAsFollower
2024-04-29 10:07:45,164 [0b459a02-f078-4553-b8ee-4a7bbebe5aa1-groupManagement] INFO  impl.RoleInfo (RoleInfo.java:updateAndGet(139)) - 0b459a02-f078-4553-b8ee-4a7bbebe5aa1: start 0b459a02-f078-4553-b8ee-4a7bbebe5aa1@group-5F07EAC53845-FollowerState
2024-04-29 10:07:45,164 [0b459a02-f078-4553-b8ee-4a7bbebe5aa1@group-5F07EAC53845-FollowerState] INFO  server.RaftServerConfigKeys (ConfUtils.java:logFallback(53)) - raft.server.rpc.first-election.timeout.min = 5s (fallback to raft.server.rpc.timeout.min)
2024-04-29 10:07:45,164 [0b459a02-f078-4553-b8ee-4a7bbebe5aa1@group-5F07EAC53845-FollowerState] INFO  server.RaftServerConfigKeys (ConfUtils.java:logFallback(53)) - raft.server.rpc.first-election.timeout.max = 5200ms (fallback to raft.server.rpc.timeout.max)
2024-04-29 10:07:45,164 [0b459a02-f078-4553-b8ee-4a7bbebe5aa1-groupManagement] INFO  util.JmxRegister (JmxRegister.java:tryRegister(44)) - Successfully registered JMX Bean with object name Ratis:service=RaftServer,group=group-5F07EAC53845,id=0b459a02-f078-4553-b8ee-4a7bbebe5aa1
2024-04-29 10:07:45,164 [0b459a02-f078-4553-b8ee-4a7bbebe5aa1-groupManagement] INFO  server.RaftServerConfigKeys (ConfUtils.java:logGet(46)) - raft.server.snapshot.trigger-when-stop.enabled = true (default)
2024-04-29 10:07:45,164 [0b459a02-f078-4553-b8ee-4a7bbebe5aa1-groupManagement] INFO  server.RaftServerConfigKeys (ConfUtils.java:logGet(46)) - raft.server.snapshot.auto.trigger.enabled = true (custom)
2024-04-29 10:07:45,165 [0b459a02-f078-4553-b8ee-4a7bbebe5aa1-groupManagement] INFO  server.RaftServerConfigKeys (ConfUtils.java:logGet(46)) - raft.server.snapshot.auto.trigger.threshold = 10000 (custom)
2024-04-29 10:07:45,165 [0b459a02-f078-4553-b8ee-4a7bbebe5aa1-groupManagement] INFO  server.RaftServerConfigKeys (ConfUtils.java:logGet(46)) - raft.server.snapshot.retention.file.num = 5 (custom)
2024-04-29 10:07:45,165 [0b459a02-f078-4553-b8ee-4a7bbebe5aa1-groupManagement] INFO  server.RaftServerConfigKeys (ConfUtils.java:logGet(46)) - raft.server.log.purge.upto.snapshot.index = false (default)
2024-04-29 10:07:45,171 [grpc-default-executor-9] INFO  server.RaftServer (RaftServerProxy.java:addNew(100)) - 4c7d070b-487d-4f6a-a802-5407a717b610: addNew group-5F07EAC53845:[45d7554a-4794-4db0-8ec2-ed03ee8d9322|127.0.0.1:15548, 0b459a02-f078-4553-b8ee-4a7bbebe5aa1|127.0.0.1:15566, 4c7d070b-487d-4f6a-a802-5407a717b610|127.0.0.1:15557] returns group-5F07EAC53845:java.util.concurrent.CompletableFuture@e9d6030[Not completed]
2024-04-29 10:07:45,171 [4c7d070b-487d-4f6a-a802-5407a717b610-groupManagement] INFO  server.RaftServer$Division (RaftServerImpl.java:<init>(256)) - 4c7d070b-487d-4f6a-a802-5407a717b610: new RaftServerImpl for group-5F07EAC53845:[45d7554a-4794-4db0-8ec2-ed03ee8d9322|127.0.0.1:15548, 0b459a02-f078-4553-b8ee-4a7bbebe5aa1|127.0.0.1:15566, 4c7d070b-487d-4f6a-a802-5407a717b610|127.0.0.1:15557] with ContainerStateMachine:uninitialized
2024-04-29 10:07:45,171 [4c7d070b-487d-4f6a-a802-5407a717b610-groupManagement] INFO  server.RaftServerConfigKeys (ConfUtils.java:logGet(46)) - raft.server.rpc.timeout.min = 5s (custom)
2024-04-29 10:07:45,171 [4c7d070b-487d-4f6a-a802-5407a717b610-groupManagement] INFO  server.RaftServerConfigKeys (ConfUtils.java:logGet(46)) - raft.server.rpc.timeout.max = 5200ms (custom)
2024-04-29 10:07:45,171 [4c7d070b-487d-4f6a-a802-5407a717b610-groupManagement] INFO  server.RaftServerConfigKeys (ConfUtils.java:logGet(46)) - raft.server.rpc.sleep.time = 25ms (default)
2024-04-29 10:07:45,172 [4c7d070b-487d-4f6a-a802-5407a717b610-groupManagement] INFO  server.RaftServerConfigKeys (ConfUtils.java:logGet(46)) - raft.server.rpc.slowness.timeout = 300000ms (custom)
2024-04-29 10:07:45,172 [4c7d070b-487d-4f6a-a802-5407a717b610-groupManagement] INFO  server.RaftServerConfigKeys (ConfUtils.java:logGet(46)) - raft.server.leaderelection.leader.step-down.wait-time = 10s (default)
2024-04-29 10:07:45,172 [4c7d070b-487d-4f6a-a802-5407a717b610-groupManagement] INFO  server.RaftServerConfigKeys (ConfUtils.java:logGet(46)) - raft.server.leaderelection.member.majority-add = false (default)
2024-04-29 10:07:45,172 [4c7d070b-487d-4f6a-a802-5407a717b610-groupManagement] INFO  server.RaftServerConfigKeys (ConfUtils.java:logGet(46)) - raft.server.sleep.deviation.threshold = 300ms (default)
2024-04-29 10:07:45,172 [4c7d070b-487d-4f6a-a802-5407a717b610-groupManagement] INFO  server.RaftServer$Division (ServerState.java:<init>(113)) - 4c7d070b-487d-4f6a-a802-5407a717b610@group-5F07EAC53845: ConfigurationManager, init=-1: peers:[45d7554a-4794-4db0-8ec2-ed03ee8d9322|127.0.0.1:15548, 0b459a02-f078-4553-b8ee-4a7bbebe5aa1|127.0.0.1:15566, 4c7d070b-487d-4f6a-a802-5407a717b610|127.0.0.1:15557]|listeners:[], old=null, confs=<EMPTY_MAP>
2024-04-29 10:07:45,172 [4c7d070b-487d-4f6a-a802-5407a717b610-groupManagement] INFO  server.RaftServerConfigKeys (ConfUtils.java:logGet(46)) - raft.server.notification.no-leader.timeout = 300000ms (custom)
2024-04-29 10:07:45,172 [4c7d070b-487d-4f6a-a802-5407a717b610-groupManagement] INFO  server.RaftServerConfigKeys (ConfUtils.java:logGet(46)) - raft.server.read.timeout = 10s (default)
2024-04-29 10:07:45,172 [4c7d070b-487d-4f6a-a802-5407a717b610-groupManagement] INFO  server.RaftServerConfigKeys (ConfUtils.java:logGet(46)) - raft.server.retrycache.expirytime = 600000ms (custom)
2024-04-29 10:07:45,172 [4c7d070b-487d-4f6a-a802-5407a717b610-groupManagement] INFO  server.RaftServerConfigKeys (ConfUtils.java:logGet(46)) - raft.server.retrycache.statistics.expirytime = 100ms (default)
2024-04-29 10:07:45,172 [4c7d070b-487d-4f6a-a802-5407a717b610-groupManagement] INFO  server.RaftServerConfigKeys (ConfUtils.java:logGet(46)) - raft.server.read.option = DEFAULT (default)
2024-04-29 10:07:45,172 [4c7d070b-487d-4f6a-a802-5407a717b610-groupManagement] INFO  server.RaftServerConfigKeys (ConfUtils.java:logGet(46)) - raft.server.read.read-after-write-consistent.write-index-cache.expiry-time = 60s (default)
2024-04-29 10:07:45,173 [4c7d070b-487d-4f6a-a802-5407a717b610-groupManagement] INFO  server.RaftServerConfigKeys (ConfUtils.java:logGet(46)) - raft.server.rpc.request.timeout = 3000ms (default)
2024-04-29 10:07:45,173 [4c7d070b-487d-4f6a-a802-5407a717b610-groupManagement] INFO  server.RaftServerConfigKeys (ConfUtils.java:logGet(46)) - raft.server.log.appender.install.snapshot.enabled = false (custom)
2024-04-29 10:07:45,173 [4c7d070b-487d-4f6a-a802-5407a717b610-groupManagement] INFO  server.RaftServerConfigKeys (ConfUtils.java:logGet(46)) - raft.server.threadpool.server.cached = true (default)
2024-04-29 10:07:45,174 [4c7d070b-487d-4f6a-a802-5407a717b610-groupManagement] INFO  server.RaftServerConfigKeys (ConfUtils.java:logGet(46)) - raft.server.threadpool.server.size = 0 (default)
2024-04-29 10:07:45,174 [4c7d070b-487d-4f6a-a802-5407a717b610-groupManagement] INFO  server.RaftServerConfigKeys (ConfUtils.java:logGet(46)) - raft.server.threadpool.client.cached = true (default)
2024-04-29 10:07:45,174 [4c7d070b-487d-4f6a-a802-5407a717b610-groupManagement] INFO  server.RaftServerConfigKeys (ConfUtils.java:logGet(46)) - raft.server.threadpool.client.size = 0 (default)
2024-04-29 10:07:45,174 [4c7d070b-487d-4f6a-a802-5407a717b610-groupManagement] INFO  server.RaftServerConfigKeys (ConfUtils.java:logGet(46)) - raft.server.storage.free-space.min = 0MB (=0) (default)
2024-04-29 10:07:45,174 [4c7d070b-487d-4f6a-a802-5407a717b610-groupManagement] INFO  server.RaftServerConfigKeys (ConfUtils.java:logGet(46)) - raft.server.log.corruption.policy = EXCEPTION (default)
2024-04-29 10:07:45,174 [4c7d070b-487d-4f6a-a802-5407a717b610-groupManagement] INFO  server.RaftServerConfigKeys (ConfUtils.java:logGet(46)) - raft.server.storage.dir = [/home/runner/work/ozone/ozone/hadoop-ozone/integration-test/target/test-dir/MiniOzoneClusterImpl-b29d8e3c-9ac1-4bd8-916d-9a49b4a73262/ozone-meta/datanode-2/ratis] (custom)
2024-04-29 10:07:45,174 [4c7d070b-487d-4f6a-a802-5407a717b610-groupManagement] INFO  storage.RaftStorageDirectory (RaftStorageDirectoryImpl.java:analyzeStorage(138)) - The storage directory /home/runner/work/ozone/ozone/hadoop-ozone/integration-test/target/test-dir/MiniOzoneClusterImpl-b29d8e3c-9ac1-4bd8-916d-9a49b4a73262/ozone-meta/datanode-2/ratis/40ab4934-8feb-4e0b-a110-5f07eac53845 does not exist. Creating ...
2024-04-29 10:07:45,175 [4c7d070b-487d-4f6a-a802-5407a717b610-groupManagement] INFO  storage.RaftStorageDirectory (RaftStorageDirectoryImpl.java:tryLock(228)) - Lock on /home/runner/work/ozone/ozone/hadoop-ozone/integration-test/target/test-dir/MiniOzoneClusterImpl-b29d8e3c-9ac1-4bd8-916d-9a49b4a73262/ozone-meta/datanode-2/ratis/40ab4934-8feb-4e0b-a110-5f07eac53845/in_use.lock acquired by nodename 20825@fv-az913-54
2024-04-29 10:07:45,176 [4c7d070b-487d-4f6a-a802-5407a717b610-groupManagement] INFO  storage.RaftStorage (RaftStorageImpl.java:format(99)) - Storage directory /home/runner/work/ozone/ozone/hadoop-ozone/integration-test/target/test-dir/MiniOzoneClusterImpl-b29d8e3c-9ac1-4bd8-916d-9a49b4a73262/ozone-meta/datanode-2/ratis/40ab4934-8feb-4e0b-a110-5f07eac53845 has been successfully formatted.
2024-04-29 10:07:45,176 [4c7d070b-487d-4f6a-a802-5407a717b610-groupManagement] WARN  util.FileUtils (LogUtils.java:supplyAndLog(63)) - Failed to Files.newInputStream /home/runner/work/ozone/ozone/hadoop-ozone/integration-test/target/test-dir/MiniOzoneClusterImpl-b29d8e3c-9ac1-4bd8-916d-9a49b4a73262/ozone-meta/datanode-2/ratis/40ab4934-8feb-4e0b-a110-5f07eac53845/current/raft-meta.conf with options []: java.nio.file.NoSuchFileException: /home/runner/work/ozone/ozone/hadoop-ozone/integration-test/target/test-dir/MiniOzoneClusterImpl-b29d8e3c-9ac1-4bd8-916d-9a49b4a73262/ozone-meta/datanode-2/ratis/40ab4934-8feb-4e0b-a110-5f07eac53845/current/raft-meta.conf
2024-04-29 10:07:45,176 [4c7d070b-487d-4f6a-a802-5407a717b610-groupManagement] INFO  ratis.ContainerStateMachine (ContainerStateMachine.java:loadSnapshot(287)) - group-5F07EAC53845: The snapshot info is null. Setting the last applied index to:(t:0, i:~)
2024-04-29 10:07:45,176 [4c7d070b-487d-4f6a-a802-5407a717b610-groupManagement] INFO  server.RaftServerConfigKeys (ConfUtils.java:logGet(46)) - raft.server.log.use.memory = false (default)
2024-04-29 10:07:45,176 [4c7d070b-487d-4f6a-a802-5407a717b610-groupManagement] INFO  server.RaftServerConfigKeys (ConfUtils.java:logGet(46)) - raft.server.log.purge.gap = 1000000 (custom)
2024-04-29 10:07:45,176 [4c7d070b-487d-4f6a-a802-5407a717b610-groupManagement] INFO  server.RaftServerConfigKeys (ConfUtils.java:logGet(46)) - raft.server.log.appender.buffer.byte-limit = 8388608 (custom)
2024-04-29 10:07:45,177 [4c7d070b-487d-4f6a-a802-5407a717b610-groupManagement] INFO  server.RaftServerConfigKeys (ConfUtils.java:logGet(46)) - raft.server.log.statemachine.data.read.timeout = 1000ms (default)
2024-04-29 10:07:45,177 [4c7d070b-487d-4f6a-a802-5407a717b610-groupManagement] INFO  server.RaftServerConfigKeys (ConfUtils.java:logGet(46)) - raft.server.log.purge.preservation.log.num = 0 (default)
2024-04-29 10:07:45,178 [4c7d070b-487d-4f6a-a802-5407a717b610-groupManagement] INFO  server.RaftServerConfigKeys (ConfUtils.java:logGet(46)) - raft.server.log.segment.size.max = 67108864 (custom)
2024-04-29 10:07:45,178 [4c7d070b-487d-4f6a-a802-5407a717b610-groupManagement] INFO  server.RaftServerConfigKeys (ConfUtils.java:logGet(46)) - raft.server.log.segment.cache.num.max = 2 (custom)
2024-04-29 10:07:45,178 [4c7d070b-487d-4f6a-a802-5407a717b610-groupManagement] INFO  server.RaftServerConfigKeys (ConfUtils.java:logGet(46)) - raft.server.log.segment.cache.size.max = 200MB (=209715200) (default)
2024-04-29 10:07:45,178 [4c7d070b-487d-4f6a-a802-5407a717b610-groupManagement] INFO  server.RaftServerConfigKeys (ConfUtils.java:logGet(46)) - raft.server.log.appender.buffer.byte-limit = 8388608 (custom)
2024-04-29 10:07:45,178 [4c7d070b-487d-4f6a-a802-5407a717b610-groupManagement] INFO  util.AwaitToRun (AwaitToRun.java:start(81)) - Thread[4c7d070b-487d-4f6a-a802-5407a717b610@group-5F07EAC53845-cacheEviction-AwaitToRun,5,main] started
2024-04-29 10:07:45,178 [4c7d070b-487d-4f6a-a802-5407a717b610-groupManagement] INFO  segmented.SegmentedRaftLogWorker (SegmentedRaftLogWorker.java:<init>(182)) - new 4c7d070b-487d-4f6a-a802-5407a717b610@group-5F07EAC53845-SegmentedRaftLogWorker for RaftStorageImpl:Storage Directory /home/runner/work/ozone/ozone/hadoop-ozone/integration-test/target/test-dir/MiniOzoneClusterImpl-b29d8e3c-9ac1-4bd8-916d-9a49b4a73262/ozone-meta/datanode-2/ratis/40ab4934-8feb-4e0b-a110-5f07eac53845
2024-04-29 10:07:45,178 [4c7d070b-487d-4f6a-a802-5407a717b610-groupManagement] INFO  server.RaftServerConfigKeys (ConfUtils.java:logGet(46)) - raft.server.log.queue.byte-limit = 4294967296 (custom)
2024-04-29 10:07:45,178 [4c7d070b-487d-4f6a-a802-5407a717b610-groupManagement] INFO  server.RaftServerConfigKeys (ConfUtils.java:logGet(46)) - raft.server.log.queue.element-limit = 1024 (custom)
2024-04-29 10:07:45,178 [4c7d070b-487d-4f6a-a802-5407a717b610-groupManagement] INFO  server.RaftServerConfigKeys (ConfUtils.java:logGet(46)) - raft.server.log.segment.size.max = 67108864 (custom)
2024-04-29 10:07:45,178 [4c7d070b-487d-4f6a-a802-5407a717b610-groupManagement] INFO  server.RaftServerConfigKeys (ConfUtils.java:logGet(46)) - raft.server.log.preallocated.size = 4194304 (custom)
2024-04-29 10:07:45,178 [4c7d070b-487d-4f6a-a802-5407a717b610-groupManagement] INFO  server.RaftServerConfigKeys (ConfUtils.java:logGet(46)) - raft.server.log.force.sync.num = 128 (default)
2024-04-29 10:07:45,178 [4c7d070b-487d-4f6a-a802-5407a717b610-groupManagement] INFO  server.RaftServerConfigKeys (ConfUtils.java:logGet(46)) - raft.server.log.statemachine.data.sync = true (default)
2024-04-29 10:07:45,178 [4c7d070b-487d-4f6a-a802-5407a717b610-groupManagement] INFO  server.RaftServerConfigKeys (ConfUtils.java:logGet(46)) - raft.server.log.statemachine.data.sync.timeout = 10s (default)
2024-04-29 10:07:45,178 [4c7d070b-487d-4f6a-a802-5407a717b610-groupManagement] INFO  server.RaftServerConfigKeys (ConfUtils.java:logGet(46)) - raft.server.log.statemachine.data.sync.timeout.retry = 30 (custom)
2024-04-29 10:07:45,178 [4c7d070b-487d-4f6a-a802-5407a717b610-groupManagement] INFO  server.RaftServerConfigKeys (ConfUtils.java:logGet(46)) - raft.server.log.write.buffer.size = 8388616 (custom)
2024-04-29 10:07:45,180 [4c7d070b-487d-4f6a-a802-5407a717b610-groupManagement] INFO  server.RaftServerConfigKeys (ConfUtils.java:logGet(46)) - raft.server.log.appender.buffer.byte-limit = 8388608 (custom)
2024-04-29 10:07:45,180 [4c7d070b-487d-4f6a-a802-5407a717b610-groupManagement] INFO  server.RaftServerConfigKeys (ConfUtils.java:logGet(46)) - raft.server.log.unsafe-flush.enabled = false (default)
2024-04-29 10:07:45,180 [4c7d070b-487d-4f6a-a802-5407a717b610-groupManagement] INFO  server.RaftServerConfigKeys (ConfUtils.java:logGet(46)) - raft.server.log.async-flush.enabled = false (default)
2024-04-29 10:07:45,180 [4c7d070b-487d-4f6a-a802-5407a717b610-groupManagement] INFO  server.RaftServerConfigKeys (ConfUtils.java:logGet(46)) - raft.server.log.statemachine.data.caching.enabled = true (custom)
2024-04-29 10:07:45,180 [4c7d070b-487d-4f6a-a802-5407a717b610-groupManagement] INFO  segmented.SegmentedRaftLogWorker (SegmentedRaftLogWorker.java:lambda$new$0(134)) - 4c7d070b-487d-4f6a-a802-5407a717b610@group-5F07EAC53845-SegmentedRaftLogWorker: flushIndex: setUnconditionally 0 -> -1
2024-04-29 10:07:45,180 [4c7d070b-487d-4f6a-a802-5407a717b610-groupManagement] INFO  segmented.SegmentedRaftLogWorker (SegmentedRaftLogWorker.java:lambda$new$0(134)) - 4c7d070b-487d-4f6a-a802-5407a717b610@group-5F07EAC53845-SegmentedRaftLogWorker: safeCacheEvictIndex: setUnconditionally 0 -> -1
2024-04-29 10:07:45,180 [4c7d070b-487d-4f6a-a802-5407a717b610-groupManagement] INFO  server.RaftServer$Division (RaftServerImpl.java:start(396)) - 4c7d070b-487d-4f6a-a802-5407a717b610@group-5F07EAC53845: start as a follower, conf=-1: peers:[45d7554a-4794-4db0-8ec2-ed03ee8d9322|127.0.0.1:15548, 0b459a02-f078-4553-b8ee-4a7bbebe5aa1|127.0.0.1:15566, 4c7d070b-487d-4f6a-a802-5407a717b610|127.0.0.1:15557]|listeners:[], old=null
2024-04-29 10:07:45,180 [4c7d070b-487d-4f6a-a802-5407a717b610-groupManagement] INFO  server.RaftServer$Division (RaftServerImpl.java:setRole(383)) - 4c7d070b-487d-4f6a-a802-5407a717b610@group-5F07EAC53845: changes role from      null to FOLLOWER at term 0 for startAsFollower
2024-04-29 10:07:45,180 [4c7d070b-487d-4f6a-a802-5407a717b610-groupManagement] INFO  impl.RoleInfo (RoleInfo.java:updateAndGet(139)) - 4c7d070b-487d-4f6a-a802-5407a717b610: start 4c7d070b-487d-4f6a-a802-5407a717b610@group-5F07EAC53845-FollowerState
2024-04-29 10:07:45,180 [4c7d070b-487d-4f6a-a802-5407a717b610@group-5F07EAC53845-FollowerState] INFO  server.RaftServerConfigKeys (ConfUtils.java:logFallback(53)) - raft.server.rpc.first-election.timeout.min = 5s (fallback to raft.server.rpc.timeout.min)
2024-04-29 10:07:45,180 [4c7d070b-487d-4f6a-a802-5407a717b610@group-5F07EAC53845-FollowerState] INFO  server.RaftServerConfigKeys (ConfUtils.java:logFallback(53)) - raft.server.rpc.first-election.timeout.max = 5200ms (fallback to raft.server.rpc.timeout.max)
2024-04-29 10:07:45,180 [4c7d070b-487d-4f6a-a802-5407a717b610-groupManagement] INFO  util.JmxRegister (JmxRegister.java:tryRegister(44)) - Successfully registered JMX Bean with object name Ratis:service=RaftServer,group=group-5F07EAC53845,id=4c7d070b-487d-4f6a-a802-5407a717b610
2024-04-29 10:07:45,180 [4c7d070b-487d-4f6a-a802-5407a717b610-groupManagement] INFO  server.RaftServerConfigKeys (ConfUtils.java:logGet(46)) - raft.server.snapshot.trigger-when-stop.enabled = true (default)
2024-04-29 10:07:45,180 [4c7d070b-487d-4f6a-a802-5407a717b610-groupManagement] INFO  server.RaftServerConfigKeys (ConfUtils.java:logGet(46)) - raft.server.snapshot.auto.trigger.enabled = true (custom)
2024-04-29 10:07:45,180 [4c7d070b-487d-4f6a-a802-5407a717b610-groupManagement] INFO  server.RaftServerConfigKeys (ConfUtils.java:logGet(46)) - raft.server.snapshot.auto.trigger.threshold = 10000 (custom)
2024-04-29 10:07:45,180 [4c7d070b-487d-4f6a-a802-5407a717b610-groupManagement] INFO  server.RaftServerConfigKeys (ConfUtils.java:logGet(46)) - raft.server.snapshot.retention.file.num = 5 (custom)
2024-04-29 10:07:45,181 [4c7d070b-487d-4f6a-a802-5407a717b610-groupManagement] INFO  server.RaftServerConfigKeys (ConfUtils.java:logGet(46)) - raft.server.log.purge.upto.snapshot.index = false (default)
2024-04-29 10:07:45,182 [4c7d070b-487d-4f6a-a802-5407a717b610-PipelineCommandHandlerThread-0] INFO  server.RaftServer (RaftServerProxy.java:addNew(100)) - 4c7d070b-487d-4f6a-a802-5407a717b610: addNew group-36B6A54A3C10:[4c7d070b-487d-4f6a-a802-5407a717b610|127.0.0.1:15557] returns group-36B6A54A3C10:java.util.concurrent.CompletableFuture@7d87035f[Not completed]
2024-04-29 10:07:45,183 [45d7554a-4794-4db0-8ec2-ed03ee8d9322-PipelineCommandHandlerThread-0] INFO  commandhandler.CreatePipelineCommandHandler (CreatePipelineCommandHandler.java:lambda$handle$2(124)) - Created Pipeline RATIS THREE PipelineID=40ab4934-8feb-4e0b-a110-5f07eac53845.
2024-04-29 10:07:45,183 [4c7d070b-487d-4f6a-a802-5407a717b610-groupManagement] INFO  server.RaftServer$Division (RaftServerImpl.java:<init>(256)) - 4c7d070b-487d-4f6a-a802-5407a717b610: new RaftServerImpl for group-36B6A54A3C10:[4c7d070b-487d-4f6a-a802-5407a717b610|127.0.0.1:15557] with ContainerStateMachine:uninitialized
2024-04-29 10:07:45,183 [4c7d070b-487d-4f6a-a802-5407a717b610-groupManagement] INFO  server.RaftServerConfigKeys (ConfUtils.java:logGet(46)) - raft.server.rpc.timeout.min = 5s (custom)
2024-04-29 10:07:45,183 [4c7d070b-487d-4f6a-a802-5407a717b610-groupManagement] INFO  server.RaftServerConfigKeys (ConfUtils.java:logGet(46)) - raft.server.rpc.timeout.max = 5200ms (custom)
2024-04-29 10:07:45,183 [4c7d070b-487d-4f6a-a802-5407a717b610-groupManagement] INFO  server.RaftServerConfigKeys (ConfUtils.java:logGet(46)) - raft.server.rpc.sleep.time = 25ms (default)
2024-04-29 10:07:45,183 [4c7d070b-487d-4f6a-a802-5407a717b610-groupManagement] INFO  server.RaftServerConfigKeys (ConfUtils.java:logGet(46)) - raft.server.rpc.slowness.timeout = 300000ms (custom)
2024-04-29 10:07:45,183 [4c7d070b-487d-4f6a-a802-5407a717b610-groupManagement] INFO  server.RaftServerConfigKeys (ConfUtils.java:logGet(46)) - raft.server.leaderelection.leader.step-down.wait-time = 10s (default)
2024-04-29 10:07:45,183 [4c7d070b-487d-4f6a-a802-5407a717b610-groupManagement] INFO  server.RaftServerConfigKeys (ConfUtils.java:logGet(46)) - raft.server.leaderelection.member.majority-add = false (default)
2024-04-29 10:07:45,183 [4c7d070b-487d-4f6a-a802-5407a717b610-groupManagement] INFO  server.RaftServerConfigKeys (ConfUtils.java:logGet(46)) - raft.server.sleep.deviation.threshold = 300ms (default)
2024-04-29 10:07:45,183 [4c7d070b-487d-4f6a-a802-5407a717b610-groupManagement] INFO  server.RaftServer$Division (ServerState.java:<init>(113)) - 4c7d070b-487d-4f6a-a802-5407a717b610@group-36B6A54A3C10: ConfigurationManager, init=-1: peers:[4c7d070b-487d-4f6a-a802-5407a717b610|127.0.0.1:15557]|listeners:[], old=null, confs=<EMPTY_MAP>
2024-04-29 10:07:45,183 [4c7d070b-487d-4f6a-a802-5407a717b610-groupManagement] INFO  server.RaftServerConfigKeys (ConfUtils.java:logGet(46)) - raft.server.notification.no-leader.timeout = 300000ms (custom)
2024-04-29 10:07:45,183 [4c7d070b-487d-4f6a-a802-5407a717b610-groupManagement] INFO  server.RaftServerConfigKeys (ConfUtils.java:logGet(46)) - raft.server.read.timeout = 10s (default)
2024-04-29 10:07:45,183 [4c7d070b-487d-4f6a-a802-5407a717b610-groupManagement] INFO  server.RaftServerConfigKeys (ConfUtils.java:logGet(46)) - raft.server.retrycache.expirytime = 600000ms (custom)
2024-04-29 10:07:45,183 [4c7d070b-487d-4f6a-a802-5407a717b610-groupManagement] INFO  server.RaftServerConfigKeys (ConfUtils.java:logGet(46)) - raft.server.retrycache.statistics.expirytime = 100ms (default)
2024-04-29 10:07:45,184 [4c7d070b-487d-4f6a-a802-5407a717b610-groupManagement] INFO  server.RaftServerConfigKeys (ConfUtils.java:logGet(46)) - raft.server.read.option = DEFAULT (default)
2024-04-29 10:07:45,184 [4c7d070b-487d-4f6a-a802-5407a717b610-groupManagement] INFO  server.RaftServerConfigKeys (ConfUtils.java:logGet(46)) - raft.server.read.read-after-write-consistent.write-index-cache.expiry-time = 60s (default)
2024-04-29 10:07:45,185 [4c7d070b-487d-4f6a-a802-5407a717b610-groupManagement] INFO  server.RaftServerConfigKeys (ConfUtils.java:logGet(46)) - raft.server.rpc.request.timeout = 3000ms (default)
2024-04-29 10:07:45,185 [4c7d070b-487d-4f6a-a802-5407a717b610-groupManagement] INFO  server.RaftServerConfigKeys (ConfUtils.java:logGet(46)) - raft.server.log.appender.install.snapshot.enabled = false (custom)
2024-04-29 10:07:45,185 [4c7d070b-487d-4f6a-a802-5407a717b610-groupManagement] INFO  server.RaftServerConfigKeys (ConfUtils.java:logGet(46)) - raft.server.threadpool.server.cached = true (default)
2024-04-29 10:07:45,185 [4c7d070b-487d-4f6a-a802-5407a717b610-groupManagement] INFO  server.RaftServerConfigKeys (ConfUtils.java:logGet(46)) - raft.server.threadpool.server.size = 0 (default)
2024-04-29 10:07:45,185 [4c7d070b-487d-4f6a-a802-5407a717b610-groupManagement] INFO  server.RaftServerConfigKeys (ConfUtils.java:logGet(46)) - raft.server.threadpool.client.cached = true (default)
2024-04-29 10:07:45,185 [4c7d070b-487d-4f6a-a802-5407a717b610-groupManagement] INFO  server.RaftServerConfigKeys (ConfUtils.java:logGet(46)) - raft.server.threadpool.client.size = 0 (default)
2024-04-29 10:07:45,185 [4c7d070b-487d-4f6a-a802-5407a717b610-groupManagement] INFO  server.RaftServerConfigKeys (ConfUtils.java:logGet(46)) - raft.server.storage.free-space.min = 0MB (=0) (default)
2024-04-29 10:07:45,185 [4c7d070b-487d-4f6a-a802-5407a717b610-groupManagement] INFO  server.RaftServerConfigKeys (ConfUtils.java:logGet(46)) - raft.server.log.corruption.policy = EXCEPTION (default)
2024-04-29 10:07:45,185 [4c7d070b-487d-4f6a-a802-5407a717b610-groupManagement] INFO  server.RaftServerConfigKeys (ConfUtils.java:logGet(46)) - raft.server.storage.dir = [/home/runner/work/ozone/ozone/hadoop-ozone/integration-test/target/test-dir/MiniOzoneClusterImpl-b29d8e3c-9ac1-4bd8-916d-9a49b4a73262/ozone-meta/datanode-2/ratis] (custom)
2024-04-29 10:07:45,186 [4c7d070b-487d-4f6a-a802-5407a717b610-groupManagement] INFO  storage.RaftStorageDirectory (RaftStorageDirectoryImpl.java:analyzeStorage(138)) - The storage directory /home/runner/work/ozone/ozone/hadoop-ozone/integration-test/target/test-dir/MiniOzoneClusterImpl-b29d8e3c-9ac1-4bd8-916d-9a49b4a73262/ozone-meta/datanode-2/ratis/b191373b-afa4-4d10-969c-36b6a54a3c10 does not exist. Creating ...
2024-04-29 10:07:45,187 [4c7d070b-487d-4f6a-a802-5407a717b610-groupManagement] INFO  storage.RaftStorageDirectory (RaftStorageDirectoryImpl.java:tryLock(228)) - Lock on /home/runner/work/ozone/ozone/hadoop-ozone/integration-test/target/test-dir/MiniOzoneClusterImpl-b29d8e3c-9ac1-4bd8-916d-9a49b4a73262/ozone-meta/datanode-2/ratis/b191373b-afa4-4d10-969c-36b6a54a3c10/in_use.lock acquired by nodename 20825@fv-az913-54
2024-04-29 10:07:45,187 [4c7d070b-487d-4f6a-a802-5407a717b610-groupManagement] INFO  storage.RaftStorage (RaftStorageImpl.java:format(99)) - Storage directory /home/runner/work/ozone/ozone/hadoop-ozone/integration-test/target/test-dir/MiniOzoneClusterImpl-b29d8e3c-9ac1-4bd8-916d-9a49b4a73262/ozone-meta/datanode-2/ratis/b191373b-afa4-4d10-969c-36b6a54a3c10 has been successfully formatted.
2024-04-29 10:07:45,188 [4c7d070b-487d-4f6a-a802-5407a717b610-groupManagement] WARN  util.FileUtils (LogUtils.java:supplyAndLog(63)) - Failed to Files.newInputStream /home/runner/work/ozone/ozone/hadoop-ozone/integration-test/target/test-dir/MiniOzoneClusterImpl-b29d8e3c-9ac1-4bd8-916d-9a49b4a73262/ozone-meta/datanode-2/ratis/b191373b-afa4-4d10-969c-36b6a54a3c10/current/raft-meta.conf with options []: java.nio.file.NoSuchFileException: /home/runner/work/ozone/ozone/hadoop-ozone/integration-test/target/test-dir/MiniOzoneClusterImpl-b29d8e3c-9ac1-4bd8-916d-9a49b4a73262/ozone-meta/datanode-2/ratis/b191373b-afa4-4d10-969c-36b6a54a3c10/current/raft-meta.conf
2024-04-29 10:07:45,188 [4c7d070b-487d-4f6a-a802-5407a717b610-groupManagement] INFO  ratis.ContainerStateMachine (ContainerStateMachine.java:loadSnapshot(287)) - group-36B6A54A3C10: The snapshot info is null. Setting the last applied index to:(t:0, i:~)
2024-04-29 10:07:45,188 [4c7d070b-487d-4f6a-a802-5407a717b610-groupManagement] INFO  server.RaftServerConfigKeys (ConfUtils.java:logGet(46)) - raft.server.log.use.memory = false (default)
2024-04-29 10:07:45,188 [4c7d070b-487d-4f6a-a802-5407a717b610-groupManagement] INFO  server.RaftServerConfigKeys (ConfUtils.java:logGet(46)) - raft.server.log.purge.gap = 1000000 (custom)
2024-04-29 10:07:45,188 [4c7d070b-487d-4f6a-a802-5407a717b610-groupManagement] INFO  server.RaftServerConfigKeys (ConfUtils.java:logGet(46)) - raft.server.log.appender.buffer.byte-limit = 8388608 (custom)
2024-04-29 10:07:45,188 [4c7d070b-487d-4f6a-a802-5407a717b610-groupManagement] INFO  server.RaftServerConfigKeys (ConfUtils.java:logGet(46)) - raft.server.log.statemachine.data.read.timeout = 1000ms (default)
2024-04-29 10:07:45,188 [4c7d070b-487d-4f6a-a802-5407a717b610-groupManagement] INFO  server.RaftServerConfigKeys (ConfUtils.java:logGet(46)) - raft.server.log.purge.preservation.log.num = 0 (default)
2024-04-29 10:07:45,189 [EventQueue-PipelineReportForPipelineReportHandler] INFO  pipeline.PipelineReportHandler (PipelineReportHandler.java:processPipelineReport(136)) - Opened pipeline PipelineID=b191373b-afa4-4d10-969c-36b6a54a3c10
2024-04-29 10:07:45,189 [EventQueue-OpenPipelineForHealthyPipelineSafeModeRule] INFO  safemode.SCMSafeModeManager (HealthyPipelineSafeModeRule.java:process(140)) - SCM in safe mode. Healthy pipelines reported count is 0, required healthy pipeline reported count is 1
2024-04-29 10:07:45,189 [4c7d070b-487d-4f6a-a802-5407a717b610-groupManagement] INFO  server.RaftServerConfigKeys (ConfUtils.java:logGet(46)) - raft.server.log.segment.size.max = 67108864 (custom)
2024-04-29 10:07:45,189 [4c7d070b-487d-4f6a-a802-5407a717b610-groupManagement] INFO  server.RaftServerConfigKeys (ConfUtils.java:logGet(46)) - raft.server.log.segment.cache.num.max = 2 (custom)
2024-04-29 10:07:45,190 [4c7d070b-487d-4f6a-a802-5407a717b610-groupManagement] INFO  server.RaftServerConfigKeys (ConfUtils.java:logGet(46)) - raft.server.log.segment.cache.size.max = 200MB (=209715200) (default)
2024-04-29 10:07:45,190 [4c7d070b-487d-4f6a-a802-5407a717b610-groupManagement] INFO  server.RaftServerConfigKeys (ConfUtils.java:logGet(46)) - raft.server.log.appender.buffer.byte-limit = 8388608 (custom)
2024-04-29 10:07:45,190 [4c7d070b-487d-4f6a-a802-5407a717b610-groupManagement] INFO  util.AwaitToRun (AwaitToRun.java:start(81)) - Thread[4c7d070b-487d-4f6a-a802-5407a717b610@group-36B6A54A3C10-cacheEviction-AwaitToRun,5,main] started
2024-04-29 10:07:45,190 [4c7d070b-487d-4f6a-a802-5407a717b610-groupManagement] INFO  segmented.SegmentedRaftLogWorker (SegmentedRaftLogWorker.java:<init>(182)) - new 4c7d070b-487d-4f6a-a802-5407a717b610@group-36B6A54A3C10-SegmentedRaftLogWorker for RaftStorageImpl:Storage Directory /home/runner/work/ozone/ozone/hadoop-ozone/integration-test/target/test-dir/MiniOzoneClusterImpl-b29d8e3c-9ac1-4bd8-916d-9a49b4a73262/ozone-meta/datanode-2/ratis/b191373b-afa4-4d10-969c-36b6a54a3c10
2024-04-29 10:07:45,190 [4c7d070b-487d-4f6a-a802-5407a717b610-groupManagement] INFO  server.RaftServerConfigKeys (ConfUtils.java:logGet(46)) - raft.server.log.queue.byte-limit = 4294967296 (custom)
2024-04-29 10:07:45,190 [4c7d070b-487d-4f6a-a802-5407a717b610-groupManagement] INFO  server.RaftServerConfigKeys (ConfUtils.java:logGet(46)) - raft.server.log.queue.element-limit = 1024 (custom)
2024-04-29 10:07:45,190 [4c7d070b-487d-4f6a-a802-5407a717b610-groupManagement] INFO  server.RaftServerConfigKeys (ConfUtils.java:logGet(46)) - raft.server.log.segment.size.max = 67108864 (custom)
2024-04-29 10:07:45,190 [4c7d070b-487d-4f6a-a802-5407a717b610-groupManagement] INFO  server.RaftServerConfigKeys (ConfUtils.java:logGet(46)) - raft.server.log.preallocated.size = 4194304 (custom)
2024-04-29 10:07:45,190 [4c7d070b-487d-4f6a-a802-5407a717b610-groupManagement] INFO  server.RaftServerConfigKeys (ConfUtils.java:logGet(46)) - raft.server.log.force.sync.num = 128 (default)
2024-04-29 10:07:45,190 [4c7d070b-487d-4f6a-a802-5407a717b610-groupManagement] INFO  server.RaftServerConfigKeys (ConfUtils.java:logGet(46)) - raft.server.log.statemachine.data.sync = true (default)
2024-04-29 10:07:45,190 [4c7d070b-487d-4f6a-a802-5407a717b610-groupManagement] INFO  server.RaftServerConfigKeys (ConfUtils.java:logGet(46)) - raft.server.log.statemachine.data.sync.timeout = 10s (default)
2024-04-29 10:07:45,190 [4c7d070b-487d-4f6a-a802-5407a717b610-groupManagement] INFO  server.RaftServerConfigKeys (ConfUtils.java:logGet(46)) - raft.server.log.statemachine.data.sync.timeout.retry = 30 (custom)
2024-04-29 10:07:45,190 [4c7d070b-487d-4f6a-a802-5407a717b610-groupManagement] INFO  server.RaftServerConfigKeys (ConfUtils.java:logGet(46)) - raft.server.log.write.buffer.size = 8388616 (custom)
2024-04-29 10:07:45,191 [4c7d070b-487d-4f6a-a802-5407a717b610-groupManagement] INFO  server.RaftServerConfigKeys (ConfUtils.java:logGet(46)) - raft.server.log.appender.buffer.byte-limit = 8388608 (custom)
2024-04-29 10:07:45,191 [4c7d070b-487d-4f6a-a802-5407a717b610-groupManagement] INFO  server.RaftServerConfigKeys (ConfUtils.java:logGet(46)) - raft.server.log.unsafe-flush.enabled = false (default)
2024-04-29 10:07:45,191 [4c7d070b-487d-4f6a-a802-5407a717b610-groupManagement] INFO  server.RaftServerConfigKeys (ConfUtils.java:logGet(46)) - raft.server.log.async-flush.enabled = false (default)
2024-04-29 10:07:45,192 [4c7d070b-487d-4f6a-a802-5407a717b610-groupManagement] INFO  server.RaftServerConfigKeys (ConfUtils.java:logGet(46)) - raft.server.log.statemachine.data.caching.enabled = true (custom)
2024-04-29 10:07:45,192 [4c7d070b-487d-4f6a-a802-5407a717b610-groupManagement] INFO  segmented.SegmentedRaftLogWorker (SegmentedRaftLogWorker.java:lambda$new$0(134)) - 4c7d070b-487d-4f6a-a802-5407a717b610@group-36B6A54A3C10-SegmentedRaftLogWorker: flushIndex: setUnconditionally 0 -> -1
2024-04-29 10:07:45,192 [4c7d070b-487d-4f6a-a802-5407a717b610-groupManagement] INFO  segmented.SegmentedRaftLogWorker (SegmentedRaftLogWorker.java:lambda$new$0(134)) - 4c7d070b-487d-4f6a-a802-5407a717b610@group-36B6A54A3C10-SegmentedRaftLogWorker: safeCacheEvictIndex: setUnconditionally 0 -> -1
2024-04-29 10:07:45,192 [4c7d070b-487d-4f6a-a802-5407a717b610-groupManagement] INFO  server.RaftServer$Division (RaftServerImpl.java:start(396)) - 4c7d070b-487d-4f6a-a802-5407a717b610@group-36B6A54A3C10: start as a follower, conf=-1: peers:[4c7d070b-487d-4f6a-a802-5407a717b610|127.0.0.1:15557]|listeners:[], old=null
2024-04-29 10:07:45,192 [4c7d070b-487d-4f6a-a802-5407a717b610-groupManagement] INFO  server.RaftServer$Division (RaftServerImpl.java:setRole(383)) - 4c7d070b-487d-4f6a-a802-5407a717b610@group-36B6A54A3C10: changes role from      null to FOLLOWER at term 0 for startAsFollower
2024-04-29 10:07:45,192 [4c7d070b-487d-4f6a-a802-5407a717b610-groupManagement] INFO  impl.RoleInfo (RoleInfo.java:updateAndGet(139)) - 4c7d070b-487d-4f6a-a802-5407a717b610: start 4c7d070b-487d-4f6a-a802-5407a717b610@group-36B6A54A3C10-FollowerState
2024-04-29 10:07:45,192 [4c7d070b-487d-4f6a-a802-5407a717b610@group-36B6A54A3C10-FollowerState] INFO  server.RaftServerConfigKeys (ConfUtils.java:logFallback(53)) - raft.server.rpc.first-election.timeout.min = 5s (fallback to raft.server.rpc.timeout.min)
2024-04-29 10:07:45,192 [4c7d070b-487d-4f6a-a802-5407a717b610@group-36B6A54A3C10-FollowerState] INFO  server.RaftServerConfigKeys (ConfUtils.java:logFallback(53)) - raft.server.rpc.first-election.timeout.max = 5200ms (fallback to raft.server.rpc.timeout.max)
2024-04-29 10:07:45,192 [4c7d070b-487d-4f6a-a802-5407a717b610-groupManagement] INFO  util.JmxRegister (JmxRegister.java:tryRegister(44)) - Successfully registered JMX Bean with object name Ratis:service=RaftServer,group=group-36B6A54A3C10,id=4c7d070b-487d-4f6a-a802-5407a717b610
2024-04-29 10:07:45,192 [4c7d070b-487d-4f6a-a802-5407a717b610-groupManagement] INFO  server.RaftServerConfigKeys (ConfUtils.java:logGet(46)) - raft.server.snapshot.trigger-when-stop.enabled = true (default)
2024-04-29 10:07:45,192 [4c7d070b-487d-4f6a-a802-5407a717b610-groupManagement] INFO  server.RaftServerConfigKeys (ConfUtils.java:logGet(46)) - raft.server.snapshot.auto.trigger.enabled = true (custom)
2024-04-29 10:07:45,192 [4c7d070b-487d-4f6a-a802-5407a717b610-groupManagement] INFO  server.RaftServerConfigKeys (ConfUtils.java:logGet(46)) - raft.server.snapshot.auto.trigger.threshold = 10000 (custom)
2024-04-29 10:07:45,192 [4c7d070b-487d-4f6a-a802-5407a717b610-groupManagement] INFO  server.RaftServerConfigKeys (ConfUtils.java:logGet(46)) - raft.server.snapshot.retention.file.num = 5 (custom)
2024-04-29 10:07:45,192 [4c7d070b-487d-4f6a-a802-5407a717b610-groupManagement] INFO  server.RaftServerConfigKeys (ConfUtils.java:logGet(46)) - raft.server.log.purge.upto.snapshot.index = false (default)
2024-04-29 10:07:45,193 [4c7d070b-487d-4f6a-a802-5407a717b610-PipelineCommandHandlerThread-0] INFO  ratis.XceiverServerRatis (XceiverServerRatis.java:addGroup(864)) - Created group PipelineID=b191373b-afa4-4d10-969c-36b6a54a3c10
2024-04-29 10:07:45,193 [4c7d070b-487d-4f6a-a802-5407a717b610-PipelineCommandHandlerThread-0] INFO  commandhandler.CreatePipelineCommandHandler (CreatePipelineCommandHandler.java:lambda$handle$2(124)) - Created Pipeline RATIS ONE PipelineID=b191373b-afa4-4d10-969c-36b6a54a3c10.
2024-04-29 10:07:45,238 [0b459a02-f078-4553-b8ee-4a7bbebe5aa1-PipelineCommandHandlerThread-0] INFO  server.RaftServer (RaftServerProxy.java:addNew(100)) - 0b459a02-f078-4553-b8ee-4a7bbebe5aa1: addNew group-797A9D523F66:[0b459a02-f078-4553-b8ee-4a7bbebe5aa1|127.0.0.1:15566] returns group-797A9D523F66:java.util.concurrent.CompletableFuture@4796b8c8[Not completed]
2024-04-29 10:07:45,238 [0b459a02-f078-4553-b8ee-4a7bbebe5aa1-groupManagement] INFO  server.RaftServer$Division (RaftServerImpl.java:<init>(256)) - 0b459a02-f078-4553-b8ee-4a7bbebe5aa1: new RaftServerImpl for group-797A9D523F66:[0b459a02-f078-4553-b8ee-4a7bbebe5aa1|127.0.0.1:15566] with ContainerStateMachine:uninitialized
2024-04-29 10:07:45,238 [0b459a02-f078-4553-b8ee-4a7bbebe5aa1-groupManagement] INFO  server.RaftServerConfigKeys (ConfUtils.java:logGet(46)) - raft.server.rpc.timeout.min = 5s (custom)
2024-04-29 10:07:45,238 [0b459a02-f078-4553-b8ee-4a7bbebe5aa1-groupManagement] INFO  server.RaftServerConfigKeys (ConfUtils.java:logGet(46)) - raft.server.rpc.timeout.max = 5200ms (custom)
2024-04-29 10:07:45,239 [0b459a02-f078-4553-b8ee-4a7bbebe5aa1-groupManagement] INFO  server.RaftServerConfigKeys (ConfUtils.java:logGet(46)) - raft.server.rpc.sleep.time = 25ms (default)
2024-04-29 10:07:45,239 [0b459a02-f078-4553-b8ee-4a7bbebe5aa1-groupManagement] INFO  server.RaftServerConfigKeys (ConfUtils.java:logGet(46)) - raft.server.rpc.slowness.timeout = 300000ms (custom)
2024-04-29 10:07:45,239 [0b459a02-f078-4553-b8ee-4a7bbebe5aa1-groupManagement] INFO  server.RaftServerConfigKeys (ConfUtils.java:logGet(46)) - raft.server.leaderelection.leader.step-down.wait-time = 10s (default)
2024-04-29 10:07:45,239 [0b459a02-f078-4553-b8ee-4a7bbebe5aa1-groupManagement] INFO  server.RaftServerConfigKeys (ConfUtils.java:logGet(46)) - raft.server.leaderelection.member.majority-add = false (default)
2024-04-29 10:07:45,239 [0b459a02-f078-4553-b8ee-4a7bbebe5aa1-groupManagement] INFO  server.RaftServerConfigKeys (ConfUtils.java:logGet(46)) - raft.server.sleep.deviation.threshold = 300ms (default)
2024-04-29 10:07:45,239 [0b459a02-f078-4553-b8ee-4a7bbebe5aa1-groupManagement] INFO  server.RaftServer$Division (ServerState.java:<init>(113)) - 0b459a02-f078-4553-b8ee-4a7bbebe5aa1@group-797A9D523F66: ConfigurationManager, init=-1: peers:[0b459a02-f078-4553-b8ee-4a7bbebe5aa1|127.0.0.1:15566]|listeners:[], old=null, confs=<EMPTY_MAP>
2024-04-29 10:07:45,239 [0b459a02-f078-4553-b8ee-4a7bbebe5aa1-groupManagement] INFO  server.RaftServerConfigKeys (ConfUtils.java:logGet(46)) - raft.server.notification.no-leader.timeout = 300000ms (custom)
2024-04-29 10:07:45,239 [0b459a02-f078-4553-b8ee-4a7bbebe5aa1-groupManagement] INFO  server.RaftServerConfigKeys (ConfUtils.java:logGet(46)) - raft.server.read.timeout = 10s (default)
2024-04-29 10:07:45,239 [0b459a02-f078-4553-b8ee-4a7bbebe5aa1-groupManagement] INFO  server.RaftServerConfigKeys (ConfUtils.java:logGet(46)) - raft.server.retrycache.expirytime = 600000ms (custom)
2024-04-29 10:07:45,239 [0b459a02-f078-4553-b8ee-4a7bbebe5aa1-groupManagement] INFO  server.RaftServerConfigKeys (ConfUtils.java:logGet(46)) - raft.server.retrycache.statistics.expirytime = 100ms (default)
2024-04-29 10:07:45,239 [0b459a02-f078-4553-b8ee-4a7bbebe5aa1-groupManagement] INFO  server.RaftServerConfigKeys (ConfUtils.java:logGet(46)) - raft.server.read.option = DEFAULT (default)
2024-04-29 10:07:45,239 [0b459a02-f078-4553-b8ee-4a7bbebe5aa1-groupManagement] INFO  server.RaftServerConfigKeys (ConfUtils.java:logGet(46)) - raft.server.read.read-after-write-consistent.write-index-cache.expiry-time = 60s (default)
2024-04-29 10:07:45,240 [0b459a02-f078-4553-b8ee-4a7bbebe5aa1-groupManagement] INFO  server.RaftServerConfigKeys (ConfUtils.java:logGet(46)) - raft.server.rpc.request.timeout = 3000ms (default)
2024-04-29 10:07:45,240 [0b459a02-f078-4553-b8ee-4a7bbebe5aa1-groupManagement] INFO  server.RaftServerConfigKeys (ConfUtils.java:logGet(46)) - raft.server.log.appender.install.snapshot.enabled = false (custom)
2024-04-29 10:07:45,240 [0b459a02-f078-4553-b8ee-4a7bbebe5aa1-groupManagement] INFO  server.RaftServerConfigKeys (ConfUtils.java:logGet(46)) - raft.server.threadpool.server.cached = true (default)
2024-04-29 10:07:45,240 [0b459a02-f078-4553-b8ee-4a7bbebe5aa1-groupManagement] INFO  server.RaftServerConfigKeys (ConfUtils.java:logGet(46)) - raft.server.threadpool.server.size = 0 (default)
2024-04-29 10:07:45,240 [0b459a02-f078-4553-b8ee-4a7bbebe5aa1-groupManagement] INFO  server.RaftServerConfigKeys (ConfUtils.java:logGet(46)) - raft.server.threadpool.client.cached = true (default)
2024-04-29 10:07:45,240 [0b459a02-f078-4553-b8ee-4a7bbebe5aa1-groupManagement] INFO  server.RaftServerConfigKeys (ConfUtils.java:logGet(46)) - raft.server.threadpool.client.size = 0 (default)
2024-04-29 10:07:45,240 [0b459a02-f078-4553-b8ee-4a7bbebe5aa1-groupManagement] INFO  server.RaftServerConfigKeys (ConfUtils.java:logGet(46)) - raft.server.storage.free-space.min = 0MB (=0) (default)
2024-04-29 10:07:45,241 [0b459a02-f078-4553-b8ee-4a7bbebe5aa1-groupManagement] INFO  server.RaftServerConfigKeys (ConfUtils.java:logGet(46)) - raft.server.log.corruption.policy = EXCEPTION (default)
2024-04-29 10:07:45,241 [0b459a02-f078-4553-b8ee-4a7bbebe5aa1-groupManagement] INFO  server.RaftServerConfigKeys (ConfUtils.java:logGet(46)) - raft.server.storage.dir = [/home/runner/work/ozone/ozone/hadoop-ozone/integration-test/target/test-dir/MiniOzoneClusterImpl-b29d8e3c-9ac1-4bd8-916d-9a49b4a73262/ozone-meta/datanode-3/ratis] (custom)
2024-04-29 10:07:45,241 [0b459a02-f078-4553-b8ee-4a7bbebe5aa1-groupManagement] INFO  storage.RaftStorageDirectory (RaftStorageDirectoryImpl.java:analyzeStorage(138)) - The storage directory /home/runner/work/ozone/ozone/hadoop-ozone/integration-test/target/test-dir/MiniOzoneClusterImpl-b29d8e3c-9ac1-4bd8-916d-9a49b4a73262/ozone-meta/datanode-3/ratis/3de6536f-9399-4115-a850-797a9d523f66 does not exist. Creating ...
2024-04-29 10:07:45,241 [0b459a02-f078-4553-b8ee-4a7bbebe5aa1-groupManagement] INFO  storage.RaftStorageDirectory (RaftStorageDirectoryImpl.java:tryLock(228)) - Lock on /home/runner/work/ozone/ozone/hadoop-ozone/integration-test/target/test-dir/MiniOzoneClusterImpl-b29d8e3c-9ac1-4bd8-916d-9a49b4a73262/ozone-meta/datanode-3/ratis/3de6536f-9399-4115-a850-797a9d523f66/in_use.lock acquired by nodename 20825@fv-az913-54
2024-04-29 10:07:45,242 [0b459a02-f078-4553-b8ee-4a7bbebe5aa1-groupManagement] INFO  storage.RaftStorage (RaftStorageImpl.java:format(99)) - Storage directory /home/runner/work/ozone/ozone/hadoop-ozone/integration-test/target/test-dir/MiniOzoneClusterImpl-b29d8e3c-9ac1-4bd8-916d-9a49b4a73262/ozone-meta/datanode-3/ratis/3de6536f-9399-4115-a850-797a9d523f66 has been successfully formatted.
2024-04-29 10:07:45,242 [0b459a02-f078-4553-b8ee-4a7bbebe5aa1-groupManagement] WARN  util.FileUtils (LogUtils.java:supplyAndLog(63)) - Failed to Files.newInputStream /home/runner/work/ozone/ozone/hadoop-ozone/integration-test/target/test-dir/MiniOzoneClusterImpl-b29d8e3c-9ac1-4bd8-916d-9a49b4a73262/ozone-meta/datanode-3/ratis/3de6536f-9399-4115-a850-797a9d523f66/current/raft-meta.conf with options []: java.nio.file.NoSuchFileException: /home/runner/work/ozone/ozone/hadoop-ozone/integration-test/target/test-dir/MiniOzoneClusterImpl-b29d8e3c-9ac1-4bd8-916d-9a49b4a73262/ozone-meta/datanode-3/ratis/3de6536f-9399-4115-a850-797a9d523f66/current/raft-meta.conf
2024-04-29 10:07:45,242 [0b459a02-f078-4553-b8ee-4a7bbebe5aa1-groupManagement] INFO  ratis.ContainerStateMachine (ContainerStateMachine.java:loadSnapshot(287)) - group-797A9D523F66: The snapshot info is null. Setting the last applied index to:(t:0, i:~)
2024-04-29 10:07:45,242 [0b459a02-f078-4553-b8ee-4a7bbebe5aa1-groupManagement] INFO  server.RaftServerConfigKeys (ConfUtils.java:logGet(46)) - raft.server.log.use.memory = false (default)
2024-04-29 10:07:45,243 [0b459a02-f078-4553-b8ee-4a7bbebe5aa1-groupManagement] INFO  server.RaftServerConfigKeys (ConfUtils.java:logGet(46)) - raft.server.log.purge.gap = 1000000 (custom)
2024-04-29 10:07:45,243 [0b459a02-f078-4553-b8ee-4a7bbebe5aa1-groupManagement] INFO  server.RaftServerConfigKeys (ConfUtils.java:logGet(46)) - raft.server.log.appender.buffer.byte-limit = 8388608 (custom)
2024-04-29 10:07:45,243 [0b459a02-f078-4553-b8ee-4a7bbebe5aa1-groupManagement] INFO  server.RaftServerConfigKeys (ConfUtils.java:logGet(46)) - raft.server.log.statemachine.data.read.timeout = 1000ms (default)
2024-04-29 10:07:45,243 [0b459a02-f078-4553-b8ee-4a7bbebe5aa1-groupManagement] INFO  server.RaftServerConfigKeys (ConfUtils.java:logGet(46)) - raft.server.log.purge.preservation.log.num = 0 (default)
2024-04-29 10:07:45,243 [EventQueue-PipelineReportForPipelineReportHandler] INFO  pipeline.PipelineReportHandler (PipelineReportHandler.java:processPipelineReport(136)) - Opened pipeline PipelineID=3de6536f-9399-4115-a850-797a9d523f66
2024-04-29 10:07:45,243 [EventQueue-OpenPipelineForHealthyPipelineSafeModeRule] INFO  safemode.SCMSafeModeManager (HealthyPipelineSafeModeRule.java:process(140)) - SCM in safe mode. Healthy pipelines reported count is 0, required healthy pipeline reported count is 1
2024-04-29 10:07:45,244 [0b459a02-f078-4553-b8ee-4a7bbebe5aa1-groupManagement] INFO  server.RaftServerConfigKeys (ConfUtils.java:logGet(46)) - raft.server.log.segment.size.max = 67108864 (custom)
2024-04-29 10:07:45,244 [0b459a02-f078-4553-b8ee-4a7bbebe5aa1-groupManagement] INFO  server.RaftServerConfigKeys (ConfUtils.java:logGet(46)) - raft.server.log.segment.cache.num.max = 2 (custom)
2024-04-29 10:07:45,244 [0b459a02-f078-4553-b8ee-4a7bbebe5aa1-groupManagement] INFO  server.RaftServerConfigKeys (ConfUtils.java:logGet(46)) - raft.server.log.segment.cache.size.max = 200MB (=209715200) (default)
2024-04-29 10:07:45,244 [0b459a02-f078-4553-b8ee-4a7bbebe5aa1-groupManagement] INFO  server.RaftServerConfigKeys (ConfUtils.java:logGet(46)) - raft.server.log.appender.buffer.byte-limit = 8388608 (custom)
2024-04-29 10:07:45,244 [0b459a02-f078-4553-b8ee-4a7bbebe5aa1-groupManagement] INFO  util.AwaitToRun (AwaitToRun.java:start(81)) - Thread[0b459a02-f078-4553-b8ee-4a7bbebe5aa1@group-797A9D523F66-cacheEviction-AwaitToRun,5,main] started
2024-04-29 10:07:45,244 [0b459a02-f078-4553-b8ee-4a7bbebe5aa1-groupManagement] INFO  segmented.SegmentedRaftLogWorker (SegmentedRaftLogWorker.java:<init>(182)) - new 0b459a02-f078-4553-b8ee-4a7bbebe5aa1@group-797A9D523F66-SegmentedRaftLogWorker for RaftStorageImpl:Storage Directory /home/runner/work/ozone/ozone/hadoop-ozone/integration-test/target/test-dir/MiniOzoneClusterImpl-b29d8e3c-9ac1-4bd8-916d-9a49b4a73262/ozone-meta/datanode-3/ratis/3de6536f-9399-4115-a850-797a9d523f66
2024-04-29 10:07:45,244 [0b459a02-f078-4553-b8ee-4a7bbebe5aa1-groupManagement] INFO  server.RaftServerConfigKeys (ConfUtils.java:logGet(46)) - raft.server.log.queue.byte-limit = 4294967296 (custom)
2024-04-29 10:07:45,244 [0b459a02-f078-4553-b8ee-4a7bbebe5aa1-groupManagement] INFO  server.RaftServerConfigKeys (ConfUtils.java:logGet(46)) - raft.server.log.queue.element-limit = 1024 (custom)
2024-04-29 10:07:45,244 [0b459a02-f078-4553-b8ee-4a7bbebe5aa1-groupManagement] INFO  server.RaftServerConfigKeys (ConfUtils.java:logGet(46)) - raft.server.log.segment.size.max = 67108864 (custom)
2024-04-29 10:07:45,244 [0b459a02-f078-4553-b8ee-4a7bbebe5aa1-groupManagement] INFO  server.RaftServerConfigKeys (ConfUtils.java:logGet(46)) - raft.server.log.preallocated.size = 4194304 (custom)
2024-04-29 10:07:45,244 [0b459a02-f078-4553-b8ee-4a7bbebe5aa1-groupManagement] INFO  server.RaftServerConfigKeys (ConfUtils.java:logGet(46)) - raft.server.log.force.sync.num = 128 (default)
2024-04-29 10:07:45,244 [0b459a02-f078-4553-b8ee-4a7bbebe5aa1-groupManagement] INFO  server.RaftServerConfigKeys (ConfUtils.java:logGet(46)) - raft.server.log.statemachine.data.sync = true (default)
2024-04-29 10:07:45,244 [0b459a02-f078-4553-b8ee-4a7bbebe5aa1-groupManagement] INFO  server.RaftServerConfigKeys (ConfUtils.java:logGet(46)) - raft.server.log.statemachine.data.sync.timeout = 10s (default)
2024-04-29 10:07:45,245 [0b459a02-f078-4553-b8ee-4a7bbebe5aa1-groupManagement] INFO  server.RaftServerConfigKeys (ConfUtils.java:logGet(46)) - raft.server.log.statemachine.data.sync.timeout.retry = 30 (custom)
2024-04-29 10:07:45,245 [0b459a02-f078-4553-b8ee-4a7bbebe5aa1-groupManagement] INFO  server.RaftServerConfigKeys (ConfUtils.java:logGet(46)) - raft.server.log.write.buffer.size = 8388616 (custom)
2024-04-29 10:07:45,246 [0b459a02-f078-4553-b8ee-4a7bbebe5aa1-groupManagement] INFO  server.RaftServerConfigKeys (ConfUtils.java:logGet(46)) - raft.server.log.appender.buffer.byte-limit = 8388608 (custom)
2024-04-29 10:07:45,246 [0b459a02-f078-4553-b8ee-4a7bbebe5aa1-groupManagement] INFO  server.RaftServerConfigKeys (ConfUtils.java:logGet(46)) - raft.server.log.unsafe-flush.enabled = false (default)
2024-04-29 10:07:45,246 [0b459a02-f078-4553-b8ee-4a7bbebe5aa1-groupManagement] INFO  server.RaftServerConfigKeys (ConfUtils.java:logGet(46)) - raft.server.log.async-flush.enabled = false (default)
2024-04-29 10:07:45,246 [0b459a02-f078-4553-b8ee-4a7bbebe5aa1-groupManagement] INFO  server.RaftServerConfigKeys (ConfUtils.java:logGet(46)) - raft.server.log.statemachine.data.caching.enabled = true (custom)
2024-04-29 10:07:45,246 [0b459a02-f078-4553-b8ee-4a7bbebe5aa1-groupManagement] INFO  segmented.SegmentedRaftLogWorker (SegmentedRaftLogWorker.java:lambda$new$0(134)) - 0b459a02-f078-4553-b8ee-4a7bbebe5aa1@group-797A9D523F66-SegmentedRaftLogWorker: flushIndex: setUnconditionally 0 -> -1
2024-04-29 10:07:45,246 [0b459a02-f078-4553-b8ee-4a7bbebe5aa1-groupManagement] INFO  segmented.SegmentedRaftLogWorker (SegmentedRaftLogWorker.java:lambda$new$0(134)) - 0b459a02-f078-4553-b8ee-4a7bbebe5aa1@group-797A9D523F66-SegmentedRaftLogWorker: safeCacheEvictIndex: setUnconditionally 0 -> -1
2024-04-29 10:07:45,246 [0b459a02-f078-4553-b8ee-4a7bbebe5aa1-groupManagement] INFO  server.RaftServer$Division (RaftServerImpl.java:start(396)) - 0b459a02-f078-4553-b8ee-4a7bbebe5aa1@group-797A9D523F66: start as a follower, conf=-1: peers:[0b459a02-f078-4553-b8ee-4a7bbebe5aa1|127.0.0.1:15566]|listeners:[], old=null
2024-04-29 10:07:45,246 [0b459a02-f078-4553-b8ee-4a7bbebe5aa1-groupManagement] INFO  server.RaftServer$Division (RaftServerImpl.java:setRole(383)) - 0b459a02-f078-4553-b8ee-4a7bbebe5aa1@group-797A9D523F66: changes role from      null to FOLLOWER at term 0 for startAsFollower
2024-04-29 10:07:45,246 [0b459a02-f078-4553-b8ee-4a7bbebe5aa1-groupManagement] INFO  impl.RoleInfo (RoleInfo.java:updateAndGet(139)) - 0b459a02-f078-4553-b8ee-4a7bbebe5aa1: start 0b459a02-f078-4553-b8ee-4a7bbebe5aa1@group-797A9D523F66-FollowerState
2024-04-29 10:07:45,247 [0b459a02-f078-4553-b8ee-4a7bbebe5aa1@group-797A9D523F66-FollowerState] INFO  server.RaftServerConfigKeys (ConfUtils.java:logFallback(53)) - raft.server.rpc.first-election.timeout.min = 5s (fallback to raft.server.rpc.timeout.min)
2024-04-29 10:07:45,247 [0b459a02-f078-4553-b8ee-4a7bbebe5aa1-groupManagement] INFO  util.JmxRegister (JmxRegister.java:tryRegister(44)) - Successfully registered JMX Bean with object name Ratis:service=RaftServer,group=group-797A9D523F66,id=0b459a02-f078-4553-b8ee-4a7bbebe5aa1
2024-04-29 10:07:45,247 [0b459a02-f078-4553-b8ee-4a7bbebe5aa1-groupManagement] INFO  server.RaftServerConfigKeys (ConfUtils.java:logGet(46)) - raft.server.snapshot.trigger-when-stop.enabled = true (default)
2024-04-29 10:07:45,247 [0b459a02-f078-4553-b8ee-4a7bbebe5aa1-groupManagement] INFO  server.RaftServerConfigKeys (ConfUtils.java:logGet(46)) - raft.server.snapshot.auto.trigger.enabled = true (custom)
2024-04-29 10:07:45,247 [0b459a02-f078-4553-b8ee-4a7bbebe5aa1-groupManagement] INFO  server.RaftServerConfigKeys (ConfUtils.java:logGet(46)) - raft.server.snapshot.auto.trigger.threshold = 10000 (custom)
2024-04-29 10:07:45,247 [0b459a02-f078-4553-b8ee-4a7bbebe5aa1-groupManagement] INFO  server.RaftServerConfigKeys (ConfUtils.java:logGet(46)) - raft.server.snapshot.retention.file.num = 5 (custom)
2024-04-29 10:07:45,247 [0b459a02-f078-4553-b8ee-4a7bbebe5aa1-groupManagement] INFO  server.RaftServerConfigKeys (ConfUtils.java:logGet(46)) - raft.server.log.purge.upto.snapshot.index = false (default)
2024-04-29 10:07:45,247 [0b459a02-f078-4553-b8ee-4a7bbebe5aa1@group-797A9D523F66-FollowerState] INFO  server.RaftServerConfigKeys (ConfUtils.java:logFallback(53)) - raft.server.rpc.first-election.timeout.max = 5200ms (fallback to raft.server.rpc.timeout.max)
2024-04-29 10:07:45,247 [0b459a02-f078-4553-b8ee-4a7bbebe5aa1-PipelineCommandHandlerThread-0] INFO  ratis.XceiverServerRatis (XceiverServerRatis.java:addGroup(864)) - Created group PipelineID=3de6536f-9399-4115-a850-797a9d523f66
2024-04-29 10:07:45,247 [0b459a02-f078-4553-b8ee-4a7bbebe5aa1-PipelineCommandHandlerThread-0] INFO  commandhandler.CreatePipelineCommandHandler (CreatePipelineCommandHandler.java:lambda$handle$2(124)) - Created Pipeline RATIS ONE PipelineID=3de6536f-9399-4115-a850-797a9d523f66.
2024-04-29 10:07:45,287 [57f64e1c-8fe8-4173-a2ca-9d6151488275-PipelineCommandHandlerThread-0] INFO  server.RaftServer (RaftServerProxy.java:addNew(100)) - 57f64e1c-8fe8-4173-a2ca-9d6151488275: addNew group-0F8502290335:[57f64e1c-8fe8-4173-a2ca-9d6151488275|127.0.0.1:15575] returns group-0F8502290335:java.util.concurrent.CompletableFuture@3264598[Not completed]
2024-04-29 10:07:45,287 [57f64e1c-8fe8-4173-a2ca-9d6151488275-groupManagement] INFO  server.RaftServer$Division (RaftServerImpl.java:<init>(256)) - 57f64e1c-8fe8-4173-a2ca-9d6151488275: new RaftServerImpl for group-0F8502290335:[57f64e1c-8fe8-4173-a2ca-9d6151488275|127.0.0.1:15575] with ContainerStateMachine:uninitialized
2024-04-29 10:07:45,287 [57f64e1c-8fe8-4173-a2ca-9d6151488275-groupManagement] INFO  server.RaftServerConfigKeys (ConfUtils.java:logGet(46)) - raft.server.rpc.timeout.min = 5s (custom)
2024-04-29 10:07:45,287 [57f64e1c-8fe8-4173-a2ca-9d6151488275-groupManagement] INFO  server.RaftServerConfigKeys (ConfUtils.java:logGet(46)) - raft.server.rpc.timeout.max = 5200ms (custom)
2024-04-29 10:07:45,287 [57f64e1c-8fe8-4173-a2ca-9d6151488275-groupManagement] INFO  server.RaftServerConfigKeys (ConfUtils.java:logGet(46)) - raft.server.rpc.sleep.time = 25ms (default)
2024-04-29 10:07:45,287 [57f64e1c-8fe8-4173-a2ca-9d6151488275-groupManagement] INFO  server.RaftServerConfigKeys (ConfUtils.java:logGet(46)) - raft.server.rpc.slowness.timeout = 300000ms (custom)
2024-04-29 10:07:45,287 [57f64e1c-8fe8-4173-a2ca-9d6151488275-groupManagement] INFO  server.RaftServerConfigKeys (ConfUtils.java:logGet(46)) - raft.server.leaderelection.leader.step-down.wait-time = 10s (default)
2024-04-29 10:07:45,288 [57f64e1c-8fe8-4173-a2ca-9d6151488275-groupManagement] INFO  server.RaftServerConfigKeys (ConfUtils.java:logGet(46)) - raft.server.leaderelection.member.majority-add = false (default)
2024-04-29 10:07:45,288 [57f64e1c-8fe8-4173-a2ca-9d6151488275-groupManagement] INFO  server.RaftServerConfigKeys (ConfUtils.java:logGet(46)) - raft.server.sleep.deviation.threshold = 300ms (default)
2024-04-29 10:07:45,288 [57f64e1c-8fe8-4173-a2ca-9d6151488275-groupManagement] INFO  server.RaftServer$Division (ServerState.java:<init>(113)) - 57f64e1c-8fe8-4173-a2ca-9d6151488275@group-0F8502290335: ConfigurationManager, init=-1: peers:[57f64e1c-8fe8-4173-a2ca-9d6151488275|127.0.0.1:15575]|listeners:[], old=null, confs=<EMPTY_MAP>
2024-04-29 10:07:45,288 [57f64e1c-8fe8-4173-a2ca-9d6151488275-groupManagement] INFO  server.RaftServerConfigKeys (ConfUtils.java:logGet(46)) - raft.server.notification.no-leader.timeout = 300000ms (custom)
2024-04-29 10:07:45,288 [57f64e1c-8fe8-4173-a2ca-9d6151488275-groupManagement] INFO  server.RaftServerConfigKeys (ConfUtils.java:logGet(46)) - raft.server.read.timeout = 10s (default)
2024-04-29 10:07:45,288 [57f64e1c-8fe8-4173-a2ca-9d6151488275-groupManagement] INFO  server.RaftServerConfigKeys (ConfUtils.java:logGet(46)) - raft.server.retrycache.expirytime = 600000ms (custom)
2024-04-29 10:07:45,288 [57f64e1c-8fe8-4173-a2ca-9d6151488275-groupManagement] INFO  server.RaftServerConfigKeys (ConfUtils.java:logGet(46)) - raft.server.retrycache.statistics.expirytime = 100ms (default)
2024-04-29 10:07:45,288 [57f64e1c-8fe8-4173-a2ca-9d6151488275-groupManagement] INFO  server.RaftServerConfigKeys (ConfUtils.java:logGet(46)) - raft.server.read.option = DEFAULT (default)
2024-04-29 10:07:45,288 [57f64e1c-8fe8-4173-a2ca-9d6151488275-groupManagement] INFO  server.RaftServerConfigKeys (ConfUtils.java:logGet(46)) - raft.server.read.read-after-write-consistent.write-index-cache.expiry-time = 60s (default)
2024-04-29 10:07:45,290 [57f64e1c-8fe8-4173-a2ca-9d6151488275-groupManagement] INFO  server.RaftServerConfigKeys (ConfUtils.java:logGet(46)) - raft.server.rpc.request.timeout = 3000ms (default)
2024-04-29 10:07:45,290 [57f64e1c-8fe8-4173-a2ca-9d6151488275-groupManagement] INFO  server.RaftServerConfigKeys (ConfUtils.java:logGet(46)) - raft.server.log.appender.install.snapshot.enabled = false (custom)
2024-04-29 10:07:45,290 [57f64e1c-8fe8-4173-a2ca-9d6151488275-groupManagement] INFO  server.RaftServerConfigKeys (ConfUtils.java:logGet(46)) - raft.server.threadpool.server.cached = true (default)
2024-04-29 10:07:45,290 [57f64e1c-8fe8-4173-a2ca-9d6151488275-groupManagement] INFO  server.RaftServerConfigKeys (ConfUtils.java:logGet(46)) - raft.server.threadpool.server.size = 0 (default)
2024-04-29 10:07:45,290 [57f64e1c-8fe8-4173-a2ca-9d6151488275-groupManagement] INFO  server.RaftServerConfigKeys (ConfUtils.java:logGet(46)) - raft.server.threadpool.client.cached = true (default)
2024-04-29 10:07:45,290 [57f64e1c-8fe8-4173-a2ca-9d6151488275-groupManagement] INFO  server.RaftServerConfigKeys (ConfUtils.java:logGet(46)) - raft.server.threadpool.client.size = 0 (default)
2024-04-29 10:07:45,290 [57f64e1c-8fe8-4173-a2ca-9d6151488275-groupManagement] INFO  server.RaftServerConfigKeys (ConfUtils.java:logGet(46)) - raft.server.storage.free-space.min = 0MB (=0) (default)
2024-04-29 10:07:45,290 [57f64e1c-8fe8-4173-a2ca-9d6151488275-groupManagement] INFO  server.RaftServerConfigKeys (ConfUtils.java:logGet(46)) - raft.server.log.corruption.policy = EXCEPTION (default)
2024-04-29 10:07:45,290 [57f64e1c-8fe8-4173-a2ca-9d6151488275-groupManagement] INFO  server.RaftServerConfigKeys (ConfUtils.java:logGet(46)) - raft.server.storage.dir = [/home/runner/work/ozone/ozone/hadoop-ozone/integration-test/target/test-dir/MiniOzoneClusterImpl-b29d8e3c-9ac1-4bd8-916d-9a49b4a73262/ozone-meta/datanode-4/ratis] (custom)
2024-04-29 10:07:45,290 [57f64e1c-8fe8-4173-a2ca-9d6151488275-groupManagement] INFO  storage.RaftStorageDirectory (RaftStorageDirectoryImpl.java:analyzeStorage(138)) - The storage directory /home/runner/work/ozone/ozone/hadoop-ozone/integration-test/target/test-dir/MiniOzoneClusterImpl-b29d8e3c-9ac1-4bd8-916d-9a49b4a73262/ozone-meta/datanode-4/ratis/51b91730-2a03-401d-99e8-0f8502290335 does not exist. Creating ...
2024-04-29 10:07:45,291 [57f64e1c-8fe8-4173-a2ca-9d6151488275-groupManagement] INFO  storage.RaftStorageDirectory (RaftStorageDirectoryImpl.java:tryLock(228)) - Lock on /home/runner/work/ozone/ozone/hadoop-ozone/integration-test/target/test-dir/MiniOzoneClusterImpl-b29d8e3c-9ac1-4bd8-916d-9a49b4a73262/ozone-meta/datanode-4/ratis/51b91730-2a03-401d-99e8-0f8502290335/in_use.lock acquired by nodename 20825@fv-az913-54
2024-04-29 10:07:45,292 [57f64e1c-8fe8-4173-a2ca-9d6151488275-groupManagement] INFO  storage.RaftStorage (RaftStorageImpl.java:format(99)) - Storage directory /home/runner/work/ozone/ozone/hadoop-ozone/integration-test/target/test-dir/MiniOzoneClusterImpl-b29d8e3c-9ac1-4bd8-916d-9a49b4a73262/ozone-meta/datanode-4/ratis/51b91730-2a03-401d-99e8-0f8502290335 has been successfully formatted.
2024-04-29 10:07:45,292 [57f64e1c-8fe8-4173-a2ca-9d6151488275-groupManagement] WARN  util.FileUtils (LogUtils.java:supplyAndLog(63)) - Failed to Files.newInputStream /home/runner/work/ozone/ozone/hadoop-ozone/integration-test/target/test-dir/MiniOzoneClusterImpl-b29d8e3c-9ac1-4bd8-916d-9a49b4a73262/ozone-meta/datanode-4/ratis/51b91730-2a03-401d-99e8-0f8502290335/current/raft-meta.conf with options []: java.nio.file.NoSuchFileException: /home/runner/work/ozone/ozone/hadoop-ozone/integration-test/target/test-dir/MiniOzoneClusterImpl-b29d8e3c-9ac1-4bd8-916d-9a49b4a73262/ozone-meta/datanode-4/ratis/51b91730-2a03-401d-99e8-0f8502290335/current/raft-meta.conf
2024-04-29 10:07:45,292 [57f64e1c-8fe8-4173-a2ca-9d6151488275-groupManagement] INFO  ratis.ContainerStateMachine (ContainerStateMachine.java:loadSnapshot(287)) - group-0F8502290335: The snapshot info is null. Setting the last applied index to:(t:0, i:~)
2024-04-29 10:07:45,292 [57f64e1c-8fe8-4173-a2ca-9d6151488275-groupManagement] INFO  server.RaftServerConfigKeys (ConfUtils.java:logGet(46)) - raft.server.log.use.memory = false (default)
2024-04-29 10:07:45,292 [57f64e1c-8fe8-4173-a2ca-9d6151488275-groupManagement] INFO  server.RaftServerConfigKeys (ConfUtils.java:logGet(46)) - raft.server.log.purge.gap = 1000000 (custom)
2024-04-29 10:07:45,292 [57f64e1c-8fe8-4173-a2ca-9d6151488275-groupManagement] INFO  server.RaftServerConfigKeys (ConfUtils.java:logGet(46)) - raft.server.log.appender.buffer.byte-limit = 8388608 (custom)
2024-04-29 10:07:45,292 [57f64e1c-8fe8-4173-a2ca-9d6151488275-groupManagement] INFO  server.RaftServerConfigKeys (ConfUtils.java:logGet(46)) - raft.server.log.statemachine.data.read.timeout = 1000ms (default)
2024-04-29 10:07:45,292 [57f64e1c-8fe8-4173-a2ca-9d6151488275-groupManagement] INFO  server.RaftServerConfigKeys (ConfUtils.java:logGet(46)) - raft.server.log.purge.preservation.log.num = 0 (default)
2024-04-29 10:07:45,293 [EventQueue-PipelineReportForPipelineReportHandler] INFO  pipeline.PipelineReportHandler (PipelineReportHandler.java:processPipelineReport(136)) - Opened pipeline PipelineID=51b91730-2a03-401d-99e8-0f8502290335
2024-04-29 10:07:45,293 [EventQueue-OpenPipelineForHealthyPipelineSafeModeRule] INFO  safemode.SCMSafeModeManager (HealthyPipelineSafeModeRule.java:process(140)) - SCM in safe mode. Healthy pipelines reported count is 0, required healthy pipeline reported count is 1
2024-04-29 10:07:45,294 [57f64e1c-8fe8-4173-a2ca-9d6151488275-groupManagement] INFO  server.RaftServerConfigKeys (ConfUtils.java:logGet(46)) - raft.server.log.segment.size.max = 67108864 (custom)
2024-04-29 10:07:45,294 [57f64e1c-8fe8-4173-a2ca-9d6151488275-groupManagement] INFO  server.RaftServerConfigKeys (ConfUtils.java:logGet(46)) - raft.server.log.segment.cache.num.max = 2 (custom)
2024-04-29 10:07:45,294 [57f64e1c-8fe8-4173-a2ca-9d6151488275-groupManagement] INFO  server.RaftServerConfigKeys (ConfUtils.java:logGet(46)) - raft.server.log.segment.cache.size.max = 200MB (=209715200) (default)
2024-04-29 10:07:45,294 [57f64e1c-8fe8-4173-a2ca-9d6151488275-groupManagement] INFO  server.RaftServerConfigKeys (ConfUtils.java:logGet(46)) - raft.server.log.appender.buffer.byte-limit = 8388608 (custom)
2024-04-29 10:07:45,294 [57f64e1c-8fe8-4173-a2ca-9d6151488275-groupManagement] INFO  util.AwaitToRun (AwaitToRun.java:start(81)) - Thread[57f64e1c-8fe8-4173-a2ca-9d6151488275@group-0F8502290335-cacheEviction-AwaitToRun,5,main] started
2024-04-29 10:07:45,294 [57f64e1c-8fe8-4173-a2ca-9d6151488275-groupManagement] INFO  segmented.SegmentedRaftLogWorker (SegmentedRaftLogWorker.java:<init>(182)) - new 57f64e1c-8fe8-4173-a2ca-9d6151488275@group-0F8502290335-SegmentedRaftLogWorker for RaftStorageImpl:Storage Directory /home/runner/work/ozone/ozone/hadoop-ozone/integration-test/target/test-dir/MiniOzoneClusterImpl-b29d8e3c-9ac1-4bd8-916d-9a49b4a73262/ozone-meta/datanode-4/ratis/51b91730-2a03-401d-99e8-0f8502290335
2024-04-29 10:07:45,295 [57f64e1c-8fe8-4173-a2ca-9d6151488275-groupManagement] INFO  server.RaftServerConfigKeys (ConfUtils.java:logGet(46)) - raft.server.log.queue.byte-limit = 4294967296 (custom)
2024-04-29 10:07:45,295 [57f64e1c-8fe8-4173-a2ca-9d6151488275-groupManagement] INFO  server.RaftServerConfigKeys (ConfUtils.java:logGet(46)) - raft.server.log.queue.element-limit = 1024 (custom)
2024-04-29 10:07:45,295 [57f64e1c-8fe8-4173-a2ca-9d6151488275-groupManagement] INFO  server.RaftServerConfigKeys (ConfUtils.java:logGet(46)) - raft.server.log.segment.size.max = 67108864 (custom)
2024-04-29 10:07:45,295 [57f64e1c-8fe8-4173-a2ca-9d6151488275-groupManagement] INFO  server.RaftServerConfigKeys (ConfUtils.java:logGet(46)) - raft.server.log.preallocated.size = 4194304 (custom)
2024-04-29 10:07:45,295 [57f64e1c-8fe8-4173-a2ca-9d6151488275-groupManagement] INFO  server.RaftServerConfigKeys (ConfUtils.java:logGet(46)) - raft.server.log.force.sync.num = 128 (default)
2024-04-29 10:07:45,295 [57f64e1c-8fe8-4173-a2ca-9d6151488275-groupManagement] INFO  server.RaftServerConfigKeys (ConfUtils.java:logGet(46)) - raft.server.log.statemachine.data.sync = true (default)
2024-04-29 10:07:45,295 [57f64e1c-8fe8-4173-a2ca-9d6151488275-groupManagement] INFO  server.RaftServerConfigKeys (ConfUtils.java:logGet(46)) - raft.server.log.statemachine.data.sync.timeout = 10s (default)
2024-04-29 10:07:45,295 [57f64e1c-8fe8-4173-a2ca-9d6151488275-groupManagement] INFO  server.RaftServerConfigKeys (ConfUtils.java:logGet(46)) - raft.server.log.statemachine.data.sync.timeout.retry = 30 (custom)
2024-04-29 10:07:45,295 [57f64e1c-8fe8-4173-a2ca-9d6151488275-groupManagement] INFO  server.RaftServerConfigKeys (ConfUtils.java:logGet(46)) - raft.server.log.write.buffer.size = 8388616 (custom)
2024-04-29 10:07:45,296 [57f64e1c-8fe8-4173-a2ca-9d6151488275-groupManagement] INFO  server.RaftServerConfigKeys (ConfUtils.java:logGet(46)) - raft.server.log.appender.buffer.byte-limit = 8388608 (custom)
2024-04-29 10:07:45,296 [57f64e1c-8fe8-4173-a2ca-9d6151488275-groupManagement] INFO  server.RaftServerConfigKeys (ConfUtils.java:logGet(46)) - raft.server.log.unsafe-flush.enabled = false (default)
2024-04-29 10:07:45,296 [57f64e1c-8fe8-4173-a2ca-9d6151488275-groupManagement] INFO  server.RaftServerConfigKeys (ConfUtils.java:logGet(46)) - raft.server.log.async-flush.enabled = false (default)
2024-04-29 10:07:45,296 [57f64e1c-8fe8-4173-a2ca-9d6151488275-groupManagement] INFO  server.RaftServerConfigKeys (ConfUtils.java:logGet(46)) - raft.server.log.statemachine.data.caching.enabled = true (custom)
2024-04-29 10:07:45,296 [57f64e1c-8fe8-4173-a2ca-9d6151488275-groupManagement] INFO  segmented.SegmentedRaftLogWorker (SegmentedRaftLogWorker.java:lambda$new$0(134)) - 57f64e1c-8fe8-4173-a2ca-9d6151488275@group-0F8502290335-SegmentedRaftLogWorker: flushIndex: setUnconditionally 0 -> -1
2024-04-29 10:07:45,297 [57f64e1c-8fe8-4173-a2ca-9d6151488275-groupManagement] INFO  segmented.SegmentedRaftLogWorker (SegmentedRaftLogWorker.java:lambda$new$0(134)) - 57f64e1c-8fe8-4173-a2ca-9d6151488275@group-0F8502290335-SegmentedRaftLogWorker: safeCacheEvictIndex: setUnconditionally 0 -> -1
2024-04-29 10:07:45,297 [57f64e1c-8fe8-4173-a2ca-9d6151488275-groupManagement] INFO  server.RaftServer$Division (RaftServerImpl.java:start(396)) - 57f64e1c-8fe8-4173-a2ca-9d6151488275@group-0F8502290335: start as a follower, conf=-1: peers:[57f64e1c-8fe8-4173-a2ca-9d6151488275|127.0.0.1:15575]|listeners:[], old=null
2024-04-29 10:07:45,297 [57f64e1c-8fe8-4173-a2ca-9d6151488275-groupManagement] INFO  server.RaftServer$Division (RaftServerImpl.java:setRole(383)) - 57f64e1c-8fe8-4173-a2ca-9d6151488275@group-0F8502290335: changes role from      null to FOLLOWER at term 0 for startAsFollower
2024-04-29 10:07:45,297 [57f64e1c-8fe8-4173-a2ca-9d6151488275-groupManagement] INFO  impl.RoleInfo (RoleInfo.java:updateAndGet(139)) - 57f64e1c-8fe8-4173-a2ca-9d6151488275: start 57f64e1c-8fe8-4173-a2ca-9d6151488275@group-0F8502290335-FollowerState
2024-04-29 10:07:45,297 [57f64e1c-8fe8-4173-a2ca-9d6151488275@group-0F8502290335-FollowerState] INFO  server.RaftServerConfigKeys (ConfUtils.java:logFallback(53)) - raft.server.rpc.first-election.timeout.min = 5s (fallback to raft.server.rpc.timeout.min)
2024-04-29 10:07:45,297 [57f64e1c-8fe8-4173-a2ca-9d6151488275@group-0F8502290335-FollowerState] INFO  server.RaftServerConfigKeys (ConfUtils.java:logFallback(53)) - raft.server.rpc.first-election.timeout.max = 5200ms (fallback to raft.server.rpc.timeout.max)
2024-04-29 10:07:45,297 [57f64e1c-8fe8-4173-a2ca-9d6151488275-groupManagement] INFO  util.JmxRegister (JmxRegister.java:tryRegister(44)) - Successfully registered JMX Bean with object name Ratis:service=RaftServer,group=group-0F8502290335,id=57f64e1c-8fe8-4173-a2ca-9d6151488275
2024-04-29 10:07:45,297 [57f64e1c-8fe8-4173-a2ca-9d6151488275-groupManagement] INFO  server.RaftServerConfigKeys (ConfUtils.java:logGet(46)) - raft.server.snapshot.trigger-when-stop.enabled = true (default)
2024-04-29 10:07:45,297 [57f64e1c-8fe8-4173-a2ca-9d6151488275-groupManagement] INFO  server.RaftServerConfigKeys (ConfUtils.java:logGet(46)) - raft.server.snapshot.auto.trigger.enabled = true (custom)
2024-04-29 10:07:45,297 [57f64e1c-8fe8-4173-a2ca-9d6151488275-groupManagement] INFO  server.RaftServerConfigKeys (ConfUtils.java:logGet(46)) - raft.server.snapshot.auto.trigger.threshold = 10000 (custom)
2024-04-29 10:07:45,298 [57f64e1c-8fe8-4173-a2ca-9d6151488275-groupManagement] INFO  server.RaftServerConfigKeys (ConfUtils.java:logGet(46)) - raft.server.snapshot.retention.file.num = 5 (custom)
2024-04-29 10:07:45,298 [57f64e1c-8fe8-4173-a2ca-9d6151488275-groupManagement] INFO  server.RaftServerConfigKeys (ConfUtils.java:logGet(46)) - raft.server.log.purge.upto.snapshot.index = false (default)
2024-04-29 10:07:45,298 [57f64e1c-8fe8-4173-a2ca-9d6151488275-PipelineCommandHandlerThread-0] INFO  ratis.XceiverServerRatis (XceiverServerRatis.java:addGroup(864)) - Created group PipelineID=51b91730-2a03-401d-99e8-0f8502290335
2024-04-29 10:07:45,298 [57f64e1c-8fe8-4173-a2ca-9d6151488275-PipelineCommandHandlerThread-0] INFO  commandhandler.CreatePipelineCommandHandler (CreatePipelineCommandHandler.java:lambda$handle$2(124)) - Created Pipeline RATIS ONE PipelineID=51b91730-2a03-401d-99e8-0f8502290335.
2024-04-29 10:07:45,298 [57f64e1c-8fe8-4173-a2ca-9d6151488275-PipelineCommandHandlerThread-0] INFO  server.RaftServer (RaftServerProxy.java:addNew(100)) - 57f64e1c-8fe8-4173-a2ca-9d6151488275: addNew group-23704B2A1AEB:[e3a225ff-43b2-4083-b986-b10dee5980c8|127.0.0.1:15584, 57f64e1c-8fe8-4173-a2ca-9d6151488275|127.0.0.1:15575, 55a78779-2920-4695-be09-c247c8260b05|127.0.0.1:15593] returns group-23704B2A1AEB:java.util.concurrent.CompletableFuture@719d124[Not completed]
2024-04-29 10:07:45,299 [57f64e1c-8fe8-4173-a2ca-9d6151488275-groupManagement] INFO  server.RaftServer$Division (RaftServerImpl.java:<init>(256)) - 57f64e1c-8fe8-4173-a2ca-9d6151488275: new RaftServerImpl for group-23704B2A1AEB:[e3a225ff-43b2-4083-b986-b10dee5980c8|127.0.0.1:15584, 57f64e1c-8fe8-4173-a2ca-9d6151488275|127.0.0.1:15575, 55a78779-2920-4695-be09-c247c8260b05|127.0.0.1:15593] with ContainerStateMachine:uninitialized
2024-04-29 10:07:45,299 [57f64e1c-8fe8-4173-a2ca-9d6151488275-groupManagement] INFO  server.RaftServerConfigKeys (ConfUtils.java:logGet(46)) - raft.server.rpc.timeout.min = 5s (custom)
2024-04-29 10:07:45,299 [57f64e1c-8fe8-4173-a2ca-9d6151488275-groupManagement] INFO  server.RaftServerConfigKeys (ConfUtils.java:logGet(46)) - raft.server.rpc.timeout.max = 5200ms (custom)
2024-04-29 10:07:45,299 [57f64e1c-8fe8-4173-a2ca-9d6151488275-groupManagement] INFO  server.RaftServerConfigKeys (ConfUtils.java:logGet(46)) - raft.server.rpc.sleep.time = 25ms (default)
2024-04-29 10:07:45,299 [57f64e1c-8fe8-4173-a2ca-9d6151488275-groupManagement] INFO  server.RaftServerConfigKeys (ConfUtils.java:logGet(46)) - raft.server.rpc.slowness.timeout = 300000ms (custom)
2024-04-29 10:07:45,299 [57f64e1c-8fe8-4173-a2ca-9d6151488275-groupManagement] INFO  server.RaftServerConfigKeys (ConfUtils.java:logGet(46)) - raft.server.leaderelection.leader.step-down.wait-time = 10s (default)
2024-04-29 10:07:45,299 [57f64e1c-8fe8-4173-a2ca-9d6151488275-groupManagement] INFO  server.RaftServerConfigKeys (ConfUtils.java:logGet(46)) - raft.server.leaderelection.member.majority-add = false (default)
2024-04-29 10:07:45,299 [57f64e1c-8fe8-4173-a2ca-9d6151488275-groupManagement] INFO  server.RaftServerConfigKeys (ConfUtils.java:logGet(46)) - raft.server.sleep.deviation.threshold = 300ms (default)
2024-04-29 10:07:45,299 [57f64e1c-8fe8-4173-a2ca-9d6151488275-groupManagement] INFO  server.RaftServer$Division (ServerState.java:<init>(113)) - 57f64e1c-8fe8-4173-a2ca-9d6151488275@group-23704B2A1AEB: ConfigurationManager, init=-1: peers:[e3a225ff-43b2-4083-b986-b10dee5980c8|127.0.0.1:15584, 57f64e1c-8fe8-4173-a2ca-9d6151488275|127.0.0.1:15575, 55a78779-2920-4695-be09-c247c8260b05|127.0.0.1:15593]|listeners:[], old=null, confs=<EMPTY_MAP>
2024-04-29 10:07:45,299 [57f64e1c-8fe8-4173-a2ca-9d6151488275-groupManagement] INFO  server.RaftServerConfigKeys (ConfUtils.java:logGet(46)) - raft.server.notification.no-leader.timeout = 300000ms (custom)
2024-04-29 10:07:45,299 [57f64e1c-8fe8-4173-a2ca-9d6151488275-groupManagement] INFO  server.RaftServerConfigKeys (ConfUtils.java:logGet(46)) - raft.server.read.timeout = 10s (default)
2024-04-29 10:07:45,299 [57f64e1c-8fe8-4173-a2ca-9d6151488275-groupManagement] INFO  server.RaftServerConfigKeys (ConfUtils.java:logGet(46)) - raft.server.retrycache.expirytime = 600000ms (custom)
2024-04-29 10:07:45,299 [57f64e1c-8fe8-4173-a2ca-9d6151488275-groupManagement] INFO  server.RaftServerConfigKeys (ConfUtils.java:logGet(46)) - raft.server.retrycache.statistics.expirytime = 100ms (default)
2024-04-29 10:07:45,299 [57f64e1c-8fe8-4173-a2ca-9d6151488275-groupManagement] INFO  server.RaftServerConfigKeys (ConfUtils.java:logGet(46)) - raft.server.read.option = DEFAULT (default)
2024-04-29 10:07:45,299 [57f64e1c-8fe8-4173-a2ca-9d6151488275-groupManagement] INFO  server.RaftServerConfigKeys (ConfUtils.java:logGet(46)) - raft.server.read.read-after-write-consistent.write-index-cache.expiry-time = 60s (default)
2024-04-29 10:07:45,301 [57f64e1c-8fe8-4173-a2ca-9d6151488275-groupManagement] INFO  server.RaftServerConfigKeys (ConfUtils.java:logGet(46)) - raft.server.rpc.request.timeout = 3000ms (default)
2024-04-29 10:07:45,301 [57f64e1c-8fe8-4173-a2ca-9d6151488275-groupManagement] INFO  server.RaftServerConfigKeys (ConfUtils.java:logGet(46)) - raft.server.log.appender.install.snapshot.enabled = false (custom)
2024-04-29 10:07:45,301 [57f64e1c-8fe8-4173-a2ca-9d6151488275-groupManagement] INFO  server.RaftServerConfigKeys (ConfUtils.java:logGet(46)) - raft.server.threadpool.server.cached = true (default)
2024-04-29 10:07:45,301 [57f64e1c-8fe8-4173-a2ca-9d6151488275-groupManagement] INFO  server.RaftServerConfigKeys (ConfUtils.java:logGet(46)) - raft.server.threadpool.server.size = 0 (default)
2024-04-29 10:07:45,301 [57f64e1c-8fe8-4173-a2ca-9d6151488275-groupManagement] INFO  server.RaftServerConfigKeys (ConfUtils.java:logGet(46)) - raft.server.threadpool.client.cached = true (default)
2024-04-29 10:07:45,301 [57f64e1c-8fe8-4173-a2ca-9d6151488275-groupManagement] INFO  server.RaftServerConfigKeys (ConfUtils.java:logGet(46)) - raft.server.threadpool.client.size = 0 (default)
2024-04-29 10:07:45,302 [57f64e1c-8fe8-4173-a2ca-9d6151488275-groupManagement] INFO  server.RaftServerConfigKeys (ConfUtils.java:logGet(46)) - raft.server.storage.free-space.min = 0MB (=0) (default)
2024-04-29 10:07:45,302 [57f64e1c-8fe8-4173-a2ca-9d6151488275-groupManagement] INFO  server.RaftServerConfigKeys (ConfUtils.java:logGet(46)) - raft.server.log.corruption.policy = EXCEPTION (default)
2024-04-29 10:07:45,302 [57f64e1c-8fe8-4173-a2ca-9d6151488275-groupManagement] INFO  server.RaftServerConfigKeys (ConfUtils.java:logGet(46)) - raft.server.storage.dir = [/home/runner/work/ozone/ozone/hadoop-ozone/integration-test/target/test-dir/MiniOzoneClusterImpl-b29d8e3c-9ac1-4bd8-916d-9a49b4a73262/ozone-meta/datanode-4/ratis] (custom)
2024-04-29 10:07:45,302 [57f64e1c-8fe8-4173-a2ca-9d6151488275-groupManagement] INFO  storage.RaftStorageDirectory (RaftStorageDirectoryImpl.java:analyzeStorage(138)) - The storage directory /home/runner/work/ozone/ozone/hadoop-ozone/integration-test/target/test-dir/MiniOzoneClusterImpl-b29d8e3c-9ac1-4bd8-916d-9a49b4a73262/ozone-meta/datanode-4/ratis/bec323c9-cefe-4bbb-9737-23704b2a1aeb does not exist. Creating ...
2024-04-29 10:07:45,303 [57f64e1c-8fe8-4173-a2ca-9d6151488275-groupManagement] INFO  storage.RaftStorageDirectory (RaftStorageDirectoryImpl.java:tryLock(228)) - Lock on /home/runner/work/ozone/ozone/hadoop-ozone/integration-test/target/test-dir/MiniOzoneClusterImpl-b29d8e3c-9ac1-4bd8-916d-9a49b4a73262/ozone-meta/datanode-4/ratis/bec323c9-cefe-4bbb-9737-23704b2a1aeb/in_use.lock acquired by nodename 20825@fv-az913-54
2024-04-29 10:07:45,303 [57f64e1c-8fe8-4173-a2ca-9d6151488275-groupManagement] INFO  storage.RaftStorage (RaftStorageImpl.java:format(99)) - Storage directory /home/runner/work/ozone/ozone/hadoop-ozone/integration-test/target/test-dir/MiniOzoneClusterImpl-b29d8e3c-9ac1-4bd8-916d-9a49b4a73262/ozone-meta/datanode-4/ratis/bec323c9-cefe-4bbb-9737-23704b2a1aeb has been successfully formatted.
2024-04-29 10:07:45,303 [57f64e1c-8fe8-4173-a2ca-9d6151488275-groupManagement] WARN  util.FileUtils (LogUtils.java:supplyAndLog(63)) - Failed to Files.newInputStream /home/runner/work/ozone/ozone/hadoop-ozone/integration-test/target/test-dir/MiniOzoneClusterImpl-b29d8e3c-9ac1-4bd8-916d-9a49b4a73262/ozone-meta/datanode-4/ratis/bec323c9-cefe-4bbb-9737-23704b2a1aeb/current/raft-meta.conf with options []: java.nio.file.NoSuchFileException: /home/runner/work/ozone/ozone/hadoop-ozone/integration-test/target/test-dir/MiniOzoneClusterImpl-b29d8e3c-9ac1-4bd8-916d-9a49b4a73262/ozone-meta/datanode-4/ratis/bec323c9-cefe-4bbb-9737-23704b2a1aeb/current/raft-meta.conf
2024-04-29 10:07:45,304 [57f64e1c-8fe8-4173-a2ca-9d6151488275-groupManagement] INFO  ratis.ContainerStateMachine (ContainerStateMachine.java:loadSnapshot(287)) - group-23704B2A1AEB: The snapshot info is null. Setting the last applied index to:(t:0, i:~)
2024-04-29 10:07:45,304 [57f64e1c-8fe8-4173-a2ca-9d6151488275-groupManagement] INFO  server.RaftServerConfigKeys (ConfUtils.java:logGet(46)) - raft.server.log.use.memory = false (default)
2024-04-29 10:07:45,304 [57f64e1c-8fe8-4173-a2ca-9d6151488275-groupManagement] INFO  server.RaftServerConfigKeys (ConfUtils.java:logGet(46)) - raft.server.log.purge.gap = 1000000 (custom)
2024-04-29 10:07:45,304 [57f64e1c-8fe8-4173-a2ca-9d6151488275-groupManagement] INFO  server.RaftServerConfigKeys (ConfUtils.java:logGet(46)) - raft.server.log.appender.buffer.byte-limit = 8388608 (custom)
2024-04-29 10:07:45,304 [57f64e1c-8fe8-4173-a2ca-9d6151488275-groupManagement] INFO  server.RaftServerConfigKeys (ConfUtils.java:logGet(46)) - raft.server.log.statemachine.data.read.timeout = 1000ms (default)
2024-04-29 10:07:45,304 [57f64e1c-8fe8-4173-a2ca-9d6151488275-groupManagement] INFO  server.RaftServerConfigKeys (ConfUtils.java:logGet(46)) - raft.server.log.purge.preservation.log.num = 0 (default)
2024-04-29 10:07:45,304 [EventQueue-OpenPipelineForHealthyPipelineSafeModeRule] INFO  safemode.SCMSafeModeManager (HealthyPipelineSafeModeRule.java:process(140)) - SCM in safe mode. Healthy pipelines reported count is 0, required healthy pipeline reported count is 1
2024-04-29 10:07:45,305 [57f64e1c-8fe8-4173-a2ca-9d6151488275-groupManagement] INFO  server.RaftServerConfigKeys (ConfUtils.java:logGet(46)) - raft.server.log.segment.size.max = 67108864 (custom)
2024-04-29 10:07:45,306 [57f64e1c-8fe8-4173-a2ca-9d6151488275-groupManagement] INFO  server.RaftServerConfigKeys (ConfUtils.java:logGet(46)) - raft.server.log.segment.cache.num.max = 2 (custom)
2024-04-29 10:07:45,306 [57f64e1c-8fe8-4173-a2ca-9d6151488275-groupManagement] INFO  server.RaftServerConfigKeys (ConfUtils.java:logGet(46)) - raft.server.log.segment.cache.size.max = 200MB (=209715200) (default)
2024-04-29 10:07:45,306 [57f64e1c-8fe8-4173-a2ca-9d6151488275-groupManagement] INFO  server.RaftServerConfigKeys (ConfUtils.java:logGet(46)) - raft.server.log.appender.buffer.byte-limit = 8388608 (custom)
2024-04-29 10:07:45,306 [57f64e1c-8fe8-4173-a2ca-9d6151488275-groupManagement] INFO  util.AwaitToRun (AwaitToRun.java:start(81)) - Thread[57f64e1c-8fe8-4173-a2ca-9d6151488275@group-23704B2A1AEB-cacheEviction-AwaitToRun,5,main] started
2024-04-29 10:07:45,306 [57f64e1c-8fe8-4173-a2ca-9d6151488275-groupManagement] INFO  segmented.SegmentedRaftLogWorker (SegmentedRaftLogWorker.java:<init>(182)) - new 57f64e1c-8fe8-4173-a2ca-9d6151488275@group-23704B2A1AEB-SegmentedRaftLogWorker for RaftStorageImpl:Storage Directory /home/runner/work/ozone/ozone/hadoop-ozone/integration-test/target/test-dir/MiniOzoneClusterImpl-b29d8e3c-9ac1-4bd8-916d-9a49b4a73262/ozone-meta/datanode-4/ratis/bec323c9-cefe-4bbb-9737-23704b2a1aeb
2024-04-29 10:07:45,306 [57f64e1c-8fe8-4173-a2ca-9d6151488275-groupManagement] INFO  server.RaftServerConfigKeys (ConfUtils.java:logGet(46)) - raft.server.log.queue.byte-limit = 4294967296 (custom)
2024-04-29 10:07:45,306 [57f64e1c-8fe8-4173-a2ca-9d6151488275-groupManagement] INFO  server.RaftServerConfigKeys (ConfUtils.java:logGet(46)) - raft.server.log.queue.element-limit = 1024 (custom)
2024-04-29 10:07:45,306 [57f64e1c-8fe8-4173-a2ca-9d6151488275-groupManagement] INFO  server.RaftServerConfigKeys (ConfUtils.java:logGet(46)) - raft.server.log.segment.size.max = 67108864 (custom)
2024-04-29 10:07:45,306 [57f64e1c-8fe8-4173-a2ca-9d6151488275-groupManagement] INFO  server.RaftServerConfigKeys (ConfUtils.java:logGet(46)) - raft.server.log.preallocated.size = 4194304 (custom)
2024-04-29 10:07:45,306 [57f64e1c-8fe8-4173-a2ca-9d6151488275-groupManagement] INFO  server.RaftServerConfigKeys (ConfUtils.java:logGet(46)) - raft.server.log.force.sync.num = 128 (default)
2024-04-29 10:07:45,306 [57f64e1c-8fe8-4173-a2ca-9d6151488275-groupManagement] INFO  server.RaftServerConfigKeys (ConfUtils.java:logGet(46)) - raft.server.log.statemachine.data.sync = true (default)
2024-04-29 10:07:45,306 [57f64e1c-8fe8-4173-a2ca-9d6151488275-groupManagement] INFO  server.RaftServerConfigKeys (ConfUtils.java:logGet(46)) - raft.server.log.statemachine.data.sync.timeout = 10s (default)
2024-04-29 10:07:45,306 [57f64e1c-8fe8-4173-a2ca-9d6151488275-groupManagement] INFO  server.RaftServerConfigKeys (ConfUtils.java:logGet(46)) - raft.server.log.statemachine.data.sync.timeout.retry = 30 (custom)
2024-04-29 10:07:45,307 [57f64e1c-8fe8-4173-a2ca-9d6151488275-groupManagement] INFO  server.RaftServerConfigKeys (ConfUtils.java:logGet(46)) - raft.server.log.write.buffer.size = 8388616 (custom)
2024-04-29 10:07:45,308 [57f64e1c-8fe8-4173-a2ca-9d6151488275-groupManagement] INFO  server.RaftServerConfigKeys (ConfUtils.java:logGet(46)) - raft.server.log.appender.buffer.byte-limit = 8388608 (custom)
2024-04-29 10:07:45,308 [57f64e1c-8fe8-4173-a2ca-9d6151488275-groupManagement] INFO  server.RaftServerConfigKeys (ConfUtils.java:logGet(46)) - raft.server.log.unsafe-flush.enabled = false (default)
2024-04-29 10:07:45,308 [57f64e1c-8fe8-4173-a2ca-9d6151488275-groupManagement] INFO  server.RaftServerConfigKeys (ConfUtils.java:logGet(46)) - raft.server.log.async-flush.enabled = false (default)
2024-04-29 10:07:45,308 [57f64e1c-8fe8-4173-a2ca-9d6151488275-groupManagement] INFO  server.RaftServerConfigKeys (ConfUtils.java:logGet(46)) - raft.server.log.statemachine.data.caching.enabled = true (custom)
2024-04-29 10:07:45,308 [57f64e1c-8fe8-4173-a2ca-9d6151488275-groupManagement] INFO  segmented.SegmentedRaftLogWorker (SegmentedRaftLogWorker.java:lambda$new$0(134)) - 57f64e1c-8fe8-4173-a2ca-9d6151488275@group-23704B2A1AEB-SegmentedRaftLogWorker: flushIndex: setUnconditionally 0 -> -1
2024-04-29 10:07:45,308 [57f64e1c-8fe8-4173-a2ca-9d6151488275-groupManagement] INFO  segmented.SegmentedRaftLogWorker (SegmentedRaftLogWorker.java:lambda$new$0(134)) - 57f64e1c-8fe8-4173-a2ca-9d6151488275@group-23704B2A1AEB-SegmentedRaftLogWorker: safeCacheEvictIndex: setUnconditionally 0 -> -1
2024-04-29 10:07:45,308 [57f64e1c-8fe8-4173-a2ca-9d6151488275-groupManagement] INFO  server.RaftServer$Division (RaftServerImpl.java:start(396)) - 57f64e1c-8fe8-4173-a2ca-9d6151488275@group-23704B2A1AEB: start as a follower, conf=-1: peers:[e3a225ff-43b2-4083-b986-b10dee5980c8|127.0.0.1:15584, 57f64e1c-8fe8-4173-a2ca-9d6151488275|127.0.0.1:15575, 55a78779-2920-4695-be09-c247c8260b05|127.0.0.1:15593]|listeners:[], old=null
2024-04-29 10:07:45,308 [57f64e1c-8fe8-4173-a2ca-9d6151488275-groupManagement] INFO  server.RaftServer$Division (RaftServerImpl.java:setRole(383)) - 57f64e1c-8fe8-4173-a2ca-9d6151488275@group-23704B2A1AEB: changes role from      null to FOLLOWER at term 0 for startAsFollower
2024-04-29 10:07:45,308 [57f64e1c-8fe8-4173-a2ca-9d6151488275-groupManagement] INFO  impl.RoleInfo (RoleInfo.java:updateAndGet(139)) - 57f64e1c-8fe8-4173-a2ca-9d6151488275: start 57f64e1c-8fe8-4173-a2ca-9d6151488275@group-23704B2A1AEB-FollowerState
2024-04-29 10:07:45,309 [57f64e1c-8fe8-4173-a2ca-9d6151488275@group-23704B2A1AEB-FollowerState] INFO  server.RaftServerConfigKeys (ConfUtils.java:logFallback(53)) - raft.server.rpc.first-election.timeout.min = 5s (fallback to raft.server.rpc.timeout.min)
2024-04-29 10:07:45,309 [57f64e1c-8fe8-4173-a2ca-9d6151488275-groupManagement] INFO  util.JmxRegister (JmxRegister.java:tryRegister(44)) - Successfully registered JMX Bean with object name Ratis:service=RaftServer,group=group-23704B2A1AEB,id=57f64e1c-8fe8-4173-a2ca-9d6151488275
2024-04-29 10:07:45,309 [57f64e1c-8fe8-4173-a2ca-9d6151488275-groupManagement] INFO  server.RaftServerConfigKeys (ConfUtils.java:logGet(46)) - raft.server.snapshot.trigger-when-stop.enabled = true (default)
2024-04-29 10:07:45,309 [57f64e1c-8fe8-4173-a2ca-9d6151488275-groupManagement] INFO  server.RaftServerConfigKeys (ConfUtils.java:logGet(46)) - raft.server.snapshot.auto.trigger.enabled = true (custom)
2024-04-29 10:07:45,309 [57f64e1c-8fe8-4173-a2ca-9d6151488275-groupManagement] INFO  server.RaftServerConfigKeys (ConfUtils.java:logGet(46)) - raft.server.snapshot.auto.trigger.threshold = 10000 (custom)
2024-04-29 10:07:45,309 [57f64e1c-8fe8-4173-a2ca-9d6151488275-groupManagement] INFO  server.RaftServerConfigKeys (ConfUtils.java:logGet(46)) - raft.server.snapshot.retention.file.num = 5 (custom)
2024-04-29 10:07:45,309 [57f64e1c-8fe8-4173-a2ca-9d6151488275-groupManagement] INFO  server.RaftServerConfigKeys (ConfUtils.java:logGet(46)) - raft.server.log.purge.upto.snapshot.index = false (default)
2024-04-29 10:07:45,309 [57f64e1c-8fe8-4173-a2ca-9d6151488275@group-23704B2A1AEB-FollowerState] INFO  server.RaftServerConfigKeys (ConfUtils.java:logFallback(53)) - raft.server.rpc.first-election.timeout.max = 5200ms (fallback to raft.server.rpc.timeout.max)
2024-04-29 10:07:45,310 [57f64e1c-8fe8-4173-a2ca-9d6151488275-PipelineCommandHandlerThread-0] INFO  ratis.XceiverServerRatis (XceiverServerRatis.java:addGroup(864)) - Created group PipelineID=bec323c9-cefe-4bbb-9737-23704b2a1aeb
2024-04-29 10:07:45,314 [grpc-default-executor-9] INFO  server.RaftServer (RaftServerProxy.java:addNew(100)) - e3a225ff-43b2-4083-b986-b10dee5980c8: addNew group-23704B2A1AEB:[e3a225ff-43b2-4083-b986-b10dee5980c8|127.0.0.1:15584, 57f64e1c-8fe8-4173-a2ca-9d6151488275|127.0.0.1:15575, 55a78779-2920-4695-be09-c247c8260b05|127.0.0.1:15593] returns group-23704B2A1AEB:java.util.concurrent.CompletableFuture@2957fc63[Not completed]
2024-04-29 10:07:45,315 [e3a225ff-43b2-4083-b986-b10dee5980c8-groupManagement] INFO  server.RaftServer$Division (RaftServerImpl.java:<init>(256)) - e3a225ff-43b2-4083-b986-b10dee5980c8: new RaftServerImpl for group-23704B2A1AEB:[e3a225ff-43b2-4083-b986-b10dee5980c8|127.0.0.1:15584, 57f64e1c-8fe8-4173-a2ca-9d6151488275|127.0.0.1:15575, 55a78779-2920-4695-be09-c247c8260b05|127.0.0.1:15593] with ContainerStateMachine:uninitialized
2024-04-29 10:07:45,315 [e3a225ff-43b2-4083-b986-b10dee5980c8-groupManagement] INFO  server.RaftServerConfigKeys (ConfUtils.java:logGet(46)) - raft.server.rpc.timeout.min = 5s (custom)
2024-04-29 10:07:45,315 [e3a225ff-43b2-4083-b986-b10dee5980c8-groupManagement] INFO  server.RaftServerConfigKeys (ConfUtils.java:logGet(46)) - raft.server.rpc.timeout.max = 5200ms (custom)
2024-04-29 10:07:45,315 [e3a225ff-43b2-4083-b986-b10dee5980c8-groupManagement] INFO  server.RaftServerConfigKeys (ConfUtils.java:logGet(46)) - raft.server.rpc.sleep.time = 25ms (default)
2024-04-29 10:07:45,315 [e3a225ff-43b2-4083-b986-b10dee5980c8-groupManagement] INFO  server.RaftServerConfigKeys (ConfUtils.java:logGet(46)) - raft.server.rpc.slowness.timeout = 300000ms (custom)
2024-04-29 10:07:45,315 [e3a225ff-43b2-4083-b986-b10dee5980c8-groupManagement] INFO  server.RaftServerConfigKeys (ConfUtils.java:logGet(46)) - raft.server.leaderelection.leader.step-down.wait-time = 10s (default)
2024-04-29 10:07:45,315 [e3a225ff-43b2-4083-b986-b10dee5980c8-groupManagement] INFO  server.RaftServerConfigKeys (ConfUtils.java:logGet(46)) - raft.server.leaderelection.member.majority-add = false (default)
2024-04-29 10:07:45,315 [e3a225ff-43b2-4083-b986-b10dee5980c8-groupManagement] INFO  server.RaftServerConfigKeys (ConfUtils.java:logGet(46)) - raft.server.sleep.deviation.threshold = 300ms (default)
2024-04-29 10:07:45,315 [e3a225ff-43b2-4083-b986-b10dee5980c8-groupManagement] INFO  server.RaftServer$Division (ServerState.java:<init>(113)) - e3a225ff-43b2-4083-b986-b10dee5980c8@group-23704B2A1AEB: ConfigurationManager, init=-1: peers:[e3a225ff-43b2-4083-b986-b10dee5980c8|127.0.0.1:15584, 57f64e1c-8fe8-4173-a2ca-9d6151488275|127.0.0.1:15575, 55a78779-2920-4695-be09-c247c8260b05|127.0.0.1:15593]|listeners:[], old=null, confs=<EMPTY_MAP>
2024-04-29 10:07:45,315 [e3a225ff-43b2-4083-b986-b10dee5980c8-groupManagement] INFO  server.RaftServerConfigKeys (ConfUtils.java:logGet(46)) - raft.server.notification.no-leader.timeout = 300000ms (custom)
2024-04-29 10:07:45,315 [e3a225ff-43b2-4083-b986-b10dee5980c8-groupManagement] INFO  server.RaftServerConfigKeys (ConfUtils.java:logGet(46)) - raft.server.read.timeout = 10s (default)
2024-04-29 10:07:45,315 [e3a225ff-43b2-4083-b986-b10dee5980c8-groupManagement] INFO  server.RaftServerConfigKeys (ConfUtils.java:logGet(46)) - raft.server.retrycache.expirytime = 600000ms (custom)
2024-04-29 10:07:45,315 [e3a225ff-43b2-4083-b986-b10dee5980c8-groupManagement] INFO  server.RaftServerConfigKeys (ConfUtils.java:logGet(46)) - raft.server.retrycache.statistics.expirytime = 100ms (default)
2024-04-29 10:07:45,315 [e3a225ff-43b2-4083-b986-b10dee5980c8-groupManagement] INFO  server.RaftServerConfigKeys (ConfUtils.java:logGet(46)) - raft.server.read.option = DEFAULT (default)
2024-04-29 10:07:45,315 [e3a225ff-43b2-4083-b986-b10dee5980c8-groupManagement] INFO  server.RaftServerConfigKeys (ConfUtils.java:logGet(46)) - raft.server.read.read-after-write-consistent.write-index-cache.expiry-time = 60s (default)
2024-04-29 10:07:45,317 [e3a225ff-43b2-4083-b986-b10dee5980c8-groupManagement] INFO  server.RaftServerConfigKeys (ConfUtils.java:logGet(46)) - raft.server.rpc.request.timeout = 3000ms (default)
2024-04-29 10:07:45,317 [e3a225ff-43b2-4083-b986-b10dee5980c8-groupManagement] INFO  server.RaftServerConfigKeys (ConfUtils.java:logGet(46)) - raft.server.log.appender.install.snapshot.enabled = false (custom)
2024-04-29 10:07:45,317 [e3a225ff-43b2-4083-b986-b10dee5980c8-groupManagement] INFO  server.RaftServerConfigKeys (ConfUtils.java:logGet(46)) - raft.server.threadpool.server.cached = true (default)
2024-04-29 10:07:45,317 [e3a225ff-43b2-4083-b986-b10dee5980c8-groupManagement] INFO  server.RaftServerConfigKeys (ConfUtils.java:logGet(46)) - raft.server.threadpool.server.size = 0 (default)
2024-04-29 10:07:45,317 [e3a225ff-43b2-4083-b986-b10dee5980c8-groupManagement] INFO  server.RaftServerConfigKeys (ConfUtils.java:logGet(46)) - raft.server.threadpool.client.cached = true (default)
2024-04-29 10:07:45,317 [e3a225ff-43b2-4083-b986-b10dee5980c8-groupManagement] INFO  server.RaftServerConfigKeys (ConfUtils.java:logGet(46)) - raft.server.threadpool.client.size = 0 (default)
2024-04-29 10:07:45,317 [e3a225ff-43b2-4083-b986-b10dee5980c8-groupManagement] INFO  server.RaftServerConfigKeys (ConfUtils.java:logGet(46)) - raft.server.storage.free-space.min = 0MB (=0) (default)
2024-04-29 10:07:45,317 [e3a225ff-43b2-4083-b986-b10dee5980c8-groupManagement] INFO  server.RaftServerConfigKeys (ConfUtils.java:logGet(46)) - raft.server.log.corruption.policy = EXCEPTION (default)
2024-04-29 10:07:45,317 [e3a225ff-43b2-4083-b986-b10dee5980c8-groupManagement] INFO  server.RaftServerConfigKeys (ConfUtils.java:logGet(46)) - raft.server.storage.dir = [/home/runner/work/ozone/ozone/hadoop-ozone/integration-test/target/test-dir/MiniOzoneClusterImpl-b29d8e3c-9ac1-4bd8-916d-9a49b4a73262/ozone-meta/datanode-5/ratis] (custom)
2024-04-29 10:07:45,317 [e3a225ff-43b2-4083-b986-b10dee5980c8-groupManagement] INFO  storage.RaftStorageDirectory (RaftStorageDirectoryImpl.java:analyzeStorage(138)) - The storage directory /home/runner/work/ozone/ozone/hadoop-ozone/integration-test/target/test-dir/MiniOzoneClusterImpl-b29d8e3c-9ac1-4bd8-916d-9a49b4a73262/ozone-meta/datanode-5/ratis/bec323c9-cefe-4bbb-9737-23704b2a1aeb does not exist. Creating ...
2024-04-29 10:07:45,318 [e3a225ff-43b2-4083-b986-b10dee5980c8-groupManagement] INFO  storage.RaftStorageDirectory (RaftStorageDirectoryImpl.java:tryLock(228)) - Lock on /home/runner/work/ozone/ozone/hadoop-ozone/integration-test/target/test-dir/MiniOzoneClusterImpl-b29d8e3c-9ac1-4bd8-916d-9a49b4a73262/ozone-meta/datanode-5/ratis/bec323c9-cefe-4bbb-9737-23704b2a1aeb/in_use.lock acquired by nodename 20825@fv-az913-54
2024-04-29 10:07:45,319 [e3a225ff-43b2-4083-b986-b10dee5980c8-groupManagement] INFO  storage.RaftStorage (RaftStorageImpl.java:format(99)) - Storage directory /home/runner/work/ozone/ozone/hadoop-ozone/integration-test/target/test-dir/MiniOzoneClusterImpl-b29d8e3c-9ac1-4bd8-916d-9a49b4a73262/ozone-meta/datanode-5/ratis/bec323c9-cefe-4bbb-9737-23704b2a1aeb has been successfully formatted.
2024-04-29 10:07:45,319 [e3a225ff-43b2-4083-b986-b10dee5980c8-groupManagement] WARN  util.FileUtils (LogUtils.java:supplyAndLog(63)) - Failed to Files.newInputStream /home/runner/work/ozone/ozone/hadoop-ozone/integration-test/target/test-dir/MiniOzoneClusterImpl-b29d8e3c-9ac1-4bd8-916d-9a49b4a73262/ozone-meta/datanode-5/ratis/bec323c9-cefe-4bbb-9737-23704b2a1aeb/current/raft-meta.conf with options []: java.nio.file.NoSuchFileException: /home/runner/work/ozone/ozone/hadoop-ozone/integration-test/target/test-dir/MiniOzoneClusterImpl-b29d8e3c-9ac1-4bd8-916d-9a49b4a73262/ozone-meta/datanode-5/ratis/bec323c9-cefe-4bbb-9737-23704b2a1aeb/current/raft-meta.conf
2024-04-29 10:07:45,320 [e3a225ff-43b2-4083-b986-b10dee5980c8-groupManagement] INFO  ratis.ContainerStateMachine (ContainerStateMachine.java:loadSnapshot(287)) - group-23704B2A1AEB: The snapshot info is null. Setting the last applied index to:(t:0, i:~)
2024-04-29 10:07:45,320 [e3a225ff-43b2-4083-b986-b10dee5980c8-groupManagement] INFO  server.RaftServerConfigKeys (ConfUtils.java:logGet(46)) - raft.server.log.use.memory = false (default)
2024-04-29 10:07:45,320 [e3a225ff-43b2-4083-b986-b10dee5980c8-groupManagement] INFO  server.RaftServerConfigKeys (ConfUtils.java:logGet(46)) - raft.server.log.purge.gap = 1000000 (custom)
2024-04-29 10:07:45,320 [e3a225ff-43b2-4083-b986-b10dee5980c8-groupManagement] INFO  server.RaftServerConfigKeys (ConfUtils.java:logGet(46)) - raft.server.log.appender.buffer.byte-limit = 8388608 (custom)
2024-04-29 10:07:45,320 [e3a225ff-43b2-4083-b986-b10dee5980c8-groupManagement] INFO  server.RaftServerConfigKeys (ConfUtils.java:logGet(46)) - raft.server.log.statemachine.data.read.timeout = 1000ms (default)
2024-04-29 10:07:45,320 [e3a225ff-43b2-4083-b986-b10dee5980c8-groupManagement] INFO  server.RaftServerConfigKeys (ConfUtils.java:logGet(46)) - raft.server.log.purge.preservation.log.num = 0 (default)
2024-04-29 10:07:45,321 [e3a225ff-43b2-4083-b986-b10dee5980c8-groupManagement] INFO  server.RaftServerConfigKeys (ConfUtils.java:logGet(46)) - raft.server.log.segment.size.max = 67108864 (custom)
2024-04-29 10:07:45,321 [e3a225ff-43b2-4083-b986-b10dee5980c8-groupManagement] INFO  server.RaftServerConfigKeys (ConfUtils.java:logGet(46)) - raft.server.log.segment.cache.num.max = 2 (custom)
2024-04-29 10:07:45,321 [e3a225ff-43b2-4083-b986-b10dee5980c8-groupManagement] INFO  server.RaftServerConfigKeys (ConfUtils.java:logGet(46)) - raft.server.log.segment.cache.size.max = 200MB (=209715200) (default)
2024-04-29 10:07:45,321 [e3a225ff-43b2-4083-b986-b10dee5980c8-groupManagement] INFO  server.RaftServerConfigKeys (ConfUtils.java:logGet(46)) - raft.server.log.appender.buffer.byte-limit = 8388608 (custom)
2024-04-29 10:07:45,321 [e3a225ff-43b2-4083-b986-b10dee5980c8-groupManagement] INFO  util.AwaitToRun (AwaitToRun.java:start(81)) - Thread[e3a225ff-43b2-4083-b986-b10dee5980c8@group-23704B2A1AEB-cacheEviction-AwaitToRun,5,main] started
2024-04-29 10:07:45,321 [e3a225ff-43b2-4083-b986-b10dee5980c8-groupManagement] INFO  segmented.SegmentedRaftLogWorker (SegmentedRaftLogWorker.java:<init>(182)) - new e3a225ff-43b2-4083-b986-b10dee5980c8@group-23704B2A1AEB-SegmentedRaftLogWorker for RaftStorageImpl:Storage Directory /home/runner/work/ozone/ozone/hadoop-ozone/integration-test/target/test-dir/MiniOzoneClusterImpl-b29d8e3c-9ac1-4bd8-916d-9a49b4a73262/ozone-meta/datanode-5/ratis/bec323c9-cefe-4bbb-9737-23704b2a1aeb
2024-04-29 10:07:45,321 [e3a225ff-43b2-4083-b986-b10dee5980c8-groupManagement] INFO  server.RaftServerConfigKeys (ConfUtils.java:logGet(46)) - raft.server.log.queue.byte-limit = 4294967296 (custom)
2024-04-29 10:07:45,322 [e3a225ff-43b2-4083-b986-b10dee5980c8-groupManagement] INFO  server.RaftServerConfigKeys (ConfUtils.java:logGet(46)) - raft.server.log.queue.element-limit = 1024 (custom)
2024-04-29 10:07:45,322 [e3a225ff-43b2-4083-b986-b10dee5980c8-groupManagement] INFO  server.RaftServerConfigKeys (ConfUtils.java:logGet(46)) - raft.server.log.segment.size.max = 67108864 (custom)
2024-04-29 10:07:45,322 [e3a225ff-43b2-4083-b986-b10dee5980c8-groupManagement] INFO  server.RaftServerConfigKeys (ConfUtils.java:logGet(46)) - raft.server.log.preallocated.size = 4194304 (custom)
2024-04-29 10:07:45,322 [e3a225ff-43b2-4083-b986-b10dee5980c8-groupManagement] INFO  server.RaftServerConfigKeys (ConfUtils.java:logGet(46)) - raft.server.log.force.sync.num = 128 (default)
2024-04-29 10:07:45,322 [e3a225ff-43b2-4083-b986-b10dee5980c8-groupManagement] INFO  server.RaftServerConfigKeys (ConfUtils.java:logGet(46)) - raft.server.log.statemachine.data.sync = true (default)
2024-04-29 10:07:45,322 [e3a225ff-43b2-4083-b986-b10dee5980c8-groupManagement] INFO  server.RaftServerConfigKeys (ConfUtils.java:logGet(46)) - raft.server.log.statemachine.data.sync.timeout = 10s (default)
2024-04-29 10:07:45,322 [e3a225ff-43b2-4083-b986-b10dee5980c8-groupManagement] INFO  server.RaftServerConfigKeys (ConfUtils.java:logGet(46)) - raft.server.log.statemachine.data.sync.timeout.retry = 30 (custom)
2024-04-29 10:07:45,322 [e3a225ff-43b2-4083-b986-b10dee5980c8-groupManagement] INFO  server.RaftServerConfigKeys (ConfUtils.java:logGet(46)) - raft.server.log.write.buffer.size = 8388616 (custom)
2024-04-29 10:07:45,323 [e3a225ff-43b2-4083-b986-b10dee5980c8-groupManagement] INFO  server.RaftServerConfigKeys (ConfUtils.java:logGet(46)) - raft.server.log.appender.buffer.byte-limit = 8388608 (custom)
2024-04-29 10:07:45,323 [e3a225ff-43b2-4083-b986-b10dee5980c8-groupManagement] INFO  server.RaftServerConfigKeys (ConfUtils.java:logGet(46)) - raft.server.log.unsafe-flush.enabled = false (default)
2024-04-29 10:07:45,323 [e3a225ff-43b2-4083-b986-b10dee5980c8-groupManagement] INFO  server.RaftServerConfigKeys (ConfUtils.java:logGet(46)) - raft.server.log.async-flush.enabled = false (default)
2024-04-29 10:07:45,323 [e3a225ff-43b2-4083-b986-b10dee5980c8-groupManagement] INFO  server.RaftServerConfigKeys (ConfUtils.java:logGet(46)) - raft.server.log.statemachine.data.caching.enabled = true (custom)
2024-04-29 10:07:45,323 [e3a225ff-43b2-4083-b986-b10dee5980c8-groupManagement] INFO  segmented.SegmentedRaftLogWorker (SegmentedRaftLogWorker.java:lambda$new$0(134)) - e3a225ff-43b2-4083-b986-b10dee5980c8@group-23704B2A1AEB-SegmentedRaftLogWorker: flushIndex: setUnconditionally 0 -> -1
2024-04-29 10:07:45,323 [e3a225ff-43b2-4083-b986-b10dee5980c8-groupManagement] INFO  segmented.SegmentedRaftLogWorker (SegmentedRaftLogWorker.java:lambda$new$0(134)) - e3a225ff-43b2-4083-b986-b10dee5980c8@group-23704B2A1AEB-SegmentedRaftLogWorker: safeCacheEvictIndex: setUnconditionally 0 -> -1
2024-04-29 10:07:45,324 [e3a225ff-43b2-4083-b986-b10dee5980c8-groupManagement] INFO  server.RaftServer$Division (RaftServerImpl.java:start(396)) - e3a225ff-43b2-4083-b986-b10dee5980c8@group-23704B2A1AEB: start as a follower, conf=-1: peers:[e3a225ff-43b2-4083-b986-b10dee5980c8|127.0.0.1:15584, 57f64e1c-8fe8-4173-a2ca-9d6151488275|127.0.0.1:15575, 55a78779-2920-4695-be09-c247c8260b05|127.0.0.1:15593]|listeners:[], old=null
2024-04-29 10:07:45,324 [e3a225ff-43b2-4083-b986-b10dee5980c8-groupManagement] INFO  server.RaftServer$Division (RaftServerImpl.java:setRole(383)) - e3a225ff-43b2-4083-b986-b10dee5980c8@group-23704B2A1AEB: changes role from      null to FOLLOWER at term 0 for startAsFollower
2024-04-29 10:07:45,324 [e3a225ff-43b2-4083-b986-b10dee5980c8-groupManagement] INFO  impl.RoleInfo (RoleInfo.java:updateAndGet(139)) - e3a225ff-43b2-4083-b986-b10dee5980c8: start e3a225ff-43b2-4083-b986-b10dee5980c8@group-23704B2A1AEB-FollowerState
2024-04-29 10:07:45,324 [e3a225ff-43b2-4083-b986-b10dee5980c8@group-23704B2A1AEB-FollowerState] INFO  server.RaftServerConfigKeys (ConfUtils.java:logFallback(53)) - raft.server.rpc.first-election.timeout.min = 5s (fallback to raft.server.rpc.timeout.min)
2024-04-29 10:07:45,324 [e3a225ff-43b2-4083-b986-b10dee5980c8@group-23704B2A1AEB-FollowerState] INFO  server.RaftServerConfigKeys (ConfUtils.java:logFallback(53)) - raft.server.rpc.first-election.timeout.max = 5200ms (fallback to raft.server.rpc.timeout.max)
2024-04-29 10:07:45,324 [e3a225ff-43b2-4083-b986-b10dee5980c8-groupManagement] INFO  util.JmxRegister (JmxRegister.java:tryRegister(44)) - Successfully registered JMX Bean with object name Ratis:service=RaftServer,group=group-23704B2A1AEB,id=e3a225ff-43b2-4083-b986-b10dee5980c8
2024-04-29 10:07:45,324 [e3a225ff-43b2-4083-b986-b10dee5980c8-groupManagement] INFO  server.RaftServerConfigKeys (ConfUtils.java:logGet(46)) - raft.server.snapshot.trigger-when-stop.enabled = true (default)
2024-04-29 10:07:45,324 [e3a225ff-43b2-4083-b986-b10dee5980c8-groupManagement] INFO  server.RaftServerConfigKeys (ConfUtils.java:logGet(46)) - raft.server.snapshot.auto.trigger.enabled = true (custom)
2024-04-29 10:07:45,324 [e3a225ff-43b2-4083-b986-b10dee5980c8-groupManagement] INFO  server.RaftServerConfigKeys (ConfUtils.java:logGet(46)) - raft.server.snapshot.auto.trigger.threshold = 10000 (custom)
2024-04-29 10:07:45,324 [e3a225ff-43b2-4083-b986-b10dee5980c8-groupManagement] INFO  server.RaftServerConfigKeys (ConfUtils.java:logGet(46)) - raft.server.snapshot.retention.file.num = 5 (custom)
2024-04-29 10:07:45,324 [e3a225ff-43b2-4083-b986-b10dee5980c8-groupManagement] INFO  server.RaftServerConfigKeys (ConfUtils.java:logGet(46)) - raft.server.log.purge.upto.snapshot.index = false (default)
2024-04-29 10:07:45,330 [grpc-default-executor-9] INFO  server.RaftServer (RaftServerProxy.java:addNew(100)) - 55a78779-2920-4695-be09-c247c8260b05: addNew group-23704B2A1AEB:[e3a225ff-43b2-4083-b986-b10dee5980c8|127.0.0.1:15584, 57f64e1c-8fe8-4173-a2ca-9d6151488275|127.0.0.1:15575, 55a78779-2920-4695-be09-c247c8260b05|127.0.0.1:15593] returns group-23704B2A1AEB:java.util.concurrent.CompletableFuture@75836862[Not completed]
2024-04-29 10:07:45,330 [55a78779-2920-4695-be09-c247c8260b05-groupManagement] INFO  server.RaftServer$Division (RaftServerImpl.java:<init>(256)) - 55a78779-2920-4695-be09-c247c8260b05: new RaftServerImpl for group-23704B2A1AEB:[e3a225ff-43b2-4083-b986-b10dee5980c8|127.0.0.1:15584, 57f64e1c-8fe8-4173-a2ca-9d6151488275|127.0.0.1:15575, 55a78779-2920-4695-be09-c247c8260b05|127.0.0.1:15593] with ContainerStateMachine:uninitialized
2024-04-29 10:07:45,330 [55a78779-2920-4695-be09-c247c8260b05-groupManagement] INFO  server.RaftServerConfigKeys (ConfUtils.java:logGet(46)) - raft.server.rpc.timeout.min = 5s (custom)
2024-04-29 10:07:45,330 [55a78779-2920-4695-be09-c247c8260b05-groupManagement] INFO  server.RaftServerConfigKeys (ConfUtils.java:logGet(46)) - raft.server.rpc.timeout.max = 5200ms (custom)
2024-04-29 10:07:45,330 [55a78779-2920-4695-be09-c247c8260b05-groupManagement] INFO  server.RaftServerConfigKeys (ConfUtils.java:logGet(46)) - raft.server.rpc.sleep.time = 25ms (default)
2024-04-29 10:07:45,330 [55a78779-2920-4695-be09-c247c8260b05-groupManagement] INFO  server.RaftServerConfigKeys (ConfUtils.java:logGet(46)) - raft.server.rpc.slowness.timeout = 300000ms (custom)
2024-04-29 10:07:45,330 [55a78779-2920-4695-be09-c247c8260b05-groupManagement] INFO  server.RaftServerConfigKeys (ConfUtils.java:logGet(46)) - raft.server.leaderelection.leader.step-down.wait-time = 10s (default)
2024-04-29 10:07:45,331 [55a78779-2920-4695-be09-c247c8260b05-groupManagement] INFO  server.RaftServerConfigKeys (ConfUtils.java:logGet(46)) - raft.server.leaderelection.member.majority-add = false (default)
2024-04-29 10:07:45,331 [55a78779-2920-4695-be09-c247c8260b05-groupManagement] INFO  server.RaftServerConfigKeys (ConfUtils.java:logGet(46)) - raft.server.sleep.deviation.threshold = 300ms (default)
2024-04-29 10:07:45,331 [55a78779-2920-4695-be09-c247c8260b05-groupManagement] INFO  server.RaftServer$Division (ServerState.java:<init>(113)) - 55a78779-2920-4695-be09-c247c8260b05@group-23704B2A1AEB: ConfigurationManager, init=-1: peers:[e3a225ff-43b2-4083-b986-b10dee5980c8|127.0.0.1:15584, 57f64e1c-8fe8-4173-a2ca-9d6151488275|127.0.0.1:15575, 55a78779-2920-4695-be09-c247c8260b05|127.0.0.1:15593]|listeners:[], old=null, confs=<EMPTY_MAP>
2024-04-29 10:07:45,331 [55a78779-2920-4695-be09-c247c8260b05-groupManagement] INFO  server.RaftServerConfigKeys (ConfUtils.java:logGet(46)) - raft.server.notification.no-leader.timeout = 300000ms (custom)
2024-04-29 10:07:45,331 [55a78779-2920-4695-be09-c247c8260b05-groupManagement] INFO  server.RaftServerConfigKeys (ConfUtils.java:logGet(46)) - raft.server.read.timeout = 10s (default)
2024-04-29 10:07:45,331 [55a78779-2920-4695-be09-c247c8260b05-groupManagement] INFO  server.RaftServerConfigKeys (ConfUtils.java:logGet(46)) - raft.server.retrycache.expirytime = 600000ms (custom)
2024-04-29 10:07:45,331 [55a78779-2920-4695-be09-c247c8260b05-groupManagement] INFO  server.RaftServerConfigKeys (ConfUtils.java:logGet(46)) - raft.server.retrycache.statistics.expirytime = 100ms (default)
2024-04-29 10:07:45,331 [55a78779-2920-4695-be09-c247c8260b05-groupManagement] INFO  server.RaftServerConfigKeys (ConfUtils.java:logGet(46)) - raft.server.read.option = DEFAULT (default)
2024-04-29 10:07:45,331 [55a78779-2920-4695-be09-c247c8260b05-groupManagement] INFO  server.RaftServerConfigKeys (ConfUtils.java:logGet(46)) - raft.server.read.read-after-write-consistent.write-index-cache.expiry-time = 60s (default)
2024-04-29 10:07:45,332 [55a78779-2920-4695-be09-c247c8260b05-groupManagement] INFO  server.RaftServerConfigKeys (ConfUtils.java:logGet(46)) - raft.server.rpc.request.timeout = 3000ms (default)
2024-04-29 10:07:45,332 [55a78779-2920-4695-be09-c247c8260b05-groupManagement] INFO  server.RaftServerConfigKeys (ConfUtils.java:logGet(46)) - raft.server.log.appender.install.snapshot.enabled = false (custom)
2024-04-29 10:07:45,332 [55a78779-2920-4695-be09-c247c8260b05-groupManagement] INFO  server.RaftServerConfigKeys (ConfUtils.java:logGet(46)) - raft.server.threadpool.server.cached = true (default)
2024-04-29 10:07:45,332 [55a78779-2920-4695-be09-c247c8260b05-groupManagement] INFO  server.RaftServerConfigKeys (ConfUtils.java:logGet(46)) - raft.server.threadpool.server.size = 0 (default)
2024-04-29 10:07:45,332 [55a78779-2920-4695-be09-c247c8260b05-groupManagement] INFO  server.RaftServerConfigKeys (ConfUtils.java:logGet(46)) - raft.server.threadpool.client.cached = true (default)
2024-04-29 10:07:45,332 [55a78779-2920-4695-be09-c247c8260b05-groupManagement] INFO  server.RaftServerConfigKeys (ConfUtils.java:logGet(46)) - raft.server.threadpool.client.size = 0 (default)
2024-04-29 10:07:45,332 [55a78779-2920-4695-be09-c247c8260b05-groupManagement] INFO  server.RaftServerConfigKeys (ConfUtils.java:logGet(46)) - raft.server.storage.free-space.min = 0MB (=0) (default)
2024-04-29 10:07:45,333 [55a78779-2920-4695-be09-c247c8260b05-groupManagement] INFO  server.RaftServerConfigKeys (ConfUtils.java:logGet(46)) - raft.server.log.corruption.policy = EXCEPTION (default)
2024-04-29 10:07:45,333 [55a78779-2920-4695-be09-c247c8260b05-groupManagement] INFO  server.RaftServerConfigKeys (ConfUtils.java:logGet(46)) - raft.server.storage.dir = [/home/runner/work/ozone/ozone/hadoop-ozone/integration-test/target/test-dir/MiniOzoneClusterImpl-b29d8e3c-9ac1-4bd8-916d-9a49b4a73262/ozone-meta/datanode-6/ratis] (custom)
2024-04-29 10:07:45,333 [55a78779-2920-4695-be09-c247c8260b05-groupManagement] INFO  storage.RaftStorageDirectory (RaftStorageDirectoryImpl.java:analyzeStorage(138)) - The storage directory /home/runner/work/ozone/ozone/hadoop-ozone/integration-test/target/test-dir/MiniOzoneClusterImpl-b29d8e3c-9ac1-4bd8-916d-9a49b4a73262/ozone-meta/datanode-6/ratis/bec323c9-cefe-4bbb-9737-23704b2a1aeb does not exist. Creating ...
2024-04-29 10:07:45,333 [55a78779-2920-4695-be09-c247c8260b05-groupManagement] INFO  storage.RaftStorageDirectory (RaftStorageDirectoryImpl.java:tryLock(228)) - Lock on /home/runner/work/ozone/ozone/hadoop-ozone/integration-test/target/test-dir/MiniOzoneClusterImpl-b29d8e3c-9ac1-4bd8-916d-9a49b4a73262/ozone-meta/datanode-6/ratis/bec323c9-cefe-4bbb-9737-23704b2a1aeb/in_use.lock acquired by nodename 20825@fv-az913-54
2024-04-29 10:07:45,334 [55a78779-2920-4695-be09-c247c8260b05-groupManagement] INFO  storage.RaftStorage (RaftStorageImpl.java:format(99)) - Storage directory /home/runner/work/ozone/ozone/hadoop-ozone/integration-test/target/test-dir/MiniOzoneClusterImpl-b29d8e3c-9ac1-4bd8-916d-9a49b4a73262/ozone-meta/datanode-6/ratis/bec323c9-cefe-4bbb-9737-23704b2a1aeb has been successfully formatted.
2024-04-29 10:07:45,334 [55a78779-2920-4695-be09-c247c8260b05-groupManagement] WARN  util.FileUtils (LogUtils.java:supplyAndLog(63)) - Failed to Files.newInputStream /home/runner/work/ozone/ozone/hadoop-ozone/integration-test/target/test-dir/MiniOzoneClusterImpl-b29d8e3c-9ac1-4bd8-916d-9a49b4a73262/ozone-meta/datanode-6/ratis/bec323c9-cefe-4bbb-9737-23704b2a1aeb/current/raft-meta.conf with options []: java.nio.file.NoSuchFileException: /home/runner/work/ozone/ozone/hadoop-ozone/integration-test/target/test-dir/MiniOzoneClusterImpl-b29d8e3c-9ac1-4bd8-916d-9a49b4a73262/ozone-meta/datanode-6/ratis/bec323c9-cefe-4bbb-9737-23704b2a1aeb/current/raft-meta.conf
2024-04-29 10:07:45,334 [55a78779-2920-4695-be09-c247c8260b05-groupManagement] INFO  ratis.ContainerStateMachine (ContainerStateMachine.java:loadSnapshot(287)) - group-23704B2A1AEB: The snapshot info is null. Setting the last applied index to:(t:0, i:~)
2024-04-29 10:07:45,334 [55a78779-2920-4695-be09-c247c8260b05-groupManagement] INFO  server.RaftServerConfigKeys (ConfUtils.java:logGet(46)) - raft.server.log.use.memory = false (default)
2024-04-29 10:07:45,335 [55a78779-2920-4695-be09-c247c8260b05-groupManagement] INFO  server.RaftServerConfigKeys (ConfUtils.java:logGet(46)) - raft.server.log.purge.gap = 1000000 (custom)
2024-04-29 10:07:45,335 [55a78779-2920-4695-be09-c247c8260b05-groupManagement] INFO  server.RaftServerConfigKeys (ConfUtils.java:logGet(46)) - raft.server.log.appender.buffer.byte-limit = 8388608 (custom)
2024-04-29 10:07:45,335 [55a78779-2920-4695-be09-c247c8260b05-groupManagement] INFO  server.RaftServerConfigKeys (ConfUtils.java:logGet(46)) - raft.server.log.statemachine.data.read.timeout = 1000ms (default)
2024-04-29 10:07:45,335 [55a78779-2920-4695-be09-c247c8260b05-groupManagement] INFO  server.RaftServerConfigKeys (ConfUtils.java:logGet(46)) - raft.server.log.purge.preservation.log.num = 0 (default)
2024-04-29 10:07:45,336 [55a78779-2920-4695-be09-c247c8260b05-groupManagement] INFO  server.RaftServerConfigKeys (ConfUtils.java:logGet(46)) - raft.server.log.segment.size.max = 67108864 (custom)
2024-04-29 10:07:45,336 [55a78779-2920-4695-be09-c247c8260b05-groupManagement] INFO  server.RaftServerConfigKeys (ConfUtils.java:logGet(46)) - raft.server.log.segment.cache.num.max = 2 (custom)
2024-04-29 10:07:45,336 [55a78779-2920-4695-be09-c247c8260b05-groupManagement] INFO  server.RaftServerConfigKeys (ConfUtils.java:logGet(46)) - raft.server.log.segment.cache.size.max = 200MB (=209715200) (default)
2024-04-29 10:07:45,336 [55a78779-2920-4695-be09-c247c8260b05-groupManagement] INFO  server.RaftServerConfigKeys (ConfUtils.java:logGet(46)) - raft.server.log.appender.buffer.byte-limit = 8388608 (custom)
2024-04-29 10:07:45,336 [e3a225ff-43b2-4083-b986-b10dee5980c8-PipelineCommandHandlerThread-0] INFO  server.RaftServer (RaftServerProxy.java:addNew(100)) - e3a225ff-43b2-4083-b986-b10dee5980c8: addNew group-F6811402C15E:[e3a225ff-43b2-4083-b986-b10dee5980c8|127.0.0.1:15584] returns group-F6811402C15E:java.util.concurrent.CompletableFuture@1966673a[Not completed]
2024-04-29 10:07:45,336 [55a78779-2920-4695-be09-c247c8260b05-groupManagement] INFO  util.AwaitToRun (AwaitToRun.java:start(81)) - Thread[55a78779-2920-4695-be09-c247c8260b05@group-23704B2A1AEB-cacheEviction-AwaitToRun,5,main] started
2024-04-29 10:07:45,336 [55a78779-2920-4695-be09-c247c8260b05-groupManagement] INFO  segmented.SegmentedRaftLogWorker (SegmentedRaftLogWorker.java:<init>(182)) - new 55a78779-2920-4695-be09-c247c8260b05@group-23704B2A1AEB-SegmentedRaftLogWorker for RaftStorageImpl:Storage Directory /home/runner/work/ozone/ozone/hadoop-ozone/integration-test/target/test-dir/MiniOzoneClusterImpl-b29d8e3c-9ac1-4bd8-916d-9a49b4a73262/ozone-meta/datanode-6/ratis/bec323c9-cefe-4bbb-9737-23704b2a1aeb
2024-04-29 10:07:45,336 [55a78779-2920-4695-be09-c247c8260b05-groupManagement] INFO  server.RaftServerConfigKeys (ConfUtils.java:logGet(46)) - raft.server.log.queue.byte-limit = 4294967296 (custom)
2024-04-29 10:07:45,336 [55a78779-2920-4695-be09-c247c8260b05-groupManagement] INFO  server.RaftServerConfigKeys (ConfUtils.java:logGet(46)) - raft.server.log.queue.element-limit = 1024 (custom)
2024-04-29 10:07:45,336 [55a78779-2920-4695-be09-c247c8260b05-groupManagement] INFO  server.RaftServerConfigKeys (ConfUtils.java:logGet(46)) - raft.server.log.segment.size.max = 67108864 (custom)
2024-04-29 10:07:45,336 [55a78779-2920-4695-be09-c247c8260b05-groupManagement] INFO  server.RaftServerConfigKeys (ConfUtils.java:logGet(46)) - raft.server.log.preallocated.size = 4194304 (custom)
2024-04-29 10:07:45,337 [55a78779-2920-4695-be09-c247c8260b05-groupManagement] INFO  server.RaftServerConfigKeys (ConfUtils.java:logGet(46)) - raft.server.log.force.sync.num = 128 (default)
2024-04-29 10:07:45,337 [55a78779-2920-4695-be09-c247c8260b05-groupManagement] INFO  server.RaftServerConfigKeys (ConfUtils.java:logGet(46)) - raft.server.log.statemachine.data.sync = true (default)
2024-04-29 10:07:45,337 [55a78779-2920-4695-be09-c247c8260b05-groupManagement] INFO  server.RaftServerConfigKeys (ConfUtils.java:logGet(46)) - raft.server.log.statemachine.data.sync.timeout = 10s (default)
2024-04-29 10:07:45,337 [55a78779-2920-4695-be09-c247c8260b05-groupManagement] INFO  server.RaftServerConfigKeys (ConfUtils.java:logGet(46)) - raft.server.log.statemachine.data.sync.timeout.retry = 30 (custom)
2024-04-29 10:07:45,337 [e3a225ff-43b2-4083-b986-b10dee5980c8-groupManagement] INFO  server.RaftServer$Division (RaftServerImpl.java:<init>(256)) - e3a225ff-43b2-4083-b986-b10dee5980c8: new RaftServerImpl for group-F6811402C15E:[e3a225ff-43b2-4083-b986-b10dee5980c8|127.0.0.1:15584] with ContainerStateMachine:uninitialized
2024-04-29 10:07:45,337 [e3a225ff-43b2-4083-b986-b10dee5980c8-groupManagement] INFO  server.RaftServerConfigKeys (ConfUtils.java:logGet(46)) - raft.server.rpc.timeout.min = 5s (custom)
2024-04-29 10:07:45,337 [e3a225ff-43b2-4083-b986-b10dee5980c8-groupManagement] INFO  server.RaftServerConfigKeys (ConfUtils.java:logGet(46)) - raft.server.rpc.timeout.max = 5200ms (custom)
2024-04-29 10:07:45,337 [e3a225ff-43b2-4083-b986-b10dee5980c8-groupManagement] INFO  server.RaftServerConfigKeys (ConfUtils.java:logGet(46)) - raft.server.rpc.sleep.time = 25ms (default)
2024-04-29 10:07:45,337 [e3a225ff-43b2-4083-b986-b10dee5980c8-groupManagement] INFO  server.RaftServerConfigKeys (ConfUtils.java:logGet(46)) - raft.server.rpc.slowness.timeout = 300000ms (custom)
2024-04-29 10:07:45,337 [e3a225ff-43b2-4083-b986-b10dee5980c8-groupManagement] INFO  server.RaftServerConfigKeys (ConfUtils.java:logGet(46)) - raft.server.leaderelection.leader.step-down.wait-time = 10s (default)
2024-04-29 10:07:45,337 [e3a225ff-43b2-4083-b986-b10dee5980c8-groupManagement] INFO  server.RaftServerConfigKeys (ConfUtils.java:logGet(46)) - raft.server.leaderelection.member.majority-add = false (default)
2024-04-29 10:07:45,337 [55a78779-2920-4695-be09-c247c8260b05-groupManagement] INFO  server.RaftServerConfigKeys (ConfUtils.java:logGet(46)) - raft.server.log.write.buffer.size = 8388616 (custom)
2024-04-29 10:07:45,337 [e3a225ff-43b2-4083-b986-b10dee5980c8-groupManagement] INFO  server.RaftServerConfigKeys (ConfUtils.java:logGet(46)) - raft.server.sleep.deviation.threshold = 300ms (default)
2024-04-29 10:07:45,337 [e3a225ff-43b2-4083-b986-b10dee5980c8-groupManagement] INFO  server.RaftServer$Division (ServerState.java:<init>(113)) - e3a225ff-43b2-4083-b986-b10dee5980c8@group-F6811402C15E: ConfigurationManager, init=-1: peers:[e3a225ff-43b2-4083-b986-b10dee5980c8|127.0.0.1:15584]|listeners:[], old=null, confs=<EMPTY_MAP>
2024-04-29 10:07:45,337 [e3a225ff-43b2-4083-b986-b10dee5980c8-groupManagement] INFO  server.RaftServerConfigKeys (ConfUtils.java:logGet(46)) - raft.server.notification.no-leader.timeout = 300000ms (custom)
2024-04-29 10:07:45,338 [e3a225ff-43b2-4083-b986-b10dee5980c8-groupManagement] INFO  server.RaftServerConfigKeys (ConfUtils.java:logGet(46)) - raft.server.read.timeout = 10s (default)
2024-04-29 10:07:45,338 [e3a225ff-43b2-4083-b986-b10dee5980c8-groupManagement] INFO  server.RaftServerConfigKeys (ConfUtils.java:logGet(46)) - raft.server.retrycache.expirytime = 600000ms (custom)
2024-04-29 10:07:45,338 [e3a225ff-43b2-4083-b986-b10dee5980c8-groupManagement] INFO  server.RaftServerConfigKeys (ConfUtils.java:logGet(46)) - raft.server.retrycache.statistics.expirytime = 100ms (default)
2024-04-29 10:07:45,338 [e3a225ff-43b2-4083-b986-b10dee5980c8-groupManagement] INFO  server.RaftServerConfigKeys (ConfUtils.java:logGet(46)) - raft.server.read.option = DEFAULT (default)
2024-04-29 10:07:45,338 [e3a225ff-43b2-4083-b986-b10dee5980c8-groupManagement] INFO  server.RaftServerConfigKeys (ConfUtils.java:logGet(46)) - raft.server.read.read-after-write-consistent.write-index-cache.expiry-time = 60s (default)
2024-04-29 10:07:45,339 [55a78779-2920-4695-be09-c247c8260b05-groupManagement] INFO  server.RaftServerConfigKeys (ConfUtils.java:logGet(46)) - raft.server.log.appender.buffer.byte-limit = 8388608 (custom)
2024-04-29 10:07:45,339 [55a78779-2920-4695-be09-c247c8260b05-groupManagement] INFO  server.RaftServerConfigKeys (ConfUtils.java:logGet(46)) - raft.server.log.unsafe-flush.enabled = false (default)
2024-04-29 10:07:45,339 [55a78779-2920-4695-be09-c247c8260b05-groupManagement] INFO  server.RaftServerConfigKeys (ConfUtils.java:logGet(46)) - raft.server.log.async-flush.enabled = false (default)
2024-04-29 10:07:45,339 [55a78779-2920-4695-be09-c247c8260b05-groupManagement] INFO  server.RaftServerConfigKeys (ConfUtils.java:logGet(46)) - raft.server.log.statemachine.data.caching.enabled = true (custom)
2024-04-29 10:07:45,339 [55a78779-2920-4695-be09-c247c8260b05-groupManagement] INFO  segmented.SegmentedRaftLogWorker (SegmentedRaftLogWorker.java:lambda$new$0(134)) - 55a78779-2920-4695-be09-c247c8260b05@group-23704B2A1AEB-SegmentedRaftLogWorker: flushIndex: setUnconditionally 0 -> -1
2024-04-29 10:07:45,339 [55a78779-2920-4695-be09-c247c8260b05-groupManagement] INFO  segmented.SegmentedRaftLogWorker (SegmentedRaftLogWorker.java:lambda$new$0(134)) - 55a78779-2920-4695-be09-c247c8260b05@group-23704B2A1AEB-SegmentedRaftLogWorker: safeCacheEvictIndex: setUnconditionally 0 -> -1
2024-04-29 10:07:45,339 [55a78779-2920-4695-be09-c247c8260b05-groupManagement] INFO  server.RaftServer$Division (RaftServerImpl.java:start(396)) - 55a78779-2920-4695-be09-c247c8260b05@group-23704B2A1AEB: start as a follower, conf=-1: peers:[e3a225ff-43b2-4083-b986-b10dee5980c8|127.0.0.1:15584, 57f64e1c-8fe8-4173-a2ca-9d6151488275|127.0.0.1:15575, 55a78779-2920-4695-be09-c247c8260b05|127.0.0.1:15593]|listeners:[], old=null
2024-04-29 10:07:45,340 [55a78779-2920-4695-be09-c247c8260b05-groupManagement] INFO  server.RaftServer$Division (RaftServerImpl.java:setRole(383)) - 55a78779-2920-4695-be09-c247c8260b05@group-23704B2A1AEB: changes role from      null to FOLLOWER at term 0 for startAsFollower
2024-04-29 10:07:45,340 [55a78779-2920-4695-be09-c247c8260b05-groupManagement] INFO  impl.RoleInfo (RoleInfo.java:updateAndGet(139)) - 55a78779-2920-4695-be09-c247c8260b05: start 55a78779-2920-4695-be09-c247c8260b05@group-23704B2A1AEB-FollowerState
2024-04-29 10:07:45,340 [55a78779-2920-4695-be09-c247c8260b05@group-23704B2A1AEB-FollowerState] INFO  server.RaftServerConfigKeys (ConfUtils.java:logFallback(53)) - raft.server.rpc.first-election.timeout.min = 5s (fallback to raft.server.rpc.timeout.min)
2024-04-29 10:07:45,340 [55a78779-2920-4695-be09-c247c8260b05@group-23704B2A1AEB-FollowerState] INFO  server.RaftServerConfigKeys (ConfUtils.java:logFallback(53)) - raft.server.rpc.first-election.timeout.max = 5200ms (fallback to raft.server.rpc.timeout.max)
2024-04-29 10:07:45,340 [55a78779-2920-4695-be09-c247c8260b05-groupManagement] INFO  util.JmxRegister (JmxRegister.java:tryRegister(44)) - Successfully registered JMX Bean with object name Ratis:service=RaftServer,group=group-23704B2A1AEB,id=55a78779-2920-4695-be09-c247c8260b05
2024-04-29 10:07:45,340 [55a78779-2920-4695-be09-c247c8260b05-groupManagement] INFO  server.RaftServerConfigKeys (ConfUtils.java:logGet(46)) - raft.server.snapshot.trigger-when-stop.enabled = true (default)
2024-04-29 10:07:45,340 [55a78779-2920-4695-be09-c247c8260b05-groupManagement] INFO  server.RaftServerConfigKeys (ConfUtils.java:logGet(46)) - raft.server.snapshot.auto.trigger.enabled = true (custom)
2024-04-29 10:07:45,340 [55a78779-2920-4695-be09-c247c8260b05-groupManagement] INFO  server.RaftServerConfigKeys (ConfUtils.java:logGet(46)) - raft.server.snapshot.auto.trigger.threshold = 10000 (custom)
2024-04-29 10:07:45,340 [55a78779-2920-4695-be09-c247c8260b05-groupManagement] INFO  server.RaftServerConfigKeys (ConfUtils.java:logGet(46)) - raft.server.snapshot.retention.file.num = 5 (custom)
2024-04-29 10:07:45,340 [55a78779-2920-4695-be09-c247c8260b05-groupManagement] INFO  server.RaftServerConfigKeys (ConfUtils.java:logGet(46)) - raft.server.log.purge.upto.snapshot.index = false (default)
2024-04-29 10:07:45,341 [e3a225ff-43b2-4083-b986-b10dee5980c8-groupManagement] INFO  server.RaftServerConfigKeys (ConfUtils.java:logGet(46)) - raft.server.rpc.request.timeout = 3000ms (default)
2024-04-29 10:07:45,341 [e3a225ff-43b2-4083-b986-b10dee5980c8-groupManagement] INFO  server.RaftServerConfigKeys (ConfUtils.java:logGet(46)) - raft.server.log.appender.install.snapshot.enabled = false (custom)
2024-04-29 10:07:45,341 [e3a225ff-43b2-4083-b986-b10dee5980c8-groupManagement] INFO  server.RaftServerConfigKeys (ConfUtils.java:logGet(46)) - raft.server.threadpool.server.cached = true (default)
2024-04-29 10:07:45,341 [e3a225ff-43b2-4083-b986-b10dee5980c8-groupManagement] INFO  server.RaftServerConfigKeys (ConfUtils.java:logGet(46)) - raft.server.threadpool.server.size = 0 (default)
2024-04-29 10:07:45,342 [e3a225ff-43b2-4083-b986-b10dee5980c8-groupManagement] INFO  server.RaftServerConfigKeys (ConfUtils.java:logGet(46)) - raft.server.threadpool.client.cached = true (default)
2024-04-29 10:07:45,342 [e3a225ff-43b2-4083-b986-b10dee5980c8-groupManagement] INFO  server.RaftServerConfigKeys (ConfUtils.java:logGet(46)) - raft.server.threadpool.client.size = 0 (default)
2024-04-29 10:07:45,342 [e3a225ff-43b2-4083-b986-b10dee5980c8-groupManagement] INFO  server.RaftServerConfigKeys (ConfUtils.java:logGet(46)) - raft.server.storage.free-space.min = 0MB (=0) (default)
2024-04-29 10:07:45,342 [e3a225ff-43b2-4083-b986-b10dee5980c8-groupManagement] INFO  server.RaftServerConfigKeys (ConfUtils.java:logGet(46)) - raft.server.log.corruption.policy = EXCEPTION (default)
2024-04-29 10:07:45,342 [e3a225ff-43b2-4083-b986-b10dee5980c8-groupManagement] INFO  server.RaftServerConfigKeys (ConfUtils.java:logGet(46)) - raft.server.storage.dir = [/home/runner/work/ozone/ozone/hadoop-ozone/integration-test/target/test-dir/MiniOzoneClusterImpl-b29d8e3c-9ac1-4bd8-916d-9a49b4a73262/ozone-meta/datanode-5/ratis] (custom)
2024-04-29 10:07:45,342 [e3a225ff-43b2-4083-b986-b10dee5980c8-groupManagement] INFO  storage.RaftStorageDirectory (RaftStorageDirectoryImpl.java:analyzeStorage(138)) - The storage directory /home/runner/work/ozone/ozone/hadoop-ozone/integration-test/target/test-dir/MiniOzoneClusterImpl-b29d8e3c-9ac1-4bd8-916d-9a49b4a73262/ozone-meta/datanode-5/ratis/8d4ea7f1-7849-49ab-90bc-f6811402c15e does not exist. Creating ...
2024-04-29 10:07:45,343 [e3a225ff-43b2-4083-b986-b10dee5980c8-groupManagement] INFO  storage.RaftStorageDirectory (RaftStorageDirectoryImpl.java:tryLock(228)) - Lock on /home/runner/work/ozone/ozone/hadoop-ozone/integration-test/target/test-dir/MiniOzoneClusterImpl-b29d8e3c-9ac1-4bd8-916d-9a49b4a73262/ozone-meta/datanode-5/ratis/8d4ea7f1-7849-49ab-90bc-f6811402c15e/in_use.lock acquired by nodename 20825@fv-az913-54
2024-04-29 10:07:45,343 [57f64e1c-8fe8-4173-a2ca-9d6151488275-PipelineCommandHandlerThread-0] INFO  commandhandler.CreatePipelineCommandHandler (CreatePipelineCommandHandler.java:lambda$handle$2(124)) - Created Pipeline RATIS THREE PipelineID=bec323c9-cefe-4bbb-9737-23704b2a1aeb.
2024-04-29 10:07:45,345 [e3a225ff-43b2-4083-b986-b10dee5980c8-groupManagement] INFO  storage.RaftStorage (RaftStorageImpl.java:format(99)) - Storage directory /home/runner/work/ozone/ozone/hadoop-ozone/integration-test/target/test-dir/MiniOzoneClusterImpl-b29d8e3c-9ac1-4bd8-916d-9a49b4a73262/ozone-meta/datanode-5/ratis/8d4ea7f1-7849-49ab-90bc-f6811402c15e has been successfully formatted.
2024-04-29 10:07:45,345 [e3a225ff-43b2-4083-b986-b10dee5980c8-groupManagement] WARN  util.FileUtils (LogUtils.java:supplyAndLog(63)) - Failed to Files.newInputStream /home/runner/work/ozone/ozone/hadoop-ozone/integration-test/target/test-dir/MiniOzoneClusterImpl-b29d8e3c-9ac1-4bd8-916d-9a49b4a73262/ozone-meta/datanode-5/ratis/8d4ea7f1-7849-49ab-90bc-f6811402c15e/current/raft-meta.conf with options []: java.nio.file.NoSuchFileException: /home/runner/work/ozone/ozone/hadoop-ozone/integration-test/target/test-dir/MiniOzoneClusterImpl-b29d8e3c-9ac1-4bd8-916d-9a49b4a73262/ozone-meta/datanode-5/ratis/8d4ea7f1-7849-49ab-90bc-f6811402c15e/current/raft-meta.conf
2024-04-29 10:07:45,345 [e3a225ff-43b2-4083-b986-b10dee5980c8-groupManagement] INFO  ratis.ContainerStateMachine (ContainerStateMachine.java:loadSnapshot(287)) - group-F6811402C15E: The snapshot info is null. Setting the last applied index to:(t:0, i:~)
2024-04-29 10:07:45,345 [e3a225ff-43b2-4083-b986-b10dee5980c8-groupManagement] INFO  server.RaftServerConfigKeys (ConfUtils.java:logGet(46)) - raft.server.log.use.memory = false (default)
2024-04-29 10:07:45,345 [e3a225ff-43b2-4083-b986-b10dee5980c8-groupManagement] INFO  server.RaftServerConfigKeys (ConfUtils.java:logGet(46)) - raft.server.log.purge.gap = 1000000 (custom)
2024-04-29 10:07:45,345 [e3a225ff-43b2-4083-b986-b10dee5980c8-groupManagement] INFO  server.RaftServerConfigKeys (ConfUtils.java:logGet(46)) - raft.server.log.appender.buffer.byte-limit = 8388608 (custom)
2024-04-29 10:07:45,345 [e3a225ff-43b2-4083-b986-b10dee5980c8-groupManagement] INFO  server.RaftServerConfigKeys (ConfUtils.java:logGet(46)) - raft.server.log.statemachine.data.read.timeout = 1000ms (default)
2024-04-29 10:07:45,345 [e3a225ff-43b2-4083-b986-b10dee5980c8-groupManagement] INFO  server.RaftServerConfigKeys (ConfUtils.java:logGet(46)) - raft.server.log.purge.preservation.log.num = 0 (default)
2024-04-29 10:07:45,346 [e3a225ff-43b2-4083-b986-b10dee5980c8-groupManagement] INFO  server.RaftServerConfigKeys (ConfUtils.java:logGet(46)) - raft.server.log.segment.size.max = 67108864 (custom)
2024-04-29 10:07:45,346 [e3a225ff-43b2-4083-b986-b10dee5980c8-groupManagement] INFO  server.RaftServerConfigKeys (ConfUtils.java:logGet(46)) - raft.server.log.segment.cache.num.max = 2 (custom)
2024-04-29 10:07:45,346 [e3a225ff-43b2-4083-b986-b10dee5980c8-groupManagement] INFO  server.RaftServerConfigKeys (ConfUtils.java:logGet(46)) - raft.server.log.segment.cache.size.max = 200MB (=209715200) (default)
2024-04-29 10:07:45,346 [e3a225ff-43b2-4083-b986-b10dee5980c8-groupManagement] INFO  server.RaftServerConfigKeys (ConfUtils.java:logGet(46)) - raft.server.log.appender.buffer.byte-limit = 8388608 (custom)
2024-04-29 10:07:45,346 [e3a225ff-43b2-4083-b986-b10dee5980c8-groupManagement] INFO  util.AwaitToRun (AwaitToRun.java:start(81)) - Thread[e3a225ff-43b2-4083-b986-b10dee5980c8@group-F6811402C15E-cacheEviction-AwaitToRun,5,main] started
2024-04-29 10:07:45,346 [e3a225ff-43b2-4083-b986-b10dee5980c8-groupManagement] INFO  segmented.SegmentedRaftLogWorker (SegmentedRaftLogWorker.java:<init>(182)) - new e3a225ff-43b2-4083-b986-b10dee5980c8@group-F6811402C15E-SegmentedRaftLogWorker for RaftStorageImpl:Storage Directory /home/runner/work/ozone/ozone/hadoop-ozone/integration-test/target/test-dir/MiniOzoneClusterImpl-b29d8e3c-9ac1-4bd8-916d-9a49b4a73262/ozone-meta/datanode-5/ratis/8d4ea7f1-7849-49ab-90bc-f6811402c15e
2024-04-29 10:07:45,346 [e3a225ff-43b2-4083-b986-b10dee5980c8-groupManagement] INFO  server.RaftServerConfigKeys (ConfUtils.java:logGet(46)) - raft.server.log.queue.byte-limit = 4294967296 (custom)
2024-04-29 10:07:45,346 [e3a225ff-43b2-4083-b986-b10dee5980c8-groupManagement] INFO  server.RaftServerConfigKeys (ConfUtils.java:logGet(46)) - raft.server.log.queue.element-limit = 1024 (custom)
2024-04-29 10:07:45,346 [e3a225ff-43b2-4083-b986-b10dee5980c8-groupManagement] INFO  server.RaftServerConfigKeys (ConfUtils.java:logGet(46)) - raft.server.log.segment.size.max = 67108864 (custom)
2024-04-29 10:07:45,346 [e3a225ff-43b2-4083-b986-b10dee5980c8-groupManagement] INFO  server.RaftServerConfigKeys (ConfUtils.java:logGet(46)) - raft.server.log.preallocated.size = 4194304 (custom)
2024-04-29 10:07:45,347 [e3a225ff-43b2-4083-b986-b10dee5980c8-groupManagement] INFO  server.RaftServerConfigKeys (ConfUtils.java:logGet(46)) - raft.server.log.force.sync.num = 128 (default)
2024-04-29 10:07:45,347 [e3a225ff-43b2-4083-b986-b10dee5980c8-groupManagement] INFO  server.RaftServerConfigKeys (ConfUtils.java:logGet(46)) - raft.server.log.statemachine.data.sync = true (default)
2024-04-29 10:07:45,347 [e3a225ff-43b2-4083-b986-b10dee5980c8-groupManagement] INFO  server.RaftServerConfigKeys (ConfUtils.java:logGet(46)) - raft.server.log.statemachine.data.sync.timeout = 10s (default)
2024-04-29 10:07:45,347 [e3a225ff-43b2-4083-b986-b10dee5980c8-groupManagement] INFO  server.RaftServerConfigKeys (ConfUtils.java:logGet(46)) - raft.server.log.statemachine.data.sync.timeout.retry = 30 (custom)
2024-04-29 10:07:45,347 [e3a225ff-43b2-4083-b986-b10dee5980c8-groupManagement] INFO  server.RaftServerConfigKeys (ConfUtils.java:logGet(46)) - raft.server.log.write.buffer.size = 8388616 (custom)
2024-04-29 10:07:45,347 [EventQueue-PipelineReportForPipelineReportHandler] INFO  pipeline.PipelineReportHandler (PipelineReportHandler.java:processPipelineReport(136)) - Opened pipeline PipelineID=8d4ea7f1-7849-49ab-90bc-f6811402c15e
2024-04-29 10:07:45,347 [EventQueue-OpenPipelineForHealthyPipelineSafeModeRule] INFO  safemode.SCMSafeModeManager (HealthyPipelineSafeModeRule.java:process(140)) - SCM in safe mode. Healthy pipelines reported count is 0, required healthy pipeline reported count is 1
2024-04-29 10:07:45,348 [e3a225ff-43b2-4083-b986-b10dee5980c8-groupManagement] INFO  server.RaftServerConfigKeys (ConfUtils.java:logGet(46)) - raft.server.log.appender.buffer.byte-limit = 8388608 (custom)
2024-04-29 10:07:45,348 [e3a225ff-43b2-4083-b986-b10dee5980c8-groupManagement] INFO  server.RaftServerConfigKeys (ConfUtils.java:logGet(46)) - raft.server.log.unsafe-flush.enabled = false (default)
2024-04-29 10:07:45,348 [e3a225ff-43b2-4083-b986-b10dee5980c8-groupManagement] INFO  server.RaftServerConfigKeys (ConfUtils.java:logGet(46)) - raft.server.log.async-flush.enabled = false (default)
2024-04-29 10:07:45,348 [e3a225ff-43b2-4083-b986-b10dee5980c8-groupManagement] INFO  server.RaftServerConfigKeys (ConfUtils.java:logGet(46)) - raft.server.log.statemachine.data.caching.enabled = true (custom)
2024-04-29 10:07:45,348 [e3a225ff-43b2-4083-b986-b10dee5980c8-groupManagement] INFO  segmented.SegmentedRaftLogWorker (SegmentedRaftLogWorker.java:lambda$new$0(134)) - e3a225ff-43b2-4083-b986-b10dee5980c8@group-F6811402C15E-SegmentedRaftLogWorker: flushIndex: setUnconditionally 0 -> -1
2024-04-29 10:07:45,348 [e3a225ff-43b2-4083-b986-b10dee5980c8-groupManagement] INFO  segmented.SegmentedRaftLogWorker (SegmentedRaftLogWorker.java:lambda$new$0(134)) - e3a225ff-43b2-4083-b986-b10dee5980c8@group-F6811402C15E-SegmentedRaftLogWorker: safeCacheEvictIndex: setUnconditionally 0 -> -1
2024-04-29 10:07:45,348 [e3a225ff-43b2-4083-b986-b10dee5980c8-groupManagement] INFO  server.RaftServer$Division (RaftServerImpl.java:start(396)) - e3a225ff-43b2-4083-b986-b10dee5980c8@group-F6811402C15E: start as a follower, conf=-1: peers:[e3a225ff-43b2-4083-b986-b10dee5980c8|127.0.0.1:15584]|listeners:[], old=null
2024-04-29 10:07:45,348 [e3a225ff-43b2-4083-b986-b10dee5980c8-groupManagement] INFO  server.RaftServer$Division (RaftServerImpl.java:setRole(383)) - e3a225ff-43b2-4083-b986-b10dee5980c8@group-F6811402C15E: changes role from      null to FOLLOWER at term 0 for startAsFollower
2024-04-29 10:07:45,348 [e3a225ff-43b2-4083-b986-b10dee5980c8-groupManagement] INFO  impl.RoleInfo (RoleInfo.java:updateAndGet(139)) - e3a225ff-43b2-4083-b986-b10dee5980c8: start e3a225ff-43b2-4083-b986-b10dee5980c8@group-F6811402C15E-FollowerState
2024-04-29 10:07:45,349 [e3a225ff-43b2-4083-b986-b10dee5980c8@group-F6811402C15E-FollowerState] INFO  server.RaftServerConfigKeys (ConfUtils.java:logFallback(53)) - raft.server.rpc.first-election.timeout.min = 5s (fallback to raft.server.rpc.timeout.min)
2024-04-29 10:07:45,349 [e3a225ff-43b2-4083-b986-b10dee5980c8@group-F6811402C15E-FollowerState] INFO  server.RaftServerConfigKeys (ConfUtils.java:logFallback(53)) - raft.server.rpc.first-election.timeout.max = 5200ms (fallback to raft.server.rpc.timeout.max)
2024-04-29 10:07:45,349 [e3a225ff-43b2-4083-b986-b10dee5980c8-groupManagement] INFO  util.JmxRegister (JmxRegister.java:tryRegister(44)) - Successfully registered JMX Bean with object name Ratis:service=RaftServer,group=group-F6811402C15E,id=e3a225ff-43b2-4083-b986-b10dee5980c8
2024-04-29 10:07:45,349 [e3a225ff-43b2-4083-b986-b10dee5980c8-groupManagement] INFO  server.RaftServerConfigKeys (ConfUtils.java:logGet(46)) - raft.server.snapshot.trigger-when-stop.enabled = true (default)
2024-04-29 10:07:45,349 [e3a225ff-43b2-4083-b986-b10dee5980c8-groupManagement] INFO  server.RaftServerConfigKeys (ConfUtils.java:logGet(46)) - raft.server.snapshot.auto.trigger.enabled = true (custom)
2024-04-29 10:07:45,349 [e3a225ff-43b2-4083-b986-b10dee5980c8-groupManagement] INFO  server.RaftServerConfigKeys (ConfUtils.java:logGet(46)) - raft.server.snapshot.auto.trigger.threshold = 10000 (custom)
2024-04-29 10:07:45,349 [e3a225ff-43b2-4083-b986-b10dee5980c8-groupManagement] INFO  server.RaftServerConfigKeys (ConfUtils.java:logGet(46)) - raft.server.snapshot.retention.file.num = 5 (custom)
2024-04-29 10:07:45,349 [e3a225ff-43b2-4083-b986-b10dee5980c8-groupManagement] INFO  server.RaftServerConfigKeys (ConfUtils.java:logGet(46)) - raft.server.log.purge.upto.snapshot.index = false (default)
2024-04-29 10:07:45,349 [e3a225ff-43b2-4083-b986-b10dee5980c8-PipelineCommandHandlerThread-0] INFO  ratis.XceiverServerRatis (XceiverServerRatis.java:addGroup(864)) - Created group PipelineID=8d4ea7f1-7849-49ab-90bc-f6811402c15e
2024-04-29 10:07:45,349 [e3a225ff-43b2-4083-b986-b10dee5980c8-PipelineCommandHandlerThread-0] INFO  commandhandler.CreatePipelineCommandHandler (CreatePipelineCommandHandler.java:lambda$handle$2(124)) - Created Pipeline RATIS ONE PipelineID=8d4ea7f1-7849-49ab-90bc-f6811402c15e.
2024-04-29 10:07:45,385 [55a78779-2920-4695-be09-c247c8260b05-PipelineCommandHandlerThread-0] INFO  server.RaftServer (RaftServerProxy.java:addNew(100)) - 55a78779-2920-4695-be09-c247c8260b05: addNew group-0070392AD0AE:[55a78779-2920-4695-be09-c247c8260b05|127.0.0.1:15593] returns group-0070392AD0AE:java.util.concurrent.CompletableFuture@3a42491e[Not completed]
2024-04-29 10:07:45,385 [55a78779-2920-4695-be09-c247c8260b05-groupManagement] INFO  server.RaftServer$Division (RaftServerImpl.java:<init>(256)) - 55a78779-2920-4695-be09-c247c8260b05: new RaftServerImpl for group-0070392AD0AE:[55a78779-2920-4695-be09-c247c8260b05|127.0.0.1:15593] with ContainerStateMachine:uninitialized
2024-04-29 10:07:45,385 [55a78779-2920-4695-be09-c247c8260b05-groupManagement] INFO  server.RaftServerConfigKeys (ConfUtils.java:logGet(46)) - raft.server.rpc.timeout.min = 5s (custom)
2024-04-29 10:07:45,385 [55a78779-2920-4695-be09-c247c8260b05-groupManagement] INFO  server.RaftServerConfigKeys (ConfUtils.java:logGet(46)) - raft.server.rpc.timeout.max = 5200ms (custom)
2024-04-29 10:07:45,385 [55a78779-2920-4695-be09-c247c8260b05-groupManagement] INFO  server.RaftServerConfigKeys (ConfUtils.java:logGet(46)) - raft.server.rpc.sleep.time = 25ms (default)
2024-04-29 10:07:45,385 [55a78779-2920-4695-be09-c247c8260b05-groupManagement] INFO  server.RaftServerConfigKeys (ConfUtils.java:logGet(46)) - raft.server.rpc.slowness.timeout = 300000ms (custom)
2024-04-29 10:07:45,385 [55a78779-2920-4695-be09-c247c8260b05-groupManagement] INFO  server.RaftServerConfigKeys (ConfUtils.java:logGet(46)) - raft.server.leaderelection.leader.step-down.wait-time = 10s (default)
2024-04-29 10:07:45,385 [55a78779-2920-4695-be09-c247c8260b05-groupManagement] INFO  server.RaftServerConfigKeys (ConfUtils.java:logGet(46)) - raft.server.leaderelection.member.majority-add = false (default)
2024-04-29 10:07:45,385 [55a78779-2920-4695-be09-c247c8260b05-groupManagement] INFO  server.RaftServerConfigKeys (ConfUtils.java:logGet(46)) - raft.server.sleep.deviation.threshold = 300ms (default)
2024-04-29 10:07:45,385 [55a78779-2920-4695-be09-c247c8260b05-groupManagement] INFO  server.RaftServer$Division (ServerState.java:<init>(113)) - 55a78779-2920-4695-be09-c247c8260b05@group-0070392AD0AE: ConfigurationManager, init=-1: peers:[55a78779-2920-4695-be09-c247c8260b05|127.0.0.1:15593]|listeners:[], old=null, confs=<EMPTY_MAP>
2024-04-29 10:07:45,385 [55a78779-2920-4695-be09-c247c8260b05-groupManagement] INFO  server.RaftServerConfigKeys (ConfUtils.java:logGet(46)) - raft.server.notification.no-leader.timeout = 300000ms (custom)
2024-04-29 10:07:45,385 [55a78779-2920-4695-be09-c247c8260b05-groupManagement] INFO  server.RaftServerConfigKeys (ConfUtils.java:logGet(46)) - raft.server.read.timeout = 10s (default)
2024-04-29 10:07:45,385 [55a78779-2920-4695-be09-c247c8260b05-groupManagement] INFO  server.RaftServerConfigKeys (ConfUtils.java:logGet(46)) - raft.server.retrycache.expirytime = 600000ms (custom)
2024-04-29 10:07:45,386 [55a78779-2920-4695-be09-c247c8260b05-groupManagement] INFO  server.RaftServerConfigKeys (ConfUtils.java:logGet(46)) - raft.server.retrycache.statistics.expirytime = 100ms (default)
2024-04-29 10:07:45,386 [55a78779-2920-4695-be09-c247c8260b05-groupManagement] INFO  server.RaftServerConfigKeys (ConfUtils.java:logGet(46)) - raft.server.read.option = DEFAULT (default)
2024-04-29 10:07:45,386 [55a78779-2920-4695-be09-c247c8260b05-groupManagement] INFO  server.RaftServerConfigKeys (ConfUtils.java:logGet(46)) - raft.server.read.read-after-write-consistent.write-index-cache.expiry-time = 60s (default)
2024-04-29 10:07:45,387 [55a78779-2920-4695-be09-c247c8260b05-groupManagement] INFO  server.RaftServerConfigKeys (ConfUtils.java:logGet(46)) - raft.server.rpc.request.timeout = 3000ms (default)
2024-04-29 10:07:45,387 [55a78779-2920-4695-be09-c247c8260b05-groupManagement] INFO  server.RaftServerConfigKeys (ConfUtils.java:logGet(46)) - raft.server.log.appender.install.snapshot.enabled = false (custom)
2024-04-29 10:07:45,387 [55a78779-2920-4695-be09-c247c8260b05-groupManagement] INFO  server.RaftServerConfigKeys (ConfUtils.java:logGet(46)) - raft.server.threadpool.server.cached = true (default)
2024-04-29 10:07:45,387 [55a78779-2920-4695-be09-c247c8260b05-groupManagement] INFO  server.RaftServerConfigKeys (ConfUtils.java:logGet(46)) - raft.server.threadpool.server.size = 0 (default)
2024-04-29 10:07:45,387 [55a78779-2920-4695-be09-c247c8260b05-groupManagement] INFO  server.RaftServerConfigKeys (ConfUtils.java:logGet(46)) - raft.server.threadpool.client.cached = true (default)
2024-04-29 10:07:45,387 [55a78779-2920-4695-be09-c247c8260b05-groupManagement] INFO  server.RaftServerConfigKeys (ConfUtils.java:logGet(46)) - raft.server.threadpool.client.size = 0 (default)
2024-04-29 10:07:45,387 [55a78779-2920-4695-be09-c247c8260b05-groupManagement] INFO  server.RaftServerConfigKeys (ConfUtils.java:logGet(46)) - raft.server.storage.free-space.min = 0MB (=0) (default)
2024-04-29 10:07:45,387 [55a78779-2920-4695-be09-c247c8260b05-groupManagement] INFO  server.RaftServerConfigKeys (ConfUtils.java:logGet(46)) - raft.server.log.corruption.policy = EXCEPTION (default)
2024-04-29 10:07:45,387 [55a78779-2920-4695-be09-c247c8260b05-groupManagement] INFO  server.RaftServerConfigKeys (ConfUtils.java:logGet(46)) - raft.server.storage.dir = [/home/runner/work/ozone/ozone/hadoop-ozone/integration-test/target/test-dir/MiniOzoneClusterImpl-b29d8e3c-9ac1-4bd8-916d-9a49b4a73262/ozone-meta/datanode-6/ratis] (custom)
2024-04-29 10:07:45,387 [55a78779-2920-4695-be09-c247c8260b05-groupManagement] INFO  storage.RaftStorageDirectory (RaftStorageDirectoryImpl.java:analyzeStorage(138)) - The storage directory /home/runner/work/ozone/ozone/hadoop-ozone/integration-test/target/test-dir/MiniOzoneClusterImpl-b29d8e3c-9ac1-4bd8-916d-9a49b4a73262/ozone-meta/datanode-6/ratis/f22884d0-df39-4def-95d3-0070392ad0ae does not exist. Creating ...
2024-04-29 10:07:45,388 [55a78779-2920-4695-be09-c247c8260b05-groupManagement] INFO  storage.RaftStorageDirectory (RaftStorageDirectoryImpl.java:tryLock(228)) - Lock on /home/runner/work/ozone/ozone/hadoop-ozone/integration-test/target/test-dir/MiniOzoneClusterImpl-b29d8e3c-9ac1-4bd8-916d-9a49b4a73262/ozone-meta/datanode-6/ratis/f22884d0-df39-4def-95d3-0070392ad0ae/in_use.lock acquired by nodename 20825@fv-az913-54
2024-04-29 10:07:45,389 [55a78779-2920-4695-be09-c247c8260b05-groupManagement] INFO  storage.RaftStorage (RaftStorageImpl.java:format(99)) - Storage directory /home/runner/work/ozone/ozone/hadoop-ozone/integration-test/target/test-dir/MiniOzoneClusterImpl-b29d8e3c-9ac1-4bd8-916d-9a49b4a73262/ozone-meta/datanode-6/ratis/f22884d0-df39-4def-95d3-0070392ad0ae has been successfully formatted.
2024-04-29 10:07:45,389 [55a78779-2920-4695-be09-c247c8260b05-groupManagement] WARN  util.FileUtils (LogUtils.java:supplyAndLog(63)) - Failed to Files.newInputStream /home/runner/work/ozone/ozone/hadoop-ozone/integration-test/target/test-dir/MiniOzoneClusterImpl-b29d8e3c-9ac1-4bd8-916d-9a49b4a73262/ozone-meta/datanode-6/ratis/f22884d0-df39-4def-95d3-0070392ad0ae/current/raft-meta.conf with options []: java.nio.file.NoSuchFileException: /home/runner/work/ozone/ozone/hadoop-ozone/integration-test/target/test-dir/MiniOzoneClusterImpl-b29d8e3c-9ac1-4bd8-916d-9a49b4a73262/ozone-meta/datanode-6/ratis/f22884d0-df39-4def-95d3-0070392ad0ae/current/raft-meta.conf
2024-04-29 10:07:45,390 [55a78779-2920-4695-be09-c247c8260b05-groupManagement] INFO  ratis.ContainerStateMachine (ContainerStateMachine.java:loadSnapshot(287)) - group-0070392AD0AE: The snapshot info is null. Setting the last applied index to:(t:0, i:~)
2024-04-29 10:07:45,390 [55a78779-2920-4695-be09-c247c8260b05-groupManagement] INFO  server.RaftServerConfigKeys (ConfUtils.java:logGet(46)) - raft.server.log.use.memory = false (default)
2024-04-29 10:07:45,390 [55a78779-2920-4695-be09-c247c8260b05-groupManagement] INFO  server.RaftServerConfigKeys (ConfUtils.java:logGet(46)) - raft.server.log.purge.gap = 1000000 (custom)
2024-04-29 10:07:45,390 [55a78779-2920-4695-be09-c247c8260b05-groupManagement] INFO  server.RaftServerConfigKeys (ConfUtils.java:logGet(46)) - raft.server.log.appender.buffer.byte-limit = 8388608 (custom)
2024-04-29 10:07:45,390 [55a78779-2920-4695-be09-c247c8260b05-groupManagement] INFO  server.RaftServerConfigKeys (ConfUtils.java:logGet(46)) - raft.server.log.statemachine.data.read.timeout = 1000ms (default)
2024-04-29 10:07:45,390 [55a78779-2920-4695-be09-c247c8260b05-groupManagement] INFO  server.RaftServerConfigKeys (ConfUtils.java:logGet(46)) - raft.server.log.purge.preservation.log.num = 0 (default)
2024-04-29 10:07:45,391 [EventQueue-PipelineReportForPipelineReportHandler] INFO  pipeline.PipelineReportHandler (PipelineReportHandler.java:processPipelineReport(136)) - Opened pipeline PipelineID=f22884d0-df39-4def-95d3-0070392ad0ae
2024-04-29 10:07:45,391 [55a78779-2920-4695-be09-c247c8260b05-groupManagement] INFO  server.RaftServerConfigKeys (ConfUtils.java:logGet(46)) - raft.server.log.segment.size.max = 67108864 (custom)
2024-04-29 10:07:45,391 [55a78779-2920-4695-be09-c247c8260b05-groupManagement] INFO  server.RaftServerConfigKeys (ConfUtils.java:logGet(46)) - raft.server.log.segment.cache.num.max = 2 (custom)
2024-04-29 10:07:45,391 [55a78779-2920-4695-be09-c247c8260b05-groupManagement] INFO  server.RaftServerConfigKeys (ConfUtils.java:logGet(46)) - raft.server.log.segment.cache.size.max = 200MB (=209715200) (default)
2024-04-29 10:07:45,391 [55a78779-2920-4695-be09-c247c8260b05-groupManagement] INFO  server.RaftServerConfigKeys (ConfUtils.java:logGet(46)) - raft.server.log.appender.buffer.byte-limit = 8388608 (custom)
2024-04-29 10:07:45,391 [55a78779-2920-4695-be09-c247c8260b05-groupManagement] INFO  util.AwaitToRun (AwaitToRun.java:start(81)) - Thread[55a78779-2920-4695-be09-c247c8260b05@group-0070392AD0AE-cacheEviction-AwaitToRun,5,main] started
2024-04-29 10:07:45,391 [55a78779-2920-4695-be09-c247c8260b05-groupManagement] INFO  segmented.SegmentedRaftLogWorker (SegmentedRaftLogWorker.java:<init>(182)) - new 55a78779-2920-4695-be09-c247c8260b05@group-0070392AD0AE-SegmentedRaftLogWorker for RaftStorageImpl:Storage Directory /home/runner/work/ozone/ozone/hadoop-ozone/integration-test/target/test-dir/MiniOzoneClusterImpl-b29d8e3c-9ac1-4bd8-916d-9a49b4a73262/ozone-meta/datanode-6/ratis/f22884d0-df39-4def-95d3-0070392ad0ae
2024-04-29 10:07:45,391 [55a78779-2920-4695-be09-c247c8260b05-groupManagement] INFO  server.RaftServerConfigKeys (ConfUtils.java:logGet(46)) - raft.server.log.queue.byte-limit = 4294967296 (custom)
2024-04-29 10:07:45,392 [55a78779-2920-4695-be09-c247c8260b05-groupManagement] INFO  server.RaftServerConfigKeys (ConfUtils.java:logGet(46)) - raft.server.log.queue.element-limit = 1024 (custom)
2024-04-29 10:07:45,392 [55a78779-2920-4695-be09-c247c8260b05-groupManagement] INFO  server.RaftServerConfigKeys (ConfUtils.java:logGet(46)) - raft.server.log.segment.size.max = 67108864 (custom)
2024-04-29 10:07:45,392 [55a78779-2920-4695-be09-c247c8260b05-groupManagement] INFO  server.RaftServerConfigKeys (ConfUtils.java:logGet(46)) - raft.server.log.preallocated.size = 4194304 (custom)
2024-04-29 10:07:45,392 [55a78779-2920-4695-be09-c247c8260b05-groupManagement] INFO  server.RaftServerConfigKeys (ConfUtils.java:logGet(46)) - raft.server.log.force.sync.num = 128 (default)
2024-04-29 10:07:45,392 [55a78779-2920-4695-be09-c247c8260b05-groupManagement] INFO  server.RaftServerConfigKeys (ConfUtils.java:logGet(46)) - raft.server.log.statemachine.data.sync = true (default)
2024-04-29 10:07:45,392 [55a78779-2920-4695-be09-c247c8260b05-groupManagement] INFO  server.RaftServerConfigKeys (ConfUtils.java:logGet(46)) - raft.server.log.statemachine.data.sync.timeout = 10s (default)
2024-04-29 10:07:45,392 [55a78779-2920-4695-be09-c247c8260b05-groupManagement] INFO  server.RaftServerConfigKeys (ConfUtils.java:logGet(46)) - raft.server.log.statemachine.data.sync.timeout.retry = 30 (custom)
2024-04-29 10:07:45,392 [55a78779-2920-4695-be09-c247c8260b05-groupManagement] INFO  server.RaftServerConfigKeys (ConfUtils.java:logGet(46)) - raft.server.log.write.buffer.size = 8388616 (custom)
2024-04-29 10:07:45,393 [55a78779-2920-4695-be09-c247c8260b05-groupManagement] INFO  server.RaftServerConfigKeys (ConfUtils.java:logGet(46)) - raft.server.log.appender.buffer.byte-limit = 8388608 (custom)
2024-04-29 10:07:45,393 [55a78779-2920-4695-be09-c247c8260b05-groupManagement] INFO  server.RaftServerConfigKeys (ConfUtils.java:logGet(46)) - raft.server.log.unsafe-flush.enabled = false (default)
2024-04-29 10:07:45,393 [55a78779-2920-4695-be09-c247c8260b05-groupManagement] INFO  server.RaftServerConfigKeys (ConfUtils.java:logGet(46)) - raft.server.log.async-flush.enabled = false (default)
2024-04-29 10:07:45,393 [55a78779-2920-4695-be09-c247c8260b05-groupManagement] INFO  server.RaftServerConfigKeys (ConfUtils.java:logGet(46)) - raft.server.log.statemachine.data.caching.enabled = true (custom)
2024-04-29 10:07:45,393 [55a78779-2920-4695-be09-c247c8260b05-groupManagement] INFO  segmented.SegmentedRaftLogWorker (SegmentedRaftLogWorker.java:lambda$new$0(134)) - 55a78779-2920-4695-be09-c247c8260b05@group-0070392AD0AE-SegmentedRaftLogWorker: flushIndex: setUnconditionally 0 -> -1
2024-04-29 10:07:45,393 [55a78779-2920-4695-be09-c247c8260b05-groupManagement] INFO  segmented.SegmentedRaftLogWorker (SegmentedRaftLogWorker.java:lambda$new$0(134)) - 55a78779-2920-4695-be09-c247c8260b05@group-0070392AD0AE-SegmentedRaftLogWorker: safeCacheEvictIndex: setUnconditionally 0 -> -1
2024-04-29 10:07:45,393 [55a78779-2920-4695-be09-c247c8260b05-groupManagement] INFO  server.RaftServer$Division (RaftServerImpl.java:start(396)) - 55a78779-2920-4695-be09-c247c8260b05@group-0070392AD0AE: start as a follower, conf=-1: peers:[55a78779-2920-4695-be09-c247c8260b05|127.0.0.1:15593]|listeners:[], old=null
2024-04-29 10:07:45,394 [55a78779-2920-4695-be09-c247c8260b05-groupManagement] INFO  server.RaftServer$Division (RaftServerImpl.java:setRole(383)) - 55a78779-2920-4695-be09-c247c8260b05@group-0070392AD0AE: changes role from      null to FOLLOWER at term 0 for startAsFollower
2024-04-29 10:07:45,394 [55a78779-2920-4695-be09-c247c8260b05-groupManagement] INFO  impl.RoleInfo (RoleInfo.java:updateAndGet(139)) - 55a78779-2920-4695-be09-c247c8260b05: start 55a78779-2920-4695-be09-c247c8260b05@group-0070392AD0AE-FollowerState
2024-04-29 10:07:45,394 [55a78779-2920-4695-be09-c247c8260b05-groupManagement] INFO  util.JmxRegister (JmxRegister.java:tryRegister(44)) - Successfully registered JMX Bean with object name Ratis:service=RaftServer,group=group-0070392AD0AE,id=55a78779-2920-4695-be09-c247c8260b05
2024-04-29 10:07:45,394 [55a78779-2920-4695-be09-c247c8260b05-groupManagement] INFO  server.RaftServerConfigKeys (ConfUtils.java:logGet(46)) - raft.server.snapshot.trigger-when-stop.enabled = true (default)
2024-04-29 10:07:45,394 [55a78779-2920-4695-be09-c247c8260b05-groupManagement] INFO  server.RaftServerConfigKeys (ConfUtils.java:logGet(46)) - raft.server.snapshot.auto.trigger.enabled = true (custom)
2024-04-29 10:07:45,394 [55a78779-2920-4695-be09-c247c8260b05@group-0070392AD0AE-FollowerState] INFO  server.RaftServerConfigKeys (ConfUtils.java:logFallback(53)) - raft.server.rpc.first-election.timeout.min = 5s (fallback to raft.server.rpc.timeout.min)
2024-04-29 10:07:45,394 [55a78779-2920-4695-be09-c247c8260b05@group-0070392AD0AE-FollowerState] INFO  server.RaftServerConfigKeys (ConfUtils.java:logFallback(53)) - raft.server.rpc.first-election.timeout.max = 5200ms (fallback to raft.server.rpc.timeout.max)
2024-04-29 10:07:45,394 [55a78779-2920-4695-be09-c247c8260b05-groupManagement] INFO  server.RaftServerConfigKeys (ConfUtils.java:logGet(46)) - raft.server.snapshot.auto.trigger.threshold = 10000 (custom)
2024-04-29 10:07:45,394 [55a78779-2920-4695-be09-c247c8260b05-groupManagement] INFO  server.RaftServerConfigKeys (ConfUtils.java:logGet(46)) - raft.server.snapshot.retention.file.num = 5 (custom)
2024-04-29 10:07:45,394 [55a78779-2920-4695-be09-c247c8260b05-groupManagement] INFO  server.RaftServerConfigKeys (ConfUtils.java:logGet(46)) - raft.server.log.purge.upto.snapshot.index = false (default)
2024-04-29 10:07:45,395 [55a78779-2920-4695-be09-c247c8260b05-PipelineCommandHandlerThread-0] INFO  ratis.XceiverServerRatis (XceiverServerRatis.java:addGroup(864)) - Created group PipelineID=f22884d0-df39-4def-95d3-0070392ad0ae
2024-04-29 10:07:45,395 [55a78779-2920-4695-be09-c247c8260b05-PipelineCommandHandlerThread-0] INFO  commandhandler.CreatePipelineCommandHandler (CreatePipelineCommandHandler.java:lambda$handle$2(124)) - Created Pipeline RATIS ONE PipelineID=f22884d0-df39-4def-95d3-0070392ad0ae.
2024-04-29 10:07:45,396 [EventQueue-OpenPipelineForHealthyPipelineSafeModeRule] INFO  safemode.SCMSafeModeManager (HealthyPipelineSafeModeRule.java:process(140)) - SCM in safe mode. Healthy pipelines reported count is 0, required healthy pipeline reported count is 1
2024-04-29 10:07:45,450 [d62b1b2a-c9ad-4d76-9b36-24bd1a5a2aa1-PipelineCommandHandlerThread-0] INFO  server.RaftServer (RaftServerProxy.java:addNew(100)) - d62b1b2a-c9ad-4d76-9b36-24bd1a5a2aa1: addNew group-30EDBEF5BFC7:[d62b1b2a-c9ad-4d76-9b36-24bd1a5a2aa1|127.0.0.1:15602] returns group-30EDBEF5BFC7:java.util.concurrent.CompletableFuture@66a93835[Not completed]
2024-04-29 10:07:45,450 [d62b1b2a-c9ad-4d76-9b36-24bd1a5a2aa1-groupManagement] INFO  server.RaftServer$Division (RaftServerImpl.java:<init>(256)) - d62b1b2a-c9ad-4d76-9b36-24bd1a5a2aa1: new RaftServerImpl for group-30EDBEF5BFC7:[d62b1b2a-c9ad-4d76-9b36-24bd1a5a2aa1|127.0.0.1:15602] with ContainerStateMachine:uninitialized
2024-04-29 10:07:45,451 [d62b1b2a-c9ad-4d76-9b36-24bd1a5a2aa1-groupManagement] INFO  server.RaftServerConfigKeys (ConfUtils.java:logGet(46)) - raft.server.rpc.timeout.min = 5s (custom)
2024-04-29 10:07:45,451 [d62b1b2a-c9ad-4d76-9b36-24bd1a5a2aa1-groupManagement] INFO  server.RaftServerConfigKeys (ConfUtils.java:logGet(46)) - raft.server.rpc.timeout.max = 5200ms (custom)
2024-04-29 10:07:45,451 [d62b1b2a-c9ad-4d76-9b36-24bd1a5a2aa1-groupManagement] INFO  server.RaftServerConfigKeys (ConfUtils.java:logGet(46)) - raft.server.rpc.sleep.time = 25ms (default)
2024-04-29 10:07:45,451 [d62b1b2a-c9ad-4d76-9b36-24bd1a5a2aa1-groupManagement] INFO  server.RaftServerConfigKeys (ConfUtils.java:logGet(46)) - raft.server.rpc.slowness.timeout = 300000ms (custom)
2024-04-29 10:07:45,451 [d62b1b2a-c9ad-4d76-9b36-24bd1a5a2aa1-groupManagement] INFO  server.RaftServerConfigKeys (ConfUtils.java:logGet(46)) - raft.server.leaderelection.leader.step-down.wait-time = 10s (default)
2024-04-29 10:07:45,451 [d62b1b2a-c9ad-4d76-9b36-24bd1a5a2aa1-groupManagement] INFO  server.RaftServerConfigKeys (ConfUtils.java:logGet(46)) - raft.server.leaderelection.member.majority-add = false (default)
2024-04-29 10:07:45,451 [d62b1b2a-c9ad-4d76-9b36-24bd1a5a2aa1-groupManagement] INFO  server.RaftServerConfigKeys (ConfUtils.java:logGet(46)) - raft.server.sleep.deviation.threshold = 300ms (default)
2024-04-29 10:07:45,451 [d62b1b2a-c9ad-4d76-9b36-24bd1a5a2aa1-groupManagement] INFO  server.RaftServer$Division (ServerState.java:<init>(113)) - d62b1b2a-c9ad-4d76-9b36-24bd1a5a2aa1@group-30EDBEF5BFC7: ConfigurationManager, init=-1: peers:[d62b1b2a-c9ad-4d76-9b36-24bd1a5a2aa1|127.0.0.1:15602]|listeners:[], old=null, confs=<EMPTY_MAP>
2024-04-29 10:07:45,451 [d62b1b2a-c9ad-4d76-9b36-24bd1a5a2aa1-groupManagement] INFO  server.RaftServerConfigKeys (ConfUtils.java:logGet(46)) - raft.server.notification.no-leader.timeout = 300000ms (custom)
2024-04-29 10:07:45,451 [d62b1b2a-c9ad-4d76-9b36-24bd1a5a2aa1-groupManagement] INFO  server.RaftServerConfigKeys (ConfUtils.java:logGet(46)) - raft.server.read.timeout = 10s (default)
2024-04-29 10:07:45,451 [d62b1b2a-c9ad-4d76-9b36-24bd1a5a2aa1-groupManagement] INFO  server.RaftServerConfigKeys (ConfUtils.java:logGet(46)) - raft.server.retrycache.expirytime = 600000ms (custom)
2024-04-29 10:07:45,451 [d62b1b2a-c9ad-4d76-9b36-24bd1a5a2aa1-groupManagement] INFO  server.RaftServerConfigKeys (ConfUtils.java:logGet(46)) - raft.server.retrycache.statistics.expirytime = 100ms (default)
2024-04-29 10:07:45,451 [d62b1b2a-c9ad-4d76-9b36-24bd1a5a2aa1-groupManagement] INFO  server.RaftServerConfigKeys (ConfUtils.java:logGet(46)) - raft.server.read.option = DEFAULT (default)
2024-04-29 10:07:45,451 [d62b1b2a-c9ad-4d76-9b36-24bd1a5a2aa1-groupManagement] INFO  server.RaftServerConfigKeys (ConfUtils.java:logGet(46)) - raft.server.read.read-after-write-consistent.write-index-cache.expiry-time = 60s (default)
2024-04-29 10:07:45,453 [d62b1b2a-c9ad-4d76-9b36-24bd1a5a2aa1-groupManagement] INFO  server.RaftServerConfigKeys (ConfUtils.java:logGet(46)) - raft.server.rpc.request.timeout = 3000ms (default)
2024-04-29 10:07:45,453 [d62b1b2a-c9ad-4d76-9b36-24bd1a5a2aa1-groupManagement] INFO  server.RaftServerConfigKeys (ConfUtils.java:logGet(46)) - raft.server.log.appender.install.snapshot.enabled = false (custom)
2024-04-29 10:07:45,453 [d62b1b2a-c9ad-4d76-9b36-24bd1a5a2aa1-groupManagement] INFO  server.RaftServerConfigKeys (ConfUtils.java:logGet(46)) - raft.server.threadpool.server.cached = true (default)
2024-04-29 10:07:45,453 [d62b1b2a-c9ad-4d76-9b36-24bd1a5a2aa1-groupManagement] INFO  server.RaftServerConfigKeys (ConfUtils.java:logGet(46)) - raft.server.threadpool.server.size = 0 (default)
2024-04-29 10:07:45,453 [d62b1b2a-c9ad-4d76-9b36-24bd1a5a2aa1-groupManagement] INFO  server.RaftServerConfigKeys (ConfUtils.java:logGet(46)) - raft.server.threadpool.client.cached = true (default)
2024-04-29 10:07:45,453 [d62b1b2a-c9ad-4d76-9b36-24bd1a5a2aa1-groupManagement] INFO  server.RaftServerConfigKeys (ConfUtils.java:logGet(46)) - raft.server.threadpool.client.size = 0 (default)
2024-04-29 10:07:45,453 [d62b1b2a-c9ad-4d76-9b36-24bd1a5a2aa1-groupManagement] INFO  server.RaftServerConfigKeys (ConfUtils.java:logGet(46)) - raft.server.storage.free-space.min = 0MB (=0) (default)
2024-04-29 10:07:45,453 [d62b1b2a-c9ad-4d76-9b36-24bd1a5a2aa1-groupManagement] INFO  server.RaftServerConfigKeys (ConfUtils.java:logGet(46)) - raft.server.log.corruption.policy = EXCEPTION (default)
2024-04-29 10:07:45,453 [d62b1b2a-c9ad-4d76-9b36-24bd1a5a2aa1-groupManagement] INFO  server.RaftServerConfigKeys (ConfUtils.java:logGet(46)) - raft.server.storage.dir = [/home/runner/work/ozone/ozone/hadoop-ozone/integration-test/target/test-dir/MiniOzoneClusterImpl-b29d8e3c-9ac1-4bd8-916d-9a49b4a73262/ozone-meta/datanode-7/ratis] (custom)
2024-04-29 10:07:45,453 [d62b1b2a-c9ad-4d76-9b36-24bd1a5a2aa1-groupManagement] INFO  storage.RaftStorageDirectory (RaftStorageDirectoryImpl.java:analyzeStorage(138)) - The storage directory /home/runner/work/ozone/ozone/hadoop-ozone/integration-test/target/test-dir/MiniOzoneClusterImpl-b29d8e3c-9ac1-4bd8-916d-9a49b4a73262/ozone-meta/datanode-7/ratis/e70adea4-fec5-469b-8e6c-30edbef5bfc7 does not exist. Creating ...
2024-04-29 10:07:45,454 [d62b1b2a-c9ad-4d76-9b36-24bd1a5a2aa1-groupManagement] INFO  storage.RaftStorageDirectory (RaftStorageDirectoryImpl.java:tryLock(228)) - Lock on /home/runner/work/ozone/ozone/hadoop-ozone/integration-test/target/test-dir/MiniOzoneClusterImpl-b29d8e3c-9ac1-4bd8-916d-9a49b4a73262/ozone-meta/datanode-7/ratis/e70adea4-fec5-469b-8e6c-30edbef5bfc7/in_use.lock acquired by nodename 20825@fv-az913-54
2024-04-29 10:07:45,455 [d62b1b2a-c9ad-4d76-9b36-24bd1a5a2aa1-groupManagement] INFO  storage.RaftStorage (RaftStorageImpl.java:format(99)) - Storage directory /home/runner/work/ozone/ozone/hadoop-ozone/integration-test/target/test-dir/MiniOzoneClusterImpl-b29d8e3c-9ac1-4bd8-916d-9a49b4a73262/ozone-meta/datanode-7/ratis/e70adea4-fec5-469b-8e6c-30edbef5bfc7 has been successfully formatted.
2024-04-29 10:07:45,455 [d62b1b2a-c9ad-4d76-9b36-24bd1a5a2aa1-groupManagement] WARN  util.FileUtils (LogUtils.java:supplyAndLog(63)) - Failed to Files.newInputStream /home/runner/work/ozone/ozone/hadoop-ozone/integration-test/target/test-dir/MiniOzoneClusterImpl-b29d8e3c-9ac1-4bd8-916d-9a49b4a73262/ozone-meta/datanode-7/ratis/e70adea4-fec5-469b-8e6c-30edbef5bfc7/current/raft-meta.conf with options []: java.nio.file.NoSuchFileException: /home/runner/work/ozone/ozone/hadoop-ozone/integration-test/target/test-dir/MiniOzoneClusterImpl-b29d8e3c-9ac1-4bd8-916d-9a49b4a73262/ozone-meta/datanode-7/ratis/e70adea4-fec5-469b-8e6c-30edbef5bfc7/current/raft-meta.conf
2024-04-29 10:07:45,456 [d62b1b2a-c9ad-4d76-9b36-24bd1a5a2aa1-groupManagement] INFO  ratis.ContainerStateMachine (ContainerStateMachine.java:loadSnapshot(287)) - group-30EDBEF5BFC7: The snapshot info is null. Setting the last applied index to:(t:0, i:~)
2024-04-29 10:07:45,456 [d62b1b2a-c9ad-4d76-9b36-24bd1a5a2aa1-groupManagement] INFO  server.RaftServerConfigKeys (ConfUtils.java:logGet(46)) - raft.server.log.use.memory = false (default)
2024-04-29 10:07:45,456 [d62b1b2a-c9ad-4d76-9b36-24bd1a5a2aa1-groupManagement] INFO  server.RaftServerConfigKeys (ConfUtils.java:logGet(46)) - raft.server.log.purge.gap = 1000000 (custom)
2024-04-29 10:07:45,456 [d62b1b2a-c9ad-4d76-9b36-24bd1a5a2aa1-groupManagement] INFO  server.RaftServerConfigKeys (ConfUtils.java:logGet(46)) - raft.server.log.appender.buffer.byte-limit = 8388608 (custom)
2024-04-29 10:07:45,456 [d62b1b2a-c9ad-4d76-9b36-24bd1a5a2aa1-groupManagement] INFO  server.RaftServerConfigKeys (ConfUtils.java:logGet(46)) - raft.server.log.statemachine.data.read.timeout = 1000ms (default)
2024-04-29 10:07:45,456 [d62b1b2a-c9ad-4d76-9b36-24bd1a5a2aa1-groupManagement] INFO  server.RaftServerConfigKeys (ConfUtils.java:logGet(46)) - raft.server.log.purge.preservation.log.num = 0 (default)
2024-04-29 10:07:45,457 [d62b1b2a-c9ad-4d76-9b36-24bd1a5a2aa1-groupManagement] INFO  server.RaftServerConfigKeys (ConfUtils.java:logGet(46)) - raft.server.log.segment.size.max = 67108864 (custom)
2024-04-29 10:07:45,458 [EventQueue-PipelineReportForPipelineReportHandler] INFO  pipeline.PipelineReportHandler (PipelineReportHandler.java:processPipelineReport(136)) - Opened pipeline PipelineID=e70adea4-fec5-469b-8e6c-30edbef5bfc7
2024-04-29 10:07:45,458 [EventQueue-OpenPipelineForHealthyPipelineSafeModeRule] INFO  safemode.SCMSafeModeManager (HealthyPipelineSafeModeRule.java:process(140)) - SCM in safe mode. Healthy pipelines reported count is 0, required healthy pipeline reported count is 1
2024-04-29 10:07:45,458 [d62b1b2a-c9ad-4d76-9b36-24bd1a5a2aa1-groupManagement] INFO  server.RaftServerConfigKeys (ConfUtils.java:logGet(46)) - raft.server.log.segment.cache.num.max = 2 (custom)
2024-04-29 10:07:45,458 [d62b1b2a-c9ad-4d76-9b36-24bd1a5a2aa1-groupManagement] INFO  server.RaftServerConfigKeys (ConfUtils.java:logGet(46)) - raft.server.log.segment.cache.size.max = 200MB (=209715200) (default)
2024-04-29 10:07:45,458 [d62b1b2a-c9ad-4d76-9b36-24bd1a5a2aa1-groupManagement] INFO  server.RaftServerConfigKeys (ConfUtils.java:logGet(46)) - raft.server.log.appender.buffer.byte-limit = 8388608 (custom)
2024-04-29 10:07:45,459 [d62b1b2a-c9ad-4d76-9b36-24bd1a5a2aa1-groupManagement] INFO  util.AwaitToRun (AwaitToRun.java:start(81)) - Thread[d62b1b2a-c9ad-4d76-9b36-24bd1a5a2aa1@group-30EDBEF5BFC7-cacheEviction-AwaitToRun,5,main] started
2024-04-29 10:07:45,459 [d62b1b2a-c9ad-4d76-9b36-24bd1a5a2aa1-groupManagement] INFO  segmented.SegmentedRaftLogWorker (SegmentedRaftLogWorker.java:<init>(182)) - new d62b1b2a-c9ad-4d76-9b36-24bd1a5a2aa1@group-30EDBEF5BFC7-SegmentedRaftLogWorker for RaftStorageImpl:Storage Directory /home/runner/work/ozone/ozone/hadoop-ozone/integration-test/target/test-dir/MiniOzoneClusterImpl-b29d8e3c-9ac1-4bd8-916d-9a49b4a73262/ozone-meta/datanode-7/ratis/e70adea4-fec5-469b-8e6c-30edbef5bfc7
2024-04-29 10:07:45,459 [d62b1b2a-c9ad-4d76-9b36-24bd1a5a2aa1-groupManagement] INFO  server.RaftServerConfigKeys (ConfUtils.java:logGet(46)) - raft.server.log.queue.byte-limit = 4294967296 (custom)
2024-04-29 10:07:45,459 [d62b1b2a-c9ad-4d76-9b36-24bd1a5a2aa1-groupManagement] INFO  server.RaftServerConfigKeys (ConfUtils.java:logGet(46)) - raft.server.log.queue.element-limit = 1024 (custom)
2024-04-29 10:07:45,459 [d62b1b2a-c9ad-4d76-9b36-24bd1a5a2aa1-groupManagement] INFO  server.RaftServerConfigKeys (ConfUtils.java:logGet(46)) - raft.server.log.segment.size.max = 67108864 (custom)
2024-04-29 10:07:45,459 [d62b1b2a-c9ad-4d76-9b36-24bd1a5a2aa1-groupManagement] INFO  server.RaftServerConfigKeys (ConfUtils.java:logGet(46)) - raft.server.log.preallocated.size = 4194304 (custom)
2024-04-29 10:07:45,459 [d62b1b2a-c9ad-4d76-9b36-24bd1a5a2aa1-groupManagement] INFO  server.RaftServerConfigKeys (ConfUtils.java:logGet(46)) - raft.server.log.force.sync.num = 128 (default)
2024-04-29 10:07:45,459 [d62b1b2a-c9ad-4d76-9b36-24bd1a5a2aa1-groupManagement] INFO  server.RaftServerConfigKeys (ConfUtils.java:logGet(46)) - raft.server.log.statemachine.data.sync = true (default)
2024-04-29 10:07:45,459 [d62b1b2a-c9ad-4d76-9b36-24bd1a5a2aa1-groupManagement] INFO  server.RaftServerConfigKeys (ConfUtils.java:logGet(46)) - raft.server.log.statemachine.data.sync.timeout = 10s (default)
2024-04-29 10:07:45,459 [d62b1b2a-c9ad-4d76-9b36-24bd1a5a2aa1-groupManagement] INFO  server.RaftServerConfigKeys (ConfUtils.java:logGet(46)) - raft.server.log.statemachine.data.sync.timeout.retry = 30 (custom)
2024-04-29 10:07:45,460 [d62b1b2a-c9ad-4d76-9b36-24bd1a5a2aa1-groupManagement] INFO  server.RaftServerConfigKeys (ConfUtils.java:logGet(46)) - raft.server.log.write.buffer.size = 8388616 (custom)
2024-04-29 10:07:45,461 [d62b1b2a-c9ad-4d76-9b36-24bd1a5a2aa1-groupManagement] INFO  server.RaftServerConfigKeys (ConfUtils.java:logGet(46)) - raft.server.log.appender.buffer.byte-limit = 8388608 (custom)
2024-04-29 10:07:45,461 [d62b1b2a-c9ad-4d76-9b36-24bd1a5a2aa1-groupManagement] INFO  server.RaftServerConfigKeys (ConfUtils.java:logGet(46)) - raft.server.log.unsafe-flush.enabled = false (default)
2024-04-29 10:07:45,461 [d62b1b2a-c9ad-4d76-9b36-24bd1a5a2aa1-groupManagement] INFO  server.RaftServerConfigKeys (ConfUtils.java:logGet(46)) - raft.server.log.async-flush.enabled = false (default)
2024-04-29 10:07:45,461 [d62b1b2a-c9ad-4d76-9b36-24bd1a5a2aa1-groupManagement] INFO  server.RaftServerConfigKeys (ConfUtils.java:logGet(46)) - raft.server.log.statemachine.data.caching.enabled = true (custom)
2024-04-29 10:07:45,461 [d62b1b2a-c9ad-4d76-9b36-24bd1a5a2aa1-groupManagement] INFO  segmented.SegmentedRaftLogWorker (SegmentedRaftLogWorker.java:lambda$new$0(134)) - d62b1b2a-c9ad-4d76-9b36-24bd1a5a2aa1@group-30EDBEF5BFC7-SegmentedRaftLogWorker: flushIndex: setUnconditionally 0 -> -1
2024-04-29 10:07:45,461 [d62b1b2a-c9ad-4d76-9b36-24bd1a5a2aa1-groupManagement] INFO  segmented.SegmentedRaftLogWorker (SegmentedRaftLogWorker.java:lambda$new$0(134)) - d62b1b2a-c9ad-4d76-9b36-24bd1a5a2aa1@group-30EDBEF5BFC7-SegmentedRaftLogWorker: safeCacheEvictIndex: setUnconditionally 0 -> -1
2024-04-29 10:07:45,462 [d62b1b2a-c9ad-4d76-9b36-24bd1a5a2aa1-groupManagement] INFO  server.RaftServer$Division (RaftServerImpl.java:start(396)) - d62b1b2a-c9ad-4d76-9b36-24bd1a5a2aa1@group-30EDBEF5BFC7: start as a follower, conf=-1: peers:[d62b1b2a-c9ad-4d76-9b36-24bd1a5a2aa1|127.0.0.1:15602]|listeners:[], old=null
2024-04-29 10:07:45,462 [d62b1b2a-c9ad-4d76-9b36-24bd1a5a2aa1-groupManagement] INFO  server.RaftServer$Division (RaftServerImpl.java:setRole(383)) - d62b1b2a-c9ad-4d76-9b36-24bd1a5a2aa1@group-30EDBEF5BFC7: changes role from      null to FOLLOWER at term 0 for startAsFollower
2024-04-29 10:07:45,462 [d62b1b2a-c9ad-4d76-9b36-24bd1a5a2aa1-groupManagement] INFO  impl.RoleInfo (RoleInfo.java:updateAndGet(139)) - d62b1b2a-c9ad-4d76-9b36-24bd1a5a2aa1: start d62b1b2a-c9ad-4d76-9b36-24bd1a5a2aa1@group-30EDBEF5BFC7-FollowerState
2024-04-29 10:07:45,462 [d62b1b2a-c9ad-4d76-9b36-24bd1a5a2aa1-groupManagement] INFO  util.JmxRegister (JmxRegister.java:tryRegister(44)) - Successfully registered JMX Bean with object name Ratis:service=RaftServer,group=group-30EDBEF5BFC7,id=d62b1b2a-c9ad-4d76-9b36-24bd1a5a2aa1
2024-04-29 10:07:45,462 [d62b1b2a-c9ad-4d76-9b36-24bd1a5a2aa1-groupManagement] INFO  server.RaftServerConfigKeys (ConfUtils.java:logGet(46)) - raft.server.snapshot.trigger-when-stop.enabled = true (default)
2024-04-29 10:07:45,462 [d62b1b2a-c9ad-4d76-9b36-24bd1a5a2aa1-groupManagement] INFO  server.RaftServerConfigKeys (ConfUtils.java:logGet(46)) - raft.server.snapshot.auto.trigger.enabled = true (custom)
2024-04-29 10:07:45,462 [d62b1b2a-c9ad-4d76-9b36-24bd1a5a2aa1-groupManagement] INFO  server.RaftServerConfigKeys (ConfUtils.java:logGet(46)) - raft.server.snapshot.auto.trigger.threshold = 10000 (custom)
2024-04-29 10:07:45,462 [d62b1b2a-c9ad-4d76-9b36-24bd1a5a2aa1-groupManagement] INFO  server.RaftServerConfigKeys (ConfUtils.java:logGet(46)) - raft.server.snapshot.retention.file.num = 5 (custom)
2024-04-29 10:07:45,462 [d62b1b2a-c9ad-4d76-9b36-24bd1a5a2aa1-groupManagement] INFO  server.RaftServerConfigKeys (ConfUtils.java:logGet(46)) - raft.server.log.purge.upto.snapshot.index = false (default)
2024-04-29 10:07:45,462 [d62b1b2a-c9ad-4d76-9b36-24bd1a5a2aa1@group-30EDBEF5BFC7-FollowerState] INFO  server.RaftServerConfigKeys (ConfUtils.java:logFallback(53)) - raft.server.rpc.first-election.timeout.min = 5s (fallback to raft.server.rpc.timeout.min)
2024-04-29 10:07:45,462 [d62b1b2a-c9ad-4d76-9b36-24bd1a5a2aa1@group-30EDBEF5BFC7-FollowerState] INFO  server.RaftServerConfigKeys (ConfUtils.java:logFallback(53)) - raft.server.rpc.first-election.timeout.max = 5200ms (fallback to raft.server.rpc.timeout.max)
2024-04-29 10:07:45,463 [d62b1b2a-c9ad-4d76-9b36-24bd1a5a2aa1-PipelineCommandHandlerThread-0] INFO  ratis.XceiverServerRatis (XceiverServerRatis.java:addGroup(864)) - Created group PipelineID=e70adea4-fec5-469b-8e6c-30edbef5bfc7
2024-04-29 10:07:45,463 [d62b1b2a-c9ad-4d76-9b36-24bd1a5a2aa1-PipelineCommandHandlerThread-0] INFO  commandhandler.CreatePipelineCommandHandler (CreatePipelineCommandHandler.java:lambda$handle$2(124)) - Created Pipeline RATIS ONE PipelineID=e70adea4-fec5-469b-8e6c-30edbef5bfc7.
2024-04-29 10:07:45,463 [d62b1b2a-c9ad-4d76-9b36-24bd1a5a2aa1-PipelineCommandHandlerThread-0] INFO  server.RaftServer (RaftServerProxy.java:addNew(100)) - d62b1b2a-c9ad-4d76-9b36-24bd1a5a2aa1: addNew group-3BD7D644AE46:[d62b1b2a-c9ad-4d76-9b36-24bd1a5a2aa1|127.0.0.1:15602, 29872338-e6e3-4ec5-923b-53e8a9791636|127.0.0.1:15611, 1f92b403-6a1c-4076-80c0-09f74f2f4297|127.0.0.1:15620] returns group-3BD7D644AE46:java.util.concurrent.CompletableFuture@6296b038[Not completed]
2024-04-29 10:07:45,464 [d62b1b2a-c9ad-4d76-9b36-24bd1a5a2aa1-groupManagement] INFO  server.RaftServer$Division (RaftServerImpl.java:<init>(256)) - d62b1b2a-c9ad-4d76-9b36-24bd1a5a2aa1: new RaftServerImpl for group-3BD7D644AE46:[d62b1b2a-c9ad-4d76-9b36-24bd1a5a2aa1|127.0.0.1:15602, 29872338-e6e3-4ec5-923b-53e8a9791636|127.0.0.1:15611, 1f92b403-6a1c-4076-80c0-09f74f2f4297|127.0.0.1:15620] with ContainerStateMachine:uninitialized
2024-04-29 10:07:45,464 [d62b1b2a-c9ad-4d76-9b36-24bd1a5a2aa1-groupManagement] INFO  server.RaftServerConfigKeys (ConfUtils.java:logGet(46)) - raft.server.rpc.timeout.min = 5s (custom)
2024-04-29 10:07:45,464 [d62b1b2a-c9ad-4d76-9b36-24bd1a5a2aa1-groupManagement] INFO  server.RaftServerConfigKeys (ConfUtils.java:logGet(46)) - raft.server.rpc.timeout.max = 5200ms (custom)
2024-04-29 10:07:45,464 [d62b1b2a-c9ad-4d76-9b36-24bd1a5a2aa1-groupManagement] INFO  server.RaftServerConfigKeys (ConfUtils.java:logGet(46)) - raft.server.rpc.sleep.time = 25ms (default)
2024-04-29 10:07:45,464 [d62b1b2a-c9ad-4d76-9b36-24bd1a5a2aa1-groupManagement] INFO  server.RaftServerConfigKeys (ConfUtils.java:logGet(46)) - raft.server.rpc.slowness.timeout = 300000ms (custom)
2024-04-29 10:07:45,464 [d62b1b2a-c9ad-4d76-9b36-24bd1a5a2aa1-groupManagement] INFO  server.RaftServerConfigKeys (ConfUtils.java:logGet(46)) - raft.server.leaderelection.leader.step-down.wait-time = 10s (default)
2024-04-29 10:07:45,464 [d62b1b2a-c9ad-4d76-9b36-24bd1a5a2aa1-groupManagement] INFO  server.RaftServerConfigKeys (ConfUtils.java:logGet(46)) - raft.server.leaderelection.member.majority-add = false (default)
2024-04-29 10:07:45,464 [d62b1b2a-c9ad-4d76-9b36-24bd1a5a2aa1-groupManagement] INFO  server.RaftServerConfigKeys (ConfUtils.java:logGet(46)) - raft.server.sleep.deviation.threshold = 300ms (default)
2024-04-29 10:07:45,464 [d62b1b2a-c9ad-4d76-9b36-24bd1a5a2aa1-groupManagement] INFO  server.RaftServer$Division (ServerState.java:<init>(113)) - d62b1b2a-c9ad-4d76-9b36-24bd1a5a2aa1@group-3BD7D644AE46: ConfigurationManager, init=-1: peers:[d62b1b2a-c9ad-4d76-9b36-24bd1a5a2aa1|127.0.0.1:15602, 29872338-e6e3-4ec5-923b-53e8a9791636|127.0.0.1:15611, 1f92b403-6a1c-4076-80c0-09f74f2f4297|127.0.0.1:15620]|listeners:[], old=null, confs=<EMPTY_MAP>
2024-04-29 10:07:45,464 [d62b1b2a-c9ad-4d76-9b36-24bd1a5a2aa1-groupManagement] INFO  server.RaftServerConfigKeys (ConfUtils.java:logGet(46)) - raft.server.notification.no-leader.timeout = 300000ms (custom)
2024-04-29 10:07:45,464 [d62b1b2a-c9ad-4d76-9b36-24bd1a5a2aa1-groupManagement] INFO  server.RaftServerConfigKeys (ConfUtils.java:logGet(46)) - raft.server.read.timeout = 10s (default)
2024-04-29 10:07:45,464 [d62b1b2a-c9ad-4d76-9b36-24bd1a5a2aa1-groupManagement] INFO  server.RaftServerConfigKeys (ConfUtils.java:logGet(46)) - raft.server.retrycache.expirytime = 600000ms (custom)
2024-04-29 10:07:45,464 [d62b1b2a-c9ad-4d76-9b36-24bd1a5a2aa1-groupManagement] INFO  server.RaftServerConfigKeys (ConfUtils.java:logGet(46)) - raft.server.retrycache.statistics.expirytime = 100ms (default)
2024-04-29 10:07:45,464 [d62b1b2a-c9ad-4d76-9b36-24bd1a5a2aa1-groupManagement] INFO  server.RaftServerConfigKeys (ConfUtils.java:logGet(46)) - raft.server.read.option = DEFAULT (default)
2024-04-29 10:07:45,464 [d62b1b2a-c9ad-4d76-9b36-24bd1a5a2aa1-groupManagement] INFO  server.RaftServerConfigKeys (ConfUtils.java:logGet(46)) - raft.server.read.read-after-write-consistent.write-index-cache.expiry-time = 60s (default)
2024-04-29 10:07:45,466 [d62b1b2a-c9ad-4d76-9b36-24bd1a5a2aa1-groupManagement] INFO  server.RaftServerConfigKeys (ConfUtils.java:logGet(46)) - raft.server.rpc.request.timeout = 3000ms (default)
2024-04-29 10:07:45,467 [d62b1b2a-c9ad-4d76-9b36-24bd1a5a2aa1-groupManagement] INFO  server.RaftServerConfigKeys (ConfUtils.java:logGet(46)) - raft.server.log.appender.install.snapshot.enabled = false (custom)
2024-04-29 10:07:45,467 [d62b1b2a-c9ad-4d76-9b36-24bd1a5a2aa1-groupManagement] INFO  server.RaftServerConfigKeys (ConfUtils.java:logGet(46)) - raft.server.threadpool.server.cached = true (default)
2024-04-29 10:07:45,467 [d62b1b2a-c9ad-4d76-9b36-24bd1a5a2aa1-groupManagement] INFO  server.RaftServerConfigKeys (ConfUtils.java:logGet(46)) - raft.server.threadpool.server.size = 0 (default)
2024-04-29 10:07:45,467 [d62b1b2a-c9ad-4d76-9b36-24bd1a5a2aa1-groupManagement] INFO  server.RaftServerConfigKeys (ConfUtils.java:logGet(46)) - raft.server.threadpool.client.cached = true (default)
2024-04-29 10:07:45,467 [d62b1b2a-c9ad-4d76-9b36-24bd1a5a2aa1-groupManagement] INFO  server.RaftServerConfigKeys (ConfUtils.java:logGet(46)) - raft.server.threadpool.client.size = 0 (default)
2024-04-29 10:07:45,467 [d62b1b2a-c9ad-4d76-9b36-24bd1a5a2aa1-groupManagement] INFO  server.RaftServerConfigKeys (ConfUtils.java:logGet(46)) - raft.server.storage.free-space.min = 0MB (=0) (default)
2024-04-29 10:07:45,467 [d62b1b2a-c9ad-4d76-9b36-24bd1a5a2aa1-groupManagement] INFO  server.RaftServerConfigKeys (ConfUtils.java:logGet(46)) - raft.server.log.corruption.policy = EXCEPTION (default)
2024-04-29 10:07:45,467 [d62b1b2a-c9ad-4d76-9b36-24bd1a5a2aa1-groupManagement] INFO  server.RaftServerConfigKeys (ConfUtils.java:logGet(46)) - raft.server.storage.dir = [/home/runner/work/ozone/ozone/hadoop-ozone/integration-test/target/test-dir/MiniOzoneClusterImpl-b29d8e3c-9ac1-4bd8-916d-9a49b4a73262/ozone-meta/datanode-7/ratis] (custom)
2024-04-29 10:07:45,467 [d62b1b2a-c9ad-4d76-9b36-24bd1a5a2aa1-groupManagement] INFO  storage.RaftStorageDirectory (RaftStorageDirectoryImpl.java:analyzeStorage(138)) - The storage directory /home/runner/work/ozone/ozone/hadoop-ozone/integration-test/target/test-dir/MiniOzoneClusterImpl-b29d8e3c-9ac1-4bd8-916d-9a49b4a73262/ozone-meta/datanode-7/ratis/469e50ad-6cde-4a23-a4d7-3bd7d644ae46 does not exist. Creating ...
2024-04-29 10:07:45,468 [d62b1b2a-c9ad-4d76-9b36-24bd1a5a2aa1-groupManagement] INFO  storage.RaftStorageDirectory (RaftStorageDirectoryImpl.java:tryLock(228)) - Lock on /home/runner/work/ozone/ozone/hadoop-ozone/integration-test/target/test-dir/MiniOzoneClusterImpl-b29d8e3c-9ac1-4bd8-916d-9a49b4a73262/ozone-meta/datanode-7/ratis/469e50ad-6cde-4a23-a4d7-3bd7d644ae46/in_use.lock acquired by nodename 20825@fv-az913-54
2024-04-29 10:07:45,469 [d62b1b2a-c9ad-4d76-9b36-24bd1a5a2aa1-groupManagement] INFO  storage.RaftStorage (RaftStorageImpl.java:format(99)) - Storage directory /home/runner/work/ozone/ozone/hadoop-ozone/integration-test/target/test-dir/MiniOzoneClusterImpl-b29d8e3c-9ac1-4bd8-916d-9a49b4a73262/ozone-meta/datanode-7/ratis/469e50ad-6cde-4a23-a4d7-3bd7d644ae46 has been successfully formatted.
2024-04-29 10:07:45,469 [d62b1b2a-c9ad-4d76-9b36-24bd1a5a2aa1-groupManagement] WARN  util.FileUtils (LogUtils.java:supplyAndLog(63)) - Failed to Files.newInputStream /home/runner/work/ozone/ozone/hadoop-ozone/integration-test/target/test-dir/MiniOzoneClusterImpl-b29d8e3c-9ac1-4bd8-916d-9a49b4a73262/ozone-meta/datanode-7/ratis/469e50ad-6cde-4a23-a4d7-3bd7d644ae46/current/raft-meta.conf with options []: java.nio.file.NoSuchFileException: /home/runner/work/ozone/ozone/hadoop-ozone/integration-test/target/test-dir/MiniOzoneClusterImpl-b29d8e3c-9ac1-4bd8-916d-9a49b4a73262/ozone-meta/datanode-7/ratis/469e50ad-6cde-4a23-a4d7-3bd7d644ae46/current/raft-meta.conf
2024-04-29 10:07:45,469 [d62b1b2a-c9ad-4d76-9b36-24bd1a5a2aa1-groupManagement] INFO  ratis.ContainerStateMachine (ContainerStateMachine.java:loadSnapshot(287)) - group-3BD7D644AE46: The snapshot info is null. Setting the last applied index to:(t:0, i:~)
2024-04-29 10:07:45,469 [d62b1b2a-c9ad-4d76-9b36-24bd1a5a2aa1-groupManagement] INFO  server.RaftServerConfigKeys (ConfUtils.java:logGet(46)) - raft.server.log.use.memory = false (default)
2024-04-29 10:07:45,470 [d62b1b2a-c9ad-4d76-9b36-24bd1a5a2aa1-groupManagement] INFO  server.RaftServerConfigKeys (ConfUtils.java:logGet(46)) - raft.server.log.purge.gap = 1000000 (custom)
2024-04-29 10:07:45,470 [d62b1b2a-c9ad-4d76-9b36-24bd1a5a2aa1-groupManagement] INFO  server.RaftServerConfigKeys (ConfUtils.java:logGet(46)) - raft.server.log.appender.buffer.byte-limit = 8388608 (custom)
2024-04-29 10:07:45,470 [d62b1b2a-c9ad-4d76-9b36-24bd1a5a2aa1-groupManagement] INFO  server.RaftServerConfigKeys (ConfUtils.java:logGet(46)) - raft.server.log.statemachine.data.read.timeout = 1000ms (default)
2024-04-29 10:07:45,470 [d62b1b2a-c9ad-4d76-9b36-24bd1a5a2aa1-groupManagement] INFO  server.RaftServerConfigKeys (ConfUtils.java:logGet(46)) - raft.server.log.purge.preservation.log.num = 0 (default)
2024-04-29 10:07:45,470 [EventQueue-OpenPipelineForHealthyPipelineSafeModeRule] INFO  safemode.SCMSafeModeManager (HealthyPipelineSafeModeRule.java:process(140)) - SCM in safe mode. Healthy pipelines reported count is 0, required healthy pipeline reported count is 1
2024-04-29 10:07:45,471 [d62b1b2a-c9ad-4d76-9b36-24bd1a5a2aa1-groupManagement] INFO  server.RaftServerConfigKeys (ConfUtils.java:logGet(46)) - raft.server.log.segment.size.max = 67108864 (custom)
2024-04-29 10:07:45,471 [d62b1b2a-c9ad-4d76-9b36-24bd1a5a2aa1-groupManagement] INFO  server.RaftServerConfigKeys (ConfUtils.java:logGet(46)) - raft.server.log.segment.cache.num.max = 2 (custom)
2024-04-29 10:07:45,471 [d62b1b2a-c9ad-4d76-9b36-24bd1a5a2aa1-groupManagement] INFO  server.RaftServerConfigKeys (ConfUtils.java:logGet(46)) - raft.server.log.segment.cache.size.max = 200MB (=209715200) (default)
2024-04-29 10:07:45,471 [d62b1b2a-c9ad-4d76-9b36-24bd1a5a2aa1-groupManagement] INFO  server.RaftServerConfigKeys (ConfUtils.java:logGet(46)) - raft.server.log.appender.buffer.byte-limit = 8388608 (custom)
2024-04-29 10:07:45,471 [d62b1b2a-c9ad-4d76-9b36-24bd1a5a2aa1-groupManagement] INFO  util.AwaitToRun (AwaitToRun.java:start(81)) - Thread[d62b1b2a-c9ad-4d76-9b36-24bd1a5a2aa1@group-3BD7D644AE46-cacheEviction-AwaitToRun,5,main] started
2024-04-29 10:07:45,471 [d62b1b2a-c9ad-4d76-9b36-24bd1a5a2aa1-groupManagement] INFO  segmented.SegmentedRaftLogWorker (SegmentedRaftLogWorker.java:<init>(182)) - new d62b1b2a-c9ad-4d76-9b36-24bd1a5a2aa1@group-3BD7D644AE46-SegmentedRaftLogWorker for RaftStorageImpl:Storage Directory /home/runner/work/ozone/ozone/hadoop-ozone/integration-test/target/test-dir/MiniOzoneClusterImpl-b29d8e3c-9ac1-4bd8-916d-9a49b4a73262/ozone-meta/datanode-7/ratis/469e50ad-6cde-4a23-a4d7-3bd7d644ae46
2024-04-29 10:07:45,471 [d62b1b2a-c9ad-4d76-9b36-24bd1a5a2aa1-groupManagement] INFO  server.RaftServerConfigKeys (ConfUtils.java:logGet(46)) - raft.server.log.queue.byte-limit = 4294967296 (custom)
2024-04-29 10:07:45,471 [d62b1b2a-c9ad-4d76-9b36-24bd1a5a2aa1-groupManagement] INFO  server.RaftServerConfigKeys (ConfUtils.java:logGet(46)) - raft.server.log.queue.element-limit = 1024 (custom)
2024-04-29 10:07:45,471 [d62b1b2a-c9ad-4d76-9b36-24bd1a5a2aa1-groupManagement] INFO  server.RaftServerConfigKeys (ConfUtils.java:logGet(46)) - raft.server.log.segment.size.max = 67108864 (custom)
2024-04-29 10:07:45,471 [d62b1b2a-c9ad-4d76-9b36-24bd1a5a2aa1-groupManagement] INFO  server.RaftServerConfigKeys (ConfUtils.java:logGet(46)) - raft.server.log.preallocated.size = 4194304 (custom)
2024-04-29 10:07:45,471 [d62b1b2a-c9ad-4d76-9b36-24bd1a5a2aa1-groupManagement] INFO  server.RaftServerConfigKeys (ConfUtils.java:logGet(46)) - raft.server.log.force.sync.num = 128 (default)
2024-04-29 10:07:45,472 [d62b1b2a-c9ad-4d76-9b36-24bd1a5a2aa1-groupManagement] INFO  server.RaftServerConfigKeys (ConfUtils.java:logGet(46)) - raft.server.log.statemachine.data.sync = true (default)
2024-04-29 10:07:45,472 [d62b1b2a-c9ad-4d76-9b36-24bd1a5a2aa1-groupManagement] INFO  server.RaftServerConfigKeys (ConfUtils.java:logGet(46)) - raft.server.log.statemachine.data.sync.timeout = 10s (default)
2024-04-29 10:07:45,472 [d62b1b2a-c9ad-4d76-9b36-24bd1a5a2aa1-groupManagement] INFO  server.RaftServerConfigKeys (ConfUtils.java:logGet(46)) - raft.server.log.statemachine.data.sync.timeout.retry = 30 (custom)
2024-04-29 10:07:45,472 [d62b1b2a-c9ad-4d76-9b36-24bd1a5a2aa1-groupManagement] INFO  server.RaftServerConfigKeys (ConfUtils.java:logGet(46)) - raft.server.log.write.buffer.size = 8388616 (custom)
2024-04-29 10:07:45,473 [d62b1b2a-c9ad-4d76-9b36-24bd1a5a2aa1-groupManagement] INFO  server.RaftServerConfigKeys (ConfUtils.java:logGet(46)) - raft.server.log.appender.buffer.byte-limit = 8388608 (custom)
2024-04-29 10:07:45,473 [d62b1b2a-c9ad-4d76-9b36-24bd1a5a2aa1-groupManagement] INFO  server.RaftServerConfigKeys (ConfUtils.java:logGet(46)) - raft.server.log.unsafe-flush.enabled = false (default)
2024-04-29 10:07:45,473 [d62b1b2a-c9ad-4d76-9b36-24bd1a5a2aa1-groupManagement] INFO  server.RaftServerConfigKeys (ConfUtils.java:logGet(46)) - raft.server.log.async-flush.enabled = false (default)
2024-04-29 10:07:45,473 [d62b1b2a-c9ad-4d76-9b36-24bd1a5a2aa1-groupManagement] INFO  server.RaftServerConfigKeys (ConfUtils.java:logGet(46)) - raft.server.log.statemachine.data.caching.enabled = true (custom)
2024-04-29 10:07:45,473 [d62b1b2a-c9ad-4d76-9b36-24bd1a5a2aa1-groupManagement] INFO  segmented.SegmentedRaftLogWorker (SegmentedRaftLogWorker.java:lambda$new$0(134)) - d62b1b2a-c9ad-4d76-9b36-24bd1a5a2aa1@group-3BD7D644AE46-SegmentedRaftLogWorker: flushIndex: setUnconditionally 0 -> -1
2024-04-29 10:07:45,473 [d62b1b2a-c9ad-4d76-9b36-24bd1a5a2aa1-groupManagement] INFO  segmented.SegmentedRaftLogWorker (SegmentedRaftLogWorker.java:lambda$new$0(134)) - d62b1b2a-c9ad-4d76-9b36-24bd1a5a2aa1@group-3BD7D644AE46-SegmentedRaftLogWorker: safeCacheEvictIndex: setUnconditionally 0 -> -1
2024-04-29 10:07:45,473 [d62b1b2a-c9ad-4d76-9b36-24bd1a5a2aa1-groupManagement] INFO  server.RaftServer$Division (RaftServerImpl.java:start(396)) - d62b1b2a-c9ad-4d76-9b36-24bd1a5a2aa1@group-3BD7D644AE46: start as a follower, conf=-1: peers:[d62b1b2a-c9ad-4d76-9b36-24bd1a5a2aa1|127.0.0.1:15602, 29872338-e6e3-4ec5-923b-53e8a9791636|127.0.0.1:15611, 1f92b403-6a1c-4076-80c0-09f74f2f4297|127.0.0.1:15620]|listeners:[], old=null
2024-04-29 10:07:45,474 [d62b1b2a-c9ad-4d76-9b36-24bd1a5a2aa1-groupManagement] INFO  server.RaftServer$Division (RaftServerImpl.java:setRole(383)) - d62b1b2a-c9ad-4d76-9b36-24bd1a5a2aa1@group-3BD7D644AE46: changes role from      null to FOLLOWER at term 0 for startAsFollower
2024-04-29 10:07:45,474 [d62b1b2a-c9ad-4d76-9b36-24bd1a5a2aa1-groupManagement] INFO  impl.RoleInfo (RoleInfo.java:updateAndGet(139)) - d62b1b2a-c9ad-4d76-9b36-24bd1a5a2aa1: start d62b1b2a-c9ad-4d76-9b36-24bd1a5a2aa1@group-3BD7D644AE46-FollowerState
2024-04-29 10:07:45,474 [d62b1b2a-c9ad-4d76-9b36-24bd1a5a2aa1@group-3BD7D644AE46-FollowerState] INFO  server.RaftServerConfigKeys (ConfUtils.java:logFallback(53)) - raft.server.rpc.first-election.timeout.min = 5s (fallback to raft.server.rpc.timeout.min)
2024-04-29 10:07:45,474 [d62b1b2a-c9ad-4d76-9b36-24bd1a5a2aa1@group-3BD7D644AE46-FollowerState] INFO  server.RaftServerConfigKeys (ConfUtils.java:logFallback(53)) - raft.server.rpc.first-election.timeout.max = 5200ms (fallback to raft.server.rpc.timeout.max)
2024-04-29 10:07:45,474 [d62b1b2a-c9ad-4d76-9b36-24bd1a5a2aa1-groupManagement] INFO  util.JmxRegister (JmxRegister.java:tryRegister(44)) - Successfully registered JMX Bean with object name Ratis:service=RaftServer,group=group-3BD7D644AE46,id=d62b1b2a-c9ad-4d76-9b36-24bd1a5a2aa1
2024-04-29 10:07:45,474 [d62b1b2a-c9ad-4d76-9b36-24bd1a5a2aa1-groupManagement] INFO  server.RaftServerConfigKeys (ConfUtils.java:logGet(46)) - raft.server.snapshot.trigger-when-stop.enabled = true (default)
2024-04-29 10:07:45,474 [d62b1b2a-c9ad-4d76-9b36-24bd1a5a2aa1-groupManagement] INFO  server.RaftServerConfigKeys (ConfUtils.java:logGet(46)) - raft.server.snapshot.auto.trigger.enabled = true (custom)
2024-04-29 10:07:45,474 [d62b1b2a-c9ad-4d76-9b36-24bd1a5a2aa1-groupManagement] INFO  server.RaftServerConfigKeys (ConfUtils.java:logGet(46)) - raft.server.snapshot.auto.trigger.threshold = 10000 (custom)
2024-04-29 10:07:45,474 [d62b1b2a-c9ad-4d76-9b36-24bd1a5a2aa1-groupManagement] INFO  server.RaftServerConfigKeys (ConfUtils.java:logGet(46)) - raft.server.snapshot.retention.file.num = 5 (custom)
2024-04-29 10:07:45,474 [d62b1b2a-c9ad-4d76-9b36-24bd1a5a2aa1-groupManagement] INFO  server.RaftServerConfigKeys (ConfUtils.java:logGet(46)) - raft.server.log.purge.upto.snapshot.index = false (default)
2024-04-29 10:07:45,475 [d62b1b2a-c9ad-4d76-9b36-24bd1a5a2aa1-PipelineCommandHandlerThread-0] INFO  ratis.XceiverServerRatis (XceiverServerRatis.java:addGroup(864)) - Created group PipelineID=469e50ad-6cde-4a23-a4d7-3bd7d644ae46
2024-04-29 10:07:45,479 [grpc-default-executor-9] INFO  server.RaftServer (RaftServerProxy.java:addNew(100)) - 1f92b403-6a1c-4076-80c0-09f74f2f4297: addNew group-3BD7D644AE46:[d62b1b2a-c9ad-4d76-9b36-24bd1a5a2aa1|127.0.0.1:15602, 29872338-e6e3-4ec5-923b-53e8a9791636|127.0.0.1:15611, 1f92b403-6a1c-4076-80c0-09f74f2f4297|127.0.0.1:15620] returns group-3BD7D644AE46:java.util.concurrent.CompletableFuture@6bdea17e[Not completed]
2024-04-29 10:07:45,480 [1f92b403-6a1c-4076-80c0-09f74f2f4297-groupManagement] INFO  server.RaftServer$Division (RaftServerImpl.java:<init>(256)) - 1f92b403-6a1c-4076-80c0-09f74f2f4297: new RaftServerImpl for group-3BD7D644AE46:[d62b1b2a-c9ad-4d76-9b36-24bd1a5a2aa1|127.0.0.1:15602, 29872338-e6e3-4ec5-923b-53e8a9791636|127.0.0.1:15611, 1f92b403-6a1c-4076-80c0-09f74f2f4297|127.0.0.1:15620] with ContainerStateMachine:uninitialized
2024-04-29 10:07:45,480 [1f92b403-6a1c-4076-80c0-09f74f2f4297-groupManagement] INFO  server.RaftServerConfigKeys (ConfUtils.java:logGet(46)) - raft.server.rpc.timeout.min = 5s (custom)
2024-04-29 10:07:45,480 [1f92b403-6a1c-4076-80c0-09f74f2f4297-groupManagement] INFO  server.RaftServerConfigKeys (ConfUtils.java:logGet(46)) - raft.server.rpc.timeout.max = 5200ms (custom)
2024-04-29 10:07:45,480 [1f92b403-6a1c-4076-80c0-09f74f2f4297-groupManagement] INFO  server.RaftServerConfigKeys (ConfUtils.java:logGet(46)) - raft.server.rpc.sleep.time = 25ms (default)
2024-04-29 10:07:45,480 [1f92b403-6a1c-4076-80c0-09f74f2f4297-groupManagement] INFO  server.RaftServerConfigKeys (ConfUtils.java:logGet(46)) - raft.server.rpc.slowness.timeout = 300000ms (custom)
2024-04-29 10:07:45,480 [1f92b403-6a1c-4076-80c0-09f74f2f4297-groupManagement] INFO  server.RaftServerConfigKeys (ConfUtils.java:logGet(46)) - raft.server.leaderelection.leader.step-down.wait-time = 10s (default)
2024-04-29 10:07:45,480 [1f92b403-6a1c-4076-80c0-09f74f2f4297-groupManagement] INFO  server.RaftServerConfigKeys (ConfUtils.java:logGet(46)) - raft.server.leaderelection.member.majority-add = false (default)
2024-04-29 10:07:45,480 [1f92b403-6a1c-4076-80c0-09f74f2f4297-groupManagement] INFO  server.RaftServerConfigKeys (ConfUtils.java:logGet(46)) - raft.server.sleep.deviation.threshold = 300ms (default)
2024-04-29 10:07:45,480 [1f92b403-6a1c-4076-80c0-09f74f2f4297-groupManagement] INFO  server.RaftServer$Division (ServerState.java:<init>(113)) - 1f92b403-6a1c-4076-80c0-09f74f2f4297@group-3BD7D644AE46: ConfigurationManager, init=-1: peers:[d62b1b2a-c9ad-4d76-9b36-24bd1a5a2aa1|127.0.0.1:15602, 29872338-e6e3-4ec5-923b-53e8a9791636|127.0.0.1:15611, 1f92b403-6a1c-4076-80c0-09f74f2f4297|127.0.0.1:15620]|listeners:[], old=null, confs=<EMPTY_MAP>
2024-04-29 10:07:45,480 [1f92b403-6a1c-4076-80c0-09f74f2f4297-groupManagement] INFO  server.RaftServerConfigKeys (ConfUtils.java:logGet(46)) - raft.server.notification.no-leader.timeout = 300000ms (custom)
2024-04-29 10:07:45,480 [1f92b403-6a1c-4076-80c0-09f74f2f4297-groupManagement] INFO  server.RaftServerConfigKeys (ConfUtils.java:logGet(46)) - raft.server.read.timeout = 10s (default)
2024-04-29 10:07:45,480 [1f92b403-6a1c-4076-80c0-09f74f2f4297-groupManagement] INFO  server.RaftServerConfigKeys (ConfUtils.java:logGet(46)) - raft.server.retrycache.expirytime = 600000ms (custom)
2024-04-29 10:07:45,480 [1f92b403-6a1c-4076-80c0-09f74f2f4297-groupManagement] INFO  server.RaftServerConfigKeys (ConfUtils.java:logGet(46)) - raft.server.retrycache.statistics.expirytime = 100ms (default)
2024-04-29 10:07:45,480 [1f92b403-6a1c-4076-80c0-09f74f2f4297-groupManagement] INFO  server.RaftServerConfigKeys (ConfUtils.java:logGet(46)) - raft.server.read.option = DEFAULT (default)
2024-04-29 10:07:45,480 [1f92b403-6a1c-4076-80c0-09f74f2f4297-groupManagement] INFO  server.RaftServerConfigKeys (ConfUtils.java:logGet(46)) - raft.server.read.read-after-write-consistent.write-index-cache.expiry-time = 60s (default)
2024-04-29 10:07:45,482 [1f92b403-6a1c-4076-80c0-09f74f2f4297-groupManagement] INFO  server.RaftServerConfigKeys (ConfUtils.java:logGet(46)) - raft.server.rpc.request.timeout = 3000ms (default)
2024-04-29 10:07:45,482 [1f92b403-6a1c-4076-80c0-09f74f2f4297-groupManagement] INFO  server.RaftServerConfigKeys (ConfUtils.java:logGet(46)) - raft.server.log.appender.install.snapshot.enabled = false (custom)
2024-04-29 10:07:45,482 [1f92b403-6a1c-4076-80c0-09f74f2f4297-groupManagement] INFO  server.RaftServerConfigKeys (ConfUtils.java:logGet(46)) - raft.server.threadpool.server.cached = true (default)
2024-04-29 10:07:45,482 [1f92b403-6a1c-4076-80c0-09f74f2f4297-groupManagement] INFO  server.RaftServerConfigKeys (ConfUtils.java:logGet(46)) - raft.server.threadpool.server.size = 0 (default)
2024-04-29 10:07:45,482 [1f92b403-6a1c-4076-80c0-09f74f2f4297-groupManagement] INFO  server.RaftServerConfigKeys (ConfUtils.java:logGet(46)) - raft.server.threadpool.client.cached = true (default)
2024-04-29 10:07:45,482 [1f92b403-6a1c-4076-80c0-09f74f2f4297-groupManagement] INFO  server.RaftServerConfigKeys (ConfUtils.java:logGet(46)) - raft.server.threadpool.client.size = 0 (default)
2024-04-29 10:07:45,482 [1f92b403-6a1c-4076-80c0-09f74f2f4297-groupManagement] INFO  server.RaftServerConfigKeys (ConfUtils.java:logGet(46)) - raft.server.storage.free-space.min = 0MB (=0) (default)
2024-04-29 10:07:45,482 [1f92b403-6a1c-4076-80c0-09f74f2f4297-groupManagement] INFO  server.RaftServerConfigKeys (ConfUtils.java:logGet(46)) - raft.server.log.corruption.policy = EXCEPTION (default)
2024-04-29 10:07:45,482 [1f92b403-6a1c-4076-80c0-09f74f2f4297-groupManagement] INFO  server.RaftServerConfigKeys (ConfUtils.java:logGet(46)) - raft.server.storage.dir = [/home/runner/work/ozone/ozone/hadoop-ozone/integration-test/target/test-dir/MiniOzoneClusterImpl-b29d8e3c-9ac1-4bd8-916d-9a49b4a73262/ozone-meta/datanode-9/ratis] (custom)
2024-04-29 10:07:45,482 [1f92b403-6a1c-4076-80c0-09f74f2f4297-groupManagement] INFO  storage.RaftStorageDirectory (RaftStorageDirectoryImpl.java:analyzeStorage(138)) - The storage directory /home/runner/work/ozone/ozone/hadoop-ozone/integration-test/target/test-dir/MiniOzoneClusterImpl-b29d8e3c-9ac1-4bd8-916d-9a49b4a73262/ozone-meta/datanode-9/ratis/469e50ad-6cde-4a23-a4d7-3bd7d644ae46 does not exist. Creating ...
2024-04-29 10:07:45,483 [1f92b403-6a1c-4076-80c0-09f74f2f4297-groupManagement] INFO  storage.RaftStorageDirectory (RaftStorageDirectoryImpl.java:tryLock(228)) - Lock on /home/runner/work/ozone/ozone/hadoop-ozone/integration-test/target/test-dir/MiniOzoneClusterImpl-b29d8e3c-9ac1-4bd8-916d-9a49b4a73262/ozone-meta/datanode-9/ratis/469e50ad-6cde-4a23-a4d7-3bd7d644ae46/in_use.lock acquired by nodename 20825@fv-az913-54
2024-04-29 10:07:45,484 [1f92b403-6a1c-4076-80c0-09f74f2f4297-groupManagement] INFO  storage.RaftStorage (RaftStorageImpl.java:format(99)) - Storage directory /home/runner/work/ozone/ozone/hadoop-ozone/integration-test/target/test-dir/MiniOzoneClusterImpl-b29d8e3c-9ac1-4bd8-916d-9a49b4a73262/ozone-meta/datanode-9/ratis/469e50ad-6cde-4a23-a4d7-3bd7d644ae46 has been successfully formatted.
2024-04-29 10:07:45,484 [1f92b403-6a1c-4076-80c0-09f74f2f4297-groupManagement] WARN  util.FileUtils (LogUtils.java:supplyAndLog(63)) - Failed to Files.newInputStream /home/runner/work/ozone/ozone/hadoop-ozone/integration-test/target/test-dir/MiniOzoneClusterImpl-b29d8e3c-9ac1-4bd8-916d-9a49b4a73262/ozone-meta/datanode-9/ratis/469e50ad-6cde-4a23-a4d7-3bd7d644ae46/current/raft-meta.conf with options []: java.nio.file.NoSuchFileException: /home/runner/work/ozone/ozone/hadoop-ozone/integration-test/target/test-dir/MiniOzoneClusterImpl-b29d8e3c-9ac1-4bd8-916d-9a49b4a73262/ozone-meta/datanode-9/ratis/469e50ad-6cde-4a23-a4d7-3bd7d644ae46/current/raft-meta.conf
2024-04-29 10:07:45,484 [1f92b403-6a1c-4076-80c0-09f74f2f4297-groupManagement] INFO  ratis.ContainerStateMachine (ContainerStateMachine.java:loadSnapshot(287)) - group-3BD7D644AE46: The snapshot info is null. Setting the last applied index to:(t:0, i:~)
2024-04-29 10:07:45,484 [1f92b403-6a1c-4076-80c0-09f74f2f4297-groupManagement] INFO  server.RaftServerConfigKeys (ConfUtils.java:logGet(46)) - raft.server.log.use.memory = false (default)
2024-04-29 10:07:45,484 [1f92b403-6a1c-4076-80c0-09f74f2f4297-groupManagement] INFO  server.RaftServerConfigKeys (ConfUtils.java:logGet(46)) - raft.server.log.purge.gap = 1000000 (custom)
2024-04-29 10:07:45,484 [1f92b403-6a1c-4076-80c0-09f74f2f4297-groupManagement] INFO  server.RaftServerConfigKeys (ConfUtils.java:logGet(46)) - raft.server.log.appender.buffer.byte-limit = 8388608 (custom)
2024-04-29 10:07:45,484 [1f92b403-6a1c-4076-80c0-09f74f2f4297-groupManagement] INFO  server.RaftServerConfigKeys (ConfUtils.java:logGet(46)) - raft.server.log.statemachine.data.read.timeout = 1000ms (default)
2024-04-29 10:07:45,484 [1f92b403-6a1c-4076-80c0-09f74f2f4297-groupManagement] INFO  server.RaftServerConfigKeys (ConfUtils.java:logGet(46)) - raft.server.log.purge.preservation.log.num = 0 (default)
2024-04-29 10:07:45,485 [1f92b403-6a1c-4076-80c0-09f74f2f4297-groupManagement] INFO  server.RaftServerConfigKeys (ConfUtils.java:logGet(46)) - raft.server.log.segment.size.max = 67108864 (custom)
2024-04-29 10:07:45,485 [1f92b403-6a1c-4076-80c0-09f74f2f4297-groupManagement] INFO  server.RaftServerConfigKeys (ConfUtils.java:logGet(46)) - raft.server.log.segment.cache.num.max = 2 (custom)
2024-04-29 10:07:45,485 [1f92b403-6a1c-4076-80c0-09f74f2f4297-groupManagement] INFO  server.RaftServerConfigKeys (ConfUtils.java:logGet(46)) - raft.server.log.segment.cache.size.max = 200MB (=209715200) (default)
2024-04-29 10:07:45,485 [1f92b403-6a1c-4076-80c0-09f74f2f4297-groupManagement] INFO  server.RaftServerConfigKeys (ConfUtils.java:logGet(46)) - raft.server.log.appender.buffer.byte-limit = 8388608 (custom)
2024-04-29 10:07:45,486 [1f92b403-6a1c-4076-80c0-09f74f2f4297-groupManagement] INFO  util.AwaitToRun (AwaitToRun.java:start(81)) - Thread[1f92b403-6a1c-4076-80c0-09f74f2f4297@group-3BD7D644AE46-cacheEviction-AwaitToRun,5,main] started
2024-04-29 10:07:45,486 [1f92b403-6a1c-4076-80c0-09f74f2f4297-groupManagement] INFO  segmented.SegmentedRaftLogWorker (SegmentedRaftLogWorker.java:<init>(182)) - new 1f92b403-6a1c-4076-80c0-09f74f2f4297@group-3BD7D644AE46-SegmentedRaftLogWorker for RaftStorageImpl:Storage Directory /home/runner/work/ozone/ozone/hadoop-ozone/integration-test/target/test-dir/MiniOzoneClusterImpl-b29d8e3c-9ac1-4bd8-916d-9a49b4a73262/ozone-meta/datanode-9/ratis/469e50ad-6cde-4a23-a4d7-3bd7d644ae46
2024-04-29 10:07:45,486 [1f92b403-6a1c-4076-80c0-09f74f2f4297-groupManagement] INFO  server.RaftServerConfigKeys (ConfUtils.java:logGet(46)) - raft.server.log.queue.byte-limit = 4294967296 (custom)
2024-04-29 10:07:45,486 [1f92b403-6a1c-4076-80c0-09f74f2f4297-groupManagement] INFO  server.RaftServerConfigKeys (ConfUtils.java:logGet(46)) - raft.server.log.queue.element-limit = 1024 (custom)
2024-04-29 10:07:45,486 [1f92b403-6a1c-4076-80c0-09f74f2f4297-groupManagement] INFO  server.RaftServerConfigKeys (ConfUtils.java:logGet(46)) - raft.server.log.segment.size.max = 67108864 (custom)
2024-04-29 10:07:45,486 [1f92b403-6a1c-4076-80c0-09f74f2f4297-groupManagement] INFO  server.RaftServerConfigKeys (ConfUtils.java:logGet(46)) - raft.server.log.preallocated.size = 4194304 (custom)
2024-04-29 10:07:45,486 [1f92b403-6a1c-4076-80c0-09f74f2f4297-groupManagement] INFO  server.RaftServerConfigKeys (ConfUtils.java:logGet(46)) - raft.server.log.force.sync.num = 128 (default)
2024-04-29 10:07:45,486 [1f92b403-6a1c-4076-80c0-09f74f2f4297-groupManagement] INFO  server.RaftServerConfigKeys (ConfUtils.java:logGet(46)) - raft.server.log.statemachine.data.sync = true (default)
2024-04-29 10:07:45,486 [1f92b403-6a1c-4076-80c0-09f74f2f4297-groupManagement] INFO  server.RaftServerConfigKeys (ConfUtils.java:logGet(46)) - raft.server.log.statemachine.data.sync.timeout = 10s (default)
2024-04-29 10:07:45,486 [1f92b403-6a1c-4076-80c0-09f74f2f4297-groupManagement] INFO  server.RaftServerConfigKeys (ConfUtils.java:logGet(46)) - raft.server.log.statemachine.data.sync.timeout.retry = 30 (custom)
2024-04-29 10:07:45,486 [1f92b403-6a1c-4076-80c0-09f74f2f4297-groupManagement] INFO  server.RaftServerConfigKeys (ConfUtils.java:logGet(46)) - raft.server.log.write.buffer.size = 8388616 (custom)
2024-04-29 10:07:45,487 [1f92b403-6a1c-4076-80c0-09f74f2f4297-groupManagement] INFO  server.RaftServerConfigKeys (ConfUtils.java:logGet(46)) - raft.server.log.appender.buffer.byte-limit = 8388608 (custom)
2024-04-29 10:07:45,487 [1f92b403-6a1c-4076-80c0-09f74f2f4297-groupManagement] INFO  server.RaftServerConfigKeys (ConfUtils.java:logGet(46)) - raft.server.log.unsafe-flush.enabled = false (default)
2024-04-29 10:07:45,487 [1f92b403-6a1c-4076-80c0-09f74f2f4297-groupManagement] INFO  server.RaftServerConfigKeys (ConfUtils.java:logGet(46)) - raft.server.log.async-flush.enabled = false (default)
2024-04-29 10:07:45,487 [1f92b403-6a1c-4076-80c0-09f74f2f4297-groupManagement] INFO  server.RaftServerConfigKeys (ConfUtils.java:logGet(46)) - raft.server.log.statemachine.data.caching.enabled = true (custom)
2024-04-29 10:07:45,487 [1f92b403-6a1c-4076-80c0-09f74f2f4297-groupManagement] INFO  segmented.SegmentedRaftLogWorker (SegmentedRaftLogWorker.java:lambda$new$0(134)) - 1f92b403-6a1c-4076-80c0-09f74f2f4297@group-3BD7D644AE46-SegmentedRaftLogWorker: flushIndex: setUnconditionally 0 -> -1
2024-04-29 10:07:45,487 [1f92b403-6a1c-4076-80c0-09f74f2f4297-groupManagement] INFO  segmented.SegmentedRaftLogWorker (SegmentedRaftLogWorker.java:lambda$new$0(134)) - 1f92b403-6a1c-4076-80c0-09f74f2f4297@group-3BD7D644AE46-SegmentedRaftLogWorker: safeCacheEvictIndex: setUnconditionally 0 -> -1
2024-04-29 10:07:45,487 [1f92b403-6a1c-4076-80c0-09f74f2f4297-groupManagement] INFO  server.RaftServer$Division (RaftServerImpl.java:start(396)) - 1f92b403-6a1c-4076-80c0-09f74f2f4297@group-3BD7D644AE46: start as a follower, conf=-1: peers:[d62b1b2a-c9ad-4d76-9b36-24bd1a5a2aa1|127.0.0.1:15602, 29872338-e6e3-4ec5-923b-53e8a9791636|127.0.0.1:15611, 1f92b403-6a1c-4076-80c0-09f74f2f4297|127.0.0.1:15620]|listeners:[], old=null
2024-04-29 10:07:45,487 [1f92b403-6a1c-4076-80c0-09f74f2f4297-groupManagement] INFO  server.RaftServer$Division (RaftServerImpl.java:setRole(383)) - 1f92b403-6a1c-4076-80c0-09f74f2f4297@group-3BD7D644AE46: changes role from      null to FOLLOWER at term 0 for startAsFollower
2024-04-29 10:07:45,487 [1f92b403-6a1c-4076-80c0-09f74f2f4297-groupManagement] INFO  impl.RoleInfo (RoleInfo.java:updateAndGet(139)) - 1f92b403-6a1c-4076-80c0-09f74f2f4297: start 1f92b403-6a1c-4076-80c0-09f74f2f4297@group-3BD7D644AE46-FollowerState
2024-04-29 10:07:45,488 [1f92b403-6a1c-4076-80c0-09f74f2f4297-groupManagement] INFO  util.JmxRegister (JmxRegister.java:tryRegister(44)) - Successfully registered JMX Bean with object name Ratis:service=RaftServer,group=group-3BD7D644AE46,id=1f92b403-6a1c-4076-80c0-09f74f2f4297
2024-04-29 10:07:45,488 [1f92b403-6a1c-4076-80c0-09f74f2f4297-groupManagement] INFO  server.RaftServerConfigKeys (ConfUtils.java:logGet(46)) - raft.server.snapshot.trigger-when-stop.enabled = true (default)
2024-04-29 10:07:45,488 [1f92b403-6a1c-4076-80c0-09f74f2f4297-groupManagement] INFO  server.RaftServerConfigKeys (ConfUtils.java:logGet(46)) - raft.server.snapshot.auto.trigger.enabled = true (custom)
2024-04-29 10:07:45,488 [1f92b403-6a1c-4076-80c0-09f74f2f4297-groupManagement] INFO  server.RaftServerConfigKeys (ConfUtils.java:logGet(46)) - raft.server.snapshot.auto.trigger.threshold = 10000 (custom)
2024-04-29 10:07:45,488 [1f92b403-6a1c-4076-80c0-09f74f2f4297-groupManagement] INFO  server.RaftServerConfigKeys (ConfUtils.java:logGet(46)) - raft.server.snapshot.retention.file.num = 5 (custom)
2024-04-29 10:07:45,488 [1f92b403-6a1c-4076-80c0-09f74f2f4297@group-3BD7D644AE46-FollowerState] INFO  server.RaftServerConfigKeys (ConfUtils.java:logFallback(53)) - raft.server.rpc.first-election.timeout.min = 5s (fallback to raft.server.rpc.timeout.min)
2024-04-29 10:07:45,488 [1f92b403-6a1c-4076-80c0-09f74f2f4297@group-3BD7D644AE46-FollowerState] INFO  server.RaftServerConfigKeys (ConfUtils.java:logFallback(53)) - raft.server.rpc.first-election.timeout.max = 5200ms (fallback to raft.server.rpc.timeout.max)
2024-04-29 10:07:45,488 [1f92b403-6a1c-4076-80c0-09f74f2f4297-groupManagement] INFO  server.RaftServerConfigKeys (ConfUtils.java:logGet(46)) - raft.server.log.purge.upto.snapshot.index = false (default)
2024-04-29 10:07:45,493 [29872338-e6e3-4ec5-923b-53e8a9791636-PipelineCommandHandlerThread-0] INFO  server.RaftServer (RaftServerProxy.java:addNew(100)) - 29872338-e6e3-4ec5-923b-53e8a9791636: addNew group-CC876D3FFD49:[29872338-e6e3-4ec5-923b-53e8a9791636|127.0.0.1:15611] returns group-CC876D3FFD49:java.util.concurrent.CompletableFuture@565ece94[Not completed]
2024-04-29 10:07:45,493 [29872338-e6e3-4ec5-923b-53e8a9791636-groupManagement] INFO  server.RaftServer$Division (RaftServerImpl.java:<init>(256)) - 29872338-e6e3-4ec5-923b-53e8a9791636: new RaftServerImpl for group-CC876D3FFD49:[29872338-e6e3-4ec5-923b-53e8a9791636|127.0.0.1:15611] with ContainerStateMachine:uninitialized
2024-04-29 10:07:45,493 [29872338-e6e3-4ec5-923b-53e8a9791636-groupManagement] INFO  server.RaftServerConfigKeys (ConfUtils.java:logGet(46)) - raft.server.rpc.timeout.min = 5s (custom)
2024-04-29 10:07:45,493 [29872338-e6e3-4ec5-923b-53e8a9791636-groupManagement] INFO  server.RaftServerConfigKeys (ConfUtils.java:logGet(46)) - raft.server.rpc.timeout.max = 5200ms (custom)
2024-04-29 10:07:45,493 [29872338-e6e3-4ec5-923b-53e8a9791636-groupManagement] INFO  server.RaftServerConfigKeys (ConfUtils.java:logGet(46)) - raft.server.rpc.sleep.time = 25ms (default)
2024-04-29 10:07:45,493 [29872338-e6e3-4ec5-923b-53e8a9791636-groupManagement] INFO  server.RaftServerConfigKeys (ConfUtils.java:logGet(46)) - raft.server.rpc.slowness.timeout = 300000ms (custom)
2024-04-29 10:07:45,493 [29872338-e6e3-4ec5-923b-53e8a9791636-groupManagement] INFO  server.RaftServerConfigKeys (ConfUtils.java:logGet(46)) - raft.server.leaderelection.leader.step-down.wait-time = 10s (default)
2024-04-29 10:07:45,493 [29872338-e6e3-4ec5-923b-53e8a9791636-groupManagement] INFO  server.RaftServerConfigKeys (ConfUtils.java:logGet(46)) - raft.server.leaderelection.member.majority-add = false (default)
2024-04-29 10:07:45,493 [29872338-e6e3-4ec5-923b-53e8a9791636-groupManagement] INFO  server.RaftServerConfigKeys (ConfUtils.java:logGet(46)) - raft.server.sleep.deviation.threshold = 300ms (default)
2024-04-29 10:07:45,493 [29872338-e6e3-4ec5-923b-53e8a9791636-groupManagement] INFO  server.RaftServer$Division (ServerState.java:<init>(113)) - 29872338-e6e3-4ec5-923b-53e8a9791636@group-CC876D3FFD49: ConfigurationManager, init=-1: peers:[29872338-e6e3-4ec5-923b-53e8a9791636|127.0.0.1:15611]|listeners:[], old=null, confs=<EMPTY_MAP>
2024-04-29 10:07:45,494 [29872338-e6e3-4ec5-923b-53e8a9791636-groupManagement] INFO  server.RaftServerConfigKeys (ConfUtils.java:logGet(46)) - raft.server.notification.no-leader.timeout = 300000ms (custom)
2024-04-29 10:07:45,494 [29872338-e6e3-4ec5-923b-53e8a9791636-groupManagement] INFO  server.RaftServerConfigKeys (ConfUtils.java:logGet(46)) - raft.server.read.timeout = 10s (default)
2024-04-29 10:07:45,494 [29872338-e6e3-4ec5-923b-53e8a9791636-groupManagement] INFO  server.RaftServerConfigKeys (ConfUtils.java:logGet(46)) - raft.server.retrycache.expirytime = 600000ms (custom)
2024-04-29 10:07:45,494 [29872338-e6e3-4ec5-923b-53e8a9791636-groupManagement] INFO  server.RaftServerConfigKeys (ConfUtils.java:logGet(46)) - raft.server.retrycache.statistics.expirytime = 100ms (default)
2024-04-29 10:07:45,494 [29872338-e6e3-4ec5-923b-53e8a9791636-groupManagement] INFO  server.RaftServerConfigKeys (ConfUtils.java:logGet(46)) - raft.server.read.option = DEFAULT (default)
2024-04-29 10:07:45,494 [29872338-e6e3-4ec5-923b-53e8a9791636-groupManagement] INFO  server.RaftServerConfigKeys (ConfUtils.java:logGet(46)) - raft.server.read.read-after-write-consistent.write-index-cache.expiry-time = 60s (default)
2024-04-29 10:07:45,495 [grpc-default-executor-9] INFO  server.RaftServer (RaftServerProxy.java:addNew(100)) - 29872338-e6e3-4ec5-923b-53e8a9791636: addNew group-3BD7D644AE46:[d62b1b2a-c9ad-4d76-9b36-24bd1a5a2aa1|127.0.0.1:15602, 29872338-e6e3-4ec5-923b-53e8a9791636|127.0.0.1:15611, 1f92b403-6a1c-4076-80c0-09f74f2f4297|127.0.0.1:15620] returns group-3BD7D644AE46:java.util.concurrent.CompletableFuture@438c2f0d[Not completed]
2024-04-29 10:07:45,496 [29872338-e6e3-4ec5-923b-53e8a9791636-groupManagement] INFO  server.RaftServerConfigKeys (ConfUtils.java:logGet(46)) - raft.server.rpc.request.timeout = 3000ms (default)
2024-04-29 10:07:45,496 [29872338-e6e3-4ec5-923b-53e8a9791636-groupManagement] INFO  server.RaftServerConfigKeys (ConfUtils.java:logGet(46)) - raft.server.log.appender.install.snapshot.enabled = false (custom)
2024-04-29 10:07:45,496 [29872338-e6e3-4ec5-923b-53e8a9791636-groupManagement] INFO  server.RaftServerConfigKeys (ConfUtils.java:logGet(46)) - raft.server.threadpool.server.cached = true (default)
2024-04-29 10:07:45,496 [29872338-e6e3-4ec5-923b-53e8a9791636-groupManagement] INFO  server.RaftServerConfigKeys (ConfUtils.java:logGet(46)) - raft.server.threadpool.server.size = 0 (default)
2024-04-29 10:07:45,496 [29872338-e6e3-4ec5-923b-53e8a9791636-groupManagement] INFO  server.RaftServerConfigKeys (ConfUtils.java:logGet(46)) - raft.server.threadpool.client.cached = true (default)
2024-04-29 10:07:45,496 [29872338-e6e3-4ec5-923b-53e8a9791636-groupManagement] INFO  server.RaftServerConfigKeys (ConfUtils.java:logGet(46)) - raft.server.threadpool.client.size = 0 (default)
2024-04-29 10:07:45,497 [29872338-e6e3-4ec5-923b-53e8a9791636-groupManagement] INFO  server.RaftServer$Division (RaftServerImpl.java:<init>(256)) - 29872338-e6e3-4ec5-923b-53e8a9791636: new RaftServerImpl for group-3BD7D644AE46:[d62b1b2a-c9ad-4d76-9b36-24bd1a5a2aa1|127.0.0.1:15602, 29872338-e6e3-4ec5-923b-53e8a9791636|127.0.0.1:15611, 1f92b403-6a1c-4076-80c0-09f74f2f4297|127.0.0.1:15620] with ContainerStateMachine:uninitialized
2024-04-29 10:07:45,497 [29872338-e6e3-4ec5-923b-53e8a9791636-groupManagement] INFO  server.RaftServerConfigKeys (ConfUtils.java:logGet(46)) - raft.server.rpc.timeout.min = 5s (custom)
2024-04-29 10:07:45,497 [29872338-e6e3-4ec5-923b-53e8a9791636-groupManagement] INFO  server.RaftServerConfigKeys (ConfUtils.java:logGet(46)) - raft.server.rpc.timeout.max = 5200ms (custom)
2024-04-29 10:07:45,497 [29872338-e6e3-4ec5-923b-53e8a9791636-groupManagement] INFO  server.RaftServerConfigKeys (ConfUtils.java:logGet(46)) - raft.server.rpc.sleep.time = 25ms (default)
2024-04-29 10:07:45,497 [29872338-e6e3-4ec5-923b-53e8a9791636-groupManagement] INFO  server.RaftServerConfigKeys (ConfUtils.java:logGet(46)) - raft.server.rpc.slowness.timeout = 300000ms (custom)
2024-04-29 10:07:45,497 [29872338-e6e3-4ec5-923b-53e8a9791636-groupManagement] INFO  server.RaftServerConfigKeys (ConfUtils.java:logGet(46)) - raft.server.leaderelection.leader.step-down.wait-time = 10s (default)
2024-04-29 10:07:45,497 [29872338-e6e3-4ec5-923b-53e8a9791636-groupManagement] INFO  server.RaftServerConfigKeys (ConfUtils.java:logGet(46)) - raft.server.leaderelection.member.majority-add = false (default)
2024-04-29 10:07:45,497 [29872338-e6e3-4ec5-923b-53e8a9791636-groupManagement] INFO  server.RaftServerConfigKeys (ConfUtils.java:logGet(46)) - raft.server.sleep.deviation.threshold = 300ms (default)
2024-04-29 10:07:45,497 [29872338-e6e3-4ec5-923b-53e8a9791636-groupManagement] INFO  server.RaftServer$Division (ServerState.java:<init>(113)) - 29872338-e6e3-4ec5-923b-53e8a9791636@group-3BD7D644AE46: ConfigurationManager, init=-1: peers:[d62b1b2a-c9ad-4d76-9b36-24bd1a5a2aa1|127.0.0.1:15602, 29872338-e6e3-4ec5-923b-53e8a9791636|127.0.0.1:15611, 1f92b403-6a1c-4076-80c0-09f74f2f4297|127.0.0.1:15620]|listeners:[], old=null, confs=<EMPTY_MAP>
2024-04-29 10:07:45,497 [29872338-e6e3-4ec5-923b-53e8a9791636-groupManagement] INFO  server.RaftServerConfigKeys (ConfUtils.java:logGet(46)) - raft.server.notification.no-leader.timeout = 300000ms (custom)
2024-04-29 10:07:45,497 [29872338-e6e3-4ec5-923b-53e8a9791636-groupManagement] INFO  server.RaftServerConfigKeys (ConfUtils.java:logGet(46)) - raft.server.read.timeout = 10s (default)
2024-04-29 10:07:45,497 [29872338-e6e3-4ec5-923b-53e8a9791636-groupManagement] INFO  server.RaftServerConfigKeys (ConfUtils.java:logGet(46)) - raft.server.retrycache.expirytime = 600000ms (custom)
2024-04-29 10:07:45,497 [29872338-e6e3-4ec5-923b-53e8a9791636-groupManagement] INFO  server.RaftServerConfigKeys (ConfUtils.java:logGet(46)) - raft.server.retrycache.statistics.expirytime = 100ms (default)
2024-04-29 10:07:45,497 [29872338-e6e3-4ec5-923b-53e8a9791636-groupManagement] INFO  server.RaftServerConfigKeys (ConfUtils.java:logGet(46)) - raft.server.read.option = DEFAULT (default)
2024-04-29 10:07:45,497 [29872338-e6e3-4ec5-923b-53e8a9791636-groupManagement] INFO  server.RaftServerConfigKeys (ConfUtils.java:logGet(46)) - raft.server.read.read-after-write-consistent.write-index-cache.expiry-time = 60s (default)
2024-04-29 10:07:45,499 [29872338-e6e3-4ec5-923b-53e8a9791636-groupManagement] INFO  server.RaftServerConfigKeys (ConfUtils.java:logGet(46)) - raft.server.rpc.request.timeout = 3000ms (default)
2024-04-29 10:07:45,499 [29872338-e6e3-4ec5-923b-53e8a9791636-groupManagement] INFO  server.RaftServerConfigKeys (ConfUtils.java:logGet(46)) - raft.server.log.appender.install.snapshot.enabled = false (custom)
2024-04-29 10:07:45,499 [29872338-e6e3-4ec5-923b-53e8a9791636-groupManagement] INFO  server.RaftServerConfigKeys (ConfUtils.java:logGet(46)) - raft.server.threadpool.server.cached = true (default)
2024-04-29 10:07:45,499 [29872338-e6e3-4ec5-923b-53e8a9791636-groupManagement] INFO  server.RaftServerConfigKeys (ConfUtils.java:logGet(46)) - raft.server.threadpool.server.size = 0 (default)
2024-04-29 10:07:45,499 [29872338-e6e3-4ec5-923b-53e8a9791636-groupManagement] INFO  server.RaftServerConfigKeys (ConfUtils.java:logGet(46)) - raft.server.threadpool.client.cached = true (default)
2024-04-29 10:07:45,499 [29872338-e6e3-4ec5-923b-53e8a9791636-groupManagement] INFO  server.RaftServerConfigKeys (ConfUtils.java:logGet(46)) - raft.server.threadpool.client.size = 0 (default)
2024-04-29 10:07:45,499 [29872338-e6e3-4ec5-923b-53e8a9791636-groupManagement] INFO  server.RaftServerConfigKeys (ConfUtils.java:logGet(46)) - raft.server.storage.free-space.min = 0MB (=0) (default)
2024-04-29 10:07:45,499 [29872338-e6e3-4ec5-923b-53e8a9791636-groupManagement] INFO  server.RaftServerConfigKeys (ConfUtils.java:logGet(46)) - raft.server.log.corruption.policy = EXCEPTION (default)
2024-04-29 10:07:45,499 [29872338-e6e3-4ec5-923b-53e8a9791636-groupManagement] INFO  server.RaftServerConfigKeys (ConfUtils.java:logGet(46)) - raft.server.storage.dir = [/home/runner/work/ozone/ozone/hadoop-ozone/integration-test/target/test-dir/MiniOzoneClusterImpl-b29d8e3c-9ac1-4bd8-916d-9a49b4a73262/ozone-meta/datanode-8/ratis] (custom)
2024-04-29 10:07:45,499 [29872338-e6e3-4ec5-923b-53e8a9791636-groupManagement] INFO  storage.RaftStorageDirectory (RaftStorageDirectoryImpl.java:analyzeStorage(138)) - The storage directory /home/runner/work/ozone/ozone/hadoop-ozone/integration-test/target/test-dir/MiniOzoneClusterImpl-b29d8e3c-9ac1-4bd8-916d-9a49b4a73262/ozone-meta/datanode-8/ratis/b77868b8-cee7-4a10-b41b-cc876d3ffd49 does not exist. Creating ...
2024-04-29 10:07:45,500 [29872338-e6e3-4ec5-923b-53e8a9791636-groupManagement] INFO  storage.RaftStorageDirectory (RaftStorageDirectoryImpl.java:tryLock(228)) - Lock on /home/runner/work/ozone/ozone/hadoop-ozone/integration-test/target/test-dir/MiniOzoneClusterImpl-b29d8e3c-9ac1-4bd8-916d-9a49b4a73262/ozone-meta/datanode-8/ratis/b77868b8-cee7-4a10-b41b-cc876d3ffd49/in_use.lock acquired by nodename 20825@fv-az913-54
2024-04-29 10:07:45,501 [29872338-e6e3-4ec5-923b-53e8a9791636-groupManagement] INFO  storage.RaftStorage (RaftStorageImpl.java:format(99)) - Storage directory /home/runner/work/ozone/ozone/hadoop-ozone/integration-test/target/test-dir/MiniOzoneClusterImpl-b29d8e3c-9ac1-4bd8-916d-9a49b4a73262/ozone-meta/datanode-8/ratis/b77868b8-cee7-4a10-b41b-cc876d3ffd49 has been successfully formatted.
2024-04-29 10:07:45,501 [29872338-e6e3-4ec5-923b-53e8a9791636-groupManagement] WARN  util.FileUtils (LogUtils.java:supplyAndLog(63)) - Failed to Files.newInputStream /home/runner/work/ozone/ozone/hadoop-ozone/integration-test/target/test-dir/MiniOzoneClusterImpl-b29d8e3c-9ac1-4bd8-916d-9a49b4a73262/ozone-meta/datanode-8/ratis/b77868b8-cee7-4a10-b41b-cc876d3ffd49/current/raft-meta.conf with options []: java.nio.file.NoSuchFileException: /home/runner/work/ozone/ozone/hadoop-ozone/integration-test/target/test-dir/MiniOzoneClusterImpl-b29d8e3c-9ac1-4bd8-916d-9a49b4a73262/ozone-meta/datanode-8/ratis/b77868b8-cee7-4a10-b41b-cc876d3ffd49/current/raft-meta.conf
2024-04-29 10:07:45,502 [29872338-e6e3-4ec5-923b-53e8a9791636-groupManagement] INFO  ratis.ContainerStateMachine (ContainerStateMachine.java:loadSnapshot(287)) - group-CC876D3FFD49: The snapshot info is null. Setting the last applied index to:(t:0, i:~)
2024-04-29 10:07:45,502 [29872338-e6e3-4ec5-923b-53e8a9791636-groupManagement] INFO  server.RaftServerConfigKeys (ConfUtils.java:logGet(46)) - raft.server.log.use.memory = false (default)
2024-04-29 10:07:45,502 [29872338-e6e3-4ec5-923b-53e8a9791636-groupManagement] INFO  server.RaftServerConfigKeys (ConfUtils.java:logGet(46)) - raft.server.log.purge.gap = 1000000 (custom)
2024-04-29 10:07:45,502 [29872338-e6e3-4ec5-923b-53e8a9791636-groupManagement] INFO  server.RaftServerConfigKeys (ConfUtils.java:logGet(46)) - raft.server.log.appender.buffer.byte-limit = 8388608 (custom)
2024-04-29 10:07:45,502 [29872338-e6e3-4ec5-923b-53e8a9791636-groupManagement] INFO  server.RaftServerConfigKeys (ConfUtils.java:logGet(46)) - raft.server.log.statemachine.data.read.timeout = 1000ms (default)
2024-04-29 10:07:45,502 [29872338-e6e3-4ec5-923b-53e8a9791636-groupManagement] INFO  server.RaftServerConfigKeys (ConfUtils.java:logGet(46)) - raft.server.log.purge.preservation.log.num = 0 (default)
2024-04-29 10:07:45,502 [EventQueue-PipelineReportForPipelineReportHandler] INFO  pipeline.PipelineReportHandler (PipelineReportHandler.java:processPipelineReport(136)) - Opened pipeline PipelineID=b77868b8-cee7-4a10-b41b-cc876d3ffd49
2024-04-29 10:07:45,503 [EventQueue-OpenPipelineForHealthyPipelineSafeModeRule] INFO  safemode.SCMSafeModeManager (HealthyPipelineSafeModeRule.java:process(140)) - SCM in safe mode. Healthy pipelines reported count is 0, required healthy pipeline reported count is 1
2024-04-29 10:07:45,503 [29872338-e6e3-4ec5-923b-53e8a9791636-groupManagement] INFO  server.RaftServerConfigKeys (ConfUtils.java:logGet(46)) - raft.server.log.segment.size.max = 67108864 (custom)
2024-04-29 10:07:45,503 [29872338-e6e3-4ec5-923b-53e8a9791636-groupManagement] INFO  server.RaftServerConfigKeys (ConfUtils.java:logGet(46)) - raft.server.log.segment.cache.num.max = 2 (custom)
2024-04-29 10:07:45,503 [29872338-e6e3-4ec5-923b-53e8a9791636-groupManagement] INFO  server.RaftServerConfigKeys (ConfUtils.java:logGet(46)) - raft.server.log.segment.cache.size.max = 200MB (=209715200) (default)
2024-04-29 10:07:45,503 [29872338-e6e3-4ec5-923b-53e8a9791636-groupManagement] INFO  server.RaftServerConfigKeys (ConfUtils.java:logGet(46)) - raft.server.log.appender.buffer.byte-limit = 8388608 (custom)
2024-04-29 10:07:45,503 [29872338-e6e3-4ec5-923b-53e8a9791636-groupManagement] INFO  util.AwaitToRun (AwaitToRun.java:start(81)) - Thread[29872338-e6e3-4ec5-923b-53e8a9791636@group-CC876D3FFD49-cacheEviction-AwaitToRun,5,main] started
2024-04-29 10:07:45,503 [29872338-e6e3-4ec5-923b-53e8a9791636-groupManagement] INFO  segmented.SegmentedRaftLogWorker (SegmentedRaftLogWorker.java:<init>(182)) - new 29872338-e6e3-4ec5-923b-53e8a9791636@group-CC876D3FFD49-SegmentedRaftLogWorker for RaftStorageImpl:Storage Directory /home/runner/work/ozone/ozone/hadoop-ozone/integration-test/target/test-dir/MiniOzoneClusterImpl-b29d8e3c-9ac1-4bd8-916d-9a49b4a73262/ozone-meta/datanode-8/ratis/b77868b8-cee7-4a10-b41b-cc876d3ffd49
2024-04-29 10:07:45,503 [29872338-e6e3-4ec5-923b-53e8a9791636-groupManagement] INFO  server.RaftServerConfigKeys (ConfUtils.java:logGet(46)) - raft.server.log.queue.byte-limit = 4294967296 (custom)
2024-04-29 10:07:45,503 [29872338-e6e3-4ec5-923b-53e8a9791636-groupManagement] INFO  server.RaftServerConfigKeys (ConfUtils.java:logGet(46)) - raft.server.log.queue.element-limit = 1024 (custom)
2024-04-29 10:07:45,504 [29872338-e6e3-4ec5-923b-53e8a9791636-groupManagement] INFO  server.RaftServerConfigKeys (ConfUtils.java:logGet(46)) - raft.server.log.segment.size.max = 67108864 (custom)
2024-04-29 10:07:45,504 [29872338-e6e3-4ec5-923b-53e8a9791636-groupManagement] INFO  server.RaftServerConfigKeys (ConfUtils.java:logGet(46)) - raft.server.log.preallocated.size = 4194304 (custom)
2024-04-29 10:07:45,504 [29872338-e6e3-4ec5-923b-53e8a9791636-groupManagement] INFO  server.RaftServerConfigKeys (ConfUtils.java:logGet(46)) - raft.server.log.force.sync.num = 128 (default)
2024-04-29 10:07:45,504 [29872338-e6e3-4ec5-923b-53e8a9791636-groupManagement] INFO  server.RaftServerConfigKeys (ConfUtils.java:logGet(46)) - raft.server.log.statemachine.data.sync = true (default)
2024-04-29 10:07:45,504 [29872338-e6e3-4ec5-923b-53e8a9791636-groupManagement] INFO  server.RaftServerConfigKeys (ConfUtils.java:logGet(46)) - raft.server.log.statemachine.data.sync.timeout = 10s (default)
2024-04-29 10:07:45,504 [29872338-e6e3-4ec5-923b-53e8a9791636-groupManagement] INFO  server.RaftServerConfigKeys (ConfUtils.java:logGet(46)) - raft.server.log.statemachine.data.sync.timeout.retry = 30 (custom)
2024-04-29 10:07:45,504 [29872338-e6e3-4ec5-923b-53e8a9791636-groupManagement] INFO  server.RaftServerConfigKeys (ConfUtils.java:logGet(46)) - raft.server.log.write.buffer.size = 8388616 (custom)
2024-04-29 10:07:45,505 [29872338-e6e3-4ec5-923b-53e8a9791636-groupManagement] INFO  server.RaftServerConfigKeys (ConfUtils.java:logGet(46)) - raft.server.log.appender.buffer.byte-limit = 8388608 (custom)
2024-04-29 10:07:45,505 [29872338-e6e3-4ec5-923b-53e8a9791636-groupManagement] INFO  server.RaftServerConfigKeys (ConfUtils.java:logGet(46)) - raft.server.log.unsafe-flush.enabled = false (default)
2024-04-29 10:07:45,505 [29872338-e6e3-4ec5-923b-53e8a9791636-groupManagement] INFO  server.RaftServerConfigKeys (ConfUtils.java:logGet(46)) - raft.server.log.async-flush.enabled = false (default)
2024-04-29 10:07:45,505 [29872338-e6e3-4ec5-923b-53e8a9791636-groupManagement] INFO  server.RaftServerConfigKeys (ConfUtils.java:logGet(46)) - raft.server.log.statemachine.data.caching.enabled = true (custom)
2024-04-29 10:07:45,505 [29872338-e6e3-4ec5-923b-53e8a9791636-groupManagement] INFO  segmented.SegmentedRaftLogWorker (SegmentedRaftLogWorker.java:lambda$new$0(134)) - 29872338-e6e3-4ec5-923b-53e8a9791636@group-CC876D3FFD49-SegmentedRaftLogWorker: flushIndex: setUnconditionally 0 -> -1
2024-04-29 10:07:45,505 [29872338-e6e3-4ec5-923b-53e8a9791636-groupManagement] INFO  segmented.SegmentedRaftLogWorker (SegmentedRaftLogWorker.java:lambda$new$0(134)) - 29872338-e6e3-4ec5-923b-53e8a9791636@group-CC876D3FFD49-SegmentedRaftLogWorker: safeCacheEvictIndex: setUnconditionally 0 -> -1
2024-04-29 10:07:45,506 [29872338-e6e3-4ec5-923b-53e8a9791636-groupManagement] INFO  server.RaftServer$Division (RaftServerImpl.java:start(396)) - 29872338-e6e3-4ec5-923b-53e8a9791636@group-CC876D3FFD49: start as a follower, conf=-1: peers:[29872338-e6e3-4ec5-923b-53e8a9791636|127.0.0.1:15611]|listeners:[], old=null
2024-04-29 10:07:45,506 [29872338-e6e3-4ec5-923b-53e8a9791636-groupManagement] INFO  server.RaftServer$Division (RaftServerImpl.java:setRole(383)) - 29872338-e6e3-4ec5-923b-53e8a9791636@group-CC876D3FFD49: changes role from      null to FOLLOWER at term 0 for startAsFollower
2024-04-29 10:07:45,506 [29872338-e6e3-4ec5-923b-53e8a9791636-groupManagement] INFO  impl.RoleInfo (RoleInfo.java:updateAndGet(139)) - 29872338-e6e3-4ec5-923b-53e8a9791636: start 29872338-e6e3-4ec5-923b-53e8a9791636@group-CC876D3FFD49-FollowerState
2024-04-29 10:07:45,506 [29872338-e6e3-4ec5-923b-53e8a9791636-groupManagement] INFO  util.JmxRegister (JmxRegister.java:tryRegister(44)) - Successfully registered JMX Bean with object name Ratis:service=RaftServer,group=group-CC876D3FFD49,id=29872338-e6e3-4ec5-923b-53e8a9791636
2024-04-29 10:07:45,506 [29872338-e6e3-4ec5-923b-53e8a9791636-groupManagement] INFO  server.RaftServerConfigKeys (ConfUtils.java:logGet(46)) - raft.server.snapshot.trigger-when-stop.enabled = true (default)
2024-04-29 10:07:45,506 [29872338-e6e3-4ec5-923b-53e8a9791636-groupManagement] INFO  server.RaftServerConfigKeys (ConfUtils.java:logGet(46)) - raft.server.snapshot.auto.trigger.enabled = true (custom)
2024-04-29 10:07:45,506 [29872338-e6e3-4ec5-923b-53e8a9791636-groupManagement] INFO  server.RaftServerConfigKeys (ConfUtils.java:logGet(46)) - raft.server.snapshot.auto.trigger.threshold = 10000 (custom)
2024-04-29 10:07:45,506 [29872338-e6e3-4ec5-923b-53e8a9791636-groupManagement] INFO  server.RaftServerConfigKeys (ConfUtils.java:logGet(46)) - raft.server.snapshot.retention.file.num = 5 (custom)
2024-04-29 10:07:45,506 [29872338-e6e3-4ec5-923b-53e8a9791636-groupManagement] INFO  server.RaftServerConfigKeys (ConfUtils.java:logGet(46)) - raft.server.log.purge.upto.snapshot.index = false (default)
2024-04-29 10:07:45,506 [29872338-e6e3-4ec5-923b-53e8a9791636@group-CC876D3FFD49-FollowerState] INFO  server.RaftServerConfigKeys (ConfUtils.java:logFallback(53)) - raft.server.rpc.first-election.timeout.min = 5s (fallback to raft.server.rpc.timeout.min)
2024-04-29 10:07:45,506 [29872338-e6e3-4ec5-923b-53e8a9791636@group-CC876D3FFD49-FollowerState] INFO  server.RaftServerConfigKeys (ConfUtils.java:logFallback(53)) - raft.server.rpc.first-election.timeout.max = 5200ms (fallback to raft.server.rpc.timeout.max)
2024-04-29 10:07:45,507 [29872338-e6e3-4ec5-923b-53e8a9791636-groupManagement] INFO  server.RaftServerConfigKeys (ConfUtils.java:logGet(46)) - raft.server.storage.free-space.min = 0MB (=0) (default)
2024-04-29 10:07:45,507 [29872338-e6e3-4ec5-923b-53e8a9791636-groupManagement] INFO  server.RaftServerConfigKeys (ConfUtils.java:logGet(46)) - raft.server.log.corruption.policy = EXCEPTION (default)
2024-04-29 10:07:45,507 [29872338-e6e3-4ec5-923b-53e8a9791636-PipelineCommandHandlerThread-0] INFO  ratis.XceiverServerRatis (XceiverServerRatis.java:addGroup(864)) - Created group PipelineID=b77868b8-cee7-4a10-b41b-cc876d3ffd49
2024-04-29 10:07:45,507 [29872338-e6e3-4ec5-923b-53e8a9791636-groupManagement] INFO  server.RaftServerConfigKeys (ConfUtils.java:logGet(46)) - raft.server.storage.dir = [/home/runner/work/ozone/ozone/hadoop-ozone/integration-test/target/test-dir/MiniOzoneClusterImpl-b29d8e3c-9ac1-4bd8-916d-9a49b4a73262/ozone-meta/datanode-8/ratis] (custom)
2024-04-29 10:07:45,507 [29872338-e6e3-4ec5-923b-53e8a9791636-PipelineCommandHandlerThread-0] INFO  commandhandler.CreatePipelineCommandHandler (CreatePipelineCommandHandler.java:lambda$handle$2(124)) - Created Pipeline RATIS ONE PipelineID=b77868b8-cee7-4a10-b41b-cc876d3ffd49.
2024-04-29 10:07:45,507 [29872338-e6e3-4ec5-923b-53e8a9791636-groupManagement] INFO  storage.RaftStorageDirectory (RaftStorageDirectoryImpl.java:analyzeStorage(138)) - The storage directory /home/runner/work/ozone/ozone/hadoop-ozone/integration-test/target/test-dir/MiniOzoneClusterImpl-b29d8e3c-9ac1-4bd8-916d-9a49b4a73262/ozone-meta/datanode-8/ratis/469e50ad-6cde-4a23-a4d7-3bd7d644ae46 does not exist. Creating ...
2024-04-29 10:07:45,508 [29872338-e6e3-4ec5-923b-53e8a9791636-groupManagement] INFO  storage.RaftStorageDirectory (RaftStorageDirectoryImpl.java:tryLock(228)) - Lock on /home/runner/work/ozone/ozone/hadoop-ozone/integration-test/target/test-dir/MiniOzoneClusterImpl-b29d8e3c-9ac1-4bd8-916d-9a49b4a73262/ozone-meta/datanode-8/ratis/469e50ad-6cde-4a23-a4d7-3bd7d644ae46/in_use.lock acquired by nodename 20825@fv-az913-54
2024-04-29 10:07:45,509 [29872338-e6e3-4ec5-923b-53e8a9791636-groupManagement] INFO  storage.RaftStorage (RaftStorageImpl.java:format(99)) - Storage directory /home/runner/work/ozone/ozone/hadoop-ozone/integration-test/target/test-dir/MiniOzoneClusterImpl-b29d8e3c-9ac1-4bd8-916d-9a49b4a73262/ozone-meta/datanode-8/ratis/469e50ad-6cde-4a23-a4d7-3bd7d644ae46 has been successfully formatted.
2024-04-29 10:07:45,509 [29872338-e6e3-4ec5-923b-53e8a9791636-groupManagement] WARN  util.FileUtils (LogUtils.java:supplyAndLog(63)) - Failed to Files.newInputStream /home/runner/work/ozone/ozone/hadoop-ozone/integration-test/target/test-dir/MiniOzoneClusterImpl-b29d8e3c-9ac1-4bd8-916d-9a49b4a73262/ozone-meta/datanode-8/ratis/469e50ad-6cde-4a23-a4d7-3bd7d644ae46/current/raft-meta.conf with options []: java.nio.file.NoSuchFileException: /home/runner/work/ozone/ozone/hadoop-ozone/integration-test/target/test-dir/MiniOzoneClusterImpl-b29d8e3c-9ac1-4bd8-916d-9a49b4a73262/ozone-meta/datanode-8/ratis/469e50ad-6cde-4a23-a4d7-3bd7d644ae46/current/raft-meta.conf
2024-04-29 10:07:45,509 [29872338-e6e3-4ec5-923b-53e8a9791636-groupManagement] INFO  ratis.ContainerStateMachine (ContainerStateMachine.java:loadSnapshot(287)) - group-3BD7D644AE46: The snapshot info is null. Setting the last applied index to:(t:0, i:~)
2024-04-29 10:07:45,509 [29872338-e6e3-4ec5-923b-53e8a9791636-groupManagement] INFO  server.RaftServerConfigKeys (ConfUtils.java:logGet(46)) - raft.server.log.use.memory = false (default)
2024-04-29 10:07:45,509 [29872338-e6e3-4ec5-923b-53e8a9791636-groupManagement] INFO  server.RaftServerConfigKeys (ConfUtils.java:logGet(46)) - raft.server.log.purge.gap = 1000000 (custom)
2024-04-29 10:07:45,509 [29872338-e6e3-4ec5-923b-53e8a9791636-groupManagement] INFO  server.RaftServerConfigKeys (ConfUtils.java:logGet(46)) - raft.server.log.appender.buffer.byte-limit = 8388608 (custom)
2024-04-29 10:07:45,509 [29872338-e6e3-4ec5-923b-53e8a9791636-groupManagement] INFO  server.RaftServerConfigKeys (ConfUtils.java:logGet(46)) - raft.server.log.statemachine.data.read.timeout = 1000ms (default)
2024-04-29 10:07:45,509 [29872338-e6e3-4ec5-923b-53e8a9791636-groupManagement] INFO  server.RaftServerConfigKeys (ConfUtils.java:logGet(46)) - raft.server.log.purge.preservation.log.num = 0 (default)
2024-04-29 10:07:45,510 [EventQueue-OpenPipelineForHealthyPipelineSafeModeRule] INFO  safemode.SCMSafeModeManager (HealthyPipelineSafeModeRule.java:process(140)) - SCM in safe mode. Healthy pipelines reported count is 0, required healthy pipeline reported count is 1
2024-04-29 10:07:45,510 [29872338-e6e3-4ec5-923b-53e8a9791636-groupManagement] INFO  server.RaftServerConfigKeys (ConfUtils.java:logGet(46)) - raft.server.log.segment.size.max = 67108864 (custom)
2024-04-29 10:07:45,511 [29872338-e6e3-4ec5-923b-53e8a9791636-groupManagement] INFO  server.RaftServerConfigKeys (ConfUtils.java:logGet(46)) - raft.server.log.segment.cache.num.max = 2 (custom)
2024-04-29 10:07:45,511 [29872338-e6e3-4ec5-923b-53e8a9791636-groupManagement] INFO  server.RaftServerConfigKeys (ConfUtils.java:logGet(46)) - raft.server.log.segment.cache.size.max = 200MB (=209715200) (default)
2024-04-29 10:07:45,511 [29872338-e6e3-4ec5-923b-53e8a9791636-groupManagement] INFO  server.RaftServerConfigKeys (ConfUtils.java:logGet(46)) - raft.server.log.appender.buffer.byte-limit = 8388608 (custom)
2024-04-29 10:07:45,511 [29872338-e6e3-4ec5-923b-53e8a9791636-groupManagement] INFO  util.AwaitToRun (AwaitToRun.java:start(81)) - Thread[29872338-e6e3-4ec5-923b-53e8a9791636@group-3BD7D644AE46-cacheEviction-AwaitToRun,5,main] started
2024-04-29 10:07:45,511 [29872338-e6e3-4ec5-923b-53e8a9791636-groupManagement] INFO  segmented.SegmentedRaftLogWorker (SegmentedRaftLogWorker.java:<init>(182)) - new 29872338-e6e3-4ec5-923b-53e8a9791636@group-3BD7D644AE46-SegmentedRaftLogWorker for RaftStorageImpl:Storage Directory /home/runner/work/ozone/ozone/hadoop-ozone/integration-test/target/test-dir/MiniOzoneClusterImpl-b29d8e3c-9ac1-4bd8-916d-9a49b4a73262/ozone-meta/datanode-8/ratis/469e50ad-6cde-4a23-a4d7-3bd7d644ae46
2024-04-29 10:07:45,511 [29872338-e6e3-4ec5-923b-53e8a9791636-groupManagement] INFO  server.RaftServerConfigKeys (ConfUtils.java:logGet(46)) - raft.server.log.queue.byte-limit = 4294967296 (custom)
2024-04-29 10:07:45,511 [29872338-e6e3-4ec5-923b-53e8a9791636-groupManagement] INFO  server.RaftServerConfigKeys (ConfUtils.java:logGet(46)) - raft.server.log.queue.element-limit = 1024 (custom)
2024-04-29 10:07:45,511 [29872338-e6e3-4ec5-923b-53e8a9791636-groupManagement] INFO  server.RaftServerConfigKeys (ConfUtils.java:logGet(46)) - raft.server.log.segment.size.max = 67108864 (custom)
2024-04-29 10:07:45,511 [29872338-e6e3-4ec5-923b-53e8a9791636-groupManagement] INFO  server.RaftServerConfigKeys (ConfUtils.java:logGet(46)) - raft.server.log.preallocated.size = 4194304 (custom)
2024-04-29 10:07:45,511 [29872338-e6e3-4ec5-923b-53e8a9791636-groupManagement] INFO  server.RaftServerConfigKeys (ConfUtils.java:logGet(46)) - raft.server.log.force.sync.num = 128 (default)
2024-04-29 10:07:45,511 [29872338-e6e3-4ec5-923b-53e8a9791636-groupManagement] INFO  server.RaftServerConfigKeys (ConfUtils.java:logGet(46)) - raft.server.log.statemachine.data.sync = true (default)
2024-04-29 10:07:45,511 [29872338-e6e3-4ec5-923b-53e8a9791636-groupManagement] INFO  server.RaftServerConfigKeys (ConfUtils.java:logGet(46)) - raft.server.log.statemachine.data.sync.timeout = 10s (default)
2024-04-29 10:07:45,511 [29872338-e6e3-4ec5-923b-53e8a9791636-groupManagement] INFO  server.RaftServerConfigKeys (ConfUtils.java:logGet(46)) - raft.server.log.statemachine.data.sync.timeout.retry = 30 (custom)
2024-04-29 10:07:45,511 [29872338-e6e3-4ec5-923b-53e8a9791636-groupManagement] INFO  server.RaftServerConfigKeys (ConfUtils.java:logGet(46)) - raft.server.log.write.buffer.size = 8388616 (custom)
2024-04-29 10:07:45,512 [29872338-e6e3-4ec5-923b-53e8a9791636-groupManagement] INFO  server.RaftServerConfigKeys (ConfUtils.java:logGet(46)) - raft.server.log.appender.buffer.byte-limit = 8388608 (custom)
2024-04-29 10:07:45,512 [29872338-e6e3-4ec5-923b-53e8a9791636-groupManagement] INFO  server.RaftServerConfigKeys (ConfUtils.java:logGet(46)) - raft.server.log.unsafe-flush.enabled = false (default)
2024-04-29 10:07:45,512 [29872338-e6e3-4ec5-923b-53e8a9791636-groupManagement] INFO  server.RaftServerConfigKeys (ConfUtils.java:logGet(46)) - raft.server.log.async-flush.enabled = false (default)
2024-04-29 10:07:45,512 [29872338-e6e3-4ec5-923b-53e8a9791636-groupManagement] INFO  server.RaftServerConfigKeys (ConfUtils.java:logGet(46)) - raft.server.log.statemachine.data.caching.enabled = true (custom)
2024-04-29 10:07:45,513 [29872338-e6e3-4ec5-923b-53e8a9791636-groupManagement] INFO  segmented.SegmentedRaftLogWorker (SegmentedRaftLogWorker.java:lambda$new$0(134)) - 29872338-e6e3-4ec5-923b-53e8a9791636@group-3BD7D644AE46-SegmentedRaftLogWorker: flushIndex: setUnconditionally 0 -> -1
2024-04-29 10:07:45,513 [29872338-e6e3-4ec5-923b-53e8a9791636-groupManagement] INFO  segmented.SegmentedRaftLogWorker (SegmentedRaftLogWorker.java:lambda$new$0(134)) - 29872338-e6e3-4ec5-923b-53e8a9791636@group-3BD7D644AE46-SegmentedRaftLogWorker: safeCacheEvictIndex: setUnconditionally 0 -> -1
2024-04-29 10:07:45,513 [29872338-e6e3-4ec5-923b-53e8a9791636-groupManagement] INFO  server.RaftServer$Division (RaftServerImpl.java:start(396)) - 29872338-e6e3-4ec5-923b-53e8a9791636@group-3BD7D644AE46: start as a follower, conf=-1: peers:[d62b1b2a-c9ad-4d76-9b36-24bd1a5a2aa1|127.0.0.1:15602, 29872338-e6e3-4ec5-923b-53e8a9791636|127.0.0.1:15611, 1f92b403-6a1c-4076-80c0-09f74f2f4297|127.0.0.1:15620]|listeners:[], old=null
2024-04-29 10:07:45,513 [29872338-e6e3-4ec5-923b-53e8a9791636-groupManagement] INFO  server.RaftServer$Division (RaftServerImpl.java:setRole(383)) - 29872338-e6e3-4ec5-923b-53e8a9791636@group-3BD7D644AE46: changes role from      null to FOLLOWER at term 0 for startAsFollower
2024-04-29 10:07:45,513 [29872338-e6e3-4ec5-923b-53e8a9791636-groupManagement] INFO  impl.RoleInfo (RoleInfo.java:updateAndGet(139)) - 29872338-e6e3-4ec5-923b-53e8a9791636: start 29872338-e6e3-4ec5-923b-53e8a9791636@group-3BD7D644AE46-FollowerState
2024-04-29 10:07:45,513 [29872338-e6e3-4ec5-923b-53e8a9791636-groupManagement] INFO  util.JmxRegister (JmxRegister.java:tryRegister(44)) - Successfully registered JMX Bean with object name Ratis:service=RaftServer,group=group-3BD7D644AE46,id=29872338-e6e3-4ec5-923b-53e8a9791636
2024-04-29 10:07:45,513 [29872338-e6e3-4ec5-923b-53e8a9791636@group-3BD7D644AE46-FollowerState] INFO  server.RaftServerConfigKeys (ConfUtils.java:logFallback(53)) - raft.server.rpc.first-election.timeout.min = 5s (fallback to raft.server.rpc.timeout.min)
2024-04-29 10:07:45,513 [29872338-e6e3-4ec5-923b-53e8a9791636-groupManagement] INFO  server.RaftServerConfigKeys (ConfUtils.java:logGet(46)) - raft.server.snapshot.trigger-when-stop.enabled = true (default)
2024-04-29 10:07:45,513 [29872338-e6e3-4ec5-923b-53e8a9791636-groupManagement] INFO  server.RaftServerConfigKeys (ConfUtils.java:logGet(46)) - raft.server.snapshot.auto.trigger.enabled = true (custom)
2024-04-29 10:07:45,513 [29872338-e6e3-4ec5-923b-53e8a9791636-groupManagement] INFO  server.RaftServerConfigKeys (ConfUtils.java:logGet(46)) - raft.server.snapshot.auto.trigger.threshold = 10000 (custom)
2024-04-29 10:07:45,513 [29872338-e6e3-4ec5-923b-53e8a9791636-groupManagement] INFO  server.RaftServerConfigKeys (ConfUtils.java:logGet(46)) - raft.server.snapshot.retention.file.num = 5 (custom)
2024-04-29 10:07:45,513 [29872338-e6e3-4ec5-923b-53e8a9791636-groupManagement] INFO  server.RaftServerConfigKeys (ConfUtils.java:logGet(46)) - raft.server.log.purge.upto.snapshot.index = false (default)
2024-04-29 10:07:45,513 [29872338-e6e3-4ec5-923b-53e8a9791636@group-3BD7D644AE46-FollowerState] INFO  server.RaftServerConfigKeys (ConfUtils.java:logFallback(53)) - raft.server.rpc.first-election.timeout.max = 5200ms (fallback to raft.server.rpc.timeout.max)
2024-04-29 10:07:45,516 [d62b1b2a-c9ad-4d76-9b36-24bd1a5a2aa1-PipelineCommandHandlerThread-0] INFO  commandhandler.CreatePipelineCommandHandler (CreatePipelineCommandHandler.java:lambda$handle$2(124)) - Created Pipeline RATIS THREE PipelineID=469e50ad-6cde-4a23-a4d7-3bd7d644ae46.
2024-04-29 10:07:45,563 [main] INFO  ozone.MiniOzoneClusterImpl (MiniOzoneClusterImpl.java:lambda$waitForClusterToBeReady$0(194)) - Nodes are ready. Got 9 of 9 DN Heartbeats.
2024-04-29 10:07:45,563 [main] INFO  ozone.MiniOzoneClusterImpl (MiniOzoneClusterImpl.java:lambda$waitForClusterToBeReady$0(197)) - Waiting for cluster to exit safe mode
2024-04-29 10:07:45,563 [main] INFO  ozone.MiniOzoneClusterImpl (MiniOzoneClusterImpl.java:lambda$waitForClusterToBeReady$0(199)) - SCM became leader
2024-04-29 10:07:45,565 [1f92b403-6a1c-4076-80c0-09f74f2f4297-PipelineCommandHandlerThread-0] INFO  server.RaftServer (RaftServerProxy.java:addNew(100)) - 1f92b403-6a1c-4076-80c0-09f74f2f4297: addNew group-EED01E0C8FBA:[1f92b403-6a1c-4076-80c0-09f74f2f4297|127.0.0.1:15620] returns group-EED01E0C8FBA:java.util.concurrent.CompletableFuture@6b390389[Not completed]
2024-04-29 10:07:45,565 [1f92b403-6a1c-4076-80c0-09f74f2f4297-groupManagement] INFO  server.RaftServer$Division (RaftServerImpl.java:<init>(256)) - 1f92b403-6a1c-4076-80c0-09f74f2f4297: new RaftServerImpl for group-EED01E0C8FBA:[1f92b403-6a1c-4076-80c0-09f74f2f4297|127.0.0.1:15620] with ContainerStateMachine:uninitialized
2024-04-29 10:07:45,565 [1f92b403-6a1c-4076-80c0-09f74f2f4297-groupManagement] INFO  server.RaftServerConfigKeys (ConfUtils.java:logGet(46)) - raft.server.rpc.timeout.min = 5s (custom)
2024-04-29 10:07:45,565 [1f92b403-6a1c-4076-80c0-09f74f2f4297-groupManagement] INFO  server.RaftServerConfigKeys (ConfUtils.java:logGet(46)) - raft.server.rpc.timeout.max = 5200ms (custom)
2024-04-29 10:07:45,565 [1f92b403-6a1c-4076-80c0-09f74f2f4297-groupManagement] INFO  server.RaftServerConfigKeys (ConfUtils.java:logGet(46)) - raft.server.rpc.sleep.time = 25ms (default)
2024-04-29 10:07:45,565 [1f92b403-6a1c-4076-80c0-09f74f2f4297-groupManagement] INFO  server.RaftServerConfigKeys (ConfUtils.java:logGet(46)) - raft.server.rpc.slowness.timeout = 300000ms (custom)
2024-04-29 10:07:45,566 [1f92b403-6a1c-4076-80c0-09f74f2f4297-groupManagement] INFO  server.RaftServerConfigKeys (ConfUtils.java:logGet(46)) - raft.server.leaderelection.leader.step-down.wait-time = 10s (default)
2024-04-29 10:07:45,566 [1f92b403-6a1c-4076-80c0-09f74f2f4297-groupManagement] INFO  server.RaftServerConfigKeys (ConfUtils.java:logGet(46)) - raft.server.leaderelection.member.majority-add = false (default)
2024-04-29 10:07:45,566 [1f92b403-6a1c-4076-80c0-09f74f2f4297-groupManagement] INFO  server.RaftServerConfigKeys (ConfUtils.java:logGet(46)) - raft.server.sleep.deviation.threshold = 300ms (default)
2024-04-29 10:07:45,566 [1f92b403-6a1c-4076-80c0-09f74f2f4297-groupManagement] INFO  server.RaftServer$Division (ServerState.java:<init>(113)) - 1f92b403-6a1c-4076-80c0-09f74f2f4297@group-EED01E0C8FBA: ConfigurationManager, init=-1: peers:[1f92b403-6a1c-4076-80c0-09f74f2f4297|127.0.0.1:15620]|listeners:[], old=null, confs=<EMPTY_MAP>
2024-04-29 10:07:45,566 [1f92b403-6a1c-4076-80c0-09f74f2f4297-groupManagement] INFO  server.RaftServerConfigKeys (ConfUtils.java:logGet(46)) - raft.server.notification.no-leader.timeout = 300000ms (custom)
2024-04-29 10:07:45,566 [1f92b403-6a1c-4076-80c0-09f74f2f4297-groupManagement] INFO  server.RaftServerConfigKeys (ConfUtils.java:logGet(46)) - raft.server.read.timeout = 10s (default)
2024-04-29 10:07:45,566 [1f92b403-6a1c-4076-80c0-09f74f2f4297-groupManagement] INFO  server.RaftServerConfigKeys (ConfUtils.java:logGet(46)) - raft.server.retrycache.expirytime = 600000ms (custom)
2024-04-29 10:07:45,566 [1f92b403-6a1c-4076-80c0-09f74f2f4297-groupManagement] INFO  server.RaftServerConfigKeys (ConfUtils.java:logGet(46)) - raft.server.retrycache.statistics.expirytime = 100ms (default)
2024-04-29 10:07:45,566 [1f92b403-6a1c-4076-80c0-09f74f2f4297-groupManagement] INFO  server.RaftServerConfigKeys (ConfUtils.java:logGet(46)) - raft.server.read.option = DEFAULT (default)
2024-04-29 10:07:45,566 [1f92b403-6a1c-4076-80c0-09f74f2f4297-groupManagement] INFO  server.RaftServerConfigKeys (ConfUtils.java:logGet(46)) - raft.server.read.read-after-write-consistent.write-index-cache.expiry-time = 60s (default)
2024-04-29 10:07:45,567 [1f92b403-6a1c-4076-80c0-09f74f2f4297-groupManagement] INFO  server.RaftServerConfigKeys (ConfUtils.java:logGet(46)) - raft.server.rpc.request.timeout = 3000ms (default)
2024-04-29 10:07:45,567 [1f92b403-6a1c-4076-80c0-09f74f2f4297-groupManagement] INFO  server.RaftServerConfigKeys (ConfUtils.java:logGet(46)) - raft.server.log.appender.install.snapshot.enabled = false (custom)
2024-04-29 10:07:45,567 [1f92b403-6a1c-4076-80c0-09f74f2f4297-groupManagement] INFO  server.RaftServerConfigKeys (ConfUtils.java:logGet(46)) - raft.server.threadpool.server.cached = true (default)
2024-04-29 10:07:45,567 [1f92b403-6a1c-4076-80c0-09f74f2f4297-groupManagement] INFO  server.RaftServerConfigKeys (ConfUtils.java:logGet(46)) - raft.server.threadpool.server.size = 0 (default)
2024-04-29 10:07:45,568 [1f92b403-6a1c-4076-80c0-09f74f2f4297-groupManagement] INFO  server.RaftServerConfigKeys (ConfUtils.java:logGet(46)) - raft.server.threadpool.client.cached = true (default)
2024-04-29 10:07:45,568 [1f92b403-6a1c-4076-80c0-09f74f2f4297-groupManagement] INFO  server.RaftServerConfigKeys (ConfUtils.java:logGet(46)) - raft.server.threadpool.client.size = 0 (default)
2024-04-29 10:07:45,568 [1f92b403-6a1c-4076-80c0-09f74f2f4297-groupManagement] INFO  server.RaftServerConfigKeys (ConfUtils.java:logGet(46)) - raft.server.storage.free-space.min = 0MB (=0) (default)
2024-04-29 10:07:45,568 [1f92b403-6a1c-4076-80c0-09f74f2f4297-groupManagement] INFO  server.RaftServerConfigKeys (ConfUtils.java:logGet(46)) - raft.server.log.corruption.policy = EXCEPTION (default)
2024-04-29 10:07:45,568 [1f92b403-6a1c-4076-80c0-09f74f2f4297-groupManagement] INFO  server.RaftServerConfigKeys (ConfUtils.java:logGet(46)) - raft.server.storage.dir = [/home/runner/work/ozone/ozone/hadoop-ozone/integration-test/target/test-dir/MiniOzoneClusterImpl-b29d8e3c-9ac1-4bd8-916d-9a49b4a73262/ozone-meta/datanode-9/ratis] (custom)
2024-04-29 10:07:45,568 [1f92b403-6a1c-4076-80c0-09f74f2f4297-groupManagement] INFO  storage.RaftStorageDirectory (RaftStorageDirectoryImpl.java:analyzeStorage(138)) - The storage directory /home/runner/work/ozone/ozone/hadoop-ozone/integration-test/target/test-dir/MiniOzoneClusterImpl-b29d8e3c-9ac1-4bd8-916d-9a49b4a73262/ozone-meta/datanode-9/ratis/bba541d4-32cb-47e6-86ae-eed01e0c8fba does not exist. Creating ...
2024-04-29 10:07:45,569 [1f92b403-6a1c-4076-80c0-09f74f2f4297-groupManagement] INFO  storage.RaftStorageDirectory (RaftStorageDirectoryImpl.java:tryLock(228)) - Lock on /home/runner/work/ozone/ozone/hadoop-ozone/integration-test/target/test-dir/MiniOzoneClusterImpl-b29d8e3c-9ac1-4bd8-916d-9a49b4a73262/ozone-meta/datanode-9/ratis/bba541d4-32cb-47e6-86ae-eed01e0c8fba/in_use.lock acquired by nodename 20825@fv-az913-54
2024-04-29 10:07:45,570 [1f92b403-6a1c-4076-80c0-09f74f2f4297-groupManagement] INFO  storage.RaftStorage (RaftStorageImpl.java:format(99)) - Storage directory /home/runner/work/ozone/ozone/hadoop-ozone/integration-test/target/test-dir/MiniOzoneClusterImpl-b29d8e3c-9ac1-4bd8-916d-9a49b4a73262/ozone-meta/datanode-9/ratis/bba541d4-32cb-47e6-86ae-eed01e0c8fba has been successfully formatted.
2024-04-29 10:07:45,570 [1f92b403-6a1c-4076-80c0-09f74f2f4297-groupManagement] WARN  util.FileUtils (LogUtils.java:supplyAndLog(63)) - Failed to Files.newInputStream /home/runner/work/ozone/ozone/hadoop-ozone/integration-test/target/test-dir/MiniOzoneClusterImpl-b29d8e3c-9ac1-4bd8-916d-9a49b4a73262/ozone-meta/datanode-9/ratis/bba541d4-32cb-47e6-86ae-eed01e0c8fba/current/raft-meta.conf with options []: java.nio.file.NoSuchFileException: /home/runner/work/ozone/ozone/hadoop-ozone/integration-test/target/test-dir/MiniOzoneClusterImpl-b29d8e3c-9ac1-4bd8-916d-9a49b4a73262/ozone-meta/datanode-9/ratis/bba541d4-32cb-47e6-86ae-eed01e0c8fba/current/raft-meta.conf
2024-04-29 10:07:45,570 [1f92b403-6a1c-4076-80c0-09f74f2f4297-groupManagement] INFO  ratis.ContainerStateMachine (ContainerStateMachine.java:loadSnapshot(287)) - group-EED01E0C8FBA: The snapshot info is null. Setting the last applied index to:(t:0, i:~)
2024-04-29 10:07:45,570 [1f92b403-6a1c-4076-80c0-09f74f2f4297-groupManagement] INFO  server.RaftServerConfigKeys (ConfUtils.java:logGet(46)) - raft.server.log.use.memory = false (default)
2024-04-29 10:07:45,570 [1f92b403-6a1c-4076-80c0-09f74f2f4297-groupManagement] INFO  server.RaftServerConfigKeys (ConfUtils.java:logGet(46)) - raft.server.log.purge.gap = 1000000 (custom)
2024-04-29 10:07:45,570 [1f92b403-6a1c-4076-80c0-09f74f2f4297-groupManagement] INFO  server.RaftServerConfigKeys (ConfUtils.java:logGet(46)) - raft.server.log.appender.buffer.byte-limit = 8388608 (custom)
2024-04-29 10:07:45,570 [1f92b403-6a1c-4076-80c0-09f74f2f4297-groupManagement] INFO  server.RaftServerConfigKeys (ConfUtils.java:logGet(46)) - raft.server.log.statemachine.data.read.timeout = 1000ms (default)
2024-04-29 10:07:45,570 [1f92b403-6a1c-4076-80c0-09f74f2f4297-groupManagement] INFO  server.RaftServerConfigKeys (ConfUtils.java:logGet(46)) - raft.server.log.purge.preservation.log.num = 0 (default)
2024-04-29 10:07:45,571 [EventQueue-PipelineReportForPipelineReportHandler] INFO  pipeline.PipelineReportHandler (PipelineReportHandler.java:processPipelineReport(136)) - Opened pipeline PipelineID=bba541d4-32cb-47e6-86ae-eed01e0c8fba
2024-04-29 10:07:45,571 [EventQueue-OpenPipelineForHealthyPipelineSafeModeRule] INFO  safemode.SCMSafeModeManager (HealthyPipelineSafeModeRule.java:process(140)) - SCM in safe mode. Healthy pipelines reported count is 0, required healthy pipeline reported count is 1
2024-04-29 10:07:45,572 [1f92b403-6a1c-4076-80c0-09f74f2f4297-groupManagement] INFO  server.RaftServerConfigKeys (ConfUtils.java:logGet(46)) - raft.server.log.segment.size.max = 67108864 (custom)
2024-04-29 10:07:45,572 [1f92b403-6a1c-4076-80c0-09f74f2f4297-groupManagement] INFO  server.RaftServerConfigKeys (ConfUtils.java:logGet(46)) - raft.server.log.segment.cache.num.max = 2 (custom)
2024-04-29 10:07:45,572 [1f92b403-6a1c-4076-80c0-09f74f2f4297-groupManagement] INFO  server.RaftServerConfigKeys (ConfUtils.java:logGet(46)) - raft.server.log.segment.cache.size.max = 200MB (=209715200) (default)
2024-04-29 10:07:45,572 [1f92b403-6a1c-4076-80c0-09f74f2f4297-groupManagement] INFO  server.RaftServerConfigKeys (ConfUtils.java:logGet(46)) - raft.server.log.appender.buffer.byte-limit = 8388608 (custom)
2024-04-29 10:07:45,572 [1f92b403-6a1c-4076-80c0-09f74f2f4297-groupManagement] INFO  util.AwaitToRun (AwaitToRun.java:start(81)) - Thread[1f92b403-6a1c-4076-80c0-09f74f2f4297@group-EED01E0C8FBA-cacheEviction-AwaitToRun,5,main] started
2024-04-29 10:07:45,572 [1f92b403-6a1c-4076-80c0-09f74f2f4297-groupManagement] INFO  segmented.SegmentedRaftLogWorker (SegmentedRaftLogWorker.java:<init>(182)) - new 1f92b403-6a1c-4076-80c0-09f74f2f4297@group-EED01E0C8FBA-SegmentedRaftLogWorker for RaftStorageImpl:Storage Directory /home/runner/work/ozone/ozone/hadoop-ozone/integration-test/target/test-dir/MiniOzoneClusterImpl-b29d8e3c-9ac1-4bd8-916d-9a49b4a73262/ozone-meta/datanode-9/ratis/bba541d4-32cb-47e6-86ae-eed01e0c8fba
2024-04-29 10:07:45,572 [1f92b403-6a1c-4076-80c0-09f74f2f4297-groupManagement] INFO  server.RaftServerConfigKeys (ConfUtils.java:logGet(46)) - raft.server.log.queue.byte-limit = 4294967296 (custom)
2024-04-29 10:07:45,572 [1f92b403-6a1c-4076-80c0-09f74f2f4297-groupManagement] INFO  server.RaftServerConfigKeys (ConfUtils.java:logGet(46)) - raft.server.log.queue.element-limit = 1024 (custom)
2024-04-29 10:07:45,572 [1f92b403-6a1c-4076-80c0-09f74f2f4297-groupManagement] INFO  server.RaftServerConfigKeys (ConfUtils.java:logGet(46)) - raft.server.log.segment.size.max = 67108864 (custom)
2024-04-29 10:07:45,572 [1f92b403-6a1c-4076-80c0-09f74f2f4297-groupManagement] INFO  server.RaftServerConfigKeys (ConfUtils.java:logGet(46)) - raft.server.log.preallocated.size = 4194304 (custom)
2024-04-29 10:07:45,572 [1f92b403-6a1c-4076-80c0-09f74f2f4297-groupManagement] INFO  server.RaftServerConfigKeys (ConfUtils.java:logGet(46)) - raft.server.log.force.sync.num = 128 (default)
2024-04-29 10:07:45,572 [1f92b403-6a1c-4076-80c0-09f74f2f4297-groupManagement] INFO  server.RaftServerConfigKeys (ConfUtils.java:logGet(46)) - raft.server.log.statemachine.data.sync = true (default)
2024-04-29 10:07:45,572 [1f92b403-6a1c-4076-80c0-09f74f2f4297-groupManagement] INFO  server.RaftServerConfigKeys (ConfUtils.java:logGet(46)) - raft.server.log.statemachine.data.sync.timeout = 10s (default)
2024-04-29 10:07:45,572 [1f92b403-6a1c-4076-80c0-09f74f2f4297-groupManagement] INFO  server.RaftServerConfigKeys (ConfUtils.java:logGet(46)) - raft.server.log.statemachine.data.sync.timeout.retry = 30 (custom)
2024-04-29 10:07:45,573 [1f92b403-6a1c-4076-80c0-09f74f2f4297-groupManagement] INFO  server.RaftServerConfigKeys (ConfUtils.java:logGet(46)) - raft.server.log.write.buffer.size = 8388616 (custom)
2024-04-29 10:07:45,574 [1f92b403-6a1c-4076-80c0-09f74f2f4297-groupManagement] INFO  server.RaftServerConfigKeys (ConfUtils.java:logGet(46)) - raft.server.log.appender.buffer.byte-limit = 8388608 (custom)
2024-04-29 10:07:45,574 [1f92b403-6a1c-4076-80c0-09f74f2f4297-groupManagement] INFO  server.RaftServerConfigKeys (ConfUtils.java:logGet(46)) - raft.server.log.unsafe-flush.enabled = false (default)
2024-04-29 10:07:45,574 [1f92b403-6a1c-4076-80c0-09f74f2f4297-groupManagement] INFO  server.RaftServerConfigKeys (ConfUtils.java:logGet(46)) - raft.server.log.async-flush.enabled = false (default)
2024-04-29 10:07:45,574 [1f92b403-6a1c-4076-80c0-09f74f2f4297-groupManagement] INFO  server.RaftServerConfigKeys (ConfUtils.java:logGet(46)) - raft.server.log.statemachine.data.caching.enabled = true (custom)
2024-04-29 10:07:45,574 [1f92b403-6a1c-4076-80c0-09f74f2f4297-groupManagement] INFO  segmented.SegmentedRaftLogWorker (SegmentedRaftLogWorker.java:lambda$new$0(134)) - 1f92b403-6a1c-4076-80c0-09f74f2f4297@group-EED01E0C8FBA-SegmentedRaftLogWorker: flushIndex: setUnconditionally 0 -> -1
2024-04-29 10:07:45,574 [1f92b403-6a1c-4076-80c0-09f74f2f4297-groupManagement] INFO  segmented.SegmentedRaftLogWorker (SegmentedRaftLogWorker.java:lambda$new$0(134)) - 1f92b403-6a1c-4076-80c0-09f74f2f4297@group-EED01E0C8FBA-SegmentedRaftLogWorker: safeCacheEvictIndex: setUnconditionally 0 -> -1
2024-04-29 10:07:45,574 [1f92b403-6a1c-4076-80c0-09f74f2f4297-groupManagement] INFO  server.RaftServer$Division (RaftServerImpl.java:start(396)) - 1f92b403-6a1c-4076-80c0-09f74f2f4297@group-EED01E0C8FBA: start as a follower, conf=-1: peers:[1f92b403-6a1c-4076-80c0-09f74f2f4297|127.0.0.1:15620]|listeners:[], old=null
2024-04-29 10:07:45,574 [1f92b403-6a1c-4076-80c0-09f74f2f4297-groupManagement] INFO  server.RaftServer$Division (RaftServerImpl.java:setRole(383)) - 1f92b403-6a1c-4076-80c0-09f74f2f4297@group-EED01E0C8FBA: changes role from      null to FOLLOWER at term 0 for startAsFollower
2024-04-29 10:07:45,574 [1f92b403-6a1c-4076-80c0-09f74f2f4297-groupManagement] INFO  impl.RoleInfo (RoleInfo.java:updateAndGet(139)) - 1f92b403-6a1c-4076-80c0-09f74f2f4297: start 1f92b403-6a1c-4076-80c0-09f74f2f4297@group-EED01E0C8FBA-FollowerState
2024-04-29 10:07:45,574 [1f92b403-6a1c-4076-80c0-09f74f2f4297@group-EED01E0C8FBA-FollowerState] INFO  server.RaftServerConfigKeys (ConfUtils.java:logFallback(53)) - raft.server.rpc.first-election.timeout.min = 5s (fallback to raft.server.rpc.timeout.min)
2024-04-29 10:07:45,574 [1f92b403-6a1c-4076-80c0-09f74f2f4297-groupManagement] INFO  util.JmxRegister (JmxRegister.java:tryRegister(44)) - Successfully registered JMX Bean with object name Ratis:service=RaftServer,group=group-EED01E0C8FBA,id=1f92b403-6a1c-4076-80c0-09f74f2f4297
2024-04-29 10:07:45,574 [1f92b403-6a1c-4076-80c0-09f74f2f4297@group-EED01E0C8FBA-FollowerState] INFO  server.RaftServerConfigKeys (ConfUtils.java:logFallback(53)) - raft.server.rpc.first-election.timeout.max = 5200ms (fallback to raft.server.rpc.timeout.max)
2024-04-29 10:07:45,574 [1f92b403-6a1c-4076-80c0-09f74f2f4297-groupManagement] INFO  server.RaftServerConfigKeys (ConfUtils.java:logGet(46)) - raft.server.snapshot.trigger-when-stop.enabled = true (default)
2024-04-29 10:07:45,575 [1f92b403-6a1c-4076-80c0-09f74f2f4297-groupManagement] INFO  server.RaftServerConfigKeys (ConfUtils.java:logGet(46)) - raft.server.snapshot.auto.trigger.enabled = true (custom)
2024-04-29 10:07:45,575 [1f92b403-6a1c-4076-80c0-09f74f2f4297-groupManagement] INFO  server.RaftServerConfigKeys (ConfUtils.java:logGet(46)) - raft.server.snapshot.auto.trigger.threshold = 10000 (custom)
2024-04-29 10:07:45,575 [1f92b403-6a1c-4076-80c0-09f74f2f4297-groupManagement] INFO  server.RaftServerConfigKeys (ConfUtils.java:logGet(46)) - raft.server.snapshot.retention.file.num = 5 (custom)
2024-04-29 10:07:45,575 [1f92b403-6a1c-4076-80c0-09f74f2f4297-groupManagement] INFO  server.RaftServerConfigKeys (ConfUtils.java:logGet(46)) - raft.server.log.purge.upto.snapshot.index = false (default)
2024-04-29 10:07:45,575 [1f92b403-6a1c-4076-80c0-09f74f2f4297-PipelineCommandHandlerThread-0] INFO  ratis.XceiverServerRatis (XceiverServerRatis.java:addGroup(864)) - Created group PipelineID=bba541d4-32cb-47e6-86ae-eed01e0c8fba
2024-04-29 10:07:45,575 [1f92b403-6a1c-4076-80c0-09f74f2f4297-PipelineCommandHandlerThread-0] INFO  commandhandler.CreatePipelineCommandHandler (CreatePipelineCommandHandler.java:lambda$handle$2(124)) - Created Pipeline RATIS ONE PipelineID=bba541d4-32cb-47e6-86ae-eed01e0c8fba.
2024-04-29 10:07:46,563 [main] INFO  ozone.MiniOzoneClusterImpl (MiniOzoneClusterImpl.java:lambda$waitForClusterToBeReady$0(194)) - Nodes are ready. Got 9 of 9 DN Heartbeats.
2024-04-29 10:07:46,563 [main] INFO  ozone.MiniOzoneClusterImpl (MiniOzoneClusterImpl.java:lambda$waitForClusterToBeReady$0(197)) - Waiting for cluster to exit safe mode
2024-04-29 10:07:46,563 [main] INFO  ozone.MiniOzoneClusterImpl (MiniOzoneClusterImpl.java:lambda$waitForClusterToBeReady$0(199)) - SCM became leader
2024-04-29 10:07:47,564 [main] INFO  ozone.MiniOzoneClusterImpl (MiniOzoneClusterImpl.java:lambda$waitForClusterToBeReady$0(194)) - Nodes are ready. Got 9 of 9 DN Heartbeats.
2024-04-29 10:07:47,564 [main] INFO  ozone.MiniOzoneClusterImpl (MiniOzoneClusterImpl.java:lambda$waitForClusterToBeReady$0(197)) - Waiting for cluster to exit safe mode
2024-04-29 10:07:47,564 [main] INFO  ozone.MiniOzoneClusterImpl (MiniOzoneClusterImpl.java:lambda$waitForClusterToBeReady$0(199)) - SCM became leader
2024-04-29 10:07:48,564 [main] INFO  ozone.MiniOzoneClusterImpl (MiniOzoneClusterImpl.java:lambda$waitForClusterToBeReady$0(194)) - Nodes are ready. Got 9 of 9 DN Heartbeats.
2024-04-29 10:07:48,564 [main] INFO  ozone.MiniOzoneClusterImpl (MiniOzoneClusterImpl.java:lambda$waitForClusterToBeReady$0(197)) - Waiting for cluster to exit safe mode
2024-04-29 10:07:48,564 [main] INFO  ozone.MiniOzoneClusterImpl (MiniOzoneClusterImpl.java:lambda$waitForClusterToBeReady$0(199)) - SCM became leader
2024-04-29 10:07:49,564 [main] INFO  ozone.MiniOzoneClusterImpl (MiniOzoneClusterImpl.java:lambda$waitForClusterToBeReady$0(194)) - Nodes are ready. Got 9 of 9 DN Heartbeats.
2024-04-29 10:07:49,565 [main] INFO  ozone.MiniOzoneClusterImpl (MiniOzoneClusterImpl.java:lambda$waitForClusterToBeReady$0(197)) - Waiting for cluster to exit safe mode
2024-04-29 10:07:49,565 [main] INFO  ozone.MiniOzoneClusterImpl (MiniOzoneClusterImpl.java:lambda$waitForClusterToBeReady$0(199)) - SCM became leader
2024-04-29 10:07:50,186 [45d7554a-4794-4db0-8ec2-ed03ee8d9322@group-5F07EAC53845-FollowerState] INFO  impl.FollowerState (FollowerState.java:run(143)) - 45d7554a-4794-4db0-8ec2-ed03ee8d9322@group-5F07EAC53845-FollowerState: change to CANDIDATE, lastRpcElapsedTime:5038073316ns, electionTimeout:5037ms
2024-04-29 10:07:50,187 [45d7554a-4794-4db0-8ec2-ed03ee8d9322@group-5F07EAC53845-FollowerState] INFO  impl.RoleInfo (RoleInfo.java:shutdownFollowerState(110)) - 45d7554a-4794-4db0-8ec2-ed03ee8d9322: shutdown 45d7554a-4794-4db0-8ec2-ed03ee8d9322@group-5F07EAC53845-FollowerState
2024-04-29 10:07:50,187 [45d7554a-4794-4db0-8ec2-ed03ee8d9322@group-5F07EAC53845-FollowerState] INFO  server.RaftServer$Division (RaftServerImpl.java:setRole(383)) - 45d7554a-4794-4db0-8ec2-ed03ee8d9322@group-5F07EAC53845: changes role from  FOLLOWER to CANDIDATE at term 0 for changeToCandidate
2024-04-29 10:07:50,187 [45d7554a-4794-4db0-8ec2-ed03ee8d9322@group-5F07EAC53845-FollowerState] INFO  server.RaftServerConfigKeys (ConfUtils.java:logGet(46)) - raft.server.leaderelection.pre-vote = true (default)
2024-04-29 10:07:50,187 [45d7554a-4794-4db0-8ec2-ed03ee8d9322@group-5F07EAC53845-FollowerState] INFO  impl.RoleInfo (RoleInfo.java:updateAndGet(139)) - 45d7554a-4794-4db0-8ec2-ed03ee8d9322: start 45d7554a-4794-4db0-8ec2-ed03ee8d9322@group-5F07EAC53845-LeaderElection94
2024-04-29 10:07:50,187 [45d7554a-4794-4db0-8ec2-ed03ee8d9322@group-5F07EAC53845-LeaderElection94] INFO  impl.LeaderElection (LeaderElection.java:askForVotes(321)) - 45d7554a-4794-4db0-8ec2-ed03ee8d9322@group-5F07EAC53845-LeaderElection94 PRE_VOTE round 0: submit vote requests at term 0 for -1: peers:[45d7554a-4794-4db0-8ec2-ed03ee8d9322|127.0.0.1:15548, 0b459a02-f078-4553-b8ee-4a7bbebe5aa1|127.0.0.1:15566, 4c7d070b-487d-4f6a-a802-5407a717b610|127.0.0.1:15557]|listeners:[], old=null
2024-04-29 10:07:50,187 [45d7554a-4794-4db0-8ec2-ed03ee8d9322@group-5F07EAC53845-LeaderElection94-1] INFO  server.GrpcServerProtocolClient (GrpcServerProtocolClient.java:<init>(65)) - Build channel for 0b459a02-f078-4553-b8ee-4a7bbebe5aa1|127.0.0.1:15566
2024-04-29 10:07:50,188 [45d7554a-4794-4db0-8ec2-ed03ee8d9322@group-5F07EAC53845-LeaderElection94-2] INFO  server.GrpcServerProtocolClient (GrpcServerProtocolClient.java:<init>(65)) - Build channel for 4c7d070b-487d-4f6a-a802-5407a717b610|127.0.0.1:15557
2024-04-29 10:07:50,187 [45d7554a-4794-4db0-8ec2-ed03ee8d9322@group-5F07EAC53845-LeaderElection94] INFO  server.RaftServerConfigKeys (ConfUtils.java:logFallback(53)) - raft.server.rpc.first-election.timeout.min = 5s (fallback to raft.server.rpc.timeout.min)
2024-04-29 10:07:50,188 [45d7554a-4794-4db0-8ec2-ed03ee8d9322@group-5F07EAC53845-LeaderElection94] INFO  server.RaftServerConfigKeys (ConfUtils.java:logFallback(53)) - raft.server.rpc.first-election.timeout.max = 5200ms (fallback to raft.server.rpc.timeout.max)
2024-04-29 10:07:50,191 [grpc-default-executor-8] INFO  server.RaftServer$Division (RaftServerImpl.java:requestVote(1389)) - 0b459a02-f078-4553-b8ee-4a7bbebe5aa1@group-5F07EAC53845: receive requestVote(PRE_VOTE, 45d7554a-4794-4db0-8ec2-ed03ee8d9322, group-5F07EAC53845, 0, (t:0, i:0))
2024-04-29 10:07:50,191 [grpc-default-executor-8] INFO  impl.VoteContext (VoteContext.java:log(49)) - 0b459a02-f078-4553-b8ee-4a7bbebe5aa1@group-5F07EAC53845-FOLLOWER: accept PRE_VOTE from 45d7554a-4794-4db0-8ec2-ed03ee8d9322: our priority 0 <= candidate's priority 0
2024-04-29 10:07:50,191 [grpc-default-executor-8] INFO  server.RaftServer$Division (RaftServerImpl.java:requestVote(1422)) - 0b459a02-f078-4553-b8ee-4a7bbebe5aa1@group-5F07EAC53845 replies to PRE_VOTE vote request: 45d7554a-4794-4db0-8ec2-ed03ee8d9322<-0b459a02-f078-4553-b8ee-4a7bbebe5aa1#0:OK-t0. Peer's state: 0b459a02-f078-4553-b8ee-4a7bbebe5aa1@group-5F07EAC53845:t0, leader=null, voted=, raftlog=Memoized:0b459a02-f078-4553-b8ee-4a7bbebe5aa1@group-5F07EAC53845-SegmentedRaftLog:OPENED:c-1, conf=-1: peers:[45d7554a-4794-4db0-8ec2-ed03ee8d9322|127.0.0.1:15548, 0b459a02-f078-4553-b8ee-4a7bbebe5aa1|127.0.0.1:15566, 4c7d070b-487d-4f6a-a802-5407a717b610|127.0.0.1:15557]|listeners:[], old=null
2024-04-29 10:07:50,191 [grpc-default-executor-9] INFO  server.RaftServer$Division (RaftServerImpl.java:requestVote(1389)) - 4c7d070b-487d-4f6a-a802-5407a717b610@group-5F07EAC53845: receive requestVote(PRE_VOTE, 45d7554a-4794-4db0-8ec2-ed03ee8d9322, group-5F07EAC53845, 0, (t:0, i:0))
2024-04-29 10:07:50,191 [grpc-default-executor-9] INFO  impl.VoteContext (VoteContext.java:log(49)) - 4c7d070b-487d-4f6a-a802-5407a717b610@group-5F07EAC53845-FOLLOWER: reject PRE_VOTE from 45d7554a-4794-4db0-8ec2-ed03ee8d9322: our priority 1 > candidate's priority 0
2024-04-29 10:07:50,191 [grpc-default-executor-9] INFO  server.RaftServer$Division (RaftServerImpl.java:requestVote(1422)) - 4c7d070b-487d-4f6a-a802-5407a717b610@group-5F07EAC53845 replies to PRE_VOTE vote request: 45d7554a-4794-4db0-8ec2-ed03ee8d9322<-4c7d070b-487d-4f6a-a802-5407a717b610#0:FAIL-t0. Peer's state: 4c7d070b-487d-4f6a-a802-5407a717b610@group-5F07EAC53845:t0, leader=null, voted=, raftlog=Memoized:4c7d070b-487d-4f6a-a802-5407a717b610@group-5F07EAC53845-SegmentedRaftLog:OPENED:c-1, conf=-1: peers:[45d7554a-4794-4db0-8ec2-ed03ee8d9322|127.0.0.1:15548, 0b459a02-f078-4553-b8ee-4a7bbebe5aa1|127.0.0.1:15566, 4c7d070b-487d-4f6a-a802-5407a717b610|127.0.0.1:15557]|listeners:[], old=null
2024-04-29 10:07:50,193 [45d7554a-4794-4db0-8ec2-ed03ee8d9322@group-5F07EAC53845-LeaderElection94] INFO  impl.LeaderElection (LeaderElection.java:logAndReturn(89)) - 45d7554a-4794-4db0-8ec2-ed03ee8d9322@group-5F07EAC53845-LeaderElection94: PRE_VOTE REJECTED received 1 response(s) and 0 exception(s):
2024-04-29 10:07:50,193 [45d7554a-4794-4db0-8ec2-ed03ee8d9322@group-5F07EAC53845-LeaderElection94] INFO  impl.LeaderElection (LeaderElection.java:logAndReturn(93)) -   Response 0: 45d7554a-4794-4db0-8ec2-ed03ee8d9322<-4c7d070b-487d-4f6a-a802-5407a717b610#0:FAIL-t0
2024-04-29 10:07:50,193 [45d7554a-4794-4db0-8ec2-ed03ee8d9322@group-5F07EAC53845-LeaderElection94] INFO  impl.LeaderElection (LeaderElection.java:askForVotes(323)) - 45d7554a-4794-4db0-8ec2-ed03ee8d9322@group-5F07EAC53845-LeaderElection94 PRE_VOTE round 0: result REJECTED
2024-04-29 10:07:50,193 [45d7554a-4794-4db0-8ec2-ed03ee8d9322@group-5F07EAC53845-LeaderElection94] INFO  server.RaftServer$Division (RaftServerImpl.java:setRole(383)) - 45d7554a-4794-4db0-8ec2-ed03ee8d9322@group-5F07EAC53845: changes role from CANDIDATE to FOLLOWER at term 0 for REJECTED
2024-04-29 10:07:50,193 [45d7554a-4794-4db0-8ec2-ed03ee8d9322@group-5F07EAC53845-LeaderElection94] INFO  impl.RoleInfo (RoleInfo.java:shutdownLeaderElection(130)) - 45d7554a-4794-4db0-8ec2-ed03ee8d9322: shutdown 45d7554a-4794-4db0-8ec2-ed03ee8d9322@group-5F07EAC53845-LeaderElection94
2024-04-29 10:07:50,193 [45d7554a-4794-4db0-8ec2-ed03ee8d9322@group-5F07EAC53845-LeaderElection94] INFO  impl.RoleInfo (RoleInfo.java:updateAndGet(139)) - 45d7554a-4794-4db0-8ec2-ed03ee8d9322: start 45d7554a-4794-4db0-8ec2-ed03ee8d9322@group-5F07EAC53845-FollowerState
2024-04-29 10:07:50,194 [45d7554a-4794-4db0-8ec2-ed03ee8d9322@group-5F07EAC53845-LeaderElection94] INFO  server.RaftServer$Division (RaftServerImpl.java:setFirstElection(574)) - 45d7554a-4794-4db0-8ec2-ed03ee8d9322@group-5F07EAC53845: set firstElectionSinceStartup to false for REJECTED
2024-04-29 10:07:50,256 [45d7554a-4794-4db0-8ec2-ed03ee8d9322@group-CCD0AF0667B0-FollowerState] INFO  impl.FollowerState (FollowerState.java:run(143)) - 45d7554a-4794-4db0-8ec2-ed03ee8d9322@group-CCD0AF0667B0-FollowerState: change to CANDIDATE, lastRpcElapsedTime:5118359804ns, electionTimeout:5118ms
2024-04-29 10:07:50,256 [45d7554a-4794-4db0-8ec2-ed03ee8d9322@group-CCD0AF0667B0-FollowerState] INFO  impl.RoleInfo (RoleInfo.java:shutdownFollowerState(110)) - 45d7554a-4794-4db0-8ec2-ed03ee8d9322: shutdown 45d7554a-4794-4db0-8ec2-ed03ee8d9322@group-CCD0AF0667B0-FollowerState
2024-04-29 10:07:50,256 [45d7554a-4794-4db0-8ec2-ed03ee8d9322@group-CCD0AF0667B0-FollowerState] INFO  server.RaftServer$Division (RaftServerImpl.java:setRole(383)) - 45d7554a-4794-4db0-8ec2-ed03ee8d9322@group-CCD0AF0667B0: changes role from  FOLLOWER to CANDIDATE at term 0 for changeToCandidate
2024-04-29 10:07:50,256 [45d7554a-4794-4db0-8ec2-ed03ee8d9322@group-CCD0AF0667B0-FollowerState] INFO  server.RaftServerConfigKeys (ConfUtils.java:logGet(46)) - raft.server.leaderelection.pre-vote = true (default)
2024-04-29 10:07:50,256 [45d7554a-4794-4db0-8ec2-ed03ee8d9322@group-CCD0AF0667B0-FollowerState] INFO  impl.RoleInfo (RoleInfo.java:updateAndGet(139)) - 45d7554a-4794-4db0-8ec2-ed03ee8d9322: start 45d7554a-4794-4db0-8ec2-ed03ee8d9322@group-CCD0AF0667B0-LeaderElection95
2024-04-29 10:07:50,256 [45d7554a-4794-4db0-8ec2-ed03ee8d9322@group-CCD0AF0667B0-LeaderElection95] INFO  impl.LeaderElection (LeaderElection.java:askForVotes(321)) - 45d7554a-4794-4db0-8ec2-ed03ee8d9322@group-CCD0AF0667B0-LeaderElection95 PRE_VOTE round 0: submit vote requests at term 0 for -1: peers:[45d7554a-4794-4db0-8ec2-ed03ee8d9322|127.0.0.1:15548]|listeners:[], old=null
2024-04-29 10:07:50,256 [45d7554a-4794-4db0-8ec2-ed03ee8d9322@group-CCD0AF0667B0-LeaderElection95] INFO  impl.LeaderElection (LeaderElection.java:askForVotes(323)) - 45d7554a-4794-4db0-8ec2-ed03ee8d9322@group-CCD0AF0667B0-LeaderElection95 PRE_VOTE round 0: result PASSED (term=0)
2024-04-29 10:07:50,257 [45d7554a-4794-4db0-8ec2-ed03ee8d9322@group-CCD0AF0667B0-LeaderElection95] INFO  impl.LeaderElection (LeaderElection.java:askForVotes(321)) - 45d7554a-4794-4db0-8ec2-ed03ee8d9322@group-CCD0AF0667B0-LeaderElection95 ELECTION round 0: submit vote requests at term 1 for -1: peers:[45d7554a-4794-4db0-8ec2-ed03ee8d9322|127.0.0.1:15548]|listeners:[], old=null
2024-04-29 10:07:50,257 [45d7554a-4794-4db0-8ec2-ed03ee8d9322@group-CCD0AF0667B0-LeaderElection95] INFO  impl.LeaderElection (LeaderElection.java:askForVotes(323)) - 45d7554a-4794-4db0-8ec2-ed03ee8d9322@group-CCD0AF0667B0-LeaderElection95 ELECTION round 0: result PASSED (term=1)
2024-04-29 10:07:50,258 [45d7554a-4794-4db0-8ec2-ed03ee8d9322@group-CCD0AF0667B0-LeaderElection95] INFO  impl.RoleInfo (RoleInfo.java:shutdownLeaderElection(130)) - 45d7554a-4794-4db0-8ec2-ed03ee8d9322: shutdown 45d7554a-4794-4db0-8ec2-ed03ee8d9322@group-CCD0AF0667B0-LeaderElection95
2024-04-29 10:07:50,258 [45d7554a-4794-4db0-8ec2-ed03ee8d9322@group-CCD0AF0667B0-LeaderElection95] INFO  server.RaftServer$Division (RaftServerImpl.java:setRole(383)) - 45d7554a-4794-4db0-8ec2-ed03ee8d9322@group-CCD0AF0667B0: changes role from CANDIDATE to LEADER at term 1 for changeToLeader
2024-04-29 10:07:50,258 [45d7554a-4794-4db0-8ec2-ed03ee8d9322@group-CCD0AF0667B0-LeaderElection95] INFO  server.RaftServerConfigKeys (ConfUtils.java:logGet(46)) - raft.server.staging.catchup.gap = 1000 (default)
2024-04-29 10:07:50,258 [45d7554a-4794-4db0-8ec2-ed03ee8d9322@group-CCD0AF0667B0-LeaderElection95] INFO  server.RaftServerConfigKeys (ConfUtils.java:logGet(46)) - raft.server.write.element-limit = 1024 (custom)
2024-04-29 10:07:50,258 [45d7554a-4794-4db0-8ec2-ed03ee8d9322@group-CCD0AF0667B0-LeaderElection95] INFO  server.RaftServerConfigKeys (ConfUtils.java:logGet(46)) - raft.server.write.byte-limit = 1024 M (=1073741824) (custom)
2024-04-29 10:07:50,258 [45d7554a-4794-4db0-8ec2-ed03ee8d9322@group-CCD0AF0667B0-LeaderElection95] INFO  server.RaftServerConfigKeys (ConfUtils.java:logGet(46)) - raft.server.watch.timeout = 3000ms (custom)
2024-04-29 10:07:50,258 [45d7554a-4794-4db0-8ec2-ed03ee8d9322@group-CCD0AF0667B0-LeaderElection95] INFO  server.RaftServerConfigKeys (ConfUtils.java:logGet(46)) - raft.server.watch.timeout.denomination = 1s (default)
2024-04-29 10:07:50,258 [45d7554a-4794-4db0-8ec2-ed03ee8d9322@group-CCD0AF0667B0-LeaderElection95] INFO  server.RaftServerConfigKeys (ConfUtils.java:logGet(46)) - raft.server.watch.element-limit = 65536 (default)
2024-04-29 10:07:50,258 [45d7554a-4794-4db0-8ec2-ed03ee8d9322@group-CCD0AF0667B0-LeaderElection95] INFO  server.RaftServerConfigKeys (ConfUtils.java:logGet(46)) - raft.server.read.leader.lease.enabled = false (default)
2024-04-29 10:07:50,258 [45d7554a-4794-4db0-8ec2-ed03ee8d9322@group-CCD0AF0667B0-LeaderElection95] INFO  server.RaftServerConfigKeys (ConfUtils.java:logGet(46)) - raft.server.read.leader.lease.timeout.ratio = 0.9 (default)
2024-04-29 10:07:50,258 [45d7554a-4794-4db0-8ec2-ed03ee8d9322@group-CCD0AF0667B0-LeaderElection95] INFO  server.RaftServerConfigKeys (ConfUtils.java:logGet(46)) - raft.server.rpc.timeout.min = 5s (custom)
2024-04-29 10:07:50,258 [45d7554a-4794-4db0-8ec2-ed03ee8d9322@group-CCD0AF0667B0-LeaderElection95] INFO  server.RaftServerConfigKeys (ConfUtils.java:logGet(46)) - raft.server.write.element-limit = 1024 (custom)
2024-04-29 10:07:50,258 [45d7554a-4794-4db0-8ec2-ed03ee8d9322@group-CCD0AF0667B0-LeaderElection95] INFO  server.RaftServerConfigKeys (ConfUtils.java:logGet(46)) - raft.server.write.follower.gap.ratio.max = -1.0 (default)
2024-04-29 10:07:50,258 [45d7554a-4794-4db0-8ec2-ed03ee8d9322@group-CCD0AF0667B0-LeaderElection95] INFO  impl.RoleInfo (RoleInfo.java:updateAndGet(139)) - 45d7554a-4794-4db0-8ec2-ed03ee8d9322: start 45d7554a-4794-4db0-8ec2-ed03ee8d9322@group-CCD0AF0667B0-LeaderStateImpl
2024-04-29 10:07:50,259 [45d7554a-4794-4db0-8ec2-ed03ee8d9322@group-CCD0AF0667B0-LeaderElection95] INFO  server.RaftServer$Division (RaftServerImpl.java:setFirstElection(574)) - 45d7554a-4794-4db0-8ec2-ed03ee8d9322@group-CCD0AF0667B0: set firstElectionSinceStartup to false for becomeLeader
2024-04-29 10:07:50,259 [45d7554a-4794-4db0-8ec2-ed03ee8d9322@group-CCD0AF0667B0-LeaderElection95] INFO  ratis.XceiverServerRatis (XceiverServerRatis.java:handleLeaderChangedNotification(966)) - Leader change notification received for group: group-CCD0AF0667B0 with new leaderId: 45d7554a-4794-4db0-8ec2-ed03ee8d9322
2024-04-29 10:07:50,259 [45d7554a-4794-4db0-8ec2-ed03ee8d9322@group-CCD0AF0667B0-LeaderElection95] INFO  server.RaftServer$Division (ServerState.java:setLeader(269)) - 45d7554a-4794-4db0-8ec2-ed03ee8d9322@group-CCD0AF0667B0: change Leader from null to 45d7554a-4794-4db0-8ec2-ed03ee8d9322 at term 1 for becomeLeader, leader elected after 5131ms
2024-04-29 10:07:50,259 [45d7554a-4794-4db0-8ec2-ed03ee8d9322@group-CCD0AF0667B0-LeaderElection95] INFO  segmented.SegmentedRaftLogWorker (SegmentedRaftLogWorker.java:startLogSegment(430)) - 45d7554a-4794-4db0-8ec2-ed03ee8d9322@group-CCD0AF0667B0-SegmentedRaftLogWorker: Starting segment from index:0
2024-04-29 10:07:50,259 [45d7554a-4794-4db0-8ec2-ed03ee8d9322@group-CCD0AF0667B0-LeaderElection95] INFO  server.RaftServer$Division (ServerState.java:setRaftConf(386)) - 45d7554a-4794-4db0-8ec2-ed03ee8d9322@group-CCD0AF0667B0: set configuration 0: peers:[45d7554a-4794-4db0-8ec2-ed03ee8d9322|127.0.0.1:15548]|listeners:[], old=null
2024-04-29 10:07:50,259 [45d7554a-4794-4db0-8ec2-ed03ee8d9322@group-CCD0AF0667B0-SegmentedRaftLogWorker] INFO  segmented.BufferedWriteChannel (BufferedWriteChannel.java:open(62)) - open log_inprogress_0 at position 0
2024-04-29 10:07:50,262 [EventQueue-OpenPipelineForHealthyPipelineSafeModeRule] INFO  safemode.SCMSafeModeManager (HealthyPipelineSafeModeRule.java:process(140)) - SCM in safe mode. Healthy pipelines reported count is 0, required healthy pipeline reported count is 1
2024-04-29 10:07:50,266 [45d7554a-4794-4db0-8ec2-ed03ee8d9322@group-CCD0AF0667B0-SegmentedRaftLogWorker] INFO  segmented.SegmentedRaftLogWorker (SegmentedRaftLogWorker.java:execute(634)) - 45d7554a-4794-4db0-8ec2-ed03ee8d9322@group-CCD0AF0667B0-SegmentedRaftLogWorker: created new log segment /home/runner/work/ozone/ozone/hadoop-ozone/integration-test/target/test-dir/MiniOzoneClusterImpl-b29d8e3c-9ac1-4bd8-916d-9a49b4a73262/ozone-meta/datanode-1/ratis/3382c539-88cb-469f-a59d-ccd0af0667b0/current/log_inprogress_0
2024-04-29 10:07:50,268 [45d7554a-4794-4db0-8ec2-ed03ee8d9322@group-CCD0AF0667B0-StateMachineUpdater] INFO  server.RaftServer$Division (LeaderStateImpl.java:isApplied(320)) - leader is ready since appliedIndex == 0 >= startIndex == 0
2024-04-29 10:07:50,273 [4c7d070b-487d-4f6a-a802-5407a717b610@group-36B6A54A3C10-FollowerState] INFO  impl.FollowerState (FollowerState.java:run(143)) - 4c7d070b-487d-4f6a-a802-5407a717b610@group-36B6A54A3C10-FollowerState: change to CANDIDATE, lastRpcElapsedTime:5081318065ns, electionTimeout:5081ms
2024-04-29 10:07:50,273 [4c7d070b-487d-4f6a-a802-5407a717b610@group-36B6A54A3C10-FollowerState] INFO  impl.RoleInfo (RoleInfo.java:shutdownFollowerState(110)) - 4c7d070b-487d-4f6a-a802-5407a717b610: shutdown 4c7d070b-487d-4f6a-a802-5407a717b610@group-36B6A54A3C10-FollowerState
2024-04-29 10:07:50,273 [4c7d070b-487d-4f6a-a802-5407a717b610@group-36B6A54A3C10-FollowerState] INFO  server.RaftServer$Division (RaftServerImpl.java:setRole(383)) - 4c7d070b-487d-4f6a-a802-5407a717b610@group-36B6A54A3C10: changes role from  FOLLOWER to CANDIDATE at term 0 for changeToCandidate
2024-04-29 10:07:50,273 [4c7d070b-487d-4f6a-a802-5407a717b610@group-36B6A54A3C10-FollowerState] INFO  server.RaftServerConfigKeys (ConfUtils.java:logGet(46)) - raft.server.leaderelection.pre-vote = true (default)
2024-04-29 10:07:50,273 [4c7d070b-487d-4f6a-a802-5407a717b610@group-36B6A54A3C10-FollowerState] INFO  impl.RoleInfo (RoleInfo.java:updateAndGet(139)) - 4c7d070b-487d-4f6a-a802-5407a717b610: start 4c7d070b-487d-4f6a-a802-5407a717b610@group-36B6A54A3C10-LeaderElection96
2024-04-29 10:07:50,274 [4c7d070b-487d-4f6a-a802-5407a717b610@group-36B6A54A3C10-LeaderElection96] INFO  impl.LeaderElection (LeaderElection.java:askForVotes(321)) - 4c7d070b-487d-4f6a-a802-5407a717b610@group-36B6A54A3C10-LeaderElection96 PRE_VOTE round 0: submit vote requests at term 0 for -1: peers:[4c7d070b-487d-4f6a-a802-5407a717b610|127.0.0.1:15557]|listeners:[], old=null
2024-04-29 10:07:50,274 [4c7d070b-487d-4f6a-a802-5407a717b610@group-36B6A54A3C10-LeaderElection96] INFO  impl.LeaderElection (LeaderElection.java:askForVotes(323)) - 4c7d070b-487d-4f6a-a802-5407a717b610@group-36B6A54A3C10-LeaderElection96 PRE_VOTE round 0: result PASSED (term=0)
2024-04-29 10:07:50,275 [4c7d070b-487d-4f6a-a802-5407a717b610@group-36B6A54A3C10-LeaderElection96] INFO  impl.LeaderElection (LeaderElection.java:askForVotes(321)) - 4c7d070b-487d-4f6a-a802-5407a717b610@group-36B6A54A3C10-LeaderElection96 ELECTION round 0: submit vote requests at term 1 for -1: peers:[4c7d070b-487d-4f6a-a802-5407a717b610|127.0.0.1:15557]|listeners:[], old=null
2024-04-29 10:07:50,275 [4c7d070b-487d-4f6a-a802-5407a717b610@group-36B6A54A3C10-LeaderElection96] INFO  impl.LeaderElection (LeaderElection.java:askForVotes(323)) - 4c7d070b-487d-4f6a-a802-5407a717b610@group-36B6A54A3C10-LeaderElection96 ELECTION round 0: result PASSED (term=1)
2024-04-29 10:07:50,275 [4c7d070b-487d-4f6a-a802-5407a717b610@group-36B6A54A3C10-LeaderElection96] INFO  impl.RoleInfo (RoleInfo.java:shutdownLeaderElection(130)) - 4c7d070b-487d-4f6a-a802-5407a717b610: shutdown 4c7d070b-487d-4f6a-a802-5407a717b610@group-36B6A54A3C10-LeaderElection96
2024-04-29 10:07:50,275 [4c7d070b-487d-4f6a-a802-5407a717b610@group-36B6A54A3C10-LeaderElection96] INFO  server.RaftServer$Division (RaftServerImpl.java:setRole(383)) - 4c7d070b-487d-4f6a-a802-5407a717b610@group-36B6A54A3C10: changes role from CANDIDATE to LEADER at term 1 for changeToLeader
2024-04-29 10:07:50,275 [4c7d070b-487d-4f6a-a802-5407a717b610@group-36B6A54A3C10-LeaderElection96] INFO  server.RaftServerConfigKeys (ConfUtils.java:logGet(46)) - raft.server.staging.catchup.gap = 1000 (default)
2024-04-29 10:07:50,275 [4c7d070b-487d-4f6a-a802-5407a717b610@group-36B6A54A3C10-LeaderElection96] INFO  server.RaftServerConfigKeys (ConfUtils.java:logGet(46)) - raft.server.write.element-limit = 1024 (custom)
2024-04-29 10:07:50,275 [4c7d070b-487d-4f6a-a802-5407a717b610@group-36B6A54A3C10-LeaderElection96] INFO  server.RaftServerConfigKeys (ConfUtils.java:logGet(46)) - raft.server.write.byte-limit = 1024 M (=1073741824) (custom)
2024-04-29 10:07:50,275 [4c7d070b-487d-4f6a-a802-5407a717b610@group-36B6A54A3C10-LeaderElection96] INFO  server.RaftServerConfigKeys (ConfUtils.java:logGet(46)) - raft.server.watch.timeout = 3000ms (custom)
2024-04-29 10:07:50,275 [4c7d070b-487d-4f6a-a802-5407a717b610@group-36B6A54A3C10-LeaderElection96] INFO  server.RaftServerConfigKeys (ConfUtils.java:logGet(46)) - raft.server.watch.timeout.denomination = 1s (default)
2024-04-29 10:07:50,275 [4c7d070b-487d-4f6a-a802-5407a717b610@group-36B6A54A3C10-LeaderElection96] INFO  server.RaftServerConfigKeys (ConfUtils.java:logGet(46)) - raft.server.watch.element-limit = 65536 (default)
2024-04-29 10:07:50,275 [4c7d070b-487d-4f6a-a802-5407a717b610@group-36B6A54A3C10-LeaderElection96] INFO  server.RaftServerConfigKeys (ConfUtils.java:logGet(46)) - raft.server.read.leader.lease.enabled = false (default)
2024-04-29 10:07:50,275 [4c7d070b-487d-4f6a-a802-5407a717b610@group-36B6A54A3C10-LeaderElection96] INFO  server.RaftServerConfigKeys (ConfUtils.java:logGet(46)) - raft.server.read.leader.lease.timeout.ratio = 0.9 (default)
2024-04-29 10:07:50,275 [4c7d070b-487d-4f6a-a802-5407a717b610@group-36B6A54A3C10-LeaderElection96] INFO  server.RaftServerConfigKeys (ConfUtils.java:logGet(46)) - raft.server.rpc.timeout.min = 5s (custom)
2024-04-29 10:07:50,275 [4c7d070b-487d-4f6a-a802-5407a717b610@group-36B6A54A3C10-LeaderElection96] INFO  server.RaftServerConfigKeys (ConfUtils.java:logGet(46)) - raft.server.write.element-limit = 1024 (custom)
2024-04-29 10:07:50,276 [4c7d070b-487d-4f6a-a802-5407a717b610@group-36B6A54A3C10-LeaderElection96] INFO  server.RaftServerConfigKeys (ConfUtils.java:logGet(46)) - raft.server.write.follower.gap.ratio.max = -1.0 (default)
2024-04-29 10:07:50,276 [4c7d070b-487d-4f6a-a802-5407a717b610@group-36B6A54A3C10-LeaderElection96] INFO  impl.RoleInfo (RoleInfo.java:updateAndGet(139)) - 4c7d070b-487d-4f6a-a802-5407a717b610: start 4c7d070b-487d-4f6a-a802-5407a717b610@group-36B6A54A3C10-LeaderStateImpl
2024-04-29 10:07:50,276 [4c7d070b-487d-4f6a-a802-5407a717b610@group-36B6A54A3C10-LeaderElection96] INFO  server.RaftServer$Division (RaftServerImpl.java:setFirstElection(574)) - 4c7d070b-487d-4f6a-a802-5407a717b610@group-36B6A54A3C10: set firstElectionSinceStartup to false for becomeLeader
2024-04-29 10:07:50,276 [4c7d070b-487d-4f6a-a802-5407a717b610@group-36B6A54A3C10-LeaderElection96] INFO  ratis.XceiverServerRatis (XceiverServerRatis.java:handleLeaderChangedNotification(966)) - Leader change notification received for group: group-36B6A54A3C10 with new leaderId: 4c7d070b-487d-4f6a-a802-5407a717b610
2024-04-29 10:07:50,276 [4c7d070b-487d-4f6a-a802-5407a717b610@group-36B6A54A3C10-LeaderElection96] INFO  server.RaftServer$Division (ServerState.java:setLeader(269)) - 4c7d070b-487d-4f6a-a802-5407a717b610@group-36B6A54A3C10: change Leader from null to 4c7d070b-487d-4f6a-a802-5407a717b610 at term 1 for becomeLeader, leader elected after 5092ms
2024-04-29 10:07:50,276 [4c7d070b-487d-4f6a-a802-5407a717b610@group-36B6A54A3C10-LeaderElection96] INFO  segmented.SegmentedRaftLogWorker (SegmentedRaftLogWorker.java:startLogSegment(430)) - 4c7d070b-487d-4f6a-a802-5407a717b610@group-36B6A54A3C10-SegmentedRaftLogWorker: Starting segment from index:0
2024-04-29 10:07:50,276 [4c7d070b-487d-4f6a-a802-5407a717b610@group-36B6A54A3C10-LeaderElection96] INFO  server.RaftServer$Division (ServerState.java:setRaftConf(386)) - 4c7d070b-487d-4f6a-a802-5407a717b610@group-36B6A54A3C10: set configuration 0: peers:[4c7d070b-487d-4f6a-a802-5407a717b610|127.0.0.1:15557]|listeners:[], old=null
2024-04-29 10:07:50,276 [4c7d070b-487d-4f6a-a802-5407a717b610@group-36B6A54A3C10-SegmentedRaftLogWorker] INFO  segmented.BufferedWriteChannel (BufferedWriteChannel.java:open(62)) - open log_inprogress_0 at position 0
2024-04-29 10:07:50,278 [EventQueue-OpenPipelineForHealthyPipelineSafeModeRule] INFO  safemode.SCMSafeModeManager (HealthyPipelineSafeModeRule.java:process(140)) - SCM in safe mode. Healthy pipelines reported count is 0, required healthy pipeline reported count is 1
2024-04-29 10:07:50,283 [4c7d070b-487d-4f6a-a802-5407a717b610@group-36B6A54A3C10-SegmentedRaftLogWorker] INFO  segmented.SegmentedRaftLogWorker (SegmentedRaftLogWorker.java:execute(634)) - 4c7d070b-487d-4f6a-a802-5407a717b610@group-36B6A54A3C10-SegmentedRaftLogWorker: created new log segment /home/runner/work/ozone/ozone/hadoop-ozone/integration-test/target/test-dir/MiniOzoneClusterImpl-b29d8e3c-9ac1-4bd8-916d-9a49b4a73262/ozone-meta/datanode-2/ratis/b191373b-afa4-4d10-969c-36b6a54a3c10/current/log_inprogress_0
2024-04-29 10:07:50,284 [4c7d070b-487d-4f6a-a802-5407a717b610@group-36B6A54A3C10-StateMachineUpdater] INFO  server.RaftServer$Division (LeaderStateImpl.java:isApplied(320)) - leader is ready since appliedIndex == 0 >= startIndex == 0
2024-04-29 10:07:50,311 [57f64e1c-8fe8-4173-a2ca-9d6151488275@group-23704B2A1AEB-FollowerState] INFO  impl.FollowerState (FollowerState.java:run(143)) - 57f64e1c-8fe8-4173-a2ca-9d6151488275@group-23704B2A1AEB-FollowerState: change to CANDIDATE, lastRpcElapsedTime:5002957934ns, electionTimeout:5002ms
2024-04-29 10:07:50,311 [57f64e1c-8fe8-4173-a2ca-9d6151488275@group-23704B2A1AEB-FollowerState] INFO  impl.RoleInfo (RoleInfo.java:shutdownFollowerState(110)) - 57f64e1c-8fe8-4173-a2ca-9d6151488275: shutdown 57f64e1c-8fe8-4173-a2ca-9d6151488275@group-23704B2A1AEB-FollowerState
2024-04-29 10:07:50,311 [57f64e1c-8fe8-4173-a2ca-9d6151488275@group-23704B2A1AEB-FollowerState] INFO  server.RaftServer$Division (RaftServerImpl.java:setRole(383)) - 57f64e1c-8fe8-4173-a2ca-9d6151488275@group-23704B2A1AEB: changes role from  FOLLOWER to CANDIDATE at term 0 for changeToCandidate
2024-04-29 10:07:50,311 [57f64e1c-8fe8-4173-a2ca-9d6151488275@group-23704B2A1AEB-FollowerState] INFO  server.RaftServerConfigKeys (ConfUtils.java:logGet(46)) - raft.server.leaderelection.pre-vote = true (default)
2024-04-29 10:07:50,312 [57f64e1c-8fe8-4173-a2ca-9d6151488275@group-23704B2A1AEB-FollowerState] INFO  impl.RoleInfo (RoleInfo.java:updateAndGet(139)) - 57f64e1c-8fe8-4173-a2ca-9d6151488275: start 57f64e1c-8fe8-4173-a2ca-9d6151488275@group-23704B2A1AEB-LeaderElection97
2024-04-29 10:07:50,312 [57f64e1c-8fe8-4173-a2ca-9d6151488275@group-23704B2A1AEB-LeaderElection97] INFO  impl.LeaderElection (LeaderElection.java:askForVotes(321)) - 57f64e1c-8fe8-4173-a2ca-9d6151488275@group-23704B2A1AEB-LeaderElection97 PRE_VOTE round 0: submit vote requests at term 0 for -1: peers:[e3a225ff-43b2-4083-b986-b10dee5980c8|127.0.0.1:15584, 57f64e1c-8fe8-4173-a2ca-9d6151488275|127.0.0.1:15575, 55a78779-2920-4695-be09-c247c8260b05|127.0.0.1:15593]|listeners:[], old=null
2024-04-29 10:07:50,313 [57f64e1c-8fe8-4173-a2ca-9d6151488275@group-23704B2A1AEB-LeaderElection97-1] INFO  server.GrpcServerProtocolClient (GrpcServerProtocolClient.java:<init>(65)) - Build channel for e3a225ff-43b2-4083-b986-b10dee5980c8|127.0.0.1:15584
2024-04-29 10:07:50,313 [57f64e1c-8fe8-4173-a2ca-9d6151488275@group-23704B2A1AEB-LeaderElection97-2] INFO  server.GrpcServerProtocolClient (GrpcServerProtocolClient.java:<init>(65)) - Build channel for 55a78779-2920-4695-be09-c247c8260b05|127.0.0.1:15593
2024-04-29 10:07:50,313 [57f64e1c-8fe8-4173-a2ca-9d6151488275@group-23704B2A1AEB-LeaderElection97] INFO  server.RaftServerConfigKeys (ConfUtils.java:logFallback(53)) - raft.server.rpc.first-election.timeout.min = 5s (fallback to raft.server.rpc.timeout.min)
2024-04-29 10:07:50,314 [57f64e1c-8fe8-4173-a2ca-9d6151488275@group-23704B2A1AEB-LeaderElection97] INFO  server.RaftServerConfigKeys (ConfUtils.java:logFallback(53)) - raft.server.rpc.first-election.timeout.max = 5200ms (fallback to raft.server.rpc.timeout.max)
2024-04-29 10:07:50,317 [grpc-default-executor-8] INFO  server.RaftServer$Division (RaftServerImpl.java:requestVote(1389)) - e3a225ff-43b2-4083-b986-b10dee5980c8@group-23704B2A1AEB: receive requestVote(PRE_VOTE, 57f64e1c-8fe8-4173-a2ca-9d6151488275, group-23704B2A1AEB, 0, (t:0, i:0))
2024-04-29 10:07:50,317 [grpc-default-executor-8] INFO  impl.VoteContext (VoteContext.java:log(49)) - e3a225ff-43b2-4083-b986-b10dee5980c8@group-23704B2A1AEB-FOLLOWER: reject PRE_VOTE from 57f64e1c-8fe8-4173-a2ca-9d6151488275: our priority 1 > candidate's priority 0
2024-04-29 10:07:50,317 [grpc-default-executor-9] INFO  server.RaftServer$Division (RaftServerImpl.java:requestVote(1389)) - 55a78779-2920-4695-be09-c247c8260b05@group-23704B2A1AEB: receive requestVote(PRE_VOTE, 57f64e1c-8fe8-4173-a2ca-9d6151488275, group-23704B2A1AEB, 0, (t:0, i:0))
2024-04-29 10:07:50,318 [grpc-default-executor-9] INFO  impl.VoteContext (VoteContext.java:log(49)) - 55a78779-2920-4695-be09-c247c8260b05@group-23704B2A1AEB-FOLLOWER: accept PRE_VOTE from 57f64e1c-8fe8-4173-a2ca-9d6151488275: our priority 0 <= candidate's priority 0
2024-04-29 10:07:50,318 [grpc-default-executor-9] INFO  server.RaftServer$Division (RaftServerImpl.java:requestVote(1422)) - 55a78779-2920-4695-be09-c247c8260b05@group-23704B2A1AEB replies to PRE_VOTE vote request: 57f64e1c-8fe8-4173-a2ca-9d6151488275<-55a78779-2920-4695-be09-c247c8260b05#0:OK-t0. Peer's state: 55a78779-2920-4695-be09-c247c8260b05@group-23704B2A1AEB:t0, leader=null, voted=, raftlog=Memoized:55a78779-2920-4695-be09-c247c8260b05@group-23704B2A1AEB-SegmentedRaftLog:OPENED:c-1, conf=-1: peers:[e3a225ff-43b2-4083-b986-b10dee5980c8|127.0.0.1:15584, 57f64e1c-8fe8-4173-a2ca-9d6151488275|127.0.0.1:15575, 55a78779-2920-4695-be09-c247c8260b05|127.0.0.1:15593]|listeners:[], old=null
2024-04-29 10:07:50,317 [grpc-default-executor-8] INFO  server.RaftServer$Division (RaftServerImpl.java:requestVote(1422)) - e3a225ff-43b2-4083-b986-b10dee5980c8@group-23704B2A1AEB replies to PRE_VOTE vote request: 57f64e1c-8fe8-4173-a2ca-9d6151488275<-e3a225ff-43b2-4083-b986-b10dee5980c8#0:FAIL-t0. Peer's state: e3a225ff-43b2-4083-b986-b10dee5980c8@group-23704B2A1AEB:t0, leader=null, voted=, raftlog=Memoized:e3a225ff-43b2-4083-b986-b10dee5980c8@group-23704B2A1AEB-SegmentedRaftLog:OPENED:c-1, conf=-1: peers:[e3a225ff-43b2-4083-b986-b10dee5980c8|127.0.0.1:15584, 57f64e1c-8fe8-4173-a2ca-9d6151488275|127.0.0.1:15575, 55a78779-2920-4695-be09-c247c8260b05|127.0.0.1:15593]|listeners:[], old=null
2024-04-29 10:07:50,318 [57f64e1c-8fe8-4173-a2ca-9d6151488275@group-23704B2A1AEB-LeaderElection97] INFO  impl.LeaderElection (LeaderElection.java:logAndReturn(89)) - 57f64e1c-8fe8-4173-a2ca-9d6151488275@group-23704B2A1AEB-LeaderElection97: PRE_VOTE REJECTED received 2 response(s) and 0 exception(s):
2024-04-29 10:07:50,318 [57f64e1c-8fe8-4173-a2ca-9d6151488275@group-23704B2A1AEB-LeaderElection97] INFO  impl.LeaderElection (LeaderElection.java:logAndReturn(93)) -   Response 0: 57f64e1c-8fe8-4173-a2ca-9d6151488275<-e3a225ff-43b2-4083-b986-b10dee5980c8#0:FAIL-t0
2024-04-29 10:07:50,318 [57f64e1c-8fe8-4173-a2ca-9d6151488275@group-23704B2A1AEB-LeaderElection97] INFO  impl.LeaderElection (LeaderElection.java:logAndReturn(93)) -   Response 1: 57f64e1c-8fe8-4173-a2ca-9d6151488275<-55a78779-2920-4695-be09-c247c8260b05#0:OK-t0
2024-04-29 10:07:50,318 [57f64e1c-8fe8-4173-a2ca-9d6151488275@group-23704B2A1AEB-LeaderElection97] INFO  impl.LeaderElection (LeaderElection.java:askForVotes(323)) - 57f64e1c-8fe8-4173-a2ca-9d6151488275@group-23704B2A1AEB-LeaderElection97 PRE_VOTE round 0: result REJECTED
2024-04-29 10:07:50,318 [57f64e1c-8fe8-4173-a2ca-9d6151488275@group-23704B2A1AEB-LeaderElection97] INFO  server.RaftServer$Division (RaftServerImpl.java:setRole(383)) - 57f64e1c-8fe8-4173-a2ca-9d6151488275@group-23704B2A1AEB: changes role from CANDIDATE to FOLLOWER at term 0 for REJECTED
2024-04-29 10:07:50,319 [57f64e1c-8fe8-4173-a2ca-9d6151488275@group-23704B2A1AEB-LeaderElection97] INFO  impl.RoleInfo (RoleInfo.java:shutdownLeaderElection(130)) - 57f64e1c-8fe8-4173-a2ca-9d6151488275: shutdown 57f64e1c-8fe8-4173-a2ca-9d6151488275@group-23704B2A1AEB-LeaderElection97
2024-04-29 10:07:50,319 [57f64e1c-8fe8-4173-a2ca-9d6151488275@group-23704B2A1AEB-LeaderElection97] INFO  impl.RoleInfo (RoleInfo.java:updateAndGet(139)) - 57f64e1c-8fe8-4173-a2ca-9d6151488275: start 57f64e1c-8fe8-4173-a2ca-9d6151488275@group-23704B2A1AEB-FollowerState
2024-04-29 10:07:50,319 [57f64e1c-8fe8-4173-a2ca-9d6151488275@group-23704B2A1AEB-LeaderElection97] INFO  server.RaftServer$Division (RaftServerImpl.java:setFirstElection(574)) - 57f64e1c-8fe8-4173-a2ca-9d6151488275@group-23704B2A1AEB: set firstElectionSinceStartup to false for REJECTED
2024-04-29 10:07:50,339 [4c7d070b-487d-4f6a-a802-5407a717b610@group-5F07EAC53845-FollowerState] INFO  impl.FollowerState (FollowerState.java:run(143)) - 4c7d070b-487d-4f6a-a802-5407a717b610@group-5F07EAC53845-FollowerState: change to CANDIDATE, lastRpcElapsedTime:5159351714ns, electionTimeout:5159ms
2024-04-29 10:07:50,339 [4c7d070b-487d-4f6a-a802-5407a717b610@group-5F07EAC53845-FollowerState] INFO  impl.RoleInfo (RoleInfo.java:shutdownFollowerState(110)) - 4c7d070b-487d-4f6a-a802-5407a717b610: shutdown 4c7d070b-487d-4f6a-a802-5407a717b610@group-5F07EAC53845-FollowerState
2024-04-29 10:07:50,340 [4c7d070b-487d-4f6a-a802-5407a717b610@group-5F07EAC53845-FollowerState] INFO  server.RaftServer$Division (RaftServerImpl.java:setRole(383)) - 4c7d070b-487d-4f6a-a802-5407a717b610@group-5F07EAC53845: changes role from  FOLLOWER to CANDIDATE at term 0 for changeToCandidate
2024-04-29 10:07:50,340 [4c7d070b-487d-4f6a-a802-5407a717b610@group-5F07EAC53845-FollowerState] INFO  server.RaftServerConfigKeys (ConfUtils.java:logGet(46)) - raft.server.leaderelection.pre-vote = true (default)
2024-04-29 10:07:50,340 [4c7d070b-487d-4f6a-a802-5407a717b610@group-5F07EAC53845-FollowerState] INFO  impl.RoleInfo (RoleInfo.java:updateAndGet(139)) - 4c7d070b-487d-4f6a-a802-5407a717b610: start 4c7d070b-487d-4f6a-a802-5407a717b610@group-5F07EAC53845-LeaderElection98
2024-04-29 10:07:50,340 [4c7d070b-487d-4f6a-a802-5407a717b610@group-5F07EAC53845-LeaderElection98] INFO  impl.LeaderElection (LeaderElection.java:askForVotes(321)) - 4c7d070b-487d-4f6a-a802-5407a717b610@group-5F07EAC53845-LeaderElection98 PRE_VOTE round 0: submit vote requests at term 0 for -1: peers:[45d7554a-4794-4db0-8ec2-ed03ee8d9322|127.0.0.1:15548, 0b459a02-f078-4553-b8ee-4a7bbebe5aa1|127.0.0.1:15566, 4c7d070b-487d-4f6a-a802-5407a717b610|127.0.0.1:15557]|listeners:[], old=null
2024-04-29 10:07:50,340 [4c7d070b-487d-4f6a-a802-5407a717b610@group-5F07EAC53845-LeaderElection98-1] INFO  server.GrpcServerProtocolClient (GrpcServerProtocolClient.java:<init>(65)) - Build channel for 45d7554a-4794-4db0-8ec2-ed03ee8d9322|127.0.0.1:15548
2024-04-29 10:07:50,340 [4c7d070b-487d-4f6a-a802-5407a717b610@group-5F07EAC53845-LeaderElection98-2] INFO  server.GrpcServerProtocolClient (GrpcServerProtocolClient.java:<init>(65)) - Build channel for 0b459a02-f078-4553-b8ee-4a7bbebe5aa1|127.0.0.1:15566
2024-04-29 10:07:50,340 [4c7d070b-487d-4f6a-a802-5407a717b610@group-5F07EAC53845-LeaderElection98] INFO  server.RaftServerConfigKeys (ConfUtils.java:logFallback(53)) - raft.server.rpc.first-election.timeout.min = 5s (fallback to raft.server.rpc.timeout.min)
2024-04-29 10:07:50,340 [4c7d070b-487d-4f6a-a802-5407a717b610@group-5F07EAC53845-LeaderElection98] INFO  server.RaftServerConfigKeys (ConfUtils.java:logFallback(53)) - raft.server.rpc.first-election.timeout.max = 5200ms (fallback to raft.server.rpc.timeout.max)
2024-04-29 10:07:50,343 [grpc-default-executor-9] INFO  server.RaftServer$Division (RaftServerImpl.java:requestVote(1389)) - 45d7554a-4794-4db0-8ec2-ed03ee8d9322@group-5F07EAC53845: receive requestVote(PRE_VOTE, 4c7d070b-487d-4f6a-a802-5407a717b610, group-5F07EAC53845, 0, (t:0, i:0))
2024-04-29 10:07:50,343 [grpc-default-executor-9] INFO  impl.VoteContext (VoteContext.java:log(49)) - 45d7554a-4794-4db0-8ec2-ed03ee8d9322@group-5F07EAC53845-FOLLOWER: accept PRE_VOTE from 4c7d070b-487d-4f6a-a802-5407a717b610: our priority 0 <= candidate's priority 1
2024-04-29 10:07:50,343 [grpc-default-executor-9] INFO  server.RaftServer$Division (RaftServerImpl.java:requestVote(1422)) - 45d7554a-4794-4db0-8ec2-ed03ee8d9322@group-5F07EAC53845 replies to PRE_VOTE vote request: 4c7d070b-487d-4f6a-a802-5407a717b610<-45d7554a-4794-4db0-8ec2-ed03ee8d9322#0:OK-t0. Peer's state: 45d7554a-4794-4db0-8ec2-ed03ee8d9322@group-5F07EAC53845:t0, leader=null, voted=, raftlog=Memoized:45d7554a-4794-4db0-8ec2-ed03ee8d9322@group-5F07EAC53845-SegmentedRaftLog:OPENED:c-1, conf=-1: peers:[45d7554a-4794-4db0-8ec2-ed03ee8d9322|127.0.0.1:15548, 0b459a02-f078-4553-b8ee-4a7bbebe5aa1|127.0.0.1:15566, 4c7d070b-487d-4f6a-a802-5407a717b610|127.0.0.1:15557]|listeners:[], old=null
2024-04-29 10:07:50,343 [4c7d070b-487d-4f6a-a802-5407a717b610@group-5F07EAC53845-LeaderElection98] INFO  impl.LeaderElection (LeaderElection.java:logAndReturn(89)) - 4c7d070b-487d-4f6a-a802-5407a717b610@group-5F07EAC53845-LeaderElection98: PRE_VOTE PASSED received 1 response(s) and 0 exception(s):
2024-04-29 10:07:50,343 [4c7d070b-487d-4f6a-a802-5407a717b610@group-5F07EAC53845-LeaderElection98] INFO  impl.LeaderElection (LeaderElection.java:logAndReturn(93)) -   Response 0: 4c7d070b-487d-4f6a-a802-5407a717b610<-45d7554a-4794-4db0-8ec2-ed03ee8d9322#0:OK-t0
2024-04-29 10:07:50,343 [4c7d070b-487d-4f6a-a802-5407a717b610@group-5F07EAC53845-LeaderElection98] INFO  impl.LeaderElection (LeaderElection.java:askForVotes(323)) - 4c7d070b-487d-4f6a-a802-5407a717b610@group-5F07EAC53845-LeaderElection98 PRE_VOTE round 0: result PASSED
2024-04-29 10:07:50,345 [4c7d070b-487d-4f6a-a802-5407a717b610@group-5F07EAC53845-LeaderElection98] INFO  impl.LeaderElection (LeaderElection.java:askForVotes(321)) - 4c7d070b-487d-4f6a-a802-5407a717b610@group-5F07EAC53845-LeaderElection98 ELECTION round 0: submit vote requests at term 1 for -1: peers:[45d7554a-4794-4db0-8ec2-ed03ee8d9322|127.0.0.1:15548, 0b459a02-f078-4553-b8ee-4a7bbebe5aa1|127.0.0.1:15566, 4c7d070b-487d-4f6a-a802-5407a717b610|127.0.0.1:15557]|listeners:[], old=null
2024-04-29 10:07:50,345 [4c7d070b-487d-4f6a-a802-5407a717b610@group-5F07EAC53845-LeaderElection98] INFO  server.RaftServerConfigKeys (ConfUtils.java:logFallback(53)) - raft.server.rpc.first-election.timeout.min = 5s (fallback to raft.server.rpc.timeout.min)
2024-04-29 10:07:50,345 [4c7d070b-487d-4f6a-a802-5407a717b610@group-5F07EAC53845-LeaderElection98] INFO  server.RaftServerConfigKeys (ConfUtils.java:logFallback(53)) - raft.server.rpc.first-election.timeout.max = 5200ms (fallback to raft.server.rpc.timeout.max)
2024-04-29 10:07:50,346 [grpc-default-executor-9] INFO  server.RaftServer$Division (RaftServerImpl.java:requestVote(1389)) - 45d7554a-4794-4db0-8ec2-ed03ee8d9322@group-5F07EAC53845: receive requestVote(ELECTION, 4c7d070b-487d-4f6a-a802-5407a717b610, group-5F07EAC53845, 1, (t:0, i:0))
2024-04-29 10:07:50,346 [grpc-default-executor-9] INFO  impl.VoteContext (VoteContext.java:log(49)) - 45d7554a-4794-4db0-8ec2-ed03ee8d9322@group-5F07EAC53845-FOLLOWER: accept ELECTION from 4c7d070b-487d-4f6a-a802-5407a717b610: our priority 0 <= candidate's priority 1
2024-04-29 10:07:50,346 [grpc-default-executor-9] INFO  server.RaftServer$Division (RaftServerImpl.java:setRole(383)) - 45d7554a-4794-4db0-8ec2-ed03ee8d9322@group-5F07EAC53845: changes role from  FOLLOWER to FOLLOWER at term 1 for candidate:4c7d070b-487d-4f6a-a802-5407a717b610
2024-04-29 10:07:50,346 [grpc-default-executor-9] INFO  impl.RoleInfo (RoleInfo.java:shutdownFollowerState(110)) - 45d7554a-4794-4db0-8ec2-ed03ee8d9322: shutdown 45d7554a-4794-4db0-8ec2-ed03ee8d9322@group-5F07EAC53845-FollowerState
2024-04-29 10:07:50,346 [grpc-default-executor-8] INFO  server.RaftServer$Division (RaftServerImpl.java:requestVote(1389)) - 0b459a02-f078-4553-b8ee-4a7bbebe5aa1@group-5F07EAC53845: receive requestVote(ELECTION, 4c7d070b-487d-4f6a-a802-5407a717b610, group-5F07EAC53845, 1, (t:0, i:0))
2024-04-29 10:07:50,346 [45d7554a-4794-4db0-8ec2-ed03ee8d9322@group-5F07EAC53845-FollowerState] INFO  impl.FollowerState (FollowerState.java:run(152)) - 45d7554a-4794-4db0-8ec2-ed03ee8d9322@group-5F07EAC53845-FollowerState was interrupted
2024-04-29 10:07:50,346 [grpc-default-executor-9] INFO  impl.RoleInfo (RoleInfo.java:updateAndGet(139)) - 45d7554a-4794-4db0-8ec2-ed03ee8d9322: start 45d7554a-4794-4db0-8ec2-ed03ee8d9322@group-5F07EAC53845-FollowerState
2024-04-29 10:07:50,346 [grpc-default-executor-8] INFO  impl.VoteContext (VoteContext.java:log(49)) - 0b459a02-f078-4553-b8ee-4a7bbebe5aa1@group-5F07EAC53845-FOLLOWER: accept ELECTION from 4c7d070b-487d-4f6a-a802-5407a717b610: our priority 0 <= candidate's priority 1
2024-04-29 10:07:50,347 [grpc-default-executor-8] INFO  server.RaftServer$Division (RaftServerImpl.java:setRole(383)) - 0b459a02-f078-4553-b8ee-4a7bbebe5aa1@group-5F07EAC53845: changes role from  FOLLOWER to FOLLOWER at term 1 for candidate:4c7d070b-487d-4f6a-a802-5407a717b610
2024-04-29 10:07:50,347 [grpc-default-executor-8] INFO  impl.RoleInfo (RoleInfo.java:shutdownFollowerState(110)) - 0b459a02-f078-4553-b8ee-4a7bbebe5aa1: shutdown 0b459a02-f078-4553-b8ee-4a7bbebe5aa1@group-5F07EAC53845-FollowerState
2024-04-29 10:07:50,347 [grpc-default-executor-8] INFO  impl.RoleInfo (RoleInfo.java:updateAndGet(139)) - 0b459a02-f078-4553-b8ee-4a7bbebe5aa1: start 0b459a02-f078-4553-b8ee-4a7bbebe5aa1@group-5F07EAC53845-FollowerState
2024-04-29 10:07:50,347 [0b459a02-f078-4553-b8ee-4a7bbebe5aa1@group-5F07EAC53845-FollowerState] INFO  impl.FollowerState (FollowerState.java:run(152)) - 0b459a02-f078-4553-b8ee-4a7bbebe5aa1@group-5F07EAC53845-FollowerState was interrupted
2024-04-29 10:07:50,347 [grpc-default-executor-5] INFO  server.RaftServer$Division (RaftServerImpl.java:requestVote(1389)) - 0b459a02-f078-4553-b8ee-4a7bbebe5aa1@group-5F07EAC53845: receive requestVote(PRE_VOTE, 4c7d070b-487d-4f6a-a802-5407a717b610, group-5F07EAC53845, 0, (t:0, i:0))
2024-04-29 10:07:50,348 [grpc-default-executor-9] INFO  server.RaftServer$Division (RaftServerImpl.java:requestVote(1422)) - 45d7554a-4794-4db0-8ec2-ed03ee8d9322@group-5F07EAC53845 replies to ELECTION vote request: 4c7d070b-487d-4f6a-a802-5407a717b610<-45d7554a-4794-4db0-8ec2-ed03ee8d9322#0:OK-t1. Peer's state: 45d7554a-4794-4db0-8ec2-ed03ee8d9322@group-5F07EAC53845:t1, leader=null, voted=4c7d070b-487d-4f6a-a802-5407a717b610, raftlog=Memoized:45d7554a-4794-4db0-8ec2-ed03ee8d9322@group-5F07EAC53845-SegmentedRaftLog:OPENED:c-1, conf=-1: peers:[45d7554a-4794-4db0-8ec2-ed03ee8d9322|127.0.0.1:15548, 0b459a02-f078-4553-b8ee-4a7bbebe5aa1|127.0.0.1:15566, 4c7d070b-487d-4f6a-a802-5407a717b610|127.0.0.1:15557]|listeners:[], old=null
2024-04-29 10:07:50,348 [4c7d070b-487d-4f6a-a802-5407a717b610@group-5F07EAC53845-LeaderElection98] INFO  impl.LeaderElection (LeaderElection.java:logAndReturn(89)) - 4c7d070b-487d-4f6a-a802-5407a717b610@group-5F07EAC53845-LeaderElection98: ELECTION PASSED received 1 response(s) and 0 exception(s):
2024-04-29 10:07:50,348 [4c7d070b-487d-4f6a-a802-5407a717b610@group-5F07EAC53845-LeaderElection98] INFO  impl.LeaderElection (LeaderElection.java:logAndReturn(93)) -   Response 0: 4c7d070b-487d-4f6a-a802-5407a717b610<-45d7554a-4794-4db0-8ec2-ed03ee8d9322#0:OK-t1
2024-04-29 10:07:50,348 [4c7d070b-487d-4f6a-a802-5407a717b610@group-5F07EAC53845-LeaderElection98] INFO  impl.LeaderElection (LeaderElection.java:askForVotes(323)) - 4c7d070b-487d-4f6a-a802-5407a717b610@group-5F07EAC53845-LeaderElection98 ELECTION round 0: result PASSED
2024-04-29 10:07:50,348 [4c7d070b-487d-4f6a-a802-5407a717b610@group-5F07EAC53845-LeaderElection98] INFO  impl.RoleInfo (RoleInfo.java:shutdownLeaderElection(130)) - 4c7d070b-487d-4f6a-a802-5407a717b610: shutdown 4c7d070b-487d-4f6a-a802-5407a717b610@group-5F07EAC53845-LeaderElection98
2024-04-29 10:07:50,348 [4c7d070b-487d-4f6a-a802-5407a717b610@group-5F07EAC53845-LeaderElection98] INFO  server.RaftServer$Division (RaftServerImpl.java:setRole(383)) - 4c7d070b-487d-4f6a-a802-5407a717b610@group-5F07EAC53845: changes role from CANDIDATE to LEADER at term 1 for changeToLeader
2024-04-29 10:07:50,348 [4c7d070b-487d-4f6a-a802-5407a717b610@group-5F07EAC53845-LeaderElection98] INFO  server.RaftServerConfigKeys (ConfUtils.java:logGet(46)) - raft.server.staging.catchup.gap = 1000 (default)
2024-04-29 10:07:50,348 [4c7d070b-487d-4f6a-a802-5407a717b610@group-5F07EAC53845-LeaderElection98] INFO  server.RaftServerConfigKeys (ConfUtils.java:logGet(46)) - raft.server.write.element-limit = 1024 (custom)
2024-04-29 10:07:50,348 [4c7d070b-487d-4f6a-a802-5407a717b610@group-5F07EAC53845-LeaderElection98] INFO  server.RaftServerConfigKeys (ConfUtils.java:logGet(46)) - raft.server.write.byte-limit = 1024 M (=1073741824) (custom)
2024-04-29 10:07:50,348 [4c7d070b-487d-4f6a-a802-5407a717b610@group-5F07EAC53845-LeaderElection98] INFO  server.RaftServerConfigKeys (ConfUtils.java:logGet(46)) - raft.server.watch.timeout = 3000ms (custom)
2024-04-29 10:07:50,348 [4c7d070b-487d-4f6a-a802-5407a717b610@group-5F07EAC53845-LeaderElection98] INFO  server.RaftServerConfigKeys (ConfUtils.java:logGet(46)) - raft.server.watch.timeout.denomination = 1s (default)
2024-04-29 10:07:50,349 [4c7d070b-487d-4f6a-a802-5407a717b610@group-5F07EAC53845-LeaderElection98] INFO  server.RaftServerConfigKeys (ConfUtils.java:logGet(46)) - raft.server.watch.element-limit = 65536 (default)
2024-04-29 10:07:50,349 [4c7d070b-487d-4f6a-a802-5407a717b610@group-5F07EAC53845-LeaderElection98] INFO  server.RaftServerConfigKeys (ConfUtils.java:logGet(46)) - raft.server.read.leader.lease.enabled = false (default)
2024-04-29 10:07:50,349 [4c7d070b-487d-4f6a-a802-5407a717b610@group-5F07EAC53845-LeaderElection98] INFO  server.RaftServerConfigKeys (ConfUtils.java:logGet(46)) - raft.server.read.leader.lease.timeout.ratio = 0.9 (default)
2024-04-29 10:07:50,349 [4c7d070b-487d-4f6a-a802-5407a717b610@group-5F07EAC53845-LeaderElection98] INFO  server.RaftServerConfigKeys (ConfUtils.java:logGet(46)) - raft.server.rpc.timeout.min = 5s (custom)
2024-04-29 10:07:50,349 [4c7d070b-487d-4f6a-a802-5407a717b610@group-5F07EAC53845-LeaderElection98] INFO  server.RaftServerConfigKeys (ConfUtils.java:logGet(46)) - raft.server.write.element-limit = 1024 (custom)
2024-04-29 10:07:50,349 [4c7d070b-487d-4f6a-a802-5407a717b610@group-5F07EAC53845-LeaderElection98] INFO  server.RaftServerConfigKeys (ConfUtils.java:logGet(46)) - raft.server.write.follower.gap.ratio.max = -1.0 (default)
2024-04-29 10:07:50,364 [grpc-default-executor-8] INFO  server.RaftServer$Division (RaftServerImpl.java:setFirstElection(574)) - 0b459a02-f078-4553-b8ee-4a7bbebe5aa1@group-5F07EAC53845: set firstElectionSinceStartup to false for candidate:4c7d070b-487d-4f6a-a802-5407a717b610
2024-04-29 10:07:50,364 [4c7d070b-487d-4f6a-a802-5407a717b610@group-5F07EAC53845-LeaderElection98] INFO  server.RaftServerConfigKeys (ConfUtils.java:logGet(46)) - raft.server.log.appender.snapshot.chunk.size.max = 16MB (=16777216) (default)
2024-04-29 10:07:50,364 [4c7d070b-487d-4f6a-a802-5407a717b610@group-5F07EAC53845-LeaderElection98] INFO  server.RaftServerConfigKeys (ConfUtils.java:logGet(46)) - raft.server.log.appender.buffer.byte-limit = 8388608 (custom)
2024-04-29 10:07:50,364 [4c7d070b-487d-4f6a-a802-5407a717b610@group-5F07EAC53845-LeaderElection98] INFO  server.RaftServerConfigKeys (ConfUtils.java:logGet(46)) - raft.server.log.appender.buffer.element-limit = 1 (custom)
2024-04-29 10:07:50,365 [4c7d070b-487d-4f6a-a802-5407a717b610@group-5F07EAC53845-LeaderElection98] INFO  server.RaftServerConfigKeys (ConfUtils.java:logGet(46)) - raft.server.log.appender.wait-time.min = 0ms (custom)
2024-04-29 10:07:50,365 [4c7d070b-487d-4f6a-a802-5407a717b610@group-5F07EAC53845-LeaderElection98] INFO  grpc.GrpcConfigKeys (ConfUtils.java:logGet(46)) - raft.grpc.server.leader.outstanding.appends.max = 8 (default)
2024-04-29 10:07:50,365 [4c7d070b-487d-4f6a-a802-5407a717b610@group-5F07EAC53845-LeaderElection98] INFO  server.RaftServerConfigKeys (ConfUtils.java:logGet(46)) - raft.server.rpc.request.timeout = 3000ms (default)
2024-04-29 10:07:50,365 [4c7d070b-487d-4f6a-a802-5407a717b610@group-5F07EAC53845-LeaderElection98] INFO  grpc.GrpcConfigKeys (ConfUtils.java:logGet(46)) - raft.grpc.server.install_snapshot.request.element-limit = 8 (default)
2024-04-29 10:07:50,365 [4c7d070b-487d-4f6a-a802-5407a717b610@group-5F07EAC53845-LeaderElection98] INFO  grpc.GrpcConfigKeys (ConfUtils.java:logGet(46)) - raft.grpc.server.install_snapshot.request.timeout = 3000ms (default)
2024-04-29 10:07:50,365 [4c7d070b-487d-4f6a-a802-5407a717b610@group-5F07EAC53845-LeaderElection98] INFO  grpc.GrpcConfigKeys (ConfUtils.java:logGet(46)) - raft.grpc.server.log-message.batch.duration = 5s (default)
2024-04-29 10:07:50,365 [4c7d070b-487d-4f6a-a802-5407a717b610@group-5F07EAC53845-LeaderElection98] INFO  server.RaftServerConfigKeys (ConfUtils.java:logGet(46)) - raft.server.log.appender.install.snapshot.enabled = false (custom)
2024-04-29 10:07:50,365 [4c7d070b-487d-4f6a-a802-5407a717b610@group-5F07EAC53845-LeaderElection98] INFO  grpc.GrpcConfigKeys (ConfUtils.java:logGet(46)) - raft.grpc.server.heartbeat.channel = true (default)
2024-04-29 10:07:50,366 [4c7d070b-487d-4f6a-a802-5407a717b610@group-5F07EAC53845-LeaderElection98] INFO  server.RaftServerConfigKeys (ConfUtils.java:logGet(46)) - raft.server.log.appender.snapshot.chunk.size.max = 16MB (=16777216) (default)
2024-04-29 10:07:50,366 [4c7d070b-487d-4f6a-a802-5407a717b610@group-5F07EAC53845-LeaderElection98] INFO  server.RaftServerConfigKeys (ConfUtils.java:logGet(46)) - raft.server.log.appender.buffer.byte-limit = 8388608 (custom)
2024-04-29 10:07:50,366 [4c7d070b-487d-4f6a-a802-5407a717b610@group-5F07EAC53845-LeaderElection98] INFO  server.RaftServerConfigKeys (ConfUtils.java:logGet(46)) - raft.server.log.appender.buffer.element-limit = 1 (custom)
2024-04-29 10:07:50,366 [4c7d070b-487d-4f6a-a802-5407a717b610@group-5F07EAC53845-LeaderElection98] INFO  server.RaftServerConfigKeys (ConfUtils.java:logGet(46)) - raft.server.log.appender.wait-time.min = 0ms (custom)
2024-04-29 10:07:50,366 [4c7d070b-487d-4f6a-a802-5407a717b610@group-5F07EAC53845-LeaderElection98] INFO  grpc.GrpcConfigKeys (ConfUtils.java:logGet(46)) - raft.grpc.server.leader.outstanding.appends.max = 8 (default)
2024-04-29 10:07:50,366 [4c7d070b-487d-4f6a-a802-5407a717b610@group-5F07EAC53845-LeaderElection98] INFO  server.RaftServerConfigKeys (ConfUtils.java:logGet(46)) - raft.server.rpc.request.timeout = 3000ms (default)
2024-04-29 10:07:50,366 [4c7d070b-487d-4f6a-a802-5407a717b610@group-5F07EAC53845-LeaderElection98] INFO  grpc.GrpcConfigKeys (ConfUtils.java:logGet(46)) - raft.grpc.server.install_snapshot.request.element-limit = 8 (default)
2024-04-29 10:07:50,366 [4c7d070b-487d-4f6a-a802-5407a717b610@group-5F07EAC53845-LeaderElection98] INFO  grpc.GrpcConfigKeys (ConfUtils.java:logGet(46)) - raft.grpc.server.install_snapshot.request.timeout = 3000ms (default)
2024-04-29 10:07:50,366 [4c7d070b-487d-4f6a-a802-5407a717b610@group-5F07EAC53845-LeaderElection98] INFO  grpc.GrpcConfigKeys (ConfUtils.java:logGet(46)) - raft.grpc.server.log-message.batch.duration = 5s (default)
2024-04-29 10:07:50,366 [4c7d070b-487d-4f6a-a802-5407a717b610@group-5F07EAC53845-LeaderElection98] INFO  server.RaftServerConfigKeys (ConfUtils.java:logGet(46)) - raft.server.log.appender.install.snapshot.enabled = false (custom)
2024-04-29 10:07:50,366 [4c7d070b-487d-4f6a-a802-5407a717b610@group-5F07EAC53845-LeaderElection98] INFO  grpc.GrpcConfigKeys (ConfUtils.java:logGet(46)) - raft.grpc.server.heartbeat.channel = true (default)
2024-04-29 10:07:50,366 [grpc-default-executor-8] INFO  server.RaftServer$Division (RaftServerImpl.java:requestVote(1422)) - 0b459a02-f078-4553-b8ee-4a7bbebe5aa1@group-5F07EAC53845 replies to ELECTION vote request: 4c7d070b-487d-4f6a-a802-5407a717b610<-0b459a02-f078-4553-b8ee-4a7bbebe5aa1#0:OK-t1. Peer's state: 0b459a02-f078-4553-b8ee-4a7bbebe5aa1@group-5F07EAC53845:t1, leader=null, voted=4c7d070b-487d-4f6a-a802-5407a717b610, raftlog=Memoized:0b459a02-f078-4553-b8ee-4a7bbebe5aa1@group-5F07EAC53845-SegmentedRaftLog:OPENED:c-1, conf=-1: peers:[45d7554a-4794-4db0-8ec2-ed03ee8d9322|127.0.0.1:15548, 0b459a02-f078-4553-b8ee-4a7bbebe5aa1|127.0.0.1:15566, 4c7d070b-487d-4f6a-a802-5407a717b610|127.0.0.1:15557]|listeners:[], old=null
2024-04-29 10:07:50,366 [4c7d070b-487d-4f6a-a802-5407a717b610@group-5F07EAC53845-LeaderElection98] INFO  impl.RoleInfo (RoleInfo.java:updateAndGet(139)) - 4c7d070b-487d-4f6a-a802-5407a717b610: start 4c7d070b-487d-4f6a-a802-5407a717b610@group-5F07EAC53845-LeaderStateImpl
2024-04-29 10:07:50,366 [4c7d070b-487d-4f6a-a802-5407a717b610@group-5F07EAC53845-LeaderElection98] INFO  server.RaftServer$Division (RaftServerImpl.java:setFirstElection(574)) - 4c7d070b-487d-4f6a-a802-5407a717b610@group-5F07EAC53845: set firstElectionSinceStartup to false for becomeLeader
2024-04-29 10:07:50,366 [4c7d070b-487d-4f6a-a802-5407a717b610@group-5F07EAC53845-LeaderElection98] INFO  ratis.XceiverServerRatis (XceiverServerRatis.java:handleLeaderChangedNotification(966)) - Leader change notification received for group: group-5F07EAC53845 with new leaderId: 4c7d070b-487d-4f6a-a802-5407a717b610
2024-04-29 10:07:50,367 [4c7d070b-487d-4f6a-a802-5407a717b610@group-5F07EAC53845-LeaderElection98] INFO  server.RaftServer$Division (ServerState.java:setLeader(269)) - 4c7d070b-487d-4f6a-a802-5407a717b610@group-5F07EAC53845: change Leader from null to 4c7d070b-487d-4f6a-a802-5407a717b610 at term 1 for becomeLeader, leader elected after 5194ms
2024-04-29 10:07:50,367 [4c7d070b-487d-4f6a-a802-5407a717b610@group-5F07EAC53845-LeaderElection98] INFO  segmented.SegmentedRaftLogWorker (SegmentedRaftLogWorker.java:startLogSegment(430)) - 4c7d070b-487d-4f6a-a802-5407a717b610@group-5F07EAC53845-SegmentedRaftLogWorker: Starting segment from index:0
2024-04-29 10:07:50,367 [4c7d070b-487d-4f6a-a802-5407a717b610@group-5F07EAC53845-LeaderElection98] INFO  server.RaftServer$Division (ServerState.java:setRaftConf(386)) - 4c7d070b-487d-4f6a-a802-5407a717b610@group-5F07EAC53845: set configuration 0: peers:[45d7554a-4794-4db0-8ec2-ed03ee8d9322|127.0.0.1:15548, 0b459a02-f078-4553-b8ee-4a7bbebe5aa1|127.0.0.1:15566, 4c7d070b-487d-4f6a-a802-5407a717b610|127.0.0.1:15557]|listeners:[], old=null
2024-04-29 10:07:50,366 [grpc-default-executor-5] INFO  impl.VoteContext (VoteContext.java:log(49)) - 0b459a02-f078-4553-b8ee-4a7bbebe5aa1@group-5F07EAC53845-FOLLOWER: accept PRE_VOTE from 4c7d070b-487d-4f6a-a802-5407a717b610: our priority 0 <= candidate's priority 1
2024-04-29 10:07:50,367 [4c7d070b-487d-4f6a-a802-5407a717b610@group-5F07EAC53845-SegmentedRaftLogWorker] INFO  segmented.BufferedWriteChannel (BufferedWriteChannel.java:open(62)) - open log_inprogress_0 at position 0
2024-04-29 10:07:50,367 [grpc-default-executor-5] INFO  server.RaftServer$Division (RaftServerImpl.java:requestVote(1422)) - 0b459a02-f078-4553-b8ee-4a7bbebe5aa1@group-5F07EAC53845 replies to PRE_VOTE vote request: 4c7d070b-487d-4f6a-a802-5407a717b610<-0b459a02-f078-4553-b8ee-4a7bbebe5aa1#0:OK-t1. Peer's state: 0b459a02-f078-4553-b8ee-4a7bbebe5aa1@group-5F07EAC53845:t1, leader=null, voted=4c7d070b-487d-4f6a-a802-5407a717b610, raftlog=Memoized:0b459a02-f078-4553-b8ee-4a7bbebe5aa1@group-5F07EAC53845-SegmentedRaftLog:OPENED:c-1, conf=-1: peers:[45d7554a-4794-4db0-8ec2-ed03ee8d9322|127.0.0.1:15548, 0b459a02-f078-4553-b8ee-4a7bbebe5aa1|127.0.0.1:15566, 4c7d070b-487d-4f6a-a802-5407a717b610|127.0.0.1:15557]|listeners:[], old=null
2024-04-29 10:07:50,368 [EventQueue-PipelineReportForPipelineReportHandler] INFO  pipeline.PipelineReportHandler (PipelineReportHandler.java:processPipelineReport(136)) - Opened pipeline PipelineID=40ab4934-8feb-4e0b-a110-5f07eac53845
2024-04-29 10:07:50,368 [EventQueue-OpenPipelineForHealthyPipelineSafeModeRule] INFO  safemode.SCMSafeModeManager (HealthyPipelineSafeModeRule.java:process(140)) - SCM in safe mode. Healthy pipelines reported count is 1, required healthy pipeline reported count is 1
2024-04-29 10:07:50,368 [EventQueue-OpenPipelineForHealthyPipelineSafeModeRule] INFO  safemode.SCMSafeModeManager (SCMSafeModeManager.java:validateSafeModeExitRules(203)) - HealthyPipelineSafeModeRule rule is successfully validated
2024-04-29 10:07:50,368 [EventQueue-OpenPipelineForHealthyPipelineSafeModeRule] INFO  safemode.SCMSafeModeManager (SCMSafeModeManager.java:validateSafeModeExitRules(218)) - ScmSafeModeManager, all rules are successfully validated
2024-04-29 10:07:50,368 [EventQueue-OpenPipelineForHealthyPipelineSafeModeRule] INFO  safemode.SCMSafeModeManager (SCMSafeModeManager.java:exitSafeMode(248)) - SCM exiting safe mode.
2024-04-29 10:07:50,368 [EventQueue-OpenPipelineForHealthyPipelineSafeModeRule] INFO  ha.SCMContext (SCMContext.java:updateSafeModeStatus(225)) - Update SafeModeStatus from SafeModeStatus{safeModeStatus=true, preCheckPassed=true} to SafeModeStatus{safeModeStatus=false, preCheckPassed=true}.
2024-04-29 10:07:50,368 [EventQueue-OpenPipelineForHealthyPipelineSafeModeRule] INFO  pipeline.BackgroundPipelineCreator (BackgroundPipelineCreator.java:notifyStatusChanged(258)) - Service BackgroundPipelineCreator transitions to RUNNING.
2024-04-29 10:07:50,368 [EventQueue-OpenPipelineForHealthyPipelineSafeModeRule] INFO  BackgroundPipelineScrubber (BackgroundSCMService.java:notifyStatusChanged(79)) - Service BackgroundPipelineScrubber transitions to RUNNING.
2024-04-29 10:07:50,368 [EventQueue-OpenPipelineForHealthyPipelineSafeModeRule] INFO  ExpiredContainerReplicaOpScrubber (BackgroundSCMService.java:notifyStatusChanged(79)) - Service ExpiredContainerReplicaOpScrubber transitions to RUNNING.
2024-04-29 10:07:50,368 [EventQueue-OpenPipelineForHealthyPipelineSafeModeRule] INFO  block.SCMBlockDeletingService (SCMBlockDeletingService.java:notifyStatusChanged(247)) - notifyStatusChanged:RUNNING
2024-04-29 10:07:50,369 [EventQueue-OpenPipelineForHealthyPipelineSafeModeRule] INFO  replication.ReplicationManager (ReplicationManager.java:notifyStatusChanged(1404)) - Service ReplicationManager transitions to RUNNING.
2024-04-29 10:07:50,369 [EventQueue-OpenPipelineForHealthyPipelineSafeModeRule] WARN  balancer.ContainerBalancer (ContainerBalancer.java:shouldRun(134)) - Could not find persisted configuration for ContainerBalancer when checking if ContainerBalancer should run. ContainerBalancer should not run now.
2024-04-29 10:07:50,373 [0b459a02-f078-4553-b8ee-4a7bbebe5aa1-server-thread1] INFO  ratis.XceiverServerRatis (XceiverServerRatis.java:handleLeaderChangedNotification(966)) - Leader change notification received for group: group-5F07EAC53845 with new leaderId: 4c7d070b-487d-4f6a-a802-5407a717b610
2024-04-29 10:07:50,373 [0b459a02-f078-4553-b8ee-4a7bbebe5aa1-server-thread1] INFO  server.RaftServer$Division (ServerState.java:setLeader(269)) - 0b459a02-f078-4553-b8ee-4a7bbebe5aa1@group-5F07EAC53845: change Leader from null to 4c7d070b-487d-4f6a-a802-5407a717b610 at term 1 for appendEntries, leader elected after 5217ms
2024-04-29 10:07:50,374 [45d7554a-4794-4db0-8ec2-ed03ee8d9322-server-thread1] INFO  ratis.XceiverServerRatis (XceiverServerRatis.java:handleLeaderChangedNotification(966)) - Leader change notification received for group: group-5F07EAC53845 with new leaderId: 4c7d070b-487d-4f6a-a802-5407a717b610
2024-04-29 10:07:50,374 [0b459a02-f078-4553-b8ee-4a7bbebe5aa1-server-thread2] INFO  server.RaftServer$Division (ServerState.java:setRaftConf(386)) - 0b459a02-f078-4553-b8ee-4a7bbebe5aa1@group-5F07EAC53845: set configuration 0: peers:[45d7554a-4794-4db0-8ec2-ed03ee8d9322|127.0.0.1:15548, 0b459a02-f078-4553-b8ee-4a7bbebe5aa1|127.0.0.1:15566, 4c7d070b-487d-4f6a-a802-5407a717b610|127.0.0.1:15557]|listeners:[], old=null
2024-04-29 10:07:50,374 [45d7554a-4794-4db0-8ec2-ed03ee8d9322-server-thread1] INFO  server.RaftServer$Division (ServerState.java:setLeader(269)) - 45d7554a-4794-4db0-8ec2-ed03ee8d9322@group-5F07EAC53845: change Leader from null to 4c7d070b-487d-4f6a-a802-5407a717b610 at term 1 for appendEntries, leader elected after 5233ms
2024-04-29 10:07:50,374 [0b459a02-f078-4553-b8ee-4a7bbebe5aa1-server-thread2] INFO  segmented.SegmentedRaftLogWorker (SegmentedRaftLogWorker.java:startLogSegment(430)) - 0b459a02-f078-4553-b8ee-4a7bbebe5aa1@group-5F07EAC53845-SegmentedRaftLogWorker: Starting segment from index:0
2024-04-29 10:07:50,374 [0b459a02-f078-4553-b8ee-4a7bbebe5aa1@group-5F07EAC53845-SegmentedRaftLogWorker] INFO  segmented.BufferedWriteChannel (BufferedWriteChannel.java:open(62)) - open log_inprogress_0 at position 0
2024-04-29 10:07:50,378 [45d7554a-4794-4db0-8ec2-ed03ee8d9322-server-thread2] INFO  server.RaftServer$Division (ServerState.java:setRaftConf(386)) - 45d7554a-4794-4db0-8ec2-ed03ee8d9322@group-5F07EAC53845: set configuration 0: peers:[45d7554a-4794-4db0-8ec2-ed03ee8d9322|127.0.0.1:15548, 0b459a02-f078-4553-b8ee-4a7bbebe5aa1|127.0.0.1:15566, 4c7d070b-487d-4f6a-a802-5407a717b610|127.0.0.1:15557]|listeners:[], old=null
2024-04-29 10:07:50,378 [45d7554a-4794-4db0-8ec2-ed03ee8d9322-server-thread2] INFO  segmented.SegmentedRaftLogWorker (SegmentedRaftLogWorker.java:startLogSegment(430)) - 45d7554a-4794-4db0-8ec2-ed03ee8d9322@group-5F07EAC53845-SegmentedRaftLogWorker: Starting segment from index:0
2024-04-29 10:07:50,382 [45d7554a-4794-4db0-8ec2-ed03ee8d9322@group-5F07EAC53845-SegmentedRaftLogWorker] INFO  segmented.BufferedWriteChannel (BufferedWriteChannel.java:open(62)) - open log_inprogress_0 at position 0
2024-04-29 10:07:50,382 [4c7d070b-487d-4f6a-a802-5407a717b610@group-5F07EAC53845-SegmentedRaftLogWorker] INFO  segmented.SegmentedRaftLogWorker (SegmentedRaftLogWorker.java:execute(634)) - 4c7d070b-487d-4f6a-a802-5407a717b610@group-5F07EAC53845-SegmentedRaftLogWorker: created new log segment /home/runner/work/ozone/ozone/hadoop-ozone/integration-test/target/test-dir/MiniOzoneClusterImpl-b29d8e3c-9ac1-4bd8-916d-9a49b4a73262/ozone-meta/datanode-2/ratis/40ab4934-8feb-4e0b-a110-5f07eac53845/current/log_inprogress_0
2024-04-29 10:07:50,382 [0b459a02-f078-4553-b8ee-4a7bbebe5aa1@group-5F07EAC53845-SegmentedRaftLogWorker] INFO  segmented.SegmentedRaftLogWorker (SegmentedRaftLogWorker.java:execute(634)) - 0b459a02-f078-4553-b8ee-4a7bbebe5aa1@group-5F07EAC53845-SegmentedRaftLogWorker: created new log segment /home/runner/work/ozone/ozone/hadoop-ozone/integration-test/target/test-dir/MiniOzoneClusterImpl-b29d8e3c-9ac1-4bd8-916d-9a49b4a73262/ozone-meta/datanode-3/ratis/40ab4934-8feb-4e0b-a110-5f07eac53845/current/log_inprogress_0
2024-04-29 10:07:50,384 [0b459a02-f078-4553-b8ee-4a7bbebe5aa1@group-797A9D523F66-FollowerState] INFO  impl.FollowerState (FollowerState.java:run(143)) - 0b459a02-f078-4553-b8ee-4a7bbebe5aa1@group-797A9D523F66-FollowerState: change to CANDIDATE, lastRpcElapsedTime:5137954919ns, electionTimeout:5135ms
2024-04-29 10:07:50,384 [0b459a02-f078-4553-b8ee-4a7bbebe5aa1@group-797A9D523F66-FollowerState] INFO  impl.RoleInfo (RoleInfo.java:shutdownFollowerState(110)) - 0b459a02-f078-4553-b8ee-4a7bbebe5aa1: shutdown 0b459a02-f078-4553-b8ee-4a7bbebe5aa1@group-797A9D523F66-FollowerState
2024-04-29 10:07:50,384 [0b459a02-f078-4553-b8ee-4a7bbebe5aa1@group-797A9D523F66-FollowerState] INFO  server.RaftServer$Division (RaftServerImpl.java:setRole(383)) - 0b459a02-f078-4553-b8ee-4a7bbebe5aa1@group-797A9D523F66: changes role from  FOLLOWER to CANDIDATE at term 0 for changeToCandidate
2024-04-29 10:07:50,384 [0b459a02-f078-4553-b8ee-4a7bbebe5aa1@group-797A9D523F66-FollowerState] INFO  server.RaftServerConfigKeys (ConfUtils.java:logGet(46)) - raft.server.leaderelection.pre-vote = true (default)
2024-04-29 10:07:50,385 [0b459a02-f078-4553-b8ee-4a7bbebe5aa1@group-797A9D523F66-FollowerState] INFO  impl.RoleInfo (RoleInfo.java:updateAndGet(139)) - 0b459a02-f078-4553-b8ee-4a7bbebe5aa1: start 0b459a02-f078-4553-b8ee-4a7bbebe5aa1@group-797A9D523F66-LeaderElection99
2024-04-29 10:07:50,385 [0b459a02-f078-4553-b8ee-4a7bbebe5aa1@group-797A9D523F66-LeaderElection99] INFO  impl.LeaderElection (LeaderElection.java:askForVotes(321)) - 0b459a02-f078-4553-b8ee-4a7bbebe5aa1@group-797A9D523F66-LeaderElection99 PRE_VOTE round 0: submit vote requests at term 0 for -1: peers:[0b459a02-f078-4553-b8ee-4a7bbebe5aa1|127.0.0.1:15566]|listeners:[], old=null
2024-04-29 10:07:50,385 [0b459a02-f078-4553-b8ee-4a7bbebe5aa1@group-797A9D523F66-LeaderElection99] INFO  impl.LeaderElection (LeaderElection.java:askForVotes(323)) - 0b459a02-f078-4553-b8ee-4a7bbebe5aa1@group-797A9D523F66-LeaderElection99 PRE_VOTE round 0: result PASSED (term=0)
2024-04-29 10:07:50,389 [0b459a02-f078-4553-b8ee-4a7bbebe5aa1@group-797A9D523F66-LeaderElection99] INFO  impl.LeaderElection (LeaderElection.java:askForVotes(321)) - 0b459a02-f078-4553-b8ee-4a7bbebe5aa1@group-797A9D523F66-LeaderElection99 ELECTION round 0: submit vote requests at term 1 for -1: peers:[0b459a02-f078-4553-b8ee-4a7bbebe5aa1|127.0.0.1:15566]|listeners:[], old=null
2024-04-29 10:07:50,389 [0b459a02-f078-4553-b8ee-4a7bbebe5aa1@group-797A9D523F66-LeaderElection99] INFO  impl.LeaderElection (LeaderElection.java:askForVotes(323)) - 0b459a02-f078-4553-b8ee-4a7bbebe5aa1@group-797A9D523F66-LeaderElection99 ELECTION round 0: result PASSED (term=1)
2024-04-29 10:07:50,389 [0b459a02-f078-4553-b8ee-4a7bbebe5aa1@group-797A9D523F66-LeaderElection99] INFO  impl.RoleInfo (RoleInfo.java:shutdownLeaderElection(130)) - 0b459a02-f078-4553-b8ee-4a7bbebe5aa1: shutdown 0b459a02-f078-4553-b8ee-4a7bbebe5aa1@group-797A9D523F66-LeaderElection99
2024-04-29 10:07:50,389 [0b459a02-f078-4553-b8ee-4a7bbebe5aa1@group-797A9D523F66-LeaderElection99] INFO  server.RaftServer$Division (RaftServerImpl.java:setRole(383)) - 0b459a02-f078-4553-b8ee-4a7bbebe5aa1@group-797A9D523F66: changes role from CANDIDATE to LEADER at term 1 for changeToLeader
2024-04-29 10:07:50,389 [45d7554a-4794-4db0-8ec2-ed03ee8d9322@group-5F07EAC53845-SegmentedRaftLogWorker] INFO  segmented.SegmentedRaftLogWorker (SegmentedRaftLogWorker.java:execute(634)) - 45d7554a-4794-4db0-8ec2-ed03ee8d9322@group-5F07EAC53845-SegmentedRaftLogWorker: created new log segment /home/runner/work/ozone/ozone/hadoop-ozone/integration-test/target/test-dir/MiniOzoneClusterImpl-b29d8e3c-9ac1-4bd8-916d-9a49b4a73262/ozone-meta/datanode-1/ratis/40ab4934-8feb-4e0b-a110-5f07eac53845/current/log_inprogress_0
2024-04-29 10:07:50,389 [0b459a02-f078-4553-b8ee-4a7bbebe5aa1@group-797A9D523F66-LeaderElection99] INFO  server.RaftServerConfigKeys (ConfUtils.java:logGet(46)) - raft.server.staging.catchup.gap = 1000 (default)
2024-04-29 10:07:50,389 [4c7d070b-487d-4f6a-a802-5407a717b610@group-5F07EAC53845-StateMachineUpdater] INFO  server.RaftServer$Division (LeaderStateImpl.java:isApplied(320)) - leader is ready since appliedIndex == 0 >= startIndex == 0
2024-04-29 10:07:50,389 [0b459a02-f078-4553-b8ee-4a7bbebe5aa1@group-797A9D523F66-LeaderElection99] INFO  server.RaftServerConfigKeys (ConfUtils.java:logGet(46)) - raft.server.write.element-limit = 1024 (custom)
2024-04-29 10:07:50,389 [0b459a02-f078-4553-b8ee-4a7bbebe5aa1@group-797A9D523F66-LeaderElection99] INFO  server.RaftServerConfigKeys (ConfUtils.java:logGet(46)) - raft.server.write.byte-limit = 1024 M (=1073741824) (custom)
2024-04-29 10:07:50,390 [0b459a02-f078-4553-b8ee-4a7bbebe5aa1@group-797A9D523F66-LeaderElection99] INFO  server.RaftServerConfigKeys (ConfUtils.java:logGet(46)) - raft.server.watch.timeout = 3000ms (custom)
2024-04-29 10:07:50,390 [0b459a02-f078-4553-b8ee-4a7bbebe5aa1@group-797A9D523F66-LeaderElection99] INFO  server.RaftServerConfigKeys (ConfUtils.java:logGet(46)) - raft.server.watch.timeout.denomination = 1s (default)
2024-04-29 10:07:50,390 [0b459a02-f078-4553-b8ee-4a7bbebe5aa1@group-797A9D523F66-LeaderElection99] INFO  server.RaftServerConfigKeys (ConfUtils.java:logGet(46)) - raft.server.watch.element-limit = 65536 (default)
2024-04-29 10:07:50,390 [0b459a02-f078-4553-b8ee-4a7bbebe5aa1@group-797A9D523F66-LeaderElection99] INFO  server.RaftServerConfigKeys (ConfUtils.java:logGet(46)) - raft.server.read.leader.lease.enabled = false (default)
2024-04-29 10:07:50,390 [0b459a02-f078-4553-b8ee-4a7bbebe5aa1@group-797A9D523F66-LeaderElection99] INFO  server.RaftServerConfigKeys (ConfUtils.java:logGet(46)) - raft.server.read.leader.lease.timeout.ratio = 0.9 (default)
2024-04-29 10:07:50,390 [0b459a02-f078-4553-b8ee-4a7bbebe5aa1@group-797A9D523F66-LeaderElection99] INFO  server.RaftServerConfigKeys (ConfUtils.java:logGet(46)) - raft.server.rpc.timeout.min = 5s (custom)
2024-04-29 10:07:50,390 [0b459a02-f078-4553-b8ee-4a7bbebe5aa1@group-797A9D523F66-LeaderElection99] INFO  server.RaftServerConfigKeys (ConfUtils.java:logGet(46)) - raft.server.write.element-limit = 1024 (custom)
2024-04-29 10:07:50,390 [0b459a02-f078-4553-b8ee-4a7bbebe5aa1@group-797A9D523F66-LeaderElection99] INFO  server.RaftServerConfigKeys (ConfUtils.java:logGet(46)) - raft.server.write.follower.gap.ratio.max = -1.0 (default)
2024-04-29 10:07:50,390 [0b459a02-f078-4553-b8ee-4a7bbebe5aa1@group-797A9D523F66-LeaderElection99] INFO  impl.RoleInfo (RoleInfo.java:updateAndGet(139)) - 0b459a02-f078-4553-b8ee-4a7bbebe5aa1: start 0b459a02-f078-4553-b8ee-4a7bbebe5aa1@group-797A9D523F66-LeaderStateImpl
2024-04-29 10:07:50,391 [0b459a02-f078-4553-b8ee-4a7bbebe5aa1@group-797A9D523F66-LeaderElection99] INFO  server.RaftServer$Division (RaftServerImpl.java:setFirstElection(574)) - 0b459a02-f078-4553-b8ee-4a7bbebe5aa1@group-797A9D523F66: set firstElectionSinceStartup to false for becomeLeader
2024-04-29 10:07:50,391 [0b459a02-f078-4553-b8ee-4a7bbebe5aa1@group-797A9D523F66-LeaderElection99] INFO  ratis.XceiverServerRatis (XceiverServerRatis.java:handleLeaderChangedNotification(966)) - Leader change notification received for group: group-797A9D523F66 with new leaderId: 0b459a02-f078-4553-b8ee-4a7bbebe5aa1
2024-04-29 10:07:50,391 [0b459a02-f078-4553-b8ee-4a7bbebe5aa1@group-797A9D523F66-LeaderElection99] INFO  server.RaftServer$Division (ServerState.java:setLeader(269)) - 0b459a02-f078-4553-b8ee-4a7bbebe5aa1@group-797A9D523F66: change Leader from null to 0b459a02-f078-4553-b8ee-4a7bbebe5aa1 at term 1 for becomeLeader, leader elected after 5151ms
2024-04-29 10:07:50,391 [0b459a02-f078-4553-b8ee-4a7bbebe5aa1@group-797A9D523F66-LeaderElection99] INFO  segmented.SegmentedRaftLogWorker (SegmentedRaftLogWorker.java:startLogSegment(430)) - 0b459a02-f078-4553-b8ee-4a7bbebe5aa1@group-797A9D523F66-SegmentedRaftLogWorker: Starting segment from index:0
2024-04-29 10:07:50,391 [0b459a02-f078-4553-b8ee-4a7bbebe5aa1@group-797A9D523F66-LeaderElection99] INFO  server.RaftServer$Division (ServerState.java:setRaftConf(386)) - 0b459a02-f078-4553-b8ee-4a7bbebe5aa1@group-797A9D523F66: set configuration 0: peers:[0b459a02-f078-4553-b8ee-4a7bbebe5aa1|127.0.0.1:15566]|listeners:[], old=null
2024-04-29 10:07:50,391 [0b459a02-f078-4553-b8ee-4a7bbebe5aa1@group-797A9D523F66-SegmentedRaftLogWorker] INFO  segmented.BufferedWriteChannel (BufferedWriteChannel.java:open(62)) - open log_inprogress_0 at position 0
2024-04-29 10:07:50,398 [0b459a02-f078-4553-b8ee-4a7bbebe5aa1@group-797A9D523F66-SegmentedRaftLogWorker] INFO  segmented.SegmentedRaftLogWorker (SegmentedRaftLogWorker.java:execute(634)) - 0b459a02-f078-4553-b8ee-4a7bbebe5aa1@group-797A9D523F66-SegmentedRaftLogWorker: created new log segment /home/runner/work/ozone/ozone/hadoop-ozone/integration-test/target/test-dir/MiniOzoneClusterImpl-b29d8e3c-9ac1-4bd8-916d-9a49b4a73262/ozone-meta/datanode-3/ratis/3de6536f-9399-4115-a850-797a9d523f66/current/log_inprogress_0
2024-04-29 10:07:50,399 [0b459a02-f078-4553-b8ee-4a7bbebe5aa1@group-797A9D523F66-StateMachineUpdater] INFO  server.RaftServer$Division (LeaderStateImpl.java:isApplied(320)) - leader is ready since appliedIndex == 0 >= startIndex == 0
2024-04-29 10:07:50,414 [e3a225ff-43b2-4083-b986-b10dee5980c8@group-23704B2A1AEB-FollowerState] INFO  impl.FollowerState (FollowerState.java:run(143)) - e3a225ff-43b2-4083-b986-b10dee5980c8@group-23704B2A1AEB-FollowerState: change to CANDIDATE, lastRpcElapsedTime:5090296001ns, electionTimeout:5090ms
2024-04-29 10:07:50,414 [e3a225ff-43b2-4083-b986-b10dee5980c8@group-23704B2A1AEB-FollowerState] INFO  impl.RoleInfo (RoleInfo.java:shutdownFollowerState(110)) - e3a225ff-43b2-4083-b986-b10dee5980c8: shutdown e3a225ff-43b2-4083-b986-b10dee5980c8@group-23704B2A1AEB-FollowerState
2024-04-29 10:07:50,414 [e3a225ff-43b2-4083-b986-b10dee5980c8@group-23704B2A1AEB-FollowerState] INFO  server.RaftServer$Division (RaftServerImpl.java:setRole(383)) - e3a225ff-43b2-4083-b986-b10dee5980c8@group-23704B2A1AEB: changes role from  FOLLOWER to CANDIDATE at term 0 for changeToCandidate
2024-04-29 10:07:50,414 [e3a225ff-43b2-4083-b986-b10dee5980c8@group-23704B2A1AEB-FollowerState] INFO  server.RaftServerConfigKeys (ConfUtils.java:logGet(46)) - raft.server.leaderelection.pre-vote = true (default)
2024-04-29 10:07:50,414 [e3a225ff-43b2-4083-b986-b10dee5980c8@group-23704B2A1AEB-FollowerState] INFO  impl.RoleInfo (RoleInfo.java:updateAndGet(139)) - e3a225ff-43b2-4083-b986-b10dee5980c8: start e3a225ff-43b2-4083-b986-b10dee5980c8@group-23704B2A1AEB-LeaderElection100
2024-04-29 10:07:50,414 [e3a225ff-43b2-4083-b986-b10dee5980c8@group-23704B2A1AEB-LeaderElection100] INFO  impl.LeaderElection (LeaderElection.java:askForVotes(321)) - e3a225ff-43b2-4083-b986-b10dee5980c8@group-23704B2A1AEB-LeaderElection100 PRE_VOTE round 0: submit vote requests at term 0 for -1: peers:[e3a225ff-43b2-4083-b986-b10dee5980c8|127.0.0.1:15584, 57f64e1c-8fe8-4173-a2ca-9d6151488275|127.0.0.1:15575, 55a78779-2920-4695-be09-c247c8260b05|127.0.0.1:15593]|listeners:[], old=null
2024-04-29 10:07:50,415 [e3a225ff-43b2-4083-b986-b10dee5980c8@group-23704B2A1AEB-LeaderElection100-1] INFO  server.GrpcServerProtocolClient (GrpcServerProtocolClient.java:<init>(65)) - Build channel for 57f64e1c-8fe8-4173-a2ca-9d6151488275|127.0.0.1:15575
2024-04-29 10:07:50,415 [e3a225ff-43b2-4083-b986-b10dee5980c8@group-23704B2A1AEB-LeaderElection100-2] INFO  server.GrpcServerProtocolClient (GrpcServerProtocolClient.java:<init>(65)) - Build channel for 55a78779-2920-4695-be09-c247c8260b05|127.0.0.1:15593
2024-04-29 10:07:50,415 [e3a225ff-43b2-4083-b986-b10dee5980c8@group-23704B2A1AEB-LeaderElection100] INFO  server.RaftServerConfigKeys (ConfUtils.java:logFallback(53)) - raft.server.rpc.first-election.timeout.min = 5s (fallback to raft.server.rpc.timeout.min)
2024-04-29 10:07:50,415 [e3a225ff-43b2-4083-b986-b10dee5980c8@group-23704B2A1AEB-LeaderElection100] INFO  server.RaftServerConfigKeys (ConfUtils.java:logFallback(53)) - raft.server.rpc.first-election.timeout.max = 5200ms (fallback to raft.server.rpc.timeout.max)
2024-04-29 10:07:50,418 [grpc-default-executor-8] INFO  server.RaftServer$Division (RaftServerImpl.java:requestVote(1389)) - 57f64e1c-8fe8-4173-a2ca-9d6151488275@group-23704B2A1AEB: receive requestVote(PRE_VOTE, e3a225ff-43b2-4083-b986-b10dee5980c8, group-23704B2A1AEB, 0, (t:0, i:0))
2024-04-29 10:07:50,418 [grpc-default-executor-5] INFO  server.RaftServer$Division (RaftServerImpl.java:requestVote(1389)) - 55a78779-2920-4695-be09-c247c8260b05@group-23704B2A1AEB: receive requestVote(PRE_VOTE, e3a225ff-43b2-4083-b986-b10dee5980c8, group-23704B2A1AEB, 0, (t:0, i:0))
2024-04-29 10:07:50,418 [grpc-default-executor-8] INFO  impl.VoteContext (VoteContext.java:log(49)) - 57f64e1c-8fe8-4173-a2ca-9d6151488275@group-23704B2A1AEB-FOLLOWER: accept PRE_VOTE from e3a225ff-43b2-4083-b986-b10dee5980c8: our priority 0 <= candidate's priority 1
2024-04-29 10:07:50,418 [grpc-default-executor-5] INFO  impl.VoteContext (VoteContext.java:log(49)) - 55a78779-2920-4695-be09-c247c8260b05@group-23704B2A1AEB-FOLLOWER: accept PRE_VOTE from e3a225ff-43b2-4083-b986-b10dee5980c8: our priority 0 <= candidate's priority 1
2024-04-29 10:07:50,418 [grpc-default-executor-8] INFO  server.RaftServer$Division (RaftServerImpl.java:requestVote(1422)) - 57f64e1c-8fe8-4173-a2ca-9d6151488275@group-23704B2A1AEB replies to PRE_VOTE vote request: e3a225ff-43b2-4083-b986-b10dee5980c8<-57f64e1c-8fe8-4173-a2ca-9d6151488275#0:OK-t0. Peer's state: 57f64e1c-8fe8-4173-a2ca-9d6151488275@group-23704B2A1AEB:t0, leader=null, voted=, raftlog=Memoized:57f64e1c-8fe8-4173-a2ca-9d6151488275@group-23704B2A1AEB-SegmentedRaftLog:OPENED:c-1, conf=-1: peers:[e3a225ff-43b2-4083-b986-b10dee5980c8|127.0.0.1:15584, 57f64e1c-8fe8-4173-a2ca-9d6151488275|127.0.0.1:15575, 55a78779-2920-4695-be09-c247c8260b05|127.0.0.1:15593]|listeners:[], old=null
2024-04-29 10:07:50,418 [grpc-default-executor-5] INFO  server.RaftServer$Division (RaftServerImpl.java:requestVote(1422)) - 55a78779-2920-4695-be09-c247c8260b05@group-23704B2A1AEB replies to PRE_VOTE vote request: e3a225ff-43b2-4083-b986-b10dee5980c8<-55a78779-2920-4695-be09-c247c8260b05#0:OK-t0. Peer's state: 55a78779-2920-4695-be09-c247c8260b05@group-23704B2A1AEB:t0, leader=null, voted=, raftlog=Memoized:55a78779-2920-4695-be09-c247c8260b05@group-23704B2A1AEB-SegmentedRaftLog:OPENED:c-1, conf=-1: peers:[e3a225ff-43b2-4083-b986-b10dee5980c8|127.0.0.1:15584, 57f64e1c-8fe8-4173-a2ca-9d6151488275|127.0.0.1:15575, 55a78779-2920-4695-be09-c247c8260b05|127.0.0.1:15593]|listeners:[], old=null
2024-04-29 10:07:50,419 [e3a225ff-43b2-4083-b986-b10dee5980c8@group-23704B2A1AEB-LeaderElection100] INFO  impl.LeaderElection (LeaderElection.java:logAndReturn(89)) - e3a225ff-43b2-4083-b986-b10dee5980c8@group-23704B2A1AEB-LeaderElection100: PRE_VOTE PASSED received 1 response(s) and 0 exception(s):
2024-04-29 10:07:50,419 [e3a225ff-43b2-4083-b986-b10dee5980c8@group-23704B2A1AEB-LeaderElection100] INFO  impl.LeaderElection (LeaderElection.java:logAndReturn(93)) -   Response 0: e3a225ff-43b2-4083-b986-b10dee5980c8<-57f64e1c-8fe8-4173-a2ca-9d6151488275#0:OK-t0
2024-04-29 10:07:50,419 [e3a225ff-43b2-4083-b986-b10dee5980c8@group-23704B2A1AEB-LeaderElection100] INFO  impl.LeaderElection (LeaderElection.java:askForVotes(323)) - e3a225ff-43b2-4083-b986-b10dee5980c8@group-23704B2A1AEB-LeaderElection100 PRE_VOTE round 0: result PASSED
2024-04-29 10:07:50,420 [e3a225ff-43b2-4083-b986-b10dee5980c8@group-23704B2A1AEB-LeaderElection100] INFO  impl.LeaderElection (LeaderElection.java:askForVotes(321)) - e3a225ff-43b2-4083-b986-b10dee5980c8@group-23704B2A1AEB-LeaderElection100 ELECTION round 0: submit vote requests at term 1 for -1: peers:[e3a225ff-43b2-4083-b986-b10dee5980c8|127.0.0.1:15584, 57f64e1c-8fe8-4173-a2ca-9d6151488275|127.0.0.1:15575, 55a78779-2920-4695-be09-c247c8260b05|127.0.0.1:15593]|listeners:[], old=null
2024-04-29 10:07:50,420 [e3a225ff-43b2-4083-b986-b10dee5980c8@group-23704B2A1AEB-LeaderElection100] INFO  server.RaftServerConfigKeys (ConfUtils.java:logFallback(53)) - raft.server.rpc.first-election.timeout.min = 5s (fallback to raft.server.rpc.timeout.min)
2024-04-29 10:07:50,420 [e3a225ff-43b2-4083-b986-b10dee5980c8@group-23704B2A1AEB-LeaderElection100] INFO  server.RaftServerConfigKeys (ConfUtils.java:logFallback(53)) - raft.server.rpc.first-election.timeout.max = 5200ms (fallback to raft.server.rpc.timeout.max)
2024-04-29 10:07:50,421 [grpc-default-executor-5] INFO  server.RaftServer$Division (RaftServerImpl.java:requestVote(1389)) - 57f64e1c-8fe8-4173-a2ca-9d6151488275@group-23704B2A1AEB: receive requestVote(ELECTION, e3a225ff-43b2-4083-b986-b10dee5980c8, group-23704B2A1AEB, 1, (t:0, i:0))
2024-04-29 10:07:50,421 [grpc-default-executor-5] INFO  impl.VoteContext (VoteContext.java:log(49)) - 57f64e1c-8fe8-4173-a2ca-9d6151488275@group-23704B2A1AEB-FOLLOWER: accept ELECTION from e3a225ff-43b2-4083-b986-b10dee5980c8: our priority 0 <= candidate's priority 1
2024-04-29 10:07:50,421 [grpc-default-executor-5] INFO  server.RaftServer$Division (RaftServerImpl.java:setRole(383)) - 57f64e1c-8fe8-4173-a2ca-9d6151488275@group-23704B2A1AEB: changes role from  FOLLOWER to FOLLOWER at term 1 for candidate:e3a225ff-43b2-4083-b986-b10dee5980c8
2024-04-29 10:07:50,421 [grpc-default-executor-5] INFO  impl.RoleInfo (RoleInfo.java:shutdownFollowerState(110)) - 57f64e1c-8fe8-4173-a2ca-9d6151488275: shutdown 57f64e1c-8fe8-4173-a2ca-9d6151488275@group-23704B2A1AEB-FollowerState
2024-04-29 10:07:50,421 [grpc-default-executor-5] INFO  impl.RoleInfo (RoleInfo.java:updateAndGet(139)) - 57f64e1c-8fe8-4173-a2ca-9d6151488275: start 57f64e1c-8fe8-4173-a2ca-9d6151488275@group-23704B2A1AEB-FollowerState
2024-04-29 10:07:50,421 [57f64e1c-8fe8-4173-a2ca-9d6151488275@group-23704B2A1AEB-FollowerState] INFO  impl.FollowerState (FollowerState.java:run(152)) - 57f64e1c-8fe8-4173-a2ca-9d6151488275@group-23704B2A1AEB-FollowerState was interrupted
2024-04-29 10:07:50,421 [grpc-default-executor-8] INFO  server.RaftServer$Division (RaftServerImpl.java:requestVote(1389)) - 55a78779-2920-4695-be09-c247c8260b05@group-23704B2A1AEB: receive requestVote(ELECTION, e3a225ff-43b2-4083-b986-b10dee5980c8, group-23704B2A1AEB, 1, (t:0, i:0))
2024-04-29 10:07:50,422 [grpc-default-executor-8] INFO  impl.VoteContext (VoteContext.java:log(49)) - 55a78779-2920-4695-be09-c247c8260b05@group-23704B2A1AEB-FOLLOWER: accept ELECTION from e3a225ff-43b2-4083-b986-b10dee5980c8: our priority 0 <= candidate's priority 1
2024-04-29 10:07:50,422 [grpc-default-executor-8] INFO  server.RaftServer$Division (RaftServerImpl.java:setRole(383)) - 55a78779-2920-4695-be09-c247c8260b05@group-23704B2A1AEB: changes role from  FOLLOWER to FOLLOWER at term 1 for candidate:e3a225ff-43b2-4083-b986-b10dee5980c8
2024-04-29 10:07:50,422 [grpc-default-executor-8] INFO  impl.RoleInfo (RoleInfo.java:shutdownFollowerState(110)) - 55a78779-2920-4695-be09-c247c8260b05: shutdown 55a78779-2920-4695-be09-c247c8260b05@group-23704B2A1AEB-FollowerState
2024-04-29 10:07:50,422 [grpc-default-executor-8] INFO  impl.RoleInfo (RoleInfo.java:updateAndGet(139)) - 55a78779-2920-4695-be09-c247c8260b05: start 55a78779-2920-4695-be09-c247c8260b05@group-23704B2A1AEB-FollowerState
2024-04-29 10:07:50,421 [55a78779-2920-4695-be09-c247c8260b05@group-0070392AD0AE-FollowerState] INFO  impl.FollowerState (FollowerState.java:run(143)) - 55a78779-2920-4695-be09-c247c8260b05@group-0070392AD0AE-FollowerState: change to CANDIDATE, lastRpcElapsedTime:5027810370ns, electionTimeout:5027ms
2024-04-29 10:07:50,422 [55a78779-2920-4695-be09-c247c8260b05@group-23704B2A1AEB-FollowerState] INFO  impl.FollowerState (FollowerState.java:run(152)) - 55a78779-2920-4695-be09-c247c8260b05@group-23704B2A1AEB-FollowerState was interrupted
2024-04-29 10:07:50,422 [55a78779-2920-4695-be09-c247c8260b05@group-0070392AD0AE-FollowerState] INFO  impl.RoleInfo (RoleInfo.java:shutdownFollowerState(110)) - 55a78779-2920-4695-be09-c247c8260b05: shutdown 55a78779-2920-4695-be09-c247c8260b05@group-0070392AD0AE-FollowerState
2024-04-29 10:07:50,422 [55a78779-2920-4695-be09-c247c8260b05@group-0070392AD0AE-FollowerState] INFO  server.RaftServer$Division (RaftServerImpl.java:setRole(383)) - 55a78779-2920-4695-be09-c247c8260b05@group-0070392AD0AE: changes role from  FOLLOWER to CANDIDATE at term 0 for changeToCandidate
2024-04-29 10:07:50,422 [55a78779-2920-4695-be09-c247c8260b05@group-0070392AD0AE-FollowerState] INFO  server.RaftServerConfigKeys (ConfUtils.java:logGet(46)) - raft.server.leaderelection.pre-vote = true (default)
2024-04-29 10:07:50,422 [55a78779-2920-4695-be09-c247c8260b05@group-0070392AD0AE-FollowerState] INFO  impl.RoleInfo (RoleInfo.java:updateAndGet(139)) - 55a78779-2920-4695-be09-c247c8260b05: start 55a78779-2920-4695-be09-c247c8260b05@group-0070392AD0AE-LeaderElection101
2024-04-29 10:07:50,423 [grpc-default-executor-5] INFO  server.RaftServer$Division (RaftServerImpl.java:requestVote(1422)) - 57f64e1c-8fe8-4173-a2ca-9d6151488275@group-23704B2A1AEB replies to ELECTION vote request: e3a225ff-43b2-4083-b986-b10dee5980c8<-57f64e1c-8fe8-4173-a2ca-9d6151488275#0:OK-t1. Peer's state: 57f64e1c-8fe8-4173-a2ca-9d6151488275@group-23704B2A1AEB:t1, leader=null, voted=e3a225ff-43b2-4083-b986-b10dee5980c8, raftlog=Memoized:57f64e1c-8fe8-4173-a2ca-9d6151488275@group-23704B2A1AEB-SegmentedRaftLog:OPENED:c-1, conf=-1: peers:[e3a225ff-43b2-4083-b986-b10dee5980c8|127.0.0.1:15584, 57f64e1c-8fe8-4173-a2ca-9d6151488275|127.0.0.1:15575, 55a78779-2920-4695-be09-c247c8260b05|127.0.0.1:15593]|listeners:[], old=null
2024-04-29 10:07:50,423 [e3a225ff-43b2-4083-b986-b10dee5980c8@group-23704B2A1AEB-LeaderElection100] INFO  impl.LeaderElection (LeaderElection.java:logAndReturn(89)) - e3a225ff-43b2-4083-b986-b10dee5980c8@group-23704B2A1AEB-LeaderElection100: ELECTION PASSED received 1 response(s) and 0 exception(s):
2024-04-29 10:07:50,423 [e3a225ff-43b2-4083-b986-b10dee5980c8@group-23704B2A1AEB-LeaderElection100] INFO  impl.LeaderElection (LeaderElection.java:logAndReturn(93)) -   Response 0: e3a225ff-43b2-4083-b986-b10dee5980c8<-57f64e1c-8fe8-4173-a2ca-9d6151488275#0:OK-t1
2024-04-29 10:07:50,423 [e3a225ff-43b2-4083-b986-b10dee5980c8@group-23704B2A1AEB-LeaderElection100] INFO  impl.LeaderElection (LeaderElection.java:askForVotes(323)) - e3a225ff-43b2-4083-b986-b10dee5980c8@group-23704B2A1AEB-LeaderElection100 ELECTION round 0: result PASSED
2024-04-29 10:07:50,423 [e3a225ff-43b2-4083-b986-b10dee5980c8@group-23704B2A1AEB-LeaderElection100] INFO  impl.RoleInfo (RoleInfo.java:shutdownLeaderElection(130)) - e3a225ff-43b2-4083-b986-b10dee5980c8: shutdown e3a225ff-43b2-4083-b986-b10dee5980c8@group-23704B2A1AEB-LeaderElection100
2024-04-29 10:07:50,424 [e3a225ff-43b2-4083-b986-b10dee5980c8@group-23704B2A1AEB-LeaderElection100] INFO  server.RaftServer$Division (RaftServerImpl.java:setRole(383)) - e3a225ff-43b2-4083-b986-b10dee5980c8@group-23704B2A1AEB: changes role from CANDIDATE to LEADER at term 1 for changeToLeader
2024-04-29 10:07:50,424 [e3a225ff-43b2-4083-b986-b10dee5980c8@group-23704B2A1AEB-LeaderElection100] INFO  server.RaftServerConfigKeys (ConfUtils.java:logGet(46)) - raft.server.staging.catchup.gap = 1000 (default)
2024-04-29 10:07:50,424 [e3a225ff-43b2-4083-b986-b10dee5980c8@group-23704B2A1AEB-LeaderElection100] INFO  server.RaftServerConfigKeys (ConfUtils.java:logGet(46)) - raft.server.write.element-limit = 1024 (custom)
2024-04-29 10:07:50,424 [e3a225ff-43b2-4083-b986-b10dee5980c8@group-23704B2A1AEB-LeaderElection100] INFO  server.RaftServerConfigKeys (ConfUtils.java:logGet(46)) - raft.server.write.byte-limit = 1024 M (=1073741824) (custom)
2024-04-29 10:07:50,424 [e3a225ff-43b2-4083-b986-b10dee5980c8@group-23704B2A1AEB-LeaderElection100] INFO  server.RaftServerConfigKeys (ConfUtils.java:logGet(46)) - raft.server.watch.timeout = 3000ms (custom)
2024-04-29 10:07:50,424 [e3a225ff-43b2-4083-b986-b10dee5980c8@group-23704B2A1AEB-LeaderElection100] INFO  server.RaftServerConfigKeys (ConfUtils.java:logGet(46)) - raft.server.watch.timeout.denomination = 1s (default)
2024-04-29 10:07:50,424 [e3a225ff-43b2-4083-b986-b10dee5980c8@group-23704B2A1AEB-LeaderElection100] INFO  server.RaftServerConfigKeys (ConfUtils.java:logGet(46)) - raft.server.watch.element-limit = 65536 (default)
2024-04-29 10:07:50,424 [e3a225ff-43b2-4083-b986-b10dee5980c8@group-23704B2A1AEB-LeaderElection100] INFO  server.RaftServerConfigKeys (ConfUtils.java:logGet(46)) - raft.server.read.leader.lease.enabled = false (default)
2024-04-29 10:07:50,424 [e3a225ff-43b2-4083-b986-b10dee5980c8@group-23704B2A1AEB-LeaderElection100] INFO  server.RaftServerConfigKeys (ConfUtils.java:logGet(46)) - raft.server.read.leader.lease.timeout.ratio = 0.9 (default)
2024-04-29 10:07:50,424 [e3a225ff-43b2-4083-b986-b10dee5980c8@group-23704B2A1AEB-LeaderElection100] INFO  server.RaftServerConfigKeys (ConfUtils.java:logGet(46)) - raft.server.rpc.timeout.min = 5s (custom)
2024-04-29 10:07:50,424 [e3a225ff-43b2-4083-b986-b10dee5980c8@group-23704B2A1AEB-LeaderElection100] INFO  server.RaftServerConfigKeys (ConfUtils.java:logGet(46)) - raft.server.write.element-limit = 1024 (custom)
2024-04-29 10:07:50,424 [e3a225ff-43b2-4083-b986-b10dee5980c8@group-23704B2A1AEB-LeaderElection100] INFO  server.RaftServerConfigKeys (ConfUtils.java:logGet(46)) - raft.server.write.follower.gap.ratio.max = -1.0 (default)
2024-04-29 10:07:50,425 [e3a225ff-43b2-4083-b986-b10dee5980c8@group-23704B2A1AEB-LeaderElection100] INFO  server.RaftServerConfigKeys (ConfUtils.java:logGet(46)) - raft.server.log.appender.snapshot.chunk.size.max = 16MB (=16777216) (default)
2024-04-29 10:07:50,425 [e3a225ff-43b2-4083-b986-b10dee5980c8@group-23704B2A1AEB-LeaderElection100] INFO  server.RaftServerConfigKeys (ConfUtils.java:logGet(46)) - raft.server.log.appender.buffer.byte-limit = 8388608 (custom)
2024-04-29 10:07:50,425 [e3a225ff-43b2-4083-b986-b10dee5980c8@group-23704B2A1AEB-LeaderElection100] INFO  server.RaftServerConfigKeys (ConfUtils.java:logGet(46)) - raft.server.log.appender.buffer.element-limit = 1 (custom)
2024-04-29 10:07:50,425 [e3a225ff-43b2-4083-b986-b10dee5980c8@group-23704B2A1AEB-LeaderElection100] INFO  server.RaftServerConfigKeys (ConfUtils.java:logGet(46)) - raft.server.log.appender.wait-time.min = 0ms (custom)
2024-04-29 10:07:50,425 [e3a225ff-43b2-4083-b986-b10dee5980c8@group-23704B2A1AEB-LeaderElection100] INFO  grpc.GrpcConfigKeys (ConfUtils.java:logGet(46)) - raft.grpc.server.leader.outstanding.appends.max = 8 (default)
2024-04-29 10:07:50,425 [e3a225ff-43b2-4083-b986-b10dee5980c8@group-23704B2A1AEB-LeaderElection100] INFO  server.RaftServerConfigKeys (ConfUtils.java:logGet(46)) - raft.server.rpc.request.timeout = 3000ms (default)
2024-04-29 10:07:50,425 [e3a225ff-43b2-4083-b986-b10dee5980c8@group-23704B2A1AEB-LeaderElection100] INFO  grpc.GrpcConfigKeys (ConfUtils.java:logGet(46)) - raft.grpc.server.install_snapshot.request.element-limit = 8 (default)
2024-04-29 10:07:50,425 [e3a225ff-43b2-4083-b986-b10dee5980c8@group-23704B2A1AEB-LeaderElection100] INFO  grpc.GrpcConfigKeys (ConfUtils.java:logGet(46)) - raft.grpc.server.install_snapshot.request.timeout = 3000ms (default)
2024-04-29 10:07:50,425 [e3a225ff-43b2-4083-b986-b10dee5980c8@group-23704B2A1AEB-LeaderElection100] INFO  grpc.GrpcConfigKeys (ConfUtils.java:logGet(46)) - raft.grpc.server.log-message.batch.duration = 5s (default)
2024-04-29 10:07:50,425 [e3a225ff-43b2-4083-b986-b10dee5980c8@group-23704B2A1AEB-LeaderElection100] INFO  server.RaftServerConfigKeys (ConfUtils.java:logGet(46)) - raft.server.log.appender.install.snapshot.enabled = false (custom)
2024-04-29 10:07:50,425 [e3a225ff-43b2-4083-b986-b10dee5980c8@group-23704B2A1AEB-LeaderElection100] INFO  grpc.GrpcConfigKeys (ConfUtils.java:logGet(46)) - raft.grpc.server.heartbeat.channel = true (default)
2024-04-29 10:07:50,425 [grpc-default-executor-8] INFO  server.RaftServer$Division (RaftServerImpl.java:setFirstElection(574)) - 55a78779-2920-4695-be09-c247c8260b05@group-23704B2A1AEB: set firstElectionSinceStartup to false for candidate:e3a225ff-43b2-4083-b986-b10dee5980c8
2024-04-29 10:07:50,426 [55a78779-2920-4695-be09-c247c8260b05@group-0070392AD0AE-LeaderElection101] INFO  impl.LeaderElection (LeaderElection.java:askForVotes(321)) - 55a78779-2920-4695-be09-c247c8260b05@group-0070392AD0AE-LeaderElection101 PRE_VOTE round 0: submit vote requests at term 0 for -1: peers:[55a78779-2920-4695-be09-c247c8260b05|127.0.0.1:15593]|listeners:[], old=null
2024-04-29 10:07:50,426 [e3a225ff-43b2-4083-b986-b10dee5980c8@group-23704B2A1AEB-LeaderElection100] INFO  server.RaftServerConfigKeys (ConfUtils.java:logGet(46)) - raft.server.log.appender.snapshot.chunk.size.max = 16MB (=16777216) (default)
2024-04-29 10:07:50,426 [e3a225ff-43b2-4083-b986-b10dee5980c8@group-23704B2A1AEB-LeaderElection100] INFO  server.RaftServerConfigKeys (ConfUtils.java:logGet(46)) - raft.server.log.appender.buffer.byte-limit = 8388608 (custom)
2024-04-29 10:07:50,426 [e3a225ff-43b2-4083-b986-b10dee5980c8@group-23704B2A1AEB-LeaderElection100] INFO  server.RaftServerConfigKeys (ConfUtils.java:logGet(46)) - raft.server.log.appender.buffer.element-limit = 1 (custom)
2024-04-29 10:07:50,426 [55a78779-2920-4695-be09-c247c8260b05@group-0070392AD0AE-LeaderElection101] INFO  impl.LeaderElection (LeaderElection.java:askForVotes(323)) - 55a78779-2920-4695-be09-c247c8260b05@group-0070392AD0AE-LeaderElection101 PRE_VOTE round 0: result PASSED (term=0)
2024-04-29 10:07:50,426 [e3a225ff-43b2-4083-b986-b10dee5980c8@group-23704B2A1AEB-LeaderElection100] INFO  server.RaftServerConfigKeys (ConfUtils.java:logGet(46)) - raft.server.log.appender.wait-time.min = 0ms (custom)
2024-04-29 10:07:50,427 [e3a225ff-43b2-4083-b986-b10dee5980c8@group-23704B2A1AEB-LeaderElection100] INFO  grpc.GrpcConfigKeys (ConfUtils.java:logGet(46)) - raft.grpc.server.leader.outstanding.appends.max = 8 (default)
2024-04-29 10:07:50,427 [e3a225ff-43b2-4083-b986-b10dee5980c8@group-23704B2A1AEB-LeaderElection100] INFO  server.RaftServerConfigKeys (ConfUtils.java:logGet(46)) - raft.server.rpc.request.timeout = 3000ms (default)
2024-04-29 10:07:50,427 [e3a225ff-43b2-4083-b986-b10dee5980c8@group-23704B2A1AEB-LeaderElection100] INFO  grpc.GrpcConfigKeys (ConfUtils.java:logGet(46)) - raft.grpc.server.install_snapshot.request.element-limit = 8 (default)
2024-04-29 10:07:50,427 [e3a225ff-43b2-4083-b986-b10dee5980c8@group-23704B2A1AEB-LeaderElection100] INFO  grpc.GrpcConfigKeys (ConfUtils.java:logGet(46)) - raft.grpc.server.install_snapshot.request.timeout = 3000ms (default)
2024-04-29 10:07:50,427 [e3a225ff-43b2-4083-b986-b10dee5980c8@group-23704B2A1AEB-LeaderElection100] INFO  grpc.GrpcConfigKeys (ConfUtils.java:logGet(46)) - raft.grpc.server.log-message.batch.duration = 5s (default)
2024-04-29 10:07:50,427 [e3a225ff-43b2-4083-b986-b10dee5980c8@group-23704B2A1AEB-LeaderElection100] INFO  server.RaftServerConfigKeys (ConfUtils.java:logGet(46)) - raft.server.log.appender.install.snapshot.enabled = false (custom)
2024-04-29 10:07:50,427 [e3a225ff-43b2-4083-b986-b10dee5980c8@group-23704B2A1AEB-LeaderElection100] INFO  grpc.GrpcConfigKeys (ConfUtils.java:logGet(46)) - raft.grpc.server.heartbeat.channel = true (default)
2024-04-29 10:07:50,426 [grpc-default-executor-8] INFO  server.RaftServer$Division (RaftServerImpl.java:requestVote(1422)) - 55a78779-2920-4695-be09-c247c8260b05@group-23704B2A1AEB replies to ELECTION vote request: e3a225ff-43b2-4083-b986-b10dee5980c8<-55a78779-2920-4695-be09-c247c8260b05#0:OK-t1. Peer's state: 55a78779-2920-4695-be09-c247c8260b05@group-23704B2A1AEB:t1, leader=null, voted=e3a225ff-43b2-4083-b986-b10dee5980c8, raftlog=Memoized:55a78779-2920-4695-be09-c247c8260b05@group-23704B2A1AEB-SegmentedRaftLog:OPENED:c-1, conf=-1: peers:[e3a225ff-43b2-4083-b986-b10dee5980c8|127.0.0.1:15584, 57f64e1c-8fe8-4173-a2ca-9d6151488275|127.0.0.1:15575, 55a78779-2920-4695-be09-c247c8260b05|127.0.0.1:15593]|listeners:[], old=null
2024-04-29 10:07:50,427 [e3a225ff-43b2-4083-b986-b10dee5980c8@group-23704B2A1AEB-LeaderElection100] INFO  impl.RoleInfo (RoleInfo.java:updateAndGet(139)) - e3a225ff-43b2-4083-b986-b10dee5980c8: start e3a225ff-43b2-4083-b986-b10dee5980c8@group-23704B2A1AEB-LeaderStateImpl
2024-04-29 10:07:50,427 [e3a225ff-43b2-4083-b986-b10dee5980c8@group-23704B2A1AEB-LeaderElection100] INFO  server.RaftServer$Division (RaftServerImpl.java:setFirstElection(574)) - e3a225ff-43b2-4083-b986-b10dee5980c8@group-23704B2A1AEB: set firstElectionSinceStartup to false for becomeLeader
2024-04-29 10:07:50,427 [e3a225ff-43b2-4083-b986-b10dee5980c8@group-23704B2A1AEB-LeaderElection100] INFO  ratis.XceiverServerRatis (XceiverServerRatis.java:handleLeaderChangedNotification(966)) - Leader change notification received for group: group-23704B2A1AEB with new leaderId: e3a225ff-43b2-4083-b986-b10dee5980c8
2024-04-29 10:07:50,427 [e3a225ff-43b2-4083-b986-b10dee5980c8@group-23704B2A1AEB-LeaderElection100] INFO  server.RaftServer$Division (ServerState.java:setLeader(269)) - e3a225ff-43b2-4083-b986-b10dee5980c8@group-23704B2A1AEB: change Leader from null to e3a225ff-43b2-4083-b986-b10dee5980c8 at term 1 for becomeLeader, leader elected after 5112ms
2024-04-29 10:07:50,427 [55a78779-2920-4695-be09-c247c8260b05@group-0070392AD0AE-LeaderElection101] INFO  impl.LeaderElection (LeaderElection.java:askForVotes(321)) - 55a78779-2920-4695-be09-c247c8260b05@group-0070392AD0AE-LeaderElection101 ELECTION round 0: submit vote requests at term 1 for -1: peers:[55a78779-2920-4695-be09-c247c8260b05|127.0.0.1:15593]|listeners:[], old=null
2024-04-29 10:07:50,427 [55a78779-2920-4695-be09-c247c8260b05@group-0070392AD0AE-LeaderElection101] INFO  impl.LeaderElection (LeaderElection.java:askForVotes(323)) - 55a78779-2920-4695-be09-c247c8260b05@group-0070392AD0AE-LeaderElection101 ELECTION round 0: result PASSED (term=1)
2024-04-29 10:07:50,428 [55a78779-2920-4695-be09-c247c8260b05@group-0070392AD0AE-LeaderElection101] INFO  impl.RoleInfo (RoleInfo.java:shutdownLeaderElection(130)) - 55a78779-2920-4695-be09-c247c8260b05: shutdown 55a78779-2920-4695-be09-c247c8260b05@group-0070392AD0AE-LeaderElection101
2024-04-29 10:07:50,428 [55a78779-2920-4695-be09-c247c8260b05@group-0070392AD0AE-LeaderElection101] INFO  server.RaftServer$Division (RaftServerImpl.java:setRole(383)) - 55a78779-2920-4695-be09-c247c8260b05@group-0070392AD0AE: changes role from CANDIDATE to LEADER at term 1 for changeToLeader
2024-04-29 10:07:50,428 [e3a225ff-43b2-4083-b986-b10dee5980c8@group-23704B2A1AEB-LeaderElection100] INFO  segmented.SegmentedRaftLogWorker (SegmentedRaftLogWorker.java:startLogSegment(430)) - e3a225ff-43b2-4083-b986-b10dee5980c8@group-23704B2A1AEB-SegmentedRaftLogWorker: Starting segment from index:0
2024-04-29 10:07:50,428 [55a78779-2920-4695-be09-c247c8260b05@group-0070392AD0AE-LeaderElection101] INFO  server.RaftServerConfigKeys (ConfUtils.java:logGet(46)) - raft.server.staging.catchup.gap = 1000 (default)
2024-04-29 10:07:50,428 [55a78779-2920-4695-be09-c247c8260b05@group-0070392AD0AE-LeaderElection101] INFO  server.RaftServerConfigKeys (ConfUtils.java:logGet(46)) - raft.server.write.element-limit = 1024 (custom)
2024-04-29 10:07:50,428 [e3a225ff-43b2-4083-b986-b10dee5980c8@group-23704B2A1AEB-SegmentedRaftLogWorker] INFO  segmented.BufferedWriteChannel (BufferedWriteChannel.java:open(62)) - open log_inprogress_0 at position 0
2024-04-29 10:07:50,428 [e3a225ff-43b2-4083-b986-b10dee5980c8@group-23704B2A1AEB-LeaderElection100] INFO  server.RaftServer$Division (ServerState.java:setRaftConf(386)) - e3a225ff-43b2-4083-b986-b10dee5980c8@group-23704B2A1AEB: set configuration 0: peers:[e3a225ff-43b2-4083-b986-b10dee5980c8|127.0.0.1:15584, 57f64e1c-8fe8-4173-a2ca-9d6151488275|127.0.0.1:15575, 55a78779-2920-4695-be09-c247c8260b05|127.0.0.1:15593]|listeners:[], old=null
2024-04-29 10:07:50,428 [EventQueue-PipelineReportForPipelineReportHandler] INFO  pipeline.PipelineReportHandler (PipelineReportHandler.java:processPipelineReport(136)) - Opened pipeline PipelineID=bec323c9-cefe-4bbb-9737-23704b2a1aeb
2024-04-29 10:07:50,432 [55a78779-2920-4695-be09-c247c8260b05@group-0070392AD0AE-LeaderElection101] INFO  server.RaftServerConfigKeys (ConfUtils.java:logGet(46)) - raft.server.write.byte-limit = 1024 M (=1073741824) (custom)
2024-04-29 10:07:50,433 [55a78779-2920-4695-be09-c247c8260b05@group-0070392AD0AE-LeaderElection101] INFO  server.RaftServerConfigKeys (ConfUtils.java:logGet(46)) - raft.server.watch.timeout = 3000ms (custom)
2024-04-29 10:07:50,433 [55a78779-2920-4695-be09-c247c8260b05@group-0070392AD0AE-LeaderElection101] INFO  server.RaftServerConfigKeys (ConfUtils.java:logGet(46)) - raft.server.watch.timeout.denomination = 1s (default)
2024-04-29 10:07:50,433 [55a78779-2920-4695-be09-c247c8260b05@group-0070392AD0AE-LeaderElection101] INFO  server.RaftServerConfigKeys (ConfUtils.java:logGet(46)) - raft.server.watch.element-limit = 65536 (default)
2024-04-29 10:07:50,433 [55a78779-2920-4695-be09-c247c8260b05@group-0070392AD0AE-LeaderElection101] INFO  server.RaftServerConfigKeys (ConfUtils.java:logGet(46)) - raft.server.read.leader.lease.enabled = false (default)
2024-04-29 10:07:50,433 [55a78779-2920-4695-be09-c247c8260b05@group-0070392AD0AE-LeaderElection101] INFO  server.RaftServerConfigKeys (ConfUtils.java:logGet(46)) - raft.server.read.leader.lease.timeout.ratio = 0.9 (default)
2024-04-29 10:07:50,433 [55a78779-2920-4695-be09-c247c8260b05@group-0070392AD0AE-LeaderElection101] INFO  server.RaftServerConfigKeys (ConfUtils.java:logGet(46)) - raft.server.rpc.timeout.min = 5s (custom)
2024-04-29 10:07:50,433 [55a78779-2920-4695-be09-c247c8260b05@group-0070392AD0AE-LeaderElection101] INFO  server.RaftServerConfigKeys (ConfUtils.java:logGet(46)) - raft.server.write.element-limit = 1024 (custom)
2024-04-29 10:07:50,433 [55a78779-2920-4695-be09-c247c8260b05@group-0070392AD0AE-LeaderElection101] INFO  server.RaftServerConfigKeys (ConfUtils.java:logGet(46)) - raft.server.write.follower.gap.ratio.max = -1.0 (default)
2024-04-29 10:07:50,433 [55a78779-2920-4695-be09-c247c8260b05@group-0070392AD0AE-LeaderElection101] INFO  impl.RoleInfo (RoleInfo.java:updateAndGet(139)) - 55a78779-2920-4695-be09-c247c8260b05: start 55a78779-2920-4695-be09-c247c8260b05@group-0070392AD0AE-LeaderStateImpl
2024-04-29 10:07:50,433 [55a78779-2920-4695-be09-c247c8260b05@group-0070392AD0AE-LeaderElection101] INFO  server.RaftServer$Division (RaftServerImpl.java:setFirstElection(574)) - 55a78779-2920-4695-be09-c247c8260b05@group-0070392AD0AE: set firstElectionSinceStartup to false for becomeLeader
2024-04-29 10:07:50,433 [55a78779-2920-4695-be09-c247c8260b05@group-0070392AD0AE-LeaderElection101] INFO  ratis.XceiverServerRatis (XceiverServerRatis.java:handleLeaderChangedNotification(966)) - Leader change notification received for group: group-0070392AD0AE with new leaderId: 55a78779-2920-4695-be09-c247c8260b05
2024-04-29 10:07:50,434 [55a78779-2920-4695-be09-c247c8260b05@group-0070392AD0AE-LeaderElection101] INFO  server.RaftServer$Division (ServerState.java:setLeader(269)) - 55a78779-2920-4695-be09-c247c8260b05@group-0070392AD0AE: change Leader from null to 55a78779-2920-4695-be09-c247c8260b05 at term 1 for becomeLeader, leader elected after 5047ms
2024-04-29 10:07:50,434 [55a78779-2920-4695-be09-c247c8260b05@group-0070392AD0AE-LeaderElection101] INFO  segmented.SegmentedRaftLogWorker (SegmentedRaftLogWorker.java:startLogSegment(430)) - 55a78779-2920-4695-be09-c247c8260b05@group-0070392AD0AE-SegmentedRaftLogWorker: Starting segment from index:0
2024-04-29 10:07:50,434 [55a78779-2920-4695-be09-c247c8260b05@group-0070392AD0AE-LeaderElection101] INFO  server.RaftServer$Division (ServerState.java:setRaftConf(386)) - 55a78779-2920-4695-be09-c247c8260b05@group-0070392AD0AE: set configuration 0: peers:[55a78779-2920-4695-be09-c247c8260b05|127.0.0.1:15593]|listeners:[], old=null
2024-04-29 10:07:50,434 [55a78779-2920-4695-be09-c247c8260b05@group-0070392AD0AE-SegmentedRaftLogWorker] INFO  segmented.BufferedWriteChannel (BufferedWriteChannel.java:open(62)) - open log_inprogress_0 at position 0
2024-04-29 10:07:50,437 [e3a225ff-43b2-4083-b986-b10dee5980c8@group-23704B2A1AEB-SegmentedRaftLogWorker] INFO  segmented.SegmentedRaftLogWorker (SegmentedRaftLogWorker.java:execute(634)) - e3a225ff-43b2-4083-b986-b10dee5980c8@group-23704B2A1AEB-SegmentedRaftLogWorker: created new log segment /home/runner/work/ozone/ozone/hadoop-ozone/integration-test/target/test-dir/MiniOzoneClusterImpl-b29d8e3c-9ac1-4bd8-916d-9a49b4a73262/ozone-meta/datanode-5/ratis/bec323c9-cefe-4bbb-9737-23704b2a1aeb/current/log_inprogress_0
2024-04-29 10:07:50,440 [57f64e1c-8fe8-4173-a2ca-9d6151488275-server-thread1] INFO  ratis.XceiverServerRatis (XceiverServerRatis.java:handleLeaderChangedNotification(966)) - Leader change notification received for group: group-23704B2A1AEB with new leaderId: e3a225ff-43b2-4083-b986-b10dee5980c8
2024-04-29 10:07:50,441 [57f64e1c-8fe8-4173-a2ca-9d6151488275-server-thread1] INFO  server.RaftServer$Division (ServerState.java:setLeader(269)) - 57f64e1c-8fe8-4173-a2ca-9d6151488275@group-23704B2A1AEB: change Leader from null to e3a225ff-43b2-4083-b986-b10dee5980c8 at term 1 for appendEntries, leader elected after 5141ms
2024-04-29 10:07:50,441 [57f64e1c-8fe8-4173-a2ca-9d6151488275-server-thread2] INFO  server.RaftServer$Division (ServerState.java:setRaftConf(386)) - 57f64e1c-8fe8-4173-a2ca-9d6151488275@group-23704B2A1AEB: set configuration 0: peers:[e3a225ff-43b2-4083-b986-b10dee5980c8|127.0.0.1:15584, 57f64e1c-8fe8-4173-a2ca-9d6151488275|127.0.0.1:15575, 55a78779-2920-4695-be09-c247c8260b05|127.0.0.1:15593]|listeners:[], old=null
2024-04-29 10:07:50,441 [57f64e1c-8fe8-4173-a2ca-9d6151488275-server-thread2] INFO  segmented.SegmentedRaftLogWorker (SegmentedRaftLogWorker.java:startLogSegment(430)) - 57f64e1c-8fe8-4173-a2ca-9d6151488275@group-23704B2A1AEB-SegmentedRaftLogWorker: Starting segment from index:0
2024-04-29 10:07:50,441 [57f64e1c-8fe8-4173-a2ca-9d6151488275@group-23704B2A1AEB-SegmentedRaftLogWorker] INFO  segmented.BufferedWriteChannel (BufferedWriteChannel.java:open(62)) - open log_inprogress_0 at position 0
2024-04-29 10:07:50,442 [55a78779-2920-4695-be09-c247c8260b05@group-0070392AD0AE-SegmentedRaftLogWorker] INFO  segmented.SegmentedRaftLogWorker (SegmentedRaftLogWorker.java:execute(634)) - 55a78779-2920-4695-be09-c247c8260b05@group-0070392AD0AE-SegmentedRaftLogWorker: created new log segment /home/runner/work/ozone/ozone/hadoop-ozone/integration-test/target/test-dir/MiniOzoneClusterImpl-b29d8e3c-9ac1-4bd8-916d-9a49b4a73262/ozone-meta/datanode-6/ratis/f22884d0-df39-4def-95d3-0070392ad0ae/current/log_inprogress_0
2024-04-29 10:07:50,444 [55a78779-2920-4695-be09-c247c8260b05@group-0070392AD0AE-StateMachineUpdater] INFO  server.RaftServer$Division (LeaderStateImpl.java:isApplied(320)) - leader is ready since appliedIndex == 0 >= startIndex == 0
2024-04-29 10:07:50,446 [55a78779-2920-4695-be09-c247c8260b05-server-thread1] INFO  ratis.XceiverServerRatis (XceiverServerRatis.java:handleLeaderChangedNotification(966)) - Leader change notification received for group: group-23704B2A1AEB with new leaderId: e3a225ff-43b2-4083-b986-b10dee5980c8
2024-04-29 10:07:50,447 [55a78779-2920-4695-be09-c247c8260b05-server-thread1] INFO  server.RaftServer$Division (ServerState.java:setLeader(269)) - 55a78779-2920-4695-be09-c247c8260b05@group-23704B2A1AEB: change Leader from null to e3a225ff-43b2-4083-b986-b10dee5980c8 at term 1 for appendEntries, leader elected after 5115ms
2024-04-29 10:07:50,447 [55a78779-2920-4695-be09-c247c8260b05-server-thread2] INFO  server.RaftServer$Division (ServerState.java:setRaftConf(386)) - 55a78779-2920-4695-be09-c247c8260b05@group-23704B2A1AEB: set configuration 0: peers:[e3a225ff-43b2-4083-b986-b10dee5980c8|127.0.0.1:15584, 57f64e1c-8fe8-4173-a2ca-9d6151488275|127.0.0.1:15575, 55a78779-2920-4695-be09-c247c8260b05|127.0.0.1:15593]|listeners:[], old=null
2024-04-29 10:07:50,447 [55a78779-2920-4695-be09-c247c8260b05-server-thread2] INFO  segmented.SegmentedRaftLogWorker (SegmentedRaftLogWorker.java:startLogSegment(430)) - 55a78779-2920-4695-be09-c247c8260b05@group-23704B2A1AEB-SegmentedRaftLogWorker: Starting segment from index:0
2024-04-29 10:07:50,447 [55a78779-2920-4695-be09-c247c8260b05@group-23704B2A1AEB-SegmentedRaftLogWorker] INFO  segmented.BufferedWriteChannel (BufferedWriteChannel.java:open(62)) - open log_inprogress_0 at position 0
2024-04-29 10:07:50,454 [57f64e1c-8fe8-4173-a2ca-9d6151488275@group-23704B2A1AEB-SegmentedRaftLogWorker] INFO  segmented.SegmentedRaftLogWorker (SegmentedRaftLogWorker.java:execute(634)) - 57f64e1c-8fe8-4173-a2ca-9d6151488275@group-23704B2A1AEB-SegmentedRaftLogWorker: created new log segment /home/runner/work/ozone/ozone/hadoop-ozone/integration-test/target/test-dir/MiniOzoneClusterImpl-b29d8e3c-9ac1-4bd8-916d-9a49b4a73262/ozone-meta/datanode-4/ratis/bec323c9-cefe-4bbb-9737-23704b2a1aeb/current/log_inprogress_0
2024-04-29 10:07:50,454 [55a78779-2920-4695-be09-c247c8260b05@group-23704B2A1AEB-SegmentedRaftLogWorker] INFO  segmented.SegmentedRaftLogWorker (SegmentedRaftLogWorker.java:execute(634)) - 55a78779-2920-4695-be09-c247c8260b05@group-23704B2A1AEB-SegmentedRaftLogWorker: created new log segment /home/runner/work/ozone/ozone/hadoop-ozone/integration-test/target/test-dir/MiniOzoneClusterImpl-b29d8e3c-9ac1-4bd8-916d-9a49b4a73262/ozone-meta/datanode-6/ratis/bec323c9-cefe-4bbb-9737-23704b2a1aeb/current/log_inprogress_0
2024-04-29 10:07:50,457 [e3a225ff-43b2-4083-b986-b10dee5980c8@group-23704B2A1AEB-StateMachineUpdater] INFO  server.RaftServer$Division (LeaderStateImpl.java:isApplied(320)) - leader is ready since appliedIndex == 0 >= startIndex == 0
2024-04-29 10:07:50,474 [e3a225ff-43b2-4083-b986-b10dee5980c8@group-F6811402C15E-FollowerState] INFO  impl.FollowerState (FollowerState.java:run(143)) - e3a225ff-43b2-4083-b986-b10dee5980c8@group-F6811402C15E-FollowerState: change to CANDIDATE, lastRpcElapsedTime:5125294382ns, electionTimeout:5125ms
2024-04-29 10:07:50,474 [e3a225ff-43b2-4083-b986-b10dee5980c8@group-F6811402C15E-FollowerState] INFO  impl.RoleInfo (RoleInfo.java:shutdownFollowerState(110)) - e3a225ff-43b2-4083-b986-b10dee5980c8: shutdown e3a225ff-43b2-4083-b986-b10dee5980c8@group-F6811402C15E-FollowerState
2024-04-29 10:07:50,474 [e3a225ff-43b2-4083-b986-b10dee5980c8@group-F6811402C15E-FollowerState] INFO  server.RaftServer$Division (RaftServerImpl.java:setRole(383)) - e3a225ff-43b2-4083-b986-b10dee5980c8@group-F6811402C15E: changes role from  FOLLOWER to CANDIDATE at term 0 for changeToCandidate
2024-04-29 10:07:50,474 [e3a225ff-43b2-4083-b986-b10dee5980c8@group-F6811402C15E-FollowerState] INFO  server.RaftServerConfigKeys (ConfUtils.java:logGet(46)) - raft.server.leaderelection.pre-vote = true (default)
2024-04-29 10:07:50,474 [e3a225ff-43b2-4083-b986-b10dee5980c8@group-F6811402C15E-FollowerState] INFO  impl.RoleInfo (RoleInfo.java:updateAndGet(139)) - e3a225ff-43b2-4083-b986-b10dee5980c8: start e3a225ff-43b2-4083-b986-b10dee5980c8@group-F6811402C15E-LeaderElection102
2024-04-29 10:07:50,474 [e3a225ff-43b2-4083-b986-b10dee5980c8@group-F6811402C15E-LeaderElection102] INFO  impl.LeaderElection (LeaderElection.java:askForVotes(321)) - e3a225ff-43b2-4083-b986-b10dee5980c8@group-F6811402C15E-LeaderElection102 PRE_VOTE round 0: submit vote requests at term 0 for -1: peers:[e3a225ff-43b2-4083-b986-b10dee5980c8|127.0.0.1:15584]|listeners:[], old=null
2024-04-29 10:07:50,474 [e3a225ff-43b2-4083-b986-b10dee5980c8@group-F6811402C15E-LeaderElection102] INFO  impl.LeaderElection (LeaderElection.java:askForVotes(323)) - e3a225ff-43b2-4083-b986-b10dee5980c8@group-F6811402C15E-LeaderElection102 PRE_VOTE round 0: result PASSED (term=0)
2024-04-29 10:07:50,476 [e3a225ff-43b2-4083-b986-b10dee5980c8@group-F6811402C15E-LeaderElection102] INFO  impl.LeaderElection (LeaderElection.java:askForVotes(321)) - e3a225ff-43b2-4083-b986-b10dee5980c8@group-F6811402C15E-LeaderElection102 ELECTION round 0: submit vote requests at term 1 for -1: peers:[e3a225ff-43b2-4083-b986-b10dee5980c8|127.0.0.1:15584]|listeners:[], old=null
2024-04-29 10:07:50,476 [e3a225ff-43b2-4083-b986-b10dee5980c8@group-F6811402C15E-LeaderElection102] INFO  impl.LeaderElection (LeaderElection.java:askForVotes(323)) - e3a225ff-43b2-4083-b986-b10dee5980c8@group-F6811402C15E-LeaderElection102 ELECTION round 0: result PASSED (term=1)
2024-04-29 10:07:50,476 [e3a225ff-43b2-4083-b986-b10dee5980c8@group-F6811402C15E-LeaderElection102] INFO  impl.RoleInfo (RoleInfo.java:shutdownLeaderElection(130)) - e3a225ff-43b2-4083-b986-b10dee5980c8: shutdown e3a225ff-43b2-4083-b986-b10dee5980c8@group-F6811402C15E-LeaderElection102
2024-04-29 10:07:50,476 [e3a225ff-43b2-4083-b986-b10dee5980c8@group-F6811402C15E-LeaderElection102] INFO  server.RaftServer$Division (RaftServerImpl.java:setRole(383)) - e3a225ff-43b2-4083-b986-b10dee5980c8@group-F6811402C15E: changes role from CANDIDATE to LEADER at term 1 for changeToLeader
2024-04-29 10:07:50,476 [e3a225ff-43b2-4083-b986-b10dee5980c8@group-F6811402C15E-LeaderElection102] INFO  server.RaftServerConfigKeys (ConfUtils.java:logGet(46)) - raft.server.staging.catchup.gap = 1000 (default)
2024-04-29 10:07:50,476 [e3a225ff-43b2-4083-b986-b10dee5980c8@group-F6811402C15E-LeaderElection102] INFO  server.RaftServerConfigKeys (ConfUtils.java:logGet(46)) - raft.server.write.element-limit = 1024 (custom)
2024-04-29 10:07:50,476 [e3a225ff-43b2-4083-b986-b10dee5980c8@group-F6811402C15E-LeaderElection102] INFO  server.RaftServerConfigKeys (ConfUtils.java:logGet(46)) - raft.server.write.byte-limit = 1024 M (=1073741824) (custom)
2024-04-29 10:07:50,476 [e3a225ff-43b2-4083-b986-b10dee5980c8@group-F6811402C15E-LeaderElection102] INFO  server.RaftServerConfigKeys (ConfUtils.java:logGet(46)) - raft.server.watch.timeout = 3000ms (custom)
2024-04-29 10:07:50,477 [e3a225ff-43b2-4083-b986-b10dee5980c8@group-F6811402C15E-LeaderElection102] INFO  server.RaftServerConfigKeys (ConfUtils.java:logGet(46)) - raft.server.watch.timeout.denomination = 1s (default)
2024-04-29 10:07:50,477 [e3a225ff-43b2-4083-b986-b10dee5980c8@group-F6811402C15E-LeaderElection102] INFO  server.RaftServerConfigKeys (ConfUtils.java:logGet(46)) - raft.server.watch.element-limit = 65536 (default)
2024-04-29 10:07:50,477 [e3a225ff-43b2-4083-b986-b10dee5980c8@group-F6811402C15E-LeaderElection102] INFO  server.RaftServerConfigKeys (ConfUtils.java:logGet(46)) - raft.server.read.leader.lease.enabled = false (default)
2024-04-29 10:07:50,477 [e3a225ff-43b2-4083-b986-b10dee5980c8@group-F6811402C15E-LeaderElection102] INFO  server.RaftServerConfigKeys (ConfUtils.java:logGet(46)) - raft.server.read.leader.lease.timeout.ratio = 0.9 (default)
2024-04-29 10:07:50,477 [e3a225ff-43b2-4083-b986-b10dee5980c8@group-F6811402C15E-LeaderElection102] INFO  server.RaftServerConfigKeys (ConfUtils.java:logGet(46)) - raft.server.rpc.timeout.min = 5s (custom)
2024-04-29 10:07:50,477 [e3a225ff-43b2-4083-b986-b10dee5980c8@group-F6811402C15E-LeaderElection102] INFO  server.RaftServerConfigKeys (ConfUtils.java:logGet(46)) - raft.server.write.element-limit = 1024 (custom)
2024-04-29 10:07:50,477 [e3a225ff-43b2-4083-b986-b10dee5980c8@group-F6811402C15E-LeaderElection102] INFO  server.RaftServerConfigKeys (ConfUtils.java:logGet(46)) - raft.server.write.follower.gap.ratio.max = -1.0 (default)
2024-04-29 10:07:50,477 [e3a225ff-43b2-4083-b986-b10dee5980c8@group-F6811402C15E-LeaderElection102] INFO  impl.RoleInfo (RoleInfo.java:updateAndGet(139)) - e3a225ff-43b2-4083-b986-b10dee5980c8: start e3a225ff-43b2-4083-b986-b10dee5980c8@group-F6811402C15E-LeaderStateImpl
2024-04-29 10:07:50,477 [e3a225ff-43b2-4083-b986-b10dee5980c8@group-F6811402C15E-LeaderElection102] INFO  server.RaftServer$Division (RaftServerImpl.java:setFirstElection(574)) - e3a225ff-43b2-4083-b986-b10dee5980c8@group-F6811402C15E: set firstElectionSinceStartup to false for becomeLeader
2024-04-29 10:07:50,477 [e3a225ff-43b2-4083-b986-b10dee5980c8@group-F6811402C15E-LeaderElection102] INFO  ratis.XceiverServerRatis (XceiverServerRatis.java:handleLeaderChangedNotification(966)) - Leader change notification received for group: group-F6811402C15E with new leaderId: e3a225ff-43b2-4083-b986-b10dee5980c8
2024-04-29 10:07:50,477 [e3a225ff-43b2-4083-b986-b10dee5980c8@group-F6811402C15E-LeaderElection102] INFO  server.RaftServer$Division (ServerState.java:setLeader(269)) - e3a225ff-43b2-4083-b986-b10dee5980c8@group-F6811402C15E: change Leader from null to e3a225ff-43b2-4083-b986-b10dee5980c8 at term 1 for becomeLeader, leader elected after 5139ms
2024-04-29 10:07:50,477 [e3a225ff-43b2-4083-b986-b10dee5980c8@group-F6811402C15E-LeaderElection102] INFO  segmented.SegmentedRaftLogWorker (SegmentedRaftLogWorker.java:startLogSegment(430)) - e3a225ff-43b2-4083-b986-b10dee5980c8@group-F6811402C15E-SegmentedRaftLogWorker: Starting segment from index:0
2024-04-29 10:07:50,477 [e3a225ff-43b2-4083-b986-b10dee5980c8@group-F6811402C15E-SegmentedRaftLogWorker] INFO  segmented.BufferedWriteChannel (BufferedWriteChannel.java:open(62)) - open log_inprogress_0 at position 0
2024-04-29 10:07:50,480 [e3a225ff-43b2-4083-b986-b10dee5980c8@group-F6811402C15E-LeaderElection102] INFO  server.RaftServer$Division (ServerState.java:setRaftConf(386)) - e3a225ff-43b2-4083-b986-b10dee5980c8@group-F6811402C15E: set configuration 0: peers:[e3a225ff-43b2-4083-b986-b10dee5980c8|127.0.0.1:15584]|listeners:[], old=null
2024-04-29 10:07:50,483 [57f64e1c-8fe8-4173-a2ca-9d6151488275@group-0F8502290335-FollowerState] INFO  impl.FollowerState (FollowerState.java:run(143)) - 57f64e1c-8fe8-4173-a2ca-9d6151488275@group-0F8502290335-FollowerState: change to CANDIDATE, lastRpcElapsedTime:5186611197ns, electionTimeout:5186ms
2024-04-29 10:07:50,484 [57f64e1c-8fe8-4173-a2ca-9d6151488275@group-0F8502290335-FollowerState] INFO  impl.RoleInfo (RoleInfo.java:shutdownFollowerState(110)) - 57f64e1c-8fe8-4173-a2ca-9d6151488275: shutdown 57f64e1c-8fe8-4173-a2ca-9d6151488275@group-0F8502290335-FollowerState
2024-04-29 10:07:50,484 [57f64e1c-8fe8-4173-a2ca-9d6151488275@group-0F8502290335-FollowerState] INFO  server.RaftServer$Division (RaftServerImpl.java:setRole(383)) - 57f64e1c-8fe8-4173-a2ca-9d6151488275@group-0F8502290335: changes role from  FOLLOWER to CANDIDATE at term 0 for changeToCandidate
2024-04-29 10:07:50,484 [57f64e1c-8fe8-4173-a2ca-9d6151488275@group-0F8502290335-FollowerState] INFO  server.RaftServerConfigKeys (ConfUtils.java:logGet(46)) - raft.server.leaderelection.pre-vote = true (default)
2024-04-29 10:07:50,484 [57f64e1c-8fe8-4173-a2ca-9d6151488275@group-0F8502290335-FollowerState] INFO  impl.RoleInfo (RoleInfo.java:updateAndGet(139)) - 57f64e1c-8fe8-4173-a2ca-9d6151488275: start 57f64e1c-8fe8-4173-a2ca-9d6151488275@group-0F8502290335-LeaderElection103
2024-04-29 10:07:50,484 [57f64e1c-8fe8-4173-a2ca-9d6151488275@group-0F8502290335-LeaderElection103] INFO  impl.LeaderElection (LeaderElection.java:askForVotes(321)) - 57f64e1c-8fe8-4173-a2ca-9d6151488275@group-0F8502290335-LeaderElection103 PRE_VOTE round 0: submit vote requests at term 0 for -1: peers:[57f64e1c-8fe8-4173-a2ca-9d6151488275|127.0.0.1:15575]|listeners:[], old=null
2024-04-29 10:07:50,484 [57f64e1c-8fe8-4173-a2ca-9d6151488275@group-0F8502290335-LeaderElection103] INFO  impl.LeaderElection (LeaderElection.java:askForVotes(323)) - 57f64e1c-8fe8-4173-a2ca-9d6151488275@group-0F8502290335-LeaderElection103 PRE_VOTE round 0: result PASSED (term=0)
2024-04-29 10:07:50,484 [e3a225ff-43b2-4083-b986-b10dee5980c8@group-F6811402C15E-SegmentedRaftLogWorker] INFO  segmented.SegmentedRaftLogWorker (SegmentedRaftLogWorker.java:execute(634)) - e3a225ff-43b2-4083-b986-b10dee5980c8@group-F6811402C15E-SegmentedRaftLogWorker: created new log segment /home/runner/work/ozone/ozone/hadoop-ozone/integration-test/target/test-dir/MiniOzoneClusterImpl-b29d8e3c-9ac1-4bd8-916d-9a49b4a73262/ozone-meta/datanode-5/ratis/8d4ea7f1-7849-49ab-90bc-f6811402c15e/current/log_inprogress_0
2024-04-29 10:07:50,495 [57f64e1c-8fe8-4173-a2ca-9d6151488275@group-0F8502290335-LeaderElection103] INFO  impl.LeaderElection (LeaderElection.java:askForVotes(321)) - 57f64e1c-8fe8-4173-a2ca-9d6151488275@group-0F8502290335-LeaderElection103 ELECTION round 0: submit vote requests at term 1 for -1: peers:[57f64e1c-8fe8-4173-a2ca-9d6151488275|127.0.0.1:15575]|listeners:[], old=null
2024-04-29 10:07:50,495 [57f64e1c-8fe8-4173-a2ca-9d6151488275@group-0F8502290335-LeaderElection103] INFO  impl.LeaderElection (LeaderElection.java:askForVotes(323)) - 57f64e1c-8fe8-4173-a2ca-9d6151488275@group-0F8502290335-LeaderElection103 ELECTION round 0: result PASSED (term=1)
2024-04-29 10:07:50,496 [57f64e1c-8fe8-4173-a2ca-9d6151488275@group-0F8502290335-LeaderElection103] INFO  impl.RoleInfo (RoleInfo.java:shutdownLeaderElection(130)) - 57f64e1c-8fe8-4173-a2ca-9d6151488275: shutdown 57f64e1c-8fe8-4173-a2ca-9d6151488275@group-0F8502290335-LeaderElection103
2024-04-29 10:07:50,496 [57f64e1c-8fe8-4173-a2ca-9d6151488275@group-0F8502290335-LeaderElection103] INFO  server.RaftServer$Division (RaftServerImpl.java:setRole(383)) - 57f64e1c-8fe8-4173-a2ca-9d6151488275@group-0F8502290335: changes role from CANDIDATE to LEADER at term 1 for changeToLeader
2024-04-29 10:07:50,496 [57f64e1c-8fe8-4173-a2ca-9d6151488275@group-0F8502290335-LeaderElection103] INFO  server.RaftServerConfigKeys (ConfUtils.java:logGet(46)) - raft.server.staging.catchup.gap = 1000 (default)
2024-04-29 10:07:50,496 [57f64e1c-8fe8-4173-a2ca-9d6151488275@group-0F8502290335-LeaderElection103] INFO  server.RaftServerConfigKeys (ConfUtils.java:logGet(46)) - raft.server.write.element-limit = 1024 (custom)
2024-04-29 10:07:50,496 [57f64e1c-8fe8-4173-a2ca-9d6151488275@group-0F8502290335-LeaderElection103] INFO  server.RaftServerConfigKeys (ConfUtils.java:logGet(46)) - raft.server.write.byte-limit = 1024 M (=1073741824) (custom)
2024-04-29 10:07:50,496 [57f64e1c-8fe8-4173-a2ca-9d6151488275@group-0F8502290335-LeaderElection103] INFO  server.RaftServerConfigKeys (ConfUtils.java:logGet(46)) - raft.server.watch.timeout = 3000ms (custom)
2024-04-29 10:07:50,496 [57f64e1c-8fe8-4173-a2ca-9d6151488275@group-0F8502290335-LeaderElection103] INFO  server.RaftServerConfigKeys (ConfUtils.java:logGet(46)) - raft.server.watch.timeout.denomination = 1s (default)
2024-04-29 10:07:50,496 [57f64e1c-8fe8-4173-a2ca-9d6151488275@group-0F8502290335-LeaderElection103] INFO  server.RaftServerConfigKeys (ConfUtils.java:logGet(46)) - raft.server.watch.element-limit = 65536 (default)
2024-04-29 10:07:50,496 [e3a225ff-43b2-4083-b986-b10dee5980c8@group-F6811402C15E-StateMachineUpdater] INFO  server.RaftServer$Division (LeaderStateImpl.java:isApplied(320)) - leader is ready since appliedIndex == 0 >= startIndex == 0
2024-04-29 10:07:50,496 [57f64e1c-8fe8-4173-a2ca-9d6151488275@group-0F8502290335-LeaderElection103] INFO  server.RaftServerConfigKeys (ConfUtils.java:logGet(46)) - raft.server.read.leader.lease.enabled = false (default)
2024-04-29 10:07:50,496 [57f64e1c-8fe8-4173-a2ca-9d6151488275@group-0F8502290335-LeaderElection103] INFO  server.RaftServerConfigKeys (ConfUtils.java:logGet(46)) - raft.server.read.leader.lease.timeout.ratio = 0.9 (default)
2024-04-29 10:07:50,496 [57f64e1c-8fe8-4173-a2ca-9d6151488275@group-0F8502290335-LeaderElection103] INFO  server.RaftServerConfigKeys (ConfUtils.java:logGet(46)) - raft.server.rpc.timeout.min = 5s (custom)
2024-04-29 10:07:50,496 [57f64e1c-8fe8-4173-a2ca-9d6151488275@group-0F8502290335-LeaderElection103] INFO  server.RaftServerConfigKeys (ConfUtils.java:logGet(46)) - raft.server.write.element-limit = 1024 (custom)
2024-04-29 10:07:50,496 [57f64e1c-8fe8-4173-a2ca-9d6151488275@group-0F8502290335-LeaderElection103] INFO  server.RaftServerConfigKeys (ConfUtils.java:logGet(46)) - raft.server.write.follower.gap.ratio.max = -1.0 (default)
2024-04-29 10:07:50,496 [57f64e1c-8fe8-4173-a2ca-9d6151488275@group-0F8502290335-LeaderElection103] INFO  impl.RoleInfo (RoleInfo.java:updateAndGet(139)) - 57f64e1c-8fe8-4173-a2ca-9d6151488275: start 57f64e1c-8fe8-4173-a2ca-9d6151488275@group-0F8502290335-LeaderStateImpl
2024-04-29 10:07:50,496 [57f64e1c-8fe8-4173-a2ca-9d6151488275@group-0F8502290335-LeaderElection103] INFO  server.RaftServer$Division (RaftServerImpl.java:setFirstElection(574)) - 57f64e1c-8fe8-4173-a2ca-9d6151488275@group-0F8502290335: set firstElectionSinceStartup to false for becomeLeader
2024-04-29 10:07:50,496 [57f64e1c-8fe8-4173-a2ca-9d6151488275@group-0F8502290335-LeaderElection103] INFO  ratis.XceiverServerRatis (XceiverServerRatis.java:handleLeaderChangedNotification(966)) - Leader change notification received for group: group-0F8502290335 with new leaderId: 57f64e1c-8fe8-4173-a2ca-9d6151488275
2024-04-29 10:07:50,497 [57f64e1c-8fe8-4173-a2ca-9d6151488275@group-0F8502290335-LeaderElection103] INFO  server.RaftServer$Division (ServerState.java:setLeader(269)) - 57f64e1c-8fe8-4173-a2ca-9d6151488275@group-0F8502290335: change Leader from null to 57f64e1c-8fe8-4173-a2ca-9d6151488275 at term 1 for becomeLeader, leader elected after 5208ms
2024-04-29 10:07:50,497 [57f64e1c-8fe8-4173-a2ca-9d6151488275@group-0F8502290335-LeaderElection103] INFO  segmented.SegmentedRaftLogWorker (SegmentedRaftLogWorker.java:startLogSegment(430)) - 57f64e1c-8fe8-4173-a2ca-9d6151488275@group-0F8502290335-SegmentedRaftLogWorker: Starting segment from index:0
2024-04-29 10:07:50,497 [57f64e1c-8fe8-4173-a2ca-9d6151488275@group-0F8502290335-SegmentedRaftLogWorker] INFO  segmented.BufferedWriteChannel (BufferedWriteChannel.java:open(62)) - open log_inprogress_0 at position 0
2024-04-29 10:07:50,497 [57f64e1c-8fe8-4173-a2ca-9d6151488275@group-0F8502290335-LeaderElection103] INFO  server.RaftServer$Division (ServerState.java:setRaftConf(386)) - 57f64e1c-8fe8-4173-a2ca-9d6151488275@group-0F8502290335: set configuration 0: peers:[57f64e1c-8fe8-4173-a2ca-9d6151488275|127.0.0.1:15575]|listeners:[], old=null
2024-04-29 10:07:50,504 [57f64e1c-8fe8-4173-a2ca-9d6151488275@group-0F8502290335-SegmentedRaftLogWorker] INFO  segmented.SegmentedRaftLogWorker (SegmentedRaftLogWorker.java:execute(634)) - 57f64e1c-8fe8-4173-a2ca-9d6151488275@group-0F8502290335-SegmentedRaftLogWorker: created new log segment /home/runner/work/ozone/ozone/hadoop-ozone/integration-test/target/test-dir/MiniOzoneClusterImpl-b29d8e3c-9ac1-4bd8-916d-9a49b4a73262/ozone-meta/datanode-4/ratis/51b91730-2a03-401d-99e8-0f8502290335/current/log_inprogress_0
2024-04-29 10:07:50,505 [57f64e1c-8fe8-4173-a2ca-9d6151488275@group-0F8502290335-StateMachineUpdater] INFO  server.RaftServer$Division (LeaderStateImpl.java:isApplied(320)) - leader is ready since appliedIndex == 0 >= startIndex == 0
2024-04-29 10:07:50,565 [main] INFO  ozone.MiniOzoneClusterImpl (MiniOzoneClusterImpl.java:lambda$waitForClusterToBeReady$0(194)) - Nodes are ready. Got 9 of 9 DN Heartbeats.
2024-04-29 10:07:50,565 [main] INFO  ozone.MiniOzoneClusterImpl (MiniOzoneClusterImpl.java:lambda$waitForClusterToBeReady$0(197)) - Cluster exits safe mode
2024-04-29 10:07:50,565 [main] INFO  ozone.MiniOzoneClusterImpl (MiniOzoneClusterImpl.java:lambda$waitForClusterToBeReady$0(199)) - SCM became leader
2024-04-29 10:07:50,566 [main] INFO  protocolPB.OmTransportFactory (OmTransportFactory.java:createFactory(62)) - Loading OM transport implementation org.apache.hadoop.ozone.om.protocolPB.Hadoop3OmTransportFactory as specified by configuration.
2024-04-29 10:07:50,569 [main] INFO  rpc.RpcClient (RpcClient.java:createVolume(470)) - Creating Volume: watchforcommithandlingtest, with runner as owner and space quota set to -1 bytes, counts quota set to -1
2024-04-29 10:07:50,572 [om1-OMStateMachineApplyTransactionThread - 0] INFO  volume.OMVolumeCreateRequest (OMVolumeCreateRequest.java:validateAndUpdateCache(198)) - created volume:watchforcommithandlingtest for user:runner
2024-04-29 10:07:50,574 [main] INFO  rpc.RpcClient (RpcClient.java:createBucket(696)) - Creating Bucket: watchforcommithandlingtest/watchforcommithandlingtest, with server-side default bucket layout, runner as owner, Versioning false, Storage Type set to DISK and Encryption set to false, Replication Type set to server-side default replication type, Namespace Quota set to -1, Space Quota set to -1 
2024-04-29 10:07:50,576 [om1-OMStateMachineApplyTransactionThread - 0] INFO  bucket.OMBucketCreateRequest (OMBucketCreateRequest.java:validateAndUpdateCache(293)) - created bucket: watchforcommithandlingtest of layout FILE_SYSTEM_OPTIMIZED in volume: watchforcommithandlingtest
2024-04-29 10:07:50,579 [IPC Server handler 2 on default port 15534] INFO  ha.SequenceIdGenerator (SequenceIdGenerator.java:getNextId(145)) - Allocate a batch for containerId, change lastId from 0 to 1000.
2024-04-29 10:07:50,580 [1f92b403-6a1c-4076-80c0-09f74f2f4297@group-EED01E0C8FBA-FollowerState] INFO  impl.FollowerState (FollowerState.java:run(143)) - 1f92b403-6a1c-4076-80c0-09f74f2f4297@group-EED01E0C8FBA-FollowerState: change to CANDIDATE, lastRpcElapsedTime:5005369330ns, electionTimeout:5005ms
2024-04-29 10:07:50,580 [1f92b403-6a1c-4076-80c0-09f74f2f4297@group-EED01E0C8FBA-FollowerState] INFO  impl.RoleInfo (RoleInfo.java:shutdownFollowerState(110)) - 1f92b403-6a1c-4076-80c0-09f74f2f4297: shutdown 1f92b403-6a1c-4076-80c0-09f74f2f4297@group-EED01E0C8FBA-FollowerState
2024-04-29 10:07:50,580 [1f92b403-6a1c-4076-80c0-09f74f2f4297@group-EED01E0C8FBA-FollowerState] INFO  server.RaftServer$Division (RaftServerImpl.java:setRole(383)) - 1f92b403-6a1c-4076-80c0-09f74f2f4297@group-EED01E0C8FBA: changes role from  FOLLOWER to CANDIDATE at term 0 for changeToCandidate
2024-04-29 10:07:50,580 [1f92b403-6a1c-4076-80c0-09f74f2f4297@group-EED01E0C8FBA-FollowerState] INFO  server.RaftServerConfigKeys (ConfUtils.java:logGet(46)) - raft.server.leaderelection.pre-vote = true (default)
2024-04-29 10:07:50,580 [1f92b403-6a1c-4076-80c0-09f74f2f4297@group-EED01E0C8FBA-FollowerState] INFO  impl.RoleInfo (RoleInfo.java:updateAndGet(139)) - 1f92b403-6a1c-4076-80c0-09f74f2f4297: start 1f92b403-6a1c-4076-80c0-09f74f2f4297@group-EED01E0C8FBA-LeaderElection104
2024-04-29 10:07:50,580 [1f92b403-6a1c-4076-80c0-09f74f2f4297@group-EED01E0C8FBA-LeaderElection104] INFO  impl.LeaderElection (LeaderElection.java:askForVotes(321)) - 1f92b403-6a1c-4076-80c0-09f74f2f4297@group-EED01E0C8FBA-LeaderElection104 PRE_VOTE round 0: submit vote requests at term 0 for -1: peers:[1f92b403-6a1c-4076-80c0-09f74f2f4297|127.0.0.1:15620]|listeners:[], old=null
2024-04-29 10:07:50,580 [1f92b403-6a1c-4076-80c0-09f74f2f4297@group-EED01E0C8FBA-LeaderElection104] INFO  impl.LeaderElection (LeaderElection.java:askForVotes(323)) - 1f92b403-6a1c-4076-80c0-09f74f2f4297@group-EED01E0C8FBA-LeaderElection104 PRE_VOTE round 0: result PASSED (term=0)
2024-04-29 10:07:50,581 [1f92b403-6a1c-4076-80c0-09f74f2f4297@group-EED01E0C8FBA-LeaderElection104] INFO  impl.LeaderElection (LeaderElection.java:askForVotes(321)) - 1f92b403-6a1c-4076-80c0-09f74f2f4297@group-EED01E0C8FBA-LeaderElection104 ELECTION round 0: submit vote requests at term 1 for -1: peers:[1f92b403-6a1c-4076-80c0-09f74f2f4297|127.0.0.1:15620]|listeners:[], old=null
2024-04-29 10:07:50,581 [1f92b403-6a1c-4076-80c0-09f74f2f4297@group-EED01E0C8FBA-LeaderElection104] INFO  impl.LeaderElection (LeaderElection.java:askForVotes(323)) - 1f92b403-6a1c-4076-80c0-09f74f2f4297@group-EED01E0C8FBA-LeaderElection104 ELECTION round 0: result PASSED (term=1)
2024-04-29 10:07:50,581 [1f92b403-6a1c-4076-80c0-09f74f2f4297@group-EED01E0C8FBA-LeaderElection104] INFO  impl.RoleInfo (RoleInfo.java:shutdownLeaderElection(130)) - 1f92b403-6a1c-4076-80c0-09f74f2f4297: shutdown 1f92b403-6a1c-4076-80c0-09f74f2f4297@group-EED01E0C8FBA-LeaderElection104
2024-04-29 10:07:50,581 [1f92b403-6a1c-4076-80c0-09f74f2f4297@group-EED01E0C8FBA-LeaderElection104] INFO  server.RaftServer$Division (RaftServerImpl.java:setRole(383)) - 1f92b403-6a1c-4076-80c0-09f74f2f4297@group-EED01E0C8FBA: changes role from CANDIDATE to LEADER at term 1 for changeToLeader
2024-04-29 10:07:50,581 [1f92b403-6a1c-4076-80c0-09f74f2f4297@group-EED01E0C8FBA-LeaderElection104] INFO  server.RaftServerConfigKeys (ConfUtils.java:logGet(46)) - raft.server.staging.catchup.gap = 1000 (default)
2024-04-29 10:07:50,581 [1f92b403-6a1c-4076-80c0-09f74f2f4297@group-EED01E0C8FBA-LeaderElection104] INFO  server.RaftServerConfigKeys (ConfUtils.java:logGet(46)) - raft.server.write.element-limit = 1024 (custom)
2024-04-29 10:07:50,582 [1f92b403-6a1c-4076-80c0-09f74f2f4297@group-EED01E0C8FBA-LeaderElection104] INFO  server.RaftServerConfigKeys (ConfUtils.java:logGet(46)) - raft.server.write.byte-limit = 1024 M (=1073741824) (custom)
2024-04-29 10:07:50,582 [1f92b403-6a1c-4076-80c0-09f74f2f4297@group-EED01E0C8FBA-LeaderElection104] INFO  server.RaftServerConfigKeys (ConfUtils.java:logGet(46)) - raft.server.watch.timeout = 3000ms (custom)
2024-04-29 10:07:50,582 [1f92b403-6a1c-4076-80c0-09f74f2f4297@group-EED01E0C8FBA-LeaderElection104] INFO  server.RaftServerConfigKeys (ConfUtils.java:logGet(46)) - raft.server.watch.timeout.denomination = 1s (default)
2024-04-29 10:07:50,582 [1f92b403-6a1c-4076-80c0-09f74f2f4297@group-EED01E0C8FBA-LeaderElection104] INFO  server.RaftServerConfigKeys (ConfUtils.java:logGet(46)) - raft.server.watch.element-limit = 65536 (default)
2024-04-29 10:07:50,582 [1f92b403-6a1c-4076-80c0-09f74f2f4297@group-EED01E0C8FBA-LeaderElection104] INFO  server.RaftServerConfigKeys (ConfUtils.java:logGet(46)) - raft.server.read.leader.lease.enabled = false (default)
2024-04-29 10:07:50,582 [1f92b403-6a1c-4076-80c0-09f74f2f4297@group-EED01E0C8FBA-LeaderElection104] INFO  server.RaftServerConfigKeys (ConfUtils.java:logGet(46)) - raft.server.read.leader.lease.timeout.ratio = 0.9 (default)
2024-04-29 10:07:50,582 [1f92b403-6a1c-4076-80c0-09f74f2f4297@group-EED01E0C8FBA-LeaderElection104] INFO  server.RaftServerConfigKeys (ConfUtils.java:logGet(46)) - raft.server.rpc.timeout.min = 5s (custom)
2024-04-29 10:07:50,582 [1f92b403-6a1c-4076-80c0-09f74f2f4297@group-EED01E0C8FBA-LeaderElection104] INFO  server.RaftServerConfigKeys (ConfUtils.java:logGet(46)) - raft.server.write.element-limit = 1024 (custom)
2024-04-29 10:07:50,582 [1f92b403-6a1c-4076-80c0-09f74f2f4297@group-EED01E0C8FBA-LeaderElection104] INFO  server.RaftServerConfigKeys (ConfUtils.java:logGet(46)) - raft.server.write.follower.gap.ratio.max = -1.0 (default)
2024-04-29 10:07:50,582 [1f92b403-6a1c-4076-80c0-09f74f2f4297@group-EED01E0C8FBA-LeaderElection104] INFO  impl.RoleInfo (RoleInfo.java:updateAndGet(139)) - 1f92b403-6a1c-4076-80c0-09f74f2f4297: start 1f92b403-6a1c-4076-80c0-09f74f2f4297@group-EED01E0C8FBA-LeaderStateImpl
2024-04-29 10:07:50,582 [1f92b403-6a1c-4076-80c0-09f74f2f4297@group-EED01E0C8FBA-LeaderElection104] INFO  server.RaftServer$Division (RaftServerImpl.java:setFirstElection(574)) - 1f92b403-6a1c-4076-80c0-09f74f2f4297@group-EED01E0C8FBA: set firstElectionSinceStartup to false for becomeLeader
2024-04-29 10:07:50,582 [1f92b403-6a1c-4076-80c0-09f74f2f4297@group-EED01E0C8FBA-LeaderElection104] INFO  ratis.XceiverServerRatis (XceiverServerRatis.java:handleLeaderChangedNotification(966)) - Leader change notification received for group: group-EED01E0C8FBA with new leaderId: 1f92b403-6a1c-4076-80c0-09f74f2f4297
2024-04-29 10:07:50,583 [1f92b403-6a1c-4076-80c0-09f74f2f4297@group-EED01E0C8FBA-LeaderElection104] INFO  server.RaftServer$Division (ServerState.java:setLeader(269)) - 1f92b403-6a1c-4076-80c0-09f74f2f4297@group-EED01E0C8FBA: change Leader from null to 1f92b403-6a1c-4076-80c0-09f74f2f4297 at term 1 for becomeLeader, leader elected after 5016ms
2024-04-29 10:07:50,583 [1f92b403-6a1c-4076-80c0-09f74f2f4297@group-EED01E0C8FBA-LeaderElection104] INFO  segmented.SegmentedRaftLogWorker (SegmentedRaftLogWorker.java:startLogSegment(430)) - 1f92b403-6a1c-4076-80c0-09f74f2f4297@group-EED01E0C8FBA-SegmentedRaftLogWorker: Starting segment from index:0
2024-04-29 10:07:50,583 [1f92b403-6a1c-4076-80c0-09f74f2f4297@group-EED01E0C8FBA-LeaderElection104] INFO  server.RaftServer$Division (ServerState.java:setRaftConf(386)) - 1f92b403-6a1c-4076-80c0-09f74f2f4297@group-EED01E0C8FBA: set configuration 0: peers:[1f92b403-6a1c-4076-80c0-09f74f2f4297|127.0.0.1:15620]|listeners:[], old=null
2024-04-29 10:07:50,583 [1f92b403-6a1c-4076-80c0-09f74f2f4297@group-EED01E0C8FBA-SegmentedRaftLogWorker] INFO  segmented.BufferedWriteChannel (BufferedWriteChannel.java:open(62)) - open log_inprogress_0 at position 0
2024-04-29 10:07:50,590 [1f92b403-6a1c-4076-80c0-09f74f2f4297@group-EED01E0C8FBA-SegmentedRaftLogWorker] INFO  segmented.SegmentedRaftLogWorker (SegmentedRaftLogWorker.java:execute(634)) - 1f92b403-6a1c-4076-80c0-09f74f2f4297@group-EED01E0C8FBA-SegmentedRaftLogWorker: created new log segment /home/runner/work/ozone/ozone/hadoop-ozone/integration-test/target/test-dir/MiniOzoneClusterImpl-b29d8e3c-9ac1-4bd8-916d-9a49b4a73262/ozone-meta/datanode-9/ratis/bba541d4-32cb-47e6-86ae-eed01e0c8fba/current/log_inprogress_0
2024-04-29 10:07:50,596 [main] INFO  ozoneimpl.OzoneContainer (OzoneContainer.java:stop(481)) - Attempting to stop container services.
2024-04-29 10:07:50,596 [ContainerMetadataScanner] WARN  ozoneimpl.AbstractBackgroundContainerScanner (AbstractBackgroundContainerScanner.java:handleRemainingSleep(134)) - Background container scan was interrupted.
2024-04-29 10:07:50,596 [ContainerMetadataScanner] INFO  ozoneimpl.AbstractBackgroundContainerScanner (AbstractBackgroundContainerScanner.java:run(61)) - Thread[ContainerMetadataScanner,5,main] exiting.
2024-04-29 10:07:50,596 [main] INFO  ozoneimpl.BackgroundContainerDataScanner (BackgroundContainerDataScanner.java:shutdown(141)) - ContainerDataScanner(/home/runner/work/ozone/ozone/hadoop-ozone/integration-test/target/test-dir/MiniOzoneClusterImpl-b29d8e3c-9ac1-4bd8-916d-9a49b4a73262/ozone-meta/datanode-1/data-0/hdds) is shutting down. 
2024-04-29 10:07:50,597 [ContainerDataScanner(/home/runner/work/ozone/ozone/hadoop-ozone/integration-test/target/test-dir/MiniOzoneClusterImpl-b29d8e3c-9ac1-4bd8-916d-9a49b4a73262/ozone-meta/datanode-1/data-0/hdds)] WARN  ozoneimpl.AbstractBackgroundContainerScanner (AbstractBackgroundContainerScanner.java:handleRemainingSleep(134)) - Background container scan was interrupted.
2024-04-29 10:07:50,597 [ContainerDataScanner(/home/runner/work/ozone/ozone/hadoop-ozone/integration-test/target/test-dir/MiniOzoneClusterImpl-b29d8e3c-9ac1-4bd8-916d-9a49b4a73262/ozone-meta/datanode-1/data-0/hdds)] INFO  ozoneimpl.AbstractBackgroundContainerScanner (AbstractBackgroundContainerScanner.java:run(61)) - ContainerDataScanner(/home/runner/work/ozone/ozone/hadoop-ozone/integration-test/target/test-dir/MiniOzoneClusterImpl-b29d8e3c-9ac1-4bd8-916d-9a49b4a73262/ozone-meta/datanode-1/data-0/hdds, DS-50d322bf-9a55-48c1-9ec0-cbea49032db6) exiting.
2024-04-29 10:07:50,597 [main] INFO  ozoneimpl.OnDemandContainerDataScanner (OnDemandContainerDataScanner.java:shutdownScanner(206)) - On-demand container scanner is shutting down.
2024-04-29 10:07:50,597 [main] INFO  server.RaftServer (RaftServerProxy.java:lambda$close$9(416)) - 45d7554a-4794-4db0-8ec2-ed03ee8d9322: close
2024-04-29 10:07:50,597 [45d7554a-4794-4db0-8ec2-ed03ee8d9322-impl-thread1] INFO  server.RaftServer$Division (RaftServerImpl.java:lambda$close$3(526)) - 45d7554a-4794-4db0-8ec2-ed03ee8d9322@group-CCD0AF0667B0: shutdown
2024-04-29 10:07:50,598 [45d7554a-4794-4db0-8ec2-ed03ee8d9322-impl-thread1] INFO  util.JmxRegister (JmxRegister.java:unregister(73)) - Successfully un-registered JMX Bean with object name Ratis:service=RaftServer,group=group-CCD0AF0667B0,id=45d7554a-4794-4db0-8ec2-ed03ee8d9322
2024-04-29 10:07:50,598 [45d7554a-4794-4db0-8ec2-ed03ee8d9322-impl-thread1] INFO  impl.RoleInfo (RoleInfo.java:shutdownLeaderState(94)) - 45d7554a-4794-4db0-8ec2-ed03ee8d9322: shutdown 45d7554a-4794-4db0-8ec2-ed03ee8d9322@group-CCD0AF0667B0-LeaderStateImpl
2024-04-29 10:07:50,598 [45d7554a-4794-4db0-8ec2-ed03ee8d9322-impl-thread1] INFO  impl.PendingRequests (PendingRequests.java:sendNotLeaderResponses(289)) - 45d7554a-4794-4db0-8ec2-ed03ee8d9322@group-CCD0AF0667B0-PendingRequests: sendNotLeaderResponses
2024-04-29 10:07:50,598 [45d7554a-4794-4db0-8ec2-ed03ee8d9322-impl-thread1] INFO  impl.StateMachineUpdater (StateMachineUpdater.java:stopAndJoin(157)) - 45d7554a-4794-4db0-8ec2-ed03ee8d9322@group-CCD0AF0667B0-StateMachineUpdater: set stopIndex = 0
2024-04-29 10:07:50,598 [45d7554a-4794-4db0-8ec2-ed03ee8d9322@group-CCD0AF0667B0-StateMachineUpdater] INFO  ratis.ContainerStateMachine (ContainerStateMachine.java:takeSnapshot(355)) - group-CCD0AF0667B0: Taking a snapshot at:(t:1, i:0) file /home/runner/work/ozone/ozone/hadoop-ozone/integration-test/target/test-dir/MiniOzoneClusterImpl-b29d8e3c-9ac1-4bd8-916d-9a49b4a73262/ozone-meta/datanode-1/ratis/3382c539-88cb-469f-a59d-ccd0af0667b0/sm/snapshot.1_0
2024-04-29 10:07:50,598 [1f92b403-6a1c-4076-80c0-09f74f2f4297@group-EED01E0C8FBA-StateMachineUpdater] INFO  server.RaftServer$Division (LeaderStateImpl.java:isApplied(320)) - leader is ready since appliedIndex == 0 >= startIndex == 0
2024-04-29 10:07:50,599 [45d7554a-4794-4db0-8ec2-ed03ee8d9322@group-CCD0AF0667B0-StateMachineUpdater] INFO  ratis.ContainerStateMachine (ContainerStateMachine.java:takeSnapshot(366)) - group-CCD0AF0667B0: Finished taking a snapshot at:(t:1, i:0) file:/home/runner/work/ozone/ozone/hadoop-ozone/integration-test/target/test-dir/MiniOzoneClusterImpl-b29d8e3c-9ac1-4bd8-916d-9a49b4a73262/ozone-meta/datanode-1/ratis/3382c539-88cb-469f-a59d-ccd0af0667b0/sm/snapshot.1_0 took: 2 ms
2024-04-29 10:07:50,599 [45d7554a-4794-4db0-8ec2-ed03ee8d9322@group-CCD0AF0667B0-StateMachineUpdater] INFO  impl.StateMachineUpdater (StateMachineUpdater.java:takeSnapshot(295)) - 45d7554a-4794-4db0-8ec2-ed03ee8d9322@group-CCD0AF0667B0-StateMachineUpdater: Took a snapshot at index 0
2024-04-29 10:07:50,599 [45d7554a-4794-4db0-8ec2-ed03ee8d9322@group-CCD0AF0667B0-StateMachineUpdater] INFO  impl.StateMachineUpdater (StateMachineUpdater.java:lambda$new$0(98)) - 45d7554a-4794-4db0-8ec2-ed03ee8d9322@group-CCD0AF0667B0-StateMachineUpdater: snapshotIndex: updateIncreasingly -1 -> 0
2024-04-29 10:07:50,600 [45d7554a-4794-4db0-8ec2-ed03ee8d9322-impl-thread1] INFO  server.RaftServer$Division (ServerState.java:close(427)) - 45d7554a-4794-4db0-8ec2-ed03ee8d9322@group-CCD0AF0667B0: applyIndex: 0
2024-04-29 10:07:50,600 [45d7554a-4794-4db0-8ec2-ed03ee8d9322@group-CCD0AF0667B0-cacheEviction-AwaitToRun] INFO  util.AwaitToRun (AwaitToRun.java:run(49)) - 45d7554a-4794-4db0-8ec2-ed03ee8d9322@group-CCD0AF0667B0-cacheEviction-AwaitToRun-AwaitForSignal is interrupted
2024-04-29 10:07:50,605 [main] INFO  server.GrpcService (GrpcService.java:closeImpl(311)) - 45d7554a-4794-4db0-8ec2-ed03ee8d9322: shutdown server org.apache.ratis.grpc.server.GrpcClientProtocolService now
2024-04-29 10:07:50,605 [45d7554a-4794-4db0-8ec2-ed03ee8d9322-impl-thread2] INFO  server.RaftServer$Division (RaftServerImpl.java:lambda$close$3(526)) - 45d7554a-4794-4db0-8ec2-ed03ee8d9322@group-5F07EAC53845: shutdown
2024-04-29 10:07:50,605 [45d7554a-4794-4db0-8ec2-ed03ee8d9322-impl-thread2] INFO  util.JmxRegister (JmxRegister.java:unregister(73)) - Successfully un-registered JMX Bean with object name Ratis:service=RaftServer,group=group-5F07EAC53845,id=45d7554a-4794-4db0-8ec2-ed03ee8d9322
2024-04-29 10:07:50,605 [45d7554a-4794-4db0-8ec2-ed03ee8d9322-impl-thread2] INFO  impl.RoleInfo (RoleInfo.java:shutdownFollowerState(110)) - 45d7554a-4794-4db0-8ec2-ed03ee8d9322: shutdown 45d7554a-4794-4db0-8ec2-ed03ee8d9322@group-5F07EAC53845-FollowerState
2024-04-29 10:07:50,605 [45d7554a-4794-4db0-8ec2-ed03ee8d9322@group-5F07EAC53845-StateMachineUpdater] INFO  ratis.ContainerStateMachine (ContainerStateMachine.java:takeSnapshot(355)) - group-5F07EAC53845: Taking a snapshot at:(t:1, i:0) file /home/runner/work/ozone/ozone/hadoop-ozone/integration-test/target/test-dir/MiniOzoneClusterImpl-b29d8e3c-9ac1-4bd8-916d-9a49b4a73262/ozone-meta/datanode-1/ratis/40ab4934-8feb-4e0b-a110-5f07eac53845/sm/snapshot.1_0
2024-04-29 10:07:50,605 [45d7554a-4794-4db0-8ec2-ed03ee8d9322-impl-thread2] INFO  impl.StateMachineUpdater (StateMachineUpdater.java:stopAndJoin(157)) - 45d7554a-4794-4db0-8ec2-ed03ee8d9322@group-5F07EAC53845-StateMachineUpdater: set stopIndex = 1
2024-04-29 10:07:50,605 [45d7554a-4794-4db0-8ec2-ed03ee8d9322@group-5F07EAC53845-FollowerState] INFO  impl.FollowerState (FollowerState.java:run(152)) - 45d7554a-4794-4db0-8ec2-ed03ee8d9322@group-5F07EAC53845-FollowerState was interrupted
2024-04-29 10:07:50,606 [45d7554a-4794-4db0-8ec2-ed03ee8d9322@group-5F07EAC53845-StateMachineUpdater] INFO  ratis.ContainerStateMachine (ContainerStateMachine.java:takeSnapshot(366)) - group-5F07EAC53845: Finished taking a snapshot at:(t:1, i:0) file:/home/runner/work/ozone/ozone/hadoop-ozone/integration-test/target/test-dir/MiniOzoneClusterImpl-b29d8e3c-9ac1-4bd8-916d-9a49b4a73262/ozone-meta/datanode-1/ratis/40ab4934-8feb-4e0b-a110-5f07eac53845/sm/snapshot.1_0 took: 1 ms
2024-04-29 10:07:50,606 [45d7554a-4794-4db0-8ec2-ed03ee8d9322@group-5F07EAC53845-StateMachineUpdater] INFO  impl.StateMachineUpdater (StateMachineUpdater.java:takeSnapshot(295)) - 45d7554a-4794-4db0-8ec2-ed03ee8d9322@group-5F07EAC53845-StateMachineUpdater: Took a snapshot at index 0
2024-04-29 10:07:50,606 [45d7554a-4794-4db0-8ec2-ed03ee8d9322@group-5F07EAC53845-StateMachineUpdater] INFO  impl.StateMachineUpdater (StateMachineUpdater.java:lambda$new$0(98)) - 45d7554a-4794-4db0-8ec2-ed03ee8d9322@group-5F07EAC53845-StateMachineUpdater: snapshotIndex: updateIncreasingly -1 -> 0
2024-04-29 10:07:50,606 [45d7554a-4794-4db0-8ec2-ed03ee8d9322@group-5F07EAC53845-StateMachineUpdater] INFO  ratis.ContainerStateMachine (ContainerStateMachine.java:takeSnapshot(355)) - group-5F07EAC53845: Taking a snapshot at:(t:1, i:0) file /home/runner/work/ozone/ozone/hadoop-ozone/integration-test/target/test-dir/MiniOzoneClusterImpl-b29d8e3c-9ac1-4bd8-916d-9a49b4a73262/ozone-meta/datanode-1/ratis/40ab4934-8feb-4e0b-a110-5f07eac53845/sm/snapshot.1_0
2024-04-29 10:07:50,606 [Thread-8220] INFO  server.GrpcServerProtocolClient (GrpcServerProtocolClient.java:close(103)) - 0b459a02-f078-4553-b8ee-4a7bbebe5aa1 Close channels
2024-04-29 10:07:50,607 [45d7554a-4794-4db0-8ec2-ed03ee8d9322@group-5F07EAC53845-StateMachineUpdater] INFO  ratis.ContainerStateMachine (ContainerStateMachine.java:takeSnapshot(366)) - group-5F07EAC53845: Finished taking a snapshot at:(t:1, i:0) file:/home/runner/work/ozone/ozone/hadoop-ozone/integration-test/target/test-dir/MiniOzoneClusterImpl-b29d8e3c-9ac1-4bd8-916d-9a49b4a73262/ozone-meta/datanode-1/ratis/40ab4934-8feb-4e0b-a110-5f07eac53845/sm/snapshot.1_0 took: 1 ms
2024-04-29 10:07:50,607 [45d7554a-4794-4db0-8ec2-ed03ee8d9322@group-5F07EAC53845-StateMachineUpdater] INFO  impl.StateMachineUpdater (StateMachineUpdater.java:takeSnapshot(295)) - 45d7554a-4794-4db0-8ec2-ed03ee8d9322@group-5F07EAC53845-StateMachineUpdater: Took a snapshot at index 0
2024-04-29 10:07:50,607 [45d7554a-4794-4db0-8ec2-ed03ee8d9322-impl-thread2] INFO  server.RaftServer$Division (ServerState.java:close(427)) - 45d7554a-4794-4db0-8ec2-ed03ee8d9322@group-5F07EAC53845: applyIndex: 0
2024-04-29 10:07:50,607 [45d7554a-4794-4db0-8ec2-ed03ee8d9322@group-5F07EAC53845-cacheEviction-AwaitToRun] INFO  util.AwaitToRun (AwaitToRun.java:run(49)) - 45d7554a-4794-4db0-8ec2-ed03ee8d9322@group-5F07EAC53845-cacheEviction-AwaitToRun-AwaitForSignal is interrupted
2024-04-29 10:07:50,611 [Thread-8222] INFO  server.GrpcServerProtocolClient (GrpcServerProtocolClient.java:close(103)) - 4c7d070b-487d-4f6a-a802-5407a717b610 Close channels
2024-04-29 10:07:50,611 [main] INFO  server.GrpcService (GrpcService.java:closeImpl(320)) - 45d7554a-4794-4db0-8ec2-ed03ee8d9322: shutdown server org.apache.ratis.grpc.server.GrpcClientProtocolService successfully
2024-04-29 10:07:50,611 [main] INFO  server.GrpcService (GrpcService.java:closeImpl(311)) - 45d7554a-4794-4db0-8ec2-ed03ee8d9322: shutdown server GrpcServerProtocolService now
2024-04-29 10:07:50,612 [grpc-default-executor-5] WARN  server.GrpcServerProtocolService (LogUtils.java:warn(121)) - 45d7554a-4794-4db0-8ec2-ed03ee8d9322: APPEND_ENTRIES onError, lastRequest: 4c7d070b-487d-4f6a-a802-5407a717b610->45d7554a-4794-4db0-8ec2-ed03ee8d9322#5-t1,previous=(t:1, i:1),leaderCommit=1,initializing? false,entries: size=1, first=(t:1, i:2), METADATAENTRY(c:1): org.apache.ratis.thirdparty.io.grpc.StatusRuntimeException: CANCELLED: client cancelled
2024-04-29 10:07:50,612 [grpc-default-executor-8] WARN  server.GrpcLogAppender (LogUtils.java:warn(121)) - 4c7d070b-487d-4f6a-a802-5407a717b610@group-5F07EAC53845->45d7554a-4794-4db0-8ec2-ed03ee8d9322-AppendLogResponseHandler: Failed appendEntries: org.apache.ratis.thirdparty.io.grpc.StatusRuntimeException: CANCELLED: RST_STREAM closed stream. HTTP/2 error code: CANCEL
2024-04-29 10:07:50,612 [grpc-default-executor-9] WARN  server.GrpcServerProtocolService (LogUtils.java:warn(121)) - 45d7554a-4794-4db0-8ec2-ed03ee8d9322: APPEND_ENTRIES onError, lastRequest: null: org.apache.ratis.thirdparty.io.grpc.StatusRuntimeException: CANCELLED: client cancelled
2024-04-29 10:07:50,612 [grpc-default-executor-8] WARN  server.GrpcLogAppender (GrpcLogAppender.java:lambda$resetClient$1(217)) - 4c7d070b-487d-4f6a-a802-5407a717b610@group-5F07EAC53845->45d7554a-4794-4db0-8ec2-ed03ee8d9322-GrpcLogAppender: Follower failed (request=null, errorCount=1); keep nextIndex (3) unchanged and retry.
2024-04-29 10:07:50,613 [main] INFO  server.GrpcService (GrpcService.java:closeImpl(320)) - 45d7554a-4794-4db0-8ec2-ed03ee8d9322: shutdown server GrpcServerProtocolService successfully
2024-04-29 10:07:50,613 [main] INFO  server.GrpcService (GrpcService.java:closeImpl(311)) - 45d7554a-4794-4db0-8ec2-ed03ee8d9322: shutdown server org.apache.ratis.grpc.server.GrpcAdminProtocolService now
2024-04-29 10:07:50,613 [main] INFO  server.GrpcService (GrpcService.java:closeImpl(320)) - 45d7554a-4794-4db0-8ec2-ed03ee8d9322: shutdown server org.apache.ratis.grpc.server.GrpcAdminProtocolService successfully
2024-04-29 10:07:50,616 [45d7554a-4794-4db0-8ec2-ed03ee8d9322-NettyServerStreamRpc-bossGroup--thread1] INFO  logging.LoggingHandler (AbstractInternalLogger.java:log(148)) - [id: 0x53c825b1, L:/0.0.0.0:15549] CLOSE
2024-04-29 10:07:50,616 [45d7554a-4794-4db0-8ec2-ed03ee8d9322-NettyServerStreamRpc-bossGroup--thread1] INFO  logging.LoggingHandler (AbstractInternalLogger.java:log(148)) - [id: 0x53c825b1, L:/0.0.0.0:15549] INACTIVE
2024-04-29 10:07:50,616 [45d7554a-4794-4db0-8ec2-ed03ee8d9322-NettyServerStreamRpc-bossGroup--thread1] INFO  logging.LoggingHandler (AbstractInternalLogger.java:log(148)) - [id: 0x53c825b1, L:/0.0.0.0:15549] UNREGISTERED
2024-04-29 10:07:50,633 [d62b1b2a-c9ad-4d76-9b36-24bd1a5a2aa1@group-30EDBEF5BFC7-FollowerState] INFO  impl.FollowerState (FollowerState.java:run(143)) - d62b1b2a-c9ad-4d76-9b36-24bd1a5a2aa1@group-30EDBEF5BFC7-FollowerState: change to CANDIDATE, lastRpcElapsedTime:5170926941ns, electionTimeout:5170ms
2024-04-29 10:07:50,633 [d62b1b2a-c9ad-4d76-9b36-24bd1a5a2aa1@group-30EDBEF5BFC7-FollowerState] INFO  impl.RoleInfo (RoleInfo.java:shutdownFollowerState(110)) - d62b1b2a-c9ad-4d76-9b36-24bd1a5a2aa1: shutdown d62b1b2a-c9ad-4d76-9b36-24bd1a5a2aa1@group-30EDBEF5BFC7-FollowerState
2024-04-29 10:07:50,633 [d62b1b2a-c9ad-4d76-9b36-24bd1a5a2aa1@group-30EDBEF5BFC7-FollowerState] INFO  server.RaftServer$Division (RaftServerImpl.java:setRole(383)) - d62b1b2a-c9ad-4d76-9b36-24bd1a5a2aa1@group-30EDBEF5BFC7: changes role from  FOLLOWER to CANDIDATE at term 0 for changeToCandidate
2024-04-29 10:07:50,633 [d62b1b2a-c9ad-4d76-9b36-24bd1a5a2aa1@group-30EDBEF5BFC7-FollowerState] INFO  server.RaftServerConfigKeys (ConfUtils.java:logGet(46)) - raft.server.leaderelection.pre-vote = true (default)
2024-04-29 10:07:50,633 [d62b1b2a-c9ad-4d76-9b36-24bd1a5a2aa1@group-30EDBEF5BFC7-FollowerState] INFO  impl.RoleInfo (RoleInfo.java:updateAndGet(139)) - d62b1b2a-c9ad-4d76-9b36-24bd1a5a2aa1: start d62b1b2a-c9ad-4d76-9b36-24bd1a5a2aa1@group-30EDBEF5BFC7-LeaderElection105
2024-04-29 10:07:50,633 [d62b1b2a-c9ad-4d76-9b36-24bd1a5a2aa1@group-30EDBEF5BFC7-LeaderElection105] INFO  impl.LeaderElection (LeaderElection.java:askForVotes(321)) - d62b1b2a-c9ad-4d76-9b36-24bd1a5a2aa1@group-30EDBEF5BFC7-LeaderElection105 PRE_VOTE round 0: submit vote requests at term 0 for -1: peers:[d62b1b2a-c9ad-4d76-9b36-24bd1a5a2aa1|127.0.0.1:15602]|listeners:[], old=null
2024-04-29 10:07:50,633 [d62b1b2a-c9ad-4d76-9b36-24bd1a5a2aa1@group-30EDBEF5BFC7-LeaderElection105] INFO  impl.LeaderElection (LeaderElection.java:askForVotes(323)) - d62b1b2a-c9ad-4d76-9b36-24bd1a5a2aa1@group-30EDBEF5BFC7-LeaderElection105 PRE_VOTE round 0: result PASSED (term=0)
2024-04-29 10:07:50,635 [d62b1b2a-c9ad-4d76-9b36-24bd1a5a2aa1@group-30EDBEF5BFC7-LeaderElection105] INFO  impl.LeaderElection (LeaderElection.java:askForVotes(321)) - d62b1b2a-c9ad-4d76-9b36-24bd1a5a2aa1@group-30EDBEF5BFC7-LeaderElection105 ELECTION round 0: submit vote requests at term 1 for -1: peers:[d62b1b2a-c9ad-4d76-9b36-24bd1a5a2aa1|127.0.0.1:15602]|listeners:[], old=null
2024-04-29 10:07:50,635 [d62b1b2a-c9ad-4d76-9b36-24bd1a5a2aa1@group-30EDBEF5BFC7-LeaderElection105] INFO  impl.LeaderElection (LeaderElection.java:askForVotes(323)) - d62b1b2a-c9ad-4d76-9b36-24bd1a5a2aa1@group-30EDBEF5BFC7-LeaderElection105 ELECTION round 0: result PASSED (term=1)
2024-04-29 10:07:50,635 [d62b1b2a-c9ad-4d76-9b36-24bd1a5a2aa1@group-30EDBEF5BFC7-LeaderElection105] INFO  impl.RoleInfo (RoleInfo.java:shutdownLeaderElection(130)) - d62b1b2a-c9ad-4d76-9b36-24bd1a5a2aa1: shutdown d62b1b2a-c9ad-4d76-9b36-24bd1a5a2aa1@group-30EDBEF5BFC7-LeaderElection105
2024-04-29 10:07:50,635 [d62b1b2a-c9ad-4d76-9b36-24bd1a5a2aa1@group-30EDBEF5BFC7-LeaderElection105] INFO  server.RaftServer$Division (RaftServerImpl.java:setRole(383)) - d62b1b2a-c9ad-4d76-9b36-24bd1a5a2aa1@group-30EDBEF5BFC7: changes role from CANDIDATE to LEADER at term 1 for changeToLeader
2024-04-29 10:07:50,635 [d62b1b2a-c9ad-4d76-9b36-24bd1a5a2aa1@group-30EDBEF5BFC7-LeaderElection105] INFO  server.RaftServerConfigKeys (ConfUtils.java:logGet(46)) - raft.server.staging.catchup.gap = 1000 (default)
2024-04-29 10:07:50,635 [d62b1b2a-c9ad-4d76-9b36-24bd1a5a2aa1@group-30EDBEF5BFC7-LeaderElection105] INFO  server.RaftServerConfigKeys (ConfUtils.java:logGet(46)) - raft.server.write.element-limit = 1024 (custom)
2024-04-29 10:07:50,635 [d62b1b2a-c9ad-4d76-9b36-24bd1a5a2aa1@group-30EDBEF5BFC7-LeaderElection105] INFO  server.RaftServerConfigKeys (ConfUtils.java:logGet(46)) - raft.server.write.byte-limit = 1024 M (=1073741824) (custom)
2024-04-29 10:07:50,635 [d62b1b2a-c9ad-4d76-9b36-24bd1a5a2aa1@group-30EDBEF5BFC7-LeaderElection105] INFO  server.RaftServerConfigKeys (ConfUtils.java:logGet(46)) - raft.server.watch.timeout = 3000ms (custom)
2024-04-29 10:07:50,635 [d62b1b2a-c9ad-4d76-9b36-24bd1a5a2aa1@group-30EDBEF5BFC7-LeaderElection105] INFO  server.RaftServerConfigKeys (ConfUtils.java:logGet(46)) - raft.server.watch.timeout.denomination = 1s (default)
2024-04-29 10:07:50,635 [d62b1b2a-c9ad-4d76-9b36-24bd1a5a2aa1@group-30EDBEF5BFC7-LeaderElection105] INFO  server.RaftServerConfigKeys (ConfUtils.java:logGet(46)) - raft.server.watch.element-limit = 65536 (default)
2024-04-29 10:07:50,635 [d62b1b2a-c9ad-4d76-9b36-24bd1a5a2aa1@group-30EDBEF5BFC7-LeaderElection105] INFO  server.RaftServerConfigKeys (ConfUtils.java:logGet(46)) - raft.server.read.leader.lease.enabled = false (default)
2024-04-29 10:07:50,635 [d62b1b2a-c9ad-4d76-9b36-24bd1a5a2aa1@group-30EDBEF5BFC7-LeaderElection105] INFO  server.RaftServerConfigKeys (ConfUtils.java:logGet(46)) - raft.server.read.leader.lease.timeout.ratio = 0.9 (default)
2024-04-29 10:07:50,635 [d62b1b2a-c9ad-4d76-9b36-24bd1a5a2aa1@group-30EDBEF5BFC7-LeaderElection105] INFO  server.RaftServerConfigKeys (ConfUtils.java:logGet(46)) - raft.server.rpc.timeout.min = 5s (custom)
2024-04-29 10:07:50,635 [d62b1b2a-c9ad-4d76-9b36-24bd1a5a2aa1@group-30EDBEF5BFC7-LeaderElection105] INFO  server.RaftServerConfigKeys (ConfUtils.java:logGet(46)) - raft.server.write.element-limit = 1024 (custom)
2024-04-29 10:07:50,636 [d62b1b2a-c9ad-4d76-9b36-24bd1a5a2aa1@group-30EDBEF5BFC7-LeaderElection105] INFO  server.RaftServerConfigKeys (ConfUtils.java:logGet(46)) - raft.server.write.follower.gap.ratio.max = -1.0 (default)
2024-04-29 10:07:50,636 [d62b1b2a-c9ad-4d76-9b36-24bd1a5a2aa1@group-30EDBEF5BFC7-LeaderElection105] INFO  impl.RoleInfo (RoleInfo.java:updateAndGet(139)) - d62b1b2a-c9ad-4d76-9b36-24bd1a5a2aa1: start d62b1b2a-c9ad-4d76-9b36-24bd1a5a2aa1@group-30EDBEF5BFC7-LeaderStateImpl
2024-04-29 10:07:50,636 [d62b1b2a-c9ad-4d76-9b36-24bd1a5a2aa1@group-30EDBEF5BFC7-LeaderElection105] INFO  server.RaftServer$Division (RaftServerImpl.java:setFirstElection(574)) - d62b1b2a-c9ad-4d76-9b36-24bd1a5a2aa1@group-30EDBEF5BFC7: set firstElectionSinceStartup to false for becomeLeader
2024-04-29 10:07:50,636 [d62b1b2a-c9ad-4d76-9b36-24bd1a5a2aa1@group-30EDBEF5BFC7-LeaderElection105] INFO  ratis.XceiverServerRatis (XceiverServerRatis.java:handleLeaderChangedNotification(966)) - Leader change notification received for group: group-30EDBEF5BFC7 with new leaderId: d62b1b2a-c9ad-4d76-9b36-24bd1a5a2aa1
2024-04-29 10:07:50,636 [d62b1b2a-c9ad-4d76-9b36-24bd1a5a2aa1@group-30EDBEF5BFC7-LeaderElection105] INFO  server.RaftServer$Division (ServerState.java:setLeader(269)) - d62b1b2a-c9ad-4d76-9b36-24bd1a5a2aa1@group-30EDBEF5BFC7: change Leader from null to d62b1b2a-c9ad-4d76-9b36-24bd1a5a2aa1 at term 1 for becomeLeader, leader elected after 5184ms
2024-04-29 10:07:50,636 [d62b1b2a-c9ad-4d76-9b36-24bd1a5a2aa1@group-30EDBEF5BFC7-LeaderElection105] INFO  segmented.SegmentedRaftLogWorker (SegmentedRaftLogWorker.java:startLogSegment(430)) - d62b1b2a-c9ad-4d76-9b36-24bd1a5a2aa1@group-30EDBEF5BFC7-SegmentedRaftLogWorker: Starting segment from index:0
2024-04-29 10:07:50,636 [d62b1b2a-c9ad-4d76-9b36-24bd1a5a2aa1@group-30EDBEF5BFC7-SegmentedRaftLogWorker] INFO  segmented.BufferedWriteChannel (BufferedWriteChannel.java:open(62)) - open log_inprogress_0 at position 0
2024-04-29 10:07:50,639 [d62b1b2a-c9ad-4d76-9b36-24bd1a5a2aa1@group-30EDBEF5BFC7-LeaderElection105] INFO  server.RaftServer$Division (ServerState.java:setRaftConf(386)) - d62b1b2a-c9ad-4d76-9b36-24bd1a5a2aa1@group-30EDBEF5BFC7: set configuration 0: peers:[d62b1b2a-c9ad-4d76-9b36-24bd1a5a2aa1|127.0.0.1:15602]|listeners:[], old=null
2024-04-29 10:07:50,644 [d62b1b2a-c9ad-4d76-9b36-24bd1a5a2aa1@group-30EDBEF5BFC7-SegmentedRaftLogWorker] INFO  segmented.SegmentedRaftLogWorker (SegmentedRaftLogWorker.java:execute(634)) - d62b1b2a-c9ad-4d76-9b36-24bd1a5a2aa1@group-30EDBEF5BFC7-SegmentedRaftLogWorker: created new log segment /home/runner/work/ozone/ozone/hadoop-ozone/integration-test/target/test-dir/MiniOzoneClusterImpl-b29d8e3c-9ac1-4bd8-916d-9a49b4a73262/ozone-meta/datanode-7/ratis/e70adea4-fec5-469b-8e6c-30edbef5bfc7/current/log_inprogress_0
2024-04-29 10:07:50,646 [d62b1b2a-c9ad-4d76-9b36-24bd1a5a2aa1@group-30EDBEF5BFC7-StateMachineUpdater] INFO  server.RaftServer$Division (LeaderStateImpl.java:isApplied(320)) - leader is ready since appliedIndex == 0 >= startIndex == 0
2024-04-29 10:07:50,647 [d62b1b2a-c9ad-4d76-9b36-24bd1a5a2aa1@group-3BD7D644AE46-FollowerState] INFO  impl.FollowerState (FollowerState.java:run(143)) - d62b1b2a-c9ad-4d76-9b36-24bd1a5a2aa1@group-3BD7D644AE46-FollowerState: change to CANDIDATE, lastRpcElapsedTime:5173439337ns, electionTimeout:5173ms
2024-04-29 10:07:50,647 [d62b1b2a-c9ad-4d76-9b36-24bd1a5a2aa1@group-3BD7D644AE46-FollowerState] INFO  impl.RoleInfo (RoleInfo.java:shutdownFollowerState(110)) - d62b1b2a-c9ad-4d76-9b36-24bd1a5a2aa1: shutdown d62b1b2a-c9ad-4d76-9b36-24bd1a5a2aa1@group-3BD7D644AE46-FollowerState
2024-04-29 10:07:50,647 [d62b1b2a-c9ad-4d76-9b36-24bd1a5a2aa1@group-3BD7D644AE46-FollowerState] INFO  server.RaftServer$Division (RaftServerImpl.java:setRole(383)) - d62b1b2a-c9ad-4d76-9b36-24bd1a5a2aa1@group-3BD7D644AE46: changes role from  FOLLOWER to CANDIDATE at term 0 for changeToCandidate
2024-04-29 10:07:50,647 [d62b1b2a-c9ad-4d76-9b36-24bd1a5a2aa1@group-3BD7D644AE46-FollowerState] INFO  server.RaftServerConfigKeys (ConfUtils.java:logGet(46)) - raft.server.leaderelection.pre-vote = true (default)
2024-04-29 10:07:50,647 [d62b1b2a-c9ad-4d76-9b36-24bd1a5a2aa1@group-3BD7D644AE46-FollowerState] INFO  impl.RoleInfo (RoleInfo.java:updateAndGet(139)) - d62b1b2a-c9ad-4d76-9b36-24bd1a5a2aa1: start d62b1b2a-c9ad-4d76-9b36-24bd1a5a2aa1@group-3BD7D644AE46-LeaderElection106
2024-04-29 10:07:50,647 [d62b1b2a-c9ad-4d76-9b36-24bd1a5a2aa1@group-3BD7D644AE46-LeaderElection106] INFO  impl.LeaderElection (LeaderElection.java:askForVotes(321)) - d62b1b2a-c9ad-4d76-9b36-24bd1a5a2aa1@group-3BD7D644AE46-LeaderElection106 PRE_VOTE round 0: submit vote requests at term 0 for -1: peers:[d62b1b2a-c9ad-4d76-9b36-24bd1a5a2aa1|127.0.0.1:15602, 29872338-e6e3-4ec5-923b-53e8a9791636|127.0.0.1:15611, 1f92b403-6a1c-4076-80c0-09f74f2f4297|127.0.0.1:15620]|listeners:[], old=null
2024-04-29 10:07:50,648 [d62b1b2a-c9ad-4d76-9b36-24bd1a5a2aa1@group-3BD7D644AE46-LeaderElection106-1] INFO  server.GrpcServerProtocolClient (GrpcServerProtocolClient.java:<init>(65)) - Build channel for 29872338-e6e3-4ec5-923b-53e8a9791636|127.0.0.1:15611
2024-04-29 10:07:50,648 [d62b1b2a-c9ad-4d76-9b36-24bd1a5a2aa1@group-3BD7D644AE46-LeaderElection106-2] INFO  server.GrpcServerProtocolClient (GrpcServerProtocolClient.java:<init>(65)) - Build channel for 1f92b403-6a1c-4076-80c0-09f74f2f4297|127.0.0.1:15620
2024-04-29 10:07:50,648 [d62b1b2a-c9ad-4d76-9b36-24bd1a5a2aa1@group-3BD7D644AE46-LeaderElection106] INFO  server.RaftServerConfigKeys (ConfUtils.java:logFallback(53)) - raft.server.rpc.first-election.timeout.min = 5s (fallback to raft.server.rpc.timeout.min)
2024-04-29 10:07:50,648 [d62b1b2a-c9ad-4d76-9b36-24bd1a5a2aa1@group-3BD7D644AE46-LeaderElection106] INFO  server.RaftServerConfigKeys (ConfUtils.java:logFallback(53)) - raft.server.rpc.first-election.timeout.max = 5200ms (fallback to raft.server.rpc.timeout.max)
2024-04-29 10:07:50,651 [grpc-default-executor-8] INFO  server.RaftServer$Division (RaftServerImpl.java:requestVote(1389)) - 29872338-e6e3-4ec5-923b-53e8a9791636@group-3BD7D644AE46: receive requestVote(PRE_VOTE, d62b1b2a-c9ad-4d76-9b36-24bd1a5a2aa1, group-3BD7D644AE46, 0, (t:0, i:0))
2024-04-29 10:07:50,651 [grpc-default-executor-1] INFO  server.RaftServer$Division (RaftServerImpl.java:requestVote(1389)) - 1f92b403-6a1c-4076-80c0-09f74f2f4297@group-3BD7D644AE46: receive requestVote(PRE_VOTE, d62b1b2a-c9ad-4d76-9b36-24bd1a5a2aa1, group-3BD7D644AE46, 0, (t:0, i:0))
2024-04-29 10:07:50,651 [grpc-default-executor-8] INFO  impl.VoteContext (VoteContext.java:log(49)) - 29872338-e6e3-4ec5-923b-53e8a9791636@group-3BD7D644AE46-FOLLOWER: accept PRE_VOTE from d62b1b2a-c9ad-4d76-9b36-24bd1a5a2aa1: our priority 0 <= candidate's priority 0
2024-04-29 10:07:50,651 [grpc-default-executor-1] INFO  impl.VoteContext (VoteContext.java:log(49)) - 1f92b403-6a1c-4076-80c0-09f74f2f4297@group-3BD7D644AE46-FOLLOWER: reject PRE_VOTE from d62b1b2a-c9ad-4d76-9b36-24bd1a5a2aa1: our priority 1 > candidate's priority 0
2024-04-29 10:07:50,651 [grpc-default-executor-8] INFO  server.RaftServer$Division (RaftServerImpl.java:requestVote(1422)) - 29872338-e6e3-4ec5-923b-53e8a9791636@group-3BD7D644AE46 replies to PRE_VOTE vote request: d62b1b2a-c9ad-4d76-9b36-24bd1a5a2aa1<-29872338-e6e3-4ec5-923b-53e8a9791636#0:OK-t0. Peer's state: 29872338-e6e3-4ec5-923b-53e8a9791636@group-3BD7D644AE46:t0, leader=null, voted=, raftlog=Memoized:29872338-e6e3-4ec5-923b-53e8a9791636@group-3BD7D644AE46-SegmentedRaftLog:OPENED:c-1, conf=-1: peers:[d62b1b2a-c9ad-4d76-9b36-24bd1a5a2aa1|127.0.0.1:15602, 29872338-e6e3-4ec5-923b-53e8a9791636|127.0.0.1:15611, 1f92b403-6a1c-4076-80c0-09f74f2f4297|127.0.0.1:15620]|listeners:[], old=null
2024-04-29 10:07:50,651 [grpc-default-executor-1] INFO  server.RaftServer$Division (RaftServerImpl.java:requestVote(1422)) - 1f92b403-6a1c-4076-80c0-09f74f2f4297@group-3BD7D644AE46 replies to PRE_VOTE vote request: d62b1b2a-c9ad-4d76-9b36-24bd1a5a2aa1<-1f92b403-6a1c-4076-80c0-09f74f2f4297#0:FAIL-t0. Peer's state: 1f92b403-6a1c-4076-80c0-09f74f2f4297@group-3BD7D644AE46:t0, leader=null, voted=, raftlog=Memoized:1f92b403-6a1c-4076-80c0-09f74f2f4297@group-3BD7D644AE46-SegmentedRaftLog:OPENED:c-1, conf=-1: peers:[d62b1b2a-c9ad-4d76-9b36-24bd1a5a2aa1|127.0.0.1:15602, 29872338-e6e3-4ec5-923b-53e8a9791636|127.0.0.1:15611, 1f92b403-6a1c-4076-80c0-09f74f2f4297|127.0.0.1:15620]|listeners:[], old=null
2024-04-29 10:07:50,652 [d62b1b2a-c9ad-4d76-9b36-24bd1a5a2aa1@group-3BD7D644AE46-LeaderElection106] INFO  impl.LeaderElection (LeaderElection.java:logAndReturn(89)) - d62b1b2a-c9ad-4d76-9b36-24bd1a5a2aa1@group-3BD7D644AE46-LeaderElection106: PRE_VOTE REJECTED received 2 response(s) and 0 exception(s):
2024-04-29 10:07:50,652 [d62b1b2a-c9ad-4d76-9b36-24bd1a5a2aa1@group-3BD7D644AE46-LeaderElection106] INFO  impl.LeaderElection (LeaderElection.java:logAndReturn(93)) -   Response 0: d62b1b2a-c9ad-4d76-9b36-24bd1a5a2aa1<-29872338-e6e3-4ec5-923b-53e8a9791636#0:OK-t0
2024-04-29 10:07:50,652 [d62b1b2a-c9ad-4d76-9b36-24bd1a5a2aa1@group-3BD7D644AE46-LeaderElection106] INFO  impl.LeaderElection (LeaderElection.java:logAndReturn(93)) -   Response 1: d62b1b2a-c9ad-4d76-9b36-24bd1a5a2aa1<-1f92b403-6a1c-4076-80c0-09f74f2f4297#0:FAIL-t0
2024-04-29 10:07:50,652 [d62b1b2a-c9ad-4d76-9b36-24bd1a5a2aa1@group-3BD7D644AE46-LeaderElection106] INFO  impl.LeaderElection (LeaderElection.java:askForVotes(323)) - d62b1b2a-c9ad-4d76-9b36-24bd1a5a2aa1@group-3BD7D644AE46-LeaderElection106 PRE_VOTE round 0: result REJECTED
2024-04-29 10:07:50,652 [d62b1b2a-c9ad-4d76-9b36-24bd1a5a2aa1@group-3BD7D644AE46-LeaderElection106] INFO  server.RaftServer$Division (RaftServerImpl.java:setRole(383)) - d62b1b2a-c9ad-4d76-9b36-24bd1a5a2aa1@group-3BD7D644AE46: changes role from CANDIDATE to FOLLOWER at term 0 for REJECTED
2024-04-29 10:07:50,652 [d62b1b2a-c9ad-4d76-9b36-24bd1a5a2aa1@group-3BD7D644AE46-LeaderElection106] INFO  impl.RoleInfo (RoleInfo.java:shutdownLeaderElection(130)) - d62b1b2a-c9ad-4d76-9b36-24bd1a5a2aa1: shutdown d62b1b2a-c9ad-4d76-9b36-24bd1a5a2aa1@group-3BD7D644AE46-LeaderElection106
2024-04-29 10:07:50,653 [d62b1b2a-c9ad-4d76-9b36-24bd1a5a2aa1@group-3BD7D644AE46-LeaderElection106] INFO  impl.RoleInfo (RoleInfo.java:updateAndGet(139)) - d62b1b2a-c9ad-4d76-9b36-24bd1a5a2aa1: start d62b1b2a-c9ad-4d76-9b36-24bd1a5a2aa1@group-3BD7D644AE46-FollowerState
2024-04-29 10:07:50,653 [d62b1b2a-c9ad-4d76-9b36-24bd1a5a2aa1@group-3BD7D644AE46-LeaderElection106] INFO  server.RaftServer$Division (RaftServerImpl.java:setFirstElection(574)) - d62b1b2a-c9ad-4d76-9b36-24bd1a5a2aa1@group-3BD7D644AE46: set firstElectionSinceStartup to false for REJECTED
2024-04-29 10:07:50,655 [29872338-e6e3-4ec5-923b-53e8a9791636@group-CC876D3FFD49-FollowerState] INFO  impl.FollowerState (FollowerState.java:run(143)) - 29872338-e6e3-4ec5-923b-53e8a9791636@group-CC876D3FFD49-FollowerState: change to CANDIDATE, lastRpcElapsedTime:5149700428ns, electionTimeout:5149ms
2024-04-29 10:07:50,655 [29872338-e6e3-4ec5-923b-53e8a9791636@group-CC876D3FFD49-FollowerState] INFO  impl.RoleInfo (RoleInfo.java:shutdownFollowerState(110)) - 29872338-e6e3-4ec5-923b-53e8a9791636: shutdown 29872338-e6e3-4ec5-923b-53e8a9791636@group-CC876D3FFD49-FollowerState
2024-04-29 10:07:50,655 [29872338-e6e3-4ec5-923b-53e8a9791636@group-CC876D3FFD49-FollowerState] INFO  server.RaftServer$Division (RaftServerImpl.java:setRole(383)) - 29872338-e6e3-4ec5-923b-53e8a9791636@group-CC876D3FFD49: changes role from  FOLLOWER to CANDIDATE at term 0 for changeToCandidate
2024-04-29 10:07:50,656 [29872338-e6e3-4ec5-923b-53e8a9791636@group-CC876D3FFD49-FollowerState] INFO  server.RaftServerConfigKeys (ConfUtils.java:logGet(46)) - raft.server.leaderelection.pre-vote = true (default)
2024-04-29 10:07:50,656 [29872338-e6e3-4ec5-923b-53e8a9791636@group-CC876D3FFD49-FollowerState] INFO  impl.RoleInfo (RoleInfo.java:updateAndGet(139)) - 29872338-e6e3-4ec5-923b-53e8a9791636: start 29872338-e6e3-4ec5-923b-53e8a9791636@group-CC876D3FFD49-LeaderElection107
2024-04-29 10:07:50,656 [1f92b403-6a1c-4076-80c0-09f74f2f4297@group-3BD7D644AE46-FollowerState] INFO  impl.FollowerState (FollowerState.java:run(143)) - 1f92b403-6a1c-4076-80c0-09f74f2f4297@group-3BD7D644AE46-FollowerState: change to CANDIDATE, lastRpcElapsedTime:5168463510ns, electionTimeout:5168ms
2024-04-29 10:07:50,656 [1f92b403-6a1c-4076-80c0-09f74f2f4297@group-3BD7D644AE46-FollowerState] INFO  impl.RoleInfo (RoleInfo.java:shutdownFollowerState(110)) - 1f92b403-6a1c-4076-80c0-09f74f2f4297: shutdown 1f92b403-6a1c-4076-80c0-09f74f2f4297@group-3BD7D644AE46-FollowerState
2024-04-29 10:07:50,656 [1f92b403-6a1c-4076-80c0-09f74f2f4297@group-3BD7D644AE46-FollowerState] INFO  server.RaftServer$Division (RaftServerImpl.java:setRole(383)) - 1f92b403-6a1c-4076-80c0-09f74f2f4297@group-3BD7D644AE46: changes role from  FOLLOWER to CANDIDATE at term 0 for changeToCandidate
2024-04-29 10:07:50,656 [1f92b403-6a1c-4076-80c0-09f74f2f4297@group-3BD7D644AE46-FollowerState] INFO  server.RaftServerConfigKeys (ConfUtils.java:logGet(46)) - raft.server.leaderelection.pre-vote = true (default)
2024-04-29 10:07:50,656 [1f92b403-6a1c-4076-80c0-09f74f2f4297@group-3BD7D644AE46-FollowerState] INFO  impl.RoleInfo (RoleInfo.java:updateAndGet(139)) - 1f92b403-6a1c-4076-80c0-09f74f2f4297: start 1f92b403-6a1c-4076-80c0-09f74f2f4297@group-3BD7D644AE46-LeaderElection108
2024-04-29 10:07:50,656 [29872338-e6e3-4ec5-923b-53e8a9791636@group-CC876D3FFD49-LeaderElection107] INFO  impl.LeaderElection (LeaderElection.java:askForVotes(321)) - 29872338-e6e3-4ec5-923b-53e8a9791636@group-CC876D3FFD49-LeaderElection107 PRE_VOTE round 0: submit vote requests at term 0 for -1: peers:[29872338-e6e3-4ec5-923b-53e8a9791636|127.0.0.1:15611]|listeners:[], old=null
2024-04-29 10:07:50,656 [29872338-e6e3-4ec5-923b-53e8a9791636@group-CC876D3FFD49-LeaderElection107] INFO  impl.LeaderElection (LeaderElection.java:askForVotes(323)) - 29872338-e6e3-4ec5-923b-53e8a9791636@group-CC876D3FFD49-LeaderElection107 PRE_VOTE round 0: result PASSED (term=0)
2024-04-29 10:07:50,656 [1f92b403-6a1c-4076-80c0-09f74f2f4297@group-3BD7D644AE46-LeaderElection108] INFO  impl.LeaderElection (LeaderElection.java:askForVotes(321)) - 1f92b403-6a1c-4076-80c0-09f74f2f4297@group-3BD7D644AE46-LeaderElection108 PRE_VOTE round 0: submit vote requests at term 0 for -1: peers:[d62b1b2a-c9ad-4d76-9b36-24bd1a5a2aa1|127.0.0.1:15602, 29872338-e6e3-4ec5-923b-53e8a9791636|127.0.0.1:15611, 1f92b403-6a1c-4076-80c0-09f74f2f4297|127.0.0.1:15620]|listeners:[], old=null
2024-04-29 10:07:50,657 [1f92b403-6a1c-4076-80c0-09f74f2f4297@group-3BD7D644AE46-LeaderElection108] INFO  server.RaftServerConfigKeys (ConfUtils.java:logFallback(53)) - raft.server.rpc.first-election.timeout.min = 5s (fallback to raft.server.rpc.timeout.min)
2024-04-29 10:07:50,657 [1f92b403-6a1c-4076-80c0-09f74f2f4297@group-3BD7D644AE46-LeaderElection108] INFO  server.RaftServerConfigKeys (ConfUtils.java:logFallback(53)) - raft.server.rpc.first-election.timeout.max = 5200ms (fallback to raft.server.rpc.timeout.max)
2024-04-29 10:07:50,657 [1f92b403-6a1c-4076-80c0-09f74f2f4297@group-3BD7D644AE46-LeaderElection108-1] INFO  server.GrpcServerProtocolClient (GrpcServerProtocolClient.java:<init>(65)) - Build channel for d62b1b2a-c9ad-4d76-9b36-24bd1a5a2aa1|127.0.0.1:15602
2024-04-29 10:07:50,658 [1f92b403-6a1c-4076-80c0-09f74f2f4297@group-3BD7D644AE46-LeaderElection108-2] INFO  server.GrpcServerProtocolClient (GrpcServerProtocolClient.java:<init>(65)) - Build channel for 29872338-e6e3-4ec5-923b-53e8a9791636|127.0.0.1:15611
2024-04-29 10:07:50,658 [29872338-e6e3-4ec5-923b-53e8a9791636@group-CC876D3FFD49-LeaderElection107] INFO  impl.LeaderElection (LeaderElection.java:askForVotes(321)) - 29872338-e6e3-4ec5-923b-53e8a9791636@group-CC876D3FFD49-LeaderElection107 ELECTION round 0: submit vote requests at term 1 for -1: peers:[29872338-e6e3-4ec5-923b-53e8a9791636|127.0.0.1:15611]|listeners:[], old=null
2024-04-29 10:07:50,658 [29872338-e6e3-4ec5-923b-53e8a9791636@group-CC876D3FFD49-LeaderElection107] INFO  impl.LeaderElection (LeaderElection.java:askForVotes(323)) - 29872338-e6e3-4ec5-923b-53e8a9791636@group-CC876D3FFD49-LeaderElection107 ELECTION round 0: result PASSED (term=1)
2024-04-29 10:07:50,658 [29872338-e6e3-4ec5-923b-53e8a9791636@group-CC876D3FFD49-LeaderElection107] INFO  impl.RoleInfo (RoleInfo.java:shutdownLeaderElection(130)) - 29872338-e6e3-4ec5-923b-53e8a9791636: shutdown 29872338-e6e3-4ec5-923b-53e8a9791636@group-CC876D3FFD49-LeaderElection107
2024-04-29 10:07:50,658 [29872338-e6e3-4ec5-923b-53e8a9791636@group-CC876D3FFD49-LeaderElection107] INFO  server.RaftServer$Division (RaftServerImpl.java:setRole(383)) - 29872338-e6e3-4ec5-923b-53e8a9791636@group-CC876D3FFD49: changes role from CANDIDATE to LEADER at term 1 for changeToLeader
2024-04-29 10:07:50,658 [29872338-e6e3-4ec5-923b-53e8a9791636@group-CC876D3FFD49-LeaderElection107] INFO  server.RaftServerConfigKeys (ConfUtils.java:logGet(46)) - raft.server.staging.catchup.gap = 1000 (default)
2024-04-29 10:07:50,658 [29872338-e6e3-4ec5-923b-53e8a9791636@group-CC876D3FFD49-LeaderElection107] INFO  server.RaftServerConfigKeys (ConfUtils.java:logGet(46)) - raft.server.write.element-limit = 1024 (custom)
2024-04-29 10:07:50,658 [29872338-e6e3-4ec5-923b-53e8a9791636@group-CC876D3FFD49-LeaderElection107] INFO  server.RaftServerConfigKeys (ConfUtils.java:logGet(46)) - raft.server.write.byte-limit = 1024 M (=1073741824) (custom)
2024-04-29 10:07:50,658 [29872338-e6e3-4ec5-923b-53e8a9791636@group-CC876D3FFD49-LeaderElection107] INFO  server.RaftServerConfigKeys (ConfUtils.java:logGet(46)) - raft.server.watch.timeout = 3000ms (custom)
2024-04-29 10:07:50,658 [29872338-e6e3-4ec5-923b-53e8a9791636@group-CC876D3FFD49-LeaderElection107] INFO  server.RaftServerConfigKeys (ConfUtils.java:logGet(46)) - raft.server.watch.timeout.denomination = 1s (default)
2024-04-29 10:07:50,658 [29872338-e6e3-4ec5-923b-53e8a9791636@group-CC876D3FFD49-LeaderElection107] INFO  server.RaftServerConfigKeys (ConfUtils.java:logGet(46)) - raft.server.watch.element-limit = 65536 (default)
2024-04-29 10:07:50,658 [29872338-e6e3-4ec5-923b-53e8a9791636@group-CC876D3FFD49-LeaderElection107] INFO  server.RaftServerConfigKeys (ConfUtils.java:logGet(46)) - raft.server.read.leader.lease.enabled = false (default)
2024-04-29 10:07:50,658 [29872338-e6e3-4ec5-923b-53e8a9791636@group-CC876D3FFD49-LeaderElection107] INFO  server.RaftServerConfigKeys (ConfUtils.java:logGet(46)) - raft.server.read.leader.lease.timeout.ratio = 0.9 (default)
2024-04-29 10:07:50,658 [29872338-e6e3-4ec5-923b-53e8a9791636@group-CC876D3FFD49-LeaderElection107] INFO  server.RaftServerConfigKeys (ConfUtils.java:logGet(46)) - raft.server.rpc.timeout.min = 5s (custom)
2024-04-29 10:07:50,658 [29872338-e6e3-4ec5-923b-53e8a9791636@group-CC876D3FFD49-LeaderElection107] INFO  server.RaftServerConfigKeys (ConfUtils.java:logGet(46)) - raft.server.write.element-limit = 1024 (custom)
2024-04-29 10:07:50,659 [29872338-e6e3-4ec5-923b-53e8a9791636@group-CC876D3FFD49-LeaderElection107] INFO  server.RaftServerConfigKeys (ConfUtils.java:logGet(46)) - raft.server.write.follower.gap.ratio.max = -1.0 (default)
2024-04-29 10:07:50,659 [29872338-e6e3-4ec5-923b-53e8a9791636@group-CC876D3FFD49-LeaderElection107] INFO  impl.RoleInfo (RoleInfo.java:updateAndGet(139)) - 29872338-e6e3-4ec5-923b-53e8a9791636: start 29872338-e6e3-4ec5-923b-53e8a9791636@group-CC876D3FFD49-LeaderStateImpl
2024-04-29 10:07:50,659 [29872338-e6e3-4ec5-923b-53e8a9791636@group-CC876D3FFD49-LeaderElection107] INFO  server.RaftServer$Division (RaftServerImpl.java:setFirstElection(574)) - 29872338-e6e3-4ec5-923b-53e8a9791636@group-CC876D3FFD49: set firstElectionSinceStartup to false for becomeLeader
2024-04-29 10:07:50,659 [29872338-e6e3-4ec5-923b-53e8a9791636@group-CC876D3FFD49-LeaderElection107] INFO  ratis.XceiverServerRatis (XceiverServerRatis.java:handleLeaderChangedNotification(966)) - Leader change notification received for group: group-CC876D3FFD49 with new leaderId: 29872338-e6e3-4ec5-923b-53e8a9791636
2024-04-29 10:07:50,659 [29872338-e6e3-4ec5-923b-53e8a9791636@group-CC876D3FFD49-LeaderElection107] INFO  server.RaftServer$Division (ServerState.java:setLeader(269)) - 29872338-e6e3-4ec5-923b-53e8a9791636@group-CC876D3FFD49: change Leader from null to 29872338-e6e3-4ec5-923b-53e8a9791636 at term 1 for becomeLeader, leader elected after 5165ms
2024-04-29 10:07:50,659 [29872338-e6e3-4ec5-923b-53e8a9791636@group-CC876D3FFD49-LeaderElection107] INFO  segmented.SegmentedRaftLogWorker (SegmentedRaftLogWorker.java:startLogSegment(430)) - 29872338-e6e3-4ec5-923b-53e8a9791636@group-CC876D3FFD49-SegmentedRaftLogWorker: Starting segment from index:0
2024-04-29 10:07:50,659 [29872338-e6e3-4ec5-923b-53e8a9791636@group-CC876D3FFD49-SegmentedRaftLogWorker] INFO  segmented.BufferedWriteChannel (BufferedWriteChannel.java:open(62)) - open log_inprogress_0 at position 0
2024-04-29 10:07:50,662 [grpc-default-executor-8] INFO  server.RaftServer$Division (RaftServerImpl.java:requestVote(1389)) - d62b1b2a-c9ad-4d76-9b36-24bd1a5a2aa1@group-3BD7D644AE46: receive requestVote(PRE_VOTE, 1f92b403-6a1c-4076-80c0-09f74f2f4297, group-3BD7D644AE46, 0, (t:0, i:0))
2024-04-29 10:07:50,662 [grpc-default-executor-8] INFO  impl.VoteContext (VoteContext.java:log(49)) - d62b1b2a-c9ad-4d76-9b36-24bd1a5a2aa1@group-3BD7D644AE46-FOLLOWER: accept PRE_VOTE from 1f92b403-6a1c-4076-80c0-09f74f2f4297: our priority 0 <= candidate's priority 1
2024-04-29 10:07:50,662 [grpc-default-executor-8] INFO  server.RaftServer$Division (RaftServerImpl.java:requestVote(1422)) - d62b1b2a-c9ad-4d76-9b36-24bd1a5a2aa1@group-3BD7D644AE46 replies to PRE_VOTE vote request: 1f92b403-6a1c-4076-80c0-09f74f2f4297<-d62b1b2a-c9ad-4d76-9b36-24bd1a5a2aa1#0:OK-t0. Peer's state: d62b1b2a-c9ad-4d76-9b36-24bd1a5a2aa1@group-3BD7D644AE46:t0, leader=null, voted=, raftlog=Memoized:d62b1b2a-c9ad-4d76-9b36-24bd1a5a2aa1@group-3BD7D644AE46-SegmentedRaftLog:OPENED:c-1, conf=-1: peers:[d62b1b2a-c9ad-4d76-9b36-24bd1a5a2aa1|127.0.0.1:15602, 29872338-e6e3-4ec5-923b-53e8a9791636|127.0.0.1:15611, 1f92b403-6a1c-4076-80c0-09f74f2f4297|127.0.0.1:15620]|listeners:[], old=null
2024-04-29 10:07:50,662 [29872338-e6e3-4ec5-923b-53e8a9791636@group-CC876D3FFD49-LeaderElection107] INFO  server.RaftServer$Division (ServerState.java:setRaftConf(386)) - 29872338-e6e3-4ec5-923b-53e8a9791636@group-CC876D3FFD49: set configuration 0: peers:[29872338-e6e3-4ec5-923b-53e8a9791636|127.0.0.1:15611]|listeners:[], old=null
2024-04-29 10:07:50,663 [grpc-default-executor-8] INFO  server.RaftServer$Division (RaftServerImpl.java:requestVote(1389)) - 29872338-e6e3-4ec5-923b-53e8a9791636@group-3BD7D644AE46: receive requestVote(PRE_VOTE, 1f92b403-6a1c-4076-80c0-09f74f2f4297, group-3BD7D644AE46, 0, (t:0, i:0))
2024-04-29 10:07:50,663 [grpc-default-executor-8] INFO  impl.VoteContext (VoteContext.java:log(49)) - 29872338-e6e3-4ec5-923b-53e8a9791636@group-3BD7D644AE46-FOLLOWER: accept PRE_VOTE from 1f92b403-6a1c-4076-80c0-09f74f2f4297: our priority 0 <= candidate's priority 1
2024-04-29 10:07:50,663 [grpc-default-executor-8] INFO  server.RaftServer$Division (RaftServerImpl.java:requestVote(1422)) - 29872338-e6e3-4ec5-923b-53e8a9791636@group-3BD7D644AE46 replies to PRE_VOTE vote request: 1f92b403-6a1c-4076-80c0-09f74f2f4297<-29872338-e6e3-4ec5-923b-53e8a9791636#0:OK-t0. Peer's state: 29872338-e6e3-4ec5-923b-53e8a9791636@group-3BD7D644AE46:t0, leader=null, voted=, raftlog=Memoized:29872338-e6e3-4ec5-923b-53e8a9791636@group-3BD7D644AE46-SegmentedRaftLog:OPENED:c-1, conf=-1: peers:[d62b1b2a-c9ad-4d76-9b36-24bd1a5a2aa1|127.0.0.1:15602, 29872338-e6e3-4ec5-923b-53e8a9791636|127.0.0.1:15611, 1f92b403-6a1c-4076-80c0-09f74f2f4297|127.0.0.1:15620]|listeners:[], old=null
2024-04-29 10:07:50,663 [1f92b403-6a1c-4076-80c0-09f74f2f4297@group-3BD7D644AE46-LeaderElection108] INFO  impl.LeaderElection (LeaderElection.java:logAndReturn(89)) - 1f92b403-6a1c-4076-80c0-09f74f2f4297@group-3BD7D644AE46-LeaderElection108: PRE_VOTE PASSED received 1 response(s) and 0 exception(s):
2024-04-29 10:07:50,663 [1f92b403-6a1c-4076-80c0-09f74f2f4297@group-3BD7D644AE46-LeaderElection108] INFO  impl.LeaderElection (LeaderElection.java:logAndReturn(93)) -   Response 0: 1f92b403-6a1c-4076-80c0-09f74f2f4297<-d62b1b2a-c9ad-4d76-9b36-24bd1a5a2aa1#0:OK-t0
2024-04-29 10:07:50,663 [1f92b403-6a1c-4076-80c0-09f74f2f4297@group-3BD7D644AE46-LeaderElection108] INFO  impl.LeaderElection (LeaderElection.java:askForVotes(323)) - 1f92b403-6a1c-4076-80c0-09f74f2f4297@group-3BD7D644AE46-LeaderElection108 PRE_VOTE round 0: result PASSED
2024-04-29 10:07:50,666 [1f92b403-6a1c-4076-80c0-09f74f2f4297@group-3BD7D644AE46-LeaderElection108] INFO  impl.LeaderElection (LeaderElection.java:askForVotes(321)) - 1f92b403-6a1c-4076-80c0-09f74f2f4297@group-3BD7D644AE46-LeaderElection108 ELECTION round 0: submit vote requests at term 1 for -1: peers:[d62b1b2a-c9ad-4d76-9b36-24bd1a5a2aa1|127.0.0.1:15602, 29872338-e6e3-4ec5-923b-53e8a9791636|127.0.0.1:15611, 1f92b403-6a1c-4076-80c0-09f74f2f4297|127.0.0.1:15620]|listeners:[], old=null
2024-04-29 10:07:50,667 [1f92b403-6a1c-4076-80c0-09f74f2f4297@group-3BD7D644AE46-LeaderElection108] INFO  server.RaftServerConfigKeys (ConfUtils.java:logFallback(53)) - raft.server.rpc.first-election.timeout.min = 5s (fallback to raft.server.rpc.timeout.min)
2024-04-29 10:07:50,667 [1f92b403-6a1c-4076-80c0-09f74f2f4297@group-3BD7D644AE46-LeaderElection108] INFO  server.RaftServerConfigKeys (ConfUtils.java:logFallback(53)) - raft.server.rpc.first-election.timeout.max = 5200ms (fallback to raft.server.rpc.timeout.max)
2024-04-29 10:07:50,667 [29872338-e6e3-4ec5-923b-53e8a9791636@group-CC876D3FFD49-SegmentedRaftLogWorker] INFO  segmented.SegmentedRaftLogWorker (SegmentedRaftLogWorker.java:execute(634)) - 29872338-e6e3-4ec5-923b-53e8a9791636@group-CC876D3FFD49-SegmentedRaftLogWorker: created new log segment /home/runner/work/ozone/ozone/hadoop-ozone/integration-test/target/test-dir/MiniOzoneClusterImpl-b29d8e3c-9ac1-4bd8-916d-9a49b4a73262/ozone-meta/datanode-8/ratis/b77868b8-cee7-4a10-b41b-cc876d3ffd49/current/log_inprogress_0
2024-04-29 10:07:50,668 [grpc-default-executor-8] INFO  server.RaftServer$Division (RaftServerImpl.java:requestVote(1389)) - 29872338-e6e3-4ec5-923b-53e8a9791636@group-3BD7D644AE46: receive requestVote(ELECTION, 1f92b403-6a1c-4076-80c0-09f74f2f4297, group-3BD7D644AE46, 1, (t:0, i:0))
2024-04-29 10:07:50,668 [grpc-default-executor-8] INFO  impl.VoteContext (VoteContext.java:log(49)) - 29872338-e6e3-4ec5-923b-53e8a9791636@group-3BD7D644AE46-FOLLOWER: accept ELECTION from 1f92b403-6a1c-4076-80c0-09f74f2f4297: our priority 0 <= candidate's priority 1
2024-04-29 10:07:50,668 [grpc-default-executor-8] INFO  server.RaftServer$Division (RaftServerImpl.java:setRole(383)) - 29872338-e6e3-4ec5-923b-53e8a9791636@group-3BD7D644AE46: changes role from  FOLLOWER to FOLLOWER at term 1 for candidate:1f92b403-6a1c-4076-80c0-09f74f2f4297
2024-04-29 10:07:50,668 [grpc-default-executor-8] INFO  impl.RoleInfo (RoleInfo.java:shutdownFollowerState(110)) - 29872338-e6e3-4ec5-923b-53e8a9791636: shutdown 29872338-e6e3-4ec5-923b-53e8a9791636@group-3BD7D644AE46-FollowerState
2024-04-29 10:07:50,668 [grpc-default-executor-8] INFO  impl.RoleInfo (RoleInfo.java:updateAndGet(139)) - 29872338-e6e3-4ec5-923b-53e8a9791636: start 29872338-e6e3-4ec5-923b-53e8a9791636@group-3BD7D644AE46-FollowerState
2024-04-29 10:07:50,668 [29872338-e6e3-4ec5-923b-53e8a9791636@group-3BD7D644AE46-FollowerState] INFO  impl.FollowerState (FollowerState.java:run(152)) - 29872338-e6e3-4ec5-923b-53e8a9791636@group-3BD7D644AE46-FollowerState was interrupted
2024-04-29 10:07:50,668 [grpc-default-executor-8] INFO  server.RaftServer$Division (RaftServerImpl.java:setFirstElection(574)) - 29872338-e6e3-4ec5-923b-53e8a9791636@group-3BD7D644AE46: set firstElectionSinceStartup to false for candidate:1f92b403-6a1c-4076-80c0-09f74f2f4297
2024-04-29 10:07:50,668 [grpc-default-executor-1] INFO  server.RaftServer$Division (RaftServerImpl.java:requestVote(1389)) - d62b1b2a-c9ad-4d76-9b36-24bd1a5a2aa1@group-3BD7D644AE46: receive requestVote(ELECTION, 1f92b403-6a1c-4076-80c0-09f74f2f4297, group-3BD7D644AE46, 1, (t:0, i:0))
2024-04-29 10:07:50,668 [grpc-default-executor-1] INFO  impl.VoteContext (VoteContext.java:log(49)) - d62b1b2a-c9ad-4d76-9b36-24bd1a5a2aa1@group-3BD7D644AE46-FOLLOWER: accept ELECTION from 1f92b403-6a1c-4076-80c0-09f74f2f4297: our priority 0 <= candidate's priority 1
2024-04-29 10:07:50,668 [grpc-default-executor-1] INFO  server.RaftServer$Division (RaftServerImpl.java:setRole(383)) - d62b1b2a-c9ad-4d76-9b36-24bd1a5a2aa1@group-3BD7D644AE46: changes role from  FOLLOWER to FOLLOWER at term 1 for candidate:1f92b403-6a1c-4076-80c0-09f74f2f4297
2024-04-29 10:07:50,668 [grpc-default-executor-1] INFO  impl.RoleInfo (RoleInfo.java:shutdownFollowerState(110)) - d62b1b2a-c9ad-4d76-9b36-24bd1a5a2aa1: shutdown d62b1b2a-c9ad-4d76-9b36-24bd1a5a2aa1@group-3BD7D644AE46-FollowerState
2024-04-29 10:07:50,669 [grpc-default-executor-1] INFO  impl.RoleInfo (RoleInfo.java:updateAndGet(139)) - d62b1b2a-c9ad-4d76-9b36-24bd1a5a2aa1: start d62b1b2a-c9ad-4d76-9b36-24bd1a5a2aa1@group-3BD7D644AE46-FollowerState
2024-04-29 10:07:50,669 [d62b1b2a-c9ad-4d76-9b36-24bd1a5a2aa1@group-3BD7D644AE46-FollowerState] INFO  impl.FollowerState (FollowerState.java:run(152)) - d62b1b2a-c9ad-4d76-9b36-24bd1a5a2aa1@group-3BD7D644AE46-FollowerState was interrupted
2024-04-29 10:07:50,669 [29872338-e6e3-4ec5-923b-53e8a9791636@group-CC876D3FFD49-StateMachineUpdater] INFO  server.RaftServer$Division (LeaderStateImpl.java:isApplied(320)) - leader is ready since appliedIndex == 0 >= startIndex == 0
2024-04-29 10:07:50,671 [grpc-default-executor-8] INFO  server.RaftServer$Division (RaftServerImpl.java:requestVote(1422)) - 29872338-e6e3-4ec5-923b-53e8a9791636@group-3BD7D644AE46 replies to ELECTION vote request: 1f92b403-6a1c-4076-80c0-09f74f2f4297<-29872338-e6e3-4ec5-923b-53e8a9791636#0:OK-t1. Peer's state: 29872338-e6e3-4ec5-923b-53e8a9791636@group-3BD7D644AE46:t1, leader=null, voted=1f92b403-6a1c-4076-80c0-09f74f2f4297, raftlog=Memoized:29872338-e6e3-4ec5-923b-53e8a9791636@group-3BD7D644AE46-SegmentedRaftLog:OPENED:c-1, conf=-1: peers:[d62b1b2a-c9ad-4d76-9b36-24bd1a5a2aa1|127.0.0.1:15602, 29872338-e6e3-4ec5-923b-53e8a9791636|127.0.0.1:15611, 1f92b403-6a1c-4076-80c0-09f74f2f4297|127.0.0.1:15620]|listeners:[], old=null
2024-04-29 10:07:50,671 [1f92b403-6a1c-4076-80c0-09f74f2f4297@group-3BD7D644AE46-LeaderElection108] INFO  impl.LeaderElection (LeaderElection.java:logAndReturn(89)) - 1f92b403-6a1c-4076-80c0-09f74f2f4297@group-3BD7D644AE46-LeaderElection108: ELECTION PASSED received 1 response(s) and 0 exception(s):
2024-04-29 10:07:50,671 [1f92b403-6a1c-4076-80c0-09f74f2f4297@group-3BD7D644AE46-LeaderElection108] INFO  impl.LeaderElection (LeaderElection.java:logAndReturn(93)) -   Response 0: 1f92b403-6a1c-4076-80c0-09f74f2f4297<-29872338-e6e3-4ec5-923b-53e8a9791636#0:OK-t1
2024-04-29 10:07:50,671 [1f92b403-6a1c-4076-80c0-09f74f2f4297@group-3BD7D644AE46-LeaderElection108] INFO  impl.LeaderElection (LeaderElection.java:askForVotes(323)) - 1f92b403-6a1c-4076-80c0-09f74f2f4297@group-3BD7D644AE46-LeaderElection108 ELECTION round 0: result PASSED
2024-04-29 10:07:50,671 [1f92b403-6a1c-4076-80c0-09f74f2f4297@group-3BD7D644AE46-LeaderElection108] INFO  impl.RoleInfo (RoleInfo.java:shutdownLeaderElection(130)) - 1f92b403-6a1c-4076-80c0-09f74f2f4297: shutdown 1f92b403-6a1c-4076-80c0-09f74f2f4297@group-3BD7D644AE46-LeaderElection108
2024-04-29 10:07:50,671 [1f92b403-6a1c-4076-80c0-09f74f2f4297@group-3BD7D644AE46-LeaderElection108] INFO  server.RaftServer$Division (RaftServerImpl.java:setRole(383)) - 1f92b403-6a1c-4076-80c0-09f74f2f4297@group-3BD7D644AE46: changes role from CANDIDATE to LEADER at term 1 for changeToLeader
2024-04-29 10:07:50,671 [1f92b403-6a1c-4076-80c0-09f74f2f4297@group-3BD7D644AE46-LeaderElection108] INFO  server.RaftServerConfigKeys (ConfUtils.java:logGet(46)) - raft.server.staging.catchup.gap = 1000 (default)
2024-04-29 10:07:50,671 [1f92b403-6a1c-4076-80c0-09f74f2f4297@group-3BD7D644AE46-LeaderElection108] INFO  server.RaftServerConfigKeys (ConfUtils.java:logGet(46)) - raft.server.write.element-limit = 1024 (custom)
2024-04-29 10:07:50,671 [1f92b403-6a1c-4076-80c0-09f74f2f4297@group-3BD7D644AE46-LeaderElection108] INFO  server.RaftServerConfigKeys (ConfUtils.java:logGet(46)) - raft.server.write.byte-limit = 1024 M (=1073741824) (custom)
2024-04-29 10:07:50,671 [1f92b403-6a1c-4076-80c0-09f74f2f4297@group-3BD7D644AE46-LeaderElection108] INFO  server.RaftServerConfigKeys (ConfUtils.java:logGet(46)) - raft.server.watch.timeout = 3000ms (custom)
2024-04-29 10:07:50,671 [1f92b403-6a1c-4076-80c0-09f74f2f4297@group-3BD7D644AE46-LeaderElection108] INFO  server.RaftServerConfigKeys (ConfUtils.java:logGet(46)) - raft.server.watch.timeout.denomination = 1s (default)
2024-04-29 10:07:50,671 [1f92b403-6a1c-4076-80c0-09f74f2f4297@group-3BD7D644AE46-LeaderElection108] INFO  server.RaftServerConfigKeys (ConfUtils.java:logGet(46)) - raft.server.watch.element-limit = 65536 (default)
2024-04-29 10:07:50,671 [1f92b403-6a1c-4076-80c0-09f74f2f4297@group-3BD7D644AE46-LeaderElection108] INFO  server.RaftServerConfigKeys (ConfUtils.java:logGet(46)) - raft.server.read.leader.lease.enabled = false (default)
2024-04-29 10:07:50,671 [1f92b403-6a1c-4076-80c0-09f74f2f4297@group-3BD7D644AE46-LeaderElection108] INFO  server.RaftServerConfigKeys (ConfUtils.java:logGet(46)) - raft.server.read.leader.lease.timeout.ratio = 0.9 (default)
2024-04-29 10:07:50,671 [1f92b403-6a1c-4076-80c0-09f74f2f4297@group-3BD7D644AE46-LeaderElection108] INFO  server.RaftServerConfigKeys (ConfUtils.java:logGet(46)) - raft.server.rpc.timeout.min = 5s (custom)
2024-04-29 10:07:50,671 [1f92b403-6a1c-4076-80c0-09f74f2f4297@group-3BD7D644AE46-LeaderElection108] INFO  server.RaftServerConfigKeys (ConfUtils.java:logGet(46)) - raft.server.write.element-limit = 1024 (custom)
2024-04-29 10:07:50,671 [1f92b403-6a1c-4076-80c0-09f74f2f4297@group-3BD7D644AE46-LeaderElection108] INFO  server.RaftServerConfigKeys (ConfUtils.java:logGet(46)) - raft.server.write.follower.gap.ratio.max = -1.0 (default)
2024-04-29 10:07:50,672 [1f92b403-6a1c-4076-80c0-09f74f2f4297@group-3BD7D644AE46-LeaderElection108] INFO  server.RaftServerConfigKeys (ConfUtils.java:logGet(46)) - raft.server.log.appender.snapshot.chunk.size.max = 16MB (=16777216) (default)
2024-04-29 10:07:50,672 [1f92b403-6a1c-4076-80c0-09f74f2f4297@group-3BD7D644AE46-LeaderElection108] INFO  server.RaftServerConfigKeys (ConfUtils.java:logGet(46)) - raft.server.log.appender.buffer.byte-limit = 8388608 (custom)
2024-04-29 10:07:50,672 [1f92b403-6a1c-4076-80c0-09f74f2f4297@group-3BD7D644AE46-LeaderElection108] INFO  server.RaftServerConfigKeys (ConfUtils.java:logGet(46)) - raft.server.log.appender.buffer.element-limit = 1 (custom)
2024-04-29 10:07:50,672 [1f92b403-6a1c-4076-80c0-09f74f2f4297@group-3BD7D644AE46-LeaderElection108] INFO  server.RaftServerConfigKeys (ConfUtils.java:logGet(46)) - raft.server.log.appender.wait-time.min = 0ms (custom)
2024-04-29 10:07:50,672 [1f92b403-6a1c-4076-80c0-09f74f2f4297@group-3BD7D644AE46-LeaderElection108] INFO  grpc.GrpcConfigKeys (ConfUtils.java:logGet(46)) - raft.grpc.server.leader.outstanding.appends.max = 8 (default)
2024-04-29 10:07:50,672 [1f92b403-6a1c-4076-80c0-09f74f2f4297@group-3BD7D644AE46-LeaderElection108] INFO  server.RaftServerConfigKeys (ConfUtils.java:logGet(46)) - raft.server.rpc.request.timeout = 3000ms (default)
2024-04-29 10:07:50,672 [1f92b403-6a1c-4076-80c0-09f74f2f4297@group-3BD7D644AE46-LeaderElection108] INFO  grpc.GrpcConfigKeys (ConfUtils.java:logGet(46)) - raft.grpc.server.install_snapshot.request.element-limit = 8 (default)
2024-04-29 10:07:50,672 [1f92b403-6a1c-4076-80c0-09f74f2f4297@group-3BD7D644AE46-LeaderElection108] INFO  grpc.GrpcConfigKeys (ConfUtils.java:logGet(46)) - raft.grpc.server.install_snapshot.request.timeout = 3000ms (default)
2024-04-29 10:07:50,672 [1f92b403-6a1c-4076-80c0-09f74f2f4297@group-3BD7D644AE46-LeaderElection108] INFO  grpc.GrpcConfigKeys (ConfUtils.java:logGet(46)) - raft.grpc.server.log-message.batch.duration = 5s (default)
2024-04-29 10:07:50,672 [1f92b403-6a1c-4076-80c0-09f74f2f4297@group-3BD7D644AE46-LeaderElection108] INFO  server.RaftServerConfigKeys (ConfUtils.java:logGet(46)) - raft.server.log.appender.install.snapshot.enabled = false (custom)
2024-04-29 10:07:50,672 [1f92b403-6a1c-4076-80c0-09f74f2f4297@group-3BD7D644AE46-LeaderElection108] INFO  grpc.GrpcConfigKeys (ConfUtils.java:logGet(46)) - raft.grpc.server.heartbeat.channel = true (default)
2024-04-29 10:07:50,673 [1f92b403-6a1c-4076-80c0-09f74f2f4297@group-3BD7D644AE46-LeaderElection108] INFO  server.RaftServerConfigKeys (ConfUtils.java:logGet(46)) - raft.server.log.appender.snapshot.chunk.size.max = 16MB (=16777216) (default)
2024-04-29 10:07:50,673 [1f92b403-6a1c-4076-80c0-09f74f2f4297@group-3BD7D644AE46-LeaderElection108] INFO  server.RaftServerConfigKeys (ConfUtils.java:logGet(46)) - raft.server.log.appender.buffer.byte-limit = 8388608 (custom)
2024-04-29 10:07:50,673 [1f92b403-6a1c-4076-80c0-09f74f2f4297@group-3BD7D644AE46-LeaderElection108] INFO  server.RaftServerConfigKeys (ConfUtils.java:logGet(46)) - raft.server.log.appender.buffer.element-limit = 1 (custom)
2024-04-29 10:07:50,673 [1f92b403-6a1c-4076-80c0-09f74f2f4297@group-3BD7D644AE46-LeaderElection108] INFO  server.RaftServerConfigKeys (ConfUtils.java:logGet(46)) - raft.server.log.appender.wait-time.min = 0ms (custom)
2024-04-29 10:07:50,673 [1f92b403-6a1c-4076-80c0-09f74f2f4297@group-3BD7D644AE46-LeaderElection108] INFO  grpc.GrpcConfigKeys (ConfUtils.java:logGet(46)) - raft.grpc.server.leader.outstanding.appends.max = 8 (default)
2024-04-29 10:07:50,673 [1f92b403-6a1c-4076-80c0-09f74f2f4297@group-3BD7D644AE46-LeaderElection108] INFO  server.RaftServerConfigKeys (ConfUtils.java:logGet(46)) - raft.server.rpc.request.timeout = 3000ms (default)
2024-04-29 10:07:50,673 [1f92b403-6a1c-4076-80c0-09f74f2f4297@group-3BD7D644AE46-LeaderElection108] INFO  grpc.GrpcConfigKeys (ConfUtils.java:logGet(46)) - raft.grpc.server.install_snapshot.request.element-limit = 8 (default)
2024-04-29 10:07:50,673 [1f92b403-6a1c-4076-80c0-09f74f2f4297@group-3BD7D644AE46-LeaderElection108] INFO  grpc.GrpcConfigKeys (ConfUtils.java:logGet(46)) - raft.grpc.server.install_snapshot.request.timeout = 3000ms (default)
2024-04-29 10:07:50,673 [1f92b403-6a1c-4076-80c0-09f74f2f4297@group-3BD7D644AE46-LeaderElection108] INFO  grpc.GrpcConfigKeys (ConfUtils.java:logGet(46)) - raft.grpc.server.log-message.batch.duration = 5s (default)
2024-04-29 10:07:50,673 [1f92b403-6a1c-4076-80c0-09f74f2f4297@group-3BD7D644AE46-LeaderElection108] INFO  server.RaftServerConfigKeys (ConfUtils.java:logGet(46)) - raft.server.log.appender.install.snapshot.enabled = false (custom)
2024-04-29 10:07:50,673 [1f92b403-6a1c-4076-80c0-09f74f2f4297@group-3BD7D644AE46-LeaderElection108] INFO  grpc.GrpcConfigKeys (ConfUtils.java:logGet(46)) - raft.grpc.server.heartbeat.channel = true (default)
2024-04-29 10:07:50,673 [1f92b403-6a1c-4076-80c0-09f74f2f4297@group-3BD7D644AE46-LeaderElection108] INFO  impl.RoleInfo (RoleInfo.java:updateAndGet(139)) - 1f92b403-6a1c-4076-80c0-09f74f2f4297: start 1f92b403-6a1c-4076-80c0-09f74f2f4297@group-3BD7D644AE46-LeaderStateImpl
2024-04-29 10:07:50,673 [1f92b403-6a1c-4076-80c0-09f74f2f4297@group-3BD7D644AE46-LeaderElection108] INFO  server.RaftServer$Division (RaftServerImpl.java:setFirstElection(574)) - 1f92b403-6a1c-4076-80c0-09f74f2f4297@group-3BD7D644AE46: set firstElectionSinceStartup to false for becomeLeader
2024-04-29 10:07:50,673 [1f92b403-6a1c-4076-80c0-09f74f2f4297@group-3BD7D644AE46-LeaderElection108] INFO  ratis.XceiverServerRatis (XceiverServerRatis.java:handleLeaderChangedNotification(966)) - Leader change notification received for group: group-3BD7D644AE46 with new leaderId: 1f92b403-6a1c-4076-80c0-09f74f2f4297
2024-04-29 10:07:50,673 [1f92b403-6a1c-4076-80c0-09f74f2f4297@group-3BD7D644AE46-LeaderElection108] INFO  server.RaftServer$Division (ServerState.java:setLeader(269)) - 1f92b403-6a1c-4076-80c0-09f74f2f4297@group-3BD7D644AE46: change Leader from null to 1f92b403-6a1c-4076-80c0-09f74f2f4297 at term 1 for becomeLeader, leader elected after 5192ms
2024-04-29 10:07:50,673 [1f92b403-6a1c-4076-80c0-09f74f2f4297@group-3BD7D644AE46-LeaderElection108] INFO  segmented.SegmentedRaftLogWorker (SegmentedRaftLogWorker.java:startLogSegment(430)) - 1f92b403-6a1c-4076-80c0-09f74f2f4297@group-3BD7D644AE46-SegmentedRaftLogWorker: Starting segment from index:0
2024-04-29 10:07:50,673 [1f92b403-6a1c-4076-80c0-09f74f2f4297@group-3BD7D644AE46-LeaderElection108] INFO  server.RaftServer$Division (ServerState.java:setRaftConf(386)) - 1f92b403-6a1c-4076-80c0-09f74f2f4297@group-3BD7D644AE46: set configuration 0: peers:[d62b1b2a-c9ad-4d76-9b36-24bd1a5a2aa1|127.0.0.1:15602, 29872338-e6e3-4ec5-923b-53e8a9791636|127.0.0.1:15611, 1f92b403-6a1c-4076-80c0-09f74f2f4297|127.0.0.1:15620]|listeners:[], old=null
2024-04-29 10:07:50,674 [1f92b403-6a1c-4076-80c0-09f74f2f4297@group-3BD7D644AE46-SegmentedRaftLogWorker] INFO  segmented.BufferedWriteChannel (BufferedWriteChannel.java:open(62)) - open log_inprogress_0 at position 0
2024-04-29 10:07:50,674 [EventQueue-PipelineReportForPipelineReportHandler] INFO  pipeline.PipelineReportHandler (PipelineReportHandler.java:processPipelineReport(136)) - Opened pipeline PipelineID=469e50ad-6cde-4a23-a4d7-3bd7d644ae46
2024-04-29 10:07:50,671 [grpc-default-executor-1] INFO  server.RaftServer$Division (RaftServerImpl.java:requestVote(1422)) - d62b1b2a-c9ad-4d76-9b36-24bd1a5a2aa1@group-3BD7D644AE46 replies to ELECTION vote request: 1f92b403-6a1c-4076-80c0-09f74f2f4297<-d62b1b2a-c9ad-4d76-9b36-24bd1a5a2aa1#0:OK-t1. Peer's state: d62b1b2a-c9ad-4d76-9b36-24bd1a5a2aa1@group-3BD7D644AE46:t1, leader=null, voted=1f92b403-6a1c-4076-80c0-09f74f2f4297, raftlog=Memoized:d62b1b2a-c9ad-4d76-9b36-24bd1a5a2aa1@group-3BD7D644AE46-SegmentedRaftLog:OPENED:c-1, conf=-1: peers:[d62b1b2a-c9ad-4d76-9b36-24bd1a5a2aa1|127.0.0.1:15602, 29872338-e6e3-4ec5-923b-53e8a9791636|127.0.0.1:15611, 1f92b403-6a1c-4076-80c0-09f74f2f4297|127.0.0.1:15620]|listeners:[], old=null
2024-04-29 10:07:50,680 [1f92b403-6a1c-4076-80c0-09f74f2f4297@group-3BD7D644AE46-SegmentedRaftLogWorker] INFO  segmented.SegmentedRaftLogWorker (SegmentedRaftLogWorker.java:execute(634)) - 1f92b403-6a1c-4076-80c0-09f74f2f4297@group-3BD7D644AE46-SegmentedRaftLogWorker: created new log segment /home/runner/work/ozone/ozone/hadoop-ozone/integration-test/target/test-dir/MiniOzoneClusterImpl-b29d8e3c-9ac1-4bd8-916d-9a49b4a73262/ozone-meta/datanode-9/ratis/469e50ad-6cde-4a23-a4d7-3bd7d644ae46/current/log_inprogress_0
2024-04-29 10:07:50,686 [d62b1b2a-c9ad-4d76-9b36-24bd1a5a2aa1-server-thread1] INFO  ratis.XceiverServerRatis (XceiverServerRatis.java:handleLeaderChangedNotification(966)) - Leader change notification received for group: group-3BD7D644AE46 with new leaderId: 1f92b403-6a1c-4076-80c0-09f74f2f4297
2024-04-29 10:07:50,686 [29872338-e6e3-4ec5-923b-53e8a9791636-server-thread1] INFO  ratis.XceiverServerRatis (XceiverServerRatis.java:handleLeaderChangedNotification(966)) - Leader change notification received for group: group-3BD7D644AE46 with new leaderId: 1f92b403-6a1c-4076-80c0-09f74f2f4297
2024-04-29 10:07:50,686 [d62b1b2a-c9ad-4d76-9b36-24bd1a5a2aa1-server-thread1] INFO  server.RaftServer$Division (ServerState.java:setLeader(269)) - d62b1b2a-c9ad-4d76-9b36-24bd1a5a2aa1@group-3BD7D644AE46: change Leader from null to 1f92b403-6a1c-4076-80c0-09f74f2f4297 at term 1 for appendEntries, leader elected after 5221ms
2024-04-29 10:07:50,686 [29872338-e6e3-4ec5-923b-53e8a9791636-server-thread1] INFO  server.RaftServer$Division (ServerState.java:setLeader(269)) - 29872338-e6e3-4ec5-923b-53e8a9791636@group-3BD7D644AE46: change Leader from null to 1f92b403-6a1c-4076-80c0-09f74f2f4297 at term 1 for appendEntries, leader elected after 5188ms
2024-04-29 10:07:50,687 [29872338-e6e3-4ec5-923b-53e8a9791636-server-thread2] INFO  server.RaftServer$Division (ServerState.java:setRaftConf(386)) - 29872338-e6e3-4ec5-923b-53e8a9791636@group-3BD7D644AE46: set configuration 0: peers:[d62b1b2a-c9ad-4d76-9b36-24bd1a5a2aa1|127.0.0.1:15602, 29872338-e6e3-4ec5-923b-53e8a9791636|127.0.0.1:15611, 1f92b403-6a1c-4076-80c0-09f74f2f4297|127.0.0.1:15620]|listeners:[], old=null
2024-04-29 10:07:50,687 [d62b1b2a-c9ad-4d76-9b36-24bd1a5a2aa1-server-thread2] INFO  server.RaftServer$Division (ServerState.java:setRaftConf(386)) - d62b1b2a-c9ad-4d76-9b36-24bd1a5a2aa1@group-3BD7D644AE46: set configuration 0: peers:[d62b1b2a-c9ad-4d76-9b36-24bd1a5a2aa1|127.0.0.1:15602, 29872338-e6e3-4ec5-923b-53e8a9791636|127.0.0.1:15611, 1f92b403-6a1c-4076-80c0-09f74f2f4297|127.0.0.1:15620]|listeners:[], old=null
2024-04-29 10:07:50,687 [29872338-e6e3-4ec5-923b-53e8a9791636-server-thread2] INFO  segmented.SegmentedRaftLogWorker (SegmentedRaftLogWorker.java:startLogSegment(430)) - 29872338-e6e3-4ec5-923b-53e8a9791636@group-3BD7D644AE46-SegmentedRaftLogWorker: Starting segment from index:0
2024-04-29 10:07:50,687 [d62b1b2a-c9ad-4d76-9b36-24bd1a5a2aa1-server-thread2] INFO  segmented.SegmentedRaftLogWorker (SegmentedRaftLogWorker.java:startLogSegment(430)) - d62b1b2a-c9ad-4d76-9b36-24bd1a5a2aa1@group-3BD7D644AE46-SegmentedRaftLogWorker: Starting segment from index:0
2024-04-29 10:07:50,688 [29872338-e6e3-4ec5-923b-53e8a9791636@group-3BD7D644AE46-SegmentedRaftLogWorker] INFO  segmented.BufferedWriteChannel (BufferedWriteChannel.java:open(62)) - open log_inprogress_0 at position 0
2024-04-29 10:07:50,688 [d62b1b2a-c9ad-4d76-9b36-24bd1a5a2aa1@group-3BD7D644AE46-SegmentedRaftLogWorker] INFO  segmented.BufferedWriteChannel (BufferedWriteChannel.java:open(62)) - open log_inprogress_0 at position 0
2024-04-29 10:07:50,698 [d62b1b2a-c9ad-4d76-9b36-24bd1a5a2aa1@group-3BD7D644AE46-SegmentedRaftLogWorker] INFO  segmented.SegmentedRaftLogWorker (SegmentedRaftLogWorker.java:execute(634)) - d62b1b2a-c9ad-4d76-9b36-24bd1a5a2aa1@group-3BD7D644AE46-SegmentedRaftLogWorker: created new log segment /home/runner/work/ozone/ozone/hadoop-ozone/integration-test/target/test-dir/MiniOzoneClusterImpl-b29d8e3c-9ac1-4bd8-916d-9a49b4a73262/ozone-meta/datanode-7/ratis/469e50ad-6cde-4a23-a4d7-3bd7d644ae46/current/log_inprogress_0
2024-04-29 10:07:50,699 [29872338-e6e3-4ec5-923b-53e8a9791636@group-3BD7D644AE46-SegmentedRaftLogWorker] INFO  segmented.SegmentedRaftLogWorker (SegmentedRaftLogWorker.java:execute(634)) - 29872338-e6e3-4ec5-923b-53e8a9791636@group-3BD7D644AE46-SegmentedRaftLogWorker: created new log segment /home/runner/work/ozone/ozone/hadoop-ozone/integration-test/target/test-dir/MiniOzoneClusterImpl-b29d8e3c-9ac1-4bd8-916d-9a49b4a73262/ozone-meta/datanode-8/ratis/469e50ad-6cde-4a23-a4d7-3bd7d644ae46/current/log_inprogress_0
2024-04-29 10:07:50,701 [1f92b403-6a1c-4076-80c0-09f74f2f4297@group-3BD7D644AE46-StateMachineUpdater] INFO  server.RaftServer$Division (LeaderStateImpl.java:isApplied(320)) - leader is ready since appliedIndex == 0 >= startIndex == 0
2024-04-29 10:07:51,267 [45d7554a-4794-4db0-8ec2-ed03ee8d9322-impl-thread1] INFO  segmented.SegmentedRaftLogWorker (SegmentedRaftLogWorker.java:close(245)) - 45d7554a-4794-4db0-8ec2-ed03ee8d9322@group-CCD0AF0667B0-SegmentedRaftLogWorker close()
2024-04-29 10:07:51,593 [45d7554a-4794-4db0-8ec2-ed03ee8d9322-impl-thread2] INFO  segmented.SegmentedRaftLogWorker (SegmentedRaftLogWorker.java:close(245)) - 45d7554a-4794-4db0-8ec2-ed03ee8d9322@group-5F07EAC53845-SegmentedRaftLogWorker close()
2024-04-29 10:07:51,593 [JvmPauseMonitor68] INFO  util.JvmPauseMonitor (JvmPauseMonitor.java:run(152)) - JvmPauseMonitor-45d7554a-4794-4db0-8ec2-ed03ee8d9322: Stopped
2024-04-29 10:07:53,595 [main] INFO  utils.DatanodeStoreCache (DatanodeStoreCache.java:shutdownCache(116)) - Skip clearing cache in mini cluster mode. Entries left: [/home/runner/work/ozone/ozone/hadoop-ozone/integration-test/target/test-dir/MiniOzoneClusterImpl-b29d8e3c-9ac1-4bd8-916d-9a49b4a73262/ozone-meta/datanode-1/data-0/hdds/b29d8e3c-9ac1-4bd8-916d-9a49b4a73262/DS-50d322bf-9a55-48c1-9ec0-cbea49032db6/container.db, /home/runner/work/ozone/ozone/hadoop-ozone/integration-test/target/test-dir/MiniOzoneClusterImpl-b29d8e3c-9ac1-4bd8-916d-9a49b4a73262/ozone-meta/datanode-2/data-0/hdds/b29d8e3c-9ac1-4bd8-916d-9a49b4a73262/DS-3ee9d314-7358-46e8-ba87-555dc8c7eeee/container.db, /home/runner/work/ozone/ozone/hadoop-ozone/integration-test/target/test-dir/MiniOzoneClusterImpl-b29d8e3c-9ac1-4bd8-916d-9a49b4a73262/ozone-meta/datanode-3/data-0/hdds/b29d8e3c-9ac1-4bd8-916d-9a49b4a73262/DS-d53a4897-52ba-4f74-85dd-150e4d128613/container.db, /home/runner/work/ozone/ozone/hadoop-ozone/integration-test/target/test-dir/MiniOzoneClusterImpl-b29d8e3c-9ac1-4bd8-916d-9a49b4a73262/ozone-meta/datanode-4/data-0/hdds/b29d8e3c-9ac1-4bd8-916d-9a49b4a73262/DS-a119d781-bd2f-42f6-ab2b-be2abab09e51/container.db, /home/runner/work/ozone/ozone/hadoop-ozone/integration-test/target/test-dir/MiniOzoneClusterImpl-b29d8e3c-9ac1-4bd8-916d-9a49b4a73262/ozone-meta/datanode-5/data-0/hdds/b29d8e3c-9ac1-4bd8-916d-9a49b4a73262/DS-092fafa3-12a1-4cfb-9464-a70c8eef549b/container.db, /home/runner/work/ozone/ozone/hadoop-ozone/integration-test/target/test-dir/MiniOzoneClusterImpl-b29d8e3c-9ac1-4bd8-916d-9a49b4a73262/ozone-meta/datanode-6/data-0/hdds/b29d8e3c-9ac1-4bd8-916d-9a49b4a73262/DS-2c7008e5-e9fd-4a76-bf19-8a67c618eb1d/container.db, /home/runner/work/ozone/ozone/hadoop-ozone/integration-test/target/test-dir/MiniOzoneClusterImpl-b29d8e3c-9ac1-4bd8-916d-9a49b4a73262/ozone-meta/datanode-7/data-0/hdds/b29d8e3c-9ac1-4bd8-916d-9a49b4a73262/DS-67f93884-5d3d-4211-9a22-d3f6d2c9da22/container.db, /home/runner/work/ozone/ozone/hadoop-ozone/integration-test/target/test-dir/MiniOzoneClusterImpl-b29d8e3c-9ac1-4bd8-916d-9a49b4a73262/ozone-meta/datanode-8/data-0/hdds/b29d8e3c-9ac1-4bd8-916d-9a49b4a73262/DS-c079e444-8ad1-4aaa-a90b-115d1425a17d/container.db, /home/runner/work/ozone/ozone/hadoop-ozone/integration-test/target/test-dir/MiniOzoneClusterImpl-b29d8e3c-9ac1-4bd8-916d-9a49b4a73262/ozone-meta/datanode-9/data-0/hdds/b29d8e3c-9ac1-4bd8-916d-9a49b4a73262/DS-1a635560-6da0-4e16-9086-750ee9322c7b/container.db]
2024-04-29 10:07:53,596 [main] INFO  utils.DatanodeStoreCache (DatanodeStoreCache.java:removeDB(110)) - Removed db /home/runner/work/ozone/ozone/hadoop-ozone/integration-test/target/test-dir/MiniOzoneClusterImpl-b29d8e3c-9ac1-4bd8-916d-9a49b4a73262/ozone-meta/datanode-1/data-0/hdds/b29d8e3c-9ac1-4bd8-916d-9a49b4a73262/DS-50d322bf-9a55-48c1-9ec0-cbea49032db6/container.db from cache
2024-04-29 10:07:53,596 [main] INFO  volume.HddsVolume (HddsVolume.java:closeDbStore(470)) - SchemaV3 db is stopped at /home/runner/work/ozone/ozone/hadoop-ozone/integration-test/target/test-dir/MiniOzoneClusterImpl-b29d8e3c-9ac1-4bd8-916d-9a49b4a73262/ozone-meta/datanode-1/data-0/hdds/b29d8e3c-9ac1-4bd8-916d-9a49b4a73262/DS-50d322bf-9a55-48c1-9ec0-cbea49032db6/container.db for volume DS-50d322bf-9a55-48c1-9ec0-cbea49032db6
2024-04-29 10:07:53,596 [main] INFO  utils.BackgroundService (BackgroundService.java:shutdown(160)) - Shutting down service BlockDeletingService
2024-04-29 10:07:53,597 [main] INFO  utils.BackgroundService (BackgroundService.java:shutdown(160)) - Shutting down service StaleRecoveringContainerScrubbingService
2024-04-29 10:07:53,597 [main] INFO  statemachine.DatanodeStateMachine (DatanodeStateMachine.java:stopDaemon(638)) - Ozone container server stopped.
2024-04-29 10:07:53,598 [main] INFO  handler.ContextHandler (ContextHandler.java:doStop(1159)) - Stopped o.e.j.w.WebAppContext@40709895{hddsDatanode,/,null,STOPPED}{file:/home/runner/work/ozone/ozone/hadoop-hdds/container-service/target/classes/webapps/hddsDatanode}
2024-04-29 10:07:53,598 [main] INFO  server.AbstractConnector (AbstractConnector.java:doStop(383)) - Stopped ServerConnector@6edc2a71{HTTP/1.1, (http/1.1)}{0.0.0.0:15543}
2024-04-29 10:07:53,598 [main] INFO  server.session (HouseKeeper.java:stopScavenging(149)) - node0 Stopped scavenging
2024-04-29 10:07:53,598 [main] INFO  handler.ContextHandler (ContextHandler.java:doStop(1159)) - Stopped o.e.j.s.ServletContextHandler@ae4fa3f{static,/static,file:///home/runner/work/ozone/ozone/hadoop-hdds/container-service/target/classes/webapps/static,STOPPED}
2024-04-29 10:07:53,598 [main] INFO  handler.ContextHandler (ContextHandler.java:doStop(1159)) - Stopped o.e.j.s.ServletContextHandler@3916a56a{logs,/logs,file:///home/runner/work/ozone/ozone/hadoop-ozone/integration-test/target/log,STOPPED}
2024-04-29 10:07:53,599 [main] INFO  ozone.HddsDatanodeClientProtocolServer (HddsDatanodeClientProtocolServer.java:stop(83)) - Stopping the RPC server for Client Protocol
2024-04-29 10:07:53,599 [main] INFO  ipc.Server (Server.java:stop(3523)) - Stopping server on 15544
2024-04-29 10:07:53,599 [IPC Server Responder] INFO  ipc.Server (Server.java:run(1567)) - Stopping IPC Server Responder
2024-04-29 10:07:53,599 [IPC Server listener on 15544] INFO  ipc.Server (Server.java:run(1434)) - Stopping IPC Server listener on 15544
2024-04-29 10:07:53,601 [main] INFO  ozoneimpl.OzoneContainer (OzoneContainer.java:stop(481)) - Attempting to stop container services.
2024-04-29 10:07:53,601 [ContainerMetadataScanner] WARN  ozoneimpl.AbstractBackgroundContainerScanner (AbstractBackgroundContainerScanner.java:handleRemainingSleep(134)) - Background container scan was interrupted.
2024-04-29 10:07:53,601 [ContainerMetadataScanner] INFO  ozoneimpl.AbstractBackgroundContainerScanner (AbstractBackgroundContainerScanner.java:run(61)) - Thread[ContainerMetadataScanner,5,main] exiting.
2024-04-29 10:07:53,601 [main] INFO  ozoneimpl.BackgroundContainerDataScanner (BackgroundContainerDataScanner.java:shutdown(141)) - ContainerDataScanner(/home/runner/work/ozone/ozone/hadoop-ozone/integration-test/target/test-dir/MiniOzoneClusterImpl-b29d8e3c-9ac1-4bd8-916d-9a49b4a73262/ozone-meta/datanode-3/data-0/hdds) is shutting down. 
2024-04-29 10:07:53,601 [ContainerDataScanner(/home/runner/work/ozone/ozone/hadoop-ozone/integration-test/target/test-dir/MiniOzoneClusterImpl-b29d8e3c-9ac1-4bd8-916d-9a49b4a73262/ozone-meta/datanode-3/data-0/hdds)] WARN  ozoneimpl.AbstractBackgroundContainerScanner (AbstractBackgroundContainerScanner.java:handleRemainingSleep(134)) - Background container scan was interrupted.
2024-04-29 10:07:53,601 [ContainerDataScanner(/home/runner/work/ozone/ozone/hadoop-ozone/integration-test/target/test-dir/MiniOzoneClusterImpl-b29d8e3c-9ac1-4bd8-916d-9a49b4a73262/ozone-meta/datanode-3/data-0/hdds)] INFO  ozoneimpl.AbstractBackgroundContainerScanner (AbstractBackgroundContainerScanner.java:run(61)) - ContainerDataScanner(/home/runner/work/ozone/ozone/hadoop-ozone/integration-test/target/test-dir/MiniOzoneClusterImpl-b29d8e3c-9ac1-4bd8-916d-9a49b4a73262/ozone-meta/datanode-3/data-0/hdds, DS-d53a4897-52ba-4f74-85dd-150e4d128613) exiting.
2024-04-29 10:07:53,602 [main] INFO  server.RaftServer (RaftServerProxy.java:lambda$close$9(416)) - 0b459a02-f078-4553-b8ee-4a7bbebe5aa1: close
2024-04-29 10:07:53,602 [0b459a02-f078-4553-b8ee-4a7bbebe5aa1-impl-thread1] INFO  server.RaftServer$Division (RaftServerImpl.java:lambda$close$3(526)) - 0b459a02-f078-4553-b8ee-4a7bbebe5aa1@group-5F07EAC53845: shutdown
2024-04-29 10:07:53,602 [0b459a02-f078-4553-b8ee-4a7bbebe5aa1-impl-thread1] INFO  util.JmxRegister (JmxRegister.java:unregister(73)) - Successfully un-registered JMX Bean with object name Ratis:service=RaftServer,group=group-5F07EAC53845,id=0b459a02-f078-4553-b8ee-4a7bbebe5aa1
2024-04-29 10:07:53,602 [0b459a02-f078-4553-b8ee-4a7bbebe5aa1-impl-thread1] INFO  impl.RoleInfo (RoleInfo.java:shutdownFollowerState(110)) - 0b459a02-f078-4553-b8ee-4a7bbebe5aa1: shutdown 0b459a02-f078-4553-b8ee-4a7bbebe5aa1@group-5F07EAC53845-FollowerState
2024-04-29 10:07:53,602 [0b459a02-f078-4553-b8ee-4a7bbebe5aa1-impl-thread1] INFO  impl.StateMachineUpdater (StateMachineUpdater.java:stopAndJoin(157)) - 0b459a02-f078-4553-b8ee-4a7bbebe5aa1@group-5F07EAC53845-StateMachineUpdater: set stopIndex = 2
2024-04-29 10:07:53,602 [0b459a02-f078-4553-b8ee-4a7bbebe5aa1@group-5F07EAC53845-StateMachineUpdater] INFO  ratis.ContainerStateMachine (ContainerStateMachine.java:takeSnapshot(355)) - group-5F07EAC53845: Taking a snapshot at:(t:1, i:2) file /home/runner/work/ozone/ozone/hadoop-ozone/integration-test/target/test-dir/MiniOzoneClusterImpl-b29d8e3c-9ac1-4bd8-916d-9a49b4a73262/ozone-meta/datanode-3/ratis/40ab4934-8feb-4e0b-a110-5f07eac53845/sm/snapshot.1_2
2024-04-29 10:07:53,602 [0b459a02-f078-4553-b8ee-4a7bbebe5aa1@group-5F07EAC53845-FollowerState] INFO  impl.FollowerState (FollowerState.java:run(152)) - 0b459a02-f078-4553-b8ee-4a7bbebe5aa1@group-5F07EAC53845-FollowerState was interrupted
2024-04-29 10:07:53,602 [main] INFO  server.GrpcService (GrpcService.java:closeImpl(311)) - 0b459a02-f078-4553-b8ee-4a7bbebe5aa1: shutdown server org.apache.ratis.grpc.server.GrpcClientProtocolService now
2024-04-29 10:07:53,602 [0b459a02-f078-4553-b8ee-4a7bbebe5aa1-impl-thread2] INFO  server.RaftServer$Division (RaftServerImpl.java:lambda$close$3(526)) - 0b459a02-f078-4553-b8ee-4a7bbebe5aa1@group-797A9D523F66: shutdown
2024-04-29 10:07:53,603 [0b459a02-f078-4553-b8ee-4a7bbebe5aa1-impl-thread2] INFO  util.JmxRegister (JmxRegister.java:unregister(73)) - Successfully un-registered JMX Bean with object name Ratis:service=RaftServer,group=group-797A9D523F66,id=0b459a02-f078-4553-b8ee-4a7bbebe5aa1
2024-04-29 10:07:53,603 [0b459a02-f078-4553-b8ee-4a7bbebe5aa1-impl-thread2] INFO  impl.RoleInfo (RoleInfo.java:shutdownLeaderState(94)) - 0b459a02-f078-4553-b8ee-4a7bbebe5aa1: shutdown 0b459a02-f078-4553-b8ee-4a7bbebe5aa1@group-797A9D523F66-LeaderStateImpl
2024-04-29 10:07:53,603 [0b459a02-f078-4553-b8ee-4a7bbebe5aa1-impl-thread2] INFO  impl.PendingRequests (PendingRequests.java:sendNotLeaderResponses(289)) - 0b459a02-f078-4553-b8ee-4a7bbebe5aa1@group-797A9D523F66-PendingRequests: sendNotLeaderResponses
2024-04-29 10:07:53,603 [main] INFO  server.GrpcService (GrpcService.java:closeImpl(320)) - 0b459a02-f078-4553-b8ee-4a7bbebe5aa1: shutdown server org.apache.ratis.grpc.server.GrpcClientProtocolService successfully
2024-04-29 10:07:53,603 [main] INFO  server.GrpcService (GrpcService.java:closeImpl(311)) - 0b459a02-f078-4553-b8ee-4a7bbebe5aa1: shutdown server GrpcServerProtocolService now
2024-04-29 10:07:53,603 [0b459a02-f078-4553-b8ee-4a7bbebe5aa1@group-5F07EAC53845-StateMachineUpdater] INFO  ratis.ContainerStateMachine (ContainerStateMachine.java:takeSnapshot(366)) - group-5F07EAC53845: Finished taking a snapshot at:(t:1, i:2) file:/home/runner/work/ozone/ozone/hadoop-ozone/integration-test/target/test-dir/MiniOzoneClusterImpl-b29d8e3c-9ac1-4bd8-916d-9a49b4a73262/ozone-meta/datanode-3/ratis/40ab4934-8feb-4e0b-a110-5f07eac53845/sm/snapshot.1_2 took: 2 ms
2024-04-29 10:07:53,604 [0b459a02-f078-4553-b8ee-4a7bbebe5aa1@group-5F07EAC53845-StateMachineUpdater] INFO  impl.StateMachineUpdater (StateMachineUpdater.java:takeSnapshot(295)) - 0b459a02-f078-4553-b8ee-4a7bbebe5aa1@group-5F07EAC53845-StateMachineUpdater: Took a snapshot at index 2
2024-04-29 10:07:53,604 [0b459a02-f078-4553-b8ee-4a7bbebe5aa1@group-5F07EAC53845-StateMachineUpdater] INFO  impl.StateMachineUpdater (StateMachineUpdater.java:lambda$new$0(98)) - 0b459a02-f078-4553-b8ee-4a7bbebe5aa1@group-5F07EAC53845-StateMachineUpdater: snapshotIndex: updateIncreasingly -1 -> 2
2024-04-29 10:07:53,604 [0b459a02-f078-4553-b8ee-4a7bbebe5aa1-impl-thread2] INFO  impl.StateMachineUpdater (StateMachineUpdater.java:stopAndJoin(157)) - 0b459a02-f078-4553-b8ee-4a7bbebe5aa1@group-797A9D523F66-StateMachineUpdater: set stopIndex = 0
2024-04-29 10:07:53,604 [grpc-default-executor-9] WARN  server.GrpcServerProtocolService (LogUtils.java:warn(121)) - 0b459a02-f078-4553-b8ee-4a7bbebe5aa1: APPEND_ENTRIES onError, lastRequest: null: org.apache.ratis.thirdparty.io.grpc.StatusRuntimeException: CANCELLED: client cancelled
2024-04-29 10:07:53,604 [0b459a02-f078-4553-b8ee-4a7bbebe5aa1@group-797A9D523F66-StateMachineUpdater] INFO  ratis.ContainerStateMachine (ContainerStateMachine.java:takeSnapshot(355)) - group-797A9D523F66: Taking a snapshot at:(t:1, i:0) file /home/runner/work/ozone/ozone/hadoop-ozone/integration-test/target/test-dir/MiniOzoneClusterImpl-b29d8e3c-9ac1-4bd8-916d-9a49b4a73262/ozone-meta/datanode-3/ratis/3de6536f-9399-4115-a850-797a9d523f66/sm/snapshot.1_0
2024-04-29 10:07:53,604 [0b459a02-f078-4553-b8ee-4a7bbebe5aa1-impl-thread1] INFO  server.RaftServer$Division (ServerState.java:close(427)) - 0b459a02-f078-4553-b8ee-4a7bbebe5aa1@group-5F07EAC53845: applyIndex: 2
2024-04-29 10:07:53,604 [0b459a02-f078-4553-b8ee-4a7bbebe5aa1@group-5F07EAC53845-cacheEviction-AwaitToRun] INFO  util.AwaitToRun (AwaitToRun.java:run(49)) - 0b459a02-f078-4553-b8ee-4a7bbebe5aa1@group-5F07EAC53845-cacheEviction-AwaitToRun-AwaitForSignal is interrupted
2024-04-29 10:07:53,604 [grpc-default-executor-8] WARN  server.GrpcLogAppender (LogUtils.java:warn(121)) - 4c7d070b-487d-4f6a-a802-5407a717b610@group-5F07EAC53845->0b459a02-f078-4553-b8ee-4a7bbebe5aa1-AppendLogResponseHandler: Failed appendEntries: org.apache.ratis.thirdparty.io.grpc.StatusRuntimeException: CANCELLED: RST_STREAM closed stream. HTTP/2 error code: CANCEL
2024-04-29 10:07:53,604 [main] INFO  server.GrpcService (GrpcService.java:closeImpl(320)) - 0b459a02-f078-4553-b8ee-4a7bbebe5aa1: shutdown server GrpcServerProtocolService successfully
2024-04-29 10:07:53,605 [main] INFO  server.GrpcService (GrpcService.java:closeImpl(311)) - 0b459a02-f078-4553-b8ee-4a7bbebe5aa1: shutdown server org.apache.ratis.grpc.server.GrpcAdminProtocolService now
2024-04-29 10:07:53,605 [grpc-default-executor-8] WARN  server.GrpcLogAppender (GrpcLogAppender.java:lambda$resetClient$1(217)) - 4c7d070b-487d-4f6a-a802-5407a717b610@group-5F07EAC53845->0b459a02-f078-4553-b8ee-4a7bbebe5aa1-GrpcLogAppender: Follower failed (request=null, errorCount=1); keep nextIndex (3) unchanged and retry.
2024-04-29 10:07:53,605 [grpc-default-executor-1] WARN  server.GrpcServerProtocolService (LogUtils.java:warn(121)) - 0b459a02-f078-4553-b8ee-4a7bbebe5aa1: APPEND_ENTRIES onError, lastRequest: 4c7d070b-487d-4f6a-a802-5407a717b610->0b459a02-f078-4553-b8ee-4a7bbebe5aa1#4-t1,previous=(t:1, i:1),leaderCommit=1,initializing? false,entries: size=1, first=(t:1, i:2), METADATAENTRY(c:1): org.apache.ratis.thirdparty.io.grpc.StatusRuntimeException: CANCELLED: client cancelled
2024-04-29 10:07:53,605 [0b459a02-f078-4553-b8ee-4a7bbebe5aa1@group-797A9D523F66-StateMachineUpdater] INFO  ratis.ContainerStateMachine (ContainerStateMachine.java:takeSnapshot(366)) - group-797A9D523F66: Finished taking a snapshot at:(t:1, i:0) file:/home/runner/work/ozone/ozone/hadoop-ozone/integration-test/target/test-dir/MiniOzoneClusterImpl-b29d8e3c-9ac1-4bd8-916d-9a49b4a73262/ozone-meta/datanode-3/ratis/3de6536f-9399-4115-a850-797a9d523f66/sm/snapshot.1_0 took: 1 ms
2024-04-29 10:07:53,605 [0b459a02-f078-4553-b8ee-4a7bbebe5aa1@group-797A9D523F66-StateMachineUpdater] INFO  impl.StateMachineUpdater (StateMachineUpdater.java:takeSnapshot(295)) - 0b459a02-f078-4553-b8ee-4a7bbebe5aa1@group-797A9D523F66-StateMachineUpdater: Took a snapshot at index 0
2024-04-29 10:07:53,605 [0b459a02-f078-4553-b8ee-4a7bbebe5aa1@group-797A9D523F66-StateMachineUpdater] INFO  impl.StateMachineUpdater (StateMachineUpdater.java:lambda$new$0(98)) - 0b459a02-f078-4553-b8ee-4a7bbebe5aa1@group-797A9D523F66-StateMachineUpdater: snapshotIndex: updateIncreasingly -1 -> 0
2024-04-29 10:07:53,605 [0b459a02-f078-4553-b8ee-4a7bbebe5aa1-impl-thread2] INFO  server.RaftServer$Division (ServerState.java:close(427)) - 0b459a02-f078-4553-b8ee-4a7bbebe5aa1@group-797A9D523F66: applyIndex: 0
2024-04-29 10:07:53,605 [0b459a02-f078-4553-b8ee-4a7bbebe5aa1@group-797A9D523F66-cacheEviction-AwaitToRun] INFO  util.AwaitToRun (AwaitToRun.java:run(49)) - 0b459a02-f078-4553-b8ee-4a7bbebe5aa1@group-797A9D523F66-cacheEviction-AwaitToRun-AwaitForSignal is interrupted
2024-04-29 10:07:53,605 [main] INFO  server.GrpcService (GrpcService.java:closeImpl(320)) - 0b459a02-f078-4553-b8ee-4a7bbebe5aa1: shutdown server org.apache.ratis.grpc.server.GrpcAdminProtocolService successfully
2024-04-29 10:07:53,608 [0b459a02-f078-4553-b8ee-4a7bbebe5aa1-NettyServerStreamRpc-bossGroup--thread1] INFO  logging.LoggingHandler (AbstractInternalLogger.java:log(148)) - [id: 0xdfd1dfed, L:/0.0.0.0:15567] CLOSE
2024-04-29 10:07:53,608 [0b459a02-f078-4553-b8ee-4a7bbebe5aa1-NettyServerStreamRpc-bossGroup--thread1] INFO  logging.LoggingHandler (AbstractInternalLogger.java:log(148)) - [id: 0xdfd1dfed, L:/0.0.0.0:15567] INACTIVE
2024-04-29 10:07:53,608 [0b459a02-f078-4553-b8ee-4a7bbebe5aa1-NettyServerStreamRpc-bossGroup--thread1] INFO  logging.LoggingHandler (AbstractInternalLogger.java:log(148)) - [id: 0xdfd1dfed, L:/0.0.0.0:15567] UNREGISTERED
2024-04-29 10:07:54,399 [0b459a02-f078-4553-b8ee-4a7bbebe5aa1-impl-thread2] INFO  segmented.SegmentedRaftLogWorker (SegmentedRaftLogWorker.java:close(245)) - 0b459a02-f078-4553-b8ee-4a7bbebe5aa1@group-797A9D523F66-SegmentedRaftLogWorker close()
2024-04-29 10:07:54,593 [0b459a02-f078-4553-b8ee-4a7bbebe5aa1-impl-thread1] INFO  segmented.SegmentedRaftLogWorker (SegmentedRaftLogWorker.java:close(245)) - 0b459a02-f078-4553-b8ee-4a7bbebe5aa1@group-5F07EAC53845-SegmentedRaftLogWorker close()
2024-04-29 10:07:54,593 [JvmPauseMonitor70] INFO  util.JvmPauseMonitor (JvmPauseMonitor.java:run(152)) - JvmPauseMonitor-0b459a02-f078-4553-b8ee-4a7bbebe5aa1: Stopped
2024-04-29 10:07:55,612 [timer7] WARN  server.GrpcLogAppender (LogUtils.java:warn(121)) - 4c7d070b-487d-4f6a-a802-5407a717b610@group-5F07EAC53845->45d7554a-4794-4db0-8ec2-ed03ee8d9322-AppendLogResponseHandler: Failed appendEntries (Repeated 8 times in the last 5.000s): org.apache.ratis.thirdparty.io.grpc.StatusRuntimeException: UNAVAILABLE: io exception
2024-04-29 10:07:55,612 [timer0] WARN  server.GrpcLogAppender (GrpcLogAppender.java:lambda$resetClient$1(217)) - 4c7d070b-487d-4f6a-a802-5407a717b610@group-5F07EAC53845->45d7554a-4794-4db0-8ec2-ed03ee8d9322-GrpcLogAppender: Follower failed (request=null, errorCount=8); keep nextIndex (3) unchanged and retry. (Repeated 8 times in the last 5.000s)
2024-04-29 10:07:56,595 [main] INFO  utils.DatanodeStoreCache (DatanodeStoreCache.java:shutdownCache(116)) - Skip clearing cache in mini cluster mode. Entries left: [/home/runner/work/ozone/ozone/hadoop-ozone/integration-test/target/test-dir/MiniOzoneClusterImpl-b29d8e3c-9ac1-4bd8-916d-9a49b4a73262/ozone-meta/datanode-2/data-0/hdds/b29d8e3c-9ac1-4bd8-916d-9a49b4a73262/DS-3ee9d314-7358-46e8-ba87-555dc8c7eeee/container.db, /home/runner/work/ozone/ozone/hadoop-ozone/integration-test/target/test-dir/MiniOzoneClusterImpl-b29d8e3c-9ac1-4bd8-916d-9a49b4a73262/ozone-meta/datanode-3/data-0/hdds/b29d8e3c-9ac1-4bd8-916d-9a49b4a73262/DS-d53a4897-52ba-4f74-85dd-150e4d128613/container.db, /home/runner/work/ozone/ozone/hadoop-ozone/integration-test/target/test-dir/MiniOzoneClusterImpl-b29d8e3c-9ac1-4bd8-916d-9a49b4a73262/ozone-meta/datanode-4/data-0/hdds/b29d8e3c-9ac1-4bd8-916d-9a49b4a73262/DS-a119d781-bd2f-42f6-ab2b-be2abab09e51/container.db, /home/runner/work/ozone/ozone/hadoop-ozone/integration-test/target/test-dir/MiniOzoneClusterImpl-b29d8e3c-9ac1-4bd8-916d-9a49b4a73262/ozone-meta/datanode-5/data-0/hdds/b29d8e3c-9ac1-4bd8-916d-9a49b4a73262/DS-092fafa3-12a1-4cfb-9464-a70c8eef549b/container.db, /home/runner/work/ozone/ozone/hadoop-ozone/integration-test/target/test-dir/MiniOzoneClusterImpl-b29d8e3c-9ac1-4bd8-916d-9a49b4a73262/ozone-meta/datanode-6/data-0/hdds/b29d8e3c-9ac1-4bd8-916d-9a49b4a73262/DS-2c7008e5-e9fd-4a76-bf19-8a67c618eb1d/container.db, /home/runner/work/ozone/ozone/hadoop-ozone/integration-test/target/test-dir/MiniOzoneClusterImpl-b29d8e3c-9ac1-4bd8-916d-9a49b4a73262/ozone-meta/datanode-7/data-0/hdds/b29d8e3c-9ac1-4bd8-916d-9a49b4a73262/DS-67f93884-5d3d-4211-9a22-d3f6d2c9da22/container.db, /home/runner/work/ozone/ozone/hadoop-ozone/integration-test/target/test-dir/MiniOzoneClusterImpl-b29d8e3c-9ac1-4bd8-916d-9a49b4a73262/ozone-meta/datanode-8/data-0/hdds/b29d8e3c-9ac1-4bd8-916d-9a49b4a73262/DS-c079e444-8ad1-4aaa-a90b-115d1425a17d/container.db, /home/runner/work/ozone/ozone/hadoop-ozone/integration-test/target/test-dir/MiniOzoneClusterImpl-b29d8e3c-9ac1-4bd8-916d-9a49b4a73262/ozone-meta/datanode-9/data-0/hdds/b29d8e3c-9ac1-4bd8-916d-9a49b4a73262/DS-1a635560-6da0-4e16-9086-750ee9322c7b/container.db]
2024-04-29 10:07:56,596 [main] INFO  utils.DatanodeStoreCache (DatanodeStoreCache.java:removeDB(110)) - Removed db /home/runner/work/ozone/ozone/hadoop-ozone/integration-test/target/test-dir/MiniOzoneClusterImpl-b29d8e3c-9ac1-4bd8-916d-9a49b4a73262/ozone-meta/datanode-3/data-0/hdds/b29d8e3c-9ac1-4bd8-916d-9a49b4a73262/DS-d53a4897-52ba-4f74-85dd-150e4d128613/container.db from cache
2024-04-29 10:07:56,596 [main] INFO  volume.HddsVolume (HddsVolume.java:closeDbStore(470)) - SchemaV3 db is stopped at /home/runner/work/ozone/ozone/hadoop-ozone/integration-test/target/test-dir/MiniOzoneClusterImpl-b29d8e3c-9ac1-4bd8-916d-9a49b4a73262/ozone-meta/datanode-3/data-0/hdds/b29d8e3c-9ac1-4bd8-916d-9a49b4a73262/DS-d53a4897-52ba-4f74-85dd-150e4d128613/container.db for volume DS-d53a4897-52ba-4f74-85dd-150e4d128613
2024-04-29 10:07:56,597 [main] INFO  utils.BackgroundService (BackgroundService.java:shutdown(160)) - Shutting down service BlockDeletingService
2024-04-29 10:07:56,597 [main] INFO  utils.BackgroundService (BackgroundService.java:shutdown(160)) - Shutting down service StaleRecoveringContainerScrubbingService
2024-04-29 10:07:56,597 [main] INFO  statemachine.DatanodeStateMachine (DatanodeStateMachine.java:stopDaemon(638)) - Ozone container server stopped.
2024-04-29 10:07:56,598 [main] INFO  handler.ContextHandler (ContextHandler.java:doStop(1159)) - Stopped o.e.j.w.WebAppContext@222667ff{hddsDatanode,/,null,STOPPED}{file:/home/runner/work/ozone/ozone/hadoop-hdds/container-service/target/classes/webapps/hddsDatanode}
2024-04-29 10:07:56,598 [main] INFO  server.AbstractConnector (AbstractConnector.java:doStop(383)) - Stopped ServerConnector@7acff702{HTTP/1.1, (http/1.1)}{0.0.0.0:15561}
2024-04-29 10:07:56,598 [main] INFO  server.session (HouseKeeper.java:stopScavenging(149)) - node0 Stopped scavenging
2024-04-29 10:07:56,598 [main] INFO  handler.ContextHandler (ContextHandler.java:doStop(1159)) - Stopped o.e.j.s.ServletContextHandler@21ced418{static,/static,file:///home/runner/work/ozone/ozone/hadoop-hdds/container-service/target/classes/webapps/static,STOPPED}
2024-04-29 10:07:56,598 [main] INFO  handler.ContextHandler (ContextHandler.java:doStop(1159)) - Stopped o.e.j.s.ServletContextHandler@12aba7cb{logs,/logs,file:///home/runner/work/ozone/ozone/hadoop-ozone/integration-test/target/log,STOPPED}
2024-04-29 10:07:56,599 [main] INFO  ozone.HddsDatanodeClientProtocolServer (HddsDatanodeClientProtocolServer.java:stop(83)) - Stopping the RPC server for Client Protocol
2024-04-29 10:07:56,599 [main] INFO  ipc.Server (Server.java:stop(3523)) - Stopping server on 15562
2024-04-29 10:07:56,599 [IPC Server listener on 15562] INFO  ipc.Server (Server.java:run(1434)) - Stopping IPC Server listener on 15562
2024-04-29 10:07:56,599 [IPC Server Responder] INFO  ipc.Server (Server.java:run(1567)) - Stopping IPC Server Responder
2024-04-29 10:07:56,601 [main] INFO  pipeline.PipelineManagerImpl (PipelineManagerImpl.java:closeContainersForPipeline(484)) - Container #1 closed for pipeline=PipelineID=40ab4934-8feb-4e0b-a110-5f07eac53845
2024-04-29 10:07:56,601 [EventQueue-CloseContainerForCloseContainerEventHandler] INFO  container.CloseContainerEventHandler (CloseContainerEventHandler.java:onMessage(88)) - Close container Event triggered for container : #1, current state: CLOSING
2024-04-29 10:07:56,601 [main] INFO  pipeline.PipelineManagerImpl (PipelineManagerImpl.java:closePipeline(518)) - Pipeline PipelineID=40ab4934-8feb-4e0b-a110-5f07eac53845 moved to CLOSED state
2024-04-29 10:07:56,850 [grpc-default-executor-1] WARN  server.GrpcLogAppender (LogUtils.java:warn(121)) - 4c7d070b-487d-4f6a-a802-5407a717b610@group-5F07EAC53845->45d7554a-4794-4db0-8ec2-ed03ee8d9322-AppendLogResponseHandler: Failed appendEntries: org.apache.ratis.thirdparty.io.grpc.StatusRuntimeException: UNAVAILABLE: io exception
2024-04-29 10:07:56,850 [grpc-default-executor-5] WARN  server.GrpcLogAppender (GrpcLogAppender.java:lambda$resetClient$1(217)) - 4c7d070b-487d-4f6a-a802-5407a717b610@group-5F07EAC53845->45d7554a-4794-4db0-8ec2-ed03ee8d9322-GrpcLogAppender: Follower failed (request=null, errorCount=9); keep nextIndex (3) unchanged and retry.
2024-04-29 10:07:58,604 [timer6] WARN  server.GrpcLogAppender (LogUtils.java:warn(121)) - 4c7d070b-487d-4f6a-a802-5407a717b610@group-5F07EAC53845->0b459a02-f078-4553-b8ee-4a7bbebe5aa1-AppendLogResponseHandler: Failed appendEntries (Repeated 8 times in the last 5.000s): org.apache.ratis.thirdparty.io.grpc.StatusRuntimeException: UNAVAILABLE: io exception
2024-04-29 10:07:58,605 [timer7] WARN  server.GrpcLogAppender (GrpcLogAppender.java:lambda$resetClient$1(217)) - 4c7d070b-487d-4f6a-a802-5407a717b610@group-5F07EAC53845->0b459a02-f078-4553-b8ee-4a7bbebe5aa1-GrpcLogAppender: Follower failed (request=null, errorCount=8); keep nextIndex (3) unchanged and retry. (Repeated 8 times in the last 5.000s)
2024-04-29 10:07:59,351 [grpc-default-executor-5] WARN  server.GrpcLogAppender (LogUtils.java:warn(121)) - 4c7d070b-487d-4f6a-a802-5407a717b610@group-5F07EAC53845->0b459a02-f078-4553-b8ee-4a7bbebe5aa1-AppendLogResponseHandler: Failed appendEntries: org.apache.ratis.thirdparty.io.grpc.StatusRuntimeException: UNAVAILABLE: io exception
2024-04-29 10:07:59,351 [grpc-default-executor-1] WARN  server.GrpcLogAppender (GrpcLogAppender.java:lambda$resetClient$1(217)) - 4c7d070b-487d-4f6a-a802-5407a717b610@group-5F07EAC53845->0b459a02-f078-4553-b8ee-4a7bbebe5aa1-GrpcLogAppender: Follower failed (request=null, errorCount=9); keep nextIndex (3) unchanged and retry.
2024-04-29 10:08:00,321 [null-request--thread1] INFO  server.GrpcClientProtocolService (GrpcClientProtocolService.java:lambda$processClientRequest$0(284)) - Failed RaftClientRequest:client-7FF066D95203->4c7d070b-487d-4f6a-a802-5407a717b610@group-5F07EAC53845, cid=98, seq=null, Watch-ALL_COMMITTED(76), Message:<EMPTY>, reply=RaftClientReply:client-7FF066D95203->4c7d070b-487d-4f6a-a802-5407a717b610@group-5F07EAC53845, cid=98, FAILED org.apache.ratis.protocol.exceptions.NotReplicatedException: Request with call Id 98 and log index 76 is not yet replicated to ALL_COMMITTED, logIndex=76, commits[4c7d070b-487d-4f6a-a802-5407a717b610:c2, 45d7554a-4794-4db0-8ec2-ed03ee8d9322:c1, 0b459a02-f078-4553-b8ee-4a7bbebe5aa1:c2]
2024-04-29 10:08:00,321 [main] WARN  scm.XceiverClientRatis (XceiverClientRatis.java:watchForCommit(284)) - 3 way commit failed on pipeline Pipeline[ Id: 40ab4934-8feb-4e0b-a110-5f07eac53845, Nodes: 45d7554a-4794-4db0-8ec2-ed03ee8d9322(localhost/127.0.0.1)0b459a02-f078-4553-b8ee-4a7bbebe5aa1(localhost/127.0.0.1)4c7d070b-487d-4f6a-a802-5407a717b610(localhost/127.0.0.1), ReplicationConfig: RATIS/THREE, State:OPEN, leaderId:4c7d070b-487d-4f6a-a802-5407a717b610, CreationTimestamp2024-04-29T10:07:42.240Z[Etc/UTC]]
java.util.concurrent.ExecutionException: org.apache.ratis.protocol.exceptions.NotReplicatedException: Request with call Id 98 and log index 76 is not yet replicated to ALL_COMMITTED
	at java.base/java.util.concurrent.CompletableFuture.reportGet(CompletableFuture.java:396)
	at java.base/java.util.concurrent.CompletableFuture.get(CompletableFuture.java:2073)
	at org.apache.hadoop.hdds.scm.XceiverClientRatis.watchForCommit(XceiverClientRatis.java:279)
	at org.apache.hadoop.ozone.client.rpc.TestWatchForCommit.lambda$testWatchForCommitForRetryfailure$0(TestWatchForCommit.java:286)
	at org.junit.jupiter.api.AssertThrows.assertThrows(AssertThrows.java:53)
	at org.junit.jupiter.api.AssertThrows.assertThrows(AssertThrows.java:35)
	at org.junit.jupiter.api.Assertions.assertThrows(Assertions.java:3115)
	at org.apache.hadoop.ozone.client.rpc.TestWatchForCommit.testWatchForCommitForRetryfailure(TestWatchForCommit.java:285)
	at java.base/jdk.internal.reflect.NativeMethodAccessorImpl.invoke0(Native Method)
	at java.base/jdk.internal.reflect.NativeMethodAccessorImpl.invoke(NativeMethodAccessorImpl.java:77)
	at java.base/jdk.internal.reflect.DelegatingMethodAccessorImpl.invoke(DelegatingMethodAccessorImpl.java:43)
	at java.base/java.lang.reflect.Method.invoke(Method.java:568)
	at org.junit.platform.commons.util.ReflectionUtils.invokeMethod(ReflectionUtils.java:728)
	at org.junit.jupiter.engine.execution.MethodInvocation.proceed(MethodInvocation.java:60)
	at org.junit.jupiter.engine.execution.InvocationInterceptorChain$ValidatingInvocation.proceed(InvocationInterceptorChain.java:131)
	at org.junit.jupiter.engine.extension.TimeoutExtension.intercept(TimeoutExtension.java:156)
	at org.junit.jupiter.engine.extension.TimeoutExtension.interceptTestableMethod(TimeoutExtension.java:147)
	at org.junit.jupiter.engine.extension.TimeoutExtension.interceptTestMethod(TimeoutExtension.java:86)
	at org.junit.jupiter.engine.execution.InterceptingExecutableInvoker$ReflectiveInterceptorCall.lambda$ofVoidMethod$0(InterceptingExecutableInvoker.java:103)
	at org.junit.jupiter.engine.execution.InterceptingExecutableInvoker.lambda$invoke$0(InterceptingExecutableInvoker.java:93)
	at org.junit.jupiter.engine.execution.InvocationInterceptorChain$InterceptedInvocation.proceed(InvocationInterceptorChain.java:106)
	at org.junit.jupiter.engine.execution.InvocationInterceptorChain.proceed(InvocationInterceptorChain.java:64)
	at org.junit.jupiter.engine.execution.InvocationInterceptorChain.chainAndInvoke(InvocationInterceptorChain.java:45)
	at org.junit.jupiter.engine.execution.InvocationInterceptorChain.invoke(InvocationInterceptorChain.java:37)
	at org.junit.jupiter.engine.execution.InterceptingExecutableInvoker.invoke(InterceptingExecutableInvoker.java:92)
	at org.junit.jupiter.engine.execution.InterceptingExecutableInvoker.invoke(InterceptingExecutableInvoker.java:86)
	at org.junit.jupiter.engine.descriptor.TestMethodTestDescriptor.lambda$invokeTestMethod$7(TestMethodTestDescriptor.java:218)
	at org.junit.platform.engine.support.hierarchical.ThrowableCollector.execute(ThrowableCollector.java:73)
	at org.junit.jupiter.engine.descriptor.TestMethodTestDescriptor.invokeTestMethod(TestMethodTestDescriptor.java:214)
	at org.junit.jupiter.engine.descriptor.TestMethodTestDescriptor.execute(TestMethodTestDescriptor.java:139)
	at org.junit.jupiter.engine.descriptor.TestMethodTestDescriptor.execute(TestMethodTestDescriptor.java:69)
	at org.junit.platform.engine.support.hierarchical.NodeTestTask.lambda$executeRecursively$6(NodeTestTask.java:151)
	at org.junit.platform.engine.support.hierarchical.ThrowableCollector.execute(ThrowableCollector.java:73)
	at org.junit.platform.engine.support.hierarchical.NodeTestTask.lambda$executeRecursively$8(NodeTestTask.java:141)
	at org.junit.platform.engine.support.hierarchical.Node.around(Node.java:137)
	at org.junit.platform.engine.support.hierarchical.NodeTestTask.lambda$executeRecursively$9(NodeTestTask.java:139)
	at org.junit.platform.engine.support.hierarchical.ThrowableCollector.execute(ThrowableCollector.java:73)
	at org.junit.platform.engine.support.hierarchical.NodeTestTask.executeRecursively(NodeTestTask.java:138)
	at org.junit.platform.engine.support.hierarchical.NodeTestTask.execute(NodeTestTask.java:95)
	at java.base/java.util.ArrayList.forEach(ArrayList.java:1511)
	at org.junit.platform.engine.support.hierarchical.SameThreadHierarchicalTestExecutorService.invokeAll(SameThreadHierarchicalTestExecutorService.java:41)
	at org.junit.platform.engine.support.hierarchical.NodeTestTask.lambda$executeRecursively$6(NodeTestTask.java:155)
	at org.junit.platform.engine.support.hierarchical.ThrowableCollector.execute(ThrowableCollector.java:73)
	at org.junit.platform.engine.support.hierarchical.NodeTestTask.lambda$executeRecursively$8(NodeTestTask.java:141)
	at org.junit.platform.engine.support.hierarchical.Node.around(Node.java:137)
	at org.junit.platform.engine.support.hierarchical.NodeTestTask.lambda$executeRecursively$9(NodeTestTask.java:139)
	at org.junit.platform.engine.support.hierarchical.ThrowableCollector.execute(ThrowableCollector.java:73)
	at org.junit.platform.engine.support.hierarchical.NodeTestTask.executeRecursively(NodeTestTask.java:138)
	at org.junit.platform.engine.support.hierarchical.NodeTestTask.execute(NodeTestTask.java:95)
	at java.base/java.util.ArrayList.forEach(ArrayList.java:1511)
	at org.junit.platform.engine.support.hierarchical.SameThreadHierarchicalTestExecutorService.invokeAll(SameThreadHierarchicalTestExecutorService.java:41)
	at org.junit.platform.engine.support.hierarchical.NodeTestTask.lambda$executeRecursively$6(NodeTestTask.java:155)
	at org.junit.platform.engine.support.hierarchical.ThrowableCollector.execute(ThrowableCollector.java:73)
	at org.junit.platform.engine.support.hierarchical.NodeTestTask.lambda$executeRecursively$8(NodeTestTask.java:141)
	at org.junit.platform.engine.support.hierarchical.Node.around(Node.java:137)
	at org.junit.platform.engine.support.hierarchical.NodeTestTask.lambda$executeRecursively$9(NodeTestTask.java:139)
	at org.junit.platform.engine.support.hierarchical.ThrowableCollector.execute(ThrowableCollector.java:73)
	at org.junit.platform.engine.support.hierarchical.NodeTestTask.executeRecursively(NodeTestTask.java:138)
	at org.junit.platform.engine.support.hierarchical.NodeTestTask.execute(NodeTestTask.java:95)
	at org.junit.platform.engine.support.hierarchical.SameThreadHierarchicalTestExecutorService.submit(SameThreadHierarchicalTestExecutorService.java:35)
	at org.junit.platform.engine.support.hierarchical.HierarchicalTestExecutor.execute(HierarchicalTestExecutor.java:57)
	at org.junit.platform.engine.support.hierarchical.HierarchicalTestEngine.execute(HierarchicalTestEngine.java:54)
	at org.junit.platform.launcher.core.EngineExecutionOrchestrator.execute(EngineExecutionOrchestrator.java:198)
	at org.junit.platform.launcher.core.EngineExecutionOrchestrator.execute(EngineExecutionOrchestrator.java:169)
	at org.junit.platform.launcher.core.EngineExecutionOrchestrator.execute(EngineExecutionOrchestrator.java:93)
	at org.junit.platform.launcher.core.EngineExecutionOrchestrator.lambda$execute$0(EngineExecutionOrchestrator.java:58)
	at org.junit.platform.launcher.core.EngineExecutionOrchestrator.withInterceptedStreams(EngineExecutionOrchestrator.java:141)
	at org.junit.platform.launcher.core.EngineExecutionOrchestrator.execute(EngineExecutionOrchestrator.java:57)
	at org.junit.platform.launcher.core.DefaultLauncher.execute(DefaultLauncher.java:103)
	at org.junit.platform.launcher.core.DefaultLauncher.execute(DefaultLauncher.java:85)
	at org.junit.platform.launcher.core.DelegatingLauncher.execute(DelegatingLauncher.java:47)
	at org.junit.platform.launcher.core.SessionPerRequestLauncher.execute(SessionPerRequestLauncher.java:63)
	at org.apache.maven.surefire.junitplatform.JUnitPlatformProvider.invokeAllTests(JUnitPlatformProvider.java:165)
	at org.apache.maven.surefire.junitplatform.JUnitPlatformProvider.invoke(JUnitPlatformProvider.java:123)
	at org.apache.maven.surefire.booter.ForkedBooter.runSuitesInProcess(ForkedBooter.java:377)
	at org.apache.maven.surefire.booter.ForkedBooter.execute(ForkedBooter.java:138)
	at org.apache.maven.surefire.booter.ForkedBooter.run(ForkedBooter.java:465)
	at org.apache.maven.surefire.booter.ForkedBooter.main(ForkedBooter.java:451)
Caused by: org.apache.ratis.protocol.exceptions.NotReplicatedException: Request with call Id 98 and log index 76 is not yet replicated to ALL_COMMITTED
	at org.apache.ratis.client.impl.ClientProtoUtils.toRaftClientReply(ClientProtoUtils.java:400)
	at org.apache.ratis.grpc.client.GrpcClientProtocolClient$AsyncStreamObservers$1.onNext(GrpcClientProtocolClient.java:310)
	at org.apache.ratis.grpc.client.GrpcClientProtocolClient$AsyncStreamObservers$1.onNext(GrpcClientProtocolClient.java:305)
	at org.apache.ratis.thirdparty.io.grpc.stub.ClientCalls$StreamObserverToCallListenerAdapter.onMessage(ClientCalls.java:468)
	at org.apache.ratis.thirdparty.io.grpc.ForwardingClientCallListener.onMessage(ForwardingClientCallListener.java:33)
	at org.apache.ratis.thirdparty.io.grpc.internal.ClientCallImpl$ClientStreamListenerImpl$1MessagesAvailable.runInternal(ClientCallImpl.java:660)
	at org.apache.ratis.thirdparty.io.grpc.internal.ClientCallImpl$ClientStreamListenerImpl$1MessagesAvailable.runInContext(ClientCallImpl.java:647)
	at org.apache.ratis.thirdparty.io.grpc.internal.ContextRunnable.run(ContextRunnable.java:37)
	at org.apache.ratis.thirdparty.io.grpc.internal.SerializingExecutor.run(SerializingExecutor.java:133)
	at java.base/java.util.concurrent.ThreadPoolExecutor.runWorker(ThreadPoolExecutor.java:1136)
	at java.base/java.util.concurrent.ThreadPoolExecutor$Worker.run(ThreadPoolExecutor.java:635)
	at java.base/java.lang.Thread.run(Thread.java:840)
2024-04-29 10:08:00,993 [4c7d070b-487d-4f6a-a802-5407a717b610@group-5F07EAC53845-LeaderStateImpl] WARN  server.RaftServer$Division (LeaderStateImpl.java:checkLeadership(1107)) - 4c7d070b-487d-4f6a-a802-5407a717b610@group-5F07EAC53845-LeaderStateImpl: Lost leadership on term: 1. Election timeout: 5200ms. In charge for: 10644ms. Conf: 0: peers:[45d7554a-4794-4db0-8ec2-ed03ee8d9322|127.0.0.1:15548, 0b459a02-f078-4553-b8ee-4a7bbebe5aa1|127.0.0.1:15566, 4c7d070b-487d-4f6a-a802-5407a717b610|127.0.0.1:15557]|listeners:[], old=null
2024-04-29 10:08:00,993 [4c7d070b-487d-4f6a-a802-5407a717b610@group-5F07EAC53845-LeaderStateImpl] WARN  server.RaftServer$Division (LeaderStateImpl.java:lambda$checkLeadership$21(1111)) - Follower 4c7d070b-487d-4f6a-a802-5407a717b610@group-5F07EAC53845->45d7554a-4794-4db0-8ec2-ed03ee8d9322(c1,m2,n3, caughtUp=true, lastRpcSendTime=735, lastRpcResponseTime=10400)
2024-04-29 10:08:00,993 [4c7d070b-487d-4f6a-a802-5407a717b610@group-5F07EAC53845-LeaderStateImpl] WARN  server.RaftServer$Division (LeaderStateImpl.java:lambda$checkLeadership$21(1111)) - Follower 4c7d070b-487d-4f6a-a802-5407a717b610@group-5F07EAC53845->0b459a02-f078-4553-b8ee-4a7bbebe5aa1(c2,m2,n3, caughtUp=true, lastRpcSendTime=389, lastRpcResponseTime=7899)
2024-04-29 10:08:00,993 [4c7d070b-487d-4f6a-a802-5407a717b610@group-5F07EAC53845-LeaderStateImpl] INFO  server.RaftServer$Division (RaftServerImpl.java:setRole(383)) - 4c7d070b-487d-4f6a-a802-5407a717b610@group-5F07EAC53845: changes role from    LEADER to FOLLOWER at term 1 for StepDownReason:LOST_MAJORITY_HEARTBEATS
2024-04-29 10:08:00,993 [4c7d070b-487d-4f6a-a802-5407a717b610@group-5F07EAC53845-LeaderStateImpl] INFO  impl.RoleInfo (RoleInfo.java:shutdownLeaderState(94)) - 4c7d070b-487d-4f6a-a802-5407a717b610: shutdown 4c7d070b-487d-4f6a-a802-5407a717b610@group-5F07EAC53845-LeaderStateImpl
2024-04-29 10:08:00,993 [4c7d070b-487d-4f6a-a802-5407a717b610@group-5F07EAC53845->45d7554a-4794-4db0-8ec2-ed03ee8d9322-GrpcLogAppender-LogAppenderDaemon] WARN  server.GrpcLogAppender (GrpcLogAppender.java:mayWait(289)) - 4c7d070b-487d-4f6a-a802-5407a717b610@group-5F07EAC53845->45d7554a-4794-4db0-8ec2-ed03ee8d9322-GrpcLogAppender: Wait interrupted by java.lang.InterruptedException
2024-04-29 10:08:00,993 [4c7d070b-487d-4f6a-a802-5407a717b610@group-5F07EAC53845-LeaderStateImpl] INFO  impl.PendingRequests (PendingRequests.java:sendNotLeaderResponses(289)) - 4c7d070b-487d-4f6a-a802-5407a717b610@group-5F07EAC53845-PendingRequests: sendNotLeaderResponses
2024-04-29 10:08:00,993 [4c7d070b-487d-4f6a-a802-5407a717b610@group-5F07EAC53845->0b459a02-f078-4553-b8ee-4a7bbebe5aa1-GrpcLogAppender-LogAppenderDaemon] WARN  server.GrpcLogAppender (GrpcLogAppender.java:mayWait(289)) - 4c7d070b-487d-4f6a-a802-5407a717b610@group-5F07EAC53845->0b459a02-f078-4553-b8ee-4a7bbebe5aa1-GrpcLogAppender: Wait interrupted by java.lang.InterruptedException
2024-04-29 10:08:00,994 [null-request--thread1] INFO  server.GrpcClientProtocolService (GrpcClientProtocolService.java:lambda$processClientRequest$0(284)) - Failed RaftClientRequest:client-7FF066D95203->4c7d070b-487d-4f6a-a802-5407a717b610@group-5F07EAC53845, cid=99, seq=null, Watch-MAJORITY_COMMITTED(76), Message:<EMPTY>, reply=RaftClientReply:client-7FF066D95203->4c7d070b-487d-4f6a-a802-5407a717b610@group-5F07EAC53845, cid=99, FAILED org.apache.ratis.protocol.exceptions.NotLeaderException: Server 4c7d070b-487d-4f6a-a802-5407a717b610@group-5F07EAC53845 is not the leader, logIndex=0, commits[4c7d070b-487d-4f6a-a802-5407a717b610:c2, 45d7554a-4794-4db0-8ec2-ed03ee8d9322:c1, 0b459a02-f078-4553-b8ee-4a7bbebe5aa1:c2]
2024-04-29 10:08:00,994 [4c7d070b-487d-4f6a-a802-5407a717b610@group-5F07EAC53845-LeaderStateImpl] INFO  server.RaftServer$Division (ServerState.java:setLeader(269)) - 4c7d070b-487d-4f6a-a802-5407a717b610@group-5F07EAC53845: change Leader from 4c7d070b-487d-4f6a-a802-5407a717b610 to null at term 1 for StepDownReason:LOST_MAJORITY_HEARTBEATS
2024-04-29 10:08:00,994 [4c7d070b-487d-4f6a-a802-5407a717b610@group-5F07EAC53845-LeaderStateImpl] INFO  impl.RoleInfo (RoleInfo.java:updateAndGet(139)) - 4c7d070b-487d-4f6a-a802-5407a717b610: start 4c7d070b-487d-4f6a-a802-5407a717b610@group-5F07EAC53845-FollowerState
2024-04-29 10:08:01,598 [4c7d070b-487d-4f6a-a802-5407a717b610-CloseContainerThread-0] INFO  commandhandler.CloseContainerCommandHandler (CloseContainerCommandHandler.java:lambda$handle$0(154)) - Follower cannot close container #1.
2024-04-29 10:08:01,850 [timer7] WARN  server.GrpcLogAppender (GrpcLogAppender.java:lambda$resetClient$1(217)) - 4c7d070b-487d-4f6a-a802-5407a717b610@group-5F07EAC53845->45d7554a-4794-4db0-8ec2-ed03ee8d9322-GrpcLogAppender: Follower failed (request=null, errorCount=14); keep nextIndex (3) unchanged and retry. (Repeated 6 times in the last 5.000s)
2024-04-29 10:08:01,851 [timer6] WARN  server.GrpcLogAppender (LogUtils.java:warn(121)) - 4c7d070b-487d-4f6a-a802-5407a717b610@group-5F07EAC53845->45d7554a-4794-4db0-8ec2-ed03ee8d9322-AppendLogResponseHandler: Failed appendEntries (Repeated 6 times in the last 5.001s): org.apache.ratis.thirdparty.io.grpc.StatusRuntimeException: UNAVAILABLE: io exception
2024-04-29 10:08:03,396 [BackgroundPipelineScrubber] INFO  pipeline.PipelineManagerImpl (PipelineManagerImpl.java:scrubPipelines(610)) - Scrubbing pipeline: id: PipelineID=40ab4934-8feb-4e0b-a110-5f07eac53845 since it stays at CLOSED stage.
2024-04-29 10:08:03,396 [BackgroundPipelineScrubber] INFO  pipeline.RatisPipelineProvider (RatisPipelineProvider.java:lambda$close$4(270)) - Send pipeline:PipelineID=40ab4934-8feb-4e0b-a110-5f07eac53845 close command to datanode 45d7554a-4794-4db0-8ec2-ed03ee8d9322
2024-04-29 10:08:03,396 [BackgroundPipelineScrubber] INFO  pipeline.RatisPipelineProvider (RatisPipelineProvider.java:lambda$close$4(270)) - Send pipeline:PipelineID=40ab4934-8feb-4e0b-a110-5f07eac53845 close command to datanode 0b459a02-f078-4553-b8ee-4a7bbebe5aa1
2024-04-29 10:08:03,396 [BackgroundPipelineScrubber] INFO  pipeline.RatisPipelineProvider (RatisPipelineProvider.java:lambda$close$4(270)) - Send pipeline:PipelineID=40ab4934-8feb-4e0b-a110-5f07eac53845 close command to datanode 4c7d070b-487d-4f6a-a802-5407a717b610
2024-04-29 10:08:03,397 [BackgroundPipelineScrubber] INFO  pipeline.PipelineManagerImpl (PipelineManagerImpl.java:removePipeline(459)) - Pipeline Pipeline[ Id: 40ab4934-8feb-4e0b-a110-5f07eac53845, Nodes: 45d7554a-4794-4db0-8ec2-ed03ee8d9322(localhost/127.0.0.1)0b459a02-f078-4553-b8ee-4a7bbebe5aa1(localhost/127.0.0.1)4c7d070b-487d-4f6a-a802-5407a717b610(localhost/127.0.0.1), ReplicationConfig: RATIS/THREE, State:CLOSED, leaderId:4c7d070b-487d-4f6a-a802-5407a717b610, CreationTimestamp2024-04-29T10:07:42.240Z[Etc/UTC]] removed.
2024-04-29 10:08:04,351 [timer6] WARN  server.GrpcLogAppender (LogUtils.java:warn(121)) - 4c7d070b-487d-4f6a-a802-5407a717b610@group-5F07EAC53845->0b459a02-f078-4553-b8ee-4a7bbebe5aa1-AppendLogResponseHandler: Failed appendEntries (Repeated 4 times in the last 5.000s): org.apache.ratis.thirdparty.io.grpc.StatusRuntimeException: UNAVAILABLE: io exception
2024-04-29 10:08:04,351 [timer7] WARN  server.GrpcLogAppender (GrpcLogAppender.java:lambda$resetClient$1(217)) - 4c7d070b-487d-4f6a-a802-5407a717b610@group-5F07EAC53845->0b459a02-f078-4553-b8ee-4a7bbebe5aa1-GrpcLogAppender: Follower failed (request=null, errorCount=12); keep nextIndex (3) unchanged and retry. (Repeated 4 times in the last 5.000s)
2024-04-29 10:08:04,597 [4c7d070b-487d-4f6a-a802-5407a717b610-PipelineCommandHandlerThread-0] INFO  server.RaftServer (RaftServerProxy.java:remove(111)) - 4c7d070b-487d-4f6a-a802-5407a717b610: remove  FOLLOWER 4c7d070b-487d-4f6a-a802-5407a717b610@group-5F07EAC53845:t1, leader=null, voted=4c7d070b-487d-4f6a-a802-5407a717b610, raftlog=Memoized:4c7d070b-487d-4f6a-a802-5407a717b610@group-5F07EAC53845-SegmentedRaftLog:OPENED:c2, conf=0: peers:[45d7554a-4794-4db0-8ec2-ed03ee8d9322|127.0.0.1:15548, 0b459a02-f078-4553-b8ee-4a7bbebe5aa1|127.0.0.1:15566, 4c7d070b-487d-4f6a-a802-5407a717b610|127.0.0.1:15557]|listeners:[], old=null RUNNING
2024-04-29 10:08:04,598 [4c7d070b-487d-4f6a-a802-5407a717b610-PipelineCommandHandlerThread-0] INFO  server.RaftServer$Division (RaftServerImpl.java:lambda$close$3(526)) - 4c7d070b-487d-4f6a-a802-5407a717b610@group-5F07EAC53845: shutdown
2024-04-29 10:08:04,598 [4c7d070b-487d-4f6a-a802-5407a717b610-PipelineCommandHandlerThread-0] INFO  util.JmxRegister (JmxRegister.java:unregister(73)) - Successfully un-registered JMX Bean with object name Ratis:service=RaftServer,group=group-5F07EAC53845,id=4c7d070b-487d-4f6a-a802-5407a717b610
2024-04-29 10:08:04,598 [4c7d070b-487d-4f6a-a802-5407a717b610-PipelineCommandHandlerThread-0] INFO  impl.RoleInfo (RoleInfo.java:shutdownFollowerState(110)) - 4c7d070b-487d-4f6a-a802-5407a717b610: shutdown 4c7d070b-487d-4f6a-a802-5407a717b610@group-5F07EAC53845-FollowerState
2024-04-29 10:08:04,598 [4c7d070b-487d-4f6a-a802-5407a717b610-PipelineCommandHandlerThread-0] INFO  impl.StateMachineUpdater (StateMachineUpdater.java:stopAndJoin(157)) - 4c7d070b-487d-4f6a-a802-5407a717b610@group-5F07EAC53845-StateMachineUpdater: set stopIndex = 2
2024-04-29 10:08:04,598 [4c7d070b-487d-4f6a-a802-5407a717b610@group-5F07EAC53845-StateMachineUpdater] INFO  ratis.ContainerStateMachine (ContainerStateMachine.java:takeSnapshot(355)) - group-5F07EAC53845: Taking a snapshot at:(t:1, i:2) file /home/runner/work/ozone/ozone/hadoop-ozone/integration-test/target/test-dir/MiniOzoneClusterImpl-b29d8e3c-9ac1-4bd8-916d-9a49b4a73262/ozone-meta/datanode-2/ratis/40ab4934-8feb-4e0b-a110-5f07eac53845/sm/snapshot.1_2
2024-04-29 10:08:04,598 [4c7d070b-487d-4f6a-a802-5407a717b610@group-5F07EAC53845-FollowerState] INFO  impl.FollowerState (FollowerState.java:run(152)) - 4c7d070b-487d-4f6a-a802-5407a717b610@group-5F07EAC53845-FollowerState was interrupted
2024-04-29 10:08:04,599 [4c7d070b-487d-4f6a-a802-5407a717b610@group-5F07EAC53845-StateMachineUpdater] INFO  ratis.ContainerStateMachine (ContainerStateMachine.java:takeSnapshot(366)) - group-5F07EAC53845: Finished taking a snapshot at:(t:1, i:2) file:/home/runner/work/ozone/ozone/hadoop-ozone/integration-test/target/test-dir/MiniOzoneClusterImpl-b29d8e3c-9ac1-4bd8-916d-9a49b4a73262/ozone-meta/datanode-2/ratis/40ab4934-8feb-4e0b-a110-5f07eac53845/sm/snapshot.1_2 took: 1 ms
2024-04-29 10:08:04,599 [4c7d070b-487d-4f6a-a802-5407a717b610@group-5F07EAC53845-StateMachineUpdater] INFO  impl.StateMachineUpdater (StateMachineUpdater.java:takeSnapshot(295)) - 4c7d070b-487d-4f6a-a802-5407a717b610@group-5F07EAC53845-StateMachineUpdater: Took a snapshot at index 2
2024-04-29 10:08:04,599 [4c7d070b-487d-4f6a-a802-5407a717b610@group-5F07EAC53845-StateMachineUpdater] INFO  impl.StateMachineUpdater (StateMachineUpdater.java:lambda$new$0(98)) - 4c7d070b-487d-4f6a-a802-5407a717b610@group-5F07EAC53845-StateMachineUpdater: snapshotIndex: updateIncreasingly -1 -> 2
2024-04-29 10:08:04,599 [4c7d070b-487d-4f6a-a802-5407a717b610-PipelineCommandHandlerThread-0] INFO  server.RaftServer$Division (ServerState.java:close(427)) - 4c7d070b-487d-4f6a-a802-5407a717b610@group-5F07EAC53845: applyIndex: 2
2024-04-29 10:08:04,599 [4c7d070b-487d-4f6a-a802-5407a717b610@group-5F07EAC53845-cacheEviction-AwaitToRun] INFO  util.AwaitToRun (AwaitToRun.java:run(49)) - 4c7d070b-487d-4f6a-a802-5407a717b610@group-5F07EAC53845-cacheEviction-AwaitToRun-AwaitForSignal is interrupted
2024-04-29 10:08:05,593 [4c7d070b-487d-4f6a-a802-5407a717b610-PipelineCommandHandlerThread-0] INFO  segmented.SegmentedRaftLogWorker (SegmentedRaftLogWorker.java:close(245)) - 4c7d070b-487d-4f6a-a802-5407a717b610@group-5F07EAC53845-SegmentedRaftLogWorker close()
2024-04-29 10:08:05,594 [4c7d070b-487d-4f6a-a802-5407a717b610-PipelineCommandHandlerThread-0] INFO  keyvalue.KeyValueContainer (KeyValueContainer.java:flushAndSyncDB(522)) - Container 1 is synced with bcsId 0.
2024-04-29 10:08:05,594 [4c7d070b-487d-4f6a-a802-5407a717b610-PipelineCommandHandlerThread-0] INFO  keyvalue.KeyValueContainer (KeyValueContainer.java:flushAndSyncDB(522)) - Container 1 is synced with bcsId 0.
2024-04-29 10:08:05,596 [4c7d070b-487d-4f6a-a802-5407a717b610-PipelineCommandHandlerThread-0] INFO  server.RaftServer$Division (RaftServerImpl.java:groupRemove(496)) - 4c7d070b-487d-4f6a-a802-5407a717b610@group-5F07EAC53845: Succeed to remove RaftStorageDirectory Storage Directory /home/runner/work/ozone/ozone/hadoop-ozone/integration-test/target/test-dir/MiniOzoneClusterImpl-b29d8e3c-9ac1-4bd8-916d-9a49b4a73262/ozone-meta/datanode-2/ratis/40ab4934-8feb-4e0b-a110-5f07eac53845
2024-04-29 10:08:05,596 [4c7d070b-487d-4f6a-a802-5407a717b610-PipelineCommandHandlerThread-0] ERROR commandhandler.ClosePipelineCommandHandler (ClosePipelineCommandHandler.java:lambda$handle$2(137)) - Can't close pipeline PipelineID=40ab4934-8feb-4e0b-a110-5f07eac53845
org.apache.ratis.protocol.exceptions.GroupMismatchException: 4c7d070b-487d-4f6a-a802-5407a717b610: group-5F07EAC53845 not found.
	at org.apache.ratis.server.impl.RaftServerProxy$ImplMap.get(RaftServerProxy.java:154)
	at org.apache.ratis.server.impl.RaftServerProxy.getImplFuture(RaftServerProxy.java:364)
	at org.apache.ratis.server.impl.RaftServerProxy.getImpl(RaftServerProxy.java:373)
	at org.apache.ratis.server.impl.RaftServerProxy.getDivision(RaftServerProxy.java:386)
	at org.apache.hadoop.ozone.container.common.transport.server.ratis.XceiverServerRatis.getRaftPeersInPipeline(XceiverServerRatis.java:951)
	at org.apache.hadoop.ozone.container.common.statemachine.commandhandler.ClosePipelineCommandHandler.lambda$handle$2(ClosePipelineCommandHandler.java:114)
	at java.base/java.util.concurrent.CompletableFuture$AsyncRun.run(CompletableFuture.java:1804)
	at java.base/java.util.concurrent.ThreadPoolExecutor.runWorker(ThreadPoolExecutor.java:1136)
	at java.base/java.util.concurrent.ThreadPoolExecutor$Worker.run(ThreadPoolExecutor.java:635)
	at java.base/java.lang.Thread.run(Thread.java:840)
2024-04-29 10:08:05,596 [FixedThreadPoolWithAffinityExecutor-0-0] INFO  container.IncrementalContainerReportHandler (AbstractContainerReportHandler.java:updateContainerState(287)) - Moving container #1 to QUASI_CLOSED state, datanode 4c7d070b-487d-4f6a-a802-5407a717b610(localhost/127.0.0.1) reported QUASI_CLOSED replica.
2024-04-29 10:08:11,299 [main] INFO  ozone.MiniOzoneClusterImpl (MiniOzoneClusterImpl.java:shutdown(396)) - Shutting down the Mini Ozone Cluster
2024-04-29 10:08:11,300 [main] INFO  db.CodecTestUtil (CodecTestUtil.java:gc(50)) - gc 0
2024-04-29 10:08:11,504 [main] INFO  ozone.MiniOzoneClusterImpl (MiniOzoneClusterImpl.java:stop(412)) - Stopping the Mini Ozone Cluster
2024-04-29 10:08:11,504 [main] INFO  om.OzoneManager (OzoneManager.java:stop(2232)) - om1[localhost:15538]: Stopping Ozone Manager
2024-04-29 10:08:11,504 [main] INFO  ipc.Server (Server.java:stop(3523)) - Stopping server on 15538
2024-04-29 10:08:11,505 [IPC Server listener on 15538] INFO  ipc.Server (Server.java:run(1434)) - Stopping IPC Server listener on 15538
2024-04-29 10:08:11,505 [main] INFO  ratis.OzoneManagerRatisServer (OzoneManagerRatisServer.java:stop(594)) - Stopping org.apache.hadoop.ozone.om.ratis.OzoneManagerRatisServer@58942d7b at port 15541
2024-04-29 10:08:11,505 [main] INFO  server.RaftServer (RaftServerProxy.java:lambda$close$9(416)) - om1: close
2024-04-29 10:08:11,505 [IPC Server Responder] INFO  ipc.Server (Server.java:run(1567)) - Stopping IPC Server Responder
2024-04-29 10:08:11,505 [om1-impl-thread1] INFO  server.RaftServer$Division (RaftServerImpl.java:lambda$close$3(526)) - om1@group-C5BA1605619E: shutdown
2024-04-29 10:08:11,505 [main] INFO  server.GrpcService (GrpcService.java:closeImpl(311)) - om1: shutdown server GrpcServerProtocolService now
2024-04-29 10:08:11,505 [om1-impl-thread1] INFO  util.JmxRegister (JmxRegister.java:unregister(73)) - Successfully un-registered JMX Bean with object name Ratis:service=RaftServer,group=group-C5BA1605619E,id=om1
2024-04-29 10:08:11,506 [om1-impl-thread1] INFO  impl.RoleInfo (RoleInfo.java:shutdownLeaderState(94)) - om1: shutdown om1@group-C5BA1605619E-LeaderStateImpl
2024-04-29 10:08:11,506 [om1-impl-thread1] INFO  impl.PendingRequests (PendingRequests.java:sendNotLeaderResponses(289)) - om1@group-C5BA1605619E-PendingRequests: sendNotLeaderResponses
2024-04-29 10:08:11,506 [om1-impl-thread1] INFO  impl.StateMachineUpdater (StateMachineUpdater.java:stopAndJoin(157)) - om1@group-C5BA1605619E-StateMachineUpdater: set stopIndex = 4
2024-04-29 10:08:11,506 [om1@group-C5BA1605619E-StateMachineUpdater] INFO  ratis.OzoneManagerStateMachine (OzoneManagerStateMachine.java:takeSnapshotImpl(481)) -  applied = (t:1, i:3)
2024-04-29 10:08:11,506 [om1@group-C5BA1605619E-StateMachineUpdater] INFO  ratis.OzoneManagerStateMachine (OzoneManagerStateMachine.java:takeSnapshotImpl(482)) -  skipped = 3
2024-04-29 10:08:11,506 [om1@group-C5BA1605619E-StateMachineUpdater] INFO  ratis.OzoneManagerStateMachine (OzoneManagerStateMachine.java:takeSnapshotImpl(483)) - notified = (t:1, i:4)
2024-04-29 10:08:11,506 [om1@group-C5BA1605619E-StateMachineUpdater] INFO  ratis.OzoneManagerStateMachine (OzoneManagerStateMachine.java:takeSnapshotImpl(484)) - snapshot = (t:1, i:4)
2024-04-29 10:08:11,507 [main] INFO  server.GrpcService (GrpcService.java:closeImpl(320)) - om1: shutdown server GrpcServerProtocolService successfully
2024-04-29 10:08:11,517 [om1@group-C5BA1605619E-StateMachineUpdater] INFO  impl.StateMachineUpdater (StateMachineUpdater.java:takeSnapshot(295)) - om1@group-C5BA1605619E-StateMachineUpdater: Took a snapshot at index 4
2024-04-29 10:08:11,517 [om1@group-C5BA1605619E-StateMachineUpdater] INFO  impl.StateMachineUpdater (StateMachineUpdater.java:lambda$new$0(98)) - om1@group-C5BA1605619E-StateMachineUpdater: snapshotIndex: updateIncreasingly -1 -> 4
2024-04-29 10:08:11,517 [om1@group-C5BA1605619E-StateMachineUpdater] INFO  ratis.OzoneManagerStateMachine (OzoneManagerStateMachine.java:close(527)) - Stopping OzoneManagerStateMachine:om1:group-C5BA1605619E.
2024-04-29 10:08:11,517 [om1@group-C5BA1605619E-StateMachineUpdater] INFO  ratis.OzoneManagerDoubleBuffer (OzoneManagerDoubleBuffer.java:stopDaemon(517)) - Stopping OMDoubleBuffer flush thread
2024-04-29 10:08:11,517 [om1-OMDoubleBufferFlushThread] INFO  ratis.OzoneManagerDoubleBuffer (OzoneManagerDoubleBuffer.java:canFlush(581)) - OMDoubleBuffer flush thread om1-OMDoubleBufferFlushThread is interrupted and will exit.
2024-04-29 10:08:11,517 [om1-impl-thread1] INFO  server.RaftServer$Division (ServerState.java:close(427)) - om1@group-C5BA1605619E: applyIndex: 3
2024-04-29 10:08:11,517 [om1@group-C5BA1605619E-cacheEviction-AwaitToRun] INFO  util.AwaitToRun (AwaitToRun.java:run(49)) - om1@group-C5BA1605619E-cacheEviction-AwaitToRun-AwaitForSignal is interrupted
2024-04-29 10:08:11,578 [om1-impl-thread1] INFO  segmented.SegmentedRaftLogWorker (SegmentedRaftLogWorker.java:close(245)) - om1@group-C5BA1605619E-SegmentedRaftLogWorker close()
2024-04-29 10:08:11,578 [JvmPauseMonitor67] INFO  util.JvmPauseMonitor (JvmPauseMonitor.java:run(152)) - JvmPauseMonitor-om1: Stopped
2024-04-29 10:08:11,578 [main] INFO  utils.BackgroundService (BackgroundService.java:shutdown(160)) - Shutting down service KeyDeletingService
2024-04-29 10:08:11,579 [main] INFO  utils.BackgroundService (BackgroundService.java:shutdown(160)) - Shutting down service DirectoryDeletingService
2024-04-29 10:08:11,579 [main] INFO  utils.BackgroundService (BackgroundService.java:shutdown(160)) - Shutting down service OpenKeyCleanupService
2024-04-29 10:08:11,579 [main] INFO  utils.BackgroundService (BackgroundService.java:shutdown(160)) - Shutting down service SstFilteringService
2024-04-29 10:08:11,579 [main] INFO  utils.BackgroundService (BackgroundService.java:shutdown(160)) - Shutting down service SnapshotDeletingService
2024-04-29 10:08:11,579 [main] INFO  utils.BackgroundService (BackgroundService.java:shutdown(160)) - Shutting down service MultipartUploadCleanupService
2024-04-29 10:08:11,579 [main] INFO  utils.BackgroundService (BackgroundService.java:shutdown(160)) - Shutting down service SnapshotDirectoryCleaningService
2024-04-29 10:08:11,580 [main] INFO  handler.ContextHandler (ContextHandler.java:doStop(1159)) - Stopped o.e.j.w.WebAppContext@19a98be6{ozoneManager,/,null,STOPPED}{file:/home/runner/work/ozone/ozone/hadoop-ozone/integration-test/target/test-classes/webapps/ozoneManager}
2024-04-29 10:08:11,580 [main] INFO  server.AbstractConnector (AbstractConnector.java:doStop(383)) - Stopped ServerConnector@2dc0a0a7{HTTP/1.1, (http/1.1)}{0.0.0.0:15539}
2024-04-29 10:08:11,580 [main] INFO  server.session (HouseKeeper.java:stopScavenging(149)) - node0 Stopped scavenging
2024-04-29 10:08:11,580 [main] INFO  handler.ContextHandler (ContextHandler.java:doStop(1159)) - Stopped o.e.j.s.ServletContextHandler@42898c45{static,/static,file:///home/runner/work/ozone/ozone/hadoop-ozone/integration-test/target/test-classes/webapps/static,STOPPED}
2024-04-29 10:08:11,580 [main] INFO  handler.ContextHandler (ContextHandler.java:doStop(1159)) - Stopped o.e.j.s.ServletContextHandler@5a9529a{logs,/logs,file:///home/runner/work/ozone/ozone/hadoop-ozone/integration-test/target/log,STOPPED}
2024-04-29 10:08:11,581 [main] INFO  rocksdiff.RocksDBCheckpointDiffer (RocksDBCheckpointDiffer.java:close(310)) - Shutting down CompactionDagPruningService.
2024-04-29 10:08:11,582 [main] INFO  snapshot.SnapshotDiffManager (SnapshotDiffManager.java:closeExecutorService(1657)) - Shutting down executorService: 'SnapDiffExecutor'
2024-04-29 10:08:11,582 [main] INFO  utils.BackgroundService (BackgroundService.java:shutdown(160)) - Shutting down service SnapshotDiffCleanupService
2024-04-29 10:08:11,583 [main] INFO  ozone.MiniOzoneClusterImpl (MiniOzoneClusterImpl.java:stopDatanodes(471)) - Stopping the HddsDatanodes
2024-04-29 10:08:11,584 [ForkJoinPool.commonPool-worker-1] INFO  ozoneimpl.OzoneContainer (OzoneContainer.java:stop(481)) - Attempting to stop container services.
2024-04-29 10:08:11,584 [main] INFO  ozoneimpl.OzoneContainer (OzoneContainer.java:stop(481)) - Attempting to stop container services.
2024-04-29 10:08:11,585 [ForkJoinPool.commonPool-worker-2] INFO  ozoneimpl.OzoneContainer (OzoneContainer.java:stop(481)) - Attempting to stop container services.
2024-04-29 10:08:11,585 [ContainerMetadataScanner] WARN  ozoneimpl.AbstractBackgroundContainerScanner (AbstractBackgroundContainerScanner.java:handleRemainingSleep(134)) - Background container scan was interrupted.
2024-04-29 10:08:11,584 [ContainerMetadataScanner] WARN  ozoneimpl.AbstractBackgroundContainerScanner (AbstractBackgroundContainerScanner.java:handleRemainingSleep(134)) - Background container scan was interrupted.
2024-04-29 10:08:11,585 [ForkJoinPool.commonPool-worker-3] INFO  ozoneimpl.OzoneContainer (OzoneContainer.java:stop(481)) - Attempting to stop container services.
2024-04-29 10:08:11,585 [ContainerMetadataScanner] INFO  ozoneimpl.AbstractBackgroundContainerScanner (AbstractBackgroundContainerScanner.java:run(61)) - Thread[ContainerMetadataScanner,5,main] exiting.
2024-04-29 10:08:11,586 [main] INFO  ozoneimpl.BackgroundContainerDataScanner (BackgroundContainerDataScanner.java:shutdown(141)) - ContainerDataScanner(/home/runner/work/ozone/ozone/hadoop-ozone/integration-test/target/test-dir/MiniOzoneClusterImpl-b29d8e3c-9ac1-4bd8-916d-9a49b4a73262/ozone-meta/datanode-6/data-0/hdds) is shutting down. 
2024-04-29 10:08:11,585 [ContainerMetadataScanner] WARN  ozoneimpl.AbstractBackgroundContainerScanner (AbstractBackgroundContainerScanner.java:handleRemainingSleep(134)) - Background container scan was interrupted.
2024-04-29 10:08:11,586 [ContainerDataScanner(/home/runner/work/ozone/ozone/hadoop-ozone/integration-test/target/test-dir/MiniOzoneClusterImpl-b29d8e3c-9ac1-4bd8-916d-9a49b4a73262/ozone-meta/datanode-6/data-0/hdds)] WARN  ozoneimpl.AbstractBackgroundContainerScanner (AbstractBackgroundContainerScanner.java:handleRemainingSleep(134)) - Background container scan was interrupted.
2024-04-29 10:08:11,586 [ContainerDataScanner(/home/runner/work/ozone/ozone/hadoop-ozone/integration-test/target/test-dir/MiniOzoneClusterImpl-b29d8e3c-9ac1-4bd8-916d-9a49b4a73262/ozone-meta/datanode-6/data-0/hdds)] INFO  ozoneimpl.AbstractBackgroundContainerScanner (AbstractBackgroundContainerScanner.java:run(61)) - ContainerDataScanner(/home/runner/work/ozone/ozone/hadoop-ozone/integration-test/target/test-dir/MiniOzoneClusterImpl-b29d8e3c-9ac1-4bd8-916d-9a49b4a73262/ozone-meta/datanode-6/data-0/hdds, DS-2c7008e5-e9fd-4a76-bf19-8a67c618eb1d) exiting.
2024-04-29 10:08:11,586 [ContainerMetadataScanner] WARN  ozoneimpl.AbstractBackgroundContainerScanner (AbstractBackgroundContainerScanner.java:handleRemainingSleep(134)) - Background container scan was interrupted.
2024-04-29 10:08:11,587 [ContainerMetadataScanner] INFO  ozoneimpl.AbstractBackgroundContainerScanner (AbstractBackgroundContainerScanner.java:run(61)) - Thread[ContainerMetadataScanner,5,main] exiting.
2024-04-29 10:08:11,587 [main] INFO  server.RaftServer (RaftServerProxy.java:lambda$close$9(416)) - 55a78779-2920-4695-be09-c247c8260b05: close
2024-04-29 10:08:11,585 [ContainerMetadataScanner] INFO  ozoneimpl.AbstractBackgroundContainerScanner (AbstractBackgroundContainerScanner.java:run(61)) - Thread[ContainerMetadataScanner,5,main] exiting.
2024-04-29 10:08:11,587 [ForkJoinPool.commonPool-worker-1] INFO  ozoneimpl.BackgroundContainerDataScanner (BackgroundContainerDataScanner.java:shutdown(141)) - ContainerDataScanner(/home/runner/work/ozone/ozone/hadoop-ozone/integration-test/target/test-dir/MiniOzoneClusterImpl-b29d8e3c-9ac1-4bd8-916d-9a49b4a73262/ozone-meta/datanode-7/data-0/hdds) is shutting down. 
2024-04-29 10:08:11,587 [55a78779-2920-4695-be09-c247c8260b05-impl-thread1] INFO  server.RaftServer$Division (RaftServerImpl.java:lambda$close$3(526)) - 55a78779-2920-4695-be09-c247c8260b05@group-23704B2A1AEB: shutdown
2024-04-29 10:08:11,587 [ForkJoinPool.commonPool-worker-3] INFO  ozoneimpl.BackgroundContainerDataScanner (BackgroundContainerDataScanner.java:shutdown(141)) - ContainerDataScanner(/home/runner/work/ozone/ozone/hadoop-ozone/integration-test/target/test-dir/MiniOzoneClusterImpl-b29d8e3c-9ac1-4bd8-916d-9a49b4a73262/ozone-meta/datanode-8/data-0/hdds) is shutting down. 
2024-04-29 10:08:11,586 [ContainerMetadataScanner] INFO  ozoneimpl.AbstractBackgroundContainerScanner (AbstractBackgroundContainerScanner.java:run(61)) - Thread[ContainerMetadataScanner,5,main] exiting.
2024-04-29 10:08:11,587 [ForkJoinPool.commonPool-worker-2] INFO  ozoneimpl.BackgroundContainerDataScanner (BackgroundContainerDataScanner.java:shutdown(141)) - ContainerDataScanner(/home/runner/work/ozone/ozone/hadoop-ozone/integration-test/target/test-dir/MiniOzoneClusterImpl-b29d8e3c-9ac1-4bd8-916d-9a49b4a73262/ozone-meta/datanode-4/data-0/hdds) is shutting down. 
2024-04-29 10:08:11,587 [ContainerDataScanner(/home/runner/work/ozone/ozone/hadoop-ozone/integration-test/target/test-dir/MiniOzoneClusterImpl-b29d8e3c-9ac1-4bd8-916d-9a49b4a73262/ozone-meta/datanode-8/data-0/hdds)] WARN  ozoneimpl.AbstractBackgroundContainerScanner (AbstractBackgroundContainerScanner.java:handleRemainingSleep(134)) - Background container scan was interrupted.
2024-04-29 10:08:11,587 [ContainerDataScanner(/home/runner/work/ozone/ozone/hadoop-ozone/integration-test/target/test-dir/MiniOzoneClusterImpl-b29d8e3c-9ac1-4bd8-916d-9a49b4a73262/ozone-meta/datanode-8/data-0/hdds)] INFO  ozoneimpl.AbstractBackgroundContainerScanner (AbstractBackgroundContainerScanner.java:run(61)) - ContainerDataScanner(/home/runner/work/ozone/ozone/hadoop-ozone/integration-test/target/test-dir/MiniOzoneClusterImpl-b29d8e3c-9ac1-4bd8-916d-9a49b4a73262/ozone-meta/datanode-8/data-0/hdds, DS-c079e444-8ad1-4aaa-a90b-115d1425a17d) exiting.
2024-04-29 10:08:11,587 [55a78779-2920-4695-be09-c247c8260b05-impl-thread2] INFO  server.RaftServer$Division (RaftServerImpl.java:lambda$close$3(526)) - 55a78779-2920-4695-be09-c247c8260b05@group-0070392AD0AE: shutdown
2024-04-29 10:08:11,588 [55a78779-2920-4695-be09-c247c8260b05-impl-thread2] INFO  util.JmxRegister (JmxRegister.java:unregister(73)) - Successfully un-registered JMX Bean with object name Ratis:service=RaftServer,group=group-0070392AD0AE,id=55a78779-2920-4695-be09-c247c8260b05
2024-04-29 10:08:11,588 [55a78779-2920-4695-be09-c247c8260b05-impl-thread2] INFO  impl.RoleInfo (RoleInfo.java:shutdownLeaderState(94)) - 55a78779-2920-4695-be09-c247c8260b05: shutdown 55a78779-2920-4695-be09-c247c8260b05@group-0070392AD0AE-LeaderStateImpl
2024-04-29 10:08:11,587 [main] INFO  server.GrpcService (GrpcService.java:closeImpl(311)) - 55a78779-2920-4695-be09-c247c8260b05: shutdown server org.apache.ratis.grpc.server.GrpcClientProtocolService now
2024-04-29 10:08:11,587 [55a78779-2920-4695-be09-c247c8260b05-impl-thread1] INFO  util.JmxRegister (JmxRegister.java:unregister(73)) - Successfully un-registered JMX Bean with object name Ratis:service=RaftServer,group=group-23704B2A1AEB,id=55a78779-2920-4695-be09-c247c8260b05
2024-04-29 10:08:11,588 [55a78779-2920-4695-be09-c247c8260b05-impl-thread1] INFO  impl.RoleInfo (RoleInfo.java:shutdownFollowerState(110)) - 55a78779-2920-4695-be09-c247c8260b05: shutdown 55a78779-2920-4695-be09-c247c8260b05@group-23704B2A1AEB-FollowerState
2024-04-29 10:08:11,588 [55a78779-2920-4695-be09-c247c8260b05-impl-thread1] INFO  impl.StateMachineUpdater (StateMachineUpdater.java:stopAndJoin(157)) - 55a78779-2920-4695-be09-c247c8260b05@group-23704B2A1AEB-StateMachineUpdater: set stopIndex = 0
2024-04-29 10:08:11,588 [55a78779-2920-4695-be09-c247c8260b05@group-23704B2A1AEB-StateMachineUpdater] INFO  ratis.ContainerStateMachine (ContainerStateMachine.java:takeSnapshot(355)) - group-23704B2A1AEB: Taking a snapshot at:(t:1, i:0) file /home/runner/work/ozone/ozone/hadoop-ozone/integration-test/target/test-dir/MiniOzoneClusterImpl-b29d8e3c-9ac1-4bd8-916d-9a49b4a73262/ozone-meta/datanode-6/ratis/bec323c9-cefe-4bbb-9737-23704b2a1aeb/sm/snapshot.1_0
2024-04-29 10:08:11,587 [ContainerDataScanner(/home/runner/work/ozone/ozone/hadoop-ozone/integration-test/target/test-dir/MiniOzoneClusterImpl-b29d8e3c-9ac1-4bd8-916d-9a49b4a73262/ozone-meta/datanode-7/data-0/hdds)] WARN  ozoneimpl.AbstractBackgroundContainerScanner (AbstractBackgroundContainerScanner.java:handleRemainingSleep(134)) - Background container scan was interrupted.
2024-04-29 10:08:11,588 [ContainerDataScanner(/home/runner/work/ozone/ozone/hadoop-ozone/integration-test/target/test-dir/MiniOzoneClusterImpl-b29d8e3c-9ac1-4bd8-916d-9a49b4a73262/ozone-meta/datanode-7/data-0/hdds)] INFO  ozoneimpl.AbstractBackgroundContainerScanner (AbstractBackgroundContainerScanner.java:run(61)) - ContainerDataScanner(/home/runner/work/ozone/ozone/hadoop-ozone/integration-test/target/test-dir/MiniOzoneClusterImpl-b29d8e3c-9ac1-4bd8-916d-9a49b4a73262/ozone-meta/datanode-7/data-0/hdds, DS-67f93884-5d3d-4211-9a22-d3f6d2c9da22) exiting.
2024-04-29 10:08:11,588 [55a78779-2920-4695-be09-c247c8260b05@group-23704B2A1AEB-FollowerState] INFO  impl.FollowerState (FollowerState.java:run(152)) - 55a78779-2920-4695-be09-c247c8260b05@group-23704B2A1AEB-FollowerState was interrupted
2024-04-29 10:08:11,588 [55a78779-2920-4695-be09-c247c8260b05-impl-thread2] INFO  impl.PendingRequests (PendingRequests.java:sendNotLeaderResponses(289)) - 55a78779-2920-4695-be09-c247c8260b05@group-0070392AD0AE-PendingRequests: sendNotLeaderResponses
2024-04-29 10:08:11,589 [55a78779-2920-4695-be09-c247c8260b05@group-23704B2A1AEB-StateMachineUpdater] INFO  ratis.ContainerStateMachine (ContainerStateMachine.java:takeSnapshot(366)) - group-23704B2A1AEB: Finished taking a snapshot at:(t:1, i:0) file:/home/runner/work/ozone/ozone/hadoop-ozone/integration-test/target/test-dir/MiniOzoneClusterImpl-b29d8e3c-9ac1-4bd8-916d-9a49b4a73262/ozone-meta/datanode-6/ratis/bec323c9-cefe-4bbb-9737-23704b2a1aeb/sm/snapshot.1_0 took: 1 ms
2024-04-29 10:08:11,588 [ForkJoinPool.commonPool-worker-3] INFO  server.RaftServer (RaftServerProxy.java:lambda$close$9(416)) - 29872338-e6e3-4ec5-923b-53e8a9791636: close
2024-04-29 10:08:11,589 [55a78779-2920-4695-be09-c247c8260b05@group-23704B2A1AEB-StateMachineUpdater] INFO  impl.StateMachineUpdater (StateMachineUpdater.java:takeSnapshot(295)) - 55a78779-2920-4695-be09-c247c8260b05@group-23704B2A1AEB-StateMachineUpdater: Took a snapshot at index 0
2024-04-29 10:08:11,587 [ContainerDataScanner(/home/runner/work/ozone/ozone/hadoop-ozone/integration-test/target/test-dir/MiniOzoneClusterImpl-b29d8e3c-9ac1-4bd8-916d-9a49b4a73262/ozone-meta/datanode-4/data-0/hdds)] WARN  ozoneimpl.AbstractBackgroundContainerScanner (AbstractBackgroundContainerScanner.java:handleRemainingSleep(134)) - Background container scan was interrupted.
2024-04-29 10:08:11,589 [55a78779-2920-4695-be09-c247c8260b05@group-23704B2A1AEB-StateMachineUpdater] INFO  impl.StateMachineUpdater (StateMachineUpdater.java:lambda$new$0(98)) - 55a78779-2920-4695-be09-c247c8260b05@group-23704B2A1AEB-StateMachineUpdater: snapshotIndex: updateIncreasingly -1 -> 0
2024-04-29 10:08:11,589 [29872338-e6e3-4ec5-923b-53e8a9791636-impl-thread1] INFO  server.RaftServer$Division (RaftServerImpl.java:lambda$close$3(526)) - 29872338-e6e3-4ec5-923b-53e8a9791636@group-3BD7D644AE46: shutdown
2024-04-29 10:08:11,589 [29872338-e6e3-4ec5-923b-53e8a9791636-impl-thread2] INFO  server.RaftServer$Division (RaftServerImpl.java:lambda$close$3(526)) - 29872338-e6e3-4ec5-923b-53e8a9791636@group-CC876D3FFD49: shutdown
2024-04-29 10:08:11,589 [55a78779-2920-4695-be09-c247c8260b05-impl-thread1] INFO  server.RaftServer$Division (ServerState.java:close(427)) - 55a78779-2920-4695-be09-c247c8260b05@group-23704B2A1AEB: applyIndex: 0
2024-04-29 10:08:11,588 [ForkJoinPool.commonPool-worker-1] INFO  server.RaftServer (RaftServerProxy.java:lambda$close$9(416)) - d62b1b2a-c9ad-4d76-9b36-24bd1a5a2aa1: close
2024-04-29 10:08:11,589 [55a78779-2920-4695-be09-c247c8260b05-impl-thread2] INFO  impl.StateMachineUpdater (StateMachineUpdater.java:stopAndJoin(157)) - 55a78779-2920-4695-be09-c247c8260b05@group-0070392AD0AE-StateMachineUpdater: set stopIndex = 0
2024-04-29 10:08:11,589 [ForkJoinPool.commonPool-worker-1] INFO  server.GrpcService (GrpcService.java:closeImpl(311)) - d62b1b2a-c9ad-4d76-9b36-24bd1a5a2aa1: shutdown server org.apache.ratis.grpc.server.GrpcClientProtocolService now
2024-04-29 10:08:11,588 [main] INFO  server.GrpcService (GrpcService.java:closeImpl(320)) - 55a78779-2920-4695-be09-c247c8260b05: shutdown server org.apache.ratis.grpc.server.GrpcClientProtocolService successfully
2024-04-29 10:08:11,590 [main] INFO  server.GrpcService (GrpcService.java:closeImpl(311)) - 55a78779-2920-4695-be09-c247c8260b05: shutdown server GrpcServerProtocolService now
2024-04-29 10:08:11,589 [d62b1b2a-c9ad-4d76-9b36-24bd1a5a2aa1-impl-thread2] INFO  server.RaftServer$Division (RaftServerImpl.java:lambda$close$3(526)) - d62b1b2a-c9ad-4d76-9b36-24bd1a5a2aa1@group-3BD7D644AE46: shutdown
2024-04-29 10:08:11,590 [d62b1b2a-c9ad-4d76-9b36-24bd1a5a2aa1-impl-thread2] INFO  util.JmxRegister (JmxRegister.java:unregister(73)) - Successfully un-registered JMX Bean with object name Ratis:service=RaftServer,group=group-3BD7D644AE46,id=d62b1b2a-c9ad-4d76-9b36-24bd1a5a2aa1
2024-04-29 10:08:11,590 [d62b1b2a-c9ad-4d76-9b36-24bd1a5a2aa1-impl-thread2] INFO  impl.RoleInfo (RoleInfo.java:shutdownFollowerState(110)) - d62b1b2a-c9ad-4d76-9b36-24bd1a5a2aa1: shutdown d62b1b2a-c9ad-4d76-9b36-24bd1a5a2aa1@group-3BD7D644AE46-FollowerState
2024-04-29 10:08:11,590 [d62b1b2a-c9ad-4d76-9b36-24bd1a5a2aa1-impl-thread2] INFO  impl.StateMachineUpdater (StateMachineUpdater.java:stopAndJoin(157)) - d62b1b2a-c9ad-4d76-9b36-24bd1a5a2aa1@group-3BD7D644AE46-StateMachineUpdater: set stopIndex = 0
2024-04-29 10:08:11,590 [Thread-8390] INFO  server.GrpcServerProtocolClient (GrpcServerProtocolClient.java:close(103)) - 1f92b403-6a1c-4076-80c0-09f74f2f4297 Close channels
2024-04-29 10:08:11,590 [Thread-8389] INFO  server.GrpcServerProtocolClient (GrpcServerProtocolClient.java:close(103)) - 29872338-e6e3-4ec5-923b-53e8a9791636 Close channels
2024-04-29 10:08:11,591 [d62b1b2a-c9ad-4d76-9b36-24bd1a5a2aa1@group-3BD7D644AE46-StateMachineUpdater] INFO  ratis.ContainerStateMachine (ContainerStateMachine.java:takeSnapshot(355)) - group-3BD7D644AE46: Taking a snapshot at:(t:1, i:0) file /home/runner/work/ozone/ozone/hadoop-ozone/integration-test/target/test-dir/MiniOzoneClusterImpl-b29d8e3c-9ac1-4bd8-916d-9a49b4a73262/ozone-meta/datanode-7/ratis/469e50ad-6cde-4a23-a4d7-3bd7d644ae46/sm/snapshot.1_0
2024-04-29 10:08:11,589 [d62b1b2a-c9ad-4d76-9b36-24bd1a5a2aa1-impl-thread1] INFO  server.RaftServer$Division (RaftServerImpl.java:lambda$close$3(526)) - d62b1b2a-c9ad-4d76-9b36-24bd1a5a2aa1@group-30EDBEF5BFC7: shutdown
2024-04-29 10:08:11,591 [d62b1b2a-c9ad-4d76-9b36-24bd1a5a2aa1-impl-thread1] INFO  util.JmxRegister (JmxRegister.java:unregister(73)) - Successfully un-registered JMX Bean with object name Ratis:service=RaftServer,group=group-30EDBEF5BFC7,id=d62b1b2a-c9ad-4d76-9b36-24bd1a5a2aa1
2024-04-29 10:08:11,591 [d62b1b2a-c9ad-4d76-9b36-24bd1a5a2aa1-impl-thread1] INFO  impl.RoleInfo (RoleInfo.java:shutdownLeaderState(94)) - d62b1b2a-c9ad-4d76-9b36-24bd1a5a2aa1: shutdown d62b1b2a-c9ad-4d76-9b36-24bd1a5a2aa1@group-30EDBEF5BFC7-LeaderStateImpl
2024-04-29 10:08:11,591 [d62b1b2a-c9ad-4d76-9b36-24bd1a5a2aa1-impl-thread1] INFO  impl.PendingRequests (PendingRequests.java:sendNotLeaderResponses(289)) - d62b1b2a-c9ad-4d76-9b36-24bd1a5a2aa1@group-30EDBEF5BFC7-PendingRequests: sendNotLeaderResponses
2024-04-29 10:08:11,589 [55a78779-2920-4695-be09-c247c8260b05@group-0070392AD0AE-StateMachineUpdater] INFO  ratis.ContainerStateMachine (ContainerStateMachine.java:takeSnapshot(355)) - group-0070392AD0AE: Taking a snapshot at:(t:1, i:0) file /home/runner/work/ozone/ozone/hadoop-ozone/integration-test/target/test-dir/MiniOzoneClusterImpl-b29d8e3c-9ac1-4bd8-916d-9a49b4a73262/ozone-meta/datanode-6/ratis/f22884d0-df39-4def-95d3-0070392ad0ae/sm/snapshot.1_0
2024-04-29 10:08:11,589 [55a78779-2920-4695-be09-c247c8260b05@group-23704B2A1AEB-cacheEviction-AwaitToRun] INFO  util.AwaitToRun (AwaitToRun.java:run(49)) - 55a78779-2920-4695-be09-c247c8260b05@group-23704B2A1AEB-cacheEviction-AwaitToRun-AwaitForSignal is interrupted
2024-04-29 10:08:11,589 [29872338-e6e3-4ec5-923b-53e8a9791636-impl-thread2] INFO  util.JmxRegister (JmxRegister.java:unregister(73)) - Successfully un-registered JMX Bean with object name Ratis:service=RaftServer,group=group-CC876D3FFD49,id=29872338-e6e3-4ec5-923b-53e8a9791636
2024-04-29 10:08:11,589 [29872338-e6e3-4ec5-923b-53e8a9791636-impl-thread1] INFO  util.JmxRegister (JmxRegister.java:unregister(73)) - Successfully un-registered JMX Bean with object name Ratis:service=RaftServer,group=group-3BD7D644AE46,id=29872338-e6e3-4ec5-923b-53e8a9791636
2024-04-29 10:08:11,591 [d62b1b2a-c9ad-4d76-9b36-24bd1a5a2aa1-impl-thread1] INFO  impl.StateMachineUpdater (StateMachineUpdater.java:stopAndJoin(157)) - d62b1b2a-c9ad-4d76-9b36-24bd1a5a2aa1@group-30EDBEF5BFC7-StateMachineUpdater: set stopIndex = 0
2024-04-29 10:08:11,589 [ForkJoinPool.commonPool-worker-3] INFO  server.GrpcService (GrpcService.java:closeImpl(311)) - 29872338-e6e3-4ec5-923b-53e8a9791636: shutdown server org.apache.ratis.grpc.server.GrpcClientProtocolService now
2024-04-29 10:08:11,589 [ContainerDataScanner(/home/runner/work/ozone/ozone/hadoop-ozone/integration-test/target/test-dir/MiniOzoneClusterImpl-b29d8e3c-9ac1-4bd8-916d-9a49b4a73262/ozone-meta/datanode-4/data-0/hdds)] INFO  ozoneimpl.AbstractBackgroundContainerScanner (AbstractBackgroundContainerScanner.java:run(61)) - ContainerDataScanner(/home/runner/work/ozone/ozone/hadoop-ozone/integration-test/target/test-dir/MiniOzoneClusterImpl-b29d8e3c-9ac1-4bd8-916d-9a49b4a73262/ozone-meta/datanode-4/data-0/hdds, DS-a119d781-bd2f-42f6-ab2b-be2abab09e51) exiting.
2024-04-29 10:08:11,592 [ForkJoinPool.commonPool-worker-4] INFO  ozoneimpl.OzoneContainer (OzoneContainer.java:stop(481)) - Attempting to stop container services.
2024-04-29 10:08:11,592 [d62b1b2a-c9ad-4d76-9b36-24bd1a5a2aa1@group-3BD7D644AE46-FollowerState] INFO  impl.FollowerState (FollowerState.java:run(152)) - d62b1b2a-c9ad-4d76-9b36-24bd1a5a2aa1@group-3BD7D644AE46-FollowerState was interrupted
2024-04-29 10:08:11,591 [d62b1b2a-c9ad-4d76-9b36-24bd1a5a2aa1@group-30EDBEF5BFC7-StateMachineUpdater] INFO  ratis.ContainerStateMachine (ContainerStateMachine.java:takeSnapshot(355)) - group-30EDBEF5BFC7: Taking a snapshot at:(t:1, i:0) file /home/runner/work/ozone/ozone/hadoop-ozone/integration-test/target/test-dir/MiniOzoneClusterImpl-b29d8e3c-9ac1-4bd8-916d-9a49b4a73262/ozone-meta/datanode-7/ratis/e70adea4-fec5-469b-8e6c-30edbef5bfc7/sm/snapshot.1_0
2024-04-29 10:08:11,591 [29872338-e6e3-4ec5-923b-53e8a9791636-impl-thread1] INFO  impl.RoleInfo (RoleInfo.java:shutdownFollowerState(110)) - 29872338-e6e3-4ec5-923b-53e8a9791636: shutdown 29872338-e6e3-4ec5-923b-53e8a9791636@group-3BD7D644AE46-FollowerState
2024-04-29 10:08:11,592 [ForkJoinPool.commonPool-worker-2] INFO  server.RaftServer (RaftServerProxy.java:lambda$close$9(416)) - 57f64e1c-8fe8-4173-a2ca-9d6151488275: close
2024-04-29 10:08:11,592 [29872338-e6e3-4ec5-923b-53e8a9791636@group-3BD7D644AE46-FollowerState] INFO  impl.FollowerState (FollowerState.java:run(152)) - 29872338-e6e3-4ec5-923b-53e8a9791636@group-3BD7D644AE46-FollowerState was interrupted
2024-04-29 10:08:11,591 [29872338-e6e3-4ec5-923b-53e8a9791636-impl-thread2] INFO  impl.RoleInfo (RoleInfo.java:shutdownLeaderState(94)) - 29872338-e6e3-4ec5-923b-53e8a9791636: shutdown 29872338-e6e3-4ec5-923b-53e8a9791636@group-CC876D3FFD49-LeaderStateImpl
2024-04-29 10:08:11,592 [57f64e1c-8fe8-4173-a2ca-9d6151488275-impl-thread1] INFO  server.RaftServer$Division (RaftServerImpl.java:lambda$close$3(526)) - 57f64e1c-8fe8-4173-a2ca-9d6151488275@group-0F8502290335: shutdown
2024-04-29 10:08:11,592 [57f64e1c-8fe8-4173-a2ca-9d6151488275-impl-thread1] INFO  util.JmxRegister (JmxRegister.java:unregister(73)) - Successfully un-registered JMX Bean with object name Ratis:service=RaftServer,group=group-0F8502290335,id=57f64e1c-8fe8-4173-a2ca-9d6151488275
2024-04-29 10:08:11,592 [57f64e1c-8fe8-4173-a2ca-9d6151488275-impl-thread1] INFO  impl.RoleInfo (RoleInfo.java:shutdownLeaderState(94)) - 57f64e1c-8fe8-4173-a2ca-9d6151488275: shutdown 57f64e1c-8fe8-4173-a2ca-9d6151488275@group-0F8502290335-LeaderStateImpl
2024-04-29 10:08:11,592 [57f64e1c-8fe8-4173-a2ca-9d6151488275-impl-thread1] INFO  impl.PendingRequests (PendingRequests.java:sendNotLeaderResponses(289)) - 57f64e1c-8fe8-4173-a2ca-9d6151488275@group-0F8502290335-PendingRequests: sendNotLeaderResponses
2024-04-29 10:08:11,592 [29872338-e6e3-4ec5-923b-53e8a9791636@group-3BD7D644AE46-StateMachineUpdater] INFO  ratis.ContainerStateMachine (ContainerStateMachine.java:takeSnapshot(355)) - group-3BD7D644AE46: Taking a snapshot at:(t:1, i:0) file /home/runner/work/ozone/ozone/hadoop-ozone/integration-test/target/test-dir/MiniOzoneClusterImpl-b29d8e3c-9ac1-4bd8-916d-9a49b4a73262/ozone-meta/datanode-8/ratis/469e50ad-6cde-4a23-a4d7-3bd7d644ae46/sm/snapshot.1_0
2024-04-29 10:08:11,593 [grpc-default-executor-9] WARN  server.GrpcServerProtocolService (LogUtils.java:warn(121)) - 55a78779-2920-4695-be09-c247c8260b05: APPEND_ENTRIES onError, lastRequest: e3a225ff-43b2-4083-b986-b10dee5980c8->55a78779-2920-4695-be09-c247c8260b05#1-t1,previous=(t:0, i:0),leaderCommit=-1,initializing? false,entries: size=1, first=(t:1, i:0), CONFIGURATIONENTRY(current:id: "e3a225ff-43b2-4083-b986-b10dee5980c8"
address: "127.0.0.1:15584"
priority: 1
dataStreamAddress: "127.0.0.1:15585"
clientAddress: "127.0.0.1:15582"
adminAddress: "127.0.0.1:15583"
startupRole: FOLLOWER
,id: "57f64e1c-8fe8-4173-a2ca-9d6151488275"
address: "127.0.0.1:15575"
dataStreamAddress: "127.0.0.1:15576"
clientAddress: "127.0.0.1:15573"
adminAddress: "127.0.0.1:15574"
startupRole: FOLLOWER
,id: "55a78779-2920-4695-be09-c247c8260b05"
address: "127.0.0.1:15593"
dataStreamAddress: "127.0.0.1:15594"
clientAddress: "127.0.0.1:15591"
adminAddress: "127.0.0.1:15592"
startupRole: FOLLOWER
, old:): org.apache.ratis.thirdparty.io.grpc.StatusRuntimeException: CANCELLED: client cancelled
2024-04-29 10:08:11,593 [29872338-e6e3-4ec5-923b-53e8a9791636@group-3BD7D644AE46-StateMachineUpdater] INFO  ratis.ContainerStateMachine (ContainerStateMachine.java:takeSnapshot(366)) - group-3BD7D644AE46: Finished taking a snapshot at:(t:1, i:0) file:/home/runner/work/ozone/ozone/hadoop-ozone/integration-test/target/test-dir/MiniOzoneClusterImpl-b29d8e3c-9ac1-4bd8-916d-9a49b4a73262/ozone-meta/datanode-8/ratis/469e50ad-6cde-4a23-a4d7-3bd7d644ae46/sm/snapshot.1_0 took: 1 ms
2024-04-29 10:08:11,592 [29872338-e6e3-4ec5-923b-53e8a9791636-impl-thread1] INFO  impl.StateMachineUpdater (StateMachineUpdater.java:stopAndJoin(157)) - 29872338-e6e3-4ec5-923b-53e8a9791636@group-3BD7D644AE46-StateMachineUpdater: set stopIndex = 0
2024-04-29 10:08:11,592 [ContainerMetadataScanner] WARN  ozoneimpl.AbstractBackgroundContainerScanner (AbstractBackgroundContainerScanner.java:handleRemainingSleep(134)) - Background container scan was interrupted.
2024-04-29 10:08:11,593 [ContainerMetadataScanner] INFO  ozoneimpl.AbstractBackgroundContainerScanner (AbstractBackgroundContainerScanner.java:run(61)) - Thread[ContainerMetadataScanner,5,main] exiting.
2024-04-29 10:08:11,593 [29872338-e6e3-4ec5-923b-53e8a9791636@group-3BD7D644AE46-StateMachineUpdater] INFO  impl.StateMachineUpdater (StateMachineUpdater.java:takeSnapshot(295)) - 29872338-e6e3-4ec5-923b-53e8a9791636@group-3BD7D644AE46-StateMachineUpdater: Took a snapshot at index 0
2024-04-29 10:08:11,593 [29872338-e6e3-4ec5-923b-53e8a9791636@group-3BD7D644AE46-StateMachineUpdater] INFO  impl.StateMachineUpdater (StateMachineUpdater.java:lambda$new$0(98)) - 29872338-e6e3-4ec5-923b-53e8a9791636@group-3BD7D644AE46-StateMachineUpdater: snapshotIndex: updateIncreasingly -1 -> 0
2024-04-29 10:08:11,593 [55a78779-2920-4695-be09-c247c8260b05@group-0070392AD0AE-StateMachineUpdater] INFO  ratis.ContainerStateMachine (ContainerStateMachine.java:takeSnapshot(366)) - group-0070392AD0AE: Finished taking a snapshot at:(t:1, i:0) file:/home/runner/work/ozone/ozone/hadoop-ozone/integration-test/target/test-dir/MiniOzoneClusterImpl-b29d8e3c-9ac1-4bd8-916d-9a49b4a73262/ozone-meta/datanode-6/ratis/f22884d0-df39-4def-95d3-0070392ad0ae/sm/snapshot.1_0 took: 3 ms
2024-04-29 10:08:11,593 [55a78779-2920-4695-be09-c247c8260b05@group-0070392AD0AE-StateMachineUpdater] INFO  impl.StateMachineUpdater (StateMachineUpdater.java:takeSnapshot(295)) - 55a78779-2920-4695-be09-c247c8260b05@group-0070392AD0AE-StateMachineUpdater: Took a snapshot at index 0
2024-04-29 10:08:11,594 [55a78779-2920-4695-be09-c247c8260b05@group-0070392AD0AE-StateMachineUpdater] INFO  impl.StateMachineUpdater (StateMachineUpdater.java:lambda$new$0(98)) - 55a78779-2920-4695-be09-c247c8260b05@group-0070392AD0AE-StateMachineUpdater: snapshotIndex: updateIncreasingly -1 -> 0
2024-04-29 10:08:11,594 [57f64e1c-8fe8-4173-a2ca-9d6151488275-impl-thread1] INFO  impl.StateMachineUpdater (StateMachineUpdater.java:stopAndJoin(157)) - 57f64e1c-8fe8-4173-a2ca-9d6151488275@group-0F8502290335-StateMachineUpdater: set stopIndex = 0
2024-04-29 10:08:11,594 [57f64e1c-8fe8-4173-a2ca-9d6151488275@group-0F8502290335-StateMachineUpdater] INFO  ratis.ContainerStateMachine (ContainerStateMachine.java:takeSnapshot(355)) - group-0F8502290335: Taking a snapshot at:(t:1, i:0) file /home/runner/work/ozone/ozone/hadoop-ozone/integration-test/target/test-dir/MiniOzoneClusterImpl-b29d8e3c-9ac1-4bd8-916d-9a49b4a73262/ozone-meta/datanode-4/ratis/51b91730-2a03-401d-99e8-0f8502290335/sm/snapshot.1_0
2024-04-29 10:08:11,594 [ForkJoinPool.commonPool-worker-1] INFO  server.GrpcService (GrpcService.java:closeImpl(320)) - d62b1b2a-c9ad-4d76-9b36-24bd1a5a2aa1: shutdown server org.apache.ratis.grpc.server.GrpcClientProtocolService successfully
2024-04-29 10:08:11,594 [ForkJoinPool.commonPool-worker-1] INFO  server.GrpcService (GrpcService.java:closeImpl(311)) - d62b1b2a-c9ad-4d76-9b36-24bd1a5a2aa1: shutdown server GrpcServerProtocolService now
2024-04-29 10:08:11,593 [grpc-default-executor-8] WARN  server.GrpcServerProtocolService (LogUtils.java:warn(121)) - 55a78779-2920-4695-be09-c247c8260b05: APPEND_ENTRIES onError, lastRequest: null: org.apache.ratis.thirdparty.io.grpc.StatusRuntimeException: CANCELLED: client cancelled
2024-04-29 10:08:11,593 [d62b1b2a-c9ad-4d76-9b36-24bd1a5a2aa1@group-30EDBEF5BFC7-StateMachineUpdater] INFO  ratis.ContainerStateMachine (ContainerStateMachine.java:takeSnapshot(366)) - group-30EDBEF5BFC7: Finished taking a snapshot at:(t:1, i:0) file:/home/runner/work/ozone/ozone/hadoop-ozone/integration-test/target/test-dir/MiniOzoneClusterImpl-b29d8e3c-9ac1-4bd8-916d-9a49b4a73262/ozone-meta/datanode-7/ratis/e70adea4-fec5-469b-8e6c-30edbef5bfc7/sm/snapshot.1_0 took: 1 ms
2024-04-29 10:08:11,594 [57f64e1c-8fe8-4173-a2ca-9d6151488275@group-0F8502290335-StateMachineUpdater] INFO  ratis.ContainerStateMachine (ContainerStateMachine.java:takeSnapshot(366)) - group-0F8502290335: Finished taking a snapshot at:(t:1, i:0) file:/home/runner/work/ozone/ozone/hadoop-ozone/integration-test/target/test-dir/MiniOzoneClusterImpl-b29d8e3c-9ac1-4bd8-916d-9a49b4a73262/ozone-meta/datanode-4/ratis/51b91730-2a03-401d-99e8-0f8502290335/sm/snapshot.1_0 took: 0 ms
2024-04-29 10:08:11,594 [57f64e1c-8fe8-4173-a2ca-9d6151488275@group-0F8502290335-StateMachineUpdater] INFO  impl.StateMachineUpdater (StateMachineUpdater.java:takeSnapshot(295)) - 57f64e1c-8fe8-4173-a2ca-9d6151488275@group-0F8502290335-StateMachineUpdater: Took a snapshot at index 0
2024-04-29 10:08:11,594 [57f64e1c-8fe8-4173-a2ca-9d6151488275@group-0F8502290335-StateMachineUpdater] INFO  impl.StateMachineUpdater (StateMachineUpdater.java:lambda$new$0(98)) - 57f64e1c-8fe8-4173-a2ca-9d6151488275@group-0F8502290335-StateMachineUpdater: snapshotIndex: updateIncreasingly -1 -> 0
2024-04-29 10:08:11,592 [d62b1b2a-c9ad-4d76-9b36-24bd1a5a2aa1@group-3BD7D644AE46-StateMachineUpdater] INFO  ratis.ContainerStateMachine (ContainerStateMachine.java:takeSnapshot(366)) - group-3BD7D644AE46: Finished taking a snapshot at:(t:1, i:0) file:/home/runner/work/ozone/ozone/hadoop-ozone/integration-test/target/test-dir/MiniOzoneClusterImpl-b29d8e3c-9ac1-4bd8-916d-9a49b4a73262/ozone-meta/datanode-7/ratis/469e50ad-6cde-4a23-a4d7-3bd7d644ae46/sm/snapshot.1_0 took: 2 ms
2024-04-29 10:08:11,592 [29872338-e6e3-4ec5-923b-53e8a9791636-impl-thread2] INFO  impl.PendingRequests (PendingRequests.java:sendNotLeaderResponses(289)) - 29872338-e6e3-4ec5-923b-53e8a9791636@group-CC876D3FFD49-PendingRequests: sendNotLeaderResponses
2024-04-29 10:08:11,594 [d62b1b2a-c9ad-4d76-9b36-24bd1a5a2aa1@group-3BD7D644AE46-StateMachineUpdater] INFO  impl.StateMachineUpdater (StateMachineUpdater.java:takeSnapshot(295)) - d62b1b2a-c9ad-4d76-9b36-24bd1a5a2aa1@group-3BD7D644AE46-StateMachineUpdater: Took a snapshot at index 0
2024-04-29 10:08:11,594 [57f64e1c-8fe8-4173-a2ca-9d6151488275-impl-thread1] INFO  server.RaftServer$Division (ServerState.java:close(427)) - 57f64e1c-8fe8-4173-a2ca-9d6151488275@group-0F8502290335: applyIndex: 0
2024-04-29 10:08:11,595 [57f64e1c-8fe8-4173-a2ca-9d6151488275@group-0F8502290335-cacheEviction-AwaitToRun] INFO  util.AwaitToRun (AwaitToRun.java:run(49)) - 57f64e1c-8fe8-4173-a2ca-9d6151488275@group-0F8502290335-cacheEviction-AwaitToRun-AwaitForSignal is interrupted
2024-04-29 10:08:11,595 [29872338-e6e3-4ec5-923b-53e8a9791636-impl-thread2] INFO  impl.StateMachineUpdater (StateMachineUpdater.java:stopAndJoin(157)) - 29872338-e6e3-4ec5-923b-53e8a9791636@group-CC876D3FFD49-StateMachineUpdater: set stopIndex = 0
2024-04-29 10:08:11,595 [grpc-default-executor-9] WARN  server.GrpcLogAppender (LogUtils.java:warn(121)) - e3a225ff-43b2-4083-b986-b10dee5980c8@group-23704B2A1AEB->55a78779-2920-4695-be09-c247c8260b05-AppendLogResponseHandler: Failed appendEntries: org.apache.ratis.thirdparty.io.grpc.StatusRuntimeException: CANCELLED: RST_STREAM closed stream. HTTP/2 error code: CANCEL
2024-04-29 10:08:11,594 [d62b1b2a-c9ad-4d76-9b36-24bd1a5a2aa1@group-30EDBEF5BFC7-StateMachineUpdater] INFO  impl.StateMachineUpdater (StateMachineUpdater.java:takeSnapshot(295)) - d62b1b2a-c9ad-4d76-9b36-24bd1a5a2aa1@group-30EDBEF5BFC7-StateMachineUpdater: Took a snapshot at index 0
2024-04-29 10:08:11,595 [d62b1b2a-c9ad-4d76-9b36-24bd1a5a2aa1@group-30EDBEF5BFC7-StateMachineUpdater] INFO  impl.StateMachineUpdater (StateMachineUpdater.java:lambda$new$0(98)) - d62b1b2a-c9ad-4d76-9b36-24bd1a5a2aa1@group-30EDBEF5BFC7-StateMachineUpdater: snapshotIndex: updateIncreasingly -1 -> 0
2024-04-29 10:08:11,595 [grpc-default-executor-1] WARN  server.GrpcServerProtocolService (LogUtils.java:warn(121)) - d62b1b2a-c9ad-4d76-9b36-24bd1a5a2aa1: APPEND_ENTRIES onError, lastRequest: 1f92b403-6a1c-4076-80c0-09f74f2f4297->d62b1b2a-c9ad-4d76-9b36-24bd1a5a2aa1#1-t1,previous=(t:0, i:0),leaderCommit=-1,initializing? false,entries: size=1, first=(t:1, i:0), CONFIGURATIONENTRY(current:id: "d62b1b2a-c9ad-4d76-9b36-24bd1a5a2aa1"
address: "127.0.0.1:15602"
dataStreamAddress: "127.0.0.1:15603"
clientAddress: "127.0.0.1:15600"
adminAddress: "127.0.0.1:15601"
startupRole: FOLLOWER
,id: "29872338-e6e3-4ec5-923b-53e8a9791636"
address: "127.0.0.1:15611"
dataStreamAddress: "127.0.0.1:15612"
clientAddress: "127.0.0.1:15609"
adminAddress: "127.0.0.1:15610"
startupRole: FOLLOWER
,id: "1f92b403-6a1c-4076-80c0-09f74f2f4297"
address: "127.0.0.1:15620"
priority: 1
dataStreamAddress: "127.0.0.1:15621"
clientAddress: "127.0.0.1:15618"
adminAddress: "127.0.0.1:15619"
startupRole: FOLLOWER
, old:): org.apache.ratis.thirdparty.io.grpc.StatusRuntimeException: CANCELLED: client cancelled
2024-04-29 10:08:11,594 [55a78779-2920-4695-be09-c247c8260b05-impl-thread2] INFO  server.RaftServer$Division (ServerState.java:close(427)) - 55a78779-2920-4695-be09-c247c8260b05@group-0070392AD0AE: applyIndex: 0
2024-04-29 10:08:11,595 [grpc-default-executor-8] WARN  server.GrpcLogAppender (LogUtils.java:warn(121)) - 1f92b403-6a1c-4076-80c0-09f74f2f4297@group-3BD7D644AE46->d62b1b2a-c9ad-4d76-9b36-24bd1a5a2aa1-AppendLogResponseHandler: Failed appendEntries: org.apache.ratis.thirdparty.io.grpc.StatusRuntimeException: CANCELLED: RST_STREAM closed stream. HTTP/2 error code: CANCEL
2024-04-29 10:08:11,595 [grpc-default-executor-8] WARN  server.GrpcLogAppender (GrpcLogAppender.java:lambda$resetClient$1(217)) - 1f92b403-6a1c-4076-80c0-09f74f2f4297@group-3BD7D644AE46->d62b1b2a-c9ad-4d76-9b36-24bd1a5a2aa1-GrpcLogAppender: Follower failed (request=null, errorCount=1); keep nextIndex (1) unchanged and retry.
2024-04-29 10:08:11,595 [55a78779-2920-4695-be09-c247c8260b05@group-0070392AD0AE-cacheEviction-AwaitToRun] INFO  util.AwaitToRun (AwaitToRun.java:run(49)) - 55a78779-2920-4695-be09-c247c8260b05@group-0070392AD0AE-cacheEviction-AwaitToRun-AwaitForSignal is interrupted
2024-04-29 10:08:11,593 [29872338-e6e3-4ec5-923b-53e8a9791636-impl-thread1] INFO  server.RaftServer$Division (ServerState.java:close(427)) - 29872338-e6e3-4ec5-923b-53e8a9791636@group-3BD7D644AE46: applyIndex: 0
2024-04-29 10:08:11,593 [ForkJoinPool.commonPool-worker-4] INFO  ozoneimpl.BackgroundContainerDataScanner (BackgroundContainerDataScanner.java:shutdown(141)) - ContainerDataScanner(/home/runner/work/ozone/ozone/hadoop-ozone/integration-test/target/test-dir/MiniOzoneClusterImpl-b29d8e3c-9ac1-4bd8-916d-9a49b4a73262/ozone-meta/datanode-5/data-0/hdds) is shutting down. 
2024-04-29 10:08:11,595 [29872338-e6e3-4ec5-923b-53e8a9791636@group-CC876D3FFD49-StateMachineUpdater] INFO  ratis.ContainerStateMachine (ContainerStateMachine.java:takeSnapshot(355)) - group-CC876D3FFD49: Taking a snapshot at:(t:1, i:0) file /home/runner/work/ozone/ozone/hadoop-ozone/integration-test/target/test-dir/MiniOzoneClusterImpl-b29d8e3c-9ac1-4bd8-916d-9a49b4a73262/ozone-meta/datanode-8/ratis/b77868b8-cee7-4a10-b41b-cc876d3ffd49/sm/snapshot.1_0
2024-04-29 10:08:11,596 [29872338-e6e3-4ec5-923b-53e8a9791636@group-CC876D3FFD49-StateMachineUpdater] INFO  ratis.ContainerStateMachine (ContainerStateMachine.java:takeSnapshot(366)) - group-CC876D3FFD49: Finished taking a snapshot at:(t:1, i:0) file:/home/runner/work/ozone/ozone/hadoop-ozone/integration-test/target/test-dir/MiniOzoneClusterImpl-b29d8e3c-9ac1-4bd8-916d-9a49b4a73262/ozone-meta/datanode-8/ratis/b77868b8-cee7-4a10-b41b-cc876d3ffd49/sm/snapshot.1_0 took: 1 ms
2024-04-29 10:08:11,596 [29872338-e6e3-4ec5-923b-53e8a9791636@group-CC876D3FFD49-StateMachineUpdater] INFO  impl.StateMachineUpdater (StateMachineUpdater.java:takeSnapshot(295)) - 29872338-e6e3-4ec5-923b-53e8a9791636@group-CC876D3FFD49-StateMachineUpdater: Took a snapshot at index 0
2024-04-29 10:08:11,596 [29872338-e6e3-4ec5-923b-53e8a9791636@group-CC876D3FFD49-StateMachineUpdater] INFO  impl.StateMachineUpdater (StateMachineUpdater.java:lambda$new$0(98)) - 29872338-e6e3-4ec5-923b-53e8a9791636@group-CC876D3FFD49-StateMachineUpdater: snapshotIndex: updateIncreasingly -1 -> 0
2024-04-29 10:08:11,596 [29872338-e6e3-4ec5-923b-53e8a9791636-impl-thread2] INFO  server.RaftServer$Division (ServerState.java:close(427)) - 29872338-e6e3-4ec5-923b-53e8a9791636@group-CC876D3FFD49: applyIndex: 0
2024-04-29 10:08:11,596 [29872338-e6e3-4ec5-923b-53e8a9791636@group-CC876D3FFD49-cacheEviction-AwaitToRun] INFO  util.AwaitToRun (AwaitToRun.java:run(49)) - 29872338-e6e3-4ec5-923b-53e8a9791636@group-CC876D3FFD49-cacheEviction-AwaitToRun-AwaitForSignal is interrupted
2024-04-29 10:08:11,598 [grpc-default-executor-5] WARN  server.GrpcServerProtocolService (LogUtils.java:warn(121)) - d62b1b2a-c9ad-4d76-9b36-24bd1a5a2aa1: APPEND_ENTRIES onError, lastRequest: null: org.apache.ratis.thirdparty.io.grpc.StatusRuntimeException: CANCELLED: client cancelled
2024-04-29 10:08:11,598 [d62b1b2a-c9ad-4d76-9b36-24bd1a5a2aa1-impl-thread1] INFO  server.RaftServer$Division (ServerState.java:close(427)) - d62b1b2a-c9ad-4d76-9b36-24bd1a5a2aa1@group-30EDBEF5BFC7: applyIndex: 0
2024-04-29 10:08:11,598 [d62b1b2a-c9ad-4d76-9b36-24bd1a5a2aa1@group-30EDBEF5BFC7-cacheEviction-AwaitToRun] INFO  util.AwaitToRun (AwaitToRun.java:run(49)) - d62b1b2a-c9ad-4d76-9b36-24bd1a5a2aa1@group-30EDBEF5BFC7-cacheEviction-AwaitToRun-AwaitForSignal is interrupted
2024-04-29 10:08:11,598 [29872338-e6e3-4ec5-923b-53e8a9791636@group-3BD7D644AE46-cacheEviction-AwaitToRun] INFO  util.AwaitToRun (AwaitToRun.java:run(49)) - 29872338-e6e3-4ec5-923b-53e8a9791636@group-3BD7D644AE46-cacheEviction-AwaitToRun-AwaitForSignal is interrupted
2024-04-29 10:08:11,598 [ContainerDataScanner(/home/runner/work/ozone/ozone/hadoop-ozone/integration-test/target/test-dir/MiniOzoneClusterImpl-b29d8e3c-9ac1-4bd8-916d-9a49b4a73262/ozone-meta/datanode-5/data-0/hdds)] WARN  ozoneimpl.AbstractBackgroundContainerScanner (AbstractBackgroundContainerScanner.java:handleRemainingSleep(134)) - Background container scan was interrupted.
2024-04-29 10:08:11,598 [ContainerDataScanner(/home/runner/work/ozone/ozone/hadoop-ozone/integration-test/target/test-dir/MiniOzoneClusterImpl-b29d8e3c-9ac1-4bd8-916d-9a49b4a73262/ozone-meta/datanode-5/data-0/hdds)] INFO  ozoneimpl.AbstractBackgroundContainerScanner (AbstractBackgroundContainerScanner.java:run(61)) - ContainerDataScanner(/home/runner/work/ozone/ozone/hadoop-ozone/integration-test/target/test-dir/MiniOzoneClusterImpl-b29d8e3c-9ac1-4bd8-916d-9a49b4a73262/ozone-meta/datanode-5/data-0/hdds, DS-092fafa3-12a1-4cfb-9464-a70c8eef549b) exiting.
2024-04-29 10:08:11,599 [ForkJoinPool.commonPool-worker-4] INFO  server.RaftServer (RaftServerProxy.java:lambda$close$9(416)) - e3a225ff-43b2-4083-b986-b10dee5980c8: close
2024-04-29 10:08:11,599 [e3a225ff-43b2-4083-b986-b10dee5980c8-impl-thread1] INFO  server.RaftServer$Division (RaftServerImpl.java:lambda$close$3(526)) - e3a225ff-43b2-4083-b986-b10dee5980c8@group-23704B2A1AEB: shutdown
2024-04-29 10:08:11,599 [e3a225ff-43b2-4083-b986-b10dee5980c8-impl-thread1] INFO  util.JmxRegister (JmxRegister.java:unregister(73)) - Successfully un-registered JMX Bean with object name Ratis:service=RaftServer,group=group-23704B2A1AEB,id=e3a225ff-43b2-4083-b986-b10dee5980c8
2024-04-29 10:08:11,599 [e3a225ff-43b2-4083-b986-b10dee5980c8-impl-thread1] INFO  impl.RoleInfo (RoleInfo.java:shutdownLeaderState(94)) - e3a225ff-43b2-4083-b986-b10dee5980c8: shutdown e3a225ff-43b2-4083-b986-b10dee5980c8@group-23704B2A1AEB-LeaderStateImpl
2024-04-29 10:08:11,595 [grpc-default-executor-9] WARN  server.GrpcLogAppender (GrpcLogAppender.java:lambda$resetClient$1(217)) - e3a225ff-43b2-4083-b986-b10dee5980c8@group-23704B2A1AEB->55a78779-2920-4695-be09-c247c8260b05-GrpcLogAppender: Follower failed (request=null, errorCount=1); keep nextIndex (1) unchanged and retry.
2024-04-29 10:08:11,599 [e3a225ff-43b2-4083-b986-b10dee5980c8@group-23704B2A1AEB->55a78779-2920-4695-be09-c247c8260b05-GrpcLogAppender-LogAppenderDaemon] WARN  server.GrpcLogAppender (GrpcLogAppender.java:mayWait(289)) - e3a225ff-43b2-4083-b986-b10dee5980c8@group-23704B2A1AEB->55a78779-2920-4695-be09-c247c8260b05-GrpcLogAppender: Wait interrupted by java.lang.InterruptedException
2024-04-29 10:08:11,599 [e3a225ff-43b2-4083-b986-b10dee5980c8@group-23704B2A1AEB->57f64e1c-8fe8-4173-a2ca-9d6151488275-GrpcLogAppender-LogAppenderDaemon] WARN  server.GrpcLogAppender (GrpcLogAppender.java:mayWait(289)) - e3a225ff-43b2-4083-b986-b10dee5980c8@group-23704B2A1AEB->57f64e1c-8fe8-4173-a2ca-9d6151488275-GrpcLogAppender: Wait interrupted by java.lang.InterruptedException
2024-04-29 10:08:11,599 [ForkJoinPool.commonPool-worker-2] INFO  server.GrpcService (GrpcService.java:closeImpl(311)) - 57f64e1c-8fe8-4173-a2ca-9d6151488275: shutdown server org.apache.ratis.grpc.server.GrpcClientProtocolService now
2024-04-29 10:08:11,595 [d62b1b2a-c9ad-4d76-9b36-24bd1a5a2aa1@group-3BD7D644AE46-StateMachineUpdater] INFO  impl.StateMachineUpdater (StateMachineUpdater.java:lambda$new$0(98)) - d62b1b2a-c9ad-4d76-9b36-24bd1a5a2aa1@group-3BD7D644AE46-StateMachineUpdater: snapshotIndex: updateIncreasingly -1 -> 0
2024-04-29 10:08:11,599 [ForkJoinPool.commonPool-worker-3] INFO  server.GrpcService (GrpcService.java:closeImpl(320)) - 29872338-e6e3-4ec5-923b-53e8a9791636: shutdown server org.apache.ratis.grpc.server.GrpcClientProtocolService successfully
2024-04-29 10:08:11,599 [ForkJoinPool.commonPool-worker-3] INFO  server.GrpcService (GrpcService.java:closeImpl(311)) - 29872338-e6e3-4ec5-923b-53e8a9791636: shutdown server GrpcServerProtocolService now
2024-04-29 10:08:11,599 [e3a225ff-43b2-4083-b986-b10dee5980c8-impl-thread1] INFO  impl.PendingRequests (PendingRequests.java:sendNotLeaderResponses(289)) - e3a225ff-43b2-4083-b986-b10dee5980c8@group-23704B2A1AEB-PendingRequests: sendNotLeaderResponses
2024-04-29 10:08:11,599 [grpc-default-executor-5] INFO  server.GrpcServerProtocolService (GrpcServerProtocolService.java:onCompleted(157)) - 57f64e1c-8fe8-4173-a2ca-9d6151488275: Completed APPEND_ENTRIES, lastRequest: null
2024-04-29 10:08:11,600 [grpc-default-executor-8] INFO  server.GrpcServerProtocolService (GrpcServerProtocolService.java:onCompleted(157)) - 57f64e1c-8fe8-4173-a2ca-9d6151488275: Completed APPEND_ENTRIES, lastRequest: e3a225ff-43b2-4083-b986-b10dee5980c8->57f64e1c-8fe8-4173-a2ca-9d6151488275#1-t1,previous=(t:0, i:0),leaderCommit=-1,initializing? false,entries: size=1, first=(t:1, i:0), CONFIGURATIONENTRY(current:id: "e3a225ff-43b2-4083-b986-b10dee5980c8"
address: "127.0.0.1:15584"
priority: 1
dataStreamAddress: "127.0.0.1:15585"
clientAddress: "127.0.0.1:15582"
adminAddress: "127.0.0.1:15583"
startupRole: FOLLOWER
,id: "57f64e1c-8fe8-4173-a2ca-9d6151488275"
address: "127.0.0.1:15575"
dataStreamAddress: "127.0.0.1:15576"
clientAddress: "127.0.0.1:15573"
adminAddress: "127.0.0.1:15574"
startupRole: FOLLOWER
,id: "55a78779-2920-4695-be09-c247c8260b05"
address: "127.0.0.1:15593"
dataStreamAddress: "127.0.0.1:15594"
clientAddress: "127.0.0.1:15591"
adminAddress: "127.0.0.1:15592"
startupRole: FOLLOWER
, old:)
2024-04-29 10:08:11,600 [grpc-default-executor-8] INFO  server.GrpcServerProtocolService (GrpcServerProtocolService.java:lambda$onCompleted$5(159)) - 57f64e1c-8fe8-4173-a2ca-9d6151488275: Completed APPEND_ENTRIES, lastReply: null
2024-04-29 10:08:11,600 [e3a225ff-43b2-4083-b986-b10dee5980c8@group-23704B2A1AEB-StateMachineUpdater] INFO  ratis.ContainerStateMachine (ContainerStateMachine.java:takeSnapshot(355)) - group-23704B2A1AEB: Taking a snapshot at:(t:1, i:0) file /home/runner/work/ozone/ozone/hadoop-ozone/integration-test/target/test-dir/MiniOzoneClusterImpl-b29d8e3c-9ac1-4bd8-916d-9a49b4a73262/ozone-meta/datanode-5/ratis/bec323c9-cefe-4bbb-9737-23704b2a1aeb/sm/snapshot.1_0
2024-04-29 10:08:11,600 [grpc-default-executor-5] INFO  server.GrpcServerProtocolService (GrpcServerProtocolService.java:lambda$onCompleted$5(159)) - 57f64e1c-8fe8-4173-a2ca-9d6151488275: Completed APPEND_ENTRIES, lastReply: serverReply {
  requestorId: "e3a225ff-43b2-4083-b986-b10dee5980c8"
  replyId: "57f64e1c-8fe8-4173-a2ca-9d6151488275"
  raftGroupId {
    id: "\276\303#\311\316\376K\273\2277#pK*\032\353"
  }
  callId: 10
  success: true
}
term: 1
nextIndex: 1
matchIndex: 18446744073709551615
isHearbeat: true

2024-04-29 10:08:11,600 [e3a225ff-43b2-4083-b986-b10dee5980c8-impl-thread1] INFO  impl.StateMachineUpdater (StateMachineUpdater.java:stopAndJoin(157)) - e3a225ff-43b2-4083-b986-b10dee5980c8@group-23704B2A1AEB-StateMachineUpdater: set stopIndex = 0
2024-04-29 10:08:11,600 [grpc-default-executor-9] INFO  server.GrpcLogAppender (GrpcLogAppender.java:onCompleted(546)) - e3a225ff-43b2-4083-b986-b10dee5980c8@group-23704B2A1AEB->57f64e1c-8fe8-4173-a2ca-9d6151488275-AppendLogResponseHandler: follower responses appendEntries COMPLETED
2024-04-29 10:08:11,600 [d62b1b2a-c9ad-4d76-9b36-24bd1a5a2aa1-impl-thread2] INFO  server.RaftServer$Division (ServerState.java:close(427)) - d62b1b2a-c9ad-4d76-9b36-24bd1a5a2aa1@group-3BD7D644AE46: applyIndex: 0
2024-04-29 10:08:11,600 [d62b1b2a-c9ad-4d76-9b36-24bd1a5a2aa1@group-3BD7D644AE46-cacheEviction-AwaitToRun] INFO  util.AwaitToRun (AwaitToRun.java:run(49)) - d62b1b2a-c9ad-4d76-9b36-24bd1a5a2aa1@group-3BD7D644AE46-cacheEviction-AwaitToRun-AwaitForSignal is interrupted
2024-04-29 10:08:11,600 [e3a225ff-43b2-4083-b986-b10dee5980c8@group-23704B2A1AEB-StateMachineUpdater] INFO  ratis.ContainerStateMachine (ContainerStateMachine.java:takeSnapshot(366)) - group-23704B2A1AEB: Finished taking a snapshot at:(t:1, i:0) file:/home/runner/work/ozone/ozone/hadoop-ozone/integration-test/target/test-dir/MiniOzoneClusterImpl-b29d8e3c-9ac1-4bd8-916d-9a49b4a73262/ozone-meta/datanode-5/ratis/bec323c9-cefe-4bbb-9737-23704b2a1aeb/sm/snapshot.1_0 took: 1 ms
2024-04-29 10:08:11,601 [grpc-default-executor-9] WARN  server.GrpcServerProtocolService (LogUtils.java:warn(121)) - 29872338-e6e3-4ec5-923b-53e8a9791636: APPEND_ENTRIES onError, lastRequest: null: org.apache.ratis.thirdparty.io.grpc.StatusRuntimeException: CANCELLED: client cancelled
2024-04-29 10:08:11,601 [e3a225ff-43b2-4083-b986-b10dee5980c8@group-23704B2A1AEB-StateMachineUpdater] INFO  impl.StateMachineUpdater (StateMachineUpdater.java:takeSnapshot(295)) - e3a225ff-43b2-4083-b986-b10dee5980c8@group-23704B2A1AEB-StateMachineUpdater: Took a snapshot at index 0
2024-04-29 10:08:11,600 [grpc-default-executor-1] INFO  server.GrpcLogAppender (GrpcLogAppender.java:onCompleted(546)) - e3a225ff-43b2-4083-b986-b10dee5980c8@group-23704B2A1AEB->57f64e1c-8fe8-4173-a2ca-9d6151488275-AppendLogResponseHandler: follower responses appendEntries COMPLETED
2024-04-29 10:08:11,601 [e3a225ff-43b2-4083-b986-b10dee5980c8@group-23704B2A1AEB-StateMachineUpdater] INFO  impl.StateMachineUpdater (StateMachineUpdater.java:lambda$new$0(98)) - e3a225ff-43b2-4083-b986-b10dee5980c8@group-23704B2A1AEB-StateMachineUpdater: snapshotIndex: updateIncreasingly -1 -> 0
2024-04-29 10:08:11,601 [grpc-default-executor-1] WARN  server.GrpcLogAppender (LogUtils.java:warn(121)) - 1f92b403-6a1c-4076-80c0-09f74f2f4297@group-3BD7D644AE46->29872338-e6e3-4ec5-923b-53e8a9791636-AppendLogResponseHandler: Failed appendEntries: org.apache.ratis.thirdparty.io.grpc.StatusRuntimeException: CANCELLED: RST_STREAM closed stream. HTTP/2 error code: CANCEL
2024-04-29 10:08:11,601 [grpc-default-executor-1] WARN  server.GrpcLogAppender (GrpcLogAppender.java:lambda$resetClient$1(217)) - 1f92b403-6a1c-4076-80c0-09f74f2f4297@group-3BD7D644AE46->29872338-e6e3-4ec5-923b-53e8a9791636-GrpcLogAppender: Follower failed (request=null, errorCount=1); keep nextIndex (1) unchanged and retry.
2024-04-29 10:08:11,601 [e3a225ff-43b2-4083-b986-b10dee5980c8-impl-thread1] INFO  server.RaftServer$Division (ServerState.java:close(427)) - e3a225ff-43b2-4083-b986-b10dee5980c8@group-23704B2A1AEB: applyIndex: 0
2024-04-29 10:08:11,601 [e3a225ff-43b2-4083-b986-b10dee5980c8@group-23704B2A1AEB-cacheEviction-AwaitToRun] INFO  util.AwaitToRun (AwaitToRun.java:run(49)) - e3a225ff-43b2-4083-b986-b10dee5980c8@group-23704B2A1AEB-cacheEviction-AwaitToRun-AwaitForSignal is interrupted
2024-04-29 10:08:11,601 [grpc-default-executor-8] WARN  server.GrpcServerProtocolService (LogUtils.java:warn(121)) - 29872338-e6e3-4ec5-923b-53e8a9791636: APPEND_ENTRIES onError, lastRequest: 1f92b403-6a1c-4076-80c0-09f74f2f4297->29872338-e6e3-4ec5-923b-53e8a9791636#1-t1,previous=(t:0, i:0),leaderCommit=-1,initializing? false,entries: size=1, first=(t:1, i:0), CONFIGURATIONENTRY(current:id: "d62b1b2a-c9ad-4d76-9b36-24bd1a5a2aa1"
address: "127.0.0.1:15602"
dataStreamAddress: "127.0.0.1:15603"
clientAddress: "127.0.0.1:15600"
adminAddress: "127.0.0.1:15601"
startupRole: FOLLOWER
,id: "29872338-e6e3-4ec5-923b-53e8a9791636"
address: "127.0.0.1:15611"
dataStreamAddress: "127.0.0.1:15612"
clientAddress: "127.0.0.1:15609"
adminAddress: "127.0.0.1:15610"
startupRole: FOLLOWER
,id: "1f92b403-6a1c-4076-80c0-09f74f2f4297"
address: "127.0.0.1:15620"
priority: 1
dataStreamAddress: "127.0.0.1:15621"
clientAddress: "127.0.0.1:15618"
adminAddress: "127.0.0.1:15619"
startupRole: FOLLOWER
, old:): org.apache.ratis.thirdparty.io.grpc.StatusRuntimeException: CANCELLED: client cancelled
2024-04-29 10:08:11,603 [57f64e1c-8fe8-4173-a2ca-9d6151488275-impl-thread2] INFO  server.RaftServer$Division (RaftServerImpl.java:lambda$close$3(526)) - 57f64e1c-8fe8-4173-a2ca-9d6151488275@group-23704B2A1AEB: shutdown
2024-04-29 10:08:11,603 [57f64e1c-8fe8-4173-a2ca-9d6151488275-impl-thread2] INFO  util.JmxRegister (JmxRegister.java:unregister(73)) - Successfully un-registered JMX Bean with object name Ratis:service=RaftServer,group=group-23704B2A1AEB,id=57f64e1c-8fe8-4173-a2ca-9d6151488275
2024-04-29 10:08:11,603 [57f64e1c-8fe8-4173-a2ca-9d6151488275-impl-thread2] INFO  impl.RoleInfo (RoleInfo.java:shutdownFollowerState(110)) - 57f64e1c-8fe8-4173-a2ca-9d6151488275: shutdown 57f64e1c-8fe8-4173-a2ca-9d6151488275@group-23704B2A1AEB-FollowerState
2024-04-29 10:08:11,603 [ForkJoinPool.commonPool-worker-1] INFO  server.GrpcService (GrpcService.java:closeImpl(320)) - d62b1b2a-c9ad-4d76-9b36-24bd1a5a2aa1: shutdown server GrpcServerProtocolService successfully
2024-04-29 10:08:11,603 [ForkJoinPool.commonPool-worker-1] INFO  server.GrpcService (GrpcService.java:closeImpl(311)) - d62b1b2a-c9ad-4d76-9b36-24bd1a5a2aa1: shutdown server org.apache.ratis.grpc.server.GrpcAdminProtocolService now
2024-04-29 10:08:11,603 [57f64e1c-8fe8-4173-a2ca-9d6151488275-impl-thread2] INFO  impl.StateMachineUpdater (StateMachineUpdater.java:stopAndJoin(157)) - 57f64e1c-8fe8-4173-a2ca-9d6151488275@group-23704B2A1AEB-StateMachineUpdater: set stopIndex = 0
2024-04-29 10:08:11,603 [57f64e1c-8fe8-4173-a2ca-9d6151488275@group-23704B2A1AEB-StateMachineUpdater] INFO  ratis.ContainerStateMachine (ContainerStateMachine.java:takeSnapshot(355)) - group-23704B2A1AEB: Taking a snapshot at:(t:1, i:0) file /home/runner/work/ozone/ozone/hadoop-ozone/integration-test/target/test-dir/MiniOzoneClusterImpl-b29d8e3c-9ac1-4bd8-916d-9a49b4a73262/ozone-meta/datanode-4/ratis/bec323c9-cefe-4bbb-9737-23704b2a1aeb/sm/snapshot.1_0
2024-04-29 10:08:11,603 [57f64e1c-8fe8-4173-a2ca-9d6151488275@group-23704B2A1AEB-FollowerState] INFO  impl.FollowerState (FollowerState.java:run(152)) - 57f64e1c-8fe8-4173-a2ca-9d6151488275@group-23704B2A1AEB-FollowerState was interrupted
2024-04-29 10:08:11,604 [ForkJoinPool.commonPool-worker-1] INFO  server.GrpcService (GrpcService.java:closeImpl(320)) - d62b1b2a-c9ad-4d76-9b36-24bd1a5a2aa1: shutdown server org.apache.ratis.grpc.server.GrpcAdminProtocolService successfully
2024-04-29 10:08:11,604 [57f64e1c-8fe8-4173-a2ca-9d6151488275@group-23704B2A1AEB-StateMachineUpdater] INFO  ratis.ContainerStateMachine (ContainerStateMachine.java:takeSnapshot(366)) - group-23704B2A1AEB: Finished taking a snapshot at:(t:1, i:0) file:/home/runner/work/ozone/ozone/hadoop-ozone/integration-test/target/test-dir/MiniOzoneClusterImpl-b29d8e3c-9ac1-4bd8-916d-9a49b4a73262/ozone-meta/datanode-4/ratis/bec323c9-cefe-4bbb-9737-23704b2a1aeb/sm/snapshot.1_0 took: 1 ms
2024-04-29 10:08:11,604 [57f64e1c-8fe8-4173-a2ca-9d6151488275@group-23704B2A1AEB-StateMachineUpdater] INFO  impl.StateMachineUpdater (StateMachineUpdater.java:takeSnapshot(295)) - 57f64e1c-8fe8-4173-a2ca-9d6151488275@group-23704B2A1AEB-StateMachineUpdater: Took a snapshot at index 0
2024-04-29 10:08:11,604 [57f64e1c-8fe8-4173-a2ca-9d6151488275@group-23704B2A1AEB-StateMachineUpdater] INFO  impl.StateMachineUpdater (StateMachineUpdater.java:lambda$new$0(98)) - 57f64e1c-8fe8-4173-a2ca-9d6151488275@group-23704B2A1AEB-StateMachineUpdater: snapshotIndex: updateIncreasingly -1 -> 0
2024-04-29 10:08:11,604 [57f64e1c-8fe8-4173-a2ca-9d6151488275-impl-thread2] INFO  server.RaftServer$Division (ServerState.java:close(427)) - 57f64e1c-8fe8-4173-a2ca-9d6151488275@group-23704B2A1AEB: applyIndex: 0
2024-04-29 10:08:11,604 [57f64e1c-8fe8-4173-a2ca-9d6151488275@group-23704B2A1AEB-cacheEviction-AwaitToRun] INFO  util.AwaitToRun (AwaitToRun.java:run(49)) - 57f64e1c-8fe8-4173-a2ca-9d6151488275@group-23704B2A1AEB-cacheEviction-AwaitToRun-AwaitForSignal is interrupted
2024-04-29 10:08:11,609 [Thread-8398] INFO  server.GrpcServerProtocolClient (GrpcServerProtocolClient.java:close(103)) - e3a225ff-43b2-4083-b986-b10dee5980c8 Close channels
2024-04-29 10:08:11,613 [ForkJoinPool.commonPool-worker-3] INFO  server.GrpcService (GrpcService.java:closeImpl(320)) - 29872338-e6e3-4ec5-923b-53e8a9791636: shutdown server GrpcServerProtocolService successfully
2024-04-29 10:08:11,613 [ForkJoinPool.commonPool-worker-3] INFO  server.GrpcService (GrpcService.java:closeImpl(311)) - 29872338-e6e3-4ec5-923b-53e8a9791636: shutdown server org.apache.ratis.grpc.server.GrpcAdminProtocolService now
2024-04-29 10:08:11,613 [ForkJoinPool.commonPool-worker-3] INFO  server.GrpcService (GrpcService.java:closeImpl(320)) - 29872338-e6e3-4ec5-923b-53e8a9791636: shutdown server org.apache.ratis.grpc.server.GrpcAdminProtocolService successfully
2024-04-29 10:08:11,614 [ForkJoinPool.commonPool-worker-4] INFO  server.GrpcService (GrpcService.java:closeImpl(311)) - e3a225ff-43b2-4083-b986-b10dee5980c8: shutdown server org.apache.ratis.grpc.server.GrpcClientProtocolService now
2024-04-29 10:08:11,614 [e3a225ff-43b2-4083-b986-b10dee5980c8-impl-thread2] INFO  server.RaftServer$Division (RaftServerImpl.java:lambda$close$3(526)) - e3a225ff-43b2-4083-b986-b10dee5980c8@group-F6811402C15E: shutdown
2024-04-29 10:08:11,614 [e3a225ff-43b2-4083-b986-b10dee5980c8-impl-thread2] INFO  util.JmxRegister (JmxRegister.java:unregister(73)) - Successfully un-registered JMX Bean with object name Ratis:service=RaftServer,group=group-F6811402C15E,id=e3a225ff-43b2-4083-b986-b10dee5980c8
2024-04-29 10:08:11,614 [e3a225ff-43b2-4083-b986-b10dee5980c8-impl-thread2] INFO  impl.RoleInfo (RoleInfo.java:shutdownLeaderState(94)) - e3a225ff-43b2-4083-b986-b10dee5980c8: shutdown e3a225ff-43b2-4083-b986-b10dee5980c8@group-F6811402C15E-LeaderStateImpl
2024-04-29 10:08:11,614 [e3a225ff-43b2-4083-b986-b10dee5980c8-impl-thread2] INFO  impl.PendingRequests (PendingRequests.java:sendNotLeaderResponses(289)) - e3a225ff-43b2-4083-b986-b10dee5980c8@group-F6811402C15E-PendingRequests: sendNotLeaderResponses
2024-04-29 10:08:11,614 [e3a225ff-43b2-4083-b986-b10dee5980c8@group-F6811402C15E-StateMachineUpdater] INFO  ratis.ContainerStateMachine (ContainerStateMachine.java:takeSnapshot(355)) - group-F6811402C15E: Taking a snapshot at:(t:1, i:0) file /home/runner/work/ozone/ozone/hadoop-ozone/integration-test/target/test-dir/MiniOzoneClusterImpl-b29d8e3c-9ac1-4bd8-916d-9a49b4a73262/ozone-meta/datanode-5/ratis/8d4ea7f1-7849-49ab-90bc-f6811402c15e/sm/snapshot.1_0
2024-04-29 10:08:11,614 [e3a225ff-43b2-4083-b986-b10dee5980c8-impl-thread2] INFO  impl.StateMachineUpdater (StateMachineUpdater.java:stopAndJoin(157)) - e3a225ff-43b2-4083-b986-b10dee5980c8@group-F6811402C15E-StateMachineUpdater: set stopIndex = 0
2024-04-29 10:08:11,615 [e3a225ff-43b2-4083-b986-b10dee5980c8@group-F6811402C15E-StateMachineUpdater] INFO  ratis.ContainerStateMachine (ContainerStateMachine.java:takeSnapshot(366)) - group-F6811402C15E: Finished taking a snapshot at:(t:1, i:0) file:/home/runner/work/ozone/ozone/hadoop-ozone/integration-test/target/test-dir/MiniOzoneClusterImpl-b29d8e3c-9ac1-4bd8-916d-9a49b4a73262/ozone-meta/datanode-5/ratis/8d4ea7f1-7849-49ab-90bc-f6811402c15e/sm/snapshot.1_0 took: 0 ms
2024-04-29 10:08:11,615 [e3a225ff-43b2-4083-b986-b10dee5980c8@group-F6811402C15E-StateMachineUpdater] INFO  impl.StateMachineUpdater (StateMachineUpdater.java:takeSnapshot(295)) - e3a225ff-43b2-4083-b986-b10dee5980c8@group-F6811402C15E-StateMachineUpdater: Took a snapshot at index 0
2024-04-29 10:08:11,615 [e3a225ff-43b2-4083-b986-b10dee5980c8@group-F6811402C15E-StateMachineUpdater] INFO  impl.StateMachineUpdater (StateMachineUpdater.java:lambda$new$0(98)) - e3a225ff-43b2-4083-b986-b10dee5980c8@group-F6811402C15E-StateMachineUpdater: snapshotIndex: updateIncreasingly -1 -> 0
2024-04-29 10:08:11,615 [e3a225ff-43b2-4083-b986-b10dee5980c8-impl-thread2] INFO  server.RaftServer$Division (ServerState.java:close(427)) - e3a225ff-43b2-4083-b986-b10dee5980c8@group-F6811402C15E: applyIndex: 0
2024-04-29 10:08:11,615 [e3a225ff-43b2-4083-b986-b10dee5980c8@group-F6811402C15E-cacheEviction-AwaitToRun] INFO  util.AwaitToRun (AwaitToRun.java:run(49)) - e3a225ff-43b2-4083-b986-b10dee5980c8@group-F6811402C15E-cacheEviction-AwaitToRun-AwaitForSignal is interrupted
2024-04-29 10:08:11,618 [Thread-8408] INFO  server.GrpcServerProtocolClient (GrpcServerProtocolClient.java:close(103)) - 55a78779-2920-4695-be09-c247c8260b05 Close channels
2024-04-29 10:08:11,618 [ForkJoinPool.commonPool-worker-2] INFO  server.GrpcService (GrpcService.java:closeImpl(320)) - 57f64e1c-8fe8-4173-a2ca-9d6151488275: shutdown server org.apache.ratis.grpc.server.GrpcClientProtocolService successfully
2024-04-29 10:08:11,618 [ForkJoinPool.commonPool-worker-2] INFO  server.GrpcService (GrpcService.java:closeImpl(311)) - 57f64e1c-8fe8-4173-a2ca-9d6151488275: shutdown server GrpcServerProtocolService now
2024-04-29 10:08:11,624 [Thread-8421] INFO  server.GrpcServerProtocolClient (GrpcServerProtocolClient.java:close(103)) - 57f64e1c-8fe8-4173-a2ca-9d6151488275 Close channels
2024-04-29 10:08:11,624 [Thread-8422] INFO  server.GrpcServerProtocolClient (GrpcServerProtocolClient.java:close(103)) - 55a78779-2920-4695-be09-c247c8260b05 Close channels
2024-04-29 10:08:11,624 [ForkJoinPool.commonPool-worker-4] INFO  server.GrpcService (GrpcService.java:closeImpl(320)) - e3a225ff-43b2-4083-b986-b10dee5980c8: shutdown server org.apache.ratis.grpc.server.GrpcClientProtocolService successfully
2024-04-29 10:08:11,624 [ForkJoinPool.commonPool-worker-4] INFO  server.GrpcService (GrpcService.java:closeImpl(311)) - e3a225ff-43b2-4083-b986-b10dee5980c8: shutdown server GrpcServerProtocolService now
2024-04-29 10:08:11,626 [main] INFO  server.GrpcService (GrpcService.java:closeImpl(320)) - 55a78779-2920-4695-be09-c247c8260b05: shutdown server GrpcServerProtocolService successfully
2024-04-29 10:08:11,626 [main] INFO  server.GrpcService (GrpcService.java:closeImpl(311)) - 55a78779-2920-4695-be09-c247c8260b05: shutdown server org.apache.ratis.grpc.server.GrpcAdminProtocolService now
2024-04-29 10:08:11,629 [ForkJoinPool.commonPool-worker-4] INFO  server.GrpcService (GrpcService.java:closeImpl(320)) - e3a225ff-43b2-4083-b986-b10dee5980c8: shutdown server GrpcServerProtocolService successfully
2024-04-29 10:08:11,630 [ForkJoinPool.commonPool-worker-4] INFO  server.GrpcService (GrpcService.java:closeImpl(311)) - e3a225ff-43b2-4083-b986-b10dee5980c8: shutdown server org.apache.ratis.grpc.server.GrpcAdminProtocolService now
2024-04-29 10:08:11,630 [ForkJoinPool.commonPool-worker-2] INFO  server.GrpcService (GrpcService.java:closeImpl(320)) - 57f64e1c-8fe8-4173-a2ca-9d6151488275: shutdown server GrpcServerProtocolService successfully
2024-04-29 10:08:11,630 [ForkJoinPool.commonPool-worker-2] INFO  server.GrpcService (GrpcService.java:closeImpl(311)) - 57f64e1c-8fe8-4173-a2ca-9d6151488275: shutdown server org.apache.ratis.grpc.server.GrpcAdminProtocolService now
2024-04-29 10:08:11,631 [ForkJoinPool.commonPool-worker-2] INFO  server.GrpcService (GrpcService.java:closeImpl(320)) - 57f64e1c-8fe8-4173-a2ca-9d6151488275: shutdown server org.apache.ratis.grpc.server.GrpcAdminProtocolService successfully
2024-04-29 10:08:11,637 [main] INFO  server.GrpcService (GrpcService.java:closeImpl(320)) - 55a78779-2920-4695-be09-c247c8260b05: shutdown server org.apache.ratis.grpc.server.GrpcAdminProtocolService successfully
2024-04-29 10:08:11,638 [ForkJoinPool.commonPool-worker-4] INFO  server.GrpcService (GrpcService.java:closeImpl(320)) - e3a225ff-43b2-4083-b986-b10dee5980c8: shutdown server org.apache.ratis.grpc.server.GrpcAdminProtocolService successfully
2024-04-29 10:08:11,646 [d62b1b2a-c9ad-4d76-9b36-24bd1a5a2aa1-impl-thread1] INFO  segmented.SegmentedRaftLogWorker (SegmentedRaftLogWorker.java:close(245)) - d62b1b2a-c9ad-4d76-9b36-24bd1a5a2aa1@group-30EDBEF5BFC7-SegmentedRaftLogWorker close()
2024-04-29 10:08:11,648 [d62b1b2a-c9ad-4d76-9b36-24bd1a5a2aa1-NettyServerStreamRpc-bossGroup--thread1] INFO  logging.LoggingHandler (AbstractInternalLogger.java:log(148)) - [id: 0x5ca7ab75, L:/0.0.0.0:15603] CLOSE
2024-04-29 10:08:11,649 [d62b1b2a-c9ad-4d76-9b36-24bd1a5a2aa1-NettyServerStreamRpc-bossGroup--thread1] INFO  logging.LoggingHandler (AbstractInternalLogger.java:log(148)) - [id: 0x5ca7ab75, L:/0.0.0.0:15603] INACTIVE
2024-04-29 10:08:11,649 [d62b1b2a-c9ad-4d76-9b36-24bd1a5a2aa1-NettyServerStreamRpc-bossGroup--thread1] INFO  logging.LoggingHandler (AbstractInternalLogger.java:log(148)) - [id: 0x5ca7ab75, L:/0.0.0.0:15603] UNREGISTERED
2024-04-29 10:08:11,651 [55a78779-2920-4695-be09-c247c8260b05-NettyServerStreamRpc-bossGroup--thread1] INFO  logging.LoggingHandler (AbstractInternalLogger.java:log(148)) - [id: 0x6bf5015e, L:/0.0.0.0:15594] CLOSE
2024-04-29 10:08:11,651 [55a78779-2920-4695-be09-c247c8260b05-NettyServerStreamRpc-bossGroup--thread1] INFO  logging.LoggingHandler (AbstractInternalLogger.java:log(148)) - [id: 0x6bf5015e, L:/0.0.0.0:15594] INACTIVE
2024-04-29 10:08:11,651 [55a78779-2920-4695-be09-c247c8260b05-NettyServerStreamRpc-bossGroup--thread1] INFO  logging.LoggingHandler (AbstractInternalLogger.java:log(148)) - [id: 0x6bf5015e, L:/0.0.0.0:15594] UNREGISTERED
2024-04-29 10:08:11,652 [29872338-e6e3-4ec5-923b-53e8a9791636-NettyServerStreamRpc-bossGroup--thread1] INFO  logging.LoggingHandler (AbstractInternalLogger.java:log(148)) - [id: 0x74526161, L:/0.0.0.0:15612] CLOSE
2024-04-29 10:08:11,652 [29872338-e6e3-4ec5-923b-53e8a9791636-NettyServerStreamRpc-bossGroup--thread1] INFO  logging.LoggingHandler (AbstractInternalLogger.java:log(148)) - [id: 0x74526161, L:/0.0.0.0:15612] INACTIVE
2024-04-29 10:08:11,652 [29872338-e6e3-4ec5-923b-53e8a9791636-NettyServerStreamRpc-bossGroup--thread1] INFO  logging.LoggingHandler (AbstractInternalLogger.java:log(148)) - [id: 0x74526161, L:/0.0.0.0:15612] UNREGISTERED
2024-04-29 10:08:11,658 [57f64e1c-8fe8-4173-a2ca-9d6151488275-NettyServerStreamRpc-bossGroup--thread1] INFO  logging.LoggingHandler (AbstractInternalLogger.java:log(148)) - [id: 0x96766f5b, L:/0.0.0.0:15576] CLOSE
2024-04-29 10:08:11,659 [57f64e1c-8fe8-4173-a2ca-9d6151488275-NettyServerStreamRpc-bossGroup--thread1] INFO  logging.LoggingHandler (AbstractInternalLogger.java:log(148)) - [id: 0x96766f5b, L:/0.0.0.0:15576] INACTIVE
2024-04-29 10:08:11,659 [57f64e1c-8fe8-4173-a2ca-9d6151488275-NettyServerStreamRpc-bossGroup--thread1] INFO  logging.LoggingHandler (AbstractInternalLogger.java:log(148)) - [id: 0x96766f5b, L:/0.0.0.0:15576] UNREGISTERED
2024-04-29 10:08:11,666 [e3a225ff-43b2-4083-b986-b10dee5980c8-NettyServerStreamRpc-bossGroup--thread1] INFO  logging.LoggingHandler (AbstractInternalLogger.java:log(148)) - [id: 0xfd412906, L:/0.0.0.0:15585] CLOSE
2024-04-29 10:08:11,666 [e3a225ff-43b2-4083-b986-b10dee5980c8-NettyServerStreamRpc-bossGroup--thread1] INFO  logging.LoggingHandler (AbstractInternalLogger.java:log(148)) - [id: 0xfd412906, L:/0.0.0.0:15585] INACTIVE
2024-04-29 10:08:11,666 [e3a225ff-43b2-4083-b986-b10dee5980c8-NettyServerStreamRpc-bossGroup--thread1] INFO  logging.LoggingHandler (AbstractInternalLogger.java:log(148)) - [id: 0xfd412906, L:/0.0.0.0:15585] UNREGISTERED
2024-04-29 10:08:11,669 [29872338-e6e3-4ec5-923b-53e8a9791636-impl-thread2] INFO  segmented.SegmentedRaftLogWorker (SegmentedRaftLogWorker.java:close(245)) - 29872338-e6e3-4ec5-923b-53e8a9791636@group-CC876D3FFD49-SegmentedRaftLogWorker close()
2024-04-29 10:08:11,701 [d62b1b2a-c9ad-4d76-9b36-24bd1a5a2aa1-impl-thread2] INFO  segmented.SegmentedRaftLogWorker (SegmentedRaftLogWorker.java:close(245)) - d62b1b2a-c9ad-4d76-9b36-24bd1a5a2aa1@group-3BD7D644AE46-SegmentedRaftLogWorker close()
2024-04-29 10:08:11,701 [29872338-e6e3-4ec5-923b-53e8a9791636-impl-thread1] INFO  segmented.SegmentedRaftLogWorker (SegmentedRaftLogWorker.java:close(245)) - 29872338-e6e3-4ec5-923b-53e8a9791636@group-3BD7D644AE46-SegmentedRaftLogWorker close()
2024-04-29 10:08:11,701 [JvmPauseMonitor74] INFO  util.JvmPauseMonitor (JvmPauseMonitor.java:run(152)) - JvmPauseMonitor-d62b1b2a-c9ad-4d76-9b36-24bd1a5a2aa1: Stopped
2024-04-29 10:08:11,702 [JvmPauseMonitor75] INFO  util.JvmPauseMonitor (JvmPauseMonitor.java:run(152)) - JvmPauseMonitor-29872338-e6e3-4ec5-923b-53e8a9791636: Stopped
2024-04-29 10:08:12,439 [e3a225ff-43b2-4083-b986-b10dee5980c8-impl-thread1] INFO  segmented.SegmentedRaftLogWorker (SegmentedRaftLogWorker.java:close(245)) - e3a225ff-43b2-4083-b986-b10dee5980c8@group-23704B2A1AEB-SegmentedRaftLogWorker close()
2024-04-29 10:08:12,444 [55a78779-2920-4695-be09-c247c8260b05-impl-thread2] INFO  segmented.SegmentedRaftLogWorker (SegmentedRaftLogWorker.java:close(245)) - 55a78779-2920-4695-be09-c247c8260b05@group-0070392AD0AE-SegmentedRaftLogWorker close()
2024-04-29 10:08:12,456 [57f64e1c-8fe8-4173-a2ca-9d6151488275-impl-thread2] INFO  segmented.SegmentedRaftLogWorker (SegmentedRaftLogWorker.java:close(245)) - 57f64e1c-8fe8-4173-a2ca-9d6151488275@group-23704B2A1AEB-SegmentedRaftLogWorker close()
2024-04-29 10:08:12,457 [55a78779-2920-4695-be09-c247c8260b05-impl-thread1] INFO  segmented.SegmentedRaftLogWorker (SegmentedRaftLogWorker.java:close(245)) - 55a78779-2920-4695-be09-c247c8260b05@group-23704B2A1AEB-SegmentedRaftLogWorker close()
2024-04-29 10:08:12,458 [JvmPauseMonitor73] INFO  util.JvmPauseMonitor (JvmPauseMonitor.java:run(152)) - JvmPauseMonitor-55a78779-2920-4695-be09-c247c8260b05: Stopped
2024-04-29 10:08:12,487 [e3a225ff-43b2-4083-b986-b10dee5980c8-impl-thread2] INFO  segmented.SegmentedRaftLogWorker (SegmentedRaftLogWorker.java:close(245)) - e3a225ff-43b2-4083-b986-b10dee5980c8@group-F6811402C15E-SegmentedRaftLogWorker close()
2024-04-29 10:08:12,487 [JvmPauseMonitor72] INFO  util.JvmPauseMonitor (JvmPauseMonitor.java:run(152)) - JvmPauseMonitor-e3a225ff-43b2-4083-b986-b10dee5980c8: Stopped
2024-04-29 10:08:12,506 [57f64e1c-8fe8-4173-a2ca-9d6151488275-impl-thread1] INFO  segmented.SegmentedRaftLogWorker (SegmentedRaftLogWorker.java:close(245)) - 57f64e1c-8fe8-4173-a2ca-9d6151488275@group-0F8502290335-SegmentedRaftLogWorker close()
2024-04-29 10:08:12,506 [JvmPauseMonitor71] INFO  util.JvmPauseMonitor (JvmPauseMonitor.java:run(152)) - JvmPauseMonitor-57f64e1c-8fe8-4173-a2ca-9d6151488275: Stopped
2024-04-29 10:08:13,704 [ForkJoinPool.commonPool-worker-1] INFO  utils.DatanodeStoreCache (DatanodeStoreCache.java:shutdownCache(116)) - Skip clearing cache in mini cluster mode. Entries left: [/home/runner/work/ozone/ozone/hadoop-ozone/integration-test/target/test-dir/MiniOzoneClusterImpl-b29d8e3c-9ac1-4bd8-916d-9a49b4a73262/ozone-meta/datanode-2/data-0/hdds/b29d8e3c-9ac1-4bd8-916d-9a49b4a73262/DS-3ee9d314-7358-46e8-ba87-555dc8c7eeee/container.db, /home/runner/work/ozone/ozone/hadoop-ozone/integration-test/target/test-dir/MiniOzoneClusterImpl-b29d8e3c-9ac1-4bd8-916d-9a49b4a73262/ozone-meta/datanode-4/data-0/hdds/b29d8e3c-9ac1-4bd8-916d-9a49b4a73262/DS-a119d781-bd2f-42f6-ab2b-be2abab09e51/container.db, /home/runner/work/ozone/ozone/hadoop-ozone/integration-test/target/test-dir/MiniOzoneClusterImpl-b29d8e3c-9ac1-4bd8-916d-9a49b4a73262/ozone-meta/datanode-5/data-0/hdds/b29d8e3c-9ac1-4bd8-916d-9a49b4a73262/DS-092fafa3-12a1-4cfb-9464-a70c8eef549b/container.db, /home/runner/work/ozone/ozone/hadoop-ozone/integration-test/target/test-dir/MiniOzoneClusterImpl-b29d8e3c-9ac1-4bd8-916d-9a49b4a73262/ozone-meta/datanode-6/data-0/hdds/b29d8e3c-9ac1-4bd8-916d-9a49b4a73262/DS-2c7008e5-e9fd-4a76-bf19-8a67c618eb1d/container.db, /home/runner/work/ozone/ozone/hadoop-ozone/integration-test/target/test-dir/MiniOzoneClusterImpl-b29d8e3c-9ac1-4bd8-916d-9a49b4a73262/ozone-meta/datanode-7/data-0/hdds/b29d8e3c-9ac1-4bd8-916d-9a49b4a73262/DS-67f93884-5d3d-4211-9a22-d3f6d2c9da22/container.db, /home/runner/work/ozone/ozone/hadoop-ozone/integration-test/target/test-dir/MiniOzoneClusterImpl-b29d8e3c-9ac1-4bd8-916d-9a49b4a73262/ozone-meta/datanode-8/data-0/hdds/b29d8e3c-9ac1-4bd8-916d-9a49b4a73262/DS-c079e444-8ad1-4aaa-a90b-115d1425a17d/container.db, /home/runner/work/ozone/ozone/hadoop-ozone/integration-test/target/test-dir/MiniOzoneClusterImpl-b29d8e3c-9ac1-4bd8-916d-9a49b4a73262/ozone-meta/datanode-9/data-0/hdds/b29d8e3c-9ac1-4bd8-916d-9a49b4a73262/DS-1a635560-6da0-4e16-9086-750ee9322c7b/container.db]
2024-04-29 10:08:13,704 [ForkJoinPool.commonPool-worker-3] INFO  utils.DatanodeStoreCache (DatanodeStoreCache.java:shutdownCache(116)) - Skip clearing cache in mini cluster mode. Entries left: [/home/runner/work/ozone/ozone/hadoop-ozone/integration-test/target/test-dir/MiniOzoneClusterImpl-b29d8e3c-9ac1-4bd8-916d-9a49b4a73262/ozone-meta/datanode-2/data-0/hdds/b29d8e3c-9ac1-4bd8-916d-9a49b4a73262/DS-3ee9d314-7358-46e8-ba87-555dc8c7eeee/container.db, /home/runner/work/ozone/ozone/hadoop-ozone/integration-test/target/test-dir/MiniOzoneClusterImpl-b29d8e3c-9ac1-4bd8-916d-9a49b4a73262/ozone-meta/datanode-4/data-0/hdds/b29d8e3c-9ac1-4bd8-916d-9a49b4a73262/DS-a119d781-bd2f-42f6-ab2b-be2abab09e51/container.db, /home/runner/work/ozone/ozone/hadoop-ozone/integration-test/target/test-dir/MiniOzoneClusterImpl-b29d8e3c-9ac1-4bd8-916d-9a49b4a73262/ozone-meta/datanode-5/data-0/hdds/b29d8e3c-9ac1-4bd8-916d-9a49b4a73262/DS-092fafa3-12a1-4cfb-9464-a70c8eef549b/container.db, /home/runner/work/ozone/ozone/hadoop-ozone/integration-test/target/test-dir/MiniOzoneClusterImpl-b29d8e3c-9ac1-4bd8-916d-9a49b4a73262/ozone-meta/datanode-6/data-0/hdds/b29d8e3c-9ac1-4bd8-916d-9a49b4a73262/DS-2c7008e5-e9fd-4a76-bf19-8a67c618eb1d/container.db, /home/runner/work/ozone/ozone/hadoop-ozone/integration-test/target/test-dir/MiniOzoneClusterImpl-b29d8e3c-9ac1-4bd8-916d-9a49b4a73262/ozone-meta/datanode-7/data-0/hdds/b29d8e3c-9ac1-4bd8-916d-9a49b4a73262/DS-67f93884-5d3d-4211-9a22-d3f6d2c9da22/container.db, /home/runner/work/ozone/ozone/hadoop-ozone/integration-test/target/test-dir/MiniOzoneClusterImpl-b29d8e3c-9ac1-4bd8-916d-9a49b4a73262/ozone-meta/datanode-8/data-0/hdds/b29d8e3c-9ac1-4bd8-916d-9a49b4a73262/DS-c079e444-8ad1-4aaa-a90b-115d1425a17d/container.db, /home/runner/work/ozone/ozone/hadoop-ozone/integration-test/target/test-dir/MiniOzoneClusterImpl-b29d8e3c-9ac1-4bd8-916d-9a49b4a73262/ozone-meta/datanode-9/data-0/hdds/b29d8e3c-9ac1-4bd8-916d-9a49b4a73262/DS-1a635560-6da0-4e16-9086-750ee9322c7b/container.db]
2024-04-29 10:08:13,705 [ForkJoinPool.commonPool-worker-1] INFO  utils.DatanodeStoreCache (DatanodeStoreCache.java:removeDB(110)) - Removed db /home/runner/work/ozone/ozone/hadoop-ozone/integration-test/target/test-dir/MiniOzoneClusterImpl-b29d8e3c-9ac1-4bd8-916d-9a49b4a73262/ozone-meta/datanode-7/data-0/hdds/b29d8e3c-9ac1-4bd8-916d-9a49b4a73262/DS-67f93884-5d3d-4211-9a22-d3f6d2c9da22/container.db from cache
2024-04-29 10:08:13,705 [ForkJoinPool.commonPool-worker-1] INFO  volume.HddsVolume (HddsVolume.java:closeDbStore(470)) - SchemaV3 db is stopped at /home/runner/work/ozone/ozone/hadoop-ozone/integration-test/target/test-dir/MiniOzoneClusterImpl-b29d8e3c-9ac1-4bd8-916d-9a49b4a73262/ozone-meta/datanode-7/data-0/hdds/b29d8e3c-9ac1-4bd8-916d-9a49b4a73262/DS-67f93884-5d3d-4211-9a22-d3f6d2c9da22/container.db for volume DS-67f93884-5d3d-4211-9a22-d3f6d2c9da22
2024-04-29 10:08:13,705 [ForkJoinPool.commonPool-worker-3] INFO  utils.DatanodeStoreCache (DatanodeStoreCache.java:removeDB(110)) - Removed db /home/runner/work/ozone/ozone/hadoop-ozone/integration-test/target/test-dir/MiniOzoneClusterImpl-b29d8e3c-9ac1-4bd8-916d-9a49b4a73262/ozone-meta/datanode-8/data-0/hdds/b29d8e3c-9ac1-4bd8-916d-9a49b4a73262/DS-c079e444-8ad1-4aaa-a90b-115d1425a17d/container.db from cache
2024-04-29 10:08:13,705 [ForkJoinPool.commonPool-worker-3] INFO  volume.HddsVolume (HddsVolume.java:closeDbStore(470)) - SchemaV3 db is stopped at /home/runner/work/ozone/ozone/hadoop-ozone/integration-test/target/test-dir/MiniOzoneClusterImpl-b29d8e3c-9ac1-4bd8-916d-9a49b4a73262/ozone-meta/datanode-8/data-0/hdds/b29d8e3c-9ac1-4bd8-916d-9a49b4a73262/DS-c079e444-8ad1-4aaa-a90b-115d1425a17d/container.db for volume DS-c079e444-8ad1-4aaa-a90b-115d1425a17d
2024-04-29 10:08:13,705 [ForkJoinPool.commonPool-worker-1] INFO  utils.BackgroundService (BackgroundService.java:shutdown(160)) - Shutting down service BlockDeletingService
2024-04-29 10:08:13,705 [ForkJoinPool.commonPool-worker-3] INFO  utils.BackgroundService (BackgroundService.java:shutdown(160)) - Shutting down service BlockDeletingService
2024-04-29 10:08:13,705 [ForkJoinPool.commonPool-worker-3] INFO  utils.BackgroundService (BackgroundService.java:shutdown(160)) - Shutting down service StaleRecoveringContainerScrubbingService
2024-04-29 10:08:13,705 [ForkJoinPool.commonPool-worker-1] INFO  utils.BackgroundService (BackgroundService.java:shutdown(160)) - Shutting down service StaleRecoveringContainerScrubbingService
2024-04-29 10:08:13,705 [ForkJoinPool.commonPool-worker-3] INFO  statemachine.DatanodeStateMachine (DatanodeStateMachine.java:stopDaemon(638)) - Ozone container server stopped.
2024-04-29 10:08:13,705 [ForkJoinPool.commonPool-worker-1] INFO  statemachine.DatanodeStateMachine (DatanodeStateMachine.java:stopDaemon(638)) - Ozone container server stopped.
2024-04-29 10:08:13,706 [ForkJoinPool.commonPool-worker-3] INFO  handler.ContextHandler (ContextHandler.java:doStop(1159)) - Stopped o.e.j.w.WebAppContext@457cb870{hddsDatanode,/,null,STOPPED}{file:/home/runner/work/ozone/ozone/hadoop-hdds/container-service/target/classes/webapps/hddsDatanode}
2024-04-29 10:08:13,706 [ForkJoinPool.commonPool-worker-1] INFO  handler.ContextHandler (ContextHandler.java:doStop(1159)) - Stopped o.e.j.w.WebAppContext@3f33316e{hddsDatanode,/,null,STOPPED}{file:/home/runner/work/ozone/ozone/hadoop-hdds/container-service/target/classes/webapps/hddsDatanode}
2024-04-29 10:08:13,706 [ForkJoinPool.commonPool-worker-3] INFO  server.AbstractConnector (AbstractConnector.java:doStop(383)) - Stopped ServerConnector@64ebcabf{HTTP/1.1, (http/1.1)}{0.0.0.0:15606}
2024-04-29 10:08:13,706 [ForkJoinPool.commonPool-worker-1] INFO  server.AbstractConnector (AbstractConnector.java:doStop(383)) - Stopped ServerConnector@d78c346{HTTP/1.1, (http/1.1)}{0.0.0.0:15597}
2024-04-29 10:08:13,706 [ForkJoinPool.commonPool-worker-3] INFO  server.session (HouseKeeper.java:stopScavenging(149)) - node0 Stopped scavenging
2024-04-29 10:08:13,706 [ForkJoinPool.commonPool-worker-1] INFO  server.session (HouseKeeper.java:stopScavenging(149)) - node0 Stopped scavenging
2024-04-29 10:08:13,706 [ForkJoinPool.commonPool-worker-3] INFO  handler.ContextHandler (ContextHandler.java:doStop(1159)) - Stopped o.e.j.s.ServletContextHandler@e56c524{static,/static,file:///home/runner/work/ozone/ozone/hadoop-hdds/container-service/target/classes/webapps/static,STOPPED}
2024-04-29 10:08:13,706 [ForkJoinPool.commonPool-worker-3] INFO  handler.ContextHandler (ContextHandler.java:doStop(1159)) - Stopped o.e.j.s.ServletContextHandler@57b57ffe{logs,/logs,file:///home/runner/work/ozone/ozone/hadoop-ozone/integration-test/target/log,STOPPED}
2024-04-29 10:08:13,706 [ForkJoinPool.commonPool-worker-1] INFO  handler.ContextHandler (ContextHandler.java:doStop(1159)) - Stopped o.e.j.s.ServletContextHandler@5f70053e{static,/static,file:///home/runner/work/ozone/ozone/hadoop-hdds/container-service/target/classes/webapps/static,STOPPED}
2024-04-29 10:08:13,707 [ForkJoinPool.commonPool-worker-1] INFO  handler.ContextHandler (ContextHandler.java:doStop(1159)) - Stopped o.e.j.s.ServletContextHandler@67b3fd0e{logs,/logs,file:///home/runner/work/ozone/ozone/hadoop-ozone/integration-test/target/log,STOPPED}
2024-04-29 10:08:13,707 [ForkJoinPool.commonPool-worker-3] INFO  ozone.HddsDatanodeClientProtocolServer (HddsDatanodeClientProtocolServer.java:stop(83)) - Stopping the RPC server for Client Protocol
2024-04-29 10:08:13,707 [ForkJoinPool.commonPool-worker-3] INFO  ipc.Server (Server.java:stop(3523)) - Stopping server on 15607
2024-04-29 10:08:13,707 [ForkJoinPool.commonPool-worker-1] INFO  ozone.HddsDatanodeClientProtocolServer (HddsDatanodeClientProtocolServer.java:stop(83)) - Stopping the RPC server for Client Protocol
2024-04-29 10:08:13,707 [ForkJoinPool.commonPool-worker-1] INFO  ipc.Server (Server.java:stop(3523)) - Stopping server on 15598
2024-04-29 10:08:13,707 [IPC Server listener on 15607] INFO  ipc.Server (Server.java:run(1434)) - Stopping IPC Server listener on 15607
2024-04-29 10:08:13,707 [IPC Server Responder] INFO  ipc.Server (Server.java:run(1567)) - Stopping IPC Server Responder
2024-04-29 10:08:13,708 [IPC Server listener on 15598] INFO  ipc.Server (Server.java:run(1434)) - Stopping IPC Server listener on 15598
2024-04-29 10:08:13,708 [IPC Server Responder] INFO  ipc.Server (Server.java:run(1567)) - Stopping IPC Server Responder
2024-04-29 10:08:13,709 [ForkJoinPool.commonPool-worker-3] INFO  ozoneimpl.OzoneContainer (OzoneContainer.java:stop(481)) - Attempting to stop container services.
2024-04-29 10:08:13,709 [ContainerMetadataScanner] WARN  ozoneimpl.AbstractBackgroundContainerScanner (AbstractBackgroundContainerScanner.java:handleRemainingSleep(134)) - Background container scan was interrupted.
2024-04-29 10:08:13,709 [ContainerMetadataScanner] INFO  ozoneimpl.AbstractBackgroundContainerScanner (AbstractBackgroundContainerScanner.java:run(61)) - Thread[ContainerMetadataScanner,5,main] exiting.
2024-04-29 10:08:13,709 [ForkJoinPool.commonPool-worker-3] INFO  ozoneimpl.BackgroundContainerDataScanner (BackgroundContainerDataScanner.java:shutdown(141)) - ContainerDataScanner(/home/runner/work/ozone/ozone/hadoop-ozone/integration-test/target/test-dir/MiniOzoneClusterImpl-b29d8e3c-9ac1-4bd8-916d-9a49b4a73262/ozone-meta/datanode-9/data-0/hdds) is shutting down. 
2024-04-29 10:08:13,709 [ContainerDataScanner(/home/runner/work/ozone/ozone/hadoop-ozone/integration-test/target/test-dir/MiniOzoneClusterImpl-b29d8e3c-9ac1-4bd8-916d-9a49b4a73262/ozone-meta/datanode-9/data-0/hdds)] WARN  ozoneimpl.AbstractBackgroundContainerScanner (AbstractBackgroundContainerScanner.java:handleRemainingSleep(134)) - Background container scan was interrupted.
2024-04-29 10:08:13,710 [ContainerDataScanner(/home/runner/work/ozone/ozone/hadoop-ozone/integration-test/target/test-dir/MiniOzoneClusterImpl-b29d8e3c-9ac1-4bd8-916d-9a49b4a73262/ozone-meta/datanode-9/data-0/hdds)] INFO  ozoneimpl.AbstractBackgroundContainerScanner (AbstractBackgroundContainerScanner.java:run(61)) - ContainerDataScanner(/home/runner/work/ozone/ozone/hadoop-ozone/integration-test/target/test-dir/MiniOzoneClusterImpl-b29d8e3c-9ac1-4bd8-916d-9a49b4a73262/ozone-meta/datanode-9/data-0/hdds, DS-1a635560-6da0-4e16-9086-750ee9322c7b) exiting.
2024-04-29 10:08:13,710 [ForkJoinPool.commonPool-worker-1] INFO  ozoneimpl.OzoneContainer (OzoneContainer.java:stop(481)) - Attempting to stop container services.
2024-04-29 10:08:13,710 [ForkJoinPool.commonPool-worker-3] INFO  server.RaftServer (RaftServerProxy.java:lambda$close$9(416)) - 1f92b403-6a1c-4076-80c0-09f74f2f4297: close
2024-04-29 10:08:13,710 [ContainerMetadataScanner] WARN  ozoneimpl.AbstractBackgroundContainerScanner (AbstractBackgroundContainerScanner.java:handleRemainingSleep(134)) - Background container scan was interrupted.
2024-04-29 10:08:13,710 [1f92b403-6a1c-4076-80c0-09f74f2f4297-impl-thread1] INFO  server.RaftServer$Division (RaftServerImpl.java:lambda$close$3(526)) - 1f92b403-6a1c-4076-80c0-09f74f2f4297@group-EED01E0C8FBA: shutdown
2024-04-29 10:08:13,710 [1f92b403-6a1c-4076-80c0-09f74f2f4297-impl-thread1] INFO  util.JmxRegister (JmxRegister.java:unregister(73)) - Successfully un-registered JMX Bean with object name Ratis:service=RaftServer,group=group-EED01E0C8FBA,id=1f92b403-6a1c-4076-80c0-09f74f2f4297
2024-04-29 10:08:13,710 [1f92b403-6a1c-4076-80c0-09f74f2f4297-impl-thread1] INFO  impl.RoleInfo (RoleInfo.java:shutdownLeaderState(94)) - 1f92b403-6a1c-4076-80c0-09f74f2f4297: shutdown 1f92b403-6a1c-4076-80c0-09f74f2f4297@group-EED01E0C8FBA-LeaderStateImpl
2024-04-29 10:08:13,711 [1f92b403-6a1c-4076-80c0-09f74f2f4297-impl-thread1] INFO  impl.PendingRequests (PendingRequests.java:sendNotLeaderResponses(289)) - 1f92b403-6a1c-4076-80c0-09f74f2f4297@group-EED01E0C8FBA-PendingRequests: sendNotLeaderResponses
2024-04-29 10:08:13,711 [1f92b403-6a1c-4076-80c0-09f74f2f4297-impl-thread1] INFO  impl.StateMachineUpdater (StateMachineUpdater.java:stopAndJoin(157)) - 1f92b403-6a1c-4076-80c0-09f74f2f4297@group-EED01E0C8FBA-StateMachineUpdater: set stopIndex = 0
2024-04-29 10:08:13,711 [1f92b403-6a1c-4076-80c0-09f74f2f4297@group-EED01E0C8FBA-StateMachineUpdater] INFO  ratis.ContainerStateMachine (ContainerStateMachine.java:takeSnapshot(355)) - group-EED01E0C8FBA: Taking a snapshot at:(t:1, i:0) file /home/runner/work/ozone/ozone/hadoop-ozone/integration-test/target/test-dir/MiniOzoneClusterImpl-b29d8e3c-9ac1-4bd8-916d-9a49b4a73262/ozone-meta/datanode-9/ratis/bba541d4-32cb-47e6-86ae-eed01e0c8fba/sm/snapshot.1_0
2024-04-29 10:08:13,710 [ContainerMetadataScanner] INFO  ozoneimpl.AbstractBackgroundContainerScanner (AbstractBackgroundContainerScanner.java:run(61)) - Thread[ContainerMetadataScanner,5,main] exiting.
2024-04-29 10:08:13,711 [ForkJoinPool.commonPool-worker-3] INFO  server.GrpcService (GrpcService.java:closeImpl(311)) - 1f92b403-6a1c-4076-80c0-09f74f2f4297: shutdown server org.apache.ratis.grpc.server.GrpcClientProtocolService now
2024-04-29 10:08:13,712 [ForkJoinPool.commonPool-worker-1] INFO  ozoneimpl.BackgroundContainerDataScanner (BackgroundContainerDataScanner.java:shutdown(141)) - ContainerDataScanner(/home/runner/work/ozone/ozone/hadoop-ozone/integration-test/target/test-dir/MiniOzoneClusterImpl-b29d8e3c-9ac1-4bd8-916d-9a49b4a73262/ozone-meta/datanode-2/data-0/hdds) is shutting down. 
2024-04-29 10:08:13,712 [ContainerDataScanner(/home/runner/work/ozone/ozone/hadoop-ozone/integration-test/target/test-dir/MiniOzoneClusterImpl-b29d8e3c-9ac1-4bd8-916d-9a49b4a73262/ozone-meta/datanode-2/data-0/hdds)] WARN  ozoneimpl.AbstractBackgroundContainerScanner (AbstractBackgroundContainerScanner.java:handleRemainingSleep(134)) - Background container scan was interrupted.
2024-04-29 10:08:13,712 [ContainerDataScanner(/home/runner/work/ozone/ozone/hadoop-ozone/integration-test/target/test-dir/MiniOzoneClusterImpl-b29d8e3c-9ac1-4bd8-916d-9a49b4a73262/ozone-meta/datanode-2/data-0/hdds)] INFO  ozoneimpl.AbstractBackgroundContainerScanner (AbstractBackgroundContainerScanner.java:run(61)) - ContainerDataScanner(/home/runner/work/ozone/ozone/hadoop-ozone/integration-test/target/test-dir/MiniOzoneClusterImpl-b29d8e3c-9ac1-4bd8-916d-9a49b4a73262/ozone-meta/datanode-2/data-0/hdds, DS-3ee9d314-7358-46e8-ba87-555dc8c7eeee) exiting.
2024-04-29 10:08:13,712 [1f92b403-6a1c-4076-80c0-09f74f2f4297-impl-thread2] INFO  server.RaftServer$Division (RaftServerImpl.java:lambda$close$3(526)) - 1f92b403-6a1c-4076-80c0-09f74f2f4297@group-3BD7D644AE46: shutdown
2024-04-29 10:08:13,712 [1f92b403-6a1c-4076-80c0-09f74f2f4297-impl-thread2] INFO  util.JmxRegister (JmxRegister.java:unregister(73)) - Successfully un-registered JMX Bean with object name Ratis:service=RaftServer,group=group-3BD7D644AE46,id=1f92b403-6a1c-4076-80c0-09f74f2f4297
2024-04-29 10:08:13,712 [1f92b403-6a1c-4076-80c0-09f74f2f4297-impl-thread2] INFO  impl.RoleInfo (RoleInfo.java:shutdownLeaderState(94)) - 1f92b403-6a1c-4076-80c0-09f74f2f4297: shutdown 1f92b403-6a1c-4076-80c0-09f74f2f4297@group-3BD7D644AE46-LeaderStateImpl
2024-04-29 10:08:13,712 [ForkJoinPool.commonPool-worker-1] INFO  server.RaftServer (RaftServerProxy.java:lambda$close$9(416)) - 4c7d070b-487d-4f6a-a802-5407a717b610: close
2024-04-29 10:08:13,712 [Thread-8609] INFO  server.GrpcServerProtocolClient (GrpcServerProtocolClient.java:close(103)) - 29872338-e6e3-4ec5-923b-53e8a9791636 Close channels
2024-04-29 10:08:13,712 [Thread-8608] INFO  server.GrpcServerProtocolClient (GrpcServerProtocolClient.java:close(103)) - d62b1b2a-c9ad-4d76-9b36-24bd1a5a2aa1 Close channels
2024-04-29 10:08:13,712 [1f92b403-6a1c-4076-80c0-09f74f2f4297@group-3BD7D644AE46->d62b1b2a-c9ad-4d76-9b36-24bd1a5a2aa1-GrpcLogAppender-LogAppenderDaemon] WARN  server.GrpcLogAppender (GrpcLogAppender.java:mayWait(289)) - 1f92b403-6a1c-4076-80c0-09f74f2f4297@group-3BD7D644AE46->d62b1b2a-c9ad-4d76-9b36-24bd1a5a2aa1-GrpcLogAppender: Wait interrupted by java.lang.InterruptedException
2024-04-29 10:08:13,712 [ForkJoinPool.commonPool-worker-1] INFO  server.GrpcService (GrpcService.java:closeImpl(311)) - 4c7d070b-487d-4f6a-a802-5407a717b610: shutdown server org.apache.ratis.grpc.server.GrpcClientProtocolService now
2024-04-29 10:08:13,712 [1f92b403-6a1c-4076-80c0-09f74f2f4297@group-3BD7D644AE46->29872338-e6e3-4ec5-923b-53e8a9791636-GrpcLogAppender-LogAppenderDaemon] WARN  server.GrpcLogAppender (GrpcLogAppender.java:mayWait(289)) - 1f92b403-6a1c-4076-80c0-09f74f2f4297@group-3BD7D644AE46->29872338-e6e3-4ec5-923b-53e8a9791636-GrpcLogAppender: Wait interrupted by java.lang.InterruptedException
2024-04-29 10:08:13,712 [1f92b403-6a1c-4076-80c0-09f74f2f4297@group-EED01E0C8FBA-StateMachineUpdater] INFO  ratis.ContainerStateMachine (ContainerStateMachine.java:takeSnapshot(366)) - group-EED01E0C8FBA: Finished taking a snapshot at:(t:1, i:0) file:/home/runner/work/ozone/ozone/hadoop-ozone/integration-test/target/test-dir/MiniOzoneClusterImpl-b29d8e3c-9ac1-4bd8-916d-9a49b4a73262/ozone-meta/datanode-9/ratis/bba541d4-32cb-47e6-86ae-eed01e0c8fba/sm/snapshot.1_0 took: 1 ms
2024-04-29 10:08:13,712 [4c7d070b-487d-4f6a-a802-5407a717b610-impl-thread1] INFO  server.RaftServer$Division (RaftServerImpl.java:lambda$close$3(526)) - 4c7d070b-487d-4f6a-a802-5407a717b610@group-36B6A54A3C10: shutdown
2024-04-29 10:08:13,713 [1f92b403-6a1c-4076-80c0-09f74f2f4297@group-EED01E0C8FBA-StateMachineUpdater] INFO  impl.StateMachineUpdater (StateMachineUpdater.java:takeSnapshot(295)) - 1f92b403-6a1c-4076-80c0-09f74f2f4297@group-EED01E0C8FBA-StateMachineUpdater: Took a snapshot at index 0
2024-04-29 10:08:13,713 [1f92b403-6a1c-4076-80c0-09f74f2f4297@group-EED01E0C8FBA-StateMachineUpdater] INFO  impl.StateMachineUpdater (StateMachineUpdater.java:lambda$new$0(98)) - 1f92b403-6a1c-4076-80c0-09f74f2f4297@group-EED01E0C8FBA-StateMachineUpdater: snapshotIndex: updateIncreasingly -1 -> 0
2024-04-29 10:08:13,712 [1f92b403-6a1c-4076-80c0-09f74f2f4297-impl-thread2] INFO  impl.PendingRequests (PendingRequests.java:sendNotLeaderResponses(289)) - 1f92b403-6a1c-4076-80c0-09f74f2f4297@group-3BD7D644AE46-PendingRequests: sendNotLeaderResponses
2024-04-29 10:08:13,713 [Thread-8611] INFO  server.GrpcServerProtocolClient (GrpcServerProtocolClient.java:close(103)) - 45d7554a-4794-4db0-8ec2-ed03ee8d9322 Close channels
2024-04-29 10:08:13,713 [Thread-8612] INFO  server.GrpcServerProtocolClient (GrpcServerProtocolClient.java:close(103)) - 0b459a02-f078-4553-b8ee-4a7bbebe5aa1 Close channels
2024-04-29 10:08:13,713 [4c7d070b-487d-4f6a-a802-5407a717b610-impl-thread1] INFO  util.JmxRegister (JmxRegister.java:unregister(73)) - Successfully un-registered JMX Bean with object name Ratis:service=RaftServer,group=group-36B6A54A3C10,id=4c7d070b-487d-4f6a-a802-5407a717b610
2024-04-29 10:08:13,713 [4c7d070b-487d-4f6a-a802-5407a717b610-impl-thread1] INFO  impl.RoleInfo (RoleInfo.java:shutdownLeaderState(94)) - 4c7d070b-487d-4f6a-a802-5407a717b610: shutdown 4c7d070b-487d-4f6a-a802-5407a717b610@group-36B6A54A3C10-LeaderStateImpl
2024-04-29 10:08:13,712 [ForkJoinPool.commonPool-worker-3] INFO  server.GrpcService (GrpcService.java:closeImpl(320)) - 1f92b403-6a1c-4076-80c0-09f74f2f4297: shutdown server org.apache.ratis.grpc.server.GrpcClientProtocolService successfully
2024-04-29 10:08:13,713 [1f92b403-6a1c-4076-80c0-09f74f2f4297@group-3BD7D644AE46-StateMachineUpdater] INFO  ratis.ContainerStateMachine (ContainerStateMachine.java:takeSnapshot(355)) - group-3BD7D644AE46: Taking a snapshot at:(t:1, i:0) file /home/runner/work/ozone/ozone/hadoop-ozone/integration-test/target/test-dir/MiniOzoneClusterImpl-b29d8e3c-9ac1-4bd8-916d-9a49b4a73262/ozone-meta/datanode-9/ratis/469e50ad-6cde-4a23-a4d7-3bd7d644ae46/sm/snapshot.1_0
2024-04-29 10:08:13,713 [ForkJoinPool.commonPool-worker-1] INFO  server.GrpcService (GrpcService.java:closeImpl(320)) - 4c7d070b-487d-4f6a-a802-5407a717b610: shutdown server org.apache.ratis.grpc.server.GrpcClientProtocolService successfully
2024-04-29 10:08:13,713 [ForkJoinPool.commonPool-worker-1] INFO  server.GrpcService (GrpcService.java:closeImpl(311)) - 4c7d070b-487d-4f6a-a802-5407a717b610: shutdown server GrpcServerProtocolService now
2024-04-29 10:08:13,714 [1f92b403-6a1c-4076-80c0-09f74f2f4297@group-3BD7D644AE46-StateMachineUpdater] INFO  ratis.ContainerStateMachine (ContainerStateMachine.java:takeSnapshot(366)) - group-3BD7D644AE46: Finished taking a snapshot at:(t:1, i:0) file:/home/runner/work/ozone/ozone/hadoop-ozone/integration-test/target/test-dir/MiniOzoneClusterImpl-b29d8e3c-9ac1-4bd8-916d-9a49b4a73262/ozone-meta/datanode-9/ratis/469e50ad-6cde-4a23-a4d7-3bd7d644ae46/sm/snapshot.1_0 took: 0 ms
2024-04-29 10:08:13,713 [4c7d070b-487d-4f6a-a802-5407a717b610-impl-thread1] INFO  impl.PendingRequests (PendingRequests.java:sendNotLeaderResponses(289)) - 4c7d070b-487d-4f6a-a802-5407a717b610@group-36B6A54A3C10-PendingRequests: sendNotLeaderResponses
2024-04-29 10:08:13,714 [4c7d070b-487d-4f6a-a802-5407a717b610-impl-thread1] INFO  impl.StateMachineUpdater (StateMachineUpdater.java:stopAndJoin(157)) - 4c7d070b-487d-4f6a-a802-5407a717b610@group-36B6A54A3C10-StateMachineUpdater: set stopIndex = 0
2024-04-29 10:08:13,713 [1f92b403-6a1c-4076-80c0-09f74f2f4297-impl-thread2] INFO  impl.StateMachineUpdater (StateMachineUpdater.java:stopAndJoin(157)) - 1f92b403-6a1c-4076-80c0-09f74f2f4297@group-3BD7D644AE46-StateMachineUpdater: set stopIndex = 0
2024-04-29 10:08:13,713 [1f92b403-6a1c-4076-80c0-09f74f2f4297-impl-thread1] INFO  server.RaftServer$Division (ServerState.java:close(427)) - 1f92b403-6a1c-4076-80c0-09f74f2f4297@group-EED01E0C8FBA: applyIndex: 0
2024-04-29 10:08:13,714 [4c7d070b-487d-4f6a-a802-5407a717b610@group-36B6A54A3C10-StateMachineUpdater] INFO  ratis.ContainerStateMachine (ContainerStateMachine.java:takeSnapshot(355)) - group-36B6A54A3C10: Taking a snapshot at:(t:1, i:0) file /home/runner/work/ozone/ozone/hadoop-ozone/integration-test/target/test-dir/MiniOzoneClusterImpl-b29d8e3c-9ac1-4bd8-916d-9a49b4a73262/ozone-meta/datanode-2/ratis/b191373b-afa4-4d10-969c-36b6a54a3c10/sm/snapshot.1_0
2024-04-29 10:08:13,714 [ForkJoinPool.commonPool-worker-1] INFO  server.GrpcService (GrpcService.java:closeImpl(320)) - 4c7d070b-487d-4f6a-a802-5407a717b610: shutdown server GrpcServerProtocolService successfully
2024-04-29 10:08:13,714 [ForkJoinPool.commonPool-worker-1] INFO  server.GrpcService (GrpcService.java:closeImpl(311)) - 4c7d070b-487d-4f6a-a802-5407a717b610: shutdown server org.apache.ratis.grpc.server.GrpcAdminProtocolService now
2024-04-29 10:08:13,713 [ForkJoinPool.commonPool-worker-3] INFO  server.GrpcService (GrpcService.java:closeImpl(311)) - 1f92b403-6a1c-4076-80c0-09f74f2f4297: shutdown server GrpcServerProtocolService now
2024-04-29 10:08:13,714 [1f92b403-6a1c-4076-80c0-09f74f2f4297@group-EED01E0C8FBA-cacheEviction-AwaitToRun] INFO  util.AwaitToRun (AwaitToRun.java:run(49)) - 1f92b403-6a1c-4076-80c0-09f74f2f4297@group-EED01E0C8FBA-cacheEviction-AwaitToRun-AwaitForSignal is interrupted
2024-04-29 10:08:13,714 [1f92b403-6a1c-4076-80c0-09f74f2f4297@group-3BD7D644AE46-StateMachineUpdater] INFO  impl.StateMachineUpdater (StateMachineUpdater.java:takeSnapshot(295)) - 1f92b403-6a1c-4076-80c0-09f74f2f4297@group-3BD7D644AE46-StateMachineUpdater: Took a snapshot at index 0
2024-04-29 10:08:13,715 [4c7d070b-487d-4f6a-a802-5407a717b610@group-36B6A54A3C10-StateMachineUpdater] INFO  ratis.ContainerStateMachine (ContainerStateMachine.java:takeSnapshot(366)) - group-36B6A54A3C10: Finished taking a snapshot at:(t:1, i:0) file:/home/runner/work/ozone/ozone/hadoop-ozone/integration-test/target/test-dir/MiniOzoneClusterImpl-b29d8e3c-9ac1-4bd8-916d-9a49b4a73262/ozone-meta/datanode-2/ratis/b191373b-afa4-4d10-969c-36b6a54a3c10/sm/snapshot.1_0 took: 1 ms
2024-04-29 10:08:13,715 [4c7d070b-487d-4f6a-a802-5407a717b610@group-36B6A54A3C10-StateMachineUpdater] INFO  impl.StateMachineUpdater (StateMachineUpdater.java:takeSnapshot(295)) - 4c7d070b-487d-4f6a-a802-5407a717b610@group-36B6A54A3C10-StateMachineUpdater: Took a snapshot at index 0
2024-04-29 10:08:13,715 [4c7d070b-487d-4f6a-a802-5407a717b610@group-36B6A54A3C10-StateMachineUpdater] INFO  impl.StateMachineUpdater (StateMachineUpdater.java:lambda$new$0(98)) - 4c7d070b-487d-4f6a-a802-5407a717b610@group-36B6A54A3C10-StateMachineUpdater: snapshotIndex: updateIncreasingly -1 -> 0
2024-04-29 10:08:13,715 [1f92b403-6a1c-4076-80c0-09f74f2f4297@group-3BD7D644AE46-StateMachineUpdater] INFO  impl.StateMachineUpdater (StateMachineUpdater.java:lambda$new$0(98)) - 1f92b403-6a1c-4076-80c0-09f74f2f4297@group-3BD7D644AE46-StateMachineUpdater: snapshotIndex: updateIncreasingly -1 -> 0
2024-04-29 10:08:13,715 [ForkJoinPool.commonPool-worker-3] INFO  server.GrpcService (GrpcService.java:closeImpl(320)) - 1f92b403-6a1c-4076-80c0-09f74f2f4297: shutdown server GrpcServerProtocolService successfully
2024-04-29 10:08:13,715 [ForkJoinPool.commonPool-worker-3] INFO  server.GrpcService (GrpcService.java:closeImpl(311)) - 1f92b403-6a1c-4076-80c0-09f74f2f4297: shutdown server org.apache.ratis.grpc.server.GrpcAdminProtocolService now
2024-04-29 10:08:13,715 [4c7d070b-487d-4f6a-a802-5407a717b610-impl-thread1] INFO  server.RaftServer$Division (ServerState.java:close(427)) - 4c7d070b-487d-4f6a-a802-5407a717b610@group-36B6A54A3C10: applyIndex: 0
2024-04-29 10:08:13,715 [1f92b403-6a1c-4076-80c0-09f74f2f4297-impl-thread2] INFO  server.RaftServer$Division (ServerState.java:close(427)) - 1f92b403-6a1c-4076-80c0-09f74f2f4297@group-3BD7D644AE46: applyIndex: 0
2024-04-29 10:08:13,715 [4c7d070b-487d-4f6a-a802-5407a717b610@group-36B6A54A3C10-cacheEviction-AwaitToRun] INFO  util.AwaitToRun (AwaitToRun.java:run(49)) - 4c7d070b-487d-4f6a-a802-5407a717b610@group-36B6A54A3C10-cacheEviction-AwaitToRun-AwaitForSignal is interrupted
2024-04-29 10:08:13,715 [1f92b403-6a1c-4076-80c0-09f74f2f4297@group-3BD7D644AE46-cacheEviction-AwaitToRun] INFO  util.AwaitToRun (AwaitToRun.java:run(49)) - 1f92b403-6a1c-4076-80c0-09f74f2f4297@group-3BD7D644AE46-cacheEviction-AwaitToRun-AwaitForSignal is interrupted
2024-04-29 10:08:13,715 [ForkJoinPool.commonPool-worker-1] INFO  server.GrpcService (GrpcService.java:closeImpl(320)) - 4c7d070b-487d-4f6a-a802-5407a717b610: shutdown server org.apache.ratis.grpc.server.GrpcAdminProtocolService successfully
2024-04-29 10:08:13,716 [ForkJoinPool.commonPool-worker-3] INFO  server.GrpcService (GrpcService.java:closeImpl(320)) - 1f92b403-6a1c-4076-80c0-09f74f2f4297: shutdown server org.apache.ratis.grpc.server.GrpcAdminProtocolService successfully
2024-04-29 10:08:13,719 [4c7d070b-487d-4f6a-a802-5407a717b610-NettyServerStreamRpc-bossGroup--thread1] INFO  logging.LoggingHandler (AbstractInternalLogger.java:log(148)) - [id: 0x40051e57, L:/0.0.0.0:15558] CLOSE
2024-04-29 10:08:13,719 [4c7d070b-487d-4f6a-a802-5407a717b610-NettyServerStreamRpc-bossGroup--thread1] INFO  logging.LoggingHandler (AbstractInternalLogger.java:log(148)) - [id: 0x40051e57, L:/0.0.0.0:15558] INACTIVE
2024-04-29 10:08:13,719 [4c7d070b-487d-4f6a-a802-5407a717b610-NettyServerStreamRpc-bossGroup--thread1] INFO  logging.LoggingHandler (AbstractInternalLogger.java:log(148)) - [id: 0x40051e57, L:/0.0.0.0:15558] UNREGISTERED
2024-04-29 10:08:13,721 [1f92b403-6a1c-4076-80c0-09f74f2f4297-NettyServerStreamRpc-bossGroup--thread1] INFO  logging.LoggingHandler (AbstractInternalLogger.java:log(148)) - [id: 0x5f29dfe8, L:/0.0.0.0:15621] CLOSE
2024-04-29 10:08:13,721 [1f92b403-6a1c-4076-80c0-09f74f2f4297-NettyServerStreamRpc-bossGroup--thread1] INFO  logging.LoggingHandler (AbstractInternalLogger.java:log(148)) - [id: 0x5f29dfe8, L:/0.0.0.0:15621] INACTIVE
2024-04-29 10:08:13,721 [1f92b403-6a1c-4076-80c0-09f74f2f4297-NettyServerStreamRpc-bossGroup--thread1] INFO  logging.LoggingHandler (AbstractInternalLogger.java:log(148)) - [id: 0x5f29dfe8, L:/0.0.0.0:15621] UNREGISTERED
2024-04-29 10:08:14,285 [4c7d070b-487d-4f6a-a802-5407a717b610-impl-thread1] INFO  segmented.SegmentedRaftLogWorker (SegmentedRaftLogWorker.java:close(245)) - 4c7d070b-487d-4f6a-a802-5407a717b610@group-36B6A54A3C10-SegmentedRaftLogWorker close()
2024-04-29 10:08:14,286 [JvmPauseMonitor69] INFO  util.JvmPauseMonitor (JvmPauseMonitor.java:run(152)) - JvmPauseMonitor-4c7d070b-487d-4f6a-a802-5407a717b610: Stopped
2024-04-29 10:08:14,460 [main] INFO  utils.DatanodeStoreCache (DatanodeStoreCache.java:shutdownCache(116)) - Skip clearing cache in mini cluster mode. Entries left: [/home/runner/work/ozone/ozone/hadoop-ozone/integration-test/target/test-dir/MiniOzoneClusterImpl-b29d8e3c-9ac1-4bd8-916d-9a49b4a73262/ozone-meta/datanode-2/data-0/hdds/b29d8e3c-9ac1-4bd8-916d-9a49b4a73262/DS-3ee9d314-7358-46e8-ba87-555dc8c7eeee/container.db, /home/runner/work/ozone/ozone/hadoop-ozone/integration-test/target/test-dir/MiniOzoneClusterImpl-b29d8e3c-9ac1-4bd8-916d-9a49b4a73262/ozone-meta/datanode-4/data-0/hdds/b29d8e3c-9ac1-4bd8-916d-9a49b4a73262/DS-a119d781-bd2f-42f6-ab2b-be2abab09e51/container.db, /home/runner/work/ozone/ozone/hadoop-ozone/integration-test/target/test-dir/MiniOzoneClusterImpl-b29d8e3c-9ac1-4bd8-916d-9a49b4a73262/ozone-meta/datanode-5/data-0/hdds/b29d8e3c-9ac1-4bd8-916d-9a49b4a73262/DS-092fafa3-12a1-4cfb-9464-a70c8eef549b/container.db, /home/runner/work/ozone/ozone/hadoop-ozone/integration-test/target/test-dir/MiniOzoneClusterImpl-b29d8e3c-9ac1-4bd8-916d-9a49b4a73262/ozone-meta/datanode-6/data-0/hdds/b29d8e3c-9ac1-4bd8-916d-9a49b4a73262/DS-2c7008e5-e9fd-4a76-bf19-8a67c618eb1d/container.db, /home/runner/work/ozone/ozone/hadoop-ozone/integration-test/target/test-dir/MiniOzoneClusterImpl-b29d8e3c-9ac1-4bd8-916d-9a49b4a73262/ozone-meta/datanode-9/data-0/hdds/b29d8e3c-9ac1-4bd8-916d-9a49b4a73262/DS-1a635560-6da0-4e16-9086-750ee9322c7b/container.db]
2024-04-29 10:08:14,461 [main] INFO  utils.DatanodeStoreCache (DatanodeStoreCache.java:removeDB(110)) - Removed db /home/runner/work/ozone/ozone/hadoop-ozone/integration-test/target/test-dir/MiniOzoneClusterImpl-b29d8e3c-9ac1-4bd8-916d-9a49b4a73262/ozone-meta/datanode-6/data-0/hdds/b29d8e3c-9ac1-4bd8-916d-9a49b4a73262/DS-2c7008e5-e9fd-4a76-bf19-8a67c618eb1d/container.db from cache
2024-04-29 10:08:14,461 [main] INFO  volume.HddsVolume (HddsVolume.java:closeDbStore(470)) - SchemaV3 db is stopped at /home/runner/work/ozone/ozone/hadoop-ozone/integration-test/target/test-dir/MiniOzoneClusterImpl-b29d8e3c-9ac1-4bd8-916d-9a49b4a73262/ozone-meta/datanode-6/data-0/hdds/b29d8e3c-9ac1-4bd8-916d-9a49b4a73262/DS-2c7008e5-e9fd-4a76-bf19-8a67c618eb1d/container.db for volume DS-2c7008e5-e9fd-4a76-bf19-8a67c618eb1d
2024-04-29 10:08:14,461 [main] INFO  utils.BackgroundService (BackgroundService.java:shutdown(160)) - Shutting down service BlockDeletingService
2024-04-29 10:08:14,461 [main] INFO  utils.BackgroundService (BackgroundService.java:shutdown(160)) - Shutting down service StaleRecoveringContainerScrubbingService
2024-04-29 10:08:14,462 [main] INFO  statemachine.DatanodeStateMachine (DatanodeStateMachine.java:stopDaemon(638)) - Ozone container server stopped.
2024-04-29 10:08:14,462 [main] INFO  handler.ContextHandler (ContextHandler.java:doStop(1159)) - Stopped o.e.j.w.WebAppContext@7bd276f2{hddsDatanode,/,null,STOPPED}{file:/home/runner/work/ozone/ozone/hadoop-hdds/container-service/target/classes/webapps/hddsDatanode}
2024-04-29 10:08:14,462 [main] INFO  server.AbstractConnector (AbstractConnector.java:doStop(383)) - Stopped ServerConnector@309c821d{HTTP/1.1, (http/1.1)}{0.0.0.0:15588}
2024-04-29 10:08:14,462 [main] INFO  server.session (HouseKeeper.java:stopScavenging(149)) - node0 Stopped scavenging
2024-04-29 10:08:14,463 [main] INFO  handler.ContextHandler (ContextHandler.java:doStop(1159)) - Stopped o.e.j.s.ServletContextHandler@49d761c3{static,/static,file:///home/runner/work/ozone/ozone/hadoop-hdds/container-service/target/classes/webapps/static,STOPPED}
2024-04-29 10:08:14,463 [main] INFO  handler.ContextHandler (ContextHandler.java:doStop(1159)) - Stopped o.e.j.s.ServletContextHandler@7cdab66c{logs,/logs,file:///home/runner/work/ozone/ozone/hadoop-ozone/integration-test/target/log,STOPPED}
2024-04-29 10:08:14,463 [main] INFO  ozone.HddsDatanodeClientProtocolServer (HddsDatanodeClientProtocolServer.java:stop(83)) - Stopping the RPC server for Client Protocol
2024-04-29 10:08:14,463 [main] INFO  ipc.Server (Server.java:stop(3523)) - Stopping server on 15589
2024-04-29 10:08:14,464 [IPC Server listener on 15589] INFO  ipc.Server (Server.java:run(1434)) - Stopping IPC Server listener on 15589
2024-04-29 10:08:14,464 [IPC Server Responder] INFO  ipc.Server (Server.java:run(1567)) - Stopping IPC Server Responder
2024-04-29 10:08:14,489 [ForkJoinPool.commonPool-worker-4] INFO  utils.DatanodeStoreCache (DatanodeStoreCache.java:shutdownCache(116)) - Skip clearing cache in mini cluster mode. Entries left: [/home/runner/work/ozone/ozone/hadoop-ozone/integration-test/target/test-dir/MiniOzoneClusterImpl-b29d8e3c-9ac1-4bd8-916d-9a49b4a73262/ozone-meta/datanode-2/data-0/hdds/b29d8e3c-9ac1-4bd8-916d-9a49b4a73262/DS-3ee9d314-7358-46e8-ba87-555dc8c7eeee/container.db, /home/runner/work/ozone/ozone/hadoop-ozone/integration-test/target/test-dir/MiniOzoneClusterImpl-b29d8e3c-9ac1-4bd8-916d-9a49b4a73262/ozone-meta/datanode-4/data-0/hdds/b29d8e3c-9ac1-4bd8-916d-9a49b4a73262/DS-a119d781-bd2f-42f6-ab2b-be2abab09e51/container.db, /home/runner/work/ozone/ozone/hadoop-ozone/integration-test/target/test-dir/MiniOzoneClusterImpl-b29d8e3c-9ac1-4bd8-916d-9a49b4a73262/ozone-meta/datanode-5/data-0/hdds/b29d8e3c-9ac1-4bd8-916d-9a49b4a73262/DS-092fafa3-12a1-4cfb-9464-a70c8eef549b/container.db, /home/runner/work/ozone/ozone/hadoop-ozone/integration-test/target/test-dir/MiniOzoneClusterImpl-b29d8e3c-9ac1-4bd8-916d-9a49b4a73262/ozone-meta/datanode-9/data-0/hdds/b29d8e3c-9ac1-4bd8-916d-9a49b4a73262/DS-1a635560-6da0-4e16-9086-750ee9322c7b/container.db]
2024-04-29 10:08:14,489 [ForkJoinPool.commonPool-worker-4] INFO  utils.DatanodeStoreCache (DatanodeStoreCache.java:removeDB(110)) - Removed db /home/runner/work/ozone/ozone/hadoop-ozone/integration-test/target/test-dir/MiniOzoneClusterImpl-b29d8e3c-9ac1-4bd8-916d-9a49b4a73262/ozone-meta/datanode-5/data-0/hdds/b29d8e3c-9ac1-4bd8-916d-9a49b4a73262/DS-092fafa3-12a1-4cfb-9464-a70c8eef549b/container.db from cache
2024-04-29 10:08:14,489 [ForkJoinPool.commonPool-worker-4] INFO  volume.HddsVolume (HddsVolume.java:closeDbStore(470)) - SchemaV3 db is stopped at /home/runner/work/ozone/ozone/hadoop-ozone/integration-test/target/test-dir/MiniOzoneClusterImpl-b29d8e3c-9ac1-4bd8-916d-9a49b4a73262/ozone-meta/datanode-5/data-0/hdds/b29d8e3c-9ac1-4bd8-916d-9a49b4a73262/DS-092fafa3-12a1-4cfb-9464-a70c8eef549b/container.db for volume DS-092fafa3-12a1-4cfb-9464-a70c8eef549b
2024-04-29 10:08:14,489 [ForkJoinPool.commonPool-worker-4] INFO  utils.BackgroundService (BackgroundService.java:shutdown(160)) - Shutting down service BlockDeletingService
2024-04-29 10:08:14,490 [ForkJoinPool.commonPool-worker-4] INFO  utils.BackgroundService (BackgroundService.java:shutdown(160)) - Shutting down service StaleRecoveringContainerScrubbingService
2024-04-29 10:08:14,490 [ForkJoinPool.commonPool-worker-4] INFO  statemachine.DatanodeStateMachine (DatanodeStateMachine.java:stopDaemon(638)) - Ozone container server stopped.
2024-04-29 10:08:14,490 [ForkJoinPool.commonPool-worker-4] INFO  handler.ContextHandler (ContextHandler.java:doStop(1159)) - Stopped o.e.j.w.WebAppContext@720c54c6{hddsDatanode,/,null,STOPPED}{file:/home/runner/work/ozone/ozone/hadoop-hdds/container-service/target/classes/webapps/hddsDatanode}
2024-04-29 10:08:14,490 [ForkJoinPool.commonPool-worker-4] INFO  server.AbstractConnector (AbstractConnector.java:doStop(383)) - Stopped ServerConnector@702e553b{HTTP/1.1, (http/1.1)}{0.0.0.0:15579}
2024-04-29 10:08:14,490 [ForkJoinPool.commonPool-worker-4] INFO  server.session (HouseKeeper.java:stopScavenging(149)) - node0 Stopped scavenging
2024-04-29 10:08:14,491 [ForkJoinPool.commonPool-worker-4] INFO  handler.ContextHandler (ContextHandler.java:doStop(1159)) - Stopped o.e.j.s.ServletContextHandler@325ca360{static,/static,file:///home/runner/work/ozone/ozone/hadoop-hdds/container-service/target/classes/webapps/static,STOPPED}
2024-04-29 10:08:14,491 [ForkJoinPool.commonPool-worker-4] INFO  handler.ContextHandler (ContextHandler.java:doStop(1159)) - Stopped o.e.j.s.ServletContextHandler@1cb95256{logs,/logs,file:///home/runner/work/ozone/ozone/hadoop-ozone/integration-test/target/log,STOPPED}
2024-04-29 10:08:14,500 [ForkJoinPool.commonPool-worker-4] INFO  ozone.HddsDatanodeClientProtocolServer (HddsDatanodeClientProtocolServer.java:stop(83)) - Stopping the RPC server for Client Protocol
2024-04-29 10:08:14,500 [ForkJoinPool.commonPool-worker-4] INFO  ipc.Server (Server.java:stop(3523)) - Stopping server on 15580
2024-04-29 10:08:14,500 [IPC Server listener on 15580] INFO  ipc.Server (Server.java:run(1434)) - Stopping IPC Server listener on 15580
2024-04-29 10:08:14,501 [IPC Server Responder] INFO  ipc.Server (Server.java:run(1567)) - Stopping IPC Server Responder
2024-04-29 10:08:14,508 [ForkJoinPool.commonPool-worker-2] INFO  utils.DatanodeStoreCache (DatanodeStoreCache.java:shutdownCache(116)) - Skip clearing cache in mini cluster mode. Entries left: [/home/runner/work/ozone/ozone/hadoop-ozone/integration-test/target/test-dir/MiniOzoneClusterImpl-b29d8e3c-9ac1-4bd8-916d-9a49b4a73262/ozone-meta/datanode-2/data-0/hdds/b29d8e3c-9ac1-4bd8-916d-9a49b4a73262/DS-3ee9d314-7358-46e8-ba87-555dc8c7eeee/container.db, /home/runner/work/ozone/ozone/hadoop-ozone/integration-test/target/test-dir/MiniOzoneClusterImpl-b29d8e3c-9ac1-4bd8-916d-9a49b4a73262/ozone-meta/datanode-4/data-0/hdds/b29d8e3c-9ac1-4bd8-916d-9a49b4a73262/DS-a119d781-bd2f-42f6-ab2b-be2abab09e51/container.db, /home/runner/work/ozone/ozone/hadoop-ozone/integration-test/target/test-dir/MiniOzoneClusterImpl-b29d8e3c-9ac1-4bd8-916d-9a49b4a73262/ozone-meta/datanode-9/data-0/hdds/b29d8e3c-9ac1-4bd8-916d-9a49b4a73262/DS-1a635560-6da0-4e16-9086-750ee9322c7b/container.db]
2024-04-29 10:08:14,509 [ForkJoinPool.commonPool-worker-2] INFO  utils.DatanodeStoreCache (DatanodeStoreCache.java:removeDB(110)) - Removed db /home/runner/work/ozone/ozone/hadoop-ozone/integration-test/target/test-dir/MiniOzoneClusterImpl-b29d8e3c-9ac1-4bd8-916d-9a49b4a73262/ozone-meta/datanode-4/data-0/hdds/b29d8e3c-9ac1-4bd8-916d-9a49b4a73262/DS-a119d781-bd2f-42f6-ab2b-be2abab09e51/container.db from cache
2024-04-29 10:08:14,509 [ForkJoinPool.commonPool-worker-2] INFO  volume.HddsVolume (HddsVolume.java:closeDbStore(470)) - SchemaV3 db is stopped at /home/runner/work/ozone/ozone/hadoop-ozone/integration-test/target/test-dir/MiniOzoneClusterImpl-b29d8e3c-9ac1-4bd8-916d-9a49b4a73262/ozone-meta/datanode-4/data-0/hdds/b29d8e3c-9ac1-4bd8-916d-9a49b4a73262/DS-a119d781-bd2f-42f6-ab2b-be2abab09e51/container.db for volume DS-a119d781-bd2f-42f6-ab2b-be2abab09e51
2024-04-29 10:08:14,509 [ForkJoinPool.commonPool-worker-2] INFO  utils.BackgroundService (BackgroundService.java:shutdown(160)) - Shutting down service BlockDeletingService
2024-04-29 10:08:14,509 [ForkJoinPool.commonPool-worker-2] INFO  utils.BackgroundService (BackgroundService.java:shutdown(160)) - Shutting down service StaleRecoveringContainerScrubbingService
2024-04-29 10:08:14,510 [ForkJoinPool.commonPool-worker-2] INFO  statemachine.DatanodeStateMachine (DatanodeStateMachine.java:stopDaemon(638)) - Ozone container server stopped.
2024-04-29 10:08:14,510 [ForkJoinPool.commonPool-worker-2] INFO  handler.ContextHandler (ContextHandler.java:doStop(1159)) - Stopped o.e.j.w.WebAppContext@4e872237{hddsDatanode,/,null,STOPPED}{file:/home/runner/work/ozone/ozone/hadoop-hdds/container-service/target/classes/webapps/hddsDatanode}
2024-04-29 10:08:14,510 [ForkJoinPool.commonPool-worker-2] INFO  server.AbstractConnector (AbstractConnector.java:doStop(383)) - Stopped ServerConnector@4eca7921{HTTP/1.1, (http/1.1)}{0.0.0.0:15570}
2024-04-29 10:08:14,510 [ForkJoinPool.commonPool-worker-2] INFO  server.session (HouseKeeper.java:stopScavenging(149)) - node0 Stopped scavenging
2024-04-29 10:08:14,510 [ForkJoinPool.commonPool-worker-2] INFO  handler.ContextHandler (ContextHandler.java:doStop(1159)) - Stopped o.e.j.s.ServletContextHandler@1ac28194{static,/static,file:///home/runner/work/ozone/ozone/hadoop-hdds/container-service/target/classes/webapps/static,STOPPED}
2024-04-29 10:08:14,510 [ForkJoinPool.commonPool-worker-2] INFO  handler.ContextHandler (ContextHandler.java:doStop(1159)) - Stopped o.e.j.s.ServletContextHandler@16c2da2c{logs,/logs,file:///home/runner/work/ozone/ozone/hadoop-ozone/integration-test/target/log,STOPPED}
2024-04-29 10:08:14,511 [ForkJoinPool.commonPool-worker-2] INFO  ozone.HddsDatanodeClientProtocolServer (HddsDatanodeClientProtocolServer.java:stop(83)) - Stopping the RPC server for Client Protocol
2024-04-29 10:08:14,511 [ForkJoinPool.commonPool-worker-2] INFO  ipc.Server (Server.java:stop(3523)) - Stopping server on 15571
2024-04-29 10:08:14,511 [IPC Server listener on 15571] INFO  ipc.Server (Server.java:run(1434)) - Stopping IPC Server listener on 15571
2024-04-29 10:08:14,511 [IPC Server Responder] INFO  ipc.Server (Server.java:run(1567)) - Stopping IPC Server Responder
2024-04-29 10:08:14,593 [1f92b403-6a1c-4076-80c0-09f74f2f4297-impl-thread1] INFO  segmented.SegmentedRaftLogWorker (SegmentedRaftLogWorker.java:close(245)) - 1f92b403-6a1c-4076-80c0-09f74f2f4297@group-EED01E0C8FBA-SegmentedRaftLogWorker close()
2024-04-29 10:08:14,683 [1f92b403-6a1c-4076-80c0-09f74f2f4297-impl-thread2] INFO  segmented.SegmentedRaftLogWorker (SegmentedRaftLogWorker.java:close(245)) - 1f92b403-6a1c-4076-80c0-09f74f2f4297@group-3BD7D644AE46-SegmentedRaftLogWorker close()
2024-04-29 10:08:14,683 [JvmPauseMonitor76] INFO  util.JvmPauseMonitor (JvmPauseMonitor.java:run(152)) - JvmPauseMonitor-1f92b403-6a1c-4076-80c0-09f74f2f4297: Stopped
2024-04-29 10:08:16,288 [ForkJoinPool.commonPool-worker-1] INFO  utils.DatanodeStoreCache (DatanodeStoreCache.java:shutdownCache(116)) - Skip clearing cache in mini cluster mode. Entries left: [/home/runner/work/ozone/ozone/hadoop-ozone/integration-test/target/test-dir/MiniOzoneClusterImpl-b29d8e3c-9ac1-4bd8-916d-9a49b4a73262/ozone-meta/datanode-2/data-0/hdds/b29d8e3c-9ac1-4bd8-916d-9a49b4a73262/DS-3ee9d314-7358-46e8-ba87-555dc8c7eeee/container.db, /home/runner/work/ozone/ozone/hadoop-ozone/integration-test/target/test-dir/MiniOzoneClusterImpl-b29d8e3c-9ac1-4bd8-916d-9a49b4a73262/ozone-meta/datanode-9/data-0/hdds/b29d8e3c-9ac1-4bd8-916d-9a49b4a73262/DS-1a635560-6da0-4e16-9086-750ee9322c7b/container.db]
2024-04-29 10:08:16,289 [ForkJoinPool.commonPool-worker-1] INFO  utils.DatanodeStoreCache (DatanodeStoreCache.java:removeDB(110)) - Removed db /home/runner/work/ozone/ozone/hadoop-ozone/integration-test/target/test-dir/MiniOzoneClusterImpl-b29d8e3c-9ac1-4bd8-916d-9a49b4a73262/ozone-meta/datanode-2/data-0/hdds/b29d8e3c-9ac1-4bd8-916d-9a49b4a73262/DS-3ee9d314-7358-46e8-ba87-555dc8c7eeee/container.db from cache
2024-04-29 10:08:16,289 [ForkJoinPool.commonPool-worker-1] INFO  volume.HddsVolume (HddsVolume.java:closeDbStore(470)) - SchemaV3 db is stopped at /home/runner/work/ozone/ozone/hadoop-ozone/integration-test/target/test-dir/MiniOzoneClusterImpl-b29d8e3c-9ac1-4bd8-916d-9a49b4a73262/ozone-meta/datanode-2/data-0/hdds/b29d8e3c-9ac1-4bd8-916d-9a49b4a73262/DS-3ee9d314-7358-46e8-ba87-555dc8c7eeee/container.db for volume DS-3ee9d314-7358-46e8-ba87-555dc8c7eeee
2024-04-29 10:08:16,289 [ForkJoinPool.commonPool-worker-1] INFO  utils.BackgroundService (BackgroundService.java:shutdown(160)) - Shutting down service BlockDeletingService
2024-04-29 10:08:16,289 [ForkJoinPool.commonPool-worker-1] INFO  utils.BackgroundService (BackgroundService.java:shutdown(160)) - Shutting down service StaleRecoveringContainerScrubbingService
2024-04-29 10:08:16,289 [ForkJoinPool.commonPool-worker-1] INFO  statemachine.DatanodeStateMachine (DatanodeStateMachine.java:stopDaemon(638)) - Ozone container server stopped.
2024-04-29 10:08:16,290 [ForkJoinPool.commonPool-worker-1] INFO  handler.ContextHandler (ContextHandler.java:doStop(1159)) - Stopped o.e.j.w.WebAppContext@64536c41{hddsDatanode,/,null,STOPPED}{file:/home/runner/work/ozone/ozone/hadoop-hdds/container-service/target/classes/webapps/hddsDatanode}
2024-04-29 10:08:16,290 [ForkJoinPool.commonPool-worker-1] INFO  server.AbstractConnector (AbstractConnector.java:doStop(383)) - Stopped ServerConnector@6a1a57e4{HTTP/1.1, (http/1.1)}{0.0.0.0:15552}
2024-04-29 10:08:16,290 [ForkJoinPool.commonPool-worker-1] INFO  server.session (HouseKeeper.java:stopScavenging(149)) - node0 Stopped scavenging
2024-04-29 10:08:16,290 [ForkJoinPool.commonPool-worker-1] INFO  handler.ContextHandler (ContextHandler.java:doStop(1159)) - Stopped o.e.j.s.ServletContextHandler@6a2d06c8{static,/static,file:///home/runner/work/ozone/ozone/hadoop-hdds/container-service/target/classes/webapps/static,STOPPED}
2024-04-29 10:08:16,290 [ForkJoinPool.commonPool-worker-1] INFO  handler.ContextHandler (ContextHandler.java:doStop(1159)) - Stopped o.e.j.s.ServletContextHandler@b6eea98{logs,/logs,file:///home/runner/work/ozone/ozone/hadoop-ozone/integration-test/target/log,STOPPED}
2024-04-29 10:08:16,291 [ForkJoinPool.commonPool-worker-1] INFO  ozone.HddsDatanodeClientProtocolServer (HddsDatanodeClientProtocolServer.java:stop(83)) - Stopping the RPC server for Client Protocol
2024-04-29 10:08:16,291 [ForkJoinPool.commonPool-worker-1] INFO  ipc.Server (Server.java:stop(3523)) - Stopping server on 15553
2024-04-29 10:08:16,291 [IPC Server listener on 15553] INFO  ipc.Server (Server.java:run(1434)) - Stopping IPC Server listener on 15553
2024-04-29 10:08:16,291 [IPC Server Responder] INFO  ipc.Server (Server.java:run(1567)) - Stopping IPC Server Responder
2024-04-29 10:08:16,595 [timer7] WARN  server.GrpcLogAppender (LogUtils.java:warn(121)) - e3a225ff-43b2-4083-b986-b10dee5980c8@group-23704B2A1AEB->55a78779-2920-4695-be09-c247c8260b05-AppendLogResponseHandler: Failed appendEntries (Repeated 2 times in the last 5.000s): org.apache.ratis.thirdparty.io.grpc.StatusRuntimeException: CANCELLED: RST_STREAM closed stream. HTTP/2 error code: CANCEL
2024-04-29 10:08:16,595 [timer1] WARN  server.GrpcLogAppender (GrpcLogAppender.java:lambda$resetClient$1(217)) - 1f92b403-6a1c-4076-80c0-09f74f2f4297@group-3BD7D644AE46->d62b1b2a-c9ad-4d76-9b36-24bd1a5a2aa1-GrpcLogAppender: Follower failed (request=null, errorCount=4); keep nextIndex (1) unchanged and retry. (Repeated 4 times in the last 5.000s)
2024-04-29 10:08:16,595 [timer0] WARN  server.GrpcLogAppender (LogUtils.java:warn(121)) - 1f92b403-6a1c-4076-80c0-09f74f2f4297@group-3BD7D644AE46->d62b1b2a-c9ad-4d76-9b36-24bd1a5a2aa1-AppendLogResponseHandler: Failed appendEntries (Repeated 4 times in the last 5.000s): org.apache.ratis.thirdparty.io.grpc.StatusRuntimeException: UNAVAILABLE: io exception
2024-04-29 10:08:16,599 [timer2] WARN  server.GrpcLogAppender (GrpcLogAppender.java:lambda$resetClient$1(217)) - e3a225ff-43b2-4083-b986-b10dee5980c8@group-23704B2A1AEB->55a78779-2920-4695-be09-c247c8260b05-GrpcLogAppender: Follower failed (request=null, errorCount=2); keep nextIndex (1) unchanged and retry. (Repeated 2 times in the last 5.004s)
2024-04-29 10:08:16,601 [timer3] WARN  server.GrpcLogAppender (LogUtils.java:warn(121)) - 1f92b403-6a1c-4076-80c0-09f74f2f4297@group-3BD7D644AE46->29872338-e6e3-4ec5-923b-53e8a9791636-AppendLogResponseHandler: Failed appendEntries (Repeated 4 times in the last 5.000s): org.apache.ratis.thirdparty.io.grpc.StatusRuntimeException: UNAVAILABLE: io exception
2024-04-29 10:08:16,601 [timer4] WARN  server.GrpcLogAppender (GrpcLogAppender.java:lambda$resetClient$1(217)) - 1f92b403-6a1c-4076-80c0-09f74f2f4297@group-3BD7D644AE46->29872338-e6e3-4ec5-923b-53e8a9791636-GrpcLogAppender: Follower failed (request=null, errorCount=4); keep nextIndex (1) unchanged and retry. (Repeated 4 times in the last 5.000s)
2024-04-29 10:08:16,685 [ForkJoinPool.commonPool-worker-3] INFO  utils.DatanodeStoreCache (DatanodeStoreCache.java:shutdownCache(116)) - Skip clearing cache in mini cluster mode. Entries left: [/home/runner/work/ozone/ozone/hadoop-ozone/integration-test/target/test-dir/MiniOzoneClusterImpl-b29d8e3c-9ac1-4bd8-916d-9a49b4a73262/ozone-meta/datanode-9/data-0/hdds/b29d8e3c-9ac1-4bd8-916d-9a49b4a73262/DS-1a635560-6da0-4e16-9086-750ee9322c7b/container.db]
2024-04-29 10:08:16,686 [ForkJoinPool.commonPool-worker-3] INFO  utils.DatanodeStoreCache (DatanodeStoreCache.java:removeDB(110)) - Removed db /home/runner/work/ozone/ozone/hadoop-ozone/integration-test/target/test-dir/MiniOzoneClusterImpl-b29d8e3c-9ac1-4bd8-916d-9a49b4a73262/ozone-meta/datanode-9/data-0/hdds/b29d8e3c-9ac1-4bd8-916d-9a49b4a73262/DS-1a635560-6da0-4e16-9086-750ee9322c7b/container.db from cache
2024-04-29 10:08:16,686 [ForkJoinPool.commonPool-worker-3] INFO  volume.HddsVolume (HddsVolume.java:closeDbStore(470)) - SchemaV3 db is stopped at /home/runner/work/ozone/ozone/hadoop-ozone/integration-test/target/test-dir/MiniOzoneClusterImpl-b29d8e3c-9ac1-4bd8-916d-9a49b4a73262/ozone-meta/datanode-9/data-0/hdds/b29d8e3c-9ac1-4bd8-916d-9a49b4a73262/DS-1a635560-6da0-4e16-9086-750ee9322c7b/container.db for volume DS-1a635560-6da0-4e16-9086-750ee9322c7b
2024-04-29 10:08:16,687 [ForkJoinPool.commonPool-worker-3] INFO  utils.BackgroundService (BackgroundService.java:shutdown(160)) - Shutting down service BlockDeletingService
2024-04-29 10:08:16,687 [ForkJoinPool.commonPool-worker-3] INFO  utils.BackgroundService (BackgroundService.java:shutdown(160)) - Shutting down service StaleRecoveringContainerScrubbingService
2024-04-29 10:08:16,687 [ForkJoinPool.commonPool-worker-3] INFO  statemachine.DatanodeStateMachine (DatanodeStateMachine.java:stopDaemon(638)) - Ozone container server stopped.
2024-04-29 10:08:16,687 [ForkJoinPool.commonPool-worker-3] INFO  handler.ContextHandler (ContextHandler.java:doStop(1159)) - Stopped o.e.j.w.WebAppContext@43ae3c30{hddsDatanode,/,null,STOPPED}{file:/home/runner/work/ozone/ozone/hadoop-hdds/container-service/target/classes/webapps/hddsDatanode}
2024-04-29 10:08:16,688 [ForkJoinPool.commonPool-worker-3] INFO  server.AbstractConnector (AbstractConnector.java:doStop(383)) - Stopped ServerConnector@4af81941{HTTP/1.1, (http/1.1)}{0.0.0.0:15615}
2024-04-29 10:08:16,688 [ForkJoinPool.commonPool-worker-3] INFO  server.session (HouseKeeper.java:stopScavenging(149)) - node0 Stopped scavenging
2024-04-29 10:08:16,688 [ForkJoinPool.commonPool-worker-3] INFO  handler.ContextHandler (ContextHandler.java:doStop(1159)) - Stopped o.e.j.s.ServletContextHandler@6927c79a{static,/static,file:///home/runner/work/ozone/ozone/hadoop-hdds/container-service/target/classes/webapps/static,STOPPED}
2024-04-29 10:08:16,688 [ForkJoinPool.commonPool-worker-3] INFO  handler.ContextHandler (ContextHandler.java:doStop(1159)) - Stopped o.e.j.s.ServletContextHandler@5e3b72ad{logs,/logs,file:///home/runner/work/ozone/ozone/hadoop-ozone/integration-test/target/log,STOPPED}
2024-04-29 10:08:16,688 [ForkJoinPool.commonPool-worker-3] INFO  ozone.HddsDatanodeClientProtocolServer (HddsDatanodeClientProtocolServer.java:stop(83)) - Stopping the RPC server for Client Protocol
2024-04-29 10:08:16,688 [ForkJoinPool.commonPool-worker-3] INFO  ipc.Server (Server.java:stop(3523)) - Stopping server on 15616
2024-04-29 10:08:16,688 [IPC Server Responder] INFO  ipc.Server (Server.java:run(1567)) - Stopping IPC Server Responder
2024-04-29 10:08:16,688 [IPC Server listener on 15616] INFO  ipc.Server (Server.java:run(1434)) - Stopping IPC Server listener on 15616
2024-04-29 10:08:16,689 [main] INFO  ozone.MiniOzoneClusterImpl (MiniOzoneClusterImpl.java:stopSCM(486)) - Stopping the StorageContainerManager
2024-04-29 10:08:16,689 [main] INFO  server.StorageContainerManager (StorageContainerManager.java:stop(1653)) - Container Balancer is not running.
2024-04-29 10:08:16,689 [main] INFO  server.StorageContainerManager (StorageContainerManager.java:stopReplicationManager(1786)) - Stopping Replication Manager Service.
2024-04-29 10:08:16,689 [main] INFO  replication.ReplicationManager (ReplicationManager.java:stop(329)) - Stopping Replication Monitor Thread.
2024-04-29 10:08:16,689 [main] INFO  server.StorageContainerManager (StorageContainerManager.java:stop(1662)) - Stopping the Datanode Admin Monitor.
2024-04-29 10:08:16,690 [ReplicationMonitor] INFO  replication.ReplicationManager (ReplicationManager.java:run(936)) - Replication Monitor Thread is stopped
2024-04-29 10:08:16,690 [OverReplicatedProcessor] WARN  replication.UnhealthyReplicationProcessor (UnhealthyReplicationProcessor.java:run(180)) - OverReplicatedProcessor interrupted. Exiting...
2024-04-29 10:08:16,690 [main] INFO  server.StorageContainerManager (StorageContainerManager.java:stop(1669)) - Stopping datanode service RPC server
2024-04-29 10:08:16,690 [main] INFO  server.SCMDatanodeProtocolServer (SCMDatanodeProtocolServer.java:stop(425)) - Stopping the RPC server for DataNodes
2024-04-29 10:08:16,690 [main] INFO  ipc.Server (Server.java:stop(3523)) - Stopping server on 15536
2024-04-29 10:08:16,691 [UnderReplicatedProcessor] WARN  replication.UnhealthyReplicationProcessor (UnhealthyReplicationProcessor.java:run(180)) - UnderReplicatedProcessor interrupted. Exiting...
2024-04-29 10:08:16,692 [IPC Server Responder] INFO  ipc.Server (Server.java:run(1567)) - Stopping IPC Server Responder
2024-04-29 10:08:16,692 [IPC Server listener on 15536] INFO  ipc.Server (Server.java:run(1434)) - Stopping IPC Server listener on 15536
2024-04-29 10:08:16,708 [SCMHeartbeatProcessor-0] WARN  node.NodeStateManager (NodeStateManager.java:scheduleNextHealthCheck(878)) - Current Thread is interrupted, shutting down HB processing thread for Node Manager.
2024-04-29 10:08:16,708 [main] INFO  server.StorageContainerManager (StorageContainerManager.java:stop(1677)) - Stopping block service RPC server
2024-04-29 10:08:16,708 [main] INFO  server.SCMBlockProtocolServer (SCMBlockProtocolServer.java:stop(171)) - Stopping the RPC server for Block Protocol
2024-04-29 10:08:16,708 [main] INFO  ipc.Server (Server.java:stop(3523)) - Stopping server on 15535
2024-04-29 10:08:16,709 [IPC Server listener on 15535] INFO  ipc.Server (Server.java:run(1434)) - Stopping IPC Server listener on 15535
2024-04-29 10:08:16,709 [IPC Server Responder] INFO  ipc.Server (Server.java:run(1567)) - Stopping IPC Server Responder
2024-04-29 10:08:16,710 [main] INFO  server.StorageContainerManager (StorageContainerManager.java:stop(1684)) - Stopping the StorageContainerLocationProtocol RPC server
2024-04-29 10:08:16,710 [main] INFO  server.SCMClientProtocolServer (SCMClientProtocolServer.java:stop(213)) - Stopping the RPC server for Client Protocol
2024-04-29 10:08:16,710 [main] INFO  ipc.Server (Server.java:stop(3523)) - Stopping server on 15534
2024-04-29 10:08:16,711 [IPC Server listener on 15534] INFO  ipc.Server (Server.java:run(1434)) - Stopping IPC Server listener on 15534
2024-04-29 10:08:16,711 [IPC Server Responder] INFO  ipc.Server (Server.java:run(1567)) - Stopping IPC Server Responder
2024-04-29 10:08:16,711 [main] INFO  server.StorageContainerManager (StorageContainerManager.java:stop(1691)) - Stopping Storage Container Manager HTTP server.
2024-04-29 10:08:16,712 [main] INFO  handler.ContextHandler (ContextHandler.java:doStop(1159)) - Stopped o.e.j.w.WebAppContext@6185cb4d{scm,/,null,STOPPED}{file:/home/runner/work/ozone/ozone/hadoop-ozone/integration-test/target/test-classes/webapps/scm}
2024-04-29 10:08:16,712 [main] INFO  server.AbstractConnector (AbstractConnector.java:doStop(383)) - Stopped ServerConnector@59362a47{HTTP/1.1, (http/1.1)}{0.0.0.0:15537}
2024-04-29 10:08:16,713 [main] INFO  server.session (HouseKeeper.java:stopScavenging(149)) - node0 Stopped scavenging
2024-04-29 10:08:16,713 [main] INFO  handler.ContextHandler (ContextHandler.java:doStop(1159)) - Stopped o.e.j.s.ServletContextHandler@54c6506d{static,/static,file:///home/runner/work/ozone/ozone/hadoop-ozone/integration-test/target/test-classes/webapps/static,STOPPED}
2024-04-29 10:08:16,713 [main] INFO  handler.ContextHandler (ContextHandler.java:doStop(1159)) - Stopped o.e.j.s.ServletContextHandler@63828988{logs,/logs,file:///home/runner/work/ozone/ozone/hadoop-ozone/integration-test/target/log,STOPPED}
2024-04-29 10:08:16,714 [main] INFO  server.StorageContainerManager (StorageContainerManager.java:stop(1699)) - Stopping SCM LayoutVersionManager Service.
2024-04-29 10:08:16,715 [main] INFO  server.StorageContainerManager (StorageContainerManager.java:stop(1711)) - Stopping Block Manager Service.
2024-04-29 10:08:16,715 [main] INFO  utils.BackgroundService (BackgroundService.java:shutdown(160)) - Shutting down service SCMBlockDeletingService
2024-04-29 10:08:16,715 [main] INFO  utils.BackgroundService (BackgroundService.java:shutdown(160)) - Shutting down service SCMBlockDeletingService
2024-04-29 10:08:16,715 [main] INFO  server.StorageContainerManager (StorageContainerManager.java:stop(1731)) - Stopping SCM Event Queue.
2024-04-29 10:08:16,716 [JvmPauseMonitor66] INFO  util.JvmPauseMonitor (JvmPauseMonitor.java:run(152)) - JvmPauseMonitor-82ca2f0e-70c7-49ae-a850-1dace803bbdd: Stopped
2024-04-29 10:08:16,716 [main] INFO  server.StorageContainerManager (StorageContainerManager.java:stop(1742)) - Stopping SCM HA services.
2024-04-29 10:08:16,716 [main] INFO  pipeline.BackgroundPipelineCreator (BackgroundPipelineCreator.java:stop(152)) - Stopping RatisPipelineUtilsThread.
2024-04-29 10:08:16,716 [RatisPipelineUtilsThread-0] WARN  pipeline.BackgroundPipelineCreator (BackgroundPipelineCreator.java:run(183)) - RatisPipelineUtilsThread is interrupted.
2024-04-29 10:08:16,717 [main] INFO  BackgroundPipelineScrubber (BackgroundSCMService.java:stop(128)) - Stopping BackgroundPipelineScrubber Service.
2024-04-29 10:08:16,717 [BackgroundPipelineScrubber] WARN  BackgroundPipelineScrubber (BackgroundSCMService.java:run(112)) - BackgroundPipelineScrubber is interrupted, exit
2024-04-29 10:08:16,717 [main] INFO  impl.MetricsSystemImpl (MetricsSystemImpl.java:stop(210)) - Stopping HddsDatanode metrics system...
2024-04-29 10:08:16,721 [prometheus] INFO  impl.MetricsSinkAdapter (MetricsSinkAdapter.java:publishMetricsFromQueue(141)) - prometheus thread interrupted.
2024-04-29 10:08:16,721 [main] INFO  impl.MetricsSystemImpl (MetricsSystemImpl.java:stop(216)) - HddsDatanode metrics system stopped.
2024-04-29 10:08:16,721 [main] WARN  pipeline.BackgroundPipelineCreator (BackgroundPipelineCreator.java:stop(148)) - RatisPipelineUtilsThread is not running, just ignore.
2024-04-29 10:08:16,721 [main] INFO  BackgroundPipelineScrubber (BackgroundSCMService.java:stop(123)) - BackgroundPipelineScrubber Service is not running, skip stop.
2024-04-29 10:08:16,721 [main] INFO  ExpiredContainerReplicaOpScrubber (BackgroundSCMService.java:stop(128)) - Stopping ExpiredContainerReplicaOpScrubber Service.
2024-04-29 10:08:16,721 [ExpiredContainerReplicaOpScrubber] WARN  ExpiredContainerReplicaOpScrubber (BackgroundSCMService.java:run(112)) - ExpiredContainerReplicaOpScrubber is interrupted, exit
2024-04-29 10:08:16,721 [main] INFO  utils.BackgroundService (BackgroundService.java:shutdown(160)) - Shutting down service SCMBlockDeletingService
2024-04-29 10:08:16,722 [main] INFO  replication.ReplicationManager (ReplicationManager.java:stop(339)) - Replication Monitor Thread is not running.
2024-04-29 10:08:16,722 [main] WARN  balancer.ContainerBalancer (ContainerBalancer.java:stop(327)) - Cannot stop Container Balancer because it's not running or stopping
2024-04-29 10:08:16,722 [main] INFO  server.StorageContainerManager (StorageContainerManager.java:stop(1777)) - Stopping SCM MetadataStore.
]]></system-out>
      <system-err><![CDATA[Apr 29, 2024 10:08:11 AM org.apache.ratis.thirdparty.io.grpc.internal.ManagedChannelOrphanWrapper$ManagedChannelReference cleanQueue
SEVERE: *~*~*~ Previous channel ManagedChannelImpl{logId=2104, target=127.0.0.1:15457} was not shutdown properly!!! ~*~*~*
    Make sure to call shutdown()/shutdownNow() and wait until awaitTermination() returns true.
java.lang.RuntimeException: ManagedChannel allocation site
	at org.apache.ratis.thirdparty.io.grpc.internal.ManagedChannelOrphanWrapper$ManagedChannelReference.<init>(ManagedChannelOrphanWrapper.java:102)
	at org.apache.ratis.thirdparty.io.grpc.internal.ManagedChannelOrphanWrapper.<init>(ManagedChannelOrphanWrapper.java:60)
	at org.apache.ratis.thirdparty.io.grpc.internal.ManagedChannelOrphanWrapper.<init>(ManagedChannelOrphanWrapper.java:51)
	at org.apache.ratis.thirdparty.io.grpc.internal.ManagedChannelImplBuilder.build(ManagedChannelImplBuilder.java:631)
	at org.apache.ratis.thirdparty.io.grpc.internal.AbstractManagedChannelImplBuilder.build(AbstractManagedChannelImplBuilder.java:297)
	at org.apache.ratis.grpc.client.GrpcClientProtocolClient.buildChannel(GrpcClientProtocolClient.java:151)
	at org.apache.ratis.grpc.client.GrpcClientProtocolClient.<init>(GrpcClientProtocolClient.java:113)
	at org.apache.ratis.grpc.client.GrpcClientRpc.lambda$new$0(GrpcClientRpc.java:59)
	at org.apache.ratis.util.PeerProxyMap$PeerAndProxy.lambda$getProxy$0(PeerProxyMap.java:68)
	at org.apache.ratis.util.LifeCycle.startAndTransition(LifeCycle.java:277)
	at org.apache.ratis.util.PeerProxyMap$PeerAndProxy.getProxy(PeerProxyMap.java:67)
	at org.apache.ratis.util.PeerProxyMap.getProxy(PeerProxyMap.java:114)
	at org.apache.ratis.grpc.client.GrpcClientRpc.sendRequestAsyncUnordered(GrpcClientRpc.java:81)
	at org.apache.ratis.client.impl.UnorderedAsync.sendRequestWithRetry(UnorderedAsync.java:80)
	at org.apache.ratis.client.impl.UnorderedAsync.lambda$null$2(UnorderedAsync.java:129)
	at org.apache.ratis.util.TimeoutTimer.lambda$onTimeout$2(TimeoutTimer.java:101)
	at org.apache.ratis.util.LogUtils.runAndLog(LogUtils.java:38)
	at org.apache.ratis.util.LogUtils$1.run(LogUtils.java:78)
	at org.apache.ratis.util.TimeoutTimer$Task.run(TimeoutTimer.java:55)
	at java.base/java.util.TimerThread.mainLoop(Timer.java:566)
	at java.base/java.util.TimerThread.run(Timer.java:516)

Apr 29, 2024 10:08:11 AM org.apache.ratis.thirdparty.io.grpc.internal.ManagedChannelOrphanWrapper$ManagedChannelReference cleanQueue
SEVERE: *~*~*~ Previous channel ManagedChannelImpl{logId=2106, target=127.0.0.1:15458} was not shutdown properly!!! ~*~*~*
    Make sure to call shutdown()/shutdownNow() and wait until awaitTermination() returns true.
java.lang.RuntimeException: ManagedChannel allocation site
	at org.apache.ratis.thirdparty.io.grpc.internal.ManagedChannelOrphanWrapper$ManagedChannelReference.<init>(ManagedChannelOrphanWrapper.java:102)
	at org.apache.ratis.thirdparty.io.grpc.internal.ManagedChannelOrphanWrapper.<init>(ManagedChannelOrphanWrapper.java:60)
	at org.apache.ratis.thirdparty.io.grpc.internal.ManagedChannelOrphanWrapper.<init>(ManagedChannelOrphanWrapper.java:51)
	at org.apache.ratis.thirdparty.io.grpc.internal.ManagedChannelImplBuilder.build(ManagedChannelImplBuilder.java:631)
	at org.apache.ratis.thirdparty.io.grpc.internal.AbstractManagedChannelImplBuilder.build(AbstractManagedChannelImplBuilder.java:297)
	at org.apache.ratis.grpc.client.GrpcClientProtocolClient.buildChannel(GrpcClientProtocolClient.java:151)
	at org.apache.ratis.grpc.client.GrpcClientProtocolClient.<init>(GrpcClientProtocolClient.java:116)
	at org.apache.ratis.grpc.client.GrpcClientRpc.lambda$new$0(GrpcClientRpc.java:59)
	at org.apache.ratis.util.PeerProxyMap$PeerAndProxy.lambda$getProxy$0(PeerProxyMap.java:68)
	at org.apache.ratis.util.LifeCycle.startAndTransition(LifeCycle.java:277)
	at org.apache.ratis.util.PeerProxyMap$PeerAndProxy.getProxy(PeerProxyMap.java:67)
	at org.apache.ratis.util.PeerProxyMap.getProxy(PeerProxyMap.java:114)
	at org.apache.ratis.grpc.client.GrpcClientRpc.sendRequestAsyncUnordered(GrpcClientRpc.java:81)
	at org.apache.ratis.client.impl.UnorderedAsync.sendRequestWithRetry(UnorderedAsync.java:80)
	at org.apache.ratis.client.impl.UnorderedAsync.lambda$null$2(UnorderedAsync.java:129)
	at org.apache.ratis.util.TimeoutTimer.lambda$onTimeout$2(TimeoutTimer.java:101)
	at org.apache.ratis.util.LogUtils.runAndLog(LogUtils.java:38)
	at org.apache.ratis.util.LogUtils$1.run(LogUtils.java:78)
	at org.apache.ratis.util.TimeoutTimer$Task.run(TimeoutTimer.java:55)
	at java.base/java.util.TimerThread.mainLoop(Timer.java:566)
	at java.base/java.util.TimerThread.run(Timer.java:516)

]]></system-err>
    </flakyFailure>
  </testcase>
  <testcase name="testWatchForCommitForGroupMismatchException" classname="org.apache.hadoop.ozone.client.rpc.TestWatchForCommit" time="29.659"/>
  <testcase name="test2WayCommitForTimeoutException" classname="org.apache.hadoop.ozone.client.rpc.TestWatchForCommit" time="26.518"/>
</testsuite>