<?xml version="1.0" encoding="UTF-8"?>
<testsuite xmlns:xsi="http://www.w3.org/2001/XMLSchema-instance" xsi:noNamespaceSchemaLocation="https://maven.apache.org/surefire/maven-surefire-plugin/xsd/surefire-test-report-3.0.xsd" version="3.0" name="org.apache.hadoop.ozone.TestContainerStateMachineIdempotency" time="323.535" tests="1" errors="1" skipped="0" failures="0">
  <properties>
    <property name="java.specification.version" value="17"/>
    <property name="sun.jnu.encoding" value="UTF-8"/>
    <property name="gradle.enterprise.listener.surefire.forkId" value="1"/>
    <property name="java.class.path" value="/home/runner/work/ozone/ozone/hadoop-ozone/integration-test/target/test-classes:/home/runner/work/ozone/ozone/hadoop-ozone/integration-test/target/classes:/home/runner/work/ozone/ozone/hadoop-ozone/common/target/classes:/home/runner/.m2/repository/io/grpc/grpc-netty/1.58.0/grpc-netty-1.58.0.jar:/home/runner/.m2/repository/io/grpc/grpc-core/1.58.0/grpc-core-1.58.0.jar:/home/runner/.m2/repository/com/google/android/annotations/4.1.1.4/annotations-4.1.1.4.jar:/home/runner/.m2/repository/org/codehaus/mojo/animal-sniffer-annotations/1.23/animal-sniffer-annotations-1.23.jar:/home/runner/.m2/repository/io/grpc/grpc-context/1.58.0/grpc-context-1.58.0.jar:/home/runner/.m2/repository/io/grpc/grpc-util/1.58.0/grpc-util-1.58.0.jar:/home/runner/.m2/repository/com/google/errorprone/error_prone_annotations/2.2.0/error_prone_annotations-2.2.0.jar:/home/runner/.m2/repository/io/perfmark/perfmark-api/0.26.0/perfmark-api-0.26.0.jar:/home/runner/.m2/repository/io/netty/netty-codec-http2/4.1.109.Final/netty-codec-http2-4.1.109.Final.jar:/home/runner/.m2/repository/io/netty/netty-common/4.1.109.Final/netty-common-4.1.109.Final.jar:/home/runner/.m2/repository/io/netty/netty-buffer/4.1.109.Final/netty-buffer-4.1.109.Final.jar:/home/runner/.m2/repository/io/netty/netty-codec-http/4.1.109.Final/netty-codec-http-4.1.109.Final.jar:/home/runner/.m2/repository/io/netty/netty-handler-proxy/4.1.109.Final/netty-handler-proxy-4.1.109.Final.jar:/home/runner/.m2/repository/io/netty/netty-codec-socks/4.1.109.Final/netty-codec-socks-4.1.109.Final.jar:/home/runner/.m2/repository/io/netty/netty-tcnative-boringssl-static/2.0.65.Final/netty-tcnative-boringssl-static-2.0.65.Final.jar:/home/runner/.m2/repository/io/netty/netty-tcnative-classes/2.0.65.Final/netty-tcnative-classes-2.0.65.Final.jar:/home/runner/.m2/repository/io/netty/netty-tcnative-boringssl-static/2.0.65.Final/netty-tcnative-boringssl-static-2.0.65.Final-linux-x86_64.jar:/home/runner/.m2/repository/io/netty/netty-tcnative-boringssl-static/2.0.65.Final/netty-tcnative-boringssl-static-2.0.65.Final-linux-aarch_64.jar:/home/runner/.m2/repository/io/netty/netty-tcnative-boringssl-static/2.0.65.Final/netty-tcnative-boringssl-static-2.0.65.Final-osx-x86_64.jar:/home/runner/.m2/repository/io/netty/netty-tcnative-boringssl-static/2.0.65.Final/netty-tcnative-boringssl-static-2.0.65.Final-osx-aarch_64.jar:/home/runner/.m2/repository/io/netty/netty-tcnative-boringssl-static/2.0.65.Final/netty-tcnative-boringssl-static-2.0.65.Final-windows-x86_64.jar:/home/runner/.m2/repository/org/apache/commons/commons-compress/1.26.0/commons-compress-1.26.0.jar:/home/runner/work/ozone/ozone/hadoop-hdds/common/target/classes:/home/runner/work/ozone/ozone/hadoop-hdds/client/target/classes:/home/runner/work/ozone/ozone/hadoop-ozone/interface-client/target/classes:/home/runner/.m2/repository/org/apache/hadoop/hadoop-hdfs-client/3.3.6/hadoop-hdfs-client-3.3.6.jar:/home/runner/.m2/repository/com/squareup/okhttp3/okhttp/4.12.0/okhttp-4.12.0.jar:/home/runner/.m2/repository/com/squareup/okio/okio/3.6.0/okio-3.6.0.jar:/home/runner/.m2/repository/com/squareup/okio/okio-jvm/3.6.0/okio-jvm-3.6.0.jar:/home/runner/.m2/repository/org/jetbrains/kotlin/kotlin-stdlib-jdk8/1.9.22/kotlin-stdlib-jdk8-1.9.22.jar:/home/runner/.m2/repository/org/jetbrains/kotlin/kotlin-stdlib-jdk7/1.9.22/kotlin-stdlib-jdk7-1.9.22.jar:/home/runner/.m2/repository/org/jetbrains/kotlin/kotlin-stdlib-common/1.9.22/kotlin-stdlib-common-1.9.22.jar:/home/runner/work/ozone/ozone/hadoop-hdds/test-utils/target/classes:/home/runner/.m2/repository/org/assertj/assertj-core/3.12.2/assertj-core-3.12.2.jar:/home/runner/.m2/repository/com/google/guava/guava/32.1.3-jre/guava-32.1.3-jre.jar:/home/runner/.m2/repository/com/google/guava/failureaccess/1.0.1/failureaccess-1.0.1.jar:/home/runner/.m2/repository/com/google/guava/listenablefuture/9999.0-empty-to-avoid-conflict-with-guava/listenablefuture-9999.0-empty-to-avoid-conflict-with-guava.jar:/home/runner/.m2/repository/org/checkerframework/checker-qual/3.37.0/checker-qual-3.37.0.jar:/home/runner/.m2/repository/com/google/j2objc/j2objc-annotations/2.8/j2objc-annotations-2.8.jar:/home/runner/.m2/repository/commons-io/commons-io/2.16.1/commons-io-2.16.1.jar:/home/runner/.m2/repository/commons-logging/commons-logging/1.2/commons-logging-1.2.jar:/home/runner/.m2/repository/org/junit/jupiter/junit-jupiter-api/5.10.2/junit-jupiter-api-5.10.2.jar:/home/runner/.m2/repository/org/opentest4j/opentest4j/1.3.0/opentest4j-1.3.0.jar:/home/runner/.m2/repository/org/junit/platform/junit-platform-commons/1.10.2/junit-platform-commons-1.10.2.jar:/home/runner/.m2/repository/ch/qos/reload4j/reload4j/1.2.25/reload4j-1.2.25.jar:/home/runner/.m2/repository/jakarta/annotation/jakarta.annotation-api/2.1.1/jakarta.annotation-api-2.1.1.jar:/home/runner/.m2/repository/org/slf4j/slf4j-api/2.0.12/slf4j-api-2.0.12.jar:/home/runner/.m2/repository/org/apache/logging/log4j/log4j-api/2.17.1/log4j-api-2.17.1.jar:/home/runner/work/ozone/ozone/hadoop-hdds/server-scm/target/classes:/home/runner/.m2/repository/com/google/protobuf/protobuf-java/2.5.0/protobuf-java-2.5.0.jar:/home/runner/work/ozone/ozone/hadoop-hdds/container-service/target/classes:/home/runner/work/ozone/ozone/hadoop-hdds/hadoop-dependency-server/target/classes:/home/runner/.m2/repository/com/nimbusds/nimbus-jose-jwt/9.37.2/nimbus-jose-jwt-9.37.2.jar:/home/runner/.m2/repository/com/github/stephenc/jcip/jcip-annotations/1.0-1/jcip-annotations-1.0-1.jar:/home/runner/.m2/repository/org/apache/hadoop/hadoop-hdfs/3.3.6/hadoop-hdfs-3.3.6.jar:/home/runner/.m2/repository/commons-daemon/commons-daemon/1.3.4/commons-daemon-1.3.4.jar:/home/runner/.m2/repository/org/apache/kerby/kerb-core/1.0.1/kerb-core-1.0.1.jar:/home/runner/.m2/repository/org/apache/kerby/kerby-pkix/1.0.1/kerby-pkix-1.0.1.jar:/home/runner/.m2/repository/org/apache/kerby/kerby-asn1/1.0.1/kerby-asn1-1.0.1.jar:/home/runner/.m2/repository/org/apache/kerby/kerby-util/1.0.1/kerby-util-1.0.1.jar:/home/runner/.m2/repository/org/apache/kerby/kerb-util/1.0.1/kerb-util-1.0.1.jar:/home/runner/.m2/repository/org/apache/kerby/kerby-config/1.0.1/kerby-config-1.0.1.jar:/home/runner/.m2/repository/org/apache/kerby/kerb-crypto/1.0.1/kerb-crypto-1.0.1.jar:/home/runner/.m2/repository/org/xerial/snappy/snappy-java/1.1.10.5/snappy-java-1.1.10.5.jar:/home/runner/work/ozone/ozone/hadoop-hdds/framework/target/classes:/home/runner/.m2/repository/org/bouncycastle/bcprov-jdk18on/1.78.1/bcprov-jdk18on-1.78.1.jar:/home/runner/.m2/repository/io/dropwizard/metrics/metrics-core/3.2.4/metrics-core-3.2.4.jar:/home/runner/.m2/repository/org/apache/commons/commons-text/1.11.0/commons-text-1.11.0.jar:/home/runner/work/ozone/ozone/hadoop-hdds/framework/target/test-classes:/home/runner/work/ozone/ozone/hadoop-hdds/interface-server/target/classes:/home/runner/work/ozone/ozone/hadoop-hdds/interface-admin/target/classes:/home/runner/work/ozone/ozone/hadoop-hdds/managed-rocksdb/target/classes:/home/runner/.m2/repository/org/rocksdb/rocksdbjni/7.7.3/rocksdbjni-7.7.3.jar:/home/runner/.m2/repository/org/slf4j/slf4j-reload4j/2.0.12/slf4j-reload4j-2.0.12.jar:/home/runner/.m2/repository/org/apache/commons/commons-configuration2/2.10.1/commons-configuration2-2.10.1.jar:/home/runner/.m2/repository/commons-fileupload/commons-fileupload/1.5/commons-fileupload-1.5.jar:/home/runner/.m2/repository/org/apache/logging/log4j/log4j-core/2.17.1/log4j-core-2.17.1.jar:/home/runner/.m2/repository/com/lmax/disruptor/3.4.4/disruptor-3.4.4.jar:/home/runner/.m2/repository/org/eclipse/jetty/jetty-util/9.4.54.v20240208/jetty-util-9.4.54.v20240208.jar:/home/runner/.m2/repository/org/eclipse/jetty/jetty-server/9.4.54.v20240208/jetty-server-9.4.54.v20240208.jar:/home/runner/.m2/repository/org/eclipse/jetty/jetty-http/9.4.54.v20240208/jetty-http-9.4.54.v20240208.jar:/home/runner/.m2/repository/org/eclipse/jetty/jetty-io/9.4.54.v20240208/jetty-io-9.4.54.v20240208.jar:/home/runner/.m2/repository/org/eclipse/jetty/jetty-servlet/9.4.54.v20240208/jetty-servlet-9.4.54.v20240208.jar:/home/runner/.m2/repository/org/eclipse/jetty/jetty-security/9.4.54.v20240208/jetty-security-9.4.54.v20240208.jar:/home/runner/.m2/repository/org/eclipse/jetty/jetty-util-ajax/9.4.54.v20240208/jetty-util-ajax-9.4.54.v20240208.jar:/home/runner/.m2/repository/org/eclipse/jetty/jetty-webapp/9.4.54.v20240208/jetty-webapp-9.4.54.v20240208.jar:/home/runner/.m2/repository/org/eclipse/jetty/jetty-xml/9.4.54.v20240208/jetty-xml-9.4.54.v20240208.jar:/home/runner/.m2/repository/org/apache/ratis/ratis-server/3.0.1/ratis-server-3.0.1.jar:/home/runner/.m2/repository/org/apache/ratis/ratis-thirdparty-misc/1.0.5/ratis-thirdparty-misc-1.0.5.jar:/home/runner/.m2/repository/org/apache/ratis/ratis-proto/3.0.1/ratis-proto-3.0.1.jar:/home/runner/.m2/repository/org/apache/ratis/ratis-common/3.0.1/ratis-common-3.0.1.jar:/home/runner/.m2/repository/org/apache/ratis/ratis-client/3.0.1/ratis-client-3.0.1.jar:/home/runner/.m2/repository/org/apache/ratis/ratis-server-api/3.0.1/ratis-server-api-3.0.1.jar:/home/runner/.m2/repository/org/apache/ratis/ratis-metrics-api/3.0.1/ratis-metrics-api-3.0.1.jar:/home/runner/.m2/repository/org/apache/ratis/ratis-metrics-dropwizard3/3.0.1/ratis-metrics-dropwizard3-3.0.1.jar:/home/runner/.m2/repository/io/prometheus/simpleclient_dropwizard/0.16.0/simpleclient_dropwizard-0.16.0.jar:/home/runner/.m2/repository/io/prometheus/simpleclient/0.16.0/simpleclient-0.16.0.jar:/home/runner/.m2/repository/io/prometheus/simpleclient_common/0.16.0/simpleclient_common-0.16.0.jar:/home/runner/.m2/repository/com/fasterxml/jackson/datatype/jackson-datatype-jsr310/2.16.1/jackson-datatype-jsr310-2.16.1.jar:/home/runner/.m2/repository/com/fasterxml/jackson/core/jackson-core/2.16.1/jackson-core-2.16.1.jar:/home/runner/work/ozone/ozone/hadoop-hdds/rocksdb-checkpoint-differ/target/classes:/home/runner/.m2/repository/org/jgrapht/jgrapht-core/1.4.0/jgrapht-core-1.4.0.jar:/home/runner/.m2/repository/org/jheaps/jheaps/0.11/jheaps-0.11.jar:/home/runner/.m2/repository/org/jgrapht/jgrapht-ext/1.4.0/jgrapht-ext-1.4.0.jar:/home/runner/.m2/repository/com/github/vlsi/mxgraph/jgraphx/3.9.8.1/jgraphx-3.9.8.1.jar:/home/runner/work/ozone/ozone/hadoop-ozone/ozone-manager/target/classes:/home/runner/.m2/repository/org/aspectj/aspectjrt/1.9.7/aspectjrt-1.9.7.jar:/home/runner/.m2/repository/org/aspectj/aspectjweaver/1.9.7/aspectjweaver-1.9.7.jar:/home/runner/work/ozone/ozone/hadoop-hdds/interface-client/target/classes:/home/runner/.m2/repository/org/apache/hadoop/thirdparty/hadoop-shaded-protobuf_3_7/1.1.1/hadoop-shaded-protobuf_3_7-1.1.1.jar:/home/runner/work/ozone/ozone/hadoop-ozone/interface-storage/target/classes:/home/runner/.m2/repository/org/reflections/reflections/0.10.2/reflections-0.10.2.jar:/home/runner/.m2/repository/com/sun/jersey/jersey-client/1.19.4/jersey-client-1.19.4.jar:/home/runner/.m2/repository/org/codehaus/jackson/jackson-core-asl/1.9.13/jackson-core-asl-1.9.13.jar:/home/runner/.m2/repository/org/codehaus/jackson/jackson-mapper-asl/1.9.13/jackson-mapper-asl-1.9.13.jar:/home/runner/.m2/repository/org/codehaus/jackson/jackson-jaxrs/1.9.13/jackson-jaxrs-1.9.13.jar:/home/runner/.m2/repository/org/apache/ranger/ranger-intg/2.3.0/ranger-intg-2.3.0.jar:/home/runner/.m2/repository/org/apache/ranger/ranger-plugins-common/2.3.0/ranger-plugins-common-2.3.0.jar:/home/runner/.m2/repository/commons-lang/commons-lang/2.6/commons-lang-2.6.jar:/home/runner/.m2/repository/org/apache/ranger/ranger-plugins-cred/2.3.0/ranger-plugins-cred-2.3.0.jar:/home/runner/.m2/repository/org/apache/ranger/ranger-plugins-audit/2.3.0/ranger-plugins-audit-2.3.0.jar:/home/runner/.m2/repository/org/eclipse/jetty/jetty-client/9.4.54.v20240208/jetty-client-9.4.54.v20240208.jar:/home/runner/.m2/repository/org/apache/httpcomponents/httpmime/4.5.6/httpmime-4.5.6.jar:/home/runner/.m2/repository/org/apache/httpcomponents/httpcore-nio/4.4.16/httpcore-nio-4.4.16.jar:/home/runner/.m2/repository/org/apache/httpcomponents/httpasyncclient/4.1.3/httpasyncclient-4.1.3.jar:/home/runner/.m2/repository/com/carrotsearch/hppc/0.8.0/hppc-0.8.0.jar:/home/runner/.m2/repository/org/apache/orc/orc-core/1.5.8/orc-core-1.5.8.jar:/home/runner/.m2/repository/net/java/dev/jna/jna/5.2.0/jna-5.2.0.jar:/home/runner/.m2/repository/net/java/dev/jna/jna-platform/5.2.0/jna-platform-5.2.0.jar:/home/runner/.m2/repository/com/kstruct/gethostname4j/0.0.2/gethostname4j-0.0.2.jar:/home/runner/.m2/repository/org/apache/ranger/ranger-plugin-classloader/2.3.0/ranger-plugin-classloader-2.3.0.jar:/home/runner/work/ozone/ozone/hadoop-hdds/rocks-native/target/classes:/home/runner/.m2/repository/org/apache/hadoop/hadoop-minikdc/3.3.6/hadoop-minikdc-3.3.6.jar:/home/runner/.m2/repository/org/apache/kerby/kerb-simplekdc/1.0.1/kerb-simplekdc-1.0.1.jar:/home/runner/.m2/repository/org/apache/kerby/kerb-client/1.0.1/kerb-client-1.0.1.jar:/home/runner/.m2/repository/org/apache/kerby/kerb-common/1.0.1/kerb-common-1.0.1.jar:/home/runner/.m2/repository/org/apache/kerby/token-provider/1.0.1/token-provider-1.0.1.jar:/home/runner/.m2/repository/org/apache/kerby/kerb-admin/1.0.1/kerb-admin-1.0.1.jar:/home/runner/.m2/repository/org/apache/kerby/kerb-server/1.0.1/kerb-server-1.0.1.jar:/home/runner/.m2/repository/org/apache/kerby/kerb-identity/1.0.1/kerb-identity-1.0.1.jar:/home/runner/.m2/repository/org/apache/kerby/kerby-xdr/1.0.1/kerby-xdr-1.0.1.jar:/home/runner/.m2/repository/junit/junit/4.13.2/junit-4.13.2.jar:/home/runner/.m2/repository/org/hamcrest/hamcrest-core/1.3/hamcrest-core-1.3.jar:/home/runner/work/ozone/ozone/hadoop-ozone/s3gateway/target/classes:/home/runner/.m2/repository/org/javassist/javassist/3.30.2-GA/javassist-3.30.2-GA.jar:/home/runner/.m2/repository/org/jboss/weld/servlet/weld-servlet-shaded/3.1.9.Final/weld-servlet-shaded-3.1.9.Final.jar:/home/runner/.m2/repository/org/glassfish/jersey/containers/jersey-container-servlet-core/2.42/jersey-container-servlet-core-2.42.jar:/home/runner/.m2/repository/org/glassfish/hk2/external/jakarta.inject/2.6.1/jakarta.inject-2.6.1.jar:/home/runner/.m2/repository/org/glassfish/jersey/core/jersey-common/2.42/jersey-common-2.42.jar:/home/runner/.m2/repository/jakarta/ws/rs/jakarta.ws.rs-api/2.1.6/jakarta.ws.rs-api-2.1.6.jar:/home/runner/.m2/repository/org/glassfish/jersey/ext/cdi/jersey-cdi1x/2.42/jersey-cdi1x-2.42.jar:/home/runner/.m2/repository/org/glassfish/jersey/inject/jersey-hk2/2.42/jersey-hk2-2.42.jar:/home/runner/.m2/repository/org/glassfish/hk2/hk2-locator/2.6.1/hk2-locator-2.6.1.jar:/home/runner/.m2/repository/org/glassfish/jersey/media/jersey-media-jaxb/2.42/jersey-media-jaxb-2.42.jar:/home/runner/.m2/repository/org/glassfish/hk2/osgi-resource-locator/1.0.3/osgi-resource-locator-1.0.3.jar:/home/runner/.m2/repository/org/glassfish/hk2/hk2-api/2.6.1/hk2-api-2.6.1.jar:/home/runner/.m2/repository/org/glassfish/hk2/hk2-utils/2.6.1/hk2-utils-2.6.1.jar:/home/runner/.m2/repository/org/glassfish/hk2/external/aopalliance-repackaged/2.6.1/aopalliance-repackaged-2.6.1.jar:/home/runner/.m2/repository/com/fasterxml/jackson/dataformat/jackson-dataformat-xml/2.16.1/jackson-dataformat-xml-2.16.1.jar:/home/runner/.m2/repository/org/codehaus/woodstox/stax2-api/4.2.2/stax2-api-4.2.2.jar:/home/runner/.m2/repository/com/fasterxml/woodstox/woodstox-core/5.4.0/woodstox-core-5.4.0.jar:/home/runner/.m2/repository/com/fasterxml/jackson/module/jackson-module-jaxb-annotations/2.16.1/jackson-module-jaxb-annotations-2.16.1.jar:/home/runner/.m2/repository/javax/enterprise/cdi-api/2.0/cdi-api-2.0.jar:/home/runner/.m2/repository/javax/el/javax.el-api/3.0.0/javax.el-api-3.0.0.jar:/home/runner/.m2/repository/javax/interceptor/javax.interceptor-api/1.2/javax.interceptor-api-1.2.jar:/home/runner/.m2/repository/javax/inject/javax.inject/1/javax.inject-1.jar:/home/runner/.m2/repository/jakarta/xml/bind/jakarta.xml.bind-api/2.3.3/jakarta.xml.bind-api-2.3.3.jar:/home/runner/.m2/repository/org/glassfish/jaxb/jaxb-runtime/2.3.9/jaxb-runtime-2.3.9.jar:/home/runner/.m2/repository/org/glassfish/jaxb/txw2/2.3.9/txw2-2.3.9.jar:/home/runner/.m2/repository/com/sun/istack/istack-commons-runtime/3.0.12/istack-commons-runtime-3.0.12.jar:/home/runner/.m2/repository/com/sun/activation/jakarta.activation/1.2.2/jakarta.activation-1.2.2.jar:/home/runner/.m2/repository/jakarta/activation/jakarta.activation-api/1.2.2/jakarta.activation-api-1.2.2.jar:/home/runner/.m2/repository/io/grpc/grpc-protobuf/1.58.0/grpc-protobuf-1.58.0.jar:/home/runner/.m2/repository/com/google/api/grpc/proto-google-common-protos/2.22.0/proto-google-common-protos-2.22.0.jar:/home/runner/.m2/repository/io/grpc/grpc-protobuf-lite/1.58.0/grpc-protobuf-lite-1.58.0.jar:/home/runner/.m2/repository/io/grpc/grpc-stub/1.58.0/grpc-stub-1.58.0.jar:/home/runner/.m2/repository/io/netty/netty-transport/4.1.109.Final/netty-transport-4.1.109.Final.jar:/home/runner/.m2/repository/io/netty/netty-resolver/4.1.109.Final/netty-resolver-4.1.109.Final.jar:/home/runner/work/ozone/ozone/hadoop-ozone/csi/target/classes:/home/runner/.m2/repository/com/google/protobuf/protobuf-java-util/3.19.6/protobuf-java-util-3.19.6.jar:/home/runner/.m2/repository/com/google/code/gson/gson/2.10.1/gson-2.10.1.jar:/home/runner/work/ozone/ozone/hadoop-hdds/config/target/classes:/home/runner/.m2/repository/io/netty/netty-transport-native-epoll/4.1.109.Final/netty-transport-native-epoll-4.1.109.Final-linux-x86_64.jar:/home/runner/.m2/repository/io/netty/netty-transport-classes-epoll/4.1.109.Final/netty-transport-classes-epoll-4.1.109.Final.jar:/home/runner/.m2/repository/io/netty/netty-transport-native-unix-common/4.1.109.Final/netty-transport-native-unix-common-4.1.109.Final.jar:/home/runner/work/ozone/ozone/hadoop-ozone/recon/target/classes:/home/runner/work/ozone/ozone/hadoop-ozone/recon-codegen/target/classes:/home/runner/.m2/repository/com/google/inject/guice/6.0.0/guice-6.0.0.jar:/home/runner/.m2/repository/jakarta/inject/jakarta.inject-api/2.0.1/jakarta.inject-api-2.0.1.jar:/home/runner/.m2/repository/aopalliance/aopalliance/1.0/aopalliance-1.0.jar:/home/runner/.m2/repository/com/google/inject/extensions/guice-assistedinject/6.0.0/guice-assistedinject-6.0.0.jar:/home/runner/.m2/repository/com/google/inject/extensions/guice-servlet/6.0.0/guice-servlet-6.0.0.jar:/home/runner/.m2/repository/org/glassfish/jersey/containers/jersey-container-servlet/2.42/jersey-container-servlet-2.42.jar:/home/runner/.m2/repository/org/glassfish/hk2/guice-bridge/2.6.1/guice-bridge-2.6.1.jar:/home/runner/.m2/repository/org/glassfish/jersey/core/jersey-server/2.42/jersey-server-2.42.jar:/home/runner/.m2/repository/org/glassfish/jersey/core/jersey-client/2.42/jersey-client-2.42.jar:/home/runner/.m2/repository/jakarta/validation/jakarta.validation-api/2.0.2/jakarta.validation-api-2.0.2.jar:/home/runner/.m2/repository/org/glassfish/jersey/media/jersey-media-json-jackson/2.42/jersey-media-json-jackson-2.42.jar:/home/runner/.m2/repository/org/glassfish/jersey/ext/jersey-entity-filtering/2.42/jersey-entity-filtering-2.42.jar:/home/runner/.m2/repository/org/jooq/jooq/3.11.10/jooq-3.11.10.jar:/home/runner/.m2/repository/org/jooq/jooq-meta/3.11.10/jooq-meta-3.11.10.jar:/home/runner/.m2/repository/org/jooq/jooq-codegen/3.11.10/jooq-codegen-3.11.10.jar:/home/runner/.m2/repository/com/jolbox/bonecp/0.8.0.RELEASE/bonecp-0.8.0.RELEASE.jar:/home/runner/.m2/repository/org/apache/derby/derby/10.14.2.0/derby-10.14.2.0.jar:/home/runner/.m2/repository/org/xerial/sqlite-jdbc/3.44.1.0/sqlite-jdbc-3.44.1.0.jar:/home/runner/.m2/repository/org/springframework/spring-jdbc/5.3.34/spring-jdbc-5.3.34.jar:/home/runner/.m2/repository/org/springframework/spring-beans/5.3.34/spring-beans-5.3.34.jar:/home/runner/.m2/repository/org/springframework/spring-core/5.3.34/spring-core-5.3.34.jar:/home/runner/.m2/repository/org/springframework/spring-tx/5.3.34/spring-tx-5.3.34.jar:/home/runner/work/ozone/ozone/hadoop-ozone/client/target/classes:/home/runner/work/ozone/ozone/hadoop-hdds/erasurecode/target/classes:/home/runner/work/ozone/ozone/hadoop-ozone/ozonefs/target/classes:/home/runner/work/ozone/ozone/hadoop-ozone/ozonefs-common/target/classes:/home/runner/work/ozone/ozone/hadoop-ozone/tools/target/classes:/home/runner/.m2/repository/com/amazonaws/aws-java-sdk-core/1.12.661/aws-java-sdk-core-1.12.661.jar:/home/runner/.m2/repository/org/apache/httpcomponents/httpclient/4.5.14/httpclient-4.5.14.jar:/home/runner/.m2/repository/org/apache/httpcomponents/httpcore/4.4.16/httpcore-4.4.16.jar:/home/runner/.m2/repository/com/fasterxml/jackson/dataformat/jackson-dataformat-cbor/2.16.1/jackson-dataformat-cbor-2.16.1.jar:/home/runner/.m2/repository/joda-time/joda-time/2.12.7/joda-time-2.12.7.jar:/home/runner/.m2/repository/com/amazonaws/aws-java-sdk-s3/1.12.661/aws-java-sdk-s3-1.12.661.jar:/home/runner/.m2/repository/com/amazonaws/aws-java-sdk-kms/1.12.661/aws-java-sdk-kms-1.12.661.jar:/home/runner/.m2/repository/com/amazonaws/jmespath-java/1.12.661/jmespath-java-1.12.661.jar:/home/runner/.m2/repository/org/kohsuke/metainf-services/metainf-services/1.11/metainf-services-1.11.jar:/home/runner/work/ozone/ozone/hadoop-hdds/tools/target/classes:/home/runner/.m2/repository/org/apache/ratis/ratis-tools/3.0.1/ratis-tools-3.0.1.jar:/home/runner/.m2/repository/commons-cli/commons-cli/1.6.0/commons-cli-1.6.0.jar:/home/runner/.m2/repository/org/apache/commons/commons-lang3/3.14.0/commons-lang3-3.14.0.jar:/home/runner/work/ozone/ozone/hadoop-ozone/ozone-manager/target/test-classes:/home/runner/work/ozone/ozone/hadoop-hdds/common/target/test-classes:/home/runner/work/ozone/ozone/hadoop-hdds/hadoop-dependency-client/target/classes:/home/runner/.m2/repository/info/picocli/picocli/4.7.5/picocli-4.7.5.jar:/home/runner/.m2/repository/com/fasterxml/jackson/core/jackson-annotations/2.16.1/jackson-annotations-2.16.1.jar:/home/runner/work/ozone/ozone/hadoop-hdds/annotations/target/classes:/home/runner/.m2/repository/javax/annotation/javax.annotation-api/1.3.2/javax.annotation-api-1.3.2.jar:/home/runner/.m2/repository/org/apache/ratis/ratis-netty/3.0.1/ratis-netty-3.0.1.jar:/home/runner/.m2/repository/org/apache/ratis/ratis-grpc/3.0.1/ratis-grpc-3.0.1.jar:/home/runner/.m2/repository/org/bouncycastle/bcpkix-jdk18on/1.78.1/bcpkix-jdk18on-1.78.1.jar:/home/runner/.m2/repository/org/bouncycastle/bcutil-jdk18on/1.78.1/bcutil-jdk18on-1.78.1.jar:/home/runner/.m2/repository/commons-validator/commons-validator/1.6/commons-validator-1.6.jar:/home/runner/.m2/repository/commons-beanutils/commons-beanutils/1.9.4/commons-beanutils-1.9.4.jar:/home/runner/.m2/repository/commons-digester/commons-digester/1.8.1/commons-digester-1.8.1.jar:/home/runner/.m2/repository/commons-collections/commons-collections/3.2.2/commons-collections-3.2.2.jar:/home/runner/.m2/repository/io/jaegertracing/jaeger-client/1.8.1/jaeger-client-1.8.1.jar:/home/runner/.m2/repository/io/jaegertracing/jaeger-thrift/1.8.1/jaeger-thrift-1.8.1.jar:/home/runner/.m2/repository/org/apache/thrift/libthrift/0.15.0/libthrift-0.15.0.jar:/home/runner/.m2/repository/io/jaegertracing/jaeger-core/1.8.1/jaeger-core-1.8.1.jar:/home/runner/.m2/repository/io/jaegertracing/jaeger-tracerresolver/1.8.1/jaeger-tracerresolver-1.8.1.jar:/home/runner/.m2/repository/io/opentracing/contrib/opentracing-tracerresolver/0.1.8/opentracing-tracerresolver-0.1.8.jar:/home/runner/.m2/repository/org/jetbrains/kotlin/kotlin-stdlib/1.9.22/kotlin-stdlib-1.9.22.jar:/home/runner/.m2/repository/org/jetbrains/annotations/13.0/annotations-13.0.jar:/home/runner/.m2/repository/io/opentracing/opentracing-util/0.33.0/opentracing-util-0.33.0.jar:/home/runner/.m2/repository/io/opentracing/opentracing-api/0.33.0/opentracing-api-0.33.0.jar:/home/runner/.m2/repository/io/opentracing/opentracing-noop/0.33.0/opentracing-noop-0.33.0.jar:/home/runner/.m2/repository/org/yaml/snakeyaml/2.0/snakeyaml-2.0.jar:/home/runner/.m2/repository/io/grpc/grpc-api/1.58.0/grpc-api-1.58.0.jar:/home/runner/.m2/repository/org/junit/platform/junit-platform-launcher/1.10.2/junit-platform-launcher-1.10.2.jar:/home/runner/.m2/repository/org/junit/platform/junit-platform-engine/1.10.2/junit-platform-engine-1.10.2.jar:/home/runner/.m2/repository/org/apiguardian/apiguardian-api/1.1.2/apiguardian-api-1.1.2.jar:/home/runner/.m2/repository/org/apache/hadoop/hadoop-kms/3.3.6/hadoop-kms-3.3.6.jar:/home/runner/.m2/repository/org/apache/hadoop/hadoop-auth/3.3.6/hadoop-auth-3.3.6.jar:/home/runner/.m2/repository/org/apache/zookeeper/zookeeper/3.8.4/zookeeper-3.8.4.jar:/home/runner/.m2/repository/org/apache/zookeeper/zookeeper-jute/3.8.4/zookeeper-jute-3.8.4.jar:/home/runner/.m2/repository/org/apache/yetus/audience-annotations/0.12.0/audience-annotations-0.12.0.jar:/home/runner/.m2/repository/org/apache/curator/curator-framework/4.2.0/curator-framework-4.2.0.jar:/home/runner/.m2/repository/org/apache/hadoop/thirdparty/hadoop-shaded-guava/1.2.0/hadoop-shaded-guava-1.2.0.jar:/home/runner/.m2/repository/com/sun/jersey/jersey-core/1.19.4/jersey-core-1.19.4.jar:/home/runner/.m2/repository/javax/ws/rs/jsr311-api/1.1.1/jsr311-api-1.1.1.jar:/home/runner/.m2/repository/com/sun/jersey/jersey-server/1.19.4/jersey-server-1.19.4.jar:/home/runner/.m2/repository/javax/servlet/javax.servlet-api/3.1.0/javax.servlet-api-3.1.0.jar:/home/runner/.m2/repository/org/apache/hadoop/hadoop-common/3.3.6/hadoop-common-3.3.6.jar:/home/runner/.m2/repository/org/apache/commons/commons-math3/3.6.1/commons-math3-3.6.1.jar:/home/runner/.m2/repository/commons-net/commons-net/3.10.0/commons-net-3.10.0.jar:/home/runner/.m2/repository/com/sun/jersey/jersey-servlet/1.19.4/jersey-servlet-1.19.4.jar:/home/runner/.m2/repository/com/github/pjfanning/jersey-json/1.20/jersey-json-1.20.jar:/home/runner/.m2/repository/org/codehaus/jettison/jettison/1.1/jettison-1.1.jar:/home/runner/.m2/repository/com/sun/xml/bind/jaxb-impl/2.2.3-1/jaxb-impl-2.2.3-1.jar:/home/runner/.m2/repository/com/google/re2j/re2j/1.7/re2j-1.7.jar:/home/runner/.m2/repository/com/jcraft/jsch/0.1.55/jsch-0.1.55.jar:/home/runner/.m2/repository/org/apache/curator/curator-client/4.2.0/curator-client-4.2.0.jar:/home/runner/.m2/repository/org/apache/curator/curator-recipes/5.2.0/curator-recipes-5.2.0.jar:/home/runner/.m2/repository/com/google/code/findbugs/jsr305/3.0.2/jsr305-3.0.2.jar:/home/runner/.m2/repository/dnsjava/dnsjava/2.1.9/dnsjava-2.1.9.jar:/home/runner/.m2/repository/com/fasterxml/jackson/core/jackson-databind/2.16.1/jackson-databind-2.16.1.jar:/home/runner/.m2/repository/org/apache/hadoop/hadoop-kms/3.3.6/hadoop-kms-3.3.6-tests.jar:/home/runner/work/ozone/ozone/hadoop-hdds/server-scm/target/test-classes:/home/runner/work/ozone/ozone/hadoop-hdds/container-service/target/test-classes:/home/runner/.m2/repository/com/github/luben/zstd-jni/1.5.6-2/zstd-jni-1.5.6-2.jar:/home/runner/.m2/repository/commons-codec/commons-codec/1.15/commons-codec-1.15.jar:/home/runner/.m2/repository/io/netty/netty-codec/4.1.109.Final/netty-codec-4.1.109.Final.jar:/home/runner/.m2/repository/io/netty/netty-handler/4.1.109.Final/netty-handler-4.1.109.Final.jar:/home/runner/work/ozone/ozone/hadoop-hdds/hadoop-dependency-test/target/classes:/home/runner/.m2/repository/org/apache/hadoop/hadoop-common/3.3.6/hadoop-common-3.3.6-tests.jar:/home/runner/.m2/repository/org/apache/hadoop/hadoop-hdfs/3.3.6/hadoop-hdfs-3.3.6-tests.jar:/home/runner/.m2/repository/org/junit/jupiter/junit-jupiter-engine/5.10.2/junit-jupiter-engine-5.10.2.jar:/home/runner/.m2/repository/org/junit/jupiter/junit-jupiter-params/5.10.2/junit-jupiter-params-5.10.2.jar:/home/runner/.m2/repository/org/mockito/mockito-core/4.11.0/mockito-core-4.11.0.jar:/home/runner/.m2/repository/net/bytebuddy/byte-buddy/1.12.19/byte-buddy-1.12.19.jar:/home/runner/.m2/repository/net/bytebuddy/byte-buddy-agent/1.12.19/byte-buddy-agent-1.12.19.jar:/home/runner/.m2/repository/org/objenesis/objenesis/3.3/objenesis-3.3.jar:/home/runner/.m2/repository/org/mockito/mockito-inline/4.11.0/mockito-inline-4.11.0.jar:/home/runner/.m2/repository/org/mockito/mockito-junit-jupiter/4.11.0/mockito-junit-jupiter-4.11.0.jar:/home/runner/.m2/repository/org/apache/hadoop/hadoop-distcp/3.3.6/hadoop-distcp-3.3.6.jar:/home/runner/.m2/repository/org/apache/hadoop/hadoop-mapreduce-client-jobclient/3.3.6/hadoop-mapreduce-client-jobclient-3.3.6.jar:/home/runner/.m2/repository/org/apache/hadoop/hadoop-mapreduce-client-common/3.3.6/hadoop-mapreduce-client-common-3.3.6.jar:/home/runner/.m2/repository/org/apache/hadoop/hadoop-yarn-common/3.3.6/hadoop-yarn-common-3.3.6.jar:/home/runner/.m2/repository/org/apache/hadoop/hadoop-yarn-api/3.3.6/hadoop-yarn-api-3.3.6.jar:/home/runner/.m2/repository/javax/xml/bind/jaxb-api/2.2.11/jaxb-api-2.2.11.jar:/home/runner/.m2/repository/com/sun/jersey/contribs/jersey-guice/1.19.4/jersey-guice-1.19.4.jar:/home/runner/.m2/repository/com/fasterxml/jackson/jaxrs/jackson-jaxrs-json-provider/2.16.1/jackson-jaxrs-json-provider-2.16.1.jar:/home/runner/.m2/repository/com/fasterxml/jackson/jaxrs/jackson-jaxrs-base/2.16.1/jackson-jaxrs-base-2.16.1.jar:/home/runner/.m2/repository/org/apache/hadoop/hadoop-yarn-client/3.3.6/hadoop-yarn-client-3.3.6.jar:/home/runner/.m2/repository/org/eclipse/jetty/websocket/websocket-client/9.4.51.v20230217/websocket-client-9.4.51.v20230217.jar:/home/runner/.m2/repository/org/eclipse/jetty/websocket/websocket-common/9.4.51.v20230217/websocket-common-9.4.51.v20230217.jar:/home/runner/.m2/repository/org/eclipse/jetty/websocket/websocket-api/9.4.51.v20230217/websocket-api-9.4.51.v20230217.jar:/home/runner/.m2/repository/org/jline/jline/3.9.0/jline-3.9.0.jar:/home/runner/.m2/repository/org/apache/hadoop/hadoop-mapreduce-client-core/3.3.6/hadoop-mapreduce-client-core-3.3.6.jar:/home/runner/.m2/repository/org/apache/avro/avro/1.7.7/avro-1.7.7.jar:/home/runner/.m2/repository/com/thoughtworks/paranamer/paranamer/2.3/paranamer-2.3.jar:/home/runner/.m2/repository/org/apache/hadoop/hadoop-annotations/3.3.6/hadoop-annotations-3.3.6.jar:/home/runner/.m2/repository/io/netty/netty/3.10.6.Final/netty-3.10.6.Final.jar:/home/runner/.m2/repository/org/apache/hadoop/hadoop-distcp/3.3.6/hadoop-distcp-3.3.6-tests.jar:/home/runner/.m2/repository/org/hamcrest/hamcrest/2.2/hamcrest-2.2.jar:/home/runner/.m2/repository/org/slf4j/jul-to-slf4j/2.0.12/jul-to-slf4j-2.0.12.jar:/home/runner/work/ozone/ozone/hadoop-ozone/integration-test/target/gradle-enterprise/test-listeners.jar:"/>
    <property name="java.vm.vendor" value="Eclipse Adoptium"/>
    <property name="sun.arch.data.model" value="64"/>
    <property name="test.build.dir" value="/home/runner/work/ozone/ozone/hadoop-ozone/integration-test/target/test-dir"/>
    <property name="test.cache.data" value=""/>
    <property name="java.vendor.url" value="https://adoptium.net/"/>
    <property name="user.timezone" value="Etc/UTC"/>
    <property name="maven-surefire-plugin.argLineAccessArgs" value=" --add-opens java.management/com.sun.jmx.mbeanserver=ALL-UNNAMED --add-exports java.management/com.sun.jmx.mbeanserver=ALL-UNNAMED --add-opens java.base/java.nio=ALL-UNNAMED --add-opens java.base/java.lang=ALL-UNNAMED --add-opens java.base/java.lang.reflect=ALL-UNNAMED"/>
    <property name="os.name" value="Linux"/>
    <property name="java.vm.specification.version" value="17"/>
    <property name="test.build.data" value="/home/runner/work/ozone/ozone/hadoop-ozone/integration-test/target/test-dir"/>
    <property name="sun.java.launcher" value="SUN_STANDARD"/>
    <property name="sun.boot.library.path" value="/usr/lib/jvm/temurin-17-jdk-amd64/lib"/>
    <property name="sun.java.command" value="/home/runner/work/ozone/ozone/hadoop-ozone/integration-test/target/surefire/surefirebooter7899087087513309060.jar /home/runner/work/ozone/ozone/hadoop-ozone/integration-test/target/surefire 2024-05-12T17-34-41_680-jvmRun1 surefire11698843100936976158tmp surefire_857399328044442626467tmp"/>
    <property name="jdk.debug" value="release"/>
    <property name="native.lib.tmp.dir" value="/tmp"/>
    <property name="surefire.test.class.path" value="/home/runner/work/ozone/ozone/hadoop-ozone/integration-test/target/test-classes:/home/runner/work/ozone/ozone/hadoop-ozone/integration-test/target/classes:/home/runner/work/ozone/ozone/hadoop-ozone/common/target/classes:/home/runner/.m2/repository/io/grpc/grpc-netty/1.58.0/grpc-netty-1.58.0.jar:/home/runner/.m2/repository/io/grpc/grpc-core/1.58.0/grpc-core-1.58.0.jar:/home/runner/.m2/repository/com/google/android/annotations/4.1.1.4/annotations-4.1.1.4.jar:/home/runner/.m2/repository/org/codehaus/mojo/animal-sniffer-annotations/1.23/animal-sniffer-annotations-1.23.jar:/home/runner/.m2/repository/io/grpc/grpc-context/1.58.0/grpc-context-1.58.0.jar:/home/runner/.m2/repository/io/grpc/grpc-util/1.58.0/grpc-util-1.58.0.jar:/home/runner/.m2/repository/com/google/errorprone/error_prone_annotations/2.2.0/error_prone_annotations-2.2.0.jar:/home/runner/.m2/repository/io/perfmark/perfmark-api/0.26.0/perfmark-api-0.26.0.jar:/home/runner/.m2/repository/io/netty/netty-codec-http2/4.1.109.Final/netty-codec-http2-4.1.109.Final.jar:/home/runner/.m2/repository/io/netty/netty-common/4.1.109.Final/netty-common-4.1.109.Final.jar:/home/runner/.m2/repository/io/netty/netty-buffer/4.1.109.Final/netty-buffer-4.1.109.Final.jar:/home/runner/.m2/repository/io/netty/netty-codec-http/4.1.109.Final/netty-codec-http-4.1.109.Final.jar:/home/runner/.m2/repository/io/netty/netty-handler-proxy/4.1.109.Final/netty-handler-proxy-4.1.109.Final.jar:/home/runner/.m2/repository/io/netty/netty-codec-socks/4.1.109.Final/netty-codec-socks-4.1.109.Final.jar:/home/runner/.m2/repository/io/netty/netty-tcnative-boringssl-static/2.0.65.Final/netty-tcnative-boringssl-static-2.0.65.Final.jar:/home/runner/.m2/repository/io/netty/netty-tcnative-classes/2.0.65.Final/netty-tcnative-classes-2.0.65.Final.jar:/home/runner/.m2/repository/io/netty/netty-tcnative-boringssl-static/2.0.65.Final/netty-tcnative-boringssl-static-2.0.65.Final-linux-x86_64.jar:/home/runner/.m2/repository/io/netty/netty-tcnative-boringssl-static/2.0.65.Final/netty-tcnative-boringssl-static-2.0.65.Final-linux-aarch_64.jar:/home/runner/.m2/repository/io/netty/netty-tcnative-boringssl-static/2.0.65.Final/netty-tcnative-boringssl-static-2.0.65.Final-osx-x86_64.jar:/home/runner/.m2/repository/io/netty/netty-tcnative-boringssl-static/2.0.65.Final/netty-tcnative-boringssl-static-2.0.65.Final-osx-aarch_64.jar:/home/runner/.m2/repository/io/netty/netty-tcnative-boringssl-static/2.0.65.Final/netty-tcnative-boringssl-static-2.0.65.Final-windows-x86_64.jar:/home/runner/.m2/repository/org/apache/commons/commons-compress/1.26.0/commons-compress-1.26.0.jar:/home/runner/work/ozone/ozone/hadoop-hdds/common/target/classes:/home/runner/work/ozone/ozone/hadoop-hdds/client/target/classes:/home/runner/work/ozone/ozone/hadoop-ozone/interface-client/target/classes:/home/runner/.m2/repository/org/apache/hadoop/hadoop-hdfs-client/3.3.6/hadoop-hdfs-client-3.3.6.jar:/home/runner/.m2/repository/com/squareup/okhttp3/okhttp/4.12.0/okhttp-4.12.0.jar:/home/runner/.m2/repository/com/squareup/okio/okio/3.6.0/okio-3.6.0.jar:/home/runner/.m2/repository/com/squareup/okio/okio-jvm/3.6.0/okio-jvm-3.6.0.jar:/home/runner/.m2/repository/org/jetbrains/kotlin/kotlin-stdlib-jdk8/1.9.22/kotlin-stdlib-jdk8-1.9.22.jar:/home/runner/.m2/repository/org/jetbrains/kotlin/kotlin-stdlib-jdk7/1.9.22/kotlin-stdlib-jdk7-1.9.22.jar:/home/runner/.m2/repository/org/jetbrains/kotlin/kotlin-stdlib-common/1.9.22/kotlin-stdlib-common-1.9.22.jar:/home/runner/work/ozone/ozone/hadoop-hdds/test-utils/target/classes:/home/runner/.m2/repository/org/assertj/assertj-core/3.12.2/assertj-core-3.12.2.jar:/home/runner/.m2/repository/com/google/guava/guava/32.1.3-jre/guava-32.1.3-jre.jar:/home/runner/.m2/repository/com/google/guava/failureaccess/1.0.1/failureaccess-1.0.1.jar:/home/runner/.m2/repository/com/google/guava/listenablefuture/9999.0-empty-to-avoid-conflict-with-guava/listenablefuture-9999.0-empty-to-avoid-conflict-with-guava.jar:/home/runner/.m2/repository/org/checkerframework/checker-qual/3.37.0/checker-qual-3.37.0.jar:/home/runner/.m2/repository/com/google/j2objc/j2objc-annotations/2.8/j2objc-annotations-2.8.jar:/home/runner/.m2/repository/commons-io/commons-io/2.16.1/commons-io-2.16.1.jar:/home/runner/.m2/repository/commons-logging/commons-logging/1.2/commons-logging-1.2.jar:/home/runner/.m2/repository/org/junit/jupiter/junit-jupiter-api/5.10.2/junit-jupiter-api-5.10.2.jar:/home/runner/.m2/repository/org/opentest4j/opentest4j/1.3.0/opentest4j-1.3.0.jar:/home/runner/.m2/repository/org/junit/platform/junit-platform-commons/1.10.2/junit-platform-commons-1.10.2.jar:/home/runner/.m2/repository/ch/qos/reload4j/reload4j/1.2.25/reload4j-1.2.25.jar:/home/runner/.m2/repository/jakarta/annotation/jakarta.annotation-api/2.1.1/jakarta.annotation-api-2.1.1.jar:/home/runner/.m2/repository/org/slf4j/slf4j-api/2.0.12/slf4j-api-2.0.12.jar:/home/runner/.m2/repository/org/apache/logging/log4j/log4j-api/2.17.1/log4j-api-2.17.1.jar:/home/runner/work/ozone/ozone/hadoop-hdds/server-scm/target/classes:/home/runner/.m2/repository/com/google/protobuf/protobuf-java/2.5.0/protobuf-java-2.5.0.jar:/home/runner/work/ozone/ozone/hadoop-hdds/container-service/target/classes:/home/runner/work/ozone/ozone/hadoop-hdds/hadoop-dependency-server/target/classes:/home/runner/.m2/repository/com/nimbusds/nimbus-jose-jwt/9.37.2/nimbus-jose-jwt-9.37.2.jar:/home/runner/.m2/repository/com/github/stephenc/jcip/jcip-annotations/1.0-1/jcip-annotations-1.0-1.jar:/home/runner/.m2/repository/org/apache/hadoop/hadoop-hdfs/3.3.6/hadoop-hdfs-3.3.6.jar:/home/runner/.m2/repository/commons-daemon/commons-daemon/1.3.4/commons-daemon-1.3.4.jar:/home/runner/.m2/repository/org/apache/kerby/kerb-core/1.0.1/kerb-core-1.0.1.jar:/home/runner/.m2/repository/org/apache/kerby/kerby-pkix/1.0.1/kerby-pkix-1.0.1.jar:/home/runner/.m2/repository/org/apache/kerby/kerby-asn1/1.0.1/kerby-asn1-1.0.1.jar:/home/runner/.m2/repository/org/apache/kerby/kerby-util/1.0.1/kerby-util-1.0.1.jar:/home/runner/.m2/repository/org/apache/kerby/kerb-util/1.0.1/kerb-util-1.0.1.jar:/home/runner/.m2/repository/org/apache/kerby/kerby-config/1.0.1/kerby-config-1.0.1.jar:/home/runner/.m2/repository/org/apache/kerby/kerb-crypto/1.0.1/kerb-crypto-1.0.1.jar:/home/runner/.m2/repository/org/xerial/snappy/snappy-java/1.1.10.5/snappy-java-1.1.10.5.jar:/home/runner/work/ozone/ozone/hadoop-hdds/framework/target/classes:/home/runner/.m2/repository/org/bouncycastle/bcprov-jdk18on/1.78.1/bcprov-jdk18on-1.78.1.jar:/home/runner/.m2/repository/io/dropwizard/metrics/metrics-core/3.2.4/metrics-core-3.2.4.jar:/home/runner/.m2/repository/org/apache/commons/commons-text/1.11.0/commons-text-1.11.0.jar:/home/runner/work/ozone/ozone/hadoop-hdds/framework/target/test-classes:/home/runner/work/ozone/ozone/hadoop-hdds/interface-server/target/classes:/home/runner/work/ozone/ozone/hadoop-hdds/interface-admin/target/classes:/home/runner/work/ozone/ozone/hadoop-hdds/managed-rocksdb/target/classes:/home/runner/.m2/repository/org/rocksdb/rocksdbjni/7.7.3/rocksdbjni-7.7.3.jar:/home/runner/.m2/repository/org/slf4j/slf4j-reload4j/2.0.12/slf4j-reload4j-2.0.12.jar:/home/runner/.m2/repository/org/apache/commons/commons-configuration2/2.10.1/commons-configuration2-2.10.1.jar:/home/runner/.m2/repository/commons-fileupload/commons-fileupload/1.5/commons-fileupload-1.5.jar:/home/runner/.m2/repository/org/apache/logging/log4j/log4j-core/2.17.1/log4j-core-2.17.1.jar:/home/runner/.m2/repository/com/lmax/disruptor/3.4.4/disruptor-3.4.4.jar:/home/runner/.m2/repository/org/eclipse/jetty/jetty-util/9.4.54.v20240208/jetty-util-9.4.54.v20240208.jar:/home/runner/.m2/repository/org/eclipse/jetty/jetty-server/9.4.54.v20240208/jetty-server-9.4.54.v20240208.jar:/home/runner/.m2/repository/org/eclipse/jetty/jetty-http/9.4.54.v20240208/jetty-http-9.4.54.v20240208.jar:/home/runner/.m2/repository/org/eclipse/jetty/jetty-io/9.4.54.v20240208/jetty-io-9.4.54.v20240208.jar:/home/runner/.m2/repository/org/eclipse/jetty/jetty-servlet/9.4.54.v20240208/jetty-servlet-9.4.54.v20240208.jar:/home/runner/.m2/repository/org/eclipse/jetty/jetty-security/9.4.54.v20240208/jetty-security-9.4.54.v20240208.jar:/home/runner/.m2/repository/org/eclipse/jetty/jetty-util-ajax/9.4.54.v20240208/jetty-util-ajax-9.4.54.v20240208.jar:/home/runner/.m2/repository/org/eclipse/jetty/jetty-webapp/9.4.54.v20240208/jetty-webapp-9.4.54.v20240208.jar:/home/runner/.m2/repository/org/eclipse/jetty/jetty-xml/9.4.54.v20240208/jetty-xml-9.4.54.v20240208.jar:/home/runner/.m2/repository/org/apache/ratis/ratis-server/3.0.1/ratis-server-3.0.1.jar:/home/runner/.m2/repository/org/apache/ratis/ratis-thirdparty-misc/1.0.5/ratis-thirdparty-misc-1.0.5.jar:/home/runner/.m2/repository/org/apache/ratis/ratis-proto/3.0.1/ratis-proto-3.0.1.jar:/home/runner/.m2/repository/org/apache/ratis/ratis-common/3.0.1/ratis-common-3.0.1.jar:/home/runner/.m2/repository/org/apache/ratis/ratis-client/3.0.1/ratis-client-3.0.1.jar:/home/runner/.m2/repository/org/apache/ratis/ratis-server-api/3.0.1/ratis-server-api-3.0.1.jar:/home/runner/.m2/repository/org/apache/ratis/ratis-metrics-api/3.0.1/ratis-metrics-api-3.0.1.jar:/home/runner/.m2/repository/org/apache/ratis/ratis-metrics-dropwizard3/3.0.1/ratis-metrics-dropwizard3-3.0.1.jar:/home/runner/.m2/repository/io/prometheus/simpleclient_dropwizard/0.16.0/simpleclient_dropwizard-0.16.0.jar:/home/runner/.m2/repository/io/prometheus/simpleclient/0.16.0/simpleclient-0.16.0.jar:/home/runner/.m2/repository/io/prometheus/simpleclient_common/0.16.0/simpleclient_common-0.16.0.jar:/home/runner/.m2/repository/com/fasterxml/jackson/datatype/jackson-datatype-jsr310/2.16.1/jackson-datatype-jsr310-2.16.1.jar:/home/runner/.m2/repository/com/fasterxml/jackson/core/jackson-core/2.16.1/jackson-core-2.16.1.jar:/home/runner/work/ozone/ozone/hadoop-hdds/rocksdb-checkpoint-differ/target/classes:/home/runner/.m2/repository/org/jgrapht/jgrapht-core/1.4.0/jgrapht-core-1.4.0.jar:/home/runner/.m2/repository/org/jheaps/jheaps/0.11/jheaps-0.11.jar:/home/runner/.m2/repository/org/jgrapht/jgrapht-ext/1.4.0/jgrapht-ext-1.4.0.jar:/home/runner/.m2/repository/com/github/vlsi/mxgraph/jgraphx/3.9.8.1/jgraphx-3.9.8.1.jar:/home/runner/work/ozone/ozone/hadoop-ozone/ozone-manager/target/classes:/home/runner/.m2/repository/org/aspectj/aspectjrt/1.9.7/aspectjrt-1.9.7.jar:/home/runner/.m2/repository/org/aspectj/aspectjweaver/1.9.7/aspectjweaver-1.9.7.jar:/home/runner/work/ozone/ozone/hadoop-hdds/interface-client/target/classes:/home/runner/.m2/repository/org/apache/hadoop/thirdparty/hadoop-shaded-protobuf_3_7/1.1.1/hadoop-shaded-protobuf_3_7-1.1.1.jar:/home/runner/work/ozone/ozone/hadoop-ozone/interface-storage/target/classes:/home/runner/.m2/repository/org/reflections/reflections/0.10.2/reflections-0.10.2.jar:/home/runner/.m2/repository/com/sun/jersey/jersey-client/1.19.4/jersey-client-1.19.4.jar:/home/runner/.m2/repository/org/codehaus/jackson/jackson-core-asl/1.9.13/jackson-core-asl-1.9.13.jar:/home/runner/.m2/repository/org/codehaus/jackson/jackson-mapper-asl/1.9.13/jackson-mapper-asl-1.9.13.jar:/home/runner/.m2/repository/org/codehaus/jackson/jackson-jaxrs/1.9.13/jackson-jaxrs-1.9.13.jar:/home/runner/.m2/repository/org/apache/ranger/ranger-intg/2.3.0/ranger-intg-2.3.0.jar:/home/runner/.m2/repository/org/apache/ranger/ranger-plugins-common/2.3.0/ranger-plugins-common-2.3.0.jar:/home/runner/.m2/repository/commons-lang/commons-lang/2.6/commons-lang-2.6.jar:/home/runner/.m2/repository/org/apache/ranger/ranger-plugins-cred/2.3.0/ranger-plugins-cred-2.3.0.jar:/home/runner/.m2/repository/org/apache/ranger/ranger-plugins-audit/2.3.0/ranger-plugins-audit-2.3.0.jar:/home/runner/.m2/repository/org/eclipse/jetty/jetty-client/9.4.54.v20240208/jetty-client-9.4.54.v20240208.jar:/home/runner/.m2/repository/org/apache/httpcomponents/httpmime/4.5.6/httpmime-4.5.6.jar:/home/runner/.m2/repository/org/apache/httpcomponents/httpcore-nio/4.4.16/httpcore-nio-4.4.16.jar:/home/runner/.m2/repository/org/apache/httpcomponents/httpasyncclient/4.1.3/httpasyncclient-4.1.3.jar:/home/runner/.m2/repository/com/carrotsearch/hppc/0.8.0/hppc-0.8.0.jar:/home/runner/.m2/repository/org/apache/orc/orc-core/1.5.8/orc-core-1.5.8.jar:/home/runner/.m2/repository/net/java/dev/jna/jna/5.2.0/jna-5.2.0.jar:/home/runner/.m2/repository/net/java/dev/jna/jna-platform/5.2.0/jna-platform-5.2.0.jar:/home/runner/.m2/repository/com/kstruct/gethostname4j/0.0.2/gethostname4j-0.0.2.jar:/home/runner/.m2/repository/org/apache/ranger/ranger-plugin-classloader/2.3.0/ranger-plugin-classloader-2.3.0.jar:/home/runner/work/ozone/ozone/hadoop-hdds/rocks-native/target/classes:/home/runner/.m2/repository/org/apache/hadoop/hadoop-minikdc/3.3.6/hadoop-minikdc-3.3.6.jar:/home/runner/.m2/repository/org/apache/kerby/kerb-simplekdc/1.0.1/kerb-simplekdc-1.0.1.jar:/home/runner/.m2/repository/org/apache/kerby/kerb-client/1.0.1/kerb-client-1.0.1.jar:/home/runner/.m2/repository/org/apache/kerby/kerb-common/1.0.1/kerb-common-1.0.1.jar:/home/runner/.m2/repository/org/apache/kerby/token-provider/1.0.1/token-provider-1.0.1.jar:/home/runner/.m2/repository/org/apache/kerby/kerb-admin/1.0.1/kerb-admin-1.0.1.jar:/home/runner/.m2/repository/org/apache/kerby/kerb-server/1.0.1/kerb-server-1.0.1.jar:/home/runner/.m2/repository/org/apache/kerby/kerb-identity/1.0.1/kerb-identity-1.0.1.jar:/home/runner/.m2/repository/org/apache/kerby/kerby-xdr/1.0.1/kerby-xdr-1.0.1.jar:/home/runner/.m2/repository/junit/junit/4.13.2/junit-4.13.2.jar:/home/runner/.m2/repository/org/hamcrest/hamcrest-core/1.3/hamcrest-core-1.3.jar:/home/runner/work/ozone/ozone/hadoop-ozone/s3gateway/target/classes:/home/runner/.m2/repository/org/javassist/javassist/3.30.2-GA/javassist-3.30.2-GA.jar:/home/runner/.m2/repository/org/jboss/weld/servlet/weld-servlet-shaded/3.1.9.Final/weld-servlet-shaded-3.1.9.Final.jar:/home/runner/.m2/repository/org/glassfish/jersey/containers/jersey-container-servlet-core/2.42/jersey-container-servlet-core-2.42.jar:/home/runner/.m2/repository/org/glassfish/hk2/external/jakarta.inject/2.6.1/jakarta.inject-2.6.1.jar:/home/runner/.m2/repository/org/glassfish/jersey/core/jersey-common/2.42/jersey-common-2.42.jar:/home/runner/.m2/repository/jakarta/ws/rs/jakarta.ws.rs-api/2.1.6/jakarta.ws.rs-api-2.1.6.jar:/home/runner/.m2/repository/org/glassfish/jersey/ext/cdi/jersey-cdi1x/2.42/jersey-cdi1x-2.42.jar:/home/runner/.m2/repository/org/glassfish/jersey/inject/jersey-hk2/2.42/jersey-hk2-2.42.jar:/home/runner/.m2/repository/org/glassfish/hk2/hk2-locator/2.6.1/hk2-locator-2.6.1.jar:/home/runner/.m2/repository/org/glassfish/jersey/media/jersey-media-jaxb/2.42/jersey-media-jaxb-2.42.jar:/home/runner/.m2/repository/org/glassfish/hk2/osgi-resource-locator/1.0.3/osgi-resource-locator-1.0.3.jar:/home/runner/.m2/repository/org/glassfish/hk2/hk2-api/2.6.1/hk2-api-2.6.1.jar:/home/runner/.m2/repository/org/glassfish/hk2/hk2-utils/2.6.1/hk2-utils-2.6.1.jar:/home/runner/.m2/repository/org/glassfish/hk2/external/aopalliance-repackaged/2.6.1/aopalliance-repackaged-2.6.1.jar:/home/runner/.m2/repository/com/fasterxml/jackson/dataformat/jackson-dataformat-xml/2.16.1/jackson-dataformat-xml-2.16.1.jar:/home/runner/.m2/repository/org/codehaus/woodstox/stax2-api/4.2.2/stax2-api-4.2.2.jar:/home/runner/.m2/repository/com/fasterxml/woodstox/woodstox-core/5.4.0/woodstox-core-5.4.0.jar:/home/runner/.m2/repository/com/fasterxml/jackson/module/jackson-module-jaxb-annotations/2.16.1/jackson-module-jaxb-annotations-2.16.1.jar:/home/runner/.m2/repository/javax/enterprise/cdi-api/2.0/cdi-api-2.0.jar:/home/runner/.m2/repository/javax/el/javax.el-api/3.0.0/javax.el-api-3.0.0.jar:/home/runner/.m2/repository/javax/interceptor/javax.interceptor-api/1.2/javax.interceptor-api-1.2.jar:/home/runner/.m2/repository/javax/inject/javax.inject/1/javax.inject-1.jar:/home/runner/.m2/repository/jakarta/xml/bind/jakarta.xml.bind-api/2.3.3/jakarta.xml.bind-api-2.3.3.jar:/home/runner/.m2/repository/org/glassfish/jaxb/jaxb-runtime/2.3.9/jaxb-runtime-2.3.9.jar:/home/runner/.m2/repository/org/glassfish/jaxb/txw2/2.3.9/txw2-2.3.9.jar:/home/runner/.m2/repository/com/sun/istack/istack-commons-runtime/3.0.12/istack-commons-runtime-3.0.12.jar:/home/runner/.m2/repository/com/sun/activation/jakarta.activation/1.2.2/jakarta.activation-1.2.2.jar:/home/runner/.m2/repository/jakarta/activation/jakarta.activation-api/1.2.2/jakarta.activation-api-1.2.2.jar:/home/runner/.m2/repository/io/grpc/grpc-protobuf/1.58.0/grpc-protobuf-1.58.0.jar:/home/runner/.m2/repository/com/google/api/grpc/proto-google-common-protos/2.22.0/proto-google-common-protos-2.22.0.jar:/home/runner/.m2/repository/io/grpc/grpc-protobuf-lite/1.58.0/grpc-protobuf-lite-1.58.0.jar:/home/runner/.m2/repository/io/grpc/grpc-stub/1.58.0/grpc-stub-1.58.0.jar:/home/runner/.m2/repository/io/netty/netty-transport/4.1.109.Final/netty-transport-4.1.109.Final.jar:/home/runner/.m2/repository/io/netty/netty-resolver/4.1.109.Final/netty-resolver-4.1.109.Final.jar:/home/runner/work/ozone/ozone/hadoop-ozone/csi/target/classes:/home/runner/.m2/repository/com/google/protobuf/protobuf-java-util/3.19.6/protobuf-java-util-3.19.6.jar:/home/runner/.m2/repository/com/google/code/gson/gson/2.10.1/gson-2.10.1.jar:/home/runner/work/ozone/ozone/hadoop-hdds/config/target/classes:/home/runner/.m2/repository/io/netty/netty-transport-native-epoll/4.1.109.Final/netty-transport-native-epoll-4.1.109.Final-linux-x86_64.jar:/home/runner/.m2/repository/io/netty/netty-transport-classes-epoll/4.1.109.Final/netty-transport-classes-epoll-4.1.109.Final.jar:/home/runner/.m2/repository/io/netty/netty-transport-native-unix-common/4.1.109.Final/netty-transport-native-unix-common-4.1.109.Final.jar:/home/runner/work/ozone/ozone/hadoop-ozone/recon/target/classes:/home/runner/work/ozone/ozone/hadoop-ozone/recon-codegen/target/classes:/home/runner/.m2/repository/com/google/inject/guice/6.0.0/guice-6.0.0.jar:/home/runner/.m2/repository/jakarta/inject/jakarta.inject-api/2.0.1/jakarta.inject-api-2.0.1.jar:/home/runner/.m2/repository/aopalliance/aopalliance/1.0/aopalliance-1.0.jar:/home/runner/.m2/repository/com/google/inject/extensions/guice-assistedinject/6.0.0/guice-assistedinject-6.0.0.jar:/home/runner/.m2/repository/com/google/inject/extensions/guice-servlet/6.0.0/guice-servlet-6.0.0.jar:/home/runner/.m2/repository/org/glassfish/jersey/containers/jersey-container-servlet/2.42/jersey-container-servlet-2.42.jar:/home/runner/.m2/repository/org/glassfish/hk2/guice-bridge/2.6.1/guice-bridge-2.6.1.jar:/home/runner/.m2/repository/org/glassfish/jersey/core/jersey-server/2.42/jersey-server-2.42.jar:/home/runner/.m2/repository/org/glassfish/jersey/core/jersey-client/2.42/jersey-client-2.42.jar:/home/runner/.m2/repository/jakarta/validation/jakarta.validation-api/2.0.2/jakarta.validation-api-2.0.2.jar:/home/runner/.m2/repository/org/glassfish/jersey/media/jersey-media-json-jackson/2.42/jersey-media-json-jackson-2.42.jar:/home/runner/.m2/repository/org/glassfish/jersey/ext/jersey-entity-filtering/2.42/jersey-entity-filtering-2.42.jar:/home/runner/.m2/repository/org/jooq/jooq/3.11.10/jooq-3.11.10.jar:/home/runner/.m2/repository/org/jooq/jooq-meta/3.11.10/jooq-meta-3.11.10.jar:/home/runner/.m2/repository/org/jooq/jooq-codegen/3.11.10/jooq-codegen-3.11.10.jar:/home/runner/.m2/repository/com/jolbox/bonecp/0.8.0.RELEASE/bonecp-0.8.0.RELEASE.jar:/home/runner/.m2/repository/org/apache/derby/derby/10.14.2.0/derby-10.14.2.0.jar:/home/runner/.m2/repository/org/xerial/sqlite-jdbc/3.44.1.0/sqlite-jdbc-3.44.1.0.jar:/home/runner/.m2/repository/org/springframework/spring-jdbc/5.3.34/spring-jdbc-5.3.34.jar:/home/runner/.m2/repository/org/springframework/spring-beans/5.3.34/spring-beans-5.3.34.jar:/home/runner/.m2/repository/org/springframework/spring-core/5.3.34/spring-core-5.3.34.jar:/home/runner/.m2/repository/org/springframework/spring-tx/5.3.34/spring-tx-5.3.34.jar:/home/runner/work/ozone/ozone/hadoop-ozone/client/target/classes:/home/runner/work/ozone/ozone/hadoop-hdds/erasurecode/target/classes:/home/runner/work/ozone/ozone/hadoop-ozone/ozonefs/target/classes:/home/runner/work/ozone/ozone/hadoop-ozone/ozonefs-common/target/classes:/home/runner/work/ozone/ozone/hadoop-ozone/tools/target/classes:/home/runner/.m2/repository/com/amazonaws/aws-java-sdk-core/1.12.661/aws-java-sdk-core-1.12.661.jar:/home/runner/.m2/repository/org/apache/httpcomponents/httpclient/4.5.14/httpclient-4.5.14.jar:/home/runner/.m2/repository/org/apache/httpcomponents/httpcore/4.4.16/httpcore-4.4.16.jar:/home/runner/.m2/repository/com/fasterxml/jackson/dataformat/jackson-dataformat-cbor/2.16.1/jackson-dataformat-cbor-2.16.1.jar:/home/runner/.m2/repository/joda-time/joda-time/2.12.7/joda-time-2.12.7.jar:/home/runner/.m2/repository/com/amazonaws/aws-java-sdk-s3/1.12.661/aws-java-sdk-s3-1.12.661.jar:/home/runner/.m2/repository/com/amazonaws/aws-java-sdk-kms/1.12.661/aws-java-sdk-kms-1.12.661.jar:/home/runner/.m2/repository/com/amazonaws/jmespath-java/1.12.661/jmespath-java-1.12.661.jar:/home/runner/.m2/repository/org/kohsuke/metainf-services/metainf-services/1.11/metainf-services-1.11.jar:/home/runner/work/ozone/ozone/hadoop-hdds/tools/target/classes:/home/runner/.m2/repository/org/apache/ratis/ratis-tools/3.0.1/ratis-tools-3.0.1.jar:/home/runner/.m2/repository/commons-cli/commons-cli/1.6.0/commons-cli-1.6.0.jar:/home/runner/.m2/repository/org/apache/commons/commons-lang3/3.14.0/commons-lang3-3.14.0.jar:/home/runner/work/ozone/ozone/hadoop-ozone/ozone-manager/target/test-classes:/home/runner/work/ozone/ozone/hadoop-hdds/common/target/test-classes:/home/runner/work/ozone/ozone/hadoop-hdds/hadoop-dependency-client/target/classes:/home/runner/.m2/repository/info/picocli/picocli/4.7.5/picocli-4.7.5.jar:/home/runner/.m2/repository/com/fasterxml/jackson/core/jackson-annotations/2.16.1/jackson-annotations-2.16.1.jar:/home/runner/work/ozone/ozone/hadoop-hdds/annotations/target/classes:/home/runner/.m2/repository/javax/annotation/javax.annotation-api/1.3.2/javax.annotation-api-1.3.2.jar:/home/runner/.m2/repository/org/apache/ratis/ratis-netty/3.0.1/ratis-netty-3.0.1.jar:/home/runner/.m2/repository/org/apache/ratis/ratis-grpc/3.0.1/ratis-grpc-3.0.1.jar:/home/runner/.m2/repository/org/bouncycastle/bcpkix-jdk18on/1.78.1/bcpkix-jdk18on-1.78.1.jar:/home/runner/.m2/repository/org/bouncycastle/bcutil-jdk18on/1.78.1/bcutil-jdk18on-1.78.1.jar:/home/runner/.m2/repository/commons-validator/commons-validator/1.6/commons-validator-1.6.jar:/home/runner/.m2/repository/commons-beanutils/commons-beanutils/1.9.4/commons-beanutils-1.9.4.jar:/home/runner/.m2/repository/commons-digester/commons-digester/1.8.1/commons-digester-1.8.1.jar:/home/runner/.m2/repository/commons-collections/commons-collections/3.2.2/commons-collections-3.2.2.jar:/home/runner/.m2/repository/io/jaegertracing/jaeger-client/1.8.1/jaeger-client-1.8.1.jar:/home/runner/.m2/repository/io/jaegertracing/jaeger-thrift/1.8.1/jaeger-thrift-1.8.1.jar:/home/runner/.m2/repository/org/apache/thrift/libthrift/0.15.0/libthrift-0.15.0.jar:/home/runner/.m2/repository/io/jaegertracing/jaeger-core/1.8.1/jaeger-core-1.8.1.jar:/home/runner/.m2/repository/io/jaegertracing/jaeger-tracerresolver/1.8.1/jaeger-tracerresolver-1.8.1.jar:/home/runner/.m2/repository/io/opentracing/contrib/opentracing-tracerresolver/0.1.8/opentracing-tracerresolver-0.1.8.jar:/home/runner/.m2/repository/org/jetbrains/kotlin/kotlin-stdlib/1.9.22/kotlin-stdlib-1.9.22.jar:/home/runner/.m2/repository/org/jetbrains/annotations/13.0/annotations-13.0.jar:/home/runner/.m2/repository/io/opentracing/opentracing-util/0.33.0/opentracing-util-0.33.0.jar:/home/runner/.m2/repository/io/opentracing/opentracing-api/0.33.0/opentracing-api-0.33.0.jar:/home/runner/.m2/repository/io/opentracing/opentracing-noop/0.33.0/opentracing-noop-0.33.0.jar:/home/runner/.m2/repository/org/yaml/snakeyaml/2.0/snakeyaml-2.0.jar:/home/runner/.m2/repository/io/grpc/grpc-api/1.58.0/grpc-api-1.58.0.jar:/home/runner/.m2/repository/org/junit/platform/junit-platform-launcher/1.10.2/junit-platform-launcher-1.10.2.jar:/home/runner/.m2/repository/org/junit/platform/junit-platform-engine/1.10.2/junit-platform-engine-1.10.2.jar:/home/runner/.m2/repository/org/apiguardian/apiguardian-api/1.1.2/apiguardian-api-1.1.2.jar:/home/runner/.m2/repository/org/apache/hadoop/hadoop-kms/3.3.6/hadoop-kms-3.3.6.jar:/home/runner/.m2/repository/org/apache/hadoop/hadoop-auth/3.3.6/hadoop-auth-3.3.6.jar:/home/runner/.m2/repository/org/apache/zookeeper/zookeeper/3.8.4/zookeeper-3.8.4.jar:/home/runner/.m2/repository/org/apache/zookeeper/zookeeper-jute/3.8.4/zookeeper-jute-3.8.4.jar:/home/runner/.m2/repository/org/apache/yetus/audience-annotations/0.12.0/audience-annotations-0.12.0.jar:/home/runner/.m2/repository/org/apache/curator/curator-framework/4.2.0/curator-framework-4.2.0.jar:/home/runner/.m2/repository/org/apache/hadoop/thirdparty/hadoop-shaded-guava/1.2.0/hadoop-shaded-guava-1.2.0.jar:/home/runner/.m2/repository/com/sun/jersey/jersey-core/1.19.4/jersey-core-1.19.4.jar:/home/runner/.m2/repository/javax/ws/rs/jsr311-api/1.1.1/jsr311-api-1.1.1.jar:/home/runner/.m2/repository/com/sun/jersey/jersey-server/1.19.4/jersey-server-1.19.4.jar:/home/runner/.m2/repository/javax/servlet/javax.servlet-api/3.1.0/javax.servlet-api-3.1.0.jar:/home/runner/.m2/repository/org/apache/hadoop/hadoop-common/3.3.6/hadoop-common-3.3.6.jar:/home/runner/.m2/repository/org/apache/commons/commons-math3/3.6.1/commons-math3-3.6.1.jar:/home/runner/.m2/repository/commons-net/commons-net/3.10.0/commons-net-3.10.0.jar:/home/runner/.m2/repository/com/sun/jersey/jersey-servlet/1.19.4/jersey-servlet-1.19.4.jar:/home/runner/.m2/repository/com/github/pjfanning/jersey-json/1.20/jersey-json-1.20.jar:/home/runner/.m2/repository/org/codehaus/jettison/jettison/1.1/jettison-1.1.jar:/home/runner/.m2/repository/com/sun/xml/bind/jaxb-impl/2.2.3-1/jaxb-impl-2.2.3-1.jar:/home/runner/.m2/repository/com/google/re2j/re2j/1.7/re2j-1.7.jar:/home/runner/.m2/repository/com/jcraft/jsch/0.1.55/jsch-0.1.55.jar:/home/runner/.m2/repository/org/apache/curator/curator-client/4.2.0/curator-client-4.2.0.jar:/home/runner/.m2/repository/org/apache/curator/curator-recipes/5.2.0/curator-recipes-5.2.0.jar:/home/runner/.m2/repository/com/google/code/findbugs/jsr305/3.0.2/jsr305-3.0.2.jar:/home/runner/.m2/repository/dnsjava/dnsjava/2.1.9/dnsjava-2.1.9.jar:/home/runner/.m2/repository/com/fasterxml/jackson/core/jackson-databind/2.16.1/jackson-databind-2.16.1.jar:/home/runner/.m2/repository/org/apache/hadoop/hadoop-kms/3.3.6/hadoop-kms-3.3.6-tests.jar:/home/runner/work/ozone/ozone/hadoop-hdds/server-scm/target/test-classes:/home/runner/work/ozone/ozone/hadoop-hdds/container-service/target/test-classes:/home/runner/.m2/repository/com/github/luben/zstd-jni/1.5.6-2/zstd-jni-1.5.6-2.jar:/home/runner/.m2/repository/commons-codec/commons-codec/1.15/commons-codec-1.15.jar:/home/runner/.m2/repository/io/netty/netty-codec/4.1.109.Final/netty-codec-4.1.109.Final.jar:/home/runner/.m2/repository/io/netty/netty-handler/4.1.109.Final/netty-handler-4.1.109.Final.jar:/home/runner/work/ozone/ozone/hadoop-hdds/hadoop-dependency-test/target/classes:/home/runner/.m2/repository/org/apache/hadoop/hadoop-common/3.3.6/hadoop-common-3.3.6-tests.jar:/home/runner/.m2/repository/org/apache/hadoop/hadoop-hdfs/3.3.6/hadoop-hdfs-3.3.6-tests.jar:/home/runner/.m2/repository/org/junit/jupiter/junit-jupiter-engine/5.10.2/junit-jupiter-engine-5.10.2.jar:/home/runner/.m2/repository/org/junit/jupiter/junit-jupiter-params/5.10.2/junit-jupiter-params-5.10.2.jar:/home/runner/.m2/repository/org/mockito/mockito-core/4.11.0/mockito-core-4.11.0.jar:/home/runner/.m2/repository/net/bytebuddy/byte-buddy/1.12.19/byte-buddy-1.12.19.jar:/home/runner/.m2/repository/net/bytebuddy/byte-buddy-agent/1.12.19/byte-buddy-agent-1.12.19.jar:/home/runner/.m2/repository/org/objenesis/objenesis/3.3/objenesis-3.3.jar:/home/runner/.m2/repository/org/mockito/mockito-inline/4.11.0/mockito-inline-4.11.0.jar:/home/runner/.m2/repository/org/mockito/mockito-junit-jupiter/4.11.0/mockito-junit-jupiter-4.11.0.jar:/home/runner/.m2/repository/org/apache/hadoop/hadoop-distcp/3.3.6/hadoop-distcp-3.3.6.jar:/home/runner/.m2/repository/org/apache/hadoop/hadoop-mapreduce-client-jobclient/3.3.6/hadoop-mapreduce-client-jobclient-3.3.6.jar:/home/runner/.m2/repository/org/apache/hadoop/hadoop-mapreduce-client-common/3.3.6/hadoop-mapreduce-client-common-3.3.6.jar:/home/runner/.m2/repository/org/apache/hadoop/hadoop-yarn-common/3.3.6/hadoop-yarn-common-3.3.6.jar:/home/runner/.m2/repository/org/apache/hadoop/hadoop-yarn-api/3.3.6/hadoop-yarn-api-3.3.6.jar:/home/runner/.m2/repository/javax/xml/bind/jaxb-api/2.2.11/jaxb-api-2.2.11.jar:/home/runner/.m2/repository/com/sun/jersey/contribs/jersey-guice/1.19.4/jersey-guice-1.19.4.jar:/home/runner/.m2/repository/com/fasterxml/jackson/jaxrs/jackson-jaxrs-json-provider/2.16.1/jackson-jaxrs-json-provider-2.16.1.jar:/home/runner/.m2/repository/com/fasterxml/jackson/jaxrs/jackson-jaxrs-base/2.16.1/jackson-jaxrs-base-2.16.1.jar:/home/runner/.m2/repository/org/apache/hadoop/hadoop-yarn-client/3.3.6/hadoop-yarn-client-3.3.6.jar:/home/runner/.m2/repository/org/eclipse/jetty/websocket/websocket-client/9.4.51.v20230217/websocket-client-9.4.51.v20230217.jar:/home/runner/.m2/repository/org/eclipse/jetty/websocket/websocket-common/9.4.51.v20230217/websocket-common-9.4.51.v20230217.jar:/home/runner/.m2/repository/org/eclipse/jetty/websocket/websocket-api/9.4.51.v20230217/websocket-api-9.4.51.v20230217.jar:/home/runner/.m2/repository/org/jline/jline/3.9.0/jline-3.9.0.jar:/home/runner/.m2/repository/org/apache/hadoop/hadoop-mapreduce-client-core/3.3.6/hadoop-mapreduce-client-core-3.3.6.jar:/home/runner/.m2/repository/org/apache/avro/avro/1.7.7/avro-1.7.7.jar:/home/runner/.m2/repository/com/thoughtworks/paranamer/paranamer/2.3/paranamer-2.3.jar:/home/runner/.m2/repository/org/apache/hadoop/hadoop-annotations/3.3.6/hadoop-annotations-3.3.6.jar:/home/runner/.m2/repository/io/netty/netty/3.10.6.Final/netty-3.10.6.Final.jar:/home/runner/.m2/repository/org/apache/hadoop/hadoop-distcp/3.3.6/hadoop-distcp-3.3.6-tests.jar:/home/runner/.m2/repository/org/hamcrest/hamcrest/2.2/hamcrest-2.2.jar:/home/runner/.m2/repository/org/slf4j/jul-to-slf4j/2.0.12/jul-to-slf4j-2.0.12.jar:/home/runner/work/ozone/ozone/hadoop-ozone/integration-test/target/gradle-enterprise/test-listeners.jar:"/>
    <property name="sun.cpu.endian" value="little"/>
    <property name="user.home" value="/home/runner"/>
    <property name="user.language" value="en"/>
    <property name="java.specification.vendor" value="Oracle Corporation"/>
    <property name="java.version.date" value="2024-01-16"/>
    <property name="java.home" value="/usr/lib/jvm/temurin-17-jdk-amd64"/>
    <property name="java.security.krb5.conf" value="/home/runner/work/ozone/ozone/hadoop-ozone/integration-test/target/test-classes/krb5.conf"/>
    <property name="file.separator" value="/"/>
    <property name="basedir" value="/home/runner/work/ozone/ozone/hadoop-ozone/integration-test"/>
    <property name="java.vm.compressedOopsMode" value="Zero based"/>
    <property name="line.separator" value="&#10;"/>
    <property name="java.vm.specification.vendor" value="Oracle Corporation"/>
    <property name="java.specification.name" value="Java Platform API Specification"/>
    <property name="skip.installnpx" value="true"/>
    <property name="surefire.real.class.path" value="/home/runner/work/ozone/ozone/hadoop-ozone/integration-test/target/surefire/surefirebooter7899087087513309060.jar"/>
    <property name="hadoop.log.dir" value="/home/runner/work/ozone/ozone/hadoop-ozone/integration-test/target/log"/>
    <property name="sun.management.compiler" value="HotSpot 64-Bit Tiered Compilers"/>
    <property name="java.runtime.version" value="17.0.10+7"/>
    <property name="skip.npx" value="true"/>
    <property name="user.name" value="runner"/>
    <property name="java.net.preferIPv4Stack" value="true"/>
    <property name="path.separator" value=":"/>
    <property name="java.security.egd" value="file:///dev/urandom"/>
    <property name="os.version" value="5.15.0-1061-azure"/>
    <property name="java.runtime.name" value="OpenJDK Runtime Environment"/>
    <property name="com.gradle.maven.scan.extension.test.listener.junitplatform.NestedExecutionSafeDelegatingTestExecutionListener" value="7bedc48a"/>
    <property name="file.encoding" value="UTF-8"/>
    <property name="java.vm.name" value="OpenJDK 64-Bit Server VM"/>
    <property name="java.vendor.version" value="Temurin-17.0.10+7"/>
    <property name="test.build.webapps" value=""/>
    <property name="gradle.enterprise.listener.port" value="38529"/>
    <property name="localRepository" value="/home/runner/.m2/repository"/>
    <property name="java.vendor.url.bug" value="https://github.com/adoptium/adoptium-support/issues"/>
    <property name="jetty.git.hash" value="cef3fbd6d736a21e7d541a5db490381d95a2047d"/>
    <property name="java.io.tmpdir" value="/tmp"/>
    <property name="require.test.libhadoop" value=""/>
    <property name="java.version" value="17.0.10"/>
    <property name="user.dir" value="/home/runner/work/ozone/ozone/hadoop-ozone/integration-test"/>
    <property name="os.arch" value="amd64"/>
    <property name="java.vm.specification.name" value="Java Virtual Machine Specification"/>
    <property name="test.build.classes" value="/home/runner/work/ozone/ozone/hadoop-ozone/integration-test/target/test-classes"/>
    <property name="org.apache.ratis.thirdparty.io.netty.allocator.useCacheForAllThreads" value="false"/>
    <property name="native.encoding" value="UTF-8"/>
    <property name="hadoop.tmp.dir" value="/home/runner/work/ozone/ozone/hadoop-ozone/integration-test/target/tmp"/>
    <property name="java.library.path" value="/usr/java/packages/lib:/usr/lib64:/lib64:/lib:/usr/lib"/>
    <property name="java.vm.info" value="mixed mode, sharing"/>
    <property name="java.vendor" value="Eclipse Adoptium"/>
    <property name="java.vm.version" value="17.0.10+7"/>
    <property name="sun.io.unicode.encoding" value="UnicodeLittle"/>
    <property name="java.class.version" value="61.0"/>
  </properties>
  <testcase name="testContainerStateMachineIdempotency" classname="org.apache.hadoop.ozone.TestContainerStateMachineIdempotency" time="300.017">
    <error type="java.util.concurrent.TimeoutException"><![CDATA[java.util.concurrent.TimeoutException: testContainerStateMachineIdempotency() timed out after 300 seconds
	at java.base/java.util.ArrayList.forEach(ArrayList.java:1511)
	at java.base/java.util.ArrayList.forEach(ArrayList.java:1511)
	Suppressed: java.io.IOException: Failed to execute command cmdType: WriteChunk
containerID: 1
datanodeUuid: "fa686303-1758-4bad-a86f-993efac5b9f9"
writeChunk {
  blockID {
    containerID: 1
    localID: 112429380245848065
    blockCommitSequenceId: 0
  }
  chunkData {
    chunkName: "112429380245848065.data.0"
    offset: 0
    len: 0
    checksumData {
      type: CRC32
      bytesPerChecksum: 1048576
    }
  }
  data: "<redacted>"
}

		at org.apache.hadoop.hdds.scm.XceiverClientSpi.getIOExceptionForSendCommand(XceiverClientSpi.java:156)
		at org.apache.hadoop.hdds.scm.XceiverClientSpi.sendCommand(XceiverClientSpi.java:119)
		at org.apache.hadoop.ozone.TestContainerStateMachineIdempotency.testContainerStateMachineIdempotency(TestContainerStateMachineIdempotency.java:98)
		at java.base/java.lang.reflect.Method.invoke(Method.java:568)
		... 2 more
	Caused by: java.lang.InterruptedException
		at java.base/java.util.concurrent.CompletableFuture.reportGet(CompletableFuture.java:386)
		at java.base/java.util.concurrent.CompletableFuture.get(CompletableFuture.java:2073)
		at org.apache.hadoop.hdds.scm.XceiverClientSpi.sendCommand(XceiverClientSpi.java:115)
		... 4 more
]]></error>
    <system-out><![CDATA[2024-05-12 17:49:38,503 [main] WARN  server.ServerUtils (ServerUtils.java:getScmDbDir(143)) - ozone.scm.db.dirs is not configured. We recommend adding this setting. Falling back to ozone.metadata.dirs instead.
2024-05-12 17:49:38,704 [main] INFO  reflections.Reflections (Reflections.java:scan(219)) - Reflections took 172 ms to scan 7 urls, producing 158 keys and 372 values
2024-05-12 17:49:38,841 [main] WARN  server.ServerUtils (ServerUtils.java:getScmDbDir(143)) - ozone.scm.db.dirs is not configured. We recommend adding this setting. Falling back to ozone.metadata.dirs instead.
2024-05-12 17:49:38,845 [main] INFO  ha.SCMHANodeDetails (SCMHANodeDetails.java:loadSCMHAConfig(207)) - ServiceID for StorageContainerManager is null
2024-05-12 17:49:38,852 [main] WARN  ha.SCMHANodeDetails (SCMHANodeDetails.java:validateSCMHAConfig(180)) - Default/Configured value of config ozone.scm.ratis.enable conflicts with the expected value. Default/Configured: true. Expected: false. Falling back to the expected value. Current State of SCM: SCM is running without Ratis. Ratis SCM -> Non Ratis SCM is not supported.
2024-05-12 17:49:38,852 [main] INFO  ha.SCMHANodeDetails (SCMHANodeDetails.java:loadSCMHAConfig(212)) - ozone.scm.default.service.id is not defined, falling back to ozone.scm.service.ids to find serviceID for StorageContainerManager if it is HA enabled cluster
2024-05-12 17:49:39,397 [main] WARN  utils.HAUtils (HAUtils.java:getMetaDir(339)) - ozone.scm.db.dirs is not configured. We recommend adding this setting. Falling back to ozone.metadata.dirs instead.
2024-05-12 17:49:39,526 [main] WARN  db.DBStoreBuilder (DBStoreBuilder.java:applyDBDefinition(171)) - ozone.scm.db.dirs is not configured. We recommend adding this setting. Falling back to ozone.metadata.dirs instead.
2024-05-12 17:49:39,535 [main] INFO  utils.LeakDetector (LeakDetector.java:start(73)) - Starting leak detector thread ManagedRocksObject0.
2024-05-12 17:49:39,765 [main] INFO  net.NodeSchemaLoader (NodeSchemaLoader.java:loadSchemaFromFile(129)) - Loading schema from [file:/home/runner/work/ozone/ozone/hadoop-hdds/common/target/classes/network-topology-default.xml]
2024-05-12 17:49:39,767 [main] INFO  net.NodeSchemaLoader (NodeSchemaLoader.java:loadSchema(176)) - Loading network topology layer schema file
2024-05-12 17:49:39,815 [main] INFO  metrics.MetricRegistries (MetricRegistriesLoader.java:load(64)) - Loaded MetricRegistries class org.apache.ratis.metrics.dropwizard3.Dm3MetricRegistriesImpl
2024-05-12 17:49:39,828 [main] INFO  upgrade.AbstractLayoutVersionManager (AbstractLayoutVersionManager.java:init(83)) - Initializing Layout version manager with metadata layout = HADOOP_PRC_PORTS_IN_DATANODEDETAILS (version = 7), software layout = HADOOP_PRC_PORTS_IN_DATANODEDETAILS (version = 7)
2024-05-12 17:49:39,986 [main] INFO  ha.SequenceIdGenerator (SequenceIdGenerator.java:upgradeToSequenceId(370)) - upgrade localId to 113750153625600000
2024-05-12 17:49:39,988 [main] INFO  ha.SequenceIdGenerator (SequenceIdGenerator.java:upgradeToSequenceId(380)) - upgrade delTxnId to 0
2024-05-12 17:49:39,994 [main] INFO  ha.SequenceIdGenerator (SequenceIdGenerator.java:upgradeToSequenceId(397)) - upgrade containerId to 0
2024-05-12 17:49:39,997 [main] INFO  ha.SequenceIdGenerator (SequenceIdGenerator.java:upgradeToCertificateSequenceId(444)) - upgrade CertificateId to 2
2024-05-12 17:49:39,999 [main] INFO  ha.SequenceIdGenerator (SequenceIdGenerator.java:<init>(241)) - Init the HA SequenceIdGenerator.
2024-05-12 17:49:40,046 [main] WARN  server.ServerUtils (ServerUtils.java:sanitizeUserArgs(79)) - ozone.scm.stale.node.interval value = 300000 is larger than max = 100000 based on the key value of ozone.scm.heartbeat.thread.interval, reset to the max value 100000.
2024-05-12 17:49:40,046 [main] WARN  server.ServerUtils (ServerUtils.java:sanitizeUserArgs(79)) - ozone.scm.stale.node.interval value = 300000 is larger than max = 100000 based on the key value of ozone.scm.heartbeat.thread.interval, reset to the max value 100000.
2024-05-12 17:49:40,052 [main] INFO  node.SCMNodeManager (SCMNodeManager.java:<init>(177)) - Entering startup safe mode.
2024-05-12 17:49:40,069 [main] INFO  algorithms.ContainerPlacementPolicyFactory (ContainerPlacementPolicyFactory.java:getPolicyInternal(86)) - Create container placement policy of type org.apache.hadoop.hdds.scm.container.placement.algorithms.SCMContainerPlacementCapacity
2024-05-12 17:49:40,072 [main] INFO  algorithms.ContainerPlacementPolicyFactory (ContainerPlacementPolicyFactory.java:getPolicyInternal(86)) - Create container placement policy of type org.apache.hadoop.hdds.scm.container.placement.algorithms.SCMContainerPlacementRackScatter
2024-05-12 17:49:40,080 [main] INFO  pipeline.PipelineStateManagerImpl (PipelineStateManagerImpl.java:initialize(78)) - No pipeline exists in current db
2024-05-12 17:49:40,092 [main] INFO  algorithms.LeaderChoosePolicyFactory (LeaderChoosePolicyFactory.java:getPolicy(57)) - Create leader choose policy of type org.apache.hadoop.hdds.scm.pipeline.leader.choose.algorithms.MinLeaderCountChoosePolicy
2024-05-12 17:49:40,092 [main] INFO  algorithms.ContainerPlacementPolicyFactory (ContainerPlacementPolicyFactory.java:getPolicyInternal(86)) - Create container placement policy of type org.apache.hadoop.hdds.scm.container.placement.algorithms.SCMContainerPlacementRackScatter
2024-05-12 17:49:40,098 [main] INFO  ha.SCMServiceManager (SCMServiceManager.java:register(42)) - Registering service BackgroundPipelineCreator.
2024-05-12 17:49:40,098 [main] INFO  pipeline.BackgroundPipelineCreator (BackgroundPipelineCreator.java:start(127)) - Starting RatisPipelineUtilsThread.
2024-05-12 17:49:40,103 [main] INFO  BackgroundPipelineScrubber (BackgroundSCMService.java:start(65)) - Starting BackgroundPipelineScrubber Service.
2024-05-12 17:49:40,104 [main] INFO  ha.SCMServiceManager (SCMServiceManager.java:register(42)) - Registering service BackgroundPipelineScrubber.
2024-05-12 17:49:40,110 [main] INFO  ExpiredContainerReplicaOpScrubber (BackgroundSCMService.java:start(65)) - Starting ExpiredContainerReplicaOpScrubber Service.
2024-05-12 17:49:40,110 [main] INFO  ha.SCMServiceManager (SCMServiceManager.java:register(42)) - Registering service ExpiredContainerReplicaOpScrubber.
2024-05-12 17:49:40,129 [main] INFO  algorithms.PipelineChoosePolicyFactory (PipelineChoosePolicyFactory.java:createPipelineChoosePolicyFromClass(80)) - Create pipeline choose policy of type org.apache.hadoop.hdds.scm.pipeline.choose.algorithms.RandomPipelineChoosePolicy
2024-05-12 17:49:40,129 [main] INFO  algorithms.PipelineChoosePolicyFactory (PipelineChoosePolicyFactory.java:createPipelineChoosePolicyFromClass(80)) - Create pipeline choose policy of type org.apache.hadoop.hdds.scm.pipeline.choose.algorithms.RandomPipelineChoosePolicy
2024-05-12 17:49:40,151 [main] INFO  ha.SCMServiceManager (SCMServiceManager.java:register(42)) - Registering service SCMBlockDeletingService.
2024-05-12 17:49:40,208 [main] INFO  replication.ReplicationManager (ReplicationManager.java:start(296)) - Starting Replication Monitor Thread.
2024-05-12 17:49:40,210 [main] INFO  ha.SCMServiceManager (SCMServiceManager.java:register(42)) - Registering service ReplicationManager.
2024-05-12 17:49:40,214 [ReplicationMonitor] INFO  replication.ReplicationManager (ReplicationManager.java:processAll(373)) - Replication Manager is not ready to run until 3000ms after safemode exit
2024-05-12 17:49:40,221 [main] INFO  safemode.ContainerSafeModeRule (ContainerSafeModeRule.java:<init>(91)) - containers with one replica threshold count 0
2024-05-12 17:49:40,225 [main] INFO  safemode.HealthyPipelineSafeModeRule (HealthyPipelineSafeModeRule.java:initializeRule(176)) - Total pipeline count is 0, healthy pipeline threshold count is 1
2024-05-12 17:49:40,226 [main] INFO  safemode.OneReplicaPipelineSafeModeRule (OneReplicaPipelineSafeModeRule.java:initializeRule(193)) - Total pipeline count is 0, pipeline's with at least one datanode reported threshold count is 0
2024-05-12 17:49:40,282 [main] INFO  server.StorageContainerManager (StorageContainerManager.java:<init>(440)) - SCM start with adminUsers: [runner]
2024-05-12 17:49:40,516 [main] INFO  audit.AuditLogger (AuditLogger.java:refreshDebugCmdSet(135)) - Refresh DebugCmdSet for SCMAudit to [].
2024-05-12 17:49:40,554 [main] INFO  ipc.CallQueueManager (CallQueueManager.java:<init>(90)) - Using callQueue: class java.util.concurrent.LinkedBlockingQueue, queueCapacity: 10000, scheduler: class org.apache.hadoop.ipc.DefaultRpcScheduler, ipcBackoff: false.
2024-05-12 17:49:40,585 [main] INFO  ipc.Server (Server.java:<init>(1287)) - Listener at 0.0.0.0:15002
2024-05-12 17:49:40,589 [Socket Reader #1 for port 15002] INFO  ipc.Server (Server.java:run(1323)) - Starting Socket Reader #1 for port 15002
2024-05-12 17:49:40,635 [main] INFO  audit.AuditLogger (AuditLogger.java:refreshDebugCmdSet(135)) - Refresh DebugCmdSet for SCMAudit to [].
2024-05-12 17:49:40,640 [main] INFO  ipc.CallQueueManager (CallQueueManager.java:<init>(90)) - Using callQueue: class java.util.concurrent.LinkedBlockingQueue, queueCapacity: 10000, scheduler: class org.apache.hadoop.ipc.DefaultRpcScheduler, ipcBackoff: false.
2024-05-12 17:49:40,641 [main] INFO  ipc.Server (Server.java:<init>(1287)) - Listener at 0.0.0.0:15001
2024-05-12 17:49:40,641 [Socket Reader #1 for port 15001] INFO  ipc.Server (Server.java:run(1323)) - Starting Socket Reader #1 for port 15001
2024-05-12 17:49:40,664 [main] INFO  audit.AuditLogger (AuditLogger.java:refreshDebugCmdSet(135)) - Refresh DebugCmdSet for SCMAudit to [].
2024-05-12 17:49:40,671 [main] INFO  ipc.CallQueueManager (CallQueueManager.java:<init>(90)) - Using callQueue: class java.util.concurrent.LinkedBlockingQueue, queueCapacity: 10000, scheduler: class org.apache.hadoop.ipc.DefaultRpcScheduler, ipcBackoff: false.
2024-05-12 17:49:40,672 [main] INFO  ipc.Server (Server.java:<init>(1287)) - Listener at 0.0.0.0:15000
2024-05-12 17:49:40,673 [Socket Reader #1 for port 15000] INFO  ipc.Server (Server.java:run(1323)) - Starting Socket Reader #1 for port 15000
2024-05-12 17:49:40,728 [main] INFO  ha.SCMServiceManager (SCMServiceManager.java:register(42)) - Registering service ContainerBalancer.
2024-05-12 17:49:40,728 [main] INFO  ha.SCMContext (SCMContext.java:updateSafeModeStatus(225)) - Update SafeModeStatus from SafeModeStatus{safeModeStatus=true, preCheckPassed=false} to SafeModeStatus{safeModeStatus=true, preCheckPassed=false}.
2024-05-12 17:49:40,731 [main] INFO  server.StorageContainerManager (StorageContainerManager.java:start(1545)) - StorageContainerLocationProtocol RPC server is listening at /0.0.0.0:15000
2024-05-12 17:49:40,787 [main] WARN  impl.MetricsConfig (MetricsConfig.java:loadFirst(136)) - Cannot locate configuration: tried hadoop-metrics2-storagecontainermanager.properties,hadoop-metrics2.properties
2024-05-12 17:49:40,797 [main] INFO  impl.MetricsSystemImpl (MetricsSystemImpl.java:startTimer(378)) - Scheduled Metric snapshot period at 10 second(s).
2024-05-12 17:49:40,797 [main] INFO  impl.MetricsSystemImpl (MetricsSystemImpl.java:start(191)) - StorageContainerManager metrics system started
2024-05-12 17:49:40,968 [main] INFO  server.SCMClientProtocolServer (SCMClientProtocolServer.java:start(204)) - RPC server for Client  is listening at /0.0.0.0:15000
2024-05-12 17:49:40,978 [IPC Server Responder] INFO  ipc.Server (Server.java:run(1562)) - IPC Server Responder: starting
2024-05-12 17:49:40,982 [IPC Server listener on 15000] INFO  ipc.Server (Server.java:run(1402)) - IPC Server listener on 15000: starting
2024-05-12 17:49:41,042 [main] INFO  server.StorageContainerManager (StorageContainerManager.java:start(1558)) - ScmBlockLocationProtocol RPC server is listening at /0.0.0.0:15001
2024-05-12 17:49:41,043 [main] INFO  server.SCMBlockProtocolServer (SCMBlockProtocolServer.java:start(162)) - RPC server for Block Protocol is listening at /0.0.0.0:15001
2024-05-12 17:49:41,044 [IPC Server Responder] INFO  ipc.Server (Server.java:run(1562)) - IPC Server Responder: starting
2024-05-12 17:49:41,044 [IPC Server listener on 15001] INFO  ipc.Server (Server.java:run(1402)) - IPC Server listener on 15001: starting
2024-05-12 17:49:41,075 [main] INFO  server.SCMDatanodeProtocolServer (SCMDatanodeProtocolServer.java:start(194)) - ScmDatanodeProtocol RPC server for DataNodes is listening at /0.0.0.0:15002
2024-05-12 17:49:41,081 [IPC Server listener on 15002] INFO  ipc.Server (Server.java:run(1402)) - IPC Server listener on 15002: starting
2024-05-12 17:49:41,082 [IPC Server Responder] INFO  ipc.Server (Server.java:run(1562)) - IPC Server Responder: starting
2024-05-12 17:49:41,102 [JvmPauseMonitor0] INFO  util.JvmPauseMonitor (JvmPauseMonitor.java:run(146)) - JvmPauseMonitor-b7959654-9b11-40eb-bb6d-e85063f6b23a: Started
2024-05-12 17:49:41,112 [main] INFO  http.BaseHttpServer (BaseHttpServer.java:newHttpServer2BuilderForOzone(223)) - Starting Web-server for scm at: http://0.0.0.0:15003
2024-05-12 17:49:41,112 [main] INFO  http.BaseHttpServer (BaseHttpServer.java:<init>(110)) - Hadoop Security Enabled: false Ozone Security Enabled: false Ozone HTTP Security Enabled: false 
2024-05-12 17:49:41,133 [main] INFO  util.log (Log.java:initialized(170)) - Logging initialized @3782ms to org.eclipse.jetty.util.log.Slf4jLog
2024-05-12 17:49:41,208 [main] WARN  server.AuthenticationFilter (AuthenticationFilter.java:constructSecretProvider(240)) - Unable to initialize FileSignerSecretProvider, falling back to use random secrets. Reason: Could not read signature secret file: /home/runner/hadoop-http-auth-signature-secret
2024-05-12 17:49:41,212 [main] INFO  http.HttpRequestLog (HttpRequestLog.java:getRequestLog(86)) - Http request log for http.requests.scm is not defined
2024-05-12 17:49:41,217 [main] INFO  http.HttpServer2 (HttpServer2.java:addGlobalFilter(1036)) - Added global filter 'safety' (class=org.apache.hadoop.hdds.server.http.HttpServer2$QuotingInputFilter)
2024-05-12 17:49:41,220 [main] INFO  http.HttpServer2 (HttpServer2.java:addFilter(1012)) - Added filter static_user_filter (class=org.apache.hadoop.http.lib.StaticUserWebFilter$StaticUserFilter) to context scm
2024-05-12 17:49:41,220 [main] INFO  http.HttpServer2 (HttpServer2.java:addFilter(1020)) - Added filter static_user_filter (class=org.apache.hadoop.http.lib.StaticUserWebFilter$StaticUserFilter) to context static
2024-05-12 17:49:41,220 [main] INFO  http.HttpServer2 (HttpServer2.java:addFilter(1020)) - Added filter static_user_filter (class=org.apache.hadoop.http.lib.StaticUserWebFilter$StaticUserFilter) to context logs
2024-05-12 17:49:41,244 [main] INFO  http.BaseHttpServer (BaseHttpServer.java:<init>(189)) - HTTP server of scm uses base directory /home/runner/work/ozone/ozone/hadoop-ozone/integration-test/target/test-dir/MiniOzoneClusterImpl-d7aad628-a0b7-477d-aae9-77d4c10c22b9/ozone-meta/webserver
2024-05-12 17:49:41,246 [main] INFO  http.HttpServer2 (HttpServer2.java:bindListener(1236)) - Jetty bound to port 15003
2024-05-12 17:49:41,247 [main] INFO  server.Server (Server.java:doStart(375)) - jetty-9.4.54.v20240208; built: 2024-02-08T19:42:39.027Z; git: cef3fbd6d736a21e7d541a5db490381d95a2047d; jvm 17.0.10+7
2024-05-12 17:49:41,268 [main] INFO  server.session (DefaultSessionIdManager.java:doStart(334)) - DefaultSessionIdManager workerName=node0
2024-05-12 17:49:41,269 [main] INFO  server.session (DefaultSessionIdManager.java:doStart(339)) - No SessionScavenger set, using defaults
2024-05-12 17:49:41,270 [main] INFO  server.session (HouseKeeper.java:startScavenging(132)) - node0 Scavenging every 660000ms
2024-05-12 17:49:41,278 [main] INFO  handler.ContextHandler (ContextHandler.java:doStart(921)) - Started o.e.j.s.ServletContextHandler@5cd6719d{logs,/logs,file:///home/runner/work/ozone/ozone/hadoop-ozone/integration-test/target/log,AVAILABLE}
2024-05-12 17:49:41,279 [main] INFO  handler.ContextHandler (ContextHandler.java:doStart(921)) - Started o.e.j.s.ServletContextHandler@71fb1da3{static,/static,file:///home/runner/work/ozone/ozone/hadoop-ozone/integration-test/target/test-classes/webapps/static,AVAILABLE}
2024-05-12 17:49:41,311 [main] INFO  handler.ContextHandler (ContextHandler.java:doStart(921)) - Started o.e.j.w.WebAppContext@78e50fca{scm,/,file:///home/runner/work/ozone/ozone/hadoop-ozone/integration-test/target/test-classes/webapps/scm/,AVAILABLE}{file:/home/runner/work/ozone/ozone/hadoop-ozone/integration-test/target/test-classes/webapps/scm}
2024-05-12 17:49:41,316 [main] INFO  server.AbstractConnector (AbstractConnector.java:doStart(333)) - Started ServerConnector@2c978637{HTTP/1.1, (http/1.1)}{0.0.0.0:15003}
2024-05-12 17:49:41,317 [main] INFO  server.Server (Server.java:doStart(415)) - Started @3965ms
2024-05-12 17:49:41,319 [main] INFO  impl.MetricsSinkAdapter (MetricsSinkAdapter.java:start(204)) - Sink prometheus started
2024-05-12 17:49:41,319 [main] INFO  impl.MetricsSystemImpl (MetricsSystemImpl.java:registerSink(305)) - Registered sink prometheus
2024-05-12 17:49:41,321 [main] INFO  http.BaseHttpServer (BaseHttpServer.java:updateConnectorAddress(354)) - HTTP server of scm listening at http://0.0.0.0:15003
2024-05-12 17:49:41,323 [main] WARN  server.ServerUtils (ServerUtils.java:getDBPath(299)) - ozone.om.db.dirs is not configured. We recommend adding this setting. Falling back to ozone.metadata.dirs instead.
2024-05-12 17:49:41,368 [main] INFO  audit.AuditLogger (AuditLogger.java:refreshDebugCmdSet(135)) - Refresh DebugCmdSet for OMAudit to [].
2024-05-12 17:49:41,414 [main] INFO  ha.OMHANodeDetails (OMHANodeDetails.java:loadOMHAConfig(115)) - ozone.om.internal.service.id is not defined, falling back to ozone.om.service.ids to find serviceID for OzoneManager if it is HA enabled cluster
2024-05-12 17:49:41,416 [main] INFO  ha.OMHANodeDetails (OMHANodeDetails.java:loadOMHAConfig(226)) - Configuration does not have ozone.om.address set. Falling back to the default OM address /127.0.0.1:15004
2024-05-12 17:49:41,417 [main] INFO  ha.OMHANodeDetails (OMHANodeDetails.java:getOMNodeDetailsForNonHA(254)) - OM Service ID is not set. Setting it to the default ID: omServiceIdDefault
2024-05-12 17:49:41,417 [main] INFO  ha.OMHANodeDetails (OMHANodeDetails.java:getOMNodeDetailsForNonHA(261)) - OM Node ID is not set. Setting it to the default ID: om1
2024-05-12 17:49:41,420 [main] WARN  server.ServerUtils (ServerUtils.java:getDBPath(299)) - ozone.om.db.dirs is not configured. We recommend adding this setting. Falling back to ozone.metadata.dirs instead.
2024-05-12 17:49:41,423 [main] INFO  upgrade.AbstractLayoutVersionManager (AbstractLayoutVersionManager.java:init(83)) - Initializing Layout version manager with metadata layout = QUOTA (version = 6), software layout = QUOTA (version = 6)
2024-05-12 17:49:41,506 [main] INFO  reflections.Reflections (Reflections.java:scan(219)) - Reflections took 82 ms to scan 2 urls, producing 188 keys and 545 values
2024-05-12 17:49:41,509 [main] INFO  upgrade.OMLayoutVersionManager (OMLayoutVersionManager.java:lambda$0(113)) - Skipping Upgrade Action QuotaRepairUpgradeAction since it has been finalized.
2024-05-12 17:49:41,510 [main] INFO  upgrade.OMLayoutVersionManager (OMLayoutVersionManager.java:lambda$0(113)) - Skipping Upgrade Action MockOmUpgradeAction since it has been finalized.
2024-05-12 17:49:41,511 [main] WARN  server.ServerUtils (ServerUtils.java:getDBPath(299)) - ozone.om.db.dirs is not configured. We recommend adding this setting. Falling back to ozone.metadata.dirs instead.
2024-05-12 17:49:41,639 [main] INFO  proxy.SCMBlockLocationFailoverProxyProvider (SCMBlockLocationFailoverProxyProvider.java:<init>(115)) - Created block location fail-over proxy with 1 nodes: [nodeId=scmNodeId,nodeAddress=/0.0.0.0:15001]
2024-05-12 17:49:41,667 [main] INFO  proxy.SCMBlockLocationFailoverProxyProvider (SCMBlockLocationFailoverProxyProvider.java:<init>(115)) - Created block location fail-over proxy with 1 nodes: [nodeId=scmNodeId,nodeAddress=/0.0.0.0:15001]
2024-05-12 17:49:41,819 [main] INFO  om.OzoneManager (OzoneManager.java:<init>(677)) - OM start with adminUsers: [runner]
2024-05-12 17:49:41,834 [main] WARN  server.ServerUtils (ServerUtils.java:getDBPath(299)) - ozone.om.db.dirs is not configured. We recommend adding this setting. Falling back to ozone.metadata.dirs instead.
2024-05-12 17:49:41,858 [main] INFO  helpers.OmKeyInfo (OmKeyInfo.java:getCodec(72)) - OmKeyInfo.getCodec ignorePipeline = true
2024-05-12 17:49:42,076 [main] INFO  om.OzoneManager (OzoneManager.java:instantiateServices(811)) - S3 Multi-Tenancy is disabled
2024-05-12 17:49:42,104 [main] INFO  om.OmSnapshotManager (OmSnapshotManager.java:<init>(179)) - Ozone filesystem snapshot feature is enabled.
2024-05-12 17:49:42,111 [main] WARN  server.ServerUtils (ServerUtils.java:getDBPath(299)) - ozone.om.snapshot.diff.db.dir is not configured. We recommend adding this setting. Falling back to ozone.metadata.dirs instead.
2024-05-12 17:49:42,145 [main] INFO  utils.NativeLibraryLoader (NativeLibraryLoader.java:loadLibrary(111)) - Loading Library: ozone_rocksdb_tools
2024-05-12 17:49:42,146 [main] ERROR snapshot.SnapshotDiffManager (SnapshotDiffManager.java:initNativeLibraryForEfficientDiff(287)) - Native Library for raw sst file reading loading failed.
org.apache.hadoop.hdds.utils.NativeLibraryNotLoadedException: Unable to load library ozone_rocksdb_tools from both java.library.path & resource file libozone_rocksdb_tools.so from jar.
	at org.apache.hadoop.hdds.utils.db.managed.ManagedRawSSTFileReader.loadLibrary(ManagedRawSSTFileReader.java:40)
	at org.apache.hadoop.ozone.om.snapshot.SnapshotDiffManager.initNativeLibraryForEfficientDiff(SnapshotDiffManager.java:285)
	at org.apache.hadoop.ozone.om.snapshot.SnapshotDiffManager.<init>(SnapshotDiffManager.java:259)
	at org.apache.hadoop.ozone.om.OmSnapshotManager.<init>(OmSnapshotManager.java:286)
	at org.apache.hadoop.ozone.om.OzoneManager.instantiateServices(OzoneManager.java:863)
	at org.apache.hadoop.ozone.om.OzoneManager.<init>(OzoneManager.java:687)
	at org.apache.hadoop.ozone.om.OzoneManager.createOm(OzoneManager.java:774)
	at org.apache.hadoop.ozone.MiniOzoneClusterImpl$Builder.createOM(MiniOzoneClusterImpl.java:689)
	at org.apache.hadoop.ozone.MiniOzoneClusterImpl$Builder.createAndStartSingleOM(MiniOzoneClusterImpl.java:673)
	at org.apache.hadoop.ozone.MiniOzoneClusterImpl$Builder.build(MiniOzoneClusterImpl.java:535)
	at org.apache.hadoop.ozone.TestContainerStateMachineIdempotency.init(TestContainerStateMachineIdempotency.java:65)
	at java.base/jdk.internal.reflect.NativeMethodAccessorImpl.invoke0(Native Method)
	at java.base/jdk.internal.reflect.NativeMethodAccessorImpl.invoke(NativeMethodAccessorImpl.java:77)
	at java.base/jdk.internal.reflect.DelegatingMethodAccessorImpl.invoke(DelegatingMethodAccessorImpl.java:43)
	at java.base/java.lang.reflect.Method.invoke(Method.java:568)
	at org.junit.platform.commons.util.ReflectionUtils.invokeMethod(ReflectionUtils.java:728)
	at org.junit.jupiter.engine.execution.MethodInvocation.proceed(MethodInvocation.java:60)
	at org.junit.jupiter.engine.execution.InvocationInterceptorChain$ValidatingInvocation.proceed(InvocationInterceptorChain.java:131)
	at org.junit.jupiter.engine.extension.TimeoutExtension.intercept(TimeoutExtension.java:156)
	at org.junit.jupiter.engine.extension.TimeoutExtension.interceptLifecycleMethod(TimeoutExtension.java:128)
	at org.junit.jupiter.engine.extension.TimeoutExtension.interceptBeforeAllMethod(TimeoutExtension.java:70)
	at org.junit.jupiter.engine.execution.InterceptingExecutableInvoker$ReflectiveInterceptorCall.lambda$ofVoidMethod$0(InterceptingExecutableInvoker.java:103)
	at org.junit.jupiter.engine.execution.InterceptingExecutableInvoker.lambda$invoke$0(InterceptingExecutableInvoker.java:93)
	at org.junit.jupiter.engine.execution.InvocationInterceptorChain$InterceptedInvocation.proceed(InvocationInterceptorChain.java:106)
	at org.junit.jupiter.engine.execution.InvocationInterceptorChain.proceed(InvocationInterceptorChain.java:64)
	at org.junit.jupiter.engine.execution.InvocationInterceptorChain.chainAndInvoke(InvocationInterceptorChain.java:45)
	at org.junit.jupiter.engine.execution.InvocationInterceptorChain.invoke(InvocationInterceptorChain.java:37)
	at org.junit.jupiter.engine.execution.InterceptingExecutableInvoker.invoke(InterceptingExecutableInvoker.java:92)
	at org.junit.jupiter.engine.execution.InterceptingExecutableInvoker.invoke(InterceptingExecutableInvoker.java:86)
	at org.junit.jupiter.engine.descriptor.ClassBasedTestDescriptor.lambda$invokeBeforeAllMethods$13(ClassBasedTestDescriptor.java:412)
	at org.junit.platform.engine.support.hierarchical.ThrowableCollector.execute(ThrowableCollector.java:73)
	at org.junit.jupiter.engine.descriptor.ClassBasedTestDescriptor.invokeBeforeAllMethods(ClassBasedTestDescriptor.java:410)
	at org.junit.jupiter.engine.descriptor.ClassBasedTestDescriptor.before(ClassBasedTestDescriptor.java:216)
	at org.junit.jupiter.engine.descriptor.ClassBasedTestDescriptor.before(ClassBasedTestDescriptor.java:85)
	at org.junit.platform.engine.support.hierarchical.NodeTestTask.lambda$executeRecursively$6(NodeTestTask.java:148)
	at org.junit.platform.engine.support.hierarchical.ThrowableCollector.execute(ThrowableCollector.java:73)
	at org.junit.platform.engine.support.hierarchical.NodeTestTask.lambda$executeRecursively$8(NodeTestTask.java:141)
	at org.junit.platform.engine.support.hierarchical.Node.around(Node.java:137)
	at org.junit.platform.engine.support.hierarchical.NodeTestTask.lambda$executeRecursively$9(NodeTestTask.java:139)
	at org.junit.platform.engine.support.hierarchical.ThrowableCollector.execute(ThrowableCollector.java:73)
	at org.junit.platform.engine.support.hierarchical.NodeTestTask.executeRecursively(NodeTestTask.java:138)
	at org.junit.platform.engine.support.hierarchical.NodeTestTask.execute(NodeTestTask.java:95)
	at java.base/java.util.ArrayList.forEach(ArrayList.java:1511)
	at org.junit.platform.engine.support.hierarchical.SameThreadHierarchicalTestExecutorService.invokeAll(SameThreadHierarchicalTestExecutorService.java:41)
	at org.junit.platform.engine.support.hierarchical.NodeTestTask.lambda$executeRecursively$6(NodeTestTask.java:155)
	at org.junit.platform.engine.support.hierarchical.ThrowableCollector.execute(ThrowableCollector.java:73)
	at org.junit.platform.engine.support.hierarchical.NodeTestTask.lambda$executeRecursively$8(NodeTestTask.java:141)
	at org.junit.platform.engine.support.hierarchical.Node.around(Node.java:137)
	at org.junit.platform.engine.support.hierarchical.NodeTestTask.lambda$executeRecursively$9(NodeTestTask.java:139)
	at org.junit.platform.engine.support.hierarchical.ThrowableCollector.execute(ThrowableCollector.java:73)
	at org.junit.platform.engine.support.hierarchical.NodeTestTask.executeRecursively(NodeTestTask.java:138)
	at org.junit.platform.engine.support.hierarchical.NodeTestTask.execute(NodeTestTask.java:95)
	at org.junit.platform.engine.support.hierarchical.SameThreadHierarchicalTestExecutorService.submit(SameThreadHierarchicalTestExecutorService.java:35)
	at org.junit.platform.engine.support.hierarchical.HierarchicalTestExecutor.execute(HierarchicalTestExecutor.java:57)
	at org.junit.platform.engine.support.hierarchical.HierarchicalTestEngine.execute(HierarchicalTestEngine.java:54)
	at org.junit.platform.launcher.core.EngineExecutionOrchestrator.execute(EngineExecutionOrchestrator.java:198)
	at org.junit.platform.launcher.core.EngineExecutionOrchestrator.execute(EngineExecutionOrchestrator.java:169)
	at org.junit.platform.launcher.core.EngineExecutionOrchestrator.execute(EngineExecutionOrchestrator.java:93)
	at org.junit.platform.launcher.core.EngineExecutionOrchestrator.lambda$execute$0(EngineExecutionOrchestrator.java:58)
	at org.junit.platform.launcher.core.EngineExecutionOrchestrator.withInterceptedStreams(EngineExecutionOrchestrator.java:141)
	at org.junit.platform.launcher.core.EngineExecutionOrchestrator.execute(EngineExecutionOrchestrator.java:57)
	at org.junit.platform.launcher.core.DefaultLauncher.execute(DefaultLauncher.java:103)
	at org.junit.platform.launcher.core.DefaultLauncher.execute(DefaultLauncher.java:85)
	at org.junit.platform.launcher.core.DelegatingLauncher.execute(DelegatingLauncher.java:47)
	at org.junit.platform.launcher.core.SessionPerRequestLauncher.execute(SessionPerRequestLauncher.java:63)
	at org.apache.maven.surefire.junitplatform.JUnitPlatformProvider.invokeAllTests(JUnitPlatformProvider.java:154)
	at org.apache.maven.surefire.junitplatform.JUnitPlatformProvider.invoke(JUnitPlatformProvider.java:123)
	at org.apache.maven.surefire.booter.ForkedBooter.runSuitesInProcess(ForkedBooter.java:377)
	at org.apache.maven.surefire.booter.ForkedBooter.execute(ForkedBooter.java:138)
	at org.apache.maven.surefire.booter.ForkedBooter.run(ForkedBooter.java:465)
	at org.apache.maven.surefire.booter.ForkedBooter.main(ForkedBooter.java:451)
2024-05-12 17:49:42,203 [main] INFO  om.OzoneManager (OzoneManager.java:addS3GVolumeToDB(4463)) - Created Volume s3v With Owner runner required for S3Gateway operations.
2024-05-12 17:49:42,241 [main] WARN  server.ServerUtils (ServerUtils.java:getDefaultRatisDirectory(311)) - Storage directory for Ratis is not configured. It is a good idea to map this to an SSD disk. Falling back to ozone.metadata.dirs
2024-05-12 17:49:42,242 [main] WARN  utils.OzoneManagerRatisUtils (OzoneManagerRatisUtils.java:getOMRatisSnapshotDirectory(476)) - ozone.om.ratis.snapshot.dir is not configured. Falling back to ozone.metadata.dirs config
2024-05-12 17:49:42,252 [main] WARN  server.ServerUtils (ServerUtils.java:getDefaultRatisDirectory(311)) - Storage directory for Ratis is not configured. It is a good idea to map this to an SSD disk. Falling back to ozone.metadata.dirs
2024-05-12 17:49:42,266 [main] INFO  ratis.OzoneManagerRatisServer (OzoneManagerRatisServer.java:<init>(167)) - Instantiating OM Ratis server with groupID: omServiceIdDefault and peers: localhost:15007
2024-05-12 17:49:42,273 [main] INFO  ratis.OzoneManagerStateMachine (OzoneManagerStateMachine.java:loadSnapshotInfoFromDB(589)) - TransactionInfo not found in OM DB.
2024-05-12 17:49:42,311 [main] INFO  server.RaftServer (ConfUtils.java:logGet(46)) - raft.rpc.type = GRPC (default)
2024-05-12 17:49:42,317 [main] INFO  grpc.GrpcConfigKeys (ConfUtils.java:logFallback(53)) - raft.grpc.admin.host = null (fallback to raft.grpc.server.host)
2024-05-12 17:49:42,318 [main] INFO  grpc.GrpcConfigKeys (ConfUtils.java:logFallback(53)) - raft.grpc.admin.port = 15007 (fallback to raft.grpc.server.port)
2024-05-12 17:49:42,319 [main] INFO  grpc.GrpcConfigKeys (ConfUtils.java:logFallback(53)) - raft.grpc.client.host = null (fallback to raft.grpc.server.host)
2024-05-12 17:49:42,319 [main] INFO  grpc.GrpcConfigKeys (ConfUtils.java:logFallback(53)) - raft.grpc.client.port = 15007 (fallback to raft.grpc.server.port)
2024-05-12 17:49:42,320 [main] INFO  grpc.GrpcConfigKeys (ConfUtils.java:logGet(46)) - raft.grpc.server.host = null (default)
2024-05-12 17:49:42,320 [main] INFO  grpc.GrpcConfigKeys (ConfUtils.java:logGet(46)) - raft.grpc.server.port = 15007 (custom)
2024-05-12 17:49:42,321 [main] INFO  server.GrpcService (ConfUtils.java:logGet(46)) - raft.grpc.message.size.max = 4194304 (custom)
2024-05-12 17:49:42,322 [main] INFO  server.RaftServerConfigKeys (ConfUtils.java:logGet(46)) - raft.server.log.appender.buffer.byte-limit = 4194304 (custom)
2024-05-12 17:49:42,323 [main] INFO  server.GrpcService (ConfUtils.java:logGet(46)) - raft.grpc.flow.control.window = 1MB (=1048576) (default)
2024-05-12 17:49:42,323 [main] INFO  server.RaftServerConfigKeys (ConfUtils.java:logGet(46)) - raft.server.rpc.request.timeout = 3000ms (default)
2024-05-12 17:49:42,329 [main] INFO  grpc.GrpcConfigKeys (ConfUtils.java:logGet(46)) - raft.grpc.server.heartbeat.channel = true (default)
2024-05-12 17:49:42,331 [main] INFO  grpc.GrpcConfigKeys (ConfUtils.java:logGet(46)) - raft.grpc.server.async.request.thread.pool.cached = true (default)
2024-05-12 17:49:42,331 [main] INFO  grpc.GrpcConfigKeys (ConfUtils.java:logGet(46)) - raft.grpc.server.async.request.thread.pool.size = 32 (default)
2024-05-12 17:49:42,466 [main] INFO  impl.DataStreamServerImpl (ConfUtils.java:logGet(46)) - raft.datastream.type = DISABLED (default)
2024-05-12 17:49:42,468 [main] INFO  server.RaftServerConfigKeys (ConfUtils.java:logGet(46)) - raft.server.sleep.deviation.threshold = 300ms (default)
2024-05-12 17:49:42,468 [main] INFO  server.RaftServerConfigKeys (ConfUtils.java:logGet(46)) - raft.server.close.threshold = 60s (default)
2024-05-12 17:49:42,468 [main] INFO  server.RaftServerConfigKeys (ConfUtils.java:logGet(46)) - raft.server.leaderelection.leader.step-down.wait-time = 10s (default)
2024-05-12 17:49:42,470 [main] INFO  server.RaftServerConfigKeys (ConfUtils.java:logGet(46)) - raft.server.storage.dir = [/home/runner/work/ozone/ozone/hadoop-ozone/integration-test/target/test-dir/MiniOzoneClusterImpl-d7aad628-a0b7-477d-aae9-77d4c10c22b9/ozone-meta/ratis] (custom)
2024-05-12 17:49:42,471 [main] INFO  server.RaftServerConfigKeys (ConfUtils.java:logGet(46)) - raft.server.threadpool.proxy.cached = true (default)
2024-05-12 17:49:42,471 [main] INFO  server.RaftServerConfigKeys (ConfUtils.java:logGet(46)) - raft.server.threadpool.proxy.size = 0 (default)
2024-05-12 17:49:42,477 [main] INFO  server.RaftServer (RaftServerProxy.java:addNew(100)) - om1: addNew group-C5BA1605619E:[om1|localhost:15007] returns group-C5BA1605619E:java.util.concurrent.CompletableFuture@71443983[Not completed]
2024-05-12 17:49:42,478 [main] INFO  om.OzoneManager (OzoneManager.java:initializeRatisServer(2168)) - OzoneManager Ratis server initialized at port 15007
2024-05-12 17:49:42,480 [main] INFO  om.OzoneManager (OzoneManager.java:getRpcServer(1227)) - Creating RPC Server
2024-05-12 17:49:42,485 [om1-groupManagement] INFO  server.RaftServer$Division (RaftServerImpl.java:<init>(256)) - om1: new RaftServerImpl for group-C5BA1605619E:[om1|localhost:15007] with OzoneManagerStateMachine:uninitialized
2024-05-12 17:49:42,486 [om1-groupManagement] INFO  server.RaftServerConfigKeys (ConfUtils.java:logGet(46)) - raft.server.rpc.timeout.min = 1s (custom)
2024-05-12 17:49:42,486 [om1-groupManagement] INFO  server.RaftServerConfigKeys (ConfUtils.java:logGet(46)) - raft.server.rpc.timeout.max = 1200ms (custom)
2024-05-12 17:49:42,486 [om1-groupManagement] INFO  server.RaftServerConfigKeys (ConfUtils.java:logGet(46)) - raft.server.rpc.sleep.time = 25ms (default)
2024-05-12 17:49:42,486 [om1-groupManagement] INFO  server.RaftServerConfigKeys (ConfUtils.java:logGet(46)) - raft.server.rpc.slowness.timeout = 120s (custom)
2024-05-12 17:49:42,487 [om1-groupManagement] INFO  server.RaftServerConfigKeys (ConfUtils.java:logGet(46)) - raft.server.leaderelection.leader.step-down.wait-time = 10s (default)
2024-05-12 17:49:42,487 [om1-groupManagement] INFO  server.RaftServerConfigKeys (ConfUtils.java:logGet(46)) - raft.server.leaderelection.member.majority-add = false (default)
2024-05-12 17:49:42,487 [om1-groupManagement] INFO  server.RaftServerConfigKeys (ConfUtils.java:logGet(46)) - raft.server.sleep.deviation.threshold = 300ms (default)
2024-05-12 17:49:42,492 [om1-groupManagement] INFO  server.RaftServer$Division (ServerState.java:<init>(113)) - om1@group-C5BA1605619E: ConfigurationManager, init=-1: peers:[om1|localhost:15007]|listeners:[], old=null, confs=<EMPTY_MAP>
2024-05-12 17:49:42,504 [om1-groupManagement] INFO  server.RaftServerConfigKeys (ConfUtils.java:logGet(46)) - raft.server.notification.no-leader.timeout = 120s (custom)
2024-05-12 17:49:42,505 [om1-groupManagement] INFO  server.RaftServerConfigKeys (ConfUtils.java:logGet(46)) - raft.server.read.timeout = 10s (default)
2024-05-12 17:49:42,508 [om1-groupManagement] INFO  server.RaftServerConfigKeys (ConfUtils.java:logGet(46)) - raft.server.retrycache.expirytime = 300s (custom)
2024-05-12 17:49:42,508 [om1-groupManagement] INFO  server.RaftServerConfigKeys (ConfUtils.java:logGet(46)) - raft.server.retrycache.statistics.expirytime = 100ms (default)
2024-05-12 17:49:42,512 [om1-groupManagement] INFO  server.RaftServerConfigKeys (ConfUtils.java:logGet(46)) - raft.server.read.option = DEFAULT (default)
2024-05-12 17:49:42,512 [om1-groupManagement] INFO  server.RaftServerConfigKeys (ConfUtils.java:logGet(46)) - raft.server.read.read-after-write-consistent.write-index-cache.expiry-time = 60s (default)
2024-05-12 17:49:42,575 [om1-groupManagement] INFO  server.RaftServerConfigKeys (ConfUtils.java:logGet(46)) - raft.server.rpc.request.timeout = 3000ms (default)
2024-05-12 17:49:42,578 [om1-groupManagement] INFO  server.RaftServerConfigKeys (ConfUtils.java:logGet(46)) - raft.server.log.appender.install.snapshot.enabled = false (custom)
2024-05-12 17:49:42,580 [om1-groupManagement] INFO  server.RaftServerConfigKeys (ConfUtils.java:logGet(46)) - raft.server.threadpool.server.cached = true (default)
2024-05-12 17:49:42,580 [om1-groupManagement] INFO  server.RaftServerConfigKeys (ConfUtils.java:logGet(46)) - raft.server.threadpool.server.size = 0 (default)
2024-05-12 17:49:42,581 [om1-groupManagement] INFO  server.RaftServerConfigKeys (ConfUtils.java:logGet(46)) - raft.server.threadpool.client.cached = true (default)
2024-05-12 17:49:42,582 [om1-groupManagement] INFO  server.RaftServerConfigKeys (ConfUtils.java:logGet(46)) - raft.server.threadpool.client.size = 0 (default)
2024-05-12 17:49:43,145 [main] INFO  reflections.Reflections (Reflections.java:scan(219)) - Reflections took 622 ms to scan 20 urls, producing 58 keys and 6592 values
2024-05-12 17:49:43,313 [main] INFO  ipc.CallQueueManager (CallQueueManager.java:<init>(90)) - Using callQueue: class java.util.concurrent.LinkedBlockingQueue, queueCapacity: 2000, scheduler: class org.apache.hadoop.ipc.DefaultRpcScheduler, ipcBackoff: false.
2024-05-12 17:49:43,314 [main] INFO  ipc.Server (Server.java:<init>(1287)) - Listener at 127.0.0.1:15004
2024-05-12 17:49:43,314 [Socket Reader #1 for port 15004] INFO  ipc.Server (Server.java:run(1323)) - Starting Socket Reader #1 for port 15004
2024-05-12 17:49:43,338 [main] INFO  impl.MetricsSystemImpl (MetricsSystemImpl.java:init(158)) - OzoneManager metrics system started (again)
2024-05-12 17:49:43,347 [main] INFO  om.OzoneManager (OzoneManager.java:start(1649)) - OzoneManager RPC server is listening at localhost/127.0.0.1:15004
2024-05-12 17:49:43,347 [main] INFO  ratis.OzoneManagerRatisServer (OzoneManagerRatisServer.java:start(588)) - Starting OzoneManagerRatisServer om1 at port 15007
2024-05-12 17:49:43,350 [om1-impl-thread1] INFO  server.RaftServerConfigKeys (ConfUtils.java:logGet(46)) - raft.server.storage.free-space.min = 0MB (=0) (default)
2024-05-12 17:49:43,350 [om1-impl-thread1] INFO  server.RaftServerConfigKeys (ConfUtils.java:logGet(46)) - raft.server.log.corruption.policy = EXCEPTION (default)
2024-05-12 17:49:43,350 [om1-impl-thread1] INFO  server.RaftServerConfigKeys (ConfUtils.java:logGet(46)) - raft.server.storage.dir = [/home/runner/work/ozone/ozone/hadoop-ozone/integration-test/target/test-dir/MiniOzoneClusterImpl-d7aad628-a0b7-477d-aae9-77d4c10c22b9/ozone-meta/ratis] (custom)
2024-05-12 17:49:43,355 [om1-impl-thread1] INFO  storage.RaftStorageDirectory (RaftStorageDirectoryImpl.java:analyzeStorage(138)) - The storage directory /home/runner/work/ozone/ozone/hadoop-ozone/integration-test/target/test-dir/MiniOzoneClusterImpl-d7aad628-a0b7-477d-aae9-77d4c10c22b9/ozone-meta/ratis/bf265839-605b-3f16-9796-c5ba1605619e does not exist. Creating ...
2024-05-12 17:49:43,358 [om1-impl-thread1] INFO  storage.RaftStorageDirectory (RaftStorageDirectoryImpl.java:tryLock(228)) - Lock on /home/runner/work/ozone/ozone/hadoop-ozone/integration-test/target/test-dir/MiniOzoneClusterImpl-d7aad628-a0b7-477d-aae9-77d4c10c22b9/ozone-meta/ratis/bf265839-605b-3f16-9796-c5ba1605619e/in_use.lock acquired by nodename 37315@fv-az1151-419
2024-05-12 17:49:43,363 [om1-impl-thread1] INFO  storage.RaftStorage (RaftStorageImpl.java:format(99)) - Storage directory /home/runner/work/ozone/ozone/hadoop-ozone/integration-test/target/test-dir/MiniOzoneClusterImpl-d7aad628-a0b7-477d-aae9-77d4c10c22b9/ozone-meta/ratis/bf265839-605b-3f16-9796-c5ba1605619e has been successfully formatted.
2024-05-12 17:49:43,363 [om1-impl-thread1] WARN  util.FileUtils (LogUtils.java:supplyAndLog(63)) - Failed to Files.newInputStream /home/runner/work/ozone/ozone/hadoop-ozone/integration-test/target/test-dir/MiniOzoneClusterImpl-d7aad628-a0b7-477d-aae9-77d4c10c22b9/ozone-meta/ratis/bf265839-605b-3f16-9796-c5ba1605619e/current/raft-meta.conf with options []: java.nio.file.NoSuchFileException: /home/runner/work/ozone/ozone/hadoop-ozone/integration-test/target/test-dir/MiniOzoneClusterImpl-d7aad628-a0b7-477d-aae9-77d4c10c22b9/ozone-meta/ratis/bf265839-605b-3f16-9796-c5ba1605619e/current/raft-meta.conf
2024-05-12 17:49:43,365 [om1-impl-thread1] INFO  server.RaftServerConfigKeys (ConfUtils.java:logGet(46)) - raft.server.log.use.memory = false (default)
2024-05-12 17:49:43,370 [om1-impl-thread1] INFO  server.RaftServerConfigKeys (ConfUtils.java:logGet(46)) - raft.server.log.purge.gap = 1000000 (custom)
2024-05-12 17:49:43,371 [om1-impl-thread1] INFO  server.RaftServerConfigKeys (ConfUtils.java:logGet(46)) - raft.server.log.appender.buffer.byte-limit = 4194304 (custom)
2024-05-12 17:49:43,372 [om1-impl-thread1] INFO  server.RaftServerConfigKeys (ConfUtils.java:logGet(46)) - raft.server.log.statemachine.data.read.timeout = 1000ms (default)
2024-05-12 17:49:43,372 [om1-impl-thread1] INFO  server.RaftServerConfigKeys (ConfUtils.java:logGet(46)) - raft.server.log.purge.preservation.log.num = 0 (default)
2024-05-12 17:49:43,376 [om1-impl-thread1] INFO  server.RaftServerConfigKeys (ConfUtils.java:logGet(46)) - raft.server.log.segment.size.max = 4194304 (custom)
2024-05-12 17:49:43,380 [om1-impl-thread1] INFO  server.RaftServerConfigKeys (ConfUtils.java:logGet(46)) - raft.server.log.segment.cache.num.max = 2 (custom)
2024-05-12 17:49:43,380 [om1-impl-thread1] INFO  server.RaftServerConfigKeys (ConfUtils.java:logGet(46)) - raft.server.log.segment.cache.size.max = 200MB (=209715200) (default)
2024-05-12 17:49:43,380 [om1-impl-thread1] INFO  server.RaftServerConfigKeys (ConfUtils.java:logGet(46)) - raft.server.log.appender.buffer.byte-limit = 4194304 (custom)
2024-05-12 17:49:43,381 [om1-impl-thread1] INFO  util.AwaitToRun (AwaitToRun.java:start(81)) - Thread[om1@group-C5BA1605619E-cacheEviction-AwaitToRun,5,main] started
2024-05-12 17:49:43,384 [om1-impl-thread1] INFO  segmented.SegmentedRaftLogWorker (SegmentedRaftLogWorker.java:<init>(182)) - new om1@group-C5BA1605619E-SegmentedRaftLogWorker for RaftStorageImpl:Storage Directory /home/runner/work/ozone/ozone/hadoop-ozone/integration-test/target/test-dir/MiniOzoneClusterImpl-d7aad628-a0b7-477d-aae9-77d4c10c22b9/ozone-meta/ratis/bf265839-605b-3f16-9796-c5ba1605619e
2024-05-12 17:49:43,385 [om1-impl-thread1] INFO  server.RaftServerConfigKeys (ConfUtils.java:logGet(46)) - raft.server.log.queue.byte-limit = 64MB (=67108864) (default)
2024-05-12 17:49:43,385 [om1-impl-thread1] INFO  server.RaftServerConfigKeys (ConfUtils.java:logGet(46)) - raft.server.log.queue.element-limit = 4096 (default)
2024-05-12 17:49:43,386 [om1-impl-thread1] INFO  server.RaftServerConfigKeys (ConfUtils.java:logGet(46)) - raft.server.log.segment.size.max = 4194304 (custom)
2024-05-12 17:49:43,386 [om1-impl-thread1] INFO  server.RaftServerConfigKeys (ConfUtils.java:logGet(46)) - raft.server.log.preallocated.size = 4194304 (custom)
2024-05-12 17:49:43,386 [om1-impl-thread1] INFO  server.RaftServerConfigKeys (ConfUtils.java:logGet(46)) - raft.server.log.force.sync.num = 128 (default)
2024-05-12 17:49:43,387 [om1-impl-thread1] INFO  server.RaftServerConfigKeys (ConfUtils.java:logGet(46)) - raft.server.log.statemachine.data.sync = true (default)
2024-05-12 17:49:43,387 [om1-impl-thread1] INFO  server.RaftServerConfigKeys (ConfUtils.java:logGet(46)) - raft.server.log.statemachine.data.sync.timeout = 10s (default)
2024-05-12 17:49:43,387 [om1-impl-thread1] INFO  server.RaftServerConfigKeys (ConfUtils.java:logGet(46)) - raft.server.log.statemachine.data.sync.timeout.retry = -1 (default)
2024-05-12 17:49:43,393 [om1-impl-thread1] INFO  server.RaftServerConfigKeys (ConfUtils.java:logGet(46)) - raft.server.log.write.buffer.size = 4194312 (custom)
2024-05-12 17:49:43,393 [om1-impl-thread1] INFO  server.RaftServerConfigKeys (ConfUtils.java:logGet(46)) - raft.server.log.appender.buffer.byte-limit = 4194304 (custom)
2024-05-12 17:49:43,393 [om1-impl-thread1] INFO  server.RaftServerConfigKeys (ConfUtils.java:logGet(46)) - raft.server.log.unsafe-flush.enabled = false (default)
2024-05-12 17:49:43,394 [om1-impl-thread1] INFO  server.RaftServerConfigKeys (ConfUtils.java:logGet(46)) - raft.server.log.async-flush.enabled = false (default)
2024-05-12 17:49:43,394 [om1-impl-thread1] INFO  server.RaftServerConfigKeys (ConfUtils.java:logGet(46)) - raft.server.log.statemachine.data.caching.enabled = false (default)
2024-05-12 17:49:43,397 [om1-impl-thread1] INFO  segmented.SegmentedRaftLogWorker (SegmentedRaftLogWorker.java:lambda$new$0(134)) - om1@group-C5BA1605619E-SegmentedRaftLogWorker: flushIndex: setUnconditionally 0 -> -1
2024-05-12 17:49:43,398 [om1-impl-thread1] INFO  segmented.SegmentedRaftLogWorker (SegmentedRaftLogWorker.java:lambda$new$0(134)) - om1@group-C5BA1605619E-SegmentedRaftLogWorker: safeCacheEvictIndex: setUnconditionally 0 -> -1
2024-05-12 17:49:43,399 [om1-impl-thread1] INFO  server.RaftServer$Division (RaftServerImpl.java:start(396)) - om1@group-C5BA1605619E: start as a follower, conf=-1: peers:[om1|localhost:15007]|listeners:[], old=null
2024-05-12 17:49:43,400 [om1-impl-thread1] INFO  server.RaftServer$Division (RaftServerImpl.java:setRole(383)) - om1@group-C5BA1605619E: changes role from      null to FOLLOWER at term 0 for startAsFollower
2024-05-12 17:49:43,401 [om1-impl-thread1] INFO  impl.RoleInfo (RoleInfo.java:updateAndGet(139)) - om1: start om1@group-C5BA1605619E-FollowerState
2024-05-12 17:49:43,401 [om1@group-C5BA1605619E-FollowerState] INFO  server.RaftServerConfigKeys (ConfUtils.java:logFallback(53)) - raft.server.rpc.first-election.timeout.min = 1s (fallback to raft.server.rpc.timeout.min)
2024-05-12 17:49:43,402 [om1@group-C5BA1605619E-FollowerState] INFO  server.RaftServerConfigKeys (ConfUtils.java:logFallback(53)) - raft.server.rpc.first-election.timeout.max = 1200ms (fallback to raft.server.rpc.timeout.max)
2024-05-12 17:49:43,403 [om1-impl-thread1] INFO  util.JmxRegister (JmxRegister.java:tryRegister(44)) - Successfully registered JMX Bean with object name Ratis:service=RaftServer,group=group-C5BA1605619E,id=om1
2024-05-12 17:49:43,405 [om1-impl-thread1] INFO  server.RaftServerConfigKeys (ConfUtils.java:logGet(46)) - raft.server.snapshot.trigger-when-stop.enabled = true (default)
2024-05-12 17:49:43,406 [om1-impl-thread1] INFO  server.RaftServerConfigKeys (ConfUtils.java:logGet(46)) - raft.server.snapshot.auto.trigger.enabled = true (custom)
2024-05-12 17:49:43,406 [om1-impl-thread1] INFO  server.RaftServerConfigKeys (ConfUtils.java:logGet(46)) - raft.server.snapshot.auto.trigger.threshold = 400000 (default)
2024-05-12 17:49:43,407 [om1-impl-thread1] INFO  server.RaftServerConfigKeys (ConfUtils.java:logGet(46)) - raft.server.snapshot.retention.file.num = -1 (default)
2024-05-12 17:49:43,408 [om1-impl-thread1] INFO  server.RaftServerConfigKeys (ConfUtils.java:logGet(46)) - raft.server.log.purge.upto.snapshot.index = true (custom)
2024-05-12 17:49:43,411 [main] INFO  server.RaftServer (RaftServerProxy.java:startImpl(406)) - om1: start RPC server
2024-05-12 17:49:43,448 [main] INFO  server.GrpcService (GrpcService.java:startImpl(302)) - om1: GrpcService started, listening on 15007
2024-05-12 17:49:43,449 [main] INFO  om.OzoneManager (OzoneManager.java:start(1665)) - Version File has different layout version (6) than OM DB (null). That is expected if this OM has never been finalized to a newer layout version.
2024-05-12 17:49:43,449 [JvmPauseMonitor1] INFO  util.JvmPauseMonitor (JvmPauseMonitor.java:run(146)) - JvmPauseMonitor-om1: Started
2024-05-12 17:49:43,466 [main] INFO  client.ScmTopologyClient (ScmTopologyClient.java:start(72)) - Initial network topology fetched from SCM: /.
2024-05-12 17:49:43,467 [main] INFO  net.NodeSchemaLoader (NodeSchemaLoader.java:loadSchemaFromFile(129)) - Loading schema from [file:/home/runner/work/ozone/ozone/hadoop-hdds/common/target/classes/network-topology-default.xml]
2024-05-12 17:49:43,467 [main] INFO  net.NodeSchemaLoader (NodeSchemaLoader.java:loadSchema(176)) - Loading network topology layer schema file
2024-05-12 17:49:43,490 [main] INFO  http.BaseHttpServer (BaseHttpServer.java:newHttpServer2BuilderForOzone(223)) - Starting Web-server for ozoneManager at: http://0.0.0.0:15005
2024-05-12 17:49:43,490 [main] INFO  http.BaseHttpServer (BaseHttpServer.java:<init>(110)) - Hadoop Security Enabled: false Ozone Security Enabled: false Ozone HTTP Security Enabled: false 
2024-05-12 17:49:43,493 [main] WARN  server.AuthenticationFilter (AuthenticationFilter.java:constructSecretProvider(240)) - Unable to initialize FileSignerSecretProvider, falling back to use random secrets. Reason: Could not read signature secret file: /home/runner/hadoop-http-auth-signature-secret
2024-05-12 17:49:43,494 [main] INFO  http.HttpRequestLog (HttpRequestLog.java:getRequestLog(86)) - Http request log for http.requests.ozoneManager is not defined
2024-05-12 17:49:43,496 [main] INFO  http.HttpServer2 (HttpServer2.java:addGlobalFilter(1036)) - Added global filter 'safety' (class=org.apache.hadoop.hdds.server.http.HttpServer2$QuotingInputFilter)
2024-05-12 17:49:43,498 [main] INFO  http.HttpServer2 (HttpServer2.java:addFilter(1012)) - Added filter static_user_filter (class=org.apache.hadoop.http.lib.StaticUserWebFilter$StaticUserFilter) to context ozoneManager
2024-05-12 17:49:43,498 [main] INFO  http.HttpServer2 (HttpServer2.java:addFilter(1020)) - Added filter static_user_filter (class=org.apache.hadoop.http.lib.StaticUserWebFilter$StaticUserFilter) to context logs
2024-05-12 17:49:43,499 [main] INFO  http.HttpServer2 (HttpServer2.java:addFilter(1020)) - Added filter static_user_filter (class=org.apache.hadoop.http.lib.StaticUserWebFilter$StaticUserFilter) to context static
2024-05-12 17:49:43,500 [main] INFO  http.BaseHttpServer (BaseHttpServer.java:<init>(189)) - HTTP server of ozoneManager uses base directory /home/runner/work/ozone/ozone/hadoop-ozone/integration-test/target/test-dir/MiniOzoneClusterImpl-d7aad628-a0b7-477d-aae9-77d4c10c22b9/ozone-meta/webserver
2024-05-12 17:49:43,503 [main] INFO  http.HttpServer2 (HttpServer2.java:bindListener(1236)) - Jetty bound to port 15005
2024-05-12 17:49:43,503 [main] INFO  server.Server (Server.java:doStart(375)) - jetty-9.4.54.v20240208; built: 2024-02-08T19:42:39.027Z; git: cef3fbd6d736a21e7d541a5db490381d95a2047d; jvm 17.0.10+7
2024-05-12 17:49:43,509 [main] INFO  server.session (DefaultSessionIdManager.java:doStart(334)) - DefaultSessionIdManager workerName=node0
2024-05-12 17:49:43,510 [main] INFO  server.session (DefaultSessionIdManager.java:doStart(339)) - No SessionScavenger set, using defaults
2024-05-12 17:49:43,510 [main] INFO  server.session (HouseKeeper.java:startScavenging(132)) - node0 Scavenging every 660000ms
2024-05-12 17:49:43,511 [main] INFO  handler.ContextHandler (ContextHandler.java:doStart(921)) - Started o.e.j.s.ServletContextHandler@2176d934{logs,/logs,file:///home/runner/work/ozone/ozone/hadoop-ozone/integration-test/target/log,AVAILABLE}
2024-05-12 17:49:43,512 [main] INFO  handler.ContextHandler (ContextHandler.java:doStart(921)) - Started o.e.j.s.ServletContextHandler@334c80be{static,/static,file:///home/runner/work/ozone/ozone/hadoop-ozone/integration-test/target/test-classes/webapps/static,AVAILABLE}
2024-05-12 17:49:43,520 [main] INFO  handler.ContextHandler (ContextHandler.java:doStart(921)) - Started o.e.j.w.WebAppContext@3a2cc282{ozoneManager,/,file:///home/runner/work/ozone/ozone/hadoop-ozone/integration-test/target/test-classes/webapps/ozoneManager/,AVAILABLE}{file:/home/runner/work/ozone/ozone/hadoop-ozone/integration-test/target/test-classes/webapps/ozoneManager}
2024-05-12 17:49:43,522 [main] INFO  server.AbstractConnector (AbstractConnector.java:doStart(333)) - Started ServerConnector@54539319{HTTP/1.1, (http/1.1)}{0.0.0.0:15005}
2024-05-12 17:49:43,522 [main] INFO  server.Server (Server.java:doStart(415)) - Started @6171ms
2024-05-12 17:49:43,523 [main] WARN  impl.MetricsSystemImpl (MetricsSystemImpl.java:register(279)) - Sink prometheus already exists!
2024-05-12 17:49:43,523 [main] INFO  http.BaseHttpServer (BaseHttpServer.java:updateConnectorAddress(354)) - HTTP server of ozoneManager listening at http://0.0.0.0:15005
2024-05-12 17:49:43,526 [IPC Server Responder] INFO  ipc.Server (Server.java:run(1562)) - IPC Server Responder: starting
2024-05-12 17:49:43,534 [IPC Server listener on 15004] INFO  ipc.Server (Server.java:run(1402)) - IPC Server listener on 15004: starting
2024-05-12 17:49:43,541 [main] INFO  om.OzoneManager (OzoneManager.java:startTrashEmptier(2121)) - Trash Interval set to 0. Files deleted won't move to trash
2024-05-12 17:49:43,551 [main] INFO  db.CodecBuffer (CodecBuffer.java:set(63)) - Successfully set constructor to org.apache.hadoop.hdds.utils.db.CodecBuffer$$Lambda$1146/0x00007f5460736000@62f30cea
2024-05-12 17:49:43,653 [main] WARN  dropwizard3.Dm3MetricRegistriesImpl (Dm3MetricRegistriesImpl.java:addReporterRegistration(113)) - New reporters are added after registries were created. Some metrics will be missing from the reporter. Please add reporter before adding any new registry.
2024-05-12 17:49:43,653 [main] WARN  dropwizard3.Dm3MetricRegistriesImpl (Dm3MetricRegistriesImpl.java:addReporterRegistration(113)) - New reporters are added after registries were created. Some metrics will be missing from the reporter. Please add reporter before adding any new registry.
2024-05-12 17:49:43,653 [main] INFO  impl.MetricsSystemImpl (MetricsSystemImpl.java:init(158)) - HddsDatanode metrics system started (again)
2024-05-12 17:49:43,672 [main] INFO  ozone.HddsDatanodeService (HddsDatanodeService.java:start(240)) - HddsDatanodeService host:fv-az1151-419.kvfmkfhqcd1elnt153szgygjng.cx.internal.cloudapp.net ip:10.1.0.100
2024-05-12 17:49:43,697 [main] INFO  upgrade.AbstractLayoutVersionManager (AbstractLayoutVersionManager.java:init(83)) - Initializing Layout version manager with metadata layout = HADOOP_PRC_PORTS_IN_DATANODEDETAILS (version = 7), software layout = HADOOP_PRC_PORTS_IN_DATANODEDETAILS (version = 7)
2024-05-12 17:49:43,700 [main] INFO  statemachine.DatanodeStateMachine (DatanodeStateMachine.java:getEndPointTaskThreadPoolSize(299)) - Datanode State Machine Task Thread Pool size 2
2024-05-12 17:49:43,746 [main] INFO  volume.HddsVolume (HddsVolume.java:<init>(126)) - Creating HddsVolume: /home/runner/work/ozone/ozone/hadoop-ozone/integration-test/target/test-dir/MiniOzoneClusterImpl-d7aad628-a0b7-477d-aae9-77d4c10c22b9/ozone-meta/datanode-1/data-0/hdds of storage type : DISK capacity : 9222449699674390527
2024-05-12 17:49:43,748 [main] INFO  volume.MutableVolumeSet (MutableVolumeSet.java:initializeVolumeSet(173)) - Added Volume : /home/runner/work/ozone/ozone/hadoop-ozone/integration-test/target/test-dir/MiniOzoneClusterImpl-d7aad628-a0b7-477d-aae9-77d4c10c22b9/ozone-meta/datanode-1/data-0/hdds to VolumeSet
2024-05-12 17:49:43,751 [main] INFO  volume.MutableVolumeSet (MutableVolumeSet.java:initializeVolumeSet(173)) - Added Volume : /home/runner/work/ozone/ozone/hadoop-ozone/integration-test/target/test-dir/MiniOzoneClusterImpl-d7aad628-a0b7-477d-aae9-77d4c10c22b9/ozone-meta/datanode-1/ratis to VolumeSet
2024-05-12 17:49:43,754 [main] INFO  ozoneimpl.OzoneContainer (HddsVolumeUtil.java:loadAllHddsVolumeDbStore(103)) - Load 1 volumes DbStore cost: 0ms
2024-05-12 17:49:43,802 [main] INFO  audit.AuditLogger (AuditLogger.java:refreshDebugCmdSet(135)) - Refresh DebugCmdSet for DNAudit to [].
2024-05-12 17:49:43,834 [main] INFO  server.RaftServer (ConfUtils.java:logGet(46)) - raft.rpc.type = GRPC (default)
2024-05-12 17:49:43,834 [main] INFO  grpc.GrpcConfigKeys (ConfUtils.java:logFallback(53)) - raft.grpc.admin.host = null (fallback to raft.grpc.server.host)
2024-05-12 17:49:43,835 [main] INFO  grpc.GrpcConfigKeys (ConfUtils.java:logGet(46)) - raft.grpc.admin.port = 15013 (custom)
2024-05-12 17:49:43,835 [main] INFO  grpc.GrpcConfigKeys (ConfUtils.java:logFallback(53)) - raft.grpc.client.host = null (fallback to raft.grpc.server.host)
2024-05-12 17:49:43,836 [main] INFO  grpc.GrpcConfigKeys (ConfUtils.java:logGet(46)) - raft.grpc.client.port = 15012 (custom)
2024-05-12 17:49:43,836 [main] INFO  grpc.GrpcConfigKeys (ConfUtils.java:logGet(46)) - raft.grpc.server.host = null (default)
2024-05-12 17:49:43,837 [main] INFO  grpc.GrpcConfigKeys (ConfUtils.java:logGet(46)) - raft.grpc.server.port = 15014 (custom)
2024-05-12 17:49:43,837 [main] INFO  server.GrpcService (ConfUtils.java:logGet(46)) - raft.grpc.message.size.max = 32MB (=33554432) (custom)
2024-05-12 17:49:43,838 [main] INFO  server.RaftServerConfigKeys (ConfUtils.java:logGet(46)) - raft.server.log.appender.buffer.byte-limit = 8388608 (custom)
2024-05-12 17:49:43,838 [main] INFO  server.GrpcService (ConfUtils.java:logGet(46)) - raft.grpc.flow.control.window = 5MB (=5242880) (custom)
2024-05-12 17:49:43,839 [main] INFO  server.RaftServerConfigKeys (ConfUtils.java:logGet(46)) - raft.server.rpc.request.timeout = 60s (custom)
2024-05-12 17:49:43,839 [main] INFO  grpc.GrpcConfigKeys (ConfUtils.java:logGet(46)) - raft.grpc.server.heartbeat.channel = true (default)
2024-05-12 17:49:43,840 [main] INFO  grpc.GrpcConfigKeys (ConfUtils.java:logGet(46)) - raft.grpc.server.async.request.thread.pool.cached = true (default)
2024-05-12 17:49:43,840 [main] INFO  grpc.GrpcConfigKeys (ConfUtils.java:logGet(46)) - raft.grpc.server.async.request.thread.pool.size = 32 (default)
2024-05-12 17:49:43,843 [main] INFO  impl.DataStreamServerImpl (ConfUtils.java:logGet(46)) - raft.datastream.type = NETTY (custom)
2024-05-12 17:49:43,854 [main] INFO  server.RaftServerConfigKeys (ConfUtils.java:logGet(46)) - raft.server.data-stream.async.request.thread.pool.cached = false (default)
2024-05-12 17:49:43,855 [main] INFO  server.RaftServerConfigKeys (ConfUtils.java:logGet(46)) - raft.server.data-stream.async.request.thread.pool.size = 20 (custom)
2024-05-12 17:49:43,856 [main] INFO  server.RaftServerConfigKeys (ConfUtils.java:logGet(46)) - raft.server.data-stream.async.write.thread.pool.size = 16 (default)
2024-05-12 17:49:43,857 [main] INFO  netty.NettyConfigKeys$DataStream (ConfUtils.java:logGet(46)) - raft.netty.dataStream.server.channel.inactive.grace-period = 10min (default)
2024-05-12 17:49:43,858 [main] INFO  server.RaftServerConfigKeys (ConfUtils.java:logGet(46)) - raft.server.data-stream.client.pool.size = 10 (default)
2024-05-12 17:49:43,860 [main] INFO  netty.NettyConfigKeys$DataStream (ConfUtils.java:logGet(46)) - raft.netty.dataStream.server.use-epoll = true (default)
2024-05-12 17:49:43,860 [main] INFO  netty.NettyConfigKeys$DataStream (ConfUtils.java:logGet(46)) - raft.netty.dataStream.server.boss-group.size = 0 (default)
2024-05-12 17:49:43,861 [main] INFO  netty.NettyUtils (NettyUtils.java:newEventLoopGroup(69)) - Create EpollEventLoopGroup for fa686303-1758-4bad-a86f-993efac5b9f9-NettyServerStreamRpc-bossGroup; Thread size is 0.
2024-05-12 17:49:43,862 [main] INFO  netty.NettyConfigKeys$DataStream (ConfUtils.java:logGet(46)) - raft.netty.dataStream.server.worker-group.size = 0 (default)
2024-05-12 17:49:43,862 [main] INFO  netty.NettyUtils (NettyUtils.java:newEventLoopGroup(69)) - Create EpollEventLoopGroup for fa686303-1758-4bad-a86f-993efac5b9f9-NettyServerStreamRpc-workerGroup; Thread size is 0.
2024-05-12 17:49:43,863 [main] INFO  netty.NettyConfigKeys$DataStream (ConfUtils.java:logGet(46)) - raft.netty.dataStream.server.tls.conf = null (default)
2024-05-12 17:49:43,871 [main] INFO  netty.NettyConfigKeys$DataStream (ConfUtils.java:logGet(46)) - raft.netty.dataStream.host = null (default)
2024-05-12 17:49:43,871 [main] INFO  netty.NettyConfigKeys$DataStream (ConfUtils.java:logGet(46)) - raft.netty.dataStream.port = 15015 (custom)
2024-05-12 17:49:43,880 [main] INFO  server.RaftServerConfigKeys (ConfUtils.java:logGet(46)) - raft.server.sleep.deviation.threshold = 300ms (default)
2024-05-12 17:49:43,881 [main] INFO  server.RaftServerConfigKeys (ConfUtils.java:logGet(46)) - raft.server.close.threshold = 60s (default)
2024-05-12 17:49:43,882 [main] INFO  server.RaftServerConfigKeys (ConfUtils.java:logGet(46)) - raft.server.leaderelection.leader.step-down.wait-time = 10s (default)
2024-05-12 17:49:43,886 [main] INFO  server.RaftServerConfigKeys (ConfUtils.java:logGet(46)) - raft.server.storage.dir = [/home/runner/work/ozone/ozone/hadoop-ozone/integration-test/target/test-dir/MiniOzoneClusterImpl-d7aad628-a0b7-477d-aae9-77d4c10c22b9/ozone-meta/datanode-1/ratis] (custom)
2024-05-12 17:49:43,886 [main] INFO  server.RaftServerConfigKeys (ConfUtils.java:logGet(46)) - raft.server.threadpool.proxy.cached = true (default)
2024-05-12 17:49:43,886 [main] INFO  server.RaftServerConfigKeys (ConfUtils.java:logGet(46)) - raft.server.threadpool.proxy.size = 0 (default)
2024-05-12 17:49:43,892 [fa686303-1758-4bad-a86f-993efac5b9f9-NettyServerStreamRpc-bossGroup--thread1] INFO  logging.LoggingHandler (AbstractInternalLogger.java:log(148)) - [id: 0xb1683c3e] REGISTERED
2024-05-12 17:49:43,892 [fa686303-1758-4bad-a86f-993efac5b9f9-NettyServerStreamRpc-bossGroup--thread1] INFO  logging.LoggingHandler (AbstractInternalLogger.java:log(148)) - [id: 0xb1683c3e] BIND: 0.0.0.0/0.0.0.0:15015
2024-05-12 17:49:43,892 [fa686303-1758-4bad-a86f-993efac5b9f9-NettyServerStreamRpc-bossGroup--thread1] INFO  logging.LoggingHandler (AbstractInternalLogger.java:log(148)) - [id: 0xb1683c3e, L:/0.0.0.0:15015] ACTIVE
2024-05-12 17:49:43,893 [fa686303-1758-4bad-a86f-993efac5b9f9-impl-thread1] INFO  server.RaftServer (RaftServerProxy.java:initGroupDir(264)) - fa686303-1758-4bad-a86f-993efac5b9f9: found a subdirectory /home/runner/work/ozone/ozone/hadoop-ozone/integration-test/target/test-dir/MiniOzoneClusterImpl-d7aad628-a0b7-477d-aae9-77d4c10c22b9/ozone-meta/datanode-1/ratis/tmp
2024-05-12 17:49:43,893 [fa686303-1758-4bad-a86f-993efac5b9f9-impl-thread1] INFO  server.RaftServer (RaftServerProxy.java:initGroupDir(269)) - fa686303-1758-4bad-a86f-993efac5b9f9: The directory /home/runner/work/ozone/ozone/hadoop-ozone/integration-test/target/test-dir/MiniOzoneClusterImpl-d7aad628-a0b7-477d-aae9-77d4c10c22b9/ozone-meta/datanode-1/ratis/tmp is not a group directory; ignoring it. 
2024-05-12 17:49:43,896 [main] INFO  replication.ReplicationServer (ReplicationServer.java:<init>(86)) - Initializing replication server with thread count = 10 queue length = 4096
2024-05-12 17:49:43,921 [main] INFO  server.XceiverServerGrpc (XceiverServerGrpc.java:<init>(141)) - GrpcServer channel type EpollServerSocketChannel
2024-05-12 17:49:43,949 [main] INFO  replication.ReplicationSupervisor (ReplicationSupervisor.java:build(157)) - Initializing replication supervisor with thread count = 10
2024-05-12 17:49:43,950 [main] INFO  replication.ReplicationSupervisor (ReplicationSupervisor.java:nodeStateUpdated(312)) - Node state updated to IN_SERVICE, scaling executor pool size to 10
2024-05-12 17:49:44,005 [main] INFO  http.BaseHttpServer (BaseHttpServer.java:newHttpServer2BuilderForOzone(223)) - Starting Web-server for hddsDatanode at: http://0.0.0.0:15009
2024-05-12 17:49:44,006 [main] INFO  http.BaseHttpServer (BaseHttpServer.java:<init>(110)) - Hadoop Security Enabled: false Ozone Security Enabled: false Ozone HTTP Security Enabled: false 
2024-05-12 17:49:44,008 [main] WARN  server.AuthenticationFilter (AuthenticationFilter.java:constructSecretProvider(240)) - Unable to initialize FileSignerSecretProvider, falling back to use random secrets. Reason: Could not read signature secret file: /home/runner/hadoop-http-auth-signature-secret
2024-05-12 17:49:44,009 [main] INFO  http.HttpRequestLog (HttpRequestLog.java:getRequestLog(86)) - Http request log for http.requests.hddsDatanode is not defined
2024-05-12 17:49:44,013 [main] INFO  http.HttpServer2 (HttpServer2.java:addGlobalFilter(1036)) - Added global filter 'safety' (class=org.apache.hadoop.hdds.server.http.HttpServer2$QuotingInputFilter)
2024-05-12 17:49:44,014 [main] INFO  http.HttpServer2 (HttpServer2.java:addFilter(1012)) - Added filter static_user_filter (class=org.apache.hadoop.http.lib.StaticUserWebFilter$StaticUserFilter) to context hddsDatanode
2024-05-12 17:49:44,014 [main] INFO  http.HttpServer2 (HttpServer2.java:addFilter(1020)) - Added filter static_user_filter (class=org.apache.hadoop.http.lib.StaticUserWebFilter$StaticUserFilter) to context logs
2024-05-12 17:49:44,014 [main] INFO  http.HttpServer2 (HttpServer2.java:addFilter(1020)) - Added filter static_user_filter (class=org.apache.hadoop.http.lib.StaticUserWebFilter$StaticUserFilter) to context static
2024-05-12 17:49:44,017 [main] INFO  http.BaseHttpServer (BaseHttpServer.java:<init>(189)) - HTTP server of hddsDatanode uses base directory /home/runner/work/ozone/ozone/hadoop-ozone/integration-test/target/test-dir/MiniOzoneClusterImpl-d7aad628-a0b7-477d-aae9-77d4c10c22b9/ozone-meta/datanode-1/meta/webserver
2024-05-12 17:49:44,017 [main] INFO  http.HttpServer2 (HttpServer2.java:bindListener(1236)) - Jetty bound to port 15009
2024-05-12 17:49:44,017 [main] INFO  server.Server (Server.java:doStart(375)) - jetty-9.4.54.v20240208; built: 2024-02-08T19:42:39.027Z; git: cef3fbd6d736a21e7d541a5db490381d95a2047d; jvm 17.0.10+7
2024-05-12 17:49:44,033 [main] INFO  server.session (DefaultSessionIdManager.java:doStart(334)) - DefaultSessionIdManager workerName=node0
2024-05-12 17:49:44,033 [main] INFO  server.session (DefaultSessionIdManager.java:doStart(339)) - No SessionScavenger set, using defaults
2024-05-12 17:49:44,033 [main] INFO  server.session (HouseKeeper.java:startScavenging(132)) - node0 Scavenging every 600000ms
2024-05-12 17:49:44,034 [main] INFO  handler.ContextHandler (ContextHandler.java:doStart(921)) - Started o.e.j.s.ServletContextHandler@32d3bc83{logs,/logs,file:///home/runner/work/ozone/ozone/hadoop-ozone/integration-test/target/log,AVAILABLE}
2024-05-12 17:49:44,034 [main] INFO  handler.ContextHandler (ContextHandler.java:doStart(921)) - Started o.e.j.s.ServletContextHandler@70b9cdcc{static,/static,file:///home/runner/work/ozone/ozone/hadoop-hdds/container-service/target/classes/webapps/static,AVAILABLE}
2024-05-12 17:49:44,042 [main] INFO  handler.ContextHandler (ContextHandler.java:doStart(921)) - Started o.e.j.w.WebAppContext@662b17b3{hddsDatanode,/,file:///home/runner/work/ozone/ozone/hadoop-hdds/container-service/target/classes/webapps/hddsDatanode/,AVAILABLE}{file:/home/runner/work/ozone/ozone/hadoop-hdds/container-service/target/classes/webapps/hddsDatanode}
2024-05-12 17:49:44,043 [main] INFO  server.AbstractConnector (AbstractConnector.java:doStart(333)) - Started ServerConnector@735b2605{HTTP/1.1, (http/1.1)}{0.0.0.0:15009}
2024-05-12 17:49:44,043 [main] INFO  server.Server (Server.java:doStart(415)) - Started @6692ms
2024-05-12 17:49:44,043 [main] WARN  impl.MetricsSystemImpl (MetricsSystemImpl.java:register(279)) - Sink prometheus already exists!
2024-05-12 17:49:44,044 [main] INFO  http.BaseHttpServer (BaseHttpServer.java:updateConnectorAddress(354)) - HTTP server of hddsDatanode listening at http://0.0.0.0:15009
2024-05-12 17:49:44,047 [main] INFO  ipc.CallQueueManager (CallQueueManager.java:<init>(90)) - Using callQueue: class java.util.concurrent.LinkedBlockingQueue, queueCapacity: 100, scheduler: class org.apache.hadoop.ipc.DefaultRpcScheduler, ipcBackoff: false.
2024-05-12 17:49:44,048 [main] INFO  ipc.Server (Server.java:<init>(1287)) - Listener at 0.0.0.0:15010
2024-05-12 17:49:44,048 [Socket Reader #1 for port 15010] INFO  ipc.Server (Server.java:run(1323)) - Starting Socket Reader #1 for port 15010
2024-05-12 17:49:44,054 [main] INFO  ozone.HddsDatanodeService (HddsDatanodeService.java:start(327)) - Datanode start with admins: [runner]
2024-05-12 17:49:44,054 [main] INFO  ozone.HddsDatanodeClientProtocolServer (HddsDatanodeClientProtocolServer.java:start(77)) - RPC server for Client /0.0.0.0:15010
2024-05-12 17:49:44,054 [IPC Server Responder] INFO  ipc.Server (Server.java:run(1562)) - IPC Server Responder: starting
2024-05-12 17:49:44,058 [IPC Server listener on 15010] INFO  ipc.Server (Server.java:run(1402)) - IPC Server listener on 15010: starting
2024-05-12 17:49:44,063 [fa686303-1758-4bad-a86f-993efac5b9f9-DatanodeStateMachineDaemonThread] INFO  statemachine.DatanodeStateMachine (DatanodeStateMachine.java:lambda$startDaemon$1(555)) - Ozone container server started.
2024-05-12 17:49:44,064 [main] WARN  dropwizard3.Dm3MetricRegistriesImpl (Dm3MetricRegistriesImpl.java:addReporterRegistration(113)) - New reporters are added after registries were created. Some metrics will be missing from the reporter. Please add reporter before adding any new registry.
2024-05-12 17:49:44,065 [main] WARN  dropwizard3.Dm3MetricRegistriesImpl (Dm3MetricRegistriesImpl.java:addReporterRegistration(113)) - New reporters are added after registries were created. Some metrics will be missing from the reporter. Please add reporter before adding any new registry.
2024-05-12 17:49:44,065 [main] INFO  impl.MetricsSystemImpl (MetricsSystemImpl.java:init(158)) - HddsDatanode metrics system started (again)
2024-05-12 17:49:44,081 [main] INFO  ozone.HddsDatanodeService (HddsDatanodeService.java:start(240)) - HddsDatanodeService host:fv-az1151-419.kvfmkfhqcd1elnt153szgygjng.cx.internal.cloudapp.net ip:10.1.0.100
2024-05-12 17:49:44,114 [main] INFO  upgrade.AbstractLayoutVersionManager (AbstractLayoutVersionManager.java:init(83)) - Initializing Layout version manager with metadata layout = HADOOP_PRC_PORTS_IN_DATANODEDETAILS (version = 7), software layout = HADOOP_PRC_PORTS_IN_DATANODEDETAILS (version = 7)
2024-05-12 17:49:44,115 [main] INFO  statemachine.DatanodeStateMachine (DatanodeStateMachine.java:getEndPointTaskThreadPoolSize(299)) - Datanode State Machine Task Thread Pool size 2
2024-05-12 17:49:44,119 [main] INFO  volume.HddsVolume (HddsVolume.java:<init>(126)) - Creating HddsVolume: /home/runner/work/ozone/ozone/hadoop-ozone/integration-test/target/test-dir/MiniOzoneClusterImpl-d7aad628-a0b7-477d-aae9-77d4c10c22b9/ozone-meta/datanode-2/data-0/hdds of storage type : DISK capacity : 9222449699674390527
2024-05-12 17:49:44,119 [main] INFO  volume.MutableVolumeSet (MutableVolumeSet.java:initializeVolumeSet(173)) - Added Volume : /home/runner/work/ozone/ozone/hadoop-ozone/integration-test/target/test-dir/MiniOzoneClusterImpl-d7aad628-a0b7-477d-aae9-77d4c10c22b9/ozone-meta/datanode-2/data-0/hdds to VolumeSet
2024-05-12 17:49:44,121 [main] INFO  volume.MutableVolumeSet (MutableVolumeSet.java:initializeVolumeSet(173)) - Added Volume : /home/runner/work/ozone/ozone/hadoop-ozone/integration-test/target/test-dir/MiniOzoneClusterImpl-d7aad628-a0b7-477d-aae9-77d4c10c22b9/ozone-meta/datanode-2/ratis to VolumeSet
2024-05-12 17:49:44,121 [main] INFO  ozoneimpl.OzoneContainer (HddsVolumeUtil.java:loadAllHddsVolumeDbStore(103)) - Load 1 volumes DbStore cost: 0ms
2024-05-12 17:49:44,126 [main] INFO  server.RaftServer (ConfUtils.java:logGet(46)) - raft.rpc.type = GRPC (default)
2024-05-12 17:49:44,126 [main] INFO  grpc.GrpcConfigKeys (ConfUtils.java:logFallback(53)) - raft.grpc.admin.host = null (fallback to raft.grpc.server.host)
2024-05-12 17:49:44,126 [main] INFO  grpc.GrpcConfigKeys (ConfUtils.java:logGet(46)) - raft.grpc.admin.port = 15022 (custom)
2024-05-12 17:49:44,126 [main] INFO  grpc.GrpcConfigKeys (ConfUtils.java:logFallback(53)) - raft.grpc.client.host = null (fallback to raft.grpc.server.host)
2024-05-12 17:49:44,127 [main] INFO  grpc.GrpcConfigKeys (ConfUtils.java:logGet(46)) - raft.grpc.client.port = 15021 (custom)
2024-05-12 17:49:44,127 [main] INFO  grpc.GrpcConfigKeys (ConfUtils.java:logGet(46)) - raft.grpc.server.host = null (default)
2024-05-12 17:49:44,127 [main] INFO  grpc.GrpcConfigKeys (ConfUtils.java:logGet(46)) - raft.grpc.server.port = 15023 (custom)
2024-05-12 17:49:44,127 [main] INFO  server.GrpcService (ConfUtils.java:logGet(46)) - raft.grpc.message.size.max = 32MB (=33554432) (custom)
2024-05-12 17:49:44,127 [main] INFO  server.RaftServerConfigKeys (ConfUtils.java:logGet(46)) - raft.server.log.appender.buffer.byte-limit = 8388608 (custom)
2024-05-12 17:49:44,127 [main] INFO  server.GrpcService (ConfUtils.java:logGet(46)) - raft.grpc.flow.control.window = 5MB (=5242880) (custom)
2024-05-12 17:49:44,127 [main] INFO  server.RaftServerConfigKeys (ConfUtils.java:logGet(46)) - raft.server.rpc.request.timeout = 60s (custom)
2024-05-12 17:49:44,127 [main] INFO  grpc.GrpcConfigKeys (ConfUtils.java:logGet(46)) - raft.grpc.server.heartbeat.channel = true (default)
2024-05-12 17:49:44,128 [main] INFO  grpc.GrpcConfigKeys (ConfUtils.java:logGet(46)) - raft.grpc.server.async.request.thread.pool.cached = true (default)
2024-05-12 17:49:44,128 [main] INFO  grpc.GrpcConfigKeys (ConfUtils.java:logGet(46)) - raft.grpc.server.async.request.thread.pool.size = 32 (default)
2024-05-12 17:49:44,130 [main] INFO  impl.DataStreamServerImpl (ConfUtils.java:logGet(46)) - raft.datastream.type = NETTY (custom)
2024-05-12 17:49:44,131 [main] INFO  server.RaftServerConfigKeys (ConfUtils.java:logGet(46)) - raft.server.data-stream.async.request.thread.pool.cached = false (default)
2024-05-12 17:49:44,131 [main] INFO  server.RaftServerConfigKeys (ConfUtils.java:logGet(46)) - raft.server.data-stream.async.request.thread.pool.size = 20 (custom)
2024-05-12 17:49:44,131 [main] INFO  server.RaftServerConfigKeys (ConfUtils.java:logGet(46)) - raft.server.data-stream.async.write.thread.pool.size = 16 (default)
2024-05-12 17:49:44,131 [main] INFO  netty.NettyConfigKeys$DataStream (ConfUtils.java:logGet(46)) - raft.netty.dataStream.server.channel.inactive.grace-period = 10min (default)
2024-05-12 17:49:44,131 [main] INFO  server.RaftServerConfigKeys (ConfUtils.java:logGet(46)) - raft.server.data-stream.client.pool.size = 10 (default)
2024-05-12 17:49:44,131 [main] INFO  netty.NettyConfigKeys$DataStream (ConfUtils.java:logGet(46)) - raft.netty.dataStream.server.use-epoll = true (default)
2024-05-12 17:49:44,132 [main] INFO  netty.NettyConfigKeys$DataStream (ConfUtils.java:logGet(46)) - raft.netty.dataStream.server.boss-group.size = 0 (default)
2024-05-12 17:49:44,132 [main] INFO  netty.NettyUtils (NettyUtils.java:newEventLoopGroup(69)) - Create EpollEventLoopGroup for 8dd0fa20-24c1-416b-8738-a4d7cf43ad35-NettyServerStreamRpc-bossGroup; Thread size is 0.
2024-05-12 17:49:44,152 [main] INFO  netty.NettyConfigKeys$DataStream (ConfUtils.java:logGet(46)) - raft.netty.dataStream.server.worker-group.size = 0 (default)
2024-05-12 17:49:44,152 [main] INFO  netty.NettyUtils (NettyUtils.java:newEventLoopGroup(69)) - Create EpollEventLoopGroup for 8dd0fa20-24c1-416b-8738-a4d7cf43ad35-NettyServerStreamRpc-workerGroup; Thread size is 0.
2024-05-12 17:49:44,152 [main] INFO  netty.NettyConfigKeys$DataStream (ConfUtils.java:logGet(46)) - raft.netty.dataStream.server.tls.conf = null (default)
2024-05-12 17:49:44,153 [main] INFO  netty.NettyConfigKeys$DataStream (ConfUtils.java:logGet(46)) - raft.netty.dataStream.host = null (default)
2024-05-12 17:49:44,153 [main] INFO  netty.NettyConfigKeys$DataStream (ConfUtils.java:logGet(46)) - raft.netty.dataStream.port = 15024 (custom)
2024-05-12 17:49:44,153 [main] INFO  server.RaftServerConfigKeys (ConfUtils.java:logGet(46)) - raft.server.sleep.deviation.threshold = 300ms (default)
2024-05-12 17:49:44,153 [main] INFO  server.RaftServerConfigKeys (ConfUtils.java:logGet(46)) - raft.server.close.threshold = 60s (default)
2024-05-12 17:49:44,154 [main] INFO  server.RaftServerConfigKeys (ConfUtils.java:logGet(46)) - raft.server.leaderelection.leader.step-down.wait-time = 10s (default)
2024-05-12 17:49:44,154 [main] INFO  server.RaftServerConfigKeys (ConfUtils.java:logGet(46)) - raft.server.storage.dir = [/home/runner/work/ozone/ozone/hadoop-ozone/integration-test/target/test-dir/MiniOzoneClusterImpl-d7aad628-a0b7-477d-aae9-77d4c10c22b9/ozone-meta/datanode-2/ratis] (custom)
2024-05-12 17:49:44,154 [main] INFO  server.RaftServerConfigKeys (ConfUtils.java:logGet(46)) - raft.server.threadpool.proxy.cached = true (default)
2024-05-12 17:49:44,154 [main] INFO  server.RaftServerConfigKeys (ConfUtils.java:logGet(46)) - raft.server.threadpool.proxy.size = 0 (default)
2024-05-12 17:49:44,157 [8dd0fa20-24c1-416b-8738-a4d7cf43ad35-NettyServerStreamRpc-bossGroup--thread1] INFO  logging.LoggingHandler (AbstractInternalLogger.java:log(148)) - [id: 0x504baa2a] REGISTERED
2024-05-12 17:49:44,158 [8dd0fa20-24c1-416b-8738-a4d7cf43ad35-NettyServerStreamRpc-bossGroup--thread1] INFO  logging.LoggingHandler (AbstractInternalLogger.java:log(148)) - [id: 0x504baa2a] BIND: 0.0.0.0/0.0.0.0:15024
2024-05-12 17:49:44,158 [8dd0fa20-24c1-416b-8738-a4d7cf43ad35-NettyServerStreamRpc-bossGroup--thread1] INFO  logging.LoggingHandler (AbstractInternalLogger.java:log(148)) - [id: 0x504baa2a, L:/0.0.0.0:15024] ACTIVE
2024-05-12 17:49:44,157 [8dd0fa20-24c1-416b-8738-a4d7cf43ad35-impl-thread1] INFO  server.RaftServer (RaftServerProxy.java:initGroupDir(264)) - 8dd0fa20-24c1-416b-8738-a4d7cf43ad35: found a subdirectory /home/runner/work/ozone/ozone/hadoop-ozone/integration-test/target/test-dir/MiniOzoneClusterImpl-d7aad628-a0b7-477d-aae9-77d4c10c22b9/ozone-meta/datanode-2/ratis/tmp
2024-05-12 17:49:44,161 [8dd0fa20-24c1-416b-8738-a4d7cf43ad35-impl-thread1] INFO  server.RaftServer (RaftServerProxy.java:initGroupDir(269)) - 8dd0fa20-24c1-416b-8738-a4d7cf43ad35: The directory /home/runner/work/ozone/ozone/hadoop-ozone/integration-test/target/test-dir/MiniOzoneClusterImpl-d7aad628-a0b7-477d-aae9-77d4c10c22b9/ozone-meta/datanode-2/ratis/tmp is not a group directory; ignoring it. 
2024-05-12 17:49:44,162 [main] INFO  replication.ReplicationServer (ReplicationServer.java:<init>(86)) - Initializing replication server with thread count = 10 queue length = 4096
2024-05-12 17:49:44,164 [main] INFO  server.XceiverServerGrpc (XceiverServerGrpc.java:<init>(141)) - GrpcServer channel type EpollServerSocketChannel
2024-05-12 17:49:44,167 [main] INFO  replication.ReplicationSupervisor (ReplicationSupervisor.java:build(157)) - Initializing replication supervisor with thread count = 10
2024-05-12 17:49:44,168 [main] INFO  replication.ReplicationSupervisor (ReplicationSupervisor.java:nodeStateUpdated(312)) - Node state updated to IN_SERVICE, scaling executor pool size to 10
2024-05-12 17:49:44,174 [main] INFO  http.BaseHttpServer (BaseHttpServer.java:newHttpServer2BuilderForOzone(223)) - Starting Web-server for hddsDatanode at: http://0.0.0.0:15018
2024-05-12 17:49:44,174 [main] INFO  http.BaseHttpServer (BaseHttpServer.java:<init>(110)) - Hadoop Security Enabled: false Ozone Security Enabled: false Ozone HTTP Security Enabled: false 
2024-05-12 17:49:44,176 [main] WARN  server.AuthenticationFilter (AuthenticationFilter.java:constructSecretProvider(240)) - Unable to initialize FileSignerSecretProvider, falling back to use random secrets. Reason: Could not read signature secret file: /home/runner/hadoop-http-auth-signature-secret
2024-05-12 17:49:44,176 [main] INFO  http.HttpRequestLog (HttpRequestLog.java:getRequestLog(86)) - Http request log for http.requests.hddsDatanode is not defined
2024-05-12 17:49:44,178 [main] INFO  http.HttpServer2 (HttpServer2.java:addGlobalFilter(1036)) - Added global filter 'safety' (class=org.apache.hadoop.hdds.server.http.HttpServer2$QuotingInputFilter)
2024-05-12 17:49:44,179 [main] INFO  http.HttpServer2 (HttpServer2.java:addFilter(1012)) - Added filter static_user_filter (class=org.apache.hadoop.http.lib.StaticUserWebFilter$StaticUserFilter) to context hddsDatanode
2024-05-12 17:49:44,179 [main] INFO  http.HttpServer2 (HttpServer2.java:addFilter(1020)) - Added filter static_user_filter (class=org.apache.hadoop.http.lib.StaticUserWebFilter$StaticUserFilter) to context logs
2024-05-12 17:49:44,179 [main] INFO  http.HttpServer2 (HttpServer2.java:addFilter(1020)) - Added filter static_user_filter (class=org.apache.hadoop.http.lib.StaticUserWebFilter$StaticUserFilter) to context static
2024-05-12 17:49:44,180 [main] INFO  http.BaseHttpServer (BaseHttpServer.java:<init>(189)) - HTTP server of hddsDatanode uses base directory /home/runner/work/ozone/ozone/hadoop-ozone/integration-test/target/test-dir/MiniOzoneClusterImpl-d7aad628-a0b7-477d-aae9-77d4c10c22b9/ozone-meta/datanode-2/meta/webserver
2024-05-12 17:49:44,180 [main] INFO  http.HttpServer2 (HttpServer2.java:bindListener(1236)) - Jetty bound to port 15018
2024-05-12 17:49:44,180 [main] INFO  server.Server (Server.java:doStart(375)) - jetty-9.4.54.v20240208; built: 2024-02-08T19:42:39.027Z; git: cef3fbd6d736a21e7d541a5db490381d95a2047d; jvm 17.0.10+7
2024-05-12 17:49:44,181 [fa686303-1758-4bad-a86f-993efac5b9f9-DatanodeStateMachineTaskThread-0] INFO  datanode.InitDatanodeState (InitDatanodeState.java:persistContainerDatanodeDetails(139)) - DatanodeDetails is persisted to /home/runner/work/ozone/ozone/hadoop-ozone/integration-test/target/test-dir/MiniOzoneClusterImpl-d7aad628-a0b7-477d-aae9-77d4c10c22b9/ozone-meta/datanode-1/meta/datanode.id
2024-05-12 17:49:44,186 [main] INFO  server.session (DefaultSessionIdManager.java:doStart(334)) - DefaultSessionIdManager workerName=node0
2024-05-12 17:49:44,186 [main] INFO  server.session (DefaultSessionIdManager.java:doStart(339)) - No SessionScavenger set, using defaults
2024-05-12 17:49:44,186 [main] INFO  server.session (HouseKeeper.java:startScavenging(132)) - node0 Scavenging every 660000ms
2024-05-12 17:49:44,187 [main] INFO  handler.ContextHandler (ContextHandler.java:doStart(921)) - Started o.e.j.s.ServletContextHandler@4bc2cb11{logs,/logs,file:///home/runner/work/ozone/ozone/hadoop-ozone/integration-test/target/log,AVAILABLE}
2024-05-12 17:49:44,188 [main] INFO  handler.ContextHandler (ContextHandler.java:doStart(921)) - Started o.e.j.s.ServletContextHandler@5aa16232{static,/static,file:///home/runner/work/ozone/ozone/hadoop-hdds/container-service/target/classes/webapps/static,AVAILABLE}
2024-05-12 17:49:44,195 [main] INFO  handler.ContextHandler (ContextHandler.java:doStart(921)) - Started o.e.j.w.WebAppContext@20ecbeda{hddsDatanode,/,file:///home/runner/work/ozone/ozone/hadoop-hdds/container-service/target/classes/webapps/hddsDatanode/,AVAILABLE}{file:/home/runner/work/ozone/ozone/hadoop-hdds/container-service/target/classes/webapps/hddsDatanode}
2024-05-12 17:49:44,196 [main] INFO  server.AbstractConnector (AbstractConnector.java:doStart(333)) - Started ServerConnector@5de4f44e{HTTP/1.1, (http/1.1)}{0.0.0.0:15018}
2024-05-12 17:49:44,196 [main] INFO  server.Server (Server.java:doStart(415)) - Started @6845ms
2024-05-12 17:49:44,197 [main] WARN  impl.MetricsSystemImpl (MetricsSystemImpl.java:register(279)) - Sink prometheus already exists!
2024-05-12 17:49:44,197 [main] INFO  http.BaseHttpServer (BaseHttpServer.java:updateConnectorAddress(354)) - HTTP server of hddsDatanode listening at http://0.0.0.0:15018
2024-05-12 17:49:44,198 [main] INFO  ipc.CallQueueManager (CallQueueManager.java:<init>(90)) - Using callQueue: class java.util.concurrent.LinkedBlockingQueue, queueCapacity: 100, scheduler: class org.apache.hadoop.ipc.DefaultRpcScheduler, ipcBackoff: false.
2024-05-12 17:49:44,198 [main] INFO  ipc.Server (Server.java:<init>(1287)) - Listener at 0.0.0.0:15019
2024-05-12 17:49:44,199 [Socket Reader #1 for port 15019] INFO  ipc.Server (Server.java:run(1323)) - Starting Socket Reader #1 for port 15019
2024-05-12 17:49:44,201 [main] INFO  ozone.HddsDatanodeService (HddsDatanodeService.java:start(327)) - Datanode start with admins: [runner]
2024-05-12 17:49:44,202 [main] INFO  ozone.HddsDatanodeClientProtocolServer (HddsDatanodeClientProtocolServer.java:start(77)) - RPC server for Client /0.0.0.0:15019
2024-05-12 17:49:44,202 [IPC Server Responder] INFO  ipc.Server (Server.java:run(1562)) - IPC Server Responder: starting
2024-05-12 17:49:44,202 [IPC Server listener on 15019] INFO  ipc.Server (Server.java:run(1402)) - IPC Server listener on 15019: starting
2024-05-12 17:49:44,202 [8dd0fa20-24c1-416b-8738-a4d7cf43ad35-DatanodeStateMachineDaemonThread] INFO  statemachine.DatanodeStateMachine (DatanodeStateMachine.java:lambda$startDaemon$1(555)) - Ozone container server started.
2024-05-12 17:49:44,202 [main] WARN  dropwizard3.Dm3MetricRegistriesImpl (Dm3MetricRegistriesImpl.java:addReporterRegistration(113)) - New reporters are added after registries were created. Some metrics will be missing from the reporter. Please add reporter before adding any new registry.
2024-05-12 17:49:44,203 [main] WARN  dropwizard3.Dm3MetricRegistriesImpl (Dm3MetricRegistriesImpl.java:addReporterRegistration(113)) - New reporters are added after registries were created. Some metrics will be missing from the reporter. Please add reporter before adding any new registry.
2024-05-12 17:49:44,203 [main] INFO  impl.MetricsSystemImpl (MetricsSystemImpl.java:init(158)) - HddsDatanode metrics system started (again)
2024-05-12 17:49:44,214 [main] INFO  ozone.HddsDatanodeService (HddsDatanodeService.java:start(240)) - HddsDatanodeService host:fv-az1151-419.kvfmkfhqcd1elnt153szgygjng.cx.internal.cloudapp.net ip:10.1.0.100
2024-05-12 17:49:44,216 [8dd0fa20-24c1-416b-8738-a4d7cf43ad35-DatanodeStateMachineTaskThread-0] INFO  datanode.InitDatanodeState (InitDatanodeState.java:persistContainerDatanodeDetails(139)) - DatanodeDetails is persisted to /home/runner/work/ozone/ozone/hadoop-ozone/integration-test/target/test-dir/MiniOzoneClusterImpl-d7aad628-a0b7-477d-aae9-77d4c10c22b9/ozone-meta/datanode-2/meta/datanode.id
2024-05-12 17:49:44,246 [main] INFO  upgrade.AbstractLayoutVersionManager (AbstractLayoutVersionManager.java:init(83)) - Initializing Layout version manager with metadata layout = HADOOP_PRC_PORTS_IN_DATANODEDETAILS (version = 7), software layout = HADOOP_PRC_PORTS_IN_DATANODEDETAILS (version = 7)
2024-05-12 17:49:44,248 [main] INFO  statemachine.DatanodeStateMachine (DatanodeStateMachine.java:getEndPointTaskThreadPoolSize(299)) - Datanode State Machine Task Thread Pool size 2
2024-05-12 17:49:44,252 [main] INFO  volume.HddsVolume (HddsVolume.java:<init>(126)) - Creating HddsVolume: /home/runner/work/ozone/ozone/hadoop-ozone/integration-test/target/test-dir/MiniOzoneClusterImpl-d7aad628-a0b7-477d-aae9-77d4c10c22b9/ozone-meta/datanode-3/data-0/hdds of storage type : DISK capacity : 9222449699674390527
2024-05-12 17:49:44,253 [main] INFO  volume.MutableVolumeSet (MutableVolumeSet.java:initializeVolumeSet(173)) - Added Volume : /home/runner/work/ozone/ozone/hadoop-ozone/integration-test/target/test-dir/MiniOzoneClusterImpl-d7aad628-a0b7-477d-aae9-77d4c10c22b9/ozone-meta/datanode-3/data-0/hdds to VolumeSet
2024-05-12 17:49:44,254 [main] INFO  volume.MutableVolumeSet (MutableVolumeSet.java:initializeVolumeSet(173)) - Added Volume : /home/runner/work/ozone/ozone/hadoop-ozone/integration-test/target/test-dir/MiniOzoneClusterImpl-d7aad628-a0b7-477d-aae9-77d4c10c22b9/ozone-meta/datanode-3/ratis to VolumeSet
2024-05-12 17:49:44,255 [main] INFO  ozoneimpl.OzoneContainer (HddsVolumeUtil.java:loadAllHddsVolumeDbStore(103)) - Load 1 volumes DbStore cost: 0ms
2024-05-12 17:49:44,259 [main] INFO  server.RaftServer (ConfUtils.java:logGet(46)) - raft.rpc.type = GRPC (default)
2024-05-12 17:49:44,259 [main] INFO  grpc.GrpcConfigKeys (ConfUtils.java:logFallback(53)) - raft.grpc.admin.host = null (fallback to raft.grpc.server.host)
2024-05-12 17:49:44,259 [main] INFO  grpc.GrpcConfigKeys (ConfUtils.java:logGet(46)) - raft.grpc.admin.port = 15031 (custom)
2024-05-12 17:49:44,259 [main] INFO  grpc.GrpcConfigKeys (ConfUtils.java:logFallback(53)) - raft.grpc.client.host = null (fallback to raft.grpc.server.host)
2024-05-12 17:49:44,260 [main] INFO  grpc.GrpcConfigKeys (ConfUtils.java:logGet(46)) - raft.grpc.client.port = 15030 (custom)
2024-05-12 17:49:44,260 [main] INFO  grpc.GrpcConfigKeys (ConfUtils.java:logGet(46)) - raft.grpc.server.host = null (default)
2024-05-12 17:49:44,260 [main] INFO  grpc.GrpcConfigKeys (ConfUtils.java:logGet(46)) - raft.grpc.server.port = 15032 (custom)
2024-05-12 17:49:44,260 [main] INFO  server.GrpcService (ConfUtils.java:logGet(46)) - raft.grpc.message.size.max = 32MB (=33554432) (custom)
2024-05-12 17:49:44,260 [main] INFO  server.RaftServerConfigKeys (ConfUtils.java:logGet(46)) - raft.server.log.appender.buffer.byte-limit = 8388608 (custom)
2024-05-12 17:49:44,261 [main] INFO  server.GrpcService (ConfUtils.java:logGet(46)) - raft.grpc.flow.control.window = 5MB (=5242880) (custom)
2024-05-12 17:49:44,261 [main] INFO  server.RaftServerConfigKeys (ConfUtils.java:logGet(46)) - raft.server.rpc.request.timeout = 60s (custom)
2024-05-12 17:49:44,261 [main] INFO  grpc.GrpcConfigKeys (ConfUtils.java:logGet(46)) - raft.grpc.server.heartbeat.channel = true (default)
2024-05-12 17:49:44,261 [main] INFO  grpc.GrpcConfigKeys (ConfUtils.java:logGet(46)) - raft.grpc.server.async.request.thread.pool.cached = true (default)
2024-05-12 17:49:44,261 [main] INFO  grpc.GrpcConfigKeys (ConfUtils.java:logGet(46)) - raft.grpc.server.async.request.thread.pool.size = 32 (default)
2024-05-12 17:49:44,263 [main] INFO  impl.DataStreamServerImpl (ConfUtils.java:logGet(46)) - raft.datastream.type = NETTY (custom)
2024-05-12 17:49:44,264 [main] INFO  server.RaftServerConfigKeys (ConfUtils.java:logGet(46)) - raft.server.data-stream.async.request.thread.pool.cached = false (default)
2024-05-12 17:49:44,265 [main] INFO  server.RaftServerConfigKeys (ConfUtils.java:logGet(46)) - raft.server.data-stream.async.request.thread.pool.size = 20 (custom)
2024-05-12 17:49:44,265 [main] INFO  server.RaftServerConfigKeys (ConfUtils.java:logGet(46)) - raft.server.data-stream.async.write.thread.pool.size = 16 (default)
2024-05-12 17:49:44,265 [main] INFO  netty.NettyConfigKeys$DataStream (ConfUtils.java:logGet(46)) - raft.netty.dataStream.server.channel.inactive.grace-period = 10min (default)
2024-05-12 17:49:44,265 [main] INFO  server.RaftServerConfigKeys (ConfUtils.java:logGet(46)) - raft.server.data-stream.client.pool.size = 10 (default)
2024-05-12 17:49:44,265 [main] INFO  netty.NettyConfigKeys$DataStream (ConfUtils.java:logGet(46)) - raft.netty.dataStream.server.use-epoll = true (default)
2024-05-12 17:49:44,266 [main] INFO  netty.NettyConfigKeys$DataStream (ConfUtils.java:logGet(46)) - raft.netty.dataStream.server.boss-group.size = 0 (default)
2024-05-12 17:49:44,266 [main] INFO  netty.NettyUtils (NettyUtils.java:newEventLoopGroup(69)) - Create EpollEventLoopGroup for 89940199-bd88-4638-b386-d8d3bdf20d7b-NettyServerStreamRpc-bossGroup; Thread size is 0.
2024-05-12 17:49:44,266 [main] INFO  netty.NettyConfigKeys$DataStream (ConfUtils.java:logGet(46)) - raft.netty.dataStream.server.worker-group.size = 0 (default)
2024-05-12 17:49:44,266 [main] INFO  netty.NettyUtils (NettyUtils.java:newEventLoopGroup(69)) - Create EpollEventLoopGroup for 89940199-bd88-4638-b386-d8d3bdf20d7b-NettyServerStreamRpc-workerGroup; Thread size is 0.
2024-05-12 17:49:44,267 [main] INFO  netty.NettyConfigKeys$DataStream (ConfUtils.java:logGet(46)) - raft.netty.dataStream.server.tls.conf = null (default)
2024-05-12 17:49:44,268 [main] INFO  netty.NettyConfigKeys$DataStream (ConfUtils.java:logGet(46)) - raft.netty.dataStream.host = null (default)
2024-05-12 17:49:44,268 [main] INFO  netty.NettyConfigKeys$DataStream (ConfUtils.java:logGet(46)) - raft.netty.dataStream.port = 15033 (custom)
2024-05-12 17:49:44,268 [main] INFO  server.RaftServerConfigKeys (ConfUtils.java:logGet(46)) - raft.server.sleep.deviation.threshold = 300ms (default)
2024-05-12 17:49:44,269 [main] INFO  server.RaftServerConfigKeys (ConfUtils.java:logGet(46)) - raft.server.close.threshold = 60s (default)
2024-05-12 17:49:44,269 [main] INFO  server.RaftServerConfigKeys (ConfUtils.java:logGet(46)) - raft.server.leaderelection.leader.step-down.wait-time = 10s (default)
2024-05-12 17:49:44,269 [main] INFO  server.RaftServerConfigKeys (ConfUtils.java:logGet(46)) - raft.server.storage.dir = [/home/runner/work/ozone/ozone/hadoop-ozone/integration-test/target/test-dir/MiniOzoneClusterImpl-d7aad628-a0b7-477d-aae9-77d4c10c22b9/ozone-meta/datanode-3/ratis] (custom)
2024-05-12 17:49:44,269 [main] INFO  server.RaftServerConfigKeys (ConfUtils.java:logGet(46)) - raft.server.threadpool.proxy.cached = true (default)
2024-05-12 17:49:44,269 [main] INFO  server.RaftServerConfigKeys (ConfUtils.java:logGet(46)) - raft.server.threadpool.proxy.size = 0 (default)
2024-05-12 17:49:44,270 [89940199-bd88-4638-b386-d8d3bdf20d7b-NettyServerStreamRpc-bossGroup--thread1] INFO  logging.LoggingHandler (AbstractInternalLogger.java:log(148)) - [id: 0xd276c3dd] REGISTERED
2024-05-12 17:49:44,270 [89940199-bd88-4638-b386-d8d3bdf20d7b-NettyServerStreamRpc-bossGroup--thread1] INFO  logging.LoggingHandler (AbstractInternalLogger.java:log(148)) - [id: 0xd276c3dd] BIND: 0.0.0.0/0.0.0.0:15033
2024-05-12 17:49:44,271 [89940199-bd88-4638-b386-d8d3bdf20d7b-NettyServerStreamRpc-bossGroup--thread1] INFO  logging.LoggingHandler (AbstractInternalLogger.java:log(148)) - [id: 0xd276c3dd, L:/0.0.0.0:15033] ACTIVE
2024-05-12 17:49:44,274 [89940199-bd88-4638-b386-d8d3bdf20d7b-impl-thread1] INFO  server.RaftServer (RaftServerProxy.java:initGroupDir(264)) - 89940199-bd88-4638-b386-d8d3bdf20d7b: found a subdirectory /home/runner/work/ozone/ozone/hadoop-ozone/integration-test/target/test-dir/MiniOzoneClusterImpl-d7aad628-a0b7-477d-aae9-77d4c10c22b9/ozone-meta/datanode-3/ratis/tmp
2024-05-12 17:49:44,274 [89940199-bd88-4638-b386-d8d3bdf20d7b-impl-thread1] INFO  server.RaftServer (RaftServerProxy.java:initGroupDir(269)) - 89940199-bd88-4638-b386-d8d3bdf20d7b: The directory /home/runner/work/ozone/ozone/hadoop-ozone/integration-test/target/test-dir/MiniOzoneClusterImpl-d7aad628-a0b7-477d-aae9-77d4c10c22b9/ozone-meta/datanode-3/ratis/tmp is not a group directory; ignoring it. 
2024-05-12 17:49:44,274 [main] INFO  replication.ReplicationServer (ReplicationServer.java:<init>(86)) - Initializing replication server with thread count = 10 queue length = 4096
2024-05-12 17:49:44,276 [main] INFO  server.XceiverServerGrpc (XceiverServerGrpc.java:<init>(141)) - GrpcServer channel type EpollServerSocketChannel
2024-05-12 17:49:44,282 [main] INFO  replication.ReplicationSupervisor (ReplicationSupervisor.java:build(157)) - Initializing replication supervisor with thread count = 10
2024-05-12 17:49:44,283 [main] INFO  replication.ReplicationSupervisor (ReplicationSupervisor.java:nodeStateUpdated(312)) - Node state updated to IN_SERVICE, scaling executor pool size to 10
2024-05-12 17:49:44,287 [main] INFO  http.BaseHttpServer (BaseHttpServer.java:newHttpServer2BuilderForOzone(223)) - Starting Web-server for hddsDatanode at: http://0.0.0.0:15027
2024-05-12 17:49:44,287 [main] INFO  http.BaseHttpServer (BaseHttpServer.java:<init>(110)) - Hadoop Security Enabled: false Ozone Security Enabled: false Ozone HTTP Security Enabled: false 
2024-05-12 17:49:44,289 [main] WARN  server.AuthenticationFilter (AuthenticationFilter.java:constructSecretProvider(240)) - Unable to initialize FileSignerSecretProvider, falling back to use random secrets. Reason: Could not read signature secret file: /home/runner/hadoop-http-auth-signature-secret
2024-05-12 17:49:44,290 [main] INFO  http.HttpRequestLog (HttpRequestLog.java:getRequestLog(86)) - Http request log for http.requests.hddsDatanode is not defined
2024-05-12 17:49:44,291 [main] INFO  http.HttpServer2 (HttpServer2.java:addGlobalFilter(1036)) - Added global filter 'safety' (class=org.apache.hadoop.hdds.server.http.HttpServer2$QuotingInputFilter)
2024-05-12 17:49:44,292 [main] INFO  http.HttpServer2 (HttpServer2.java:addFilter(1012)) - Added filter static_user_filter (class=org.apache.hadoop.http.lib.StaticUserWebFilter$StaticUserFilter) to context hddsDatanode
2024-05-12 17:49:44,292 [main] INFO  http.HttpServer2 (HttpServer2.java:addFilter(1020)) - Added filter static_user_filter (class=org.apache.hadoop.http.lib.StaticUserWebFilter$StaticUserFilter) to context logs
2024-05-12 17:49:44,293 [main] INFO  http.HttpServer2 (HttpServer2.java:addFilter(1020)) - Added filter static_user_filter (class=org.apache.hadoop.http.lib.StaticUserWebFilter$StaticUserFilter) to context static
2024-05-12 17:49:44,294 [main] INFO  http.BaseHttpServer (BaseHttpServer.java:<init>(189)) - HTTP server of hddsDatanode uses base directory /home/runner/work/ozone/ozone/hadoop-ozone/integration-test/target/test-dir/MiniOzoneClusterImpl-d7aad628-a0b7-477d-aae9-77d4c10c22b9/ozone-meta/datanode-3/meta/webserver
2024-05-12 17:49:44,294 [main] INFO  http.HttpServer2 (HttpServer2.java:bindListener(1236)) - Jetty bound to port 15027
2024-05-12 17:49:44,294 [main] INFO  server.Server (Server.java:doStart(375)) - jetty-9.4.54.v20240208; built: 2024-02-08T19:42:39.027Z; git: cef3fbd6d736a21e7d541a5db490381d95a2047d; jvm 17.0.10+7
2024-05-12 17:49:44,297 [main] INFO  server.session (DefaultSessionIdManager.java:doStart(334)) - DefaultSessionIdManager workerName=node0
2024-05-12 17:49:44,297 [main] INFO  server.session (DefaultSessionIdManager.java:doStart(339)) - No SessionScavenger set, using defaults
2024-05-12 17:49:44,298 [main] INFO  server.session (HouseKeeper.java:startScavenging(132)) - node0 Scavenging every 600000ms
2024-05-12 17:49:44,298 [main] INFO  handler.ContextHandler (ContextHandler.java:doStart(921)) - Started o.e.j.s.ServletContextHandler@7e2e1179{logs,/logs,file:///home/runner/work/ozone/ozone/hadoop-ozone/integration-test/target/log,AVAILABLE}
2024-05-12 17:49:44,299 [main] INFO  handler.ContextHandler (ContextHandler.java:doStart(921)) - Started o.e.j.s.ServletContextHandler@336e59a6{static,/static,file:///home/runner/work/ozone/ozone/hadoop-hdds/container-service/target/classes/webapps/static,AVAILABLE}
2024-05-12 17:49:44,303 [main] INFO  handler.ContextHandler (ContextHandler.java:doStart(921)) - Started o.e.j.w.WebAppContext@3f90f77a{hddsDatanode,/,file:///home/runner/work/ozone/ozone/hadoop-hdds/container-service/target/classes/webapps/hddsDatanode/,AVAILABLE}{file:/home/runner/work/ozone/ozone/hadoop-hdds/container-service/target/classes/webapps/hddsDatanode}
2024-05-12 17:49:44,303 [main] INFO  server.AbstractConnector (AbstractConnector.java:doStart(333)) - Started ServerConnector@5d6bed7b{HTTP/1.1, (http/1.1)}{0.0.0.0:15027}
2024-05-12 17:49:44,304 [main] INFO  server.Server (Server.java:doStart(415)) - Started @6953ms
2024-05-12 17:49:44,304 [main] WARN  impl.MetricsSystemImpl (MetricsSystemImpl.java:register(279)) - Sink prometheus already exists!
2024-05-12 17:49:44,305 [main] INFO  http.BaseHttpServer (BaseHttpServer.java:updateConnectorAddress(354)) - HTTP server of hddsDatanode listening at http://0.0.0.0:15027
2024-05-12 17:49:44,306 [main] INFO  ipc.CallQueueManager (CallQueueManager.java:<init>(90)) - Using callQueue: class java.util.concurrent.LinkedBlockingQueue, queueCapacity: 100, scheduler: class org.apache.hadoop.ipc.DefaultRpcScheduler, ipcBackoff: false.
2024-05-12 17:49:44,306 [main] INFO  ipc.Server (Server.java:<init>(1287)) - Listener at 0.0.0.0:15028
2024-05-12 17:49:44,307 [Socket Reader #1 for port 15028] INFO  ipc.Server (Server.java:run(1323)) - Starting Socket Reader #1 for port 15028
2024-05-12 17:49:44,313 [main] INFO  ozone.HddsDatanodeService (HddsDatanodeService.java:start(327)) - Datanode start with admins: [runner]
2024-05-12 17:49:44,314 [main] INFO  ozone.HddsDatanodeClientProtocolServer (HddsDatanodeClientProtocolServer.java:start(77)) - RPC server for Client /0.0.0.0:15028
2024-05-12 17:49:44,314 [IPC Server Responder] INFO  ipc.Server (Server.java:run(1562)) - IPC Server Responder: starting
2024-05-12 17:49:44,316 [IPC Server listener on 15028] INFO  ipc.Server (Server.java:run(1402)) - IPC Server listener on 15028: starting
2024-05-12 17:49:44,320 [89940199-bd88-4638-b386-d8d3bdf20d7b-DatanodeStateMachineDaemonThread] INFO  statemachine.DatanodeStateMachine (DatanodeStateMachine.java:lambda$startDaemon$1(555)) - Ozone container server started.
2024-05-12 17:49:44,321 [main] INFO  ozone.MiniOzoneClusterImpl (MiniOzoneClusterImpl.java:lambda$waitForClusterToBeReady$0(194)) - Waiting for nodes to be ready. Got 0 of 3 DN Heartbeats.
2024-05-12 17:49:44,321 [main] INFO  ozone.MiniOzoneClusterImpl (MiniOzoneClusterImpl.java:lambda$waitForClusterToBeReady$0(197)) - Waiting for cluster to exit safe mode
2024-05-12 17:49:44,321 [main] INFO  ozone.MiniOzoneClusterImpl (MiniOzoneClusterImpl.java:lambda$waitForClusterToBeReady$0(199)) - SCM became leader
2024-05-12 17:49:44,334 [89940199-bd88-4638-b386-d8d3bdf20d7b-DatanodeStateMachineTaskThread-0] INFO  datanode.InitDatanodeState (InitDatanodeState.java:persistContainerDatanodeDetails(139)) - DatanodeDetails is persisted to /home/runner/work/ozone/ozone/hadoop-ozone/integration-test/target/test-dir/MiniOzoneClusterImpl-d7aad628-a0b7-477d-aae9-77d4c10c22b9/ozone-meta/datanode-3/meta/datanode.id
2024-05-12 17:49:44,444 [om1@group-C5BA1605619E-FollowerState] INFO  impl.FollowerState (FollowerState.java:run(143)) - om1@group-C5BA1605619E-FollowerState: change to CANDIDATE, lastRpcElapsedTime:1043604216ns, electionTimeout:1041ms
2024-05-12 17:49:44,444 [om1@group-C5BA1605619E-FollowerState] INFO  impl.RoleInfo (RoleInfo.java:shutdownFollowerState(110)) - om1: shutdown om1@group-C5BA1605619E-FollowerState
2024-05-12 17:49:44,444 [om1@group-C5BA1605619E-FollowerState] INFO  server.RaftServer$Division (RaftServerImpl.java:setRole(383)) - om1@group-C5BA1605619E: changes role from  FOLLOWER to CANDIDATE at term 0 for changeToCandidate
2024-05-12 17:49:44,446 [om1@group-C5BA1605619E-FollowerState] INFO  server.RaftServerConfigKeys (ConfUtils.java:logGet(46)) - raft.server.leaderelection.pre-vote = true (default)
2024-05-12 17:49:44,447 [om1@group-C5BA1605619E-FollowerState] INFO  impl.RoleInfo (RoleInfo.java:updateAndGet(139)) - om1: start om1@group-C5BA1605619E-LeaderElection1
2024-05-12 17:49:44,449 [om1@group-C5BA1605619E-LeaderElection1] INFO  impl.LeaderElection (LeaderElection.java:askForVotes(321)) - om1@group-C5BA1605619E-LeaderElection1 PRE_VOTE round 0: submit vote requests at term 0 for -1: peers:[om1|localhost:15007]|listeners:[], old=null
2024-05-12 17:49:44,450 [om1@group-C5BA1605619E-LeaderElection1] INFO  impl.LeaderElection (LeaderElection.java:askForVotes(323)) - om1@group-C5BA1605619E-LeaderElection1 PRE_VOTE round 0: result PASSED (term=0)
2024-05-12 17:49:44,451 [om1@group-C5BA1605619E-LeaderElection1] INFO  impl.LeaderElection (LeaderElection.java:askForVotes(321)) - om1@group-C5BA1605619E-LeaderElection1 ELECTION round 0: submit vote requests at term 1 for -1: peers:[om1|localhost:15007]|listeners:[], old=null
2024-05-12 17:49:44,452 [om1@group-C5BA1605619E-LeaderElection1] INFO  impl.LeaderElection (LeaderElection.java:askForVotes(323)) - om1@group-C5BA1605619E-LeaderElection1 ELECTION round 0: result PASSED (term=1)
2024-05-12 17:49:44,452 [om1@group-C5BA1605619E-LeaderElection1] INFO  impl.RoleInfo (RoleInfo.java:shutdownLeaderElection(130)) - om1: shutdown om1@group-C5BA1605619E-LeaderElection1
2024-05-12 17:49:44,453 [om1@group-C5BA1605619E-LeaderElection1] INFO  server.RaftServer$Division (RaftServerImpl.java:setRole(383)) - om1@group-C5BA1605619E: changes role from CANDIDATE to LEADER at term 1 for changeToLeader
2024-05-12 17:49:44,457 [om1@group-C5BA1605619E-LeaderElection1] INFO  server.RaftServerConfigKeys (ConfUtils.java:logGet(46)) - raft.server.staging.catchup.gap = 1000 (default)
2024-05-12 17:49:44,459 [om1@group-C5BA1605619E-LeaderElection1] INFO  server.RaftServerConfigKeys (ConfUtils.java:logGet(46)) - raft.server.write.element-limit = 4096 (default)
2024-05-12 17:49:44,460 [om1@group-C5BA1605619E-LeaderElection1] INFO  server.RaftServerConfigKeys (ConfUtils.java:logGet(46)) - raft.server.write.byte-limit = 64MB (=67108864) (default)
2024-05-12 17:49:44,464 [om1@group-C5BA1605619E-LeaderElection1] INFO  server.RaftServerConfigKeys (ConfUtils.java:logGet(46)) - raft.server.watch.timeout = 10s (default)
2024-05-12 17:49:44,464 [om1@group-C5BA1605619E-LeaderElection1] INFO  server.RaftServerConfigKeys (ConfUtils.java:logGet(46)) - raft.server.watch.timeout.denomination = 1s (default)
2024-05-12 17:49:44,464 [om1@group-C5BA1605619E-LeaderElection1] INFO  server.RaftServerConfigKeys (ConfUtils.java:logGet(46)) - raft.server.watch.element-limit = 65536 (default)
2024-05-12 17:49:44,467 [om1@group-C5BA1605619E-LeaderElection1] INFO  server.RaftServerConfigKeys (ConfUtils.java:logGet(46)) - raft.server.read.leader.lease.enabled = false (default)
2024-05-12 17:49:44,469 [om1@group-C5BA1605619E-LeaderElection1] INFO  server.RaftServerConfigKeys (ConfUtils.java:logGet(46)) - raft.server.read.leader.lease.timeout.ratio = 0.9 (default)
2024-05-12 17:49:44,469 [om1@group-C5BA1605619E-LeaderElection1] INFO  server.RaftServerConfigKeys (ConfUtils.java:logGet(46)) - raft.server.rpc.timeout.min = 1s (custom)
2024-05-12 17:49:44,469 [om1@group-C5BA1605619E-LeaderElection1] INFO  server.RaftServerConfigKeys (ConfUtils.java:logGet(46)) - raft.server.write.element-limit = 4096 (default)
2024-05-12 17:49:44,470 [om1@group-C5BA1605619E-LeaderElection1] INFO  server.RaftServerConfigKeys (ConfUtils.java:logGet(46)) - raft.server.write.follower.gap.ratio.max = -1.0 (default)
2024-05-12 17:49:44,471 [om1@group-C5BA1605619E-LeaderElection1] INFO  impl.RoleInfo (RoleInfo.java:updateAndGet(139)) - om1: start om1@group-C5BA1605619E-LeaderStateImpl
2024-05-12 17:49:44,471 [om1@group-C5BA1605619E-LeaderElection1] INFO  server.RaftServer$Division (RaftServerImpl.java:setFirstElection(574)) - om1@group-C5BA1605619E: set firstElectionSinceStartup to false for becomeLeader
2024-05-12 17:49:44,473 [om1@group-C5BA1605619E-LeaderElection1] INFO  server.RaftServer$Division (ServerState.java:setLeader(269)) - om1@group-C5BA1605619E: change Leader from null to om1 at term 1 for becomeLeader, leader elected after 1967ms
2024-05-12 17:49:44,487 [om1@group-C5BA1605619E-LeaderElection1] INFO  segmented.SegmentedRaftLogWorker (SegmentedRaftLogWorker.java:startLogSegment(430)) - om1@group-C5BA1605619E-SegmentedRaftLogWorker: Starting segment from index:0
2024-05-12 17:49:44,502 [om1@group-C5BA1605619E-LeaderElection1] INFO  server.RaftServer$Division (ServerState.java:setRaftConf(386)) - om1@group-C5BA1605619E: set configuration 0: peers:[om1|localhost:15007]|listeners:[], old=null
2024-05-12 17:49:44,520 [om1@group-C5BA1605619E-SegmentedRaftLogWorker] INFO  segmented.BufferedWriteChannel (BufferedWriteChannel.java:open(62)) - open log_inprogress_0 at position 0
2024-05-12 17:49:44,530 [om1@group-C5BA1605619E-SegmentedRaftLogWorker] INFO  segmented.SegmentedRaftLogWorker (SegmentedRaftLogWorker.java:execute(634)) - om1@group-C5BA1605619E-SegmentedRaftLogWorker: created new log segment /home/runner/work/ozone/ozone/hadoop-ozone/integration-test/target/test-dir/MiniOzoneClusterImpl-d7aad628-a0b7-477d-aae9-77d4c10c22b9/ozone-meta/ratis/bf265839-605b-3f16-9796-c5ba1605619e/current/log_inprogress_0
2024-05-12 17:49:44,619 [om1@group-C5BA1605619E-StateMachineUpdater] INFO  ratis.OzoneManagerStateMachine (OzoneManagerStateMachine.java:notifyConfigurationChanged(212)) - Received Configuration change notification from Ratis. New Peer list:
[id: "om1"
address: "localhost:15007"
startupRole: FOLLOWER
]
2024-05-12 17:49:44,620 [om1@group-C5BA1605619E-StateMachineUpdater] INFO  server.RaftServer$Division (LeaderStateImpl.java:isApplied(320)) - leader is ready since appliedIndex == 0 >= startIndex == 0
2024-05-12 17:49:45,322 [main] INFO  ozone.MiniOzoneClusterImpl (MiniOzoneClusterImpl.java:lambda$waitForClusterToBeReady$0(194)) - Waiting for nodes to be ready. Got 0 of 3 DN Heartbeats.
2024-05-12 17:49:45,322 [main] INFO  ozone.MiniOzoneClusterImpl (MiniOzoneClusterImpl.java:lambda$waitForClusterToBeReady$0(197)) - Waiting for cluster to exit safe mode
2024-05-12 17:49:45,322 [main] INFO  ozone.MiniOzoneClusterImpl (MiniOzoneClusterImpl.java:lambda$waitForClusterToBeReady$0(199)) - SCM became leader
2024-05-12 17:49:46,137 [fa686303-1758-4bad-a86f-993efac5b9f9-EndpointStateMachineTaskThread-/0.0.0.0:15002-0 ] INFO  utils.DatanodeStoreCache (DatanodeStoreCache.java:addDB(72)) - Added db /home/runner/work/ozone/ozone/hadoop-ozone/integration-test/target/test-dir/MiniOzoneClusterImpl-d7aad628-a0b7-477d-aae9-77d4c10c22b9/ozone-meta/datanode-1/data-0/hdds/d7aad628-a0b7-477d-aae9-77d4c10c22b9/DS-10908924-e2b2-48b0-bdd5-4e5e8112a382/container.db to cache
2024-05-12 17:49:46,138 [fa686303-1758-4bad-a86f-993efac5b9f9-EndpointStateMachineTaskThread-/0.0.0.0:15002-0 ] INFO  volume.HddsVolume (HddsVolume.java:createDbStore(437)) - SchemaV3 db is created and loaded at /home/runner/work/ozone/ozone/hadoop-ozone/integration-test/target/test-dir/MiniOzoneClusterImpl-d7aad628-a0b7-477d-aae9-77d4c10c22b9/ozone-meta/datanode-1/data-0/hdds/d7aad628-a0b7-477d-aae9-77d4c10c22b9/DS-10908924-e2b2-48b0-bdd5-4e5e8112a382/container.db for volume DS-10908924-e2b2-48b0-bdd5-4e5e8112a382
2024-05-12 17:49:46,145 [fa686303-1758-4bad-a86f-993efac5b9f9-ContainerReader-0] INFO  ozoneimpl.ContainerReader (ContainerReader.java:readVolume(148)) - Start to verify containers on volume /home/runner/work/ozone/ozone/hadoop-ozone/integration-test/target/test-dir/MiniOzoneClusterImpl-d7aad628-a0b7-477d-aae9-77d4c10c22b9/ozone-meta/datanode-1/data-0/hdds
2024-05-12 17:49:46,145 [fa686303-1758-4bad-a86f-993efac5b9f9-ContainerReader-0] INFO  ozoneimpl.ContainerReader (ContainerReader.java:readVolume(178)) - Finish verifying containers on volume /home/runner/work/ozone/ozone/hadoop-ozone/integration-test/target/test-dir/MiniOzoneClusterImpl-d7aad628-a0b7-477d-aae9-77d4c10c22b9/ozone-meta/datanode-1/data-0/hdds
2024-05-12 17:49:46,145 [fa686303-1758-4bad-a86f-993efac5b9f9-EndpointStateMachineTaskThread-/0.0.0.0:15002-0 ] INFO  ozoneimpl.OzoneContainer (OzoneContainer.java:buildContainerSet(328)) - Build ContainerSet costs 0s
2024-05-12 17:49:46,146 [fa686303-1758-4bad-a86f-993efac5b9f9-EndpointStateMachineTaskThread-/0.0.0.0:15002-0 ] INFO  volume.ThrottledAsyncChecker (ThrottledAsyncChecker.java:schedule(141)) - Scheduling a check for /home/runner/work/ozone/ozone/hadoop-ozone/integration-test/target/test-dir/MiniOzoneClusterImpl-d7aad628-a0b7-477d-aae9-77d4c10c22b9/ozone-meta/datanode-1/data-0/hdds
2024-05-12 17:49:46,151 [fa686303-1758-4bad-a86f-993efac5b9f9-EndpointStateMachineTaskThread-/0.0.0.0:15002-0 ] INFO  volume.StorageVolumeChecker (StorageVolumeChecker.java:checkAllVolumes(218)) - Scheduled health check for volume /home/runner/work/ozone/ozone/hadoop-ozone/integration-test/target/test-dir/MiniOzoneClusterImpl-d7aad628-a0b7-477d-aae9-77d4c10c22b9/ozone-meta/datanode-1/data-0/hdds
2024-05-12 17:49:46,159 [fa686303-1758-4bad-a86f-993efac5b9f9-EndpointStateMachineTaskThread-/0.0.0.0:15002-0 ] INFO  volume.ThrottledAsyncChecker (ThrottledAsyncChecker.java:schedule(141)) - Scheduling a check for /home/runner/work/ozone/ozone/hadoop-ozone/integration-test/target/test-dir/MiniOzoneClusterImpl-d7aad628-a0b7-477d-aae9-77d4c10c22b9/ozone-meta/datanode-1/ratis
2024-05-12 17:49:46,159 [fa686303-1758-4bad-a86f-993efac5b9f9-EndpointStateMachineTaskThread-/0.0.0.0:15002-0 ] INFO  volume.StorageVolumeChecker (StorageVolumeChecker.java:checkAllVolumes(218)) - Scheduled health check for volume /home/runner/work/ozone/ozone/hadoop-ozone/integration-test/target/test-dir/MiniOzoneClusterImpl-d7aad628-a0b7-477d-aae9-77d4c10c22b9/ozone-meta/datanode-1/ratis
2024-05-12 17:49:46,160 [fa686303-1758-4bad-a86f-993efac5b9f9-EndpointStateMachineTaskThread-/0.0.0.0:15002-0 ] INFO  ozoneimpl.OzoneContainer (OzoneContainer.java:start(459)) - Attempting to start container services.
2024-05-12 17:49:46,165 [ContainerMetadataScanner] INFO  ozoneimpl.AbstractBackgroundContainerScanner (AbstractBackgroundContainerScanner.java:runIteration(87)) - Completed an iteration in 0 minutes. Number of iterations (since the data-node restart) : 1, Number of containers scanned in this iteration : 0, Number of unhealthy containers found in this iteration : 0
2024-05-12 17:49:46,167 [fa686303-1758-4bad-a86f-993efac5b9f9-EndpointStateMachineTaskThread-/0.0.0.0:15002-0 ] INFO  replication.ReplicationServer (ReplicationServer.java:start(142)) - ReplicationServer is started using port 15016
2024-05-12 17:49:46,168 [fa686303-1758-4bad-a86f-993efac5b9f9-EndpointStateMachineTaskThread-/0.0.0.0:15002-0 ] INFO  ratis.XceiverServerRatis (XceiverServerRatis.java:start(566)) - Starting XceiverServerRatis fa686303-1758-4bad-a86f-993efac5b9f9
2024-05-12 17:49:46,168 [ContainerDataScanner(/home/runner/work/ozone/ozone/hadoop-ozone/integration-test/target/test-dir/MiniOzoneClusterImpl-d7aad628-a0b7-477d-aae9-77d4c10c22b9/ozone-meta/datanode-1/data-0/hdds)] INFO  ozoneimpl.AbstractBackgroundContainerScanner (AbstractBackgroundContainerScanner.java:runIteration(87)) - Completed an iteration in 0 minutes. Number of iterations (since the data-node restart) : 1, Number of containers scanned in this iteration : 0, Number of unhealthy containers found in this iteration : 0
2024-05-12 17:49:46,168 [fa686303-1758-4bad-a86f-993efac5b9f9-EndpointStateMachineTaskThread-/0.0.0.0:15002-0 ] INFO  server.RaftServer (RaftServerProxy.java:startImpl(406)) - fa686303-1758-4bad-a86f-993efac5b9f9: start RPC server
2024-05-12 17:49:46,169 [fa686303-1758-4bad-a86f-993efac5b9f9-EndpointStateMachineTaskThread-/0.0.0.0:15002-0 ] INFO  server.GrpcService (GrpcService.java:startImpl(302)) - fa686303-1758-4bad-a86f-993efac5b9f9: GrpcService started, listening on 15012
2024-05-12 17:49:46,169 [fa686303-1758-4bad-a86f-993efac5b9f9-EndpointStateMachineTaskThread-/0.0.0.0:15002-0 ] INFO  server.GrpcService (GrpcService.java:startImpl(302)) - fa686303-1758-4bad-a86f-993efac5b9f9: GrpcService started, listening on 15014
2024-05-12 17:49:46,170 [fa686303-1758-4bad-a86f-993efac5b9f9-EndpointStateMachineTaskThread-/0.0.0.0:15002-0 ] INFO  server.GrpcService (GrpcService.java:startImpl(302)) - fa686303-1758-4bad-a86f-993efac5b9f9: GrpcService started, listening on 15013
2024-05-12 17:49:46,170 [fa686303-1758-4bad-a86f-993efac5b9f9-EndpointStateMachineTaskThread-/0.0.0.0:15002-0 ] INFO  ratis.XceiverServerRatis (XceiverServerRatis.java:getRealPort(592)) - XceiverServerRatis fa686303-1758-4bad-a86f-993efac5b9f9 is started using port 15012 for RATIS
2024-05-12 17:49:46,170 [fa686303-1758-4bad-a86f-993efac5b9f9-EndpointStateMachineTaskThread-/0.0.0.0:15002-0 ] INFO  ratis.XceiverServerRatis (XceiverServerRatis.java:getRealPort(592)) - XceiverServerRatis fa686303-1758-4bad-a86f-993efac5b9f9 is started using port 15013 for RATIS_ADMIN
2024-05-12 17:49:46,170 [fa686303-1758-4bad-a86f-993efac5b9f9-EndpointStateMachineTaskThread-/0.0.0.0:15002-0 ] INFO  ratis.XceiverServerRatis (XceiverServerRatis.java:getRealPort(592)) - XceiverServerRatis fa686303-1758-4bad-a86f-993efac5b9f9 is started using port 15014 for RATIS_SERVER
2024-05-12 17:49:46,170 [fa686303-1758-4bad-a86f-993efac5b9f9-EndpointStateMachineTaskThread-/0.0.0.0:15002-0 ] INFO  ratis.XceiverServerRatis (XceiverServerRatis.java:getRealPort(592)) - XceiverServerRatis fa686303-1758-4bad-a86f-993efac5b9f9 is started using port 15015 for RATIS_DATASTREAM
2024-05-12 17:49:46,171 [JvmPauseMonitor2] INFO  util.JvmPauseMonitor (JvmPauseMonitor.java:run(146)) - JvmPauseMonitor-fa686303-1758-4bad-a86f-993efac5b9f9: Started
2024-05-12 17:49:46,177 [fa686303-1758-4bad-a86f-993efac5b9f9-BlockDeletingService#0] INFO  interfaces.ContainerDeletionChoosingPolicyTemplate (ContainerDeletionChoosingPolicyTemplate.java:chooseContainerForBlockDeletion(85)) - Chosen 0/5000 blocks from 0 candidate containers.
2024-05-12 17:49:46,225 [8dd0fa20-24c1-416b-8738-a4d7cf43ad35-EndpointStateMachineTaskThread-/0.0.0.0:15002-0 ] INFO  utils.DatanodeStoreCache (DatanodeStoreCache.java:addDB(72)) - Added db /home/runner/work/ozone/ozone/hadoop-ozone/integration-test/target/test-dir/MiniOzoneClusterImpl-d7aad628-a0b7-477d-aae9-77d4c10c22b9/ozone-meta/datanode-2/data-0/hdds/d7aad628-a0b7-477d-aae9-77d4c10c22b9/DS-d5dca335-41e9-4064-bc1f-6e682aa83cc8/container.db to cache
2024-05-12 17:49:46,225 [8dd0fa20-24c1-416b-8738-a4d7cf43ad35-EndpointStateMachineTaskThread-/0.0.0.0:15002-0 ] INFO  volume.HddsVolume (HddsVolume.java:createDbStore(437)) - SchemaV3 db is created and loaded at /home/runner/work/ozone/ozone/hadoop-ozone/integration-test/target/test-dir/MiniOzoneClusterImpl-d7aad628-a0b7-477d-aae9-77d4c10c22b9/ozone-meta/datanode-2/data-0/hdds/d7aad628-a0b7-477d-aae9-77d4c10c22b9/DS-d5dca335-41e9-4064-bc1f-6e682aa83cc8/container.db for volume DS-d5dca335-41e9-4064-bc1f-6e682aa83cc8
2024-05-12 17:49:46,227 [8dd0fa20-24c1-416b-8738-a4d7cf43ad35-ContainerReader-0] INFO  ozoneimpl.ContainerReader (ContainerReader.java:readVolume(148)) - Start to verify containers on volume /home/runner/work/ozone/ozone/hadoop-ozone/integration-test/target/test-dir/MiniOzoneClusterImpl-d7aad628-a0b7-477d-aae9-77d4c10c22b9/ozone-meta/datanode-2/data-0/hdds
2024-05-12 17:49:46,227 [8dd0fa20-24c1-416b-8738-a4d7cf43ad35-ContainerReader-0] INFO  ozoneimpl.ContainerReader (ContainerReader.java:readVolume(178)) - Finish verifying containers on volume /home/runner/work/ozone/ozone/hadoop-ozone/integration-test/target/test-dir/MiniOzoneClusterImpl-d7aad628-a0b7-477d-aae9-77d4c10c22b9/ozone-meta/datanode-2/data-0/hdds
2024-05-12 17:49:46,227 [8dd0fa20-24c1-416b-8738-a4d7cf43ad35-EndpointStateMachineTaskThread-/0.0.0.0:15002-0 ] INFO  ozoneimpl.OzoneContainer (OzoneContainer.java:buildContainerSet(328)) - Build ContainerSet costs 0s
2024-05-12 17:49:46,228 [8dd0fa20-24c1-416b-8738-a4d7cf43ad35-EndpointStateMachineTaskThread-/0.0.0.0:15002-0 ] INFO  volume.ThrottledAsyncChecker (ThrottledAsyncChecker.java:schedule(141)) - Scheduling a check for /home/runner/work/ozone/ozone/hadoop-ozone/integration-test/target/test-dir/MiniOzoneClusterImpl-d7aad628-a0b7-477d-aae9-77d4c10c22b9/ozone-meta/datanode-2/data-0/hdds
2024-05-12 17:49:46,228 [8dd0fa20-24c1-416b-8738-a4d7cf43ad35-EndpointStateMachineTaskThread-/0.0.0.0:15002-0 ] INFO  volume.StorageVolumeChecker (StorageVolumeChecker.java:checkAllVolumes(218)) - Scheduled health check for volume /home/runner/work/ozone/ozone/hadoop-ozone/integration-test/target/test-dir/MiniOzoneClusterImpl-d7aad628-a0b7-477d-aae9-77d4c10c22b9/ozone-meta/datanode-2/data-0/hdds
2024-05-12 17:49:46,229 [8dd0fa20-24c1-416b-8738-a4d7cf43ad35-EndpointStateMachineTaskThread-/0.0.0.0:15002-0 ] INFO  volume.ThrottledAsyncChecker (ThrottledAsyncChecker.java:schedule(141)) - Scheduling a check for /home/runner/work/ozone/ozone/hadoop-ozone/integration-test/target/test-dir/MiniOzoneClusterImpl-d7aad628-a0b7-477d-aae9-77d4c10c22b9/ozone-meta/datanode-2/ratis
2024-05-12 17:49:46,229 [8dd0fa20-24c1-416b-8738-a4d7cf43ad35-EndpointStateMachineTaskThread-/0.0.0.0:15002-0 ] INFO  volume.StorageVolumeChecker (StorageVolumeChecker.java:checkAllVolumes(218)) - Scheduled health check for volume /home/runner/work/ozone/ozone/hadoop-ozone/integration-test/target/test-dir/MiniOzoneClusterImpl-d7aad628-a0b7-477d-aae9-77d4c10c22b9/ozone-meta/datanode-2/ratis
2024-05-12 17:49:46,230 [8dd0fa20-24c1-416b-8738-a4d7cf43ad35-EndpointStateMachineTaskThread-/0.0.0.0:15002-0 ] INFO  ozoneimpl.OzoneContainer (OzoneContainer.java:start(459)) - Attempting to start container services.
2024-05-12 17:49:46,230 [8dd0fa20-24c1-416b-8738-a4d7cf43ad35-EndpointStateMachineTaskThread-/0.0.0.0:15002-0 ] WARN  ozoneimpl.OnDemandContainerDataScanner (OnDemandContainerDataScanner.java:init(75)) - Trying to initialize on demand scanner a second time on a datanode.
2024-05-12 17:49:46,232 [ContainerMetadataScanner] INFO  ozoneimpl.AbstractBackgroundContainerScanner (AbstractBackgroundContainerScanner.java:runIteration(87)) - Completed an iteration in 0 minutes. Number of iterations (since the data-node restart) : 1, Number of containers scanned in this iteration : 0, Number of unhealthy containers found in this iteration : 0
2024-05-12 17:49:46,233 [ContainerDataScanner(/home/runner/work/ozone/ozone/hadoop-ozone/integration-test/target/test-dir/MiniOzoneClusterImpl-d7aad628-a0b7-477d-aae9-77d4c10c22b9/ozone-meta/datanode-2/data-0/hdds)] INFO  ozoneimpl.AbstractBackgroundContainerScanner (AbstractBackgroundContainerScanner.java:runIteration(87)) - Completed an iteration in 0 minutes. Number of iterations (since the data-node restart) : 1, Number of containers scanned in this iteration : 0, Number of unhealthy containers found in this iteration : 0
2024-05-12 17:49:46,233 [8dd0fa20-24c1-416b-8738-a4d7cf43ad35-EndpointStateMachineTaskThread-/0.0.0.0:15002-0 ] INFO  replication.ReplicationServer (ReplicationServer.java:start(142)) - ReplicationServer is started using port 15025
2024-05-12 17:49:46,234 [8dd0fa20-24c1-416b-8738-a4d7cf43ad35-EndpointStateMachineTaskThread-/0.0.0.0:15002-0 ] INFO  ratis.XceiverServerRatis (XceiverServerRatis.java:start(566)) - Starting XceiverServerRatis 8dd0fa20-24c1-416b-8738-a4d7cf43ad35
2024-05-12 17:49:46,235 [8dd0fa20-24c1-416b-8738-a4d7cf43ad35-EndpointStateMachineTaskThread-/0.0.0.0:15002-0 ] INFO  server.RaftServer (RaftServerProxy.java:startImpl(406)) - 8dd0fa20-24c1-416b-8738-a4d7cf43ad35: start RPC server
2024-05-12 17:49:46,235 [8dd0fa20-24c1-416b-8738-a4d7cf43ad35-EndpointStateMachineTaskThread-/0.0.0.0:15002-0 ] INFO  server.GrpcService (GrpcService.java:startImpl(302)) - 8dd0fa20-24c1-416b-8738-a4d7cf43ad35: GrpcService started, listening on 15021
2024-05-12 17:49:46,236 [8dd0fa20-24c1-416b-8738-a4d7cf43ad35-EndpointStateMachineTaskThread-/0.0.0.0:15002-0 ] INFO  server.GrpcService (GrpcService.java:startImpl(302)) - 8dd0fa20-24c1-416b-8738-a4d7cf43ad35: GrpcService started, listening on 15023
2024-05-12 17:49:46,237 [8dd0fa20-24c1-416b-8738-a4d7cf43ad35-EndpointStateMachineTaskThread-/0.0.0.0:15002-0 ] INFO  server.GrpcService (GrpcService.java:startImpl(302)) - 8dd0fa20-24c1-416b-8738-a4d7cf43ad35: GrpcService started, listening on 15022
2024-05-12 17:49:46,237 [8dd0fa20-24c1-416b-8738-a4d7cf43ad35-EndpointStateMachineTaskThread-/0.0.0.0:15002-0 ] INFO  ratis.XceiverServerRatis (XceiverServerRatis.java:getRealPort(592)) - XceiverServerRatis 8dd0fa20-24c1-416b-8738-a4d7cf43ad35 is started using port 15021 for RATIS
2024-05-12 17:49:46,238 [8dd0fa20-24c1-416b-8738-a4d7cf43ad35-EndpointStateMachineTaskThread-/0.0.0.0:15002-0 ] INFO  ratis.XceiverServerRatis (XceiverServerRatis.java:getRealPort(592)) - XceiverServerRatis 8dd0fa20-24c1-416b-8738-a4d7cf43ad35 is started using port 15022 for RATIS_ADMIN
2024-05-12 17:49:46,238 [8dd0fa20-24c1-416b-8738-a4d7cf43ad35-EndpointStateMachineTaskThread-/0.0.0.0:15002-0 ] INFO  ratis.XceiverServerRatis (XceiverServerRatis.java:getRealPort(592)) - XceiverServerRatis 8dd0fa20-24c1-416b-8738-a4d7cf43ad35 is started using port 15023 for RATIS_SERVER
2024-05-12 17:49:46,238 [8dd0fa20-24c1-416b-8738-a4d7cf43ad35-EndpointStateMachineTaskThread-/0.0.0.0:15002-0 ] INFO  ratis.XceiverServerRatis (XceiverServerRatis.java:getRealPort(592)) - XceiverServerRatis 8dd0fa20-24c1-416b-8738-a4d7cf43ad35 is started using port 15024 for RATIS_DATASTREAM
2024-05-12 17:49:46,238 [JvmPauseMonitor3] INFO  util.JvmPauseMonitor (JvmPauseMonitor.java:run(146)) - JvmPauseMonitor-8dd0fa20-24c1-416b-8738-a4d7cf43ad35: Started
2024-05-12 17:49:46,243 [8dd0fa20-24c1-416b-8738-a4d7cf43ad35-BlockDeletingService#0] INFO  interfaces.ContainerDeletionChoosingPolicyTemplate (ContainerDeletionChoosingPolicyTemplate.java:chooseContainerForBlockDeletion(85)) - Chosen 0/5000 blocks from 0 candidate containers.
2024-05-12 17:49:46,322 [main] INFO  ozone.MiniOzoneClusterImpl (MiniOzoneClusterImpl.java:lambda$waitForClusterToBeReady$0(194)) - Waiting for nodes to be ready. Got 0 of 3 DN Heartbeats.
2024-05-12 17:49:46,322 [main] INFO  ozone.MiniOzoneClusterImpl (MiniOzoneClusterImpl.java:lambda$waitForClusterToBeReady$0(197)) - Waiting for cluster to exit safe mode
2024-05-12 17:49:46,323 [main] INFO  ozone.MiniOzoneClusterImpl (MiniOzoneClusterImpl.java:lambda$waitForClusterToBeReady$0(199)) - SCM became leader
2024-05-12 17:49:46,352 [89940199-bd88-4638-b386-d8d3bdf20d7b-EndpointStateMachineTaskThread-/0.0.0.0:15002-0 ] INFO  utils.DatanodeStoreCache (DatanodeStoreCache.java:addDB(72)) - Added db /home/runner/work/ozone/ozone/hadoop-ozone/integration-test/target/test-dir/MiniOzoneClusterImpl-d7aad628-a0b7-477d-aae9-77d4c10c22b9/ozone-meta/datanode-3/data-0/hdds/d7aad628-a0b7-477d-aae9-77d4c10c22b9/DS-2b9fa514-90c7-4652-ade8-0933609e18ca/container.db to cache
2024-05-12 17:49:46,352 [89940199-bd88-4638-b386-d8d3bdf20d7b-EndpointStateMachineTaskThread-/0.0.0.0:15002-0 ] INFO  volume.HddsVolume (HddsVolume.java:createDbStore(437)) - SchemaV3 db is created and loaded at /home/runner/work/ozone/ozone/hadoop-ozone/integration-test/target/test-dir/MiniOzoneClusterImpl-d7aad628-a0b7-477d-aae9-77d4c10c22b9/ozone-meta/datanode-3/data-0/hdds/d7aad628-a0b7-477d-aae9-77d4c10c22b9/DS-2b9fa514-90c7-4652-ade8-0933609e18ca/container.db for volume DS-2b9fa514-90c7-4652-ade8-0933609e18ca
2024-05-12 17:49:46,354 [89940199-bd88-4638-b386-d8d3bdf20d7b-ContainerReader-0] INFO  ozoneimpl.ContainerReader (ContainerReader.java:readVolume(148)) - Start to verify containers on volume /home/runner/work/ozone/ozone/hadoop-ozone/integration-test/target/test-dir/MiniOzoneClusterImpl-d7aad628-a0b7-477d-aae9-77d4c10c22b9/ozone-meta/datanode-3/data-0/hdds
2024-05-12 17:49:46,354 [89940199-bd88-4638-b386-d8d3bdf20d7b-ContainerReader-0] INFO  ozoneimpl.ContainerReader (ContainerReader.java:readVolume(178)) - Finish verifying containers on volume /home/runner/work/ozone/ozone/hadoop-ozone/integration-test/target/test-dir/MiniOzoneClusterImpl-d7aad628-a0b7-477d-aae9-77d4c10c22b9/ozone-meta/datanode-3/data-0/hdds
2024-05-12 17:49:46,361 [89940199-bd88-4638-b386-d8d3bdf20d7b-EndpointStateMachineTaskThread-/0.0.0.0:15002-0 ] INFO  ozoneimpl.OzoneContainer (OzoneContainer.java:buildContainerSet(328)) - Build ContainerSet costs 0s
2024-05-12 17:49:46,362 [89940199-bd88-4638-b386-d8d3bdf20d7b-EndpointStateMachineTaskThread-/0.0.0.0:15002-0 ] INFO  volume.ThrottledAsyncChecker (ThrottledAsyncChecker.java:schedule(141)) - Scheduling a check for /home/runner/work/ozone/ozone/hadoop-ozone/integration-test/target/test-dir/MiniOzoneClusterImpl-d7aad628-a0b7-477d-aae9-77d4c10c22b9/ozone-meta/datanode-3/data-0/hdds
2024-05-12 17:49:46,362 [89940199-bd88-4638-b386-d8d3bdf20d7b-EndpointStateMachineTaskThread-/0.0.0.0:15002-0 ] INFO  volume.StorageVolumeChecker (StorageVolumeChecker.java:checkAllVolumes(218)) - Scheduled health check for volume /home/runner/work/ozone/ozone/hadoop-ozone/integration-test/target/test-dir/MiniOzoneClusterImpl-d7aad628-a0b7-477d-aae9-77d4c10c22b9/ozone-meta/datanode-3/data-0/hdds
2024-05-12 17:49:46,364 [89940199-bd88-4638-b386-d8d3bdf20d7b-EndpointStateMachineTaskThread-/0.0.0.0:15002-0 ] INFO  volume.ThrottledAsyncChecker (ThrottledAsyncChecker.java:schedule(141)) - Scheduling a check for /home/runner/work/ozone/ozone/hadoop-ozone/integration-test/target/test-dir/MiniOzoneClusterImpl-d7aad628-a0b7-477d-aae9-77d4c10c22b9/ozone-meta/datanode-3/ratis
2024-05-12 17:49:46,364 [89940199-bd88-4638-b386-d8d3bdf20d7b-EndpointStateMachineTaskThread-/0.0.0.0:15002-0 ] INFO  volume.StorageVolumeChecker (StorageVolumeChecker.java:checkAllVolumes(218)) - Scheduled health check for volume /home/runner/work/ozone/ozone/hadoop-ozone/integration-test/target/test-dir/MiniOzoneClusterImpl-d7aad628-a0b7-477d-aae9-77d4c10c22b9/ozone-meta/datanode-3/ratis
2024-05-12 17:49:46,366 [89940199-bd88-4638-b386-d8d3bdf20d7b-EndpointStateMachineTaskThread-/0.0.0.0:15002-0 ] INFO  ozoneimpl.OzoneContainer (OzoneContainer.java:start(459)) - Attempting to start container services.
2024-05-12 17:49:46,366 [89940199-bd88-4638-b386-d8d3bdf20d7b-EndpointStateMachineTaskThread-/0.0.0.0:15002-0 ] WARN  ozoneimpl.OnDemandContainerDataScanner (OnDemandContainerDataScanner.java:init(75)) - Trying to initialize on demand scanner a second time on a datanode.
2024-05-12 17:49:46,367 [ContainerMetadataScanner] INFO  ozoneimpl.AbstractBackgroundContainerScanner (AbstractBackgroundContainerScanner.java:runIteration(87)) - Completed an iteration in 0 minutes. Number of iterations (since the data-node restart) : 1, Number of containers scanned in this iteration : 0, Number of unhealthy containers found in this iteration : 0
2024-05-12 17:49:46,370 [ContainerDataScanner(/home/runner/work/ozone/ozone/hadoop-ozone/integration-test/target/test-dir/MiniOzoneClusterImpl-d7aad628-a0b7-477d-aae9-77d4c10c22b9/ozone-meta/datanode-3/data-0/hdds)] INFO  ozoneimpl.AbstractBackgroundContainerScanner (AbstractBackgroundContainerScanner.java:runIteration(87)) - Completed an iteration in 0 minutes. Number of iterations (since the data-node restart) : 1, Number of containers scanned in this iteration : 0, Number of unhealthy containers found in this iteration : 0
2024-05-12 17:49:46,370 [89940199-bd88-4638-b386-d8d3bdf20d7b-EndpointStateMachineTaskThread-/0.0.0.0:15002-0 ] INFO  replication.ReplicationServer (ReplicationServer.java:start(142)) - ReplicationServer is started using port 15034
2024-05-12 17:49:46,370 [89940199-bd88-4638-b386-d8d3bdf20d7b-EndpointStateMachineTaskThread-/0.0.0.0:15002-0 ] INFO  ratis.XceiverServerRatis (XceiverServerRatis.java:start(566)) - Starting XceiverServerRatis 89940199-bd88-4638-b386-d8d3bdf20d7b
2024-05-12 17:49:46,378 [89940199-bd88-4638-b386-d8d3bdf20d7b-EndpointStateMachineTaskThread-/0.0.0.0:15002-0 ] INFO  server.RaftServer (RaftServerProxy.java:startImpl(406)) - 89940199-bd88-4638-b386-d8d3bdf20d7b: start RPC server
2024-05-12 17:49:46,379 [89940199-bd88-4638-b386-d8d3bdf20d7b-EndpointStateMachineTaskThread-/0.0.0.0:15002-0 ] INFO  server.GrpcService (GrpcService.java:startImpl(302)) - 89940199-bd88-4638-b386-d8d3bdf20d7b: GrpcService started, listening on 15030
2024-05-12 17:49:46,379 [89940199-bd88-4638-b386-d8d3bdf20d7b-EndpointStateMachineTaskThread-/0.0.0.0:15002-0 ] INFO  server.GrpcService (GrpcService.java:startImpl(302)) - 89940199-bd88-4638-b386-d8d3bdf20d7b: GrpcService started, listening on 15032
2024-05-12 17:49:46,380 [89940199-bd88-4638-b386-d8d3bdf20d7b-EndpointStateMachineTaskThread-/0.0.0.0:15002-0 ] INFO  server.GrpcService (GrpcService.java:startImpl(302)) - 89940199-bd88-4638-b386-d8d3bdf20d7b: GrpcService started, listening on 15031
2024-05-12 17:49:46,381 [89940199-bd88-4638-b386-d8d3bdf20d7b-EndpointStateMachineTaskThread-/0.0.0.0:15002-0 ] INFO  ratis.XceiverServerRatis (XceiverServerRatis.java:getRealPort(592)) - XceiverServerRatis 89940199-bd88-4638-b386-d8d3bdf20d7b is started using port 15030 for RATIS
2024-05-12 17:49:46,382 [89940199-bd88-4638-b386-d8d3bdf20d7b-EndpointStateMachineTaskThread-/0.0.0.0:15002-0 ] INFO  ratis.XceiverServerRatis (XceiverServerRatis.java:getRealPort(592)) - XceiverServerRatis 89940199-bd88-4638-b386-d8d3bdf20d7b is started using port 15031 for RATIS_ADMIN
2024-05-12 17:49:46,382 [89940199-bd88-4638-b386-d8d3bdf20d7b-EndpointStateMachineTaskThread-/0.0.0.0:15002-0 ] INFO  ratis.XceiverServerRatis (XceiverServerRatis.java:getRealPort(592)) - XceiverServerRatis 89940199-bd88-4638-b386-d8d3bdf20d7b is started using port 15032 for RATIS_SERVER
2024-05-12 17:49:46,382 [89940199-bd88-4638-b386-d8d3bdf20d7b-EndpointStateMachineTaskThread-/0.0.0.0:15002-0 ] INFO  ratis.XceiverServerRatis (XceiverServerRatis.java:getRealPort(592)) - XceiverServerRatis 89940199-bd88-4638-b386-d8d3bdf20d7b is started using port 15033 for RATIS_DATASTREAM
2024-05-12 17:49:46,381 [JvmPauseMonitor4] INFO  util.JvmPauseMonitor (JvmPauseMonitor.java:run(146)) - JvmPauseMonitor-89940199-bd88-4638-b386-d8d3bdf20d7b: Started
2024-05-12 17:49:46,392 [89940199-bd88-4638-b386-d8d3bdf20d7b-BlockDeletingService#0] INFO  interfaces.ContainerDeletionChoosingPolicyTemplate (ContainerDeletionChoosingPolicyTemplate.java:chooseContainerForBlockDeletion(85)) - Chosen 0/5000 blocks from 0 candidate containers.
2024-05-12 17:49:47,323 [main] INFO  ozone.MiniOzoneClusterImpl (MiniOzoneClusterImpl.java:lambda$waitForClusterToBeReady$0(194)) - Waiting for nodes to be ready. Got 0 of 3 DN Heartbeats.
2024-05-12 17:49:47,323 [main] INFO  ozone.MiniOzoneClusterImpl (MiniOzoneClusterImpl.java:lambda$waitForClusterToBeReady$0(197)) - Waiting for cluster to exit safe mode
2024-05-12 17:49:47,323 [main] INFO  ozone.MiniOzoneClusterImpl (MiniOzoneClusterImpl.java:lambda$waitForClusterToBeReady$0(199)) - SCM became leader
2024-05-12 17:49:48,101 [IPC Server handler 61 on default port 15002] INFO  net.NetworkTopologyImpl (NetworkTopologyImpl.java:add(134)) - Added a new node: /default-rack/fa686303-1758-4bad-a86f-993efac5b9f9
2024-05-12 17:49:48,103 [IPC Server handler 61 on default port 15002] INFO  node.SCMNodeManager (SCMNodeManager.java:register(421)) - Registered datanode: fa686303-1758-4bad-a86f-993efac5b9f9{ip: 127.0.0.1, host: localhost, ports: [HTTP=15009, CLIENT_RPC=15010, REPLICATION=15016, RATIS=15012, RATIS_ADMIN=15013, RATIS_SERVER=15014, RATIS_DATASTREAM=15015, STANDALONE=15011], networkLocation: /default-rack, certSerialId: null, persistedOpState: null, persistedOpStateExpiryEpochSec: 0}
2024-05-12 17:49:48,105 [EventQueue-NewNodeForNewNodeHandler] INFO  pipeline.BackgroundPipelineCreator (BackgroundPipelineCreator.java:notifyEventTriggered(280)) - trigger a one-shot run on RatisPipelineUtilsThread.
2024-05-12 17:49:48,106 [EventQueue-NodeRegistrationContainerReportForContainerSafeModeRule] INFO  safemode.SCMSafeModeManager (SCMSafeModeManager.java:validateSafeModeExitRules(203)) - ContainerSafeModeRule rule is successfully validated
2024-05-12 17:49:48,106 [EventQueue-PipelineReportForOneReplicaPipelineSafeModeRule] INFO  safemode.SCMSafeModeManager (SCMSafeModeManager.java:validateSafeModeExitRules(203)) - AtleastOneDatanodeReportedRule rule is successfully validated
2024-05-12 17:49:48,106 [EventQueue-NodeRegistrationContainerReportForDataNodeSafeModeRule] INFO  safemode.SCMSafeModeManager (DataNodeSafeModeRule.java:process(71)) - SCM in safe mode. 1 DataNodes registered, 3 required.
2024-05-12 17:49:48,111 [RatisPipelineUtilsThread-0] INFO  pipeline.RatisPipelineProvider (RatisPipelineProvider.java:lambda$create$0(205)) - Sending CreatePipelineCommand for pipeline:PipelineID=19f4bc64-9506-4bfe-b0f6-4952dfe17a20 to datanode:fa686303-1758-4bad-a86f-993efac5b9f9
2024-05-12 17:49:48,118 [RatisPipelineUtilsThread-0] INFO  pipeline.BackgroundPipelineCreator (BackgroundPipelineCreator.java:createPipelines(236)) - Created new pipeline Pipeline[ Id: 19f4bc64-9506-4bfe-b0f6-4952dfe17a20, Nodes: fa686303-1758-4bad-a86f-993efac5b9f9(localhost/127.0.0.1), ReplicationConfig: RATIS/ONE, State:ALLOCATED, leaderId:, CreationTimestamp2024-05-12T17:49:48.110709238Z[Etc/UTC]]
2024-05-12 17:49:48,205 [IPC Server handler 0 on default port 15002] INFO  net.NetworkTopologyImpl (NetworkTopologyImpl.java:add(134)) - Added a new node: /default-rack/8dd0fa20-24c1-416b-8738-a4d7cf43ad35
2024-05-12 17:49:48,206 [IPC Server handler 0 on default port 15002] INFO  node.SCMNodeManager (SCMNodeManager.java:register(421)) - Registered datanode: 8dd0fa20-24c1-416b-8738-a4d7cf43ad35{ip: 127.0.0.1, host: localhost, ports: [HTTP=15018, CLIENT_RPC=15019, REPLICATION=15025, RATIS=15021, RATIS_ADMIN=15022, RATIS_SERVER=15023, RATIS_DATASTREAM=15024, STANDALONE=15020], networkLocation: /default-rack, certSerialId: null, persistedOpState: null, persistedOpStateExpiryEpochSec: 0}
2024-05-12 17:49:48,206 [EventQueue-NodeRegistrationContainerReportForDataNodeSafeModeRule] INFO  safemode.SCMSafeModeManager (DataNodeSafeModeRule.java:process(71)) - SCM in safe mode. 2 DataNodes registered, 3 required.
2024-05-12 17:49:48,206 [EventQueue-NewNodeForNewNodeHandler] INFO  pipeline.BackgroundPipelineCreator (BackgroundPipelineCreator.java:notifyEventTriggered(280)) - trigger a one-shot run on RatisPipelineUtilsThread.
2024-05-12 17:49:48,207 [RatisPipelineUtilsThread-0] INFO  pipeline.RatisPipelineProvider (RatisPipelineProvider.java:lambda$create$0(205)) - Sending CreatePipelineCommand for pipeline:PipelineID=4899e099-01c9-4a12-a9ac-f945394b1da2 to datanode:8dd0fa20-24c1-416b-8738-a4d7cf43ad35
2024-05-12 17:49:48,208 [RatisPipelineUtilsThread-0] INFO  pipeline.BackgroundPipelineCreator (BackgroundPipelineCreator.java:createPipelines(236)) - Created new pipeline Pipeline[ Id: 4899e099-01c9-4a12-a9ac-f945394b1da2, Nodes: 8dd0fa20-24c1-416b-8738-a4d7cf43ad35(localhost/127.0.0.1), ReplicationConfig: RATIS/ONE, State:ALLOCATED, leaderId:, CreationTimestamp2024-05-12T17:49:48.207362021Z[Etc/UTC]]
2024-05-12 17:49:48,323 [main] INFO  ozone.MiniOzoneClusterImpl (MiniOzoneClusterImpl.java:lambda$waitForClusterToBeReady$0(194)) - Waiting for nodes to be ready. Got 2 of 3 DN Heartbeats.
2024-05-12 17:49:48,323 [main] INFO  ozone.MiniOzoneClusterImpl (MiniOzoneClusterImpl.java:lambda$waitForClusterToBeReady$0(197)) - Waiting for cluster to exit safe mode
2024-05-12 17:49:48,324 [main] INFO  ozone.MiniOzoneClusterImpl (MiniOzoneClusterImpl.java:lambda$waitForClusterToBeReady$0(199)) - SCM became leader
2024-05-12 17:49:48,332 [IPC Server handler 1 on default port 15002] INFO  net.NetworkTopologyImpl (NetworkTopologyImpl.java:add(134)) - Added a new node: /default-rack/89940199-bd88-4638-b386-d8d3bdf20d7b
2024-05-12 17:49:48,332 [IPC Server handler 1 on default port 15002] INFO  node.SCMNodeManager (SCMNodeManager.java:register(421)) - Registered datanode: 89940199-bd88-4638-b386-d8d3bdf20d7b{ip: 127.0.0.1, host: localhost, ports: [HTTP=15027, CLIENT_RPC=15028, REPLICATION=15034, RATIS=15030, RATIS_ADMIN=15031, RATIS_SERVER=15032, RATIS_DATASTREAM=15033, STANDALONE=15029], networkLocation: /default-rack, certSerialId: null, persistedOpState: null, persistedOpStateExpiryEpochSec: 0}
2024-05-12 17:49:48,332 [EventQueue-NewNodeForNewNodeHandler] INFO  pipeline.BackgroundPipelineCreator (BackgroundPipelineCreator.java:notifyEventTriggered(280)) - trigger a one-shot run on RatisPipelineUtilsThread.
2024-05-12 17:49:48,333 [EventQueue-NodeRegistrationContainerReportForDataNodeSafeModeRule] INFO  safemode.SCMSafeModeManager (DataNodeSafeModeRule.java:process(71)) - SCM in safe mode. 3 DataNodes registered, 3 required.
2024-05-12 17:49:48,333 [EventQueue-NodeRegistrationContainerReportForDataNodeSafeModeRule] INFO  safemode.SCMSafeModeManager (SCMSafeModeManager.java:validateSafeModeExitRules(203)) - DataNodeSafeModeRule rule is successfully validated
2024-05-12 17:49:48,333 [EventQueue-NodeRegistrationContainerReportForDataNodeSafeModeRule] INFO  safemode.SCMSafeModeManager (SCMSafeModeManager.java:completePreCheck(232)) - All SCM safe mode pre check rules have passed
2024-05-12 17:49:48,333 [EventQueue-NodeRegistrationContainerReportForDataNodeSafeModeRule] INFO  ha.SCMContext (SCMContext.java:updateSafeModeStatus(225)) - Update SafeModeStatus from SafeModeStatus{safeModeStatus=true, preCheckPassed=false} to SafeModeStatus{safeModeStatus=true, preCheckPassed=true}.
2024-05-12 17:49:48,333 [EventQueue-NodeRegistrationContainerReportForDataNodeSafeModeRule] INFO  pipeline.BackgroundPipelineCreator (BackgroundPipelineCreator.java:notifyEventTriggered(280)) - trigger a one-shot run on RatisPipelineUtilsThread.
2024-05-12 17:49:48,333 [RatisPipelineUtilsThread-0] INFO  pipeline.RatisPipelineProvider (RatisPipelineProvider.java:lambda$create$0(205)) - Sending CreatePipelineCommand for pipeline:PipelineID=f6378bd4-9edf-4713-903b-7ad7e6f877bd to datanode:89940199-bd88-4638-b386-d8d3bdf20d7b
2024-05-12 17:49:48,334 [RatisPipelineUtilsThread-0] INFO  pipeline.BackgroundPipelineCreator (BackgroundPipelineCreator.java:createPipelines(236)) - Created new pipeline Pipeline[ Id: f6378bd4-9edf-4713-903b-7ad7e6f877bd, Nodes: 89940199-bd88-4638-b386-d8d3bdf20d7b(localhost/127.0.0.1), ReplicationConfig: RATIS/ONE, State:ALLOCATED, leaderId:, CreationTimestamp2024-05-12T17:49:48.333894347Z[Etc/UTC]]
2024-05-12 17:49:48,338 [RatisPipelineUtilsThread-0] INFO  pipeline.RatisPipelineProvider (RatisPipelineProvider.java:lambda$create$0(205)) - Sending CreatePipelineCommand for pipeline:PipelineID=0ba0b4bf-2d8f-4cdf-b986-d31071f085e4 to datanode:8dd0fa20-24c1-416b-8738-a4d7cf43ad35
2024-05-12 17:49:48,338 [RatisPipelineUtilsThread-0] INFO  pipeline.RatisPipelineProvider (RatisPipelineProvider.java:lambda$create$0(205)) - Sending CreatePipelineCommand for pipeline:PipelineID=0ba0b4bf-2d8f-4cdf-b986-d31071f085e4 to datanode:89940199-bd88-4638-b386-d8d3bdf20d7b
2024-05-12 17:49:48,338 [RatisPipelineUtilsThread-0] INFO  pipeline.RatisPipelineProvider (RatisPipelineProvider.java:lambda$create$0(205)) - Sending CreatePipelineCommand for pipeline:PipelineID=0ba0b4bf-2d8f-4cdf-b986-d31071f085e4 to datanode:fa686303-1758-4bad-a86f-993efac5b9f9
2024-05-12 17:49:48,339 [RatisPipelineUtilsThread-0] INFO  pipeline.BackgroundPipelineCreator (BackgroundPipelineCreator.java:createPipelines(236)) - Created new pipeline Pipeline[ Id: 0ba0b4bf-2d8f-4cdf-b986-d31071f085e4, Nodes: 8dd0fa20-24c1-416b-8738-a4d7cf43ad35(localhost/127.0.0.1)89940199-bd88-4638-b386-d8d3bdf20d7b(localhost/127.0.0.1)fa686303-1758-4bad-a86f-993efac5b9f9(localhost/127.0.0.1), ReplicationConfig: RATIS/THREE, State:ALLOCATED, leaderId:, CreationTimestamp2024-05-12T17:49:48.338248373Z[Etc/UTC]]
2024-05-12 17:49:48,341 [RatisPipelineUtilsThread-0] INFO  pipeline.RatisPipelineProvider (RatisPipelineProvider.java:lambda$create$0(205)) - Sending CreatePipelineCommand for pipeline:PipelineID=3e7ca939-1b1b-4109-8639-8657b28db93c to datanode:8dd0fa20-24c1-416b-8738-a4d7cf43ad35
2024-05-12 17:49:48,341 [RatisPipelineUtilsThread-0] INFO  pipeline.RatisPipelineProvider (RatisPipelineProvider.java:lambda$create$0(205)) - Sending CreatePipelineCommand for pipeline:PipelineID=3e7ca939-1b1b-4109-8639-8657b28db93c to datanode:89940199-bd88-4638-b386-d8d3bdf20d7b
2024-05-12 17:49:48,341 [RatisPipelineUtilsThread-0] INFO  pipeline.RatisPipelineProvider (RatisPipelineProvider.java:lambda$create$0(205)) - Sending CreatePipelineCommand for pipeline:PipelineID=3e7ca939-1b1b-4109-8639-8657b28db93c to datanode:fa686303-1758-4bad-a86f-993efac5b9f9
2024-05-12 17:49:48,342 [RatisPipelineUtilsThread-0] INFO  pipeline.PipelineManagerImpl (PipelineManagerImpl.java:recordMetricsForPipeline(916)) - Pipeline: PipelineID=3e7ca939-1b1b-4109-8639-8657b28db93c contains same datanodes as previous pipelines: PipelineID=0ba0b4bf-2d8f-4cdf-b986-d31071f085e4 nodeIds: 8dd0fa20-24c1-416b-8738-a4d7cf43ad35, 89940199-bd88-4638-b386-d8d3bdf20d7b, fa686303-1758-4bad-a86f-993efac5b9f9
2024-05-12 17:49:48,342 [RatisPipelineUtilsThread-0] INFO  pipeline.BackgroundPipelineCreator (BackgroundPipelineCreator.java:createPipelines(236)) - Created new pipeline Pipeline[ Id: 3e7ca939-1b1b-4109-8639-8657b28db93c, Nodes: 8dd0fa20-24c1-416b-8738-a4d7cf43ad35(localhost/127.0.0.1)89940199-bd88-4638-b386-d8d3bdf20d7b(localhost/127.0.0.1)fa686303-1758-4bad-a86f-993efac5b9f9(localhost/127.0.0.1), ReplicationConfig: RATIS/THREE, State:ALLOCATED, leaderId:, CreationTimestamp2024-05-12T17:49:48.341114325Z[Etc/UTC]]
2024-05-12 17:49:49,324 [main] INFO  ozone.MiniOzoneClusterImpl (MiniOzoneClusterImpl.java:lambda$waitForClusterToBeReady$0(194)) - Nodes are ready. Got 3 of 3 DN Heartbeats.
2024-05-12 17:49:49,324 [main] INFO  ozone.MiniOzoneClusterImpl (MiniOzoneClusterImpl.java:lambda$waitForClusterToBeReady$0(197)) - Waiting for cluster to exit safe mode
2024-05-12 17:49:49,324 [main] INFO  ozone.MiniOzoneClusterImpl (MiniOzoneClusterImpl.java:lambda$waitForClusterToBeReady$0(199)) - SCM became leader
2024-05-12 17:49:50,324 [main] INFO  ozone.MiniOzoneClusterImpl (MiniOzoneClusterImpl.java:lambda$waitForClusterToBeReady$0(194)) - Nodes are ready. Got 3 of 3 DN Heartbeats.
2024-05-12 17:49:50,325 [main] INFO  ozone.MiniOzoneClusterImpl (MiniOzoneClusterImpl.java:lambda$waitForClusterToBeReady$0(197)) - Waiting for cluster to exit safe mode
2024-05-12 17:49:50,325 [main] INFO  ozone.MiniOzoneClusterImpl (MiniOzoneClusterImpl.java:lambda$waitForClusterToBeReady$0(199)) - SCM became leader
2024-05-12 17:49:51,103 [fa686303-1758-4bad-a86f-993efac5b9f9-PipelineCommandHandlerThread-0] INFO  server.RaftServer (RaftServerProxy.java:addNew(100)) - fa686303-1758-4bad-a86f-993efac5b9f9: addNew group-4952DFE17A20:[fa686303-1758-4bad-a86f-993efac5b9f9|127.0.0.1:15014] returns group-4952DFE17A20:java.util.concurrent.CompletableFuture@3af81011[Not completed]
2024-05-12 17:49:51,106 [fa686303-1758-4bad-a86f-993efac5b9f9-groupManagement] INFO  lib.Interns (Interns.java:removeEldestEntry(50)) - Metrics intern cache overflow at 2011 for MetricsSystem={MetricsSystem=MetricsInfoImpl{name=MetricsSystem, description=MetricsSystem}, MetricsSystem record=MetricsInfoImpl{name=MetricsSystem, description=MetricsSystem record}}
2024-05-12 17:49:51,109 [fa686303-1758-4bad-a86f-993efac5b9f9-groupManagement] INFO  server.RaftServer$Division (RaftServerImpl.java:<init>(256)) - fa686303-1758-4bad-a86f-993efac5b9f9: new RaftServerImpl for group-4952DFE17A20:[fa686303-1758-4bad-a86f-993efac5b9f9|127.0.0.1:15014] with ContainerStateMachine:uninitialized
2024-05-12 17:49:51,109 [fa686303-1758-4bad-a86f-993efac5b9f9-groupManagement] INFO  server.RaftServerConfigKeys (ConfUtils.java:logGet(46)) - raft.server.rpc.timeout.min = 5s (custom)
2024-05-12 17:49:51,109 [fa686303-1758-4bad-a86f-993efac5b9f9-groupManagement] INFO  server.RaftServerConfigKeys (ConfUtils.java:logGet(46)) - raft.server.rpc.timeout.max = 5200ms (custom)
2024-05-12 17:49:51,109 [fa686303-1758-4bad-a86f-993efac5b9f9-groupManagement] INFO  server.RaftServerConfigKeys (ConfUtils.java:logGet(46)) - raft.server.rpc.sleep.time = 25ms (default)
2024-05-12 17:49:51,109 [fa686303-1758-4bad-a86f-993efac5b9f9-groupManagement] INFO  server.RaftServerConfigKeys (ConfUtils.java:logGet(46)) - raft.server.rpc.slowness.timeout = 300s (custom)
2024-05-12 17:49:51,109 [fa686303-1758-4bad-a86f-993efac5b9f9-groupManagement] INFO  server.RaftServerConfigKeys (ConfUtils.java:logGet(46)) - raft.server.leaderelection.leader.step-down.wait-time = 10s (default)
2024-05-12 17:49:51,110 [fa686303-1758-4bad-a86f-993efac5b9f9-groupManagement] INFO  server.RaftServerConfigKeys (ConfUtils.java:logGet(46)) - raft.server.leaderelection.member.majority-add = false (default)
2024-05-12 17:49:51,110 [fa686303-1758-4bad-a86f-993efac5b9f9-groupManagement] INFO  server.RaftServerConfigKeys (ConfUtils.java:logGet(46)) - raft.server.sleep.deviation.threshold = 300ms (default)
2024-05-12 17:49:51,110 [fa686303-1758-4bad-a86f-993efac5b9f9-groupManagement] INFO  server.RaftServer$Division (ServerState.java:<init>(113)) - fa686303-1758-4bad-a86f-993efac5b9f9@group-4952DFE17A20: ConfigurationManager, init=-1: peers:[fa686303-1758-4bad-a86f-993efac5b9f9|127.0.0.1:15014]|listeners:[], old=null, confs=<EMPTY_MAP>
2024-05-12 17:49:51,110 [fa686303-1758-4bad-a86f-993efac5b9f9-groupManagement] INFO  server.RaftServerConfigKeys (ConfUtils.java:logGet(46)) - raft.server.notification.no-leader.timeout = 300s (custom)
2024-05-12 17:49:51,110 [fa686303-1758-4bad-a86f-993efac5b9f9-groupManagement] INFO  server.RaftServerConfigKeys (ConfUtils.java:logGet(46)) - raft.server.read.timeout = 10s (default)
2024-05-12 17:49:51,110 [fa686303-1758-4bad-a86f-993efac5b9f9-groupManagement] INFO  server.RaftServerConfigKeys (ConfUtils.java:logGet(46)) - raft.server.retrycache.expirytime = 600000ms (custom)
2024-05-12 17:49:51,110 [fa686303-1758-4bad-a86f-993efac5b9f9-groupManagement] INFO  server.RaftServerConfigKeys (ConfUtils.java:logGet(46)) - raft.server.retrycache.statistics.expirytime = 100ms (default)
2024-05-12 17:49:51,111 [fa686303-1758-4bad-a86f-993efac5b9f9-groupManagement] INFO  server.RaftServerConfigKeys (ConfUtils.java:logGet(46)) - raft.server.read.option = DEFAULT (default)
2024-05-12 17:49:51,111 [fa686303-1758-4bad-a86f-993efac5b9f9-groupManagement] INFO  server.RaftServerConfigKeys (ConfUtils.java:logGet(46)) - raft.server.read.read-after-write-consistent.write-index-cache.expiry-time = 60s (default)
2024-05-12 17:49:51,118 [fa686303-1758-4bad-a86f-993efac5b9f9-groupManagement] INFO  server.RaftServerConfigKeys (ConfUtils.java:logGet(46)) - raft.server.rpc.request.timeout = 60s (custom)
2024-05-12 17:49:51,118 [fa686303-1758-4bad-a86f-993efac5b9f9-groupManagement] INFO  server.RaftServerConfigKeys (ConfUtils.java:logGet(46)) - raft.server.log.appender.install.snapshot.enabled = false (custom)
2024-05-12 17:49:51,118 [fa686303-1758-4bad-a86f-993efac5b9f9-groupManagement] INFO  server.RaftServerConfigKeys (ConfUtils.java:logGet(46)) - raft.server.threadpool.server.cached = true (default)
2024-05-12 17:49:51,118 [fa686303-1758-4bad-a86f-993efac5b9f9-groupManagement] INFO  server.RaftServerConfigKeys (ConfUtils.java:logGet(46)) - raft.server.threadpool.server.size = 0 (default)
2024-05-12 17:49:51,118 [fa686303-1758-4bad-a86f-993efac5b9f9-groupManagement] INFO  server.RaftServerConfigKeys (ConfUtils.java:logGet(46)) - raft.server.threadpool.client.cached = true (default)
2024-05-12 17:49:51,119 [fa686303-1758-4bad-a86f-993efac5b9f9-groupManagement] INFO  server.RaftServerConfigKeys (ConfUtils.java:logGet(46)) - raft.server.threadpool.client.size = 0 (default)
2024-05-12 17:49:51,119 [fa686303-1758-4bad-a86f-993efac5b9f9-groupManagement] INFO  server.RaftServerConfigKeys (ConfUtils.java:logGet(46)) - raft.server.storage.free-space.min = 0MB (=0) (default)
2024-05-12 17:49:51,119 [fa686303-1758-4bad-a86f-993efac5b9f9-groupManagement] INFO  server.RaftServerConfigKeys (ConfUtils.java:logGet(46)) - raft.server.log.corruption.policy = EXCEPTION (default)
2024-05-12 17:49:51,119 [fa686303-1758-4bad-a86f-993efac5b9f9-groupManagement] INFO  server.RaftServerConfigKeys (ConfUtils.java:logGet(46)) - raft.server.storage.dir = [/home/runner/work/ozone/ozone/hadoop-ozone/integration-test/target/test-dir/MiniOzoneClusterImpl-d7aad628-a0b7-477d-aae9-77d4c10c22b9/ozone-meta/datanode-1/ratis] (custom)
2024-05-12 17:49:51,119 [fa686303-1758-4bad-a86f-993efac5b9f9-groupManagement] INFO  storage.RaftStorageDirectory (RaftStorageDirectoryImpl.java:analyzeStorage(138)) - The storage directory /home/runner/work/ozone/ozone/hadoop-ozone/integration-test/target/test-dir/MiniOzoneClusterImpl-d7aad628-a0b7-477d-aae9-77d4c10c22b9/ozone-meta/datanode-1/ratis/19f4bc64-9506-4bfe-b0f6-4952dfe17a20 does not exist. Creating ...
2024-05-12 17:49:51,120 [fa686303-1758-4bad-a86f-993efac5b9f9-groupManagement] INFO  storage.RaftStorageDirectory (RaftStorageDirectoryImpl.java:tryLock(228)) - Lock on /home/runner/work/ozone/ozone/hadoop-ozone/integration-test/target/test-dir/MiniOzoneClusterImpl-d7aad628-a0b7-477d-aae9-77d4c10c22b9/ozone-meta/datanode-1/ratis/19f4bc64-9506-4bfe-b0f6-4952dfe17a20/in_use.lock acquired by nodename 37315@fv-az1151-419
2024-05-12 17:49:51,122 [fa686303-1758-4bad-a86f-993efac5b9f9-groupManagement] INFO  storage.RaftStorage (RaftStorageImpl.java:format(99)) - Storage directory /home/runner/work/ozone/ozone/hadoop-ozone/integration-test/target/test-dir/MiniOzoneClusterImpl-d7aad628-a0b7-477d-aae9-77d4c10c22b9/ozone-meta/datanode-1/ratis/19f4bc64-9506-4bfe-b0f6-4952dfe17a20 has been successfully formatted.
2024-05-12 17:49:51,122 [fa686303-1758-4bad-a86f-993efac5b9f9-groupManagement] WARN  util.FileUtils (LogUtils.java:supplyAndLog(63)) - Failed to Files.newInputStream /home/runner/work/ozone/ozone/hadoop-ozone/integration-test/target/test-dir/MiniOzoneClusterImpl-d7aad628-a0b7-477d-aae9-77d4c10c22b9/ozone-meta/datanode-1/ratis/19f4bc64-9506-4bfe-b0f6-4952dfe17a20/current/raft-meta.conf with options []: java.nio.file.NoSuchFileException: /home/runner/work/ozone/ozone/hadoop-ozone/integration-test/target/test-dir/MiniOzoneClusterImpl-d7aad628-a0b7-477d-aae9-77d4c10c22b9/ozone-meta/datanode-1/ratis/19f4bc64-9506-4bfe-b0f6-4952dfe17a20/current/raft-meta.conf
2024-05-12 17:49:51,125 [fa686303-1758-4bad-a86f-993efac5b9f9-groupManagement] INFO  ratis.ContainerStateMachine (ContainerStateMachine.java:loadSnapshot(287)) - group-4952DFE17A20: The snapshot info is null. Setting the last applied index to:(t:0, i:~)
2024-05-12 17:49:51,125 [fa686303-1758-4bad-a86f-993efac5b9f9-groupManagement] INFO  server.RaftServerConfigKeys (ConfUtils.java:logGet(46)) - raft.server.log.use.memory = false (default)
2024-05-12 17:49:51,125 [fa686303-1758-4bad-a86f-993efac5b9f9-groupManagement] INFO  server.RaftServerConfigKeys (ConfUtils.java:logGet(46)) - raft.server.log.purge.gap = 1000000 (custom)
2024-05-12 17:49:51,125 [fa686303-1758-4bad-a86f-993efac5b9f9-groupManagement] INFO  server.RaftServerConfigKeys (ConfUtils.java:logGet(46)) - raft.server.log.appender.buffer.byte-limit = 8388608 (custom)
2024-05-12 17:49:51,125 [fa686303-1758-4bad-a86f-993efac5b9f9-groupManagement] INFO  server.RaftServerConfigKeys (ConfUtils.java:logGet(46)) - raft.server.log.statemachine.data.read.timeout = 1000ms (default)
2024-05-12 17:49:51,125 [fa686303-1758-4bad-a86f-993efac5b9f9-groupManagement] INFO  server.RaftServerConfigKeys (ConfUtils.java:logGet(46)) - raft.server.log.purge.preservation.log.num = 0 (default)
2024-05-12 17:49:51,129 [fa686303-1758-4bad-a86f-993efac5b9f9-groupManagement] INFO  server.RaftServerConfigKeys (ConfUtils.java:logGet(46)) - raft.server.log.segment.size.max = 67108864 (custom)
2024-05-12 17:49:51,130 [fa686303-1758-4bad-a86f-993efac5b9f9-groupManagement] INFO  server.RaftServerConfigKeys (ConfUtils.java:logGet(46)) - raft.server.log.segment.cache.num.max = 2 (custom)
2024-05-12 17:49:51,130 [fa686303-1758-4bad-a86f-993efac5b9f9-groupManagement] INFO  server.RaftServerConfigKeys (ConfUtils.java:logGet(46)) - raft.server.log.segment.cache.size.max = 200MB (=209715200) (default)
2024-05-12 17:49:51,130 [fa686303-1758-4bad-a86f-993efac5b9f9-groupManagement] INFO  server.RaftServerConfigKeys (ConfUtils.java:logGet(46)) - raft.server.log.appender.buffer.byte-limit = 8388608 (custom)
2024-05-12 17:49:51,133 [fa686303-1758-4bad-a86f-993efac5b9f9-groupManagement] INFO  util.AwaitToRun (AwaitToRun.java:start(81)) - Thread[fa686303-1758-4bad-a86f-993efac5b9f9@group-4952DFE17A20-cacheEviction-AwaitToRun,5,main] started
2024-05-12 17:49:51,134 [fa686303-1758-4bad-a86f-993efac5b9f9-groupManagement] INFO  segmented.SegmentedRaftLogWorker (SegmentedRaftLogWorker.java:<init>(182)) - new fa686303-1758-4bad-a86f-993efac5b9f9@group-4952DFE17A20-SegmentedRaftLogWorker for RaftStorageImpl:Storage Directory /home/runner/work/ozone/ozone/hadoop-ozone/integration-test/target/test-dir/MiniOzoneClusterImpl-d7aad628-a0b7-477d-aae9-77d4c10c22b9/ozone-meta/datanode-1/ratis/19f4bc64-9506-4bfe-b0f6-4952dfe17a20
2024-05-12 17:49:51,134 [fa686303-1758-4bad-a86f-993efac5b9f9-groupManagement] INFO  server.RaftServerConfigKeys (ConfUtils.java:logGet(46)) - raft.server.log.queue.byte-limit = 4294967296 (custom)
2024-05-12 17:49:51,134 [fa686303-1758-4bad-a86f-993efac5b9f9-groupManagement] INFO  server.RaftServerConfigKeys (ConfUtils.java:logGet(46)) - raft.server.log.queue.element-limit = 1024 (custom)
2024-05-12 17:49:51,134 [fa686303-1758-4bad-a86f-993efac5b9f9-groupManagement] INFO  server.RaftServerConfigKeys (ConfUtils.java:logGet(46)) - raft.server.log.segment.size.max = 67108864 (custom)
2024-05-12 17:49:51,134 [fa686303-1758-4bad-a86f-993efac5b9f9-groupManagement] INFO  server.RaftServerConfigKeys (ConfUtils.java:logGet(46)) - raft.server.log.preallocated.size = 4194304 (custom)
2024-05-12 17:49:51,134 [fa686303-1758-4bad-a86f-993efac5b9f9-groupManagement] INFO  server.RaftServerConfigKeys (ConfUtils.java:logGet(46)) - raft.server.log.force.sync.num = 128 (default)
2024-05-12 17:49:51,134 [fa686303-1758-4bad-a86f-993efac5b9f9-groupManagement] INFO  server.RaftServerConfigKeys (ConfUtils.java:logGet(46)) - raft.server.log.statemachine.data.sync = true (default)
2024-05-12 17:49:51,134 [fa686303-1758-4bad-a86f-993efac5b9f9-groupManagement] INFO  server.RaftServerConfigKeys (ConfUtils.java:logGet(46)) - raft.server.log.statemachine.data.sync.timeout = 10s (default)
2024-05-12 17:49:51,134 [fa686303-1758-4bad-a86f-993efac5b9f9-groupManagement] INFO  server.RaftServerConfigKeys (ConfUtils.java:logGet(46)) - raft.server.log.statemachine.data.sync.timeout.retry = 30 (custom)
2024-05-12 17:49:51,135 [fa686303-1758-4bad-a86f-993efac5b9f9-groupManagement] INFO  server.RaftServerConfigKeys (ConfUtils.java:logGet(46)) - raft.server.log.write.buffer.size = 8388616 (custom)
2024-05-12 17:49:51,137 [fa686303-1758-4bad-a86f-993efac5b9f9-groupManagement] INFO  server.RaftServerConfigKeys (ConfUtils.java:logGet(46)) - raft.server.log.appender.buffer.byte-limit = 8388608 (custom)
2024-05-12 17:49:51,138 [fa686303-1758-4bad-a86f-993efac5b9f9-groupManagement] INFO  server.RaftServerConfigKeys (ConfUtils.java:logGet(46)) - raft.server.log.unsafe-flush.enabled = false (default)
2024-05-12 17:49:51,138 [fa686303-1758-4bad-a86f-993efac5b9f9-groupManagement] INFO  server.RaftServerConfigKeys (ConfUtils.java:logGet(46)) - raft.server.log.async-flush.enabled = false (default)
2024-05-12 17:49:51,138 [fa686303-1758-4bad-a86f-993efac5b9f9-groupManagement] INFO  server.RaftServerConfigKeys (ConfUtils.java:logGet(46)) - raft.server.log.statemachine.data.caching.enabled = true (custom)
2024-05-12 17:49:51,138 [fa686303-1758-4bad-a86f-993efac5b9f9-groupManagement] INFO  segmented.SegmentedRaftLogWorker (SegmentedRaftLogWorker.java:lambda$new$0(134)) - fa686303-1758-4bad-a86f-993efac5b9f9@group-4952DFE17A20-SegmentedRaftLogWorker: flushIndex: setUnconditionally 0 -> -1
2024-05-12 17:49:51,138 [fa686303-1758-4bad-a86f-993efac5b9f9-groupManagement] INFO  segmented.SegmentedRaftLogWorker (SegmentedRaftLogWorker.java:lambda$new$0(134)) - fa686303-1758-4bad-a86f-993efac5b9f9@group-4952DFE17A20-SegmentedRaftLogWorker: safeCacheEvictIndex: setUnconditionally 0 -> -1
2024-05-12 17:49:51,138 [EventQueue-PipelineReportForPipelineReportHandler] INFO  pipeline.PipelineReportHandler (PipelineReportHandler.java:processPipelineReport(136)) - Opened pipeline PipelineID=19f4bc64-9506-4bfe-b0f6-4952dfe17a20
2024-05-12 17:49:51,142 [fa686303-1758-4bad-a86f-993efac5b9f9-groupManagement] INFO  server.RaftServer$Division (RaftServerImpl.java:start(396)) - fa686303-1758-4bad-a86f-993efac5b9f9@group-4952DFE17A20: start as a follower, conf=-1: peers:[fa686303-1758-4bad-a86f-993efac5b9f9|127.0.0.1:15014]|listeners:[], old=null
2024-05-12 17:49:51,142 [fa686303-1758-4bad-a86f-993efac5b9f9-groupManagement] INFO  server.RaftServer$Division (RaftServerImpl.java:setRole(383)) - fa686303-1758-4bad-a86f-993efac5b9f9@group-4952DFE17A20: changes role from      null to FOLLOWER at term 0 for startAsFollower
2024-05-12 17:49:51,142 [fa686303-1758-4bad-a86f-993efac5b9f9-groupManagement] INFO  impl.RoleInfo (RoleInfo.java:updateAndGet(139)) - fa686303-1758-4bad-a86f-993efac5b9f9: start fa686303-1758-4bad-a86f-993efac5b9f9@group-4952DFE17A20-FollowerState
2024-05-12 17:49:51,142 [EventQueue-OpenPipelineForHealthyPipelineSafeModeRule] INFO  safemode.SCMSafeModeManager (HealthyPipelineSafeModeRule.java:process(140)) - SCM in safe mode. Healthy pipelines reported count is 0, required healthy pipeline reported count is 1
2024-05-12 17:49:51,144 [fa686303-1758-4bad-a86f-993efac5b9f9@group-4952DFE17A20-FollowerState] INFO  server.RaftServerConfigKeys (ConfUtils.java:logFallback(53)) - raft.server.rpc.first-election.timeout.min = 5s (fallback to raft.server.rpc.timeout.min)
2024-05-12 17:49:51,144 [fa686303-1758-4bad-a86f-993efac5b9f9@group-4952DFE17A20-FollowerState] INFO  server.RaftServerConfigKeys (ConfUtils.java:logFallback(53)) - raft.server.rpc.first-election.timeout.max = 5200ms (fallback to raft.server.rpc.timeout.max)
2024-05-12 17:49:51,144 [fa686303-1758-4bad-a86f-993efac5b9f9-groupManagement] INFO  util.JmxRegister (JmxRegister.java:tryRegister(44)) - Successfully registered JMX Bean with object name Ratis:service=RaftServer,group=group-4952DFE17A20,id=fa686303-1758-4bad-a86f-993efac5b9f9
2024-05-12 17:49:51,144 [fa686303-1758-4bad-a86f-993efac5b9f9-groupManagement] INFO  server.RaftServerConfigKeys (ConfUtils.java:logGet(46)) - raft.server.snapshot.trigger-when-stop.enabled = true (default)
2024-05-12 17:49:51,145 [fa686303-1758-4bad-a86f-993efac5b9f9-groupManagement] INFO  server.RaftServerConfigKeys (ConfUtils.java:logGet(46)) - raft.server.snapshot.auto.trigger.enabled = true (custom)
2024-05-12 17:49:51,145 [fa686303-1758-4bad-a86f-993efac5b9f9-groupManagement] INFO  server.RaftServerConfigKeys (ConfUtils.java:logGet(46)) - raft.server.snapshot.auto.trigger.threshold = 10000 (custom)
2024-05-12 17:49:51,145 [fa686303-1758-4bad-a86f-993efac5b9f9-groupManagement] INFO  server.RaftServerConfigKeys (ConfUtils.java:logGet(46)) - raft.server.snapshot.retention.file.num = 5 (custom)
2024-05-12 17:49:51,145 [fa686303-1758-4bad-a86f-993efac5b9f9-groupManagement] INFO  server.RaftServerConfigKeys (ConfUtils.java:logGet(46)) - raft.server.log.purge.upto.snapshot.index = false (default)
2024-05-12 17:49:51,149 [fa686303-1758-4bad-a86f-993efac5b9f9-PipelineCommandHandlerThread-0] INFO  ratis.XceiverServerRatis (XceiverServerRatis.java:addGroup(864)) - Created group PipelineID=19f4bc64-9506-4bfe-b0f6-4952dfe17a20
2024-05-12 17:49:51,150 [fa686303-1758-4bad-a86f-993efac5b9f9-PipelineCommandHandlerThread-0] INFO  commandhandler.CreatePipelineCommandHandler (CreatePipelineCommandHandler.java:lambda$handle$2(124)) - Created Pipeline RATIS ONE PipelineID=19f4bc64-9506-4bfe-b0f6-4952dfe17a20.
2024-05-12 17:49:51,150 [fa686303-1758-4bad-a86f-993efac5b9f9-PipelineCommandHandlerThread-0] INFO  server.RaftServer (RaftServerProxy.java:addNew(100)) - fa686303-1758-4bad-a86f-993efac5b9f9: addNew group-D31071F085E4:[8dd0fa20-24c1-416b-8738-a4d7cf43ad35|127.0.0.1:15023, 89940199-bd88-4638-b386-d8d3bdf20d7b|127.0.0.1:15032, fa686303-1758-4bad-a86f-993efac5b9f9|127.0.0.1:15014] returns group-D31071F085E4:java.util.concurrent.CompletableFuture@5dc4bef3[Not completed]
2024-05-12 17:49:51,152 [fa686303-1758-4bad-a86f-993efac5b9f9-groupManagement] INFO  server.RaftServer$Division (RaftServerImpl.java:<init>(256)) - fa686303-1758-4bad-a86f-993efac5b9f9: new RaftServerImpl for group-D31071F085E4:[8dd0fa20-24c1-416b-8738-a4d7cf43ad35|127.0.0.1:15023, 89940199-bd88-4638-b386-d8d3bdf20d7b|127.0.0.1:15032, fa686303-1758-4bad-a86f-993efac5b9f9|127.0.0.1:15014] with ContainerStateMachine:uninitialized
2024-05-12 17:49:51,152 [fa686303-1758-4bad-a86f-993efac5b9f9-groupManagement] INFO  server.RaftServerConfigKeys (ConfUtils.java:logGet(46)) - raft.server.rpc.timeout.min = 5s (custom)
2024-05-12 17:49:51,152 [fa686303-1758-4bad-a86f-993efac5b9f9-groupManagement] INFO  server.RaftServerConfigKeys (ConfUtils.java:logGet(46)) - raft.server.rpc.timeout.max = 5200ms (custom)
2024-05-12 17:49:51,152 [fa686303-1758-4bad-a86f-993efac5b9f9-groupManagement] INFO  server.RaftServerConfigKeys (ConfUtils.java:logGet(46)) - raft.server.rpc.sleep.time = 25ms (default)
2024-05-12 17:49:51,152 [fa686303-1758-4bad-a86f-993efac5b9f9-groupManagement] INFO  server.RaftServerConfigKeys (ConfUtils.java:logGet(46)) - raft.server.rpc.slowness.timeout = 300s (custom)
2024-05-12 17:49:51,152 [fa686303-1758-4bad-a86f-993efac5b9f9-groupManagement] INFO  server.RaftServerConfigKeys (ConfUtils.java:logGet(46)) - raft.server.leaderelection.leader.step-down.wait-time = 10s (default)
2024-05-12 17:49:51,152 [fa686303-1758-4bad-a86f-993efac5b9f9-groupManagement] INFO  server.RaftServerConfigKeys (ConfUtils.java:logGet(46)) - raft.server.leaderelection.member.majority-add = false (default)
2024-05-12 17:49:51,152 [fa686303-1758-4bad-a86f-993efac5b9f9-groupManagement] INFO  server.RaftServerConfigKeys (ConfUtils.java:logGet(46)) - raft.server.sleep.deviation.threshold = 300ms (default)
2024-05-12 17:49:51,153 [fa686303-1758-4bad-a86f-993efac5b9f9-groupManagement] INFO  server.RaftServer$Division (ServerState.java:<init>(113)) - fa686303-1758-4bad-a86f-993efac5b9f9@group-D31071F085E4: ConfigurationManager, init=-1: peers:[8dd0fa20-24c1-416b-8738-a4d7cf43ad35|127.0.0.1:15023, 89940199-bd88-4638-b386-d8d3bdf20d7b|127.0.0.1:15032, fa686303-1758-4bad-a86f-993efac5b9f9|127.0.0.1:15014]|listeners:[], old=null, confs=<EMPTY_MAP>
2024-05-12 17:49:51,153 [fa686303-1758-4bad-a86f-993efac5b9f9-groupManagement] INFO  server.RaftServerConfigKeys (ConfUtils.java:logGet(46)) - raft.server.notification.no-leader.timeout = 300s (custom)
2024-05-12 17:49:51,153 [fa686303-1758-4bad-a86f-993efac5b9f9-groupManagement] INFO  server.RaftServerConfigKeys (ConfUtils.java:logGet(46)) - raft.server.read.timeout = 10s (default)
2024-05-12 17:49:51,153 [fa686303-1758-4bad-a86f-993efac5b9f9-groupManagement] INFO  server.RaftServerConfigKeys (ConfUtils.java:logGet(46)) - raft.server.retrycache.expirytime = 600000ms (custom)
2024-05-12 17:49:51,153 [fa686303-1758-4bad-a86f-993efac5b9f9-groupManagement] INFO  server.RaftServerConfigKeys (ConfUtils.java:logGet(46)) - raft.server.retrycache.statistics.expirytime = 100ms (default)
2024-05-12 17:49:51,153 [fa686303-1758-4bad-a86f-993efac5b9f9-groupManagement] INFO  server.RaftServerConfigKeys (ConfUtils.java:logGet(46)) - raft.server.read.option = DEFAULT (default)
2024-05-12 17:49:51,153 [fa686303-1758-4bad-a86f-993efac5b9f9-groupManagement] INFO  server.RaftServerConfigKeys (ConfUtils.java:logGet(46)) - raft.server.read.read-after-write-consistent.write-index-cache.expiry-time = 60s (default)
2024-05-12 17:49:51,161 [fa686303-1758-4bad-a86f-993efac5b9f9-groupManagement] INFO  server.RaftServerConfigKeys (ConfUtils.java:logGet(46)) - raft.server.rpc.request.timeout = 60s (custom)
2024-05-12 17:49:51,161 [fa686303-1758-4bad-a86f-993efac5b9f9-groupManagement] INFO  server.RaftServerConfigKeys (ConfUtils.java:logGet(46)) - raft.server.log.appender.install.snapshot.enabled = false (custom)
2024-05-12 17:49:51,161 [fa686303-1758-4bad-a86f-993efac5b9f9-groupManagement] INFO  server.RaftServerConfigKeys (ConfUtils.java:logGet(46)) - raft.server.threadpool.server.cached = true (default)
2024-05-12 17:49:51,161 [fa686303-1758-4bad-a86f-993efac5b9f9-groupManagement] INFO  server.RaftServerConfigKeys (ConfUtils.java:logGet(46)) - raft.server.threadpool.server.size = 0 (default)
2024-05-12 17:49:51,161 [fa686303-1758-4bad-a86f-993efac5b9f9-groupManagement] INFO  server.RaftServerConfigKeys (ConfUtils.java:logGet(46)) - raft.server.threadpool.client.cached = true (default)
2024-05-12 17:49:51,161 [fa686303-1758-4bad-a86f-993efac5b9f9-groupManagement] INFO  server.RaftServerConfigKeys (ConfUtils.java:logGet(46)) - raft.server.threadpool.client.size = 0 (default)
2024-05-12 17:49:51,161 [fa686303-1758-4bad-a86f-993efac5b9f9-groupManagement] INFO  server.RaftServerConfigKeys (ConfUtils.java:logGet(46)) - raft.server.storage.free-space.min = 0MB (=0) (default)
2024-05-12 17:49:51,161 [fa686303-1758-4bad-a86f-993efac5b9f9-groupManagement] INFO  server.RaftServerConfigKeys (ConfUtils.java:logGet(46)) - raft.server.log.corruption.policy = EXCEPTION (default)
2024-05-12 17:49:51,162 [fa686303-1758-4bad-a86f-993efac5b9f9-groupManagement] INFO  server.RaftServerConfigKeys (ConfUtils.java:logGet(46)) - raft.server.storage.dir = [/home/runner/work/ozone/ozone/hadoop-ozone/integration-test/target/test-dir/MiniOzoneClusterImpl-d7aad628-a0b7-477d-aae9-77d4c10c22b9/ozone-meta/datanode-1/ratis] (custom)
2024-05-12 17:49:51,162 [fa686303-1758-4bad-a86f-993efac5b9f9-groupManagement] INFO  storage.RaftStorageDirectory (RaftStorageDirectoryImpl.java:analyzeStorage(138)) - The storage directory /home/runner/work/ozone/ozone/hadoop-ozone/integration-test/target/test-dir/MiniOzoneClusterImpl-d7aad628-a0b7-477d-aae9-77d4c10c22b9/ozone-meta/datanode-1/ratis/0ba0b4bf-2d8f-4cdf-b986-d31071f085e4 does not exist. Creating ...
2024-05-12 17:49:51,163 [fa686303-1758-4bad-a86f-993efac5b9f9-groupManagement] INFO  storage.RaftStorageDirectory (RaftStorageDirectoryImpl.java:tryLock(228)) - Lock on /home/runner/work/ozone/ozone/hadoop-ozone/integration-test/target/test-dir/MiniOzoneClusterImpl-d7aad628-a0b7-477d-aae9-77d4c10c22b9/ozone-meta/datanode-1/ratis/0ba0b4bf-2d8f-4cdf-b986-d31071f085e4/in_use.lock acquired by nodename 37315@fv-az1151-419
2024-05-12 17:49:51,164 [fa686303-1758-4bad-a86f-993efac5b9f9-groupManagement] INFO  storage.RaftStorage (RaftStorageImpl.java:format(99)) - Storage directory /home/runner/work/ozone/ozone/hadoop-ozone/integration-test/target/test-dir/MiniOzoneClusterImpl-d7aad628-a0b7-477d-aae9-77d4c10c22b9/ozone-meta/datanode-1/ratis/0ba0b4bf-2d8f-4cdf-b986-d31071f085e4 has been successfully formatted.
2024-05-12 17:49:51,164 [fa686303-1758-4bad-a86f-993efac5b9f9-groupManagement] WARN  util.FileUtils (LogUtils.java:supplyAndLog(63)) - Failed to Files.newInputStream /home/runner/work/ozone/ozone/hadoop-ozone/integration-test/target/test-dir/MiniOzoneClusterImpl-d7aad628-a0b7-477d-aae9-77d4c10c22b9/ozone-meta/datanode-1/ratis/0ba0b4bf-2d8f-4cdf-b986-d31071f085e4/current/raft-meta.conf with options []: java.nio.file.NoSuchFileException: /home/runner/work/ozone/ozone/hadoop-ozone/integration-test/target/test-dir/MiniOzoneClusterImpl-d7aad628-a0b7-477d-aae9-77d4c10c22b9/ozone-meta/datanode-1/ratis/0ba0b4bf-2d8f-4cdf-b986-d31071f085e4/current/raft-meta.conf
2024-05-12 17:49:51,165 [fa686303-1758-4bad-a86f-993efac5b9f9-groupManagement] INFO  ratis.ContainerStateMachine (ContainerStateMachine.java:loadSnapshot(287)) - group-D31071F085E4: The snapshot info is null. Setting the last applied index to:(t:0, i:~)
2024-05-12 17:49:51,165 [fa686303-1758-4bad-a86f-993efac5b9f9-groupManagement] INFO  server.RaftServerConfigKeys (ConfUtils.java:logGet(46)) - raft.server.log.use.memory = false (default)
2024-05-12 17:49:51,165 [fa686303-1758-4bad-a86f-993efac5b9f9-groupManagement] INFO  server.RaftServerConfigKeys (ConfUtils.java:logGet(46)) - raft.server.log.purge.gap = 1000000 (custom)
2024-05-12 17:49:51,165 [fa686303-1758-4bad-a86f-993efac5b9f9-groupManagement] INFO  server.RaftServerConfigKeys (ConfUtils.java:logGet(46)) - raft.server.log.appender.buffer.byte-limit = 8388608 (custom)
2024-05-12 17:49:51,165 [fa686303-1758-4bad-a86f-993efac5b9f9-groupManagement] INFO  server.RaftServerConfigKeys (ConfUtils.java:logGet(46)) - raft.server.log.statemachine.data.read.timeout = 1000ms (default)
2024-05-12 17:49:51,165 [fa686303-1758-4bad-a86f-993efac5b9f9-groupManagement] INFO  server.RaftServerConfigKeys (ConfUtils.java:logGet(46)) - raft.server.log.purge.preservation.log.num = 0 (default)
2024-05-12 17:49:51,168 [fa686303-1758-4bad-a86f-993efac5b9f9-groupManagement] INFO  server.RaftServerConfigKeys (ConfUtils.java:logGet(46)) - raft.server.log.segment.size.max = 67108864 (custom)
2024-05-12 17:49:51,168 [fa686303-1758-4bad-a86f-993efac5b9f9-groupManagement] INFO  server.RaftServerConfigKeys (ConfUtils.java:logGet(46)) - raft.server.log.segment.cache.num.max = 2 (custom)
2024-05-12 17:49:51,168 [fa686303-1758-4bad-a86f-993efac5b9f9-groupManagement] INFO  server.RaftServerConfigKeys (ConfUtils.java:logGet(46)) - raft.server.log.segment.cache.size.max = 200MB (=209715200) (default)
2024-05-12 17:49:51,168 [fa686303-1758-4bad-a86f-993efac5b9f9-groupManagement] INFO  server.RaftServerConfigKeys (ConfUtils.java:logGet(46)) - raft.server.log.appender.buffer.byte-limit = 8388608 (custom)
2024-05-12 17:49:51,168 [EventQueue-OpenPipelineForHealthyPipelineSafeModeRule] INFO  safemode.SCMSafeModeManager (HealthyPipelineSafeModeRule.java:process(140)) - SCM in safe mode. Healthy pipelines reported count is 0, required healthy pipeline reported count is 1
2024-05-12 17:49:51,168 [fa686303-1758-4bad-a86f-993efac5b9f9-groupManagement] INFO  util.AwaitToRun (AwaitToRun.java:start(81)) - Thread[fa686303-1758-4bad-a86f-993efac5b9f9@group-D31071F085E4-cacheEviction-AwaitToRun,5,main] started
2024-05-12 17:49:51,168 [fa686303-1758-4bad-a86f-993efac5b9f9-groupManagement] INFO  segmented.SegmentedRaftLogWorker (SegmentedRaftLogWorker.java:<init>(182)) - new fa686303-1758-4bad-a86f-993efac5b9f9@group-D31071F085E4-SegmentedRaftLogWorker for RaftStorageImpl:Storage Directory /home/runner/work/ozone/ozone/hadoop-ozone/integration-test/target/test-dir/MiniOzoneClusterImpl-d7aad628-a0b7-477d-aae9-77d4c10c22b9/ozone-meta/datanode-1/ratis/0ba0b4bf-2d8f-4cdf-b986-d31071f085e4
2024-05-12 17:49:51,169 [fa686303-1758-4bad-a86f-993efac5b9f9-groupManagement] INFO  server.RaftServerConfigKeys (ConfUtils.java:logGet(46)) - raft.server.log.queue.byte-limit = 4294967296 (custom)
2024-05-12 17:49:51,169 [fa686303-1758-4bad-a86f-993efac5b9f9-groupManagement] INFO  server.RaftServerConfigKeys (ConfUtils.java:logGet(46)) - raft.server.log.queue.element-limit = 1024 (custom)
2024-05-12 17:49:51,169 [fa686303-1758-4bad-a86f-993efac5b9f9-groupManagement] INFO  server.RaftServerConfigKeys (ConfUtils.java:logGet(46)) - raft.server.log.segment.size.max = 67108864 (custom)
2024-05-12 17:49:51,169 [fa686303-1758-4bad-a86f-993efac5b9f9-groupManagement] INFO  server.RaftServerConfigKeys (ConfUtils.java:logGet(46)) - raft.server.log.preallocated.size = 4194304 (custom)
2024-05-12 17:49:51,169 [fa686303-1758-4bad-a86f-993efac5b9f9-groupManagement] INFO  server.RaftServerConfigKeys (ConfUtils.java:logGet(46)) - raft.server.log.force.sync.num = 128 (default)
2024-05-12 17:49:51,169 [fa686303-1758-4bad-a86f-993efac5b9f9-groupManagement] INFO  server.RaftServerConfigKeys (ConfUtils.java:logGet(46)) - raft.server.log.statemachine.data.sync = true (default)
2024-05-12 17:49:51,169 [fa686303-1758-4bad-a86f-993efac5b9f9-groupManagement] INFO  server.RaftServerConfigKeys (ConfUtils.java:logGet(46)) - raft.server.log.statemachine.data.sync.timeout = 10s (default)
2024-05-12 17:49:51,169 [fa686303-1758-4bad-a86f-993efac5b9f9-groupManagement] INFO  server.RaftServerConfigKeys (ConfUtils.java:logGet(46)) - raft.server.log.statemachine.data.sync.timeout.retry = 30 (custom)
2024-05-12 17:49:51,170 [fa686303-1758-4bad-a86f-993efac5b9f9-groupManagement] INFO  server.RaftServerConfigKeys (ConfUtils.java:logGet(46)) - raft.server.log.write.buffer.size = 8388616 (custom)
2024-05-12 17:49:51,171 [fa686303-1758-4bad-a86f-993efac5b9f9-groupManagement] INFO  server.RaftServerConfigKeys (ConfUtils.java:logGet(46)) - raft.server.log.appender.buffer.byte-limit = 8388608 (custom)
2024-05-12 17:49:51,171 [fa686303-1758-4bad-a86f-993efac5b9f9-groupManagement] INFO  server.RaftServerConfigKeys (ConfUtils.java:logGet(46)) - raft.server.log.unsafe-flush.enabled = false (default)
2024-05-12 17:49:51,171 [fa686303-1758-4bad-a86f-993efac5b9f9-groupManagement] INFO  server.RaftServerConfigKeys (ConfUtils.java:logGet(46)) - raft.server.log.async-flush.enabled = false (default)
2024-05-12 17:49:51,171 [fa686303-1758-4bad-a86f-993efac5b9f9-groupManagement] INFO  server.RaftServerConfigKeys (ConfUtils.java:logGet(46)) - raft.server.log.statemachine.data.caching.enabled = true (custom)
2024-05-12 17:49:51,172 [fa686303-1758-4bad-a86f-993efac5b9f9-groupManagement] INFO  segmented.SegmentedRaftLogWorker (SegmentedRaftLogWorker.java:lambda$new$0(134)) - fa686303-1758-4bad-a86f-993efac5b9f9@group-D31071F085E4-SegmentedRaftLogWorker: flushIndex: setUnconditionally 0 -> -1
2024-05-12 17:49:51,172 [fa686303-1758-4bad-a86f-993efac5b9f9-groupManagement] INFO  segmented.SegmentedRaftLogWorker (SegmentedRaftLogWorker.java:lambda$new$0(134)) - fa686303-1758-4bad-a86f-993efac5b9f9@group-D31071F085E4-SegmentedRaftLogWorker: safeCacheEvictIndex: setUnconditionally 0 -> -1
2024-05-12 17:49:51,173 [fa686303-1758-4bad-a86f-993efac5b9f9-groupManagement] INFO  server.RaftServer$Division (RaftServerImpl.java:start(396)) - fa686303-1758-4bad-a86f-993efac5b9f9@group-D31071F085E4: start as a follower, conf=-1: peers:[8dd0fa20-24c1-416b-8738-a4d7cf43ad35|127.0.0.1:15023, 89940199-bd88-4638-b386-d8d3bdf20d7b|127.0.0.1:15032, fa686303-1758-4bad-a86f-993efac5b9f9|127.0.0.1:15014]|listeners:[], old=null
2024-05-12 17:49:51,173 [fa686303-1758-4bad-a86f-993efac5b9f9-groupManagement] INFO  server.RaftServer$Division (RaftServerImpl.java:setRole(383)) - fa686303-1758-4bad-a86f-993efac5b9f9@group-D31071F085E4: changes role from      null to FOLLOWER at term 0 for startAsFollower
2024-05-12 17:49:51,173 [fa686303-1758-4bad-a86f-993efac5b9f9-groupManagement] INFO  impl.RoleInfo (RoleInfo.java:updateAndGet(139)) - fa686303-1758-4bad-a86f-993efac5b9f9: start fa686303-1758-4bad-a86f-993efac5b9f9@group-D31071F085E4-FollowerState
2024-05-12 17:49:51,173 [fa686303-1758-4bad-a86f-993efac5b9f9-groupManagement] INFO  util.JmxRegister (JmxRegister.java:tryRegister(44)) - Successfully registered JMX Bean with object name Ratis:service=RaftServer,group=group-D31071F085E4,id=fa686303-1758-4bad-a86f-993efac5b9f9
2024-05-12 17:49:51,173 [fa686303-1758-4bad-a86f-993efac5b9f9-groupManagement] INFO  server.RaftServerConfigKeys (ConfUtils.java:logGet(46)) - raft.server.snapshot.trigger-when-stop.enabled = true (default)
2024-05-12 17:49:51,173 [fa686303-1758-4bad-a86f-993efac5b9f9-groupManagement] INFO  server.RaftServerConfigKeys (ConfUtils.java:logGet(46)) - raft.server.snapshot.auto.trigger.enabled = true (custom)
2024-05-12 17:49:51,173 [fa686303-1758-4bad-a86f-993efac5b9f9-groupManagement] INFO  server.RaftServerConfigKeys (ConfUtils.java:logGet(46)) - raft.server.snapshot.auto.trigger.threshold = 10000 (custom)
2024-05-12 17:49:51,173 [fa686303-1758-4bad-a86f-993efac5b9f9-groupManagement] INFO  server.RaftServerConfigKeys (ConfUtils.java:logGet(46)) - raft.server.snapshot.retention.file.num = 5 (custom)
2024-05-12 17:49:51,174 [fa686303-1758-4bad-a86f-993efac5b9f9-groupManagement] INFO  server.RaftServerConfigKeys (ConfUtils.java:logGet(46)) - raft.server.log.purge.upto.snapshot.index = false (default)
2024-05-12 17:49:51,175 [fa686303-1758-4bad-a86f-993efac5b9f9-PipelineCommandHandlerThread-0] INFO  ratis.XceiverServerRatis (XceiverServerRatis.java:addGroup(864)) - Created group PipelineID=0ba0b4bf-2d8f-4cdf-b986-d31071f085e4
2024-05-12 17:49:51,177 [fa686303-1758-4bad-a86f-993efac5b9f9@group-D31071F085E4-FollowerState] INFO  server.RaftServerConfigKeys (ConfUtils.java:logFallback(53)) - raft.server.rpc.first-election.timeout.min = 5s (fallback to raft.server.rpc.timeout.min)
2024-05-12 17:49:51,178 [fa686303-1758-4bad-a86f-993efac5b9f9@group-D31071F085E4-FollowerState] INFO  server.RaftServerConfigKeys (ConfUtils.java:logFallback(53)) - raft.server.rpc.first-election.timeout.max = 5200ms (fallback to raft.server.rpc.timeout.max)
2024-05-12 17:49:51,205 [8dd0fa20-24c1-416b-8738-a4d7cf43ad35-PipelineCommandHandlerThread-0] INFO  server.RaftServer (RaftServerProxy.java:addNew(100)) - 8dd0fa20-24c1-416b-8738-a4d7cf43ad35: addNew group-F945394B1DA2:[8dd0fa20-24c1-416b-8738-a4d7cf43ad35|127.0.0.1:15023] returns group-F945394B1DA2:java.util.concurrent.CompletableFuture@6019d2b8[Not completed]
2024-05-12 17:49:51,208 [8dd0fa20-24c1-416b-8738-a4d7cf43ad35-groupManagement] INFO  server.RaftServer$Division (RaftServerImpl.java:<init>(256)) - 8dd0fa20-24c1-416b-8738-a4d7cf43ad35: new RaftServerImpl for group-F945394B1DA2:[8dd0fa20-24c1-416b-8738-a4d7cf43ad35|127.0.0.1:15023] with ContainerStateMachine:uninitialized
2024-05-12 17:49:51,209 [8dd0fa20-24c1-416b-8738-a4d7cf43ad35-groupManagement] INFO  server.RaftServerConfigKeys (ConfUtils.java:logGet(46)) - raft.server.rpc.timeout.min = 5s (custom)
2024-05-12 17:49:51,209 [8dd0fa20-24c1-416b-8738-a4d7cf43ad35-groupManagement] INFO  server.RaftServerConfigKeys (ConfUtils.java:logGet(46)) - raft.server.rpc.timeout.max = 5200ms (custom)
2024-05-12 17:49:51,209 [8dd0fa20-24c1-416b-8738-a4d7cf43ad35-groupManagement] INFO  server.RaftServerConfigKeys (ConfUtils.java:logGet(46)) - raft.server.rpc.sleep.time = 25ms (default)
2024-05-12 17:49:51,210 [8dd0fa20-24c1-416b-8738-a4d7cf43ad35-groupManagement] INFO  server.RaftServerConfigKeys (ConfUtils.java:logGet(46)) - raft.server.rpc.slowness.timeout = 300s (custom)
2024-05-12 17:49:51,210 [8dd0fa20-24c1-416b-8738-a4d7cf43ad35-groupManagement] INFO  server.RaftServerConfigKeys (ConfUtils.java:logGet(46)) - raft.server.leaderelection.leader.step-down.wait-time = 10s (default)
2024-05-12 17:49:51,210 [8dd0fa20-24c1-416b-8738-a4d7cf43ad35-groupManagement] INFO  server.RaftServerConfigKeys (ConfUtils.java:logGet(46)) - raft.server.leaderelection.member.majority-add = false (default)
2024-05-12 17:49:51,211 [8dd0fa20-24c1-416b-8738-a4d7cf43ad35-groupManagement] INFO  server.RaftServerConfigKeys (ConfUtils.java:logGet(46)) - raft.server.sleep.deviation.threshold = 300ms (default)
2024-05-12 17:49:51,211 [8dd0fa20-24c1-416b-8738-a4d7cf43ad35-groupManagement] INFO  server.RaftServer$Division (ServerState.java:<init>(113)) - 8dd0fa20-24c1-416b-8738-a4d7cf43ad35@group-F945394B1DA2: ConfigurationManager, init=-1: peers:[8dd0fa20-24c1-416b-8738-a4d7cf43ad35|127.0.0.1:15023]|listeners:[], old=null, confs=<EMPTY_MAP>
2024-05-12 17:49:51,211 [8dd0fa20-24c1-416b-8738-a4d7cf43ad35-groupManagement] INFO  server.RaftServerConfigKeys (ConfUtils.java:logGet(46)) - raft.server.notification.no-leader.timeout = 300s (custom)
2024-05-12 17:49:51,212 [8dd0fa20-24c1-416b-8738-a4d7cf43ad35-groupManagement] INFO  server.RaftServerConfigKeys (ConfUtils.java:logGet(46)) - raft.server.read.timeout = 10s (default)
2024-05-12 17:49:51,212 [8dd0fa20-24c1-416b-8738-a4d7cf43ad35-groupManagement] INFO  server.RaftServerConfigKeys (ConfUtils.java:logGet(46)) - raft.server.retrycache.expirytime = 600000ms (custom)
2024-05-12 17:49:51,212 [8dd0fa20-24c1-416b-8738-a4d7cf43ad35-groupManagement] INFO  server.RaftServerConfigKeys (ConfUtils.java:logGet(46)) - raft.server.retrycache.statistics.expirytime = 100ms (default)
2024-05-12 17:49:51,213 [8dd0fa20-24c1-416b-8738-a4d7cf43ad35-groupManagement] INFO  server.RaftServerConfigKeys (ConfUtils.java:logGet(46)) - raft.server.read.option = DEFAULT (default)
2024-05-12 17:49:51,213 [8dd0fa20-24c1-416b-8738-a4d7cf43ad35-groupManagement] INFO  server.RaftServerConfigKeys (ConfUtils.java:logGet(46)) - raft.server.read.read-after-write-consistent.write-index-cache.expiry-time = 60s (default)
2024-05-12 17:49:51,218 [8dd0fa20-24c1-416b-8738-a4d7cf43ad35-groupManagement] INFO  server.RaftServerConfigKeys (ConfUtils.java:logGet(46)) - raft.server.rpc.request.timeout = 60s (custom)
2024-05-12 17:49:51,218 [8dd0fa20-24c1-416b-8738-a4d7cf43ad35-groupManagement] INFO  server.RaftServerConfigKeys (ConfUtils.java:logGet(46)) - raft.server.log.appender.install.snapshot.enabled = false (custom)
2024-05-12 17:49:51,219 [8dd0fa20-24c1-416b-8738-a4d7cf43ad35-groupManagement] INFO  server.RaftServerConfigKeys (ConfUtils.java:logGet(46)) - raft.server.threadpool.server.cached = true (default)
2024-05-12 17:49:51,219 [8dd0fa20-24c1-416b-8738-a4d7cf43ad35-groupManagement] INFO  server.RaftServerConfigKeys (ConfUtils.java:logGet(46)) - raft.server.threadpool.server.size = 0 (default)
2024-05-12 17:49:51,219 [8dd0fa20-24c1-416b-8738-a4d7cf43ad35-groupManagement] INFO  server.RaftServerConfigKeys (ConfUtils.java:logGet(46)) - raft.server.threadpool.client.cached = true (default)
2024-05-12 17:49:51,220 [8dd0fa20-24c1-416b-8738-a4d7cf43ad35-groupManagement] INFO  server.RaftServerConfigKeys (ConfUtils.java:logGet(46)) - raft.server.threadpool.client.size = 0 (default)
2024-05-12 17:49:51,220 [8dd0fa20-24c1-416b-8738-a4d7cf43ad35-groupManagement] INFO  server.RaftServerConfigKeys (ConfUtils.java:logGet(46)) - raft.server.storage.free-space.min = 0MB (=0) (default)
2024-05-12 17:49:51,220 [8dd0fa20-24c1-416b-8738-a4d7cf43ad35-groupManagement] INFO  server.RaftServerConfigKeys (ConfUtils.java:logGet(46)) - raft.server.log.corruption.policy = EXCEPTION (default)
2024-05-12 17:49:51,221 [8dd0fa20-24c1-416b-8738-a4d7cf43ad35-groupManagement] INFO  server.RaftServerConfigKeys (ConfUtils.java:logGet(46)) - raft.server.storage.dir = [/home/runner/work/ozone/ozone/hadoop-ozone/integration-test/target/test-dir/MiniOzoneClusterImpl-d7aad628-a0b7-477d-aae9-77d4c10c22b9/ozone-meta/datanode-2/ratis] (custom)
2024-05-12 17:49:51,221 [8dd0fa20-24c1-416b-8738-a4d7cf43ad35-groupManagement] INFO  storage.RaftStorageDirectory (RaftStorageDirectoryImpl.java:analyzeStorage(138)) - The storage directory /home/runner/work/ozone/ozone/hadoop-ozone/integration-test/target/test-dir/MiniOzoneClusterImpl-d7aad628-a0b7-477d-aae9-77d4c10c22b9/ozone-meta/datanode-2/ratis/4899e099-01c9-4a12-a9ac-f945394b1da2 does not exist. Creating ...
2024-05-12 17:49:51,222 [8dd0fa20-24c1-416b-8738-a4d7cf43ad35-groupManagement] INFO  storage.RaftStorageDirectory (RaftStorageDirectoryImpl.java:tryLock(228)) - Lock on /home/runner/work/ozone/ozone/hadoop-ozone/integration-test/target/test-dir/MiniOzoneClusterImpl-d7aad628-a0b7-477d-aae9-77d4c10c22b9/ozone-meta/datanode-2/ratis/4899e099-01c9-4a12-a9ac-f945394b1da2/in_use.lock acquired by nodename 37315@fv-az1151-419
2024-05-12 17:49:51,224 [8dd0fa20-24c1-416b-8738-a4d7cf43ad35-groupManagement] INFO  storage.RaftStorage (RaftStorageImpl.java:format(99)) - Storage directory /home/runner/work/ozone/ozone/hadoop-ozone/integration-test/target/test-dir/MiniOzoneClusterImpl-d7aad628-a0b7-477d-aae9-77d4c10c22b9/ozone-meta/datanode-2/ratis/4899e099-01c9-4a12-a9ac-f945394b1da2 has been successfully formatted.
2024-05-12 17:49:51,224 [8dd0fa20-24c1-416b-8738-a4d7cf43ad35-groupManagement] WARN  util.FileUtils (LogUtils.java:supplyAndLog(63)) - Failed to Files.newInputStream /home/runner/work/ozone/ozone/hadoop-ozone/integration-test/target/test-dir/MiniOzoneClusterImpl-d7aad628-a0b7-477d-aae9-77d4c10c22b9/ozone-meta/datanode-2/ratis/4899e099-01c9-4a12-a9ac-f945394b1da2/current/raft-meta.conf with options []: java.nio.file.NoSuchFileException: /home/runner/work/ozone/ozone/hadoop-ozone/integration-test/target/test-dir/MiniOzoneClusterImpl-d7aad628-a0b7-477d-aae9-77d4c10c22b9/ozone-meta/datanode-2/ratis/4899e099-01c9-4a12-a9ac-f945394b1da2/current/raft-meta.conf
2024-05-12 17:49:51,225 [8dd0fa20-24c1-416b-8738-a4d7cf43ad35-groupManagement] INFO  ratis.ContainerStateMachine (ContainerStateMachine.java:loadSnapshot(287)) - group-F945394B1DA2: The snapshot info is null. Setting the last applied index to:(t:0, i:~)
2024-05-12 17:49:51,225 [8dd0fa20-24c1-416b-8738-a4d7cf43ad35-groupManagement] INFO  server.RaftServerConfigKeys (ConfUtils.java:logGet(46)) - raft.server.log.use.memory = false (default)
2024-05-12 17:49:51,226 [8dd0fa20-24c1-416b-8738-a4d7cf43ad35-groupManagement] INFO  server.RaftServerConfigKeys (ConfUtils.java:logGet(46)) - raft.server.log.purge.gap = 1000000 (custom)
2024-05-12 17:49:51,226 [8dd0fa20-24c1-416b-8738-a4d7cf43ad35-groupManagement] INFO  server.RaftServerConfigKeys (ConfUtils.java:logGet(46)) - raft.server.log.appender.buffer.byte-limit = 8388608 (custom)
2024-05-12 17:49:51,227 [8dd0fa20-24c1-416b-8738-a4d7cf43ad35-groupManagement] INFO  server.RaftServerConfigKeys (ConfUtils.java:logGet(46)) - raft.server.log.statemachine.data.read.timeout = 1000ms (default)
2024-05-12 17:49:51,227 [8dd0fa20-24c1-416b-8738-a4d7cf43ad35-groupManagement] INFO  server.RaftServerConfigKeys (ConfUtils.java:logGet(46)) - raft.server.log.purge.preservation.log.num = 0 (default)
2024-05-12 17:49:51,228 [EventQueue-PipelineReportForPipelineReportHandler] INFO  pipeline.PipelineReportHandler (PipelineReportHandler.java:processPipelineReport(136)) - Opened pipeline PipelineID=4899e099-01c9-4a12-a9ac-f945394b1da2
2024-05-12 17:49:51,228 [EventQueue-OpenPipelineForHealthyPipelineSafeModeRule] INFO  safemode.SCMSafeModeManager (HealthyPipelineSafeModeRule.java:process(140)) - SCM in safe mode. Healthy pipelines reported count is 0, required healthy pipeline reported count is 1
2024-05-12 17:49:51,230 [8dd0fa20-24c1-416b-8738-a4d7cf43ad35-groupManagement] INFO  server.RaftServerConfigKeys (ConfUtils.java:logGet(46)) - raft.server.log.segment.size.max = 67108864 (custom)
2024-05-12 17:49:51,230 [8dd0fa20-24c1-416b-8738-a4d7cf43ad35-groupManagement] INFO  server.RaftServerConfigKeys (ConfUtils.java:logGet(46)) - raft.server.log.segment.cache.num.max = 2 (custom)
2024-05-12 17:49:51,230 [8dd0fa20-24c1-416b-8738-a4d7cf43ad35-groupManagement] INFO  server.RaftServerConfigKeys (ConfUtils.java:logGet(46)) - raft.server.log.segment.cache.size.max = 200MB (=209715200) (default)
2024-05-12 17:49:51,230 [8dd0fa20-24c1-416b-8738-a4d7cf43ad35-groupManagement] INFO  server.RaftServerConfigKeys (ConfUtils.java:logGet(46)) - raft.server.log.appender.buffer.byte-limit = 8388608 (custom)
2024-05-12 17:49:51,231 [8dd0fa20-24c1-416b-8738-a4d7cf43ad35-groupManagement] INFO  util.AwaitToRun (AwaitToRun.java:start(81)) - Thread[8dd0fa20-24c1-416b-8738-a4d7cf43ad35@group-F945394B1DA2-cacheEviction-AwaitToRun,5,main] started
2024-05-12 17:49:51,231 [8dd0fa20-24c1-416b-8738-a4d7cf43ad35-groupManagement] INFO  segmented.SegmentedRaftLogWorker (SegmentedRaftLogWorker.java:<init>(182)) - new 8dd0fa20-24c1-416b-8738-a4d7cf43ad35@group-F945394B1DA2-SegmentedRaftLogWorker for RaftStorageImpl:Storage Directory /home/runner/work/ozone/ozone/hadoop-ozone/integration-test/target/test-dir/MiniOzoneClusterImpl-d7aad628-a0b7-477d-aae9-77d4c10c22b9/ozone-meta/datanode-2/ratis/4899e099-01c9-4a12-a9ac-f945394b1da2
2024-05-12 17:49:51,232 [8dd0fa20-24c1-416b-8738-a4d7cf43ad35-groupManagement] INFO  server.RaftServerConfigKeys (ConfUtils.java:logGet(46)) - raft.server.log.queue.byte-limit = 4294967296 (custom)
2024-05-12 17:49:51,232 [8dd0fa20-24c1-416b-8738-a4d7cf43ad35-groupManagement] INFO  server.RaftServerConfigKeys (ConfUtils.java:logGet(46)) - raft.server.log.queue.element-limit = 1024 (custom)
2024-05-12 17:49:51,233 [8dd0fa20-24c1-416b-8738-a4d7cf43ad35-groupManagement] INFO  server.RaftServerConfigKeys (ConfUtils.java:logGet(46)) - raft.server.log.segment.size.max = 67108864 (custom)
2024-05-12 17:49:51,233 [8dd0fa20-24c1-416b-8738-a4d7cf43ad35-groupManagement] INFO  server.RaftServerConfigKeys (ConfUtils.java:logGet(46)) - raft.server.log.preallocated.size = 4194304 (custom)
2024-05-12 17:49:51,233 [8dd0fa20-24c1-416b-8738-a4d7cf43ad35-groupManagement] INFO  server.RaftServerConfigKeys (ConfUtils.java:logGet(46)) - raft.server.log.force.sync.num = 128 (default)
2024-05-12 17:49:51,233 [8dd0fa20-24c1-416b-8738-a4d7cf43ad35-groupManagement] INFO  server.RaftServerConfigKeys (ConfUtils.java:logGet(46)) - raft.server.log.statemachine.data.sync = true (default)
2024-05-12 17:49:51,233 [8dd0fa20-24c1-416b-8738-a4d7cf43ad35-groupManagement] INFO  server.RaftServerConfigKeys (ConfUtils.java:logGet(46)) - raft.server.log.statemachine.data.sync.timeout = 10s (default)
2024-05-12 17:49:51,233 [8dd0fa20-24c1-416b-8738-a4d7cf43ad35-groupManagement] INFO  server.RaftServerConfigKeys (ConfUtils.java:logGet(46)) - raft.server.log.statemachine.data.sync.timeout.retry = 30 (custom)
2024-05-12 17:49:51,233 [8dd0fa20-24c1-416b-8738-a4d7cf43ad35-groupManagement] INFO  server.RaftServerConfigKeys (ConfUtils.java:logGet(46)) - raft.server.log.write.buffer.size = 8388616 (custom)
2024-05-12 17:49:51,235 [8dd0fa20-24c1-416b-8738-a4d7cf43ad35-groupManagement] INFO  server.RaftServerConfigKeys (ConfUtils.java:logGet(46)) - raft.server.log.appender.buffer.byte-limit = 8388608 (custom)
2024-05-12 17:49:51,235 [8dd0fa20-24c1-416b-8738-a4d7cf43ad35-groupManagement] INFO  server.RaftServerConfigKeys (ConfUtils.java:logGet(46)) - raft.server.log.unsafe-flush.enabled = false (default)
2024-05-12 17:49:51,235 [8dd0fa20-24c1-416b-8738-a4d7cf43ad35-groupManagement] INFO  server.RaftServerConfigKeys (ConfUtils.java:logGet(46)) - raft.server.log.async-flush.enabled = false (default)
2024-05-12 17:49:51,235 [8dd0fa20-24c1-416b-8738-a4d7cf43ad35-groupManagement] INFO  server.RaftServerConfigKeys (ConfUtils.java:logGet(46)) - raft.server.log.statemachine.data.caching.enabled = true (custom)
2024-05-12 17:49:51,235 [8dd0fa20-24c1-416b-8738-a4d7cf43ad35-groupManagement] INFO  segmented.SegmentedRaftLogWorker (SegmentedRaftLogWorker.java:lambda$new$0(134)) - 8dd0fa20-24c1-416b-8738-a4d7cf43ad35@group-F945394B1DA2-SegmentedRaftLogWorker: flushIndex: setUnconditionally 0 -> -1
2024-05-12 17:49:51,235 [8dd0fa20-24c1-416b-8738-a4d7cf43ad35-groupManagement] INFO  segmented.SegmentedRaftLogWorker (SegmentedRaftLogWorker.java:lambda$new$0(134)) - 8dd0fa20-24c1-416b-8738-a4d7cf43ad35@group-F945394B1DA2-SegmentedRaftLogWorker: safeCacheEvictIndex: setUnconditionally 0 -> -1
2024-05-12 17:49:51,241 [8dd0fa20-24c1-416b-8738-a4d7cf43ad35-groupManagement] INFO  server.RaftServer$Division (RaftServerImpl.java:start(396)) - 8dd0fa20-24c1-416b-8738-a4d7cf43ad35@group-F945394B1DA2: start as a follower, conf=-1: peers:[8dd0fa20-24c1-416b-8738-a4d7cf43ad35|127.0.0.1:15023]|listeners:[], old=null
2024-05-12 17:49:51,241 [8dd0fa20-24c1-416b-8738-a4d7cf43ad35-groupManagement] INFO  server.RaftServer$Division (RaftServerImpl.java:setRole(383)) - 8dd0fa20-24c1-416b-8738-a4d7cf43ad35@group-F945394B1DA2: changes role from      null to FOLLOWER at term 0 for startAsFollower
2024-05-12 17:49:51,241 [8dd0fa20-24c1-416b-8738-a4d7cf43ad35-groupManagement] INFO  impl.RoleInfo (RoleInfo.java:updateAndGet(139)) - 8dd0fa20-24c1-416b-8738-a4d7cf43ad35: start 8dd0fa20-24c1-416b-8738-a4d7cf43ad35@group-F945394B1DA2-FollowerState
2024-05-12 17:49:51,241 [8dd0fa20-24c1-416b-8738-a4d7cf43ad35-groupManagement] INFO  util.JmxRegister (JmxRegister.java:tryRegister(44)) - Successfully registered JMX Bean with object name Ratis:service=RaftServer,group=group-F945394B1DA2,id=8dd0fa20-24c1-416b-8738-a4d7cf43ad35
2024-05-12 17:49:51,242 [8dd0fa20-24c1-416b-8738-a4d7cf43ad35-groupManagement] INFO  server.RaftServerConfigKeys (ConfUtils.java:logGet(46)) - raft.server.snapshot.trigger-when-stop.enabled = true (default)
2024-05-12 17:49:51,242 [8dd0fa20-24c1-416b-8738-a4d7cf43ad35-groupManagement] INFO  server.RaftServerConfigKeys (ConfUtils.java:logGet(46)) - raft.server.snapshot.auto.trigger.enabled = true (custom)
2024-05-12 17:49:51,243 [8dd0fa20-24c1-416b-8738-a4d7cf43ad35-groupManagement] INFO  server.RaftServerConfigKeys (ConfUtils.java:logGet(46)) - raft.server.snapshot.auto.trigger.threshold = 10000 (custom)
2024-05-12 17:49:51,243 [8dd0fa20-24c1-416b-8738-a4d7cf43ad35-groupManagement] INFO  server.RaftServerConfigKeys (ConfUtils.java:logGet(46)) - raft.server.snapshot.retention.file.num = 5 (custom)
2024-05-12 17:49:51,244 [8dd0fa20-24c1-416b-8738-a4d7cf43ad35-groupManagement] INFO  server.RaftServerConfigKeys (ConfUtils.java:logGet(46)) - raft.server.log.purge.upto.snapshot.index = false (default)
2024-05-12 17:49:51,245 [8dd0fa20-24c1-416b-8738-a4d7cf43ad35@group-F945394B1DA2-FollowerState] INFO  server.RaftServerConfigKeys (ConfUtils.java:logFallback(53)) - raft.server.rpc.first-election.timeout.min = 5s (fallback to raft.server.rpc.timeout.min)
2024-05-12 17:49:51,245 [8dd0fa20-24c1-416b-8738-a4d7cf43ad35@group-F945394B1DA2-FollowerState] INFO  server.RaftServerConfigKeys (ConfUtils.java:logFallback(53)) - raft.server.rpc.first-election.timeout.max = 5200ms (fallback to raft.server.rpc.timeout.max)
2024-05-12 17:49:51,246 [8dd0fa20-24c1-416b-8738-a4d7cf43ad35-PipelineCommandHandlerThread-0] INFO  ratis.XceiverServerRatis (XceiverServerRatis.java:addGroup(864)) - Created group PipelineID=4899e099-01c9-4a12-a9ac-f945394b1da2
2024-05-12 17:49:51,246 [8dd0fa20-24c1-416b-8738-a4d7cf43ad35-PipelineCommandHandlerThread-0] INFO  commandhandler.CreatePipelineCommandHandler (CreatePipelineCommandHandler.java:lambda$handle$2(124)) - Created Pipeline RATIS ONE PipelineID=4899e099-01c9-4a12-a9ac-f945394b1da2.
2024-05-12 17:49:51,246 [8dd0fa20-24c1-416b-8738-a4d7cf43ad35-PipelineCommandHandlerThread-0] INFO  server.RaftServer (RaftServerProxy.java:addNew(100)) - 8dd0fa20-24c1-416b-8738-a4d7cf43ad35: addNew group-D31071F085E4:[8dd0fa20-24c1-416b-8738-a4d7cf43ad35|127.0.0.1:15023, 89940199-bd88-4638-b386-d8d3bdf20d7b|127.0.0.1:15032, fa686303-1758-4bad-a86f-993efac5b9f9|127.0.0.1:15014] returns group-D31071F085E4:java.util.concurrent.CompletableFuture@64264a63[Not completed]
2024-05-12 17:49:51,248 [8dd0fa20-24c1-416b-8738-a4d7cf43ad35-groupManagement] INFO  server.RaftServer$Division (RaftServerImpl.java:<init>(256)) - 8dd0fa20-24c1-416b-8738-a4d7cf43ad35: new RaftServerImpl for group-D31071F085E4:[8dd0fa20-24c1-416b-8738-a4d7cf43ad35|127.0.0.1:15023, 89940199-bd88-4638-b386-d8d3bdf20d7b|127.0.0.1:15032, fa686303-1758-4bad-a86f-993efac5b9f9|127.0.0.1:15014] with ContainerStateMachine:uninitialized
2024-05-12 17:49:51,248 [8dd0fa20-24c1-416b-8738-a4d7cf43ad35-groupManagement] INFO  server.RaftServerConfigKeys (ConfUtils.java:logGet(46)) - raft.server.rpc.timeout.min = 5s (custom)
2024-05-12 17:49:51,249 [8dd0fa20-24c1-416b-8738-a4d7cf43ad35-groupManagement] INFO  server.RaftServerConfigKeys (ConfUtils.java:logGet(46)) - raft.server.rpc.timeout.max = 5200ms (custom)
2024-05-12 17:49:51,249 [8dd0fa20-24c1-416b-8738-a4d7cf43ad35-groupManagement] INFO  server.RaftServerConfigKeys (ConfUtils.java:logGet(46)) - raft.server.rpc.sleep.time = 25ms (default)
2024-05-12 17:49:51,249 [8dd0fa20-24c1-416b-8738-a4d7cf43ad35-groupManagement] INFO  server.RaftServerConfigKeys (ConfUtils.java:logGet(46)) - raft.server.rpc.slowness.timeout = 300s (custom)
2024-05-12 17:49:51,250 [8dd0fa20-24c1-416b-8738-a4d7cf43ad35-groupManagement] INFO  server.RaftServerConfigKeys (ConfUtils.java:logGet(46)) - raft.server.leaderelection.leader.step-down.wait-time = 10s (default)
2024-05-12 17:49:51,250 [8dd0fa20-24c1-416b-8738-a4d7cf43ad35-groupManagement] INFO  server.RaftServerConfigKeys (ConfUtils.java:logGet(46)) - raft.server.leaderelection.member.majority-add = false (default)
2024-05-12 17:49:51,250 [8dd0fa20-24c1-416b-8738-a4d7cf43ad35-groupManagement] INFO  server.RaftServerConfigKeys (ConfUtils.java:logGet(46)) - raft.server.sleep.deviation.threshold = 300ms (default)
2024-05-12 17:49:51,251 [8dd0fa20-24c1-416b-8738-a4d7cf43ad35-groupManagement] INFO  server.RaftServer$Division (ServerState.java:<init>(113)) - 8dd0fa20-24c1-416b-8738-a4d7cf43ad35@group-D31071F085E4: ConfigurationManager, init=-1: peers:[8dd0fa20-24c1-416b-8738-a4d7cf43ad35|127.0.0.1:15023, 89940199-bd88-4638-b386-d8d3bdf20d7b|127.0.0.1:15032, fa686303-1758-4bad-a86f-993efac5b9f9|127.0.0.1:15014]|listeners:[], old=null, confs=<EMPTY_MAP>
2024-05-12 17:49:51,251 [8dd0fa20-24c1-416b-8738-a4d7cf43ad35-groupManagement] INFO  server.RaftServerConfigKeys (ConfUtils.java:logGet(46)) - raft.server.notification.no-leader.timeout = 300s (custom)
2024-05-12 17:49:51,251 [8dd0fa20-24c1-416b-8738-a4d7cf43ad35-groupManagement] INFO  server.RaftServerConfigKeys (ConfUtils.java:logGet(46)) - raft.server.read.timeout = 10s (default)
2024-05-12 17:49:51,252 [8dd0fa20-24c1-416b-8738-a4d7cf43ad35-groupManagement] INFO  server.RaftServerConfigKeys (ConfUtils.java:logGet(46)) - raft.server.retrycache.expirytime = 600000ms (custom)
2024-05-12 17:49:51,252 [8dd0fa20-24c1-416b-8738-a4d7cf43ad35-groupManagement] INFO  server.RaftServerConfigKeys (ConfUtils.java:logGet(46)) - raft.server.retrycache.statistics.expirytime = 100ms (default)
2024-05-12 17:49:51,253 [8dd0fa20-24c1-416b-8738-a4d7cf43ad35-groupManagement] INFO  server.RaftServerConfigKeys (ConfUtils.java:logGet(46)) - raft.server.read.option = DEFAULT (default)
2024-05-12 17:49:51,253 [8dd0fa20-24c1-416b-8738-a4d7cf43ad35-groupManagement] INFO  server.RaftServerConfigKeys (ConfUtils.java:logGet(46)) - raft.server.read.read-after-write-consistent.write-index-cache.expiry-time = 60s (default)
2024-05-12 17:49:51,257 [8dd0fa20-24c1-416b-8738-a4d7cf43ad35-groupManagement] INFO  server.RaftServerConfigKeys (ConfUtils.java:logGet(46)) - raft.server.rpc.request.timeout = 60s (custom)
2024-05-12 17:49:51,257 [8dd0fa20-24c1-416b-8738-a4d7cf43ad35-groupManagement] INFO  server.RaftServerConfigKeys (ConfUtils.java:logGet(46)) - raft.server.log.appender.install.snapshot.enabled = false (custom)
2024-05-12 17:49:51,258 [8dd0fa20-24c1-416b-8738-a4d7cf43ad35-groupManagement] INFO  server.RaftServerConfigKeys (ConfUtils.java:logGet(46)) - raft.server.threadpool.server.cached = true (default)
2024-05-12 17:49:51,258 [8dd0fa20-24c1-416b-8738-a4d7cf43ad35-groupManagement] INFO  server.RaftServerConfigKeys (ConfUtils.java:logGet(46)) - raft.server.threadpool.server.size = 0 (default)
2024-05-12 17:49:51,258 [8dd0fa20-24c1-416b-8738-a4d7cf43ad35-groupManagement] INFO  server.RaftServerConfigKeys (ConfUtils.java:logGet(46)) - raft.server.threadpool.client.cached = true (default)
2024-05-12 17:49:51,258 [8dd0fa20-24c1-416b-8738-a4d7cf43ad35-groupManagement] INFO  server.RaftServerConfigKeys (ConfUtils.java:logGet(46)) - raft.server.threadpool.client.size = 0 (default)
2024-05-12 17:49:51,258 [8dd0fa20-24c1-416b-8738-a4d7cf43ad35-groupManagement] INFO  server.RaftServerConfigKeys (ConfUtils.java:logGet(46)) - raft.server.storage.free-space.min = 0MB (=0) (default)
2024-05-12 17:49:51,259 [8dd0fa20-24c1-416b-8738-a4d7cf43ad35-groupManagement] INFO  server.RaftServerConfigKeys (ConfUtils.java:logGet(46)) - raft.server.log.corruption.policy = EXCEPTION (default)
2024-05-12 17:49:51,259 [8dd0fa20-24c1-416b-8738-a4d7cf43ad35-groupManagement] INFO  server.RaftServerConfigKeys (ConfUtils.java:logGet(46)) - raft.server.storage.dir = [/home/runner/work/ozone/ozone/hadoop-ozone/integration-test/target/test-dir/MiniOzoneClusterImpl-d7aad628-a0b7-477d-aae9-77d4c10c22b9/ozone-meta/datanode-2/ratis] (custom)
2024-05-12 17:49:51,259 [8dd0fa20-24c1-416b-8738-a4d7cf43ad35-groupManagement] INFO  storage.RaftStorageDirectory (RaftStorageDirectoryImpl.java:analyzeStorage(138)) - The storage directory /home/runner/work/ozone/ozone/hadoop-ozone/integration-test/target/test-dir/MiniOzoneClusterImpl-d7aad628-a0b7-477d-aae9-77d4c10c22b9/ozone-meta/datanode-2/ratis/0ba0b4bf-2d8f-4cdf-b986-d31071f085e4 does not exist. Creating ...
2024-05-12 17:49:51,260 [8dd0fa20-24c1-416b-8738-a4d7cf43ad35-groupManagement] INFO  storage.RaftStorageDirectory (RaftStorageDirectoryImpl.java:tryLock(228)) - Lock on /home/runner/work/ozone/ozone/hadoop-ozone/integration-test/target/test-dir/MiniOzoneClusterImpl-d7aad628-a0b7-477d-aae9-77d4c10c22b9/ozone-meta/datanode-2/ratis/0ba0b4bf-2d8f-4cdf-b986-d31071f085e4/in_use.lock acquired by nodename 37315@fv-az1151-419
2024-05-12 17:49:51,261 [8dd0fa20-24c1-416b-8738-a4d7cf43ad35-groupManagement] INFO  storage.RaftStorage (RaftStorageImpl.java:format(99)) - Storage directory /home/runner/work/ozone/ozone/hadoop-ozone/integration-test/target/test-dir/MiniOzoneClusterImpl-d7aad628-a0b7-477d-aae9-77d4c10c22b9/ozone-meta/datanode-2/ratis/0ba0b4bf-2d8f-4cdf-b986-d31071f085e4 has been successfully formatted.
2024-05-12 17:49:51,262 [8dd0fa20-24c1-416b-8738-a4d7cf43ad35-groupManagement] WARN  util.FileUtils (LogUtils.java:supplyAndLog(63)) - Failed to Files.newInputStream /home/runner/work/ozone/ozone/hadoop-ozone/integration-test/target/test-dir/MiniOzoneClusterImpl-d7aad628-a0b7-477d-aae9-77d4c10c22b9/ozone-meta/datanode-2/ratis/0ba0b4bf-2d8f-4cdf-b986-d31071f085e4/current/raft-meta.conf with options []: java.nio.file.NoSuchFileException: /home/runner/work/ozone/ozone/hadoop-ozone/integration-test/target/test-dir/MiniOzoneClusterImpl-d7aad628-a0b7-477d-aae9-77d4c10c22b9/ozone-meta/datanode-2/ratis/0ba0b4bf-2d8f-4cdf-b986-d31071f085e4/current/raft-meta.conf
2024-05-12 17:49:51,263 [8dd0fa20-24c1-416b-8738-a4d7cf43ad35-groupManagement] INFO  ratis.ContainerStateMachine (ContainerStateMachine.java:loadSnapshot(287)) - group-D31071F085E4: The snapshot info is null. Setting the last applied index to:(t:0, i:~)
2024-05-12 17:49:51,263 [8dd0fa20-24c1-416b-8738-a4d7cf43ad35-groupManagement] INFO  server.RaftServerConfigKeys (ConfUtils.java:logGet(46)) - raft.server.log.use.memory = false (default)
2024-05-12 17:49:51,263 [8dd0fa20-24c1-416b-8738-a4d7cf43ad35-groupManagement] INFO  server.RaftServerConfigKeys (ConfUtils.java:logGet(46)) - raft.server.log.purge.gap = 1000000 (custom)
2024-05-12 17:49:51,264 [EventQueue-OpenPipelineForHealthyPipelineSafeModeRule] INFO  safemode.SCMSafeModeManager (HealthyPipelineSafeModeRule.java:process(140)) - SCM in safe mode. Healthy pipelines reported count is 0, required healthy pipeline reported count is 1
2024-05-12 17:49:51,265 [8dd0fa20-24c1-416b-8738-a4d7cf43ad35-groupManagement] INFO  server.RaftServerConfigKeys (ConfUtils.java:logGet(46)) - raft.server.log.appender.buffer.byte-limit = 8388608 (custom)
2024-05-12 17:49:51,266 [8dd0fa20-24c1-416b-8738-a4d7cf43ad35-groupManagement] INFO  server.RaftServerConfigKeys (ConfUtils.java:logGet(46)) - raft.server.log.statemachine.data.read.timeout = 1000ms (default)
2024-05-12 17:49:51,266 [8dd0fa20-24c1-416b-8738-a4d7cf43ad35-groupManagement] INFO  server.RaftServerConfigKeys (ConfUtils.java:logGet(46)) - raft.server.log.purge.preservation.log.num = 0 (default)
2024-05-12 17:49:51,268 [8dd0fa20-24c1-416b-8738-a4d7cf43ad35-groupManagement] INFO  server.RaftServerConfigKeys (ConfUtils.java:logGet(46)) - raft.server.log.segment.size.max = 67108864 (custom)
2024-05-12 17:49:51,269 [8dd0fa20-24c1-416b-8738-a4d7cf43ad35-groupManagement] INFO  server.RaftServerConfigKeys (ConfUtils.java:logGet(46)) - raft.server.log.segment.cache.num.max = 2 (custom)
2024-05-12 17:49:51,269 [8dd0fa20-24c1-416b-8738-a4d7cf43ad35-groupManagement] INFO  server.RaftServerConfigKeys (ConfUtils.java:logGet(46)) - raft.server.log.segment.cache.size.max = 200MB (=209715200) (default)
2024-05-12 17:49:51,270 [8dd0fa20-24c1-416b-8738-a4d7cf43ad35-groupManagement] INFO  server.RaftServerConfigKeys (ConfUtils.java:logGet(46)) - raft.server.log.appender.buffer.byte-limit = 8388608 (custom)
2024-05-12 17:49:51,274 [8dd0fa20-24c1-416b-8738-a4d7cf43ad35-groupManagement] INFO  util.AwaitToRun (AwaitToRun.java:start(81)) - Thread[8dd0fa20-24c1-416b-8738-a4d7cf43ad35@group-D31071F085E4-cacheEviction-AwaitToRun,5,main] started
2024-05-12 17:49:51,275 [8dd0fa20-24c1-416b-8738-a4d7cf43ad35-groupManagement] INFO  segmented.SegmentedRaftLogWorker (SegmentedRaftLogWorker.java:<init>(182)) - new 8dd0fa20-24c1-416b-8738-a4d7cf43ad35@group-D31071F085E4-SegmentedRaftLogWorker for RaftStorageImpl:Storage Directory /home/runner/work/ozone/ozone/hadoop-ozone/integration-test/target/test-dir/MiniOzoneClusterImpl-d7aad628-a0b7-477d-aae9-77d4c10c22b9/ozone-meta/datanode-2/ratis/0ba0b4bf-2d8f-4cdf-b986-d31071f085e4
2024-05-12 17:49:51,275 [8dd0fa20-24c1-416b-8738-a4d7cf43ad35-groupManagement] INFO  server.RaftServerConfigKeys (ConfUtils.java:logGet(46)) - raft.server.log.queue.byte-limit = 4294967296 (custom)
2024-05-12 17:49:51,275 [8dd0fa20-24c1-416b-8738-a4d7cf43ad35-groupManagement] INFO  server.RaftServerConfigKeys (ConfUtils.java:logGet(46)) - raft.server.log.queue.element-limit = 1024 (custom)
2024-05-12 17:49:51,275 [8dd0fa20-24c1-416b-8738-a4d7cf43ad35-groupManagement] INFO  server.RaftServerConfigKeys (ConfUtils.java:logGet(46)) - raft.server.log.segment.size.max = 67108864 (custom)
2024-05-12 17:49:51,276 [8dd0fa20-24c1-416b-8738-a4d7cf43ad35-groupManagement] INFO  server.RaftServerConfigKeys (ConfUtils.java:logGet(46)) - raft.server.log.preallocated.size = 4194304 (custom)
2024-05-12 17:49:51,276 [8dd0fa20-24c1-416b-8738-a4d7cf43ad35-groupManagement] INFO  server.RaftServerConfigKeys (ConfUtils.java:logGet(46)) - raft.server.log.force.sync.num = 128 (default)
2024-05-12 17:49:51,276 [8dd0fa20-24c1-416b-8738-a4d7cf43ad35-groupManagement] INFO  server.RaftServerConfigKeys (ConfUtils.java:logGet(46)) - raft.server.log.statemachine.data.sync = true (default)
2024-05-12 17:49:51,276 [8dd0fa20-24c1-416b-8738-a4d7cf43ad35-groupManagement] INFO  server.RaftServerConfigKeys (ConfUtils.java:logGet(46)) - raft.server.log.statemachine.data.sync.timeout = 10s (default)
2024-05-12 17:49:51,276 [8dd0fa20-24c1-416b-8738-a4d7cf43ad35-groupManagement] INFO  server.RaftServerConfigKeys (ConfUtils.java:logGet(46)) - raft.server.log.statemachine.data.sync.timeout.retry = 30 (custom)
2024-05-12 17:49:51,277 [8dd0fa20-24c1-416b-8738-a4d7cf43ad35-groupManagement] INFO  server.RaftServerConfigKeys (ConfUtils.java:logGet(46)) - raft.server.log.write.buffer.size = 8388616 (custom)
2024-05-12 17:49:51,281 [8dd0fa20-24c1-416b-8738-a4d7cf43ad35-groupManagement] INFO  server.RaftServerConfigKeys (ConfUtils.java:logGet(46)) - raft.server.log.appender.buffer.byte-limit = 8388608 (custom)
2024-05-12 17:49:51,281 [8dd0fa20-24c1-416b-8738-a4d7cf43ad35-groupManagement] INFO  server.RaftServerConfigKeys (ConfUtils.java:logGet(46)) - raft.server.log.unsafe-flush.enabled = false (default)
2024-05-12 17:49:51,281 [8dd0fa20-24c1-416b-8738-a4d7cf43ad35-groupManagement] INFO  server.RaftServerConfigKeys (ConfUtils.java:logGet(46)) - raft.server.log.async-flush.enabled = false (default)
2024-05-12 17:49:51,282 [8dd0fa20-24c1-416b-8738-a4d7cf43ad35-groupManagement] INFO  server.RaftServerConfigKeys (ConfUtils.java:logGet(46)) - raft.server.log.statemachine.data.caching.enabled = true (custom)
2024-05-12 17:49:51,282 [8dd0fa20-24c1-416b-8738-a4d7cf43ad35-groupManagement] INFO  segmented.SegmentedRaftLogWorker (SegmentedRaftLogWorker.java:lambda$new$0(134)) - 8dd0fa20-24c1-416b-8738-a4d7cf43ad35@group-D31071F085E4-SegmentedRaftLogWorker: flushIndex: setUnconditionally 0 -> -1
2024-05-12 17:49:51,282 [8dd0fa20-24c1-416b-8738-a4d7cf43ad35-groupManagement] INFO  segmented.SegmentedRaftLogWorker (SegmentedRaftLogWorker.java:lambda$new$0(134)) - 8dd0fa20-24c1-416b-8738-a4d7cf43ad35@group-D31071F085E4-SegmentedRaftLogWorker: safeCacheEvictIndex: setUnconditionally 0 -> -1
2024-05-12 17:49:51,282 [8dd0fa20-24c1-416b-8738-a4d7cf43ad35-groupManagement] INFO  server.RaftServer$Division (RaftServerImpl.java:start(396)) - 8dd0fa20-24c1-416b-8738-a4d7cf43ad35@group-D31071F085E4: start as a follower, conf=-1: peers:[8dd0fa20-24c1-416b-8738-a4d7cf43ad35|127.0.0.1:15023, 89940199-bd88-4638-b386-d8d3bdf20d7b|127.0.0.1:15032, fa686303-1758-4bad-a86f-993efac5b9f9|127.0.0.1:15014]|listeners:[], old=null
2024-05-12 17:49:51,284 [8dd0fa20-24c1-416b-8738-a4d7cf43ad35-groupManagement] INFO  server.RaftServer$Division (RaftServerImpl.java:setRole(383)) - 8dd0fa20-24c1-416b-8738-a4d7cf43ad35@group-D31071F085E4: changes role from      null to FOLLOWER at term 0 for startAsFollower
2024-05-12 17:49:51,284 [8dd0fa20-24c1-416b-8738-a4d7cf43ad35-groupManagement] INFO  impl.RoleInfo (RoleInfo.java:updateAndGet(139)) - 8dd0fa20-24c1-416b-8738-a4d7cf43ad35: start 8dd0fa20-24c1-416b-8738-a4d7cf43ad35@group-D31071F085E4-FollowerState
2024-05-12 17:49:51,285 [8dd0fa20-24c1-416b-8738-a4d7cf43ad35-groupManagement] INFO  util.JmxRegister (JmxRegister.java:tryRegister(44)) - Successfully registered JMX Bean with object name Ratis:service=RaftServer,group=group-D31071F085E4,id=8dd0fa20-24c1-416b-8738-a4d7cf43ad35
2024-05-12 17:49:51,285 [8dd0fa20-24c1-416b-8738-a4d7cf43ad35-groupManagement] INFO  server.RaftServerConfigKeys (ConfUtils.java:logGet(46)) - raft.server.snapshot.trigger-when-stop.enabled = true (default)
2024-05-12 17:49:51,285 [8dd0fa20-24c1-416b-8738-a4d7cf43ad35-groupManagement] INFO  server.RaftServerConfigKeys (ConfUtils.java:logGet(46)) - raft.server.snapshot.auto.trigger.enabled = true (custom)
2024-05-12 17:49:51,285 [8dd0fa20-24c1-416b-8738-a4d7cf43ad35-groupManagement] INFO  server.RaftServerConfigKeys (ConfUtils.java:logGet(46)) - raft.server.snapshot.auto.trigger.threshold = 10000 (custom)
2024-05-12 17:49:51,285 [8dd0fa20-24c1-416b-8738-a4d7cf43ad35-groupManagement] INFO  server.RaftServerConfigKeys (ConfUtils.java:logGet(46)) - raft.server.snapshot.retention.file.num = 5 (custom)
2024-05-12 17:49:51,285 [8dd0fa20-24c1-416b-8738-a4d7cf43ad35-groupManagement] INFO  server.RaftServerConfigKeys (ConfUtils.java:logGet(46)) - raft.server.log.purge.upto.snapshot.index = false (default)
2024-05-12 17:49:51,287 [8dd0fa20-24c1-416b-8738-a4d7cf43ad35@group-D31071F085E4-FollowerState] INFO  server.RaftServerConfigKeys (ConfUtils.java:logFallback(53)) - raft.server.rpc.first-election.timeout.min = 5s (fallback to raft.server.rpc.timeout.min)
2024-05-12 17:49:51,287 [8dd0fa20-24c1-416b-8738-a4d7cf43ad35@group-D31071F085E4-FollowerState] INFO  server.RaftServerConfigKeys (ConfUtils.java:logFallback(53)) - raft.server.rpc.first-election.timeout.max = 5200ms (fallback to raft.server.rpc.timeout.max)
2024-05-12 17:49:51,290 [8dd0fa20-24c1-416b-8738-a4d7cf43ad35-PipelineCommandHandlerThread-0] INFO  ratis.XceiverServerRatis (XceiverServerRatis.java:addGroup(864)) - Created group PipelineID=0ba0b4bf-2d8f-4cdf-b986-d31071f085e4
2024-05-12 17:49:51,325 [main] INFO  ozone.MiniOzoneClusterImpl (MiniOzoneClusterImpl.java:lambda$waitForClusterToBeReady$0(194)) - Nodes are ready. Got 3 of 3 DN Heartbeats.
2024-05-12 17:49:51,325 [main] INFO  ozone.MiniOzoneClusterImpl (MiniOzoneClusterImpl.java:lambda$waitForClusterToBeReady$0(197)) - Waiting for cluster to exit safe mode
2024-05-12 17:49:51,325 [main] INFO  ozone.MiniOzoneClusterImpl (MiniOzoneClusterImpl.java:lambda$waitForClusterToBeReady$0(199)) - SCM became leader
2024-05-12 17:49:51,337 [89940199-bd88-4638-b386-d8d3bdf20d7b-PipelineCommandHandlerThread-0] INFO  server.RaftServer (RaftServerProxy.java:addNew(100)) - 89940199-bd88-4638-b386-d8d3bdf20d7b: addNew group-7AD7E6F877BD:[89940199-bd88-4638-b386-d8d3bdf20d7b|127.0.0.1:15032] returns group-7AD7E6F877BD:java.util.concurrent.CompletableFuture@5a8b0b48[Not completed]
2024-05-12 17:49:51,340 [89940199-bd88-4638-b386-d8d3bdf20d7b-groupManagement] INFO  server.RaftServer$Division (RaftServerImpl.java:<init>(256)) - 89940199-bd88-4638-b386-d8d3bdf20d7b: new RaftServerImpl for group-7AD7E6F877BD:[89940199-bd88-4638-b386-d8d3bdf20d7b|127.0.0.1:15032] with ContainerStateMachine:uninitialized
2024-05-12 17:49:51,340 [89940199-bd88-4638-b386-d8d3bdf20d7b-groupManagement] INFO  server.RaftServerConfigKeys (ConfUtils.java:logGet(46)) - raft.server.rpc.timeout.min = 5s (custom)
2024-05-12 17:49:51,341 [89940199-bd88-4638-b386-d8d3bdf20d7b-groupManagement] INFO  server.RaftServerConfigKeys (ConfUtils.java:logGet(46)) - raft.server.rpc.timeout.max = 5200ms (custom)
2024-05-12 17:49:51,341 [89940199-bd88-4638-b386-d8d3bdf20d7b-groupManagement] INFO  server.RaftServerConfigKeys (ConfUtils.java:logGet(46)) - raft.server.rpc.sleep.time = 25ms (default)
2024-05-12 17:49:51,341 [89940199-bd88-4638-b386-d8d3bdf20d7b-groupManagement] INFO  server.RaftServerConfigKeys (ConfUtils.java:logGet(46)) - raft.server.rpc.slowness.timeout = 300s (custom)
2024-05-12 17:49:51,342 [89940199-bd88-4638-b386-d8d3bdf20d7b-groupManagement] INFO  server.RaftServerConfigKeys (ConfUtils.java:logGet(46)) - raft.server.leaderelection.leader.step-down.wait-time = 10s (default)
2024-05-12 17:49:51,345 [89940199-bd88-4638-b386-d8d3bdf20d7b-groupManagement] INFO  server.RaftServerConfigKeys (ConfUtils.java:logGet(46)) - raft.server.leaderelection.member.majority-add = false (default)
2024-05-12 17:49:51,346 [89940199-bd88-4638-b386-d8d3bdf20d7b-groupManagement] INFO  server.RaftServerConfigKeys (ConfUtils.java:logGet(46)) - raft.server.sleep.deviation.threshold = 300ms (default)
2024-05-12 17:49:51,346 [89940199-bd88-4638-b386-d8d3bdf20d7b-groupManagement] INFO  server.RaftServer$Division (ServerState.java:<init>(113)) - 89940199-bd88-4638-b386-d8d3bdf20d7b@group-7AD7E6F877BD: ConfigurationManager, init=-1: peers:[89940199-bd88-4638-b386-d8d3bdf20d7b|127.0.0.1:15032]|listeners:[], old=null, confs=<EMPTY_MAP>
2024-05-12 17:49:51,346 [89940199-bd88-4638-b386-d8d3bdf20d7b-groupManagement] INFO  server.RaftServerConfigKeys (ConfUtils.java:logGet(46)) - raft.server.notification.no-leader.timeout = 300s (custom)
2024-05-12 17:49:51,347 [89940199-bd88-4638-b386-d8d3bdf20d7b-groupManagement] INFO  server.RaftServerConfigKeys (ConfUtils.java:logGet(46)) - raft.server.read.timeout = 10s (default)
2024-05-12 17:49:51,347 [89940199-bd88-4638-b386-d8d3bdf20d7b-groupManagement] INFO  server.RaftServerConfigKeys (ConfUtils.java:logGet(46)) - raft.server.retrycache.expirytime = 600000ms (custom)
2024-05-12 17:49:51,347 [89940199-bd88-4638-b386-d8d3bdf20d7b-groupManagement] INFO  server.RaftServerConfigKeys (ConfUtils.java:logGet(46)) - raft.server.retrycache.statistics.expirytime = 100ms (default)
2024-05-12 17:49:51,348 [89940199-bd88-4638-b386-d8d3bdf20d7b-groupManagement] INFO  server.RaftServerConfigKeys (ConfUtils.java:logGet(46)) - raft.server.read.option = DEFAULT (default)
2024-05-12 17:49:51,348 [89940199-bd88-4638-b386-d8d3bdf20d7b-groupManagement] INFO  server.RaftServerConfigKeys (ConfUtils.java:logGet(46)) - raft.server.read.read-after-write-consistent.write-index-cache.expiry-time = 60s (default)
2024-05-12 17:49:51,355 [89940199-bd88-4638-b386-d8d3bdf20d7b-groupManagement] INFO  server.RaftServerConfigKeys (ConfUtils.java:logGet(46)) - raft.server.rpc.request.timeout = 60s (custom)
2024-05-12 17:49:51,356 [89940199-bd88-4638-b386-d8d3bdf20d7b-groupManagement] INFO  server.RaftServerConfigKeys (ConfUtils.java:logGet(46)) - raft.server.log.appender.install.snapshot.enabled = false (custom)
2024-05-12 17:49:51,357 [89940199-bd88-4638-b386-d8d3bdf20d7b-groupManagement] INFO  server.RaftServerConfigKeys (ConfUtils.java:logGet(46)) - raft.server.threadpool.server.cached = true (default)
2024-05-12 17:49:51,357 [89940199-bd88-4638-b386-d8d3bdf20d7b-groupManagement] INFO  server.RaftServerConfigKeys (ConfUtils.java:logGet(46)) - raft.server.threadpool.server.size = 0 (default)
2024-05-12 17:49:51,357 [89940199-bd88-4638-b386-d8d3bdf20d7b-groupManagement] INFO  server.RaftServerConfigKeys (ConfUtils.java:logGet(46)) - raft.server.threadpool.client.cached = true (default)
2024-05-12 17:49:51,357 [89940199-bd88-4638-b386-d8d3bdf20d7b-groupManagement] INFO  server.RaftServerConfigKeys (ConfUtils.java:logGet(46)) - raft.server.threadpool.client.size = 0 (default)
2024-05-12 17:49:51,358 [89940199-bd88-4638-b386-d8d3bdf20d7b-groupManagement] INFO  server.RaftServerConfigKeys (ConfUtils.java:logGet(46)) - raft.server.storage.free-space.min = 0MB (=0) (default)
2024-05-12 17:49:51,358 [89940199-bd88-4638-b386-d8d3bdf20d7b-groupManagement] INFO  server.RaftServerConfigKeys (ConfUtils.java:logGet(46)) - raft.server.log.corruption.policy = EXCEPTION (default)
2024-05-12 17:49:51,359 [89940199-bd88-4638-b386-d8d3bdf20d7b-groupManagement] INFO  server.RaftServerConfigKeys (ConfUtils.java:logGet(46)) - raft.server.storage.dir = [/home/runner/work/ozone/ozone/hadoop-ozone/integration-test/target/test-dir/MiniOzoneClusterImpl-d7aad628-a0b7-477d-aae9-77d4c10c22b9/ozone-meta/datanode-3/ratis] (custom)
2024-05-12 17:49:51,359 [89940199-bd88-4638-b386-d8d3bdf20d7b-groupManagement] INFO  storage.RaftStorageDirectory (RaftStorageDirectoryImpl.java:analyzeStorage(138)) - The storage directory /home/runner/work/ozone/ozone/hadoop-ozone/integration-test/target/test-dir/MiniOzoneClusterImpl-d7aad628-a0b7-477d-aae9-77d4c10c22b9/ozone-meta/datanode-3/ratis/f6378bd4-9edf-4713-903b-7ad7e6f877bd does not exist. Creating ...
2024-05-12 17:49:51,361 [89940199-bd88-4638-b386-d8d3bdf20d7b-groupManagement] INFO  storage.RaftStorageDirectory (RaftStorageDirectoryImpl.java:tryLock(228)) - Lock on /home/runner/work/ozone/ozone/hadoop-ozone/integration-test/target/test-dir/MiniOzoneClusterImpl-d7aad628-a0b7-477d-aae9-77d4c10c22b9/ozone-meta/datanode-3/ratis/f6378bd4-9edf-4713-903b-7ad7e6f877bd/in_use.lock acquired by nodename 37315@fv-az1151-419
2024-05-12 17:49:51,363 [89940199-bd88-4638-b386-d8d3bdf20d7b-groupManagement] INFO  storage.RaftStorage (RaftStorageImpl.java:format(99)) - Storage directory /home/runner/work/ozone/ozone/hadoop-ozone/integration-test/target/test-dir/MiniOzoneClusterImpl-d7aad628-a0b7-477d-aae9-77d4c10c22b9/ozone-meta/datanode-3/ratis/f6378bd4-9edf-4713-903b-7ad7e6f877bd has been successfully formatted.
2024-05-12 17:49:51,364 [89940199-bd88-4638-b386-d8d3bdf20d7b-groupManagement] WARN  util.FileUtils (LogUtils.java:supplyAndLog(63)) - Failed to Files.newInputStream /home/runner/work/ozone/ozone/hadoop-ozone/integration-test/target/test-dir/MiniOzoneClusterImpl-d7aad628-a0b7-477d-aae9-77d4c10c22b9/ozone-meta/datanode-3/ratis/f6378bd4-9edf-4713-903b-7ad7e6f877bd/current/raft-meta.conf with options []: java.nio.file.NoSuchFileException: /home/runner/work/ozone/ozone/hadoop-ozone/integration-test/target/test-dir/MiniOzoneClusterImpl-d7aad628-a0b7-477d-aae9-77d4c10c22b9/ozone-meta/datanode-3/ratis/f6378bd4-9edf-4713-903b-7ad7e6f877bd/current/raft-meta.conf
2024-05-12 17:49:51,364 [89940199-bd88-4638-b386-d8d3bdf20d7b-groupManagement] INFO  ratis.ContainerStateMachine (ContainerStateMachine.java:loadSnapshot(287)) - group-7AD7E6F877BD: The snapshot info is null. Setting the last applied index to:(t:0, i:~)
2024-05-12 17:49:51,365 [89940199-bd88-4638-b386-d8d3bdf20d7b-groupManagement] INFO  server.RaftServerConfigKeys (ConfUtils.java:logGet(46)) - raft.server.log.use.memory = false (default)
2024-05-12 17:49:51,365 [89940199-bd88-4638-b386-d8d3bdf20d7b-groupManagement] INFO  server.RaftServerConfigKeys (ConfUtils.java:logGet(46)) - raft.server.log.purge.gap = 1000000 (custom)
2024-05-12 17:49:51,365 [89940199-bd88-4638-b386-d8d3bdf20d7b-groupManagement] INFO  server.RaftServerConfigKeys (ConfUtils.java:logGet(46)) - raft.server.log.appender.buffer.byte-limit = 8388608 (custom)
2024-05-12 17:49:51,367 [EventQueue-PipelineReportForPipelineReportHandler] INFO  pipeline.PipelineReportHandler (PipelineReportHandler.java:processPipelineReport(136)) - Opened pipeline PipelineID=f6378bd4-9edf-4713-903b-7ad7e6f877bd
2024-05-12 17:49:51,367 [EventQueue-OpenPipelineForHealthyPipelineSafeModeRule] INFO  safemode.SCMSafeModeManager (HealthyPipelineSafeModeRule.java:process(140)) - SCM in safe mode. Healthy pipelines reported count is 0, required healthy pipeline reported count is 1
2024-05-12 17:49:51,367 [89940199-bd88-4638-b386-d8d3bdf20d7b-groupManagement] INFO  server.RaftServerConfigKeys (ConfUtils.java:logGet(46)) - raft.server.log.statemachine.data.read.timeout = 1000ms (default)
2024-05-12 17:49:51,368 [89940199-bd88-4638-b386-d8d3bdf20d7b-groupManagement] INFO  server.RaftServerConfigKeys (ConfUtils.java:logGet(46)) - raft.server.log.purge.preservation.log.num = 0 (default)
2024-05-12 17:49:51,370 [89940199-bd88-4638-b386-d8d3bdf20d7b-groupManagement] INFO  server.RaftServerConfigKeys (ConfUtils.java:logGet(46)) - raft.server.log.segment.size.max = 67108864 (custom)
2024-05-12 17:49:51,371 [89940199-bd88-4638-b386-d8d3bdf20d7b-groupManagement] INFO  server.RaftServerConfigKeys (ConfUtils.java:logGet(46)) - raft.server.log.segment.cache.num.max = 2 (custom)
2024-05-12 17:49:51,371 [89940199-bd88-4638-b386-d8d3bdf20d7b-groupManagement] INFO  server.RaftServerConfigKeys (ConfUtils.java:logGet(46)) - raft.server.log.segment.cache.size.max = 200MB (=209715200) (default)
2024-05-12 17:49:51,372 [89940199-bd88-4638-b386-d8d3bdf20d7b-groupManagement] INFO  server.RaftServerConfigKeys (ConfUtils.java:logGet(46)) - raft.server.log.appender.buffer.byte-limit = 8388608 (custom)
2024-05-12 17:49:51,386 [89940199-bd88-4638-b386-d8d3bdf20d7b-groupManagement] INFO  util.AwaitToRun (AwaitToRun.java:start(81)) - Thread[89940199-bd88-4638-b386-d8d3bdf20d7b@group-7AD7E6F877BD-cacheEviction-AwaitToRun,5,main] started
2024-05-12 17:49:51,386 [89940199-bd88-4638-b386-d8d3bdf20d7b-groupManagement] INFO  segmented.SegmentedRaftLogWorker (SegmentedRaftLogWorker.java:<init>(182)) - new 89940199-bd88-4638-b386-d8d3bdf20d7b@group-7AD7E6F877BD-SegmentedRaftLogWorker for RaftStorageImpl:Storage Directory /home/runner/work/ozone/ozone/hadoop-ozone/integration-test/target/test-dir/MiniOzoneClusterImpl-d7aad628-a0b7-477d-aae9-77d4c10c22b9/ozone-meta/datanode-3/ratis/f6378bd4-9edf-4713-903b-7ad7e6f877bd
2024-05-12 17:49:51,386 [89940199-bd88-4638-b386-d8d3bdf20d7b-groupManagement] INFO  server.RaftServerConfigKeys (ConfUtils.java:logGet(46)) - raft.server.log.queue.byte-limit = 4294967296 (custom)
2024-05-12 17:49:51,386 [89940199-bd88-4638-b386-d8d3bdf20d7b-groupManagement] INFO  server.RaftServerConfigKeys (ConfUtils.java:logGet(46)) - raft.server.log.queue.element-limit = 1024 (custom)
2024-05-12 17:49:51,387 [89940199-bd88-4638-b386-d8d3bdf20d7b-groupManagement] INFO  server.RaftServerConfigKeys (ConfUtils.java:logGet(46)) - raft.server.log.segment.size.max = 67108864 (custom)
2024-05-12 17:49:51,387 [89940199-bd88-4638-b386-d8d3bdf20d7b-groupManagement] INFO  server.RaftServerConfigKeys (ConfUtils.java:logGet(46)) - raft.server.log.preallocated.size = 4194304 (custom)
2024-05-12 17:49:51,387 [89940199-bd88-4638-b386-d8d3bdf20d7b-groupManagement] INFO  server.RaftServerConfigKeys (ConfUtils.java:logGet(46)) - raft.server.log.force.sync.num = 128 (default)
2024-05-12 17:49:51,387 [89940199-bd88-4638-b386-d8d3bdf20d7b-groupManagement] INFO  server.RaftServerConfigKeys (ConfUtils.java:logGet(46)) - raft.server.log.statemachine.data.sync = true (default)
2024-05-12 17:49:51,387 [89940199-bd88-4638-b386-d8d3bdf20d7b-groupManagement] INFO  server.RaftServerConfigKeys (ConfUtils.java:logGet(46)) - raft.server.log.statemachine.data.sync.timeout = 10s (default)
2024-05-12 17:49:51,387 [89940199-bd88-4638-b386-d8d3bdf20d7b-groupManagement] INFO  server.RaftServerConfigKeys (ConfUtils.java:logGet(46)) - raft.server.log.statemachine.data.sync.timeout.retry = 30 (custom)
2024-05-12 17:49:51,388 [89940199-bd88-4638-b386-d8d3bdf20d7b-groupManagement] INFO  server.RaftServerConfigKeys (ConfUtils.java:logGet(46)) - raft.server.log.write.buffer.size = 8388616 (custom)
2024-05-12 17:49:51,391 [89940199-bd88-4638-b386-d8d3bdf20d7b-groupManagement] INFO  server.RaftServerConfigKeys (ConfUtils.java:logGet(46)) - raft.server.log.appender.buffer.byte-limit = 8388608 (custom)
2024-05-12 17:49:51,391 [89940199-bd88-4638-b386-d8d3bdf20d7b-groupManagement] INFO  server.RaftServerConfigKeys (ConfUtils.java:logGet(46)) - raft.server.log.unsafe-flush.enabled = false (default)
2024-05-12 17:49:51,393 [89940199-bd88-4638-b386-d8d3bdf20d7b-groupManagement] INFO  server.RaftServerConfigKeys (ConfUtils.java:logGet(46)) - raft.server.log.async-flush.enabled = false (default)
2024-05-12 17:49:51,393 [89940199-bd88-4638-b386-d8d3bdf20d7b-groupManagement] INFO  server.RaftServerConfigKeys (ConfUtils.java:logGet(46)) - raft.server.log.statemachine.data.caching.enabled = true (custom)
2024-05-12 17:49:51,393 [89940199-bd88-4638-b386-d8d3bdf20d7b-groupManagement] INFO  segmented.SegmentedRaftLogWorker (SegmentedRaftLogWorker.java:lambda$new$0(134)) - 89940199-bd88-4638-b386-d8d3bdf20d7b@group-7AD7E6F877BD-SegmentedRaftLogWorker: flushIndex: setUnconditionally 0 -> -1
2024-05-12 17:49:51,393 [89940199-bd88-4638-b386-d8d3bdf20d7b-groupManagement] INFO  segmented.SegmentedRaftLogWorker (SegmentedRaftLogWorker.java:lambda$new$0(134)) - 89940199-bd88-4638-b386-d8d3bdf20d7b@group-7AD7E6F877BD-SegmentedRaftLogWorker: safeCacheEvictIndex: setUnconditionally 0 -> -1
2024-05-12 17:49:51,398 [89940199-bd88-4638-b386-d8d3bdf20d7b-groupManagement] INFO  server.RaftServer$Division (RaftServerImpl.java:start(396)) - 89940199-bd88-4638-b386-d8d3bdf20d7b@group-7AD7E6F877BD: start as a follower, conf=-1: peers:[89940199-bd88-4638-b386-d8d3bdf20d7b|127.0.0.1:15032]|listeners:[], old=null
2024-05-12 17:49:51,398 [89940199-bd88-4638-b386-d8d3bdf20d7b-groupManagement] INFO  server.RaftServer$Division (RaftServerImpl.java:setRole(383)) - 89940199-bd88-4638-b386-d8d3bdf20d7b@group-7AD7E6F877BD: changes role from      null to FOLLOWER at term 0 for startAsFollower
2024-05-12 17:49:51,398 [89940199-bd88-4638-b386-d8d3bdf20d7b-groupManagement] INFO  impl.RoleInfo (RoleInfo.java:updateAndGet(139)) - 89940199-bd88-4638-b386-d8d3bdf20d7b: start 89940199-bd88-4638-b386-d8d3bdf20d7b@group-7AD7E6F877BD-FollowerState
2024-05-12 17:49:51,402 [89940199-bd88-4638-b386-d8d3bdf20d7b-groupManagement] INFO  util.JmxRegister (JmxRegister.java:tryRegister(44)) - Successfully registered JMX Bean with object name Ratis:service=RaftServer,group=group-7AD7E6F877BD,id=89940199-bd88-4638-b386-d8d3bdf20d7b
2024-05-12 17:49:51,402 [89940199-bd88-4638-b386-d8d3bdf20d7b-groupManagement] INFO  server.RaftServerConfigKeys (ConfUtils.java:logGet(46)) - raft.server.snapshot.trigger-when-stop.enabled = true (default)
2024-05-12 17:49:51,403 [89940199-bd88-4638-b386-d8d3bdf20d7b-groupManagement] INFO  server.RaftServerConfigKeys (ConfUtils.java:logGet(46)) - raft.server.snapshot.auto.trigger.enabled = true (custom)
2024-05-12 17:49:51,403 [89940199-bd88-4638-b386-d8d3bdf20d7b-groupManagement] INFO  server.RaftServerConfigKeys (ConfUtils.java:logGet(46)) - raft.server.snapshot.auto.trigger.threshold = 10000 (custom)
2024-05-12 17:49:51,403 [89940199-bd88-4638-b386-d8d3bdf20d7b-groupManagement] INFO  server.RaftServerConfigKeys (ConfUtils.java:logGet(46)) - raft.server.snapshot.retention.file.num = 5 (custom)
2024-05-12 17:49:51,403 [89940199-bd88-4638-b386-d8d3bdf20d7b-groupManagement] INFO  server.RaftServerConfigKeys (ConfUtils.java:logGet(46)) - raft.server.log.purge.upto.snapshot.index = false (default)
2024-05-12 17:49:51,404 [89940199-bd88-4638-b386-d8d3bdf20d7b@group-7AD7E6F877BD-FollowerState] INFO  server.RaftServerConfigKeys (ConfUtils.java:logFallback(53)) - raft.server.rpc.first-election.timeout.min = 5s (fallback to raft.server.rpc.timeout.min)
2024-05-12 17:49:51,404 [89940199-bd88-4638-b386-d8d3bdf20d7b@group-7AD7E6F877BD-FollowerState] INFO  server.RaftServerConfigKeys (ConfUtils.java:logFallback(53)) - raft.server.rpc.first-election.timeout.max = 5200ms (fallback to raft.server.rpc.timeout.max)
2024-05-12 17:49:51,404 [89940199-bd88-4638-b386-d8d3bdf20d7b-PipelineCommandHandlerThread-0] INFO  ratis.XceiverServerRatis (XceiverServerRatis.java:addGroup(864)) - Created group PipelineID=f6378bd4-9edf-4713-903b-7ad7e6f877bd
2024-05-12 17:49:51,404 [89940199-bd88-4638-b386-d8d3bdf20d7b-PipelineCommandHandlerThread-0] INFO  commandhandler.CreatePipelineCommandHandler (CreatePipelineCommandHandler.java:lambda$handle$2(124)) - Created Pipeline RATIS ONE PipelineID=f6378bd4-9edf-4713-903b-7ad7e6f877bd.
2024-05-12 17:49:51,404 [89940199-bd88-4638-b386-d8d3bdf20d7b-PipelineCommandHandlerThread-0] INFO  server.RaftServer (RaftServerProxy.java:addNew(100)) - 89940199-bd88-4638-b386-d8d3bdf20d7b: addNew group-D31071F085E4:[8dd0fa20-24c1-416b-8738-a4d7cf43ad35|127.0.0.1:15023, 89940199-bd88-4638-b386-d8d3bdf20d7b|127.0.0.1:15032, fa686303-1758-4bad-a86f-993efac5b9f9|127.0.0.1:15014] returns group-D31071F085E4:java.util.concurrent.CompletableFuture@5eb484c1[Not completed]
2024-05-12 17:49:51,406 [89940199-bd88-4638-b386-d8d3bdf20d7b-groupManagement] INFO  server.RaftServer$Division (RaftServerImpl.java:<init>(256)) - 89940199-bd88-4638-b386-d8d3bdf20d7b: new RaftServerImpl for group-D31071F085E4:[8dd0fa20-24c1-416b-8738-a4d7cf43ad35|127.0.0.1:15023, 89940199-bd88-4638-b386-d8d3bdf20d7b|127.0.0.1:15032, fa686303-1758-4bad-a86f-993efac5b9f9|127.0.0.1:15014] with ContainerStateMachine:uninitialized
2024-05-12 17:49:51,406 [89940199-bd88-4638-b386-d8d3bdf20d7b-groupManagement] INFO  server.RaftServerConfigKeys (ConfUtils.java:logGet(46)) - raft.server.rpc.timeout.min = 5s (custom)
2024-05-12 17:49:51,407 [89940199-bd88-4638-b386-d8d3bdf20d7b-groupManagement] INFO  server.RaftServerConfigKeys (ConfUtils.java:logGet(46)) - raft.server.rpc.timeout.max = 5200ms (custom)
2024-05-12 17:49:51,407 [89940199-bd88-4638-b386-d8d3bdf20d7b-groupManagement] INFO  server.RaftServerConfigKeys (ConfUtils.java:logGet(46)) - raft.server.rpc.sleep.time = 25ms (default)
2024-05-12 17:49:51,407 [89940199-bd88-4638-b386-d8d3bdf20d7b-groupManagement] INFO  server.RaftServerConfigKeys (ConfUtils.java:logGet(46)) - raft.server.rpc.slowness.timeout = 300s (custom)
2024-05-12 17:49:51,407 [89940199-bd88-4638-b386-d8d3bdf20d7b-groupManagement] INFO  server.RaftServerConfigKeys (ConfUtils.java:logGet(46)) - raft.server.leaderelection.leader.step-down.wait-time = 10s (default)
2024-05-12 17:49:51,407 [89940199-bd88-4638-b386-d8d3bdf20d7b-groupManagement] INFO  server.RaftServerConfigKeys (ConfUtils.java:logGet(46)) - raft.server.leaderelection.member.majority-add = false (default)
2024-05-12 17:49:51,407 [89940199-bd88-4638-b386-d8d3bdf20d7b-groupManagement] INFO  server.RaftServerConfigKeys (ConfUtils.java:logGet(46)) - raft.server.sleep.deviation.threshold = 300ms (default)
2024-05-12 17:49:51,407 [89940199-bd88-4638-b386-d8d3bdf20d7b-groupManagement] INFO  server.RaftServer$Division (ServerState.java:<init>(113)) - 89940199-bd88-4638-b386-d8d3bdf20d7b@group-D31071F085E4: ConfigurationManager, init=-1: peers:[8dd0fa20-24c1-416b-8738-a4d7cf43ad35|127.0.0.1:15023, 89940199-bd88-4638-b386-d8d3bdf20d7b|127.0.0.1:15032, fa686303-1758-4bad-a86f-993efac5b9f9|127.0.0.1:15014]|listeners:[], old=null, confs=<EMPTY_MAP>
2024-05-12 17:49:51,407 [89940199-bd88-4638-b386-d8d3bdf20d7b-groupManagement] INFO  server.RaftServerConfigKeys (ConfUtils.java:logGet(46)) - raft.server.notification.no-leader.timeout = 300s (custom)
2024-05-12 17:49:51,407 [89940199-bd88-4638-b386-d8d3bdf20d7b-groupManagement] INFO  server.RaftServerConfigKeys (ConfUtils.java:logGet(46)) - raft.server.read.timeout = 10s (default)
2024-05-12 17:49:51,407 [89940199-bd88-4638-b386-d8d3bdf20d7b-groupManagement] INFO  server.RaftServerConfigKeys (ConfUtils.java:logGet(46)) - raft.server.retrycache.expirytime = 600000ms (custom)
2024-05-12 17:49:51,407 [89940199-bd88-4638-b386-d8d3bdf20d7b-groupManagement] INFO  server.RaftServerConfigKeys (ConfUtils.java:logGet(46)) - raft.server.retrycache.statistics.expirytime = 100ms (default)
2024-05-12 17:49:51,407 [89940199-bd88-4638-b386-d8d3bdf20d7b-groupManagement] INFO  server.RaftServerConfigKeys (ConfUtils.java:logGet(46)) - raft.server.read.option = DEFAULT (default)
2024-05-12 17:49:51,407 [89940199-bd88-4638-b386-d8d3bdf20d7b-groupManagement] INFO  server.RaftServerConfigKeys (ConfUtils.java:logGet(46)) - raft.server.read.read-after-write-consistent.write-index-cache.expiry-time = 60s (default)
2024-05-12 17:49:51,411 [89940199-bd88-4638-b386-d8d3bdf20d7b-groupManagement] INFO  server.RaftServerConfigKeys (ConfUtils.java:logGet(46)) - raft.server.rpc.request.timeout = 60s (custom)
2024-05-12 17:49:51,411 [89940199-bd88-4638-b386-d8d3bdf20d7b-groupManagement] INFO  server.RaftServerConfigKeys (ConfUtils.java:logGet(46)) - raft.server.log.appender.install.snapshot.enabled = false (custom)
2024-05-12 17:49:51,411 [89940199-bd88-4638-b386-d8d3bdf20d7b-groupManagement] INFO  server.RaftServerConfigKeys (ConfUtils.java:logGet(46)) - raft.server.threadpool.server.cached = true (default)
2024-05-12 17:49:51,411 [89940199-bd88-4638-b386-d8d3bdf20d7b-groupManagement] INFO  server.RaftServerConfigKeys (ConfUtils.java:logGet(46)) - raft.server.threadpool.server.size = 0 (default)
2024-05-12 17:49:51,411 [89940199-bd88-4638-b386-d8d3bdf20d7b-groupManagement] INFO  server.RaftServerConfigKeys (ConfUtils.java:logGet(46)) - raft.server.threadpool.client.cached = true (default)
2024-05-12 17:49:51,411 [89940199-bd88-4638-b386-d8d3bdf20d7b-groupManagement] INFO  server.RaftServerConfigKeys (ConfUtils.java:logGet(46)) - raft.server.threadpool.client.size = 0 (default)
2024-05-12 17:49:51,411 [89940199-bd88-4638-b386-d8d3bdf20d7b-groupManagement] INFO  server.RaftServerConfigKeys (ConfUtils.java:logGet(46)) - raft.server.storage.free-space.min = 0MB (=0) (default)
2024-05-12 17:49:51,411 [89940199-bd88-4638-b386-d8d3bdf20d7b-groupManagement] INFO  server.RaftServerConfigKeys (ConfUtils.java:logGet(46)) - raft.server.log.corruption.policy = EXCEPTION (default)
2024-05-12 17:49:51,411 [89940199-bd88-4638-b386-d8d3bdf20d7b-groupManagement] INFO  server.RaftServerConfigKeys (ConfUtils.java:logGet(46)) - raft.server.storage.dir = [/home/runner/work/ozone/ozone/hadoop-ozone/integration-test/target/test-dir/MiniOzoneClusterImpl-d7aad628-a0b7-477d-aae9-77d4c10c22b9/ozone-meta/datanode-3/ratis] (custom)
2024-05-12 17:49:51,411 [89940199-bd88-4638-b386-d8d3bdf20d7b-groupManagement] INFO  storage.RaftStorageDirectory (RaftStorageDirectoryImpl.java:analyzeStorage(138)) - The storage directory /home/runner/work/ozone/ozone/hadoop-ozone/integration-test/target/test-dir/MiniOzoneClusterImpl-d7aad628-a0b7-477d-aae9-77d4c10c22b9/ozone-meta/datanode-3/ratis/0ba0b4bf-2d8f-4cdf-b986-d31071f085e4 does not exist. Creating ...
2024-05-12 17:49:51,413 [89940199-bd88-4638-b386-d8d3bdf20d7b-groupManagement] INFO  storage.RaftStorageDirectory (RaftStorageDirectoryImpl.java:tryLock(228)) - Lock on /home/runner/work/ozone/ozone/hadoop-ozone/integration-test/target/test-dir/MiniOzoneClusterImpl-d7aad628-a0b7-477d-aae9-77d4c10c22b9/ozone-meta/datanode-3/ratis/0ba0b4bf-2d8f-4cdf-b986-d31071f085e4/in_use.lock acquired by nodename 37315@fv-az1151-419
2024-05-12 17:49:51,414 [89940199-bd88-4638-b386-d8d3bdf20d7b-groupManagement] INFO  storage.RaftStorage (RaftStorageImpl.java:format(99)) - Storage directory /home/runner/work/ozone/ozone/hadoop-ozone/integration-test/target/test-dir/MiniOzoneClusterImpl-d7aad628-a0b7-477d-aae9-77d4c10c22b9/ozone-meta/datanode-3/ratis/0ba0b4bf-2d8f-4cdf-b986-d31071f085e4 has been successfully formatted.
2024-05-12 17:49:51,415 [89940199-bd88-4638-b386-d8d3bdf20d7b-groupManagement] WARN  util.FileUtils (LogUtils.java:supplyAndLog(63)) - Failed to Files.newInputStream /home/runner/work/ozone/ozone/hadoop-ozone/integration-test/target/test-dir/MiniOzoneClusterImpl-d7aad628-a0b7-477d-aae9-77d4c10c22b9/ozone-meta/datanode-3/ratis/0ba0b4bf-2d8f-4cdf-b986-d31071f085e4/current/raft-meta.conf with options []: java.nio.file.NoSuchFileException: /home/runner/work/ozone/ozone/hadoop-ozone/integration-test/target/test-dir/MiniOzoneClusterImpl-d7aad628-a0b7-477d-aae9-77d4c10c22b9/ozone-meta/datanode-3/ratis/0ba0b4bf-2d8f-4cdf-b986-d31071f085e4/current/raft-meta.conf
2024-05-12 17:49:51,415 [89940199-bd88-4638-b386-d8d3bdf20d7b-groupManagement] INFO  ratis.ContainerStateMachine (ContainerStateMachine.java:loadSnapshot(287)) - group-D31071F085E4: The snapshot info is null. Setting the last applied index to:(t:0, i:~)
2024-05-12 17:49:51,415 [89940199-bd88-4638-b386-d8d3bdf20d7b-groupManagement] INFO  server.RaftServerConfigKeys (ConfUtils.java:logGet(46)) - raft.server.log.use.memory = false (default)
2024-05-12 17:49:51,415 [89940199-bd88-4638-b386-d8d3bdf20d7b-groupManagement] INFO  server.RaftServerConfigKeys (ConfUtils.java:logGet(46)) - raft.server.log.purge.gap = 1000000 (custom)
2024-05-12 17:49:51,415 [89940199-bd88-4638-b386-d8d3bdf20d7b-groupManagement] INFO  server.RaftServerConfigKeys (ConfUtils.java:logGet(46)) - raft.server.log.appender.buffer.byte-limit = 8388608 (custom)
2024-05-12 17:49:51,415 [89940199-bd88-4638-b386-d8d3bdf20d7b-groupManagement] INFO  server.RaftServerConfigKeys (ConfUtils.java:logGet(46)) - raft.server.log.statemachine.data.read.timeout = 1000ms (default)
2024-05-12 17:49:51,416 [89940199-bd88-4638-b386-d8d3bdf20d7b-groupManagement] INFO  server.RaftServerConfigKeys (ConfUtils.java:logGet(46)) - raft.server.log.purge.preservation.log.num = 0 (default)
2024-05-12 17:49:51,418 [EventQueue-OpenPipelineForHealthyPipelineSafeModeRule] INFO  safemode.SCMSafeModeManager (HealthyPipelineSafeModeRule.java:process(140)) - SCM in safe mode. Healthy pipelines reported count is 0, required healthy pipeline reported count is 1
2024-05-12 17:49:51,422 [89940199-bd88-4638-b386-d8d3bdf20d7b-groupManagement] INFO  server.RaftServerConfigKeys (ConfUtils.java:logGet(46)) - raft.server.log.segment.size.max = 67108864 (custom)
2024-05-12 17:49:51,423 [89940199-bd88-4638-b386-d8d3bdf20d7b-groupManagement] INFO  server.RaftServerConfigKeys (ConfUtils.java:logGet(46)) - raft.server.log.segment.cache.num.max = 2 (custom)
2024-05-12 17:49:51,423 [89940199-bd88-4638-b386-d8d3bdf20d7b-groupManagement] INFO  server.RaftServerConfigKeys (ConfUtils.java:logGet(46)) - raft.server.log.segment.cache.size.max = 200MB (=209715200) (default)
2024-05-12 17:49:51,423 [89940199-bd88-4638-b386-d8d3bdf20d7b-groupManagement] INFO  server.RaftServerConfigKeys (ConfUtils.java:logGet(46)) - raft.server.log.appender.buffer.byte-limit = 8388608 (custom)
2024-05-12 17:49:51,428 [89940199-bd88-4638-b386-d8d3bdf20d7b-groupManagement] INFO  util.AwaitToRun (AwaitToRun.java:start(81)) - Thread[89940199-bd88-4638-b386-d8d3bdf20d7b@group-D31071F085E4-cacheEviction-AwaitToRun,5,main] started
2024-05-12 17:49:51,428 [89940199-bd88-4638-b386-d8d3bdf20d7b-groupManagement] INFO  segmented.SegmentedRaftLogWorker (SegmentedRaftLogWorker.java:<init>(182)) - new 89940199-bd88-4638-b386-d8d3bdf20d7b@group-D31071F085E4-SegmentedRaftLogWorker for RaftStorageImpl:Storage Directory /home/runner/work/ozone/ozone/hadoop-ozone/integration-test/target/test-dir/MiniOzoneClusterImpl-d7aad628-a0b7-477d-aae9-77d4c10c22b9/ozone-meta/datanode-3/ratis/0ba0b4bf-2d8f-4cdf-b986-d31071f085e4
2024-05-12 17:49:51,428 [89940199-bd88-4638-b386-d8d3bdf20d7b-groupManagement] INFO  server.RaftServerConfigKeys (ConfUtils.java:logGet(46)) - raft.server.log.queue.byte-limit = 4294967296 (custom)
2024-05-12 17:49:51,428 [89940199-bd88-4638-b386-d8d3bdf20d7b-groupManagement] INFO  server.RaftServerConfigKeys (ConfUtils.java:logGet(46)) - raft.server.log.queue.element-limit = 1024 (custom)
2024-05-12 17:49:51,429 [89940199-bd88-4638-b386-d8d3bdf20d7b-groupManagement] INFO  server.RaftServerConfigKeys (ConfUtils.java:logGet(46)) - raft.server.log.segment.size.max = 67108864 (custom)
2024-05-12 17:49:51,429 [89940199-bd88-4638-b386-d8d3bdf20d7b-groupManagement] INFO  server.RaftServerConfigKeys (ConfUtils.java:logGet(46)) - raft.server.log.preallocated.size = 4194304 (custom)
2024-05-12 17:49:51,429 [89940199-bd88-4638-b386-d8d3bdf20d7b-groupManagement] INFO  server.RaftServerConfigKeys (ConfUtils.java:logGet(46)) - raft.server.log.force.sync.num = 128 (default)
2024-05-12 17:49:51,429 [89940199-bd88-4638-b386-d8d3bdf20d7b-groupManagement] INFO  server.RaftServerConfigKeys (ConfUtils.java:logGet(46)) - raft.server.log.statemachine.data.sync = true (default)
2024-05-12 17:49:51,429 [89940199-bd88-4638-b386-d8d3bdf20d7b-groupManagement] INFO  server.RaftServerConfigKeys (ConfUtils.java:logGet(46)) - raft.server.log.statemachine.data.sync.timeout = 10s (default)
2024-05-12 17:49:51,429 [89940199-bd88-4638-b386-d8d3bdf20d7b-groupManagement] INFO  server.RaftServerConfigKeys (ConfUtils.java:logGet(46)) - raft.server.log.statemachine.data.sync.timeout.retry = 30 (custom)
2024-05-12 17:49:51,429 [89940199-bd88-4638-b386-d8d3bdf20d7b-groupManagement] INFO  server.RaftServerConfigKeys (ConfUtils.java:logGet(46)) - raft.server.log.write.buffer.size = 8388616 (custom)
2024-05-12 17:49:51,431 [89940199-bd88-4638-b386-d8d3bdf20d7b-groupManagement] INFO  server.RaftServerConfigKeys (ConfUtils.java:logGet(46)) - raft.server.log.appender.buffer.byte-limit = 8388608 (custom)
2024-05-12 17:49:51,431 [89940199-bd88-4638-b386-d8d3bdf20d7b-groupManagement] INFO  server.RaftServerConfigKeys (ConfUtils.java:logGet(46)) - raft.server.log.unsafe-flush.enabled = false (default)
2024-05-12 17:49:51,431 [89940199-bd88-4638-b386-d8d3bdf20d7b-groupManagement] INFO  server.RaftServerConfigKeys (ConfUtils.java:logGet(46)) - raft.server.log.async-flush.enabled = false (default)
2024-05-12 17:49:51,431 [89940199-bd88-4638-b386-d8d3bdf20d7b-groupManagement] INFO  server.RaftServerConfigKeys (ConfUtils.java:logGet(46)) - raft.server.log.statemachine.data.caching.enabled = true (custom)
2024-05-12 17:49:51,431 [89940199-bd88-4638-b386-d8d3bdf20d7b-groupManagement] INFO  segmented.SegmentedRaftLogWorker (SegmentedRaftLogWorker.java:lambda$new$0(134)) - 89940199-bd88-4638-b386-d8d3bdf20d7b@group-D31071F085E4-SegmentedRaftLogWorker: flushIndex: setUnconditionally 0 -> -1
2024-05-12 17:49:51,431 [89940199-bd88-4638-b386-d8d3bdf20d7b-groupManagement] INFO  segmented.SegmentedRaftLogWorker (SegmentedRaftLogWorker.java:lambda$new$0(134)) - 89940199-bd88-4638-b386-d8d3bdf20d7b@group-D31071F085E4-SegmentedRaftLogWorker: safeCacheEvictIndex: setUnconditionally 0 -> -1
2024-05-12 17:49:51,432 [89940199-bd88-4638-b386-d8d3bdf20d7b-groupManagement] INFO  server.RaftServer$Division (RaftServerImpl.java:start(396)) - 89940199-bd88-4638-b386-d8d3bdf20d7b@group-D31071F085E4: start as a follower, conf=-1: peers:[8dd0fa20-24c1-416b-8738-a4d7cf43ad35|127.0.0.1:15023, 89940199-bd88-4638-b386-d8d3bdf20d7b|127.0.0.1:15032, fa686303-1758-4bad-a86f-993efac5b9f9|127.0.0.1:15014]|listeners:[], old=null
2024-05-12 17:49:51,432 [89940199-bd88-4638-b386-d8d3bdf20d7b-groupManagement] INFO  server.RaftServer$Division (RaftServerImpl.java:setRole(383)) - 89940199-bd88-4638-b386-d8d3bdf20d7b@group-D31071F085E4: changes role from      null to FOLLOWER at term 0 for startAsFollower
2024-05-12 17:49:51,432 [89940199-bd88-4638-b386-d8d3bdf20d7b-groupManagement] INFO  impl.RoleInfo (RoleInfo.java:updateAndGet(139)) - 89940199-bd88-4638-b386-d8d3bdf20d7b: start 89940199-bd88-4638-b386-d8d3bdf20d7b@group-D31071F085E4-FollowerState
2024-05-12 17:49:51,434 [89940199-bd88-4638-b386-d8d3bdf20d7b-groupManagement] INFO  util.JmxRegister (JmxRegister.java:tryRegister(44)) - Successfully registered JMX Bean with object name Ratis:service=RaftServer,group=group-D31071F085E4,id=89940199-bd88-4638-b386-d8d3bdf20d7b
2024-05-12 17:49:51,434 [89940199-bd88-4638-b386-d8d3bdf20d7b-groupManagement] INFO  server.RaftServerConfigKeys (ConfUtils.java:logGet(46)) - raft.server.snapshot.trigger-when-stop.enabled = true (default)
2024-05-12 17:49:51,434 [89940199-bd88-4638-b386-d8d3bdf20d7b-groupManagement] INFO  server.RaftServerConfigKeys (ConfUtils.java:logGet(46)) - raft.server.snapshot.auto.trigger.enabled = true (custom)
2024-05-12 17:49:51,434 [89940199-bd88-4638-b386-d8d3bdf20d7b-groupManagement] INFO  server.RaftServerConfigKeys (ConfUtils.java:logGet(46)) - raft.server.snapshot.auto.trigger.threshold = 10000 (custom)
2024-05-12 17:49:51,434 [89940199-bd88-4638-b386-d8d3bdf20d7b-groupManagement] INFO  server.RaftServerConfigKeys (ConfUtils.java:logGet(46)) - raft.server.snapshot.retention.file.num = 5 (custom)
2024-05-12 17:49:51,434 [89940199-bd88-4638-b386-d8d3bdf20d7b-groupManagement] INFO  server.RaftServerConfigKeys (ConfUtils.java:logGet(46)) - raft.server.log.purge.upto.snapshot.index = false (default)
2024-05-12 17:49:51,436 [89940199-bd88-4638-b386-d8d3bdf20d7b@group-D31071F085E4-FollowerState] INFO  server.RaftServerConfigKeys (ConfUtils.java:logFallback(53)) - raft.server.rpc.first-election.timeout.min = 5s (fallback to raft.server.rpc.timeout.min)
2024-05-12 17:49:51,437 [89940199-bd88-4638-b386-d8d3bdf20d7b@group-D31071F085E4-FollowerState] INFO  server.RaftServerConfigKeys (ConfUtils.java:logFallback(53)) - raft.server.rpc.first-election.timeout.max = 5200ms (fallback to raft.server.rpc.timeout.max)
2024-05-12 17:49:51,437 [89940199-bd88-4638-b386-d8d3bdf20d7b-PipelineCommandHandlerThread-0] INFO  ratis.XceiverServerRatis (XceiverServerRatis.java:addGroup(864)) - Created group PipelineID=0ba0b4bf-2d8f-4cdf-b986-d31071f085e4
2024-05-12 17:49:51,547 [89940199-bd88-4638-b386-d8d3bdf20d7b-PipelineCommandHandlerThread-0] INFO  commandhandler.CreatePipelineCommandHandler (CreatePipelineCommandHandler.java:lambda$handle$2(124)) - Created Pipeline RATIS THREE PipelineID=0ba0b4bf-2d8f-4cdf-b986-d31071f085e4.
2024-05-12 17:49:51,548 [89940199-bd88-4638-b386-d8d3bdf20d7b-PipelineCommandHandlerThread-0] INFO  server.RaftServer (RaftServerProxy.java:addNew(100)) - 89940199-bd88-4638-b386-d8d3bdf20d7b: addNew group-8657B28DB93C:[8dd0fa20-24c1-416b-8738-a4d7cf43ad35|127.0.0.1:15023, 89940199-bd88-4638-b386-d8d3bdf20d7b|127.0.0.1:15032, fa686303-1758-4bad-a86f-993efac5b9f9|127.0.0.1:15014] returns group-8657B28DB93C:java.util.concurrent.CompletableFuture@611b3456[Not completed]
2024-05-12 17:49:51,549 [89940199-bd88-4638-b386-d8d3bdf20d7b-groupManagement] INFO  server.RaftServer$Division (RaftServerImpl.java:<init>(256)) - 89940199-bd88-4638-b386-d8d3bdf20d7b: new RaftServerImpl for group-8657B28DB93C:[8dd0fa20-24c1-416b-8738-a4d7cf43ad35|127.0.0.1:15023, 89940199-bd88-4638-b386-d8d3bdf20d7b|127.0.0.1:15032, fa686303-1758-4bad-a86f-993efac5b9f9|127.0.0.1:15014] with ContainerStateMachine:uninitialized
2024-05-12 17:49:51,549 [89940199-bd88-4638-b386-d8d3bdf20d7b-groupManagement] INFO  server.RaftServerConfigKeys (ConfUtils.java:logGet(46)) - raft.server.rpc.timeout.min = 5s (custom)
2024-05-12 17:49:51,549 [89940199-bd88-4638-b386-d8d3bdf20d7b-groupManagement] INFO  server.RaftServerConfigKeys (ConfUtils.java:logGet(46)) - raft.server.rpc.timeout.max = 5200ms (custom)
2024-05-12 17:49:51,549 [89940199-bd88-4638-b386-d8d3bdf20d7b-groupManagement] INFO  server.RaftServerConfigKeys (ConfUtils.java:logGet(46)) - raft.server.rpc.sleep.time = 25ms (default)
2024-05-12 17:49:51,549 [89940199-bd88-4638-b386-d8d3bdf20d7b-groupManagement] INFO  server.RaftServerConfigKeys (ConfUtils.java:logGet(46)) - raft.server.rpc.slowness.timeout = 300s (custom)
2024-05-12 17:49:51,549 [89940199-bd88-4638-b386-d8d3bdf20d7b-groupManagement] INFO  server.RaftServerConfigKeys (ConfUtils.java:logGet(46)) - raft.server.leaderelection.leader.step-down.wait-time = 10s (default)
2024-05-12 17:49:51,549 [89940199-bd88-4638-b386-d8d3bdf20d7b-groupManagement] INFO  server.RaftServerConfigKeys (ConfUtils.java:logGet(46)) - raft.server.leaderelection.member.majority-add = false (default)
2024-05-12 17:49:51,549 [89940199-bd88-4638-b386-d8d3bdf20d7b-groupManagement] INFO  server.RaftServerConfigKeys (ConfUtils.java:logGet(46)) - raft.server.sleep.deviation.threshold = 300ms (default)
2024-05-12 17:49:51,550 [89940199-bd88-4638-b386-d8d3bdf20d7b-groupManagement] INFO  server.RaftServer$Division (ServerState.java:<init>(113)) - 89940199-bd88-4638-b386-d8d3bdf20d7b@group-8657B28DB93C: ConfigurationManager, init=-1: peers:[8dd0fa20-24c1-416b-8738-a4d7cf43ad35|127.0.0.1:15023, 89940199-bd88-4638-b386-d8d3bdf20d7b|127.0.0.1:15032, fa686303-1758-4bad-a86f-993efac5b9f9|127.0.0.1:15014]|listeners:[], old=null, confs=<EMPTY_MAP>
2024-05-12 17:49:51,550 [89940199-bd88-4638-b386-d8d3bdf20d7b-groupManagement] INFO  server.RaftServerConfigKeys (ConfUtils.java:logGet(46)) - raft.server.notification.no-leader.timeout = 300s (custom)
2024-05-12 17:49:51,550 [89940199-bd88-4638-b386-d8d3bdf20d7b-groupManagement] INFO  server.RaftServerConfigKeys (ConfUtils.java:logGet(46)) - raft.server.read.timeout = 10s (default)
2024-05-12 17:49:51,550 [89940199-bd88-4638-b386-d8d3bdf20d7b-groupManagement] INFO  server.RaftServerConfigKeys (ConfUtils.java:logGet(46)) - raft.server.retrycache.expirytime = 600000ms (custom)
2024-05-12 17:49:51,550 [89940199-bd88-4638-b386-d8d3bdf20d7b-groupManagement] INFO  server.RaftServerConfigKeys (ConfUtils.java:logGet(46)) - raft.server.retrycache.statistics.expirytime = 100ms (default)
2024-05-12 17:49:51,550 [89940199-bd88-4638-b386-d8d3bdf20d7b-groupManagement] INFO  server.RaftServerConfigKeys (ConfUtils.java:logGet(46)) - raft.server.read.option = DEFAULT (default)
2024-05-12 17:49:51,550 [89940199-bd88-4638-b386-d8d3bdf20d7b-groupManagement] INFO  server.RaftServerConfigKeys (ConfUtils.java:logGet(46)) - raft.server.read.read-after-write-consistent.write-index-cache.expiry-time = 60s (default)
2024-05-12 17:49:51,552 [89940199-bd88-4638-b386-d8d3bdf20d7b-groupManagement] INFO  server.RaftServerConfigKeys (ConfUtils.java:logGet(46)) - raft.server.rpc.request.timeout = 60s (custom)
2024-05-12 17:49:51,552 [89940199-bd88-4638-b386-d8d3bdf20d7b-groupManagement] INFO  server.RaftServerConfigKeys (ConfUtils.java:logGet(46)) - raft.server.log.appender.install.snapshot.enabled = false (custom)
2024-05-12 17:49:51,552 [89940199-bd88-4638-b386-d8d3bdf20d7b-groupManagement] INFO  server.RaftServerConfigKeys (ConfUtils.java:logGet(46)) - raft.server.threadpool.server.cached = true (default)
2024-05-12 17:49:51,552 [89940199-bd88-4638-b386-d8d3bdf20d7b-groupManagement] INFO  server.RaftServerConfigKeys (ConfUtils.java:logGet(46)) - raft.server.threadpool.server.size = 0 (default)
2024-05-12 17:49:51,552 [89940199-bd88-4638-b386-d8d3bdf20d7b-groupManagement] INFO  server.RaftServerConfigKeys (ConfUtils.java:logGet(46)) - raft.server.threadpool.client.cached = true (default)
2024-05-12 17:49:51,552 [89940199-bd88-4638-b386-d8d3bdf20d7b-groupManagement] INFO  server.RaftServerConfigKeys (ConfUtils.java:logGet(46)) - raft.server.threadpool.client.size = 0 (default)
2024-05-12 17:49:51,552 [89940199-bd88-4638-b386-d8d3bdf20d7b-groupManagement] INFO  server.RaftServerConfigKeys (ConfUtils.java:logGet(46)) - raft.server.storage.free-space.min = 0MB (=0) (default)
2024-05-12 17:49:51,553 [89940199-bd88-4638-b386-d8d3bdf20d7b-groupManagement] INFO  server.RaftServerConfigKeys (ConfUtils.java:logGet(46)) - raft.server.log.corruption.policy = EXCEPTION (default)
2024-05-12 17:49:51,553 [89940199-bd88-4638-b386-d8d3bdf20d7b-groupManagement] INFO  server.RaftServerConfigKeys (ConfUtils.java:logGet(46)) - raft.server.storage.dir = [/home/runner/work/ozone/ozone/hadoop-ozone/integration-test/target/test-dir/MiniOzoneClusterImpl-d7aad628-a0b7-477d-aae9-77d4c10c22b9/ozone-meta/datanode-3/ratis] (custom)
2024-05-12 17:49:51,553 [89940199-bd88-4638-b386-d8d3bdf20d7b-groupManagement] INFO  storage.RaftStorageDirectory (RaftStorageDirectoryImpl.java:analyzeStorage(138)) - The storage directory /home/runner/work/ozone/ozone/hadoop-ozone/integration-test/target/test-dir/MiniOzoneClusterImpl-d7aad628-a0b7-477d-aae9-77d4c10c22b9/ozone-meta/datanode-3/ratis/3e7ca939-1b1b-4109-8639-8657b28db93c does not exist. Creating ...
2024-05-12 17:49:51,554 [8dd0fa20-24c1-416b-8738-a4d7cf43ad35-PipelineCommandHandlerThread-0] INFO  commandhandler.CreatePipelineCommandHandler (CreatePipelineCommandHandler.java:lambda$handle$2(124)) - Created Pipeline RATIS THREE PipelineID=0ba0b4bf-2d8f-4cdf-b986-d31071f085e4.
2024-05-12 17:49:51,554 [89940199-bd88-4638-b386-d8d3bdf20d7b-groupManagement] INFO  storage.RaftStorageDirectory (RaftStorageDirectoryImpl.java:tryLock(228)) - Lock on /home/runner/work/ozone/ozone/hadoop-ozone/integration-test/target/test-dir/MiniOzoneClusterImpl-d7aad628-a0b7-477d-aae9-77d4c10c22b9/ozone-meta/datanode-3/ratis/3e7ca939-1b1b-4109-8639-8657b28db93c/in_use.lock acquired by nodename 37315@fv-az1151-419
2024-05-12 17:49:51,554 [8dd0fa20-24c1-416b-8738-a4d7cf43ad35-PipelineCommandHandlerThread-0] INFO  server.RaftServer (RaftServerProxy.java:addNew(100)) - 8dd0fa20-24c1-416b-8738-a4d7cf43ad35: addNew group-8657B28DB93C:[8dd0fa20-24c1-416b-8738-a4d7cf43ad35|127.0.0.1:15023, 89940199-bd88-4638-b386-d8d3bdf20d7b|127.0.0.1:15032, fa686303-1758-4bad-a86f-993efac5b9f9|127.0.0.1:15014] returns group-8657B28DB93C:java.util.concurrent.CompletableFuture@61863fb8[Not completed]
2024-05-12 17:49:51,555 [8dd0fa20-24c1-416b-8738-a4d7cf43ad35-groupManagement] INFO  server.RaftServer$Division (RaftServerImpl.java:<init>(256)) - 8dd0fa20-24c1-416b-8738-a4d7cf43ad35: new RaftServerImpl for group-8657B28DB93C:[8dd0fa20-24c1-416b-8738-a4d7cf43ad35|127.0.0.1:15023, 89940199-bd88-4638-b386-d8d3bdf20d7b|127.0.0.1:15032, fa686303-1758-4bad-a86f-993efac5b9f9|127.0.0.1:15014] with ContainerStateMachine:uninitialized
2024-05-12 17:49:51,555 [89940199-bd88-4638-b386-d8d3bdf20d7b-groupManagement] INFO  storage.RaftStorage (RaftStorageImpl.java:format(99)) - Storage directory /home/runner/work/ozone/ozone/hadoop-ozone/integration-test/target/test-dir/MiniOzoneClusterImpl-d7aad628-a0b7-477d-aae9-77d4c10c22b9/ozone-meta/datanode-3/ratis/3e7ca939-1b1b-4109-8639-8657b28db93c has been successfully formatted.
2024-05-12 17:49:51,555 [8dd0fa20-24c1-416b-8738-a4d7cf43ad35-groupManagement] INFO  server.RaftServerConfigKeys (ConfUtils.java:logGet(46)) - raft.server.rpc.timeout.min = 5s (custom)
2024-05-12 17:49:51,555 [8dd0fa20-24c1-416b-8738-a4d7cf43ad35-groupManagement] INFO  server.RaftServerConfigKeys (ConfUtils.java:logGet(46)) - raft.server.rpc.timeout.max = 5200ms (custom)
2024-05-12 17:49:51,555 [89940199-bd88-4638-b386-d8d3bdf20d7b-groupManagement] WARN  util.FileUtils (LogUtils.java:supplyAndLog(63)) - Failed to Files.newInputStream /home/runner/work/ozone/ozone/hadoop-ozone/integration-test/target/test-dir/MiniOzoneClusterImpl-d7aad628-a0b7-477d-aae9-77d4c10c22b9/ozone-meta/datanode-3/ratis/3e7ca939-1b1b-4109-8639-8657b28db93c/current/raft-meta.conf with options []: java.nio.file.NoSuchFileException: /home/runner/work/ozone/ozone/hadoop-ozone/integration-test/target/test-dir/MiniOzoneClusterImpl-d7aad628-a0b7-477d-aae9-77d4c10c22b9/ozone-meta/datanode-3/ratis/3e7ca939-1b1b-4109-8639-8657b28db93c/current/raft-meta.conf
2024-05-12 17:49:51,555 [8dd0fa20-24c1-416b-8738-a4d7cf43ad35-groupManagement] INFO  server.RaftServerConfigKeys (ConfUtils.java:logGet(46)) - raft.server.rpc.sleep.time = 25ms (default)
2024-05-12 17:49:51,556 [8dd0fa20-24c1-416b-8738-a4d7cf43ad35-groupManagement] INFO  server.RaftServerConfigKeys (ConfUtils.java:logGet(46)) - raft.server.rpc.slowness.timeout = 300s (custom)
2024-05-12 17:49:51,556 [8dd0fa20-24c1-416b-8738-a4d7cf43ad35-groupManagement] INFO  server.RaftServerConfigKeys (ConfUtils.java:logGet(46)) - raft.server.leaderelection.leader.step-down.wait-time = 10s (default)
2024-05-12 17:49:51,556 [8dd0fa20-24c1-416b-8738-a4d7cf43ad35-groupManagement] INFO  server.RaftServerConfigKeys (ConfUtils.java:logGet(46)) - raft.server.leaderelection.member.majority-add = false (default)
2024-05-12 17:49:51,556 [8dd0fa20-24c1-416b-8738-a4d7cf43ad35-groupManagement] INFO  server.RaftServerConfigKeys (ConfUtils.java:logGet(46)) - raft.server.sleep.deviation.threshold = 300ms (default)
2024-05-12 17:49:51,556 [8dd0fa20-24c1-416b-8738-a4d7cf43ad35-groupManagement] INFO  server.RaftServer$Division (ServerState.java:<init>(113)) - 8dd0fa20-24c1-416b-8738-a4d7cf43ad35@group-8657B28DB93C: ConfigurationManager, init=-1: peers:[8dd0fa20-24c1-416b-8738-a4d7cf43ad35|127.0.0.1:15023, 89940199-bd88-4638-b386-d8d3bdf20d7b|127.0.0.1:15032, fa686303-1758-4bad-a86f-993efac5b9f9|127.0.0.1:15014]|listeners:[], old=null, confs=<EMPTY_MAP>
2024-05-12 17:49:51,556 [8dd0fa20-24c1-416b-8738-a4d7cf43ad35-groupManagement] INFO  server.RaftServerConfigKeys (ConfUtils.java:logGet(46)) - raft.server.notification.no-leader.timeout = 300s (custom)
2024-05-12 17:49:51,556 [8dd0fa20-24c1-416b-8738-a4d7cf43ad35-groupManagement] INFO  server.RaftServerConfigKeys (ConfUtils.java:logGet(46)) - raft.server.read.timeout = 10s (default)
2024-05-12 17:49:51,556 [8dd0fa20-24c1-416b-8738-a4d7cf43ad35-groupManagement] INFO  server.RaftServerConfigKeys (ConfUtils.java:logGet(46)) - raft.server.retrycache.expirytime = 600000ms (custom)
2024-05-12 17:49:51,556 [8dd0fa20-24c1-416b-8738-a4d7cf43ad35-groupManagement] INFO  server.RaftServerConfigKeys (ConfUtils.java:logGet(46)) - raft.server.retrycache.statistics.expirytime = 100ms (default)
2024-05-12 17:49:51,556 [8dd0fa20-24c1-416b-8738-a4d7cf43ad35-groupManagement] INFO  server.RaftServerConfigKeys (ConfUtils.java:logGet(46)) - raft.server.read.option = DEFAULT (default)
2024-05-12 17:49:51,556 [8dd0fa20-24c1-416b-8738-a4d7cf43ad35-groupManagement] INFO  server.RaftServerConfigKeys (ConfUtils.java:logGet(46)) - raft.server.read.read-after-write-consistent.write-index-cache.expiry-time = 60s (default)
2024-05-12 17:49:51,557 [89940199-bd88-4638-b386-d8d3bdf20d7b-groupManagement] INFO  ratis.ContainerStateMachine (ContainerStateMachine.java:loadSnapshot(287)) - group-8657B28DB93C: The snapshot info is null. Setting the last applied index to:(t:0, i:~)
2024-05-12 17:49:51,557 [89940199-bd88-4638-b386-d8d3bdf20d7b-groupManagement] INFO  server.RaftServerConfigKeys (ConfUtils.java:logGet(46)) - raft.server.log.use.memory = false (default)
2024-05-12 17:49:51,557 [89940199-bd88-4638-b386-d8d3bdf20d7b-groupManagement] INFO  server.RaftServerConfigKeys (ConfUtils.java:logGet(46)) - raft.server.log.purge.gap = 1000000 (custom)
2024-05-12 17:49:51,557 [89940199-bd88-4638-b386-d8d3bdf20d7b-groupManagement] INFO  server.RaftServerConfigKeys (ConfUtils.java:logGet(46)) - raft.server.log.appender.buffer.byte-limit = 8388608 (custom)
2024-05-12 17:49:51,557 [89940199-bd88-4638-b386-d8d3bdf20d7b-groupManagement] INFO  server.RaftServerConfigKeys (ConfUtils.java:logGet(46)) - raft.server.log.statemachine.data.read.timeout = 1000ms (default)
2024-05-12 17:49:51,557 [89940199-bd88-4638-b386-d8d3bdf20d7b-groupManagement] INFO  server.RaftServerConfigKeys (ConfUtils.java:logGet(46)) - raft.server.log.purge.preservation.log.num = 0 (default)
2024-05-12 17:49:51,558 [EventQueue-OpenPipelineForHealthyPipelineSafeModeRule] INFO  safemode.SCMSafeModeManager (HealthyPipelineSafeModeRule.java:process(140)) - SCM in safe mode. Healthy pipelines reported count is 0, required healthy pipeline reported count is 1
2024-05-12 17:49:51,561 [89940199-bd88-4638-b386-d8d3bdf20d7b-groupManagement] INFO  server.RaftServerConfigKeys (ConfUtils.java:logGet(46)) - raft.server.log.segment.size.max = 67108864 (custom)
2024-05-12 17:49:51,562 [8dd0fa20-24c1-416b-8738-a4d7cf43ad35-groupManagement] INFO  server.RaftServerConfigKeys (ConfUtils.java:logGet(46)) - raft.server.rpc.request.timeout = 60s (custom)
2024-05-12 17:49:51,562 [8dd0fa20-24c1-416b-8738-a4d7cf43ad35-groupManagement] INFO  server.RaftServerConfigKeys (ConfUtils.java:logGet(46)) - raft.server.log.appender.install.snapshot.enabled = false (custom)
2024-05-12 17:49:51,562 [8dd0fa20-24c1-416b-8738-a4d7cf43ad35-groupManagement] INFO  server.RaftServerConfigKeys (ConfUtils.java:logGet(46)) - raft.server.threadpool.server.cached = true (default)
2024-05-12 17:49:51,562 [8dd0fa20-24c1-416b-8738-a4d7cf43ad35-groupManagement] INFO  server.RaftServerConfigKeys (ConfUtils.java:logGet(46)) - raft.server.threadpool.server.size = 0 (default)
2024-05-12 17:49:51,562 [89940199-bd88-4638-b386-d8d3bdf20d7b-groupManagement] INFO  server.RaftServerConfigKeys (ConfUtils.java:logGet(46)) - raft.server.log.segment.cache.num.max = 2 (custom)
2024-05-12 17:49:51,562 [89940199-bd88-4638-b386-d8d3bdf20d7b-groupManagement] INFO  server.RaftServerConfigKeys (ConfUtils.java:logGet(46)) - raft.server.log.segment.cache.size.max = 200MB (=209715200) (default)
2024-05-12 17:49:51,562 [89940199-bd88-4638-b386-d8d3bdf20d7b-groupManagement] INFO  server.RaftServerConfigKeys (ConfUtils.java:logGet(46)) - raft.server.log.appender.buffer.byte-limit = 8388608 (custom)
2024-05-12 17:49:51,562 [8dd0fa20-24c1-416b-8738-a4d7cf43ad35-groupManagement] INFO  server.RaftServerConfigKeys (ConfUtils.java:logGet(46)) - raft.server.threadpool.client.cached = true (default)
2024-05-12 17:49:51,562 [8dd0fa20-24c1-416b-8738-a4d7cf43ad35-groupManagement] INFO  server.RaftServerConfigKeys (ConfUtils.java:logGet(46)) - raft.server.threadpool.client.size = 0 (default)
2024-05-12 17:49:51,562 [8dd0fa20-24c1-416b-8738-a4d7cf43ad35-groupManagement] INFO  server.RaftServerConfigKeys (ConfUtils.java:logGet(46)) - raft.server.storage.free-space.min = 0MB (=0) (default)
2024-05-12 17:49:51,562 [8dd0fa20-24c1-416b-8738-a4d7cf43ad35-groupManagement] INFO  server.RaftServerConfigKeys (ConfUtils.java:logGet(46)) - raft.server.log.corruption.policy = EXCEPTION (default)
2024-05-12 17:49:51,562 [8dd0fa20-24c1-416b-8738-a4d7cf43ad35-groupManagement] INFO  server.RaftServerConfigKeys (ConfUtils.java:logGet(46)) - raft.server.storage.dir = [/home/runner/work/ozone/ozone/hadoop-ozone/integration-test/target/test-dir/MiniOzoneClusterImpl-d7aad628-a0b7-477d-aae9-77d4c10c22b9/ozone-meta/datanode-2/ratis] (custom)
2024-05-12 17:49:51,562 [8dd0fa20-24c1-416b-8738-a4d7cf43ad35-groupManagement] INFO  storage.RaftStorageDirectory (RaftStorageDirectoryImpl.java:analyzeStorage(138)) - The storage directory /home/runner/work/ozone/ozone/hadoop-ozone/integration-test/target/test-dir/MiniOzoneClusterImpl-d7aad628-a0b7-477d-aae9-77d4c10c22b9/ozone-meta/datanode-2/ratis/3e7ca939-1b1b-4109-8639-8657b28db93c does not exist. Creating ...
2024-05-12 17:49:51,564 [8dd0fa20-24c1-416b-8738-a4d7cf43ad35-groupManagement] INFO  storage.RaftStorageDirectory (RaftStorageDirectoryImpl.java:tryLock(228)) - Lock on /home/runner/work/ozone/ozone/hadoop-ozone/integration-test/target/test-dir/MiniOzoneClusterImpl-d7aad628-a0b7-477d-aae9-77d4c10c22b9/ozone-meta/datanode-2/ratis/3e7ca939-1b1b-4109-8639-8657b28db93c/in_use.lock acquired by nodename 37315@fv-az1151-419
2024-05-12 17:49:51,565 [89940199-bd88-4638-b386-d8d3bdf20d7b-groupManagement] INFO  util.AwaitToRun (AwaitToRun.java:start(81)) - Thread[89940199-bd88-4638-b386-d8d3bdf20d7b@group-8657B28DB93C-cacheEviction-AwaitToRun,5,main] started
2024-05-12 17:49:51,565 [89940199-bd88-4638-b386-d8d3bdf20d7b-groupManagement] INFO  segmented.SegmentedRaftLogWorker (SegmentedRaftLogWorker.java:<init>(182)) - new 89940199-bd88-4638-b386-d8d3bdf20d7b@group-8657B28DB93C-SegmentedRaftLogWorker for RaftStorageImpl:Storage Directory /home/runner/work/ozone/ozone/hadoop-ozone/integration-test/target/test-dir/MiniOzoneClusterImpl-d7aad628-a0b7-477d-aae9-77d4c10c22b9/ozone-meta/datanode-3/ratis/3e7ca939-1b1b-4109-8639-8657b28db93c
2024-05-12 17:49:51,565 [89940199-bd88-4638-b386-d8d3bdf20d7b-groupManagement] INFO  server.RaftServerConfigKeys (ConfUtils.java:logGet(46)) - raft.server.log.queue.byte-limit = 4294967296 (custom)
2024-05-12 17:49:51,565 [8dd0fa20-24c1-416b-8738-a4d7cf43ad35-groupManagement] INFO  storage.RaftStorage (RaftStorageImpl.java:format(99)) - Storage directory /home/runner/work/ozone/ozone/hadoop-ozone/integration-test/target/test-dir/MiniOzoneClusterImpl-d7aad628-a0b7-477d-aae9-77d4c10c22b9/ozone-meta/datanode-2/ratis/3e7ca939-1b1b-4109-8639-8657b28db93c has been successfully formatted.
2024-05-12 17:49:51,565 [89940199-bd88-4638-b386-d8d3bdf20d7b-groupManagement] INFO  server.RaftServerConfigKeys (ConfUtils.java:logGet(46)) - raft.server.log.queue.element-limit = 1024 (custom)
2024-05-12 17:49:51,565 [89940199-bd88-4638-b386-d8d3bdf20d7b-groupManagement] INFO  server.RaftServerConfigKeys (ConfUtils.java:logGet(46)) - raft.server.log.segment.size.max = 67108864 (custom)
2024-05-12 17:49:51,565 [8dd0fa20-24c1-416b-8738-a4d7cf43ad35-groupManagement] WARN  util.FileUtils (LogUtils.java:supplyAndLog(63)) - Failed to Files.newInputStream /home/runner/work/ozone/ozone/hadoop-ozone/integration-test/target/test-dir/MiniOzoneClusterImpl-d7aad628-a0b7-477d-aae9-77d4c10c22b9/ozone-meta/datanode-2/ratis/3e7ca939-1b1b-4109-8639-8657b28db93c/current/raft-meta.conf with options []: java.nio.file.NoSuchFileException: /home/runner/work/ozone/ozone/hadoop-ozone/integration-test/target/test-dir/MiniOzoneClusterImpl-d7aad628-a0b7-477d-aae9-77d4c10c22b9/ozone-meta/datanode-2/ratis/3e7ca939-1b1b-4109-8639-8657b28db93c/current/raft-meta.conf
2024-05-12 17:49:51,565 [8dd0fa20-24c1-416b-8738-a4d7cf43ad35-groupManagement] INFO  ratis.ContainerStateMachine (ContainerStateMachine.java:loadSnapshot(287)) - group-8657B28DB93C: The snapshot info is null. Setting the last applied index to:(t:0, i:~)
2024-05-12 17:49:51,565 [8dd0fa20-24c1-416b-8738-a4d7cf43ad35-groupManagement] INFO  server.RaftServerConfigKeys (ConfUtils.java:logGet(46)) - raft.server.log.use.memory = false (default)
2024-05-12 17:49:51,566 [8dd0fa20-24c1-416b-8738-a4d7cf43ad35-groupManagement] INFO  server.RaftServerConfigKeys (ConfUtils.java:logGet(46)) - raft.server.log.purge.gap = 1000000 (custom)
2024-05-12 17:49:51,566 [8dd0fa20-24c1-416b-8738-a4d7cf43ad35-groupManagement] INFO  server.RaftServerConfigKeys (ConfUtils.java:logGet(46)) - raft.server.log.appender.buffer.byte-limit = 8388608 (custom)
2024-05-12 17:49:51,566 [8dd0fa20-24c1-416b-8738-a4d7cf43ad35-groupManagement] INFO  server.RaftServerConfigKeys (ConfUtils.java:logGet(46)) - raft.server.log.statemachine.data.read.timeout = 1000ms (default)
2024-05-12 17:49:51,566 [8dd0fa20-24c1-416b-8738-a4d7cf43ad35-groupManagement] INFO  server.RaftServerConfigKeys (ConfUtils.java:logGet(46)) - raft.server.log.purge.preservation.log.num = 0 (default)
2024-05-12 17:49:51,573 [fa686303-1758-4bad-a86f-993efac5b9f9-PipelineCommandHandlerThread-0] INFO  commandhandler.CreatePipelineCommandHandler (CreatePipelineCommandHandler.java:lambda$handle$2(124)) - Created Pipeline RATIS THREE PipelineID=0ba0b4bf-2d8f-4cdf-b986-d31071f085e4.
2024-05-12 17:49:51,573 [fa686303-1758-4bad-a86f-993efac5b9f9-PipelineCommandHandlerThread-0] INFO  server.RaftServer (RaftServerProxy.java:addNew(100)) - fa686303-1758-4bad-a86f-993efac5b9f9: addNew group-8657B28DB93C:[8dd0fa20-24c1-416b-8738-a4d7cf43ad35|127.0.0.1:15023, 89940199-bd88-4638-b386-d8d3bdf20d7b|127.0.0.1:15032, fa686303-1758-4bad-a86f-993efac5b9f9|127.0.0.1:15014] returns group-8657B28DB93C:java.util.concurrent.CompletableFuture@9e817b4[Not completed]
2024-05-12 17:49:51,574 [EventQueue-OpenPipelineForHealthyPipelineSafeModeRule] INFO  safemode.SCMSafeModeManager (HealthyPipelineSafeModeRule.java:process(140)) - SCM in safe mode. Healthy pipelines reported count is 0, required healthy pipeline reported count is 1
2024-05-12 17:49:51,575 [8dd0fa20-24c1-416b-8738-a4d7cf43ad35-groupManagement] INFO  server.RaftServerConfigKeys (ConfUtils.java:logGet(46)) - raft.server.log.segment.size.max = 67108864 (custom)
2024-05-12 17:49:51,575 [fa686303-1758-4bad-a86f-993efac5b9f9-groupManagement] INFO  server.RaftServer$Division (RaftServerImpl.java:<init>(256)) - fa686303-1758-4bad-a86f-993efac5b9f9: new RaftServerImpl for group-8657B28DB93C:[8dd0fa20-24c1-416b-8738-a4d7cf43ad35|127.0.0.1:15023, 89940199-bd88-4638-b386-d8d3bdf20d7b|127.0.0.1:15032, fa686303-1758-4bad-a86f-993efac5b9f9|127.0.0.1:15014] with ContainerStateMachine:uninitialized
2024-05-12 17:49:51,575 [8dd0fa20-24c1-416b-8738-a4d7cf43ad35-groupManagement] INFO  server.RaftServerConfigKeys (ConfUtils.java:logGet(46)) - raft.server.log.segment.cache.num.max = 2 (custom)
2024-05-12 17:49:51,575 [8dd0fa20-24c1-416b-8738-a4d7cf43ad35-groupManagement] INFO  server.RaftServerConfigKeys (ConfUtils.java:logGet(46)) - raft.server.log.segment.cache.size.max = 200MB (=209715200) (default)
2024-05-12 17:49:51,575 [8dd0fa20-24c1-416b-8738-a4d7cf43ad35-groupManagement] INFO  server.RaftServerConfigKeys (ConfUtils.java:logGet(46)) - raft.server.log.appender.buffer.byte-limit = 8388608 (custom)
2024-05-12 17:49:51,576 [89940199-bd88-4638-b386-d8d3bdf20d7b-groupManagement] INFO  server.RaftServerConfigKeys (ConfUtils.java:logGet(46)) - raft.server.log.preallocated.size = 4194304 (custom)
2024-05-12 17:49:51,576 [89940199-bd88-4638-b386-d8d3bdf20d7b-groupManagement] INFO  server.RaftServerConfigKeys (ConfUtils.java:logGet(46)) - raft.server.log.force.sync.num = 128 (default)
2024-05-12 17:49:51,576 [89940199-bd88-4638-b386-d8d3bdf20d7b-groupManagement] INFO  server.RaftServerConfigKeys (ConfUtils.java:logGet(46)) - raft.server.log.statemachine.data.sync = true (default)
2024-05-12 17:49:51,576 [89940199-bd88-4638-b386-d8d3bdf20d7b-groupManagement] INFO  server.RaftServerConfigKeys (ConfUtils.java:logGet(46)) - raft.server.log.statemachine.data.sync.timeout = 10s (default)
2024-05-12 17:49:51,576 [89940199-bd88-4638-b386-d8d3bdf20d7b-groupManagement] INFO  server.RaftServerConfigKeys (ConfUtils.java:logGet(46)) - raft.server.log.statemachine.data.sync.timeout.retry = 30 (custom)
2024-05-12 17:49:51,576 [89940199-bd88-4638-b386-d8d3bdf20d7b-groupManagement] INFO  server.RaftServerConfigKeys (ConfUtils.java:logGet(46)) - raft.server.log.write.buffer.size = 8388616 (custom)
2024-05-12 17:49:51,575 [fa686303-1758-4bad-a86f-993efac5b9f9-groupManagement] INFO  server.RaftServerConfigKeys (ConfUtils.java:logGet(46)) - raft.server.rpc.timeout.min = 5s (custom)
2024-05-12 17:49:51,577 [fa686303-1758-4bad-a86f-993efac5b9f9-groupManagement] INFO  server.RaftServerConfigKeys (ConfUtils.java:logGet(46)) - raft.server.rpc.timeout.max = 5200ms (custom)
2024-05-12 17:49:51,577 [fa686303-1758-4bad-a86f-993efac5b9f9-groupManagement] INFO  server.RaftServerConfigKeys (ConfUtils.java:logGet(46)) - raft.server.rpc.sleep.time = 25ms (default)
2024-05-12 17:49:51,577 [fa686303-1758-4bad-a86f-993efac5b9f9-groupManagement] INFO  server.RaftServerConfigKeys (ConfUtils.java:logGet(46)) - raft.server.rpc.slowness.timeout = 300s (custom)
2024-05-12 17:49:51,577 [fa686303-1758-4bad-a86f-993efac5b9f9-groupManagement] INFO  server.RaftServerConfigKeys (ConfUtils.java:logGet(46)) - raft.server.leaderelection.leader.step-down.wait-time = 10s (default)
2024-05-12 17:49:51,577 [fa686303-1758-4bad-a86f-993efac5b9f9-groupManagement] INFO  server.RaftServerConfigKeys (ConfUtils.java:logGet(46)) - raft.server.leaderelection.member.majority-add = false (default)
2024-05-12 17:49:51,577 [fa686303-1758-4bad-a86f-993efac5b9f9-groupManagement] INFO  server.RaftServerConfigKeys (ConfUtils.java:logGet(46)) - raft.server.sleep.deviation.threshold = 300ms (default)
2024-05-12 17:49:51,577 [fa686303-1758-4bad-a86f-993efac5b9f9-groupManagement] INFO  server.RaftServer$Division (ServerState.java:<init>(113)) - fa686303-1758-4bad-a86f-993efac5b9f9@group-8657B28DB93C: ConfigurationManager, init=-1: peers:[8dd0fa20-24c1-416b-8738-a4d7cf43ad35|127.0.0.1:15023, 89940199-bd88-4638-b386-d8d3bdf20d7b|127.0.0.1:15032, fa686303-1758-4bad-a86f-993efac5b9f9|127.0.0.1:15014]|listeners:[], old=null, confs=<EMPTY_MAP>
2024-05-12 17:49:51,577 [fa686303-1758-4bad-a86f-993efac5b9f9-groupManagement] INFO  server.RaftServerConfigKeys (ConfUtils.java:logGet(46)) - raft.server.notification.no-leader.timeout = 300s (custom)
2024-05-12 17:49:51,578 [fa686303-1758-4bad-a86f-993efac5b9f9-groupManagement] INFO  server.RaftServerConfigKeys (ConfUtils.java:logGet(46)) - raft.server.read.timeout = 10s (default)
2024-05-12 17:49:51,578 [fa686303-1758-4bad-a86f-993efac5b9f9-groupManagement] INFO  server.RaftServerConfigKeys (ConfUtils.java:logGet(46)) - raft.server.retrycache.expirytime = 600000ms (custom)
2024-05-12 17:49:51,578 [fa686303-1758-4bad-a86f-993efac5b9f9-groupManagement] INFO  server.RaftServerConfigKeys (ConfUtils.java:logGet(46)) - raft.server.retrycache.statistics.expirytime = 100ms (default)
2024-05-12 17:49:51,578 [fa686303-1758-4bad-a86f-993efac5b9f9-groupManagement] INFO  server.RaftServerConfigKeys (ConfUtils.java:logGet(46)) - raft.server.read.option = DEFAULT (default)
2024-05-12 17:49:51,578 [fa686303-1758-4bad-a86f-993efac5b9f9-groupManagement] INFO  server.RaftServerConfigKeys (ConfUtils.java:logGet(46)) - raft.server.read.read-after-write-consistent.write-index-cache.expiry-time = 60s (default)
2024-05-12 17:49:51,578 [89940199-bd88-4638-b386-d8d3bdf20d7b-groupManagement] INFO  server.RaftServerConfigKeys (ConfUtils.java:logGet(46)) - raft.server.log.appender.buffer.byte-limit = 8388608 (custom)
2024-05-12 17:49:51,578 [89940199-bd88-4638-b386-d8d3bdf20d7b-groupManagement] INFO  server.RaftServerConfigKeys (ConfUtils.java:logGet(46)) - raft.server.log.unsafe-flush.enabled = false (default)
2024-05-12 17:49:51,578 [89940199-bd88-4638-b386-d8d3bdf20d7b-groupManagement] INFO  server.RaftServerConfigKeys (ConfUtils.java:logGet(46)) - raft.server.log.async-flush.enabled = false (default)
2024-05-12 17:49:51,578 [89940199-bd88-4638-b386-d8d3bdf20d7b-groupManagement] INFO  server.RaftServerConfigKeys (ConfUtils.java:logGet(46)) - raft.server.log.statemachine.data.caching.enabled = true (custom)
2024-05-12 17:49:51,578 [89940199-bd88-4638-b386-d8d3bdf20d7b-groupManagement] INFO  segmented.SegmentedRaftLogWorker (SegmentedRaftLogWorker.java:lambda$new$0(134)) - 89940199-bd88-4638-b386-d8d3bdf20d7b@group-8657B28DB93C-SegmentedRaftLogWorker: flushIndex: setUnconditionally 0 -> -1
2024-05-12 17:49:51,579 [89940199-bd88-4638-b386-d8d3bdf20d7b-groupManagement] INFO  segmented.SegmentedRaftLogWorker (SegmentedRaftLogWorker.java:lambda$new$0(134)) - 89940199-bd88-4638-b386-d8d3bdf20d7b@group-8657B28DB93C-SegmentedRaftLogWorker: safeCacheEvictIndex: setUnconditionally 0 -> -1
2024-05-12 17:49:51,580 [fa686303-1758-4bad-a86f-993efac5b9f9-groupManagement] INFO  server.RaftServerConfigKeys (ConfUtils.java:logGet(46)) - raft.server.rpc.request.timeout = 60s (custom)
2024-05-12 17:49:51,580 [fa686303-1758-4bad-a86f-993efac5b9f9-groupManagement] INFO  server.RaftServerConfigKeys (ConfUtils.java:logGet(46)) - raft.server.log.appender.install.snapshot.enabled = false (custom)
2024-05-12 17:49:51,580 [fa686303-1758-4bad-a86f-993efac5b9f9-groupManagement] INFO  server.RaftServerConfigKeys (ConfUtils.java:logGet(46)) - raft.server.threadpool.server.cached = true (default)
2024-05-12 17:49:51,580 [fa686303-1758-4bad-a86f-993efac5b9f9-groupManagement] INFO  server.RaftServerConfigKeys (ConfUtils.java:logGet(46)) - raft.server.threadpool.server.size = 0 (default)
2024-05-12 17:49:51,580 [fa686303-1758-4bad-a86f-993efac5b9f9-groupManagement] INFO  server.RaftServerConfigKeys (ConfUtils.java:logGet(46)) - raft.server.threadpool.client.cached = true (default)
2024-05-12 17:49:51,580 [fa686303-1758-4bad-a86f-993efac5b9f9-groupManagement] INFO  server.RaftServerConfigKeys (ConfUtils.java:logGet(46)) - raft.server.threadpool.client.size = 0 (default)
2024-05-12 17:49:51,580 [fa686303-1758-4bad-a86f-993efac5b9f9-groupManagement] INFO  server.RaftServerConfigKeys (ConfUtils.java:logGet(46)) - raft.server.storage.free-space.min = 0MB (=0) (default)
2024-05-12 17:49:51,580 [fa686303-1758-4bad-a86f-993efac5b9f9-groupManagement] INFO  server.RaftServerConfigKeys (ConfUtils.java:logGet(46)) - raft.server.log.corruption.policy = EXCEPTION (default)
2024-05-12 17:49:51,580 [fa686303-1758-4bad-a86f-993efac5b9f9-groupManagement] INFO  server.RaftServerConfigKeys (ConfUtils.java:logGet(46)) - raft.server.storage.dir = [/home/runner/work/ozone/ozone/hadoop-ozone/integration-test/target/test-dir/MiniOzoneClusterImpl-d7aad628-a0b7-477d-aae9-77d4c10c22b9/ozone-meta/datanode-1/ratis] (custom)
2024-05-12 17:49:51,580 [fa686303-1758-4bad-a86f-993efac5b9f9-groupManagement] INFO  storage.RaftStorageDirectory (RaftStorageDirectoryImpl.java:analyzeStorage(138)) - The storage directory /home/runner/work/ozone/ozone/hadoop-ozone/integration-test/target/test-dir/MiniOzoneClusterImpl-d7aad628-a0b7-477d-aae9-77d4c10c22b9/ozone-meta/datanode-1/ratis/3e7ca939-1b1b-4109-8639-8657b28db93c does not exist. Creating ...
2024-05-12 17:49:51,581 [8dd0fa20-24c1-416b-8738-a4d7cf43ad35-groupManagement] INFO  util.AwaitToRun (AwaitToRun.java:start(81)) - Thread[8dd0fa20-24c1-416b-8738-a4d7cf43ad35@group-8657B28DB93C-cacheEviction-AwaitToRun,5,main] started
2024-05-12 17:49:51,581 [8dd0fa20-24c1-416b-8738-a4d7cf43ad35-groupManagement] INFO  segmented.SegmentedRaftLogWorker (SegmentedRaftLogWorker.java:<init>(182)) - new 8dd0fa20-24c1-416b-8738-a4d7cf43ad35@group-8657B28DB93C-SegmentedRaftLogWorker for RaftStorageImpl:Storage Directory /home/runner/work/ozone/ozone/hadoop-ozone/integration-test/target/test-dir/MiniOzoneClusterImpl-d7aad628-a0b7-477d-aae9-77d4c10c22b9/ozone-meta/datanode-2/ratis/3e7ca939-1b1b-4109-8639-8657b28db93c
2024-05-12 17:49:51,581 [8dd0fa20-24c1-416b-8738-a4d7cf43ad35-groupManagement] INFO  server.RaftServerConfigKeys (ConfUtils.java:logGet(46)) - raft.server.log.queue.byte-limit = 4294967296 (custom)
2024-05-12 17:49:51,581 [8dd0fa20-24c1-416b-8738-a4d7cf43ad35-groupManagement] INFO  server.RaftServerConfigKeys (ConfUtils.java:logGet(46)) - raft.server.log.queue.element-limit = 1024 (custom)
2024-05-12 17:49:51,581 [8dd0fa20-24c1-416b-8738-a4d7cf43ad35-groupManagement] INFO  server.RaftServerConfigKeys (ConfUtils.java:logGet(46)) - raft.server.log.segment.size.max = 67108864 (custom)
2024-05-12 17:49:51,581 [8dd0fa20-24c1-416b-8738-a4d7cf43ad35-groupManagement] INFO  server.RaftServerConfigKeys (ConfUtils.java:logGet(46)) - raft.server.log.preallocated.size = 4194304 (custom)
2024-05-12 17:49:51,581 [8dd0fa20-24c1-416b-8738-a4d7cf43ad35-groupManagement] INFO  server.RaftServerConfigKeys (ConfUtils.java:logGet(46)) - raft.server.log.force.sync.num = 128 (default)
2024-05-12 17:49:51,581 [8dd0fa20-24c1-416b-8738-a4d7cf43ad35-groupManagement] INFO  server.RaftServerConfigKeys (ConfUtils.java:logGet(46)) - raft.server.log.statemachine.data.sync = true (default)
2024-05-12 17:49:51,581 [fa686303-1758-4bad-a86f-993efac5b9f9-groupManagement] INFO  storage.RaftStorageDirectory (RaftStorageDirectoryImpl.java:tryLock(228)) - Lock on /home/runner/work/ozone/ozone/hadoop-ozone/integration-test/target/test-dir/MiniOzoneClusterImpl-d7aad628-a0b7-477d-aae9-77d4c10c22b9/ozone-meta/datanode-1/ratis/3e7ca939-1b1b-4109-8639-8657b28db93c/in_use.lock acquired by nodename 37315@fv-az1151-419
2024-05-12 17:49:51,581 [89940199-bd88-4638-b386-d8d3bdf20d7b-groupManagement] INFO  server.RaftServer$Division (RaftServerImpl.java:start(396)) - 89940199-bd88-4638-b386-d8d3bdf20d7b@group-8657B28DB93C: start as a follower, conf=-1: peers:[8dd0fa20-24c1-416b-8738-a4d7cf43ad35|127.0.0.1:15023, 89940199-bd88-4638-b386-d8d3bdf20d7b|127.0.0.1:15032, fa686303-1758-4bad-a86f-993efac5b9f9|127.0.0.1:15014]|listeners:[], old=null
2024-05-12 17:49:51,581 [89940199-bd88-4638-b386-d8d3bdf20d7b-groupManagement] INFO  server.RaftServer$Division (RaftServerImpl.java:setRole(383)) - 89940199-bd88-4638-b386-d8d3bdf20d7b@group-8657B28DB93C: changes role from      null to FOLLOWER at term 0 for startAsFollower
2024-05-12 17:49:51,582 [89940199-bd88-4638-b386-d8d3bdf20d7b-groupManagement] INFO  impl.RoleInfo (RoleInfo.java:updateAndGet(139)) - 89940199-bd88-4638-b386-d8d3bdf20d7b: start 89940199-bd88-4638-b386-d8d3bdf20d7b@group-8657B28DB93C-FollowerState
2024-05-12 17:49:51,581 [8dd0fa20-24c1-416b-8738-a4d7cf43ad35-groupManagement] INFO  server.RaftServerConfigKeys (ConfUtils.java:logGet(46)) - raft.server.log.statemachine.data.sync.timeout = 10s (default)
2024-05-12 17:49:51,582 [8dd0fa20-24c1-416b-8738-a4d7cf43ad35-groupManagement] INFO  server.RaftServerConfigKeys (ConfUtils.java:logGet(46)) - raft.server.log.statemachine.data.sync.timeout.retry = 30 (custom)
2024-05-12 17:49:51,582 [8dd0fa20-24c1-416b-8738-a4d7cf43ad35-groupManagement] INFO  server.RaftServerConfigKeys (ConfUtils.java:logGet(46)) - raft.server.log.write.buffer.size = 8388616 (custom)
2024-05-12 17:49:51,582 [fa686303-1758-4bad-a86f-993efac5b9f9-groupManagement] INFO  storage.RaftStorage (RaftStorageImpl.java:format(99)) - Storage directory /home/runner/work/ozone/ozone/hadoop-ozone/integration-test/target/test-dir/MiniOzoneClusterImpl-d7aad628-a0b7-477d-aae9-77d4c10c22b9/ozone-meta/datanode-1/ratis/3e7ca939-1b1b-4109-8639-8657b28db93c has been successfully formatted.
2024-05-12 17:49:51,583 [fa686303-1758-4bad-a86f-993efac5b9f9-groupManagement] WARN  util.FileUtils (LogUtils.java:supplyAndLog(63)) - Failed to Files.newInputStream /home/runner/work/ozone/ozone/hadoop-ozone/integration-test/target/test-dir/MiniOzoneClusterImpl-d7aad628-a0b7-477d-aae9-77d4c10c22b9/ozone-meta/datanode-1/ratis/3e7ca939-1b1b-4109-8639-8657b28db93c/current/raft-meta.conf with options []: java.nio.file.NoSuchFileException: /home/runner/work/ozone/ozone/hadoop-ozone/integration-test/target/test-dir/MiniOzoneClusterImpl-d7aad628-a0b7-477d-aae9-77d4c10c22b9/ozone-meta/datanode-1/ratis/3e7ca939-1b1b-4109-8639-8657b28db93c/current/raft-meta.conf
2024-05-12 17:49:51,583 [fa686303-1758-4bad-a86f-993efac5b9f9-groupManagement] INFO  ratis.ContainerStateMachine (ContainerStateMachine.java:loadSnapshot(287)) - group-8657B28DB93C: The snapshot info is null. Setting the last applied index to:(t:0, i:~)
2024-05-12 17:49:51,583 [fa686303-1758-4bad-a86f-993efac5b9f9-groupManagement] INFO  server.RaftServerConfigKeys (ConfUtils.java:logGet(46)) - raft.server.log.use.memory = false (default)
2024-05-12 17:49:51,583 [fa686303-1758-4bad-a86f-993efac5b9f9-groupManagement] INFO  server.RaftServerConfigKeys (ConfUtils.java:logGet(46)) - raft.server.log.purge.gap = 1000000 (custom)
2024-05-12 17:49:51,583 [fa686303-1758-4bad-a86f-993efac5b9f9-groupManagement] INFO  server.RaftServerConfigKeys (ConfUtils.java:logGet(46)) - raft.server.log.appender.buffer.byte-limit = 8388608 (custom)
2024-05-12 17:49:51,583 [fa686303-1758-4bad-a86f-993efac5b9f9-groupManagement] INFO  server.RaftServerConfigKeys (ConfUtils.java:logGet(46)) - raft.server.log.statemachine.data.read.timeout = 1000ms (default)
2024-05-12 17:49:51,583 [fa686303-1758-4bad-a86f-993efac5b9f9-groupManagement] INFO  server.RaftServerConfigKeys (ConfUtils.java:logGet(46)) - raft.server.log.purge.preservation.log.num = 0 (default)
2024-05-12 17:49:51,584 [8dd0fa20-24c1-416b-8738-a4d7cf43ad35-groupManagement] INFO  server.RaftServerConfigKeys (ConfUtils.java:logGet(46)) - raft.server.log.appender.buffer.byte-limit = 8388608 (custom)
2024-05-12 17:49:51,584 [8dd0fa20-24c1-416b-8738-a4d7cf43ad35-groupManagement] INFO  server.RaftServerConfigKeys (ConfUtils.java:logGet(46)) - raft.server.log.unsafe-flush.enabled = false (default)
2024-05-12 17:49:51,584 [8dd0fa20-24c1-416b-8738-a4d7cf43ad35-groupManagement] INFO  server.RaftServerConfigKeys (ConfUtils.java:logGet(46)) - raft.server.log.async-flush.enabled = false (default)
2024-05-12 17:49:51,584 [8dd0fa20-24c1-416b-8738-a4d7cf43ad35-groupManagement] INFO  server.RaftServerConfigKeys (ConfUtils.java:logGet(46)) - raft.server.log.statemachine.data.caching.enabled = true (custom)
2024-05-12 17:49:51,584 [8dd0fa20-24c1-416b-8738-a4d7cf43ad35-groupManagement] INFO  segmented.SegmentedRaftLogWorker (SegmentedRaftLogWorker.java:lambda$new$0(134)) - 8dd0fa20-24c1-416b-8738-a4d7cf43ad35@group-8657B28DB93C-SegmentedRaftLogWorker: flushIndex: setUnconditionally 0 -> -1
2024-05-12 17:49:51,584 [8dd0fa20-24c1-416b-8738-a4d7cf43ad35-groupManagement] INFO  segmented.SegmentedRaftLogWorker (SegmentedRaftLogWorker.java:lambda$new$0(134)) - 8dd0fa20-24c1-416b-8738-a4d7cf43ad35@group-8657B28DB93C-SegmentedRaftLogWorker: safeCacheEvictIndex: setUnconditionally 0 -> -1
2024-05-12 17:49:51,585 [fa686303-1758-4bad-a86f-993efac5b9f9-groupManagement] INFO  server.RaftServerConfigKeys (ConfUtils.java:logGet(46)) - raft.server.log.segment.size.max = 67108864 (custom)
2024-05-12 17:49:51,585 [89940199-bd88-4638-b386-d8d3bdf20d7b-groupManagement] INFO  util.JmxRegister (JmxRegister.java:tryRegister(44)) - Successfully registered JMX Bean with object name Ratis:service=RaftServer,group=group-8657B28DB93C,id=89940199-bd88-4638-b386-d8d3bdf20d7b
2024-05-12 17:49:51,585 [89940199-bd88-4638-b386-d8d3bdf20d7b-groupManagement] INFO  server.RaftServerConfigKeys (ConfUtils.java:logGet(46)) - raft.server.snapshot.trigger-when-stop.enabled = true (default)
2024-05-12 17:49:51,585 [89940199-bd88-4638-b386-d8d3bdf20d7b-groupManagement] INFO  server.RaftServerConfigKeys (ConfUtils.java:logGet(46)) - raft.server.snapshot.auto.trigger.enabled = true (custom)
2024-05-12 17:49:51,585 [89940199-bd88-4638-b386-d8d3bdf20d7b-groupManagement] INFO  server.RaftServerConfigKeys (ConfUtils.java:logGet(46)) - raft.server.snapshot.auto.trigger.threshold = 10000 (custom)
2024-05-12 17:49:51,585 [89940199-bd88-4638-b386-d8d3bdf20d7b-groupManagement] INFO  server.RaftServerConfigKeys (ConfUtils.java:logGet(46)) - raft.server.snapshot.retention.file.num = 5 (custom)
2024-05-12 17:49:51,585 [89940199-bd88-4638-b386-d8d3bdf20d7b-groupManagement] INFO  server.RaftServerConfigKeys (ConfUtils.java:logGet(46)) - raft.server.log.purge.upto.snapshot.index = false (default)
2024-05-12 17:49:51,586 [EventQueue-OpenPipelineForHealthyPipelineSafeModeRule] INFO  safemode.SCMSafeModeManager (HealthyPipelineSafeModeRule.java:process(140)) - SCM in safe mode. Healthy pipelines reported count is 0, required healthy pipeline reported count is 1
2024-05-12 17:49:51,585 [fa686303-1758-4bad-a86f-993efac5b9f9-groupManagement] INFO  server.RaftServerConfigKeys (ConfUtils.java:logGet(46)) - raft.server.log.segment.cache.num.max = 2 (custom)
2024-05-12 17:49:51,586 [fa686303-1758-4bad-a86f-993efac5b9f9-groupManagement] INFO  server.RaftServerConfigKeys (ConfUtils.java:logGet(46)) - raft.server.log.segment.cache.size.max = 200MB (=209715200) (default)
2024-05-12 17:49:51,586 [fa686303-1758-4bad-a86f-993efac5b9f9-groupManagement] INFO  server.RaftServerConfigKeys (ConfUtils.java:logGet(46)) - raft.server.log.appender.buffer.byte-limit = 8388608 (custom)
2024-05-12 17:49:51,587 [89940199-bd88-4638-b386-d8d3bdf20d7b@group-8657B28DB93C-FollowerState] INFO  server.RaftServerConfigKeys (ConfUtils.java:logFallback(53)) - raft.server.rpc.first-election.timeout.min = 5s (fallback to raft.server.rpc.timeout.min)
2024-05-12 17:49:51,587 [89940199-bd88-4638-b386-d8d3bdf20d7b@group-8657B28DB93C-FollowerState] INFO  server.RaftServerConfigKeys (ConfUtils.java:logFallback(53)) - raft.server.rpc.first-election.timeout.max = 5200ms (fallback to raft.server.rpc.timeout.max)
2024-05-12 17:49:51,589 [8dd0fa20-24c1-416b-8738-a4d7cf43ad35-groupManagement] INFO  server.RaftServer$Division (RaftServerImpl.java:start(396)) - 8dd0fa20-24c1-416b-8738-a4d7cf43ad35@group-8657B28DB93C: start as a follower, conf=-1: peers:[8dd0fa20-24c1-416b-8738-a4d7cf43ad35|127.0.0.1:15023, 89940199-bd88-4638-b386-d8d3bdf20d7b|127.0.0.1:15032, fa686303-1758-4bad-a86f-993efac5b9f9|127.0.0.1:15014]|listeners:[], old=null
2024-05-12 17:49:51,590 [8dd0fa20-24c1-416b-8738-a4d7cf43ad35-groupManagement] INFO  server.RaftServer$Division (RaftServerImpl.java:setRole(383)) - 8dd0fa20-24c1-416b-8738-a4d7cf43ad35@group-8657B28DB93C: changes role from      null to FOLLOWER at term 0 for startAsFollower
2024-05-12 17:49:51,590 [8dd0fa20-24c1-416b-8738-a4d7cf43ad35-groupManagement] INFO  impl.RoleInfo (RoleInfo.java:updateAndGet(139)) - 8dd0fa20-24c1-416b-8738-a4d7cf43ad35: start 8dd0fa20-24c1-416b-8738-a4d7cf43ad35@group-8657B28DB93C-FollowerState
2024-05-12 17:49:51,590 [8dd0fa20-24c1-416b-8738-a4d7cf43ad35-groupManagement] INFO  util.JmxRegister (JmxRegister.java:tryRegister(44)) - Successfully registered JMX Bean with object name Ratis:service=RaftServer,group=group-8657B28DB93C,id=8dd0fa20-24c1-416b-8738-a4d7cf43ad35
2024-05-12 17:49:51,590 [8dd0fa20-24c1-416b-8738-a4d7cf43ad35-groupManagement] INFO  server.RaftServerConfigKeys (ConfUtils.java:logGet(46)) - raft.server.snapshot.trigger-when-stop.enabled = true (default)
2024-05-12 17:49:51,590 [8dd0fa20-24c1-416b-8738-a4d7cf43ad35-groupManagement] INFO  server.RaftServerConfigKeys (ConfUtils.java:logGet(46)) - raft.server.snapshot.auto.trigger.enabled = true (custom)
2024-05-12 17:49:51,590 [8dd0fa20-24c1-416b-8738-a4d7cf43ad35-groupManagement] INFO  server.RaftServerConfigKeys (ConfUtils.java:logGet(46)) - raft.server.snapshot.auto.trigger.threshold = 10000 (custom)
2024-05-12 17:49:51,590 [8dd0fa20-24c1-416b-8738-a4d7cf43ad35-groupManagement] INFO  server.RaftServerConfigKeys (ConfUtils.java:logGet(46)) - raft.server.snapshot.retention.file.num = 5 (custom)
2024-05-12 17:49:51,590 [8dd0fa20-24c1-416b-8738-a4d7cf43ad35-groupManagement] INFO  server.RaftServerConfigKeys (ConfUtils.java:logGet(46)) - raft.server.log.purge.upto.snapshot.index = false (default)
2024-05-12 17:49:51,591 [8dd0fa20-24c1-416b-8738-a4d7cf43ad35@group-8657B28DB93C-FollowerState] INFO  server.RaftServerConfigKeys (ConfUtils.java:logFallback(53)) - raft.server.rpc.first-election.timeout.min = 5s (fallback to raft.server.rpc.timeout.min)
2024-05-12 17:49:51,591 [8dd0fa20-24c1-416b-8738-a4d7cf43ad35@group-8657B28DB93C-FollowerState] INFO  server.RaftServerConfigKeys (ConfUtils.java:logFallback(53)) - raft.server.rpc.first-election.timeout.max = 5200ms (fallback to raft.server.rpc.timeout.max)
2024-05-12 17:49:51,594 [8dd0fa20-24c1-416b-8738-a4d7cf43ad35-PipelineCommandHandlerThread-0] INFO  ratis.XceiverServerRatis (XceiverServerRatis.java:addGroup(864)) - Created group PipelineID=3e7ca939-1b1b-4109-8639-8657b28db93c
2024-05-12 17:49:51,596 [89940199-bd88-4638-b386-d8d3bdf20d7b-PipelineCommandHandlerThread-0] INFO  ratis.XceiverServerRatis (XceiverServerRatis.java:addGroup(864)) - Created group PipelineID=3e7ca939-1b1b-4109-8639-8657b28db93c
2024-05-12 17:49:51,605 [fa686303-1758-4bad-a86f-993efac5b9f9-groupManagement] INFO  util.AwaitToRun (AwaitToRun.java:start(81)) - Thread[fa686303-1758-4bad-a86f-993efac5b9f9@group-8657B28DB93C-cacheEviction-AwaitToRun,5,main] started
2024-05-12 17:49:51,606 [fa686303-1758-4bad-a86f-993efac5b9f9-groupManagement] INFO  segmented.SegmentedRaftLogWorker (SegmentedRaftLogWorker.java:<init>(182)) - new fa686303-1758-4bad-a86f-993efac5b9f9@group-8657B28DB93C-SegmentedRaftLogWorker for RaftStorageImpl:Storage Directory /home/runner/work/ozone/ozone/hadoop-ozone/integration-test/target/test-dir/MiniOzoneClusterImpl-d7aad628-a0b7-477d-aae9-77d4c10c22b9/ozone-meta/datanode-1/ratis/3e7ca939-1b1b-4109-8639-8657b28db93c
2024-05-12 17:49:51,606 [fa686303-1758-4bad-a86f-993efac5b9f9-groupManagement] INFO  server.RaftServerConfigKeys (ConfUtils.java:logGet(46)) - raft.server.log.queue.byte-limit = 4294967296 (custom)
2024-05-12 17:49:51,606 [fa686303-1758-4bad-a86f-993efac5b9f9-groupManagement] INFO  server.RaftServerConfigKeys (ConfUtils.java:logGet(46)) - raft.server.log.queue.element-limit = 1024 (custom)
2024-05-12 17:49:51,606 [fa686303-1758-4bad-a86f-993efac5b9f9-groupManagement] INFO  server.RaftServerConfigKeys (ConfUtils.java:logGet(46)) - raft.server.log.segment.size.max = 67108864 (custom)
2024-05-12 17:49:51,606 [fa686303-1758-4bad-a86f-993efac5b9f9-groupManagement] INFO  server.RaftServerConfigKeys (ConfUtils.java:logGet(46)) - raft.server.log.preallocated.size = 4194304 (custom)
2024-05-12 17:49:51,606 [fa686303-1758-4bad-a86f-993efac5b9f9-groupManagement] INFO  server.RaftServerConfigKeys (ConfUtils.java:logGet(46)) - raft.server.log.force.sync.num = 128 (default)
2024-05-12 17:49:51,606 [fa686303-1758-4bad-a86f-993efac5b9f9-groupManagement] INFO  server.RaftServerConfigKeys (ConfUtils.java:logGet(46)) - raft.server.log.statemachine.data.sync = true (default)
2024-05-12 17:49:51,606 [fa686303-1758-4bad-a86f-993efac5b9f9-groupManagement] INFO  server.RaftServerConfigKeys (ConfUtils.java:logGet(46)) - raft.server.log.statemachine.data.sync.timeout = 10s (default)
2024-05-12 17:49:51,606 [fa686303-1758-4bad-a86f-993efac5b9f9-groupManagement] INFO  server.RaftServerConfigKeys (ConfUtils.java:logGet(46)) - raft.server.log.statemachine.data.sync.timeout.retry = 30 (custom)
2024-05-12 17:49:51,606 [fa686303-1758-4bad-a86f-993efac5b9f9-groupManagement] INFO  server.RaftServerConfigKeys (ConfUtils.java:logGet(46)) - raft.server.log.write.buffer.size = 8388616 (custom)
2024-05-12 17:49:51,608 [fa686303-1758-4bad-a86f-993efac5b9f9-groupManagement] INFO  server.RaftServerConfigKeys (ConfUtils.java:logGet(46)) - raft.server.log.appender.buffer.byte-limit = 8388608 (custom)
2024-05-12 17:49:51,608 [fa686303-1758-4bad-a86f-993efac5b9f9-groupManagement] INFO  server.RaftServerConfigKeys (ConfUtils.java:logGet(46)) - raft.server.log.unsafe-flush.enabled = false (default)
2024-05-12 17:49:51,608 [fa686303-1758-4bad-a86f-993efac5b9f9-groupManagement] INFO  server.RaftServerConfigKeys (ConfUtils.java:logGet(46)) - raft.server.log.async-flush.enabled = false (default)
2024-05-12 17:49:51,608 [fa686303-1758-4bad-a86f-993efac5b9f9-groupManagement] INFO  server.RaftServerConfigKeys (ConfUtils.java:logGet(46)) - raft.server.log.statemachine.data.caching.enabled = true (custom)
2024-05-12 17:49:51,609 [fa686303-1758-4bad-a86f-993efac5b9f9-groupManagement] INFO  segmented.SegmentedRaftLogWorker (SegmentedRaftLogWorker.java:lambda$new$0(134)) - fa686303-1758-4bad-a86f-993efac5b9f9@group-8657B28DB93C-SegmentedRaftLogWorker: flushIndex: setUnconditionally 0 -> -1
2024-05-12 17:49:51,609 [fa686303-1758-4bad-a86f-993efac5b9f9-groupManagement] INFO  segmented.SegmentedRaftLogWorker (SegmentedRaftLogWorker.java:lambda$new$0(134)) - fa686303-1758-4bad-a86f-993efac5b9f9@group-8657B28DB93C-SegmentedRaftLogWorker: safeCacheEvictIndex: setUnconditionally 0 -> -1
2024-05-12 17:49:51,614 [fa686303-1758-4bad-a86f-993efac5b9f9-groupManagement] INFO  server.RaftServer$Division (RaftServerImpl.java:start(396)) - fa686303-1758-4bad-a86f-993efac5b9f9@group-8657B28DB93C: start as a follower, conf=-1: peers:[8dd0fa20-24c1-416b-8738-a4d7cf43ad35|127.0.0.1:15023, 89940199-bd88-4638-b386-d8d3bdf20d7b|127.0.0.1:15032, fa686303-1758-4bad-a86f-993efac5b9f9|127.0.0.1:15014]|listeners:[], old=null
2024-05-12 17:49:51,614 [fa686303-1758-4bad-a86f-993efac5b9f9-groupManagement] INFO  server.RaftServer$Division (RaftServerImpl.java:setRole(383)) - fa686303-1758-4bad-a86f-993efac5b9f9@group-8657B28DB93C: changes role from      null to FOLLOWER at term 0 for startAsFollower
2024-05-12 17:49:51,614 [fa686303-1758-4bad-a86f-993efac5b9f9-groupManagement] INFO  impl.RoleInfo (RoleInfo.java:updateAndGet(139)) - fa686303-1758-4bad-a86f-993efac5b9f9: start fa686303-1758-4bad-a86f-993efac5b9f9@group-8657B28DB93C-FollowerState
2024-05-12 17:49:51,618 [fa686303-1758-4bad-a86f-993efac5b9f9-groupManagement] INFO  util.JmxRegister (JmxRegister.java:tryRegister(44)) - Successfully registered JMX Bean with object name Ratis:service=RaftServer,group=group-8657B28DB93C,id=fa686303-1758-4bad-a86f-993efac5b9f9
2024-05-12 17:49:51,618 [fa686303-1758-4bad-a86f-993efac5b9f9-groupManagement] INFO  server.RaftServerConfigKeys (ConfUtils.java:logGet(46)) - raft.server.snapshot.trigger-when-stop.enabled = true (default)
2024-05-12 17:49:51,618 [fa686303-1758-4bad-a86f-993efac5b9f9-groupManagement] INFO  server.RaftServerConfigKeys (ConfUtils.java:logGet(46)) - raft.server.snapshot.auto.trigger.enabled = true (custom)
2024-05-12 17:49:51,618 [fa686303-1758-4bad-a86f-993efac5b9f9-groupManagement] INFO  server.RaftServerConfigKeys (ConfUtils.java:logGet(46)) - raft.server.snapshot.auto.trigger.threshold = 10000 (custom)
2024-05-12 17:49:51,618 [fa686303-1758-4bad-a86f-993efac5b9f9-groupManagement] INFO  server.RaftServerConfigKeys (ConfUtils.java:logGet(46)) - raft.server.snapshot.retention.file.num = 5 (custom)
2024-05-12 17:49:51,619 [fa686303-1758-4bad-a86f-993efac5b9f9-groupManagement] INFO  server.RaftServerConfigKeys (ConfUtils.java:logGet(46)) - raft.server.log.purge.upto.snapshot.index = false (default)
2024-05-12 17:49:51,622 [fa686303-1758-4bad-a86f-993efac5b9f9-PipelineCommandHandlerThread-0] INFO  ratis.XceiverServerRatis (XceiverServerRatis.java:addGroup(864)) - Created group PipelineID=3e7ca939-1b1b-4109-8639-8657b28db93c
2024-05-12 17:49:51,622 [fa686303-1758-4bad-a86f-993efac5b9f9@group-8657B28DB93C-FollowerState] INFO  server.RaftServerConfigKeys (ConfUtils.java:logFallback(53)) - raft.server.rpc.first-election.timeout.min = 5s (fallback to raft.server.rpc.timeout.min)
2024-05-12 17:49:51,622 [fa686303-1758-4bad-a86f-993efac5b9f9@group-8657B28DB93C-FollowerState] INFO  server.RaftServerConfigKeys (ConfUtils.java:logFallback(53)) - raft.server.rpc.first-election.timeout.max = 5200ms (fallback to raft.server.rpc.timeout.max)
2024-05-12 17:49:51,645 [89940199-bd88-4638-b386-d8d3bdf20d7b-PipelineCommandHandlerThread-0] INFO  commandhandler.CreatePipelineCommandHandler (CreatePipelineCommandHandler.java:lambda$handle$2(124)) - Created Pipeline RATIS THREE PipelineID=3e7ca939-1b1b-4109-8639-8657b28db93c.
2024-05-12 17:49:51,648 [8dd0fa20-24c1-416b-8738-a4d7cf43ad35-PipelineCommandHandlerThread-0] INFO  commandhandler.CreatePipelineCommandHandler (CreatePipelineCommandHandler.java:lambda$handle$2(124)) - Created Pipeline RATIS THREE PipelineID=3e7ca939-1b1b-4109-8639-8657b28db93c.
2024-05-12 17:49:51,657 [fa686303-1758-4bad-a86f-993efac5b9f9-PipelineCommandHandlerThread-0] INFO  commandhandler.CreatePipelineCommandHandler (CreatePipelineCommandHandler.java:lambda$handle$2(124)) - Created Pipeline RATIS THREE PipelineID=3e7ca939-1b1b-4109-8639-8657b28db93c.
2024-05-12 17:49:52,325 [main] INFO  ozone.MiniOzoneClusterImpl (MiniOzoneClusterImpl.java:lambda$waitForClusterToBeReady$0(194)) - Nodes are ready. Got 3 of 3 DN Heartbeats.
2024-05-12 17:49:52,326 [main] INFO  ozone.MiniOzoneClusterImpl (MiniOzoneClusterImpl.java:lambda$waitForClusterToBeReady$0(197)) - Waiting for cluster to exit safe mode
2024-05-12 17:49:52,326 [main] INFO  ozone.MiniOzoneClusterImpl (MiniOzoneClusterImpl.java:lambda$waitForClusterToBeReady$0(199)) - SCM became leader
2024-05-12 17:49:53,326 [main] INFO  ozone.MiniOzoneClusterImpl (MiniOzoneClusterImpl.java:lambda$waitForClusterToBeReady$0(194)) - Nodes are ready. Got 3 of 3 DN Heartbeats.
2024-05-12 17:49:53,326 [main] INFO  ozone.MiniOzoneClusterImpl (MiniOzoneClusterImpl.java:lambda$waitForClusterToBeReady$0(197)) - Waiting for cluster to exit safe mode
2024-05-12 17:49:53,326 [main] INFO  ozone.MiniOzoneClusterImpl (MiniOzoneClusterImpl.java:lambda$waitForClusterToBeReady$0(199)) - SCM became leader
2024-05-12 17:49:54,327 [main] INFO  ozone.MiniOzoneClusterImpl (MiniOzoneClusterImpl.java:lambda$waitForClusterToBeReady$0(194)) - Nodes are ready. Got 3 of 3 DN Heartbeats.
2024-05-12 17:49:54,327 [main] INFO  ozone.MiniOzoneClusterImpl (MiniOzoneClusterImpl.java:lambda$waitForClusterToBeReady$0(197)) - Waiting for cluster to exit safe mode
2024-05-12 17:49:54,327 [main] INFO  ozone.MiniOzoneClusterImpl (MiniOzoneClusterImpl.java:lambda$waitForClusterToBeReady$0(199)) - SCM became leader
2024-05-12 17:49:55,327 [main] INFO  ozone.MiniOzoneClusterImpl (MiniOzoneClusterImpl.java:lambda$waitForClusterToBeReady$0(194)) - Nodes are ready. Got 3 of 3 DN Heartbeats.
2024-05-12 17:49:55,327 [main] INFO  ozone.MiniOzoneClusterImpl (MiniOzoneClusterImpl.java:lambda$waitForClusterToBeReady$0(197)) - Waiting for cluster to exit safe mode
2024-05-12 17:49:55,327 [main] INFO  ozone.MiniOzoneClusterImpl (MiniOzoneClusterImpl.java:lambda$waitForClusterToBeReady$0(199)) - SCM became leader
2024-05-12 17:49:56,261 [8dd0fa20-24c1-416b-8738-a4d7cf43ad35@group-F945394B1DA2-FollowerState] INFO  impl.FollowerState (FollowerState.java:run(143)) - 8dd0fa20-24c1-416b-8738-a4d7cf43ad35@group-F945394B1DA2-FollowerState: change to CANDIDATE, lastRpcElapsedTime:5020607037ns, electionTimeout:5016ms
2024-05-12 17:49:56,262 [8dd0fa20-24c1-416b-8738-a4d7cf43ad35@group-F945394B1DA2-FollowerState] INFO  impl.RoleInfo (RoleInfo.java:shutdownFollowerState(110)) - 8dd0fa20-24c1-416b-8738-a4d7cf43ad35: shutdown 8dd0fa20-24c1-416b-8738-a4d7cf43ad35@group-F945394B1DA2-FollowerState
2024-05-12 17:49:56,262 [8dd0fa20-24c1-416b-8738-a4d7cf43ad35@group-F945394B1DA2-FollowerState] INFO  server.RaftServer$Division (RaftServerImpl.java:setRole(383)) - 8dd0fa20-24c1-416b-8738-a4d7cf43ad35@group-F945394B1DA2: changes role from  FOLLOWER to CANDIDATE at term 0 for changeToCandidate
2024-05-12 17:49:56,262 [8dd0fa20-24c1-416b-8738-a4d7cf43ad35@group-F945394B1DA2-FollowerState] INFO  server.RaftServerConfigKeys (ConfUtils.java:logGet(46)) - raft.server.leaderelection.pre-vote = true (default)
2024-05-12 17:49:56,262 [8dd0fa20-24c1-416b-8738-a4d7cf43ad35@group-F945394B1DA2-FollowerState] INFO  impl.RoleInfo (RoleInfo.java:updateAndGet(139)) - 8dd0fa20-24c1-416b-8738-a4d7cf43ad35: start 8dd0fa20-24c1-416b-8738-a4d7cf43ad35@group-F945394B1DA2-LeaderElection2
2024-05-12 17:49:56,262 [8dd0fa20-24c1-416b-8738-a4d7cf43ad35@group-F945394B1DA2-LeaderElection2] INFO  impl.LeaderElection (LeaderElection.java:askForVotes(321)) - 8dd0fa20-24c1-416b-8738-a4d7cf43ad35@group-F945394B1DA2-LeaderElection2 PRE_VOTE round 0: submit vote requests at term 0 for -1: peers:[8dd0fa20-24c1-416b-8738-a4d7cf43ad35|127.0.0.1:15023]|listeners:[], old=null
2024-05-12 17:49:56,262 [8dd0fa20-24c1-416b-8738-a4d7cf43ad35@group-F945394B1DA2-LeaderElection2] INFO  impl.LeaderElection (LeaderElection.java:askForVotes(323)) - 8dd0fa20-24c1-416b-8738-a4d7cf43ad35@group-F945394B1DA2-LeaderElection2 PRE_VOTE round 0: result PASSED (term=0)
2024-05-12 17:49:56,264 [8dd0fa20-24c1-416b-8738-a4d7cf43ad35@group-F945394B1DA2-LeaderElection2] INFO  impl.LeaderElection (LeaderElection.java:askForVotes(321)) - 8dd0fa20-24c1-416b-8738-a4d7cf43ad35@group-F945394B1DA2-LeaderElection2 ELECTION round 0: submit vote requests at term 1 for -1: peers:[8dd0fa20-24c1-416b-8738-a4d7cf43ad35|127.0.0.1:15023]|listeners:[], old=null
2024-05-12 17:49:56,264 [8dd0fa20-24c1-416b-8738-a4d7cf43ad35@group-F945394B1DA2-LeaderElection2] INFO  impl.LeaderElection (LeaderElection.java:askForVotes(323)) - 8dd0fa20-24c1-416b-8738-a4d7cf43ad35@group-F945394B1DA2-LeaderElection2 ELECTION round 0: result PASSED (term=1)
2024-05-12 17:49:56,264 [8dd0fa20-24c1-416b-8738-a4d7cf43ad35@group-F945394B1DA2-LeaderElection2] INFO  impl.RoleInfo (RoleInfo.java:shutdownLeaderElection(130)) - 8dd0fa20-24c1-416b-8738-a4d7cf43ad35: shutdown 8dd0fa20-24c1-416b-8738-a4d7cf43ad35@group-F945394B1DA2-LeaderElection2
2024-05-12 17:49:56,264 [8dd0fa20-24c1-416b-8738-a4d7cf43ad35@group-F945394B1DA2-LeaderElection2] INFO  server.RaftServer$Division (RaftServerImpl.java:setRole(383)) - 8dd0fa20-24c1-416b-8738-a4d7cf43ad35@group-F945394B1DA2: changes role from CANDIDATE to LEADER at term 1 for changeToLeader
2024-05-12 17:49:56,264 [8dd0fa20-24c1-416b-8738-a4d7cf43ad35@group-F945394B1DA2-LeaderElection2] INFO  server.RaftServerConfigKeys (ConfUtils.java:logGet(46)) - raft.server.staging.catchup.gap = 1000 (default)
2024-05-12 17:49:56,264 [8dd0fa20-24c1-416b-8738-a4d7cf43ad35@group-F945394B1DA2-LeaderElection2] INFO  server.RaftServerConfigKeys (ConfUtils.java:logGet(46)) - raft.server.write.element-limit = 1024 (custom)
2024-05-12 17:49:56,265 [8dd0fa20-24c1-416b-8738-a4d7cf43ad35@group-F945394B1DA2-LeaderElection2] INFO  server.RaftServerConfigKeys (ConfUtils.java:logGet(46)) - raft.server.write.byte-limit = 1024 M (=1073741824) (custom)
2024-05-12 17:49:56,265 [8dd0fa20-24c1-416b-8738-a4d7cf43ad35@group-F945394B1DA2-LeaderElection2] INFO  server.RaftServerConfigKeys (ConfUtils.java:logGet(46)) - raft.server.watch.timeout = 180s (custom)
2024-05-12 17:49:56,265 [8dd0fa20-24c1-416b-8738-a4d7cf43ad35@group-F945394B1DA2-LeaderElection2] INFO  server.RaftServerConfigKeys (ConfUtils.java:logGet(46)) - raft.server.watch.timeout.denomination = 1s (default)
2024-05-12 17:49:56,265 [8dd0fa20-24c1-416b-8738-a4d7cf43ad35@group-F945394B1DA2-LeaderElection2] INFO  server.RaftServerConfigKeys (ConfUtils.java:logGet(46)) - raft.server.watch.element-limit = 65536 (default)
2024-05-12 17:49:56,265 [8dd0fa20-24c1-416b-8738-a4d7cf43ad35@group-F945394B1DA2-LeaderElection2] INFO  server.RaftServerConfigKeys (ConfUtils.java:logGet(46)) - raft.server.read.leader.lease.enabled = false (default)
2024-05-12 17:49:56,265 [8dd0fa20-24c1-416b-8738-a4d7cf43ad35@group-F945394B1DA2-LeaderElection2] INFO  server.RaftServerConfigKeys (ConfUtils.java:logGet(46)) - raft.server.read.leader.lease.timeout.ratio = 0.9 (default)
2024-05-12 17:49:56,265 [8dd0fa20-24c1-416b-8738-a4d7cf43ad35@group-F945394B1DA2-LeaderElection2] INFO  server.RaftServerConfigKeys (ConfUtils.java:logGet(46)) - raft.server.rpc.timeout.min = 5s (custom)
2024-05-12 17:49:56,265 [8dd0fa20-24c1-416b-8738-a4d7cf43ad35@group-F945394B1DA2-LeaderElection2] INFO  server.RaftServerConfigKeys (ConfUtils.java:logGet(46)) - raft.server.write.element-limit = 1024 (custom)
2024-05-12 17:49:56,266 [8dd0fa20-24c1-416b-8738-a4d7cf43ad35@group-F945394B1DA2-LeaderElection2] INFO  server.RaftServerConfigKeys (ConfUtils.java:logGet(46)) - raft.server.write.follower.gap.ratio.max = -1.0 (default)
2024-05-12 17:49:56,266 [8dd0fa20-24c1-416b-8738-a4d7cf43ad35@group-F945394B1DA2-LeaderElection2] INFO  impl.RoleInfo (RoleInfo.java:updateAndGet(139)) - 8dd0fa20-24c1-416b-8738-a4d7cf43ad35: start 8dd0fa20-24c1-416b-8738-a4d7cf43ad35@group-F945394B1DA2-LeaderStateImpl
2024-05-12 17:49:56,266 [8dd0fa20-24c1-416b-8738-a4d7cf43ad35@group-F945394B1DA2-LeaderElection2] INFO  server.RaftServer$Division (RaftServerImpl.java:setFirstElection(574)) - 8dd0fa20-24c1-416b-8738-a4d7cf43ad35@group-F945394B1DA2: set firstElectionSinceStartup to false for becomeLeader
2024-05-12 17:49:56,266 [8dd0fa20-24c1-416b-8738-a4d7cf43ad35@group-F945394B1DA2-LeaderElection2] INFO  ratis.XceiverServerRatis (XceiverServerRatis.java:handleLeaderChangedNotification(966)) - Leader change notification received for group: group-F945394B1DA2 with new leaderId: 8dd0fa20-24c1-416b-8738-a4d7cf43ad35
2024-05-12 17:49:56,267 [8dd0fa20-24c1-416b-8738-a4d7cf43ad35@group-F945394B1DA2-LeaderElection2] INFO  server.RaftServer$Division (ServerState.java:setLeader(269)) - 8dd0fa20-24c1-416b-8738-a4d7cf43ad35@group-F945394B1DA2: change Leader from null to 8dd0fa20-24c1-416b-8738-a4d7cf43ad35 at term 1 for becomeLeader, leader elected after 5054ms
2024-05-12 17:49:56,267 [8dd0fa20-24c1-416b-8738-a4d7cf43ad35@group-F945394B1DA2-LeaderElection2] INFO  segmented.SegmentedRaftLogWorker (SegmentedRaftLogWorker.java:startLogSegment(430)) - 8dd0fa20-24c1-416b-8738-a4d7cf43ad35@group-F945394B1DA2-SegmentedRaftLogWorker: Starting segment from index:0
2024-05-12 17:49:56,267 [8dd0fa20-24c1-416b-8738-a4d7cf43ad35@group-F945394B1DA2-SegmentedRaftLogWorker] INFO  segmented.BufferedWriteChannel (BufferedWriteChannel.java:open(62)) - open log_inprogress_0 at position 0
2024-05-12 17:49:56,268 [8dd0fa20-24c1-416b-8738-a4d7cf43ad35@group-F945394B1DA2-LeaderElection2] INFO  server.RaftServer$Division (ServerState.java:setRaftConf(386)) - 8dd0fa20-24c1-416b-8738-a4d7cf43ad35@group-F945394B1DA2: set configuration 0: peers:[8dd0fa20-24c1-416b-8738-a4d7cf43ad35|127.0.0.1:15023]|listeners:[], old=null
2024-05-12 17:49:56,270 [EventQueue-OpenPipelineForHealthyPipelineSafeModeRule] INFO  safemode.SCMSafeModeManager (HealthyPipelineSafeModeRule.java:process(140)) - SCM in safe mode. Healthy pipelines reported count is 0, required healthy pipeline reported count is 1
2024-05-12 17:49:56,275 [8dd0fa20-24c1-416b-8738-a4d7cf43ad35@group-F945394B1DA2-SegmentedRaftLogWorker] INFO  segmented.SegmentedRaftLogWorker (SegmentedRaftLogWorker.java:execute(634)) - 8dd0fa20-24c1-416b-8738-a4d7cf43ad35@group-F945394B1DA2-SegmentedRaftLogWorker: created new log segment /home/runner/work/ozone/ozone/hadoop-ozone/integration-test/target/test-dir/MiniOzoneClusterImpl-d7aad628-a0b7-477d-aae9-77d4c10c22b9/ozone-meta/datanode-2/ratis/4899e099-01c9-4a12-a9ac-f945394b1da2/current/log_inprogress_0
2024-05-12 17:49:56,277 [8dd0fa20-24c1-416b-8738-a4d7cf43ad35@group-F945394B1DA2-StateMachineUpdater] INFO  server.RaftServer$Division (LeaderStateImpl.java:isApplied(320)) - leader is ready since appliedIndex == 0 >= startIndex == 0
2024-05-12 17:49:56,293 [8dd0fa20-24c1-416b-8738-a4d7cf43ad35@group-D31071F085E4-FollowerState] INFO  impl.FollowerState (FollowerState.java:run(143)) - 8dd0fa20-24c1-416b-8738-a4d7cf43ad35@group-D31071F085E4-FollowerState: change to CANDIDATE, lastRpcElapsedTime:5008630607ns, electionTimeout:5006ms
2024-05-12 17:49:56,293 [8dd0fa20-24c1-416b-8738-a4d7cf43ad35@group-D31071F085E4-FollowerState] INFO  impl.RoleInfo (RoleInfo.java:shutdownFollowerState(110)) - 8dd0fa20-24c1-416b-8738-a4d7cf43ad35: shutdown 8dd0fa20-24c1-416b-8738-a4d7cf43ad35@group-D31071F085E4-FollowerState
2024-05-12 17:49:56,293 [8dd0fa20-24c1-416b-8738-a4d7cf43ad35@group-D31071F085E4-FollowerState] INFO  server.RaftServer$Division (RaftServerImpl.java:setRole(383)) - 8dd0fa20-24c1-416b-8738-a4d7cf43ad35@group-D31071F085E4: changes role from  FOLLOWER to CANDIDATE at term 0 for changeToCandidate
2024-05-12 17:49:56,293 [8dd0fa20-24c1-416b-8738-a4d7cf43ad35@group-D31071F085E4-FollowerState] INFO  server.RaftServerConfigKeys (ConfUtils.java:logGet(46)) - raft.server.leaderelection.pre-vote = true (default)
2024-05-12 17:49:56,293 [8dd0fa20-24c1-416b-8738-a4d7cf43ad35@group-D31071F085E4-FollowerState] INFO  impl.RoleInfo (RoleInfo.java:updateAndGet(139)) - 8dd0fa20-24c1-416b-8738-a4d7cf43ad35: start 8dd0fa20-24c1-416b-8738-a4d7cf43ad35@group-D31071F085E4-LeaderElection3
2024-05-12 17:49:56,294 [8dd0fa20-24c1-416b-8738-a4d7cf43ad35@group-D31071F085E4-LeaderElection3] INFO  impl.LeaderElection (LeaderElection.java:askForVotes(321)) - 8dd0fa20-24c1-416b-8738-a4d7cf43ad35@group-D31071F085E4-LeaderElection3 PRE_VOTE round 0: submit vote requests at term 0 for -1: peers:[8dd0fa20-24c1-416b-8738-a4d7cf43ad35|127.0.0.1:15023, 89940199-bd88-4638-b386-d8d3bdf20d7b|127.0.0.1:15032, fa686303-1758-4bad-a86f-993efac5b9f9|127.0.0.1:15014]|listeners:[], old=null
2024-05-12 17:49:56,297 [8dd0fa20-24c1-416b-8738-a4d7cf43ad35@group-D31071F085E4-LeaderElection3] INFO  server.RaftServerConfigKeys (ConfUtils.java:logFallback(53)) - raft.server.rpc.first-election.timeout.min = 5s (fallback to raft.server.rpc.timeout.min)
2024-05-12 17:49:56,297 [8dd0fa20-24c1-416b-8738-a4d7cf43ad35@group-D31071F085E4-LeaderElection3] INFO  server.RaftServerConfigKeys (ConfUtils.java:logFallback(53)) - raft.server.rpc.first-election.timeout.max = 5200ms (fallback to raft.server.rpc.timeout.max)
2024-05-12 17:49:56,297 [8dd0fa20-24c1-416b-8738-a4d7cf43ad35@group-D31071F085E4-LeaderElection3-2] INFO  server.GrpcServerProtocolClient (GrpcServerProtocolClient.java:<init>(65)) - Build channel for fa686303-1758-4bad-a86f-993efac5b9f9|127.0.0.1:15014
2024-05-12 17:49:56,297 [8dd0fa20-24c1-416b-8738-a4d7cf43ad35@group-D31071F085E4-LeaderElection3-1] INFO  server.GrpcServerProtocolClient (GrpcServerProtocolClient.java:<init>(65)) - Build channel for 89940199-bd88-4638-b386-d8d3bdf20d7b|127.0.0.1:15032
2024-05-12 17:49:56,305 [grpc-default-executor-1] INFO  server.RaftServer$Division (RaftServerImpl.java:requestVote(1389)) - 89940199-bd88-4638-b386-d8d3bdf20d7b@group-D31071F085E4: receive requestVote(PRE_VOTE, 8dd0fa20-24c1-416b-8738-a4d7cf43ad35, group-D31071F085E4, 0, (t:0, i:0))
2024-05-12 17:49:56,305 [grpc-default-executor-2] INFO  server.RaftServer$Division (RaftServerImpl.java:requestVote(1389)) - fa686303-1758-4bad-a86f-993efac5b9f9@group-D31071F085E4: receive requestVote(PRE_VOTE, 8dd0fa20-24c1-416b-8738-a4d7cf43ad35, group-D31071F085E4, 0, (t:0, i:0))
2024-05-12 17:49:56,306 [grpc-default-executor-1] INFO  impl.VoteContext (VoteContext.java:log(49)) - 89940199-bd88-4638-b386-d8d3bdf20d7b@group-D31071F085E4-FOLLOWER: reject PRE_VOTE from 8dd0fa20-24c1-416b-8738-a4d7cf43ad35: our priority 1 > candidate's priority 0
2024-05-12 17:49:56,306 [grpc-default-executor-2] INFO  impl.VoteContext (VoteContext.java:log(49)) - fa686303-1758-4bad-a86f-993efac5b9f9@group-D31071F085E4-FOLLOWER: accept PRE_VOTE from 8dd0fa20-24c1-416b-8738-a4d7cf43ad35: our priority 0 <= candidate's priority 0
2024-05-12 17:49:56,310 [grpc-default-executor-1] INFO  server.RaftServer$Division (RaftServerImpl.java:requestVote(1422)) - 89940199-bd88-4638-b386-d8d3bdf20d7b@group-D31071F085E4 replies to PRE_VOTE vote request: 8dd0fa20-24c1-416b-8738-a4d7cf43ad35<-89940199-bd88-4638-b386-d8d3bdf20d7b#0:FAIL-t0. Peer's state: 89940199-bd88-4638-b386-d8d3bdf20d7b@group-D31071F085E4:t0, leader=null, voted=, raftlog=Memoized:89940199-bd88-4638-b386-d8d3bdf20d7b@group-D31071F085E4-SegmentedRaftLog:OPENED:c-1, conf=-1: peers:[8dd0fa20-24c1-416b-8738-a4d7cf43ad35|127.0.0.1:15023, 89940199-bd88-4638-b386-d8d3bdf20d7b|127.0.0.1:15032, fa686303-1758-4bad-a86f-993efac5b9f9|127.0.0.1:15014]|listeners:[], old=null
2024-05-12 17:49:56,310 [grpc-default-executor-2] INFO  server.RaftServer$Division (RaftServerImpl.java:requestVote(1422)) - fa686303-1758-4bad-a86f-993efac5b9f9@group-D31071F085E4 replies to PRE_VOTE vote request: 8dd0fa20-24c1-416b-8738-a4d7cf43ad35<-fa686303-1758-4bad-a86f-993efac5b9f9#0:OK-t0. Peer's state: fa686303-1758-4bad-a86f-993efac5b9f9@group-D31071F085E4:t0, leader=null, voted=, raftlog=Memoized:fa686303-1758-4bad-a86f-993efac5b9f9@group-D31071F085E4-SegmentedRaftLog:OPENED:c-1, conf=-1: peers:[8dd0fa20-24c1-416b-8738-a4d7cf43ad35|127.0.0.1:15023, 89940199-bd88-4638-b386-d8d3bdf20d7b|127.0.0.1:15032, fa686303-1758-4bad-a86f-993efac5b9f9|127.0.0.1:15014]|listeners:[], old=null
2024-05-12 17:49:56,313 [8dd0fa20-24c1-416b-8738-a4d7cf43ad35@group-D31071F085E4-LeaderElection3] INFO  impl.LeaderElection (LeaderElection.java:logAndReturn(89)) - 8dd0fa20-24c1-416b-8738-a4d7cf43ad35@group-D31071F085E4-LeaderElection3: PRE_VOTE REJECTED received 1 response(s) and 0 exception(s):
2024-05-12 17:49:56,313 [8dd0fa20-24c1-416b-8738-a4d7cf43ad35@group-D31071F085E4-LeaderElection3] INFO  impl.LeaderElection (LeaderElection.java:logAndReturn(93)) -   Response 0: 8dd0fa20-24c1-416b-8738-a4d7cf43ad35<-89940199-bd88-4638-b386-d8d3bdf20d7b#0:FAIL-t0
2024-05-12 17:49:56,313 [8dd0fa20-24c1-416b-8738-a4d7cf43ad35@group-D31071F085E4-LeaderElection3] INFO  impl.LeaderElection (LeaderElection.java:askForVotes(323)) - 8dd0fa20-24c1-416b-8738-a4d7cf43ad35@group-D31071F085E4-LeaderElection3 PRE_VOTE round 0: result REJECTED
2024-05-12 17:49:56,314 [8dd0fa20-24c1-416b-8738-a4d7cf43ad35@group-D31071F085E4-LeaderElection3] INFO  server.RaftServer$Division (RaftServerImpl.java:setRole(383)) - 8dd0fa20-24c1-416b-8738-a4d7cf43ad35@group-D31071F085E4: changes role from CANDIDATE to FOLLOWER at term 0 for REJECTED
2024-05-12 17:49:56,314 [8dd0fa20-24c1-416b-8738-a4d7cf43ad35@group-D31071F085E4-LeaderElection3] INFO  impl.RoleInfo (RoleInfo.java:shutdownLeaderElection(130)) - 8dd0fa20-24c1-416b-8738-a4d7cf43ad35: shutdown 8dd0fa20-24c1-416b-8738-a4d7cf43ad35@group-D31071F085E4-LeaderElection3
2024-05-12 17:49:56,314 [8dd0fa20-24c1-416b-8738-a4d7cf43ad35@group-D31071F085E4-LeaderElection3] INFO  impl.RoleInfo (RoleInfo.java:updateAndGet(139)) - 8dd0fa20-24c1-416b-8738-a4d7cf43ad35: start 8dd0fa20-24c1-416b-8738-a4d7cf43ad35@group-D31071F085E4-FollowerState
2024-05-12 17:49:56,314 [8dd0fa20-24c1-416b-8738-a4d7cf43ad35@group-D31071F085E4-LeaderElection3] INFO  server.RaftServer$Division (RaftServerImpl.java:setFirstElection(574)) - 8dd0fa20-24c1-416b-8738-a4d7cf43ad35@group-D31071F085E4: set firstElectionSinceStartup to false for REJECTED
2024-05-12 17:49:56,322 [fa686303-1758-4bad-a86f-993efac5b9f9@group-D31071F085E4-FollowerState] INFO  server.RaftServerConfigKeys (ConfUtils.java:logFallback(53)) - raft.server.rpc.first-election.timeout.min = 5s (fallback to raft.server.rpc.timeout.min)
2024-05-12 17:49:56,322 [fa686303-1758-4bad-a86f-993efac5b9f9@group-D31071F085E4-FollowerState] INFO  server.RaftServerConfigKeys (ConfUtils.java:logFallback(53)) - raft.server.rpc.first-election.timeout.max = 5200ms (fallback to raft.server.rpc.timeout.max)
2024-05-12 17:49:56,327 [main] INFO  ozone.MiniOzoneClusterImpl (MiniOzoneClusterImpl.java:lambda$waitForClusterToBeReady$0(194)) - Nodes are ready. Got 3 of 3 DN Heartbeats.
2024-05-12 17:49:56,328 [main] INFO  ozone.MiniOzoneClusterImpl (MiniOzoneClusterImpl.java:lambda$waitForClusterToBeReady$0(197)) - Waiting for cluster to exit safe mode
2024-05-12 17:49:56,328 [main] INFO  ozone.MiniOzoneClusterImpl (MiniOzoneClusterImpl.java:lambda$waitForClusterToBeReady$0(199)) - SCM became leader
2024-05-12 17:49:56,332 [fa686303-1758-4bad-a86f-993efac5b9f9@group-4952DFE17A20-FollowerState] INFO  impl.FollowerState (FollowerState.java:run(143)) - fa686303-1758-4bad-a86f-993efac5b9f9@group-4952DFE17A20-FollowerState: change to CANDIDATE, lastRpcElapsedTime:5190452728ns, electionTimeout:5188ms
2024-05-12 17:49:56,332 [fa686303-1758-4bad-a86f-993efac5b9f9@group-4952DFE17A20-FollowerState] INFO  impl.RoleInfo (RoleInfo.java:shutdownFollowerState(110)) - fa686303-1758-4bad-a86f-993efac5b9f9: shutdown fa686303-1758-4bad-a86f-993efac5b9f9@group-4952DFE17A20-FollowerState
2024-05-12 17:49:56,333 [fa686303-1758-4bad-a86f-993efac5b9f9@group-4952DFE17A20-FollowerState] INFO  server.RaftServer$Division (RaftServerImpl.java:setRole(383)) - fa686303-1758-4bad-a86f-993efac5b9f9@group-4952DFE17A20: changes role from  FOLLOWER to CANDIDATE at term 0 for changeToCandidate
2024-05-12 17:49:56,333 [fa686303-1758-4bad-a86f-993efac5b9f9@group-4952DFE17A20-FollowerState] INFO  server.RaftServerConfigKeys (ConfUtils.java:logGet(46)) - raft.server.leaderelection.pre-vote = true (default)
2024-05-12 17:49:56,333 [fa686303-1758-4bad-a86f-993efac5b9f9@group-4952DFE17A20-FollowerState] INFO  impl.RoleInfo (RoleInfo.java:updateAndGet(139)) - fa686303-1758-4bad-a86f-993efac5b9f9: start fa686303-1758-4bad-a86f-993efac5b9f9@group-4952DFE17A20-LeaderElection4
2024-05-12 17:49:56,333 [fa686303-1758-4bad-a86f-993efac5b9f9@group-4952DFE17A20-LeaderElection4] INFO  impl.LeaderElection (LeaderElection.java:askForVotes(321)) - fa686303-1758-4bad-a86f-993efac5b9f9@group-4952DFE17A20-LeaderElection4 PRE_VOTE round 0: submit vote requests at term 0 for -1: peers:[fa686303-1758-4bad-a86f-993efac5b9f9|127.0.0.1:15014]|listeners:[], old=null
2024-05-12 17:49:56,333 [fa686303-1758-4bad-a86f-993efac5b9f9@group-4952DFE17A20-LeaderElection4] INFO  impl.LeaderElection (LeaderElection.java:askForVotes(323)) - fa686303-1758-4bad-a86f-993efac5b9f9@group-4952DFE17A20-LeaderElection4 PRE_VOTE round 0: result PASSED (term=0)
2024-05-12 17:49:56,334 [fa686303-1758-4bad-a86f-993efac5b9f9@group-4952DFE17A20-LeaderElection4] INFO  impl.LeaderElection (LeaderElection.java:askForVotes(321)) - fa686303-1758-4bad-a86f-993efac5b9f9@group-4952DFE17A20-LeaderElection4 ELECTION round 0: submit vote requests at term 1 for -1: peers:[fa686303-1758-4bad-a86f-993efac5b9f9|127.0.0.1:15014]|listeners:[], old=null
2024-05-12 17:49:56,334 [fa686303-1758-4bad-a86f-993efac5b9f9@group-4952DFE17A20-LeaderElection4] INFO  impl.LeaderElection (LeaderElection.java:askForVotes(323)) - fa686303-1758-4bad-a86f-993efac5b9f9@group-4952DFE17A20-LeaderElection4 ELECTION round 0: result PASSED (term=1)
2024-05-12 17:49:56,334 [fa686303-1758-4bad-a86f-993efac5b9f9@group-4952DFE17A20-LeaderElection4] INFO  impl.RoleInfo (RoleInfo.java:shutdownLeaderElection(130)) - fa686303-1758-4bad-a86f-993efac5b9f9: shutdown fa686303-1758-4bad-a86f-993efac5b9f9@group-4952DFE17A20-LeaderElection4
2024-05-12 17:49:56,334 [fa686303-1758-4bad-a86f-993efac5b9f9@group-4952DFE17A20-LeaderElection4] INFO  server.RaftServer$Division (RaftServerImpl.java:setRole(383)) - fa686303-1758-4bad-a86f-993efac5b9f9@group-4952DFE17A20: changes role from CANDIDATE to LEADER at term 1 for changeToLeader
2024-05-12 17:49:56,334 [fa686303-1758-4bad-a86f-993efac5b9f9@group-4952DFE17A20-LeaderElection4] INFO  server.RaftServerConfigKeys (ConfUtils.java:logGet(46)) - raft.server.staging.catchup.gap = 1000 (default)
2024-05-12 17:49:56,335 [fa686303-1758-4bad-a86f-993efac5b9f9@group-4952DFE17A20-LeaderElection4] INFO  server.RaftServerConfigKeys (ConfUtils.java:logGet(46)) - raft.server.write.element-limit = 1024 (custom)
2024-05-12 17:49:56,335 [fa686303-1758-4bad-a86f-993efac5b9f9@group-4952DFE17A20-LeaderElection4] INFO  server.RaftServerConfigKeys (ConfUtils.java:logGet(46)) - raft.server.write.byte-limit = 1024 M (=1073741824) (custom)
2024-05-12 17:49:56,335 [fa686303-1758-4bad-a86f-993efac5b9f9@group-4952DFE17A20-LeaderElection4] INFO  server.RaftServerConfigKeys (ConfUtils.java:logGet(46)) - raft.server.watch.timeout = 180s (custom)
2024-05-12 17:49:56,335 [fa686303-1758-4bad-a86f-993efac5b9f9@group-4952DFE17A20-LeaderElection4] INFO  server.RaftServerConfigKeys (ConfUtils.java:logGet(46)) - raft.server.watch.timeout.denomination = 1s (default)
2024-05-12 17:49:56,335 [fa686303-1758-4bad-a86f-993efac5b9f9@group-4952DFE17A20-LeaderElection4] INFO  server.RaftServerConfigKeys (ConfUtils.java:logGet(46)) - raft.server.watch.element-limit = 65536 (default)
2024-05-12 17:49:56,335 [fa686303-1758-4bad-a86f-993efac5b9f9@group-4952DFE17A20-LeaderElection4] INFO  server.RaftServerConfigKeys (ConfUtils.java:logGet(46)) - raft.server.read.leader.lease.enabled = false (default)
2024-05-12 17:49:56,335 [fa686303-1758-4bad-a86f-993efac5b9f9@group-4952DFE17A20-LeaderElection4] INFO  server.RaftServerConfigKeys (ConfUtils.java:logGet(46)) - raft.server.read.leader.lease.timeout.ratio = 0.9 (default)
2024-05-12 17:49:56,335 [fa686303-1758-4bad-a86f-993efac5b9f9@group-4952DFE17A20-LeaderElection4] INFO  server.RaftServerConfigKeys (ConfUtils.java:logGet(46)) - raft.server.rpc.timeout.min = 5s (custom)
2024-05-12 17:49:56,335 [fa686303-1758-4bad-a86f-993efac5b9f9@group-4952DFE17A20-LeaderElection4] INFO  server.RaftServerConfigKeys (ConfUtils.java:logGet(46)) - raft.server.write.element-limit = 1024 (custom)
2024-05-12 17:49:56,335 [fa686303-1758-4bad-a86f-993efac5b9f9@group-4952DFE17A20-LeaderElection4] INFO  server.RaftServerConfigKeys (ConfUtils.java:logGet(46)) - raft.server.write.follower.gap.ratio.max = -1.0 (default)
2024-05-12 17:49:56,336 [fa686303-1758-4bad-a86f-993efac5b9f9@group-4952DFE17A20-LeaderElection4] INFO  impl.RoleInfo (RoleInfo.java:updateAndGet(139)) - fa686303-1758-4bad-a86f-993efac5b9f9: start fa686303-1758-4bad-a86f-993efac5b9f9@group-4952DFE17A20-LeaderStateImpl
2024-05-12 17:49:56,336 [fa686303-1758-4bad-a86f-993efac5b9f9@group-4952DFE17A20-LeaderElection4] INFO  server.RaftServer$Division (RaftServerImpl.java:setFirstElection(574)) - fa686303-1758-4bad-a86f-993efac5b9f9@group-4952DFE17A20: set firstElectionSinceStartup to false for becomeLeader
2024-05-12 17:49:56,336 [fa686303-1758-4bad-a86f-993efac5b9f9@group-4952DFE17A20-LeaderElection4] INFO  ratis.XceiverServerRatis (XceiverServerRatis.java:handleLeaderChangedNotification(966)) - Leader change notification received for group: group-4952DFE17A20 with new leaderId: fa686303-1758-4bad-a86f-993efac5b9f9
2024-05-12 17:49:56,336 [fa686303-1758-4bad-a86f-993efac5b9f9@group-4952DFE17A20-LeaderElection4] INFO  server.RaftServer$Division (ServerState.java:setLeader(269)) - fa686303-1758-4bad-a86f-993efac5b9f9@group-4952DFE17A20: change Leader from null to fa686303-1758-4bad-a86f-993efac5b9f9 at term 1 for becomeLeader, leader elected after 5225ms
2024-05-12 17:49:56,336 [fa686303-1758-4bad-a86f-993efac5b9f9@group-4952DFE17A20-LeaderElection4] INFO  segmented.SegmentedRaftLogWorker (SegmentedRaftLogWorker.java:startLogSegment(430)) - fa686303-1758-4bad-a86f-993efac5b9f9@group-4952DFE17A20-SegmentedRaftLogWorker: Starting segment from index:0
2024-05-12 17:49:56,336 [fa686303-1758-4bad-a86f-993efac5b9f9@group-4952DFE17A20-LeaderElection4] INFO  server.RaftServer$Division (ServerState.java:setRaftConf(386)) - fa686303-1758-4bad-a86f-993efac5b9f9@group-4952DFE17A20: set configuration 0: peers:[fa686303-1758-4bad-a86f-993efac5b9f9|127.0.0.1:15014]|listeners:[], old=null
2024-05-12 17:49:56,337 [fa686303-1758-4bad-a86f-993efac5b9f9@group-4952DFE17A20-SegmentedRaftLogWorker] INFO  segmented.BufferedWriteChannel (BufferedWriteChannel.java:open(62)) - open log_inprogress_0 at position 0
2024-05-12 17:49:56,341 [EventQueue-OpenPipelineForHealthyPipelineSafeModeRule] INFO  safemode.SCMSafeModeManager (HealthyPipelineSafeModeRule.java:process(140)) - SCM in safe mode. Healthy pipelines reported count is 0, required healthy pipeline reported count is 1
2024-05-12 17:49:56,345 [fa686303-1758-4bad-a86f-993efac5b9f9@group-4952DFE17A20-SegmentedRaftLogWorker] INFO  segmented.SegmentedRaftLogWorker (SegmentedRaftLogWorker.java:execute(634)) - fa686303-1758-4bad-a86f-993efac5b9f9@group-4952DFE17A20-SegmentedRaftLogWorker: created new log segment /home/runner/work/ozone/ozone/hadoop-ozone/integration-test/target/test-dir/MiniOzoneClusterImpl-d7aad628-a0b7-477d-aae9-77d4c10c22b9/ozone-meta/datanode-1/ratis/19f4bc64-9506-4bfe-b0f6-4952dfe17a20/current/log_inprogress_0
2024-05-12 17:49:56,347 [fa686303-1758-4bad-a86f-993efac5b9f9@group-4952DFE17A20-StateMachineUpdater] INFO  server.RaftServer$Division (LeaderStateImpl.java:isApplied(320)) - leader is ready since appliedIndex == 0 >= startIndex == 0
2024-05-12 17:49:56,416 [89940199-bd88-4638-b386-d8d3bdf20d7b@group-7AD7E6F877BD-FollowerState] INFO  impl.FollowerState (FollowerState.java:run(143)) - 89940199-bd88-4638-b386-d8d3bdf20d7b@group-7AD7E6F877BD-FollowerState: change to CANDIDATE, lastRpcElapsedTime:5018179782ns, electionTimeout:5012ms
2024-05-12 17:49:56,416 [89940199-bd88-4638-b386-d8d3bdf20d7b@group-7AD7E6F877BD-FollowerState] INFO  impl.RoleInfo (RoleInfo.java:shutdownFollowerState(110)) - 89940199-bd88-4638-b386-d8d3bdf20d7b: shutdown 89940199-bd88-4638-b386-d8d3bdf20d7b@group-7AD7E6F877BD-FollowerState
2024-05-12 17:49:56,416 [89940199-bd88-4638-b386-d8d3bdf20d7b@group-7AD7E6F877BD-FollowerState] INFO  server.RaftServer$Division (RaftServerImpl.java:setRole(383)) - 89940199-bd88-4638-b386-d8d3bdf20d7b@group-7AD7E6F877BD: changes role from  FOLLOWER to CANDIDATE at term 0 for changeToCandidate
2024-05-12 17:49:56,416 [89940199-bd88-4638-b386-d8d3bdf20d7b@group-7AD7E6F877BD-FollowerState] INFO  server.RaftServerConfigKeys (ConfUtils.java:logGet(46)) - raft.server.leaderelection.pre-vote = true (default)
2024-05-12 17:49:56,416 [89940199-bd88-4638-b386-d8d3bdf20d7b@group-7AD7E6F877BD-FollowerState] INFO  impl.RoleInfo (RoleInfo.java:updateAndGet(139)) - 89940199-bd88-4638-b386-d8d3bdf20d7b: start 89940199-bd88-4638-b386-d8d3bdf20d7b@group-7AD7E6F877BD-LeaderElection5
2024-05-12 17:49:56,417 [89940199-bd88-4638-b386-d8d3bdf20d7b@group-7AD7E6F877BD-LeaderElection5] INFO  impl.LeaderElection (LeaderElection.java:askForVotes(321)) - 89940199-bd88-4638-b386-d8d3bdf20d7b@group-7AD7E6F877BD-LeaderElection5 PRE_VOTE round 0: submit vote requests at term 0 for -1: peers:[89940199-bd88-4638-b386-d8d3bdf20d7b|127.0.0.1:15032]|listeners:[], old=null
2024-05-12 17:49:56,417 [89940199-bd88-4638-b386-d8d3bdf20d7b@group-7AD7E6F877BD-LeaderElection5] INFO  impl.LeaderElection (LeaderElection.java:askForVotes(323)) - 89940199-bd88-4638-b386-d8d3bdf20d7b@group-7AD7E6F877BD-LeaderElection5 PRE_VOTE round 0: result PASSED (term=0)
2024-05-12 17:49:56,418 [89940199-bd88-4638-b386-d8d3bdf20d7b@group-7AD7E6F877BD-LeaderElection5] INFO  impl.LeaderElection (LeaderElection.java:askForVotes(321)) - 89940199-bd88-4638-b386-d8d3bdf20d7b@group-7AD7E6F877BD-LeaderElection5 ELECTION round 0: submit vote requests at term 1 for -1: peers:[89940199-bd88-4638-b386-d8d3bdf20d7b|127.0.0.1:15032]|listeners:[], old=null
2024-05-12 17:49:56,418 [89940199-bd88-4638-b386-d8d3bdf20d7b@group-7AD7E6F877BD-LeaderElection5] INFO  impl.LeaderElection (LeaderElection.java:askForVotes(323)) - 89940199-bd88-4638-b386-d8d3bdf20d7b@group-7AD7E6F877BD-LeaderElection5 ELECTION round 0: result PASSED (term=1)
2024-05-12 17:49:56,418 [89940199-bd88-4638-b386-d8d3bdf20d7b@group-7AD7E6F877BD-LeaderElection5] INFO  impl.RoleInfo (RoleInfo.java:shutdownLeaderElection(130)) - 89940199-bd88-4638-b386-d8d3bdf20d7b: shutdown 89940199-bd88-4638-b386-d8d3bdf20d7b@group-7AD7E6F877BD-LeaderElection5
2024-05-12 17:49:56,419 [89940199-bd88-4638-b386-d8d3bdf20d7b@group-7AD7E6F877BD-LeaderElection5] INFO  server.RaftServer$Division (RaftServerImpl.java:setRole(383)) - 89940199-bd88-4638-b386-d8d3bdf20d7b@group-7AD7E6F877BD: changes role from CANDIDATE to LEADER at term 1 for changeToLeader
2024-05-12 17:49:56,419 [89940199-bd88-4638-b386-d8d3bdf20d7b@group-7AD7E6F877BD-LeaderElection5] INFO  server.RaftServerConfigKeys (ConfUtils.java:logGet(46)) - raft.server.staging.catchup.gap = 1000 (default)
2024-05-12 17:49:56,419 [89940199-bd88-4638-b386-d8d3bdf20d7b@group-7AD7E6F877BD-LeaderElection5] INFO  server.RaftServerConfigKeys (ConfUtils.java:logGet(46)) - raft.server.write.element-limit = 1024 (custom)
2024-05-12 17:49:56,419 [89940199-bd88-4638-b386-d8d3bdf20d7b@group-7AD7E6F877BD-LeaderElection5] INFO  server.RaftServerConfigKeys (ConfUtils.java:logGet(46)) - raft.server.write.byte-limit = 1024 M (=1073741824) (custom)
2024-05-12 17:49:56,419 [89940199-bd88-4638-b386-d8d3bdf20d7b@group-7AD7E6F877BD-LeaderElection5] INFO  server.RaftServerConfigKeys (ConfUtils.java:logGet(46)) - raft.server.watch.timeout = 180s (custom)
2024-05-12 17:49:56,420 [89940199-bd88-4638-b386-d8d3bdf20d7b@group-7AD7E6F877BD-LeaderElection5] INFO  server.RaftServerConfigKeys (ConfUtils.java:logGet(46)) - raft.server.watch.timeout.denomination = 1s (default)
2024-05-12 17:49:56,420 [89940199-bd88-4638-b386-d8d3bdf20d7b@group-7AD7E6F877BD-LeaderElection5] INFO  server.RaftServerConfigKeys (ConfUtils.java:logGet(46)) - raft.server.watch.element-limit = 65536 (default)
2024-05-12 17:49:56,420 [89940199-bd88-4638-b386-d8d3bdf20d7b@group-7AD7E6F877BD-LeaderElection5] INFO  server.RaftServerConfigKeys (ConfUtils.java:logGet(46)) - raft.server.read.leader.lease.enabled = false (default)
2024-05-12 17:49:56,420 [89940199-bd88-4638-b386-d8d3bdf20d7b@group-7AD7E6F877BD-LeaderElection5] INFO  server.RaftServerConfigKeys (ConfUtils.java:logGet(46)) - raft.server.read.leader.lease.timeout.ratio = 0.9 (default)
2024-05-12 17:49:56,420 [89940199-bd88-4638-b386-d8d3bdf20d7b@group-7AD7E6F877BD-LeaderElection5] INFO  server.RaftServerConfigKeys (ConfUtils.java:logGet(46)) - raft.server.rpc.timeout.min = 5s (custom)
2024-05-12 17:49:56,420 [89940199-bd88-4638-b386-d8d3bdf20d7b@group-7AD7E6F877BD-LeaderElection5] INFO  server.RaftServerConfigKeys (ConfUtils.java:logGet(46)) - raft.server.write.element-limit = 1024 (custom)
2024-05-12 17:49:56,420 [89940199-bd88-4638-b386-d8d3bdf20d7b@group-7AD7E6F877BD-LeaderElection5] INFO  server.RaftServerConfigKeys (ConfUtils.java:logGet(46)) - raft.server.write.follower.gap.ratio.max = -1.0 (default)
2024-05-12 17:49:56,420 [89940199-bd88-4638-b386-d8d3bdf20d7b@group-7AD7E6F877BD-LeaderElection5] INFO  impl.RoleInfo (RoleInfo.java:updateAndGet(139)) - 89940199-bd88-4638-b386-d8d3bdf20d7b: start 89940199-bd88-4638-b386-d8d3bdf20d7b@group-7AD7E6F877BD-LeaderStateImpl
2024-05-12 17:49:56,420 [89940199-bd88-4638-b386-d8d3bdf20d7b@group-7AD7E6F877BD-LeaderElection5] INFO  server.RaftServer$Division (RaftServerImpl.java:setFirstElection(574)) - 89940199-bd88-4638-b386-d8d3bdf20d7b@group-7AD7E6F877BD: set firstElectionSinceStartup to false for becomeLeader
2024-05-12 17:49:56,420 [89940199-bd88-4638-b386-d8d3bdf20d7b@group-7AD7E6F877BD-LeaderElection5] INFO  ratis.XceiverServerRatis (XceiverServerRatis.java:handleLeaderChangedNotification(966)) - Leader change notification received for group: group-7AD7E6F877BD with new leaderId: 89940199-bd88-4638-b386-d8d3bdf20d7b
2024-05-12 17:49:56,421 [89940199-bd88-4638-b386-d8d3bdf20d7b@group-7AD7E6F877BD-LeaderElection5] INFO  server.RaftServer$Division (ServerState.java:setLeader(269)) - 89940199-bd88-4638-b386-d8d3bdf20d7b@group-7AD7E6F877BD: change Leader from null to 89940199-bd88-4638-b386-d8d3bdf20d7b at term 1 for becomeLeader, leader elected after 5073ms
2024-05-12 17:49:56,421 [89940199-bd88-4638-b386-d8d3bdf20d7b@group-7AD7E6F877BD-LeaderElection5] INFO  segmented.SegmentedRaftLogWorker (SegmentedRaftLogWorker.java:startLogSegment(430)) - 89940199-bd88-4638-b386-d8d3bdf20d7b@group-7AD7E6F877BD-SegmentedRaftLogWorker: Starting segment from index:0
2024-05-12 17:49:56,421 [89940199-bd88-4638-b386-d8d3bdf20d7b@group-7AD7E6F877BD-LeaderElection5] INFO  server.RaftServer$Division (ServerState.java:setRaftConf(386)) - 89940199-bd88-4638-b386-d8d3bdf20d7b@group-7AD7E6F877BD: set configuration 0: peers:[89940199-bd88-4638-b386-d8d3bdf20d7b|127.0.0.1:15032]|listeners:[], old=null
2024-05-12 17:49:56,422 [89940199-bd88-4638-b386-d8d3bdf20d7b@group-7AD7E6F877BD-SegmentedRaftLogWorker] INFO  segmented.BufferedWriteChannel (BufferedWriteChannel.java:open(62)) - open log_inprogress_0 at position 0
2024-05-12 17:49:56,422 [EventQueue-OpenPipelineForHealthyPipelineSafeModeRule] INFO  safemode.SCMSafeModeManager (HealthyPipelineSafeModeRule.java:process(140)) - SCM in safe mode. Healthy pipelines reported count is 0, required healthy pipeline reported count is 1
2024-05-12 17:49:56,429 [89940199-bd88-4638-b386-d8d3bdf20d7b@group-7AD7E6F877BD-SegmentedRaftLogWorker] INFO  segmented.SegmentedRaftLogWorker (SegmentedRaftLogWorker.java:execute(634)) - 89940199-bd88-4638-b386-d8d3bdf20d7b@group-7AD7E6F877BD-SegmentedRaftLogWorker: created new log segment /home/runner/work/ozone/ozone/hadoop-ozone/integration-test/target/test-dir/MiniOzoneClusterImpl-d7aad628-a0b7-477d-aae9-77d4c10c22b9/ozone-meta/datanode-3/ratis/f6378bd4-9edf-4713-903b-7ad7e6f877bd/current/log_inprogress_0
2024-05-12 17:49:56,430 [89940199-bd88-4638-b386-d8d3bdf20d7b@group-7AD7E6F877BD-StateMachineUpdater] INFO  server.RaftServer$Division (LeaderStateImpl.java:isApplied(320)) - leader is ready since appliedIndex == 0 >= startIndex == 0
2024-05-12 17:49:56,539 [89940199-bd88-4638-b386-d8d3bdf20d7b@group-D31071F085E4-FollowerState] INFO  impl.FollowerState (FollowerState.java:run(143)) - 89940199-bd88-4638-b386-d8d3bdf20d7b@group-D31071F085E4-FollowerState: change to CANDIDATE, lastRpcElapsedTime:5106960204ns, electionTimeout:5102ms
2024-05-12 17:49:56,539 [89940199-bd88-4638-b386-d8d3bdf20d7b@group-D31071F085E4-FollowerState] INFO  impl.RoleInfo (RoleInfo.java:shutdownFollowerState(110)) - 89940199-bd88-4638-b386-d8d3bdf20d7b: shutdown 89940199-bd88-4638-b386-d8d3bdf20d7b@group-D31071F085E4-FollowerState
2024-05-12 17:49:56,539 [89940199-bd88-4638-b386-d8d3bdf20d7b@group-D31071F085E4-FollowerState] INFO  server.RaftServer$Division (RaftServerImpl.java:setRole(383)) - 89940199-bd88-4638-b386-d8d3bdf20d7b@group-D31071F085E4: changes role from  FOLLOWER to CANDIDATE at term 0 for changeToCandidate
2024-05-12 17:49:56,539 [89940199-bd88-4638-b386-d8d3bdf20d7b@group-D31071F085E4-FollowerState] INFO  server.RaftServerConfigKeys (ConfUtils.java:logGet(46)) - raft.server.leaderelection.pre-vote = true (default)
2024-05-12 17:49:56,539 [89940199-bd88-4638-b386-d8d3bdf20d7b@group-D31071F085E4-FollowerState] INFO  impl.RoleInfo (RoleInfo.java:updateAndGet(139)) - 89940199-bd88-4638-b386-d8d3bdf20d7b: start 89940199-bd88-4638-b386-d8d3bdf20d7b@group-D31071F085E4-LeaderElection6
2024-05-12 17:49:56,540 [89940199-bd88-4638-b386-d8d3bdf20d7b@group-D31071F085E4-LeaderElection6] INFO  impl.LeaderElection (LeaderElection.java:askForVotes(321)) - 89940199-bd88-4638-b386-d8d3bdf20d7b@group-D31071F085E4-LeaderElection6 PRE_VOTE round 0: submit vote requests at term 0 for -1: peers:[8dd0fa20-24c1-416b-8738-a4d7cf43ad35|127.0.0.1:15023, 89940199-bd88-4638-b386-d8d3bdf20d7b|127.0.0.1:15032, fa686303-1758-4bad-a86f-993efac5b9f9|127.0.0.1:15014]|listeners:[], old=null
2024-05-12 17:49:56,540 [89940199-bd88-4638-b386-d8d3bdf20d7b@group-D31071F085E4-LeaderElection6-1] INFO  server.GrpcServerProtocolClient (GrpcServerProtocolClient.java:<init>(65)) - Build channel for 8dd0fa20-24c1-416b-8738-a4d7cf43ad35|127.0.0.1:15023
2024-05-12 17:49:56,540 [89940199-bd88-4638-b386-d8d3bdf20d7b@group-D31071F085E4-LeaderElection6-2] INFO  server.GrpcServerProtocolClient (GrpcServerProtocolClient.java:<init>(65)) - Build channel for fa686303-1758-4bad-a86f-993efac5b9f9|127.0.0.1:15014
2024-05-12 17:49:56,540 [89940199-bd88-4638-b386-d8d3bdf20d7b@group-D31071F085E4-LeaderElection6] INFO  server.RaftServerConfigKeys (ConfUtils.java:logFallback(53)) - raft.server.rpc.first-election.timeout.min = 5s (fallback to raft.server.rpc.timeout.min)
2024-05-12 17:49:56,541 [89940199-bd88-4638-b386-d8d3bdf20d7b@group-D31071F085E4-LeaderElection6] INFO  server.RaftServerConfigKeys (ConfUtils.java:logFallback(53)) - raft.server.rpc.first-election.timeout.max = 5200ms (fallback to raft.server.rpc.timeout.max)
2024-05-12 17:49:56,547 [grpc-default-executor-1] INFO  server.RaftServer$Division (RaftServerImpl.java:requestVote(1389)) - fa686303-1758-4bad-a86f-993efac5b9f9@group-D31071F085E4: receive requestVote(PRE_VOTE, 89940199-bd88-4638-b386-d8d3bdf20d7b, group-D31071F085E4, 0, (t:0, i:0))
2024-05-12 17:49:56,547 [grpc-default-executor-1] INFO  impl.VoteContext (VoteContext.java:log(49)) - fa686303-1758-4bad-a86f-993efac5b9f9@group-D31071F085E4-FOLLOWER: accept PRE_VOTE from 89940199-bd88-4638-b386-d8d3bdf20d7b: our priority 0 <= candidate's priority 1
2024-05-12 17:49:56,548 [grpc-default-executor-1] INFO  server.RaftServer$Division (RaftServerImpl.java:requestVote(1422)) - fa686303-1758-4bad-a86f-993efac5b9f9@group-D31071F085E4 replies to PRE_VOTE vote request: 89940199-bd88-4638-b386-d8d3bdf20d7b<-fa686303-1758-4bad-a86f-993efac5b9f9#0:OK-t0. Peer's state: fa686303-1758-4bad-a86f-993efac5b9f9@group-D31071F085E4:t0, leader=null, voted=, raftlog=Memoized:fa686303-1758-4bad-a86f-993efac5b9f9@group-D31071F085E4-SegmentedRaftLog:OPENED:c-1, conf=-1: peers:[8dd0fa20-24c1-416b-8738-a4d7cf43ad35|127.0.0.1:15023, 89940199-bd88-4638-b386-d8d3bdf20d7b|127.0.0.1:15032, fa686303-1758-4bad-a86f-993efac5b9f9|127.0.0.1:15014]|listeners:[], old=null
2024-05-12 17:49:56,548 [grpc-default-executor-2] INFO  server.RaftServer$Division (RaftServerImpl.java:requestVote(1389)) - 8dd0fa20-24c1-416b-8738-a4d7cf43ad35@group-D31071F085E4: receive requestVote(PRE_VOTE, 89940199-bd88-4638-b386-d8d3bdf20d7b, group-D31071F085E4, 0, (t:0, i:0))
2024-05-12 17:49:56,548 [grpc-default-executor-2] INFO  impl.VoteContext (VoteContext.java:log(49)) - 8dd0fa20-24c1-416b-8738-a4d7cf43ad35@group-D31071F085E4-FOLLOWER: accept PRE_VOTE from 89940199-bd88-4638-b386-d8d3bdf20d7b: our priority 0 <= candidate's priority 1
2024-05-12 17:49:56,548 [grpc-default-executor-2] INFO  server.RaftServer$Division (RaftServerImpl.java:requestVote(1422)) - 8dd0fa20-24c1-416b-8738-a4d7cf43ad35@group-D31071F085E4 replies to PRE_VOTE vote request: 89940199-bd88-4638-b386-d8d3bdf20d7b<-8dd0fa20-24c1-416b-8738-a4d7cf43ad35#0:OK-t0. Peer's state: 8dd0fa20-24c1-416b-8738-a4d7cf43ad35@group-D31071F085E4:t0, leader=null, voted=, raftlog=Memoized:8dd0fa20-24c1-416b-8738-a4d7cf43ad35@group-D31071F085E4-SegmentedRaftLog:OPENED:c-1, conf=-1: peers:[8dd0fa20-24c1-416b-8738-a4d7cf43ad35|127.0.0.1:15023, 89940199-bd88-4638-b386-d8d3bdf20d7b|127.0.0.1:15032, fa686303-1758-4bad-a86f-993efac5b9f9|127.0.0.1:15014]|listeners:[], old=null
2024-05-12 17:49:56,552 [89940199-bd88-4638-b386-d8d3bdf20d7b@group-D31071F085E4-LeaderElection6] INFO  impl.LeaderElection (LeaderElection.java:logAndReturn(89)) - 89940199-bd88-4638-b386-d8d3bdf20d7b@group-D31071F085E4-LeaderElection6: PRE_VOTE PASSED received 1 response(s) and 0 exception(s):
2024-05-12 17:49:56,552 [89940199-bd88-4638-b386-d8d3bdf20d7b@group-D31071F085E4-LeaderElection6] INFO  impl.LeaderElection (LeaderElection.java:logAndReturn(93)) -   Response 0: 89940199-bd88-4638-b386-d8d3bdf20d7b<-8dd0fa20-24c1-416b-8738-a4d7cf43ad35#0:OK-t0
2024-05-12 17:49:56,552 [89940199-bd88-4638-b386-d8d3bdf20d7b@group-D31071F085E4-LeaderElection6] INFO  impl.LeaderElection (LeaderElection.java:askForVotes(323)) - 89940199-bd88-4638-b386-d8d3bdf20d7b@group-D31071F085E4-LeaderElection6 PRE_VOTE round 0: result PASSED
2024-05-12 17:49:56,553 [89940199-bd88-4638-b386-d8d3bdf20d7b@group-D31071F085E4-LeaderElection6] INFO  impl.LeaderElection (LeaderElection.java:askForVotes(321)) - 89940199-bd88-4638-b386-d8d3bdf20d7b@group-D31071F085E4-LeaderElection6 ELECTION round 0: submit vote requests at term 1 for -1: peers:[8dd0fa20-24c1-416b-8738-a4d7cf43ad35|127.0.0.1:15023, 89940199-bd88-4638-b386-d8d3bdf20d7b|127.0.0.1:15032, fa686303-1758-4bad-a86f-993efac5b9f9|127.0.0.1:15014]|listeners:[], old=null
2024-05-12 17:49:56,554 [89940199-bd88-4638-b386-d8d3bdf20d7b@group-D31071F085E4-LeaderElection6] INFO  server.RaftServerConfigKeys (ConfUtils.java:logFallback(53)) - raft.server.rpc.first-election.timeout.min = 5s (fallback to raft.server.rpc.timeout.min)
2024-05-12 17:49:56,554 [89940199-bd88-4638-b386-d8d3bdf20d7b@group-D31071F085E4-LeaderElection6] INFO  server.RaftServerConfigKeys (ConfUtils.java:logFallback(53)) - raft.server.rpc.first-election.timeout.max = 5200ms (fallback to raft.server.rpc.timeout.max)
2024-05-12 17:49:56,555 [grpc-default-executor-2] INFO  server.RaftServer$Division (RaftServerImpl.java:requestVote(1389)) - 8dd0fa20-24c1-416b-8738-a4d7cf43ad35@group-D31071F085E4: receive requestVote(ELECTION, 89940199-bd88-4638-b386-d8d3bdf20d7b, group-D31071F085E4, 1, (t:0, i:0))
2024-05-12 17:49:56,556 [grpc-default-executor-2] INFO  impl.VoteContext (VoteContext.java:log(49)) - 8dd0fa20-24c1-416b-8738-a4d7cf43ad35@group-D31071F085E4-FOLLOWER: accept ELECTION from 89940199-bd88-4638-b386-d8d3bdf20d7b: our priority 0 <= candidate's priority 1
2024-05-12 17:49:56,556 [grpc-default-executor-2] INFO  server.RaftServer$Division (RaftServerImpl.java:setRole(383)) - 8dd0fa20-24c1-416b-8738-a4d7cf43ad35@group-D31071F085E4: changes role from  FOLLOWER to FOLLOWER at term 1 for candidate:89940199-bd88-4638-b386-d8d3bdf20d7b
2024-05-12 17:49:56,556 [grpc-default-executor-2] INFO  impl.RoleInfo (RoleInfo.java:shutdownFollowerState(110)) - 8dd0fa20-24c1-416b-8738-a4d7cf43ad35: shutdown 8dd0fa20-24c1-416b-8738-a4d7cf43ad35@group-D31071F085E4-FollowerState
2024-05-12 17:49:56,556 [grpc-default-executor-2] INFO  impl.RoleInfo (RoleInfo.java:updateAndGet(139)) - 8dd0fa20-24c1-416b-8738-a4d7cf43ad35: start 8dd0fa20-24c1-416b-8738-a4d7cf43ad35@group-D31071F085E4-FollowerState
2024-05-12 17:49:56,557 [8dd0fa20-24c1-416b-8738-a4d7cf43ad35@group-D31071F085E4-FollowerState] INFO  impl.FollowerState (FollowerState.java:run(152)) - 8dd0fa20-24c1-416b-8738-a4d7cf43ad35@group-D31071F085E4-FollowerState was interrupted
2024-05-12 17:49:56,557 [grpc-default-executor-2] INFO  server.RaftServer$Division (RaftServerImpl.java:requestVote(1422)) - 8dd0fa20-24c1-416b-8738-a4d7cf43ad35@group-D31071F085E4 replies to ELECTION vote request: 89940199-bd88-4638-b386-d8d3bdf20d7b<-8dd0fa20-24c1-416b-8738-a4d7cf43ad35#0:OK-t1. Peer's state: 8dd0fa20-24c1-416b-8738-a4d7cf43ad35@group-D31071F085E4:t1, leader=null, voted=89940199-bd88-4638-b386-d8d3bdf20d7b, raftlog=Memoized:8dd0fa20-24c1-416b-8738-a4d7cf43ad35@group-D31071F085E4-SegmentedRaftLog:OPENED:c-1, conf=-1: peers:[8dd0fa20-24c1-416b-8738-a4d7cf43ad35|127.0.0.1:15023, 89940199-bd88-4638-b386-d8d3bdf20d7b|127.0.0.1:15032, fa686303-1758-4bad-a86f-993efac5b9f9|127.0.0.1:15014]|listeners:[], old=null
2024-05-12 17:49:56,559 [89940199-bd88-4638-b386-d8d3bdf20d7b@group-D31071F085E4-LeaderElection6] INFO  impl.LeaderElection (LeaderElection.java:logAndReturn(89)) - 89940199-bd88-4638-b386-d8d3bdf20d7b@group-D31071F085E4-LeaderElection6: ELECTION PASSED received 1 response(s) and 0 exception(s):
2024-05-12 17:49:56,559 [89940199-bd88-4638-b386-d8d3bdf20d7b@group-D31071F085E4-LeaderElection6] INFO  impl.LeaderElection (LeaderElection.java:logAndReturn(93)) -   Response 0: 89940199-bd88-4638-b386-d8d3bdf20d7b<-8dd0fa20-24c1-416b-8738-a4d7cf43ad35#0:OK-t1
2024-05-12 17:49:56,559 [89940199-bd88-4638-b386-d8d3bdf20d7b@group-D31071F085E4-LeaderElection6] INFO  impl.LeaderElection (LeaderElection.java:askForVotes(323)) - 89940199-bd88-4638-b386-d8d3bdf20d7b@group-D31071F085E4-LeaderElection6 ELECTION round 0: result PASSED
2024-05-12 17:49:56,559 [89940199-bd88-4638-b386-d8d3bdf20d7b@group-D31071F085E4-LeaderElection6] INFO  impl.RoleInfo (RoleInfo.java:shutdownLeaderElection(130)) - 89940199-bd88-4638-b386-d8d3bdf20d7b: shutdown 89940199-bd88-4638-b386-d8d3bdf20d7b@group-D31071F085E4-LeaderElection6
2024-05-12 17:49:56,560 [89940199-bd88-4638-b386-d8d3bdf20d7b@group-D31071F085E4-LeaderElection6] INFO  server.RaftServer$Division (RaftServerImpl.java:setRole(383)) - 89940199-bd88-4638-b386-d8d3bdf20d7b@group-D31071F085E4: changes role from CANDIDATE to LEADER at term 1 for changeToLeader
2024-05-12 17:49:56,560 [89940199-bd88-4638-b386-d8d3bdf20d7b@group-D31071F085E4-LeaderElection6] INFO  server.RaftServerConfigKeys (ConfUtils.java:logGet(46)) - raft.server.staging.catchup.gap = 1000 (default)
2024-05-12 17:49:56,560 [89940199-bd88-4638-b386-d8d3bdf20d7b@group-D31071F085E4-LeaderElection6] INFO  server.RaftServerConfigKeys (ConfUtils.java:logGet(46)) - raft.server.write.element-limit = 1024 (custom)
2024-05-12 17:49:56,560 [89940199-bd88-4638-b386-d8d3bdf20d7b@group-D31071F085E4-LeaderElection6] INFO  server.RaftServerConfigKeys (ConfUtils.java:logGet(46)) - raft.server.write.byte-limit = 1024 M (=1073741824) (custom)
2024-05-12 17:49:56,560 [89940199-bd88-4638-b386-d8d3bdf20d7b@group-D31071F085E4-LeaderElection6] INFO  server.RaftServerConfigKeys (ConfUtils.java:logGet(46)) - raft.server.watch.timeout = 180s (custom)
2024-05-12 17:49:56,560 [89940199-bd88-4638-b386-d8d3bdf20d7b@group-D31071F085E4-LeaderElection6] INFO  server.RaftServerConfigKeys (ConfUtils.java:logGet(46)) - raft.server.watch.timeout.denomination = 1s (default)
2024-05-12 17:49:56,560 [89940199-bd88-4638-b386-d8d3bdf20d7b@group-D31071F085E4-LeaderElection6] INFO  server.RaftServerConfigKeys (ConfUtils.java:logGet(46)) - raft.server.watch.element-limit = 65536 (default)
2024-05-12 17:49:56,560 [89940199-bd88-4638-b386-d8d3bdf20d7b@group-D31071F085E4-LeaderElection6] INFO  server.RaftServerConfigKeys (ConfUtils.java:logGet(46)) - raft.server.read.leader.lease.enabled = false (default)
2024-05-12 17:49:56,561 [89940199-bd88-4638-b386-d8d3bdf20d7b@group-D31071F085E4-LeaderElection6] INFO  server.RaftServerConfigKeys (ConfUtils.java:logGet(46)) - raft.server.read.leader.lease.timeout.ratio = 0.9 (default)
2024-05-12 17:49:56,561 [89940199-bd88-4638-b386-d8d3bdf20d7b@group-D31071F085E4-LeaderElection6] INFO  server.RaftServerConfigKeys (ConfUtils.java:logGet(46)) - raft.server.rpc.timeout.min = 5s (custom)
2024-05-12 17:49:56,561 [89940199-bd88-4638-b386-d8d3bdf20d7b@group-D31071F085E4-LeaderElection6] INFO  server.RaftServerConfigKeys (ConfUtils.java:logGet(46)) - raft.server.write.element-limit = 1024 (custom)
2024-05-12 17:49:56,561 [89940199-bd88-4638-b386-d8d3bdf20d7b@group-D31071F085E4-LeaderElection6] INFO  server.RaftServerConfigKeys (ConfUtils.java:logGet(46)) - raft.server.write.follower.gap.ratio.max = -1.0 (default)
2024-05-12 17:49:56,566 [89940199-bd88-4638-b386-d8d3bdf20d7b@group-D31071F085E4-LeaderElection6] INFO  server.RaftServerConfigKeys (ConfUtils.java:logGet(46)) - raft.server.log.appender.snapshot.chunk.size.max = 16MB (=16777216) (default)
2024-05-12 17:49:56,566 [89940199-bd88-4638-b386-d8d3bdf20d7b@group-D31071F085E4-LeaderElection6] INFO  server.RaftServerConfigKeys (ConfUtils.java:logGet(46)) - raft.server.log.appender.buffer.byte-limit = 8388608 (custom)
2024-05-12 17:49:56,566 [89940199-bd88-4638-b386-d8d3bdf20d7b@group-D31071F085E4-LeaderElection6] INFO  server.RaftServerConfigKeys (ConfUtils.java:logGet(46)) - raft.server.log.appender.buffer.element-limit = 1 (custom)
2024-05-12 17:49:56,568 [89940199-bd88-4638-b386-d8d3bdf20d7b@group-D31071F085E4-LeaderElection6] INFO  server.RaftServerConfigKeys (ConfUtils.java:logGet(46)) - raft.server.log.appender.wait-time.min = 0μs (custom)
2024-05-12 17:49:56,568 [grpc-default-executor-2] INFO  server.RaftServer$Division (RaftServerImpl.java:requestVote(1389)) - fa686303-1758-4bad-a86f-993efac5b9f9@group-D31071F085E4: receive requestVote(ELECTION, 89940199-bd88-4638-b386-d8d3bdf20d7b, group-D31071F085E4, 1, (t:0, i:0))
2024-05-12 17:49:56,569 [grpc-default-executor-2] INFO  impl.VoteContext (VoteContext.java:log(49)) - fa686303-1758-4bad-a86f-993efac5b9f9@group-D31071F085E4-FOLLOWER: accept ELECTION from 89940199-bd88-4638-b386-d8d3bdf20d7b: our priority 0 <= candidate's priority 1
2024-05-12 17:49:56,569 [grpc-default-executor-2] INFO  server.RaftServer$Division (RaftServerImpl.java:setRole(383)) - fa686303-1758-4bad-a86f-993efac5b9f9@group-D31071F085E4: changes role from  FOLLOWER to FOLLOWER at term 1 for candidate:89940199-bd88-4638-b386-d8d3bdf20d7b
2024-05-12 17:49:56,569 [grpc-default-executor-2] INFO  impl.RoleInfo (RoleInfo.java:shutdownFollowerState(110)) - fa686303-1758-4bad-a86f-993efac5b9f9: shutdown fa686303-1758-4bad-a86f-993efac5b9f9@group-D31071F085E4-FollowerState
2024-05-12 17:49:56,569 [grpc-default-executor-2] INFO  impl.RoleInfo (RoleInfo.java:updateAndGet(139)) - fa686303-1758-4bad-a86f-993efac5b9f9: start fa686303-1758-4bad-a86f-993efac5b9f9@group-D31071F085E4-FollowerState
2024-05-12 17:49:56,569 [fa686303-1758-4bad-a86f-993efac5b9f9@group-D31071F085E4-FollowerState] INFO  impl.FollowerState (FollowerState.java:run(152)) - fa686303-1758-4bad-a86f-993efac5b9f9@group-D31071F085E4-FollowerState was interrupted
2024-05-12 17:49:56,569 [89940199-bd88-4638-b386-d8d3bdf20d7b@group-D31071F085E4-LeaderElection6] INFO  grpc.GrpcConfigKeys (ConfUtils.java:logGet(46)) - raft.grpc.server.leader.outstanding.appends.max = 8 (default)
2024-05-12 17:49:56,570 [89940199-bd88-4638-b386-d8d3bdf20d7b@group-D31071F085E4-LeaderElection6] INFO  server.RaftServerConfigKeys (ConfUtils.java:logGet(46)) - raft.server.rpc.request.timeout = 60s (custom)
2024-05-12 17:49:56,570 [89940199-bd88-4638-b386-d8d3bdf20d7b@group-D31071F085E4-LeaderElection6] INFO  grpc.GrpcConfigKeys (ConfUtils.java:logGet(46)) - raft.grpc.server.install_snapshot.request.element-limit = 8 (default)
2024-05-12 17:49:56,570 [89940199-bd88-4638-b386-d8d3bdf20d7b@group-D31071F085E4-LeaderElection6] INFO  grpc.GrpcConfigKeys (ConfUtils.java:logGet(46)) - raft.grpc.server.install_snapshot.request.timeout = 3000ms (default)
2024-05-12 17:49:56,570 [89940199-bd88-4638-b386-d8d3bdf20d7b@group-D31071F085E4-LeaderElection6] INFO  grpc.GrpcConfigKeys (ConfUtils.java:logGet(46)) - raft.grpc.server.log-message.batch.duration = 5s (default)
2024-05-12 17:49:56,570 [89940199-bd88-4638-b386-d8d3bdf20d7b@group-D31071F085E4-LeaderElection6] INFO  server.RaftServerConfigKeys (ConfUtils.java:logGet(46)) - raft.server.log.appender.install.snapshot.enabled = false (custom)
2024-05-12 17:49:56,570 [89940199-bd88-4638-b386-d8d3bdf20d7b@group-D31071F085E4-LeaderElection6] INFO  grpc.GrpcConfigKeys (ConfUtils.java:logGet(46)) - raft.grpc.server.heartbeat.channel = true (default)
2024-05-12 17:49:56,572 [grpc-default-executor-2] INFO  server.RaftServer$Division (RaftServerImpl.java:setFirstElection(574)) - fa686303-1758-4bad-a86f-993efac5b9f9@group-D31071F085E4: set firstElectionSinceStartup to false for candidate:89940199-bd88-4638-b386-d8d3bdf20d7b
2024-05-12 17:49:56,572 [89940199-bd88-4638-b386-d8d3bdf20d7b@group-D31071F085E4-LeaderElection6] INFO  server.RaftServerConfigKeys (ConfUtils.java:logGet(46)) - raft.server.log.appender.snapshot.chunk.size.max = 16MB (=16777216) (default)
2024-05-12 17:49:56,572 [89940199-bd88-4638-b386-d8d3bdf20d7b@group-D31071F085E4-LeaderElection6] INFO  server.RaftServerConfigKeys (ConfUtils.java:logGet(46)) - raft.server.log.appender.buffer.byte-limit = 8388608 (custom)
2024-05-12 17:49:56,572 [89940199-bd88-4638-b386-d8d3bdf20d7b@group-D31071F085E4-LeaderElection6] INFO  server.RaftServerConfigKeys (ConfUtils.java:logGet(46)) - raft.server.log.appender.buffer.element-limit = 1 (custom)
2024-05-12 17:49:56,572 [89940199-bd88-4638-b386-d8d3bdf20d7b@group-D31071F085E4-LeaderElection6] INFO  server.RaftServerConfigKeys (ConfUtils.java:logGet(46)) - raft.server.log.appender.wait-time.min = 0μs (custom)
2024-05-12 17:49:56,573 [89940199-bd88-4638-b386-d8d3bdf20d7b@group-D31071F085E4-LeaderElection6] INFO  grpc.GrpcConfigKeys (ConfUtils.java:logGet(46)) - raft.grpc.server.leader.outstanding.appends.max = 8 (default)
2024-05-12 17:49:56,573 [89940199-bd88-4638-b386-d8d3bdf20d7b@group-D31071F085E4-LeaderElection6] INFO  server.RaftServerConfigKeys (ConfUtils.java:logGet(46)) - raft.server.rpc.request.timeout = 60s (custom)
2024-05-12 17:49:56,573 [89940199-bd88-4638-b386-d8d3bdf20d7b@group-D31071F085E4-LeaderElection6] INFO  grpc.GrpcConfigKeys (ConfUtils.java:logGet(46)) - raft.grpc.server.install_snapshot.request.element-limit = 8 (default)
2024-05-12 17:49:56,573 [89940199-bd88-4638-b386-d8d3bdf20d7b@group-D31071F085E4-LeaderElection6] INFO  grpc.GrpcConfigKeys (ConfUtils.java:logGet(46)) - raft.grpc.server.install_snapshot.request.timeout = 3000ms (default)
2024-05-12 17:49:56,573 [89940199-bd88-4638-b386-d8d3bdf20d7b@group-D31071F085E4-LeaderElection6] INFO  grpc.GrpcConfigKeys (ConfUtils.java:logGet(46)) - raft.grpc.server.log-message.batch.duration = 5s (default)
2024-05-12 17:49:56,573 [89940199-bd88-4638-b386-d8d3bdf20d7b@group-D31071F085E4-LeaderElection6] INFO  server.RaftServerConfigKeys (ConfUtils.java:logGet(46)) - raft.server.log.appender.install.snapshot.enabled = false (custom)
2024-05-12 17:49:56,573 [89940199-bd88-4638-b386-d8d3bdf20d7b@group-D31071F085E4-LeaderElection6] INFO  grpc.GrpcConfigKeys (ConfUtils.java:logGet(46)) - raft.grpc.server.heartbeat.channel = true (default)
2024-05-12 17:49:56,573 [grpc-default-executor-2] INFO  server.RaftServer$Division (RaftServerImpl.java:requestVote(1422)) - fa686303-1758-4bad-a86f-993efac5b9f9@group-D31071F085E4 replies to ELECTION vote request: 89940199-bd88-4638-b386-d8d3bdf20d7b<-fa686303-1758-4bad-a86f-993efac5b9f9#0:OK-t1. Peer's state: fa686303-1758-4bad-a86f-993efac5b9f9@group-D31071F085E4:t1, leader=null, voted=89940199-bd88-4638-b386-d8d3bdf20d7b, raftlog=Memoized:fa686303-1758-4bad-a86f-993efac5b9f9@group-D31071F085E4-SegmentedRaftLog:OPENED:c-1, conf=-1: peers:[8dd0fa20-24c1-416b-8738-a4d7cf43ad35|127.0.0.1:15023, 89940199-bd88-4638-b386-d8d3bdf20d7b|127.0.0.1:15032, fa686303-1758-4bad-a86f-993efac5b9f9|127.0.0.1:15014]|listeners:[], old=null
2024-05-12 17:49:56,575 [89940199-bd88-4638-b386-d8d3bdf20d7b@group-D31071F085E4-LeaderElection6] INFO  impl.RoleInfo (RoleInfo.java:updateAndGet(139)) - 89940199-bd88-4638-b386-d8d3bdf20d7b: start 89940199-bd88-4638-b386-d8d3bdf20d7b@group-D31071F085E4-LeaderStateImpl
2024-05-12 17:49:56,575 [89940199-bd88-4638-b386-d8d3bdf20d7b@group-D31071F085E4-LeaderElection6] INFO  server.RaftServer$Division (RaftServerImpl.java:setFirstElection(574)) - 89940199-bd88-4638-b386-d8d3bdf20d7b@group-D31071F085E4: set firstElectionSinceStartup to false for becomeLeader
2024-05-12 17:49:56,575 [89940199-bd88-4638-b386-d8d3bdf20d7b@group-D31071F085E4-LeaderElection6] INFO  ratis.XceiverServerRatis (XceiverServerRatis.java:handleLeaderChangedNotification(966)) - Leader change notification received for group: group-D31071F085E4 with new leaderId: 89940199-bd88-4638-b386-d8d3bdf20d7b
2024-05-12 17:49:56,575 [89940199-bd88-4638-b386-d8d3bdf20d7b@group-D31071F085E4-LeaderElection6] INFO  server.RaftServer$Division (ServerState.java:setLeader(269)) - 89940199-bd88-4638-b386-d8d3bdf20d7b@group-D31071F085E4: change Leader from null to 89940199-bd88-4638-b386-d8d3bdf20d7b at term 1 for becomeLeader, leader elected after 5168ms
2024-05-12 17:49:56,576 [89940199-bd88-4638-b386-d8d3bdf20d7b@group-D31071F085E4-LeaderElection6] INFO  segmented.SegmentedRaftLogWorker (SegmentedRaftLogWorker.java:startLogSegment(430)) - 89940199-bd88-4638-b386-d8d3bdf20d7b@group-D31071F085E4-SegmentedRaftLogWorker: Starting segment from index:0
2024-05-12 17:49:56,576 [89940199-bd88-4638-b386-d8d3bdf20d7b@group-D31071F085E4-SegmentedRaftLogWorker] INFO  segmented.BufferedWriteChannel (BufferedWriteChannel.java:open(62)) - open log_inprogress_0 at position 0
2024-05-12 17:49:56,579 [EventQueue-PipelineReportForPipelineReportHandler] INFO  pipeline.PipelineReportHandler (PipelineReportHandler.java:processPipelineReport(136)) - Opened pipeline PipelineID=0ba0b4bf-2d8f-4cdf-b986-d31071f085e4
2024-05-12 17:49:56,579 [EventQueue-OpenPipelineForHealthyPipelineSafeModeRule] INFO  safemode.SCMSafeModeManager (HealthyPipelineSafeModeRule.java:process(140)) - SCM in safe mode. Healthy pipelines reported count is 0, required healthy pipeline reported count is 1
2024-05-12 17:49:56,579 [EventQueue-OpenPipelineForHealthyPipelineSafeModeRule] INFO  safemode.SCMSafeModeManager (HealthyPipelineSafeModeRule.java:process(140)) - SCM in safe mode. Healthy pipelines reported count is 1, required healthy pipeline reported count is 1
2024-05-12 17:49:56,579 [EventQueue-OpenPipelineForHealthyPipelineSafeModeRule] INFO  safemode.SCMSafeModeManager (SCMSafeModeManager.java:validateSafeModeExitRules(203)) - HealthyPipelineSafeModeRule rule is successfully validated
2024-05-12 17:49:56,579 [EventQueue-OpenPipelineForHealthyPipelineSafeModeRule] INFO  safemode.SCMSafeModeManager (SCMSafeModeManager.java:validateSafeModeExitRules(218)) - ScmSafeModeManager, all rules are successfully validated
2024-05-12 17:49:56,579 [EventQueue-OpenPipelineForHealthyPipelineSafeModeRule] INFO  safemode.SCMSafeModeManager (SCMSafeModeManager.java:exitSafeMode(248)) - SCM exiting safe mode.
2024-05-12 17:49:56,579 [EventQueue-OpenPipelineForHealthyPipelineSafeModeRule] INFO  ha.SCMContext (SCMContext.java:updateSafeModeStatus(225)) - Update SafeModeStatus from SafeModeStatus{safeModeStatus=true, preCheckPassed=true} to SafeModeStatus{safeModeStatus=false, preCheckPassed=true}.
2024-05-12 17:49:56,579 [EventQueue-OpenPipelineForHealthyPipelineSafeModeRule] INFO  pipeline.BackgroundPipelineCreator (BackgroundPipelineCreator.java:notifyStatusChanged(258)) - Service BackgroundPipelineCreator transitions to RUNNING.
2024-05-12 17:49:56,580 [EventQueue-OpenPipelineForHealthyPipelineSafeModeRule] INFO  BackgroundPipelineScrubber (BackgroundSCMService.java:notifyStatusChanged(79)) - Service BackgroundPipelineScrubber transitions to RUNNING.
2024-05-12 17:49:56,580 [EventQueue-OpenPipelineForHealthyPipelineSafeModeRule] INFO  ExpiredContainerReplicaOpScrubber (BackgroundSCMService.java:notifyStatusChanged(79)) - Service ExpiredContainerReplicaOpScrubber transitions to RUNNING.
2024-05-12 17:49:56,580 [EventQueue-OpenPipelineForHealthyPipelineSafeModeRule] INFO  block.SCMBlockDeletingService (SCMBlockDeletingService.java:notifyStatusChanged(247)) - notifyStatusChanged:RUNNING
2024-05-12 17:49:56,580 [EventQueue-OpenPipelineForHealthyPipelineSafeModeRule] INFO  replication.ReplicationManager (ReplicationManager.java:notifyStatusChanged(1406)) - Service ReplicationManager transitions to RUNNING.
2024-05-12 17:49:56,581 [89940199-bd88-4638-b386-d8d3bdf20d7b@group-D31071F085E4-LeaderElection6] INFO  server.RaftServer$Division (ServerState.java:setRaftConf(386)) - 89940199-bd88-4638-b386-d8d3bdf20d7b@group-D31071F085E4: set configuration 0: peers:[8dd0fa20-24c1-416b-8738-a4d7cf43ad35|127.0.0.1:15023, 89940199-bd88-4638-b386-d8d3bdf20d7b|127.0.0.1:15032, fa686303-1758-4bad-a86f-993efac5b9f9|127.0.0.1:15014]|listeners:[], old=null
2024-05-12 17:49:56,584 [89940199-bd88-4638-b386-d8d3bdf20d7b@group-D31071F085E4-SegmentedRaftLogWorker] INFO  segmented.SegmentedRaftLogWorker (SegmentedRaftLogWorker.java:execute(634)) - 89940199-bd88-4638-b386-d8d3bdf20d7b@group-D31071F085E4-SegmentedRaftLogWorker: created new log segment /home/runner/work/ozone/ozone/hadoop-ozone/integration-test/target/test-dir/MiniOzoneClusterImpl-d7aad628-a0b7-477d-aae9-77d4c10c22b9/ozone-meta/datanode-3/ratis/0ba0b4bf-2d8f-4cdf-b986-d31071f085e4/current/log_inprogress_0
2024-05-12 17:49:56,584 [EventQueue-OpenPipelineForHealthyPipelineSafeModeRule] WARN  balancer.ContainerBalancer (ContainerBalancer.java:shouldRun(134)) - Could not find persisted configuration for ContainerBalancer when checking if ContainerBalancer should run. ContainerBalancer should not run now.
2024-05-12 17:49:56,601 [8dd0fa20-24c1-416b-8738-a4d7cf43ad35-server-thread1] INFO  ratis.XceiverServerRatis (XceiverServerRatis.java:handleLeaderChangedNotification(966)) - Leader change notification received for group: group-D31071F085E4 with new leaderId: 89940199-bd88-4638-b386-d8d3bdf20d7b
2024-05-12 17:49:56,601 [8dd0fa20-24c1-416b-8738-a4d7cf43ad35-server-thread1] INFO  server.RaftServer$Division (ServerState.java:setLeader(269)) - 8dd0fa20-24c1-416b-8738-a4d7cf43ad35@group-D31071F085E4: change Leader from null to 89940199-bd88-4638-b386-d8d3bdf20d7b at term 1 for appendEntries, leader elected after 5349ms
2024-05-12 17:49:56,611 [8dd0fa20-24c1-416b-8738-a4d7cf43ad35-server-thread3] INFO  server.RaftServer$Division (ServerState.java:setRaftConf(386)) - 8dd0fa20-24c1-416b-8738-a4d7cf43ad35@group-D31071F085E4: set configuration 0: peers:[8dd0fa20-24c1-416b-8738-a4d7cf43ad35|127.0.0.1:15023, 89940199-bd88-4638-b386-d8d3bdf20d7b|127.0.0.1:15032, fa686303-1758-4bad-a86f-993efac5b9f9|127.0.0.1:15014]|listeners:[], old=null
2024-05-12 17:49:56,612 [8dd0fa20-24c1-416b-8738-a4d7cf43ad35-server-thread3] INFO  segmented.SegmentedRaftLogWorker (SegmentedRaftLogWorker.java:startLogSegment(430)) - 8dd0fa20-24c1-416b-8738-a4d7cf43ad35@group-D31071F085E4-SegmentedRaftLogWorker: Starting segment from index:0
2024-05-12 17:49:56,613 [8dd0fa20-24c1-416b-8738-a4d7cf43ad35@group-D31071F085E4-SegmentedRaftLogWorker] INFO  segmented.BufferedWriteChannel (BufferedWriteChannel.java:open(62)) - open log_inprogress_0 at position 0
2024-05-12 17:49:56,617 [fa686303-1758-4bad-a86f-993efac5b9f9-server-thread1] INFO  ratis.XceiverServerRatis (XceiverServerRatis.java:handleLeaderChangedNotification(966)) - Leader change notification received for group: group-D31071F085E4 with new leaderId: 89940199-bd88-4638-b386-d8d3bdf20d7b
2024-05-12 17:49:56,617 [fa686303-1758-4bad-a86f-993efac5b9f9-server-thread1] INFO  server.RaftServer$Division (ServerState.java:setLeader(269)) - fa686303-1758-4bad-a86f-993efac5b9f9@group-D31071F085E4: change Leader from null to 89940199-bd88-4638-b386-d8d3bdf20d7b at term 1 for appendEntries, leader elected after 5464ms
2024-05-12 17:49:56,618 [fa686303-1758-4bad-a86f-993efac5b9f9-server-thread2] INFO  server.RaftServer$Division (ServerState.java:setRaftConf(386)) - fa686303-1758-4bad-a86f-993efac5b9f9@group-D31071F085E4: set configuration 0: peers:[8dd0fa20-24c1-416b-8738-a4d7cf43ad35|127.0.0.1:15023, 89940199-bd88-4638-b386-d8d3bdf20d7b|127.0.0.1:15032, fa686303-1758-4bad-a86f-993efac5b9f9|127.0.0.1:15014]|listeners:[], old=null
2024-05-12 17:49:56,618 [fa686303-1758-4bad-a86f-993efac5b9f9-server-thread2] INFO  segmented.SegmentedRaftLogWorker (SegmentedRaftLogWorker.java:startLogSegment(430)) - fa686303-1758-4bad-a86f-993efac5b9f9@group-D31071F085E4-SegmentedRaftLogWorker: Starting segment from index:0
2024-05-12 17:49:56,618 [fa686303-1758-4bad-a86f-993efac5b9f9@group-D31071F085E4-SegmentedRaftLogWorker] INFO  segmented.BufferedWriteChannel (BufferedWriteChannel.java:open(62)) - open log_inprogress_0 at position 0
2024-05-12 17:49:56,620 [8dd0fa20-24c1-416b-8738-a4d7cf43ad35@group-D31071F085E4-SegmentedRaftLogWorker] INFO  segmented.SegmentedRaftLogWorker (SegmentedRaftLogWorker.java:execute(634)) - 8dd0fa20-24c1-416b-8738-a4d7cf43ad35@group-D31071F085E4-SegmentedRaftLogWorker: created new log segment /home/runner/work/ozone/ozone/hadoop-ozone/integration-test/target/test-dir/MiniOzoneClusterImpl-d7aad628-a0b7-477d-aae9-77d4c10c22b9/ozone-meta/datanode-2/ratis/0ba0b4bf-2d8f-4cdf-b986-d31071f085e4/current/log_inprogress_0
2024-05-12 17:49:56,626 [fa686303-1758-4bad-a86f-993efac5b9f9@group-D31071F085E4-SegmentedRaftLogWorker] INFO  segmented.SegmentedRaftLogWorker (SegmentedRaftLogWorker.java:execute(634)) - fa686303-1758-4bad-a86f-993efac5b9f9@group-D31071F085E4-SegmentedRaftLogWorker: created new log segment /home/runner/work/ozone/ozone/hadoop-ozone/integration-test/target/test-dir/MiniOzoneClusterImpl-d7aad628-a0b7-477d-aae9-77d4c10c22b9/ozone-meta/datanode-1/ratis/0ba0b4bf-2d8f-4cdf-b986-d31071f085e4/current/log_inprogress_0
2024-05-12 17:49:56,627 [89940199-bd88-4638-b386-d8d3bdf20d7b@group-D31071F085E4-StateMachineUpdater] INFO  server.RaftServer$Division (LeaderStateImpl.java:isApplied(320)) - leader is ready since appliedIndex == 0 >= startIndex == 0
2024-05-12 17:49:56,658 [8dd0fa20-24c1-416b-8738-a4d7cf43ad35@group-8657B28DB93C-FollowerState] INFO  impl.FollowerState (FollowerState.java:run(143)) - 8dd0fa20-24c1-416b-8738-a4d7cf43ad35@group-8657B28DB93C-FollowerState: change to CANDIDATE, lastRpcElapsedTime:5068426620ns, electionTimeout:5067ms
2024-05-12 17:49:56,658 [8dd0fa20-24c1-416b-8738-a4d7cf43ad35@group-8657B28DB93C-FollowerState] INFO  impl.RoleInfo (RoleInfo.java:shutdownFollowerState(110)) - 8dd0fa20-24c1-416b-8738-a4d7cf43ad35: shutdown 8dd0fa20-24c1-416b-8738-a4d7cf43ad35@group-8657B28DB93C-FollowerState
2024-05-12 17:49:56,658 [8dd0fa20-24c1-416b-8738-a4d7cf43ad35@group-8657B28DB93C-FollowerState] INFO  server.RaftServer$Division (RaftServerImpl.java:setRole(383)) - 8dd0fa20-24c1-416b-8738-a4d7cf43ad35@group-8657B28DB93C: changes role from  FOLLOWER to CANDIDATE at term 0 for changeToCandidate
2024-05-12 17:49:56,658 [8dd0fa20-24c1-416b-8738-a4d7cf43ad35@group-8657B28DB93C-FollowerState] INFO  server.RaftServerConfigKeys (ConfUtils.java:logGet(46)) - raft.server.leaderelection.pre-vote = true (default)
2024-05-12 17:49:56,659 [8dd0fa20-24c1-416b-8738-a4d7cf43ad35@group-8657B28DB93C-FollowerState] INFO  impl.RoleInfo (RoleInfo.java:updateAndGet(139)) - 8dd0fa20-24c1-416b-8738-a4d7cf43ad35: start 8dd0fa20-24c1-416b-8738-a4d7cf43ad35@group-8657B28DB93C-LeaderElection7
2024-05-12 17:49:56,659 [8dd0fa20-24c1-416b-8738-a4d7cf43ad35@group-8657B28DB93C-LeaderElection7] INFO  impl.LeaderElection (LeaderElection.java:askForVotes(321)) - 8dd0fa20-24c1-416b-8738-a4d7cf43ad35@group-8657B28DB93C-LeaderElection7 PRE_VOTE round 0: submit vote requests at term 0 for -1: peers:[8dd0fa20-24c1-416b-8738-a4d7cf43ad35|127.0.0.1:15023, 89940199-bd88-4638-b386-d8d3bdf20d7b|127.0.0.1:15032, fa686303-1758-4bad-a86f-993efac5b9f9|127.0.0.1:15014]|listeners:[], old=null
2024-05-12 17:49:56,660 [8dd0fa20-24c1-416b-8738-a4d7cf43ad35@group-8657B28DB93C-LeaderElection7] INFO  server.RaftServerConfigKeys (ConfUtils.java:logFallback(53)) - raft.server.rpc.first-election.timeout.min = 5s (fallback to raft.server.rpc.timeout.min)
2024-05-12 17:49:56,660 [8dd0fa20-24c1-416b-8738-a4d7cf43ad35@group-8657B28DB93C-LeaderElection7] INFO  server.RaftServerConfigKeys (ConfUtils.java:logFallback(53)) - raft.server.rpc.first-election.timeout.max = 5200ms (fallback to raft.server.rpc.timeout.max)
2024-05-12 17:49:56,661 [grpc-default-executor-4] INFO  server.RaftServer$Division (RaftServerImpl.java:requestVote(1389)) - 89940199-bd88-4638-b386-d8d3bdf20d7b@group-8657B28DB93C: receive requestVote(PRE_VOTE, 8dd0fa20-24c1-416b-8738-a4d7cf43ad35, group-8657B28DB93C, 0, (t:0, i:0))
2024-05-12 17:49:56,661 [grpc-default-executor-4] INFO  impl.VoteContext (VoteContext.java:log(49)) - 89940199-bd88-4638-b386-d8d3bdf20d7b@group-8657B28DB93C-FOLLOWER: accept PRE_VOTE from 8dd0fa20-24c1-416b-8738-a4d7cf43ad35: our priority 0 <= candidate's priority 1
2024-05-12 17:49:56,661 [grpc-default-executor-4] INFO  server.RaftServer$Division (RaftServerImpl.java:requestVote(1422)) - 89940199-bd88-4638-b386-d8d3bdf20d7b@group-8657B28DB93C replies to PRE_VOTE vote request: 8dd0fa20-24c1-416b-8738-a4d7cf43ad35<-89940199-bd88-4638-b386-d8d3bdf20d7b#0:OK-t0. Peer's state: 89940199-bd88-4638-b386-d8d3bdf20d7b@group-8657B28DB93C:t0, leader=null, voted=, raftlog=Memoized:89940199-bd88-4638-b386-d8d3bdf20d7b@group-8657B28DB93C-SegmentedRaftLog:OPENED:c-1, conf=-1: peers:[8dd0fa20-24c1-416b-8738-a4d7cf43ad35|127.0.0.1:15023, 89940199-bd88-4638-b386-d8d3bdf20d7b|127.0.0.1:15032, fa686303-1758-4bad-a86f-993efac5b9f9|127.0.0.1:15014]|listeners:[], old=null
2024-05-12 17:49:56,661 [grpc-default-executor-3] INFO  server.RaftServer$Division (RaftServerImpl.java:requestVote(1389)) - fa686303-1758-4bad-a86f-993efac5b9f9@group-8657B28DB93C: receive requestVote(PRE_VOTE, 8dd0fa20-24c1-416b-8738-a4d7cf43ad35, group-8657B28DB93C, 0, (t:0, i:0))
2024-05-12 17:49:56,662 [grpc-default-executor-3] INFO  impl.VoteContext (VoteContext.java:log(49)) - fa686303-1758-4bad-a86f-993efac5b9f9@group-8657B28DB93C-FOLLOWER: accept PRE_VOTE from 8dd0fa20-24c1-416b-8738-a4d7cf43ad35: our priority 0 <= candidate's priority 1
2024-05-12 17:49:56,662 [grpc-default-executor-3] INFO  server.RaftServer$Division (RaftServerImpl.java:requestVote(1422)) - fa686303-1758-4bad-a86f-993efac5b9f9@group-8657B28DB93C replies to PRE_VOTE vote request: 8dd0fa20-24c1-416b-8738-a4d7cf43ad35<-fa686303-1758-4bad-a86f-993efac5b9f9#0:OK-t0. Peer's state: fa686303-1758-4bad-a86f-993efac5b9f9@group-8657B28DB93C:t0, leader=null, voted=, raftlog=Memoized:fa686303-1758-4bad-a86f-993efac5b9f9@group-8657B28DB93C-SegmentedRaftLog:OPENED:c-1, conf=-1: peers:[8dd0fa20-24c1-416b-8738-a4d7cf43ad35|127.0.0.1:15023, 89940199-bd88-4638-b386-d8d3bdf20d7b|127.0.0.1:15032, fa686303-1758-4bad-a86f-993efac5b9f9|127.0.0.1:15014]|listeners:[], old=null
2024-05-12 17:49:56,663 [8dd0fa20-24c1-416b-8738-a4d7cf43ad35@group-8657B28DB93C-LeaderElection7] INFO  impl.LeaderElection (LeaderElection.java:logAndReturn(89)) - 8dd0fa20-24c1-416b-8738-a4d7cf43ad35@group-8657B28DB93C-LeaderElection7: PRE_VOTE PASSED received 1 response(s) and 0 exception(s):
2024-05-12 17:49:56,663 [8dd0fa20-24c1-416b-8738-a4d7cf43ad35@group-8657B28DB93C-LeaderElection7] INFO  impl.LeaderElection (LeaderElection.java:logAndReturn(93)) -   Response 0: 8dd0fa20-24c1-416b-8738-a4d7cf43ad35<-fa686303-1758-4bad-a86f-993efac5b9f9#0:OK-t0
2024-05-12 17:49:56,663 [8dd0fa20-24c1-416b-8738-a4d7cf43ad35@group-8657B28DB93C-LeaderElection7] INFO  impl.LeaderElection (LeaderElection.java:askForVotes(323)) - 8dd0fa20-24c1-416b-8738-a4d7cf43ad35@group-8657B28DB93C-LeaderElection7 PRE_VOTE round 0: result PASSED
2024-05-12 17:49:56,665 [8dd0fa20-24c1-416b-8738-a4d7cf43ad35@group-8657B28DB93C-LeaderElection7] INFO  impl.LeaderElection (LeaderElection.java:askForVotes(321)) - 8dd0fa20-24c1-416b-8738-a4d7cf43ad35@group-8657B28DB93C-LeaderElection7 ELECTION round 0: submit vote requests at term 1 for -1: peers:[8dd0fa20-24c1-416b-8738-a4d7cf43ad35|127.0.0.1:15023, 89940199-bd88-4638-b386-d8d3bdf20d7b|127.0.0.1:15032, fa686303-1758-4bad-a86f-993efac5b9f9|127.0.0.1:15014]|listeners:[], old=null
2024-05-12 17:49:56,665 [8dd0fa20-24c1-416b-8738-a4d7cf43ad35@group-8657B28DB93C-LeaderElection7] INFO  server.RaftServerConfigKeys (ConfUtils.java:logFallback(53)) - raft.server.rpc.first-election.timeout.min = 5s (fallback to raft.server.rpc.timeout.min)
2024-05-12 17:49:56,665 [8dd0fa20-24c1-416b-8738-a4d7cf43ad35@group-8657B28DB93C-LeaderElection7] INFO  server.RaftServerConfigKeys (ConfUtils.java:logFallback(53)) - raft.server.rpc.first-election.timeout.max = 5200ms (fallback to raft.server.rpc.timeout.max)
2024-05-12 17:49:56,666 [grpc-default-executor-4] INFO  server.RaftServer$Division (RaftServerImpl.java:requestVote(1389)) - 89940199-bd88-4638-b386-d8d3bdf20d7b@group-8657B28DB93C: receive requestVote(ELECTION, 8dd0fa20-24c1-416b-8738-a4d7cf43ad35, group-8657B28DB93C, 1, (t:0, i:0))
2024-05-12 17:49:56,666 [grpc-default-executor-3] INFO  server.RaftServer$Division (RaftServerImpl.java:requestVote(1389)) - fa686303-1758-4bad-a86f-993efac5b9f9@group-8657B28DB93C: receive requestVote(ELECTION, 8dd0fa20-24c1-416b-8738-a4d7cf43ad35, group-8657B28DB93C, 1, (t:0, i:0))
2024-05-12 17:49:56,667 [grpc-default-executor-3] INFO  impl.VoteContext (VoteContext.java:log(49)) - fa686303-1758-4bad-a86f-993efac5b9f9@group-8657B28DB93C-FOLLOWER: accept ELECTION from 8dd0fa20-24c1-416b-8738-a4d7cf43ad35: our priority 0 <= candidate's priority 1
2024-05-12 17:49:56,667 [grpc-default-executor-3] INFO  server.RaftServer$Division (RaftServerImpl.java:setRole(383)) - fa686303-1758-4bad-a86f-993efac5b9f9@group-8657B28DB93C: changes role from  FOLLOWER to FOLLOWER at term 1 for candidate:8dd0fa20-24c1-416b-8738-a4d7cf43ad35
2024-05-12 17:49:56,667 [grpc-default-executor-3] INFO  impl.RoleInfo (RoleInfo.java:shutdownFollowerState(110)) - fa686303-1758-4bad-a86f-993efac5b9f9: shutdown fa686303-1758-4bad-a86f-993efac5b9f9@group-8657B28DB93C-FollowerState
2024-05-12 17:49:56,667 [grpc-default-executor-3] INFO  impl.RoleInfo (RoleInfo.java:updateAndGet(139)) - fa686303-1758-4bad-a86f-993efac5b9f9: start fa686303-1758-4bad-a86f-993efac5b9f9@group-8657B28DB93C-FollowerState
2024-05-12 17:49:56,667 [fa686303-1758-4bad-a86f-993efac5b9f9@group-8657B28DB93C-FollowerState] INFO  impl.FollowerState (FollowerState.java:run(152)) - fa686303-1758-4bad-a86f-993efac5b9f9@group-8657B28DB93C-FollowerState was interrupted
2024-05-12 17:49:56,666 [grpc-default-executor-4] INFO  impl.VoteContext (VoteContext.java:log(49)) - 89940199-bd88-4638-b386-d8d3bdf20d7b@group-8657B28DB93C-FOLLOWER: accept ELECTION from 8dd0fa20-24c1-416b-8738-a4d7cf43ad35: our priority 0 <= candidate's priority 1
2024-05-12 17:49:56,667 [grpc-default-executor-4] INFO  server.RaftServer$Division (RaftServerImpl.java:setRole(383)) - 89940199-bd88-4638-b386-d8d3bdf20d7b@group-8657B28DB93C: changes role from  FOLLOWER to FOLLOWER at term 1 for candidate:8dd0fa20-24c1-416b-8738-a4d7cf43ad35
2024-05-12 17:49:56,667 [grpc-default-executor-4] INFO  impl.RoleInfo (RoleInfo.java:shutdownFollowerState(110)) - 89940199-bd88-4638-b386-d8d3bdf20d7b: shutdown 89940199-bd88-4638-b386-d8d3bdf20d7b@group-8657B28DB93C-FollowerState
2024-05-12 17:49:56,667 [grpc-default-executor-4] INFO  impl.RoleInfo (RoleInfo.java:updateAndGet(139)) - 89940199-bd88-4638-b386-d8d3bdf20d7b: start 89940199-bd88-4638-b386-d8d3bdf20d7b@group-8657B28DB93C-FollowerState
2024-05-12 17:49:56,667 [grpc-default-executor-3] INFO  server.RaftServer$Division (RaftServerImpl.java:setFirstElection(574)) - fa686303-1758-4bad-a86f-993efac5b9f9@group-8657B28DB93C: set firstElectionSinceStartup to false for candidate:8dd0fa20-24c1-416b-8738-a4d7cf43ad35
2024-05-12 17:49:56,667 [89940199-bd88-4638-b386-d8d3bdf20d7b@group-8657B28DB93C-FollowerState] INFO  impl.FollowerState (FollowerState.java:run(152)) - 89940199-bd88-4638-b386-d8d3bdf20d7b@group-8657B28DB93C-FollowerState was interrupted
2024-05-12 17:49:56,668 [grpc-default-executor-4] INFO  server.RaftServer$Division (RaftServerImpl.java:setFirstElection(574)) - 89940199-bd88-4638-b386-d8d3bdf20d7b@group-8657B28DB93C: set firstElectionSinceStartup to false for candidate:8dd0fa20-24c1-416b-8738-a4d7cf43ad35
2024-05-12 17:49:56,669 [grpc-default-executor-3] INFO  server.RaftServer$Division (RaftServerImpl.java:requestVote(1422)) - fa686303-1758-4bad-a86f-993efac5b9f9@group-8657B28DB93C replies to ELECTION vote request: 8dd0fa20-24c1-416b-8738-a4d7cf43ad35<-fa686303-1758-4bad-a86f-993efac5b9f9#0:OK-t1. Peer's state: fa686303-1758-4bad-a86f-993efac5b9f9@group-8657B28DB93C:t1, leader=null, voted=8dd0fa20-24c1-416b-8738-a4d7cf43ad35, raftlog=Memoized:fa686303-1758-4bad-a86f-993efac5b9f9@group-8657B28DB93C-SegmentedRaftLog:OPENED:c-1, conf=-1: peers:[8dd0fa20-24c1-416b-8738-a4d7cf43ad35|127.0.0.1:15023, 89940199-bd88-4638-b386-d8d3bdf20d7b|127.0.0.1:15032, fa686303-1758-4bad-a86f-993efac5b9f9|127.0.0.1:15014]|listeners:[], old=null
2024-05-12 17:49:56,670 [8dd0fa20-24c1-416b-8738-a4d7cf43ad35@group-8657B28DB93C-LeaderElection7] INFO  impl.LeaderElection (LeaderElection.java:logAndReturn(89)) - 8dd0fa20-24c1-416b-8738-a4d7cf43ad35@group-8657B28DB93C-LeaderElection7: ELECTION PASSED received 1 response(s) and 0 exception(s):
2024-05-12 17:49:56,670 [8dd0fa20-24c1-416b-8738-a4d7cf43ad35@group-8657B28DB93C-LeaderElection7] INFO  impl.LeaderElection (LeaderElection.java:logAndReturn(93)) -   Response 0: 8dd0fa20-24c1-416b-8738-a4d7cf43ad35<-fa686303-1758-4bad-a86f-993efac5b9f9#0:OK-t1
2024-05-12 17:49:56,670 [8dd0fa20-24c1-416b-8738-a4d7cf43ad35@group-8657B28DB93C-LeaderElection7] INFO  impl.LeaderElection (LeaderElection.java:askForVotes(323)) - 8dd0fa20-24c1-416b-8738-a4d7cf43ad35@group-8657B28DB93C-LeaderElection7 ELECTION round 0: result PASSED
2024-05-12 17:49:56,670 [8dd0fa20-24c1-416b-8738-a4d7cf43ad35@group-8657B28DB93C-LeaderElection7] INFO  impl.RoleInfo (RoleInfo.java:shutdownLeaderElection(130)) - 8dd0fa20-24c1-416b-8738-a4d7cf43ad35: shutdown 8dd0fa20-24c1-416b-8738-a4d7cf43ad35@group-8657B28DB93C-LeaderElection7
2024-05-12 17:49:56,670 [8dd0fa20-24c1-416b-8738-a4d7cf43ad35@group-8657B28DB93C-LeaderElection7] INFO  server.RaftServer$Division (RaftServerImpl.java:setRole(383)) - 8dd0fa20-24c1-416b-8738-a4d7cf43ad35@group-8657B28DB93C: changes role from CANDIDATE to LEADER at term 1 for changeToLeader
2024-05-12 17:49:56,670 [8dd0fa20-24c1-416b-8738-a4d7cf43ad35@group-8657B28DB93C-LeaderElection7] INFO  server.RaftServerConfigKeys (ConfUtils.java:logGet(46)) - raft.server.staging.catchup.gap = 1000 (default)
2024-05-12 17:49:56,670 [grpc-default-executor-4] INFO  server.RaftServer$Division (RaftServerImpl.java:requestVote(1422)) - 89940199-bd88-4638-b386-d8d3bdf20d7b@group-8657B28DB93C replies to ELECTION vote request: 8dd0fa20-24c1-416b-8738-a4d7cf43ad35<-89940199-bd88-4638-b386-d8d3bdf20d7b#0:OK-t1. Peer's state: 89940199-bd88-4638-b386-d8d3bdf20d7b@group-8657B28DB93C:t1, leader=null, voted=8dd0fa20-24c1-416b-8738-a4d7cf43ad35, raftlog=Memoized:89940199-bd88-4638-b386-d8d3bdf20d7b@group-8657B28DB93C-SegmentedRaftLog:OPENED:c-1, conf=-1: peers:[8dd0fa20-24c1-416b-8738-a4d7cf43ad35|127.0.0.1:15023, 89940199-bd88-4638-b386-d8d3bdf20d7b|127.0.0.1:15032, fa686303-1758-4bad-a86f-993efac5b9f9|127.0.0.1:15014]|listeners:[], old=null
2024-05-12 17:49:56,670 [8dd0fa20-24c1-416b-8738-a4d7cf43ad35@group-8657B28DB93C-LeaderElection7] INFO  server.RaftServerConfigKeys (ConfUtils.java:logGet(46)) - raft.server.write.element-limit = 1024 (custom)
2024-05-12 17:49:56,670 [8dd0fa20-24c1-416b-8738-a4d7cf43ad35@group-8657B28DB93C-LeaderElection7] INFO  server.RaftServerConfigKeys (ConfUtils.java:logGet(46)) - raft.server.write.byte-limit = 1024 M (=1073741824) (custom)
2024-05-12 17:49:56,671 [8dd0fa20-24c1-416b-8738-a4d7cf43ad35@group-8657B28DB93C-LeaderElection7] INFO  server.RaftServerConfigKeys (ConfUtils.java:logGet(46)) - raft.server.watch.timeout = 180s (custom)
2024-05-12 17:49:56,671 [8dd0fa20-24c1-416b-8738-a4d7cf43ad35@group-8657B28DB93C-LeaderElection7] INFO  server.RaftServerConfigKeys (ConfUtils.java:logGet(46)) - raft.server.watch.timeout.denomination = 1s (default)
2024-05-12 17:49:56,671 [8dd0fa20-24c1-416b-8738-a4d7cf43ad35@group-8657B28DB93C-LeaderElection7] INFO  server.RaftServerConfigKeys (ConfUtils.java:logGet(46)) - raft.server.watch.element-limit = 65536 (default)
2024-05-12 17:49:56,671 [8dd0fa20-24c1-416b-8738-a4d7cf43ad35@group-8657B28DB93C-LeaderElection7] INFO  server.RaftServerConfigKeys (ConfUtils.java:logGet(46)) - raft.server.read.leader.lease.enabled = false (default)
2024-05-12 17:49:56,671 [8dd0fa20-24c1-416b-8738-a4d7cf43ad35@group-8657B28DB93C-LeaderElection7] INFO  server.RaftServerConfigKeys (ConfUtils.java:logGet(46)) - raft.server.read.leader.lease.timeout.ratio = 0.9 (default)
2024-05-12 17:49:56,671 [8dd0fa20-24c1-416b-8738-a4d7cf43ad35@group-8657B28DB93C-LeaderElection7] INFO  server.RaftServerConfigKeys (ConfUtils.java:logGet(46)) - raft.server.rpc.timeout.min = 5s (custom)
2024-05-12 17:49:56,671 [8dd0fa20-24c1-416b-8738-a4d7cf43ad35@group-8657B28DB93C-LeaderElection7] INFO  server.RaftServerConfigKeys (ConfUtils.java:logGet(46)) - raft.server.write.element-limit = 1024 (custom)
2024-05-12 17:49:56,671 [8dd0fa20-24c1-416b-8738-a4d7cf43ad35@group-8657B28DB93C-LeaderElection7] INFO  server.RaftServerConfigKeys (ConfUtils.java:logGet(46)) - raft.server.write.follower.gap.ratio.max = -1.0 (default)
2024-05-12 17:49:56,672 [8dd0fa20-24c1-416b-8738-a4d7cf43ad35@group-8657B28DB93C-LeaderElection7] INFO  server.RaftServerConfigKeys (ConfUtils.java:logGet(46)) - raft.server.log.appender.snapshot.chunk.size.max = 16MB (=16777216) (default)
2024-05-12 17:49:56,672 [8dd0fa20-24c1-416b-8738-a4d7cf43ad35@group-8657B28DB93C-LeaderElection7] INFO  server.RaftServerConfigKeys (ConfUtils.java:logGet(46)) - raft.server.log.appender.buffer.byte-limit = 8388608 (custom)
2024-05-12 17:49:56,672 [8dd0fa20-24c1-416b-8738-a4d7cf43ad35@group-8657B28DB93C-LeaderElection7] INFO  server.RaftServerConfigKeys (ConfUtils.java:logGet(46)) - raft.server.log.appender.buffer.element-limit = 1 (custom)
2024-05-12 17:49:56,672 [8dd0fa20-24c1-416b-8738-a4d7cf43ad35@group-8657B28DB93C-LeaderElection7] INFO  server.RaftServerConfigKeys (ConfUtils.java:logGet(46)) - raft.server.log.appender.wait-time.min = 0μs (custom)
2024-05-12 17:49:56,672 [8dd0fa20-24c1-416b-8738-a4d7cf43ad35@group-8657B28DB93C-LeaderElection7] INFO  grpc.GrpcConfigKeys (ConfUtils.java:logGet(46)) - raft.grpc.server.leader.outstanding.appends.max = 8 (default)
2024-05-12 17:49:56,672 [8dd0fa20-24c1-416b-8738-a4d7cf43ad35@group-8657B28DB93C-LeaderElection7] INFO  server.RaftServerConfigKeys (ConfUtils.java:logGet(46)) - raft.server.rpc.request.timeout = 60s (custom)
2024-05-12 17:49:56,672 [8dd0fa20-24c1-416b-8738-a4d7cf43ad35@group-8657B28DB93C-LeaderElection7] INFO  grpc.GrpcConfigKeys (ConfUtils.java:logGet(46)) - raft.grpc.server.install_snapshot.request.element-limit = 8 (default)
2024-05-12 17:49:56,672 [8dd0fa20-24c1-416b-8738-a4d7cf43ad35@group-8657B28DB93C-LeaderElection7] INFO  grpc.GrpcConfigKeys (ConfUtils.java:logGet(46)) - raft.grpc.server.install_snapshot.request.timeout = 3000ms (default)
2024-05-12 17:49:56,672 [8dd0fa20-24c1-416b-8738-a4d7cf43ad35@group-8657B28DB93C-LeaderElection7] INFO  grpc.GrpcConfigKeys (ConfUtils.java:logGet(46)) - raft.grpc.server.log-message.batch.duration = 5s (default)
2024-05-12 17:49:56,673 [8dd0fa20-24c1-416b-8738-a4d7cf43ad35@group-8657B28DB93C-LeaderElection7] INFO  server.RaftServerConfigKeys (ConfUtils.java:logGet(46)) - raft.server.log.appender.install.snapshot.enabled = false (custom)
2024-05-12 17:49:56,673 [8dd0fa20-24c1-416b-8738-a4d7cf43ad35@group-8657B28DB93C-LeaderElection7] INFO  grpc.GrpcConfigKeys (ConfUtils.java:logGet(46)) - raft.grpc.server.heartbeat.channel = true (default)
2024-05-12 17:49:56,673 [8dd0fa20-24c1-416b-8738-a4d7cf43ad35@group-8657B28DB93C-LeaderElection7] INFO  server.RaftServerConfigKeys (ConfUtils.java:logGet(46)) - raft.server.log.appender.snapshot.chunk.size.max = 16MB (=16777216) (default)
2024-05-12 17:49:56,675 [8dd0fa20-24c1-416b-8738-a4d7cf43ad35@group-8657B28DB93C-LeaderElection7] INFO  server.RaftServerConfigKeys (ConfUtils.java:logGet(46)) - raft.server.log.appender.buffer.byte-limit = 8388608 (custom)
2024-05-12 17:49:56,675 [8dd0fa20-24c1-416b-8738-a4d7cf43ad35@group-8657B28DB93C-LeaderElection7] INFO  server.RaftServerConfigKeys (ConfUtils.java:logGet(46)) - raft.server.log.appender.buffer.element-limit = 1 (custom)
2024-05-12 17:49:56,675 [8dd0fa20-24c1-416b-8738-a4d7cf43ad35@group-8657B28DB93C-LeaderElection7] INFO  server.RaftServerConfigKeys (ConfUtils.java:logGet(46)) - raft.server.log.appender.wait-time.min = 0μs (custom)
2024-05-12 17:49:56,676 [8dd0fa20-24c1-416b-8738-a4d7cf43ad35@group-8657B28DB93C-LeaderElection7] INFO  grpc.GrpcConfigKeys (ConfUtils.java:logGet(46)) - raft.grpc.server.leader.outstanding.appends.max = 8 (default)
2024-05-12 17:49:56,676 [8dd0fa20-24c1-416b-8738-a4d7cf43ad35@group-8657B28DB93C-LeaderElection7] INFO  server.RaftServerConfigKeys (ConfUtils.java:logGet(46)) - raft.server.rpc.request.timeout = 60s (custom)
2024-05-12 17:49:56,676 [8dd0fa20-24c1-416b-8738-a4d7cf43ad35@group-8657B28DB93C-LeaderElection7] INFO  grpc.GrpcConfigKeys (ConfUtils.java:logGet(46)) - raft.grpc.server.install_snapshot.request.element-limit = 8 (default)
2024-05-12 17:49:56,676 [8dd0fa20-24c1-416b-8738-a4d7cf43ad35@group-8657B28DB93C-LeaderElection7] INFO  grpc.GrpcConfigKeys (ConfUtils.java:logGet(46)) - raft.grpc.server.install_snapshot.request.timeout = 3000ms (default)
2024-05-12 17:49:56,676 [8dd0fa20-24c1-416b-8738-a4d7cf43ad35@group-8657B28DB93C-LeaderElection7] INFO  grpc.GrpcConfigKeys (ConfUtils.java:logGet(46)) - raft.grpc.server.log-message.batch.duration = 5s (default)
2024-05-12 17:49:56,676 [8dd0fa20-24c1-416b-8738-a4d7cf43ad35@group-8657B28DB93C-LeaderElection7] INFO  server.RaftServerConfigKeys (ConfUtils.java:logGet(46)) - raft.server.log.appender.install.snapshot.enabled = false (custom)
2024-05-12 17:49:56,676 [8dd0fa20-24c1-416b-8738-a4d7cf43ad35@group-8657B28DB93C-LeaderElection7] INFO  grpc.GrpcConfigKeys (ConfUtils.java:logGet(46)) - raft.grpc.server.heartbeat.channel = true (default)
2024-05-12 17:49:56,676 [8dd0fa20-24c1-416b-8738-a4d7cf43ad35@group-8657B28DB93C-LeaderElection7] INFO  impl.RoleInfo (RoleInfo.java:updateAndGet(139)) - 8dd0fa20-24c1-416b-8738-a4d7cf43ad35: start 8dd0fa20-24c1-416b-8738-a4d7cf43ad35@group-8657B28DB93C-LeaderStateImpl
2024-05-12 17:49:56,676 [8dd0fa20-24c1-416b-8738-a4d7cf43ad35@group-8657B28DB93C-LeaderElection7] INFO  server.RaftServer$Division (RaftServerImpl.java:setFirstElection(574)) - 8dd0fa20-24c1-416b-8738-a4d7cf43ad35@group-8657B28DB93C: set firstElectionSinceStartup to false for becomeLeader
2024-05-12 17:49:56,676 [8dd0fa20-24c1-416b-8738-a4d7cf43ad35@group-8657B28DB93C-LeaderElection7] INFO  ratis.XceiverServerRatis (XceiverServerRatis.java:handleLeaderChangedNotification(966)) - Leader change notification received for group: group-8657B28DB93C with new leaderId: 8dd0fa20-24c1-416b-8738-a4d7cf43ad35
2024-05-12 17:49:56,677 [8dd0fa20-24c1-416b-8738-a4d7cf43ad35@group-8657B28DB93C-LeaderElection7] INFO  server.RaftServer$Division (ServerState.java:setLeader(269)) - 8dd0fa20-24c1-416b-8738-a4d7cf43ad35@group-8657B28DB93C: change Leader from null to 8dd0fa20-24c1-416b-8738-a4d7cf43ad35 at term 1 for becomeLeader, leader elected after 5120ms
2024-05-12 17:49:56,677 [8dd0fa20-24c1-416b-8738-a4d7cf43ad35@group-8657B28DB93C-LeaderElection7] INFO  segmented.SegmentedRaftLogWorker (SegmentedRaftLogWorker.java:startLogSegment(430)) - 8dd0fa20-24c1-416b-8738-a4d7cf43ad35@group-8657B28DB93C-SegmentedRaftLogWorker: Starting segment from index:0
2024-05-12 17:49:56,677 [8dd0fa20-24c1-416b-8738-a4d7cf43ad35@group-8657B28DB93C-LeaderElection7] INFO  server.RaftServer$Division (ServerState.java:setRaftConf(386)) - 8dd0fa20-24c1-416b-8738-a4d7cf43ad35@group-8657B28DB93C: set configuration 0: peers:[8dd0fa20-24c1-416b-8738-a4d7cf43ad35|127.0.0.1:15023, 89940199-bd88-4638-b386-d8d3bdf20d7b|127.0.0.1:15032, fa686303-1758-4bad-a86f-993efac5b9f9|127.0.0.1:15014]|listeners:[], old=null
2024-05-12 17:49:56,677 [8dd0fa20-24c1-416b-8738-a4d7cf43ad35@group-8657B28DB93C-SegmentedRaftLogWorker] INFO  segmented.BufferedWriteChannel (BufferedWriteChannel.java:open(62)) - open log_inprogress_0 at position 0
2024-05-12 17:49:56,682 [EventQueue-PipelineReportForPipelineReportHandler] INFO  pipeline.PipelineReportHandler (PipelineReportHandler.java:processPipelineReport(136)) - Opened pipeline PipelineID=3e7ca939-1b1b-4109-8639-8657b28db93c
2024-05-12 17:49:56,685 [8dd0fa20-24c1-416b-8738-a4d7cf43ad35@group-8657B28DB93C-SegmentedRaftLogWorker] INFO  segmented.SegmentedRaftLogWorker (SegmentedRaftLogWorker.java:execute(634)) - 8dd0fa20-24c1-416b-8738-a4d7cf43ad35@group-8657B28DB93C-SegmentedRaftLogWorker: created new log segment /home/runner/work/ozone/ozone/hadoop-ozone/integration-test/target/test-dir/MiniOzoneClusterImpl-d7aad628-a0b7-477d-aae9-77d4c10c22b9/ozone-meta/datanode-2/ratis/3e7ca939-1b1b-4109-8639-8657b28db93c/current/log_inprogress_0
2024-05-12 17:49:56,697 [89940199-bd88-4638-b386-d8d3bdf20d7b-server-thread1] INFO  ratis.XceiverServerRatis (XceiverServerRatis.java:handleLeaderChangedNotification(966)) - Leader change notification received for group: group-8657B28DB93C with new leaderId: 8dd0fa20-24c1-416b-8738-a4d7cf43ad35
2024-05-12 17:49:56,697 [89940199-bd88-4638-b386-d8d3bdf20d7b-server-thread1] INFO  server.RaftServer$Division (ServerState.java:setLeader(269)) - 89940199-bd88-4638-b386-d8d3bdf20d7b@group-8657B28DB93C: change Leader from null to 8dd0fa20-24c1-416b-8738-a4d7cf43ad35 at term 1 for appendEntries, leader elected after 5146ms
2024-05-12 17:49:56,699 [89940199-bd88-4638-b386-d8d3bdf20d7b-server-thread2] INFO  server.RaftServer$Division (ServerState.java:setRaftConf(386)) - 89940199-bd88-4638-b386-d8d3bdf20d7b@group-8657B28DB93C: set configuration 0: peers:[8dd0fa20-24c1-416b-8738-a4d7cf43ad35|127.0.0.1:15023, 89940199-bd88-4638-b386-d8d3bdf20d7b|127.0.0.1:15032, fa686303-1758-4bad-a86f-993efac5b9f9|127.0.0.1:15014]|listeners:[], old=null
2024-05-12 17:49:56,699 [89940199-bd88-4638-b386-d8d3bdf20d7b-server-thread2] INFO  segmented.SegmentedRaftLogWorker (SegmentedRaftLogWorker.java:startLogSegment(430)) - 89940199-bd88-4638-b386-d8d3bdf20d7b@group-8657B28DB93C-SegmentedRaftLogWorker: Starting segment from index:0
2024-05-12 17:49:56,699 [89940199-bd88-4638-b386-d8d3bdf20d7b@group-8657B28DB93C-SegmentedRaftLogWorker] INFO  segmented.BufferedWriteChannel (BufferedWriteChannel.java:open(62)) - open log_inprogress_0 at position 0
2024-05-12 17:49:56,703 [fa686303-1758-4bad-a86f-993efac5b9f9-server-thread1] INFO  ratis.XceiverServerRatis (XceiverServerRatis.java:handleLeaderChangedNotification(966)) - Leader change notification received for group: group-8657B28DB93C with new leaderId: 8dd0fa20-24c1-416b-8738-a4d7cf43ad35
2024-05-12 17:49:56,704 [fa686303-1758-4bad-a86f-993efac5b9f9-server-thread1] INFO  server.RaftServer$Division (ServerState.java:setLeader(269)) - fa686303-1758-4bad-a86f-993efac5b9f9@group-8657B28DB93C: change Leader from null to 8dd0fa20-24c1-416b-8738-a4d7cf43ad35 at term 1 for appendEntries, leader elected after 5125ms
2024-05-12 17:49:56,704 [fa686303-1758-4bad-a86f-993efac5b9f9-server-thread2] INFO  server.RaftServer$Division (ServerState.java:setRaftConf(386)) - fa686303-1758-4bad-a86f-993efac5b9f9@group-8657B28DB93C: set configuration 0: peers:[8dd0fa20-24c1-416b-8738-a4d7cf43ad35|127.0.0.1:15023, 89940199-bd88-4638-b386-d8d3bdf20d7b|127.0.0.1:15032, fa686303-1758-4bad-a86f-993efac5b9f9|127.0.0.1:15014]|listeners:[], old=null
2024-05-12 17:49:56,704 [fa686303-1758-4bad-a86f-993efac5b9f9-server-thread2] INFO  segmented.SegmentedRaftLogWorker (SegmentedRaftLogWorker.java:startLogSegment(430)) - fa686303-1758-4bad-a86f-993efac5b9f9@group-8657B28DB93C-SegmentedRaftLogWorker: Starting segment from index:0
2024-05-12 17:49:56,704 [fa686303-1758-4bad-a86f-993efac5b9f9@group-8657B28DB93C-SegmentedRaftLogWorker] INFO  segmented.BufferedWriteChannel (BufferedWriteChannel.java:open(62)) - open log_inprogress_0 at position 0
2024-05-12 17:49:56,707 [89940199-bd88-4638-b386-d8d3bdf20d7b@group-8657B28DB93C-SegmentedRaftLogWorker] INFO  segmented.SegmentedRaftLogWorker (SegmentedRaftLogWorker.java:execute(634)) - 89940199-bd88-4638-b386-d8d3bdf20d7b@group-8657B28DB93C-SegmentedRaftLogWorker: created new log segment /home/runner/work/ozone/ozone/hadoop-ozone/integration-test/target/test-dir/MiniOzoneClusterImpl-d7aad628-a0b7-477d-aae9-77d4c10c22b9/ozone-meta/datanode-3/ratis/3e7ca939-1b1b-4109-8639-8657b28db93c/current/log_inprogress_0
2024-05-12 17:49:56,712 [fa686303-1758-4bad-a86f-993efac5b9f9@group-8657B28DB93C-SegmentedRaftLogWorker] INFO  segmented.SegmentedRaftLogWorker (SegmentedRaftLogWorker.java:execute(634)) - fa686303-1758-4bad-a86f-993efac5b9f9@group-8657B28DB93C-SegmentedRaftLogWorker: created new log segment /home/runner/work/ozone/ozone/hadoop-ozone/integration-test/target/test-dir/MiniOzoneClusterImpl-d7aad628-a0b7-477d-aae9-77d4c10c22b9/ozone-meta/datanode-1/ratis/3e7ca939-1b1b-4109-8639-8657b28db93c/current/log_inprogress_0
2024-05-12 17:49:56,712 [8dd0fa20-24c1-416b-8738-a4d7cf43ad35@group-8657B28DB93C-StateMachineUpdater] INFO  server.RaftServer$Division (LeaderStateImpl.java:isApplied(320)) - leader is ready since appliedIndex == 0 >= startIndex == 0
2024-05-12 17:49:57,328 [main] INFO  ozone.MiniOzoneClusterImpl (MiniOzoneClusterImpl.java:lambda$waitForClusterToBeReady$0(194)) - Nodes are ready. Got 3 of 3 DN Heartbeats.
2024-05-12 17:49:57,328 [main] INFO  ozone.MiniOzoneClusterImpl (MiniOzoneClusterImpl.java:lambda$waitForClusterToBeReady$0(197)) - Cluster exits safe mode
2024-05-12 17:49:57,328 [main] INFO  ozone.MiniOzoneClusterImpl (MiniOzoneClusterImpl.java:lambda$waitForClusterToBeReady$0(199)) - SCM became leader
2024-05-12 17:49:57,430 [IPC Server handler 0 on default port 15000] INFO  ha.SequenceIdGenerator (SequenceIdGenerator.java:getNextId(145)) - Allocate a batch for containerId, change lastId from 0 to 1000.
2024-05-12 17:49:57,449 [main] INFO  impl.MetricsSystemImpl (MetricsSystemImpl.java:init(158)) - XceiverClientMetrics metrics system started (again)
2024-05-12 17:49:57,675 [grpc-default-executor-4] ERROR impl.OrderedAsync (OrderedAsync.java:lambda$sendRequest$9(247)) - client-40D0E1EAF5F3: Failed* RaftClientRequest:client-40D0E1EAF5F3->fa686303-1758-4bad-a86f-993efac5b9f9@group-4952DFE17A20, cid=15, seq=3, RW, cmdType: WriteChunk
traceID: ""
containerID: 1
datanodeUuid: "fa686303-1758-4bad-a86f-993efac5b9f9"
writeChunk {
  blockID {
    containerID: 1
    localID: 112429380245848065
    blockCommitSequenceId: 0
  }
  chunkData {
    chunkName: "112429380245848065.data.0"
    offset: 0
    len: 0
    checksumData {
      type: CRC32
      bytesPerChecksum: 1048576
    }
  }
}
, data.size=0
java.util.concurrent.CompletionException: java.io.IOException: java.lang.IllegalArgumentException
	at java.base/java.util.concurrent.CompletableFuture.encodeThrowable(CompletableFuture.java:332)
	at java.base/java.util.concurrent.CompletableFuture.completeThrowable(CompletableFuture.java:347)
	at java.base/java.util.concurrent.CompletableFuture$UniApply.tryFire(CompletableFuture.java:636)
	at java.base/java.util.concurrent.CompletableFuture.postComplete(CompletableFuture.java:510)
	at java.base/java.util.concurrent.CompletableFuture.completeExceptionally(CompletableFuture.java:2162)
	at org.apache.ratis.grpc.client.GrpcClientProtocolClient$AsyncStreamObservers.completeReplyExceptionally(GrpcClientProtocolClient.java:394)
	at org.apache.ratis.grpc.client.GrpcClientProtocolClient$AsyncStreamObservers.access$000(GrpcClientProtocolClient.java:300)
	at org.apache.ratis.grpc.client.GrpcClientProtocolClient$AsyncStreamObservers$1.onError(GrpcClientProtocolClient.java:331)
	at org.apache.ratis.thirdparty.io.grpc.stub.ClientCalls$StreamObserverToCallListenerAdapter.onClose(ClientCalls.java:481)
	at org.apache.ratis.thirdparty.io.grpc.PartialForwardingClientCallListener.onClose(PartialForwardingClientCallListener.java:39)
	at org.apache.ratis.thirdparty.io.grpc.ForwardingClientCallListener.onClose(ForwardingClientCallListener.java:23)
	at org.apache.ratis.grpc.metrics.intercept.client.MetricClientCallListener.onClose(MetricClientCallListener.java:47)
	at org.apache.ratis.thirdparty.io.grpc.internal.DelayedClientCall$DelayedListener$3.run(DelayedClientCall.java:489)
	at org.apache.ratis.thirdparty.io.grpc.internal.DelayedClientCall$DelayedListener.delayOrExecute(DelayedClientCall.java:453)
	at org.apache.ratis.thirdparty.io.grpc.internal.DelayedClientCall$DelayedListener.onClose(DelayedClientCall.java:486)
	at org.apache.ratis.thirdparty.io.grpc.internal.ClientCallImpl.closeObserver(ClientCallImpl.java:567)
	at org.apache.ratis.thirdparty.io.grpc.internal.ClientCallImpl.access$300(ClientCallImpl.java:71)
	at org.apache.ratis.thirdparty.io.grpc.internal.ClientCallImpl$ClientStreamListenerImpl$1StreamClosed.runInternal(ClientCallImpl.java:735)
	at org.apache.ratis.thirdparty.io.grpc.internal.ClientCallImpl$ClientStreamListenerImpl$1StreamClosed.runInContext(ClientCallImpl.java:716)
	at org.apache.ratis.thirdparty.io.grpc.internal.ContextRunnable.run(ContextRunnable.java:37)
	at org.apache.ratis.thirdparty.io.grpc.internal.SerializingExecutor.run(SerializingExecutor.java:133)
	at java.base/java.util.concurrent.ThreadPoolExecutor.runWorker(ThreadPoolExecutor.java:1136)
	at java.base/java.util.concurrent.ThreadPoolExecutor$Worker.run(ThreadPoolExecutor.java:635)
	at java.base/java.lang.Thread.run(Thread.java:840)
Caused by: java.io.IOException: java.lang.IllegalArgumentException
	at org.apache.ratis.grpc.GrpcUtil.unwrapException(GrpcUtil.java:99)
	at org.apache.ratis.grpc.GrpcUtil.unwrapIOException(GrpcUtil.java:159)
	at org.apache.ratis.grpc.client.GrpcClientProtocolClient$AsyncStreamObservers$1.onError(GrpcClientProtocolClient.java:330)
	... 16 more
Caused by: java.lang.IllegalArgumentException
	at com.google.common.base.Preconditions.checkArgument(Preconditions.java:129)
	at org.apache.hadoop.ozone.container.common.transport.server.ratis.ContainerStateMachine.startTransaction(ContainerStateMachine.java:443)
	at org.apache.ratis.server.impl.RaftServerImpl.writeAsync(RaftServerImpl.java:953)
	at org.apache.ratis.server.impl.RaftServerImpl.replyFuture(RaftServerImpl.java:931)
	at org.apache.ratis.server.impl.RaftServerImpl.submitClientRequestAsync(RaftServerImpl.java:908)
	at org.apache.ratis.server.impl.RaftServerImpl.lambda$null$13(RaftServerImpl.java:897)
	at org.apache.ratis.util.JavaUtils.callAsUnchecked(JavaUtils.java:118)
	at org.apache.ratis.server.impl.RaftServerImpl.lambda$executeSubmitClientRequestAsync$14(RaftServerImpl.java:897)
	at java.base/java.util.concurrent.CompletableFuture$AsyncSupply.run(CompletableFuture.java:1768)
	... 3 more
2024-05-12 17:50:00,642 [timer4] ERROR impl.OrderedAsync (OrderedAsync.java:lambda$sendRequest$9(247)) - client-40D0E1EAF5F3: Failed* RaftClientRequest:client-40D0E1EAF5F3->fa686303-1758-4bad-a86f-993efac5b9f9@group-4952DFE17A20, cid=15, seq=3*, RW, cmdType: WriteChunk
traceID: ""
containerID: 1
datanodeUuid: "fa686303-1758-4bad-a86f-993efac5b9f9"
writeChunk {
  blockID {
    containerID: 1
    localID: 112429380245848065
    blockCommitSequenceId: 0
  }
  chunkData {
    chunkName: "112429380245848065.data.0"
    offset: 0
    len: 0
    checksumData {
      type: CRC32
      bytesPerChecksum: 1048576
    }
  }
}
, data.size=0
java.util.concurrent.CompletionException: org.apache.ratis.protocol.exceptions.AlreadyClosedException: client-40D0E1EAF5F3->fa686303-1758-4bad-a86f-993efac5b9f9 is closed.
	at java.base/java.util.concurrent.CompletableFuture.encodeThrowable(CompletableFuture.java:332)
	at java.base/java.util.concurrent.CompletableFuture.uniApplyNow(CompletableFuture.java:674)
	at java.base/java.util.concurrent.CompletableFuture.uniApplyStage(CompletableFuture.java:662)
	at java.base/java.util.concurrent.CompletableFuture.thenApply(CompletableFuture.java:2168)
	at org.apache.ratis.client.impl.OrderedAsync.sendRequest(OrderedAsync.java:239)
	at org.apache.ratis.client.impl.OrderedAsync.sendRequestWithRetry(OrderedAsync.java:203)
	at org.apache.ratis.util.SlidingWindow$Client.sendOrDelayRequest(SlidingWindow.java:312)
	at org.apache.ratis.util.SlidingWindow$Client.retry(SlidingWindow.java:328)
	at org.apache.ratis.client.impl.OrderedAsync.lambda$scheduleWithTimeout$6(OrderedAsync.java:227)
	at org.apache.ratis.util.TimeoutTimer.lambda$onTimeout$2(TimeoutTimer.java:101)
	at org.apache.ratis.util.LogUtils.runAndLog(LogUtils.java:38)
	at org.apache.ratis.util.LogUtils$1.run(LogUtils.java:78)
	at org.apache.ratis.util.TimeoutTimer$Task.run(TimeoutTimer.java:55)
	at java.base/java.util.TimerThread.mainLoop(Timer.java:566)
	at java.base/java.util.TimerThread.run(Timer.java:516)
Caused by: org.apache.ratis.protocol.exceptions.AlreadyClosedException: client-40D0E1EAF5F3->fa686303-1758-4bad-a86f-993efac5b9f9 is closed.
	at org.apache.ratis.grpc.client.GrpcClientProtocolClient$AsyncStreamObservers.onNext(GrpcClientProtocolClient.java:349)
	at org.apache.ratis.grpc.client.GrpcClientRpc.sendRequestAsync(GrpcClientRpc.java:71)
	... 11 more
2024-05-12 17:50:46,177 [fa686303-1758-4bad-a86f-993efac5b9f9-BlockDeletingService#0] INFO  interfaces.ContainerDeletionChoosingPolicyTemplate (ContainerDeletionChoosingPolicyTemplate.java:chooseContainerForBlockDeletion(85)) - Chosen 0/5000 blocks from 0 candidate containers.
2024-05-12 17:50:46,244 [8dd0fa20-24c1-416b-8738-a4d7cf43ad35-BlockDeletingService#0] INFO  interfaces.ContainerDeletionChoosingPolicyTemplate (ContainerDeletionChoosingPolicyTemplate.java:chooseContainerForBlockDeletion(85)) - Chosen 0/5000 blocks from 0 candidate containers.
2024-05-12 17:50:46,393 [89940199-bd88-4638-b386-d8d3bdf20d7b-BlockDeletingService#0] INFO  interfaces.ContainerDeletionChoosingPolicyTemplate (ContainerDeletionChoosingPolicyTemplate.java:chooseContainerForBlockDeletion(85)) - Chosen 0/5000 blocks from 0 candidate containers.
2024-05-12 17:51:07,880 [timer5] ERROR impl.OrderedAsync (OrderedAsync.java:lambda$sendRequest$9(247)) - client-40D0E1EAF5F3: Failed* RaftClientRequest:client-40D0E1EAF5F3->fa686303-1758-4bad-a86f-993efac5b9f9@group-4952DFE17A20, cid=15, seq=3*, RW, cmdType: WriteChunk
traceID: ""
containerID: 1
datanodeUuid: "fa686303-1758-4bad-a86f-993efac5b9f9"
writeChunk {
  blockID {
    containerID: 1
    localID: 112429380245848065
    blockCommitSequenceId: 0
  }
  chunkData {
    chunkName: "112429380245848065.data.0"
    offset: 0
    len: 0
    checksumData {
      type: CRC32
      bytesPerChecksum: 1048576
    }
  }
}
, data.size=0
java.util.concurrent.CompletionException: org.apache.ratis.protocol.exceptions.TimeoutIOException: client-40D0E1EAF5F3->fa686303-1758-4bad-a86f-993efac5b9f9 request #15 timeout 60s
	at java.base/java.util.concurrent.CompletableFuture.encodeThrowable(CompletableFuture.java:332)
	at java.base/java.util.concurrent.CompletableFuture.completeThrowable(CompletableFuture.java:347)
	at java.base/java.util.concurrent.CompletableFuture$UniApply.tryFire(CompletableFuture.java:636)
	at java.base/java.util.concurrent.CompletableFuture.postComplete(CompletableFuture.java:510)
	at java.base/java.util.concurrent.CompletableFuture.completeExceptionally(CompletableFuture.java:2162)
	at org.apache.ratis.grpc.client.GrpcClientProtocolClient$AsyncStreamObservers.lambda$timeoutCheck$5(GrpcClientProtocolClient.java:373)
	at java.base/java.util.Optional.ifPresent(Optional.java:178)
	at org.apache.ratis.grpc.client.GrpcClientProtocolClient$AsyncStreamObservers.handleReplyFuture(GrpcClientProtocolClient.java:378)
	at org.apache.ratis.grpc.client.GrpcClientProtocolClient$AsyncStreamObservers.timeoutCheck(GrpcClientProtocolClient.java:373)
	at org.apache.ratis.grpc.client.GrpcClientProtocolClient$AsyncStreamObservers.lambda$onNext$3(GrpcClientProtocolClient.java:366)
	at org.apache.ratis.util.TimeoutTimer.lambda$onTimeout$2(TimeoutTimer.java:101)
	at org.apache.ratis.util.LogUtils.runAndLog(LogUtils.java:38)
	at org.apache.ratis.util.LogUtils$1.run(LogUtils.java:78)
	at org.apache.ratis.util.TimeoutTimer$Task.run(TimeoutTimer.java:55)
	at java.base/java.util.TimerThread.mainLoop(Timer.java:566)
	at java.base/java.util.TimerThread.run(Timer.java:516)
Caused by: org.apache.ratis.protocol.exceptions.TimeoutIOException: client-40D0E1EAF5F3->fa686303-1758-4bad-a86f-993efac5b9f9 request #15 timeout 60s
	at org.apache.ratis.grpc.client.GrpcClientProtocolClient$AsyncStreamObservers.lambda$timeoutCheck$5(GrpcClientProtocolClient.java:374)
	... 10 more
2024-05-12 17:51:16,313 [grpc-default-executor-1] ERROR impl.OrderedAsync (OrderedAsync.java:lambda$sendRequest$9(247)) - client-40D0E1EAF5F3: Failed* RaftClientRequest:client-40D0E1EAF5F3->fa686303-1758-4bad-a86f-993efac5b9f9@group-4952DFE17A20, cid=15, seq=3*, RW, cmdType: WriteChunk
traceID: ""
containerID: 1
datanodeUuid: "fa686303-1758-4bad-a86f-993efac5b9f9"
writeChunk {
  blockID {
    containerID: 1
    localID: 112429380245848065
    blockCommitSequenceId: 0
  }
  chunkData {
    chunkName: "112429380245848065.data.0"
    offset: 0
    len: 0
    checksumData {
      type: CRC32
      bytesPerChecksum: 1048576
    }
  }
}
, data.size=0
java.util.concurrent.CompletionException: java.io.IOException: java.lang.IllegalStateException: Entry already exists for key 3 in map SlidingWindow$Server:1-OrderedRequestStreamObserver1:requests
	at java.base/java.util.concurrent.CompletableFuture.encodeThrowable(CompletableFuture.java:332)
	at java.base/java.util.concurrent.CompletableFuture.completeThrowable(CompletableFuture.java:347)
	at java.base/java.util.concurrent.CompletableFuture$UniApply.tryFire(CompletableFuture.java:636)
	at java.base/java.util.concurrent.CompletableFuture.postComplete(CompletableFuture.java:510)
	at java.base/java.util.concurrent.CompletableFuture.completeExceptionally(CompletableFuture.java:2162)
	at org.apache.ratis.grpc.client.GrpcClientProtocolClient$AsyncStreamObservers.completeReplyExceptionally(GrpcClientProtocolClient.java:394)
	at org.apache.ratis.grpc.client.GrpcClientProtocolClient$AsyncStreamObservers.access$000(GrpcClientProtocolClient.java:300)
	at org.apache.ratis.grpc.client.GrpcClientProtocolClient$AsyncStreamObservers$1.onError(GrpcClientProtocolClient.java:331)
	at org.apache.ratis.thirdparty.io.grpc.stub.ClientCalls$StreamObserverToCallListenerAdapter.onClose(ClientCalls.java:481)
	at org.apache.ratis.thirdparty.io.grpc.PartialForwardingClientCallListener.onClose(PartialForwardingClientCallListener.java:39)
	at org.apache.ratis.thirdparty.io.grpc.ForwardingClientCallListener.onClose(ForwardingClientCallListener.java:23)
	at org.apache.ratis.grpc.metrics.intercept.client.MetricClientCallListener.onClose(MetricClientCallListener.java:47)
	at org.apache.ratis.thirdparty.io.grpc.internal.DelayedClientCall$DelayedListener$3.run(DelayedClientCall.java:489)
	at org.apache.ratis.thirdparty.io.grpc.internal.DelayedClientCall$DelayedListener.delayOrExecute(DelayedClientCall.java:453)
	at org.apache.ratis.thirdparty.io.grpc.internal.DelayedClientCall$DelayedListener.onClose(DelayedClientCall.java:486)
	at org.apache.ratis.thirdparty.io.grpc.internal.ClientCallImpl.closeObserver(ClientCallImpl.java:567)
	at org.apache.ratis.thirdparty.io.grpc.internal.ClientCallImpl.access$300(ClientCallImpl.java:71)
	at org.apache.ratis.thirdparty.io.grpc.internal.ClientCallImpl$ClientStreamListenerImpl$1StreamClosed.runInternal(ClientCallImpl.java:735)
	at org.apache.ratis.thirdparty.io.grpc.internal.ClientCallImpl$ClientStreamListenerImpl$1StreamClosed.runInContext(ClientCallImpl.java:716)
	at org.apache.ratis.thirdparty.io.grpc.internal.ContextRunnable.run(ContextRunnable.java:37)
	at org.apache.ratis.thirdparty.io.grpc.internal.SerializingExecutor.run(SerializingExecutor.java:133)
	at java.base/java.util.concurrent.ThreadPoolExecutor.runWorker(ThreadPoolExecutor.java:1136)
	at java.base/java.util.concurrent.ThreadPoolExecutor$Worker.run(ThreadPoolExecutor.java:635)
	at java.base/java.lang.Thread.run(Thread.java:840)
Caused by: java.io.IOException: java.lang.IllegalStateException: Entry already exists for key 3 in map SlidingWindow$Server:1-OrderedRequestStreamObserver1:requests
	at org.apache.ratis.grpc.GrpcUtil.unwrapException(GrpcUtil.java:99)
	at org.apache.ratis.grpc.GrpcUtil.unwrapIOException(GrpcUtil.java:159)
	at org.apache.ratis.grpc.client.GrpcClientProtocolClient$AsyncStreamObservers$1.onError(GrpcClientProtocolClient.java:330)
	... 16 more
Caused by: java.lang.IllegalStateException: Entry already exists for key 3 in map SlidingWindow$Server:1-OrderedRequestStreamObserver1:requests
	at org.apache.ratis.util.Preconditions.assertTrue(Preconditions.java:76)
	at org.apache.ratis.util.Preconditions.assertNull(Preconditions.java:91)
	at org.apache.ratis.util.CollectionUtils.putNew(CollectionUtils.java:117)
	at org.apache.ratis.util.CollectionUtils.putNew(CollectionUtils.java:107)
	at org.apache.ratis.util.SlidingWindow$RequestMap.putNewRequest(SlidingWindow.java:127)
	at org.apache.ratis.util.SlidingWindow$Server.receivedRequest(SlidingWindow.java:450)
	at org.apache.ratis.grpc.server.GrpcClientProtocolService$OrderedRequestStreamObserver.processClientRequest(GrpcClientProtocolService.java:356)
	at org.apache.ratis.grpc.server.GrpcClientProtocolService$RequestStreamObserver.onNext(GrpcClientProtocolService.java:246)
	at org.apache.ratis.grpc.server.GrpcClientProtocolService$RequestStreamObserver.onNext(GrpcClientProtocolService.java:169)
	at org.apache.ratis.thirdparty.io.grpc.stub.ServerCalls$StreamingServerCallHandler$StreamingServerCallListener.onMessage(ServerCalls.java:262)
	at org.apache.ratis.thirdparty.io.grpc.ForwardingServerCallListener.onMessage(ForwardingServerCallListener.java:33)
	at org.apache.ratis.thirdparty.io.grpc.internal.ServerCallImpl$ServerStreamListenerImpl.messagesAvailableInternal(ServerCallImpl.java:329)
	at org.apache.ratis.thirdparty.io.grpc.internal.ServerCallImpl$ServerStreamListenerImpl.messagesAvailable(ServerCallImpl.java:314)
	at org.apache.ratis.thirdparty.io.grpc.internal.ServerImpl$JumpToApplicationThreadServerStreamListener$1MessagesAvailable.runInContext(ServerImpl.java:833)
	... 5 more
2024-05-12 17:51:23,118 [timer3] ERROR impl.OrderedAsync (OrderedAsync.java:lambda$sendRequest$9(247)) - client-40D0E1EAF5F3: Failed* RaftClientRequest:client-40D0E1EAF5F3->fa686303-1758-4bad-a86f-993efac5b9f9@group-4952DFE17A20, cid=15, seq=3*, RW, cmdType: WriteChunk
traceID: ""
containerID: 1
datanodeUuid: "fa686303-1758-4bad-a86f-993efac5b9f9"
writeChunk {
  blockID {
    containerID: 1
    localID: 112429380245848065
    blockCommitSequenceId: 0
  }
  chunkData {
    chunkName: "112429380245848065.data.0"
    offset: 0
    len: 0
    checksumData {
      type: CRC32
      bytesPerChecksum: 1048576
    }
  }
}
, data.size=0
java.util.concurrent.CompletionException: org.apache.ratis.protocol.exceptions.AlreadyClosedException: client-40D0E1EAF5F3->fa686303-1758-4bad-a86f-993efac5b9f9 is closed.
	at java.base/java.util.concurrent.CompletableFuture.encodeThrowable(CompletableFuture.java:332)
	at java.base/java.util.concurrent.CompletableFuture.uniApplyNow(CompletableFuture.java:674)
	at java.base/java.util.concurrent.CompletableFuture.uniApplyStage(CompletableFuture.java:662)
	at java.base/java.util.concurrent.CompletableFuture.thenApply(CompletableFuture.java:2168)
	at org.apache.ratis.client.impl.OrderedAsync.sendRequest(OrderedAsync.java:239)
	at org.apache.ratis.client.impl.OrderedAsync.sendRequestWithRetry(OrderedAsync.java:203)
	at org.apache.ratis.util.SlidingWindow$Client.sendOrDelayRequest(SlidingWindow.java:312)
	at org.apache.ratis.util.SlidingWindow$Client.retry(SlidingWindow.java:328)
	at org.apache.ratis.client.impl.OrderedAsync.lambda$scheduleWithTimeout$6(OrderedAsync.java:227)
	at org.apache.ratis.util.TimeoutTimer.lambda$onTimeout$2(TimeoutTimer.java:101)
	at org.apache.ratis.util.LogUtils.runAndLog(LogUtils.java:38)
	at org.apache.ratis.util.LogUtils$1.run(LogUtils.java:78)
	at org.apache.ratis.util.TimeoutTimer$Task.run(TimeoutTimer.java:55)
	at java.base/java.util.TimerThread.mainLoop(Timer.java:566)
	at java.base/java.util.TimerThread.run(Timer.java:516)
Caused by: org.apache.ratis.protocol.exceptions.AlreadyClosedException: client-40D0E1EAF5F3->fa686303-1758-4bad-a86f-993efac5b9f9 is closed.
	at org.apache.ratis.grpc.client.GrpcClientProtocolClient$AsyncStreamObservers.onNext(GrpcClientProtocolClient.java:349)
	at org.apache.ratis.grpc.client.GrpcClientRpc.sendRequestAsync(GrpcClientRpc.java:71)
	... 11 more
2024-05-12 17:51:46,177 [fa686303-1758-4bad-a86f-993efac5b9f9-BlockDeletingService#1] INFO  interfaces.ContainerDeletionChoosingPolicyTemplate (ContainerDeletionChoosingPolicyTemplate.java:chooseContainerForBlockDeletion(85)) - Chosen 0/5000 blocks from 0 candidate containers.
2024-05-12 17:51:46,244 [8dd0fa20-24c1-416b-8738-a4d7cf43ad35-BlockDeletingService#1] INFO  interfaces.ContainerDeletionChoosingPolicyTemplate (ContainerDeletionChoosingPolicyTemplate.java:chooseContainerForBlockDeletion(85)) - Chosen 0/5000 blocks from 0 candidate containers.
2024-05-12 17:51:46,393 [89940199-bd88-4638-b386-d8d3bdf20d7b-BlockDeletingService#1] INFO  interfaces.ContainerDeletionChoosingPolicyTemplate (ContainerDeletionChoosingPolicyTemplate.java:chooseContainerForBlockDeletion(85)) - Chosen 0/5000 blocks from 0 candidate containers.
2024-05-12 17:52:26,380 [timer4] ERROR impl.OrderedAsync (OrderedAsync.java:lambda$sendRequest$9(247)) - client-40D0E1EAF5F3: Failed* RaftClientRequest:client-40D0E1EAF5F3->fa686303-1758-4bad-a86f-993efac5b9f9@group-4952DFE17A20, cid=15, seq=3*, RW, cmdType: WriteChunk
traceID: ""
containerID: 1
datanodeUuid: "fa686303-1758-4bad-a86f-993efac5b9f9"
writeChunk {
  blockID {
    containerID: 1
    localID: 112429380245848065
    blockCommitSequenceId: 0
  }
  chunkData {
    chunkName: "112429380245848065.data.0"
    offset: 0
    len: 0
    checksumData {
      type: CRC32
      bytesPerChecksum: 1048576
    }
  }
}
, data.size=0
java.util.concurrent.CompletionException: org.apache.ratis.protocol.exceptions.TimeoutIOException: client-40D0E1EAF5F3->fa686303-1758-4bad-a86f-993efac5b9f9 request #15 timeout 60s
	at java.base/java.util.concurrent.CompletableFuture.encodeThrowable(CompletableFuture.java:332)
	at java.base/java.util.concurrent.CompletableFuture.completeThrowable(CompletableFuture.java:347)
	at java.base/java.util.concurrent.CompletableFuture$UniApply.tryFire(CompletableFuture.java:636)
	at java.base/java.util.concurrent.CompletableFuture.postComplete(CompletableFuture.java:510)
	at java.base/java.util.concurrent.CompletableFuture.completeExceptionally(CompletableFuture.java:2162)
	at org.apache.ratis.grpc.client.GrpcClientProtocolClient$AsyncStreamObservers.lambda$timeoutCheck$5(GrpcClientProtocolClient.java:373)
	at java.base/java.util.Optional.ifPresent(Optional.java:178)
	at org.apache.ratis.grpc.client.GrpcClientProtocolClient$AsyncStreamObservers.handleReplyFuture(GrpcClientProtocolClient.java:378)
	at org.apache.ratis.grpc.client.GrpcClientProtocolClient$AsyncStreamObservers.timeoutCheck(GrpcClientProtocolClient.java:373)
	at org.apache.ratis.grpc.client.GrpcClientProtocolClient$AsyncStreamObservers.lambda$onNext$3(GrpcClientProtocolClient.java:366)
	at org.apache.ratis.util.TimeoutTimer.lambda$onTimeout$2(TimeoutTimer.java:101)
	at org.apache.ratis.util.LogUtils.runAndLog(LogUtils.java:38)
	at org.apache.ratis.util.LogUtils$1.run(LogUtils.java:78)
	at org.apache.ratis.util.TimeoutTimer$Task.run(TimeoutTimer.java:55)
	at java.base/java.util.TimerThread.mainLoop(Timer.java:566)
	at java.base/java.util.TimerThread.run(Timer.java:516)
Caused by: org.apache.ratis.protocol.exceptions.TimeoutIOException: client-40D0E1EAF5F3->fa686303-1758-4bad-a86f-993efac5b9f9 request #15 timeout 60s
	at org.apache.ratis.grpc.client.GrpcClientProtocolClient$AsyncStreamObservers.lambda$timeoutCheck$5(GrpcClientProtocolClient.java:374)
	... 10 more
2024-05-12 17:52:46,178 [fa686303-1758-4bad-a86f-993efac5b9f9-BlockDeletingService#0] INFO  interfaces.ContainerDeletionChoosingPolicyTemplate (ContainerDeletionChoosingPolicyTemplate.java:chooseContainerForBlockDeletion(85)) - Chosen 0/5000 blocks from 0 candidate containers.
2024-05-12 17:52:46,244 [8dd0fa20-24c1-416b-8738-a4d7cf43ad35-BlockDeletingService#0] INFO  interfaces.ContainerDeletionChoosingPolicyTemplate (ContainerDeletionChoosingPolicyTemplate.java:chooseContainerForBlockDeletion(85)) - Chosen 0/5000 blocks from 0 candidate containers.
2024-05-12 17:52:46,393 [89940199-bd88-4638-b386-d8d3bdf20d7b-BlockDeletingService#0] INFO  interfaces.ContainerDeletionChoosingPolicyTemplate (ContainerDeletionChoosingPolicyTemplate.java:chooseContainerForBlockDeletion(85)) - Chosen 0/5000 blocks from 0 candidate containers.
2024-05-12 17:52:48,876 [grpc-default-executor-2] ERROR impl.OrderedAsync (OrderedAsync.java:lambda$sendRequest$9(247)) - client-40D0E1EAF5F3: Failed* RaftClientRequest:client-40D0E1EAF5F3->fa686303-1758-4bad-a86f-993efac5b9f9@group-4952DFE17A20, cid=15, seq=3*, RW, cmdType: WriteChunk
traceID: ""
containerID: 1
datanodeUuid: "fa686303-1758-4bad-a86f-993efac5b9f9"
writeChunk {
  blockID {
    containerID: 1
    localID: 112429380245848065
    blockCommitSequenceId: 0
  }
  chunkData {
    chunkName: "112429380245848065.data.0"
    offset: 0
    len: 0
    checksumData {
      type: CRC32
      bytesPerChecksum: 1048576
    }
  }
}
, data.size=0
java.util.concurrent.CompletionException: java.io.IOException: java.lang.IllegalStateException: Entry already exists for key 3 in map SlidingWindow$Server:2-OrderedRequestStreamObserver2:requests
	at java.base/java.util.concurrent.CompletableFuture.encodeThrowable(CompletableFuture.java:332)
	at java.base/java.util.concurrent.CompletableFuture.completeThrowable(CompletableFuture.java:347)
	at java.base/java.util.concurrent.CompletableFuture$UniApply.tryFire(CompletableFuture.java:636)
	at java.base/java.util.concurrent.CompletableFuture.postComplete(CompletableFuture.java:510)
	at java.base/java.util.concurrent.CompletableFuture.completeExceptionally(CompletableFuture.java:2162)
	at org.apache.ratis.grpc.client.GrpcClientProtocolClient$AsyncStreamObservers.completeReplyExceptionally(GrpcClientProtocolClient.java:394)
	at org.apache.ratis.grpc.client.GrpcClientProtocolClient$AsyncStreamObservers.access$000(GrpcClientProtocolClient.java:300)
	at org.apache.ratis.grpc.client.GrpcClientProtocolClient$AsyncStreamObservers$1.onError(GrpcClientProtocolClient.java:331)
	at org.apache.ratis.thirdparty.io.grpc.stub.ClientCalls$StreamObserverToCallListenerAdapter.onClose(ClientCalls.java:481)
	at org.apache.ratis.thirdparty.io.grpc.PartialForwardingClientCallListener.onClose(PartialForwardingClientCallListener.java:39)
	at org.apache.ratis.thirdparty.io.grpc.ForwardingClientCallListener.onClose(ForwardingClientCallListener.java:23)
	at org.apache.ratis.grpc.metrics.intercept.client.MetricClientCallListener.onClose(MetricClientCallListener.java:47)
	at org.apache.ratis.thirdparty.io.grpc.internal.ClientCallImpl.closeObserver(ClientCallImpl.java:567)
	at org.apache.ratis.thirdparty.io.grpc.internal.ClientCallImpl.access$300(ClientCallImpl.java:71)
	at org.apache.ratis.thirdparty.io.grpc.internal.ClientCallImpl$ClientStreamListenerImpl$1StreamClosed.runInternal(ClientCallImpl.java:735)
	at org.apache.ratis.thirdparty.io.grpc.internal.ClientCallImpl$ClientStreamListenerImpl$1StreamClosed.runInContext(ClientCallImpl.java:716)
	at org.apache.ratis.thirdparty.io.grpc.internal.ContextRunnable.run(ContextRunnable.java:37)
	at org.apache.ratis.thirdparty.io.grpc.internal.SerializingExecutor.run(SerializingExecutor.java:133)
	at java.base/java.util.concurrent.ThreadPoolExecutor.runWorker(ThreadPoolExecutor.java:1136)
	at java.base/java.util.concurrent.ThreadPoolExecutor$Worker.run(ThreadPoolExecutor.java:635)
	at java.base/java.lang.Thread.run(Thread.java:840)
Caused by: java.io.IOException: java.lang.IllegalStateException: Entry already exists for key 3 in map SlidingWindow$Server:2-OrderedRequestStreamObserver2:requests
	at org.apache.ratis.grpc.GrpcUtil.unwrapException(GrpcUtil.java:99)
	at org.apache.ratis.grpc.GrpcUtil.unwrapIOException(GrpcUtil.java:159)
	at org.apache.ratis.grpc.client.GrpcClientProtocolClient$AsyncStreamObservers$1.onError(GrpcClientProtocolClient.java:330)
	... 13 more
Caused by: java.lang.IllegalStateException: Entry already exists for key 3 in map SlidingWindow$Server:2-OrderedRequestStreamObserver2:requests
	at org.apache.ratis.util.Preconditions.assertTrue(Preconditions.java:76)
	at org.apache.ratis.util.Preconditions.assertNull(Preconditions.java:91)
	at org.apache.ratis.util.CollectionUtils.putNew(CollectionUtils.java:117)
	at org.apache.ratis.util.CollectionUtils.putNew(CollectionUtils.java:107)
	at org.apache.ratis.util.SlidingWindow$RequestMap.putNewRequest(SlidingWindow.java:127)
	at org.apache.ratis.util.SlidingWindow$Server.receivedRequest(SlidingWindow.java:450)
	at org.apache.ratis.grpc.server.GrpcClientProtocolService$OrderedRequestStreamObserver.processClientRequest(GrpcClientProtocolService.java:356)
	at org.apache.ratis.grpc.server.GrpcClientProtocolService$RequestStreamObserver.onNext(GrpcClientProtocolService.java:246)
	at org.apache.ratis.grpc.server.GrpcClientProtocolService$RequestStreamObserver.onNext(GrpcClientProtocolService.java:169)
	at org.apache.ratis.thirdparty.io.grpc.stub.ServerCalls$StreamingServerCallHandler$StreamingServerCallListener.onMessage(ServerCalls.java:262)
	at org.apache.ratis.thirdparty.io.grpc.ForwardingServerCallListener.onMessage(ForwardingServerCallListener.java:33)
	at org.apache.ratis.thirdparty.io.grpc.internal.ServerCallImpl$ServerStreamListenerImpl.messagesAvailableInternal(ServerCallImpl.java:329)
	at org.apache.ratis.thirdparty.io.grpc.internal.ServerCallImpl$ServerStreamListenerImpl.messagesAvailable(ServerCallImpl.java:314)
	at org.apache.ratis.thirdparty.io.grpc.internal.ServerImpl$JumpToApplicationThreadServerStreamListener$1MessagesAvailable.runInContext(ServerImpl.java:833)
	... 5 more
2024-05-12 17:52:52,234 [timer3] ERROR impl.OrderedAsync (OrderedAsync.java:lambda$sendRequest$9(247)) - client-40D0E1EAF5F3: Failed* RaftClientRequest:client-40D0E1EAF5F3->fa686303-1758-4bad-a86f-993efac5b9f9@group-4952DFE17A20, cid=15, seq=3*, RW, cmdType: WriteChunk
traceID: ""
containerID: 1
datanodeUuid: "fa686303-1758-4bad-a86f-993efac5b9f9"
writeChunk {
  blockID {
    containerID: 1
    localID: 112429380245848065
    blockCommitSequenceId: 0
  }
  chunkData {
    chunkName: "112429380245848065.data.0"
    offset: 0
    len: 0
    checksumData {
      type: CRC32
      bytesPerChecksum: 1048576
    }
  }
}
, data.size=0
java.util.concurrent.CompletionException: org.apache.ratis.protocol.exceptions.AlreadyClosedException: client-40D0E1EAF5F3->fa686303-1758-4bad-a86f-993efac5b9f9 is closed.
	at java.base/java.util.concurrent.CompletableFuture.encodeThrowable(CompletableFuture.java:332)
	at java.base/java.util.concurrent.CompletableFuture.uniApplyNow(CompletableFuture.java:674)
	at java.base/java.util.concurrent.CompletableFuture.uniApplyStage(CompletableFuture.java:662)
	at java.base/java.util.concurrent.CompletableFuture.thenApply(CompletableFuture.java:2168)
	at org.apache.ratis.client.impl.OrderedAsync.sendRequest(OrderedAsync.java:239)
	at org.apache.ratis.client.impl.OrderedAsync.sendRequestWithRetry(OrderedAsync.java:203)
	at org.apache.ratis.util.SlidingWindow$Client.sendOrDelayRequest(SlidingWindow.java:312)
	at org.apache.ratis.util.SlidingWindow$Client.retry(SlidingWindow.java:328)
	at org.apache.ratis.client.impl.OrderedAsync.lambda$scheduleWithTimeout$6(OrderedAsync.java:227)
	at org.apache.ratis.util.TimeoutTimer.lambda$onTimeout$2(TimeoutTimer.java:101)
	at org.apache.ratis.util.LogUtils.runAndLog(LogUtils.java:38)
	at org.apache.ratis.util.LogUtils$1.run(LogUtils.java:78)
	at org.apache.ratis.util.TimeoutTimer$Task.run(TimeoutTimer.java:55)
	at java.base/java.util.TimerThread.mainLoop(Timer.java:566)
	at java.base/java.util.TimerThread.run(Timer.java:516)
Caused by: org.apache.ratis.protocol.exceptions.AlreadyClosedException: client-40D0E1EAF5F3->fa686303-1758-4bad-a86f-993efac5b9f9 is closed.
	at org.apache.ratis.grpc.client.GrpcClientProtocolClient$AsyncStreamObservers.onNext(GrpcClientProtocolClient.java:349)
	at org.apache.ratis.grpc.client.GrpcClientRpc.sendRequestAsync(GrpcClientRpc.java:71)
	... 11 more
2024-05-12 17:53:46,178 [fa686303-1758-4bad-a86f-993efac5b9f9-BlockDeletingService#2] INFO  interfaces.ContainerDeletionChoosingPolicyTemplate (ContainerDeletionChoosingPolicyTemplate.java:chooseContainerForBlockDeletion(85)) - Chosen 0/5000 blocks from 0 candidate containers.
2024-05-12 17:53:46,244 [8dd0fa20-24c1-416b-8738-a4d7cf43ad35-BlockDeletingService#2] INFO  interfaces.ContainerDeletionChoosingPolicyTemplate (ContainerDeletionChoosingPolicyTemplate.java:chooseContainerForBlockDeletion(85)) - Chosen 0/5000 blocks from 0 candidate containers.
2024-05-12 17:53:46,393 [89940199-bd88-4638-b386-d8d3bdf20d7b-BlockDeletingService#2] INFO  interfaces.ContainerDeletionChoosingPolicyTemplate (ContainerDeletionChoosingPolicyTemplate.java:chooseContainerForBlockDeletion(85)) - Chosen 0/5000 blocks from 0 candidate containers.
2024-05-12 17:53:59,702 [timer3] ERROR impl.OrderedAsync (OrderedAsync.java:lambda$sendRequest$9(247)) - client-40D0E1EAF5F3: Failed* RaftClientRequest:client-40D0E1EAF5F3->fa686303-1758-4bad-a86f-993efac5b9f9@group-4952DFE17A20, cid=15, seq=3*, RW, cmdType: WriteChunk
traceID: ""
containerID: 1
datanodeUuid: "fa686303-1758-4bad-a86f-993efac5b9f9"
writeChunk {
  blockID {
    containerID: 1
    localID: 112429380245848065
    blockCommitSequenceId: 0
  }
  chunkData {
    chunkName: "112429380245848065.data.0"
    offset: 0
    len: 0
    checksumData {
      type: CRC32
      bytesPerChecksum: 1048576
    }
  }
}
, data.size=0
java.util.concurrent.CompletionException: org.apache.ratis.protocol.exceptions.TimeoutIOException: client-40D0E1EAF5F3->fa686303-1758-4bad-a86f-993efac5b9f9 request #15 timeout 60s
	at java.base/java.util.concurrent.CompletableFuture.encodeThrowable(CompletableFuture.java:332)
	at java.base/java.util.concurrent.CompletableFuture.completeThrowable(CompletableFuture.java:347)
	at java.base/java.util.concurrent.CompletableFuture$UniApply.tryFire(CompletableFuture.java:636)
	at java.base/java.util.concurrent.CompletableFuture.postComplete(CompletableFuture.java:510)
	at java.base/java.util.concurrent.CompletableFuture.completeExceptionally(CompletableFuture.java:2162)
	at org.apache.ratis.grpc.client.GrpcClientProtocolClient$AsyncStreamObservers.lambda$timeoutCheck$5(GrpcClientProtocolClient.java:373)
	at java.base/java.util.Optional.ifPresent(Optional.java:178)
	at org.apache.ratis.grpc.client.GrpcClientProtocolClient$AsyncStreamObservers.handleReplyFuture(GrpcClientProtocolClient.java:378)
	at org.apache.ratis.grpc.client.GrpcClientProtocolClient$AsyncStreamObservers.timeoutCheck(GrpcClientProtocolClient.java:373)
	at org.apache.ratis.grpc.client.GrpcClientProtocolClient$AsyncStreamObservers.lambda$onNext$3(GrpcClientProtocolClient.java:366)
	at org.apache.ratis.util.TimeoutTimer.lambda$onTimeout$2(TimeoutTimer.java:101)
	at org.apache.ratis.util.LogUtils.runAndLog(LogUtils.java:38)
	at org.apache.ratis.util.LogUtils$1.run(LogUtils.java:78)
	at org.apache.ratis.util.TimeoutTimer$Task.run(TimeoutTimer.java:55)
	at java.base/java.util.TimerThread.mainLoop(Timer.java:566)
	at java.base/java.util.TimerThread.run(Timer.java:516)
Caused by: org.apache.ratis.protocol.exceptions.TimeoutIOException: client-40D0E1EAF5F3->fa686303-1758-4bad-a86f-993efac5b9f9 request #15 timeout 60s
	at org.apache.ratis.grpc.client.GrpcClientProtocolClient$AsyncStreamObservers.lambda$timeoutCheck$5(GrpcClientProtocolClient.java:374)
	... 10 more
2024-05-12 17:54:29,666 [grpc-default-executor-1] ERROR impl.OrderedAsync (OrderedAsync.java:lambda$sendRequest$9(247)) - client-40D0E1EAF5F3: Failed* RaftClientRequest:client-40D0E1EAF5F3->fa686303-1758-4bad-a86f-993efac5b9f9@group-4952DFE17A20, cid=15, seq=3*, RW, cmdType: WriteChunk
traceID: ""
containerID: 1
datanodeUuid: "fa686303-1758-4bad-a86f-993efac5b9f9"
writeChunk {
  blockID {
    containerID: 1
    localID: 112429380245848065
    blockCommitSequenceId: 0
  }
  chunkData {
    chunkName: "112429380245848065.data.0"
    offset: 0
    len: 0
    checksumData {
      type: CRC32
      bytesPerChecksum: 1048576
    }
  }
}
, data.size=0
java.util.concurrent.CompletionException: java.io.IOException: java.lang.IllegalStateException: Entry already exists for key 3 in map SlidingWindow$Server:3-OrderedRequestStreamObserver3:requests
	at java.base/java.util.concurrent.CompletableFuture.encodeThrowable(CompletableFuture.java:332)
	at java.base/java.util.concurrent.CompletableFuture.completeThrowable(CompletableFuture.java:347)
	at java.base/java.util.concurrent.CompletableFuture$UniApply.tryFire(CompletableFuture.java:636)
	at java.base/java.util.concurrent.CompletableFuture.postComplete(CompletableFuture.java:510)
	at java.base/java.util.concurrent.CompletableFuture.completeExceptionally(CompletableFuture.java:2162)
	at org.apache.ratis.grpc.client.GrpcClientProtocolClient$AsyncStreamObservers.completeReplyExceptionally(GrpcClientProtocolClient.java:394)
	at org.apache.ratis.grpc.client.GrpcClientProtocolClient$AsyncStreamObservers.access$000(GrpcClientProtocolClient.java:300)
	at org.apache.ratis.grpc.client.GrpcClientProtocolClient$AsyncStreamObservers$1.onError(GrpcClientProtocolClient.java:331)
	at org.apache.ratis.thirdparty.io.grpc.stub.ClientCalls$StreamObserverToCallListenerAdapter.onClose(ClientCalls.java:481)
	at org.apache.ratis.thirdparty.io.grpc.PartialForwardingClientCallListener.onClose(PartialForwardingClientCallListener.java:39)
	at org.apache.ratis.thirdparty.io.grpc.ForwardingClientCallListener.onClose(ForwardingClientCallListener.java:23)
	at org.apache.ratis.grpc.metrics.intercept.client.MetricClientCallListener.onClose(MetricClientCallListener.java:47)
	at org.apache.ratis.thirdparty.io.grpc.internal.ClientCallImpl.closeObserver(ClientCallImpl.java:567)
	at org.apache.ratis.thirdparty.io.grpc.internal.ClientCallImpl.access$300(ClientCallImpl.java:71)
	at org.apache.ratis.thirdparty.io.grpc.internal.ClientCallImpl$ClientStreamListenerImpl$1StreamClosed.runInternal(ClientCallImpl.java:735)
	at org.apache.ratis.thirdparty.io.grpc.internal.ClientCallImpl$ClientStreamListenerImpl$1StreamClosed.runInContext(ClientCallImpl.java:716)
	at org.apache.ratis.thirdparty.io.grpc.internal.ContextRunnable.run(ContextRunnable.java:37)
	at org.apache.ratis.thirdparty.io.grpc.internal.SerializingExecutor.run(SerializingExecutor.java:133)
	at java.base/java.util.concurrent.ThreadPoolExecutor.runWorker(ThreadPoolExecutor.java:1136)
	at java.base/java.util.concurrent.ThreadPoolExecutor$Worker.run(ThreadPoolExecutor.java:635)
	at java.base/java.lang.Thread.run(Thread.java:840)
Caused by: java.io.IOException: java.lang.IllegalStateException: Entry already exists for key 3 in map SlidingWindow$Server:3-OrderedRequestStreamObserver3:requests
	at org.apache.ratis.grpc.GrpcUtil.unwrapException(GrpcUtil.java:99)
	at org.apache.ratis.grpc.GrpcUtil.unwrapIOException(GrpcUtil.java:159)
	at org.apache.ratis.grpc.client.GrpcClientProtocolClient$AsyncStreamObservers$1.onError(GrpcClientProtocolClient.java:330)
	... 13 more
Caused by: java.lang.IllegalStateException: Entry already exists for key 3 in map SlidingWindow$Server:3-OrderedRequestStreamObserver3:requests
	at org.apache.ratis.util.Preconditions.assertTrue(Preconditions.java:76)
	at org.apache.ratis.util.Preconditions.assertNull(Preconditions.java:91)
	at org.apache.ratis.util.CollectionUtils.putNew(CollectionUtils.java:117)
	at org.apache.ratis.util.CollectionUtils.putNew(CollectionUtils.java:107)
	at org.apache.ratis.util.SlidingWindow$RequestMap.putNewRequest(SlidingWindow.java:127)
	at org.apache.ratis.util.SlidingWindow$Server.receivedRequest(SlidingWindow.java:450)
	at org.apache.ratis.grpc.server.GrpcClientProtocolService$OrderedRequestStreamObserver.processClientRequest(GrpcClientProtocolService.java:356)
	at org.apache.ratis.grpc.server.GrpcClientProtocolService$RequestStreamObserver.onNext(GrpcClientProtocolService.java:246)
	at org.apache.ratis.grpc.server.GrpcClientProtocolService$RequestStreamObserver.onNext(GrpcClientProtocolService.java:169)
	at org.apache.ratis.thirdparty.io.grpc.stub.ServerCalls$StreamingServerCallHandler$StreamingServerCallListener.onMessage(ServerCalls.java:262)
	at org.apache.ratis.thirdparty.io.grpc.ForwardingServerCallListener.onMessage(ForwardingServerCallListener.java:33)
	at org.apache.ratis.thirdparty.io.grpc.internal.ServerCallImpl$ServerStreamListenerImpl.messagesAvailableInternal(ServerCallImpl.java:329)
	at org.apache.ratis.thirdparty.io.grpc.internal.ServerCallImpl$ServerStreamListenerImpl.messagesAvailable(ServerCallImpl.java:314)
	at org.apache.ratis.thirdparty.io.grpc.internal.ServerImpl$JumpToApplicationThreadServerStreamListener$1MessagesAvailable.runInContext(ServerImpl.java:833)
	... 5 more
2024-05-12 17:54:37,006 [timer2] ERROR impl.OrderedAsync (OrderedAsync.java:lambda$sendRequest$9(247)) - client-40D0E1EAF5F3: Failed* RaftClientRequest:client-40D0E1EAF5F3->fa686303-1758-4bad-a86f-993efac5b9f9@group-4952DFE17A20, cid=15, seq=3*, RW, cmdType: WriteChunk
traceID: ""
containerID: 1
datanodeUuid: "fa686303-1758-4bad-a86f-993efac5b9f9"
writeChunk {
  blockID {
    containerID: 1
    localID: 112429380245848065
    blockCommitSequenceId: 0
  }
  chunkData {
    chunkName: "112429380245848065.data.0"
    offset: 0
    len: 0
    checksumData {
      type: CRC32
      bytesPerChecksum: 1048576
    }
  }
}
, data.size=0
java.util.concurrent.CompletionException: org.apache.ratis.protocol.exceptions.AlreadyClosedException: client-40D0E1EAF5F3->fa686303-1758-4bad-a86f-993efac5b9f9 is closed.
	at java.base/java.util.concurrent.CompletableFuture.encodeThrowable(CompletableFuture.java:332)
	at java.base/java.util.concurrent.CompletableFuture.uniApplyNow(CompletableFuture.java:674)
	at java.base/java.util.concurrent.CompletableFuture.uniApplyStage(CompletableFuture.java:662)
	at java.base/java.util.concurrent.CompletableFuture.thenApply(CompletableFuture.java:2168)
	at org.apache.ratis.client.impl.OrderedAsync.sendRequest(OrderedAsync.java:239)
	at org.apache.ratis.client.impl.OrderedAsync.sendRequestWithRetry(OrderedAsync.java:203)
	at org.apache.ratis.util.SlidingWindow$Client.sendOrDelayRequest(SlidingWindow.java:312)
	at org.apache.ratis.util.SlidingWindow$Client.retry(SlidingWindow.java:328)
	at org.apache.ratis.client.impl.OrderedAsync.lambda$scheduleWithTimeout$6(OrderedAsync.java:227)
	at org.apache.ratis.util.TimeoutTimer.lambda$onTimeout$2(TimeoutTimer.java:101)
	at org.apache.ratis.util.LogUtils.runAndLog(LogUtils.java:38)
	at org.apache.ratis.util.LogUtils$1.run(LogUtils.java:78)
	at org.apache.ratis.util.TimeoutTimer$Task.run(TimeoutTimer.java:55)
	at java.base/java.util.TimerThread.mainLoop(Timer.java:566)
	at java.base/java.util.TimerThread.run(Timer.java:516)
Caused by: org.apache.ratis.protocol.exceptions.AlreadyClosedException: client-40D0E1EAF5F3->fa686303-1758-4bad-a86f-993efac5b9f9 is closed.
	at org.apache.ratis.grpc.client.GrpcClientProtocolClient$AsyncStreamObservers.onNext(GrpcClientProtocolClient.java:349)
	at org.apache.ratis.grpc.client.GrpcClientRpc.sendRequestAsync(GrpcClientRpc.java:71)
	... 11 more
2024-05-12 17:54:40,218 [ReplicationMonitor] INFO  replication.ReplicationManager (ReplicationManager.java:processAll(402)) - Replication Monitor Thread took 2 milliseconds for processing 1 containers.
2024-05-12 17:54:46,178 [fa686303-1758-4bad-a86f-993efac5b9f9-BlockDeletingService#1] INFO  interfaces.ContainerDeletionChoosingPolicyTemplate (ContainerDeletionChoosingPolicyTemplate.java:chooseContainerForBlockDeletion(85)) - Chosen 0/5000 blocks from 0 candidate containers.
2024-05-12 17:54:46,245 [8dd0fa20-24c1-416b-8738-a4d7cf43ad35-BlockDeletingService#1] INFO  interfaces.ContainerDeletionChoosingPolicyTemplate (ContainerDeletionChoosingPolicyTemplate.java:chooseContainerForBlockDeletion(85)) - Chosen 0/5000 blocks from 0 candidate containers.
2024-05-12 17:54:46,393 [89940199-bd88-4638-b386-d8d3bdf20d7b-BlockDeletingService#1] INFO  interfaces.ContainerDeletionChoosingPolicyTemplate (ContainerDeletionChoosingPolicyTemplate.java:chooseContainerForBlockDeletion(85)) - Chosen 0/5000 blocks from 0 candidate containers.
]]></system-out>
  </testcase>
</testsuite>