<?xml version="1.0" encoding="UTF-8"?>
<testsuite xmlns:xsi="http://www.w3.org/2001/XMLSchema-instance" xsi:noNamespaceSchemaLocation="https://maven.apache.org/surefire/maven-surefire-plugin/xsd/surefire-test-report.xsd" name="org.apache.hadoop.ozone.TestMiniOzoneCluster" time="220.514" tests="5" errors="1" skipped="0" failures="0">
  <properties>
    <property name="awt.toolkit" value="sun.awt.X11.XToolkit"/>
    <property name="file.encoding.pkg" value="sun.io"/>
    <property name="java.specification.version" value="1.8"/>
    <property name="sun.cpu.isalist" value=""/>
    <property name="sun.jnu.encoding" value="UTF-8"/>
    <property name="java.class.path" value="/home/runner/work/ozone/ozone/hadoop-ozone/integration-test/target/test-classes:/home/runner/work/ozone/ozone/hadoop-ozone/integration-test/target/classes:/home/runner/.m2/repository/org/apache/ozone/ozone-common/1.3.0-SNAPSHOT/ozone-common-1.3.0-SNAPSHOT.jar:/home/runner/.m2/repository/org/apache/commons/commons-compress/1.21/commons-compress-1.21.jar:/home/runner/.m2/repository/org/apache/ozone/hdds-common/1.3.0-SNAPSHOT/hdds-common-1.3.0-SNAPSHOT.jar:/home/runner/.m2/repository/org/apache/ozone/hdds-client/1.3.0-SNAPSHOT/hdds-client-1.3.0-SNAPSHOT.jar:/home/runner/.m2/repository/org/apache/ozone/ozone-interface-client/1.3.0-SNAPSHOT/ozone-interface-client-1.3.0-SNAPSHOT.jar:/home/runner/.m2/repository/org/apache/ozone/hdds-test-utils/1.3.0-SNAPSHOT/hdds-test-utils-1.3.0-SNAPSHOT.jar:/home/runner/.m2/repository/com/google/guava/guava/30.1.1-jre/guava-30.1.1-jre.jar:/home/runner/.m2/repository/com/google/guava/failureaccess/1.0.1/failureaccess-1.0.1.jar:/home/runner/.m2/repository/com/google/guava/listenablefuture/9999.0-empty-to-avoid-conflict-with-guava/listenablefuture-9999.0-empty-to-avoid-conflict-with-guava.jar:/home/runner/.m2/repository/com/google/code/findbugs/jsr305/3.0.0/jsr305-3.0.0.jar:/home/runner/.m2/repository/org/checkerframework/checker-qual/3.8.0/checker-qual-3.8.0.jar:/home/runner/.m2/repository/com/google/errorprone/error_prone_annotations/2.2.0/error_prone_annotations-2.2.0.jar:/home/runner/.m2/repository/com/google/j2objc/j2objc-annotations/1.3/j2objc-annotations-1.3.jar:/home/runner/.m2/repository/commons-io/commons-io/2.11.0/commons-io-2.11.0.jar:/home/runner/.m2/repository/commons-logging/commons-logging/1.2/commons-logging-1.2.jar:/home/runner/.m2/repository/log4j/log4j/1.2.17/log4j-1.2.17.jar:/home/runner/.m2/repository/org/slf4j/slf4j-api/1.7.30/slf4j-api-1.7.30.jar:/home/runner/.m2/repository/org/apache/ozone/hdds-server-scm/1.3.0-SNAPSHOT/hdds-server-scm-1.3.0-SNAPSHOT.jar:/home/runner/.m2/repository/org/apache/ozone/hdds-container-service/1.3.0-SNAPSHOT/hdds-container-service-1.3.0-SNAPSHOT.jar:/home/runner/.m2/repository/org/apache/ozone/hdds-hadoop-dependency-server/1.3.0-SNAPSHOT/hdds-hadoop-dependency-server-1.3.0-SNAPSHOT.jar:/home/runner/.m2/repository/org/apache/hadoop/hadoop-hdfs/3.3.1/hadoop-hdfs-3.3.1.jar:/home/runner/.m2/repository/org/apache/ozone/hdds-server-framework/1.3.0-SNAPSHOT/hdds-server-framework-1.3.0-SNAPSHOT.jar:/home/runner/.m2/repository/org/apache/ozone/hdds-interface-server/1.3.0-SNAPSHOT/hdds-interface-server-1.3.0-SNAPSHOT.jar:/home/runner/.m2/repository/org/eclipse/jetty/jetty-servlet/9.4.43.v20210629/jetty-servlet-9.4.43.v20210629.jar:/home/runner/.m2/repository/org/eclipse/jetty/jetty-security/9.4.43.v20210629/jetty-security-9.4.43.v20210629.jar:/home/runner/.m2/repository/org/rocksdb/rocksdbjni/6.25.3/rocksdbjni-6.25.3.jar:/home/runner/.m2/repository/io/prometheus/simpleclient_dropwizard/0.7.0/simpleclient_dropwizard-0.7.0.jar:/home/runner/.m2/repository/io/prometheus/simpleclient/0.7.0/simpleclient-0.7.0.jar:/home/runner/.m2/repository/io/prometheus/simpleclient_common/0.7.0/simpleclient_common-0.7.0.jar:/home/runner/.m2/repository/com/fasterxml/jackson/datatype/jackson-datatype-jsr310/2.12.1/jackson-datatype-jsr310-2.12.1.jar:/home/runner/.m2/repository/io/dropwizard/metrics/metrics-core/3.2.4/metrics-core-3.2.4.jar:/home/runner/.m2/repository/org/apache/hadoop/hadoop-hdfs-client/3.3.1/hadoop-hdfs-client-3.3.1.jar:/home/runner/.m2/repository/org/bouncycastle/bcprov-jdk15on/1.67/bcprov-jdk15on-1.67.jar:/home/runner/.m2/repository/com/google/protobuf/protobuf-java/2.5.0/protobuf-java-2.5.0.jar:/home/runner/.m2/repository/org/apache/ozone/ozone-manager/1.3.0-SNAPSHOT/ozone-manager-1.3.0-SNAPSHOT.jar:/home/runner/.m2/repository/org/aspectj/aspectjrt/1.9.7/aspectjrt-1.9.7.jar:/home/runner/.m2/repository/org/aspectj/aspectjweaver/1.9.7/aspectjweaver-1.9.7.jar:/home/runner/.m2/repository/org/apache/ozone/hdds-interface-client/1.3.0-SNAPSHOT/hdds-interface-client-1.3.0-SNAPSHOT.jar:/home/runner/.m2/repository/org/apache/hadoop/thirdparty/hadoop-shaded-protobuf_3_7/1.1.1/hadoop-shaded-protobuf_3_7-1.1.1.jar:/home/runner/.m2/repository/org/apache/ozone/ozone-interface-storage/1.3.0-SNAPSHOT/ozone-interface-storage-1.3.0-SNAPSHOT.jar:/home/runner/.m2/repository/org/reflections/reflections/0.9.11/reflections-0.9.11.jar:/home/runner/.m2/repository/org/apache/hadoop/hadoop-minikdc/3.3.1/hadoop-minikdc-3.3.1.jar:/home/runner/.m2/repository/org/apache/kerby/kerb-simplekdc/1.0.1/kerb-simplekdc-1.0.1.jar:/home/runner/.m2/repository/org/apache/kerby/kerb-client/1.0.1/kerb-client-1.0.1.jar:/home/runner/.m2/repository/org/apache/kerby/kerby-config/1.0.1/kerby-config-1.0.1.jar:/home/runner/.m2/repository/org/apache/kerby/kerb-common/1.0.1/kerb-common-1.0.1.jar:/home/runner/.m2/repository/org/apache/kerby/kerb-crypto/1.0.1/kerb-crypto-1.0.1.jar:/home/runner/.m2/repository/org/apache/kerby/kerb-util/1.0.1/kerb-util-1.0.1.jar:/home/runner/.m2/repository/org/apache/kerby/token-provider/1.0.1/token-provider-1.0.1.jar:/home/runner/.m2/repository/org/apache/kerby/kerb-admin/1.0.1/kerb-admin-1.0.1.jar:/home/runner/.m2/repository/org/apache/kerby/kerb-server/1.0.1/kerb-server-1.0.1.jar:/home/runner/.m2/repository/org/apache/kerby/kerb-identity/1.0.1/kerb-identity-1.0.1.jar:/home/runner/.m2/repository/org/apache/kerby/kerby-xdr/1.0.1/kerby-xdr-1.0.1.jar:/home/runner/.m2/repository/org/slf4j/slf4j-log4j12/1.7.30/slf4j-log4j12-1.7.30.jar:/home/runner/.m2/repository/org/apache/ozone/ozone-s3gateway/1.3.0-SNAPSHOT/ozone-s3gateway-1.3.0-SNAPSHOT.jar:/home/runner/.m2/repository/org/javassist/javassist/3.21.0-GA/javassist-3.21.0-GA.jar:/home/runner/.m2/repository/org/jboss/weld/servlet/weld-servlet/2.4.7.Final/weld-servlet-2.4.7.Final.jar:/home/runner/.m2/repository/org/glassfish/jersey/containers/jersey-container-servlet-core/2.33/jersey-container-servlet-core-2.33.jar:/home/runner/.m2/repository/org/glassfish/hk2/external/jakarta.inject/2.6.1/jakarta.inject-2.6.1.jar:/home/runner/.m2/repository/org/glassfish/jersey/core/jersey-common/2.33/jersey-common-2.33.jar:/home/runner/.m2/repository/jakarta/ws/rs/jakarta.ws.rs-api/2.1.6/jakarta.ws.rs-api-2.1.6.jar:/home/runner/.m2/repository/org/glassfish/jersey/ext/cdi/jersey-cdi1x/2.33/jersey-cdi1x-2.33.jar:/home/runner/.m2/repository/org/glassfish/jersey/inject/jersey-hk2/2.33/jersey-hk2-2.33.jar:/home/runner/.m2/repository/org/glassfish/hk2/hk2-locator/2.6.1/hk2-locator-2.6.1.jar:/home/runner/.m2/repository/org/glassfish/jersey/media/jersey-media-jaxb/2.33/jersey-media-jaxb-2.33.jar:/home/runner/.m2/repository/org/glassfish/hk2/osgi-resource-locator/1.0.3/osgi-resource-locator-1.0.3.jar:/home/runner/.m2/repository/org/glassfish/hk2/hk2-api/2.5.0/hk2-api-2.5.0.jar:/home/runner/.m2/repository/org/glassfish/hk2/hk2-utils/2.5.0/hk2-utils-2.5.0.jar:/home/runner/.m2/repository/org/glassfish/hk2/external/aopalliance-repackaged/2.5.0/aopalliance-repackaged-2.5.0.jar:/home/runner/.m2/repository/com/fasterxml/jackson/dataformat/jackson-dataformat-xml/2.12.1/jackson-dataformat-xml-2.12.1.jar:/home/runner/.m2/repository/com/fasterxml/jackson/core/jackson-core/2.12.1/jackson-core-2.12.1.jar:/home/runner/.m2/repository/com/fasterxml/jackson/module/jackson-module-jaxb-annotations/2.12.1/jackson-module-jaxb-annotations-2.12.1.jar:/home/runner/.m2/repository/jakarta/xml/bind/jakarta.xml.bind-api/2.3.2/jakarta.xml.bind-api-2.3.2.jar:/home/runner/.m2/repository/org/codehaus/woodstox/stax2-api/3.1.4/stax2-api-3.1.4.jar:/home/runner/.m2/repository/com/fasterxml/woodstox/woodstox-core/5.0.3/woodstox-core-5.0.3.jar:/home/runner/.m2/repository/javax/enterprise/cdi-api/1.2/cdi-api-1.2.jar:/home/runner/.m2/repository/javax/el/javax.el-api/3.0.0/javax.el-api-3.0.0.jar:/home/runner/.m2/repository/javax/interceptor/javax.interceptor-api/1.2/javax.interceptor-api-1.2.jar:/home/runner/.m2/repository/javax/inject/javax.inject/1/javax.inject-1.jar:/home/runner/.m2/repository/javax/xml/bind/jaxb-api/2.3.0/jaxb-api-2.3.0.jar:/home/runner/.m2/repository/org/glassfish/jaxb/jaxb-runtime/2.3.0.1/jaxb-runtime-2.3.0.1.jar:/home/runner/.m2/repository/org/glassfish/jaxb/jaxb-core/2.3.0.1/jaxb-core-2.3.0.1.jar:/home/runner/.m2/repository/org/glassfish/jaxb/txw2/2.3.0.1/txw2-2.3.0.1.jar:/home/runner/.m2/repository/com/sun/istack/istack-commons-runtime/3.0.5/istack-commons-runtime-3.0.5.jar:/home/runner/.m2/repository/org/jvnet/staxex/stax-ex/1.7.8/stax-ex-1.7.8.jar:/home/runner/.m2/repository/com/sun/xml/fastinfoset/FastInfoset/1.2.13/FastInfoset-1.2.13.jar:/home/runner/.m2/repository/javax/activation/activation/1.1.1/activation-1.1.1.jar:/home/runner/.m2/repository/org/apache/ozone/ozone-csi/1.3.0-SNAPSHOT/ozone-csi-1.3.0-SNAPSHOT.jar:/home/runner/.m2/repository/com/google/protobuf/protobuf-java-util/3.12.0/protobuf-java-util-3.12.0.jar:/home/runner/.m2/repository/com/google/code/gson/gson/2.2.4/gson-2.2.4.jar:/home/runner/.m2/repository/org/apache/ozone/hdds-config/1.3.0-SNAPSHOT/hdds-config-1.3.0-SNAPSHOT.jar:/home/runner/.m2/repository/io/grpc/grpc-netty/1.33.0/grpc-netty-1.33.0.jar:/home/runner/.m2/repository/io/grpc/grpc-core/1.33.0/grpc-core-1.33.0.jar:/home/runner/.m2/repository/com/google/android/annotations/4.1.1.4/annotations-4.1.1.4.jar:/home/runner/.m2/repository/io/netty/netty-codec-http2/4.1.63.Final/netty-codec-http2-4.1.63.Final.jar:/home/runner/.m2/repository/io/netty/netty-codec-http/4.1.63.Final/netty-codec-http-4.1.63.Final.jar:/home/runner/.m2/repository/io/netty/netty-handler-proxy/4.1.63.Final/netty-handler-proxy-4.1.63.Final.jar:/home/runner/.m2/repository/io/netty/netty-codec-socks/4.1.63.Final/netty-codec-socks-4.1.63.Final.jar:/home/runner/.m2/repository/io/perfmark/perfmark-api/0.19.0/perfmark-api-0.19.0.jar:/home/runner/.m2/repository/org/codehaus/mojo/animal-sniffer-annotations/1.18/animal-sniffer-annotations-1.18.jar:/home/runner/.m2/repository/io/netty/netty-transport-native-epoll/4.1.63.Final/netty-transport-native-epoll-4.1.63.Final.jar:/home/runner/.m2/repository/io/netty/netty-common/4.1.63.Final/netty-common-4.1.63.Final.jar:/home/runner/.m2/repository/io/netty/netty-buffer/4.1.63.Final/netty-buffer-4.1.63.Final.jar:/home/runner/.m2/repository/io/netty/netty-transport-native-unix-common/4.1.63.Final/netty-transport-native-unix-common-4.1.63.Final.jar:/home/runner/.m2/repository/io/grpc/grpc-protobuf/1.33.0/grpc-protobuf-1.33.0.jar:/home/runner/.m2/repository/io/grpc/grpc-api/1.33.0/grpc-api-1.33.0.jar:/home/runner/.m2/repository/io/grpc/grpc-context/1.33.0/grpc-context-1.33.0.jar:/home/runner/.m2/repository/com/google/api/grpc/proto-google-common-protos/1.17.0/proto-google-common-protos-1.17.0.jar:/home/runner/.m2/repository/io/grpc/grpc-protobuf-lite/1.33.0/grpc-protobuf-lite-1.33.0.jar:/home/runner/.m2/repository/io/grpc/grpc-stub/1.33.0/grpc-stub-1.33.0.jar:/home/runner/.m2/repository/org/apache/ozone/ozone-recon/1.3.0-SNAPSHOT/ozone-recon-1.3.0-SNAPSHOT.jar:/home/runner/.m2/repository/org/apache/ozone/ozone-reconcodegen/1.3.0-SNAPSHOT/ozone-reconcodegen-1.3.0-SNAPSHOT.jar:/home/runner/.m2/repository/com/google/inject/extensions/guice-multibindings/4.0/guice-multibindings-4.0.jar:/home/runner/.m2/repository/com/google/inject/guice/4.0/guice-4.0.jar:/home/runner/.m2/repository/aopalliance/aopalliance/1.0/aopalliance-1.0.jar:/home/runner/.m2/repository/com/google/inject/extensions/guice-assistedinject/4.0/guice-assistedinject-4.0.jar:/home/runner/.m2/repository/com/google/inject/extensions/guice-servlet/4.0/guice-servlet-4.0.jar:/home/runner/.m2/repository/org/glassfish/jersey/containers/jersey-container-servlet/2.33/jersey-container-servlet-2.33.jar:/home/runner/.m2/repository/org/glassfish/hk2/guice-bridge/2.5.0/guice-bridge-2.5.0.jar:/home/runner/.m2/repository/org/glassfish/jersey/core/jersey-server/2.33/jersey-server-2.33.jar:/home/runner/.m2/repository/org/glassfish/jersey/core/jersey-client/2.33/jersey-client-2.33.jar:/home/runner/.m2/repository/jakarta/annotation/jakarta.annotation-api/1.3.5/jakarta.annotation-api-1.3.5.jar:/home/runner/.m2/repository/jakarta/validation/jakarta.validation-api/2.0.2/jakarta.validation-api-2.0.2.jar:/home/runner/.m2/repository/org/glassfish/jersey/media/jersey-media-json-jackson/2.33/jersey-media-json-jackson-2.33.jar:/home/runner/.m2/repository/org/glassfish/jersey/ext/jersey-entity-filtering/2.33/jersey-entity-filtering-2.33.jar:/home/runner/.m2/repository/org/jooq/jooq/3.11.10/jooq-3.11.10.jar:/home/runner/.m2/repository/org/jooq/jooq-meta/3.11.10/jooq-meta-3.11.10.jar:/home/runner/.m2/repository/org/jooq/jooq-codegen/3.11.10/jooq-codegen-3.11.10.jar:/home/runner/.m2/repository/com/jolbox/bonecp/0.8.0.RELEASE/bonecp-0.8.0.RELEASE.jar:/home/runner/.m2/repository/org/apache/derby/derby/10.14.2.0/derby-10.14.2.0.jar:/home/runner/.m2/repository/org/xerial/sqlite-jdbc/3.25.2/sqlite-jdbc-3.25.2.jar:/home/runner/.m2/repository/org/springframework/spring-jdbc/5.2.18.RELEASE/spring-jdbc-5.2.18.RELEASE.jar:/home/runner/.m2/repository/org/springframework/spring-beans/5.2.18.RELEASE/spring-beans-5.2.18.RELEASE.jar:/home/runner/.m2/repository/org/springframework/spring-core/5.2.18.RELEASE/spring-core-5.2.18.RELEASE.jar:/home/runner/.m2/repository/org/springframework/spring-jcl/5.2.18.RELEASE/spring-jcl-5.2.18.RELEASE.jar:/home/runner/.m2/repository/org/springframework/spring-tx/5.2.18.RELEASE/spring-tx-5.2.18.RELEASE.jar:/home/runner/.m2/repository/org/apache/ozone/ozone-client/1.3.0-SNAPSHOT/ozone-client-1.3.0-SNAPSHOT.jar:/home/runner/.m2/repository/org/apache/ozone/ozone-filesystem/1.3.0-SNAPSHOT/ozone-filesystem-1.3.0-SNAPSHOT.jar:/home/runner/.m2/repository/org/apache/ozone/ozone-filesystem-common/1.3.0-SNAPSHOT/ozone-filesystem-common-1.3.0-SNAPSHOT.jar:/home/runner/.m2/repository/org/apache/ozone/ozone-tools/1.3.0-SNAPSHOT/ozone-tools-1.3.0-SNAPSHOT.jar:/home/runner/.m2/repository/org/apache/ratis/ratis-tools/2.2.0/ratis-tools-2.2.0.jar:/home/runner/.m2/repository/com/amazonaws/aws-java-sdk-core/1.12.124/aws-java-sdk-core-1.12.124.jar:/home/runner/.m2/repository/org/apache/httpcomponents/httpclient/4.5.13/httpclient-4.5.13.jar:/home/runner/.m2/repository/org/apache/httpcomponents/httpcore/4.4.13/httpcore-4.4.13.jar:/home/runner/.m2/repository/software/amazon/ion/ion-java/1.0.2/ion-java-1.0.2.jar:/home/runner/.m2/repository/com/fasterxml/jackson/dataformat/jackson-dataformat-cbor/2.12.1/jackson-dataformat-cbor-2.12.1.jar:/home/runner/.m2/repository/joda-time/joda-time/2.8.1/joda-time-2.8.1.jar:/home/runner/.m2/repository/com/amazonaws/aws-java-sdk-s3/1.12.124/aws-java-sdk-s3-1.12.124.jar:/home/runner/.m2/repository/com/amazonaws/aws-java-sdk-kms/1.12.124/aws-java-sdk-kms-1.12.124.jar:/home/runner/.m2/repository/com/amazonaws/jmespath-java/1.12.124/jmespath-java-1.12.124.jar:/home/runner/.m2/repository/org/kohsuke/metainf-services/metainf-services/1.8/metainf-services-1.8.jar:/home/runner/.m2/repository/org/apache/ozone/hdds-tools/1.3.0-SNAPSHOT/hdds-tools-1.3.0-SNAPSHOT.jar:/home/runner/.m2/repository/commons-cli/commons-cli/1.2/commons-cli-1.2.jar:/home/runner/.m2/repository/org/apache/commons/commons-lang3/3.7/commons-lang3-3.7.jar:/home/runner/.m2/repository/org/apache/ozone/ozone-manager/1.3.0-SNAPSHOT/ozone-manager-1.3.0-SNAPSHOT-tests.jar:/home/runner/.m2/repository/org/apache/ozone/hdds-common/1.3.0-SNAPSHOT/hdds-common-1.3.0-SNAPSHOT-tests.jar:/home/runner/.m2/repository/org/apache/ozone/hdds-hadoop-dependency-client/1.3.0-SNAPSHOT/hdds-hadoop-dependency-client-1.3.0-SNAPSHOT.jar:/home/runner/.m2/repository/info/picocli/picocli/4.6.1/picocli-4.6.1.jar:/home/runner/.m2/repository/com/fasterxml/jackson/core/jackson-annotations/2.12.1/jackson-annotations-2.12.1.jar:/home/runner/.m2/repository/javax/annotation/javax.annotation-api/1.2/javax.annotation-api-1.2.jar:/home/runner/.m2/repository/org/apache/ratis/ratis-server/2.2.0/ratis-server-2.2.0.jar:/home/runner/.m2/repository/org/apache/ratis/ratis-client/2.2.0/ratis-client-2.2.0.jar:/home/runner/.m2/repository/org/apache/ratis/ratis-server-api/2.2.0/ratis-server-api-2.2.0.jar:/home/runner/.m2/repository/org/apache/ratis/ratis-metrics/2.2.0/ratis-metrics-2.2.0.jar:/home/runner/.m2/repository/org/apache/ratis/ratis-netty/2.2.0/ratis-netty-2.2.0.jar:/home/runner/.m2/repository/org/apache/ratis/ratis-grpc/2.2.0/ratis-grpc-2.2.0.jar:/home/runner/.m2/repository/org/apache/logging/log4j/log4j-api/2.17.1/log4j-api-2.17.1.jar:/home/runner/.m2/repository/org/apache/logging/log4j/log4j-core/2.17.1/log4j-core-2.17.1.jar:/home/runner/.m2/repository/com/lmax/disruptor/3.4.2/disruptor-3.4.2.jar:/home/runner/.m2/repository/org/apache/commons/commons-pool2/2.6.0/commons-pool2-2.6.0.jar:/home/runner/.m2/repository/org/bouncycastle/bcpkix-jdk15on/1.67/bcpkix-jdk15on-1.67.jar:/home/runner/.m2/repository/commons-validator/commons-validator/1.6/commons-validator-1.6.jar:/home/runner/.m2/repository/commons-beanutils/commons-beanutils/1.9.4/commons-beanutils-1.9.4.jar:/home/runner/.m2/repository/commons-digester/commons-digester/1.8.1/commons-digester-1.8.1.jar:/home/runner/.m2/repository/commons-collections/commons-collections/3.2.2/commons-collections-3.2.2.jar:/home/runner/.m2/repository/io/jaegertracing/jaeger-client/1.6.0/jaeger-client-1.6.0.jar:/home/runner/.m2/repository/io/jaegertracing/jaeger-thrift/1.6.0/jaeger-thrift-1.6.0.jar:/home/runner/.m2/repository/org/apache/thrift/libthrift/0.14.1/libthrift-0.14.1.jar:/home/runner/.m2/repository/com/squareup/okhttp3/okhttp/4.9.0/okhttp-4.9.0.jar:/home/runner/.m2/repository/com/squareup/okio/okio/2.8.0/okio-2.8.0.jar:/home/runner/.m2/repository/io/jaegertracing/jaeger-core/1.6.0/jaeger-core-1.6.0.jar:/home/runner/.m2/repository/io/jaegertracing/jaeger-tracerresolver/1.6.0/jaeger-tracerresolver-1.6.0.jar:/home/runner/.m2/repository/io/opentracing/contrib/opentracing-tracerresolver/0.1.8/opentracing-tracerresolver-0.1.8.jar:/home/runner/.m2/repository/org/jetbrains/kotlin/kotlin-stdlib/1.4.31/kotlin-stdlib-1.4.31.jar:/home/runner/.m2/repository/org/jetbrains/kotlin/kotlin-stdlib-common/1.4.31/kotlin-stdlib-common-1.4.31.jar:/home/runner/.m2/repository/org/jetbrains/annotations/13.0/annotations-13.0.jar:/home/runner/.m2/repository/io/opentracing/opentracing-util/0.33.0/opentracing-util-0.33.0.jar:/home/runner/.m2/repository/io/opentracing/opentracing-api/0.33.0/opentracing-api-0.33.0.jar:/home/runner/.m2/repository/io/opentracing/opentracing-noop/0.33.0/opentracing-noop-0.33.0.jar:/home/runner/.m2/repository/org/yaml/snakeyaml/1.26/snakeyaml-1.26.jar:/home/runner/.m2/repository/org/apache/ozone/hdds-interface-admin/1.3.0-SNAPSHOT/hdds-interface-admin-1.3.0-SNAPSHOT.jar:/home/runner/.m2/repository/junit/junit/4.13.1/junit-4.13.1.jar:/home/runner/.m2/repository/org/hamcrest/hamcrest-core/1.3/hamcrest-core-1.3.jar:/home/runner/.m2/repository/org/junit/jupiter/junit-jupiter-api/5.7.0/junit-jupiter-api-5.7.0.jar:/home/runner/.m2/repository/org/apiguardian/apiguardian-api/1.1.0/apiguardian-api-1.1.0.jar:/home/runner/.m2/repository/org/opentest4j/opentest4j/1.2.0/opentest4j-1.2.0.jar:/home/runner/.m2/repository/org/junit/platform/junit-platform-commons/1.7.0/junit-platform-commons-1.7.0.jar:/home/runner/.m2/repository/org/junit/jupiter/junit-jupiter-engine/5.7.0/junit-jupiter-engine-5.7.0.jar:/home/runner/.m2/repository/org/junit/platform/junit-platform-engine/1.7.0/junit-platform-engine-1.7.0.jar:/home/runner/.m2/repository/org/junit/vintage/junit-vintage-engine/5.7.0/junit-vintage-engine-5.7.0.jar:/home/runner/.m2/repository/org/junit/platform/junit-platform-launcher/1.7.0/junit-platform-launcher-1.7.0.jar:/home/runner/.m2/repository/org/mockito/mockito-core/2.28.2/mockito-core-2.28.2.jar:/home/runner/.m2/repository/net/bytebuddy/byte-buddy/1.9.10/byte-buddy-1.9.10.jar:/home/runner/.m2/repository/net/bytebuddy/byte-buddy-agent/1.9.10/byte-buddy-agent-1.9.10.jar:/home/runner/.m2/repository/org/objenesis/objenesis/1.0/objenesis-1.0.jar:/home/runner/.m2/repository/org/apache/hadoop/hadoop-kms/3.3.1/hadoop-kms-3.3.1.jar:/home/runner/.m2/repository/org/apache/hadoop/hadoop-auth/3.3.1/hadoop-auth-3.3.1.jar:/home/runner/.m2/repository/com/nimbusds/nimbus-jose-jwt/7.9/nimbus-jose-jwt-7.9.jar:/home/runner/.m2/repository/com/github/stephenc/jcip/jcip-annotations/1.0-1/jcip-annotations-1.0-1.jar:/home/runner/.m2/repository/net/minidev/json-smart/2.4.7/json-smart-2.4.7.jar:/home/runner/.m2/repository/net/minidev/accessors-smart/2.4.7/accessors-smart-2.4.7.jar:/home/runner/.m2/repository/org/ow2/asm/asm/5.0.4/asm-5.0.4.jar:/home/runner/.m2/repository/org/apache/zookeeper/zookeeper/3.5.6/zookeeper-3.5.6.jar:/home/runner/.m2/repository/org/apache/zookeeper/zookeeper-jute/3.5.6/zookeeper-jute-3.5.6.jar:/home/runner/.m2/repository/org/apache/yetus/audience-annotations/0.5.0/audience-annotations-0.5.0.jar:/home/runner/.m2/repository/org/apache/curator/curator-framework/4.2.0/curator-framework-4.2.0.jar:/home/runner/.m2/repository/org/apache/hadoop/thirdparty/hadoop-shaded-guava/1.1.1/hadoop-shaded-guava-1.1.1.jar:/home/runner/.m2/repository/com/sun/jersey/jersey-core/1.19/jersey-core-1.19.jar:/home/runner/.m2/repository/javax/ws/rs/jsr311-api/1.1.1/jsr311-api-1.1.1.jar:/home/runner/.m2/repository/com/sun/jersey/jersey-server/1.19/jersey-server-1.19.jar:/home/runner/.m2/repository/javax/servlet/javax.servlet-api/3.1.0/javax.servlet-api-3.1.0.jar:/home/runner/.m2/repository/org/eclipse/jetty/jetty-server/9.4.43.v20210629/jetty-server-9.4.43.v20210629.jar:/home/runner/.m2/repository/org/eclipse/jetty/jetty-http/9.4.43.v20210629/jetty-http-9.4.43.v20210629.jar:/home/runner/.m2/repository/org/eclipse/jetty/jetty-io/9.4.43.v20210629/jetty-io-9.4.43.v20210629.jar:/home/runner/.m2/repository/org/eclipse/jetty/jetty-webapp/9.4.43.v20210629/jetty-webapp-9.4.43.v20210629.jar:/home/runner/.m2/repository/org/eclipse/jetty/jetty-xml/9.4.43.v20210629/jetty-xml-9.4.43.v20210629.jar:/home/runner/.m2/repository/org/apache/hadoop/hadoop-common/3.3.1/hadoop-common-3.3.1.jar:/home/runner/.m2/repository/org/apache/commons/commons-math3/3.1.1/commons-math3-3.1.1.jar:/home/runner/.m2/repository/commons-net/commons-net/3.6/commons-net-3.6.jar:/home/runner/.m2/repository/jakarta/activation/jakarta.activation-api/1.2.1/jakarta.activation-api-1.2.1.jar:/home/runner/.m2/repository/com/sun/jersey/jersey-servlet/1.19/jersey-servlet-1.19.jar:/home/runner/.m2/repository/com/sun/jersey/jersey-json/1.19/jersey-json-1.19.jar:/home/runner/.m2/repository/org/codehaus/jettison/jettison/1.1/jettison-1.1.jar:/home/runner/.m2/repository/com/sun/xml/bind/jaxb-impl/2.2.3-1/jaxb-impl-2.2.3-1.jar:/home/runner/.m2/repository/org/codehaus/jackson/jackson-jaxrs/1.9.2/jackson-jaxrs-1.9.2.jar:/home/runner/.m2/repository/org/codehaus/jackson/jackson-xc/1.9.2/jackson-xc-1.9.2.jar:/home/runner/.m2/repository/org/apache/commons/commons-configuration2/2.1.1/commons-configuration2-2.1.1.jar:/home/runner/.m2/repository/org/apache/commons/commons-text/1.4/commons-text-1.4.jar:/home/runner/.m2/repository/com/google/re2j/re2j/1.1/re2j-1.1.jar:/home/runner/.m2/repository/com/jcraft/jsch/0.1.54/jsch-0.1.54.jar:/home/runner/.m2/repository/org/apache/curator/curator-client/4.2.0/curator-client-4.2.0.jar:/home/runner/.m2/repository/org/apache/curator/curator-recipes/4.2.0/curator-recipes-4.2.0.jar:/home/runner/.m2/repository/org/apache/kerby/kerb-core/1.0.1/kerb-core-1.0.1.jar:/home/runner/.m2/repository/org/apache/kerby/kerby-pkix/1.0.1/kerby-pkix-1.0.1.jar:/home/runner/.m2/repository/org/apache/kerby/kerby-asn1/1.0.1/kerby-asn1-1.0.1.jar:/home/runner/.m2/repository/org/apache/kerby/kerby-util/1.0.1/kerby-util-1.0.1.jar:/home/runner/.m2/repository/dnsjava/dnsjava/2.1.7/dnsjava-2.1.7.jar:/home/runner/.m2/repository/org/xerial/snappy/snappy-java/1.1.8.2/snappy-java-1.1.8.2.jar:/home/runner/.m2/repository/org/slf4j/jul-to-slf4j/1.7.30/jul-to-slf4j-1.7.30.jar:/home/runner/.m2/repository/org/eclipse/jetty/jetty-util/9.4.43.v20210629/jetty-util-9.4.43.v20210629.jar:/home/runner/.m2/repository/com/fasterxml/jackson/core/jackson-databind/2.12.1/jackson-databind-2.12.1.jar:/home/runner/.m2/repository/org/apache/hadoop/hadoop-kms/3.3.1/hadoop-kms-3.3.1-tests.jar:/home/runner/.m2/repository/org/apache/ozone/hdds-server-scm/1.3.0-SNAPSHOT/hdds-server-scm-1.3.0-SNAPSHOT-tests.jar:/home/runner/.m2/repository/org/apache/ozone/hdds-container-service/1.3.0-SNAPSHOT/hdds-container-service-1.3.0-SNAPSHOT-tests.jar:/home/runner/.m2/repository/commons-codec/commons-codec/1.11/commons-codec-1.11.jar:/home/runner/.m2/repository/io/netty/netty-transport/4.1.63.Final/netty-transport-4.1.63.Final.jar:/home/runner/.m2/repository/io/netty/netty-resolver/4.1.63.Final/netty-resolver-4.1.63.Final.jar:/home/runner/.m2/repository/io/netty/netty-codec/4.1.63.Final/netty-codec-4.1.63.Final.jar:/home/runner/.m2/repository/io/netty/netty-handler/4.1.63.Final/netty-handler-4.1.63.Final.jar:/home/runner/.m2/repository/org/apache/ozone/hdds-hadoop-dependency-test/1.3.0-SNAPSHOT/hdds-hadoop-dependency-test-1.3.0-SNAPSHOT.jar:/home/runner/.m2/repository/org/apache/hadoop/hadoop-common/3.3.1/hadoop-common-3.3.1-tests.jar:/home/runner/.m2/repository/org/assertj/assertj-core/3.12.2/assertj-core-3.12.2.jar:/home/runner/.m2/repository/org/apache/hadoop/hadoop-hdfs/3.3.1/hadoop-hdfs-3.3.1-tests.jar:/home/runner/.m2/repository/org/eclipse/jetty/jetty-util-ajax/9.4.43.v20210629/jetty-util-ajax-9.4.43.v20210629.jar:/home/runner/.m2/repository/commons-daemon/commons-daemon/1.0.13/commons-daemon-1.0.13.jar:/home/runner/.m2/repository/io/netty/netty/3.10.6.Final/netty-3.10.6.Final.jar:/home/runner/.m2/repository/io/netty/netty-all/4.1.63.Final/netty-all-4.1.63.Final.jar:/home/runner/.m2/repository/org/apache/htrace/htrace-core4/4.1.0-incubating/htrace-core4-4.1.0-incubating.jar:/home/runner/.m2/repository/org/fusesource/leveldbjni/leveldbjni-all/1.8/leveldbjni-all-1.8.jar:/home/runner/.m2/repository/org/apache/hadoop/hadoop-distcp/3.3.1/hadoop-distcp-3.3.1.jar:/home/runner/.m2/repository/org/apache/hadoop/hadoop-mapreduce-client-jobclient/3.3.1/hadoop-mapreduce-client-jobclient-3.3.1.jar:/home/runner/.m2/repository/org/apache/hadoop/hadoop-mapreduce-client-common/3.3.1/hadoop-mapreduce-client-common-3.3.1.jar:/home/runner/.m2/repository/org/apache/hadoop/hadoop-yarn-common/3.3.1/hadoop-yarn-common-3.3.1.jar:/home/runner/.m2/repository/org/apache/hadoop/hadoop-yarn-api/3.3.1/hadoop-yarn-api-3.3.1.jar:/home/runner/.m2/repository/com/sun/jersey/jersey-client/1.19/jersey-client-1.19.jar:/home/runner/.m2/repository/com/sun/jersey/contribs/jersey-guice/1.19/jersey-guice-1.19.jar:/home/runner/.m2/repository/com/fasterxml/jackson/jaxrs/jackson-jaxrs-json-provider/2.12.1/jackson-jaxrs-json-provider-2.12.1.jar:/home/runner/.m2/repository/com/fasterxml/jackson/jaxrs/jackson-jaxrs-base/2.12.1/jackson-jaxrs-base-2.12.1.jar:/home/runner/.m2/repository/org/apache/hadoop/hadoop-yarn-client/3.3.1/hadoop-yarn-client-3.3.1.jar:/home/runner/.m2/repository/org/eclipse/jetty/websocket/websocket-client/9.4.40.v20210413/websocket-client-9.4.40.v20210413.jar:/home/runner/.m2/repository/org/eclipse/jetty/jetty-client/9.4.40.v20210413/jetty-client-9.4.40.v20210413.jar:/home/runner/.m2/repository/org/eclipse/jetty/websocket/websocket-common/9.4.40.v20210413/websocket-common-9.4.40.v20210413.jar:/home/runner/.m2/repository/org/eclipse/jetty/websocket/websocket-api/9.4.40.v20210413/websocket-api-9.4.40.v20210413.jar:/home/runner/.m2/repository/org/jline/jline/3.9.0/jline-3.9.0.jar:/home/runner/.m2/repository/org/apache/hadoop/hadoop-mapreduce-client-core/3.3.1/hadoop-mapreduce-client-core-3.3.1.jar:/home/runner/.m2/repository/org/apache/avro/avro/1.7.7/avro-1.7.7.jar:/home/runner/.m2/repository/org/codehaus/jackson/jackson-core-asl/1.9.13/jackson-core-asl-1.9.13.jar:/home/runner/.m2/repository/org/codehaus/jackson/jackson-mapper-asl/1.9.13/jackson-mapper-asl-1.9.13.jar:/home/runner/.m2/repository/com/thoughtworks/paranamer/paranamer/2.3/paranamer-2.3.jar:/home/runner/.m2/repository/org/apache/hadoop/hadoop-annotations/3.3.1/hadoop-annotations-3.3.1.jar:/usr/lib/jvm/temurin-8-jdk-amd64/jre/../lib/tools.jar:/home/runner/.m2/repository/org/apache/hadoop/hadoop-distcp/3.3.1/hadoop-distcp-3.3.1-tests.jar:/home/runner/.m2/repository/org/apache/ratis/ratis-common/2.2.0/ratis-common-2.2.0.jar:/home/runner/.m2/repository/org/apache/ratis/ratis-thirdparty-misc/0.7.0/ratis-thirdparty-misc-0.7.0.jar:/home/runner/.m2/repository/org/apache/ratis/ratis-proto/2.2.0/ratis-proto-2.2.0.jar:"/>
    <property name="java.vm.vendor" value="Temurin"/>
    <property name="sun.arch.data.model" value="64"/>
    <property name="test.build.dir" value="/home/runner/work/ozone/ozone/hadoop-ozone/integration-test/target/test-dir"/>
    <property name="test.cache.data" value=""/>
    <property name="java.vendor.url" value="https://adoptium.net/"/>
    <property name="user.timezone" value=""/>
    <property name="java.vm.specification.version" value="1.8"/>
    <property name="os.name" value="Linux"/>
    <property name="test.build.data" value="/home/runner/work/ozone/ozone/hadoop-ozone/integration-test/target/test-dir"/>
    <property name="sun.java.launcher" value="SUN_STANDARD"/>
    <property name="sun.boot.library.path" value="/usr/lib/jvm/temurin-8-jdk-amd64/jre/lib/amd64"/>
    <property name="sun.java.command" value="/home/runner/work/ozone/ozone/hadoop-ozone/integration-test/target/surefire/surefirebooter4611556472028682484.jar /home/runner/work/ozone/ozone/hadoop-ozone/integration-test/target/surefire 2022-03-08T01-05-20_582-jvmRun1 surefire4694774635132057299tmp surefire_906205394024787837621tmp"/>
    <property name="surefire.test.class.path" value="/home/runner/work/ozone/ozone/hadoop-ozone/integration-test/target/test-classes:/home/runner/work/ozone/ozone/hadoop-ozone/integration-test/target/classes:/home/runner/.m2/repository/org/apache/ozone/ozone-common/1.3.0-SNAPSHOT/ozone-common-1.3.0-SNAPSHOT.jar:/home/runner/.m2/repository/org/apache/commons/commons-compress/1.21/commons-compress-1.21.jar:/home/runner/.m2/repository/org/apache/ozone/hdds-common/1.3.0-SNAPSHOT/hdds-common-1.3.0-SNAPSHOT.jar:/home/runner/.m2/repository/org/apache/ozone/hdds-client/1.3.0-SNAPSHOT/hdds-client-1.3.0-SNAPSHOT.jar:/home/runner/.m2/repository/org/apache/ozone/ozone-interface-client/1.3.0-SNAPSHOT/ozone-interface-client-1.3.0-SNAPSHOT.jar:/home/runner/.m2/repository/org/apache/ozone/hdds-test-utils/1.3.0-SNAPSHOT/hdds-test-utils-1.3.0-SNAPSHOT.jar:/home/runner/.m2/repository/com/google/guava/guava/30.1.1-jre/guava-30.1.1-jre.jar:/home/runner/.m2/repository/com/google/guava/failureaccess/1.0.1/failureaccess-1.0.1.jar:/home/runner/.m2/repository/com/google/guava/listenablefuture/9999.0-empty-to-avoid-conflict-with-guava/listenablefuture-9999.0-empty-to-avoid-conflict-with-guava.jar:/home/runner/.m2/repository/com/google/code/findbugs/jsr305/3.0.0/jsr305-3.0.0.jar:/home/runner/.m2/repository/org/checkerframework/checker-qual/3.8.0/checker-qual-3.8.0.jar:/home/runner/.m2/repository/com/google/errorprone/error_prone_annotations/2.2.0/error_prone_annotations-2.2.0.jar:/home/runner/.m2/repository/com/google/j2objc/j2objc-annotations/1.3/j2objc-annotations-1.3.jar:/home/runner/.m2/repository/commons-io/commons-io/2.11.0/commons-io-2.11.0.jar:/home/runner/.m2/repository/commons-logging/commons-logging/1.2/commons-logging-1.2.jar:/home/runner/.m2/repository/log4j/log4j/1.2.17/log4j-1.2.17.jar:/home/runner/.m2/repository/org/slf4j/slf4j-api/1.7.30/slf4j-api-1.7.30.jar:/home/runner/.m2/repository/org/apache/ozone/hdds-server-scm/1.3.0-SNAPSHOT/hdds-server-scm-1.3.0-SNAPSHOT.jar:/home/runner/.m2/repository/org/apache/ozone/hdds-container-service/1.3.0-SNAPSHOT/hdds-container-service-1.3.0-SNAPSHOT.jar:/home/runner/.m2/repository/org/apache/ozone/hdds-hadoop-dependency-server/1.3.0-SNAPSHOT/hdds-hadoop-dependency-server-1.3.0-SNAPSHOT.jar:/home/runner/.m2/repository/org/apache/hadoop/hadoop-hdfs/3.3.1/hadoop-hdfs-3.3.1.jar:/home/runner/.m2/repository/org/apache/ozone/hdds-server-framework/1.3.0-SNAPSHOT/hdds-server-framework-1.3.0-SNAPSHOT.jar:/home/runner/.m2/repository/org/apache/ozone/hdds-interface-server/1.3.0-SNAPSHOT/hdds-interface-server-1.3.0-SNAPSHOT.jar:/home/runner/.m2/repository/org/eclipse/jetty/jetty-servlet/9.4.43.v20210629/jetty-servlet-9.4.43.v20210629.jar:/home/runner/.m2/repository/org/eclipse/jetty/jetty-security/9.4.43.v20210629/jetty-security-9.4.43.v20210629.jar:/home/runner/.m2/repository/org/rocksdb/rocksdbjni/6.25.3/rocksdbjni-6.25.3.jar:/home/runner/.m2/repository/io/prometheus/simpleclient_dropwizard/0.7.0/simpleclient_dropwizard-0.7.0.jar:/home/runner/.m2/repository/io/prometheus/simpleclient/0.7.0/simpleclient-0.7.0.jar:/home/runner/.m2/repository/io/prometheus/simpleclient_common/0.7.0/simpleclient_common-0.7.0.jar:/home/runner/.m2/repository/com/fasterxml/jackson/datatype/jackson-datatype-jsr310/2.12.1/jackson-datatype-jsr310-2.12.1.jar:/home/runner/.m2/repository/io/dropwizard/metrics/metrics-core/3.2.4/metrics-core-3.2.4.jar:/home/runner/.m2/repository/org/apache/hadoop/hadoop-hdfs-client/3.3.1/hadoop-hdfs-client-3.3.1.jar:/home/runner/.m2/repository/org/bouncycastle/bcprov-jdk15on/1.67/bcprov-jdk15on-1.67.jar:/home/runner/.m2/repository/com/google/protobuf/protobuf-java/2.5.0/protobuf-java-2.5.0.jar:/home/runner/.m2/repository/org/apache/ozone/ozone-manager/1.3.0-SNAPSHOT/ozone-manager-1.3.0-SNAPSHOT.jar:/home/runner/.m2/repository/org/aspectj/aspectjrt/1.9.7/aspectjrt-1.9.7.jar:/home/runner/.m2/repository/org/aspectj/aspectjweaver/1.9.7/aspectjweaver-1.9.7.jar:/home/runner/.m2/repository/org/apache/ozone/hdds-interface-client/1.3.0-SNAPSHOT/hdds-interface-client-1.3.0-SNAPSHOT.jar:/home/runner/.m2/repository/org/apache/hadoop/thirdparty/hadoop-shaded-protobuf_3_7/1.1.1/hadoop-shaded-protobuf_3_7-1.1.1.jar:/home/runner/.m2/repository/org/apache/ozone/ozone-interface-storage/1.3.0-SNAPSHOT/ozone-interface-storage-1.3.0-SNAPSHOT.jar:/home/runner/.m2/repository/org/reflections/reflections/0.9.11/reflections-0.9.11.jar:/home/runner/.m2/repository/org/apache/hadoop/hadoop-minikdc/3.3.1/hadoop-minikdc-3.3.1.jar:/home/runner/.m2/repository/org/apache/kerby/kerb-simplekdc/1.0.1/kerb-simplekdc-1.0.1.jar:/home/runner/.m2/repository/org/apache/kerby/kerb-client/1.0.1/kerb-client-1.0.1.jar:/home/runner/.m2/repository/org/apache/kerby/kerby-config/1.0.1/kerby-config-1.0.1.jar:/home/runner/.m2/repository/org/apache/kerby/kerb-common/1.0.1/kerb-common-1.0.1.jar:/home/runner/.m2/repository/org/apache/kerby/kerb-crypto/1.0.1/kerb-crypto-1.0.1.jar:/home/runner/.m2/repository/org/apache/kerby/kerb-util/1.0.1/kerb-util-1.0.1.jar:/home/runner/.m2/repository/org/apache/kerby/token-provider/1.0.1/token-provider-1.0.1.jar:/home/runner/.m2/repository/org/apache/kerby/kerb-admin/1.0.1/kerb-admin-1.0.1.jar:/home/runner/.m2/repository/org/apache/kerby/kerb-server/1.0.1/kerb-server-1.0.1.jar:/home/runner/.m2/repository/org/apache/kerby/kerb-identity/1.0.1/kerb-identity-1.0.1.jar:/home/runner/.m2/repository/org/apache/kerby/kerby-xdr/1.0.1/kerby-xdr-1.0.1.jar:/home/runner/.m2/repository/org/slf4j/slf4j-log4j12/1.7.30/slf4j-log4j12-1.7.30.jar:/home/runner/.m2/repository/org/apache/ozone/ozone-s3gateway/1.3.0-SNAPSHOT/ozone-s3gateway-1.3.0-SNAPSHOT.jar:/home/runner/.m2/repository/org/javassist/javassist/3.21.0-GA/javassist-3.21.0-GA.jar:/home/runner/.m2/repository/org/jboss/weld/servlet/weld-servlet/2.4.7.Final/weld-servlet-2.4.7.Final.jar:/home/runner/.m2/repository/org/glassfish/jersey/containers/jersey-container-servlet-core/2.33/jersey-container-servlet-core-2.33.jar:/home/runner/.m2/repository/org/glassfish/hk2/external/jakarta.inject/2.6.1/jakarta.inject-2.6.1.jar:/home/runner/.m2/repository/org/glassfish/jersey/core/jersey-common/2.33/jersey-common-2.33.jar:/home/runner/.m2/repository/jakarta/ws/rs/jakarta.ws.rs-api/2.1.6/jakarta.ws.rs-api-2.1.6.jar:/home/runner/.m2/repository/org/glassfish/jersey/ext/cdi/jersey-cdi1x/2.33/jersey-cdi1x-2.33.jar:/home/runner/.m2/repository/org/glassfish/jersey/inject/jersey-hk2/2.33/jersey-hk2-2.33.jar:/home/runner/.m2/repository/org/glassfish/hk2/hk2-locator/2.6.1/hk2-locator-2.6.1.jar:/home/runner/.m2/repository/org/glassfish/jersey/media/jersey-media-jaxb/2.33/jersey-media-jaxb-2.33.jar:/home/runner/.m2/repository/org/glassfish/hk2/osgi-resource-locator/1.0.3/osgi-resource-locator-1.0.3.jar:/home/runner/.m2/repository/org/glassfish/hk2/hk2-api/2.5.0/hk2-api-2.5.0.jar:/home/runner/.m2/repository/org/glassfish/hk2/hk2-utils/2.5.0/hk2-utils-2.5.0.jar:/home/runner/.m2/repository/org/glassfish/hk2/external/aopalliance-repackaged/2.5.0/aopalliance-repackaged-2.5.0.jar:/home/runner/.m2/repository/com/fasterxml/jackson/dataformat/jackson-dataformat-xml/2.12.1/jackson-dataformat-xml-2.12.1.jar:/home/runner/.m2/repository/com/fasterxml/jackson/core/jackson-core/2.12.1/jackson-core-2.12.1.jar:/home/runner/.m2/repository/com/fasterxml/jackson/module/jackson-module-jaxb-annotations/2.12.1/jackson-module-jaxb-annotations-2.12.1.jar:/home/runner/.m2/repository/jakarta/xml/bind/jakarta.xml.bind-api/2.3.2/jakarta.xml.bind-api-2.3.2.jar:/home/runner/.m2/repository/org/codehaus/woodstox/stax2-api/3.1.4/stax2-api-3.1.4.jar:/home/runner/.m2/repository/com/fasterxml/woodstox/woodstox-core/5.0.3/woodstox-core-5.0.3.jar:/home/runner/.m2/repository/javax/enterprise/cdi-api/1.2/cdi-api-1.2.jar:/home/runner/.m2/repository/javax/el/javax.el-api/3.0.0/javax.el-api-3.0.0.jar:/home/runner/.m2/repository/javax/interceptor/javax.interceptor-api/1.2/javax.interceptor-api-1.2.jar:/home/runner/.m2/repository/javax/inject/javax.inject/1/javax.inject-1.jar:/home/runner/.m2/repository/javax/xml/bind/jaxb-api/2.3.0/jaxb-api-2.3.0.jar:/home/runner/.m2/repository/org/glassfish/jaxb/jaxb-runtime/2.3.0.1/jaxb-runtime-2.3.0.1.jar:/home/runner/.m2/repository/org/glassfish/jaxb/jaxb-core/2.3.0.1/jaxb-core-2.3.0.1.jar:/home/runner/.m2/repository/org/glassfish/jaxb/txw2/2.3.0.1/txw2-2.3.0.1.jar:/home/runner/.m2/repository/com/sun/istack/istack-commons-runtime/3.0.5/istack-commons-runtime-3.0.5.jar:/home/runner/.m2/repository/org/jvnet/staxex/stax-ex/1.7.8/stax-ex-1.7.8.jar:/home/runner/.m2/repository/com/sun/xml/fastinfoset/FastInfoset/1.2.13/FastInfoset-1.2.13.jar:/home/runner/.m2/repository/javax/activation/activation/1.1.1/activation-1.1.1.jar:/home/runner/.m2/repository/org/apache/ozone/ozone-csi/1.3.0-SNAPSHOT/ozone-csi-1.3.0-SNAPSHOT.jar:/home/runner/.m2/repository/com/google/protobuf/protobuf-java-util/3.12.0/protobuf-java-util-3.12.0.jar:/home/runner/.m2/repository/com/google/code/gson/gson/2.2.4/gson-2.2.4.jar:/home/runner/.m2/repository/org/apache/ozone/hdds-config/1.3.0-SNAPSHOT/hdds-config-1.3.0-SNAPSHOT.jar:/home/runner/.m2/repository/io/grpc/grpc-netty/1.33.0/grpc-netty-1.33.0.jar:/home/runner/.m2/repository/io/grpc/grpc-core/1.33.0/grpc-core-1.33.0.jar:/home/runner/.m2/repository/com/google/android/annotations/4.1.1.4/annotations-4.1.1.4.jar:/home/runner/.m2/repository/io/netty/netty-codec-http2/4.1.63.Final/netty-codec-http2-4.1.63.Final.jar:/home/runner/.m2/repository/io/netty/netty-codec-http/4.1.63.Final/netty-codec-http-4.1.63.Final.jar:/home/runner/.m2/repository/io/netty/netty-handler-proxy/4.1.63.Final/netty-handler-proxy-4.1.63.Final.jar:/home/runner/.m2/repository/io/netty/netty-codec-socks/4.1.63.Final/netty-codec-socks-4.1.63.Final.jar:/home/runner/.m2/repository/io/perfmark/perfmark-api/0.19.0/perfmark-api-0.19.0.jar:/home/runner/.m2/repository/org/codehaus/mojo/animal-sniffer-annotations/1.18/animal-sniffer-annotations-1.18.jar:/home/runner/.m2/repository/io/netty/netty-transport-native-epoll/4.1.63.Final/netty-transport-native-epoll-4.1.63.Final.jar:/home/runner/.m2/repository/io/netty/netty-common/4.1.63.Final/netty-common-4.1.63.Final.jar:/home/runner/.m2/repository/io/netty/netty-buffer/4.1.63.Final/netty-buffer-4.1.63.Final.jar:/home/runner/.m2/repository/io/netty/netty-transport-native-unix-common/4.1.63.Final/netty-transport-native-unix-common-4.1.63.Final.jar:/home/runner/.m2/repository/io/grpc/grpc-protobuf/1.33.0/grpc-protobuf-1.33.0.jar:/home/runner/.m2/repository/io/grpc/grpc-api/1.33.0/grpc-api-1.33.0.jar:/home/runner/.m2/repository/io/grpc/grpc-context/1.33.0/grpc-context-1.33.0.jar:/home/runner/.m2/repository/com/google/api/grpc/proto-google-common-protos/1.17.0/proto-google-common-protos-1.17.0.jar:/home/runner/.m2/repository/io/grpc/grpc-protobuf-lite/1.33.0/grpc-protobuf-lite-1.33.0.jar:/home/runner/.m2/repository/io/grpc/grpc-stub/1.33.0/grpc-stub-1.33.0.jar:/home/runner/.m2/repository/org/apache/ozone/ozone-recon/1.3.0-SNAPSHOT/ozone-recon-1.3.0-SNAPSHOT.jar:/home/runner/.m2/repository/org/apache/ozone/ozone-reconcodegen/1.3.0-SNAPSHOT/ozone-reconcodegen-1.3.0-SNAPSHOT.jar:/home/runner/.m2/repository/com/google/inject/extensions/guice-multibindings/4.0/guice-multibindings-4.0.jar:/home/runner/.m2/repository/com/google/inject/guice/4.0/guice-4.0.jar:/home/runner/.m2/repository/aopalliance/aopalliance/1.0/aopalliance-1.0.jar:/home/runner/.m2/repository/com/google/inject/extensions/guice-assistedinject/4.0/guice-assistedinject-4.0.jar:/home/runner/.m2/repository/com/google/inject/extensions/guice-servlet/4.0/guice-servlet-4.0.jar:/home/runner/.m2/repository/org/glassfish/jersey/containers/jersey-container-servlet/2.33/jersey-container-servlet-2.33.jar:/home/runner/.m2/repository/org/glassfish/hk2/guice-bridge/2.5.0/guice-bridge-2.5.0.jar:/home/runner/.m2/repository/org/glassfish/jersey/core/jersey-server/2.33/jersey-server-2.33.jar:/home/runner/.m2/repository/org/glassfish/jersey/core/jersey-client/2.33/jersey-client-2.33.jar:/home/runner/.m2/repository/jakarta/annotation/jakarta.annotation-api/1.3.5/jakarta.annotation-api-1.3.5.jar:/home/runner/.m2/repository/jakarta/validation/jakarta.validation-api/2.0.2/jakarta.validation-api-2.0.2.jar:/home/runner/.m2/repository/org/glassfish/jersey/media/jersey-media-json-jackson/2.33/jersey-media-json-jackson-2.33.jar:/home/runner/.m2/repository/org/glassfish/jersey/ext/jersey-entity-filtering/2.33/jersey-entity-filtering-2.33.jar:/home/runner/.m2/repository/org/jooq/jooq/3.11.10/jooq-3.11.10.jar:/home/runner/.m2/repository/org/jooq/jooq-meta/3.11.10/jooq-meta-3.11.10.jar:/home/runner/.m2/repository/org/jooq/jooq-codegen/3.11.10/jooq-codegen-3.11.10.jar:/home/runner/.m2/repository/com/jolbox/bonecp/0.8.0.RELEASE/bonecp-0.8.0.RELEASE.jar:/home/runner/.m2/repository/org/apache/derby/derby/10.14.2.0/derby-10.14.2.0.jar:/home/runner/.m2/repository/org/xerial/sqlite-jdbc/3.25.2/sqlite-jdbc-3.25.2.jar:/home/runner/.m2/repository/org/springframework/spring-jdbc/5.2.18.RELEASE/spring-jdbc-5.2.18.RELEASE.jar:/home/runner/.m2/repository/org/springframework/spring-beans/5.2.18.RELEASE/spring-beans-5.2.18.RELEASE.jar:/home/runner/.m2/repository/org/springframework/spring-core/5.2.18.RELEASE/spring-core-5.2.18.RELEASE.jar:/home/runner/.m2/repository/org/springframework/spring-jcl/5.2.18.RELEASE/spring-jcl-5.2.18.RELEASE.jar:/home/runner/.m2/repository/org/springframework/spring-tx/5.2.18.RELEASE/spring-tx-5.2.18.RELEASE.jar:/home/runner/.m2/repository/org/apache/ozone/ozone-client/1.3.0-SNAPSHOT/ozone-client-1.3.0-SNAPSHOT.jar:/home/runner/.m2/repository/org/apache/ozone/ozone-filesystem/1.3.0-SNAPSHOT/ozone-filesystem-1.3.0-SNAPSHOT.jar:/home/runner/.m2/repository/org/apache/ozone/ozone-filesystem-common/1.3.0-SNAPSHOT/ozone-filesystem-common-1.3.0-SNAPSHOT.jar:/home/runner/.m2/repository/org/apache/ozone/ozone-tools/1.3.0-SNAPSHOT/ozone-tools-1.3.0-SNAPSHOT.jar:/home/runner/.m2/repository/org/apache/ratis/ratis-tools/2.2.0/ratis-tools-2.2.0.jar:/home/runner/.m2/repository/com/amazonaws/aws-java-sdk-core/1.12.124/aws-java-sdk-core-1.12.124.jar:/home/runner/.m2/repository/org/apache/httpcomponents/httpclient/4.5.13/httpclient-4.5.13.jar:/home/runner/.m2/repository/org/apache/httpcomponents/httpcore/4.4.13/httpcore-4.4.13.jar:/home/runner/.m2/repository/software/amazon/ion/ion-java/1.0.2/ion-java-1.0.2.jar:/home/runner/.m2/repository/com/fasterxml/jackson/dataformat/jackson-dataformat-cbor/2.12.1/jackson-dataformat-cbor-2.12.1.jar:/home/runner/.m2/repository/joda-time/joda-time/2.8.1/joda-time-2.8.1.jar:/home/runner/.m2/repository/com/amazonaws/aws-java-sdk-s3/1.12.124/aws-java-sdk-s3-1.12.124.jar:/home/runner/.m2/repository/com/amazonaws/aws-java-sdk-kms/1.12.124/aws-java-sdk-kms-1.12.124.jar:/home/runner/.m2/repository/com/amazonaws/jmespath-java/1.12.124/jmespath-java-1.12.124.jar:/home/runner/.m2/repository/org/kohsuke/metainf-services/metainf-services/1.8/metainf-services-1.8.jar:/home/runner/.m2/repository/org/apache/ozone/hdds-tools/1.3.0-SNAPSHOT/hdds-tools-1.3.0-SNAPSHOT.jar:/home/runner/.m2/repository/commons-cli/commons-cli/1.2/commons-cli-1.2.jar:/home/runner/.m2/repository/org/apache/commons/commons-lang3/3.7/commons-lang3-3.7.jar:/home/runner/.m2/repository/org/apache/ozone/ozone-manager/1.3.0-SNAPSHOT/ozone-manager-1.3.0-SNAPSHOT-tests.jar:/home/runner/.m2/repository/org/apache/ozone/hdds-common/1.3.0-SNAPSHOT/hdds-common-1.3.0-SNAPSHOT-tests.jar:/home/runner/.m2/repository/org/apache/ozone/hdds-hadoop-dependency-client/1.3.0-SNAPSHOT/hdds-hadoop-dependency-client-1.3.0-SNAPSHOT.jar:/home/runner/.m2/repository/info/picocli/picocli/4.6.1/picocli-4.6.1.jar:/home/runner/.m2/repository/com/fasterxml/jackson/core/jackson-annotations/2.12.1/jackson-annotations-2.12.1.jar:/home/runner/.m2/repository/javax/annotation/javax.annotation-api/1.2/javax.annotation-api-1.2.jar:/home/runner/.m2/repository/org/apache/ratis/ratis-server/2.2.0/ratis-server-2.2.0.jar:/home/runner/.m2/repository/org/apache/ratis/ratis-client/2.2.0/ratis-client-2.2.0.jar:/home/runner/.m2/repository/org/apache/ratis/ratis-server-api/2.2.0/ratis-server-api-2.2.0.jar:/home/runner/.m2/repository/org/apache/ratis/ratis-metrics/2.2.0/ratis-metrics-2.2.0.jar:/home/runner/.m2/repository/org/apache/ratis/ratis-netty/2.2.0/ratis-netty-2.2.0.jar:/home/runner/.m2/repository/org/apache/ratis/ratis-grpc/2.2.0/ratis-grpc-2.2.0.jar:/home/runner/.m2/repository/org/apache/logging/log4j/log4j-api/2.17.1/log4j-api-2.17.1.jar:/home/runner/.m2/repository/org/apache/logging/log4j/log4j-core/2.17.1/log4j-core-2.17.1.jar:/home/runner/.m2/repository/com/lmax/disruptor/3.4.2/disruptor-3.4.2.jar:/home/runner/.m2/repository/org/apache/commons/commons-pool2/2.6.0/commons-pool2-2.6.0.jar:/home/runner/.m2/repository/org/bouncycastle/bcpkix-jdk15on/1.67/bcpkix-jdk15on-1.67.jar:/home/runner/.m2/repository/commons-validator/commons-validator/1.6/commons-validator-1.6.jar:/home/runner/.m2/repository/commons-beanutils/commons-beanutils/1.9.4/commons-beanutils-1.9.4.jar:/home/runner/.m2/repository/commons-digester/commons-digester/1.8.1/commons-digester-1.8.1.jar:/home/runner/.m2/repository/commons-collections/commons-collections/3.2.2/commons-collections-3.2.2.jar:/home/runner/.m2/repository/io/jaegertracing/jaeger-client/1.6.0/jaeger-client-1.6.0.jar:/home/runner/.m2/repository/io/jaegertracing/jaeger-thrift/1.6.0/jaeger-thrift-1.6.0.jar:/home/runner/.m2/repository/org/apache/thrift/libthrift/0.14.1/libthrift-0.14.1.jar:/home/runner/.m2/repository/com/squareup/okhttp3/okhttp/4.9.0/okhttp-4.9.0.jar:/home/runner/.m2/repository/com/squareup/okio/okio/2.8.0/okio-2.8.0.jar:/home/runner/.m2/repository/io/jaegertracing/jaeger-core/1.6.0/jaeger-core-1.6.0.jar:/home/runner/.m2/repository/io/jaegertracing/jaeger-tracerresolver/1.6.0/jaeger-tracerresolver-1.6.0.jar:/home/runner/.m2/repository/io/opentracing/contrib/opentracing-tracerresolver/0.1.8/opentracing-tracerresolver-0.1.8.jar:/home/runner/.m2/repository/org/jetbrains/kotlin/kotlin-stdlib/1.4.31/kotlin-stdlib-1.4.31.jar:/home/runner/.m2/repository/org/jetbrains/kotlin/kotlin-stdlib-common/1.4.31/kotlin-stdlib-common-1.4.31.jar:/home/runner/.m2/repository/org/jetbrains/annotations/13.0/annotations-13.0.jar:/home/runner/.m2/repository/io/opentracing/opentracing-util/0.33.0/opentracing-util-0.33.0.jar:/home/runner/.m2/repository/io/opentracing/opentracing-api/0.33.0/opentracing-api-0.33.0.jar:/home/runner/.m2/repository/io/opentracing/opentracing-noop/0.33.0/opentracing-noop-0.33.0.jar:/home/runner/.m2/repository/org/yaml/snakeyaml/1.26/snakeyaml-1.26.jar:/home/runner/.m2/repository/org/apache/ozone/hdds-interface-admin/1.3.0-SNAPSHOT/hdds-interface-admin-1.3.0-SNAPSHOT.jar:/home/runner/.m2/repository/junit/junit/4.13.1/junit-4.13.1.jar:/home/runner/.m2/repository/org/hamcrest/hamcrest-core/1.3/hamcrest-core-1.3.jar:/home/runner/.m2/repository/org/junit/jupiter/junit-jupiter-api/5.7.0/junit-jupiter-api-5.7.0.jar:/home/runner/.m2/repository/org/apiguardian/apiguardian-api/1.1.0/apiguardian-api-1.1.0.jar:/home/runner/.m2/repository/org/opentest4j/opentest4j/1.2.0/opentest4j-1.2.0.jar:/home/runner/.m2/repository/org/junit/platform/junit-platform-commons/1.7.0/junit-platform-commons-1.7.0.jar:/home/runner/.m2/repository/org/junit/jupiter/junit-jupiter-engine/5.7.0/junit-jupiter-engine-5.7.0.jar:/home/runner/.m2/repository/org/junit/platform/junit-platform-engine/1.7.0/junit-platform-engine-1.7.0.jar:/home/runner/.m2/repository/org/junit/vintage/junit-vintage-engine/5.7.0/junit-vintage-engine-5.7.0.jar:/home/runner/.m2/repository/org/junit/platform/junit-platform-launcher/1.7.0/junit-platform-launcher-1.7.0.jar:/home/runner/.m2/repository/org/mockito/mockito-core/2.28.2/mockito-core-2.28.2.jar:/home/runner/.m2/repository/net/bytebuddy/byte-buddy/1.9.10/byte-buddy-1.9.10.jar:/home/runner/.m2/repository/net/bytebuddy/byte-buddy-agent/1.9.10/byte-buddy-agent-1.9.10.jar:/home/runner/.m2/repository/org/objenesis/objenesis/1.0/objenesis-1.0.jar:/home/runner/.m2/repository/org/apache/hadoop/hadoop-kms/3.3.1/hadoop-kms-3.3.1.jar:/home/runner/.m2/repository/org/apache/hadoop/hadoop-auth/3.3.1/hadoop-auth-3.3.1.jar:/home/runner/.m2/repository/com/nimbusds/nimbus-jose-jwt/7.9/nimbus-jose-jwt-7.9.jar:/home/runner/.m2/repository/com/github/stephenc/jcip/jcip-annotations/1.0-1/jcip-annotations-1.0-1.jar:/home/runner/.m2/repository/net/minidev/json-smart/2.4.7/json-smart-2.4.7.jar:/home/runner/.m2/repository/net/minidev/accessors-smart/2.4.7/accessors-smart-2.4.7.jar:/home/runner/.m2/repository/org/ow2/asm/asm/5.0.4/asm-5.0.4.jar:/home/runner/.m2/repository/org/apache/zookeeper/zookeeper/3.5.6/zookeeper-3.5.6.jar:/home/runner/.m2/repository/org/apache/zookeeper/zookeeper-jute/3.5.6/zookeeper-jute-3.5.6.jar:/home/runner/.m2/repository/org/apache/yetus/audience-annotations/0.5.0/audience-annotations-0.5.0.jar:/home/runner/.m2/repository/org/apache/curator/curator-framework/4.2.0/curator-framework-4.2.0.jar:/home/runner/.m2/repository/org/apache/hadoop/thirdparty/hadoop-shaded-guava/1.1.1/hadoop-shaded-guava-1.1.1.jar:/home/runner/.m2/repository/com/sun/jersey/jersey-core/1.19/jersey-core-1.19.jar:/home/runner/.m2/repository/javax/ws/rs/jsr311-api/1.1.1/jsr311-api-1.1.1.jar:/home/runner/.m2/repository/com/sun/jersey/jersey-server/1.19/jersey-server-1.19.jar:/home/runner/.m2/repository/javax/servlet/javax.servlet-api/3.1.0/javax.servlet-api-3.1.0.jar:/home/runner/.m2/repository/org/eclipse/jetty/jetty-server/9.4.43.v20210629/jetty-server-9.4.43.v20210629.jar:/home/runner/.m2/repository/org/eclipse/jetty/jetty-http/9.4.43.v20210629/jetty-http-9.4.43.v20210629.jar:/home/runner/.m2/repository/org/eclipse/jetty/jetty-io/9.4.43.v20210629/jetty-io-9.4.43.v20210629.jar:/home/runner/.m2/repository/org/eclipse/jetty/jetty-webapp/9.4.43.v20210629/jetty-webapp-9.4.43.v20210629.jar:/home/runner/.m2/repository/org/eclipse/jetty/jetty-xml/9.4.43.v20210629/jetty-xml-9.4.43.v20210629.jar:/home/runner/.m2/repository/org/apache/hadoop/hadoop-common/3.3.1/hadoop-common-3.3.1.jar:/home/runner/.m2/repository/org/apache/commons/commons-math3/3.1.1/commons-math3-3.1.1.jar:/home/runner/.m2/repository/commons-net/commons-net/3.6/commons-net-3.6.jar:/home/runner/.m2/repository/jakarta/activation/jakarta.activation-api/1.2.1/jakarta.activation-api-1.2.1.jar:/home/runner/.m2/repository/com/sun/jersey/jersey-servlet/1.19/jersey-servlet-1.19.jar:/home/runner/.m2/repository/com/sun/jersey/jersey-json/1.19/jersey-json-1.19.jar:/home/runner/.m2/repository/org/codehaus/jettison/jettison/1.1/jettison-1.1.jar:/home/runner/.m2/repository/com/sun/xml/bind/jaxb-impl/2.2.3-1/jaxb-impl-2.2.3-1.jar:/home/runner/.m2/repository/org/codehaus/jackson/jackson-jaxrs/1.9.2/jackson-jaxrs-1.9.2.jar:/home/runner/.m2/repository/org/codehaus/jackson/jackson-xc/1.9.2/jackson-xc-1.9.2.jar:/home/runner/.m2/repository/org/apache/commons/commons-configuration2/2.1.1/commons-configuration2-2.1.1.jar:/home/runner/.m2/repository/org/apache/commons/commons-text/1.4/commons-text-1.4.jar:/home/runner/.m2/repository/com/google/re2j/re2j/1.1/re2j-1.1.jar:/home/runner/.m2/repository/com/jcraft/jsch/0.1.54/jsch-0.1.54.jar:/home/runner/.m2/repository/org/apache/curator/curator-client/4.2.0/curator-client-4.2.0.jar:/home/runner/.m2/repository/org/apache/curator/curator-recipes/4.2.0/curator-recipes-4.2.0.jar:/home/runner/.m2/repository/org/apache/kerby/kerb-core/1.0.1/kerb-core-1.0.1.jar:/home/runner/.m2/repository/org/apache/kerby/kerby-pkix/1.0.1/kerby-pkix-1.0.1.jar:/home/runner/.m2/repository/org/apache/kerby/kerby-asn1/1.0.1/kerby-asn1-1.0.1.jar:/home/runner/.m2/repository/org/apache/kerby/kerby-util/1.0.1/kerby-util-1.0.1.jar:/home/runner/.m2/repository/dnsjava/dnsjava/2.1.7/dnsjava-2.1.7.jar:/home/runner/.m2/repository/org/xerial/snappy/snappy-java/1.1.8.2/snappy-java-1.1.8.2.jar:/home/runner/.m2/repository/org/slf4j/jul-to-slf4j/1.7.30/jul-to-slf4j-1.7.30.jar:/home/runner/.m2/repository/org/eclipse/jetty/jetty-util/9.4.43.v20210629/jetty-util-9.4.43.v20210629.jar:/home/runner/.m2/repository/com/fasterxml/jackson/core/jackson-databind/2.12.1/jackson-databind-2.12.1.jar:/home/runner/.m2/repository/org/apache/hadoop/hadoop-kms/3.3.1/hadoop-kms-3.3.1-tests.jar:/home/runner/.m2/repository/org/apache/ozone/hdds-server-scm/1.3.0-SNAPSHOT/hdds-server-scm-1.3.0-SNAPSHOT-tests.jar:/home/runner/.m2/repository/org/apache/ozone/hdds-container-service/1.3.0-SNAPSHOT/hdds-container-service-1.3.0-SNAPSHOT-tests.jar:/home/runner/.m2/repository/commons-codec/commons-codec/1.11/commons-codec-1.11.jar:/home/runner/.m2/repository/io/netty/netty-transport/4.1.63.Final/netty-transport-4.1.63.Final.jar:/home/runner/.m2/repository/io/netty/netty-resolver/4.1.63.Final/netty-resolver-4.1.63.Final.jar:/home/runner/.m2/repository/io/netty/netty-codec/4.1.63.Final/netty-codec-4.1.63.Final.jar:/home/runner/.m2/repository/io/netty/netty-handler/4.1.63.Final/netty-handler-4.1.63.Final.jar:/home/runner/.m2/repository/org/apache/ozone/hdds-hadoop-dependency-test/1.3.0-SNAPSHOT/hdds-hadoop-dependency-test-1.3.0-SNAPSHOT.jar:/home/runner/.m2/repository/org/apache/hadoop/hadoop-common/3.3.1/hadoop-common-3.3.1-tests.jar:/home/runner/.m2/repository/org/assertj/assertj-core/3.12.2/assertj-core-3.12.2.jar:/home/runner/.m2/repository/org/apache/hadoop/hadoop-hdfs/3.3.1/hadoop-hdfs-3.3.1-tests.jar:/home/runner/.m2/repository/org/eclipse/jetty/jetty-util-ajax/9.4.43.v20210629/jetty-util-ajax-9.4.43.v20210629.jar:/home/runner/.m2/repository/commons-daemon/commons-daemon/1.0.13/commons-daemon-1.0.13.jar:/home/runner/.m2/repository/io/netty/netty/3.10.6.Final/netty-3.10.6.Final.jar:/home/runner/.m2/repository/io/netty/netty-all/4.1.63.Final/netty-all-4.1.63.Final.jar:/home/runner/.m2/repository/org/apache/htrace/htrace-core4/4.1.0-incubating/htrace-core4-4.1.0-incubating.jar:/home/runner/.m2/repository/org/fusesource/leveldbjni/leveldbjni-all/1.8/leveldbjni-all-1.8.jar:/home/runner/.m2/repository/org/apache/hadoop/hadoop-distcp/3.3.1/hadoop-distcp-3.3.1.jar:/home/runner/.m2/repository/org/apache/hadoop/hadoop-mapreduce-client-jobclient/3.3.1/hadoop-mapreduce-client-jobclient-3.3.1.jar:/home/runner/.m2/repository/org/apache/hadoop/hadoop-mapreduce-client-common/3.3.1/hadoop-mapreduce-client-common-3.3.1.jar:/home/runner/.m2/repository/org/apache/hadoop/hadoop-yarn-common/3.3.1/hadoop-yarn-common-3.3.1.jar:/home/runner/.m2/repository/org/apache/hadoop/hadoop-yarn-api/3.3.1/hadoop-yarn-api-3.3.1.jar:/home/runner/.m2/repository/com/sun/jersey/jersey-client/1.19/jersey-client-1.19.jar:/home/runner/.m2/repository/com/sun/jersey/contribs/jersey-guice/1.19/jersey-guice-1.19.jar:/home/runner/.m2/repository/com/fasterxml/jackson/jaxrs/jackson-jaxrs-json-provider/2.12.1/jackson-jaxrs-json-provider-2.12.1.jar:/home/runner/.m2/repository/com/fasterxml/jackson/jaxrs/jackson-jaxrs-base/2.12.1/jackson-jaxrs-base-2.12.1.jar:/home/runner/.m2/repository/org/apache/hadoop/hadoop-yarn-client/3.3.1/hadoop-yarn-client-3.3.1.jar:/home/runner/.m2/repository/org/eclipse/jetty/websocket/websocket-client/9.4.40.v20210413/websocket-client-9.4.40.v20210413.jar:/home/runner/.m2/repository/org/eclipse/jetty/jetty-client/9.4.40.v20210413/jetty-client-9.4.40.v20210413.jar:/home/runner/.m2/repository/org/eclipse/jetty/websocket/websocket-common/9.4.40.v20210413/websocket-common-9.4.40.v20210413.jar:/home/runner/.m2/repository/org/eclipse/jetty/websocket/websocket-api/9.4.40.v20210413/websocket-api-9.4.40.v20210413.jar:/home/runner/.m2/repository/org/jline/jline/3.9.0/jline-3.9.0.jar:/home/runner/.m2/repository/org/apache/hadoop/hadoop-mapreduce-client-core/3.3.1/hadoop-mapreduce-client-core-3.3.1.jar:/home/runner/.m2/repository/org/apache/avro/avro/1.7.7/avro-1.7.7.jar:/home/runner/.m2/repository/org/codehaus/jackson/jackson-core-asl/1.9.13/jackson-core-asl-1.9.13.jar:/home/runner/.m2/repository/org/codehaus/jackson/jackson-mapper-asl/1.9.13/jackson-mapper-asl-1.9.13.jar:/home/runner/.m2/repository/com/thoughtworks/paranamer/paranamer/2.3/paranamer-2.3.jar:/home/runner/.m2/repository/org/apache/hadoop/hadoop-annotations/3.3.1/hadoop-annotations-3.3.1.jar:/usr/lib/jvm/temurin-8-jdk-amd64/jre/../lib/tools.jar:/home/runner/.m2/repository/org/apache/hadoop/hadoop-distcp/3.3.1/hadoop-distcp-3.3.1-tests.jar:/home/runner/.m2/repository/org/apache/ratis/ratis-common/2.2.0/ratis-common-2.2.0.jar:/home/runner/.m2/repository/org/apache/ratis/ratis-thirdparty-misc/0.7.0/ratis-thirdparty-misc-0.7.0.jar:/home/runner/.m2/repository/org/apache/ratis/ratis-proto/2.2.0/ratis-proto-2.2.0.jar:"/>
    <property name="sun.cpu.endian" value="little"/>
    <property name="user.home" value="/home/runner"/>
    <property name="user.language" value="en"/>
    <property name="java.specification.vendor" value="Oracle Corporation"/>
    <property name="java.home" value="/usr/lib/jvm/temurin-8-jdk-amd64/jre"/>
    <property name="java.security.krb5.conf" value="/home/runner/work/ozone/ozone/hadoop-ozone/integration-test/target/test-classes/krb5.conf"/>
    <property name="basedir" value="/home/runner/work/ozone/ozone/hadoop-ozone/integration-test"/>
    <property name="file.separator" value="/"/>
    <property name="line.separator" value="&#10;"/>
    <property name="java.vm.specification.vendor" value="Oracle Corporation"/>
    <property name="java.specification.name" value="Java Platform API Specification"/>
    <property name="java.awt.graphicsenv" value="sun.awt.X11GraphicsEnvironment"/>
    <property name="skip.installnpx" value="true"/>
    <property name="surefire.real.class.path" value="/home/runner/work/ozone/ozone/hadoop-ozone/integration-test/target/surefire/surefirebooter4611556472028682484.jar:/home/runner/.m2/repository/org/jacoco/org.jacoco.agent/0.8.5/org.jacoco.agent-0.8.5-runtime.jar"/>
    <property name="hadoop.log.dir" value="/home/runner/work/ozone/ozone/hadoop-ozone/integration-test/target/log"/>
    <property name="sun.boot.class.path" value="/usr/lib/jvm/temurin-8-jdk-amd64/jre/lib/resources.jar:/usr/lib/jvm/temurin-8-jdk-amd64/jre/lib/rt.jar:/usr/lib/jvm/temurin-8-jdk-amd64/jre/lib/sunrsasign.jar:/usr/lib/jvm/temurin-8-jdk-amd64/jre/lib/jsse.jar:/usr/lib/jvm/temurin-8-jdk-amd64/jre/lib/jce.jar:/usr/lib/jvm/temurin-8-jdk-amd64/jre/lib/charsets.jar:/usr/lib/jvm/temurin-8-jdk-amd64/jre/lib/jfr.jar:/usr/lib/jvm/temurin-8-jdk-amd64/jre/classes"/>
    <property name="sun.management.compiler" value="HotSpot 64-Bit Tiered Compilers"/>
    <property name="skip.npx" value="true"/>
    <property name="java.runtime.version" value="1.8.0_322-b06"/>
    <property name="java.net.preferIPv4Stack" value="true"/>
    <property name="user.name" value="runner"/>
    <property name="path.separator" value=":"/>
    <property name="java.security.egd" value="file:///dev/urandom"/>
    <property name="os.version" value="5.4.0-1070-azure"/>
    <property name="java.endorsed.dirs" value="/usr/lib/jvm/temurin-8-jdk-amd64/jre/lib/endorsed"/>
    <property name="java.runtime.name" value="OpenJDK Runtime Environment"/>
    <property name="file.encoding" value="UTF-8"/>
    <property name="java.vm.name" value="OpenJDK 64-Bit Server VM"/>
    <property name="test.build.webapps" value=""/>
    <property name="localRepository" value="/home/runner/.m2/repository"/>
    <property name="java.vendor.url.bug" value="https://github.com/adoptium/adoptium-support/issues"/>
    <property name="java.io.tmpdir" value="/tmp"/>
    <property name="require.test.libhadoop" value=""/>
    <property name="java.version" value="1.8.0_322"/>
    <property name="user.dir" value="/home/runner/work/ozone/ozone/hadoop-ozone/integration-test"/>
    <property name="os.arch" value="amd64"/>
    <property name="java.vm.specification.name" value="Java Virtual Machine Specification"/>
    <property name="test.build.classes" value="/home/runner/work/ozone/ozone/hadoop-ozone/integration-test/target/test-classes"/>
    <property name="java.awt.printerjob" value="sun.print.PSPrinterJob"/>
    <property name="sun.os.patch.level" value="unknown"/>
    <property name="hadoop.tmp.dir" value="/home/runner/work/ozone/ozone/hadoop-ozone/integration-test/target/tmp"/>
    <property name="java.library.path" value="/usr/java/packages/lib/amd64:/usr/lib64:/lib64:/lib:/usr/lib"/>
    <property name="java.vm.info" value="mixed mode"/>
    <property name="java.vendor" value="Temurin"/>
    <property name="java.vm.version" value="25.322-b06"/>
    <property name="java.ext.dirs" value="/usr/lib/jvm/temurin-8-jdk-amd64/jre/lib/ext:/usr/java/packages/lib/ext"/>
    <property name="sun.io.unicode.encoding" value="UnicodeLittle"/>
    <property name="java.class.version" value="52.0"/>
  </properties>
  <testcase name="testMultipleDataDirs" classname="org.apache.hadoop.ozone.TestMiniOzoneCluster" time="30.764"/>
  <testcase name="testStartMultipleDatanodes" classname="org.apache.hadoop.ozone.TestMiniOzoneCluster" time="46.16"/>
  <testcase name="testDNstartAfterSCM" classname="org.apache.hadoop.ozone.TestMiniOzoneCluster" time="118.277">
    <error message="test timed out after 100000 milliseconds" type="org.junit.runners.model.TestTimedOutException">org.junit.runners.model.TestTimedOutException: test timed out after 100000 milliseconds
	at java.lang.Thread.sleep(Native Method)
	at org.apache.hadoop.ozone.TestMiniOzoneCluster.testDNstartAfterSCM(TestMiniOzoneCluster.java:334)
	at sun.reflect.NativeMethodAccessorImpl.invoke0(Native Method)
	at sun.reflect.NativeMethodAccessorImpl.invoke(NativeMethodAccessorImpl.java:62)
	at sun.reflect.DelegatingMethodAccessorImpl.invoke(DelegatingMethodAccessorImpl.java:43)
	at java.lang.reflect.Method.invoke(Method.java:498)
	at org.junit.runners.model.FrameworkMethod$1.runReflectiveCall(FrameworkMethod.java:59)
	at org.junit.internal.runners.model.ReflectiveCallable.run(ReflectiveCallable.java:12)
	at org.junit.runners.model.FrameworkMethod.invokeExplosively(FrameworkMethod.java:56)
	at org.junit.internal.runners.statements.InvokeMethod.evaluate(InvokeMethod.java:17)
	at org.junit.internal.runners.statements.FailOnTimeout$CallableStatement.call(FailOnTimeout.java:288)
	at org.junit.internal.runners.statements.FailOnTimeout$CallableStatement.call(FailOnTimeout.java:282)
	at java.util.concurrent.FutureTask.run(FutureTask.java:266)
	at java.lang.Thread.run(Thread.java:750)
</error>
    <system-out><![CDATA[2022-03-08 02:51:36,299 [Time-limited test] WARN  server.ServerUtils (ServerUtils.java:getScmDbDir(148)) - ozone.scm.db.dirs is not configured. We recommend adding this setting. Falling back to ozone.metadata.dirs instead.
2022-03-08 02:51:36,315 [Time-limited test] INFO  ha.SCMHANodeDetails (SCMHANodeDetails.java:loadSCMHAConfig(157)) - ServiceID for StorageContainerManager is null
2022-03-08 02:51:36,315 [Time-limited test] INFO  ha.SCMHANodeDetails (SCMHANodeDetails.java:loadSCMHAConfig(162)) - ozone.scm.default.service.id is not defined, falling back to ozone.scm.service.ids to find serviceID for StorageContainerManager if it is HA enabled cluster
2022-03-08 02:51:36,316 [Time-limited test] INFO  server.RaftServer (ConfUtils.java:logGet(44)) - raft.rpc.type = GRPC (default)
2022-03-08 02:51:36,316 [Time-limited test] INFO  grpc.GrpcFactory (GrpcFactory.java:checkPooledByteBufAllocatorUseCacheForAllThreads(48)) - PERFORMANCE WARNING: useCacheForAllThreads is true that may cause Netty to create a lot garbage objects and, as a result, trigger GC.
	It is recommended to disable useCacheForAllThreads by setting -Dorg.apache.ratis.thirdparty.io.netty.allocator.useCacheForAllThreads=false in command line.
2022-03-08 02:51:36,316 [Time-limited test] INFO  grpc.GrpcConfigKeys (ConfUtils.java:logGet(44)) - raft.grpc.admin.port = -1 (default)
2022-03-08 02:51:36,316 [Time-limited test] INFO  grpc.GrpcConfigKeys (ConfUtils.java:logGet(44)) - raft.grpc.server.port = 9894 (custom)
2022-03-08 02:51:36,316 [Time-limited test] INFO  grpc.GrpcConfigKeys (ConfUtils.java:logGet(44)) - raft.grpc.client.port = -1 (default)
2022-03-08 02:51:36,316 [Time-limited test] INFO  grpc.GrpcConfigKeys (ConfUtils.java:logGet(44)) - raft.grpc.server.port = 9894 (custom)
2022-03-08 02:51:36,316 [Time-limited test] INFO  grpc.GrpcConfigKeys (ConfUtils.java:logGet(44)) - raft.grpc.server.port = 9894 (custom)
2022-03-08 02:51:36,316 [Time-limited test] INFO  server.GrpcService (ConfUtils.java:logGet(44)) - raft.grpc.message.size.max = 32m (=33554432) (custom)
2022-03-08 02:51:36,316 [Time-limited test] INFO  server.RaftServerConfigKeys (ConfUtils.java:logGet(44)) - raft.server.log.appender.buffer.byte-limit = 33554432 (custom)
2022-03-08 02:51:36,316 [Time-limited test] INFO  server.GrpcService (ConfUtils.java:logGet(44)) - raft.grpc.flow.control.window = 1MB (=1048576) (default)
2022-03-08 02:51:36,316 [Time-limited test] INFO  server.RaftServerConfigKeys (ConfUtils.java:logGet(44)) - raft.server.rpc.request.timeout = 30000ms (custom)
2022-03-08 02:51:36,318 [Time-limited test] INFO  impl.DataStreamServerImpl (ConfUtils.java:logGet(44)) - raft.datastream.type = DISABLED (default)
2022-03-08 02:51:36,318 [Time-limited test] INFO  server.RaftServerConfigKeys (ConfUtils.java:logGet(44)) - raft.server.rpc.slowness.timeout = 120000ms (custom)
2022-03-08 02:51:36,318 [Time-limited test] INFO  server.RaftServerConfigKeys (ConfUtils.java:logGet(44)) - raft.server.leaderelection.leader.step-down.wait-time = 10s (default)
2022-03-08 02:51:36,318 [Time-limited test] INFO  server.RaftServerConfigKeys (ConfUtils.java:logGet(44)) - raft.server.storage.dir = [/home/runner/work/ozone/ozone/hadoop-ozone/integration-test/target/test-dir/MiniOzoneClusterImpl-c5fac6bb-2c25-4e61-a608-d2807dddd723/ozone-meta/scm-ha] (custom)
2022-03-08 02:51:36,327 [Time-limited test] INFO  server.RaftServer (RaftServerProxy.java:addNew(95)) - 9209d50e-90dc-4221-8928-8437f8c41eb2: addNew group-D2807DDDD723:[9209d50e-90dc-4221-8928-8437f8c41eb2|rpc:fv-az297-394:9894|priority:0] returns group-D2807DDDD723:java.util.concurrent.CompletableFuture@44ec6db9[Not completed]
2022-03-08 02:51:36,327 [pool-208-thread-1] INFO  server.RaftServer$Division (RaftServerImpl.java:<init>(184)) - 9209d50e-90dc-4221-8928-8437f8c41eb2: new RaftServerImpl for group-D2807DDDD723:[9209d50e-90dc-4221-8928-8437f8c41eb2|rpc:fv-az297-394:9894|priority:0] with SCMStateMachine:uninitialized
2022-03-08 02:51:36,337 [pool-208-thread-1] INFO  server.RaftServerConfigKeys (ConfUtils.java:logGet(44)) - raft.server.rpc.timeout.min = 5000ms (custom)
2022-03-08 02:51:36,337 [pool-208-thread-1] INFO  server.RaftServerConfigKeys (ConfUtils.java:logGet(44)) - raft.server.rpc.timeout.max = 5200ms (custom)
2022-03-08 02:51:36,337 [pool-208-thread-1] INFO  server.RaftServerConfigKeys (ConfUtils.java:logGet(44)) - raft.server.rpc.sleep.time = 25ms (default)
2022-03-08 02:51:36,337 [pool-208-thread-1] INFO  server.RaftServerConfigKeys (ConfUtils.java:logGet(44)) - raft.server.rpc.slowness.timeout = 120000ms (custom)
2022-03-08 02:51:36,337 [pool-208-thread-1] INFO  server.RaftServerConfigKeys (ConfUtils.java:logGet(44)) - raft.server.leaderelection.leader.step-down.wait-time = 10s (default)
2022-03-08 02:51:36,337 [pool-208-thread-1] INFO  server.RaftServerConfigKeys (ConfUtils.java:logGet(44)) - raft.server.sleep.deviation.threshold = 300ms (default)
2022-03-08 02:51:36,337 [pool-208-thread-1] INFO  server.RaftServerConfigKeys (ConfUtils.java:logGet(44)) - raft.server.log.appender.install.snapshot.enabled = false (custom)
2022-03-08 02:51:36,338 [pool-208-thread-1] INFO  server.RaftServer$Division (ServerState.java:<init>(105)) - 9209d50e-90dc-4221-8928-8437f8c41eb2@group-D2807DDDD723: ConfigurationManager, init=-1: [9209d50e-90dc-4221-8928-8437f8c41eb2|rpc:fv-az297-394:9894|priority:0], old=null, confs=<EMPTY_MAP>
2022-03-08 02:51:36,338 [pool-208-thread-1] INFO  server.RaftServerConfigKeys (ConfUtils.java:logGet(44)) - raft.server.storage.dir = [/home/runner/work/ozone/ozone/hadoop-ozone/integration-test/target/test-dir/MiniOzoneClusterImpl-c5fac6bb-2c25-4e61-a608-d2807dddd723/ozone-meta/scm-ha] (custom)
2022-03-08 02:51:36,338 [pool-208-thread-1] INFO  server.RaftServerConfigKeys (ConfUtils.java:logGet(44)) - raft.server.log.corruption.policy = EXCEPTION (default)
2022-03-08 02:51:36,338 [pool-208-thread-1] INFO  server.RaftServerConfigKeys (ConfUtils.java:logGet(44)) - raft.server.storage.free-space.min = 0MB (=0) (default)
2022-03-08 02:51:36,338 [pool-208-thread-1] INFO  storage.RaftStorageDirectory (RaftStorageDirectoryImpl.java:analyzeStorage(135)) - The storage directory /home/runner/work/ozone/ozone/hadoop-ozone/integration-test/target/test-dir/MiniOzoneClusterImpl-c5fac6bb-2c25-4e61-a608-d2807dddd723/ozone-meta/scm-ha/c5fac6bb-2c25-4e61-a608-d2807dddd723 does not exist. Creating ...
2022-03-08 02:51:36,339 [pool-208-thread-1] INFO  storage.RaftStorageDirectory (RaftStorageDirectoryImpl.java:tryLock(230)) - Lock on /home/runner/work/ozone/ozone/hadoop-ozone/integration-test/target/test-dir/MiniOzoneClusterImpl-c5fac6bb-2c25-4e61-a608-d2807dddd723/ozone-meta/scm-ha/c5fac6bb-2c25-4e61-a608-d2807dddd723/in_use.lock acquired by nodename 19767@fv-az297-394
2022-03-08 02:51:36,341 [pool-208-thread-1] INFO  storage.RaftStorage (RaftStorageImpl.java:format(89)) - Storage directory /home/runner/work/ozone/ozone/hadoop-ozone/integration-test/target/test-dir/MiniOzoneClusterImpl-c5fac6bb-2c25-4e61-a608-d2807dddd723/ozone-meta/scm-ha/c5fac6bb-2c25-4e61-a608-d2807dddd723 has been successfully formatted.
2022-03-08 02:51:36,342 [pool-208-thread-1] INFO  server.RaftServerConfigKeys (ConfUtils.java:logGet(44)) - raft.server.notification.no-leader.timeout = 60s (default)
2022-03-08 02:51:36,342 [pool-208-thread-1] INFO  server.RaftServerConfigKeys (ConfUtils.java:logGet(44)) - raft.server.log.use.memory = false (default)
2022-03-08 02:51:36,342 [pool-208-thread-1] INFO  server.RaftServerConfigKeys (ConfUtils.java:logGet(44)) - raft.server.log.purge.gap = 1000000 (custom)
2022-03-08 02:51:36,342 [pool-208-thread-1] INFO  server.RaftServerConfigKeys (ConfUtils.java:logGet(44)) - raft.server.log.appender.buffer.byte-limit = 33554432 (custom)
2022-03-08 02:51:36,342 [pool-208-thread-1] INFO  server.RaftServerConfigKeys (ConfUtils.java:logGet(44)) - raft.server.log.segment.size.max = 4194304 (custom)
2022-03-08 02:51:36,343 [pool-208-thread-1] INFO  server.RaftServerConfigKeys (ConfUtils.java:logGet(44)) - raft.server.log.segment.cache.num.max = 2 (custom)
2022-03-08 02:51:36,343 [pool-208-thread-1] INFO  server.RaftServerConfigKeys (ConfUtils.java:logGet(44)) - raft.server.log.segment.cache.size.max = 200MB (=209715200) (default)
2022-03-08 02:51:36,343 [pool-208-thread-1] INFO  segmented.SegmentedRaftLogWorker (SegmentedRaftLogWorker.java:<init>(182)) - new 9209d50e-90dc-4221-8928-8437f8c41eb2@group-D2807DDDD723-SegmentedRaftLogWorker for RaftStorageImpl:Storage Directory /home/runner/work/ozone/ozone/hadoop-ozone/integration-test/target/test-dir/MiniOzoneClusterImpl-c5fac6bb-2c25-4e61-a608-d2807dddd723/ozone-meta/scm-ha/c5fac6bb-2c25-4e61-a608-d2807dddd723
2022-03-08 02:51:36,343 [pool-208-thread-1] INFO  server.RaftServerConfigKeys (ConfUtils.java:logGet(44)) - raft.server.log.queue.byte-limit = 64MB (=67108864) (default)
2022-03-08 02:51:36,343 [pool-208-thread-1] INFO  server.RaftServerConfigKeys (ConfUtils.java:logGet(44)) - raft.server.log.queue.element-limit = 4096 (default)
2022-03-08 02:51:36,343 [pool-208-thread-1] INFO  server.RaftServerConfigKeys (ConfUtils.java:logGet(44)) - raft.server.log.segment.size.max = 4194304 (custom)
2022-03-08 02:51:36,343 [pool-208-thread-1] INFO  server.RaftServerConfigKeys (ConfUtils.java:logGet(44)) - raft.server.log.preallocated.size = 4194304 (custom)
2022-03-08 02:51:36,343 [pool-208-thread-1] INFO  server.RaftServerConfigKeys (ConfUtils.java:logGet(44)) - raft.server.log.force.sync.num = 128 (default)
2022-03-08 02:51:36,343 [pool-208-thread-1] INFO  server.RaftServerConfigKeys (ConfUtils.java:logGet(44)) - raft.server.log.statemachine.data.sync = true (default)
2022-03-08 02:51:36,343 [pool-208-thread-1] INFO  server.RaftServerConfigKeys (ConfUtils.java:logGet(44)) - raft.server.log.statemachine.data.sync.timeout = 10s (default)
2022-03-08 02:51:36,345 [pool-208-thread-1] INFO  server.RaftServerConfigKeys (ConfUtils.java:logGet(44)) - raft.server.log.statemachine.data.sync.timeout.retry = -1 (default)
2022-03-08 02:51:36,346 [pool-208-thread-1] INFO  server.RaftServerConfigKeys (ConfUtils.java:logGet(44)) - raft.server.log.write.buffer.size = 64KB (=65536) (default)
2022-03-08 02:51:36,346 [pool-208-thread-1] INFO  server.RaftServerConfigKeys (ConfUtils.java:logGet(44)) - raft.server.log.statemachine.data.caching.enabled = false (default)
2022-03-08 02:51:36,346 [pool-208-thread-1] INFO  segmented.SegmentedRaftLogWorker (SegmentedRaftLogWorker.java:lambda$new$0(133)) - 9209d50e-90dc-4221-8928-8437f8c41eb2@group-D2807DDDD723-SegmentedRaftLogWorker: flushIndex: setUnconditionally 0 -> -1
2022-03-08 02:51:36,346 [pool-208-thread-1] INFO  segmented.SegmentedRaftLogWorker (SegmentedRaftLogWorker.java:lambda$new$0(133)) - 9209d50e-90dc-4221-8928-8437f8c41eb2@group-D2807DDDD723-SegmentedRaftLogWorker: safeCacheEvictIndex: setUnconditionally 0 -> -1
2022-03-08 02:51:36,350 [pool-208-thread-1] INFO  server.RaftServerConfigKeys (ConfUtils.java:logGet(44)) - raft.server.snapshot.auto.trigger.enabled = true (custom)
2022-03-08 02:51:36,350 [pool-208-thread-1] INFO  server.RaftServerConfigKeys (ConfUtils.java:logGet(44)) - raft.server.snapshot.auto.trigger.threshold = 1000 (custom)
2022-03-08 02:51:36,350 [pool-208-thread-1] INFO  server.RaftServerConfigKeys (ConfUtils.java:logGet(44)) - raft.server.snapshot.retention.file.num = -1 (default)
2022-03-08 02:51:36,351 [pool-208-thread-1] INFO  server.RaftServerConfigKeys (ConfUtils.java:logGet(44)) - raft.server.log.purge.upto.snapshot.index = false (default)
2022-03-08 02:51:36,351 [pool-208-thread-1] INFO  server.RaftServerConfigKeys (ConfUtils.java:logGet(44)) - raft.server.retrycache.expirytime = 60000ms (default)
2022-03-08 02:51:36,351 [pool-208-thread-1] INFO  server.RaftServerConfigKeys (ConfUtils.java:logGet(44)) - raft.server.retrycache.statistics.expirytime = 100μs (default)
2022-03-08 02:51:36,352 [Time-limited test] INFO  server.RaftServer$Division (RaftServerImpl.java:start(301)) - 9209d50e-90dc-4221-8928-8437f8c41eb2@group-D2807DDDD723: start as a follower, conf=-1: [9209d50e-90dc-4221-8928-8437f8c41eb2|rpc:fv-az297-394:9894|priority:0], old=null
2022-03-08 02:51:36,352 [Time-limited test] INFO  server.RaftServer$Division (RaftServerImpl.java:setRole(290)) - 9209d50e-90dc-4221-8928-8437f8c41eb2@group-D2807DDDD723: changes role from      null to FOLLOWER at term 0 for startAsFollower
2022-03-08 02:51:36,352 [Time-limited test] INFO  impl.RoleInfo (RoleInfo.java:updateAndGet(130)) - 9209d50e-90dc-4221-8928-8437f8c41eb2: start 9209d50e-90dc-4221-8928-8437f8c41eb2@group-D2807DDDD723-FollowerState
2022-03-08 02:51:36,360 [Time-limited test] INFO  util.JmxRegister (JmxRegister.java:tryRegister(44)) - Successfully registered JMX Bean with object name Ratis:service=RaftServer,group=group-D2807DDDD723,id=9209d50e-90dc-4221-8928-8437f8c41eb2
2022-03-08 02:51:36,361 [Time-limited test] INFO  server.RaftServer (RaftServerProxy.java:lambda$start$5(374)) - 9209d50e-90dc-4221-8928-8437f8c41eb2: start RPC server
2022-03-08 02:51:36,362 [Time-limited test] INFO  server.GrpcService (GrpcService.java:startImpl(253)) - 9209d50e-90dc-4221-8928-8437f8c41eb2: GrpcService started, listening on 9894
2022-03-08 02:51:36,389 [org.apache.ratis.util.JvmPauseMonitor$$Lambda$431/28165379@451c24d6] INFO  util.JvmPauseMonitor (JvmPauseMonitor.java:run(103)) - JvmPauseMonitor-9209d50e-90dc-4221-8928-8437f8c41eb2: Started
2022-03-08 02:51:41,423 [9209d50e-90dc-4221-8928-8437f8c41eb2@group-D2807DDDD723-FollowerState] INFO  impl.FollowerState (FollowerState.java:run(134)) - 9209d50e-90dc-4221-8928-8437f8c41eb2@group-D2807DDDD723-FollowerState: change to CANDIDATE, lastRpcElapsedTime:5071248482ns, electionTimeout:5063ms
2022-03-08 02:51:41,424 [9209d50e-90dc-4221-8928-8437f8c41eb2@group-D2807DDDD723-FollowerState] INFO  impl.RoleInfo (RoleInfo.java:shutdownFollowerState(108)) - 9209d50e-90dc-4221-8928-8437f8c41eb2: shutdown 9209d50e-90dc-4221-8928-8437f8c41eb2@group-D2807DDDD723-FollowerState
2022-03-08 02:51:41,424 [9209d50e-90dc-4221-8928-8437f8c41eb2@group-D2807DDDD723-FollowerState] INFO  server.RaftServer$Division (RaftServerImpl.java:setRole(290)) - 9209d50e-90dc-4221-8928-8437f8c41eb2@group-D2807DDDD723: changes role from  FOLLOWER to CANDIDATE at term 0 for changeToCandidate
2022-03-08 02:51:41,424 [9209d50e-90dc-4221-8928-8437f8c41eb2@group-D2807DDDD723-FollowerState] INFO  server.RaftServerConfigKeys (ConfUtils.java:logGet(44)) - raft.server.leaderelection.pre-vote = false (custom)
2022-03-08 02:51:41,424 [9209d50e-90dc-4221-8928-8437f8c41eb2@group-D2807DDDD723-FollowerState] INFO  impl.RoleInfo (RoleInfo.java:updateAndGet(130)) - 9209d50e-90dc-4221-8928-8437f8c41eb2: start 9209d50e-90dc-4221-8928-8437f8c41eb2@group-D2807DDDD723-LeaderElection12
2022-03-08 02:51:41,434 [9209d50e-90dc-4221-8928-8437f8c41eb2@group-D2807DDDD723-LeaderElection12] INFO  impl.LeaderElection (LeaderElection.java:askForVotes(306)) - 9209d50e-90dc-4221-8928-8437f8c41eb2@group-D2807DDDD723-LeaderElection12 ELECTION round 0: submit vote requests at term 1 for -1: [9209d50e-90dc-4221-8928-8437f8c41eb2|rpc:fv-az297-394:9894|priority:0], old=null
2022-03-08 02:51:41,434 [9209d50e-90dc-4221-8928-8437f8c41eb2@group-D2807DDDD723-LeaderElection12] INFO  impl.LeaderElection (LeaderElection.java:askForVotes(308)) - 9209d50e-90dc-4221-8928-8437f8c41eb2@group-D2807DDDD723-LeaderElection12 ELECTION round 0: result PASSED (term=1)
2022-03-08 02:51:41,435 [9209d50e-90dc-4221-8928-8437f8c41eb2@group-D2807DDDD723-LeaderElection12] INFO  impl.RoleInfo (RoleInfo.java:shutdownLeaderElection(121)) - 9209d50e-90dc-4221-8928-8437f8c41eb2: shutdown 9209d50e-90dc-4221-8928-8437f8c41eb2@group-D2807DDDD723-LeaderElection12
2022-03-08 02:51:41,435 [9209d50e-90dc-4221-8928-8437f8c41eb2@group-D2807DDDD723-LeaderElection12] INFO  server.RaftServer$Division (RaftServerImpl.java:setRole(290)) - 9209d50e-90dc-4221-8928-8437f8c41eb2@group-D2807DDDD723: changes role from CANDIDATE to LEADER at term 1 for changeToLeader
2022-03-08 02:51:41,435 [9209d50e-90dc-4221-8928-8437f8c41eb2@group-D2807DDDD723-LeaderElection12] INFO  server.RaftServer$Division (ServerState.java:setLeader(285)) - 9209d50e-90dc-4221-8928-8437f8c41eb2@group-D2807DDDD723: change Leader from null to 9209d50e-90dc-4221-8928-8437f8c41eb2 at term 1 for becomeLeader, leader elected after 5092ms
2022-03-08 02:51:41,435 [9209d50e-90dc-4221-8928-8437f8c41eb2@group-D2807DDDD723-LeaderElection12] INFO  server.RaftServerConfigKeys (ConfUtils.java:logGet(44)) - raft.server.staging.catchup.gap = 1000 (default)
2022-03-08 02:51:41,438 [9209d50e-90dc-4221-8928-8437f8c41eb2@group-D2807DDDD723-LeaderElection12] INFO  server.RaftServerConfigKeys (ConfUtils.java:logGet(44)) - raft.server.write.element-limit = 4096 (default)
2022-03-08 02:51:41,438 [9209d50e-90dc-4221-8928-8437f8c41eb2@group-D2807DDDD723-LeaderElection12] INFO  server.RaftServerConfigKeys (ConfUtils.java:logGet(44)) - raft.server.write.byte-limit = 64MB (=67108864) (default)
2022-03-08 02:51:41,438 [9209d50e-90dc-4221-8928-8437f8c41eb2@group-D2807DDDD723-LeaderElection12] INFO  server.RaftServerConfigKeys (ConfUtils.java:logGet(44)) - raft.server.watch.timeout = 10s (default)
2022-03-08 02:51:41,438 [9209d50e-90dc-4221-8928-8437f8c41eb2@group-D2807DDDD723-LeaderElection12] INFO  server.RaftServerConfigKeys (ConfUtils.java:logGet(44)) - raft.server.watch.timeout.denomination = 1s (default)
2022-03-08 02:51:41,439 [9209d50e-90dc-4221-8928-8437f8c41eb2@group-D2807DDDD723-LeaderElection12] INFO  server.RaftServerConfigKeys (ConfUtils.java:logGet(44)) - raft.server.watch.element-limit = 65536 (default)
2022-03-08 02:51:41,439 [9209d50e-90dc-4221-8928-8437f8c41eb2@group-D2807DDDD723-LeaderElection12] INFO  server.RaftServerConfigKeys (ConfUtils.java:logGet(44)) - raft.server.write.element-limit = 4096 (default)
2022-03-08 02:51:41,439 [9209d50e-90dc-4221-8928-8437f8c41eb2@group-D2807DDDD723-LeaderElection12] INFO  server.RaftServerConfigKeys (ConfUtils.java:logGet(44)) - raft.server.write.follower.gap.ratio.max = -1.0 (default)
2022-03-08 02:51:41,439 [9209d50e-90dc-4221-8928-8437f8c41eb2@group-D2807DDDD723-LeaderElection12] INFO  impl.RoleInfo (RoleInfo.java:updateAndGet(130)) - 9209d50e-90dc-4221-8928-8437f8c41eb2: start 9209d50e-90dc-4221-8928-8437f8c41eb2@group-D2807DDDD723-LeaderStateImpl
2022-03-08 02:51:41,439 [9209d50e-90dc-4221-8928-8437f8c41eb2@group-D2807DDDD723-LeaderElection12] INFO  segmented.SegmentedRaftLogWorker (SegmentedRaftLogWorker.java:startLogSegment(394)) - 9209d50e-90dc-4221-8928-8437f8c41eb2@group-D2807DDDD723-SegmentedRaftLogWorker: Starting segment from index:0
2022-03-08 02:51:41,448 [9209d50e-90dc-4221-8928-8437f8c41eb2@group-D2807DDDD723-LeaderElection12] INFO  server.RaftServer$Division (ServerState.java:setRaftConf(387)) - 9209d50e-90dc-4221-8928-8437f8c41eb2@group-D2807DDDD723: set configuration 0: [9209d50e-90dc-4221-8928-8437f8c41eb2|rpc:fv-az297-394:9894|admin:|client:|dataStream:|priority:0], old=null
2022-03-08 02:51:41,454 [9209d50e-90dc-4221-8928-8437f8c41eb2@group-D2807DDDD723-SegmentedRaftLogWorker] INFO  segmented.SegmentedRaftLogWorker (SegmentedRaftLogWorker.java:execute(601)) - 9209d50e-90dc-4221-8928-8437f8c41eb2@group-D2807DDDD723-SegmentedRaftLogWorker: created new log segment /home/runner/work/ozone/ozone/hadoop-ozone/integration-test/target/test-dir/MiniOzoneClusterImpl-c5fac6bb-2c25-4e61-a608-d2807dddd723/ozone-meta/scm-ha/c5fac6bb-2c25-4e61-a608-d2807dddd723/current/log_inprogress_0
2022-03-08 02:51:42,366 [Time-limited test] INFO  server.RaftServer (RaftServerProxy.java:lambda$close$6(391)) - 9209d50e-90dc-4221-8928-8437f8c41eb2: close
2022-03-08 02:51:42,366 [Time-limited test] INFO  server.RaftServer$Division (RaftServerImpl.java:lambda$close$4(412)) - 9209d50e-90dc-4221-8928-8437f8c41eb2@group-D2807DDDD723: shutdown
2022-03-08 02:51:42,366 [Time-limited test] INFO  util.JmxRegister (JmxRegister.java:unregister(73)) - Successfully un-registered JMX Bean with object name Ratis:service=RaftServer,group=group-D2807DDDD723,id=9209d50e-90dc-4221-8928-8437f8c41eb2
2022-03-08 02:51:42,366 [Time-limited test] INFO  impl.RoleInfo (RoleInfo.java:shutdownLeaderState(91)) - 9209d50e-90dc-4221-8928-8437f8c41eb2: shutdown 9209d50e-90dc-4221-8928-8437f8c41eb2@group-D2807DDDD723-LeaderStateImpl
2022-03-08 02:51:42,366 [Time-limited test] INFO  impl.PendingRequests (PendingRequests.java:sendNotLeaderResponses(282)) - 9209d50e-90dc-4221-8928-8437f8c41eb2@group-D2807DDDD723-PendingRequests: sendNotLeaderResponses
2022-03-08 02:51:42,367 [Time-limited test] INFO  impl.StateMachineUpdater (StateMachineUpdater.java:stopAndJoin(149)) - 9209d50e-90dc-4221-8928-8437f8c41eb2@group-D2807DDDD723-StateMachineUpdater: set stopIndex = 0
2022-03-08 02:51:42,367 [9209d50e-90dc-4221-8928-8437f8c41eb2@group-D2807DDDD723-StateMachineUpdater] INFO  impl.StateMachineUpdater (StateMachineUpdater.java:takeSnapshot(281)) - 9209d50e-90dc-4221-8928-8437f8c41eb2@group-D2807DDDD723-StateMachineUpdater: Took a snapshot at index 0
2022-03-08 02:51:42,367 [9209d50e-90dc-4221-8928-8437f8c41eb2@group-D2807DDDD723-StateMachineUpdater] INFO  impl.StateMachineUpdater (StateMachineUpdater.java:lambda$new$0(89)) - 9209d50e-90dc-4221-8928-8437f8c41eb2@group-D2807DDDD723-StateMachineUpdater: snapshotIndex: updateIncreasingly -1 -> 0
2022-03-08 02:51:42,370 [Time-limited test] INFO  server.RaftServer$Division (ServerState.java:close(419)) - 9209d50e-90dc-4221-8928-8437f8c41eb2@group-D2807DDDD723: closes. applyIndex: 0
2022-03-08 02:51:42,370 [9209d50e-90dc-4221-8928-8437f8c41eb2@group-D2807DDDD723-SegmentedRaftLogWorker] INFO  segmented.SegmentedRaftLogWorker (SegmentedRaftLogWorker.java:run(327)) - 9209d50e-90dc-4221-8928-8437f8c41eb2@group-D2807DDDD723-SegmentedRaftLogWorker was interrupted, exiting. There are 0 tasks remaining in the queue.
2022-03-08 02:51:42,371 [Time-limited test] INFO  segmented.SegmentedRaftLogWorker (SegmentedRaftLogWorker.java:close(237)) - 9209d50e-90dc-4221-8928-8437f8c41eb2@group-D2807DDDD723-SegmentedRaftLogWorker close()
2022-03-08 02:51:42,376 [Time-limited test] INFO  server.GrpcService (GrpcService.java:closeImpl(262)) - 9209d50e-90dc-4221-8928-8437f8c41eb2: shutdown server with port 9894 now
2022-03-08 02:51:42,376 [Time-limited test] INFO  server.GrpcService (GrpcService.java:closeImpl(271)) - 9209d50e-90dc-4221-8928-8437f8c41eb2: shutdown server with port 9894 successfully
2022-03-08 02:51:42,376 [org.apache.ratis.util.JvmPauseMonitor$$Lambda$431/28165379@451c24d6] INFO  util.JvmPauseMonitor (JvmPauseMonitor.java:run(109)) - JvmPauseMonitor-9209d50e-90dc-4221-8928-8437f8c41eb2: Stopped
2022-03-08 02:51:42,382 [Time-limited test] INFO  ha.SCMHANodeDetails (SCMHANodeDetails.java:loadSCMHAConfig(157)) - ServiceID for StorageContainerManager is null
2022-03-08 02:51:42,382 [Time-limited test] INFO  ha.SCMHANodeDetails (SCMHANodeDetails.java:loadSCMHAConfig(162)) - ozone.scm.default.service.id is not defined, falling back to ozone.scm.service.ids to find serviceID for StorageContainerManager if it is HA enabled cluster
2022-03-08 02:51:42,383 [Time-limited test] WARN  server.ServerUtils (ServerUtils.java:getScmDbDir(148)) - ozone.scm.db.dirs is not configured. We recommend adding this setting. Falling back to ozone.metadata.dirs instead.
2022-03-08 02:51:42,383 [Time-limited test] INFO  upgrade.AbstractLayoutVersionManager (AbstractLayoutVersionManager.java:init(79)) - Initializing Layout version manager with metadata layout = SCM_HA (version = 2), software layout = SCM_HA (version = 2)
2022-03-08 02:51:42,437 [Time-limited test] INFO  reflections.Reflections (Reflections.java:scan(232)) - Reflections took 53 ms to scan 7 urls, producing 122 keys and 286 values 
2022-03-08 02:51:42,483 [Time-limited test] WARN  utils.HAUtils (HAUtils.java:getMetaDir(342)) - ozone.scm.db.dirs is not configured. We recommend adding this setting. Falling back to ozone.metadata.dirs instead.
2022-03-08 02:51:42,488 [Time-limited test] WARN  db.DBStoreBuilder (DBStoreBuilder.java:applyDBDefinition(145)) - ozone.scm.db.dirs is not configured. We recommend adding this setting. Falling back to ozone.metadata.dirs instead.
2022-03-08 02:51:42,610 [Time-limited test] INFO  net.NodeSchemaLoader (NodeSchemaLoader.java:loadSchemaFromFile(129)) - Loading schema from [jar:file:/home/runner/.m2/repository/org/apache/ozone/hdds-common/1.3.0-SNAPSHOT/hdds-common-1.3.0-SNAPSHOT.jar!/network-topology-default.xml]
2022-03-08 02:51:42,612 [Time-limited test] INFO  net.NodeSchemaLoader (NodeSchemaLoader.java:loadSchema(176)) - Loading network topology layer schema file
2022-03-08 02:51:42,623 [Time-limited test] INFO  ha.SCMRatisServerImpl (SCMRatisServerImpl.java:<init>(87)) - starting Raft server for scm:9209d50e-90dc-4221-8928-8437f8c41eb2
2022-03-08 02:51:42,624 [Time-limited test] INFO  server.RaftServer (ConfUtils.java:logGet(44)) - raft.rpc.type = GRPC (default)
2022-03-08 02:51:42,624 [Time-limited test] INFO  grpc.GrpcFactory (GrpcFactory.java:checkPooledByteBufAllocatorUseCacheForAllThreads(48)) - PERFORMANCE WARNING: useCacheForAllThreads is true that may cause Netty to create a lot garbage objects and, as a result, trigger GC.
	It is recommended to disable useCacheForAllThreads by setting -Dorg.apache.ratis.thirdparty.io.netty.allocator.useCacheForAllThreads=false in command line.
2022-03-08 02:51:42,626 [Time-limited test] INFO  grpc.GrpcConfigKeys (ConfUtils.java:logGet(44)) - raft.grpc.admin.port = -1 (default)
2022-03-08 02:51:42,626 [Time-limited test] INFO  grpc.GrpcConfigKeys (ConfUtils.java:logGet(44)) - raft.grpc.server.port = 9894 (custom)
2022-03-08 02:51:42,626 [Time-limited test] INFO  grpc.GrpcConfigKeys (ConfUtils.java:logGet(44)) - raft.grpc.client.port = -1 (default)
2022-03-08 02:51:42,626 [Time-limited test] INFO  grpc.GrpcConfigKeys (ConfUtils.java:logGet(44)) - raft.grpc.server.port = 9894 (custom)
2022-03-08 02:51:42,626 [Time-limited test] INFO  grpc.GrpcConfigKeys (ConfUtils.java:logGet(44)) - raft.grpc.server.port = 9894 (custom)
2022-03-08 02:51:42,626 [Time-limited test] INFO  server.GrpcService (ConfUtils.java:logGet(44)) - raft.grpc.message.size.max = 32m (=33554432) (custom)
2022-03-08 02:51:42,626 [Time-limited test] INFO  server.RaftServerConfigKeys (ConfUtils.java:logGet(44)) - raft.server.log.appender.buffer.byte-limit = 33554432 (custom)
2022-03-08 02:51:42,626 [Time-limited test] INFO  server.GrpcService (ConfUtils.java:logGet(44)) - raft.grpc.flow.control.window = 1MB (=1048576) (default)
2022-03-08 02:51:42,627 [Time-limited test] INFO  server.RaftServerConfigKeys (ConfUtils.java:logGet(44)) - raft.server.rpc.request.timeout = 30000ms (custom)
2022-03-08 02:51:42,628 [Time-limited test] INFO  impl.DataStreamServerImpl (ConfUtils.java:logGet(44)) - raft.datastream.type = DISABLED (default)
2022-03-08 02:51:42,628 [Time-limited test] INFO  server.RaftServerConfigKeys (ConfUtils.java:logGet(44)) - raft.server.rpc.slowness.timeout = 120000ms (custom)
2022-03-08 02:51:42,628 [Time-limited test] INFO  server.RaftServerConfigKeys (ConfUtils.java:logGet(44)) - raft.server.leaderelection.leader.step-down.wait-time = 10s (default)
2022-03-08 02:51:42,628 [Time-limited test] INFO  server.RaftServerConfigKeys (ConfUtils.java:logGet(44)) - raft.server.storage.dir = [/home/runner/work/ozone/ozone/hadoop-ozone/integration-test/target/test-dir/MiniOzoneClusterImpl-c5fac6bb-2c25-4e61-a608-d2807dddd723/ozone-meta/scm-ha] (custom)
2022-03-08 02:51:42,628 [Time-limited test] INFO  server.RaftServer (RaftServerProxy.java:lambda$null$1(235)) - 9209d50e-90dc-4221-8928-8437f8c41eb2: found a subdirectory /home/runner/work/ozone/ozone/hadoop-ozone/integration-test/target/test-dir/MiniOzoneClusterImpl-c5fac6bb-2c25-4e61-a608-d2807dddd723/ozone-meta/scm-ha/c5fac6bb-2c25-4e61-a608-d2807dddd723
2022-03-08 02:51:42,629 [Time-limited test] INFO  server.RaftServer (RaftServerProxy.java:addNew(95)) - 9209d50e-90dc-4221-8928-8437f8c41eb2: addNew group-D2807DDDD723:[] returns group-D2807DDDD723:java.util.concurrent.CompletableFuture@61fb5873[Not completed]
2022-03-08 02:51:42,639 [pool-221-thread-1] INFO  server.RaftServer$Division (RaftServerImpl.java:<init>(184)) - 9209d50e-90dc-4221-8928-8437f8c41eb2: new RaftServerImpl for group-D2807DDDD723:[] with SCMStateMachine:uninitialized
2022-03-08 02:51:42,640 [pool-221-thread-1] INFO  server.RaftServerConfigKeys (ConfUtils.java:logGet(44)) - raft.server.rpc.timeout.min = 5000ms (custom)
2022-03-08 02:51:42,640 [pool-221-thread-1] INFO  server.RaftServerConfigKeys (ConfUtils.java:logGet(44)) - raft.server.rpc.timeout.max = 5200ms (custom)
2022-03-08 02:51:42,640 [pool-221-thread-1] INFO  server.RaftServerConfigKeys (ConfUtils.java:logGet(44)) - raft.server.rpc.sleep.time = 25ms (default)
2022-03-08 02:51:42,640 [pool-221-thread-1] INFO  server.RaftServerConfigKeys (ConfUtils.java:logGet(44)) - raft.server.rpc.slowness.timeout = 120000ms (custom)
2022-03-08 02:51:42,640 [pool-221-thread-1] INFO  server.RaftServerConfigKeys (ConfUtils.java:logGet(44)) - raft.server.leaderelection.leader.step-down.wait-time = 10s (default)
2022-03-08 02:51:42,640 [pool-221-thread-1] INFO  server.RaftServerConfigKeys (ConfUtils.java:logGet(44)) - raft.server.sleep.deviation.threshold = 300ms (default)
2022-03-08 02:51:42,640 [pool-221-thread-1] INFO  server.RaftServerConfigKeys (ConfUtils.java:logGet(44)) - raft.server.log.appender.install.snapshot.enabled = false (custom)
2022-03-08 02:51:42,641 [pool-221-thread-1] INFO  server.RaftServer$Division (ServerState.java:<init>(105)) - 9209d50e-90dc-4221-8928-8437f8c41eb2@group-D2807DDDD723: ConfigurationManager, init=-1: [], old=null, confs=<EMPTY_MAP>
2022-03-08 02:51:42,641 [pool-221-thread-1] INFO  server.RaftServerConfigKeys (ConfUtils.java:logGet(44)) - raft.server.storage.dir = [/home/runner/work/ozone/ozone/hadoop-ozone/integration-test/target/test-dir/MiniOzoneClusterImpl-c5fac6bb-2c25-4e61-a608-d2807dddd723/ozone-meta/scm-ha] (custom)
2022-03-08 02:51:42,641 [pool-221-thread-1] INFO  server.RaftServerConfigKeys (ConfUtils.java:logGet(44)) - raft.server.log.corruption.policy = EXCEPTION (default)
2022-03-08 02:51:42,641 [pool-221-thread-1] INFO  server.RaftServerConfigKeys (ConfUtils.java:logGet(44)) - raft.server.storage.free-space.min = 0MB (=0) (default)
2022-03-08 02:51:42,642 [pool-221-thread-1] INFO  storage.RaftStorageDirectory (RaftStorageDirectoryImpl.java:tryLock(230)) - Lock on /home/runner/work/ozone/ozone/hadoop-ozone/integration-test/target/test-dir/MiniOzoneClusterImpl-c5fac6bb-2c25-4e61-a608-d2807dddd723/ozone-meta/scm-ha/c5fac6bb-2c25-4e61-a608-d2807dddd723/in_use.lock acquired by nodename 19767@fv-az297-394
2022-03-08 02:51:42,642 [pool-221-thread-1] INFO  storage.RaftStorage (RaftStorageImpl.java:analyzeAndRecoverStorage(110)) - Read RaftStorageMetadata{term=1, votedFor=9209d50e-90dc-4221-8928-8437f8c41eb2} from /home/runner/work/ozone/ozone/hadoop-ozone/integration-test/target/test-dir/MiniOzoneClusterImpl-c5fac6bb-2c25-4e61-a608-d2807dddd723/ozone-meta/scm-ha/c5fac6bb-2c25-4e61-a608-d2807dddd723/current/raft-meta
2022-03-08 02:51:42,643 [pool-221-thread-1] INFO  server.RaftServer$Division (ServerState.java:setRaftConf(387)) - 9209d50e-90dc-4221-8928-8437f8c41eb2@group-D2807DDDD723: set configuration 0: [9209d50e-90dc-4221-8928-8437f8c41eb2|rpc:fv-az297-394:9894|admin:|client:|dataStream:|priority:0], old=null
2022-03-08 02:51:42,643 [pool-221-thread-1] INFO  server.RaftServerConfigKeys (ConfUtils.java:logGet(44)) - raft.server.notification.no-leader.timeout = 60s (default)
2022-03-08 02:51:42,643 [pool-221-thread-1] INFO  server.RaftServerConfigKeys (ConfUtils.java:logGet(44)) - raft.server.log.use.memory = false (default)
2022-03-08 02:51:42,643 [pool-221-thread-1] INFO  server.RaftServerConfigKeys (ConfUtils.java:logGet(44)) - raft.server.log.purge.gap = 1000000 (custom)
2022-03-08 02:51:42,643 [pool-221-thread-1] INFO  server.RaftServerConfigKeys (ConfUtils.java:logGet(44)) - raft.server.log.appender.buffer.byte-limit = 33554432 (custom)
2022-03-08 02:51:42,643 [pool-221-thread-1] INFO  server.RaftServerConfigKeys (ConfUtils.java:logGet(44)) - raft.server.log.segment.size.max = 4194304 (custom)
2022-03-08 02:51:42,643 [pool-221-thread-1] INFO  server.RaftServerConfigKeys (ConfUtils.java:logGet(44)) - raft.server.log.segment.cache.num.max = 2 (custom)
2022-03-08 02:51:42,644 [pool-221-thread-1] INFO  server.RaftServerConfigKeys (ConfUtils.java:logGet(44)) - raft.server.log.segment.cache.size.max = 200MB (=209715200) (default)
2022-03-08 02:51:42,644 [pool-221-thread-1] INFO  segmented.SegmentedRaftLogWorker (SegmentedRaftLogWorker.java:<init>(182)) - new 9209d50e-90dc-4221-8928-8437f8c41eb2@group-D2807DDDD723-SegmentedRaftLogWorker for RaftStorageImpl:Storage Directory /home/runner/work/ozone/ozone/hadoop-ozone/integration-test/target/test-dir/MiniOzoneClusterImpl-c5fac6bb-2c25-4e61-a608-d2807dddd723/ozone-meta/scm-ha/c5fac6bb-2c25-4e61-a608-d2807dddd723
2022-03-08 02:51:42,644 [pool-221-thread-1] INFO  server.RaftServerConfigKeys (ConfUtils.java:logGet(44)) - raft.server.log.queue.byte-limit = 64MB (=67108864) (default)
2022-03-08 02:51:42,644 [pool-221-thread-1] INFO  server.RaftServerConfigKeys (ConfUtils.java:logGet(44)) - raft.server.log.queue.element-limit = 4096 (default)
2022-03-08 02:51:42,644 [pool-221-thread-1] INFO  server.RaftServerConfigKeys (ConfUtils.java:logGet(44)) - raft.server.log.segment.size.max = 4194304 (custom)
2022-03-08 02:51:42,644 [pool-221-thread-1] INFO  server.RaftServerConfigKeys (ConfUtils.java:logGet(44)) - raft.server.log.preallocated.size = 4194304 (custom)
2022-03-08 02:51:42,644 [pool-221-thread-1] INFO  server.RaftServerConfigKeys (ConfUtils.java:logGet(44)) - raft.server.log.force.sync.num = 128 (default)
2022-03-08 02:51:42,644 [pool-221-thread-1] INFO  server.RaftServerConfigKeys (ConfUtils.java:logGet(44)) - raft.server.log.statemachine.data.sync = true (default)
2022-03-08 02:51:42,644 [pool-221-thread-1] INFO  server.RaftServerConfigKeys (ConfUtils.java:logGet(44)) - raft.server.log.statemachine.data.sync.timeout = 10s (default)
2022-03-08 02:51:42,644 [pool-221-thread-1] INFO  server.RaftServerConfigKeys (ConfUtils.java:logGet(44)) - raft.server.log.statemachine.data.sync.timeout.retry = -1 (default)
2022-03-08 02:51:42,645 [pool-221-thread-1] INFO  server.RaftServerConfigKeys (ConfUtils.java:logGet(44)) - raft.server.log.write.buffer.size = 64KB (=65536) (default)
2022-03-08 02:51:42,645 [pool-221-thread-1] INFO  server.RaftServerConfigKeys (ConfUtils.java:logGet(44)) - raft.server.log.statemachine.data.caching.enabled = false (default)
2022-03-08 02:51:42,647 [pool-221-thread-1] INFO  server.RaftServer$Division (ServerState.java:setRaftConf(387)) - 9209d50e-90dc-4221-8928-8437f8c41eb2@group-D2807DDDD723: set configuration 0: [9209d50e-90dc-4221-8928-8437f8c41eb2|rpc:fv-az297-394:9894|admin:|client:|dataStream:|priority:0], old=null
2022-03-08 02:51:42,647 [pool-221-thread-1] INFO  segmented.LogSegment (LogSegment.java:loadSegment(173)) - Successfully read 1 entries from segment file /home/runner/work/ozone/ozone/hadoop-ozone/integration-test/target/test-dir/MiniOzoneClusterImpl-c5fac6bb-2c25-4e61-a608-d2807dddd723/ozone-meta/scm-ha/c5fac6bb-2c25-4e61-a608-d2807dddd723/current/log_inprogress_0
2022-03-08 02:51:42,647 [pool-221-thread-1] INFO  segmented.SegmentedRaftLogWorker (SegmentedRaftLogWorker.java:lambda$new$0(133)) - 9209d50e-90dc-4221-8928-8437f8c41eb2@group-D2807DDDD723-SegmentedRaftLogWorker: flushIndex: setUnconditionally 0 -> 0
2022-03-08 02:51:42,647 [pool-221-thread-1] INFO  segmented.SegmentedRaftLogWorker (SegmentedRaftLogWorker.java:lambda$new$0(133)) - 9209d50e-90dc-4221-8928-8437f8c41eb2@group-D2807DDDD723-SegmentedRaftLogWorker: safeCacheEvictIndex: setUnconditionally 0 -> -1
2022-03-08 02:51:42,647 [pool-221-thread-1] INFO  server.RaftServerConfigKeys (ConfUtils.java:logGet(44)) - raft.server.snapshot.auto.trigger.enabled = true (custom)
2022-03-08 02:51:42,648 [pool-221-thread-1] INFO  server.RaftServerConfigKeys (ConfUtils.java:logGet(44)) - raft.server.snapshot.auto.trigger.threshold = 1000 (custom)
2022-03-08 02:51:42,648 [pool-221-thread-1] INFO  server.RaftServerConfigKeys (ConfUtils.java:logGet(44)) - raft.server.snapshot.retention.file.num = -1 (default)
2022-03-08 02:51:42,648 [pool-221-thread-1] INFO  server.RaftServerConfigKeys (ConfUtils.java:logGet(44)) - raft.server.log.purge.upto.snapshot.index = false (default)
2022-03-08 02:51:42,648 [pool-221-thread-1] INFO  server.RaftServerConfigKeys (ConfUtils.java:logGet(44)) - raft.server.retrycache.expirytime = 60000ms (default)
2022-03-08 02:51:42,648 [pool-221-thread-1] INFO  server.RaftServerConfigKeys (ConfUtils.java:logGet(44)) - raft.server.retrycache.statistics.expirytime = 100μs (default)
2022-03-08 02:51:42,651 [Time-limited test] INFO  ha.SCMSnapshotProvider (SCMSnapshotProvider.java:<init>(66)) - Initializing SCM Snapshot Provider
2022-03-08 02:51:42,655 [Time-limited test] WARN  server.ServerUtils (ServerUtils.java:getDefaultRatisDirectory(237)) - Storage directory for Ratis is not configured. It is a good idea to map this to an SSD disk. Falling back to ozone.metadata.dirs
2022-03-08 02:51:42,655 [Time-limited test] WARN  ha.SCMHAUtils (SCMHAUtils.java:getSCMRatisSnapshotDirectory(151)) - SCM snapshot dir is not configured. Falling back to ozone.metadata.dirs config
2022-03-08 02:51:42,657 [Time-limited test] INFO  ha.SequenceIdGenerator (SequenceIdGenerator.java:upgradeToSequenceId(347)) - upgrade localId to 109611004723200000
2022-03-08 02:51:42,658 [Time-limited test] INFO  ha.SequenceIdGenerator (SequenceIdGenerator.java:upgradeToSequenceId(357)) - upgrade delTxnId to 0
2022-03-08 02:51:42,658 [Time-limited test] INFO  ha.SequenceIdGenerator (SequenceIdGenerator.java:upgradeToSequenceId(371)) - upgrade containerId to 0
2022-03-08 02:51:42,658 [Time-limited test] INFO  ha.SequenceIdGenerator (SequenceIdGenerator.java:<init>(218)) - Init the HA SequenceIdGenerator.
2022-03-08 02:51:42,658 [Time-limited test] WARN  server.ServerUtils (ServerUtils.java:sanitizeUserArgs(73)) - ozone.scm.stale.node.interval value = 300000 is larger than max = 100000 based on the key value of ozone.scm.heartbeat.thread.interval, reset to the max value 100000.
2022-03-08 02:51:42,658 [Time-limited test] WARN  server.ServerUtils (ServerUtils.java:sanitizeUserArgs(73)) - ozone.scm.stale.node.interval value = 300000 is larger than max = 100000 based on the key value of ozone.scm.heartbeat.thread.interval, reset to the max value 100000.
2022-03-08 02:51:42,661 [Time-limited test] INFO  node.SCMNodeManager (SCMNodeManager.java:<init>(146)) - Entering startup safe mode.
2022-03-08 02:51:42,661 [Time-limited test] INFO  algorithms.ContainerPlacementPolicyFactory (ContainerPlacementPolicyFactory.java:getPolicy(60)) - Create container placement policy of type org.apache.hadoop.hdds.scm.container.placement.algorithms.SCMContainerPlacementRandom
2022-03-08 02:51:42,668 [Time-limited test] INFO  pipeline.PipelineStateManagerImpl (PipelineStateManagerImpl.java:initialize(78)) - No pipeline exists in current db
2022-03-08 02:51:42,668 [Time-limited test] INFO  algorithms.LeaderChoosePolicyFactory (LeaderChoosePolicyFactory.java:getPolicy(57)) - Create leader choose policy of type org.apache.hadoop.hdds.scm.pipeline.leader.choose.algorithms.MinLeaderCountChoosePolicy
2022-03-08 02:51:42,669 [Time-limited test] INFO  ha.SCMServiceManager (SCMServiceManager.java:register(42)) - Registering service BackgroundPipelineCreator.
2022-03-08 02:51:42,671 [Time-limited test] INFO  pipeline.BackgroundPipelineCreator (BackgroundPipelineCreator.java:start(130)) - Starting RatisPipelineUtilsThread.
2022-03-08 02:51:42,673 [Time-limited test] INFO  algorithms.PipelineChoosePolicyFactory (PipelineChoosePolicyFactory.java:createPipelineChoosePolicyFromClass(73)) - Create pipeline choose policy of type org.apache.hadoop.hdds.scm.pipeline.choose.algorithms.RandomPipelineChoosePolicy
2022-03-08 02:51:42,674 [Time-limited test] INFO  ha.SCMServiceManager (SCMServiceManager.java:register(42)) - Registering service SCMBlockDeletingService.
2022-03-08 02:51:42,674 [Time-limited test] INFO  ha.SCMServiceManager (SCMServiceManager.java:register(42)) - Registering service ReplicationManager.
2022-03-08 02:51:42,674 [Time-limited test] INFO  container.ReplicationManager (ReplicationManager.java:start(326)) - Starting Replication Monitor Thread.
2022-03-08 02:51:42,677 [Time-limited test] INFO  safemode.ContainerSafeModeRule (ContainerSafeModeRule.java:<init>(89)) - containers with one replica threshold count 0
2022-03-08 02:51:42,677 [Time-limited test] INFO  safemode.HealthyPipelineSafeModeRule (HealthyPipelineSafeModeRule.java:initializeRule(156)) - Total pipeline count is 0, healthy pipeline threshold count is 1
2022-03-08 02:51:42,678 [Time-limited test] INFO  safemode.OneReplicaPipelineSafeModeRule (OneReplicaPipelineSafeModeRule.java:initializeRule(180)) - Total pipeline count is 0, pipeline's with at least one datanode reported threshold count is 0
2022-03-08 02:51:42,678 [Time-limited test] INFO  ipc.CallQueueManager (CallQueueManager.java:<init>(90)) - Using callQueue: class java.util.concurrent.LinkedBlockingQueue, queueCapacity: 2000, scheduler: class org.apache.hadoop.ipc.DefaultRpcScheduler, ipcBackoff: false.
2022-03-08 02:51:42,679 [Socket Reader #1 for port 0] INFO  ipc.Server (Server.java:run(1265)) - Starting Socket Reader #1 for port 0
2022-03-08 02:51:42,679 [Listener at 0.0.0.0/39159] INFO  ipc.CallQueueManager (CallQueueManager.java:<init>(90)) - Using callQueue: class java.util.concurrent.LinkedBlockingQueue, queueCapacity: 2000, scheduler: class org.apache.hadoop.ipc.DefaultRpcScheduler, ipcBackoff: false.
2022-03-08 02:51:42,680 [Socket Reader #1 for port 0] INFO  ipc.Server (Server.java:run(1265)) - Starting Socket Reader #1 for port 0
2022-03-08 02:51:42,681 [Listener at 0.0.0.0/40167] INFO  ipc.CallQueueManager (CallQueueManager.java:<init>(90)) - Using callQueue: class java.util.concurrent.LinkedBlockingQueue, queueCapacity: 2000, scheduler: class org.apache.hadoop.ipc.DefaultRpcScheduler, ipcBackoff: false.
2022-03-08 02:51:42,682 [Socket Reader #1 for port 0] INFO  ipc.Server (Server.java:run(1265)) - Starting Socket Reader #1 for port 0
2022-03-08 02:51:42,693 [ReplicationMonitor] INFO  container.ReplicationManager (ReplicationManager.java:processAll(374)) - Replication Manager is not ready to run until 3000ms after safemode exit
2022-03-08 02:51:42,718 [Listener at 0.0.0.0/43267] INFO  server.StorageContainerManager (StorageContainerManager.java:<init>(389)) - 
Container Balancer status:
Key                            Value
Running                        false
Container Balancer Configuration values:
Key                                                Value
Threshold                                          10
Max Datanodes to Involve per Iteration(percent)    20
Max Size to Move per Iteration                     500GB
Max Size Entering Target per Iteration             26GB
Max Size Leaving Source per Iteration              26GB

2022-03-08 02:51:42,718 [Listener at 0.0.0.0/43267] WARN  events.EventQueue (EventQueue.java:fireEvent(194)) - No event handler registered for event TypedEvent{payloadType=SafeModeStatus, name='Safe mode status'}
2022-03-08 02:51:42,718 [Listener at 0.0.0.0/43267] INFO  ha.SCMContext (SCMContext.java:updateSafeModeStatus(211)) - Update SafeModeStatus from SafeModeStatus{safeModeStatus=true, preCheckPassed=false} to SafeModeStatus{safeModeStatus=true, preCheckPassed=false}.
2022-03-08 02:51:42,719 [Listener at 0.0.0.0/43267] INFO  server.StorageContainerManager (StorageContainerManager.java:start(1327)) - StorageContainerLocationProtocol RPC server is listening at /0.0.0.0:43267
2022-03-08 02:51:42,719 [Listener at 0.0.0.0/43267] INFO  ha.SCMRatisServerImpl (SCMRatisServerImpl.java:start(177)) - starting ratis server 0.0.0.0:9894
2022-03-08 02:51:42,719 [Listener at 0.0.0.0/43267] INFO  server.RaftServer$Division (RaftServerImpl.java:start(301)) - 9209d50e-90dc-4221-8928-8437f8c41eb2@group-D2807DDDD723: start as a follower, conf=0: [9209d50e-90dc-4221-8928-8437f8c41eb2|rpc:fv-az297-394:9894|admin:|client:|dataStream:|priority:0], old=null
2022-03-08 02:51:42,719 [Listener at 0.0.0.0/43267] INFO  server.RaftServer$Division (RaftServerImpl.java:setRole(290)) - 9209d50e-90dc-4221-8928-8437f8c41eb2@group-D2807DDDD723: changes role from      null to FOLLOWER at term 1 for startAsFollower
2022-03-08 02:51:42,719 [Listener at 0.0.0.0/43267] INFO  impl.RoleInfo (RoleInfo.java:updateAndGet(130)) - 9209d50e-90dc-4221-8928-8437f8c41eb2: start 9209d50e-90dc-4221-8928-8437f8c41eb2@group-D2807DDDD723-FollowerState
2022-03-08 02:51:42,719 [Listener at 0.0.0.0/43267] INFO  util.JmxRegister (JmxRegister.java:tryRegister(44)) - Successfully registered JMX Bean with object name Ratis:service=RaftServer,group=group-D2807DDDD723,id=9209d50e-90dc-4221-8928-8437f8c41eb2
2022-03-08 02:51:42,733 [Listener at 0.0.0.0/43267] INFO  server.RaftServer (RaftServerProxy.java:lambda$start$5(374)) - 9209d50e-90dc-4221-8928-8437f8c41eb2: start RPC server
2022-03-08 02:51:42,734 [Listener at 0.0.0.0/43267] INFO  server.GrpcService (GrpcService.java:startImpl(253)) - 9209d50e-90dc-4221-8928-8437f8c41eb2: GrpcService started, listening on 9894
2022-03-08 02:51:42,734 [Listener at 0.0.0.0/43267] INFO  ha.SCMHAManagerImpl (SCMHAManagerImpl.java:start(121)) -  scm role is FOLLOWER peers [9209d50e-90dc-4221-8928-8437f8c41eb2|rpc:fv-az297-394:9894|admin:|client:|dataStream:|priority:0]
2022-03-08 02:51:42,734 [Listener at 0.0.0.0/43267] INFO  ha.InterSCMGrpcService (InterSCMGrpcProtocolService.java:start(94)) - Starting SCM Grpc Service at port 9895
2022-03-08 02:51:42,736 [Listener at 0.0.0.0/43267] WARN  impl.MetricsConfig (MetricsConfig.java:loadFirst(136)) - Cannot locate configuration: tried hadoop-metrics2-storagecontainermanager.properties,hadoop-metrics2.properties
2022-03-08 02:51:42,740 [org.apache.ratis.util.JvmPauseMonitor$$Lambda$431/28165379@31921e92] INFO  util.JvmPauseMonitor (JvmPauseMonitor.java:run(103)) - JvmPauseMonitor-9209d50e-90dc-4221-8928-8437f8c41eb2: Started
2022-03-08 02:51:42,749 [Listener at 0.0.0.0/43267] INFO  impl.MetricsSystemImpl (MetricsSystemImpl.java:startTimer(378)) - Scheduled Metric snapshot period at 10 second(s).
2022-03-08 02:51:42,754 [Listener at 0.0.0.0/43267] INFO  impl.MetricsSystemImpl (MetricsSystemImpl.java:start(191)) - StorageContainerManager metrics system started
2022-03-08 02:51:42,763 [Listener at 0.0.0.0/43267] INFO  impl.MetricsSinkAdapter (MetricsSinkAdapter.java:start(204)) - Sink prometheus started
2022-03-08 02:51:42,764 [Listener at 0.0.0.0/43267] INFO  impl.MetricsSystemImpl (MetricsSystemImpl.java:registerSink(305)) - Registered sink prometheus
2022-03-08 02:51:42,781 [Listener at 0.0.0.0/43267] INFO  server.SCMClientProtocolServer (SCMClientProtocolServer.java:start(165)) - RPC server for Client  is listening at /0.0.0.0:43267
2022-03-08 02:51:42,781 [IPC Server Responder] INFO  ipc.Server (Server.java:run(1507)) - IPC Server Responder: starting
2022-03-08 02:51:42,781 [IPC Server listener on 0] INFO  ipc.Server (Server.java:run(1344)) - IPC Server listener on 0: starting
2022-03-08 02:51:42,823 [Listener at 0.0.0.0/43267] INFO  server.StorageContainerManager (StorageContainerManager.java:start(1342)) - ScmBlockLocationProtocol RPC server is listening at /0.0.0.0:40167
2022-03-08 02:51:42,823 [Listener at 0.0.0.0/43267] INFO  server.SCMBlockProtocolServer (SCMBlockProtocolServer.java:start(151)) - RPC server for Block Protocol is listening at /0.0.0.0:40167
2022-03-08 02:51:42,824 [IPC Server Responder] INFO  ipc.Server (Server.java:run(1507)) - IPC Server Responder: starting
2022-03-08 02:51:42,824 [IPC Server listener on 0] INFO  ipc.Server (Server.java:run(1344)) - IPC Server listener on 0: starting
2022-03-08 02:51:42,829 [Listener at 0.0.0.0/43267] INFO  http.BaseHttpServer (BaseHttpServer.java:newHttpServer2BuilderForOzone(209)) - Starting Web-server for scm at: http://0.0.0.0:0
2022-03-08 02:51:42,829 [Listener at 0.0.0.0/43267] INFO  http.BaseHttpServer (BaseHttpServer.java:<init>(107)) - Hadoop Security Enabled: false Ozone Security Enabled: false Ozone HTTP Security Enabled: false 
2022-03-08 02:51:42,831 [Listener at 0.0.0.0/43267] INFO  server.AuthenticationFilter (AuthenticationFilter.java:constructSecretProvider(240)) - Unable to initialize FileSignerSecretProvider, falling back to use random secrets.
2022-03-08 02:51:42,831 [org.apache.hadoop.util.JvmPauseMonitor$Monitor@693ae967] INFO  util.JvmPauseMonitor (JvmPauseMonitor.java:run(188)) - Starting JVM pause monitor
2022-03-08 02:51:42,832 [Listener at 0.0.0.0/43267] WARN  http.HttpRequestLog (HttpRequestLog.java:getRequestLog(103)) - Jetty request log can only be enabled using Log4j
2022-03-08 02:51:42,832 [Listener at 0.0.0.0/43267] INFO  http.HttpServer2 (HttpServer2.java:addGlobalFilter(1030)) - Added global filter 'safety' (class=org.apache.hadoop.hdds.server.http.HttpServer2$QuotingInputFilter)
2022-03-08 02:51:42,833 [Listener at 0.0.0.0/43267] INFO  http.HttpServer2 (HttpServer2.java:addFilter(1006)) - Added filter static_user_filter (class=org.apache.hadoop.http.lib.StaticUserWebFilter$StaticUserFilter) to context scm
2022-03-08 02:51:42,833 [Listener at 0.0.0.0/43267] INFO  http.HttpServer2 (HttpServer2.java:addFilter(1014)) - Added filter static_user_filter (class=org.apache.hadoop.http.lib.StaticUserWebFilter$StaticUserFilter) to context static
2022-03-08 02:51:42,833 [Listener at 0.0.0.0/43267] INFO  http.HttpServer2 (HttpServer2.java:addFilter(1014)) - Added filter static_user_filter (class=org.apache.hadoop.http.lib.StaticUserWebFilter$StaticUserFilter) to context logs
2022-03-08 02:51:42,834 [Listener at 0.0.0.0/43267] INFO  http.HttpServer2 (HttpServer2.java:bindListener(1249)) - Jetty bound to port 44213
2022-03-08 02:51:42,834 [Listener at 0.0.0.0/43267] INFO  server.Server (Server.java:doStart(375)) - jetty-9.4.43.v20210629; built: 2021-06-30T11:07:22.254Z; git: 526006ecfa3af7f1a27ef3a288e2bef7ea9dd7e8; jvm 1.8.0_322-b06
2022-03-08 02:51:42,860 [Listener at 0.0.0.0/43267] INFO  server.session (DefaultSessionIdManager.java:doStart(334)) - DefaultSessionIdManager workerName=node0
2022-03-08 02:51:42,860 [Listener at 0.0.0.0/43267] INFO  server.session (DefaultSessionIdManager.java:doStart(339)) - No SessionScavenger set, using defaults
2022-03-08 02:51:42,861 [Listener at 0.0.0.0/43267] INFO  server.session (HouseKeeper.java:startScavenging(132)) - node0 Scavenging every 660000ms
2022-03-08 02:51:42,865 [Listener at 0.0.0.0/43267] INFO  handler.ContextHandler (ContextHandler.java:doStart(915)) - Started o.e.j.s.ServletContextHandler@4e678aa8{logs,/logs,file:///home/runner/work/ozone/ozone/hadoop-ozone/integration-test/target/log,AVAILABLE}
2022-03-08 02:51:42,866 [Listener at 0.0.0.0/43267] INFO  handler.ContextHandler (ContextHandler.java:doStart(915)) - Started o.e.j.s.ServletContextHandler@2dee3e13{static,/static,file:///home/runner/work/ozone/ozone/hadoop-ozone/integration-test/target/test-classes/webapps/static,AVAILABLE}
2022-03-08 02:51:42,869 [Listener at 0.0.0.0/43267] INFO  handler.ContextHandler (ContextHandler.java:doStart(915)) - Started o.e.j.w.WebAppContext@630bba01{scm,/,file:///home/runner/work/ozone/ozone/hadoop-ozone/integration-test/target/test-classes/webapps/scm/,AVAILABLE}{file:/home/runner/work/ozone/ozone/hadoop-ozone/integration-test/target/test-classes/webapps/scm}
2022-03-08 02:51:42,878 [Listener at 0.0.0.0/43267] INFO  server.AbstractConnector (AbstractConnector.java:doStart(331)) - Started ServerConnector@56b4992d{HTTP/1.1, (http/1.1)}{0.0.0.0:44213}
2022-03-08 02:51:42,878 [Listener at 0.0.0.0/43267] INFO  server.Server (Server.java:doStart(415)) - Started @84646ms
2022-03-08 02:51:42,878 [Listener at 0.0.0.0/43267] WARN  impl.MetricsSystemImpl (MetricsSystemImpl.java:register(279)) - Sink prometheus already exists!
2022-03-08 02:51:42,882 [Listener at 0.0.0.0/43267] INFO  http.BaseHttpServer (BaseHttpServer.java:updateConnectorAddress(329)) - HTTP server of scm listening at http://0.0.0.0:44213
2022-03-08 02:51:42,882 [Listener at 0.0.0.0/43267] WARN  server.ServerUtils (ServerUtils.java:getDBPath(225)) - ozone.om.db.dirs is not configured. We recommend adding this setting. Falling back to ozone.metadata.dirs instead.
2022-03-08 02:51:42,884 [Listener at 0.0.0.0/43267] INFO  ha.OMHANodeDetails (OMHANodeDetails.java:loadOMHAConfig(112)) - ozone.om.internal.service.id is not defined, falling back to ozone.om.service.ids to find serviceID for OzoneManager if it is HA enabled cluster
2022-03-08 02:51:42,884 [Listener at 0.0.0.0/43267] INFO  ha.OMHANodeDetails (OMHANodeDetails.java:loadOMHAConfig(218)) - Configuration does not have ozone.om.address set. Falling back to the default OM address /127.0.0.1:0
2022-03-08 02:51:42,884 [Listener at 0.0.0.0/43267] INFO  ha.OMHANodeDetails (OMHANodeDetails.java:getOMNodeDetailsForNonHA(246)) - OM Service ID is not set. Setting it to the default ID: omServiceIdDefault
2022-03-08 02:51:42,884 [Listener at 0.0.0.0/43267] INFO  ha.OMHANodeDetails (OMHANodeDetails.java:getOMNodeDetailsForNonHA(253)) - OM Node ID is not set. Setting it to the default ID: om1
2022-03-08 02:51:42,884 [Listener at 0.0.0.0/43267] WARN  server.ServerUtils (ServerUtils.java:getDBPath(225)) - ozone.om.db.dirs is not configured. We recommend adding this setting. Falling back to ozone.metadata.dirs instead.
2022-03-08 02:51:42,885 [Listener at 0.0.0.0/43267] INFO  upgrade.AbstractLayoutVersionManager (AbstractLayoutVersionManager.java:init(79)) - Initializing Layout version manager with metadata layout = INITIAL_VERSION (version = 0), software layout = INITIAL_VERSION (version = 0)
2022-03-08 02:51:42,989 [Listener at 0.0.0.0/43267] INFO  reflections.Reflections (Reflections.java:scan(232)) - Reflections took 96 ms to scan 2 urls, producing 134 keys and 349 values [using 2 cores]
2022-03-08 02:51:42,990 [Listener at 0.0.0.0/43267] INFO  upgrade.OMLayoutVersionManager (OMLayoutVersionManager.java:lambda$0(115)) - Skipping Upgrade Action MockOmUpgradeAction since it has been finalized.
2022-03-08 02:51:42,990 [Listener at 0.0.0.0/43267] WARN  server.ServerUtils (ServerUtils.java:getDBPath(225)) - ozone.om.db.dirs is not configured. We recommend adding this setting. Falling back to ozone.metadata.dirs instead.
2022-03-08 02:51:45,012 [Listener at 0.0.0.0/43267] INFO  retry.RetryInvocationHandler (RetryInvocationHandler.java:log(411)) - com.google.protobuf.ServiceException: org.apache.hadoop.ipc.RemoteException(org.apache.hadoop.hdds.ratis.ServerNotLeaderException): Server:9209d50e-90dc-4221-8928-8437f8c41eb2 is not the leader. Could not determine the leader node.
	at org.apache.hadoop.hdds.ratis.ServerNotLeaderException.convertToNotLeaderException(ServerNotLeaderException.java:109)
	at org.apache.hadoop.hdds.scm.ha.RatisUtil.checkRatisException(RatisUtil.java:246)
	at org.apache.hadoop.hdds.scm.protocol.ScmBlockLocationProtocolServerSideTranslatorPB.send(ScmBlockLocationProtocolServerSideTranslatorPB.java:108)
	at org.apache.hadoop.hdds.protocol.proto.ScmBlockLocationProtocolProtos$ScmBlockLocationProtocolService$2.callBlockingMethod(ScmBlockLocationProtocolProtos.java:13937)
	at org.apache.hadoop.ipc.ProtobufRpcEngine$Server.processCall(ProtobufRpcEngine.java:466)
	at org.apache.hadoop.ipc.ProtobufRpcEngine2$Server$ProtoBufRpcInvoker.call(ProtobufRpcEngine2.java:574)
	at org.apache.hadoop.ipc.ProtobufRpcEngine2$Server$ProtoBufRpcInvoker.call(ProtobufRpcEngine2.java:552)
	at org.apache.hadoop.ipc.RPC$Server.call(RPC.java:1093)
	at org.apache.hadoop.ipc.Server$RpcCall.run(Server.java:1035)
	at org.apache.hadoop.ipc.Server$RpcCall.run(Server.java:963)
	at java.security.AccessController.doPrivileged(Native Method)
	at javax.security.auth.Subject.doAs(Subject.java:422)
	at org.apache.hadoop.security.UserGroupInformation.doAs(UserGroupInformation.java:1878)
	at org.apache.hadoop.ipc.Server$Handler.run(Server.java:2966)
, while invoking $Proxy44.send over nodeId=scmNodeId,nodeAddress=/0.0.0.0:40167 after 1 failover attempts. Trying to failover after sleeping for 2000ms.
2022-03-08 02:51:47,017 [Listener at 0.0.0.0/43267] INFO  retry.RetryInvocationHandler (RetryInvocationHandler.java:log(411)) - com.google.protobuf.ServiceException: org.apache.hadoop.ipc.RemoteException(org.apache.hadoop.hdds.ratis.ServerNotLeaderException): Server:9209d50e-90dc-4221-8928-8437f8c41eb2 is not the leader. Could not determine the leader node.
	at org.apache.hadoop.hdds.ratis.ServerNotLeaderException.convertToNotLeaderException(ServerNotLeaderException.java:109)
	at org.apache.hadoop.hdds.scm.ha.RatisUtil.checkRatisException(RatisUtil.java:246)
	at org.apache.hadoop.hdds.scm.protocol.ScmBlockLocationProtocolServerSideTranslatorPB.send(ScmBlockLocationProtocolServerSideTranslatorPB.java:108)
	at org.apache.hadoop.hdds.protocol.proto.ScmBlockLocationProtocolProtos$ScmBlockLocationProtocolService$2.callBlockingMethod(ScmBlockLocationProtocolProtos.java:13937)
	at org.apache.hadoop.ipc.ProtobufRpcEngine$Server.processCall(ProtobufRpcEngine.java:466)
	at org.apache.hadoop.ipc.ProtobufRpcEngine2$Server$ProtoBufRpcInvoker.call(ProtobufRpcEngine2.java:574)
	at org.apache.hadoop.ipc.ProtobufRpcEngine2$Server$ProtoBufRpcInvoker.call(ProtobufRpcEngine2.java:552)
	at org.apache.hadoop.ipc.RPC$Server.call(RPC.java:1093)
	at org.apache.hadoop.ipc.Server$RpcCall.run(Server.java:1035)
	at org.apache.hadoop.ipc.Server$RpcCall.run(Server.java:963)
	at java.security.AccessController.doPrivileged(Native Method)
	at javax.security.auth.Subject.doAs(Subject.java:422)
	at org.apache.hadoop.security.UserGroupInformation.doAs(UserGroupInformation.java:1878)
	at org.apache.hadoop.ipc.Server$Handler.run(Server.java:2966)
, while invoking $Proxy44.send over nodeId=scmNodeId,nodeAddress=/0.0.0.0:40167 after 2 failover attempts. Trying to failover after sleeping for 2000ms.
2022-03-08 02:51:47,757 [9209d50e-90dc-4221-8928-8437f8c41eb2@group-D2807DDDD723-FollowerState] INFO  impl.FollowerState (FollowerState.java:run(134)) - 9209d50e-90dc-4221-8928-8437f8c41eb2@group-D2807DDDD723-FollowerState: change to CANDIDATE, lastRpcElapsedTime:5037975503ns, electionTimeout:5037ms
2022-03-08 02:51:47,758 [9209d50e-90dc-4221-8928-8437f8c41eb2@group-D2807DDDD723-FollowerState] INFO  impl.RoleInfo (RoleInfo.java:shutdownFollowerState(108)) - 9209d50e-90dc-4221-8928-8437f8c41eb2: shutdown 9209d50e-90dc-4221-8928-8437f8c41eb2@group-D2807DDDD723-FollowerState
2022-03-08 02:51:47,758 [9209d50e-90dc-4221-8928-8437f8c41eb2@group-D2807DDDD723-FollowerState] INFO  server.RaftServer$Division (RaftServerImpl.java:setRole(290)) - 9209d50e-90dc-4221-8928-8437f8c41eb2@group-D2807DDDD723: changes role from  FOLLOWER to CANDIDATE at term 1 for changeToCandidate
2022-03-08 02:51:47,758 [9209d50e-90dc-4221-8928-8437f8c41eb2@group-D2807DDDD723-FollowerState] INFO  server.RaftServerConfigKeys (ConfUtils.java:logGet(44)) - raft.server.leaderelection.pre-vote = false (custom)
2022-03-08 02:51:47,758 [9209d50e-90dc-4221-8928-8437f8c41eb2@group-D2807DDDD723-FollowerState] INFO  impl.RoleInfo (RoleInfo.java:updateAndGet(130)) - 9209d50e-90dc-4221-8928-8437f8c41eb2: start 9209d50e-90dc-4221-8928-8437f8c41eb2@group-D2807DDDD723-LeaderElection13
2022-03-08 02:51:47,792 [9209d50e-90dc-4221-8928-8437f8c41eb2@group-D2807DDDD723-LeaderElection13] INFO  impl.LeaderElection (LeaderElection.java:askForVotes(306)) - 9209d50e-90dc-4221-8928-8437f8c41eb2@group-D2807DDDD723-LeaderElection13 ELECTION round 0: submit vote requests at term 2 for 0: [9209d50e-90dc-4221-8928-8437f8c41eb2|rpc:fv-az297-394:9894|admin:|client:|dataStream:|priority:0], old=null
2022-03-08 02:51:47,793 [9209d50e-90dc-4221-8928-8437f8c41eb2@group-D2807DDDD723-LeaderElection13] INFO  impl.LeaderElection (LeaderElection.java:askForVotes(308)) - 9209d50e-90dc-4221-8928-8437f8c41eb2@group-D2807DDDD723-LeaderElection13 ELECTION round 0: result PASSED (term=2)
2022-03-08 02:51:47,793 [9209d50e-90dc-4221-8928-8437f8c41eb2@group-D2807DDDD723-LeaderElection13] INFO  impl.RoleInfo (RoleInfo.java:shutdownLeaderElection(121)) - 9209d50e-90dc-4221-8928-8437f8c41eb2: shutdown 9209d50e-90dc-4221-8928-8437f8c41eb2@group-D2807DDDD723-LeaderElection13
2022-03-08 02:51:47,793 [9209d50e-90dc-4221-8928-8437f8c41eb2@group-D2807DDDD723-LeaderElection13] INFO  server.RaftServer$Division (RaftServerImpl.java:setRole(290)) - 9209d50e-90dc-4221-8928-8437f8c41eb2@group-D2807DDDD723: changes role from CANDIDATE to LEADER at term 2 for changeToLeader
2022-03-08 02:51:47,793 [9209d50e-90dc-4221-8928-8437f8c41eb2@group-D2807DDDD723-LeaderElection13] INFO  ha.SCMStateMachine (SCMStateMachine.java:notifyLeaderChanged(259)) - current SCM becomes leader of term 2.
2022-03-08 02:51:47,793 [9209d50e-90dc-4221-8928-8437f8c41eb2@group-D2807DDDD723-LeaderElection13] INFO  ha.SCMContext (SCMContext.java:updateLeaderAndTerm(90)) - update <isLeader,term> from <false,0> to <true,2>
2022-03-08 02:51:47,793 [9209d50e-90dc-4221-8928-8437f8c41eb2@group-D2807DDDD723-LeaderElection13] INFO  server.RaftServer$Division (ServerState.java:setLeader(285)) - 9209d50e-90dc-4221-8928-8437f8c41eb2@group-D2807DDDD723: change Leader from null to 9209d50e-90dc-4221-8928-8437f8c41eb2 at term 2 for becomeLeader, leader elected after 5150ms
2022-03-08 02:51:47,794 [9209d50e-90dc-4221-8928-8437f8c41eb2@group-D2807DDDD723-LeaderElection13] INFO  server.RaftServerConfigKeys (ConfUtils.java:logGet(44)) - raft.server.staging.catchup.gap = 1000 (default)
2022-03-08 02:51:47,796 [9209d50e-90dc-4221-8928-8437f8c41eb2@group-D2807DDDD723-LeaderElection13] INFO  server.RaftServerConfigKeys (ConfUtils.java:logGet(44)) - raft.server.write.element-limit = 4096 (default)
2022-03-08 02:51:47,800 [9209d50e-90dc-4221-8928-8437f8c41eb2@group-D2807DDDD723-LeaderElection13] INFO  server.RaftServerConfigKeys (ConfUtils.java:logGet(44)) - raft.server.write.byte-limit = 64MB (=67108864) (default)
2022-03-08 02:51:47,800 [9209d50e-90dc-4221-8928-8437f8c41eb2@group-D2807DDDD723-LeaderElection13] INFO  server.RaftServerConfigKeys (ConfUtils.java:logGet(44)) - raft.server.watch.timeout = 10s (default)
2022-03-08 02:51:47,800 [9209d50e-90dc-4221-8928-8437f8c41eb2@group-D2807DDDD723-LeaderElection13] INFO  server.RaftServerConfigKeys (ConfUtils.java:logGet(44)) - raft.server.watch.timeout.denomination = 1s (default)
2022-03-08 02:51:47,800 [9209d50e-90dc-4221-8928-8437f8c41eb2@group-D2807DDDD723-LeaderElection13] INFO  server.RaftServerConfigKeys (ConfUtils.java:logGet(44)) - raft.server.watch.element-limit = 65536 (default)
2022-03-08 02:51:47,802 [9209d50e-90dc-4221-8928-8437f8c41eb2@group-D2807DDDD723-LeaderElection13] INFO  server.RaftServerConfigKeys (ConfUtils.java:logGet(44)) - raft.server.write.element-limit = 4096 (default)
2022-03-08 02:51:47,803 [9209d50e-90dc-4221-8928-8437f8c41eb2@group-D2807DDDD723-LeaderElection13] INFO  server.RaftServerConfigKeys (ConfUtils.java:logGet(44)) - raft.server.write.follower.gap.ratio.max = -1.0 (default)
2022-03-08 02:51:47,803 [9209d50e-90dc-4221-8928-8437f8c41eb2@group-D2807DDDD723-LeaderElection13] INFO  impl.RoleInfo (RoleInfo.java:updateAndGet(130)) - 9209d50e-90dc-4221-8928-8437f8c41eb2: start 9209d50e-90dc-4221-8928-8437f8c41eb2@group-D2807DDDD723-LeaderStateImpl
2022-03-08 02:51:47,803 [9209d50e-90dc-4221-8928-8437f8c41eb2@group-D2807DDDD723-LeaderElection13] INFO  segmented.SegmentedRaftLogWorker (SegmentedRaftLogWorker.java:rollLogSegment(399)) - 9209d50e-90dc-4221-8928-8437f8c41eb2@group-D2807DDDD723-SegmentedRaftLogWorker: Rolling segment log-0_0 to index:0
2022-03-08 02:51:47,804 [9209d50e-90dc-4221-8928-8437f8c41eb2@group-D2807DDDD723-SegmentedRaftLogWorker] INFO  segmented.SegmentedRaftLogWorker (SegmentedRaftLogWorker.java:execute(558)) - 9209d50e-90dc-4221-8928-8437f8c41eb2@group-D2807DDDD723-SegmentedRaftLogWorker: Rolled log segment from /home/runner/work/ozone/ozone/hadoop-ozone/integration-test/target/test-dir/MiniOzoneClusterImpl-c5fac6bb-2c25-4e61-a608-d2807dddd723/ozone-meta/scm-ha/c5fac6bb-2c25-4e61-a608-d2807dddd723/current/log_inprogress_0 to /home/runner/work/ozone/ozone/hadoop-ozone/integration-test/target/test-dir/MiniOzoneClusterImpl-c5fac6bb-2c25-4e61-a608-d2807dddd723/ozone-meta/scm-ha/c5fac6bb-2c25-4e61-a608-d2807dddd723/current/log_0-0
2022-03-08 02:51:47,824 [9209d50e-90dc-4221-8928-8437f8c41eb2@group-D2807DDDD723-LeaderElection13] INFO  server.RaftServer$Division (ServerState.java:setRaftConf(387)) - 9209d50e-90dc-4221-8928-8437f8c41eb2@group-D2807DDDD723: set configuration 1: [9209d50e-90dc-4221-8928-8437f8c41eb2|rpc:fv-az297-394:9894|admin:|client:|dataStream:|priority:0], old=null
2022-03-08 02:51:47,833 [9209d50e-90dc-4221-8928-8437f8c41eb2@group-D2807DDDD723-SegmentedRaftLogWorker] INFO  segmented.SegmentedRaftLogWorker (SegmentedRaftLogWorker.java:execute(601)) - 9209d50e-90dc-4221-8928-8437f8c41eb2@group-D2807DDDD723-SegmentedRaftLogWorker: created new log segment /home/runner/work/ozone/ozone/hadoop-ozone/integration-test/target/test-dir/MiniOzoneClusterImpl-c5fac6bb-2c25-4e61-a608-d2807dddd723/ozone-meta/scm-ha/c5fac6bb-2c25-4e61-a608-d2807dddd723/current/log_inprogress_1
2022-03-08 02:51:47,843 [9209d50e-90dc-4221-8928-8437f8c41eb2@group-D2807DDDD723-StateMachineUpdater] INFO  ha.SCMContext (SCMContext.java:setLeaderReady(117)) - update <isLeaderReady> from <false> to <true>
2022-03-08 02:51:47,844 [9209d50e-90dc-4221-8928-8437f8c41eb2@group-D2807DDDD723-StateMachineUpdater] INFO  pipeline.BackgroundPipelineCreator (BackgroundPipelineCreator.java:notifyStatusChanged(264)) - Service BackgroundPipelineCreator transitions to RUNNING.
2022-03-08 02:51:47,844 [9209d50e-90dc-4221-8928-8437f8c41eb2@group-D2807DDDD723-StateMachineUpdater] INFO  safemode.HealthyPipelineSafeModeRule (HealthyPipelineSafeModeRule.java:initializeRule(152)) - Refreshed total pipeline count is 0, healthy pipeline threshold count is 1
2022-03-08 02:51:47,844 [9209d50e-90dc-4221-8928-8437f8c41eb2@group-D2807DDDD723-StateMachineUpdater] INFO  safemode.ContainerSafeModeRule (ContainerSafeModeRule.java:reInitializeRule(177)) - Refreshed one replica container threshold 0, currentThreshold 0
2022-03-08 02:51:47,844 [9209d50e-90dc-4221-8928-8437f8c41eb2@group-D2807DDDD723-StateMachineUpdater] INFO  safemode.OneReplicaPipelineSafeModeRule (OneReplicaPipelineSafeModeRule.java:initializeRule(176)) - Refreshed Total pipeline count is 0, pipeline's with at least one datanode reported threshold count is 0
2022-03-08 02:51:47,845 [9209d50e-90dc-4221-8928-8437f8c41eb2@group-D2807DDDD723-StateMachineUpdater] INFO  server.SCMDatanodeProtocolServer (SCMDatanodeProtocolServer.java:start(183)) - ScmDatanodeProtocol RPC server for DataNodes is listening at /0.0.0.0:39159
2022-03-08 02:51:47,849 [IPC Server listener on 0] INFO  ipc.Server (Server.java:run(1344)) - IPC Server listener on 0: starting
2022-03-08 02:51:47,854 [IPC Server Responder] INFO  ipc.Server (Server.java:run(1507)) - IPC Server Responder: starting
2022-03-08 02:51:49,019 [Listener at 0.0.0.0/43267] WARN  server.ServerUtils (ServerUtils.java:getDBPath(225)) - ozone.om.db.dirs is not configured. We recommend adding this setting. Falling back to ozone.metadata.dirs instead.
2022-03-08 02:51:49,019 [Listener at 0.0.0.0/43267] INFO  codec.OmKeyInfoCodec (OmKeyInfoCodec.java:<init>(50)) - OmKeyInfoCodec ignorePipeline = true
2022-03-08 02:51:49,020 [Listener at 0.0.0.0/43267] INFO  codec.RepeatedOmKeyInfoCodec (RepeatedOmKeyInfoCodec.java:<init>(42)) - RepeatedOmKeyInfoCodec ignorePipeline = true
2022-03-08 02:51:49,184 [Listener at 0.0.0.0/43267] INFO  om.OzoneManager (OzoneManager.java:addS3GVolumeToDB(3733)) - Created Volume s3v With Owner runner required for S3Gateway operations.
2022-03-08 02:51:49,184 [Listener at 0.0.0.0/43267] WARN  server.ServerUtils (ServerUtils.java:getDefaultRatisDirectory(237)) - Storage directory for Ratis is not configured. It is a good idea to map this to an SSD disk. Falling back to ozone.metadata.dirs
2022-03-08 02:51:49,184 [Listener at 0.0.0.0/43267] WARN  utils.OzoneManagerRatisUtils (OzoneManagerRatisUtils.java:getOMRatisSnapshotDirectory(330)) - ozone.om.ratis.snapshot.dir is not configured. Falling back to ozone.metadata.dirs config
2022-03-08 02:51:49,185 [Listener at 0.0.0.0/43267] WARN  impl.MetricRegistriesImpl (MetricRegistriesImpl.java:addReporterRegistration(111)) - New reporters are added after registries were created. Some metrics will be missing from the reporter. Please add reporter before adding any new registry.
2022-03-08 02:51:49,185 [Listener at 0.0.0.0/43267] WARN  impl.MetricRegistriesImpl (MetricRegistriesImpl.java:addReporterRegistration(111)) - New reporters are added after registries were created. Some metrics will be missing from the reporter. Please add reporter before adding any new registry.
2022-03-08 02:51:49,185 [Listener at 0.0.0.0/43267] WARN  server.ServerUtils (ServerUtils.java:getDefaultRatisDirectory(237)) - Storage directory for Ratis is not configured. It is a good idea to map this to an SSD disk. Falling back to ozone.metadata.dirs
2022-03-08 02:51:49,198 [Listener at 0.0.0.0/43267] INFO  ratis.OzoneManagerRatisServer (OzoneManagerRatisServer.java:<init>(159)) - Instantiating OM Ratis server with groupID: omServiceIdDefault and peers: localhost:9872
2022-03-08 02:51:49,201 [Listener at 0.0.0.0/43267] INFO  ratis.OzoneManagerStateMachine (OzoneManagerStateMachine.java:loadSnapshotInfoFromDB(605)) - LastAppliedIndex is set from TransactionInfo from OM DB as (t:0, i:~)
2022-03-08 02:51:49,202 [Listener at 0.0.0.0/43267] INFO  server.RaftServer (ConfUtils.java:logGet(44)) - raft.rpc.type = GRPC (default)
2022-03-08 02:51:49,202 [Listener at 0.0.0.0/43267] INFO  grpc.GrpcFactory (GrpcFactory.java:checkPooledByteBufAllocatorUseCacheForAllThreads(48)) - PERFORMANCE WARNING: useCacheForAllThreads is true that may cause Netty to create a lot garbage objects and, as a result, trigger GC.
	It is recommended to disable useCacheForAllThreads by setting -Dorg.apache.ratis.thirdparty.io.netty.allocator.useCacheForAllThreads=false in command line.
2022-03-08 02:51:49,202 [Listener at 0.0.0.0/43267] INFO  grpc.GrpcConfigKeys (ConfUtils.java:logGet(44)) - raft.grpc.admin.port = -1 (default)
2022-03-08 02:51:49,202 [Listener at 0.0.0.0/43267] INFO  grpc.GrpcConfigKeys (ConfUtils.java:logGet(44)) - raft.grpc.server.port = 9872 (custom)
2022-03-08 02:51:49,202 [Listener at 0.0.0.0/43267] INFO  grpc.GrpcConfigKeys (ConfUtils.java:logGet(44)) - raft.grpc.client.port = -1 (default)
2022-03-08 02:51:49,202 [Listener at 0.0.0.0/43267] INFO  grpc.GrpcConfigKeys (ConfUtils.java:logGet(44)) - raft.grpc.server.port = 9872 (custom)
2022-03-08 02:51:49,202 [Listener at 0.0.0.0/43267] INFO  grpc.GrpcConfigKeys (ConfUtils.java:logGet(44)) - raft.grpc.server.port = 9872 (custom)
2022-03-08 02:51:49,202 [Listener at 0.0.0.0/43267] INFO  server.GrpcService (ConfUtils.java:logGet(44)) - raft.grpc.message.size.max = 33554432 (custom)
2022-03-08 02:51:49,202 [Listener at 0.0.0.0/43267] INFO  server.RaftServerConfigKeys (ConfUtils.java:logGet(44)) - raft.server.log.appender.buffer.byte-limit = 33554432 (custom)
2022-03-08 02:51:49,202 [Listener at 0.0.0.0/43267] INFO  server.GrpcService (ConfUtils.java:logGet(44)) - raft.grpc.flow.control.window = 1MB (=1048576) (default)
2022-03-08 02:51:49,202 [Listener at 0.0.0.0/43267] INFO  server.RaftServerConfigKeys (ConfUtils.java:logGet(44)) - raft.server.rpc.request.timeout = 3000ms (default)
2022-03-08 02:51:49,203 [Listener at 0.0.0.0/43267] INFO  impl.DataStreamServerImpl (ConfUtils.java:logGet(44)) - raft.datastream.type = DISABLED (default)
2022-03-08 02:51:49,204 [Listener at 0.0.0.0/43267] INFO  server.RaftServerConfigKeys (ConfUtils.java:logGet(44)) - raft.server.rpc.slowness.timeout = 120s (custom)
2022-03-08 02:51:49,204 [Listener at 0.0.0.0/43267] INFO  server.RaftServerConfigKeys (ConfUtils.java:logGet(44)) - raft.server.leaderelection.leader.step-down.wait-time = 10s (default)
2022-03-08 02:51:49,204 [Listener at 0.0.0.0/43267] INFO  server.RaftServerConfigKeys (ConfUtils.java:logGet(44)) - raft.server.storage.dir = [/home/runner/work/ozone/ozone/hadoop-ozone/integration-test/target/test-dir/MiniOzoneClusterImpl-c5fac6bb-2c25-4e61-a608-d2807dddd723/ozone-meta/ratis] (custom)
2022-03-08 02:51:49,207 [Listener at 0.0.0.0/43267] INFO  server.RaftServer (RaftServerProxy.java:addNew(95)) - om1: addNew group-C5BA1605619E:[om1|rpc:localhost:9872|priority:0] returns group-C5BA1605619E:java.util.concurrent.CompletableFuture@793de7cd[Not completed]
2022-03-08 02:51:49,207 [Listener at 0.0.0.0/43267] INFO  om.OzoneManager (OzoneManager.java:initializeRatisServer(1834)) - OzoneManager Ratis server initialized at port 9872
2022-03-08 02:51:49,209 [Listener at 0.0.0.0/43267] INFO  ipc.CallQueueManager (CallQueueManager.java:<init>(90)) - Using callQueue: class java.util.concurrent.LinkedBlockingQueue, queueCapacity: 2000, scheduler: class org.apache.hadoop.ipc.DefaultRpcScheduler, ipcBackoff: false.
2022-03-08 02:51:49,213 [pool-257-thread-1] INFO  server.RaftServer$Division (RaftServerImpl.java:<init>(184)) - om1: new RaftServerImpl for group-C5BA1605619E:[om1|rpc:localhost:9872|priority:0] with OzoneManagerStateMachine:uninitialized
2022-03-08 02:51:49,215 [Socket Reader #1 for port 0] INFO  ipc.Server (Server.java:run(1265)) - Starting Socket Reader #1 for port 0
2022-03-08 02:51:49,224 [pool-257-thread-1] INFO  server.RaftServerConfigKeys (ConfUtils.java:logGet(44)) - raft.server.rpc.timeout.min = 1s (custom)
2022-03-08 02:51:49,224 [pool-257-thread-1] INFO  server.RaftServerConfigKeys (ConfUtils.java:logGet(44)) - raft.server.rpc.timeout.max = 1200ms (custom)
2022-03-08 02:51:49,224 [pool-257-thread-1] INFO  server.RaftServerConfigKeys (ConfUtils.java:logGet(44)) - raft.server.rpc.sleep.time = 25ms (default)
2022-03-08 02:51:49,224 [pool-257-thread-1] INFO  server.RaftServerConfigKeys (ConfUtils.java:logGet(44)) - raft.server.rpc.slowness.timeout = 120s (custom)
2022-03-08 02:51:49,224 [pool-257-thread-1] INFO  server.RaftServerConfigKeys (ConfUtils.java:logGet(44)) - raft.server.leaderelection.leader.step-down.wait-time = 10s (default)
2022-03-08 02:51:49,224 [pool-257-thread-1] INFO  server.RaftServerConfigKeys (ConfUtils.java:logGet(44)) - raft.server.sleep.deviation.threshold = 300ms (default)
2022-03-08 02:51:49,224 [pool-257-thread-1] INFO  server.RaftServerConfigKeys (ConfUtils.java:logGet(44)) - raft.server.log.appender.install.snapshot.enabled = false (custom)
2022-03-08 02:51:49,224 [pool-257-thread-1] INFO  server.RaftServer$Division (ServerState.java:<init>(105)) - om1@group-C5BA1605619E: ConfigurationManager, init=-1: [om1|rpc:localhost:9872|priority:0], old=null, confs=<EMPTY_MAP>
2022-03-08 02:51:49,224 [pool-257-thread-1] INFO  server.RaftServerConfigKeys (ConfUtils.java:logGet(44)) - raft.server.storage.dir = [/home/runner/work/ozone/ozone/hadoop-ozone/integration-test/target/test-dir/MiniOzoneClusterImpl-c5fac6bb-2c25-4e61-a608-d2807dddd723/ozone-meta/ratis] (custom)
2022-03-08 02:51:49,225 [pool-257-thread-1] INFO  server.RaftServerConfigKeys (ConfUtils.java:logGet(44)) - raft.server.log.corruption.policy = EXCEPTION (default)
2022-03-08 02:51:49,225 [pool-257-thread-1] INFO  server.RaftServerConfigKeys (ConfUtils.java:logGet(44)) - raft.server.storage.free-space.min = 0MB (=0) (default)
2022-03-08 02:51:49,225 [pool-257-thread-1] INFO  storage.RaftStorageDirectory (RaftStorageDirectoryImpl.java:analyzeStorage(135)) - The storage directory /home/runner/work/ozone/ozone/hadoop-ozone/integration-test/target/test-dir/MiniOzoneClusterImpl-c5fac6bb-2c25-4e61-a608-d2807dddd723/ozone-meta/ratis/bf265839-605b-3f16-9796-c5ba1605619e does not exist. Creating ...
2022-03-08 02:51:49,226 [pool-257-thread-1] INFO  storage.RaftStorageDirectory (RaftStorageDirectoryImpl.java:tryLock(230)) - Lock on /home/runner/work/ozone/ozone/hadoop-ozone/integration-test/target/test-dir/MiniOzoneClusterImpl-c5fac6bb-2c25-4e61-a608-d2807dddd723/ozone-meta/ratis/bf265839-605b-3f16-9796-c5ba1605619e/in_use.lock acquired by nodename 19767@fv-az297-394
2022-03-08 02:51:49,233 [pool-257-thread-1] INFO  storage.RaftStorage (RaftStorageImpl.java:format(89)) - Storage directory /home/runner/work/ozone/ozone/hadoop-ozone/integration-test/target/test-dir/MiniOzoneClusterImpl-c5fac6bb-2c25-4e61-a608-d2807dddd723/ozone-meta/ratis/bf265839-605b-3f16-9796-c5ba1605619e has been successfully formatted.
2022-03-08 02:51:49,233 [pool-257-thread-1] INFO  server.RaftServerConfigKeys (ConfUtils.java:logGet(44)) - raft.server.notification.no-leader.timeout = 120s (custom)
2022-03-08 02:51:49,233 [pool-257-thread-1] INFO  server.RaftServerConfigKeys (ConfUtils.java:logGet(44)) - raft.server.log.use.memory = false (default)
2022-03-08 02:51:49,235 [pool-257-thread-1] INFO  server.RaftServerConfigKeys (ConfUtils.java:logGet(44)) - raft.server.log.purge.gap = 1000000 (custom)
2022-03-08 02:51:49,235 [pool-257-thread-1] INFO  server.RaftServerConfigKeys (ConfUtils.java:logGet(44)) - raft.server.log.appender.buffer.byte-limit = 33554432 (custom)
2022-03-08 02:51:49,235 [pool-257-thread-1] INFO  server.RaftServerConfigKeys (ConfUtils.java:logGet(44)) - raft.server.log.segment.size.max = 4194304 (custom)
2022-03-08 02:51:49,236 [pool-257-thread-1] INFO  server.RaftServerConfigKeys (ConfUtils.java:logGet(44)) - raft.server.log.segment.cache.num.max = 2 (custom)
2022-03-08 02:51:49,236 [pool-257-thread-1] INFO  server.RaftServerConfigKeys (ConfUtils.java:logGet(44)) - raft.server.log.segment.cache.size.max = 200MB (=209715200) (default)
2022-03-08 02:51:49,236 [pool-257-thread-1] INFO  segmented.SegmentedRaftLogWorker (SegmentedRaftLogWorker.java:<init>(182)) - new om1@group-C5BA1605619E-SegmentedRaftLogWorker for RaftStorageImpl:Storage Directory /home/runner/work/ozone/ozone/hadoop-ozone/integration-test/target/test-dir/MiniOzoneClusterImpl-c5fac6bb-2c25-4e61-a608-d2807dddd723/ozone-meta/ratis/bf265839-605b-3f16-9796-c5ba1605619e
2022-03-08 02:51:49,236 [pool-257-thread-1] INFO  server.RaftServerConfigKeys (ConfUtils.java:logGet(44)) - raft.server.log.queue.byte-limit = 64MB (=67108864) (default)
2022-03-08 02:51:49,236 [pool-257-thread-1] INFO  server.RaftServerConfigKeys (ConfUtils.java:logGet(44)) - raft.server.log.queue.element-limit = 4096 (default)
2022-03-08 02:51:49,236 [pool-257-thread-1] INFO  server.RaftServerConfigKeys (ConfUtils.java:logGet(44)) - raft.server.log.segment.size.max = 4194304 (custom)
2022-03-08 02:51:49,236 [pool-257-thread-1] INFO  server.RaftServerConfigKeys (ConfUtils.java:logGet(44)) - raft.server.log.preallocated.size = 4194304 (custom)
2022-03-08 02:51:49,236 [pool-257-thread-1] INFO  server.RaftServerConfigKeys (ConfUtils.java:logGet(44)) - raft.server.log.force.sync.num = 128 (default)
2022-03-08 02:51:49,236 [pool-257-thread-1] INFO  server.RaftServerConfigKeys (ConfUtils.java:logGet(44)) - raft.server.log.statemachine.data.sync = true (default)
2022-03-08 02:51:49,236 [pool-257-thread-1] INFO  server.RaftServerConfigKeys (ConfUtils.java:logGet(44)) - raft.server.log.statemachine.data.sync.timeout = 10s (default)
2022-03-08 02:51:49,236 [pool-257-thread-1] INFO  server.RaftServerConfigKeys (ConfUtils.java:logGet(44)) - raft.server.log.statemachine.data.sync.timeout.retry = -1 (default)
2022-03-08 02:51:49,237 [pool-257-thread-1] INFO  server.RaftServerConfigKeys (ConfUtils.java:logGet(44)) - raft.server.log.write.buffer.size = 64KB (=65536) (default)
2022-03-08 02:51:49,237 [pool-257-thread-1] INFO  server.RaftServerConfigKeys (ConfUtils.java:logGet(44)) - raft.server.log.statemachine.data.caching.enabled = false (default)
2022-03-08 02:51:49,237 [pool-257-thread-1] INFO  segmented.SegmentedRaftLogWorker (SegmentedRaftLogWorker.java:lambda$new$0(133)) - om1@group-C5BA1605619E-SegmentedRaftLogWorker: flushIndex: setUnconditionally 0 -> -1
2022-03-08 02:51:49,238 [pool-257-thread-1] INFO  segmented.SegmentedRaftLogWorker (SegmentedRaftLogWorker.java:lambda$new$0(133)) - om1@group-C5BA1605619E-SegmentedRaftLogWorker: safeCacheEvictIndex: setUnconditionally 0 -> -1
2022-03-08 02:51:49,238 [pool-257-thread-1] INFO  server.RaftServerConfigKeys (ConfUtils.java:logGet(44)) - raft.server.snapshot.auto.trigger.enabled = true (custom)
2022-03-08 02:51:49,238 [pool-257-thread-1] INFO  server.RaftServerConfigKeys (ConfUtils.java:logGet(44)) - raft.server.snapshot.auto.trigger.threshold = 400000 (default)
2022-03-08 02:51:49,238 [pool-257-thread-1] INFO  server.RaftServerConfigKeys (ConfUtils.java:logGet(44)) - raft.server.snapshot.retention.file.num = -1 (default)
2022-03-08 02:51:49,238 [pool-257-thread-1] INFO  server.RaftServerConfigKeys (ConfUtils.java:logGet(44)) - raft.server.log.purge.upto.snapshot.index = true (custom)
2022-03-08 02:51:49,238 [pool-257-thread-1] INFO  server.RaftServerConfigKeys (ConfUtils.java:logGet(44)) - raft.server.retrycache.expirytime = 300s (custom)
2022-03-08 02:51:49,238 [pool-257-thread-1] INFO  server.RaftServerConfigKeys (ConfUtils.java:logGet(44)) - raft.server.retrycache.statistics.expirytime = 100μs (default)
2022-03-08 02:51:49,251 [Listener at 127.0.0.1/40153] INFO  impl.MetricsSystemImpl (MetricsSystemImpl.java:init(158)) - OzoneManager metrics system started (again)
2022-03-08 02:51:49,261 [Listener at 127.0.0.1/40153] INFO  om.OzoneManager (OzoneManager.java:start(1365)) - OzoneManager RPC server is listening at localhost/127.0.0.1:40153
2022-03-08 02:51:49,262 [Listener at 127.0.0.1/40153] INFO  ratis.OzoneManagerRatisServer (OzoneManagerRatisServer.java:start(554)) - Starting OzoneManagerRatisServer om1 at port 9872
2022-03-08 02:51:49,262 [Listener at 127.0.0.1/40153] INFO  server.RaftServer$Division (RaftServerImpl.java:start(301)) - om1@group-C5BA1605619E: start as a follower, conf=-1: [om1|rpc:localhost:9872|priority:0], old=null
2022-03-08 02:51:49,262 [Listener at 127.0.0.1/40153] INFO  server.RaftServer$Division (RaftServerImpl.java:setRole(290)) - om1@group-C5BA1605619E: changes role from      null to FOLLOWER at term 0 for startAsFollower
2022-03-08 02:51:49,262 [Listener at 127.0.0.1/40153] INFO  impl.RoleInfo (RoleInfo.java:updateAndGet(130)) - om1: start om1@group-C5BA1605619E-FollowerState
2022-03-08 02:51:49,262 [Listener at 127.0.0.1/40153] INFO  util.JmxRegister (JmxRegister.java:tryRegister(44)) - Successfully registered JMX Bean with object name Ratis:service=RaftServer,group=group-C5BA1605619E,id=om1
2022-03-08 02:51:49,265 [Listener at 127.0.0.1/40153] INFO  server.RaftServer (RaftServerProxy.java:lambda$start$5(374)) - om1: start RPC server
2022-03-08 02:51:49,266 [Listener at 127.0.0.1/40153] INFO  server.GrpcService (GrpcService.java:startImpl(253)) - om1: GrpcService started, listening on 9872
2022-03-08 02:51:49,266 [Listener at 127.0.0.1/40153] INFO  om.OzoneManager (OzoneManager.java:start(1381)) - Version File has different layout version (0) than OM DB (null). That is expected if this OM has never been finalized to a newer layout version.
2022-03-08 02:51:49,267 [org.apache.ratis.util.JvmPauseMonitor$$Lambda$431/28165379@5b9902e9] INFO  util.JvmPauseMonitor (JvmPauseMonitor.java:run(103)) - JvmPauseMonitor-om1: Started
2022-03-08 02:51:49,274 [Listener at 127.0.0.1/40153] INFO  http.BaseHttpServer (BaseHttpServer.java:newHttpServer2BuilderForOzone(209)) - Starting Web-server for ozoneManager at: http://0.0.0.0:0
2022-03-08 02:51:49,274 [Listener at 127.0.0.1/40153] INFO  http.BaseHttpServer (BaseHttpServer.java:<init>(107)) - Hadoop Security Enabled: false Ozone Security Enabled: false Ozone HTTP Security Enabled: false 
2022-03-08 02:51:49,276 [Listener at 127.0.0.1/40153] INFO  server.AuthenticationFilter (AuthenticationFilter.java:constructSecretProvider(240)) - Unable to initialize FileSignerSecretProvider, falling back to use random secrets.
2022-03-08 02:51:49,277 [Listener at 127.0.0.1/40153] WARN  http.HttpRequestLog (HttpRequestLog.java:getRequestLog(103)) - Jetty request log can only be enabled using Log4j
2022-03-08 02:51:49,278 [Listener at 127.0.0.1/40153] INFO  http.HttpServer2 (HttpServer2.java:addGlobalFilter(1030)) - Added global filter 'safety' (class=org.apache.hadoop.hdds.server.http.HttpServer2$QuotingInputFilter)
2022-03-08 02:51:49,279 [Listener at 127.0.0.1/40153] INFO  http.HttpServer2 (HttpServer2.java:addFilter(1006)) - Added filter static_user_filter (class=org.apache.hadoop.http.lib.StaticUserWebFilter$StaticUserFilter) to context ozoneManager
2022-03-08 02:51:49,279 [Listener at 127.0.0.1/40153] INFO  http.HttpServer2 (HttpServer2.java:addFilter(1014)) - Added filter static_user_filter (class=org.apache.hadoop.http.lib.StaticUserWebFilter$StaticUserFilter) to context logs
2022-03-08 02:51:49,279 [Listener at 127.0.0.1/40153] INFO  http.HttpServer2 (HttpServer2.java:addFilter(1014)) - Added filter static_user_filter (class=org.apache.hadoop.http.lib.StaticUserWebFilter$StaticUserFilter) to context static
2022-03-08 02:51:49,280 [Listener at 127.0.0.1/40153] INFO  http.HttpServer2 (HttpServer2.java:bindListener(1249)) - Jetty bound to port 35045
2022-03-08 02:51:49,280 [Listener at 127.0.0.1/40153] INFO  server.Server (Server.java:doStart(375)) - jetty-9.4.43.v20210629; built: 2021-06-30T11:07:22.254Z; git: 526006ecfa3af7f1a27ef3a288e2bef7ea9dd7e8; jvm 1.8.0_322-b06
2022-03-08 02:51:49,285 [Listener at 127.0.0.1/40153] INFO  server.session (DefaultSessionIdManager.java:doStart(334)) - DefaultSessionIdManager workerName=node0
2022-03-08 02:51:49,285 [Listener at 127.0.0.1/40153] INFO  server.session (DefaultSessionIdManager.java:doStart(339)) - No SessionScavenger set, using defaults
2022-03-08 02:51:49,285 [Listener at 127.0.0.1/40153] INFO  server.session (HouseKeeper.java:startScavenging(132)) - node0 Scavenging every 600000ms
2022-03-08 02:51:49,287 [Listener at 127.0.0.1/40153] INFO  handler.ContextHandler (ContextHandler.java:doStart(915)) - Started o.e.j.s.ServletContextHandler@2799540b{logs,/logs,file:///home/runner/work/ozone/ozone/hadoop-ozone/integration-test/target/log,AVAILABLE}
2022-03-08 02:51:49,287 [Listener at 127.0.0.1/40153] INFO  handler.ContextHandler (ContextHandler.java:doStart(915)) - Started o.e.j.s.ServletContextHandler@6a3e74fb{static,/static,file:///home/runner/work/ozone/ozone/hadoop-ozone/integration-test/target/test-classes/webapps/static,AVAILABLE}
2022-03-08 02:51:49,298 [Listener at 127.0.0.1/40153] INFO  handler.ContextHandler (ContextHandler.java:doStart(915)) - Started o.e.j.w.WebAppContext@7e5c915a{ozoneManager,/,file:///home/runner/work/ozone/ozone/hadoop-ozone/integration-test/target/test-classes/webapps/ozoneManager/,AVAILABLE}{file:/home/runner/work/ozone/ozone/hadoop-ozone/integration-test/target/test-classes/webapps/ozoneManager}
2022-03-08 02:51:49,300 [Listener at 127.0.0.1/40153] INFO  server.AbstractConnector (AbstractConnector.java:doStart(331)) - Started ServerConnector@aeedcd{HTTP/1.1, (http/1.1)}{0.0.0.0:35045}
2022-03-08 02:51:49,300 [Listener at 127.0.0.1/40153] INFO  server.Server (Server.java:doStart(415)) - Started @91068ms
2022-03-08 02:51:49,300 [Listener at 127.0.0.1/40153] WARN  impl.MetricsSystemImpl (MetricsSystemImpl.java:register(279)) - Sink prometheus already exists!
2022-03-08 02:51:49,301 [Listener at 127.0.0.1/40153] INFO  http.BaseHttpServer (BaseHttpServer.java:updateConnectorAddress(329)) - HTTP server of ozoneManager listening at http://0.0.0.0:35045
2022-03-08 02:51:49,302 [IPC Server Responder] INFO  ipc.Server (Server.java:run(1507)) - IPC Server Responder: starting
2022-03-08 02:51:49,303 [IPC Server listener on 0] INFO  ipc.Server (Server.java:run(1344)) - IPC Server listener on 0: starting
2022-03-08 02:51:49,316 [Listener at 127.0.0.1/40153] INFO  om.OzoneManager (OzoneManager.java:startTrashEmptier(1792)) - Trash Interval set to 0. Files deleted will not move to trash
2022-03-08 02:51:49,339 [org.apache.hadoop.util.JvmPauseMonitor$Monitor@20c82132] INFO  util.JvmPauseMonitor (JvmPauseMonitor.java:run(188)) - Starting JVM pause monitor
2022-03-08 02:51:49,345 [Listener at 127.0.0.1/40153] WARN  impl.MetricRegistriesImpl (MetricRegistriesImpl.java:addReporterRegistration(111)) - New reporters are added after registries were created. Some metrics will be missing from the reporter. Please add reporter before adding any new registry.
2022-03-08 02:51:49,345 [Listener at 127.0.0.1/40153] WARN  impl.MetricRegistriesImpl (MetricRegistriesImpl.java:addReporterRegistration(111)) - New reporters are added after registries were created. Some metrics will be missing from the reporter. Please add reporter before adding any new registry.
2022-03-08 02:51:49,345 [Listener at 127.0.0.1/40153] INFO  impl.MetricsSystemImpl (MetricsSystemImpl.java:init(158)) - HddsDatanode metrics system started (again)
2022-03-08 02:51:49,359 [Listener at 127.0.0.1/40153] INFO  ozone.HddsDatanodeService (HddsDatanodeService.java:start(233)) - HddsDatanodeService host:fv-az297-394.nmf1rxwemy4u5di1sxxf4ejcwb.jx.internal.cloudapp.net ip:10.1.0.13
2022-03-08 02:51:49,395 [Listener at 127.0.0.1/40153] INFO  upgrade.AbstractLayoutVersionManager (AbstractLayoutVersionManager.java:init(79)) - Initializing Layout version manager with metadata layout = SCM_HA (version = 2), software layout = SCM_HA (version = 2)
2022-03-08 02:51:49,490 [Listener at 127.0.0.1/40153] INFO  reflections.Reflections (Reflections.java:scan(232)) - Reflections took 94 ms to scan 7 urls, producing 122 keys and 286 values 
2022-03-08 02:51:49,491 [Listener at 127.0.0.1/40153] INFO  statemachine.DatanodeStateMachine (DatanodeStateMachine.java:getEndPointTaskThreadPoolSize(222)) - Datanode State Machine Task Thread Pool size 2
2022-03-08 02:51:49,520 [Listener at 127.0.0.1/40153] INFO  volume.HddsVolume (HddsVolume.java:<init>(120)) - Creating HddsVolume: /home/runner/work/ozone/ozone/hadoop-ozone/integration-test/target/test-dir/MiniOzoneClusterImpl-c5fac6bb-2c25-4e61-a608-d2807dddd723/datanode-0/data-0/containers/hdds of storage type : DISK capacity : 9223372036854775807
2022-03-08 02:51:49,521 [Listener at 127.0.0.1/40153] INFO  volume.MutableVolumeSet (MutableVolumeSet.java:initializeVolumeSet(168)) - Added Volume : /home/runner/work/ozone/ozone/hadoop-ozone/integration-test/target/test-dir/MiniOzoneClusterImpl-c5fac6bb-2c25-4e61-a608-d2807dddd723/datanode-0/data-0/containers/hdds to VolumeSet
2022-03-08 02:51:49,521 [Listener at 127.0.0.1/40153] INFO  volume.ThrottledAsyncChecker (ThrottledAsyncChecker.java:schedule(141)) - Scheduling a check for /home/runner/work/ozone/ozone/hadoop-ozone/integration-test/target/test-dir/MiniOzoneClusterImpl-c5fac6bb-2c25-4e61-a608-d2807dddd723/datanode-0/data-0/containers/hdds
2022-03-08 02:51:49,523 [Listener at 127.0.0.1/40153] INFO  volume.StorageVolumeChecker (StorageVolumeChecker.java:checkAllVolumes(202)) - Scheduled health check for volume /home/runner/work/ozone/ozone/hadoop-ozone/integration-test/target/test-dir/MiniOzoneClusterImpl-c5fac6bb-2c25-4e61-a608-d2807dddd723/datanode-0/data-0/containers/hdds
2022-03-08 02:51:49,565 [Listener at 127.0.0.1/40153] INFO  volume.MutableVolumeSet (MutableVolumeSet.java:initializeVolumeSet(168)) - Added Volume : /home/runner/work/ozone/ozone/hadoop-ozone/integration-test/target/test-dir/MiniOzoneClusterImpl-c5fac6bb-2c25-4e61-a608-d2807dddd723/datanode-0/data/ratis to VolumeSet
2022-03-08 02:51:49,565 [Listener at 127.0.0.1/40153] INFO  volume.ThrottledAsyncChecker (ThrottledAsyncChecker.java:schedule(141)) - Scheduling a check for /home/runner/work/ozone/ozone/hadoop-ozone/integration-test/target/test-dir/MiniOzoneClusterImpl-c5fac6bb-2c25-4e61-a608-d2807dddd723/datanode-0/data/ratis
2022-03-08 02:51:49,569 [Listener at 127.0.0.1/40153] INFO  volume.StorageVolumeChecker (StorageVolumeChecker.java:checkAllVolumes(202)) - Scheduled health check for volume /home/runner/work/ozone/ozone/hadoop-ozone/integration-test/target/test-dir/MiniOzoneClusterImpl-c5fac6bb-2c25-4e61-a608-d2807dddd723/datanode-0/data/ratis
2022-03-08 02:51:49,589 [Thread-531] INFO  ozoneimpl.ContainerReader (ContainerReader.java:readVolume(172)) - Finish verifying containers on volume /home/runner/work/ozone/ozone/hadoop-ozone/integration-test/target/test-dir/MiniOzoneClusterImpl-c5fac6bb-2c25-4e61-a608-d2807dddd723/datanode-0/data-0/containers/hdds
2022-03-08 02:51:49,589 [Listener at 127.0.0.1/40153] INFO  ozoneimpl.OzoneContainer (OzoneContainer.java:buildContainerSet(257)) - Build ContainerSet costs 0s
2022-03-08 02:51:49,597 [Listener at 127.0.0.1/40153] INFO  server.RaftServer (ConfUtils.java:logGet(44)) - raft.rpc.type = GRPC (default)
2022-03-08 02:51:49,597 [Listener at 127.0.0.1/40153] INFO  grpc.GrpcFactory (GrpcFactory.java:checkPooledByteBufAllocatorUseCacheForAllThreads(48)) - PERFORMANCE WARNING: useCacheForAllThreads is true that may cause Netty to create a lot garbage objects and, as a result, trigger GC.
	It is recommended to disable useCacheForAllThreads by setting -Dorg.apache.ratis.thirdparty.io.netty.allocator.useCacheForAllThreads=false in command line.
2022-03-08 02:51:49,597 [Listener at 127.0.0.1/40153] INFO  grpc.GrpcConfigKeys (ConfUtils.java:logGet(44)) - raft.grpc.admin.port = 0 (custom)
2022-03-08 02:51:49,598 [Listener at 127.0.0.1/40153] INFO  grpc.GrpcConfigKeys (ConfUtils.java:logGet(44)) - raft.grpc.client.port = 0 (custom)
2022-03-08 02:51:49,598 [Listener at 127.0.0.1/40153] INFO  grpc.GrpcConfigKeys (ConfUtils.java:logGet(44)) - raft.grpc.server.port = 0 (default)
2022-03-08 02:51:49,598 [Listener at 127.0.0.1/40153] INFO  server.GrpcService (ConfUtils.java:logGet(44)) - raft.grpc.message.size.max = 32MB (=33554432) (custom)
2022-03-08 02:51:49,598 [Listener at 127.0.0.1/40153] INFO  server.RaftServerConfigKeys (ConfUtils.java:logGet(44)) - raft.server.log.appender.buffer.byte-limit = 33554432 (custom)
2022-03-08 02:51:49,598 [Listener at 127.0.0.1/40153] INFO  server.GrpcService (ConfUtils.java:logGet(44)) - raft.grpc.flow.control.window = 5MB (=5242880) (custom)
2022-03-08 02:51:49,598 [Listener at 127.0.0.1/40153] INFO  server.RaftServerConfigKeys (ConfUtils.java:logGet(44)) - raft.server.rpc.request.timeout = 60s (custom)
2022-03-08 02:51:49,599 [Listener at 127.0.0.1/40153] INFO  impl.DataStreamServerImpl (ConfUtils.java:logGet(44)) - raft.datastream.type = DISABLED (default)
2022-03-08 02:51:49,599 [Listener at 127.0.0.1/40153] INFO  server.RaftServerConfigKeys (ConfUtils.java:logGet(44)) - raft.server.rpc.slowness.timeout = 300s (custom)
2022-03-08 02:51:49,599 [Listener at 127.0.0.1/40153] INFO  server.RaftServerConfigKeys (ConfUtils.java:logGet(44)) - raft.server.leaderelection.leader.step-down.wait-time = 10s (default)
2022-03-08 02:51:49,600 [Listener at 127.0.0.1/40153] INFO  server.RaftServerConfigKeys (ConfUtils.java:logGet(44)) - raft.server.storage.dir = [/home/runner/work/ozone/ozone/hadoop-ozone/integration-test/target/test-dir/MiniOzoneClusterImpl-c5fac6bb-2c25-4e61-a608-d2807dddd723/datanode-0/data/ratis] (custom)
2022-03-08 02:51:49,601 [Listener at 127.0.0.1/40153] INFO  server.XceiverServerGrpc (XceiverServerGrpc.java:<init>(132)) - GrpcServer channel type EpollServerSocketChannel
2022-03-08 02:51:49,617 [Listener at 127.0.0.1/40153] INFO  http.BaseHttpServer (BaseHttpServer.java:newHttpServer2BuilderForOzone(209)) - Starting Web-server for hddsDatanode at: http://0.0.0.0:0
2022-03-08 02:51:49,617 [Listener at 127.0.0.1/40153] INFO  http.BaseHttpServer (BaseHttpServer.java:<init>(107)) - Hadoop Security Enabled: false Ozone Security Enabled: false Ozone HTTP Security Enabled: false 
2022-03-08 02:51:49,618 [Listener at 127.0.0.1/40153] INFO  server.AuthenticationFilter (AuthenticationFilter.java:constructSecretProvider(240)) - Unable to initialize FileSignerSecretProvider, falling back to use random secrets.
2022-03-08 02:51:49,628 [Listener at 127.0.0.1/40153] WARN  http.HttpRequestLog (HttpRequestLog.java:getRequestLog(103)) - Jetty request log can only be enabled using Log4j
2022-03-08 02:51:49,629 [Listener at 127.0.0.1/40153] INFO  http.HttpServer2 (HttpServer2.java:addGlobalFilter(1030)) - Added global filter 'safety' (class=org.apache.hadoop.hdds.server.http.HttpServer2$QuotingInputFilter)
2022-03-08 02:51:49,629 [Listener at 127.0.0.1/40153] INFO  http.HttpServer2 (HttpServer2.java:addFilter(1006)) - Added filter static_user_filter (class=org.apache.hadoop.http.lib.StaticUserWebFilter$StaticUserFilter) to context hddsDatanode
2022-03-08 02:51:49,630 [Listener at 127.0.0.1/40153] INFO  http.HttpServer2 (HttpServer2.java:addFilter(1014)) - Added filter static_user_filter (class=org.apache.hadoop.http.lib.StaticUserWebFilter$StaticUserFilter) to context static
2022-03-08 02:51:49,630 [Listener at 127.0.0.1/40153] INFO  http.HttpServer2 (HttpServer2.java:addFilter(1014)) - Added filter static_user_filter (class=org.apache.hadoop.http.lib.StaticUserWebFilter$StaticUserFilter) to context logs
2022-03-08 02:51:49,630 [Listener at 127.0.0.1/40153] INFO  http.HttpServer2 (HttpServer2.java:bindListener(1249)) - Jetty bound to port 41937
2022-03-08 02:51:49,630 [Listener at 127.0.0.1/40153] INFO  server.Server (Server.java:doStart(375)) - jetty-9.4.43.v20210629; built: 2021-06-30T11:07:22.254Z; git: 526006ecfa3af7f1a27ef3a288e2bef7ea9dd7e8; jvm 1.8.0_322-b06
2022-03-08 02:51:49,697 [Listener at 127.0.0.1/40153] INFO  server.session (DefaultSessionIdManager.java:doStart(334)) - DefaultSessionIdManager workerName=node0
2022-03-08 02:51:49,697 [Listener at 127.0.0.1/40153] INFO  server.session (DefaultSessionIdManager.java:doStart(339)) - No SessionScavenger set, using defaults
2022-03-08 02:51:49,698 [Listener at 127.0.0.1/40153] INFO  server.session (HouseKeeper.java:startScavenging(132)) - node0 Scavenging every 600000ms
2022-03-08 02:51:49,714 [Listener at 127.0.0.1/40153] INFO  handler.ContextHandler (ContextHandler.java:doStart(915)) - Started o.e.j.s.ServletContextHandler@2204cf88{logs,/logs,file:///home/runner/work/ozone/ozone/hadoop-ozone/integration-test/target/log,AVAILABLE}
2022-03-08 02:51:49,714 [Listener at 127.0.0.1/40153] INFO  handler.ContextHandler (ContextHandler.java:doStart(915)) - Started o.e.j.s.ServletContextHandler@465b0aa2{static,/static,jar:file:/home/runner/.m2/repository/org/apache/ozone/hdds-container-service/1.3.0-SNAPSHOT/hdds-container-service-1.3.0-SNAPSHOT.jar!/webapps/static,AVAILABLE}
2022-03-08 02:51:49,820 [Listener at 127.0.0.1/40153] INFO  handler.ContextHandler (ContextHandler.java:doStart(915)) - Started o.e.j.w.WebAppContext@7a65d96e{hddsDatanode,/,file:///tmp/jetty-0_0_0_0-41937-hdds-container-service-1_3_0-SNAPSHOT_jar-_-any-2888037222854055479/webapp/,AVAILABLE}{jar:file:/home/runner/.m2/repository/org/apache/ozone/hdds-container-service/1.3.0-SNAPSHOT/hdds-container-service-1.3.0-SNAPSHOT.jar!/webapps/hddsDatanode}
2022-03-08 02:51:49,829 [Listener at 127.0.0.1/40153] INFO  server.AbstractConnector (AbstractConnector.java:doStart(331)) - Started ServerConnector@74a9dd7f{HTTP/1.1, (http/1.1)}{0.0.0.0:41937}
2022-03-08 02:51:49,833 [Listener at 127.0.0.1/40153] INFO  server.Server (Server.java:doStart(415)) - Started @91601ms
2022-03-08 02:51:49,834 [Listener at 127.0.0.1/40153] WARN  impl.MetricsSystemImpl (MetricsSystemImpl.java:register(279)) - Sink prometheus already exists!
2022-03-08 02:51:49,835 [Listener at 127.0.0.1/40153] INFO  http.BaseHttpServer (BaseHttpServer.java:updateConnectorAddress(329)) - HTTP server of hddsDatanode listening at http://0.0.0.0:41937
2022-03-08 02:51:49,841 [Listener at 127.0.0.1/40153] WARN  impl.MetricRegistriesImpl (MetricRegistriesImpl.java:addReporterRegistration(111)) - New reporters are added after registries were created. Some metrics will be missing from the reporter. Please add reporter before adding any new registry.
2022-03-08 02:51:49,841 [Listener at 127.0.0.1/40153] WARN  impl.MetricRegistriesImpl (MetricRegistriesImpl.java:addReporterRegistration(111)) - New reporters are added after registries were created. Some metrics will be missing from the reporter. Please add reporter before adding any new registry.
2022-03-08 02:51:49,841 [Listener at 127.0.0.1/40153] INFO  impl.MetricsSystemImpl (MetricsSystemImpl.java:init(158)) - HddsDatanode metrics system started (again)
2022-03-08 02:51:49,850 [Datanode State Machine Daemon Thread] INFO  statemachine.DatanodeStateMachine (DatanodeStateMachine.java:lambda$startDaemon$0(470)) - Ozone container server started.
2022-03-08 02:51:49,859 [Listener at 127.0.0.1/40153] INFO  ozone.HddsDatanodeService (HddsDatanodeService.java:start(233)) - HddsDatanodeService host:fv-az297-394.nmf1rxwemy4u5di1sxxf4ejcwb.jx.internal.cloudapp.net ip:10.1.0.13
2022-03-08 02:51:49,880 [org.apache.hadoop.util.JvmPauseMonitor$Monitor@4f2ec905] INFO  util.JvmPauseMonitor (JvmPauseMonitor.java:run(188)) - Starting JVM pause monitor
2022-03-08 02:51:49,896 [Listener at 127.0.0.1/40153] INFO  upgrade.AbstractLayoutVersionManager (AbstractLayoutVersionManager.java:init(79)) - Initializing Layout version manager with metadata layout = SCM_HA (version = 2), software layout = SCM_HA (version = 2)
2022-03-08 02:51:49,914 [Datanode State Machine Task Thread - 0] INFO  datanode.InitDatanodeState (InitDatanodeState.java:persistContainerDatanodeDetails(138)) - DatanodeDetails is persisted to /home/runner/work/ozone/ozone/hadoop-ozone/integration-test/target/test-dir/MiniOzoneClusterImpl-c5fac6bb-2c25-4e61-a608-d2807dddd723/datanode-0/meta/datanode.id
2022-03-08 02:51:50,009 [Listener at 127.0.0.1/40153] INFO  reflections.Reflections (Reflections.java:scan(232)) - Reflections took 111 ms to scan 7 urls, producing 122 keys and 286 values 
2022-03-08 02:51:50,011 [Listener at 127.0.0.1/40153] INFO  statemachine.DatanodeStateMachine (DatanodeStateMachine.java:getEndPointTaskThreadPoolSize(222)) - Datanode State Machine Task Thread Pool size 2
2022-03-08 02:51:50,038 [Listener at 127.0.0.1/40153] INFO  volume.HddsVolume (HddsVolume.java:<init>(120)) - Creating HddsVolume: /home/runner/work/ozone/ozone/hadoop-ozone/integration-test/target/test-dir/MiniOzoneClusterImpl-c5fac6bb-2c25-4e61-a608-d2807dddd723/datanode-1/data-0/containers/hdds of storage type : DISK capacity : 9223372036854775807
2022-03-08 02:51:50,038 [Listener at 127.0.0.1/40153] INFO  volume.MutableVolumeSet (MutableVolumeSet.java:initializeVolumeSet(168)) - Added Volume : /home/runner/work/ozone/ozone/hadoop-ozone/integration-test/target/test-dir/MiniOzoneClusterImpl-c5fac6bb-2c25-4e61-a608-d2807dddd723/datanode-1/data-0/containers/hdds to VolumeSet
2022-03-08 02:51:50,038 [Listener at 127.0.0.1/40153] INFO  volume.ThrottledAsyncChecker (ThrottledAsyncChecker.java:schedule(141)) - Scheduling a check for /home/runner/work/ozone/ozone/hadoop-ozone/integration-test/target/test-dir/MiniOzoneClusterImpl-c5fac6bb-2c25-4e61-a608-d2807dddd723/datanode-1/data-0/containers/hdds
2022-03-08 02:51:50,059 [Listener at 127.0.0.1/40153] INFO  volume.StorageVolumeChecker (StorageVolumeChecker.java:checkAllVolumes(202)) - Scheduled health check for volume /home/runner/work/ozone/ozone/hadoop-ozone/integration-test/target/test-dir/MiniOzoneClusterImpl-c5fac6bb-2c25-4e61-a608-d2807dddd723/datanode-1/data-0/containers/hdds
2022-03-08 02:51:50,083 [Listener at 127.0.0.1/40153] INFO  volume.MutableVolumeSet (MutableVolumeSet.java:initializeVolumeSet(168)) - Added Volume : /home/runner/work/ozone/ozone/hadoop-ozone/integration-test/target/test-dir/MiniOzoneClusterImpl-c5fac6bb-2c25-4e61-a608-d2807dddd723/datanode-1/data/ratis to VolumeSet
2022-03-08 02:51:50,084 [Listener at 127.0.0.1/40153] INFO  volume.ThrottledAsyncChecker (ThrottledAsyncChecker.java:schedule(141)) - Scheduling a check for /home/runner/work/ozone/ozone/hadoop-ozone/integration-test/target/test-dir/MiniOzoneClusterImpl-c5fac6bb-2c25-4e61-a608-d2807dddd723/datanode-1/data/ratis
2022-03-08 02:51:50,084 [Listener at 127.0.0.1/40153] INFO  volume.StorageVolumeChecker (StorageVolumeChecker.java:checkAllVolumes(202)) - Scheduled health check for volume /home/runner/work/ozone/ozone/hadoop-ozone/integration-test/target/test-dir/MiniOzoneClusterImpl-c5fac6bb-2c25-4e61-a608-d2807dddd723/datanode-1/data/ratis
2022-03-08 02:51:50,119 [Thread-543] INFO  ozoneimpl.ContainerReader (ContainerReader.java:readVolume(172)) - Finish verifying containers on volume /home/runner/work/ozone/ozone/hadoop-ozone/integration-test/target/test-dir/MiniOzoneClusterImpl-c5fac6bb-2c25-4e61-a608-d2807dddd723/datanode-1/data-0/containers/hdds
2022-03-08 02:51:50,119 [Listener at 127.0.0.1/40153] INFO  ozoneimpl.OzoneContainer (OzoneContainer.java:buildContainerSet(257)) - Build ContainerSet costs 0s
2022-03-08 02:51:50,121 [Listener at 127.0.0.1/40153] INFO  server.RaftServer (ConfUtils.java:logGet(44)) - raft.rpc.type = GRPC (default)
2022-03-08 02:51:50,125 [Listener at 127.0.0.1/40153] INFO  grpc.GrpcFactory (GrpcFactory.java:checkPooledByteBufAllocatorUseCacheForAllThreads(48)) - PERFORMANCE WARNING: useCacheForAllThreads is true that may cause Netty to create a lot garbage objects and, as a result, trigger GC.
	It is recommended to disable useCacheForAllThreads by setting -Dorg.apache.ratis.thirdparty.io.netty.allocator.useCacheForAllThreads=false in command line.
2022-03-08 02:51:50,125 [Listener at 127.0.0.1/40153] INFO  grpc.GrpcConfigKeys (ConfUtils.java:logGet(44)) - raft.grpc.admin.port = 0 (custom)
2022-03-08 02:51:50,125 [Listener at 127.0.0.1/40153] INFO  grpc.GrpcConfigKeys (ConfUtils.java:logGet(44)) - raft.grpc.client.port = 0 (custom)
2022-03-08 02:51:50,125 [Listener at 127.0.0.1/40153] INFO  grpc.GrpcConfigKeys (ConfUtils.java:logGet(44)) - raft.grpc.server.port = 0 (default)
2022-03-08 02:51:50,125 [Listener at 127.0.0.1/40153] INFO  server.GrpcService (ConfUtils.java:logGet(44)) - raft.grpc.message.size.max = 32MB (=33554432) (custom)
2022-03-08 02:51:50,126 [Listener at 127.0.0.1/40153] INFO  server.RaftServerConfigKeys (ConfUtils.java:logGet(44)) - raft.server.log.appender.buffer.byte-limit = 33554432 (custom)
2022-03-08 02:51:50,126 [Listener at 127.0.0.1/40153] INFO  server.GrpcService (ConfUtils.java:logGet(44)) - raft.grpc.flow.control.window = 5MB (=5242880) (custom)
2022-03-08 02:51:50,126 [Listener at 127.0.0.1/40153] INFO  server.RaftServerConfigKeys (ConfUtils.java:logGet(44)) - raft.server.rpc.request.timeout = 60s (custom)
2022-03-08 02:51:50,127 [Listener at 127.0.0.1/40153] INFO  impl.DataStreamServerImpl (ConfUtils.java:logGet(44)) - raft.datastream.type = DISABLED (default)
2022-03-08 02:51:50,131 [Listener at 127.0.0.1/40153] INFO  server.RaftServerConfigKeys (ConfUtils.java:logGet(44)) - raft.server.rpc.slowness.timeout = 300s (custom)
2022-03-08 02:51:50,132 [Listener at 127.0.0.1/40153] INFO  server.RaftServerConfigKeys (ConfUtils.java:logGet(44)) - raft.server.leaderelection.leader.step-down.wait-time = 10s (default)
2022-03-08 02:51:50,132 [Listener at 127.0.0.1/40153] INFO  server.RaftServerConfigKeys (ConfUtils.java:logGet(44)) - raft.server.storage.dir = [/home/runner/work/ozone/ozone/hadoop-ozone/integration-test/target/test-dir/MiniOzoneClusterImpl-c5fac6bb-2c25-4e61-a608-d2807dddd723/datanode-1/data/ratis] (custom)
2022-03-08 02:51:50,133 [Listener at 127.0.0.1/40153] INFO  server.XceiverServerGrpc (XceiverServerGrpc.java:<init>(132)) - GrpcServer channel type EpollServerSocketChannel
2022-03-08 02:51:50,148 [Listener at 127.0.0.1/40153] INFO  http.BaseHttpServer (BaseHttpServer.java:newHttpServer2BuilderForOzone(209)) - Starting Web-server for hddsDatanode at: http://0.0.0.0:0
2022-03-08 02:51:50,148 [Listener at 127.0.0.1/40153] INFO  http.BaseHttpServer (BaseHttpServer.java:<init>(107)) - Hadoop Security Enabled: false Ozone Security Enabled: false Ozone HTTP Security Enabled: false 
2022-03-08 02:51:50,149 [Listener at 127.0.0.1/40153] INFO  server.AuthenticationFilter (AuthenticationFilter.java:constructSecretProvider(240)) - Unable to initialize FileSignerSecretProvider, falling back to use random secrets.
2022-03-08 02:51:50,169 [Listener at 127.0.0.1/40153] WARN  http.HttpRequestLog (HttpRequestLog.java:getRequestLog(103)) - Jetty request log can only be enabled using Log4j
2022-03-08 02:51:50,170 [Listener at 127.0.0.1/40153] INFO  http.HttpServer2 (HttpServer2.java:addGlobalFilter(1030)) - Added global filter 'safety' (class=org.apache.hadoop.hdds.server.http.HttpServer2$QuotingInputFilter)
2022-03-08 02:51:50,171 [Listener at 127.0.0.1/40153] INFO  http.HttpServer2 (HttpServer2.java:addFilter(1006)) - Added filter static_user_filter (class=org.apache.hadoop.http.lib.StaticUserWebFilter$StaticUserFilter) to context hddsDatanode
2022-03-08 02:51:50,171 [Listener at 127.0.0.1/40153] INFO  http.HttpServer2 (HttpServer2.java:addFilter(1014)) - Added filter static_user_filter (class=org.apache.hadoop.http.lib.StaticUserWebFilter$StaticUserFilter) to context static
2022-03-08 02:51:50,171 [Listener at 127.0.0.1/40153] INFO  http.HttpServer2 (HttpServer2.java:addFilter(1014)) - Added filter static_user_filter (class=org.apache.hadoop.http.lib.StaticUserWebFilter$StaticUserFilter) to context logs
2022-03-08 02:51:50,171 [Listener at 127.0.0.1/40153] INFO  http.HttpServer2 (HttpServer2.java:bindListener(1249)) - Jetty bound to port 39183
2022-03-08 02:51:50,171 [Listener at 127.0.0.1/40153] INFO  server.Server (Server.java:doStart(375)) - jetty-9.4.43.v20210629; built: 2021-06-30T11:07:22.254Z; git: 526006ecfa3af7f1a27ef3a288e2bef7ea9dd7e8; jvm 1.8.0_322-b06
2022-03-08 02:51:50,228 [Listener at 127.0.0.1/40153] INFO  server.session (DefaultSessionIdManager.java:doStart(334)) - DefaultSessionIdManager workerName=node0
2022-03-08 02:51:50,228 [Listener at 127.0.0.1/40153] INFO  server.session (DefaultSessionIdManager.java:doStart(339)) - No SessionScavenger set, using defaults
2022-03-08 02:51:50,228 [Listener at 127.0.0.1/40153] INFO  server.session (HouseKeeper.java:startScavenging(132)) - node0 Scavenging every 660000ms
2022-03-08 02:51:50,237 [Listener at 127.0.0.1/40153] INFO  handler.ContextHandler (ContextHandler.java:doStart(915)) - Started o.e.j.s.ServletContextHandler@1eee5681{logs,/logs,file:///home/runner/work/ozone/ozone/hadoop-ozone/integration-test/target/log,AVAILABLE}
2022-03-08 02:51:50,237 [Listener at 127.0.0.1/40153] INFO  handler.ContextHandler (ContextHandler.java:doStart(915)) - Started o.e.j.s.ServletContextHandler@222d2207{static,/static,jar:file:/home/runner/.m2/repository/org/apache/ozone/hdds-container-service/1.3.0-SNAPSHOT/hdds-container-service-1.3.0-SNAPSHOT.jar!/webapps/static,AVAILABLE}
2022-03-08 02:51:50,378 [Listener at 127.0.0.1/40153] INFO  handler.ContextHandler (ContextHandler.java:doStart(915)) - Started o.e.j.w.WebAppContext@30299ab{hddsDatanode,/,file:///tmp/jetty-0_0_0_0-39183-hdds-container-service-1_3_0-SNAPSHOT_jar-_-any-3818324930314669106/webapp/,AVAILABLE}{jar:file:/home/runner/.m2/repository/org/apache/ozone/hdds-container-service/1.3.0-SNAPSHOT/hdds-container-service-1.3.0-SNAPSHOT.jar!/webapps/hddsDatanode}
2022-03-08 02:51:50,381 [Listener at 127.0.0.1/40153] INFO  server.AbstractConnector (AbstractConnector.java:doStart(331)) - Started ServerConnector@3f376513{HTTP/1.1, (http/1.1)}{0.0.0.0:39183}
2022-03-08 02:51:50,381 [Listener at 127.0.0.1/40153] INFO  server.Server (Server.java:doStart(415)) - Started @92149ms
2022-03-08 02:51:50,381 [Listener at 127.0.0.1/40153] WARN  impl.MetricsSystemImpl (MetricsSystemImpl.java:register(279)) - Sink prometheus already exists!
2022-03-08 02:51:50,384 [Listener at 127.0.0.1/40153] INFO  http.BaseHttpServer (BaseHttpServer.java:updateConnectorAddress(329)) - HTTP server of hddsDatanode listening at http://0.0.0.0:39183
2022-03-08 02:51:50,393 [Listener at 127.0.0.1/40153] WARN  impl.MetricRegistriesImpl (MetricRegistriesImpl.java:addReporterRegistration(111)) - New reporters are added after registries were created. Some metrics will be missing from the reporter. Please add reporter before adding any new registry.
2022-03-08 02:51:50,393 [Listener at 127.0.0.1/40153] WARN  impl.MetricRegistriesImpl (MetricRegistriesImpl.java:addReporterRegistration(111)) - New reporters are added after registries were created. Some metrics will be missing from the reporter. Please add reporter before adding any new registry.
2022-03-08 02:51:50,393 [Listener at 127.0.0.1/40153] INFO  impl.MetricsSystemImpl (MetricsSystemImpl.java:init(158)) - HddsDatanode metrics system started (again)
2022-03-08 02:51:50,398 [Datanode State Machine Daemon Thread] INFO  statemachine.DatanodeStateMachine (DatanodeStateMachine.java:lambda$startDaemon$0(470)) - Ozone container server started.
2022-03-08 02:51:50,413 [om1@group-C5BA1605619E-FollowerState] INFO  impl.FollowerState (FollowerState.java:run(134)) - om1@group-C5BA1605619E-FollowerState: change to CANDIDATE, lastRpcElapsedTime:1151300012ns, electionTimeout:1143ms
2022-03-08 02:51:50,414 [om1@group-C5BA1605619E-FollowerState] INFO  impl.RoleInfo (RoleInfo.java:shutdownFollowerState(108)) - om1: shutdown om1@group-C5BA1605619E-FollowerState
2022-03-08 02:51:50,414 [om1@group-C5BA1605619E-FollowerState] INFO  server.RaftServer$Division (RaftServerImpl.java:setRole(290)) - om1@group-C5BA1605619E: changes role from  FOLLOWER to CANDIDATE at term 0 for changeToCandidate
2022-03-08 02:51:50,414 [om1@group-C5BA1605619E-FollowerState] INFO  server.RaftServerConfigKeys (ConfUtils.java:logGet(44)) - raft.server.leaderelection.pre-vote = false (custom)
2022-03-08 02:51:50,414 [om1@group-C5BA1605619E-FollowerState] INFO  impl.RoleInfo (RoleInfo.java:updateAndGet(130)) - om1: start om1@group-C5BA1605619E-LeaderElection14
2022-03-08 02:51:50,427 [org.apache.hadoop.util.JvmPauseMonitor$Monitor@f8c7664] INFO  util.JvmPauseMonitor (JvmPauseMonitor.java:run(188)) - Starting JVM pause monitor
2022-03-08 02:51:50,440 [Listener at 127.0.0.1/40153] INFO  ozone.HddsDatanodeService (HddsDatanodeService.java:start(233)) - HddsDatanodeService host:fv-az297-394.nmf1rxwemy4u5di1sxxf4ejcwb.jx.internal.cloudapp.net ip:10.1.0.13
2022-03-08 02:51:50,461 [om1@group-C5BA1605619E-LeaderElection14] INFO  impl.LeaderElection (LeaderElection.java:askForVotes(306)) - om1@group-C5BA1605619E-LeaderElection14 ELECTION round 0: submit vote requests at term 1 for -1: [om1|rpc:localhost:9872|priority:0], old=null
2022-03-08 02:51:50,461 [om1@group-C5BA1605619E-LeaderElection14] INFO  impl.LeaderElection (LeaderElection.java:askForVotes(308)) - om1@group-C5BA1605619E-LeaderElection14 ELECTION round 0: result PASSED (term=1)
2022-03-08 02:51:50,461 [om1@group-C5BA1605619E-LeaderElection14] INFO  impl.RoleInfo (RoleInfo.java:shutdownLeaderElection(121)) - om1: shutdown om1@group-C5BA1605619E-LeaderElection14
2022-03-08 02:51:50,461 [om1@group-C5BA1605619E-LeaderElection14] INFO  server.RaftServer$Division (RaftServerImpl.java:setRole(290)) - om1@group-C5BA1605619E: changes role from CANDIDATE to LEADER at term 1 for changeToLeader
2022-03-08 02:51:50,461 [om1@group-C5BA1605619E-LeaderElection14] INFO  server.RaftServer$Division (ServerState.java:setLeader(285)) - om1@group-C5BA1605619E: change Leader from null to om1 at term 1 for becomeLeader, leader elected after 1228ms
2022-03-08 02:51:50,462 [om1@group-C5BA1605619E-LeaderElection14] INFO  server.RaftServerConfigKeys (ConfUtils.java:logGet(44)) - raft.server.staging.catchup.gap = 1000 (default)
2022-03-08 02:51:50,462 [om1@group-C5BA1605619E-LeaderElection14] INFO  server.RaftServerConfigKeys (ConfUtils.java:logGet(44)) - raft.server.write.element-limit = 4096 (default)
2022-03-08 02:51:50,462 [om1@group-C5BA1605619E-LeaderElection14] INFO  server.RaftServerConfigKeys (ConfUtils.java:logGet(44)) - raft.server.write.byte-limit = 64MB (=67108864) (default)
2022-03-08 02:51:50,462 [om1@group-C5BA1605619E-LeaderElection14] INFO  server.RaftServerConfigKeys (ConfUtils.java:logGet(44)) - raft.server.watch.timeout = 10s (default)
2022-03-08 02:51:50,462 [om1@group-C5BA1605619E-LeaderElection14] INFO  server.RaftServerConfigKeys (ConfUtils.java:logGet(44)) - raft.server.watch.timeout.denomination = 1s (default)
2022-03-08 02:51:50,462 [om1@group-C5BA1605619E-LeaderElection14] INFO  server.RaftServerConfigKeys (ConfUtils.java:logGet(44)) - raft.server.watch.element-limit = 65536 (default)
2022-03-08 02:51:50,462 [om1@group-C5BA1605619E-LeaderElection14] INFO  server.RaftServerConfigKeys (ConfUtils.java:logGet(44)) - raft.server.write.element-limit = 4096 (default)
2022-03-08 02:51:50,462 [om1@group-C5BA1605619E-LeaderElection14] INFO  server.RaftServerConfigKeys (ConfUtils.java:logGet(44)) - raft.server.write.follower.gap.ratio.max = -1.0 (default)
2022-03-08 02:51:50,462 [om1@group-C5BA1605619E-LeaderElection14] INFO  impl.RoleInfo (RoleInfo.java:updateAndGet(130)) - om1: start om1@group-C5BA1605619E-LeaderStateImpl
2022-03-08 02:51:50,463 [om1@group-C5BA1605619E-LeaderElection14] INFO  segmented.SegmentedRaftLogWorker (SegmentedRaftLogWorker.java:startLogSegment(394)) - om1@group-C5BA1605619E-SegmentedRaftLogWorker: Starting segment from index:0
2022-03-08 02:51:50,482 [om1@group-C5BA1605619E-LeaderElection14] INFO  server.RaftServer$Division (ServerState.java:setRaftConf(387)) - om1@group-C5BA1605619E: set configuration 0: [om1|rpc:localhost:9872|admin:|client:|dataStream:|priority:0], old=null
2022-03-08 02:51:50,486 [Listener at 127.0.0.1/40153] INFO  upgrade.AbstractLayoutVersionManager (AbstractLayoutVersionManager.java:init(79)) - Initializing Layout version manager with metadata layout = SCM_HA (version = 2), software layout = SCM_HA (version = 2)
2022-03-08 02:51:50,493 [om1@group-C5BA1605619E-SegmentedRaftLogWorker] INFO  segmented.SegmentedRaftLogWorker (SegmentedRaftLogWorker.java:execute(601)) - om1@group-C5BA1605619E-SegmentedRaftLogWorker: created new log segment /home/runner/work/ozone/ozone/hadoop-ozone/integration-test/target/test-dir/MiniOzoneClusterImpl-c5fac6bb-2c25-4e61-a608-d2807dddd723/ozone-meta/ratis/bf265839-605b-3f16-9796-c5ba1605619e/current/log_inprogress_0
2022-03-08 02:51:50,494 [om1@group-C5BA1605619E-StateMachineUpdater] INFO  ratis.OzoneManagerStateMachine (OzoneManagerStateMachine.java:notifyConfigurationChanged(188)) - Received Configuration change notification from Ratis. New Peer list:
[id: "om1"
address: "localhost:9872"
]
2022-03-08 02:51:50,504 [Datanode State Machine Task Thread - 0] INFO  datanode.InitDatanodeState (InitDatanodeState.java:persistContainerDatanodeDetails(138)) - DatanodeDetails is persisted to /home/runner/work/ozone/ozone/hadoop-ozone/integration-test/target/test-dir/MiniOzoneClusterImpl-c5fac6bb-2c25-4e61-a608-d2807dddd723/datanode-1/meta/datanode.id
2022-03-08 02:51:50,578 [Listener at 127.0.0.1/40153] INFO  reflections.Reflections (Reflections.java:scan(232)) - Reflections took 91 ms to scan 7 urls, producing 122 keys and 286 values 
2022-03-08 02:51:50,580 [Listener at 127.0.0.1/40153] INFO  statemachine.DatanodeStateMachine (DatanodeStateMachine.java:getEndPointTaskThreadPoolSize(222)) - Datanode State Machine Task Thread Pool size 2
2022-03-08 02:51:50,587 [Listener at 127.0.0.1/40153] INFO  volume.HddsVolume (HddsVolume.java:<init>(120)) - Creating HddsVolume: /home/runner/work/ozone/ozone/hadoop-ozone/integration-test/target/test-dir/MiniOzoneClusterImpl-c5fac6bb-2c25-4e61-a608-d2807dddd723/datanode-2/data-0/containers/hdds of storage type : DISK capacity : 9223372036854775807
2022-03-08 02:51:50,587 [Listener at 127.0.0.1/40153] INFO  volume.MutableVolumeSet (MutableVolumeSet.java:initializeVolumeSet(168)) - Added Volume : /home/runner/work/ozone/ozone/hadoop-ozone/integration-test/target/test-dir/MiniOzoneClusterImpl-c5fac6bb-2c25-4e61-a608-d2807dddd723/datanode-2/data-0/containers/hdds to VolumeSet
2022-03-08 02:51:50,587 [Listener at 127.0.0.1/40153] INFO  volume.ThrottledAsyncChecker (ThrottledAsyncChecker.java:schedule(141)) - Scheduling a check for /home/runner/work/ozone/ozone/hadoop-ozone/integration-test/target/test-dir/MiniOzoneClusterImpl-c5fac6bb-2c25-4e61-a608-d2807dddd723/datanode-2/data-0/containers/hdds
2022-03-08 02:51:50,613 [Listener at 127.0.0.1/40153] INFO  volume.StorageVolumeChecker (StorageVolumeChecker.java:checkAllVolumes(202)) - Scheduled health check for volume /home/runner/work/ozone/ozone/hadoop-ozone/integration-test/target/test-dir/MiniOzoneClusterImpl-c5fac6bb-2c25-4e61-a608-d2807dddd723/datanode-2/data-0/containers/hdds
2022-03-08 02:51:50,639 [Listener at 127.0.0.1/40153] INFO  volume.MutableVolumeSet (MutableVolumeSet.java:initializeVolumeSet(168)) - Added Volume : /home/runner/work/ozone/ozone/hadoop-ozone/integration-test/target/test-dir/MiniOzoneClusterImpl-c5fac6bb-2c25-4e61-a608-d2807dddd723/datanode-2/data/ratis to VolumeSet
2022-03-08 02:51:50,640 [Listener at 127.0.0.1/40153] INFO  volume.ThrottledAsyncChecker (ThrottledAsyncChecker.java:schedule(141)) - Scheduling a check for /home/runner/work/ozone/ozone/hadoop-ozone/integration-test/target/test-dir/MiniOzoneClusterImpl-c5fac6bb-2c25-4e61-a608-d2807dddd723/datanode-2/data/ratis
2022-03-08 02:51:50,640 [Listener at 127.0.0.1/40153] INFO  volume.StorageVolumeChecker (StorageVolumeChecker.java:checkAllVolumes(202)) - Scheduled health check for volume /home/runner/work/ozone/ozone/hadoop-ozone/integration-test/target/test-dir/MiniOzoneClusterImpl-c5fac6bb-2c25-4e61-a608-d2807dddd723/datanode-2/data/ratis
2022-03-08 02:51:50,665 [Thread-557] INFO  ozoneimpl.ContainerReader (ContainerReader.java:readVolume(172)) - Finish verifying containers on volume /home/runner/work/ozone/ozone/hadoop-ozone/integration-test/target/test-dir/MiniOzoneClusterImpl-c5fac6bb-2c25-4e61-a608-d2807dddd723/datanode-2/data-0/containers/hdds
2022-03-08 02:51:50,665 [Listener at 127.0.0.1/40153] INFO  ozoneimpl.OzoneContainer (OzoneContainer.java:buildContainerSet(257)) - Build ContainerSet costs 0s
2022-03-08 02:51:50,671 [Listener at 127.0.0.1/40153] INFO  server.RaftServer (ConfUtils.java:logGet(44)) - raft.rpc.type = GRPC (default)
2022-03-08 02:51:50,671 [Listener at 127.0.0.1/40153] INFO  grpc.GrpcFactory (GrpcFactory.java:checkPooledByteBufAllocatorUseCacheForAllThreads(48)) - PERFORMANCE WARNING: useCacheForAllThreads is true that may cause Netty to create a lot garbage objects and, as a result, trigger GC.
	It is recommended to disable useCacheForAllThreads by setting -Dorg.apache.ratis.thirdparty.io.netty.allocator.useCacheForAllThreads=false in command line.
2022-03-08 02:51:50,671 [Listener at 127.0.0.1/40153] INFO  grpc.GrpcConfigKeys (ConfUtils.java:logGet(44)) - raft.grpc.admin.port = 0 (custom)
2022-03-08 02:51:50,671 [Listener at 127.0.0.1/40153] INFO  grpc.GrpcConfigKeys (ConfUtils.java:logGet(44)) - raft.grpc.client.port = 0 (custom)
2022-03-08 02:51:50,671 [Listener at 127.0.0.1/40153] INFO  grpc.GrpcConfigKeys (ConfUtils.java:logGet(44)) - raft.grpc.server.port = 0 (default)
2022-03-08 02:51:50,671 [Listener at 127.0.0.1/40153] INFO  server.GrpcService (ConfUtils.java:logGet(44)) - raft.grpc.message.size.max = 32MB (=33554432) (custom)
2022-03-08 02:51:50,671 [Listener at 127.0.0.1/40153] INFO  server.RaftServerConfigKeys (ConfUtils.java:logGet(44)) - raft.server.log.appender.buffer.byte-limit = 33554432 (custom)
2022-03-08 02:51:50,671 [Listener at 127.0.0.1/40153] INFO  server.GrpcService (ConfUtils.java:logGet(44)) - raft.grpc.flow.control.window = 5MB (=5242880) (custom)
2022-03-08 02:51:50,671 [Listener at 127.0.0.1/40153] INFO  server.RaftServerConfigKeys (ConfUtils.java:logGet(44)) - raft.server.rpc.request.timeout = 60s (custom)
2022-03-08 02:51:50,673 [Listener at 127.0.0.1/40153] INFO  impl.DataStreamServerImpl (ConfUtils.java:logGet(44)) - raft.datastream.type = DISABLED (default)
2022-03-08 02:51:50,675 [Listener at 127.0.0.1/40153] INFO  server.RaftServerConfigKeys (ConfUtils.java:logGet(44)) - raft.server.rpc.slowness.timeout = 300s (custom)
2022-03-08 02:51:50,675 [Listener at 127.0.0.1/40153] INFO  server.RaftServerConfigKeys (ConfUtils.java:logGet(44)) - raft.server.leaderelection.leader.step-down.wait-time = 10s (default)
2022-03-08 02:51:50,675 [Listener at 127.0.0.1/40153] INFO  server.RaftServerConfigKeys (ConfUtils.java:logGet(44)) - raft.server.storage.dir = [/home/runner/work/ozone/ozone/hadoop-ozone/integration-test/target/test-dir/MiniOzoneClusterImpl-c5fac6bb-2c25-4e61-a608-d2807dddd723/datanode-2/data/ratis] (custom)
2022-03-08 02:51:50,676 [Listener at 127.0.0.1/40153] INFO  server.XceiverServerGrpc (XceiverServerGrpc.java:<init>(132)) - GrpcServer channel type EpollServerSocketChannel
2022-03-08 02:51:50,687 [Listener at 127.0.0.1/40153] INFO  http.BaseHttpServer (BaseHttpServer.java:newHttpServer2BuilderForOzone(209)) - Starting Web-server for hddsDatanode at: http://0.0.0.0:0
2022-03-08 02:51:50,687 [Listener at 127.0.0.1/40153] INFO  http.BaseHttpServer (BaseHttpServer.java:<init>(107)) - Hadoop Security Enabled: false Ozone Security Enabled: false Ozone HTTP Security Enabled: false 
2022-03-08 02:51:50,688 [Listener at 127.0.0.1/40153] INFO  server.AuthenticationFilter (AuthenticationFilter.java:constructSecretProvider(240)) - Unable to initialize FileSignerSecretProvider, falling back to use random secrets.
2022-03-08 02:51:50,697 [Listener at 127.0.0.1/40153] WARN  http.HttpRequestLog (HttpRequestLog.java:getRequestLog(103)) - Jetty request log can only be enabled using Log4j
2022-03-08 02:51:50,698 [Listener at 127.0.0.1/40153] INFO  http.HttpServer2 (HttpServer2.java:addGlobalFilter(1030)) - Added global filter 'safety' (class=org.apache.hadoop.hdds.server.http.HttpServer2$QuotingInputFilter)
2022-03-08 02:51:50,698 [Listener at 127.0.0.1/40153] INFO  http.HttpServer2 (HttpServer2.java:addFilter(1006)) - Added filter static_user_filter (class=org.apache.hadoop.http.lib.StaticUserWebFilter$StaticUserFilter) to context hddsDatanode
2022-03-08 02:51:50,698 [Listener at 127.0.0.1/40153] INFO  http.HttpServer2 (HttpServer2.java:addFilter(1014)) - Added filter static_user_filter (class=org.apache.hadoop.http.lib.StaticUserWebFilter$StaticUserFilter) to context logs
2022-03-08 02:51:50,698 [Listener at 127.0.0.1/40153] INFO  http.HttpServer2 (HttpServer2.java:addFilter(1014)) - Added filter static_user_filter (class=org.apache.hadoop.http.lib.StaticUserWebFilter$StaticUserFilter) to context static
2022-03-08 02:51:50,699 [Listener at 127.0.0.1/40153] INFO  http.HttpServer2 (HttpServer2.java:bindListener(1249)) - Jetty bound to port 44253
2022-03-08 02:51:50,699 [Listener at 127.0.0.1/40153] INFO  server.Server (Server.java:doStart(375)) - jetty-9.4.43.v20210629; built: 2021-06-30T11:07:22.254Z; git: 526006ecfa3af7f1a27ef3a288e2bef7ea9dd7e8; jvm 1.8.0_322-b06
2022-03-08 02:51:50,750 [Listener at 127.0.0.1/40153] INFO  server.session (DefaultSessionIdManager.java:doStart(334)) - DefaultSessionIdManager workerName=node0
2022-03-08 02:51:50,750 [Listener at 127.0.0.1/40153] INFO  server.session (DefaultSessionIdManager.java:doStart(339)) - No SessionScavenger set, using defaults
2022-03-08 02:51:50,751 [Listener at 127.0.0.1/40153] INFO  server.session (HouseKeeper.java:startScavenging(132)) - node0 Scavenging every 660000ms
2022-03-08 02:51:50,757 [Listener at 127.0.0.1/40153] INFO  handler.ContextHandler (ContextHandler.java:doStart(915)) - Started o.e.j.s.ServletContextHandler@5aea190b{logs,/logs,file:///home/runner/work/ozone/ozone/hadoop-ozone/integration-test/target/log,AVAILABLE}
2022-03-08 02:51:50,757 [Listener at 127.0.0.1/40153] INFO  handler.ContextHandler (ContextHandler.java:doStart(915)) - Started o.e.j.s.ServletContextHandler@6e86f964{static,/static,jar:file:/home/runner/.m2/repository/org/apache/ozone/hdds-container-service/1.3.0-SNAPSHOT/hdds-container-service-1.3.0-SNAPSHOT.jar!/webapps/static,AVAILABLE}
2022-03-08 02:51:50,845 [Listener at 127.0.0.1/40153] INFO  handler.ContextHandler (ContextHandler.java:doStart(915)) - Started o.e.j.w.WebAppContext@3b3e6d91{hddsDatanode,/,file:///tmp/jetty-0_0_0_0-44253-hdds-container-service-1_3_0-SNAPSHOT_jar-_-any-4750041812132316270/webapp/,AVAILABLE}{jar:file:/home/runner/.m2/repository/org/apache/ozone/hdds-container-service/1.3.0-SNAPSHOT/hdds-container-service-1.3.0-SNAPSHOT.jar!/webapps/hddsDatanode}
2022-03-08 02:51:50,847 [Listener at 127.0.0.1/40153] INFO  server.AbstractConnector (AbstractConnector.java:doStart(331)) - Started ServerConnector@40389e62{HTTP/1.1, (http/1.1)}{0.0.0.0:44253}
2022-03-08 02:51:50,847 [Listener at 127.0.0.1/40153] INFO  server.Server (Server.java:doStart(415)) - Started @92615ms
2022-03-08 02:51:50,847 [Listener at 127.0.0.1/40153] WARN  impl.MetricsSystemImpl (MetricsSystemImpl.java:register(279)) - Sink prometheus already exists!
2022-03-08 02:51:50,848 [Listener at 127.0.0.1/40153] INFO  http.BaseHttpServer (BaseHttpServer.java:updateConnectorAddress(329)) - HTTP server of hddsDatanode listening at http://0.0.0.0:44253
2022-03-08 02:51:50,849 [Listener at 127.0.0.1/40153] INFO  ozone.MiniOzoneClusterImpl (MiniOzoneClusterImpl.java:lambda$waitForClusterToBeReady$0(219)) - Waiting for nodes to be ready. Got 0 of 3 DN Heartbeats.
2022-03-08 02:51:50,850 [Listener at 127.0.0.1/40153] INFO  ozone.MiniOzoneClusterImpl (MiniOzoneClusterImpl.java:lambda$waitForClusterToBeReady$0(222)) - Waiting for cluster to exit safe mode
2022-03-08 02:51:50,850 [Listener at 127.0.0.1/40153] INFO  ozone.MiniOzoneClusterImpl (MiniOzoneClusterImpl.java:lambda$waitForClusterToBeReady$0(224)) - SCM became leader
2022-03-08 02:51:50,866 [Datanode State Machine Daemon Thread] INFO  statemachine.DatanodeStateMachine (DatanodeStateMachine.java:lambda$startDaemon$0(470)) - Ozone container server started.
2022-03-08 02:51:50,933 [org.apache.hadoop.util.JvmPauseMonitor$Monitor@8611803] INFO  util.JvmPauseMonitor (JvmPauseMonitor.java:run(188)) - Starting JVM pause monitor
2022-03-08 02:51:50,954 [Datanode State Machine Task Thread - 0] INFO  datanode.InitDatanodeState (InitDatanodeState.java:persistContainerDatanodeDetails(138)) - DatanodeDetails is persisted to /home/runner/work/ozone/ozone/hadoop-ozone/integration-test/target/test-dir/MiniOzoneClusterImpl-c5fac6bb-2c25-4e61-a608-d2807dddd723/datanode-2/meta/datanode.id
2022-03-08 02:51:51,850 [Listener at 127.0.0.1/40153] INFO  ozone.MiniOzoneClusterImpl (MiniOzoneClusterImpl.java:lambda$waitForClusterToBeReady$0(219)) - Waiting for nodes to be ready. Got 0 of 3 DN Heartbeats.
2022-03-08 02:51:51,850 [Listener at 127.0.0.1/40153] INFO  ozone.MiniOzoneClusterImpl (MiniOzoneClusterImpl.java:lambda$waitForClusterToBeReady$0(222)) - Waiting for cluster to exit safe mode
2022-03-08 02:51:51,850 [Listener at 127.0.0.1/40153] INFO  ozone.MiniOzoneClusterImpl (MiniOzoneClusterImpl.java:lambda$waitForClusterToBeReady$0(224)) - SCM became leader
2022-03-08 02:51:51,913 [EndpointStateMachine task thread for /0.0.0.0:39159 - 0 ] INFO  ozoneimpl.OzoneContainer (OzoneContainer.java:start(335)) - Attempting to start container services.
2022-03-08 02:51:51,913 [EndpointStateMachine task thread for /0.0.0.0:39159 - 0 ] INFO  ozoneimpl.OzoneContainer (OzoneContainer.java:startContainerScrub(270)) - Background container scanner has been disabled.
2022-03-08 02:51:51,914 [EndpointStateMachine task thread for /0.0.0.0:39159 - 0 ] INFO  replication.ReplicationServer (ReplicationServer.java:start(111)) - ReplicationServer is started using port 42093
2022-03-08 02:51:51,915 [EndpointStateMachine task thread for /0.0.0.0:39159 - 0 ] INFO  ratis.XceiverServerRatis (XceiverServerRatis.java:start(485)) - Starting XceiverServerRatis b2e56fe9-8c58-4ee8-92f7-465001393f8b
2022-03-08 02:51:51,915 [EndpointStateMachine task thread for /0.0.0.0:39159 - 0 ] INFO  server.RaftServer (RaftServerProxy.java:lambda$start$5(374)) - b2e56fe9-8c58-4ee8-92f7-465001393f8b: start RPC server
2022-03-08 02:51:51,920 [EndpointStateMachine task thread for /0.0.0.0:39159 - 0 ] INFO  server.GrpcService (GrpcService.java:startImpl(253)) - b2e56fe9-8c58-4ee8-92f7-465001393f8b: GrpcService started, listening on 34551
2022-03-08 02:51:51,928 [EndpointStateMachine task thread for /0.0.0.0:39159 - 0 ] INFO  ratis.XceiverServerRatis (XceiverServerRatis.java:getRealPort(506)) - XceiverServerRatis b2e56fe9-8c58-4ee8-92f7-465001393f8b is started using port 34551 for RATIS
2022-03-08 02:51:51,929 [EndpointStateMachine task thread for /0.0.0.0:39159 - 0 ] INFO  ratis.XceiverServerRatis (XceiverServerRatis.java:getRealPort(506)) - XceiverServerRatis b2e56fe9-8c58-4ee8-92f7-465001393f8b is started using port 34551 for RATIS_ADMIN
2022-03-08 02:51:51,929 [EndpointStateMachine task thread for /0.0.0.0:39159 - 0 ] INFO  ratis.XceiverServerRatis (XceiverServerRatis.java:getRealPort(506)) - XceiverServerRatis b2e56fe9-8c58-4ee8-92f7-465001393f8b is started using port 34551 for RATIS_SERVER
2022-03-08 02:51:51,928 [org.apache.ratis.util.JvmPauseMonitor$$Lambda$431/28165379@56237291] INFO  util.JvmPauseMonitor (JvmPauseMonitor.java:run(103)) - JvmPauseMonitor-b2e56fe9-8c58-4ee8-92f7-465001393f8b: Started
2022-03-08 02:51:51,934 [EndpointStateMachine task thread for /0.0.0.0:39159 - 0 ] INFO  server.XceiverServerGrpc (XceiverServerGrpc.java:start(180)) - XceiverServerGrpc b2e56fe9-8c58-4ee8-92f7-465001393f8b is started using port 44061
2022-03-08 02:51:52,436 [EndpointStateMachine task thread for /0.0.0.0:39159 - 0 ] INFO  ozoneimpl.OzoneContainer (OzoneContainer.java:start(335)) - Attempting to start container services.
2022-03-08 02:51:52,438 [EndpointStateMachine task thread for /0.0.0.0:39159 - 0 ] INFO  ozoneimpl.OzoneContainer (OzoneContainer.java:startContainerScrub(270)) - Background container scanner has been disabled.
2022-03-08 02:51:52,440 [EndpointStateMachine task thread for /0.0.0.0:39159 - 0 ] INFO  replication.ReplicationServer (ReplicationServer.java:start(111)) - ReplicationServer is started using port 45161
2022-03-08 02:51:52,441 [EndpointStateMachine task thread for /0.0.0.0:39159 - 0 ] INFO  ratis.XceiverServerRatis (XceiverServerRatis.java:start(485)) - Starting XceiverServerRatis 7342fea1-774e-439b-933d-8d39f93ca642
2022-03-08 02:51:52,445 [EndpointStateMachine task thread for /0.0.0.0:39159 - 0 ] INFO  server.RaftServer (RaftServerProxy.java:lambda$start$5(374)) - 7342fea1-774e-439b-933d-8d39f93ca642: start RPC server
2022-03-08 02:51:52,446 [EndpointStateMachine task thread for /0.0.0.0:39159 - 0 ] INFO  server.GrpcService (GrpcService.java:startImpl(253)) - 7342fea1-774e-439b-933d-8d39f93ca642: GrpcService started, listening on 33197
2022-03-08 02:51:52,451 [EndpointStateMachine task thread for /0.0.0.0:39159 - 0 ] INFO  ratis.XceiverServerRatis (XceiverServerRatis.java:getRealPort(506)) - XceiverServerRatis 7342fea1-774e-439b-933d-8d39f93ca642 is started using port 33197 for RATIS
2022-03-08 02:51:52,451 [EndpointStateMachine task thread for /0.0.0.0:39159 - 0 ] INFO  ratis.XceiverServerRatis (XceiverServerRatis.java:getRealPort(506)) - XceiverServerRatis 7342fea1-774e-439b-933d-8d39f93ca642 is started using port 33197 for RATIS_ADMIN
2022-03-08 02:51:52,451 [EndpointStateMachine task thread for /0.0.0.0:39159 - 0 ] INFO  ratis.XceiverServerRatis (XceiverServerRatis.java:getRealPort(506)) - XceiverServerRatis 7342fea1-774e-439b-933d-8d39f93ca642 is started using port 33197 for RATIS_SERVER
2022-03-08 02:51:52,451 [org.apache.ratis.util.JvmPauseMonitor$$Lambda$431/28165379@2b431bbd] INFO  util.JvmPauseMonitor (JvmPauseMonitor.java:run(103)) - JvmPauseMonitor-7342fea1-774e-439b-933d-8d39f93ca642: Started
2022-03-08 02:51:52,452 [EndpointStateMachine task thread for /0.0.0.0:39159 - 0 ] INFO  server.XceiverServerGrpc (XceiverServerGrpc.java:start(180)) - XceiverServerGrpc 7342fea1-774e-439b-933d-8d39f93ca642 is started using port 32955
2022-03-08 02:51:52,850 [Listener at 127.0.0.1/40153] INFO  ozone.MiniOzoneClusterImpl (MiniOzoneClusterImpl.java:lambda$waitForClusterToBeReady$0(219)) - Waiting for nodes to be ready. Got 0 of 3 DN Heartbeats.
2022-03-08 02:51:52,850 [Listener at 127.0.0.1/40153] INFO  ozone.MiniOzoneClusterImpl (MiniOzoneClusterImpl.java:lambda$waitForClusterToBeReady$0(222)) - Waiting for cluster to exit safe mode
2022-03-08 02:51:52,850 [Listener at 127.0.0.1/40153] INFO  ozone.MiniOzoneClusterImpl (MiniOzoneClusterImpl.java:lambda$waitForClusterToBeReady$0(224)) - SCM became leader
2022-03-08 02:51:52,943 [EndpointStateMachine task thread for /0.0.0.0:39159 - 0 ] INFO  ozoneimpl.OzoneContainer (OzoneContainer.java:start(335)) - Attempting to start container services.
2022-03-08 02:51:52,943 [EndpointStateMachine task thread for /0.0.0.0:39159 - 0 ] INFO  ozoneimpl.OzoneContainer (OzoneContainer.java:startContainerScrub(270)) - Background container scanner has been disabled.
2022-03-08 02:51:52,945 [EndpointStateMachine task thread for /0.0.0.0:39159 - 0 ] INFO  replication.ReplicationServer (ReplicationServer.java:start(111)) - ReplicationServer is started using port 34265
2022-03-08 02:51:52,946 [EndpointStateMachine task thread for /0.0.0.0:39159 - 0 ] INFO  ratis.XceiverServerRatis (XceiverServerRatis.java:start(485)) - Starting XceiverServerRatis 9e5b02fd-85e2-48c6-aea1-125703e1c6f5
2022-03-08 02:51:52,947 [EndpointStateMachine task thread for /0.0.0.0:39159 - 0 ] INFO  server.RaftServer (RaftServerProxy.java:lambda$start$5(374)) - 9e5b02fd-85e2-48c6-aea1-125703e1c6f5: start RPC server
2022-03-08 02:51:52,950 [EndpointStateMachine task thread for /0.0.0.0:39159 - 0 ] INFO  server.GrpcService (GrpcService.java:startImpl(253)) - 9e5b02fd-85e2-48c6-aea1-125703e1c6f5: GrpcService started, listening on 35265
2022-03-08 02:51:52,950 [EndpointStateMachine task thread for /0.0.0.0:39159 - 0 ] INFO  ratis.XceiverServerRatis (XceiverServerRatis.java:getRealPort(506)) - XceiverServerRatis 9e5b02fd-85e2-48c6-aea1-125703e1c6f5 is started using port 35265 for RATIS
2022-03-08 02:51:52,950 [EndpointStateMachine task thread for /0.0.0.0:39159 - 0 ] INFO  ratis.XceiverServerRatis (XceiverServerRatis.java:getRealPort(506)) - XceiverServerRatis 9e5b02fd-85e2-48c6-aea1-125703e1c6f5 is started using port 35265 for RATIS_ADMIN
2022-03-08 02:51:52,950 [EndpointStateMachine task thread for /0.0.0.0:39159 - 0 ] INFO  ratis.XceiverServerRatis (XceiverServerRatis.java:getRealPort(506)) - XceiverServerRatis 9e5b02fd-85e2-48c6-aea1-125703e1c6f5 is started using port 35265 for RATIS_SERVER
2022-03-08 02:51:52,951 [org.apache.ratis.util.JvmPauseMonitor$$Lambda$431/28165379@147ef54c] INFO  util.JvmPauseMonitor (JvmPauseMonitor.java:run(103)) - JvmPauseMonitor-9e5b02fd-85e2-48c6-aea1-125703e1c6f5: Started
2022-03-08 02:51:52,951 [EndpointStateMachine task thread for /0.0.0.0:39159 - 0 ] INFO  server.XceiverServerGrpc (XceiverServerGrpc.java:start(180)) - XceiverServerGrpc 9e5b02fd-85e2-48c6-aea1-125703e1c6f5 is started using port 38063
2022-03-08 02:51:53,851 [Listener at 127.0.0.1/40153] INFO  ozone.MiniOzoneClusterImpl (MiniOzoneClusterImpl.java:lambda$waitForClusterToBeReady$0(219)) - Waiting for nodes to be ready. Got 0 of 3 DN Heartbeats.
2022-03-08 02:51:53,851 [Listener at 127.0.0.1/40153] INFO  ozone.MiniOzoneClusterImpl (MiniOzoneClusterImpl.java:lambda$waitForClusterToBeReady$0(222)) - Waiting for cluster to exit safe mode
2022-03-08 02:51:53,851 [Listener at 127.0.0.1/40153] INFO  ozone.MiniOzoneClusterImpl (MiniOzoneClusterImpl.java:lambda$waitForClusterToBeReady$0(224)) - SCM became leader
2022-03-08 02:51:53,884 [IPC Server handler 0 on default port 39159] INFO  net.NetworkTopologyImpl (NetworkTopologyImpl.java:add(112)) - Added a new node: /default-rack/b2e56fe9-8c58-4ee8-92f7-465001393f8b
2022-03-08 02:51:53,884 [IPC Server handler 0 on default port 39159] INFO  node.SCMNodeManager (SCMNodeManager.java:register(391)) - Registered Data node : b2e56fe9-8c58-4ee8-92f7-465001393f8b{ip: 10.1.0.13, host: fv-az297-394.nmf1rxwemy4u5di1sxxf4ejcwb.jx.internal.cloudapp.net, ports: [REPLICATION=42093, RATIS=34551, RATIS_ADMIN=34551, RATIS_SERVER=34551, STANDALONE=44061], networkLocation: /default-rack, certSerialId: null, persistedOpState: null, persistedOpStateExpiryEpochSec: 0}
2022-03-08 02:51:53,886 [EventQueue-NewNodeForNewNodeHandler] INFO  pipeline.BackgroundPipelineCreator (BackgroundPipelineCreator.java:notifyEventTriggered(285)) - trigger a one-shot run on RatisPipelineUtilsThread.
2022-03-08 02:51:53,886 [RatisPipelineUtilsThread - 0] INFO  pipeline.RatisPipelineProvider (RatisPipelineProvider.java:lambda$create$0(183)) - Sending CreatePipelineCommand for pipeline:PipelineID=2053d7a4-0bc1-48ab-9409-003e3c768b44 to datanode:b2e56fe9-8c58-4ee8-92f7-465001393f8b
2022-03-08 02:51:53,887 [EventQueue-NodeRegistrationContainerReportForDataNodeSafeModeRule] INFO  safemode.SCMSafeModeManager (DataNodeSafeModeRule.java:process(71)) - SCM in safe mode. 1 DataNodes registered, 3 required.
2022-03-08 02:51:53,895 [EventQueue-NodeRegistrationContainerReportForContainerSafeModeRule] INFO  safemode.SCMSafeModeManager (SCMSafeModeManager.java:validateSafeModeExitRules(204)) - ContainerSafeModeRule rule is successfully validated
2022-03-08 02:51:53,901 [EventQueue-PipelineReportForOneReplicaPipelineSafeModeRule] INFO  safemode.SCMSafeModeManager (SCMSafeModeManager.java:validateSafeModeExitRules(204)) - AtleastOneDatanodeReportedRule rule is successfully validated
2022-03-08 02:51:53,928 [9209d50e-90dc-4221-8928-8437f8c41eb2@group-D2807DDDD723-StateMachineUpdater] INFO  pipeline.PipelineStateManagerImpl (PipelineStateManagerImpl.java:addPipeline(101)) - Created pipeline Pipeline[ Id: 2053d7a4-0bc1-48ab-9409-003e3c768b44, Nodes: b2e56fe9-8c58-4ee8-92f7-465001393f8b{ip: 10.1.0.13, host: fv-az297-394.nmf1rxwemy4u5di1sxxf4ejcwb.jx.internal.cloudapp.net, ports: [REPLICATION=42093, RATIS=34551, RATIS_ADMIN=34551, RATIS_SERVER=34551, STANDALONE=44061], networkLocation: /default-rack, certSerialId: null, persistedOpState: IN_SERVICE, persistedOpStateExpiryEpochSec: 0}, ReplicationConfig: RATIS/ONE, State:ALLOCATED, leaderId:, CreationTimestamp2022-03-08T02:51:53.886Z[Etc/UTC]].
2022-03-08 02:51:53,928 [9209d50e-90dc-4221-8928-8437f8c41eb2@group-D2807DDDD723-StateMachineUpdater] INFO  safemode.HealthyPipelineSafeModeRule (HealthyPipelineSafeModeRule.java:initializeRule(152)) - Refreshed total pipeline count is 0, healthy pipeline threshold count is 1
2022-03-08 02:51:54,428 [IPC Server handler 2 on default port 39159] INFO  net.NetworkTopologyImpl (NetworkTopologyImpl.java:add(112)) - Added a new node: /default-rack/7342fea1-774e-439b-933d-8d39f93ca642
2022-03-08 02:51:54,430 [IPC Server handler 2 on default port 39159] INFO  node.SCMNodeManager (SCMNodeManager.java:register(391)) - Registered Data node : 7342fea1-774e-439b-933d-8d39f93ca642{ip: 10.1.0.13, host: fv-az297-394.nmf1rxwemy4u5di1sxxf4ejcwb.jx.internal.cloudapp.net, ports: [REPLICATION=45161, RATIS=33197, RATIS_ADMIN=33197, RATIS_SERVER=33197, STANDALONE=32955], networkLocation: /default-rack, certSerialId: null, persistedOpState: null, persistedOpStateExpiryEpochSec: 0}
2022-03-08 02:51:54,430 [EventQueue-NewNodeForNewNodeHandler] INFO  pipeline.BackgroundPipelineCreator (BackgroundPipelineCreator.java:notifyEventTriggered(285)) - trigger a one-shot run on RatisPipelineUtilsThread.
2022-03-08 02:51:54,431 [EventQueue-NodeRegistrationContainerReportForDataNodeSafeModeRule] INFO  safemode.SCMSafeModeManager (DataNodeSafeModeRule.java:process(71)) - SCM in safe mode. 2 DataNodes registered, 3 required.
2022-03-08 02:51:54,431 [RatisPipelineUtilsThread - 0] INFO  pipeline.RatisPipelineProvider (RatisPipelineProvider.java:lambda$create$0(183)) - Sending CreatePipelineCommand for pipeline:PipelineID=2aab253b-7da4-458f-81d7-3c14e3800885 to datanode:7342fea1-774e-439b-933d-8d39f93ca642
2022-03-08 02:51:54,438 [9209d50e-90dc-4221-8928-8437f8c41eb2@group-D2807DDDD723-StateMachineUpdater] INFO  pipeline.PipelineStateManagerImpl (PipelineStateManagerImpl.java:addPipeline(101)) - Created pipeline Pipeline[ Id: 2aab253b-7da4-458f-81d7-3c14e3800885, Nodes: 7342fea1-774e-439b-933d-8d39f93ca642{ip: 10.1.0.13, host: fv-az297-394.nmf1rxwemy4u5di1sxxf4ejcwb.jx.internal.cloudapp.net, ports: [REPLICATION=45161, RATIS=33197, RATIS_ADMIN=33197, RATIS_SERVER=33197, STANDALONE=32955], networkLocation: /default-rack, certSerialId: null, persistedOpState: IN_SERVICE, persistedOpStateExpiryEpochSec: 0}, ReplicationConfig: RATIS/ONE, State:ALLOCATED, leaderId:, CreationTimestamp2022-03-08T02:51:54.431Z[Etc/UTC]].
2022-03-08 02:51:54,438 [9209d50e-90dc-4221-8928-8437f8c41eb2@group-D2807DDDD723-StateMachineUpdater] INFO  safemode.HealthyPipelineSafeModeRule (HealthyPipelineSafeModeRule.java:initializeRule(152)) - Refreshed total pipeline count is 0, healthy pipeline threshold count is 1
2022-03-08 02:51:54,851 [Listener at 127.0.0.1/40153] INFO  ozone.MiniOzoneClusterImpl (MiniOzoneClusterImpl.java:lambda$waitForClusterToBeReady$0(219)) - Waiting for nodes to be ready. Got 2 of 3 DN Heartbeats.
2022-03-08 02:51:54,852 [Listener at 127.0.0.1/40153] INFO  ozone.MiniOzoneClusterImpl (MiniOzoneClusterImpl.java:lambda$waitForClusterToBeReady$0(222)) - Waiting for cluster to exit safe mode
2022-03-08 02:51:54,852 [Listener at 127.0.0.1/40153] INFO  ozone.MiniOzoneClusterImpl (MiniOzoneClusterImpl.java:lambda$waitForClusterToBeReady$0(224)) - SCM became leader
2022-03-08 02:51:54,938 [IPC Server handler 1 on default port 39159] INFO  net.NetworkTopologyImpl (NetworkTopologyImpl.java:add(112)) - Added a new node: /default-rack/9e5b02fd-85e2-48c6-aea1-125703e1c6f5
2022-03-08 02:51:54,938 [IPC Server handler 1 on default port 39159] INFO  node.SCMNodeManager (SCMNodeManager.java:register(391)) - Registered Data node : 9e5b02fd-85e2-48c6-aea1-125703e1c6f5{ip: 10.1.0.13, host: fv-az297-394.nmf1rxwemy4u5di1sxxf4ejcwb.jx.internal.cloudapp.net, ports: [REPLICATION=34265, RATIS=35265, RATIS_ADMIN=35265, RATIS_SERVER=35265, STANDALONE=38063], networkLocation: /default-rack, certSerialId: null, persistedOpState: null, persistedOpStateExpiryEpochSec: 0}
2022-03-08 02:51:54,939 [EventQueue-NewNodeForNewNodeHandler] INFO  pipeline.BackgroundPipelineCreator (BackgroundPipelineCreator.java:notifyEventTriggered(285)) - trigger a one-shot run on RatisPipelineUtilsThread.
2022-03-08 02:51:54,940 [RatisPipelineUtilsThread - 0] INFO  pipeline.RatisPipelineProvider (RatisPipelineProvider.java:lambda$create$0(183)) - Sending CreatePipelineCommand for pipeline:PipelineID=65df48c9-2052-44c8-a88e-69c50f46ed2c to datanode:9e5b02fd-85e2-48c6-aea1-125703e1c6f5
2022-03-08 02:51:54,942 [EventQueue-NodeRegistrationContainerReportForDataNodeSafeModeRule] INFO  safemode.SCMSafeModeManager (DataNodeSafeModeRule.java:process(71)) - SCM in safe mode. 3 DataNodes registered, 3 required.
2022-03-08 02:51:54,942 [EventQueue-NodeRegistrationContainerReportForDataNodeSafeModeRule] INFO  safemode.SCMSafeModeManager (SCMSafeModeManager.java:validateSafeModeExitRules(204)) - DataNodeSafeModeRule rule is successfully validated
2022-03-08 02:51:54,942 [EventQueue-NodeRegistrationContainerReportForDataNodeSafeModeRule] INFO  safemode.SCMSafeModeManager (SCMSafeModeManager.java:completePreCheck(233)) - All SCM safe mode pre check rules have passed
2022-03-08 02:51:54,942 [EventQueue-NodeRegistrationContainerReportForDataNodeSafeModeRule] WARN  events.EventQueue (EventQueue.java:fireEvent(194)) - No event handler registered for event TypedEvent{payloadType=SafeModeStatus, name='Safe mode status'}
2022-03-08 02:51:54,942 [EventQueue-NodeRegistrationContainerReportForDataNodeSafeModeRule] INFO  ha.SCMContext (SCMContext.java:updateSafeModeStatus(211)) - Update SafeModeStatus from SafeModeStatus{safeModeStatus=true, preCheckPassed=false} to SafeModeStatus{safeModeStatus=true, preCheckPassed=true}.
2022-03-08 02:51:54,943 [EventQueue-NodeRegistrationContainerReportForDataNodeSafeModeRule] INFO  pipeline.BackgroundPipelineCreator (BackgroundPipelineCreator.java:notifyEventTriggered(285)) - trigger a one-shot run on RatisPipelineUtilsThread.
2022-03-08 02:51:54,944 [9209d50e-90dc-4221-8928-8437f8c41eb2@group-D2807DDDD723-StateMachineUpdater] INFO  pipeline.PipelineStateManagerImpl (PipelineStateManagerImpl.java:addPipeline(101)) - Created pipeline Pipeline[ Id: 65df48c9-2052-44c8-a88e-69c50f46ed2c, Nodes: 9e5b02fd-85e2-48c6-aea1-125703e1c6f5{ip: 10.1.0.13, host: fv-az297-394.nmf1rxwemy4u5di1sxxf4ejcwb.jx.internal.cloudapp.net, ports: [REPLICATION=34265, RATIS=35265, RATIS_ADMIN=35265, RATIS_SERVER=35265, STANDALONE=38063], networkLocation: /default-rack, certSerialId: null, persistedOpState: IN_SERVICE, persistedOpStateExpiryEpochSec: 0}, ReplicationConfig: RATIS/ONE, State:ALLOCATED, leaderId:, CreationTimestamp2022-03-08T02:51:54.940Z[Etc/UTC]].
2022-03-08 02:51:54,944 [9209d50e-90dc-4221-8928-8437f8c41eb2@group-D2807DDDD723-StateMachineUpdater] INFO  safemode.HealthyPipelineSafeModeRule (HealthyPipelineSafeModeRule.java:initializeRule(152)) - Refreshed total pipeline count is 0, healthy pipeline threshold count is 1
2022-03-08 02:51:54,944 [RatisPipelineUtilsThread - 0] INFO  pipeline.RatisPipelineProvider (RatisPipelineProvider.java:lambda$create$0(183)) - Sending CreatePipelineCommand for pipeline:PipelineID=9dee4946-65d8-4d03-b5c0-779fc6785961 to datanode:b2e56fe9-8c58-4ee8-92f7-465001393f8b
2022-03-08 02:51:54,945 [RatisPipelineUtilsThread - 0] INFO  pipeline.RatisPipelineProvider (RatisPipelineProvider.java:lambda$create$0(183)) - Sending CreatePipelineCommand for pipeline:PipelineID=9dee4946-65d8-4d03-b5c0-779fc6785961 to datanode:7342fea1-774e-439b-933d-8d39f93ca642
2022-03-08 02:51:54,945 [RatisPipelineUtilsThread - 0] INFO  pipeline.RatisPipelineProvider (RatisPipelineProvider.java:lambda$create$0(183)) - Sending CreatePipelineCommand for pipeline:PipelineID=9dee4946-65d8-4d03-b5c0-779fc6785961 to datanode:9e5b02fd-85e2-48c6-aea1-125703e1c6f5
2022-03-08 02:51:54,957 [9209d50e-90dc-4221-8928-8437f8c41eb2@group-D2807DDDD723-StateMachineUpdater] INFO  pipeline.PipelineStateManagerImpl (PipelineStateManagerImpl.java:addPipeline(101)) - Created pipeline Pipeline[ Id: 9dee4946-65d8-4d03-b5c0-779fc6785961, Nodes: b2e56fe9-8c58-4ee8-92f7-465001393f8b{ip: 10.1.0.13, host: fv-az297-394.nmf1rxwemy4u5di1sxxf4ejcwb.jx.internal.cloudapp.net, ports: [REPLICATION=42093, RATIS=34551, RATIS_ADMIN=34551, RATIS_SERVER=34551, STANDALONE=44061], networkLocation: /default-rack, certSerialId: null, persistedOpState: IN_SERVICE, persistedOpStateExpiryEpochSec: 0}7342fea1-774e-439b-933d-8d39f93ca642{ip: 10.1.0.13, host: fv-az297-394.nmf1rxwemy4u5di1sxxf4ejcwb.jx.internal.cloudapp.net, ports: [REPLICATION=45161, RATIS=33197, RATIS_ADMIN=33197, RATIS_SERVER=33197, STANDALONE=32955], networkLocation: /default-rack, certSerialId: null, persistedOpState: IN_SERVICE, persistedOpStateExpiryEpochSec: 0}9e5b02fd-85e2-48c6-aea1-125703e1c6f5{ip: 10.1.0.13, host: fv-az297-394.nmf1rxwemy4u5di1sxxf4ejcwb.jx.internal.cloudapp.net, ports: [REPLICATION=34265, RATIS=35265, RATIS_ADMIN=35265, RATIS_SERVER=35265, STANDALONE=38063], networkLocation: /default-rack, certSerialId: null, persistedOpState: IN_SERVICE, persistedOpStateExpiryEpochSec: 0}, ReplicationConfig: RATIS/THREE, State:ALLOCATED, leaderId:, CreationTimestamp2022-03-08T02:51:54.944Z[Etc/UTC]].
2022-03-08 02:51:54,957 [9209d50e-90dc-4221-8928-8437f8c41eb2@group-D2807DDDD723-StateMachineUpdater] INFO  safemode.HealthyPipelineSafeModeRule (HealthyPipelineSafeModeRule.java:initializeRule(152)) - Refreshed total pipeline count is 0, healthy pipeline threshold count is 1
2022-03-08 02:51:55,852 [Listener at 127.0.0.1/40153] INFO  ozone.MiniOzoneClusterImpl (MiniOzoneClusterImpl.java:lambda$waitForClusterToBeReady$0(219)) - Nodes are ready. Got 3 of 3 DN Heartbeats.
2022-03-08 02:51:55,854 [Listener at 127.0.0.1/40153] INFO  ozone.MiniOzoneClusterImpl (MiniOzoneClusterImpl.java:lambda$waitForClusterToBeReady$0(222)) - Waiting for cluster to exit safe mode
2022-03-08 02:51:55,854 [Listener at 127.0.0.1/40153] INFO  ozone.MiniOzoneClusterImpl (MiniOzoneClusterImpl.java:lambda$waitForClusterToBeReady$0(224)) - SCM became leader
2022-03-08 02:51:56,854 [Listener at 127.0.0.1/40153] INFO  ozone.MiniOzoneClusterImpl (MiniOzoneClusterImpl.java:lambda$waitForClusterToBeReady$0(219)) - Nodes are ready. Got 3 of 3 DN Heartbeats.
2022-03-08 02:51:56,854 [Listener at 127.0.0.1/40153] INFO  ozone.MiniOzoneClusterImpl (MiniOzoneClusterImpl.java:lambda$waitForClusterToBeReady$0(222)) - Waiting for cluster to exit safe mode
2022-03-08 02:51:56,854 [Listener at 127.0.0.1/40153] INFO  ozone.MiniOzoneClusterImpl (MiniOzoneClusterImpl.java:lambda$waitForClusterToBeReady$0(224)) - SCM became leader
2022-03-08 02:51:56,882 [Command processor thread] INFO  server.RaftServer (RaftServerProxy.java:addNew(95)) - b2e56fe9-8c58-4ee8-92f7-465001393f8b: addNew group-003E3C768B44:[b2e56fe9-8c58-4ee8-92f7-465001393f8b|rpc:10.1.0.13:34551|priority:1] returns group-003E3C768B44:java.util.concurrent.CompletableFuture@5a88c9bb[Not completed]
2022-03-08 02:51:56,894 [pool-270-thread-1] INFO  server.RaftServer$Division (RaftServerImpl.java:<init>(184)) - b2e56fe9-8c58-4ee8-92f7-465001393f8b: new RaftServerImpl for group-003E3C768B44:[b2e56fe9-8c58-4ee8-92f7-465001393f8b|rpc:10.1.0.13:34551|priority:1] with ContainerStateMachine:uninitialized
2022-03-08 02:51:56,913 [pool-270-thread-1] INFO  server.RaftServerConfigKeys (ConfUtils.java:logGet(44)) - raft.server.rpc.timeout.min = 5s (custom)
2022-03-08 02:51:56,913 [pool-270-thread-1] INFO  server.RaftServerConfigKeys (ConfUtils.java:logGet(44)) - raft.server.rpc.timeout.max = 5200ms (custom)
2022-03-08 02:51:56,913 [pool-270-thread-1] INFO  server.RaftServerConfigKeys (ConfUtils.java:logGet(44)) - raft.server.rpc.sleep.time = 25ms (default)
2022-03-08 02:51:56,913 [pool-270-thread-1] INFO  server.RaftServerConfigKeys (ConfUtils.java:logGet(44)) - raft.server.rpc.slowness.timeout = 300s (custom)
2022-03-08 02:51:56,913 [pool-270-thread-1] INFO  server.RaftServerConfigKeys (ConfUtils.java:logGet(44)) - raft.server.leaderelection.leader.step-down.wait-time = 10s (default)
2022-03-08 02:51:56,913 [pool-270-thread-1] INFO  server.RaftServerConfigKeys (ConfUtils.java:logGet(44)) - raft.server.sleep.deviation.threshold = 300ms (default)
2022-03-08 02:51:56,913 [pool-270-thread-1] INFO  server.RaftServerConfigKeys (ConfUtils.java:logGet(44)) - raft.server.log.appender.install.snapshot.enabled = false (custom)
2022-03-08 02:51:56,913 [pool-270-thread-1] INFO  server.RaftServer$Division (ServerState.java:<init>(105)) - b2e56fe9-8c58-4ee8-92f7-465001393f8b@group-003E3C768B44: ConfigurationManager, init=-1: [b2e56fe9-8c58-4ee8-92f7-465001393f8b|rpc:10.1.0.13:34551|priority:1], old=null, confs=<EMPTY_MAP>
2022-03-08 02:51:56,913 [pool-270-thread-1] INFO  server.RaftServerConfigKeys (ConfUtils.java:logGet(44)) - raft.server.storage.dir = [/home/runner/work/ozone/ozone/hadoop-ozone/integration-test/target/test-dir/MiniOzoneClusterImpl-c5fac6bb-2c25-4e61-a608-d2807dddd723/datanode-0/data/ratis] (custom)
2022-03-08 02:51:56,914 [pool-270-thread-1] INFO  server.RaftServerConfigKeys (ConfUtils.java:logGet(44)) - raft.server.log.corruption.policy = EXCEPTION (default)
2022-03-08 02:51:56,914 [pool-270-thread-1] INFO  server.RaftServerConfigKeys (ConfUtils.java:logGet(44)) - raft.server.storage.free-space.min = 0MB (=0) (default)
2022-03-08 02:51:56,914 [pool-270-thread-1] INFO  storage.RaftStorageDirectory (RaftStorageDirectoryImpl.java:analyzeStorage(135)) - The storage directory /home/runner/work/ozone/ozone/hadoop-ozone/integration-test/target/test-dir/MiniOzoneClusterImpl-c5fac6bb-2c25-4e61-a608-d2807dddd723/datanode-0/data/ratis/2053d7a4-0bc1-48ab-9409-003e3c768b44 does not exist. Creating ...
2022-03-08 02:51:56,918 [pool-270-thread-1] INFO  storage.RaftStorageDirectory (RaftStorageDirectoryImpl.java:tryLock(230)) - Lock on /home/runner/work/ozone/ozone/hadoop-ozone/integration-test/target/test-dir/MiniOzoneClusterImpl-c5fac6bb-2c25-4e61-a608-d2807dddd723/datanode-0/data/ratis/2053d7a4-0bc1-48ab-9409-003e3c768b44/in_use.lock acquired by nodename 19767@fv-az297-394
2022-03-08 02:51:56,920 [pool-270-thread-1] INFO  storage.RaftStorage (RaftStorageImpl.java:format(89)) - Storage directory /home/runner/work/ozone/ozone/hadoop-ozone/integration-test/target/test-dir/MiniOzoneClusterImpl-c5fac6bb-2c25-4e61-a608-d2807dddd723/datanode-0/data/ratis/2053d7a4-0bc1-48ab-9409-003e3c768b44 has been successfully formatted.
2022-03-08 02:51:56,921 [pool-270-thread-1] INFO  ratis.ContainerStateMachine (ContainerStateMachine.java:loadSnapshot(236)) - group-003E3C768B44: The snapshot info is null. Setting the last applied indexto:(t:0, i:~)
2022-03-08 02:51:56,921 [pool-270-thread-1] INFO  server.RaftServerConfigKeys (ConfUtils.java:logGet(44)) - raft.server.notification.no-leader.timeout = 300s (custom)
2022-03-08 02:51:56,921 [pool-270-thread-1] INFO  server.RaftServerConfigKeys (ConfUtils.java:logGet(44)) - raft.server.log.use.memory = false (default)
2022-03-08 02:51:56,921 [pool-270-thread-1] INFO  server.RaftServerConfigKeys (ConfUtils.java:logGet(44)) - raft.server.log.purge.gap = 1000000 (custom)
2022-03-08 02:51:56,921 [pool-270-thread-1] INFO  server.RaftServerConfigKeys (ConfUtils.java:logGet(44)) - raft.server.log.appender.buffer.byte-limit = 33554432 (custom)
2022-03-08 02:51:56,921 [pool-270-thread-1] INFO  server.RaftServerConfigKeys (ConfUtils.java:logGet(44)) - raft.server.log.segment.size.max = 1048576 (custom)
2022-03-08 02:51:56,922 [pool-270-thread-1] INFO  server.RaftServerConfigKeys (ConfUtils.java:logGet(44)) - raft.server.log.segment.cache.num.max = 2 (custom)
2022-03-08 02:51:56,922 [pool-270-thread-1] INFO  server.RaftServerConfigKeys (ConfUtils.java:logGet(44)) - raft.server.log.segment.cache.size.max = 200MB (=209715200) (default)
2022-03-08 02:51:56,922 [pool-270-thread-1] INFO  segmented.SegmentedRaftLogWorker (SegmentedRaftLogWorker.java:<init>(182)) - new b2e56fe9-8c58-4ee8-92f7-465001393f8b@group-003E3C768B44-SegmentedRaftLogWorker for RaftStorageImpl:Storage Directory /home/runner/work/ozone/ozone/hadoop-ozone/integration-test/target/test-dir/MiniOzoneClusterImpl-c5fac6bb-2c25-4e61-a608-d2807dddd723/datanode-0/data/ratis/2053d7a4-0bc1-48ab-9409-003e3c768b44
2022-03-08 02:51:56,922 [pool-270-thread-1] INFO  server.RaftServerConfigKeys (ConfUtils.java:logGet(44)) - raft.server.log.queue.byte-limit = 4294967296 (custom)
2022-03-08 02:51:56,922 [pool-270-thread-1] INFO  server.RaftServerConfigKeys (ConfUtils.java:logGet(44)) - raft.server.log.queue.element-limit = 1024 (custom)
2022-03-08 02:51:56,922 [pool-270-thread-1] INFO  server.RaftServerConfigKeys (ConfUtils.java:logGet(44)) - raft.server.log.segment.size.max = 1048576 (custom)
2022-03-08 02:51:56,922 [pool-270-thread-1] INFO  server.RaftServerConfigKeys (ConfUtils.java:logGet(44)) - raft.server.log.preallocated.size = 16384 (custom)
2022-03-08 02:51:56,922 [pool-270-thread-1] INFO  server.RaftServerConfigKeys (ConfUtils.java:logGet(44)) - raft.server.log.force.sync.num = 128 (default)
2022-03-08 02:51:56,922 [pool-270-thread-1] INFO  server.RaftServerConfigKeys (ConfUtils.java:logGet(44)) - raft.server.log.statemachine.data.sync = true (default)
2022-03-08 02:51:56,922 [pool-270-thread-1] INFO  server.RaftServerConfigKeys (ConfUtils.java:logGet(44)) - raft.server.log.statemachine.data.sync.timeout = 10s (default)
2022-03-08 02:51:56,922 [pool-270-thread-1] INFO  server.RaftServerConfigKeys (ConfUtils.java:logGet(44)) - raft.server.log.statemachine.data.sync.timeout.retry = -1 (default)
2022-03-08 02:51:56,923 [pool-270-thread-1] INFO  server.RaftServerConfigKeys (ConfUtils.java:logGet(44)) - raft.server.log.write.buffer.size = 1048576 (custom)
2022-03-08 02:51:56,923 [pool-270-thread-1] INFO  server.RaftServerConfigKeys (ConfUtils.java:logGet(44)) - raft.server.log.statemachine.data.caching.enabled = true (custom)
2022-03-08 02:51:56,924 [pool-270-thread-1] INFO  segmented.SegmentedRaftLogWorker (SegmentedRaftLogWorker.java:lambda$new$0(133)) - b2e56fe9-8c58-4ee8-92f7-465001393f8b@group-003E3C768B44-SegmentedRaftLogWorker: flushIndex: setUnconditionally 0 -> -1
2022-03-08 02:51:56,924 [pool-270-thread-1] INFO  segmented.SegmentedRaftLogWorker (SegmentedRaftLogWorker.java:lambda$new$0(133)) - b2e56fe9-8c58-4ee8-92f7-465001393f8b@group-003E3C768B44-SegmentedRaftLogWorker: safeCacheEvictIndex: setUnconditionally 0 -> -1
2022-03-08 02:51:56,924 [pool-270-thread-1] INFO  server.RaftServerConfigKeys (ConfUtils.java:logGet(44)) - raft.server.snapshot.auto.trigger.enabled = true (custom)
2022-03-08 02:51:56,924 [pool-270-thread-1] INFO  server.RaftServerConfigKeys (ConfUtils.java:logGet(44)) - raft.server.snapshot.auto.trigger.threshold = 10000 (custom)
2022-03-08 02:51:56,924 [pool-270-thread-1] INFO  server.RaftServerConfigKeys (ConfUtils.java:logGet(44)) - raft.server.snapshot.retention.file.num = 5 (custom)
2022-03-08 02:51:56,924 [pool-270-thread-1] INFO  server.RaftServerConfigKeys (ConfUtils.java:logGet(44)) - raft.server.log.purge.upto.snapshot.index = false (default)
2022-03-08 02:51:56,924 [pool-270-thread-1] INFO  server.RaftServerConfigKeys (ConfUtils.java:logGet(44)) - raft.server.retrycache.expirytime = 600000ms (custom)
2022-03-08 02:51:56,924 [pool-270-thread-1] INFO  server.RaftServerConfigKeys (ConfUtils.java:logGet(44)) - raft.server.retrycache.statistics.expirytime = 100μs (default)
2022-03-08 02:51:56,925 [EventQueue-PipelineReportForPipelineReportHandler] INFO  pipeline.PipelineManagerImpl (PipelineManagerImpl.java:openPipeline(291)) - Pipeline Pipeline[ Id: 2053d7a4-0bc1-48ab-9409-003e3c768b44, Nodes: b2e56fe9-8c58-4ee8-92f7-465001393f8b{ip: 10.1.0.13, host: fv-az297-394.nmf1rxwemy4u5di1sxxf4ejcwb.jx.internal.cloudapp.net, ports: [REPLICATION=42093, RATIS=34551, RATIS_ADMIN=34551, RATIS_SERVER=34551, STANDALONE=44061], networkLocation: /default-rack, certSerialId: null, persistedOpState: IN_SERVICE, persistedOpStateExpiryEpochSec: 0}, ReplicationConfig: RATIS/ONE, State:ALLOCATED, leaderId:b2e56fe9-8c58-4ee8-92f7-465001393f8b, CreationTimestamp2022-03-08T02:51:53.886Z[Etc/UTC]] moved to OPEN state
2022-03-08 02:51:56,928 [9209d50e-90dc-4221-8928-8437f8c41eb2@group-D2807DDDD723-StateMachineUpdater] INFO  safemode.HealthyPipelineSafeModeRule (HealthyPipelineSafeModeRule.java:initializeRule(152)) - Refreshed total pipeline count is 0, healthy pipeline threshold count is 1
2022-03-08 02:51:56,932 [EventQueue-OpenPipelineForHealthyPipelineSafeModeRule] INFO  safemode.SCMSafeModeManager (HealthyPipelineSafeModeRule.java:process(124)) - SCM in safe mode. Healthy pipelines reported count is 0, required healthy pipeline reported count is 1
2022-03-08 02:51:56,934 [pool-270-thread-1] INFO  server.RaftServer$Division (RaftServerImpl.java:start(301)) - b2e56fe9-8c58-4ee8-92f7-465001393f8b@group-003E3C768B44: start as a follower, conf=-1: [b2e56fe9-8c58-4ee8-92f7-465001393f8b|rpc:10.1.0.13:34551|priority:1], old=null
2022-03-08 02:51:56,940 [pool-270-thread-1] INFO  server.RaftServer$Division (RaftServerImpl.java:setRole(290)) - b2e56fe9-8c58-4ee8-92f7-465001393f8b@group-003E3C768B44: changes role from      null to FOLLOWER at term 0 for startAsFollower
2022-03-08 02:51:56,940 [pool-270-thread-1] INFO  impl.RoleInfo (RoleInfo.java:updateAndGet(130)) - b2e56fe9-8c58-4ee8-92f7-465001393f8b: start b2e56fe9-8c58-4ee8-92f7-465001393f8b@group-003E3C768B44-FollowerState
2022-03-08 02:51:56,940 [pool-270-thread-1] INFO  util.JmxRegister (JmxRegister.java:tryRegister(44)) - Successfully registered JMX Bean with object name Ratis:service=RaftServer,group=group-003E3C768B44,id=b2e56fe9-8c58-4ee8-92f7-465001393f8b
2022-03-08 02:51:56,941 [Command processor thread] INFO  ratis.XceiverServerRatis (XceiverServerRatis.java:addGroup(769)) - Created group PipelineID=2053d7a4-0bc1-48ab-9409-003e3c768b44
2022-03-08 02:51:56,941 [Command processor thread] INFO  commandhandler.CreatePipelineCommandHandler (CreatePipelineCommandHandler.java:handle(106)) - Created Pipeline RATIS ONE PipelineID=2053d7a4-0bc1-48ab-9409-003e3c768b44.
2022-03-08 02:51:56,943 [pool-270-thread-1] INFO  server.RaftServer$Division (RaftServerImpl.java:<init>(184)) - b2e56fe9-8c58-4ee8-92f7-465001393f8b: new RaftServerImpl for group-779FC6785961:[b2e56fe9-8c58-4ee8-92f7-465001393f8b|rpc:10.1.0.13:34551|priority:0, 7342fea1-774e-439b-933d-8d39f93ca642|rpc:10.1.0.13:33197|priority:0, 9e5b02fd-85e2-48c6-aea1-125703e1c6f5|rpc:10.1.0.13:35265|priority:1] with ContainerStateMachine:uninitialized
2022-03-08 02:51:56,943 [pool-270-thread-1] INFO  server.RaftServerConfigKeys (ConfUtils.java:logGet(44)) - raft.server.rpc.timeout.min = 5s (custom)
2022-03-08 02:51:56,943 [pool-270-thread-1] INFO  server.RaftServerConfigKeys (ConfUtils.java:logGet(44)) - raft.server.rpc.timeout.max = 5200ms (custom)
2022-03-08 02:51:56,944 [pool-270-thread-1] INFO  server.RaftServerConfigKeys (ConfUtils.java:logGet(44)) - raft.server.rpc.sleep.time = 25ms (default)
2022-03-08 02:51:56,944 [pool-270-thread-1] INFO  server.RaftServerConfigKeys (ConfUtils.java:logGet(44)) - raft.server.rpc.slowness.timeout = 300s (custom)
2022-03-08 02:51:56,944 [pool-270-thread-1] INFO  server.RaftServerConfigKeys (ConfUtils.java:logGet(44)) - raft.server.leaderelection.leader.step-down.wait-time = 10s (default)
2022-03-08 02:51:56,944 [pool-270-thread-1] INFO  server.RaftServerConfigKeys (ConfUtils.java:logGet(44)) - raft.server.sleep.deviation.threshold = 300ms (default)
2022-03-08 02:51:56,944 [pool-270-thread-1] INFO  server.RaftServerConfigKeys (ConfUtils.java:logGet(44)) - raft.server.log.appender.install.snapshot.enabled = false (custom)
2022-03-08 02:51:56,944 [pool-270-thread-1] INFO  server.RaftServer$Division (ServerState.java:<init>(105)) - b2e56fe9-8c58-4ee8-92f7-465001393f8b@group-779FC6785961: ConfigurationManager, init=-1: [b2e56fe9-8c58-4ee8-92f7-465001393f8b|rpc:10.1.0.13:34551|priority:0, 7342fea1-774e-439b-933d-8d39f93ca642|rpc:10.1.0.13:33197|priority:0, 9e5b02fd-85e2-48c6-aea1-125703e1c6f5|rpc:10.1.0.13:35265|priority:1], old=null, confs=<EMPTY_MAP>
2022-03-08 02:51:56,944 [pool-270-thread-1] INFO  server.RaftServerConfigKeys (ConfUtils.java:logGet(44)) - raft.server.storage.dir = [/home/runner/work/ozone/ozone/hadoop-ozone/integration-test/target/test-dir/MiniOzoneClusterImpl-c5fac6bb-2c25-4e61-a608-d2807dddd723/datanode-0/data/ratis] (custom)
2022-03-08 02:51:56,944 [Command processor thread] INFO  server.RaftServer (RaftServerProxy.java:addNew(95)) - b2e56fe9-8c58-4ee8-92f7-465001393f8b: addNew group-779FC6785961:[b2e56fe9-8c58-4ee8-92f7-465001393f8b|rpc:10.1.0.13:34551|priority:0, 7342fea1-774e-439b-933d-8d39f93ca642|rpc:10.1.0.13:33197|priority:0, 9e5b02fd-85e2-48c6-aea1-125703e1c6f5|rpc:10.1.0.13:35265|priority:1] returns group-779FC6785961:java.util.concurrent.CompletableFuture@5eb74632[Not completed]
2022-03-08 02:51:56,945 [pool-270-thread-1] INFO  server.RaftServerConfigKeys (ConfUtils.java:logGet(44)) - raft.server.log.corruption.policy = EXCEPTION (default)
2022-03-08 02:51:56,945 [pool-270-thread-1] INFO  server.RaftServerConfigKeys (ConfUtils.java:logGet(44)) - raft.server.storage.free-space.min = 0MB (=0) (default)
2022-03-08 02:51:56,945 [pool-270-thread-1] INFO  storage.RaftStorageDirectory (RaftStorageDirectoryImpl.java:analyzeStorage(135)) - The storage directory /home/runner/work/ozone/ozone/hadoop-ozone/integration-test/target/test-dir/MiniOzoneClusterImpl-c5fac6bb-2c25-4e61-a608-d2807dddd723/datanode-0/data/ratis/9dee4946-65d8-4d03-b5c0-779fc6785961 does not exist. Creating ...
2022-03-08 02:51:56,946 [pool-270-thread-1] INFO  storage.RaftStorageDirectory (RaftStorageDirectoryImpl.java:tryLock(230)) - Lock on /home/runner/work/ozone/ozone/hadoop-ozone/integration-test/target/test-dir/MiniOzoneClusterImpl-c5fac6bb-2c25-4e61-a608-d2807dddd723/datanode-0/data/ratis/9dee4946-65d8-4d03-b5c0-779fc6785961/in_use.lock acquired by nodename 19767@fv-az297-394
2022-03-08 02:51:56,948 [pool-270-thread-1] INFO  storage.RaftStorage (RaftStorageImpl.java:format(89)) - Storage directory /home/runner/work/ozone/ozone/hadoop-ozone/integration-test/target/test-dir/MiniOzoneClusterImpl-c5fac6bb-2c25-4e61-a608-d2807dddd723/datanode-0/data/ratis/9dee4946-65d8-4d03-b5c0-779fc6785961 has been successfully formatted.
2022-03-08 02:51:56,948 [pool-270-thread-1] INFO  ratis.ContainerStateMachine (ContainerStateMachine.java:loadSnapshot(236)) - group-779FC6785961: The snapshot info is null. Setting the last applied indexto:(t:0, i:~)
2022-03-08 02:51:56,949 [pool-270-thread-1] INFO  server.RaftServerConfigKeys (ConfUtils.java:logGet(44)) - raft.server.notification.no-leader.timeout = 300s (custom)
2022-03-08 02:51:56,949 [pool-270-thread-1] INFO  server.RaftServerConfigKeys (ConfUtils.java:logGet(44)) - raft.server.log.use.memory = false (default)
2022-03-08 02:51:56,949 [pool-270-thread-1] INFO  server.RaftServerConfigKeys (ConfUtils.java:logGet(44)) - raft.server.log.purge.gap = 1000000 (custom)
2022-03-08 02:51:56,949 [pool-270-thread-1] INFO  server.RaftServerConfigKeys (ConfUtils.java:logGet(44)) - raft.server.log.appender.buffer.byte-limit = 33554432 (custom)
2022-03-08 02:51:56,950 [EventQueue-OpenPipelineForHealthyPipelineSafeModeRule] INFO  safemode.SCMSafeModeManager (HealthyPipelineSafeModeRule.java:process(124)) - SCM in safe mode. Healthy pipelines reported count is 0, required healthy pipeline reported count is 1
2022-03-08 02:51:56,951 [pool-270-thread-1] INFO  server.RaftServerConfigKeys (ConfUtils.java:logGet(44)) - raft.server.log.segment.size.max = 1048576 (custom)
2022-03-08 02:51:56,951 [pool-270-thread-1] INFO  server.RaftServerConfigKeys (ConfUtils.java:logGet(44)) - raft.server.log.segment.cache.num.max = 2 (custom)
2022-03-08 02:51:56,951 [pool-270-thread-1] INFO  server.RaftServerConfigKeys (ConfUtils.java:logGet(44)) - raft.server.log.segment.cache.size.max = 200MB (=209715200) (default)
2022-03-08 02:51:56,952 [pool-270-thread-1] INFO  segmented.SegmentedRaftLogWorker (SegmentedRaftLogWorker.java:<init>(182)) - new b2e56fe9-8c58-4ee8-92f7-465001393f8b@group-779FC6785961-SegmentedRaftLogWorker for RaftStorageImpl:Storage Directory /home/runner/work/ozone/ozone/hadoop-ozone/integration-test/target/test-dir/MiniOzoneClusterImpl-c5fac6bb-2c25-4e61-a608-d2807dddd723/datanode-0/data/ratis/9dee4946-65d8-4d03-b5c0-779fc6785961
2022-03-08 02:51:56,952 [pool-270-thread-1] INFO  server.RaftServerConfigKeys (ConfUtils.java:logGet(44)) - raft.server.log.queue.byte-limit = 4294967296 (custom)
2022-03-08 02:51:56,952 [pool-270-thread-1] INFO  server.RaftServerConfigKeys (ConfUtils.java:logGet(44)) - raft.server.log.queue.element-limit = 1024 (custom)
2022-03-08 02:51:56,952 [pool-270-thread-1] INFO  server.RaftServerConfigKeys (ConfUtils.java:logGet(44)) - raft.server.log.segment.size.max = 1048576 (custom)
2022-03-08 02:51:56,952 [pool-270-thread-1] INFO  server.RaftServerConfigKeys (ConfUtils.java:logGet(44)) - raft.server.log.preallocated.size = 16384 (custom)
2022-03-08 02:51:56,952 [pool-270-thread-1] INFO  server.RaftServerConfigKeys (ConfUtils.java:logGet(44)) - raft.server.log.force.sync.num = 128 (default)
2022-03-08 02:51:56,952 [pool-270-thread-1] INFO  server.RaftServerConfigKeys (ConfUtils.java:logGet(44)) - raft.server.log.statemachine.data.sync = true (default)
2022-03-08 02:51:56,952 [pool-270-thread-1] INFO  server.RaftServerConfigKeys (ConfUtils.java:logGet(44)) - raft.server.log.statemachine.data.sync.timeout = 10s (default)
2022-03-08 02:51:56,952 [pool-270-thread-1] INFO  server.RaftServerConfigKeys (ConfUtils.java:logGet(44)) - raft.server.log.statemachine.data.sync.timeout.retry = -1 (default)
2022-03-08 02:51:56,953 [pool-270-thread-1] INFO  server.RaftServerConfigKeys (ConfUtils.java:logGet(44)) - raft.server.log.write.buffer.size = 1048576 (custom)
2022-03-08 02:51:56,953 [pool-270-thread-1] INFO  server.RaftServerConfigKeys (ConfUtils.java:logGet(44)) - raft.server.log.statemachine.data.caching.enabled = true (custom)
2022-03-08 02:51:56,954 [pool-270-thread-1] INFO  segmented.SegmentedRaftLogWorker (SegmentedRaftLogWorker.java:lambda$new$0(133)) - b2e56fe9-8c58-4ee8-92f7-465001393f8b@group-779FC6785961-SegmentedRaftLogWorker: flushIndex: setUnconditionally 0 -> -1
2022-03-08 02:51:56,954 [pool-270-thread-1] INFO  segmented.SegmentedRaftLogWorker (SegmentedRaftLogWorker.java:lambda$new$0(133)) - b2e56fe9-8c58-4ee8-92f7-465001393f8b@group-779FC6785961-SegmentedRaftLogWorker: safeCacheEvictIndex: setUnconditionally 0 -> -1
2022-03-08 02:51:56,961 [pool-270-thread-1] INFO  server.RaftServerConfigKeys (ConfUtils.java:logGet(44)) - raft.server.snapshot.auto.trigger.enabled = true (custom)
2022-03-08 02:51:56,961 [pool-270-thread-1] INFO  server.RaftServerConfigKeys (ConfUtils.java:logGet(44)) - raft.server.snapshot.auto.trigger.threshold = 10000 (custom)
2022-03-08 02:51:56,961 [pool-270-thread-1] INFO  server.RaftServerConfigKeys (ConfUtils.java:logGet(44)) - raft.server.snapshot.retention.file.num = 5 (custom)
2022-03-08 02:51:56,961 [pool-270-thread-1] INFO  server.RaftServerConfigKeys (ConfUtils.java:logGet(44)) - raft.server.log.purge.upto.snapshot.index = false (default)
2022-03-08 02:51:56,961 [pool-270-thread-1] INFO  server.RaftServerConfigKeys (ConfUtils.java:logGet(44)) - raft.server.retrycache.expirytime = 600000ms (custom)
2022-03-08 02:51:56,961 [pool-270-thread-1] INFO  server.RaftServerConfigKeys (ConfUtils.java:logGet(44)) - raft.server.retrycache.statistics.expirytime = 100μs (default)
2022-03-08 02:51:56,962 [pool-270-thread-1] INFO  server.RaftServer$Division (RaftServerImpl.java:start(301)) - b2e56fe9-8c58-4ee8-92f7-465001393f8b@group-779FC6785961: start as a follower, conf=-1: [b2e56fe9-8c58-4ee8-92f7-465001393f8b|rpc:10.1.0.13:34551|priority:0, 7342fea1-774e-439b-933d-8d39f93ca642|rpc:10.1.0.13:33197|priority:0, 9e5b02fd-85e2-48c6-aea1-125703e1c6f5|rpc:10.1.0.13:35265|priority:1], old=null
2022-03-08 02:51:56,962 [pool-270-thread-1] INFO  server.RaftServer$Division (RaftServerImpl.java:setRole(290)) - b2e56fe9-8c58-4ee8-92f7-465001393f8b@group-779FC6785961: changes role from      null to FOLLOWER at term 0 for startAsFollower
2022-03-08 02:51:56,962 [pool-270-thread-1] INFO  impl.RoleInfo (RoleInfo.java:updateAndGet(130)) - b2e56fe9-8c58-4ee8-92f7-465001393f8b: start b2e56fe9-8c58-4ee8-92f7-465001393f8b@group-779FC6785961-FollowerState
2022-03-08 02:51:56,966 [pool-270-thread-1] INFO  util.JmxRegister (JmxRegister.java:tryRegister(44)) - Successfully registered JMX Bean with object name Ratis:service=RaftServer,group=group-779FC6785961,id=b2e56fe9-8c58-4ee8-92f7-465001393f8b
2022-03-08 02:51:56,973 [Command processor thread] INFO  ratis.XceiverServerRatis (XceiverServerRatis.java:addGroup(769)) - Created group PipelineID=9dee4946-65d8-4d03-b5c0-779fc6785961
2022-03-08 02:51:57,013 [grpc-default-executor-0] INFO  server.RaftServer (RaftServerProxy.java:addNew(95)) - 7342fea1-774e-439b-933d-8d39f93ca642: addNew group-779FC6785961:[b2e56fe9-8c58-4ee8-92f7-465001393f8b|rpc:10.1.0.13:34551|dataStream:|priority:0, 7342fea1-774e-439b-933d-8d39f93ca642|rpc:10.1.0.13:33197|dataStream:|priority:0, 9e5b02fd-85e2-48c6-aea1-125703e1c6f5|rpc:10.1.0.13:35265|dataStream:|priority:1] returns group-779FC6785961:java.util.concurrent.CompletableFuture@744e9532[Not completed]
2022-03-08 02:51:57,029 [pool-291-thread-1] INFO  server.RaftServer$Division (RaftServerImpl.java:<init>(184)) - 7342fea1-774e-439b-933d-8d39f93ca642: new RaftServerImpl for group-779FC6785961:[b2e56fe9-8c58-4ee8-92f7-465001393f8b|rpc:10.1.0.13:34551|dataStream:|priority:0, 7342fea1-774e-439b-933d-8d39f93ca642|rpc:10.1.0.13:33197|dataStream:|priority:0, 9e5b02fd-85e2-48c6-aea1-125703e1c6f5|rpc:10.1.0.13:35265|dataStream:|priority:1] with ContainerStateMachine:uninitialized
2022-03-08 02:51:57,030 [pool-291-thread-1] INFO  server.RaftServerConfigKeys (ConfUtils.java:logGet(44)) - raft.server.rpc.timeout.min = 5s (custom)
2022-03-08 02:51:57,030 [pool-291-thread-1] INFO  server.RaftServerConfigKeys (ConfUtils.java:logGet(44)) - raft.server.rpc.timeout.max = 5200ms (custom)
2022-03-08 02:51:57,030 [pool-291-thread-1] INFO  server.RaftServerConfigKeys (ConfUtils.java:logGet(44)) - raft.server.rpc.sleep.time = 25ms (default)
2022-03-08 02:51:57,030 [pool-291-thread-1] INFO  server.RaftServerConfigKeys (ConfUtils.java:logGet(44)) - raft.server.rpc.slowness.timeout = 300s (custom)
2022-03-08 02:51:57,030 [pool-291-thread-1] INFO  server.RaftServerConfigKeys (ConfUtils.java:logGet(44)) - raft.server.leaderelection.leader.step-down.wait-time = 10s (default)
2022-03-08 02:51:57,030 [pool-291-thread-1] INFO  server.RaftServerConfigKeys (ConfUtils.java:logGet(44)) - raft.server.sleep.deviation.threshold = 300ms (default)
2022-03-08 02:51:57,030 [pool-291-thread-1] INFO  server.RaftServerConfigKeys (ConfUtils.java:logGet(44)) - raft.server.log.appender.install.snapshot.enabled = false (custom)
2022-03-08 02:51:57,031 [pool-291-thread-1] INFO  server.RaftServer$Division (ServerState.java:<init>(105)) - 7342fea1-774e-439b-933d-8d39f93ca642@group-779FC6785961: ConfigurationManager, init=-1: [b2e56fe9-8c58-4ee8-92f7-465001393f8b|rpc:10.1.0.13:34551|dataStream:|priority:0, 7342fea1-774e-439b-933d-8d39f93ca642|rpc:10.1.0.13:33197|dataStream:|priority:0, 9e5b02fd-85e2-48c6-aea1-125703e1c6f5|rpc:10.1.0.13:35265|dataStream:|priority:1], old=null, confs=<EMPTY_MAP>
2022-03-08 02:51:57,031 [pool-291-thread-1] INFO  server.RaftServerConfigKeys (ConfUtils.java:logGet(44)) - raft.server.storage.dir = [/home/runner/work/ozone/ozone/hadoop-ozone/integration-test/target/test-dir/MiniOzoneClusterImpl-c5fac6bb-2c25-4e61-a608-d2807dddd723/datanode-1/data/ratis] (custom)
2022-03-08 02:51:57,031 [pool-291-thread-1] INFO  server.RaftServerConfigKeys (ConfUtils.java:logGet(44)) - raft.server.log.corruption.policy = EXCEPTION (default)
2022-03-08 02:51:57,031 [pool-291-thread-1] INFO  server.RaftServerConfigKeys (ConfUtils.java:logGet(44)) - raft.server.storage.free-space.min = 0MB (=0) (default)
2022-03-08 02:51:57,031 [pool-291-thread-1] INFO  storage.RaftStorageDirectory (RaftStorageDirectoryImpl.java:analyzeStorage(135)) - The storage directory /home/runner/work/ozone/ozone/hadoop-ozone/integration-test/target/test-dir/MiniOzoneClusterImpl-c5fac6bb-2c25-4e61-a608-d2807dddd723/datanode-1/data/ratis/9dee4946-65d8-4d03-b5c0-779fc6785961 does not exist. Creating ...
2022-03-08 02:51:57,034 [pool-291-thread-1] INFO  storage.RaftStorageDirectory (RaftStorageDirectoryImpl.java:tryLock(230)) - Lock on /home/runner/work/ozone/ozone/hadoop-ozone/integration-test/target/test-dir/MiniOzoneClusterImpl-c5fac6bb-2c25-4e61-a608-d2807dddd723/datanode-1/data/ratis/9dee4946-65d8-4d03-b5c0-779fc6785961/in_use.lock acquired by nodename 19767@fv-az297-394
2022-03-08 02:51:57,035 [pool-291-thread-1] INFO  storage.RaftStorage (RaftStorageImpl.java:format(89)) - Storage directory /home/runner/work/ozone/ozone/hadoop-ozone/integration-test/target/test-dir/MiniOzoneClusterImpl-c5fac6bb-2c25-4e61-a608-d2807dddd723/datanode-1/data/ratis/9dee4946-65d8-4d03-b5c0-779fc6785961 has been successfully formatted.
2022-03-08 02:51:57,036 [pool-291-thread-1] INFO  ratis.ContainerStateMachine (ContainerStateMachine.java:loadSnapshot(236)) - group-779FC6785961: The snapshot info is null. Setting the last applied indexto:(t:0, i:~)
2022-03-08 02:51:57,036 [pool-291-thread-1] INFO  server.RaftServerConfigKeys (ConfUtils.java:logGet(44)) - raft.server.notification.no-leader.timeout = 300s (custom)
2022-03-08 02:51:57,036 [pool-291-thread-1] INFO  server.RaftServerConfigKeys (ConfUtils.java:logGet(44)) - raft.server.log.use.memory = false (default)
2022-03-08 02:51:57,036 [pool-291-thread-1] INFO  server.RaftServerConfigKeys (ConfUtils.java:logGet(44)) - raft.server.log.purge.gap = 1000000 (custom)
2022-03-08 02:51:57,036 [pool-291-thread-1] INFO  server.RaftServerConfigKeys (ConfUtils.java:logGet(44)) - raft.server.log.appender.buffer.byte-limit = 33554432 (custom)
2022-03-08 02:51:57,040 [pool-291-thread-1] INFO  server.RaftServerConfigKeys (ConfUtils.java:logGet(44)) - raft.server.log.segment.size.max = 1048576 (custom)
2022-03-08 02:51:57,040 [pool-291-thread-1] INFO  server.RaftServerConfigKeys (ConfUtils.java:logGet(44)) - raft.server.log.segment.cache.num.max = 2 (custom)
2022-03-08 02:51:57,040 [pool-291-thread-1] INFO  server.RaftServerConfigKeys (ConfUtils.java:logGet(44)) - raft.server.log.segment.cache.size.max = 200MB (=209715200) (default)
2022-03-08 02:51:57,040 [pool-291-thread-1] INFO  segmented.SegmentedRaftLogWorker (SegmentedRaftLogWorker.java:<init>(182)) - new 7342fea1-774e-439b-933d-8d39f93ca642@group-779FC6785961-SegmentedRaftLogWorker for RaftStorageImpl:Storage Directory /home/runner/work/ozone/ozone/hadoop-ozone/integration-test/target/test-dir/MiniOzoneClusterImpl-c5fac6bb-2c25-4e61-a608-d2807dddd723/datanode-1/data/ratis/9dee4946-65d8-4d03-b5c0-779fc6785961
2022-03-08 02:51:57,040 [pool-291-thread-1] INFO  server.RaftServerConfigKeys (ConfUtils.java:logGet(44)) - raft.server.log.queue.byte-limit = 4294967296 (custom)
2022-03-08 02:51:57,040 [pool-291-thread-1] INFO  server.RaftServerConfigKeys (ConfUtils.java:logGet(44)) - raft.server.log.queue.element-limit = 1024 (custom)
2022-03-08 02:51:57,040 [pool-291-thread-1] INFO  server.RaftServerConfigKeys (ConfUtils.java:logGet(44)) - raft.server.log.segment.size.max = 1048576 (custom)
2022-03-08 02:51:57,040 [pool-291-thread-1] INFO  server.RaftServerConfigKeys (ConfUtils.java:logGet(44)) - raft.server.log.preallocated.size = 16384 (custom)
2022-03-08 02:51:57,040 [pool-291-thread-1] INFO  server.RaftServerConfigKeys (ConfUtils.java:logGet(44)) - raft.server.log.force.sync.num = 128 (default)
2022-03-08 02:51:57,040 [pool-291-thread-1] INFO  server.RaftServerConfigKeys (ConfUtils.java:logGet(44)) - raft.server.log.statemachine.data.sync = true (default)
2022-03-08 02:51:57,041 [pool-291-thread-1] INFO  server.RaftServerConfigKeys (ConfUtils.java:logGet(44)) - raft.server.log.statemachine.data.sync.timeout = 10s (default)
2022-03-08 02:51:57,041 [pool-291-thread-1] INFO  server.RaftServerConfigKeys (ConfUtils.java:logGet(44)) - raft.server.log.statemachine.data.sync.timeout.retry = -1 (default)
2022-03-08 02:51:57,041 [pool-291-thread-1] INFO  server.RaftServerConfigKeys (ConfUtils.java:logGet(44)) - raft.server.log.write.buffer.size = 1048576 (custom)
2022-03-08 02:51:57,042 [pool-291-thread-1] INFO  server.RaftServerConfigKeys (ConfUtils.java:logGet(44)) - raft.server.log.statemachine.data.caching.enabled = true (custom)
2022-03-08 02:51:57,042 [pool-291-thread-1] INFO  segmented.SegmentedRaftLogWorker (SegmentedRaftLogWorker.java:lambda$new$0(133)) - 7342fea1-774e-439b-933d-8d39f93ca642@group-779FC6785961-SegmentedRaftLogWorker: flushIndex: setUnconditionally 0 -> -1
2022-03-08 02:51:57,042 [pool-291-thread-1] INFO  segmented.SegmentedRaftLogWorker (SegmentedRaftLogWorker.java:lambda$new$0(133)) - 7342fea1-774e-439b-933d-8d39f93ca642@group-779FC6785961-SegmentedRaftLogWorker: safeCacheEvictIndex: setUnconditionally 0 -> -1
2022-03-08 02:51:57,051 [pool-291-thread-1] INFO  server.RaftServerConfigKeys (ConfUtils.java:logGet(44)) - raft.server.snapshot.auto.trigger.enabled = true (custom)
2022-03-08 02:51:57,051 [pool-291-thread-1] INFO  server.RaftServerConfigKeys (ConfUtils.java:logGet(44)) - raft.server.snapshot.auto.trigger.threshold = 10000 (custom)
2022-03-08 02:51:57,051 [pool-291-thread-1] INFO  server.RaftServerConfigKeys (ConfUtils.java:logGet(44)) - raft.server.snapshot.retention.file.num = 5 (custom)
2022-03-08 02:51:57,051 [pool-291-thread-1] INFO  server.RaftServerConfigKeys (ConfUtils.java:logGet(44)) - raft.server.log.purge.upto.snapshot.index = false (default)
2022-03-08 02:51:57,051 [pool-291-thread-1] INFO  server.RaftServerConfigKeys (ConfUtils.java:logGet(44)) - raft.server.retrycache.expirytime = 600000ms (custom)
2022-03-08 02:51:57,051 [pool-291-thread-1] INFO  server.RaftServerConfigKeys (ConfUtils.java:logGet(44)) - raft.server.retrycache.statistics.expirytime = 100μs (default)
2022-03-08 02:51:57,054 [pool-291-thread-1] INFO  server.RaftServer$Division (RaftServerImpl.java:start(301)) - 7342fea1-774e-439b-933d-8d39f93ca642@group-779FC6785961: start as a follower, conf=-1: [b2e56fe9-8c58-4ee8-92f7-465001393f8b|rpc:10.1.0.13:34551|dataStream:|priority:0, 7342fea1-774e-439b-933d-8d39f93ca642|rpc:10.1.0.13:33197|dataStream:|priority:0, 9e5b02fd-85e2-48c6-aea1-125703e1c6f5|rpc:10.1.0.13:35265|dataStream:|priority:1], old=null
2022-03-08 02:51:57,054 [pool-291-thread-1] INFO  server.RaftServer$Division (RaftServerImpl.java:setRole(290)) - 7342fea1-774e-439b-933d-8d39f93ca642@group-779FC6785961: changes role from      null to FOLLOWER at term 0 for startAsFollower
2022-03-08 02:51:57,054 [pool-291-thread-1] INFO  impl.RoleInfo (RoleInfo.java:updateAndGet(130)) - 7342fea1-774e-439b-933d-8d39f93ca642: start 7342fea1-774e-439b-933d-8d39f93ca642@group-779FC6785961-FollowerState
2022-03-08 02:51:57,056 [pool-291-thread-1] INFO  util.JmxRegister (JmxRegister.java:tryRegister(44)) - Successfully registered JMX Bean with object name Ratis:service=RaftServer,group=group-779FC6785961,id=7342fea1-774e-439b-933d-8d39f93ca642
2022-03-08 02:51:57,142 [grpc-default-executor-0] INFO  server.RaftServer (RaftServerProxy.java:addNew(95)) - 9e5b02fd-85e2-48c6-aea1-125703e1c6f5: addNew group-779FC6785961:[b2e56fe9-8c58-4ee8-92f7-465001393f8b|rpc:10.1.0.13:34551|dataStream:|priority:0, 7342fea1-774e-439b-933d-8d39f93ca642|rpc:10.1.0.13:33197|dataStream:|priority:0, 9e5b02fd-85e2-48c6-aea1-125703e1c6f5|rpc:10.1.0.13:35265|dataStream:|priority:1] returns group-779FC6785961:java.util.concurrent.CompletableFuture@6acdafe4[Not completed]
2022-03-08 02:51:57,153 [pool-312-thread-1] INFO  server.RaftServer$Division (RaftServerImpl.java:<init>(184)) - 9e5b02fd-85e2-48c6-aea1-125703e1c6f5: new RaftServerImpl for group-779FC6785961:[b2e56fe9-8c58-4ee8-92f7-465001393f8b|rpc:10.1.0.13:34551|dataStream:|priority:0, 7342fea1-774e-439b-933d-8d39f93ca642|rpc:10.1.0.13:33197|dataStream:|priority:0, 9e5b02fd-85e2-48c6-aea1-125703e1c6f5|rpc:10.1.0.13:35265|dataStream:|priority:1] with ContainerStateMachine:uninitialized
2022-03-08 02:51:57,154 [pool-312-thread-1] INFO  server.RaftServerConfigKeys (ConfUtils.java:logGet(44)) - raft.server.rpc.timeout.min = 5s (custom)
2022-03-08 02:51:57,154 [pool-312-thread-1] INFO  server.RaftServerConfigKeys (ConfUtils.java:logGet(44)) - raft.server.rpc.timeout.max = 5200ms (custom)
2022-03-08 02:51:57,154 [pool-312-thread-1] INFO  server.RaftServerConfigKeys (ConfUtils.java:logGet(44)) - raft.server.rpc.sleep.time = 25ms (default)
2022-03-08 02:51:57,154 [pool-312-thread-1] INFO  server.RaftServerConfigKeys (ConfUtils.java:logGet(44)) - raft.server.rpc.slowness.timeout = 300s (custom)
2022-03-08 02:51:57,154 [pool-312-thread-1] INFO  server.RaftServerConfigKeys (ConfUtils.java:logGet(44)) - raft.server.leaderelection.leader.step-down.wait-time = 10s (default)
2022-03-08 02:51:57,154 [pool-312-thread-1] INFO  server.RaftServerConfigKeys (ConfUtils.java:logGet(44)) - raft.server.sleep.deviation.threshold = 300ms (default)
2022-03-08 02:51:57,155 [pool-312-thread-1] INFO  server.RaftServerConfigKeys (ConfUtils.java:logGet(44)) - raft.server.log.appender.install.snapshot.enabled = false (custom)
2022-03-08 02:51:57,155 [pool-312-thread-1] INFO  server.RaftServer$Division (ServerState.java:<init>(105)) - 9e5b02fd-85e2-48c6-aea1-125703e1c6f5@group-779FC6785961: ConfigurationManager, init=-1: [b2e56fe9-8c58-4ee8-92f7-465001393f8b|rpc:10.1.0.13:34551|dataStream:|priority:0, 7342fea1-774e-439b-933d-8d39f93ca642|rpc:10.1.0.13:33197|dataStream:|priority:0, 9e5b02fd-85e2-48c6-aea1-125703e1c6f5|rpc:10.1.0.13:35265|dataStream:|priority:1], old=null, confs=<EMPTY_MAP>
2022-03-08 02:51:57,155 [pool-312-thread-1] INFO  server.RaftServerConfigKeys (ConfUtils.java:logGet(44)) - raft.server.storage.dir = [/home/runner/work/ozone/ozone/hadoop-ozone/integration-test/target/test-dir/MiniOzoneClusterImpl-c5fac6bb-2c25-4e61-a608-d2807dddd723/datanode-2/data/ratis] (custom)
2022-03-08 02:51:57,155 [pool-312-thread-1] INFO  server.RaftServerConfigKeys (ConfUtils.java:logGet(44)) - raft.server.log.corruption.policy = EXCEPTION (default)
2022-03-08 02:51:57,155 [pool-312-thread-1] INFO  server.RaftServerConfigKeys (ConfUtils.java:logGet(44)) - raft.server.storage.free-space.min = 0MB (=0) (default)
2022-03-08 02:51:57,155 [pool-312-thread-1] INFO  storage.RaftStorageDirectory (RaftStorageDirectoryImpl.java:analyzeStorage(135)) - The storage directory /home/runner/work/ozone/ozone/hadoop-ozone/integration-test/target/test-dir/MiniOzoneClusterImpl-c5fac6bb-2c25-4e61-a608-d2807dddd723/datanode-2/data/ratis/9dee4946-65d8-4d03-b5c0-779fc6785961 does not exist. Creating ...
2022-03-08 02:51:57,161 [pool-312-thread-1] INFO  storage.RaftStorageDirectory (RaftStorageDirectoryImpl.java:tryLock(230)) - Lock on /home/runner/work/ozone/ozone/hadoop-ozone/integration-test/target/test-dir/MiniOzoneClusterImpl-c5fac6bb-2c25-4e61-a608-d2807dddd723/datanode-2/data/ratis/9dee4946-65d8-4d03-b5c0-779fc6785961/in_use.lock acquired by nodename 19767@fv-az297-394
2022-03-08 02:51:57,165 [pool-312-thread-1] INFO  storage.RaftStorage (RaftStorageImpl.java:format(89)) - Storage directory /home/runner/work/ozone/ozone/hadoop-ozone/integration-test/target/test-dir/MiniOzoneClusterImpl-c5fac6bb-2c25-4e61-a608-d2807dddd723/datanode-2/data/ratis/9dee4946-65d8-4d03-b5c0-779fc6785961 has been successfully formatted.
2022-03-08 02:51:57,166 [pool-312-thread-1] INFO  ratis.ContainerStateMachine (ContainerStateMachine.java:loadSnapshot(236)) - group-779FC6785961: The snapshot info is null. Setting the last applied indexto:(t:0, i:~)
2022-03-08 02:51:57,166 [pool-312-thread-1] INFO  server.RaftServerConfigKeys (ConfUtils.java:logGet(44)) - raft.server.notification.no-leader.timeout = 300s (custom)
2022-03-08 02:51:57,166 [pool-312-thread-1] INFO  server.RaftServerConfigKeys (ConfUtils.java:logGet(44)) - raft.server.log.use.memory = false (default)
2022-03-08 02:51:57,166 [pool-312-thread-1] INFO  server.RaftServerConfigKeys (ConfUtils.java:logGet(44)) - raft.server.log.purge.gap = 1000000 (custom)
2022-03-08 02:51:57,166 [pool-312-thread-1] INFO  server.RaftServerConfigKeys (ConfUtils.java:logGet(44)) - raft.server.log.appender.buffer.byte-limit = 33554432 (custom)
2022-03-08 02:51:57,166 [pool-312-thread-1] INFO  server.RaftServerConfigKeys (ConfUtils.java:logGet(44)) - raft.server.log.segment.size.max = 1048576 (custom)
2022-03-08 02:51:57,167 [pool-312-thread-1] INFO  server.RaftServerConfigKeys (ConfUtils.java:logGet(44)) - raft.server.log.segment.cache.num.max = 2 (custom)
2022-03-08 02:51:57,167 [pool-312-thread-1] INFO  server.RaftServerConfigKeys (ConfUtils.java:logGet(44)) - raft.server.log.segment.cache.size.max = 200MB (=209715200) (default)
2022-03-08 02:51:57,167 [pool-312-thread-1] INFO  segmented.SegmentedRaftLogWorker (SegmentedRaftLogWorker.java:<init>(182)) - new 9e5b02fd-85e2-48c6-aea1-125703e1c6f5@group-779FC6785961-SegmentedRaftLogWorker for RaftStorageImpl:Storage Directory /home/runner/work/ozone/ozone/hadoop-ozone/integration-test/target/test-dir/MiniOzoneClusterImpl-c5fac6bb-2c25-4e61-a608-d2807dddd723/datanode-2/data/ratis/9dee4946-65d8-4d03-b5c0-779fc6785961
2022-03-08 02:51:57,167 [pool-312-thread-1] INFO  server.RaftServerConfigKeys (ConfUtils.java:logGet(44)) - raft.server.log.queue.byte-limit = 4294967296 (custom)
2022-03-08 02:51:57,167 [pool-312-thread-1] INFO  server.RaftServerConfigKeys (ConfUtils.java:logGet(44)) - raft.server.log.queue.element-limit = 1024 (custom)
2022-03-08 02:51:57,167 [pool-312-thread-1] INFO  server.RaftServerConfigKeys (ConfUtils.java:logGet(44)) - raft.server.log.segment.size.max = 1048576 (custom)
2022-03-08 02:51:57,167 [pool-312-thread-1] INFO  server.RaftServerConfigKeys (ConfUtils.java:logGet(44)) - raft.server.log.preallocated.size = 16384 (custom)
2022-03-08 02:51:57,167 [pool-312-thread-1] INFO  server.RaftServerConfigKeys (ConfUtils.java:logGet(44)) - raft.server.log.force.sync.num = 128 (default)
2022-03-08 02:51:57,167 [pool-312-thread-1] INFO  server.RaftServerConfigKeys (ConfUtils.java:logGet(44)) - raft.server.log.statemachine.data.sync = true (default)
2022-03-08 02:51:57,167 [pool-312-thread-1] INFO  server.RaftServerConfigKeys (ConfUtils.java:logGet(44)) - raft.server.log.statemachine.data.sync.timeout = 10s (default)
2022-03-08 02:51:57,167 [pool-312-thread-1] INFO  server.RaftServerConfigKeys (ConfUtils.java:logGet(44)) - raft.server.log.statemachine.data.sync.timeout.retry = -1 (default)
2022-03-08 02:51:57,168 [pool-312-thread-1] INFO  server.RaftServerConfigKeys (ConfUtils.java:logGet(44)) - raft.server.log.write.buffer.size = 1048576 (custom)
2022-03-08 02:51:57,168 [pool-312-thread-1] INFO  server.RaftServerConfigKeys (ConfUtils.java:logGet(44)) - raft.server.log.statemachine.data.caching.enabled = true (custom)
2022-03-08 02:51:57,168 [pool-312-thread-1] INFO  segmented.SegmentedRaftLogWorker (SegmentedRaftLogWorker.java:lambda$new$0(133)) - 9e5b02fd-85e2-48c6-aea1-125703e1c6f5@group-779FC6785961-SegmentedRaftLogWorker: flushIndex: setUnconditionally 0 -> -1
2022-03-08 02:51:57,168 [pool-312-thread-1] INFO  segmented.SegmentedRaftLogWorker (SegmentedRaftLogWorker.java:lambda$new$0(133)) - 9e5b02fd-85e2-48c6-aea1-125703e1c6f5@group-779FC6785961-SegmentedRaftLogWorker: safeCacheEvictIndex: setUnconditionally 0 -> -1
2022-03-08 02:51:57,178 [pool-312-thread-1] INFO  server.RaftServerConfigKeys (ConfUtils.java:logGet(44)) - raft.server.snapshot.auto.trigger.enabled = true (custom)
2022-03-08 02:51:57,178 [pool-312-thread-1] INFO  server.RaftServerConfigKeys (ConfUtils.java:logGet(44)) - raft.server.snapshot.auto.trigger.threshold = 10000 (custom)
2022-03-08 02:51:57,178 [pool-312-thread-1] INFO  server.RaftServerConfigKeys (ConfUtils.java:logGet(44)) - raft.server.snapshot.retention.file.num = 5 (custom)
2022-03-08 02:51:57,178 [pool-312-thread-1] INFO  server.RaftServerConfigKeys (ConfUtils.java:logGet(44)) - raft.server.log.purge.upto.snapshot.index = false (default)
2022-03-08 02:51:57,178 [pool-312-thread-1] INFO  server.RaftServerConfigKeys (ConfUtils.java:logGet(44)) - raft.server.retrycache.expirytime = 600000ms (custom)
2022-03-08 02:51:57,178 [pool-312-thread-1] INFO  server.RaftServerConfigKeys (ConfUtils.java:logGet(44)) - raft.server.retrycache.statistics.expirytime = 100μs (default)
2022-03-08 02:51:57,179 [pool-312-thread-1] INFO  server.RaftServer$Division (RaftServerImpl.java:start(301)) - 9e5b02fd-85e2-48c6-aea1-125703e1c6f5@group-779FC6785961: start as a follower, conf=-1: [b2e56fe9-8c58-4ee8-92f7-465001393f8b|rpc:10.1.0.13:34551|dataStream:|priority:0, 7342fea1-774e-439b-933d-8d39f93ca642|rpc:10.1.0.13:33197|dataStream:|priority:0, 9e5b02fd-85e2-48c6-aea1-125703e1c6f5|rpc:10.1.0.13:35265|dataStream:|priority:1], old=null
2022-03-08 02:51:57,179 [pool-312-thread-1] INFO  server.RaftServer$Division (RaftServerImpl.java:setRole(290)) - 9e5b02fd-85e2-48c6-aea1-125703e1c6f5@group-779FC6785961: changes role from      null to FOLLOWER at term 0 for startAsFollower
2022-03-08 02:51:57,179 [pool-312-thread-1] INFO  impl.RoleInfo (RoleInfo.java:updateAndGet(130)) - 9e5b02fd-85e2-48c6-aea1-125703e1c6f5: start 9e5b02fd-85e2-48c6-aea1-125703e1c6f5@group-779FC6785961-FollowerState
2022-03-08 02:51:57,189 [pool-312-thread-1] INFO  util.JmxRegister (JmxRegister.java:tryRegister(44)) - Successfully registered JMX Bean with object name Ratis:service=RaftServer,group=group-779FC6785961,id=9e5b02fd-85e2-48c6-aea1-125703e1c6f5
2022-03-08 02:51:57,227 [Command processor thread] INFO  commandhandler.CreatePipelineCommandHandler (CreatePipelineCommandHandler.java:handle(106)) - Created Pipeline RATIS THREE PipelineID=9dee4946-65d8-4d03-b5c0-779fc6785961.
2022-03-08 02:51:57,428 [Command processor thread] INFO  server.RaftServer (RaftServerProxy.java:addNew(95)) - 7342fea1-774e-439b-933d-8d39f93ca642: addNew group-3C14E3800885:[7342fea1-774e-439b-933d-8d39f93ca642|rpc:10.1.0.13:33197|priority:1] returns group-3C14E3800885:java.util.concurrent.CompletableFuture@1a996bd6[Not completed]
2022-03-08 02:51:57,429 [pool-291-thread-1] INFO  server.RaftServer$Division (RaftServerImpl.java:<init>(184)) - 7342fea1-774e-439b-933d-8d39f93ca642: new RaftServerImpl for group-3C14E3800885:[7342fea1-774e-439b-933d-8d39f93ca642|rpc:10.1.0.13:33197|priority:1] with ContainerStateMachine:uninitialized
2022-03-08 02:51:57,429 [pool-291-thread-1] INFO  server.RaftServerConfigKeys (ConfUtils.java:logGet(44)) - raft.server.rpc.timeout.min = 5s (custom)
2022-03-08 02:51:57,429 [pool-291-thread-1] INFO  server.RaftServerConfigKeys (ConfUtils.java:logGet(44)) - raft.server.rpc.timeout.max = 5200ms (custom)
2022-03-08 02:51:57,429 [pool-291-thread-1] INFO  server.RaftServerConfigKeys (ConfUtils.java:logGet(44)) - raft.server.rpc.sleep.time = 25ms (default)
2022-03-08 02:51:57,429 [pool-291-thread-1] INFO  server.RaftServerConfigKeys (ConfUtils.java:logGet(44)) - raft.server.rpc.slowness.timeout = 300s (custom)
2022-03-08 02:51:57,429 [pool-291-thread-1] INFO  server.RaftServerConfigKeys (ConfUtils.java:logGet(44)) - raft.server.leaderelection.leader.step-down.wait-time = 10s (default)
2022-03-08 02:51:57,429 [pool-291-thread-1] INFO  server.RaftServerConfigKeys (ConfUtils.java:logGet(44)) - raft.server.sleep.deviation.threshold = 300ms (default)
2022-03-08 02:51:57,429 [pool-291-thread-1] INFO  server.RaftServerConfigKeys (ConfUtils.java:logGet(44)) - raft.server.log.appender.install.snapshot.enabled = false (custom)
2022-03-08 02:51:57,429 [pool-291-thread-1] INFO  server.RaftServer$Division (ServerState.java:<init>(105)) - 7342fea1-774e-439b-933d-8d39f93ca642@group-3C14E3800885: ConfigurationManager, init=-1: [7342fea1-774e-439b-933d-8d39f93ca642|rpc:10.1.0.13:33197|priority:1], old=null, confs=<EMPTY_MAP>
2022-03-08 02:51:57,429 [pool-291-thread-1] INFO  server.RaftServerConfigKeys (ConfUtils.java:logGet(44)) - raft.server.storage.dir = [/home/runner/work/ozone/ozone/hadoop-ozone/integration-test/target/test-dir/MiniOzoneClusterImpl-c5fac6bb-2c25-4e61-a608-d2807dddd723/datanode-1/data/ratis] (custom)
2022-03-08 02:51:57,429 [pool-291-thread-1] INFO  server.RaftServerConfigKeys (ConfUtils.java:logGet(44)) - raft.server.log.corruption.policy = EXCEPTION (default)
2022-03-08 02:51:57,429 [pool-291-thread-1] INFO  server.RaftServerConfigKeys (ConfUtils.java:logGet(44)) - raft.server.storage.free-space.min = 0MB (=0) (default)
2022-03-08 02:51:57,430 [pool-291-thread-1] INFO  storage.RaftStorageDirectory (RaftStorageDirectoryImpl.java:analyzeStorage(135)) - The storage directory /home/runner/work/ozone/ozone/hadoop-ozone/integration-test/target/test-dir/MiniOzoneClusterImpl-c5fac6bb-2c25-4e61-a608-d2807dddd723/datanode-1/data/ratis/2aab253b-7da4-458f-81d7-3c14e3800885 does not exist. Creating ...
2022-03-08 02:51:57,432 [pool-291-thread-1] INFO  storage.RaftStorageDirectory (RaftStorageDirectoryImpl.java:tryLock(230)) - Lock on /home/runner/work/ozone/ozone/hadoop-ozone/integration-test/target/test-dir/MiniOzoneClusterImpl-c5fac6bb-2c25-4e61-a608-d2807dddd723/datanode-1/data/ratis/2aab253b-7da4-458f-81d7-3c14e3800885/in_use.lock acquired by nodename 19767@fv-az297-394
2022-03-08 02:51:57,437 [pool-291-thread-1] INFO  storage.RaftStorage (RaftStorageImpl.java:format(89)) - Storage directory /home/runner/work/ozone/ozone/hadoop-ozone/integration-test/target/test-dir/MiniOzoneClusterImpl-c5fac6bb-2c25-4e61-a608-d2807dddd723/datanode-1/data/ratis/2aab253b-7da4-458f-81d7-3c14e3800885 has been successfully formatted.
2022-03-08 02:51:57,437 [pool-291-thread-1] INFO  ratis.ContainerStateMachine (ContainerStateMachine.java:loadSnapshot(236)) - group-3C14E3800885: The snapshot info is null. Setting the last applied indexto:(t:0, i:~)
2022-03-08 02:51:57,438 [pool-291-thread-1] INFO  server.RaftServerConfigKeys (ConfUtils.java:logGet(44)) - raft.server.notification.no-leader.timeout = 300s (custom)
2022-03-08 02:51:57,440 [EventQueue-PipelineReportForPipelineReportHandler] INFO  pipeline.PipelineManagerImpl (PipelineManagerImpl.java:openPipeline(291)) - Pipeline Pipeline[ Id: 2aab253b-7da4-458f-81d7-3c14e3800885, Nodes: 7342fea1-774e-439b-933d-8d39f93ca642{ip: 10.1.0.13, host: fv-az297-394.nmf1rxwemy4u5di1sxxf4ejcwb.jx.internal.cloudapp.net, ports: [REPLICATION=45161, RATIS=33197, RATIS_ADMIN=33197, RATIS_SERVER=33197, STANDALONE=32955], networkLocation: /default-rack, certSerialId: null, persistedOpState: IN_SERVICE, persistedOpStateExpiryEpochSec: 0}, ReplicationConfig: RATIS/ONE, State:ALLOCATED, leaderId:7342fea1-774e-439b-933d-8d39f93ca642, CreationTimestamp2022-03-08T02:51:54.431Z[Etc/UTC]] moved to OPEN state
2022-03-08 02:51:57,443 [9209d50e-90dc-4221-8928-8437f8c41eb2@group-D2807DDDD723-StateMachineUpdater] INFO  safemode.HealthyPipelineSafeModeRule (HealthyPipelineSafeModeRule.java:initializeRule(152)) - Refreshed total pipeline count is 0, healthy pipeline threshold count is 1
2022-03-08 02:51:57,444 [EventQueue-OpenPipelineForHealthyPipelineSafeModeRule] INFO  safemode.SCMSafeModeManager (HealthyPipelineSafeModeRule.java:process(124)) - SCM in safe mode. Healthy pipelines reported count is 0, required healthy pipeline reported count is 1
2022-03-08 02:51:57,445 [pool-291-thread-1] INFO  server.RaftServerConfigKeys (ConfUtils.java:logGet(44)) - raft.server.log.use.memory = false (default)
2022-03-08 02:51:57,445 [pool-291-thread-1] INFO  server.RaftServerConfigKeys (ConfUtils.java:logGet(44)) - raft.server.log.purge.gap = 1000000 (custom)
2022-03-08 02:51:57,445 [pool-291-thread-1] INFO  server.RaftServerConfigKeys (ConfUtils.java:logGet(44)) - raft.server.log.appender.buffer.byte-limit = 33554432 (custom)
2022-03-08 02:51:57,445 [pool-291-thread-1] INFO  server.RaftServerConfigKeys (ConfUtils.java:logGet(44)) - raft.server.log.segment.size.max = 1048576 (custom)
2022-03-08 02:51:57,446 [pool-291-thread-1] INFO  server.RaftServerConfigKeys (ConfUtils.java:logGet(44)) - raft.server.log.segment.cache.num.max = 2 (custom)
2022-03-08 02:51:57,446 [pool-291-thread-1] INFO  server.RaftServerConfigKeys (ConfUtils.java:logGet(44)) - raft.server.log.segment.cache.size.max = 200MB (=209715200) (default)
2022-03-08 02:51:57,446 [pool-291-thread-1] INFO  segmented.SegmentedRaftLogWorker (SegmentedRaftLogWorker.java:<init>(182)) - new 7342fea1-774e-439b-933d-8d39f93ca642@group-3C14E3800885-SegmentedRaftLogWorker for RaftStorageImpl:Storage Directory /home/runner/work/ozone/ozone/hadoop-ozone/integration-test/target/test-dir/MiniOzoneClusterImpl-c5fac6bb-2c25-4e61-a608-d2807dddd723/datanode-1/data/ratis/2aab253b-7da4-458f-81d7-3c14e3800885
2022-03-08 02:51:57,446 [pool-291-thread-1] INFO  server.RaftServerConfigKeys (ConfUtils.java:logGet(44)) - raft.server.log.queue.byte-limit = 4294967296 (custom)
2022-03-08 02:51:57,446 [pool-291-thread-1] INFO  server.RaftServerConfigKeys (ConfUtils.java:logGet(44)) - raft.server.log.queue.element-limit = 1024 (custom)
2022-03-08 02:51:57,446 [pool-291-thread-1] INFO  server.RaftServerConfigKeys (ConfUtils.java:logGet(44)) - raft.server.log.segment.size.max = 1048576 (custom)
2022-03-08 02:51:57,446 [pool-291-thread-1] INFO  server.RaftServerConfigKeys (ConfUtils.java:logGet(44)) - raft.server.log.preallocated.size = 16384 (custom)
2022-03-08 02:51:57,446 [pool-291-thread-1] INFO  server.RaftServerConfigKeys (ConfUtils.java:logGet(44)) - raft.server.log.force.sync.num = 128 (default)
2022-03-08 02:51:57,446 [pool-291-thread-1] INFO  server.RaftServerConfigKeys (ConfUtils.java:logGet(44)) - raft.server.log.statemachine.data.sync = true (default)
2022-03-08 02:51:57,446 [pool-291-thread-1] INFO  server.RaftServerConfigKeys (ConfUtils.java:logGet(44)) - raft.server.log.statemachine.data.sync.timeout = 10s (default)
2022-03-08 02:51:57,446 [pool-291-thread-1] INFO  server.RaftServerConfigKeys (ConfUtils.java:logGet(44)) - raft.server.log.statemachine.data.sync.timeout.retry = -1 (default)
2022-03-08 02:51:57,456 [pool-291-thread-1] INFO  server.RaftServerConfigKeys (ConfUtils.java:logGet(44)) - raft.server.log.write.buffer.size = 1048576 (custom)
2022-03-08 02:51:57,457 [pool-291-thread-1] INFO  server.RaftServerConfigKeys (ConfUtils.java:logGet(44)) - raft.server.log.statemachine.data.caching.enabled = true (custom)
2022-03-08 02:51:57,457 [pool-291-thread-1] INFO  segmented.SegmentedRaftLogWorker (SegmentedRaftLogWorker.java:lambda$new$0(133)) - 7342fea1-774e-439b-933d-8d39f93ca642@group-3C14E3800885-SegmentedRaftLogWorker: flushIndex: setUnconditionally 0 -> -1
2022-03-08 02:51:57,458 [pool-291-thread-1] INFO  segmented.SegmentedRaftLogWorker (SegmentedRaftLogWorker.java:lambda$new$0(133)) - 7342fea1-774e-439b-933d-8d39f93ca642@group-3C14E3800885-SegmentedRaftLogWorker: safeCacheEvictIndex: setUnconditionally 0 -> -1
2022-03-08 02:51:57,459 [pool-291-thread-1] INFO  server.RaftServerConfigKeys (ConfUtils.java:logGet(44)) - raft.server.snapshot.auto.trigger.enabled = true (custom)
2022-03-08 02:51:57,459 [pool-291-thread-1] INFO  server.RaftServerConfigKeys (ConfUtils.java:logGet(44)) - raft.server.snapshot.auto.trigger.threshold = 10000 (custom)
2022-03-08 02:51:57,459 [pool-291-thread-1] INFO  server.RaftServerConfigKeys (ConfUtils.java:logGet(44)) - raft.server.snapshot.retention.file.num = 5 (custom)
2022-03-08 02:51:57,459 [pool-291-thread-1] INFO  server.RaftServerConfigKeys (ConfUtils.java:logGet(44)) - raft.server.log.purge.upto.snapshot.index = false (default)
2022-03-08 02:51:57,459 [pool-291-thread-1] INFO  server.RaftServerConfigKeys (ConfUtils.java:logGet(44)) - raft.server.retrycache.expirytime = 600000ms (custom)
2022-03-08 02:51:57,459 [pool-291-thread-1] INFO  server.RaftServerConfigKeys (ConfUtils.java:logGet(44)) - raft.server.retrycache.statistics.expirytime = 100μs (default)
2022-03-08 02:51:57,463 [pool-291-thread-1] INFO  server.RaftServer$Division (RaftServerImpl.java:start(301)) - 7342fea1-774e-439b-933d-8d39f93ca642@group-3C14E3800885: start as a follower, conf=-1: [7342fea1-774e-439b-933d-8d39f93ca642|rpc:10.1.0.13:33197|priority:1], old=null
2022-03-08 02:51:57,463 [pool-291-thread-1] INFO  server.RaftServer$Division (RaftServerImpl.java:setRole(290)) - 7342fea1-774e-439b-933d-8d39f93ca642@group-3C14E3800885: changes role from      null to FOLLOWER at term 0 for startAsFollower
2022-03-08 02:51:57,463 [pool-291-thread-1] INFO  impl.RoleInfo (RoleInfo.java:updateAndGet(130)) - 7342fea1-774e-439b-933d-8d39f93ca642: start 7342fea1-774e-439b-933d-8d39f93ca642@group-3C14E3800885-FollowerState
2022-03-08 02:51:57,473 [pool-291-thread-1] INFO  util.JmxRegister (JmxRegister.java:tryRegister(44)) - Successfully registered JMX Bean with object name Ratis:service=RaftServer,group=group-3C14E3800885,id=7342fea1-774e-439b-933d-8d39f93ca642
2022-03-08 02:51:57,483 [Command processor thread] INFO  ratis.XceiverServerRatis (XceiverServerRatis.java:addGroup(769)) - Created group PipelineID=2aab253b-7da4-458f-81d7-3c14e3800885
2022-03-08 02:51:57,483 [Command processor thread] INFO  commandhandler.CreatePipelineCommandHandler (CreatePipelineCommandHandler.java:handle(106)) - Created Pipeline RATIS ONE PipelineID=2aab253b-7da4-458f-81d7-3c14e3800885.
2022-03-08 02:51:57,855 [Listener at 127.0.0.1/40153] INFO  ozone.MiniOzoneClusterImpl (MiniOzoneClusterImpl.java:lambda$waitForClusterToBeReady$0(219)) - Nodes are ready. Got 3 of 3 DN Heartbeats.
2022-03-08 02:51:57,855 [Listener at 127.0.0.1/40153] INFO  ozone.MiniOzoneClusterImpl (MiniOzoneClusterImpl.java:lambda$waitForClusterToBeReady$0(222)) - Waiting for cluster to exit safe mode
2022-03-08 02:51:57,855 [Listener at 127.0.0.1/40153] INFO  ozone.MiniOzoneClusterImpl (MiniOzoneClusterImpl.java:lambda$waitForClusterToBeReady$0(224)) - SCM became leader
2022-03-08 02:51:57,933 [Command processor thread] INFO  server.RaftServer (RaftServerProxy.java:addNew(95)) - 9e5b02fd-85e2-48c6-aea1-125703e1c6f5: addNew group-69C50F46ED2C:[9e5b02fd-85e2-48c6-aea1-125703e1c6f5|rpc:10.1.0.13:35265|priority:1] returns group-69C50F46ED2C:java.util.concurrent.CompletableFuture@3bfe7276[Not completed]
2022-03-08 02:51:57,934 [pool-312-thread-1] INFO  server.RaftServer$Division (RaftServerImpl.java:<init>(184)) - 9e5b02fd-85e2-48c6-aea1-125703e1c6f5: new RaftServerImpl for group-69C50F46ED2C:[9e5b02fd-85e2-48c6-aea1-125703e1c6f5|rpc:10.1.0.13:35265|priority:1] with ContainerStateMachine:uninitialized
2022-03-08 02:51:57,935 [pool-312-thread-1] INFO  server.RaftServerConfigKeys (ConfUtils.java:logGet(44)) - raft.server.rpc.timeout.min = 5s (custom)
2022-03-08 02:51:57,935 [pool-312-thread-1] INFO  server.RaftServerConfigKeys (ConfUtils.java:logGet(44)) - raft.server.rpc.timeout.max = 5200ms (custom)
2022-03-08 02:51:57,935 [pool-312-thread-1] INFO  server.RaftServerConfigKeys (ConfUtils.java:logGet(44)) - raft.server.rpc.sleep.time = 25ms (default)
2022-03-08 02:51:57,935 [pool-312-thread-1] INFO  server.RaftServerConfigKeys (ConfUtils.java:logGet(44)) - raft.server.rpc.slowness.timeout = 300s (custom)
2022-03-08 02:51:57,935 [pool-312-thread-1] INFO  server.RaftServerConfigKeys (ConfUtils.java:logGet(44)) - raft.server.leaderelection.leader.step-down.wait-time = 10s (default)
2022-03-08 02:51:57,935 [pool-312-thread-1] INFO  server.RaftServerConfigKeys (ConfUtils.java:logGet(44)) - raft.server.sleep.deviation.threshold = 300ms (default)
2022-03-08 02:51:57,935 [pool-312-thread-1] INFO  server.RaftServerConfigKeys (ConfUtils.java:logGet(44)) - raft.server.log.appender.install.snapshot.enabled = false (custom)
2022-03-08 02:51:57,935 [pool-312-thread-1] INFO  server.RaftServer$Division (ServerState.java:<init>(105)) - 9e5b02fd-85e2-48c6-aea1-125703e1c6f5@group-69C50F46ED2C: ConfigurationManager, init=-1: [9e5b02fd-85e2-48c6-aea1-125703e1c6f5|rpc:10.1.0.13:35265|priority:1], old=null, confs=<EMPTY_MAP>
2022-03-08 02:51:57,935 [pool-312-thread-1] INFO  server.RaftServerConfigKeys (ConfUtils.java:logGet(44)) - raft.server.storage.dir = [/home/runner/work/ozone/ozone/hadoop-ozone/integration-test/target/test-dir/MiniOzoneClusterImpl-c5fac6bb-2c25-4e61-a608-d2807dddd723/datanode-2/data/ratis] (custom)
2022-03-08 02:51:57,935 [pool-312-thread-1] INFO  server.RaftServerConfigKeys (ConfUtils.java:logGet(44)) - raft.server.log.corruption.policy = EXCEPTION (default)
2022-03-08 02:51:57,935 [pool-312-thread-1] INFO  server.RaftServerConfigKeys (ConfUtils.java:logGet(44)) - raft.server.storage.free-space.min = 0MB (=0) (default)
2022-03-08 02:51:57,935 [pool-312-thread-1] INFO  storage.RaftStorageDirectory (RaftStorageDirectoryImpl.java:analyzeStorage(135)) - The storage directory /home/runner/work/ozone/ozone/hadoop-ozone/integration-test/target/test-dir/MiniOzoneClusterImpl-c5fac6bb-2c25-4e61-a608-d2807dddd723/datanode-2/data/ratis/65df48c9-2052-44c8-a88e-69c50f46ed2c does not exist. Creating ...
2022-03-08 02:51:57,943 [pool-312-thread-1] INFO  storage.RaftStorageDirectory (RaftStorageDirectoryImpl.java:tryLock(230)) - Lock on /home/runner/work/ozone/ozone/hadoop-ozone/integration-test/target/test-dir/MiniOzoneClusterImpl-c5fac6bb-2c25-4e61-a608-d2807dddd723/datanode-2/data/ratis/65df48c9-2052-44c8-a88e-69c50f46ed2c/in_use.lock acquired by nodename 19767@fv-az297-394
2022-03-08 02:51:57,944 [pool-312-thread-1] INFO  storage.RaftStorage (RaftStorageImpl.java:format(89)) - Storage directory /home/runner/work/ozone/ozone/hadoop-ozone/integration-test/target/test-dir/MiniOzoneClusterImpl-c5fac6bb-2c25-4e61-a608-d2807dddd723/datanode-2/data/ratis/65df48c9-2052-44c8-a88e-69c50f46ed2c has been successfully formatted.
2022-03-08 02:51:57,946 [pool-312-thread-1] INFO  ratis.ContainerStateMachine (ContainerStateMachine.java:loadSnapshot(236)) - group-69C50F46ED2C: The snapshot info is null. Setting the last applied indexto:(t:0, i:~)
2022-03-08 02:51:57,946 [pool-312-thread-1] INFO  server.RaftServerConfigKeys (ConfUtils.java:logGet(44)) - raft.server.notification.no-leader.timeout = 300s (custom)
2022-03-08 02:51:57,946 [pool-312-thread-1] INFO  server.RaftServerConfigKeys (ConfUtils.java:logGet(44)) - raft.server.log.use.memory = false (default)
2022-03-08 02:51:57,947 [EventQueue-PipelineReportForPipelineReportHandler] INFO  pipeline.PipelineManagerImpl (PipelineManagerImpl.java:openPipeline(291)) - Pipeline Pipeline[ Id: 65df48c9-2052-44c8-a88e-69c50f46ed2c, Nodes: 9e5b02fd-85e2-48c6-aea1-125703e1c6f5{ip: 10.1.0.13, host: fv-az297-394.nmf1rxwemy4u5di1sxxf4ejcwb.jx.internal.cloudapp.net, ports: [REPLICATION=34265, RATIS=35265, RATIS_ADMIN=35265, RATIS_SERVER=35265, STANDALONE=38063], networkLocation: /default-rack, certSerialId: null, persistedOpState: IN_SERVICE, persistedOpStateExpiryEpochSec: 0}, ReplicationConfig: RATIS/ONE, State:ALLOCATED, leaderId:9e5b02fd-85e2-48c6-aea1-125703e1c6f5, CreationTimestamp2022-03-08T02:51:54.940Z[Etc/UTC]] moved to OPEN state
2022-03-08 02:51:57,948 [pool-312-thread-1] INFO  server.RaftServerConfigKeys (ConfUtils.java:logGet(44)) - raft.server.log.purge.gap = 1000000 (custom)
2022-03-08 02:51:57,948 [pool-312-thread-1] INFO  server.RaftServerConfigKeys (ConfUtils.java:logGet(44)) - raft.server.log.appender.buffer.byte-limit = 33554432 (custom)
2022-03-08 02:51:57,949 [9209d50e-90dc-4221-8928-8437f8c41eb2@group-D2807DDDD723-StateMachineUpdater] INFO  safemode.HealthyPipelineSafeModeRule (HealthyPipelineSafeModeRule.java:initializeRule(152)) - Refreshed total pipeline count is 0, healthy pipeline threshold count is 1
2022-03-08 02:51:57,951 [EventQueue-OpenPipelineForHealthyPipelineSafeModeRule] INFO  safemode.SCMSafeModeManager (HealthyPipelineSafeModeRule.java:process(124)) - SCM in safe mode. Healthy pipelines reported count is 0, required healthy pipeline reported count is 1
2022-03-08 02:51:57,949 [pool-312-thread-1] INFO  server.RaftServerConfigKeys (ConfUtils.java:logGet(44)) - raft.server.log.segment.size.max = 1048576 (custom)
2022-03-08 02:51:57,953 [pool-312-thread-1] INFO  server.RaftServerConfigKeys (ConfUtils.java:logGet(44)) - raft.server.log.segment.cache.num.max = 2 (custom)
2022-03-08 02:51:57,954 [pool-312-thread-1] INFO  server.RaftServerConfigKeys (ConfUtils.java:logGet(44)) - raft.server.log.segment.cache.size.max = 200MB (=209715200) (default)
2022-03-08 02:51:57,954 [pool-312-thread-1] INFO  segmented.SegmentedRaftLogWorker (SegmentedRaftLogWorker.java:<init>(182)) - new 9e5b02fd-85e2-48c6-aea1-125703e1c6f5@group-69C50F46ED2C-SegmentedRaftLogWorker for RaftStorageImpl:Storage Directory /home/runner/work/ozone/ozone/hadoop-ozone/integration-test/target/test-dir/MiniOzoneClusterImpl-c5fac6bb-2c25-4e61-a608-d2807dddd723/datanode-2/data/ratis/65df48c9-2052-44c8-a88e-69c50f46ed2c
2022-03-08 02:51:57,954 [pool-312-thread-1] INFO  server.RaftServerConfigKeys (ConfUtils.java:logGet(44)) - raft.server.log.queue.byte-limit = 4294967296 (custom)
2022-03-08 02:51:57,954 [pool-312-thread-1] INFO  server.RaftServerConfigKeys (ConfUtils.java:logGet(44)) - raft.server.log.queue.element-limit = 1024 (custom)
2022-03-08 02:51:57,954 [pool-312-thread-1] INFO  server.RaftServerConfigKeys (ConfUtils.java:logGet(44)) - raft.server.log.segment.size.max = 1048576 (custom)
2022-03-08 02:51:57,954 [pool-312-thread-1] INFO  server.RaftServerConfigKeys (ConfUtils.java:logGet(44)) - raft.server.log.preallocated.size = 16384 (custom)
2022-03-08 02:51:57,954 [pool-312-thread-1] INFO  server.RaftServerConfigKeys (ConfUtils.java:logGet(44)) - raft.server.log.force.sync.num = 128 (default)
2022-03-08 02:51:57,954 [pool-312-thread-1] INFO  server.RaftServerConfigKeys (ConfUtils.java:logGet(44)) - raft.server.log.statemachine.data.sync = true (default)
2022-03-08 02:51:57,955 [pool-312-thread-1] INFO  server.RaftServerConfigKeys (ConfUtils.java:logGet(44)) - raft.server.log.statemachine.data.sync.timeout = 10s (default)
2022-03-08 02:51:57,955 [pool-312-thread-1] INFO  server.RaftServerConfigKeys (ConfUtils.java:logGet(44)) - raft.server.log.statemachine.data.sync.timeout.retry = -1 (default)
2022-03-08 02:51:57,955 [pool-312-thread-1] INFO  server.RaftServerConfigKeys (ConfUtils.java:logGet(44)) - raft.server.log.write.buffer.size = 1048576 (custom)
2022-03-08 02:51:57,956 [pool-312-thread-1] INFO  server.RaftServerConfigKeys (ConfUtils.java:logGet(44)) - raft.server.log.statemachine.data.caching.enabled = true (custom)
2022-03-08 02:51:57,957 [pool-312-thread-1] INFO  segmented.SegmentedRaftLogWorker (SegmentedRaftLogWorker.java:lambda$new$0(133)) - 9e5b02fd-85e2-48c6-aea1-125703e1c6f5@group-69C50F46ED2C-SegmentedRaftLogWorker: flushIndex: setUnconditionally 0 -> -1
2022-03-08 02:51:57,957 [pool-312-thread-1] INFO  segmented.SegmentedRaftLogWorker (SegmentedRaftLogWorker.java:lambda$new$0(133)) - 9e5b02fd-85e2-48c6-aea1-125703e1c6f5@group-69C50F46ED2C-SegmentedRaftLogWorker: safeCacheEvictIndex: setUnconditionally 0 -> -1
2022-03-08 02:51:57,957 [pool-312-thread-1] INFO  server.RaftServerConfigKeys (ConfUtils.java:logGet(44)) - raft.server.snapshot.auto.trigger.enabled = true (custom)
2022-03-08 02:51:57,957 [pool-312-thread-1] INFO  server.RaftServerConfigKeys (ConfUtils.java:logGet(44)) - raft.server.snapshot.auto.trigger.threshold = 10000 (custom)
2022-03-08 02:51:57,957 [pool-312-thread-1] INFO  server.RaftServerConfigKeys (ConfUtils.java:logGet(44)) - raft.server.snapshot.retention.file.num = 5 (custom)
2022-03-08 02:51:57,957 [pool-312-thread-1] INFO  server.RaftServerConfigKeys (ConfUtils.java:logGet(44)) - raft.server.log.purge.upto.snapshot.index = false (default)
2022-03-08 02:51:57,957 [pool-312-thread-1] INFO  server.RaftServerConfigKeys (ConfUtils.java:logGet(44)) - raft.server.retrycache.expirytime = 600000ms (custom)
2022-03-08 02:51:57,957 [pool-312-thread-1] INFO  server.RaftServerConfigKeys (ConfUtils.java:logGet(44)) - raft.server.retrycache.statistics.expirytime = 100μs (default)
2022-03-08 02:51:57,958 [pool-312-thread-1] INFO  server.RaftServer$Division (RaftServerImpl.java:start(301)) - 9e5b02fd-85e2-48c6-aea1-125703e1c6f5@group-69C50F46ED2C: start as a follower, conf=-1: [9e5b02fd-85e2-48c6-aea1-125703e1c6f5|rpc:10.1.0.13:35265|priority:1], old=null
2022-03-08 02:51:57,958 [pool-312-thread-1] INFO  server.RaftServer$Division (RaftServerImpl.java:setRole(290)) - 9e5b02fd-85e2-48c6-aea1-125703e1c6f5@group-69C50F46ED2C: changes role from      null to FOLLOWER at term 0 for startAsFollower
2022-03-08 02:51:57,958 [pool-312-thread-1] INFO  impl.RoleInfo (RoleInfo.java:updateAndGet(130)) - 9e5b02fd-85e2-48c6-aea1-125703e1c6f5: start 9e5b02fd-85e2-48c6-aea1-125703e1c6f5@group-69C50F46ED2C-FollowerState
2022-03-08 02:51:57,973 [pool-312-thread-1] INFO  util.JmxRegister (JmxRegister.java:tryRegister(44)) - Successfully registered JMX Bean with object name Ratis:service=RaftServer,group=group-69C50F46ED2C,id=9e5b02fd-85e2-48c6-aea1-125703e1c6f5
2022-03-08 02:51:57,978 [Command processor thread] INFO  ratis.XceiverServerRatis (XceiverServerRatis.java:addGroup(769)) - Created group PipelineID=65df48c9-2052-44c8-a88e-69c50f46ed2c
2022-03-08 02:51:57,979 [Command processor thread] INFO  commandhandler.CreatePipelineCommandHandler (CreatePipelineCommandHandler.java:handle(106)) - Created Pipeline RATIS ONE PipelineID=65df48c9-2052-44c8-a88e-69c50f46ed2c.
2022-03-08 02:51:58,855 [Listener at 127.0.0.1/40153] INFO  ozone.MiniOzoneClusterImpl (MiniOzoneClusterImpl.java:lambda$waitForClusterToBeReady$0(219)) - Nodes are ready. Got 3 of 3 DN Heartbeats.
2022-03-08 02:51:58,855 [Listener at 127.0.0.1/40153] INFO  ozone.MiniOzoneClusterImpl (MiniOzoneClusterImpl.java:lambda$waitForClusterToBeReady$0(222)) - Waiting for cluster to exit safe mode
2022-03-08 02:51:58,855 [Listener at 127.0.0.1/40153] INFO  ozone.MiniOzoneClusterImpl (MiniOzoneClusterImpl.java:lambda$waitForClusterToBeReady$0(224)) - SCM became leader
2022-03-08 02:51:59,856 [Listener at 127.0.0.1/40153] INFO  ozone.MiniOzoneClusterImpl (MiniOzoneClusterImpl.java:lambda$waitForClusterToBeReady$0(219)) - Nodes are ready. Got 3 of 3 DN Heartbeats.
2022-03-08 02:51:59,856 [Listener at 127.0.0.1/40153] INFO  ozone.MiniOzoneClusterImpl (MiniOzoneClusterImpl.java:lambda$waitForClusterToBeReady$0(222)) - Waiting for cluster to exit safe mode
2022-03-08 02:51:59,856 [Listener at 127.0.0.1/40153] INFO  ozone.MiniOzoneClusterImpl (MiniOzoneClusterImpl.java:lambda$waitForClusterToBeReady$0(224)) - SCM became leader
2022-03-08 02:52:00,856 [Listener at 127.0.0.1/40153] INFO  ozone.MiniOzoneClusterImpl (MiniOzoneClusterImpl.java:lambda$waitForClusterToBeReady$0(219)) - Nodes are ready. Got 3 of 3 DN Heartbeats.
2022-03-08 02:52:00,856 [Listener at 127.0.0.1/40153] INFO  ozone.MiniOzoneClusterImpl (MiniOzoneClusterImpl.java:lambda$waitForClusterToBeReady$0(222)) - Waiting for cluster to exit safe mode
2022-03-08 02:52:00,856 [Listener at 127.0.0.1/40153] INFO  ozone.MiniOzoneClusterImpl (MiniOzoneClusterImpl.java:lambda$waitForClusterToBeReady$0(224)) - SCM became leader
2022-03-08 02:52:01,857 [Listener at 127.0.0.1/40153] INFO  ozone.MiniOzoneClusterImpl (MiniOzoneClusterImpl.java:lambda$waitForClusterToBeReady$0(219)) - Nodes are ready. Got 3 of 3 DN Heartbeats.
2022-03-08 02:52:01,857 [Listener at 127.0.0.1/40153] INFO  ozone.MiniOzoneClusterImpl (MiniOzoneClusterImpl.java:lambda$waitForClusterToBeReady$0(222)) - Waiting for cluster to exit safe mode
2022-03-08 02:52:01,857 [Listener at 127.0.0.1/40153] INFO  ozone.MiniOzoneClusterImpl (MiniOzoneClusterImpl.java:lambda$waitForClusterToBeReady$0(224)) - SCM became leader
2022-03-08 02:52:02,026 [b2e56fe9-8c58-4ee8-92f7-465001393f8b@group-003E3C768B44-FollowerState] INFO  impl.FollowerState (FollowerState.java:run(134)) - b2e56fe9-8c58-4ee8-92f7-465001393f8b@group-003E3C768B44-FollowerState: change to CANDIDATE, lastRpcElapsedTime:5085872794ns, electionTimeout:5085ms
2022-03-08 02:52:02,026 [b2e56fe9-8c58-4ee8-92f7-465001393f8b@group-003E3C768B44-FollowerState] INFO  impl.RoleInfo (RoleInfo.java:shutdownFollowerState(108)) - b2e56fe9-8c58-4ee8-92f7-465001393f8b: shutdown b2e56fe9-8c58-4ee8-92f7-465001393f8b@group-003E3C768B44-FollowerState
2022-03-08 02:52:02,027 [b2e56fe9-8c58-4ee8-92f7-465001393f8b@group-003E3C768B44-FollowerState] INFO  server.RaftServer$Division (RaftServerImpl.java:setRole(290)) - b2e56fe9-8c58-4ee8-92f7-465001393f8b@group-003E3C768B44: changes role from  FOLLOWER to CANDIDATE at term 0 for changeToCandidate
2022-03-08 02:52:02,027 [b2e56fe9-8c58-4ee8-92f7-465001393f8b@group-003E3C768B44-FollowerState] INFO  server.RaftServerConfigKeys (ConfUtils.java:logGet(44)) - raft.server.leaderelection.pre-vote = false (custom)
2022-03-08 02:52:02,027 [b2e56fe9-8c58-4ee8-92f7-465001393f8b@group-003E3C768B44-FollowerState] INFO  impl.RoleInfo (RoleInfo.java:updateAndGet(130)) - b2e56fe9-8c58-4ee8-92f7-465001393f8b: start b2e56fe9-8c58-4ee8-92f7-465001393f8b@group-003E3C768B44-LeaderElection15
2022-03-08 02:52:02,031 [b2e56fe9-8c58-4ee8-92f7-465001393f8b@group-003E3C768B44-LeaderElection15] INFO  impl.LeaderElection (LeaderElection.java:askForVotes(306)) - b2e56fe9-8c58-4ee8-92f7-465001393f8b@group-003E3C768B44-LeaderElection15 ELECTION round 0: submit vote requests at term 1 for -1: [b2e56fe9-8c58-4ee8-92f7-465001393f8b|rpc:10.1.0.13:34551|priority:1], old=null
2022-03-08 02:52:02,032 [b2e56fe9-8c58-4ee8-92f7-465001393f8b@group-003E3C768B44-LeaderElection15] INFO  impl.LeaderElection (LeaderElection.java:askForVotes(308)) - b2e56fe9-8c58-4ee8-92f7-465001393f8b@group-003E3C768B44-LeaderElection15 ELECTION round 0: result PASSED (term=1)
2022-03-08 02:52:02,032 [b2e56fe9-8c58-4ee8-92f7-465001393f8b@group-003E3C768B44-LeaderElection15] INFO  impl.RoleInfo (RoleInfo.java:shutdownLeaderElection(121)) - b2e56fe9-8c58-4ee8-92f7-465001393f8b: shutdown b2e56fe9-8c58-4ee8-92f7-465001393f8b@group-003E3C768B44-LeaderElection15
2022-03-08 02:52:02,032 [b2e56fe9-8c58-4ee8-92f7-465001393f8b@group-003E3C768B44-LeaderElection15] INFO  server.RaftServer$Division (RaftServerImpl.java:setRole(290)) - b2e56fe9-8c58-4ee8-92f7-465001393f8b@group-003E3C768B44: changes role from CANDIDATE to LEADER at term 1 for changeToLeader
2022-03-08 02:52:02,032 [b2e56fe9-8c58-4ee8-92f7-465001393f8b@group-003E3C768B44-LeaderElection15] INFO  ratis.XceiverServerRatis (XceiverServerRatis.java:handleLeaderChangedNotification(867)) - Leader change notification received for group: group-003E3C768B44 with new leaderId: b2e56fe9-8c58-4ee8-92f7-465001393f8b
2022-03-08 02:52:02,034 [EventQueue-OpenPipelineForHealthyPipelineSafeModeRule] INFO  safemode.SCMSafeModeManager (HealthyPipelineSafeModeRule.java:process(124)) - SCM in safe mode. Healthy pipelines reported count is 0, required healthy pipeline reported count is 1
2022-03-08 02:52:02,034 [b2e56fe9-8c58-4ee8-92f7-465001393f8b@group-003E3C768B44-LeaderElection15] INFO  server.RaftServer$Division (ServerState.java:setLeader(285)) - b2e56fe9-8c58-4ee8-92f7-465001393f8b@group-003E3C768B44: change Leader from null to b2e56fe9-8c58-4ee8-92f7-465001393f8b at term 1 for becomeLeader, leader elected after 5111ms
2022-03-08 02:52:02,035 [b2e56fe9-8c58-4ee8-92f7-465001393f8b@group-003E3C768B44-LeaderElection15] INFO  server.RaftServerConfigKeys (ConfUtils.java:logGet(44)) - raft.server.staging.catchup.gap = 1000 (default)
2022-03-08 02:52:02,036 [b2e56fe9-8c58-4ee8-92f7-465001393f8b@group-003E3C768B44-LeaderElection15] INFO  server.RaftServerConfigKeys (ConfUtils.java:logGet(44)) - raft.server.write.element-limit = 1024 (custom)
2022-03-08 02:52:02,036 [b2e56fe9-8c58-4ee8-92f7-465001393f8b@group-003E3C768B44-LeaderElection15] INFO  server.RaftServerConfigKeys (ConfUtils.java:logGet(44)) - raft.server.write.byte-limit = 1024 M (=1073741824) (custom)
2022-03-08 02:52:02,036 [b2e56fe9-8c58-4ee8-92f7-465001393f8b@group-003E3C768B44-LeaderElection15] INFO  server.RaftServerConfigKeys (ConfUtils.java:logGet(44)) - raft.server.watch.timeout = 180s (custom)
2022-03-08 02:52:02,036 [b2e56fe9-8c58-4ee8-92f7-465001393f8b@group-003E3C768B44-LeaderElection15] INFO  server.RaftServerConfigKeys (ConfUtils.java:logGet(44)) - raft.server.watch.timeout.denomination = 1s (default)
2022-03-08 02:52:02,036 [b2e56fe9-8c58-4ee8-92f7-465001393f8b@group-003E3C768B44-LeaderElection15] INFO  server.RaftServerConfigKeys (ConfUtils.java:logGet(44)) - raft.server.watch.element-limit = 65536 (default)
2022-03-08 02:52:02,036 [b2e56fe9-8c58-4ee8-92f7-465001393f8b@group-003E3C768B44-LeaderElection15] INFO  server.RaftServerConfigKeys (ConfUtils.java:logGet(44)) - raft.server.write.element-limit = 1024 (custom)
2022-03-08 02:52:02,036 [b2e56fe9-8c58-4ee8-92f7-465001393f8b@group-003E3C768B44-LeaderElection15] INFO  server.RaftServerConfigKeys (ConfUtils.java:logGet(44)) - raft.server.write.follower.gap.ratio.max = -1.0 (default)
2022-03-08 02:52:02,037 [b2e56fe9-8c58-4ee8-92f7-465001393f8b@group-003E3C768B44-LeaderElection15] INFO  impl.RoleInfo (RoleInfo.java:updateAndGet(130)) - b2e56fe9-8c58-4ee8-92f7-465001393f8b: start b2e56fe9-8c58-4ee8-92f7-465001393f8b@group-003E3C768B44-LeaderStateImpl
2022-03-08 02:52:02,038 [b2e56fe9-8c58-4ee8-92f7-465001393f8b@group-003E3C768B44-LeaderElection15] INFO  segmented.SegmentedRaftLogWorker (SegmentedRaftLogWorker.java:startLogSegment(394)) - b2e56fe9-8c58-4ee8-92f7-465001393f8b@group-003E3C768B44-SegmentedRaftLogWorker: Starting segment from index:0
2022-03-08 02:52:02,040 [b2e56fe9-8c58-4ee8-92f7-465001393f8b@group-003E3C768B44-SegmentedRaftLogWorker] INFO  segmented.SegmentedRaftLogWorker (SegmentedRaftLogWorker.java:execute(601)) - b2e56fe9-8c58-4ee8-92f7-465001393f8b@group-003E3C768B44-SegmentedRaftLogWorker: created new log segment /home/runner/work/ozone/ozone/hadoop-ozone/integration-test/target/test-dir/MiniOzoneClusterImpl-c5fac6bb-2c25-4e61-a608-d2807dddd723/datanode-0/data/ratis/2053d7a4-0bc1-48ab-9409-003e3c768b44/current/log_inprogress_0
2022-03-08 02:52:02,043 [b2e56fe9-8c58-4ee8-92f7-465001393f8b@group-003E3C768B44-LeaderElection15] INFO  server.RaftServer$Division (ServerState.java:setRaftConf(387)) - b2e56fe9-8c58-4ee8-92f7-465001393f8b@group-003E3C768B44: set configuration 0: [b2e56fe9-8c58-4ee8-92f7-465001393f8b|rpc:10.1.0.13:34551|dataStream:|priority:1], old=null
2022-03-08 02:52:02,085 [b2e56fe9-8c58-4ee8-92f7-465001393f8b@group-779FC6785961-FollowerState] INFO  impl.FollowerState (FollowerState.java:run(134)) - b2e56fe9-8c58-4ee8-92f7-465001393f8b@group-779FC6785961-FollowerState: change to CANDIDATE, lastRpcElapsedTime:5123132802ns, electionTimeout:5097ms
2022-03-08 02:52:02,086 [b2e56fe9-8c58-4ee8-92f7-465001393f8b@group-779FC6785961-FollowerState] INFO  impl.RoleInfo (RoleInfo.java:shutdownFollowerState(108)) - b2e56fe9-8c58-4ee8-92f7-465001393f8b: shutdown b2e56fe9-8c58-4ee8-92f7-465001393f8b@group-779FC6785961-FollowerState
2022-03-08 02:52:02,086 [b2e56fe9-8c58-4ee8-92f7-465001393f8b@group-779FC6785961-FollowerState] INFO  server.RaftServer$Division (RaftServerImpl.java:setRole(290)) - b2e56fe9-8c58-4ee8-92f7-465001393f8b@group-779FC6785961: changes role from  FOLLOWER to CANDIDATE at term 0 for changeToCandidate
2022-03-08 02:52:02,086 [b2e56fe9-8c58-4ee8-92f7-465001393f8b@group-779FC6785961-FollowerState] INFO  server.RaftServerConfigKeys (ConfUtils.java:logGet(44)) - raft.server.leaderelection.pre-vote = false (custom)
2022-03-08 02:52:02,086 [b2e56fe9-8c58-4ee8-92f7-465001393f8b@group-779FC6785961-FollowerState] INFO  impl.RoleInfo (RoleInfo.java:updateAndGet(130)) - b2e56fe9-8c58-4ee8-92f7-465001393f8b: start b2e56fe9-8c58-4ee8-92f7-465001393f8b@group-779FC6785961-LeaderElection16
2022-03-08 02:52:02,109 [b2e56fe9-8c58-4ee8-92f7-465001393f8b@group-779FC6785961-LeaderElection16] INFO  impl.LeaderElection (LeaderElection.java:askForVotes(306)) - b2e56fe9-8c58-4ee8-92f7-465001393f8b@group-779FC6785961-LeaderElection16 ELECTION round 0: submit vote requests at term 1 for -1: [b2e56fe9-8c58-4ee8-92f7-465001393f8b|rpc:10.1.0.13:34551|priority:0, 7342fea1-774e-439b-933d-8d39f93ca642|rpc:10.1.0.13:33197|priority:0, 9e5b02fd-85e2-48c6-aea1-125703e1c6f5|rpc:10.1.0.13:35265|priority:1], old=null
2022-03-08 02:52:02,135 [grpc-default-executor-1] INFO  server.RaftServer$Division (RaftServerImpl.java:requestVote(1046)) - 7342fea1-774e-439b-933d-8d39f93ca642@group-779FC6785961: receive requestVote(ELECTION, b2e56fe9-8c58-4ee8-92f7-465001393f8b, group-779FC6785961, 1, (t:0, i:0))
2022-03-08 02:52:02,135 [grpc-default-executor-1] INFO  impl.VoteContext (VoteContext.java:log(48)) - 7342fea1-774e-439b-933d-8d39f93ca642@group-779FC6785961-FOLLOWER: accept ELECTION from b2e56fe9-8c58-4ee8-92f7-465001393f8b: our priority 0 <= candidate's priority 0
2022-03-08 02:52:02,135 [grpc-default-executor-1] INFO  server.RaftServer$Division (RaftServerImpl.java:setRole(290)) - 7342fea1-774e-439b-933d-8d39f93ca642@group-779FC6785961: changes role from  FOLLOWER to FOLLOWER at term 1 for candidate:b2e56fe9-8c58-4ee8-92f7-465001393f8b
2022-03-08 02:52:02,135 [grpc-default-executor-1] INFO  impl.RoleInfo (RoleInfo.java:shutdownFollowerState(108)) - 7342fea1-774e-439b-933d-8d39f93ca642: shutdown 7342fea1-774e-439b-933d-8d39f93ca642@group-779FC6785961-FollowerState
2022-03-08 02:52:02,135 [grpc-default-executor-1] INFO  impl.RoleInfo (RoleInfo.java:updateAndGet(130)) - 7342fea1-774e-439b-933d-8d39f93ca642: start 7342fea1-774e-439b-933d-8d39f93ca642@group-779FC6785961-FollowerState
2022-03-08 02:52:02,135 [7342fea1-774e-439b-933d-8d39f93ca642@group-779FC6785961-FollowerState] INFO  impl.FollowerState (FollowerState.java:run(143)) - 7342fea1-774e-439b-933d-8d39f93ca642@group-779FC6785961-FollowerState was interrupted: {}
java.lang.InterruptedException: sleep interrupted
	at java.lang.Thread.sleep(Native Method)
	at java.lang.Thread.sleep(Thread.java:342)
	at java.util.concurrent.TimeUnit.sleep(TimeUnit.java:386)
	at org.apache.ratis.util.TimeDuration.sleep(TimeDuration.java:324)
	at org.apache.ratis.util.TimeDuration.sleep(TimeDuration.java:309)
	at org.apache.ratis.server.impl.FollowerState.run(FollowerState.java:118)
2022-03-08 02:52:02,148 [grpc-default-executor-1] INFO  server.RaftServer$Division (RaftServerImpl.java:requestVote(1078)) - 7342fea1-774e-439b-933d-8d39f93ca642@group-779FC6785961 replies to ELECTION vote request: b2e56fe9-8c58-4ee8-92f7-465001393f8b<-7342fea1-774e-439b-933d-8d39f93ca642#0:OK-t1. Peer's state: 7342fea1-774e-439b-933d-8d39f93ca642@group-779FC6785961:t1, leader=null, voted=b2e56fe9-8c58-4ee8-92f7-465001393f8b, raftlog=7342fea1-774e-439b-933d-8d39f93ca642@group-779FC6785961-SegmentedRaftLog:OPENED:c-1, conf=-1: [b2e56fe9-8c58-4ee8-92f7-465001393f8b|rpc:10.1.0.13:34551|dataStream:|priority:0, 7342fea1-774e-439b-933d-8d39f93ca642|rpc:10.1.0.13:33197|dataStream:|priority:0, 9e5b02fd-85e2-48c6-aea1-125703e1c6f5|rpc:10.1.0.13:35265|dataStream:|priority:1], old=null
2022-03-08 02:52:02,153 [grpc-default-executor-1] INFO  server.RaftServer$Division (RaftServerImpl.java:requestVote(1046)) - 9e5b02fd-85e2-48c6-aea1-125703e1c6f5@group-779FC6785961: receive requestVote(ELECTION, b2e56fe9-8c58-4ee8-92f7-465001393f8b, group-779FC6785961, 1, (t:0, i:0))
2022-03-08 02:52:02,154 [grpc-default-executor-1] INFO  impl.VoteContext (VoteContext.java:log(48)) - 9e5b02fd-85e2-48c6-aea1-125703e1c6f5@group-779FC6785961-FOLLOWER: reject ELECTION from b2e56fe9-8c58-4ee8-92f7-465001393f8b: our priority 1 > candidate's priority 0
2022-03-08 02:52:02,154 [grpc-default-executor-1] INFO  server.RaftServer$Division (RaftServerImpl.java:setRole(290)) - 9e5b02fd-85e2-48c6-aea1-125703e1c6f5@group-779FC6785961: changes role from  FOLLOWER to FOLLOWER at term 1 for candidate:b2e56fe9-8c58-4ee8-92f7-465001393f8b
2022-03-08 02:52:02,154 [grpc-default-executor-1] INFO  impl.RoleInfo (RoleInfo.java:shutdownFollowerState(108)) - 9e5b02fd-85e2-48c6-aea1-125703e1c6f5: shutdown 9e5b02fd-85e2-48c6-aea1-125703e1c6f5@group-779FC6785961-FollowerState
2022-03-08 02:52:02,154 [grpc-default-executor-1] INFO  impl.RoleInfo (RoleInfo.java:updateAndGet(130)) - 9e5b02fd-85e2-48c6-aea1-125703e1c6f5: start 9e5b02fd-85e2-48c6-aea1-125703e1c6f5@group-779FC6785961-FollowerState
2022-03-08 02:52:02,154 [9e5b02fd-85e2-48c6-aea1-125703e1c6f5@group-779FC6785961-FollowerState] INFO  impl.FollowerState (FollowerState.java:run(143)) - 9e5b02fd-85e2-48c6-aea1-125703e1c6f5@group-779FC6785961-FollowerState was interrupted: {}
java.lang.InterruptedException: sleep interrupted
	at java.lang.Thread.sleep(Native Method)
	at java.lang.Thread.sleep(Thread.java:342)
	at java.util.concurrent.TimeUnit.sleep(TimeUnit.java:386)
	at org.apache.ratis.util.TimeDuration.sleep(TimeDuration.java:324)
	at org.apache.ratis.util.TimeDuration.sleep(TimeDuration.java:309)
	at org.apache.ratis.server.impl.FollowerState.run(FollowerState.java:118)
2022-03-08 02:52:02,169 [grpc-default-executor-1] INFO  server.RaftServer$Division (RaftServerImpl.java:requestVote(1078)) - 9e5b02fd-85e2-48c6-aea1-125703e1c6f5@group-779FC6785961 replies to ELECTION vote request: b2e56fe9-8c58-4ee8-92f7-465001393f8b<-9e5b02fd-85e2-48c6-aea1-125703e1c6f5#0:FAIL-t1. Peer's state: 9e5b02fd-85e2-48c6-aea1-125703e1c6f5@group-779FC6785961:t1, leader=null, voted=null, raftlog=9e5b02fd-85e2-48c6-aea1-125703e1c6f5@group-779FC6785961-SegmentedRaftLog:OPENED:c-1, conf=-1: [b2e56fe9-8c58-4ee8-92f7-465001393f8b|rpc:10.1.0.13:34551|dataStream:|priority:0, 7342fea1-774e-439b-933d-8d39f93ca642|rpc:10.1.0.13:33197|dataStream:|priority:0, 9e5b02fd-85e2-48c6-aea1-125703e1c6f5|rpc:10.1.0.13:35265|dataStream:|priority:1], old=null
2022-03-08 02:52:02,180 [b2e56fe9-8c58-4ee8-92f7-465001393f8b@group-779FC6785961-LeaderElection16] INFO  impl.LeaderElection (LeaderElection.java:logAndReturn(89)) - b2e56fe9-8c58-4ee8-92f7-465001393f8b@group-779FC6785961-LeaderElection16: ELECTION REJECTED received 2 response(s) and 0 exception(s):
2022-03-08 02:52:02,180 [b2e56fe9-8c58-4ee8-92f7-465001393f8b@group-779FC6785961-LeaderElection16] INFO  impl.LeaderElection (LeaderElection.java:logAndReturn(93)) -   Response 0: b2e56fe9-8c58-4ee8-92f7-465001393f8b<-7342fea1-774e-439b-933d-8d39f93ca642#0:OK-t1
2022-03-08 02:52:02,180 [b2e56fe9-8c58-4ee8-92f7-465001393f8b@group-779FC6785961-LeaderElection16] INFO  impl.LeaderElection (LeaderElection.java:logAndReturn(93)) -   Response 1: b2e56fe9-8c58-4ee8-92f7-465001393f8b<-9e5b02fd-85e2-48c6-aea1-125703e1c6f5#0:FAIL-t1
2022-03-08 02:52:02,180 [b2e56fe9-8c58-4ee8-92f7-465001393f8b@group-779FC6785961-LeaderElection16] INFO  impl.LeaderElection (LeaderElection.java:askForVotes(308)) - b2e56fe9-8c58-4ee8-92f7-465001393f8b@group-779FC6785961-LeaderElection16 ELECTION round 0: result REJECTED
2022-03-08 02:52:02,180 [b2e56fe9-8c58-4ee8-92f7-465001393f8b@group-779FC6785961-LeaderElection16] INFO  server.RaftServer$Division (RaftServerImpl.java:setRole(290)) - b2e56fe9-8c58-4ee8-92f7-465001393f8b@group-779FC6785961: changes role from CANDIDATE to FOLLOWER at term 1 for REJECTED
2022-03-08 02:52:02,180 [b2e56fe9-8c58-4ee8-92f7-465001393f8b@group-779FC6785961-LeaderElection16] INFO  impl.RoleInfo (RoleInfo.java:shutdownLeaderElection(121)) - b2e56fe9-8c58-4ee8-92f7-465001393f8b: shutdown b2e56fe9-8c58-4ee8-92f7-465001393f8b@group-779FC6785961-LeaderElection16
2022-03-08 02:52:02,180 [b2e56fe9-8c58-4ee8-92f7-465001393f8b@group-779FC6785961-LeaderElection16] INFO  impl.RoleInfo (RoleInfo.java:updateAndGet(130)) - b2e56fe9-8c58-4ee8-92f7-465001393f8b: start b2e56fe9-8c58-4ee8-92f7-465001393f8b@group-779FC6785961-FollowerState
2022-03-08 02:52:02,624 [7342fea1-774e-439b-933d-8d39f93ca642@group-3C14E3800885-FollowerState] INFO  impl.FollowerState (FollowerState.java:run(134)) - 7342fea1-774e-439b-933d-8d39f93ca642@group-3C14E3800885-FollowerState: change to CANDIDATE, lastRpcElapsedTime:5161288418ns, electionTimeout:5143ms
2022-03-08 02:52:02,625 [7342fea1-774e-439b-933d-8d39f93ca642@group-3C14E3800885-FollowerState] INFO  impl.RoleInfo (RoleInfo.java:shutdownFollowerState(108)) - 7342fea1-774e-439b-933d-8d39f93ca642: shutdown 7342fea1-774e-439b-933d-8d39f93ca642@group-3C14E3800885-FollowerState
2022-03-08 02:52:02,625 [7342fea1-774e-439b-933d-8d39f93ca642@group-3C14E3800885-FollowerState] INFO  server.RaftServer$Division (RaftServerImpl.java:setRole(290)) - 7342fea1-774e-439b-933d-8d39f93ca642@group-3C14E3800885: changes role from  FOLLOWER to CANDIDATE at term 0 for changeToCandidate
2022-03-08 02:52:02,626 [7342fea1-774e-439b-933d-8d39f93ca642@group-3C14E3800885-FollowerState] INFO  server.RaftServerConfigKeys (ConfUtils.java:logGet(44)) - raft.server.leaderelection.pre-vote = false (custom)
2022-03-08 02:52:02,626 [7342fea1-774e-439b-933d-8d39f93ca642@group-3C14E3800885-FollowerState] INFO  impl.RoleInfo (RoleInfo.java:updateAndGet(130)) - 7342fea1-774e-439b-933d-8d39f93ca642: start 7342fea1-774e-439b-933d-8d39f93ca642@group-3C14E3800885-LeaderElection17
2022-03-08 02:52:02,647 [7342fea1-774e-439b-933d-8d39f93ca642@group-3C14E3800885-LeaderElection17] INFO  impl.LeaderElection (LeaderElection.java:askForVotes(306)) - 7342fea1-774e-439b-933d-8d39f93ca642@group-3C14E3800885-LeaderElection17 ELECTION round 0: submit vote requests at term 1 for -1: [7342fea1-774e-439b-933d-8d39f93ca642|rpc:10.1.0.13:33197|priority:1], old=null
2022-03-08 02:52:02,647 [7342fea1-774e-439b-933d-8d39f93ca642@group-3C14E3800885-LeaderElection17] INFO  impl.LeaderElection (LeaderElection.java:askForVotes(308)) - 7342fea1-774e-439b-933d-8d39f93ca642@group-3C14E3800885-LeaderElection17 ELECTION round 0: result PASSED (term=1)
2022-03-08 02:52:02,647 [7342fea1-774e-439b-933d-8d39f93ca642@group-3C14E3800885-LeaderElection17] INFO  impl.RoleInfo (RoleInfo.java:shutdownLeaderElection(121)) - 7342fea1-774e-439b-933d-8d39f93ca642: shutdown 7342fea1-774e-439b-933d-8d39f93ca642@group-3C14E3800885-LeaderElection17
2022-03-08 02:52:02,647 [7342fea1-774e-439b-933d-8d39f93ca642@group-3C14E3800885-LeaderElection17] INFO  server.RaftServer$Division (RaftServerImpl.java:setRole(290)) - 7342fea1-774e-439b-933d-8d39f93ca642@group-3C14E3800885: changes role from CANDIDATE to LEADER at term 1 for changeToLeader
2022-03-08 02:52:02,647 [7342fea1-774e-439b-933d-8d39f93ca642@group-3C14E3800885-LeaderElection17] INFO  ratis.XceiverServerRatis (XceiverServerRatis.java:handleLeaderChangedNotification(867)) - Leader change notification received for group: group-3C14E3800885 with new leaderId: 7342fea1-774e-439b-933d-8d39f93ca642
2022-03-08 02:52:02,653 [7342fea1-774e-439b-933d-8d39f93ca642@group-3C14E3800885-LeaderElection17] INFO  server.RaftServer$Division (ServerState.java:setLeader(285)) - 7342fea1-774e-439b-933d-8d39f93ca642@group-3C14E3800885: change Leader from null to 7342fea1-774e-439b-933d-8d39f93ca642 at term 1 for becomeLeader, leader elected after 5209ms
2022-03-08 02:52:02,653 [7342fea1-774e-439b-933d-8d39f93ca642@group-3C14E3800885-LeaderElection17] INFO  server.RaftServerConfigKeys (ConfUtils.java:logGet(44)) - raft.server.staging.catchup.gap = 1000 (default)
2022-03-08 02:52:02,654 [7342fea1-774e-439b-933d-8d39f93ca642@group-3C14E3800885-LeaderElection17] INFO  server.RaftServerConfigKeys (ConfUtils.java:logGet(44)) - raft.server.write.element-limit = 1024 (custom)
2022-03-08 02:52:02,654 [7342fea1-774e-439b-933d-8d39f93ca642@group-3C14E3800885-LeaderElection17] INFO  server.RaftServerConfigKeys (ConfUtils.java:logGet(44)) - raft.server.write.byte-limit = 1024 M (=1073741824) (custom)
2022-03-08 02:52:02,654 [7342fea1-774e-439b-933d-8d39f93ca642@group-3C14E3800885-LeaderElection17] INFO  server.RaftServerConfigKeys (ConfUtils.java:logGet(44)) - raft.server.watch.timeout = 180s (custom)
2022-03-08 02:52:02,654 [7342fea1-774e-439b-933d-8d39f93ca642@group-3C14E3800885-LeaderElection17] INFO  server.RaftServerConfigKeys (ConfUtils.java:logGet(44)) - raft.server.watch.timeout.denomination = 1s (default)
2022-03-08 02:52:02,654 [7342fea1-774e-439b-933d-8d39f93ca642@group-3C14E3800885-LeaderElection17] INFO  server.RaftServerConfigKeys (ConfUtils.java:logGet(44)) - raft.server.watch.element-limit = 65536 (default)
2022-03-08 02:52:02,654 [7342fea1-774e-439b-933d-8d39f93ca642@group-3C14E3800885-LeaderElection17] INFO  server.RaftServerConfigKeys (ConfUtils.java:logGet(44)) - raft.server.write.element-limit = 1024 (custom)
2022-03-08 02:52:02,655 [7342fea1-774e-439b-933d-8d39f93ca642@group-3C14E3800885-LeaderElection17] INFO  server.RaftServerConfigKeys (ConfUtils.java:logGet(44)) - raft.server.write.follower.gap.ratio.max = -1.0 (default)
2022-03-08 02:52:02,655 [7342fea1-774e-439b-933d-8d39f93ca642@group-3C14E3800885-LeaderElection17] INFO  impl.RoleInfo (RoleInfo.java:updateAndGet(130)) - 7342fea1-774e-439b-933d-8d39f93ca642: start 7342fea1-774e-439b-933d-8d39f93ca642@group-3C14E3800885-LeaderStateImpl
2022-03-08 02:52:02,655 [7342fea1-774e-439b-933d-8d39f93ca642@group-3C14E3800885-LeaderElection17] INFO  segmented.SegmentedRaftLogWorker (SegmentedRaftLogWorker.java:startLogSegment(394)) - 7342fea1-774e-439b-933d-8d39f93ca642@group-3C14E3800885-SegmentedRaftLogWorker: Starting segment from index:0
2022-03-08 02:52:02,655 [EventQueue-OpenPipelineForHealthyPipelineSafeModeRule] INFO  safemode.SCMSafeModeManager (HealthyPipelineSafeModeRule.java:process(124)) - SCM in safe mode. Healthy pipelines reported count is 0, required healthy pipeline reported count is 1
2022-03-08 02:52:02,657 [7342fea1-774e-439b-933d-8d39f93ca642@group-3C14E3800885-SegmentedRaftLogWorker] INFO  segmented.SegmentedRaftLogWorker (SegmentedRaftLogWorker.java:execute(601)) - 7342fea1-774e-439b-933d-8d39f93ca642@group-3C14E3800885-SegmentedRaftLogWorker: created new log segment /home/runner/work/ozone/ozone/hadoop-ozone/integration-test/target/test-dir/MiniOzoneClusterImpl-c5fac6bb-2c25-4e61-a608-d2807dddd723/datanode-1/data/ratis/2aab253b-7da4-458f-81d7-3c14e3800885/current/log_inprogress_0
2022-03-08 02:52:02,663 [7342fea1-774e-439b-933d-8d39f93ca642@group-3C14E3800885-LeaderElection17] INFO  server.RaftServer$Division (ServerState.java:setRaftConf(387)) - 7342fea1-774e-439b-933d-8d39f93ca642@group-3C14E3800885: set configuration 0: [7342fea1-774e-439b-933d-8d39f93ca642|rpc:10.1.0.13:33197|dataStream:|priority:1], old=null
2022-03-08 02:52:02,857 [Listener at 127.0.0.1/40153] INFO  ozone.MiniOzoneClusterImpl (MiniOzoneClusterImpl.java:lambda$waitForClusterToBeReady$0(219)) - Nodes are ready. Got 3 of 3 DN Heartbeats.
2022-03-08 02:52:02,857 [Listener at 127.0.0.1/40153] INFO  ozone.MiniOzoneClusterImpl (MiniOzoneClusterImpl.java:lambda$waitForClusterToBeReady$0(222)) - Waiting for cluster to exit safe mode
2022-03-08 02:52:02,857 [Listener at 127.0.0.1/40153] INFO  ozone.MiniOzoneClusterImpl (MiniOzoneClusterImpl.java:lambda$waitForClusterToBeReady$0(224)) - SCM became leader
2022-03-08 02:52:02,999 [9e5b02fd-85e2-48c6-aea1-125703e1c6f5@group-69C50F46ED2C-FollowerState] INFO  impl.FollowerState (FollowerState.java:run(134)) - 9e5b02fd-85e2-48c6-aea1-125703e1c6f5@group-69C50F46ED2C-FollowerState: change to CANDIDATE, lastRpcElapsedTime:5040127591ns, electionTimeout:5019ms
2022-03-08 02:52:02,999 [9e5b02fd-85e2-48c6-aea1-125703e1c6f5@group-69C50F46ED2C-FollowerState] INFO  impl.RoleInfo (RoleInfo.java:shutdownFollowerState(108)) - 9e5b02fd-85e2-48c6-aea1-125703e1c6f5: shutdown 9e5b02fd-85e2-48c6-aea1-125703e1c6f5@group-69C50F46ED2C-FollowerState
2022-03-08 02:52:02,999 [9e5b02fd-85e2-48c6-aea1-125703e1c6f5@group-69C50F46ED2C-FollowerState] INFO  server.RaftServer$Division (RaftServerImpl.java:setRole(290)) - 9e5b02fd-85e2-48c6-aea1-125703e1c6f5@group-69C50F46ED2C: changes role from  FOLLOWER to CANDIDATE at term 0 for changeToCandidate
2022-03-08 02:52:02,999 [9e5b02fd-85e2-48c6-aea1-125703e1c6f5@group-69C50F46ED2C-FollowerState] INFO  server.RaftServerConfigKeys (ConfUtils.java:logGet(44)) - raft.server.leaderelection.pre-vote = false (custom)
2022-03-08 02:52:02,999 [9e5b02fd-85e2-48c6-aea1-125703e1c6f5@group-69C50F46ED2C-FollowerState] INFO  impl.RoleInfo (RoleInfo.java:updateAndGet(130)) - 9e5b02fd-85e2-48c6-aea1-125703e1c6f5: start 9e5b02fd-85e2-48c6-aea1-125703e1c6f5@group-69C50F46ED2C-LeaderElection18
2022-03-08 02:52:03,012 [9e5b02fd-85e2-48c6-aea1-125703e1c6f5@group-69C50F46ED2C-LeaderElection18] INFO  impl.LeaderElection (LeaderElection.java:askForVotes(306)) - 9e5b02fd-85e2-48c6-aea1-125703e1c6f5@group-69C50F46ED2C-LeaderElection18 ELECTION round 0: submit vote requests at term 1 for -1: [9e5b02fd-85e2-48c6-aea1-125703e1c6f5|rpc:10.1.0.13:35265|priority:1], old=null
2022-03-08 02:52:03,012 [9e5b02fd-85e2-48c6-aea1-125703e1c6f5@group-69C50F46ED2C-LeaderElection18] INFO  impl.LeaderElection (LeaderElection.java:askForVotes(308)) - 9e5b02fd-85e2-48c6-aea1-125703e1c6f5@group-69C50F46ED2C-LeaderElection18 ELECTION round 0: result PASSED (term=1)
2022-03-08 02:52:03,012 [9e5b02fd-85e2-48c6-aea1-125703e1c6f5@group-69C50F46ED2C-LeaderElection18] INFO  impl.RoleInfo (RoleInfo.java:shutdownLeaderElection(121)) - 9e5b02fd-85e2-48c6-aea1-125703e1c6f5: shutdown 9e5b02fd-85e2-48c6-aea1-125703e1c6f5@group-69C50F46ED2C-LeaderElection18
2022-03-08 02:52:03,012 [9e5b02fd-85e2-48c6-aea1-125703e1c6f5@group-69C50F46ED2C-LeaderElection18] INFO  server.RaftServer$Division (RaftServerImpl.java:setRole(290)) - 9e5b02fd-85e2-48c6-aea1-125703e1c6f5@group-69C50F46ED2C: changes role from CANDIDATE to LEADER at term 1 for changeToLeader
2022-03-08 02:52:03,012 [9e5b02fd-85e2-48c6-aea1-125703e1c6f5@group-69C50F46ED2C-LeaderElection18] INFO  ratis.XceiverServerRatis (XceiverServerRatis.java:handleLeaderChangedNotification(867)) - Leader change notification received for group: group-69C50F46ED2C with new leaderId: 9e5b02fd-85e2-48c6-aea1-125703e1c6f5
2022-03-08 02:52:03,012 [9e5b02fd-85e2-48c6-aea1-125703e1c6f5@group-69C50F46ED2C-LeaderElection18] INFO  server.RaftServer$Division (ServerState.java:setLeader(285)) - 9e5b02fd-85e2-48c6-aea1-125703e1c6f5@group-69C50F46ED2C: change Leader from null to 9e5b02fd-85e2-48c6-aea1-125703e1c6f5 at term 1 for becomeLeader, leader elected after 5065ms
2022-03-08 02:52:03,012 [9e5b02fd-85e2-48c6-aea1-125703e1c6f5@group-69C50F46ED2C-LeaderElection18] INFO  server.RaftServerConfigKeys (ConfUtils.java:logGet(44)) - raft.server.staging.catchup.gap = 1000 (default)
2022-03-08 02:52:03,013 [9e5b02fd-85e2-48c6-aea1-125703e1c6f5@group-69C50F46ED2C-LeaderElection18] INFO  server.RaftServerConfigKeys (ConfUtils.java:logGet(44)) - raft.server.write.element-limit = 1024 (custom)
2022-03-08 02:52:03,013 [9e5b02fd-85e2-48c6-aea1-125703e1c6f5@group-69C50F46ED2C-LeaderElection18] INFO  server.RaftServerConfigKeys (ConfUtils.java:logGet(44)) - raft.server.write.byte-limit = 1024 M (=1073741824) (custom)
2022-03-08 02:52:03,015 [EventQueue-OpenPipelineForHealthyPipelineSafeModeRule] INFO  safemode.SCMSafeModeManager (HealthyPipelineSafeModeRule.java:process(124)) - SCM in safe mode. Healthy pipelines reported count is 0, required healthy pipeline reported count is 1
2022-03-08 02:52:03,021 [9e5b02fd-85e2-48c6-aea1-125703e1c6f5@group-69C50F46ED2C-LeaderElection18] INFO  server.RaftServerConfigKeys (ConfUtils.java:logGet(44)) - raft.server.watch.timeout = 180s (custom)
2022-03-08 02:52:03,021 [9e5b02fd-85e2-48c6-aea1-125703e1c6f5@group-69C50F46ED2C-LeaderElection18] INFO  server.RaftServerConfigKeys (ConfUtils.java:logGet(44)) - raft.server.watch.timeout.denomination = 1s (default)
2022-03-08 02:52:03,021 [9e5b02fd-85e2-48c6-aea1-125703e1c6f5@group-69C50F46ED2C-LeaderElection18] INFO  server.RaftServerConfigKeys (ConfUtils.java:logGet(44)) - raft.server.watch.element-limit = 65536 (default)
2022-03-08 02:52:03,021 [9e5b02fd-85e2-48c6-aea1-125703e1c6f5@group-69C50F46ED2C-LeaderElection18] INFO  server.RaftServerConfigKeys (ConfUtils.java:logGet(44)) - raft.server.write.element-limit = 1024 (custom)
2022-03-08 02:52:03,021 [9e5b02fd-85e2-48c6-aea1-125703e1c6f5@group-69C50F46ED2C-LeaderElection18] INFO  server.RaftServerConfigKeys (ConfUtils.java:logGet(44)) - raft.server.write.follower.gap.ratio.max = -1.0 (default)
2022-03-08 02:52:03,021 [9e5b02fd-85e2-48c6-aea1-125703e1c6f5@group-69C50F46ED2C-LeaderElection18] INFO  impl.RoleInfo (RoleInfo.java:updateAndGet(130)) - 9e5b02fd-85e2-48c6-aea1-125703e1c6f5: start 9e5b02fd-85e2-48c6-aea1-125703e1c6f5@group-69C50F46ED2C-LeaderStateImpl
2022-03-08 02:52:03,022 [9e5b02fd-85e2-48c6-aea1-125703e1c6f5@group-69C50F46ED2C-LeaderElection18] INFO  segmented.SegmentedRaftLogWorker (SegmentedRaftLogWorker.java:startLogSegment(394)) - 9e5b02fd-85e2-48c6-aea1-125703e1c6f5@group-69C50F46ED2C-SegmentedRaftLogWorker: Starting segment from index:0
2022-03-08 02:52:03,026 [9e5b02fd-85e2-48c6-aea1-125703e1c6f5@group-69C50F46ED2C-SegmentedRaftLogWorker] INFO  segmented.SegmentedRaftLogWorker (SegmentedRaftLogWorker.java:execute(601)) - 9e5b02fd-85e2-48c6-aea1-125703e1c6f5@group-69C50F46ED2C-SegmentedRaftLogWorker: created new log segment /home/runner/work/ozone/ozone/hadoop-ozone/integration-test/target/test-dir/MiniOzoneClusterImpl-c5fac6bb-2c25-4e61-a608-d2807dddd723/datanode-2/data/ratis/65df48c9-2052-44c8-a88e-69c50f46ed2c/current/log_inprogress_0
2022-03-08 02:52:03,041 [9e5b02fd-85e2-48c6-aea1-125703e1c6f5@group-69C50F46ED2C-LeaderElection18] INFO  server.RaftServer$Division (ServerState.java:setRaftConf(387)) - 9e5b02fd-85e2-48c6-aea1-125703e1c6f5@group-69C50F46ED2C: set configuration 0: [9e5b02fd-85e2-48c6-aea1-125703e1c6f5|rpc:10.1.0.13:35265|dataStream:|priority:1], old=null
2022-03-08 02:52:03,858 [Listener at 127.0.0.1/40153] INFO  ozone.MiniOzoneClusterImpl (MiniOzoneClusterImpl.java:lambda$waitForClusterToBeReady$0(219)) - Nodes are ready. Got 3 of 3 DN Heartbeats.
2022-03-08 02:52:03,858 [Listener at 127.0.0.1/40153] INFO  ozone.MiniOzoneClusterImpl (MiniOzoneClusterImpl.java:lambda$waitForClusterToBeReady$0(222)) - Waiting for cluster to exit safe mode
2022-03-08 02:52:03,858 [Listener at 127.0.0.1/40153] INFO  ozone.MiniOzoneClusterImpl (MiniOzoneClusterImpl.java:lambda$waitForClusterToBeReady$0(224)) - SCM became leader
2022-03-08 02:52:04,858 [Listener at 127.0.0.1/40153] INFO  ozone.MiniOzoneClusterImpl (MiniOzoneClusterImpl.java:lambda$waitForClusterToBeReady$0(219)) - Nodes are ready. Got 3 of 3 DN Heartbeats.
2022-03-08 02:52:04,858 [Listener at 127.0.0.1/40153] INFO  ozone.MiniOzoneClusterImpl (MiniOzoneClusterImpl.java:lambda$waitForClusterToBeReady$0(222)) - Waiting for cluster to exit safe mode
2022-03-08 02:52:04,858 [Listener at 127.0.0.1/40153] INFO  ozone.MiniOzoneClusterImpl (MiniOzoneClusterImpl.java:lambda$waitForClusterToBeReady$0(224)) - SCM became leader
2022-03-08 02:52:05,859 [Listener at 127.0.0.1/40153] INFO  ozone.MiniOzoneClusterImpl (MiniOzoneClusterImpl.java:lambda$waitForClusterToBeReady$0(219)) - Nodes are ready. Got 3 of 3 DN Heartbeats.
2022-03-08 02:52:05,859 [Listener at 127.0.0.1/40153] INFO  ozone.MiniOzoneClusterImpl (MiniOzoneClusterImpl.java:lambda$waitForClusterToBeReady$0(222)) - Waiting for cluster to exit safe mode
2022-03-08 02:52:05,859 [Listener at 127.0.0.1/40153] INFO  ozone.MiniOzoneClusterImpl (MiniOzoneClusterImpl.java:lambda$waitForClusterToBeReady$0(224)) - SCM became leader
2022-03-08 02:52:06,859 [Listener at 127.0.0.1/40153] INFO  ozone.MiniOzoneClusterImpl (MiniOzoneClusterImpl.java:lambda$waitForClusterToBeReady$0(219)) - Nodes are ready. Got 3 of 3 DN Heartbeats.
2022-03-08 02:52:06,859 [Listener at 127.0.0.1/40153] INFO  ozone.MiniOzoneClusterImpl (MiniOzoneClusterImpl.java:lambda$waitForClusterToBeReady$0(222)) - Waiting for cluster to exit safe mode
2022-03-08 02:52:06,859 [Listener at 127.0.0.1/40153] INFO  ozone.MiniOzoneClusterImpl (MiniOzoneClusterImpl.java:lambda$waitForClusterToBeReady$0(224)) - SCM became leader
2022-03-08 02:52:07,211 [7342fea1-774e-439b-933d-8d39f93ca642@group-779FC6785961-FollowerState] INFO  impl.FollowerState (FollowerState.java:run(134)) - 7342fea1-774e-439b-933d-8d39f93ca642@group-779FC6785961-FollowerState: change to CANDIDATE, lastRpcElapsedTime:5063437136ns, electionTimeout:5053ms
2022-03-08 02:52:07,211 [7342fea1-774e-439b-933d-8d39f93ca642@group-779FC6785961-FollowerState] INFO  impl.RoleInfo (RoleInfo.java:shutdownFollowerState(108)) - 7342fea1-774e-439b-933d-8d39f93ca642: shutdown 7342fea1-774e-439b-933d-8d39f93ca642@group-779FC6785961-FollowerState
2022-03-08 02:52:07,211 [7342fea1-774e-439b-933d-8d39f93ca642@group-779FC6785961-FollowerState] INFO  server.RaftServer$Division (RaftServerImpl.java:setRole(290)) - 7342fea1-774e-439b-933d-8d39f93ca642@group-779FC6785961: changes role from  FOLLOWER to CANDIDATE at term 1 for changeToCandidate
2022-03-08 02:52:07,211 [7342fea1-774e-439b-933d-8d39f93ca642@group-779FC6785961-FollowerState] INFO  server.RaftServerConfigKeys (ConfUtils.java:logGet(44)) - raft.server.leaderelection.pre-vote = false (custom)
2022-03-08 02:52:07,211 [7342fea1-774e-439b-933d-8d39f93ca642@group-779FC6785961-FollowerState] INFO  impl.RoleInfo (RoleInfo.java:updateAndGet(130)) - 7342fea1-774e-439b-933d-8d39f93ca642: start 7342fea1-774e-439b-933d-8d39f93ca642@group-779FC6785961-LeaderElection19
2022-03-08 02:52:07,221 [7342fea1-774e-439b-933d-8d39f93ca642@group-779FC6785961-LeaderElection19] INFO  impl.LeaderElection (LeaderElection.java:askForVotes(306)) - 7342fea1-774e-439b-933d-8d39f93ca642@group-779FC6785961-LeaderElection19 ELECTION round 0: submit vote requests at term 2 for -1: [b2e56fe9-8c58-4ee8-92f7-465001393f8b|rpc:10.1.0.13:34551|dataStream:|priority:0, 7342fea1-774e-439b-933d-8d39f93ca642|rpc:10.1.0.13:33197|dataStream:|priority:0, 9e5b02fd-85e2-48c6-aea1-125703e1c6f5|rpc:10.1.0.13:35265|dataStream:|priority:1], old=null
2022-03-08 02:52:07,256 [grpc-default-executor-1] INFO  server.RaftServer$Division (RaftServerImpl.java:requestVote(1046)) - 9e5b02fd-85e2-48c6-aea1-125703e1c6f5@group-779FC6785961: receive requestVote(ELECTION, 7342fea1-774e-439b-933d-8d39f93ca642, group-779FC6785961, 2, (t:0, i:0))
2022-03-08 02:52:07,256 [grpc-default-executor-1] INFO  impl.VoteContext (VoteContext.java:log(48)) - 9e5b02fd-85e2-48c6-aea1-125703e1c6f5@group-779FC6785961-FOLLOWER: reject ELECTION from 7342fea1-774e-439b-933d-8d39f93ca642: our priority 1 > candidate's priority 0
2022-03-08 02:52:07,257 [grpc-default-executor-1] INFO  server.RaftServer$Division (RaftServerImpl.java:setRole(290)) - 9e5b02fd-85e2-48c6-aea1-125703e1c6f5@group-779FC6785961: changes role from  FOLLOWER to FOLLOWER at term 2 for candidate:7342fea1-774e-439b-933d-8d39f93ca642
2022-03-08 02:52:07,257 [grpc-default-executor-1] INFO  impl.RoleInfo (RoleInfo.java:shutdownFollowerState(108)) - 9e5b02fd-85e2-48c6-aea1-125703e1c6f5: shutdown 9e5b02fd-85e2-48c6-aea1-125703e1c6f5@group-779FC6785961-FollowerState
2022-03-08 02:52:07,257 [grpc-default-executor-1] INFO  impl.RoleInfo (RoleInfo.java:updateAndGet(130)) - 9e5b02fd-85e2-48c6-aea1-125703e1c6f5: start 9e5b02fd-85e2-48c6-aea1-125703e1c6f5@group-779FC6785961-FollowerState
2022-03-08 02:52:07,257 [9e5b02fd-85e2-48c6-aea1-125703e1c6f5@group-779FC6785961-FollowerState] INFO  impl.FollowerState (FollowerState.java:run(143)) - 9e5b02fd-85e2-48c6-aea1-125703e1c6f5@group-779FC6785961-FollowerState was interrupted: {}
java.lang.InterruptedException: sleep interrupted
	at java.lang.Thread.sleep(Native Method)
	at java.lang.Thread.sleep(Thread.java:342)
	at java.util.concurrent.TimeUnit.sleep(TimeUnit.java:386)
	at org.apache.ratis.util.TimeDuration.sleep(TimeDuration.java:324)
	at org.apache.ratis.util.TimeDuration.sleep(TimeDuration.java:309)
	at org.apache.ratis.server.impl.FollowerState.run(FollowerState.java:118)
2022-03-08 02:52:07,270 [grpc-default-executor-0] INFO  server.RaftServer$Division (RaftServerImpl.java:requestVote(1046)) - b2e56fe9-8c58-4ee8-92f7-465001393f8b@group-779FC6785961: receive requestVote(ELECTION, 7342fea1-774e-439b-933d-8d39f93ca642, group-779FC6785961, 2, (t:0, i:0))
2022-03-08 02:52:07,270 [grpc-default-executor-0] INFO  impl.VoteContext (VoteContext.java:log(48)) - b2e56fe9-8c58-4ee8-92f7-465001393f8b@group-779FC6785961-FOLLOWER: accept ELECTION from 7342fea1-774e-439b-933d-8d39f93ca642: our priority 0 <= candidate's priority 0
2022-03-08 02:52:07,270 [grpc-default-executor-0] INFO  server.RaftServer$Division (RaftServerImpl.java:setRole(290)) - b2e56fe9-8c58-4ee8-92f7-465001393f8b@group-779FC6785961: changes role from  FOLLOWER to FOLLOWER at term 2 for candidate:7342fea1-774e-439b-933d-8d39f93ca642
2022-03-08 02:52:07,270 [grpc-default-executor-0] INFO  impl.RoleInfo (RoleInfo.java:shutdownFollowerState(108)) - b2e56fe9-8c58-4ee8-92f7-465001393f8b: shutdown b2e56fe9-8c58-4ee8-92f7-465001393f8b@group-779FC6785961-FollowerState
2022-03-08 02:52:07,271 [grpc-default-executor-0] INFO  impl.RoleInfo (RoleInfo.java:updateAndGet(130)) - b2e56fe9-8c58-4ee8-92f7-465001393f8b: start b2e56fe9-8c58-4ee8-92f7-465001393f8b@group-779FC6785961-FollowerState
2022-03-08 02:52:07,271 [b2e56fe9-8c58-4ee8-92f7-465001393f8b@group-779FC6785961-FollowerState] INFO  impl.FollowerState (FollowerState.java:run(143)) - b2e56fe9-8c58-4ee8-92f7-465001393f8b@group-779FC6785961-FollowerState was interrupted: {}
java.lang.InterruptedException: sleep interrupted
	at java.lang.Thread.sleep(Native Method)
	at java.lang.Thread.sleep(Thread.java:342)
	at java.util.concurrent.TimeUnit.sleep(TimeUnit.java:386)
	at org.apache.ratis.util.TimeDuration.sleep(TimeDuration.java:324)
	at org.apache.ratis.util.TimeDuration.sleep(TimeDuration.java:309)
	at org.apache.ratis.server.impl.FollowerState.run(FollowerState.java:118)
2022-03-08 02:52:07,278 [grpc-default-executor-0] INFO  server.RaftServer$Division (RaftServerImpl.java:requestVote(1078)) - b2e56fe9-8c58-4ee8-92f7-465001393f8b@group-779FC6785961 replies to ELECTION vote request: 7342fea1-774e-439b-933d-8d39f93ca642<-b2e56fe9-8c58-4ee8-92f7-465001393f8b#0:OK-t2. Peer's state: b2e56fe9-8c58-4ee8-92f7-465001393f8b@group-779FC6785961:t2, leader=null, voted=7342fea1-774e-439b-933d-8d39f93ca642, raftlog=b2e56fe9-8c58-4ee8-92f7-465001393f8b@group-779FC6785961-SegmentedRaftLog:OPENED:c-1, conf=-1: [b2e56fe9-8c58-4ee8-92f7-465001393f8b|rpc:10.1.0.13:34551|priority:0, 7342fea1-774e-439b-933d-8d39f93ca642|rpc:10.1.0.13:33197|priority:0, 9e5b02fd-85e2-48c6-aea1-125703e1c6f5|rpc:10.1.0.13:35265|priority:1], old=null
2022-03-08 02:52:07,278 [grpc-default-executor-1] INFO  server.RaftServer$Division (RaftServerImpl.java:requestVote(1078)) - 9e5b02fd-85e2-48c6-aea1-125703e1c6f5@group-779FC6785961 replies to ELECTION vote request: 7342fea1-774e-439b-933d-8d39f93ca642<-9e5b02fd-85e2-48c6-aea1-125703e1c6f5#0:FAIL-t2. Peer's state: 9e5b02fd-85e2-48c6-aea1-125703e1c6f5@group-779FC6785961:t2, leader=null, voted=null, raftlog=9e5b02fd-85e2-48c6-aea1-125703e1c6f5@group-779FC6785961-SegmentedRaftLog:OPENED:c-1, conf=-1: [b2e56fe9-8c58-4ee8-92f7-465001393f8b|rpc:10.1.0.13:34551|dataStream:|priority:0, 7342fea1-774e-439b-933d-8d39f93ca642|rpc:10.1.0.13:33197|dataStream:|priority:0, 9e5b02fd-85e2-48c6-aea1-125703e1c6f5|rpc:10.1.0.13:35265|dataStream:|priority:1], old=null
2022-03-08 02:52:07,294 [7342fea1-774e-439b-933d-8d39f93ca642@group-779FC6785961-LeaderElection19] INFO  impl.LeaderElection (LeaderElection.java:logAndReturn(89)) - 7342fea1-774e-439b-933d-8d39f93ca642@group-779FC6785961-LeaderElection19: ELECTION REJECTED received 2 response(s) and 0 exception(s):
2022-03-08 02:52:07,295 [7342fea1-774e-439b-933d-8d39f93ca642@group-779FC6785961-LeaderElection19] INFO  impl.LeaderElection (LeaderElection.java:logAndReturn(93)) -   Response 0: 7342fea1-774e-439b-933d-8d39f93ca642<-b2e56fe9-8c58-4ee8-92f7-465001393f8b#0:OK-t2
2022-03-08 02:52:07,295 [7342fea1-774e-439b-933d-8d39f93ca642@group-779FC6785961-LeaderElection19] INFO  impl.LeaderElection (LeaderElection.java:logAndReturn(93)) -   Response 1: 7342fea1-774e-439b-933d-8d39f93ca642<-9e5b02fd-85e2-48c6-aea1-125703e1c6f5#0:FAIL-t2
2022-03-08 02:52:07,295 [7342fea1-774e-439b-933d-8d39f93ca642@group-779FC6785961-LeaderElection19] INFO  impl.LeaderElection (LeaderElection.java:askForVotes(308)) - 7342fea1-774e-439b-933d-8d39f93ca642@group-779FC6785961-LeaderElection19 ELECTION round 0: result REJECTED
2022-03-08 02:52:07,296 [7342fea1-774e-439b-933d-8d39f93ca642@group-779FC6785961-LeaderElection19] INFO  server.RaftServer$Division (RaftServerImpl.java:setRole(290)) - 7342fea1-774e-439b-933d-8d39f93ca642@group-779FC6785961: changes role from CANDIDATE to FOLLOWER at term 2 for REJECTED
2022-03-08 02:52:07,299 [7342fea1-774e-439b-933d-8d39f93ca642@group-779FC6785961-LeaderElection19] INFO  impl.RoleInfo (RoleInfo.java:shutdownLeaderElection(121)) - 7342fea1-774e-439b-933d-8d39f93ca642: shutdown 7342fea1-774e-439b-933d-8d39f93ca642@group-779FC6785961-LeaderElection19
2022-03-08 02:52:07,299 [7342fea1-774e-439b-933d-8d39f93ca642@group-779FC6785961-LeaderElection19] INFO  impl.RoleInfo (RoleInfo.java:updateAndGet(130)) - 7342fea1-774e-439b-933d-8d39f93ca642: start 7342fea1-774e-439b-933d-8d39f93ca642@group-779FC6785961-FollowerState
2022-03-08 02:52:07,860 [Listener at 127.0.0.1/40153] INFO  ozone.MiniOzoneClusterImpl (MiniOzoneClusterImpl.java:lambda$waitForClusterToBeReady$0(219)) - Nodes are ready. Got 3 of 3 DN Heartbeats.
2022-03-08 02:52:07,861 [Listener at 127.0.0.1/40153] INFO  ozone.MiniOzoneClusterImpl (MiniOzoneClusterImpl.java:lambda$waitForClusterToBeReady$0(222)) - Waiting for cluster to exit safe mode
2022-03-08 02:52:07,861 [Listener at 127.0.0.1/40153] INFO  ozone.MiniOzoneClusterImpl (MiniOzoneClusterImpl.java:lambda$waitForClusterToBeReady$0(224)) - SCM became leader
2022-03-08 02:52:08,862 [Listener at 127.0.0.1/40153] INFO  ozone.MiniOzoneClusterImpl (MiniOzoneClusterImpl.java:lambda$waitForClusterToBeReady$0(219)) - Nodes are ready. Got 3 of 3 DN Heartbeats.
2022-03-08 02:52:08,862 [Listener at 127.0.0.1/40153] INFO  ozone.MiniOzoneClusterImpl (MiniOzoneClusterImpl.java:lambda$waitForClusterToBeReady$0(222)) - Waiting for cluster to exit safe mode
2022-03-08 02:52:08,862 [Listener at 127.0.0.1/40153] INFO  ozone.MiniOzoneClusterImpl (MiniOzoneClusterImpl.java:lambda$waitForClusterToBeReady$0(224)) - SCM became leader
2022-03-08 02:52:09,862 [Listener at 127.0.0.1/40153] INFO  ozone.MiniOzoneClusterImpl (MiniOzoneClusterImpl.java:lambda$waitForClusterToBeReady$0(219)) - Nodes are ready. Got 3 of 3 DN Heartbeats.
2022-03-08 02:52:09,862 [Listener at 127.0.0.1/40153] INFO  ozone.MiniOzoneClusterImpl (MiniOzoneClusterImpl.java:lambda$waitForClusterToBeReady$0(222)) - Waiting for cluster to exit safe mode
2022-03-08 02:52:09,862 [Listener at 127.0.0.1/40153] INFO  ozone.MiniOzoneClusterImpl (MiniOzoneClusterImpl.java:lambda$waitForClusterToBeReady$0(224)) - SCM became leader
2022-03-08 02:52:10,863 [Listener at 127.0.0.1/40153] INFO  ozone.MiniOzoneClusterImpl (MiniOzoneClusterImpl.java:lambda$waitForClusterToBeReady$0(219)) - Nodes are ready. Got 3 of 3 DN Heartbeats.
2022-03-08 02:52:10,863 [Listener at 127.0.0.1/40153] INFO  ozone.MiniOzoneClusterImpl (MiniOzoneClusterImpl.java:lambda$waitForClusterToBeReady$0(222)) - Waiting for cluster to exit safe mode
2022-03-08 02:52:10,863 [Listener at 127.0.0.1/40153] INFO  ozone.MiniOzoneClusterImpl (MiniOzoneClusterImpl.java:lambda$waitForClusterToBeReady$0(224)) - SCM became leader
2022-03-08 02:52:11,863 [Listener at 127.0.0.1/40153] INFO  ozone.MiniOzoneClusterImpl (MiniOzoneClusterImpl.java:lambda$waitForClusterToBeReady$0(219)) - Nodes are ready. Got 3 of 3 DN Heartbeats.
2022-03-08 02:52:11,863 [Listener at 127.0.0.1/40153] INFO  ozone.MiniOzoneClusterImpl (MiniOzoneClusterImpl.java:lambda$waitForClusterToBeReady$0(222)) - Waiting for cluster to exit safe mode
2022-03-08 02:52:11,863 [Listener at 127.0.0.1/40153] INFO  ozone.MiniOzoneClusterImpl (MiniOzoneClusterImpl.java:lambda$waitForClusterToBeReady$0(224)) - SCM became leader
2022-03-08 02:52:12,381 [7342fea1-774e-439b-933d-8d39f93ca642@group-779FC6785961-FollowerState] INFO  impl.FollowerState (FollowerState.java:run(134)) - 7342fea1-774e-439b-933d-8d39f93ca642@group-779FC6785961-FollowerState: change to CANDIDATE, lastRpcElapsedTime:5082023327ns, electionTimeout:5070ms
2022-03-08 02:52:12,381 [7342fea1-774e-439b-933d-8d39f93ca642@group-779FC6785961-FollowerState] INFO  impl.RoleInfo (RoleInfo.java:shutdownFollowerState(108)) - 7342fea1-774e-439b-933d-8d39f93ca642: shutdown 7342fea1-774e-439b-933d-8d39f93ca642@group-779FC6785961-FollowerState
2022-03-08 02:52:12,381 [7342fea1-774e-439b-933d-8d39f93ca642@group-779FC6785961-FollowerState] INFO  server.RaftServer$Division (RaftServerImpl.java:setRole(290)) - 7342fea1-774e-439b-933d-8d39f93ca642@group-779FC6785961: changes role from  FOLLOWER to CANDIDATE at term 2 for changeToCandidate
2022-03-08 02:52:12,382 [7342fea1-774e-439b-933d-8d39f93ca642@group-779FC6785961-FollowerState] INFO  server.RaftServerConfigKeys (ConfUtils.java:logGet(44)) - raft.server.leaderelection.pre-vote = false (custom)
2022-03-08 02:52:12,382 [7342fea1-774e-439b-933d-8d39f93ca642@group-779FC6785961-FollowerState] INFO  impl.RoleInfo (RoleInfo.java:updateAndGet(130)) - 7342fea1-774e-439b-933d-8d39f93ca642: start 7342fea1-774e-439b-933d-8d39f93ca642@group-779FC6785961-LeaderElection20
2022-03-08 02:52:12,388 [7342fea1-774e-439b-933d-8d39f93ca642@group-779FC6785961-LeaderElection20] INFO  impl.LeaderElection (LeaderElection.java:askForVotes(306)) - 7342fea1-774e-439b-933d-8d39f93ca642@group-779FC6785961-LeaderElection20 ELECTION round 0: submit vote requests at term 3 for -1: [b2e56fe9-8c58-4ee8-92f7-465001393f8b|rpc:10.1.0.13:34551|dataStream:|priority:0, 7342fea1-774e-439b-933d-8d39f93ca642|rpc:10.1.0.13:33197|dataStream:|priority:0, 9e5b02fd-85e2-48c6-aea1-125703e1c6f5|rpc:10.1.0.13:35265|dataStream:|priority:1], old=null
2022-03-08 02:52:12,394 [grpc-default-executor-1] INFO  server.RaftServer$Division (RaftServerImpl.java:requestVote(1046)) - b2e56fe9-8c58-4ee8-92f7-465001393f8b@group-779FC6785961: receive requestVote(ELECTION, 7342fea1-774e-439b-933d-8d39f93ca642, group-779FC6785961, 3, (t:0, i:0))
2022-03-08 02:52:12,394 [grpc-default-executor-1] INFO  impl.VoteContext (VoteContext.java:log(48)) - b2e56fe9-8c58-4ee8-92f7-465001393f8b@group-779FC6785961-FOLLOWER: accept ELECTION from 7342fea1-774e-439b-933d-8d39f93ca642: our priority 0 <= candidate's priority 0
2022-03-08 02:52:12,394 [grpc-default-executor-1] INFO  server.RaftServer$Division (RaftServerImpl.java:setRole(290)) - b2e56fe9-8c58-4ee8-92f7-465001393f8b@group-779FC6785961: changes role from  FOLLOWER to FOLLOWER at term 3 for candidate:7342fea1-774e-439b-933d-8d39f93ca642
2022-03-08 02:52:12,394 [grpc-default-executor-1] INFO  impl.RoleInfo (RoleInfo.java:shutdownFollowerState(108)) - b2e56fe9-8c58-4ee8-92f7-465001393f8b: shutdown b2e56fe9-8c58-4ee8-92f7-465001393f8b@group-779FC6785961-FollowerState
2022-03-08 02:52:12,395 [grpc-default-executor-1] INFO  impl.RoleInfo (RoleInfo.java:updateAndGet(130)) - b2e56fe9-8c58-4ee8-92f7-465001393f8b: start b2e56fe9-8c58-4ee8-92f7-465001393f8b@group-779FC6785961-FollowerState
2022-03-08 02:52:12,395 [b2e56fe9-8c58-4ee8-92f7-465001393f8b@group-779FC6785961-FollowerState] INFO  impl.FollowerState (FollowerState.java:run(143)) - b2e56fe9-8c58-4ee8-92f7-465001393f8b@group-779FC6785961-FollowerState was interrupted: {}
java.lang.InterruptedException: sleep interrupted
	at java.lang.Thread.sleep(Native Method)
	at java.lang.Thread.sleep(Thread.java:342)
	at java.util.concurrent.TimeUnit.sleep(TimeUnit.java:386)
	at org.apache.ratis.util.TimeDuration.sleep(TimeDuration.java:324)
	at org.apache.ratis.util.TimeDuration.sleep(TimeDuration.java:309)
	at org.apache.ratis.server.impl.FollowerState.run(FollowerState.java:118)
2022-03-08 02:52:12,396 [grpc-default-executor-1] INFO  server.RaftServer$Division (RaftServerImpl.java:requestVote(1078)) - b2e56fe9-8c58-4ee8-92f7-465001393f8b@group-779FC6785961 replies to ELECTION vote request: 7342fea1-774e-439b-933d-8d39f93ca642<-b2e56fe9-8c58-4ee8-92f7-465001393f8b#0:OK-t3. Peer's state: b2e56fe9-8c58-4ee8-92f7-465001393f8b@group-779FC6785961:t3, leader=null, voted=7342fea1-774e-439b-933d-8d39f93ca642, raftlog=b2e56fe9-8c58-4ee8-92f7-465001393f8b@group-779FC6785961-SegmentedRaftLog:OPENED:c-1, conf=-1: [b2e56fe9-8c58-4ee8-92f7-465001393f8b|rpc:10.1.0.13:34551|priority:0, 7342fea1-774e-439b-933d-8d39f93ca642|rpc:10.1.0.13:33197|priority:0, 9e5b02fd-85e2-48c6-aea1-125703e1c6f5|rpc:10.1.0.13:35265|priority:1], old=null
2022-03-08 02:52:12,418 [grpc-default-executor-0] INFO  server.RaftServer$Division (RaftServerImpl.java:requestVote(1046)) - 9e5b02fd-85e2-48c6-aea1-125703e1c6f5@group-779FC6785961: receive requestVote(ELECTION, 7342fea1-774e-439b-933d-8d39f93ca642, group-779FC6785961, 3, (t:0, i:0))
2022-03-08 02:52:12,420 [grpc-default-executor-0] INFO  impl.VoteContext (VoteContext.java:log(48)) - 9e5b02fd-85e2-48c6-aea1-125703e1c6f5@group-779FC6785961-FOLLOWER: reject ELECTION from 7342fea1-774e-439b-933d-8d39f93ca642: our priority 1 > candidate's priority 0
2022-03-08 02:52:12,420 [grpc-default-executor-0] INFO  server.RaftServer$Division (RaftServerImpl.java:setRole(290)) - 9e5b02fd-85e2-48c6-aea1-125703e1c6f5@group-779FC6785961: changes role from  FOLLOWER to FOLLOWER at term 3 for candidate:7342fea1-774e-439b-933d-8d39f93ca642
2022-03-08 02:52:12,421 [grpc-default-executor-0] INFO  impl.RoleInfo (RoleInfo.java:shutdownFollowerState(108)) - 9e5b02fd-85e2-48c6-aea1-125703e1c6f5: shutdown 9e5b02fd-85e2-48c6-aea1-125703e1c6f5@group-779FC6785961-FollowerState
2022-03-08 02:52:12,421 [grpc-default-executor-0] INFO  impl.RoleInfo (RoleInfo.java:updateAndGet(130)) - 9e5b02fd-85e2-48c6-aea1-125703e1c6f5: start 9e5b02fd-85e2-48c6-aea1-125703e1c6f5@group-779FC6785961-FollowerState
2022-03-08 02:52:12,421 [9e5b02fd-85e2-48c6-aea1-125703e1c6f5@group-779FC6785961-FollowerState] INFO  impl.FollowerState (FollowerState.java:run(143)) - 9e5b02fd-85e2-48c6-aea1-125703e1c6f5@group-779FC6785961-FollowerState was interrupted: {}
java.lang.InterruptedException: sleep interrupted
	at java.lang.Thread.sleep(Native Method)
	at java.lang.Thread.sleep(Thread.java:342)
	at java.util.concurrent.TimeUnit.sleep(TimeUnit.java:386)
	at org.apache.ratis.util.TimeDuration.sleep(TimeDuration.java:324)
	at org.apache.ratis.util.TimeDuration.sleep(TimeDuration.java:309)
	at org.apache.ratis.server.impl.FollowerState.run(FollowerState.java:118)
2022-03-08 02:52:12,423 [grpc-default-executor-0] INFO  server.RaftServer$Division (RaftServerImpl.java:requestVote(1078)) - 9e5b02fd-85e2-48c6-aea1-125703e1c6f5@group-779FC6785961 replies to ELECTION vote request: 7342fea1-774e-439b-933d-8d39f93ca642<-9e5b02fd-85e2-48c6-aea1-125703e1c6f5#0:FAIL-t3. Peer's state: 9e5b02fd-85e2-48c6-aea1-125703e1c6f5@group-779FC6785961:t3, leader=null, voted=null, raftlog=9e5b02fd-85e2-48c6-aea1-125703e1c6f5@group-779FC6785961-SegmentedRaftLog:OPENED:c-1, conf=-1: [b2e56fe9-8c58-4ee8-92f7-465001393f8b|rpc:10.1.0.13:34551|dataStream:|priority:0, 7342fea1-774e-439b-933d-8d39f93ca642|rpc:10.1.0.13:33197|dataStream:|priority:0, 9e5b02fd-85e2-48c6-aea1-125703e1c6f5|rpc:10.1.0.13:35265|dataStream:|priority:1], old=null
2022-03-08 02:52:12,425 [7342fea1-774e-439b-933d-8d39f93ca642@group-779FC6785961-LeaderElection20] INFO  impl.LeaderElection (LeaderElection.java:logAndReturn(89)) - 7342fea1-774e-439b-933d-8d39f93ca642@group-779FC6785961-LeaderElection20: ELECTION REJECTED received 2 response(s) and 0 exception(s):
2022-03-08 02:52:12,425 [7342fea1-774e-439b-933d-8d39f93ca642@group-779FC6785961-LeaderElection20] INFO  impl.LeaderElection (LeaderElection.java:logAndReturn(93)) -   Response 0: 7342fea1-774e-439b-933d-8d39f93ca642<-b2e56fe9-8c58-4ee8-92f7-465001393f8b#0:OK-t3
2022-03-08 02:52:12,425 [7342fea1-774e-439b-933d-8d39f93ca642@group-779FC6785961-LeaderElection20] INFO  impl.LeaderElection (LeaderElection.java:logAndReturn(93)) -   Response 1: 7342fea1-774e-439b-933d-8d39f93ca642<-9e5b02fd-85e2-48c6-aea1-125703e1c6f5#0:FAIL-t3
2022-03-08 02:52:12,425 [7342fea1-774e-439b-933d-8d39f93ca642@group-779FC6785961-LeaderElection20] INFO  impl.LeaderElection (LeaderElection.java:askForVotes(308)) - 7342fea1-774e-439b-933d-8d39f93ca642@group-779FC6785961-LeaderElection20 ELECTION round 0: result REJECTED
2022-03-08 02:52:12,425 [7342fea1-774e-439b-933d-8d39f93ca642@group-779FC6785961-LeaderElection20] INFO  server.RaftServer$Division (RaftServerImpl.java:setRole(290)) - 7342fea1-774e-439b-933d-8d39f93ca642@group-779FC6785961: changes role from CANDIDATE to FOLLOWER at term 3 for REJECTED
2022-03-08 02:52:12,425 [7342fea1-774e-439b-933d-8d39f93ca642@group-779FC6785961-LeaderElection20] INFO  impl.RoleInfo (RoleInfo.java:shutdownLeaderElection(121)) - 7342fea1-774e-439b-933d-8d39f93ca642: shutdown 7342fea1-774e-439b-933d-8d39f93ca642@group-779FC6785961-LeaderElection20
2022-03-08 02:52:12,425 [7342fea1-774e-439b-933d-8d39f93ca642@group-779FC6785961-LeaderElection20] INFO  impl.RoleInfo (RoleInfo.java:updateAndGet(130)) - 7342fea1-774e-439b-933d-8d39f93ca642: start 7342fea1-774e-439b-933d-8d39f93ca642@group-779FC6785961-FollowerState
2022-03-08 02:52:12,864 [Listener at 127.0.0.1/40153] INFO  ozone.MiniOzoneClusterImpl (MiniOzoneClusterImpl.java:lambda$waitForClusterToBeReady$0(219)) - Nodes are ready. Got 3 of 3 DN Heartbeats.
2022-03-08 02:52:12,865 [Listener at 127.0.0.1/40153] INFO  ozone.MiniOzoneClusterImpl (MiniOzoneClusterImpl.java:lambda$waitForClusterToBeReady$0(222)) - Waiting for cluster to exit safe mode
2022-03-08 02:52:12,865 [Listener at 127.0.0.1/40153] INFO  ozone.MiniOzoneClusterImpl (MiniOzoneClusterImpl.java:lambda$waitForClusterToBeReady$0(224)) - SCM became leader
2022-03-08 02:52:13,865 [Listener at 127.0.0.1/40153] INFO  ozone.MiniOzoneClusterImpl (MiniOzoneClusterImpl.java:lambda$waitForClusterToBeReady$0(219)) - Nodes are ready. Got 3 of 3 DN Heartbeats.
2022-03-08 02:52:13,866 [Listener at 127.0.0.1/40153] INFO  ozone.MiniOzoneClusterImpl (MiniOzoneClusterImpl.java:lambda$waitForClusterToBeReady$0(222)) - Waiting for cluster to exit safe mode
2022-03-08 02:52:13,866 [Listener at 127.0.0.1/40153] INFO  ozone.MiniOzoneClusterImpl (MiniOzoneClusterImpl.java:lambda$waitForClusterToBeReady$0(224)) - SCM became leader
2022-03-08 02:52:14,866 [Listener at 127.0.0.1/40153] INFO  ozone.MiniOzoneClusterImpl (MiniOzoneClusterImpl.java:lambda$waitForClusterToBeReady$0(219)) - Nodes are ready. Got 3 of 3 DN Heartbeats.
2022-03-08 02:52:14,867 [Listener at 127.0.0.1/40153] INFO  ozone.MiniOzoneClusterImpl (MiniOzoneClusterImpl.java:lambda$waitForClusterToBeReady$0(222)) - Waiting for cluster to exit safe mode
2022-03-08 02:52:14,867 [Listener at 127.0.0.1/40153] INFO  ozone.MiniOzoneClusterImpl (MiniOzoneClusterImpl.java:lambda$waitForClusterToBeReady$0(224)) - SCM became leader
2022-03-08 02:52:15,867 [Listener at 127.0.0.1/40153] INFO  ozone.MiniOzoneClusterImpl (MiniOzoneClusterImpl.java:lambda$waitForClusterToBeReady$0(219)) - Nodes are ready. Got 3 of 3 DN Heartbeats.
2022-03-08 02:52:15,867 [Listener at 127.0.0.1/40153] INFO  ozone.MiniOzoneClusterImpl (MiniOzoneClusterImpl.java:lambda$waitForClusterToBeReady$0(222)) - Waiting for cluster to exit safe mode
2022-03-08 02:52:15,867 [Listener at 127.0.0.1/40153] INFO  ozone.MiniOzoneClusterImpl (MiniOzoneClusterImpl.java:lambda$waitForClusterToBeReady$0(224)) - SCM became leader
2022-03-08 02:52:16,867 [Listener at 127.0.0.1/40153] INFO  ozone.MiniOzoneClusterImpl (MiniOzoneClusterImpl.java:lambda$waitForClusterToBeReady$0(219)) - Nodes are ready. Got 3 of 3 DN Heartbeats.
2022-03-08 02:52:16,868 [Listener at 127.0.0.1/40153] INFO  ozone.MiniOzoneClusterImpl (MiniOzoneClusterImpl.java:lambda$waitForClusterToBeReady$0(222)) - Waiting for cluster to exit safe mode
2022-03-08 02:52:16,868 [Listener at 127.0.0.1/40153] INFO  ozone.MiniOzoneClusterImpl (MiniOzoneClusterImpl.java:lambda$waitForClusterToBeReady$0(224)) - SCM became leader
2022-03-08 02:52:17,572 [9e5b02fd-85e2-48c6-aea1-125703e1c6f5@group-779FC6785961-FollowerState] INFO  impl.FollowerState (FollowerState.java:run(134)) - 9e5b02fd-85e2-48c6-aea1-125703e1c6f5@group-779FC6785961-FollowerState: change to CANDIDATE, lastRpcElapsedTime:5151717578ns, electionTimeout:5143ms
2022-03-08 02:52:17,573 [9e5b02fd-85e2-48c6-aea1-125703e1c6f5@group-779FC6785961-FollowerState] INFO  impl.RoleInfo (RoleInfo.java:shutdownFollowerState(108)) - 9e5b02fd-85e2-48c6-aea1-125703e1c6f5: shutdown 9e5b02fd-85e2-48c6-aea1-125703e1c6f5@group-779FC6785961-FollowerState
2022-03-08 02:52:17,573 [9e5b02fd-85e2-48c6-aea1-125703e1c6f5@group-779FC6785961-FollowerState] INFO  server.RaftServer$Division (RaftServerImpl.java:setRole(290)) - 9e5b02fd-85e2-48c6-aea1-125703e1c6f5@group-779FC6785961: changes role from  FOLLOWER to CANDIDATE at term 3 for changeToCandidate
2022-03-08 02:52:17,573 [9e5b02fd-85e2-48c6-aea1-125703e1c6f5@group-779FC6785961-FollowerState] INFO  server.RaftServerConfigKeys (ConfUtils.java:logGet(44)) - raft.server.leaderelection.pre-vote = false (custom)
2022-03-08 02:52:17,573 [9e5b02fd-85e2-48c6-aea1-125703e1c6f5@group-779FC6785961-FollowerState] INFO  impl.RoleInfo (RoleInfo.java:updateAndGet(130)) - 9e5b02fd-85e2-48c6-aea1-125703e1c6f5: start 9e5b02fd-85e2-48c6-aea1-125703e1c6f5@group-779FC6785961-LeaderElection21
2022-03-08 02:52:17,579 [b2e56fe9-8c58-4ee8-92f7-465001393f8b@group-779FC6785961-FollowerState] INFO  impl.FollowerState (FollowerState.java:run(134)) - b2e56fe9-8c58-4ee8-92f7-465001393f8b@group-779FC6785961-FollowerState: change to CANDIDATE, lastRpcElapsedTime:5182924120ns, electionTimeout:5167ms
2022-03-08 02:52:17,579 [b2e56fe9-8c58-4ee8-92f7-465001393f8b@group-779FC6785961-FollowerState] INFO  impl.RoleInfo (RoleInfo.java:shutdownFollowerState(108)) - b2e56fe9-8c58-4ee8-92f7-465001393f8b: shutdown b2e56fe9-8c58-4ee8-92f7-465001393f8b@group-779FC6785961-FollowerState
2022-03-08 02:52:17,579 [b2e56fe9-8c58-4ee8-92f7-465001393f8b@group-779FC6785961-FollowerState] INFO  server.RaftServer$Division (RaftServerImpl.java:setRole(290)) - b2e56fe9-8c58-4ee8-92f7-465001393f8b@group-779FC6785961: changes role from  FOLLOWER to CANDIDATE at term 3 for changeToCandidate
2022-03-08 02:52:17,579 [b2e56fe9-8c58-4ee8-92f7-465001393f8b@group-779FC6785961-FollowerState] INFO  server.RaftServerConfigKeys (ConfUtils.java:logGet(44)) - raft.server.leaderelection.pre-vote = false (custom)
2022-03-08 02:52:17,579 [b2e56fe9-8c58-4ee8-92f7-465001393f8b@group-779FC6785961-FollowerState] INFO  impl.RoleInfo (RoleInfo.java:updateAndGet(130)) - b2e56fe9-8c58-4ee8-92f7-465001393f8b: start b2e56fe9-8c58-4ee8-92f7-465001393f8b@group-779FC6785961-LeaderElection22
2022-03-08 02:52:17,590 [9e5b02fd-85e2-48c6-aea1-125703e1c6f5@group-779FC6785961-LeaderElection21] INFO  impl.LeaderElection (LeaderElection.java:askForVotes(306)) - 9e5b02fd-85e2-48c6-aea1-125703e1c6f5@group-779FC6785961-LeaderElection21 ELECTION round 0: submit vote requests at term 4 for -1: [b2e56fe9-8c58-4ee8-92f7-465001393f8b|rpc:10.1.0.13:34551|dataStream:|priority:0, 7342fea1-774e-439b-933d-8d39f93ca642|rpc:10.1.0.13:33197|dataStream:|priority:0, 9e5b02fd-85e2-48c6-aea1-125703e1c6f5|rpc:10.1.0.13:35265|dataStream:|priority:1], old=null
2022-03-08 02:52:17,594 [7342fea1-774e-439b-933d-8d39f93ca642@group-779FC6785961-FollowerState] INFO  impl.FollowerState (FollowerState.java:run(134)) - 7342fea1-774e-439b-933d-8d39f93ca642@group-779FC6785961-FollowerState: change to CANDIDATE, lastRpcElapsedTime:5168837466ns, electionTimeout:5164ms
2022-03-08 02:52:17,594 [7342fea1-774e-439b-933d-8d39f93ca642@group-779FC6785961-FollowerState] INFO  impl.RoleInfo (RoleInfo.java:shutdownFollowerState(108)) - 7342fea1-774e-439b-933d-8d39f93ca642: shutdown 7342fea1-774e-439b-933d-8d39f93ca642@group-779FC6785961-FollowerState
2022-03-08 02:52:17,594 [7342fea1-774e-439b-933d-8d39f93ca642@group-779FC6785961-FollowerState] INFO  server.RaftServer$Division (RaftServerImpl.java:setRole(290)) - 7342fea1-774e-439b-933d-8d39f93ca642@group-779FC6785961: changes role from  FOLLOWER to CANDIDATE at term 3 for changeToCandidate
2022-03-08 02:52:17,604 [7342fea1-774e-439b-933d-8d39f93ca642@group-779FC6785961-FollowerState] INFO  server.RaftServerConfigKeys (ConfUtils.java:logGet(44)) - raft.server.leaderelection.pre-vote = false (custom)
2022-03-08 02:52:17,604 [7342fea1-774e-439b-933d-8d39f93ca642@group-779FC6785961-FollowerState] INFO  impl.RoleInfo (RoleInfo.java:updateAndGet(130)) - 7342fea1-774e-439b-933d-8d39f93ca642: start 7342fea1-774e-439b-933d-8d39f93ca642@group-779FC6785961-LeaderElection23
2022-03-08 02:52:17,611 [b2e56fe9-8c58-4ee8-92f7-465001393f8b@group-779FC6785961-LeaderElection22] INFO  impl.LeaderElection (LeaderElection.java:askForVotes(306)) - b2e56fe9-8c58-4ee8-92f7-465001393f8b@group-779FC6785961-LeaderElection22 ELECTION round 0: submit vote requests at term 4 for -1: [b2e56fe9-8c58-4ee8-92f7-465001393f8b|rpc:10.1.0.13:34551|priority:0, 7342fea1-774e-439b-933d-8d39f93ca642|rpc:10.1.0.13:33197|priority:0, 9e5b02fd-85e2-48c6-aea1-125703e1c6f5|rpc:10.1.0.13:35265|priority:1], old=null
2022-03-08 02:52:17,633 [7342fea1-774e-439b-933d-8d39f93ca642@group-779FC6785961-LeaderElection23] INFO  impl.LeaderElection (LeaderElection.java:askForVotes(306)) - 7342fea1-774e-439b-933d-8d39f93ca642@group-779FC6785961-LeaderElection23 ELECTION round 0: submit vote requests at term 4 for -1: [b2e56fe9-8c58-4ee8-92f7-465001393f8b|rpc:10.1.0.13:34551|dataStream:|priority:0, 7342fea1-774e-439b-933d-8d39f93ca642|rpc:10.1.0.13:33197|dataStream:|priority:0, 9e5b02fd-85e2-48c6-aea1-125703e1c6f5|rpc:10.1.0.13:35265|dataStream:|priority:1], old=null
2022-03-08 02:52:17,641 [grpc-default-executor-1] INFO  server.RaftServer$Division (RaftServerImpl.java:requestVote(1046)) - b2e56fe9-8c58-4ee8-92f7-465001393f8b@group-779FC6785961: receive requestVote(ELECTION, 9e5b02fd-85e2-48c6-aea1-125703e1c6f5, group-779FC6785961, 4, (t:0, i:0))
2022-03-08 02:52:17,641 [grpc-default-executor-1] INFO  impl.VoteContext (VoteContext.java:log(48)) - b2e56fe9-8c58-4ee8-92f7-465001393f8b@group-779FC6785961-CANDIDATE: reject ELECTION from 9e5b02fd-85e2-48c6-aea1-125703e1c6f5: already has voted for b2e56fe9-8c58-4ee8-92f7-465001393f8b at current term 4
2022-03-08 02:52:17,641 [grpc-default-executor-1] INFO  server.RaftServer$Division (RaftServerImpl.java:requestVote(1078)) - b2e56fe9-8c58-4ee8-92f7-465001393f8b@group-779FC6785961 replies to ELECTION vote request: 9e5b02fd-85e2-48c6-aea1-125703e1c6f5<-b2e56fe9-8c58-4ee8-92f7-465001393f8b#0:FAIL-t4. Peer's state: b2e56fe9-8c58-4ee8-92f7-465001393f8b@group-779FC6785961:t4, leader=null, voted=b2e56fe9-8c58-4ee8-92f7-465001393f8b, raftlog=b2e56fe9-8c58-4ee8-92f7-465001393f8b@group-779FC6785961-SegmentedRaftLog:OPENED:c-1, conf=-1: [b2e56fe9-8c58-4ee8-92f7-465001393f8b|rpc:10.1.0.13:34551|priority:0, 7342fea1-774e-439b-933d-8d39f93ca642|rpc:10.1.0.13:33197|priority:0, 9e5b02fd-85e2-48c6-aea1-125703e1c6f5|rpc:10.1.0.13:35265|priority:1], old=null
2022-03-08 02:52:17,652 [grpc-default-executor-3] INFO  server.RaftServer$Division (RaftServerImpl.java:requestVote(1046)) - 7342fea1-774e-439b-933d-8d39f93ca642@group-779FC6785961: receive requestVote(ELECTION, b2e56fe9-8c58-4ee8-92f7-465001393f8b, group-779FC6785961, 4, (t:0, i:0))
2022-03-08 02:52:17,669 [grpc-default-executor-0] INFO  server.RaftServer$Division (RaftServerImpl.java:requestVote(1046)) - b2e56fe9-8c58-4ee8-92f7-465001393f8b@group-779FC6785961: receive requestVote(ELECTION, 7342fea1-774e-439b-933d-8d39f93ca642, group-779FC6785961, 4, (t:0, i:0))
2022-03-08 02:52:17,683 [grpc-default-executor-0] INFO  impl.VoteContext (VoteContext.java:log(48)) - b2e56fe9-8c58-4ee8-92f7-465001393f8b@group-779FC6785961-CANDIDATE: reject ELECTION from 7342fea1-774e-439b-933d-8d39f93ca642: already has voted for b2e56fe9-8c58-4ee8-92f7-465001393f8b at current term 4
2022-03-08 02:52:17,683 [grpc-default-executor-0] INFO  server.RaftServer$Division (RaftServerImpl.java:requestVote(1078)) - b2e56fe9-8c58-4ee8-92f7-465001393f8b@group-779FC6785961 replies to ELECTION vote request: 7342fea1-774e-439b-933d-8d39f93ca642<-b2e56fe9-8c58-4ee8-92f7-465001393f8b#0:FAIL-t4. Peer's state: b2e56fe9-8c58-4ee8-92f7-465001393f8b@group-779FC6785961:t4, leader=null, voted=b2e56fe9-8c58-4ee8-92f7-465001393f8b, raftlog=b2e56fe9-8c58-4ee8-92f7-465001393f8b@group-779FC6785961-SegmentedRaftLog:OPENED:c-1, conf=-1: [b2e56fe9-8c58-4ee8-92f7-465001393f8b|rpc:10.1.0.13:34551|priority:0, 7342fea1-774e-439b-933d-8d39f93ca642|rpc:10.1.0.13:33197|priority:0, 9e5b02fd-85e2-48c6-aea1-125703e1c6f5|rpc:10.1.0.13:35265|priority:1], old=null
2022-03-08 02:52:17,683 [grpc-default-executor-1] INFO  server.RaftServer$Division (RaftServerImpl.java:requestVote(1046)) - 9e5b02fd-85e2-48c6-aea1-125703e1c6f5@group-779FC6785961: receive requestVote(ELECTION, b2e56fe9-8c58-4ee8-92f7-465001393f8b, group-779FC6785961, 4, (t:0, i:0))
2022-03-08 02:52:17,683 [grpc-default-executor-1] INFO  impl.VoteContext (VoteContext.java:log(48)) - 9e5b02fd-85e2-48c6-aea1-125703e1c6f5@group-779FC6785961-CANDIDATE: reject ELECTION from b2e56fe9-8c58-4ee8-92f7-465001393f8b: already has voted for 9e5b02fd-85e2-48c6-aea1-125703e1c6f5 at current term 4
2022-03-08 02:52:17,684 [grpc-default-executor-1] INFO  server.RaftServer$Division (RaftServerImpl.java:requestVote(1078)) - 9e5b02fd-85e2-48c6-aea1-125703e1c6f5@group-779FC6785961 replies to ELECTION vote request: b2e56fe9-8c58-4ee8-92f7-465001393f8b<-9e5b02fd-85e2-48c6-aea1-125703e1c6f5#0:FAIL-t4. Peer's state: 9e5b02fd-85e2-48c6-aea1-125703e1c6f5@group-779FC6785961:t4, leader=null, voted=9e5b02fd-85e2-48c6-aea1-125703e1c6f5, raftlog=9e5b02fd-85e2-48c6-aea1-125703e1c6f5@group-779FC6785961-SegmentedRaftLog:OPENED:c-1, conf=-1: [b2e56fe9-8c58-4ee8-92f7-465001393f8b|rpc:10.1.0.13:34551|dataStream:|priority:0, 7342fea1-774e-439b-933d-8d39f93ca642|rpc:10.1.0.13:33197|dataStream:|priority:0, 9e5b02fd-85e2-48c6-aea1-125703e1c6f5|rpc:10.1.0.13:35265|dataStream:|priority:1], old=null
2022-03-08 02:52:17,683 [grpc-default-executor-4] INFO  server.RaftServer$Division (RaftServerImpl.java:requestVote(1046)) - 7342fea1-774e-439b-933d-8d39f93ca642@group-779FC6785961: receive requestVote(ELECTION, 9e5b02fd-85e2-48c6-aea1-125703e1c6f5, group-779FC6785961, 4, (t:0, i:0))
2022-03-08 02:52:17,676 [grpc-default-executor-3] INFO  impl.VoteContext (VoteContext.java:log(48)) - 7342fea1-774e-439b-933d-8d39f93ca642@group-779FC6785961-CANDIDATE: reject ELECTION from b2e56fe9-8c58-4ee8-92f7-465001393f8b: already has voted for 7342fea1-774e-439b-933d-8d39f93ca642 at current term 4
2022-03-08 02:52:17,685 [b2e56fe9-8c58-4ee8-92f7-465001393f8b@group-779FC6785961-LeaderElection22] INFO  impl.LeaderElection (LeaderElection.java:logAndReturn(89)) - b2e56fe9-8c58-4ee8-92f7-465001393f8b@group-779FC6785961-LeaderElection22: ELECTION REJECTED received 1 response(s) and 0 exception(s):
2022-03-08 02:52:17,688 [grpc-default-executor-3] INFO  server.RaftServer$Division (RaftServerImpl.java:requestVote(1078)) - 7342fea1-774e-439b-933d-8d39f93ca642@group-779FC6785961 replies to ELECTION vote request: b2e56fe9-8c58-4ee8-92f7-465001393f8b<-7342fea1-774e-439b-933d-8d39f93ca642#0:FAIL-t4. Peer's state: 7342fea1-774e-439b-933d-8d39f93ca642@group-779FC6785961:t4, leader=null, voted=7342fea1-774e-439b-933d-8d39f93ca642, raftlog=7342fea1-774e-439b-933d-8d39f93ca642@group-779FC6785961-SegmentedRaftLog:OPENED:c-1, conf=-1: [b2e56fe9-8c58-4ee8-92f7-465001393f8b|rpc:10.1.0.13:34551|dataStream:|priority:0, 7342fea1-774e-439b-933d-8d39f93ca642|rpc:10.1.0.13:33197|dataStream:|priority:0, 9e5b02fd-85e2-48c6-aea1-125703e1c6f5|rpc:10.1.0.13:35265|dataStream:|priority:1], old=null
2022-03-08 02:52:17,688 [b2e56fe9-8c58-4ee8-92f7-465001393f8b@group-779FC6785961-LeaderElection22] INFO  impl.LeaderElection (LeaderElection.java:logAndReturn(93)) -   Response 0: b2e56fe9-8c58-4ee8-92f7-465001393f8b<-9e5b02fd-85e2-48c6-aea1-125703e1c6f5#0:FAIL-t4
2022-03-08 02:52:17,688 [b2e56fe9-8c58-4ee8-92f7-465001393f8b@group-779FC6785961-LeaderElection22] INFO  impl.LeaderElection (LeaderElection.java:askForVotes(308)) - b2e56fe9-8c58-4ee8-92f7-465001393f8b@group-779FC6785961-LeaderElection22 ELECTION round 0: result REJECTED
2022-03-08 02:52:17,688 [b2e56fe9-8c58-4ee8-92f7-465001393f8b@group-779FC6785961-LeaderElection22] INFO  server.RaftServer$Division (RaftServerImpl.java:setRole(290)) - b2e56fe9-8c58-4ee8-92f7-465001393f8b@group-779FC6785961: changes role from CANDIDATE to FOLLOWER at term 4 for REJECTED
2022-03-08 02:52:17,688 [b2e56fe9-8c58-4ee8-92f7-465001393f8b@group-779FC6785961-LeaderElection22] INFO  impl.RoleInfo (RoleInfo.java:shutdownLeaderElection(121)) - b2e56fe9-8c58-4ee8-92f7-465001393f8b: shutdown b2e56fe9-8c58-4ee8-92f7-465001393f8b@group-779FC6785961-LeaderElection22
2022-03-08 02:52:17,688 [b2e56fe9-8c58-4ee8-92f7-465001393f8b@group-779FC6785961-LeaderElection22] INFO  impl.RoleInfo (RoleInfo.java:updateAndGet(130)) - b2e56fe9-8c58-4ee8-92f7-465001393f8b: start b2e56fe9-8c58-4ee8-92f7-465001393f8b@group-779FC6785961-FollowerState
2022-03-08 02:52:17,688 [grpc-default-executor-4] INFO  impl.VoteContext (VoteContext.java:log(48)) - 7342fea1-774e-439b-933d-8d39f93ca642@group-779FC6785961-CANDIDATE: reject ELECTION from 9e5b02fd-85e2-48c6-aea1-125703e1c6f5: already has voted for 7342fea1-774e-439b-933d-8d39f93ca642 at current term 4
2022-03-08 02:52:17,695 [grpc-default-executor-4] INFO  server.RaftServer$Division (RaftServerImpl.java:requestVote(1078)) - 7342fea1-774e-439b-933d-8d39f93ca642@group-779FC6785961 replies to ELECTION vote request: 9e5b02fd-85e2-48c6-aea1-125703e1c6f5<-7342fea1-774e-439b-933d-8d39f93ca642#0:FAIL-t4. Peer's state: 7342fea1-774e-439b-933d-8d39f93ca642@group-779FC6785961:t4, leader=null, voted=7342fea1-774e-439b-933d-8d39f93ca642, raftlog=7342fea1-774e-439b-933d-8d39f93ca642@group-779FC6785961-SegmentedRaftLog:OPENED:c-1, conf=-1: [b2e56fe9-8c58-4ee8-92f7-465001393f8b|rpc:10.1.0.13:34551|dataStream:|priority:0, 7342fea1-774e-439b-933d-8d39f93ca642|rpc:10.1.0.13:33197|dataStream:|priority:0, 9e5b02fd-85e2-48c6-aea1-125703e1c6f5|rpc:10.1.0.13:35265|dataStream:|priority:1], old=null
2022-03-08 02:52:17,697 [9e5b02fd-85e2-48c6-aea1-125703e1c6f5@group-779FC6785961-LeaderElection21] INFO  impl.LeaderElection (LeaderElection.java:logAndReturn(89)) - 9e5b02fd-85e2-48c6-aea1-125703e1c6f5@group-779FC6785961-LeaderElection21: ELECTION REJECTED received 2 response(s) and 0 exception(s):
2022-03-08 02:52:17,697 [9e5b02fd-85e2-48c6-aea1-125703e1c6f5@group-779FC6785961-LeaderElection21] INFO  impl.LeaderElection (LeaderElection.java:logAndReturn(93)) -   Response 0: 9e5b02fd-85e2-48c6-aea1-125703e1c6f5<-b2e56fe9-8c58-4ee8-92f7-465001393f8b#0:FAIL-t4
2022-03-08 02:52:17,697 [9e5b02fd-85e2-48c6-aea1-125703e1c6f5@group-779FC6785961-LeaderElection21] INFO  impl.LeaderElection (LeaderElection.java:logAndReturn(93)) -   Response 1: 9e5b02fd-85e2-48c6-aea1-125703e1c6f5<-7342fea1-774e-439b-933d-8d39f93ca642#0:FAIL-t4
2022-03-08 02:52:17,697 [9e5b02fd-85e2-48c6-aea1-125703e1c6f5@group-779FC6785961-LeaderElection21] INFO  impl.LeaderElection (LeaderElection.java:askForVotes(308)) - 9e5b02fd-85e2-48c6-aea1-125703e1c6f5@group-779FC6785961-LeaderElection21 ELECTION round 0: result REJECTED
2022-03-08 02:52:17,697 [9e5b02fd-85e2-48c6-aea1-125703e1c6f5@group-779FC6785961-LeaderElection21] INFO  server.RaftServer$Division (RaftServerImpl.java:setRole(290)) - 9e5b02fd-85e2-48c6-aea1-125703e1c6f5@group-779FC6785961: changes role from CANDIDATE to FOLLOWER at term 4 for REJECTED
2022-03-08 02:52:17,697 [9e5b02fd-85e2-48c6-aea1-125703e1c6f5@group-779FC6785961-LeaderElection21] INFO  impl.RoleInfo (RoleInfo.java:shutdownLeaderElection(121)) - 9e5b02fd-85e2-48c6-aea1-125703e1c6f5: shutdown 9e5b02fd-85e2-48c6-aea1-125703e1c6f5@group-779FC6785961-LeaderElection21
2022-03-08 02:52:17,697 [9e5b02fd-85e2-48c6-aea1-125703e1c6f5@group-779FC6785961-LeaderElection21] INFO  impl.RoleInfo (RoleInfo.java:updateAndGet(130)) - 9e5b02fd-85e2-48c6-aea1-125703e1c6f5: start 9e5b02fd-85e2-48c6-aea1-125703e1c6f5@group-779FC6785961-FollowerState
2022-03-08 02:52:17,701 [grpc-default-executor-5] INFO  server.RaftServer$Division (RaftServerImpl.java:requestVote(1046)) - 9e5b02fd-85e2-48c6-aea1-125703e1c6f5@group-779FC6785961: receive requestVote(ELECTION, 7342fea1-774e-439b-933d-8d39f93ca642, group-779FC6785961, 4, (t:0, i:0))
2022-03-08 02:52:17,705 [grpc-default-executor-5] INFO  impl.VoteContext (VoteContext.java:log(48)) - 9e5b02fd-85e2-48c6-aea1-125703e1c6f5@group-779FC6785961-FOLLOWER: reject ELECTION from 7342fea1-774e-439b-933d-8d39f93ca642: already has voted for 9e5b02fd-85e2-48c6-aea1-125703e1c6f5 at current term 4
2022-03-08 02:52:17,705 [grpc-default-executor-5] INFO  server.RaftServer$Division (RaftServerImpl.java:requestVote(1078)) - 9e5b02fd-85e2-48c6-aea1-125703e1c6f5@group-779FC6785961 replies to ELECTION vote request: 7342fea1-774e-439b-933d-8d39f93ca642<-9e5b02fd-85e2-48c6-aea1-125703e1c6f5#0:FAIL-t4. Peer's state: 9e5b02fd-85e2-48c6-aea1-125703e1c6f5@group-779FC6785961:t4, leader=null, voted=9e5b02fd-85e2-48c6-aea1-125703e1c6f5, raftlog=9e5b02fd-85e2-48c6-aea1-125703e1c6f5@group-779FC6785961-SegmentedRaftLog:OPENED:c-1, conf=-1: [b2e56fe9-8c58-4ee8-92f7-465001393f8b|rpc:10.1.0.13:34551|dataStream:|priority:0, 7342fea1-774e-439b-933d-8d39f93ca642|rpc:10.1.0.13:33197|dataStream:|priority:0, 9e5b02fd-85e2-48c6-aea1-125703e1c6f5|rpc:10.1.0.13:35265|dataStream:|priority:1], old=null
2022-03-08 02:52:17,713 [7342fea1-774e-439b-933d-8d39f93ca642@group-779FC6785961-LeaderElection23] INFO  impl.LeaderElection (LeaderElection.java:logAndReturn(89)) - 7342fea1-774e-439b-933d-8d39f93ca642@group-779FC6785961-LeaderElection23: ELECTION REJECTED received 2 response(s) and 0 exception(s):
2022-03-08 02:52:17,713 [7342fea1-774e-439b-933d-8d39f93ca642@group-779FC6785961-LeaderElection23] INFO  impl.LeaderElection (LeaderElection.java:logAndReturn(93)) -   Response 0: 7342fea1-774e-439b-933d-8d39f93ca642<-b2e56fe9-8c58-4ee8-92f7-465001393f8b#0:FAIL-t4
2022-03-08 02:52:17,713 [7342fea1-774e-439b-933d-8d39f93ca642@group-779FC6785961-LeaderElection23] INFO  impl.LeaderElection (LeaderElection.java:logAndReturn(93)) -   Response 1: 7342fea1-774e-439b-933d-8d39f93ca642<-9e5b02fd-85e2-48c6-aea1-125703e1c6f5#0:FAIL-t4
2022-03-08 02:52:17,713 [7342fea1-774e-439b-933d-8d39f93ca642@group-779FC6785961-LeaderElection23] INFO  impl.LeaderElection (LeaderElection.java:askForVotes(308)) - 7342fea1-774e-439b-933d-8d39f93ca642@group-779FC6785961-LeaderElection23 ELECTION round 0: result REJECTED
2022-03-08 02:52:17,713 [7342fea1-774e-439b-933d-8d39f93ca642@group-779FC6785961-LeaderElection23] INFO  server.RaftServer$Division (RaftServerImpl.java:setRole(290)) - 7342fea1-774e-439b-933d-8d39f93ca642@group-779FC6785961: changes role from CANDIDATE to FOLLOWER at term 4 for REJECTED
2022-03-08 02:52:17,713 [7342fea1-774e-439b-933d-8d39f93ca642@group-779FC6785961-LeaderElection23] INFO  impl.RoleInfo (RoleInfo.java:shutdownLeaderElection(121)) - 7342fea1-774e-439b-933d-8d39f93ca642: shutdown 7342fea1-774e-439b-933d-8d39f93ca642@group-779FC6785961-LeaderElection23
2022-03-08 02:52:17,713 [7342fea1-774e-439b-933d-8d39f93ca642@group-779FC6785961-LeaderElection23] INFO  impl.RoleInfo (RoleInfo.java:updateAndGet(130)) - 7342fea1-774e-439b-933d-8d39f93ca642: start 7342fea1-774e-439b-933d-8d39f93ca642@group-779FC6785961-FollowerState
2022-03-08 02:52:17,868 [Listener at 127.0.0.1/40153] INFO  ozone.MiniOzoneClusterImpl (MiniOzoneClusterImpl.java:lambda$waitForClusterToBeReady$0(219)) - Nodes are ready. Got 3 of 3 DN Heartbeats.
2022-03-08 02:52:17,869 [Listener at 127.0.0.1/40153] INFO  ozone.MiniOzoneClusterImpl (MiniOzoneClusterImpl.java:lambda$waitForClusterToBeReady$0(222)) - Waiting for cluster to exit safe mode
2022-03-08 02:52:17,869 [Listener at 127.0.0.1/40153] INFO  ozone.MiniOzoneClusterImpl (MiniOzoneClusterImpl.java:lambda$waitForClusterToBeReady$0(224)) - SCM became leader
2022-03-08 02:52:18,869 [Listener at 127.0.0.1/40153] INFO  ozone.MiniOzoneClusterImpl (MiniOzoneClusterImpl.java:lambda$waitForClusterToBeReady$0(219)) - Nodes are ready. Got 3 of 3 DN Heartbeats.
2022-03-08 02:52:18,869 [Listener at 127.0.0.1/40153] INFO  ozone.MiniOzoneClusterImpl (MiniOzoneClusterImpl.java:lambda$waitForClusterToBeReady$0(222)) - Waiting for cluster to exit safe mode
2022-03-08 02:52:18,870 [Listener at 127.0.0.1/40153] INFO  ozone.MiniOzoneClusterImpl (MiniOzoneClusterImpl.java:lambda$waitForClusterToBeReady$0(224)) - SCM became leader
2022-03-08 02:52:19,870 [Listener at 127.0.0.1/40153] INFO  ozone.MiniOzoneClusterImpl (MiniOzoneClusterImpl.java:lambda$waitForClusterToBeReady$0(219)) - Nodes are ready. Got 3 of 3 DN Heartbeats.
2022-03-08 02:52:19,870 [Listener at 127.0.0.1/40153] INFO  ozone.MiniOzoneClusterImpl (MiniOzoneClusterImpl.java:lambda$waitForClusterToBeReady$0(222)) - Waiting for cluster to exit safe mode
2022-03-08 02:52:19,870 [Listener at 127.0.0.1/40153] INFO  ozone.MiniOzoneClusterImpl (MiniOzoneClusterImpl.java:lambda$waitForClusterToBeReady$0(224)) - SCM became leader
2022-03-08 02:52:20,870 [Listener at 127.0.0.1/40153] INFO  ozone.MiniOzoneClusterImpl (MiniOzoneClusterImpl.java:lambda$waitForClusterToBeReady$0(219)) - Nodes are ready. Got 3 of 3 DN Heartbeats.
2022-03-08 02:52:20,870 [Listener at 127.0.0.1/40153] INFO  ozone.MiniOzoneClusterImpl (MiniOzoneClusterImpl.java:lambda$waitForClusterToBeReady$0(222)) - Waiting for cluster to exit safe mode
2022-03-08 02:52:20,871 [Listener at 127.0.0.1/40153] INFO  ozone.MiniOzoneClusterImpl (MiniOzoneClusterImpl.java:lambda$waitForClusterToBeReady$0(224)) - SCM became leader
2022-03-08 02:52:21,871 [Listener at 127.0.0.1/40153] INFO  ozone.MiniOzoneClusterImpl (MiniOzoneClusterImpl.java:lambda$waitForClusterToBeReady$0(219)) - Nodes are ready. Got 3 of 3 DN Heartbeats.
2022-03-08 02:52:21,871 [Listener at 127.0.0.1/40153] INFO  ozone.MiniOzoneClusterImpl (MiniOzoneClusterImpl.java:lambda$waitForClusterToBeReady$0(222)) - Waiting for cluster to exit safe mode
2022-03-08 02:52:21,871 [Listener at 127.0.0.1/40153] INFO  ozone.MiniOzoneClusterImpl (MiniOzoneClusterImpl.java:lambda$waitForClusterToBeReady$0(224)) - SCM became leader
2022-03-08 02:52:22,802 [7342fea1-774e-439b-933d-8d39f93ca642@group-779FC6785961-FollowerState] INFO  impl.FollowerState (FollowerState.java:run(134)) - 7342fea1-774e-439b-933d-8d39f93ca642@group-779FC6785961-FollowerState: change to CANDIDATE, lastRpcElapsedTime:5089092981ns, electionTimeout:5079ms
2022-03-08 02:52:22,803 [7342fea1-774e-439b-933d-8d39f93ca642@group-779FC6785961-FollowerState] INFO  impl.RoleInfo (RoleInfo.java:shutdownFollowerState(108)) - 7342fea1-774e-439b-933d-8d39f93ca642: shutdown 7342fea1-774e-439b-933d-8d39f93ca642@group-779FC6785961-FollowerState
2022-03-08 02:52:22,803 [7342fea1-774e-439b-933d-8d39f93ca642@group-779FC6785961-FollowerState] INFO  server.RaftServer$Division (RaftServerImpl.java:setRole(290)) - 7342fea1-774e-439b-933d-8d39f93ca642@group-779FC6785961: changes role from  FOLLOWER to CANDIDATE at term 4 for changeToCandidate
2022-03-08 02:52:22,803 [7342fea1-774e-439b-933d-8d39f93ca642@group-779FC6785961-FollowerState] INFO  server.RaftServerConfigKeys (ConfUtils.java:logGet(44)) - raft.server.leaderelection.pre-vote = false (custom)
2022-03-08 02:52:22,803 [7342fea1-774e-439b-933d-8d39f93ca642@group-779FC6785961-FollowerState] INFO  impl.RoleInfo (RoleInfo.java:updateAndGet(130)) - 7342fea1-774e-439b-933d-8d39f93ca642: start 7342fea1-774e-439b-933d-8d39f93ca642@group-779FC6785961-LeaderElection24
2022-03-08 02:52:22,808 [b2e56fe9-8c58-4ee8-92f7-465001393f8b@group-779FC6785961-FollowerState] INFO  impl.FollowerState (FollowerState.java:run(134)) - b2e56fe9-8c58-4ee8-92f7-465001393f8b@group-779FC6785961-FollowerState: change to CANDIDATE, lastRpcElapsedTime:5119815618ns, electionTimeout:5119ms
2022-03-08 02:52:22,808 [b2e56fe9-8c58-4ee8-92f7-465001393f8b@group-779FC6785961-FollowerState] INFO  impl.RoleInfo (RoleInfo.java:shutdownFollowerState(108)) - b2e56fe9-8c58-4ee8-92f7-465001393f8b: shutdown b2e56fe9-8c58-4ee8-92f7-465001393f8b@group-779FC6785961-FollowerState
2022-03-08 02:52:22,808 [b2e56fe9-8c58-4ee8-92f7-465001393f8b@group-779FC6785961-FollowerState] INFO  server.RaftServer$Division (RaftServerImpl.java:setRole(290)) - b2e56fe9-8c58-4ee8-92f7-465001393f8b@group-779FC6785961: changes role from  FOLLOWER to CANDIDATE at term 4 for changeToCandidate
2022-03-08 02:52:22,808 [b2e56fe9-8c58-4ee8-92f7-465001393f8b@group-779FC6785961-FollowerState] INFO  server.RaftServerConfigKeys (ConfUtils.java:logGet(44)) - raft.server.leaderelection.pre-vote = false (custom)
2022-03-08 02:52:22,808 [b2e56fe9-8c58-4ee8-92f7-465001393f8b@group-779FC6785961-FollowerState] INFO  impl.RoleInfo (RoleInfo.java:updateAndGet(130)) - b2e56fe9-8c58-4ee8-92f7-465001393f8b: start b2e56fe9-8c58-4ee8-92f7-465001393f8b@group-779FC6785961-LeaderElection25
2022-03-08 02:52:22,821 [7342fea1-774e-439b-933d-8d39f93ca642@group-779FC6785961-LeaderElection24] INFO  impl.LeaderElection (LeaderElection.java:askForVotes(306)) - 7342fea1-774e-439b-933d-8d39f93ca642@group-779FC6785961-LeaderElection24 ELECTION round 0: submit vote requests at term 5 for -1: [b2e56fe9-8c58-4ee8-92f7-465001393f8b|rpc:10.1.0.13:34551|dataStream:|priority:0, 7342fea1-774e-439b-933d-8d39f93ca642|rpc:10.1.0.13:33197|dataStream:|priority:0, 9e5b02fd-85e2-48c6-aea1-125703e1c6f5|rpc:10.1.0.13:35265|dataStream:|priority:1], old=null
2022-03-08 02:52:22,821 [b2e56fe9-8c58-4ee8-92f7-465001393f8b@group-779FC6785961-LeaderElection25] INFO  impl.LeaderElection (LeaderElection.java:askForVotes(306)) - b2e56fe9-8c58-4ee8-92f7-465001393f8b@group-779FC6785961-LeaderElection25 ELECTION round 0: submit vote requests at term 5 for -1: [b2e56fe9-8c58-4ee8-92f7-465001393f8b|rpc:10.1.0.13:34551|priority:0, 7342fea1-774e-439b-933d-8d39f93ca642|rpc:10.1.0.13:33197|priority:0, 9e5b02fd-85e2-48c6-aea1-125703e1c6f5|rpc:10.1.0.13:35265|priority:1], old=null
2022-03-08 02:52:22,842 [grpc-default-executor-3] INFO  server.RaftServer$Division (RaftServerImpl.java:requestVote(1046)) - 9e5b02fd-85e2-48c6-aea1-125703e1c6f5@group-779FC6785961: receive requestVote(ELECTION, b2e56fe9-8c58-4ee8-92f7-465001393f8b, group-779FC6785961, 5, (t:0, i:0))
2022-03-08 02:52:22,845 [grpc-default-executor-3] INFO  impl.VoteContext (VoteContext.java:log(48)) - 9e5b02fd-85e2-48c6-aea1-125703e1c6f5@group-779FC6785961-FOLLOWER: reject ELECTION from b2e56fe9-8c58-4ee8-92f7-465001393f8b: our priority 1 > candidate's priority 0
2022-03-08 02:52:22,845 [grpc-default-executor-3] INFO  server.RaftServer$Division (RaftServerImpl.java:setRole(290)) - 9e5b02fd-85e2-48c6-aea1-125703e1c6f5@group-779FC6785961: changes role from  FOLLOWER to FOLLOWER at term 5 for candidate:b2e56fe9-8c58-4ee8-92f7-465001393f8b
2022-03-08 02:52:22,845 [grpc-default-executor-3] INFO  impl.RoleInfo (RoleInfo.java:shutdownFollowerState(108)) - 9e5b02fd-85e2-48c6-aea1-125703e1c6f5: shutdown 9e5b02fd-85e2-48c6-aea1-125703e1c6f5@group-779FC6785961-FollowerState
2022-03-08 02:52:22,845 [grpc-default-executor-3] INFO  impl.RoleInfo (RoleInfo.java:updateAndGet(130)) - 9e5b02fd-85e2-48c6-aea1-125703e1c6f5: start 9e5b02fd-85e2-48c6-aea1-125703e1c6f5@group-779FC6785961-FollowerState
2022-03-08 02:52:22,842 [grpc-default-executor-5] INFO  server.RaftServer$Division (RaftServerImpl.java:requestVote(1046)) - b2e56fe9-8c58-4ee8-92f7-465001393f8b@group-779FC6785961: receive requestVote(ELECTION, 7342fea1-774e-439b-933d-8d39f93ca642, group-779FC6785961, 5, (t:0, i:0))
2022-03-08 02:52:22,845 [9e5b02fd-85e2-48c6-aea1-125703e1c6f5@group-779FC6785961-FollowerState] INFO  impl.FollowerState (FollowerState.java:run(143)) - 9e5b02fd-85e2-48c6-aea1-125703e1c6f5@group-779FC6785961-FollowerState was interrupted: {}
java.lang.InterruptedException: sleep interrupted
	at java.lang.Thread.sleep(Native Method)
	at java.lang.Thread.sleep(Thread.java:342)
	at java.util.concurrent.TimeUnit.sleep(TimeUnit.java:386)
	at org.apache.ratis.util.TimeDuration.sleep(TimeDuration.java:324)
	at org.apache.ratis.util.TimeDuration.sleep(TimeDuration.java:309)
	at org.apache.ratis.server.impl.FollowerState.run(FollowerState.java:118)
2022-03-08 02:52:22,845 [grpc-default-executor-5] INFO  impl.VoteContext (VoteContext.java:log(48)) - b2e56fe9-8c58-4ee8-92f7-465001393f8b@group-779FC6785961-CANDIDATE: reject ELECTION from 7342fea1-774e-439b-933d-8d39f93ca642: already has voted for b2e56fe9-8c58-4ee8-92f7-465001393f8b at current term 5
2022-03-08 02:52:22,846 [grpc-default-executor-5] INFO  server.RaftServer$Division (RaftServerImpl.java:requestVote(1078)) - b2e56fe9-8c58-4ee8-92f7-465001393f8b@group-779FC6785961 replies to ELECTION vote request: 7342fea1-774e-439b-933d-8d39f93ca642<-b2e56fe9-8c58-4ee8-92f7-465001393f8b#0:FAIL-t5. Peer's state: b2e56fe9-8c58-4ee8-92f7-465001393f8b@group-779FC6785961:t5, leader=null, voted=b2e56fe9-8c58-4ee8-92f7-465001393f8b, raftlog=b2e56fe9-8c58-4ee8-92f7-465001393f8b@group-779FC6785961-SegmentedRaftLog:OPENED:c-1, conf=-1: [b2e56fe9-8c58-4ee8-92f7-465001393f8b|rpc:10.1.0.13:34551|priority:0, 7342fea1-774e-439b-933d-8d39f93ca642|rpc:10.1.0.13:33197|priority:0, 9e5b02fd-85e2-48c6-aea1-125703e1c6f5|rpc:10.1.0.13:35265|priority:1], old=null
2022-03-08 02:52:22,850 [grpc-default-executor-3] INFO  server.RaftServer$Division (RaftServerImpl.java:requestVote(1078)) - 9e5b02fd-85e2-48c6-aea1-125703e1c6f5@group-779FC6785961 replies to ELECTION vote request: b2e56fe9-8c58-4ee8-92f7-465001393f8b<-9e5b02fd-85e2-48c6-aea1-125703e1c6f5#0:FAIL-t5. Peer's state: 9e5b02fd-85e2-48c6-aea1-125703e1c6f5@group-779FC6785961:t5, leader=null, voted=null, raftlog=9e5b02fd-85e2-48c6-aea1-125703e1c6f5@group-779FC6785961-SegmentedRaftLog:OPENED:c-1, conf=-1: [b2e56fe9-8c58-4ee8-92f7-465001393f8b|rpc:10.1.0.13:34551|dataStream:|priority:0, 7342fea1-774e-439b-933d-8d39f93ca642|rpc:10.1.0.13:33197|dataStream:|priority:0, 9e5b02fd-85e2-48c6-aea1-125703e1c6f5|rpc:10.1.0.13:35265|dataStream:|priority:1], old=null
2022-03-08 02:52:22,850 [grpc-default-executor-4] INFO  server.RaftServer$Division (RaftServerImpl.java:requestVote(1046)) - 7342fea1-774e-439b-933d-8d39f93ca642@group-779FC6785961: receive requestVote(ELECTION, b2e56fe9-8c58-4ee8-92f7-465001393f8b, group-779FC6785961, 5, (t:0, i:0))
2022-03-08 02:52:22,863 [grpc-default-executor-4] INFO  impl.VoteContext (VoteContext.java:log(48)) - 7342fea1-774e-439b-933d-8d39f93ca642@group-779FC6785961-CANDIDATE: reject ELECTION from b2e56fe9-8c58-4ee8-92f7-465001393f8b: already has voted for 7342fea1-774e-439b-933d-8d39f93ca642 at current term 5
2022-03-08 02:52:22,863 [grpc-default-executor-4] INFO  server.RaftServer$Division (RaftServerImpl.java:requestVote(1078)) - 7342fea1-774e-439b-933d-8d39f93ca642@group-779FC6785961 replies to ELECTION vote request: b2e56fe9-8c58-4ee8-92f7-465001393f8b<-7342fea1-774e-439b-933d-8d39f93ca642#0:FAIL-t5. Peer's state: 7342fea1-774e-439b-933d-8d39f93ca642@group-779FC6785961:t5, leader=null, voted=7342fea1-774e-439b-933d-8d39f93ca642, raftlog=7342fea1-774e-439b-933d-8d39f93ca642@group-779FC6785961-SegmentedRaftLog:OPENED:c-1, conf=-1: [b2e56fe9-8c58-4ee8-92f7-465001393f8b|rpc:10.1.0.13:34551|dataStream:|priority:0, 7342fea1-774e-439b-933d-8d39f93ca642|rpc:10.1.0.13:33197|dataStream:|priority:0, 9e5b02fd-85e2-48c6-aea1-125703e1c6f5|rpc:10.1.0.13:35265|dataStream:|priority:1], old=null
2022-03-08 02:52:22,852 [b2e56fe9-8c58-4ee8-92f7-465001393f8b@group-779FC6785961-LeaderElection25] INFO  impl.LeaderElection (LeaderElection.java:logAndReturn(89)) - b2e56fe9-8c58-4ee8-92f7-465001393f8b@group-779FC6785961-LeaderElection25: ELECTION REJECTED received 1 response(s) and 0 exception(s):
2022-03-08 02:52:22,863 [grpc-default-executor-3] INFO  server.RaftServer$Division (RaftServerImpl.java:requestVote(1046)) - 9e5b02fd-85e2-48c6-aea1-125703e1c6f5@group-779FC6785961: receive requestVote(ELECTION, 7342fea1-774e-439b-933d-8d39f93ca642, group-779FC6785961, 5, (t:0, i:0))
2022-03-08 02:52:22,869 [grpc-default-executor-3] INFO  impl.VoteContext (VoteContext.java:log(48)) - 9e5b02fd-85e2-48c6-aea1-125703e1c6f5@group-779FC6785961-FOLLOWER: reject ELECTION from 7342fea1-774e-439b-933d-8d39f93ca642: our priority 1 > candidate's priority 0
2022-03-08 02:52:22,869 [grpc-default-executor-3] INFO  server.RaftServer$Division (RaftServerImpl.java:setRole(290)) - 9e5b02fd-85e2-48c6-aea1-125703e1c6f5@group-779FC6785961: changes role from  FOLLOWER to FOLLOWER at term 5 for candidate:7342fea1-774e-439b-933d-8d39f93ca642
2022-03-08 02:52:22,869 [grpc-default-executor-3] INFO  impl.RoleInfo (RoleInfo.java:shutdownFollowerState(108)) - 9e5b02fd-85e2-48c6-aea1-125703e1c6f5: shutdown 9e5b02fd-85e2-48c6-aea1-125703e1c6f5@group-779FC6785961-FollowerState
2022-03-08 02:52:22,869 [grpc-default-executor-3] INFO  impl.RoleInfo (RoleInfo.java:updateAndGet(130)) - 9e5b02fd-85e2-48c6-aea1-125703e1c6f5: start 9e5b02fd-85e2-48c6-aea1-125703e1c6f5@group-779FC6785961-FollowerState
2022-03-08 02:52:22,869 [9e5b02fd-85e2-48c6-aea1-125703e1c6f5@group-779FC6785961-FollowerState] INFO  impl.FollowerState (FollowerState.java:run(143)) - 9e5b02fd-85e2-48c6-aea1-125703e1c6f5@group-779FC6785961-FollowerState was interrupted: {}
java.lang.InterruptedException: sleep interrupted
	at java.lang.Thread.sleep(Native Method)
	at java.lang.Thread.sleep(Thread.java:342)
	at java.util.concurrent.TimeUnit.sleep(TimeUnit.java:386)
	at org.apache.ratis.util.TimeDuration.sleep(TimeDuration.java:324)
	at org.apache.ratis.util.TimeDuration.sleep(TimeDuration.java:309)
	at org.apache.ratis.server.impl.FollowerState.run(FollowerState.java:118)
2022-03-08 02:52:22,871 [Listener at 127.0.0.1/40153] INFO  ozone.MiniOzoneClusterImpl (MiniOzoneClusterImpl.java:lambda$waitForClusterToBeReady$0(219)) - Nodes are ready. Got 3 of 3 DN Heartbeats.
2022-03-08 02:52:22,871 [Listener at 127.0.0.1/40153] INFO  ozone.MiniOzoneClusterImpl (MiniOzoneClusterImpl.java:lambda$waitForClusterToBeReady$0(222)) - Waiting for cluster to exit safe mode
2022-03-08 02:52:22,871 [Listener at 127.0.0.1/40153] INFO  ozone.MiniOzoneClusterImpl (MiniOzoneClusterImpl.java:lambda$waitForClusterToBeReady$0(224)) - SCM became leader
2022-03-08 02:52:22,873 [grpc-default-executor-3] INFO  server.RaftServer$Division (RaftServerImpl.java:requestVote(1078)) - 9e5b02fd-85e2-48c6-aea1-125703e1c6f5@group-779FC6785961 replies to ELECTION vote request: 7342fea1-774e-439b-933d-8d39f93ca642<-9e5b02fd-85e2-48c6-aea1-125703e1c6f5#0:FAIL-t5. Peer's state: 9e5b02fd-85e2-48c6-aea1-125703e1c6f5@group-779FC6785961:t5, leader=null, voted=null, raftlog=9e5b02fd-85e2-48c6-aea1-125703e1c6f5@group-779FC6785961-SegmentedRaftLog:OPENED:c-1, conf=-1: [b2e56fe9-8c58-4ee8-92f7-465001393f8b|rpc:10.1.0.13:34551|dataStream:|priority:0, 7342fea1-774e-439b-933d-8d39f93ca642|rpc:10.1.0.13:33197|dataStream:|priority:0, 9e5b02fd-85e2-48c6-aea1-125703e1c6f5|rpc:10.1.0.13:35265|dataStream:|priority:1], old=null
2022-03-08 02:52:22,876 [b2e56fe9-8c58-4ee8-92f7-465001393f8b@group-779FC6785961-LeaderElection25] INFO  impl.LeaderElection (LeaderElection.java:logAndReturn(93)) -   Response 0: b2e56fe9-8c58-4ee8-92f7-465001393f8b<-9e5b02fd-85e2-48c6-aea1-125703e1c6f5#0:FAIL-t5
2022-03-08 02:52:22,876 [b2e56fe9-8c58-4ee8-92f7-465001393f8b@group-779FC6785961-LeaderElection25] INFO  impl.LeaderElection (LeaderElection.java:askForVotes(308)) - b2e56fe9-8c58-4ee8-92f7-465001393f8b@group-779FC6785961-LeaderElection25 ELECTION round 0: result REJECTED
2022-03-08 02:52:22,876 [b2e56fe9-8c58-4ee8-92f7-465001393f8b@group-779FC6785961-LeaderElection25] INFO  server.RaftServer$Division (RaftServerImpl.java:setRole(290)) - b2e56fe9-8c58-4ee8-92f7-465001393f8b@group-779FC6785961: changes role from CANDIDATE to FOLLOWER at term 5 for REJECTED
2022-03-08 02:52:22,877 [b2e56fe9-8c58-4ee8-92f7-465001393f8b@group-779FC6785961-LeaderElection25] INFO  impl.RoleInfo (RoleInfo.java:shutdownLeaderElection(121)) - b2e56fe9-8c58-4ee8-92f7-465001393f8b: shutdown b2e56fe9-8c58-4ee8-92f7-465001393f8b@group-779FC6785961-LeaderElection25
2022-03-08 02:52:22,877 [b2e56fe9-8c58-4ee8-92f7-465001393f8b@group-779FC6785961-LeaderElection25] INFO  impl.RoleInfo (RoleInfo.java:updateAndGet(130)) - b2e56fe9-8c58-4ee8-92f7-465001393f8b: start b2e56fe9-8c58-4ee8-92f7-465001393f8b@group-779FC6785961-FollowerState
2022-03-08 02:52:22,889 [7342fea1-774e-439b-933d-8d39f93ca642@group-779FC6785961-LeaderElection24] INFO  impl.LeaderElection (LeaderElection.java:logAndReturn(89)) - 7342fea1-774e-439b-933d-8d39f93ca642@group-779FC6785961-LeaderElection24: ELECTION REJECTED received 2 response(s) and 0 exception(s):
2022-03-08 02:52:22,889 [7342fea1-774e-439b-933d-8d39f93ca642@group-779FC6785961-LeaderElection24] INFO  impl.LeaderElection (LeaderElection.java:logAndReturn(93)) -   Response 0: 7342fea1-774e-439b-933d-8d39f93ca642<-b2e56fe9-8c58-4ee8-92f7-465001393f8b#0:FAIL-t5
2022-03-08 02:52:22,889 [7342fea1-774e-439b-933d-8d39f93ca642@group-779FC6785961-LeaderElection24] INFO  impl.LeaderElection (LeaderElection.java:logAndReturn(93)) -   Response 1: 7342fea1-774e-439b-933d-8d39f93ca642<-9e5b02fd-85e2-48c6-aea1-125703e1c6f5#0:FAIL-t5
2022-03-08 02:52:22,889 [7342fea1-774e-439b-933d-8d39f93ca642@group-779FC6785961-LeaderElection24] INFO  impl.LeaderElection (LeaderElection.java:askForVotes(308)) - 7342fea1-774e-439b-933d-8d39f93ca642@group-779FC6785961-LeaderElection24 ELECTION round 0: result REJECTED
2022-03-08 02:52:22,889 [7342fea1-774e-439b-933d-8d39f93ca642@group-779FC6785961-LeaderElection24] INFO  server.RaftServer$Division (RaftServerImpl.java:setRole(290)) - 7342fea1-774e-439b-933d-8d39f93ca642@group-779FC6785961: changes role from CANDIDATE to FOLLOWER at term 5 for REJECTED
2022-03-08 02:52:22,889 [7342fea1-774e-439b-933d-8d39f93ca642@group-779FC6785961-LeaderElection24] INFO  impl.RoleInfo (RoleInfo.java:shutdownLeaderElection(121)) - 7342fea1-774e-439b-933d-8d39f93ca642: shutdown 7342fea1-774e-439b-933d-8d39f93ca642@group-779FC6785961-LeaderElection24
2022-03-08 02:52:22,890 [7342fea1-774e-439b-933d-8d39f93ca642@group-779FC6785961-LeaderElection24] INFO  impl.RoleInfo (RoleInfo.java:updateAndGet(130)) - 7342fea1-774e-439b-933d-8d39f93ca642: start 7342fea1-774e-439b-933d-8d39f93ca642@group-779FC6785961-FollowerState
2022-03-08 02:52:23,872 [Listener at 127.0.0.1/40153] INFO  ozone.MiniOzoneClusterImpl (MiniOzoneClusterImpl.java:lambda$waitForClusterToBeReady$0(219)) - Nodes are ready. Got 3 of 3 DN Heartbeats.
2022-03-08 02:52:23,872 [Listener at 127.0.0.1/40153] INFO  ozone.MiniOzoneClusterImpl (MiniOzoneClusterImpl.java:lambda$waitForClusterToBeReady$0(222)) - Waiting for cluster to exit safe mode
2022-03-08 02:52:23,872 [Listener at 127.0.0.1/40153] INFO  ozone.MiniOzoneClusterImpl (MiniOzoneClusterImpl.java:lambda$waitForClusterToBeReady$0(224)) - SCM became leader
2022-03-08 02:52:24,872 [Listener at 127.0.0.1/40153] INFO  ozone.MiniOzoneClusterImpl (MiniOzoneClusterImpl.java:lambda$waitForClusterToBeReady$0(219)) - Nodes are ready. Got 3 of 3 DN Heartbeats.
2022-03-08 02:52:24,872 [Listener at 127.0.0.1/40153] INFO  ozone.MiniOzoneClusterImpl (MiniOzoneClusterImpl.java:lambda$waitForClusterToBeReady$0(222)) - Waiting for cluster to exit safe mode
2022-03-08 02:52:24,872 [Listener at 127.0.0.1/40153] INFO  ozone.MiniOzoneClusterImpl (MiniOzoneClusterImpl.java:lambda$waitForClusterToBeReady$0(224)) - SCM became leader
2022-03-08 02:52:25,873 [Listener at 127.0.0.1/40153] INFO  ozone.MiniOzoneClusterImpl (MiniOzoneClusterImpl.java:lambda$waitForClusterToBeReady$0(219)) - Nodes are ready. Got 3 of 3 DN Heartbeats.
2022-03-08 02:52:25,873 [Listener at 127.0.0.1/40153] INFO  ozone.MiniOzoneClusterImpl (MiniOzoneClusterImpl.java:lambda$waitForClusterToBeReady$0(222)) - Waiting for cluster to exit safe mode
2022-03-08 02:52:25,873 [Listener at 127.0.0.1/40153] INFO  ozone.MiniOzoneClusterImpl (MiniOzoneClusterImpl.java:lambda$waitForClusterToBeReady$0(224)) - SCM became leader
2022-03-08 02:52:26,873 [Listener at 127.0.0.1/40153] INFO  ozone.MiniOzoneClusterImpl (MiniOzoneClusterImpl.java:lambda$waitForClusterToBeReady$0(219)) - Nodes are ready. Got 3 of 3 DN Heartbeats.
2022-03-08 02:52:26,873 [Listener at 127.0.0.1/40153] INFO  ozone.MiniOzoneClusterImpl (MiniOzoneClusterImpl.java:lambda$waitForClusterToBeReady$0(222)) - Waiting for cluster to exit safe mode
2022-03-08 02:52:26,873 [Listener at 127.0.0.1/40153] INFO  ozone.MiniOzoneClusterImpl (MiniOzoneClusterImpl.java:lambda$waitForClusterToBeReady$0(224)) - SCM became leader
2022-03-08 02:52:27,874 [Listener at 127.0.0.1/40153] INFO  ozone.MiniOzoneClusterImpl (MiniOzoneClusterImpl.java:lambda$waitForClusterToBeReady$0(219)) - Nodes are ready. Got 3 of 3 DN Heartbeats.
2022-03-08 02:52:27,874 [Listener at 127.0.0.1/40153] INFO  ozone.MiniOzoneClusterImpl (MiniOzoneClusterImpl.java:lambda$waitForClusterToBeReady$0(222)) - Waiting for cluster to exit safe mode
2022-03-08 02:52:27,874 [Listener at 127.0.0.1/40153] INFO  ozone.MiniOzoneClusterImpl (MiniOzoneClusterImpl.java:lambda$waitForClusterToBeReady$0(224)) - SCM became leader
2022-03-08 02:52:27,914 [b2e56fe9-8c58-4ee8-92f7-465001393f8b@group-779FC6785961-FollowerState] INFO  impl.FollowerState (FollowerState.java:run(134)) - b2e56fe9-8c58-4ee8-92f7-465001393f8b@group-779FC6785961-FollowerState: change to CANDIDATE, lastRpcElapsedTime:5036742398ns, electionTimeout:5016ms
2022-03-08 02:52:27,914 [b2e56fe9-8c58-4ee8-92f7-465001393f8b@group-779FC6785961-FollowerState] INFO  impl.RoleInfo (RoleInfo.java:shutdownFollowerState(108)) - b2e56fe9-8c58-4ee8-92f7-465001393f8b: shutdown b2e56fe9-8c58-4ee8-92f7-465001393f8b@group-779FC6785961-FollowerState
2022-03-08 02:52:27,914 [b2e56fe9-8c58-4ee8-92f7-465001393f8b@group-779FC6785961-FollowerState] INFO  server.RaftServer$Division (RaftServerImpl.java:setRole(290)) - b2e56fe9-8c58-4ee8-92f7-465001393f8b@group-779FC6785961: changes role from  FOLLOWER to CANDIDATE at term 5 for changeToCandidate
2022-03-08 02:52:27,914 [b2e56fe9-8c58-4ee8-92f7-465001393f8b@group-779FC6785961-FollowerState] INFO  server.RaftServerConfigKeys (ConfUtils.java:logGet(44)) - raft.server.leaderelection.pre-vote = false (custom)
2022-03-08 02:52:27,914 [b2e56fe9-8c58-4ee8-92f7-465001393f8b@group-779FC6785961-FollowerState] INFO  impl.RoleInfo (RoleInfo.java:updateAndGet(130)) - b2e56fe9-8c58-4ee8-92f7-465001393f8b: start b2e56fe9-8c58-4ee8-92f7-465001393f8b@group-779FC6785961-LeaderElection26
2022-03-08 02:52:27,920 [b2e56fe9-8c58-4ee8-92f7-465001393f8b@group-779FC6785961-LeaderElection26] INFO  impl.LeaderElection (LeaderElection.java:askForVotes(306)) - b2e56fe9-8c58-4ee8-92f7-465001393f8b@group-779FC6785961-LeaderElection26 ELECTION round 0: submit vote requests at term 6 for -1: [b2e56fe9-8c58-4ee8-92f7-465001393f8b|rpc:10.1.0.13:34551|priority:0, 7342fea1-774e-439b-933d-8d39f93ca642|rpc:10.1.0.13:33197|priority:0, 9e5b02fd-85e2-48c6-aea1-125703e1c6f5|rpc:10.1.0.13:35265|priority:1], old=null
2022-03-08 02:52:27,930 [grpc-default-executor-3] INFO  server.RaftServer$Division (RaftServerImpl.java:requestVote(1046)) - 7342fea1-774e-439b-933d-8d39f93ca642@group-779FC6785961: receive requestVote(ELECTION, b2e56fe9-8c58-4ee8-92f7-465001393f8b, group-779FC6785961, 6, (t:0, i:0))
2022-03-08 02:52:27,930 [grpc-default-executor-3] INFO  impl.VoteContext (VoteContext.java:log(48)) - 7342fea1-774e-439b-933d-8d39f93ca642@group-779FC6785961-FOLLOWER: accept ELECTION from b2e56fe9-8c58-4ee8-92f7-465001393f8b: our priority 0 <= candidate's priority 0
2022-03-08 02:52:27,930 [grpc-default-executor-3] INFO  server.RaftServer$Division (RaftServerImpl.java:setRole(290)) - 7342fea1-774e-439b-933d-8d39f93ca642@group-779FC6785961: changes role from  FOLLOWER to FOLLOWER at term 6 for candidate:b2e56fe9-8c58-4ee8-92f7-465001393f8b
2022-03-08 02:52:27,930 [grpc-default-executor-3] INFO  impl.RoleInfo (RoleInfo.java:shutdownFollowerState(108)) - 7342fea1-774e-439b-933d-8d39f93ca642: shutdown 7342fea1-774e-439b-933d-8d39f93ca642@group-779FC6785961-FollowerState
2022-03-08 02:52:27,930 [grpc-default-executor-3] INFO  impl.RoleInfo (RoleInfo.java:updateAndGet(130)) - 7342fea1-774e-439b-933d-8d39f93ca642: start 7342fea1-774e-439b-933d-8d39f93ca642@group-779FC6785961-FollowerState
2022-03-08 02:52:27,930 [7342fea1-774e-439b-933d-8d39f93ca642@group-779FC6785961-FollowerState] INFO  impl.FollowerState (FollowerState.java:run(143)) - 7342fea1-774e-439b-933d-8d39f93ca642@group-779FC6785961-FollowerState was interrupted: {}
java.lang.InterruptedException: sleep interrupted
	at java.lang.Thread.sleep(Native Method)
	at java.lang.Thread.sleep(Thread.java:342)
	at java.util.concurrent.TimeUnit.sleep(TimeUnit.java:386)
	at org.apache.ratis.util.TimeDuration.sleep(TimeDuration.java:324)
	at org.apache.ratis.util.TimeDuration.sleep(TimeDuration.java:309)
	at org.apache.ratis.server.impl.FollowerState.run(FollowerState.java:118)
2022-03-08 02:52:27,932 [grpc-default-executor-4] INFO  server.RaftServer$Division (RaftServerImpl.java:requestVote(1046)) - 9e5b02fd-85e2-48c6-aea1-125703e1c6f5@group-779FC6785961: receive requestVote(ELECTION, b2e56fe9-8c58-4ee8-92f7-465001393f8b, group-779FC6785961, 6, (t:0, i:0))
2022-03-08 02:52:27,936 [grpc-default-executor-4] INFO  impl.VoteContext (VoteContext.java:log(48)) - 9e5b02fd-85e2-48c6-aea1-125703e1c6f5@group-779FC6785961-FOLLOWER: reject ELECTION from b2e56fe9-8c58-4ee8-92f7-465001393f8b: our priority 1 > candidate's priority 0
2022-03-08 02:52:27,936 [grpc-default-executor-4] INFO  server.RaftServer$Division (RaftServerImpl.java:setRole(290)) - 9e5b02fd-85e2-48c6-aea1-125703e1c6f5@group-779FC6785961: changes role from  FOLLOWER to FOLLOWER at term 6 for candidate:b2e56fe9-8c58-4ee8-92f7-465001393f8b
2022-03-08 02:52:27,936 [grpc-default-executor-4] INFO  impl.RoleInfo (RoleInfo.java:shutdownFollowerState(108)) - 9e5b02fd-85e2-48c6-aea1-125703e1c6f5: shutdown 9e5b02fd-85e2-48c6-aea1-125703e1c6f5@group-779FC6785961-FollowerState
2022-03-08 02:52:27,936 [grpc-default-executor-4] INFO  impl.RoleInfo (RoleInfo.java:updateAndGet(130)) - 9e5b02fd-85e2-48c6-aea1-125703e1c6f5: start 9e5b02fd-85e2-48c6-aea1-125703e1c6f5@group-779FC6785961-FollowerState
2022-03-08 02:52:27,936 [9e5b02fd-85e2-48c6-aea1-125703e1c6f5@group-779FC6785961-FollowerState] INFO  impl.FollowerState (FollowerState.java:run(143)) - 9e5b02fd-85e2-48c6-aea1-125703e1c6f5@group-779FC6785961-FollowerState was interrupted: {}
java.lang.InterruptedException: sleep interrupted
	at java.lang.Thread.sleep(Native Method)
	at java.lang.Thread.sleep(Thread.java:342)
	at java.util.concurrent.TimeUnit.sleep(TimeUnit.java:386)
	at org.apache.ratis.util.TimeDuration.sleep(TimeDuration.java:324)
	at org.apache.ratis.util.TimeDuration.sleep(TimeDuration.java:309)
	at org.apache.ratis.server.impl.FollowerState.run(FollowerState.java:118)
2022-03-08 02:52:27,932 [grpc-default-executor-3] INFO  server.RaftServer$Division (RaftServerImpl.java:requestVote(1078)) - 7342fea1-774e-439b-933d-8d39f93ca642@group-779FC6785961 replies to ELECTION vote request: b2e56fe9-8c58-4ee8-92f7-465001393f8b<-7342fea1-774e-439b-933d-8d39f93ca642#0:OK-t6. Peer's state: 7342fea1-774e-439b-933d-8d39f93ca642@group-779FC6785961:t6, leader=null, voted=b2e56fe9-8c58-4ee8-92f7-465001393f8b, raftlog=7342fea1-774e-439b-933d-8d39f93ca642@group-779FC6785961-SegmentedRaftLog:OPENED:c-1, conf=-1: [b2e56fe9-8c58-4ee8-92f7-465001393f8b|rpc:10.1.0.13:34551|dataStream:|priority:0, 7342fea1-774e-439b-933d-8d39f93ca642|rpc:10.1.0.13:33197|dataStream:|priority:0, 9e5b02fd-85e2-48c6-aea1-125703e1c6f5|rpc:10.1.0.13:35265|dataStream:|priority:1], old=null
2022-03-08 02:52:27,938 [grpc-default-executor-4] INFO  server.RaftServer$Division (RaftServerImpl.java:requestVote(1078)) - 9e5b02fd-85e2-48c6-aea1-125703e1c6f5@group-779FC6785961 replies to ELECTION vote request: b2e56fe9-8c58-4ee8-92f7-465001393f8b<-9e5b02fd-85e2-48c6-aea1-125703e1c6f5#0:FAIL-t6. Peer's state: 9e5b02fd-85e2-48c6-aea1-125703e1c6f5@group-779FC6785961:t6, leader=null, voted=null, raftlog=9e5b02fd-85e2-48c6-aea1-125703e1c6f5@group-779FC6785961-SegmentedRaftLog:OPENED:c-1, conf=-1: [b2e56fe9-8c58-4ee8-92f7-465001393f8b|rpc:10.1.0.13:34551|dataStream:|priority:0, 7342fea1-774e-439b-933d-8d39f93ca642|rpc:10.1.0.13:33197|dataStream:|priority:0, 9e5b02fd-85e2-48c6-aea1-125703e1c6f5|rpc:10.1.0.13:35265|dataStream:|priority:1], old=null
2022-03-08 02:52:27,946 [b2e56fe9-8c58-4ee8-92f7-465001393f8b@group-779FC6785961-LeaderElection26] INFO  impl.LeaderElection (LeaderElection.java:logAndReturn(89)) - b2e56fe9-8c58-4ee8-92f7-465001393f8b@group-779FC6785961-LeaderElection26: ELECTION REJECTED received 2 response(s) and 0 exception(s):
2022-03-08 02:52:27,950 [b2e56fe9-8c58-4ee8-92f7-465001393f8b@group-779FC6785961-LeaderElection26] INFO  impl.LeaderElection (LeaderElection.java:logAndReturn(93)) -   Response 0: b2e56fe9-8c58-4ee8-92f7-465001393f8b<-7342fea1-774e-439b-933d-8d39f93ca642#0:OK-t6
2022-03-08 02:52:27,950 [b2e56fe9-8c58-4ee8-92f7-465001393f8b@group-779FC6785961-LeaderElection26] INFO  impl.LeaderElection (LeaderElection.java:logAndReturn(93)) -   Response 1: b2e56fe9-8c58-4ee8-92f7-465001393f8b<-9e5b02fd-85e2-48c6-aea1-125703e1c6f5#0:FAIL-t6
2022-03-08 02:52:27,950 [b2e56fe9-8c58-4ee8-92f7-465001393f8b@group-779FC6785961-LeaderElection26] INFO  impl.LeaderElection (LeaderElection.java:askForVotes(308)) - b2e56fe9-8c58-4ee8-92f7-465001393f8b@group-779FC6785961-LeaderElection26 ELECTION round 0: result REJECTED
2022-03-08 02:52:27,950 [b2e56fe9-8c58-4ee8-92f7-465001393f8b@group-779FC6785961-LeaderElection26] INFO  server.RaftServer$Division (RaftServerImpl.java:setRole(290)) - b2e56fe9-8c58-4ee8-92f7-465001393f8b@group-779FC6785961: changes role from CANDIDATE to FOLLOWER at term 6 for REJECTED
2022-03-08 02:52:27,950 [b2e56fe9-8c58-4ee8-92f7-465001393f8b@group-779FC6785961-LeaderElection26] INFO  impl.RoleInfo (RoleInfo.java:shutdownLeaderElection(121)) - b2e56fe9-8c58-4ee8-92f7-465001393f8b: shutdown b2e56fe9-8c58-4ee8-92f7-465001393f8b@group-779FC6785961-LeaderElection26
2022-03-08 02:52:27,950 [b2e56fe9-8c58-4ee8-92f7-465001393f8b@group-779FC6785961-LeaderElection26] INFO  impl.RoleInfo (RoleInfo.java:updateAndGet(130)) - b2e56fe9-8c58-4ee8-92f7-465001393f8b: start b2e56fe9-8c58-4ee8-92f7-465001393f8b@group-779FC6785961-FollowerState
2022-03-08 02:52:28,874 [Listener at 127.0.0.1/40153] INFO  ozone.MiniOzoneClusterImpl (MiniOzoneClusterImpl.java:lambda$waitForClusterToBeReady$0(219)) - Nodes are ready. Got 3 of 3 DN Heartbeats.
2022-03-08 02:52:28,876 [Listener at 127.0.0.1/40153] INFO  ozone.MiniOzoneClusterImpl (MiniOzoneClusterImpl.java:lambda$waitForClusterToBeReady$0(222)) - Waiting for cluster to exit safe mode
2022-03-08 02:52:28,876 [Listener at 127.0.0.1/40153] INFO  ozone.MiniOzoneClusterImpl (MiniOzoneClusterImpl.java:lambda$waitForClusterToBeReady$0(224)) - SCM became leader
2022-03-08 02:52:29,876 [Listener at 127.0.0.1/40153] INFO  ozone.MiniOzoneClusterImpl (MiniOzoneClusterImpl.java:lambda$waitForClusterToBeReady$0(219)) - Nodes are ready. Got 3 of 3 DN Heartbeats.
2022-03-08 02:52:29,876 [Listener at 127.0.0.1/40153] INFO  ozone.MiniOzoneClusterImpl (MiniOzoneClusterImpl.java:lambda$waitForClusterToBeReady$0(222)) - Waiting for cluster to exit safe mode
2022-03-08 02:52:29,876 [Listener at 127.0.0.1/40153] INFO  ozone.MiniOzoneClusterImpl (MiniOzoneClusterImpl.java:lambda$waitForClusterToBeReady$0(224)) - SCM became leader
2022-03-08 02:52:30,876 [Listener at 127.0.0.1/40153] INFO  ozone.MiniOzoneClusterImpl (MiniOzoneClusterImpl.java:lambda$waitForClusterToBeReady$0(219)) - Nodes are ready. Got 3 of 3 DN Heartbeats.
2022-03-08 02:52:30,877 [Listener at 127.0.0.1/40153] INFO  ozone.MiniOzoneClusterImpl (MiniOzoneClusterImpl.java:lambda$waitForClusterToBeReady$0(222)) - Waiting for cluster to exit safe mode
2022-03-08 02:52:30,877 [Listener at 127.0.0.1/40153] INFO  ozone.MiniOzoneClusterImpl (MiniOzoneClusterImpl.java:lambda$waitForClusterToBeReady$0(224)) - SCM became leader
2022-03-08 02:52:31,877 [Listener at 127.0.0.1/40153] INFO  ozone.MiniOzoneClusterImpl (MiniOzoneClusterImpl.java:lambda$waitForClusterToBeReady$0(219)) - Nodes are ready. Got 3 of 3 DN Heartbeats.
2022-03-08 02:52:31,877 [Listener at 127.0.0.1/40153] INFO  ozone.MiniOzoneClusterImpl (MiniOzoneClusterImpl.java:lambda$waitForClusterToBeReady$0(222)) - Waiting for cluster to exit safe mode
2022-03-08 02:52:31,877 [Listener at 127.0.0.1/40153] INFO  ozone.MiniOzoneClusterImpl (MiniOzoneClusterImpl.java:lambda$waitForClusterToBeReady$0(224)) - SCM became leader
2022-03-08 02:52:32,878 [Listener at 127.0.0.1/40153] INFO  ozone.MiniOzoneClusterImpl (MiniOzoneClusterImpl.java:lambda$waitForClusterToBeReady$0(219)) - Nodes are ready. Got 3 of 3 DN Heartbeats.
2022-03-08 02:52:32,878 [Listener at 127.0.0.1/40153] INFO  ozone.MiniOzoneClusterImpl (MiniOzoneClusterImpl.java:lambda$waitForClusterToBeReady$0(222)) - Waiting for cluster to exit safe mode
2022-03-08 02:52:32,878 [Listener at 127.0.0.1/40153] INFO  ozone.MiniOzoneClusterImpl (MiniOzoneClusterImpl.java:lambda$waitForClusterToBeReady$0(224)) - SCM became leader
2022-03-08 02:52:33,080 [b2e56fe9-8c58-4ee8-92f7-465001393f8b@group-779FC6785961-FollowerState] INFO  impl.FollowerState (FollowerState.java:run(134)) - b2e56fe9-8c58-4ee8-92f7-465001393f8b@group-779FC6785961-FollowerState: change to CANDIDATE, lastRpcElapsedTime:5130042607ns, electionTimeout:5115ms
2022-03-08 02:52:33,081 [b2e56fe9-8c58-4ee8-92f7-465001393f8b@group-779FC6785961-FollowerState] INFO  impl.RoleInfo (RoleInfo.java:shutdownFollowerState(108)) - b2e56fe9-8c58-4ee8-92f7-465001393f8b: shutdown b2e56fe9-8c58-4ee8-92f7-465001393f8b@group-779FC6785961-FollowerState
2022-03-08 02:52:33,081 [b2e56fe9-8c58-4ee8-92f7-465001393f8b@group-779FC6785961-FollowerState] INFO  server.RaftServer$Division (RaftServerImpl.java:setRole(290)) - b2e56fe9-8c58-4ee8-92f7-465001393f8b@group-779FC6785961: changes role from  FOLLOWER to CANDIDATE at term 6 for changeToCandidate
2022-03-08 02:52:33,081 [b2e56fe9-8c58-4ee8-92f7-465001393f8b@group-779FC6785961-FollowerState] INFO  server.RaftServerConfigKeys (ConfUtils.java:logGet(44)) - raft.server.leaderelection.pre-vote = false (custom)
2022-03-08 02:52:33,081 [b2e56fe9-8c58-4ee8-92f7-465001393f8b@group-779FC6785961-FollowerState] INFO  impl.RoleInfo (RoleInfo.java:updateAndGet(130)) - b2e56fe9-8c58-4ee8-92f7-465001393f8b: start b2e56fe9-8c58-4ee8-92f7-465001393f8b@group-779FC6785961-LeaderElection27
2022-03-08 02:52:33,093 [b2e56fe9-8c58-4ee8-92f7-465001393f8b@group-779FC6785961-LeaderElection27] INFO  impl.LeaderElection (LeaderElection.java:askForVotes(306)) - b2e56fe9-8c58-4ee8-92f7-465001393f8b@group-779FC6785961-LeaderElection27 ELECTION round 0: submit vote requests at term 7 for -1: [b2e56fe9-8c58-4ee8-92f7-465001393f8b|rpc:10.1.0.13:34551|priority:0, 7342fea1-774e-439b-933d-8d39f93ca642|rpc:10.1.0.13:33197|priority:0, 9e5b02fd-85e2-48c6-aea1-125703e1c6f5|rpc:10.1.0.13:35265|priority:1], old=null
2022-03-08 02:52:33,105 [grpc-default-executor-4] INFO  server.RaftServer$Division (RaftServerImpl.java:requestVote(1046)) - 7342fea1-774e-439b-933d-8d39f93ca642@group-779FC6785961: receive requestVote(ELECTION, b2e56fe9-8c58-4ee8-92f7-465001393f8b, group-779FC6785961, 7, (t:0, i:0))
2022-03-08 02:52:33,106 [grpc-default-executor-4] INFO  impl.VoteContext (VoteContext.java:log(48)) - 7342fea1-774e-439b-933d-8d39f93ca642@group-779FC6785961-FOLLOWER: accept ELECTION from b2e56fe9-8c58-4ee8-92f7-465001393f8b: our priority 0 <= candidate's priority 0
2022-03-08 02:52:33,106 [grpc-default-executor-4] INFO  server.RaftServer$Division (RaftServerImpl.java:setRole(290)) - 7342fea1-774e-439b-933d-8d39f93ca642@group-779FC6785961: changes role from  FOLLOWER to FOLLOWER at term 7 for candidate:b2e56fe9-8c58-4ee8-92f7-465001393f8b
2022-03-08 02:52:33,106 [grpc-default-executor-4] INFO  impl.RoleInfo (RoleInfo.java:shutdownFollowerState(108)) - 7342fea1-774e-439b-933d-8d39f93ca642: shutdown 7342fea1-774e-439b-933d-8d39f93ca642@group-779FC6785961-FollowerState
2022-03-08 02:52:33,107 [grpc-default-executor-4] INFO  impl.RoleInfo (RoleInfo.java:updateAndGet(130)) - 7342fea1-774e-439b-933d-8d39f93ca642: start 7342fea1-774e-439b-933d-8d39f93ca642@group-779FC6785961-FollowerState
2022-03-08 02:52:33,107 [7342fea1-774e-439b-933d-8d39f93ca642@group-779FC6785961-FollowerState] INFO  impl.FollowerState (FollowerState.java:run(143)) - 7342fea1-774e-439b-933d-8d39f93ca642@group-779FC6785961-FollowerState was interrupted: {}
java.lang.InterruptedException: sleep interrupted
	at java.lang.Thread.sleep(Native Method)
	at java.lang.Thread.sleep(Thread.java:342)
	at java.util.concurrent.TimeUnit.sleep(TimeUnit.java:386)
	at org.apache.ratis.util.TimeDuration.sleep(TimeDuration.java:324)
	at org.apache.ratis.util.TimeDuration.sleep(TimeDuration.java:309)
	at org.apache.ratis.server.impl.FollowerState.run(FollowerState.java:118)
2022-03-08 02:52:33,110 [grpc-default-executor-4] INFO  server.RaftServer$Division (RaftServerImpl.java:requestVote(1078)) - 7342fea1-774e-439b-933d-8d39f93ca642@group-779FC6785961 replies to ELECTION vote request: b2e56fe9-8c58-4ee8-92f7-465001393f8b<-7342fea1-774e-439b-933d-8d39f93ca642#0:OK-t7. Peer's state: 7342fea1-774e-439b-933d-8d39f93ca642@group-779FC6785961:t7, leader=null, voted=b2e56fe9-8c58-4ee8-92f7-465001393f8b, raftlog=7342fea1-774e-439b-933d-8d39f93ca642@group-779FC6785961-SegmentedRaftLog:OPENED:c-1, conf=-1: [b2e56fe9-8c58-4ee8-92f7-465001393f8b|rpc:10.1.0.13:34551|dataStream:|priority:0, 7342fea1-774e-439b-933d-8d39f93ca642|rpc:10.1.0.13:33197|dataStream:|priority:0, 9e5b02fd-85e2-48c6-aea1-125703e1c6f5|rpc:10.1.0.13:35265|dataStream:|priority:1], old=null
2022-03-08 02:52:33,118 [grpc-default-executor-3] INFO  server.RaftServer$Division (RaftServerImpl.java:requestVote(1046)) - 9e5b02fd-85e2-48c6-aea1-125703e1c6f5@group-779FC6785961: receive requestVote(ELECTION, b2e56fe9-8c58-4ee8-92f7-465001393f8b, group-779FC6785961, 7, (t:0, i:0))
2022-03-08 02:52:33,118 [grpc-default-executor-3] INFO  impl.VoteContext (VoteContext.java:log(48)) - 9e5b02fd-85e2-48c6-aea1-125703e1c6f5@group-779FC6785961-FOLLOWER: reject ELECTION from b2e56fe9-8c58-4ee8-92f7-465001393f8b: our priority 1 > candidate's priority 0
2022-03-08 02:52:33,119 [grpc-default-executor-3] INFO  server.RaftServer$Division (RaftServerImpl.java:setRole(290)) - 9e5b02fd-85e2-48c6-aea1-125703e1c6f5@group-779FC6785961: changes role from  FOLLOWER to FOLLOWER at term 7 for candidate:b2e56fe9-8c58-4ee8-92f7-465001393f8b
2022-03-08 02:52:33,119 [grpc-default-executor-3] INFO  impl.RoleInfo (RoleInfo.java:shutdownFollowerState(108)) - 9e5b02fd-85e2-48c6-aea1-125703e1c6f5: shutdown 9e5b02fd-85e2-48c6-aea1-125703e1c6f5@group-779FC6785961-FollowerState
2022-03-08 02:52:33,119 [grpc-default-executor-3] INFO  impl.RoleInfo (RoleInfo.java:updateAndGet(130)) - 9e5b02fd-85e2-48c6-aea1-125703e1c6f5: start 9e5b02fd-85e2-48c6-aea1-125703e1c6f5@group-779FC6785961-FollowerState
2022-03-08 02:52:33,121 [9e5b02fd-85e2-48c6-aea1-125703e1c6f5@group-779FC6785961-FollowerState] INFO  impl.FollowerState (FollowerState.java:run(143)) - 9e5b02fd-85e2-48c6-aea1-125703e1c6f5@group-779FC6785961-FollowerState was interrupted: {}
java.lang.InterruptedException: sleep interrupted
	at java.lang.Thread.sleep(Native Method)
	at java.lang.Thread.sleep(Thread.java:342)
	at java.util.concurrent.TimeUnit.sleep(TimeUnit.java:386)
	at org.apache.ratis.util.TimeDuration.sleep(TimeDuration.java:324)
	at org.apache.ratis.util.TimeDuration.sleep(TimeDuration.java:309)
	at org.apache.ratis.server.impl.FollowerState.run(FollowerState.java:118)
2022-03-08 02:52:33,122 [grpc-default-executor-3] INFO  server.RaftServer$Division (RaftServerImpl.java:requestVote(1078)) - 9e5b02fd-85e2-48c6-aea1-125703e1c6f5@group-779FC6785961 replies to ELECTION vote request: b2e56fe9-8c58-4ee8-92f7-465001393f8b<-9e5b02fd-85e2-48c6-aea1-125703e1c6f5#0:FAIL-t7. Peer's state: 9e5b02fd-85e2-48c6-aea1-125703e1c6f5@group-779FC6785961:t7, leader=null, voted=null, raftlog=9e5b02fd-85e2-48c6-aea1-125703e1c6f5@group-779FC6785961-SegmentedRaftLog:OPENED:c-1, conf=-1: [b2e56fe9-8c58-4ee8-92f7-465001393f8b|rpc:10.1.0.13:34551|dataStream:|priority:0, 7342fea1-774e-439b-933d-8d39f93ca642|rpc:10.1.0.13:33197|dataStream:|priority:0, 9e5b02fd-85e2-48c6-aea1-125703e1c6f5|rpc:10.1.0.13:35265|dataStream:|priority:1], old=null
2022-03-08 02:52:33,135 [b2e56fe9-8c58-4ee8-92f7-465001393f8b@group-779FC6785961-LeaderElection27] INFO  impl.LeaderElection (LeaderElection.java:logAndReturn(89)) - b2e56fe9-8c58-4ee8-92f7-465001393f8b@group-779FC6785961-LeaderElection27: ELECTION REJECTED received 2 response(s) and 0 exception(s):
2022-03-08 02:52:33,136 [b2e56fe9-8c58-4ee8-92f7-465001393f8b@group-779FC6785961-LeaderElection27] INFO  impl.LeaderElection (LeaderElection.java:logAndReturn(93)) -   Response 0: b2e56fe9-8c58-4ee8-92f7-465001393f8b<-7342fea1-774e-439b-933d-8d39f93ca642#0:OK-t7
2022-03-08 02:52:33,136 [b2e56fe9-8c58-4ee8-92f7-465001393f8b@group-779FC6785961-LeaderElection27] INFO  impl.LeaderElection (LeaderElection.java:logAndReturn(93)) -   Response 1: b2e56fe9-8c58-4ee8-92f7-465001393f8b<-9e5b02fd-85e2-48c6-aea1-125703e1c6f5#0:FAIL-t7
2022-03-08 02:52:33,136 [b2e56fe9-8c58-4ee8-92f7-465001393f8b@group-779FC6785961-LeaderElection27] INFO  impl.LeaderElection (LeaderElection.java:askForVotes(308)) - b2e56fe9-8c58-4ee8-92f7-465001393f8b@group-779FC6785961-LeaderElection27 ELECTION round 0: result REJECTED
2022-03-08 02:52:33,136 [b2e56fe9-8c58-4ee8-92f7-465001393f8b@group-779FC6785961-LeaderElection27] INFO  server.RaftServer$Division (RaftServerImpl.java:setRole(290)) - b2e56fe9-8c58-4ee8-92f7-465001393f8b@group-779FC6785961: changes role from CANDIDATE to FOLLOWER at term 7 for REJECTED
2022-03-08 02:52:33,136 [b2e56fe9-8c58-4ee8-92f7-465001393f8b@group-779FC6785961-LeaderElection27] INFO  impl.RoleInfo (RoleInfo.java:shutdownLeaderElection(121)) - b2e56fe9-8c58-4ee8-92f7-465001393f8b: shutdown b2e56fe9-8c58-4ee8-92f7-465001393f8b@group-779FC6785961-LeaderElection27
2022-03-08 02:52:33,136 [b2e56fe9-8c58-4ee8-92f7-465001393f8b@group-779FC6785961-LeaderElection27] INFO  impl.RoleInfo (RoleInfo.java:updateAndGet(130)) - b2e56fe9-8c58-4ee8-92f7-465001393f8b: start b2e56fe9-8c58-4ee8-92f7-465001393f8b@group-779FC6785961-FollowerState
2022-03-08 02:52:33,878 [Listener at 127.0.0.1/40153] INFO  ozone.MiniOzoneClusterImpl (MiniOzoneClusterImpl.java:lambda$waitForClusterToBeReady$0(219)) - Nodes are ready. Got 3 of 3 DN Heartbeats.
2022-03-08 02:52:33,879 [Listener at 127.0.0.1/40153] INFO  ozone.MiniOzoneClusterImpl (MiniOzoneClusterImpl.java:lambda$waitForClusterToBeReady$0(222)) - Waiting for cluster to exit safe mode
2022-03-08 02:52:33,879 [Listener at 127.0.0.1/40153] INFO  ozone.MiniOzoneClusterImpl (MiniOzoneClusterImpl.java:lambda$waitForClusterToBeReady$0(224)) - SCM became leader
2022-03-08 02:52:34,880 [Listener at 127.0.0.1/40153] INFO  ozone.MiniOzoneClusterImpl (MiniOzoneClusterImpl.java:lambda$waitForClusterToBeReady$0(219)) - Nodes are ready. Got 3 of 3 DN Heartbeats.
2022-03-08 02:52:34,880 [Listener at 127.0.0.1/40153] INFO  ozone.MiniOzoneClusterImpl (MiniOzoneClusterImpl.java:lambda$waitForClusterToBeReady$0(222)) - Waiting for cluster to exit safe mode
2022-03-08 02:52:34,880 [Listener at 127.0.0.1/40153] INFO  ozone.MiniOzoneClusterImpl (MiniOzoneClusterImpl.java:lambda$waitForClusterToBeReady$0(224)) - SCM became leader
2022-03-08 02:52:35,880 [Listener at 127.0.0.1/40153] INFO  ozone.MiniOzoneClusterImpl (MiniOzoneClusterImpl.java:lambda$waitForClusterToBeReady$0(219)) - Nodes are ready. Got 3 of 3 DN Heartbeats.
2022-03-08 02:52:35,880 [Listener at 127.0.0.1/40153] INFO  ozone.MiniOzoneClusterImpl (MiniOzoneClusterImpl.java:lambda$waitForClusterToBeReady$0(222)) - Waiting for cluster to exit safe mode
2022-03-08 02:52:35,880 [Listener at 127.0.0.1/40153] INFO  ozone.MiniOzoneClusterImpl (MiniOzoneClusterImpl.java:lambda$waitForClusterToBeReady$0(224)) - SCM became leader
2022-03-08 02:52:36,881 [Listener at 127.0.0.1/40153] INFO  ozone.MiniOzoneClusterImpl (MiniOzoneClusterImpl.java:lambda$waitForClusterToBeReady$0(219)) - Nodes are ready. Got 3 of 3 DN Heartbeats.
2022-03-08 02:52:36,881 [Listener at 127.0.0.1/40153] INFO  ozone.MiniOzoneClusterImpl (MiniOzoneClusterImpl.java:lambda$waitForClusterToBeReady$0(222)) - Waiting for cluster to exit safe mode
2022-03-08 02:52:36,881 [Listener at 127.0.0.1/40153] INFO  ozone.MiniOzoneClusterImpl (MiniOzoneClusterImpl.java:lambda$waitForClusterToBeReady$0(224)) - SCM became leader
2022-03-08 02:52:37,881 [Listener at 127.0.0.1/40153] INFO  ozone.MiniOzoneClusterImpl (MiniOzoneClusterImpl.java:lambda$waitForClusterToBeReady$0(219)) - Nodes are ready. Got 3 of 3 DN Heartbeats.
2022-03-08 02:52:37,881 [Listener at 127.0.0.1/40153] INFO  ozone.MiniOzoneClusterImpl (MiniOzoneClusterImpl.java:lambda$waitForClusterToBeReady$0(222)) - Waiting for cluster to exit safe mode
2022-03-08 02:52:37,882 [Listener at 127.0.0.1/40153] INFO  ozone.MiniOzoneClusterImpl (MiniOzoneClusterImpl.java:lambda$waitForClusterToBeReady$0(224)) - SCM became leader
2022-03-08 02:52:38,168 [b2e56fe9-8c58-4ee8-92f7-465001393f8b@group-779FC6785961-FollowerState] INFO  impl.FollowerState (FollowerState.java:run(134)) - b2e56fe9-8c58-4ee8-92f7-465001393f8b@group-779FC6785961-FollowerState: change to CANDIDATE, lastRpcElapsedTime:5032057124ns, electionTimeout:5028ms
2022-03-08 02:52:38,168 [b2e56fe9-8c58-4ee8-92f7-465001393f8b@group-779FC6785961-FollowerState] INFO  impl.RoleInfo (RoleInfo.java:shutdownFollowerState(108)) - b2e56fe9-8c58-4ee8-92f7-465001393f8b: shutdown b2e56fe9-8c58-4ee8-92f7-465001393f8b@group-779FC6785961-FollowerState
2022-03-08 02:52:38,168 [b2e56fe9-8c58-4ee8-92f7-465001393f8b@group-779FC6785961-FollowerState] INFO  server.RaftServer$Division (RaftServerImpl.java:setRole(290)) - b2e56fe9-8c58-4ee8-92f7-465001393f8b@group-779FC6785961: changes role from  FOLLOWER to CANDIDATE at term 7 for changeToCandidate
2022-03-08 02:52:38,168 [b2e56fe9-8c58-4ee8-92f7-465001393f8b@group-779FC6785961-FollowerState] INFO  server.RaftServerConfigKeys (ConfUtils.java:logGet(44)) - raft.server.leaderelection.pre-vote = false (custom)
2022-03-08 02:52:38,168 [b2e56fe9-8c58-4ee8-92f7-465001393f8b@group-779FC6785961-FollowerState] INFO  impl.RoleInfo (RoleInfo.java:updateAndGet(130)) - b2e56fe9-8c58-4ee8-92f7-465001393f8b: start b2e56fe9-8c58-4ee8-92f7-465001393f8b@group-779FC6785961-LeaderElection28
2022-03-08 02:52:38,178 [b2e56fe9-8c58-4ee8-92f7-465001393f8b@group-779FC6785961-LeaderElection28] INFO  impl.LeaderElection (LeaderElection.java:askForVotes(306)) - b2e56fe9-8c58-4ee8-92f7-465001393f8b@group-779FC6785961-LeaderElection28 ELECTION round 0: submit vote requests at term 8 for -1: [b2e56fe9-8c58-4ee8-92f7-465001393f8b|rpc:10.1.0.13:34551|priority:0, 7342fea1-774e-439b-933d-8d39f93ca642|rpc:10.1.0.13:33197|priority:0, 9e5b02fd-85e2-48c6-aea1-125703e1c6f5|rpc:10.1.0.13:35265|priority:1], old=null
2022-03-08 02:52:38,184 [grpc-default-executor-3] INFO  server.RaftServer$Division (RaftServerImpl.java:requestVote(1046)) - 7342fea1-774e-439b-933d-8d39f93ca642@group-779FC6785961: receive requestVote(ELECTION, b2e56fe9-8c58-4ee8-92f7-465001393f8b, group-779FC6785961, 8, (t:0, i:0))
2022-03-08 02:52:38,184 [grpc-default-executor-3] INFO  impl.VoteContext (VoteContext.java:log(48)) - 7342fea1-774e-439b-933d-8d39f93ca642@group-779FC6785961-FOLLOWER: accept ELECTION from b2e56fe9-8c58-4ee8-92f7-465001393f8b: our priority 0 <= candidate's priority 0
2022-03-08 02:52:38,184 [grpc-default-executor-3] INFO  server.RaftServer$Division (RaftServerImpl.java:setRole(290)) - 7342fea1-774e-439b-933d-8d39f93ca642@group-779FC6785961: changes role from  FOLLOWER to FOLLOWER at term 8 for candidate:b2e56fe9-8c58-4ee8-92f7-465001393f8b
2022-03-08 02:52:38,184 [grpc-default-executor-3] INFO  impl.RoleInfo (RoleInfo.java:shutdownFollowerState(108)) - 7342fea1-774e-439b-933d-8d39f93ca642: shutdown 7342fea1-774e-439b-933d-8d39f93ca642@group-779FC6785961-FollowerState
2022-03-08 02:52:38,184 [grpc-default-executor-3] INFO  impl.RoleInfo (RoleInfo.java:updateAndGet(130)) - 7342fea1-774e-439b-933d-8d39f93ca642: start 7342fea1-774e-439b-933d-8d39f93ca642@group-779FC6785961-FollowerState
2022-03-08 02:52:38,185 [7342fea1-774e-439b-933d-8d39f93ca642@group-779FC6785961-FollowerState] INFO  impl.FollowerState (FollowerState.java:run(143)) - 7342fea1-774e-439b-933d-8d39f93ca642@group-779FC6785961-FollowerState was interrupted: {}
java.lang.InterruptedException: sleep interrupted
	at java.lang.Thread.sleep(Native Method)
	at java.lang.Thread.sleep(Thread.java:342)
	at java.util.concurrent.TimeUnit.sleep(TimeUnit.java:386)
	at org.apache.ratis.util.TimeDuration.sleep(TimeDuration.java:324)
	at org.apache.ratis.util.TimeDuration.sleep(TimeDuration.java:309)
	at org.apache.ratis.server.impl.FollowerState.run(FollowerState.java:118)
2022-03-08 02:52:38,195 [grpc-default-executor-3] INFO  server.RaftServer$Division (RaftServerImpl.java:requestVote(1078)) - 7342fea1-774e-439b-933d-8d39f93ca642@group-779FC6785961 replies to ELECTION vote request: b2e56fe9-8c58-4ee8-92f7-465001393f8b<-7342fea1-774e-439b-933d-8d39f93ca642#0:OK-t8. Peer's state: 7342fea1-774e-439b-933d-8d39f93ca642@group-779FC6785961:t8, leader=null, voted=b2e56fe9-8c58-4ee8-92f7-465001393f8b, raftlog=7342fea1-774e-439b-933d-8d39f93ca642@group-779FC6785961-SegmentedRaftLog:OPENED:c-1, conf=-1: [b2e56fe9-8c58-4ee8-92f7-465001393f8b|rpc:10.1.0.13:34551|dataStream:|priority:0, 7342fea1-774e-439b-933d-8d39f93ca642|rpc:10.1.0.13:33197|dataStream:|priority:0, 9e5b02fd-85e2-48c6-aea1-125703e1c6f5|rpc:10.1.0.13:35265|dataStream:|priority:1], old=null
2022-03-08 02:52:38,197 [grpc-default-executor-4] INFO  server.RaftServer$Division (RaftServerImpl.java:requestVote(1046)) - 9e5b02fd-85e2-48c6-aea1-125703e1c6f5@group-779FC6785961: receive requestVote(ELECTION, b2e56fe9-8c58-4ee8-92f7-465001393f8b, group-779FC6785961, 8, (t:0, i:0))
2022-03-08 02:52:38,197 [grpc-default-executor-4] INFO  impl.VoteContext (VoteContext.java:log(48)) - 9e5b02fd-85e2-48c6-aea1-125703e1c6f5@group-779FC6785961-FOLLOWER: reject ELECTION from b2e56fe9-8c58-4ee8-92f7-465001393f8b: our priority 1 > candidate's priority 0
2022-03-08 02:52:38,197 [grpc-default-executor-4] INFO  server.RaftServer$Division (RaftServerImpl.java:setRole(290)) - 9e5b02fd-85e2-48c6-aea1-125703e1c6f5@group-779FC6785961: changes role from  FOLLOWER to FOLLOWER at term 8 for candidate:b2e56fe9-8c58-4ee8-92f7-465001393f8b
2022-03-08 02:52:38,197 [grpc-default-executor-4] INFO  impl.RoleInfo (RoleInfo.java:shutdownFollowerState(108)) - 9e5b02fd-85e2-48c6-aea1-125703e1c6f5: shutdown 9e5b02fd-85e2-48c6-aea1-125703e1c6f5@group-779FC6785961-FollowerState
2022-03-08 02:52:38,197 [grpc-default-executor-4] INFO  impl.RoleInfo (RoleInfo.java:updateAndGet(130)) - 9e5b02fd-85e2-48c6-aea1-125703e1c6f5: start 9e5b02fd-85e2-48c6-aea1-125703e1c6f5@group-779FC6785961-FollowerState
2022-03-08 02:52:38,199 [9e5b02fd-85e2-48c6-aea1-125703e1c6f5@group-779FC6785961-FollowerState] INFO  impl.FollowerState (FollowerState.java:run(143)) - 9e5b02fd-85e2-48c6-aea1-125703e1c6f5@group-779FC6785961-FollowerState was interrupted: {}
java.lang.InterruptedException: sleep interrupted
	at java.lang.Thread.sleep(Native Method)
	at java.lang.Thread.sleep(Thread.java:342)
	at java.util.concurrent.TimeUnit.sleep(TimeUnit.java:386)
	at org.apache.ratis.util.TimeDuration.sleep(TimeDuration.java:324)
	at org.apache.ratis.util.TimeDuration.sleep(TimeDuration.java:309)
	at org.apache.ratis.server.impl.FollowerState.run(FollowerState.java:118)
2022-03-08 02:52:38,210 [grpc-default-executor-4] INFO  server.RaftServer$Division (RaftServerImpl.java:requestVote(1078)) - 9e5b02fd-85e2-48c6-aea1-125703e1c6f5@group-779FC6785961 replies to ELECTION vote request: b2e56fe9-8c58-4ee8-92f7-465001393f8b<-9e5b02fd-85e2-48c6-aea1-125703e1c6f5#0:FAIL-t8. Peer's state: 9e5b02fd-85e2-48c6-aea1-125703e1c6f5@group-779FC6785961:t8, leader=null, voted=null, raftlog=9e5b02fd-85e2-48c6-aea1-125703e1c6f5@group-779FC6785961-SegmentedRaftLog:OPENED:c-1, conf=-1: [b2e56fe9-8c58-4ee8-92f7-465001393f8b|rpc:10.1.0.13:34551|dataStream:|priority:0, 7342fea1-774e-439b-933d-8d39f93ca642|rpc:10.1.0.13:33197|dataStream:|priority:0, 9e5b02fd-85e2-48c6-aea1-125703e1c6f5|rpc:10.1.0.13:35265|dataStream:|priority:1], old=null
2022-03-08 02:52:38,212 [b2e56fe9-8c58-4ee8-92f7-465001393f8b@group-779FC6785961-LeaderElection28] INFO  impl.LeaderElection (LeaderElection.java:logAndReturn(89)) - b2e56fe9-8c58-4ee8-92f7-465001393f8b@group-779FC6785961-LeaderElection28: ELECTION REJECTED received 2 response(s) and 0 exception(s):
2022-03-08 02:52:38,212 [b2e56fe9-8c58-4ee8-92f7-465001393f8b@group-779FC6785961-LeaderElection28] INFO  impl.LeaderElection (LeaderElection.java:logAndReturn(93)) -   Response 0: b2e56fe9-8c58-4ee8-92f7-465001393f8b<-7342fea1-774e-439b-933d-8d39f93ca642#0:OK-t8
2022-03-08 02:52:38,212 [b2e56fe9-8c58-4ee8-92f7-465001393f8b@group-779FC6785961-LeaderElection28] INFO  impl.LeaderElection (LeaderElection.java:logAndReturn(93)) -   Response 1: b2e56fe9-8c58-4ee8-92f7-465001393f8b<-9e5b02fd-85e2-48c6-aea1-125703e1c6f5#0:FAIL-t8
2022-03-08 02:52:38,212 [b2e56fe9-8c58-4ee8-92f7-465001393f8b@group-779FC6785961-LeaderElection28] INFO  impl.LeaderElection (LeaderElection.java:askForVotes(308)) - b2e56fe9-8c58-4ee8-92f7-465001393f8b@group-779FC6785961-LeaderElection28 ELECTION round 0: result REJECTED
2022-03-08 02:52:38,212 [b2e56fe9-8c58-4ee8-92f7-465001393f8b@group-779FC6785961-LeaderElection28] INFO  server.RaftServer$Division (RaftServerImpl.java:setRole(290)) - b2e56fe9-8c58-4ee8-92f7-465001393f8b@group-779FC6785961: changes role from CANDIDATE to FOLLOWER at term 8 for REJECTED
2022-03-08 02:52:38,212 [b2e56fe9-8c58-4ee8-92f7-465001393f8b@group-779FC6785961-LeaderElection28] INFO  impl.RoleInfo (RoleInfo.java:shutdownLeaderElection(121)) - b2e56fe9-8c58-4ee8-92f7-465001393f8b: shutdown b2e56fe9-8c58-4ee8-92f7-465001393f8b@group-779FC6785961-LeaderElection28
2022-03-08 02:52:38,212 [b2e56fe9-8c58-4ee8-92f7-465001393f8b@group-779FC6785961-LeaderElection28] INFO  impl.RoleInfo (RoleInfo.java:updateAndGet(130)) - b2e56fe9-8c58-4ee8-92f7-465001393f8b: start b2e56fe9-8c58-4ee8-92f7-465001393f8b@group-779FC6785961-FollowerState
2022-03-08 02:52:38,882 [Listener at 127.0.0.1/40153] INFO  ozone.MiniOzoneClusterImpl (MiniOzoneClusterImpl.java:lambda$waitForClusterToBeReady$0(219)) - Nodes are ready. Got 3 of 3 DN Heartbeats.
2022-03-08 02:52:38,883 [Listener at 127.0.0.1/40153] INFO  ozone.MiniOzoneClusterImpl (MiniOzoneClusterImpl.java:lambda$waitForClusterToBeReady$0(222)) - Waiting for cluster to exit safe mode
2022-03-08 02:52:38,883 [Listener at 127.0.0.1/40153] INFO  ozone.MiniOzoneClusterImpl (MiniOzoneClusterImpl.java:lambda$waitForClusterToBeReady$0(224)) - SCM became leader
2022-03-08 02:52:39,883 [Listener at 127.0.0.1/40153] INFO  ozone.MiniOzoneClusterImpl (MiniOzoneClusterImpl.java:lambda$waitForClusterToBeReady$0(219)) - Nodes are ready. Got 3 of 3 DN Heartbeats.
2022-03-08 02:52:39,883 [Listener at 127.0.0.1/40153] INFO  ozone.MiniOzoneClusterImpl (MiniOzoneClusterImpl.java:lambda$waitForClusterToBeReady$0(222)) - Waiting for cluster to exit safe mode
2022-03-08 02:52:39,883 [Listener at 127.0.0.1/40153] INFO  ozone.MiniOzoneClusterImpl (MiniOzoneClusterImpl.java:lambda$waitForClusterToBeReady$0(224)) - SCM became leader
2022-03-08 02:52:40,884 [Listener at 127.0.0.1/40153] INFO  ozone.MiniOzoneClusterImpl (MiniOzoneClusterImpl.java:lambda$waitForClusterToBeReady$0(219)) - Nodes are ready. Got 3 of 3 DN Heartbeats.
2022-03-08 02:52:40,884 [Listener at 127.0.0.1/40153] INFO  ozone.MiniOzoneClusterImpl (MiniOzoneClusterImpl.java:lambda$waitForClusterToBeReady$0(222)) - Waiting for cluster to exit safe mode
2022-03-08 02:52:40,884 [Listener at 127.0.0.1/40153] INFO  ozone.MiniOzoneClusterImpl (MiniOzoneClusterImpl.java:lambda$waitForClusterToBeReady$0(224)) - SCM became leader
2022-03-08 02:52:41,884 [Listener at 127.0.0.1/40153] INFO  ozone.MiniOzoneClusterImpl (MiniOzoneClusterImpl.java:lambda$waitForClusterToBeReady$0(219)) - Nodes are ready. Got 3 of 3 DN Heartbeats.
2022-03-08 02:52:41,884 [Listener at 127.0.0.1/40153] INFO  ozone.MiniOzoneClusterImpl (MiniOzoneClusterImpl.java:lambda$waitForClusterToBeReady$0(222)) - Waiting for cluster to exit safe mode
2022-03-08 02:52:41,884 [Listener at 127.0.0.1/40153] INFO  ozone.MiniOzoneClusterImpl (MiniOzoneClusterImpl.java:lambda$waitForClusterToBeReady$0(224)) - SCM became leader
2022-03-08 02:52:42,885 [Listener at 127.0.0.1/40153] INFO  ozone.MiniOzoneClusterImpl (MiniOzoneClusterImpl.java:lambda$waitForClusterToBeReady$0(219)) - Nodes are ready. Got 3 of 3 DN Heartbeats.
2022-03-08 02:52:42,885 [Listener at 127.0.0.1/40153] INFO  ozone.MiniOzoneClusterImpl (MiniOzoneClusterImpl.java:lambda$waitForClusterToBeReady$0(222)) - Waiting for cluster to exit safe mode
2022-03-08 02:52:42,885 [Listener at 127.0.0.1/40153] INFO  ozone.MiniOzoneClusterImpl (MiniOzoneClusterImpl.java:lambda$waitForClusterToBeReady$0(224)) - SCM became leader
2022-03-08 02:52:43,336 [b2e56fe9-8c58-4ee8-92f7-465001393f8b@group-779FC6785961-FollowerState] INFO  impl.FollowerState (FollowerState.java:run(134)) - b2e56fe9-8c58-4ee8-92f7-465001393f8b@group-779FC6785961-FollowerState: change to CANDIDATE, lastRpcElapsedTime:5124167720ns, electionTimeout:5108ms
2022-03-08 02:52:43,337 [b2e56fe9-8c58-4ee8-92f7-465001393f8b@group-779FC6785961-FollowerState] INFO  impl.RoleInfo (RoleInfo.java:shutdownFollowerState(108)) - b2e56fe9-8c58-4ee8-92f7-465001393f8b: shutdown b2e56fe9-8c58-4ee8-92f7-465001393f8b@group-779FC6785961-FollowerState
2022-03-08 02:52:43,337 [b2e56fe9-8c58-4ee8-92f7-465001393f8b@group-779FC6785961-FollowerState] INFO  server.RaftServer$Division (RaftServerImpl.java:setRole(290)) - b2e56fe9-8c58-4ee8-92f7-465001393f8b@group-779FC6785961: changes role from  FOLLOWER to CANDIDATE at term 8 for changeToCandidate
2022-03-08 02:52:43,337 [b2e56fe9-8c58-4ee8-92f7-465001393f8b@group-779FC6785961-FollowerState] INFO  server.RaftServerConfigKeys (ConfUtils.java:logGet(44)) - raft.server.leaderelection.pre-vote = false (custom)
2022-03-08 02:52:43,337 [b2e56fe9-8c58-4ee8-92f7-465001393f8b@group-779FC6785961-FollowerState] INFO  impl.RoleInfo (RoleInfo.java:updateAndGet(130)) - b2e56fe9-8c58-4ee8-92f7-465001393f8b: start b2e56fe9-8c58-4ee8-92f7-465001393f8b@group-779FC6785961-LeaderElection29
2022-03-08 02:52:43,347 [b2e56fe9-8c58-4ee8-92f7-465001393f8b@group-779FC6785961-LeaderElection29] INFO  impl.LeaderElection (LeaderElection.java:askForVotes(306)) - b2e56fe9-8c58-4ee8-92f7-465001393f8b@group-779FC6785961-LeaderElection29 ELECTION round 0: submit vote requests at term 9 for -1: [b2e56fe9-8c58-4ee8-92f7-465001393f8b|rpc:10.1.0.13:34551|priority:0, 7342fea1-774e-439b-933d-8d39f93ca642|rpc:10.1.0.13:33197|priority:0, 9e5b02fd-85e2-48c6-aea1-125703e1c6f5|rpc:10.1.0.13:35265|priority:1], old=null
2022-03-08 02:52:43,351 [9e5b02fd-85e2-48c6-aea1-125703e1c6f5@group-779FC6785961-FollowerState] INFO  impl.FollowerState (FollowerState.java:run(134)) - 9e5b02fd-85e2-48c6-aea1-125703e1c6f5@group-779FC6785961-FollowerState: change to CANDIDATE, lastRpcElapsedTime:5153583841ns, electionTimeout:5144ms
2022-03-08 02:52:43,351 [9e5b02fd-85e2-48c6-aea1-125703e1c6f5@group-779FC6785961-FollowerState] INFO  impl.RoleInfo (RoleInfo.java:shutdownFollowerState(108)) - 9e5b02fd-85e2-48c6-aea1-125703e1c6f5: shutdown 9e5b02fd-85e2-48c6-aea1-125703e1c6f5@group-779FC6785961-FollowerState
2022-03-08 02:52:43,351 [9e5b02fd-85e2-48c6-aea1-125703e1c6f5@group-779FC6785961-FollowerState] INFO  server.RaftServer$Division (RaftServerImpl.java:setRole(290)) - 9e5b02fd-85e2-48c6-aea1-125703e1c6f5@group-779FC6785961: changes role from  FOLLOWER to CANDIDATE at term 8 for changeToCandidate
2022-03-08 02:52:43,358 [9e5b02fd-85e2-48c6-aea1-125703e1c6f5@group-779FC6785961-FollowerState] INFO  server.RaftServerConfigKeys (ConfUtils.java:logGet(44)) - raft.server.leaderelection.pre-vote = false (custom)
2022-03-08 02:52:43,358 [9e5b02fd-85e2-48c6-aea1-125703e1c6f5@group-779FC6785961-FollowerState] INFO  impl.RoleInfo (RoleInfo.java:updateAndGet(130)) - 9e5b02fd-85e2-48c6-aea1-125703e1c6f5: start 9e5b02fd-85e2-48c6-aea1-125703e1c6f5@group-779FC6785961-LeaderElection30
2022-03-08 02:52:43,358 [grpc-default-executor-4] INFO  server.RaftServer$Division (RaftServerImpl.java:requestVote(1046)) - 7342fea1-774e-439b-933d-8d39f93ca642@group-779FC6785961: receive requestVote(ELECTION, b2e56fe9-8c58-4ee8-92f7-465001393f8b, group-779FC6785961, 9, (t:0, i:0))
2022-03-08 02:52:43,358 [grpc-default-executor-4] INFO  impl.VoteContext (VoteContext.java:log(48)) - 7342fea1-774e-439b-933d-8d39f93ca642@group-779FC6785961-FOLLOWER: accept ELECTION from b2e56fe9-8c58-4ee8-92f7-465001393f8b: our priority 0 <= candidate's priority 0
2022-03-08 02:52:43,358 [grpc-default-executor-4] INFO  server.RaftServer$Division (RaftServerImpl.java:setRole(290)) - 7342fea1-774e-439b-933d-8d39f93ca642@group-779FC6785961: changes role from  FOLLOWER to FOLLOWER at term 9 for candidate:b2e56fe9-8c58-4ee8-92f7-465001393f8b
2022-03-08 02:52:43,358 [grpc-default-executor-4] INFO  impl.RoleInfo (RoleInfo.java:shutdownFollowerState(108)) - 7342fea1-774e-439b-933d-8d39f93ca642: shutdown 7342fea1-774e-439b-933d-8d39f93ca642@group-779FC6785961-FollowerState
2022-03-08 02:52:43,358 [grpc-default-executor-4] INFO  impl.RoleInfo (RoleInfo.java:updateAndGet(130)) - 7342fea1-774e-439b-933d-8d39f93ca642: start 7342fea1-774e-439b-933d-8d39f93ca642@group-779FC6785961-FollowerState
2022-03-08 02:52:43,359 [7342fea1-774e-439b-933d-8d39f93ca642@group-779FC6785961-FollowerState] INFO  impl.FollowerState (FollowerState.java:run(143)) - 7342fea1-774e-439b-933d-8d39f93ca642@group-779FC6785961-FollowerState was interrupted: {}
java.lang.InterruptedException: sleep interrupted
	at java.lang.Thread.sleep(Native Method)
	at java.lang.Thread.sleep(Thread.java:342)
	at java.util.concurrent.TimeUnit.sleep(TimeUnit.java:386)
	at org.apache.ratis.util.TimeDuration.sleep(TimeDuration.java:324)
	at org.apache.ratis.util.TimeDuration.sleep(TimeDuration.java:309)
	at org.apache.ratis.server.impl.FollowerState.run(FollowerState.java:118)
2022-03-08 02:52:43,362 [grpc-default-executor-4] INFO  server.RaftServer$Division (RaftServerImpl.java:requestVote(1078)) - 7342fea1-774e-439b-933d-8d39f93ca642@group-779FC6785961 replies to ELECTION vote request: b2e56fe9-8c58-4ee8-92f7-465001393f8b<-7342fea1-774e-439b-933d-8d39f93ca642#0:OK-t9. Peer's state: 7342fea1-774e-439b-933d-8d39f93ca642@group-779FC6785961:t9, leader=null, voted=b2e56fe9-8c58-4ee8-92f7-465001393f8b, raftlog=7342fea1-774e-439b-933d-8d39f93ca642@group-779FC6785961-SegmentedRaftLog:OPENED:c-1, conf=-1: [b2e56fe9-8c58-4ee8-92f7-465001393f8b|rpc:10.1.0.13:34551|dataStream:|priority:0, 7342fea1-774e-439b-933d-8d39f93ca642|rpc:10.1.0.13:33197|dataStream:|priority:0, 9e5b02fd-85e2-48c6-aea1-125703e1c6f5|rpc:10.1.0.13:35265|dataStream:|priority:1], old=null
2022-03-08 02:52:43,368 [9e5b02fd-85e2-48c6-aea1-125703e1c6f5@group-779FC6785961-LeaderElection30] INFO  impl.LeaderElection (LeaderElection.java:askForVotes(306)) - 9e5b02fd-85e2-48c6-aea1-125703e1c6f5@group-779FC6785961-LeaderElection30 ELECTION round 0: submit vote requests at term 9 for -1: [b2e56fe9-8c58-4ee8-92f7-465001393f8b|rpc:10.1.0.13:34551|dataStream:|priority:0, 7342fea1-774e-439b-933d-8d39f93ca642|rpc:10.1.0.13:33197|dataStream:|priority:0, 9e5b02fd-85e2-48c6-aea1-125703e1c6f5|rpc:10.1.0.13:35265|dataStream:|priority:1], old=null
2022-03-08 02:52:43,373 [grpc-default-executor-4] INFO  server.RaftServer$Division (RaftServerImpl.java:requestVote(1046)) - 9e5b02fd-85e2-48c6-aea1-125703e1c6f5@group-779FC6785961: receive requestVote(ELECTION, b2e56fe9-8c58-4ee8-92f7-465001393f8b, group-779FC6785961, 9, (t:0, i:0))
2022-03-08 02:52:43,374 [grpc-default-executor-4] INFO  impl.VoteContext (VoteContext.java:log(48)) - 9e5b02fd-85e2-48c6-aea1-125703e1c6f5@group-779FC6785961-CANDIDATE: reject ELECTION from b2e56fe9-8c58-4ee8-92f7-465001393f8b: already has voted for 9e5b02fd-85e2-48c6-aea1-125703e1c6f5 at current term 9
2022-03-08 02:52:43,373 [grpc-default-executor-3] INFO  server.RaftServer$Division (RaftServerImpl.java:requestVote(1046)) - b2e56fe9-8c58-4ee8-92f7-465001393f8b@group-779FC6785961: receive requestVote(ELECTION, 9e5b02fd-85e2-48c6-aea1-125703e1c6f5, group-779FC6785961, 9, (t:0, i:0))
2022-03-08 02:52:43,374 [grpc-default-executor-3] INFO  impl.VoteContext (VoteContext.java:log(48)) - b2e56fe9-8c58-4ee8-92f7-465001393f8b@group-779FC6785961-CANDIDATE: reject ELECTION from 9e5b02fd-85e2-48c6-aea1-125703e1c6f5: already has voted for b2e56fe9-8c58-4ee8-92f7-465001393f8b at current term 9
2022-03-08 02:52:43,374 [grpc-default-executor-3] INFO  server.RaftServer$Division (RaftServerImpl.java:requestVote(1078)) - b2e56fe9-8c58-4ee8-92f7-465001393f8b@group-779FC6785961 replies to ELECTION vote request: 9e5b02fd-85e2-48c6-aea1-125703e1c6f5<-b2e56fe9-8c58-4ee8-92f7-465001393f8b#0:FAIL-t9. Peer's state: b2e56fe9-8c58-4ee8-92f7-465001393f8b@group-779FC6785961:t9, leader=null, voted=b2e56fe9-8c58-4ee8-92f7-465001393f8b, raftlog=b2e56fe9-8c58-4ee8-92f7-465001393f8b@group-779FC6785961-SegmentedRaftLog:OPENED:c-1, conf=-1: [b2e56fe9-8c58-4ee8-92f7-465001393f8b|rpc:10.1.0.13:34551|priority:0, 7342fea1-774e-439b-933d-8d39f93ca642|rpc:10.1.0.13:33197|priority:0, 9e5b02fd-85e2-48c6-aea1-125703e1c6f5|rpc:10.1.0.13:35265|priority:1], old=null
2022-03-08 02:52:43,374 [grpc-default-executor-4] INFO  server.RaftServer$Division (RaftServerImpl.java:requestVote(1078)) - 9e5b02fd-85e2-48c6-aea1-125703e1c6f5@group-779FC6785961 replies to ELECTION vote request: b2e56fe9-8c58-4ee8-92f7-465001393f8b<-9e5b02fd-85e2-48c6-aea1-125703e1c6f5#0:FAIL-t9. Peer's state: 9e5b02fd-85e2-48c6-aea1-125703e1c6f5@group-779FC6785961:t9, leader=null, voted=9e5b02fd-85e2-48c6-aea1-125703e1c6f5, raftlog=9e5b02fd-85e2-48c6-aea1-125703e1c6f5@group-779FC6785961-SegmentedRaftLog:OPENED:c-1, conf=-1: [b2e56fe9-8c58-4ee8-92f7-465001393f8b|rpc:10.1.0.13:34551|dataStream:|priority:0, 7342fea1-774e-439b-933d-8d39f93ca642|rpc:10.1.0.13:33197|dataStream:|priority:0, 9e5b02fd-85e2-48c6-aea1-125703e1c6f5|rpc:10.1.0.13:35265|dataStream:|priority:1], old=null
2022-03-08 02:52:43,377 [grpc-default-executor-4] INFO  server.RaftServer$Division (RaftServerImpl.java:requestVote(1046)) - 7342fea1-774e-439b-933d-8d39f93ca642@group-779FC6785961: receive requestVote(ELECTION, 9e5b02fd-85e2-48c6-aea1-125703e1c6f5, group-779FC6785961, 9, (t:0, i:0))
2022-03-08 02:52:43,377 [grpc-default-executor-4] INFO  impl.VoteContext (VoteContext.java:log(48)) - 7342fea1-774e-439b-933d-8d39f93ca642@group-779FC6785961-FOLLOWER: reject ELECTION from 9e5b02fd-85e2-48c6-aea1-125703e1c6f5: already has voted for b2e56fe9-8c58-4ee8-92f7-465001393f8b at current term 9
2022-03-08 02:52:43,377 [grpc-default-executor-4] INFO  server.RaftServer$Division (RaftServerImpl.java:requestVote(1078)) - 7342fea1-774e-439b-933d-8d39f93ca642@group-779FC6785961 replies to ELECTION vote request: 9e5b02fd-85e2-48c6-aea1-125703e1c6f5<-7342fea1-774e-439b-933d-8d39f93ca642#0:FAIL-t9. Peer's state: 7342fea1-774e-439b-933d-8d39f93ca642@group-779FC6785961:t9, leader=null, voted=b2e56fe9-8c58-4ee8-92f7-465001393f8b, raftlog=7342fea1-774e-439b-933d-8d39f93ca642@group-779FC6785961-SegmentedRaftLog:OPENED:c-1, conf=-1: [b2e56fe9-8c58-4ee8-92f7-465001393f8b|rpc:10.1.0.13:34551|dataStream:|priority:0, 7342fea1-774e-439b-933d-8d39f93ca642|rpc:10.1.0.13:33197|dataStream:|priority:0, 9e5b02fd-85e2-48c6-aea1-125703e1c6f5|rpc:10.1.0.13:35265|dataStream:|priority:1], old=null
2022-03-08 02:52:43,385 [b2e56fe9-8c58-4ee8-92f7-465001393f8b@group-779FC6785961-LeaderElection29] INFO  impl.LeaderElection (LeaderElection.java:logAndReturn(89)) - b2e56fe9-8c58-4ee8-92f7-465001393f8b@group-779FC6785961-LeaderElection29: ELECTION REJECTED received 2 response(s) and 0 exception(s):
2022-03-08 02:52:43,391 [b2e56fe9-8c58-4ee8-92f7-465001393f8b@group-779FC6785961-LeaderElection29] INFO  impl.LeaderElection (LeaderElection.java:logAndReturn(93)) -   Response 0: b2e56fe9-8c58-4ee8-92f7-465001393f8b<-7342fea1-774e-439b-933d-8d39f93ca642#0:OK-t9
2022-03-08 02:52:43,391 [b2e56fe9-8c58-4ee8-92f7-465001393f8b@group-779FC6785961-LeaderElection29] INFO  impl.LeaderElection (LeaderElection.java:logAndReturn(93)) -   Response 1: b2e56fe9-8c58-4ee8-92f7-465001393f8b<-9e5b02fd-85e2-48c6-aea1-125703e1c6f5#0:FAIL-t9
2022-03-08 02:52:43,391 [b2e56fe9-8c58-4ee8-92f7-465001393f8b@group-779FC6785961-LeaderElection29] INFO  impl.LeaderElection (LeaderElection.java:askForVotes(308)) - b2e56fe9-8c58-4ee8-92f7-465001393f8b@group-779FC6785961-LeaderElection29 ELECTION round 0: result REJECTED
2022-03-08 02:52:43,391 [b2e56fe9-8c58-4ee8-92f7-465001393f8b@group-779FC6785961-LeaderElection29] INFO  server.RaftServer$Division (RaftServerImpl.java:setRole(290)) - b2e56fe9-8c58-4ee8-92f7-465001393f8b@group-779FC6785961: changes role from CANDIDATE to FOLLOWER at term 9 for REJECTED
2022-03-08 02:52:43,391 [b2e56fe9-8c58-4ee8-92f7-465001393f8b@group-779FC6785961-LeaderElection29] INFO  impl.RoleInfo (RoleInfo.java:shutdownLeaderElection(121)) - b2e56fe9-8c58-4ee8-92f7-465001393f8b: shutdown b2e56fe9-8c58-4ee8-92f7-465001393f8b@group-779FC6785961-LeaderElection29
2022-03-08 02:52:43,391 [b2e56fe9-8c58-4ee8-92f7-465001393f8b@group-779FC6785961-LeaderElection29] INFO  impl.RoleInfo (RoleInfo.java:updateAndGet(130)) - b2e56fe9-8c58-4ee8-92f7-465001393f8b: start b2e56fe9-8c58-4ee8-92f7-465001393f8b@group-779FC6785961-FollowerState
2022-03-08 02:52:43,399 [9e5b02fd-85e2-48c6-aea1-125703e1c6f5@group-779FC6785961-LeaderElection30] INFO  impl.LeaderElection (LeaderElection.java:logAndReturn(89)) - 9e5b02fd-85e2-48c6-aea1-125703e1c6f5@group-779FC6785961-LeaderElection30: ELECTION REJECTED received 2 response(s) and 0 exception(s):
2022-03-08 02:52:43,401 [9e5b02fd-85e2-48c6-aea1-125703e1c6f5@group-779FC6785961-LeaderElection30] INFO  impl.LeaderElection (LeaderElection.java:logAndReturn(93)) -   Response 0: 9e5b02fd-85e2-48c6-aea1-125703e1c6f5<-b2e56fe9-8c58-4ee8-92f7-465001393f8b#0:FAIL-t9
2022-03-08 02:52:43,401 [9e5b02fd-85e2-48c6-aea1-125703e1c6f5@group-779FC6785961-LeaderElection30] INFO  impl.LeaderElection (LeaderElection.java:logAndReturn(93)) -   Response 1: 9e5b02fd-85e2-48c6-aea1-125703e1c6f5<-7342fea1-774e-439b-933d-8d39f93ca642#0:FAIL-t9
2022-03-08 02:52:43,401 [9e5b02fd-85e2-48c6-aea1-125703e1c6f5@group-779FC6785961-LeaderElection30] INFO  impl.LeaderElection (LeaderElection.java:askForVotes(308)) - 9e5b02fd-85e2-48c6-aea1-125703e1c6f5@group-779FC6785961-LeaderElection30 ELECTION round 0: result REJECTED
2022-03-08 02:52:43,401 [9e5b02fd-85e2-48c6-aea1-125703e1c6f5@group-779FC6785961-LeaderElection30] INFO  server.RaftServer$Division (RaftServerImpl.java:setRole(290)) - 9e5b02fd-85e2-48c6-aea1-125703e1c6f5@group-779FC6785961: changes role from CANDIDATE to FOLLOWER at term 9 for REJECTED
2022-03-08 02:52:43,401 [9e5b02fd-85e2-48c6-aea1-125703e1c6f5@group-779FC6785961-LeaderElection30] INFO  impl.RoleInfo (RoleInfo.java:shutdownLeaderElection(121)) - 9e5b02fd-85e2-48c6-aea1-125703e1c6f5: shutdown 9e5b02fd-85e2-48c6-aea1-125703e1c6f5@group-779FC6785961-LeaderElection30
2022-03-08 02:52:43,401 [9e5b02fd-85e2-48c6-aea1-125703e1c6f5@group-779FC6785961-LeaderElection30] INFO  impl.RoleInfo (RoleInfo.java:updateAndGet(130)) - 9e5b02fd-85e2-48c6-aea1-125703e1c6f5: start 9e5b02fd-85e2-48c6-aea1-125703e1c6f5@group-779FC6785961-FollowerState
2022-03-08 02:52:43,885 [Listener at 127.0.0.1/40153] INFO  ozone.MiniOzoneClusterImpl (MiniOzoneClusterImpl.java:lambda$waitForClusterToBeReady$0(219)) - Nodes are ready. Got 3 of 3 DN Heartbeats.
2022-03-08 02:52:43,885 [Listener at 127.0.0.1/40153] INFO  ozone.MiniOzoneClusterImpl (MiniOzoneClusterImpl.java:lambda$waitForClusterToBeReady$0(222)) - Waiting for cluster to exit safe mode
2022-03-08 02:52:43,885 [Listener at 127.0.0.1/40153] INFO  ozone.MiniOzoneClusterImpl (MiniOzoneClusterImpl.java:lambda$waitForClusterToBeReady$0(224)) - SCM became leader
2022-03-08 02:52:44,886 [Listener at 127.0.0.1/40153] INFO  ozone.MiniOzoneClusterImpl (MiniOzoneClusterImpl.java:lambda$waitForClusterToBeReady$0(219)) - Nodes are ready. Got 3 of 3 DN Heartbeats.
2022-03-08 02:52:44,886 [Listener at 127.0.0.1/40153] INFO  ozone.MiniOzoneClusterImpl (MiniOzoneClusterImpl.java:lambda$waitForClusterToBeReady$0(222)) - Waiting for cluster to exit safe mode
2022-03-08 02:52:44,886 [Listener at 127.0.0.1/40153] INFO  ozone.MiniOzoneClusterImpl (MiniOzoneClusterImpl.java:lambda$waitForClusterToBeReady$0(224)) - SCM became leader
2022-03-08 02:52:45,886 [Listener at 127.0.0.1/40153] INFO  ozone.MiniOzoneClusterImpl (MiniOzoneClusterImpl.java:lambda$waitForClusterToBeReady$0(219)) - Nodes are ready. Got 3 of 3 DN Heartbeats.
2022-03-08 02:52:45,886 [Listener at 127.0.0.1/40153] INFO  ozone.MiniOzoneClusterImpl (MiniOzoneClusterImpl.java:lambda$waitForClusterToBeReady$0(222)) - Waiting for cluster to exit safe mode
2022-03-08 02:52:45,886 [Listener at 127.0.0.1/40153] INFO  ozone.MiniOzoneClusterImpl (MiniOzoneClusterImpl.java:lambda$waitForClusterToBeReady$0(224)) - SCM became leader
2022-03-08 02:52:46,887 [Listener at 127.0.0.1/40153] INFO  ozone.MiniOzoneClusterImpl (MiniOzoneClusterImpl.java:lambda$waitForClusterToBeReady$0(219)) - Nodes are ready. Got 3 of 3 DN Heartbeats.
2022-03-08 02:52:46,887 [Listener at 127.0.0.1/40153] INFO  ozone.MiniOzoneClusterImpl (MiniOzoneClusterImpl.java:lambda$waitForClusterToBeReady$0(222)) - Waiting for cluster to exit safe mode
2022-03-08 02:52:46,887 [Listener at 127.0.0.1/40153] INFO  ozone.MiniOzoneClusterImpl (MiniOzoneClusterImpl.java:lambda$waitForClusterToBeReady$0(224)) - SCM became leader
2022-03-08 02:52:47,887 [Listener at 127.0.0.1/40153] INFO  ozone.MiniOzoneClusterImpl (MiniOzoneClusterImpl.java:lambda$waitForClusterToBeReady$0(219)) - Nodes are ready. Got 3 of 3 DN Heartbeats.
2022-03-08 02:52:47,887 [Listener at 127.0.0.1/40153] INFO  ozone.MiniOzoneClusterImpl (MiniOzoneClusterImpl.java:lambda$waitForClusterToBeReady$0(222)) - Waiting for cluster to exit safe mode
2022-03-08 02:52:47,888 [Listener at 127.0.0.1/40153] INFO  ozone.MiniOzoneClusterImpl (MiniOzoneClusterImpl.java:lambda$waitForClusterToBeReady$0(224)) - SCM became leader
2022-03-08 02:52:48,481 [9e5b02fd-85e2-48c6-aea1-125703e1c6f5@group-779FC6785961-FollowerState] INFO  impl.FollowerState (FollowerState.java:run(134)) - 9e5b02fd-85e2-48c6-aea1-125703e1c6f5@group-779FC6785961-FollowerState: change to CANDIDATE, lastRpcElapsedTime:5079871225ns, electionTimeout:5075ms
2022-03-08 02:52:48,481 [9e5b02fd-85e2-48c6-aea1-125703e1c6f5@group-779FC6785961-FollowerState] INFO  impl.RoleInfo (RoleInfo.java:shutdownFollowerState(108)) - 9e5b02fd-85e2-48c6-aea1-125703e1c6f5: shutdown 9e5b02fd-85e2-48c6-aea1-125703e1c6f5@group-779FC6785961-FollowerState
2022-03-08 02:52:48,481 [9e5b02fd-85e2-48c6-aea1-125703e1c6f5@group-779FC6785961-FollowerState] INFO  server.RaftServer$Division (RaftServerImpl.java:setRole(290)) - 9e5b02fd-85e2-48c6-aea1-125703e1c6f5@group-779FC6785961: changes role from  FOLLOWER to CANDIDATE at term 9 for changeToCandidate
2022-03-08 02:52:48,481 [9e5b02fd-85e2-48c6-aea1-125703e1c6f5@group-779FC6785961-FollowerState] INFO  server.RaftServerConfigKeys (ConfUtils.java:logGet(44)) - raft.server.leaderelection.pre-vote = false (custom)
2022-03-08 02:52:48,481 [9e5b02fd-85e2-48c6-aea1-125703e1c6f5@group-779FC6785961-FollowerState] INFO  impl.RoleInfo (RoleInfo.java:updateAndGet(130)) - 9e5b02fd-85e2-48c6-aea1-125703e1c6f5: start 9e5b02fd-85e2-48c6-aea1-125703e1c6f5@group-779FC6785961-LeaderElection31
2022-03-08 02:52:48,491 [9e5b02fd-85e2-48c6-aea1-125703e1c6f5@group-779FC6785961-LeaderElection31] INFO  impl.LeaderElection (LeaderElection.java:askForVotes(306)) - 9e5b02fd-85e2-48c6-aea1-125703e1c6f5@group-779FC6785961-LeaderElection31 ELECTION round 0: submit vote requests at term 10 for -1: [b2e56fe9-8c58-4ee8-92f7-465001393f8b|rpc:10.1.0.13:34551|dataStream:|priority:0, 7342fea1-774e-439b-933d-8d39f93ca642|rpc:10.1.0.13:33197|dataStream:|priority:0, 9e5b02fd-85e2-48c6-aea1-125703e1c6f5|rpc:10.1.0.13:35265|dataStream:|priority:1], old=null
2022-03-08 02:52:48,501 [grpc-default-executor-4] INFO  server.RaftServer$Division (RaftServerImpl.java:requestVote(1046)) - b2e56fe9-8c58-4ee8-92f7-465001393f8b@group-779FC6785961: receive requestVote(ELECTION, 9e5b02fd-85e2-48c6-aea1-125703e1c6f5, group-779FC6785961, 10, (t:0, i:0))
2022-03-08 02:52:48,501 [grpc-default-executor-4] INFO  impl.VoteContext (VoteContext.java:log(48)) - b2e56fe9-8c58-4ee8-92f7-465001393f8b@group-779FC6785961-FOLLOWER: accept ELECTION from 9e5b02fd-85e2-48c6-aea1-125703e1c6f5: our priority 0 <= candidate's priority 1
2022-03-08 02:52:48,502 [grpc-default-executor-4] INFO  server.RaftServer$Division (RaftServerImpl.java:setRole(290)) - b2e56fe9-8c58-4ee8-92f7-465001393f8b@group-779FC6785961: changes role from  FOLLOWER to FOLLOWER at term 10 for candidate:9e5b02fd-85e2-48c6-aea1-125703e1c6f5
2022-03-08 02:52:48,502 [grpc-default-executor-4] INFO  impl.RoleInfo (RoleInfo.java:shutdownFollowerState(108)) - b2e56fe9-8c58-4ee8-92f7-465001393f8b: shutdown b2e56fe9-8c58-4ee8-92f7-465001393f8b@group-779FC6785961-FollowerState
2022-03-08 02:52:48,502 [grpc-default-executor-4] INFO  impl.RoleInfo (RoleInfo.java:updateAndGet(130)) - b2e56fe9-8c58-4ee8-92f7-465001393f8b: start b2e56fe9-8c58-4ee8-92f7-465001393f8b@group-779FC6785961-FollowerState
2022-03-08 02:52:48,502 [b2e56fe9-8c58-4ee8-92f7-465001393f8b@group-779FC6785961-FollowerState] INFO  impl.FollowerState (FollowerState.java:run(143)) - b2e56fe9-8c58-4ee8-92f7-465001393f8b@group-779FC6785961-FollowerState was interrupted: {}
java.lang.InterruptedException: sleep interrupted
	at java.lang.Thread.sleep(Native Method)
	at java.lang.Thread.sleep(Thread.java:342)
	at java.util.concurrent.TimeUnit.sleep(TimeUnit.java:386)
	at org.apache.ratis.util.TimeDuration.sleep(TimeDuration.java:324)
	at org.apache.ratis.util.TimeDuration.sleep(TimeDuration.java:309)
	at org.apache.ratis.server.impl.FollowerState.run(FollowerState.java:118)
2022-03-08 02:52:48,510 [grpc-default-executor-3] INFO  server.RaftServer$Division (RaftServerImpl.java:requestVote(1046)) - 7342fea1-774e-439b-933d-8d39f93ca642@group-779FC6785961: receive requestVote(ELECTION, 9e5b02fd-85e2-48c6-aea1-125703e1c6f5, group-779FC6785961, 10, (t:0, i:0))
2022-03-08 02:52:48,516 [grpc-default-executor-3] INFO  impl.VoteContext (VoteContext.java:log(48)) - 7342fea1-774e-439b-933d-8d39f93ca642@group-779FC6785961-FOLLOWER: accept ELECTION from 9e5b02fd-85e2-48c6-aea1-125703e1c6f5: our priority 0 <= candidate's priority 1
2022-03-08 02:52:48,516 [grpc-default-executor-3] INFO  server.RaftServer$Division (RaftServerImpl.java:setRole(290)) - 7342fea1-774e-439b-933d-8d39f93ca642@group-779FC6785961: changes role from  FOLLOWER to FOLLOWER at term 10 for candidate:9e5b02fd-85e2-48c6-aea1-125703e1c6f5
2022-03-08 02:52:48,516 [grpc-default-executor-3] INFO  impl.RoleInfo (RoleInfo.java:shutdownFollowerState(108)) - 7342fea1-774e-439b-933d-8d39f93ca642: shutdown 7342fea1-774e-439b-933d-8d39f93ca642@group-779FC6785961-FollowerState
2022-03-08 02:52:48,516 [grpc-default-executor-3] INFO  impl.RoleInfo (RoleInfo.java:updateAndGet(130)) - 7342fea1-774e-439b-933d-8d39f93ca642: start 7342fea1-774e-439b-933d-8d39f93ca642@group-779FC6785961-FollowerState
2022-03-08 02:52:48,517 [7342fea1-774e-439b-933d-8d39f93ca642@group-779FC6785961-FollowerState] INFO  impl.FollowerState (FollowerState.java:run(143)) - 7342fea1-774e-439b-933d-8d39f93ca642@group-779FC6785961-FollowerState was interrupted: {}
java.lang.InterruptedException: sleep interrupted
	at java.lang.Thread.sleep(Native Method)
	at java.lang.Thread.sleep(Thread.java:342)
	at java.util.concurrent.TimeUnit.sleep(TimeUnit.java:386)
	at org.apache.ratis.util.TimeDuration.sleep(TimeDuration.java:324)
	at org.apache.ratis.util.TimeDuration.sleep(TimeDuration.java:309)
	at org.apache.ratis.server.impl.FollowerState.run(FollowerState.java:118)
2022-03-08 02:52:48,518 [grpc-default-executor-3] INFO  server.RaftServer$Division (RaftServerImpl.java:requestVote(1078)) - 7342fea1-774e-439b-933d-8d39f93ca642@group-779FC6785961 replies to ELECTION vote request: 9e5b02fd-85e2-48c6-aea1-125703e1c6f5<-7342fea1-774e-439b-933d-8d39f93ca642#0:OK-t10. Peer's state: 7342fea1-774e-439b-933d-8d39f93ca642@group-779FC6785961:t10, leader=null, voted=9e5b02fd-85e2-48c6-aea1-125703e1c6f5, raftlog=7342fea1-774e-439b-933d-8d39f93ca642@group-779FC6785961-SegmentedRaftLog:OPENED:c-1, conf=-1: [b2e56fe9-8c58-4ee8-92f7-465001393f8b|rpc:10.1.0.13:34551|dataStream:|priority:0, 7342fea1-774e-439b-933d-8d39f93ca642|rpc:10.1.0.13:33197|dataStream:|priority:0, 9e5b02fd-85e2-48c6-aea1-125703e1c6f5|rpc:10.1.0.13:35265|dataStream:|priority:1], old=null
2022-03-08 02:52:48,520 [9e5b02fd-85e2-48c6-aea1-125703e1c6f5@group-779FC6785961-LeaderElection31] INFO  impl.LeaderElection (LeaderElection.java:logAndReturn(89)) - 9e5b02fd-85e2-48c6-aea1-125703e1c6f5@group-779FC6785961-LeaderElection31: ELECTION PASSED received 1 response(s) and 0 exception(s):
2022-03-08 02:52:48,520 [9e5b02fd-85e2-48c6-aea1-125703e1c6f5@group-779FC6785961-LeaderElection31] INFO  impl.LeaderElection (LeaderElection.java:logAndReturn(93)) -   Response 0: 9e5b02fd-85e2-48c6-aea1-125703e1c6f5<-7342fea1-774e-439b-933d-8d39f93ca642#0:OK-t10
2022-03-08 02:52:48,520 [9e5b02fd-85e2-48c6-aea1-125703e1c6f5@group-779FC6785961-LeaderElection31] INFO  impl.LeaderElection (LeaderElection.java:askForVotes(308)) - 9e5b02fd-85e2-48c6-aea1-125703e1c6f5@group-779FC6785961-LeaderElection31 ELECTION round 0: result PASSED
2022-03-08 02:52:48,520 [9e5b02fd-85e2-48c6-aea1-125703e1c6f5@group-779FC6785961-LeaderElection31] INFO  impl.RoleInfo (RoleInfo.java:shutdownLeaderElection(121)) - 9e5b02fd-85e2-48c6-aea1-125703e1c6f5: shutdown 9e5b02fd-85e2-48c6-aea1-125703e1c6f5@group-779FC6785961-LeaderElection31
2022-03-08 02:52:48,520 [9e5b02fd-85e2-48c6-aea1-125703e1c6f5@group-779FC6785961-LeaderElection31] INFO  server.RaftServer$Division (RaftServerImpl.java:setRole(290)) - 9e5b02fd-85e2-48c6-aea1-125703e1c6f5@group-779FC6785961: changes role from CANDIDATE to LEADER at term 10 for changeToLeader
2022-03-08 02:52:48,520 [9e5b02fd-85e2-48c6-aea1-125703e1c6f5@group-779FC6785961-LeaderElection31] INFO  ratis.XceiverServerRatis (XceiverServerRatis.java:handleLeaderChangedNotification(867)) - Leader change notification received for group: group-779FC6785961 with new leaderId: 9e5b02fd-85e2-48c6-aea1-125703e1c6f5
2022-03-08 02:52:48,520 [9e5b02fd-85e2-48c6-aea1-125703e1c6f5@group-779FC6785961-LeaderElection31] INFO  server.RaftServer$Division (ServerState.java:setLeader(285)) - 9e5b02fd-85e2-48c6-aea1-125703e1c6f5@group-779FC6785961: change Leader from null to 9e5b02fd-85e2-48c6-aea1-125703e1c6f5 at term 10 for becomeLeader, leader elected after 51353ms
2022-03-08 02:52:48,520 [9e5b02fd-85e2-48c6-aea1-125703e1c6f5@group-779FC6785961-LeaderElection31] INFO  server.RaftServerConfigKeys (ConfUtils.java:logGet(44)) - raft.server.staging.catchup.gap = 1000 (default)
2022-03-08 02:52:48,520 [9e5b02fd-85e2-48c6-aea1-125703e1c6f5@group-779FC6785961-LeaderElection31] INFO  server.RaftServerConfigKeys (ConfUtils.java:logGet(44)) - raft.server.write.element-limit = 1024 (custom)
2022-03-08 02:52:48,520 [9e5b02fd-85e2-48c6-aea1-125703e1c6f5@group-779FC6785961-LeaderElection31] INFO  server.RaftServerConfigKeys (ConfUtils.java:logGet(44)) - raft.server.write.byte-limit = 1024 M (=1073741824) (custom)
2022-03-08 02:52:48,521 [9e5b02fd-85e2-48c6-aea1-125703e1c6f5@group-779FC6785961-LeaderElection31] INFO  server.RaftServerConfigKeys (ConfUtils.java:logGet(44)) - raft.server.watch.timeout = 180s (custom)
2022-03-08 02:52:48,521 [9e5b02fd-85e2-48c6-aea1-125703e1c6f5@group-779FC6785961-LeaderElection31] INFO  server.RaftServerConfigKeys (ConfUtils.java:logGet(44)) - raft.server.watch.timeout.denomination = 1s (default)
2022-03-08 02:52:48,521 [9e5b02fd-85e2-48c6-aea1-125703e1c6f5@group-779FC6785961-LeaderElection31] INFO  server.RaftServerConfigKeys (ConfUtils.java:logGet(44)) - raft.server.watch.element-limit = 65536 (default)
2022-03-08 02:52:48,521 [9e5b02fd-85e2-48c6-aea1-125703e1c6f5@group-779FC6785961-LeaderElection31] INFO  server.RaftServerConfigKeys (ConfUtils.java:logGet(44)) - raft.server.write.element-limit = 1024 (custom)
2022-03-08 02:52:48,521 [9e5b02fd-85e2-48c6-aea1-125703e1c6f5@group-779FC6785961-LeaderElection31] INFO  server.RaftServerConfigKeys (ConfUtils.java:logGet(44)) - raft.server.write.follower.gap.ratio.max = -1.0 (default)
2022-03-08 02:52:48,521 [9e5b02fd-85e2-48c6-aea1-125703e1c6f5@group-779FC6785961-LeaderElection31] INFO  server.RaftServerConfigKeys (ConfUtils.java:logGet(44)) - raft.server.log.appender.snapshot.chunk.size.max = 16MB (=16777216) (default)
2022-03-08 02:52:48,521 [9e5b02fd-85e2-48c6-aea1-125703e1c6f5@group-779FC6785961-LeaderElection31] INFO  server.RaftServerConfigKeys (ConfUtils.java:logGet(44)) - raft.server.log.appender.buffer.byte-limit = 33554432 (custom)
2022-03-08 02:52:48,521 [9e5b02fd-85e2-48c6-aea1-125703e1c6f5@group-779FC6785961-LeaderElection31] INFO  server.RaftServerConfigKeys (ConfUtils.java:logGet(44)) - raft.server.log.appender.buffer.element-limit = 1 (custom)
2022-03-08 02:52:48,521 [9e5b02fd-85e2-48c6-aea1-125703e1c6f5@group-779FC6785961-LeaderElection31] INFO  grpc.GrpcConfigKeys (ConfUtils.java:logGet(44)) - raft.grpc.server.leader.outstanding.appends.max = 128 (default)
2022-03-08 02:52:48,521 [9e5b02fd-85e2-48c6-aea1-125703e1c6f5@group-779FC6785961-LeaderElection31] INFO  server.RaftServerConfigKeys (ConfUtils.java:logGet(44)) - raft.server.rpc.request.timeout = 60s (custom)
2022-03-08 02:52:48,521 [9e5b02fd-85e2-48c6-aea1-125703e1c6f5@group-779FC6785961-LeaderElection31] INFO  server.RaftServerConfigKeys (ConfUtils.java:logGet(44)) - raft.server.log.appender.install.snapshot.enabled = false (custom)
2022-03-08 02:52:48,522 [9e5b02fd-85e2-48c6-aea1-125703e1c6f5@group-779FC6785961-LeaderElection31] INFO  server.RaftServerConfigKeys (ConfUtils.java:logGet(44)) - raft.server.log.appender.snapshot.chunk.size.max = 16MB (=16777216) (default)
2022-03-08 02:52:48,522 [9e5b02fd-85e2-48c6-aea1-125703e1c6f5@group-779FC6785961-LeaderElection31] INFO  server.RaftServerConfigKeys (ConfUtils.java:logGet(44)) - raft.server.log.appender.buffer.byte-limit = 33554432 (custom)
2022-03-08 02:52:48,522 [9e5b02fd-85e2-48c6-aea1-125703e1c6f5@group-779FC6785961-LeaderElection31] INFO  server.RaftServerConfigKeys (ConfUtils.java:logGet(44)) - raft.server.log.appender.buffer.element-limit = 1 (custom)
2022-03-08 02:52:48,522 [9e5b02fd-85e2-48c6-aea1-125703e1c6f5@group-779FC6785961-LeaderElection31] INFO  grpc.GrpcConfigKeys (ConfUtils.java:logGet(44)) - raft.grpc.server.leader.outstanding.appends.max = 128 (default)
2022-03-08 02:52:48,522 [9e5b02fd-85e2-48c6-aea1-125703e1c6f5@group-779FC6785961-LeaderElection31] INFO  server.RaftServerConfigKeys (ConfUtils.java:logGet(44)) - raft.server.rpc.request.timeout = 60s (custom)
2022-03-08 02:52:48,522 [9e5b02fd-85e2-48c6-aea1-125703e1c6f5@group-779FC6785961-LeaderElection31] INFO  server.RaftServerConfigKeys (ConfUtils.java:logGet(44)) - raft.server.log.appender.install.snapshot.enabled = false (custom)
2022-03-08 02:52:48,523 [9e5b02fd-85e2-48c6-aea1-125703e1c6f5@group-779FC6785961-LeaderElection31] INFO  impl.RoleInfo (RoleInfo.java:updateAndGet(130)) - 9e5b02fd-85e2-48c6-aea1-125703e1c6f5: start 9e5b02fd-85e2-48c6-aea1-125703e1c6f5@group-779FC6785961-LeaderStateImpl
2022-03-08 02:52:48,523 [9e5b02fd-85e2-48c6-aea1-125703e1c6f5@group-779FC6785961-LeaderElection31] INFO  segmented.SegmentedRaftLogWorker (SegmentedRaftLogWorker.java:startLogSegment(394)) - 9e5b02fd-85e2-48c6-aea1-125703e1c6f5@group-779FC6785961-SegmentedRaftLogWorker: Starting segment from index:0
2022-03-08 02:52:48,525 [9e5b02fd-85e2-48c6-aea1-125703e1c6f5@group-779FC6785961-SegmentedRaftLogWorker] INFO  segmented.SegmentedRaftLogWorker (SegmentedRaftLogWorker.java:execute(601)) - 9e5b02fd-85e2-48c6-aea1-125703e1c6f5@group-779FC6785961-SegmentedRaftLogWorker: created new log segment /home/runner/work/ozone/ozone/hadoop-ozone/integration-test/target/test-dir/MiniOzoneClusterImpl-c5fac6bb-2c25-4e61-a608-d2807dddd723/datanode-2/data/ratis/9dee4946-65d8-4d03-b5c0-779fc6785961/current/log_inprogress_0
2022-03-08 02:52:48,534 [grpc-default-executor-4] INFO  server.RaftServer$Division (RaftServerImpl.java:requestVote(1078)) - b2e56fe9-8c58-4ee8-92f7-465001393f8b@group-779FC6785961 replies to ELECTION vote request: 9e5b02fd-85e2-48c6-aea1-125703e1c6f5<-b2e56fe9-8c58-4ee8-92f7-465001393f8b#0:OK-t10. Peer's state: b2e56fe9-8c58-4ee8-92f7-465001393f8b@group-779FC6785961:t10, leader=null, voted=9e5b02fd-85e2-48c6-aea1-125703e1c6f5, raftlog=b2e56fe9-8c58-4ee8-92f7-465001393f8b@group-779FC6785961-SegmentedRaftLog:OPENED:c-1, conf=-1: [b2e56fe9-8c58-4ee8-92f7-465001393f8b|rpc:10.1.0.13:34551|priority:0, 7342fea1-774e-439b-933d-8d39f93ca642|rpc:10.1.0.13:33197|priority:0, 9e5b02fd-85e2-48c6-aea1-125703e1c6f5|rpc:10.1.0.13:35265|priority:1], old=null
2022-03-08 02:52:48,526 [EventQueue-PipelineReportForPipelineReportHandler] INFO  pipeline.PipelineManagerImpl (PipelineManagerImpl.java:openPipeline(291)) - Pipeline Pipeline[ Id: 9dee4946-65d8-4d03-b5c0-779fc6785961, Nodes: b2e56fe9-8c58-4ee8-92f7-465001393f8b{ip: 10.1.0.13, host: fv-az297-394.nmf1rxwemy4u5di1sxxf4ejcwb.jx.internal.cloudapp.net, ports: [REPLICATION=42093, RATIS=34551, RATIS_ADMIN=34551, RATIS_SERVER=34551, STANDALONE=44061], networkLocation: /default-rack, certSerialId: null, persistedOpState: IN_SERVICE, persistedOpStateExpiryEpochSec: 0}7342fea1-774e-439b-933d-8d39f93ca642{ip: 10.1.0.13, host: fv-az297-394.nmf1rxwemy4u5di1sxxf4ejcwb.jx.internal.cloudapp.net, ports: [REPLICATION=45161, RATIS=33197, RATIS_ADMIN=33197, RATIS_SERVER=33197, STANDALONE=32955], networkLocation: /default-rack, certSerialId: null, persistedOpState: IN_SERVICE, persistedOpStateExpiryEpochSec: 0}9e5b02fd-85e2-48c6-aea1-125703e1c6f5{ip: 10.1.0.13, host: fv-az297-394.nmf1rxwemy4u5di1sxxf4ejcwb.jx.internal.cloudapp.net, ports: [REPLICATION=34265, RATIS=35265, RATIS_ADMIN=35265, RATIS_SERVER=35265, STANDALONE=38063], networkLocation: /default-rack, certSerialId: null, persistedOpState: IN_SERVICE, persistedOpStateExpiryEpochSec: 0}, ReplicationConfig: RATIS/THREE, State:ALLOCATED, leaderId:9e5b02fd-85e2-48c6-aea1-125703e1c6f5, CreationTimestamp2022-03-08T02:51:54.944Z[Etc/UTC]] moved to OPEN state
2022-03-08 02:52:48,546 [9209d50e-90dc-4221-8928-8437f8c41eb2@group-D2807DDDD723-StateMachineUpdater] INFO  safemode.HealthyPipelineSafeModeRule (HealthyPipelineSafeModeRule.java:initializeRule(152)) - Refreshed total pipeline count is 1, healthy pipeline threshold count is 1
2022-03-08 02:52:48,554 [9e5b02fd-85e2-48c6-aea1-125703e1c6f5@group-779FC6785961-LeaderElection31] INFO  server.RaftServer$Division (ServerState.java:setRaftConf(387)) - 9e5b02fd-85e2-48c6-aea1-125703e1c6f5@group-779FC6785961: set configuration 0: [b2e56fe9-8c58-4ee8-92f7-465001393f8b|rpc:10.1.0.13:34551|dataStream:|priority:0, 7342fea1-774e-439b-933d-8d39f93ca642|rpc:10.1.0.13:33197|dataStream:|priority:0, 9e5b02fd-85e2-48c6-aea1-125703e1c6f5|rpc:10.1.0.13:35265|dataStream:|priority:1], old=null
2022-03-08 02:52:48,554 [EventQueue-OpenPipelineForHealthyPipelineSafeModeRule] INFO  safemode.SCMSafeModeManager (HealthyPipelineSafeModeRule.java:process(124)) - SCM in safe mode. Healthy pipelines reported count is 1, required healthy pipeline reported count is 1
2022-03-08 02:52:48,565 [EventQueue-OpenPipelineForHealthyPipelineSafeModeRule] INFO  safemode.SCMSafeModeManager (SCMSafeModeManager.java:validateSafeModeExitRules(204)) - HealthyPipelineSafeModeRule rule is successfully validated
2022-03-08 02:52:48,565 [EventQueue-OpenPipelineForHealthyPipelineSafeModeRule] INFO  safemode.SCMSafeModeManager (SCMSafeModeManager.java:validateSafeModeExitRules(219)) - ScmSafeModeManager, all rules are successfully validated
2022-03-08 02:52:48,565 [EventQueue-OpenPipelineForHealthyPipelineSafeModeRule] INFO  safemode.SCMSafeModeManager (SCMSafeModeManager.java:exitSafeMode(248)) - SCM exiting safe mode.
2022-03-08 02:52:48,565 [EventQueue-OpenPipelineForHealthyPipelineSafeModeRule] WARN  events.EventQueue (EventQueue.java:fireEvent(194)) - No event handler registered for event TypedEvent{payloadType=SafeModeStatus, name='Safe mode status'}
2022-03-08 02:52:48,565 [EventQueue-OpenPipelineForHealthyPipelineSafeModeRule] INFO  ha.SCMContext (SCMContext.java:updateSafeModeStatus(211)) - Update SafeModeStatus from SafeModeStatus{safeModeStatus=true, preCheckPassed=true} to SafeModeStatus{safeModeStatus=false, preCheckPassed=true}.
2022-03-08 02:52:48,565 [EventQueue-OpenPipelineForHealthyPipelineSafeModeRule] INFO  container.ReplicationManager (ReplicationManager.java:notifyStatusChanged(1807)) - Service ReplicationManager transitions to RUNNING.
2022-03-08 02:52:48,587 [grpc-default-executor-3] INFO  ratis.XceiverServerRatis (XceiverServerRatis.java:handleLeaderChangedNotification(867)) - Leader change notification received for group: group-779FC6785961 with new leaderId: 9e5b02fd-85e2-48c6-aea1-125703e1c6f5
2022-03-08 02:52:48,587 [grpc-default-executor-3] INFO  server.RaftServer$Division (ServerState.java:setLeader(285)) - b2e56fe9-8c58-4ee8-92f7-465001393f8b@group-779FC6785961: change Leader from null to 9e5b02fd-85e2-48c6-aea1-125703e1c6f5 at term 10 for appendEntries, leader elected after 51638ms
2022-03-08 02:52:48,588 [grpc-default-executor-3] INFO  server.RaftServer$Division (ServerState.java:setRaftConf(387)) - b2e56fe9-8c58-4ee8-92f7-465001393f8b@group-779FC6785961: set configuration 0: [b2e56fe9-8c58-4ee8-92f7-465001393f8b|rpc:10.1.0.13:34551|dataStream:|priority:0, 7342fea1-774e-439b-933d-8d39f93ca642|rpc:10.1.0.13:33197|dataStream:|priority:0, 9e5b02fd-85e2-48c6-aea1-125703e1c6f5|rpc:10.1.0.13:35265|dataStream:|priority:1], old=null
2022-03-08 02:52:48,589 [grpc-default-executor-3] INFO  segmented.SegmentedRaftLogWorker (SegmentedRaftLogWorker.java:startLogSegment(394)) - b2e56fe9-8c58-4ee8-92f7-465001393f8b@group-779FC6785961-SegmentedRaftLogWorker: Starting segment from index:0
2022-03-08 02:52:48,590 [b2e56fe9-8c58-4ee8-92f7-465001393f8b@group-779FC6785961-SegmentedRaftLogWorker] INFO  segmented.SegmentedRaftLogWorker (SegmentedRaftLogWorker.java:execute(601)) - b2e56fe9-8c58-4ee8-92f7-465001393f8b@group-779FC6785961-SegmentedRaftLogWorker: created new log segment /home/runner/work/ozone/ozone/hadoop-ozone/integration-test/target/test-dir/MiniOzoneClusterImpl-c5fac6bb-2c25-4e61-a608-d2807dddd723/datanode-0/data/ratis/9dee4946-65d8-4d03-b5c0-779fc6785961/current/log_inprogress_0
2022-03-08 02:52:48,592 [grpc-default-executor-3] INFO  ratis.XceiverServerRatis (XceiverServerRatis.java:handleLeaderChangedNotification(867)) - Leader change notification received for group: group-779FC6785961 with new leaderId: 9e5b02fd-85e2-48c6-aea1-125703e1c6f5
2022-03-08 02:52:48,593 [grpc-default-executor-3] INFO  server.RaftServer$Division (ServerState.java:setLeader(285)) - 7342fea1-774e-439b-933d-8d39f93ca642@group-779FC6785961: change Leader from null to 9e5b02fd-85e2-48c6-aea1-125703e1c6f5 at term 10 for appendEntries, leader elected after 51556ms
2022-03-08 02:52:48,610 [grpc-default-executor-3] INFO  server.RaftServer$Division (ServerState.java:setRaftConf(387)) - 7342fea1-774e-439b-933d-8d39f93ca642@group-779FC6785961: set configuration 0: [b2e56fe9-8c58-4ee8-92f7-465001393f8b|rpc:10.1.0.13:34551|dataStream:|priority:0, 7342fea1-774e-439b-933d-8d39f93ca642|rpc:10.1.0.13:33197|dataStream:|priority:0, 9e5b02fd-85e2-48c6-aea1-125703e1c6f5|rpc:10.1.0.13:35265|dataStream:|priority:1], old=null
2022-03-08 02:52:48,611 [grpc-default-executor-3] INFO  segmented.SegmentedRaftLogWorker (SegmentedRaftLogWorker.java:startLogSegment(394)) - 7342fea1-774e-439b-933d-8d39f93ca642@group-779FC6785961-SegmentedRaftLogWorker: Starting segment from index:0
2022-03-08 02:52:48,612 [7342fea1-774e-439b-933d-8d39f93ca642@group-779FC6785961-SegmentedRaftLogWorker] INFO  segmented.SegmentedRaftLogWorker (SegmentedRaftLogWorker.java:execute(601)) - 7342fea1-774e-439b-933d-8d39f93ca642@group-779FC6785961-SegmentedRaftLogWorker: created new log segment /home/runner/work/ozone/ozone/hadoop-ozone/integration-test/target/test-dir/MiniOzoneClusterImpl-c5fac6bb-2c25-4e61-a608-d2807dddd723/datanode-1/data/ratis/9dee4946-65d8-4d03-b5c0-779fc6785961/current/log_inprogress_0
2022-03-08 02:52:48,888 [Listener at 127.0.0.1/40153] INFO  ozone.MiniOzoneClusterImpl (MiniOzoneClusterImpl.java:lambda$waitForClusterToBeReady$0(219)) - Nodes are ready. Got 3 of 3 DN Heartbeats.
2022-03-08 02:52:48,888 [Listener at 127.0.0.1/40153] INFO  ozone.MiniOzoneClusterImpl (MiniOzoneClusterImpl.java:lambda$waitForClusterToBeReady$0(222)) - Cluster exits safe mode
2022-03-08 02:52:48,888 [Listener at 127.0.0.1/40153] INFO  ozone.MiniOzoneClusterImpl (MiniOzoneClusterImpl.java:lambda$waitForClusterToBeReady$0(224)) - SCM became leader
2022-03-08 02:52:48,888 [Listener at 127.0.0.1/40153] INFO  server.StorageContainerManager (StorageContainerManager.java:stop(1414)) - Stopping Container Balancer service.
2022-03-08 02:52:48,888 [Listener at 127.0.0.1/40153] INFO  balancer.ContainerBalancer (ContainerBalancer.java:stop(788)) - Container Balancer is not running.
2022-03-08 02:52:48,888 [Listener at 127.0.0.1/40153] INFO  server.StorageContainerManager (StorageContainerManager.java:stop(1421)) - Stopping Replication Manager Service.
2022-03-08 02:52:48,888 [Listener at 127.0.0.1/40153] INFO  container.ReplicationManager (ReplicationManager.java:stop(357)) - Stopping Replication Monitor Thread.
2022-03-08 02:52:48,888 [Listener at 127.0.0.1/40153] INFO  server.StorageContainerManager (StorageContainerManager.java:stop(1428)) - Stopping the Datanode Admin Monitor.
2022-03-08 02:52:48,888 [Listener at 127.0.0.1/40153] INFO  server.StorageContainerManager (StorageContainerManager.java:stop(1435)) - Stopping Lease Manager of the command watchers
2022-03-08 02:52:48,888 [Listener at 127.0.0.1/40153] INFO  server.StorageContainerManager (StorageContainerManager.java:stop(1442)) - Stopping datanode service RPC server
2022-03-08 02:52:48,889 [Listener at 127.0.0.1/40153] INFO  server.SCMDatanodeProtocolServer (SCMDatanodeProtocolServer.java:stop(400)) - Stopping the RPC server for DataNodes
2022-03-08 02:52:48,889 [Listener at 127.0.0.1/40153] INFO  ipc.Server (Server.java:stop(3414)) - Stopping server on 39159
2022-03-08 02:52:48,894 [IPC Server listener on 0] INFO  ipc.Server (Server.java:run(1376)) - Stopping IPC Server listener on 0
2022-03-08 02:52:48,894 [IPC Server Responder] INFO  ipc.Server (Server.java:run(1512)) - Stopping IPC Server Responder
2022-03-08 02:52:48,929 [SCM Heartbeat Processing Thread - 0] WARN  node.NodeStateManager (NodeStateManager.java:scheduleNextHealthCheck(815)) - Current Thread is interrupted, shutting down HB processing thread for Node Manager.
2022-03-08 02:52:48,931 [Listener at 127.0.0.1/40153] INFO  server.StorageContainerManager (StorageContainerManager.java:stop(1450)) - Stopping block service RPC server
2022-03-08 02:52:48,931 [Listener at 127.0.0.1/40153] INFO  server.SCMBlockProtocolServer (SCMBlockProtocolServer.java:stop(160)) - Stopping the RPC server for Block Protocol
2022-03-08 02:52:48,931 [Listener at 127.0.0.1/40153] INFO  ipc.Server (Server.java:stop(3414)) - Stopping server on 40167
2022-03-08 02:52:48,933 [IPC Server listener on 0] INFO  ipc.Server (Server.java:run(1376)) - Stopping IPC Server listener on 0
2022-03-08 02:52:48,936 [Listener at 127.0.0.1/40153] INFO  server.StorageContainerManager (StorageContainerManager.java:stop(1457)) - Stopping the StorageContainerLocationProtocol RPC server
2022-03-08 02:52:48,936 [Listener at 127.0.0.1/40153] INFO  server.SCMClientProtocolServer (SCMClientProtocolServer.java:stop(174)) - Stopping the RPC server for Client Protocol
2022-03-08 02:52:48,936 [Listener at 127.0.0.1/40153] INFO  ipc.Server (Server.java:stop(3414)) - Stopping server on 43267
2022-03-08 02:52:48,936 [IPC Server Responder] INFO  ipc.Server (Server.java:run(1512)) - Stopping IPC Server Responder
2022-03-08 02:52:48,938 [IPC Server listener on 0] INFO  ipc.Server (Server.java:run(1376)) - Stopping IPC Server listener on 0
2022-03-08 02:52:48,939 [Listener at 127.0.0.1/40153] INFO  server.StorageContainerManager (StorageContainerManager.java:stop(1464)) - Stopping Storage Container Manager HTTP server.
2022-03-08 02:52:48,940 [Listener at 127.0.0.1/40153] INFO  handler.ContextHandler (ContextHandler.java:doStop(1153)) - Stopped o.e.j.w.WebAppContext@630bba01{scm,/,null,STOPPED}{file:/home/runner/work/ozone/ozone/hadoop-ozone/integration-test/target/test-classes/webapps/scm}
2022-03-08 02:52:48,940 [IPC Server Responder] INFO  ipc.Server (Server.java:run(1512)) - Stopping IPC Server Responder
2022-03-08 02:52:48,940 [Listener at 127.0.0.1/40153] INFO  server.AbstractConnector (AbstractConnector.java:doStop(381)) - Stopped ServerConnector@56b4992d{HTTP/1.1, (http/1.1)}{0.0.0.0:0}
2022-03-08 02:52:48,940 [Listener at 127.0.0.1/40153] INFO  server.session (HouseKeeper.java:stopScavenging(149)) - node0 Stopped scavenging
2022-03-08 02:52:48,940 [Listener at 127.0.0.1/40153] INFO  handler.ContextHandler (ContextHandler.java:doStop(1153)) - Stopped o.e.j.s.ServletContextHandler@2dee3e13{static,/static,file:///home/runner/work/ozone/ozone/hadoop-ozone/integration-test/target/test-classes/webapps/static,STOPPED}
2022-03-08 02:52:48,940 [Listener at 127.0.0.1/40153] INFO  handler.ContextHandler (ContextHandler.java:doStop(1153)) - Stopped o.e.j.s.ServletContextHandler@4e678aa8{logs,/logs,file:///home/runner/work/ozone/ozone/hadoop-ozone/integration-test/target/log,STOPPED}
2022-03-08 02:52:48,942 [Listener at 127.0.0.1/40153] INFO  server.StorageContainerManager (StorageContainerManager.java:stop(1475)) - Stopping Block Manager Service.
2022-03-08 02:52:48,943 [Listener at 127.0.0.1/40153] INFO  utils.BackgroundService (BackgroundService.java:shutdown(132)) - Shutting down service SCMBlockDeletingService
2022-03-08 02:52:48,943 [Listener at 127.0.0.1/40153] INFO  utils.BackgroundService (BackgroundService.java:shutdown(132)) - Shutting down service SCMBlockDeletingService
2022-03-08 02:52:48,943 [Listener at 127.0.0.1/40153] INFO  server.StorageContainerManager (StorageContainerManager.java:stop(1502)) - Stopping SCM Event Queue.
2022-03-08 02:52:48,945 [Listener at 127.0.0.1/40153] INFO  server.StorageContainerManager (StorageContainerManager.java:stop(1513)) - Stopping SCM HA services.
2022-03-08 02:52:48,945 [Listener at 127.0.0.1/40153] INFO  ha.SCMRatisServerImpl (SCMRatisServerImpl.java:stop(236)) - stopping ratis server 0.0.0.0:9894
2022-03-08 02:52:48,945 [Listener at 127.0.0.1/40153] INFO  server.RaftServer (RaftServerProxy.java:lambda$close$6(391)) - 9209d50e-90dc-4221-8928-8437f8c41eb2: close
2022-03-08 02:52:48,945 [Listener at 127.0.0.1/40153] INFO  server.RaftServer$Division (RaftServerImpl.java:lambda$close$4(412)) - 9209d50e-90dc-4221-8928-8437f8c41eb2@group-D2807DDDD723: shutdown
2022-03-08 02:52:48,945 [Listener at 127.0.0.1/40153] INFO  util.JmxRegister (JmxRegister.java:unregister(73)) - Successfully un-registered JMX Bean with object name Ratis:service=RaftServer,group=group-D2807DDDD723,id=9209d50e-90dc-4221-8928-8437f8c41eb2
2022-03-08 02:52:48,945 [Listener at 127.0.0.1/40153] INFO  impl.RoleInfo (RoleInfo.java:shutdownLeaderState(91)) - 9209d50e-90dc-4221-8928-8437f8c41eb2: shutdown 9209d50e-90dc-4221-8928-8437f8c41eb2@group-D2807DDDD723-LeaderStateImpl
2022-03-08 02:52:48,945 [Listener at 127.0.0.1/40153] INFO  impl.PendingRequests (PendingRequests.java:sendNotLeaderResponses(282)) - 9209d50e-90dc-4221-8928-8437f8c41eb2@group-D2807DDDD723-PendingRequests: sendNotLeaderResponses
2022-03-08 02:52:48,946 [Listener at 127.0.0.1/40153] INFO  ha.SCMStateMachine (SCMStateMachine.java:notifyNotLeader(190)) - current leader SCM steps down.
2022-03-08 02:52:48,946 [Listener at 127.0.0.1/40153] INFO  ha.SCMContext (SCMContext.java:updateLeaderAndTerm(90)) - update <isLeader,term> from <true,2> to <false,0>
2022-03-08 02:52:48,946 [Listener at 127.0.0.1/40153] INFO  ha.SCMContext (SCMContext.java:updateLeaderAndTerm(97)) - update <isLeaderReady> from <false> to <false>
2022-03-08 02:52:48,947 [9209d50e-90dc-4221-8928-8437f8c41eb2@group-D2807DDDD723-StateMachineUpdater] INFO  ha.SCMStateMachine (SCMStateMachine.java:takeSnapshot(297)) - Current Snapshot Index 18, takeSnapshot took 1 ms
2022-03-08 02:52:48,948 [9209d50e-90dc-4221-8928-8437f8c41eb2@group-D2807DDDD723-StateMachineUpdater] INFO  impl.StateMachineUpdater (StateMachineUpdater.java:takeSnapshot(281)) - 9209d50e-90dc-4221-8928-8437f8c41eb2@group-D2807DDDD723-StateMachineUpdater: Took a snapshot at index 18
2022-03-08 02:52:48,948 [9209d50e-90dc-4221-8928-8437f8c41eb2@group-D2807DDDD723-StateMachineUpdater] INFO  impl.StateMachineUpdater (StateMachineUpdater.java:lambda$new$0(89)) - 9209d50e-90dc-4221-8928-8437f8c41eb2@group-D2807DDDD723-StateMachineUpdater: snapshotIndex: updateIncreasingly -1 -> 18
2022-03-08 02:52:48,949 [Listener at 127.0.0.1/40153] INFO  impl.StateMachineUpdater (StateMachineUpdater.java:stopAndJoin(149)) - 9209d50e-90dc-4221-8928-8437f8c41eb2@group-D2807DDDD723-StateMachineUpdater: set stopIndex = 18
2022-03-08 02:52:48,949 [Listener at 127.0.0.1/40153] INFO  server.RaftServer$Division (ServerState.java:close(419)) - 9209d50e-90dc-4221-8928-8437f8c41eb2@group-D2807DDDD723: closes. applyIndex: 18
2022-03-08 02:52:48,949 [9209d50e-90dc-4221-8928-8437f8c41eb2@group-D2807DDDD723-SegmentedRaftLogWorker] INFO  segmented.SegmentedRaftLogWorker (SegmentedRaftLogWorker.java:run(327)) - 9209d50e-90dc-4221-8928-8437f8c41eb2@group-D2807DDDD723-SegmentedRaftLogWorker was interrupted, exiting. There are 0 tasks remaining in the queue.
2022-03-08 02:52:48,950 [Listener at 127.0.0.1/40153] INFO  segmented.SegmentedRaftLogWorker (SegmentedRaftLogWorker.java:close(237)) - 9209d50e-90dc-4221-8928-8437f8c41eb2@group-D2807DDDD723-SegmentedRaftLogWorker close()
2022-03-08 02:52:48,951 [Listener at 127.0.0.1/40153] INFO  server.GrpcService (GrpcService.java:closeImpl(262)) - 9209d50e-90dc-4221-8928-8437f8c41eb2: shutdown server with port 9894 now
2022-03-08 02:52:48,951 [Listener at 127.0.0.1/40153] INFO  server.GrpcService (GrpcService.java:closeImpl(271)) - 9209d50e-90dc-4221-8928-8437f8c41eb2: shutdown server with port 9894 successfully
2022-03-08 02:52:48,951 [org.apache.ratis.util.JvmPauseMonitor$$Lambda$431/28165379@31921e92] INFO  util.JvmPauseMonitor (JvmPauseMonitor.java:run(109)) - JvmPauseMonitor-9209d50e-90dc-4221-8928-8437f8c41eb2: Stopped
2022-03-08 02:52:48,952 [Listener at 127.0.0.1/40153] INFO  pipeline.BackgroundPipelineCreator (BackgroundPipelineCreator.java:stop(158)) - Stopping RatisPipelineUtilsThread.
2022-03-08 02:52:48,952 [Listener at 127.0.0.1/40153] INFO  server.StorageContainerManager (StorageContainerManager.java:stop(1523)) - Stopping SCM MetadataStore.
2022-03-08 02:52:48,953 [Listener at 127.0.0.1/40153] INFO  impl.MetricsSystemImpl (MetricsSystemImpl.java:stop(210)) - Stopping HddsDatanode metrics system...
2022-03-08 02:52:48,983 [prometheus] INFO  impl.MetricsSinkAdapter (MetricsSinkAdapter.java:publishMetricsFromQueue(141)) - prometheus thread interrupted.
2022-03-08 02:52:48,983 [Listener at 127.0.0.1/40153] INFO  impl.MetricsSystemImpl (MetricsSystemImpl.java:stop(216)) - HddsDatanode metrics system stopped.
2022-03-08 02:52:49,529 [EndpointStateMachine task thread for /0.0.0.0:39159 - 0 ] WARN  statemachine.EndpointStateMachine (EndpointStateMachine.java:logIfNeeded(236)) - Unable to communicate to SCM server at 0.0.0.0:39159 for past 0 seconds.
java.io.EOFException: End of File Exception between local host is: "fv-az297-394/10.1.0.13"; destination host is: "0.0.0.0":39159; : java.io.EOFException; For more details see:  http://wiki.apache.org/hadoop/EOFException
	at sun.reflect.NativeConstructorAccessorImpl.newInstance0(Native Method)
	at sun.reflect.NativeConstructorAccessorImpl.newInstance(NativeConstructorAccessorImpl.java:62)
	at sun.reflect.DelegatingConstructorAccessorImpl.newInstance(DelegatingConstructorAccessorImpl.java:45)
	at java.lang.reflect.Constructor.newInstance(Constructor.java:423)
	at org.apache.hadoop.net.NetUtils.wrapWithMessage(NetUtils.java:913)
	at org.apache.hadoop.net.NetUtils.wrapException(NetUtils.java:862)
	at org.apache.hadoop.ipc.Client.getRpcResponse(Client.java:1577)
	at org.apache.hadoop.ipc.Client.call(Client.java:1519)
	at org.apache.hadoop.ipc.Client.call(Client.java:1416)
	at org.apache.hadoop.ipc.ProtobufRpcEngine$Invoker.invoke(ProtobufRpcEngine.java:236)
	at org.apache.hadoop.ipc.ProtobufRpcEngine$Invoker.invoke(ProtobufRpcEngine.java:123)
	at com.sun.proxy.$Proxy49.submitRequest(Unknown Source)
	at org.apache.hadoop.ozone.protocolPB.StorageContainerDatanodeProtocolClientSideTranslatorPB.submitRequest(StorageContainerDatanodeProtocolClientSideTranslatorPB.java:117)
	at org.apache.hadoop.ozone.protocolPB.StorageContainerDatanodeProtocolClientSideTranslatorPB.sendHeartbeat(StorageContainerDatanodeProtocolClientSideTranslatorPB.java:149)
	at org.apache.hadoop.ozone.container.common.states.endpoint.HeartbeatEndpointTask.call(HeartbeatEndpointTask.java:180)
	at org.apache.hadoop.ozone.container.common.states.endpoint.HeartbeatEndpointTask.call(HeartbeatEndpointTask.java:83)
	at java.util.concurrent.FutureTask.run(FutureTask.java:266)
	at java.util.concurrent.ThreadPoolExecutor.runWorker(ThreadPoolExecutor.java:1149)
	at java.util.concurrent.ThreadPoolExecutor$Worker.run(ThreadPoolExecutor.java:624)
	at java.lang.Thread.run(Thread.java:750)
Caused by: java.io.EOFException
	at java.io.DataInputStream.readInt(DataInputStream.java:392)
	at org.apache.hadoop.ipc.Client$IpcStreams.readResponse(Client.java:1892)
	at org.apache.hadoop.ipc.Client$Connection.receiveRpcResponse(Client.java:1202)
	at org.apache.hadoop.ipc.Client$Connection.run(Client.java:1098)
2022-03-08 02:52:50,696 [EndpointStateMachine task thread for /0.0.0.0:39159 - 0 ] INFO  ipc.Client (Client.java:handleConnectionFailure(977)) - Retrying connect to server: 0.0.0.0/0.0.0.0:39159. Already tried 0 time(s); retry policy is RetryUpToMaximumCountWithFixedSleep(maxRetries=15, sleepTime=1000 MILLISECONDS)
2022-03-08 02:52:51,697 [EndpointStateMachine task thread for /0.0.0.0:39159 - 0 ] INFO  ipc.Client (Client.java:handleConnectionFailure(977)) - Retrying connect to server: 0.0.0.0/0.0.0.0:39159. Already tried 1 time(s); retry policy is RetryUpToMaximumCountWithFixedSleep(maxRetries=15, sleepTime=1000 MILLISECONDS)
2022-03-08 02:52:52,697 [EndpointStateMachine task thread for /0.0.0.0:39159 - 0 ] INFO  ipc.Client (Client.java:handleConnectionFailure(977)) - Retrying connect to server: 0.0.0.0/0.0.0.0:39159. Already tried 2 time(s); retry policy is RetryUpToMaximumCountWithFixedSleep(maxRetries=15, sleepTime=1000 MILLISECONDS)
2022-03-08 02:52:53,698 [EndpointStateMachine task thread for /0.0.0.0:39159 - 0 ] INFO  ipc.Client (Client.java:handleConnectionFailure(977)) - Retrying connect to server: 0.0.0.0/0.0.0.0:39159. Already tried 3 time(s); retry policy is RetryUpToMaximumCountWithFixedSleep(maxRetries=15, sleepTime=1000 MILLISECONDS)
2022-03-08 02:52:53,984 [Listener at 127.0.0.1/40153] INFO  ozoneimpl.OzoneContainer (OzoneContainer.java:stop(356)) - Attempting to stop container services.
2022-03-08 02:52:53,985 [Listener at 127.0.0.1/40153] INFO  server.RaftServer (RaftServerProxy.java:lambda$close$6(391)) - b2e56fe9-8c58-4ee8-92f7-465001393f8b: close
2022-03-08 02:52:53,987 [Listener at 127.0.0.1/40153] INFO  server.RaftServer$Division (RaftServerImpl.java:lambda$close$4(412)) - b2e56fe9-8c58-4ee8-92f7-465001393f8b@group-779FC6785961: shutdown
2022-03-08 02:52:53,987 [Listener at 127.0.0.1/40153] INFO  util.JmxRegister (JmxRegister.java:unregister(73)) - Successfully un-registered JMX Bean with object name Ratis:service=RaftServer,group=group-779FC6785961,id=b2e56fe9-8c58-4ee8-92f7-465001393f8b
2022-03-08 02:52:53,987 [Listener at 127.0.0.1/40153] INFO  impl.RoleInfo (RoleInfo.java:shutdownFollowerState(108)) - b2e56fe9-8c58-4ee8-92f7-465001393f8b: shutdown b2e56fe9-8c58-4ee8-92f7-465001393f8b@group-779FC6785961-FollowerState
2022-03-08 02:52:53,987 [Listener at 127.0.0.1/40153] INFO  impl.StateMachineUpdater (StateMachineUpdater.java:stopAndJoin(149)) - b2e56fe9-8c58-4ee8-92f7-465001393f8b@group-779FC6785961-StateMachineUpdater: set stopIndex = 0
2022-03-08 02:52:53,987 [b2e56fe9-8c58-4ee8-92f7-465001393f8b@group-779FC6785961-FollowerState] INFO  impl.FollowerState (FollowerState.java:run(143)) - b2e56fe9-8c58-4ee8-92f7-465001393f8b@group-779FC6785961-FollowerState was interrupted: {}
java.lang.InterruptedException: sleep interrupted
	at java.lang.Thread.sleep(Native Method)
	at java.lang.Thread.sleep(Thread.java:342)
	at java.util.concurrent.TimeUnit.sleep(TimeUnit.java:386)
	at org.apache.ratis.util.TimeDuration.sleep(TimeDuration.java:324)
	at org.apache.ratis.util.TimeDuration.sleep(TimeDuration.java:309)
	at org.apache.ratis.server.impl.FollowerState.run(FollowerState.java:118)
2022-03-08 02:52:53,988 [b2e56fe9-8c58-4ee8-92f7-465001393f8b@group-779FC6785961-StateMachineUpdater] INFO  ratis.ContainerStateMachine (ContainerStateMachine.java:takeSnapshot(304)) - group-779FC6785961: Taking a snapshot at:(t:10, i:0) file /home/runner/work/ozone/ozone/hadoop-ozone/integration-test/target/test-dir/MiniOzoneClusterImpl-c5fac6bb-2c25-4e61-a608-d2807dddd723/datanode-0/data/ratis/9dee4946-65d8-4d03-b5c0-779fc6785961/sm/snapshot.10_0
2022-03-08 02:52:53,989 [ForkJoinPool.commonPool-worker-1] INFO  server.RaftServer$Division (RaftServerImpl.java:lambda$close$4(412)) - b2e56fe9-8c58-4ee8-92f7-465001393f8b@group-003E3C768B44: shutdown
2022-03-08 02:52:53,989 [ForkJoinPool.commonPool-worker-1] INFO  util.JmxRegister (JmxRegister.java:unregister(73)) - Successfully un-registered JMX Bean with object name Ratis:service=RaftServer,group=group-003E3C768B44,id=b2e56fe9-8c58-4ee8-92f7-465001393f8b
2022-03-08 02:52:53,989 [ForkJoinPool.commonPool-worker-1] INFO  impl.RoleInfo (RoleInfo.java:shutdownLeaderState(91)) - b2e56fe9-8c58-4ee8-92f7-465001393f8b: shutdown b2e56fe9-8c58-4ee8-92f7-465001393f8b@group-003E3C768B44-LeaderStateImpl
2022-03-08 02:52:53,990 [ForkJoinPool.commonPool-worker-1] INFO  impl.PendingRequests (PendingRequests.java:sendNotLeaderResponses(282)) - b2e56fe9-8c58-4ee8-92f7-465001393f8b@group-003E3C768B44-PendingRequests: sendNotLeaderResponses
2022-03-08 02:52:53,990 [b2e56fe9-8c58-4ee8-92f7-465001393f8b@group-779FC6785961-StateMachineUpdater] INFO  ratis.ContainerStateMachine (ContainerStateMachine.java:takeSnapshot(315)) - group-779FC6785961: Finished taking a snapshot at:(t:10, i:0) file:/home/runner/work/ozone/ozone/hadoop-ozone/integration-test/target/test-dir/MiniOzoneClusterImpl-c5fac6bb-2c25-4e61-a608-d2807dddd723/datanode-0/data/ratis/9dee4946-65d8-4d03-b5c0-779fc6785961/sm/snapshot.10_0 took: 2 ms
2022-03-08 02:52:53,991 [b2e56fe9-8c58-4ee8-92f7-465001393f8b@group-779FC6785961-StateMachineUpdater] INFO  impl.StateMachineUpdater (StateMachineUpdater.java:takeSnapshot(281)) - b2e56fe9-8c58-4ee8-92f7-465001393f8b@group-779FC6785961-StateMachineUpdater: Took a snapshot at index 0
2022-03-08 02:52:53,991 [b2e56fe9-8c58-4ee8-92f7-465001393f8b@group-779FC6785961-StateMachineUpdater] INFO  impl.StateMachineUpdater (StateMachineUpdater.java:lambda$new$0(89)) - b2e56fe9-8c58-4ee8-92f7-465001393f8b@group-779FC6785961-StateMachineUpdater: snapshotIndex: updateIncreasingly -1 -> 0
2022-03-08 02:52:53,992 [Listener at 127.0.0.1/40153] INFO  server.RaftServer$Division (ServerState.java:close(419)) - b2e56fe9-8c58-4ee8-92f7-465001393f8b@group-779FC6785961: closes. applyIndex: 0
2022-03-08 02:52:53,993 [b2e56fe9-8c58-4ee8-92f7-465001393f8b@group-779FC6785961-SegmentedRaftLogWorker] INFO  segmented.SegmentedRaftLogWorker (SegmentedRaftLogWorker.java:run(327)) - b2e56fe9-8c58-4ee8-92f7-465001393f8b@group-779FC6785961-SegmentedRaftLogWorker was interrupted, exiting. There are 0 tasks remaining in the queue.
2022-03-08 02:52:53,997 [Listener at 127.0.0.1/40153] INFO  segmented.SegmentedRaftLogWorker (SegmentedRaftLogWorker.java:close(237)) - b2e56fe9-8c58-4ee8-92f7-465001393f8b@group-779FC6785961-SegmentedRaftLogWorker close()
2022-03-08 02:52:54,003 [b2e56fe9-8c58-4ee8-92f7-465001393f8b@group-003E3C768B44-StateMachineUpdater] INFO  ratis.ContainerStateMachine (ContainerStateMachine.java:takeSnapshot(304)) - group-003E3C768B44: Taking a snapshot at:(t:1, i:0) file /home/runner/work/ozone/ozone/hadoop-ozone/integration-test/target/test-dir/MiniOzoneClusterImpl-c5fac6bb-2c25-4e61-a608-d2807dddd723/datanode-0/data/ratis/2053d7a4-0bc1-48ab-9409-003e3c768b44/sm/snapshot.1_0
2022-03-08 02:52:54,003 [ForkJoinPool.commonPool-worker-1] INFO  impl.StateMachineUpdater (StateMachineUpdater.java:stopAndJoin(149)) - b2e56fe9-8c58-4ee8-92f7-465001393f8b@group-003E3C768B44-StateMachineUpdater: set stopIndex = 0
2022-03-08 02:52:54,004 [b2e56fe9-8c58-4ee8-92f7-465001393f8b@group-003E3C768B44-StateMachineUpdater] INFO  ratis.ContainerStateMachine (ContainerStateMachine.java:takeSnapshot(315)) - group-003E3C768B44: Finished taking a snapshot at:(t:1, i:0) file:/home/runner/work/ozone/ozone/hadoop-ozone/integration-test/target/test-dir/MiniOzoneClusterImpl-c5fac6bb-2c25-4e61-a608-d2807dddd723/datanode-0/data/ratis/2053d7a4-0bc1-48ab-9409-003e3c768b44/sm/snapshot.1_0 took: 1 ms
2022-03-08 02:52:54,004 [b2e56fe9-8c58-4ee8-92f7-465001393f8b@group-003E3C768B44-StateMachineUpdater] INFO  impl.StateMachineUpdater (StateMachineUpdater.java:takeSnapshot(281)) - b2e56fe9-8c58-4ee8-92f7-465001393f8b@group-003E3C768B44-StateMachineUpdater: Took a snapshot at index 0
2022-03-08 02:52:54,004 [b2e56fe9-8c58-4ee8-92f7-465001393f8b@group-003E3C768B44-StateMachineUpdater] INFO  impl.StateMachineUpdater (StateMachineUpdater.java:lambda$new$0(89)) - b2e56fe9-8c58-4ee8-92f7-465001393f8b@group-003E3C768B44-StateMachineUpdater: snapshotIndex: updateIncreasingly -1 -> 0
2022-03-08 02:52:54,005 [ForkJoinPool.commonPool-worker-1] INFO  server.RaftServer$Division (ServerState.java:close(419)) - b2e56fe9-8c58-4ee8-92f7-465001393f8b@group-003E3C768B44: closes. applyIndex: 0
2022-03-08 02:52:54,006 [b2e56fe9-8c58-4ee8-92f7-465001393f8b@group-003E3C768B44-SegmentedRaftLogWorker] INFO  segmented.SegmentedRaftLogWorker (SegmentedRaftLogWorker.java:run(327)) - b2e56fe9-8c58-4ee8-92f7-465001393f8b@group-003E3C768B44-SegmentedRaftLogWorker was interrupted, exiting. There are 0 tasks remaining in the queue.
2022-03-08 02:52:54,011 [ForkJoinPool.commonPool-worker-1] INFO  segmented.SegmentedRaftLogWorker (SegmentedRaftLogWorker.java:close(237)) - b2e56fe9-8c58-4ee8-92f7-465001393f8b@group-003E3C768B44-SegmentedRaftLogWorker close()
2022-03-08 02:52:54,015 [Listener at 127.0.0.1/40153] INFO  server.GrpcService (GrpcService.java:closeImpl(262)) - b2e56fe9-8c58-4ee8-92f7-465001393f8b: shutdown server with port 34551 now
2022-03-08 02:52:54,031 [Listener at 127.0.0.1/40153] INFO  server.GrpcService (GrpcService.java:closeImpl(271)) - b2e56fe9-8c58-4ee8-92f7-465001393f8b: shutdown server with port 34551 successfully
2022-03-08 02:52:54,041 [org.apache.ratis.util.JvmPauseMonitor$$Lambda$431/28165379@56237291] INFO  util.JvmPauseMonitor (JvmPauseMonitor.java:run(109)) - JvmPauseMonitor-b2e56fe9-8c58-4ee8-92f7-465001393f8b: Stopped
2022-03-08 02:52:54,042 [grpc-default-executor-4] WARN  server.GrpcServerProtocolService (LogUtils.java:warn(122)) - b2e56fe9-8c58-4ee8-92f7-465001393f8b: installSnapshot onError, lastRequest: 9e5b02fd-85e2-48c6-aea1-125703e1c6f5->b2e56fe9-8c58-4ee8-92f7-465001393f8b#1-t10,previous=(t:0, i:0),leaderCommit=0,initializing? true,entries: size=1, first=(t:10, i:0), CONFIGURATIONENTRY: org.apache.ratis.thirdparty.io.grpc.StatusRuntimeException: CANCELLED: client cancelled
2022-03-08 02:52:54,048 [grpc-default-executor-5] WARN  server.GrpcLogAppender (LogUtils.java:warn(122)) - 9e5b02fd-85e2-48c6-aea1-125703e1c6f5@group-779FC6785961->b2e56fe9-8c58-4ee8-92f7-465001393f8b-AppendLogResponseHandler: Failed appendEntries: org.apache.ratis.thirdparty.io.grpc.StatusRuntimeException: CANCELLED: HTTP/2 error code: CANCEL
Received Rst Stream
2022-03-08 02:52:54,048 [grpc-default-executor-5] WARN  server.GrpcLogAppender (GrpcLogAppender.java:resetClient(110)) - 9e5b02fd-85e2-48c6-aea1-125703e1c6f5@group-779FC6785961->b2e56fe9-8c58-4ee8-92f7-465001393f8b-GrpcLogAppender: Leader has not got in touch with Follower 9e5b02fd-85e2-48c6-aea1-125703e1c6f5@group-779FC6785961->b2e56fe9-8c58-4ee8-92f7-465001393f8b(c0,m0,n1, attendVote=true, lastRpcSendTime=439, lastRpcResponseTime=433) yet, just keep nextIndex unchanged and retry.
2022-03-08 02:52:54,700 [EndpointStateMachine task thread for /0.0.0.0:39159 - 0 ] INFO  ipc.Client (Client.java:handleConnectionFailure(977)) - Retrying connect to server: 0.0.0.0/0.0.0.0:39159. Already tried 4 time(s); retry policy is RetryUpToMaximumCountWithFixedSleep(maxRetries=15, sleepTime=1000 MILLISECONDS)
2022-03-08 02:52:55,701 [EndpointStateMachine task thread for /0.0.0.0:39159 - 0 ] INFO  ipc.Client (Client.java:handleConnectionFailure(977)) - Retrying connect to server: 0.0.0.0/0.0.0.0:39159. Already tried 5 time(s); retry policy is RetryUpToMaximumCountWithFixedSleep(maxRetries=15, sleepTime=1000 MILLISECONDS)
2022-03-08 02:52:56,062 [Listener at 127.0.0.1/40153] INFO  utils.BackgroundService (BackgroundService.java:shutdown(132)) - Shutting down service BlockDeletingService
2022-03-08 02:52:56,125 [grpc-default-executor-4] WARN  server.GrpcLogAppender (LogUtils.java:warn(122)) - 9e5b02fd-85e2-48c6-aea1-125703e1c6f5@group-779FC6785961->b2e56fe9-8c58-4ee8-92f7-465001393f8b-AppendLogResponseHandler: Failed appendEntries: org.apache.ratis.thirdparty.io.grpc.StatusRuntimeException: UNAVAILABLE: io exception
2022-03-08 02:52:56,126 [grpc-default-executor-4] WARN  server.GrpcLogAppender (GrpcLogAppender.java:resetClient(110)) - 9e5b02fd-85e2-48c6-aea1-125703e1c6f5@group-779FC6785961->b2e56fe9-8c58-4ee8-92f7-465001393f8b-GrpcLogAppender: Leader has not got in touch with Follower 9e5b02fd-85e2-48c6-aea1-125703e1c6f5@group-779FC6785961->b2e56fe9-8c58-4ee8-92f7-465001393f8b(c0,m0,n1, attendVote=true, lastRpcSendTime=2, lastRpcResponseTime=2510) yet, just keep nextIndex unchanged and retry.
2022-03-08 02:52:56,701 [EndpointStateMachine task thread for /0.0.0.0:39159 - 0 ] INFO  ipc.Client (Client.java:handleConnectionFailure(977)) - Retrying connect to server: 0.0.0.0/0.0.0.0:39159. Already tried 6 time(s); retry policy is RetryUpToMaximumCountWithFixedSleep(maxRetries=15, sleepTime=1000 MILLISECONDS)
2022-03-08 02:52:57,702 [EndpointStateMachine task thread for /0.0.0.0:39159 - 0 ] INFO  ipc.Client (Client.java:handleConnectionFailure(977)) - Retrying connect to server: 0.0.0.0/0.0.0.0:39159. Already tried 7 time(s); retry policy is RetryUpToMaximumCountWithFixedSleep(maxRetries=15, sleepTime=1000 MILLISECONDS)
2022-03-08 02:52:58,624 [grpc-default-executor-4] WARN  server.GrpcLogAppender (LogUtils.java:warn(122)) - 9e5b02fd-85e2-48c6-aea1-125703e1c6f5@group-779FC6785961->b2e56fe9-8c58-4ee8-92f7-465001393f8b-AppendLogResponseHandler: Failed appendEntries: org.apache.ratis.thirdparty.io.grpc.StatusRuntimeException: UNAVAILABLE: io exception
2022-03-08 02:52:58,625 [grpc-default-executor-4] WARN  server.GrpcLogAppender (GrpcLogAppender.java:resetClient(110)) - 9e5b02fd-85e2-48c6-aea1-125703e1c6f5@group-779FC6785961->b2e56fe9-8c58-4ee8-92f7-465001393f8b-GrpcLogAppender: Leader has not got in touch with Follower 9e5b02fd-85e2-48c6-aea1-125703e1c6f5@group-779FC6785961->b2e56fe9-8c58-4ee8-92f7-465001393f8b(c0,m0,n1, attendVote=true, lastRpcSendTime=0, lastRpcResponseTime=5009) yet, just keep nextIndex unchanged and retry.
2022-03-08 02:52:58,710 [EndpointStateMachine task thread for /0.0.0.0:39159 - 0 ] INFO  ipc.Client (Client.java:handleConnectionFailure(977)) - Retrying connect to server: 0.0.0.0/0.0.0.0:39159. Already tried 8 time(s); retry policy is RetryUpToMaximumCountWithFixedSleep(maxRetries=15, sleepTime=1000 MILLISECONDS)
2022-03-08 02:52:59,066 [Listener at 127.0.0.1/40153] INFO  statemachine.DatanodeStateMachine (DatanodeStateMachine.java:stopDaemon(529)) - Ozone container server stopped.
2022-03-08 02:52:59,067 [Listener at 127.0.0.1/40153] INFO  handler.ContextHandler (ContextHandler.java:doStop(1153)) - Stopped o.e.j.w.WebAppContext@7a65d96e{hddsDatanode,/,null,STOPPED}{jar:file:/home/runner/.m2/repository/org/apache/ozone/hdds-container-service/1.3.0-SNAPSHOT/hdds-container-service-1.3.0-SNAPSHOT.jar!/webapps/hddsDatanode}
2022-03-08 02:52:59,070 [Listener at 127.0.0.1/40153] INFO  server.AbstractConnector (AbstractConnector.java:doStop(381)) - Stopped ServerConnector@74a9dd7f{HTTP/1.1, (http/1.1)}{0.0.0.0:0}
2022-03-08 02:52:59,070 [Listener at 127.0.0.1/40153] INFO  server.session (HouseKeeper.java:stopScavenging(149)) - node0 Stopped scavenging
2022-03-08 02:52:59,070 [Listener at 127.0.0.1/40153] INFO  handler.ContextHandler (ContextHandler.java:doStop(1153)) - Stopped o.e.j.s.ServletContextHandler@465b0aa2{static,/static,jar:file:/home/runner/.m2/repository/org/apache/ozone/hdds-container-service/1.3.0-SNAPSHOT/hdds-container-service-1.3.0-SNAPSHOT.jar!/webapps/static,STOPPED}
2022-03-08 02:52:59,070 [Listener at 127.0.0.1/40153] INFO  handler.ContextHandler (ContextHandler.java:doStop(1153)) - Stopped o.e.j.s.ServletContextHandler@2204cf88{logs,/logs,file:///home/runner/work/ozone/ozone/hadoop-ozone/integration-test/target/log,STOPPED}
2022-03-08 02:52:59,080 [Listener at 127.0.0.1/40153] WARN  impl.MetricRegistriesImpl (MetricRegistriesImpl.java:addReporterRegistration(111)) - New reporters are added after registries were created. Some metrics will be missing from the reporter. Please add reporter before adding any new registry.
2022-03-08 02:52:59,081 [Listener at 127.0.0.1/40153] WARN  impl.MetricRegistriesImpl (MetricRegistriesImpl.java:addReporterRegistration(111)) - New reporters are added after registries were created. Some metrics will be missing from the reporter. Please add reporter before adding any new registry.
2022-03-08 02:52:59,083 [Listener at 127.0.0.1/40153] WARN  impl.MetricsConfig (MetricsConfig.java:loadFirst(136)) - Cannot locate configuration: tried hadoop-metrics2-hddsdatanode.properties,hadoop-metrics2.properties
2022-03-08 02:52:59,091 [Listener at 127.0.0.1/40153] INFO  impl.MetricsSystemImpl (MetricsSystemImpl.java:startTimer(378)) - Scheduled Metric snapshot period at 10 second(s).
2022-03-08 02:52:59,091 [Listener at 127.0.0.1/40153] INFO  impl.MetricsSystemImpl (MetricsSystemImpl.java:start(191)) - HddsDatanode metrics system started
2022-03-08 02:52:59,170 [Listener at 127.0.0.1/40153] INFO  impl.MetricsSinkAdapter (MetricsSinkAdapter.java:start(204)) - Sink prometheus started
2022-03-08 02:52:59,170 [Listener at 127.0.0.1/40153] INFO  impl.MetricsSystemImpl (MetricsSystemImpl.java:registerSink(305)) - Registered sink prometheus
2022-03-08 02:52:59,267 [Listener at 127.0.0.1/40153] INFO  ozone.HddsDatanodeService (HddsDatanodeService.java:start(233)) - HddsDatanodeService host:fv-az297-394.nmf1rxwemy4u5di1sxxf4ejcwb.jx.internal.cloudapp.net ip:10.1.0.13
2022-03-08 02:52:59,304 [Listener at 127.0.0.1/40153] INFO  upgrade.AbstractLayoutVersionManager (AbstractLayoutVersionManager.java:init(79)) - Initializing Layout version manager with metadata layout = SCM_HA (version = 2), software layout = SCM_HA (version = 2)
2022-03-08 02:52:59,358 [Listener at 127.0.0.1/40153] INFO  reflections.Reflections (Reflections.java:scan(232)) - Reflections took 53 ms to scan 7 urls, producing 122 keys and 286 values 
2022-03-08 02:52:59,365 [Listener at 127.0.0.1/40153] INFO  statemachine.DatanodeStateMachine (DatanodeStateMachine.java:getEndPointTaskThreadPoolSize(222)) - Datanode State Machine Task Thread Pool size 2
2022-03-08 02:52:59,366 [Listener at 127.0.0.1/40153] INFO  volume.HddsVolume (HddsVolume.java:<init>(120)) - Creating HddsVolume: /home/runner/work/ozone/ozone/hadoop-ozone/integration-test/target/test-dir/MiniOzoneClusterImpl-c5fac6bb-2c25-4e61-a608-d2807dddd723/datanode-0/data-0/containers/hdds of storage type : DISK capacity : 9223372036854775807
2022-03-08 02:52:59,367 [Listener at 127.0.0.1/40153] INFO  volume.MutableVolumeSet (MutableVolumeSet.java:initializeVolumeSet(168)) - Added Volume : /home/runner/work/ozone/ozone/hadoop-ozone/integration-test/target/test-dir/MiniOzoneClusterImpl-c5fac6bb-2c25-4e61-a608-d2807dddd723/datanode-0/data-0/containers/hdds to VolumeSet
2022-03-08 02:52:59,367 [Listener at 127.0.0.1/40153] INFO  volume.ThrottledAsyncChecker (ThrottledAsyncChecker.java:schedule(141)) - Scheduling a check for /home/runner/work/ozone/ozone/hadoop-ozone/integration-test/target/test-dir/MiniOzoneClusterImpl-c5fac6bb-2c25-4e61-a608-d2807dddd723/datanode-0/data-0/containers/hdds
2022-03-08 02:52:59,367 [Listener at 127.0.0.1/40153] INFO  volume.StorageVolumeChecker (StorageVolumeChecker.java:checkAllVolumes(202)) - Scheduled health check for volume /home/runner/work/ozone/ozone/hadoop-ozone/integration-test/target/test-dir/MiniOzoneClusterImpl-c5fac6bb-2c25-4e61-a608-d2807dddd723/datanode-0/data-0/containers/hdds
2022-03-08 02:52:59,398 [Listener at 127.0.0.1/40153] INFO  volume.MutableVolumeSet (MutableVolumeSet.java:initializeVolumeSet(168)) - Added Volume : /home/runner/work/ozone/ozone/hadoop-ozone/integration-test/target/test-dir/MiniOzoneClusterImpl-c5fac6bb-2c25-4e61-a608-d2807dddd723/datanode-0/data/ratis to VolumeSet
2022-03-08 02:52:59,398 [Listener at 127.0.0.1/40153] INFO  volume.ThrottledAsyncChecker (ThrottledAsyncChecker.java:schedule(141)) - Scheduling a check for /home/runner/work/ozone/ozone/hadoop-ozone/integration-test/target/test-dir/MiniOzoneClusterImpl-c5fac6bb-2c25-4e61-a608-d2807dddd723/datanode-0/data/ratis
2022-03-08 02:52:59,398 [Listener at 127.0.0.1/40153] INFO  volume.StorageVolumeChecker (StorageVolumeChecker.java:checkAllVolumes(202)) - Scheduled health check for volume /home/runner/work/ozone/ozone/hadoop-ozone/integration-test/target/test-dir/MiniOzoneClusterImpl-c5fac6bb-2c25-4e61-a608-d2807dddd723/datanode-0/data/ratis
2022-03-08 02:52:59,469 [Thread-699] INFO  ozoneimpl.ContainerReader (ContainerReader.java:readVolume(142)) - Start to verify containers on volume /home/runner/work/ozone/ozone/hadoop-ozone/integration-test/target/test-dir/MiniOzoneClusterImpl-c5fac6bb-2c25-4e61-a608-d2807dddd723/datanode-0/data-0/containers/hdds
2022-03-08 02:52:59,469 [Thread-699] INFO  ozoneimpl.ContainerReader (ContainerReader.java:readVolume(172)) - Finish verifying containers on volume /home/runner/work/ozone/ozone/hadoop-ozone/integration-test/target/test-dir/MiniOzoneClusterImpl-c5fac6bb-2c25-4e61-a608-d2807dddd723/datanode-0/data-0/containers/hdds
2022-03-08 02:52:59,469 [Listener at 127.0.0.1/40153] INFO  ozoneimpl.OzoneContainer (OzoneContainer.java:buildContainerSet(257)) - Build ContainerSet costs 0s
2022-03-08 02:52:59,472 [Listener at 127.0.0.1/40153] INFO  server.RaftServer (ConfUtils.java:logGet(44)) - raft.rpc.type = GRPC (default)
2022-03-08 02:52:59,472 [Listener at 127.0.0.1/40153] INFO  grpc.GrpcFactory (GrpcFactory.java:checkPooledByteBufAllocatorUseCacheForAllThreads(48)) - PERFORMANCE WARNING: useCacheForAllThreads is true that may cause Netty to create a lot garbage objects and, as a result, trigger GC.
	It is recommended to disable useCacheForAllThreads by setting -Dorg.apache.ratis.thirdparty.io.netty.allocator.useCacheForAllThreads=false in command line.
2022-03-08 02:52:59,472 [Listener at 127.0.0.1/40153] INFO  grpc.GrpcConfigKeys (ConfUtils.java:logGet(44)) - raft.grpc.admin.port = 34551 (custom)
2022-03-08 02:52:59,472 [Listener at 127.0.0.1/40153] INFO  grpc.GrpcConfigKeys (ConfUtils.java:logGet(44)) - raft.grpc.client.port = 34551 (custom)
2022-03-08 02:52:59,472 [Listener at 127.0.0.1/40153] INFO  grpc.GrpcConfigKeys (ConfUtils.java:logGet(44)) - raft.grpc.server.port = 34551 (custom)
2022-03-08 02:52:59,472 [Listener at 127.0.0.1/40153] INFO  server.GrpcService (ConfUtils.java:logGet(44)) - raft.grpc.message.size.max = 32MB (=33554432) (custom)
2022-03-08 02:52:59,472 [Listener at 127.0.0.1/40153] INFO  server.RaftServerConfigKeys (ConfUtils.java:logGet(44)) - raft.server.log.appender.buffer.byte-limit = 33554432 (custom)
2022-03-08 02:52:59,472 [Listener at 127.0.0.1/40153] INFO  server.GrpcService (ConfUtils.java:logGet(44)) - raft.grpc.flow.control.window = 5MB (=5242880) (custom)
2022-03-08 02:52:59,472 [Listener at 127.0.0.1/40153] INFO  server.RaftServerConfigKeys (ConfUtils.java:logGet(44)) - raft.server.rpc.request.timeout = 60s (custom)
2022-03-08 02:52:59,476 [Listener at 127.0.0.1/40153] INFO  impl.DataStreamServerImpl (ConfUtils.java:logGet(44)) - raft.datastream.type = DISABLED (default)
2022-03-08 02:52:59,476 [Listener at 127.0.0.1/40153] INFO  server.RaftServerConfigKeys (ConfUtils.java:logGet(44)) - raft.server.rpc.slowness.timeout = 300s (custom)
2022-03-08 02:52:59,477 [Listener at 127.0.0.1/40153] INFO  server.RaftServerConfigKeys (ConfUtils.java:logGet(44)) - raft.server.leaderelection.leader.step-down.wait-time = 10s (default)
2022-03-08 02:52:59,477 [Listener at 127.0.0.1/40153] INFO  server.RaftServerConfigKeys (ConfUtils.java:logGet(44)) - raft.server.storage.dir = [/home/runner/work/ozone/ozone/hadoop-ozone/integration-test/target/test-dir/MiniOzoneClusterImpl-c5fac6bb-2c25-4e61-a608-d2807dddd723/datanode-0/data/ratis] (custom)
2022-03-08 02:52:59,477 [Listener at 127.0.0.1/40153] INFO  server.RaftServer (RaftServerProxy.java:lambda$null$1(235)) - b2e56fe9-8c58-4ee8-92f7-465001393f8b: found a subdirectory /home/runner/work/ozone/ozone/hadoop-ozone/integration-test/target/test-dir/MiniOzoneClusterImpl-c5fac6bb-2c25-4e61-a608-d2807dddd723/datanode-0/data/ratis/9dee4946-65d8-4d03-b5c0-779fc6785961
2022-03-08 02:52:59,485 [Listener at 127.0.0.1/40153] INFO  server.RaftServer (RaftServerProxy.java:addNew(95)) - b2e56fe9-8c58-4ee8-92f7-465001393f8b: addNew group-779FC6785961:[] returns group-779FC6785961:java.util.concurrent.CompletableFuture@26ce34f1[Not completed]
2022-03-08 02:52:59,485 [Listener at 127.0.0.1/40153] INFO  server.RaftServer (RaftServerProxy.java:lambda$null$1(235)) - b2e56fe9-8c58-4ee8-92f7-465001393f8b: found a subdirectory /home/runner/work/ozone/ozone/hadoop-ozone/integration-test/target/test-dir/MiniOzoneClusterImpl-c5fac6bb-2c25-4e61-a608-d2807dddd723/datanode-0/data/ratis/2053d7a4-0bc1-48ab-9409-003e3c768b44
2022-03-08 02:52:59,485 [Listener at 127.0.0.1/40153] INFO  server.RaftServer (RaftServerProxy.java:addNew(95)) - b2e56fe9-8c58-4ee8-92f7-465001393f8b: addNew group-003E3C768B44:[] returns group-003E3C768B44:java.util.concurrent.CompletableFuture@3897085d[Not completed]
2022-03-08 02:52:59,487 [Listener at 127.0.0.1/40153] INFO  server.XceiverServerGrpc (XceiverServerGrpc.java:<init>(132)) - GrpcServer channel type EpollServerSocketChannel
2022-03-08 02:52:59,490 [pool-339-thread-1] INFO  server.RaftServer$Division (RaftServerImpl.java:<init>(184)) - b2e56fe9-8c58-4ee8-92f7-465001393f8b: new RaftServerImpl for group-779FC6785961:[] with ContainerStateMachine:uninitialized
2022-03-08 02:52:59,506 [pool-339-thread-1] INFO  server.RaftServerConfigKeys (ConfUtils.java:logGet(44)) - raft.server.rpc.timeout.min = 5s (custom)
2022-03-08 02:52:59,506 [pool-339-thread-1] INFO  server.RaftServerConfigKeys (ConfUtils.java:logGet(44)) - raft.server.rpc.timeout.max = 5200ms (custom)
2022-03-08 02:52:59,506 [pool-339-thread-1] INFO  server.RaftServerConfigKeys (ConfUtils.java:logGet(44)) - raft.server.rpc.sleep.time = 25ms (default)
2022-03-08 02:52:59,506 [pool-339-thread-1] INFO  server.RaftServerConfigKeys (ConfUtils.java:logGet(44)) - raft.server.rpc.slowness.timeout = 300s (custom)
2022-03-08 02:52:59,506 [pool-339-thread-1] INFO  server.RaftServerConfigKeys (ConfUtils.java:logGet(44)) - raft.server.leaderelection.leader.step-down.wait-time = 10s (default)
2022-03-08 02:52:59,506 [pool-339-thread-1] INFO  server.RaftServerConfigKeys (ConfUtils.java:logGet(44)) - raft.server.sleep.deviation.threshold = 300ms (default)
2022-03-08 02:52:59,506 [pool-339-thread-1] INFO  server.RaftServerConfigKeys (ConfUtils.java:logGet(44)) - raft.server.log.appender.install.snapshot.enabled = false (custom)
2022-03-08 02:52:59,506 [pool-339-thread-1] INFO  server.RaftServer$Division (ServerState.java:<init>(105)) - b2e56fe9-8c58-4ee8-92f7-465001393f8b@group-779FC6785961: ConfigurationManager, init=-1: [], old=null, confs=<EMPTY_MAP>
2022-03-08 02:52:59,507 [pool-339-thread-1] INFO  server.RaftServerConfigKeys (ConfUtils.java:logGet(44)) - raft.server.storage.dir = [/home/runner/work/ozone/ozone/hadoop-ozone/integration-test/target/test-dir/MiniOzoneClusterImpl-c5fac6bb-2c25-4e61-a608-d2807dddd723/datanode-0/data/ratis] (custom)
2022-03-08 02:52:59,507 [pool-339-thread-1] INFO  server.RaftServerConfigKeys (ConfUtils.java:logGet(44)) - raft.server.log.corruption.policy = EXCEPTION (default)
2022-03-08 02:52:59,507 [pool-339-thread-1] INFO  server.RaftServerConfigKeys (ConfUtils.java:logGet(44)) - raft.server.storage.free-space.min = 0MB (=0) (default)
2022-03-08 02:52:59,513 [pool-339-thread-1] INFO  storage.RaftStorageDirectory (RaftStorageDirectoryImpl.java:tryLock(230)) - Lock on /home/runner/work/ozone/ozone/hadoop-ozone/integration-test/target/test-dir/MiniOzoneClusterImpl-c5fac6bb-2c25-4e61-a608-d2807dddd723/datanode-0/data/ratis/9dee4946-65d8-4d03-b5c0-779fc6785961/in_use.lock acquired by nodename 19767@fv-az297-394
2022-03-08 02:52:59,513 [pool-339-thread-1] INFO  storage.RaftStorage (RaftStorageImpl.java:analyzeAndRecoverStorage(110)) - Read RaftStorageMetadata{term=10, votedFor=9e5b02fd-85e2-48c6-aea1-125703e1c6f5} from /home/runner/work/ozone/ozone/hadoop-ozone/integration-test/target/test-dir/MiniOzoneClusterImpl-c5fac6bb-2c25-4e61-a608-d2807dddd723/datanode-0/data/ratis/9dee4946-65d8-4d03-b5c0-779fc6785961/current/raft-meta
2022-03-08 02:52:59,516 [Listener at 127.0.0.1/40153] INFO  http.BaseHttpServer (BaseHttpServer.java:newHttpServer2BuilderForOzone(209)) - Starting Web-server for hddsDatanode at: http://0.0.0.0:41937
2022-03-08 02:52:59,516 [Listener at 127.0.0.1/40153] INFO  http.BaseHttpServer (BaseHttpServer.java:<init>(107)) - Hadoop Security Enabled: false Ozone Security Enabled: false Ozone HTTP Security Enabled: false 
2022-03-08 02:52:59,519 [Listener at 127.0.0.1/40153] INFO  server.AuthenticationFilter (AuthenticationFilter.java:constructSecretProvider(240)) - Unable to initialize FileSignerSecretProvider, falling back to use random secrets.
2022-03-08 02:52:59,525 [Listener at 127.0.0.1/40153] WARN  http.HttpRequestLog (HttpRequestLog.java:getRequestLog(103)) - Jetty request log can only be enabled using Log4j
2022-03-08 02:52:59,529 [pool-339-thread-1] INFO  ratis.ContainerStateMachine (ContainerStateMachine.java:loadSnapshot(245)) - group-779FC6785961: Setting the last applied index to (t:10, i:0)
2022-03-08 02:52:59,530 [pool-339-thread-1] INFO  server.RaftServer$Division (ServerState.java:setRaftConf(387)) - b2e56fe9-8c58-4ee8-92f7-465001393f8b@group-779FC6785961: set configuration 0: [b2e56fe9-8c58-4ee8-92f7-465001393f8b|rpc:10.1.0.13:34551|dataStream:|priority:0, 7342fea1-774e-439b-933d-8d39f93ca642|rpc:10.1.0.13:33197|dataStream:|priority:0, 9e5b02fd-85e2-48c6-aea1-125703e1c6f5|rpc:10.1.0.13:35265|dataStream:|priority:1], old=null
2022-03-08 02:52:59,530 [pool-339-thread-1] INFO  server.RaftServerConfigKeys (ConfUtils.java:logGet(44)) - raft.server.notification.no-leader.timeout = 300s (custom)
2022-03-08 02:52:59,531 [pool-339-thread-1] INFO  server.RaftServerConfigKeys (ConfUtils.java:logGet(44)) - raft.server.log.use.memory = false (default)
2022-03-08 02:52:59,531 [pool-339-thread-1] INFO  server.RaftServerConfigKeys (ConfUtils.java:logGet(44)) - raft.server.log.purge.gap = 1000000 (custom)
2022-03-08 02:52:59,531 [pool-339-thread-1] INFO  server.RaftServerConfigKeys (ConfUtils.java:logGet(44)) - raft.server.log.appender.buffer.byte-limit = 33554432 (custom)
2022-03-08 02:52:59,531 [pool-339-thread-1] INFO  server.RaftServerConfigKeys (ConfUtils.java:logGet(44)) - raft.server.log.segment.size.max = 1048576 (custom)
2022-03-08 02:52:59,531 [pool-339-thread-1] INFO  server.RaftServerConfigKeys (ConfUtils.java:logGet(44)) - raft.server.log.segment.cache.num.max = 2 (custom)
2022-03-08 02:52:59,531 [pool-339-thread-1] INFO  server.RaftServerConfigKeys (ConfUtils.java:logGet(44)) - raft.server.log.segment.cache.size.max = 200MB (=209715200) (default)
2022-03-08 02:52:59,531 [pool-339-thread-1] INFO  segmented.SegmentedRaftLogWorker (SegmentedRaftLogWorker.java:<init>(182)) - new b2e56fe9-8c58-4ee8-92f7-465001393f8b@group-779FC6785961-SegmentedRaftLogWorker for RaftStorageImpl:Storage Directory /home/runner/work/ozone/ozone/hadoop-ozone/integration-test/target/test-dir/MiniOzoneClusterImpl-c5fac6bb-2c25-4e61-a608-d2807dddd723/datanode-0/data/ratis/9dee4946-65d8-4d03-b5c0-779fc6785961
2022-03-08 02:52:59,531 [pool-339-thread-1] INFO  server.RaftServerConfigKeys (ConfUtils.java:logGet(44)) - raft.server.log.queue.byte-limit = 4294967296 (custom)
2022-03-08 02:52:59,531 [pool-339-thread-1] INFO  server.RaftServerConfigKeys (ConfUtils.java:logGet(44)) - raft.server.log.queue.element-limit = 1024 (custom)
2022-03-08 02:52:59,531 [pool-339-thread-1] INFO  server.RaftServerConfigKeys (ConfUtils.java:logGet(44)) - raft.server.log.segment.size.max = 1048576 (custom)
2022-03-08 02:52:59,531 [pool-339-thread-1] INFO  server.RaftServerConfigKeys (ConfUtils.java:logGet(44)) - raft.server.log.preallocated.size = 16384 (custom)
2022-03-08 02:52:59,531 [pool-339-thread-1] INFO  server.RaftServerConfigKeys (ConfUtils.java:logGet(44)) - raft.server.log.force.sync.num = 128 (default)
2022-03-08 02:52:59,531 [pool-339-thread-1] INFO  server.RaftServerConfigKeys (ConfUtils.java:logGet(44)) - raft.server.log.statemachine.data.sync = true (default)
2022-03-08 02:52:59,531 [pool-339-thread-1] INFO  server.RaftServerConfigKeys (ConfUtils.java:logGet(44)) - raft.server.log.statemachine.data.sync.timeout = 10s (default)
2022-03-08 02:52:59,532 [pool-339-thread-1] INFO  server.RaftServerConfigKeys (ConfUtils.java:logGet(44)) - raft.server.log.statemachine.data.sync.timeout.retry = -1 (default)
2022-03-08 02:52:59,532 [Listener at 127.0.0.1/40153] INFO  http.HttpServer2 (HttpServer2.java:addGlobalFilter(1030)) - Added global filter 'safety' (class=org.apache.hadoop.hdds.server.http.HttpServer2$QuotingInputFilter)
2022-03-08 02:52:59,533 [Listener at 127.0.0.1/40153] INFO  http.HttpServer2 (HttpServer2.java:addFilter(1006)) - Added filter static_user_filter (class=org.apache.hadoop.http.lib.StaticUserWebFilter$StaticUserFilter) to context hddsDatanode
2022-03-08 02:52:59,533 [Listener at 127.0.0.1/40153] INFO  http.HttpServer2 (HttpServer2.java:addFilter(1014)) - Added filter static_user_filter (class=org.apache.hadoop.http.lib.StaticUserWebFilter$StaticUserFilter) to context static
2022-03-08 02:52:59,533 [Listener at 127.0.0.1/40153] INFO  http.HttpServer2 (HttpServer2.java:addFilter(1014)) - Added filter static_user_filter (class=org.apache.hadoop.http.lib.StaticUserWebFilter$StaticUserFilter) to context logs
2022-03-08 02:52:59,533 [Listener at 127.0.0.1/40153] INFO  http.HttpServer2 (HttpServer2.java:bindListener(1249)) - Jetty bound to port 41937
2022-03-08 02:52:59,533 [Listener at 127.0.0.1/40153] INFO  server.Server (Server.java:doStart(375)) - jetty-9.4.43.v20210629; built: 2021-06-30T11:07:22.254Z; git: 526006ecfa3af7f1a27ef3a288e2bef7ea9dd7e8; jvm 1.8.0_322-b06
2022-03-08 02:52:59,535 [pool-339-thread-1] INFO  server.RaftServerConfigKeys (ConfUtils.java:logGet(44)) - raft.server.log.write.buffer.size = 1048576 (custom)
2022-03-08 02:52:59,536 [pool-339-thread-1] INFO  server.RaftServerConfigKeys (ConfUtils.java:logGet(44)) - raft.server.log.statemachine.data.caching.enabled = true (custom)
2022-03-08 02:52:59,537 [pool-339-thread-1] INFO  server.RaftServer$Division (ServerState.java:setRaftConf(387)) - b2e56fe9-8c58-4ee8-92f7-465001393f8b@group-779FC6785961: set configuration 0: [b2e56fe9-8c58-4ee8-92f7-465001393f8b|rpc:10.1.0.13:34551|dataStream:|priority:0, 7342fea1-774e-439b-933d-8d39f93ca642|rpc:10.1.0.13:33197|dataStream:|priority:0, 9e5b02fd-85e2-48c6-aea1-125703e1c6f5|rpc:10.1.0.13:35265|dataStream:|priority:1], old=null
2022-03-08 02:52:59,537 [pool-339-thread-1] INFO  segmented.LogSegment (LogSegment.java:loadSegment(173)) - Successfully read 1 entries from segment file /home/runner/work/ozone/ozone/hadoop-ozone/integration-test/target/test-dir/MiniOzoneClusterImpl-c5fac6bb-2c25-4e61-a608-d2807dddd723/datanode-0/data/ratis/9dee4946-65d8-4d03-b5c0-779fc6785961/current/log_inprogress_0
2022-03-08 02:52:59,538 [pool-339-thread-1] INFO  segmented.SegmentedRaftLogWorker (SegmentedRaftLogWorker.java:lambda$new$0(133)) - b2e56fe9-8c58-4ee8-92f7-465001393f8b@group-779FC6785961-SegmentedRaftLogWorker: flushIndex: setUnconditionally 0 -> 0
2022-03-08 02:52:59,538 [pool-339-thread-1] INFO  segmented.SegmentedRaftLogWorker (SegmentedRaftLogWorker.java:lambda$new$0(133)) - b2e56fe9-8c58-4ee8-92f7-465001393f8b@group-779FC6785961-SegmentedRaftLogWorker: safeCacheEvictIndex: setUnconditionally 0 -> -1
2022-03-08 02:52:59,557 [pool-339-thread-1] INFO  server.RaftServerConfigKeys (ConfUtils.java:logGet(44)) - raft.server.snapshot.auto.trigger.enabled = true (custom)
2022-03-08 02:52:59,557 [pool-339-thread-1] INFO  server.RaftServerConfigKeys (ConfUtils.java:logGet(44)) - raft.server.snapshot.auto.trigger.threshold = 10000 (custom)
2022-03-08 02:52:59,557 [pool-339-thread-1] INFO  server.RaftServerConfigKeys (ConfUtils.java:logGet(44)) - raft.server.snapshot.retention.file.num = 5 (custom)
2022-03-08 02:52:59,557 [pool-339-thread-1] INFO  server.RaftServerConfigKeys (ConfUtils.java:logGet(44)) - raft.server.log.purge.upto.snapshot.index = false (default)
2022-03-08 02:52:59,557 [pool-339-thread-1] INFO  server.RaftServerConfigKeys (ConfUtils.java:logGet(44)) - raft.server.retrycache.expirytime = 600000ms (custom)
2022-03-08 02:52:59,557 [pool-339-thread-1] INFO  server.RaftServerConfigKeys (ConfUtils.java:logGet(44)) - raft.server.retrycache.statistics.expirytime = 100μs (default)
2022-03-08 02:52:59,559 [pool-339-thread-1] INFO  server.RaftServer$Division (RaftServerImpl.java:<init>(184)) - b2e56fe9-8c58-4ee8-92f7-465001393f8b: new RaftServerImpl for group-003E3C768B44:[] with ContainerStateMachine:uninitialized
2022-03-08 02:52:59,559 [pool-339-thread-1] INFO  server.RaftServerConfigKeys (ConfUtils.java:logGet(44)) - raft.server.rpc.timeout.min = 5s (custom)
2022-03-08 02:52:59,559 [pool-339-thread-1] INFO  server.RaftServerConfigKeys (ConfUtils.java:logGet(44)) - raft.server.rpc.timeout.max = 5200ms (custom)
2022-03-08 02:52:59,559 [pool-339-thread-1] INFO  server.RaftServerConfigKeys (ConfUtils.java:logGet(44)) - raft.server.rpc.sleep.time = 25ms (default)
2022-03-08 02:52:59,559 [pool-339-thread-1] INFO  server.RaftServerConfigKeys (ConfUtils.java:logGet(44)) - raft.server.rpc.slowness.timeout = 300s (custom)
2022-03-08 02:52:59,559 [pool-339-thread-1] INFO  server.RaftServerConfigKeys (ConfUtils.java:logGet(44)) - raft.server.leaderelection.leader.step-down.wait-time = 10s (default)
2022-03-08 02:52:59,559 [pool-339-thread-1] INFO  server.RaftServerConfigKeys (ConfUtils.java:logGet(44)) - raft.server.sleep.deviation.threshold = 300ms (default)
2022-03-08 02:52:59,559 [pool-339-thread-1] INFO  server.RaftServerConfigKeys (ConfUtils.java:logGet(44)) - raft.server.log.appender.install.snapshot.enabled = false (custom)
2022-03-08 02:52:59,559 [pool-339-thread-1] INFO  server.RaftServer$Division (ServerState.java:<init>(105)) - b2e56fe9-8c58-4ee8-92f7-465001393f8b@group-003E3C768B44: ConfigurationManager, init=-1: [], old=null, confs=<EMPTY_MAP>
2022-03-08 02:52:59,559 [pool-339-thread-1] INFO  server.RaftServerConfigKeys (ConfUtils.java:logGet(44)) - raft.server.storage.dir = [/home/runner/work/ozone/ozone/hadoop-ozone/integration-test/target/test-dir/MiniOzoneClusterImpl-c5fac6bb-2c25-4e61-a608-d2807dddd723/datanode-0/data/ratis] (custom)
2022-03-08 02:52:59,559 [pool-339-thread-1] INFO  server.RaftServerConfigKeys (ConfUtils.java:logGet(44)) - raft.server.log.corruption.policy = EXCEPTION (default)
2022-03-08 02:52:59,559 [pool-339-thread-1] INFO  server.RaftServerConfigKeys (ConfUtils.java:logGet(44)) - raft.server.storage.free-space.min = 0MB (=0) (default)
2022-03-08 02:52:59,561 [pool-339-thread-1] INFO  storage.RaftStorageDirectory (RaftStorageDirectoryImpl.java:tryLock(230)) - Lock on /home/runner/work/ozone/ozone/hadoop-ozone/integration-test/target/test-dir/MiniOzoneClusterImpl-c5fac6bb-2c25-4e61-a608-d2807dddd723/datanode-0/data/ratis/2053d7a4-0bc1-48ab-9409-003e3c768b44/in_use.lock acquired by nodename 19767@fv-az297-394
2022-03-08 02:52:59,561 [pool-339-thread-1] INFO  storage.RaftStorage (RaftStorageImpl.java:analyzeAndRecoverStorage(110)) - Read RaftStorageMetadata{term=1, votedFor=b2e56fe9-8c58-4ee8-92f7-465001393f8b} from /home/runner/work/ozone/ozone/hadoop-ozone/integration-test/target/test-dir/MiniOzoneClusterImpl-c5fac6bb-2c25-4e61-a608-d2807dddd723/datanode-0/data/ratis/2053d7a4-0bc1-48ab-9409-003e3c768b44/current/raft-meta
2022-03-08 02:52:59,562 [pool-339-thread-1] INFO  ratis.ContainerStateMachine (ContainerStateMachine.java:loadSnapshot(245)) - group-003E3C768B44: Setting the last applied index to (t:1, i:0)
2022-03-08 02:52:59,562 [pool-339-thread-1] INFO  server.RaftServer$Division (ServerState.java:setRaftConf(387)) - b2e56fe9-8c58-4ee8-92f7-465001393f8b@group-003E3C768B44: set configuration 0: [b2e56fe9-8c58-4ee8-92f7-465001393f8b|rpc:10.1.0.13:34551|dataStream:|priority:1], old=null
2022-03-08 02:52:59,562 [pool-339-thread-1] INFO  server.RaftServerConfigKeys (ConfUtils.java:logGet(44)) - raft.server.notification.no-leader.timeout = 300s (custom)
2022-03-08 02:52:59,562 [pool-339-thread-1] INFO  server.RaftServerConfigKeys (ConfUtils.java:logGet(44)) - raft.server.log.use.memory = false (default)
2022-03-08 02:52:59,562 [pool-339-thread-1] INFO  server.RaftServerConfigKeys (ConfUtils.java:logGet(44)) - raft.server.log.purge.gap = 1000000 (custom)
2022-03-08 02:52:59,562 [pool-339-thread-1] INFO  server.RaftServerConfigKeys (ConfUtils.java:logGet(44)) - raft.server.log.appender.buffer.byte-limit = 33554432 (custom)
2022-03-08 02:52:59,562 [pool-339-thread-1] INFO  server.RaftServerConfigKeys (ConfUtils.java:logGet(44)) - raft.server.log.segment.size.max = 1048576 (custom)
2022-03-08 02:52:59,563 [pool-339-thread-1] INFO  server.RaftServerConfigKeys (ConfUtils.java:logGet(44)) - raft.server.log.segment.cache.num.max = 2 (custom)
2022-03-08 02:52:59,563 [pool-339-thread-1] INFO  server.RaftServerConfigKeys (ConfUtils.java:logGet(44)) - raft.server.log.segment.cache.size.max = 200MB (=209715200) (default)
2022-03-08 02:52:59,563 [pool-339-thread-1] INFO  segmented.SegmentedRaftLogWorker (SegmentedRaftLogWorker.java:<init>(182)) - new b2e56fe9-8c58-4ee8-92f7-465001393f8b@group-003E3C768B44-SegmentedRaftLogWorker for RaftStorageImpl:Storage Directory /home/runner/work/ozone/ozone/hadoop-ozone/integration-test/target/test-dir/MiniOzoneClusterImpl-c5fac6bb-2c25-4e61-a608-d2807dddd723/datanode-0/data/ratis/2053d7a4-0bc1-48ab-9409-003e3c768b44
2022-03-08 02:52:59,563 [pool-339-thread-1] INFO  server.RaftServerConfigKeys (ConfUtils.java:logGet(44)) - raft.server.log.queue.byte-limit = 4294967296 (custom)
2022-03-08 02:52:59,563 [pool-339-thread-1] INFO  server.RaftServerConfigKeys (ConfUtils.java:logGet(44)) - raft.server.log.queue.element-limit = 1024 (custom)
2022-03-08 02:52:59,563 [pool-339-thread-1] INFO  server.RaftServerConfigKeys (ConfUtils.java:logGet(44)) - raft.server.log.segment.size.max = 1048576 (custom)
2022-03-08 02:52:59,563 [pool-339-thread-1] INFO  server.RaftServerConfigKeys (ConfUtils.java:logGet(44)) - raft.server.log.preallocated.size = 16384 (custom)
2022-03-08 02:52:59,563 [pool-339-thread-1] INFO  server.RaftServerConfigKeys (ConfUtils.java:logGet(44)) - raft.server.log.force.sync.num = 128 (default)
2022-03-08 02:52:59,563 [pool-339-thread-1] INFO  server.RaftServerConfigKeys (ConfUtils.java:logGet(44)) - raft.server.log.statemachine.data.sync = true (default)
2022-03-08 02:52:59,563 [pool-339-thread-1] INFO  server.RaftServerConfigKeys (ConfUtils.java:logGet(44)) - raft.server.log.statemachine.data.sync.timeout = 10s (default)
2022-03-08 02:52:59,563 [pool-339-thread-1] INFO  server.RaftServerConfigKeys (ConfUtils.java:logGet(44)) - raft.server.log.statemachine.data.sync.timeout.retry = -1 (default)
2022-03-08 02:52:59,586 [pool-339-thread-1] INFO  server.RaftServerConfigKeys (ConfUtils.java:logGet(44)) - raft.server.log.write.buffer.size = 1048576 (custom)
2022-03-08 02:52:59,586 [pool-339-thread-1] INFO  server.RaftServerConfigKeys (ConfUtils.java:logGet(44)) - raft.server.log.statemachine.data.caching.enabled = true (custom)
2022-03-08 02:52:59,587 [pool-339-thread-1] INFO  server.RaftServer$Division (ServerState.java:setRaftConf(387)) - b2e56fe9-8c58-4ee8-92f7-465001393f8b@group-003E3C768B44: set configuration 0: [b2e56fe9-8c58-4ee8-92f7-465001393f8b|rpc:10.1.0.13:34551|dataStream:|priority:1], old=null
2022-03-08 02:52:59,587 [pool-339-thread-1] INFO  segmented.LogSegment (LogSegment.java:loadSegment(173)) - Successfully read 1 entries from segment file /home/runner/work/ozone/ozone/hadoop-ozone/integration-test/target/test-dir/MiniOzoneClusterImpl-c5fac6bb-2c25-4e61-a608-d2807dddd723/datanode-0/data/ratis/2053d7a4-0bc1-48ab-9409-003e3c768b44/current/log_inprogress_0
2022-03-08 02:52:59,587 [pool-339-thread-1] INFO  segmented.SegmentedRaftLogWorker (SegmentedRaftLogWorker.java:lambda$new$0(133)) - b2e56fe9-8c58-4ee8-92f7-465001393f8b@group-003E3C768B44-SegmentedRaftLogWorker: flushIndex: setUnconditionally 0 -> 0
2022-03-08 02:52:59,587 [pool-339-thread-1] INFO  segmented.SegmentedRaftLogWorker (SegmentedRaftLogWorker.java:lambda$new$0(133)) - b2e56fe9-8c58-4ee8-92f7-465001393f8b@group-003E3C768B44-SegmentedRaftLogWorker: safeCacheEvictIndex: setUnconditionally 0 -> -1
2022-03-08 02:52:59,595 [Listener at 127.0.0.1/40153] INFO  server.session (DefaultSessionIdManager.java:doStart(334)) - DefaultSessionIdManager workerName=node0
2022-03-08 02:52:59,595 [Listener at 127.0.0.1/40153] INFO  server.session (DefaultSessionIdManager.java:doStart(339)) - No SessionScavenger set, using defaults
2022-03-08 02:52:59,595 [Listener at 127.0.0.1/40153] INFO  server.session (HouseKeeper.java:startScavenging(132)) - node0 Scavenging every 600000ms
2022-03-08 02:52:59,605 [Listener at 127.0.0.1/40153] INFO  handler.ContextHandler (ContextHandler.java:doStart(915)) - Started o.e.j.s.ServletContextHandler@26680660{logs,/logs,file:///home/runner/work/ozone/ozone/hadoop-ozone/integration-test/target/log,AVAILABLE}
2022-03-08 02:52:59,606 [Listener at 127.0.0.1/40153] INFO  handler.ContextHandler (ContextHandler.java:doStart(915)) - Started o.e.j.s.ServletContextHandler@b69f4c8{static,/static,jar:file:/home/runner/.m2/repository/org/apache/ozone/hdds-container-service/1.3.0-SNAPSHOT/hdds-container-service-1.3.0-SNAPSHOT.jar!/webapps/static,AVAILABLE}
2022-03-08 02:52:59,609 [pool-339-thread-1] INFO  server.RaftServerConfigKeys (ConfUtils.java:logGet(44)) - raft.server.snapshot.auto.trigger.enabled = true (custom)
2022-03-08 02:52:59,609 [pool-339-thread-1] INFO  server.RaftServerConfigKeys (ConfUtils.java:logGet(44)) - raft.server.snapshot.auto.trigger.threshold = 10000 (custom)
2022-03-08 02:52:59,609 [pool-339-thread-1] INFO  server.RaftServerConfigKeys (ConfUtils.java:logGet(44)) - raft.server.snapshot.retention.file.num = 5 (custom)
2022-03-08 02:52:59,609 [pool-339-thread-1] INFO  server.RaftServerConfigKeys (ConfUtils.java:logGet(44)) - raft.server.log.purge.upto.snapshot.index = false (default)
2022-03-08 02:52:59,609 [pool-339-thread-1] INFO  server.RaftServerConfigKeys (ConfUtils.java:logGet(44)) - raft.server.retrycache.expirytime = 600000ms (custom)
2022-03-08 02:52:59,609 [pool-339-thread-1] INFO  server.RaftServerConfigKeys (ConfUtils.java:logGet(44)) - raft.server.retrycache.statistics.expirytime = 100μs (default)
2022-03-08 02:52:59,717 [EndpointStateMachine task thread for /0.0.0.0:39159 - 0 ] INFO  ipc.Client (Client.java:handleConnectionFailure(977)) - Retrying connect to server: 0.0.0.0/0.0.0.0:39159. Already tried 9 time(s); retry policy is RetryUpToMaximumCountWithFixedSleep(maxRetries=15, sleepTime=1000 MILLISECONDS)
2022-03-08 02:52:59,723 [Listener at 127.0.0.1/40153] INFO  handler.ContextHandler (ContextHandler.java:doStart(915)) - Started o.e.j.w.WebAppContext@62192a72{hddsDatanode,/,file:///tmp/jetty-0_0_0_0-41937-hdds-container-service-1_3_0-SNAPSHOT_jar-_-any-1358072005758306149/webapp/,AVAILABLE}{jar:file:/home/runner/.m2/repository/org/apache/ozone/hdds-container-service/1.3.0-SNAPSHOT/hdds-container-service-1.3.0-SNAPSHOT.jar!/webapps/hddsDatanode}
2022-03-08 02:52:59,728 [Listener at 127.0.0.1/40153] INFO  server.AbstractConnector (AbstractConnector.java:doStart(331)) - Started ServerConnector@400d8e39{HTTP/1.1, (http/1.1)}{0.0.0.0:41937}
2022-03-08 02:52:59,728 [Listener at 127.0.0.1/40153] INFO  server.Server (Server.java:doStart(415)) - Started @161496ms
2022-03-08 02:52:59,728 [Listener at 127.0.0.1/40153] WARN  impl.MetricsSystemImpl (MetricsSystemImpl.java:register(279)) - Sink prometheus already exists!
2022-03-08 02:52:59,729 [Listener at 127.0.0.1/40153] INFO  http.BaseHttpServer (BaseHttpServer.java:updateConnectorAddress(329)) - HTTP server of hddsDatanode listening at http://0.0.0.0:41937
2022-03-08 02:52:59,745 [Datanode State Machine Daemon Thread] INFO  statemachine.DatanodeStateMachine (DatanodeStateMachine.java:lambda$startDaemon$0(470)) - Ozone container server started.
2022-03-08 02:52:59,817 [org.apache.hadoop.util.JvmPauseMonitor$Monitor@e9dbe77] INFO  util.JvmPauseMonitor (JvmPauseMonitor.java:run(188)) - Starting JVM pause monitor
2022-03-08 02:53:00,718 [EndpointStateMachine task thread for /0.0.0.0:39159 - 0 ] INFO  ipc.Client (Client.java:handleConnectionFailure(977)) - Retrying connect to server: 0.0.0.0/0.0.0.0:39159. Already tried 10 time(s); retry policy is RetryUpToMaximumCountWithFixedSleep(maxRetries=15, sleepTime=1000 MILLISECONDS)
2022-03-08 02:53:01,125 [grpc-default-executor-4] WARN  server.GrpcLogAppender (LogUtils.java:warn(122)) - 9e5b02fd-85e2-48c6-aea1-125703e1c6f5@group-779FC6785961->b2e56fe9-8c58-4ee8-92f7-465001393f8b-AppendLogResponseHandler: Failed appendEntries: org.apache.ratis.thirdparty.io.grpc.StatusRuntimeException: UNAVAILABLE: io exception
2022-03-08 02:53:01,125 [grpc-default-executor-4] WARN  server.GrpcLogAppender (GrpcLogAppender.java:resetClient(110)) - 9e5b02fd-85e2-48c6-aea1-125703e1c6f5@group-779FC6785961->b2e56fe9-8c58-4ee8-92f7-465001393f8b-GrpcLogAppender: Leader has not got in touch with Follower 9e5b02fd-85e2-48c6-aea1-125703e1c6f5@group-779FC6785961->b2e56fe9-8c58-4ee8-92f7-465001393f8b(c0,m0,n1, attendVote=true, lastRpcSendTime=0, lastRpcResponseTime=7510) yet, just keep nextIndex unchanged and retry.
2022-03-08 02:53:01,718 [EndpointStateMachine task thread for /0.0.0.0:39159 - 0 ] INFO  ipc.Client (Client.java:handleConnectionFailure(977)) - Retrying connect to server: 0.0.0.0/0.0.0.0:39159. Already tried 11 time(s); retry policy is RetryUpToMaximumCountWithFixedSleep(maxRetries=15, sleepTime=1000 MILLISECONDS)
2022-03-08 02:53:02,720 [EndpointStateMachine task thread for /0.0.0.0:39159 - 0 ] INFO  ipc.Client (Client.java:handleConnectionFailure(977)) - Retrying connect to server: 0.0.0.0/0.0.0.0:39159. Already tried 12 time(s); retry policy is RetryUpToMaximumCountWithFixedSleep(maxRetries=15, sleepTime=1000 MILLISECONDS)
2022-03-08 02:53:03,628 [grpc-default-executor-4] WARN  server.GrpcLogAppender (LogUtils.java:warn(122)) - 9e5b02fd-85e2-48c6-aea1-125703e1c6f5@group-779FC6785961->b2e56fe9-8c58-4ee8-92f7-465001393f8b-AppendLogResponseHandler: Failed appendEntries: org.apache.ratis.thirdparty.io.grpc.StatusRuntimeException: UNAVAILABLE: io exception
2022-03-08 02:53:03,629 [grpc-default-executor-4] WARN  server.GrpcLogAppender (GrpcLogAppender.java:resetClient(110)) - 9e5b02fd-85e2-48c6-aea1-125703e1c6f5@group-779FC6785961->b2e56fe9-8c58-4ee8-92f7-465001393f8b-GrpcLogAppender: Leader has not got in touch with Follower 9e5b02fd-85e2-48c6-aea1-125703e1c6f5@group-779FC6785961->b2e56fe9-8c58-4ee8-92f7-465001393f8b(c0,m0,n1, attendVote=true, lastRpcSendTime=0, lastRpcResponseTime=10013) yet, just keep nextIndex unchanged and retry.
2022-03-08 02:53:03,720 [EndpointStateMachine task thread for /0.0.0.0:39159 - 0 ] INFO  ipc.Client (Client.java:handleConnectionFailure(977)) - Retrying connect to server: 0.0.0.0/0.0.0.0:39159. Already tried 13 time(s); retry policy is RetryUpToMaximumCountWithFixedSleep(maxRetries=15, sleepTime=1000 MILLISECONDS)
2022-03-08 02:53:04,721 [EndpointStateMachine task thread for /0.0.0.0:39159 - 0 ] INFO  ipc.Client (Client.java:handleConnectionFailure(977)) - Retrying connect to server: 0.0.0.0/0.0.0.0:39159. Already tried 14 time(s); retry policy is RetryUpToMaximumCountWithFixedSleep(maxRetries=15, sleepTime=1000 MILLISECONDS)
2022-03-08 02:53:04,722 [EndpointStateMachine task thread for /0.0.0.0:39159 - 0 ] WARN  statemachine.EndpointStateMachine (EndpointStateMachine.java:logIfNeeded(236)) - Unable to communicate to SCM server at 0.0.0.0:39159 for past 0 seconds.
java.net.ConnectException: Your endpoint configuration is wrong; For more details see:  http://wiki.apache.org/hadoop/UnsetHostnameOrPort
	at sun.reflect.NativeConstructorAccessorImpl.newInstance0(Native Method)
	at sun.reflect.NativeConstructorAccessorImpl.newInstance(NativeConstructorAccessorImpl.java:62)
	at sun.reflect.DelegatingConstructorAccessorImpl.newInstance(DelegatingConstructorAccessorImpl.java:45)
	at java.lang.reflect.Constructor.newInstance(Constructor.java:423)
	at org.apache.hadoop.net.NetUtils.wrapWithMessage(NetUtils.java:913)
	at org.apache.hadoop.net.NetUtils.wrapException(NetUtils.java:824)
	at org.apache.hadoop.ipc.Client.getRpcResponse(Client.java:1577)
	at org.apache.hadoop.ipc.Client.call(Client.java:1519)
	at org.apache.hadoop.ipc.Client.call(Client.java:1416)
	at org.apache.hadoop.ipc.ProtobufRpcEngine$Invoker.invoke(ProtobufRpcEngine.java:236)
	at org.apache.hadoop.ipc.ProtobufRpcEngine$Invoker.invoke(ProtobufRpcEngine.java:123)
	at com.sun.proxy.$Proxy49.submitRequest(Unknown Source)
	at org.apache.hadoop.ozone.protocolPB.StorageContainerDatanodeProtocolClientSideTranslatorPB.submitRequest(StorageContainerDatanodeProtocolClientSideTranslatorPB.java:117)
	at org.apache.hadoop.ozone.protocolPB.StorageContainerDatanodeProtocolClientSideTranslatorPB.sendHeartbeat(StorageContainerDatanodeProtocolClientSideTranslatorPB.java:149)
	at org.apache.hadoop.ozone.container.common.states.endpoint.HeartbeatEndpointTask.call(HeartbeatEndpointTask.java:180)
	at org.apache.hadoop.ozone.container.common.states.endpoint.HeartbeatEndpointTask.call(HeartbeatEndpointTask.java:83)
	at java.util.concurrent.FutureTask.run(FutureTask.java:266)
	at java.util.concurrent.ThreadPoolExecutor.runWorker(ThreadPoolExecutor.java:1149)
	at java.util.concurrent.ThreadPoolExecutor$Worker.run(ThreadPoolExecutor.java:624)
	at java.lang.Thread.run(Thread.java:750)
Caused by: java.net.ConnectException: Connection refused
	at sun.nio.ch.SocketChannelImpl.checkConnect(Native Method)
	at sun.nio.ch.SocketChannelImpl.finishConnect(SocketChannelImpl.java:716)
	at org.apache.hadoop.net.SocketIOWithTimeout.connect(SocketIOWithTimeout.java:206)
	at org.apache.hadoop.net.NetUtils.connect(NetUtils.java:586)
	at org.apache.hadoop.ipc.Client$Connection.setupConnection(Client.java:701)
	at org.apache.hadoop.ipc.Client$Connection.setupIOstreams(Client.java:822)
	at org.apache.hadoop.ipc.Client$Connection.access$3800(Client.java:414)
	at org.apache.hadoop.ipc.Client.getConnection(Client.java:1647)
	at org.apache.hadoop.ipc.Client.call(Client.java:1463)
	... 12 more
2022-03-08 02:53:05,726 [EndpointStateMachine task thread for /0.0.0.0:39159 - 0 ] INFO  ipc.Client (Client.java:handleConnectionFailure(977)) - Retrying connect to server: 0.0.0.0/0.0.0.0:39159. Already tried 0 time(s); retry policy is RetryUpToMaximumCountWithFixedSleep(maxRetries=15, sleepTime=1000 MILLISECONDS)
2022-03-08 02:53:06,131 [grpc-default-executor-4] WARN  server.GrpcLogAppender (LogUtils.java:warn(122)) - 9e5b02fd-85e2-48c6-aea1-125703e1c6f5@group-779FC6785961->b2e56fe9-8c58-4ee8-92f7-465001393f8b-AppendLogResponseHandler: Failed appendEntries: org.apache.ratis.thirdparty.io.grpc.StatusRuntimeException: UNAVAILABLE: io exception
2022-03-08 02:53:06,133 [grpc-default-executor-4] WARN  server.GrpcLogAppender (GrpcLogAppender.java:resetClient(110)) - 9e5b02fd-85e2-48c6-aea1-125703e1c6f5@group-779FC6785961->b2e56fe9-8c58-4ee8-92f7-465001393f8b-GrpcLogAppender: Leader has not got in touch with Follower 9e5b02fd-85e2-48c6-aea1-125703e1c6f5@group-779FC6785961->b2e56fe9-8c58-4ee8-92f7-465001393f8b(c0,m0,n1, attendVote=true, lastRpcSendTime=2505, lastRpcResponseTime=12518) yet, just keep nextIndex unchanged and retry.
2022-03-08 02:53:06,731 [EndpointStateMachine task thread for /0.0.0.0:39159 - 0 ] INFO  ipc.Client (Client.java:handleConnectionFailure(977)) - Retrying connect to server: 0.0.0.0/0.0.0.0:39159. Already tried 1 time(s); retry policy is RetryUpToMaximumCountWithFixedSleep(maxRetries=15, sleepTime=1000 MILLISECONDS)
2022-03-08 02:53:07,731 [EndpointStateMachine task thread for /0.0.0.0:39159 - 0 ] INFO  ipc.Client (Client.java:handleConnectionFailure(977)) - Retrying connect to server: 0.0.0.0/0.0.0.0:39159. Already tried 2 time(s); retry policy is RetryUpToMaximumCountWithFixedSleep(maxRetries=15, sleepTime=1000 MILLISECONDS)
2022-03-08 02:53:08,638 [grpc-default-executor-4] WARN  server.GrpcLogAppender (LogUtils.java:warn(122)) - 9e5b02fd-85e2-48c6-aea1-125703e1c6f5@group-779FC6785961->b2e56fe9-8c58-4ee8-92f7-465001393f8b-AppendLogResponseHandler: Failed appendEntries: org.apache.ratis.thirdparty.io.grpc.StatusRuntimeException: UNAVAILABLE: io exception
2022-03-08 02:53:08,639 [grpc-default-executor-4] WARN  server.GrpcLogAppender (GrpcLogAppender.java:resetClient(110)) - 9e5b02fd-85e2-48c6-aea1-125703e1c6f5@group-779FC6785961->b2e56fe9-8c58-4ee8-92f7-465001393f8b-GrpcLogAppender: Leader has not got in touch with Follower 9e5b02fd-85e2-48c6-aea1-125703e1c6f5@group-779FC6785961->b2e56fe9-8c58-4ee8-92f7-465001393f8b(c0,m0,n1, attendVote=true, lastRpcSendTime=2502, lastRpcResponseTime=15023) yet, just keep nextIndex unchanged and retry.
2022-03-08 02:53:08,732 [EndpointStateMachine task thread for /0.0.0.0:39159 - 0 ] INFO  ipc.Client (Client.java:handleConnectionFailure(977)) - Retrying connect to server: 0.0.0.0/0.0.0.0:39159. Already tried 3 time(s); retry policy is RetryUpToMaximumCountWithFixedSleep(maxRetries=15, sleepTime=1000 MILLISECONDS)
2022-03-08 02:53:09,733 [EndpointStateMachine task thread for /0.0.0.0:39159 - 0 ] INFO  ipc.Client (Client.java:handleConnectionFailure(977)) - Retrying connect to server: 0.0.0.0/0.0.0.0:39159. Already tried 4 time(s); retry policy is RetryUpToMaximumCountWithFixedSleep(maxRetries=15, sleepTime=1000 MILLISECONDS)
2022-03-08 02:53:10,734 [EndpointStateMachine task thread for /0.0.0.0:39159 - 0 ] INFO  ipc.Client (Client.java:handleConnectionFailure(977)) - Retrying connect to server: 0.0.0.0/0.0.0.0:39159. Already tried 5 time(s); retry policy is RetryUpToMaximumCountWithFixedSleep(maxRetries=15, sleepTime=1000 MILLISECONDS)
2022-03-08 02:53:11,146 [grpc-default-executor-4] WARN  server.GrpcLogAppender (LogUtils.java:warn(122)) - 9e5b02fd-85e2-48c6-aea1-125703e1c6f5@group-779FC6785961->b2e56fe9-8c58-4ee8-92f7-465001393f8b-AppendLogResponseHandler: Failed appendEntries: org.apache.ratis.thirdparty.io.grpc.StatusRuntimeException: UNAVAILABLE: io exception
2022-03-08 02:53:11,147 [grpc-default-executor-4] WARN  server.GrpcLogAppender (GrpcLogAppender.java:resetClient(110)) - 9e5b02fd-85e2-48c6-aea1-125703e1c6f5@group-779FC6785961->b2e56fe9-8c58-4ee8-92f7-465001393f8b-GrpcLogAppender: Leader has not got in touch with Follower 9e5b02fd-85e2-48c6-aea1-125703e1c6f5@group-779FC6785961->b2e56fe9-8c58-4ee8-92f7-465001393f8b(c0,m0,n1, attendVote=true, lastRpcSendTime=0, lastRpcResponseTime=17531) yet, just keep nextIndex unchanged and retry.
2022-03-08 02:53:11,734 [EndpointStateMachine task thread for /0.0.0.0:39159 - 0 ] INFO  ipc.Client (Client.java:handleConnectionFailure(977)) - Retrying connect to server: 0.0.0.0/0.0.0.0:39159. Already tried 6 time(s); retry policy is RetryUpToMaximumCountWithFixedSleep(maxRetries=15, sleepTime=1000 MILLISECONDS)
2022-03-08 02:53:12,735 [EndpointStateMachine task thread for /0.0.0.0:39159 - 0 ] INFO  ipc.Client (Client.java:handleConnectionFailure(977)) - Retrying connect to server: 0.0.0.0/0.0.0.0:39159. Already tried 7 time(s); retry policy is RetryUpToMaximumCountWithFixedSleep(maxRetries=15, sleepTime=1000 MILLISECONDS)
2022-03-08 02:53:13,647 [grpc-default-executor-4] WARN  server.GrpcLogAppender (LogUtils.java:warn(122)) - 9e5b02fd-85e2-48c6-aea1-125703e1c6f5@group-779FC6785961->b2e56fe9-8c58-4ee8-92f7-465001393f8b-AppendLogResponseHandler: Failed appendEntries: org.apache.ratis.thirdparty.io.grpc.StatusRuntimeException: UNAVAILABLE: io exception
2022-03-08 02:53:13,648 [grpc-default-executor-4] WARN  server.GrpcLogAppender (GrpcLogAppender.java:resetClient(110)) - 9e5b02fd-85e2-48c6-aea1-125703e1c6f5@group-779FC6785961->b2e56fe9-8c58-4ee8-92f7-465001393f8b-GrpcLogAppender: Leader has not got in touch with Follower 9e5b02fd-85e2-48c6-aea1-125703e1c6f5@group-779FC6785961->b2e56fe9-8c58-4ee8-92f7-465001393f8b(c0,m0,n1, attendVote=true, lastRpcSendTime=0, lastRpcResponseTime=20032) yet, just keep nextIndex unchanged and retry.
2022-03-08 02:53:13,736 [EndpointStateMachine task thread for /0.0.0.0:39159 - 0 ] INFO  ipc.Client (Client.java:handleConnectionFailure(977)) - Retrying connect to server: 0.0.0.0/0.0.0.0:39159. Already tried 8 time(s); retry policy is RetryUpToMaximumCountWithFixedSleep(maxRetries=15, sleepTime=1000 MILLISECONDS)
2022-03-08 02:53:14,736 [EndpointStateMachine task thread for /0.0.0.0:39159 - 0 ] INFO  ipc.Client (Client.java:handleConnectionFailure(977)) - Retrying connect to server: 0.0.0.0/0.0.0.0:39159. Already tried 9 time(s); retry policy is RetryUpToMaximumCountWithFixedSleep(maxRetries=15, sleepTime=1000 MILLISECONDS)
2022-03-08 02:53:15,739 [EndpointStateMachine task thread for /0.0.0.0:39159 - 0 ] INFO  ipc.Client (Client.java:handleConnectionFailure(977)) - Retrying connect to server: 0.0.0.0/0.0.0.0:39159. Already tried 10 time(s); retry policy is RetryUpToMaximumCountWithFixedSleep(maxRetries=15, sleepTime=1000 MILLISECONDS)
2022-03-08 02:53:16,147 [grpc-default-executor-4] WARN  server.GrpcLogAppender (LogUtils.java:warn(122)) - 9e5b02fd-85e2-48c6-aea1-125703e1c6f5@group-779FC6785961->b2e56fe9-8c58-4ee8-92f7-465001393f8b-AppendLogResponseHandler: Failed appendEntries: org.apache.ratis.thirdparty.io.grpc.StatusRuntimeException: UNAVAILABLE: io exception
2022-03-08 02:53:16,148 [grpc-default-executor-4] WARN  server.GrpcLogAppender (GrpcLogAppender.java:resetClient(110)) - 9e5b02fd-85e2-48c6-aea1-125703e1c6f5@group-779FC6785961->b2e56fe9-8c58-4ee8-92f7-465001393f8b-GrpcLogAppender: Leader has not got in touch with Follower 9e5b02fd-85e2-48c6-aea1-125703e1c6f5@group-779FC6785961->b2e56fe9-8c58-4ee8-92f7-465001393f8b(c0,m0,n1, attendVote=true, lastRpcSendTime=0, lastRpcResponseTime=22533) yet, just keep nextIndex unchanged and retry.
2022-03-08 02:53:16,301 [Time-limited test] INFO  ozone.MiniOzoneClusterImpl (MiniOzoneClusterImpl.java:shutdown(449)) - Shutting down the Mini Ozone Cluster
2022-03-08 02:53:16,301 [Time-limited test] INFO  ozone.MiniOzoneClusterImpl (MiniOzoneClusterImpl.java:stop(464)) - Stopping the Mini Ozone Cluster
2022-03-08 02:53:16,301 [Time-limited test] INFO  ozone.MiniOzoneClusterImpl (MiniOzoneClusterImpl.java:stopOM(546)) - Stopping the OzoneManager
2022-03-08 02:53:16,301 [Time-limited test] INFO  om.OzoneManager (OzoneManager.java:stop(1893)) - om1[localhost:0]: Stopping Ozone Manager
2022-03-08 02:53:16,302 [Time-limited test] INFO  ipc.Server (Server.java:stop(3414)) - Stopping server on 40153
2022-03-08 02:53:16,314 [Time-limited test] INFO  server.RaftServer (RaftServerProxy.java:lambda$close$6(391)) - om1: close
2022-03-08 02:53:16,314 [Time-limited test] INFO  server.RaftServer$Division (RaftServerImpl.java:lambda$close$4(412)) - om1@group-C5BA1605619E: shutdown
2022-03-08 02:53:16,314 [Time-limited test] INFO  util.JmxRegister (JmxRegister.java:unregister(73)) - Successfully un-registered JMX Bean with object name Ratis:service=RaftServer,group=group-C5BA1605619E,id=om1
2022-03-08 02:53:16,314 [Time-limited test] INFO  impl.RoleInfo (RoleInfo.java:shutdownLeaderState(91)) - om1: shutdown om1@group-C5BA1605619E-LeaderStateImpl
2022-03-08 02:53:16,314 [Time-limited test] INFO  impl.PendingRequests (PendingRequests.java:sendNotLeaderResponses(282)) - om1@group-C5BA1605619E-PendingRequests: sendNotLeaderResponses
2022-03-08 02:53:16,315 [Time-limited test] INFO  impl.StateMachineUpdater (StateMachineUpdater.java:stopAndJoin(149)) - om1@group-C5BA1605619E-StateMachineUpdater: set stopIndex = 0
2022-03-08 02:53:16,315 [om1@group-C5BA1605619E-StateMachineUpdater] INFO  ratis.OzoneManagerStateMachine (OzoneManagerStateMachine.java:takeSnapshot(417)) - Current Snapshot Index (t:1, i:0)
2022-03-08 02:53:16,315 [om1@group-C5BA1605619E-StateMachineUpdater] INFO  impl.StateMachineUpdater (StateMachineUpdater.java:takeSnapshot(281)) - om1@group-C5BA1605619E-StateMachineUpdater: Took a snapshot at index 0
2022-03-08 02:53:16,315 [om1@group-C5BA1605619E-StateMachineUpdater] INFO  impl.StateMachineUpdater (StateMachineUpdater.java:lambda$new$0(89)) - om1@group-C5BA1605619E-StateMachineUpdater: snapshotIndex: updateIncreasingly -1 -> 0
2022-03-08 02:53:16,315 [om1@group-C5BA1605619E-StateMachineUpdater] INFO  ratis.OzoneManagerStateMachine (OzoneManagerStateMachine.java:close(471)) - StateMachine has shutdown. Shutdown OzoneManager if not already shutdown.
2022-03-08 02:53:16,316 [Time-limited test] INFO  server.RaftServer$Division (ServerState.java:close(419)) - om1@group-C5BA1605619E: closes. applyIndex: 0
2022-03-08 02:53:16,316 [om1@group-C5BA1605619E-SegmentedRaftLogWorker] INFO  segmented.SegmentedRaftLogWorker (SegmentedRaftLogWorker.java:run(327)) - om1@group-C5BA1605619E-SegmentedRaftLogWorker was interrupted, exiting. There are 0 tasks remaining in the queue.
2022-03-08 02:53:16,317 [Time-limited test] INFO  segmented.SegmentedRaftLogWorker (SegmentedRaftLogWorker.java:close(237)) - om1@group-C5BA1605619E-SegmentedRaftLogWorker close()
2022-03-08 02:53:16,317 [IPC Server listener on 0] INFO  ipc.Server (Server.java:run(1376)) - Stopping IPC Server listener on 0
2022-03-08 02:53:16,317 [IPC Server Responder] INFO  ipc.Server (Server.java:run(1512)) - Stopping IPC Server Responder
2022-03-08 02:53:16,329 [Time-limited test] INFO  server.GrpcService (GrpcService.java:closeImpl(262)) - om1: shutdown server with port 9872 now
2022-03-08 02:53:16,335 [Time-limited test] INFO  server.GrpcService (GrpcService.java:closeImpl(271)) - om1: shutdown server with port 9872 successfully
2022-03-08 02:53:16,335 [org.apache.ratis.util.JvmPauseMonitor$$Lambda$431/28165379@5b9902e9] INFO  util.JvmPauseMonitor (JvmPauseMonitor.java:run(109)) - JvmPauseMonitor-om1: Stopped
2022-03-08 02:53:16,335 [Time-limited test] INFO  ratis.OzoneManagerDoubleBuffer (OzoneManagerDoubleBuffer.java:stop(437)) - Stopping OMDoubleBuffer flush thread
2022-03-08 02:53:16,355 [OMDoubleBufferFlushThread] INFO  ratis.OzoneManagerDoubleBuffer (OzoneManagerDoubleBuffer.java:flushTransactions(356)) - OMDoubleBuffer flush thread OMDoubleBufferFlushThread is interrupted and will exit. OMDoubleBufferFlushThread
2022-03-08 02:53:16,355 [Time-limited test] INFO  utils.BackgroundService (BackgroundService.java:shutdown(132)) - Shutting down service KeyDeletingService
2022-03-08 02:53:16,355 [Time-limited test] INFO  utils.BackgroundService (BackgroundService.java:shutdown(132)) - Shutting down service DirectoryDeletingService
2022-03-08 02:53:16,367 [Time-limited test] INFO  handler.ContextHandler (ContextHandler.java:doStop(1153)) - Stopped o.e.j.w.WebAppContext@7e5c915a{ozoneManager,/,null,STOPPED}{file:/home/runner/work/ozone/ozone/hadoop-ozone/integration-test/target/test-classes/webapps/ozoneManager}
2022-03-08 02:53:16,368 [Time-limited test] INFO  server.AbstractConnector (AbstractConnector.java:doStop(381)) - Stopped ServerConnector@aeedcd{HTTP/1.1, (http/1.1)}{0.0.0.0:0}
2022-03-08 02:53:16,368 [Time-limited test] INFO  server.session (HouseKeeper.java:stopScavenging(149)) - node0 Stopped scavenging
2022-03-08 02:53:16,369 [Time-limited test] INFO  handler.ContextHandler (ContextHandler.java:doStop(1153)) - Stopped o.e.j.s.ServletContextHandler@6a3e74fb{static,/static,file:///home/runner/work/ozone/ozone/hadoop-ozone/integration-test/target/test-classes/webapps/static,STOPPED}
2022-03-08 02:53:16,369 [Time-limited test] INFO  handler.ContextHandler (ContextHandler.java:doStop(1153)) - Stopped o.e.j.s.ServletContextHandler@2799540b{logs,/logs,file:///home/runner/work/ozone/ozone/hadoop-ozone/integration-test/target/log,STOPPED}
2022-03-08 02:53:16,372 [Time-limited test] INFO  ozone.MiniOzoneClusterImpl (MiniOzoneClusterImpl.java:stopDatanodes(523)) - Stopping the HddsDatanodes
2022-03-08 02:53:16,709 [Datanode State Machine Daemon Thread] WARN  statemachine.StateContext (StateContext.java:setState(250)) - Ignore disallowed transition from SHUTDOWN to RUNNING
2022-03-08 02:53:16,740 [EndpointStateMachine task thread for /0.0.0.0:39159 - 0 ] INFO  ipc.Client (Client.java:handleConnectionFailure(977)) - Retrying connect to server: 0.0.0.0/0.0.0.0:39159. Already tried 11 time(s); retry policy is RetryUpToMaximumCountWithFixedSleep(maxRetries=15, sleepTime=1000 MILLISECONDS)
2022-03-08 02:53:17,740 [EndpointStateMachine task thread for /0.0.0.0:39159 - 0 ] INFO  ipc.Client (Client.java:handleConnectionFailure(977)) - Retrying connect to server: 0.0.0.0/0.0.0.0:39159. Already tried 12 time(s); retry policy is RetryUpToMaximumCountWithFixedSleep(maxRetries=15, sleepTime=1000 MILLISECONDS)
2022-03-08 02:53:17,824 [Datanode State Machine Daemon Thread] WARN  statemachine.StateContext (StateContext.java:setState(250)) - Ignore disallowed transition from SHUTDOWN to RUNNING
2022-03-08 02:53:18,653 [grpc-default-executor-4] WARN  server.GrpcLogAppender (LogUtils.java:warn(122)) - 9e5b02fd-85e2-48c6-aea1-125703e1c6f5@group-779FC6785961->b2e56fe9-8c58-4ee8-92f7-465001393f8b-AppendLogResponseHandler: Failed appendEntries: org.apache.ratis.thirdparty.io.grpc.StatusRuntimeException: UNAVAILABLE: io exception
2022-03-08 02:53:18,654 [grpc-default-executor-4] WARN  server.GrpcLogAppender (GrpcLogAppender.java:resetClient(110)) - 9e5b02fd-85e2-48c6-aea1-125703e1c6f5@group-779FC6785961->b2e56fe9-8c58-4ee8-92f7-465001393f8b-GrpcLogAppender: Leader has not got in touch with Follower 9e5b02fd-85e2-48c6-aea1-125703e1c6f5@group-779FC6785961->b2e56fe9-8c58-4ee8-92f7-465001393f8b(c0,m0,n1, attendVote=true, lastRpcSendTime=0, lastRpcResponseTime=25038) yet, just keep nextIndex unchanged and retry.
2022-03-08 02:53:18,743 [EndpointStateMachine task thread for /0.0.0.0:39159 - 0 ] INFO  ipc.Client (Client.java:handleConnectionFailure(977)) - Retrying connect to server: 0.0.0.0/0.0.0.0:39159. Already tried 13 time(s); retry policy is RetryUpToMaximumCountWithFixedSleep(maxRetries=15, sleepTime=1000 MILLISECONDS)
2022-03-08 02:53:19,744 [EndpointStateMachine task thread for /0.0.0.0:39159 - 0 ] INFO  ipc.Client (Client.java:handleConnectionFailure(977)) - Retrying connect to server: 0.0.0.0/0.0.0.0:39159. Already tried 14 time(s); retry policy is RetryUpToMaximumCountWithFixedSleep(maxRetries=15, sleepTime=1000 MILLISECONDS)
2022-03-08 02:53:20,745 [EndpointStateMachine task thread for /0.0.0.0:39159 - 0 ] INFO  ipc.Client (Client.java:handleConnectionFailure(977)) - Retrying connect to server: 0.0.0.0/0.0.0.0:39159. Already tried 0 time(s); retry policy is RetryUpToMaximumCountWithFixedSleep(maxRetries=15, sleepTime=1000 MILLISECONDS)
2022-03-08 02:53:21,161 [grpc-default-executor-4] WARN  server.GrpcLogAppender (LogUtils.java:warn(122)) - 9e5b02fd-85e2-48c6-aea1-125703e1c6f5@group-779FC6785961->b2e56fe9-8c58-4ee8-92f7-465001393f8b-AppendLogResponseHandler: Failed appendEntries: org.apache.ratis.thirdparty.io.grpc.StatusRuntimeException: UNAVAILABLE: io exception
2022-03-08 02:53:21,162 [grpc-default-executor-4] WARN  server.GrpcLogAppender (GrpcLogAppender.java:resetClient(110)) - 9e5b02fd-85e2-48c6-aea1-125703e1c6f5@group-779FC6785961->b2e56fe9-8c58-4ee8-92f7-465001393f8b-GrpcLogAppender: Leader has not got in touch with Follower 9e5b02fd-85e2-48c6-aea1-125703e1c6f5@group-779FC6785961->b2e56fe9-8c58-4ee8-92f7-465001393f8b(c0,m0,n1, attendVote=true, lastRpcSendTime=2508, lastRpcResponseTime=27546) yet, just keep nextIndex unchanged and retry.
2022-03-08 02:53:21,381 [Time-limited test] INFO  ozoneimpl.OzoneContainer (OzoneContainer.java:stop(356)) - Attempting to stop container services.
2022-03-08 02:53:21,382 [Time-limited test] INFO  server.RaftServer (RaftServerProxy.java:lambda$close$6(391)) - 7342fea1-774e-439b-933d-8d39f93ca642: close
2022-03-08 02:53:21,382 [Time-limited test] INFO  server.RaftServer$Division (RaftServerImpl.java:lambda$close$4(412)) - 7342fea1-774e-439b-933d-8d39f93ca642@group-779FC6785961: shutdown
2022-03-08 02:53:21,382 [Time-limited test] INFO  util.JmxRegister (JmxRegister.java:unregister(73)) - Successfully un-registered JMX Bean with object name Ratis:service=RaftServer,group=group-779FC6785961,id=7342fea1-774e-439b-933d-8d39f93ca642
2022-03-08 02:53:21,382 [Time-limited test] INFO  impl.RoleInfo (RoleInfo.java:shutdownFollowerState(108)) - 7342fea1-774e-439b-933d-8d39f93ca642: shutdown 7342fea1-774e-439b-933d-8d39f93ca642@group-779FC6785961-FollowerState
2022-03-08 02:53:21,382 [Time-limited test] INFO  impl.StateMachineUpdater (StateMachineUpdater.java:stopAndJoin(149)) - 7342fea1-774e-439b-933d-8d39f93ca642@group-779FC6785961-StateMachineUpdater: set stopIndex = 0
2022-03-08 02:53:21,382 [7342fea1-774e-439b-933d-8d39f93ca642@group-779FC6785961-FollowerState] INFO  impl.FollowerState (FollowerState.java:run(143)) - 7342fea1-774e-439b-933d-8d39f93ca642@group-779FC6785961-FollowerState was interrupted: {}
java.lang.InterruptedException: sleep interrupted
	at java.lang.Thread.sleep(Native Method)
	at java.lang.Thread.sleep(Thread.java:342)
	at java.util.concurrent.TimeUnit.sleep(TimeUnit.java:386)
	at org.apache.ratis.util.TimeDuration.sleep(TimeDuration.java:324)
	at org.apache.ratis.util.TimeDuration.sleep(TimeDuration.java:309)
	at org.apache.ratis.server.impl.FollowerState.run(FollowerState.java:118)
2022-03-08 02:53:21,383 [7342fea1-774e-439b-933d-8d39f93ca642@group-779FC6785961-StateMachineUpdater] INFO  ratis.ContainerStateMachine (ContainerStateMachine.java:takeSnapshot(304)) - group-779FC6785961: Taking a snapshot at:(t:10, i:0) file /home/runner/work/ozone/ozone/hadoop-ozone/integration-test/target/test-dir/MiniOzoneClusterImpl-c5fac6bb-2c25-4e61-a608-d2807dddd723/datanode-1/data/ratis/9dee4946-65d8-4d03-b5c0-779fc6785961/sm/snapshot.10_0
2022-03-08 02:53:21,385 [7342fea1-774e-439b-933d-8d39f93ca642@group-779FC6785961-StateMachineUpdater] INFO  ratis.ContainerStateMachine (ContainerStateMachine.java:takeSnapshot(315)) - group-779FC6785961: Finished taking a snapshot at:(t:10, i:0) file:/home/runner/work/ozone/ozone/hadoop-ozone/integration-test/target/test-dir/MiniOzoneClusterImpl-c5fac6bb-2c25-4e61-a608-d2807dddd723/datanode-1/data/ratis/9dee4946-65d8-4d03-b5c0-779fc6785961/sm/snapshot.10_0 took: 2 ms
2022-03-08 02:53:21,385 [7342fea1-774e-439b-933d-8d39f93ca642@group-779FC6785961-StateMachineUpdater] INFO  impl.StateMachineUpdater (StateMachineUpdater.java:takeSnapshot(281)) - 7342fea1-774e-439b-933d-8d39f93ca642@group-779FC6785961-StateMachineUpdater: Took a snapshot at index 0
2022-03-08 02:53:21,385 [7342fea1-774e-439b-933d-8d39f93ca642@group-779FC6785961-StateMachineUpdater] INFO  impl.StateMachineUpdater (StateMachineUpdater.java:lambda$new$0(89)) - 7342fea1-774e-439b-933d-8d39f93ca642@group-779FC6785961-StateMachineUpdater: snapshotIndex: updateIncreasingly -1 -> 0
2022-03-08 02:53:21,385 [Time-limited test] INFO  server.RaftServer$Division (ServerState.java:close(419)) - 7342fea1-774e-439b-933d-8d39f93ca642@group-779FC6785961: closes. applyIndex: 0
2022-03-08 02:53:21,386 [7342fea1-774e-439b-933d-8d39f93ca642@group-779FC6785961-SegmentedRaftLogWorker] INFO  segmented.SegmentedRaftLogWorker (SegmentedRaftLogWorker.java:run(327)) - 7342fea1-774e-439b-933d-8d39f93ca642@group-779FC6785961-SegmentedRaftLogWorker was interrupted, exiting. There are 0 tasks remaining in the queue.
2022-03-08 02:53:21,386 [Time-limited test] INFO  segmented.SegmentedRaftLogWorker (SegmentedRaftLogWorker.java:close(237)) - 7342fea1-774e-439b-933d-8d39f93ca642@group-779FC6785961-SegmentedRaftLogWorker close()
2022-03-08 02:53:21,387 [Time-limited test] INFO  server.RaftServer$Division (RaftServerImpl.java:lambda$close$4(412)) - 7342fea1-774e-439b-933d-8d39f93ca642@group-3C14E3800885: shutdown
2022-03-08 02:53:21,387 [Time-limited test] INFO  util.JmxRegister (JmxRegister.java:unregister(73)) - Successfully un-registered JMX Bean with object name Ratis:service=RaftServer,group=group-3C14E3800885,id=7342fea1-774e-439b-933d-8d39f93ca642
2022-03-08 02:53:21,387 [Time-limited test] INFO  impl.RoleInfo (RoleInfo.java:shutdownLeaderState(91)) - 7342fea1-774e-439b-933d-8d39f93ca642: shutdown 7342fea1-774e-439b-933d-8d39f93ca642@group-3C14E3800885-LeaderStateImpl
2022-03-08 02:53:21,387 [Time-limited test] INFO  impl.PendingRequests (PendingRequests.java:sendNotLeaderResponses(282)) - 7342fea1-774e-439b-933d-8d39f93ca642@group-3C14E3800885-PendingRequests: sendNotLeaderResponses
2022-03-08 02:53:21,388 [Time-limited test] INFO  impl.StateMachineUpdater (StateMachineUpdater.java:stopAndJoin(149)) - 7342fea1-774e-439b-933d-8d39f93ca642@group-3C14E3800885-StateMachineUpdater: set stopIndex = 0
2022-03-08 02:53:21,388 [7342fea1-774e-439b-933d-8d39f93ca642@group-3C14E3800885-StateMachineUpdater] INFO  ratis.ContainerStateMachine (ContainerStateMachine.java:takeSnapshot(304)) - group-3C14E3800885: Taking a snapshot at:(t:1, i:0) file /home/runner/work/ozone/ozone/hadoop-ozone/integration-test/target/test-dir/MiniOzoneClusterImpl-c5fac6bb-2c25-4e61-a608-d2807dddd723/datanode-1/data/ratis/2aab253b-7da4-458f-81d7-3c14e3800885/sm/snapshot.1_0
2022-03-08 02:53:21,389 [7342fea1-774e-439b-933d-8d39f93ca642@group-3C14E3800885-StateMachineUpdater] INFO  ratis.ContainerStateMachine (ContainerStateMachine.java:takeSnapshot(315)) - group-3C14E3800885: Finished taking a snapshot at:(t:1, i:0) file:/home/runner/work/ozone/ozone/hadoop-ozone/integration-test/target/test-dir/MiniOzoneClusterImpl-c5fac6bb-2c25-4e61-a608-d2807dddd723/datanode-1/data/ratis/2aab253b-7da4-458f-81d7-3c14e3800885/sm/snapshot.1_0 took: 1 ms
2022-03-08 02:53:21,389 [7342fea1-774e-439b-933d-8d39f93ca642@group-3C14E3800885-StateMachineUpdater] INFO  impl.StateMachineUpdater (StateMachineUpdater.java:takeSnapshot(281)) - 7342fea1-774e-439b-933d-8d39f93ca642@group-3C14E3800885-StateMachineUpdater: Took a snapshot at index 0
2022-03-08 02:53:21,389 [7342fea1-774e-439b-933d-8d39f93ca642@group-3C14E3800885-StateMachineUpdater] INFO  impl.StateMachineUpdater (StateMachineUpdater.java:lambda$new$0(89)) - 7342fea1-774e-439b-933d-8d39f93ca642@group-3C14E3800885-StateMachineUpdater: snapshotIndex: updateIncreasingly -1 -> 0
2022-03-08 02:53:21,391 [Time-limited test] INFO  server.RaftServer$Division (ServerState.java:close(419)) - 7342fea1-774e-439b-933d-8d39f93ca642@group-3C14E3800885: closes. applyIndex: 0
2022-03-08 02:53:21,391 [7342fea1-774e-439b-933d-8d39f93ca642@group-3C14E3800885-SegmentedRaftLogWorker] INFO  segmented.SegmentedRaftLogWorker (SegmentedRaftLogWorker.java:run(327)) - 7342fea1-774e-439b-933d-8d39f93ca642@group-3C14E3800885-SegmentedRaftLogWorker was interrupted, exiting. There are 0 tasks remaining in the queue.
2022-03-08 02:53:21,393 [Time-limited test] INFO  segmented.SegmentedRaftLogWorker (SegmentedRaftLogWorker.java:close(237)) - 7342fea1-774e-439b-933d-8d39f93ca642@group-3C14E3800885-SegmentedRaftLogWorker close()
2022-03-08 02:53:21,394 [Time-limited test] INFO  server.GrpcService (GrpcService.java:closeImpl(262)) - 7342fea1-774e-439b-933d-8d39f93ca642: shutdown server with port 33197 now
2022-03-08 02:53:21,398 [grpc-default-executor-5] WARN  server.GrpcServerProtocolService (LogUtils.java:warn(122)) - 7342fea1-774e-439b-933d-8d39f93ca642: installSnapshot onError, lastRequest: 9e5b02fd-85e2-48c6-aea1-125703e1c6f5->7342fea1-774e-439b-933d-8d39f93ca642#1-t10,previous=(t:0, i:0),leaderCommit=0,initializing? true,entries: size=1, first=(t:10, i:0), CONFIGURATIONENTRY: org.apache.ratis.thirdparty.io.grpc.StatusRuntimeException: CANCELLED: client cancelled
2022-03-08 02:53:21,405 [ForkJoinPool.commonPool-worker-0] INFO  ozoneimpl.OzoneContainer (OzoneContainer.java:stop(356)) - Attempting to stop container services.
2022-03-08 02:53:21,422 [ForkJoinPool.commonPool-worker-0] INFO  utils.BackgroundService (BackgroundService.java:shutdown(132)) - Shutting down service BlockDeletingService
2022-03-08 02:53:21,424 [grpc-default-executor-6] WARN  server.GrpcLogAppender (LogUtils.java:warn(122)) - 9e5b02fd-85e2-48c6-aea1-125703e1c6f5@group-779FC6785961->7342fea1-774e-439b-933d-8d39f93ca642-AppendLogResponseHandler: Failed appendEntries: org.apache.ratis.thirdparty.io.grpc.StatusRuntimeException: CANCELLED: HTTP/2 error code: CANCEL
Received Rst Stream
2022-03-08 02:53:21,433 [grpc-default-executor-6] WARN  server.GrpcLogAppender (GrpcLogAppender.java:resetClient(110)) - 9e5b02fd-85e2-48c6-aea1-125703e1c6f5@group-779FC6785961->7342fea1-774e-439b-933d-8d39f93ca642-GrpcLogAppender: Leader has not got in touch with Follower 9e5b02fd-85e2-48c6-aea1-125703e1c6f5@group-779FC6785961->7342fea1-774e-439b-933d-8d39f93ca642(c0,m0,n1, attendVote=true, lastRpcSendTime=115, lastRpcResponseTime=106) yet, just keep nextIndex unchanged and retry.
2022-03-08 02:53:21,428 [Time-limited test] INFO  server.GrpcService (GrpcService.java:closeImpl(271)) - 7342fea1-774e-439b-933d-8d39f93ca642: shutdown server with port 33197 successfully
2022-03-08 02:53:21,434 [org.apache.ratis.util.JvmPauseMonitor$$Lambda$431/28165379@2b431bbd] INFO  util.JvmPauseMonitor (JvmPauseMonitor.java:run(109)) - JvmPauseMonitor-7342fea1-774e-439b-933d-8d39f93ca642: Stopped
2022-03-08 02:53:21,746 [EndpointStateMachine task thread for /0.0.0.0:39159 - 0 ] INFO  ipc.Client (Client.java:handleConnectionFailure(977)) - Retrying connect to server: 0.0.0.0/0.0.0.0:39159. Already tried 1 time(s); retry policy is RetryUpToMaximumCountWithFixedSleep(maxRetries=15, sleepTime=1000 MILLISECONDS)
2022-03-08 02:53:22,747 [EndpointStateMachine task thread for /0.0.0.0:39159 - 0 ] INFO  ipc.Client (Client.java:handleConnectionFailure(977)) - Retrying connect to server: 0.0.0.0/0.0.0.0:39159. Already tried 2 time(s); retry policy is RetryUpToMaximumCountWithFixedSleep(maxRetries=15, sleepTime=1000 MILLISECONDS)
2022-03-08 02:53:23,479 [Time-limited test] INFO  utils.BackgroundService (BackgroundService.java:shutdown(132)) - Shutting down service BlockDeletingService
2022-03-08 02:53:23,674 [grpc-default-executor-6] WARN  server.GrpcLogAppender (LogUtils.java:warn(122)) - 9e5b02fd-85e2-48c6-aea1-125703e1c6f5@group-779FC6785961->b2e56fe9-8c58-4ee8-92f7-465001393f8b-AppendLogResponseHandler: Failed appendEntries: org.apache.ratis.thirdparty.io.grpc.StatusRuntimeException: UNAVAILABLE: io exception
2022-03-08 02:53:23,675 [grpc-default-executor-6] WARN  server.GrpcLogAppender (GrpcLogAppender.java:resetClient(110)) - 9e5b02fd-85e2-48c6-aea1-125703e1c6f5@group-779FC6785961->b2e56fe9-8c58-4ee8-92f7-465001393f8b-GrpcLogAppender: Leader has not got in touch with Follower 9e5b02fd-85e2-48c6-aea1-125703e1c6f5@group-779FC6785961->b2e56fe9-8c58-4ee8-92f7-465001393f8b(c0,m0,n1, attendVote=true, lastRpcSendTime=1, lastRpcResponseTime=30060) yet, just keep nextIndex unchanged and retry.
2022-03-08 02:53:23,747 [EndpointStateMachine task thread for /0.0.0.0:39159 - 0 ] INFO  ipc.Client (Client.java:handleConnectionFailure(977)) - Retrying connect to server: 0.0.0.0/0.0.0.0:39159. Already tried 3 time(s); retry policy is RetryUpToMaximumCountWithFixedSleep(maxRetries=15, sleepTime=1000 MILLISECONDS)
2022-03-08 02:53:23,836 [grpc-default-executor-4] WARN  server.GrpcLogAppender (LogUtils.java:warn(122)) - 9e5b02fd-85e2-48c6-aea1-125703e1c6f5@group-779FC6785961->7342fea1-774e-439b-933d-8d39f93ca642-AppendLogResponseHandler: Failed appendEntries: org.apache.ratis.thirdparty.io.grpc.StatusRuntimeException: UNAVAILABLE: io exception
2022-03-08 02:53:23,837 [grpc-default-executor-4] WARN  server.GrpcLogAppender (GrpcLogAppender.java:resetClient(110)) - 9e5b02fd-85e2-48c6-aea1-125703e1c6f5@group-779FC6785961->7342fea1-774e-439b-933d-8d39f93ca642-GrpcLogAppender: Leader has not got in touch with Follower 9e5b02fd-85e2-48c6-aea1-125703e1c6f5@group-779FC6785961->7342fea1-774e-439b-933d-8d39f93ca642(c0,m0,n1, attendVote=true, lastRpcSendTime=1, lastRpcResponseTime=2510) yet, just keep nextIndex unchanged and retry.
2022-03-08 02:53:24,433 [ForkJoinPool.commonPool-worker-0] INFO  statemachine.DatanodeStateMachine (DatanodeStateMachine.java:stopDaemon(529)) - Ozone container server stopped.
2022-03-08 02:53:24,439 [ForkJoinPool.commonPool-worker-0] INFO  handler.ContextHandler (ContextHandler.java:doStop(1153)) - Stopped o.e.j.w.WebAppContext@62192a72{hddsDatanode,/,null,STOPPED}{jar:file:/home/runner/.m2/repository/org/apache/ozone/hdds-container-service/1.3.0-SNAPSHOT/hdds-container-service-1.3.0-SNAPSHOT.jar!/webapps/hddsDatanode}
2022-03-08 02:53:24,440 [ForkJoinPool.commonPool-worker-0] INFO  server.AbstractConnector (AbstractConnector.java:doStop(381)) - Stopped ServerConnector@400d8e39{HTTP/1.1, (http/1.1)}{0.0.0.0:41937}
2022-03-08 02:53:24,440 [ForkJoinPool.commonPool-worker-0] INFO  server.session (HouseKeeper.java:stopScavenging(149)) - node0 Stopped scavenging
2022-03-08 02:53:24,441 [ForkJoinPool.commonPool-worker-0] INFO  handler.ContextHandler (ContextHandler.java:doStop(1153)) - Stopped o.e.j.s.ServletContextHandler@b69f4c8{static,/static,jar:file:/home/runner/.m2/repository/org/apache/ozone/hdds-container-service/1.3.0-SNAPSHOT/hdds-container-service-1.3.0-SNAPSHOT.jar!/webapps/static,STOPPED}
2022-03-08 02:53:24,442 [ForkJoinPool.commonPool-worker-0] INFO  handler.ContextHandler (ContextHandler.java:doStop(1153)) - Stopped o.e.j.s.ServletContextHandler@26680660{logs,/logs,file:///home/runner/work/ozone/ozone/hadoop-ozone/integration-test/target/log,STOPPED}
2022-03-08 02:53:24,543 [Datanode State Machine Daemon Thread] WARN  statemachine.StateContext (StateContext.java:setState(250)) - Ignore disallowed transition from SHUTDOWN to RUNNING
2022-03-08 02:53:24,748 [EndpointStateMachine task thread for /0.0.0.0:39159 - 0 ] INFO  ipc.Client (Client.java:handleConnectionFailure(977)) - Retrying connect to server: 0.0.0.0/0.0.0.0:39159. Already tried 4 time(s); retry policy is RetryUpToMaximumCountWithFixedSleep(maxRetries=15, sleepTime=1000 MILLISECONDS)
2022-03-08 02:53:25,749 [EndpointStateMachine task thread for /0.0.0.0:39159 - 0 ] INFO  ipc.Client (Client.java:handleConnectionFailure(977)) - Retrying connect to server: 0.0.0.0/0.0.0.0:39159. Already tried 5 time(s); retry policy is RetryUpToMaximumCountWithFixedSleep(maxRetries=15, sleepTime=1000 MILLISECONDS)
2022-03-08 02:53:26,178 [grpc-default-executor-4] WARN  server.GrpcLogAppender (LogUtils.java:warn(122)) - 9e5b02fd-85e2-48c6-aea1-125703e1c6f5@group-779FC6785961->b2e56fe9-8c58-4ee8-92f7-465001393f8b-AppendLogResponseHandler: Failed appendEntries: org.apache.ratis.thirdparty.io.grpc.StatusRuntimeException: UNAVAILABLE: io exception
2022-03-08 02:53:26,179 [grpc-default-executor-4] WARN  server.GrpcLogAppender (GrpcLogAppender.java:resetClient(110)) - 9e5b02fd-85e2-48c6-aea1-125703e1c6f5@group-779FC6785961->b2e56fe9-8c58-4ee8-92f7-465001393f8b-GrpcLogAppender: Leader has not got in touch with Follower 9e5b02fd-85e2-48c6-aea1-125703e1c6f5@group-779FC6785961->b2e56fe9-8c58-4ee8-92f7-465001393f8b(c0,m0,n1, attendVote=true, lastRpcSendTime=0, lastRpcResponseTime=32563) yet, just keep nextIndex unchanged and retry.
2022-03-08 02:53:26,336 [grpc-default-executor-4] WARN  server.GrpcLogAppender (LogUtils.java:warn(122)) - 9e5b02fd-85e2-48c6-aea1-125703e1c6f5@group-779FC6785961->7342fea1-774e-439b-933d-8d39f93ca642-AppendLogResponseHandler: Failed appendEntries: org.apache.ratis.thirdparty.io.grpc.StatusRuntimeException: UNAVAILABLE: io exception
2022-03-08 02:53:26,337 [grpc-default-executor-4] WARN  server.GrpcLogAppender (GrpcLogAppender.java:resetClient(110)) - 9e5b02fd-85e2-48c6-aea1-125703e1c6f5@group-779FC6785961->7342fea1-774e-439b-933d-8d39f93ca642-GrpcLogAppender: Leader has not got in touch with Follower 9e5b02fd-85e2-48c6-aea1-125703e1c6f5@group-779FC6785961->7342fea1-774e-439b-933d-8d39f93ca642(c0,m0,n1, attendVote=true, lastRpcSendTime=0, lastRpcResponseTime=5010) yet, just keep nextIndex unchanged and retry.
2022-03-08 02:53:26,485 [Time-limited test] INFO  statemachine.DatanodeStateMachine (DatanodeStateMachine.java:stopDaemon(529)) - Ozone container server stopped.
2022-03-08 02:53:26,497 [Time-limited test] INFO  handler.ContextHandler (ContextHandler.java:doStop(1153)) - Stopped o.e.j.w.WebAppContext@30299ab{hddsDatanode,/,null,STOPPED}{jar:file:/home/runner/.m2/repository/org/apache/ozone/hdds-container-service/1.3.0-SNAPSHOT/hdds-container-service-1.3.0-SNAPSHOT.jar!/webapps/hddsDatanode}
2022-03-08 02:53:26,498 [Time-limited test] INFO  server.AbstractConnector (AbstractConnector.java:doStop(381)) - Stopped ServerConnector@3f376513{HTTP/1.1, (http/1.1)}{0.0.0.0:0}
2022-03-08 02:53:26,498 [Time-limited test] INFO  server.session (HouseKeeper.java:stopScavenging(149)) - node0 Stopped scavenging
2022-03-08 02:53:26,525 [Time-limited test] INFO  handler.ContextHandler (ContextHandler.java:doStop(1153)) - Stopped o.e.j.s.ServletContextHandler@222d2207{static,/static,jar:file:/home/runner/.m2/repository/org/apache/ozone/hdds-container-service/1.3.0-SNAPSHOT/hdds-container-service-1.3.0-SNAPSHOT.jar!/webapps/static,STOPPED}
2022-03-08 02:53:26,531 [Time-limited test] INFO  handler.ContextHandler (ContextHandler.java:doStop(1153)) - Stopped o.e.j.s.ServletContextHandler@1eee5681{logs,/logs,file:///home/runner/work/ozone/ozone/hadoop-ozone/integration-test/target/log,STOPPED}
2022-03-08 02:53:26,750 [EndpointStateMachine task thread for /0.0.0.0:39159 - 0 ] INFO  ipc.Client (Client.java:handleConnectionFailure(977)) - Retrying connect to server: 0.0.0.0/0.0.0.0:39159. Already tried 6 time(s); retry policy is RetryUpToMaximumCountWithFixedSleep(maxRetries=15, sleepTime=1000 MILLISECONDS)
2022-03-08 02:53:27,750 [EndpointStateMachine task thread for /0.0.0.0:39159 - 0 ] INFO  ipc.Client (Client.java:handleConnectionFailure(977)) - Retrying connect to server: 0.0.0.0/0.0.0.0:39159. Already tried 7 time(s); retry policy is RetryUpToMaximumCountWithFixedSleep(maxRetries=15, sleepTime=1000 MILLISECONDS)
2022-03-08 02:53:28,679 [grpc-default-executor-4] WARN  server.GrpcLogAppender (LogUtils.java:warn(122)) - 9e5b02fd-85e2-48c6-aea1-125703e1c6f5@group-779FC6785961->b2e56fe9-8c58-4ee8-92f7-465001393f8b-AppendLogResponseHandler: Failed appendEntries: org.apache.ratis.thirdparty.io.grpc.StatusRuntimeException: UNAVAILABLE: io exception
2022-03-08 02:53:28,680 [grpc-default-executor-4] WARN  server.GrpcLogAppender (GrpcLogAppender.java:resetClient(110)) - 9e5b02fd-85e2-48c6-aea1-125703e1c6f5@group-779FC6785961->b2e56fe9-8c58-4ee8-92f7-465001393f8b-GrpcLogAppender: Leader has not got in touch with Follower 9e5b02fd-85e2-48c6-aea1-125703e1c6f5@group-779FC6785961->b2e56fe9-8c58-4ee8-92f7-465001393f8b(c0,m0,n1, attendVote=true, lastRpcSendTime=0, lastRpcResponseTime=35064) yet, just keep nextIndex unchanged and retry.
2022-03-08 02:53:28,751 [EndpointStateMachine task thread for /0.0.0.0:39159 - 0 ] INFO  ipc.Client (Client.java:handleConnectionFailure(977)) - Retrying connect to server: 0.0.0.0/0.0.0.0:39159. Already tried 8 time(s); retry policy is RetryUpToMaximumCountWithFixedSleep(maxRetries=15, sleepTime=1000 MILLISECONDS)
2022-03-08 02:53:28,845 [grpc-default-executor-4] WARN  server.GrpcLogAppender (LogUtils.java:warn(122)) - 9e5b02fd-85e2-48c6-aea1-125703e1c6f5@group-779FC6785961->7342fea1-774e-439b-933d-8d39f93ca642-AppendLogResponseHandler: Failed appendEntries: org.apache.ratis.thirdparty.io.grpc.StatusRuntimeException: UNAVAILABLE: io exception
2022-03-08 02:53:28,846 [grpc-default-executor-4] WARN  server.GrpcLogAppender (GrpcLogAppender.java:resetClient(110)) - 9e5b02fd-85e2-48c6-aea1-125703e1c6f5@group-779FC6785961->7342fea1-774e-439b-933d-8d39f93ca642-GrpcLogAppender: Leader has not got in touch with Follower 9e5b02fd-85e2-48c6-aea1-125703e1c6f5@group-779FC6785961->7342fea1-774e-439b-933d-8d39f93ca642(c0,m0,n1, attendVote=true, lastRpcSendTime=3, lastRpcResponseTime=7519) yet, just keep nextIndex unchanged and retry.
2022-03-08 02:53:29,443 [ForkJoinPool.commonPool-worker-0] INFO  ozoneimpl.OzoneContainer (OzoneContainer.java:stop(356)) - Attempting to stop container services.
2022-03-08 02:53:29,444 [ForkJoinPool.commonPool-worker-0] INFO  server.RaftServer (RaftServerProxy.java:lambda$close$6(391)) - 9e5b02fd-85e2-48c6-aea1-125703e1c6f5: close
2022-03-08 02:53:29,444 [ForkJoinPool.commonPool-worker-0] INFO  server.RaftServer$Division (RaftServerImpl.java:lambda$close$4(412)) - 9e5b02fd-85e2-48c6-aea1-125703e1c6f5@group-779FC6785961: shutdown
2022-03-08 02:53:29,444 [ForkJoinPool.commonPool-worker-0] INFO  util.JmxRegister (JmxRegister.java:unregister(73)) - Successfully un-registered JMX Bean with object name Ratis:service=RaftServer,group=group-779FC6785961,id=9e5b02fd-85e2-48c6-aea1-125703e1c6f5
2022-03-08 02:53:29,444 [ForkJoinPool.commonPool-worker-0] INFO  impl.RoleInfo (RoleInfo.java:shutdownLeaderState(91)) - 9e5b02fd-85e2-48c6-aea1-125703e1c6f5: shutdown 9e5b02fd-85e2-48c6-aea1-125703e1c6f5@group-779FC6785961-LeaderStateImpl
2022-03-08 02:53:29,445 [ForkJoinPool.commonPool-worker-0] INFO  impl.PendingRequests (PendingRequests.java:sendNotLeaderResponses(282)) - 9e5b02fd-85e2-48c6-aea1-125703e1c6f5@group-779FC6785961-PendingRequests: sendNotLeaderResponses
2022-03-08 02:53:29,446 [ForkJoinPool.commonPool-worker-0] INFO  impl.StateMachineUpdater (StateMachineUpdater.java:stopAndJoin(149)) - 9e5b02fd-85e2-48c6-aea1-125703e1c6f5@group-779FC6785961-StateMachineUpdater: set stopIndex = 0
2022-03-08 02:53:29,446 [9e5b02fd-85e2-48c6-aea1-125703e1c6f5@group-779FC6785961-StateMachineUpdater] INFO  ratis.ContainerStateMachine (ContainerStateMachine.java:takeSnapshot(304)) - group-779FC6785961: Taking a snapshot at:(t:10, i:0) file /home/runner/work/ozone/ozone/hadoop-ozone/integration-test/target/test-dir/MiniOzoneClusterImpl-c5fac6bb-2c25-4e61-a608-d2807dddd723/datanode-2/data/ratis/9dee4946-65d8-4d03-b5c0-779fc6785961/sm/snapshot.10_0
2022-03-08 02:53:29,448 [9e5b02fd-85e2-48c6-aea1-125703e1c6f5@group-779FC6785961-StateMachineUpdater] INFO  ratis.ContainerStateMachine (ContainerStateMachine.java:takeSnapshot(315)) - group-779FC6785961: Finished taking a snapshot at:(t:10, i:0) file:/home/runner/work/ozone/ozone/hadoop-ozone/integration-test/target/test-dir/MiniOzoneClusterImpl-c5fac6bb-2c25-4e61-a608-d2807dddd723/datanode-2/data/ratis/9dee4946-65d8-4d03-b5c0-779fc6785961/sm/snapshot.10_0 took: 2 ms
2022-03-08 02:53:29,448 [9e5b02fd-85e2-48c6-aea1-125703e1c6f5@group-779FC6785961-StateMachineUpdater] INFO  impl.StateMachineUpdater (StateMachineUpdater.java:takeSnapshot(281)) - 9e5b02fd-85e2-48c6-aea1-125703e1c6f5@group-779FC6785961-StateMachineUpdater: Took a snapshot at index 0
2022-03-08 02:53:29,448 [9e5b02fd-85e2-48c6-aea1-125703e1c6f5@group-779FC6785961-StateMachineUpdater] INFO  impl.StateMachineUpdater (StateMachineUpdater.java:lambda$new$0(89)) - 9e5b02fd-85e2-48c6-aea1-125703e1c6f5@group-779FC6785961-StateMachineUpdater: snapshotIndex: updateIncreasingly -1 -> 0
2022-03-08 02:53:29,449 [ForkJoinPool.commonPool-worker-0] INFO  server.RaftServer$Division (ServerState.java:close(419)) - 9e5b02fd-85e2-48c6-aea1-125703e1c6f5@group-779FC6785961: closes. applyIndex: 0
2022-03-08 02:53:29,452 [9e5b02fd-85e2-48c6-aea1-125703e1c6f5@group-779FC6785961-SegmentedRaftLogWorker] INFO  segmented.SegmentedRaftLogWorker (SegmentedRaftLogWorker.java:run(327)) - 9e5b02fd-85e2-48c6-aea1-125703e1c6f5@group-779FC6785961-SegmentedRaftLogWorker was interrupted, exiting. There are 0 tasks remaining in the queue.
2022-03-08 02:53:29,453 [ForkJoinPool.commonPool-worker-0] INFO  segmented.SegmentedRaftLogWorker (SegmentedRaftLogWorker.java:close(237)) - 9e5b02fd-85e2-48c6-aea1-125703e1c6f5@group-779FC6785961-SegmentedRaftLogWorker close()
2022-03-08 02:53:29,455 [ForkJoinPool.commonPool-worker-0] INFO  server.RaftServer$Division (RaftServerImpl.java:lambda$close$4(412)) - 9e5b02fd-85e2-48c6-aea1-125703e1c6f5@group-69C50F46ED2C: shutdown
2022-03-08 02:53:29,455 [ForkJoinPool.commonPool-worker-0] INFO  util.JmxRegister (JmxRegister.java:unregister(73)) - Successfully un-registered JMX Bean with object name Ratis:service=RaftServer,group=group-69C50F46ED2C,id=9e5b02fd-85e2-48c6-aea1-125703e1c6f5
2022-03-08 02:53:29,455 [ForkJoinPool.commonPool-worker-0] INFO  impl.RoleInfo (RoleInfo.java:shutdownLeaderState(91)) - 9e5b02fd-85e2-48c6-aea1-125703e1c6f5: shutdown 9e5b02fd-85e2-48c6-aea1-125703e1c6f5@group-69C50F46ED2C-LeaderStateImpl
2022-03-08 02:53:29,455 [ForkJoinPool.commonPool-worker-0] INFO  impl.PendingRequests (PendingRequests.java:sendNotLeaderResponses(282)) - 9e5b02fd-85e2-48c6-aea1-125703e1c6f5@group-69C50F46ED2C-PendingRequests: sendNotLeaderResponses
2022-03-08 02:53:29,455 [ForkJoinPool.commonPool-worker-0] INFO  impl.StateMachineUpdater (StateMachineUpdater.java:stopAndJoin(149)) - 9e5b02fd-85e2-48c6-aea1-125703e1c6f5@group-69C50F46ED2C-StateMachineUpdater: set stopIndex = 0
2022-03-08 02:53:29,456 [9e5b02fd-85e2-48c6-aea1-125703e1c6f5@group-69C50F46ED2C-StateMachineUpdater] INFO  ratis.ContainerStateMachine (ContainerStateMachine.java:takeSnapshot(304)) - group-69C50F46ED2C: Taking a snapshot at:(t:1, i:0) file /home/runner/work/ozone/ozone/hadoop-ozone/integration-test/target/test-dir/MiniOzoneClusterImpl-c5fac6bb-2c25-4e61-a608-d2807dddd723/datanode-2/data/ratis/65df48c9-2052-44c8-a88e-69c50f46ed2c/sm/snapshot.1_0
2022-03-08 02:53:29,461 [9e5b02fd-85e2-48c6-aea1-125703e1c6f5@group-69C50F46ED2C-StateMachineUpdater] INFO  ratis.ContainerStateMachine (ContainerStateMachine.java:takeSnapshot(315)) - group-69C50F46ED2C: Finished taking a snapshot at:(t:1, i:0) file:/home/runner/work/ozone/ozone/hadoop-ozone/integration-test/target/test-dir/MiniOzoneClusterImpl-c5fac6bb-2c25-4e61-a608-d2807dddd723/datanode-2/data/ratis/65df48c9-2052-44c8-a88e-69c50f46ed2c/sm/snapshot.1_0 took: 5 ms
2022-03-08 02:53:29,461 [9e5b02fd-85e2-48c6-aea1-125703e1c6f5@group-69C50F46ED2C-StateMachineUpdater] INFO  impl.StateMachineUpdater (StateMachineUpdater.java:takeSnapshot(281)) - 9e5b02fd-85e2-48c6-aea1-125703e1c6f5@group-69C50F46ED2C-StateMachineUpdater: Took a snapshot at index 0
2022-03-08 02:53:29,461 [9e5b02fd-85e2-48c6-aea1-125703e1c6f5@group-69C50F46ED2C-StateMachineUpdater] INFO  impl.StateMachineUpdater (StateMachineUpdater.java:lambda$new$0(89)) - 9e5b02fd-85e2-48c6-aea1-125703e1c6f5@group-69C50F46ED2C-StateMachineUpdater: snapshotIndex: updateIncreasingly -1 -> 0
2022-03-08 02:53:29,462 [ForkJoinPool.commonPool-worker-0] INFO  server.RaftServer$Division (ServerState.java:close(419)) - 9e5b02fd-85e2-48c6-aea1-125703e1c6f5@group-69C50F46ED2C: closes. applyIndex: 0
2022-03-08 02:53:29,462 [9e5b02fd-85e2-48c6-aea1-125703e1c6f5@group-69C50F46ED2C-SegmentedRaftLogWorker] INFO  segmented.SegmentedRaftLogWorker (SegmentedRaftLogWorker.java:run(327)) - 9e5b02fd-85e2-48c6-aea1-125703e1c6f5@group-69C50F46ED2C-SegmentedRaftLogWorker was interrupted, exiting. There are 0 tasks remaining in the queue.
2022-03-08 02:53:29,465 [ForkJoinPool.commonPool-worker-0] INFO  segmented.SegmentedRaftLogWorker (SegmentedRaftLogWorker.java:close(237)) - 9e5b02fd-85e2-48c6-aea1-125703e1c6f5@group-69C50F46ED2C-SegmentedRaftLogWorker close()
2022-03-08 02:53:29,466 [ForkJoinPool.commonPool-worker-0] INFO  server.GrpcService (GrpcService.java:closeImpl(262)) - 9e5b02fd-85e2-48c6-aea1-125703e1c6f5: shutdown server with port 35265 now
2022-03-08 02:53:29,467 [ForkJoinPool.commonPool-worker-0] INFO  server.GrpcService (GrpcService.java:closeImpl(271)) - 9e5b02fd-85e2-48c6-aea1-125703e1c6f5: shutdown server with port 35265 successfully
2022-03-08 02:53:29,467 [org.apache.ratis.util.JvmPauseMonitor$$Lambda$431/28165379@147ef54c] INFO  util.JvmPauseMonitor (JvmPauseMonitor.java:run(109)) - JvmPauseMonitor-9e5b02fd-85e2-48c6-aea1-125703e1c6f5: Stopped
2022-03-08 02:53:29,477 [9e5b02fd-85e2-48c6-aea1-125703e1c6f5@group-779FC6785961->b2e56fe9-8c58-4ee8-92f7-465001393f8b-GrpcLogAppender-LogAppenderDaemon] ERROR leader.LogAppenderDaemon (LogAppenderDaemon.java:run(86)) - 9e5b02fd-85e2-48c6-aea1-125703e1c6f5@group-779FC6785961->b2e56fe9-8c58-4ee8-92f7-465001393f8b-GrpcLogAppender-LogAppenderDaemon failed
java.lang.IllegalArgumentException: 9e5b02fd-85e2-48c6-aea1-125703e1c6f5@group-779FC6785961-SegmentedRaftLog is expected to be opened but it is CLOSED
	at org.apache.ratis.util.OpenCloseState.assertOpen(OpenCloseState.java:63)
	at org.apache.ratis.server.raftlog.RaftLogBase.checkLogState(RaftLogBase.java:107)
	at org.apache.ratis.server.raftlog.segmented.SegmentedRaftLog.getLastEntryTermIndex(SegmentedRaftLog.java:339)
	at org.apache.ratis.server.raftlog.RaftLog.getNextIndex(RaftLog.java:83)
	at org.apache.ratis.server.leader.LogAppenderBase.newAppendEntriesRequest(LogAppenderBase.java:138)
	at org.apache.ratis.grpc.server.GrpcLogAppender.appendLog(GrpcLogAppender.java:213)
	at org.apache.ratis.grpc.server.GrpcLogAppender.run(GrpcLogAppender.java:147)
	at org.apache.ratis.server.leader.LogAppenderDaemon.run(LogAppenderDaemon.java:77)
	at java.lang.Thread.run(Thread.java:750)
Caused by: org.apache.ratis.util.OpenCloseState$CloseTrace: Close 9e5b02fd-85e2-48c6-aea1-125703e1c6f5@group-779FC6785961-SegmentedRaftLog
	at org.apache.ratis.util.OpenCloseState.lambda$close$1(OpenCloseState.java:109)
	at java.util.concurrent.atomic.AtomicReference.getAndUpdate(AtomicReference.java:160)
	at org.apache.ratis.util.OpenCloseState.close(OpenCloseState.java:109)
	at org.apache.ratis.server.raftlog.RaftLogBase.close(RaftLogBase.java:356)
	at org.apache.ratis.server.raftlog.segmented.SegmentedRaftLog.close(SegmentedRaftLog.java:505)
	at org.apache.ratis.server.impl.ServerState.close(ServerState.java:421)
	at org.apache.ratis.server.impl.RaftServerImpl.lambda$close$4(RaftServerImpl.java:434)
	at org.apache.ratis.util.LifeCycle.lambda$checkStateAndClose$4(LifeCycle.java:299)
	at org.apache.ratis.util.LifeCycle.checkStateAndClose(LifeCycle.java:319)
	at org.apache.ratis.util.LifeCycle.checkStateAndClose(LifeCycle.java:297)
	at org.apache.ratis.server.impl.RaftServerImpl.close(RaftServerImpl.java:411)
	at org.apache.ratis.server.impl.RaftServerProxy$ImplMap.close(RaftServerProxy.java:129)
	at org.apache.ratis.server.impl.RaftServerProxy$ImplMap.lambda$close$0(RaftServerProxy.java:117)
	at java.util.stream.ForEachOps$ForEachOp$OfRef.accept(ForEachOps.java:183)
	at java.util.concurrent.ConcurrentHashMap$EntrySpliterator.forEachRemaining(ConcurrentHashMap.java:3606)
	at java.util.stream.AbstractPipeline.copyInto(AbstractPipeline.java:482)
	at java.util.stream.ForEachOps$ForEachTask.compute(ForEachOps.java:290)
	at java.util.concurrent.CountedCompleter.exec(CountedCompleter.java:731)
	at java.util.concurrent.ForkJoinTask.doExec(ForkJoinTask.java:289)
	at java.util.concurrent.ForkJoinTask.doInvoke(ForkJoinTask.java:401)
	at java.util.concurrent.ForkJoinTask.invoke(ForkJoinTask.java:734)
	at java.util.stream.ForEachOps$ForEachOp.evaluateParallel(ForEachOps.java:159)
	at java.util.stream.ForEachOps$ForEachOp$OfRef.evaluateParallel(ForEachOps.java:173)
	at java.util.stream.AbstractPipeline.evaluate(AbstractPipeline.java:233)
	at java.util.stream.ReferencePipeline.forEach(ReferencePipeline.java:485)
	at java.util.stream.ReferencePipeline$Head.forEach(ReferencePipeline.java:650)
	at org.apache.ratis.server.impl.RaftServerProxy$ImplMap.close(RaftServerProxy.java:117)
	at org.apache.ratis.server.impl.RaftServerProxy.lambda$close$6(RaftServerProxy.java:392)
	at org.apache.ratis.util.LifeCycle.lambda$checkStateAndClose$4(LifeCycle.java:299)
	at org.apache.ratis.util.LifeCycle.checkStateAndClose(LifeCycle.java:319)
	at org.apache.ratis.util.LifeCycle.checkStateAndClose(LifeCycle.java:297)
	at org.apache.ratis.server.impl.RaftServerProxy.close(RaftServerProxy.java:390)
	at org.apache.hadoop.ozone.container.common.transport.server.ratis.XceiverServerRatis.stop(XceiverServerRatis.java:517)
	at org.apache.hadoop.ozone.container.ozoneimpl.OzoneContainer.stop(OzoneContainer.java:359)
	at org.apache.hadoop.ozone.container.common.statemachine.DatanodeStateMachine.close(DatanodeStateMachine.java:383)
	at org.apache.hadoop.ozone.container.common.statemachine.DatanodeStateMachine.stopDaemon(DatanodeStateMachine.java:528)
	at org.apache.hadoop.ozone.HddsDatanodeService.stop(HddsDatanodeService.java:568)
	at org.apache.hadoop.ozone.MiniOzoneClusterImpl.stopDatanode(MiniOzoneClusterImpl.java:531)
	at java.util.stream.ForEachOps$ForEachOp$OfRef.accept(ForEachOps.java:183)
	at java.util.ArrayList$ArrayListSpliterator.forEachRemaining(ArrayList.java:1384)
	at java.util.stream.AbstractPipeline.copyInto(AbstractPipeline.java:482)
	at java.util.stream.ForEachOps$ForEachTask.compute(ForEachOps.java:290)
	at java.util.concurrent.CountedCompleter.exec(CountedCompleter.java:731)
	at java.util.concurrent.ForkJoinTask.doExec(ForkJoinTask.java:289)
	at java.util.concurrent.ForkJoinPool$WorkQueue.runTask(ForkJoinPool.java:1056)
	at java.util.concurrent.ForkJoinPool.runWorker(ForkJoinPool.java:1692)
	at java.util.concurrent.ForkJoinWorkerThread.run(ForkJoinWorkerThread.java:175)
2022-03-08 02:53:29,752 [EndpointStateMachine task thread for /0.0.0.0:39159 - 0 ] INFO  ipc.Client (Client.java:handleConnectionFailure(977)) - Retrying connect to server: 0.0.0.0/0.0.0.0:39159. Already tried 9 time(s); retry policy is RetryUpToMaximumCountWithFixedSleep(maxRetries=15, sleepTime=1000 MILLISECONDS)
2022-03-08 02:53:30,752 [EndpointStateMachine task thread for /0.0.0.0:39159 - 0 ] INFO  ipc.Client (Client.java:handleConnectionFailure(977)) - Retrying connect to server: 0.0.0.0/0.0.0.0:39159. Already tried 10 time(s); retry policy is RetryUpToMaximumCountWithFixedSleep(maxRetries=15, sleepTime=1000 MILLISECONDS)
2022-03-08 02:53:31,494 [ForkJoinPool.commonPool-worker-0] INFO  utils.BackgroundService (BackgroundService.java:shutdown(132)) - Shutting down service BlockDeletingService
2022-03-08 02:53:31,753 [EndpointStateMachine task thread for /0.0.0.0:39159 - 0 ] INFO  ipc.Client (Client.java:handleConnectionFailure(977)) - Retrying connect to server: 0.0.0.0/0.0.0.0:39159. Already tried 11 time(s); retry policy is RetryUpToMaximumCountWithFixedSleep(maxRetries=15, sleepTime=1000 MILLISECONDS)
2022-03-08 02:53:32,754 [EndpointStateMachine task thread for /0.0.0.0:39159 - 0 ] INFO  ipc.Client (Client.java:handleConnectionFailure(977)) - Retrying connect to server: 0.0.0.0/0.0.0.0:39159. Already tried 12 time(s); retry policy is RetryUpToMaximumCountWithFixedSleep(maxRetries=15, sleepTime=1000 MILLISECONDS)
2022-03-08 02:53:33,755 [EndpointStateMachine task thread for /0.0.0.0:39159 - 0 ] INFO  ipc.Client (Client.java:handleConnectionFailure(977)) - Retrying connect to server: 0.0.0.0/0.0.0.0:39159. Already tried 13 time(s); retry policy is RetryUpToMaximumCountWithFixedSleep(maxRetries=15, sleepTime=1000 MILLISECONDS)
2022-03-08 02:53:34,503 [ForkJoinPool.commonPool-worker-0] INFO  statemachine.DatanodeStateMachine (DatanodeStateMachine.java:stopDaemon(529)) - Ozone container server stopped.
2022-03-08 02:53:34,505 [ForkJoinPool.commonPool-worker-0] INFO  handler.ContextHandler (ContextHandler.java:doStop(1153)) - Stopped o.e.j.w.WebAppContext@3b3e6d91{hddsDatanode,/,null,STOPPED}{jar:file:/home/runner/.m2/repository/org/apache/ozone/hdds-container-service/1.3.0-SNAPSHOT/hdds-container-service-1.3.0-SNAPSHOT.jar!/webapps/hddsDatanode}
2022-03-08 02:53:34,506 [ForkJoinPool.commonPool-worker-0] INFO  server.AbstractConnector (AbstractConnector.java:doStop(381)) - Stopped ServerConnector@40389e62{HTTP/1.1, (http/1.1)}{0.0.0.0:0}
2022-03-08 02:53:34,506 [ForkJoinPool.commonPool-worker-0] INFO  server.session (HouseKeeper.java:stopScavenging(149)) - node0 Stopped scavenging
2022-03-08 02:53:34,507 [ForkJoinPool.commonPool-worker-0] INFO  handler.ContextHandler (ContextHandler.java:doStop(1153)) - Stopped o.e.j.s.ServletContextHandler@6e86f964{static,/static,jar:file:/home/runner/.m2/repository/org/apache/ozone/hdds-container-service/1.3.0-SNAPSHOT/hdds-container-service-1.3.0-SNAPSHOT.jar!/webapps/static,STOPPED}
2022-03-08 02:53:34,510 [ForkJoinPool.commonPool-worker-0] INFO  handler.ContextHandler (ContextHandler.java:doStop(1153)) - Stopped o.e.j.s.ServletContextHandler@5aea190b{logs,/logs,file:///home/runner/work/ozone/ozone/hadoop-ozone/integration-test/target/log,STOPPED}
2022-03-08 02:53:34,518 [Time-limited test] INFO  ozone.MiniOzoneClusterImpl (MiniOzoneClusterImpl.java:stopSCM(538)) - Stopping the StorageContainerManager
2022-03-08 02:53:34,518 [Time-limited test] INFO  server.StorageContainerManager (StorageContainerManager.java:stop(1414)) - Stopping Container Balancer service.
2022-03-08 02:53:34,518 [Time-limited test] INFO  balancer.ContainerBalancer (ContainerBalancer.java:stop(788)) - Container Balancer is not running.
2022-03-08 02:53:34,518 [Time-limited test] INFO  server.StorageContainerManager (StorageContainerManager.java:stop(1421)) - Stopping Replication Manager Service.
2022-03-08 02:53:34,518 [Time-limited test] INFO  container.ReplicationManager (ReplicationManager.java:stop(364)) - Replication Monitor Thread is not running.
2022-03-08 02:53:34,518 [Time-limited test] INFO  server.StorageContainerManager (StorageContainerManager.java:stop(1428)) - Stopping the Datanode Admin Monitor.
2022-03-08 02:53:34,518 [Time-limited test] INFO  server.StorageContainerManager (StorageContainerManager.java:stop(1435)) - Stopping Lease Manager of the command watchers
2022-03-08 02:53:34,519 [Time-limited test] ERROR server.StorageContainerManager (StorageContainerManager.java:stop(1438)) - Lease Manager of the command watchers stop failed
2022-03-08 02:53:34,519 [Time-limited test] INFO  server.StorageContainerManager (StorageContainerManager.java:stop(1442)) - Stopping datanode service RPC server
2022-03-08 02:53:34,519 [Time-limited test] INFO  server.SCMDatanodeProtocolServer (SCMDatanodeProtocolServer.java:stop(400)) - Stopping the RPC server for DataNodes
2022-03-08 02:53:34,519 [Time-limited test] INFO  ipc.Server (Server.java:stop(3414)) - Stopping server on 39159
2022-03-08 02:53:34,519 [Time-limited test] INFO  server.StorageContainerManager (StorageContainerManager.java:stop(1450)) - Stopping block service RPC server
2022-03-08 02:53:34,519 [Time-limited test] INFO  server.SCMBlockProtocolServer (SCMBlockProtocolServer.java:stop(160)) - Stopping the RPC server for Block Protocol
2022-03-08 02:53:34,519 [Time-limited test] INFO  ipc.Server (Server.java:stop(3414)) - Stopping server on 40167
2022-03-08 02:53:34,519 [Time-limited test] INFO  server.StorageContainerManager (StorageContainerManager.java:stop(1457)) - Stopping the StorageContainerLocationProtocol RPC server
2022-03-08 02:53:34,519 [Time-limited test] INFO  server.SCMClientProtocolServer (SCMClientProtocolServer.java:stop(174)) - Stopping the RPC server for Client Protocol
2022-03-08 02:53:34,519 [Time-limited test] INFO  ipc.Server (Server.java:stop(3414)) - Stopping server on 43267
2022-03-08 02:53:34,519 [Time-limited test] INFO  server.StorageContainerManager (StorageContainerManager.java:stop(1464)) - Stopping Storage Container Manager HTTP server.
2022-03-08 02:53:34,519 [Time-limited test] INFO  server.StorageContainerManager (StorageContainerManager.java:stop(1475)) - Stopping Block Manager Service.
2022-03-08 02:53:34,520 [Time-limited test] INFO  utils.BackgroundService (BackgroundService.java:shutdown(132)) - Shutting down service SCMBlockDeletingService
2022-03-08 02:53:34,520 [Time-limited test] INFO  utils.BackgroundService (BackgroundService.java:shutdown(132)) - Shutting down service SCMBlockDeletingService
2022-03-08 02:53:34,520 [Time-limited test] INFO  server.StorageContainerManager (StorageContainerManager.java:stop(1502)) - Stopping SCM Event Queue.
2022-03-08 02:53:34,520 [Time-limited test] INFO  server.StorageContainerManager (StorageContainerManager.java:stop(1513)) - Stopping SCM HA services.
2022-03-08 02:53:34,520 [Time-limited test] INFO  ha.SCMRatisServerImpl (SCMRatisServerImpl.java:stop(236)) - stopping ratis server 0.0.0.0:9894
2022-03-08 02:53:34,520 [Time-limited test] WARN  pipeline.BackgroundPipelineCreator (BackgroundPipelineCreator.java:stop(154)) - RatisPipelineUtilsThread is not running, just ignore.
2022-03-08 02:53:34,520 [Time-limited test] INFO  server.StorageContainerManager (StorageContainerManager.java:stop(1523)) - Stopping SCM MetadataStore.
2022-03-08 02:53:34,520 [Time-limited test] INFO  impl.MetricsSystemImpl (MetricsSystemImpl.java:stop(210)) - Stopping HddsDatanode metrics system...
2022-03-08 02:53:34,521 [prometheus] INFO  impl.MetricsSinkAdapter (MetricsSinkAdapter.java:publishMetricsFromQueue(141)) - prometheus thread interrupted.
2022-03-08 02:53:34,523 [Time-limited test] INFO  impl.MetricsSystemImpl (MetricsSystemImpl.java:stop(216)) - HddsDatanode metrics system stopped.
]]></system-out>
  </testcase>
  <testcase name="testDatanodeIDPersistent" classname="org.apache.hadoop.ozone.TestMiniOzoneCluster" time="0.068"/>
  <testcase name="testContainerRandomPort" classname="org.apache.hadoop.ozone.TestMiniOzoneCluster" time="25.016"/>
</testsuite>